<?xml version="1.0"?>
<opencv_storage>
<r>7</r>
<L2_diff>9.9619919044016024e+02</L2_diff>
<test_img type_id="opencv-matrix">
  <rows>128</rows>
  <cols>256</cols>
  <dt>f</dt>
  <data>
    3.80943120e-01 8.08859408e-01 9.85922396e-01 8.98815274e-01
    7.61050344e-01 5.01780629e-01 5.19536138e-01 9.71699238e-01
    3.59523594e-02 9.89798248e-01 3.62082183e-01 9.92248058e-01
    3.37300539e-01 6.88213825e-01 2.88700819e-01 3.49134624e-01
    9.06993926e-01 2.27360010e-01 5.09753227e-01 5.95622957e-02
    9.46637154e-01 8.17607462e-01 2.61086285e-01 9.02166069e-02
    2.11038589e-01 7.85294414e-01 5.66756964e-01 5.90600669e-01
    4.95810270e-01 8.47391427e-01 5.29856443e-01 7.18632102e-01
    7.43185282e-01 7.39740133e-02 1.45128131e-01 1.09552354e-01
    2.09513187e-01 7.05409884e-01 8.19872975e-01 8.53317976e-01
    4.83779043e-01 7.65851974e-01 8.08919668e-01 2.03939110e-01
    3.48900944e-01 1.79041892e-01 7.32635975e-01 9.53773260e-01
    6.00125909e-01 8.17368746e-01 4.47539955e-01 2.61807561e-01
    2.41981506e-01 2.11062819e-01 1.61258757e-01 9.53466654e-01
    9.77771997e-01 1.04665011e-01 1.89492822e-01 4.45690542e-01
    5.11145651e-01 3.89198959e-01 7.71070600e-01 7.94956386e-01
    6.95819318e-01 9.43815470e-01 4.77713138e-01 8.28999996e-01
    3.55607688e-01 8.12777877e-01 9.12098587e-02 2.58470803e-01
    7.18824267e-01 5.77399969e-01 6.89876199e-01 8.60642195e-01
    9.34829891e-01 8.33549500e-02 7.30499625e-03 1.22641653e-01
    3.49765867e-01 5.02198935e-03 6.73465192e-01 6.21268511e-01
    9.50430155e-01 3.11984837e-01 1.93096250e-01 5.78017890e-01
    6.74790263e-01 9.87078905e-01 4.41640913e-01 6.90999985e-01
    6.49067223e-01 6.59813046e-01 9.94301438e-01 5.24915636e-01
    7.80575156e-01 7.70366788e-02 8.06773305e-02 9.57695425e-01
    8.17342281e-01 6.46364570e-01 8.44999492e-01 7.74419725e-01
    8.82115006e-01 3.61179352e-01 2.23947763e-02 5.42902589e-01
    8.69298875e-01 6.69285059e-01 7.09112644e-01 6.73927009e-01
    3.84589493e-01 2.83743501e-01 3.84939939e-01 1.83299065e-01
    1.56925291e-01 7.82538593e-01 4.67721164e-01 1.28202498e-01
    4.29954827e-02 1.05836719e-01 4.89469260e-01 8.65755677e-01
    8.65394354e-01 3.99727106e-01 9.88801479e-01 2.03363210e-01
    1.02918953e-01 4.93000627e-01 2.27160603e-01 5.02952337e-01
    3.93295228e-01 1.98438495e-01 4.18064594e-01 8.18018019e-02
    6.91864789e-01 8.01914752e-01 9.43934560e-01 8.20029080e-02
    9.22458053e-01 4.12133694e-01 2.49421149e-01 4.51915234e-01
    3.95862639e-01 6.36673450e-01 3.86678576e-02 6.90576375e-01
    4.40290064e-01 8.99174094e-01 6.28133893e-01 6.18812859e-01
    9.48598325e-01 1.80985898e-01 1.00890398e-01 7.87378311e-01
    6.77677631e-01 8.19948554e-01 7.84179926e-01 4.40905750e-01
    8.07137847e-01 8.91119301e-01 6.67444289e-01 2.16643900e-01
    9.37912166e-02 7.75902987e-01 1.92907721e-01 7.01297522e-01
    8.46223712e-01 2.31336087e-01 8.59928131e-01 9.98980761e-01
    4.73667651e-01 4.38899100e-01 6.08958542e-01 6.30232692e-02
    8.03910732e-01 8.23743761e-01 3.27829361e-01 3.39286894e-01
    6.03883266e-01 7.91298151e-02 5.96687555e-01 4.77719843e-01
    2.57762194e-01 9.58132625e-01 8.35709333e-01 4.38575149e-02
    2.10037231e-02 9.95886862e-01 4.37142193e-01 8.31844151e-01
    9.52664137e-01 8.44502926e-01 3.07424724e-01 7.03704357e-01
    2.87631154e-03 4.27614212e-01 5.93379736e-01 1.26796573e-01
    4.20651555e-01 1.08161122e-01 5.55140376e-01 1.18845493e-01
    1.08423501e-01 5.21027148e-01 2.46118098e-01 7.65230894e-01
    1.78973973e-02 6.38133049e-01 7.24406719e-01 6.44289970e-01
    4.35397089e-01 6.87400520e-01 2.13082343e-01 9.67346132e-02
    8.88347626e-04 2.62616187e-01 1.91330910e-04 8.69098842e-01
    4.53287303e-01 7.09010541e-01 9.87391591e-01 4.42763686e-01
    3.86981964e-02 3.82720381e-01 6.62227213e-01 8.41354847e-01
    1.26210302e-01 4.00366843e-01 5.13943732e-01 8.81828785e-01
    6.53966188e-01 3.85918260e-01 7.59172201e-01 5.67696691e-02
    6.41784668e-02 6.93423152e-02 6.36933923e-01 5.78047812e-01
    9.47970629e-01 2.17876852e-01 5.03181398e-01 2.63288319e-01
    7.26473451e-01 6.77499056e-01 5.74351549e-01 7.16118157e-01
    1.85610324e-01 8.82123232e-01 5.37730455e-01 1.17167711e-01
    5.95130324e-01 8.87416482e-01 4.63055372e-02 9.39902902e-01
    6.87149882e-01 7.61015177e-01 2.07591474e-01 4.56176698e-01
    5.72198927e-01 7.01051295e-01 5.40278256e-01 9.99558091e-01
    4.89004493e-01 3.26890051e-02 4.82934058e-01 7.38373399e-01
    2.06627846e-01 1.17240846e-02 4.94011790e-01 3.90245676e-01
    7.94520259e-01 8.12968969e-01 9.46679592e-01 8.40931296e-01
    9.50774074e-01 4.49916184e-01 8.36716771e-01 5.10271668e-01
    2.25609809e-01 7.88600445e-01 9.93674338e-01 4.51214761e-01
    3.24580997e-01 6.05577707e-01 7.01627433e-01 1.17618740e-02
    2.88680643e-01 4.23976809e-01 9.87445116e-01 4.79995757e-01
    7.56080627e-01 5.55977821e-01 2.96094298e-01 3.64238709e-01
    3.98021221e-01 3.81133527e-01 2.96199888e-01 8.55833888e-01
    7.87580609e-02 4.37986046e-01 6.81674361e-01 7.79549956e-01
    8.45091343e-02 5.41193366e-01 1.52609348e-01 4.81293201e-01
    7.47524738e-01 2.00562507e-01 6.79343760e-01 8.26403081e-01
    2.29073793e-01 6.61106288e-01 1.87165737e-02 5.86862504e-01
    5.64316630e-01 3.79612237e-01 6.84494078e-01 6.54267192e-01
    7.47045577e-01 8.26192498e-02 9.71556306e-01 7.02140212e-01
    5.14185011e-01 4.51087296e-01 7.80350924e-01 6.34689093e-01
    3.29343796e-01 3.33888233e-01 6.34795487e-01 5.68437934e-01
    7.61972845e-01 5.41826904e-01 7.56160378e-01 8.50147843e-01
    3.38555157e-01 5.09816408e-01 2.06030846e-01 2.61936426e-01
    4.19903338e-01 2.97666311e-01 3.22732389e-01 2.92817116e-01
    5.04171550e-01 3.68628174e-01 5.48361361e-01 8.52925897e-01
    2.31424123e-01 8.83793771e-01 5.10039330e-01 9.85304117e-01
    2.02730268e-01 7.22494006e-01 3.69399965e-01 3.26550871e-01
    8.65029573e-01 5.59398115e-01 1.43479943e-01 6.24051869e-01
    2.97837675e-01 5.37058234e-01 6.68759108e-01 6.99069381e-01
    5.18513083e-01 9.38263595e-01 2.14073956e-02 7.13369250e-02
    8.70001435e-01 5.50039113e-01 4.48349118e-02 1.49912894e-01
    1.14376873e-01 9.17225480e-01 1.59010053e-01 6.99928224e-01
    7.07599521e-01 1.27105832e-01 8.03816795e-01 4.42469031e-01
    1.29695863e-01 4.55436051e-01 9.04633999e-02 3.64267290e-01
    9.24530804e-01 4.84998524e-01 8.29176903e-01 9.80331182e-01
    3.96567702e-01 8.56252670e-01 9.21767354e-02 1.28083467e-01
    7.27181435e-01 7.19975710e-01 9.56482589e-01 8.07368040e-01
    2.78736681e-01 1.87733889e-01 4.88443583e-01 4.01845217e-01
    2.11183339e-01 3.35580796e-01 8.18335116e-01 6.72356486e-02
    1.98021799e-01 2.48977989e-01 1.18331432e-01 9.48157787e-01
    9.48847771e-01 5.78398049e-01 7.82875896e-01 7.67434835e-01
    2.54178137e-01 5.35804451e-01 5.59454203e-01 7.86208093e-01
    3.18013251e-01 4.17195857e-02 3.00256133e-01 9.65150476e-01
    5.24242461e-01 5.73028684e-01 2.50495017e-01 2.16745943e-01
    6.20121002e-01 2.21053272e-01 9.08679366e-02 9.67001796e-01
    4.78537917e-01 3.27465832e-01 1.01437271e-01 3.80976796e-02
    8.26040328e-01 7.12369502e-01 6.94751740e-01 4.34471846e-01
    2.57296264e-01 5.39587736e-01 3.68536115e-01 2.76630342e-01
    3.18516672e-01 9.73202765e-01 1.89095795e-01 2.34177113e-01
    9.17064428e-01 4.88826185e-01 3.02335024e-01 4.56911325e-01
    6.35540187e-01 5.40067077e-01 9.11226749e-01 3.51727724e-01
    4.40918475e-01 4.33806300e-01 2.22479165e-01 7.84420848e-01
    2.84455031e-01 6.47795260e-01 9.51642394e-01 3.73111546e-01
    6.68408513e-01 3.70606631e-01 9.52053070e-02 4.09584105e-01
    2.37644166e-01 3.61637861e-01 8.25429559e-01 7.30514407e-01
    9.18333232e-02 8.24484527e-01 4.46540326e-01 3.22426856e-01
    2.14672089e-03 3.41478586e-01 3.59943390e-01 6.75691605e-01
    3.62070203e-01 3.45017850e-01 9.71040249e-01 2.52025515e-01
    8.43952417e-01 7.78150797e-01 1.50604486e-01 1.79584652e-01
    5.04379332e-01 1.03569686e-01 3.12943667e-01 1.67009145e-01
    4.68721688e-02 7.64143825e-01 2.47574627e-01 5.46506643e-02
    9.64589298e-01 4.47376043e-01 3.53353918e-02 6.13864422e-01
    9.92138386e-01 6.24259055e-01 4.90827352e-01 9.25833821e-01
    1.94392055e-01 5.58816254e-01 2.81955302e-01 1.58636421e-01
    8.79981399e-01 6.17138207e-01 8.48419011e-01 7.50803232e-01
    2.72368014e-01 5.78540683e-01 2.79500961e-01 4.87506181e-01
    3.47632736e-01 2.23722309e-01 3.89308989e-01 3.88086349e-01
    3.10863495e-01 8.18279028e-01 7.44833589e-01 5.23843408e-01
    3.11692178e-01 3.44543099e-01 8.41484189e-01 3.30899179e-01
    6.04316294e-01 4.01593029e-01 2.80972660e-01 9.28133070e-01
    3.86084020e-01 6.13779545e-01 5.61764598e-01 7.39503384e-01
    7.58596063e-02 7.90883720e-01 6.70868874e-01 5.05704820e-01
    4.24987078e-03 5.33650458e-01 3.43808532e-02 7.30623484e-01
    3.79926592e-01 3.50294888e-01 9.04011250e-01 1.62151903e-01
    7.33579099e-02 1.21441096e-01 9.41942692e-01 1.10790581e-01
    4.24937099e-01 8.27137947e-01 5.19631028e-01 9.58166838e-01
    2.18237698e-01 4.22685653e-01 3.00358325e-01 4.00388062e-01
    7.40005493e-01 4.09158587e-01 8.47003222e-01 4.30622846e-01
    7.03916490e-01 5.90680540e-01 7.54585028e-01 6.12760663e-01
    4.17041242e-01 4.13142979e-01 8.20266724e-01 6.12688065e-02
    1.79932177e-01 8.65856767e-01 3.51839602e-01 8.19668889e-01
    8.90743852e-01 5.04445672e-01 7.66959190e-02 4.04728711e-01
    7.74061322e-01 1.52724981e-03 9.06215489e-01 2.01039523e-01
    6.58703327e-01 3.41742814e-01 7.22284436e-01 8.02007139e-01
    6.32906854e-02 5.65962613e-01 8.77380371e-01 2.42602527e-01
    9.35911894e-01 1.04900211e-01 8.03752661e-01 3.33490968e-03
    2.18694210e-02 7.15542376e-01 4.83725607e-01 8.37428868e-01
    3.79431397e-01 1.69442415e-01 2.12682635e-01 3.67538184e-01
    1.01035953e-01 7.45183825e-02 1.40175343e-01 3.49141032e-01
    4.69344944e-01 5.10847032e-01 5.78145862e-01 3.14896762e-01
    6.58881247e-01 9.80274379e-01 3.83691907e-01 5.01948595e-01
    5.71289062e-01 6.00718856e-01 1.30112767e-02 1.50346547e-01
    4.43267733e-01 8.87753665e-01 1.73037171e-01 7.90067971e-01
    6.17574155e-01 6.20148480e-01 3.89567852e-01 2.13059694e-01
    9.30013537e-01 3.42415899e-01 6.70114934e-01 7.80486703e-01
    9.78038251e-01 3.53704154e-01 4.16156322e-01 6.41895056e-01
    7.02719450e-01 7.23731637e-01 6.96467280e-01 1.91987157e-01
    3.67568463e-01 2.27683485e-01 6.77581072e-01 1.25539184e-01
    6.05313361e-01 5.93235612e-01 7.36377656e-01 5.46531022e-01
    6.62050366e-01 7.82900631e-01 5.46720624e-01 9.79175329e-01
    8.10091376e-01 3.44702601e-01 9.76913333e-01 7.29840875e-01
    2.05753237e-01 8.01593900e-01 3.96378934e-02 1.64413691e-01
    7.95979738e-01 4.53852117e-01 1.83691800e-01 7.54106045e-01
    4.92867857e-01 8.64991724e-01 1.31470680e-01 9.18036580e-01
    6.70807183e-01 3.27584356e-01 1.67170256e-01 4.57756400e-01
    5.93436956e-01 4.92732137e-01 3.52859497e-03 2.82990038e-01
    5.55181026e-01 2.76766002e-01 8.37768555e-01 2.49158472e-01
    6.12476468e-02 6.96072936e-01 6.37371242e-01 4.36137766e-01
    8.77581894e-01 2.48338878e-02 1.39080405e-01 8.29351187e-01
    2.79083848e-01 2.63045549e-01 4.67709124e-01 1.21709794e-01
    8.00752282e-01 8.93141508e-01 8.20492744e-01 5.44261336e-02
    5.18369496e-01 5.89180470e-01 3.12453091e-01 3.60511124e-01
    3.60064268e-01 4.43342894e-01 7.80526698e-02 1.22411370e-01
    9.94122922e-02 1.42994821e-02 8.71177614e-02 6.55755758e-01
    3.70327592e-01 1.32266164e-01 3.67239118e-01 2.98661292e-02
    3.79244089e-02 1.51364535e-01 9.17631626e-01 2.17692643e-01
    3.10510963e-01 5.28587162e-01 4.52926755e-01 1.91743284e-01
    7.53523827e-01 4.43795443e-01 3.99635017e-01 3.33124995e-01
    8.17870557e-01 7.16940403e-01 7.40590274e-01 3.16847861e-02
    4.72107530e-01 5.62705159e-01 1.13986850e-01 8.41384232e-02
    6.42149746e-01 7.56830812e-01 4.62333947e-01 9.16468263e-01
    4.20675576e-02 9.73753810e-01 6.33250713e-01 5.27829468e-01
    9.04319882e-02 1.91584915e-01 9.09844339e-02 7.30918229e-01
    8.40705872e-01 9.08559561e-01 1.19732261e-01 1.93356454e-01
    4.61813211e-01 5.32664120e-01 7.80668378e-01 4.58513141e-01
    7.22445011e-01 2.32894003e-01 1.22904778e-03 4.91991490e-01
    1.14571750e-01 5.51119566e-01 9.17377234e-01 4.65956360e-01
    5.00891209e-01 9.61272776e-01 1.61386877e-01 8.45931709e-01
    7.85901546e-01 3.15556258e-01 8.48887205e-01 1.51097357e-01
    6.64696991e-01 4.65636730e-01 2.31301636e-01 9.21621859e-01
    9.25446451e-02 6.25310779e-01 7.60185599e-01 4.04329419e-01
    7.00901926e-01 3.35024655e-01 1.67168677e-01 9.03439760e-01
    8.59978616e-01 5.86120725e-01 6.62418187e-01 9.10665333e-01
    1.60069734e-01 8.59588861e-01 7.85483420e-02 3.04787248e-01
    5.66330373e-01 1.52339339e-02 2.44954288e-01 8.44348788e-01
    8.24836433e-01 5.52798688e-01 2.22084761e-01 2.26539254e-01
    4.45664316e-01 6.00885153e-01 3.14034462e-01 2.15157270e-01
    1.42770648e-01 2.78334230e-01 1.39157772e-01 9.50277746e-01
    7.78473020e-01 9.52896237e-01 3.23201507e-01 7.03758836e-01
    7.24794209e-01 2.95629412e-01 9.37997282e-01 4.15436059e-01
    2.40931451e-01 7.25973547e-01 2.63509631e-01 8.15901399e-01
    8.53937685e-01 6.46396279e-01 5.46430945e-01 5.43895662e-01
    2.04992563e-01 8.99348855e-01 3.50778997e-01 6.05317473e-01
    3.19020629e-01 8.80770087e-01 9.66457129e-01 7.46795237e-01
    9.30357635e-01 9.20732379e-01 3.08614999e-01 2.04533815e-01
    3.71911764e-01 7.80425847e-01 6.76222444e-01 3.11641693e-02
    1.89304501e-01 5.53053081e-01 1.39528275e-01 2.08015829e-01
    7.38300145e-01 8.19235206e-01 7.53668785e-01 2.83453673e-01
    8.55210662e-01 5.97403288e-01 2.27134556e-01 2.78356373e-01
    8.10532033e-01 8.41509104e-02 4.33104306e-01 4.34728861e-02
    8.95641863e-01 5.35096467e-01 8.55823755e-01 3.65650743e-01
    9.44711208e-01 8.61478686e-01 4.37443435e-01 1.56903028e-01
    7.93465555e-01 6.60701990e-02 9.98267770e-01 6.10314608e-01
    5.61874330e-01 1.82541877e-01 3.64006460e-01 1.90993220e-01
    5.64139783e-01 9.26501632e-01 2.82114774e-01 1.33688182e-01
    7.89055228e-01 2.50223696e-01 1.47395670e-01 7.70866871e-03
    6.95700109e-01 3.91763270e-01 9.86931443e-01 5.27258098e-01
    2.84537256e-01 4.55331236e-01 2.51909673e-01 8.82682145e-01
    7.86798239e-01 2.63078272e-01 5.62732041e-01 6.10742331e-01
    8.92199397e-01 8.69970024e-02 2.53753126e-01 6.62539482e-01
    9.48325753e-01 8.68651628e-01 2.60205597e-01 1.66009307e-01
    9.38566923e-01 4.96317565e-01 3.99941146e-01 2.95810163e-01
    4.85709429e-01 2.82128096e-01 5.89708924e-01 3.18045080e-01
    1.96693242e-01 7.11274981e-01 5.29120266e-01 7.21196353e-01
    7.12122738e-01 6.92890882e-01 2.68278718e-02 9.02511179e-02
    7.41493702e-01 4.92241055e-01 9.15802479e-01 4.13777500e-01
    9.38325524e-01 2.70916045e-01 6.82120740e-01 8.99512410e-01
    6.68115973e-01 3.61344069e-01 1.32433623e-01 2.47610271e-01
    5.69070101e-01 4.26611304e-03 7.02053130e-01 2.80241251e-01
    6.46975100e-01 6.60959482e-01 2.72774398e-01 5.71228564e-01
    3.95226061e-01 7.24343479e-01 9.42799926e-01 6.63217366e-01
    7.77864814e-01 6.02653563e-01 1.01796895e-01 7.77276874e-01
    2.89171934e-01 5.02434969e-02 4.27507311e-01 9.53482032e-01
    7.23027110e-01 3.98346484e-01 9.12028432e-01 9.28391993e-01
    9.87679005e-01 4.54566687e-01 3.27480853e-01 5.95774591e-01
    4.54775661e-01 4.15184885e-01 7.27741361e-01 6.65656447e-01
    6.31778121e-01 5.35177588e-02 7.15222001e-01 9.11603212e-01
    3.97216082e-01 1.75862312e-01 3.86087686e-01 4.13487345e-01
    2.06143498e-01 4.46741939e-01 5.17818451e-01 2.86330640e-01
    7.46457279e-01 3.20386350e-01 5.14028013e-01 7.07716405e-01
    9.22797322e-01 1.45439535e-01 1.50472492e-01 3.21886837e-02
    3.35276484e-01 4.37708437e-01 7.40577579e-01 2.95599520e-01
    7.20182300e-01 5.24803340e-01 2.69931078e-01 1.52809918e-01
    9.55382586e-01 7.64953494e-01 4.47026134e-01 8.23885083e-01
    1.41971886e-01 9.25120354e-01 5.15191078e-01 2.30462104e-01
    9.67866778e-01 8.27558756e-01 1.70802355e-01 5.76852679e-01
    7.70781755e-01 6.55295372e-01 3.79112184e-01 5.52755296e-01
    8.05320263e-01 4.92188632e-02 4.13620949e-01 6.43077493e-01
    7.77760148e-01 7.88802981e-01 4.39208478e-01 9.26430821e-01
    6.68325424e-02 6.61612988e-01 5.72848201e-01 8.18900466e-01
    9.52888846e-01 3.86843801e-01 4.02043939e-01 6.56564593e-01
    4.32177573e-01 8.06255579e-01 4.73224103e-01 4.85671431e-01
    4.54589516e-01 9.86722112e-02 9.80306625e-01 5.49800575e-01
    8.42381001e-01 5.54952323e-02 4.33525383e-01 3.09813350e-01
    4.19050157e-02 1.37112379e-01 6.67394876e-01 6.95394874e-02
    6.01939261e-01 6.35153770e-01 1.81823254e-01 9.72477019e-01
    2.48088777e-01 9.74646270e-01 3.13707590e-01 4.72374380e-01
    9.30794477e-02 5.50678074e-01 3.70408237e-01 3.42717648e-01
    2.02970296e-01 4.47495788e-01 1.89399272e-01 3.75460267e-01
    2.25563347e-01 8.29493642e-01 5.66783011e-01 5.01468480e-02
    1.12407058e-01 5.46931922e-01 3.90751362e-01 9.48994219e-01
    9.76642907e-01 6.89839005e-01 2.58439153e-01 6.69674277e-01
    9.43558574e-01 8.20713758e-01 5.85924506e-01 3.27097028e-01
    4.24392343e-01 3.53465855e-01 3.18682969e-01 9.86030459e-01
    3.59565705e-01 1.71495467e-01 2.45966852e-01 2.18862891e-01
    7.99977541e-01 1.98718041e-01 4.43116277e-01 1.32499158e-01
    6.58079207e-01 9.99357104e-01 9.89466190e-01 3.46626908e-01
    2.55546391e-01 7.20712602e-01 3.50064039e-02 9.20484900e-01
    1.40959978e-01 1.57407045e-01 2.83169299e-01 8.32580686e-01
    7.92367280e-01 8.66987407e-01 3.67983997e-01 7.87719369e-01
    8.51426959e-01 5.44434071e-01 3.02783370e-01 2.68603742e-01
    1.42985195e-01 1.58275306e-01 6.30532146e-01 8.98498297e-01
    8.67863119e-01 4.34477955e-01 5.60408592e-01 5.21032810e-01
    2.38506049e-01 3.51661980e-01 3.47849071e-01 9.25630450e-01
    5.36437392e-01 9.81950641e-01 6.91037834e-01 3.14659148e-01
    4.79845226e-01 5.66682577e-01 6.15846455e-01 9.32970107e-01
    9.54019070e-01 2.83338666e-01 2.04863250e-01 5.87503672e-01
    8.40442300e-01 9.45165515e-01 4.20205176e-01 1.63529068e-01
    4.86663252e-01 6.64971232e-01 5.37633181e-01 4.83511835e-01
    6.89593852e-01 8.39264512e-01 7.36097574e-01 1.81640089e-02
    5.40571988e-01 8.36783886e-01 3.79805267e-02 5.68061829e-01
    2.20521569e-01 5.22546947e-01 8.64053965e-02 7.77395606e-01
    9.84524667e-01 4.10048723e-01 4.83571649e-01 3.10669541e-01
    8.51852000e-02 5.45172870e-01 8.33277225e-01 5.85682750e-01
    1.43717825e-01 3.57103586e-01 2.60468841e-01 3.97020578e-03
    2.90409446e-01 9.53531027e-01 3.60954165e-01 7.29598701e-01
    6.21087968e-01 4.74646688e-03 2.62819260e-01 1.09527647e-01
    9.03361380e-01 8.07204962e-01 3.27798307e-01 5.60652614e-01
    8.71388555e-01 5.87466180e-01 1.03313953e-01 5.31603098e-01
    7.24170983e-01 7.16918945e-01 5.38883984e-01 9.50063944e-01
    9.16232407e-01 7.40840971e-01 4.38781947e-01 3.50558400e-01
    7.41767406e-01 1.10063612e-01 1.66775554e-01 4.55990732e-01
    1.54535085e-01 8.42227697e-01 1.69344187e-01 3.65549803e-01
    3.25406998e-01 2.85702080e-01 7.45865464e-01 1.54231399e-01
    5.45071065e-01 2.01594204e-01 7.02007174e-01 6.90631628e-01
    5.51444054e-01 5.26940882e-01 8.97296011e-01 8.70055377e-01
    1.00369543e-01 4.56756085e-01 3.12297583e-01 3.81486356e-01
    9.69899297e-01 4.85720336e-01 4.92446393e-01 3.05493057e-01
    1.94548637e-01 1.74580634e-01 2.11179644e-01 3.62356603e-02
    3.30025136e-01 4.79468703e-03 2.00804263e-01 8.21557164e-01
    4.79680002e-02 8.88050437e-01 8.91386867e-01 6.36272609e-01
    1.05914891e-01 6.77562237e-01 6.97880089e-02 7.28160024e-01
    8.68723750e-01 8.77049565e-03 4.15087432e-01 2.49143273e-01
    6.04284167e-01 8.93518925e-01 3.74439448e-01 1.21546149e-01
    8.50974679e-01 6.48659945e-01 5.70823014e-01 7.78986931e-01
    7.38446414e-01 2.67379969e-01 8.35813046e-01 7.55761147e-01
    7.68546760e-02 5.39940834e-01 1.89746410e-01 1.21416807e-01
    2.17016309e-01 8.53200853e-02 8.14009070e-01 8.76770675e-01
    5.17955542e-01 2.85607457e-01 5.55535734e-01 2.94604421e-01
    4.41387534e-01 5.71915507e-01 2.97484368e-01 2.91920662e-01
    4.98325735e-01 1.07008606e-01 9.71119404e-01 6.58254385e-01
    1.28565222e-01 8.15132976e-01 2.12857902e-01 6.52119339e-01
    8.77690315e-01 5.64471543e-01 3.67301106e-01 4.42004800e-01
    6.27460778e-01 7.63296843e-01 6.77790761e-01 5.71796656e-01
    4.33690012e-01 5.75600743e-01 2.05860972e-01 4.59191799e-02
    4.53006595e-01 2.39797860e-01 1.73217714e-01 7.33217478e-01
    4.93330419e-01 2.61276662e-01 3.80420029e-01 2.68914461e-01
    3.47688556e-01 5.01460314e-01 4.29706156e-01 3.60546708e-01
    6.87607706e-01 1.47136122e-01 8.71960998e-01 5.78911304e-01
    7.72779822e-01 8.70967329e-01 8.81364405e-01 6.71631396e-01
    3.23573172e-01 7.35171556e-01 5.73917449e-01 2.53096044e-01
    5.96797585e-01 6.94234848e-01 4.82470393e-01 4.10932243e-01
    7.30326951e-01 9.07696962e-01 3.43186140e-01 2.32133210e-01
    5.37445664e-01 9.76758838e-01 1.53621942e-01 6.73746884e-01
    3.42786193e-01 7.87256598e-01 6.63629413e-01 2.93219179e-01
    9.30909872e-01 6.33755267e-01 5.53169966e-01 6.09718800e-01
    4.98311788e-01 8.99580002e-01 6.03008628e-01 2.04613090e-01
    1.24744922e-01 9.00006771e-01 3.97811413e-01 6.05744779e-01
    6.28331423e-01 9.59696412e-01 6.90724015e-01 5.88359356e-01
    5.03857076e-01 5.65299869e-01 9.13776994e-01 3.82173657e-02
    1.67277873e-01 4.39230382e-01 7.10225105e-01 7.79542446e-01
    8.55407417e-01 3.59225512e-01 7.46631861e-01 7.14864552e-01
    7.27028608e-01 5.75925529e-01 6.58826411e-01 4.98730838e-01
    4.00804371e-01 6.91982567e-01 2.27256209e-01 5.68825006e-03
    2.82977223e-01 5.67808986e-01 1.51454568e-01 2.26791620e-01
    4.64054585e-01 1.09893769e-01 4.37302172e-01 9.07136321e-01
    6.89039946e-01 3.77573222e-01 1.84325010e-01 4.12319601e-01
    2.38825113e-01 6.13723516e-01 7.59809613e-01 4.09450293e-01
    2.82186329e-01 8.52441549e-01 6.31858826e-01 9.74291861e-01
    6.69657350e-01 5.93807101e-01 2.22281218e-02 3.75487655e-01
    9.30120587e-01 1.54118836e-02 1.26517981e-01 3.41259122e-01
    8.89911294e-01 3.38935196e-01 7.29210556e-01 2.56761700e-01
    6.63450897e-01 3.51993829e-01 3.30857307e-01 3.44107151e-02
    7.35083222e-03 6.07751012e-02 8.74710917e-01 5.16698897e-01
    9.36592221e-01 5.97016871e-01 4.18170214e-01 3.74388486e-01
    8.06932330e-01 4.77701515e-01 7.77354956e-01 8.31162930e-01
    1.28196120e-01 1.14347190e-01 7.69922137e-01 7.16196299e-02
    2.91034997e-01 7.54382908e-01 7.80590296e-01 4.03863847e-01
    3.42516005e-01 2.25086540e-01 9.92775321e-01 4.61425602e-01
    9.50414836e-01 1.59780383e-01 3.52732629e-01 8.76916945e-02
    7.17917502e-01 8.06082726e-01 7.55139053e-01 3.37411791e-01
    8.24934006e-01 6.94706380e-01 9.95784998e-01 9.37563062e-01
    5.93702793e-01 7.58011401e-01 6.38074040e-01 3.99365067e-01
    6.96005046e-01 8.83963108e-01 7.10423887e-01 4.90180552e-01
    8.83840144e-01 7.59681404e-01 8.01895380e-01 4.12277520e-01
    4.53882337e-01 4.69125986e-01 3.07450593e-01 3.77626687e-01
    8.25097501e-01 5.79011440e-01 4.33804810e-01 7.42307067e-01
    5.51243007e-01 9.85548437e-01 7.80430555e-01 6.49704278e-01
    3.92011821e-01 2.13442862e-01 9.31450129e-01 8.46472442e-01
    2.27521628e-01 7.10799098e-01 7.33059049e-02 1.63231015e-01
    6.15335107e-02 9.52146947e-02 7.87056088e-02 7.18517542e-01
    1.68024957e-01 3.51526439e-02 1.85478806e-01 8.20855856e-01
    9.57340598e-01 7.52718568e-01 6.47435665e-01 3.92985255e-01
    4.55604702e-01 4.57503229e-01 6.26620591e-01 5.97285032e-01
    5.43230891e-01 8.01803470e-02 9.09846902e-01 5.76920211e-01
    9.88914967e-01 7.22194076e-01 3.34333211e-01 9.35918808e-01
    1.58291459e-01 1.65424943e-02 4.94818300e-01 9.51030493e-01
    1.60102755e-01 1.31112844e-01 1.91653281e-01 7.10038245e-01
    1.20203972e-01 9.09715891e-02 2.42930949e-01 6.89328671e-01
    1.28102601e-02 9.76763070e-02 6.85923040e-01 4.63663518e-01
    8.95803750e-01 1.64437652e-01 7.69070804e-01 3.06999385e-02
    8.68627787e-01 5.31651080e-02 7.76801646e-01 4.79958266e-01
    2.32919246e-01 8.09153259e-01 5.94762087e-01 9.05111432e-03
    9.94066179e-01 4.18033659e-01 5.26719332e-01 6.92811608e-01
    2.55214036e-01 2.89991319e-01 5.20873964e-01 5.32334208e-01
    1.20100379e-02 1.17303491e-01 9.16127920e-01 3.94597143e-01
    3.03708613e-02 2.66496480e-01 9.31717157e-01 4.09094542e-01
    1.63069963e-01 3.28252167e-01 2.65476555e-01 5.69898188e-02
    6.58798337e-01 4.90695089e-01 1.04353726e-02 5.74380577e-01
    1.34726912e-01 3.27145875e-01 5.65349519e-01 5.09490013e-01
    1.77101135e-01 3.22902083e-01 4.41688061e-01 9.63697910e-01
    4.25056815e-02 4.62480426e-01 2.88352311e-01 4.76183981e-01
    4.33069438e-01 4.83212709e-01 1.16210580e-02 6.85520649e-01
    7.68804908e-01 1.81560725e-01 5.27343035e-01 8.85722518e-01
    5.01006782e-01 2.28087336e-01 7.27639675e-01 9.15399373e-01
    5.14288366e-01 1.23359561e-01 1.79976910e-01 6.62746012e-01
    2.21667796e-01 8.18272114e-01 7.53130496e-01 4.34615433e-01
    9.45684612e-01 3.22795063e-01 7.63026059e-01 6.94686651e-01
    9.46889520e-01 5.49327195e-01 3.00384015e-01 1.49418771e-01
    8.38148952e-01 5.80820560e-01 2.96816438e-01 6.69587970e-01
    3.59269947e-01 2.48793662e-01 4.64822471e-01 3.57783675e-01
    4.73413765e-02 6.44841492e-02 6.00108445e-01 7.98427582e-01
    9.94949579e-01 5.98437190e-02 9.99463499e-01 9.26630557e-01
    7.89272785e-01 6.91106498e-01 3.35783064e-01 8.01719189e-01
    2.35689104e-01 6.59730017e-01 4.04458940e-02 1.35808051e-01
    9.01878476e-01 7.56913424e-01 8.98019552e-01 1.53494477e-02
    6.08055890e-01 1.94569618e-01 6.55211866e-01 7.75045693e-01
    1.38108432e-02 2.69786954e-01 7.37839639e-01 3.04454982e-01
    6.86838925e-01 5.14172196e-01 2.29460955e-01 3.74896049e-01
    6.79400146e-01 1.67854071e-01 5.68691492e-01 1.09229475e-01
    6.46976113e-01 2.50836790e-01 1.77796841e-01 1.78480059e-01
    1.57109797e-01 1.49525553e-01 6.48239493e-01 4.96496111e-01
    1.82475328e-01 8.79946113e-01 2.22447515e-03 3.06752086e-01
    5.92333972e-02 8.88203621e-01 7.91496575e-01 9.37195182e-01
    8.75690281e-02 1.98853046e-01 9.11308408e-01 8.73585463e-01
    6.06255651e-01 7.08210289e-01 6.07751727e-01 7.93883920e-01
    5.62986791e-01 8.10386837e-01 4.43860292e-02 9.02691603e-01
    3.74077141e-01 8.22059691e-01 1.10581130e-01 8.91054869e-01
    1.49983913e-01 5.02714038e-01 6.20258749e-02 1.00354463e-01
    3.62918109e-01 5.45123696e-01 4.65776831e-01 8.38277221e-01
    3.40477109e-01 1.26095057e-01 2.89582670e-01 4.53959197e-01
    8.18447351e-01 9.33648825e-01 3.26074213e-01 4.05457526e-01
    4.22579110e-01 4.64740306e-01 8.40134859e-01 5.93530715e-01
    9.20848131e-01 9.23016429e-01 3.10385168e-01 7.02168465e-01
    1.17326617e-01 3.53285342e-01 5.77598214e-02 5.41210175e-03
    3.60485226e-01 3.55496705e-01 6.53786063e-01 5.52751720e-01
    1.84427649e-01 5.95887065e-01 5.78911960e-01 5.03269434e-01
    5.06954253e-01 4.28390205e-02 9.93271649e-01 9.08885717e-01
    6.43906116e-01 1.58102930e-01 7.99791455e-01 2.67839789e-01
    3.77590418e-01 1.78962082e-01 2.77304709e-01 6.58401847e-01
    1.22631490e-01 2.49023646e-01 7.10628211e-01 2.96898186e-02
    9.55424786e-01 1.98818535e-01 2.98759282e-01 5.30119896e-01
    9.65961516e-01 6.66325331e-01 6.39799833e-01 8.03099215e-01
    2.97330439e-01 8.62295270e-01 8.43618333e-01 9.95007336e-01
    3.34370494e-01 5.01335919e-01 9.70726252e-01 6.88205242e-01
    3.39345723e-01 8.53587210e-01 2.54765153e-02 5.78574538e-01
    4.97342259e-01 8.60725045e-02 3.03177297e-01 4.86270666e-01
    5.56604564e-01 1.45764470e-01 8.24486017e-01 9.62175369e-01
    8.99290681e-01 3.89631152e-01 2.57858157e-01 5.76604724e-01
    9.69288111e-01 6.41422927e-01 5.05254209e-01 6.85136020e-01
    2.39327580e-01 6.13437772e-01 5.62395811e-01 2.69439936e-01
    7.64245987e-02 7.45922923e-01 5.19344151e-01 6.10283196e-01
    4.64862585e-03 3.52544367e-01 5.86688817e-02 7.76461959e-01
    1.85284019e-02 9.17662621e-01 8.50807667e-01 8.42196584e-01
    9.52122450e-01 7.96295643e-01 6.74105763e-01 4.61720675e-01
    5.02632320e-01 1.70458913e-01 8.65446687e-01 2.41105974e-01
    4.54528928e-01 7.77388453e-01 1.78001702e-01 1.30646288e-01
    5.64994454e-01 4.86903697e-01 7.11683691e-01 7.25304544e-01
    7.23664999e-01 4.69385833e-01 6.09237134e-01 3.39636505e-01
    5.07861853e-01 4.41533238e-01 5.05300105e-01 5.13856113e-01
    3.38062644e-01 1.01406276e-01 5.38724840e-01 5.81709623e-01
    7.98278213e-01 4.52119112e-01 8.60885501e-01 8.55710745e-01
    9.53352213e-01 6.07042074e-01 8.94125462e-01 8.53835583e-01
    5.42658210e-01 6.76896811e-01 6.84369564e-01 2.09914476e-01
    1.10505104e-01 8.72992575e-01 1.47370368e-01 1.99146628e-01
    9.39855278e-02 8.89891863e-01 4.99058455e-01 6.46134555e-01
    9.99174833e-01 4.33160633e-01 1.59742683e-01 9.69791770e-01
    6.76170707e-01 8.96001577e-01 8.11337829e-01 5.42493522e-01
    4.10980493e-01 8.90973985e-01 8.94253492e-01 7.45713353e-01
    9.60716009e-02 7.06839919e-01 7.01121151e-01 1.98976517e-01
    2.98836648e-01 3.78432363e-01 5.71334064e-02 8.25405717e-01
    6.33503616e-01 7.00635731e-01 5.69757223e-02 7.34184742e-01
    5.11328161e-01 4.46713567e-02 6.54732049e-01 8.65954518e-01
    2.43792266e-01 3.06328207e-01 4.20486152e-01 9.67831016e-01
    5.38361430e-01 1.64755106e-01 8.91954005e-01 5.03793061e-01
    6.85029984e-01 1.76641941e-01 3.46474349e-02 4.04628903e-01
    1.78000331e-01 3.45470160e-01 7.72766173e-02 1.48273975e-01
    7.23802269e-01 3.27098846e-01 6.53800845e-01 7.17930198e-01
    2.17373163e-01 2.25447953e-01 3.73544961e-01 2.11737126e-01
    8.97394419e-01 5.70172071e-01 6.55811846e-01 1.66801900e-01
    5.47070503e-01 7.92602420e-01 2.38965183e-01 6.74759746e-02
    6.77928090e-01 8.03516150e-01 4.52841341e-01 1.86856061e-01
    2.07886338e-01 5.27959347e-01 5.73899269e-01 4.10845131e-01
    9.44073796e-02 6.40458703e-01 2.09891737e-01 9.24897790e-02
    8.31730008e-01 4.27327096e-01 4.72699761e-01 9.07480717e-02
    8.51478219e-01 9.60253954e-01 5.49724877e-01 2.71108836e-01
    7.89206862e-01 5.98687351e-01 4.69665200e-01 4.07532573e-01
    6.18544757e-01 5.21011472e-01 4.39766347e-02 4.62844521e-01
    9.36128497e-01 9.97127652e-01 2.95847297e-01 9.57976222e-01
    2.19111085e-01 6.07017100e-01 9.55120683e-01 6.86765790e-01
    6.36000574e-01 7.15957940e-01 2.90902704e-01 7.59420872e-01
    7.61238575e-01 8.11887622e-01 1.95549041e-01 3.15310419e-01
    9.02948380e-02 5.17683864e-01 7.86762893e-01 2.58413672e-01
    9.12540019e-01 6.81957722e-01 2.02996105e-01 7.76097894e-01
    6.95835412e-01 3.85192603e-01 8.15634131e-01 9.54865456e-01
    8.55911851e-01 2.23383099e-01 3.07423830e-01 4.49220449e-01
    6.50872886e-01 8.81028175e-03 8.51366818e-02 3.68901551e-01
    6.31447196e-01 8.81948352e-01 4.07582700e-01 7.24225938e-02
    8.83080602e-01 9.42077041e-02 2.89314032e-01 5.85247040e-01
    9.89321709e-01 9.88874614e-01 7.64086485e-01 1.78388357e-01
    8.16355109e-01 2.41575569e-01 5.26043415e-01 7.74900556e-01
    3.94420505e-01 4.79496568e-01 4.29525077e-01 1.14025265e-01
    7.47703791e-01 1.64542317e-01 2.66358852e-01 8.59437466e-01
    9.91791725e-01 7.62965083e-01 3.46371770e-01 5.55855155e-01
    6.30600154e-01 2.87165105e-01 3.85915518e-01 2.53909230e-01
    7.62255192e-01 1.40879929e-01 1.36053026e-01 8.37378740e-01
    5.64248383e-01 5.62937856e-02 8.76644373e-01 2.57673144e-01
    7.55599976e-01 5.96046329e-01 8.25441241e-01 9.07144845e-02
    2.75798589e-01 9.37792003e-01 5.21567643e-01 6.35032117e-01
    7.65959322e-02 8.72537613e-01 6.02026701e-01 8.61631930e-01
    8.85093808e-02 7.08924770e-01 1.13459557e-01 6.05564475e-01
    8.61707568e-01 2.99970746e-01 8.96621704e-01 7.64850140e-01
    8.60000968e-01 2.13409722e-01 1.72483623e-01 4.18180376e-01
    3.93341064e-01 8.25944901e-01 9.46135700e-01 8.80153656e-01
    2.30467618e-02 9.89226460e-01 2.56823748e-01 3.99817437e-01
    9.48149920e-01 6.29470289e-01 2.79821008e-01 2.63738900e-01
    2.19053209e-01 6.29844427e-01 5.48917115e-01 1.69280440e-01
    8.13368261e-01 3.48870099e-01 2.67865062e-02 8.59571755e-01
    2.52072990e-01 7.63497353e-02 5.57551146e-01 7.19126701e-01
    8.52295995e-01 1.30359262e-01 4.84813958e-01 4.71408516e-01
    3.66285622e-01 5.42557955e-01 9.41198587e-01 8.73667002e-01
    5.70146143e-01 3.18318963e-01 7.38842130e-01 3.66536945e-01
    7.97282100e-01 2.71939218e-01 2.30460763e-02 7.03387320e-01
    1.70536309e-01 9.08281505e-01 6.66570902e-01 4.74343896e-02
    2.06379890e-01 7.27672875e-01 7.81368256e-01 2.68727183e-01
    3.07449400e-01 2.31197208e-01 1.46020949e-01 5.60761631e-01
    9.29996014e-01 1.87224180e-01 3.02153707e-01 2.85249799e-01
    1.39095485e-01 5.11954367e-01 3.20185065e-01 7.59926617e-01
    8.69853854e-01 7.83818841e-01 4.64792848e-01 6.95807457e-01
    6.50418520e-01 2.72751629e-01 9.78581071e-01 9.21570659e-01
    4.24017251e-01 2.68028200e-01 9.34756041e-01 3.35796714e-01
    1.35875285e-01 3.64220232e-01 4.85114545e-01 3.62533033e-02
    2.52799362e-01 9.56142664e-01 3.87687385e-01 1.23014569e-01
    7.07686067e-01 4.23184305e-01 4.19828504e-01 4.33246523e-01
    2.13664442e-01 7.46393621e-01 3.82522106e-01 5.97719848e-01
    7.07219362e-01 1.66244060e-01 8.10140371e-02 1.58331543e-01
    7.61096299e-01 1.07769638e-01 5.55292130e-01 4.31864828e-01
    4.63559061e-01 7.83637166e-01 4.01815563e-01 6.46409869e-01
    4.38130140e-01 5.14981687e-01 9.83206511e-01 1.32163703e-01
    3.58904362e-01 8.60219538e-01 5.74520648e-01 5.27619779e-01
    4.74684775e-01 4.48069066e-01 5.83671510e-01 1.88339949e-02
    8.68929088e-01 7.97744095e-02 3.36019069e-01 8.72916579e-02
    4.46737766e-01 6.46259069e-01 3.97919416e-02 7.36170471e-01
    3.96218210e-01 7.55480409e-01 4.91079122e-01 6.65249050e-01
    5.35810769e-01 5.37313819e-01 7.83705831e-01 3.23252857e-01
    2.14763939e-01 4.79083329e-01 4.88947421e-01 4.17273462e-01
    8.51620138e-02 3.61167312e-01 9.31212544e-01 5.45793116e-01
    6.56257093e-01 5.77577055e-02 6.91597342e-01 9.26529586e-01
    5.93007267e-01 7.20178306e-01 3.19195181e-01 5.59541464e-01
    7.45036304e-02 9.05873775e-02 9.53970194e-01 8.57691646e-01
    2.49223590e-01 7.72025347e-01 7.64617205e-01 4.94649798e-01
    1.51454061e-01 8.38558316e-01 4.28534448e-02 6.90813184e-01
    8.16821575e-01 1.63172871e-01 9.41061020e-01 2.50831008e-01
    1.72081411e-01 8.57083440e-01 1.45256490e-01 3.29171866e-01
    7.61879802e-01 4.27201688e-02 8.79568338e-01 4.57581043e-01
    7.09320068e-01 7.11960554e-01 6.93925023e-02 4.75267947e-01
    6.30604863e-01 3.76802146e-01 8.62880111e-01 8.70846331e-01
    8.15179586e-01 9.50081408e-01 5.20436525e-01 4.51826692e-01
    1.73936546e-01 5.10294974e-01 1.24564946e-01 7.32929707e-01
    4.93231207e-01 1.22531384e-01 5.40477753e-01 6.57571614e-01
    1.25535548e-01 7.55219877e-01 3.69909853e-01 2.53374219e-01
    3.39140296e-02 5.51186204e-01 8.15599501e-01 6.22076154e-01
    5.87122321e-01 6.13537550e-01 6.32634044e-01 8.23606491e-01
    6.55625045e-01 5.45363426e-02 5.82778752e-02 7.43322849e-01
    1.75085038e-01 9.19332623e-01 9.30660665e-02 1.25576764e-01
    6.68237746e-01 5.32363772e-01 2.96746016e-01 5.32908618e-01
    2.02651441e-01 1.28390670e-01 2.93134212e-01 6.34032845e-01
    5.43171525e-01 1.08260542e-01 5.88185251e-01 2.28680760e-01
    8.14471662e-01 2.49966294e-01 8.30766141e-01 7.38484621e-01
    1.81117147e-01 4.88004148e-01 9.28483665e-01 8.46507430e-01
    6.27322197e-01 2.92974710e-01 1.62904531e-01 7.15520024e-01
    1.04409516e-01 7.88474679e-01 9.76091623e-01 3.18056345e-01
    3.67378175e-01 6.88048065e-01 6.71898067e-01 7.10753560e-01
    3.61642718e-01 8.27410102e-01 7.84273505e-01 3.95910859e-01
    1.17967129e-01 8.48883390e-01 2.38579899e-01 5.91289103e-02
    7.42310941e-01 1.00539416e-01 4.61943388e-01 4.54834133e-01
    6.09837413e-01 4.36325282e-01 5.43560266e-01 8.25744450e-01
    8.79493654e-01 5.39904475e-01 2.29874313e-01 3.57924819e-01
    9.68374729e-01 2.18373030e-01 2.85213709e-01 3.43688786e-01
    7.10795045e-01 2.90923178e-01 7.99331665e-02 6.05122745e-01
    1.63906395e-01 2.81301081e-01 3.66404831e-01 4.78627115e-01
    3.75401199e-01 9.47814345e-01 9.51223969e-01 2.61196196e-01
    2.87869126e-01 2.81980932e-01 6.05305135e-02 2.45459735e-01
    3.67742836e-01 9.19742584e-01 4.89879340e-01 8.13120127e-01
    5.14889181e-01 8.23006630e-01 9.66368914e-02 9.17213321e-01
    5.69160819e-01 9.88200128e-01 4.58852142e-01 9.32671309e-01
    4.36952412e-01 7.61059880e-01 3.32913309e-01 7.71033823e-01
    9.07545507e-01 9.43892658e-01 9.08835411e-01 3.46889377e-01
    7.46752501e-01 2.50365496e-01 6.50671124e-03 3.54880810e-01
    3.52834105e-01 6.44645572e-01 4.96280938e-01 7.50357151e-01
    8.25711966e-01 7.68588901e-01 4.55358118e-01 3.59524220e-01
    1.41472340e-01 9.34206724e-01 2.84369498e-01 6.01717770e-01
    5.28772950e-01 9.73710716e-02 3.54646683e-01 7.86738515e-01
    6.48853660e-01 6.13005817e-01 4.11577374e-01 3.83298069e-01
    7.80196011e-01 6.18350863e-01 3.10940146e-02 1.57717794e-01
    8.53141904e-01 5.40408194e-01 6.52656198e-01 3.73919487e-01
    1.17366850e-01 6.54189169e-01 5.66048741e-01 4.48869139e-01
    6.39126480e-01 1.53991759e-01 4.91556048e-01 2.12345719e-02
    5.23857296e-01 4.84995335e-01 5.88115335e-01 9.08125639e-02
    5.40864825e-01 2.98247159e-01 8.94180655e-01 3.23118657e-01
    9.30828094e-01 7.05347359e-02 4.21678662e-01 6.91531599e-01
    3.54184717e-01 2.71668822e-01 2.10971057e-01 8.20504904e-01
    8.12142789e-01 6.95196986e-02 7.47431099e-01 5.42647302e-01
    7.16247678e-01 4.97114956e-02 4.48512554e-01 4.15752739e-01
    4.12586063e-01 7.77500570e-02 4.24128354e-01 3.16525042e-01
    9.15772080e-01 4.76986110e-01 2.44551212e-01 8.02968502e-01
    4.03556198e-01 4.73650515e-01 1.57599062e-01 3.86314690e-01
    6.42220974e-01 6.96864188e-01 4.00274873e-01 8.92390490e-01
    3.07409197e-01 8.55371714e-01 8.26273918e-01 3.82896215e-01
    1.33148253e-01 8.36735368e-01 4.88799900e-01 7.88386106e-01
    7.69919753e-01 7.58479059e-01 3.29944789e-02 2.35175103e-01
    7.81703591e-01 8.47633839e-01 1.21320933e-01 1.88716710e-01
    4.88426030e-01 9.01272595e-02 4.84296948e-01 4.03422594e-01
    2.47610241e-01 1.22138858e-02 6.81136608e-01 7.80165851e-01
    2.25380868e-01 4.83503312e-01 9.78619456e-01 3.51089537e-02
    2.34155834e-01 1.62123948e-01 1.74591631e-01 1.06451094e-01
    2.28560299e-01 3.62316072e-01 6.74920797e-01 9.33506191e-02
    9.54674840e-01 8.32965970e-01 2.12689936e-02 8.77079129e-01
    4.98598009e-01 7.65550733e-01 9.41930532e-01 9.25828576e-01
    5.08819044e-01 2.22410858e-02 1.76100522e-01 9.37773108e-01
    2.96840131e-01 5.58500528e-01 9.38926339e-01 4.85301942e-01
    5.48761904e-01 2.62444049e-01 5.69462597e-01 8.29127908e-01
    3.84883970e-01 6.04112983e-01 5.73246777e-01 6.47628784e-01
    2.47726977e-01 5.46076775e-01 9.18205142e-01 9.09364939e-01
    5.03415823e-01 1.58512294e-01 6.43849373e-02 3.25180769e-01
    3.61090004e-01 4.14665818e-01 8.55573177e-01 1.36560410e-01
    8.43744397e-01 3.12203050e-01 8.68977010e-02 9.99082446e-01
    3.46759468e-01 9.98213887e-01 1.38462752e-01 8.14043045e-01
    7.54296362e-01 7.96299934e-01 5.82373142e-01 7.48594403e-01
    2.99516320e-02 2.91555941e-01 5.06832361e-01 6.37462735e-01
    2.09126770e-01 6.30276740e-01 8.10451567e-01 9.81442630e-02
    8.00343037e-01 7.54026294e-01 7.36170471e-01 6.04298890e-01
    2.53014743e-01 7.42339015e-01 3.33784163e-01 1.12025023e-01
    6.77485943e-01 3.55339468e-01 1.41344279e-01 8.91649008e-01
    7.89307237e-01 2.86326528e-01 3.80559504e-01 2.95818090e-01
    3.68092418e-01 1.13140434e-01 8.70609760e-01 4.07270342e-01
    9.72126901e-01 1.25985831e-01 3.79986882e-01 7.01583147e-01
    1.57626957e-01 9.39375281e-01 6.62161112e-01 2.38815814e-01
    8.98517132e-01 7.29174912e-01 2.78054118e-01 9.06568825e-01
    5.42641282e-01 2.23854691e-01 7.82254934e-01 4.20848668e-01
    9.05836344e-01 3.20595622e-01 5.52703679e-01 5.93884468e-01
    3.89574915e-01 1.33042634e-02 6.21845245e-01 7.99463511e-01
    1.17794931e-01 5.17795265e-01 6.78628206e-01 6.96308136e-01
    5.28182447e-01 2.84489244e-01 8.88628364e-01 8.04309964e-01
    1.69251978e-01 2.54282683e-01 4.06260848e-01 9.34753418e-01
    2.41446227e-01 3.69030386e-01 6.16428494e-01 4.20097739e-01
    2.63582587e-01 1.01906538e-01 5.24132907e-01 9.43497658e-01
    6.23965263e-01 4.53023255e-01 7.92611957e-01 1.56901151e-01
    1.86240315e-01 2.50452459e-01 6.88999057e-01 6.43509984e-01
    9.95537341e-01 4.80287582e-01 8.55477571e-01 4.67123985e-01
    3.52592617e-01 5.19400179e-01 6.16810024e-01 7.59183168e-01
    2.03376651e-01 4.13013846e-01 4.47454929e-01 8.11959624e-01
    1.79095715e-01 5.57644606e-01 9.14605558e-01 8.38685870e-01
    8.44561577e-01 8.37513447e-01 3.81611645e-01 9.47520375e-01
    5.60912848e-01 4.54392552e-01 2.02618927e-01 5.01222014e-01
    8.53574395e-01 5.85325181e-01 6.94366932e-01 8.33510995e-01
    8.26375484e-02 6.13882601e-01 3.74490321e-01 8.17823112e-01
    2.62257159e-02 7.53950059e-01 9.32011247e-01 6.56205952e-01
    7.53961802e-02 9.75173116e-01 4.58670199e-01 2.27010787e-01
    9.93447900e-01 8.61021042e-01 2.47968078e-01 7.35005140e-02
    2.41670012e-02 5.15041828e-01 1.11026645e-01 7.41280854e-01
    4.08572942e-01 3.98653448e-01 1.03779852e-01 5.35506010e-02
    9.97610688e-01 3.61749321e-01 3.92464697e-02 4.42863077e-01
    3.34325135e-01 6.00434124e-01 8.85455012e-01 2.31283605e-01
    1.55679524e-01 2.46667236e-01 5.95500231e-01 8.35785985e-01
    5.56345582e-02 8.32751393e-02 6.41967237e-01 9.85934854e-01
    6.24558926e-02 3.54337096e-02 6.05094671e-01 4.38249886e-01
    7.90827870e-01 5.27232170e-01 8.74075770e-01 4.61563766e-01
    6.34210944e-01 3.10548425e-01 7.93807864e-01 5.75112641e-01
    3.11681867e-01 3.12999129e-01 8.56088519e-01 6.20533824e-01
    2.69173563e-01 1.91196293e-01 5.77773690e-01 8.11442375e-01
    4.70444024e-01 9.43467319e-01 3.33669662e-01 5.38127124e-01
    7.01871932e-01 5.92978001e-01 8.34098041e-01 4.90877569e-01
    3.44161630e-01 9.47780073e-01 8.85860384e-01 3.76068383e-01
    3.13709974e-02 6.64849043e-01 6.59365296e-01 6.93596780e-01
    5.77865541e-02 3.55294704e-01 1.32836133e-01 9.54019189e-01
    9.75701272e-01 7.58243442e-01 9.01683688e-01 8.87313664e-01
    4.64600056e-01 7.36208320e-01 2.80245632e-01 1.22658968e-01
    5.14068842e-01 3.62966120e-01 5.12573242e-01 2.99844444e-01
    7.00104415e-01 4.89900410e-01 3.40468258e-01 4.12606895e-01
    8.15894008e-01 1.18482083e-01 4.39253509e-01 6.74123764e-02
    5.25570452e-01 1.91712230e-01 7.30931938e-01 3.96074057e-02
    1.72738433e-01 9.71515536e-01 6.68660164e-01 3.39056402e-01
    8.69947731e-01 2.62667090e-01 6.61635578e-01 7.26165652e-01
    9.72916186e-02 9.11933184e-01 2.61871099e-01 6.24967813e-02
    5.83979726e-01 4.05897737e-01 7.84446895e-01 8.17771196e-01
    6.09096050e-01 1.98833615e-01 5.47744751e-01 6.09910190e-01
    1.26634628e-01 9.96816278e-01 8.36152315e-01 6.51550055e-01
    2.40345120e-01 1.14806861e-01 3.18661332e-01 6.60012960e-01
    9.26306784e-01 8.93216848e-01 7.97130346e-01 3.45468402e-01
    1.90278709e-01 6.54844165e-01 6.00012064e-01 2.66224653e-01
    4.04126644e-01 5.15013635e-02 9.30949926e-01 1.47945523e-01
    2.75871873e-01 2.39895552e-01 6.74572706e-01 7.94269741e-02
    2.82827497e-01 5.92402816e-01 5.57966590e-01 6.62105083e-01
    5.18640101e-01 9.12662983e-01 7.42681146e-01 9.57424045e-01
    4.75277871e-01 9.59565699e-01 4.57773089e-01 8.43308806e-01
    7.90813744e-01 3.31835330e-01 8.62070084e-01 3.06388497e-01
    6.83107972e-01 5.33779681e-01 1.06571585e-01 9.89179015e-01
    9.68591273e-02 1.22055978e-01 1.66364908e-02 8.41863394e-01
    4.58749652e-01 9.52601731e-02 5.20357490e-02 1.69699550e-01
    6.97628498e-01 4.04502928e-01 5.99992514e-01 8.09703350e-01
    7.05947042e-01 3.00364017e-01 1.91856921e-02 5.26070356e-01
    7.49902904e-01 9.50003982e-01 6.37256622e-01 5.99262595e-01
    8.93940091e-01 3.74226928e-01 4.36526060e-01 2.51949906e-01
    6.32401586e-01 5.38384259e-01 7.92648792e-01 5.64377666e-01
    2.49118924e-01 8.62816572e-02 3.32256198e-01 5.77437043e-01
    6.88696921e-01 7.55495906e-01 3.61300200e-01 6.46133840e-01
    3.76182050e-01 7.70262778e-01 5.27928472e-02 5.26197255e-02
    7.03727841e-01 8.59905779e-01 8.18520129e-01 6.86587811e-01
    3.69090736e-01 7.77733147e-01 4.45572883e-01 4.60783184e-01
    2.79883832e-01 7.51266181e-02 7.26607084e-01 3.83107215e-01
    3.75715286e-01 7.02408075e-01 6.74498379e-02 1.26596421e-01
    2.70139456e-01 3.02775145e-01 5.30302227e-01 4.23730075e-01
    3.51840615e-01 8.60757530e-02 2.93826818e-01 5.18440306e-01
    3.70375395e-01 2.14898348e-01 8.14747632e-01 1.94020540e-01
    9.18696165e-01 6.95732176e-01 7.28897631e-01 9.50562298e-01
    9.32605505e-01 4.65705574e-01 6.26246989e-01 1.34121984e-01
    5.87389708e-01 5.58452725e-01 8.21855545e-01 9.67147708e-01
    4.44809675e-01 7.00812161e-01 1.48757100e-01 6.25622869e-01
    4.27048236e-01 7.61483669e-01 3.12765092e-01 4.35430795e-01
    8.50312412e-02 8.59598279e-01 2.46494561e-01 5.60280979e-02
    1.41921431e-01 9.83877480e-02 7.38807976e-01 6.23050332e-02
    5.61195195e-01 5.94228387e-01 3.81291986e-01 4.84315157e-02
    2.03399509e-01 2.87281811e-01 8.12458277e-01 4.25018787e-01
    9.04221237e-02 7.78151512e-01 9.32236075e-01 6.12652779e-01
    4.54606503e-01 6.06191158e-01 9.35764790e-01 7.92380929e-01
    5.21177053e-01 2.70456344e-01 7.78771937e-02 3.60227227e-02
    7.83431888e-01 6.56342685e-01 6.36284113e-01 2.99682200e-01
    2.63310164e-01 2.45406270e-01 8.86018395e-01 3.64267886e-01
    8.69215846e-01 5.85013390e-01 3.62818599e-01 3.04168403e-01
    2.21975148e-02 3.11527729e-01 8.66065145e-01 2.21532524e-01
    8.62648249e-01 5.08680999e-01 9.35170650e-01 6.63037241e-01
    2.65328646e-01 6.47753000e-01 5.63538849e-01 7.74566054e-01
    3.27287883e-01 1.65210009e-01 3.18193555e-01 5.28768897e-02
    1.04556680e-02 7.32524633e-01 3.58402997e-01 7.73792565e-01
    1.11467838e-01 4.31044757e-01 5.74201047e-02 1.30192906e-01
    2.53536642e-01 3.12341809e-01 1.20621055e-01 6.54179931e-01
    7.33103752e-02 5.89854002e-01 3.31796736e-01 5.23341537e-01
    5.93491316e-01 4.60905224e-01 1.21945977e-01 7.76083231e-01
    2.82458961e-01 7.50415683e-01 8.28343034e-01 5.23457587e-01
    4.65365738e-01 1.76663935e-01 6.12494648e-01 7.07480133e-01
    4.81913418e-01 4.96805549e-01 6.93593919e-02 8.61310661e-02
    4.62194294e-01 3.74629200e-02 6.70846820e-01 4.32471722e-01
    1.44289643e-01 3.94127756e-01 4.54030901e-01 9.70965385e-01
    1.81531787e-01 3.59088600e-01 4.43991423e-02 2.40980417e-01
    7.73652375e-01 8.29591155e-02 1.73985183e-01 8.63135934e-01
    9.43115413e-01 4.30790424e-01 6.06705427e-01 6.45333409e-01
    5.01457155e-01 8.07253838e-01 2.18402892e-01 2.40961313e-01
    4.35584664e-01 9.95642483e-01 5.08728862e-01 6.18380189e-01
    4.34737921e-01 3.70675206e-01 9.51439738e-01 7.85910547e-01
    7.74285197e-02 2.94472754e-01 5.01577497e-01 9.89104271e-01
    8.25851202e-01 4.07310545e-01 8.96873474e-02 1.68496788e-01
    7.09207475e-01 7.95362234e-01 6.59080148e-02 2.05760717e-01
    6.56817019e-01 5.46042144e-01 3.44658494e-02 6.15342140e-01
    3.89110446e-02 6.24940038e-01 6.15319908e-02 5.63461661e-01
    8.59158576e-01 8.27776909e-01 3.89074981e-01 9.08369780e-01
    3.39184165e-01 3.57782900e-01 1.00987315e-01 4.75651503e-01
    1.20331347e-01 5.12306392e-01 8.70234549e-01 6.94456041e-01
    4.90528673e-01 7.00329304e-01 4.64388400e-01 7.49143958e-03
    5.76511383e-01 8.86945605e-01 1.09190345e-02 8.98995399e-02
    4.58091199e-02 2.00555861e-01 4.22542781e-01 1.07218772e-01
    3.45082700e-01 4.53891635e-01 6.96562171e-01 5.43387353e-01
    4.75269347e-01 5.46236873e-01 8.53326917e-02 9.86902833e-01
    2.90878415e-01 3.05501640e-01 7.61554539e-02 6.30487323e-01
    5.26411057e-01 8.31704617e-01 6.35610521e-02 3.43245268e-03
    2.44274437e-02 2.05581278e-01 4.75054920e-01 9.73934412e-01
    5.25754690e-02 5.44508696e-02 9.54394817e-01 5.73388994e-01
    1.69099957e-01 9.97077465e-01 6.74988627e-01 3.64881337e-01
    7.71958351e-01 4.76606548e-01 8.41860533e-01 5.27062714e-02
    6.27249956e-01 5.73400080e-01 7.55639553e-01 4.59984571e-01
    9.84856009e-01 6.62726998e-01 8.35827649e-01 1.04512811e-01
    4.59455103e-01 6.97503924e-01 7.06579924e-01 1.70244634e-01
    2.86090493e-01 8.35489035e-02 2.05902308e-01 8.58852983e-01
    1.62465751e-01 4.59070116e-01 7.44434893e-01 5.55556476e-01
    2.67455578e-01 8.34873796e-01 8.76982152e-01 3.45439792e-01
    5.08177042e-01 5.97853780e-01 9.24215138e-01 9.70315814e-01
    4.20920849e-01 4.54627216e-01 4.01757747e-01 9.06482935e-02
    7.77831495e-01 6.95477307e-01 1.84993744e-02 6.19573295e-01
    2.97062397e-02 6.57668591e-01 1.47061706e-01 3.44734669e-01
    4.24302667e-01 8.79180610e-01 2.73759633e-01 1.77456707e-01
    1.52120948e-01 3.44994962e-01 5.32066524e-02 1.83465898e-01
    8.20304632e-01 1.84879601e-02 7.50232100e-01 7.97656119e-01
    4.53354776e-01 9.88450766e-01 6.79521024e-01 1.20350927e-01
    7.73684978e-01 8.58805358e-01 3.32263947e-01 5.89668155e-02
    1.38341725e-01 5.95597029e-01 5.38532734e-02 8.73785853e-01
    9.56128240e-01 5.84274411e-01 9.56382751e-02 1.88972831e-01
    5.14244735e-01 7.79755354e-01 1.12304538e-01 2.23157942e-01
    9.26800251e-01 5.45191169e-01 3.61970335e-01 3.55680674e-01
    7.95770288e-01 1.25506341e-01 8.03726792e-01 8.29964221e-01
    4.51834947e-01 3.13136816e-01 5.04559517e-01 4.57181334e-02
    9.35837984e-01 5.53380609e-01 2.69043475e-01 2.14766145e-01
    8.30829501e-01 3.92286301e-01 1.83989674e-01 9.37464833e-03
    8.08136821e-01 8.19085121e-01 7.41980374e-02 2.30236948e-02
    2.64092147e-01 7.64257908e-01 6.78285420e-01 4.13388669e-01
    6.70987368e-01 7.73993969e-01 6.42465234e-01 6.38159215e-01
    1.18821621e-01 7.48590767e-01 7.18129277e-01 4.33014184e-01
    4.90855545e-01 3.42721879e-01 2.32833445e-01 9.44560409e-01
    2.31553525e-01 1.89256340e-01 8.32639754e-01 4.08259153e-01
    2.42778659e-01 3.96602124e-01 8.59690309e-01 1.83808684e-01
    5.18628359e-01 2.44709790e-01 7.49111831e-01 2.82356083e-01
    5.79328537e-02 7.64798164e-01 8.63302231e-01 8.89589190e-02
    7.52187252e-01 5.92781365e-01 6.74051940e-01 5.83565235e-01
    6.38180375e-02 4.04095352e-02 6.10428810e-01 8.33493948e-01
    4.57430452e-01 8.18816602e-01 7.61603296e-01 2.69104064e-01
    1.95976287e-01 5.29845119e-01 8.01073432e-01 8.03114176e-02
    4.31890070e-01 7.11583495e-01 1.15565866e-01 6.85752153e-01
    3.88265103e-01 7.47747123e-02 9.41035450e-01 9.39240158e-01
    2.81080782e-01 3.02747279e-01 8.84184539e-02 9.90679026e-01
    1.55088097e-01 7.58728027e-01 8.61750722e-01 7.78396308e-01
    2.91642606e-01 4.09245789e-02 1.13989532e-01 2.95087516e-01
    8.20512652e-01 6.92020416e-01 7.71224082e-01 4.57412362e-01
    9.44103718e-01 3.62649918e-01 7.78248429e-01 8.07237625e-01
    8.92659962e-01 6.08624697e-01 8.18373621e-01 3.15769732e-01
    4.06352758e-01 3.14040363e-01 5.09124756e-01 4.23798144e-01
    8.51909995e-01 8.41409147e-01 8.47322464e-01 2.99202353e-01
    3.71429324e-03 3.26896191e-01 8.56371880e-01 3.85961324e-01
    6.97286844e-01 4.10573781e-02 4.13476676e-01 7.31969535e-01
    7.40264773e-01 7.26128042e-01 3.27814549e-01 2.88830578e-01
    2.47640193e-01 4.71998036e-01 1.64728194e-01 7.31130123e-01
    5.71162462e-01 3.31466496e-02 9.48082924e-01 7.53941774e-01
    9.28344011e-01 3.30017328e-01 4.63919729e-01 9.42524195e-01
    4.66651022e-02 2.74306536e-03 6.03348672e-01 6.46050394e-01
    8.76438737e-01 4.43694383e-01 3.40546191e-01 8.98645997e-01
    1.49093598e-01 7.92433381e-01 2.83298194e-01 1.37713999e-01
    4.04364079e-01 8.66253138e-01 9.56128478e-01 1.13147706e-01
    5.28181016e-01 2.34050393e-01 7.77825415e-01 8.21092606e-01
    8.38313818e-01 6.83531523e-01 3.79072398e-01 9.38424528e-01
    9.64020491e-01 2.56109357e-01 7.14497864e-02 9.09320116e-01
    4.17459816e-01 9.02276516e-01 8.68442893e-01 2.87995160e-01
    6.13904059e-01 7.41699755e-01 8.20993841e-01 1.28176868e-01
    9.47053075e-01 2.03749537e-03 3.01269442e-01 3.36232960e-01
    1.37331694e-01 3.47725660e-01 9.91142690e-01 8.55346084e-01
    3.55616450e-01 3.58055174e-01 5.41804433e-01 5.01259089e-01
    2.49336004e-01 4.38967705e-01 3.23502898e-01 5.22732854e-01
    7.64882863e-02 4.06705648e-01 2.40522385e-01 5.86989343e-01
    7.72286236e-01 9.81558204e-01 5.65512657e-01 2.95790553e-01
    3.94209176e-01 8.58942688e-01 7.17999101e-01 9.80086446e-01
    3.80503297e-01 8.10196698e-01 6.13242447e-01 8.05351675e-01
    3.54764789e-01 1.63753361e-01 9.94588435e-02 8.58494997e-01
    4.92916137e-01 4.05110955e-01 2.17735767e-01 1.97298408e-01
    7.00642228e-01 6.20917797e-01 6.14921391e-01 9.59225297e-02
    1.71604455e-02 5.09107590e-01 3.10870826e-01 6.95877671e-01
    3.30554008e-01 7.62453318e-01 2.25831896e-01 4.88118112e-01
    8.46113682e-01 9.80134547e-01 7.14286566e-01 8.99156153e-01
    2.78564632e-01 4.44544256e-01 3.86933565e-01 4.09831822e-01
    5.67445338e-01 2.69168615e-01 9.21613932e-01 1.39910132e-01
    4.22004461e-01 7.73874879e-01 8.08766603e-01 2.43038207e-01
    5.88465691e-01 5.19768238e-01 8.33149910e-01 7.35401750e-01
    5.33092976e-01 8.03294539e-01 3.21448207e-01 5.00202358e-01
    6.40216172e-01 7.03778803e-01 7.06659436e-01 9.36931908e-01
    1.82083696e-01 8.71520400e-01 4.38021839e-01 2.58342981e-01
    7.62120306e-01 7.25628257e-01 2.92851329e-02 9.46233392e-01
    1.15190923e-01 4.75387752e-01 8.77141535e-01 9.99667645e-01
    2.48708606e-01 8.45056593e-01 1.39453739e-01 8.01936507e-01
    9.98715580e-01 3.65356743e-01 7.12550342e-01 9.08116698e-01
    8.08705628e-01 9.19249177e-01 2.74529278e-01 3.85154724e-01
    8.44154239e-01 2.02808619e-01 9.26293433e-02 9.57286716e-01
    5.44766128e-01 3.57794166e-01 3.99174601e-01 3.23674619e-01
    7.83181787e-02 4.45877790e-01 1.03592753e-01 8.99642348e-01
    2.19712228e-01 4.66840297e-01 3.51091951e-01 5.08994222e-01
    1.18678242e-01 2.82136291e-01 6.13253891e-01 3.75854880e-01
    7.24231958e-01 3.24016452e-01 3.75058740e-01 6.40465796e-01
    2.50530958e-01 1.93591326e-01 3.08306396e-01 3.81721258e-02
    4.16496098e-02 6.72434151e-01 8.90913725e-01 2.11509496e-01
    7.66782820e-01 8.46561551e-01 5.42329252e-02 7.80069232e-01
    4.32175964e-01 3.92100036e-01 4.88134623e-01 4.12893474e-01
    1.09987408e-01 8.89899671e-01 9.83112574e-01 4.49994713e-01
    8.15741539e-01 1.73574895e-01 5.79955041e-01 2.39216030e-01
    9.96281028e-01 4.21777666e-01 5.89215159e-01 3.22873145e-01
    5.38262665e-01 2.28284448e-01 1.06862277e-01 2.07605362e-02
    6.15406513e-01 2.84231097e-01 2.07295120e-02 5.75908482e-01
    5.23624897e-01 9.76372659e-02 6.37290239e-01 5.15428483e-01
    1.63931966e-01 3.26005131e-01 6.24996305e-01 7.14958787e-01
    7.69700050e-01 8.67295265e-01 7.02325404e-02 1.24690264e-01
    8.66019964e-01 1.47816062e-01 6.88802481e-01 5.15505016e-01
    1.68943614e-01 2.61140585e-01 5.13844967e-01 1.32946819e-01
    4.56616282e-01 6.75952911e-01 9.54651594e-01 3.14509869e-01
    5.11080027e-04 5.31376183e-01 5.40136635e-01 4.24325466e-02
    9.10418332e-02 8.90949965e-02 7.08742142e-01 6.04492903e-01
    4.81406301e-01 3.80208611e-01 2.28230804e-01 9.28763926e-01
    7.54139721e-02 3.31924319e-01 9.92627442e-01 8.31144333e-01
    3.63423526e-01 5.17933726e-01 8.01662564e-01 3.88632715e-02
    6.54401362e-01 3.61285269e-01 4.30204839e-01 2.34857261e-01
    1.77464634e-01 4.98763382e-01 3.54827046e-02 8.30681205e-01
    5.72288215e-01 2.17380762e-01 9.57345366e-01 5.80235898e-01
    1.41150504e-01 5.37662804e-01 1.54349715e-01 5.06588280e-01
    4.70558912e-01 4.81790394e-01 7.87785411e-01 1.25057101e-01
    6.57919288e-01 2.46262550e-03 3.23619545e-02 1.92032814e-01
    7.83322334e-01 6.52474105e-01 8.34540129e-02 3.43801856e-01
    1.17899776e-02 9.00079966e-01 7.11904645e-01 9.71970320e-01
    5.05567849e-01 5.10664761e-01 4.94511724e-01 7.52246916e-01
    2.01349735e-01 8.06717992e-01 8.98172200e-01 2.58789062e-02
    3.83297026e-01 6.78746521e-01 8.80711794e-01 3.03703934e-01
    7.59880662e-01 9.82729197e-01 9.37411129e-01 7.08528697e-01
    5.42424083e-01 4.55819309e-01 8.32219958e-01 6.96796060e-01
    2.09986001e-01 7.94940710e-01 6.95837796e-01 6.09823525e-01
    6.18019164e-01 3.70206773e-01 3.23540598e-01 6.29758835e-03
    8.53894472e-01 6.85494602e-01 2.32791275e-01 5.19730747e-01
    1.39066726e-01 5.43151319e-01 4.80223835e-01 9.66673255e-01
    6.01951957e-01 3.04875374e-01 5.79781950e-01 8.69480133e-01
    7.66605079e-01 9.43565488e-01 6.68503761e-01 4.14824814e-01
    8.80851507e-01 6.90860152e-02 3.63459945e-01 5.50779521e-01
    4.50597435e-01 8.12521577e-01 5.41198492e-01 5.97507358e-02
    9.00026202e-01 8.42692614e-01 4.22975391e-01 3.00996184e-01
    6.89636886e-01 9.15582716e-01 5.33603609e-01 9.37219024e-01
    1.24405891e-01 3.54511023e-01 1.42920494e-01 1.04332447e-01
    9.88477588e-01 2.16876924e-01 5.39922714e-02 1.92525029e-01
    1.64050341e-01 7.84622192e-01 9.71817672e-01 2.20841736e-01
    1.97364628e-01 5.80792010e-01 1.00890398e-02 5.28466225e-01
    1.06240302e-01 6.13927841e-01 8.45022917e-01 4.79015201e-01
    4.21422660e-01 3.53102982e-01 4.11576718e-01 2.87147880e-01
    9.79083002e-01 3.48726034e-01 9.69209909e-01 8.92500997e-01
    4.35533494e-01 4.51596767e-01 5.00537932e-01 3.91377926e-01
    6.37896776e-01 6.96279883e-01 7.31589794e-01 7.69533813e-01
    9.76722121e-01 6.80056810e-02 7.13253915e-02 6.40901923e-01
    4.41274047e-01 1.29609108e-02 5.25935769e-01 6.49181724e-01
    9.38911438e-01 3.04595023e-01 7.21873760e-01 4.63603824e-01
    3.18353504e-01 2.44403094e-01 2.30335504e-01 8.23949337e-01
    4.30712461e-01 3.49303722e-01 5.57888329e-01 5.94260097e-01
    4.36370134e-01 2.15253085e-01 3.46282542e-01 9.67754364e-01
    1.81390941e-02 2.05772132e-01 9.05714512e-01 4.30772662e-01
    8.49816799e-02 5.46257019e-01 7.92354524e-01 6.94055676e-01
    8.00210953e-01 7.01188087e-01 2.89999217e-01 9.73648071e-01
    7.18655348e-01 2.21995771e-01 6.51925385e-01 4.20918196e-01
    7.93678999e-01 2.69354880e-01 4.52941865e-01 7.38502979e-01
    2.00866520e-01 7.31806934e-01 1.28978789e-01 8.02667558e-01
    1.32005990e-01 6.87313557e-01 5.10483563e-01 4.25049067e-02
    4.42068219e-01 4.92974848e-01 2.55579889e-01 9.26439166e-01
    7.33821094e-01 7.20570207e-01 8.79685104e-01 8.95812631e-01
    1.30561501e-01 5.28864026e-01 2.22465575e-01 5.92741668e-02
    6.55462384e-01 5.12556076e-01 8.47290277e-01 8.77278447e-01
    6.88963056e-01 6.63664579e-01 7.10127056e-01 8.10813308e-01
    4.38545525e-01 5.06628692e-01 7.47453690e-01 5.02634585e-01
    7.32057512e-01 9.60545540e-01 1.76331699e-01 8.52417111e-01
    2.85722256e-01 9.79681075e-01 1.19737655e-01 1.85381144e-01
    2.11133957e-02 5.43230057e-01 2.67079771e-02 1.31998807e-01
    7.66678691e-01 2.36536860e-01 9.77405906e-01 2.55014479e-01
    9.78884697e-01 4.48334068e-01 1.06647015e-01 3.72204661e-01
    6.90187871e-01 1.79388404e-01 9.37682033e-01 8.07712972e-02
    2.33023375e-01 5.31685293e-01 8.14011693e-01 5.96577883e-01
    5.05025685e-01 2.37367272e-01 3.25782239e-01 4.74608898e-01
    5.64693630e-01 9.89559889e-02 3.89897913e-01 7.28634357e-01
    9.80850577e-01 9.53017354e-01 9.62247968e-01 8.13415408e-01
    3.69700164e-01 2.28891075e-02 7.62127817e-01 3.61083984e-01
    5.54395020e-01 3.70842159e-01 2.42918640e-01 2.85876036e-01
    9.66522455e-01 2.15855330e-01 5.41830838e-01 6.26402855e-01
    7.23875642e-01 3.50199640e-01 5.33190191e-01 9.39010799e-01
    1.21636689e-02 8.95829618e-01 8.85673523e-01 4.48183566e-01
    5.70788801e-01 9.43855584e-01 8.74815583e-01 2.56202698e-01
    6.86845183e-03 7.10351765e-01 5.22162378e-01 5.02024293e-01
    8.03151131e-01 3.71407211e-01 7.82560050e-01 7.21311808e-01
    6.58219874e-01 5.56001186e-01 7.16585696e-01 8.10135901e-02
    8.35637867e-01 2.89337695e-01 6.36350274e-01 4.55531985e-01
    5.56877673e-01 1.27104133e-01 1.15725160e-01 2.96150804e-01
    3.01429033e-01 9.17515159e-01 5.78066468e-01 1.45704210e-01
    5.79246283e-01 7.61843443e-01 5.44345438e-01 4.46612298e-01
    6.37420177e-01 2.34978527e-01 4.65154916e-01 2.11007386e-01
    2.55133629e-01 8.66247177e-01 7.21148968e-01 6.19722903e-01
    8.03195119e-01 3.74095380e-01 9.75884974e-01 4.36185956e-01
    3.96463126e-01 9.03669059e-01 4.04651165e-01 8.34938943e-01
    3.07804734e-01 2.70276755e-01 1.40699118e-01 1.55631930e-01
    9.61067915e-01 5.04150689e-01 4.44417000e-01 1.53453559e-01
    2.50205219e-01 8.93965662e-01 7.40123868e-01 2.07960784e-01
    5.37058413e-01 2.35573918e-01 7.24790096e-01 3.30917180e-01
    4.79835302e-01 3.86504203e-01 6.99213624e-01 7.83937991e-01
    5.95425963e-01 4.16371912e-01 2.80427098e-01 9.47987676e-01
    2.61768043e-01 1.08268499e-01 8.54423285e-01 9.57592964e-01
    3.92301232e-01 2.72728562e-01 7.81355858e-01 3.27062517e-01
    2.20347345e-01 4.18398499e-01 6.09358907e-01 2.99220890e-01
    9.90080953e-01 3.86833251e-02 2.27540493e-01 4.15575087e-01
    2.39983320e-01 2.27329016e-01 9.56945181e-01 5.40879726e-01
    6.78002357e-01 9.60736334e-01 9.18054104e-01 1.51692718e-01
    8.12174916e-01 3.00657749e-01 1.66052431e-01 3.33302259e-01
    9.23333764e-02 9.03529286e-01 9.88221884e-01 7.62560010e-01
    6.51178420e-01 1.70320570e-01 1.67621762e-01 3.36164951e-01
    9.44706738e-01 7.18090951e-01 8.35821390e-01 9.51038361e-01
    4.72120166e-01 9.48474407e-01 6.00382388e-02 7.24327564e-02
    4.90162313e-01 7.10029066e-01 3.38406265e-01 4.93341833e-01
    6.27215326e-01 2.36394167e-01 8.02663863e-01 4.62037176e-01
    5.61081648e-01 5.64268827e-01 9.88744438e-01 1.29085243e-01
    9.43186641e-01 3.00068557e-01 9.59600806e-01 5.77429593e-01
    9.19792533e-01 2.75022745e-01 3.67094219e-01 7.87052870e-01
    5.25508821e-01 2.30086297e-01 3.45371425e-01 7.27896452e-01
    1.99857652e-01 6.08450353e-01 2.08192348e-01 3.53998125e-01
    7.94747591e-01 8.67943585e-01 9.02733445e-01 4.19347405e-01
    4.75920349e-01 5.85696876e-01 8.74571681e-01 4.06540573e-01
    2.88857818e-02 7.43432999e-01 6.63334012e-01 8.78915906e-01
    2.27011949e-01 2.89829850e-01 9.50661302e-02 1.73657477e-01
    5.95832765e-02 8.99466455e-01 5.82957387e-01 4.48555976e-01
    7.98260808e-01 5.46338558e-02 9.86256301e-02 7.86353707e-01
    9.85390902e-01 4.05463487e-01 6.40209913e-02 7.80246377e-01
    2.94012129e-01 3.27872217e-01 7.61383653e-01 7.92685628e-01
    9.53242779e-01 3.40560079e-02 2.36201882e-01 3.33382875e-01
    3.48235369e-01 8.16051722e-01 9.75870132e-01 9.41916108e-01
    6.29329264e-01 3.77856970e-01 6.11756444e-02 5.62660992e-01
    2.55683661e-02 1.56535655e-01 9.15457249e-01 1.13023788e-01
    7.79918015e-01 5.56314051e-01 4.51832473e-01 7.10266173e-01
    8.80784035e-01 8.00224245e-01 5.83361804e-01 9.27387595e-01
    3.05291981e-01 3.80862981e-01 8.42144847e-01 2.43523270e-01
    2.04752952e-01 9.01662230e-01 1.48490071e-03 6.80661201e-01
    6.30289316e-01 2.66753018e-01 5.44966161e-02 8.36172283e-01
    4.39828664e-01 9.37977195e-01 5.05403459e-01 7.94516087e-01
    4.12598550e-01 9.54890251e-01 9.87561703e-01 6.17648244e-01
    6.43864453e-01 7.07629561e-01 7.76222944e-02 1.52024537e-01
    9.59798455e-01 6.13735557e-01 5.31973839e-02 3.30122709e-02
    4.90948677e-01 7.17797279e-01 7.45624900e-01 2.96220183e-02
    9.44468975e-02 9.18065190e-01 5.45853913e-01 2.91421771e-01
    2.56660044e-01 6.14871264e-01 1.73808217e-01 6.03189230e-01
    4.73325551e-01 5.90607941e-01 5.20162225e-01 6.54799759e-01
    1.50042355e-01 6.86221361e-01 5.67323327e-01 9.97325301e-01
    8.11242461e-01 4.72135156e-01 4.46951032e-01 6.16906583e-01
    3.26451898e-01 7.45015144e-01 4.09931839e-02 1.52604580e-01
    8.54064643e-01 1.29218757e-01 5.68840683e-01 1.56766027e-01
    2.24160254e-01 1.49936050e-01 1.81308836e-01 4.27497089e-01
    7.67072797e-01 4.85129356e-02 3.20021242e-01 7.68270016e-01
    9.09008265e-01 2.59266198e-01 1.31238133e-01 6.63939953e-01
    1.61461741e-01 2.77563155e-01 8.63556266e-01 6.39638484e-01
    4.23550427e-01 8.72334301e-01 9.63590741e-01 8.33491683e-02
    3.21008891e-01 2.83229887e-01 7.66883194e-02 6.81144357e-01
    8.48968863e-01 4.50537324e-01 2.86789834e-02 7.80565083e-01
    1.42928839e-01 1.81511849e-01 4.81131673e-03 9.27929997e-01
    8.92895103e-01 4.97638732e-01 5.82296491e-01 3.72769535e-01
    9.16345060e-01 6.55697882e-02 1.07670397e-01 4.67145503e-01
    2.55086303e-01 4.53048706e-01 9.81195271e-01 9.22414303e-01
    5.74337125e-01 4.85453248e-01 6.50907278e-01 5.19002855e-01
    8.82186949e-01 9.15464878e-01 9.35430765e-01 7.59660125e-01
    2.46974707e-01 5.40921330e-01 9.10650015e-01 7.08600283e-01
    4.39134955e-01 7.90656805e-01 8.68734717e-02 9.34095383e-01
    2.46430546e-01 6.26498163e-01 3.28146845e-01 3.47641796e-01
    4.31930691e-01 6.53037190e-01 5.33040285e-01 2.29986608e-02
    8.05134177e-01 6.02313101e-01 8.18866491e-02 3.33751142e-02
    6.93537354e-01 6.16213322e-01 6.70873761e-01 7.32115209e-01
    4.40568089e-01 3.48397195e-01 5.33539057e-01 3.21879536e-01
    1.82031751e-01 4.17646766e-03 3.83775979e-01 3.79590929e-01
    3.84989440e-01 8.50267172e-01 6.77756190e-01 4.03971583e-01
    3.65481019e-01 2.99319446e-01 9.27473187e-01 5.33356190e-01
    1.42538399e-01 4.30085212e-01 6.24657869e-01 4.29028809e-01
    2.42268324e-01 5.74436545e-01 7.08520770e-01 5.30190349e-01
    2.14081049e-01 1.71816945e-01 2.28494316e-01 9.02377963e-01
    6.29670143e-01 1.23111665e-01 3.82347018e-01 4.94042933e-02
    2.72891313e-01 2.62993455e-01 2.66843736e-02 1.09506428e-01
    2.24181414e-01 7.91223168e-01 9.88886118e-01 9.06839252e-01
    9.17171061e-01 4.07227099e-01 5.32624841e-01 5.83674073e-01
    7.82132506e-01 3.39917362e-01 2.07757443e-01 9.58101094e-01
    7.80724883e-02 8.28433514e-01 3.36794555e-01 1.54556870e-01
    2.55203426e-01 8.76049280e-01 7.86536157e-01 8.98332238e-01
    5.21478772e-01 5.07943332e-01 3.62395704e-01 6.56565368e-01
    1.59688354e-01 7.05816209e-01 6.02427304e-01 3.32980156e-02
    3.15634966e-01 3.84928167e-01 9.47514772e-01 1.39183760e-01
    5.26011765e-01 3.75730038e-01 5.47173321e-01 6.54853582e-01
    2.16426164e-01 5.51693201e-01 5.45721591e-01 8.87722731e-01
    6.74562573e-01 9.23630238e-01 2.09659457e-01 6.63180351e-01
    5.17557144e-01 4.77896392e-01 2.83442080e-01 6.70885921e-01
    4.02687669e-01 4.91602272e-01 3.64525318e-02 2.10465103e-01
    7.96988487e-01 4.77760285e-01 1.78754061e-01 9.90846872e-01
    3.14572543e-01 3.63285065e-01 1.65115148e-01 6.22239947e-01
    3.42497230e-01 4.99179542e-01 1.85370922e-01 7.75626302e-02
    1.57071590e-01 8.51020575e-01 6.68037295e-01 6.29182756e-01
    4.10420239e-01 1.28301710e-01 7.31551886e-01 7.67605126e-01
    9.42903876e-01 6.80979490e-01 8.12948763e-01 9.27440822e-01
    3.41731608e-02 3.93549800e-01 7.16904163e-01 6.30546570e-01
    1.19685441e-01 4.61012185e-01 6.86772108e-01 5.24780452e-01
    3.71208698e-01 5.28497398e-01 7.41174161e-01 8.42774451e-01
    3.77959371e-01 8.35853577e-01 9.61823821e-01 6.20393634e-01
    9.43391621e-02 3.69597167e-01 1.06328726e-02 7.83697963e-02
    5.37933707e-01 6.43745124e-01 6.24362350e-01 8.89665127e-01
    7.01459229e-01 8.21248293e-01 8.40874672e-01 1.52184904e-01
    9.71947253e-01 5.98592758e-01 9.07766461e-01 8.28644276e-01
    3.99310410e-01 6.15738571e-01 9.09841299e-01 4.89618331e-01
    1.18080527e-01 8.27840209e-01 1.10769778e-01 5.98664522e-01
    4.01694477e-01 3.67369354e-01 2.17805922e-01 3.50818247e-01
    7.19738603e-01 5.32787740e-01 4.38344806e-01 9.71053600e-01
    7.59125352e-02 5.85136116e-01 5.06351531e-01 6.14689469e-01
    3.14311236e-01 7.70892262e-01 2.21388429e-01 2.76867986e-01
    2.87312418e-01 3.33015591e-01 2.01086879e-01 2.50301838e-01
    7.95670509e-01 5.93838751e-01 7.70069242e-01 6.84209466e-01
    5.16295135e-02 7.65207767e-01 8.83041918e-01 8.58410835e-01
    1.77644700e-01 3.91249776e-01 6.39657974e-01 2.04247922e-01
    6.32418334e-01 9.22453403e-03 4.37898964e-01 1.61405802e-02
    9.53692079e-01 6.70508444e-02 5.40569484e-01 3.05756241e-01
    2.67061770e-01 2.11049229e-01 3.07688117e-01 8.62770319e-01
    1.46782815e-01 9.99320924e-01 4.06079262e-01 5.40679991e-01
    2.37879813e-01 9.70370591e-01 7.91529655e-01 4.34958786e-01
    9.47267175e-01 9.04540241e-01 7.20313370e-01 3.28750372e-01
    1.09126836e-01 4.63176250e-01 7.12969899e-01 2.87339270e-01
    8.79324913e-01 9.28349018e-01 7.34945357e-01 8.64261627e-01
    4.18697119e-01 4.31158364e-01 4.42492932e-01 4.50922519e-01
    2.36515850e-01 3.91128898e-01 1.00300908e-01 6.64570451e-01
    4.45536107e-01 5.79451025e-01 3.04444849e-01 3.81840467e-01
    9.53105569e-01 7.46546924e-01 5.16920447e-01 5.23362160e-01
    1.41499341e-01 8.94071579e-01 7.47194648e-01 9.99141157e-01
    9.69468653e-01 6.79873645e-01 8.99969339e-01 5.89621007e-01
    1.52089685e-01 8.77208650e-01 3.39941353e-01 4.44142342e-01
    7.27704942e-01 2.20731139e-01 4.38113391e-01 8.27358305e-01
    1.42619073e-01 2.88669169e-02 2.12048233e-01 4.83033150e-01
    8.28102469e-01 4.44668382e-01 8.00102115e-01 9.98906136e-01
    9.29710984e-01 4.46692407e-01 3.51205170e-02 2.75812745e-02
    8.15110803e-01 3.88115644e-03 8.44534636e-01 2.03636289e-02
    4.38422024e-01 7.01290488e-01 4.13343042e-01 5.14419913e-01
    6.76708102e-01 7.43002653e-01 1.83996052e-01 9.33382273e-01
    2.35723495e-01 8.67450953e-01 2.80596912e-02 7.22672462e-01
    4.94997829e-01 4.22602832e-01 3.37936670e-01 4.87173021e-01
    1.73410296e-01 4.46448624e-02 6.01086199e-01 6.16192102e-01
    3.75292301e-01 3.43546778e-01 3.95457089e-01 9.09364223e-03
    3.46476704e-01 2.49499112e-01 3.46390665e-01 3.97966534e-01
    9.44674969e-01 3.53003442e-01 8.42436254e-02 5.94533384e-01
    7.92264521e-01 7.35572219e-01 3.38149726e-01 5.51120639e-01
    4.09377247e-01 2.13968426e-01 8.43020976e-01 4.46051478e-01
    2.11924344e-01 7.26522326e-01 3.00369263e-01 7.07243800e-01
    8.48172665e-01 7.29785085e-01 7.82915235e-01 1.51150584e-01
    2.55712241e-01 1.28580660e-01 5.85417867e-01 8.02399516e-01
    6.68106675e-02 1.23221397e-01 7.67455697e-01 4.90221024e-01
    9.40450072e-01 5.85453629e-01 8.78114343e-01 3.01342875e-01
    9.92835760e-01 5.76525569e-01 2.23335713e-01 1.61602885e-01
    2.61119008e-02 5.56845784e-01 9.70821679e-01 6.12494648e-01
    5.07203519e-01 7.85474658e-01 4.61960405e-01 2.94102371e-01
    1.07126623e-01 4.83819723e-01 3.03182006e-03 6.56667352e-02
    8.29025507e-01 9.00681913e-01 7.92396665e-01 5.48032761e-01
    3.05860072e-01 7.54231811e-01 7.25372255e-01 1.02728307e-01
    8.22070122e-01 5.11429310e-01 8.60613227e-01 6.66032195e-01
    7.82796264e-01 3.25393349e-01 5.04251182e-01 2.89965391e-01
    9.64696586e-01 3.04606140e-01 9.24536467e-01 3.39953005e-01
    5.95983326e-01 2.78637230e-01 3.68671954e-01 5.58230162e-01
    4.49165136e-01 9.34310913e-01 6.68770492e-01 1.41149759e-02
    8.44950736e-01 9.82511997e-01 1.70699596e-01 2.49160290e-01
    9.07768726e-01 6.59859121e-01 2.15173692e-01 6.93290949e-01
    7.11055219e-01 5.12457132e-01 7.60499358e-01 7.19053686e-01
    2.44483143e-01 9.10776377e-01 7.10399985e-01 3.50392908e-01
    9.54598486e-01 1.87225044e-02 9.63070810e-01 3.47415805e-02
    8.04376841e-01 1.23044729e-01 4.59099799e-01 2.26128191e-01
    6.12275183e-01 1.02908164e-01 1.02645695e-01 6.75878525e-02
    5.79959154e-02 8.54362965e-01 3.35288346e-01 5.34635484e-02
    3.52793038e-01 1.75825655e-01 6.52878582e-02 8.54024649e-01
    7.23924160e-01 6.34766221e-02 4.73536253e-02 2.36615360e-01
    5.55965483e-01 1.74070567e-01 7.75005698e-01 9.17779386e-01
    2.75772750e-01 7.98070192e-01 2.26094514e-01 2.86437064e-01
    8.05832624e-01 7.50348389e-01 6.24058545e-02 3.84578109e-03
    1.91359073e-01 7.71905720e-01 4.63177830e-01 4.62299883e-01
    4.90198970e-01 7.27201998e-01 2.18286514e-01 7.44920015e-01
    9.70556915e-01 6.91351414e-01 4.35190797e-01 9.86231923e-01
    9.54707563e-01 5.39747238e-01 7.27901280e-01 9.27538514e-01
    9.30325985e-01 1.92470491e-01 1.82089210e-01 7.20619798e-01
    4.14562106e-01 7.32964277e-01 5.67691386e-01 5.17458379e-01
    7.73430824e-01 3.10168266e-02 6.89953089e-01 1.97456777e-01
    1.33799464e-01 4.73339260e-02 1.09977245e-01 9.86988485e-01
    8.22956443e-01 4.36455220e-01 8.62162471e-01 2.80375659e-01
    4.24647480e-01 4.85380590e-01 2.50670016e-01 8.87953162e-01
    6.33252144e-01 2.37068027e-01 8.95151138e-01 7.65179992e-01
    5.26413321e-01 6.14237368e-01 7.00332046e-01 6.44407690e-01
    7.64970422e-01 7.92379141e-01 7.68162906e-02 9.34151530e-01
    1.46109670e-01 4.40151691e-02 2.36471981e-01 2.43813455e-01
    8.68884087e-01 6.93976939e-01 2.09550500e-01 3.92640829e-01
    4.87277448e-01 3.94419909e-01 2.70959795e-01 1.97555721e-01
    3.28447014e-01 8.40683579e-01 3.62250388e-01 8.01510811e-01
    1.83490485e-01 3.79500926e-01 8.81307602e-01 4.41498220e-01
    1.87539726e-01 2.86414206e-01 1.13433152e-01 7.79393792e-01
    4.51081455e-01 7.37340450e-02 4.28903133e-01 6.32956862e-01
    9.43478644e-02 9.85679030e-01 8.12908649e-01 3.73459280e-01
    9.38781738e-01 1.59970939e-01 6.61983490e-01 9.56664681e-01
    1.24405891e-01 9.47405219e-01 3.61324787e-01 6.96734965e-01
    8.36461544e-01 4.45253223e-01 9.14459705e-01 8.06056023e-01
    5.38186848e-01 1.66609555e-01 6.52708411e-01 6.09227300e-01
    3.86036068e-01 5.30294955e-01 1.43914133e-01 4.88189042e-01
    9.32729483e-01 1.60134196e-01 6.64420068e-01 3.46660733e-01
    6.68809235e-01 5.50455749e-02 2.13549584e-01 4.28576112e-01
    1.60756886e-01 6.32738054e-01 9.38392282e-01 2.25434929e-01
    9.41429555e-01 4.60685968e-01 4.01549459e-01 6.57936931e-01
    4.41732109e-02 9.53203857e-01 6.56457484e-01 8.39493752e-01
    1.12460047e-01 1.60645008e-01 8.12600076e-01 8.65610540e-02
    4.96001869e-01 1.94598705e-01 6.79934740e-01 9.45658445e-01
    1.32646918e-01 4.74257201e-01 2.34893650e-01 7.95190632e-02
    4.35083032e-01 6.90862477e-01 7.85451412e-01 7.41208494e-02
    5.86243272e-01 3.69845152e-01 7.99516439e-01 1.71930850e-01
    6.65795684e-01 2.83349156e-01 2.06530392e-02 8.07701111e-01
    2.01780617e-01 4.63682592e-01 2.97186017e-01 1.02832317e-02
    7.28952289e-02 6.68076456e-01 3.38436663e-01 5.46156466e-01
    6.63002610e-01 4.89194095e-01 3.99624050e-01 3.33310366e-01
    8.11410427e-01 5.77687442e-01 9.46791887e-01 4.62588876e-01
    9.85985935e-01 6.90285802e-01 5.59259295e-01 3.88903141e-01
    7.72583365e-01 2.50973105e-01 7.53186941e-01 9.11489069e-01
    6.62193954e-01 3.40618134e-01 3.33784282e-01 6.76010251e-02
    3.66893858e-01 8.65471065e-01 2.78064370e-01 8.69054079e-01
    9.53112721e-01 9.00651693e-01 4.05955523e-01 5.67835093e-01
    1.15360200e-01 9.73441601e-01 9.94444728e-01 6.52100921e-01
    2.48140752e-01 5.14936984e-01 1.87429994e-01 6.13087714e-02
    6.45287097e-01 7.32928336e-01 5.17921090e-01 7.57905483e-01
    8.76061559e-01 4.97960240e-01 2.07725823e-01 7.26640582e-01
    5.74833512e-01 3.53105485e-01 2.03348458e-01 4.16891873e-01
    6.31740093e-02 4.16943550e-01 6.31032944e-01 2.51710445e-01
    7.65906572e-01 5.40106118e-01 4.61828232e-01 2.97650993e-01
    5.45878947e-01 9.55758572e-01 4.95826930e-01 3.47849429e-01
    2.48231590e-01 9.02978182e-01 6.17696345e-02 7.00301588e-01
    5.47574937e-01 2.74631709e-01 8.36698115e-01 5.39239049e-02
    1.85692072e-01 1.04073972e-01 2.61403203e-01 3.05568814e-01
    4.95385140e-01 2.25742042e-01 2.52165794e-02 4.95592058e-01
    9.70097184e-01 4.93444324e-01 7.54921734e-01 3.25764239e-01
    6.85650885e-01 5.76146364e-01 2.70985663e-01 2.31349766e-01
    2.79531449e-01 9.21232700e-01 1.35484844e-01 3.30710948e-01
    8.91697228e-01 4.98672217e-01 8.64208817e-01 5.51769435e-02
    3.95586818e-01 3.72317433e-03 4.33297306e-01 4.98381615e-01
    5.56124389e-01 2.37918198e-01 8.06338966e-01 8.05994093e-01
    1.70273781e-02 7.84986258e-01 7.71746397e-01 3.43503356e-01
    6.72900617e-01 6.35260224e-01 2.96083272e-01 1.48341179e-01
    9.59168196e-01 8.65221083e-01 3.37814093e-02 7.38262415e-01
    4.30473179e-01 1.05996609e-01 7.32424021e-01 3.73404473e-01
    3.72219086e-02 7.87741423e-01 9.03592110e-01 7.89619327e-01
    9.34532762e-01 9.74268138e-01 7.50835299e-01 6.41503274e-01
    7.00181961e-01 8.05195570e-01 9.88608778e-01 7.53915310e-01
    6.60298049e-01 1.27457857e-01 5.38840473e-01 7.76238561e-01
    7.37965822e-01 6.40168965e-01 2.28224367e-01 8.32524061e-01
    8.48146915e-01 9.16876853e-01 2.92662561e-01 8.85893345e-01
    7.84127951e-01 5.30086160e-01 2.00704843e-01 9.92079198e-01
    7.77842283e-01 1.40507758e-01 8.95115495e-01 8.69630873e-02
    4.31256354e-01 7.87689328e-01 3.17032337e-02 3.95115316e-01
    2.99981534e-02 9.94481206e-01 8.64309967e-02 5.82039177e-01
    9.09958005e-01 7.79599309e-01 1.16822571e-01 2.23196477e-01
    8.25427532e-01 1.72353983e-01 1.66699558e-01 7.28546679e-01
    8.43673110e-01 9.00133252e-01 8.77435803e-01 8.08321476e-01
    5.27728915e-01 5.78234673e-01 3.56854469e-01 9.68953013e-01
    4.51769650e-01 1.56472921e-02 7.88442791e-01 9.66450810e-01
    8.94994259e-01 1.73887312e-01 9.01529193e-01 9.83490944e-01
    3.75389338e-01 2.24566758e-01 3.60250950e-01 1.15100741e-01
    4.61197793e-01 5.12879133e-01 6.19930863e-01 4.40564454e-02
    9.51071918e-01 8.67672682e-01 1.70938224e-01 6.38263702e-01
    6.20895386e-01 1.19850397e-01 5.45647502e-01 3.32590818e-01
    8.65860343e-01 8.99260104e-01 9.12827253e-01 8.91060233e-02
    9.49166834e-01 4.45286334e-01 8.70470762e-01 3.12573373e-01
    8.14912379e-01 6.06295109e-01 4.10380661e-01 9.00858939e-02
    5.52931726e-02 5.66106737e-01 2.75605321e-01 6.60816431e-01
    7.79859662e-01 9.22514915e-01 7.95865893e-01 5.30713081e-01
    7.34436631e-01 3.19691479e-01 7.24185109e-02 8.97476315e-01
    6.48970723e-01 4.74792570e-01 9.64982331e-01 7.74170756e-02
    7.75218606e-01 5.96837103e-02 7.57076383e-01 2.43950248e-01
    9.31951880e-01 1.24480605e-01 9.63822961e-01 6.06470764e-01
    2.20341325e-01 9.23506260e-01 6.27061188e-01 3.43750358e-01
    7.90609002e-01 6.29845381e-01 3.37389261e-01 2.60171384e-01
    9.50211406e-01 7.95351505e-01 6.06917262e-01 3.50297868e-01
    1.98209256e-01 8.15792084e-01 5.06752670e-01 9.78856206e-01
    1.48900062e-01 7.75090456e-01 8.66501808e-01 4.77632344e-01
    1.55778766e-01 5.36512792e-01 6.08444035e-01 4.68219519e-01
    4.26096588e-01 7.72584081e-01 1.39172137e-01 1.15088224e-02
    1.71645075e-01 3.35013926e-01 2.95689166e-01 4.81171310e-01
    6.25632107e-01 3.40813130e-01 1.86562508e-01 8.25821221e-01
    3.57654810e-01 8.04929614e-01 2.98005044e-01 8.63400936e-01
    9.87594128e-02 3.50926280e-01 3.87630522e-01 4.11168635e-01
    3.34155649e-01 4.13461983e-01 6.77404165e-01 8.73736739e-01
    5.59912205e-01 8.03318739e-01 1.15998268e-01 3.26428711e-01
    8.18477035e-01 3.01621556e-01 7.62102008e-01 3.89478087e-01
    8.82930219e-01 9.68880892e-01 7.82528758e-01 4.29884017e-01
    8.79998982e-01 8.67078066e-01 4.86078113e-01 1.54352278e-01
    1.33194208e-01 7.31856465e-01 1.60200357e-01 9.78699625e-01
    6.00197673e-01 1.71234727e-01 9.38378870e-01 9.14708018e-01
    3.55634749e-01 9.47155058e-01 7.82520413e-01 4.49452996e-02
    4.57230091e-01 9.72983837e-01 2.31957883e-01 6.04256690e-02
    2.35189140e-01 9.09943581e-02 7.55830884e-01 7.46902347e-01
    7.63750196e-01 9.86807406e-01 6.85950339e-01 5.17632008e-01
    7.67698646e-01 6.21998191e-01 9.15834308e-03 4.63147283e-01
    7.65207708e-01 5.17681837e-01 7.50791371e-01 5.29515564e-01
    3.61512005e-01 7.92644918e-02 4.02453542e-01 2.95306921e-01
    4.13658321e-01 1.29359305e-01 4.16236907e-01 2.46823847e-01
    7.61990905e-01 6.18318319e-01 6.38096273e-01 3.21065873e-01
    7.13222146e-01 1.33544713e-01 8.30281019e-01 7.37893581e-03
    9.12064373e-01 3.68530452e-01 8.14531088e-01 2.49067903e-01
    4.39574271e-01 7.42738187e-01 9.99701142e-01 7.62901485e-01
    1.91161275e-01 7.24894106e-02 2.39047885e-01 2.85121918e-01
    1.46277159e-01 9.13385510e-01 2.70282030e-01 8.22009623e-01
    1.72503769e-01 5.75694084e-01 3.70186090e-01 6.66401863e-01
    9.86842752e-01 1.17799193e-01 6.44849777e-01 7.13723779e-01
    1.06550694e-01 7.53053427e-02 9.71731246e-01 9.29763138e-01
    7.06617475e-01 5.07730246e-01 9.91448164e-01 4.72485065e-01
    4.28915828e-01 5.15224516e-01 7.79472470e-01 7.37822890e-01
    2.24381596e-01 1.02922559e-01 8.55540872e-01 1.78124040e-01
    5.36088347e-01 2.23169029e-01 6.02918327e-01 2.74412394e-01
    5.54011703e-01 9.69540596e-01 9.58675504e-01 2.55719483e-01
    8.78388584e-02 3.85130584e-01 3.50819737e-01 7.08059013e-01
    8.48466396e-01 1.12217009e-01 1.43383145e-02 4.45120782e-01
    4.86091614e-01 3.43841016e-01 7.72530317e-01 4.73458678e-01
    3.57221484e-01 1.92101121e-01 1.28184050e-01 1.42652810e-01
    8.59337807e-01 2.72008181e-01 6.52348936e-01 7.07375467e-01
    1.53538436e-01 2.46754169e-01 8.76013279e-01 5.94347179e-01
    7.08364367e-01 4.72676814e-01 9.72793698e-01 9.32852864e-01
    4.13938105e-01 4.00321692e-01 2.02581495e-01 1.64181590e-01
    9.30329084e-01 5.38075864e-02 8.31798196e-01 3.41059238e-01
    4.12944198e-01 1.16349757e-02 1.59258872e-01 4.76972073e-01
    5.03473580e-01 6.07192278e-01 2.87088752e-02 6.21174097e-01
    5.10605276e-01 8.02360117e-01 2.18817294e-02 3.19304109e-01
    8.03090394e-01 3.88450623e-02 7.70206451e-01 4.03864115e-01
    2.96590626e-01 7.78351009e-01 8.08088660e-01 5.91478229e-01
    3.70500207e-01 9.83170986e-01 8.43456805e-01 4.06927913e-01
    4.53929901e-01 2.35733777e-01 2.94735551e-01 4.52280045e-02
    9.49944377e-01 9.82222438e-01 7.42702305e-01 7.09989130e-01
    4.75323915e-01 5.70292771e-02 3.22536618e-01 8.01623702e-01
    4.55483794e-02 1.65426016e-01 4.85846639e-01 4.46487993e-01
    5.06035209e-01 4.63404655e-02 5.44114232e-01 6.30898535e-01
    1.48966044e-01 4.45519090e-01 2.65775949e-01 3.75643104e-01
    9.20712709e-01 5.63851297e-02 7.07207322e-01 5.65201581e-01
    9.30175483e-01 7.30082750e-01 6.12279654e-01 4.41820323e-02
    6.45980477e-01 9.52142000e-01 6.44096315e-01 1.56750232e-01
    8.33902717e-01 6.98672175e-01 9.15713310e-01 8.64485025e-01
    9.55857396e-01 9.42276120e-02 3.62105757e-01 7.50069618e-01
    8.87853146e-01 5.11257231e-01 7.25473285e-01 1.64520800e-01
    2.85371363e-01 7.53696620e-01 2.15579152e-01 9.95270133e-01
    6.58576071e-01 2.36395955e-01 2.91506708e-01 4.29397821e-03
    4.02199805e-01 4.71761525e-01 1.82830751e-01 5.96918941e-01
    7.52479792e-01 2.69299507e-01 1.75997168e-01 1.33834332e-01
    2.68437862e-01 1.70415819e-01 6.50904357e-01 4.74538594e-01
    5.27752459e-01 4.83816087e-01 3.35964143e-01 7.34412789e-01
    5.43763340e-01 7.64822483e-01 2.21323371e-02 8.52123141e-01
    2.80274421e-01 8.27594399e-01 9.62139130e-01 8.99568796e-01
    4.41155106e-01 8.36309552e-01 7.12565303e-01 6.60393357e-01
    6.46978736e-01 1.96739405e-01 1.05125338e-01 2.29688227e-01
    6.09444082e-01 8.50202203e-01 1.02859378e-01 5.48239529e-01
    7.90811062e-01 8.76534462e-01 2.06028521e-01 1.72935069e-01
    1.03479326e-01 1.07600302e-01 1.97999954e-01 2.54248977e-02
    9.08612370e-01 5.28782606e-01 5.36591589e-01 4.84278649e-01
    4.89867032e-01 4.12499517e-01 2.02582151e-01 8.98309588e-01
    1.99099898e-01 3.06882262e-01 2.30704695e-01 3.68667960e-01
    5.90441406e-01 3.68803978e-01 6.09755695e-01 7.08598197e-02
    1.84421122e-01 2.58106768e-01 4.99312967e-01 8.52445364e-01
    9.00439799e-01 7.70521760e-01 4.35703188e-01 6.58326387e-01
    2.02022374e-01 2.10229963e-01 6.44367039e-02 4.21581030e-01
    8.36806357e-01 6.05447233e-01 3.45155478e-01 5.35908997e-01
    6.14344239e-01 5.46116829e-01 8.49293351e-01 9.55269933e-01
    7.46182919e-01 5.75852036e-01 4.40375179e-01 1.87454462e-01
    6.00560725e-01 6.84259415e-01 8.20626915e-02 7.16267586e-01
    6.95474029e-01 6.40015423e-01 2.01766491e-02 1.70874447e-01
    9.07397747e-01 6.72999144e-01 3.21673483e-01 3.16617787e-01
    5.14374077e-01 3.57725412e-01 1.83337003e-01 8.83177638e-01
    6.10537231e-02 9.21961665e-02 1.06467128e-01 7.23445296e-01
    4.70596194e-01 8.42867494e-01 5.37414730e-01 1.22586519e-01
    9.19409275e-01 5.79935849e-01 3.58135641e-01 5.98736942e-01
    3.90087068e-01 9.27742839e-01 8.16524863e-01 3.55153739e-01
    6.17299080e-01 8.37935686e-01 4.98975217e-01 9.67498302e-01
    6.09290302e-02 9.10493374e-01 8.50539804e-02 3.88560712e-01
    8.52490544e-01 5.09892046e-01 5.79990625e-01 6.92348242e-01
    2.16556966e-01 6.22704327e-01 7.28941917e-01 3.36096168e-01
    5.70533037e-01 9.08678651e-01 6.34364605e-01 8.57078791e-01
    2.79017448e-01 1.55173272e-01 9.58683193e-01 3.80110443e-01
    9.77191329e-01 1.42835855e-01 7.75993586e-01 2.43300468e-01
    6.85425520e-01 2.68180847e-01 6.66624367e-01 3.14389378e-01
    9.77123141e-01 7.84066081e-01 5.17089128e-01 2.53520101e-01
    3.77092361e-02 6.34113312e-01 8.05115998e-01 3.45635176e-01
    4.24016118e-01 6.71928644e-01 8.67069840e-01 8.25370848e-02
    3.99770916e-01 9.15805697e-01 6.94775820e-01 2.66470492e-01
    4.70158488e-01 2.02842742e-01 8.16245317e-01 5.36996126e-01
    7.42412508e-02 3.86212289e-01 1.15490019e-01 8.02673101e-02
    2.65512317e-01 1.61007941e-02 9.96739089e-01 1.43103659e-01
    5.56607485e-01 4.91390973e-01 6.67700648e-01 9.01782393e-01
    6.82590663e-01 4.77413654e-01 2.71885902e-01 1.99271262e-01
    4.70854282e-01 8.57078910e-01 6.45283580e-01 8.34673941e-01
    2.04945862e-01 1.53215617e-01 4.58497643e-01 6.98127747e-02
    4.23872083e-01 5.19964397e-01 6.62615478e-01 6.28926516e-01
    3.95901501e-02 1.20306969e-01 8.47966194e-01 3.03891897e-02
    6.03068769e-01 9.83842969e-01 5.64031959e-01 4.44847167e-01
    6.28800631e-01 2.85079032e-01 2.49987155e-01 6.14413977e-01
    7.25069404e-01 2.51040637e-01 2.61178613e-03 7.55092919e-01
    7.90229380e-01 4.86275911e-01 3.64570320e-01 2.54471838e-01
    6.72852457e-01 1.81952089e-01 8.60372782e-02 4.81774062e-01
    8.13409746e-01 7.51375258e-02 1.31058246e-01 4.55861658e-01
    3.86922717e-01 2.35919654e-02 2.92991817e-01 3.50941718e-02
    7.09017456e-01 7.56277025e-01 8.50410640e-01 1.77706778e-01
    8.70387793e-01 5.98295689e-01 2.03712165e-01 7.21857309e-01
    8.44440699e-01 6.43920422e-01 6.09646320e-01 8.00835252e-01
    2.79351979e-01 5.70858181e-01 2.36583143e-01 5.97861826e-01
    6.34610057e-01 7.38015294e-01 8.06978703e-01 6.79627776e-01
    2.20500618e-01 5.18306494e-02 9.77627397e-01 2.36521512e-01
    1.51142478e-01 3.26138079e-01 9.87655163e-01 8.88462007e-01
    7.54500031e-01 3.01367372e-01 6.25650585e-02 6.16494358e-01
    1.53031051e-01 5.41146219e-01 9.40904498e-01 7.16029108e-02
    6.40253007e-01 8.84736419e-01 5.34093916e-01 2.22569495e-01
    9.45300937e-01 3.16957355e-01 8.73343050e-02 7.41312504e-02
    5.10677755e-01 5.11603892e-01 2.81460404e-01 1.55967861e-01
    8.72368813e-01 8.23788702e-01 5.43268502e-01 9.04623389e-01
    5.54444313e-01 6.37613714e-01 7.08550096e-01 6.85642838e-01
    5.20002127e-01 7.70198166e-01 9.40556049e-01 8.56319785e-01
    1.46999240e-01 4.08755660e-01 2.20121235e-01 2.78174877e-02
    1.33862436e-01 5.07093549e-01 1.87346309e-01 8.10674489e-01
    1.66110158e-01 2.68554837e-01 8.51911724e-01 2.36808091e-01
    5.12575507e-01 1.03974342e-01 2.20826417e-01 8.72071862e-01
    3.79975140e-01 8.29929709e-01 4.03091699e-01 9.43908870e-01
    5.84508419e-01 8.17492485e-01 8.59991908e-01 8.27449560e-02
    2.79955983e-01 4.63295132e-01 8.16911459e-01 3.86056632e-01
    6.09645069e-01 5.01822174e-01 8.05970192e-01 2.22164720e-01
    9.36266243e-01 8.24060023e-01 6.12188578e-01 7.59967506e-01
    1.63438886e-01 6.44064724e-01 2.81762511e-01 3.62372428e-01
    2.91917145e-01 2.25100935e-01 8.60103607e-01 9.33688283e-02
    8.36796880e-01 9.79218006e-01 2.51400948e-01 5.65506935e-01
    2.42962480e-01 8.90926361e-01 7.77163565e-01 1.12430036e-01
    6.73364222e-01 2.84614801e-01 3.65676880e-01 9.95860517e-01
    5.13682842e-01 3.00679505e-01 8.27785313e-01 7.00578511e-01
    2.70725697e-01 2.99819171e-01 6.93054557e-01 3.69218111e-01
    8.26971889e-01 1.22688323e-01 3.23463023e-01 7.51341343e-01
    8.43458414e-01 6.21183515e-01 6.01292014e-01 9.70183849e-01
    3.94906342e-01 9.89129364e-01 3.29498112e-01 6.62947714e-01
    2.93484986e-01 8.53385925e-01 8.53323638e-01 5.83839178e-01
    1.94414854e-02 4.59574670e-01 2.19722539e-01 1.48971170e-01
    3.79938185e-02 9.64235842e-01 5.30121863e-01 2.06876427e-01
    2.64593661e-01 5.92220664e-01 6.74472392e-01 6.99929297e-02
    2.93865383e-01 4.59659636e-01 6.27744317e-01 1.78324401e-01
    8.81546259e-01 8.62667561e-01 6.73541188e-01 9.35290992e-01
    3.14040333e-01 8.39680672e-01 2.10356206e-01 8.38225961e-01
    5.17249644e-01 9.81743395e-01 9.28989232e-01 5.42236269e-01
    6.50723398e-01 9.22721744e-01 6.45889819e-01 5.28698683e-01
    9.54189181e-01 4.37423259e-01 4.94426191e-01 5.20178735e-01
    4.84556168e-01 6.24833763e-01 4.09039050e-01 6.77699268e-01
    6.17918372e-02 9.26006317e-01 6.83570862e-01 1.84211463e-01
    4.16602194e-01 9.89312410e-01 4.74178553e-01 5.30557334e-01
    8.54673386e-01 7.39337802e-02 4.83281404e-01 7.85822153e-01
    6.10986292e-01 6.16225839e-01 7.37258196e-02 2.99097836e-01
    5.94379246e-01 3.61059129e-01 4.76237535e-01 4.60493445e-01
    2.77252406e-01 5.68537116e-01 5.52387714e-01 9.47281241e-01
    8.52204025e-01 8.46239090e-01 8.68081152e-01 4.86160994e-01
    2.74069607e-02 9.52075720e-01 9.47123647e-01 2.04189509e-01
    7.33283758e-01 3.14996421e-01 5.61894417e-01 3.10093224e-01
    1.90517306e-01 5.39621830e-01 1.45799577e-01 5.57162106e-01
    3.22527885e-02 5.90743124e-02 8.26263547e-01 9.19789493e-01
    7.96283960e-01 5.94699800e-01 4.92979884e-01 9.01582122e-01
    9.80426729e-01 9.49575007e-01 5.85019290e-02 6.32205844e-01
    2.75983274e-01 2.43581861e-01 7.77537286e-01 2.90601552e-02
    5.93322456e-01 5.77288508e-01 2.72339523e-01 3.60605896e-01
    6.77947462e-01 7.15194345e-02 8.56098413e-01 3.52171361e-02
    7.92907298e-01 2.74300337e-01 9.70369220e-01 8.93677592e-01
    5.84652424e-01 2.25310862e-01 2.69680917e-02 6.69480264e-02
    5.22006989e-01 9.76278067e-01 6.23215139e-01 7.61552155e-02
    3.41836005e-01 2.26508737e-01 5.44448495e-01 8.56114388e-01
    5.82081676e-01 5.34456134e-01 9.25951660e-01 8.74997675e-02
    5.92110515e-01 6.55550957e-01 6.68076217e-01 8.21511865e-01
    9.33649480e-01 7.50540495e-01 8.86050820e-01 8.25087667e-01
    5.17376244e-01 9.75470781e-01 2.99325287e-01 8.73790145e-01
    8.02863538e-02 8.99323940e-01 8.56111526e-01 5.83591163e-01
    3.73695493e-02 5.50658762e-01 3.97875607e-01 4.21381414e-01
    7.17800856e-01 9.34816897e-01 7.55644917e-01 8.86931062e-01
    1.87632650e-01 3.70438933e-01 8.42338085e-01 3.61055851e-01
    9.90821123e-02 9.12555695e-01 4.36913371e-01 2.87755489e-01
    6.94333315e-01 1.70968056e-01 2.45045215e-01 2.31550217e-01
    8.88644338e-01 3.21748912e-01 8.67813826e-01 4.98895556e-01
    8.30172062e-01 7.08169341e-01 8.71689558e-01 9.84180808e-01
    6.15531147e-01 5.67452133e-01 9.98432815e-01 2.88701952e-01
    2.03039765e-01 9.18138325e-01 9.97261107e-02 8.80318344e-01
    2.13659137e-01 1.14805549e-01 6.63109660e-01 1.57090783e-01
    5.11695981e-01 4.57303107e-01 1.95925415e-01 2.91325808e-01
    4.24078941e-01 1.39988482e-01 8.72509599e-01 9.85001922e-01
    1.06739402e-02 5.77120125e-01 5.24798095e-01 1.29984677e-01
    9.24881399e-02 9.44438398e-01 4.60739911e-01 1.83465779e-01
    1.75864309e-01 5.93372226e-01 3.47326934e-01 7.99518824e-02
    3.46544385e-01 2.31388301e-01 3.70720029e-02 9.22200322e-01
    2.45507658e-01 9.73548055e-01 4.66255188e-01 7.49407411e-02
    3.87854129e-01 6.09612167e-01 3.76034677e-02 4.54331100e-01
    5.97469151e-01 5.03115714e-01 9.23462391e-01 3.32242221e-01
    1.13253713e-01 1.06255502e-01 4.63918746e-02 6.85441494e-01
    3.18909705e-01 6.53489590e-01 8.99220347e-01 3.14784259e-01
    3.73596787e-01 4.98034298e-01 3.78724337e-02 5.10792315e-01
    7.07634449e-01 4.62831110e-01 7.78391004e-01 1.99736476e-01
    7.01146483e-01 9.96566653e-01 3.33487511e-01 7.55424380e-01
    6.49961472e-01 8.46841931e-02 5.39798617e-01 4.44890559e-02
    8.69079530e-01 1.50435567e-01 7.67265201e-01 8.97258401e-01
    5.92491090e-01 6.53861165e-02 3.12392205e-01 6.21945679e-01
    7.58771896e-01 5.87351084e-01 2.04032272e-01 3.51915896e-01
    3.24222475e-01 1.33326054e-02 4.76997852e-01 7.24995017e-01
    6.23599052e-01 8.66712689e-01 8.45536888e-02 9.22408342e-01
    3.12420040e-01 2.46363580e-02 9.36659217e-01 1.19666785e-01
    4.99094933e-01 4.35476869e-01 9.96800244e-01 3.81163418e-01
    5.65544248e-01 2.45701730e-01 8.28794479e-01 9.18813944e-02
    2.80082881e-01 5.34282923e-01 9.64056849e-02 6.01528406e-01
    9.47786093e-01 5.65490603e-01 9.50028062e-01 3.71707439e-01
    4.99703586e-02 1.28327638e-01 6.35935783e-01 8.70625675e-02
    5.53077221e-01 4.70472097e-01 2.54967481e-01 9.17675793e-01
    9.17908430e-01 8.65335166e-02 9.93982911e-01 5.00854850e-01
    4.34947729e-01 8.23518515e-01 3.31438005e-01 9.33117509e-01
    1.84330076e-01 8.76331329e-01 9.96843100e-01 5.01524091e-01
    5.42274356e-01 5.45956969e-01 3.09210420e-01 3.21867764e-01
    3.08971703e-02 1.54812276e-01 4.30374205e-01 2.67716646e-02
    8.89291286e-01 9.36312735e-01 3.29644829e-01 3.96186173e-01
    9.18994546e-02 6.01103902e-03 3.60577315e-01 1.17061973e-01
    3.52492988e-01 2.77955294e-01 8.31898868e-01 4.01816964e-01
    9.97119308e-01 1.39296740e-01 3.01668108e-01 8.77311945e-01
    3.08512181e-01 6.79800272e-01 2.73614883e-01 3.71290237e-01
    1.60613328e-01 6.43917263e-01 3.61112952e-02 9.40867424e-01
    5.60975969e-02 5.51604450e-01 4.61519927e-01 3.28515649e-01
    3.35571706e-01 6.27934515e-01 7.13202834e-01 2.54147351e-02
    7.04355836e-02 1.38015002e-01 6.33309484e-01 7.31425524e-01
    3.32992673e-02 3.98168683e-01 4.86159503e-01 2.59133786e-01
    8.78073812e-01 9.17023718e-01 9.95692909e-01 7.81832874e-01
    5.46105146e-01 3.58669817e-01 8.74182582e-01 6.40808284e-01
    6.24757290e-01 6.68736935e-01 7.09354997e-01 5.26036263e-01
    6.07434571e-01 8.97886515e-01 3.31901312e-01 9.22094285e-02
    4.92168248e-01 5.06972373e-02 8.17985713e-01 1.47635072e-01
    3.13375592e-02 4.76381749e-01 3.12488616e-01 5.81425726e-01
    2.06156403e-01 2.08681822e-03 7.18848825e-01 6.13903403e-01
    1.03408456e-01 7.09618807e-01 5.48303962e-01 8.61806989e-01
    2.50195682e-01 7.83712506e-01 1.33300900e-01 7.65023410e-01
    6.01265252e-01 1.17402613e-01 5.89711726e-01 7.04892993e-01
    6.54795766e-01 1.32654756e-01 6.31124556e-01 3.34887654e-01
    3.42215300e-01 7.79833138e-01 3.12227845e-01 5.88705540e-02
    5.68667114e-01 7.59390950e-01 8.83644581e-01 6.89410925e-01
    9.32626963e-01 5.35286307e-01 7.86719024e-01 7.33396530e-01
    9.25857782e-01 1.54519200e-01 2.49241233e-01 7.77211487e-02
    5.81937730e-02 8.50108027e-01 5.31481385e-01 8.70627582e-01
    1.46316469e-01 1.99259013e-01 7.19227493e-02 7.80626774e-01
    3.00582111e-01 5.93650341e-01 7.96379209e-01 8.91275287e-01
    9.71650839e-01 2.47681975e-01 3.83325815e-02 7.48745203e-01
    7.88865209e-01 3.24558318e-02 2.19554007e-02 3.08289260e-01
    8.99289012e-01 7.99002886e-01 5.99508822e-01 6.97595298e-01
    5.71551681e-01 9.51236963e-01 7.22796559e-01 5.08746326e-01
    6.85397506e-01 4.24467087e-01 2.88391948e-01 2.44699121e-01
    8.70780110e-01 8.54056358e-01 2.26191074e-01 4.00875211e-01
    7.09275305e-02 6.84399009e-01 9.39148903e-01 7.68651664e-01
    2.30820239e-01 9.95050967e-02 6.43168390e-02 8.04581404e-01
    5.17637432e-02 3.65851521e-01 7.66751409e-01 7.97785521e-02
    3.55300188e-01 2.38650471e-01 5.01174688e-01 4.72415090e-02
    5.52723825e-01 7.48077393e-01 3.64568561e-01 1.43433124e-01
    5.48412859e-01 8.68736863e-01 2.21385568e-01 7.00026393e-01
    1.50841951e-01 3.20416749e-01 6.69224262e-01 5.55881977e-01
    9.12336469e-01 1.27581120e-01 7.07181811e-01 9.95765924e-01
    8.61475050e-01 6.22640133e-01 4.65072393e-02 3.34084392e-01
    8.36794794e-01 2.42306650e-01 5.12958169e-01 3.73080373e-03
    2.72168458e-01 5.40889919e-01 8.05310011e-02 4.14843112e-01
    8.11269104e-01 7.98691630e-01 8.47453475e-01 2.50563860e-01
    5.58112562e-01 6.55950189e-01 8.46234083e-01 1.48827076e-01
    8.49215388e-01 6.97372913e-01 8.77100825e-01 1.63975418e-01
    8.98969769e-02 3.36573094e-01 2.82440245e-01 7.90906668e-01
    4.09081757e-01 6.11094773e-01 9.22883213e-01 7.00421810e-01
    7.42598414e-01 2.87896633e-01 8.35464358e-01 8.35701704e-01
    5.38971126e-01 4.54715192e-01 9.51548219e-01 8.74508739e-01
    5.37405789e-01 5.87229908e-01 9.42252040e-01 2.39907742e-01
    1.08070374e-01 7.03469098e-01 2.71162987e-01 8.88074875e-01
    1.72284931e-01 7.70772815e-01 5.22588670e-01 3.69895399e-02
    9.77558017e-01 7.11128294e-01 5.03218293e-01 1.62494212e-01
    4.34162915e-02 2.60433912e-01 6.04607761e-01 3.63808513e-01
    1.82386100e-01 3.59187484e-01 1.82588667e-01 3.83938491e-01
    8.90470743e-01 5.20997882e-01 3.68543148e-01 7.49202371e-01
    4.85435903e-01 6.14014566e-01 5.99092364e-01 9.58555698e-01
    3.33642125e-01 3.71243745e-01 3.90444934e-01 2.67457902e-01
    8.46831322e-01 8.37097287e-01 6.41877651e-02 3.01000237e-01
    9.96487498e-01 7.91617393e-01 2.38958567e-01 5.20468295e-01
    8.27201784e-01 8.30809951e-01 9.24496412e-01 3.41224790e-01
    4.70562428e-01 7.47763038e-01 4.78204936e-01 6.26124740e-01
    6.99462235e-01 8.14474225e-02 1.04435086e-02 6.43161058e-01
    4.34099287e-01 6.66877627e-03 9.51314747e-01 4.52250302e-01
    5.63191295e-01 8.62327278e-01 2.16041148e-01 8.64080429e-01
    3.82781178e-01 6.86569333e-01 2.50241101e-01 3.17045063e-01
    5.21768153e-01 5.20611763e-01 1.47166282e-01 9.35565948e-01
    6.32087290e-02 2.40651876e-01 5.70027590e-01 6.72437549e-01
    9.38729644e-01 6.75086558e-01 8.17760587e-01 9.10548985e-01
    7.59944916e-02 1.66324705e-01 8.70096445e-01 9.63744283e-01
    4.57997888e-01 5.97974539e-01 6.43680334e-01 8.97376776e-01
    5.75497985e-01 4.85723317e-01 1.26175612e-01 7.37434983e-01
    2.96208441e-01 7.20679760e-03 8.84392262e-01 7.09395826e-01
    4.37383652e-02 5.70791006e-01 8.08565021e-01 5.22974133e-01
    8.49093080e-01 4.00395095e-02 9.38133478e-01 1.89199656e-01
    6.82774007e-01 8.43912721e-01 9.28221881e-01 5.30265629e-01
    9.99451637e-01 6.26897275e-01 3.53660703e-01 6.30858481e-01
    8.14669371e-01 6.87113404e-03 4.24412757e-01 8.17355394e-01
    7.87359655e-01 3.55948538e-01 1.87257886e-01 1.90725297e-01
    1.96441174e-01 5.28977990e-01 7.03706384e-01 3.65747511e-01
    7.52244532e-01 1.11720622e-01 3.81679565e-01 2.37483770e-01
    6.02983952e-01 1.46962851e-01 6.99435294e-01 1.54928774e-01
    7.80311108e-01 5.56376636e-01 4.39431667e-01 3.75320315e-02
    3.22772652e-01 3.58948529e-01 5.49283385e-01 6.18130505e-01
    3.20765793e-01 7.92212486e-01 3.98468822e-01 7.03119218e-01
    8.26688707e-02 8.90416503e-02 6.71554565e-01 7.55168438e-01
    3.99340481e-01 4.59857643e-01 2.11821675e-01 5.79916239e-02
    4.71502870e-01 1.54648125e-01 2.26105452e-01 4.00838822e-01
    3.01021099e-01 3.21131796e-01 9.95184779e-01 5.54014266e-01
    8.30307007e-01 3.40597987e-01 2.58566320e-01 6.24483883e-01
    8.66533399e-01 6.55070484e-01 2.92048872e-01 9.91126955e-01
    6.15341067e-01 8.44176114e-02 3.65560591e-01 8.77186537e-01
    7.43399620e-01 2.45781302e-01 8.87672305e-01 2.12731898e-01
    7.08854735e-01 1.50010169e-01 6.38949215e-01 3.34396362e-02
    1.45643026e-01 7.93766141e-01 9.07356620e-01 7.02146411e-01
    8.69067430e-01 9.51667309e-01 9.92371321e-01 8.25752020e-02
    4.11079705e-01 5.23551702e-01 2.39623755e-01 4.74180877e-02
    4.14530039e-02 8.66238713e-01 6.22572184e-01 4.47018802e-01
    4.41716313e-01 3.27010989e-01 4.11872804e-01 6.63474500e-01
    9.18703496e-01 7.32186556e-01 3.44223678e-02 7.43399858e-01
    2.66176164e-02 7.12712348e-01 2.41754651e-02 5.98965347e-01
    3.98844779e-02 3.08998466e-01 4.98606980e-01 5.99016070e-01
    3.20817828e-02 2.66103208e-01 7.81567633e-01 6.93682075e-01
    4.54207659e-02 3.34200412e-01 8.88320565e-01 6.17485881e-01
    4.40436900e-01 2.29761541e-01 9.63692069e-02 7.41038859e-01
    7.51464128e-01 5.11291623e-03 1.78051054e-01 3.98669332e-01
    1.71793699e-01 5.39395869e-01 3.35417271e-01 8.00097525e-01
    5.85786581e-01 8.35073709e-01 5.63216984e-01 4.06875730e-01
    1.92049116e-01 5.64960718e-01 3.45477641e-01 4.17495370e-02
    8.97794783e-01 5.10663450e-01 1.26727223e-01 9.79962945e-03
    3.89332384e-01 2.46463388e-01 1.34224355e-01 6.62333131e-01
    3.81093651e-01 9.35735941e-01 5.54270983e-01 7.83288658e-01
    5.01280963e-01 2.36070126e-01 4.24730629e-01 8.81627321e-01
    6.08114004e-01 8.43132496e-01 3.72369319e-01 7.47535944e-01
    3.41842860e-01 4.86335158e-02 9.66600299e-01 8.06630850e-02
    7.94815421e-01 9.25766826e-01 2.14814484e-01 3.65473539e-01
    4.21351492e-02 2.82706261e-01 5.06451309e-01 8.14134955e-01
    9.90279615e-02 4.62700278e-01 8.77010822e-01 7.50082493e-01
    7.80325413e-01 1.61683917e-01 7.91509628e-01 3.04078817e-01
    5.29904723e-01 6.34670913e-01 7.21052408e-01 7.59638906e-01
    8.26479971e-01 6.87728763e-01 9.36216474e-01 9.82291937e-01
    1.34620607e-01 6.04439914e-01 7.45293736e-01 6.49796724e-01
    2.72778273e-01 6.54726624e-01 4.22977805e-02 9.34524238e-02
    9.17380929e-01 2.22242594e-01 5.70023656e-02 9.81316984e-01
    9.35054898e-01 5.41722178e-01 4.54109341e-01 8.26889873e-02
    5.08550406e-02 7.44410634e-01 5.34560382e-01 2.96532452e-01
    6.66601539e-01 4.51953918e-01 5.55930436e-01 2.17798412e-01
    2.72874355e-01 7.55271018e-02 8.33155155e-01 4.27629083e-01
    9.64642763e-01 5.78939199e-01 1.98692292e-01 8.30650926e-02
    9.78529692e-01 3.00144017e-01 2.19498366e-01 5.40779054e-01
    6.95530534e-01 9.31478739e-01 9.20079112e-01 7.34126270e-02
    9.92130041e-02 8.26367259e-01 2.48266995e-01 9.88777518e-01
    5.76519787e-01 2.61616409e-01 5.06569386e-01 2.39052176e-02
    7.56812692e-01 7.74300396e-02 7.63215065e-01 7.97803402e-01
    8.74524713e-01 8.95858228e-01 7.82279730e-01 7.68357813e-02
    2.87529469e-01 2.46099293e-01 4.47716624e-01 7.60371447e-01
    5.98176360e-01 1.20675683e-01 5.89432836e-01 4.98208821e-01
    5.28165698e-02 2.75683105e-01 3.77063692e-01 7.97318280e-01
    5.75022519e-01 4.22237456e-01 4.16066438e-01 9.26387668e-01
    1.76079094e-01 9.83586669e-01 4.51957315e-01 2.80963063e-01
    9.92777109e-01 1.27459228e-01 3.43518019e-01 5.33651173e-01
    6.98028088e-01 4.60867375e-01 8.56797695e-02 1.63414091e-01
    5.00670016e-01 3.51621002e-01 6.16589904e-01 9.22138691e-01
    8.14223945e-01 3.62045407e-01 7.46230721e-01 3.10568780e-01
    5.21432579e-01 7.12355137e-01 7.87804961e-01 2.03014195e-01
    1.49981648e-01 4.55467612e-01 8.52903128e-01 4.33779538e-01
    2.40666568e-02 2.93995202e-01 3.36014748e-01 3.72612327e-01
    5.58857560e-01 2.26049066e-01 9.23238873e-01 9.97848988e-01
    4.29143012e-02 6.19667828e-01 2.67662168e-01 1.27474874e-01
    1.50136977e-01 9.45589066e-01 7.11543679e-01 7.02122867e-01
    2.73044407e-02 3.40185791e-01 3.51437598e-01 7.01615870e-01
    3.69232237e-01 3.63565594e-01 2.36446440e-01 6.66270733e-01
    5.15896857e-01 3.26768667e-01 3.60624522e-01 1.64318681e-02
    1.57436132e-02 2.53651202e-01 8.26893806e-01 2.28831142e-01
    3.28654170e-01 4.83305186e-01 4.02583510e-01 2.86245078e-01
    7.14594007e-01 7.33417273e-01 4.75351423e-01 4.52762544e-02
    3.77610505e-01 5.88376522e-01 1.47062331e-01 3.90864998e-01
    9.24265385e-01 2.86598682e-01 4.98329639e-01 4.43107724e-01
    4.07868207e-01 9.75483656e-01 4.12031114e-02 7.73895383e-01
    2.87169456e-01 2.98541635e-01 9.25850570e-02 7.14233756e-01
    9.03414249e-01 6.59149528e-01 4.46217418e-01 8.53042841e-01
    4.82414246e-01 4.72467005e-01 6.08164191e-01 4.44551677e-01
    9.58664954e-01 4.50199842e-02 2.70071596e-01 9.92304385e-01
    7.81863093e-01 6.53242350e-01 8.84403467e-01 3.34500521e-01
    9.69609857e-01 9.47974920e-01 5.44934392e-01 2.46067584e-01
    8.22074175e-01 9.41139579e-01 8.17103684e-02 2.51282513e-01
    3.72335523e-01 8.72441411e-01 3.12289357e-01 4.36072737e-01
    4.87227559e-01 8.88351977e-01 1.61512107e-01 4.79113430e-01
    4.47533339e-01 5.70775509e-01 7.92557955e-01 3.42010647e-01
    7.36878395e-01 7.37733841e-01 6.54266417e-01 6.12762630e-01
    3.91538441e-02 9.68723178e-01 8.93747807e-01 4.43403065e-01
    8.85898888e-01 3.24965954e-01 2.74339318e-03 2.96950340e-01
    4.44421470e-01 2.18736708e-01 8.32507014e-02 6.77106023e-01
    6.17637336e-02 3.32439125e-01 5.74433923e-01 8.45451593e-01
    2.74863899e-01 9.72859979e-01 8.71115744e-01 7.92112470e-01
    1.24586970e-01 8.91259968e-01 2.15080678e-02 8.96098137e-01
    4.47291553e-01 5.07800877e-02 9.15755987e-01 9.76946235e-01
    3.26939464e-01 3.20410401e-01 2.87695557e-01 5.86285591e-01
    7.13595867e-01 6.63894653e-01 5.15459180e-01 1.58526689e-01
    4.48035955e-01 1.57155782e-01 4.07867134e-01 3.65104228e-01
    5.83778739e-01 9.28812981e-01 7.41501033e-01 9.45855618e-01
    9.68084574e-01 6.64846480e-01 9.19363379e-01 9.06863928e-01
    4.55068469e-01 7.73422003e-01 2.64415681e-01 3.09991598e-01
    2.79334366e-01 5.33266962e-01 8.19109917e-01 2.39652991e-02
    5.56181729e-01 5.53893864e-01 5.74341655e-01 6.92047477e-02
    3.54554653e-01 7.61520982e-01 9.67959166e-01 5.54192364e-01
    2.22250044e-01 6.25150144e-01 1.98906511e-01 9.60227251e-01
    4.19191748e-01 9.10636127e-01 5.37209868e-01 3.20780337e-01
    8.58812392e-01 8.06296945e-01 2.96171308e-02 4.56665903e-01
    7.16158450e-02 7.17255890e-01 3.17474991e-01 6.16150677e-01
    6.79036081e-01 5.46812654e-01 6.32762313e-01 8.39714706e-02
    6.94553316e-01 6.10072374e-01 3.64836037e-01 7.72831559e-01
    9.84172225e-01 9.87018585e-01 8.32317472e-01 9.27569032e-01
    4.06303883e-01 1.76071763e-01 1.44972801e-01 1.32381052e-01
    8.92473519e-01 4.77488935e-01 5.94829321e-01 4.42077726e-01
    9.75139499e-01 9.51731443e-01 2.18018234e-01 9.77222085e-01
    1.71102583e-01 8.48300576e-01 3.31213981e-01 5.46531141e-01
    2.51562148e-01 5.51291704e-01 1.49015784e-02 9.48473215e-01
    2.08320767e-01 9.97877598e-01 3.48104537e-01 6.04129434e-01
    7.25805640e-01 4.44294393e-01 8.62616181e-01 2.11732984e-01
    8.60949874e-01 5.51442921e-01 1.73978686e-01 6.61602139e-01
    2.18969494e-01 8.00242424e-01 7.35652089e-01 6.84970140e-01
    1.03578955e-01 6.89145625e-01 5.71004212e-01 2.37854898e-01
    4.69282210e-01 4.95208323e-01 2.29094774e-01 4.67941970e-01
    6.00517631e-01 1.52513325e-01 7.09121704e-01 3.87471616e-01
    8.25373888e-01 7.00500071e-01 7.23079741e-01 3.04353774e-01
    8.16670001e-01 2.17832476e-01 7.89693832e-01 5.35488665e-01
    4.21059668e-01 7.04266250e-01 3.46987337e-01 3.67344618e-01
    8.33321452e-01 5.00185847e-01 4.32220757e-01 7.11299717e-01
    1.77126437e-01 1.42383844e-01 6.80236638e-01 7.42301047e-01
    3.61490667e-01 3.40868294e-01 1.78328902e-01 9.35474753e-01
    4.38464284e-02 5.16798317e-01 6.52783155e-01 5.36287308e-01
    4.31093544e-01 5.57998776e-01 9.39025879e-02 9.98394489e-01
    9.83676314e-03 1.27767831e-01 1.83359355e-01 5.41661084e-01
    9.03143287e-01 6.65643632e-01 7.16879010e-01 3.43203694e-01
    8.75907898e-01 9.16953146e-01 9.82062221e-01 1.47225469e-01
    2.24490970e-01 3.99462610e-01 6.51219726e-01 8.32419395e-01
    7.07610190e-01 4.56410408e-01 4.61906135e-01 3.48984629e-01
    6.65694475e-02 1.11431628e-01 9.30877209e-01 8.60131860e-01
    6.88284278e-01 1.07386261e-01 4.34633017e-01 8.84117186e-02
    2.89955884e-01 1.27687722e-01 3.73146832e-02 5.21968544e-01
    9.35962498e-02 6.59566522e-02 5.41283607e-01 4.31160897e-01
    2.65607119e-01 3.24816644e-01 7.26168633e-01 3.62232536e-01
    8.05321574e-01 5.53369403e-01 1.72125816e-01 8.88705134e-01
    4.26845372e-01 9.30371046e-01 6.52696133e-01 9.80511189e-01
    9.91761327e-01 3.30630153e-01 1.83692187e-01 5.75155139e-01
    6.27112210e-01 8.96569371e-01 4.78955448e-01 5.81208110e-01
    3.92133504e-01 3.27727973e-01 9.85626221e-01 5.07803917e-01
    7.25705028e-01 3.37144345e-01 3.99231911e-01 6.16083980e-01
    4.17150527e-01 7.65468180e-01 8.68837953e-01 8.86701405e-01
    3.07749540e-01 1.90354824e-01 7.79526591e-01 9.71548319e-01
    8.36152077e-01 7.53751636e-01 5.64280868e-01 4.64996010e-01
    5.05010486e-01 6.02435410e-01 7.54443169e-01 6.81723118e-01
    1.96267962e-02 4.17564094e-01 7.70172000e-01 4.11846042e-01
    8.88970613e-01 3.69157791e-02 7.37810433e-02 2.15330720e-02
    4.57514942e-01 7.99504161e-01 3.09552640e-01 9.28542018e-03
    8.39968264e-01 6.39742494e-01 8.61012042e-01 2.74361610e-01
    9.65989590e-01 2.54902065e-01 1.97495401e-01 9.18346584e-01
    2.26769239e-01 2.30722547e-01 4.16382074e-01 6.29942775e-01
    3.47026646e-01 5.28845847e-01 4.56615478e-01 1.41155064e-01
    8.14475536e-01 5.62909663e-01 6.94743097e-02 4.09473479e-01
    5.05793393e-01 8.72778893e-01 9.90687013e-01 8.18209291e-01
    3.09244275e-01 1.28488541e-02 4.17378813e-01 4.46955502e-01
    4.37676668e-01 9.97894526e-01 1.31919771e-01 9.90593553e-01
    2.21263319e-01 3.72748017e-01 2.71700561e-01 5.64477026e-01
    6.83121800e-01 1.64251924e-02 2.62940049e-01 1.93808883e-01
    3.80626291e-01 5.55282712e-01 9.68550265e-01 5.47149777e-01
    5.48226714e-01 8.97066712e-01 1.69355899e-01 7.08374739e-01
    9.64126229e-01 9.88754272e-01 4.95455801e-01 7.57704735e-01
    3.09752047e-01 3.32501739e-01 9.23929453e-01 4.59207505e-01
    5.16449988e-01 4.81367409e-02 7.42870927e-01 4.32724714e-01
    1.43128753e-01 8.26736867e-01 2.06726819e-01 4.88388181e-01
    4.54479396e-01 2.25169152e-01 9.76999819e-01 4.14827168e-02
    1.06561720e-01 1.70251727e-02 5.24860620e-03 4.43389893e-01
    9.99444842e-01 3.39958608e-01 1.52130514e-01 7.58648217e-01
    5.91049492e-01 8.60522985e-02 5.77094436e-01 4.25911486e-01
    2.72714645e-01 2.98071802e-02 6.69271052e-01 3.73429656e-01
    3.77100050e-01 5.37457824e-01 5.40571690e-01 2.82688320e-01
    8.20753336e-01 9.63091910e-01 6.48342967e-01 9.44614291e-01
    2.54718810e-01 1.57561183e-01 4.57663357e-01 1.94565713e-01
    9.27854836e-01 4.52028900e-01 3.27270329e-01 9.32109833e-01
    5.16029298e-02 9.68130291e-01 4.94696826e-01 7.09790289e-01
    3.14174354e-01 5.12856960e-01 6.40189648e-01 1.98729545e-01
    7.43482709e-01 5.12273014e-01 6.94602966e-01 8.52374434e-01
    8.09977889e-01 7.50935435e-01 1.50360823e-01 4.58899200e-01
    4.67896461e-06 6.25256419e-01 9.56455469e-02 3.16724151e-01
    7.20958292e-01 4.18506294e-01 7.14236796e-02 8.83248448e-03
    3.32793415e-01 5.91855884e-01 9.76926208e-01 5.73313475e-01
    8.40186119e-01 6.94977701e-01 4.41491902e-01 8.21959376e-01
    3.97566378e-01 2.10569501e-02 9.33976054e-01 3.89955640e-01
    6.16990328e-01 8.84282649e-01 8.29374671e-01 2.61258453e-01
    1.86105460e-01 8.71532798e-01 9.14807618e-01 8.87297511e-01
    7.97668517e-01 9.67639029e-01 3.37575018e-01 8.53600740e-01
    6.25766516e-01 1.13732159e-01 2.80015826e-01 3.32327962e-01
    8.52068722e-01 3.68331850e-01 4.01007831e-02 4.02844757e-01
    1.38643831e-01 9.75397944e-01 9.15907621e-02 8.27218771e-01
    8.02642107e-01 8.71136904e-01 2.85885572e-01 3.76211345e-01
    4.22260493e-01 9.83828664e-01 6.62682712e-01 9.53186393e-01
    8.00165772e-01 7.82046914e-01 4.78321105e-01 5.46280861e-01
    4.89649832e-01 5.33238173e-01 2.45489687e-01 3.97709370e-01
    7.05949187e-01 5.82230985e-02 1.30876631e-01 3.79468203e-01
    6.24619007e-01 5.16879797e-01 8.09749126e-01 3.86946291e-01
    2.33293414e-01 5.42989910e-01 9.03931260e-01 8.80782366e-01
    2.66397238e-01 4.95442837e-01 5.07973909e-01 3.28880906e-01
    7.94699967e-01 4.64800090e-01 7.90362477e-01 8.90676856e-01
    4.40589875e-01 8.81309032e-01 8.61205101e-01 5.32048821e-01
    9.60203111e-01 8.24292183e-01 5.67544281e-01 3.02981079e-01
    8.98179114e-01 3.79368097e-01 2.42263943e-01 9.34306145e-01
    7.80868769e-01 6.24324501e-01 2.80010879e-01 3.06528747e-01
    3.73106122e-01 8.76175761e-01 4.13462013e-01 1.14833355e-01
    2.43447423e-01 7.86876202e-01 1.75382912e-01 3.68721157e-01
    1.60165876e-01 1.43490106e-01 8.80186617e-01 8.06192517e-01
    6.65059865e-01 2.47382581e-01 1.14132851e-01 4.99376655e-01
    4.01204556e-01 2.02532202e-01 6.68275833e-01 4.59829509e-01
    7.85433471e-01 6.49425328e-01 3.31740797e-01 8.70737374e-01
    4.95881945e-01 1.08950257e-01 4.90546346e-01 9.10820246e-01
    1.55984014e-01 2.50505030e-01 1.06469125e-01 5.35119951e-01
    9.53073025e-01 3.07861209e-01 2.34136879e-01 5.36155462e-01
    6.57386243e-01 1.92366213e-01 4.60649252e-01 1.20227903e-01
    6.87823474e-01 2.11786062e-01 3.29266191e-02 6.86987996e-01
    4.20706332e-01 1.39786720e-01 6.33576751e-01 8.48408341e-01
    4.15172219e-01 1.91238344e-01 1.01826817e-01 5.85165143e-01
    9.32067156e-01 1.10719740e-01 8.34030449e-01 1.19396299e-01
    6.17491543e-01 3.33725989e-01 8.72265935e-01 1.77085966e-01
    5.98662674e-01 9.10711825e-01 8.04155946e-01 4.36520875e-02
    4.45169210e-02 5.17631769e-02 8.23650479e-01 2.50772148e-01
    7.91252494e-01 2.84546435e-01 1.74270988e-01 5.38414359e-01
    1.51312023e-01 9.60830033e-01 1.57127678e-01 8.26947927e-01
    4.44396734e-01 3.71635497e-01 6.68838322e-01 1.82364821e-01
    6.54351354e-01 8.49387288e-01 9.18920875e-01 8.03978503e-01
    8.50457251e-02 7.79336214e-01 5.35309494e-01 9.88020599e-01
    4.27220494e-01 7.20874190e-01 3.67028803e-01 2.89252043e-01
    2.20845997e-01 8.46215606e-01 9.72030878e-01 1.77516907e-01
    8.78643990e-01 9.37785268e-01 3.69058371e-01 2.38716245e-01
    1.40940547e-01 7.98932016e-02 9.86310303e-01 1.17848009e-01
    2.80051112e-01 9.48074102e-01 7.73796916e-01 1.18498981e-01
    6.24721885e-01 4.79238868e-01 1.63063884e-01 8.37069988e-01
    8.47973943e-01 1.55686796e-01 2.03902274e-01 6.96248531e-01
    9.75670338e-01 1.25771552e-01 4.25266445e-01 5.28663874e-01
    4.14163172e-01 1.45753860e-01 2.18997866e-01 8.26868653e-01
    1.85113519e-01 5.36573291e-01 9.84210372e-01 3.76507163e-01
    4.15791392e-01 4.00442094e-01 1.84045732e-01 2.22197056e-01
    1.43394202e-01 5.12330294e-01 2.15144515e-01 8.94024730e-01
    7.50871301e-01 6.59508407e-01 3.38439047e-01 9.88472462e-01
    6.05444551e-01 4.85129952e-02 2.60814220e-01 2.41057158e-01
    3.81231427e-01 6.21830881e-01 5.42681873e-01 4.75872964e-01
    7.38217115e-01 7.41303921e-01 6.87810481e-01 1.69950098e-01
    4.56739664e-01 3.74578953e-01 3.06929827e-01 5.95956445e-01
    9.98062134e-01 2.76022613e-01 6.83190227e-01 1.08338296e-01
    4.81044203e-01 1.83434218e-01 9.07027364e-01 2.17329323e-01
    6.00197554e-01 9.33703959e-01 1.49027348e-01 5.85046411e-03
    8.82336020e-01 8.87848616e-01 3.71305823e-01 8.39391410e-01
    8.51634145e-01 5.40613294e-01 9.30424333e-01 1.21190757e-01
    5.29368877e-01 2.76695848e-01 3.52077961e-01 4.81174648e-01
    8.50355029e-01 7.70363688e-01 6.48584247e-01 1.25194490e-01
    3.13614011e-01 8.92106295e-02 1.57077372e-01 5.48222423e-01
    1.77777380e-01 4.70421135e-01 9.45856571e-01 4.23295230e-01
    9.88050997e-01 2.94303119e-01 8.24024677e-01 7.68915951e-01
    3.01094532e-01 4.54835683e-01 5.28862953e-01 5.31601012e-01
    9.26904678e-01 4.05264288e-01 3.00865114e-01 9.15928602e-01
    1.27351254e-01 4.89002407e-01 8.55167627e-01 1.12783283e-01
    8.15108895e-01 3.74455810e-01 8.61659884e-01 6.59444928e-01
    1.68539286e-01 1.40281022e-02 8.09408307e-01 5.77982724e-01
    3.96820337e-01 2.85824239e-02 9.41540360e-01 5.66758990e-01
    1.88963175e-01 7.98528492e-01 5.82822263e-01 3.94945562e-01
    1.74172431e-01 7.74413407e-01 8.03779244e-01 6.88040674e-01
    8.75256956e-01 9.79822218e-01 7.46766508e-01 7.51141787e-01
    8.88161063e-02 2.29174852e-01 7.30460644e-01 9.27686095e-01
    5.73402286e-01 7.54787266e-01 5.07630706e-02 7.95267224e-01
    6.78511024e-01 7.52726138e-01 3.06737423e-01 4.21944201e-01
    6.66927099e-01 5.36983311e-01 7.27999091e-01 6.34944916e-01
    1.24230236e-01 2.76703477e-01 1.40337348e-02 9.77852046e-01
    3.63756746e-01 4.10569519e-01 9.65932846e-01 9.34927821e-01
    6.04068875e-01 2.97048986e-02 4.04632628e-01 2.85124302e-01
    3.62460136e-01 9.19765651e-01 6.07367337e-01 4.67818946e-01
    6.34345114e-02 5.92214584e-01 4.33372855e-02 7.47967958e-01
    7.86036372e-01 6.69057429e-01 3.23826760e-01 1.68671876e-01
    3.66692960e-01 5.64360201e-01 2.26573735e-01 1.77154541e-02
    5.93664348e-02 7.77679682e-01 9.80336368e-01 3.69447589e-01
    4.12952960e-01 6.21461749e-01 8.53059411e-01 1.21803075e-01
    9.18467462e-01 8.12383592e-01 4.89246815e-01 3.98324281e-01
    9.65949655e-01 8.98399949e-01 8.85855794e-01 9.86716986e-01
    3.92431021e-03 1.86091185e-01 9.88826990e-01 9.95394647e-01
    4.73485351e-01 9.22317386e-01 6.86303139e-01 8.78143489e-01
    3.23213756e-01 8.18921804e-01 4.43572462e-01 9.29276109e-01
    1.35405451e-01 7.40675330e-01 1.06214106e-01 3.30438763e-01
    7.49940157e-01 3.29032421e-01 5.91908932e-01 2.78462052e-01
    3.52900922e-01 8.90106559e-01 7.18744457e-01 3.71955633e-02
    6.49610043e-01 1.47266984e-01 2.07551360e-01 6.46831393e-01
    6.14229620e-01 2.34698951e-02 9.64202642e-01 2.04391837e-01
    1.83001995e-01 7.35660911e-01 5.15969872e-01 2.56567001e-01
    3.81832838e-01 3.66659403e-01 8.53326976e-01 2.50275314e-01
    9.18671787e-02 4.23703909e-01 5.92831671e-01 2.40587741e-01
    1.45193160e-01 7.09630907e-01 3.34484816e-01 2.84344047e-01
    4.99063730e-02 6.04407847e-01 3.28538477e-01 9.71052587e-01
    2.78293610e-01 4.73453343e-01 1.72884762e-01 9.29304600e-01
    9.58214939e-01 9.47520375e-01 9.11414564e-01 7.18896389e-02
    7.44292974e-01 3.56792212e-01 8.67985487e-01 4.79759276e-01
    7.21777201e-01 3.60000968e-01 1.71641111e-01 4.80435491e-01
    2.45992392e-01 8.89052629e-01 4.95012313e-01 9.94213700e-01
    5.60155869e-01 1.01212859e-02 3.71225536e-01 3.43223482e-01
    2.60378063e-01 3.12106073e-01 5.16503334e-01 2.44064301e-01
    7.93594837e-01 3.24891269e-01 7.85343111e-01 2.96491683e-02
    7.66946077e-01 6.46895528e-01 7.05433846e-01 8.10153723e-01
    6.79701209e-01 9.12843466e-01 8.58681977e-01 9.86161828e-01
    9.35664713e-01 9.96639729e-02 1.20669603e-02 4.02740717e-01
    1.59252822e-01 8.77747416e-01 7.50336826e-01 8.53849292e-01
    3.83984566e-01 7.88628578e-01 8.65383148e-01 4.08469290e-01
    2.67739952e-01 1.06382787e-01 1.69920295e-01 9.97584283e-01
    3.01070303e-01 2.66087264e-01 7.48184204e-01 1.00302100e-02
    3.65253359e-01 3.11938465e-01 3.53705734e-01 6.34587407e-01
    2.03607976e-02 8.38325858e-01 3.19598913e-01 8.88250709e-01
    8.95498753e-01 5.24328887e-01 4.75460708e-01 4.63499427e-01
    7.01464415e-01 9.48284507e-01 4.96517360e-01 3.50928217e-01
    7.60606885e-01 9.05993223e-01 4.35180843e-01 8.73291612e-01
    8.77358198e-01 3.52296829e-02 4.78791088e-01 7.31660008e-01
    2.02323735e-01 2.06377804e-02 1.89508408e-01 8.69976401e-01
    8.48903894e-01 8.98323059e-01 1.51304245e-01 3.60117286e-01
    3.95576060e-01 6.96913242e-01 3.93560290e-01 4.52856123e-01
    5.27121484e-01 4.08134609e-01 6.68787360e-01 3.36487144e-01
    7.36205637e-01 4.66027260e-01 8.83599520e-01 7.64006138e-01
    9.11798477e-01 2.00708777e-01 9.98397470e-02 8.80089045e-01
    5.87951779e-01 3.82364482e-01 4.77550328e-02 4.05552357e-01
    7.58410811e-01 7.50687122e-01 8.18992972e-01 8.63159418e-01
    4.60729301e-01 3.35795641e-01 7.63068557e-01 6.16367042e-01
    1.91711664e-01 1.92851037e-01 8.13220501e-01 4.34545457e-01
    8.58811378e-01 5.90208292e-01 6.75064921e-01 1.40941858e-01
    9.80620027e-01 4.09525216e-01 6.13285661e-01 4.74168718e-01
    5.86314738e-01 4.57775265e-01 9.44236994e-01 4.88223881e-01
    9.48058724e-01 7.55798817e-01 4.57388967e-01 1.37204856e-01
    8.05442691e-01 1.08393103e-01 3.62541437e-01 6.30970657e-01
    3.02355677e-01 9.34962273e-01 9.91419196e-01 8.21975291e-01
    6.75301492e-01 3.54066819e-01 2.20094144e-01 6.50307178e-01
    1.28223598e-02 5.34288526e-01 5.93290925e-01 1.74370587e-01
    2.82211959e-01 2.73641586e-01 5.49373329e-01 8.31237733e-02
    3.89843911e-01 5.35931826e-01 3.69250238e-01 8.30188215e-01
    9.86223817e-01 2.07890391e-01 8.98663223e-01 6.07237339e-01
    7.25755751e-01 9.32077646e-01 9.17043149e-01 1.02104843e-02
    7.13714659e-01 7.33376205e-01 4.50050116e-01 3.26704144e-01
    1.12314105e-01 9.97965038e-02 4.00566280e-01 6.47271574e-02
    9.41555560e-01 9.84673500e-01 2.63464928e-01 1.48391694e-01
    1.66422784e-01 9.80596781e-01 4.93266284e-02 4.64680195e-01
    9.50381160e-03 6.11341774e-01 3.50123346e-02 5.67761362e-02
    3.78500998e-01 1.51501238e-01 5.53843558e-01 3.85689139e-01
    9.27821517e-01 3.45316172e-01 5.11972964e-01 7.17019498e-01
    4.37701851e-01 8.12312841e-01 4.16769743e-01 3.42072189e-01
    2.98478425e-01 1.67750090e-01 2.51106054e-01 6.93144679e-01
    3.51697206e-03 1.62746668e-01 8.66390228e-01 9.69652176e-01
    3.79739821e-01 3.16911638e-01 3.54681402e-01 1.75440311e-02
    4.66056079e-01 3.25657785e-01 7.28153586e-01 4.07794952e-01
    6.45237505e-01 1.82053477e-01 8.52277279e-02 3.89422953e-01
    7.08287060e-02 2.06160873e-01 1.38557971e-01 7.46322989e-01
    3.51379216e-01 6.57238126e-01 6.81890488e-01 6.55687928e-01
    2.95104265e-01 2.26298213e-01 6.86514139e-01 8.72856796e-01
    2.99765408e-01 3.03336829e-01 1.67257607e-01 7.23948002e-01
    8.31166089e-01 3.23272169e-01 2.12250829e-01 6.19397521e-01
    2.39185572e-01 6.30190313e-01 6.30034566e-01 4.63691652e-02
    6.12268984e-01 7.24102199e-01 2.71658450e-01 7.29352474e-01
    3.45270425e-01 1.30620837e-01 7.87897706e-01 6.37007356e-01
    5.32802045e-01 9.05777574e-01 4.08454120e-01 6.25225782e-01
    4.34752941e-01 4.39318597e-01 6.38933182e-01 4.06758815e-01
    1.35425061e-01 6.35449648e-01 3.27684432e-01 1.94732368e-01
    2.55375743e-01 5.29653549e-01 3.01246464e-01 2.15795815e-01
    1.16048783e-01 6.62472069e-01 1.51692927e-02 6.59184754e-01
    8.58840346e-01 6.29251003e-01 8.89816344e-01 1.24264836e-01
    1.69450045e-02 7.20523179e-01 1.29031092e-01 3.09349149e-01
    4.90671426e-01 5.83708644e-01 8.67137432e-01 1.99435055e-02
    5.80797613e-01 2.67660618e-01 7.43568897e-01 5.49989522e-01
    9.59281325e-02 4.12094116e-01 4.94468778e-01 8.32656264e-01
    1.69237256e-02 3.15985382e-01 6.73248768e-01 7.21108079e-01
    9.39623594e-01 9.08557296e-01 7.17152953e-01 7.58225143e-01
    5.48731089e-01 1.54612660e-01 7.95678973e-01 2.96885967e-02
    2.64826179e-01 8.73129666e-01 1.83452308e-01 6.92818165e-02
    9.77309823e-01 7.70586491e-01 1.97259039e-01 2.67816782e-02
    1.70689315e-01 7.94215798e-01 6.50861859e-01 4.85756099e-02
    3.82254601e-01 3.66782248e-02 5.69116950e-01 4.46840018e-01
    9.11431253e-01 6.12266004e-01 8.80559385e-01 9.93542671e-01
    4.56548363e-01 9.70952272e-01 7.71446049e-01 5.06631255e-01
    3.22274625e-01 8.88646066e-01 1.38699353e-01 4.84190166e-01
    2.62574494e-01 8.14941704e-01 1.37191325e-01 7.02910244e-01
    8.90178978e-02 2.07422316e-01 1.01191700e-02 5.74979484e-01
    6.84524775e-02 2.12431848e-01 4.57487702e-02 1.63771749e-01
    5.19711316e-01 1.91397965e-02 4.77295399e-01 7.74617434e-01
    4.99443680e-01 5.94603419e-01 7.68668532e-01 2.11844146e-01
    6.43957555e-01 5.28649092e-01 5.51307321e-01 7.61086702e-01
    9.88506794e-01 1.21614158e-01 1.74356699e-01 3.43505621e-01
    5.64491451e-01 9.77811813e-02 6.40909076e-01 5.69861770e-01
    1.29140615e-02 3.05671275e-01 9.44584250e-01 9.18209493e-01
    9.44336653e-01 9.01271105e-01 6.95292950e-01 3.51931363e-01
    3.25972438e-01 4.78499800e-01 9.38513637e-01 7.72948146e-01
    3.36308807e-01 9.73538339e-01 4.12797034e-02 6.70509756e-01
    8.66027951e-01 3.66304755e-01 7.70482659e-01 8.19992661e-01
    3.50122333e-01 7.56636202e-01 7.52942443e-01 9.97477531e-01
    5.00129998e-01 4.94704098e-01 7.66596198e-01 9.25921917e-01
    1.23796672e-01 2.07799852e-01 6.47581220e-01 2.75636673e-01
    1.16542876e-02 7.05695987e-01 2.82589555e-01 4.57186013e-01
    7.37500191e-03 8.52052569e-02 4.19387907e-01 4.76481825e-01
    7.20353842e-01 9.74189878e-01 4.68772382e-01 8.66592884e-01
    4.83563542e-03 3.90501916e-02 9.15968776e-01 3.95818502e-01
    4.61315840e-01 1.97014272e-01 2.39243150e-01 3.47097576e-01
    7.41993129e-01 7.89385796e-01 5.13495207e-01 8.49999964e-01
    1.26424789e-01 3.24372530e-01 1.39504492e-01 3.13010037e-01
    3.94510269e-01 6.53462946e-01 2.00259775e-01 7.62248397e-01
    7.13146329e-01 4.28156793e-01 8.36471558e-01 2.66967356e-01
    9.54674780e-02 6.51851296e-03 5.92514694e-01 5.90304613e-01
    7.85380960e-01 2.09343642e-01 2.90040791e-01 6.84350967e-01
    9.81042981e-01 6.70776665e-01 4.60854858e-01 6.67198718e-01
    5.14198840e-01 3.13794494e-01 7.58694828e-01 1.21756792e-02
    7.33838141e-01 7.68809021e-01 5.55420041e-01 3.43630731e-01
    9.28048611e-01 3.49013090e-01 1.13360703e-01 2.41657674e-01
    9.81411934e-01 7.64148116e-01 2.52581000e-01 6.22434676e-01
    9.29447532e-01 7.86798716e-01 7.72456288e-01 3.46683830e-01
    5.07182956e-01 8.32790554e-01 8.55630159e-01 1.35914445e-01
    4.53926057e-01 7.29861856e-01 7.35415816e-02 6.37047529e-01
    3.91379446e-01 6.29289329e-01 4.95090723e-01 6.46342993e-01
    5.64394653e-01 6.74659014e-01 6.87834978e-01 3.26542050e-01
    3.76204669e-01 5.17282188e-01 7.56975532e-01 7.42759943e-01
    7.73483872e-01 3.17091048e-01 8.74700308e-01 3.26839715e-01
    1.57845646e-01 5.54076314e-01 4.69719470e-02 2.66141534e-01
    1.56746268e-01 7.58065224e-01 7.28437006e-02 6.55072629e-02
    1.57091141e-01 2.34763622e-02 5.05841911e-01 6.55904830e-01
    7.02613473e-01 9.46590066e-01 1.30747259e-01 2.38980800e-01
    6.30607724e-01 7.85771608e-01 2.10134566e-01 8.23952556e-01
    8.43024850e-01 7.67157197e-01 3.34638059e-01 6.87562704e-01
    1.46640658e-01 8.36664975e-01 2.11887360e-02 8.75706971e-02
    3.02096605e-02 8.07664812e-01 3.28107238e-01 6.58047080e-01
    4.31143969e-01 5.42881191e-01 7.09265709e-01 2.19875187e-01
    5.25094867e-02 5.86587012e-01 1.06366992e-01 5.30017197e-01
    3.42397094e-02 2.17511475e-01 7.36109197e-01 6.96204305e-01
    6.19465172e-01 8.04692745e-01 8.74582887e-01 9.00100112e-01
    1.44193053e-01 2.41021663e-01 2.44679272e-01 5.23804605e-01
    2.95273066e-02 6.49035692e-01 8.54983449e-01 7.17722058e-01
    8.39158416e-01 3.92599046e-01 1.04782224e-01 7.18235433e-01
    7.31913269e-01 5.72590828e-01 9.71758127e-01 5.69025159e-01
    4.95529324e-01 6.79895699e-01 6.90826178e-01 2.89320409e-01
    9.61025357e-01 4.79783535e-01 1.92876667e-01 8.35917115e-01
    1.86153024e-01 2.30199575e-01 9.22641158e-01 5.22272587e-02
    2.84519076e-01 1.12445325e-01 3.42250884e-01 2.92107761e-01
    1.59877241e-02 5.27220011e-01 1.26762241e-01 1.27707630e-01
    9.43183064e-01 8.96676540e-01 5.23606420e-01 5.86579561e-01
    5.58549166e-03 1.24518931e-01 3.36068332e-01 7.77521372e-01
    5.23695230e-01 3.16258729e-01 1.66241229e-01 9.99219000e-01
    6.55727088e-01 3.70134324e-01 1.52672231e-01 8.13202262e-01
    4.45431322e-01 1.30555600e-01 4.58098680e-01 7.64563560e-01
    3.08131278e-01 2.81212687e-01 2.77814567e-01 6.80923879e-01
    6.94985747e-01 2.25191355e-01 4.75359142e-01 9.50394630e-01
    6.92121625e-01 2.44231820e-01 1.90763026e-01 8.63166571e-01
    2.57284939e-01 7.87222147e-01 2.84685850e-01 5.92927217e-01
    5.60294926e-01 6.73863888e-02 5.96332788e-01 5.66820383e-01
    2.50718117e-01 4.51023698e-01 8.15556169e-01 8.47243667e-01
    1.19392425e-01 4.12847161e-01 2.71836817e-01 9.60757375e-01
    2.64523447e-01 7.67756462e-01 1.22883618e-02 2.94723660e-01
    8.23699057e-01 3.71931762e-01 5.45159042e-01 2.73979664e-01
    6.83118105e-02 9.05937731e-01 9.41466808e-01 5.70857167e-01
    3.66534948e-01 7.32626319e-01 1.78337038e-01 2.19309032e-02
    4.81730402e-02 9.04005527e-01 5.87634027e-01 7.26310015e-01
    2.69849360e-01 8.82473648e-01 9.85518813e-01 1.01860166e-01
    2.22146213e-01 7.96095729e-01 6.46585763e-01 8.01020861e-02
    8.44185710e-01 2.21795976e-01 8.02475631e-01 2.06566513e-01
    3.17989945e-01 2.72413105e-01 7.46539712e-01 2.28415370e-01
    7.80131817e-01 6.76478744e-01 4.55681413e-01 2.50592709e-01
    6.54946685e-01 4.19245839e-01 1.94975942e-01 6.07274771e-02
    5.21778524e-01 9.61643994e-01 6.57711565e-01 3.15394104e-02
    2.11348832e-01 5.43193638e-01 4.70306337e-01 6.55304492e-01
    8.22553217e-01 7.95342088e-01 6.68375194e-01 4.91341621e-01
    4.27396715e-01 9.50207770e-01 6.82606995e-02 3.92511070e-01
    1.34561718e-01 4.88993257e-01 9.75260735e-01 4.74313498e-01
    3.07221979e-01 8.74838352e-01 2.52224535e-01 7.15625346e-01
    6.16815865e-01 1.22568697e-01 4.17430729e-01 9.73680258e-01
    3.92152995e-01 9.49019670e-01 7.34269798e-01 1.04992837e-01
    2.29407847e-02 6.93749726e-01 6.71843290e-01 7.11073220e-01
    9.67534304e-01 6.96869016e-01 8.63255262e-01 6.77978992e-02
    9.61796582e-01 7.22798586e-01 2.76008338e-01 7.20528960e-01
    6.71811819e-01 1.20079279e-01 8.52333963e-01 6.51756525e-02
    1.81718081e-01 7.63726830e-01 4.38131988e-02 2.20302284e-01
    7.48356879e-02 2.30121195e-01 4.55091029e-01 2.58943796e-01
    1.53542519e-01 2.86314249e-01 3.34801018e-01 9.02048945e-01
    7.11749911e-01 5.79053342e-01 6.91673160e-01 3.55940938e-01
    3.83076966e-02 8.70993018e-01 5.55099547e-01 5.82953453e-01
    7.72689700e-01 1.16535723e-02 6.39728546e-01 2.73705423e-02
    5.40477633e-01 1.62934422e-01 4.32914197e-01 5.95810592e-01
    9.00439739e-01 9.69890118e-01 6.72089875e-01 8.34068179e-01
    3.35141063e-01 9.90600228e-01 2.34924644e-01 5.17172694e-01
    4.38543797e-01 8.27353299e-01 3.13936472e-01 2.83358097e-01
    4.84412044e-01 4.97700572e-02 6.76605701e-01 1.79636925e-01
    6.47196114e-01 1.69812292e-01 2.25882947e-01 8.63942742e-01
    6.05882049e-01 4.94945198e-01 3.55540514e-02 7.85496235e-01
    3.28753173e-01 9.59179640e-01 3.05106759e-01 5.84248006e-01
    1.08442217e-01 5.37930727e-01 4.43404704e-01 8.04235399e-01
    1.66062862e-01 8.79954100e-01 3.48406911e-01 4.08741474e-01
    9.98919606e-01 3.55506778e-01 8.14630449e-01 7.19368577e-01
    3.04498494e-01 5.74637830e-01 8.41324449e-01 4.56573546e-01
    1.34281695e-01 1.83856994e-01 6.20811284e-01 9.12917376e-01
    7.68496513e-01 3.86828154e-01 2.88833201e-01 1.97481722e-01
    3.99791211e-01 3.69046748e-01 3.13582420e-01 2.47795910e-01
    4.56158459e-01 3.28590930e-01 2.24907696e-02 8.55737925e-03
    3.44157696e-01 6.84564054e-01 6.74181402e-01 8.35284173e-01
    8.17600191e-01 4.62110460e-01 7.31322944e-01 3.75076532e-01
    6.66514933e-02 4.48826194e-01 4.20360088e-01 6.91384196e-01
    5.34362197e-02 6.86035752e-01 4.62060899e-01 3.56819749e-01
    2.32728183e-01 6.27295494e-01 9.82737184e-01 9.27340865e-01
    3.93257707e-01 7.44242370e-02 6.04716718e-01 7.46079922e-01
    5.87848186e-01 8.50409746e-01 8.15779209e-01 6.25579417e-01
    9.63527083e-01 6.28304482e-03 4.54568416e-01 5.27401149e-01
    7.48337209e-01 2.57051736e-01 1.34755224e-01 5.70803285e-02
    9.77089882e-01 2.84136593e-01 7.02937901e-01 3.03249955e-01
    9.86096561e-02 3.05916607e-01 2.91524470e-01 9.17887032e-01
    4.04792875e-01 1.35189265e-01 7.13952959e-01 8.08172107e-01
    9.66674685e-01 3.19401503e-01 3.39097977e-02 3.45935822e-02
    3.72099757e-01 9.26424384e-01 1.06334448e-01 9.69411850e-01
    2.44254112e-01 3.97024184e-01 5.15279949e-01 7.18337238e-01
    9.71564949e-02 6.14166260e-01 4.69394088e-01 9.48423982e-01
    5.49303591e-01 2.17351258e-01 6.45147085e-01 4.88682091e-02
    6.29233003e-01 6.90398335e-01 6.28249049e-01 5.75838864e-01
    3.95339072e-01 7.63870895e-01 6.20652199e-01 7.36839771e-01
    8.61411512e-01 7.58439660e-01 6.97763145e-01 8.61458898e-01
    1.07577801e-01 6.78068995e-02 9.19513106e-01 8.85616779e-01
    8.75024498e-01 5.71374595e-02 5.68724275e-01 4.26191568e-01
    4.87788826e-01 9.35458601e-01 2.16713369e-01 4.23805535e-01
    7.28282690e-01 8.42938721e-01 2.80220330e-01 5.41808248e-01
    8.94666910e-02 3.61841023e-01 3.41106385e-01 2.67656624e-01
    3.43559027e-01 3.85213196e-01 2.34856635e-01 5.64266086e-01
    1.62774473e-01 2.80600727e-01 9.57996547e-02 9.23551083e-01
    9.19208586e-01 9.60187018e-02 6.71431899e-01 5.24692416e-01
    6.41126692e-01 4.14203346e-01 8.66677403e-01 6.27127171e-01
    5.13145924e-01 2.73311406e-01 5.90898693e-01 1.76851958e-01
    9.23887432e-01 3.52425933e-01 3.84297580e-01 9.31644619e-01
    5.81760824e-01 5.65130293e-01 9.46201265e-01 7.21490562e-01
    3.83531302e-01 8.97723317e-01 9.63740706e-01 4.75740522e-01
    2.40167618e-01 7.88043857e-01 7.81101048e-01 5.54465473e-01
    2.04947591e-01 6.07126951e-01 3.06285888e-01 6.70464158e-01
    3.12201381e-01 7.13380635e-01 5.08557200e-01 9.05245781e-01
    4.14558053e-02 7.60149300e-01 2.88325369e-01 5.67021370e-02
    7.99286246e-01 9.52337742e-01 5.60067952e-01 7.20569909e-01
    1.39390290e-01 4.38319147e-02 8.78307104e-01 7.37220526e-01
    2.95644641e-01 3.94145101e-01 2.59503484e-01 6.17878437e-01
    5.56969285e-01 4.28740352e-01 3.15687060e-01 7.20893919e-01
    8.85009468e-01 6.20768964e-01 4.92486537e-01 9.24515963e-01
    7.44386613e-01 8.41896713e-01 7.25715876e-01 4.51342940e-01
    1.44204855e-01 8.30969572e-01 4.72084373e-01 6.29116416e-01
    1.51549309e-01 7.64155626e-01 4.99335468e-01 8.14712226e-01
    2.99642324e-01 3.35462689e-02 1.45289302e-01 9.25952435e-01
    5.14493883e-02 7.66369581e-01 1.11604631e-02 8.66607428e-01
    5.25122643e-01 7.41545320e-01 4.90590274e-01 7.10198581e-02
    5.55087805e-01 3.33190948e-01 9.45514321e-01 1.23888552e-01
    4.25329596e-01 4.59963083e-02 9.76059437e-02 1.19617105e-01
    1.25014544e-01 8.57313514e-01 9.71908569e-01 8.57286692e-01
    8.25831175e-01 5.72747827e-01 7.07219064e-01 9.06006932e-01
    2.12088645e-01 3.01294178e-01 1.75520808e-01 8.83347094e-01
    4.48634923e-01 1.27166212e-02 3.90341371e-01 8.57573211e-01
    6.52365327e-01 9.09660459e-01 9.28942859e-01 2.58963823e-01
    9.59059536e-01 1.62677884e-01 1.76660866e-01 2.08913684e-02
    2.05607057e-01 8.03036094e-01 2.11724252e-01 4.08583224e-01
    2.03313649e-01 4.44762379e-01 2.13691175e-01 5.06504178e-02
    7.51412809e-01 9.09500122e-01 9.97246921e-01 9.02882516e-02
    1.82014197e-01 1.61428154e-01 8.58870387e-01 9.09187973e-01
    8.80770802e-01 8.20460618e-02 4.62984592e-01 4.51039284e-01
    3.76416922e-01 8.67486596e-02 2.29965270e-01 6.12256229e-01
    9.46961999e-01 6.17597461e-01 7.23612905e-02 1.51147038e-01
    9.85594392e-01 1.40458554e-01 2.13484138e-01 9.13694859e-01
    7.14496374e-02 7.44279385e-01 6.59503043e-01 9.57419217e-01
    5.51263750e-01 2.05921531e-01 8.00944328e-01 2.16252893e-01
    4.81096417e-01 2.81547427e-01 8.14002872e-01 1.01488382e-01
    3.76917660e-01 3.59625071e-01 4.37636942e-01 5.20437419e-01
    4.26044792e-01 9.27050233e-01 7.41584599e-01 4.47698861e-01
    3.30269337e-04 4.44111228e-03 7.55323410e-01 3.14697206e-01
    5.78725040e-01 9.54736114e-01 4.45867360e-01 1.05122447e-01
    9.78574157e-01 6.37852848e-02 9.41236258e-01 2.92746961e-01
    3.68068844e-01 9.39468026e-01 9.53186035e-01 2.15538919e-01
    9.35570776e-01 5.80525100e-01 1.34707987e-02 9.20119822e-01
    9.01048779e-01 7.50028491e-02 5.74537516e-02 5.86215675e-01
    4.40038294e-01 4.91305321e-01 7.77943611e-01 2.81848937e-01
    9.13742185e-01 6.76189542e-01 6.29908919e-01 9.00783479e-01
    1.55446589e-01 2.57020682e-01 5.27348816e-01 4.65110719e-01
    6.51843488e-01 3.25648427e-01 3.97728682e-01 3.73754382e-01
    7.03578532e-01 8.28023493e-01 9.13062096e-01 1.85910076e-01
    5.93286753e-03 8.07340622e-01 8.83982539e-01 5.98840296e-01
    8.23062122e-01 5.78473687e-01 9.02552009e-01 1.26298547e-01
    6.57689571e-03 4.26692933e-01 6.61818683e-02 5.60121119e-01
    1.50841713e-01 5.57721853e-01 2.06534594e-01 6.35616779e-02
    6.34988546e-01 5.14769554e-01 7.65664399e-01 2.31131226e-01
    4.00813997e-01 9.34828281e-01 7.11190820e-01 6.57640934e-01
    9.81773853e-01 2.56152600e-01 7.84630597e-01 5.48804104e-01
    9.50543940e-01 7.68849134e-01 4.31984961e-01 2.62212873e-01
    4.52803612e-01 8.67435813e-01 3.73180449e-01 4.54699248e-01
    2.53621757e-01 6.92773223e-01 7.77054250e-01 6.61355615e-01
    1.29594326e-01 3.58494580e-01 9.03965533e-02 3.82051468e-02
    6.99994206e-01 6.87814772e-01 6.57292306e-01 4.76064056e-01
    8.82190108e-01 3.88562471e-01 7.17186272e-01 8.43510866e-01
    8.81455302e-01 5.45407772e-01 1.41389251e-01 3.16531897e-01
    3.58428538e-01 7.11387575e-01 7.75132358e-01 7.52795458e-01
    8.21921587e-01 3.55168581e-01 7.62697220e-01 8.10612679e-01
    3.82314861e-01 9.80456948e-01 9.56142426e-01 4.97233778e-01
    5.38623095e-01 8.77910554e-01 7.21494913e-01 6.03115022e-01
    5.51875770e-01 4.84790087e-01 5.64293087e-01 8.69009912e-01
    6.03311896e-01 7.78392673e-01 8.79900694e-01 4.46862727e-01
    2.45464236e-01 6.17579699e-01 6.63721144e-01 5.56116998e-01
    3.66131246e-01 8.43314171e-01 1.39811486e-01 8.02119136e-01
    3.56515229e-01 1.22085989e-01 2.83782780e-02 7.50583470e-01
    8.31530929e-01 1.53081954e-01 2.66213238e-01 4.33916509e-01
    2.38040447e-01 8.27777624e-01 2.12267548e-01 5.62485933e-01
    1.88682079e-02 1.86950862e-01 1.79462522e-01 9.83734131e-01
    9.38408375e-01 1.16314799e-01 2.44472623e-01 9.24838066e-01
    5.60452580e-01 7.31011987e-01 8.68749619e-01 7.74919391e-01
    2.09508896e-01 9.71075892e-02 9.00974154e-01 7.88967967e-01
    1.60789788e-02 4.86581266e-01 1.53334945e-01 3.44562531e-01
    7.53663182e-02 5.03083646e-01 8.70584309e-01 2.06827104e-01
    9.46449339e-02 5.74371636e-01 7.45869875e-01 8.74718785e-01
    4.09992874e-01 9.66891050e-02 4.46936458e-01 1.68993443e-01
    6.76257074e-01 9.60283101e-01 9.76784945e-01 5.32776475e-01
    4.68312830e-01 7.36032665e-01 4.38593239e-01 3.38392258e-01
    3.45118880e-01 5.79267025e-01 9.40718532e-01 2.76243478e-01
    1.89018726e-01 6.18417621e-01 4.44274127e-01 1.77111924e-01
    8.33229780e-01 3.18247020e-01 4.38928306e-01 5.70694864e-01
    1.36175156e-02 8.67156982e-02 3.44946802e-01 7.72887588e-01
    1.05226368e-01 7.20401168e-01 6.10203505e-01 6.06019199e-01
    9.31358337e-01 4.32323575e-01 1.55797720e-01 2.00004727e-01
    1.40061527e-01 6.38861597e-01 8.93078029e-01 5.71874976e-01
    8.17693472e-01 1.95646077e-01 3.01362067e-01 1.80964828e-01
    1.25927657e-01 7.96918988e-01 2.31479108e-01 9.71851230e-01
    2.68153846e-02 7.29785681e-01 9.45669651e-01 9.42701459e-01
    7.38913834e-01 6.88703895e-01 7.89679706e-01 2.49826044e-01
    8.57793212e-01 3.33183408e-01 6.13529027e-01 7.02322841e-01
    9.80697930e-01 3.89228731e-01 9.65649724e-01 4.25246984e-01
    7.71964014e-01 6.65275276e-01 2.95912325e-02 8.26405346e-01
    1.58064604e-01 7.06873119e-01 7.65380085e-01 9.47384596e-01
    1.14135742e-02 4.35396314e-01 5.21046281e-01 4.38059717e-01
    7.86913514e-01 6.07072949e-01 6.01094484e-01 2.75850713e-01
    9.30972934e-01 5.17058730e-01 6.92150652e-01 8.58539820e-01
    1.89891756e-02 4.75481451e-02 4.04363960e-01 4.65304583e-01
    8.36784720e-01 8.00865889e-01 6.48101270e-01 4.16720212e-01
    2.72360444e-01 8.39694500e-01 8.90842736e-01 2.97164619e-01
    9.60955381e-01 2.51398325e-01 6.24899507e-01 4.72916335e-01
    1.05060309e-01 1.47836268e-01 8.27736855e-01 4.64177191e-01
    6.19708538e-01 9.71388817e-01 3.33882302e-01 6.82604671e-01
    6.62307620e-01 4.53417301e-01 3.51880372e-01 1.73188865e-01
    3.05265784e-01 9.15965796e-01 4.28477108e-01 1.48097545e-01
    3.38720679e-02 1.34533614e-01 6.98969066e-01 1.31229103e-01
    1.51544571e-01 4.45336968e-01 7.40917265e-01 2.79228926e-01
    8.46441627e-01 1.00762755e-01 8.25257123e-01 2.45884985e-01
    5.56094110e-01 5.73806405e-01 8.51955175e-01 6.70771301e-01
    7.80687511e-01 6.49005294e-01 5.74737549e-01 5.44455945e-02
    7.00454473e-01 9.93663073e-03 9.12282825e-01 2.96785742e-01
    3.52656066e-01 9.58653927e-01 1.17370039e-01 7.99856901e-01
    4.64658082e-01 8.17301452e-01 4.98958200e-01 1.96373373e-01
    6.30801797e-01 3.71519089e-01 4.55442071e-03 3.89688849e-01
    1.94958955e-01 5.87117016e-01 6.17422402e-01 9.32922542e-01
    2.46320963e-01 1.90983206e-01 7.30584800e-01 9.57294703e-01
    5.57118893e-01 3.05573106e-01 6.39451742e-02 5.78450084e-01
    2.33984351e-01 8.43663216e-01 8.60542238e-01 1.23644501e-01
    3.13752830e-01 6.08259797e-01 9.98774648e-01 7.02809215e-01
    1.43911839e-01 8.48807096e-01 4.51849103e-01 1.51217580e-02
    6.56201005e-01 2.87367702e-02 2.14712143e-01 1.46569401e-01
    9.12822604e-01 8.89932811e-01 2.77915061e-01 3.39506865e-01
    9.46596205e-01 7.98091173e-01 2.78485268e-01 9.63355303e-01
    5.59383392e-01 1.10016406e-01 4.32539582e-01 1.64918184e-01
    8.73130679e-01 4.14314091e-01 3.84612918e-01 9.64782536e-02
    1.86646551e-01 7.72847533e-02 4.29612190e-01 8.31762850e-02
    5.03197372e-01 6.55030310e-02 2.40748525e-02 7.54058361e-02
    9.88996804e-01 3.15945387e-01 9.29865718e-01 6.82026446e-01
    4.21016216e-02 6.16043210e-01 5.87239325e-01 1.38089299e-01
    2.58577943e-01 3.47682595e-01 8.81686330e-01 2.93579519e-01
    2.82452166e-01 7.24450171e-01 7.44170487e-01 9.52745497e-01
    7.07309008e-01 1.21702909e-01 3.12255979e-01 1.09185427e-01
    1.75973833e-01 2.53204226e-01 7.98286438e-01 6.36157811e-01
    2.81218648e-01 3.24117899e-01 5.52813709e-01 3.75243187e-01
    6.82225943e-01 2.67711371e-01 6.15653098e-01 1.81982219e-02
    6.38329387e-02 5.44818878e-01 5.61226130e-01 2.64944255e-01
    2.89688528e-01 8.47827554e-01 5.12427270e-01 1.72145605e-01
    5.99609613e-01 7.01541662e-01 4.31886613e-01 9.82528090e-01
    2.30476588e-01 8.31988454e-01 9.63621199e-01 5.41415691e-01
    2.40515977e-01 3.12065661e-01 7.73210824e-02 3.76279593e-01
    6.95411921e-01 9.72837746e-01 7.66855061e-01 4.99021202e-01
    9.25801635e-01 8.01823139e-01 2.95787096e-01 7.16517329e-01
    5.21619737e-01 9.16711450e-01 6.58927202e-01 5.27191103e-01
    8.71799171e-01 5.82181990e-01 8.11242938e-01 4.77319360e-02
    8.15288842e-01 6.47734880e-01 9.75013256e-01 3.30166101e-01
    5.58782756e-01 4.69793677e-02 5.22150636e-01 3.84058118e-01
    7.07328916e-02 1.45692587e-01 6.21275365e-01 4.25347269e-01
    9.41857696e-01 9.87033308e-01 5.85649550e-01 1.38596237e-01
    1.54745579e-02 4.41036493e-01 2.75388271e-01 7.64918208e-01
    6.25436187e-01 5.84358335e-01 8.58330369e-01 6.79196060e-01
    1.70355231e-01 3.87054831e-01 8.04733515e-01 8.88540626e-01
    7.44109035e-01 2.21483886e-01 7.00068593e-01 9.64718223e-01
    6.41455054e-01 8.95326853e-01 8.55834603e-01 3.25502127e-01
    9.69616294e-01 6.14677131e-01 4.44746464e-01 7.44333804e-01
    9.04468417e-01 5.84168136e-01 1.72211826e-01 6.98397636e-01
    6.84454918e-01 8.96598935e-01 7.07406402e-02 1.64468557e-01
    3.51500034e-01 9.88938093e-01 8.78490806e-01 3.77200007e-01
    5.95866740e-01 6.66999578e-01 5.77959180e-01 3.64581943e-01
    8.09379458e-01 2.04258829e-01 7.77584016e-02 6.91696703e-02
    1.89105183e-01 3.54635000e-01 6.79567695e-01 5.58774948e-01
    1.32581949e-01 5.42787313e-01 1.32893622e-02 9.62028265e-01
    8.66846204e-01 8.96444559e-01 8.59230042e-01 9.08567250e-01
    2.92051256e-01 3.52457494e-01 2.41150439e-01 8.21793199e-01
    2.43371844e-01 9.32621539e-01 9.62375402e-01 6.01688802e-01
    9.24957693e-02 3.09276700e-01 2.48475939e-01 7.71386206e-01
    8.48589659e-01 7.66454577e-01 9.66369569e-01 7.54167914e-01
    8.10221255e-01 4.44415092e-01 1.30548924e-01 5.73943019e-01
    8.59030724e-01 8.80709410e-01 6.07284129e-01 7.55727887e-02
    4.00886476e-01 1.14549637e-01 8.13310504e-01 5.20001888e-01
    5.96686304e-02 1.08462065e-01 9.68886852e-01 5.82034230e-01
    7.60236502e-01 4.22660381e-01 1.44266158e-01 2.83166587e-01
    9.17205334e-01 5.21619320e-02 3.87393951e-01 6.50553942e-01
    4.08358395e-01 9.07187819e-01 3.17782670e-01 9.68116879e-01
    3.41855139e-01 2.08592057e-01 4.98545170e-02 5.70206821e-01
    2.17248082e-01 1.20450854e-01 2.84390539e-01 2.47440517e-01
    2.94551551e-01 8.50127995e-01 7.38628089e-01 7.91369915e-01
    3.61054420e-01 6.51560724e-01 4.34701979e-01 6.42146647e-01
    7.19095767e-02 7.02052355e-01 4.61418092e-01 1.80316269e-02
    8.29441071e-01 4.30194229e-01 8.16050172e-03 3.94290417e-01
    2.18341380e-01 3.72076243e-01 9.40591753e-01 4.18896139e-01
    5.93273282e-01 5.27804673e-01 7.72782803e-01 2.32990384e-02
    8.44380856e-02 8.66833031e-02 2.03717142e-01 8.71137619e-01
    8.30442607e-01 9.46076870e-01 5.87258458e-01 7.87240922e-01
    9.34677601e-01 2.26734817e-01 8.61682534e-01 4.25055534e-01
    6.66154027e-01 8.01429152e-01 2.28436828e-01 2.44359881e-01
    8.10570240e-01 9.90779698e-02 9.56212163e-01 2.73779750e-01
    7.88548827e-01 6.13817036e-01 2.80082226e-02 4.57851440e-01
    2.34324932e-01 2.99230933e-01 1.34525627e-01 1.40620142e-01
    3.82599235e-02 2.37095177e-01 5.26198089e-01 6.97115839e-01
    6.77268267e-01 4.57396120e-01 3.50357115e-01 8.71727943e-01
    8.85494113e-01 2.26047605e-01 8.34817588e-02 8.86904716e-01
    1.60337597e-01 1.48638785e-01 1.21132851e-01 9.50488269e-01
    8.77775311e-01 2.74936616e-01 8.38665605e-01 2.14929223e-01
    4.95942891e-01 3.44248295e-01 4.56840992e-01 5.93172550e-01
    1.43158197e-01 9.66068447e-01 7.66268611e-01 7.88380384e-01
    8.65445733e-02 4.65319991e-01 3.23161840e-01 9.06088233e-01
    5.70164323e-01 2.60278076e-01 6.91654682e-01 1.94057226e-02
    3.07604969e-02 1.11381710e-02 3.35420668e-02 1.43597722e-02
    8.98288965e-01 2.56414235e-01 7.18422532e-01 7.44877458e-01
    7.55114317e-01 3.67245913e-01 4.65139031e-01 6.54705942e-01
    8.52329016e-01 8.22424054e-01 7.00987160e-01 1.48002744e-01
    3.61967713e-01 7.42790997e-01 7.57354498e-01 7.78236985e-01
    5.57651937e-01 3.13071907e-01 3.27421755e-01 8.69395792e-01
    7.02611089e-01 3.09982836e-01 8.53423715e-01 9.05425549e-01
    9.73431289e-01 4.60567474e-02 1.54119372e-01 1.88756973e-01
    7.79389381e-01 2.26964772e-01 1.22470319e-01 3.32742929e-03
    9.24069226e-01 8.63827705e-01 1.23320818e-02 3.84145379e-02
    8.85834634e-01 1.34202838e-02 2.17557430e-01 1.66442871e-01
    8.25655818e-01 4.77293551e-01 3.96431297e-01 8.43611002e-01
    7.89019227e-01 7.17691422e-01 4.14722919e-01 3.15417051e-01
    5.74720800e-02 6.26769304e-01 9.52807903e-01 6.21211767e-01
    4.97378826e-01 3.65508199e-01 3.90614510e-01 2.42447227e-01
    3.60765755e-01 6.95196867e-01 3.55477810e-01 7.57461250e-01
    8.63147140e-01 8.17061305e-01 8.34736288e-01 5.17730296e-01
    1.81617498e-01 9.76187944e-01 7.36067176e-01 8.09839249e-01
    7.35274732e-01 8.63637447e-01 6.27620280e-01 5.81354022e-01
    4.36076522e-03 1.49968266e-03 2.47514784e-01 2.05399394e-02
    6.43275976e-02 4.49651062e-01 1.14749491e-01 3.52595091e-01
    1.49806947e-01 5.68202853e-01 3.74291062e-01 9.69559193e-01
    4.86043096e-03 6.56036139e-01 5.08178949e-01 8.51350427e-01
    8.04159939e-01 3.36697876e-01 8.21262479e-01 7.24644005e-01
    8.41407657e-01 7.13479638e-01 4.73279685e-01 5.59881091e-01
    6.78000271e-01 9.76538539e-01 7.82578647e-01 1.98809654e-01
    2.07724631e-01 1.81621909e-01 4.50576037e-01 8.05033445e-02
    6.82825744e-01 1.44143403e-01 4.79353070e-02 8.14170957e-01
    2.60998905e-02 4.19718415e-01 3.57753098e-01 1.33001685e-01
    4.37602192e-01 3.71620953e-02 3.16510260e-01 4.67603326e-01
    4.94379401e-01 3.00677598e-01 6.75731421e-01 9.46978927e-01
    5.61872721e-02 2.32619882e-01 8.93121064e-01 3.12782317e-01
    9.69503045e-01 9.17322755e-01 6.80526495e-01 2.62944520e-01
    8.35470080e-01 5.47292233e-01 5.90057671e-01 3.72877419e-02
    8.71195197e-01 7.30312347e-01 4.77489948e-01 3.74318123e-01
    5.97075939e-01 5.79884171e-01 7.96016872e-01 2.11152136e-02
    6.87993348e-01 6.70032859e-01 7.08650947e-01 4.83654052e-01
    2.45870024e-01 3.16915870e-01 9.86514926e-01 2.24127829e-01
    6.51132584e-01 8.74577641e-01 1.41646385e-01 4.40831959e-01
    2.25822568e-01 7.59169817e-01 7.59735942e-01 2.05922514e-01
    8.77941489e-01 7.20810950e-01 2.78263986e-01 3.81765455e-01
    9.23191309e-01 7.45790601e-01 3.55951279e-01 5.06493330e-01
    7.47487426e-01 4.68556494e-01 6.38305247e-02 2.57033706e-01
    9.04253602e-01 7.14379668e-01 6.63836300e-02 9.82574224e-01
    9.17297840e-01 1.97665095e-01 6.73949122e-02 6.50858879e-01
    1.48552477e-01 9.12059188e-01 6.57629728e-01 8.30710232e-02
    9.99697804e-01 5.83765268e-01 5.20226479e-01 2.95776159e-01
    4.02948916e-01 5.31164706e-01 6.08996511e-01 2.72538066e-01
    8.29717398e-01 3.18654776e-02 9.92629468e-01 3.53085160e-01
    5.96486688e-01 7.17129111e-02 5.33775270e-01 1.63980097e-01
    7.99614012e-01 3.04200947e-02 9.07737374e-01 7.50617504e-01
    4.04481769e-01 4.48785961e-01 9.49721932e-01 5.60766399e-01
    6.99452758e-01 9.23427343e-01 1.11942470e-01 7.39018440e-01
    4.58765358e-01 6.33114517e-01 3.84412706e-02 8.10522676e-01
    7.80421495e-03 4.91768837e-01 8.58150303e-01 8.50691915e-01
    2.71583200e-02 2.08803892e-01 7.62352347e-01 7.22182512e-01
    2.27342904e-01 3.87040824e-01 9.45373535e-01 3.87732744e-01
    4.19487387e-01 5.68294585e-01 5.78048766e-01 6.90339684e-01
    9.64943051e-01 6.30907178e-01 7.35655308e-01 2.55492330e-01
    3.70668173e-02 4.94790763e-01 6.98570132e-01 3.21771532e-01
    6.21300936e-01 6.39599085e-01 7.02109754e-01 1.49999559e-01
    7.28641748e-02 4.07698095e-01 1.31120980e-02 3.30725908e-01
    2.52316177e-01 5.77129900e-01 1.84640408e-01 9.91211832e-01
    4.33767766e-01 4.37902957e-01 7.13196576e-01 2.38964021e-01
    9.80481207e-01 4.98166412e-01 9.88544345e-01 2.46786028e-01
    9.08788323e-01 9.70785737e-01 7.39500940e-01 4.43825483e-01
    6.95082784e-01 4.35279071e-01 8.14604282e-01 6.41899645e-01
    3.02133560e-02 9.38309550e-01 6.32352591e-01 5.51545620e-01
    6.35558367e-01 4.23227578e-01 7.76644111e-01 8.10561478e-01
    2.17980921e-01 9.60749447e-01 9.76674378e-01 7.39346743e-02
    1.05018467e-01 7.00656116e-01 2.85958558e-01 2.20809698e-01
    1.99790001e-02 5.85832298e-01 5.68297148e-01 9.97368336e-01
    1.57677621e-01 3.88264388e-01 5.92099965e-01 5.15472770e-01
    2.70293295e-01 2.93383181e-01 5.30385911e-01 1.71790510e-01
    4.20925796e-01 5.04040837e-01 1.91670805e-01 4.11955476e-01
    3.53997171e-01 4.57958937e-01 9.24969554e-01 6.21971428e-01
    2.58914173e-01 9.83155966e-01 2.16999441e-01 6.14053607e-02
    5.24132490e-01 6.54844999e-01 1.17680162e-01 5.52960455e-01
    8.39717090e-01 6.97724879e-01 1.59583449e-01 9.91939485e-01
    7.15986788e-01 2.04989105e-01 2.50230849e-01 9.00604188e-01
    4.45769876e-01 9.75579977e-01 8.11234713e-01 5.36951303e-01
    9.36356068e-01 9.16404128e-02 7.59145021e-02 7.82186747e-01
    8.40285242e-01 5.76407373e-01 3.80923986e-01 9.84978318e-01
    7.32016802e-01 3.11419427e-01 1.10407472e-01 9.68526483e-01
    9.90257859e-01 3.36329907e-01 9.87839341e-01 1.14814848e-01
    7.65671551e-01 4.65035826e-01 9.57146287e-03 7.94737220e-01
    9.97108936e-01 8.67023706e-01 8.20656717e-02 6.10981286e-02
    6.89527690e-01 9.18569624e-01 7.88110733e-01 4.63042915e-01
    4.79082942e-01 5.15287519e-01 3.04265022e-02 3.95788848e-02
    4.39764708e-01 4.23476934e-01 8.06884706e-01 5.11245668e-01
    5.24084151e-01 4.65132117e-01 7.81122804e-01 4.38787460e-01
    7.78272271e-01 4.41871583e-02 7.13585019e-02 2.23596841e-01
    5.18603206e-01 6.70862675e-01 8.21860433e-01 9.91427124e-01
    7.02988923e-01 4.51776773e-01 5.28227508e-01 4.21753287e-01
    2.28965849e-01 6.14522159e-01 8.34485292e-01 8.39176655e-01
    1.78758502e-01 1.50614202e-01 9.90239382e-01 5.11765957e-01
    5.92061877e-01 6.28308356e-01 2.45104909e-01 8.95680428e-01
    5.01632988e-02 2.25892723e-01 9.92405832e-01 2.54190683e-01
    7.24061906e-01 6.36318505e-01 2.04469025e-01 8.17641854e-01
    6.84007168e-01 9.70772147e-01 3.11860353e-01 3.63731205e-01
    8.49050343e-01 7.73478150e-01 5.92191696e-01 6.48900509e-01
    8.93778920e-01 7.75398493e-01 7.31438935e-01 1.24465227e-01
    5.83805084e-01 2.83595383e-01 2.19216198e-01 8.76961350e-01
    5.48943639e-01 4.41042125e-01 6.16666496e-01 5.80987930e-02
    9.96583581e-01 3.37894052e-01 4.61798817e-01 7.86712706e-01
    5.06856441e-01 2.43550837e-01 1.84267491e-01 9.51890588e-01
    1.90958679e-01 9.51306820e-01 9.45108831e-02 5.85487187e-01
    7.04990029e-01 1.70868337e-01 9.51705158e-01 8.18349957e-01
    8.35149586e-01 9.25954938e-01 1.79725111e-01 7.97250509e-01
    7.06735075e-01 9.33443666e-01 6.89574063e-01 1.01568103e-02
    3.96694541e-02 5.08668721e-02 4.87550467e-01 4.59805697e-01
    8.56733024e-02 2.40327418e-02 2.81852216e-01 4.67156410e-01
    5.54673254e-01 4.74713385e-01 5.28097153e-02 1.73340023e-01
    2.73888916e-01 3.96748602e-01 7.73406923e-01 5.16692996e-02
    3.99896353e-01 9.10626173e-01 4.43018049e-01 4.07138824e-01
    3.38257164e-01 2.68707335e-01 2.11988002e-01 5.70689976e-01
    7.32872546e-01 1.09958082e-01 9.55254257e-01 5.72054684e-02
    9.81426239e-01 6.45744324e-01 7.57276058e-01 4.99767363e-02
    8.45205426e-01 6.38963997e-01 7.17934251e-01 3.71898353e-01
    1.74153209e-01 1.73343331e-01 1.93531185e-01 3.69775295e-03
    9.06387568e-01 8.85931969e-01 5.26461303e-01 7.78781772e-01
    8.33478689e-01 8.40805411e-01 1.77725554e-02 4.66878682e-01
    8.87414455e-01 1.35300606e-01 5.25671601e-01 4.72787142e-01
    3.26408744e-01 3.70215148e-01 1.30083144e-01 6.23264790e-01
    8.52275193e-02 2.83098668e-01 5.62681615e-01 4.88130122e-01
    1.56011701e-01 2.79084474e-01 5.73342383e-01 3.58990133e-02
    7.86416054e-01 9.48973417e-01 2.47017056e-01 3.45670015e-01
    7.57999003e-01 1.88540518e-02 4.18949842e-01 7.59236574e-01
    8.35478902e-02 1.23660743e-01 9.09506679e-01 8.98264170e-01
    2.40583211e-01 5.62833309e-01 4.79074210e-01 1.84510976e-01
    1.60040259e-01 2.30244011e-01 3.34071845e-01 5.60343564e-01
    3.48550469e-01 9.41230893e-01 5.29375374e-01 5.11747003e-01
    5.86468160e-01 8.87292743e-01 6.14983976e-01 1.59084231e-01
    7.63199389e-01 3.89478296e-01 7.80226707e-01 4.14114475e-01
    3.70322078e-01 6.31757379e-01 5.10418177e-01 9.13076997e-01
    3.88827085e-01 8.69589567e-01 5.17261446e-01 7.08946586e-02
    8.20498466e-01 8.11169505e-01 1.66944146e-01 5.75356781e-01
    1.09729230e-01 7.57843971e-01 9.47898865e-01 2.75848985e-01
    4.53463674e-01 3.72193933e-01 1.55447930e-01 3.16217870e-01
    4.71620947e-01 7.89361358e-01 2.77029157e-01 8.45103025e-01
    8.12262058e-01 4.02835429e-01 9.55547929e-01 9.61110353e-01
    2.42136061e-01 7.76784241e-01 6.02815390e-01 8.35428119e-01
    5.05748212e-01 3.60343456e-01 7.29236841e-01 3.81799012e-01
    8.54287505e-01 6.59245074e-01 3.06667745e-01 5.18362820e-01
    3.45625341e-01 9.85628009e-01 2.53464878e-01 4.50119615e-01
    3.56736839e-01 7.73025632e-01 2.34646797e-01 3.68850112e-01
    8.49078119e-01 6.17265999e-01 7.71676123e-01 4.03349698e-01
    1.62326366e-01 2.67695993e-01 3.81498039e-01 4.90175903e-01
    8.08975101e-03 5.74975848e-01 5.34299314e-02 2.99414694e-01
    4.18739021e-01 1.91970199e-01 3.82092565e-01 7.57466316e-01
    9.34710264e-01 8.86718988e-01 2.14157104e-02 4.61028516e-02
    5.73013663e-01 1.21177346e-01 1.99786961e-01 3.61950159e-01
    2.97971427e-01 2.82332897e-02 8.93939734e-01 9.04890656e-01
    9.12902117e-01 2.69435972e-01 1.32950962e-01 9.43752527e-02
    9.42853808e-01 5.52101552e-01 6.17382169e-01 8.53792310e-01
    6.06609762e-01 5.25752485e-01 3.53054106e-01 8.69683325e-01
    7.80815482e-01 8.73047292e-01 4.03572202e-01 6.61482692e-01
    4.78845656e-01 2.12948024e-02 2.61440396e-01 2.67264247e-03
    3.86815757e-01 8.00769567e-01 4.46862459e-01 9.93941545e-01
    3.13917816e-01 3.33920717e-02 9.67810631e-01 3.93246293e-01
    2.11457103e-01 9.71863806e-01 7.97137856e-01 8.61553907e-01
    5.88773847e-01 9.11572874e-02 3.81124973e-01 2.86954910e-01
    9.05852079e-01 7.65772343e-01 3.58746409e-01 5.63742757e-01
    4.31772947e-01 1.83042586e-01 1.82797581e-01 4.33263361e-01
    9.03267264e-01 4.87341881e-01 1.26592487e-01 2.45207697e-01
    5.54000318e-01 6.49339616e-01 8.40730906e-01 5.44981539e-01
    5.42689741e-01 1.47775471e-01 3.02707553e-01 2.04320878e-01
    4.03717458e-02 7.05230474e-01 1.52925938e-01 9.76505160e-01
    9.98165011e-02 1.59307241e-01 7.68461883e-01 3.98164988e-02
    8.07353139e-01 3.70176733e-02 6.36714935e-01 7.82151580e-01
    6.30283773e-01 3.08293164e-01 6.46755219e-01 2.90009379e-03
    1.68106824e-01 2.44930327e-01 7.28608847e-01 3.49872172e-01
    7.70133317e-01 4.41940546e-01 1.61174029e-01 5.68951249e-01
    1.93473548e-01 1.06072903e-01 6.77217007e-01 3.63265008e-01
    8.01358938e-01 7.39259005e-01 4.62283492e-01 9.06812787e-01
    4.42298949e-01 8.69830847e-01 3.86153221e-01 1.78690404e-01
    6.55659437e-02 7.24661589e-01 3.93655211e-01 8.22959065e-01
    8.47224474e-01 3.63482296e-01 6.72023535e-01 2.96967566e-01
    8.02683115e-01 7.36103535e-01 1.65810436e-01 1.44952536e-01
    6.63529038e-01 2.13735580e-01 5.48130870e-01 7.87021458e-01
    4.60556149e-03 7.51809299e-01 8.31628740e-02 7.42372572e-02
    3.26306880e-01 4.91733074e-01 1.49786234e-01 3.27290893e-01
    5.16975105e-01 3.23973775e-01 6.17045105e-01 7.92554080e-01
    4.99861002e-01 5.82228839e-01 6.44780219e-01 1.18913084e-01
    4.63237286e-01 3.91744167e-01 7.66842246e-01 5.28845191e-03
    1.47326529e-01 4.57581609e-01 4.73298728e-01 2.72108555e-01
    1.83305144e-03 2.41266817e-01 4.45958406e-01 6.31180465e-01
    4.68870580e-01 7.35029817e-01 7.90409803e-01 4.21962708e-01
    6.53233230e-01 3.18731308e-01 4.47741091e-01 9.55831647e-01
    9.32063222e-01 9.26082134e-02 7.96980679e-01 8.65988493e-01
    1.81449741e-01 8.51678252e-01 6.76696777e-01 1.14616990e-01
    4.79368329e-01 6.19142532e-01 3.95582736e-01 4.69874591e-01
    1.35669559e-01 7.06003845e-01 6.85164928e-02 4.48918849e-01
    4.47223157e-01 6.58169985e-02 6.54917598e-01 9.20310497e-01
    1.90737575e-01 4.59676087e-01 7.44911194e-01 6.78897023e-01
    6.17615044e-01 8.23592782e-01 8.44000340e-01 6.49732411e-01
    9.61810589e-01 1.40499026e-01 3.44475448e-01 3.39007199e-01
    8.55520546e-01 4.60961938e-01 1.78048015e-03 7.03042507e-01
    6.34054303e-01 7.45343685e-01 8.98930788e-01 7.19292223e-01
    7.49374628e-01 2.80113041e-01 9.44503009e-01 4.41478312e-01
    3.34779620e-01 2.24232584e-01 9.73549962e-01 3.04410756e-01
    4.07177269e-01 5.91287613e-02 9.83962297e-01 8.04275274e-01
    5.80903411e-01 3.14408213e-01 8.64622235e-01 5.70037544e-01
    6.56488836e-01 5.85676134e-01 1.55688941e-01 3.48518908e-01
    5.31513512e-01 6.61607981e-01 7.96674132e-01 6.48966432e-01
    9.14882302e-01 1.35144532e-01 6.84564114e-01 6.60540581e-01
    6.28051102e-01 4.05545801e-01 5.09882390e-01 3.99973154e-01
    1.51032090e-01 3.42866063e-01 5.87168813e-01 3.20571065e-01
    2.32443690e-01 2.27882951e-01 1.25616878e-01 3.15983057e-01
    7.61334538e-01 5.73635459e-01 5.24925411e-01 1.63562894e-01
    6.48452997e-01 9.16289687e-01 9.10207987e-01 6.83426201e-01
    9.58425701e-01 5.11457741e-01 1.00408405e-01 4.87557948e-01
    6.42835796e-01 8.38654935e-02 1.30916893e-01 1.78299695e-01
    4.07186449e-02 2.25425094e-01 4.58382905e-01 1.36882126e-01
    7.55640984e-01 9.48921978e-01 5.06476581e-01 8.09410572e-01
    2.25584000e-01 1.71442032e-02 4.98271286e-01 9.87862945e-01
    6.91487074e-01 7.01386988e-01 6.81263149e-01 1.40087843e-01
    3.02675396e-01 9.45761859e-01 3.64767462e-01 4.10538673e-01
    9.51806307e-01 5.67497253e-01 9.43180799e-01 1.87372357e-01
    7.09471107e-01 6.32834136e-02 4.50787544e-01 1.38396859e-01
    1.01460516e-02 8.74388278e-01 6.65110230e-01 2.97447264e-01
    6.43213689e-01 1.36952996e-01 3.06896508e-01 1.66329950e-01
    6.10697985e-01 2.93713629e-01 3.09201658e-01 7.68845677e-01
    1.20540321e-01 1.70842707e-01 3.39464843e-02 4.91278768e-02
    9.38888073e-01 6.90512896e-01 4.31595504e-01 1.56374514e-01
    5.45769215e-01 1.61717862e-01 7.58117080e-01 8.59382272e-01
    3.42548192e-01 9.79148269e-01 4.36366946e-01 1.28972650e-01
    1.35997444e-01 3.29213083e-01 4.87210572e-01 1.56747401e-01
    2.52307117e-01 5.29534936e-01 6.52565181e-01 1.75736815e-01
    2.69829363e-01 8.22197437e-01 1.03435874e-01 3.24697077e-01
    2.27567255e-02 6.96341515e-01 8.21495295e-01 2.14387476e-01
    1.49836898e-01 7.03594208e-01 9.77262259e-01 4.04586524e-01
    8.33627462e-01 7.38192797e-01 3.02985966e-01 6.37713373e-02
    9.51532722e-01 8.47570956e-01 9.69915986e-01 1.72225803e-01
    9.83078957e-01 3.43776315e-01 9.96087670e-01 5.06644368e-01
    9.53976035e-01 5.86333752e-01 4.20505255e-01 5.03897011e-01
    1.42435253e-01 5.26112199e-01 7.97792077e-02 7.54086673e-01
    4.02835310e-02 2.97805429e-01 2.87222981e-01 4.29058760e-01
    3.66162360e-01 1.22645557e-01 8.55983615e-01 9.21745896e-01
    9.05681968e-01 8.41671824e-02 6.38339579e-01 4.35046017e-01
    6.22825980e-01 5.46148479e-01 8.17608714e-01 4.34826314e-02
    9.64561760e-01 7.70506740e-01 8.84777546e-01 5.69063246e-01
    2.66026914e-01 8.53791475e-01 3.73462409e-01 6.98712468e-02
    4.86149579e-01 7.75116801e-01 3.97345960e-01 9.07841086e-01
    9.18226242e-02 7.94947803e-01 7.98656642e-02 1.95399553e-01
    4.31172073e-01 5.97723126e-01 5.25418818e-01 4.06589091e-01
    7.89178133e-01 7.83041418e-02 8.89810801e-01 5.91019630e-01
    4.98269051e-01 2.29558647e-01 8.19952726e-01 4.40384388e-01
    4.31917012e-02 7.36093044e-01 7.91614592e-01 1.10092998e-01
    7.68886268e-01 3.93693566e-01 6.53882146e-01 2.09515035e-01
    8.48444223e-01 3.67641121e-01 5.94441593e-02 5.10027587e-01
    4.70976681e-01 4.94091541e-01 3.12732309e-01 5.68777680e-01
    7.71026134e-01 8.91730905e-01 9.23331082e-02 9.97714043e-01
    5.31717837e-01 8.16354752e-02 8.89365315e-01 2.11387336e-01
    1.75768584e-01 5.73196232e-01 6.58924341e-01 9.12692547e-01
    5.15025854e-02 5.88861644e-01 4.20760185e-01 6.94485426e-01
    9.12602186e-01 5.10888994e-01 4.71954525e-01 4.57068056e-01
    4.16338444e-04 1.00855827e-01 1.39653683e-03 2.24755079e-01
    2.76527166e-01 8.50109816e-01 3.79992455e-01 7.97773123e-01
    5.04933476e-01 8.99723291e-01 9.43284631e-01 2.67358273e-01
    1.47835046e-01 3.95078570e-01 4.33585942e-01 4.20409650e-01
    8.64298403e-01 1.31552011e-01 3.19430828e-01 2.88650453e-01
    6.14576936e-01 4.38655108e-01 4.45881158e-01 5.61825991e-01
    8.50063384e-01 7.76389956e-01 5.56691289e-01 4.21782196e-01
    3.14693451e-01 6.25220895e-01 4.97137606e-01 8.60211253e-03
    4.19978440e-01 1.53388739e-01 9.55438137e-01 9.62644994e-01
    7.82003105e-01 8.56873810e-01 7.26341844e-01 1.44328386e-01
    1.38469815e-01 7.81445920e-01 1.72552466e-01 3.14140797e-01
    1.96615934e-01 4.43384498e-01 4.73939627e-01 1.73826844e-01
    8.12794566e-01 2.13373750e-01 1.20400965e-01 1.86022967e-01
    3.24216306e-01 5.87407231e-01 7.54637003e-01 3.32531035e-02
    8.02712798e-01 6.97467685e-01 6.77320123e-01 6.60074830e-01
    3.47957015e-01 7.29481459e-01 1.79846615e-01 7.75730610e-02
    8.14358711e-01 7.70892501e-01 4.24167812e-01 8.42599273e-01
    9.01976228e-01 1.24776155e-01 5.02283037e-01 6.93580389e-01
    5.71165323e-01 6.97404385e-01 2.21094042e-01 2.55730480e-01
    3.26919198e-01 6.48661733e-01 4.30888593e-01 5.20224273e-01
    9.53191161e-01 9.55611110e-01 3.18789631e-01 2.04786122e-01
    7.16444254e-02 3.20716202e-01 4.36319113e-02 2.44625121e-01
    1.09399796e-01 4.70237851e-01 4.62660223e-01 5.42946458e-01
    1.65418625e-01 7.52362251e-01 1.22302353e-01 4.94995713e-03
    2.84857363e-01 8.92339826e-01 8.50393295e-01 2.54600555e-01
    4.53879297e-01 7.17985630e-01 3.54018569e-01 7.02798724e-01
    1.83804750e-01 9.02093351e-01 9.07891333e-01 7.94792533e-01
    4.06710565e-01 1.23557389e-01 5.74379504e-01 3.93189758e-01
    2.50510514e-01 5.71058214e-01 2.92680502e-01 4.45706666e-01
    1.34777844e-01 8.70992720e-01 3.49390030e-01 8.52608681e-01
    7.74715602e-01 5.44300437e-01 3.87337804e-03 2.09579319e-01
    2.89022714e-01 9.53815341e-01 6.76224709e-01 2.71841764e-01
    8.58219743e-01 6.38961554e-01 8.53299439e-01 6.09393120e-02
    8.69824886e-02 2.46037155e-01 6.65034354e-02 3.26996744e-02
    6.67061627e-01 2.13910908e-01 5.16835272e-01 5.44756174e-01
    1.25073940e-01 6.44533455e-01 4.69243199e-01 3.17313671e-01
    9.29979622e-01 2.23844141e-01 4.82530713e-01 1.99236989e-01
    5.76813281e-01 5.21809816e-01 2.73679554e-01 3.56000662e-01
    6.14688337e-01 5.83146751e-01 4.49985713e-01 9.25511122e-03
    7.66863227e-01 6.09633565e-01 7.80510545e-01 4.47235256e-01
    4.41837609e-02 3.33367348e-01 2.43318975e-02 9.99566019e-02
    8.35761547e-01 7.27289617e-01 1.41011983e-01 9.75112438e-01
    9.43785906e-02 5.04259229e-01 4.62334067e-01 7.42796123e-01
    9.97294605e-01 4.22204137e-02 8.21753025e-01 1.62047446e-01
    6.65552914e-02 4.27471727e-01 5.12528598e-01 2.80759931e-02
    8.54190528e-01 1.33182228e-01 3.29351425e-03 3.20443958e-01
    5.86758196e-01 3.97469938e-01 5.30200899e-01 6.49016023e-01
    3.56975645e-01 8.12163413e-01 8.96333694e-01 3.85436416e-01
    1.10719979e-01 9.31647360e-01 1.61206067e-01 1.92731112e-01
    2.70003855e-01 6.73936248e-01 9.73486602e-01 9.31429029e-01
    5.38333416e-01 5.76763749e-01 3.23484838e-02 4.86724406e-01
    8.22720766e-01 7.53895640e-02 3.51001978e-01 4.28931266e-01
    7.70036697e-01 7.86894023e-01 5.36210239e-01 3.46688479e-01
    1.37704432e-01 6.33721471e-01 2.59043276e-02 6.39524221e-01
    4.68687922e-01 2.29579419e-01 8.40003550e-01 7.06714809e-01
    5.78569651e-01 5.82466245e-01 9.61300492e-01 7.40862131e-01
    2.94739008e-01 6.51881933e-01 3.79778892e-01 4.66569334e-01
    2.58864343e-01 7.13577032e-01 8.87900591e-01 5.79544008e-02
    8.31585407e-01 6.69153631e-02 8.41313601e-03 3.63579929e-01
    1.33388221e-01 1.90405309e-01 8.82537067e-02 6.53026581e-01
    3.72419357e-02 7.38021314e-01 7.18991160e-01 3.01665664e-02
    5.20701230e-01 2.37328887e-01 2.46778399e-01 9.32097733e-02
    9.34155285e-01 3.63360345e-02 7.27328420e-01 2.54468143e-01
    4.01907861e-01 7.32588053e-01 9.47422564e-01 7.34260857e-01
    8.31625462e-02 6.96060777e-01 6.31066263e-01 2.98280478e-01
    9.69535351e-01 5.27775168e-01 6.33757949e-01 7.01482177e-01
    1.43265039e-01 4.48758125e-01 4.58572716e-01 7.60618448e-01
    9.52221692e-01 8.91279519e-01 6.13881648e-01 5.93312562e-01
    6.15345180e-01 5.72735965e-02 4.51639533e-01 1.55693024e-01
    6.94956839e-01 8.10489774e-01 3.95131230e-01 5.00714898e-01
    4.15201277e-01 9.85454142e-01 3.32464039e-01 7.25430310e-01
    1.34182841e-01 3.95388007e-01 1.65692598e-01 4.20000076e-01
    7.64369130e-01 2.56018698e-01 1.76503450e-01 3.38771701e-01
    7.97086716e-01 2.31206536e-01 5.82987428e-01 5.03923059e-01
    1.09690934e-01 9.67111826e-01 8.14481616e-01 1.37039512e-01
    7.18168914e-01 2.54354715e-01 4.13422495e-01 6.83528781e-01
    6.96347237e-01 9.32177424e-01 1.06025577e-01 5.23330390e-01
    3.47644925e-01 5.90181470e-01 8.48659396e-01 4.05004054e-01
    7.57080078e-01 9.00038481e-01 3.69439185e-01 9.08646822e-01
    1.87357903e-01 8.13475430e-01 1.03216052e-01 2.73249447e-02
    9.36859548e-01 8.10429096e-01 9.56186593e-01 8.64193320e-01
    5.48843563e-01 6.36685669e-01 9.76984739e-01 7.95813084e-01
    7.21676469e-01 4.90643084e-01 9.74175215e-01 6.36020720e-01
    5.64011216e-01 4.25554395e-01 5.86798012e-01 6.86867356e-01
    7.73734927e-01 3.92330706e-01 3.83680046e-01 4.47109461e-01
    6.05900288e-01 5.88648438e-01 7.88209200e-01 5.23634434e-01
    9.80869174e-01 1.88671678e-01 1.35929435e-01 9.29067791e-01
    7.30934978e-01 4.39713478e-01 9.15370524e-01 3.35047841e-01
    4.18925792e-01 7.17300177e-03 9.14873362e-01 2.46903300e-01
    9.71172094e-01 8.28116715e-01 8.20395589e-01 7.24379420e-01
    6.87832355e-01 5.68469465e-02 4.39464599e-01 6.28086269e-01
    2.16861218e-01 9.74745631e-01 8.63214493e-01 7.91094780e-01
    1.09378159e-01 8.46343160e-01 1.34245962e-01 3.64908457e-01
    8.77567649e-01 4.16116834e-01 8.98289204e-01 2.13133574e-01
    7.83259034e-01 5.96666336e-01 5.55577099e-01 9.18614745e-01
    7.02167451e-01 3.14820468e-01 8.77076745e-01 1.92493200e-04
    4.74945396e-01 8.01307797e-01 1.01557672e-02 3.31743658e-01
    5.30209243e-01 2.47304052e-01 6.66508973e-02 4.24914241e-01
    9.18010950e-01 4.85896826e-01 9.93442655e-01 4.69459593e-02
    3.73711646e-01 9.20170426e-01 2.59692073e-01 1.27463818e-01
    2.42637634e-01 5.00334501e-02 5.78215599e-01 8.12117577e-01
    2.51084387e-01 7.96114981e-01 2.88993806e-01 5.25696635e-01
    2.25574732e-01 9.95183885e-01 7.78227091e-01 4.45735157e-02
    7.74160147e-01 7.26402760e-01 2.66473264e-01 7.72196293e-01
    7.89920688e-01 3.97668272e-01 2.08776861e-01 8.33457828e-01
    1.73417449e-01 8.81059647e-01 5.03817260e-01 5.68146646e-01
    4.40080911e-01 2.38121361e-01 2.89939821e-01 2.39161760e-01
    1.50931031e-01 9.49413061e-01 6.97136343e-01 8.69431376e-01
    1.55175269e-01 6.42951727e-01 8.04110229e-01 9.95461762e-01
    1.58787668e-01 2.03928888e-01 1.12748742e-02 2.22229064e-02
    5.99403441e-01 5.44155180e-01 3.88949215e-01 2.76371002e-01
    4.05451447e-01 7.25666046e-01 8.17047536e-01 1.08323723e-01
    5.85573316e-01 9.94088769e-01 5.75089455e-03 7.15652823e-01
    6.81179762e-02 5.46844959e-01 5.12777805e-01 7.73206234e-01
    3.59803855e-01 9.67262745e-01 9.02614236e-01 3.94571453e-01
    8.82142782e-02 8.78628135e-01 5.07080436e-01 5.25978625e-01
    7.01398849e-01 4.33432788e-01 3.43075693e-01 4.15806293e-01
    3.90395761e-01 8.53541493e-01 9.48656380e-01 1.51216388e-01
    3.48357856e-01 6.49303973e-01 9.67890143e-01 2.34298110e-01
    9.16679740e-01 2.25327909e-02 6.84093058e-01 3.91505957e-01
    4.27762598e-01 5.65168500e-01 9.93503273e-01 2.73181856e-01
    3.09938967e-01 7.14551151e-01 3.06467354e-01 4.57208604e-01
    8.74147534e-01 1.76929235e-01 6.14077151e-01 7.39384532e-01
    7.18460381e-02 6.96702063e-01 7.27061510e-01 8.81795287e-02
    9.07251954e-01 9.81343985e-01 5.03986239e-01 6.26141071e-01
    2.95678437e-01 9.20707583e-01 4.75506693e-01 5.09709060e-01
    7.91960359e-01 2.75920391e-01 2.03538567e-01 3.80911618e-01
    1.22903734e-01 3.09295893e-01 6.71647966e-01 5.72509468e-02
    1.44472837e-01 7.12358117e-01 8.96028638e-01 8.89680147e-01
    1.48034960e-01 5.86074650e-01 6.04345977e-01 3.50658298e-01
    2.83920765e-01 3.95427108e-01 4.65205222e-01 2.52336681e-01
    9.46214199e-01 9.08187985e-01 1.08931810e-01 8.62285435e-01
    8.65335464e-01 7.59316206e-01 9.48582172e-01 3.11143905e-01
    2.50983298e-01 6.46170378e-01 2.31411219e-01 1.36054128e-01
    7.48790503e-01 9.46945429e-01 7.30780602e-01 3.14940482e-01
    5.46267688e-01 9.71909285e-01 5.61877370e-01 8.89830351e-01
    5.15304506e-01 8.46072316e-01 9.88290071e-01 7.28001118e-01
    5.26111305e-01 2.96931565e-01 5.92314661e-01 9.36600327e-01
    7.07373619e-02 7.68017888e-01 7.24896908e-01 1.29176676e-02
    9.51587260e-01 1.73101068e-01 6.47885740e-01 8.30466032e-01
    4.64299917e-01 9.26172853e-01 8.22267592e-01 6.23854876e-01
    5.00525415e-01 7.72688389e-01 8.23533595e-01 2.41106182e-01
    3.70015204e-01 1.52341187e-01 4.01121587e-01 1.81962550e-02
    8.37583780e-01 3.62458229e-01 4.10337150e-01 7.08331525e-01
    8.02001536e-01 1.67901933e-01 4.52466786e-01 7.70960927e-01
    1.13760054e-01 9.36544001e-01 6.78543806e-01 9.51324940e-01
    2.59860277e-01 6.85574114e-01 2.03365415e-01 6.68097794e-01
    5.62443435e-01 2.20713884e-01 7.17349946e-01 7.27117002e-01
    9.58865047e-01 4.97949213e-01 9.07065630e-01 9.35610950e-01
    5.62820196e-01 4.53590155e-02 8.69585395e-01 2.68654227e-02
    9.18944895e-01 4.60058987e-01 9.63195860e-02 6.81813955e-01
    6.70168102e-01 6.08507395e-01 1.98253989e-01 8.93709481e-01
    2.40671128e-01 5.93376994e-01 2.83141077e-01 2.86274135e-01
    7.59763718e-01 1.30593807e-01 1.75535381e-01 4.69209790e-01
    8.06053877e-01 4.30229127e-01 2.91299939e-01 4.94895548e-01
    4.46614444e-01 6.86278939e-01 8.30000043e-01 4.48685080e-01
    8.05756569e-01 2.43118405e-02 7.24161983e-01 4.72838879e-02
    6.64007545e-01 5.31638563e-01 9.58237052e-01 7.55782127e-01
    5.63831151e-01 1.05798542e-01 4.64117318e-01 1.11599088e-01
    5.07628977e-01 8.55410099e-01 8.43523443e-02 9.56782043e-01
    3.40707749e-01 6.50587916e-01 3.45167100e-01 2.84606695e-01
    8.60339046e-01 9.82048512e-01 2.07756132e-01 9.52448487e-01
    4.04546499e-01 5.71109653e-01 8.54596019e-01 7.20676363e-01
    8.60116124e-01 6.36220098e-01 6.32788062e-01 1.75569355e-02
    9.46536303e-01 3.37400556e-01 7.32678890e-01 6.55457139e-01
    1.09341443e-02 1.46751910e-01 8.19720685e-01 1.64078176e-01
    2.50116587e-02 3.82569253e-01 1.48055702e-01 4.74163920e-01
    8.07961524e-01 3.36138904e-01 4.49794263e-01 6.73219919e-01
    5.20861804e-01 2.99692631e-01 7.55465209e-01 6.80833697e-01
    5.02910852e-01 8.60895634e-01 1.72827065e-01 2.90296078e-01
    6.55817807e-01 2.12949216e-02 8.69701147e-01 4.92319971e-01
    4.75426346e-01 4.75549430e-01 1.56430990e-01 3.16564381e-01
    1.95254505e-01 1.14017725e-01 4.64175940e-02 2.90913582e-01
    4.19193536e-01 5.38993955e-01 4.32619333e-01 7.53883004e-01
    1.34413540e-02 8.61555219e-01 3.33345622e-01 4.74760324e-01
    4.32751238e-01 9.13929820e-01 3.12570512e-01 7.90987968e-01
    3.28229994e-01 3.71655762e-01 5.00283420e-01 2.51296163e-01
    2.35504448e-01 3.16331804e-01 3.92571867e-01 5.36506236e-01
    9.63577986e-01 8.59740853e-01 4.65038657e-01 6.19765639e-01
    6.96596265e-01 6.37106836e-01 6.39059722e-01 7.47089684e-01
    8.12358260e-01 3.63493323e-01 7.79578328e-01 1.21119946e-01
    5.31886876e-01 2.25288123e-01 5.45456469e-01 4.36292112e-01
    9.02948320e-01 9.80731964e-01 7.21280754e-01 5.14424622e-01
    9.00842071e-01 6.83407009e-01 1.92265034e-01 2.65296876e-01
    6.70696378e-01 6.18651509e-02 4.43041086e-01 6.76408529e-01
    7.24029422e-01 7.03360558e-01 2.83989251e-01 7.53033459e-01
    6.35266185e-01 5.83185375e-01 8.87007833e-01 3.01656902e-01
    8.29294026e-02 5.26134074e-01 9.25384223e-01 4.55524951e-01
    4.67023224e-01 2.06859648e-01 1.06928021e-01 5.93454719e-01
    3.31148446e-01 4.19800282e-01 1.02378428e-01 8.11387420e-01
    7.44609892e-01 8.04819703e-01 6.95340276e-01 7.69234598e-01
    9.02071118e-01 5.70390821e-02 2.26450950e-01 8.52535605e-01
    1.20758057e-01 4.81062353e-01 7.73554683e-01 3.70099992e-01
    4.95057195e-01 2.08725363e-01 1.18337989e-01 2.05568135e-01
    7.26964235e-01 5.77172339e-01 6.07207775e-01 5.68470657e-02
    9.76287007e-01 1.93758816e-01 5.67388594e-01 1.28399342e-01
    7.34582126e-01 6.97344661e-01 3.12340140e-01 5.27869701e-01
    3.43906581e-02 4.25751984e-01 3.67535532e-01 2.91235447e-01
    7.95400977e-01 5.08966029e-01 4.88274097e-01 3.16185355e-01
    9.98404264e-01 1.42108858e-01 4.23677683e-01 9.34957802e-01
    5.34019947e-01 6.92014754e-01 7.60959268e-01 1.72165990e-01
    6.13030076e-01 6.35701537e-01 1.04840696e-01 7.93214440e-01
    2.81824589e-01 8.11536849e-01 6.07713461e-01 9.64647293e-01
    2.37101197e-01 8.25641930e-01 7.63006687e-01 3.13676476e-01
    1.46801770e-02 2.92234749e-01 5.55163562e-01 8.89557481e-01
    6.88084960e-03 6.92899227e-02 6.00824177e-01 9.53340888e-01
    1.61096156e-02 8.23412895e-01 2.63470948e-01 7.59857237e-01
    6.95528448e-01 2.01677978e-02 4.59194183e-04 8.55235100e-01
    7.76442230e-01 8.65347028e-01 1.03108823e-01 2.43283093e-01
    7.48383999e-03 4.00127947e-01 2.90588737e-02 6.01007402e-01
    8.13070953e-01 1.98476613e-01 2.31073260e-01 5.71115792e-01
    2.77864635e-01 3.12945127e-01 1.00855380e-01 5.07989407e-01
    4.18389201e-01 6.85874820e-01 5.51091611e-01 3.13699841e-01
    7.51201510e-01 7.40092874e-01 4.35400903e-01 5.98740757e-01
    1.00418657e-01 7.36292899e-01 4.88515735e-01 5.26123643e-02
    1.22415572e-01 1.67528093e-02 1.66438222e-01 1.42489970e-02
    6.42687201e-01 2.81804293e-01 6.29289925e-01 7.15472996e-01
    6.77538753e-01 8.90547276e-01 2.47294605e-01 7.14444399e-01
    9.03685451e-01 3.83080989e-01 1.76619202e-01 2.19314277e-01
    2.07196563e-01 6.97389662e-01 5.59642315e-01 5.40261984e-01
    1.47147894e-01 5.40209770e-01 6.28540277e-01 8.64001751e-01
    3.06291163e-01 4.69873875e-01 5.33399940e-01 6.53488994e-01
    5.44568598e-02 8.14418554e-01 6.18410945e-01 9.55585361e-01
    6.93687916e-01 3.85935783e-01 1.35969996e-01 5.54972053e-01
    4.57149386e-01 4.51368034e-01 4.88855541e-01 6.76391482e-01
    9.85722423e-01 9.02947783e-01 2.21174508e-01 5.69671988e-01
    2.29674488e-01 3.51707399e-01 1.37403816e-01 5.71732044e-01
    5.70456743e-01 5.04314423e-01 5.08353949e-01 9.79906678e-01
    8.81814420e-01 7.10241556e-01 3.40389729e-01 1.17206573e-02
    6.87929690e-01 1.58253312e-01 3.63397002e-02 3.52038860e-01
    9.10755515e-01 4.26173449e-01 3.27452421e-02 9.45775092e-01
    1.01596832e-01 4.76177245e-01 5.15538394e-01 1.52146220e-02
    9.42076445e-01 2.40984350e-01 7.15531588e-01 2.44435459e-01
    2.46011496e-01 4.11935151e-01 1.26816273e-01 3.50688040e-01
    8.60922635e-01 5.27381361e-01 6.97946072e-01 9.91280735e-01
    4.35415119e-01 8.04590225e-01 1.46671832e-01 7.51709461e-01
    1.50165766e-01 5.06844461e-01 3.99433255e-01 1.61941469e-01
    3.85111928e-01 1.66589737e-01 1.16387904e-01 8.48403573e-01
    4.41029996e-01 5.79345107e-01 2.12530643e-01 5.21774650e-01
    1.94220603e-01 9.31307971e-01 1.06287748e-01 6.12930954e-01
    2.87280709e-01 3.26735914e-01 1.11621022e-01 7.37301230e-01
    9.31099176e-01 9.03613269e-02 5.30811965e-01 7.29668140e-03
    2.59253621e-01 3.75578612e-01 3.54294479e-02 1.73361629e-01
    1.94864124e-01 9.22364354e-01 1.40252113e-02 8.33724618e-01
    1.94582939e-02 4.96878356e-01 1.92173898e-01 1.64648473e-01
    1.68342084e-01 1.53491676e-01 8.42719376e-02 2.26737559e-01
    4.26190197e-01 5.82375348e-01 8.85522723e-01 8.24120522e-01
    9.40584421e-01 9.50937629e-01 3.07689428e-01 7.85299778e-01
    3.99169803e-01 7.15186059e-01 4.24850225e-01 9.53619361e-01
    9.28411722e-01 5.60627341e-01 5.29205799e-01 7.26052225e-02
    1.47829443e-01 5.37012219e-01 4.35496539e-01 3.79814625e-01
    3.31184745e-01 3.70119005e-01 6.87338471e-01 7.26789832e-01
    3.14634800e-01 5.18632054e-01 2.36553848e-01 5.16265631e-01
    9.32838857e-01 9.34814095e-01 5.39384902e-01 3.96889806e-01
    7.57773936e-01 2.92531669e-01 6.57324195e-01 3.52767676e-01
    7.98495114e-01 7.80057311e-01 1.49717569e-01 1.84266090e-01
    1.05637312e-02 2.21312761e-01 9.31846797e-01 3.60990256e-01
    4.52349216e-01 1.16481483e-02 3.44798535e-01 9.63768959e-01
    7.87502825e-01 9.12614048e-01 3.26716244e-01 9.47145283e-01
    6.64074123e-01 2.50874221e-01 5.36878407e-01 6.58932626e-01
    8.13379228e-01 1.99307770e-01 3.51163507e-01 1.05648935e-01
    8.89220297e-01 4.44390446e-01 3.98543030e-01 2.70215869e-02
    6.13141000e-01 2.85791039e-01 5.13396859e-01 5.68527639e-01
    9.27666724e-01 2.50926167e-01 5.21654606e-01 9.48727846e-01
    3.46344352e-01 5.94777942e-01 1.18346930e-01 7.80572653e-01
    3.64342928e-02 3.91122103e-01 8.29390526e-01 9.77728248e-01
    8.79575372e-01 6.09939814e-01 9.30708110e-01 1.59464270e-01
    2.81815797e-01 4.32983518e-01 3.42556834e-01 9.52906787e-01
    7.00289309e-01 7.38213658e-01 3.56241733e-01 7.45035231e-01
    9.39384937e-01 7.94688284e-01 1.03619516e-01 2.59102285e-01
    6.16943002e-01 8.23266745e-01 8.33853126e-01 3.36337179e-01
    9.82743382e-01 2.19755918e-01 9.82635021e-01 5.97483099e-01
    4.38172281e-01 1.91136897e-01 7.30092943e-01 9.31239009e-01
    2.70789027e-01 7.23566711e-01 5.79302430e-01 7.16830850e-01
    8.66896391e-01 6.25243008e-01 6.50462747e-01 8.01403046e-01
    7.86517859e-01 2.64128119e-01 5.53595722e-02 7.48507559e-01
    8.17023873e-01 1.34797692e-01 5.02490222e-01 5.61193228e-01
    2.43795991e-01 3.63639534e-01 2.06200212e-01 2.48117149e-02
    5.00781655e-01 7.36383915e-01 7.25939929e-01 6.40515566e-01
    2.22473353e-01 6.32074475e-01 8.98011804e-01 1.90170079e-01
    3.55231166e-01 9.81873870e-01 3.88810903e-01 2.55977273e-01
    5.15554965e-01 4.51495439e-01 1.95451736e-01 3.87331128e-01
    9.96902585e-01 1.12148196e-01 5.67515194e-02 5.25560677e-01
    2.97372937e-02 1.14448369e-01 2.57088006e-01 4.27943110e-01
    3.34740400e-01 9.51925337e-01 7.80082822e-01 3.94558191e-01
    6.03407741e-01 1.61595047e-01 2.90866613e-01 3.56936365e-01
    2.06419230e-02 1.54975593e-01 8.58704627e-01 7.32804239e-01
    3.91697288e-01 4.68636841e-01 9.74165916e-01 6.57198906e-01
    9.10179138e-01 9.26492035e-01 7.24328458e-01 2.10936725e-01
    3.20046842e-02 7.34551251e-01 4.16687131e-02 8.86813402e-01
    5.81886172e-02 5.19697070e-01 9.20863867e-01 1.22938752e-01
    2.40248859e-01 8.11699271e-01 5.62139094e-01 2.57725716e-02
    6.93573773e-01 7.98434019e-02 1.62398666e-01 6.92486644e-01
    9.00420547e-01 7.02907741e-01 6.10086977e-01 7.32658386e-01
    2.00022846e-01 2.74190903e-01 8.20332587e-01 9.58646059e-01
    7.07287490e-02 2.81020045e-01 7.57399976e-01 2.22756177e-01
    8.73246074e-01 2.01015562e-01 5.74728429e-01 9.98559892e-02
    8.36266756e-01 4.55832422e-01 1.04396522e-01 1.34809375e-01
    4.34200615e-01 6.53465629e-01 1.98607087e-01 2.02699840e-01
    4.07206833e-01 5.61249435e-01 5.81647694e-01 9.52904940e-01
    3.80856186e-01 4.86110330e-01 6.66088343e-01 2.71839678e-01
    8.18822980e-01 1.68883801e-01 3.25284243e-01 5.15289545e-01
    4.18313950e-01 2.14150846e-01 8.29050601e-01 3.17978740e-01
    6.59423709e-01 1.02281541e-01 2.88001060e-01 4.43065733e-01
    3.71866107e-01 1.07407093e-01 9.06659245e-01 9.91892099e-01
    4.87328172e-02 3.78047287e-01 8.29608798e-01 3.86932760e-01
    3.80002916e-01 8.32241058e-01 6.39495015e-01 7.97031522e-01
    9.34457302e-01 9.13255453e-01 8.88367176e-01 5.92106104e-01
    2.62815863e-01 4.43818301e-01 3.35201263e-01 9.02492285e-01
    7.24976599e-01 1.59541070e-01 3.18005681e-02 3.96776199e-01
    9.96716619e-01 8.60347509e-01 3.75585735e-01 7.51536429e-01
    2.09533721e-01 8.08892727e-01 4.51761484e-02 8.79461169e-01
    2.31943727e-01 1.62220031e-01 3.12987626e-01 7.10079134e-01
    5.78727603e-01 7.70507455e-01 7.87386358e-01 9.04433370e-01
    7.01086104e-01 9.78559434e-01 8.79622459e-01 6.72910988e-01
    2.37740487e-01 4.74402010e-02 6.29191875e-01 4.81532514e-01
    7.08343387e-01 4.78207707e-01 4.04357642e-01 6.98029518e-01
    5.51889241e-01 1.08922273e-01 4.16124940e-01 2.51155078e-01
    2.26357043e-01 3.33493203e-01 3.52653086e-01 6.75234854e-01
    6.25034213e-01 4.78501618e-02 7.63982534e-04 4.35368389e-01
    8.12623978e-01 3.06106627e-01 1.97134554e-01 9.38588262e-01
    9.85377908e-01 8.79368842e-01 6.93761528e-01 4.06320602e-01
    8.86394501e-01 9.11652684e-01 5.62522888e-01 3.64902705e-01
    6.42593980e-01 4.57852691e-01 4.25683349e-01 9.34936225e-01
    2.98646957e-01 5.11923790e-01 8.21625590e-01 3.58572602e-01
    3.00998807e-01 8.54913652e-01 9.15994883e-01 5.51109076e-01
    8.91133249e-02 9.60961461e-01 1.27664179e-01 9.13653672e-01
    1.09183431e-01 4.34110343e-01 7.23078489e-01 9.06892419e-01
    7.04071522e-01 7.70512819e-02 2.45080233e-01 5.17546713e-01
    5.63230813e-01 6.63111985e-01 4.02615428e-01 5.67873716e-01
    5.56800187e-01 7.13649154e-01 6.57692015e-01 7.88605213e-01
    8.25389385e-01 4.68780875e-01 7.63743818e-01 4.65639204e-01
    5.85326850e-02 4.43230659e-01 4.53317016e-01 1.20790809e-01
    7.27567315e-01 3.12442839e-01 6.64390743e-01 9.11636889e-01
    7.59537458e-01 7.12778747e-01 3.23234797e-01 6.97720826e-01
    2.76513726e-01 3.20415497e-01 7.40796506e-01 4.82817471e-01
    1.70289189e-01 2.75615394e-01 9.72146273e-01 3.21856976e-01
    2.81217724e-01 1.22895867e-01 4.42407727e-02 3.07241887e-01
    8.24737370e-01 5.11835337e-01 9.59907770e-02 9.09407020e-01
    6.97571099e-01 9.80387747e-01 5.15266240e-01 2.70987928e-01
    7.32715905e-01 6.28288269e-01 4.23818469e-01 3.42864126e-01
    8.04533064e-01 7.59849787e-01 2.96528578e-01 4.88585651e-01
    4.61134791e-01 1.84883952e-01 8.95449042e-01 1.85634971e-01
    9.26537335e-01 7.47257888e-01 9.51472461e-01 4.52948272e-01
    2.61096001e-01 1.25156969e-01 6.15624070e-01 7.78863430e-01
    3.22445273e-01 1.66783601e-01 3.90103549e-01 8.50512266e-01
    1.08217061e-01 5.30273318e-01 1.79609269e-01 2.84147918e-01
    1.54911876e-01 9.70947981e-01 4.44081634e-01 1.53277069e-01
    5.89787960e-05 8.95677865e-01 4.09122467e-01 3.44363868e-01
    5.70195317e-01 4.74821538e-01 8.90827477e-01 1.92408293e-01
    8.29238057e-01 1.05361551e-01 3.75394702e-01 2.66471565e-01
    3.13842833e-01 2.95146346e-01 2.80619949e-01 5.62624872e-01
    4.34691429e-01 9.10853982e-01 6.25311434e-02 8.06826472e-01
    3.08404863e-01 7.98039854e-01 5.29638529e-01 5.83107531e-01
    1.68895125e-01 4.14863408e-01 7.81153560e-01 8.16418052e-01
    2.35030383e-01 8.72020423e-01 1.33954465e-01 6.58082187e-01
    1.69704974e-01 2.72283792e-01 3.93488348e-01 4.55104440e-01
    4.62927520e-01 6.70479715e-01 7.57220566e-01 3.08138132e-01
    2.02905118e-01 6.56597257e-01 1.87747478e-02 1.33901834e-03
    9.02871549e-01 5.81852734e-01 1.95343733e-01 3.45711112e-02
    9.07243788e-02 9.58273113e-02 7.47256756e-01 4.11809295e-01
    4.91500616e-01 1.18421644e-01 2.49686241e-02 6.89308763e-01
    1.88899010e-01 5.50982177e-01 6.84633553e-01 4.59666371e-01
    8.64908934e-01 5.28419614e-02 3.84874851e-01 7.26848602e-01
    8.27384353e-01 3.82382810e-01 2.98668474e-01 3.60828221e-01
    9.36892152e-01 6.94212794e-01 2.58994043e-01 7.81963050e-01
    9.05125260e-01 9.86458302e-01 8.73970330e-01 9.22645211e-01
    6.65054500e-01 2.59562135e-01 1.29526556e-01 9.87112284e-01
    9.35731709e-01 2.25535244e-01 9.31220531e-01 6.90192699e-01
    5.01593709e-01 7.82624841e-01 7.24280238e-01 8.83478940e-01
    9.55506682e-01 8.08677793e-01 3.91579151e-01 3.96161288e-01
    3.53593588e-01 3.31372768e-01 3.84274989e-01 4.02057558e-01
    3.83890122e-01 5.95822573e-01 4.67413157e-01 4.78093028e-01
    6.29358053e-01 9.80195165e-01 7.07347035e-01 2.12473720e-01
    3.34571600e-01 6.46847963e-01 3.91222835e-01 6.61732435e-01
    9.95583177e-01 9.67410624e-01 7.06598103e-01 3.43165308e-01
    4.38622892e-01 3.22589457e-01 6.13566339e-01 1.81290209e-01
    8.92208219e-01 4.07601118e-01 1.42619610e-02 5.77877462e-01
    6.29931629e-01 7.16310322e-01 9.72160101e-01 4.30478275e-01
    5.61597884e-01 6.79555357e-01 7.78455436e-01 8.29939425e-01
    7.27158725e-01 3.32959175e-01 2.71516442e-01 3.69321227e-01
    4.41011965e-01 7.59358704e-01 3.84280711e-01 6.48393035e-01
    6.86747134e-02 8.11181486e-01 1.49927318e-01 7.47635365e-01
    1.92453980e-01 2.36658603e-01 8.49550068e-01 7.22371757e-01
    7.92781830e-01 2.46331871e-01 5.49159706e-01 5.79208970e-01
    7.86975324e-01 6.91326618e-01 7.71485269e-02 6.53797626e-01
    4.36474979e-02 4.68400359e-01 5.06215155e-01 8.61530721e-01
    5.31416118e-01 6.93032980e-01 9.27849829e-01 3.78178537e-01
    8.77288520e-01 1.98424280e-01 7.72147775e-02 9.96400952e-01
    2.38569468e-01 2.03085214e-01 2.44351566e-01 9.73216236e-01
    2.87878513e-01 6.97008193e-01 7.85068631e-01 4.84969914e-02
    6.79852366e-01 1.89958721e-01 4.99193847e-01 7.97089994e-01
    1.24839306e-01 7.38702536e-01 4.97393876e-01 1.52444601e-01
    6.95300102e-01 6.78356588e-02 3.51842165e-01 6.32261992e-01
    7.45088577e-01 5.30822575e-02 7.00083613e-01 4.44804847e-01
    8.43409896e-02 7.83541322e-01 5.23905635e-01 3.31805646e-02
    8.17762196e-01 6.74594820e-01 8.36350858e-01 5.33852100e-01
    6.62605762e-02 5.10199964e-02 9.44272995e-01 5.26722491e-01
    1.15534216e-01 6.63523078e-01 3.08255136e-01 3.42290401e-01
    1.28605157e-01 5.85761428e-01 3.61509591e-01 6.20613456e-01
    3.13922375e-01 8.82908702e-03 5.44646084e-01 1.52661622e-01
    3.01753759e-01 9.73824918e-01 9.67686176e-02 1.77587807e-01
    5.55326521e-01 3.95913482e-01 9.72936392e-01 1.70461267e-01
    7.06224978e-01 3.51949871e-01 1.58685476e-01 7.27411270e-01
    5.12396991e-01 5.79555750e-01 6.22518301e-01 6.67238772e-01
    5.45360804e-01 6.39249682e-01 7.42195010e-01 2.85416335e-01
    9.49459612e-01 6.88881040e-01 4.21567112e-01 4.73831505e-01
    5.45023084e-01 8.89361501e-01 9.96389031e-01 2.93149352e-01
    3.34584713e-03 3.55916172e-01 4.62682098e-01 7.27736235e-01
    9.62110639e-01 3.00153792e-01 6.61380529e-01 5.32744288e-01
    9.38967049e-01 8.53180289e-02 1.24475449e-01 8.75744104e-01
    8.65781605e-01 4.60936040e-01 8.52667809e-01 8.34778190e-01
    5.58651924e-01 5.27934372e-01 8.64066124e-01 8.35410595e-01
    4.15465951e-01 4.95035172e-01 1.57026649e-01 6.22271955e-01
    6.02684081e-01 8.46457481e-01 5.16934812e-01 5.68260431e-01
    5.23690104e-01 7.89024889e-01 9.61548865e-01 3.16715509e-01
    9.00849700e-01 7.28207588e-01 8.66366029e-01 2.99211383e-01
    4.44820821e-01 2.34768152e-01 8.41852486e-01 1.45251691e-01
    3.19633245e-01 7.45776892e-01 7.01732874e-01 3.76219332e-01
    9.11060572e-01 3.55388582e-01 2.13976622e-01 3.50489765e-01
    1.94671690e-01 3.69052351e-01 9.66250062e-01 7.29247332e-02
    3.73535216e-01 8.21347475e-01 3.87466520e-01 6.68044388e-02
    3.92560661e-01 9.89067435e-01 3.60486507e-02 3.75856787e-01
    8.16655576e-01 4.26666141e-01 7.94891357e-01 2.22154975e-01
    7.46942282e-01 3.23259592e-01 6.69586360e-02 1.55555069e-01
    3.90977085e-01 3.68288159e-02 5.14915824e-01 2.01850832e-02
    7.52555192e-01 1.72575295e-01 2.70240963e-01 2.33269870e-01
    1.42000258e-01 1.22174025e-01 6.83640599e-01 7.39138365e-01
    5.28121352e-01 7.80258775e-02 5.42128861e-01 8.82307231e-01
    6.04712307e-01 5.11561871e-01 1.15977585e-01 6.53539300e-02
    4.77405697e-01 3.15917730e-01 7.88660705e-01 9.86577034e-01
    9.28223968e-01 9.43110585e-01 6.78831875e-01 2.67764956e-01
    2.39509195e-01 3.27259243e-01 4.61526006e-01 1.25076294e-01
    4.35068250e-01 9.36667860e-01 9.08921421e-01 2.81936526e-02
    7.39573181e-01 3.54451597e-01 3.30881596e-01 2.69596279e-01
    3.81648779e-01 1.37884319e-01 6.06968045e-01 9.42045569e-01
    8.31997454e-01 6.82676435e-02 2.14039594e-01 2.43419111e-01
    9.05322313e-01 8.30254555e-01 3.03704649e-01 7.11826026e-01
    2.23992258e-01 1.17085934e-01 3.32613587e-01 7.92443752e-01
    7.53833055e-01 8.08842063e-01 2.91135907e-01 4.22893345e-01
    4.82328653e-01 3.12247574e-01 4.26794648e-01 6.89826846e-01
    1.55934483e-01 7.61669517e-01 2.32892066e-01 9.90768671e-01
    2.61664391e-02 7.38417268e-01 1.56368464e-01 1.35354638e-01
    5.80181777e-02 8.26495051e-01 6.20460868e-01 9.59350348e-01
    6.03465676e-01 6.57195091e-01 9.13962960e-01 5.99601150e-01
    8.67313266e-01 3.50877225e-01 5.68006277e-01 6.09458387e-02
    3.79317969e-01 6.49517655e-01 3.56217206e-01 2.23823458e-01
    8.57809663e-01 7.41126418e-01 2.86113858e-01 9.71502542e-01
    6.17687225e-01 3.23016226e-01 9.16721225e-02 1.74703956e-01
    1.65834606e-01 1.26834333e-01 4.08222169e-01 8.60903382e-01
    8.19416523e-01 1.15813434e-01 7.02739239e-01 2.93291867e-01
    4.97128993e-01 3.92331898e-01 5.51406622e-01 2.91520834e-01
    8.72346759e-01 3.72357070e-02 4.40042198e-01 7.52448380e-01
    4.47659463e-01 4.04866934e-02 5.36222279e-01 2.75026262e-01
    1.19307876e-01 5.70415795e-01 3.89613032e-01 7.58549094e-01
    6.28986895e-01 7.82483518e-02 9.66855884e-02 5.77778518e-01
    2.28702217e-01 6.38672113e-01 5.39351225e-01 8.79131436e-01
    1.99404210e-01 2.21456528e-01 8.55625868e-01 9.84741747e-01
    8.68852615e-01 6.71035290e-01 3.76231492e-01 5.75738072e-01
    4.50287730e-01 9.18594420e-01 9.52790022e-01 3.82450879e-01
    3.66844654e-01 4.99006033e-01 6.12621307e-01 9.98249292e-01
    7.44165123e-01 2.34630704e-01 1.54411972e-01 5.63574851e-01
    4.26940918e-01 3.72429967e-01 5.53210318e-01 5.60910165e-01
    2.01677144e-01 4.42709476e-01 4.13171351e-01 9.74621773e-02
    2.50491202e-01 4.84903991e-01 6.55769467e-01 7.66443372e-01
    1.96032912e-01 1.76275879e-01 8.94558847e-01 9.23904955e-01
    8.13308120e-01 3.65691423e-01 9.26158786e-01 6.21644855e-01
    9.62229371e-01 4.20357257e-01 3.08876455e-01 8.07578564e-02
    1.80012763e-01 3.12891364e-01 9.37496722e-01 6.21710300e-01
    6.05889261e-01 3.74334425e-01 1.38049424e-01 8.29024971e-01
    5.62066853e-01 6.74145103e-01 7.84895718e-02 8.04098070e-01
    7.23364830e-01 3.36641997e-01 7.94287264e-01 4.18266118e-01
    1.74722880e-01 8.54852855e-01 9.33649540e-01 6.67751074e-01
    4.39052552e-01 7.70289600e-01 2.02883482e-01 1.04355276e-01
    2.43388116e-01 8.93630981e-01 1.58415228e-01 2.17428029e-01
    3.93271923e-01 7.70682693e-02 5.40054977e-01 5.62771976e-01
    4.38208848e-01 6.24558330e-02 9.84144270e-01 2.58267283e-01
    7.74167657e-01 1.93084419e-01 6.94254160e-01 1.09022707e-01
    2.53071368e-01 5.78295231e-01 9.27701592e-01 8.70379925e-01
    8.26758981e-01 8.01676631e-01 4.64270055e-01 1.20712340e-01
    6.45119548e-01 7.41354704e-01 9.48636174e-01 8.89024734e-01
    1.86983049e-02 1.89501941e-01 6.35223687e-02 4.14512724e-01
    8.35255623e-01 8.41217220e-01 3.91767442e-01 3.10311198e-01
    3.03588301e-01 4.29159969e-01 1.77990347e-01 6.84114814e-01
    6.14572704e-01 3.04760128e-01 6.18014634e-02 9.77857590e-01
    9.85769212e-01 4.74334717e-01 7.04360306e-02 9.44517314e-01
    4.21748251e-01 9.80571270e-01 4.10171688e-01 2.86779672e-01
    5.03355265e-03 1.18111670e-02 9.57193851e-01 9.28700268e-02
    4.87397611e-01 6.68347299e-01 4.34061706e-01 3.40120256e-01
    5.04884660e-01 8.19543958e-01 8.15547228e-01 9.76349950e-01
    4.28606987e-01 1.01267874e-01 5.64661205e-01 6.15860105e-01
    7.53010511e-01 1.16371036e-01 8.30720842e-01 9.15021062e-01
    2.14270383e-01 1.23402327e-01 1.20312780e-01 7.07330942e-01
    4.02823299e-01 6.49216235e-01 9.39204574e-01 5.71610153e-01
    5.71193933e-01 8.87092471e-01 3.77612203e-01 7.95220375e-01
    9.86286044e-01 6.75569594e-01 7.88301229e-01 5.11640072e-01
    4.51211274e-01 7.66597688e-01 3.49086821e-01 6.06867790e-01
    3.12573522e-01 5.43033600e-01 1.42140001e-01 2.35228330e-01
    6.97286427e-01 7.96925068e-01 4.36921895e-01 9.72762704e-02
    3.26743782e-01 2.15546191e-01 5.04954219e-01 3.48238587e-01
    2.33967870e-01 7.64641523e-01 2.95201182e-01 3.32639337e-01
    5.34830749e-01 1.86106861e-01 8.64688873e-01 6.01084411e-01
    7.97550201e-01 8.60456944e-01 1.16275758e-01 8.96780491e-01
    9.08194661e-01 6.13058031e-01 8.98125947e-01 2.97404528e-02
    9.90467310e-01 7.87043929e-01 3.25709403e-01 5.23883879e-01
    5.99829257e-02 2.78303325e-01 4.34107602e-01 7.26215839e-02
    5.07699013e-01 8.73243690e-01 7.55495429e-01 2.88877010e-01
    5.47973990e-01 1.97238415e-01 6.23449087e-01 7.73473978e-02
    5.10633469e-01 8.46392870e-01 2.08256543e-01 2.84230769e-01
    5.35959184e-01 4.01371688e-01 9.46958959e-01 5.51196337e-02
    7.36766815e-01 6.68485403e-01 4.37151521e-01 3.84997904e-01
    3.08919996e-01 7.33110011e-02 6.11971498e-01 5.87109387e-01
    6.90428793e-01 4.50656444e-01 7.81940520e-02 2.95733571e-01
    8.17623973e-01 4.89014626e-01 1.90703154e-01 1.39753610e-01
    7.44848847e-01 7.72219181e-01 1.86709732e-01 8.29765201e-01
    5.85045576e-01 8.22603881e-01 1.30866498e-01 4.83434707e-01
    5.91491103e-01 8.37839186e-01 5.10660112e-01 7.49802887e-01
    5.14492750e-01 9.71259654e-01 9.71379876e-01 7.74969220e-01
    6.76186919e-01 1.80099994e-01 8.05915296e-01 4.38713074e-01
    7.62369037e-01 9.68301296e-02 9.26155269e-01 4.51407939e-01
    3.21507156e-01 4.63574678e-01 2.75241792e-01 6.90577984e-01
    2.04955637e-01 8.92575026e-01 1.60561025e-01 1.50606900e-01
    6.71267390e-01 5.24370790e-01 2.62409687e-01 9.81908202e-01
    9.19928670e-01 4.97152001e-01 2.72681385e-01 1.78249389e-01
    9.56668496e-01 4.64608669e-02 8.40304852e-01 3.84225100e-01
    3.79011571e-01 6.64486051e-01 9.86043334e-01 3.94223899e-01
    7.18337834e-01 2.44504303e-01 1.98212862e-02 1.10954672e-01
    2.18830436e-01 8.15863609e-01 1.63509309e-01 1.51351601e-01
    7.03479886e-01 1.59915209e-01 9.24499512e-01 2.34329820e-01
    8.42707455e-01 2.44703144e-01 3.64574790e-01 8.93414974e-01
    6.51371062e-01 8.00729334e-01 1.42755896e-01 3.20346415e-01
    3.35441202e-01 4.56652969e-01 4.85819250e-01 1.05159998e-01
    9.46543574e-01 8.19199502e-01 6.39563441e-01 6.16937399e-01
    1.26647919e-01 6.72444344e-01 6.44226670e-01 4.54810023e-01
    6.89621687e-01 1.09840333e-01 7.98649669e-01 2.49049544e-01
    1.63847685e-01 6.19156539e-01 3.39353025e-01 4.53352094e-01
    9.15942550e-01 1.90510243e-01 5.13390720e-01 4.00786757e-01
    5.40266693e-01 7.61867881e-01 2.96459645e-01 4.99460578e-01
    1.14953935e-01 8.02743137e-02 3.59243840e-01 7.70773292e-01
    5.63594520e-01 8.52735817e-01 5.74061096e-01 8.81085515e-01
    3.25272143e-01 3.37127626e-01 1.95006490e-01 5.16583323e-01
    9.91080642e-01 2.34709054e-01 2.33303964e-01 9.18613911e-01
    1.93725765e-01 3.67257863e-01 9.60558653e-01 9.57218409e-01
    4.52095419e-01 2.57592142e-01 8.80377054e-01 5.57125032e-01
    3.13676268e-01 4.94841814e-01 2.81383276e-01 4.07112062e-01
    1.89251930e-01 3.16053033e-01 3.90141636e-01 6.69076681e-01
    7.66246557e-01 9.50449586e-01 8.38012934e-01 9.30052638e-01
    3.49022269e-01 3.08370113e-01 8.78605008e-01 1.61978602e-01
    5.29622555e-01 2.13165075e-01 1.17682815e-02 7.96605468e-01
    7.83895195e-01 7.26470470e-01 6.47339106e-01 7.91909218e-01
    2.71156520e-01 1.98878586e-01 9.76752639e-01 1.02670461e-01
    4.30104107e-01 6.22529626e-01 7.46949792e-01 9.97244716e-01
    4.18182611e-02 9.59788442e-01 1.52830362e-01 7.02930808e-01
    1.63167477e-01 5.43500900e-01 2.21528769e-01 4.29233313e-02
    5.91656446e-01 8.45556021e-01 6.11608684e-01 2.60062844e-01
    2.36634940e-01 5.56042194e-01 4.19725418e-01 6.31452203e-01
    2.46193409e-01 4.48641598e-01 4.90007460e-01 9.47889328e-01
    1.86681390e-01 4.44983006e-01 8.59426618e-01 4.97918218e-01
    6.92662537e-01 1.22017831e-01 1.87784523e-01 4.36630517e-01
    6.96028829e-01 8.01990807e-01 4.06716764e-01 6.37856185e-01
    5.17467022e-01 8.35039258e-01 1.33690953e-01 7.49353766e-01
    4.44851398e-01 9.34888959e-01 2.50584781e-02 7.45537639e-01
    3.45376402e-01 6.30208015e-01 6.17085099e-02 7.60496855e-01
    4.26301003e-01 8.23565602e-01 9.62594867e-01 2.33355463e-02
    7.75129914e-01 6.61898673e-01 6.03000939e-01 2.43064851e-01
    7.04289615e-01 7.51672566e-01 3.02959919e-01 3.90951514e-01
    3.23972017e-01 4.02470917e-01 6.48886085e-01 4.23336834e-01
    3.16360414e-01 4.25767750e-01 3.76078039e-01 6.67600811e-01
    9.88406301e-01 5.01742482e-01 7.58021235e-01 1.00889981e-01
    3.96672189e-02 3.38190854e-01 5.12404501e-01 1.26466960e-01
    8.73350382e-01 8.98854256e-01 6.14482343e-01 9.31888461e-01
    5.71187794e-01 9.72740054e-01 4.88742530e-01 8.74373078e-01
    1.09074771e-01 8.92370462e-01 5.84157348e-01 7.67940402e-01
    3.38316530e-01 5.21002114e-02 2.79679120e-01 3.40128988e-01
    6.89870358e-01 9.33924317e-02 7.23285377e-01 9.54099953e-01
    9.28528905e-01 4.89610732e-02 3.08509111e-01 7.32537746e-01
    7.26179004e-01 5.04420936e-01 1.31438553e-01 1.69205874e-01
    8.04129958e-01 1.25905603e-01 7.57760465e-01 4.94990349e-01
    3.80869359e-01 8.83223534e-01 4.50847149e-01 5.67420185e-01
    6.98514938e-01 9.30309534e-01 5.43234646e-01 6.71793461e-01
    7.49061227e-01 5.59310913e-02 2.28227466e-01 4.43596900e-01
    5.82059920e-02 2.97032833e-01 9.19614434e-02 2.07713425e-01
    1.41360760e-02 1.83953345e-02 7.34781563e-01 6.84548020e-01
    4.45236713e-01 3.02369893e-01 7.79690206e-01 5.76777935e-01
    8.32984686e-01 1.32901400e-01 3.01751256e-01 1.29959732e-01
    3.75984251e-01 1.98963374e-01 4.77499157e-01 8.30765367e-02
    1.53776169e-01 4.25747842e-01 3.97227407e-01 9.61643100e-01
    7.34012842e-01 6.00040853e-01 5.99969923e-02 6.05897188e-01
    2.73895860e-01 4.17919457e-01 4.47525382e-01 1.23060971e-01
    3.74096394e-01 8.88357282e-01 2.99292743e-01 5.35769761e-01
    3.77984583e-01 8.51087451e-01 5.77240467e-01 7.67660022e-01
    2.38108635e-02 5.97761273e-01 2.67132580e-01 1.67725831e-01
    8.39164555e-01 8.74705911e-01 4.41080928e-01 3.94606233e-01
    5.40778697e-01 1.89836621e-02 7.14819193e-01 1.70077264e-01
    5.65761209e-01 5.06117105e-01 1.90196335e-01 4.98097926e-01
    5.72003543e-01 2.15090752e-01 2.79100716e-01 7.39592075e-01
    3.62415552e-01 5.73243976e-01 1.39878511e-01 2.16277689e-01
    5.71838140e-01 1.38848186e-01 1.74699277e-01 7.54166842e-02
    1.68880910e-01 3.84237736e-01 8.85726690e-01 8.13710451e-01
    7.52371430e-01 7.91946292e-01 8.34199965e-01 9.67181563e-01
    3.95222038e-01 8.78827512e-01 2.22428381e-01 3.17099988e-01
    9.36654806e-01 2.33923763e-01 8.64633679e-01 7.30651617e-01
    1.72373116e-01 9.20717061e-01 2.72851288e-02 2.37970740e-01
    3.14361989e-01 8.46866131e-01 6.68249309e-01 4.46867198e-01
    4.90799218e-01 3.08896780e-01 3.70380521e-01 4.26858664e-01
    6.56058490e-02 3.71442467e-01 8.56794477e-01 2.78140306e-01
    1.28338158e-01 2.27029741e-01 5.01679063e-01 5.38776517e-02
    2.04557121e-01 6.96168005e-01 9.18241501e-01 6.04073048e-01
    9.23248053e-01 6.49007678e-01 7.38978624e-01 1.54822379e-01
    9.05025721e-01 6.68039620e-01 5.81744254e-01 1.42884523e-01
    2.26862401e-01 1.44886971e-03 9.87036347e-01 9.94737387e-01
    5.84025443e-01 3.14432740e-01 1.20486826e-01 9.59643245e-01
    7.29640484e-01 4.69900399e-01 6.62377477e-02 1.56302869e-01
    2.37195492e-01 4.79619950e-01 6.67259455e-01 7.80622780e-01
    9.88201022e-01 4.35385704e-02 9.31207895e-01 8.95648599e-01
    4.33871627e-01 9.77248251e-01 4.43060815e-01 9.73559916e-02
    9.59248781e-01 9.96310592e-01 6.64866507e-01 7.77274072e-01
    4.38015670e-01 7.52484083e-01 3.99011195e-01 6.53131723e-01
    7.47016430e-01 3.99705172e-01 8.91593993e-02 1.52215719e-01
    1.94865733e-01 1.32950962e-01 3.25558960e-01 9.36667562e-01
    8.66195798e-01 2.48723418e-01 6.39804900e-01 9.88987982e-01
    4.92266536e-01 6.14584327e-01 3.11509430e-01 6.07484996e-01
    2.54505873e-01 6.83855116e-01 6.95575953e-01 4.96933520e-01
    7.92897761e-01 6.20715380e-01 8.04963946e-01 6.04865074e-01
    7.14978337e-01 2.65086591e-02 9.11859453e-01 7.57813692e-01
    4.58558679e-01 3.22714925e-01 6.60323262e-01 5.37064552e-01
    5.09992003e-01 8.71038437e-01 1.39722556e-01 3.43164384e-01
    8.09442461e-01 8.07751536e-01 3.20021331e-01 5.10527194e-01
    2.38669783e-01 3.89849693e-01 9.87932980e-02 1.40331268e-01
    1.98120713e-01 4.61895943e-01 9.10149217e-01 7.42906094e-01
    8.41423452e-01 1.06245875e-01 9.47340965e-01 9.64574218e-02
    9.54139113e-01 9.99149323e-01 3.63903970e-01 7.42275298e-01
    8.76744628e-01 7.94788897e-01 7.87411690e-01 2.20655739e-01
    8.20820093e-01 8.57774258e-01 2.73645103e-01 5.04219532e-01
    5.47564149e-01 7.53181219e-01 9.74779844e-01 2.96564251e-01
    7.68115997e-01 9.86184120e-01 6.04258180e-02 4.03890967e-01
    7.28378773e-01 9.36556816e-01 2.98974037e-01 3.67546141e-01
    7.56120324e-01 7.47520804e-01 2.12648571e-01 5.71433604e-02
    9.84388828e-01 1.80298835e-01 7.80504704e-01 3.77949417e-01
    3.04976881e-01 9.14692521e-01 5.45819521e-01 8.73659849e-01
    3.87970746e-01 5.82333446e-01 8.36617649e-02 3.93075377e-01
    8.02419782e-01 5.47834694e-01 5.27616203e-01 3.81865114e-01
    4.95610148e-01 4.02819276e-01 1.54530793e-01 9.02543306e-01
    5.35921633e-01 5.84536552e-01 5.68624258e-01 4.23532248e-01
    5.56501031e-01 3.26874763e-01 4.71285194e-01 5.26113629e-01
    2.50341475e-01 2.21063256e-01 6.91978574e-01 7.34634936e-01
    7.12705493e-01 3.87594908e-01 2.11701185e-01 9.09387827e-01
    5.03601789e-01 4.75385010e-01 8.33679020e-01 1.98458225e-01
    1.96032435e-01 9.47479129e-01 6.59283698e-02 9.99879718e-01
    9.86956775e-01 8.98834705e-01 2.97018290e-02 4.82571006e-01
    9.37689066e-01 8.08813095e-01 6.49553895e-01 4.98222172e-01
    7.26711154e-01 2.91354477e-01 8.23464513e-01 3.78904760e-01
    7.47053862e-01 5.96747220e-01 5.24414361e-01 2.19659239e-01
    7.08947301e-01 8.70940447e-01 1.77236736e-01 8.52237940e-01
    1.63543522e-02 2.11001605e-01 1.37356520e-01 8.05420876e-02
    6.54762268e-01 4.21126783e-02 1.87882990e-01 6.74426556e-01
    7.51534164e-01 6.67044818e-01 2.98356175e-01 8.26124907e-01
    8.96241486e-01 4.41601753e-01 8.96167755e-01 4.49604750e-01
    2.30848253e-01 1.34838939e-01 1.55571014e-01 3.90305758e-01
    2.25193501e-02 6.68619275e-02 2.17716336e-01 9.69712496e-01
    5.69197714e-01 5.81132114e-01 2.65164495e-01 9.03842390e-01
    8.58996153e-01 4.13087308e-02 2.02952474e-01 2.43128479e-01
    4.81907517e-01 1.41951293e-01 4.40327227e-01 4.15748566e-01
    9.20219183e-01 3.52786660e-01 9.46561217e-01 8.92148495e-01
    4.69473630e-01 9.78590488e-01 5.38751364e-01 4.94741231e-01
    5.46466589e-01 9.69314575e-03 3.59240413e-01 5.57228029e-01
    7.59883225e-01 8.43970954e-01 7.58294880e-01 9.44224358e-01
    4.40807521e-01 1.22666568e-01 9.97139275e-01 4.55541253e-01
    5.00161588e-01 5.92151880e-01 1.97726369e-01 5.92828393e-01
    3.43282521e-01 6.35805070e-01 3.31439137e-01 5.17484128e-01
    2.05514699e-01 2.25683630e-01 2.12388545e-01 1.32849514e-01
    8.26714694e-01 9.35629666e-01 1.10395104e-01 9.23926115e-01
    6.81444526e-01 7.89520621e-01 4.45697427e-01 6.61761582e-01
    9.74486947e-01 9.32019055e-01 3.66212726e-01 5.31739831e-01
    8.92716765e-01 9.76907313e-02 8.85547876e-01 3.00322413e-01
    1.22151166e-01 8.50381017e-01 6.53194189e-01 4.60739046e-01
    2.81154275e-01 1.35659784e-01 7.03804493e-01 3.30802679e-01
    9.60423589e-01 9.72816348e-01 3.16690981e-01 2.36315429e-01
    4.46333408e-01 3.40839624e-01 2.83744812e-01 3.34914446e-01
    5.46717644e-01 5.56847811e-01 5.57781041e-01 1.67813480e-01
    3.16298127e-01 1.85191244e-01 3.94713283e-02 7.55730629e-01
    5.30217886e-01 6.25744224e-01 4.93370205e-01 4.63655651e-01
    7.23066330e-01 1.81867510e-01 8.14234138e-01 4.65421379e-02
    2.79936731e-01 2.10857868e-01 5.03557026e-01 6.32695854e-01
    1.15905911e-01 5.89261770e-01 3.78798962e-01 2.62055129e-01
    6.30828440e-01 8.44090044e-01 4.07768369e-01 1.44151390e-01
    2.63768673e-01 6.46377087e-01 3.06568235e-01 9.76643920e-01
    4.94238734e-03 9.69656467e-01 6.19541585e-01 5.56657076e-01
    8.41605186e-01 7.78323472e-01 8.52255940e-01 5.54295957e-01
    5.96892238e-01 4.87831235e-01 8.76911461e-01 1.97334945e-01
    3.33012223e-01 4.27649349e-01 6.64666235e-01 6.99109733e-01
    8.73900294e-01 2.82868385e-01 3.72573674e-01 3.00229251e-01
    9.51259851e-01 8.13210487e-01 6.63869441e-01 7.23074675e-01
    7.68168390e-01 9.83978271e-01 4.23343718e-01 6.33355021e-01
    5.14089882e-01 2.32467115e-01 3.90514582e-01 7.01549113e-01
    1.48125857e-01 5.46304405e-01 4.28325146e-01 6.41232669e-01
    5.32769203e-01 3.61078709e-01 8.71675014e-02 8.60640168e-01
    8.38952184e-01 9.05513763e-02 3.53181362e-01 9.01231647e-01
    9.65289533e-01 3.13159466e-01 9.30202007e-02 6.56365156e-02
    5.91882646e-01 1.92645967e-01 4.68468875e-01 9.38831568e-01
    8.25896025e-01 7.07573175e-01 9.88224983e-01 5.11233151e-01
    2.47312456e-01 5.06307781e-01 4.56873864e-01 8.19938540e-01
    1.00237876e-01 6.01536334e-01 6.72318816e-01 3.78133714e-01
    4.91794586e-01 3.05288136e-02 8.17406595e-01 9.13701475e-01
    1.44573987e-01 6.36984348e-01 7.58069992e-01 5.59583485e-01
    7.25139320e-01 1.84921801e-01 4.09559458e-01 5.44978321e-01
    4.81362104e-01 9.65676308e-01 6.74527884e-01 7.28261471e-02
    6.71828687e-01 9.30260897e-01 8.35765481e-01 3.25280547e-01
    2.68049300e-01 9.45409298e-01 2.05396116e-01 6.21883571e-02
    7.81174421e-01 5.60788035e-01 9.02472377e-01 4.89942610e-01
    3.26884359e-01 2.09908515e-01 4.01678681e-03 2.29853809e-01
    1.48017317e-01 4.73462969e-01 1.25604004e-01 7.67957807e-01
    7.97951996e-01 4.89411682e-01 5.63829660e-01 8.39734972e-01
    5.04562259e-01 7.67172456e-01 5.38032115e-01 9.22452092e-01
    3.43464881e-01 4.99346256e-02 7.54614949e-01 1.72767818e-01
    7.34118998e-01 9.71581459e-01 1.54313684e-01 4.60808516e-01
    9.85957384e-01 5.10407507e-01 5.09967148e-01 4.41168100e-01
    4.66671526e-01 8.98342431e-01 5.22134781e-01 3.15100074e-01
    3.40920687e-03 3.38351011e-01 3.98780078e-01 7.09709346e-01
    1.88269049e-01 4.52848673e-01 1.40327513e-02 6.39889836e-01
    8.41411352e-01 1.36885256e-01 6.37618899e-02 3.02144706e-01
    8.37074161e-01 7.02569485e-02 8.54347229e-01 1.84100509e-01
    8.88536870e-02 8.56805384e-01 4.38952595e-01 7.80656099e-01
    7.26413429e-01 3.22851986e-01 7.40592599e-01 3.33735585e-01
    9.50226188e-01 7.61919081e-01 7.84353673e-01 6.65913939e-01
    8.26658010e-01 2.85727859e-01 1.38720512e-01 8.01296473e-01
    2.12538749e-01 7.45726466e-01 1.22076631e-01 1.98044896e-01
    3.38595361e-01 6.13129854e-01 8.90788794e-01 2.70850837e-01
    3.59842986e-01 7.29284525e-01 5.89089096e-01 3.32912028e-01
    6.15210414e-01 5.46638966e-01 1.41514271e-01 7.90273547e-01
    9.20094550e-02 6.45957351e-01 8.96175802e-01 1.93570018e-01
    3.84005427e-01 5.67820251e-01 1.03988409e-01 4.05674398e-01
    2.40354896e-01 3.32845360e-01 5.41526139e-01 5.58636129e-01
    8.09275687e-01 1.27822310e-01 2.72657573e-02 5.13616204e-01
    8.39888811e-01 5.82181334e-01 5.93155324e-02 9.61927056e-01
    5.98709404e-01 7.33513594e-01 1.87102199e-01 2.66926885e-01
    9.79932964e-01 6.61127388e-01 8.26293945e-01 9.94790852e-01
    9.25485253e-01 3.56141269e-01 5.58850229e-01 8.46182168e-01
    9.40507174e-01 5.56812823e-01 3.53267998e-01 3.72156799e-02
    8.01979542e-01 3.96478325e-01 7.32765973e-01 9.51465249e-01
    2.57880986e-02 9.67883587e-01 6.01090372e-01 5.36985338e-01
    6.56094432e-01 6.69710338e-01 1.91409707e-01 5.44709623e-01
    5.78767240e-01 5.39325595e-01 1.05303645e-01 6.05934739e-01
    2.80679852e-01 7.67558336e-01 3.77381653e-01 1.23657972e-01
    4.48727310e-02 8.43130469e-01 5.83302021e-01 2.30208367e-01
    5.57618618e-01 5.23212612e-01 8.80874991e-01 4.00544405e-02
    4.15952623e-01 6.31628513e-01 4.14426804e-01 2.20001191e-01
    5.34192622e-02 4.22589034e-01 6.21466935e-01 3.15190852e-01
    1.40863359e-01 2.62022763e-01 4.65409040e-01 2.64399379e-01
    3.21630716e-01 6.57504678e-01 2.45947301e-01 2.32127488e-01
    5.50607920e-01 7.42003322e-02 3.88319820e-01 2.37343192e-01
    5.73880494e-01 3.76395464e-01 1.57594830e-01 7.71282136e-01
    8.34530473e-01 5.80230653e-01 2.01199293e-01 8.06775331e-01
    9.97812748e-01 3.24256897e-01 2.99762785e-01 3.00690651e-01
    1.37790710e-01 7.86661208e-01 8.38010311e-01 8.20714951e-01
    1.10449493e-02 1.81346059e-01 6.18617594e-01 6.93914235e-01
    5.79290152e-01 7.14407444e-01 1.95740819e-01 5.56650102e-01
    5.94750047e-03 9.55876291e-01 9.93389964e-01 3.17742944e-01
    2.96879411e-01 9.93044078e-02 6.85384631e-01 7.92356491e-01
    3.03429782e-01 3.92535746e-01 9.59910154e-01 2.82629132e-01
    5.07743478e-01 9.42946017e-01 1.17629975e-01 4.99033779e-01
    2.07774043e-01 9.48583066e-01 5.48272729e-01 7.41540909e-01
    2.84459352e-01 2.85028756e-01 2.96660364e-02 6.87766612e-01
    9.39779580e-01 5.27982473e-01 5.21955490e-02 7.19724417e-01
    5.52149415e-01 8.03838491e-01 7.69533575e-01 5.56951761e-02
    2.57238716e-01 2.60432780e-01 8.04632723e-01 7.35983670e-01
    1.43933535e-01 8.57770681e-01 2.13864774e-01 8.44881415e-01
    3.06492478e-01 1.90679878e-01 8.49060357e-01 3.85666192e-01
    2.80530453e-01 6.01005197e-01 8.92872214e-01 1.93158954e-01
    8.63333344e-01 5.13881207e-01 5.91162324e-01 8.10416043e-02
    9.95494902e-01 1.24641091e-01 6.11632526e-01 8.76178622e-01
    2.27643430e-01 7.20354080e-01 2.09835082e-01 3.65867794e-01
    9.42154229e-01 7.95680165e-01 7.72424221e-01 7.48144746e-01
    7.93851018e-01 2.31163025e-01 4.95113671e-01 2.55074322e-01
    6.80621088e-01 4.49368805e-01 8.88821185e-02 5.53384542e-01
    3.97990704e-01 6.41398311e-01 8.43155861e-01 1.89240366e-01
    8.87228966e-01 8.24955404e-02 8.98555875e-01 1.90377027e-01
    8.56501043e-01 8.54153335e-02 1.66838467e-02 3.47449005e-01
    1.01558298e-01 5.47482252e-01 5.12876749e-01 7.07219720e-01
    5.34569323e-02 5.00519514e-01 8.88368845e-01 5.15812993e-01
    7.64270306e-01 6.69817865e-01 4.29910570e-01 7.13984549e-01
    4.45731699e-01 9.90983486e-01 3.52585971e-01 9.04634595e-01
    4.01791036e-01 6.93938434e-01 9.86158729e-01 2.67852306e-01
    8.55513453e-01 8.07843089e-01 8.38006973e-01 4.32443619e-03
    8.51964593e-01 4.83049661e-01 1.85962141e-01 5.70388079e-01
    7.70845771e-01 8.25700760e-01 9.19843316e-02 1.34457380e-01
    1.00188255e-01 7.74060667e-01 4.04487550e-02 6.78140759e-01
    2.58770317e-01 7.14248002e-01 1.46630734e-01 4.24335778e-01
    1.40786111e-01 9.28071737e-01 1.58465505e-01 3.77492070e-01
    1.01414472e-01 9.86036658e-01 1.10437095e-01 1.68289840e-02
    9.56694961e-01 5.81600070e-01 1.14756525e-02 8.69744778e-01
    9.23589468e-02 9.49753046e-01 4.58914906e-01 5.02286673e-01
    6.38982177e-01 7.56839871e-01 9.71144438e-03 9.10410523e-01
    5.03094435e-01 7.38434434e-01 1.72681987e-01 3.48973960e-01
    2.83118129e-01 9.63622630e-01 5.89627981e-01 6.44687712e-02
    5.46051919e-01 8.23672056e-01 7.81038880e-01 2.42179692e-01
    4.14967537e-04 2.88409024e-01 8.94778132e-01 6.21612668e-02
    6.42681241e-01 5.99387467e-01 3.33451450e-01 3.57288867e-01
    8.51948977e-01 1.95086539e-01 5.48616171e-01 8.91038537e-01
    4.85391825e-01 6.19403720e-01 8.90910268e-01 6.48250759e-01
    2.84645498e-01 1.02147311e-01 8.65282178e-01 8.42382908e-01
    5.25040865e-01 7.63781846e-01 9.47741449e-01 8.75038087e-01
    8.47848952e-02 2.67518759e-02 5.61298251e-01 7.56915450e-01
    8.64522934e-01 7.63151586e-01 3.42289686e-01 6.90650463e-01
    3.30000520e-01 9.84196842e-01 4.22101110e-01 3.86874795e-01
    9.75023091e-01 8.07676613e-02 2.85794079e-01 7.77080297e-01
    2.00197309e-01 7.23224998e-01 8.72449756e-01 7.40539491e-01
    6.77295566e-01 2.02068061e-01 5.33306539e-01 1.24933809e-01
    3.93691748e-01 5.07761657e-01 1.48872226e-01 9.90238547e-01
    5.92036664e-01 5.66702485e-01 6.99247718e-01 9.22498584e-01
    2.33320951e-01 5.45331240e-01 9.85788941e-01 7.36933827e-01
    2.36284137e-01 1.33120149e-01 2.21366704e-01 3.45833629e-01
    7.12253273e-01 4.92922723e-01 5.93363762e-01 1.94722146e-01
    9.27626729e-01 9.87770557e-01 3.82044137e-01 7.12190509e-01
    5.86692095e-01 9.10232902e-01 5.27571440e-01 8.68800640e-01
    8.97562385e-01 7.45485187e-01 2.08239824e-01 3.69792283e-01
    2.31981933e-01 1.40506327e-01 5.85369468e-02 1.93756640e-01
    9.74963486e-01 3.49764943e-01 4.47230220e-01 2.20005840e-01
    6.71629667e-01 2.28485405e-01 9.15870667e-01 6.88632071e-01
    7.20428169e-01 6.44487500e-01 9.60107148e-01 4.09125805e-01
    6.35445833e-01 9.59694147e-01 5.92797816e-01 4.25557286e-01
    7.44684935e-01 8.91445160e-01 6.29297495e-01 2.05389172e-01
    8.18822324e-01 5.30201435e-01 7.71913707e-01 5.15247047e-01
    4.92109776e-01 6.51300669e-01 5.02247930e-01 1.24576330e-01
    5.02199590e-01 2.59081364e-01 7.30716348e-01 5.44049621e-01
    3.12054038e-01 5.73219180e-01 3.00023586e-01 5.11680543e-01
    4.03652191e-01 5.05407453e-01 7.76391983e-01 7.94458807e-01
    4.23512548e-01 7.60358572e-01 6.44210875e-02 9.00852323e-01
    8.96986246e-01 1.59760803e-01 9.02792871e-01 1.39851898e-01
    1.01360738e-01 2.29049027e-02 2.57142782e-02 1.65094018e-01
    5.20934701e-01 2.93381453e-01 5.34331024e-01 5.31497300e-01
    2.47640908e-01 9.52456474e-01 9.23113346e-01 6.51711226e-02
    3.71811062e-01 4.39159960e-01 2.44169205e-01 4.73719060e-01
    4.17642623e-01 5.49851537e-01 4.20289904e-01 4.18202758e-01
    3.95992637e-01 2.47571766e-02 7.01655686e-01 8.73849750e-01
    6.53443575e-01 1.31084621e-02 1.32015884e-01 1.76170707e-01
    9.93415415e-01 9.25576091e-01 6.13259733e-01 2.03862756e-01
    3.84378731e-02 6.44180298e-01 8.11666489e-01 8.66630077e-01
    6.63151622e-01 2.61277556e-01 6.26573503e-01 8.31364632e-01
    5.46079040e-01 7.42411196e-01 5.31492412e-01 4.80258971e-01
    2.23326355e-01 4.97767597e-01 3.16174448e-01 9.36828136e-01
    8.79266322e-01 9.78119731e-01 7.75402904e-01 1.35263503e-02
    9.96720195e-01 1.92919701e-01 1.98833436e-01 4.01356548e-01
    4.85450745e-01 5.98563969e-01 9.34319973e-01 5.06826401e-01
    5.01601160e-01 5.85047185e-01 4.30638373e-01 4.11674380e-02
    6.59633160e-01 8.88089001e-01 9.54815984e-01 8.11066151e-01
    4.39382374e-01 7.27181375e-01 8.92702460e-01 8.32406938e-01
    6.74195647e-01 6.47206604e-02 3.69284153e-02 9.78056312e-01
    9.24838066e-01 1.17068172e-01 6.21635675e-01 7.44315386e-01
    5.67402005e-01 1.94375485e-01 1.04513079e-01 1.63629800e-01
    7.24440217e-01 4.59945977e-01 6.01438820e-01 7.27429748e-01
    6.99949920e-01 8.08301330e-01 9.12076354e-01 3.22567821e-02
    3.85781974e-01 5.21006525e-01 2.66382575e-01 9.91474509e-01
    6.76501989e-01 3.47024202e-01 8.78436804e-01 7.34487176e-03
    9.06097770e-01 7.93864310e-01 2.08567470e-01 5.31488180e-01
    4.41858858e-01 1.32239848e-01 9.97212648e-01 4.79185343e-01
    6.90490305e-01 5.37875891e-01 6.01595044e-01 4.81611490e-02
    6.75916612e-01 7.67809033e-01 4.95307773e-01 1.03045017e-01
    7.00866580e-01 3.05970907e-01 9.59142864e-01 5.71315885e-01
    5.26200533e-01 6.59547210e-01 3.70634854e-01 8.46336186e-02
    3.58481586e-01 9.46447968e-01 5.97645700e-01 9.33333397e-01
    5.46887159e-01 3.82895201e-01 2.27642924e-01 1.42317414e-02
    8.39371800e-01 5.25860608e-01 1.89085782e-01 2.64648616e-01
    2.01649964e-02 3.67104113e-02 6.52129054e-01 3.05409670e-01
    9.20433044e-01 1.64543927e-01 1.50809884e-01 3.78366649e-01
    9.89011884e-01 8.58776212e-01 6.65618777e-02 3.12704206e-01
    3.46552074e-01 3.05948853e-01 9.09536421e-01 6.31245852e-01
    3.88308436e-01 2.42708921e-01 2.25871116e-01 8.46279502e-01
    8.65005136e-01 6.66482985e-01 5.14262617e-01 8.58073592e-01
    5.34684658e-01 5.13697326e-01 9.87186313e-01 3.51115465e-01
    9.34668660e-01 3.90526384e-01 6.20248854e-01 9.86080408e-01
    2.39816338e-01 9.92110550e-01 1.17214948e-01 8.69009852e-01
    6.22678816e-01 6.28973603e-01 5.17269969e-01 9.23256874e-02
    2.32401460e-01 6.40332222e-01 2.87358820e-01 8.10000539e-01
    6.28699183e-01 1.53914094e-03 7.38486946e-01 6.72170818e-02
    2.65525520e-01 5.13499379e-01 7.66535282e-01 5.64772367e-01
    1.46283209e-02 8.91234279e-02 1.66170597e-01 3.97359878e-01
    4.04304534e-01 6.35029376e-02 7.81124711e-01 6.01888895e-02
    5.20391107e-01 2.47676939e-01 2.85777956e-01 5.08217692e-01
    7.42367625e-01 7.37809718e-01 4.65699375e-01 4.15224224e-01
    9.15349603e-01 3.72342080e-01 9.95207310e-01 8.64572406e-01
    3.24652433e-01 6.39838517e-01 1.13073885e-02 7.84650505e-01
    6.15084589e-01 1.04910225e-01 3.32537591e-01 5.33542633e-02
    9.41125393e-01 9.45367336e-01 6.61317587e-01 1.10865921e-01
    3.09187591e-01 3.76354456e-02 7.60806262e-01 8.71750236e-01
    4.25241888e-02 2.54659206e-01 9.80650663e-01 7.90087163e-01
    3.41509521e-01 4.81589735e-01 7.65411139e-01 4.31622028e-01
    5.32342315e-01 8.39327335e-01 3.13640893e-01 6.33921862e-01
    8.25438142e-01 3.42833132e-01 2.87326336e-01 7.90119290e-01
    3.09286684e-01 5.80502033e-01 8.55575562e-01 6.91440582e-01
    7.44059920e-01 9.47969675e-01 3.89570743e-01 8.12339544e-01
    3.01795781e-01 3.56723875e-01 3.80101353e-01 8.45015407e-01
    8.11781526e-01 6.05857372e-01 4.54722047e-01 4.61365104e-01
    6.27093434e-01 3.37754667e-01 8.68640542e-01 8.59202027e-01
    6.92974925e-01 4.55183387e-02 8.44540954e-01 9.62224603e-02
    4.60561365e-01 7.22829103e-01 4.72178400e-01 3.64015043e-01
    6.12834215e-01 3.41900319e-01 3.66935968e-01 5.50232768e-01
    2.63794124e-01 4.61314648e-01 9.65474665e-01 1.60236627e-01
    6.31270587e-01 5.67838788e-01 7.75540531e-01 6.37696803e-01
    2.06072688e-01 8.10954213e-01 1.00855947e-01 4.23400998e-02
    5.36909401e-01 6.96488440e-01 2.75314569e-01 9.06881988e-02
    2.78311968e-03 1.57707036e-01 9.50627387e-01 5.80302775e-01
    7.64375567e-01 6.38663650e-01 1.86932683e-02 2.96648026e-01
    8.78041625e-01 9.07598972e-01 8.47154498e-01 7.29049504e-01
    2.51357257e-02 6.83562279e-01 7.12733030e-01 3.57267857e-02
    2.24773556e-01 3.08951855e-01 9.29682374e-01 4.10437107e-01
    8.83579612e-01 6.14360929e-01 7.86019146e-01 7.95957386e-01
    2.61997730e-01 1.06579214e-01 2.60545909e-02 1.60103977e-01
    5.22029161e-01 3.25738698e-01 2.59687304e-02 4.24459964e-01
    5.74946523e-01 6.48496747e-02 5.47855616e-01 1.71292037e-01
    5.35169840e-01 1.83594823e-02 2.14133650e-01 5.81212521e-01
    9.41287756e-01 7.23192334e-01 3.85429800e-01 9.14915919e-01
    1.06427968e-02 5.61524332e-01 7.25234151e-01 1.83472037e-03
    4.61527765e-01 2.63263524e-01 1.95887119e-01 9.56405878e-01
    3.92635673e-01 2.18981206e-01 4.06444222e-01 6.87482238e-01
    6.16457283e-01 3.26111555e-01 1.10710263e-02 6.64831996e-01
    3.98697138e-01 5.74173748e-01 9.57937121e-01 6.32852972e-01
    6.21879399e-02 9.78595018e-01 8.09027255e-01 5.47847509e-01
    7.19192922e-02 9.68882740e-01 9.75327194e-01 7.44659185e-01
    6.82161450e-02 8.66212547e-01 9.82231021e-01 8.30760956e-01
    8.12086821e-01 8.24671209e-01 8.56384039e-01 2.23986685e-01
    3.47128630e-01 3.02104950e-02 7.67426610e-01 4.18057144e-01
    1.35844886e-01 7.59440958e-02 4.89041001e-01 6.75290942e-01
    2.64365643e-01 1.08200788e-01 3.19425762e-02 8.42531204e-01
    4.60607708e-01 5.63051164e-01 4.78610992e-01 1.35375082e-01
    8.46099496e-01 4.92105126e-01 2.03369021e-01 7.64083743e-01
    7.56967783e-01 1.27888471e-01 7.85768092e-01 6.85979962e-01
    6.87848151e-01 9.38422203e-01 3.03356171e-01 5.89963138e-01
    7.36536741e-01 3.39778960e-01 6.76381588e-01 7.99301505e-01
    2.71897972e-01 2.57072926e-01 7.25924373e-01 3.35504651e-01
    8.50062251e-01 9.74226892e-01 2.96003491e-01 2.69775271e-01
    8.79048407e-02 2.24913120e-01 4.90639418e-01 1.74569249e-01
    4.80304033e-01 7.02504933e-01 7.06959665e-02 6.99158072e-01
    5.26832461e-01 5.23968756e-01 8.73434365e-01 2.51232088e-01
    9.67774808e-01 8.20848465e-01 3.19097757e-01 9.45510268e-01
    2.41438150e-02 1.93726748e-01 7.07823575e-01 6.57182157e-01
    8.60256076e-01 7.00002909e-03 8.84743333e-01 2.77464509e-01
    6.58920288e-01 8.54686856e-01 7.35844135e-01 6.99992239e-01
    5.58760464e-01 8.29628110e-01 3.36615354e-01 6.64987862e-02
    1.38454765e-01 5.35812974e-03 9.59894538e-01 9.65764523e-02
    5.83508253e-01 9.43069458e-02 9.25967991e-01 3.84644747e-01
    6.31993055e-01 9.54266191e-02 5.35769701e-01 5.65286636e-01
    2.48965800e-01 1.42086834e-01 8.42837930e-01 4.34401780e-01
    5.52571952e-01 2.87960827e-01 8.67499113e-01 5.38539767e-01
    6.89540744e-01 6.38659000e-01 7.57407546e-01 1.37862384e-01
    4.13420796e-03 3.19533348e-02 4.06361818e-02 5.20704150e-01
    1.97760224e-01 8.30054402e-01 2.47602403e-01 1.66697502e-01
    9.24030781e-01 4.42185432e-01 2.02406079e-01 8.35805058e-01
    5.43304384e-01 3.66138279e-01 3.81386280e-01 9.29977894e-01
    1.65330172e-01 2.86223769e-01 5.72741449e-01 2.07699895e-01
    3.95160556e-01 1.64452910e-01 3.45211923e-02 8.12741041e-01
    7.31030524e-01 5.12218833e-01 7.91978121e-01 4.93267983e-01
    6.18277311e-01 1.44421995e-01 5.64834237e-01 4.22637910e-01
    5.46475530e-01 9.91005540e-01 9.73935962e-01 3.54024291e-01
    7.52693415e-01 8.10681283e-01 9.47205424e-02 3.68638039e-01
    1.90497160e-01 1.79128140e-01 7.11333334e-01 2.17505574e-01
    2.74150997e-01 2.79076278e-01 6.41553402e-01 1.72986388e-01
    6.52457714e-01 7.34681427e-01 8.67488503e-01 6.84733212e-01
    3.59722376e-02 5.91942132e-01 6.98930979e-01 4.19785172e-01
    5.70701241e-01 4.91456807e-01 9.78688240e-01 8.67797375e-01
    3.76350284e-01 9.70694125e-01 5.93120217e-01 9.13850784e-01
    2.04463542e-01 8.83153677e-01 5.91515899e-02 4.27637368e-01
    8.41812372e-01 5.15112579e-01 2.07353920e-01 3.57177436e-01
    7.42673039e-01 8.95230889e-01 3.40274692e-01 1.13631487e-02
    9.48910892e-01 1.53505206e-01 8.03264439e-01 5.50789654e-01
    3.05709660e-01 9.56723750e-01 7.92048991e-01 1.84462667e-02
    2.50613093e-01 6.10358417e-01 6.15866899e-01 8.15649629e-01
    6.50033057e-01 9.71559763e-01 6.11455679e-01 9.90278721e-01
    8.64457726e-01 1.37226462e-01 1.66960567e-01 4.81459498e-02
    3.87055039e-01 1.88781083e-01 7.05902338e-01 1.47269994e-01
    7.97140360e-01 5.88481307e-01 4.47738409e-01 9.84341025e-01
    3.66880715e-01 8.56062293e-01 6.93644524e-01 6.40670478e-01
    4.09628093e-01 7.41986334e-01 7.13904977e-01 5.26834369e-01
    2.81934708e-01 6.69619918e-01 4.55444872e-01 3.19469810e-01
    3.23067605e-01 3.30150396e-01 4.10793930e-01 2.56222337e-01
    1.10448748e-01 4.12390620e-01 5.52564561e-01 9.84888196e-01
    5.77645004e-01 3.04137230e-01 1.57748014e-01 5.00884831e-01
    7.44707346e-01 2.77941942e-01 4.95479405e-02 9.58178461e-01
    9.22891617e-01 1.91557437e-01 2.67152905e-01 5.57024181e-02
    3.39935303e-01 4.55043972e-01 7.91131139e-01 7.82880306e-01
    8.71849954e-02 3.07123005e-01 7.44395316e-01 7.56918669e-01
    4.45029795e-01 3.58334899e-01 2.72551477e-01 9.95603800e-01
    8.68324995e-01 4.28166032e-01 1.82688236e-01 9.55796480e-01
    9.84454513e-01 4.51490760e-01 4.86374825e-01 6.31699562e-01
    9.60946798e-01 7.72612691e-01 8.15789104e-02 5.72482765e-01
    9.15835261e-01 3.12930614e-01 2.43996978e-01 2.60156095e-01
    3.77920628e-01 5.08011639e-01 6.99923337e-02 3.21949422e-01
    1.10578775e-01 4.45332080e-01 1.25707477e-01 4.62436706e-01
    8.41640234e-01 7.38260984e-01 2.98960090e-01 7.80783415e-01
    4.73532349e-01 4.06298518e-01 8.45681787e-01 5.93714714e-02
    5.94708681e-01 6.72858775e-01 8.48860443e-01 8.26911032e-02
    8.90517592e-01 4.50696707e-01 1.32350624e-02 6.96942925e-01
    3.88632894e-01 8.40553999e-01 1.02477044e-01 6.39553726e-01
    1.94241464e-01 2.53684461e-01 4.65717494e-01 9.76074815e-01
    7.85460711e-01 7.32805073e-01 7.87140965e-01 8.38828981e-02
    4.20088232e-01 6.80134475e-01 8.27327728e-01 4.13189888e-01
    8.39638889e-01 9.18454409e-01 1.26904994e-01 1.29315436e-01
    8.39446187e-02 5.46591580e-02 3.91782224e-01 9.20649767e-01
    6.06533885e-01 6.90955639e-01 8.99710298e-01 9.34479237e-01
    2.20297337e-01 3.87317687e-01 2.15023071e-01 5.50892234e-01
    3.80239666e-01 3.26079249e-01 5.17545998e-01 3.05717289e-02
    5.72863519e-01 3.86535466e-01 1.14474803e-01 9.30023432e-01
    7.15305626e-01 1.80948377e-01 1.90368652e-01 4.34695989e-01
    7.64863610e-01 6.69607043e-01 9.82827783e-01 4.80001450e-01
    8.82402062e-01 9.37541544e-01 4.92036909e-01 5.44096828e-01
    1.86407030e-01 4.17939842e-01 7.38672018e-02 7.57571280e-01
    9.11094368e-01 2.40342647e-01 9.68418598e-01 7.94512868e-01
    5.51489711e-01 9.59969699e-01 4.34076309e-01 1.04431480e-01
    2.11557955e-01 6.99963450e-01 4.57152456e-01 6.48455858e-01
    3.26953590e-01 2.29334891e-01 5.37790656e-01 8.67991388e-01
    8.98294389e-01 4.93780613e-01 7.32410133e-01 2.52018869e-02
    4.07202363e-01 2.45440006e-03 4.37112451e-02 7.70756245e-01
    7.12470651e-01 9.73110795e-02 7.41171837e-02 6.58949971e-01
    5.99373639e-01 1.12847954e-01 4.02149588e-01 6.65680647e-01
    7.19192147e-01 1.84786886e-01 1.63266629e-01 6.29081130e-01
    6.93902552e-01 2.92485356e-02 9.73309577e-02 1.08972341e-01
    7.81138897e-01 9.81680453e-02 2.62803793e-01 4.31823939e-01
    7.76495337e-01 4.07900453e-01 7.99488008e-01 8.01108241e-01
    6.73215210e-01 5.45010507e-01 2.90297896e-01 1.46058500e-01
    4.88737941e-01 4.31770265e-01 5.43458700e-01 8.74853551e-01
    9.26072955e-01 3.56264234e-01 3.35511267e-01 9.46800590e-01
    3.78071547e-01 3.82182091e-01 6.27275944e-01 1.54830784e-01
    4.67411518e-01 4.82913673e-01 7.52245784e-01 7.60157228e-01
    6.33834720e-01 6.85266852e-01 5.58094084e-01 1.67867869e-01
    1.04719341e-01 3.67250979e-01 6.71553731e-01 3.78790051e-01
    5.97457767e-01 5.63276291e-01 1.80003256e-01 2.87805736e-01
    6.31767213e-01 1.29799128e-01 7.96302378e-01 1.25919729e-01
    4.02931958e-01 6.81244612e-01 7.58017182e-01 9.82908905e-01
    9.22158062e-01 4.57363546e-01 5.42926431e-01 8.76168847e-01
    1.87070817e-01 1.23003125e-02 4.68602508e-01 8.65334272e-01
    8.23806882e-01 6.00384176e-01 5.03090918e-01 7.68537998e-01
    3.17794085e-01 9.75468159e-01 2.40115643e-01 1.48460418e-01
    2.39965916e-01 3.32539022e-01 2.79588878e-01 9.50803995e-01
    4.71770465e-02 5.18843532e-02 9.64196086e-01 2.39665389e-01
    2.16048956e-03 9.12212431e-01 8.68447900e-01 7.88276851e-01
    9.14774418e-01 5.29206574e-01 7.24405050e-01 1.83767408e-01
    7.68251300e-01 4.85834360e-01 1.75848991e-01 6.47787690e-01
    1.60903573e-01 1.81006491e-02 2.09797621e-02 1.28882140e-01
    3.20421278e-01 3.15160751e-01 6.87295139e-01 6.00780785e-01
    2.65265226e-01 8.60481381e-01 2.73566902e-01 1.65272176e-01
    5.17411292e-01 2.90082127e-01 1.23096138e-01 3.98531526e-01
    9.57981288e-01 6.99554265e-01 7.94167101e-01 7.51326203e-01
    7.38018394e-01 2.48524815e-01 5.86610198e-01 7.65524387e-01
    5.58270931e-01 2.25411624e-01 2.75420725e-01 1.26657784e-02
    7.44126976e-01 5.08887112e-01 1.60010546e-01 6.87091112e-01
    3.23156685e-01 6.41412675e-01 6.80972397e-01 6.30301774e-01
    6.84717596e-01 4.19327378e-01 1.00188643e-01 1.14645988e-01
    7.44863689e-01 1.26959890e-01 9.43254173e-01 2.60396779e-01
    8.25625777e-01 8.35397124e-01 8.39419425e-01 1.30247384e-01
    2.63563991e-01 4.44949597e-01 1.81012422e-01 2.52281040e-01
    6.82137847e-01 5.49722910e-01 5.88188648e-01 8.61773670e-01
    3.02991211e-01 7.01637387e-01 1.32272631e-01 3.42343062e-01
    8.68353486e-01 9.68832731e-01 1.59158319e-01 2.42031217e-01
    3.40850890e-01 4.59008962e-01 2.39451915e-01 9.90301967e-01
    5.24565816e-01 8.86646211e-01 7.83220410e-01 2.56674767e-01
    6.78389370e-02 2.12329865e-01 3.09988558e-02 9.72667634e-02
    2.30145037e-01 3.37132543e-01 7.52600729e-02 3.52673829e-01
    9.56746995e-01 5.84556699e-01 7.22407401e-01 6.31862223e-01
    6.91136956e-01 1.14371181e-02 2.31796831e-01 3.40973228e-01
    1.74420685e-01 2.83780396e-02 5.97598255e-01 3.76892388e-02
    2.30084181e-01 2.11146772e-02 8.48852754e-01 6.89336300e-01
    7.11767375e-01 4.48397398e-02 3.03029120e-02 6.87952042e-01
    6.66077316e-01 1.43171549e-01 1.37497187e-02 4.64941978e-01
    5.16581237e-01 4.95819539e-01 9.76693511e-01 1.00939155e-01
    8.57589602e-01 3.13682199e-01 8.46192837e-01 5.70065081e-02
    1.59646630e-01 3.75642598e-01 9.25802410e-01 4.75750566e-01
    9.86048460e-01 7.39257932e-02 9.16137218e-01 1.67282790e-01
    4.15813982e-01 9.18704629e-01 4.99348164e-01 2.50864744e-01
    9.79671896e-01 7.09837317e-01 5.97687542e-01 5.22574246e-01
    6.15633249e-01 8.10885906e-01 8.11759830e-02 4.05013740e-01
    4.89571899e-01 1.39283866e-01 9.64760125e-01 3.48311752e-01
    8.87490749e-01 8.32214057e-01 1.77208841e-01 3.61522734e-01
    7.31815279e-01 4.67611790e-01 6.01435483e-01 3.84460628e-01
    8.90174747e-01 2.77967900e-01 5.35235107e-02 2.66005397e-01
    5.12225509e-01 8.02917659e-01 3.94187212e-01 1.87698305e-02
    6.53244317e-01 5.60316324e-01 7.86288679e-02 7.11251378e-01
    4.24965858e-01 2.88896263e-02 8.22001219e-01 3.90182495e-01
    5.90747535e-01 3.31703365e-01 3.50204051e-01 8.68669987e-01
    4.86280829e-01 1.41258180e-01 2.91350245e-01 4.63808566e-01
    5.98648787e-02 2.91318029e-01 1.91670150e-01 5.43921113e-01
    3.16418171e-01 4.40294147e-01 1.35896564e-01 7.45091438e-02
    6.14849448e-01 1.59772694e-01 3.00271451e-01 8.37907434e-01
    3.40265930e-01 8.90288472e-01 2.11812913e-01 2.89437354e-01
    5.51992357e-02 5.93892336e-01 5.00143468e-01 7.55895853e-01
    3.96467894e-01 9.02299047e-01 6.86361909e-01 1.47974133e-01
    7.27746785e-02 3.54332149e-01 2.45000213e-01 3.47816557e-01
    5.41710138e-01 8.71790230e-01 3.33049595e-01 7.83568084e-01
    5.44032633e-01 7.07712889e-01 1.02941424e-01 4.79895592e-01
    5.86237013e-01 8.86609435e-01 9.80579376e-01 7.48546183e-01
    7.09337294e-01 4.28815067e-01 1.68708920e-01 7.77611852e-01
    1.03275746e-01 5.75244725e-01 1.25357747e-01 6.74092233e-01
    8.46367836e-01 8.84815693e-01 5.96333623e-01 2.20309287e-01
    7.35158324e-01 2.66555011e-01 9.76848900e-02 4.05402064e-01
    8.94197762e-01 6.10785067e-01 2.33584166e-01 8.80570889e-01
    7.20921695e-01 2.72278845e-01 1.66156620e-01 7.53866673e-01
    7.87484646e-01 6.76081717e-01 7.42172897e-01 7.92801261e-01
    6.52309477e-01 4.78271008e-01 8.52252781e-01 2.33786374e-01
    5.97763062e-01 5.61780751e-01 8.55200529e-01 1.93074077e-01
    7.21855283e-01 1.43678635e-01 5.36805391e-01 2.42238820e-01
    6.91867650e-01 9.03765082e-01 1.89702034e-01 3.14022899e-01
    4.47283953e-01 2.49141365e-01 4.09318835e-01 8.13357353e-01
    9.07872796e-01 5.79796791e-01 3.48780394e-01 4.73582745e-03
    7.40705907e-01 1.17973357e-01 9.38828349e-01 7.22337842e-01
    9.28893924e-01 7.30399728e-01 3.84649038e-02 2.16687918e-02
    6.13452554e-01 5.42709053e-01 5.59313178e-01 8.72044444e-01
    2.02935666e-01 7.13571012e-02 2.25710541e-01 3.30177754e-01
    9.67064619e-01 1.95699960e-01 3.71279716e-01 3.83449197e-01
    2.70297438e-01 7.07681358e-01 8.82747889e-01 3.37045580e-01
    5.74426949e-02 1.23584777e-01 6.46776855e-01 9.75597382e-01
    6.75540924e-01 7.08226800e-01 2.02284515e-01 8.61199141e-01
    8.99107456e-01 6.42578363e-01 5.60960174e-01 8.88032317e-02
    4.12001431e-01 3.39370430e-01 3.38469446e-01 8.37434232e-01
    7.34332681e-01 1.88407391e-01 4.39730078e-01 4.07820880e-01
    1.11394823e-02 6.62793040e-01 3.55692446e-01 2.62676954e-01
    5.67537904e-01 4.46338564e-01 8.67881775e-01 6.14825130e-01
    2.38736480e-01 4.70765769e-01 8.06962311e-01 9.06482100e-01
    9.78095829e-02 1.68752670e-02 1.18857652e-01 3.71084630e-01
    5.04203320e-01 2.96173483e-01 7.41086483e-01 5.72945297e-01
    7.89547443e-01 7.33771503e-01 9.41882133e-01 3.23635995e-01
    7.92511582e-01 3.90610993e-02 9.31602716e-01 6.65880322e-01
    7.45541811e-01 4.82172459e-01 7.15745926e-01 5.04387975e-01
    5.28218091e-01 9.25224066e-01 8.99403751e-01 6.30908906e-02
    3.87070924e-01 9.47734594e-01 3.67606789e-01 5.00746965e-02
    9.21573579e-01 8.11692894e-01 8.21951866e-01 4.08521295e-02
    4.51087952e-01 7.40842938e-01 7.32056856e-01 7.07476676e-01
    6.02163851e-01 9.56071973e-01 9.10225749e-01 2.62682199e-01
    3.48089427e-01 2.15522945e-01 2.32929617e-01 5.79455197e-02
    2.11124778e-01 8.52682948e-01 1.80697560e-01 4.62453753e-01
    7.10653245e-01 9.87144470e-01 7.19413817e-01 1.28741205e-01
    1.70365334e-01 3.42906117e-02 1.40359551e-01 1.70553714e-01
    6.32003307e-01 9.33454037e-01 6.72090232e-01 7.99840629e-01
    1.29204094e-01 4.84305859e-01 8.22987676e-01 5.80588281e-02
    1.16293579e-01 3.33595097e-01 5.56895077e-01 8.86218667e-01
    7.65912831e-02 1.97274327e-01 2.26534247e-01 1.71321929e-02
    9.07616496e-01 5.36966383e-01 1.55728996e-01 9.34751630e-01
    9.64028478e-01 2.86209702e-01 5.16133368e-01 6.03465319e-01
    7.10151732e-01 3.82024229e-01 5.00657678e-01 3.98895741e-01
    6.17750764e-01 7.11304367e-01 4.67178226e-03 5.25907993e-01
    5.31110168e-01 2.92154849e-01 8.99235129e-01 7.03534067e-01
    6.53901398e-01 2.16502935e-01 8.58974814e-01 3.70148063e-01
    3.60808522e-01 1.12200230e-01 7.18851089e-01 7.04376221e-01
    3.76075000e-01 2.18402773e-01 5.67888677e-01 2.26188064e-01
    5.89039922e-01 2.45276988e-02 9.42847967e-01 9.43198204e-01
    9.13907766e-01 1.33611262e-02 1.36624575e-02 7.25596607e-01
    6.28456473e-03 7.50417233e-01 6.31528497e-01 3.46474528e-01
    6.02856278e-01 2.73152739e-01 8.85915339e-01 1.34112775e-01
    8.18637013e-03 6.88193798e-01 3.24717402e-01 5.39911032e-01
    4.40580696e-01 4.52713072e-02 3.39774311e-01 9.06177521e-01
    7.09824681e-01 5.23365438e-01 6.73622072e-01 2.15865850e-01
    7.92044997e-02 2.87746191e-01 8.44884634e-01 2.91223705e-01
    1.47673339e-01 5.14534116e-01 7.09067643e-01 4.01751757e-01
    4.54420120e-01 2.04842985e-02 8.51182699e-01 6.01809919e-01
    9.35596943e-01 5.04268408e-01 7.40350008e-01 6.39653921e-01
    6.71348989e-01 3.00246119e-01 8.60286593e-01 5.57082534e-01
    1.44861817e-01 8.55083108e-01 2.49259621e-01 1.43202066e-01
    9.90956426e-01 7.71701276e-01 9.23244417e-01 4.04160917e-01
    4.24205989e-01 7.46179044e-01 3.02329361e-01 1.83999062e-01
    6.44707561e-01 8.66571367e-02 1.69571131e-01 9.03576136e-01
    1.99438483e-01 9.51795101e-01 8.77628684e-01 7.72307336e-01
    2.17046469e-01 3.39059085e-01 5.73565841e-01 2.43276596e-01
    6.84728861e-01 2.92931587e-01 3.48924845e-01 5.84545851e-01
    5.55416107e-01 3.36491644e-01 8.34582090e-01 8.94681573e-01
    4.64547873e-02 7.09144175e-02 2.33015835e-01 6.85959041e-01
    5.12365520e-01 2.23888814e-01 4.46841359e-01 5.70392728e-01
    9.14388776e-01 3.40733171e-01 4.86877263e-01 1.58575773e-02
    7.36869216e-01 2.88957149e-01 9.48260665e-01 1.80321455e-01
    6.52993202e-01 2.81369030e-01 5.32297730e-01 6.08244359e-01
    7.43897438e-01 4.69012260e-02 4.83889580e-01 9.53950286e-01
    3.87610853e-01 5.00275612e-01 8.92418742e-01 1.40692294e-02
    9.64449167e-01 4.12550569e-01 5.85032165e-01 7.02998042e-02
    9.40736294e-01 8.75804007e-01 7.43245006e-01 6.88620269e-01
    6.49045825e-01 1.95956498e-01 3.60989571e-01 7.39204824e-01
    5.37708521e-01 7.39327669e-02 7.53983319e-01 4.15057659e-01
    9.60665464e-01 1.91727877e-02 3.80207598e-01 7.82690167e-01
    5.54982543e-01 5.12680769e-01 2.28641957e-01 7.32117474e-01
    1.17889047e-01 3.89779627e-01 4.31636274e-02 7.29967475e-01
    5.19395292e-01 6.14577115e-01 4.51728404e-02 7.06024230e-01
    9.04588819e-01 6.50488257e-01 7.13436484e-01 5.04256487e-02
    3.36668074e-01 9.85710204e-01 6.63747907e-01 3.60274494e-01
    1.61243647e-01 5.72563231e-01 1.09713554e-01 8.48344088e-01
    4.72876370e-01 2.72993535e-01 5.28805971e-01 3.74376237e-01
    3.96126330e-01 8.63161683e-02 3.54898214e-01 8.50004554e-01
    6.12250328e-01 9.44484711e-01 7.21889317e-01 9.49938774e-01
    3.95811975e-01 8.35755229e-01 3.43432337e-01 3.19309771e-01
    3.95780802e-01 5.15514433e-01 7.95068383e-01 6.17949069e-02
    1.25255466e-01 7.12699592e-01 5.83934128e-01 6.79844856e-01
    5.72856843e-01 5.57603598e-01 1.53534025e-01 8.38648081e-01
    9.36613798e-01 4.51365888e-01 4.63980794e-01 5.49121201e-01
    4.39775437e-01 2.44220436e-01 9.85952914e-01 6.98387384e-01
    7.34085500e-01 9.95517731e-01 6.22229517e-01 3.15347016e-02
    2.51419783e-01 4.04498935e-01 7.58792400e-01 6.83951378e-03
    6.82014823e-01 7.70539165e-01 6.73953295e-01 5.18818259e-01
    7.70462632e-01 5.59303820e-01 1.26069397e-01 5.16171932e-01
    5.29459953e-01 6.66325688e-01 8.78500700e-01 2.03074783e-01
    5.93932629e-01 7.18330979e-01 4.78401631e-01 4.21427131e-01
    1.64474964e-01 5.21080196e-01 6.67556405e-01 8.79444778e-02
    5.39828122e-01 9.17608142e-01 4.92945552e-01 1.09058768e-01
    4.04621542e-01 2.46985853e-01 1.34701639e-01 6.30815804e-01
    1.05205685e-01 6.94659054e-01 4.57246572e-01 9.67461765e-02
    2.73689866e-01 2.33710200e-01 1.43999815e-01 2.54523575e-01
    3.21509957e-01 3.25527787e-02 7.22189546e-01 2.21554399e-01
    2.62377113e-01 4.34049219e-01 3.76031518e-01 4.17951941e-01
    7.33537018e-01 4.80251312e-02 7.21581578e-02 1.24491781e-01
    9.78620768e-01 6.82040095e-01 5.18372416e-01 7.21436918e-01
    3.46759856e-02 8.68147612e-01 2.05341995e-01 7.35994518e-01
    8.36870909e-01 7.32071340e-01 1.84589952e-01 2.90499032e-02
    3.98658603e-01 4.27460194e-01 7.10366547e-01 4.59183693e-01
    5.80596328e-02 7.43447959e-01 1.40627563e-01 7.28773594e-01
    8.77127230e-01 9.43323016e-01 1.86233759e-01 7.75177360e-01
    6.34952188e-02 7.13865519e-01 9.23451662e-01 5.40417731e-01
    8.82721663e-01 1.40112042e-02 7.88476467e-01 1.96116477e-01
    3.41139972e-01 6.03401959e-01 4.87124771e-01 5.08756101e-01
    4.00526822e-01 4.56634164e-01 3.52229178e-02 2.11242110e-01
    2.70639300e-01 7.26489127e-02 7.54258931e-01 4.60975230e-01
    4.54607010e-01 6.55933082e-01 7.95852840e-02 8.71924043e-01
    4.25625265e-01 7.13653743e-01 3.55812967e-01 4.84714389e-01
    8.25012207e-01 8.12388062e-01 2.42874861e-01 9.08768654e-01
    6.54369652e-01 9.00961101e-01 2.22326815e-01 6.33684039e-01
    5.81094742e-01 7.78559685e-01 8.59451056e-01 3.39301825e-02
    5.41347444e-01 4.05329764e-01 6.16207540e-01 2.80860364e-01
    1.02734089e-01 4.09368843e-01 3.51384759e-01 9.33790684e-01
    9.56988573e-01 2.05810964e-01 9.49739575e-01 4.57459301e-01
    5.60365975e-01 8.51474702e-02 3.56859982e-01 6.37855232e-01
    2.67181754e-01 3.87183011e-01 8.86579394e-01 7.81335115e-01
    5.70760131e-01 4.13195491e-01 8.66375566e-01 1.22001708e-01
    9.24851775e-01 5.13967335e-01 4.71612394e-01 6.61789298e-01
    7.42917955e-01 9.31867123e-01 4.48835909e-01 4.68237877e-01
    7.47634470e-01 5.43452740e-01 8.12996507e-01 7.94549406e-01
    8.16553712e-01 5.53325534e-01 8.23295891e-01 3.60265374e-02
    3.83945644e-01 8.23000669e-01 7.60262787e-01 4.57111329e-01
    9.50350881e-01 5.05083025e-01 3.20826948e-01 9.00128186e-02
    1.63168341e-01 6.01317048e-01 8.86857092e-01 8.84685516e-01
    7.48558640e-01 5.44810772e-01 7.91867733e-01 7.71432757e-01
    2.38861442e-01 8.18626523e-01 7.24100828e-01 4.16798294e-01
    7.12898970e-02 1.66313440e-01 8.56216192e-01 5.45299768e-01
    5.81297278e-03 7.06784725e-01 9.38388705e-01 5.31121850e-01
    8.06698203e-03 1.51383728e-01 7.37227798e-02 6.45106077e-01
    5.88323116e-01 5.20121455e-01 3.22405726e-01 1.46792948e-01
    3.86467516e-01 7.64756143e-01 6.47330403e-01 4.67787683e-02
    6.27281785e-01 6.68240726e-01 1.53522581e-01 8.89638126e-01
    3.53708923e-01 1.69113278e-01 3.06124449e-01 2.67586112e-03
    6.20453715e-01 6.61197901e-01 3.16500068e-02 1.30269021e-01
    9.65846777e-01 6.41026735e-01 6.37417257e-01 5.63407362e-01
    1.56199932e-03 2.67615497e-01 7.44914711e-01 2.56766558e-01
    1.00078791e-01 7.52972066e-02 7.43418336e-01 4.30785656e-01
    6.35609031e-01 2.87156761e-01 5.45716345e-01 1.15840942e-01
    8.56429815e-01 8.22373927e-01 7.15039372e-02 7.99888968e-01
    2.64252245e-01 9.79548573e-01 1.59606218e-01 6.68629110e-01
    6.10112190e-01 4.69940424e-01 8.25391054e-01 8.53114247e-01
    8.69856477e-01 1.30193025e-01 4.14781064e-01 7.68211067e-01
    8.80663693e-01 7.88570285e-01 6.48942292e-02 6.57357752e-01
    5.92849612e-01 8.46182406e-01 6.89348221e-01 8.66777658e-01
    5.78140378e-01 4.88051236e-01 9.19403672e-01 4.50826049e-01
    4.66489822e-01 3.87464315e-01 2.59816855e-01 9.30173397e-02
    2.80284852e-01 4.52628314e-01 1.61276221e-01 7.95201898e-01
    4.15309429e-01 4.90336627e-01 8.28131795e-01 8.19819927e-01
    3.60973477e-01 7.63380170e-01 1.20213360e-01 7.48139739e-01
    6.36454582e-01 2.47629285e-02 9.48510468e-01 7.87954926e-01
    7.39891529e-01 3.31862867e-02 7.69004881e-01 7.48167038e-01
    1.57872856e-01 6.90815985e-01 2.32680589e-01 2.52967179e-02
    7.72594452e-01 4.69044536e-01 7.80468106e-01 3.83568227e-01
    9.84801412e-01 2.93276310e-01 1.76703990e-01 2.00215191e-01
    5.74601412e-01 7.86675513e-01 4.74137694e-01 3.89540792e-01
    5.38352549e-01 9.86053586e-01 2.20686525e-01 8.31083953e-02
    3.09492707e-01 2.87225068e-01 4.10061717e-01 4.50156659e-01
    2.75282443e-01 5.75103879e-01 2.29232043e-01 3.53692532e-01
    8.90914500e-01 2.45087296e-01 1.26815438e-02 4.18205231e-01
    2.76333928e-01 9.96234298e-01 2.51307964e-01 6.51371479e-01
    7.91506410e-01 1.67342424e-01 5.08918464e-01 5.35405636e-01
    6.55021250e-01 5.35666943e-02 2.32750207e-01 3.98633868e-01
    2.02041656e-01 6.33313477e-01 3.54098856e-01 7.81186581e-01
    9.95217443e-01 5.03958583e-01 5.96804738e-01 9.84542847e-01
    9.96703744e-01 3.78227830e-02 4.35874164e-02 4.36019182e-01
    6.32469416e-01 6.09790742e-01 1.30908191e-01 9.59928989e-01
    9.74608362e-01 6.20084703e-01 8.91995966e-01 9.58405733e-01
    6.45584404e-01 4.74065363e-01 1.48825079e-01 4.04194534e-01
    7.46398211e-01 8.79134119e-01 3.93662065e-01 9.92415130e-01
    8.29939008e-01 2.63305604e-01 9.99522328e-01 1.42632157e-01
    9.09168720e-01 5.64006865e-02 1.69495136e-01 9.65924561e-01
    6.48124874e-01 5.35495162e-01 6.03158534e-01 3.29533815e-02
    5.13683558e-01 2.15724647e-01 6.81723058e-01 5.86067080e-01
    1.93520606e-01 6.67356789e-01 4.19473618e-01 3.09592903e-01
    6.84602737e-01 3.95516276e-01 9.99573350e-01 3.12206388e-01
    7.29351342e-02 9.75979328e-01 7.45278299e-02 9.33185697e-01
    4.41550463e-01 2.63599634e-01 6.33566380e-01 6.09991312e-01
    4.41142976e-01 4.39100116e-01 2.91388601e-01 4.20873106e-01
    1.04400218e-02 7.00064838e-01 8.60128045e-01 3.45198572e-01
    1.03427976e-01 1.15718454e-01 5.70382595e-01 8.59835505e-01
    1.27686977e-01 8.57600331e-01 1.52111918e-01 7.35319793e-01
    1.81669891e-02 3.13742340e-01 2.90895909e-01 9.00156975e-01
    1.88999236e-01 5.58105648e-01 2.97365099e-01 6.38627052e-01
    7.80641735e-01 2.97853351e-03 8.11627984e-01 6.52091980e-01
    2.58551180e-01 3.82226706e-02 2.97526658e-01 2.61538923e-02
    9.75605965e-01 6.35307610e-01 8.55522096e-01 6.55552745e-02
    6.96314454e-01 6.97948098e-01 4.22920763e-01 5.34179151e-01
    3.96266460e-01 8.76030564e-01 6.04669809e-01 1.40824229e-01
    1.12542003e-01 3.03355157e-01 7.59501755e-01 4.11862940e-01
    6.80287242e-01 8.56842339e-01 8.92284095e-01 2.90761232e-01
    5.69877326e-02 5.95187843e-01 6.19108617e-01 7.95858502e-02
    9.77150202e-01 7.87998796e-01 7.02758908e-01 1.75578326e-01
    6.65688634e-01 7.10833788e-01 1.21105224e-01 6.70191050e-01
    9.08833623e-01 8.08080316e-01 2.10279524e-02 7.81394064e-01
    9.14223790e-01 9.04256821e-01 9.90206718e-01 8.30281138e-01
    9.97526765e-01 8.78170967e-01 1.01341456e-01 5.47142804e-01
    7.68448949e-01 3.84137362e-01 6.22174144e-01 9.88360286e-01
    4.32463527e-01 4.04501587e-01 8.61926258e-01 9.33682323e-01
    3.70145679e-01 2.88128316e-01 5.83018959e-01 9.96390104e-01
    2.37654388e-01 6.06904924e-01 1.08389258e-02 2.48576462e-01
    4.30487096e-01 1.44071400e-01 5.13406634e-01 3.76099646e-01
    9.01726663e-01 7.37094939e-01 1.30166620e-01 9.92051899e-01
    6.40812039e-01 3.20029855e-02 5.17958462e-01 9.90737855e-01
    6.50887132e-01 8.59590769e-01 3.56062293e-01 2.33590901e-02
    6.28868639e-01 1.17069095e-01 5.66850126e-01 7.69479871e-01
    3.73754650e-01 5.10069489e-01 8.71675134e-01 2.77669430e-02
    3.89364958e-02 4.20420945e-01 4.63974535e-01 7.63522029e-01
    7.32562125e-01 7.37826824e-02 4.96723056e-02 6.01278841e-01
    5.12917459e-01 4.82574075e-01 4.29136872e-01 8.90491843e-01
    8.87881756e-01 9.25109088e-01 9.82925296e-01 1.41265899e-01
    3.22990507e-01 2.73995578e-01 2.06995100e-01 2.70256341e-01
    3.60708207e-01 9.32114124e-01 6.50032461e-02 9.13326144e-02
    8.71448517e-01 6.48917079e-01 4.19379652e-01 9.11531806e-01
    3.84060025e-01 5.54045975e-01 9.00961757e-01 2.45711297e-01
    7.76841640e-02 2.03241855e-01 6.60667121e-02 6.67814255e-01
    5.56675196e-02 2.83009112e-02 1.12565666e-01 5.53308666e-01
    6.13511443e-01 6.61673188e-01 4.85480219e-01 5.03632784e-01
    8.49179685e-01 6.18413985e-02 3.41220200e-01 2.20226943e-02
    5.18439353e-01 5.49422801e-02 9.96606290e-01 3.35875362e-01
    7.28240728e-01 5.67577600e-01 4.40653354e-01 2.43528485e-02
    1.77241534e-01 9.33872223e-01 7.27031291e-01 8.11396778e-01
    8.64939690e-01 8.53919983e-01 4.27151948e-01 8.14840615e-01
    7.83389211e-01 5.25438964e-01 3.23051214e-03 2.83197284e-01
    8.73706937e-01 2.22410291e-01 5.88654160e-01 2.17359722e-01
    5.09432673e-01 2.80278504e-01 4.87172365e-01 9.16834474e-02
    4.10451055e-01 2.83064842e-01 5.87424040e-02 1.00197256e-01
    6.95312142e-01 4.26382154e-01 2.06291378e-01 2.20073521e-01
    5.01909971e-01 6.33500218e-01 4.82093692e-01 6.10449672e-01
    4.71970260e-01 3.14333349e-01 3.12240660e-01 9.93281245e-01
    9.37585533e-02 9.62631226e-01 6.61493301e-01 5.23960531e-01
    5.03424764e-01 4.10048604e-01 2.47950077e-01 6.46837592e-01
    5.60410202e-01 5.95328152e-01 2.73539990e-01 9.62424517e-01
    8.95538509e-01 9.58077192e-01 6.04176879e-01 9.52610791e-01
    5.59036493e-01 1.88104689e-01 9.31056380e-01 4.12033290e-01
    7.14287400e-01 2.95245826e-01 2.85687804e-01 7.78621793e-01
    8.49241853e-01 3.73958945e-02 8.55315804e-01 6.42086327e-01
    6.30347252e-01 6.93400800e-01 6.89867675e-01 5.99241912e-01
    5.14566362e-01 1.63149387e-01 9.71138954e-01 4.43267077e-01
    2.62195647e-01 9.97425079e-01 3.90223265e-02 3.36654186e-02
    6.71856523e-01 5.55423737e-01 8.72999430e-01 2.99656034e-01
    6.44198656e-01 6.92700863e-01 4.99026477e-02 3.13108534e-01
    2.62848854e-01 9.21126068e-01 8.16237450e-01 7.97277212e-01
    3.96851897e-02 4.83354419e-01 2.21443921e-01 2.45048136e-01
    7.46919394e-01 3.25050205e-01 3.79533470e-02 7.70951867e-01
    4.33895290e-01 4.89945620e-01 6.80711448e-01 7.65390694e-02
    7.31978774e-01 8.22583139e-01 4.62563038e-02 2.94097424e-01
    7.60458350e-01 9.12827432e-01 7.86835194e-01 7.15205669e-01
    1.12731606e-01 6.74104691e-01 6.42791927e-01 5.70594788e-01
    4.51618761e-01 1.80774122e-01 8.17282557e-01 4.61687267e-01
    8.27939153e-01 5.32787561e-01 2.85646379e-01 1.34162486e-01
    1.94853544e-02 5.03700674e-01 2.97553927e-01 2.86852717e-02
    1.48882538e-01 3.90944034e-01 4.00961697e-01 4.14648831e-01
    1.42453998e-01 5.83205879e-01 9.18686390e-03 4.48260635e-01
    7.22651839e-01 6.87400997e-01 7.73302436e-01 9.78518486e-01
    2.36712962e-01 2.76793331e-01 8.54365528e-02 9.65960622e-01
    8.81088138e-01 7.83622622e-01 5.39712906e-02 6.96846545e-02
    4.72278237e-01 6.49329066e-01 8.11602056e-01 8.48485529e-02
    6.47599578e-01 4.77968186e-01 9.82838988e-01 3.57371449e-01
    3.86270046e-01 5.60185134e-01 3.25733483e-01 6.30883574e-02
    6.69619799e-01 6.54496193e-01 3.63344610e-01 8.50770473e-01
    6.78034782e-01 8.00919890e-01 9.43385720e-01 1.65460348e-01
    5.22713542e-01 4.26009715e-01 3.00346315e-02 8.31224442e-01
    7.21855760e-01 1.98921293e-01 3.47412229e-02 9.40463781e-01
    3.64786506e-01 2.43978262e-01 3.78782034e-01 3.20443213e-02
    7.35645175e-01 2.74417698e-01 6.61666930e-01 2.79264927e-01
    5.36973834e-01 7.44029582e-02 8.95533741e-01 9.25156593e-01
    6.63278580e-01 9.33263958e-01 9.96661603e-01 2.08605617e-01
    6.81850731e-01 3.09723377e-01 3.72935653e-01 9.39714313e-01
    3.67792726e-01 2.92571783e-01 7.38269508e-01 9.33770299e-01
    6.81541741e-01 7.01996386e-01 3.67825419e-01 3.90187532e-01
    1.63125634e-01 1.18714213e-01 6.19936585e-01 9.47380006e-01
    1.97800636e-01 7.27635682e-01 4.49914545e-01 6.90735698e-01
    3.23096275e-01 2.72018909e-01 2.14712024e-01 6.14061356e-01
    1.26323104e-02 4.04381990e-01 6.07388616e-02 1.39190733e-01
    9.67646003e-01 4.54167932e-01 1.94892138e-01 9.02779698e-01
    3.29419374e-01 9.49298024e-01 2.63844371e-01 1.55322522e-01
    6.70260191e-03 8.05125594e-01 1.76996887e-01 6.99913144e-01
    2.89625645e-01 2.28081822e-01 1.32672220e-01 6.43788815e-01
    8.44941139e-01 6.10925913e-01 7.30596125e-01 7.41906881e-01
    9.94676948e-01 7.29793251e-01 1.15401447e-01 4.12566185e-01
    8.47512364e-01 2.91180134e-01 3.04408640e-01 4.63435948e-02
    7.53090978e-02 8.46906662e-01 1.05965763e-01 8.16976488e-01
    5.43298960e-01 8.75057936e-01 6.59183383e-01 9.99110579e-01
    2.29507655e-01 5.40812254e-01 5.29686689e-01 7.60540009e-01
    1.75050139e-01 1.75968081e-01 2.43501872e-01 3.32962275e-02
    3.56397420e-01 8.95816803e-01 4.68939900e-01 8.03478241e-01
    5.93730092e-01 1.85814679e-01 7.67916322e-01 9.81104374e-03
    8.19128335e-01 8.17655206e-01 5.90815663e-01 2.43899852e-01
    2.69313186e-01 3.56744230e-01 1.16342247e-01 2.77882874e-01
    8.80657554e-01 8.42065334e-01 9.35961843e-01 2.77572572e-02
    5.92924237e-01 7.53876567e-01 2.75473684e-01 5.52422523e-01
    8.72720003e-01 4.32480335e-01 9.95832503e-01 8.10452938e-01
    7.22249448e-01 5.16060591e-01 6.74361050e-01 4.54355180e-02
    8.39955926e-01 6.32549405e-01 5.94194651e-01 6.68132424e-01
    9.20385957e-01 2.54663825e-03 6.81092203e-01 5.43346941e-01
    8.25695276e-01 5.46627641e-01 7.21969247e-01 4.24031854e-01
    9.49667573e-01 8.71111095e-01 6.40943944e-02 9.80787873e-02
    6.90191627e-01 8.78073692e-01 8.97712290e-01 6.64667547e-01
    4.48161840e-01 1.36169195e-02 8.24286580e-01 3.45141560e-01
    3.55652928e-01 8.51782262e-01 7.04311013e-01 7.77229428e-01
    5.67239761e-01 7.92000890e-01 4.87767249e-01 2.62180448e-01
    1.13958687e-01 7.05773830e-02 1.84575886e-01 4.97238219e-01
    8.55777264e-02 2.97645807e-01 4.56357867e-01 2.24537998e-01
    2.43252188e-01 2.25249887e-01 9.43119764e-01 5.23990393e-01
    2.50569940e-01 3.19122434e-01 5.36895931e-01 3.97886038e-02
    4.62748826e-01 5.85326552e-01 4.64532763e-01 1.69904590e-01
    1.32598341e-01 9.83845711e-01 4.08124357e-01 9.48253512e-01
    8.84776294e-01 2.89191008e-02 6.47977531e-01 3.12453210e-02
    7.92887330e-01 8.94819081e-01 2.01732397e-01 8.11117828e-01
    4.81635034e-02 2.04580903e-01 2.13131070e-01 3.47088218e-01
    7.50508070e-01 1.04007512e-01 5.15594661e-01 3.34173322e-01
    6.28105938e-01 1.86455160e-01 1.99488372e-01 9.55321312e-01
    3.07270765e-01 7.04452395e-01 6.91321731e-01 8.99486542e-01
    1.51242584e-01 7.91284561e-01 6.12150073e-01 7.77379870e-01
    9.78562474e-01 3.95755440e-01 7.07373798e-01 2.12702960e-01
    8.35944772e-01 6.17969334e-02 1.91122234e-01 8.77584934e-01
    1.09592140e-01 7.42529988e-01 6.20889664e-03 5.53464413e-01
    1.56238675e-02 2.47198999e-01 4.04822469e-01 7.83402920e-01
    3.17906201e-01 6.46647215e-01 5.93617857e-01 8.52811575e-01
    3.52064669e-02 8.62107337e-01 8.29740524e-01 7.29530811e-01
    8.40974271e-01 5.66877484e-01 9.70728755e-01 8.79336894e-02
    5.63746572e-01 4.41173792e-01 1.05198920e-01 5.28727472e-01
    6.62348390e-01 6.16765618e-02 6.20492339e-01 1.01857454e-01
    8.44410121e-01 2.61607111e-01 7.76579022e-01 2.82855630e-02
    1.15268379e-01 4.57313955e-02 3.15994322e-01 5.71387351e-01
    6.61087275e-01 6.18517995e-02 9.10312772e-01 3.87991607e-01
    4.91594106e-01 1.61554575e-01 6.62319362e-01 9.69254494e-01
    1.36574388e-01 4.41306889e-01 4.57583666e-02 9.15668964e-01
    4.39211041e-01 1.19091928e-01 2.08975375e-02 9.30312932e-01
    8.75150204e-01 6.89023018e-01 8.45048547e-01 4.74878013e-01
    3.99001479e-01 9.34142232e-01 2.31850237e-01 5.44027865e-01
    8.78444970e-01 7.82477558e-01 5.89623094e-01 9.15641427e-01
    6.65295660e-01 3.35008681e-01 2.27415979e-01 9.10394430e-01
    3.42718780e-01 6.12795353e-01 5.17414033e-01 3.55476022e-01
    5.50589561e-01 7.49787211e-01 1.57890439e-01 3.13228607e-01
    2.29672074e-01 9.83512521e-01 2.70034254e-01 8.68046045e-01
    2.05204397e-01 6.84921801e-01 2.10868835e-01 3.23005319e-02
    2.67493069e-01 8.28724921e-01 3.04756492e-01 4.38110739e-01
    4.67126876e-01 4.72848833e-01 7.82371402e-01 9.27371085e-02
    2.18024701e-01 6.14367366e-01 3.65812302e-01 4.79098409e-01
    4.90789771e-01 8.53838086e-01 2.52124310e-01 1.34863108e-01
    6.40582144e-01 9.18543935e-01 1.43370330e-01 9.00001884e-01
    4.18432623e-01 9.61709201e-01 5.60462892e-01 2.70526409e-02
    8.63861084e-01 5.54323614e-01 4.98185933e-01 2.70906419e-01
    1.14358127e-01 3.75440538e-01 5.29997230e-01 6.21382117e-01
    7.11414695e-01 2.37476319e-01 7.60133505e-01 1.98207974e-01
    1.15090311e-02 4.60239679e-01 1.34981930e-01 4.73178059e-01
    8.03487420e-01 9.71267104e-01 1.71293139e-01 2.84188807e-01
    6.71411514e-01 5.70688188e-01 2.54508853e-02 6.51074648e-01
    6.76779389e-01 1.58465564e-01 8.36992085e-01 1.60587162e-01
    3.98271859e-01 7.27261007e-01 8.65719080e-01 9.71680582e-01
    5.65798223e-01 4.71424371e-01 7.93598831e-01 2.88316429e-01
    7.07467139e-01 1.29103988e-01 4.20390010e-01 8.93020093e-01
    5.27213812e-02 8.26612711e-02 8.90042186e-01 2.80912519e-01
    4.78867024e-01 5.70711553e-01 3.81737322e-01 8.23099077e-01
    5.81532001e-01 7.82607734e-01 1.90743059e-01 8.62870038e-01
    3.62661153e-01 7.99641252e-01 8.97368550e-01 8.90361428e-01
    7.92912006e-01 6.61669493e-01 6.42386496e-01 3.19941342e-01
    9.15562630e-01 4.58349109e-01 4.42383856e-01 1.48890018e-01
    2.00316489e-01 6.85380459e-01 7.64598966e-01 7.29682684e-01
    9.18857217e-01 6.70421958e-01 4.17538226e-01 6.04921877e-01
    3.35096985e-01 2.68840790e-01 2.35720545e-01 5.72243750e-01
    5.02670705e-02 2.64374018e-01 2.31372207e-01 4.37159836e-01
    4.43452388e-01 6.70025706e-01 6.40459538e-01 5.69662511e-01
    9.93191957e-01 9.49960113e-01 8.45231414e-01 4.65455115e-01
    9.23754215e-01 3.58992487e-01 6.51883245e-01 9.85920429e-03
    1.50196850e-02 6.59668803e-01 4.13024068e-01 2.92947531e-01
    2.90161490e-01 5.61827242e-01 7.80303836e-01 4.04026061e-01
    2.30772018e-01 6.48154616e-01 1.02934599e-01 7.07044303e-02
    6.40375257e-01 6.62420750e-01 4.29261535e-01 5.67285538e-01
    9.75238800e-01 3.95981908e-01 5.08166850e-01 3.38034570e-01
    5.33180177e-01 2.71685541e-01 1.09616369e-01 3.50820124e-01
    4.73611712e-01 9.73237753e-02 9.45742846e-01 3.03452730e-01
    7.46054471e-01 4.45919901e-01 6.83348894e-01 8.49748969e-01
    1.09811366e-01 3.15086305e-01 9.23635840e-01 9.23288584e-01
    3.27598870e-01 4.91167665e-01 3.70997906e-01 5.98677337e-01
    3.74302387e-01 9.84156609e-01 8.78803015e-01 5.10408521e-01
    7.37141132e-01 9.14421260e-01 5.99888086e-01 1.70507669e-01
    4.69001144e-01 5.15571892e-01 1.00345582e-01 4.55347598e-01
    4.08590734e-02 7.28248835e-01 4.09344703e-01 7.08228648e-01
    1.42475367e-02 6.77789927e-01 5.57986557e-01 3.00897270e-01
    7.39089251e-01 4.65590656e-01 8.74519467e-01 6.91616893e-01
    8.57360363e-02 8.51715326e-01 5.60548604e-01 9.73659694e-01
    7.74780631e-01 4.16339040e-02 5.36503851e-01 7.18400896e-01
    3.78812581e-01 1.16432309e-01 5.20567358e-01 5.91233253e-01
    4.95840490e-01 8.70250881e-01 9.15925801e-01 5.00977695e-01
    3.39311093e-01 3.29019457e-01 6.42462671e-01 1.02733076e-01
    4.28937376e-01 9.10798609e-01 8.19958210e-01 4.01469320e-01
    1.94304287e-01 4.52018350e-01 4.25793350e-01 3.08870554e-01
    5.42854846e-01 5.42976320e-01 1.15583032e-01 7.71247745e-01
    4.95278835e-02 7.54748821e-01 7.75648594e-01 9.98627663e-01
    2.90201008e-02 1.73582315e-01 6.64994419e-02 7.65246868e-01
    2.62414604e-01 8.86497617e-01 2.80777872e-01 4.98536974e-01
    4.87072170e-01 2.90696025e-01 2.71409810e-01 9.38426495e-01
    6.70527697e-01 8.09523940e-01 2.95023024e-01 1.63119674e-01
    8.41307998e-01 9.33865309e-01 2.58474737e-01 8.16656172e-01
    2.20358372e-03 7.63333857e-01 1.06697232e-01 2.54566550e-01
    5.96538067e-01 1.39113456e-01 2.85684288e-01 7.17032254e-01
    5.40842772e-01 7.49246716e-01 7.46810198e-01 7.78797567e-02
    9.91547287e-01 3.73929739e-03 8.98841083e-01 9.90610242e-01
    3.23297739e-01 3.47802550e-01 3.69236141e-01 7.25120187e-01
    9.41100180e-01 1.06158912e-01 8.48919153e-01 9.42725837e-02
    1.67201251e-01 7.14215040e-01 5.58250964e-01 7.71079183e-01
    8.85213614e-01 6.55210197e-01 5.41450977e-01 9.62862372e-02
    7.09619403e-01 1.37910455e-01 4.42069173e-02 3.18787485e-01
    6.49465322e-01 1.46628767e-01 5.54612398e-01 2.36754954e-01
    9.40029442e-01 2.93577075e-01 1.25323683e-01 3.50293636e-01
    3.36282969e-01 9.53049421e-01 4.53816116e-01 6.93092644e-01
    4.02342975e-01 1.88322455e-01 2.20151603e-01 7.54806876e-01
    4.08499002e-01 4.64975536e-02 5.87793112e-01 2.07334161e-01
    3.78229201e-01 3.51539850e-02 2.94875562e-01 1.70624286e-01
    7.64423370e-01 2.65433192e-02 4.27955270e-01 5.32409787e-01
    6.42739892e-01 4.27472800e-01 4.08358604e-01 9.79435205e-01
    5.61339915e-01 5.74923456e-01 5.52152395e-01 1.97756052e-01
    4.99255508e-01 4.28370833e-02 6.66767359e-01 4.96531099e-01
    4.85327333e-01 1.14954472e-01 5.27513921e-02 9.37360346e-01
    5.16174853e-01 3.55306417e-01 8.69661093e-01 9.43825960e-01
    6.53398454e-01 5.21539390e-01 1.43907338e-01 1.00650698e-01
    6.15042686e-01 4.35575843e-02 5.84281206e-01 4.97566640e-01
    5.94845653e-01 1.18936598e-01 3.07621419e-01 7.62052119e-01
    9.66907144e-01 3.57337415e-01 5.35478771e-01 3.83896530e-01
    7.67364204e-01 4.25113320e-01 8.19485486e-02 5.75339675e-01
    5.09104729e-01 8.82396400e-02 8.91364217e-01 1.98761225e-01
    9.84102547e-01 5.52161157e-01 4.48719472e-01 7.98741102e-01
    2.52938449e-01 2.10519284e-01 2.61529624e-01 3.58371139e-02
    2.54772365e-01 5.95949054e-01 3.64931643e-01 1.30149066e-01
    5.89697242e-01 1.82514012e-01 8.99069905e-02 9.52184558e-01
    1.68688953e-01 2.16337472e-01 3.39897811e-01 6.55311286e-01
    4.15198207e-02 6.88447356e-01 7.26461768e-01 2.24763334e-01
    9.38476861e-01 4.54474747e-01 8.35636497e-01 2.29120344e-01
    9.88973022e-01 6.45015478e-01 9.03661132e-01 1.96069568e-01
    3.14515173e-01 1.80611879e-01 6.43715143e-01 9.76829052e-01
    1.78253621e-01 5.84174395e-01 1.62346721e-01 8.16440463e-01
    4.63220537e-01 3.37735534e-01 8.32856297e-01 5.83605230e-01
    2.70565093e-01 1.65553004e-01 3.17277998e-01 7.17126727e-01
    2.06380039e-01 9.97433126e-01 7.77888596e-02 5.48162401e-01
    3.37394238e-01 7.97414541e-01 3.28394175e-01 5.28233826e-01
    3.63865435e-01 5.42120576e-01 8.31245363e-01 1.90346479e-01
    4.64332998e-02 7.01691329e-01 5.68268001e-02 6.39176071e-02
    7.88988948e-01 6.69489443e-01 9.70156014e-01 4.68129367e-01
    6.38404965e-01 6.39638007e-02 6.57751858e-02 9.81389105e-01
    8.17448378e-01 8.32143068e-01 1.21592343e-01 9.46404219e-01
    1.73646569e-01 7.84743428e-01 9.14778709e-02 6.17966294e-01
    8.45605493e-01 8.33355188e-02 5.34674287e-01 7.68001318e-01
    3.37264776e-01 6.04950190e-01 1.75780445e-01 6.84474587e-01
    9.81112421e-02 3.52947950e-01 1.05818361e-01 6.17886424e-01
    4.34254050e-01 8.86450708e-01 8.55518103e-01 5.68814218e-01
    3.51096451e-01 2.09871054e-01 5.28237760e-01 4.11833823e-01
    1.05988652e-01 2.65409827e-01 2.23738343e-01 2.18807667e-01
    3.40802610e-01 9.96929407e-01 6.40009582e-01 1.82693601e-02
    6.94827318e-01 3.01864654e-01 1.36993438e-01 2.47063488e-01
    2.31235981e-01 1.25547051e-01 3.10582280e-01 3.66798937e-01
    4.57742661e-01 7.45694101e-01 2.43469179e-01 8.65293741e-01
    3.22959125e-01 7.33214378e-01 2.14649588e-01 4.22543347e-01
    1.95587873e-02 1.96728259e-01 9.80593681e-01 9.92612243e-01
    8.34375679e-01 4.66607988e-01 8.77838969e-01 7.91568041e-01
    7.46936679e-01 1.46320522e-01 8.55218112e-01 5.92733443e-01
    7.89082646e-01 5.94320059e-01 3.57482910e-01 7.57590294e-01
    2.36010343e-01 9.61435795e-01 5.91305792e-01 2.86213547e-01
    4.59664404e-01 2.47024715e-01 1.43326551e-01 4.98598218e-02
    3.00161719e-01 1.30839139e-01 3.86031836e-01 3.33691508e-01
    9.56104159e-01 4.49417025e-01 4.87411469e-01 9.70591605e-02
    3.25204641e-01 7.09309876e-01 3.11641395e-02 6.73628330e-01
    2.23619401e-01 4.88671422e-01 6.94647670e-01 1.70691013e-02
    7.27275014e-01 5.59424758e-01 3.85821104e-01 4.01838273e-01
    4.16436106e-01 4.30807412e-01 9.04985309e-01 4.50505018e-01
    1.23369813e-01 8.58261108e-01 2.41316080e-01 7.69874096e-01
    6.25808656e-01 2.99228132e-01 2.73736179e-01 5.75521171e-01
    1.64342582e-01 1.65172726e-01 4.34022516e-01 2.33614713e-01
    3.63776207e-01 1.77515745e-02 4.53003079e-01 9.05282497e-01
    6.26761019e-02 7.62718379e-01 1.85813963e-01 4.45720077e-01
    7.71879852e-01 7.02187002e-01 3.87625843e-01 4.66216326e-01
    6.76560998e-02 6.43694222e-01 5.91885924e-01 5.54504037e-01
    5.22700012e-01 1.68978661e-01 9.82304573e-01 6.43946528e-01
    4.66855615e-01 8.22250307e-01 4.95473683e-01 3.62925291e-01
    6.61683083e-02 7.79742002e-02 9.34799075e-01 5.82494617e-01
    8.07319641e-01 7.41568208e-02 9.75145042e-01 8.31522346e-01
    3.50331068e-01 8.17839146e-01 8.51464152e-01 2.90452421e-01
    8.45580399e-02 2.56396770e-01 8.05705428e-01 7.60186076e-01
    3.48789275e-01 9.22056258e-01 8.72599006e-01 6.67646646e-01
    6.11425936e-02 5.15770674e-01 6.51100516e-01 1.90850616e-01
    5.37838817e-01 4.95704412e-02 1.61938667e-02 4.23159033e-01
    6.42304182e-01 2.95605838e-01 2.33736932e-01 9.42198634e-01
    4.09134656e-01 1.43819183e-01 4.79741365e-01 8.59248638e-03
    9.89612222e-01 3.78086865e-01 6.94779992e-01 8.10848236e-01
    8.20330024e-01 2.26382524e-01 2.80309618e-01 4.30867612e-01
    6.74656034e-03 7.39551067e-01 8.65887821e-01 7.70893097e-01
    8.74820352e-03 3.53236347e-01 8.74087512e-02 3.97529334e-01
    2.69514441e-01 7.86819816e-01 7.19425440e-01 1.87168509e-01
    4.72195715e-01 4.68986988e-01 9.70326066e-01 5.39253175e-01
    2.21679807e-01 7.13386476e-01 7.90720284e-02 5.60347259e-01
    7.56276429e-01 3.51324111e-01 9.99029100e-01 7.86089718e-01
    4.84670669e-01 8.65610719e-01 2.31221497e-01 6.48204565e-01
    9.63064790e-01 1.50531411e-01 3.72586906e-01 9.88788366e-01
    6.98609710e-01 4.85055625e-01 1.20486289e-01 7.76858985e-01
    1.17599070e-02 9.47072089e-01 1.17392510e-01 5.59657216e-01
    3.00358117e-01 6.67262197e-01 8.15589011e-01 5.21559954e-01
    2.73329049e-01 1.92955852e-01 7.92895317e-01 2.00415224e-01
    1.66685402e-01 5.86185217e-01 8.37459803e-01 4.42678839e-01
    8.82547140e-01 3.90140057e-01 5.95650733e-01 5.69794238e-01
    7.95993090e-01 4.92165774e-01 1.54066533e-01 3.32869291e-01
    9.93711531e-01 9.08459663e-01 5.83673418e-01 2.79193819e-02
    3.41132313e-01 1.97765410e-01 4.72101152e-01 5.03238022e-01
    6.73966289e-01 8.68758202e-01 4.72242892e-01 4.44381177e-01
    2.51361787e-01 4.30301487e-01 2.86604464e-01 1.61476433e-01
    6.17638230e-03 9.19494271e-01 8.56564105e-01 7.59842753e-01
    7.03680217e-02 4.33571339e-01 5.01545489e-01 8.25677335e-01
    7.02448606e-01 2.04934329e-01 3.85310769e-01 8.53050768e-01
    2.31677830e-01 3.60211462e-01 9.92190182e-01 5.49674273e-01
    9.68337536e-01 5.03804922e-01 7.02049255e-01 6.10432088e-01
    5.17329633e-01 5.93806088e-01 4.20963049e-01 4.53065246e-01
    7.31295764e-01 1.85895562e-01 5.07578850e-01 8.73599052e-02
    3.03153098e-01 2.02832997e-01 6.87028408e-01 2.81941235e-01
    6.65829360e-01 5.02152741e-01 6.80580020e-01 5.40713906e-01
    8.14584970e-01 8.52575421e-01 2.42613047e-01 1.31613433e-01
    3.88296962e-01 8.52656245e-01 9.75912571e-01 8.42178464e-01
    8.67437243e-01 8.49371910e-01 1.82239234e-01 7.31410027e-01
    7.66359091e-01 4.61459935e-01 6.87097669e-01 8.84309888e-01
    5.72310805e-01 4.77064610e-01 6.15558565e-01 9.12743807e-01
    8.62211704e-01 9.03888583e-01 2.69242823e-01 8.82116497e-01
    9.71912026e-01 7.30958223e-01 9.61023569e-01 2.34964728e-01
    5.78204513e-01 6.94662571e-01 4.03483540e-01 8.39287341e-02
    2.73235619e-01 6.16842210e-01 6.84735894e-01 3.25476885e-01
    7.60631144e-01 9.60029602e-01 1.15814030e-01 5.26455522e-01
    1.67053044e-01 3.89349759e-02 2.89150476e-02 9.01768029e-01
    8.61888230e-02 5.31718194e-01 3.17946583e-01 4.57108885e-01
    5.80937386e-01 1.69812143e-01 2.78107822e-02 4.09879237e-01
    7.32702971e-01 9.41179693e-01 9.32676554e-01 3.10284793e-02
    8.56135368e-01 8.90757740e-02 8.70610058e-01 1.42999291e-02
    8.43394101e-02 4.68040407e-02 2.16591507e-01 8.94427896e-02
    7.87164092e-01 4.73503828e-01 2.43580639e-02 7.52064943e-01
    4.83986437e-02 3.10965657e-01 2.19572067e-01 3.79699439e-01
    8.69467735e-01 7.67920732e-01 5.39951146e-01 9.66753662e-01
    1.93777442e-01 9.65646505e-01 7.83615410e-02 1.93250775e-02
    6.69450521e-01 8.37913394e-01 1.26986742e-01 9.43307877e-02
    3.14613819e-01 9.30074275e-01 9.31384087e-01 2.57000983e-01
    2.34367937e-01 2.37306237e-01 9.68741655e-01 1.15316451e-01
    7.09675133e-01 6.04438663e-01 3.15877140e-01 6.52919173e-01
    2.54184335e-01 1.76340938e-01 4.58121300e-04 7.33489752e-01
    5.95263958e-01 1.05276018e-01 4.70650434e-01 5.62601686e-01
    4.80996519e-01 3.90557855e-01 8.24221134e-01 5.10643244e-01
    6.63056195e-01 5.31470776e-01 7.97252953e-01 6.82821572e-01
    6.57586336e-01 9.96032834e-01 6.52324617e-01 1.75336719e-01
    4.95809346e-01 2.44767994e-01 7.24545002e-01 6.48464322e-01
    7.75768876e-01 4.14976448e-01 4.37660366e-01 1.25126630e-01
    9.68561172e-01 2.57360756e-01 6.92195892e-01 9.65505958e-01
    3.14164340e-01 4.33068335e-01 9.26436543e-01 7.98000991e-01
    2.96172410e-01 5.07864356e-01 3.77171338e-02 8.39827240e-01
    5.31135321e-01 7.50081420e-01 6.23305440e-01 7.01780081e-01
    4.81720954e-01 9.79770720e-02 7.01005459e-02 5.42664111e-01
    6.12151742e-01 6.48920774e-01 7.92655945e-01 2.05805153e-01
    9.50391412e-01 4.84689265e-01 6.11464977e-01 5.40206552e-01
    3.16455513e-01 1.36576474e-01 2.61802882e-01 9.86634016e-01
    8.28847587e-01 9.07586634e-01 2.40390807e-01 9.38981295e-01
    2.85571814e-01 1.98443830e-02 3.41968775e-01 3.19624633e-01
    4.28828746e-01 4.21001911e-02 1.23830259e-01 2.71820903e-01
    1.46675527e-01 3.94880772e-02 6.60105944e-01 3.74912441e-01
    1.59422547e-01 8.45337451e-01 8.57652664e-01 6.03908956e-01
    2.35633671e-01 8.62180769e-01 8.00871372e-01 2.08119303e-01
    8.88058662e-01 4.25481886e-01 2.27017999e-02 2.91651547e-01
    1.15081012e-01 3.46583605e-01 2.49419123e-01 4.22687590e-01
    8.31998765e-01 4.35649455e-02 5.25962353e-01 1.39621049e-01
    3.24493647e-02 6.49700105e-01 8.51144910e-01 1.70525014e-01
    3.89073491e-02 9.03318703e-01 3.94337565e-01 5.46240151e-01
    2.32116401e-01 9.07746673e-01 4.83067930e-01 4.02854443e-01
    5.94027579e-01 4.79508936e-02 1.50543988e-01 5.77751338e-01
    3.72397244e-01 9.81059074e-02 4.30941284e-02 6.49555326e-01
    2.18360633e-01 5.02569973e-02 7.13910341e-01 1.73453569e-01
    3.30552816e-01 6.01524115e-02 3.36577088e-01 1.45957083e-01
    1.42249554e-01 9.77051377e-01 6.21223271e-01 6.57164454e-02
    3.84612203e-01 2.11136609e-01 9.85932231e-01 4.18278456e-01
    1.28931999e-01 7.37062335e-01 1.21218950e-01 7.02609420e-01
    7.76661992e-01 2.12226599e-01 5.59052646e-01 6.91550612e-01
    7.43256688e-01 3.65129411e-02 9.16939378e-01 2.74167240e-01
    4.29014713e-01 9.79755640e-01 1.05355352e-01 4.29829061e-02
    1.11578763e-01 7.26519823e-01 8.29929650e-01 1.61765456e-01
    7.75184929e-01 6.99581623e-01 8.16015244e-01 5.96633673e-01
    2.38273203e-01 1.87123746e-01 7.50788808e-01 2.25504279e-01
    3.92975628e-01 6.93519354e-01 4.32490170e-01 1.32455528e-01
    1.88960105e-01 8.06082308e-01 5.70866466e-01 1.32834464e-01
    7.45599151e-01 9.86770689e-02 9.56448078e-01 6.55904949e-01
    7.54579425e-01 8.50042284e-01 9.16136265e-01 8.93644333e-01
    5.75795352e-01 9.33358431e-01 4.25596744e-01 5.35178125e-01
    7.70230472e-01 4.90274906e-01 3.23120505e-01 6.69817448e-01
    5.11147559e-01 8.02442729e-01 9.90911126e-01 8.99428964e-01
    2.24411726e-01 6.65539622e-01 8.97186935e-01 9.78885055e-01
    7.06767857e-01 4.13440406e-01 4.66300488e-01 5.60822845e-01
    3.76123756e-01 9.83452439e-01 4.27226126e-01 2.67863244e-01
    2.96779811e-01 5.43963432e-01 9.60717797e-02 2.54014462e-01
    7.80506134e-01 3.25375915e-01 1.07192755e-01 4.44503546e-01
    1.69128478e-01 5.64386547e-01 7.50267863e-01 8.93342257e-01
    5.88768721e-03 2.27684379e-02 4.94468629e-01 2.01505005e-01
    5.97297788e-01 6.99835241e-01 8.08301926e-01 5.64368963e-01
    9.60555553e-01 6.67246342e-01 2.28811443e-01 9.88053977e-02
    3.59982848e-02 1.64558977e-01 2.08424240e-01 7.14526713e-01
    2.24335492e-02 3.77207041e-01 1.40699744e-02 1.95172429e-01
    9.28543091e-01 2.39658803e-01 1.54332101e-01 6.55997038e-01
    6.19278371e-01 8.29633355e-01 7.90193498e-01 8.32812369e-01
    7.51484513e-01 2.61533856e-01 4.42533106e-01 7.77837753e-01
    1.56358689e-01 9.00813282e-01 6.18515372e-01 5.36429644e-01
    2.81507194e-01 3.70914757e-01 1.08904988e-01 5.56321859e-01
    6.33069992e-01 7.92818964e-02 5.72864711e-02 1.42605126e-01
    9.79827225e-01 5.32290637e-01 6.28226697e-02 7.77776718e-01
    2.06371844e-01 1.05635822e-02 5.34223914e-01 5.85000515e-01
    9.21363294e-01 7.47812748e-01 7.23395288e-01 7.48968959e-01
    3.28290164e-01 7.71311522e-01 9.51512933e-01 7.50791728e-01
    6.77433312e-01 4.90323544e-01 2.78785884e-01 8.85849297e-01
    7.62990057e-01 8.09089482e-01 8.37020695e-01 3.49006057e-02
    1.40111804e-01 5.15243053e-01 4.10371214e-01 8.45916748e-01
    2.40557313e-01 4.81766462e-02 1.25726759e-01 9.95150208e-01
    7.83261240e-01 5.14381528e-01 8.22091758e-01 6.51000142e-02
    5.17062724e-01 5.61827064e-01 1.32530928e-02 6.75595164e-01
    1.29833937e-01 2.28791654e-01 6.76314354e-01 3.62322748e-01
    2.04933167e-01 3.48987043e-01 7.86149561e-01 1.17256850e-01
    4.61028546e-01 6.22365296e-01 6.47524834e-01 7.73121476e-01
    6.44333959e-02 9.52138066e-01 1.91806406e-01 5.43460906e-01
    4.97373164e-01 2.81779736e-01 5.95593691e-01 6.29897416e-01
    2.14563161e-01 7.79678941e-01 1.46530032e-01 4.93641317e-01
    8.36465716e-01 8.62351060e-03 6.98443532e-01 1.51361674e-01
    7.55634904e-03 3.09116304e-01 6.48497403e-01 7.32443333e-01
    2.42613524e-01 1.46705121e-01 1.30063295e-01 7.72372782e-01
    3.03142399e-01 3.62112582e-01 3.33709300e-01 9.04225111e-01
    5.19733071e-01 4.16478515e-01 5.65319300e-01 9.41939712e-01
    8.62825513e-01 7.95085549e-01 3.17813635e-01 3.38107526e-01
    2.97942281e-01 9.26284194e-01 3.62783968e-02 5.86517930e-01
    4.79197323e-01 4.54507023e-01 8.01465154e-01 4.81743306e-01
    8.93088222e-01 1.83922976e-01 6.96263254e-01 5.70968091e-01
    4.39077646e-01 4.32935745e-01 6.74278975e-01 8.90322685e-01
    5.69445491e-01 3.74031663e-01 9.24592018e-02 7.26621568e-01
    2.61754632e-01 6.36062622e-01 3.36471349e-01 7.56712914e-01
    4.52384055e-02 6.03662670e-01 2.55924344e-01 8.52026105e-01
    1.57644749e-02 9.67941880e-01 9.60338891e-01 8.04569840e-01
    5.54848850e-01 5.20020127e-01 4.22736108e-01 4.02585328e-01
    4.16736007e-01 7.09493160e-01 5.97378671e-01 5.52433610e-01
    5.69839954e-01 6.34807467e-01 8.73345256e-01 5.25739789e-01
    3.59050333e-01 3.24946910e-01 1.98362380e-01 3.91130745e-02
    4.78956044e-01 4.66694325e-01 1.27742469e-01 9.36022520e-01
    6.99749589e-01 1.47403747e-01 5.69467664e-01 9.75305200e-01
    6.29049182e-01 7.34137893e-01 5.40758252e-01 9.95103002e-01
    7.21868992e-01 2.46474147e-02 6.27155781e-01 6.68129921e-01
    4.02862072e-01 6.47949994e-01 8.82577896e-01 3.52021933e-01
    9.85594273e-01 8.77001524e-01 7.21615493e-01 8.15250635e-01
    4.66632515e-01 7.48736620e-01 5.82701862e-01 1.59749389e-03
    7.64030218e-01 4.22022939e-01 9.23986971e-01 3.94629538e-01
    9.15454626e-01 1.18181795e-01 7.30324984e-02 3.40055346e-01
    2.64520943e-02 6.31742835e-01 2.74821579e-01 5.74424148e-01
    7.84681201e-01 2.22796440e-01 7.32896686e-01 6.27316296e-01
    8.78553212e-01 5.14530122e-01 1.26497447e-02 9.16017711e-01
    8.37594986e-01 7.84828246e-01 8.36928070e-01 7.80350447e-01
    9.04871106e-01 4.09966171e-01 4.81573641e-02 9.89505053e-02
    3.81892055e-01 6.93206728e-01 9.46342111e-01 2.06765175e-01
    3.00225019e-01 7.55610168e-01 2.18685538e-01 6.35123372e-01
    5.92208326e-01 3.27982843e-01 9.18950140e-02 9.44629312e-03
    5.51312089e-01 9.75155711e-01 8.60450625e-01 5.30240297e-01
    9.99731719e-02 6.47058487e-01 7.03133523e-01 2.03832120e-01
    9.16535199e-01 5.79225779e-01 5.12248576e-01 7.14456081e-01
    3.57410729e-01 6.32133603e-01 9.54481661e-01 3.49591136e-01
    1.40745640e-01 5.49453974e-01 1.11178517e-01 6.12874746e-01
    9.25010562e-01 7.92637646e-01 8.80765200e-01 6.98165357e-01
    5.93184531e-02 5.69767714e-01 9.71897006e-01 2.72543520e-01
    7.16351509e-01 5.70547998e-01 4.55880284e-01 3.69057655e-02
    9.65323210e-01 6.47030115e-01 1.06273562e-01 8.93140197e-01
    3.36342037e-01 8.27699184e-01 4.29841876e-01 5.62259018e-01
    9.61808920e-01 3.07771444e-01 6.19403005e-01 2.26255357e-02
    3.96600842e-01 1.11385494e-01 4.54592258e-01 9.43184614e-01
    7.41571903e-01 9.03180122e-01 1.78858429e-01 6.86466575e-01
    7.25954413e-01 6.56159520e-02 4.49493647e-01 2.21565992e-01
    2.78904140e-01 5.38369179e-01 4.72021222e-01 7.91507959e-03
    8.60836983e-01 2.38577336e-01 1.49158388e-01 8.72989058e-01
    2.74667829e-01 9.27654266e-01 9.46653485e-01 2.27955461e-01
    8.49278688e-01 8.20091844e-01 1.95594400e-01 2.05555171e-01
    3.40809405e-01 4.56645906e-01 7.24541664e-01 3.17819446e-01
    2.59770095e-01 8.35491419e-02 1.87170506e-02 2.49229640e-01
    2.42443115e-01 5.62211037e-01 9.40608621e-01 3.09413731e-01
    1.01407528e-01 1.03656292e-01 4.80211288e-01 2.66335011e-02
    1.71004415e-01 2.40914732e-01 2.49066174e-01 7.33067393e-01
    1.58142745e-01 8.03181052e-01 1.57274783e-01 3.67449731e-01
    4.19839442e-01 6.02063656e-01 5.72324753e-01 8.68378997e-01
    6.53971434e-01 9.46126342e-01 5.66863179e-01 6.15886152e-01
    8.98618340e-01 3.72638106e-01 8.59793246e-01 7.17120469e-01
    8.86026740e-01 4.00218934e-01 4.55633759e-01 8.69778752e-01
    4.16970730e-01 1.41382724e-01 2.29986668e-01 1.30123913e-01
    5.15968919e-01 1.02032036e-01 9.49050784e-01 1.26685947e-01
    3.31865817e-01 5.63830614e-01 9.47460413e-01 4.67324436e-01
    4.10504162e-01 8.11116815e-01 9.18861866e-01 1.34393573e-03
    5.98123193e-01 2.74734497e-01 6.09270275e-01 4.22225535e-01
    3.83193552e-01 7.07910955e-02 7.19124079e-01 5.76506257e-01
    6.76823258e-02 2.72870302e-01 2.10611284e-01 3.69610429e-01
    3.65567237e-01 3.06786895e-01 7.34389424e-02 6.69335902e-01
    5.95960259e-01 5.63611865e-01 8.13904405e-03 6.59092903e-01
    5.11756539e-02 2.61988640e-01 2.92819142e-01 4.99774843e-01
    3.34059179e-01 9.02161181e-01 2.81621218e-01 5.41946054e-01
    2.51346797e-01 4.09511030e-02 8.03546369e-01 5.82851171e-01
    8.81896377e-01 6.90522313e-01 9.85110402e-01 2.16620862e-02
    2.83531606e-01 6.92255795e-02 7.93519199e-01 4.02226150e-01
    1.31388098e-01 2.59854555e-01 7.88615465e-01 1.50120586e-01
    5.23622096e-01 8.01708519e-01 3.66531610e-02 7.67131984e-01
    1.15941495e-01 4.47607577e-01 6.69148922e-01 4.03048098e-01
    8.78279448e-01 9.25644875e-01 8.75015616e-01 1.44251257e-01
    5.49372256e-01 5.58656633e-01 5.62294722e-02 5.53381622e-01
    8.41342926e-01 6.76689625e-01 2.69531846e-01 8.42956305e-02
    4.28459167e-01 8.73083472e-01 7.80056357e-01 9.23250020e-01
    1.95726752e-02 8.87701035e-01 1.90224528e-01 4.41520810e-01
    6.63162470e-01 3.41779530e-01 7.35124588e-01 8.46259594e-01
    8.13531399e-01 9.41735387e-01 7.62596250e-01 9.09660220e-01
    5.90506136e-01 9.45824146e-01 5.14874041e-01 8.76421034e-02
    8.06583524e-01 8.25039446e-01 4.94630516e-01 2.30971128e-01
    7.67552853e-01 9.18925285e-01 2.64044106e-01 3.66254330e-01
    1.36218488e-01 9.83355165e-01 1.95465118e-01 3.68254781e-02
    2.49470353e-01 8.17647099e-01 3.00896227e-01 9.90242481e-01
    3.85548264e-01 2.88081497e-01 4.37364936e-01 8.05025101e-02
    2.64110744e-01 7.09352016e-01 7.87036896e-01 6.84307098e-01
    7.65481234e-01 6.00328982e-01 5.29062092e-01 4.36355650e-01
    3.47416162e-01 6.53557956e-01 8.05058777e-02 4.32486832e-01
    1.57988042e-01 5.48849642e-01 4.82789218e-01 7.39864409e-01
    9.24920440e-01 7.17433929e-01 1.28504038e-02 4.01682615e-01
    4.65341508e-01 2.26128966e-01 2.63155013e-01 5.26976585e-02
    6.52548611e-01 2.12269634e-01 5.44597507e-01 3.40582311e-01
    5.88857651e-01 9.55464244e-01 2.29578167e-01 8.99019480e-01
    5.91430426e-01 1.51371807e-01 9.65009689e-01 7.79199004e-01
    4.04664904e-01 8.16797853e-01 8.82668018e-01 8.66853952e-01
    8.84330750e-01 9.88554955e-02 6.00608230e-01 3.65464151e-01
    9.62218404e-01 2.54569769e-01 4.61705655e-01 6.98681772e-01
    2.95384467e-01 7.13845730e-01 3.38481843e-01 8.51144969e-01
    9.62250948e-01 9.88833010e-02 6.37459636e-01 2.37562090e-01
    7.21422613e-01 1.57484263e-01 9.21115518e-01 6.76672876e-01
    8.01511645e-01 9.85143721e-01 8.74912858e-01 6.00192666e-01
    5.84585667e-02 3.71434808e-01 1.22806013e-01 4.41944569e-01
    3.36965322e-01 1.10773504e-01 2.94469357e-01 6.62691951e-01
    3.02750349e-01 5.73522687e-01 3.49237323e-02 6.22877240e-01
    2.15538114e-01 9.69101846e-01 8.56878400e-01 7.31094718e-01
    7.61576593e-02 8.41182470e-01 3.00845206e-02 8.55050087e-02
    8.87043476e-01 9.54578519e-02 6.79512680e-01 1.34127468e-01
    6.00395977e-01 1.01674736e-01 9.74931002e-01 3.44044268e-01
    5.51889420e-01 2.04307973e-01 4.04323012e-01 6.93734467e-01
    7.94317722e-02 2.09614038e-02 3.51321161e-01 3.02034914e-02
    5.55441916e-01 6.46489620e-01 7.35141993e-01 1.30906701e-02
    9.11817253e-02 2.51398504e-01 1.27932370e-01 2.93840706e-01
    3.12887728e-01 2.17855513e-01 4.56064463e-01 7.35009313e-01
    8.46148968e-01 4.97525632e-01 6.45977080e-01 9.45831180e-01
    3.25798810e-01 2.54140496e-02 2.11367488e-01 2.18637109e-01
    5.95883965e-01 6.74058139e-01 7.04222977e-01 6.81040585e-01
    7.08361149e-01 3.99391919e-01 6.42643869e-01 6.47141457e-01
    8.04635167e-01 5.32659173e-01 5.88840187e-01 5.05292356e-01
    4.14261818e-02 8.27446878e-01 4.86944824e-01 5.71352661e-01
    3.55373591e-01 5.80288529e-01 5.57322443e-01 6.63692832e-01
    6.63545430e-02 2.52944976e-01 5.82104623e-01 8.21218967e-01
    2.26188004e-02 4.32582974e-01 7.28923202e-01 9.51534390e-01
    3.25107574e-02 5.60322165e-01 7.74265826e-01 8.94356072e-01
    6.66498661e-01 2.70490229e-01 1.11684799e-02 9.30875063e-01
    5.72574079e-01 5.25798082e-01 8.58979404e-01 2.49798924e-01
    5.97177625e-01 6.61228478e-01 5.74848831e-01 3.14487725e-01
    6.18017733e-01 9.27980185e-01 7.86545396e-01 5.95998466e-01
    7.54780889e-01 6.97403431e-01 1.55141354e-02 7.26397514e-01
    5.33591568e-01 7.06609130e-01 6.42560840e-01 4.24345911e-01
    2.89247543e-01 6.73100829e-01 9.23667431e-01 4.68515456e-02
    7.96287298e-01 9.77468491e-01 1.80044025e-01 9.30120707e-01
    1.40067846e-01 4.72530723e-01 2.71272063e-02 3.20424825e-01
    5.22352338e-01 9.04482722e-01 2.20063329e-01 1.70951843e-01
    9.50726271e-01 3.40170383e-01 5.14892697e-01 4.85876143e-01
    2.57646084e-01 2.65502959e-01 3.14128339e-01 2.03535169e-01
    6.07307434e-01 7.46586680e-01 2.13643074e-01 2.83864617e-01
    2.29994655e-01 5.39540529e-01 4.22628284e-01 8.01717341e-02
    2.25958407e-01 8.52563262e-01 2.80862033e-01 2.37259924e-01
    7.96787739e-02 8.66605163e-01 1.79238170e-01 9.61877584e-01
    8.30830038e-02 5.18240035e-01 5.47105730e-01 7.69425273e-01
    1.22496575e-01 7.20479488e-01 5.25634348e-01 4.09608185e-01
    4.43846971e-01 4.84688640e-01 2.47194976e-01 5.42027175e-01
    9.68063176e-01 1.38130635e-01 1.30601704e-01 1.98020548e-01
    1.98724866e-02 8.80343556e-01 4.77444619e-01 3.67643178e-01
    5.13928115e-01 9.44640815e-01 3.41538429e-01 2.95244694e-01
    9.77470040e-01 6.45375371e-01 3.22297096e-01 5.85579515e-01
    9.83449578e-01 2.66118586e-01 1.31964743e-01 2.20055997e-01
    5.79332411e-02 8.27288866e-01 3.40442061e-01 3.11739773e-01
    2.70933986e-01 6.03604555e-01 8.15677404e-01 2.03752995e-01
    5.73008537e-01 3.10465723e-01 2.44469523e-01 1.79089218e-01
    4.66777384e-02 1.18073374e-01 7.77233362e-01 1.25364155e-01
    6.39579713e-01 7.80527890e-01 2.29830921e-01 6.98907495e-01
    5.47020137e-02 2.88638115e-01 6.46723628e-01 5.39225161e-01
    9.27219152e-01 4.14401144e-01 3.51694226e-02 7.62466311e-01
    3.09615672e-01 5.85511029e-02 9.81559753e-01 1.91325009e-01
    6.68015540e-01 9.79048967e-01 7.93205321e-01 7.91089892e-01
    5.27905762e-01 7.22938299e-01 6.34973943e-01 5.19241035e-01
    9.94020820e-01 8.48787844e-01 2.36573428e-01 5.07097721e-01
    9.51069593e-01 4.48786288e-01 6.90170944e-01 6.00729823e-01
    9.91102636e-01 9.22130883e-01 2.22998172e-01 1.58404946e-01
    7.95349479e-01 5.39647818e-01 9.58622634e-01 8.51850033e-01
    1.77257687e-01 5.93658268e-01 9.70307708e-01 5.82855403e-01
    9.53999758e-01 5.38788438e-01 4.48897839e-01 1.35975212e-01
    2.81461984e-01 8.70056808e-01 2.04109371e-01 7.81953096e-01
    2.86554635e-01 7.44318366e-01 1.35520488e-01 9.22760189e-01
    7.59975672e-01 8.03188384e-02 1.28006786e-01 9.29631352e-01
    7.69645214e-01 2.13657677e-01 9.08875942e-01 8.91685009e-01
    2.43084222e-01 5.77644587e-01 5.18451691e-01 7.84061670e-01
    7.66403377e-02 7.84246206e-01 8.09892237e-01 2.07641095e-01
    9.38871503e-01 7.46178329e-02 5.25778234e-02 9.92379308e-01
    7.47161210e-01 3.09884846e-01 3.77147138e-01 2.36510217e-01
    7.23323226e-02 6.87848926e-01 8.67053449e-01 4.60183680e-01
    7.62375832e-01 5.51921427e-01 5.15943825e-01 4.47723210e-01
    6.24655426e-01 6.60393894e-01 2.12799221e-01 6.13178015e-01
    1.97676152e-01 3.10865223e-01 6.93715692e-01 8.40490222e-01
    6.06410801e-01 7.96164393e-01 2.31187642e-01 6.06794059e-01
    5.18560886e-01 2.12646842e-01 3.52412879e-01 9.83915210e-01
    3.90574098e-01 5.81441522e-02 8.09705198e-01 3.09167564e-01
    4.58142042e-01 1.01330131e-01 7.31496513e-01 4.14276630e-01
    4.47185487e-01 9.09755230e-02 2.33045578e-01 5.31500220e-01
    6.05601311e-01 1.84196830e-02 6.98562264e-01 3.61006677e-01
    1.08186662e-01 8.36956382e-01 3.80506217e-02 5.10074794e-01
    2.49868453e-01 2.42781460e-01 6.21381402e-02 2.85468698e-02
    6.78368568e-01 8.69961619e-01 4.04792249e-01 7.92358756e-01
    2.29011506e-01 1.23833448e-01 1.83794588e-01 3.36661398e-01
    7.15059221e-01 6.73514128e-01 5.03968358e-01 5.01052976e-01
    9.06495690e-01 7.33610630e-01 7.06248283e-01 5.29222667e-01
    9.52243209e-01 1.45135760e-01 7.72842467e-02 7.08007514e-01
    8.01934063e-01 9.09716666e-01 7.16211498e-01 7.45389163e-01
    7.76051104e-01 8.23625565e-01 8.44587922e-01 8.08726668e-01
    5.61018229e-01 4.21831906e-01 4.26419199e-01 6.15599811e-01
    2.65753865e-02 9.78967190e-01 9.11113620e-02 8.58744562e-01
    1.43577874e-01 6.39779925e-01 1.09595090e-01 7.99322844e-01
    1.25262201e-01 8.29877734e-01 8.53556633e-01 1.48698986e-01
    3.88514757e-01 5.57873011e-01 4.25105691e-01 7.91689396e-01
    3.46091092e-02 3.35480183e-01 8.10388505e-01 2.12285578e-01
    3.24994534e-01 1.42090023e-02 3.20398927e-01 8.96520376e-01
    7.67372370e-01 2.35098809e-01 5.30538678e-01 3.93688738e-01
    2.68873572e-03 9.76059437e-01 9.09282207e-01 8.21923852e-01
    2.18065292e-01 5.46110094e-01 4.84985858e-01 2.41172463e-01
    1.50485039e-02 1.75015777e-01 8.29920352e-01 8.16887498e-01
    6.95585966e-01 4.58818376e-02 5.63131213e-01 4.57831979e-01
    1.22868806e-01 7.67327845e-02 3.92361701e-01 6.42060697e-01
    9.85825896e-01 7.13213563e-01 7.56994009e-01 4.16416645e-01
    9.92084384e-01 2.85055757e-01 6.39985204e-01 5.40711045e-01
    6.20307207e-01 4.17851299e-01 4.66806561e-01 6.72700763e-01
    2.04270720e-01 8.87499690e-01 9.61089373e-01 2.90409893e-01
    2.84461260e-01 9.84901190e-01 1.72408611e-01 9.48467493e-01
    5.88977814e-01 2.96600640e-01 1.63820475e-01 1.78690881e-01
    8.61088514e-01 2.06290394e-01 2.53305942e-01 7.88850963e-01
    6.82658851e-02 1.99350119e-02 4.30894315e-01 9.81438279e-01
    1.44115478e-01 8.79668713e-01 9.99847412e-01 1.51539654e-01
    9.81372595e-01 1.00057006e-01 8.84668708e-01 5.79601049e-01
    9.48639989e-01 2.16161549e-01 7.75364637e-01 5.50509453e-01
    2.56758183e-01 1.84296310e-01 1.65555984e-01 7.37004638e-01
    7.20728099e-01 2.13622361e-01 1.86448365e-01 3.88225794e-01
    2.64165401e-01 6.36215806e-01 8.61929774e-01 8.89539361e-01
    5.50594270e-01 5.26309848e-01 9.60276246e-01 5.07553637e-01
    2.20517188e-01 1.74057692e-01 8.81741643e-02 7.23154187e-01
    1.22590989e-01 7.62080550e-01 2.24820465e-01 5.87790310e-02
    3.16096067e-01 2.45049268e-01 1.81141704e-01 7.79827356e-01
    4.41627502e-02 4.05419827e-01 5.38711250e-02 8.14768851e-01
    6.27707839e-02 2.99598038e-01 8.17742705e-01 6.64628208e-01
    9.83622551e-01 3.17680001e-01 3.60318184e-01 5.63693821e-01
    1.49619907e-01 6.07496202e-01 5.86686850e-01 3.84201109e-01
    1.78330839e-02 7.38154292e-01 9.56771255e-01 3.38572979e-01
    7.66223550e-01 5.97524285e-01 6.29512966e-01 1.03837937e-01
    5.38843632e-01 6.95368230e-01 3.02927971e-01 1.05282873e-01
    5.10324299e-01 5.48526406e-01 8.17122817e-01 1.42806143e-01
    6.72298968e-02 1.35598689e-01 9.29408967e-02 5.75508595e-01
    5.35733998e-01 3.25118542e-01 6.50355756e-01 8.97356868e-02
    9.68879282e-01 3.30023766e-01 6.65851593e-01 6.04607105e-01
    4.58589166e-01 7.64190316e-01 1.13143682e-01 8.09749007e-01
    6.50972664e-01 2.71757782e-01 5.94941497e-01 7.81548917e-01
    5.99049270e-01 1.94142312e-01 6.26373351e-01 6.10946119e-01
    3.35599542e-01 1.51847601e-02 1.41457677e-01 1.43715084e-01
    8.69613171e-01 7.53762126e-01 8.63578618e-02 6.27496839e-01
    8.25748086e-01 6.13220751e-01 3.28830957e-01 1.89814985e-01
    2.12176055e-01 7.48420596e-01 3.78331691e-01 6.20089889e-01
    5.18290579e-01 6.41849875e-01 3.26504707e-01 1.15584612e-01
    3.65793288e-01 9.79153216e-01 8.31094861e-01 1.45895779e-02
    7.67546415e-01 9.32802439e-01 4.09997702e-01 6.63257957e-01
    1.57399207e-01 4.40909326e-01 3.91417742e-01 3.73867571e-01
    4.43711877e-01 5.86485267e-01 3.73606682e-02 5.33337593e-02
    5.54875731e-02 3.36327076e-01 5.60399473e-01 6.64093375e-01
    7.33784318e-01 2.67942309e-01 8.59677553e-01 1.97388262e-01
    5.86295068e-01 3.57270837e-01 3.46711814e-01 5.98700106e-01
    1.49164051e-01 3.81952405e-01 2.31284022e-01 3.69708508e-01
    3.35061073e-01 8.27807665e-01 9.44499969e-01 9.61968303e-03
    6.00378752e-01 5.97086549e-02 8.45480323e-01 6.03172958e-01
    9.81408000e-01 1.95411354e-01 6.03741646e-01 5.36024094e-01
    3.83965671e-01 4.75480258e-02 9.61585760e-01 8.31544757e-01
    6.82251096e-01 5.95170379e-01 7.37747788e-01 6.38776362e-01
    1.55300736e-01 5.98120391e-01 9.68292415e-01 8.62130523e-02
    9.46154475e-01 1.62394255e-01 8.15451801e-01 8.31365705e-01
    7.02937901e-01 1.05116934e-01 4.14581060e-01 2.65615880e-02
    4.93768960e-01 2.69661039e-01 6.52579725e-01 7.06077039e-01
    8.39983344e-01 7.17227399e-01 4.01901126e-01 8.68193924e-01
    9.18218970e-01 2.99347043e-01 4.96912688e-01 5.67904234e-01
    2.38952130e-01 9.26922619e-01 6.79519594e-01 4.78888988e-01
    9.88366008e-01 4.22980756e-01 4.84442711e-01 5.47636867e-01
    1.41833603e-01 9.71453905e-01 3.42611074e-01 4.30860817e-01
    5.95929384e-01 4.34376001e-01 5.57103395e-01 9.37341809e-01
    4.51679736e-01 2.29303867e-01 7.21124887e-01 5.14084101e-01
    8.99212956e-02 5.76438844e-01 7.21816063e-01 1.03502512e-01
    7.15929091e-01 8.12595367e-01 5.79044759e-01 7.09054887e-01
    4.16280508e-01 9.00378942e-01 8.76005530e-01 2.77120292e-01
    7.93000937e-01 7.69492865e-01 5.63593507e-01 6.11926854e-01
    8.52026582e-01 3.39822471e-01 3.89921069e-01 7.95346022e-01
    5.55814564e-01 6.88590765e-01 5.55826724e-02 9.76455271e-01
    2.40582138e-01 8.78271341e-01 2.19629377e-01 6.99172616e-01
    9.36121345e-01 9.02704656e-01 5.58483303e-01 9.38325644e-01
    3.60691607e-01 3.80374789e-01 4.95050788e-01 8.13802540e-01
    8.35021973e-01 9.23115134e-01 3.80109698e-01 8.76585484e-01
    3.95557463e-01 7.95581400e-01 9.90565956e-01 1.90106124e-01
    6.43054783e-01 2.82083988e-01 6.98314726e-01 4.92287457e-01
    2.11105973e-01 6.08746827e-01 2.30160862e-01 5.41959286e-01
    6.85222626e-01 1.46541893e-02 2.59965658e-04 3.81703019e-01
    5.30334175e-01 7.01722145e-01 7.20205903e-01 9.70194042e-01
    2.77966619e-01 1.11776441e-01 7.12966561e-01 8.68723154e-01
    6.14178479e-01 3.09724391e-01 2.87333131e-02 1.25966936e-01
    3.68731767e-01 8.83102417e-01 6.70515060e-01 2.95240760e-01
    8.91319633e-01 5.55708230e-01 9.65553522e-01 8.66096020e-01
    3.02832276e-01 3.76338243e-01 1.36260688e-02 6.48282170e-02
    1.69909209e-01 9.33714986e-01 5.71642220e-01 5.01458168e-01
    1.89344436e-01 6.01604700e-01 8.49132419e-01 4.72329676e-01
    2.41008371e-01 7.37586021e-02 3.88516039e-01 9.28504348e-01
    7.58468032e-01 6.24123752e-01 6.86820388e-01 8.47963214e-01
    3.20629865e-01 3.82910430e-01 8.48014951e-01 8.56853247e-01
    5.17387450e-01 6.14570141e-01 4.66453254e-01 1.53407037e-01
    3.50344419e-01 8.35083246e-01 2.80803025e-01 9.38643098e-01
    1.08683020e-01 1.45091504e-01 7.15409935e-01 3.33465159e-01
    9.04800415e-01 7.66691089e-01 5.77992499e-02 7.12459207e-01
    1.78726912e-02 2.87811697e-01 7.51186132e-01 4.35512960e-02
    6.24260664e-01 2.90589988e-01 7.61791587e-01 8.52784634e-01
    5.27112067e-01 4.61052328e-01 8.67355764e-02 1.12825930e-01
    3.22148800e-01 7.83735514e-01 2.09229380e-01 5.08593917e-01
    6.09913528e-01 2.56707579e-01 5.71711123e-01 1.07243925e-01
    7.36099362e-01 4.30960774e-01 9.05666649e-02 2.55571485e-01
    8.64843428e-01 4.05962586e-01 6.01086795e-01 4.39278662e-01
    6.31021857e-01 5.55963159e-01 7.81479836e-01 6.76608264e-01
    6.25714779e-01 5.91687143e-01 8.65355253e-01 3.08084846e-01
    1.29954368e-01 3.57778370e-02 7.62243688e-01 5.07473052e-02
    6.76381230e-01 9.72159326e-01 6.91040397e-01 8.92280102e-01
    9.65742230e-01 6.56224370e-01 6.22047186e-01 6.44989431e-01
    6.75583839e-01 4.50558841e-01 9.12158787e-01 8.83424878e-01
    6.79119110e-01 2.65468985e-01 4.97158915e-01 7.24945843e-01
    3.97999644e-01 9.16222930e-01 1.71419293e-01 5.58599710e-01
    5.60757875e-01 9.09325540e-01 6.97883010e-01 9.98588920e-01
    8.88582468e-01 3.84047508e-01 2.62203574e-01 6.29197001e-01
    3.76827806e-01 6.69435799e-01 4.52793717e-01 6.63827956e-02
    8.08198392e-01 7.35881925e-02 6.13308251e-01 8.99170756e-01
    2.75611579e-02 2.98966527e-01 8.33609760e-01 2.51849413e-01
    7.35848665e-01 4.77142423e-01 1.11272216e-01 8.98890972e-01
    5.25279343e-01 1.81216955e-01 8.04922819e-01 2.37061739e-01
    7.56934583e-01 3.26350331e-02 1.73727959e-01 7.90579617e-01
    7.11470842e-04 1.35426253e-01 8.90969932e-01 2.15200901e-01
    7.06807792e-01 1.76537216e-01 4.41229939e-02 5.77706039e-01
    7.26698995e-01 6.14088058e-01 4.63083386e-01 9.89879966e-02
    8.00321817e-01 9.42590773e-01 6.76417708e-01 7.64243007e-01
    6.34464085e-01 1.32408738e-03 7.16466606e-01 5.23579836e-01
    9.84018922e-01 6.57736957e-01 8.97013664e-01 8.21624219e-01
    1.60889149e-01 4.49971318e-01 4.61154878e-02 5.68851829e-02
    3.51602912e-01 9.80346501e-02 3.73250306e-01 5.38892388e-01
    5.56046486e-01 2.63835102e-01 5.74903250e-01 8.69995773e-01
    3.96088749e-01 4.21045184e-01 9.16556239e-01 8.92921805e-01
    9.27773893e-01 2.44418442e-01 6.41044080e-02 1.78179026e-01
    1.83532298e-01 3.48797917e-01 7.78389215e-01 4.24087793e-01
    2.90791392e-01 8.31852674e-01 4.00620043e-01 3.26273680e-01
    7.09233522e-01 3.32092524e-01 9.84406352e-01 4.48083073e-01
    1.75611556e-01 3.67645323e-01 9.82264519e-01 7.77834773e-01
    6.91837907e-01 9.90062594e-01 1.55745566e-01 5.73036611e-01
    8.55568409e-01 7.85233736e-01 5.53204298e-01 4.99537438e-01
    6.49191856e-01 1.60242021e-01 6.11683965e-01 4.86969948e-02
    1.99436128e-01 3.73358577e-01 8.94833207e-01 1.13891631e-01
    8.57943058e-01 2.57626951e-01 2.38628209e-01 4.72430378e-01
    6.74086511e-01 1.69923216e-01 9.84235406e-01 5.00238597e-01
    4.94976699e-01 3.38092506e-01 9.51489866e-01 8.12401295e-01
    5.41797519e-01 5.83731532e-01 8.13989878e-01 2.32270807e-01
    8.00700426e-01 3.12824368e-01 8.06111515e-01 5.30884981e-01
    1.11643016e-01 8.45923066e-01 9.55407321e-01 7.11284876e-01
    4.24509168e-01 4.57715690e-01 4.25963134e-01 8.29788804e-01
    6.61315560e-01 2.78726369e-01 6.04789317e-01 7.67970681e-01
    9.29666996e-01 9.99750137e-01 7.71006346e-02 3.67020071e-01
    6.01490140e-01 7.62624681e-01 9.88111854e-01 4.91264105e-01
    8.77270699e-01 1.19447291e-01 6.67835474e-01 4.96394068e-01
    2.72828639e-01 1.27845675e-01 4.76026535e-01 2.89470851e-01
    7.10585713e-02 6.33726239e-01 1.35070980e-01 8.97676766e-01
    6.46153808e-01 6.33335412e-01 2.69454420e-01 8.59648705e-01
    4.44224536e-01 3.45143855e-01 6.69301927e-01 3.92831415e-01
    1.65460974e-01 2.85855800e-01 9.51991200e-01 1.88759208e-01
    4.74224329e-01 1.29512012e-01 5.08717000e-02 5.53015172e-02
    1.61824703e-01 5.67310154e-01 8.26673388e-01 5.52709043e-01
    3.69751573e-01 5.74836433e-02 8.64900112e-01 4.15654570e-01
    7.37772048e-01 2.39250213e-01 6.06344521e-01 7.55278111e-01
    1.67521834e-02 3.60644847e-01 7.86371350e-01 2.51989841e-01
    7.89594352e-02 3.55523467e-01 4.32280838e-01 4.89266872e-01
    9.55794692e-01 6.43624008e-01 9.54840183e-01 6.76325738e-01
    7.22326577e-01 3.32579523e-01 5.38671434e-01 1.62476510e-01
    5.99686444e-01 4.57951307e-01 5.61967015e-01 1.53366864e-01
    1.00973189e-01 5.03532529e-01 2.77308673e-01 3.78975898e-01
    4.00185674e-01 8.29981685e-01 2.44560838e-03 8.40368867e-02
    7.38926411e-01 4.93698418e-01 4.94681239e-01 2.89047331e-01
    2.48204440e-01 3.64054799e-01 6.40339255e-01 1.49890125e-01
    3.50348622e-01 7.74351120e-01 7.40234733e-01 9.39365625e-01
    5.10801136e-01 9.21863675e-01 7.92924464e-02 6.46602750e-01
    7.40441442e-01 2.98864663e-01 2.75830835e-01 9.12228703e-01
    4.29162025e-01 4.33705419e-01 5.94583213e-01 1.29563183e-01
    3.43440771e-01 6.98885202e-01 1.28524899e-02 1.69664890e-01
    5.87163448e-01 3.21074188e-01 5.08888006e-01 5.84306836e-01
    2.99813360e-01 8.26040447e-01 7.64865398e-01 6.29331231e-01
    7.42528737e-01 8.27315569e-01 6.58785820e-01 5.75764537e-01
    1.75697982e-01 1.84214741e-01 9.67676997e-01 9.52922106e-01
    4.26147908e-01 7.02361763e-01 6.33776784e-01 7.18271315e-01
    7.57319927e-01 2.96996951e-01 7.72280216e-01 2.70290434e-01
    8.08121562e-01 1.11190826e-01 8.73003602e-01 8.00868750e-01
    9.93556380e-01 8.49231184e-01 5.57132244e-01 2.12056071e-01
    1.00444466e-01 9.37662005e-01 4.98760939e-02 3.93385231e-01
    9.44073796e-01 7.92224765e-01 1.33994699e-01 1.75508857e-02
    5.75209498e-01 1.63271427e-01 3.63839567e-01 6.36806548e-01
    9.72073019e-01 9.99541998e-01 6.92324579e-01 5.35543263e-01
    4.32944655e-01 6.34687483e-01 4.29597497e-03 2.09447742e-01
    7.33755946e-01 5.75427890e-01 8.36782336e-01 3.65513593e-01
    2.18169928e-01 5.63395381e-01 4.30668294e-02 6.07499540e-01
    1.99160308e-01 3.94467562e-01 3.45414370e-01 6.81022108e-01
    8.60677958e-02 2.83228129e-01 5.43179691e-01 6.91963077e-01
    4.28778887e-01 5.83769083e-01 6.92851126e-01 8.07075083e-01
    6.53007150e-01 4.53592241e-02 6.70908988e-01 4.49178427e-01
    6.53161287e-01 1.21867359e-01 8.27812195e-01 1.53242946e-02
    3.52838933e-01 3.75954807e-02 3.27760518e-01 7.43955612e-01
    9.19211626e-01 9.11105156e-01 6.36878192e-01 4.55710292e-01
    7.20552087e-01 9.75360870e-01 9.38197076e-02 6.54170275e-01
    8.11513662e-01 7.41300046e-01 5.11814952e-01 3.34181726e-01
    5.34737408e-01 4.25457358e-02 8.93292665e-01 4.07788664e-01
    6.51433349e-01 8.32065165e-01 9.44566309e-01 5.38177848e-01
    9.15246725e-01 3.95942390e-01 9.87074494e-01 5.16694784e-01
    5.03897309e-01 5.33634484e-01 4.32643920e-01 6.44139767e-01
    8.86462688e-01 4.60245669e-01 9.57919121e-01 8.61320198e-02
    9.22799766e-01 8.16281080e-01 5.89490116e-01 3.29762280e-01
    7.81751871e-01 4.36142355e-01 5.35577238e-02 3.61608028e-01
    6.00168884e-01 6.71409965e-02 9.71472740e-01 7.55612016e-01
    1.81298584e-01 6.08474016e-01 9.13993835e-01 3.21860701e-01
    3.52508724e-02 3.56689572e-01 1.40445441e-01 9.47499394e-01
    1.40486747e-01 7.77548671e-01 7.37110913e-01 9.73535895e-01
    9.12743807e-01 3.27140510e-01 4.31038678e-01 7.08027124e-01
    2.17340350e-01 6.99334860e-01 1.57549709e-01 9.50978398e-01
    7.25795984e-01 5.45500576e-01 9.14238691e-02 8.61518681e-02
    9.89907801e-01 8.74086320e-01 7.63918757e-01 8.53795171e-01
    6.93645000e-01 3.42091829e-01 4.84580517e-01 4.78973001e-01
    4.93030787e-01 5.77111602e-01 9.20151889e-01 2.65416503e-01
    3.19707870e-01 4.67372805e-01 3.40851098e-01 1.80750459e-01
    1.99385941e-01 7.46154249e-01 2.92631149e-01 5.65634251e-01
    2.25046098e-01 5.42278111e-01 4.81952459e-01 5.48809767e-01
    1.18270099e-01 4.23116833e-01 4.39646840e-02 7.84352064e-01
    1.95522249e-01 2.93672204e-01 6.67485893e-02 4.45831746e-01
    5.44324219e-01 6.30076706e-01 1.40945554e-01 1.06137544e-01
    3.66512835e-01 6.66138768e-01 2.02367067e-01 6.63751006e-01
    6.56472504e-01 5.01015902e-01 9.20957923e-01 8.88696790e-01
    8.85988832e-01 8.42903852e-01 3.78195345e-02 6.70516014e-01
    1.52792335e-02 1.93316311e-01 2.95750678e-01 2.04532653e-01
    8.35971594e-01 8.66446018e-01 9.89065409e-01 1.36912316e-01
    1.96975738e-01 7.56536603e-01 7.05180764e-02 1.68208331e-01
    8.59291196e-01 6.27147555e-02 9.87780213e-01 8.36357594e-01
    4.48846281e-01 5.19450366e-01 8.25462043e-01 1.89644516e-01
    5.12613893e-01 2.43959904e-01 7.77282000e-01 9.92934227e-01
    1.12406671e-01 8.50401163e-01 9.73501086e-01 3.01507533e-01
    5.80581129e-01 2.97355294e-01 9.90638375e-01 4.91110802e-01
    9.49567199e-01 3.90015662e-01 9.69642401e-01 9.51858044e-01
    4.97609377e-04 9.78494883e-02 3.94376010e-01 4.10468221e-01
    7.65022278e-01 8.63384724e-01 5.63137650e-01 1.43996686e-01
    9.37440038e-01 1.45545602e-02 8.28716159e-01 5.70031464e-01
    4.27196920e-01 8.56187046e-02 6.37956262e-02 3.36943746e-01
    9.88611400e-01 5.57855487e-01 2.40116805e-01 9.05569673e-01
    2.67866343e-01 7.26276517e-01 4.12097812e-01 4.57904190e-01
    1.92087978e-01 5.68357170e-01 7.68712699e-01 1.45529479e-01
    5.44763923e-01 7.98904777e-01 3.92446131e-01 9.24719572e-01
    4.36993003e-01 1.59683526e-01 6.19923294e-01 7.05960870e-01
    5.27061224e-01 2.63720393e-01 3.30418348e-02 4.76876915e-01
    5.34659982e-01 2.71527022e-01 3.94332111e-01 9.80331898e-02
    7.43375897e-01 4.59589511e-01 8.47915888e-01 8.67334068e-01
    6.72026932e-01 2.94056326e-01 1.56458706e-01 3.67725015e-01
    5.90243638e-01 5.14455259e-01 9.49873924e-01 9.53873873e-01
    2.24213570e-01 5.87912083e-01 8.99337530e-01 2.24252820e-01
    6.71742380e-01 7.87373304e-01 4.94326711e-01 7.56921113e-01
    1.10739559e-01 2.66052544e-01 1.80974811e-01 3.85158122e-01
    2.88203716e-01 9.07371700e-01 4.58934844e-01 2.84382164e-01
    5.12627900e-01 6.40119910e-01 3.16996753e-01 7.92056143e-01
    1.12023592e-01 3.29439312e-01 8.24652672e-01 6.26138091e-01
    1.94767416e-01 5.31523466e-01 2.83161819e-01 2.42075711e-01
    5.72087228e-01 1.80235028e-01 1.68158531e-01 9.17363763e-02
    4.88447428e-01 9.75783467e-02 3.90759289e-01 9.29233491e-01
    6.23349547e-01 8.62255216e-01 4.94678766e-01 6.80091679e-02
    3.89594615e-01 4.90212679e-01 5.14324486e-01 6.36523545e-01
    2.76974082e-01 4.27383661e-01 3.36552560e-02 1.97207481e-01
    4.96596724e-01 1.57862246e-01 2.23101616e-01 3.77961636e-01
    7.34783292e-01 2.94016004e-02 9.85858917e-01 8.16147923e-02
    6.53760672e-01 2.61022180e-01 6.61137581e-01 8.34999919e-01
    4.96350050e-01 9.12441969e-01 9.36965764e-01 2.35238373e-01
    1.88811630e-01 7.28773415e-01 2.38931537e-01 5.65687239e-01
    1.13426507e-01 9.27448511e-01 8.43300939e-01 2.60918260e-01
    9.64650631e-01 5.54706454e-01 3.87915730e-01 7.63270020e-01
    1.46399707e-01 8.45205009e-01 3.33678603e-01 3.84951234e-02
    7.16434002e-01 1.47320241e-01 7.20704138e-01 8.02438736e-01
    2.11580575e-01 2.21118778e-01 5.70294738e-01 4.16950822e-01
    5.74200451e-01 9.04666305e-01 4.08444643e-01 9.19844389e-01
    9.95095968e-02 7.92047381e-01 4.49436605e-02 3.84119004e-01
    9.91359711e-01 8.85441005e-02 1.83744490e-01 6.45376384e-01
    9.43351090e-02 6.48201823e-01 9.57974017e-01 6.12726808e-01
    8.26575398e-01 5.05238831e-01 7.73959875e-01 8.82645965e-01
    1.52913600e-01 6.51389897e-01 2.16581523e-02 6.77887082e-01
    1.92886055e-01 7.22975850e-01 8.39060843e-02 3.82559001e-02
    8.94725919e-01 3.44931364e-01 1.85816109e-01 9.85982060e-01
    8.73997629e-01 8.40065420e-01 7.08966613e-01 1.50809914e-01
    8.16122174e-01 6.94419980e-01 4.89643425e-01 5.75500488e-01
    1.84914500e-01 1.75106108e-01 2.66533494e-02 9.64198828e-01
    8.80243301e-01 8.93341780e-01 7.29799569e-01 9.61101294e-01
    3.58989775e-01 4.52356160e-01 7.04272866e-01 5.88942170e-01
    4.46273059e-01 1.95406973e-01 4.00654525e-01 6.76696897e-01
    7.49170184e-01 3.47450018e-01 4.43102926e-01 4.81439620e-01
    4.22902554e-01 2.86565840e-01 5.54201663e-01 3.41283381e-01
    7.47421861e-01 7.59854376e-01 3.75232399e-02 5.35718679e-01
    4.70440835e-01 2.77145833e-01 1.63999528e-01 2.08741575e-01
    9.01590645e-01 9.64231253e-01 8.46406639e-01 6.90780044e-01
    6.52463317e-01 1.46264642e-01 6.64900482e-01 1.79984599e-01
    3.87476683e-02 3.96422923e-01 1.15040302e-01 1.52961373e-01
    5.75057209e-01 7.20451355e-01 9.12581563e-01 4.06501472e-01
    5.15755653e-01 1.93869680e-01 1.82851434e-01 3.05595636e-01
    9.31627452e-01 1.64929152e-01 2.49529243e-01 9.39639330e-01
    1.21130317e-01 5.89335978e-01 7.13281453e-01 6.41279221e-02
    1.31973773e-01 8.67441773e-01 6.46876514e-01 1.78292125e-01
    4.90234822e-01 2.36103624e-01 1.43383056e-01 3.44818264e-01
    1.39606684e-01 5.18440366e-01 1.41885579e-02 9.36229527e-02
    1.36517137e-01 9.80269253e-01 7.04250515e-01 3.39854658e-01
    5.91911793e-01 5.69006920e-01 6.33946896e-01 9.50032592e-01
    3.71856689e-01 1.43658340e-01 9.18197572e-01 2.84613907e-01
    2.85369098e-01 6.88236058e-02 8.24942470e-01 8.02797437e-01
    2.15648383e-01 2.12093115e-01 7.78254986e-01 8.32545996e-01
    4.39583033e-01 8.56555283e-01 7.70060778e-01 8.05340886e-01
    8.08127284e-01 8.85975540e-01 5.52205920e-01 6.95230782e-01
    4.32353318e-01 9.36608553e-01 3.28035653e-01 9.21657920e-01
    1.97997689e-01 1.03013903e-01 3.46467793e-01 4.15816814e-01
    3.67838979e-01 6.54783607e-01 6.92745686e-01 2.25479692e-01
    1.70026690e-01 2.40688831e-01 5.51415503e-01 3.62742543e-02
    7.41910994e-01 6.20106757e-01 8.53552401e-01 5.91607690e-02
    2.28605002e-01 2.62444794e-01 9.00488973e-01 2.00607896e-01
    4.57468331e-02 7.70698071e-01 7.18886852e-01 8.45347047e-01
    2.16441751e-02 6.82810605e-01 3.46151382e-01 1.41797990e-01
    4.68709171e-01 5.03956497e-01 2.70583332e-02 3.94774497e-01
    5.53408146e-01 9.26547527e-01 5.94421387e-01 2.22119987e-02
    4.89120483e-01 5.00244737e-01 4.91223037e-01 8.05691481e-01
    8.35691690e-01 6.32116497e-02 9.72949684e-01 7.32634783e-01
    9.85522985e-01 1.38828158e-01 6.23518109e-01 7.50595927e-01
    6.14331603e-01 4.13463593e-01 2.94416845e-02 3.11744153e-01
    2.58497149e-01 3.73407423e-01 3.48232329e-01 5.00891745e-01
    4.66563463e-01 2.59765536e-01 5.57218313e-01 7.58720994e-01
    9.12518382e-01 7.67697096e-01 2.38093406e-01 8.45634937e-01
    7.61945724e-01 9.35719192e-01 3.74205768e-01 7.90592194e-01
    5.56890309e-01 4.59078044e-01 9.37244534e-01 5.33385277e-02
    4.02739167e-01 3.99487615e-01 9.06332970e-01 4.00350302e-01
    1.66387647e-01 8.01011026e-02 4.12842929e-01 4.81268764e-02
    9.08045352e-01 7.17353523e-01 1.90702170e-01 1.54564679e-01
    4.29322362e-01 6.33877695e-01 8.60687613e-01 5.25228620e-01
    7.67458439e-01 8.76206517e-01 2.24920571e-01 8.12013566e-01
    1.38646573e-01 1.27401471e-01 1.60745949e-01 1.46099240e-01
    6.60333514e-01 1.93442494e-01 3.73529375e-01 7.65112996e-01
    4.06438708e-01 1.00300997e-01 5.03730297e-01 4.32919085e-01
    5.93954802e-01 4.74889308e-01 5.92127919e-01 5.75457394e-01
    9.63076949e-01 8.19354653e-02 9.30086851e-01 1.91994309e-01
    7.02389121e-01 4.82020438e-01 5.52445769e-01 5.79051018e-01
    9.70780134e-01 5.36555052e-01 8.57833982e-01 7.04488158e-01
    1.16627961e-01 6.90530360e-01 7.28916764e-01 4.08869982e-03
    2.26274401e-01 9.70651984e-01 3.33651543e-01 9.27849710e-01
    2.92875737e-01 2.44383663e-01 8.79418790e-01 5.28733850e-01
    2.10349888e-01 3.49799007e-01 5.76738596e-01 1.15294039e-01
    1.80961788e-02 9.22522068e-01 8.88226569e-01 2.87661672e-01
    7.37544775e-01 8.16368401e-01 2.70248294e-01 9.83271003e-02
    5.33522844e-01 3.06204557e-01 2.85867274e-01 6.59576833e-01
    4.40845698e-01 7.70730555e-01 8.63027334e-01 2.36130834e-01
    5.07606268e-01 5.80784321e-01 4.91026253e-01 2.92861640e-01
    5.66377521e-01 2.21923381e-01 6.19083345e-02 7.92668164e-01
    7.86592185e-01 2.92263567e-01 1.10213786e-01 5.09027123e-01
    1.08126104e-01 2.32819825e-01 7.75272727e-01 9.74456310e-01
    8.29698801e-01 6.98701441e-01 8.48400712e-01 3.34654123e-01
    5.27502716e-01 2.80374944e-01 7.34518468e-01 7.69346833e-01
    9.66231108e-01 2.42200196e-01 6.58267617e-01 3.00509483e-01
    3.95548344e-02 1.55790627e-01 7.49818921e-01 7.45822787e-01
    1.99342191e-01 8.24614644e-01 7.37988293e-01 4.32503402e-01
    1.13597512e-01 5.64824045e-02 2.28486001e-01 8.87585461e-01
    3.76962572e-01 2.99250484e-01 9.42850232e-01 6.52880073e-01
    6.85839951e-02 5.67097843e-01 7.62563944e-03 7.65683293e-01
    1.12995118e-01 8.17812085e-02 7.87284434e-01 5.29911458e-01
    4.43327099e-01 8.23501050e-02 9.80204105e-01 1.70241922e-01
    2.86738276e-01 8.71286154e-01 5.13891399e-01 8.19527984e-01
    1.04760259e-01 6.16592765e-01 5.16488254e-02 8.32799435e-01
    2.44461775e-01 5.87807953e-01 2.13216245e-02 6.25507236e-02
    3.12745780e-01 7.45633960e-01 9.69963551e-01 4.52162713e-01
    6.34261370e-01 7.46954083e-01 5.68308473e-01 9.20666695e-01
    3.68066430e-01 1.56310111e-01 2.79440939e-01 8.30709398e-01
    5.62614202e-01 7.64625728e-01 2.11226523e-01 7.15115428e-01
    9.52512503e-01 4.87157494e-01 2.07715780e-01 2.37658381e-01
    1.89384282e-01 1.42258495e-01 5.56255996e-01 7.59097934e-01
    9.17472959e-01 5.36530852e-01 8.88187766e-01 8.32486153e-02
    5.24510443e-02 8.91411543e-01 6.72309697e-02 6.80481493e-01
    2.23633498e-01 9.94661570e-01 4.63124216e-02 5.50089896e-01
    2.24882364e-02 6.35312200e-02 6.27550006e-01 6.36959732e-01
    2.11170614e-01 4.27370012e-01 5.36563694e-02 5.65282941e-01
    2.13957816e-01 9.50136364e-01 5.03081024e-01 1.56020433e-01
    4.75526124e-01 3.05700958e-01 4.59533542e-01 6.49886608e-01
    6.57173634e-01 5.45973897e-01 9.49748814e-01 3.52462441e-01
    4.90708858e-01 6.67861044e-01 8.39352250e-01 3.71229827e-01
    7.62921035e-01 2.80675381e-01 1.38106436e-01 3.91323388e-01
    5.45532048e-01 4.40600961e-01 3.57541800e-01 4.56883699e-01
    8.95894051e-01 5.83550513e-01 1.48127019e-01 8.36216927e-01
    9.83404160e-01 7.13050544e-01 1.93005323e-01 3.22471261e-02
    4.25067961e-01 2.45209366e-01 6.25630021e-01 1.14047915e-01
    8.45392704e-01 7.99033284e-01 4.25422758e-01 1.91782534e-01
    8.97189856e-01 9.81889606e-01 6.75077081e-01 2.17878819e-01
    3.16663891e-01 9.65778887e-01 1.91393405e-01 4.14682060e-01
    8.90155673e-01 8.67715895e-01 6.58421278e-01 6.59983814e-01
    5.71961403e-01 4.95056510e-01 9.51360822e-01 7.21502602e-01
    4.96921837e-01 9.54355240e-01 9.56824541e-01 3.00742805e-01
    1.22465283e-01 8.79706502e-01 2.94179946e-01 8.00368428e-01
    1.23016655e-01 8.93839300e-01 8.15389812e-01 2.75093734e-01
    1.94318444e-01 8.03206325e-01 9.95163858e-01 8.39601994e-01
    8.80216241e-01 1.19604528e-01 5.78711808e-01 3.99565607e-01
    9.83576179e-02 4.31331068e-01 9.00354385e-01 1.51902854e-01
    3.04829478e-02 2.28999257e-01 9.86733496e-01 7.13276029e-01
    6.28414750e-03 2.45493799e-01 6.29718602e-02 8.29600394e-01
    2.61950314e-01 3.82100224e-01 8.53209257e-01 7.34639883e-01
    3.28081906e-01 7.17180789e-01 6.84418678e-02 2.16077358e-01
    9.38212156e-01 1.35225028e-01 8.23813438e-01 4.66048598e-01
    6.47063553e-02 4.51636016e-02 9.46784973e-01 4.93221253e-01
    1.61577910e-01 6.92757726e-01 7.02179372e-01 4.64046597e-01
    3.91819954e-01 6.59910619e-01 4.34228301e-01 3.27921748e-01
    6.86027706e-01 9.98067975e-01 4.83249456e-01 4.52237368e-01
    6.81850612e-01 9.61254597e-01 7.89072275e-01 3.27333957e-01
    6.37761652e-02 4.85387564e-01 2.35237092e-01 1.84471548e-01
    1.11030936e-02 3.76227349e-01 5.44880748e-01 1.18374109e-01
    6.46779835e-02 8.79672170e-01 4.89873290e-02 5.41763425e-01
    5.78124404e-01 4.54026252e-01 7.77972341e-02 8.99889708e-01
    1.75927401e-01 7.57973790e-02 1.39801711e-01 3.59782100e-01
    2.48436272e-01 7.35761404e-01 1.95480883e-01 7.71432161e-01
    4.58366036e-01 3.19600582e-01 3.88831496e-01 9.78242815e-01
    7.52149820e-01 1.67189121e-01 5.98494411e-01 6.83839321e-02
    6.10654831e-01 1.70993567e-01 6.52298033e-01 7.91385233e-01
    8.20966601e-01 9.32043314e-01 7.49632478e-01 1.98874652e-01
    8.55213165e-01 5.77676415e-01 9.08332169e-02 9.60465789e-01
    5.62576473e-01 2.50696689e-01 1.91328496e-01 5.06076813e-01
    5.67276537e-01 8.74025345e-01 5.39398074e-01 5.86394072e-02
    4.87386495e-01 3.04745287e-01 7.39739954e-01 3.89705330e-01
    9.45359349e-01 9.82488215e-01 6.89004779e-01 4.84844416e-01
    3.87860417e-01 9.48397756e-01 7.31510818e-02 8.48062158e-01
    8.70251417e-01 2.70607173e-01 9.51800346e-01 3.07913125e-01
    3.51070106e-01 5.48429847e-01 6.63777232e-01 7.26928890e-01
    6.50009513e-01 2.34981537e-01 8.28664184e-01 4.82583433e-01
    1.84674680e-01 6.34441912e-01 2.54278183e-02 8.60160828e-01
    5.08993685e-01 8.36124778e-01 7.19765365e-01 4.78852034e-01
    7.23625720e-01 2.41756290e-01 5.99006474e-01 5.84163308e-01
    7.93722034e-01 7.59752393e-02 8.94266963e-01 8.98036957e-02
    6.02207184e-01 6.70077801e-01 4.13126826e-01 2.64851391e-01
    8.63397121e-01 3.69302452e-01 6.23056889e-01 4.19130921e-03
    7.38963008e-01 7.49883592e-01 8.42927873e-01 3.27243835e-01
    6.76058531e-01 8.60413432e-01 4.29202527e-01 4.47333455e-01
    2.70638227e-01 5.13594151e-01 3.69869709e-01 9.85911369e-01
    1.51393205e-01 3.59526515e-01 2.28089571e-01 3.58819127e-01
    1.49348348e-01 8.05792332e-01 5.06995618e-01 5.41447639e-01
    9.67554212e-01 3.55573535e-01 4.94117647e-01 4.71437961e-01
    3.29435170e-01 8.64368379e-02 3.22214812e-01 2.22907960e-01
    6.44842982e-01 7.71047950e-01 8.02225471e-01 4.53633368e-01
    1.18132532e-01 4.04318839e-01 9.76328731e-01 8.25237393e-01
    6.78775907e-01 3.77849400e-01 5.83061874e-02 8.81183565e-01
    7.10678101e-01 5.86570621e-01 6.82185888e-01 3.25032085e-01
    7.34221101e-01 8.72197628e-01 9.00342345e-01 1.04966730e-01
    3.37997019e-01 5.46741188e-01 5.13876975e-01 5.22508144e-01
    6.04003310e-01 2.93258786e-01 8.02269220e-01 4.88092363e-01
    6.51061237e-01 6.28276408e-01 4.02355522e-01 7.61121869e-01
    8.09864521e-01 1.74045920e-01 2.73168951e-01 6.06661797e-01
    4.28014517e-01 8.52907062e-01 4.77208287e-01 4.34597075e-01
    5.03915250e-02 8.56852055e-01 3.38244915e-01 2.34252214e-03
    5.58102548e-01 2.40234822e-01 2.24875629e-01 3.79357398e-01
    7.80197203e-01 8.34398270e-02 5.24826944e-02 9.75489855e-01
    8.75462234e-01 5.55160403e-01 9.11440015e-01 7.55849659e-01
    6.57862544e-01 9.22504544e-01 8.93120050e-01 2.25397140e-01
    6.75053060e-01 4.84842807e-01 8.33412111e-02 1.05659395e-01
    1.77031845e-01 4.82868075e-01 8.99443090e-01 5.97830832e-01
    7.94023812e-01 4.70242321e-01 9.71472979e-01 5.93171537e-01
    6.17957175e-01 3.89984548e-01 4.90466207e-01 3.40368271e-01
    6.02250755e-01 1.83494359e-01 3.90032530e-02 8.59379649e-01
    5.34606159e-01 2.15401053e-02 1.84340030e-01 4.08961773e-02
    2.61699855e-02 9.73764181e-01 3.36369514e-01 4.73726660e-01
    7.53483474e-02 1.87418550e-01 3.56486440e-02 1.96104795e-01
    4.72877175e-01 6.79677188e-01 2.20931351e-01 8.24076235e-01
    7.52259314e-01 5.68525195e-01 7.65229821e-01 2.37713039e-01
    1.47162735e-01 9.30074334e-01 9.58046794e-01 9.08231378e-01
    4.04432893e-01 7.16300666e-01 9.16702032e-01 4.82529998e-01
    4.45611715e-01 8.51880789e-01 2.63583601e-01 9.72160816e-01
    8.40921998e-01 5.28134346e-01 6.37614727e-02 8.56794715e-01
    7.01658428e-01 7.40747809e-01 8.58078957e-01 7.10444450e-02
    9.27365243e-01 4.75441158e-01 4.27922249e-01 5.83250821e-01
    9.78819132e-01 2.19470918e-01 1.77482933e-01 8.93579602e-01
    7.17587113e-01 2.65988231e-01 3.02862406e-01 6.84832990e-01
    3.77200246e-02 2.16132998e-02 8.50912213e-01 9.38614130e-01
    8.65909159e-02 3.67463470e-01 1.22080684e-01 5.77526093e-01
    3.99729013e-02 5.19327402e-01 1.66351229e-01 7.57426918e-01
    4.22680855e-01 2.84695923e-01 8.41066539e-01 6.68259978e-01
    3.67520183e-01 7.36502349e-01 4.39706951e-01 8.97538304e-01
    2.44341493e-02 7.15522408e-01 2.96286672e-01 2.68300354e-01
    6.45710707e-01 5.08060873e-01 7.03968048e-01 8.63316655e-02
    4.83615041e-01 2.81450212e-01 9.25409496e-02 4.08751577e-01
    9.62773919e-01 8.81979108e-01 9.47280347e-01 3.35273176e-01
    2.78181523e-01 9.92190242e-01 6.88118458e-01 8.50000262e-01
    3.54091525e-01 4.15437400e-01 4.87414241e-01 5.46788812e-01
    5.58374226e-01 8.71111810e-01 1.41102612e-01 5.07749796e-01
    2.34864146e-01 7.00956583e-01 3.15293610e-01 9.09109712e-02
    2.84083605e-01 2.56079733e-02 9.65652466e-01 3.46009731e-01
    7.40610242e-01 6.78212702e-01 7.96255231e-01 9.86565590e-01
    3.09261471e-01 8.52401972e-01 7.99517214e-01 8.31127644e-01
    5.06981730e-01 1.42596781e-01 9.32905912e-01 7.36375093e-01
    9.26073730e-01 6.19869292e-01 1.20378882e-01 9.05137777e-01
    7.07348645e-01 3.99060845e-01 8.65635514e-01 2.11767882e-01
    4.71856356e-01 7.55970001e-01 5.73983431e-01 4.89754260e-01
    1.52022958e-01 1.90258920e-01 3.22973609e-01 1.26164883e-01
    4.94576722e-01 1.80626839e-01 5.86867034e-02 2.78906286e-01
    1.72402054e-01 4.51932728e-01 2.96729237e-01 8.12677383e-01
    3.00931960e-01 1.97708607e-03 6.97466493e-01 5.86007953e-01
    7.64354110e-01 5.95253110e-01 1.29664004e-01 6.22800350e-01
    5.03326714e-01 8.61947358e-01 8.33754539e-01 2.00629443e-01
    2.78249025e-01 2.13682503e-01 6.80960178e-01 4.26799059e-03
    7.32578158e-01 3.03979039e-01 8.30630541e-01 3.10538203e-01
    2.17867583e-01 7.76485801e-02 3.86359304e-01 9.57574368e-01
    3.79495025e-01 7.25382149e-01 8.12148988e-01 8.80275786e-01
    8.72299671e-01 4.90105569e-01 6.42611384e-01 3.05876762e-01
    5.08447587e-01 2.88351953e-01 8.50093484e-01 1.84304893e-01
    7.89047003e-01 1.26980543e-02 9.86509860e-01 5.16727567e-03
    2.23043770e-01 5.96828163e-01 3.51326048e-01 4.98562276e-01
    5.13045967e-01 5.21435201e-01 4.70876366e-01 1.19106382e-01
    7.01464117e-01 8.62156153e-01 6.86244905e-01 5.98304868e-02
    7.61419773e-01 1.54740036e-01 3.45051229e-01 3.10977608e-01
    5.75996041e-01 7.48090506e-01 8.31949234e-01 2.46816278e-02
    1.02751076e-01 6.06564283e-01 5.42422771e-01 8.21456313e-01
    8.62275958e-01 5.54493606e-01 4.56036299e-01 7.34995842e-01
    5.84571362e-01 3.31351757e-01 4.78921533e-01 3.55857193e-01
    9.84352827e-02 8.66135359e-01 6.36984587e-01 1.17760926e-01
    9.96000171e-02 2.53310502e-02 7.16910720e-01 8.76089633e-01
    3.81638229e-01 2.02760279e-01 3.51299554e-01 6.61008477e-01
    1.81552887e-01 9.21987832e-01 4.59925860e-01 1.94041789e-01
    3.00031662e-01 2.40216702e-01 6.67715073e-02 8.11419725e-01
    4.60402340e-01 7.44417250e-01 7.50303030e-01 3.05597246e-01
    3.78540874e-01 8.58145118e-01 3.19724113e-01 3.32808495e-01
    5.34717977e-01 2.05028355e-02 5.41852772e-01 1.62585229e-01
    1.13766372e-01 7.73746967e-01 2.70068824e-01 9.72685099e-01
    5.90487719e-02 5.77587664e-01 4.84238118e-01 7.49853253e-03
    7.26972461e-01 1.93196118e-01 2.96801239e-01 8.81890357e-01
    1.32488042e-01 2.40354002e-01 7.77148604e-01 3.04432988e-01
    8.14970374e-01 6.74122095e-01 7.66534805e-02 8.52575302e-01
    2.98148394e-02 1.09375656e-01 1.35338783e-01 5.86790740e-02
    2.40729541e-01 4.34920490e-02 7.18270242e-02 3.52311134e-02
    1.86598778e-01 2.57680595e-01 6.40724063e-01 9.69350338e-03
    8.76872838e-02 8.51855159e-01 5.40220439e-02 7.59500146e-01
    6.32153273e-01 9.90796566e-01 2.28556335e-01 4.50655073e-01
    7.54365206e-01 7.91713715e-01 4.36131954e-02 1.66715324e-01
    6.38972700e-01 4.84196573e-01 7.56904840e-01 5.98280132e-01
    7.24220276e-02 3.82645249e-01 2.85374194e-01 6.36271000e-01
    7.69683003e-01 1.56998903e-01 1.14351302e-01 5.79767466e-01
    4.23867077e-01 5.50105453e-01 1.21700168e-02 4.00442481e-02
    9.92846370e-01 8.47058713e-01 6.68272376e-01 6.01950884e-01
    1.95227951e-01 7.18020320e-01 6.08309150e-01 7.19297230e-02
    4.80849296e-01 8.44618082e-01 7.61104345e-01 5.02104044e-01
    8.42438102e-01 4.58398640e-01 6.46008134e-01 8.80461454e-01
    5.85539341e-02 3.89206469e-01 7.68362880e-02 1.01850152e-01
    4.10903931e-01 2.93296456e-01 2.22487241e-01 3.50720763e-01
    9.28616524e-03 3.75208557e-02 3.88205826e-01 8.05679560e-02
    8.60253274e-02 7.17751384e-02 4.77123410e-01 8.76482129e-02
    7.25526035e-01 3.38376820e-01 3.71877313e-01 3.81432772e-02
    8.70151162e-01 1.97362125e-01 1.42804980e-01 1.54083610e-01
    2.36406714e-01 7.06299782e-01 3.13548297e-01 7.90042281e-01
    5.79176605e-01 6.00681603e-01 9.95678782e-01 4.60918427e-01
    1.75425142e-01 7.83580780e-01 8.54487181e-01 8.65285397e-01
    3.06669354e-01 6.14141643e-01 7.44822025e-01 8.67900968e-01
    1.80162519e-01 9.21588838e-02 1.63365871e-01 9.52272952e-01
    1.07898414e-02 9.23058510e-01 7.45789051e-01 9.51047421e-01
    7.80510306e-01 3.63263339e-01 6.07692301e-02 4.95642036e-01
    8.63599718e-01 4.75597024e-01 4.28447306e-01 7.64496028e-01
    7.45622456e-01 1.92308992e-01 3.29970568e-01 7.45004654e-01
    1.34156197e-01 5.84203601e-01 6.90951765e-01 7.48775840e-01
    1.49590582e-01 1.45691156e-01 6.65045261e-01 5.56761026e-03
    5.57060778e-01 7.58516729e-01 1.32558972e-01 1.04404747e-01
    4.15437847e-01 8.29780817e-01 4.04799700e-01 2.47770131e-01
    6.37162328e-01 5.38345098e-01 2.12318748e-01 7.63172448e-01
    4.03192669e-01 8.38129044e-01 9.16874766e-01 8.26082468e-01
    1.06438309e-01 9.91319299e-01 9.99663889e-01 4.60159242e-01
    3.43319356e-01 5.27690470e-01 5.12959361e-01 7.91542530e-02
    2.10253388e-01 4.67356294e-01 4.65770990e-01 1.96085840e-01
    1.22647822e-01 3.12025726e-01 3.98134410e-01 1.09708965e-01
    8.57213020e-01 8.32879066e-01 2.19542354e-01 6.69383049e-01
    7.46584952e-01 1.24245495e-01 7.73169756e-01 4.91113663e-02
    7.95269132e-01 1.77644819e-01 4.01938796e-01 9.82704043e-01
    5.26307762e-01 9.52717781e-01 9.61383402e-01 9.41032767e-01
    3.87570381e-01 2.41510421e-01 4.78015482e-01 8.50940585e-01
    8.17867875e-01 9.21430707e-01 5.92889309e-01 3.11329544e-01
    3.73888999e-01 5.31448245e-01 2.86226690e-01 2.41444737e-01
    2.47190744e-01 8.76942992e-01 9.13386881e-01 7.38307953e-01
    8.19700718e-01 4.56945896e-01 2.03696549e-01 4.41077352e-01
    3.83650661e-02 9.36379433e-02 1.89680368e-01 2.81093270e-01
    4.79409456e-01 7.16848969e-01 3.42762619e-01 2.95633405e-01
    6.55512214e-02 4.96604174e-01 7.68834114e-01 4.17650461e-01
    4.27701175e-01 9.47075486e-01 6.31549656e-01 1.34112477e-01
    9.17842865e-01 8.70387554e-01 8.26683939e-02 3.61253262e-01
    3.69499743e-01 9.50819731e-01 7.75956988e-01 9.32794571e-01
    9.10652161e-01 3.46715450e-02 6.64960742e-01 2.45638549e-01
    8.28665435e-01 1.74475402e-01 8.31607580e-01 2.89622992e-01
    1.86621100e-01 8.23502541e-02 9.56607997e-01 8.45736921e-01
    4.72856611e-01 1.28853470e-01 2.95896173e-01 3.34432602e-01
    2.23450333e-01 5.57051480e-01 6.13968313e-01 5.86983263e-01
    4.25810397e-01 9.81555700e-01 3.14645171e-01 2.74241745e-01
    3.51167381e-01 9.07907307e-01 8.32664132e-01 5.25656819e-01
    8.66135597e-01 3.12230229e-01 3.49586070e-01 6.84168637e-01
    3.70260000e-01 7.68795490e-01 1.16988093e-01 4.18034494e-01
    6.29199326e-01 6.67054653e-01 7.00098991e-01 4.06790376e-01
    4.52982128e-01 2.20447421e-01 9.35464561e-01 6.25780404e-01
    3.05026144e-01 3.75228256e-01 5.15010357e-02 1.76370144e-01
    8.55797410e-01 3.71091336e-01 5.58242083e-01 8.78316998e-01
    2.18013942e-01 1.67318135e-01 2.14829743e-02 4.32369113e-02
    6.22100830e-01 1.05010539e-01 2.39528358e-01 4.11704421e-01
    3.67824674e-01 6.49563015e-01 6.21705055e-01 1.41758144e-01
    6.66908145e-01 6.17751241e-01 3.77335101e-01 9.63638067e-01
    4.14998263e-01 4.25622523e-01 6.95700645e-01 9.03667212e-01
    7.76142836e-01 2.80744493e-01 2.47550428e-01 2.66553164e-02
    5.69474638e-01 7.68768787e-03 8.28253686e-01 7.92119861e-01
    7.51748919e-01 7.23509550e-01 1.34953976e-01 5.41848481e-01
    2.92595446e-01 8.73115182e-01 4.07770872e-01 5.55630326e-02
    4.21130955e-01 2.22331822e-01 9.06636000e-01 8.15955400e-01
    2.32982486e-01 1.46672457e-01 7.06415415e-01 5.19600272e-01
    2.55963087e-01 3.49008143e-01 9.34480131e-02 4.67408806e-01
    7.95973778e-01 7.26808310e-02 7.94910789e-01 6.00111783e-01
    7.70296216e-01 7.48361349e-01 9.21345174e-01 9.12300348e-02
    4.22297299e-01 6.93056703e-01 5.22897243e-01 7.19017029e-01
    4.34194148e-01 4.75306332e-01 8.98202896e-01 1.28876835e-01
    6.79327965e-01 2.31752783e-01 9.48670745e-01 4.02082980e-01
    2.61499494e-01 3.59449446e-01 3.31718594e-01 4.78491873e-01
    1.02805823e-01 8.95752430e-01 2.00669318e-01 4.40333664e-01
    8.81581903e-01 3.44338715e-02 2.82353222e-01 5.68703890e-01
    7.17419386e-01 6.77771866e-01 4.60493326e-01 5.84465325e-01
    3.92894685e-01 7.36171722e-01 8.49487424e-01 4.89414126e-01
    6.74759746e-01 5.19088447e-01 3.18641484e-01 8.13581109e-01
    9.60916042e-01 8.51713061e-01 5.48666418e-01 7.42623866e-01
    9.27955151e-01 3.64862859e-01 7.75867879e-01 6.50067389e-01
    5.56782305e-01 1.19523287e-01 9.61200237e-01 7.86095619e-01
    5.95481992e-01 7.39834130e-01 2.80492723e-01 5.11328757e-01
    8.41844857e-01 3.27660948e-01 8.08237910e-01 2.75731444e-01
    9.50190425e-01 6.52156651e-01 7.45886266e-02 1.75566882e-01
    5.47338188e-01 2.76190549e-01 9.34341073e-01 3.63852203e-01
    8.75443220e-01 5.21818697e-01 5.18307388e-01 4.91618454e-01
    2.52188087e-01 4.49048966e-01 2.06871569e-01 6.54010475e-02
    1.46526784e-01 8.19327116e-01 5.02149045e-01 8.75843465e-02
    1.09297544e-01 3.68257761e-02 3.73654187e-01 7.95210242e-01
    9.53508377e-01 8.52097273e-01 8.74304414e-01 2.85745442e-01
    8.66999030e-01 9.46357310e-01 1.51167393e-01 9.67595816e-01
    7.72424340e-01 5.95100105e-01 3.83459896e-01 7.21119642e-01
    9.60508406e-01 4.52253550e-01 3.39790165e-01 1.30100250e-02
    1.82139933e-01 2.88035095e-01 6.89626276e-01 9.50461268e-01
    7.21584499e-01 1.62186235e-01 2.73318082e-01 3.14766169e-01
    5.26357293e-01 8.21803570e-01 7.25672781e-01 1.37583494e-01
    1.26227975e-01 1.16489232e-02 6.10143423e-01 9.39915597e-01
    3.03542495e-01 7.25666702e-01 3.81313741e-01 9.13092196e-01
    7.03055263e-01 6.00087047e-01 9.81719971e-01 1.58147424e-01
    7.52503097e-01 9.90467668e-01 3.64554107e-01 7.89188623e-01
    2.49283463e-01 3.17767859e-02 4.18209970e-01 9.79445696e-01
    6.07615829e-01 7.02618599e-01 8.63351107e-01 4.89361495e-01
    8.09420407e-01 9.73626018e-01 8.50104034e-01 2.54286051e-01
    6.91446245e-01 7.41345167e-01 2.58305460e-01 9.77620244e-01
    3.03527802e-01 7.57220387e-01 5.74212790e-01 9.74719882e-01
    4.26763684e-01 3.67679179e-01 2.01849639e-02 4.77293074e-01
    8.76107097e-01 2.45293528e-01 7.55668581e-02 2.30799258e-01
    3.02079171e-01 8.98357630e-02 1.80194408e-01 9.90012825e-01
    6.67854786e-01 5.40333152e-01 4.63111281e-01 2.41037130e-01
    1.87402070e-02 9.30924177e-01 8.52010131e-01 1.56103730e-01
    5.09385943e-01 5.53493798e-01 7.84123421e-01 8.29402804e-02
    6.05855584e-01 8.64225566e-01 1.91687554e-01 7.02289581e-01
    1.67801023e-01 9.15274024e-03 7.47837663e-01 9.09051001e-01
    8.06503117e-01 1.77179694e-01 6.20487630e-01 4.80824411e-02
    2.17071772e-01 9.26770687e-01 6.61985755e-01 2.87589908e-01
    4.31390852e-01 6.13334000e-01 4.26134437e-01 3.53769392e-01
    1.26195669e-01 2.00425386e-01 8.56617570e-01 8.60708117e-01
    6.48793519e-01 7.33532548e-01 6.10655367e-01 9.25316572e-01
    2.36644089e-01 6.01521015e-01 7.46158838e-01 7.17887998e-01
    1.26420707e-01 9.92390931e-01 4.69136804e-01 4.36842293e-01
    2.54395992e-01 1.81091696e-01 9.57476020e-01 4.47881252e-01
    6.97847962e-01 6.55902565e-01 1.46705538e-01 4.44432646e-01
    7.50137568e-02 5.62312663e-01 8.82815540e-01 1.67817891e-01
    8.62073123e-01 6.21105909e-01 5.44511974e-01 2.44218141e-01
    4.04648244e-01 2.24912167e-03 8.36156905e-01 5.08417726e-01
    7.53821373e-01 2.11484224e-01 7.38181233e-01 6.08428717e-01
    8.48943472e-01 2.37425804e-01 5.03198385e-01 4.86934930e-01
    7.90437579e-01 7.94346929e-02 9.44551468e-01 1.27091080e-01
    1.47043824e-01 2.76189595e-01 8.44842196e-03 8.16213846e-01
    4.04426038e-01 7.58822322e-01 7.56032407e-01 3.65200460e-01
    1.64143175e-01 3.55876625e-01 9.11204815e-02 5.92992485e-01
    7.74057209e-02 3.51037085e-02 8.71395171e-02 6.27115667e-01
    2.11050719e-01 3.90717387e-01 8.84133458e-01 6.76365972e-01
    9.70813453e-01 1.34283185e-01 6.88948214e-01 7.43774593e-01
    8.10658038e-01 4.29286659e-01 1.52935982e-02 5.70287645e-01
    8.44551682e-01 7.14409649e-01 6.45303786e-01 6.35744274e-01
    2.19330698e-01 5.06186783e-02 6.34691954e-01 7.21399128e-01
    1.35641754e-01 1.55643821e-02 7.62555718e-01 3.24999690e-02
    9.54243779e-01 7.26106644e-01 1.57266915e-01 9.53819454e-02
    4.66550320e-01 4.22390312e-01 4.14946020e-01 2.67353058e-01
    6.09098077e-02 9.85272527e-01 9.62532163e-01 3.88473272e-03
    8.60519707e-02 1.06125176e-02 4.57626909e-01 8.85228276e-01
    1.71381533e-02 8.83568764e-01 6.84343636e-01 6.42937660e-01
    5.18420517e-01 5.04913330e-02 8.56148720e-01 7.81437755e-01
    8.82712960e-01 7.04637170e-02 9.59359229e-01 9.06037509e-01
    1.43494546e-01 3.21918458e-01 6.10973001e-01 2.23675936e-01
    3.72740030e-01 9.74511325e-01 7.67427921e-01 3.26161444e-01
    6.47893548e-03 2.55111098e-01 6.78223252e-01 8.21765840e-01
    7.72931457e-01 4.98026162e-01 9.00249183e-01 7.09288299e-01
    1.96055859e-01 2.97349632e-01 2.14413553e-01 1.51101083e-01
    8.58525932e-01 3.19845796e-01 1.52494729e-01 4.57412928e-01
    2.71063685e-01 8.64379942e-01 8.00502896e-01 7.29666233e-01
    9.50485229e-01 2.98276186e-01 9.98817682e-01 5.70013821e-01
    7.84934163e-01 4.52347159e-01 9.11333203e-01 1.56023085e-01
    6.15955472e-01 9.50655580e-01 2.93237150e-01 7.10059583e-01
    1.20356083e-02 1.79066569e-01 8.54530096e-01 2.15532035e-01
    4.83791143e-01 1.38642997e-01 7.69120336e-01 6.73897088e-01
    1.12800717e-01 9.13034201e-01 8.87102842e-01 1.54422551e-01
    9.32854652e-01 1.55444443e-02 1.03438437e-01 3.10616493e-01
    9.22181010e-01 1.32006317e-01 6.79842591e-01 8.76372099e-01
    7.42955983e-01 9.29555535e-01 1.68189228e-01 7.89832652e-01
    4.01872993e-02 4.20833617e-01 6.05421066e-01 6.01670146e-02
    1.44539297e-01 8.53285313e-01 6.23228252e-01 7.00521231e-01
    3.95200163e-01 6.59707129e-01 9.00836468e-01 7.28448570e-01
    4.21763092e-01 2.43653297e-01 5.23376107e-01 3.32212687e-01
    6.14398956e-01 3.77402842e-01 4.53611910e-01 6.27616823e-01
    3.04510504e-01 2.25315601e-01 2.58875549e-01 2.99236596e-01
    9.54017520e-01 5.93792915e-01 8.22237015e-01 7.33766794e-01
    7.83430636e-02 6.12300873e-01 2.25100398e-01 2.14885652e-01
    8.73448610e-01 6.62899017e-03 4.24823165e-02 6.85894847e-01
    8.71704161e-01 2.04509825e-01 8.33658814e-01 9.70090866e-01
    1.47181004e-01 6.52994871e-01 5.76515317e-01 6.11231208e-01
    6.69981599e-01 5.41192830e-01 6.59447312e-02 4.84615207e-01
    2.56045312e-01 7.95284986e-01 1.54391825e-01 6.88649714e-01
    4.57447141e-01 9.77466345e-01 5.15730500e-01 2.27965683e-01
    2.28099793e-01 2.41919935e-01 7.35556483e-01 8.31104159e-01
    3.77800703e-01 9.41043496e-01 8.09170604e-01 9.38807726e-01
    1.39234006e-01 5.80997705e-01 4.68739778e-01 8.02461028e-01
    1.43537670e-01 4.23569322e-01 9.40106213e-02 2.87975729e-01
    2.01599002e-01 3.55950058e-01 7.81080544e-01 5.66339850e-01
    8.78579617e-01 5.10465086e-01 3.53315204e-01 7.30675578e-01
    9.70137179e-01 6.18071795e-01 5.12984991e-02 1.92340612e-02
    7.02505469e-01 5.49205244e-01 3.42508614e-01 5.10261178e-01
    8.37454200e-01 3.68068010e-01 8.19513738e-01 3.90086114e-01
    6.94294095e-01 7.39808440e-01 8.09986115e-01 6.26895428e-01
    1.01170242e-01 5.13788879e-01 6.47101283e-01 3.41028810e-01
    1.36336625e-01 3.47207308e-01 2.67002285e-02 8.43447089e-01
    3.35130930e-01 2.98523724e-01 6.55768514e-02 3.32935929e-01
    5.46553493e-01 8.01598489e-01 2.83618361e-01 5.79968572e-01
    7.37290263e-01 8.87183487e-01 3.86528343e-01 3.14339697e-01
    8.72528017e-01 8.46372366e-01 8.66940379e-01 3.64198953e-01
    1.10476017e-02 3.32448721e-01 8.43227267e-01 2.79469371e-01
    9.07221556e-01 3.43218058e-01 5.21303654e-01 8.11080337e-01
    4.18317914e-02 3.18699718e-01 8.05251479e-01 8.74558389e-02
    5.34627855e-01 7.04027951e-01 4.59334552e-02 5.40305018e-01
    7.80503333e-01 1.48595780e-01 7.41088748e-01 8.07206929e-01
    2.18268961e-01 2.04331905e-01 3.40781987e-01 3.43860030e-01
    4.97141927e-01 9.60334659e-01 5.26479959e-01 8.35810423e-01
    2.64478147e-01 2.24556655e-01 3.13271701e-01 7.35333443e-01
    8.14750195e-01 1.66015655e-01 5.42751491e-01 1.78567320e-01
    1.56097054e-01 2.13425606e-01 9.31529045e-01 7.37999976e-01
    9.15339589e-01 8.13828230e-01 7.14054406e-01 4.64617640e-01
    3.62877846e-02 1.08334750e-01 7.88125515e-01 5.71239650e-01
    8.26359987e-01 7.72742093e-01 1.75924599e-02 3.53319675e-01
    6.11121356e-01 5.76508939e-01 9.85378146e-01 3.68595898e-01
    6.93308532e-01 1.73838019e-01 3.31655979e-01 1.59869373e-01
    4.88827229e-01 2.42914855e-02 5.87189078e-01 1.04480475e-01
    3.45558107e-01 7.32299387e-02 2.66803920e-01 1.82930708e-01
    9.03573632e-01 2.96173930e-01 8.34653854e-01 8.17210972e-01
    2.35673189e-01 7.43919969e-01 9.72573459e-02 6.16859853e-01
    4.08141255e-01 5.89305460e-02 1.19004577e-01 6.02680743e-02
    6.31138682e-02 3.89122427e-01 6.83707237e-01 2.13363439e-01
    1.61567092e-01 8.76085401e-01 8.05578351e-01 6.12724423e-01
    5.61280787e-01 5.07014215e-01 6.15652204e-01 4.14380819e-01
    3.28691244e-01 2.17279464e-01 9.77718592e-01 9.30398226e-01
    1.86268151e-01 2.98266530e-01 9.30419981e-01 4.49630380e-01
    3.38518858e-01 9.06044245e-01 3.07500958e-01 5.71264863e-01
    8.53592753e-01 7.62826860e-01 1.84448063e-02 7.00376689e-01
    8.23601484e-01 4.63015437e-02 4.99131620e-01 5.81489742e-01
    5.87426126e-01 6.14689291e-01 2.54435956e-01 4.65534687e-01
    4.79520500e-01 6.99900091e-01 9.34876919e-01 7.44712055e-01
    8.34956944e-01 1.10103846e-01 9.64532614e-01 8.81420135e-01
    5.11929870e-01 7.29966521e-01 4.34242129e-01 3.23397309e-01
    7.95772314e-01 9.36728537e-01 8.66315961e-01 5.10574937e-01
    9.76196527e-01 5.86375475e-01 9.78844285e-01 9.84341860e-01
    3.79323423e-01 4.93910313e-02 3.59551072e-01 5.05815864e-01
    6.57968700e-01 3.05520594e-02 1.50808990e-01 7.87803829e-02
    5.74555159e-01 3.43764126e-01 3.26777369e-01 1.63000554e-01
    8.20928454e-01 1.89288050e-01 1.01061642e-01 3.47529262e-01
    3.10254872e-01 8.50037634e-01 2.63595968e-01 5.90666294e-01
    9.95258689e-01 5.71663737e-01 1.92132384e-01 2.02933669e-01
    2.08784521e-01 5.52706897e-01 8.57463181e-01 6.39530182e-01
    3.94302607e-03 3.84730220e-01 7.13230491e-01 5.54477155e-01
    7.28267789e-01 8.51392746e-03 7.96418786e-01 4.59007323e-01
    1.13014072e-01 5.52386403e-01 6.63231492e-01 4.18100953e-01
    3.87848735e-01 4.11664248e-01 4.73156661e-01 7.26030648e-01
    7.22539306e-01 2.56769955e-02 2.65329778e-02 1.16179943e-01
    6.97730064e-01 8.70983303e-02 7.21070170e-01 4.04597580e-01
    4.39465046e-04 4.84094679e-01 6.45706832e-01 7.85751343e-02
    2.14117706e-01 1.94632351e-01 3.90901953e-01 4.86141652e-01
    1.86583787e-01 7.85680771e-01 3.98637891e-01 1.17116809e-01
    9.73990321e-01 4.13844705e-01 2.61534631e-01 4.24163103e-01
    7.89209485e-01 9.99776125e-01 7.14297235e-01 3.58619571e-01
    9.11950707e-01 3.77053559e-01 2.01678187e-01 4.15810704e-01
    3.64068091e-01 5.03302097e-01 9.26240146e-01 4.64657575e-01
    1.68325901e-01 7.34474838e-01 4.73085642e-01 6.83969915e-01
    4.88534242e-01 2.18330055e-01 7.20682621e-01 6.98552728e-01
    3.95593584e-01 2.46254742e-01 7.92120337e-01 4.13815767e-01
    6.91264391e-01 1.22852743e-01 2.39111483e-01 4.25986648e-02
    7.21423626e-01 5.68046451e-01 7.91210771e-01 6.92695558e-01
    3.37317526e-01 1.48848206e-01 5.54962039e-01 6.01461649e-01
    1.34791732e-01 8.37122798e-01 4.04527068e-01 8.61188531e-01
    1.42672747e-01 7.26448894e-01 7.88884521e-01 4.84722257e-02
    8.65590453e-01 9.25371826e-01 1.92020327e-01 2.30290830e-01
    8.60787868e-01 9.07576680e-01 1.66935951e-01 3.21669459e-01
    6.87249660e-01 3.20441842e-01 4.90308702e-01 6.43697739e-01
    9.40871835e-01 3.62396240e-01 7.87349582e-01 9.78068113e-02
    6.60264552e-01 3.37227225e-01 8.53882730e-02 4.64541793e-01
    6.52835727e-01 9.35762465e-01 6.06981993e-01 9.27868962e-01
    7.79934525e-01 9.92956877e-01 7.83921778e-02 3.14093173e-01
    1.16857320e-01 9.74736273e-01 1.31850362e-01 7.51281261e-01
    7.92618990e-01 9.96623755e-01 1.77512616e-01 8.01053762e-01
    2.14713424e-01 7.02571869e-03 5.82813621e-01 1.17032290e-01
    8.96664858e-01 2.20847547e-01 3.87770891e-01 1.81409150e-01
    6.49164915e-01 1.15999609e-01 4.77513254e-01 5.30249059e-01
    4.26718861e-01 6.46885216e-01 8.70289922e-01 3.37168992e-01
    1.67689860e-01 7.20413148e-01 3.16906810e-01 2.93253899e-01
    3.09772313e-01 2.47497588e-01 7.24348426e-03 7.54156351e-01
    9.04674530e-01 9.02514577e-01 1.88964695e-01 6.49354875e-01
    4.18043315e-01 8.20594490e-01 4.67372030e-01 6.68270469e-01
    1.93946928e-01 5.58558941e-01 5.19627392e-01 9.26261127e-01
    8.51419628e-01 5.85427463e-01 9.46460664e-01 1.35621220e-01
    6.33075118e-01 5.46731889e-01 7.17399180e-01 8.38845074e-01
    8.21823716e-01 8.38971615e-01 3.17219675e-01 2.69054085e-01
    3.31985950e-01 2.34889239e-01 6.80022120e-01 8.48471045e-01
    5.20683289e-01 6.21553600e-01 2.13284463e-01 2.97260582e-01
    9.14436579e-03 3.57424200e-01 1.80116028e-01 6.79250240e-01
    4.02560949e-01 6.37981176e-01 1.03776813e-01 9.01375532e-01
    7.44254887e-02 2.37253845e-01 2.61061490e-01 3.38735908e-01
    8.59858990e-01 9.47275758e-01 2.74516344e-01 6.22824907e-01
    3.87832612e-01 7.54844308e-01 2.49385506e-01 2.90515244e-01
    5.99480987e-01 3.63010764e-01 1.13419801e-01 2.40080118e-01
    2.25817859e-01 8.81238163e-01 1.64458603e-01 9.09198523e-02
    2.12653011e-01 3.21905851e-01 6.74315929e-01 6.64466739e-01
    1.14304304e-01 6.83270156e-01 5.93429267e-01 5.86008012e-01
    3.42070460e-02 4.92101252e-01 7.16084301e-01 3.16151679e-01
    5.34489453e-01 8.06705713e-01 6.04269803e-01 3.10497165e-01
    8.87739420e-01 5.98162174e-01 6.45979762e-01 4.25902486e-01
    1.95429862e-01 1.57044262e-01 2.88363099e-01 6.93000436e-01
    9.21801209e-01 7.06739724e-01 3.99696290e-01 7.63286114e-01
    6.16152406e-01 3.52456391e-01 7.03535557e-01 4.12596762e-02
    6.99275076e-01 4.89609689e-01 4.21213806e-02 8.13995421e-01
    3.41315478e-01 2.44442046e-01 7.58951783e-01 8.82736564e-01
    6.13697112e-01 8.77586186e-01 3.59020203e-01 9.85017061e-01
    4.66964900e-01 1.67648375e-01 1.48492843e-01 1.99905455e-01
    8.69373560e-01 4.33615655e-01 9.87699032e-02 8.73353779e-02
    8.03965211e-01 3.97849739e-01 6.00138009e-01 6.04657352e-01
    8.21688414e-01 1.26646936e-01 6.65049672e-01 1.58453643e-01
    5.16603947e-01 7.75695682e-01 5.88265061e-01 6.94170237e-01
    3.75912189e-01 8.76876414e-01 7.69630194e-01 3.79261076e-02
    1.37447536e-01 4.29450244e-01 7.92500377e-01 9.86281514e-01
    9.10845399e-01 6.07188165e-01 4.33189154e-01 4.69914556e-01
    3.72963727e-01 6.25477314e-01 4.15093482e-01 2.53627151e-01
    4.55624759e-01 3.39944124e-01 4.88390535e-01 7.26784348e-01
    7.92957425e-01 8.45587254e-01 3.08885813e-01 3.26440036e-02
    6.41069055e-01 5.63618839e-01 5.70760071e-01 1.36831909e-01
    4.37792122e-01 4.59395736e-01 6.79357290e-01 2.21156389e-01
    9.30196583e-01 4.41622734e-01 1.17661148e-01 7.53887296e-01
    9.89820480e-01 6.26240134e-01 1.36175662e-01 6.34795427e-01
    3.95949781e-02 6.05291724e-01 7.80037403e-01 8.06728601e-01
    2.30859488e-01 9.72319603e-01 1.93234622e-01 8.50920320e-01
    2.02403963e-02 4.61448997e-01 4.08662260e-02 5.69896042e-01
    7.57750571e-02 7.62829423e-01 3.04871440e-01 1.54268801e-01
    3.07851076e-01 3.04777145e-01 3.96356136e-01 9.31649089e-01
    2.56010681e-01 3.40681165e-01 7.81485319e-01 8.51154864e-01
    6.44341707e-01 6.32167161e-01 4.83573407e-01 1.31232560e-01
    9.72652495e-01 9.06455994e-01 7.13319540e-01 8.32812548e-01
    6.03668392e-02 6.45193458e-03 4.42954004e-02 9.42578912e-01
    9.58602130e-02 5.24469018e-01 2.14324832e-01 6.30321622e-01
    7.17609286e-01 2.40881085e-01 2.78660059e-01 3.93898189e-02
    9.12799180e-01 3.29172373e-01 7.91850328e-01 9.91800547e-01
    1.90877885e-01 1.47493511e-01 3.01527917e-01 6.71797514e-01
    7.85987973e-02 7.49901593e-01 8.25175822e-01 5.04917920e-01
    6.35178566e-01 3.94233823e-01 2.09313065e-01 5.25997519e-01
    3.00438464e-01 1.63186044e-01 8.28570068e-01 1.80901289e-02
    9.36535954e-01 3.42133045e-01 1.83612108e-04 3.97507727e-01
    7.61241198e-01 6.64391100e-01 1.98539048e-01 4.22815114e-01
    9.58111525e-01 2.25813895e-01 1.71693116e-01 7.79989064e-01
    6.68813646e-01 7.95347691e-01 1.85830921e-01 8.60408545e-01
    4.44243997e-01 3.70598972e-01 1.80386484e-01 6.83416843e-01
    9.50095117e-01 7.98051476e-01 7.98926413e-01 2.74400353e-01
    6.97598159e-01 6.89088345e-01 8.97170126e-01 3.28534216e-01
    2.20086902e-01 6.92290545e-01 2.17563301e-01 6.98368907e-01
    1.72863275e-01 4.62527573e-01 3.30856174e-01 1.24758780e-02
    8.98178697e-01 6.98204041e-01 1.33885473e-01 4.01588589e-01
    1.54921114e-02 7.69144654e-01 7.02439904e-01 4.86316770e-01
    1.94340408e-01 1.89229578e-01 5.60690284e-01 1.40464306e-02
    5.98752618e-01 3.91842633e-01 6.09215021e-01 7.35441983e-01
    1.45795882e-01 3.21508646e-02 9.51509714e-01 7.23912299e-01
    1.85445696e-01 5.51858544e-01 4.92318779e-01 5.19273162e-01
    5.30081093e-01 2.62177646e-01 1.85114831e-01 1.94029659e-01
    8.26293170e-01 4.48111683e-01 1.76166058e-01 1.08550578e-01
    6.23149395e-01 5.16764462e-01 2.71608233e-02 4.21349108e-02
    6.02160931e-01 7.19986379e-01 3.94127369e-02 8.18083405e-01
    4.76039320e-01 9.48940277e-01 6.75361454e-01 8.52617323e-02
    2.47556567e-01 3.70686650e-01 3.48637700e-02 3.63866985e-01
    3.78953397e-01 8.31551254e-01 1.04200363e-01 6.91104531e-01
    4.41930503e-01 8.48961949e-01 9.88262236e-01 6.43706560e-01
    4.02391672e-01 1.61144108e-01 3.83653164e-01 2.18637705e-01
    8.45325708e-01 1.65843397e-01 8.44638348e-01 4.04406488e-01
    6.61469877e-01 4.28287178e-01 8.77770483e-02 6.35376334e-01
    3.35698128e-01 9.42218423e-01 8.60931754e-01 1.07693017e-01
    7.19313860e-01 8.59361291e-01 9.66275215e-01 2.16706961e-01
    2.89061278e-01 3.43504816e-01 8.81217718e-02 5.15917659e-01
    5.14039457e-01 8.84607434e-03 5.18765748e-01 8.05828214e-01
    4.09276038e-01 6.03103280e-01 6.51294589e-01 3.23890895e-01
    1.49763614e-01 3.49192917e-01 1.69512033e-01 2.34546363e-01
    5.10014713e-01 6.45839274e-02 7.81746387e-01 3.39439750e-01
    7.51773715e-01 6.19310975e-01 7.56770313e-01 3.96362603e-01
    9.32265520e-01 4.40818906e-01 9.50044394e-01 6.36990905e-01
    5.32764554e-01 9.83880281e-01 4.64279294e-01 4.34573591e-01
    4.22267437e-01 3.72262478e-01 8.68903995e-01 9.72836733e-01
    9.68739152e-01 8.20837259e-01 9.52663779e-01 1.30853951e-02
    8.72933745e-01 2.13225126e-01 2.91878968e-01 1.27431542e-01
    1.33960843e-02 6.81959510e-01 8.48074615e-01 7.88773537e-01
    3.96509409e-01 1.79728240e-01 7.07057953e-01 5.47486484e-01
    1.08626634e-01 2.90555537e-01 6.31962299e-01 4.23724413e-01
    9.87180293e-01 6.16487801e-01 6.00452721e-01 4.70384568e-01
    4.19134736e-01 4.49395299e-01 9.26672339e-01 3.12136024e-01
    5.54500937e-01 2.55500138e-01 6.58371031e-01 6.14404082e-02
    8.16403389e-01 4.82460856e-02 2.36104190e-01 9.16947842e-01
    3.54406536e-01 3.16201746e-01 2.05219090e-02 7.14289129e-01
    2.18601376e-01 8.55042398e-01 3.00761759e-01 8.83943677e-01
    7.54669845e-01 2.96904027e-01 3.28941226e-01 1.34629190e-01
    8.02315176e-02 5.08638024e-02 3.50601494e-01 7.48048365e-01
    9.19394910e-01 3.64249647e-01 3.78727883e-01 9.86914396e-01
    8.28074396e-01 4.91044939e-01 2.78618991e-01 6.21590734e-01
    5.40608048e-01 5.27105212e-01 5.06068408e-01 4.96727914e-01
    5.87314487e-01 8.30961704e-01 5.50362825e-01 6.24410510e-01
    4.11017060e-01 9.97856021e-01 6.39787555e-01 1.13960207e-01
    7.21061110e-01 4.35972422e-01 2.84925878e-01 3.57513070e-01
    4.78384495e-02 4.81980205e-01 1.77373111e-01 2.37481445e-01
    8.70069802e-01 6.53482914e-01 2.16741055e-01 8.58044267e-01
    4.56815779e-01 2.05765992e-01 7.65894115e-01 1.86601579e-02
    6.33872330e-01 4.81510222e-01 9.86825705e-01 7.63431847e-01
    5.19078612e-01 6.38653874e-01 5.35667956e-01 4.93623108e-01
    8.43047440e-01 7.84693360e-02 4.51089799e-01 6.36775136e-01
    6.60380125e-01 7.84206748e-01 8.24192882e-01 8.27106118e-01
    2.67127782e-01 9.25287008e-02 2.81854570e-02 2.26836205e-02
    6.91035271e-01 5.25448322e-01 8.76497865e-01 2.24083841e-01
    8.40929270e-01 4.94374007e-01 4.95375425e-01 5.34412682e-01
    2.18723059e-01 2.89286226e-01 1.79139078e-02 9.44205880e-01
    7.87618041e-01 7.27358282e-01 6.05789065e-01 7.96589553e-01
    1.84828818e-01 3.34019959e-02 2.20271677e-01 8.30744743e-01
    5.14674962e-01 8.54997277e-01 5.70862174e-01 6.85153425e-01
    1.21745497e-01 5.31057119e-02 9.50794756e-01 9.36646461e-01
    9.12523746e-01 8.62623692e-01 6.19075119e-01 8.48482132e-01
    7.23410428e-01 5.55886567e-01 8.48767400e-01 2.99924612e-03
    4.05608863e-01 1.98913813e-02 9.35813308e-01 3.47648054e-01
    2.01413482e-01 8.03923726e-01 2.67600834e-01 5.19305170e-01
    8.80355239e-01 9.49907482e-01 5.28592587e-01 9.38791037e-01
    3.30457419e-01 9.97093141e-01 2.22775370e-01 4.64593172e-02
    5.40160775e-01 6.69179201e-01 8.22547317e-01 8.38991761e-01
    5.85776448e-01 2.04572886e-01 4.01312828e-01 4.80433047e-01
    9.23896909e-01 3.50449741e-01 8.00059080e-01 8.01965594e-02
    7.80661404e-01 4.41639364e-01 1.74235374e-01 5.03852665e-01
    3.82700354e-01 3.72936606e-01 1.22239113e-01 7.46448517e-01
    6.41584098e-02 8.14076602e-01 8.43579292e-01 9.17074323e-01
    5.73871136e-01 5.24288416e-01 9.79235232e-01 5.38477600e-01
    4.57736373e-01 2.45427489e-01 7.97297835e-01 9.43496168e-01
    9.45003152e-01 5.23392558e-01 2.28159696e-01 9.17149544e-01
    3.93989921e-01 3.43789220e-01 5.78406811e-01 9.59467173e-01
    5.67938983e-02 9.39441681e-01 5.18780649e-01 9.73545671e-01
    9.47517395e-01 6.08402193e-02 5.12341857e-02 6.46897078e-01
    5.66249073e-01 5.51908612e-01 5.75213313e-01 5.84723771e-01
    2.64220536e-02 8.94402266e-01 6.87743485e-01 7.99118519e-01
    2.62143433e-01 5.63684702e-01 5.61863363e-01 8.20940495e-01
    5.27034998e-01 5.50164223e-01 6.74001634e-01 3.20717007e-01
    4.25324798e-01 3.05332303e-01 8.53005588e-01 8.63901138e-01
    4.15362239e-01 8.42771411e-01 2.24184573e-01 8.09236765e-02
    9.96134877e-01 3.56888354e-01 5.00346959e-01 1.25975579e-01
    4.25287992e-01 6.42377198e-01 4.95961845e-01 7.71012008e-01
    5.62702239e-01 7.51714051e-01 1.35241151e-02 5.67431271e-01
    2.38778442e-01 3.74641955e-01 3.92730534e-01 9.59065020e-01
    1.14850402e-02 5.37056983e-01 1.03448033e-02 8.37166429e-01
    8.70472908e-01 2.04485655e-03 6.85090482e-01 9.93092954e-02
    9.42155600e-01 1.41927481e-01 3.92412812e-01 6.03248358e-01
    4.25893009e-01 4.49020803e-01 1.70657963e-01 8.10706496e-01
    9.03817952e-01 2.01088756e-01 9.97719288e-01 7.63534784e-01
    2.34935045e-01 1.11709446e-01 2.94775963e-02 4.42046732e-01
    1.88468933e-01 3.25233936e-01 4.04276162e-01 7.40588784e-01
    5.68647504e-01 4.46294785e-01 3.37556481e-01 6.79349661e-01
    7.13734686e-01 7.59217381e-01 3.93669635e-01 7.75534570e-01
    2.21777171e-01 6.46819353e-01 6.14492774e-01 2.61285126e-01
    4.15556103e-01 1.09699875e-01 5.67923903e-01 8.78603280e-01
    1.73230588e-01 1.39514387e-01 8.43574762e-01 8.99872005e-01
    2.90995181e-01 1.25817627e-01 4.02226329e-01 6.80963159e-01
    6.57531023e-01 5.53939819e-01 9.10497129e-01 5.84203541e-01
    4.69390899e-01 8.53531837e-01 1.27905667e-01 6.78169787e-01
    2.63647139e-01 3.88546318e-01 6.24088049e-01 2.85271347e-01
    2.61968255e-01 2.62886405e-01 6.81634188e-01 9.68271434e-01
    6.47524059e-01 5.30301571e-01 4.28060740e-01 4.30445611e-01
    8.02699327e-01 3.38560581e-01 2.61394680e-02 7.61884689e-01
    3.27020288e-01 7.61752129e-02 4.90806073e-01 6.06366098e-01
    7.52009392e-01 9.99706507e-01 2.00406790e-01 3.59410375e-01
    9.08190727e-01 1.59000456e-02 4.73114103e-01 2.19194710e-01
    5.87838948e-01 2.64873922e-01 2.02868730e-01 1.20704144e-01
    4.08520430e-01 8.99824500e-01 9.20965970e-01 8.83127749e-01
    8.02865863e-01 8.56351376e-01 4.26475286e-01 3.07114780e-01
    5.39196491e-01 3.47156286e-01 8.91468406e-01 7.48510480e-01
    4.01069820e-01 4.30935472e-01 5.35575628e-01 3.56422633e-01
    2.96059251e-02 8.64357710e-01 5.76230288e-02 7.31467247e-01
    8.93377900e-01 5.13007224e-01 1.71042770e-01 2.30055660e-01
    1.27031147e-01 8.79064322e-01 8.16017270e-01 1.94592595e-01
    7.62164116e-01 3.53301942e-01 4.87635523e-01 3.86861145e-01
    9.67768133e-02 9.58245397e-01 8.15752029e-01 4.60227042e-01
    3.91666770e-01 1.60029709e-01 8.76924872e-01 3.76594543e-01
    7.23926425e-01 4.02501583e-01 7.62594581e-01 2.06879765e-01
    4.76367861e-01 1.55486941e-01 4.43736851e-01 6.07059002e-01
    4.47875798e-01 9.14167643e-01 5.79890430e-01 8.88712466e-01
    7.94483542e-01 7.71808922e-02 4.44921821e-01 6.76257074e-01
    4.70117956e-01 3.48638356e-01 7.63559937e-01 7.03132987e-01
    5.60746491e-02 2.67705917e-01 5.63252926e-01 3.71124387e-01
    6.30740285e-01 4.06329364e-01 4.66809750e-01 8.46492171e-01
    7.68485427e-01 1.12469941e-01 1.62592918e-01 6.37759209e-01
    1.29302859e-01 7.27689385e-01 4.12996501e-01 9.95028853e-01
    3.66086602e-01 8.43765497e-01 7.94595957e-01 6.78107917e-01
    7.42775857e-01 4.44137007e-01 5.31733394e-01 5.93009770e-01
    6.43226564e-01 1.80786341e-01 7.93724477e-01 2.59908497e-01
    2.41511494e-01 5.99129438e-01 7.24746227e-01 6.90473914e-01
    8.39387894e-01 9.73731756e-01 1.84929103e-01 5.28658032e-01
    9.77718472e-01 2.22329974e-01 9.83261943e-01 3.00018311e-01
    5.61643243e-02 6.08446300e-01 6.56339705e-01 3.87173742e-01
    3.09141874e-01 4.53132451e-01 8.86972904e-01 9.59904432e-01
    1.49441034e-01 1.93855464e-02 8.71714473e-01 7.85516202e-01
    2.72291839e-01 9.33464646e-01 6.68165267e-01 4.39459443e-01
    2.27021694e-01 1.04830950e-01 5.68270683e-03 4.70108241e-01
    9.45085049e-01 8.81222963e-01 3.88899446e-01 3.70563507e-01
    4.41040844e-01 4.52624351e-01 1.24646783e-01 6.70910299e-01
    7.94348776e-01 5.43949902e-01 1.61601752e-01 3.30362529e-01
    1.16898775e-01 8.35705578e-01 7.83071041e-01 6.74273968e-01
    3.37518036e-01 4.03862178e-01 9.82593417e-01 1.87338740e-01
    8.97660851e-03 2.75137633e-01 4.52605784e-02 3.36566627e-01
    4.93812233e-01 5.13180435e-01 1.44583315e-01 4.53679144e-01
    7.29864478e-01 8.90518129e-02 3.93331200e-01 7.41476595e-01
    3.89739186e-01 1.00803852e-01 1.66574657e-01 1.95297360e-01
    5.71913838e-01 6.38711452e-01 7.45689034e-01 7.66211927e-01
    8.33813667e-01 8.80662203e-01 2.08487988e-01 9.49242711e-01
    9.39500630e-02 5.33912539e-01 5.08625805e-01 3.92753422e-01
    5.01707792e-02 3.57709318e-01 6.08791411e-02 5.89956939e-01
    7.19535470e-01 8.64390850e-01 7.90700555e-01 7.56104112e-01
    3.22781891e-01 3.44349384e-01 7.12138891e-01 7.01614738e-01
    9.20328617e-01 4.45361257e-01 2.34030128e-01 7.23136902e-01
    1.22807801e-01 2.11812943e-01 4.25402611e-01 7.50169575e-01
    6.66618288e-01 6.49878085e-01 5.09707034e-01 2.69937307e-01
    6.50164008e-01 7.67601490e-01 2.12984055e-01 8.11348557e-01
    8.10443580e-01 3.54372859e-02 9.44466829e-01 8.90264809e-02
    9.76315618e-01 5.94161987e-01 8.57721627e-01 3.54760915e-01
    6.03168309e-02 1.06473982e-01 4.59712744e-02 7.94988215e-01
    2.13729978e-01 9.75447536e-01 4.70555902e-01 5.83814502e-01
    8.61921310e-01 8.59132409e-03 5.32589614e-01 7.14500308e-01
    1.00020707e-01 4.11830217e-01 4.08478647e-01 5.81438184e-01
    9.88111973e-01 1.69493109e-01 5.71315467e-01 9.67998862e-01
    6.68998420e-01 4.33263659e-01 4.90970433e-01 5.57779670e-02
    6.38531923e-01 8.22418630e-01 8.37810040e-01 1.39622957e-01
    1.98982418e-01 9.65073705e-01 3.92379314e-01 6.57796860e-02
    8.12337458e-01 1.66215301e-01 7.56105483e-02 1.33748442e-01
    2.51871675e-01 7.51618981e-01 3.85837734e-01 7.01616287e-01
    8.61944556e-01 6.33539617e-01 8.33222270e-01 2.61802614e-01
    4.58448440e-01 7.87041485e-02 3.68491232e-01 1.43573046e-01
    1.37985557e-01 2.37300515e-01 1.05201244e-01 2.30551898e-01
    5.27276397e-01 3.84758711e-01 2.73729563e-01 5.68654537e-01
    6.61862135e-01 2.58208215e-01 2.35869825e-01 1.11862183e-01
    2.15281904e-01 8.40786815e-01 5.57887673e-01 6.23089314e-01
    3.10129881e-01 5.55192530e-01 8.82202029e-01 9.58008647e-01
    1.22085273e-01 4.27082002e-01 6.33592010e-01 2.96552718e-01
    8.87757123e-01 6.96016669e-01 2.48193055e-01 1.93606347e-01
    2.45577544e-01 8.87336493e-01 7.24969387e-01 3.59007418e-02
    7.80216932e-01 6.70143664e-02 2.91014552e-01 1.84807181e-01
    3.61042202e-01 3.66249561e-01 4.23217595e-01 1.20439231e-02
    2.60106981e-01 4.91228789e-01 4.35086548e-01 3.62890959e-03
    5.22289038e-01 6.74428165e-01 5.81454277e-01 6.77301586e-02
    4.32229042e-02 1.45334125e-01 4.06815708e-01 4.50623453e-01
    3.59476626e-01 6.68581367e-01 5.96822381e-01 9.81676340e-01
    2.86097825e-02 7.95971274e-01 8.84367704e-01 9.69669223e-02
    5.42588234e-02 7.90949702e-01 1.84936225e-02 9.40074265e-01
    1.27442420e-01 2.84778237e-01 3.46480846e-01 9.08412814e-01
    7.92781234e-01 9.25150514e-03 1.50128096e-01 9.66753006e-01
    6.67477727e-01 4.56270874e-02 8.16003442e-01 9.66982245e-01
    2.95053482e-01 5.97013772e-01 7.36232698e-01 5.86896598e-01
    1.33742988e-01 8.80508423e-01 6.77186251e-01 6.56920791e-01
    2.38190800e-01 2.64830202e-01 6.68857515e-01 1.42707229e-01
    2.04042137e-01 8.99358988e-01 1.39873654e-01 5.33073425e-01
    1.62785709e-01 8.63323152e-01 5.98888278e-01 5.18034577e-01
    7.32665896e-01 2.46414721e-01 2.97038049e-01 9.09622431e-01
    1.89784050e-01 5.09328842e-01 1.93557173e-01 9.23216045e-01
    8.60426068e-01 2.86266327e-01 8.24086428e-01 3.94320369e-01
    4.60669219e-01 5.98176360e-01 4.93599415e-01 5.60619235e-02
    4.42451835e-01 8.79036188e-01 4.10304368e-02 3.37163210e-01
    7.07918763e-01 7.96778977e-01 1.71780407e-01 7.39157140e-01
    8.15346479e-01 7.54227519e-01 7.53262460e-01 5.10675430e-01
    2.41698116e-01 4.87127781e-01 1.18301839e-01 3.63693357e-01
    6.74462140e-01 5.61824203e-01 1.61719948e-01 2.57495075e-01
    8.57296586e-01 2.05861568e-01 1.59863323e-01 2.16229558e-02
    6.87684894e-01 7.96678662e-01 3.75774741e-01 8.14860582e-01
    4.70587641e-01 9.13005829e-01 8.92905533e-01 5.12543321e-01
    6.07559025e-01 9.79545116e-02 7.77143955e-01 6.68790340e-01
    3.72055471e-01 2.51678526e-02 8.89307618e-01 1.37236953e-01
    8.62383842e-01 7.20201015e-01 2.51017094e-01 3.46010983e-01
    3.69787097e-01 3.65963578e-02 9.25847888e-01 1.00511372e-01
    5.67080498e-01 5.04355490e-01 4.68295217e-01 9.06601787e-01
    2.93281078e-01 6.26872480e-02 6.55079007e-01 7.33684003e-01
    5.68537712e-02 1.98089868e-01 5.48872173e-01 3.24994266e-01
    9.55170989e-01 5.72235942e-01 7.34303415e-01 1.44554257e-01
    6.27574146e-01 2.24841535e-02 2.66573727e-01 4.88330364e-01
    1.51996523e-01 7.45833814e-02 1.73193336e-01 5.44169486e-01
    1.62582397e-01 5.96371591e-01 6.99888229e-01 4.11407650e-01
    1.41198814e-01 9.07026052e-01 4.24900085e-01 1.07786655e-01
    8.28978539e-01 3.42952639e-01 1.94294214e-01 2.18259364e-01
    1.09641701e-01 5.62073112e-01 2.45609909e-01 5.71674883e-01
    9.46339190e-01 6.83725119e-01 9.46351051e-01 1.00060254e-01
    9.50834274e-01 3.56251210e-01 8.35214198e-01 9.36127007e-02
    9.51144099e-03 3.98520976e-01 8.16550255e-02 6.72470808e-01
    4.80642617e-01 9.96830761e-02 6.86621308e-01 7.05549717e-01
    7.36485362e-01 3.19212317e-01 6.70934081e-01 7.76068151e-01
    2.33334810e-01 7.29895294e-01 8.21907282e-01 6.29214406e-01
    6.11237228e-01 2.45997310e-01 7.15848207e-01 7.06314743e-02
    5.30310869e-01 5.89200258e-01 7.71143973e-01 3.95602465e-01
    4.54053462e-01 8.52192342e-02 7.33539701e-01 8.02393854e-02
    4.36158180e-02 6.44617915e-01 3.68287921e-01 6.25949383e-01
    1.73353136e-01 5.75977862e-01 3.08434218e-01 1.27287179e-01
    2.70991981e-01 7.24924803e-02 6.42822146e-01 3.77264023e-02
    4.73270386e-01 9.45106089e-01 8.33932698e-01 9.45883274e-01
    8.60915720e-01 4.41606343e-01 2.60604858e-01 3.96331042e-01
    2.23164618e-01 1.15678608e-01 1.02007776e-01 6.63862109e-01
    3.67354453e-01 7.49818325e-01 4.82997894e-02 3.54458421e-01
    7.09818244e-01 6.70308888e-01 6.93244636e-01 4.58517522e-01
    1.99359357e-01 8.25289369e-01 2.04266310e-01 5.31003237e-01
    3.51649284e-01 6.50704145e-01 3.08595955e-01 4.10272628e-01
    9.25216734e-01 3.92856061e-01 7.08098888e-01 4.47439402e-01
    9.92026925e-01 4.46929723e-01 1.48705155e-01 6.52266264e-01
    8.97222757e-03 4.96070206e-01 3.32899570e-01 9.55931544e-01
    6.30268574e-01 5.48855960e-01 9.11009908e-01 3.61404002e-01
    9.39753592e-01 1.02320373e-01 4.20903146e-01 7.09513009e-01
    1.11099809e-01 7.73442686e-01 1.86236441e-01 7.24385619e-01
    6.13817811e-01 8.49538445e-01 8.93985987e-01 3.03030461e-01
    7.20178902e-01 6.04229867e-01 6.03140652e-01 6.96317792e-01
    1.73976898e-01 1.02063507e-01 7.45845795e-01 9.63687181e-01
    8.27120900e-01 5.29205978e-01 8.63199592e-01 7.91584253e-01
    8.40364754e-01 8.00364614e-01 6.24914706e-01 6.26378119e-01
    2.61029899e-01 8.81791949e-01 3.63234222e-01 2.96141863e-01
    9.48459506e-01 8.34730029e-01 1.03541136e-01 9.24129188e-02
    1.87048912e-02 5.35768032e-01 4.68436509e-01 8.22734118e-01
    7.04200327e-01 9.15688217e-01 7.79569030e-01 3.63328815e-01
    6.90518260e-01 4.93027002e-01 6.34708405e-01 4.29482996e-01
    5.46279132e-01 5.93521714e-01 7.91295886e-01 9.08957362e-01
    3.14149737e-01 6.26838446e-01 9.37613010e-01 2.46369362e-01
    6.49833679e-03 1.07598215e-01 9.23642397e-01 2.27168232e-01
    4.02009189e-01 6.62836671e-01 1.65261000e-01 5.61145782e-01
    4.25542653e-01 8.37459445e-01 9.21066761e-01 1.57252073e-01
    9.01343226e-01 6.51176751e-01 2.50162989e-01 4.35026020e-01
    5.44750094e-02 9.07435060e-01 6.50346160e-01 5.47756135e-01
    3.69913161e-01 4.59154487e-01 2.19785929e-01 7.79273152e-01
    8.23717654e-01 7.02216506e-01 6.40962064e-01 6.73823476e-01
    8.07388723e-01 8.34715664e-01 8.97597909e-01 3.16610634e-01
    6.63757682e-01 2.29138851e-01 8.86005819e-01 1.07852191e-01
    6.38244331e-01 6.31860375e-01 9.33768630e-01 9.79862332e-01
    1.35481417e-01 6.95369780e-01 8.66320789e-01 1.49495006e-01
    4.37760621e-01 6.73016310e-01 9.67848063e-01 3.57337892e-01
    7.89776087e-01 9.42331553e-01 9.52656865e-01 3.74434650e-01
    3.66488963e-01 8.79649818e-01 9.09080625e-01 6.89160407e-01
    8.18042397e-01 1.19958937e-01 1.70558006e-01 2.58749127e-01
    4.57211733e-02 5.27795851e-02 5.01512289e-01 9.65745628e-01
    2.66302884e-01 1.93876952e-01 5.85781038e-02 4.59002554e-01
    4.69324470e-01 1.70063823e-01 7.64658213e-01 1.95890218e-01
    4.41944003e-02 4.08919185e-01 6.97199464e-01 4.05546874e-01
    5.47965825e-01 2.33073860e-01 2.22281337e-01 4.86056536e-01
    7.75620699e-01 7.64760435e-01 6.09326303e-01 2.84690261e-01
    1.37276947e-02 2.26273537e-02 2.71705836e-01 7.13371575e-01
    8.03050280e-01 4.22114670e-01 2.06897289e-01 2.44886637e-01
    2.71784395e-01 5.74405730e-01 8.79460752e-01 4.21947837e-02
    6.93597436e-01 8.87728035e-02 1.69237465e-01 9.63773310e-01
    7.87943959e-01 3.13838243e-01 4.07439470e-02 7.01553226e-02
    9.45279717e-01 1.72536910e-01 8.48784924e-01 7.31949925e-01
    7.63593733e-01 6.45210266e-01 2.19526350e-01 8.52046549e-01
    1.80181563e-01 5.81583261e-01 7.05754161e-01 9.17658567e-01
    7.96540976e-01 2.29851604e-02 7.36535966e-01 5.70438266e-01
    1.20571107e-01 2.60752738e-01 7.85947204e-01 6.84711695e-01
    1.76495463e-01 1.21175319e-01 6.08019292e-01 7.54937530e-01
    2.37221509e-01 6.25554383e-01 7.10564017e-01 7.50545382e-01
    3.58972251e-02 1.95657581e-01 3.29663575e-01 3.06791812e-01
    7.99142957e-01 5.29891849e-01 2.68676937e-01 6.00568056e-02
    1.47824228e-01 2.54421234e-01 3.67852777e-01 5.46280086e-01
    6.77134037e-01 6.68021441e-02 8.97734880e-01 2.68007308e-01
    6.38202548e-01 9.14592028e-01 4.35260534e-01 2.94866741e-01
    7.32050538e-01 6.45049214e-02 1.30454302e-01 5.88231385e-01
    5.94953954e-01 8.05590510e-01 4.59178895e-01 6.42827094e-01
    6.31472170e-01 1.94883943e-01 4.81938034e-01 9.28808212e-01
    7.73781478e-01 6.98920727e-01 7.03232288e-01 4.76322860e-01
    1.17682546e-01 2.23477542e-01 4.07479405e-01 9.69088733e-01
    7.22664237e-01 4.80974734e-01 8.94076347e-01 1.27717227e-01
    6.72791421e-01 8.45996976e-01 5.31724155e-01 3.58329087e-01
    1.54570669e-01 8.09950709e-01 4.38275814e-01 6.06792152e-01
    7.35453308e-01 6.65909648e-02 3.25831652e-01 4.50386435e-01
    4.68485296e-01 4.96787012e-01 5.96283734e-01 6.02681458e-01
    6.56096101e-01 5.43889284e-01 8.16937566e-01 6.75594270e-01
    2.24053264e-01 9.88155484e-01 4.84375507e-01 9.52715576e-01
    5.60653210e-03 4.60829139e-01 9.07415986e-01 8.05462956e-01
    3.11510175e-01 9.17928100e-01 5.40138185e-01 9.14905429e-01
    3.12318325e-01 2.45761871e-02 6.14618003e-01 8.77254725e-01
    6.66385293e-02 7.79556751e-01 9.63337243e-01 2.65242159e-01
    5.41018546e-01 2.84200251e-01 9.63770390e-01 7.34495699e-01
    4.21655297e-01 8.18661690e-01 5.05768001e-01 6.39114022e-01
    6.67211711e-02 6.48927689e-02 3.77574801e-01 7.46266186e-01
    8.31611753e-01 4.12697911e-01 8.14518631e-02 3.91580552e-01
    2.58176625e-02 3.25861871e-01 4.92323816e-01 7.67830253e-01
    5.79095542e-01 9.27904427e-01 9.83659863e-01 4.81508255e-01
    2.77523696e-01 2.27804840e-01 4.40093398e-01 5.38715720e-02
    6.15916908e-01 2.27225304e-01 6.28907979e-02 7.05737591e-01
    2.81004190e-01 7.51852512e-01 5.33016741e-01 2.56965697e-01
    3.85051966e-01 8.65312457e-01 8.11866164e-01 1.58683479e-01
    6.03303909e-02 5.49292028e-01 7.48086452e-01 8.87117684e-02
    5.21173596e-01 4.40991193e-01 1.06259882e-02 9.49863195e-02
    1.48547292e-01 7.70822287e-01 2.83569098e-01 2.08115637e-01
    9.45401132e-01 5.54500818e-01 9.17465031e-01 6.77878499e-01
    2.57707596e-01 6.79859459e-01 9.78288174e-01 4.94030148e-01
    7.57294297e-02 5.42671323e-01 3.94778639e-01 1.71103686e-01
    5.00125706e-01 4.40502822e-01 5.58927953e-02 2.37166405e-01
    3.41051042e-01 1.53362393e-01 1.28789246e-02 2.11870044e-01
    6.45491481e-01 8.52454424e-01 1.99632198e-01 1.95070326e-01
    7.47863710e-01 3.84224892e-01 8.83060396e-02 3.58600438e-01
    8.55340600e-01 5.97843289e-01 7.73907781e-01 7.50073791e-01
    8.88070464e-01 7.92439699e-01 1.22220695e-01 9.15190578e-01
    1.45051062e-01 7.71405458e-01 9.06397641e-01 6.87610209e-01
    9.83013868e-01 6.42630637e-01 1.23656034e-01 7.38784671e-01
    4.57634419e-01 3.03714752e-01 2.87913144e-01 4.83642966e-01
    6.61550641e-01 4.06868756e-01 7.46937692e-02 1.35490775e-01
    9.33186471e-01 9.00560737e-01 7.27158010e-01 7.33678102e-01
    4.86341119e-03 6.27185345e-01 1.27229720e-01 1.30497605e-01
    5.63679576e-01 7.78787017e-01 5.24832606e-02 2.75240183e-01
    8.17913234e-01 2.47456580e-01 1.16829127e-01 6.61815703e-02
    7.49070942e-01 9.46728170e-01 5.15782237e-01 3.10918689e-02
    1.45144314e-01 2.00533092e-01 9.33104873e-01 9.95773911e-01
    9.56794083e-01 7.84486651e-01 9.28456366e-01 9.63340998e-02
    1.84238195e-01 1.71188891e-01 1.85358912e-01 8.65768075e-01
    8.90629530e-01 1.56963438e-01 2.10176110e-01 1.58909231e-01
    4.91982281e-01 4.35800940e-01 9.15276051e-01 3.92857701e-01
    6.29394829e-01 6.14778996e-02 8.66274714e-01 7.43819654e-01
    7.76289225e-01 7.04454601e-01 6.39227331e-02 2.57457852e-01
    7.70433903e-01 7.17334270e-01 2.61882812e-01 9.52125907e-01
    7.75672436e-01 5.34174144e-01 9.66462314e-01 9.54998493e-01
    8.69772255e-01 3.12039256e-03 4.40141201e-01 2.33477294e-01
    6.99492514e-01 4.84681100e-01 3.55435252e-01 9.15456474e-01
    6.63076520e-01 7.20712125e-01 4.80974078e-01 5.02307236e-01
    5.44717610e-02 3.26794207e-01 1.95600867e-01 3.20457518e-01
    7.08359778e-01 2.63965696e-01 8.01793694e-01 4.57603455e-01
    1.87609762e-01 1.77301347e-01 9.27162290e-01 2.72258818e-01
    9.85847116e-01 3.81514847e-01 8.28147471e-01 7.70494998e-01
    9.76319432e-01 7.92205334e-01 2.62344599e-01 4.63332623e-01
    2.92174220e-02 6.54901624e-01 9.81598079e-01 6.77866638e-02
    3.41786057e-01 5.74018002e-01 6.39763355e-01 5.71688533e-01
    3.34257424e-01 2.02518821e-01 5.01233637e-01 2.86524057e-01
    4.50752258e-01 8.61582041e-01 6.67512119e-01 7.20190287e-01
    6.11612618e-01 9.61606801e-01 9.98399615e-01 8.47138405e-01
    9.67098713e-01 5.91759384e-02 6.85951829e-01 8.35159659e-01
    4.58437353e-01 7.93489814e-01 3.75288963e-01 4.52770591e-02
    9.59027290e-01 6.24088645e-02 4.40346599e-02 8.18634033e-01
    1.93652034e-01 7.51465857e-02 2.27924645e-01 4.76252764e-01
    7.47209132e-01 3.45270038e-02 7.62931943e-01 5.08807838e-01
    5.88424623e-01 8.45224977e-01 2.59078681e-01 1.94343477e-01
    4.78266299e-01 5.93425035e-02 4.17213470e-01 3.93602699e-01
    2.63047159e-01 4.16175902e-01 6.78231776e-01 8.06318820e-02
    4.98299956e-01 7.22122014e-01 4.40934390e-01 2.66903520e-01
    7.69251883e-01 5.35646796e-01 5.67085862e-01 5.08913875e-01
    9.46973979e-01 1.14341378e-02 4.95317906e-01 5.53267837e-01
    1.64627165e-01 1.20856881e-01 6.15564704e-01 7.09244490e-01
    1.16046011e-01 5.06883502e-01 3.06672871e-01 4.83613372e-01
    1.68503523e-01 7.97352552e-01 4.09851670e-01 2.94086874e-01
    6.18739069e-01 2.12185919e-01 3.85907710e-01 6.54101670e-01
    8.29563022e-01 6.51437879e-01 2.09790617e-01 2.22340286e-01
    1.16791725e-02 7.86824584e-01 4.32548523e-01 5.97914279e-01
    4.14851159e-01 6.48138821e-01 8.50491285e-01 5.70226371e-01
    6.91925108e-01 8.24162722e-01 1.19734645e-01 3.79107565e-01
    9.93438482e-01 5.22198081e-01 3.91401887e-01 8.62986565e-01
    9.62737858e-01 1.87007755e-01 8.85927796e-01 9.32267308e-03
    2.73791999e-01 8.73617709e-01 6.71122313e-01 6.41172707e-01
    1.94428772e-01 9.91134942e-01 9.11054373e-01 8.07090044e-01
    1.04965329e-01 1.27359718e-01 3.49030793e-01 3.29835773e-01
    1.18710577e-01 6.48748219e-01 1.59271955e-02 3.39368939e-01
    7.33314693e-01 3.76350909e-01 5.61935067e-01 3.86254996e-01
    1.17836684e-01 4.82355356e-02 3.38936746e-01 5.05955815e-02
    8.35370064e-01 5.27797699e-01 1.90516829e-01 2.24803567e-01
    3.79743278e-02 6.16706014e-01 3.13186407e-01 4.61125761e-01
    8.66705298e-01 7.66403675e-01 5.29295444e-01 1.55211747e-01
    8.48690987e-01 3.34773958e-02 1.75160825e-01 5.76840878e-01
    5.20528257e-02 4.55056131e-01 3.56490374e-01 1.40585810e-01
    2.69648910e-01 8.00682306e-01 2.06022263e-02 1.94515884e-01
    8.38720322e-01 5.62105298e-01 5.69778979e-01 5.28006136e-01
    8.40489388e-01 7.14339316e-02 9.45525289e-01 3.50278914e-02
    8.24706912e-01 9.63989377e-01 4.76090968e-01 5.80233276e-01
    8.08130682e-01 9.58857715e-01 4.25262332e-01 7.35636055e-01
    4.71343726e-01 8.26975226e-01 3.96437764e-01 1.70309067e-01
    7.37157106e-01 6.65664673e-03 7.06838369e-01 9.94988084e-01
    9.52115595e-01 5.63408792e-01 7.37781286e-01 8.80427480e-01
    5.00581026e-01 1.28440946e-01 1.63617671e-01 5.41729629e-01
    1.12231761e-01 5.90172410e-02 7.62167633e-01 7.54714012e-03
    9.50621605e-01 8.79046917e-02 3.85924637e-01 9.76529062e-01
    4.00699943e-01 6.54906750e-01 8.51176858e-01 9.18111682e-01
    3.82594466e-01 9.62990403e-01 7.33892083e-01 8.36561680e-01
    6.43999815e-01 1.73565447e-01 5.01137733e-01 5.88176131e-01
    6.32580996e-01 1.25761747e-01 5.73529422e-01 8.11705410e-01
    7.23084807e-01 8.26681972e-01 7.51222253e-01 5.79754949e-01
    9.23277736e-01 7.76610315e-01 3.60366076e-01 4.74124253e-01
    6.88315094e-01 8.94246101e-01 6.59136355e-01 5.33596933e-01
    4.71589893e-01 2.69847482e-01 3.20435405e-01 2.52694100e-01
    3.24742228e-01 2.74682790e-01 1.51847929e-01 8.90385151e-01
    6.73303008e-01 5.94625711e-01 3.24865907e-01 2.31710076e-02
    6.45207584e-01 5.51386476e-02 4.60420310e-01 5.12521803e-01
    3.79486591e-01 4.57247496e-02 8.14179182e-01 6.83976769e-01
    2.33971924e-01 2.90075988e-01 2.53412366e-01 6.95553422e-01
    7.60732830e-01 9.44951057e-01 9.07804906e-01 3.55577350e-01
    7.98370838e-01 4.95476842e-01 9.25806165e-03 9.17344332e-01
    2.60559142e-01 3.98227334e-01 1.37844473e-01 4.61850375e-01
    5.26751041e-01 5.24380326e-01 9.18757558e-01 2.32903093e-01
    9.50018406e-01 3.88089865e-01 1.30175322e-01 9.56022501e-01
    2.78193891e-01 9.72839892e-01 3.50522995e-03 8.38826001e-01
    7.43209660e-01 4.89238560e-01 9.76723909e-01 6.77253783e-01
    2.84645796e-01 7.31690407e-01 5.34852803e-01 2.46140927e-01
    3.69077563e-01 3.25763106e-01 7.26124465e-01 1.31468385e-01
    3.40763956e-01 5.23446918e-01 7.29825020e-01 3.91629696e-01
    5.30302227e-01 4.21716779e-01 8.14530492e-01 4.59196925e-01
    3.08400601e-01 2.13427812e-01 3.62403214e-01 5.08628786e-01
    8.20001423e-01 8.54182601e-01 8.14912319e-01 3.70426059e-01
    5.74619770e-02 2.25878179e-01 5.83871722e-01 1.48398638e-01
    2.63875425e-01 2.30117828e-01 7.71192312e-01 9.80159760e-01
    4.06814069e-01 5.71494997e-01 3.79303157e-01 1.61197782e-01
    5.73133886e-01 7.08562255e-01 4.40695792e-01 1.52308226e-01
    7.27815747e-01 4.48014051e-01 5.02400517e-01 6.15798116e-01
    3.63163769e-01 2.77616829e-01 9.06291068e-01 5.52328765e-01
    9.08303022e-01 4.82759982e-01 7.59327769e-01 7.06475317e-01
    2.58853734e-01 7.20452189e-01 8.30160856e-01 2.17194229e-01
    5.40982425e-01 7.97325015e-01 8.06190372e-01 3.43160689e-01
    6.47306681e-01 2.39916533e-01 1.91039681e-01 8.14604461e-01
    8.86414349e-02 4.12485003e-01 5.23701012e-01 1.28033221e-01
    6.25963211e-01 3.53775531e-01 3.99993330e-01 3.60359550e-01
    4.18791950e-01 8.21451426e-01 1.35286033e-01 6.20799661e-01
    9.16627407e-01 8.45416605e-01 4.71887857e-01 4.71917063e-01
    6.78395629e-01 2.22024828e-01 1.99842483e-01 4.66495365e-01
    4.13605422e-01 5.47291875e-01 5.11638224e-01 5.12131453e-01
    9.55078483e-01 4.39180136e-01 1.68477148e-01 6.66005015e-02
    8.16778779e-01 8.04441035e-01 7.34312773e-01 6.39387012e-01
    1.62620544e-02 1.62343740e-01 1.28407985e-01 7.60666370e-01
    7.42073476e-01 7.79560387e-01 1.12558246e-01 1.23224556e-01
    3.27889651e-01 2.01917350e-01 5.80234408e-01 9.45929706e-01
    8.88838112e-01 3.14689845e-01 3.38959277e-01 3.57900023e-01
    3.70646983e-01 1.50116801e-01 3.72266769e-03 4.86298412e-01
    8.91059160e-01 9.81158853e-01 5.65192997e-02 3.30856144e-02
    5.05191565e-01 8.05842757e-01 1.15888238e-01 1.61263883e-01
    9.72836733e-01 4.37281400e-01 7.26829231e-01 6.46848738e-01
    4.74323213e-01 2.29236960e-01 1.69901699e-01 4.40009534e-01
    2.85759449e-01 2.07060277e-01 7.63145864e-01 2.61762738e-02
    2.50707924e-01 7.97614336e-01 2.16847360e-01 6.32218719e-01
    1.87422723e-01 3.30626547e-01 8.46234202e-01 5.41212499e-01
    7.06434250e-03 7.41119742e-01 5.75957835e-01 1.17312700e-01
    2.64390945e-01 4.33833331e-01 4.61948544e-01 9.53602195e-01
    4.73127395e-01 7.69702852e-01 5.09811640e-01 2.95574784e-01
    6.46823883e-01 3.20332766e-01 2.13555723e-01 9.44875360e-01
    7.99095273e-01 7.63855100e-01 8.19488943e-01 1.95516467e-01
    3.39010447e-01 3.56289268e-01 8.21545839e-01 7.95082211e-01
    2.85432160e-01 7.11584449e-01 1.75481468e-01 7.08517492e-01
    1.01752341e-01 3.69260192e-01 1.50859058e-01 8.50980639e-01
    2.20927477e-01 1.69082314e-01 1.51572108e-01 8.81856084e-02
    9.08392310e-01 9.75194454e-01 3.01499367e-02 6.28130555e-01
    6.39017642e-01 4.73701566e-01 3.69403064e-01 4.75558251e-01
    9.12468553e-01 5.92216492e-01 7.31457055e-01 6.79940581e-02
    9.42859888e-01 2.66082644e-01 6.04445040e-01 4.36671674e-02
    4.64627475e-01 8.17062080e-01 3.31367433e-01 4.61084366e-01
    9.52301741e-01 4.94340152e-01 9.33471680e-01 3.37795049e-01
    9.16769743e-01 6.97556078e-01 6.83927774e-01 6.23888016e-01
    4.30415928e-01 8.07122290e-01 8.04480433e-01 6.01807415e-01
    5.84420025e-01 7.13548660e-01 3.74584287e-01 2.63032317e-01
    7.44764686e-01 6.02656245e-01 6.18442595e-02 7.13319778e-01
    4.88722593e-01 8.60180974e-01 2.26113707e-01 7.43690968e-01
    8.20657969e-01 9.68975306e-01 1.74010187e-01 3.51009876e-01
    5.14587998e-01 8.29980850e-01 8.01667094e-01 1.84378356e-01
    5.51146567e-01 1.82405800e-01 5.86941123e-01 4.21219468e-02
    8.36667418e-01 6.49015307e-01 8.67269993e-01 8.81187558e-01
    2.21079290e-02 1.16488785e-01 1.43095851e-01 8.11185479e-01
    1.76356673e-01 5.44909298e-01 6.17515445e-01 7.64067352e-01
    4.58212018e-01 6.23025179e-01 3.17645073e-03 8.60689640e-01
    3.30859959e-01 4.55274373e-01 2.02823073e-01 8.80861342e-01
    1.16674811e-01 6.91045463e-01 2.88817465e-01 8.21947455e-01
    5.16542554e-01 1.74670190e-01 4.61039424e-01 1.66924894e-02
    8.25729966e-01 9.29364681e-01 6.87228799e-01 9.13549781e-01
    4.70690966e-01 4.13612098e-01 8.26871216e-01 7.20691204e-01
    7.91698933e-01 6.06930852e-01 3.43107134e-01 6.19629085e-01
    7.31173456e-02 1.72859073e-01 8.22683692e-01 3.63056719e-01
    6.88201904e-01 9.95187163e-02 5.40492237e-01 1.35037661e-01
    9.41180348e-01 3.49310040e-01 1.78560883e-01 8.63783658e-01
    1.85527354e-01 5.70439994e-02 8.37884665e-01 7.05010712e-01
    7.92794645e-01 7.22236633e-02 2.07495570e-01 2.10156381e-01
    5.23880243e-01 6.03767395e-01 9.41690445e-01 4.11465943e-01
    7.90935755e-02 7.15531588e-01 7.83283591e-01 1.25375658e-01
    7.38036633e-01 4.52559590e-02 8.08042407e-01 9.20826316e-01
    5.07614493e-01 1.41685516e-01 5.76408386e-01 6.01712465e-02
    1.21652514e-01 3.38920057e-02 2.96811938e-01 8.69006097e-01
    2.56954193e-01 9.53390956e-01 8.81468415e-01 5.51015496e-01
    1.59746796e-01 2.89283603e-01 7.02711582e-01 5.12906790e-01
    5.90753436e-01 2.55041122e-02 8.59305859e-02 5.71416259e-01
    2.52518296e-01 1.66426599e-01 5.95845103e-01 1.84990793e-01
    9.77777362e-01 3.98306191e-01 8.36669087e-01 1.82007253e-02
    2.83888251e-01 3.38974595e-01 5.26880324e-02 5.85788310e-01
    5.34439921e-01 4.30916935e-01 8.11176419e-01 7.85217106e-01
    5.80452859e-01 7.71786928e-01 3.34844112e-01 5.70904016e-01
    4.85966414e-01 2.49784708e-01 7.59052634e-01 8.65135133e-01
    8.23647439e-01 9.84361410e-01 5.06492138e-01 4.35718864e-01
    5.22398412e-01 8.09268355e-01 9.38763380e-01 2.30072349e-01
    1.40327960e-01 5.24118721e-01 1.98229551e-02 5.57970822e-01
    5.37406683e-01 2.46348977e-02 5.13137817e-01 6.82345986e-01
    5.90636015e-01 7.10856795e-01 4.71092761e-01 3.82699698e-01
    9.80907679e-01 6.41419470e-01 7.88701117e-01 3.60753268e-01
    6.55164003e-01 5.03085315e-01 5.46792090e-01 1.26603514e-01
    2.61858076e-01 1.68313414e-01 7.84371793e-01 9.05948639e-01
    6.15776241e-01 6.41874194e-01 5.69002509e-01 7.23022342e-01
    4.03484344e-01 1.80883765e-01 8.47600400e-01 5.42652011e-02
    6.47186279e-01 6.14705563e-01 1.48133188e-01 4.94878113e-01
    1.86826348e-01 4.83128101e-01 2.97585428e-01 3.21534336e-01
    7.98315763e-01 5.87298989e-01 1.05512023e-01 1.89236522e-01
    5.02895057e-01 1.38029754e-02 9.58628774e-01 3.91666681e-01
    5.43808281e-01 9.78525400e-01 9.17373538e-01 5.02635419e-01
    9.08391595e-01 6.15142226e-01 7.51758218e-01 8.72098923e-01
    2.77200699e-01 7.16795802e-01 4.14529741e-02 7.86555290e-01
    1.74524218e-01 6.41141176e-01 3.07218552e-01 7.69045711e-01
    7.43098199e-01 7.32727528e-01 1.59094065e-01 6.69627666e-01
    7.37617135e-01 8.41097593e-01 7.44255841e-01 2.42495716e-01
    2.81083971e-01 8.43685091e-01 8.72093439e-01 4.49357629e-02
    1.38607800e-01 8.60944867e-01 8.00842762e-01 8.06771994e-01
    7.17426181e-01 4.05470639e-01 3.35738003e-01 3.38864923e-02
    6.91803336e-01 4.44447577e-01 2.02685922e-01 9.48970675e-01
    5.02087474e-02 2.87667632e-01 4.12188143e-01 2.15334743e-01
    5.71117997e-02 2.44225442e-01 5.16366959e-02 9.31348205e-01
    7.95874596e-01 3.58496606e-01 1.55068845e-01 7.77612925e-01
    6.05500221e-01 6.51499689e-01 8.51046979e-01 3.24356556e-01
    1.21326476e-01 7.07211912e-01 9.65636015e-01 1.50523335e-01
    4.30931091e-01 1.53549135e-01 2.94285715e-02 4.33190614e-01
    5.21063030e-01 9.53018546e-01 3.74963731e-01 9.00546789e-01
    2.44942099e-01 6.43009365e-01 1.46803319e-01 2.65819013e-01
    7.27453828e-02 8.32000971e-01 4.67920423e-01 6.47691548e-01
    3.58144283e-01 1.44537389e-01 4.03248131e-01 9.97374654e-01
    6.44107699e-01 7.65706778e-01 3.76739949e-01 4.68698055e-01
    2.80912429e-01 6.98874950e-01 9.74494159e-01 4.70628440e-01
    7.95666933e-01 3.50214154e-01 5.31223238e-01 4.30051208e-01
    7.43606806e-01 3.71928155e-01 7.90887594e-01 1.70754313e-01
    2.15287298e-01 3.65374863e-01 4.67018515e-01 8.93761396e-01
    7.45270133e-01 8.13549817e-01 6.55898690e-01 8.94039154e-01
    7.05671549e-01 1.25578940e-02 3.58417690e-01 6.57346368e-01
    9.13371801e-01 6.67321920e-01 9.32170630e-01 9.40425754e-01
    7.48263359e-01 6.34756923e-01 3.14273983e-01 8.55551362e-01
    5.38925767e-01 1.06482238e-01 1.53539479e-02 5.32659948e-01
    3.45820934e-01 9.41151142e-01 3.82697701e-01 9.60936069e-01
    2.37473845e-01 2.11685091e-01 8.19623590e-01 7.90378094e-01
    5.00932813e-01 3.46398830e-01 9.86957788e-01 5.31653941e-01
    3.04902673e-01 8.24506760e-01 2.19117969e-01 3.48508179e-01
    5.40938795e-01 1.31401271e-01 6.30539417e-01 5.26325107e-02
    9.21002030e-01 3.16837490e-01 4.13393676e-02 7.95418382e-01
    2.42008269e-02 5.18268943e-01 6.35641694e-01 1.79307759e-01
    6.63288891e-01 4.05715048e-01 6.78920090e-01 1.09809160e-01
    5.93702734e-01 1.63296789e-01 1.00411534e-01 8.47040892e-01
    8.32882822e-01 2.64368713e-01 5.56430757e-01 2.16661066e-01
    9.64594662e-01 6.77615523e-01 5.35852909e-01 3.35475266e-01
    1.13309383e-01 5.25846481e-01 5.02476990e-01 3.71596217e-03
    6.08368099e-01 1.72390938e-01 3.20546240e-01 8.83119166e-01
    8.09886754e-02 9.82777059e-01 5.01545489e-01 2.99689472e-01
    6.73568428e-01 4.25703347e-01 3.36048961e-01 9.31081772e-01
    5.55363119e-01 2.46887177e-01 3.41909677e-01 7.95869946e-01
    7.18654275e-01 9.26490426e-01 4.57589597e-01 4.07265007e-01
    8.03310275e-01 9.63489354e-01 3.28231752e-01 8.74230385e-01
    4.05793548e-01 2.52427161e-01 1.44613206e-01 2.52245873e-01
    2.86697865e-01 1.47419572e-02 9.99468923e-01 3.56384397e-01
    5.19734323e-01 3.56809616e-01 3.45221341e-01 1.68162256e-01
    5.44672251e-01 5.19221723e-01 8.03575814e-01 3.03809941e-02
    5.80944717e-02 9.30934310e-01 7.07800388e-01 6.29106224e-01
    8.25694919e-01 3.87758076e-01 7.86304474e-02 8.93470764e-01
    5.56961179e-01 9.61813807e-01 5.58083355e-02 4.60491002e-01
    9.89628673e-01 9.15012360e-01 3.15567613e-01 1.13887101e-01
    3.56442809e-01 6.77898526e-01 5.43546379e-01 1.24447078e-01
    1.87586963e-01 5.69293439e-01 7.48812318e-01 6.25753462e-01
    9.65654850e-01 7.41999269e-01 1.32113993e-01 6.52742505e-01
    6.58723235e-01 7.24091530e-01 5.46469092e-02 6.98253512e-02
    3.09185207e-01 9.40221608e-01 3.99294674e-01 9.60546255e-01
    2.14574784e-01 7.48012304e-01 7.86669850e-02 5.42747080e-02
    9.72574830e-01 1.98550761e-01 3.75374168e-01 6.00014687e-01
    6.19294643e-01 5.22916079e-01 8.90657961e-01 2.32219368e-01
    7.99620330e-01 7.97628999e-01 8.73274088e-01 2.20322996e-01
    1.34551257e-01 7.48220265e-01 4.98446137e-01 5.89722812e-01
    8.57043862e-01 9.25234318e-01 6.29971802e-01 3.00953299e-01
    7.39927351e-01 9.77840781e-01 8.99685621e-02 4.38791126e-01
    6.68864250e-01 7.45003164e-01 9.23019946e-02 8.46563995e-01
    8.22621584e-03 2.07153499e-01 3.24225068e-01 3.11994970e-01
    1.63223356e-01 8.09534788e-01 5.07798612e-01 7.00468779e-01
    2.08531260e-01 1.42035127e-01 9.71680582e-02 6.10646605e-02
    6.89961910e-02 9.43289876e-01 1.88455880e-01 4.34396476e-01
    7.90316105e-01 7.42676973e-01 1.38366222e-01 3.87637138e-01
    5.37114918e-01 4.10526574e-01 1.88237190e-01 5.94660640e-02
    3.91447157e-01 6.51268184e-01 4.00029331e-01 9.30365503e-01
    3.27553034e-01 4.52537000e-01 1.20570630e-01 7.42958665e-01
    5.54851890e-01 7.51678109e-01 5.51374257e-01 5.51878512e-01
    2.16117442e-01 3.15025032e-01 4.86813992e-01 1.87871307e-01
    4.53956515e-01 9.40986037e-01 1.36609852e-01 9.19878244e-01
    2.39275634e-01 2.64655113e-01 7.25333333e-01 5.51597297e-01
    6.09205186e-01 4.87777829e-01 9.74904060e-01 8.02346051e-01
    2.49327809e-01 2.00061560e-01 1.70680523e-01 2.88433969e-01
    1.36139989e-01 2.27948427e-02 8.26587498e-01 3.48393768e-01
    6.69247508e-01 5.42624891e-01 9.62920010e-01 1.27016008e-02
    1.61493778e-01 3.38035643e-01 3.53070259e-01 8.19547534e-01
    9.82877016e-01 9.68078017e-01 8.20247948e-01 2.43112266e-01
    2.77049035e-01 8.33090067e-01 9.96163011e-01 3.46826047e-01
    8.44010830e-01 9.77857113e-01 3.66435945e-01 1.90566599e-01
    3.02999765e-01 9.15179729e-01 8.29621375e-01 8.83241177e-01
    9.69107151e-01 6.28712773e-01 1.25902921e-01 6.57411516e-01
    5.66395521e-01 2.33005762e-01 6.24692082e-01 1.20237887e-01
    5.64328432e-01 8.02155495e-01 4.81326580e-02 9.38521028e-01
    9.37498331e-01 8.82109761e-01 2.79847503e-01 5.69803059e-01
    5.57911754e-01 7.24493146e-01 5.94366789e-01 9.59561825e-01
    3.24847579e-01 4.79455441e-01 2.11804420e-01 7.58751750e-01
    8.33597898e-01 7.54094362e-01 9.56580937e-01 7.51373410e-01
    4.19934869e-01 2.08215088e-01 1.76908404e-01 4.61325914e-01
    8.88534784e-01 9.33166742e-01 3.97672415e-01 9.80857074e-01
    4.13046658e-01 5.99441171e-01 2.30456829e-01 9.87115622e-01
    9.25759435e-01 3.66500378e-01 2.56592572e-01 9.76231158e-01
    1.98569775e-01 8.48760843e-01 8.88494551e-02 9.21385407e-01
    8.83195400e-01 7.45001733e-02 9.53171492e-01 3.27885658e-01
    4.17198479e-01 9.25787091e-01 8.80903840e-01 5.74737191e-01
    2.78884411e-01 3.48228455e-01 1.93777174e-01 1.01551294e-01
    3.34495425e-01 1.12929344e-02 3.23218614e-01 4.89901721e-01
    7.86366224e-01 5.71169198e-01 2.74711668e-01 7.47091293e-01
    6.90803647e-01 9.15224910e-01 3.71431410e-01 3.26672137e-01
    5.58069706e-01 4.62191969e-01 4.75122780e-01 2.13212192e-01
    9.33574855e-01 6.11482620e-01 6.87856376e-01 5.81424236e-01
    8.61886263e-01 9.88590777e-01 3.63964498e-01 3.26293617e-01
    2.26339698e-01 5.33672273e-01 1.77326351e-01 6.18888736e-01
    7.42179394e-01 6.36768818e-01 4.56269443e-01 5.03301501e-01
    1.12969279e-01 3.99743795e-01 1.94876164e-01 8.55266213e-01
    5.80828905e-01 8.85258794e-01 6.39810264e-01 8.48627090e-03
    4.59209979e-01 4.50093150e-01 9.24477816e-01 5.11982977e-01
    2.56873369e-02 5.39552152e-01 7.18120277e-01 2.92858720e-01
    9.56111252e-01 7.82627702e-01 6.54392302e-01 7.17781067e-01
    9.51248050e-01 6.44572735e-01 3.53226244e-01 6.73798621e-02
    8.58163953e-01 7.47683406e-01 1.44014567e-01 2.77423710e-01
    5.14921367e-01 4.92735535e-01 7.66325116e-01 9.69376445e-01
    9.58990335e-01 5.90184152e-01 1.55748904e-01 3.53973627e-01
    2.22516984e-01 5.70762277e-01 6.32329106e-01 4.25456822e-01
    4.45516437e-01 1.82362109e-01 5.64107001e-01 6.13601506e-01
    5.90600967e-01 5.38096428e-02 6.52388692e-01 5.87063670e-01
    8.58190358e-02 2.98649073e-01 9.62353408e-01 5.28498232e-01
    1.12661988e-01 9.56004381e-01 8.35883737e-01 6.59730732e-01
    3.80409330e-01 2.91818678e-02 2.72471279e-01 8.86662185e-01
    5.94063044e-01 4.74661946e-01 5.29052019e-01 9.56450880e-01
    3.80908757e-01 5.94936013e-02 4.55635339e-01 9.79771972e-01
    5.16013861e-01 1.94132268e-01 2.49042600e-01 3.37314069e-01
    5.37903368e-01 7.71068215e-01 7.32131004e-01 5.49391985e-01
    2.40730673e-01 6.48466110e-01 8.55885983e-01 7.35580921e-01
    2.40799785e-03 4.21318263e-01 1.18646502e-01 7.43150711e-01
    9.37168062e-01 7.43821144e-01 3.97217751e-01 6.42604411e-01
    9.74143505e-01 5.95417023e-02 9.10682082e-01 3.30135345e-01
    8.22417617e-01 6.96868598e-01 1.68991685e-01 9.79671001e-01
    1.92921191e-01 4.33658183e-01 3.50540280e-01 3.44425738e-01
    6.47137582e-01 1.78862751e-01 8.14832568e-01 9.01965499e-01
    8.58060181e-01 1.40299469e-01 3.52620721e-01 4.32739079e-01
    4.68443871e-01 1.80239558e-01 3.70823681e-01 4.59003985e-01
    7.80270994e-02 3.55310440e-02 4.43628788e-01 2.16867208e-01
    2.56881893e-01 5.52217603e-01 2.51699865e-01 4.06485766e-01
    9.34474468e-01 9.63226676e-01 4.71649796e-01 5.29457867e-01
    6.20528102e-01 1.79018289e-01 9.43803072e-01 6.54422581e-01
    5.05984366e-01 1.34461761e-01 3.05604249e-01 5.66292405e-02
    3.28946829e-01 5.69505930e-01 7.48341918e-01 7.38878250e-01
    5.30654848e-01 9.79766726e-01 4.96028781e-01 8.85348439e-01
    8.04701090e-01 7.08264828e-01 4.21968609e-01 9.04770732e-01
    8.80355418e-01 2.47543901e-01 5.55930138e-01 6.29471898e-01
    7.63170481e-01 8.48728895e-01 5.84976435e-01 7.14709759e-02
    6.45469904e-01 9.64181662e-01 3.77394885e-01 4.64994073e-01
    8.83614004e-01 7.47978568e-01 2.51927733e-01 6.14063323e-01
    3.69763196e-01 7.04111934e-01 3.39503109e-01 3.65761817e-01
    9.74751711e-02 7.28158057e-01 9.07640934e-01 7.72775888e-01
    5.44986427e-01 2.19943523e-02 5.22960365e-01 2.23373353e-01
    6.22274220e-01 4.72357929e-01 5.33311367e-02 8.85521352e-01
    3.12687248e-01 4.25220966e-01 3.00801873e-01 8.34738970e-01
    4.00254786e-01 6.72729135e-01 9.08182025e-01 5.03184140e-01
    8.66939962e-01 5.08812547e-01 7.34600008e-01 7.45147765e-02
    7.79486001e-02 4.75428611e-01 9.66571927e-01 6.70195103e-01
    4.18427974e-01 8.20686221e-01 4.65954542e-02 2.56031632e-01
    7.28222370e-01 1.71782970e-02 4.33364451e-01 4.07473058e-01
    9.55440402e-01 8.90568793e-01 5.69062710e-01 4.25302684e-02
    6.13192022e-01 9.49856639e-01 8.20221305e-01 2.76149035e-01
    6.19634807e-01 5.01409769e-02 1.70248985e-01 3.00733805e-01
    2.44572520e-01 7.86767721e-01 7.11789668e-01 6.81676745e-01
    1.32293046e-01 4.30515707e-01 7.30947018e-01 7.89429724e-01
    9.57360864e-01 5.12920678e-01 7.42295742e-01 1.89343154e-01
    8.75035763e-01 3.57645154e-01 7.68260717e-01 5.93666673e-01
    6.05792105e-01 6.27910495e-01 6.15065694e-01 3.14735472e-01
    2.82636166e-01 2.83860594e-01 3.73587191e-01 5.74700415e-01
    8.93535376e-01 8.68422508e-01 4.72146571e-01 5.86307585e-01
    8.64349604e-01 4.67613250e-01 4.64502871e-01 6.39603078e-01
    2.62059510e-01 6.87687755e-01 3.93428206e-02 6.50301099e-01
    3.68522942e-01 7.23191261e-01 2.50653684e-01 1.24055415e-01
    1.93491340e-01 7.05863297e-01 3.33310455e-01 7.21377850e-01
    9.35609996e-01 9.34548020e-01 7.14020908e-01 8.52317691e-01
    5.86726427e-01 1.84723705e-01 1.17970705e-01 1.08716756e-01
    4.02833849e-01 4.38563347e-01 8.73011589e-01 2.07212478e-01
    5.93231082e-01 7.77956486e-01 6.18427157e-01 7.49295950e-01
    8.28271747e-01 3.26934457e-01 5.29502869e-01 5.74026406e-01
    3.08801055e-01 8.27126622e-01 1.24480784e-01 2.09975064e-01
    8.03777575e-01 5.99428833e-01 6.90909386e-01 9.88286436e-01
    9.87773657e-01 6.45428896e-01 7.72396684e-01 8.50230336e-01
    7.35409439e-01 5.47923267e-01 7.05774963e-01 9.38428879e-01
    9.04421508e-01 3.91133994e-01 3.11213613e-01 2.83088416e-01
    2.55003452e-01 2.55076408e-01 5.47259748e-02 5.48193455e-01
    7.73462534e-01 3.04809809e-01 4.42537159e-01 4.15346384e-01
    8.43123853e-01 5.21642387e-01 2.80117214e-01 8.56297314e-02
    1.52715564e-01 1.21496677e-01 9.42146540e-01 7.11856186e-01
    1.60828233e-01 1.73711777e-02 9.18840051e-01 4.56803560e-01
    9.59276676e-01 9.85741913e-01 2.64553666e-01 6.91763580e-01
    4.88005579e-01 6.07779980e-01 5.84379375e-01 9.42933977e-01
    2.68593818e-01 2.05080479e-01 3.65184337e-01 8.65379691e-01
    7.54552126e-01 6.82385325e-01 1.82783872e-01 9.06441092e-01
    4.42476392e-01 2.04053223e-02 7.34073400e-01 2.53952026e-01
    9.09850538e-01 2.45680124e-01 1.15298927e-02 8.34233880e-01
    3.37193310e-02 1.31137043e-01 8.39643598e-01 9.58798051e-01
    8.46179962e-01 9.54312325e-01 4.44557428e-01 6.44455373e-01
    7.81943202e-01 8.84354353e-01 4.31476176e-01 4.26556259e-01
    9.01723385e-01 3.77058685e-01 5.16738236e-01 9.33853567e-01
    2.83347547e-01 6.53153598e-01 6.28344834e-01 8.97815824e-01
    3.03686976e-01 6.95579648e-01 5.40351391e-01 4.78079021e-02
    4.56905097e-01 3.14806998e-02 3.48832905e-02 3.39542568e-01
    4.83212054e-01 8.03595543e-01 8.30238760e-01 1.63779825e-01
    4.97806937e-01 3.75548691e-01 5.15491605e-01 2.75189817e-01
    1.32888019e-01 2.03148007e-01 3.86042953e-01 3.39874506e-01
    1.57749802e-01 5.38694263e-02 3.07213515e-01 9.43827748e-01
    1.40452534e-01 3.15626919e-01 9.42371786e-01 8.39533627e-01
    5.22630930e-01 6.86539650e-01 3.51127803e-01 5.03010213e-01
    2.10475624e-01 1.34058654e-01 7.16461837e-02 1.95087016e-01
    4.39923704e-02 6.04681551e-01 1.76733345e-01 5.26241064e-02
    1.13728493e-01 2.83876926e-01 8.71858478e-01 5.28809309e-01
    4.25304174e-01 4.40792710e-01 5.93438745e-02 7.74296641e-01
    3.92036974e-01 9.61030722e-02 9.78329778e-03 5.15207052e-01
    4.00150448e-01 7.19068587e-01 3.71661216e-01 6.55604064e-01
    5.50845325e-01 5.15739799e-01 2.29994714e-01 9.82383966e-01
    9.31546211e-01 5.79919338e-01 2.05285072e-01 2.66296983e-01
    1.57536656e-01 5.18213928e-01 2.57174432e-01 7.58505344e-01
    7.61852860e-01 1.77546203e-01 9.87908244e-02 8.08261275e-01
    6.32417679e-01 3.86099517e-01 7.04978287e-01 5.95687985e-01
    8.40849519e-01 5.94237804e-01 7.73394465e-01 5.52302122e-01
    4.96358633e-01 7.76609182e-01 9.40388680e-01 9.78796661e-01
    8.21038127e-01 4.51718330e-01 5.92819631e-01 9.94688272e-02
    9.61047173e-01 3.45061392e-01 7.92703271e-01 3.27793896e-01
    4.27936614e-02 8.16784501e-01 2.76883245e-01 2.83168018e-01
    4.10949051e-01 2.99091369e-01 8.13321412e-01 1.28456056e-01
    2.95311928e-01 3.99681628e-01 3.92262399e-01 2.93942153e-01
    9.92865562e-01 6.69317365e-01 1.17670417e-01 7.78751194e-01
    8.26087892e-02 6.24377131e-02 9.48579311e-02 2.51369208e-01
    8.58283281e-01 6.60858274e-01 4.17797267e-02 4.35179055e-01
    6.39386177e-01 9.87172246e-01 3.41054052e-01 8.10001493e-01
    3.54562998e-02 8.08891177e-01 2.00385779e-01 5.61847866e-01
    2.44101703e-01 3.30145776e-01 7.51158118e-01 4.68006939e-01
    8.44770610e-01 6.16696417e-01 1.71253353e-01 4.21778262e-01
    2.65221357e-01 8.73603582e-01 1.95085049e-01 6.52036011e-01
    4.96065557e-01 5.36009669e-03 3.26225758e-01 4.04299974e-01
    3.85853767e-01 1.21964931e-01 6.56334639e-01 3.54194790e-01
    4.45502669e-01 4.93219614e-01 4.12097394e-01 3.77538949e-01
    6.63376808e-01 7.59377599e-01 9.65547919e-01 5.42461574e-01
    9.95004892e-01 4.39474285e-02 2.33325005e-01 8.03735733e-01
    3.84101123e-01 6.28048241e-01 9.90218520e-02 3.57649505e-01
    3.94405007e-01 1.81446701e-01 7.07960248e-01 5.54875374e-01
    8.48801494e-01 9.34219360e-01 5.83662748e-01 3.04311872e-01
    8.26495469e-01 1.67236090e-01 3.61346424e-01 7.91847169e-01
    7.17572510e-01 7.75329351e-01 3.34800780e-01 8.10462356e-01
    7.51917481e-01 7.83772826e-01 9.55796063e-01 1.35594040e-01
    2.17452288e-01 1.46363050e-01 9.78964210e-01 6.74273610e-01
    3.15730035e-01 5.10451674e-01 6.07193351e-01 3.13339531e-01
    7.91989446e-01 2.78778851e-01 3.54002357e-01 8.69779468e-01
    7.47257650e-01 2.11512774e-01 8.51406097e-01 8.09131026e-01
    8.69485497e-01 8.75772476e-01 4.80480850e-01 2.66667247e-01
    3.94366771e-01 1.65121138e-01 4.77449536e-01 2.21952766e-01
    4.06979531e-01 1.57351911e-01 8.10035110e-01 6.53925121e-01
    7.13137925e-01 1.35597140e-01 6.77239656e-01 9.14451480e-02
    4.58128273e-01 7.84302115e-01 3.16161722e-01 6.25573993e-01
    4.03232813e-01 1.02580845e-01 9.33664024e-01 7.10586965e-01
    8.94715428e-01 8.09433341e-01 4.58372414e-01 6.70489073e-01
    1.98149204e-01 4.52304065e-01 6.26087248e-01 1.45472854e-01
    7.29501247e-01 3.69290411e-02 4.15286720e-02 2.82755882e-01
    8.16690803e-01 1.29168421e-01 9.14729416e-01 9.70509946e-02
    3.62124294e-01 3.93890649e-01 4.80066150e-01 5.41400075e-01
    8.39205384e-01 9.71604228e-01 8.69163573e-02 9.88123417e-01
    3.22952121e-01 6.38277531e-01 7.84691930e-01 7.67436504e-01
    2.14486271e-01 3.82183194e-01 4.43680525e-01 1.43025130e-01
    8.61319780e-01 7.52499640e-01 9.47196603e-01 1.43708289e-01
    1.21825874e-01 9.38829184e-01 1.31309748e-01 2.44249821e-01
    2.12322116e-01 5.59180021e-01 1.28287345e-01 6.57251835e-01
    4.44311619e-01 5.96235931e-01 9.10711050e-01 6.47510648e-01
    6.12620771e-01 3.42754722e-02 7.37458587e-01 6.87291801e-01
    3.26108932e-01 7.60514975e-01 4.81240451e-02 8.46678734e-01
    8.16925526e-01 8.31880093e-01 6.58359647e-01 1.75735682e-01
    3.89257252e-01 3.31597388e-01 2.42957205e-01 8.41714442e-02
    9.71984208e-01 1.37230664e-01 6.18273616e-02 4.59656954e-01
    2.31562436e-01 9.46623445e-01 3.07134032e-01 4.15009141e-01
    6.52053952e-03 3.21616441e-01 8.63783360e-01 4.81905758e-01
    8.62087965e-01 9.73663092e-01 5.71676612e-01 6.84814036e-01
    3.79653484e-01 1.13696277e-01 9.82498288e-01 8.79847825e-01
    5.35993397e-01 9.83739018e-01 8.89242053e-01 6.98645830e-01
    9.80887949e-01 4.79753524e-01 5.74655771e-01 7.22063780e-01
    6.31748438e-02 3.90655279e-01 2.81451255e-01 4.26331550e-01
    7.10813940e-01 9.17728364e-01 5.06604075e-01 8.56419146e-01
    2.13793248e-01 7.16943622e-01 3.89461219e-02 4.53110039e-02
    9.74721611e-02 7.61278868e-01 3.54663730e-02 2.42154062e-01
    3.83325964e-01 8.59756649e-01 9.23795998e-02 4.92257982e-01
    9.39934313e-01 3.02583337e-01 5.38446665e-01 1.12901211e-01
    7.27515459e-01 1.27394795e-01 6.97198033e-01 4.35630113e-01
    5.08727133e-01 3.75300229e-01 6.86939716e-01 4.19431627e-02
    1.51025623e-01 6.75629675e-01 4.72624451e-01 9.05947864e-01
    2.44683206e-01 9.96383071e-01 5.73050678e-01 4.41303074e-01
    1.38442248e-01 5.22515595e-01 3.11689734e-01 3.11915219e-01
    8.26675773e-01 3.60660791e-01 4.76911068e-02 8.90080929e-01
    8.00559998e-01 8.38347554e-01 9.00215626e-01 9.12818909e-02
    7.56894708e-01 8.50538969e-01 2.70462275e-01 3.98020595e-01
    1.16975188e-01 4.52012569e-01 8.77546728e-01 2.27178723e-01
    9.95013416e-01 2.95800686e-01 8.45653415e-01 1.80433005e-01
    3.57000530e-02 9.88872945e-01 9.68305349e-01 9.23532903e-01
    8.80380690e-01 3.08805645e-01 6.76982045e-01 7.18403995e-01
    7.86842585e-01 5.01563072e-01 7.87756443e-01 5.71297705e-01
    9.62288499e-01 1.83368415e-01 8.05836082e-01 6.49431109e-01
    8.57738972e-01 3.67746055e-02 2.27071494e-01 1.22489035e-02
    3.70732009e-01 1.73495531e-01 4.91356313e-01 8.28710079e-01
    6.26609445e-01 4.87982929e-02 4.95001972e-02 7.39510238e-01
    2.38047183e-01 4.67539668e-01 7.32590556e-01 8.62713814e-01
    1.01187408e-01 1.13261878e-01 9.57495451e-01 9.23634708e-01
    8.39078069e-01 1.55228049e-01 8.38100195e-01 2.27956206e-01
    9.58202362e-01 3.88159931e-01 1.96413577e-01 7.44220138e-01
    9.09619153e-01 9.43249881e-01 6.46039248e-01 3.58827829e-01
    3.13961446e-01 1.20591998e-01 6.15218818e-01 6.93485439e-02
    9.84772801e-01 1.69806749e-01 3.13995451e-01 4.68473315e-01
    3.21379483e-01 9.89822388e-01 9.20212746e-01 2.58320153e-01
    1.23794138e-01 4.00597364e-01 6.07664227e-01 6.78385317e-01
    9.74247456e-01 7.91494131e-01 8.96441221e-01 4.62700635e-01
    3.78168285e-01 8.99404585e-01 4.23697978e-01 3.13925683e-01
    8.32497537e-01 4.40875947e-01 5.07754505e-01 3.88511956e-01
    8.41323674e-01 9.38759685e-01 6.02146387e-01 8.40068579e-01
    6.26305223e-01 8.02879930e-01 4.08810854e-01 9.25023556e-01
    3.55313778e-01 2.90423036e-02 4.20541853e-01 5.98587036e-01
    2.99486637e-01 3.49000335e-01 4.55137134e-01 3.82524639e-01
    4.75768805e-01 6.19350731e-01 8.25336218e-01 1.10582709e-01
    3.35968316e-01 9.76706862e-01 2.33086914e-01 4.58911061e-02
    7.68624127e-01 2.73278505e-01 4.02293503e-01 9.36656594e-01
    4.15582597e-01 2.18703032e-01 7.96421409e-01 7.41150022e-01
    6.12597585e-01 5.05255044e-01 5.51619172e-01 4.48510796e-01
    5.68499804e-01 6.55182004e-01 6.66276336e-01 4.72035229e-01
    4.72386181e-02 3.04982036e-01 7.38613188e-01 3.02261025e-01
    1.16539657e-01 1.70230687e-01 7.71841407e-02 9.41035211e-01
    1.94754750e-01 2.51779944e-01 8.68533909e-01 1.71268612e-01
    9.62012410e-01 3.53214145e-02 8.07957053e-01 3.71163905e-01
    2.75728136e-01 2.58711576e-02 8.93216789e-01 8.87669206e-01
    5.38472593e-01 4.47659194e-01 8.39899540e-01 2.99762964e-01
    1.19573951e-01 1.16287589e-01 3.88484955e-01 7.51571536e-01
    1.85169876e-01 9.36777592e-01 7.20648527e-01 3.90838683e-02
    1.13902241e-01 4.64517862e-01 2.36809522e-01 3.84263635e-01
    9.59915161e-01 9.83911991e-01 9.05828834e-01 6.65042877e-01
    2.03216702e-01 8.44182730e-01 5.24502397e-02 2.55684853e-01
    5.92165828e-01 2.40176320e-02 2.78360784e-01 2.41164953e-01
    3.14962566e-01 3.87163281e-01 6.75512910e-01 9.42971349e-01
    5.10425985e-01 1.51784122e-02 7.29081452e-01 2.54644454e-02
    2.26317257e-01 6.57293260e-01 4.14848357e-01 1.59134597e-01
    4.31927323e-01 2.67242730e-01 3.67576003e-01 5.93073368e-01
    4.46040332e-02 9.74679828e-01 5.48931539e-01 9.36211228e-01
    4.49465871e-01 8.33964765e-01 7.08342731e-01 8.54718208e-01
    2.30619013e-01 1.49471790e-01 4.10125971e-01 5.40227711e-01
    7.16813028e-01 7.61498153e-01 4.25311893e-01 9.43925619e-01
    5.45109093e-01 9.68957603e-01 2.16048926e-01 5.51139295e-01
    3.37086499e-01 2.03213602e-01 2.24736989e-01 7.77031660e-01
    8.49735320e-01 6.50533855e-01 1.41280055e-01 6.24479711e-01
    4.53405410e-01 7.07568526e-02 5.36320210e-02 5.86312175e-01
    7.64350057e-01 7.88693190e-01 6.10401928e-01 2.84957588e-01
    9.17388141e-01 6.66570663e-02 5.98388910e-03 3.70340466e-01
    7.44585037e-01 9.42395627e-02 6.20330215e-01 6.21650577e-01
    7.68849611e-01 8.38533044e-03 3.85127008e-01 5.70891738e-01
    5.90672672e-01 2.12274820e-01 8.61251652e-02 9.68762517e-01
    7.20632315e-01 8.68288517e-01 3.58743936e-01 8.72740865e-01
    2.09900767e-01 7.98271775e-01 8.01136017e-01 5.45149505e-01
    8.87688160e-01 5.46984315e-01 4.51537967e-01 5.29347003e-01
    2.09205687e-01 5.36774814e-01 8.89421940e-01 6.02245212e-01
    1.41565531e-01 7.85134554e-01 4.23536330e-01 9.70992982e-01
    1.61128342e-01 4.13239300e-01 3.96897435e-01 6.33047581e-01
    1.63003534e-01 8.03003728e-01 3.54181617e-01 5.64204752e-01
    7.35238135e-01 6.24939442e-01 4.73370075e-01 3.62633109e-01
    1.05496675e-01 4.84972715e-01 9.12175536e-01 5.87979555e-01
    2.83253908e-01 5.42331338e-01 4.69939053e-01 1.85211957e-01
    7.97713697e-02 6.20526612e-01 1.30201966e-01 6.17910147e-01
    5.48430383e-01 7.59308457e-01 2.42652237e-01 7.80202687e-01
    1.22872025e-01 8.80472720e-01 5.63917160e-01 2.53269076e-03
    6.34132624e-02 8.09282482e-01 6.01349354e-01 1.38588011e-01
    5.60389161e-01 9.68458414e-01 7.17632234e-01 5.34632206e-01
    9.07762170e-01 4.25591230e-01 3.63967419e-01 9.14990067e-01
    3.15239698e-01 4.60234404e-01 5.15139639e-01 1.26183331e-01
    4.04173136e-01 3.51070255e-01 9.85570788e-01 6.19878650e-01
    9.60537672e-01 9.00505364e-01 4.83065933e-01 4.05229628e-01
    1.91007137e-01 4.49489176e-01 6.50988519e-01 8.47229898e-01
    4.88512576e-01 5.82216918e-01 5.09797633e-01 6.87008381e-01
    9.55707610e-01 3.24112773e-01 6.71255708e-01 4.91152823e-01
    1.69738948e-01 7.00149953e-01 1.84537172e-02 2.00962692e-01
    7.26540208e-01 1.16319686e-01 8.56767297e-01 8.84623408e-01
    6.51768386e-01 3.26240659e-01 1.14739329e-01 9.55041766e-01
    1.56911612e-02 5.14397323e-01 7.52311826e-01 5.59613347e-01
    5.90618134e-01 9.48293209e-01 6.01254165e-01 2.69545913e-01
    6.29616797e-01 5.69220245e-01 8.78966808e-01 2.56610751e-01
    1.44107282e-01 5.57070673e-01 2.55682170e-02 3.82023901e-01
    4.76981431e-01 6.86324239e-01 1.27398759e-01 5.47611415e-01
    1.30850464e-01 4.89234895e-01 4.88981783e-01 1.99659914e-01
    2.20508367e-01 1.39772326e-01 5.22378683e-01 9.93006170e-01
    2.45732963e-02 9.65027452e-01 6.22213542e-01 4.60804373e-01
    2.92376190e-01 3.88872623e-02 8.20868611e-01 5.95346212e-01
    9.68417227e-02 3.46647561e-01 2.70923972e-03 9.84752178e-01
    5.24715543e-01 1.38152480e-01 6.28261089e-01 1.17753148e-01
    2.09549367e-02 8.25503349e-01 1.74019665e-01 9.44465756e-01
    2.21432537e-01 4.29929972e-01 2.68938184e-01 8.83245826e-01
    6.46406293e-01 7.16908336e-01 8.44699979e-01 3.57330561e-01
    9.43069100e-01 3.64360809e-02 9.86457169e-02 7.26388097e-01
    8.26399565e-01 3.02607000e-01 1.50812924e-01 2.60565400e-01
    6.83045089e-01 6.89396203e-01 9.43736911e-01 1.61093235e-01
    3.06111574e-03 2.45915651e-02 7.14286029e-01 8.33617687e-01
    4.36641872e-01 8.84726703e-01 6.46599829e-01 5.07969260e-01
    6.48133397e-01 5.00253856e-01 2.82043278e-01 8.10375452e-01
    5.67783117e-02 4.72128838e-01 2.57896006e-01 6.13880396e-01
    5.94369471e-01 3.00021410e-01 9.49518800e-01 2.40328848e-01
    1.69654399e-01 2.89174855e-01 5.34434915e-01 4.09728587e-02
    3.62358212e-01 4.60212380e-01 4.04574811e-01 1.09701753e-02
    2.46890485e-01 5.25795341e-01 6.68805301e-01 1.58705026e-01
    6.60679340e-02 3.35798740e-01 4.67796445e-01 2.07416028e-01
    1.95873410e-01 8.00357819e-01 4.70146239e-01 6.25762343e-01
    2.56792486e-01 5.40613174e-01 3.75864983e-01 4.71418858e-01
    2.50380337e-01 3.64868224e-01 7.96267390e-01 4.06102747e-01
    8.09283793e-01 6.24568522e-01 6.98133349e-01 1.51176840e-01
    3.15058529e-02 7.43184328e-01 4.45976377e-01 8.93262684e-01
    4.33397591e-01 6.83793783e-01 3.27138126e-01 7.90015817e-01
    6.00526929e-01 3.94704401e-01 7.73988485e-01 6.91082954e-01
    3.09027374e-01 8.84047627e-01 2.21684813e-01 2.38229543e-01
    4.83174413e-01 9.19523120e-01 4.63416725e-01 8.23118985e-01
    9.05219018e-01 6.29443049e-01 2.62413949e-01 6.37475371e-01
    2.80662626e-01 3.01542014e-01 8.43365252e-01 7.57823229e-01
    2.82146215e-01 9.52093005e-02 8.83720279e-01 1.11308962e-01
    8.49434137e-01 7.99850583e-01 9.58709657e-01 4.27730501e-01
    2.15159059e-02 7.34781384e-01 6.58903718e-02 2.48952895e-01
    4.46350455e-01 3.19528669e-01 9.80334580e-02 8.15342784e-01
    2.46089697e-02 6.79485083e-01 7.55432010e-01 3.43802691e-01
    4.92613822e-01 5.38141251e-01 7.18073070e-01 6.43934846e-01
    1.99534655e-01 8.76850843e-01 3.78734648e-01 6.18106961e-01
    5.30445576e-01 7.94829428e-01 6.10329092e-01 8.03650022e-02
    6.91036999e-01 7.30976343e-01 5.31262159e-01 1.46886706e-03
    8.69159460e-01 8.43482018e-01 5.47409236e-01 4.65346634e-01
    2.05892146e-01 9.82159257e-01 8.04851592e-01 9.13167357e-01
    4.02859509e-01 1.46369427e-01 6.82770967e-01 3.84502351e-01
    7.16482520e-01 9.14164186e-01 2.93571234e-01 8.34287167e-01
    3.65902811e-01 1.67027742e-01 4.70104694e-01 8.25294018e-01
    6.86480403e-01 2.19121933e-01 8.31138074e-01 1.86854392e-01
    5.81890345e-01 1.33419544e-01 3.36817622e-01 5.47309756e-01
    2.67762840e-01 3.52944255e-01 9.51110840e-01 5.47750115e-01
    5.31001449e-01 9.19464827e-01 8.95225286e-01 5.38338184e-01
    7.70005763e-01 2.32592881e-01 2.07626075e-01 3.44660819e-01
    4.86496836e-01 6.19736314e-01 1.42211616e-02 7.83181787e-01
    3.87945831e-01 8.65678489e-02 7.36468256e-01 5.64833462e-01
    5.38299739e-01 9.88013983e-01 4.29825783e-01 9.25611615e-01
    1.54772311e-01 7.33774066e-01 2.45888442e-01 6.77055478e-01
    2.16843128e-01 8.13559115e-01 4.66352940e-01 2.03920722e-01
    7.22760081e-01 4.91416126e-01 1.06137842e-01 1.57710224e-01
    3.89234126e-01 6.68017864e-01 2.79129148e-01 6.81384087e-01
    9.41498578e-02 2.78298318e-01 4.55107510e-01 9.81082559e-01
    3.38591337e-02 2.12015808e-01 1.85784578e-01 5.44255674e-02
    6.41483247e-01 4.05633688e-01 9.49541092e-01 4.06584740e-01
    1.54241443e-01 7.85419703e-01 6.61635697e-02 1.05239600e-01
    5.50475001e-01 4.29354757e-01 7.41843998e-01 7.84150124e-01
    3.44025522e-01 6.15587354e-01 7.41661310e-01 1.79992050e-01
    2.75784284e-01 8.11821461e-01 3.11249316e-01 8.57668400e-01
    3.95143479e-01 3.99670392e-01 8.80797803e-02 4.04561043e-01
    1.50531650e-01 4.27739799e-01 4.41563070e-01 7.47566223e-01
    5.28046072e-01 3.91409099e-01 7.67625034e-01 7.08579719e-02
    5.67677319e-02 4.41730976e-01 8.00837398e-01 9.67063487e-01
    2.22828805e-01 9.64908421e-01 9.84622180e-01 6.41989350e-01
    6.27909362e-01 1.87934816e-01 9.58292961e-01 8.91263604e-01
    5.11914492e-01 5.22984266e-01 9.90720034e-01 2.60485828e-01
    7.33575940e-01 7.65738547e-01 4.63221639e-01 4.45969582e-01
    6.66689157e-01 1.51539028e-01 7.54955411e-01 5.25621712e-01
    7.66419172e-01 7.81133294e-01 9.41060185e-02 7.45431066e-01
    7.86837518e-01 4.19448286e-01 7.22136199e-02 8.51473212e-01
    7.82073557e-01 2.96339631e-01 1.80438101e-01 5.51446617e-01
    2.29643881e-01 3.41633499e-01 4.09354120e-01 9.40098286e-01
    1.70136750e-01 4.69347507e-01 1.38920248e-02 5.76039255e-01
    8.24859321e-01 9.78577256e-01 3.94922435e-01 2.12667316e-01
    1.63693249e-01 2.83674538e-01 3.30397189e-01 5.19054949e-01
    9.51179564e-01 5.91700673e-01 8.71148229e-01 7.94500530e-01
    2.91781902e-01 3.73565018e-01 3.52871060e-01 6.30749226e-01
    6.82791233e-01 5.54709733e-01 3.39188635e-01 2.52094388e-01
    5.52756488e-01 9.37744021e-01 7.08399594e-01 7.17586160e-01
    4.26228851e-01 8.43495488e-01 6.49983764e-01 5.05139589e-01
    7.60399342e-01 7.78586030e-01 2.91688442e-01 2.53684819e-02
    7.92777240e-01 3.23824465e-01 9.98784125e-01 2.22139567e-01
    9.38776851e-01 9.53224421e-01 4.90770191e-01 3.98666143e-01
    5.29669404e-01 3.32733601e-01 1.38140887e-01 5.26524961e-01
    3.75276387e-01 1.18457526e-01 3.33179325e-01 1.78572476e-01
    1.28438503e-01 7.31843114e-01 2.34495223e-01 2.59649754e-03
    6.81948781e-01 1.48244798e-01 7.76425123e-01 5.68043828e-01
    6.15481734e-01 9.90248322e-01 2.26435572e-01 1.49284214e-01
    7.97560930e-01 2.63109714e-01 5.47514141e-01 5.32536983e-01
    4.15546328e-01 7.64187336e-01 6.32593870e-01 9.60812330e-01
    9.35749531e-01 9.33759987e-01 4.35065657e-01 5.55702209e-01
    9.97535825e-01 4.32229936e-01 6.56528354e-01 1.01330280e-01
    3.92809212e-01 6.25437200e-01 9.17994797e-01 3.43112648e-02
    8.13219070e-01 4.08022106e-02 7.41017580e-01 6.38388932e-01
    3.62130105e-01 2.93689370e-02 6.05862081e-01 5.26669204e-01
    3.68633807e-01 6.67354763e-01 2.92514086e-01 7.09210634e-01
    6.43675208e-01 2.56307483e-01 9.19508576e-01 3.99842143e-01
    4.03386325e-01 1.96598798e-01 6.46327555e-01 1.76874131e-01
    1.17635787e-01 3.51886809e-01 5.59297144e-01 5.34171164e-01
    3.45440567e-01 3.12183201e-02 9.15321410e-02 5.97044230e-02
    3.79749745e-01 4.50770497e-01 5.07792592e-01 6.45959496e-01
    3.69235367e-01 6.73584580e-01 5.63806236e-01 4.65313047e-01
    8.49143744e-01 8.36166441e-02 1.55616611e-01 4.85220790e-01
    7.36244917e-01 8.74781430e-01 3.28647435e-01 8.86735082e-01
    4.40464497e-01 3.11649740e-01 9.96564746e-01 2.14123666e-01
    6.92569613e-01 6.79928958e-01 8.36162448e-01 2.20448911e-01
    9.52074945e-01 2.49233693e-01 9.23440576e-01 9.49826837e-01
    8.30727816e-01 9.03662384e-01 3.96169007e-01 8.24164271e-01
    5.46774566e-02 1.24310523e-01 5.72343886e-01 4.03729975e-02
    4.42841977e-01 1.08554304e-01 5.69039524e-01 9.98819649e-01
    1.84570491e-01 5.63826561e-01 4.52012599e-01 5.88086128e-01
    9.57887471e-02 3.03692460e-01 1.24127448e-01 8.09304118e-01
    8.45659077e-01 3.22656900e-01 7.48668671e-01 5.93376935e-01
    9.50105667e-01 4.43965405e-01 1.82250708e-01 5.15708208e-01
    1.85684741e-01 3.45620513e-02 2.34759122e-01 5.29963076e-02
    9.75814819e-01 6.60143614e-01 9.15962338e-01 2.91056871e-01
    1.88843608e-02 4.79596972e-01 7.91865349e-01 9.62755203e-01
    3.55453491e-01 5.72135448e-01 5.68307281e-01 9.82075095e-01
    6.59210742e-01 2.94649810e-01 1.53002411e-01 7.45006800e-02
    6.22946024e-01 8.70919824e-01 3.03393811e-01 3.70230079e-01
    7.42470622e-02 7.29374170e-01 5.53922176e-01 3.87602329e-01
    1.59093201e-01 2.00259387e-01 8.22827756e-01 7.01420009e-01
    4.68305886e-01 9.31791663e-01 1.08328998e-01 9.14045751e-01
    1.98626876e-01 6.61573291e-01 4.61297572e-01 8.36344242e-01
    8.75149131e-01 9.03423071e-01 4.57387805e-01 7.84504652e-01
    8.90433908e-01 3.43138784e-01 2.50984907e-01 6.37746871e-01
    8.66602600e-01 2.23471165e-01 3.06877911e-01 6.97322011e-01
    8.99217129e-01 5.28372228e-01 2.83431888e-01 4.41285253e-01
    4.58979845e-01 9.88810420e-01 7.30002463e-01 8.72036576e-01
    7.76784539e-01 3.88428688e-01 5.04236042e-01 5.50278842e-01
    5.86934805e-01 6.35249555e-01 2.22539037e-01 3.27309370e-02
    3.53398204e-01 4.82618630e-01 5.63325584e-02 1.68012798e-01
    4.86595392e-01 7.38931298e-02 5.63258648e-01 6.83383703e-01
    8.38715434e-01 6.39041901e-01 1.81921065e-01 8.41087222e-01
    7.58062363e-01 3.24514210e-02 4.56670403e-01 4.95326251e-01
    1.31098926e-02 3.16217929e-01 5.50915480e-01 8.28988135e-01
    5.50888240e-01 4.74924296e-01 2.89492667e-01 5.68008423e-02
    4.39898014e-01 2.99532592e-01 7.95717835e-01 7.57400513e-01
    4.96738106e-01 4.74980563e-01 4.59927261e-01 3.06742728e-01
    7.18608677e-01 3.98437500e-01 1.82223946e-01 5.09576559e-01
    6.61099315e-01 2.29427725e-01 7.18531847e-01 2.19224542e-01
    1.16171628e-01 1.32381856e-01 8.12867403e-01 8.10357213e-01
    5.89757085e-01 7.13393867e-01 5.62977791e-01 9.53647196e-01
    1.17166877e-01 2.59437263e-01 2.01608419e-01 5.09758234e-01
    7.43227124e-01 6.88108206e-01 9.88903880e-01 3.77808034e-01
    3.38831484e-01 7.04805493e-01 2.88812548e-01 1.97237223e-01
    4.80601996e-01 8.96724224e-01 6.74481869e-01 7.31793642e-01
    1.91315353e-01 9.49079335e-01 1.21543527e-01 9.07938480e-01
    3.22042108e-01 7.94786692e-01 5.98439872e-02 2.21744567e-01
    9.98077929e-01 2.57917345e-01 8.23706627e-01 2.34309137e-01
    1.30207151e-01 9.66049433e-01 2.79861659e-01 9.41237092e-01
    2.59759128e-02 1.89492822e-01 9.14474607e-01 7.06887305e-01
    1.27373576e-01 6.81240618e-01 9.89447832e-01 1.03582352e-01
    1.58451527e-01 6.07457876e-01 7.19704151e-01 1.80792600e-01
    4.72731233e-01 1.62474513e-01 3.01542312e-01 6.63953066e-01
    5.60777962e-01 5.48549592e-01 4.90547478e-01 7.25522935e-02
    4.78726357e-01 6.26596749e-01 2.74386704e-01 8.89515519e-01
    2.05391824e-01 1.79761738e-01 2.81374753e-01 5.41313708e-01
    3.81074637e-01 1.95122838e-01 7.32679486e-01 8.13844383e-01
    6.10260069e-01 8.58781457e-01 1.58077389e-01 9.10767436e-01
    5.16148746e-01 9.08826470e-01 3.95673990e-01 4.08026695e-01
    3.11091363e-01 6.74999177e-01 1.87962264e-01 8.14731956e-01
    8.98383558e-01 4.35204327e-01 6.05301499e-01 4.97668117e-01
    3.43045354e-01 8.31072927e-02 5.94338775e-02 4.60352331e-01
    8.81628513e-01 5.03240049e-01 4.60713714e-01 9.35249031e-01
    3.09237063e-01 3.76787335e-01 8.11434031e-01 5.77226877e-01
    4.31363881e-01 3.67760301e-01 9.52435732e-01 2.65407622e-01
    1.85328960e-01 8.09518933e-01 1.51506305e-01 3.83628190e-01
    6.76793993e-01 6.86805189e-01 3.36528718e-02 3.91156882e-01
    9.11850452e-01 1.45692915e-01 7.67798185e-01 2.19196975e-01
    9.49477196e-01 2.72452176e-01 6.96245313e-01 7.67667234e-01
    9.44659770e-01 9.32964444e-01 5.05469561e-01 4.75078791e-01
    3.41017425e-01 3.90327871e-02 8.50471497e-01 8.92508984e-01
    8.64853263e-01 4.55807835e-01 6.94244385e-01 8.43417108e-01
    8.58449817e-01 3.11123103e-01 1.43791258e-01 5.04238069e-01
    1.85192645e-01 2.51080513e-01 1.57089144e-01 4.55089509e-01
    3.27770829e-01 9.52847421e-01 7.98859596e-01 3.14251304e-01
    3.76368016e-01 9.74589348e-01 8.25949013e-01 7.14988172e-01
    7.30319977e-01 2.31428564e-01 2.10135013e-01 2.36382782e-02
    7.54214466e-01 4.57881689e-01 8.45881104e-02 9.41117167e-01
    6.55423880e-01 5.01727641e-01 7.81485915e-01 5.44607460e-01
    9.37759042e-01 2.19415635e-01 1.17995262e-01 7.29641557e-01
    5.06976902e-01 6.25456095e-01 6.10327780e-01 7.72975087e-01
    6.33345962e-01 7.65607953e-01 6.23287201e-01 3.76347214e-01
    8.91084194e-01 1.10217541e-01 3.56383830e-01 9.10152793e-01
    4.02031839e-01 9.91734385e-01 4.27597106e-01 3.60931158e-02
    2.92188227e-02 7.86103845e-01 6.49897218e-01 3.18080038e-01
    6.55732572e-01 2.46348888e-01 7.58601129e-02 2.65891582e-01
    1.89116031e-01 8.53101492e-01 2.37922966e-02 9.15061831e-01
    1.62978679e-01 8.85772467e-01 7.94055462e-01 8.67646992e-01
    3.95791620e-01 3.20658565e-01 8.95013571e-01 4.09602702e-01
    5.06240368e-01 9.35090601e-01 7.63807416e-01 3.84203970e-01
    2.24038780e-01 4.77684706e-01 3.86176944e-01 6.17741227e-01
    4.45569664e-01 4.80726182e-01 9.90865052e-01 9.43882346e-01
    8.82095337e-01 7.57309258e-01 5.55190921e-01 4.47473079e-01
    6.78654075e-01 7.87846327e-01 2.83396691e-01 2.08288431e-01
    5.41386962e-01 9.76759374e-01 5.39305985e-01 7.29720831e-01
    3.19646895e-01 8.59998703e-01 3.39745641e-01 5.37010491e-01
    2.56688893e-01 8.44572663e-01 5.35637200e-01 9.87037778e-01
    4.92229193e-01 3.67718577e-01 1.73174083e-01 9.73822713e-01
    5.06535351e-01 5.73702753e-01 9.14029598e-01 7.31326580e-01
    7.05901504e-01 7.23059297e-01 2.91575551e-01 8.84582639e-01
    1.96805060e-01 5.57596684e-01 9.76513505e-01 7.61248171e-01
    9.19091940e-01 1.94015205e-01 2.83195198e-01 3.62257510e-01
    4.86972570e-01 9.86685991e-01 1.94313079e-01 6.02478921e-01
    5.26980460e-02 3.16480458e-01 2.86509395e-01 4.84574705e-01
    8.58294845e-01 3.11366588e-01 8.83140683e-01 1.28376037e-01
    7.13090956e-01 9.09597456e-01 3.60228717e-01 9.68492508e-01
    7.62568951e-01 7.22802579e-02 2.48149902e-01 2.62865126e-01
    2.76598930e-02 7.80326486e-01 7.36330926e-01 8.88518393e-02
    1.87188387e-02 5.02827466e-01 5.18751144e-03 2.39185959e-01
    3.40516835e-01 8.46401036e-01 6.29389822e-01 3.70026588e-01
    6.12774670e-01 9.29135203e-01 5.09773135e-01 1.68532133e-02
    6.62245989e-01 2.09586382e-01 7.23556161e-01 1.50787383e-01
    4.78522867e-01 1.06563061e-01 1.93639040e-01 4.65986371e-01
    1.66010231e-01 1.87972605e-01 6.73750043e-03 7.16642737e-01
    2.02840000e-01 1.21682256e-01 5.13803303e-01 4.93874252e-01
    7.41976261e-01 7.69999504e-01 4.32878494e-01 8.68449509e-01
    3.72853905e-01 8.00461173e-01 4.80085611e-02 2.10691035e-01
    6.57646775e-01 8.51897776e-01 4.01342154e-01 6.26970530e-01
    9.01141584e-01 7.32283294e-01 8.47966075e-01 3.73556882e-01
    3.35729063e-01 4.08620179e-01 5.66764951e-01 7.37509370e-01
    3.71727586e-01 7.75960326e-01 9.98193860e-01 6.89169168e-01
    9.30788219e-02 4.19278741e-02 9.11725044e-01 9.37039077e-01
    1.21094406e-01 6.76031828e-01 8.84895861e-01 1.26724660e-01
    4.20186460e-01 6.23249114e-01 3.68238598e-01 8.32581580e-01
    9.49657142e-01 5.39404273e-01 1.52771175e-01 8.79123211e-01
    8.69028568e-01 7.13126123e-01 5.60665727e-01 1.10480756e-01
    9.13743734e-01 3.48094523e-01 6.85318112e-01 8.53209496e-01
    1.38890833e-01 2.75792509e-01 3.04175943e-01 8.04925323e-01
    7.24087298e-01 5.88857532e-01 1.36309326e-01 7.30882466e-01
    4.73092496e-01 4.59888846e-01 6.62945569e-01 1.70366347e-01
    7.31319427e-01 6.94785953e-01 4.06107306e-03 8.81849408e-01
    8.65800142e-01 1.37520730e-02 1.90349311e-01 1.97296470e-01
    4.14944172e-01 9.92822647e-03 6.03322864e-01 3.48551452e-01
    8.24792624e-01 5.96505046e-01 3.66838425e-01 2.88104415e-01
    9.57777500e-01 8.21783662e-01 9.85720873e-01 7.55618393e-01
    9.31776762e-01 9.15001035e-01 6.37815356e-01 4.33243513e-01
    6.18839145e-01 8.92166436e-01 1.07401103e-01 8.01452875e-01
    1.12249851e-01 6.59741461e-02 1.08963042e-01 2.13869721e-01
    6.37675703e-01 8.86785984e-01 6.45678401e-01 2.08085507e-01
    8.29406381e-01 6.00586414e-01 8.77104700e-01 6.46963954e-01
    6.96692884e-01 6.98020935e-01 4.19179827e-01 6.81134999e-01
    3.36056173e-01 3.20675969e-01 8.61853004e-01 3.61523688e-01
    6.57562554e-01 8.32188964e-01 6.51987255e-01 5.09776950e-01
    3.82168502e-01 7.86253214e-01 7.35137463e-01 2.71486342e-02
    2.53950208e-01 1.27959520e-01 6.26135349e-01 3.73609483e-01
    4.48966205e-01 3.13808739e-01 9.02639508e-01 7.77029991e-01
    8.44043851e-01 1.69833392e-01 4.32321072e-01 9.58695292e-01
    6.60910308e-02 7.56327391e-01 9.66622114e-01 9.05151129e-01
    4.39041257e-01 4.97444272e-02 7.38514364e-01 9.49010134e-01
    9.97102380e-01 8.09029341e-02 8.23384166e-01 3.72381330e-01
    8.91327977e-01 3.84052932e-01 1.29360795e-01 7.90299594e-01
    1.93413675e-01 4.50115710e-01 5.96522033e-01 1.46296203e-01
    9.90695834e-01 6.66409612e-01 7.13970363e-01 1.40766740e-01
    7.06370711e-01 6.00172639e-01 6.71472430e-01 5.67988575e-01
    2.27501690e-01 4.35190558e-01 7.28373647e-01 9.41419721e-01
    2.42985338e-01 9.40082669e-01 5.89211226e-01 9.36460853e-01
    9.45320070e-01 9.72945452e-01 4.32036996e-01 1.65690005e-01
    6.85391009e-01 9.24500585e-01 8.03766727e-01 4.68471527e-01
    9.15263891e-01 7.27422118e-01 3.40450734e-01 5.43579996e-01
    9.33615088e-01 9.41395640e-01 4.71506387e-01 4.38296407e-01
    9.48579550e-01 1.59114301e-01 2.44324833e-01 1.20676249e-01
    8.40138555e-01 3.69799256e-01 4.20181930e-01 4.16531563e-02
    6.85190618e-01 2.02238381e-01 2.53182292e-01 8.84821355e-01
    2.70370185e-01 2.14702845e-01 7.83457935e-01 5.50460875e-01
    7.10156977e-01 5.74771643e-01 9.26150680e-01 5.80087662e-01
    2.53444970e-01 1.74436867e-01 8.03519487e-01 9.23327208e-01
    6.59138024e-01 3.74940932e-01 4.20138091e-01 1.43162549e-01
    5.70608556e-01 9.23607945e-01 4.08405095e-01 4.11390603e-01
    2.23883390e-01 7.85921693e-01 8.28118563e-01 7.44475126e-01
    2.25138932e-01 8.73909771e-01 7.26448298e-02 1.66340977e-01
    6.15753651e-01 9.92201209e-01 2.71285951e-01 9.75719690e-02
    2.01250166e-01 4.86539066e-01 6.96139693e-01 7.00456500e-01
    9.89533842e-01 2.37824857e-01 4.76578772e-01 3.94897640e-01
    9.34852242e-01 8.78969431e-02 8.50879908e-01 6.52256250e-01
    3.95076782e-01 5.25533497e-01 7.53448367e-01 7.47821867e-01
    7.13331103e-01 2.61439502e-01 6.29906058e-01 1.88260138e-01
    5.40884197e-01 1.38906360e-01 9.88826394e-01 1.16205961e-01
    7.11785913e-01 7.69426346e-01 7.98309088e-01 1.06838912e-01
    3.30679774e-01 3.07394266e-02 3.92289788e-01 3.47928822e-01
    1.95460021e-02 4.96964872e-01 7.42281318e-01 5.87247312e-01
    4.08619374e-01 5.28565049e-01 2.30376363e-01 6.49677992e-01
    8.16238701e-01 9.38080251e-02 5.76284945e-01 1.34345978e-01
    6.13776505e-01 3.25735271e-01 3.61509055e-01 4.73795444e-01
    3.82283509e-01 5.04475713e-01 3.75868231e-01 9.01231408e-01
    5.09005666e-01 2.52876997e-01 7.70636797e-01 3.17266822e-01
    1.18214577e-01 2.51063883e-01 2.22333372e-01 8.14719021e-01
    1.70680881e-02 3.92163515e-01 8.44784081e-01 6.23671114e-01
    7.31622458e-01 2.93125600e-01 4.69694406e-01 7.09534824e-01
    7.83166766e-01 9.08014357e-01 7.66400337e-01 5.21110892e-01
    7.96758533e-01 7.91584492e-01 8.57203960e-01 2.81441927e-01
    9.15259480e-01 7.37428427e-01 6.15542114e-01 6.74838483e-01
    5.76143265e-01 5.05960584e-02 9.25101876e-01 6.03802443e-01
    4.62844968e-02 8.95595312e-01 4.59836632e-01 8.97490442e-01
    7.35980868e-01 5.33976793e-01 9.87466395e-01 7.11763740e-01
    8.33691120e-01 6.60536170e-01 4.19611812e-01 2.82241046e-01
    4.64478672e-01 9.94129419e-01 1.16968125e-01 2.19917893e-02
    5.83356917e-01 4.14873064e-01 9.00724649e-01 6.53005004e-01
    6.45685315e-01 2.81604528e-01 1.48882359e-01 7.72925973e-01
    7.95320988e-01 7.79717743e-01 9.92717862e-01 3.38356405e-01
    4.01650012e-01 1.27758563e-01 1.81866318e-01 3.15805316e-01
    7.88310885e-01 6.42843246e-01 8.25335979e-02 3.33382636e-01
    8.15124393e-01 8.47937167e-02 8.24163556e-01 1.80490792e-01
    6.74867213e-01 3.78729045e-01 5.11434436e-01 9.66987133e-01
    6.12821102e-01 6.04934156e-01 6.23941064e-01 4.16067272e-01
    7.38530993e-01 8.45329463e-02 4.18932766e-01 9.75619972e-01
    4.75236386e-01 3.41326237e-01 4.86838967e-01 7.16926694e-01
    1.35994643e-01 9.88048017e-01 1.21982664e-01 9.33053017e-01
    4.97271180e-01 7.36267328e-01 2.25525200e-01 6.52966201e-01
    6.76297307e-01 9.88914549e-01 6.29749477e-01 7.68569827e-01
    4.51692939e-01 7.59396672e-01 6.01522923e-01 3.24514747e-01
    7.51061559e-01 7.64456868e-01 7.46733427e-01 3.94755065e-01
    8.03947806e-01 5.76338708e-01 7.38033295e-01 7.98381209e-01
    1.01029038e-01 3.76461864e-01 4.11867231e-01 3.17433387e-01
    5.22694230e-01 2.88805962e-01 8.72271597e-01 2.91936696e-01
    6.02880597e-01 8.19133580e-01 7.26424456e-01 8.62251520e-01
    6.40989244e-02 7.85665989e-01 5.01847565e-02 1.34530813e-01
    1.08304948e-01 5.34484446e-01 1.11835212e-01 5.25507748e-01
    7.52361894e-01 4.70905602e-02 4.02949035e-01 6.04858816e-01
    9.93505359e-01 7.38920867e-01 4.41883504e-01 5.98916769e-01
    7.37744093e-01 3.21184188e-01 1.83911175e-01 2.50463784e-02
    8.74624610e-01 1.30422235e-01 3.72990489e-01 5.61743915e-01
    9.53147650e-01 1.18442237e-01 9.58250284e-01 8.34869385e-01
    7.07279205e-01 6.26868963e-01 4.85588551e-01 3.83344591e-02
    2.62860596e-01 3.85071039e-02 9.92399573e-01 2.59661913e-01
    7.86925912e-01 9.37914014e-01 7.11164951e-01 5.60132205e-01
    2.84390658e-01 7.88364708e-02 3.06688428e-01 2.97745168e-01
    4.92156059e-01 5.83174765e-01 7.34445274e-01 8.21046114e-01
    8.48073959e-01 5.33772111e-01 6.56448603e-02 5.33904314e-01
    9.77913857e-01 7.89655030e-01 5.38632989e-01 4.73209083e-01
    9.52836335e-01 6.42439723e-01 5.31828880e-01 3.85894030e-01
    4.92124856e-02 7.85709918e-01 3.70530844e-01 5.92555225e-01
    2.81048685e-01 6.31954491e-01 3.74847949e-02 4.94509190e-01
    7.71520793e-01 6.32092237e-01 3.94402295e-01 1.22322649e-01
    6.94108009e-01 4.25830781e-01 8.86798203e-01 7.94712603e-02
    9.73255754e-01 5.61961114e-01 6.23363793e-01 9.58908200e-01
    8.99638832e-02 2.25704372e-01 9.63369429e-01 3.42659652e-01
    6.89867735e-02 6.44899309e-02 1.83202505e-01 5.74720263e-01
    9.77669597e-01 8.66863668e-01 3.67683291e-01 1.65635318e-01
    4.77048129e-01 1.81048632e-01 3.40030968e-01 7.70585537e-01
    3.68836522e-02 5.90084791e-01 4.14574921e-01 1.75228506e-01
    7.66722620e-01 1.52319014e-01 7.07050979e-01 8.26342702e-01
    7.96172559e-01 1.55028045e-01 5.33403039e-01 9.79369998e-01
    3.81476879e-01 9.75704014e-01 1.09678626e-01 7.19475210e-01
    2.80679822e-01 3.00951719e-01 2.33357638e-01 4.05364484e-01
    3.07178438e-01 5.07922590e-01 3.83068740e-01 4.86061424e-01
    2.45023072e-02 3.32321703e-01 7.56517529e-01 4.52700913e-01
    7.82644749e-01 9.23352718e-01 4.92021978e-01 7.79842257e-01
    2.82495677e-01 6.17495179e-03 8.82349968e-01 7.06594229e-01
    8.95148218e-01 7.57404864e-01 9.02756155e-02 2.15587854e-01
    5.64165711e-01 9.90954638e-01 5.08837759e-01 9.27541852e-01
    3.72462690e-01 7.34187126e-01 3.87681425e-01 6.30472779e-01
    5.09750247e-01 9.76031899e-01 8.21790338e-01 6.49005055e-01
    5.94560862e-01 3.62678111e-01 6.19676590e-01 2.21941978e-01
    9.31299031e-02 9.35716093e-01 6.67820752e-01 1.31520778e-01
    2.93720245e-01 7.23698497e-01 7.80902982e-01 7.90946662e-01
    5.82475662e-01 7.95225799e-02 8.96975458e-01 2.70252198e-01
    5.16417444e-01 2.20353574e-01 8.10516715e-01 5.78464210e-01
    2.46648312e-01 8.67415071e-02 7.83203304e-01 4.45979565e-01
    1.47984803e-01 6.81088567e-02 6.28950775e-01 2.96676755e-02
    7.99459696e-01 6.07319593e-01 9.91966844e-01 5.25627315e-01
    3.61968398e-01 1.98031634e-01 2.96752959e-01 3.26556861e-01
    8.89525533e-01 7.62768030e-01 2.14281559e-01 6.15006328e-01
    8.74459147e-01 8.67941499e-01 9.47124720e-01 7.32242107e-01
    9.80557501e-01 6.36982560e-01 8.06908011e-02 3.38943601e-01
    8.20970535e-03 6.84318542e-02 9.90839362e-01 7.94046760e-01
    3.01728278e-01 4.09549892e-01 7.04335332e-01 3.08646202e-01
    2.23548949e-01 7.26634860e-02 7.92431295e-01 8.76787305e-01
    9.15266633e-01 8.45644355e-01 3.84775907e-01 8.95357966e-01
    2.52400547e-01 2.77050078e-01 4.15442824e-01 3.39769661e-01
    6.81410193e-01 1.74627483e-01 9.98640895e-01 3.28328490e-01
    7.99456894e-01 7.84738064e-02 1.00322932e-01 8.50750566e-01
    8.12432110e-01 7.92326212e-01 2.50966430e-01 9.20780182e-01
    8.95201921e-01 6.04940772e-01 3.20688486e-01 9.07658339e-01
    7.38193452e-01 7.07424641e-01 6.88570261e-01 5.27690351e-02
    5.10126770e-01 3.58036220e-01 7.69556284e-01 9.00319576e-01
    7.58789897e-01 1.48802340e-01 1.88719451e-01 2.68297195e-01
    5.40136695e-01 4.56880897e-01 7.07968771e-02 4.73815322e-01
    1.00590199e-01 2.22243190e-01 2.53800035e-01 7.78593898e-01
    1.81457937e-01 8.44231546e-01 9.38277543e-01 6.39549971e-01
    6.78831697e-01 2.27910787e-01 8.56895447e-01 3.74463111e-01
    1.11990362e-01 5.52948475e-01 1.22160017e-01 8.64026427e-01
    6.91102028e-01 5.96973777e-01 2.22956985e-01 1.72022015e-01
    6.68413520e-01 1.84399873e-01 9.30455744e-01 7.79724836e-01
    1.63456619e-01 2.28732228e-02 6.04353547e-01 3.43862593e-01
    9.16556358e-01 3.53986919e-02 9.93692279e-01 3.36090446e-01
    5.71891963e-02 9.37606335e-01 6.87665880e-01 8.22741807e-01
    3.08734208e-01 7.73684859e-01 5.48945248e-01 6.62165880e-01
    9.25655067e-02 8.51749718e-01 7.11788833e-01 1.57090276e-01
    1.20480269e-01 4.49388057e-01 4.92493004e-01 7.44594932e-01
    4.98817593e-01 5.08942485e-01 4.59947377e-01 5.42290926e-01
    9.55541134e-02 4.09585178e-01 1.47778064e-01 4.28306639e-01
    6.16362989e-01 3.60388935e-01 3.37803245e-01 3.75773787e-01
    4.40487981e-01 7.07632661e-01 4.50363636e-01 1.00209773e-01
    5.58645010e-01 6.41196251e-01 8.28085899e-01 1.85149044e-01
    3.22960913e-01 4.39914048e-01 7.71695614e-01 7.45286226e-01
    6.33288324e-02 8.28059375e-01 6.83501303e-01 1.03284478e-01
    2.74254799e-01 7.66706824e-01 3.92103791e-01 1.73036754e-02
    5.50794482e-01 2.03872472e-01 5.19838333e-01 3.39479864e-01
    2.60409474e-01 1.01792246e-01 5.25218070e-01 7.47884512e-01
    6.67605281e-01 7.00720251e-02 1.59820735e-01 1.58561736e-01
    2.70928264e-01 7.73165524e-01 6.83127344e-02 9.25723672e-01
    9.74443018e-01 7.59018421e-01 7.17814624e-01 3.04223418e-01
    9.65056956e-01 8.24585915e-01 3.81858528e-01 3.62672448e-01
    2.53001601e-01 9.41670239e-02 5.97077787e-01 3.50035638e-01
    7.30823576e-01 5.00881910e-01 4.98892516e-01 4.82437253e-01
    7.05893874e-01 7.87603557e-01 7.50879645e-01 8.91233623e-01
    6.40346110e-01 5.28016269e-01 2.71637559e-01 8.14897299e-01
    4.71639752e-01 5.78598380e-02 5.55575192e-02 9.05811667e-01
    7.30455637e-01 3.63727480e-01 3.83979231e-01 9.08033252e-02
    3.87432039e-01 3.32893312e-01 9.49920118e-02 4.41108286e-01
    7.73708403e-01 8.74948621e-01 9.28524971e-01 9.92336750e-01
    9.93007898e-01 5.10765433e-01 2.25681067e-02 5.11888683e-01
    5.91447413e-01 5.25076568e-01 4.07854080e-01 8.28838646e-01
    1.73970371e-01 3.59421968e-01 7.68507779e-01 4.95350987e-01
    6.75885141e-01 7.37244070e-01 5.10305762e-01 9.71169710e-01
    4.80168372e-01 3.81656617e-01 3.56374651e-01 6.48530841e-01
    9.55198228e-01 7.11004972e-01 8.55753422e-01 1.22113347e-01
    9.18911815e-01 2.50126183e-01 6.46504939e-01 4.63217735e-01
    3.22865307e-01 2.20089078e-01 2.38514245e-01 2.26645648e-01
    6.48440421e-01 1.55437678e-01 9.04528499e-01 8.68117332e-01
    2.91805923e-01 5.63532412e-01 5.98549008e-01 8.29572141e-01
    9.32697892e-01 7.70679832e-01 3.30005527e-01 1.60776496e-01
    2.11165875e-01 6.16126299e-01 9.11838830e-01 5.26019037e-02
    9.88067150e-01 9.48271990e-01 7.84076333e-01 4.40559447e-01
    6.16528094e-01 7.54837930e-01 9.80763197e-01 2.06869245e-01
    2.89148986e-01 2.00815856e-01 2.88084775e-01 7.24418104e-01
    7.47468948e-01 8.61776829e-01 6.37003183e-02 5.92548013e-01
    2.05673516e-01 9.81341124e-01 9.66226637e-01 1.46608263e-01
    1.40582651e-01 1.54371172e-01 5.90427876e-01 8.34205985e-01
    2.98013866e-01 5.68276405e-01 4.29938585e-01 5.35610259e-01
    3.37743759e-01 9.21793044e-01 7.10234761e-01 9.95434940e-01
    8.56164098e-01 9.74191189e-01 5.62586725e-01 5.15610754e-01
    6.30202889e-01 7.16774106e-01 1.02140129e-01 2.04996079e-01
    2.60692865e-01 9.35979605e-01 4.22977507e-02 6.06890619e-02
    6.48683012e-02 6.68653369e-01 4.42207098e-01 6.55003726e-01
    9.56686497e-01 7.68371522e-02 1.19282693e-01 6.74281836e-01
    6.83185816e-01 5.34495294e-01 9.44722652e-01 5.69370687e-01
    9.84711885e-01 6.32026315e-01 8.84981453e-02 5.68470299e-01
    8.35132957e-01 6.07734621e-02 8.66285443e-01 8.89406979e-01
    2.87738323e-01 2.19241530e-01 7.50363827e-01 4.65559065e-02
    7.18911290e-01 6.63841367e-01 2.82237232e-01 4.61585969e-01
    5.03788710e-01 1.02351636e-01 5.34502327e-01 2.36138105e-01
    5.15963495e-01 4.28518057e-01 3.49344879e-01 1.35176778e-02
    6.80176437e-01 2.00539500e-01 1.29366398e-01 8.25976849e-01
    8.90941501e-01 7.13366091e-01 5.33028483e-01 2.98647523e-01
    9.89241600e-01 9.33218718e-01 8.67112398e-01 2.16708809e-01
    9.91790056e-01 9.95449305e-01 5.89342594e-01 7.45118201e-01
    4.68146235e-01 9.46629286e-01 3.11304957e-01 4.90355432e-01
    9.07209277e-01 1.46082878e-01 4.48247075e-01 4.27512825e-02
    9.47024703e-01 4.48904276e-01 7.88660526e-01 7.99351811e-01
    2.44247526e-01 7.20351338e-01 8.66390705e-01 5.82726896e-01
    5.94966948e-01 5.04922330e-01 4.33216274e-01 4.54296470e-01
    5.77526033e-01 4.50305343e-01 7.22866595e-01 2.34035969e-01
    6.82820022e-01 2.52408206e-01 4.64227408e-01 3.97109091e-01
    2.58165896e-01 1.80943906e-01 5.99991202e-01 1.48944229e-01
    9.73159075e-01 9.52173889e-01 2.14705229e-01 9.86087680e-01
    1.87341571e-02 9.14516926e-01 6.12035155e-01 2.93131769e-02
    2.13753432e-01 1.52041644e-01 2.45280802e-01 8.73161316e-01
    1.60214663e-01 9.33257937e-01 9.51632977e-01 1.35374665e-02
    6.19152665e-01 6.96568787e-02 3.02651554e-01 7.75579512e-01
    2.83237427e-01 1.41681582e-01 7.43685305e-01 4.27622616e-01
    2.25390881e-01 4.67393100e-01 9.51221943e-01 6.79582596e-01
    7.96274781e-01 8.66540909e-01 7.73615539e-01 3.97161663e-01
    6.75891221e-01 6.56808078e-01 5.89313567e-01 4.67716485e-01
    2.31293857e-01 4.60444450e-01 5.68341911e-01 4.79692221e-03
    1.11434460e-01 7.85628676e-01 3.88194025e-02 5.52344084e-01
    3.38183612e-01 8.34704280e-01 4.85835105e-01 6.69130266e-01
    6.98169112e-01 4.21586782e-01 8.29083681e-01 2.10430771e-01
    4.91581947e-01 5.38523257e-01 8.29947948e-01 1.15317732e-01
    1.11906499e-01 6.77197516e-01 6.47031665e-01 5.69433630e-01
    4.11813706e-01 1.25686854e-01 9.40311790e-01 2.13063985e-01
    1.38219565e-01 8.54690433e-01 2.68238544e-01 9.67948318e-01
    9.77454305e-01 5.17955422e-02 9.94132340e-01 4.52410072e-01
    1.57074422e-01 8.85571837e-01 8.96439850e-01 6.50374830e-01
    4.56725001e-01 1.12665802e-01 7.34458148e-01 7.24991381e-01
    8.27921867e-01 4.19078171e-02 2.44678289e-01 5.47398627e-01
    6.87189877e-01 3.75254482e-01 6.40822053e-01 4.57480818e-01
    4.02598172e-01 8.69196534e-01 3.01315039e-01 5.35033345e-01
    4.91130352e-01 6.92573071e-01 5.78173339e-01 3.98085773e-01
    1.93166137e-02 2.73829281e-01 9.13632751e-01 5.25279403e-01
    2.58081377e-01 1.40157402e-01 3.33164632e-01 1.03757650e-01
    1.46090984e-03 9.44428265e-01 8.57001543e-01 6.23089790e-01
    6.10640407e-01 7.00990319e-01 4.60707664e-01 4.48680878e-01
    8.39415550e-01 4.46268380e-01 4.25264537e-01 4.00620937e-01
    9.79183316e-01 7.56633043e-01 8.77164781e-01 8.40336323e-01
    5.62469423e-01 6.47665381e-01 6.91352189e-01 6.15490496e-01
    1.45694733e-01 6.38688028e-01 4.78535026e-01 3.03749204e-01
    3.03387940e-01 7.65592217e-01 3.56230110e-01 6.09079599e-01
    4.74867702e-01 3.64801943e-01 4.65922564e-01 1.48406744e-01
    6.47001565e-02 1.07355505e-01 9.13688362e-01 5.29358625e-01
    8.17862451e-01 2.94189572e-01 6.67365849e-01 8.50220978e-01
    6.05494261e-01 4.43265736e-01 2.45663553e-01 3.93118918e-01
    8.05328488e-01 4.62253153e-01 1.22986168e-01 6.14530623e-01
    1.27513409e-02 3.89433265e-01 2.59497523e-01 1.89262569e-01
    3.10497403e-01 8.37109685e-01 4.37601328e-01 7.97232807e-01
    8.71701241e-01 8.72997880e-01 4.69451070e-01 4.83802527e-01
    9.19015646e-01 8.54700506e-02 6.81492209e-01 8.80067170e-01
    9.75468397e-01 8.70636702e-01 9.18666959e-01 8.19455981e-01
    4.51044559e-01 7.56264091e-01 7.77120352e-01 9.25826192e-01
    9.97237504e-01 7.71220088e-01 2.27090806e-01 4.63937670e-01
    7.74800777e-03 3.01470637e-01 5.25342345e-01 4.70415682e-01
    2.32697725e-01 4.53576088e-01 5.85192919e-01 2.61398911e-01
    3.70523155e-01 5.08971512e-02 4.72853482e-02 3.81616354e-01
    8.00577044e-01 9.46985781e-01 7.44675159e-01 4.59429502e-01
    6.34636283e-02 9.63732123e-01 7.28628337e-02 6.55291796e-01
    2.69321561e-01 5.42840123e-01 4.94940996e-01 9.73848701e-01
    4.69492078e-01 6.61938667e-01 7.22763896e-01 4.83460844e-01
    8.31090212e-01 6.78301811e-01 2.68738389e-01 8.77033234e-01
    5.51379025e-02 2.28105724e-01 2.25827485e-01 9.79627430e-01
    4.58781630e-01 3.42797458e-01 7.71151662e-01 6.40121043e-01
    4.25603479e-01 3.51313114e-01 2.96745896e-01 8.89742255e-01
    7.22021103e-01 4.40946907e-01 7.79323816e-01 9.56644416e-01
    4.14562166e-01 9.69187498e-01 7.06797838e-01 6.19562864e-01
    1.24029726e-01 9.86905932e-01 6.02880776e-01 8.57938230e-02
    3.63771319e-01 1.46172941e-01 8.19847882e-02 4.22703266e-01
    7.58790255e-01 1.42332226e-01 5.99799156e-02 6.15567088e-01
    2.78525442e-01 9.74933624e-01 7.74219275e-01 6.17444515e-01
    3.63668501e-02 6.13672853e-01 4.02756870e-01 6.63892984e-01
    3.73278201e-01 3.00517678e-01 6.86411738e-01 4.39701289e-01
    9.03201461e-01 8.34206462e-01 4.57685202e-01 6.29558802e-01
    7.41181731e-01 8.08561742e-01 3.41809094e-01 8.07979524e-01
    8.02795172e-01 4.55764055e-01 3.41587424e-01 4.44638729e-01
    8.49516690e-02 3.75795245e-01 1.81667298e-01 5.61086357e-01
    5.22074461e-01 1.06332064e-01 3.71615887e-01 4.55018222e-01
    4.91777778e-01 6.43878102e-01 7.44606853e-02 3.20085645e-01
    8.77023816e-01 7.61974752e-02 3.21576446e-01 9.12459195e-02
    9.18263078e-01 5.62290430e-01 1.62847579e-01 5.73167384e-01
    7.12739110e-01 3.16319168e-02 6.68748617e-01 5.13350487e-01
    7.91756213e-01 2.64060915e-01 6.12627029e-01 8.70935142e-01
    6.25035644e-01 3.88783693e-01 4.52983230e-01 5.62230051e-02
    6.47002876e-01 3.76068830e-01 6.55448377e-01 5.39738357e-01
    3.29913706e-01 5.03381610e-01 3.50894511e-01 8.07888329e-01
    4.90814686e-01 9.14477348e-01 5.40326715e-01 2.07866222e-01
    3.08369100e-02 2.00166911e-01 3.58321488e-01 1.74575865e-01
    5.91878474e-01 3.02388549e-01 4.82143432e-01 2.79102802e-01
    7.26632714e-01 7.15259850e-01 3.38578165e-01 1.96792483e-01
    6.30729258e-01 7.73453712e-03 2.93177217e-01 9.80981171e-01
    6.12608016e-01 3.11622679e-01 5.69811702e-01 8.86456728e-01
    2.06384033e-01 5.68803489e-01 6.98484123e-01 1.02248102e-01
    9.65250731e-01 7.49932230e-02 6.14698410e-01 7.31929183e-01
    5.80043852e-01 4.71134663e-01 6.86200678e-01 7.47121453e-01
    4.97072250e-01 6.89199209e-01 1.84716851e-01 6.52588606e-01
    2.15352863e-01 7.75457263e-01 3.27842683e-01 1.16029412e-01
    8.16322803e-01 4.32787448e-01 8.77813101e-01 6.34666204e-01
    8.01796436e-01 9.96930480e-01 7.84859300e-01 3.27404380e-01
    4.21258032e-01 4.10011709e-01 5.97301781e-01 4.86885726e-01
    3.92943293e-01 2.57897794e-01 9.63906109e-01 1.43439859e-01
    7.15953529e-01 9.73011851e-01 2.81807482e-01 7.40231752e-01
    6.60201550e-01 1.79179460e-01 8.08263659e-01 7.06086755e-01
    3.53233516e-01 7.91750193e-01 2.48098135e-01 7.04322636e-01
    1.09397978e-01 6.97841525e-01 1.34094745e-01 1.67568028e-01
    8.51591527e-02 2.03034639e-01 6.40065670e-02 8.46578240e-01
    7.67369628e-01 8.56070638e-01 1.10094249e-01 9.40914094e-01
    2.13840365e-01 2.28445470e-01 4.55486000e-01 3.75020653e-01
    3.04114878e-01 2.60811329e-01 2.98381090e-01 6.26905620e-01
    9.14556623e-01 6.82737827e-01 9.50932860e-01 3.65042388e-01
    5.85643530e-01 2.19836622e-01 3.39209318e-01 2.70244539e-01
    3.78405154e-02 6.07928574e-01 7.89752901e-01 4.13427740e-01
    4.15241897e-01 3.86066735e-02 4.02204514e-01 4.27885354e-01
    7.58229733e-01 1.21158302e-01 5.42820454e-01 5.79056680e-01
    4.22016770e-01 7.54107416e-01 6.30201638e-01 3.23717177e-01
    3.64840031e-01 6.29103243e-01 1.43822670e-01 4.22205031e-01
    5.14138162e-01 8.32667589e-01 2.34358490e-01 4.28353906e-01
    2.91318536e-01 5.32511353e-01 1.53218985e-01 4.91943330e-01
    7.10618138e-01 2.10037887e-01 6.19676709e-01 7.19212353e-01
    7.47820258e-01 4.49707508e-01 7.15692401e-01 2.74392724e-01
    9.53064084e-01 6.96962416e-01 8.44869554e-01 5.59466541e-01
    7.16036558e-02 3.95710915e-01 2.01416939e-01 3.01131904e-01
    9.69803512e-01 1.99783742e-01 3.59967470e-01 5.42414725e-01
    4.28201884e-01 1.36148840e-01 4.74761456e-01 5.81959128e-01
    3.29767853e-01 7.14869380e-01 4.63477671e-02 7.75404811e-01
    6.16092384e-02 3.62475872e-01 4.94021565e-01 7.01651514e-01
    8.16862583e-01 4.20428514e-02 7.89328456e-01 9.36736465e-02
    2.93174952e-01 7.46845245e-01 9.30521727e-01 6.24453127e-02
    8.48784745e-01 5.78881562e-01 2.26377904e-01 3.13701183e-01
    5.82138062e-01 3.65233481e-01 2.30567366e-01 8.20275486e-01
    2.84155577e-01 1.70123816e-01 7.13724792e-02 4.43551540e-02
    8.35167944e-01 8.01789761e-01 6.72251642e-01 3.49978805e-02
    9.19555426e-01 1.53851807e-02 9.70638692e-02 3.65695894e-01
    8.90153885e-01 3.00547957e-01 1.53322399e-01 3.46145391e-01
    6.53864503e-01 1.17938280e-01 2.58221924e-01 2.32264936e-01
    4.50050056e-01 2.91002870e-01 4.18010771e-01 6.46179855e-01
    9.77888942e-01 3.42577100e-02 9.73610520e-01 7.46064425e-01
    3.84579360e-01 1.72541142e-02 8.71280253e-01 1.95253879e-01
    5.66222787e-01 1.62414700e-01 8.00155759e-01 1.16763234e-01
    1.48066372e-01 4.75127161e-01 4.49951291e-02 8.82348657e-01
    2.98933029e-01 8.72582316e-01 8.82745504e-01 3.19541276e-01
    6.75680578e-01 4.82350916e-01 1.59633577e-01 6.85085654e-01
    2.82297134e-01 8.39317560e-01 5.56805193e-01 1.38415754e-01
    5.13546884e-01 5.60473740e-01 1.08804226e-01 4.34486806e-01
    4.42927420e-01 6.43096149e-01 6.98206425e-01 4.26664829e-01
    8.69994164e-01 3.83972913e-01 3.66563052e-01 3.59044254e-01
    9.43831086e-01 6.28625751e-01 6.84983134e-01 9.48729098e-01
    6.73480511e-01 8.97660911e-01 2.44772196e-01 5.09144127e-01
    4.66183752e-01 8.08814883e-01 2.26131856e-01 1.19875371e-01
    2.13482916e-01 8.17165315e-01 7.87547827e-01 3.50141644e-01
    6.73298657e-01 2.08227128e-01 1.35974884e-01 7.15867102e-01
    6.08132541e-01 4.17662621e-01 5.09398401e-01 1.27935946e-01
    6.72148764e-02 5.73313355e-01 8.84769082e-01 9.14440513e-01
    9.30093408e-01 6.65136755e-01 1.13052040e-01 3.56173754e-01
    5.64980209e-01 9.26365793e-01 7.79232383e-01 5.07825673e-01
    9.02709663e-01 8.20843637e-01 3.80361795e-01 6.29606962e-01
    3.11691463e-02 2.45077908e-01 2.10804492e-01 3.47165972e-01
    9.60909843e-01 5.30045927e-01 5.44948220e-01 3.73991758e-01
    8.38637054e-02 6.54044747e-01 9.54795420e-01 3.40757221e-01
    2.22016782e-01 3.83857071e-01 3.27639580e-02 6.54703021e-01
    2.91946828e-02 4.39079940e-01 2.89613783e-01 3.98263365e-01
    2.42502093e-02 4.25937116e-01 8.14406872e-01 4.77015555e-01
    3.43981266e-01 8.64074826e-01 1.39796048e-01 2.63434350e-02
    5.99452734e-01 9.23113823e-01 5.17993331e-01 5.24075270e-01
    4.27121520e-01 5.76506138e-01 4.73680496e-01 8.71945262e-01
    1.05900288e-01 6.06274843e-01 4.20026779e-01 2.68044710e-01
    3.93659592e-01 4.56667989e-01 5.75332582e-01 3.13965917e-01
    4.16388124e-01 7.49717534e-01 4.58419889e-01 1.61044389e-01
    4.39142108e-01 5.17368615e-01 5.43715715e-01 4.47441429e-01
    9.84409750e-02 5.71605504e-01 8.35712194e-01 5.84356725e-01
    1.64924949e-01 1.24181837e-01 5.53037107e-01 7.76808858e-01
    1.35537535e-01 3.75610828e-01 8.97358000e-01 5.35300732e-01
    4.94562268e-01 1.38824522e-01 1.33034855e-01 4.70820069e-02
    6.66744053e-01 7.78621912e-01 6.52735233e-01 6.23605311e-01
    7.66215444e-01 8.99493098e-01 9.44271445e-01 9.18450594e-01
    2.63859153e-01 4.11645293e-01 6.47496700e-01 8.53991807e-01
    3.65233719e-02 5.67837596e-01 2.17089653e-01 9.84821200e-01
    6.08036518e-02 5.44487178e-01 9.69094753e-01 6.21362269e-01
    9.31030750e-01 2.12624699e-01 4.33368534e-01 7.34162927e-02
    4.59266990e-01 6.19084358e-01 3.21302474e-01 3.20436776e-01
    6.04496658e-01 3.40579271e-01 2.63355374e-01 3.97595286e-01
    4.15695816e-01 9.00468051e-01 7.51457512e-02 1.42035335e-01
    4.77544367e-02 5.98449111e-02 8.50018978e-01 6.69825196e-01
    4.52998012e-01 1.88359469e-01 4.57919240e-01 5.55944622e-01
    8.77680779e-01 5.51586688e-01 4.12045568e-01 2.31800973e-01
    4.83753413e-01 6.31787419e-01 5.00158846e-01 3.94537747e-02
    5.97075164e-01 9.88649726e-02 3.28515530e-01 7.28947878e-01
    2.59636939e-02 8.30937982e-01 7.30444193e-01 2.34156698e-01
    4.87240106e-01 2.36019343e-01 9.98109698e-01 6.10603809e-01
    3.05078208e-01 1.88539475e-01 9.58342016e-01 2.42103249e-01
    9.52090502e-01 2.60525465e-01 9.57071066e-01 9.08435702e-01
    8.93154144e-01 1.45958602e-01 5.10706007e-01 1.57321781e-01
    6.85744464e-01 1.81548834e-01 3.51767242e-01 6.83450282e-01
    9.63442087e-01 9.80390966e-01 5.99999428e-01 2.45081097e-01
    2.52204895e-01 6.99463725e-01 1.78848892e-01 9.63640928e-01
    7.73114800e-01 3.29714209e-01 3.88877511e-01 7.45407760e-01
    5.90247989e-01 6.18745506e-01 2.99944699e-01 7.90089846e-01
    2.52942413e-01 3.03208828e-04 3.71977150e-01 1.77416325e-01
    9.99876261e-02 9.54111278e-01 7.94344664e-01 9.47815120e-01
    3.38089854e-01 8.27103853e-01 2.29332209e-01 3.06534052e-01
    8.72940302e-01 1.02178752e-02 3.13397646e-01 8.08402598e-02
    3.79135072e-01 6.50040746e-01 3.09611410e-01 8.81713629e-01
    1.50270879e-01 9.51826692e-01 1.77706271e-01 4.57872152e-02
    2.88875014e-01 4.72807318e-01 1.51990771e-01 1.36036217e-01
    5.08077383e-01 8.52862179e-01 4.42753434e-01 7.45483279e-01
    1.14386529e-01 6.06097043e-01 8.49585593e-01 4.11587894e-01
    5.26301801e-01 7.00969040e-01 9.51663852e-01 9.25188601e-01
    6.82911456e-01 7.16362596e-01 8.55816007e-02 6.03789449e-01
    3.43149543e-01 4.51734245e-01 4.52576131e-01 3.59139442e-02
    7.24633813e-01 7.98622370e-01 6.83745384e-01 5.63501239e-01
    8.46619129e-01 1.66639239e-01 2.61077166e-01 7.86713481e-01
    7.10103214e-01 9.49382842e-01 4.27773118e-01 3.54185939e-01
    1.20078802e-01 3.52843076e-01 6.18932366e-01 9.76851642e-01
    2.08483040e-01 6.12438202e-01 7.10006714e-01 8.19100022e-01
    9.44853663e-01 8.69092822e-01 8.78719866e-01 8.41826558e-01
    6.36247694e-01 3.47000003e-01 7.97645688e-01 3.36452663e-01
    6.50635958e-01 3.93832594e-01 9.57332969e-01 4.95112836e-01
    1.90624177e-01 1.59267545e-01 5.26317418e-01 5.69049656e-01
    4.34206903e-01 6.20171070e-01 8.83254111e-02 9.97782111e-01
    6.90386176e-01 2.01011389e-01 1.56574547e-01 3.46335530e-01
    4.55626845e-01 9.45272684e-01 8.45760226e-01 3.07692647e-01
    9.02561665e-01 4.28628266e-01 1.19855613e-01 6.31628811e-01
    2.41518795e-01 3.20148468e-01 5.58411896e-01 3.49652916e-01
    4.28164572e-01 5.54171443e-01 4.24729645e-01 8.90630722e-01
    5.85189164e-01 4.51502413e-01 5.23971915e-02 5.35423219e-01
    1.07714891e-01 2.43734539e-01 1.29033983e-01 7.64323652e-01
    9.89373446e-01 6.89294815e-01 6.36775255e-01 3.55630904e-01
    6.91764057e-02 2.85174489e-01 7.00237274e-01 1.13931298e-01
    7.22222328e-01 3.92351568e-01 9.34899926e-01 2.29298681e-01
    7.99493730e-01 1.54393792e-01 7.71510839e-01 1.04996711e-01
    5.46385348e-01 3.91115963e-01 7.00124025e-01 9.49120522e-03
    8.64213824e-01 6.54843330e-01 8.46298933e-01 9.08021808e-01
    5.63590586e-01 2.51559556e-01 7.36452937e-01 9.70556974e-01
    3.81648451e-01 8.19851995e-01 2.55271196e-01 1.69842869e-01
    9.58022594e-01 6.14458382e-01 4.83687043e-01 2.96062708e-01
    8.20574880e-01 1.58260971e-01 8.30124378e-01 6.24316573e-01
    6.70863032e-01 5.02186418e-01 1.60311490e-01 8.40070963e-01
    1.38719678e-02 4.04241681e-02 1.65982008e-01 5.11570871e-02
    1.98618174e-01 4.92793500e-01 4.34505045e-02 4.01817799e-01
    1.53258741e-01 6.48137331e-02 8.02192450e-01 2.59852588e-01
    2.07576513e-01 1.24839962e-01 3.74552608e-01 6.68156266e-01
    5.06451607e-01 6.42448664e-04 5.29031396e-01 9.47266698e-01
    6.86488390e-01 8.83866906e-01 5.20354092e-01 9.83571053e-01
    2.46416330e-01 5.28507173e-01 2.85937428e-01 6.41306877e-01
    7.55728126e-01 7.12416172e-01 1.06913179e-01 3.37880969e-01
    9.77234840e-01 5.80965400e-01 4.42197680e-01 6.91316724e-01
    6.98949397e-01 9.04286027e-01 3.50147188e-01 5.93649745e-02
    1.25238955e-01 4.56210494e-01 6.71708703e-01 9.35139656e-01
    9.48753536e-01 4.33429956e-01 2.44995177e-01 7.12543249e-01
    9.03117776e-01 9.45270419e-01 3.50561053e-01 7.67482042e-01
    8.80193949e-01 5.62535465e-01 9.71385121e-01 4.27212715e-02
    2.40129828e-01 9.63965654e-01 7.23830044e-01 6.84367895e-01
    3.85724276e-01 6.54127240e-01 1.71711206e-01 5.85033655e-01
    8.42509866e-01 6.80804133e-01 1.41988933e-01 9.33835626e-01
    8.73373032e-01 7.15102017e-01 4.29248095e-01 4.50340867e-01
    8.18528056e-01 5.82276225e-01 2.54654914e-01 2.82823682e-01
    8.54373097e-01 4.94070172e-01 3.11814368e-01 2.08680063e-01
    8.80665541e-01 3.73307943e-01 9.41133499e-01 3.58541191e-01
    1.39714450e-01 9.28313613e-01 6.15136325e-02 8.96810889e-01
    3.13984752e-01 9.69964862e-01 5.07170081e-01 1.65835917e-01
    4.71246958e-01 4.08231020e-01 9.04325962e-01 2.68391311e-01
    9.31772590e-01 6.79543614e-01 6.62069738e-01 4.41393524e-01
    4.80109185e-01 1.15987688e-01 6.37932122e-02 3.98289710e-01
    3.67126524e-01 5.90331972e-01 2.20836699e-01 2.38590300e-01
    8.08581769e-01 9.89140630e-01 1.01354480e-01 3.02195191e-01
    3.52672338e-01 8.33936095e-01 3.05179894e-01 5.19024312e-01
    3.83892536e-01 7.37248361e-01 3.87823790e-01 9.79340971e-01
    3.82806867e-01 6.11701608e-02 8.17419052e-01 7.86372542e-01
    4.36387092e-01 2.38169163e-01 8.05642962e-01 9.45003152e-01
    6.36651039e-01 1.10989392e-01 9.84972417e-01 2.86468625e-01
    6.49894834e-01 6.87782049e-01 5.80731809e-01 1.31426454e-01
    7.66082466e-01 4.08547699e-01 5.92951417e-01 5.12853563e-01
    7.95705795e-01 2.81169116e-01 4.46562290e-01 7.71176815e-03
    8.92883778e-01 6.22912765e-01 5.90461612e-01 1.90707356e-01
    7.56179869e-01 6.90468192e-01 1.57687128e-01 7.36399770e-01
    1.79009140e-02 1.27351880e-01 9.75091517e-01 7.45826423e-01
    9.74602103e-01 1.38727874e-01 3.19064647e-01 4.37327325e-01
    1.74641699e-01 8.82791579e-02 5.15139222e-01 8.82846653e-01
    8.57725680e-01 7.76672602e-01 6.95967972e-02 3.55455756e-01
    2.05193609e-01 3.71355355e-01 7.54771352e-01 7.74194002e-02
    1.79910362e-02 4.12794203e-01 2.07444340e-01 5.72531104e-01
    7.57339597e-01 3.50501508e-01 6.82123065e-01 2.73227125e-01
    3.37173045e-01 3.62608552e-01 6.87632859e-01 6.37095571e-01
    1.67475522e-01 8.97011757e-01 4.82080281e-01 6.40156269e-02
    4.19349939e-01 9.42960978e-02 5.53266525e-01 7.82682061e-01
    1.39373779e-01 7.28799284e-01 8.91804934e-01 6.73611760e-01
    7.26030469e-02 6.74908102e-01 4.94508773e-01 8.96665215e-01
    7.97974169e-01 9.67534721e-01 5.43320239e-01 9.96745467e-01
    9.94003534e-01 5.40013850e-01 3.60915244e-01 6.74179494e-01
    8.71290386e-01 3.80039692e-01 7.41752207e-01 2.14704454e-01
    6.55357599e-01 4.06382382e-02 8.19015324e-01 8.57051015e-02
    3.47147137e-01 2.02085376e-01 9.00804162e-01 2.61150897e-01
    8.74833822e-01 5.40985107e-01 1.53313786e-01 6.80588365e-01
    1.69961989e-01 2.99833238e-01 2.11811066e-01 7.97510803e-01
    5.11925638e-01 8.74784589e-03 9.96703804e-02 2.47564524e-01
    5.01155376e-01 4.94758904e-01 7.49598444e-02 3.17976594e-01
    9.85442996e-01 2.69833446e-01 9.02770042e-01 2.32192457e-01
    7.43842602e-01 7.94819951e-01 1.47917658e-01 8.43452334e-01
    5.75693130e-01 4.21194911e-01 5.60257077e-01 2.17459261e-01
    6.77357614e-01 8.47277761e-01 5.50847054e-01 3.34391505e-01
    1.82658732e-02 6.42364264e-01 3.58736515e-03 2.03861773e-01
    5.13160110e-01 2.78705955e-01 4.42436457e-01 4.86069590e-01
    8.82153571e-01 2.54362881e-01 3.11957002e-01 9.99038517e-02
    8.03252637e-01 3.20946425e-01 3.69529128e-01 4.67509955e-01
    3.09219718e-01 9.61015940e-01 1.35233223e-01 2.85953671e-01
    8.84377480e-01 9.01437998e-01 3.80621850e-01 2.18204111e-01
    5.78826427e-01 2.75467902e-01 2.74811149e-01 8.03881645e-01
    6.45458221e-01 1.13556683e-01 3.19140166e-01 6.43885851e-01
    9.42947030e-01 1.56773865e-01 5.40666997e-01 5.33048928e-01
    1.82148457e-01 7.44926214e-01 2.31519967e-01 1.73629522e-02
    5.15077770e-01 1.37678087e-01 2.31734812e-02 5.85876942e-01
    3.92911553e-01 2.93602943e-01 1.74457043e-01 7.17975855e-01
    2.16016471e-02 4.38243449e-01 6.36417866e-01 5.08493781e-02
    8.48412037e-01 4.42526013e-01 1.55165583e-01 7.82523274e-01
    7.12410808e-01 9.07679915e-01 9.61694956e-01 1.29852623e-01
    1.00769460e-01 9.23358083e-01 5.46770990e-02 9.17903066e-01
    3.29951048e-01 9.35375869e-01 9.64003205e-01 5.15624523e-01
    2.79447496e-01 7.16513515e-01 5.69544375e-01 7.36410618e-02
    6.73840940e-02 2.58514225e-01 6.51310980e-01 2.95085698e-01
    4.56500351e-01 9.38694656e-01 6.99617803e-01 9.05390859e-01
    7.16857135e-01 8.88368368e-01 1.99759901e-02 9.09485757e-01
    3.72233033e-01 9.04719234e-01 5.95936000e-01 1.04155093e-01
    3.75034094e-01 2.84203470e-01 1.12914979e-01 1.04349017e-01
    7.32995749e-01 3.95970881e-01 9.53536868e-01 2.76367188e-01
    8.00056934e-01 2.45324761e-01 6.25022948e-01 8.92850280e-01
    9.72683668e-01 6.60553694e-01 7.43710995e-02 3.36070448e-01
    6.38664007e-01 8.63168836e-02 6.19912803e-01 8.16750884e-01
    9.43726718e-01 6.39375150e-02 8.64565134e-01 3.93471509e-01
    3.84542674e-01 4.26563829e-01 1.51295692e-01 7.65675724e-01
    5.89829385e-01 1.65635556e-01 2.27309346e-01 9.30944204e-01
    6.75494373e-01 9.24057245e-01 4.15934145e-01 3.48175466e-02
    7.85104990e-01 4.42717373e-01 3.93580854e-01 8.75672817e-01
    9.61583257e-01 2.10242897e-01 6.22789860e-01 2.16306627e-01
    9.17222381e-01 8.09025764e-02 1.60275698e-02 6.95584476e-01
    3.51027310e-01 4.76438582e-01 3.20824027e-01 7.76175022e-01
    1.22076511e-01 7.31693625e-01 2.35070735e-01 4.19091582e-01
    1.39580011e-01 2.88366675e-02 7.61560440e-01 1.71580493e-01
    2.68231392e-01 5.91593206e-01 1.43192500e-01 1.86646372e-01
    1.96069211e-01 2.55382836e-01 8.43191266e-01 6.54008985e-01
    5.52107871e-01 7.36160398e-01 8.37136626e-01 6.44684136e-01
    3.48695070e-01 1.06341660e-01 4.01665032e-01 8.92452896e-02
    3.47216636e-01 4.58667040e-01 7.68220305e-01 2.71039844e-01
    9.11141396e-01 2.76270002e-01 3.14264417e-01 4.93442595e-01
    9.37737465e-01 2.66697407e-02 3.11244488e-01 1.91704959e-01
    4.06138897e-01 1.09702349e-03 3.01045179e-03 8.30514014e-01
    3.12364966e-01 3.60515654e-01 5.99244058e-01 7.12619185e-01
    5.41948438e-01 8.89669359e-02 3.48420978e-01 1.37712985e-01
    1.67381942e-01 7.03237772e-01 1.31542414e-01 2.38950253e-01
    7.04658031e-03 3.59570861e-01 2.44307756e-01 8.62099946e-01
    9.04866874e-01 6.33403182e-01 5.33039808e-01 5.08312047e-01
    8.46615613e-01 6.86125040e-01 5.36468387e-01 6.56362295e-01
    6.48857176e-01 3.73764634e-02 9.51977372e-02 7.01847792e-01
    4.91777599e-01 5.02375364e-02 4.69136745e-01 6.39676332e-01
    8.73213053e-01 7.06707597e-01 6.76848412e-01 7.29656339e-01
    2.14011341e-01 9.43316460e-01 5.76526403e-01 3.61296237e-02
    7.11884379e-01 7.31839895e-01 7.04153180e-01 5.75002789e-01
    5.59685707e-01 4.00546193e-02 5.76095223e-01 6.84403598e-01
    1.20799243e-02 1.58967137e-01 1.21322602e-01 8.97824466e-02
    5.45847416e-03 2.08562881e-01 8.54792476e-01 8.12194645e-01
    6.71839118e-01 8.90599132e-01 4.46776450e-01 9.69449222e-01
    6.06713891e-01 8.38385820e-01 7.09755719e-02 7.40164518e-01
    4.60180312e-01 6.80599451e-01 8.57173681e-01 9.00627673e-01
    9.83697891e-01 5.77104211e-01 4.51349914e-01 8.17792773e-01
    7.09775627e-01 8.99696827e-01 5.40432870e-01 3.27388465e-01
    2.58075595e-01 4.15102184e-01 6.21713877e-01 4.44571376e-02
    2.64538586e-01 9.82177496e-01 1.13366395e-01 7.12566257e-01
    9.56647873e-01 7.12249935e-01 7.02550769e-01 1.57410949e-01
    2.26907730e-01 4.72348630e-02 2.55517423e-01 2.16840237e-01
    3.38877141e-02 5.00326157e-01 6.15054369e-02 7.09982038e-01
    4.49332297e-02 4.87809420e-01 2.04777867e-01 5.45910358e-01
    1.42871171e-01 8.19449663e-01 8.72185826e-02 7.16569364e-01
    1.75674826e-01 2.76972413e-01 1.69350684e-01 1.09181255e-01
    4.33838993e-01 2.26919293e-01 2.28856325e-01 1.78917825e-01
    3.16670120e-01 4.07704771e-01 3.74967396e-01 1.76828593e-01
    5.94786286e-01 2.57937670e-01 7.14507282e-01 1.36577725e-01
    7.56656408e-01 2.11402893e-01 3.73716056e-02 7.32780576e-01
    2.34831542e-01 3.58125150e-01 1.93878412e-02 9.20627415e-02
    5.89698851e-01 6.20271266e-01 3.67533565e-01 1.26535624e-01
    6.59715831e-02 3.54671478e-01 7.91574240e-01 4.46774065e-01
    8.77708197e-01 1.07754678e-01 8.21018457e-01 2.01578677e-01
    7.72668064e-01 7.95514941e-01 7.90191174e-01 3.82724464e-01
    4.71698552e-01 5.08732796e-01 7.86009073e-01 7.85719633e-01
    1.45803660e-01 6.09111786e-02 2.58822501e-01 5.60079157e-01
    7.79486656e-01 8.29093218e-01 5.99581778e-01 9.45999026e-01
    9.96645570e-01 3.07716429e-01 7.22795844e-01 3.73038292e-01
    4.13869441e-01 7.07807541e-02 4.56298709e-01 7.08852589e-01
    2.59107113e-01 8.65506053e-01 2.18153000e-03 6.51108801e-01
    7.18231857e-01 9.17533755e-01 1.46151870e-01 1.21572852e-01
    3.43309939e-01 1.70624584e-01 2.32448220e-01 3.25749457e-01
    8.61812651e-01 7.39884913e-01 8.64254117e-01 3.22120190e-01
    5.09275079e-01 4.97681618e-01 1.82373405e-01 4.16038036e-01
    4.05857444e-01 6.65260792e-01 2.90578127e-01 5.57776749e-01
    6.00196242e-01 6.07892036e-01 7.64546394e-01 3.28861952e-01
    8.78493071e-01 3.62755835e-01 7.71218657e-01 8.18046510e-01
    6.45664930e-01 9.71393585e-01 4.97221559e-01 8.83239150e-01
    3.52006912e-01 4.37702328e-01 3.47009540e-01 7.34711409e-01
    8.42707336e-01 7.80479908e-01 7.71980286e-02 5.87487221e-01
    8.32582176e-01 1.84074104e-01 8.32989693e-01 5.45564234e-01
    3.02361131e-01 2.04500884e-01 1.71762794e-01 8.45465600e-01
    7.35103905e-01 5.95462680e-01 4.69048887e-01 8.95174623e-01
    1.56155318e-01 6.69641376e-01 4.37640309e-01 5.36762774e-02
    9.29363370e-02 2.81742007e-01 7.57844746e-02 4.84522820e-01
    5.06836653e-01 8.65458846e-01 8.06165218e-01 6.75001860e-01
    9.60345685e-01 9.31167245e-01 2.23604530e-01 2.94750810e-01
    6.60596251e-01 9.67322707e-01 2.24328190e-01 9.86230254e-01
    1.80017084e-01 1.11352980e-01 5.38116038e-01 7.35259652e-01
    1.46485269e-02 7.98855066e-01 7.39235878e-01 4.79309112e-01
    5.00521779e-01 4.68719214e-01 2.68279910e-02 9.44786668e-01
    4.83324856e-01 5.58282614e-01 3.90147179e-01 9.62183356e-01
    1.97585762e-01 7.31075764e-01 7.55677462e-01 3.63524616e-01
    1.10897481e-01 3.43903899e-02 4.81889725e-01 6.02821589e-01
    8.11848700e-01 2.95988709e-01 8.57028842e-01 9.14840102e-01
    5.73005676e-01 8.60336125e-02 2.56206989e-02 7.29444265e-01
    6.34985626e-01 4.80082452e-01 2.22607166e-01 5.01062691e-01
    9.33366537e-01 6.66680396e-01 7.09435284e-01 9.27468061e-01
    6.67308271e-01 9.13195550e-01 1.76654309e-01 6.63548946e-01
    9.47207332e-01 1.10202044e-01 1.25032365e-01 5.49625516e-01
    9.79585826e-01 9.52539444e-02 4.70401049e-01 9.06147599e-01
    6.92220092e-01 9.12285864e-01 4.96080518e-01 7.10738957e-01
    7.72198498e-01 3.23554397e-01 2.01858044e-01 2.38704115e-01
    8.62402380e-01 5.20911992e-01 9.69198942e-01 4.73215282e-01
    9.09300566e-01 1.67335093e-01 7.72054851e-01 7.94089258e-01
    6.91139996e-01 8.88788700e-01 1.08598143e-01 9.03622687e-01
    8.50897789e-01 8.28202665e-02 8.76413941e-01 8.95190120e-01
    6.85545266e-01 5.21738887e-01 2.13733792e-01 4.97293025e-01
    3.32377136e-01 4.87609416e-01 1.57857209e-01 4.81688082e-02
    7.29076028e-01 3.41035813e-01 8.23552072e-01 5.82068205e-01
    9.67448771e-01 8.64967883e-01 6.31653368e-02 5.20764410e-01
    9.08950090e-01 2.72638708e-01 2.91753531e-01 4.62452471e-01
    7.06818879e-01 9.54681873e-01 6.13624275e-01 5.24830282e-01
    5.40957868e-01 5.34637392e-01 3.37299973e-01 5.88717937e-01
    9.61920440e-01 3.27772141e-01 5.88811457e-01 8.99114966e-01
    9.07104492e-01 2.51597881e-01 9.74726081e-01 4.65316772e-02
    2.54109949e-01 4.56187606e-01 3.51640940e-01 3.45900357e-02
    3.42057765e-01 8.54720771e-01 6.46242201e-01 1.24959260e-01
    3.51659119e-01 5.35067022e-01 2.24108368e-01 1.28739774e-01
    9.61522996e-01 5.47645450e-01 5.94028056e-01 2.88992465e-01
    3.32655191e-01 5.43812811e-01 7.08327711e-01 9.95872438e-01
    7.29676187e-01 4.89967793e-01 8.94218147e-01 9.17442977e-01
    2.42056847e-01 3.33660662e-01 1.93723142e-01 2.69461453e-01
    4.37435806e-02 1.73007160e-01 6.96192682e-01 8.53683949e-01
    9.32217181e-01 1.65508658e-01 7.40798593e-01 9.06591415e-01
    8.66608858e-01 8.14470887e-01 1.03953481e-01 8.20890784e-01
    5.49499452e-01 8.18848610e-04 9.02763307e-01 7.49033034e-01
    6.75561547e-01 6.45034254e-01 8.94793689e-01 4.87792790e-01
    6.72567964e-01 3.79727870e-01 5.66392899e-01 7.96567500e-01
    4.11657035e-01 5.16956747e-01 5.03509879e-01 1.35230362e-01
    4.81122136e-02 3.62621009e-01 7.90698707e-01 1.38865530e-01
    1.68099970e-01 8.25683475e-02 4.39358562e-01 5.27855277e-01
    9.34332848e-01 4.08127666e-01 7.03549087e-01 7.55814314e-01
    4.98133898e-02 6.77390099e-01 6.87977314e-01 4.28820670e-01
    7.56641150e-01 8.65662217e-01 6.34954989e-01 6.76333427e-01
    6.55996919e-01 5.71032166e-01 3.60718489e-01 7.22990870e-01
    4.35134947e-01 1.62473977e-01 6.62548244e-02 7.04824924e-01
    8.37228894e-01 8.51562262e-01 3.81836772e-01 9.53121424e-01
    5.44891834e-01 6.40137911e-01 3.08015853e-01 6.43255234e-01
    6.39685869e-01 5.09442925e-01 2.12629229e-01 7.82627225e-01
    1.18152201e-02 6.39893711e-01 2.64691025e-01 2.94476092e-01
    2.15268731e-01 2.95837432e-01 6.45799160e-01 7.70557821e-01
    5.94098508e-01 2.05175042e-01 2.92795479e-01 9.00576472e-01
    8.95826578e-01 5.68896532e-01 4.54441488e-01 8.84556770e-03
    8.51209164e-02 6.94389820e-01 4.30764794e-01 5.31983018e-01
    8.49797428e-01 9.63038802e-01 6.65470660e-01 5.01233160e-01
    4.78732407e-01 2.35433429e-01 6.98595881e-01 1.89698935e-01
    5.72439432e-02 5.53920090e-01 6.42354071e-01 9.12697434e-01
    4.93126631e-01 3.88749599e-01 9.09011185e-01 6.03929996e-01
    8.23306739e-02 5.13274968e-02 6.87655389e-01 4.15110707e-01
    3.25999439e-01 4.63888913e-01 3.19868922e-01 1.42027557e-01
    1.55651033e-01 7.74657488e-01 2.44966149e-01 6.11232996e-01
    2.01916367e-01 3.43552798e-01 7.50908375e-01 3.77589762e-01
    8.93464565e-01 3.69163632e-01 2.25849092e-01 1.15476310e-01
    3.09396684e-01 5.48811316e-01 2.06304342e-01 1.94211006e-01
    3.06749582e-01 2.39005923e-01 4.09703583e-01 2.14716613e-01
    2.64741778e-02 4.92105514e-01 7.16504276e-01 2.64865160e-03
    3.50132585e-01 9.45774138e-01 9.01267409e-01 3.42507660e-01
    3.75842810e-01 8.08875084e-01 3.42677206e-01 8.09886336e-01
    2.09325969e-01 8.68648887e-01 6.97510958e-01 7.11773157e-01
    9.20370221e-01 6.79826081e-01 2.20002532e-02 3.49640757e-01
    2.44502068e-01 3.47488165e-01 6.01737201e-02 7.21028924e-01
    8.83102119e-01 1.90524459e-02 5.71595311e-01 9.96322870e-01
    4.17374372e-01 2.54901648e-01 1.45574152e-01 3.86175781e-01
    1.92842424e-01 7.40356863e-01 9.93926644e-01 8.49364638e-01
    2.18223482e-01 2.01492608e-01 3.12777698e-01 2.59512484e-01
    2.32824206e-01 5.16719520e-01 3.18572700e-01 2.24563420e-01
    9.23133612e-01 9.41356778e-01 4.81153309e-01 5.67231417e-01
    3.19377542e-01 4.11526442e-01 1.56056732e-01 4.21766460e-01
    7.19519854e-02 8.40976119e-01 2.98131108e-01 3.39929134e-01
    4.27746385e-01 9.24340427e-01 9.98453498e-01 6.72833622e-01
    9.94681001e-01 9.83806312e-01 7.87862003e-01 5.14378250e-01
    8.12600255e-01 7.49105871e-01 6.18978620e-01 4.70281959e-01
    2.16100961e-01 7.42175698e-01 2.87679195e-01 1.17896020e-01
    8.96962762e-01 4.18863118e-01 3.47531438e-01 6.87632143e-01
    1.68026447e-01 4.06638384e-01 9.38034773e-01 2.08712816e-01
    1.23559862e-01 7.18549311e-01 3.95611763e-01 6.04131520e-01
    5.55840075e-01 5.99891305e-01 9.18237031e-01 2.15555906e-01
    7.34156966e-02 4.45457995e-02 7.71350741e-01 9.63154554e-01
    4.98809487e-01 1.68407083e-01 1.27355456e-01 1.28751904e-01
    9.80762005e-01 5.83738804e-01 5.66594839e-01 6.04141474e-01
    3.77841681e-01 3.45047891e-01 3.86896402e-01 2.03529418e-01
    4.82500315e-01 5.67894042e-01 7.94346452e-01 3.94451052e-01
    7.90910721e-01 2.05427766e-01 1.47007406e-01 9.44388509e-01
    8.78904164e-02 5.64351201e-01 6.91666722e-01 3.87032479e-01
    3.37689519e-02 8.27276826e-01 1.26455724e-01 4.45921451e-01
    7.32222021e-01 7.80449033e-01 8.55421722e-01 1.19075030e-01
    2.89729714e-01 3.18886101e-01 7.00047851e-01 7.90141225e-02
    3.91528606e-01 6.59016967e-01 5.19318521e-01 9.63689566e-01
    2.08156317e-01 5.67035675e-01 2.88007081e-01 1.75060391e-01
    5.17778516e-01 8.25388908e-01 1.66085958e-01 6.95309639e-01
    3.07521343e-01 2.29507118e-01 6.41053677e-01 1.46319926e-01
    3.67340267e-01 7.11643100e-01 6.27654195e-01 4.69263017e-01
    6.88826740e-01 1.47529155e-01 7.31703937e-01 9.13047194e-01
    3.42011929e-01 1.46942824e-01 8.56085658e-01 6.02747142e-01
    6.13950074e-01 9.25408900e-01 5.63945055e-01 3.83481085e-01
    6.54575765e-01 1.54643983e-01 9.52826858e-01 4.50192362e-01
    1.76883638e-01 6.94980800e-01 6.74402177e-01 6.46641850e-03
    6.27381742e-01 7.11263418e-01 4.84772444e-01 2.75702208e-01
    3.97596210e-01 7.19119787e-01 2.75833309e-01 1.99683666e-01
    2.60434538e-01 1.13732696e-01 2.77781487e-03 2.04445094e-01
    3.35650742e-01 7.10007310e-01 5.67827463e-01 1.68339342e-01
    8.51804852e-01 3.51804197e-02 1.42285645e-01 3.40862274e-01
    3.81619543e-01 3.62412095e-01 1.97768807e-02 9.11673903e-01
    6.55533791e-01 4.55084741e-01 6.09047592e-01 5.16681314e-01
    4.55815643e-01 2.76723444e-01 8.01388085e-01 5.22187114e-01
    3.73308420e-01 9.70030308e-01 7.73403466e-01 4.90790606e-03
    1.98651403e-01 2.75733948e-01 9.38833594e-01 7.51399398e-01
    8.76636863e-01 8.53966594e-01 4.63929534e-01 8.16226721e-01
    4.80200559e-01 5.73358357e-01 8.31318021e-01 3.24304998e-01
    5.61841369e-01 4.65507537e-01 5.61237931e-02 4.53862548e-03
    9.21434820e-01 4.93920684e-01 8.27656686e-02 8.81595016e-02
    5.41440487e-01 2.41146356e-01 8.30797911e-01 2.86749005e-03
    5.12315512e-01 9.14436281e-01 3.21409136e-01 7.26214349e-01
    7.56461978e-01 6.67150140e-01 3.08973789e-01 2.93589890e-01
    8.40629876e-01 6.93955362e-01 1.87764078e-01 7.88864017e-01
    9.55647826e-01 1.02046549e-01 8.17302465e-01 8.42472315e-01
    3.73159409e-01 9.96991515e-01 9.18023646e-01 9.63540256e-01
    1.94936842e-01 7.36390054e-01 9.04389143e-01 5.37076414e-01
    2.29363441e-01 8.59136581e-01 8.03371668e-02 5.12770295e-01
    9.23171043e-02 7.84902453e-01 2.61938810e-01 5.20714641e-01
    1.07959449e-01 5.15373230e-01 5.11832118e-01 1.23834550e-01
    5.24602830e-01 6.28740728e-01 4.58195090e-01 7.48027205e-01
    6.07303977e-02 1.60442382e-01 7.87092090e-01 2.55193114e-01
    3.83228779e-01 9.99753952e-01 3.60973835e-01 3.65600795e-01
    2.14147478e-01 5.74270129e-01 9.13276196e-01 3.67228687e-02
    3.60484123e-01 7.83804059e-02 8.00128341e-01 8.65111947e-01
    5.78769386e-01 8.26373100e-01 7.09381759e-01 1.58360004e-01
    8.76669884e-02 9.57070291e-01 6.10124409e-01 2.94014037e-01
    9.65797544e-01 7.91582823e-01 3.60062271e-01 6.58778191e-01
    4.92462218e-01 5.45539498e-01 4.57679361e-01 3.85839105e-01
    8.98844838e-01 2.02514201e-01 1.14206970e-02 5.43470621e-01
    1.08689904e-01 3.01029623e-01 7.46164560e-01 3.18372071e-01
    5.88124156e-01 4.85925257e-01 8.40344548e-01 4.11792994e-01
    1.63303465e-01 6.57770216e-01 4.76702482e-01 3.73790264e-01
    8.66629720e-01 5.06636322e-01 3.63710225e-02 3.84325981e-01
    8.80804420e-01 1.32766545e-01 3.53866458e-01 9.66819525e-02
    5.30503333e-01 9.59400535e-02 8.22007179e-01 3.68448704e-01
    5.29330671e-01 6.47597551e-01 2.48826802e-01 4.12112057e-01
    3.23246002e-01 4.67411876e-02 9.24867392e-01 5.84696531e-01
    5.92719615e-02 1.17885381e-01 8.56452584e-02 4.22483683e-02
    2.17189699e-01 4.91333008e-02 3.76756757e-01 8.09068799e-01
    5.11274040e-01 5.37230372e-02 6.23083591e-01 2.60464221e-01
    6.19604468e-01 9.42102134e-01 7.27844417e-01 2.22366780e-01
    8.78615916e-01 5.71985245e-01 6.30594373e-01 8.92784357e-01
    7.05706060e-01 5.85928202e-01 5.98698437e-01 1.44033641e-01
    2.14457810e-01 6.36467934e-01 1.25507921e-01 1.19931817e-01
    2.92977691e-01 1.10357553e-01 7.03283072e-01 9.53191280e-01
    7.13174284e-01 7.99944222e-01 5.67708671e-01 5.96490622e-01
    9.52872038e-01 9.25280809e-01 5.51275849e-01 5.63702703e-01
    1.33079499e-01 6.11049771e-01 2.28297085e-01 6.53778017e-02
    5.09850442e-01 5.35541296e-01 6.90020561e-01 6.10795319e-01
    3.50431204e-01 3.68827790e-01 3.85378212e-01 8.14274609e-01
    9.17777121e-02 9.50172544e-01 2.83132017e-01 3.92657608e-01
    5.63592315e-01 4.16870773e-01 5.79989552e-01 4.77029592e-01
    4.86862212e-01 8.99649858e-01 4.86773014e-01 3.13062668e-01
    3.05214226e-01 9.67495561e-01 2.40944892e-01 4.30013597e-01
    7.98758388e-01 7.66358435e-01 2.56020397e-01 5.48129380e-02
    8.94267201e-01 8.24118018e-01 7.64974236e-01 1.83436990e-01
    2.40412623e-01 6.19919717e-01 7.16635525e-01 2.00645953e-01
    3.28628898e-01 3.77948195e-01 3.95203471e-01 6.34736240e-01
    9.93084669e-01 3.23456287e-01 3.11187118e-01 9.77359414e-01
    1.39639705e-01 5.48575699e-01 1.69076294e-01 2.49884933e-01
    2.23468512e-01 8.41829181e-01 5.64350426e-01 6.27200842e-01
    8.60693574e-01 4.30664539e-01 7.95734882e-01 9.73462582e-01
    3.84533465e-01 9.16388452e-01 9.39048767e-01 5.27405381e-01
    7.39536583e-01 8.68994355e-01 8.64511728e-02 2.73297787e-01
    4.17026103e-01 8.29572916e-01 7.03659236e-01 2.86236048e-01
    7.07047343e-01 7.29834616e-01 2.81987935e-01 2.51588345e-01
    6.62900329e-01 9.48695183e-01 3.71832252e-01 5.91371238e-01
    7.68417895e-01 5.81064224e-02 4.42831069e-01 6.92242920e-01
    5.33289492e-01 3.86893362e-01 1.82844192e-01 2.86971629e-01
    4.69731987e-02 9.34952497e-01 1.62831813e-01 2.90280998e-01
    9.44842339e-01 8.85381818e-01 6.23487949e-01 1.83089823e-01
    7.76671529e-01 8.40041518e-01 8.60731900e-02 2.70976245e-01
    3.88931215e-01 1.76202834e-01 6.71344578e-01 4.99782860e-01
    9.75042582e-01 5.84378719e-01 3.06214213e-01 2.65676677e-02
    3.11947465e-01 6.54552996e-01 4.69228864e-01 4.14641917e-01
    2.75166035e-01 7.55518317e-01 2.09837794e-01 1.80800587e-01
    5.51714659e-01 9.47783649e-01 4.26615119e-01 6.10807419e-01
    6.89917803e-01 3.32302779e-01 1.50599211e-01 2.27874935e-01
    7.13767946e-01 9.06415582e-02 9.48950171e-01 7.99070954e-01
    8.33825231e-01 1.92155451e-01 1.60482556e-01 8.02287936e-01
    3.50894332e-01 8.98682654e-01 3.75616968e-01 9.59675550e-01
    4.52817023e-01 2.83841848e-01 4.56208706e-01 4.35122848e-03
    4.45046306e-01 5.77858567e-01 6.77359700e-01 6.20674610e-01
    1.20483994e-01 4.65092570e-01 8.01021814e-01 5.38399577e-01
    6.24928832e-01 4.48399425e-01 2.02357501e-01 8.02856743e-01
    4.66054380e-01 6.37439013e-01 8.03168237e-01 4.77837265e-01
    9.05994892e-01 9.32455063e-02 5.58344185e-01 4.52028573e-01
    9.03111696e-02 2.82042980e-01 6.27060592e-01 4.60313588e-01
    8.22616458e-01 3.78362089e-01 8.19825530e-01 2.89871395e-01
    7.64728725e-01 1.94363892e-02 7.07024097e-01 4.21320736e-01
    9.55064118e-01 8.63358438e-01 5.26690781e-01 1.88761175e-01
    6.57393992e-01 1.32314682e-01 3.16518128e-01 9.11954880e-01
    8.79218638e-01 2.94653714e-01 9.47198868e-01 8.02548885e-01
    3.36301088e-01 9.97297287e-01 4.30204272e-01 4.08513546e-01
    5.11397958e-01 7.66461849e-01 6.30540431e-01 9.98209476e-01
    2.06003278e-01 2.19578326e-01 5.89540601e-03 8.27927470e-01
    1.90153182e-01 8.77278149e-01 2.65939474e-01 3.99376422e-01
    6.25016987e-01 9.77576613e-01 2.88496554e-01 5.73376060e-01
    3.05893332e-01 3.25593352e-02 2.47087836e-01 9.28928852e-02
    9.05378461e-01 9.87394810e-01 3.61236215e-01 6.12169266e-01
    6.93473935e-01 5.46102703e-01 6.03704214e-01 7.86844790e-02
    3.74414682e-01 9.38051939e-01 5.73200941e-01 2.33464539e-01
    5.10361791e-02 2.11366296e-01 7.17346609e-01 6.09912038e-01
    1.48551166e-01 6.37022555e-01 9.34291065e-01 3.64863396e-01
    1.33591294e-01 9.04236436e-01 4.35859144e-01 7.67516971e-01
    7.19630122e-01 9.90997791e-01 1.37668848e-02 7.50741363e-01
    2.98958302e-01 8.48593771e-01 3.29171062e-01 9.50504899e-01
    1.00065678e-01 2.76938140e-01 5.09860456e-01 6.70772195e-01
    2.22256839e-01 4.49022621e-01 1.30127996e-01 6.27410829e-01
    5.74156046e-02 2.92658955e-01 8.01149011e-01 6.97616458e-01
    3.36409241e-01 4.78249460e-01 7.64846325e-01 6.35191917e-01
    8.97155881e-01 8.57756257e-01 9.94928539e-01 5.29122531e-01
    2.55170465e-01 3.74959141e-01 6.67329133e-02 1.01723045e-01
    6.85676217e-01 1.08479172e-01 1.52034342e-01 1.13078445e-01
    4.25810516e-01 5.62970102e-01 5.18413365e-01 8.02768469e-01
    7.95035660e-01 5.56637585e-01 6.49281025e-01 7.84056425e-01
    7.16430902e-01 6.04508400e-01 3.85635734e-01 3.13861966e-02
    2.36684352e-01 5.36906242e-01 7.63219833e-01 2.32123792e-01
    8.51454258e-01 1.03238791e-01 2.83185899e-01 8.30219924e-01
    7.18120456e-01 5.32857835e-01 1.37694657e-01 2.07038611e-01
    1.62253439e-01 8.58105063e-01 5.04130483e-01 2.26127505e-01
    4.15476620e-01 5.30991077e-01 1.93125308e-01 7.41411030e-01
    5.27305365e-01 6.11173093e-01 1.51529014e-01 4.07649755e-01
    2.23205090e-01 1.89193189e-01 8.81426573e-01 5.67314386e-01
    8.92456770e-01 4.73669767e-01 1.23573750e-01 3.01654339e-02
    6.03549600e-01 4.69446659e-01 7.78615177e-01 8.77072215e-02
    6.01046205e-01 2.09518880e-01 7.67728686e-01 1.43730044e-01
    8.07462215e-01 2.51533359e-01 3.62536371e-01 5.71272314e-01
    5.86372852e-01 7.20510960e-01 9.84766066e-01 7.30372787e-01
    9.33605909e-01 2.49889493e-02 3.97625089e-01 9.87698674e-01
    5.27712703e-01 8.01980138e-01 4.40355450e-01 9.64966357e-01
    2.30982155e-01 9.11299586e-02 3.26930106e-01 9.20550108e-01
    6.39658451e-01 7.86536396e-01 5.98954260e-01 3.94195855e-01
    7.53318071e-01 1.76979989e-01 9.98756886e-01 5.58207572e-01
    3.08735490e-01 9.33520079e-01 7.35197186e-01 5.73627710e-01
    8.27077091e-01 9.83618736e-01 8.07517052e-01 7.77050972e-01
    4.29568022e-01 1.04107141e-01 5.92217684e-01 1.67985857e-02
    6.59492731e-01 8.71219158e-01 1.13801777e-01 3.27627420e-01
    6.13804638e-01 2.28622347e-01 3.63700390e-02 4.53208208e-01
    2.98090577e-01 4.12833691e-01 3.04704398e-01 9.30901408e-01
    5.36822677e-02 4.25944179e-01 1.84136152e-01 3.48185241e-01
    8.89789939e-01 7.40754902e-01 3.85708779e-01 3.61798257e-01
    8.80298018e-01 8.21854174e-01 4.96823192e-01 2.64781058e-01
    1.93322301e-01 6.34643376e-01 8.77365828e-01 9.20535326e-01
    1.27448171e-01 7.05468357e-01 1.51565462e-01 9.99038994e-01
    1.18763775e-01 8.29540849e-01 2.94473529e-01 4.22166854e-01
    5.53770781e-01 8.05683613e-01 9.66888309e-01 3.93398046e-01
    6.45092785e-01 7.08686113e-01 4.85833675e-01 8.46671343e-01
    9.05096948e-01 7.07833171e-02 4.57865000e-01 6.08441830e-02
    1.03373438e-01 4.03230071e-01 1.45799935e-01 6.26122355e-02
    3.55455935e-01 6.68690324e-01 1.19278431e-01 9.02150571e-02
    5.74562490e-01 2.38897234e-01 7.97689259e-01 4.73116130e-01
    6.67755306e-01 7.23831892e-01 1.65733457e-01 8.00292492e-02
    4.68886793e-02 4.17119682e-01 1.53706074e-02 1.92895889e-01
    4.21201974e-01 8.61347735e-01 6.05226994e-01 2.55956352e-01
    7.55508661e-01 5.94680607e-01 9.05669212e-01 3.22630346e-01
    6.81881428e-01 1.42526627e-03 6.48586810e-01 1.77301317e-01
    7.96803117e-01 5.17290711e-01 6.01962268e-01 3.39363486e-01
    4.66055304e-01 7.22362876e-01 4.34908509e-01 8.66394043e-02
    8.19123268e-01 2.98641115e-01 9.21683908e-01 5.20270526e-01
    1.19674832e-01 3.10006618e-01 9.89002228e-01 3.47371042e-01
    6.30042672e-01 9.89476621e-01 1.95562869e-01 3.86783421e-01
    5.51329255e-02 8.05142164e-01 6.06570601e-01 1.68177664e-01
    8.36277127e-01 6.02589548e-02 1.49654239e-01 1.32775724e-01
    8.06305110e-01 2.75726557e-01 2.49696970e-01 4.73009855e-01
    5.98141015e-01 6.44202948e-01 8.69602203e-01 5.55977643e-01
    6.00794196e-01 5.16598880e-01 7.32924044e-01 4.11487043e-01
    7.40118980e-01 4.28094566e-02 7.70705819e-01 5.09672046e-01
    4.10391390e-01 2.30836421e-01 9.18280125e-01 7.86554813e-01
    9.57117438e-01 2.65175223e-01 2.02732772e-01 3.64351273e-01
    2.74862528e-01 6.90283358e-01 1.72108948e-01 5.55591166e-01
    7.89604425e-01 6.97832227e-01 6.21569812e-01 3.84510458e-02
    4.97390389e-01 8.66709173e-01 1.83597803e-02 1.38387024e-01
    4.03551102e-01 2.04060078e-01 7.41964221e-01 5.27981520e-01
    6.21471167e-01 9.65058029e-01 9.22226667e-01 1.59488499e-01
    2.89071262e-01 8.52699280e-01 8.31506133e-01 3.41959208e-01
    7.58450627e-01 4.49191511e-01 2.54407227e-02 4.08126652e-01
    9.43335712e-01 4.39675152e-01 7.88211346e-01 1.96760267e-01
    8.48480761e-02 1.00819975e-01 4.53715682e-01 6.52970970e-01
    9.17954445e-01 1.57232702e-01 8.21723104e-01 5.53260386e-01
    3.78445327e-01 3.38961542e-01 7.67480135e-01 3.93818200e-01
    2.74707258e-01 5.28227806e-01 3.24932337e-02 1.72277689e-01
    9.47945595e-01 7.38792598e-01 8.82923424e-01 7.16589689e-01
    1.04024827e-01 2.32252806e-01 4.86949295e-01 5.64555168e-01
    5.30910015e-01 9.29381728e-01 7.04888761e-01 1.88908309e-01
    7.07272530e-01 9.39609408e-01 6.91945791e-01 2.83647656e-01
    8.37031007e-01 7.23755479e-01 1.94440782e-02 5.16148210e-01
    5.15893459e-01 2.20458835e-01 6.86702609e-01 1.27207994e-01
    8.15738976e-01 1.81931078e-01 4.88268673e-01 2.22736210e-01
    7.85732329e-01 9.31767821e-02 5.58853388e-01 9.23552394e-01
    6.35855675e-01 5.35380065e-01 7.50662684e-02 6.97629273e-01
    1.37255847e-01 6.80756152e-01 1.36274099e-02 7.49442518e-01
    3.74276161e-01 2.15121716e-01 6.57575428e-01 7.93735087e-02
    7.38727689e-01 8.86709809e-01 6.71256185e-01 1.68847442e-02
    2.55439997e-01 1.24599040e-01 4.50947315e-01 6.59369469e-01
    4.88080800e-01 6.90440655e-01 7.17527688e-01 7.23660648e-01
    5.70382178e-01 8.72221470e-01 3.31212968e-01 9.67434764e-01
    1.88272893e-01 6.62981868e-02 5.91246009e-01 5.86545229e-01
    8.18784595e-01 9.53224063e-01 9.54022169e-01 1.79105401e-01
    4.74298954e-01 1.80130243e-01 3.30894768e-01 2.44542688e-01
    8.31167638e-01 5.08761108e-01 7.74562836e-01 6.26948714e-01
    5.74402034e-01 3.88504922e-01 8.71599376e-01 9.89988685e-01
    3.30188096e-01 6.33396506e-02 3.34214509e-01 1.02881283e-01
    4.35710907e-01 3.18009377e-01 3.96201909e-01 6.31359816e-01
    8.87923121e-01 3.90539616e-01 1.18594527e-01 3.15245450e-01
    1.86155349e-01 8.96696448e-01 5.76403737e-01 4.50183809e-01
    4.33296621e-01 1.14147872e-01 6.81768060e-01 6.38624072e-01
    4.97271329e-01 1.59279644e-01 2.69209743e-02 9.69030559e-01
    7.50413179e-01 2.42789626e-01 5.60253680e-01 2.34469235e-01
    1.23368174e-01 3.84721160e-01 9.21874762e-01 7.97571182e-01
    9.36140299e-01 3.93306613e-02 1.36218697e-01 1.81415379e-02
    7.02635229e-01 8.58705759e-01 9.39426422e-01 2.11697191e-01
    5.50144255e-01 3.91602308e-01 2.19522893e-01 5.48526287e-01
    9.50405002e-01 5.68449438e-01 2.21848130e-01 3.69795889e-01
    8.91499996e-01 9.39484537e-02 8.24870706e-01 4.32250500e-02
    9.88243222e-02 6.20019197e-01 6.21379554e-01 6.36889577e-01
    4.98257518e-01 7.85769820e-01 3.16525638e-01 5.31199932e-01
    6.78028643e-01 2.32648998e-01 8.64281356e-02 3.80862445e-01
    9.78172779e-01 7.82311022e-01 9.36617494e-01 9.31275249e-01
    5.23675919e-01 6.63970828e-01 5.91411829e-01 6.39073253e-01
    6.94454908e-01 3.79508615e-01 2.28326529e-01 9.14103627e-01
    8.94833624e-01 7.65172541e-01 8.78980398e-01 9.94081020e-01
    9.77156878e-01 4.51667011e-02 3.73283625e-01 5.64355135e-01
    2.76055396e-01 8.41028333e-01 3.52783501e-02 1.59442186e-01
    4.65218276e-01 9.48161244e-01 4.02719975e-01 2.65868306e-01
    9.07854617e-01 6.22892261e-01 5.78281164e-01 5.51394641e-01
    9.44167554e-01 5.16905904e-01 2.07202494e-01 8.65593672e-01
    5.67087650e-01 8.37065876e-01 2.12914348e-01 3.34984243e-01
    4.24115360e-01 6.18369639e-01 7.73544848e-01 8.92027855e-01
    5.73872089e-01 9.45536733e-01 3.03998828e-01 1.06227398e-03
    3.38956475e-01 6.28316104e-01 4.30572212e-01 6.37961268e-01
    5.53347945e-01 1.12304688e-01 2.89508462e-01 3.83047491e-01
    6.08746946e-01 4.05577242e-01 9.51368511e-01 5.42151749e-01
    7.16657758e-01 1.17824048e-01 5.12318611e-01 2.66099036e-01
    5.21237612e-01 8.13953280e-01 8.73682022e-01 2.67164826e-01
    8.10197473e-01 7.86105454e-01 9.43817139e-01 9.20159817e-01
    8.87591839e-01 3.57721686e-01 8.58630538e-01 4.63272601e-01
    3.88372958e-01 5.37492990e-01 1.82187885e-01 2.51133144e-02
    1.74925029e-01 7.38652587e-01 5.67808688e-01 5.04716396e-01
    2.03599632e-01 2.75402546e-01 2.00122327e-01 1.45371795e-01
    8.65609169e-01 7.31670976e-01 4.40905213e-01 8.63556266e-01
    7.98701942e-01 4.65278238e-01 1.43183053e-01 4.86326516e-01
    4.52508330e-02 6.04374111e-01 5.13391614e-01 7.26168215e-01
    4.18853670e-01 3.89428139e-01 6.33155644e-01 8.79196048e-01
    6.04638517e-01 7.01719463e-01 5.27569771e-01 8.58800769e-01
    2.05709219e-01 9.19634879e-01 9.69140768e-01 1.99420244e-01
    2.77869642e-01 1.75949663e-01 1.34765446e-01 7.75796652e-01
    7.53654301e-01 4.06434506e-01 9.06919956e-01 1.61250442e-01
    1.47256345e-01 9.31506157e-01 5.90188384e-01 1.32132471e-02
    6.95320904e-01 3.19342315e-01 5.24593890e-02 3.61091882e-01
    1.00505799e-01 5.64866841e-01 1.84029430e-01 9.65180039e-01
    1.62365228e-01 5.83393395e-01 8.40301275e-01 7.62113035e-02
    2.46461183e-01 1.22107953e-01 4.96529907e-01 8.53648424e-01
    3.17454875e-01 7.86724806e-01 1.16552114e-01 3.89461458e-01
    3.56840551e-01 1.53169185e-01 1.45483017e-01 9.10174668e-01
    1.31777167e-01 4.18464541e-01 1.44322038e-01 5.29884756e-01
    3.19440961e-01 2.53625184e-01 1.31339401e-01 5.80233932e-01
    5.93821406e-01 1.13099605e-01 8.44830394e-01 4.07002538e-01
    6.69994712e-01 2.15260267e-01 7.43677139e-01 8.50973606e-01
    3.67763460e-01 3.02040577e-01 3.83629262e-01 3.69839609e-01
    3.63796741e-01 2.36446857e-01 3.37828398e-01 2.58352548e-01
    8.90750587e-01 6.63604438e-01 4.07746136e-02 8.92265320e-01
    7.65437186e-02 2.48977840e-01 6.53396904e-01 1.68409497e-01
    8.20070148e-01 2.57057875e-01 6.16779029e-01 4.79661226e-01
    6.82816148e-01 6.37866974e-01 5.71421444e-01 5.68273962e-02
    4.14977938e-01 7.18635023e-01 7.61089921e-01 2.44883418e-01
    6.51173711e-01 9.25163746e-01 1.13306403e-01 6.54860198e-01
    9.30756330e-03 6.14973605e-01 9.80156958e-01 9.20720577e-01
    8.14311981e-01 1.31767333e-01 8.94644499e-01 2.48626471e-02
    5.03891349e-01 6.31981850e-01 6.91611290e-01 9.37066317e-01
    9.33986306e-02 5.01932502e-01 3.48268747e-01 9.38558280e-02
    3.96837890e-01 2.66131371e-01 2.81374037e-01 1.98898524e-01
    6.59775734e-01 3.10786963e-01 5.22361338e-01 8.62198830e-01
    3.77101660e-01 9.71308470e-01 4.13969278e-01 1.17374629e-01
    7.62544036e-01 7.22452760e-01 8.98060322e-01 1.32417470e-01
    8.78439188e-01 9.37728286e-02 7.59647846e-01 4.22178000e-01
    7.90843844e-01 7.21035302e-01 2.08511531e-01 5.39181411e-01
    3.37608755e-01 2.52089441e-01 7.27467179e-01 1.26304567e-01
    2.69522607e-01 9.92114782e-01 4.50757802e-01 1.81394547e-01
    8.03429723e-01 5.23523271e-01 7.28510022e-01 3.33257020e-01
    7.63483107e-01 8.85470390e-01 7.86951542e-01 9.23390508e-01
    1.46639675e-01 6.15140200e-01 1.38260067e-01 6.13296390e-01
    9.59037602e-01 1.74337476e-01 4.55717593e-01 1.81003332e-01
    7.76708722e-02 8.63352537e-01 6.17217660e-01 4.96705174e-01
    7.78225720e-01 1.42160177e-01 3.07862043e-01 7.60164976e-01
    4.23839986e-01 7.63288140e-01 1.47646517e-01 1.86674833e-01
    7.35255480e-01 1.60473347e-01 9.22560155e-01 4.26894456e-01
    1.68718427e-01 3.60257745e-01 7.40148187e-01 4.13084596e-01
    1.19332194e-01 7.89020777e-01 2.15487361e-01 9.31191921e-01
    4.34385508e-01 4.27624583e-02 3.89796793e-01 9.47431564e-01
    3.51536274e-03 9.36646342e-01 3.76921654e-01 4.27917629e-01
    6.30772769e-01 4.68010575e-01 2.25610107e-01 8.92792106e-01
    1.06619447e-01 8.60611677e-01 2.60378927e-01 4.96950150e-01
    9.38525677e-01 4.44985062e-01 6.14063323e-01 4.35175210e-01
    4.34463024e-01 9.35418487e-01 7.52896070e-02 7.42233932e-01
    2.74499178e-01 2.92119771e-01 7.82790661e-01 6.55650973e-01
    4.49903786e-01 4.86977696e-02 8.37460518e-01 7.70928621e-01
    7.08494723e-01 5.21368861e-01 8.93714428e-01 4.12048280e-01
    1.92319810e-01 9.46131468e-01 2.33525485e-01 6.20369673e-01
    6.35467768e-02 2.54845560e-01 4.40791309e-01 4.43798900e-02
    9.81746972e-01 6.60515845e-01 2.18735546e-01 5.27073383e-01
    7.27957547e-01 4.69300628e-01 1.76240236e-01 4.25560027e-01
    6.40389740e-01 1.14639401e-01 4.82394665e-01 7.82254398e-01
    8.07843804e-01 4.32726771e-01 8.98583710e-01 4.59674597e-01
    5.45361161e-01 2.88330108e-01 8.06894004e-01 4.29189652e-01
    4.28237408e-01 4.46162730e-01 4.81849730e-01 3.45052361e-01
    2.08873391e-01 2.32252091e-01 4.65281367e-01 3.79164547e-01
    1.60667717e-01 8.95248294e-01 4.41941231e-01 6.76383197e-01
    8.33103061e-03 2.13196903e-01 6.37802124e-01 2.69581974e-01
    9.80870008e-01 4.15460438e-01 1.27642274e-01 1.79202974e-01
    1.85306162e-01 7.13529468e-01 2.02198982e-01 9.17276144e-01
    2.49477208e-01 3.59321505e-01 9.89417970e-01 5.92581153e-01
    9.25136447e-01 9.87192273e-01 4.45351332e-01 7.09916353e-01
    7.72469044e-01 9.24478233e-01 2.50996232e-01 8.52081180e-01
    9.81309414e-02 1.99509740e-01 2.73994327e-01 9.88611281e-02
    1.64493680e-01 8.03492129e-01 5.64497888e-01 1.94993794e-01
    8.44460785e-01 3.31619561e-01 9.46840763e-01 1.77825093e-02
    6.76802218e-01 6.50266290e-01 4.46611404e-01 6.04103386e-01
    8.56882453e-01 3.65033269e-01 1.25688910e-01 2.24004149e-01
    9.73033607e-02 7.19299972e-01 6.44525170e-01 8.52973163e-02
    9.83844697e-02 1.58477306e-01 6.00049019e-01 7.89835513e-01
    8.57479393e-01 7.94069529e-01 7.91125834e-01 2.59833187e-01
    9.33871448e-01 8.30519617e-01 6.40649855e-01 3.25949669e-01
    8.40935111e-01 4.99055177e-01 6.16993785e-01 7.09885120e-01
    1.28670961e-01 3.29725415e-01 8.29158187e-01 2.59100497e-02
    2.04775244e-01 2.96231955e-01 7.13923454e-01 3.37978512e-01
    4.98177350e-01 7.22191632e-02 4.72640395e-02 5.80689371e-01
    8.81790638e-01 7.38224685e-02 2.88332105e-01 9.79752541e-02
    5.80714345e-02 2.06313819e-01 6.32611990e-01 4.48144495e-01
    2.02699900e-01 1.08104259e-01 3.38627219e-01 9.62951303e-01
    8.96333694e-01 3.49293411e-01 4.48966563e-01 1.69535130e-01
    2.17657417e-01 7.66009271e-01 9.19797063e-01 1.56741440e-01
    7.91501522e-01 1.46496385e-01 9.42746401e-01 4.21166569e-01
    5.68989217e-02 8.79089475e-01 6.02033794e-01 6.93698525e-01
    5.82125783e-02 5.36515951e-01 3.32064211e-01 8.41166675e-01
    4.79893059e-01 5.37301123e-01 6.56512976e-01 1.39441609e-01
    2.01209158e-01 5.39653242e-01 2.81259120e-01 8.72454405e-01
    7.18664646e-01 4.45409805e-01 1.55459344e-02 7.30698407e-01
    6.58330977e-01 5.83281636e-01 4.90570068e-01 4.00309563e-02
    1.78282589e-01 8.59676898e-01 4.46018994e-01 4.96016711e-01
    9.84828234e-01 7.37712860e-01 1.92669302e-01 2.45734930e-01
    9.60554004e-01 4.43347991e-02 9.29682732e-01 6.67074680e-01
    2.78935611e-01 3.11464578e-01 7.97269344e-02 9.71089125e-01
    4.52128410e-01 5.02088308e-01 1.77779078e-01 2.10548311e-01
    2.56789505e-01 9.28388536e-02 4.61552292e-01 6.12621009e-02
    2.18116492e-01 4.10968661e-01 6.34406805e-02 9.52220321e-01
    7.94180870e-01 1.92420214e-01 7.09417641e-01 2.07450449e-01
    7.24205673e-01 6.32475317e-01 7.10345507e-02 2.73726225e-01
    3.70273381e-01 3.53109300e-01 4.55353141e-01 9.49836731e-01
    9.03866649e-01 2.67873049e-01 2.16122448e-01 6.26457691e-01
    7.16735661e-01 2.12276220e-01 7.53874362e-01 4.43476677e-01
    2.40234286e-01 5.83116174e-01 5.81666708e-01 3.19480300e-01
    7.52063811e-01 2.51013637e-02 8.40485454e-01 2.43166387e-01
    2.13499188e-01 5.31542838e-01 4.81567681e-02 5.60434759e-01
    9.05556321e-01 1.42583221e-01 9.58997965e-01 2.12658137e-01
    7.00653434e-01 7.89866269e-01 4.17039603e-01 7.99123943e-02
    4.20773327e-02 9.50774550e-01 3.80877018e-01 7.48767138e-01
    9.97401714e-01 8.69664431e-01 6.14719510e-01 7.30066657e-01
    5.41880608e-01 2.99422443e-02 4.47493792e-03 7.25151777e-01
    8.17349195e-01 2.06943780e-01 2.44550675e-01 1.92863613e-01
    5.04787028e-01 7.08139241e-01 5.15650153e-01 9.83988404e-01
    2.41701722e-01 3.50167066e-01 8.26145411e-02 2.68166423e-01
    1.32051438e-01 9.98068094e-01 8.33599687e-01 1.46442175e-01
    7.26955295e-01 3.48809153e-01 7.68915892e-01 5.64385593e-01
    3.97156298e-01 5.79555392e-01 3.86527598e-01 9.20965314e-01
    1.79199070e-01 1.30156219e-01 1.82750672e-01 8.49313021e-01
    4.93575305e-01 4.75827575e-01 7.76022434e-01 6.72228932e-02
    6.25773072e-01 4.02010560e-01 9.89218473e-01 5.39433539e-01
    3.71496588e-01 2.32430965e-01 3.53040427e-01 3.05662811e-01
    8.72243047e-01 8.28638911e-01 6.61131501e-01 2.81135112e-01
    7.55937815e-01 1.66880697e-01 8.56130719e-01 1.47885501e-01
    2.90412247e-01 7.90419340e-01 5.91745377e-02 6.67626739e-01
    8.44283402e-02 8.64693463e-01 4.46268380e-01 5.74363470e-02
    7.02150166e-02 8.77942443e-01 7.70218134e-01 4.19020951e-01
    6.22687042e-02 1.24553621e-01 8.91469479e-01 1.91532373e-02
    2.80374944e-01 1.50047034e-01 4.27014321e-01 1.39203072e-01
    3.36130887e-01 1.58985257e-02 7.26918101e-01 8.98416638e-01
    7.37183928e-01 3.48932862e-01 4.10396993e-01 8.03405762e-01
    5.07215500e-01 6.77301407e-01 9.11992669e-01 6.04969084e-01
    3.95101905e-02 5.42004466e-01 4.87069845e-01 5.55122375e-01
    2.86288738e-01 7.48626590e-01 4.77794528e-01 1.67594522e-01
    1.45747483e-01 6.98812008e-01 2.18492836e-01 1.34422988e-01
    7.79427171e-01 7.93099046e-01 9.63773191e-01 2.92047441e-01
    4.37474817e-01 3.63074541e-01 7.12604463e-01 5.79131126e-01
    3.31122369e-01 9.89892840e-01 5.36829352e-01 4.14319992e-01
    3.28457206e-01 6.03312373e-01 8.36698055e-01 8.86123002e-01
    8.52437615e-01 8.50638628e-01 4.21852231e-01 3.20923626e-01
    7.46356606e-01 5.71767390e-01 3.84389937e-01 4.13894743e-01
    3.41510713e-01 9.78040457e-01 9.33316588e-01 5.15788913e-01
    7.45835721e-01 2.83354521e-03 5.38693547e-01 5.51409006e-01
    1.21662378e-01 2.45277584e-01 2.01156557e-01 8.57688606e-01
    4.68730509e-01 2.11069286e-02 3.47871959e-01 4.41794574e-01
    1.25543237e-01 5.77866197e-01 6.65955782e-01 9.28966701e-01
    1.85089022e-01 9.60786819e-01 7.98080325e-01 3.80224109e-01
    9.73171890e-01 4.74754602e-01 8.27547431e-01 6.79297805e-01
    5.63926399e-01 9.74907994e-01 5.49891412e-01 5.21560669e-01
    5.00408947e-01 6.67032897e-02 3.46070290e-01 6.77791715e-01
    5.17885864e-01 9.46870744e-02 4.48197067e-01 7.35534310e-01
    9.20083761e-01 9.82606292e-01 6.51785910e-01 2.17784196e-01
    6.75436139e-01 7.95115530e-02 5.44931233e-01 9.77344811e-01
    1.84942096e-01 1.15032405e-01 5.02952456e-01 2.62961566e-01
    5.96085787e-01 4.43905622e-01 5.50400436e-01 3.07448089e-01
    8.14101160e-01 8.81435752e-01 9.18158293e-02 6.62171483e-01
    3.20493639e-01 4.24061686e-01 6.97947085e-01 4.93382752e-01
    3.50353837e-01 8.62389088e-01 9.24741566e-01 1.04851991e-01
    9.65027690e-01 6.62869513e-01 2.34417975e-01 4.03736830e-01
    5.61044514e-01 9.49015617e-01 2.12323099e-01 4.47213143e-01
    6.32428050e-01 1.76475525e-01 3.05843681e-01 5.44823050e-01
    9.72834826e-01 6.39597058e-01 8.37076664e-01 5.27692914e-01
    9.32256222e-01 2.74908185e-01 1.17706358e-01 8.54830027e-01
    5.01235187e-01 3.23188633e-01 6.31688714e-01 2.81685293e-01
    2.45694637e-01 8.76561105e-01 3.58175218e-01 9.64301944e-01
    4.21741009e-02 6.89257085e-02 3.12460005e-01 7.61219621e-01
    6.42086208e-01 8.63529563e-01 9.16019678e-01 8.62618804e-01
    6.27696335e-01 4.30115521e-01 6.08572841e-01 1.40813589e-02
    7.73313761e-01 6.70366585e-02 4.04053092e-01 8.89190197e-01
    2.06054181e-01 8.10763955e-01 6.55605495e-01 3.73411864e-01
    7.86876559e-01 9.40458894e-01 1.53931439e-01 9.34324563e-01
    8.70699346e-01 1.99097782e-01 7.01443553e-01 5.75241804e-01
    3.57449293e-01 1.71181560e-03 6.04005873e-01 4.03628767e-01
    7.70042062e-01 3.50300491e-01 1.90447092e-01 8.36615860e-02
    4.22323346e-01 1.93251252e-01 2.49286681e-01 3.45303416e-02
    5.40310264e-01 7.08093047e-01 1.42109156e-01 5.63215077e-01
    3.27012420e-01 6.55911684e-01 8.24077249e-01 2.91167647e-01
    3.76824379e-01 5.28984308e-01 2.15601891e-01 9.96394992e-01
    6.99778438e-01 4.68707204e-01 8.60553980e-02 2.43066877e-01
    4.08920109e-01 1.83504045e-01 3.59211534e-01 3.35874557e-01
    4.35705960e-01 6.60959721e-01 6.92925930e-01 5.37983656e-01
    8.82730782e-01 3.21841061e-01 2.07786471e-01 1.30514383e-01
    1.01000309e-01 4.74742472e-01 8.66054356e-01 9.30038452e-01
    3.19758832e-01 5.40233433e-01 6.48127794e-02 6.72014356e-01
    1.81677043e-01 1.49382502e-01 5.10992408e-01 5.67390203e-01
    2.75445580e-01 8.37821543e-01 9.75016594e-01 7.13485241e-01
    8.19147348e-01 3.31919134e-01 8.39763522e-01 8.83121252e-01
    4.32353199e-01 4.68905270e-02 9.48667884e-01 6.39940560e-01
    4.27283049e-01 1.83513552e-01 2.27600932e-02 5.78061104e-01
    3.28044236e-01 9.58541751e-01 4.30629253e-02 9.85201836e-01
    7.68257141e-01 5.85512280e-01 1.73393637e-01 8.64998698e-02
    6.19474053e-01 8.61658156e-01 9.60097313e-01 3.99503529e-01
    8.91785026e-01 1.95980489e-01 9.85499501e-01 5.12971342e-01
    8.37251842e-02 9.89477277e-01 6.03402853e-02 6.09433293e-01
    2.03930169e-01 3.16870749e-01 7.49144554e-01 4.71158475e-01
    2.83839881e-01 9.97531652e-01 6.51884675e-01 7.23662555e-01
    9.76430178e-02 4.83554929e-01 3.77203822e-02 1.29695714e-01
    4.74882543e-01 7.95834064e-01 5.74759841e-01 1.34863943e-01
    7.52359807e-01 5.12903214e-01 9.66968298e-01 4.34347987e-03
    1.46705031e-01 1.01638705e-01 7.85532594e-03 6.72036290e-01
    1.47396326e-03 4.78723079e-01 1.80992275e-01 5.32651961e-01
    6.61824226e-01 5.62169373e-01 5.14348447e-01 7.32029259e-01
    7.26946235e-01 3.47284198e-01 3.12658846e-01 7.08872855e-01
    9.11829233e-01 9.84469950e-02 9.39851403e-01 7.75403082e-01
    1.43190861e-01 5.88039696e-01 2.89875269e-03 5.99287510e-01
    8.43576431e-01 2.21434563e-01 9.04082179e-01 6.87103570e-01
    1.27244413e-01 5.26721239e-01 4.08619642e-04 7.69778013e-01
    3.41168165e-01 3.32424343e-02 3.20734859e-01 8.39190125e-01
    9.44119573e-01 2.17499435e-02 3.35301250e-01 5.49043775e-01
    1.12558305e-02 5.80210805e-01 4.63873863e-01 7.42632329e-01
    4.58541751e-01 8.98002386e-01 8.05452406e-01 2.20607817e-02
    8.52404654e-01 4.16967928e-01 9.70958233e-01 3.86511087e-02
    4.68693167e-01 2.25495517e-01 9.05192852e-01 2.00590998e-01
    2.79595137e-01 3.04562151e-01 8.02933156e-01 8.43984485e-01
    6.11356497e-01 9.48332548e-02 3.36442590e-01 7.63812959e-01
    1.66060776e-01 8.17301273e-02 7.93368876e-01 8.33496213e-01
    4.94054258e-01 3.32457632e-01 1.48188442e-01 3.27022016e-01
    2.66595423e-01 7.91390300e-01 7.50595331e-03 7.31845975e-01
    4.26222324e-01 2.28436500e-01 6.40487015e-01 5.27594090e-01
    7.60347486e-01 4.12319332e-01 2.90173203e-01 9.97513592e-01
    9.26381350e-02 3.39838862e-01 8.66025925e-01 4.78336006e-01
    8.31118345e-01 7.27244258e-01 1.19580626e-02 1.84136719e-01
    5.40577471e-01 2.00678617e-01 7.82854676e-01 5.00723004e-01
    9.78262782e-01 8.42606306e-01 3.28241795e-01 9.62301731e-01
    6.99988902e-01 9.35111046e-02 5.93454003e-01 7.08936036e-01
    8.29085529e-01 7.73159444e-01 7.48872876e-01 5.69784760e-01
    8.45259488e-01 6.30554557e-01 8.73454213e-01 2.63289273e-01
    6.83151543e-01 9.71733630e-01 2.71318883e-01 6.97103381e-01
    9.23599780e-01 9.16023850e-01 4.98151243e-01 5.76128662e-01
    3.05555433e-01 7.57019520e-01 1.17828101e-01 2.36514032e-01
    5.15502214e-01 6.97906375e-01 1.63030893e-01 1.51848674e-01
    9.67356980e-01 8.61580074e-01 9.03989077e-01 6.37751400e-01
    1.56492293e-02 6.84846640e-01 3.11999083e-01 6.91186666e-01
    5.69199085e-01 1.59372509e-01 4.40580934e-01 6.06778681e-01
    5.96601725e-01 1.22762024e-02 7.68752813e-01 1.80525690e-01
    5.62223613e-01 3.69479895e-01 9.66463327e-01 9.46681798e-01
    9.07563210e-01 1.05134904e-01 6.89198315e-01 6.65279210e-01
    4.11055177e-01 4.09810096e-01 6.40318573e-01 1.45575404e-03
    2.89841205e-01 1.66885465e-01 2.11878270e-01 6.61491632e-01
    4.33644652e-02 5.12367785e-01 3.77143025e-01 1.30045712e-02
    1.39215946e-01 9.61085856e-01 6.53933167e-01 7.98421025e-01
    8.75170588e-01 8.83972764e-01 8.09128940e-01 2.34224260e-01
    7.68861473e-01 5.09732008e-01 4.68916059e-01 6.91930175e-01
    3.75327080e-01 7.74025679e-01 2.30382383e-02 7.52015114e-01
    1.71166062e-01 1.77788526e-01 1.94932222e-01 7.23146975e-01
    5.67407489e-01 2.53661603e-01 1.12673014e-01 2.83761919e-01
    9.97257233e-01 7.70728886e-01 8.65997732e-01 2.04323262e-01
    7.64015555e-01 8.61239433e-03 6.30890071e-01 3.49979937e-01
    4.68955100e-01 5.35904050e-01 7.89506316e-01 8.22813869e-01
    5.77526689e-01 9.54608858e-01 6.25737906e-01 7.84588933e-01
    9.53792810e-01 6.89248204e-01 8.89015079e-01 3.22050154e-01
    1.74159586e-01 9.52514648e-01 8.12457383e-01 6.00965619e-01
    4.24955964e-01 8.49802017e-01 1.50157809e-02 7.70857930e-01
    7.07711399e-01 7.39765167e-01 1.87597632e-01 9.71123815e-01
    6.96444690e-01 6.52842283e-01 3.31276655e-02 6.47628725e-01
    1.14301354e-01 1.74877346e-02 6.71557128e-01 5.77728570e-01
    3.85387450e-01 3.64000589e-01 2.73155510e-01 6.21497869e-01
    3.74432087e-01 3.68062079e-01 3.69757682e-01 4.59577739e-02
    9.98056889e-01 1.39813989e-01 8.37444782e-01 6.70599997e-01
    6.63415611e-01 8.68332028e-01 9.02135611e-01 1.84843630e-01
    7.27487147e-01 9.21249509e-01 2.12778926e-01 2.82762408e-01
    7.03158259e-01 5.46731174e-01 8.16103935e-01 2.78277934e-01
    3.22886348e-01 9.31163192e-01 9.78955448e-01 6.14086449e-01
    8.73624086e-01 1.90679491e-01 1.22696042e-01 6.80434108e-01
    3.39954674e-01 7.43782759e-01 1.81465983e-01 2.37812847e-01
    4.96417195e-01 7.44858444e-01 3.12921017e-01 7.58888483e-01
    5.73383391e-01 8.86344075e-01 3.27977717e-01 6.27518892e-01
    1.86024696e-01 5.10660946e-01 7.63889968e-01 7.25812078e-01
    9.77827549e-01 5.64891458e-01 2.68690825e-01 3.93612981e-01
    1.63321763e-01 9.26742673e-01 8.67866576e-02 8.83668840e-01
    3.59489977e-01 8.54853332e-01 6.08468592e-01 7.01988816e-01
    8.78745914e-01 6.61854744e-02 9.18687463e-01 1.18615299e-01
    1.50016427e-01 7.91892409e-01 1.88488662e-02 6.67922378e-01
    8.96750033e-01 3.99519444e-01 7.86796808e-01 2.40361571e-01
    5.25030851e-01 6.11972094e-01 1.40477389e-01 2.74706632e-01
    7.50473440e-02 9.83690381e-01 4.90121990e-01 3.30526233e-01
    9.95981932e-01 1.80016518e-01 3.13652396e-01 4.78839517e-01
    5.74362576e-01 2.09262133e-01 3.34207475e-01 6.01704061e-01
    4.77881193e-01 8.01147521e-01 4.91633713e-02 6.17473781e-01
    1.48232728e-01 3.00683975e-01 5.28299212e-01 1.95399821e-02
    9.65931654e-01 2.75994837e-02 2.99443007e-02 9.26339984e-01
    7.47291863e-01 2.37525761e-01 2.45812654e-01 2.14706510e-01
    1.83001161e-02 5.01475871e-01 6.78630054e-01 6.30117714e-01
    4.71319169e-01 7.43024707e-01 9.33110714e-01 2.39362419e-01
    8.81165981e-01 2.35127121e-01 9.18798804e-01 6.03216410e-01
    4.17191088e-02 4.73516017e-01 9.34699297e-01 2.05471158e-01
    8.86151493e-02 1.42815381e-01 8.00786674e-01 3.90668422e-01
    6.84469581e-01 8.07831287e-01 7.62815833e-01 5.00261068e-01
    3.86407852e-01 1.31814480e-01 1.22579396e-01 6.95035934e-01
    9.85439897e-01 6.35545790e-01 4.48588282e-01 5.37008703e-01
    5.12798667e-01 8.53372157e-01 1.59878731e-02 5.70036829e-01
    1.07895374e-01 6.00510597e-01 7.04443812e-01 9.54501390e-01
    5.61991274e-01 8.65678787e-01 8.87371778e-01 2.08588868e-01
    9.06023145e-01 1.45400763e-02 7.80322194e-01 1.94871783e-01
    1.76100731e-01 3.68141055e-01 2.54012555e-01 3.63239795e-01
    2.91343987e-01 5.89030266e-01 8.86193275e-01 2.33693630e-01
    3.58684033e-01 2.02392757e-01 3.53888929e-01 2.40730286e-01
    6.97369337e-01 9.48891044e-01 6.27877116e-02 9.00882959e-01
    8.30576420e-01 5.75525284e-01 4.59959060e-01 1.38766438e-01
    1.73837006e-01 5.84622562e-01 1.15790933e-01 5.19656062e-01
    8.37820292e-01 8.62049103e-01 6.09819949e-01 2.83621430e-01
    9.31670308e-01 5.24633229e-02 5.68681955e-01 5.30616760e-01
    9.01985943e-01 5.87162375e-02 4.25754637e-01 5.32680154e-01
    5.91028690e-01 9.20717716e-02 4.45537329e-01 4.62916762e-01
    7.57194221e-01 6.35182917e-01 5.93569696e-01 8.34108233e-01
    3.74987364e-01 8.07856858e-01 3.23846072e-01 6.18125498e-01
    6.97682321e-01 3.37121040e-01 7.70495534e-01 3.47743928e-02
    1.43477321e-02 1.26211017e-01 1.13418013e-01 1.26724780e-01
    2.29182273e-01 3.83395731e-01 8.80102277e-01 5.90296745e-01
    9.86727715e-01 2.28315234e-01 9.16239738e-01 7.72911787e-01
    4.58712548e-01 1.54363215e-02 8.83925855e-01 2.36127406e-01
    4.76562083e-02 1.90287411e-01 5.45990586e-01 1.07598603e-02
    8.31031919e-01 9.37120497e-01 5.72720885e-01 9.92548823e-01
    3.55238736e-01 3.59202564e-01 9.04082716e-01 3.53307843e-01
    1.68430835e-01 5.63987136e-01 4.56529081e-01 2.71833718e-01
    2.49457270e-01 8.48330319e-01 4.43259537e-01 4.26065803e-01
    1.18289292e-02 8.79210830e-01 3.21317554e-01 2.09149718e-03
    7.21754313e-01 3.34637940e-01 7.24365652e-01 3.25536907e-01
    4.64133620e-02 3.72320175e-01 1.26141340e-01 7.69417882e-01
    9.80981588e-01 7.74039626e-01 5.84203660e-01 2.55566955e-01
    6.48021102e-01 5.57762682e-01 8.10863853e-01 7.73278296e-01
    2.42858171e-01 2.97854692e-01 2.20683843e-01 6.06637299e-01
    3.08649778e-01 3.47833186e-01 2.91541487e-01 1.96178049e-01
    8.45827460e-01 3.37697566e-02 8.88726115e-01 7.87412763e-01
    1.93264604e-01 6.41537786e-01 7.05330372e-02 3.26669663e-01
    7.18799949e-01 5.00244081e-01 4.75190282e-02 9.16687012e-01
    6.49529040e-01 5.64205825e-01 4.78530973e-01 4.24667627e-01
    1.84981376e-01 7.81715155e-01 8.59931588e-01 5.62005818e-01
    8.22851896e-01 1.19575679e-01 6.21047497e-01 2.15542912e-02
    5.30588567e-01 1.32478833e-01 5.52539289e-01 3.07659477e-01
    4.61995274e-01 9.22592103e-01 9.20739830e-01 4.61681455e-01
    4.23385739e-01 4.17834312e-01 1.05931759e-02 6.92349672e-03
    3.17730784e-01 1.90930665e-01 7.19754696e-01 4.73345190e-01
    7.76008010e-01 7.19786942e-01 4.78180438e-01 4.40346241e-01
    1.83357507e-01 2.90150970e-01 2.06853449e-01 3.06294501e-01
    2.42926419e-01 3.82981539e-01 1.64053530e-01 8.23168337e-01
    3.29673290e-01 6.67917788e-01 8.56027305e-01 7.04687119e-01
    5.60355246e-01 8.75790119e-01 2.88749516e-01 3.98993254e-01
    4.02468175e-01 7.85381079e-01 9.79986429e-01 2.62864709e-01
    6.70321047e-01 4.24486399e-02 7.36846149e-01 2.80309349e-01
    7.51752913e-01 4.19715345e-01 4.30906713e-01 5.99735618e-01
    6.00009143e-01 9.30063307e-01 3.45995188e-01 2.88483560e-01
    7.07821608e-01 9.99393344e-01 7.59879351e-01 2.43381858e-02
    3.62663567e-01 4.34508026e-02 9.37612534e-01 3.61355245e-01
    6.26303852e-02 9.90478635e-01 4.22390699e-02 9.83722806e-01
    9.37418818e-01 6.53204143e-01 8.02063644e-02 5.20920753e-03
    6.54742718e-01 5.13037682e-01 6.78419232e-01 4.69555557e-01
    3.77572566e-01 3.58530283e-02 5.18645644e-02 7.47030616e-01
    4.08842504e-01 9.24475551e-01 4.82944936e-01 8.19339752e-01
    1.38267785e-01 7.85306931e-01 3.41150969e-01 5.53702772e-01
    3.92219305e-01 6.68506563e-01 5.18943965e-01 7.54078388e-01
    9.27259922e-01 9.17968869e-01 7.68911958e-01 8.64562273e-01
    9.51800108e-01 2.89809376e-01 2.91357905e-01 6.38414562e-01
    5.46968937e-01 7.54362226e-01 3.55452120e-01 3.10409784e-01
    5.63388705e-01 4.00089353e-01 1.51729792e-01 9.55455303e-01
    4.22012687e-01 7.63823390e-01 2.11840302e-01 4.25808609e-01
    4.00268018e-01 7.61295795e-01 1.96664721e-01 9.66957927e-01
    4.93286282e-01 7.11166561e-01 8.88517797e-02 4.74834293e-01
    4.11523104e-01 9.27455902e-01 9.26902413e-01 8.00094962e-01
    4.26172733e-01 6.21733308e-01 9.56108212e-01 9.26596045e-01
    7.76963472e-01 1.81413919e-01 7.74403453e-01 7.31313765e-01
    4.87517715e-01 6.05140269e-01 5.99941850e-01 9.66006219e-01
    4.37089711e-01 3.62736583e-01 2.77265429e-01 5.12856662e-01
    8.81848872e-01 7.64678419e-01 5.54997921e-01 5.89275301e-01
    3.77654016e-01 4.13285196e-01 6.28087103e-01 6.56608462e-01
    6.78654552e-01 8.49021435e-01 7.20582306e-01 4.69855845e-01
    4.89552677e-01 3.78507972e-01 1.74888283e-01 7.38383055e-01
    2.01611847e-01 9.08657789e-01 4.08398211e-02 5.25206029e-01
    6.73242569e-01 3.22486997e-01 3.29275429e-01 1.18424863e-01
    9.34160709e-01 8.92996073e-01 1.90091372e-01 6.59886777e-01
    4.65438366e-02 9.46746111e-01 5.87930679e-02 9.34788704e-01
    5.10245204e-01 9.63486910e-01 1.03549659e-01 6.55063629e-01
    3.47473115e-01 2.08590031e-01 7.26246238e-01 6.00908697e-01
    3.03239793e-01 3.27445924e-01 8.07429850e-01 7.17053711e-02
    8.40261340e-01 4.19492304e-01 2.51496673e-01 9.47516441e-01
    3.66691113e-01 3.55380476e-02 3.93175632e-01 6.82884037e-01
    3.32458854e-01 8.92394304e-01 5.70885897e-01 7.23104239e-01
    8.85743618e-01 5.26030242e-01 7.05807567e-01 2.06654668e-02
    9.33182240e-01 7.86636651e-01 6.86917543e-01 6.62215173e-01
    1.18801236e-01 6.38781369e-01 2.01165169e-01 8.35161209e-01
    1.24568254e-01 3.34888697e-03 1.85022622e-01 7.46742308e-01
    4.82409656e-01 7.89663434e-01 3.06216240e-01 2.18242049e-01
    6.23378098e-01 6.26830697e-01 9.61990118e-01 9.02445436e-01
    6.59390330e-01 9.47031021e-01 9.63224530e-01 5.72718620e-01
    7.56948590e-01 1.15992606e-01 2.75134116e-01 9.05071974e-01
    1.36137813e-01 2.20452398e-01 3.65798891e-01 3.27432841e-01
    3.49475443e-02 2.92106867e-02 5.01722574e-01 2.79895872e-01
    7.36685276e-01 1.30574793e-01 5.91798544e-01 1.91845387e-01
    7.02386558e-01 1.40361726e-01 9.69258249e-02 1.54917330e-01
    2.91832477e-01 6.34852231e-01 2.50922680e-01 9.02227283e-01
    5.25035918e-01 7.23508060e-01 5.78243136e-01 1.59516364e-01
    4.38281059e-01 7.06061840e-01 7.68792152e-01 6.07693434e-01
    3.04637074e-01 6.64034009e-01 1.41094685e-01 7.06509650e-02
    6.98191941e-01 3.11875284e-01 1.54732287e-01 2.35949963e-01
    2.81793773e-01 4.94043231e-02 9.34456468e-01 2.60211021e-01
    6.41409934e-01 7.93583393e-02 3.44194353e-01 3.64053696e-01
    8.18284094e-01 8.30940008e-02 5.47971606e-01 2.82480419e-02
    7.83995271e-01 8.32586050e-01 9.52811003e-01 8.85946751e-02
    9.37684596e-01 9.45907712e-01 8.99513960e-01 7.86270738e-01
    9.44499254e-01 9.98748899e-01 3.70355904e-01 6.52604520e-01
    5.02557099e-01 6.91723406e-01 1.34154856e-02 9.75993514e-01
    3.66744697e-01 2.05107599e-01 2.39750206e-01 7.00778008e-01
    3.73754084e-01 4.25647259e-01 8.69347453e-01 2.00210541e-01
    9.64700699e-01 9.73208189e-01 9.54755068e-01 5.63444555e-01
    7.84506023e-01 2.29944289e-01 8.29107523e-01 3.44465971e-01
    6.48713708e-02 6.63874030e-01 9.72799182e-01 1.42850637e-01
    8.43987465e-01 4.16751802e-01 2.68987626e-01 9.85573173e-01
    1.12705290e-01 3.45479190e-01 9.96813178e-03 9.43424940e-01
    8.16018581e-02 7.61202872e-01 5.09448528e-01 6.08672321e-01
    9.82310414e-01 7.29287982e-01 8.86237502e-01 7.87757397e-01
    1.48264885e-01 6.24731064e-01 3.06825280e-01 3.29446524e-01
    3.68100286e-01 3.14130723e-01 8.72110009e-01 2.08841771e-01
    7.83258557e-01 9.40768480e-01 9.01538432e-02 8.99178565e-01
    2.25705892e-01 7.88124681e-01 4.56842303e-01 3.51788640e-01
    5.08147061e-01 3.91155273e-01 3.23248029e-01 4.73935038e-01
    3.55807364e-01 7.64740825e-01 4.50236797e-02 2.21548378e-01
    8.40546370e-01 6.64965332e-01 8.81379843e-01 9.97233748e-01
    3.61549854e-02 1.95192099e-02 9.57433522e-01 9.93126631e-01
    5.80205798e-01 1.02386177e-01 8.22470248e-01 3.79739612e-01
    8.84278178e-01 7.26108193e-01 7.71415055e-01 8.78680706e-01
    5.86119235e-01 8.57162476e-01 2.91561216e-01 2.84601510e-01
    9.92843688e-01 8.52473855e-01 3.74812305e-01 6.41226172e-02
    7.36629605e-01 9.02563214e-01 1.04276240e-02 8.14745545e-01
    5.69826782e-01 4.12744194e-01 8.20973396e-01 9.13633704e-01
    2.88743377e-01 8.57967436e-02 2.24076509e-01 7.71511555e-01
    5.09769917e-02 7.68536448e-01 5.08886158e-01 6.79161251e-02
    1.44864023e-02 4.55568731e-01 4.49557602e-01 3.69084477e-02
    6.14887297e-01 9.31844234e-01 5.46535492e-01 4.84539211e-01
    7.82820404e-01 7.93469131e-01 1.34986877e-01 7.41204858e-01
    4.03032839e-01 4.38815176e-01 8.21821988e-01 4.20590043e-01
    1.03735834e-01 1.27707034e-01 2.32156903e-01 7.49462426e-01
    5.91745913e-01 7.61794269e-01 4.37790364e-01 4.88540888e-01
    1.91879451e-01 4.73223150e-01 5.64827323e-01 2.05677509e-01
    8.16537797e-01 9.64612246e-01 3.02123517e-01 9.89906669e-01
    4.42260295e-01 7.71596372e-01 8.78969014e-01 8.86119425e-01
    3.68905604e-01 6.67935133e-01 5.82387567e-01 9.96089220e-01
    7.81414747e-01 4.79859769e-01 9.80005562e-01 7.21670389e-01
    4.09544170e-01 6.46315038e-01 8.10954928e-01 8.08532357e-01
    5.51532805e-01 1.45372629e-01 9.13106322e-01 2.17201710e-01
    7.24786520e-01 6.51305318e-02 6.50688708e-01 8.14286768e-02
    9.09020543e-01 9.65912223e-01 5.96219897e-01 7.18596220e-01
    2.02923536e-01 2.33452857e-01 1.62066281e-01 1.61195457e-01
    1.89738691e-01 8.70994508e-01 7.68266439e-01 7.41751611e-01
    5.97646177e-01 7.13672101e-01 9.67318773e-01 8.12070012e-01
    3.97692263e-01 5.28528631e-01 9.62760806e-01 7.95578063e-01
    7.66898692e-01 9.07075405e-01 5.94322085e-01 6.18594050e-01
    8.67131293e-01 9.46808577e-01 9.20576274e-01 3.59965354e-01
    4.20452714e-01 6.28265381e-01 2.50012755e-01 9.28811491e-01
    4.86927927e-02 4.14203525e-01 4.29343045e-01 3.51670980e-01
    9.20589089e-01 6.22238100e-01 5.24477482e-01 6.99631870e-01
    3.61780614e-01 7.60092139e-02 5.51006675e-01 5.85069299e-01
    1.59629107e-01 1.00573897e-03 5.27345002e-01 2.46996135e-01
    4.81708467e-01 9.96372223e-01 2.81213284e-01 2.09951580e-01
    2.77608097e-01 8.18705201e-01 1.17708296e-01 3.08189601e-01
    9.96638894e-01 2.30678409e-01 8.72026086e-01 7.72001565e-01
    9.99472737e-01 9.07814980e-01 6.76310778e-01 4.95592594e-01
    1.33414924e-01 8.82051587e-01 7.73094475e-01 7.59407878e-01
    7.07190990e-01 1.87855422e-01 4.67621148e-01 1.60575300e-01
    3.41403484e-01 4.61243987e-02 9.07981873e-01 7.77199507e-01
    2.24787593e-01 9.74878907e-01 1.18589729e-01 5.88299513e-01
    1.67958945e-01 4.42779899e-01 6.22913837e-01 3.35009396e-02
    2.46710628e-01 3.39092821e-01 3.53734016e-01 6.04385614e-01
    6.65531933e-01 2.11178064e-02 9.37931716e-01 2.97914326e-01
    8.64403963e-01 9.43784714e-01 2.70706296e-01 7.90165603e-01
    7.44129896e-01 4.56718832e-01 3.34873170e-01 8.53670359e-01
    9.44874704e-01 2.13649660e-01 8.97062242e-01 3.56150866e-02
    2.08781749e-01 3.29730511e-01 8.04522455e-01 3.70601952e-01
    7.60592520e-01 1.02863848e-01 8.18400681e-01 5.62826395e-02
    1.23799443e-01 8.18228841e-01 6.23807430e-01 2.83928216e-01
    2.17916816e-01 9.68558431e-01 4.15093601e-01 2.30939269e-01
    9.81508851e-01 5.65398335e-01 9.33172166e-01 6.19044662e-01
    6.65305138e-01 7.77305484e-01 4.73893285e-02 6.39881968e-01
    3.84883285e-02 5.89436591e-02 4.14667279e-01 6.87460363e-01
    7.58083582e-01 8.78763020e-01 8.77707601e-01 7.43109405e-01
    9.94824052e-01 9.18931663e-02 6.47228956e-01 1.50332868e-01
    7.16796637e-01 5.37646174e-01 7.86199093e-01 3.33142698e-01
    3.08779895e-01 5.44364095e-01 7.54560351e-01 1.17952913e-01
    2.03453183e-01 8.36441755e-01 2.78203726e-01 8.93396497e-01
    8.73980761e-01 9.82241750e-01 8.95719469e-01 5.53889751e-01
    7.29341865e-01 9.38279510e-01 7.28050470e-01 1.57409459e-01
    1.23412341e-01 6.33193135e-01 5.16173601e-01 1.04243934e-01
    2.92991459e-01 8.66597176e-01 3.88054609e-01 1.35662854e-02
    1.54371291e-01 6.60307765e-01 7.84548044e-01 8.26813281e-01
    3.78084302e-01 8.31335425e-01 7.70708799e-01 5.91330707e-01
    4.21112657e-01 7.26482511e-01 2.23568708e-01 7.39921749e-01
    8.28425288e-02 6.73212588e-01 9.22926784e-01 8.18450928e-01
    3.78602743e-03 7.01198220e-01 6.67762995e-01 7.62245178e-01
    4.30427074e-01 8.47738504e-01 7.23077416e-01 6.50883317e-02
    6.47543252e-01 2.00236052e-01 9.04900074e-01 6.93565488e-01
    1.51864618e-01 7.48440266e-01 1.21669531e-01 5.12999475e-01
    6.60688758e-01 8.50203395e-01 3.72521877e-01 8.62697124e-01
    6.89834595e-01 8.58798385e-01 8.86159778e-01 7.99550295e-01
    7.65804887e-01 1.43143862e-01 7.64839768e-01 5.88495433e-01
    9.15760517e-01 7.96205401e-01 8.83386075e-01 3.47564816e-01
    8.18082690e-03 8.37637305e-01 8.22469056e-01 7.76564598e-01
    7.12326825e-01 1.20691836e-01 3.15879822e-01 2.97097892e-01
    5.72369993e-01 4.13969398e-01 2.85624802e-01 1.46353722e-01
    5.36489606e-01 3.53710651e-02 5.58740854e-01 8.17955017e-01
    8.82141650e-01 5.09446561e-01 2.19870657e-01 8.58399391e-01
    3.88078928e-01 2.91107893e-02 4.65228349e-01 3.02286714e-01
    6.60022497e-01 9.78793204e-01 3.10541004e-01 5.75017750e-01
    2.62935042e-01 3.61963302e-01 4.10344124e-01 9.49509919e-01
    3.94272953e-01 4.30847228e-01 1.32196754e-01 9.69479620e-01
    5.81528902e-01 5.08013904e-01 9.50304329e-01 9.01084781e-01
    1.67805552e-01 2.02269852e-01 6.37633383e-01 7.53435791e-02
    9.30305064e-01 4.27124292e-01 3.04910541e-02 4.42706734e-01
    4.33381706e-01 2.89105624e-01 4.35901880e-02 2.84171760e-01
    8.85972857e-01 5.07549584e-01 3.12661886e-01 1.86639011e-01
    4.47414726e-01 8.25152695e-01 2.31044888e-01 9.84404087e-01
    1.25474811e-01 9.13440585e-01 1.59565181e-01 6.72703981e-02
    4.88269597e-01 7.69731462e-01 2.22797245e-01 9.39267755e-01
    2.83586442e-01 5.91081977e-02 4.98962939e-01 1.45735145e-01
    5.22987485e-01 3.45771313e-02 8.11559737e-01 8.10318232e-01
    3.84299457e-01 2.37796187e-01 4.26954687e-01 4.66579139e-01
    6.65791035e-02 1.24822199e-01 6.31906211e-01 2.65401095e-01
    7.32147217e-01 5.26048541e-01 2.10864842e-01 6.21816397e-01
    4.53733504e-01 1.30841613e-01 3.25366616e-01 1.25375807e-01
    9.72229004e-01 7.29393244e-01 5.38504422e-01 3.62478614e-01
    2.55455077e-01 3.75661135e-01 1.74600124e-01 4.46483314e-01
    4.64396328e-01 1.47035033e-01 9.88695920e-01 5.67720294e-01
    6.51660860e-02 7.69446492e-01 2.82369226e-01 7.33776689e-01
    1.10822439e-01 4.78416622e-01 4.09796059e-01 9.72047150e-01
    6.81576371e-01 7.51684785e-01 6.42269313e-01 8.87744546e-01
    3.30370784e-01 5.98864436e-01 5.04993141e-01 4.07327414e-01
    3.66894335e-01 7.82073021e-01 2.02978492e-01 6.15065515e-01
    4.28394854e-01 2.52304435e-01 1.35925204e-01 4.40435916e-01
    8.58330846e-01 7.32451320e-01 4.71136868e-02 9.11281466e-01
    1.43442869e-01 5.00748336e-01 5.90324759e-01 3.59260559e-01
    8.99599969e-01 8.71409476e-01 8.89397085e-01 7.05090284e-01
    2.40623862e-01 9.00143683e-02 7.02816427e-01 7.01226592e-02
    1.41375870e-01 5.56774735e-02 4.43206966e-01 4.23254013e-01
    6.98094070e-02 6.12662494e-01 5.86233199e-01 3.20719779e-01
    3.25566530e-03 9.07842517e-02 2.62432098e-02 5.68235874e-01
    7.64738083e-01 7.65095353e-02 4.57643002e-01 6.81339383e-01
    3.52221489e-01 3.47249687e-01 4.34592396e-01 2.16169089e-01
    9.93924022e-01 5.27559221e-02 3.02858293e-01 6.96143210e-01
    8.27535272e-01 3.50950599e-01 1.19166702e-01 8.27617288e-01
    4.31975305e-01 2.98713028e-01 4.95634586e-01 9.01454806e-01
    7.09791780e-01 5.05730271e-01 6.75794959e-01 2.94790268e-02
    2.66015708e-01 2.50795484e-02 4.92344201e-02 5.83396554e-01
    6.45019114e-01 9.46044564e-01 2.41851687e-01 7.48198032e-02
    9.91081595e-01 7.62660146e-01 2.37954021e-01 4.83426422e-01
    3.07192534e-01 2.63326228e-01 5.58936298e-01 8.30981135e-02
    7.12995291e-01 2.76019722e-01 4.23887372e-03 5.06673396e-01
    5.13880551e-01 7.94193566e-01 5.99396408e-01 5.56547940e-01
    5.15939057e-01 6.16200864e-01 1.71839207e-01 6.15034819e-01
    2.76652992e-01 6.77720666e-01 6.58599734e-02 3.70664954e-01
    5.19150019e-01 8.29968393e-01 2.05395699e-01 9.52095091e-02
    9.68992710e-03 9.44656849e-01 1.53474510e-01 9.19855952e-01
    6.99887276e-02 1.30988061e-02 8.47901464e-01 6.94323599e-01
    2.32074946e-01 1.45587564e-01 4.67498362e-01 5.37213981e-01
    8.87627602e-01 9.45032001e-01 3.14694256e-01 8.98583531e-01
    6.06408536e-01 8.97083879e-01 3.89266878e-01 5.63725650e-01
    8.20031643e-01 1.14225000e-01 9.11859751e-01 6.59610748e-01
    4.82868761e-01 8.82422388e-01 4.03898299e-01 9.50611055e-01
    9.46998596e-01 7.32892811e-01 2.07653314e-01 6.53504729e-01
    5.90810478e-01 8.95141959e-02 5.70824087e-01 9.13463235e-02
    8.85131359e-01 2.67586291e-01 2.43675232e-01 8.85504246e-01
    5.26158094e-01 8.49846244e-01 8.09717774e-02 8.46020043e-01
    5.21578193e-02 4.77219731e-01 5.61643779e-01 5.92016995e-01
    6.56766653e-01 2.07876951e-01 1.06988728e-01 2.03390539e-01
    4.11961228e-01 5.62736988e-01 8.83037567e-01 5.58629632e-01
    5.86520433e-02 6.04612112e-01 6.49420619e-02 2.13574231e-01
    3.28024626e-02 3.20585966e-01 3.52508664e-01 2.30692983e-01
    7.56533384e-01 7.86433399e-01 9.25028622e-02 9.83700514e-01
    1.85096264e-02 8.22236657e-01 8.14077377e-01 6.74391687e-02
    2.17090845e-01 8.69463086e-02 4.06076968e-01 3.02836716e-01
    7.46596754e-02 3.76289189e-01 7.38927364e-01 1.06848270e-01
    4.49236095e-01 9.66814578e-01 9.15822506e-01 8.00710082e-01
    6.65057302e-01 6.57621741e-01 6.63815796e-01 1.53690636e-01
    8.56803179e-01 6.74220920e-01 1.03146732e-02 2.93062270e-01
    9.61830616e-01 5.67275047e-01 5.78091919e-01 3.19407821e-01
    2.07384378e-01 6.32971287e-01 5.59680223e-01 4.68692571e-01
    6.77988052e-01 8.63012671e-03 9.37400043e-01 7.48013556e-02
    5.17690122e-01 1.93551332e-01 8.47734213e-01 6.36202455e-01
    5.38351476e-01 1.32417560e-01 7.50952482e-01 7.61245489e-01
    1.01892620e-01 2.19244868e-01 7.19627738e-02 2.49106735e-01
    5.81222236e-01 3.64869833e-04 6.56624317e-01 3.54150295e-01
    5.50114214e-01 2.85268039e-01 3.29031289e-01 6.79076374e-01
    4.07750666e-01 7.93950260e-02 1.26126975e-01 5.98583460e-01
    4.95474994e-01 8.35603297e-01 3.52912813e-01 3.43709916e-01
    9.81626809e-02 1.31550938e-01 4.52717185e-01 5.90395093e-01
    3.03511560e-01 9.10703838e-01 4.00778621e-01 7.92355895e-01
    8.26609194e-01 6.78435624e-01 5.60833395e-01 1.64983690e-01
    1.75962746e-01 4.04870868e-01 1.24866068e-02 1.44501776e-01
    1.22754991e-01 9.39589739e-01 5.41964054e-01 2.69742399e-01
    4.34876382e-02 7.47578800e-01 8.40247393e-01 2.24181205e-01
    3.91623437e-01 7.38621354e-01 3.69495749e-02 2.57431567e-01
    4.89254028e-01 7.30198085e-01 6.93996429e-01 2.82814890e-01
    5.48033714e-01 1.38118505e-01 9.20832753e-02 4.00424659e-01
    1.11241400e-01 9.64810729e-01 6.61537230e-01 4.65175986e-01
    6.36861086e-01 2.97777474e-01 1.42218471e-02 3.78995508e-01
    2.13423401e-01 3.50355178e-01 6.47879779e-01 7.85610437e-01
    6.36479020e-01 7.02937484e-01 7.30658770e-01 5.80762506e-01
    8.10693502e-01 2.01249719e-02 2.68534124e-01 9.40834641e-01
    5.19370556e-01 6.12762749e-01 9.87215340e-02 3.28959525e-01
    8.64988804e-01 7.46362925e-01 9.51138973e-01 7.73190975e-01
    4.26298261e-01 6.25740170e-01 9.82090235e-01 9.69291449e-01
    8.71560216e-01 9.03668284e-01 9.78939295e-01 1.28585100e-03
    5.76653540e-01 8.09867680e-02 9.73544836e-01 4.80470717e-01
    1.47503346e-01 8.32182467e-01 4.10695076e-01 6.36641026e-01
    6.61448777e-01 5.76704025e-01 1.13460690e-01 3.63538891e-01
    9.69879329e-01 7.59575963e-01 9.90603745e-01 7.13448286e-01
    8.93888652e-01 7.04071522e-02 4.47993308e-01 2.13847220e-01
    4.96232271e-01 6.49010062e-01 1.98809892e-01 8.27693999e-01
    3.00600618e-01 8.22794437e-01 5.34953594e-01 2.74742723e-01
    4.92739975e-02 2.32172310e-02 4.85125333e-01 2.49530584e-01
    8.50865722e-01 9.39578772e-01 4.45781618e-01 7.90216982e-01
    9.55040097e-01 7.71396339e-01 6.54880702e-01 3.07433903e-01
    7.12890387e-01 8.00337791e-01 4.70738649e-01 8.56412649e-02
    2.49793231e-01 7.78360605e-01 5.63871086e-01 6.29344285e-01
    7.39331543e-02 3.62763643e-01 1.31103396e-03 7.60924220e-02
    8.88268709e-01 1.27227753e-01 9.39497709e-01 1.83000177e-01
    6.23341322e-01 8.47335577e-01 1.63147479e-01 3.09238642e-01
    9.17721450e-01 4.25296307e-01 7.35064149e-02 4.27954197e-02
    6.63232327e-01 6.30002379e-01 4.32294399e-01 2.97543168e-01
    8.37125480e-02 7.74180412e-01 6.85048699e-02 8.13162923e-02
    7.59183943e-01 6.64040506e-01 3.60841811e-01 9.59115028e-01
    2.96501696e-01 5.29455662e-01 1.87585950e-02 7.77101755e-01
    2.60732949e-01 2.48698145e-01 4.92130637e-01 7.19447553e-01
    6.44379854e-03 1.59888059e-01 8.87133002e-01 9.52455521e-01
    4.88708526e-01 3.22188795e-01 1.79547071e-02 7.94822156e-01
    4.20359492e-01 5.52188396e-01 2.07595974e-01 7.06922054e-01
    4.30199444e-01 7.68769264e-01 9.88668442e-01 9.04273987e-01
    7.36688554e-01 1.45009875e-01 1.87526643e-02 4.66111690e-01
    7.66890168e-01 8.48968744e-01 6.20527923e-01 3.83312941e-01
    3.66581678e-01 8.88373613e-01 8.04659128e-01 6.21880591e-02
    3.13404202e-03 2.07803994e-01 7.08834946e-01 8.19919407e-01
    2.83326924e-01 9.31249142e-01 5.94614506e-01 1.18786782e-01
    6.48819089e-01 2.32938826e-02 9.10460114e-01 5.49873233e-01
    3.90452534e-01 8.58229399e-01 4.10407454e-01 6.00536942e-01
    9.53329682e-01 7.04176426e-02 2.34854490e-01 5.88154793e-01
    8.27306867e-01 9.96703863e-01 5.64926326e-01 8.32404971e-01
    6.05333745e-01 2.93372452e-01 4.68083233e-01 7.59831548e-01
    5.40933251e-01 4.67613935e-02 5.88853478e-01 4.61328119e-01
    1.16278023e-01 4.01248366e-01 7.31172264e-01 7.95330048e-01
    3.44900489e-01 1.93451196e-01 4.31956679e-01 1.57121062e-01
    7.99656332e-01 5.81032395e-01 3.48918736e-02 4.36051250e-01
    5.61628163e-01 2.85917789e-01 2.08719730e-01 1.83084041e-01
    2.43390501e-02 2.41525471e-01 8.88967931e-01 3.68139505e-01
    3.85764003e-01 6.18447423e-01 6.94761574e-02 9.58054423e-01
    6.41992033e-01 9.56349134e-01 5.87156832e-01 1.79832071e-01
    7.05643415e-01 1.77221984e-01 1.06221706e-01 5.65661073e-01
    1.92635655e-01 6.38332844e-01 8.61693025e-01 2.51917124e-01
    1.02888614e-01 3.25456142e-01 1.83293074e-01 6.37567163e-01
    8.49364161e-01 3.48729044e-01 2.57289559e-01 6.60780549e-01
    2.47663498e-01 5.27098358e-01 7.91990161e-02 8.09896827e-01
    6.52764022e-01 1.55615598e-01 3.98279130e-02 4.78670448e-01
    6.44233048e-01 1.85930282e-01 1.38905793e-01 2.91706502e-01
    8.23040605e-01 9.53142285e-01 3.02029967e-01 7.26851046e-01
    7.15151608e-01 8.08634698e-01 2.92861760e-01 5.52610219e-01
    8.08931708e-01 9.83743072e-01 6.59945488e-01 1.88906640e-01
    2.77844965e-01 5.07887959e-01 5.89657903e-01 4.06756222e-01
    8.60580564e-01 1.47774816e-03 8.39382768e-01 6.22571647e-01
    8.00858617e-01 5.97298503e-01 9.13177252e-01 1.18812919e-03
    1.70196742e-01 1.67612761e-01 8.56846571e-01 8.27012539e-01
    7.70307541e-01 4.41300541e-01 3.20654213e-01 1.27245188e-02
    5.89369595e-01 2.58695036e-01 5.09416521e-01 6.33274615e-02
    9.95934486e-01 4.03397113e-01 4.09441888e-01 4.77173030e-01
    6.23669326e-02 5.15643656e-02 9.84210253e-01 3.80692959e-01
    9.64407444e-01 3.52411538e-01 2.62262046e-01 7.36961067e-02
    6.75523520e-01 2.93396473e-01 1.99149847e-01 1.21733010e-01
    5.88783741e-01 8.36218953e-01 7.73394644e-01 1.38765335e-01
    2.59814709e-01 6.34575129e-01 1.60945415e-01 8.23974371e-01
    1.44862086e-01 5.30275166e-01 9.79075611e-01 5.16745746e-01
    8.12624693e-02 6.05230749e-01 9.47193146e-01 4.24492389e-01
    4.55797613e-02 3.77045155e-01 1.78033650e-01 1.55192584e-01
    2.35330760e-02 5.26088774e-01 9.88168955e-01 2.81745017e-01
    3.26158732e-01 6.95440412e-01 7.07374573e-01 2.68603146e-01
    6.35983348e-01 4.16841179e-01 5.32625914e-01 5.95644534e-01
    1.97975457e-01 9.51065421e-02 4.15661484e-01 4.70535845e-01
    9.93786514e-01 9.81910944e-01 5.58065593e-01 3.76239151e-01
    1.92579210e-01 7.91715264e-01 2.71682978e-01 7.76545644e-01
    8.01898718e-01 5.12499154e-01 6.80634737e-01 1.54266059e-01
    2.21173316e-01 9.82411504e-01 3.79723221e-01 9.18395281e-01
    4.86759990e-01 8.04928362e-01 2.88068771e-01 8.59253585e-01
    4.25404370e-01 2.26772845e-01 7.34811902e-01 1.61141068e-01
    8.05608392e-01 4.67799604e-02 9.42842007e-01 9.95639563e-01
    1.69473976e-01 6.74797535e-01 1.06922686e-02 1.73910022e-01
    1.70854539e-01 6.00014985e-01 7.49841630e-01 6.97119355e-01
    3.47411394e-01 3.98852170e-01 4.98862028e-01 2.49032378e-01
    7.63800144e-02 2.47076988e-01 2.85265744e-01 7.76260495e-01
    2.10343003e-01 1.12587392e-01 4.96655643e-01 4.70588058e-01
    9.74278331e-01 6.99951530e-01 2.17533439e-01 8.36070955e-01
    1.54010475e-01 1.57282919e-01 2.93085545e-01 6.43341362e-01
    6.56646132e-01 8.47342610e-01 7.16993392e-01 4.92969304e-01
    7.97745585e-01 7.35876858e-02 1.40051246e-02 8.19174051e-02
    5.58820367e-01 7.09867775e-01 9.00754213e-01 5.35811007e-01
    1.80734038e-01 3.26023400e-01 4.69642639e-01 8.16318750e-01
    9.70173001e-01 8.75767529e-01 2.36215323e-01 7.70541847e-01
    5.66909790e-01 8.58051538e-01 3.07014227e-01 1.29665583e-01
    8.74538958e-01 8.97583365e-02 9.14102912e-01 7.83191621e-01
    8.31097960e-02 7.63193011e-01 6.42379880e-01 8.46062183e-01
    4.07006681e-01 3.24839652e-02 7.04237044e-01 2.49401242e-01
    9.12647367e-01 6.39377236e-01 1.86969757e-01 2.83570588e-02
    3.94257098e-01 4.00787681e-01 1.83518827e-02 5.92780113e-02
    9.42716002e-02 7.50640035e-02 1.95336461e-01 3.65606248e-01
    3.17707598e-01 7.66845644e-01 2.26002455e-01 4.97177094e-01
    9.64594603e-01 3.10358971e-01 4.05965269e-01 7.50039577e-01
    5.91055572e-01 6.35571003e-01 1.65773392e-01 3.74293149e-01
    5.19371033e-01 7.40053892e-01 2.18380928e-01 4.16555345e-01
    4.65509295e-01 2.80149519e-01 5.66866755e-01 4.30695146e-01
    3.23513210e-01 9.86976504e-01 1.44905746e-02 8.00276160e-01
    2.56481498e-01 7.42086351e-01 6.81800127e-01 9.73158240e-01
    3.07923108e-01 4.81551737e-01 8.56396616e-01 7.80114233e-02
    2.09267199e-01 8.69694352e-01 5.39817810e-01 4.13394868e-01
    9.22900319e-01 8.41207981e-01 1.54546857e-01 5.72670043e-01
    6.00675046e-01 6.91589594e-01 4.18445528e-01 8.20993066e-01
    4.77387249e-01 5.66350996e-01 9.68555808e-02 1.30950838e-01
    3.51335108e-01 5.30666113e-01 1.59035712e-01 6.90911710e-02
    5.04623652e-01 7.48149633e-01 8.08152437e-01 5.00173032e-01
    9.60098863e-01 4.28132236e-01 6.36736989e-01 9.87906992e-01
    1.64735317e-02 1.85761899e-01 7.70778060e-02 6.23180628e-01
    1.43069953e-01 3.55449826e-01 4.87665862e-01 7.83933163e-01
    5.90657890e-02 8.57694745e-02 5.38572371e-02 2.67083168e-01
    2.83591688e-01 8.95024002e-01 3.49667668e-02 5.23731411e-01
    9.80582237e-01 2.54751831e-01 6.98034167e-01 9.57588792e-01
    6.32416070e-01 5.82183003e-02 4.28862780e-01 5.34439147e-01
    6.95817649e-01 1.49921209e-01 4.67567742e-01 7.25985527e-01
    4.03294951e-01 4.49259996e-01 3.02948773e-01 4.31506842e-01
    4.36541319e-01 4.81719196e-01 7.78018475e-01 5.36935747e-01
    6.70254529e-01 8.30999494e-01 9.68644023e-02 6.69058681e-01
    8.88851047e-01 7.79732168e-02 9.18964028e-01 1.09273106e-01
    1.72911018e-01 3.98166776e-02 9.42369342e-01 2.06956834e-01
    8.64485383e-01 6.92292631e-01 4.15769577e-01 5.65100431e-01
    2.82910258e-01 1.49460733e-02 2.53449023e-01 6.47247314e-01
    7.20072091e-01 8.33575904e-01 1.09426796e-01 6.31030142e-01
    5.31391442e-01 6.89179301e-01 3.68527591e-01 3.49295914e-01
    6.67659700e-01 3.54547203e-01 5.12363434e-01 6.34690344e-01
    4.22593504e-01 4.81627166e-01 5.22990823e-01 3.49310189e-01
    2.10350990e-01 7.57836342e-01 5.33066750e-01 4.87859547e-01
    4.28713381e-01 7.82796025e-01 7.78976977e-02 7.68185616e-01
    9.02613997e-03 2.34728217e-01 7.34571457e-01 1.46053910e-01</data></test_img>
<test_filter type_id="opencv-matrix">
  <rows>15</rows>
  <cols>15</cols>
  <dt>f</dt>
  <data>
    7.32844114e-01 1.19001567e-02 3.36510897e-01 7.32855201e-02
    6.36189818e-01 3.90625656e-01 6.84593678e-01 2.04872936e-01
    9.10254478e-01 7.63472915e-03 2.82832563e-01 3.57227236e-01
    5.18730879e-02 9.50707555e-01 2.94373691e-01 3.16153407e-01
    5.20076454e-01 8.84493291e-02 5.81262708e-01 1.54048353e-01
    5.97593367e-01 2.22011536e-01 2.38022625e-01 1.64445728e-01
    8.93661618e-01 5.92410564e-01 4.28461254e-01 5.45456886e-01
    8.21457088e-01 1.72259837e-01 6.77129030e-01 4.79996353e-01
    9.32547092e-01 4.79657471e-01 8.46822202e-01 3.41675639e-01
    7.63729155e-01 7.96290576e-01 2.59959579e-01 3.18989068e-01
    6.52356267e-01 5.89340031e-02 1.72489703e-01 9.87944305e-02
    9.35540199e-01 8.37641120e-01 4.80286121e-01 3.17210257e-02
    6.63334727e-02 8.38542521e-01 1.35018468e-01 4.39504504e-01
    1.72587454e-01 3.87235045e-01 9.26373661e-01 5.02037048e-01
    1.83252305e-01 9.32196379e-01 6.47672296e-01 1.33448869e-01
    2.82816410e-01 5.31035125e-01 2.60538936e-01 4.48926717e-01
    4.97647285e-01 8.34499359e-01 7.01696396e-01 6.21180773e-01
    6.82321668e-01 7.96383381e-01 4.01793033e-01 3.44779193e-02
    1.91507846e-01 7.63040185e-01 3.74222457e-01 1.05950356e-01
    1.72361672e-01 5.01567066e-01 4.17355120e-01 9.83092427e-01
    4.19073641e-01 4.54982370e-01 9.97087479e-01 3.39204192e-01
    9.26567018e-02 3.45887125e-01 6.02254272e-01 8.24482739e-01
    6.06207132e-01 9.60073829e-01 8.08746815e-01 9.76186097e-02
    5.65505326e-01 1.92516506e-01 1.91329747e-01 4.96613145e-01
    3.98281306e-01 2.66210139e-02 9.17490602e-01 4.22136843e-01
    5.50054133e-01 7.91665673e-01 9.46114898e-01 6.77045166e-01
    4.85500365e-01 2.09685653e-01 9.99467492e-01 4.17201757e-01
    3.77001405e-01 1.59750223e-01 7.22553909e-01 6.53233647e-01
    2.87563741e-01 1.49618477e-01 1.52943075e-01 3.81216228e-01
    6.11101806e-01 5.20141423e-02 3.66693854e-01 1.35026872e-01
    1.37842983e-01 1.07344568e-01 7.90699482e-01 2.91213095e-01
    8.20106566e-02 3.58352870e-01 2.10697174e-01 3.86132300e-02
    5.59527934e-01 5.93419850e-01 8.57900262e-01 1.62273645e-04
    4.96672660e-01 7.49289572e-01 7.62231112e-01 7.40266383e-01
    7.67459869e-02 7.12428093e-01 9.40538585e-01 6.83437884e-02
    5.13506889e-01 9.86197948e-01 7.41789341e-02 4.95241344e-01
    4.74017322e-01 9.77186680e-01 7.38346994e-01 3.34030807e-01
    6.38941824e-01 8.71597528e-01 6.77551031e-01 3.84348989e-01
    8.67440760e-01 8.90297294e-01 7.02336967e-01 6.57581091e-01
    9.22224522e-01 6.11761987e-01 6.85850859e-01 2.63981164e-01
    3.34550738e-02 5.48322797e-01 2.62917101e-01 2.92174429e-01
    6.74567103e-01 5.58438420e-01 2.98836529e-01 5.03676116e-01
    9.79826450e-01 4.79862630e-01 1.17344886e-01 9.98350859e-01
    2.14367837e-01 1.59459561e-01 2.63759494e-02 4.76385921e-01
    6.71643317e-01 5.13753057e-01 9.33468819e-01 4.13687438e-01
    4.30008858e-01 5.53552270e-01 2.77850240e-01 3.48568052e-01
    1.94614172e-01 6.40376031e-01 3.23933959e-02 9.96285498e-01
    7.04749227e-01 6.14567220e-01 5.13494372e-01 6.09685659e-01
    2.12040544e-03 4.82806921e-01 7.48366594e-01 2.51437843e-01
    1.83825672e-01 3.73076200e-01 4.58159775e-01 6.73753917e-02
    6.31141901e-01 7.78872132e-01 3.39075595e-01 9.47883666e-01
    7.01548636e-01 9.93660092e-03 4.87381279e-01 1.60419047e-02
    2.74019063e-01 4.94645566e-01 9.57599580e-02 9.20707345e-01
    9.90397930e-01 3.78283709e-01 4.11610574e-01 7.39875078e-01
    9.97492969e-01 2.20797032e-01 2.39467621e-03 4.90229517e-01
    7.25195050e-01 7.50110388e-01 1.50173366e-01 1.03874147e-01
    3.42622757e-01</data></test_filter>
<my_img type_id="opencv-matrix">
  <rows>114</rows>
  <cols>242</cols>
  <dt>f</dt>
  <data>
    5.15211067e+01 5.34144478e+01 5.30618095e+01 5.52777939e+01
    5.35515976e+01 5.21433258e+01 5.11214790e+01 5.58743935e+01
    5.25894051e+01 5.39888840e+01 5.27914047e+01 5.05819321e+01
    5.04685020e+01 5.21779213e+01 5.07919121e+01 5.10115738e+01
    5.35088959e+01 5.05679855e+01 5.08362541e+01 5.10596390e+01
    5.34579315e+01 5.39607162e+01 5.07269478e+01 5.08859596e+01
    5.48006821e+01 5.50775070e+01 5.39491310e+01 5.15651398e+01
    5.22096825e+01 5.39387817e+01 5.46730728e+01 5.30598030e+01
    5.35821609e+01 5.26023293e+01 5.43368187e+01 5.11320381e+01
    5.28356476e+01 4.99594650e+01 5.15860405e+01 5.28725700e+01
    5.06695023e+01 5.14492302e+01 5.33720779e+01 5.35295029e+01
    5.34181137e+01 5.33908043e+01 5.20848427e+01 5.48583908e+01
    5.27930489e+01 5.30599709e+01 5.33191376e+01 5.39817390e+01
    5.34834747e+01 5.44166374e+01 5.46299286e+01 5.23094521e+01
    5.48851089e+01 5.44708405e+01 5.34051094e+01 5.48040657e+01
    5.28337898e+01 5.31483345e+01 5.01421890e+01 5.11758423e+01
    5.24767075e+01 5.19094467e+01 5.29720001e+01 5.15470047e+01
    5.33351135e+01 5.57682343e+01 5.10456505e+01 5.10105934e+01
    5.10040932e+01 4.82703552e+01 4.95548172e+01 4.83420143e+01
    5.19192734e+01 4.62379570e+01 5.02651520e+01 5.18258247e+01
    5.09231033e+01 5.03486824e+01 5.23567505e+01 5.16777267e+01
    5.28233337e+01 5.13235931e+01 5.30271835e+01 5.36387711e+01
    5.42944946e+01 5.23180962e+01 5.57403030e+01 5.58049278e+01
    5.52034721e+01 5.39752884e+01 5.42572021e+01 5.60019531e+01
    5.61074638e+01 5.76972961e+01 5.40519447e+01 5.33551712e+01
    5.45809746e+01 5.21746140e+01 5.11192703e+01 5.54334984e+01
    5.54910278e+01 5.53137169e+01 5.33647461e+01 5.25675964e+01
    5.31202393e+01 5.31139984e+01 5.41365280e+01 5.44760742e+01
    5.45750427e+01 5.18401489e+01 5.19085236e+01 5.13482895e+01
    4.97985420e+01 5.20143433e+01 5.28173599e+01 5.09137001e+01
    5.16701431e+01 5.19076996e+01 5.36944656e+01 5.49629593e+01
    5.46373405e+01 5.39151039e+01 5.27346191e+01 5.64857063e+01
    5.46107407e+01 5.59361115e+01 5.70008430e+01 5.67318916e+01
    5.83228073e+01 5.63348961e+01 5.46771660e+01 5.65991669e+01
    5.40359154e+01 5.31389618e+01 5.47048035e+01 5.31852760e+01
    5.28253136e+01 5.09162674e+01 5.47698174e+01 5.55413094e+01
    5.17025719e+01 5.56889114e+01 5.51286392e+01 5.13828926e+01
    5.28384285e+01 5.27585678e+01 5.39483681e+01 5.44560051e+01
    5.28823051e+01 5.28872490e+01 5.34535065e+01 5.21688690e+01
    5.23427505e+01 5.42322617e+01 5.30160332e+01 5.28171539e+01
    5.27449989e+01 5.21544876e+01 5.30419884e+01 5.66402817e+01
    5.48296852e+01 5.34182053e+01 5.11585808e+01 5.31184883e+01
    5.45906868e+01 5.25302010e+01 5.36570168e+01 5.57616577e+01
    5.62961235e+01 5.44306450e+01 5.53830032e+01 5.43517189e+01
    5.44953117e+01 5.35143661e+01 5.48655930e+01 5.30084763e+01
    5.20252953e+01 5.00352402e+01 5.36694527e+01 5.09379692e+01
    5.15191803e+01 4.89525528e+01 4.86853752e+01 5.12624397e+01
    5.02399979e+01 4.97254028e+01 4.91282082e+01 5.05284691e+01
    5.17159004e+01 5.15976105e+01 5.12821083e+01 4.96534081e+01
    5.35655289e+01 5.15286140e+01 5.06958771e+01 5.08987541e+01
    5.32083397e+01 5.30862007e+01 5.04408913e+01 5.19473495e+01
    5.10485764e+01 5.10611038e+01 5.18066025e+01 5.01147728e+01
    5.27937660e+01 5.40104866e+01 5.08174438e+01 5.22914543e+01
    5.08308296e+01 5.17398453e+01 5.13760300e+01 5.17586594e+01
    5.21840172e+01 5.30811691e+01 5.10819397e+01 5.21582642e+01
    5.07506256e+01 5.08461113e+01 5.06608696e+01 5.36973572e+01
    5.25866089e+01 5.21112671e+01 5.52372093e+01 5.86381683e+01
    5.69452286e+01 5.34207191e+01 5.34854851e+01 5.50731468e+01
    5.37492905e+01 5.60671616e+01 5.40583382e+01 5.43466606e+01
    5.45747452e+01 5.28997040e+01 5.72031631e+01 5.67012367e+01
    5.27306862e+01 5.50274734e+01 5.23990631e+01 5.45958595e+01
    5.33282166e+01 5.36109390e+01 5.44488716e+01 5.34062462e+01
    5.41412735e+01 5.40405617e+01 5.46799736e+01 5.44295959e+01
    5.35839462e+01 5.13368874e+01 5.07576866e+01 5.18097153e+01
    5.27804413e+01 4.97367210e+01 5.14173012e+01 5.21725502e+01
    5.28933678e+01 5.25313721e+01 5.28187599e+01 5.36669388e+01
    5.18594284e+01 5.01004105e+01 5.48095512e+01 5.20626144e+01
    5.25787888e+01 5.24775047e+01 5.37082977e+01 5.23901329e+01
    5.24385452e+01 5.22984047e+01 5.38105202e+01 5.32999535e+01
    5.19964905e+01 5.15828819e+01 5.29609222e+01 5.21597443e+01
    5.07421074e+01 5.22498207e+01 5.18331604e+01 5.22699966e+01
    5.10318336e+01 5.22734337e+01 5.09723816e+01 5.21272545e+01
    5.19418106e+01 5.55947876e+01 5.34308052e+01 5.48470268e+01
    5.45183296e+01 5.56481209e+01 5.41568909e+01 5.24408875e+01
    5.12043419e+01 5.40354576e+01 5.19306831e+01 5.02391357e+01
    5.14925194e+01 5.20104752e+01 5.23982811e+01 5.43043251e+01
    5.10572166e+01 5.21526413e+01 5.10316277e+01 5.28370285e+01
    5.45539742e+01 5.18770523e+01 5.27372704e+01 5.26204185e+01
    5.23166199e+01 5.24362946e+01 5.10751762e+01 4.95410995e+01
    5.13579597e+01 4.71470871e+01 5.06192932e+01 4.96564598e+01
    4.99767838e+01 5.11920242e+01 5.16510353e+01 4.93192101e+01
    5.23946457e+01 5.42582283e+01 5.43194389e+01 5.28175888e+01
    5.19895973e+01 5.73623581e+01 5.39780617e+01 5.46743622e+01
    5.37287903e+01 5.37182159e+01 5.43554573e+01 5.34101639e+01
    5.24864349e+01 5.52769203e+01 5.40762711e+01 5.52321739e+01
    5.36572990e+01 5.38729019e+01 5.38955498e+01 5.25514374e+01
    5.29551773e+01 5.49513283e+01 5.51863136e+01 5.57901039e+01
    5.37309990e+01 5.33157272e+01 5.29276199e+01 5.47236519e+01
    5.09195938e+01 5.21306458e+01 5.48121071e+01 5.13805656e+01
    5.19787712e+01 5.30973053e+01 5.04770393e+01 5.14295921e+01
    5.18235435e+01 5.17095146e+01 5.37850838e+01 5.43465767e+01
    5.28173065e+01 5.55816612e+01 5.46292038e+01 5.57671051e+01
    5.38457947e+01 5.18614998e+01 5.61757240e+01 5.35285721e+01
    5.49176979e+01 5.60966492e+01 5.64196548e+01 5.48000374e+01
    5.33222923e+01 5.46218948e+01 5.56020164e+01 5.10802002e+01
    5.38556786e+01 5.32760811e+01 5.30422440e+01 5.30728836e+01
    5.21674843e+01 5.20264282e+01 5.17746696e+01 4.92253075e+01
    5.31201630e+01 5.20252838e+01 4.98706932e+01 5.14875565e+01
    5.10316391e+01 5.12007599e+01 5.38290901e+01 5.37328377e+01
    5.49602280e+01 5.08992729e+01 5.31035576e+01 5.57455482e+01
    5.54202652e+01 5.24362793e+01 5.13263474e+01 5.35897713e+01
    5.33918343e+01 5.43279495e+01 5.07417564e+01 5.36508141e+01
    5.22709694e+01 5.22258415e+01 5.35494385e+01 5.48726158e+01
    5.66237946e+01 5.57206116e+01 5.61927071e+01 5.45200233e+01
    5.48096199e+01 5.33467789e+01 5.27195969e+01 5.49002113e+01
    5.23441162e+01 5.33517380e+01 5.44932251e+01 5.53543167e+01
    5.54147491e+01 5.30731354e+01 5.18202744e+01 5.47358055e+01
    5.31816940e+01 5.01302567e+01 5.21527176e+01 5.16986275e+01
    5.16038094e+01 5.38744278e+01 5.07495079e+01 5.26336861e+01
    5.37988815e+01 5.11718559e+01 5.05445251e+01 5.03949585e+01
    5.01043701e+01 5.20895386e+01 5.12217674e+01 5.07148209e+01
    5.26230011e+01 5.36092529e+01 5.19135628e+01 5.27982368e+01
    5.19354744e+01 5.19818649e+01 5.08856773e+01 5.17994576e+01
    5.31554871e+01 5.18156929e+01 5.24117012e+01 4.93436127e+01
    5.22861137e+01 4.98336296e+01 5.16206856e+01 5.40730095e+01
    5.28123589e+01 5.01874275e+01 5.23544044e+01 5.16465569e+01
    5.18546333e+01 5.21641922e+01 5.34307594e+01 5.43093033e+01
    5.29813919e+01 5.33122826e+01 5.49228020e+01 5.41624565e+01
    5.19768524e+01 5.28846016e+01 5.43375092e+01 5.41726189e+01
    5.26025505e+01 5.56323853e+01 5.50161972e+01 5.54270515e+01
    5.57497368e+01 5.35134735e+01 5.23833618e+01 5.31778984e+01
    5.27720566e+01 5.36080132e+01 5.42611961e+01 5.55632477e+01
    5.41054688e+01 5.25473213e+01 5.26956253e+01 5.58542175e+01
    5.29174576e+01 5.22842560e+01 5.11635742e+01 4.98917503e+01
    5.06274834e+01 5.08197441e+01 4.88533974e+01 5.13848305e+01
    5.13781776e+01 5.34267387e+01 4.99866180e+01 5.15541534e+01
    5.16534500e+01 5.37865448e+01 5.20521660e+01 5.10018501e+01
    5.41483765e+01 5.56910934e+01 5.43145676e+01 5.13455276e+01
    5.37403526e+01 5.49165382e+01 5.38383217e+01 5.20735016e+01
    5.28316231e+01 5.47760124e+01 5.19672546e+01 4.96879654e+01
    4.94288101e+01 4.91244431e+01 5.05269318e+01 5.04511795e+01
    5.17965164e+01 5.13321304e+01 5.23223076e+01 5.26698341e+01
    5.23390312e+01 5.03493309e+01 5.42490845e+01 5.15451088e+01
    5.29031105e+01 5.21959801e+01 5.13523407e+01 5.16663971e+01
    5.01928520e+01 5.42776031e+01 5.05684700e+01 5.15996056e+01
    5.34975128e+01 5.33189430e+01 5.33442459e+01 5.45834389e+01
    5.39317856e+01 5.34814873e+01 5.28542557e+01 5.28304482e+01
    5.22053795e+01 5.27561913e+01 5.11475525e+01 5.20076294e+01
    5.37891884e+01 5.24014473e+01 5.27152748e+01 5.23967552e+01
    5.12696075e+01 5.15135612e+01 5.12738190e+01 4.71018677e+01
    4.95960121e+01 5.20958252e+01 4.93125076e+01 5.15484695e+01
    5.05092735e+01 5.13121071e+01 5.18854103e+01 5.23700066e+01
    5.38409576e+01 5.47996750e+01 5.25013199e+01 5.71741829e+01
    5.37244492e+01 5.21058388e+01 5.52588654e+01 5.55102577e+01
    5.78932533e+01 5.61713028e+01 5.46090240e+01 5.82308311e+01
    5.78524857e+01 5.52125397e+01 5.54455414e+01 5.36466484e+01
    5.25158997e+01 5.56501465e+01 5.46940880e+01 5.33284607e+01
    5.51234703e+01 5.57751732e+01 5.19086723e+01 5.33208771e+01
    5.32719345e+01 5.17221031e+01 5.41379585e+01 5.51449776e+01
    5.23397751e+01 5.30965614e+01 5.10770149e+01 5.13178177e+01
    5.07445107e+01 5.13268013e+01 5.25885353e+01 5.14555244e+01
    5.31555634e+01 5.26587372e+01 5.45135155e+01 5.27663155e+01
    5.35664444e+01 5.31039619e+01 5.13646507e+01 5.14305687e+01
    5.40743217e+01 5.40819283e+01 5.61762619e+01 5.45412788e+01
    5.71112862e+01 5.75467262e+01 5.42283287e+01 5.64807663e+01
    5.39074631e+01 5.30107460e+01 5.13595238e+01 5.20611115e+01
    5.09701080e+01 5.19593697e+01 5.13197632e+01 5.19786758e+01
    4.95197716e+01 5.09960861e+01 5.21026840e+01 5.15836143e+01
    4.87497330e+01 5.22506828e+01 4.90006332e+01 5.13930054e+01
    5.34316444e+01 5.35666237e+01 5.25684319e+01 5.51528168e+01
    5.27627792e+01 5.41309166e+01 5.69255066e+01 5.51145592e+01
    5.47361984e+01 5.51604843e+01 5.66557312e+01 5.78272476e+01
    5.28154945e+01 5.54348526e+01 5.45461807e+01 5.49994202e+01
    5.50111313e+01 5.52147522e+01 5.58890572e+01 5.53708725e+01
    5.41851273e+01 5.31298218e+01 5.27393875e+01 5.50055656e+01
    5.41767883e+01 5.34316254e+01 5.58115997e+01 5.39634361e+01
    5.29234772e+01 5.21748085e+01 5.57069016e+01 5.66230049e+01
    5.21187096e+01 5.25420265e+01 5.20887451e+01 5.28374901e+01
    5.19767151e+01 5.16057281e+01 5.18866615e+01 5.19307823e+01
    5.16253319e+01 5.44261475e+01 5.30391235e+01 5.21214905e+01
    5.18807602e+01 5.36262131e+01 5.11085281e+01 5.06285858e+01
    5.62413483e+01 5.29479485e+01 5.17926826e+01 5.41985283e+01
    5.38916092e+01 5.31987839e+01 5.36042709e+01 5.06928368e+01
    5.13767586e+01 5.17497787e+01 5.26698647e+01 5.33241196e+01
    5.05473976e+01 5.16719093e+01 5.15441666e+01 5.39244041e+01
    5.19385529e+01 5.41328659e+01 5.19116859e+01 5.28510170e+01
    5.04775620e+01 5.21091461e+01 5.23930855e+01 5.25933762e+01
    5.06380234e+01 5.39161491e+01 5.45720253e+01 5.50250816e+01
    5.36245575e+01 5.45651398e+01 5.55149879e+01 5.28689079e+01
    5.17468452e+01 5.36745262e+01 5.41217041e+01 5.43201408e+01
    5.32940063e+01 5.26789055e+01 5.20935364e+01 5.26905174e+01
    5.18177834e+01 5.27883568e+01 5.43903046e+01 5.41876450e+01
    5.48172569e+01 5.30196800e+01 5.38745842e+01 5.45117493e+01
    5.27502556e+01 5.42784233e+01 5.38143082e+01 4.83976021e+01
    5.29210930e+01 5.21770630e+01 5.13114281e+01 5.11818008e+01
    5.13431091e+01 5.02616501e+01 5.35570831e+01 5.07462349e+01
    5.21956749e+01 5.43639030e+01 5.51087914e+01 5.22966728e+01
    5.31531944e+01 5.41064568e+01 5.46986809e+01 5.36253738e+01
    5.40891838e+01 5.47193565e+01 5.22892151e+01 5.13756714e+01
    5.42401848e+01 5.16353416e+01 5.16293221e+01 5.15012932e+01
    5.11400795e+01 5.10267410e+01 5.04100113e+01 4.93521538e+01
    4.71647453e+01 5.10564957e+01 5.27758598e+01 5.18059540e+01
    5.02441444e+01 5.39039078e+01 5.37859497e+01 5.11484528e+01
    5.10794220e+01 5.42108421e+01 5.35450211e+01 5.45942535e+01
    5.21852684e+01 5.38975067e+01 5.58778114e+01 5.43287048e+01
    5.49010086e+01 5.49347076e+01 5.37544136e+01 5.19601517e+01
    5.18084373e+01 5.24516029e+01 5.27883568e+01 5.37049751e+01
    5.12663345e+01 5.22056961e+01 5.25951233e+01 5.13764076e+01
    5.28038292e+01 5.33808861e+01 5.62122498e+01 5.37656746e+01
    5.17094841e+01 5.37454300e+01 5.15733223e+01 4.90007935e+01
    5.40658607e+01 5.02935143e+01 5.05542259e+01 5.40324821e+01
    5.37209015e+01 5.25362206e+01 5.16418190e+01 5.24975700e+01
    5.28972359e+01 5.04576645e+01 5.60256615e+01 5.23506699e+01
    5.60809135e+01 5.73864937e+01 5.34332352e+01 5.21060677e+01
    5.62270088e+01 5.50067863e+01 5.65285759e+01 5.28208160e+01
    5.17495232e+01 5.35125008e+01 5.39688797e+01 5.24561157e+01
    5.24649239e+01 5.17839813e+01 5.41331482e+01 5.37779388e+01
    5.42522087e+01 5.34948120e+01 5.24076118e+01 5.14911232e+01
    5.27667122e+01 5.19826736e+01 5.31937904e+01 4.96088905e+01
    5.08941841e+01 5.31375351e+01 5.33566284e+01 5.00761299e+01
    5.33649178e+01 5.28088913e+01 5.06886559e+01 4.94094353e+01
    5.22642822e+01 5.16343880e+01 5.27323570e+01 5.11344147e+01
    5.32393112e+01 5.64941902e+01 5.64082527e+01 5.57259178e+01
    5.28851814e+01 5.31976051e+01 5.38164787e+01 5.46873512e+01
    5.57613449e+01 5.75165482e+01 5.31422043e+01 5.90361519e+01
    5.75052071e+01 5.50237885e+01 5.38836708e+01 5.09458160e+01
    5.12096710e+01 5.19057770e+01 5.13517685e+01 5.17810287e+01
    5.08509140e+01 5.21037979e+01 5.35650635e+01 4.82499847e+01
    5.33199539e+01 5.04875870e+01 5.20446663e+01 5.14351311e+01
    5.34601135e+01 5.39522438e+01 5.22180672e+01 5.61805496e+01
    5.56788177e+01 5.51418571e+01 5.60332489e+01 5.66789818e+01
    5.62181358e+01 5.57406502e+01 5.37010231e+01 5.80087166e+01
    5.73436165e+01 5.47151222e+01 5.38913498e+01 5.40346413e+01
    5.47798805e+01 5.45575333e+01 5.31366692e+01 5.52221451e+01
    5.80581818e+01 5.61184120e+01 5.42218056e+01 5.48354988e+01
    5.66984673e+01 5.55183029e+01 5.66478119e+01 5.29062195e+01
    5.27854691e+01 5.47045822e+01 5.68200417e+01 5.40844574e+01
    5.73735733e+01 5.49374123e+01 5.45284157e+01 5.42114868e+01
    5.20414886e+01 5.35672684e+01 5.48108253e+01 5.26976891e+01
    5.27305145e+01 5.21821251e+01 5.30203857e+01 5.44028435e+01
    5.35611572e+01 5.18815918e+01 5.12528915e+01 5.05707054e+01
    5.23090744e+01 5.27306862e+01 5.20514908e+01 5.59790421e+01
    5.29658890e+01 5.05277710e+01 5.38237000e+01 5.38863602e+01
    5.39142151e+01 5.40886192e+01 5.39634361e+01 5.23456841e+01
    5.26599312e+01 5.38561935e+01 5.28983116e+01 5.38265762e+01
    5.31617203e+01 5.30934296e+01 5.43463058e+01 5.58860474e+01
    5.16542397e+01 5.10442429e+01 5.17524223e+01 5.00416069e+01
    5.04964027e+01 5.24417381e+01 5.33181152e+01 5.42283363e+01
    5.79010010e+01 5.72645760e+01 5.38786659e+01 5.21249123e+01
    5.14516258e+01 5.30049973e+01 5.21183128e+01 5.33805046e+01
    5.31194801e+01 5.39704132e+01 5.39549408e+01 5.18420906e+01
    5.11733627e+01 5.31270828e+01 5.00684738e+01 5.31724358e+01
    5.25798988e+01 5.23766823e+01 5.22812576e+01 5.19085083e+01
    5.55741234e+01 5.44718971e+01 5.13245277e+01 5.17289314e+01
    5.33710632e+01 5.07066498e+01 5.20742226e+01 5.16457558e+01
    4.82234192e+01 5.00539818e+01 5.13189163e+01 5.24783630e+01
    5.08081970e+01 5.10490761e+01 5.15962296e+01 5.41641273e+01
    5.42698631e+01 5.48778305e+01 5.40602646e+01 5.40366898e+01
    5.43024940e+01 5.44209290e+01 5.29760170e+01 5.42591972e+01
    5.58806114e+01 5.32450676e+01 5.36785507e+01 5.28699913e+01
    5.14526939e+01 5.22383766e+01 4.95562134e+01 5.07761459e+01
    5.10556335e+01 4.90548134e+01 5.21363182e+01 4.88313751e+01
    5.22341232e+01 5.22167397e+01 5.27299576e+01 5.29100609e+01
    5.50334587e+01 5.30098228e+01 4.94072266e+01 5.28791237e+01
    5.62528992e+01 5.29054565e+01 5.40639381e+01 5.42497787e+01
    5.43713417e+01 5.55586815e+01 5.27094879e+01 5.05326080e+01
    5.24791336e+01 5.29233627e+01 5.26305618e+01 5.34179192e+01
    5.43990479e+01 5.52074394e+01 5.35549774e+01 5.20727539e+01
    5.41257973e+01 5.34629173e+01 5.35736389e+01 5.21091232e+01
    5.24632683e+01 5.16291389e+01 5.10031815e+01 5.22593575e+01
    5.31545715e+01 5.03162498e+01 5.32133179e+01 5.18405151e+01
    5.13311501e+01 5.13663673e+01 4.97915688e+01 5.25545578e+01
    4.96758575e+01 5.14454193e+01 5.07696915e+01 4.94493141e+01
    5.22048378e+01 5.58097878e+01 5.24179878e+01 5.50275345e+01
    5.40429382e+01 5.27196999e+01 5.34296837e+01 5.47142258e+01
    5.36368065e+01 5.54508934e+01 5.41357880e+01 5.51192055e+01
    5.38857193e+01 5.19502831e+01 5.28561821e+01 5.49832039e+01
    5.33128700e+01 5.30427208e+01 5.13404274e+01 5.15752792e+01
    5.26487656e+01 5.25845718e+01 5.20129890e+01 5.10808754e+01
    5.16649513e+01 5.19418259e+01 5.18896713e+01 5.31372490e+01
    5.41810875e+01 5.14558945e+01 5.23768501e+01 5.17078285e+01
    4.98628387e+01 4.99723129e+01 4.93706360e+01 5.33262177e+01
    5.23608932e+01 5.34093399e+01 5.52682114e+01 5.48377838e+01
    5.74179764e+01 5.49808044e+01 5.30021172e+01 5.31743431e+01
    5.29911728e+01 5.28802719e+01 5.65531464e+01 5.45437622e+01
    5.84554825e+01 5.54632530e+01 5.59614029e+01 5.60330162e+01
    5.39673233e+01 5.34759407e+01 5.26457329e+01 5.27443466e+01
    5.37491493e+01 5.46153450e+01 5.32496643e+01 5.30515976e+01
    5.41962242e+01 5.28445091e+01 5.24349556e+01 5.39387589e+01
    5.14684639e+01 5.17940063e+01 5.43603401e+01 5.18129997e+01
    5.54598083e+01 5.40753021e+01 5.55373459e+01 5.32059288e+01
    5.53702621e+01 5.47373543e+01 5.63850937e+01 5.82217560e+01
    5.57878075e+01 5.72695732e+01 5.79453926e+01 5.50287399e+01
    5.64061089e+01 5.46634140e+01 5.45900002e+01 5.37880058e+01
    5.38010788e+01 5.49716759e+01 5.66153450e+01 5.25346947e+01
    5.42981567e+01 5.44453163e+01 5.36200294e+01 5.45812569e+01
    5.31718102e+01 5.34441032e+01 5.59463120e+01 5.64587479e+01
    5.59147072e+01 5.64752960e+01 5.54642601e+01 5.87976532e+01
    5.54025574e+01 5.53487701e+01 5.54587555e+01 5.64652824e+01
    5.60143852e+01 5.71791954e+01 5.29433784e+01 5.49670029e+01
    5.43080330e+01 5.63487129e+01 5.22623749e+01 5.03182335e+01
    5.18019981e+01 5.25033226e+01 5.25120087e+01 5.37557182e+01
    5.14428177e+01 5.29532127e+01 5.42125130e+01 5.36167107e+01
    5.19232979e+01 5.22419891e+01 5.30155830e+01 5.54181671e+01
    5.30345688e+01 5.18300743e+01 5.36459274e+01 5.31307373e+01
    5.17433205e+01 5.15715065e+01 5.42698250e+01 5.44654579e+01
    5.31324120e+01 5.20370140e+01 5.36145935e+01 5.34935570e+01
    5.37148666e+01 5.20008545e+01 5.25376434e+01 5.27838364e+01
    5.66376572e+01 5.19580536e+01 5.37041283e+01 5.38840790e+01
    5.29373932e+01 5.16825409e+01 5.17500992e+01 5.16775742e+01
    5.56856613e+01 5.46537399e+01 5.35195007e+01 5.49932938e+01
    5.34380112e+01 5.23988724e+01 5.28022156e+01 5.37810135e+01
    5.20789871e+01 5.39759712e+01 5.49427452e+01 5.42577362e+01
    5.49426918e+01 5.53055649e+01 5.50459938e+01 5.42954712e+01
    5.21198044e+01 5.37127686e+01 5.27905617e+01 5.45734711e+01
    5.14519615e+01 4.97809486e+01 5.11787415e+01 5.21788750e+01
    4.95363007e+01 5.33905640e+01 4.97495117e+01 5.24474831e+01
    5.00928955e+01 5.30797501e+01 5.27656288e+01 5.19769287e+01
    5.15616341e+01 5.34961090e+01 5.39955597e+01 5.33832550e+01
    5.38225365e+01 5.41414146e+01 5.30553131e+01 5.38074989e+01
    5.52731857e+01 5.21325912e+01 5.05630379e+01 5.42273407e+01
    5.06953506e+01 4.86452980e+01 4.89651070e+01 5.02302856e+01
    4.91194458e+01 5.11078262e+01 5.14022675e+01 5.08301468e+01
    5.27100754e+01 5.21880951e+01 5.34915848e+01 5.43193855e+01
    5.23582611e+01 5.48428879e+01 5.37556419e+01 5.50628777e+01
    5.15201416e+01 5.56933556e+01 5.31865883e+01 5.48901672e+01
    5.31223373e+01 5.66943741e+01 5.56290359e+01 5.35512428e+01
    5.43989105e+01 5.65976944e+01 5.30358582e+01 5.31044846e+01
    5.38974953e+01 5.25987854e+01 5.10439529e+01 5.26237068e+01
    5.22968407e+01 5.28060074e+01 5.38260384e+01 5.25660629e+01
    5.19793663e+01 5.39205894e+01 5.27654762e+01 5.12128220e+01
    5.33407326e+01 5.12127380e+01 5.04247818e+01 5.05249634e+01
    5.08117409e+01 5.13120842e+01 4.92431107e+01 5.28311844e+01
    5.28708305e+01 5.20217552e+01 5.21929245e+01 5.18784370e+01
    5.15421829e+01 5.41387596e+01 5.12901497e+01 5.19845390e+01
    5.54401970e+01 5.34508095e+01 5.48583069e+01 5.32875595e+01
    5.52559853e+01 5.18873482e+01 5.49747009e+01 5.31441727e+01
    5.49322357e+01 5.17294121e+01 5.29389420e+01 5.30621376e+01
    5.20733643e+01 5.33763695e+01 5.33967476e+01 5.42522697e+01
    5.47220383e+01 5.25617218e+01 5.17424812e+01 5.23423195e+01
    5.18123436e+01 5.31657867e+01 5.42260323e+01 5.38801689e+01
    5.25066338e+01 4.98856544e+01 5.00827446e+01 5.00457916e+01
    5.19732170e+01 5.16236992e+01 5.18594856e+01 5.37308960e+01
    5.53479729e+01 5.30324135e+01 5.73846512e+01 5.57134438e+01
    5.28730545e+01 5.33100433e+01 5.51812248e+01 5.44328003e+01
    5.64932518e+01 5.72648277e+01 5.50623474e+01 5.83536720e+01
    5.51014252e+01 5.42349815e+01 5.56392860e+01 5.41823006e+01
    5.41061897e+01 5.03856201e+01 5.16479301e+01 5.35019875e+01
    5.38649025e+01 5.31717834e+01 5.36321793e+01 5.29125443e+01
    5.33073082e+01 5.28589401e+01 5.22974281e+01 5.30761147e+01
    5.33409843e+01 5.36005516e+01 5.49624863e+01 5.44065781e+01
    5.25734749e+01 5.41699753e+01 5.45987778e+01 5.47946663e+01
    5.48217926e+01 5.65574493e+01 5.24566803e+01 5.50358810e+01
    5.54654846e+01 5.42819786e+01 5.32393723e+01 5.46431122e+01
    5.23185043e+01 5.39353600e+01 5.41410332e+01 5.42724228e+01
    5.68632736e+01 5.48964005e+01 5.39884682e+01 5.76951637e+01
    5.33036842e+01 5.68473167e+01 5.55754509e+01 5.38609428e+01
    5.56557236e+01 5.45328560e+01 5.78461227e+01 5.83170662e+01
    5.91342583e+01 5.73023453e+01 5.51164169e+01 5.42490807e+01
    5.62029686e+01 5.32325859e+01 5.43168755e+01 5.34523506e+01
    5.53331947e+01 5.25696602e+01 5.20291824e+01 5.42271538e+01
    5.45692558e+01 5.19833794e+01 5.02033691e+01 5.27705193e+01
    5.31946945e+01 5.14591408e+01 5.21263962e+01 5.44748878e+01
    5.32666168e+01 5.15983734e+01 5.60934029e+01 5.29163017e+01
    5.31012840e+01 5.24066048e+01 5.20656052e+01 5.20816574e+01
    5.34060211e+01 5.27575417e+01 5.48626099e+01 5.20665894e+01
    5.34253273e+01 5.51196404e+01 5.47138062e+01 5.45680885e+01
    5.16309471e+01 5.13978844e+01 5.28701057e+01 5.02694283e+01
    5.01295013e+01 5.19024849e+01 5.21441650e+01 5.38347321e+01
    5.29513626e+01 5.59658279e+01 5.25490990e+01 5.41206665e+01
    5.54054031e+01 5.12135162e+01 5.34538651e+01 5.48191986e+01
    5.09536324e+01 5.26545181e+01 5.24280739e+01 5.22283669e+01
    5.26052818e+01 5.11585808e+01 5.21833305e+01 5.27103653e+01
    5.59426270e+01 5.30669632e+01 5.42768326e+01 5.22659798e+01
    5.17615891e+01 5.16450691e+01 5.25798645e+01 5.10094299e+01
    5.25702171e+01 5.10736580e+01 5.42663040e+01 4.95945244e+01
    5.10186920e+01 5.06342163e+01 5.14648132e+01 4.90164032e+01
    5.06176224e+01 4.93644981e+01 5.10722923e+01 4.84885063e+01
    5.07607269e+01 5.10582314e+01 5.53448296e+01 5.37384300e+01
    5.35698433e+01 5.21184654e+01 5.18703423e+01 5.15553856e+01
    4.98774490e+01 5.06995544e+01 5.38360443e+01 5.49438362e+01
    5.25514526e+01 5.22432289e+01 5.49566383e+01 5.31139793e+01
    4.86825523e+01 5.07315521e+01 5.16855812e+01 5.05674515e+01
    5.01222229e+01 5.25673943e+01 5.11882401e+01 5.29428596e+01
    5.19060783e+01 5.17408905e+01 5.31840172e+01 5.23896065e+01
    5.29700623e+01 5.42102356e+01 5.07058487e+01 5.29455566e+01
    5.46686592e+01 5.43004608e+01 5.39059334e+01 5.17533684e+01
    5.50716743e+01 5.32645760e+01 5.03691406e+01 5.31275711e+01
    5.37016716e+01 5.23684692e+01 5.41694717e+01 5.31109047e+01
    5.48290749e+01 5.45070801e+01 5.37134132e+01 5.43598061e+01
    5.38807640e+01 5.29656906e+01 4.97547760e+01 5.28152695e+01
    4.98185806e+01 5.04700012e+01 5.05731964e+01 5.01940384e+01
    4.89052277e+01 5.07175941e+01 5.06262550e+01 5.43573494e+01
    5.18549538e+01 5.17590752e+01 5.37374191e+01 5.25677338e+01
    5.04190826e+01 5.26804810e+01 5.36582603e+01 5.28843918e+01
    5.38652191e+01 5.34281731e+01 5.49467163e+01 5.59659500e+01
    5.42699623e+01 5.43654137e+01 5.51817207e+01 5.69614716e+01
    5.32692337e+01 5.31084557e+01 5.51980286e+01 5.48259468e+01
    5.10054283e+01 5.40065117e+01 5.42517662e+01 5.50289879e+01
    5.42027092e+01 5.36227722e+01 5.17515144e+01 5.00306969e+01
    4.91702499e+01 5.10764198e+01 4.88159714e+01 5.40835533e+01
    5.15072594e+01 5.15174446e+01 5.25369263e+01 4.99966850e+01
    4.86423454e+01 5.16020889e+01 5.23214951e+01 5.37572212e+01
    5.03722954e+01 5.40807991e+01 5.40061264e+01 5.50276260e+01
    5.41384544e+01 5.74605484e+01 5.12858734e+01 5.38048363e+01
    5.30060234e+01 5.35429649e+01 5.33029022e+01 5.44162254e+01
    5.39041328e+01 5.69740067e+01 5.55542412e+01 5.59462624e+01
    5.53965149e+01 5.46458473e+01 5.44070854e+01 5.07803574e+01
    5.05622177e+01 5.24594650e+01 5.37986908e+01 5.15426826e+01
    5.43905640e+01 5.18676071e+01 5.21071358e+01 5.28216515e+01
    5.21739311e+01 5.19779549e+01 5.40877151e+01 5.37342796e+01
    5.58906555e+01 5.49047050e+01 5.52688179e+01 5.50142860e+01
    5.72494392e+01 5.43896294e+01 5.49566078e+01 5.76618652e+01
    5.39789810e+01 5.52086601e+01 5.66205292e+01 5.60916901e+01
    5.54107323e+01 5.34836845e+01 5.12551842e+01 5.58809776e+01
    5.57941208e+01 5.38253098e+01 5.85475006e+01 5.67250938e+01
    5.57267990e+01 5.53418655e+01 5.42534103e+01 5.29152260e+01
    5.51565590e+01 5.41314468e+01 5.58517799e+01 5.47122993e+01
    5.76444817e+01 5.53755112e+01 5.49734650e+01 5.54835777e+01
    5.51148911e+01 5.49026833e+01 5.49561806e+01 5.35487404e+01
    5.50535851e+01 5.42036743e+01 5.41829300e+01 5.46123886e+01
    5.38925514e+01 5.59199028e+01 5.46528511e+01 5.51902809e+01
    5.07058678e+01 5.16628418e+01 5.19973946e+01 5.65310478e+01
    4.99394188e+01 5.39443016e+01 5.51292725e+01 5.45849838e+01
    5.07582054e+01 5.34976654e+01 5.24003448e+01 5.14419975e+01
    5.17807579e+01 5.28761253e+01 5.24679527e+01 5.48991394e+01
    5.37080269e+01 5.44434929e+01 5.23905754e+01 5.26148071e+01
    5.42990227e+01 5.55753593e+01 5.33107567e+01 5.33906059e+01
    5.05811234e+01 5.10349121e+01 5.31738663e+01 5.21354294e+01
    5.31043892e+01 5.60748100e+01 5.36744957e+01 5.44845657e+01
    5.30744476e+01 5.24505043e+01 5.40996780e+01 5.16127968e+01
    5.16402702e+01 5.16398048e+01 5.29326477e+01 5.45392914e+01
    5.28394051e+01 5.26593018e+01 5.40601540e+01 5.30341110e+01
    5.03556404e+01 5.37211723e+01 5.47193222e+01 5.47058182e+01
    5.34696617e+01 5.26034851e+01 5.55845222e+01 5.35602112e+01
    5.19117813e+01 5.48905678e+01 5.32586632e+01 5.16523933e+01
    5.20204659e+01 4.78283806e+01 4.93579369e+01 5.00231056e+01
    4.74267311e+01 4.90598412e+01 5.01841545e+01 5.02807617e+01
    5.07907677e+01 4.90433769e+01 4.92717400e+01 5.35775871e+01
    5.32036324e+01 5.10087585e+01 5.11582794e+01 5.30070457e+01
    5.33715591e+01 5.27675133e+01 5.27928123e+01 5.11965179e+01
    5.41100197e+01 5.34664459e+01 5.06307526e+01 5.19924889e+01
    5.47365189e+01 5.15256691e+01 5.03509140e+01 4.93333321e+01
    5.11855850e+01 5.29354515e+01 4.90141945e+01 5.17469749e+01
    5.40261688e+01 5.20121498e+01 5.25634155e+01 5.18390999e+01
    5.27498131e+01 5.29754753e+01 5.47694321e+01 5.31598511e+01
    5.10749130e+01 5.23881378e+01 5.08193550e+01 5.45057220e+01
    5.40836067e+01 5.17407074e+01 5.32689438e+01 5.49479179e+01
    5.39723549e+01 5.15703125e+01 5.54895859e+01 5.62507820e+01
    5.63032837e+01 5.58288803e+01 5.32267609e+01 5.57115555e+01
    5.38205528e+01 5.23567429e+01 5.58411026e+01 5.31418800e+01
    5.24749565e+01 5.08810997e+01 5.41823578e+01 5.03580132e+01
    5.13931274e+01 5.39857788e+01 5.32664261e+01 5.07626953e+01
    5.28609848e+01 5.15221405e+01 5.06768341e+01 4.94180336e+01
    5.00628166e+01 5.25765686e+01 5.29434128e+01 5.29797287e+01
    5.16284790e+01 5.36457405e+01 5.28324242e+01 5.09885063e+01
    5.40270462e+01 5.55143051e+01 5.47961731e+01 5.55716019e+01
    5.19676971e+01 5.41427002e+01 5.65815735e+01 5.31986275e+01
    5.26359901e+01 5.33289032e+01 5.37113190e+01 5.53317223e+01
    5.14387360e+01 5.20660820e+01 5.01156120e+01 5.37912331e+01
    5.44281921e+01 5.14005089e+01 5.12806358e+01 5.26770363e+01
    5.22012978e+01 5.43481140e+01 5.25466843e+01 5.15733604e+01
    5.28206215e+01 5.02867928e+01 4.89413528e+01 5.28318367e+01
    5.25422668e+01 5.35901642e+01 5.27465057e+01 4.98748627e+01
    5.30665932e+01 5.37042999e+01 5.42128296e+01 5.69258614e+01
    5.41220970e+01 5.20131454e+01 5.62220383e+01 5.36422768e+01
    5.42227364e+01 5.59952049e+01 5.72827797e+01 5.45110817e+01
    5.36209755e+01 5.51968803e+01 5.63608856e+01 5.14944267e+01
    5.24344597e+01 5.39620018e+01 5.17581711e+01 5.38726349e+01
    5.42041016e+01 5.37003136e+01 5.50655937e+01 5.58411179e+01
    5.53466415e+01 5.61092529e+01 5.31988297e+01 5.57442551e+01
    5.53738327e+01 5.46461182e+01 5.45485954e+01 5.49583206e+01
    5.56019211e+01 5.71993561e+01 5.67985725e+01 5.55195312e+01
    5.45842514e+01 5.71079445e+01 5.76770248e+01 5.51449356e+01
    5.82044487e+01 5.52233582e+01 5.56884804e+01 5.28317451e+01
    5.33138733e+01 5.56692810e+01 5.41472969e+01 5.74066429e+01
    5.52622261e+01 5.43115921e+01 5.45578270e+01 5.55319519e+01
    5.38971291e+01 5.56505737e+01 5.46472054e+01 5.70603752e+01
    5.56838875e+01 5.30616379e+01 5.47680550e+01 5.38002548e+01
    5.35133629e+01 5.65609703e+01 5.39799194e+01 5.59496498e+01
    5.27674026e+01 5.67158394e+01 5.53950081e+01 5.73288002e+01
    5.25384712e+01 5.83852577e+01 5.63315811e+01 5.76741257e+01
    5.28544693e+01 4.99300041e+01 5.48592606e+01 5.24104881e+01
    4.92513046e+01 5.32688293e+01 5.37515640e+01 5.41076241e+01
    5.23532829e+01 5.11315041e+01 5.57694511e+01 5.32299843e+01
    5.35289612e+01 5.23641129e+01 5.04647369e+01 5.33352356e+01
    5.60996628e+01 5.28361893e+01 5.48917847e+01 5.38403931e+01
    5.51958771e+01 5.29197617e+01 5.66753883e+01 5.56745720e+01
    5.36075134e+01 5.39541779e+01 5.23839493e+01 4.88335915e+01
    5.17280998e+01 5.02886391e+01 5.26181374e+01 5.40064621e+01
    5.19776840e+01 5.35040321e+01 5.06140671e+01 5.15307121e+01
    5.06670570e+01 4.98058891e+01 5.19631958e+01 5.31435966e+01
    5.37827988e+01 5.42611275e+01 5.21087723e+01 5.20173187e+01
    5.11946297e+01 5.34957237e+01 5.29931870e+01 5.37974434e+01
    5.48033333e+01 5.65168610e+01 5.55824089e+01 5.52437096e+01
    5.42202988e+01 5.40603867e+01 5.22263908e+01 5.30998459e+01
    5.11429176e+01 5.31885872e+01 4.95488853e+01 5.14806633e+01
    5.19896164e+01 5.01296806e+01 4.78083649e+01 5.01625633e+01
    5.04518929e+01 4.94686966e+01 4.83764496e+01 4.94932747e+01
    5.17187538e+01 5.24638557e+01 5.08947449e+01 5.36318245e+01
    5.51696434e+01 5.31687317e+01 5.29421043e+01 5.14793320e+01
    5.27308083e+01 5.29179192e+01 5.29133186e+01 5.40276222e+01
    5.37494965e+01 5.41539650e+01 5.60663033e+01 5.49759979e+01
    5.38223572e+01 5.17177086e+01 5.23412323e+01 5.16936188e+01
    5.23787689e+01 5.33714027e+01 5.44140739e+01 5.52724533e+01
    5.24987717e+01 5.39726257e+01 5.21133118e+01 5.22281609e+01
    5.20064850e+01 5.31993790e+01 5.13311310e+01 5.12293472e+01
    5.25798683e+01 5.49064407e+01 5.42210121e+01 5.41862297e+01
    5.36765862e+01 5.46922493e+01 5.48864441e+01 5.58451614e+01
    5.56554489e+01 5.56688499e+01 5.39302177e+01 5.22668114e+01
    5.31361618e+01 5.28629494e+01 5.18714027e+01 5.24791183e+01
    5.23206253e+01 5.31071091e+01 5.28849487e+01 5.36842270e+01
    4.88316345e+01 5.25410080e+01 5.24661102e+01 4.83790131e+01
    5.08919334e+01 5.10327377e+01 4.89085464e+01 5.17529411e+01
    5.05713654e+01 4.73047867e+01 5.23882294e+01 5.10146942e+01
    4.98960533e+01 5.06270294e+01 5.08121223e+01 5.02348595e+01
    5.30547943e+01 4.64688797e+01 5.24655190e+01 5.09244537e+01
    5.36173592e+01 5.36841240e+01 5.38683739e+01 5.32203903e+01
    5.43970261e+01 5.08056908e+01 5.54718819e+01 5.30320358e+01
    5.18802147e+01 5.33348579e+01 5.47409821e+01 5.27486305e+01
    5.27149620e+01 5.44308128e+01 5.15289879e+01 5.18572807e+01
    5.19940186e+01 5.06139336e+01 4.97317162e+01 5.18048668e+01
    5.32030067e+01 4.84942932e+01 5.23292274e+01 5.38755684e+01
    5.10122910e+01 5.11543808e+01 5.25982285e+01 5.36327934e+01
    5.14210434e+01 5.41252480e+01 5.58880157e+01 5.51720963e+01
    5.58447075e+01 5.62105103e+01 5.50901260e+01 5.25667038e+01
    5.23633423e+01 5.54701385e+01 5.43867493e+01 5.36553879e+01
    5.53257790e+01 5.39171333e+01 5.35646935e+01 5.29391747e+01
    5.52922249e+01 5.38603287e+01 5.16208649e+01 5.25542946e+01
    5.39166298e+01 5.49393120e+01 5.49999313e+01 5.30213432e+01
    5.65403290e+01 5.66797066e+01 5.44178734e+01 5.52947502e+01
    5.42751961e+01 5.40643044e+01 5.72208710e+01 5.32813187e+01
    5.69323654e+01 5.81433258e+01 5.50564041e+01 5.73979187e+01
    5.56124649e+01 5.68721695e+01 5.46665077e+01 5.66239395e+01
    5.43965874e+01 5.74715233e+01 5.57433395e+01 5.71171112e+01
    5.45395393e+01 5.56329918e+01 5.59590569e+01 5.49056931e+01
    5.39079704e+01 5.56562309e+01 5.64971237e+01 5.38409958e+01
    5.19814606e+01 5.45081902e+01 5.28179398e+01 5.43225021e+01
    5.17296066e+01 5.20337372e+01 5.14919472e+01 5.06132469e+01
    5.25219154e+01 5.58572502e+01 5.33820724e+01 5.33581963e+01
    5.38695793e+01 5.35261650e+01 5.41644783e+01 5.15653648e+01
    5.71775208e+01 5.55434799e+01 5.41781502e+01 5.46187057e+01
    5.47477684e+01 5.71222649e+01 5.56381912e+01 5.16030464e+01
    5.26092873e+01 5.39816628e+01 5.39837837e+01 5.34627151e+01
    5.28805733e+01 5.13843002e+01 5.46315918e+01 5.22259712e+01
    4.98807869e+01 5.35844574e+01 5.16873360e+01 5.18939285e+01
    5.28919830e+01 5.01197205e+01 5.19891357e+01 5.23027382e+01
    5.39232559e+01 5.44241943e+01 5.38879318e+01 5.39527626e+01
    5.20492744e+01 5.56706619e+01 5.28956490e+01 5.12881165e+01
    5.30287056e+01 5.21331520e+01 5.26081085e+01 5.33626709e+01
    5.62082024e+01 5.59671936e+01 5.55145035e+01 5.27087898e+01
    5.22561188e+01 5.27554398e+01 5.14028091e+01 5.15415726e+01
    5.62312508e+01 5.33051224e+01 5.08928528e+01 5.41847191e+01
    5.28953285e+01 5.24030685e+01 5.05191460e+01 5.05414009e+01
    5.36215096e+01 5.30465889e+01 5.64067001e+01 5.49899178e+01
    5.50251656e+01 5.33742905e+01 5.71686020e+01 5.04037437e+01
    5.37782516e+01 5.32678528e+01 5.22672844e+01 5.20161514e+01
    5.37369270e+01 5.27424316e+01 5.57901382e+01 5.16771469e+01
    5.12671547e+01 5.20043449e+01 5.25068512e+01 4.88283653e+01
    5.37522659e+01 5.11521339e+01 5.17966728e+01 5.29302292e+01
    5.10540504e+01 4.93487473e+01 5.26768188e+01 5.17863312e+01
    5.10223579e+01 4.98873863e+01 5.22519112e+01 5.51778870e+01
    5.35908127e+01 5.33246841e+01 5.26540070e+01 5.60301933e+01
    5.66034737e+01 5.56655540e+01 5.51270256e+01 5.42728157e+01
    5.30580750e+01 5.38455925e+01 5.25214005e+01 5.21560478e+01
    5.58293114e+01 5.61139793e+01 5.17366142e+01 5.23559494e+01
    5.20629883e+01 5.11661224e+01 5.23107452e+01 5.28099365e+01
    5.36942215e+01 5.46237907e+01 5.26832466e+01 5.35424767e+01
    5.53764305e+01 5.28860703e+01 5.17098236e+01 5.37181091e+01
    5.11099739e+01 5.17120285e+01 5.54004822e+01 5.46951981e+01
    5.50909882e+01 5.44877777e+01 5.44950294e+01 5.56042862e+01
    5.08237495e+01 5.31513290e+01 5.27904320e+01 4.91712646e+01
    5.23378906e+01 5.28277321e+01 4.81705780e+01 5.09682083e+01
    5.09360580e+01 4.76805649e+01 4.84949112e+01 4.84915466e+01
    4.83027611e+01 5.06425896e+01 4.94170074e+01 4.91941261e+01
    5.25012054e+01 4.99388657e+01 5.03498688e+01 5.33478470e+01
    5.13885231e+01 5.19797821e+01 5.01495590e+01 5.20581245e+01
    5.32959366e+01 5.38877563e+01 5.34051323e+01 5.26890717e+01
    5.25588417e+01 5.23530807e+01 5.26123352e+01 5.15581398e+01
    5.31983414e+01 5.42458534e+01 5.48130035e+01 5.40518265e+01
    5.34401855e+01 5.16542397e+01 5.14487305e+01 5.37851486e+01
    5.53533173e+01 5.07744102e+01 5.14707832e+01 5.16859131e+01
    5.17402534e+01 5.41340752e+01 5.45305519e+01 5.47173386e+01
    5.34003296e+01 5.27027016e+01 5.19802551e+01 5.28912277e+01
    5.16906204e+01 5.32146378e+01 5.35948639e+01 5.14742699e+01
    5.55193596e+01 5.62136955e+01 5.47422371e+01 5.69248886e+01
    5.31155167e+01 5.49024086e+01 5.20805702e+01 5.40065193e+01
    5.57320251e+01 5.64462509e+01 5.61400185e+01 5.80500603e+01
    5.39434319e+01 5.82373161e+01 5.54034958e+01 5.43183937e+01
    5.59796715e+01 5.36256294e+01 5.37445755e+01 5.36479607e+01
    5.44040222e+01 5.58191681e+01 5.50546875e+01 5.26164589e+01
    5.48561516e+01 5.31288109e+01 5.15963440e+01 5.40597420e+01
    5.43965149e+01 5.15335922e+01 5.34156609e+01 5.50705490e+01
    5.67093430e+01 5.57259102e+01 5.55084610e+01 5.47419853e+01
    5.62350311e+01 5.51187019e+01 5.68723984e+01 5.62841568e+01
    5.50036354e+01 5.67819443e+01 5.50907822e+01 5.35011826e+01
    5.37277985e+01 5.54920883e+01 5.46926613e+01 5.35643539e+01
    5.64576111e+01 5.80482979e+01 5.30831833e+01 5.23124352e+01
    5.61504936e+01 5.46045418e+01 5.53520508e+01 5.32657547e+01
    5.45106773e+01 5.27365875e+01 5.31000366e+01 5.43370895e+01
    5.56969795e+01 5.33141441e+01 5.34218864e+01 5.39176865e+01
    5.52762833e+01 5.38083687e+01 5.62549095e+01 5.51216240e+01
    5.65788422e+01 5.55656509e+01 5.57204247e+01 5.77908325e+01
    5.58489113e+01 5.23640480e+01 5.41625175e+01 5.30048256e+01
    4.98931427e+01 5.21291618e+01 5.28337021e+01 5.33980904e+01
    5.04023552e+01 5.31890984e+01 5.22000732e+01 5.13577576e+01
    5.40233421e+01 5.31838303e+01 5.17852173e+01 5.22175636e+01
    5.47208710e+01 5.35131340e+01 5.42820320e+01 5.45844536e+01
    5.43945999e+01 5.24924126e+01 5.42387772e+01 5.21448059e+01
    5.46946068e+01 5.30812492e+01 5.11005554e+01 5.21784363e+01
    5.24913139e+01 5.23051262e+01 5.25877190e+01 5.69394798e+01
    5.37167206e+01 5.15795364e+01 5.15652390e+01 5.20442085e+01
    5.21400604e+01 5.26395874e+01 5.29630890e+01 5.29022675e+01
    5.25221062e+01 5.15900764e+01 5.22307854e+01 5.36067162e+01
    5.32278633e+01 4.91986885e+01 5.25616226e+01 5.34161949e+01
    5.44878807e+01 5.78211823e+01 5.57176094e+01 5.47621918e+01
    5.54024887e+01 5.30859795e+01 5.30165024e+01 5.58788223e+01
    5.41455231e+01 5.21182632e+01 5.20481834e+01 5.22100487e+01
    5.28444557e+01 5.20423241e+01 4.93026543e+01 5.23826637e+01
    5.13977318e+01 5.07381248e+01 5.14612694e+01 4.90923462e+01
    4.79016762e+01 4.99363937e+01 5.10326729e+01 5.29650078e+01
    4.89383850e+01 5.08146210e+01 5.24782944e+01 5.21839333e+01
    5.14549484e+01 5.58452454e+01 5.38803253e+01 5.38923798e+01
    5.21708031e+01 5.48891258e+01 5.48950157e+01 5.61209335e+01
    5.42336540e+01 5.62779160e+01 5.38441658e+01 5.33005180e+01
    5.51811104e+01 5.31652145e+01 5.32697525e+01 5.51622047e+01
    5.38981400e+01 5.13311234e+01 5.23910370e+01 5.21512337e+01
    5.27282295e+01 5.33601875e+01 5.19765930e+01 5.35566597e+01
    5.26113319e+01 5.36497383e+01 5.19284248e+01 5.28264732e+01
    5.42182808e+01 5.25339317e+01 5.37531967e+01 5.56445580e+01
    5.54157066e+01 5.42210426e+01 5.45990791e+01 5.45782547e+01
    5.18236961e+01 5.29603043e+01 5.16495056e+01 5.29480019e+01
    5.45202904e+01 5.07201385e+01 4.91810341e+01 5.53838005e+01
    5.26893005e+01 5.08859787e+01 5.33253899e+01 5.08639526e+01
    4.89110947e+01 4.91862411e+01 4.80311356e+01 4.91035500e+01
    5.03216858e+01 5.10826759e+01 5.02483139e+01 5.28118172e+01
    5.30719490e+01 5.04364929e+01 5.23285255e+01 5.17058907e+01
    5.03740044e+01 5.26031647e+01 5.26476746e+01 5.11264648e+01
    5.38149834e+01 5.23048553e+01 5.42790489e+01 5.22038574e+01
    5.30594254e+01 5.33534126e+01 5.42318649e+01 4.93245621e+01
    5.14453812e+01 5.20381088e+01 5.30103226e+01 5.02784042e+01
    5.28870392e+01 5.31351089e+01 5.43438568e+01 5.18287468e+01
    5.02079849e+01 5.29636574e+01 5.42511406e+01 5.43271027e+01
    5.12111206e+01 5.06879997e+01 5.07515221e+01 5.05091248e+01
    5.03896484e+01 5.15539017e+01 5.13326378e+01 5.40484047e+01
    5.20460358e+01 5.22422218e+01 5.34405823e+01 5.42035065e+01
    5.66551743e+01 5.69348717e+01 5.48746300e+01 5.20227585e+01
    5.47363663e+01 5.65551338e+01 5.67921600e+01 5.34426918e+01
    5.70616379e+01 5.60372887e+01 5.55404129e+01 5.57110748e+01
    5.47623291e+01 5.35669594e+01 5.18573799e+01 5.31397057e+01
    5.36528168e+01 5.24920502e+01 5.26002541e+01 5.33594131e+01
    5.62223854e+01 5.37220802e+01 5.34808502e+01 5.46445923e+01
    5.16315346e+01 5.42577896e+01 5.52151947e+01 5.51948204e+01
    5.51726952e+01 5.87788582e+01 5.63471184e+01 5.62823906e+01
    5.49685059e+01 5.74447098e+01 5.66236458e+01 5.63605843e+01
    5.83356781e+01 5.62497139e+01 5.79451981e+01 5.42732925e+01
    5.61771545e+01 5.64093437e+01 5.42143707e+01 5.43156624e+01
    5.54477234e+01 5.54317284e+01 5.65639076e+01 5.41311035e+01
    5.41097527e+01 5.32588005e+01 5.49840546e+01 5.45006599e+01
    5.41204681e+01 5.34001846e+01 5.29765472e+01 5.38458672e+01
    5.42812386e+01 5.27067566e+01 5.25778389e+01 5.45524902e+01
    5.24542427e+01 5.44091797e+01 5.28186073e+01 5.28893127e+01
    5.28242111e+01 5.57114906e+01 5.28747406e+01 5.48743439e+01
    5.32342720e+01 5.60201340e+01 5.62070160e+01 5.36105309e+01
    5.14268112e+01 5.10078850e+01 5.31188354e+01 5.26997261e+01
    5.42928009e+01 5.40893517e+01 5.44569054e+01 5.27367821e+01
    5.54678307e+01 5.43997955e+01 5.03769035e+01 5.26083565e+01
    5.10067749e+01 4.93623810e+01 5.29969597e+01 5.24645195e+01
    5.40079079e+01 5.21469727e+01 5.30996819e+01 5.31621933e+01
    5.37761612e+01 5.48197556e+01 5.28781700e+01 5.11930504e+01
    5.27271271e+01 5.00354805e+01 5.00847893e+01 5.11857338e+01
    5.32766876e+01 5.55783424e+01 5.41123734e+01 5.06970711e+01
    5.16196861e+01 5.07101212e+01 4.99982185e+01 5.09024124e+01
    5.15639610e+01 5.21417465e+01 5.12267380e+01 5.13299370e+01
    5.17189903e+01 4.94140167e+01 5.16305504e+01 5.18842278e+01
    5.19091759e+01 5.16720924e+01 5.70551682e+01 5.73800087e+01
    5.42807007e+01 5.65412865e+01 5.42421761e+01 5.53538589e+01
    5.25350990e+01 5.66648178e+01 5.23459854e+01 5.35125809e+01
    5.35276794e+01 5.28833427e+01 5.17479210e+01 5.17985649e+01
    5.12375908e+01 5.29365883e+01 5.10299416e+01 5.12019920e+01
    4.94695206e+01 4.87615356e+01 5.13091888e+01 5.22856789e+01
    5.09919930e+01 5.35555611e+01 5.13208160e+01 5.15202332e+01
    5.33435287e+01 4.94269104e+01 5.08436279e+01 5.44432755e+01
    5.34299660e+01 5.08293610e+01 5.16166229e+01 5.37355614e+01
    5.36858292e+01 5.40908623e+01 5.36044388e+01 5.43071175e+01
    5.33526382e+01 5.39696274e+01 5.27425423e+01 5.19575691e+01
    5.28800545e+01 5.74324913e+01 5.22832527e+01 5.19790955e+01
    5.21902885e+01 5.36356850e+01 5.09332542e+01 5.08529701e+01
    4.98524857e+01 4.98469200e+01 4.95607262e+01 5.12069321e+01
    5.21831055e+01 5.21082535e+01 5.38612366e+01 5.61395836e+01
    5.36181030e+01 5.43434944e+01 5.40170670e+01 5.19477882e+01
    5.30235138e+01 5.25822830e+01 5.29791756e+01 5.22137871e+01
    5.35480690e+01 5.36548271e+01 5.23406448e+01 5.29662628e+01
    5.37283134e+01 5.34566803e+01 5.18560066e+01 5.30175667e+01
    5.34872971e+01 5.10677299e+01 5.08826675e+01 5.03452950e+01
    5.25635338e+01 5.31100464e+01 5.10909767e+01 4.98605270e+01
    5.37423935e+01 5.17006454e+01 5.28277855e+01 4.99654236e+01
    5.17581139e+01 5.13276634e+01 5.11685257e+01 5.06171722e+01
    5.35970573e+01 5.38584862e+01 5.46729927e+01 5.16186600e+01
    5.24074631e+01 5.54421692e+01 5.39510574e+01 4.90559578e+01
    5.17517662e+01 5.33980789e+01 5.26584549e+01 5.19637222e+01
    5.37794266e+01 5.37314682e+01 5.21960869e+01 5.38513603e+01
    5.05957222e+01 5.09431343e+01 5.10589600e+01 5.16903381e+01
    4.73465195e+01 4.91010399e+01 5.16504822e+01 5.02849731e+01
    5.03365364e+01 5.15421867e+01 5.06375732e+01 5.20685577e+01
    5.23877411e+01 5.46233292e+01 5.52124557e+01 5.77982140e+01
    5.66177483e+01 5.70549812e+01 5.71697388e+01 5.95092888e+01
    5.43994102e+01 5.58294029e+01 5.42816429e+01 5.61025162e+01
    5.53050919e+01 5.60593681e+01 5.25253067e+01 5.36059990e+01
    5.47667465e+01 5.35494690e+01 5.31672516e+01 5.21222229e+01
    5.32064590e+01 5.01587639e+01 5.09924774e+01 5.27440681e+01
    5.15376053e+01 5.34196472e+01 5.55352859e+01 5.36282921e+01
    5.31971130e+01 5.31316948e+01 5.61359482e+01 5.60016594e+01
    5.94779243e+01 5.61593895e+01 5.70088577e+01 5.73708305e+01
    5.63484802e+01 6.01638947e+01 5.80882187e+01 5.52711639e+01
    5.97580299e+01 5.87560425e+01 5.88618851e+01 5.67636948e+01
    5.71605949e+01 5.73596191e+01 5.53459663e+01 5.32728386e+01
    5.37756653e+01 5.54418182e+01 5.59746857e+01 5.53786316e+01
    5.42804260e+01 5.73637085e+01 5.39744720e+01 5.46689644e+01
    5.54024162e+01 5.33240662e+01 5.24805756e+01 5.12703171e+01
    5.15926437e+01 5.13486710e+01 5.18236046e+01 5.49457626e+01
    5.37212067e+01 5.28243027e+01 5.56910362e+01 5.23269463e+01
    5.54084129e+01 5.36730461e+01 5.50454750e+01 5.52133560e+01
    5.61306305e+01 5.51535339e+01 5.71120110e+01 5.71044197e+01
    5.98590355e+01 5.50631676e+01 5.29367790e+01 5.40049400e+01
    5.49834976e+01 5.34511986e+01 5.34246941e+01 5.25807457e+01
    5.48072510e+01 5.48626823e+01 5.23161430e+01 5.37955093e+01
    5.15041924e+01 5.47488098e+01 5.42662621e+01 5.06890602e+01
    5.56867065e+01 5.49171257e+01 5.50092354e+01 5.43007736e+01
    5.43460541e+01 5.51434364e+01 5.29975853e+01 5.42236328e+01
    5.38453560e+01 5.16033096e+01 5.22984810e+01 5.01817703e+01
    5.17036705e+01 5.18552589e+01 5.02105217e+01 5.30510139e+01
    5.14999352e+01 4.88989716e+01 5.15857506e+01 5.09482689e+01
    5.12358170e+01 5.05772552e+01 5.08572464e+01 5.23283730e+01
    5.25063400e+01 5.05769348e+01 5.15925751e+01 5.16341820e+01
    5.29340210e+01 5.18994141e+01 5.22370682e+01 5.00989418e+01
    5.82464600e+01 5.49365997e+01 5.42005768e+01 5.23857384e+01
    5.51303329e+01 5.37635307e+01 5.42700043e+01 5.36820412e+01
    5.45792618e+01 5.20281334e+01 5.25624161e+01 5.12690392e+01
    5.48278389e+01 5.08272095e+01 4.95906982e+01 5.04860649e+01
    5.34144707e+01 5.22753334e+01 5.41987762e+01 5.05358238e+01
    5.08774338e+01 5.19889565e+01 5.16906166e+01 5.04167671e+01
    5.17830696e+01 5.01553726e+01 5.36832657e+01 5.26835022e+01
    5.11560707e+01 5.45707664e+01 5.48899689e+01 5.27444916e+01
    5.36074715e+01 5.49157143e+01 5.42499313e+01 5.57203941e+01
    5.45265503e+01 5.63819427e+01 5.52549858e+01 5.22835999e+01
    5.44028397e+01 5.39769325e+01 5.33747139e+01 5.60086288e+01
    5.21697578e+01 5.09078255e+01 4.90037727e+01 5.24851532e+01
    5.15895500e+01 5.00862885e+01 5.06056290e+01 5.07311554e+01
    5.02851601e+01 5.25133247e+01 5.48712158e+01 5.46766701e+01
    5.37250061e+01 5.30904045e+01 5.18338661e+01 5.24793282e+01
    5.43168030e+01 5.57322617e+01 5.53942223e+01 5.63668556e+01
    5.17582283e+01 5.58403702e+01 5.57515411e+01 5.42576065e+01
    5.38148460e+01 5.39417915e+01 5.30674477e+01 5.52427788e+01
    5.22243881e+01 5.43635139e+01 5.48423347e+01 5.18366852e+01
    5.48284950e+01 5.13685684e+01 5.29056244e+01 5.34190826e+01
    4.94806404e+01 5.25584602e+01 5.21024551e+01 5.28985214e+01
    5.33566055e+01 5.13981895e+01 5.04580841e+01 5.23962822e+01
    5.35495529e+01 5.27846107e+01 5.29404869e+01 5.30478859e+01
    5.24100418e+01 5.22230377e+01 5.33665466e+01 5.16604385e+01
    5.40097275e+01 5.33910789e+01 5.09776611e+01 5.02262421e+01
    5.22229500e+01 5.27144699e+01 5.06509857e+01 4.95615082e+01
    5.40309258e+01 5.09865036e+01 5.19126358e+01 5.01888847e+01
    4.81859550e+01 4.98674126e+01 5.30943031e+01 5.20370941e+01
    5.29118500e+01 5.39420509e+01 5.44873581e+01 4.98280525e+01
    5.25909767e+01 5.41673851e+01 5.32263107e+01 5.25597839e+01
    5.38092384e+01 5.53470192e+01 5.24440727e+01 5.53960495e+01
    5.75731316e+01 5.51090698e+01 5.51058769e+01 5.65486565e+01
    5.64307976e+01 5.51981888e+01 5.38713379e+01 5.81930389e+01
    5.69161415e+01 5.43560448e+01 5.54375687e+01 5.67458534e+01
    5.54932671e+01 5.34933128e+01 5.28074608e+01 5.18071175e+01
    5.10841446e+01 5.34014854e+01 5.39044304e+01 5.48004189e+01
    5.47152939e+01 5.47852631e+01 5.61579323e+01 5.58074493e+01
    5.67026443e+01 5.50040817e+01 5.73663292e+01 5.68667908e+01
    5.81201248e+01 5.71242485e+01 5.87274361e+01 5.77573128e+01
    6.05924683e+01 5.84923019e+01 5.65577431e+01 6.10943222e+01
    6.04288864e+01 5.85193329e+01 5.70768433e+01 5.95688438e+01
    5.71176338e+01 5.52647476e+01 5.54487381e+01 5.49452858e+01
    5.67423630e+01 5.63591957e+01 5.36012764e+01 5.50204544e+01
    5.34894905e+01 5.17836151e+01 5.19000435e+01 5.02601051e+01
    5.19442863e+01 5.08067665e+01 5.07918282e+01 5.08557129e+01
    5.02847748e+01 5.33254280e+01 5.42053261e+01 5.09759598e+01
    5.19253654e+01 5.38379326e+01 5.29387398e+01 5.54707794e+01
    5.59227028e+01 5.48787842e+01 5.64081650e+01 5.69669037e+01
    5.48324509e+01 5.75408020e+01 5.40426712e+01 5.41682167e+01
    5.36812363e+01 5.25936813e+01 5.26396141e+01 5.39568291e+01
    5.31754303e+01 5.50604744e+01 5.21320152e+01 5.39409637e+01
    5.56265221e+01 5.37287674e+01 5.34526253e+01 5.37375298e+01
    5.49638748e+01 5.30471611e+01 5.31610641e+01 5.55871506e+01
    5.62801819e+01 5.50920486e+01 5.34579353e+01 5.32512474e+01
    5.50128746e+01 5.29560394e+01 5.52906647e+01 5.22530327e+01
    5.31899261e+01 5.20507393e+01 5.09878654e+01 5.41389008e+01
    5.45989456e+01 5.49663429e+01 5.57521935e+01 5.04902077e+01
    5.21337395e+01 4.87559357e+01 5.34481049e+01 5.09487877e+01
    4.93465157e+01 5.07303696e+01 5.37836533e+01 5.16250191e+01
    5.10743523e+01 4.88344002e+01 5.31935654e+01 5.16277657e+01
    5.27067528e+01 5.37071419e+01 5.47916565e+01 5.76228218e+01
    5.55601082e+01 5.43060684e+01 5.33539963e+01 5.60788918e+01
    5.45962715e+01 5.29366379e+01 5.17445793e+01 5.39493256e+01
    5.42898521e+01 5.24303589e+01 5.04274178e+01 5.15943718e+01
    5.10792732e+01 5.36026039e+01 5.34721107e+01 5.38074455e+01
    5.38203545e+01 5.27943230e+01 5.29707794e+01 5.21056137e+01
    5.17305756e+01 5.27558365e+01 5.33958931e+01 5.17511292e+01
    5.38650131e+01 5.38029175e+01 5.07943878e+01 5.20416527e+01
    5.13037109e+01 5.30639114e+01 5.17140732e+01 5.29703560e+01
    5.40727921e+01 5.66729813e+01 5.34415169e+01 5.50897255e+01
    5.23495407e+01 5.24324150e+01 5.56000595e+01 5.74453087e+01
    5.36059494e+01 5.28792572e+01 5.36894569e+01 5.21825638e+01
    5.37442513e+01 5.36653366e+01 5.46533775e+01 5.60057068e+01
    5.16448555e+01 5.38026123e+01 5.35445328e+01 5.41128159e+01
    5.51150665e+01 5.41346893e+01 5.46582603e+01 5.49064636e+01
    5.37957382e+01 5.67082100e+01 5.80754280e+01 5.44538727e+01
    5.60321312e+01 5.69434547e+01 5.12248993e+01 5.17885666e+01
    5.33211060e+01 5.27417564e+01 5.34374962e+01 5.05373955e+01
    5.28447495e+01 5.48930206e+01 5.25662079e+01 5.34859085e+01
    5.37748146e+01 5.13438530e+01 5.31161957e+01 5.33427086e+01
    5.14343681e+01 5.17622719e+01 4.99751930e+01 5.31953239e+01
    5.20486374e+01 5.29245224e+01 5.08626938e+01 5.26129112e+01
    5.00951271e+01 5.23346291e+01 5.29522591e+01 5.17001839e+01
    4.97621422e+01 5.20904579e+01 5.34347229e+01 5.29519463e+01
    5.44524078e+01 5.18106461e+01 4.99325867e+01 5.10588951e+01
    5.32687149e+01 4.96138115e+01 4.99008713e+01 4.91812134e+01
    5.32043266e+01 4.83882141e+01 4.72045174e+01 4.98654900e+01
    5.31064606e+01 4.99294930e+01 5.03068085e+01 5.15216789e+01
    4.97932968e+01 5.06512756e+01 5.13791199e+01 5.04534721e+01
    5.17942924e+01 5.16420670e+01 4.90587120e+01 5.23080215e+01
    5.46066284e+01 5.28113327e+01 5.09703827e+01 5.49299011e+01
    5.54861069e+01 5.47754974e+01 5.77321548e+01 5.70833092e+01
    5.41093445e+01 5.61293907e+01 5.75166931e+01 5.62304726e+01
    5.60973625e+01 5.64817543e+01 5.73940620e+01 5.47215424e+01
    5.42969589e+01 5.29985466e+01 5.29232140e+01 5.17421875e+01
    5.55772858e+01 5.35781746e+01 5.28072777e+01 5.37773628e+01
    5.47440071e+01 5.51569023e+01 5.64535713e+01 5.24275436e+01
    5.30541153e+01 5.41053200e+01 5.55081673e+01 5.64968719e+01
    5.57521706e+01 5.65002975e+01 5.94314651e+01 5.97058258e+01
    5.59563866e+01 5.85435333e+01 5.67837715e+01 5.96489830e+01
    5.75560188e+01 5.69555168e+01 5.74366837e+01 5.87864342e+01
    5.45604897e+01 5.96886330e+01 5.71135979e+01 5.60137901e+01
    5.61371155e+01 5.43009186e+01 5.57886810e+01 5.27669411e+01
    5.31685600e+01 5.23213997e+01 5.13192024e+01 5.36685791e+01
    5.41236610e+01 5.34128342e+01 5.48764877e+01 5.14320755e+01
    4.91830330e+01 5.01216660e+01 5.19782906e+01 5.28750916e+01
    5.44858398e+01 5.35125046e+01 5.28561287e+01 5.58809662e+01
    5.42752800e+01 5.33536949e+01 5.48941841e+01 5.42200813e+01
    5.18387756e+01 5.38639565e+01 5.29114914e+01 5.60193062e+01
    5.49831276e+01 5.29360580e+01 5.33453636e+01 5.19833488e+01
    5.26262856e+01 5.54747581e+01 5.08041534e+01 5.38156395e+01
    5.25937157e+01 5.13144493e+01 5.38706779e+01 5.48030167e+01
    5.62477379e+01 5.47845573e+01 5.62602844e+01 5.27732887e+01
    5.48401222e+01 5.48894348e+01 5.46848450e+01 5.51681404e+01
    5.50176849e+01 5.44322929e+01 5.87683029e+01 5.51684341e+01
    5.33679733e+01 5.49059410e+01 5.20603256e+01 5.07150955e+01
    5.26003799e+01 5.15089226e+01 5.48429604e+01 5.23870659e+01
    5.19169655e+01 5.19410667e+01 4.88767090e+01 4.85411644e+01
    5.10350227e+01 5.23062744e+01 5.01923676e+01 5.25634117e+01
    5.29204292e+01 5.12539787e+01 5.47894592e+01 5.09768867e+01
    5.22279396e+01 5.43373718e+01 5.26749649e+01 5.31808739e+01
    5.52134628e+01 5.49562645e+01 5.42131348e+01 5.36272354e+01
    5.39895401e+01 5.39506493e+01 5.15502052e+01 5.36050682e+01
    5.20135803e+01 5.05449791e+01 5.27213249e+01 4.98139610e+01
    5.32721901e+01 5.34867935e+01 5.01946754e+01 5.29642181e+01
    5.16608925e+01 4.96302452e+01 5.30456734e+01 5.24459610e+01
    5.15202942e+01 5.31008415e+01 5.05668411e+01 5.19207344e+01
    5.38064919e+01 5.50080338e+01 5.13381958e+01 5.17994385e+01
    5.08892860e+01 5.38410301e+01 5.27217789e+01 5.29847412e+01
    5.50358658e+01 5.58269730e+01 5.52991028e+01 5.70453262e+01
    5.45553474e+01 5.51313705e+01 5.35277672e+01 5.56411667e+01
    5.57917290e+01 5.79541702e+01 5.54314384e+01 5.57253799e+01
    5.56922264e+01 5.60457916e+01 5.40281906e+01 5.42326965e+01
    5.37603874e+01 5.33181152e+01 5.40132751e+01 5.34495316e+01
    5.17685699e+01 5.44088821e+01 5.39103432e+01 5.36455421e+01
    5.44246559e+01 5.46546516e+01 5.35989647e+01 5.28943977e+01
    5.77642784e+01 5.71725349e+01 5.19053116e+01 5.47073135e+01
    5.40926208e+01 5.19976234e+01 5.41653862e+01 5.36656799e+01
    5.56514664e+01 5.42940292e+01 5.13873520e+01 5.59077187e+01
    5.40502930e+01 5.49288712e+01 5.15845604e+01 5.42333870e+01
    5.45075035e+01 5.24439735e+01 5.09898376e+01 5.46075516e+01
    5.12048874e+01 5.38217125e+01 5.55369377e+01 5.23418007e+01
    5.34308624e+01 5.07357864e+01 5.10531387e+01 5.18142738e+01
    5.29654617e+01 4.95929794e+01 5.26191177e+01 5.26759949e+01
    5.46294098e+01 5.15512123e+01 5.25581627e+01 5.50482330e+01
    5.64667969e+01 5.00254555e+01 5.22057915e+01 5.51431427e+01
    5.39462357e+01 5.19220085e+01 5.07843132e+01 5.14378395e+01
    5.31626816e+01 5.28387108e+01 5.26802406e+01 5.23169365e+01
    5.04139709e+01 5.19222527e+01 5.10416641e+01 5.02831345e+01
    5.14314499e+01 5.35880470e+01 5.06631737e+01 5.22893066e+01
    5.21228027e+01 5.09362564e+01 5.38356133e+01 5.27517433e+01
    5.51445427e+01 5.36775589e+01 5.33761864e+01 5.74918022e+01
    5.73262978e+01 5.91211357e+01 5.37286186e+01 5.46950722e+01
    5.93567467e+01 5.44867668e+01 5.25664902e+01 5.69549980e+01
    5.50728951e+01 5.34435349e+01 5.32094040e+01 5.51461678e+01
    5.65415001e+01 5.36128006e+01 5.46551666e+01 5.39070511e+01
    5.26435966e+01 5.18845596e+01 5.30516701e+01 5.28590660e+01
    5.59986916e+01 5.22500458e+01 5.30262032e+01 5.39127541e+01
    5.53396835e+01 5.32730942e+01 5.77413788e+01 5.81535301e+01
    5.74400711e+01 5.57849121e+01 5.98363991e+01 5.85074425e+01
    5.84024277e+01 5.86905937e+01 5.99448814e+01 5.81870499e+01
    6.05957146e+01 5.60460548e+01 5.82827301e+01 5.96228294e+01
    5.62019539e+01 5.31502571e+01 5.48238335e+01 5.37967682e+01
    5.32691040e+01 5.34374580e+01 5.21369553e+01 5.30759087e+01
    5.32556801e+01 5.19546585e+01 5.45372238e+01 5.37089424e+01
    5.01195030e+01 5.13779716e+01 4.87541084e+01 4.90538216e+01
    5.04978104e+01 5.21891479e+01 5.45557365e+01 5.20445824e+01
    5.25666924e+01 5.40754662e+01 5.52866516e+01 5.40469971e+01
    5.34287949e+01 5.38123055e+01 5.38371735e+01 5.51087036e+01
    5.39874115e+01 5.71909142e+01 5.92809525e+01 5.29490089e+01
    5.50787010e+01 5.45388069e+01 5.32465096e+01 5.32809486e+01
    5.12653046e+01 5.37061882e+01 5.09772263e+01 5.26472702e+01
    5.49558983e+01 5.62023849e+01 5.34665909e+01 5.32203484e+01
    5.27588043e+01 5.30908051e+01 5.54976654e+01 5.31207047e+01
    5.59895668e+01 5.84455872e+01 5.64757767e+01 5.56108170e+01
    5.54665489e+01 5.34630508e+01 5.37335205e+01 5.46858788e+01
    5.44341393e+01 5.37547989e+01 5.45310936e+01 5.19493484e+01
    5.33266373e+01 5.22848587e+01 5.03836784e+01 5.20250206e+01
    5.39078064e+01 4.93432655e+01 5.04601479e+01 5.27151680e+01
    5.24269753e+01 5.29527550e+01 5.35893860e+01 5.24428940e+01
    5.13521919e+01 5.27775383e+01 5.42989082e+01 5.04775467e+01
    5.15795212e+01 5.29862747e+01 5.73851929e+01 5.43347740e+01
    5.69147339e+01 5.25323105e+01 5.58030434e+01 5.41047821e+01
    5.43370552e+01 5.05941162e+01 5.53159714e+01 5.13093987e+01
    5.38280754e+01 5.13581505e+01 5.42009544e+01 5.07067909e+01
    4.95058594e+01 5.05872803e+01 5.42325287e+01 5.47226257e+01
    5.35249367e+01 5.20552711e+01 5.23555527e+01 5.40711060e+01
    5.03590813e+01 5.01166992e+01 5.18866043e+01 5.07570992e+01
    5.36275940e+01 5.36457176e+01 5.42966232e+01 5.42905045e+01
    5.51626511e+01 5.32746315e+01 5.26270599e+01 5.36931267e+01
    5.50333595e+01 5.86542625e+01 5.62189484e+01 5.37843933e+01
    5.82739830e+01 5.69268379e+01 5.58285446e+01 5.71288910e+01
    5.64940758e+01 5.39579086e+01 5.49449272e+01 5.43191643e+01
    5.18955498e+01 5.20149269e+01 5.60997467e+01 5.22179642e+01
    5.29956360e+01 5.37237015e+01 5.34685173e+01 5.32175636e+01
    5.35100670e+01 5.17232246e+01 5.37638016e+01 5.30095634e+01
    5.26555405e+01 5.51128349e+01 5.35493240e+01 5.39123421e+01
    5.51509933e+01 5.47439346e+01 5.53182259e+01 5.39139977e+01
    5.42910461e+01 5.25405273e+01 5.54600754e+01 5.52658539e+01
    5.35791588e+01 5.50487442e+01 5.52022820e+01 5.37747421e+01
    5.31881828e+01 5.20232468e+01 5.42638435e+01 5.21421127e+01
    5.30910187e+01 5.30259247e+01 5.34263229e+01 5.27088318e+01
    5.32120857e+01 5.27269478e+01 5.30732613e+01 5.34991760e+01
    4.98517609e+01 5.27602539e+01 5.24413033e+01 5.05912056e+01
    5.10439415e+01 5.19137306e+01 5.20495224e+01 5.22692490e+01
    5.24407425e+01 5.28558731e+01 5.22519073e+01 5.20878220e+01
    5.11251678e+01 5.21263275e+01 5.32851868e+01 5.20160980e+01
    5.06813698e+01 4.99179802e+01 5.19991531e+01 5.36382561e+01
    4.94605446e+01 4.87237358e+01 4.97946358e+01 4.94549599e+01
    5.16851997e+01 5.00097961e+01 5.04583931e+01 5.16995392e+01
    5.09155159e+01 4.98482361e+01 4.88806190e+01 5.14390907e+01
    5.15992012e+01 5.30548286e+01 5.11477203e+01 5.51556091e+01
    5.30305176e+01 5.44582672e+01 5.29550858e+01 5.82237511e+01
    5.44692802e+01 5.31461296e+01 5.07769623e+01 5.81709023e+01
    5.27751503e+01 5.32720222e+01 5.64655685e+01 5.74086075e+01
    5.39045982e+01 5.24873924e+01 5.36755638e+01 5.39854279e+01
    5.33357658e+01 5.23863640e+01 5.14889603e+01 5.51893845e+01
    5.21747589e+01 5.30844498e+01 5.49028473e+01 5.56164856e+01
    5.46904221e+01 5.53232231e+01 5.86734390e+01 5.59959869e+01
    5.89567947e+01 6.01753235e+01 6.06707191e+01 5.81299210e+01
    5.85001450e+01 5.91210938e+01 5.84226303e+01 5.86237068e+01
    5.85484467e+01 5.72356796e+01 5.56448936e+01 5.78106995e+01
    5.36169510e+01 5.88861046e+01 5.62841339e+01 5.19192924e+01
    5.37167473e+01 5.39755745e+01 5.29728088e+01 5.31838036e+01
    5.15167313e+01 5.37330971e+01 4.84512901e+01 4.96779327e+01
    5.24296455e+01 5.11022644e+01 5.09026604e+01 5.12829857e+01
    4.93369713e+01 5.11017456e+01 5.18914757e+01 4.94979095e+01
    5.08406029e+01 5.33306694e+01 5.34071465e+01 5.43875008e+01
    5.45196800e+01 5.38258858e+01 5.41600456e+01 5.35707779e+01
    5.38247337e+01 5.66356506e+01 5.53496857e+01 5.60402985e+01
    5.63216171e+01 5.39218063e+01 5.04629478e+01 5.13046608e+01
    5.21802101e+01 5.20101967e+01 5.28083382e+01 5.51877251e+01
    5.54694023e+01 5.45324707e+01 5.63772430e+01 5.21191978e+01
    5.51540565e+01 5.34541359e+01 5.39791489e+01 5.59590340e+01
    5.19784508e+01 5.58689880e+01 5.45479889e+01 5.36182709e+01
    5.35181274e+01 5.38404961e+01 5.42543297e+01 5.53360062e+01
    5.34400940e+01 5.21885338e+01 5.57662392e+01 5.46045570e+01
    5.27823563e+01 5.20540009e+01 5.43529396e+01 5.47815361e+01
    5.61175690e+01 5.17503242e+01 5.33169327e+01 5.14519539e+01
    5.29906807e+01 5.22352982e+01 5.09506721e+01 5.13614960e+01
    5.07923851e+01 4.90899734e+01 5.11154556e+01 4.70606461e+01
    5.00414925e+01 5.08341026e+01 5.07857857e+01 5.18398323e+01
    5.62140121e+01 5.63675003e+01 5.45336800e+01 5.37705116e+01
    5.30146141e+01 5.42178040e+01 5.29306564e+01 5.30753975e+01
    5.28886147e+01 5.48113403e+01 4.98398476e+01 5.22299690e+01
    5.07574730e+01 5.50812035e+01 5.20326271e+01 5.51851807e+01
    5.33996506e+01 5.42519417e+01 5.31829262e+01 5.22059631e+01
    4.91684685e+01 5.28318558e+01 5.04573402e+01 5.22632179e+01
    5.40174446e+01 5.48381386e+01 5.55272789e+01 5.39742584e+01
    5.50136223e+01 5.57651215e+01 5.69205093e+01 5.40004463e+01
    5.68162613e+01 5.81111755e+01 5.72840576e+01 5.80338821e+01
    5.83691406e+01 5.73933182e+01 5.73978844e+01 5.63629036e+01
    5.35407524e+01 5.30641861e+01 5.41438980e+01 5.66824303e+01
    5.49202690e+01 5.24408035e+01 5.25022583e+01 5.34495964e+01
    5.30632286e+01 5.24878426e+01 5.01435356e+01 5.10149155e+01
    4.96883507e+01 5.20441589e+01 5.08757744e+01 5.35414848e+01
    5.27062988e+01 5.45460892e+01 5.31008492e+01 5.18708496e+01
    5.64710579e+01 5.64893723e+01 5.32493591e+01 5.37859230e+01
    5.35063934e+01 5.40373764e+01 5.25563278e+01 5.48821945e+01
    5.23936806e+01 5.25567398e+01 5.55434875e+01 5.61032295e+01
    4.89332199e+01 5.35483704e+01 5.16696014e+01 5.10096703e+01
    5.50960579e+01 5.31840858e+01 5.09798088e+01 5.39853745e+01
    5.17524567e+01 5.17938881e+01 5.28529663e+01 5.19879951e+01
    4.97733192e+01 5.23989029e+01 5.04905052e+01 5.22947960e+01
    4.85145760e+01 5.25171394e+01 5.38690834e+01 5.28979073e+01
    5.34182892e+01 5.39925537e+01 5.45504456e+01 5.58008575e+01
    5.35165520e+01 5.22471466e+01 5.48153687e+01 5.45433502e+01
    5.33344727e+01 5.00575523e+01 5.26805725e+01 5.26990280e+01
    5.24279404e+01 5.05508957e+01 5.50515366e+01 5.24150467e+01
    5.10736160e+01 5.07046013e+01 4.99158211e+01 5.05574989e+01
    5.43251038e+01 4.99169235e+01 4.81601982e+01 5.10722466e+01
    5.33597679e+01 5.06447906e+01 5.18198166e+01 5.44244576e+01
    5.12506638e+01 5.34259491e+01 5.28015022e+01 5.46492882e+01
    5.42953491e+01 5.73980865e+01 5.55858269e+01 5.56305161e+01
    5.43304100e+01 5.46358604e+01 5.54599342e+01 5.52544212e+01
    5.46151695e+01 5.33246956e+01 5.38658371e+01 5.41066437e+01
    5.14575882e+01 5.23546906e+01 5.31843071e+01 5.07419815e+01
    5.18154869e+01 5.41593819e+01 5.59273415e+01 5.26687355e+01
    5.67039337e+01 5.41596375e+01 5.65772820e+01 5.53136864e+01
    5.37443085e+01 5.72378044e+01 5.83162689e+01 5.78750305e+01
    5.94753532e+01 5.90913239e+01 5.95226936e+01 6.07273216e+01
    5.92438583e+01 5.95330696e+01 5.94463348e+01 5.96736069e+01
    5.62913513e+01 5.70299416e+01 5.40139389e+01 5.86925850e+01
    5.45316772e+01 5.17536011e+01 5.45667038e+01 5.23363800e+01
    5.10273933e+01 4.89504929e+01 5.09118996e+01 5.24633102e+01
    4.99170723e+01 4.93305931e+01 5.16025772e+01 5.16799240e+01
    4.93992729e+01 5.19269829e+01 4.73943863e+01 4.67349358e+01
    5.00857430e+01 5.15883522e+01 5.15678520e+01 5.10580139e+01
    5.36633835e+01 5.62627182e+01 5.47862625e+01 5.23464279e+01
    5.45373878e+01 5.19159126e+01 5.44463081e+01 5.52104797e+01
    5.53155098e+01 5.60953217e+01 5.72489014e+01 5.54692650e+01
    5.63894577e+01 5.33758926e+01 5.59779701e+01 5.65345459e+01
    5.11047401e+01 5.45070343e+01 5.37495461e+01 5.04831619e+01
    5.29564095e+01 5.35435448e+01 5.19573250e+01 5.46202393e+01
    5.48074074e+01 5.25111809e+01 5.21508751e+01 5.14429054e+01
    5.33156624e+01 5.46655235e+01 5.72160873e+01 5.42662468e+01
    5.39088249e+01 5.34032364e+01 5.58002052e+01 5.40816422e+01
    5.43206024e+01 5.24738693e+01 5.68219719e+01 5.37252426e+01
    5.43003998e+01 5.65691566e+01 5.42934723e+01 5.21138115e+01
    4.98099709e+01 5.20003853e+01 5.08258743e+01 5.17916451e+01
    4.95187836e+01 5.05933037e+01 5.31928711e+01 5.02801170e+01
    4.83031082e+01 5.00492554e+01 5.17736588e+01 5.04929619e+01
    5.34690742e+01 5.17983665e+01 5.55750237e+01 5.81317520e+01
    5.27140923e+01 5.32047119e+01 5.40666389e+01 5.51695328e+01
    5.37000923e+01 5.21707993e+01 5.30971260e+01 5.46620750e+01
    5.09641762e+01 5.39501114e+01 5.37312012e+01 5.37338371e+01
    5.06086388e+01 5.51997643e+01 5.38120232e+01 5.29972801e+01
    5.55037880e+01 5.39778175e+01 5.29692841e+01 5.36943703e+01
    5.12677040e+01 5.49272499e+01 5.49539719e+01 5.32770729e+01
    5.15520363e+01 5.51790161e+01 5.48071480e+01 5.47592659e+01
    5.19763145e+01 5.60557480e+01 5.66563683e+01 5.73259315e+01
    5.40661774e+01 5.80000458e+01 5.72107735e+01 5.70229568e+01
    5.54602165e+01 5.73567352e+01 5.73290253e+01 5.59890022e+01
    5.58827209e+01 5.49785919e+01 5.66381340e+01 5.20559998e+01
    5.17848778e+01 5.26820297e+01 5.24162788e+01 5.13598099e+01
    5.24251633e+01 5.27650795e+01 5.07061539e+01 5.18179703e+01
    5.31011429e+01 5.44518394e+01 5.50871620e+01 5.31032448e+01
    5.35388756e+01 5.59507713e+01 5.42237358e+01 5.29097328e+01
    5.22008362e+01 5.40268173e+01 5.30753136e+01 5.39733467e+01
    5.37779312e+01 5.45032692e+01 5.37681961e+01 5.26266518e+01
    5.06229553e+01 5.40814857e+01 5.33755875e+01 5.12217140e+01
    5.18026085e+01 5.19406166e+01 5.24786453e+01 5.43260498e+01
    5.09485168e+01 5.18007698e+01 5.20400238e+01 5.09006958e+01
    5.29440193e+01 5.23934937e+01 5.56911011e+01 5.04413376e+01
    5.11484413e+01 5.24674835e+01 5.30791092e+01 5.02673721e+01
    5.14308052e+01 5.24833946e+01 5.56044540e+01 5.27774124e+01
    5.37958145e+01 5.30001755e+01 5.23470268e+01 5.13242188e+01
    5.15577202e+01 5.15142746e+01 5.40747528e+01 5.04793015e+01
    5.23039894e+01 5.11492538e+01 5.38508224e+01 4.88437576e+01
    4.96507797e+01 5.18773575e+01 5.01097946e+01 4.86390953e+01
    5.06158142e+01 4.94669838e+01 5.20683479e+01 5.37040100e+01
    4.97564049e+01 5.25853958e+01 5.22192345e+01 5.30199966e+01
    5.18470345e+01 5.21031113e+01 5.15139618e+01 5.36445618e+01
    5.16570511e+01 5.28800774e+01 5.72431183e+01 5.66266060e+01
    5.64230194e+01 5.43506813e+01 5.43947411e+01 5.52345123e+01
    5.40938568e+01 5.30829391e+01 5.76078682e+01 5.41805229e+01
    5.29547844e+01 5.42214851e+01 5.42296143e+01 5.34310913e+01
    5.35526772e+01 5.31677933e+01 5.32825699e+01 5.18512344e+01
    5.25921783e+01 5.24720840e+01 5.33228683e+01 5.35671272e+01
    5.26911163e+01 5.42947311e+01 5.50884590e+01 5.50529060e+01
    5.97704582e+01 5.79824257e+01 5.87297821e+01 5.76296730e+01
    5.90871925e+01 5.98568459e+01 5.86722145e+01 5.77567482e+01
    5.72272568e+01 5.62448006e+01 5.86612091e+01 5.53314171e+01
    5.50569534e+01 5.44950790e+01 5.61480408e+01 5.35105705e+01
    5.31709061e+01 5.26547928e+01 5.41641464e+01 5.19488029e+01
    4.92441826e+01 4.98304520e+01 5.17564468e+01 4.89671860e+01
    5.11047478e+01 4.93227692e+01 4.96128731e+01 5.12724152e+01
    4.98282318e+01 4.74790459e+01 5.13049049e+01 4.91862869e+01
    5.16579933e+01 4.88964806e+01 4.85298157e+01 5.23187180e+01
    5.31738129e+01 5.20246544e+01 5.17610283e+01 5.22120514e+01
    5.10505524e+01 5.25113831e+01 5.35410843e+01 5.41508255e+01
    5.77996788e+01 5.64251366e+01 5.38303947e+01 5.47598305e+01
    5.14893150e+01 5.43842430e+01 5.27847519e+01 5.19539871e+01
    5.06387444e+01 5.53461990e+01 5.09820786e+01 5.53894157e+01
    5.19592323e+01 5.32719955e+01 5.24149666e+01 5.37694283e+01
    5.35728302e+01 5.54823189e+01 5.60019646e+01 5.57159729e+01
    5.61968460e+01 5.68827515e+01 5.38135338e+01 5.64146919e+01
    5.38959045e+01 5.62583961e+01 5.36821899e+01 5.44226112e+01
    5.45976257e+01 5.50995941e+01 5.37848434e+01 5.29149361e+01
    5.30974197e+01 5.22247963e+01 5.16380806e+01 4.85975075e+01
    5.40110321e+01 5.04013062e+01 5.17513504e+01 5.24809990e+01
    5.36904449e+01 4.81071587e+01 5.18901749e+01 5.02589378e+01
    5.20122032e+01 5.20932426e+01 5.35556450e+01 5.12169456e+01
    5.52841034e+01 5.64470558e+01 5.64526939e+01 5.12665596e+01
    5.51744423e+01 5.70186691e+01 5.54391861e+01 5.35267525e+01
    5.64199142e+01 5.42857857e+01 5.46655884e+01 5.18212471e+01
    5.26059456e+01 5.62920570e+01 5.39546471e+01 5.42990036e+01
    5.49101334e+01 5.64034119e+01 5.49231110e+01 5.46212921e+01
    5.38589554e+01 5.16787987e+01 5.11524773e+01 5.00530586e+01
    5.31002007e+01 5.27706528e+01 5.51062660e+01 5.34886780e+01
    5.53787270e+01 5.33917961e+01 5.45719986e+01 5.33951607e+01
    5.73189774e+01 5.50485191e+01 5.47588882e+01 5.48151703e+01
    5.93265610e+01 5.77742996e+01 5.76709061e+01 5.66344452e+01
    5.44454880e+01 5.70597992e+01 5.52608032e+01 5.41102295e+01
    5.44342308e+01 5.37344513e+01 5.39510841e+01 5.43984528e+01
    5.30550079e+01 5.55039330e+01 5.36383057e+01 5.15845871e+01
    5.12926216e+01 5.27692871e+01 5.47927017e+01 5.46734238e+01
    5.28492966e+01 5.42056007e+01 5.30125656e+01 5.31273575e+01
    5.38969612e+01 5.44721870e+01 5.49291306e+01 5.31429329e+01
    5.52698250e+01 5.16928711e+01 4.92873192e+01 5.30719681e+01
    5.33943253e+01 5.19180984e+01 5.18033600e+01 5.13381729e+01
    5.14779358e+01 5.28533401e+01 5.18319206e+01 4.98579025e+01
    4.95929985e+01 5.17066231e+01 5.14176369e+01 5.18092079e+01
    5.07752113e+01 5.47448692e+01 5.39485817e+01 5.27602577e+01
    5.09339180e+01 5.23967972e+01 4.92784309e+01 5.29050026e+01
    5.12767067e+01 5.19886513e+01 5.32212257e+01 5.04029770e+01
    5.32368393e+01 5.59350853e+01 5.32589569e+01 5.47067986e+01
    5.23629532e+01 5.16739998e+01 5.71757660e+01 5.43080559e+01
    5.29276276e+01 5.55843086e+01 5.23961258e+01 5.55004807e+01
    5.55297050e+01 5.40976906e+01 5.19431458e+01 5.20807762e+01
    4.95743294e+01 5.24092140e+01 5.17963448e+01 5.06873932e+01
    5.22104340e+01 5.07199135e+01 5.13127480e+01 4.91686745e+01
    5.14150009e+01 4.97314034e+01 5.36747742e+01 5.29455490e+01
    5.15832481e+01 5.36352348e+01 5.35859108e+01 5.27662392e+01
    5.57958450e+01 5.43967857e+01 5.09908142e+01 5.43505211e+01
    5.34667015e+01 5.47768478e+01 5.49665413e+01 5.41586609e+01
    5.26362801e+01 5.41472206e+01 5.15181885e+01 5.10511284e+01
    5.18735275e+01 5.49674721e+01 5.16680603e+01 5.24726105e+01
    5.02519417e+01 5.41258240e+01 5.35718346e+01 5.25235519e+01
    5.45344124e+01 5.62319221e+01 5.56100845e+01 5.50153847e+01
    5.52187119e+01 5.74380913e+01 5.78762741e+01 5.84861603e+01
    5.82761726e+01 5.74390602e+01 5.75649452e+01 5.95804329e+01
    5.80492134e+01 5.50007401e+01 5.64714890e+01 5.59730721e+01
    5.58670235e+01 5.28575783e+01 5.15663872e+01 5.50665550e+01
    5.60759964e+01 5.08186264e+01 5.22074738e+01 5.31026955e+01
    5.47055321e+01 5.39621162e+01 5.01857567e+01 5.01400642e+01
    5.02380524e+01 5.09675827e+01 5.31345100e+01 5.03488693e+01
    5.06376343e+01 5.31478119e+01 5.04729118e+01 4.83004494e+01
    4.79233398e+01 4.71652451e+01 5.04897423e+01 4.77074242e+01
    4.99462280e+01 5.13545837e+01 5.35390358e+01 5.14845085e+01
    5.08028908e+01 5.21360970e+01 5.16566887e+01 5.47486420e+01
    5.92436867e+01 5.71522484e+01 5.70203400e+01 5.68674507e+01
    5.36995201e+01 5.39471664e+01 5.47787399e+01 5.07976227e+01
    5.32901649e+01 5.17589722e+01 5.07558289e+01 5.20854187e+01
    5.43116608e+01 5.34881859e+01 5.11646614e+01 5.47335358e+01
    5.42228508e+01 5.12384224e+01 5.27886391e+01 5.27362862e+01
    5.11120453e+01 5.26796761e+01 5.46795197e+01 5.31463242e+01
    5.57580872e+01 5.38800316e+01 5.59880714e+01 5.42540627e+01
    5.54189835e+01 5.25925522e+01 5.50997047e+01 5.26623688e+01
    5.43855553e+01 5.39518394e+01 5.56754456e+01 5.37997437e+01
    5.43544579e+01 5.24973221e+01 5.56031227e+01 5.41383781e+01
    5.14939613e+01 5.22994080e+01 5.45560112e+01 5.17410088e+01
    5.03537407e+01 5.07876511e+01 5.13046112e+01 4.98974495e+01
    5.21601601e+01 5.31785851e+01 5.77834015e+01 5.43575745e+01
    5.45344391e+01 5.31842728e+01 5.57732544e+01 5.75272789e+01
    5.40920410e+01 5.33494949e+01 5.52608299e+01 5.35899315e+01
    5.29930077e+01 5.32656670e+01 5.21586990e+01 5.43295708e+01
    5.51679039e+01 5.58355789e+01 5.63941422e+01 5.44864616e+01
    5.36339531e+01 5.44411469e+01 5.06243591e+01 5.18423386e+01
    5.23928604e+01 5.21687660e+01 5.31779327e+01 5.19693451e+01
    5.64565086e+01 5.35784264e+01 5.34874802e+01 5.31244774e+01
    5.42851830e+01 5.58757133e+01 5.67559319e+01 5.63310013e+01
    5.54086494e+01 5.46630745e+01 5.79349022e+01 5.66791496e+01
    5.36324425e+01 5.62908478e+01 5.47485733e+01 5.50452576e+01
    5.47423744e+01 5.60826645e+01 5.59098396e+01 5.55184059e+01
    5.29563866e+01 5.61951561e+01 5.29743423e+01 5.17296295e+01
    5.22765656e+01 5.15257072e+01 5.18135185e+01 5.23310432e+01
    5.23169975e+01 5.19054871e+01 5.29925995e+01 5.55622635e+01
    5.34737129e+01 5.66105309e+01 5.59511032e+01 5.54851265e+01
    5.42970886e+01 5.31596756e+01 5.40881805e+01 5.59208870e+01
    5.38403893e+01 5.52046967e+01 5.63234406e+01 5.49241562e+01
    5.41725998e+01 5.59727974e+01 5.24288177e+01 5.23439407e+01
    5.19931793e+01 5.19768181e+01 5.33074722e+01 5.24967613e+01
    5.09491005e+01 5.12361336e+01 5.45564766e+01 5.30966301e+01
    5.31061287e+01 5.29258308e+01 5.14304085e+01 5.24727669e+01
    5.29853172e+01 5.37433052e+01 5.08640518e+01 5.32785912e+01
    5.34545631e+01 5.37673874e+01 5.22538605e+01 5.18188019e+01
    5.41555786e+01 5.50350418e+01 5.44348068e+01 5.53422890e+01
    5.26757126e+01 5.39183083e+01 5.58535461e+01 5.45105095e+01
    5.44807053e+01 4.93764648e+01 5.39903412e+01 5.34530182e+01
    5.30048141e+01 5.27103653e+01 5.11472664e+01 5.06872597e+01
    5.27993355e+01 5.11237450e+01 5.21021805e+01 5.10344620e+01
    5.15835075e+01 5.05419769e+01 5.12117500e+01 5.12670174e+01
    5.12280960e+01 5.21650162e+01 5.05367584e+01 5.36569138e+01
    5.04365082e+01 5.43540764e+01 5.42445869e+01 5.57012215e+01
    5.27603722e+01 5.54873238e+01 5.37758942e+01 5.21447258e+01
    5.28429604e+01 5.29065437e+01 5.58617516e+01 5.12518806e+01
    5.12030373e+01 5.30222588e+01 5.36224480e+01 5.01626167e+01
    5.29779396e+01 5.13448296e+01 5.28898926e+01 5.38386765e+01
    5.21083221e+01 5.11865883e+01 5.33567047e+01 5.17238693e+01
    5.13937798e+01 5.34805489e+01 5.23630943e+01 5.49671555e+01
    5.64526024e+01 5.67386818e+01 5.64178658e+01 5.64791260e+01
    5.61845703e+01 5.53637009e+01 5.56027946e+01 5.82031860e+01
    5.67835464e+01 5.87275848e+01 5.65624161e+01 5.21362801e+01
    5.18688469e+01 5.48252182e+01 5.43141251e+01 5.30596809e+01
    5.26159363e+01 5.14278793e+01 5.25515862e+01 5.41264839e+01
    4.89050789e+01 5.16640549e+01 5.08612328e+01 5.30142784e+01
    5.29437943e+01 5.22522469e+01 5.18814774e+01 5.05126610e+01
    5.02465591e+01 4.77471848e+01 4.75212975e+01 5.26242599e+01
    5.11506424e+01 5.17491989e+01 5.17067680e+01 5.12766075e+01
    5.40107422e+01 5.35497780e+01 5.27507439e+01 5.16896095e+01
    5.46239624e+01 5.35369377e+01 5.66591721e+01 5.58201180e+01
    5.48044434e+01 5.64549942e+01 5.49340630e+01 5.70443687e+01
    5.34400444e+01 5.50184898e+01 5.38560867e+01 5.39739799e+01
    5.32498894e+01 4.85804596e+01 5.28312759e+01 5.47087173e+01
    5.18451233e+01 5.32420349e+01 5.12768326e+01 5.32919044e+01
    5.18688316e+01 5.21000977e+01 5.34950447e+01 5.63059235e+01
    5.72814293e+01 5.54335442e+01 5.20604706e+01 5.33253517e+01
    5.64691963e+01 5.43165550e+01 5.39721909e+01 5.45142479e+01
    5.43689308e+01 5.47058868e+01 5.54200974e+01 5.51219482e+01
    5.49185562e+01 5.41553955e+01 5.24748344e+01 5.10734406e+01
    5.34351425e+01 5.29240875e+01 5.02866898e+01 5.16618500e+01
    5.24588623e+01 5.24079094e+01 5.15002708e+01 5.06850014e+01
    5.07313194e+01 5.12194595e+01 5.04635963e+01 5.06218452e+01
    5.59789848e+01 5.62210388e+01 5.59176445e+01 5.43362656e+01
    5.55190659e+01 5.44764938e+01 5.44289131e+01 5.58544846e+01
    5.36219864e+01 5.35090866e+01 5.03161240e+01 5.21946640e+01
    5.24056511e+01 5.45499039e+01 5.42711792e+01 5.57185287e+01
    5.50124130e+01 5.51629181e+01 5.51215134e+01 5.63154640e+01
    5.59229813e+01 5.19185677e+01 5.41705437e+01 5.38212280e+01
    5.36446648e+01 5.30873489e+01 5.33332100e+01 5.19854355e+01
    5.45390472e+01 5.55516510e+01 5.42717476e+01 5.58090477e+01
    5.50318146e+01 5.22015610e+01 5.56897316e+01 5.85070953e+01
    5.53018227e+01 5.54242554e+01 5.64623451e+01 5.64930420e+01
    5.65787354e+01 5.46938629e+01 5.30935936e+01 5.29413872e+01
    5.25646133e+01 4.95654259e+01 4.99117889e+01 5.22648506e+01
    5.09396744e+01 5.27550011e+01 5.01316605e+01 5.05866013e+01
    4.86874313e+01 5.21590881e+01 5.24785461e+01 5.48380203e+01
    5.67243652e+01 5.60598640e+01 5.52027206e+01 5.72668266e+01
    5.50406799e+01 5.40102882e+01 5.62495117e+01 5.23614883e+01
    5.22056465e+01 5.49117279e+01 5.19214363e+01 5.48991547e+01
    5.31462708e+01 5.09982338e+01 5.02248840e+01 5.33558426e+01
    5.22495193e+01 4.94394608e+01 5.21299934e+01 5.26374245e+01
    5.22910461e+01 5.17532158e+01 5.06387291e+01 5.03320351e+01
    5.09330826e+01 5.42301750e+01 5.10851822e+01 5.19217911e+01
    5.41450272e+01 5.18581161e+01 5.18401527e+01 5.34312477e+01
    5.22641525e+01 5.26559563e+01 5.50600204e+01 5.39473267e+01
    5.35926704e+01 5.41002693e+01 5.52928772e+01 5.36419258e+01
    5.28404579e+01 5.35007973e+01 5.37225876e+01 5.10078392e+01
    5.37304420e+01 5.22553635e+01 5.26206398e+01 5.16430702e+01
    5.25812378e+01 5.46938095e+01 5.26069679e+01 5.02100792e+01
    5.22615318e+01 5.16769676e+01 4.89387970e+01 4.96797791e+01
    5.29715958e+01 4.98880081e+01 4.96854706e+01 5.12078896e+01
    5.08933411e+01 5.10858612e+01 5.22771683e+01 5.05744171e+01
    5.15552902e+01 5.30195084e+01 5.44663124e+01 5.36117210e+01
    5.53105621e+01 5.50997620e+01 5.26741180e+01 5.40011787e+01
    5.60453110e+01 5.33584137e+01 5.35363350e+01 5.45766792e+01
    5.51890907e+01 5.61014595e+01 5.24222069e+01 5.22277985e+01
    5.36167488e+01 5.44601784e+01 5.23901749e+01 5.38967743e+01
    5.00720444e+01 5.16184616e+01 5.07068672e+01 4.81134567e+01
    5.47543068e+01 5.29102211e+01 5.14183731e+01 5.55615425e+01
    5.50087624e+01 5.64959335e+01 5.80766716e+01 5.51035805e+01
    5.56574860e+01 5.60033188e+01 5.39713135e+01 5.65936279e+01
    5.80720711e+01 5.61166229e+01 5.70775032e+01 5.56694336e+01
    5.59302902e+01 5.36193657e+01 5.00334778e+01 5.60248222e+01
    5.60110931e+01 5.32941017e+01 5.37375450e+01 5.35483284e+01
    5.38119240e+01 5.48914185e+01 5.20067177e+01 5.36176453e+01
    5.22573586e+01 5.28761024e+01 5.18799858e+01 5.04328995e+01
    5.16290321e+01 5.14986458e+01 5.06813583e+01 5.11147575e+01
    5.12030258e+01 5.04044609e+01 5.40020866e+01 5.15314980e+01
    5.06986732e+01 5.29974022e+01 5.44121170e+01 5.42160530e+01
    5.37584724e+01 4.99707489e+01 5.28716774e+01 5.49111824e+01
    5.77506065e+01 5.59216232e+01 5.73291779e+01 5.60149956e+01
    5.55807838e+01 5.65306396e+01 5.05723610e+01 5.45641441e+01
    5.21439209e+01 5.32281876e+01 5.15673561e+01 5.12680511e+01
    5.13157959e+01 5.35967789e+01 5.21945648e+01 5.59362717e+01
    5.10118484e+01 4.93355751e+01 5.36858368e+01 5.25143738e+01
    5.23915977e+01 5.47113113e+01 5.50423508e+01 5.54748726e+01
    5.33089523e+01 5.52649307e+01 5.55186996e+01 5.67934990e+01
    5.46719513e+01 5.82771187e+01 5.54463997e+01 5.64359055e+01
    5.34714470e+01 5.44646263e+01 5.49848633e+01 5.34634857e+01
    5.40224113e+01 5.43861732e+01 5.42987175e+01 5.69277725e+01
    5.17721481e+01 5.22290611e+01 5.15803680e+01 5.21348801e+01
    5.16000824e+01 4.82212753e+01 4.87398338e+01 5.06888809e+01
    5.09902992e+01 5.06770058e+01 5.31117516e+01 5.46564674e+01
    5.19359818e+01 5.32181625e+01 5.27672539e+01 5.30495186e+01
    5.53836174e+01 5.02235680e+01 5.41226234e+01 5.39427795e+01
    5.27129211e+01 5.19607391e+01 5.45376167e+01 5.58298836e+01
    5.50275459e+01 5.63936195e+01 5.74672165e+01 5.77163048e+01
    5.55695610e+01 5.57842445e+01 5.55230522e+01 5.42288399e+01
    5.12627029e+01 5.38170204e+01 5.19884377e+01 5.24579391e+01
    5.51890221e+01 5.34217720e+01 5.32447853e+01 5.54329643e+01
    5.20624580e+01 5.09789734e+01 5.43633308e+01 5.45414505e+01
    5.47314339e+01 5.50526810e+01 5.61313324e+01 5.41460037e+01
    5.38261375e+01 5.32625732e+01 5.36428566e+01 5.58624611e+01
    5.43788109e+01 5.37983322e+01 5.40557137e+01 5.10336876e+01
    5.30030785e+01 5.32685013e+01 5.26259727e+01 5.32460403e+01
    5.28423996e+01 5.24526634e+01 5.27392082e+01 5.25175858e+01
    5.57827873e+01 5.35260239e+01 5.58261108e+01 5.53566971e+01
    5.24751167e+01 5.45277672e+01 5.68246613e+01 5.36796646e+01
    5.30753632e+01 5.21375275e+01 5.32354088e+01 5.50324020e+01
    5.41970100e+01 5.29127655e+01 5.31731377e+01 5.33824348e+01
    5.18303185e+01 5.34825401e+01 5.15447311e+01 5.06357574e+01
    5.19899368e+01 5.19907684e+01 5.26745262e+01 5.31412125e+01
    5.25518799e+01 5.19155540e+01 5.18069038e+01 5.29699631e+01
    5.45905418e+01 5.33642426e+01 5.24021492e+01 5.15213089e+01
    5.07562714e+01 5.37957954e+01 5.51839752e+01 5.26175461e+01
    5.34508362e+01 5.33120880e+01 5.25738640e+01 5.32060280e+01
    5.59509048e+01 5.31265869e+01 5.15131187e+01 5.05174980e+01
    5.25726318e+01 5.17840805e+01 5.33378525e+01 5.17897530e+01
    5.17288551e+01 5.21477776e+01 5.29903717e+01 5.12107620e+01
    5.47863121e+01 5.28505211e+01 5.13403587e+01 5.11223907e+01
    5.09398842e+01 5.20958443e+01 5.41016655e+01 5.12120552e+01
    5.24073334e+01 5.08434029e+01 5.38057823e+01 5.25696259e+01
    5.30762749e+01 5.25276184e+01 5.27174339e+01 5.51423416e+01
    5.37188873e+01 5.37359734e+01 5.38597565e+01 5.63195686e+01
    5.39851646e+01 5.21746979e+01 5.23799706e+01 5.35312881e+01
    5.59949837e+01 5.57043381e+01 5.13391151e+01 5.31828308e+01
    5.12421799e+01 5.37615471e+01 4.98876877e+01 4.86424904e+01
    5.14067268e+01 5.14544106e+01 5.00106049e+01 5.37801056e+01
    5.22888641e+01 5.20583420e+01 5.15691223e+01 5.56173897e+01
    5.13886070e+01 5.49052773e+01 5.30918427e+01 5.34275131e+01
    5.33278122e+01 5.57680779e+01 5.46244316e+01 5.76831703e+01
    5.64018898e+01 5.46443672e+01 5.52614822e+01 5.75839577e+01
    5.54727898e+01 5.50710754e+01 5.58504906e+01 5.56892662e+01
    5.19183769e+01 5.78979912e+01 5.36209869e+01 5.38648682e+01
    5.49103851e+01 5.56319313e+01 5.43177795e+01 5.49351692e+01
    5.29356232e+01 5.29940414e+01 5.56303329e+01 5.15959816e+01
    5.22400322e+01 5.27098503e+01 5.34723930e+01 5.16293411e+01
    4.85495605e+01 4.81966743e+01 4.99077644e+01 4.94321976e+01
    4.98631058e+01 5.03759804e+01 5.32508965e+01 5.53222618e+01
    5.14274445e+01 5.35947266e+01 5.35134773e+01 5.47588654e+01
    5.36783218e+01 5.62622032e+01 5.67851524e+01 5.77275620e+01
    5.88174324e+01 5.70929451e+01 5.82763786e+01 5.42500076e+01
    5.44088326e+01 5.36196404e+01 5.49427834e+01 5.22727661e+01
    5.06109924e+01 5.02675209e+01 5.06774368e+01 5.19465752e+01
    4.88283539e+01 5.15177956e+01 5.47772865e+01 5.12992668e+01
    5.20561142e+01 5.31766052e+01 5.35076752e+01 5.37894554e+01
    5.42085075e+01 5.48307610e+01 5.44746895e+01 5.42611847e+01
    5.66064873e+01 5.40292206e+01 5.58196411e+01 5.86965103e+01
    5.48377113e+01 5.44098053e+01 5.52531357e+01 5.35037270e+01
    5.76988716e+01 5.34735336e+01 5.42798233e+01 5.56559563e+01
    5.50420723e+01 5.46180267e+01 5.65987587e+01 5.25801125e+01
    5.29031792e+01 5.09266815e+01 5.04628143e+01 5.15041084e+01
    5.28573608e+01 5.11570969e+01 5.25160789e+01 5.26505241e+01
    5.43710976e+01 5.35408020e+01 5.19090195e+01 5.27237930e+01
    5.13247375e+01 5.48163605e+01 5.59261208e+01 5.48567467e+01
    5.16351547e+01 5.46315651e+01 5.53807678e+01 5.35595741e+01
    5.36174622e+01 5.54531212e+01 5.62863693e+01 5.66131973e+01
    5.36444740e+01 5.59711494e+01 5.41844711e+01 5.57244072e+01
    5.27896194e+01 5.39899940e+01 5.41402512e+01 5.33362885e+01
    5.29805794e+01 5.34316826e+01 5.55878410e+01 5.43644371e+01
    5.30578957e+01 5.41116753e+01 5.35381889e+01 5.23548927e+01
    5.36239319e+01 5.33079834e+01 5.24861488e+01 5.27428894e+01
    5.42101097e+01 5.34682541e+01 5.63249016e+01 5.45820465e+01
    5.32468948e+01 5.52737350e+01 5.46211166e+01 5.37684174e+01
    5.45339928e+01 5.31817551e+01 5.26202583e+01 5.48865852e+01
    5.40355377e+01 5.64890442e+01 5.55353546e+01 5.26179771e+01
    5.43667984e+01 5.04502106e+01 5.34821091e+01 5.54858665e+01
    5.59951897e+01 5.43949852e+01 5.26294861e+01 5.54643173e+01
    5.52813873e+01 5.51210480e+01 5.34533501e+01 5.52570801e+01
    5.15046577e+01 5.31387596e+01 5.38417473e+01 5.54747467e+01
    5.30528488e+01 5.54621849e+01 5.20103302e+01 5.34798317e+01
    5.14819031e+01 5.30919952e+01 4.85324669e+01 5.44620285e+01
    5.36724396e+01 5.29388657e+01 5.11546135e+01 5.28581123e+01
    5.13956871e+01 5.32391243e+01 5.02111855e+01 5.30614777e+01
    5.38264618e+01 5.39887199e+01 5.01886177e+01 5.20326767e+01
    5.39141693e+01 5.22425537e+01 5.15108032e+01 5.00847778e+01
    5.20582314e+01 5.37745972e+01 5.24580650e+01 5.49015312e+01
    5.13372002e+01 5.17947273e+01 5.30085907e+01 5.29381142e+01
    5.47443047e+01 5.40806313e+01 5.03574867e+01 5.54234810e+01
    5.42856750e+01 5.38897362e+01 5.29363632e+01 5.31505470e+01
    5.22900963e+01 5.27885399e+01 5.04893951e+01 5.32092819e+01
    5.40213432e+01 5.44420853e+01 5.14571648e+01 5.26171646e+01
    5.32737541e+01 5.17884026e+01 5.06807060e+01 5.29576225e+01
    5.08058128e+01 5.00463982e+01 5.32686386e+01 5.30853348e+01
    5.28608704e+01 5.69943962e+01 5.27939644e+01 5.42201653e+01
    5.39191971e+01 5.12097244e+01 5.29393845e+01 5.19910355e+01
    5.22191582e+01 5.31008339e+01 5.06950035e+01 5.12600555e+01
    5.26821785e+01 4.83267021e+01 5.34530106e+01 5.12604027e+01
    5.11784554e+01 5.26465683e+01 5.13409424e+01 5.13549767e+01
    5.02247543e+01 5.06339912e+01 5.02078934e+01 5.24423141e+01
    5.17277679e+01 5.37020035e+01 5.36687279e+01 5.68892021e+01
    5.57174110e+01 5.60307121e+01 5.36830406e+01 5.53255539e+01
    5.50171661e+01 5.64540482e+01 5.82906647e+01 5.62656097e+01
    5.73922272e+01 5.73319244e+01 5.45462952e+01 5.48022575e+01
    5.56027641e+01 5.53759041e+01 5.74695129e+01 5.46616478e+01
    5.32481728e+01 5.73645744e+01 5.34659462e+01 5.48079529e+01
    5.25461006e+01 5.26799736e+01 5.42545624e+01 5.12541313e+01
    5.08157120e+01 5.22694969e+01 4.99734344e+01 5.09036980e+01
    5.00386887e+01 5.10118217e+01 5.21044006e+01 5.14937325e+01
    5.33023758e+01 5.23804588e+01 5.72177582e+01 5.44403458e+01
    5.61503487e+01 5.09369812e+01 5.35470810e+01 5.49517632e+01
    5.53370972e+01 5.36708221e+01 5.56811905e+01 5.58644485e+01
    5.68906059e+01 5.71478577e+01 5.25858917e+01 5.53606110e+01
    5.24198914e+01 5.15534554e+01 5.08490753e+01 4.94535255e+01
    5.27141228e+01 5.21476326e+01 5.16764183e+01 5.24560089e+01
    5.09263573e+01 5.38105583e+01 5.26404915e+01 5.15192833e+01
    5.41428108e+01 5.28491325e+01 5.35358658e+01 5.55665741e+01
    5.59093132e+01 5.44208984e+01 5.79824371e+01 5.44375839e+01
    5.49574165e+01 5.79524231e+01 5.75995293e+01 5.49737206e+01
    5.81263618e+01 5.72962341e+01 5.60802536e+01 5.56792526e+01
    5.53957329e+01 5.68836632e+01 5.51051178e+01 5.36167526e+01
    5.42194176e+01 5.47421761e+01 5.56314545e+01 5.13712769e+01
    5.01340408e+01 5.48564606e+01 5.34522476e+01 5.53199959e+01
    5.36328392e+01 5.25481834e+01 5.35924072e+01 5.31899681e+01
    5.31150436e+01 5.49865913e+01 5.41446075e+01 5.23123207e+01
    5.50012016e+01 5.37355232e+01 5.24545708e+01 5.22913475e+01
    5.11964264e+01 5.40692291e+01 5.27587051e+01 5.37347832e+01
    5.53008347e+01 5.46794434e+01 5.61249733e+01 5.56702614e+01
    5.89595718e+01 5.58683472e+01 5.51156311e+01 5.55006638e+01
    5.15217094e+01 5.52264481e+01 5.61412888e+01 5.18925285e+01
    5.16442108e+01 5.37300377e+01 5.34053345e+01 5.32025909e+01
    5.12077599e+01 5.04906960e+01 5.02918167e+01 5.15203362e+01
    5.21315384e+01 5.22847443e+01 5.24500275e+01 5.17661324e+01
    5.49316444e+01 5.45340042e+01 5.28362427e+01 5.12330818e+01
    5.42220726e+01 5.34504700e+01 5.28267632e+01 5.21996078e+01
    5.41078491e+01 5.39761200e+01 5.46090088e+01 5.57849083e+01
    5.36472931e+01 5.35828018e+01 5.38881111e+01 5.54332085e+01
    5.47059708e+01 5.65117493e+01 5.56058388e+01 5.56602707e+01
    5.56751556e+01 5.45872192e+01 5.76870155e+01 5.51157761e+01
    5.18596001e+01 5.69080963e+01 5.41247063e+01 5.56377525e+01
    5.38937225e+01 5.42669106e+01 5.51036263e+01 5.31259117e+01
    5.44070778e+01 5.45870705e+01 5.30648308e+01 5.05440292e+01
    5.39785767e+01 5.12671738e+01 5.22945976e+01 5.28619957e+01
    5.04405556e+01 5.29766045e+01 5.11606712e+01 5.24285851e+01
    5.32220421e+01 5.08425140e+01 4.90283356e+01 5.15867767e+01
    5.23729744e+01 5.15632401e+01 5.09299316e+01 5.17881699e+01
    5.36242409e+01 5.38534889e+01 5.16648140e+01 5.21415100e+01
    5.34832764e+01 5.31440773e+01 5.09697037e+01 5.11690903e+01
    4.98427162e+01 5.19761314e+01 5.30307655e+01 5.34393959e+01
    5.17374458e+01 5.53560562e+01 5.39073601e+01 5.32816124e+01
    5.24878578e+01 5.49112396e+01 5.33038559e+01 5.20008202e+01
    5.21303902e+01 5.29514503e+01 5.36815262e+01 5.14533272e+01
    5.08152504e+01 5.27511902e+01 5.02554398e+01 5.43246231e+01
    5.03376312e+01 5.15852203e+01 5.47189445e+01 5.11080666e+01
    5.34575386e+01 5.64431229e+01 5.36133728e+01 5.52979965e+01
    5.35530663e+01 5.48913918e+01 5.29579811e+01 5.17811775e+01
    5.38044434e+01 5.47228470e+01 5.39339333e+01 5.34893761e+01
    5.12456818e+01 5.30492020e+01 5.01906204e+01 5.03314781e+01
    5.08555756e+01 5.15054855e+01 4.93013649e+01 5.17128868e+01
    5.05390663e+01 5.00612526e+01 5.18771973e+01 5.29415131e+01
    5.36748886e+01 5.55404892e+01 5.54943008e+01 5.49455185e+01
    5.57344208e+01 5.56170349e+01 5.73235741e+01 5.47665253e+01
    5.50198669e+01 5.75071716e+01 5.52719269e+01 5.60672455e+01
    5.78602448e+01 5.72727623e+01 5.49302368e+01 5.56834030e+01
    5.25616913e+01 5.50563507e+01 5.60217590e+01 5.36634827e+01
    5.39919090e+01 5.48040962e+01 5.61948814e+01 5.48093147e+01
    5.36426125e+01 5.23516083e+01 5.08575668e+01 5.11487808e+01
    5.19192772e+01 5.23501282e+01 5.20346489e+01 5.14198685e+01
    5.25437126e+01 5.02517166e+01 5.01837044e+01 5.15447350e+01
    5.34117393e+01 5.18980522e+01 5.15010033e+01 5.39425621e+01
    5.66638565e+01 5.33365936e+01 5.46995773e+01 5.41915131e+01
    5.53559456e+01 5.73204727e+01 5.77416420e+01 5.59533844e+01
    5.67788124e+01 5.58690414e+01 5.31443291e+01 5.56511154e+01
    5.37429352e+01 5.43557053e+01 5.10706520e+01 5.46640663e+01
    5.30086975e+01 5.31628227e+01 5.38460922e+01 5.51693535e+01
    5.26859207e+01 5.41652031e+01 5.27040939e+01 5.16429749e+01
    5.18541298e+01 5.30330200e+01 5.17971535e+01 5.52498398e+01
    5.37397194e+01 5.43528175e+01 5.35856667e+01 5.28463364e+01
    5.46676331e+01 5.82927170e+01 5.53278923e+01 5.68525925e+01
    5.64785728e+01 5.64960632e+01 5.72308006e+01 5.60697479e+01
    5.59280815e+01 5.45248413e+01 5.30952415e+01 5.75647659e+01
    5.84671669e+01 5.52846260e+01 5.50582275e+01 5.55350609e+01
    5.51992683e+01 5.43394356e+01 5.32943764e+01 5.17280083e+01
    5.22806931e+01 5.22789230e+01 5.13459206e+01 5.25799484e+01
    5.33532333e+01 5.28689842e+01 5.09341965e+01 5.21740456e+01
    5.41262741e+01 5.41165657e+01 5.49103394e+01 5.09256172e+01
    5.33582306e+01 5.28876762e+01 5.12327156e+01 5.01822586e+01
    5.17874641e+01 5.46370277e+01 5.63055344e+01 5.66994324e+01
    5.69927635e+01 5.36510963e+01 5.30213051e+01 5.58875504e+01
    5.39456253e+01 5.55216751e+01 5.46698341e+01 5.27982674e+01
    5.33774605e+01 5.31210136e+01 5.26090965e+01 5.37655907e+01
    5.24006081e+01 5.13625031e+01 5.19798622e+01 5.27032700e+01
    5.54759827e+01 5.38034248e+01 5.22728844e+01 5.25549622e+01
    5.06940765e+01 5.44142342e+01 5.34539108e+01 5.26982880e+01
    5.29297485e+01 5.39100075e+01 5.31203423e+01 5.65608253e+01
    5.22097168e+01 5.37047043e+01 5.53662338e+01 5.31193542e+01
    5.23849068e+01 5.09538460e+01 5.35955887e+01 5.04228325e+01
    5.23968086e+01 5.08536148e+01 5.31397362e+01 5.41419258e+01
    5.64872398e+01 5.43453865e+01 5.65721245e+01 5.34887390e+01
    5.76480904e+01 5.48840179e+01 5.34268417e+01 5.48075752e+01
    5.44084816e+01 5.35276985e+01 5.41716232e+01 5.52262573e+01
    5.50380249e+01 5.47183418e+01 5.26005898e+01 5.33282356e+01
    5.34122162e+01 5.24790039e+01 4.84779625e+01 5.15124321e+01
    5.15595360e+01 5.24638786e+01 4.85093689e+01 5.08394318e+01
    5.36501503e+01 5.32805367e+01 5.20720749e+01 5.14013176e+01
    4.87739143e+01 5.00516968e+01 5.17765503e+01 5.17258377e+01
    5.24889832e+01 5.38699036e+01 5.21223640e+01 5.31024284e+01
    5.38826675e+01 5.28953133e+01 5.26636047e+01 5.41230698e+01
    5.32377281e+01 5.20059929e+01 5.30754471e+01 5.43694496e+01
    5.37009125e+01 5.40819969e+01 5.03841286e+01 5.19645767e+01
    5.38148956e+01 5.11764412e+01 5.26067619e+01 5.10161285e+01
    5.22334709e+01 5.40301323e+01 5.21827431e+01 5.18387299e+01
    5.41508598e+01 5.34039612e+01 5.21391869e+01 5.39067230e+01
    5.39156532e+01 5.26356659e+01 5.45157852e+01 5.20499420e+01
    5.34174805e+01 5.28622131e+01 5.17872887e+01 5.24124413e+01
    5.35615311e+01 5.41733704e+01 5.36826324e+01 5.14979515e+01
    5.54806175e+01 5.37208290e+01 5.23633919e+01 5.43734932e+01
    5.25299492e+01 5.30697098e+01 5.16515350e+01 4.98567657e+01
    5.19724236e+01 5.32968063e+01 5.27515297e+01 5.03142929e+01
    5.21613884e+01 5.39503822e+01 5.17798920e+01 5.22914276e+01
    5.20006027e+01 5.53274040e+01 5.46115761e+01 5.31304588e+01
    5.37949638e+01 5.56915207e+01 5.50348969e+01 5.43790741e+01
    5.47196846e+01 5.45064659e+01 5.40268135e+01 5.45612221e+01
    5.84138489e+01 5.60760269e+01 5.52541656e+01 5.61303673e+01
    5.46006241e+01 5.45881500e+01 5.32913475e+01 5.33153725e+01
    5.32915268e+01 5.65713425e+01 5.29832382e+01 5.36768379e+01
    5.52873764e+01 5.33094673e+01 5.41253090e+01 5.36130714e+01
    5.32730484e+01 5.23496780e+01 5.50193748e+01 5.32031555e+01
    5.18359032e+01 5.20885849e+01 5.22554932e+01 5.09606209e+01
    4.77246284e+01 4.79859619e+01 5.22910805e+01 5.31920128e+01
    5.20291176e+01 5.46448784e+01 5.43004379e+01 5.45112190e+01
    5.53703499e+01 5.37642899e+01 5.55415573e+01 5.71336441e+01
    5.66477356e+01 5.40842476e+01 5.55153275e+01 5.45095482e+01
    5.78201599e+01 5.68081360e+01 5.68726807e+01 5.62641640e+01
    5.47956619e+01 5.31463394e+01 5.19450073e+01 5.36297188e+01
    5.12429886e+01 5.10122490e+01 5.07811241e+01 4.79209938e+01
    5.26878624e+01 5.14409752e+01 5.05849915e+01 5.12720451e+01
    5.43616867e+01 5.19202461e+01 5.31352119e+01 5.08957634e+01
    5.40168343e+01 5.29493141e+01 5.29919357e+01 5.55898056e+01
    5.42546272e+01 5.47326088e+01 5.72444382e+01 5.54918060e+01
    5.48718452e+01 5.42305489e+01 5.53020668e+01 5.79882050e+01
    5.55428352e+01 5.16118240e+01 5.57610168e+01 5.70421791e+01
    5.17614555e+01 5.42151909e+01 5.41221085e+01 5.19010277e+01
    5.13412552e+01 5.09948540e+01 5.03940773e+01 5.23236618e+01
    5.33923340e+01 4.87197876e+01 5.31915894e+01 5.35945206e+01
    5.37349701e+01 5.54502945e+01 5.27999115e+01 5.30969543e+01
    5.44656410e+01 5.43726845e+01 5.30136490e+01 5.12182045e+01
    5.45938950e+01 5.43385544e+01 5.42220383e+01 5.51082535e+01
    5.69492493e+01 5.75704498e+01 5.43011169e+01 5.78654671e+01
    5.61802673e+01 5.48352547e+01 5.33728638e+01 5.66064491e+01
    5.45287781e+01 5.29269257e+01 5.22880058e+01 5.56691132e+01
    5.25440941e+01 5.36806870e+01 5.26040916e+01 5.51004143e+01
    5.25723953e+01 5.18606110e+01 5.31120949e+01 5.24788132e+01
    5.14264221e+01 5.28007317e+01 5.30361748e+01 5.07595634e+01
    5.28157082e+01 5.20296211e+01 5.22007217e+01 5.30176582e+01
    5.51869469e+01 5.43795395e+01 5.51170959e+01 5.14510307e+01
    5.38568039e+01 5.38615417e+01 5.13940887e+01 5.11009598e+01
    5.43313103e+01 5.15031738e+01 5.18069191e+01 5.40682068e+01
    5.30587769e+01 5.52011147e+01 5.19852905e+01 5.52757416e+01
    5.43213387e+01 5.51949615e+01 5.48584633e+01 5.46952171e+01
    5.12339401e+01 5.44612770e+01 5.32018509e+01 5.43844910e+01
    5.38912582e+01 5.47020874e+01 5.63316002e+01 5.45184174e+01
    5.16661797e+01 5.16357880e+01 5.32340851e+01 5.04358292e+01
    4.90973244e+01 5.14683456e+01 5.33473930e+01 5.33610649e+01
    5.04587746e+01 5.11436310e+01 5.29319344e+01 5.09689713e+01
    5.19679832e+01 5.31172943e+01 5.34145699e+01 5.20891457e+01
    5.27473793e+01 5.18945694e+01 5.37349281e+01 5.65946655e+01
    5.13891945e+01 4.96334457e+01 5.17226067e+01 5.65798302e+01
    5.35503349e+01 5.08069839e+01 5.26371536e+01 5.29022598e+01
    5.27195053e+01 4.96190109e+01 5.00035019e+01 5.07963562e+01
    5.24195900e+01 5.06612129e+01 5.21461754e+01 5.27923927e+01
    5.46984825e+01 5.26863594e+01 5.22130928e+01 5.44197617e+01
    5.32503166e+01 5.38924713e+01 5.52381477e+01 5.43690414e+01
    5.38866043e+01 5.22118645e+01 5.34650230e+01 5.53096542e+01
    5.12899208e+01 5.20681915e+01 5.23334007e+01 5.15724068e+01
    5.46174622e+01 5.73292770e+01 5.46659164e+01 5.24541664e+01
    5.70403862e+01 5.37929764e+01 5.41268120e+01 5.44816284e+01
    5.11374245e+01 5.34594231e+01 5.26391258e+01 5.05210876e+01
    5.16109314e+01 4.95860367e+01 5.14395981e+01 4.98094902e+01
    5.26431084e+01 5.02833405e+01 5.26339302e+01 5.27906418e+01
    4.91933632e+01 4.92660103e+01 5.26822662e+01 5.26327705e+01
    5.38034058e+01 5.55251961e+01 5.34888573e+01 5.48899727e+01
    5.57848053e+01 5.64402237e+01 5.35306282e+01 5.41422462e+01
    5.35212898e+01 5.64959755e+01 5.44313927e+01 5.64227982e+01
    5.37541809e+01 5.55406837e+01 5.35735245e+01 5.28145714e+01
    5.33089828e+01 5.28596611e+01 5.62996674e+01 5.53135033e+01
    5.38613205e+01 5.62283440e+01 5.42343597e+01 5.64482613e+01
    5.54264679e+01 5.43293533e+01 5.39956131e+01 5.52736282e+01
    5.29715729e+01 5.21715088e+01 4.99544144e+01 5.13080368e+01
    5.10058212e+01 5.13279419e+01 4.76487160e+01 4.88808861e+01
    5.14804344e+01 5.01287766e+01 5.10077477e+01 5.19349480e+01
    5.36072159e+01 5.41204720e+01 5.42578545e+01 5.31073761e+01
    5.17694817e+01 5.54972305e+01 5.31394119e+01 5.48888664e+01
    5.58672485e+01 5.64505615e+01 5.47504272e+01 5.64720879e+01
    5.55274582e+01 5.42003098e+01 5.35839386e+01 5.37542191e+01
    5.16249695e+01 5.33167267e+01 5.42009239e+01 5.28203468e+01
    5.13212166e+01 5.24372253e+01 5.07719002e+01 5.17602348e+01
    4.91886101e+01 5.00151100e+01 5.17115021e+01 5.35685577e+01
    4.99269333e+01 5.16616325e+01 5.21348801e+01 5.14004822e+01
    5.23779449e+01 5.36036835e+01 5.52185211e+01 5.41205673e+01
    5.36705322e+01 5.56696243e+01 5.74980850e+01 5.41107368e+01
    5.63451920e+01 5.89076157e+01 5.51727867e+01 5.24562035e+01
    5.56122284e+01 5.48716354e+01 5.57321472e+01 5.27991562e+01
    5.21564980e+01 5.14734993e+01 5.05460548e+01 4.93618011e+01
    5.01758308e+01 5.12885780e+01 5.22656822e+01 5.14430351e+01
    5.34709091e+01 5.02845726e+01 5.32967796e+01 5.26859627e+01
    5.50166893e+01 5.55239906e+01 5.39927750e+01 5.69581070e+01
    5.35661201e+01 5.37210274e+01 5.22769623e+01 5.38593025e+01
    5.42302628e+01 5.36786079e+01 5.46448822e+01 5.70940857e+01
    5.53751984e+01 5.54950294e+01 5.33881607e+01 5.44074745e+01
    5.40312729e+01 5.55573349e+01 5.50589905e+01 5.39201584e+01
    5.27709999e+01 5.12568779e+01 5.35061264e+01 5.31366882e+01
    5.37606697e+01 5.18911514e+01 5.26576614e+01 5.21398087e+01
    5.45629883e+01 5.35900154e+01 5.41799812e+01 5.31322746e+01
    5.44164696e+01 5.46314125e+01 5.38382072e+01 5.38427353e+01
    5.48402786e+01 5.25633507e+01 5.46425438e+01 5.29009323e+01
    5.24448509e+01 5.10553017e+01 5.35100365e+01 5.41309700e+01
    5.42218132e+01 5.42199287e+01 5.52823334e+01 5.11919823e+01
    5.04324188e+01 5.11755333e+01 5.40943909e+01 5.48307266e+01
    5.32688828e+01 5.10274315e+01 5.54132156e+01 5.36709785e+01
    5.40249252e+01 5.58308525e+01 5.27147102e+01 5.41685982e+01
    5.50240555e+01 5.34851952e+01 5.31330147e+01 5.34666519e+01
    5.19809036e+01 5.51193695e+01 5.36742897e+01 5.23692169e+01
    5.26249619e+01 5.37000694e+01 5.21914330e+01 4.96350174e+01
    5.14897575e+01 5.32692451e+01 4.93869514e+01 4.87368698e+01
    5.22558441e+01 5.20872154e+01 4.97940292e+01 5.48167496e+01
    5.11595001e+01 5.00375023e+01 5.08967934e+01 4.98432503e+01
    5.03382530e+01 5.05812111e+01 5.27980080e+01 5.21647148e+01
    5.04651680e+01 5.17096062e+01 5.40536690e+01 5.22134590e+01
    5.31581650e+01 5.15224113e+01 4.96221619e+01 5.08375969e+01
    5.35687447e+01 5.07878418e+01 5.15494652e+01 5.40551567e+01
    5.46378326e+01 5.52973900e+01 5.50189896e+01 5.67456551e+01
    5.53669662e+01 5.52735901e+01 5.59955673e+01 5.61078606e+01
    5.50333176e+01 5.59205627e+01 5.46218185e+01 5.66933289e+01
    5.21833801e+01 5.43645859e+01 5.49729919e+01 5.30189934e+01
    5.34332161e+01 5.38269424e+01 5.22223015e+01 5.49222298e+01
    5.35004082e+01 5.26552696e+01 5.06003380e+01 5.24310875e+01
    5.10763283e+01 5.33693657e+01 5.36336823e+01 5.47522469e+01
    5.22940788e+01 5.01439781e+01 5.24686279e+01 5.16425095e+01
    4.99347839e+01 4.88233109e+01 5.24578171e+01 5.16921310e+01
    4.88901978e+01 4.99256897e+01 4.85592346e+01 5.09477768e+01
    5.13502159e+01 5.29390907e+01 5.27819328e+01 5.35177803e+01
    5.50170555e+01 5.39855347e+01 5.10793037e+01 5.45994987e+01
    5.49826279e+01 5.38575401e+01 5.24749718e+01 5.47180290e+01
    5.64041595e+01 5.53296623e+01 5.65251999e+01 5.61779442e+01
    5.40223541e+01 5.61677895e+01 5.30016174e+01 5.54209595e+01
    5.72530632e+01 5.86888962e+01 5.56055107e+01 5.50061226e+01
    5.57182426e+01 5.53384857e+01 5.50008812e+01 5.43401833e+01
    5.43271294e+01 5.34409332e+01 5.17223358e+01 5.07659950e+01
    5.22847443e+01 5.22262764e+01 5.23197861e+01 5.19834595e+01
    5.07681580e+01 4.95181847e+01 5.02403984e+01 4.92590370e+01
    4.88702850e+01 5.37522774e+01 5.45883827e+01 5.17567482e+01
    5.36484375e+01 5.34584122e+01 5.64256821e+01 5.56272621e+01
    5.63357201e+01 5.52984238e+01 5.45328369e+01 5.61092682e+01
    5.48958740e+01 5.40191956e+01 5.70092049e+01 5.36709709e+01
    5.35019608e+01 5.47292671e+01 5.33811035e+01 5.14140930e+01
    5.47933311e+01 5.36278114e+01 5.24516678e+01 5.36853600e+01
    5.17901459e+01 5.25238686e+01 4.88718872e+01 4.84863968e+01
    5.07008514e+01 5.40490303e+01 5.02593384e+01 5.12121811e+01
    5.27355804e+01 5.32541199e+01 5.36570015e+01 5.42820473e+01
    5.51026573e+01 5.54271088e+01 5.56625252e+01 5.47084618e+01
    5.74851837e+01 5.49427528e+01 5.21138153e+01 5.87594986e+01
    5.37214317e+01 5.34526405e+01 5.76620255e+01 5.53760185e+01
    5.34654274e+01 5.27322960e+01 5.13674660e+01 5.17723656e+01
    4.96825829e+01 5.02148933e+01 5.12020721e+01 5.14786987e+01
    5.05390854e+01 4.91089096e+01 5.07896843e+01 5.38072395e+01
    5.52802925e+01 5.50422859e+01 5.42062874e+01 5.52479095e+01
    5.57895508e+01 5.36002502e+01 5.39365540e+01 5.56549187e+01
    5.34891281e+01 5.58313751e+01 5.42994270e+01 5.60755959e+01
    5.47278175e+01 5.65583992e+01 5.59568024e+01 5.42120819e+01
    5.45674744e+01 5.49034462e+01 5.66961632e+01 5.70940552e+01
    5.36026497e+01 5.10628738e+01 5.43599892e+01 5.32253151e+01
    5.21024475e+01 5.10177689e+01 5.24480782e+01 5.24533539e+01
    5.25877190e+01 5.23557014e+01 5.18186531e+01 5.23336830e+01
    5.46816025e+01 5.25757790e+01 5.38556824e+01 5.33344574e+01
    5.22873993e+01 5.23883438e+01 5.51800499e+01 5.49101562e+01
    5.57427597e+01 5.57483482e+01 5.64712944e+01 5.29315720e+01
    5.49935188e+01 5.42954254e+01 5.58153839e+01 5.26714706e+01
    5.40286674e+01 5.32598915e+01 5.26529427e+01 5.33795853e+01
    5.33046112e+01 5.34909630e+01 5.59372826e+01 5.34410515e+01
    5.38418388e+01 5.55168915e+01 5.61345825e+01 5.51341476e+01
    5.41805611e+01 5.48545036e+01 5.50109978e+01 5.34028320e+01
    5.38712540e+01 5.52853775e+01 5.38173103e+01 5.51446571e+01
    5.40830956e+01 5.40560036e+01 4.98463440e+01 5.11760979e+01
    5.11036530e+01 5.12867813e+01 5.10405121e+01 5.05999641e+01
    4.82939758e+01 5.02557259e+01 5.03880234e+01 4.92388802e+01
    5.10369606e+01 5.08916550e+01 5.08499565e+01 5.08630829e+01
    4.86558838e+01 5.04068069e+01 5.23858414e+01 5.19383049e+01
    4.87767029e+01 5.48475342e+01 5.18099556e+01 5.05309181e+01
    5.16441307e+01 5.25052948e+01 5.27297325e+01 5.25158806e+01
    5.06483192e+01 5.31415749e+01 5.47527122e+01 5.39546738e+01
    5.16896782e+01 5.31872063e+01 5.66762085e+01 5.30930519e+01
    5.33433876e+01 5.33769608e+01 5.47528763e+01 5.25744400e+01
    5.21702919e+01 5.28963089e+01 5.53764343e+01 5.55192528e+01
    5.51733017e+01 5.63734741e+01 5.37830276e+01 5.47373466e+01
    5.43158188e+01 5.36666908e+01 5.48667107e+01 5.27590103e+01
    5.22955627e+01 5.34205856e+01 5.25860252e+01 5.21437149e+01
    5.28320541e+01 5.26722679e+01 5.38844528e+01 5.38817062e+01
    5.43748894e+01 5.43712654e+01 5.59652672e+01 5.19474754e+01
    5.11104736e+01 5.36477470e+01 5.29119873e+01 5.15538559e+01
    5.29227486e+01 5.29152641e+01 5.24071007e+01 5.44826012e+01
    5.02582054e+01 5.19459457e+01 5.25258713e+01 5.11380081e+01
    5.20687103e+01 5.42621880e+01 5.47058945e+01 5.41000977e+01
    5.44050522e+01 5.61585197e+01 5.42037697e+01 5.78717842e+01
    5.32327728e+01 5.51100121e+01 5.53526764e+01 5.37371483e+01
    5.36086159e+01 5.67428093e+01 5.47249947e+01 5.66308594e+01
    5.14829788e+01 5.10144768e+01 5.33994942e+01 5.73106613e+01
    5.64834404e+01 5.53697929e+01 5.30478363e+01 5.70051003e+01
    5.64750633e+01 5.34566383e+01 5.25898438e+01 5.60304985e+01
    5.67668800e+01 5.49720802e+01 5.29336548e+01 5.54927673e+01
    5.41251068e+01 5.14344444e+01 5.19838257e+01 5.22405014e+01
    5.19952278e+01 5.28784180e+01 5.07802773e+01 5.47326202e+01
    5.49131737e+01 5.50639801e+01 5.54804497e+01 5.15400772e+01
    5.46406555e+01 5.43762054e+01 5.41617966e+01 5.27659607e+01
    5.37482529e+01 5.45413322e+01 5.57462006e+01 5.54724007e+01
    5.48769455e+01 5.41596451e+01 5.16356392e+01 5.30353851e+01
    5.42155418e+01 5.04405899e+01 5.21201134e+01 5.06875305e+01
    5.44879837e+01 5.28380623e+01 5.16429253e+01 5.02899513e+01
    5.19320488e+01 4.90150108e+01 5.25514984e+01 5.25616264e+01
    5.61582565e+01 5.31576729e+01 5.34255371e+01 5.29556084e+01
    5.23600006e+01 5.20408745e+01 5.52185516e+01 5.32851677e+01
    5.54540291e+01 5.46701088e+01 5.73528366e+01 5.48606720e+01
    5.72232933e+01 5.67789574e+01 5.55936470e+01 5.39965782e+01
    5.62997360e+01 5.52674065e+01 5.25378380e+01 5.18594398e+01
    5.07489624e+01 5.56105995e+01 5.08798218e+01 5.01978188e+01
    5.31565971e+01 5.23983498e+01 5.21937447e+01 4.94588814e+01
    5.18528671e+01 5.17299156e+01 5.33953438e+01 5.61789017e+01
    5.23113060e+01 5.22066765e+01 5.84283562e+01 5.14480286e+01
    5.44213409e+01 5.37871628e+01 5.53362503e+01 5.47912865e+01
    5.30268211e+01 5.40829887e+01 5.55461388e+01 5.33880196e+01
    5.53054085e+01 5.49539566e+01 5.29868927e+01 5.51434898e+01
    5.08226242e+01 5.36434631e+01 5.31996574e+01 5.13078079e+01
    5.16774864e+01 5.25692215e+01 4.76284752e+01 5.05335350e+01
    5.20746002e+01 5.37376404e+01 5.11512108e+01 5.20709038e+01
    5.32026100e+01 5.17255135e+01 5.27626495e+01 5.31347694e+01
    5.25071449e+01 5.40539665e+01 5.44778328e+01 5.19757080e+01
    5.36055603e+01 5.50633163e+01 5.65395088e+01 5.36425743e+01
    5.38012276e+01 5.22319260e+01 5.39902611e+01 5.41442070e+01
    5.31425743e+01 5.66616821e+01 5.34221535e+01 5.29401436e+01
    5.48411827e+01 5.20754776e+01 5.13440475e+01 5.45715294e+01
    5.28540688e+01 5.56299934e+01 5.37986336e+01 5.20911331e+01
    5.54217300e+01 5.63313293e+01 5.36619720e+01 5.52648582e+01
    5.57656174e+01 5.39215622e+01 5.50562210e+01 5.51538391e+01
    5.38584900e+01 5.38085365e+01 5.45878143e+01 5.09252472e+01
    5.21229095e+01 5.09417152e+01 5.14173698e+01 5.06988258e+01
    4.86548958e+01 5.24248543e+01 5.03882751e+01 4.73276024e+01
    5.11500435e+01 5.10736961e+01 4.82614632e+01 5.00332680e+01
    5.22351112e+01 5.04019966e+01 5.13152657e+01 4.97254944e+01
    5.26124306e+01 5.30160027e+01 5.11323357e+01 5.25714111e+01
    5.15540771e+01 5.21147194e+01 5.57635689e+01 5.04769974e+01
    5.16092606e+01 5.40433311e+01 5.15403061e+01 4.97896767e+01
    5.47323723e+01 5.28209267e+01 5.23492317e+01 5.11767235e+01
    5.40920296e+01 5.48650894e+01 5.44241257e+01 5.52624168e+01
    5.18643188e+01 5.42408066e+01 5.54638748e+01 5.77757111e+01
    5.57158432e+01 5.55869255e+01 5.40073547e+01 5.72244072e+01
    5.31446037e+01 5.23423080e+01 5.26307297e+01 5.29975166e+01
    5.23554382e+01 5.56238670e+01 5.28265991e+01 5.36826172e+01
    5.55203896e+01 5.47052460e+01 5.53182602e+01 5.39467583e+01
    5.55525970e+01 5.36362572e+01 5.62782135e+01 5.65887489e+01
    5.40455856e+01 5.40820732e+01 5.33206940e+01 5.27479477e+01
    5.38223991e+01 5.08464966e+01 5.42502594e+01 5.42275429e+01
    5.18562241e+01 5.31480637e+01 5.19536400e+01 5.26084061e+01
    4.96939278e+01 4.92484283e+01 5.26999817e+01 5.32076569e+01
    5.50423965e+01 5.63935928e+01 5.44786797e+01 5.62272453e+01
    5.51185760e+01 5.38522720e+01 5.14210663e+01 5.42960091e+01
    5.23610535e+01 5.53149147e+01 5.31863937e+01 5.49510307e+01
    5.24509354e+01 5.19085236e+01 5.29322357e+01 5.27319527e+01
    5.19978905e+01 5.57588844e+01 5.70896606e+01 5.54187660e+01
    5.34783134e+01 5.69817924e+01 5.73380814e+01 5.50505180e+01
    5.57001228e+01 5.51574173e+01 5.44129906e+01 5.43961716e+01
    5.19152489e+01 5.28393059e+01 5.35751915e+01 5.47559853e+01
    5.06697884e+01 4.93065033e+01 5.22072716e+01 5.09673233e+01
    5.04514046e+01 5.28235664e+01 5.33168488e+01 5.34996338e+01
    5.46878853e+01 5.40808487e+01 5.31158180e+01 5.28730812e+01
    5.54771271e+01 5.43605995e+01 5.45851059e+01 5.38034897e+01
    5.29409103e+01 5.41804123e+01 5.49454422e+01 5.46096535e+01
    5.19636497e+01 5.46522675e+01 5.46905556e+01 5.36185646e+01
    5.36823845e+01 5.56363907e+01 5.26486435e+01 5.45481491e+01
    5.19282532e+01 5.07256203e+01 5.17569695e+01 5.08691483e+01
    5.09542236e+01 5.03350029e+01 5.18928070e+01 5.15465927e+01
    5.14451332e+01 5.44839096e+01 5.10534973e+01 5.34968529e+01
    5.36792374e+01 5.78663139e+01 5.54257431e+01 5.64536476e+01
    5.61583138e+01 5.74471321e+01 5.43097801e+01 5.59431953e+01
    5.24238510e+01 5.30473709e+01 5.71693649e+01 5.37518539e+01
    5.42589760e+01 5.29661064e+01 5.19998436e+01 5.32675323e+01
    5.00775871e+01 4.71857376e+01 5.25295830e+01 5.19845963e+01
    4.88117027e+01 5.00380554e+01 5.05404282e+01 5.13080063e+01
    5.31281815e+01 5.40657082e+01 5.21090126e+01 5.48164024e+01
    5.46775780e+01 5.37388954e+01 5.26956253e+01 5.34339409e+01
    5.44461250e+01 5.39555779e+01 5.30785179e+01 5.46516266e+01
    5.27680016e+01 5.41324196e+01 5.32961006e+01 5.32636757e+01
    5.27752533e+01 5.38297195e+01 5.27954903e+01 5.03267937e+01
    5.21791611e+01 5.19693184e+01 5.12143288e+01 4.81230392e+01
    5.04175949e+01 5.05373650e+01 5.12508163e+01 5.08795547e+01
    5.02868576e+01 5.13913383e+01 5.40147476e+01 5.17859726e+01
    5.25658798e+01 5.35950279e+01 5.37373848e+01 5.17744102e+01
    5.50779495e+01 5.22869263e+01 5.02976761e+01 5.03021126e+01
    5.37292709e+01 5.27265930e+01 5.31884193e+01 5.00768471e+01
    5.52129059e+01 5.41351585e+01 5.23368797e+01 5.14731674e+01
    5.35135384e+01 4.94468117e+01 5.15156898e+01 5.00280609e+01
    5.11314240e+01 5.06161690e+01 5.23757553e+01 5.05871277e+01
    5.22291412e+01 5.33671646e+01 5.44144974e+01 5.42432556e+01
    5.37625504e+01 5.35895920e+01 5.63521347e+01 5.40604477e+01
    5.43166237e+01 5.51512413e+01 5.47633743e+01 5.48923988e+01
    5.52670326e+01 5.46016235e+01 5.11855011e+01 5.27866707e+01
    5.13182793e+01 5.05864372e+01 5.28509064e+01 5.18901939e+01
    5.23549538e+01 5.19623032e+01 5.06650734e+01 5.30289040e+01
    5.12140579e+01 5.26308174e+01 4.98313637e+01 5.13119698e+01
    5.10977631e+01 5.14360847e+01 5.15979881e+01 5.25061111e+01
    5.05749207e+01 5.21200562e+01 5.10365143e+01 4.88073502e+01
    5.28417587e+01 5.22731133e+01 5.01963882e+01 4.91584206e+01
    5.08900909e+01 5.27552185e+01 5.21369667e+01 5.22339859e+01
    5.02600250e+01 5.20276794e+01 5.30247688e+01 5.22005768e+01
    5.21456871e+01 5.32486649e+01 5.30108681e+01 5.63949013e+01
    5.51583519e+01 5.53583717e+01 5.39653015e+01 5.61474419e+01
    5.55486336e+01 5.43711548e+01 5.57040443e+01 5.42331467e+01
    5.80314713e+01 5.50075493e+01 5.33503189e+01 5.30866203e+01
    5.40977364e+01 5.32613792e+01 5.38899841e+01 5.35178337e+01
    5.07436905e+01 5.29786339e+01 5.59421082e+01 5.63416519e+01
    5.54971466e+01 5.48868790e+01 5.77131729e+01 5.53492508e+01
    5.50488129e+01 5.23975449e+01 5.57847977e+01 5.35343323e+01
    5.42880516e+01 5.44640656e+01 5.40341949e+01 5.40119667e+01
    5.49085007e+01 5.32671089e+01 5.35594139e+01 5.47950706e+01
    5.55534630e+01 5.46723099e+01 5.47263947e+01 5.36730423e+01
    5.37000923e+01 5.26644135e+01 5.14668274e+01 5.27488785e+01
    5.39105873e+01 5.35395126e+01 5.47387695e+01 5.26643105e+01
    5.26623268e+01 5.53778725e+01 5.37101326e+01 5.47486420e+01
    5.35099373e+01 5.47939453e+01 5.67847862e+01 5.69991035e+01
    5.63834152e+01 5.52936325e+01 5.56929512e+01 5.81460304e+01
    5.60142441e+01 5.39221802e+01 5.47374840e+01 5.55607872e+01
    5.87301331e+01 5.41738129e+01 5.35844460e+01 5.54979858e+01
    5.54830475e+01 5.42053146e+01 5.14517593e+01 5.25105095e+01
    5.41526833e+01 5.42841988e+01 5.01030922e+01 5.17738037e+01
    5.43161736e+01 5.32227478e+01 5.19418564e+01 5.26662216e+01
    5.40923615e+01 5.35688782e+01 5.13087120e+01 5.28127060e+01
    5.18311806e+01 5.42847252e+01 5.50696335e+01 5.25672874e+01
    5.39565506e+01 5.49097900e+01 5.30975113e+01 5.09766312e+01
    5.16391754e+01 5.11936722e+01 5.20172157e+01 5.33625298e+01
    5.30215874e+01 5.04705276e+01 5.04062309e+01 5.02042046e+01
    4.79001427e+01 5.08804169e+01 5.20877113e+01 5.26212120e+01
    5.23584404e+01 5.22912369e+01 4.93259506e+01 5.29465714e+01
    5.45639267e+01 5.23011169e+01 5.69272728e+01 5.62073975e+01
    5.66267128e+01 5.29630089e+01 5.59617882e+01 5.49270744e+01
    5.58962135e+01 5.47739449e+01 5.46469307e+01 5.31512260e+01
    5.74527435e+01 5.27866554e+01 5.68913307e+01 5.40126877e+01
    5.10659294e+01 5.20815163e+01 5.02699738e+01 4.75208206e+01
    5.04826736e+01 5.02173233e+01 4.83624916e+01 4.81742477e+01
    5.21515045e+01 5.40340157e+01 5.38079262e+01 5.16918755e+01
    5.29583817e+01 5.31388817e+01 5.45538864e+01 5.11020927e+01
    5.29586143e+01 5.23905869e+01 5.21119118e+01 5.11216583e+01
    5.40891609e+01 5.27579346e+01 5.46916466e+01 5.46311607e+01
    5.47076912e+01 5.09018860e+01 5.12508469e+01 5.13136139e+01
    4.93234062e+01 5.41403847e+01 5.15189629e+01 4.94247475e+01
    5.46040115e+01 4.98155937e+01 4.87704086e+01 5.01811066e+01
    5.03083687e+01 5.12812691e+01 5.07520790e+01 4.83573112e+01
    5.19007721e+01 5.24531898e+01 5.12993202e+01 4.88292160e+01
    5.25469551e+01 4.87088242e+01 5.14398079e+01 5.35059013e+01
    5.12758408e+01 5.43932419e+01 5.32029991e+01 5.38871040e+01
    5.47352524e+01 5.27634430e+01 5.23165054e+01 5.34551392e+01
    5.34584885e+01 5.37732849e+01 5.14610939e+01 5.48995018e+01
    5.29722862e+01 5.32906036e+01 5.37246132e+01 5.42359467e+01
    5.33680191e+01 5.47902908e+01 5.21333160e+01 5.50575409e+01
    5.36604996e+01 5.34281425e+01 5.34420662e+01 5.44969444e+01
    5.41481934e+01 5.42800179e+01 5.47303696e+01 5.56169930e+01
    5.55292854e+01 5.64936485e+01 5.40443382e+01 5.48362999e+01
    5.43082161e+01 5.32674484e+01 5.42340355e+01 5.30507202e+01
    5.29420280e+01 5.43004608e+01 5.28717117e+01 5.25775261e+01
    5.33589478e+01 5.41239510e+01 5.24046860e+01 5.02314186e+01
    4.97174110e+01 5.11682854e+01 5.19373627e+01 5.17645454e+01
    5.28368797e+01 5.43423195e+01 5.06293030e+01 5.14165993e+01
    4.93309898e+01 5.02700157e+01 4.98518677e+01 5.03575478e+01
    5.10389252e+01 5.05765190e+01 5.00378685e+01 5.00161400e+01
    4.99269142e+01 5.27714233e+01 5.22929115e+01 5.37783089e+01
    5.42438583e+01 5.27383995e+01 5.58044739e+01 5.68296890e+01
    5.55320511e+01 5.79091721e+01 5.78278923e+01 5.65209160e+01
    5.58535004e+01 5.75183296e+01 5.61775131e+01 5.80390892e+01
    5.37408943e+01 5.71091843e+01 5.60745049e+01 5.44622383e+01
    5.52558441e+01 5.45872993e+01 5.33172531e+01 5.39654961e+01
    5.32219810e+01 5.58126221e+01 5.50412292e+01 5.49665527e+01
    5.70273170e+01 5.61821022e+01 5.54942856e+01 5.28615761e+01
    5.58807945e+01 5.46367722e+01 5.36185074e+01 5.13430939e+01
    5.44049034e+01 5.56085358e+01 5.37844009e+01 5.36407776e+01
    5.59339981e+01 5.57696114e+01 5.37635002e+01 5.39486504e+01
    5.44044151e+01 5.30917931e+01 5.60356560e+01 5.26257896e+01
    5.37958755e+01 5.39095268e+01 5.31783562e+01 5.61765480e+01
    5.47324142e+01 5.41957932e+01 5.46390114e+01 5.35428734e+01
    5.39703140e+01 5.26878662e+01 5.67515984e+01 5.57230301e+01
    5.41194038e+01 5.53371506e+01 5.44229355e+01 5.53187599e+01
    5.69190407e+01 5.66372299e+01 5.77575760e+01 5.37668877e+01
    5.32036896e+01 5.72187347e+01 5.70879555e+01 5.66238098e+01
    5.76369858e+01 5.66546936e+01 5.66086235e+01 5.69095039e+01
    5.20861931e+01 5.28795319e+01 5.61132698e+01 5.59346275e+01
    5.23837204e+01 5.15242119e+01 5.36358147e+01 5.38005295e+01
    5.27342300e+01 5.32007294e+01 5.33844566e+01 5.46650352e+01
    5.64981728e+01 5.11274872e+01 5.30128632e+01 5.51930809e+01
    5.40532837e+01 5.25697174e+01 5.06336784e+01 5.28859215e+01
    5.51762276e+01 5.57313461e+01 5.37102814e+01 5.27067833e+01
    5.23541870e+01 5.09932709e+01 5.03547401e+01 4.97353745e+01
    5.12304039e+01 5.03257866e+01 5.27727966e+01 4.91886330e+01
    5.21540451e+01 4.96752663e+01 5.19647026e+01 5.15803833e+01
    5.35560036e+01 5.17202835e+01 5.29920006e+01 5.21496429e+01
    5.25619621e+01 5.01575394e+01 5.27434654e+01 5.45975227e+01
    5.23278122e+01 5.15269356e+01 5.77401161e+01 5.39473991e+01
    5.48372459e+01 5.60297546e+01 5.64687843e+01 5.59166145e+01
    5.37796822e+01 5.47362938e+01 5.72356987e+01 5.38436279e+01
    5.43881721e+01 5.35989037e+01 5.05152817e+01 5.29711266e+01
    5.11515999e+01 5.16029816e+01 5.30242310e+01 5.00509186e+01
    5.24382935e+01 5.23826141e+01 5.10036316e+01 4.91030693e+01
    5.07561035e+01 5.25446053e+01 5.27562256e+01 5.11585045e+01
    5.26299629e+01 5.03075829e+01 5.04057426e+01 5.22289047e+01
    5.08193474e+01 5.27786865e+01 5.07148933e+01 5.42699356e+01
    5.03449440e+01 4.99301376e+01 5.13011017e+01 5.10408020e+01
    5.03556061e+01 5.03523598e+01 4.99726105e+01 5.19641876e+01
    5.34983749e+01 4.96971169e+01 4.92615395e+01 4.97608337e+01
    4.99237213e+01 5.09651871e+01 4.93482971e+01 5.04410133e+01
    5.22856445e+01 4.96341438e+01 5.00231209e+01 5.07186928e+01
    5.12756386e+01 5.11319351e+01 5.31967621e+01 5.28261604e+01
    5.46451035e+01 5.39418411e+01 5.43577728e+01 5.40326805e+01
    5.56096344e+01 5.42052689e+01 5.25103111e+01 5.39110527e+01
    5.41092606e+01 5.79308319e+01 5.64369011e+01 5.49639359e+01
    5.64871140e+01 5.31781082e+01 5.46212502e+01 5.25803833e+01
    5.27263527e+01 5.18784447e+01 5.50787582e+01 5.18679657e+01
    5.09931793e+01 5.37749138e+01 5.69550209e+01 5.39248276e+01
    5.67177811e+01 5.56777420e+01 5.72794952e+01 5.55356598e+01
    5.63473778e+01 5.74645500e+01 5.82162437e+01 5.42560806e+01
    5.73795929e+01 5.40911293e+01 5.52907295e+01 5.38679810e+01
    5.18923149e+01 5.25400581e+01 5.36349182e+01 5.21356850e+01
    5.35998497e+01 5.36630707e+01 5.02945137e+01 5.36083679e+01
    5.34193497e+01 5.08819923e+01 5.14699097e+01 5.34415321e+01
    5.30954132e+01 5.13181725e+01 4.95697746e+01 5.43760948e+01
    5.31739006e+01 5.04722748e+01 5.01065063e+01 5.01227036e+01
    5.22646217e+01 5.15332680e+01 5.17025566e+01 5.19659424e+01
    4.92809868e+01 4.68171196e+01 4.91468620e+01 5.13339539e+01
    4.97260780e+01 5.13707199e+01 5.52261162e+01 5.45024834e+01
    5.59729729e+01 5.68411980e+01 5.56081543e+01 5.92809067e+01
    5.72464447e+01 5.46338005e+01 5.69512329e+01 5.52605476e+01
    5.76699944e+01 5.55988388e+01 5.40537033e+01 5.60655022e+01
    5.58258972e+01 5.64002151e+01 5.33955002e+01 5.57258835e+01
    5.62075500e+01 5.52799759e+01 5.31307144e+01 5.25699654e+01
    5.20773773e+01 5.30709496e+01 5.43502197e+01 5.45634613e+01
    5.51593704e+01 5.68233795e+01 5.63985100e+01 5.62718468e+01
    5.23570251e+01 5.47202950e+01 5.68183174e+01 5.56039162e+01
    5.46414833e+01 5.57506752e+01 5.36215858e+01 5.61943779e+01
    5.43734398e+01 5.42360802e+01 5.39647369e+01 5.32293358e+01
    5.73764458e+01 5.59375839e+01 5.50879631e+01 5.52185669e+01
    5.28386497e+01 5.40030937e+01 5.63860893e+01 5.32627754e+01
    5.36030006e+01 5.60686455e+01 5.51426735e+01 5.59855690e+01
    5.08971481e+01 5.58609810e+01 5.36880722e+01 5.68007889e+01
    5.32279663e+01 5.41355820e+01 5.45445023e+01 5.79064064e+01
    5.58327408e+01 5.75789986e+01 5.43173714e+01 5.77325211e+01
    5.71866837e+01 5.54525871e+01 5.59693794e+01 5.39035568e+01
    5.41742210e+01 5.56379623e+01 5.44751740e+01 5.57519112e+01
    5.44624977e+01 5.69107323e+01 5.40835266e+01 5.04759254e+01
    5.28246460e+01 5.27357178e+01 5.23974304e+01 5.39148750e+01
    5.38091888e+01 5.44789085e+01 5.52800255e+01 5.43840370e+01
    5.22706985e+01 5.52132263e+01 5.70010490e+01 5.32204247e+01
    5.43612976e+01 5.16497459e+01 5.48060417e+01 5.50026398e+01
    5.35513229e+01 5.29566727e+01 5.22461052e+01 5.35552330e+01
    4.94558449e+01 5.04352112e+01 5.25033417e+01 5.50420303e+01
    5.49084396e+01 5.22564545e+01 5.27474403e+01 5.22745514e+01
    4.97517281e+01 5.32383499e+01 5.22518921e+01 5.44874306e+01
    5.39637070e+01 5.40878525e+01 5.40250702e+01 5.43321609e+01
    5.41760445e+01 5.76746826e+01 5.48760872e+01 5.54794388e+01
    5.49962769e+01 5.80135307e+01 5.55767403e+01 5.31959114e+01
    5.78021202e+01 5.67021523e+01 5.59348679e+01 5.30424347e+01
    5.38156166e+01 5.66497459e+01 5.55445290e+01 5.26226501e+01
    5.36333504e+01 5.58392715e+01 5.53634377e+01 5.14868584e+01
    5.38032227e+01 5.05207329e+01 5.36282005e+01 5.30965958e+01
    5.08934860e+01 4.91281776e+01 4.99232407e+01 5.31577339e+01
    4.88600960e+01 5.06615868e+01 5.16932983e+01 5.25539169e+01
    5.10031853e+01 5.05974579e+01 5.11317520e+01 5.18561096e+01
    4.94365463e+01 5.04896011e+01 5.10130577e+01 5.13671799e+01
    5.34979553e+01 5.22468071e+01 4.85252151e+01 5.15855560e+01
    4.94643440e+01 5.04515533e+01 5.10698738e+01 4.74089508e+01
    5.02714806e+01 5.05584641e+01 4.61728630e+01 5.09734306e+01
    4.85386047e+01 5.10432358e+01 4.99570351e+01 5.04367561e+01
    5.01424332e+01 5.14622803e+01 4.95622215e+01 5.56340408e+01
    5.16207581e+01 5.39116898e+01 5.25504951e+01 5.59126778e+01
    5.18774147e+01 5.34858627e+01 5.38292084e+01 5.55949974e+01
    5.60438080e+01 5.19979134e+01 5.49822693e+01 5.65199738e+01
    5.50410728e+01 5.34191666e+01 5.36309738e+01 5.19939079e+01
    5.25807343e+01 5.25878410e+01 5.51564255e+01 5.22256927e+01
    5.38224564e+01 5.39855995e+01 5.51839600e+01 5.35635910e+01
    5.63135109e+01 5.56637802e+01 5.54782829e+01 5.34920502e+01
    5.36228523e+01 5.36234398e+01 5.77441559e+01 5.45671539e+01
    5.47075615e+01 5.59584236e+01 5.52059250e+01 5.14177666e+01
    5.61616364e+01 5.32378197e+01 5.04936371e+01 5.36258049e+01
    5.28816528e+01 5.20580177e+01 5.38575935e+01 5.38935051e+01
    5.26628113e+01 5.24601250e+01 5.17735672e+01 5.47158966e+01
    5.36278877e+01 4.99788361e+01 5.35894279e+01 5.05874062e+01
    4.98072433e+01 5.19498978e+01 5.28332100e+01 4.87079010e+01
    5.03851547e+01 5.08873558e+01 4.97819672e+01 5.05910568e+01
    5.07311478e+01 4.91651001e+01 5.14251099e+01 5.22243004e+01
    5.26939545e+01 5.16634445e+01 5.36546707e+01 5.51614952e+01
    5.60364799e+01 5.39354439e+01 5.49120903e+01 5.45933685e+01
    5.28269005e+01 5.46860619e+01 5.68946457e+01 5.55725403e+01
    5.65830460e+01 5.77399368e+01 5.52117729e+01 5.55772018e+01
    5.64617500e+01 5.67022934e+01 5.59725418e+01 5.68428154e+01
    5.41925735e+01 5.42260780e+01 5.48074646e+01 5.38846474e+01
    5.07764664e+01 5.31464615e+01 5.30706940e+01 5.20539970e+01
    5.45278015e+01 5.30483551e+01 5.67803802e+01 5.40543289e+01
    5.60608826e+01 5.42059631e+01 5.41003418e+01 5.41901016e+01
    5.83928795e+01 5.65021286e+01 5.49217224e+01 5.50581970e+01
    5.68889465e+01 5.68617020e+01 5.70686684e+01 5.67227783e+01
    6.02343864e+01 5.64345703e+01 5.53301468e+01 5.93691330e+01
    5.72473526e+01 5.45841904e+01 5.39839630e+01 5.51364326e+01
    5.47912064e+01 5.34244385e+01 5.48154449e+01 5.36194420e+01
    5.22661858e+01 5.32597542e+01 5.28421211e+01 5.33868446e+01
    5.43669472e+01 5.35192070e+01 5.22160416e+01 5.29243774e+01
    5.46983833e+01 5.72556152e+01 5.70751572e+01 5.47394295e+01
    5.50266037e+01 5.80163689e+01 5.46541023e+01 5.43498535e+01
    5.54933968e+01 5.49568405e+01 5.75280991e+01 5.44967117e+01
    5.37010803e+01 5.40479088e+01 5.87158661e+01 5.71843605e+01
    5.33037033e+01 5.40158043e+01 5.32635880e+01 5.28972969e+01
    5.48719177e+01 5.42342110e+01 5.46052399e+01 5.57374420e+01
    5.58409615e+01 5.44845314e+01 5.39943848e+01 5.59695435e+01
    5.26399994e+01 5.28906136e+01 5.35954361e+01 5.17756348e+01
    5.34177132e+01 5.30896111e+01 5.38281364e+01 5.26323776e+01
    5.32868767e+01 5.03881912e+01 5.15116196e+01 5.02800217e+01
    5.16720734e+01 5.23621826e+01 5.18433952e+01 4.94557495e+01
    5.19274063e+01 5.18863449e+01 4.99426079e+01 5.01822624e+01
    5.29530945e+01 5.25772324e+01 5.15116463e+01 5.15191460e+01
    5.32212868e+01 5.31576996e+01 5.37975540e+01 5.30552711e+01
    5.43867302e+01 5.57849960e+01 5.61628609e+01 5.57150764e+01
    5.70205307e+01 5.51905479e+01 5.66685066e+01 5.95700569e+01
    5.69438972e+01 5.49467087e+01 5.64938164e+01 5.52349663e+01
    5.85796051e+01 5.51811485e+01 5.40387878e+01 5.36061592e+01
    5.55785751e+01 5.27048149e+01 5.04846115e+01 5.02260056e+01
    5.21651230e+01 5.05541649e+01 5.14186668e+01 5.07722588e+01
    4.97841187e+01 5.22414894e+01 5.08767662e+01 4.94492226e+01
    4.77157364e+01 4.91985817e+01 5.07949905e+01 4.95357285e+01
    4.74371490e+01 5.00692673e+01 5.10568848e+01 4.87210197e+01
    5.17139359e+01 4.96192780e+01 5.03220596e+01 5.25662575e+01
    4.99987793e+01 5.05926590e+01 5.12714310e+01 5.28175507e+01
    5.14285431e+01 5.17373428e+01 5.05336990e+01 5.03782425e+01
    4.86742783e+01 4.91574974e+01 5.08101425e+01 5.23296661e+01
    5.30131264e+01 5.24229698e+01 5.46193123e+01 5.33497200e+01
    5.36714058e+01 5.36468964e+01 5.56231842e+01 5.29634628e+01
    5.26098862e+01 5.40319786e+01 5.34505157e+01 5.57262230e+01
    5.48425636e+01 5.55280075e+01 5.70944099e+01 5.26366234e+01
    5.23266258e+01 5.35484123e+01 5.17246246e+01 5.02953339e+01
    5.42555962e+01 5.42222252e+01 5.13993683e+01 5.11851654e+01
    5.03042755e+01 5.28013382e+01 5.44848328e+01 5.46154366e+01
    5.30548210e+01 5.32079926e+01 5.16029549e+01 5.12659836e+01
    5.43225098e+01 5.17753296e+01 5.21637459e+01 5.52557259e+01
    5.61523666e+01 5.71851959e+01 5.48119354e+01 5.67090988e+01
    5.84681320e+01 5.53120270e+01 5.50381737e+01 5.56940994e+01
    5.18588486e+01 5.16746750e+01 5.41864662e+01 5.27929039e+01
    5.15879555e+01 5.32410164e+01 5.36140480e+01 5.37495003e+01
    5.06969528e+01 5.41641426e+01 5.23251495e+01 5.06406670e+01
    4.94032974e+01 5.19696007e+01 4.99720268e+01 5.23376656e+01
    5.30876961e+01 5.11564331e+01 4.92422638e+01 5.14835510e+01
    4.84746323e+01 4.83865509e+01 5.02217789e+01 5.01100388e+01
    4.93493767e+01 4.99954758e+01 4.80017433e+01 5.34975891e+01
    5.01375542e+01 4.86879883e+01 5.24652138e+01 5.27716179e+01
    5.35763321e+01 5.50918465e+01 5.62250481e+01 5.33314819e+01
    5.90259895e+01 5.78504753e+01 5.61832352e+01 6.01330681e+01
    5.76987686e+01 5.59246178e+01 5.75828590e+01 5.71003075e+01
    5.62396965e+01 5.42161369e+01 5.64492950e+01 5.39578209e+01
    5.66606712e+01 5.53186073e+01 5.66595001e+01 5.55251007e+01
    5.58004074e+01 5.50629082e+01 5.51655884e+01 5.45851593e+01
    5.62879105e+01 5.33077621e+01 5.53012390e+01 5.56655807e+01
    5.60644150e+01 5.24111023e+01 5.41103439e+01 5.38282394e+01
    5.36729584e+01 5.63851013e+01 5.41718102e+01 5.68491020e+01
    5.42200584e+01 5.27867622e+01 5.58737106e+01 5.60871468e+01
    5.45303078e+01 5.53645210e+01 5.74019012e+01 5.77849617e+01
    5.41683502e+01 5.79161034e+01 5.47950630e+01 5.27020302e+01
    5.36100006e+01 5.20882187e+01 5.34319267e+01 5.39051781e+01
    5.29651680e+01 5.42195511e+01 5.32322998e+01 5.28829651e+01
    5.27549362e+01 5.49004211e+01 5.45150108e+01 5.22951126e+01
    5.53756447e+01 5.60985184e+01 5.56246834e+01 5.68069839e+01
    5.69629402e+01 5.69848404e+01 5.43922272e+01 5.66356964e+01
    5.51853790e+01 5.70482140e+01 5.40503235e+01 5.75974655e+01
    5.30445099e+01 5.69101982e+01 5.30315514e+01 5.03898621e+01
    5.23202591e+01 5.24848022e+01 5.31745682e+01 5.14361992e+01
    5.37777023e+01 5.54850273e+01 5.73645821e+01 5.48013802e+01
    5.00516968e+01 5.32707634e+01 5.24708290e+01 5.14937057e+01
    5.34271660e+01 5.48547592e+01 5.20040894e+01 5.51756439e+01
    5.66826172e+01 5.33667564e+01 5.10026207e+01 5.34795113e+01
    4.97563438e+01 5.14629059e+01 5.17926979e+01 5.31576691e+01
    5.35386086e+01 5.18297920e+01 5.25118675e+01 4.89074936e+01
    5.13004799e+01 4.84982300e+01 4.97031403e+01 5.38924561e+01
    5.11897430e+01 5.25997047e+01 5.16152687e+01 5.21530876e+01
    5.37629967e+01 5.01890259e+01 5.53176193e+01 5.41574020e+01
    5.59081001e+01 5.68065453e+01 5.53513908e+01 5.70385017e+01
    5.89591980e+01 5.65351181e+01 5.60389709e+01 5.67302933e+01
    5.62263489e+01 5.69107056e+01 5.42113380e+01 5.40645790e+01
    5.37261810e+01 5.44975739e+01 5.22846642e+01 5.12911072e+01
    5.23744011e+01 5.21323586e+01 5.10273018e+01 5.18505325e+01
    5.01125374e+01 4.90778923e+01 5.26329956e+01 4.73999023e+01
    5.19169121e+01 4.97972946e+01 5.13998795e+01 4.97842789e+01
    5.11772766e+01 5.20692520e+01 5.20705643e+01 5.20333176e+01
    4.88615112e+01 5.00193100e+01 4.94589233e+01 4.84056549e+01
    4.97961502e+01 4.85036659e+01 4.81728210e+01 4.89312401e+01
    4.88628769e+01 4.96492958e+01 4.84391708e+01 4.94736023e+01
    5.17781563e+01 5.21887207e+01 5.05255432e+01 5.04928207e+01
    5.12034187e+01 5.30809135e+01 5.35936813e+01 5.31032333e+01
    5.37082787e+01 5.41549568e+01 5.41740417e+01 5.37090187e+01
    5.43385696e+01 5.29272537e+01 5.45148010e+01 5.61180801e+01
    5.51321144e+01 5.41118698e+01 5.36673622e+01 5.37674713e+01
    5.22231445e+01 5.20663452e+01 5.18041534e+01 5.44882240e+01
    5.31291313e+01 5.28382263e+01 5.44789886e+01 5.26066437e+01
    5.23253822e+01 5.13169708e+01 4.86531754e+01 5.10835762e+01
    5.22760391e+01 5.17090073e+01 5.02528801e+01 5.47659492e+01
    5.67052994e+01 5.25913162e+01 5.28744698e+01 5.54328384e+01
    5.43613129e+01 5.32920570e+01 5.50135345e+01 5.44307022e+01
    5.34067726e+01 5.29873886e+01 5.40817604e+01 5.37564697e+01
    5.33617935e+01 5.23248863e+01 5.19383392e+01 4.98871574e+01
    5.41257973e+01 5.22790680e+01 5.19746819e+01 5.28203316e+01
    5.37364235e+01 5.29275970e+01 5.57045784e+01 5.36335678e+01
    5.41719246e+01 5.44817429e+01 5.12512856e+01 5.36427917e+01
    5.24721794e+01 5.19021416e+01 5.45176926e+01 5.02251282e+01
    4.96723061e+01 5.08576241e+01 5.16100235e+01 4.84957657e+01
    4.73935661e+01 5.06917686e+01 4.99757195e+01 4.87073669e+01
    5.05668945e+01 4.95774117e+01 5.25819893e+01 4.97886238e+01
    5.17468300e+01 5.33563461e+01 5.49946823e+01 5.63054848e+01
    5.71348877e+01 5.79870338e+01 6.01725540e+01 5.84589691e+01
    5.79061012e+01 5.71298218e+01 5.61697006e+01 5.78605957e+01
    5.53430710e+01 5.64417114e+01 5.63337669e+01 5.74313736e+01
    5.65983086e+01 5.69102211e+01 5.43823471e+01 5.39595604e+01
    5.22134895e+01 5.26639023e+01 5.17414970e+01 5.24087791e+01
    5.36212997e+01 5.39243126e+01 5.23309059e+01 5.36376915e+01
    5.24647865e+01 5.60257263e+01 5.01599884e+01 5.39567719e+01
    5.47264519e+01 5.47256660e+01 5.45090675e+01 5.53104210e+01
    5.46031303e+01 5.51807098e+01 5.43977661e+01 5.32696686e+01
    5.52466393e+01 5.62641182e+01 5.64761009e+01 5.65247078e+01
    5.40755043e+01 5.67681160e+01 5.71057358e+01 5.46215935e+01
    5.34374313e+01 5.51807022e+01 5.43290253e+01 5.52314682e+01
    5.42323570e+01 5.40299721e+01 5.26173782e+01 5.33872147e+01
    5.40707664e+01 5.49072495e+01 5.32833824e+01 5.46542511e+01
    5.37654572e+01 5.72604599e+01 5.53362732e+01 5.58120995e+01
    5.53664131e+01 5.68564186e+01 5.62885284e+01 5.60555229e+01
    5.42831764e+01 5.30380859e+01 5.68895798e+01 5.30940514e+01
    5.28581505e+01 5.51649742e+01 5.47644615e+01 5.32888641e+01
    5.09916458e+01 5.15517311e+01 5.34341927e+01 5.22264061e+01
    5.22918320e+01 5.30402794e+01 5.20362587e+01 5.38796577e+01
    5.40558929e+01 5.08945656e+01 5.29159050e+01 5.39457855e+01
    5.42086182e+01 5.27087517e+01 5.36333542e+01 5.60357132e+01
    5.67096710e+01 5.37738304e+01 5.63556747e+01 5.63023109e+01
    5.21067467e+01 4.93241844e+01 5.46585770e+01 4.99792290e+01
    5.28394966e+01 5.14549522e+01 5.15742111e+01 5.08793755e+01
    4.92629814e+01 5.23364983e+01 4.95055389e+01 5.09075737e+01
    5.11052628e+01 5.11691132e+01 4.74398575e+01 5.30015182e+01
    5.25082436e+01 5.38303070e+01 5.15517120e+01 5.46858521e+01
    5.16072311e+01 5.77000275e+01 5.31789322e+01 5.66486626e+01
    5.74946556e+01 5.53133011e+01 5.55817833e+01 5.44226341e+01
    5.36134567e+01 5.44545326e+01 5.37817764e+01 5.77579079e+01
    5.62323494e+01 5.34996452e+01 5.36158524e+01 5.55620041e+01
    5.44791183e+01 5.22754478e+01 5.21749153e+01 5.07832413e+01
    5.09880676e+01 5.15248032e+01 5.03841133e+01 5.11918945e+01
    5.05752296e+01 5.31628723e+01 5.00911827e+01 5.18870583e+01
    5.17195168e+01 5.14165955e+01 4.97758865e+01 5.00136986e+01
    5.13556442e+01 5.04165192e+01 5.15702209e+01 5.10773506e+01
    5.03975601e+01 5.21518288e+01 4.80612640e+01 5.08955421e+01
    5.03529549e+01 4.90544395e+01 4.94411087e+01 4.99373970e+01
    4.93790588e+01 4.83774261e+01 4.90693321e+01 5.20962868e+01
    5.27971191e+01 5.26491280e+01 5.16001968e+01 5.34350624e+01
    5.25547562e+01 5.26849556e+01 5.45900307e+01 5.44599953e+01
    5.30311012e+01 5.54831810e+01 5.60978012e+01 5.73828087e+01
    5.53483124e+01 5.73677673e+01 5.51219673e+01 5.36125793e+01
    5.43773994e+01 5.36926651e+01 5.51135941e+01 5.60635681e+01
    5.50080795e+01 5.62161179e+01 5.44227562e+01 5.15697632e+01
    5.08632431e+01 5.11430740e+01 5.11666679e+01 5.04260406e+01
    5.24237061e+01 5.01547928e+01 5.16160469e+01 5.33640518e+01
    5.60095901e+01 5.30457153e+01 5.43162003e+01 5.58861122e+01
    5.43070717e+01 5.46961250e+01 5.37836189e+01 5.65902023e+01
    5.74818268e+01 5.71942940e+01 5.58528442e+01 5.67927132e+01
    5.98619881e+01 5.63333244e+01 5.50229950e+01 5.52824478e+01
    4.93713226e+01 5.37998009e+01 5.28991890e+01 5.39616814e+01
    5.41786423e+01 5.61246948e+01 5.49241982e+01 5.23806229e+01
    5.48444901e+01 5.47842484e+01 5.39228439e+01 5.35269051e+01
    5.33747177e+01 5.25197716e+01 5.15296783e+01 5.22764397e+01
    5.25017242e+01 5.11341057e+01 4.96471558e+01 5.13248367e+01
    5.08552628e+01 5.13141251e+01 4.90329781e+01 4.93841133e+01
    5.25186081e+01 5.05154114e+01 4.98390579e+01 5.40972137e+01
    5.31885529e+01 5.38627472e+01 5.15712433e+01 5.47659416e+01
    5.53700485e+01 5.53814812e+01 5.63801460e+01 5.62789650e+01
    5.90284233e+01 5.71960220e+01 5.69856377e+01 5.61822968e+01
    5.72406693e+01 5.84548569e+01 5.82601471e+01 5.64359932e+01
    5.52024460e+01 5.49171295e+01 5.60838928e+01 5.46588783e+01
    5.30856514e+01 5.24307861e+01 5.40953445e+01 5.33889351e+01
    5.29099808e+01 5.37645607e+01 5.23503494e+01 5.44608498e+01
    5.54304085e+01 5.28252792e+01 5.07827263e+01 5.42593460e+01
    5.35169830e+01 5.32472343e+01 5.40662994e+01 5.45797272e+01
    5.59057083e+01 5.33942719e+01 5.53353386e+01 5.44200096e+01
    5.63951530e+01 5.59693489e+01 5.77300529e+01 5.59164848e+01
    5.57650909e+01 5.87026367e+01 5.85127792e+01 5.52181129e+01
    5.65516243e+01 5.66206665e+01 5.63896980e+01 5.41362267e+01
    5.38450584e+01 5.37022514e+01 5.17279015e+01 5.29427719e+01
    5.30792313e+01 5.09855766e+01 5.44183273e+01 5.28890305e+01
    5.50393333e+01 5.19141388e+01 5.10866127e+01 5.32347298e+01
    5.57392921e+01 5.66830406e+01 5.32572556e+01 5.56854362e+01
    5.45095711e+01 5.64230270e+01 5.39395447e+01 5.15461540e+01
    5.37926788e+01 5.27325325e+01 5.09131622e+01 5.14030342e+01
    5.39697418e+01 5.24504166e+01 5.12098160e+01 5.01585045e+01
    5.12359047e+01 5.14863205e+01 4.89294243e+01 5.06836700e+01
    5.29032364e+01 5.26234131e+01 5.52869759e+01 5.54055099e+01
    5.26459770e+01 5.22255592e+01 5.47220421e+01 5.24784012e+01
    5.36053505e+01 5.41290283e+01 5.71586189e+01 5.51101799e+01
    5.28615990e+01 5.43827515e+01 5.33409882e+01 5.32000427e+01
    5.28834648e+01 5.10859871e+01 5.31085892e+01 5.42569351e+01
    5.26399231e+01 5.32601738e+01 5.30528450e+01 5.09107819e+01
    5.29028397e+01 5.10251274e+01 5.25500336e+01 5.17210922e+01
    5.12133751e+01 4.91207809e+01 5.25098267e+01 5.23419533e+01
    5.17463493e+01 5.14089622e+01 5.51182899e+01 5.15686569e+01
    5.37054787e+01 5.34110985e+01 5.51669540e+01 5.45239830e+01
    5.67464142e+01 5.70943031e+01 5.53935013e+01 5.54748764e+01
    5.72327881e+01 5.51395912e+01 5.85758324e+01 5.76481438e+01
    5.47100410e+01 5.58038559e+01 5.36569786e+01 5.22732735e+01
    5.40074196e+01 5.14027786e+01 5.35118484e+01 5.26757736e+01
    4.99049644e+01 5.07493896e+01 5.09969749e+01 5.07590599e+01
    5.16816139e+01 4.94743958e+01 5.20433083e+01 4.90105934e+01
    5.21726379e+01 4.76315308e+01 5.01798592e+01 4.87003326e+01
    5.07620239e+01 5.06978683e+01 5.16339111e+01 4.74736176e+01
    5.06194572e+01 4.80294075e+01 4.84242973e+01 4.91927719e+01
    4.83867416e+01 4.84572334e+01 5.03415413e+01 5.06600266e+01
    5.14396172e+01 5.06564865e+01 5.16755257e+01 5.30765038e+01
    5.04816971e+01 5.29550743e+01 5.39087143e+01 5.23119392e+01
    5.45493431e+01 5.56253967e+01 5.61121521e+01 5.68998375e+01
    5.68307533e+01 5.72253609e+01 5.82111244e+01 5.36443214e+01
    5.85197639e+01 5.63170815e+01 5.57803001e+01 5.50198021e+01
    5.65387077e+01 5.34275131e+01 5.59203415e+01 5.44856834e+01
    5.45617599e+01 5.17360458e+01 5.30088959e+01 5.36285896e+01
    5.11910095e+01 5.34612770e+01 5.16226273e+01 5.38353424e+01
    5.14081841e+01 5.27522926e+01 5.37077141e+01 5.57720451e+01
    5.56084061e+01 5.59913940e+01 5.55407410e+01 5.56071663e+01
    5.63791504e+01 5.56182442e+01 5.68387184e+01 5.75769424e+01
    5.54531898e+01 5.55860558e+01 5.79405479e+01 5.58716469e+01
    5.56562614e+01 5.49978447e+01 5.53484344e+01 5.27536850e+01
    5.18301811e+01 5.37089920e+01 5.49077568e+01 5.28894539e+01
    5.44600372e+01 5.25604401e+01 5.35415459e+01 5.28553505e+01
    5.24542274e+01 5.27074242e+01 5.35678139e+01 5.34512672e+01
    5.35615692e+01 5.41347504e+01 5.43431435e+01 5.42789612e+01
    4.98727150e+01 5.43867378e+01 5.17063255e+01 5.19288788e+01
    5.06959190e+01 5.18310547e+01 5.16786270e+01 5.21093559e+01
    5.09550133e+01 5.32869225e+01 5.07983246e+01 5.12278976e+01
    5.56015854e+01 5.34444923e+01 5.65074921e+01 5.52749672e+01
    5.39157944e+01 5.66810036e+01 5.73206291e+01 5.59864273e+01
    5.66469841e+01 5.85468941e+01 5.75093346e+01 5.61377678e+01
    5.76933784e+01 5.57027283e+01 5.49520111e+01 5.49723930e+01
    5.46655655e+01 5.49534874e+01 5.25132141e+01 5.07194443e+01
    5.35486450e+01 5.30766640e+01 5.02219124e+01 5.34679260e+01
    5.51270752e+01 5.29836159e+01 5.46856689e+01 5.22770844e+01
    5.17367897e+01 5.37242241e+01 5.20090408e+01 5.26887245e+01
    5.57845764e+01 5.40792694e+01 5.50728111e+01 5.67839890e+01
    5.54903107e+01 5.56045532e+01 5.94958115e+01 5.54838028e+01
    5.53711967e+01 5.89479866e+01 5.60414963e+01 5.51154556e+01
    5.72305145e+01 5.58852730e+01 5.63342896e+01 5.66482697e+01
    5.63802605e+01 5.37057152e+01 5.42101898e+01 5.39592094e+01
    5.40538635e+01 5.07849312e+01 5.02007828e+01 5.15718231e+01
    5.14760780e+01 4.93853683e+01 4.84953270e+01 5.00033607e+01
    5.05669594e+01 5.15468674e+01 5.30859871e+01 5.29586220e+01
    5.09311829e+01 5.24504967e+01 5.35429192e+01 5.46849289e+01
    5.43403778e+01 5.38457718e+01 5.32646828e+01 5.54656525e+01
    5.50919266e+01 5.51223640e+01 5.65310898e+01 5.57197113e+01
    5.45486565e+01 5.03677025e+01 5.20187607e+01 5.18513985e+01
    5.12506485e+01 5.09622612e+01 5.21059036e+01 5.30642700e+01
    5.28997498e+01 5.18110275e+01 5.05022850e+01 5.34425392e+01
    5.33372459e+01 5.33824463e+01 5.26405258e+01 5.33193588e+01
    5.45616417e+01 5.51373901e+01 5.60665054e+01 5.53533058e+01
    5.36435471e+01 5.44162979e+01 5.30474854e+01 5.26209412e+01
    5.59725380e+01 5.63786659e+01 5.45082703e+01 5.13790855e+01
    5.24284592e+01 5.04847870e+01 5.16413345e+01 4.99303131e+01
    5.26319313e+01 5.30331802e+01 4.98961449e+01 5.02654114e+01
    5.11535492e+01 5.15161896e+01 5.34870224e+01 5.25635948e+01
    5.09436874e+01 5.29767303e+01 5.31277618e+01 5.36043091e+01
    5.51569977e+01 5.58537560e+01 5.53609581e+01 5.95375099e+01
    5.51721382e+01 5.59684715e+01 5.71837425e+01 5.76819229e+01
    5.86005707e+01 5.76854401e+01 5.47084618e+01 5.69893837e+01
    5.45270004e+01 5.45795212e+01 5.37352180e+01 5.45682030e+01
    5.29977684e+01 5.21049919e+01 5.13228149e+01 4.80807571e+01
    5.18681145e+01 4.88734818e+01 5.20448227e+01 4.90227356e+01
    5.07228775e+01 5.14209518e+01 4.84500542e+01 5.09084435e+01
    5.10749512e+01 5.12084618e+01 5.26100159e+01 4.98644485e+01
    4.91401367e+01 4.87727203e+01 4.76809387e+01 4.92929878e+01
    4.70838356e+01 4.82602463e+01 5.00702896e+01 4.84865837e+01
    4.75282135e+01 4.89514046e+01 4.93507919e+01 4.98188858e+01
    4.89295197e+01 5.11575508e+01 5.17661362e+01 5.12960510e+01
    5.48002129e+01 5.29953270e+01 5.32321358e+01 5.48915596e+01
    5.33001976e+01 5.54922943e+01 5.67989693e+01 5.53304825e+01
    5.66117287e+01 5.91529808e+01 5.33238792e+01 5.56334457e+01
    5.42558289e+01 5.31042213e+01 5.22703018e+01 5.47108345e+01
    5.22945480e+01 5.37212906e+01 5.26472435e+01 5.23795738e+01
    5.16908073e+01 5.05851173e+01 5.44323769e+01 5.10888443e+01
    5.12350159e+01 5.05586548e+01 5.40650291e+01 5.43286819e+01
    5.42024574e+01 5.62029991e+01 5.66457100e+01 5.55652428e+01
    5.75219536e+01 5.50773544e+01 5.77218742e+01 5.79048462e+01
    5.54536819e+01 5.55048218e+01 5.51233902e+01 5.60653267e+01
    5.62828827e+01 5.64617386e+01 5.64394379e+01 5.46072388e+01
    5.34173775e+01 5.26562805e+01 5.25181885e+01 5.37700233e+01
    5.43319283e+01 5.41155777e+01 5.30646553e+01 5.44353409e+01
    5.54356613e+01 5.59325829e+01 5.43986588e+01 5.55775070e+01
    5.21972275e+01 5.52716293e+01 5.37389030e+01 5.44905472e+01
    5.37903824e+01 5.23325462e+01 5.36404915e+01 5.39810867e+01
    5.01913109e+01 4.89411507e+01 5.13662910e+01 5.15581360e+01
    5.18655090e+01 4.81177826e+01 4.92910271e+01 5.11581802e+01
    5.25078430e+01 5.05447998e+01 5.23397522e+01 5.40604019e+01
    5.46312447e+01 5.37831306e+01 5.38815346e+01 5.43326797e+01
    5.69539566e+01 5.75078621e+01 5.57080040e+01 5.60509377e+01
    5.63527031e+01 5.58363342e+01 5.56220436e+01 5.63368721e+01
    5.51320992e+01 5.41752090e+01 5.53590050e+01 5.35580330e+01
    5.50569496e+01 5.25917015e+01 5.52067719e+01 5.33588753e+01
    5.13035965e+01 5.19786301e+01 5.53503990e+01 5.49108124e+01
    5.21819344e+01 5.37740669e+01 5.22928276e+01 5.46100006e+01
    5.66448288e+01 5.34997063e+01 5.62718773e+01 5.75199623e+01
    5.65256386e+01 5.58992958e+01 5.58270378e+01 5.46283722e+01
    5.50576897e+01 5.65086937e+01 5.60297432e+01 5.74356041e+01
    5.52854042e+01 5.82765808e+01 5.77476463e+01 5.92652130e+01
    5.53419762e+01 5.54879532e+01 5.54938316e+01 5.52052231e+01
    5.35796776e+01 5.44238014e+01 5.22452812e+01 5.01999855e+01
    5.12045822e+01 5.16180382e+01 5.25058479e+01 5.27429428e+01
    5.00406456e+01 5.22085876e+01 5.16141624e+01 5.32371292e+01
    5.21590385e+01 5.37002029e+01 5.28799286e+01 5.50978470e+01
    5.43889809e+01 5.14534492e+01 5.32728004e+01 5.16353302e+01
    5.32640266e+01 5.41311646e+01 5.00950241e+01 5.03754578e+01
    5.35138092e+01 5.35443649e+01 5.11460190e+01 4.99341431e+01
    5.24075928e+01 5.29321861e+01 5.00838089e+01 5.01922264e+01
    5.14152031e+01 5.46673851e+01 5.22377434e+01 5.08666344e+01
    5.11763420e+01 5.26588097e+01 5.18782539e+01 4.99127960e+01
    5.14463348e+01 5.50101967e+01 5.38979683e+01 5.55796013e+01
    5.47347336e+01 5.70017319e+01 5.60510788e+01 4.96273918e+01
    5.41068611e+01 5.23555260e+01 5.27194252e+01 5.49573631e+01
    5.25446281e+01 5.34717560e+01 5.19800949e+01 5.04099388e+01
    4.99632835e+01 5.30264893e+01 5.04402504e+01 5.18370590e+01
    4.88337860e+01 4.93763962e+01 5.00445213e+01 5.10825768e+01
    4.85315666e+01 5.39154205e+01 5.39651947e+01 5.16193886e+01
    5.54208107e+01 5.57951279e+01 5.67513351e+01 5.62448502e+01
    5.51911163e+01 5.80981140e+01 5.79441948e+01 5.46519089e+01
    5.74498024e+01 5.55091324e+01 5.69698753e+01 5.67853851e+01
    5.59340973e+01 5.51077118e+01 5.81211700e+01 5.45834885e+01
    5.23908539e+01 5.03431129e+01 5.33940048e+01 5.16086884e+01
    5.12604637e+01 5.08105011e+01 5.15725517e+01 5.16145096e+01
    5.04670067e+01 5.00611877e+01 4.96048431e+01 5.21195641e+01
    5.21872406e+01 5.08583603e+01 5.02059021e+01 4.72447395e+01
    4.81602020e+01 5.15261269e+01 4.91360474e+01 4.77000427e+01
    4.95097961e+01 5.15200348e+01 5.06178360e+01 4.78261070e+01
    4.61615181e+01 4.76697350e+01 4.95955315e+01 4.62446175e+01
    4.88863487e+01 5.08739777e+01 5.14597244e+01 5.46573486e+01
    5.34276314e+01 5.37740479e+01 5.52041435e+01 5.68101578e+01
    5.51097870e+01 5.49235344e+01 5.53162956e+01 5.71539345e+01
    5.80197258e+01 5.63954163e+01 5.61910706e+01 5.61448212e+01
    5.39238739e+01 5.55489578e+01 5.35563850e+01 5.33575554e+01
    5.47564240e+01 5.46461563e+01 5.51431923e+01 5.61023903e+01
    5.10078392e+01 5.22972069e+01 5.37001038e+01 5.34458199e+01
    5.24675407e+01 5.53415527e+01 5.36683731e+01 5.51095352e+01
    5.41867867e+01 5.65070801e+01 5.49040718e+01 5.61028786e+01
    5.68041077e+01 5.59036064e+01 5.49064255e+01 5.87238045e+01
    5.62730865e+01 5.71929398e+01 5.71033897e+01 5.59404526e+01
    5.79815369e+01 5.53732529e+01 5.62782478e+01 5.64326935e+01
    5.46288109e+01 5.55260696e+01 5.43430443e+01 5.55212860e+01
    5.15730972e+01 5.47864952e+01 5.35822830e+01 5.44106331e+01
    5.60799370e+01 5.45368195e+01 5.64084015e+01 5.73400269e+01
    5.61693153e+01 5.45674591e+01 5.53433876e+01 5.27005119e+01
    5.22492523e+01 5.13376503e+01 5.46580200e+01 5.14306755e+01
    5.21320992e+01 5.13039932e+01 5.00135994e+01 4.86492653e+01
    4.97161407e+01 4.79484100e+01 5.18692894e+01 4.90527077e+01
    5.16612282e+01 5.20092354e+01 5.34127426e+01 5.42731667e+01
    5.20073051e+01 5.42572212e+01 5.51777344e+01 5.42289009e+01
    5.37877693e+01 5.39829559e+01 5.67915916e+01 5.68853226e+01
    5.59352608e+01 5.62342606e+01 5.82609444e+01 5.49868011e+01
    5.67168388e+01 5.71435776e+01 5.53976173e+01 5.57224770e+01
    5.51242447e+01 5.61586494e+01 5.17515945e+01 5.20250473e+01
    5.30093613e+01 5.35420723e+01 5.18262253e+01 5.11618118e+01
    5.23183174e+01 5.53874969e+01 5.45601616e+01 5.40051689e+01
    5.64603539e+01 5.76958733e+01 5.58261681e+01 5.61690521e+01
    5.39565773e+01 5.50400200e+01 5.66690369e+01 5.45398178e+01
    5.53535843e+01 5.40582314e+01 5.76207619e+01 5.88338432e+01
    5.34247856e+01 5.71812401e+01 5.73775826e+01 5.42207718e+01
    5.68119431e+01 5.66283340e+01 5.63963776e+01 5.53446579e+01
    5.76308212e+01 5.52273140e+01 5.26840172e+01 5.39111023e+01
    5.19103966e+01 5.11904831e+01 5.43281670e+01 5.22674828e+01
    5.30593681e+01 5.42970314e+01 5.36827087e+01 5.05792847e+01
    5.19862061e+01 5.27195663e+01 5.37443886e+01 5.17478104e+01
    5.07345200e+01 5.22746010e+01 5.55200577e+01 5.39942284e+01
    5.35435066e+01 5.20462914e+01 5.41370583e+01 5.47149696e+01
    5.53572845e+01 5.26684532e+01 5.40766907e+01 5.34740524e+01
    5.38007545e+01 5.16958618e+01 5.05448303e+01 5.07107468e+01
    5.08595581e+01 5.21028976e+01 5.18646622e+01 5.33216858e+01
    5.62219124e+01 5.01434021e+01 5.37355804e+01 5.15193825e+01
    5.41520691e+01 5.19914474e+01 5.40223503e+01 5.49348755e+01
    5.54253502e+01 5.27746353e+01 5.37779388e+01 5.60073128e+01
    5.54286652e+01 5.40589561e+01 5.28623314e+01 5.17451553e+01
    5.45678329e+01 5.43730812e+01 5.13745041e+01 5.06559258e+01
    5.27363701e+01 5.04024849e+01 5.14436150e+01 5.06474304e+01
    5.06616325e+01 5.05314827e+01 5.22372856e+01 4.92588120e+01
    5.13986053e+01 5.32547379e+01 5.16165009e+01 5.07142906e+01
    5.26955643e+01 5.00622215e+01 5.43320007e+01 5.33779984e+01
    5.62380791e+01 5.29614525e+01 5.51011848e+01 5.51839294e+01
    5.52495461e+01 5.56020164e+01 5.55299301e+01 5.69155884e+01
    5.64587822e+01 5.68249512e+01 5.69606285e+01 5.85290413e+01
    5.45651855e+01 5.51462517e+01 5.07702560e+01 5.27768364e+01
    5.16329651e+01 5.21350517e+01 5.31676788e+01 5.18051453e+01
    5.13484917e+01 5.27664680e+01 5.14271278e+01 5.14244576e+01
    5.11094170e+01 5.26505623e+01 5.28327560e+01 5.02782402e+01
    5.10327721e+01 4.91899796e+01 4.88496399e+01 5.13598671e+01
    5.05483856e+01 4.80674019e+01 4.96988754e+01 4.77150116e+01
    4.44325485e+01 4.72295151e+01 4.64714966e+01 4.82648773e+01
    4.71967049e+01 4.86476669e+01 4.86526642e+01 5.21474800e+01
    5.17690544e+01 5.25572357e+01 5.20185432e+01 5.23939514e+01
    5.36027679e+01 5.60287285e+01 5.37251129e+01 5.52652588e+01
    5.46426430e+01 5.75096474e+01 5.57529297e+01 5.46279106e+01
    5.64976540e+01 5.90804977e+01 5.85512352e+01 5.57741051e+01
    5.50237045e+01 5.66253662e+01 5.57996407e+01 5.36746445e+01
    5.36428146e+01 5.71145554e+01 5.23394661e+01 5.41769600e+01
    5.42358742e+01 5.60244217e+01 5.62745399e+01 5.45144348e+01
    5.24728012e+01 5.36773872e+01 5.50202370e+01 5.40717659e+01
    5.51004677e+01 5.53638840e+01 5.72841148e+01 5.65978813e+01
    5.80417519e+01 5.63875084e+01 5.99676361e+01 5.75204315e+01
    5.72880898e+01 5.67916870e+01 5.68231697e+01 5.51888199e+01
    5.87431679e+01 5.64417839e+01 6.05325432e+01 5.62973557e+01
    5.68223534e+01 5.41017418e+01 5.50099602e+01 5.39891357e+01
    5.86427345e+01 5.51066284e+01 5.94103889e+01 5.76277313e+01
    5.34212151e+01 5.66571884e+01 5.48142586e+01 5.31334991e+01
    5.45850830e+01 5.10595322e+01 5.44981613e+01 5.49944725e+01
    5.41738739e+01 5.65058784e+01 5.14710159e+01 5.29572906e+01
    5.12471199e+01 5.06221619e+01 5.10922928e+01 5.21507797e+01
    5.15513077e+01 5.26247482e+01 5.20749550e+01 5.07357216e+01
    4.97420387e+01 5.34082909e+01 5.34401665e+01 5.25804176e+01
    5.39585419e+01 5.64869499e+01 5.24154587e+01 5.68755226e+01
    5.72993431e+01 5.93948021e+01 5.49701500e+01 5.37395096e+01
    5.40119324e+01 5.49271126e+01 5.55578156e+01 5.44329796e+01
    5.40897827e+01 5.68658066e+01 5.16084518e+01 5.15728035e+01
    5.13872261e+01 5.14725723e+01 5.28347206e+01 5.09285812e+01
    5.25858994e+01 5.29493103e+01 5.25390244e+01 5.40078316e+01
    5.44761162e+01 5.31814346e+01 5.42741890e+01 5.32215347e+01
    5.18229828e+01 5.57890968e+01 5.64467392e+01 5.67654343e+01
    5.50227699e+01 5.48387566e+01 5.83668098e+01 5.67451096e+01
    5.62342567e+01 5.66714516e+01 5.32347717e+01 5.47453041e+01
    5.65639191e+01 5.58531418e+01 5.56973839e+01 5.59533501e+01
    5.62580643e+01 5.30079384e+01 5.39671555e+01 5.40316620e+01
    5.58419571e+01 5.30177536e+01 5.37082825e+01 5.05580673e+01
    5.39809532e+01 5.42015800e+01 5.09611244e+01 5.19905739e+01
    5.22615204e+01 5.10641975e+01 4.87492027e+01 5.10825119e+01
    5.03955383e+01 5.32010345e+01 5.14476585e+01 5.35851974e+01
    5.24568939e+01 5.15198174e+01 5.38301659e+01 5.29466705e+01
    5.27634048e+01 5.36267586e+01 5.30620689e+01 5.41048279e+01
    5.51858940e+01 5.30912285e+01 5.30745850e+01 5.17128716e+01
    5.25057030e+01 5.28987465e+01 5.32879295e+01 5.26751823e+01
    5.37110977e+01 5.14927063e+01 5.74195938e+01 5.76006737e+01
    5.01407394e+01 5.40297470e+01 5.32367363e+01 5.24650688e+01
    5.58700371e+01 5.39803276e+01 5.79092026e+01 5.67196083e+01
    5.48673096e+01 5.79090309e+01 5.73859100e+01 5.37230263e+01
    5.24541397e+01 5.24893684e+01 5.12100639e+01 5.36051102e+01
    5.05576935e+01 5.11604347e+01 5.33813629e+01 5.04355125e+01
    5.12893944e+01 5.10675545e+01 4.96554375e+01 5.08312302e+01
    5.23055992e+01 5.03239555e+01 4.92785683e+01 5.35576820e+01
    5.23252640e+01 5.13285942e+01 5.20997925e+01 5.61951256e+01
    5.30160217e+01 5.58209724e+01 5.19501228e+01 5.72418022e+01
    5.52648506e+01 5.67825279e+01 5.70516739e+01 5.63094330e+01
    5.65541344e+01 5.78753052e+01 5.86211281e+01 6.07150230e+01
    5.72591591e+01 5.60376167e+01 5.66494102e+01 5.55089531e+01
    5.61272316e+01 5.28693123e+01 5.40444450e+01 5.21600075e+01
    5.26520576e+01 5.26062813e+01 4.92311897e+01 5.17310791e+01
    5.08208084e+01 4.93281021e+01 4.96481934e+01 4.87866516e+01
    5.22450600e+01 4.81805000e+01 4.90858955e+01 4.87135582e+01
    4.94187775e+01 4.97068787e+01 4.88098869e+01 4.88635521e+01
    4.94707184e+01 4.93515434e+01 4.92353935e+01 4.82965088e+01
    4.81785812e+01 4.73195953e+01 4.65352325e+01 4.59647980e+01
    4.72188339e+01 5.11494713e+01 5.17636261e+01 5.11241875e+01
    5.23743057e+01 5.31294594e+01 5.39306831e+01 5.50692062e+01
    5.61911812e+01 5.56403351e+01 5.33080139e+01 5.48815689e+01
    5.48535728e+01 5.73071289e+01 5.59575424e+01 5.70531883e+01
    5.53065186e+01 5.77701569e+01 5.45260468e+01 5.35518417e+01
    5.38341904e+01 5.28080254e+01 5.20449257e+01 5.61202507e+01
    5.60995407e+01 5.26028557e+01 5.46795044e+01 5.39605179e+01
    5.50280151e+01 5.39168625e+01 5.38141289e+01 5.44776917e+01
    5.36560516e+01 5.55560837e+01 5.50354767e+01 5.70835304e+01
    5.77516861e+01 5.70465317e+01 5.86495514e+01 5.66678581e+01
    5.58751640e+01 5.82012863e+01 5.67577629e+01 5.82587509e+01
    5.76387444e+01 5.59284897e+01 5.81327705e+01 6.01241989e+01
    5.52313576e+01 5.70028152e+01 5.47478714e+01 5.54654694e+01
    5.67237282e+01 5.71689682e+01 5.75057106e+01 5.81668816e+01
    5.75710945e+01 5.70497780e+01 5.34082222e+01 5.64866142e+01
    5.26509552e+01 5.43820915e+01 5.29265556e+01 5.38564644e+01
    5.13091850e+01 5.22565918e+01 5.22525826e+01 5.24890137e+01
    5.29744377e+01 5.28265266e+01 5.19583282e+01 5.19433556e+01
    5.32377892e+01 5.22225418e+01 5.13567314e+01 5.25074425e+01
    5.32666435e+01 5.17944221e+01 5.27722626e+01 5.28966789e+01
    5.35946541e+01 5.47178268e+01 5.81069031e+01 5.64948006e+01
    5.48869057e+01 5.25740929e+01 5.92318687e+01 5.71203499e+01
    5.32041588e+01 5.38542442e+01 5.36360054e+01 5.65748138e+01
    5.68518791e+01 5.20778122e+01 5.35567665e+01 5.31711960e+01
    5.36920052e+01 5.00692635e+01 5.40104599e+01 5.15810928e+01
    5.69891510e+01 5.52935257e+01 5.21687927e+01 5.44752884e+01
    5.35422058e+01 5.46662483e+01 5.55792465e+01 5.23016930e+01
    5.31099243e+01 5.34652252e+01 5.57446022e+01 5.63352776e+01
    5.53477020e+01 5.71131554e+01 5.73583107e+01 5.65312881e+01
    5.43551979e+01 5.60515175e+01 5.56579132e+01 5.80437660e+01
    5.74594841e+01 5.63477440e+01 5.64599762e+01 5.87983513e+01
    5.74481888e+01 5.82511902e+01 5.43309784e+01 5.75586319e+01
    5.44190826e+01 5.51066666e+01 5.18851242e+01 5.43403206e+01
    5.10718307e+01 5.33979530e+01 5.21387482e+01 5.29577179e+01
    5.02992554e+01 5.30764503e+01 5.02540283e+01 5.02918663e+01
    4.82332420e+01 5.32296410e+01 5.21102715e+01 5.04256973e+01
    4.99293442e+01 5.09329605e+01 5.56222305e+01 5.11731949e+01
    4.79265442e+01 5.14423256e+01 5.23332253e+01 5.43158035e+01
    5.15364189e+01 5.15457306e+01 5.66684418e+01 5.40415649e+01
    5.26929817e+01 5.18316612e+01 5.18126564e+01 5.51464272e+01
    5.36350021e+01 5.48064270e+01 5.47078590e+01 5.53997879e+01
    5.75521278e+01 5.93637810e+01 5.76352882e+01 5.50944557e+01
    5.33180466e+01 5.71308746e+01 5.70085678e+01 5.73379707e+01
    5.45318260e+01 5.61173859e+01 5.60685120e+01 5.36573982e+01
    5.28479347e+01 5.28315277e+01 5.42151413e+01 5.32190132e+01
    5.13676147e+01 5.29934196e+01 4.95630493e+01 4.96995125e+01
    5.22007713e+01 4.95258102e+01 4.92041779e+01 5.19661331e+01
    4.95564117e+01 5.15889893e+01 4.92821579e+01 5.13999672e+01
    5.06044922e+01 5.17325783e+01 5.29676170e+01 5.24808426e+01
    5.20587616e+01 5.55130959e+01 5.61449966e+01 5.42287521e+01
    5.68057365e+01 5.65194626e+01 5.78118515e+01 5.73027534e+01
    5.63764114e+01 5.56311188e+01 5.82026138e+01 5.74549294e+01
    5.72314568e+01 5.93176689e+01 5.78518867e+01 5.50769768e+01
    5.84947205e+01 5.78321342e+01 5.65653267e+01 5.53844604e+01
    5.38178253e+01 5.31920700e+01 5.18846588e+01 5.17621727e+01
    5.20646820e+01 5.03479767e+01 5.17049522e+01 5.24179916e+01
    5.15844612e+01 4.93479614e+01 4.79581032e+01 4.80504379e+01
    4.83978195e+01 4.61266479e+01 4.91184578e+01 4.86564064e+01
    4.84866447e+01 4.92503853e+01 4.76182022e+01 4.87801895e+01
    4.94597092e+01 5.11642227e+01 4.80220604e+01 4.73047104e+01
    4.79890518e+01 5.04820099e+01 4.95330124e+01 5.25211716e+01
    5.34840050e+01 5.49310532e+01 5.19181175e+01 5.49313812e+01
    5.46602402e+01 5.46386414e+01 5.32926331e+01 5.47751503e+01
    5.85636330e+01 5.47653923e+01 5.62278519e+01 5.70140877e+01
    5.60156364e+01 5.52989693e+01 5.45789070e+01 5.37358017e+01
    5.39972687e+01 5.41408577e+01 5.34556389e+01 5.52031822e+01
    5.46561089e+01 5.47770309e+01 5.23050919e+01 5.17567863e+01
    5.20064888e+01 5.30392914e+01 5.38995934e+01 5.39258957e+01
    5.25415154e+01 5.45351677e+01 5.22728043e+01 5.69025421e+01
    5.64867516e+01 5.75132294e+01 5.52639351e+01 5.39708900e+01
    5.45091133e+01 5.64760170e+01 5.37457886e+01 5.75336761e+01
    5.72312393e+01 5.48621063e+01 5.65471497e+01 5.51026268e+01
    5.72270432e+01 5.88064270e+01 5.45584679e+01 5.65511894e+01
    5.66644707e+01 5.47524414e+01 5.59462090e+01 5.61834679e+01
    5.62669868e+01 5.79701424e+01 5.64584541e+01 5.65803490e+01
    5.62273254e+01 5.56977272e+01 5.58231964e+01 5.43316345e+01
    5.47563629e+01 5.35789719e+01 5.52982903e+01 5.46904984e+01
    5.63191147e+01 5.48256187e+01 5.43451767e+01 5.32094193e+01
    5.11596832e+01 5.13609428e+01 5.05589256e+01 5.02796936e+01
    5.37191162e+01 5.14891510e+01 5.27910728e+01 5.28503914e+01
    5.24819336e+01 5.39935265e+01 5.29969330e+01 5.09840736e+01
    5.18213005e+01 5.59098816e+01 5.29857903e+01 5.15093117e+01
    5.48042793e+01 5.65026474e+01 5.63351593e+01 5.63075180e+01
    5.47699127e+01 5.33531609e+01 5.67028923e+01 5.59591484e+01
    5.56483727e+01 5.57743263e+01 5.35819359e+01 5.58542442e+01
    5.49649391e+01 5.29902420e+01 5.27132988e+01 5.29760284e+01
    5.42701683e+01 5.06391068e+01 5.26651344e+01 5.75443687e+01
    5.44375801e+01 5.56342049e+01 5.43984184e+01 5.56641579e+01
    5.46390724e+01 5.58055077e+01 5.43707771e+01 5.44814072e+01
    5.31908150e+01 5.72557373e+01 5.67342491e+01 5.71751289e+01
    5.73590317e+01 5.54569359e+01 5.50882225e+01 5.63301811e+01
    5.56824684e+01 5.55282288e+01 5.71285248e+01 5.54853706e+01
    5.88094406e+01 5.44030228e+01 5.33872032e+01 5.34269638e+01
    5.27952843e+01 5.14341812e+01 5.02181168e+01 4.79619026e+01
    5.18058739e+01 4.87372589e+01 4.93406029e+01 5.18446350e+01
    5.29610939e+01 4.99247856e+01 5.12338257e+01 4.86254768e+01
    5.20186272e+01 4.87563782e+01 5.19046783e+01 4.98130722e+01
    5.28796043e+01 5.20461464e+01 5.01038628e+01 5.19465637e+01
    5.18472672e+01 5.15446587e+01 5.22282028e+01 5.41896019e+01
    5.50565834e+01 5.50902405e+01 5.32705803e+01 5.30257759e+01
    5.29251633e+01 5.54286079e+01 5.19132919e+01 5.11157990e+01
    5.44647369e+01 5.17833481e+01 5.72577934e+01 5.40600891e+01
    5.50809326e+01 5.56507797e+01 5.57413063e+01 5.50860939e+01
    5.67005310e+01 5.63949852e+01 5.50981827e+01 5.42686844e+01
    5.49106407e+01 5.59743004e+01 5.22857132e+01 5.31360664e+01
    5.43293610e+01 5.26987610e+01 4.92022476e+01 5.10243607e+01
    4.98139191e+01 4.78350906e+01 4.89478760e+01 4.89872131e+01
    5.00807533e+01 5.23985672e+01 5.01950798e+01 4.86848831e+01
    5.11158752e+01 4.97349968e+01 5.06479836e+01 5.31141739e+01
    5.35375137e+01 5.36135216e+01 5.32838440e+01 5.05997849e+01
    5.54553146e+01 5.28964424e+01 5.48500099e+01 5.49267578e+01
    5.49689865e+01 5.72937355e+01 5.72759972e+01 5.62103462e+01
    5.76444283e+01 5.79378052e+01 5.58911209e+01 5.72083435e+01
    5.67909317e+01 5.87259254e+01 5.57966309e+01 5.70513763e+01
    5.38765221e+01 5.51452103e+01 5.36003113e+01 5.51818390e+01
    5.12030792e+01 5.16583443e+01 5.10127831e+01 5.31626740e+01
    5.01262436e+01 4.89423981e+01 5.00168037e+01 5.21363487e+01
    5.02730370e+01 4.95316391e+01 4.86980286e+01 4.99834518e+01
    5.02007561e+01 4.94662590e+01 4.97560501e+01 4.88237381e+01
    4.83025398e+01 4.78068123e+01 4.78187065e+01 5.03752518e+01
    5.06168137e+01 4.76941719e+01 4.93214912e+01 5.02509575e+01
    5.07473145e+01 5.04535561e+01 5.24858551e+01 5.59348259e+01
    5.36053162e+01 5.35276451e+01 5.68052063e+01 5.67506180e+01
    5.57974014e+01 5.80675125e+01 5.68153534e+01 5.72451172e+01
    5.61232758e+01 5.63389053e+01 5.42945518e+01 5.48280029e+01
    5.38107185e+01 5.15086594e+01 5.11656265e+01 5.39363976e+01
    5.13655319e+01 5.43761940e+01 5.42436371e+01 5.26099434e+01
    5.08750572e+01 5.16288490e+01 5.18180351e+01 5.36931419e+01
    5.60080147e+01 5.28166161e+01 5.39957314e+01 5.36382370e+01
    5.38358841e+01 5.39782906e+01 5.34466248e+01 5.36408844e+01
    5.56810989e+01 5.40772438e+01 5.61427116e+01 5.55614777e+01
    5.45673370e+01 5.75363617e+01 5.52278633e+01 5.45887604e+01
    5.33418503e+01 5.31731529e+01 5.48544350e+01 5.68338699e+01
    5.47993279e+01 5.46948547e+01 5.53310928e+01 5.35933990e+01
    5.45685844e+01 5.47914162e+01 5.64499512e+01 5.72436028e+01
    5.72689514e+01 5.72945862e+01 5.63858643e+01 5.60730591e+01
    5.47929497e+01 5.47340088e+01 5.40863457e+01 5.35904465e+01
    5.44050674e+01 5.61426430e+01 5.22401619e+01 5.42608795e+01
    5.24869728e+01 5.06806259e+01 5.16902733e+01 5.16582642e+01
    5.22709999e+01 5.19584160e+01 5.23926506e+01 5.48188553e+01
    5.16213417e+01 5.20613365e+01 5.48686218e+01 5.27132645e+01
    5.38282585e+01 5.12481537e+01 5.50495148e+01 5.59789009e+01
    5.45282631e+01 5.37060623e+01 5.70314636e+01 5.57029724e+01
    5.56714058e+01 5.52693863e+01 5.37981453e+01 5.48199577e+01
    5.55114021e+01 5.21736908e+01 5.57374229e+01 5.63695145e+01
    5.00622177e+01 5.26278877e+01 5.21720047e+01 5.35326691e+01
    5.25658417e+01 5.37116127e+01 5.66803970e+01 5.58910828e+01
    5.23753395e+01 5.54575920e+01 5.58315582e+01 5.19599228e+01
    5.32586212e+01 5.13564034e+01 5.48695221e+01 5.49795914e+01
    5.28176498e+01 5.54599915e+01 5.84736900e+01 5.38791771e+01
    5.57602768e+01 5.49085541e+01 5.40056839e+01 5.63556404e+01
    5.78555374e+01 5.60117264e+01 5.65117836e+01 5.72352180e+01
    5.65846977e+01 5.54613762e+01 5.61575623e+01 5.42724609e+01
    5.06499977e+01 5.26553574e+01 5.17823677e+01 5.19816170e+01
    5.00403557e+01 5.24859657e+01 5.44821777e+01 5.10445747e+01
    5.05985336e+01 5.08393517e+01 5.11712608e+01 5.00462303e+01
    4.74997215e+01 5.15360107e+01 5.02424355e+01 5.18989258e+01
    4.81262627e+01 5.02313614e+01 5.21909103e+01 5.10126991e+01
    4.98332481e+01 4.95228806e+01 5.08113136e+01 5.05399780e+01
    5.07205009e+01 5.19489479e+01 5.18500595e+01 5.26288795e+01
    5.05033455e+01 5.19150429e+01 5.18276176e+01 5.20963402e+01
    5.20717354e+01 5.23382759e+01 5.45101433e+01 5.59551315e+01
    5.51889610e+01 5.64584236e+01 5.68465347e+01 5.84140053e+01
    5.55981255e+01 5.61650162e+01 5.58954391e+01 5.43988419e+01
    5.55218658e+01 5.53060150e+01 5.40244408e+01 5.64802780e+01
    5.47029572e+01 5.28137856e+01 5.22322655e+01 5.25795670e+01
    5.06916542e+01 4.84820328e+01 4.78503151e+01 4.99988823e+01
    5.01556206e+01 4.93248367e+01 4.86319008e+01 5.03887177e+01
    5.15934601e+01 4.99429588e+01 5.01022453e+01 4.98145828e+01
    4.93689461e+01 5.21624222e+01 5.27920685e+01 5.30757637e+01
    5.07226257e+01 5.53702812e+01 5.59765968e+01 5.49631157e+01
    5.52233963e+01 5.80440559e+01 5.49392433e+01 5.51663055e+01
    5.69075775e+01 5.62800560e+01 5.71486397e+01 5.45943146e+01
    5.82223778e+01 5.73837585e+01 5.61023102e+01 5.73343315e+01
    5.81208611e+01 5.36900520e+01 5.55070381e+01 5.68674278e+01
    5.35247879e+01 5.26600342e+01 5.23266411e+01 5.28968697e+01
    4.88624229e+01 4.96459236e+01 5.32604256e+01 4.93255463e+01
    4.96019669e+01 5.14343872e+01 5.01054115e+01 5.03167610e+01
    4.65211220e+01 4.75995941e+01 4.97196960e+01 4.75714722e+01
    4.96844978e+01 4.87833939e+01 4.98758621e+01 5.16001511e+01
    5.04310379e+01 5.38442574e+01 5.15280762e+01 4.85291748e+01
    5.06349182e+01 4.83422813e+01 4.90836220e+01 5.05205193e+01
    5.32916718e+01 5.58500137e+01 5.41108742e+01 5.49543152e+01
    5.74208298e+01 5.61107254e+01 5.53762589e+01 5.67506638e+01
    5.61501312e+01 5.75253410e+01 5.38002167e+01 5.73067551e+01
    5.81108894e+01 5.58152542e+01 5.68080597e+01 5.37153320e+01
    5.32192688e+01 5.41370926e+01 5.45634460e+01 5.52887688e+01
    5.42207031e+01 4.99853134e+01 5.12218895e+01 5.15579605e+01
    5.05732880e+01 5.33339462e+01 5.17481537e+01 5.35247765e+01
    5.10579834e+01 5.17488289e+01 5.21041565e+01 5.22990646e+01
    5.38972664e+01 5.56990242e+01 5.52151985e+01 5.34167633e+01
    5.54421272e+01 5.43847771e+01 5.51666870e+01 5.38779068e+01
    5.44542274e+01 5.34382019e+01 5.56421738e+01 5.57265053e+01
    5.53323555e+01 5.71535072e+01 5.62636871e+01 5.53305817e+01
    5.34803276e+01 5.37354851e+01 5.27821350e+01 5.53084373e+01
    5.60180359e+01 5.66813583e+01 5.64270210e+01 5.87169304e+01
    5.52264519e+01 5.66764488e+01 5.54674530e+01 5.50112762e+01
    5.19006577e+01 5.12550430e+01 5.22145767e+01 5.47843208e+01
    5.10927353e+01 5.52310677e+01 5.53728943e+01 5.16803284e+01
    5.09279633e+01 5.15877953e+01 5.49175911e+01 5.28668976e+01
    5.13364944e+01 5.14780159e+01 5.39082260e+01 5.22347794e+01
    5.34172440e+01 5.54972305e+01 5.47510910e+01 5.49319115e+01
    5.55220795e+01 5.58153839e+01 5.41649284e+01 5.32859116e+01
    5.69559898e+01 5.83291931e+01 5.37443390e+01 5.51648254e+01
    5.49366875e+01 5.56214523e+01 5.66150131e+01 5.52670555e+01
    5.39200134e+01 5.36521339e+01 5.40169411e+01 5.12725487e+01
    5.40325966e+01 5.41040573e+01 5.72402992e+01 5.13866882e+01
    5.39851494e+01 5.37573280e+01 5.18236046e+01 5.30956268e+01
    5.70259438e+01 5.07808914e+01 5.50857925e+01 5.40118446e+01
    5.44779396e+01 5.60951385e+01 5.45110664e+01 5.40860901e+01
    5.32249947e+01 5.47173691e+01 5.34426613e+01 5.37083778e+01
    5.80269165e+01 5.54159393e+01 5.51609154e+01 5.63678474e+01
    5.55617447e+01 5.42968788e+01 5.57094307e+01 5.43359146e+01
    5.31578979e+01 5.58983650e+01 5.29165382e+01 5.24041252e+01
    5.10397415e+01 5.35990295e+01 5.04275475e+01 4.98193741e+01
    5.06919060e+01 4.95971222e+01 5.25922813e+01 5.15313187e+01
    5.10810051e+01 4.89230957e+01 4.73254471e+01 5.03033943e+01
    5.33433304e+01 5.08233757e+01 4.96250725e+01 5.02610168e+01
    5.18683052e+01 5.25687103e+01 4.92733498e+01 5.01555328e+01
    5.08956337e+01 5.38651237e+01 5.11781311e+01 5.20223846e+01
    5.14891968e+01 5.28280907e+01 5.49070091e+01 5.07728958e+01
    5.18223419e+01 5.51007881e+01 5.24999084e+01 5.24895363e+01
    5.44869881e+01 5.56725655e+01 5.63677979e+01 5.76630745e+01
    5.64724007e+01 6.02245789e+01 5.54312820e+01 5.59562073e+01
    5.83996468e+01 5.75237160e+01 5.59016762e+01 5.64524574e+01
    5.50296249e+01 5.55122528e+01 5.29019585e+01 5.49009094e+01
    5.30682487e+01 5.18577232e+01 5.25516510e+01 4.99746857e+01
    5.14167137e+01 4.89017334e+01 5.15921135e+01 4.86863823e+01
    4.91279030e+01 4.82900696e+01 5.04957275e+01 5.11034508e+01
    4.95137177e+01 4.90549545e+01 5.01461601e+01 4.98532524e+01
    5.27160187e+01 5.15835571e+01 5.24496803e+01 5.31893883e+01
    5.62634392e+01 5.45765038e+01 5.35801773e+01 5.44807205e+01
    5.88423500e+01 5.67149811e+01 5.71749115e+01 5.65983238e+01
    5.96378403e+01 5.56745338e+01 5.83257217e+01 5.89712029e+01
    5.51066322e+01 5.38825531e+01 5.60176849e+01 5.52843933e+01
    5.50749702e+01 5.57339439e+01 5.34827843e+01 5.30225067e+01
    5.33522644e+01 5.22890701e+01 4.99711990e+01 5.33156548e+01
    5.20468636e+01 5.17343445e+01 5.36021996e+01 5.20029297e+01
    5.15209274e+01 4.92832603e+01 4.85120163e+01 4.70498390e+01
    4.95840034e+01 4.97257690e+01 5.11419144e+01 4.89783134e+01
    5.00927200e+01 5.07972069e+01 4.81186867e+01 4.94307938e+01
    4.97294159e+01 4.68932495e+01 4.87376595e+01 5.01340179e+01
    5.25347290e+01 5.33719635e+01 5.46761093e+01 5.58478889e+01
    5.41335945e+01 5.05956230e+01 5.46029854e+01 5.47376976e+01
    5.39006462e+01 5.53455353e+01 5.64929962e+01 5.65013466e+01
    5.61621132e+01 5.38091087e+01 5.72049446e+01 5.67714272e+01
    5.52080688e+01 5.19002266e+01 5.37059441e+01 5.29435577e+01
    5.15709038e+01 5.17611885e+01 5.41498947e+01 4.99153748e+01
    5.29249420e+01 5.23525047e+01 5.22403488e+01 5.12109337e+01
    5.55601234e+01 5.42611923e+01 5.40229149e+01 5.27692337e+01
    5.38139381e+01 5.43184166e+01 5.14482994e+01 5.30766563e+01
    5.61122704e+01 5.15595284e+01 5.30752983e+01 5.53384895e+01
    5.38438148e+01 5.32771378e+01 5.16022835e+01 5.22836952e+01
    5.35552750e+01 5.53277092e+01 5.38386459e+01 5.74319801e+01
    5.47936363e+01 5.62631607e+01 5.25369911e+01 5.37395325e+01
    5.58290596e+01 5.64556847e+01 5.54089546e+01 5.85422020e+01
    5.77889099e+01 5.67892685e+01 5.80417404e+01 5.29379807e+01
    5.31259499e+01 5.29852676e+01 5.24253998e+01 5.02180328e+01
    5.25999031e+01 5.30039673e+01 5.41063881e+01 5.12551346e+01
    5.30462036e+01 5.21516342e+01 5.26647682e+01 5.11509399e+01
    5.20514641e+01 5.16861153e+01 5.56864815e+01 5.49374275e+01
    5.59006729e+01 5.44285202e+01 5.62045631e+01 5.62786713e+01
    5.45411606e+01 5.41172943e+01 5.58015175e+01 5.69082832e+01
    5.70669289e+01 5.44596367e+01 5.62423210e+01 5.60237122e+01
    5.71728821e+01 5.35394974e+01 5.34144859e+01 5.36597061e+01
    5.55327225e+01 5.59679527e+01 5.44264183e+01 5.31143837e+01
    5.41887512e+01 5.50955429e+01 5.40396805e+01 5.07683105e+01
    5.31047783e+01 5.38934326e+01 5.36006203e+01 5.42521057e+01
    5.21466866e+01 5.57754211e+01 5.43657990e+01 5.65460777e+01
    5.42979279e+01 5.56372871e+01 5.39128609e+01 5.48479156e+01
    5.37474976e+01 5.56901398e+01 5.44960022e+01 5.68264618e+01
    5.36036110e+01 5.33996468e+01 5.21809235e+01 5.70406189e+01
    5.55455284e+01 5.58627739e+01 5.68426018e+01 5.60424538e+01
    5.61620216e+01 5.45359039e+01 5.54869156e+01 5.29987984e+01
    5.44047050e+01 5.47666016e+01 5.14806824e+01 4.90563011e+01
    5.07645836e+01 5.00872040e+01 5.00302620e+01 5.19822769e+01
    5.04465714e+01 4.91214027e+01 4.83067589e+01 4.89812088e+01
    4.98259850e+01 5.14016075e+01 5.13115692e+01 4.95040588e+01
    5.20348358e+01 5.03019943e+01 4.99539146e+01 5.14000359e+01
    5.27409477e+01 5.12910995e+01 4.98048592e+01 5.07507324e+01
    5.49214745e+01 5.18401604e+01 5.17947350e+01 5.23481903e+01
    5.32328339e+01 5.27484818e+01 5.19794388e+01 5.23802681e+01
    5.47290955e+01 5.20047417e+01 5.05800133e+01 5.21899376e+01
    5.62031288e+01 5.65828972e+01 5.63649940e+01 5.64009781e+01
    5.78931122e+01 5.55349960e+01 5.62304268e+01 5.68348503e+01
    5.72422104e+01 5.28222198e+01 5.46728096e+01 5.55423355e+01
    5.59424858e+01 5.30303421e+01 5.54661446e+01 5.25871048e+01
    5.08699417e+01 4.97808380e+01 4.99479637e+01 4.99577827e+01
    5.01440201e+01 4.88177261e+01 4.66291389e+01 5.11934052e+01
    4.91071892e+01 4.90112534e+01 4.86597519e+01 4.92324486e+01
    4.95628128e+01 5.18850098e+01 5.21716766e+01 5.20954285e+01
    5.13785858e+01 5.36758041e+01 5.50318413e+01 5.39915352e+01
    5.58179398e+01 5.51187668e+01 5.66476250e+01 5.95464783e+01
    5.88166885e+01 5.86279449e+01 5.82059364e+01 5.85335045e+01
    5.62659149e+01 5.94037209e+01 5.66794472e+01 5.53780441e+01
    5.52534409e+01 5.84765930e+01 5.67103043e+01 5.62769394e+01
    5.17803841e+01 5.54366798e+01 5.17385864e+01 5.31318512e+01
    5.11431618e+01 5.04410591e+01 5.28466759e+01 5.21572266e+01
    5.12029610e+01 5.05176277e+01 5.16489143e+01 5.24713516e+01
    4.82147636e+01 4.82891083e+01 5.16438942e+01 5.01492271e+01
    5.04593163e+01 4.86601448e+01 4.92574921e+01 5.19263306e+01
    5.12838249e+01 4.81661491e+01 4.93725166e+01 4.90799370e+01
    5.21509171e+01 4.83228264e+01 4.98700142e+01 5.07981224e+01
    5.40463905e+01 5.60349846e+01 5.32454643e+01 5.40055122e+01
    5.76905670e+01 5.60967331e+01 5.79454575e+01 5.59098244e+01
    5.47225571e+01 5.92990685e+01 5.60152054e+01 5.43944054e+01
    5.63241539e+01 5.58614388e+01 5.31935997e+01 5.07221642e+01
    5.08725853e+01 5.36875534e+01 4.97753677e+01 5.08239784e+01
    5.12118683e+01 5.26495056e+01 5.13363228e+01 5.25921326e+01
    5.05896873e+01 5.23800812e+01 5.08591232e+01 5.45123253e+01
    5.20222893e+01 4.95234909e+01 5.02284393e+01 5.37847633e+01
    5.26258049e+01 5.15205154e+01 5.34551239e+01 5.44043961e+01
    5.34679375e+01 5.48292046e+01 5.34957581e+01 5.47113075e+01
    5.23860626e+01 5.26972961e+01 5.40798378e+01 5.42105103e+01
    5.69859238e+01 5.58411369e+01 5.66398888e+01 5.32966461e+01
    5.28234596e+01 5.20961761e+01 5.37928047e+01 5.46254005e+01
    5.64678955e+01 5.61293678e+01 5.81081963e+01 5.72237244e+01
    5.59062271e+01 5.51400299e+01 5.62967339e+01 5.32161102e+01
    5.31048508e+01 5.40064697e+01 5.34825516e+01 5.28496704e+01
    5.46642189e+01 5.46427727e+01 5.30206718e+01 5.33994179e+01
    5.27961578e+01 5.45983200e+01 5.18508415e+01 5.35920906e+01
    5.54871902e+01 5.68433189e+01 5.42286339e+01 5.24836693e+01
    5.49402771e+01 5.51616402e+01 5.56102486e+01 5.32268524e+01
    5.49842644e+01 5.77248383e+01 5.48778801e+01 5.37185745e+01
    5.40961952e+01 5.57929153e+01 5.21521225e+01 5.43913345e+01
    5.45988312e+01 5.37639923e+01 5.41639099e+01 5.51685410e+01
    5.52561989e+01 5.44298668e+01 5.12768173e+01 5.30783920e+01
    5.15670547e+01 5.40821686e+01 5.63043556e+01 5.46838341e+01
    5.43034325e+01 5.36752243e+01 5.46614456e+01 5.43447037e+01
    5.38913803e+01 5.17595177e+01 5.27399216e+01 5.30207825e+01
    5.35040131e+01 5.27158661e+01 5.44134102e+01 5.33264694e+01
    5.53911552e+01 5.32779388e+01 5.51137085e+01 5.19940453e+01
    5.59253082e+01 5.56394730e+01 5.40012779e+01 5.42570343e+01
    5.61034088e+01 5.46612091e+01 5.67729607e+01 5.67830620e+01
    5.40694695e+01 5.39497223e+01 5.10894508e+01 5.19683266e+01
    5.27458153e+01 5.32135315e+01 5.06274529e+01 4.99998665e+01
    5.03415489e+01 4.82973671e+01 4.98960533e+01 5.02671013e+01
    4.91327972e+01 5.04887276e+01 5.03364296e+01 5.09701729e+01
    5.24729080e+01 5.00831451e+01 4.80489540e+01 5.49812355e+01
    5.05888290e+01 5.16302986e+01 5.19756165e+01 5.06865349e+01
    5.43348541e+01 5.09115601e+01 5.05264549e+01 5.37552834e+01
    4.98658524e+01 5.30794601e+01 5.28213959e+01 5.25725136e+01
    5.11671982e+01 5.46149406e+01 5.22207146e+01 5.45793648e+01
    5.28517876e+01 5.49383202e+01 5.57668114e+01 5.85848198e+01
    5.84204521e+01 5.87952728e+01 5.59511414e+01 5.63448029e+01
    5.89332962e+01 5.67995262e+01 5.62002563e+01 5.61001511e+01
    5.39550781e+01 5.52975235e+01 5.43434181e+01 5.59642830e+01
    5.36463356e+01 5.17537498e+01 5.15352020e+01 5.19887772e+01
    5.08813744e+01 4.97923546e+01 4.85493546e+01 5.16346817e+01
    5.09488983e+01 4.86107979e+01 4.96630287e+01 5.25981064e+01
    5.04032173e+01 5.02965012e+01 5.03874435e+01 5.48968163e+01
    5.17832832e+01 5.26270256e+01 5.41327705e+01 5.35576401e+01
    5.63250999e+01 5.70937881e+01 5.57015877e+01 5.68558655e+01
    5.82792397e+01 5.68663368e+01 5.78029137e+01 5.87428055e+01
    5.87886353e+01 5.60985641e+01 5.56562614e+01 5.48317947e+01
    5.70315018e+01 5.62512665e+01 5.84646721e+01 5.61263733e+01
    5.51785278e+01 5.41012459e+01 5.66524010e+01 5.50701561e+01
    5.27160110e+01 5.20280113e+01 5.17831535e+01 5.25189247e+01
    5.17239380e+01 5.10207787e+01 5.34270058e+01 5.46652985e+01
    5.34964676e+01 5.20644531e+01 5.08035126e+01 5.02387238e+01
    4.91482277e+01 4.91268616e+01 5.05738106e+01 4.71110344e+01
    4.88237724e+01 5.01635704e+01 5.01698723e+01 4.90382423e+01
    4.88922234e+01 4.79911194e+01 4.87265205e+01 4.77907715e+01
    4.97322388e+01 5.14060135e+01 5.41976395e+01 5.43124771e+01
    5.40800858e+01 5.23567467e+01 5.42923660e+01 5.18723450e+01
    5.15479774e+01 5.47405243e+01 5.18599930e+01 5.33004532e+01
    5.56597672e+01 5.35068092e+01 5.38842583e+01 5.40784569e+01
    5.35288925e+01 5.51407585e+01 5.24556885e+01 5.35138741e+01
    5.12440033e+01 5.12022934e+01 5.40954247e+01 5.06699562e+01
    5.04236946e+01 5.07988815e+01 5.10046310e+01 5.39401817e+01
    5.12779007e+01 5.01162148e+01 5.26919708e+01 4.97325058e+01
    5.28106384e+01 5.24988174e+01 5.30783691e+01 5.12510910e+01
    5.19139900e+01 5.14787292e+01 5.25994492e+01 5.15618172e+01
    5.17013321e+01 5.07038918e+01 5.34108009e+01 5.14262390e+01
    5.45179100e+01 5.33802567e+01 5.40626793e+01 5.34086380e+01
    5.41828003e+01 5.19935188e+01 5.29762764e+01 5.44248810e+01
    5.35886459e+01 5.55344658e+01 5.33886414e+01 5.70271530e+01
    5.63971710e+01 5.83089523e+01 5.39149208e+01 5.38384743e+01
    5.41343155e+01 5.61271172e+01 5.26996536e+01 5.50014343e+01
    5.42874031e+01 5.81808205e+01 5.38037148e+01 5.33673363e+01
    5.56192131e+01 5.35301743e+01 5.38368034e+01 5.21656914e+01
    5.36705551e+01 5.52828102e+01 5.50622787e+01 5.30664749e+01
    5.48387299e+01 5.42638779e+01 5.52607346e+01 5.60173454e+01
    5.44690552e+01 5.37571068e+01 5.32204742e+01 5.79775314e+01
    5.74258194e+01 5.20211220e+01 5.49379730e+01 5.49243126e+01
    5.55889511e+01 5.45868797e+01 5.47281113e+01 5.40881081e+01
    5.51166458e+01 5.36351776e+01 5.51114273e+01 5.45922318e+01
    5.73357277e+01 5.45819893e+01 5.30329132e+01 5.10725479e+01
    5.34030266e+01 5.38931541e+01 5.10645638e+01 5.14399681e+01
    5.15672455e+01 5.10078087e+01 5.28944969e+01 5.43943710e+01
    5.31940575e+01 5.27034988e+01 5.33002281e+01 5.66155510e+01
    5.33078423e+01 5.45757179e+01 5.52325745e+01 5.41672668e+01
    5.73986320e+01 5.45636024e+01 5.24374161e+01 5.82114677e+01
    5.68267059e+01 5.40854759e+01 5.58523712e+01 5.64400940e+01
    5.61708221e+01 5.72903252e+01 5.27958755e+01 5.44269257e+01
    5.25542641e+01 5.31736603e+01 5.18219185e+01 5.11700668e+01
    5.09175911e+01 4.83932381e+01 4.90084076e+01 5.15238991e+01
    4.88824806e+01 5.07298050e+01 5.05126114e+01 5.25237007e+01
    5.03335381e+01 4.90877228e+01 5.25817223e+01 5.21092453e+01
    5.11662903e+01 5.22674103e+01 5.21290512e+01 5.18209076e+01
    5.15556831e+01 5.09624748e+01 5.23382187e+01 4.99632568e+01
    4.95509567e+01 5.34992676e+01 5.64136543e+01 5.22608299e+01
    5.08001862e+01 4.85525017e+01 5.41191101e+01 5.50913811e+01
    5.29153252e+01 5.06865044e+01 5.31545868e+01 5.23648071e+01
    5.34424706e+01 5.61329002e+01 5.53584595e+01 5.82363777e+01
    5.89119530e+01 5.56192741e+01 5.61034737e+01 5.73289528e+01
    5.61045914e+01 5.37798691e+01 5.39105949e+01 5.44424591e+01
    5.52410698e+01 5.65453453e+01 5.42445526e+01 5.38808937e+01
    5.22165489e+01 5.07953453e+01 5.17579002e+01 4.85646172e+01
    4.66418343e+01 5.02670364e+01 4.96761284e+01 5.02024879e+01
    4.67187500e+01 4.76738014e+01 5.11557541e+01 4.97530861e+01
    5.01264572e+01 5.01944656e+01 5.30224838e+01 5.18721008e+01
    5.18500328e+01 5.14878120e+01 5.25630951e+01 5.44888687e+01
    5.70484428e+01 5.50207558e+01 5.79712982e+01 5.78953857e+01
    5.92177238e+01 5.59968758e+01 5.84771881e+01 5.90437775e+01
    5.69170685e+01 5.65497589e+01 5.92868843e+01 5.66424980e+01
    5.72026291e+01 5.78455696e+01 5.56708717e+01 5.44828224e+01
    5.56999435e+01 5.48484840e+01 5.36300735e+01 5.16329956e+01
    5.02383232e+01 5.06359978e+01 5.32969627e+01 5.17645454e+01
    5.46619759e+01 5.21032639e+01 5.34379463e+01 5.50555305e+01
    5.22291985e+01 5.20470810e+01 5.27136230e+01 4.94111214e+01
    5.19547844e+01 5.14158669e+01 4.93727837e+01 5.12906837e+01
    5.24313087e+01 4.97565994e+01 4.90136909e+01 4.70529480e+01
    4.90995064e+01 4.97552986e+01 4.77250786e+01 5.09035416e+01
    5.30468178e+01 5.35654793e+01 5.12715187e+01 5.25671234e+01
    5.13385277e+01 5.24226456e+01 5.38523979e+01 5.49933968e+01
    5.44625893e+01 5.40639725e+01 5.39880180e+01 5.38921547e+01
    5.56440811e+01 5.26784401e+01 5.40344276e+01 5.06548576e+01
    5.12458878e+01 5.15122147e+01 5.20794907e+01 5.12646675e+01
    5.41869545e+01 4.95886421e+01 5.10858498e+01 4.97561340e+01
    5.32721062e+01 5.23994827e+01 5.33035812e+01 5.18866272e+01
    5.29956589e+01 5.11604309e+01 5.15488243e+01 5.11378326e+01
    5.30391006e+01 5.02377968e+01 4.98588371e+01 5.22526321e+01
    5.37075653e+01 5.35793762e+01 5.44865227e+01 5.25441780e+01
    5.49310303e+01 5.36403236e+01 5.30550041e+01 5.28750610e+01
    5.65134506e+01 5.85958824e+01 5.50623322e+01 5.70304871e+01
    5.70042992e+01 5.66012535e+01 5.45509720e+01 5.36033821e+01
    5.55560837e+01 6.05476036e+01 5.91738548e+01 5.47960167e+01
    5.78885612e+01 5.45656815e+01 5.45450974e+01 5.45251198e+01
    5.46175041e+01 5.56626015e+01 5.40961952e+01 5.23363380e+01
    5.57174492e+01 5.36321869e+01 5.32062416e+01 5.42065926e+01
    5.12302971e+01 5.44055061e+01 5.29315414e+01 5.37070122e+01
    5.72340164e+01 5.35797234e+01 5.56002121e+01 5.47499352e+01
    5.47321815e+01 5.65012398e+01 5.36513786e+01 5.56184731e+01
    5.67212944e+01 5.39336014e+01 5.62270584e+01 5.45664215e+01
    5.20710411e+01 5.45602226e+01 5.37323036e+01 5.24634705e+01
    5.28508034e+01 5.06754303e+01 5.37039871e+01 5.53778763e+01
    5.38065033e+01 5.46314621e+01 5.19791451e+01 5.40945244e+01
    5.29345818e+01 5.10351753e+01 5.39483223e+01 5.57113266e+01
    5.14755096e+01 5.33761902e+01 5.47701988e+01 5.45200539e+01
    5.46052055e+01 5.53072281e+01 5.30718956e+01 5.33463974e+01
    5.49831810e+01 5.25044975e+01 5.36525841e+01 5.32167473e+01
    5.53040314e+01 5.43448868e+01 5.33172379e+01 5.47961006e+01
    5.39500237e+01 5.32756386e+01 5.33012390e+01 5.09984169e+01
    5.35903206e+01 5.43920174e+01 5.56140556e+01 5.38003311e+01
    5.56601906e+01 5.39679985e+01 5.44727173e+01 5.29770203e+01
    5.44757347e+01 5.09986115e+01 5.41845627e+01 5.18783340e+01
    5.26551628e+01 5.17917976e+01 5.30754814e+01 5.12884216e+01
    5.14542503e+01 4.95930481e+01 5.03731728e+01 4.80459557e+01
    5.01270905e+01 4.94140167e+01 5.24707336e+01 5.36190834e+01
    5.19381447e+01 5.28535690e+01 5.23609886e+01 4.89556122e+01
    5.21525764e+01 5.16581345e+01 5.21593208e+01 5.24087944e+01
    5.20549049e+01 5.28239365e+01 5.37779312e+01 5.28705330e+01
    5.28234520e+01 5.29613152e+01 5.40714607e+01 5.46686554e+01
    5.40839615e+01 5.24232140e+01 5.51361008e+01 5.60185699e+01
    5.85893974e+01 5.61157455e+01 5.61513367e+01 5.45237541e+01
    5.41448326e+01 5.44697800e+01 5.51853142e+01 5.34910469e+01
    5.59583054e+01 5.22694283e+01 5.45938072e+01 5.57316666e+01
    5.33963814e+01 5.17009354e+01 5.28746452e+01 4.94260368e+01
    4.98471336e+01 4.90046310e+01 4.91810608e+01 5.04594002e+01
    4.97416153e+01 4.91628113e+01 4.85074730e+01 5.08470306e+01
    4.97609062e+01 5.01233902e+01 5.02979622e+01 5.17255707e+01
    5.24559097e+01 5.43817177e+01 5.14443054e+01 5.31033745e+01
    5.56136551e+01 5.56397209e+01 5.71399040e+01 5.74912529e+01
    5.70417633e+01 6.09178238e+01 5.72006950e+01 5.69565392e+01
    5.83666306e+01 5.85317268e+01 5.79608421e+01 5.83890038e+01
    5.80106506e+01 5.53129807e+01 5.46863289e+01 5.49813614e+01
    5.62616920e+01 5.81315002e+01 5.59503899e+01 5.44968567e+01
    5.44001007e+01 5.24304581e+01 5.26978798e+01 4.97422714e+01
    5.28037033e+01 5.28439941e+01 5.30402985e+01 5.37347298e+01
    5.33316917e+01 5.33542061e+01 5.18049507e+01 4.79323311e+01
    5.14759598e+01 4.96211739e+01 4.96085510e+01 5.21244087e+01
    5.05996017e+01 4.92770805e+01 5.23381233e+01 4.91623039e+01
    5.07430611e+01 4.52900238e+01 4.72926445e+01 4.80093307e+01
    4.57613106e+01 4.81208153e+01 5.05280991e+01 5.20458260e+01
    5.20907593e+01 5.04859390e+01 5.46093864e+01 5.27390099e+01
    5.14873810e+01 5.08104019e+01 5.44448090e+01 5.48203888e+01
    5.09233475e+01 5.08734550e+01 5.31342392e+01 5.24423676e+01
    5.18407478e+01 5.01601067e+01 5.03225555e+01 5.40840797e+01
    5.40408249e+01 5.31435585e+01 5.25089912e+01 5.06874962e+01
    5.13032494e+01 5.45645180e+01 5.07372055e+01 5.29432449e+01
    5.20104332e+01 5.27880707e+01 5.28717728e+01 5.03047104e+01
    5.12121925e+01 5.38575211e+01 5.24327049e+01 5.14777718e+01
    5.18426285e+01 5.53401413e+01 5.35472298e+01 5.34346504e+01
    5.06109505e+01 5.52375259e+01 5.25986824e+01 5.24630928e+01
    5.47344360e+01 5.69558029e+01 5.80210724e+01 5.71263771e+01
    5.71505280e+01 5.74653358e+01 5.57576370e+01 5.64521065e+01
    5.50687332e+01 5.62266350e+01 5.73958473e+01 5.86457329e+01
    5.95745735e+01 5.87824821e+01 5.75339470e+01 5.52242851e+01
    5.70600967e+01 5.64005013e+01 5.11982040e+01 5.50765839e+01
    5.41561317e+01 5.44889908e+01 5.40389023e+01 5.43579216e+01
    5.44869614e+01 5.36389732e+01 5.22829247e+01 5.32390366e+01
    5.37072678e+01 5.65859222e+01 5.58277321e+01 5.57641373e+01
    5.75968781e+01 5.64133110e+01 5.55582466e+01 5.71848488e+01
    5.58497314e+01 5.20250816e+01 5.54558296e+01 5.76224594e+01
    5.45325470e+01 5.28952560e+01 5.38940239e+01 5.52289391e+01
    5.35787849e+01 4.95394821e+01 5.15243187e+01 5.34140625e+01
    5.19956207e+01 5.24353523e+01 5.19817352e+01 5.13305359e+01
    5.18454819e+01 5.32490196e+01 5.32755852e+01 5.19270477e+01
    5.21872101e+01 5.36085358e+01 5.48727417e+01 5.36868248e+01
    5.44604492e+01 5.21510696e+01 5.37403870e+01 5.17987709e+01
    5.33183670e+01 5.06683617e+01 5.24701080e+01 5.38623047e+01
    5.37603149e+01 5.22258797e+01 5.57087402e+01 5.20198898e+01
    5.60476494e+01 5.47621956e+01 5.34181099e+01 5.40032120e+01
    5.61093826e+01 5.44488297e+01 5.46228752e+01 5.53361168e+01
    5.62947083e+01 5.61888847e+01 5.52611961e+01 5.49882240e+01
    5.34563522e+01 5.36881485e+01 5.26414566e+01 5.26211433e+01
    5.27621460e+01 5.24898529e+01 5.28915596e+01 5.26769905e+01
    5.07808151e+01 4.88592033e+01 5.11265030e+01 4.99100151e+01
    5.03393288e+01 5.23820457e+01 5.14654274e+01 5.14688034e+01
    5.19511604e+01 4.93158836e+01 5.14437141e+01 5.28211060e+01
    5.40113983e+01 5.00167084e+01 5.18293037e+01 5.17025070e+01
    5.41785126e+01 5.41548576e+01 5.52854767e+01 5.27156372e+01
    5.19438477e+01 5.49827881e+01 5.43285522e+01 5.54364738e+01
    5.35267715e+01 5.37213097e+01 5.27367630e+01 5.68081207e+01
    5.24898605e+01 5.70936165e+01 5.67399330e+01 5.66090698e+01
    5.70310059e+01 5.60114784e+01 5.44464111e+01 5.88003731e+01
    5.35796776e+01 5.50545197e+01 5.15299377e+01 5.47947044e+01
    5.45026588e+01 5.55879288e+01 5.06564522e+01 5.10951042e+01
    5.29990349e+01 5.11558304e+01 4.57213707e+01 4.93861046e+01
    4.93437576e+01 5.07586861e+01 4.92095108e+01 4.76374130e+01
    4.88455276e+01 5.11036758e+01 4.96727219e+01 4.97498436e+01
    4.88403168e+01 5.27959480e+01 5.37080345e+01 5.25844612e+01
    5.39239960e+01 5.57818184e+01 5.66411705e+01 5.33382721e+01
    5.61907082e+01 5.50531044e+01 5.80656395e+01 5.94625435e+01
    5.85586586e+01 5.61061401e+01 5.76234818e+01 5.77777100e+01
    5.64179649e+01 5.64474792e+01 5.67389221e+01 5.55115509e+01
    5.65375099e+01 5.45439987e+01 5.70433350e+01 5.70247536e+01
    5.60895386e+01 5.57139816e+01 5.15959435e+01 4.90436554e+01
    5.06406784e+01 5.19589233e+01 5.24603004e+01 5.04611053e+01
    5.55009422e+01 5.57412300e+01 5.16342926e+01 5.20880241e+01
    4.93354721e+01 5.11703300e+01 5.20989151e+01 5.04944191e+01
    5.14697609e+01 5.17510185e+01 5.08257637e+01 5.12744675e+01
    4.99231987e+01 4.98069000e+01 4.67853317e+01 4.56373978e+01
    4.45986404e+01 4.77861214e+01 4.86039085e+01 4.73906670e+01
    5.20878334e+01 5.09314041e+01 5.18724937e+01 5.03157692e+01
    5.01979179e+01 4.79230118e+01 5.00437317e+01 5.01761131e+01
    5.17968903e+01 5.19148521e+01 5.13829842e+01 4.97651634e+01
    5.45919952e+01 5.33757362e+01 5.09010963e+01 5.13508110e+01
    5.17235527e+01 5.19585686e+01 5.11790009e+01 5.15941734e+01
    5.30601387e+01 5.03159409e+01 5.00781822e+01 5.35709305e+01
    5.00551910e+01 5.16114960e+01 5.29746361e+01 5.19742966e+01
    5.06138992e+01 5.01154518e+01 5.01689110e+01 5.24200172e+01
    5.26249809e+01 5.09085312e+01 5.13141975e+01 5.30441437e+01
    5.34651794e+01 5.00018463e+01 5.24634018e+01 5.15933800e+01
    5.31142044e+01 5.52977867e+01 5.57400742e+01 5.68684349e+01
    6.08043518e+01 5.54666595e+01 5.61138840e+01 5.77093010e+01
    5.54164391e+01 5.59861641e+01 5.38120804e+01 5.49266891e+01
    5.83091774e+01 5.99142494e+01 5.74045029e+01 5.74177170e+01
    5.65621681e+01 5.58243294e+01 5.52146759e+01 5.41514854e+01
    5.20673332e+01 5.29566803e+01 5.17388077e+01 5.55890884e+01
    5.37947502e+01 5.24849930e+01 5.71377182e+01 5.30925674e+01
    5.22790794e+01 5.18850746e+01 5.40236397e+01 5.48984871e+01
    5.63323135e+01 5.48805122e+01 5.56760406e+01 5.53722725e+01
    5.58768959e+01 5.48886986e+01 5.57742348e+01 5.39320488e+01
    5.49477692e+01 5.43886986e+01 5.53485413e+01 5.44088631e+01
    5.29194183e+01 5.38518143e+01 5.58505096e+01 5.08343658e+01
    5.21732407e+01 5.14968109e+01 5.26862144e+01 5.29476814e+01
    5.29607010e+01 5.32009735e+01 5.20895500e+01 5.29143486e+01
    5.36338348e+01 5.27264214e+01 5.30623779e+01 5.58875313e+01
    5.45767212e+01 5.22852554e+01 5.33063774e+01 5.10238228e+01
    5.40835266e+01 5.31056137e+01 5.27613792e+01 5.44780998e+01
    5.26070709e+01 5.54184914e+01 5.44839363e+01 5.40120964e+01
    5.44580193e+01 5.35180092e+01 5.20089340e+01 5.63311081e+01
    5.52228394e+01 5.58662529e+01 5.73876572e+01 5.38195915e+01
    5.22348518e+01 5.68492851e+01 5.64112015e+01 5.42312050e+01
    5.57585106e+01 5.24540596e+01 5.45018425e+01 5.17261200e+01
    5.53702698e+01 5.29476662e+01 5.11151009e+01 5.08507576e+01
    5.39799042e+01 5.30708389e+01 4.91293373e+01 4.98723564e+01
    5.26342583e+01 5.21484566e+01 5.08954582e+01 5.10636711e+01
    5.25140762e+01 5.18273582e+01 5.27857132e+01 4.99281311e+01
    5.16576118e+01 5.28322792e+01 5.42117348e+01 5.28208313e+01
    5.16337013e+01 5.27768860e+01 5.15801773e+01 5.08308334e+01
    5.22815781e+01 5.43696747e+01 5.19263153e+01 5.29766769e+01
    5.48815460e+01 5.45960083e+01 5.18748856e+01 5.40966225e+01
    5.11888199e+01 5.34915428e+01 5.20053825e+01 5.48953934e+01
    5.53411674e+01 5.55172310e+01 5.75682259e+01 5.64277534e+01
    5.49460602e+01 5.55162125e+01 5.20784492e+01 5.36858902e+01
    5.22510872e+01 5.14978943e+01 5.49505463e+01 5.45280952e+01
    5.18956528e+01 5.24383049e+01 5.01333046e+01 5.19775810e+01
    4.96601143e+01 4.76844788e+01 5.06519279e+01 5.05364609e+01
    4.92717476e+01 4.79894905e+01 5.20375099e+01 5.18037720e+01
    5.26187363e+01 5.20107384e+01 5.25799408e+01 5.25674782e+01
    5.52645836e+01 5.66454506e+01 5.14025764e+01 5.37934418e+01
    5.45517044e+01 5.38858337e+01 5.64990807e+01 5.70909843e+01
    5.58496666e+01 5.79198265e+01 5.95480652e+01 5.73177261e+01
    5.47108269e+01 5.65049095e+01 5.38966599e+01 5.39650764e+01
    5.40577164e+01 5.60301552e+01 5.55138245e+01 5.45972900e+01
    5.45528603e+01 5.70238762e+01 5.51580620e+01 5.29129181e+01
    5.16397552e+01 5.17524796e+01 5.04173126e+01 4.88689690e+01
    5.11405525e+01 5.01143723e+01 4.91021957e+01 5.19621964e+01
    5.15220261e+01 5.26802292e+01 5.08716393e+01 4.78630295e+01
    5.38343697e+01 5.23359604e+01 4.93425980e+01 4.95571365e+01
    5.14304237e+01 5.05003891e+01 5.00616951e+01 4.84264717e+01
    5.03406868e+01 4.64446220e+01 4.84800720e+01 4.75067825e+01
    4.74175835e+01 5.06611252e+01 5.04082832e+01 5.01194839e+01
    4.86262970e+01 4.85255013e+01 4.96741180e+01 5.01829948e+01
    5.04630318e+01 5.36302567e+01 5.22364578e+01 5.29837456e+01
    5.30706711e+01 5.21283569e+01 5.47504272e+01 5.21470642e+01
    5.17489891e+01 5.06343384e+01 4.99859848e+01 5.14246025e+01
    5.21833878e+01 5.21424980e+01 5.34600945e+01 5.27680969e+01
    5.41466370e+01 5.10206184e+01 5.17619591e+01 5.08769455e+01
    5.23188782e+01 5.23931007e+01 5.44383240e+01 4.98641777e+01
    5.16756096e+01 5.25492859e+01 5.05758438e+01 4.83234558e+01
    4.85879097e+01 5.07009163e+01 5.37856750e+01 5.00920029e+01
    4.83383102e+01 5.17463608e+01 5.30096893e+01 5.27661324e+01
    5.23405342e+01 5.63476868e+01 5.74065781e+01 5.62169533e+01
    5.60874863e+01 5.44046440e+01 5.50365028e+01 5.67231483e+01
    5.43421326e+01 5.65230560e+01 5.67219658e+01 5.56216354e+01
    5.71220093e+01 5.72770348e+01 5.31968880e+01 5.30615082e+01
    5.55080910e+01 5.45920601e+01 5.33959045e+01 5.25948105e+01
    5.25136948e+01 5.46720619e+01 5.41547470e+01 5.35907516e+01
    5.53205681e+01 5.39306450e+01 5.05674286e+01 5.26409950e+01
    5.49911804e+01 5.42526169e+01 5.79340401e+01 5.51520882e+01
    5.48882370e+01 5.73890343e+01 5.53399048e+01 5.77656212e+01
    5.68373032e+01 5.56513252e+01 5.42008781e+01 5.54433098e+01
    5.42411766e+01 5.58562317e+01 5.40073738e+01 5.31715965e+01
    5.23718109e+01 5.01847610e+01 5.05729523e+01 5.29892120e+01
    5.28414536e+01 5.33566322e+01 5.20415154e+01 5.14349098e+01
    5.54319382e+01 5.29506073e+01 5.17018051e+01 5.33801193e+01
    5.37670937e+01 5.43489494e+01 5.05243225e+01 5.26051559e+01
    5.42783737e+01 5.62678757e+01 5.46006813e+01 5.23750343e+01
    5.34026871e+01 5.37500916e+01 5.16470337e+01 5.35836906e+01
    5.14166718e+01 5.46288834e+01 5.28679008e+01 5.59054680e+01
    5.30652962e+01 5.32119865e+01 5.53678284e+01 5.19144020e+01
    5.49659348e+01 5.36010590e+01 5.52263222e+01 5.50466843e+01
    5.64511604e+01 5.23920784e+01 5.48972969e+01 5.49892578e+01
    5.61116066e+01 5.27683411e+01 5.17719765e+01 5.26443443e+01
    5.39157486e+01 5.14273376e+01 5.09389229e+01 5.11024513e+01
    5.25721474e+01 5.16367645e+01 5.27642212e+01 4.93995171e+01
    5.10346947e+01 5.33613434e+01 4.96439972e+01 5.18086510e+01
    5.13142815e+01 5.06428719e+01 5.35918083e+01 5.19555359e+01
    5.46146469e+01 5.38566246e+01 5.20827637e+01 5.41128998e+01
    5.39658470e+01 5.19076500e+01 5.36080818e+01 5.42123070e+01
    5.27951851e+01 5.27208824e+01 5.61435661e+01 5.48853416e+01
    5.56902428e+01 5.23568954e+01 5.55475998e+01 5.45355301e+01
    5.31902733e+01 5.63418922e+01 5.90101395e+01 5.60762444e+01
    5.59774284e+01 5.46223793e+01 5.55301666e+01 5.59026184e+01
    5.31263504e+01 5.14467316e+01 5.72152786e+01 5.17101707e+01
    5.57466202e+01 5.69976044e+01 5.48481064e+01 5.12433357e+01
    5.35246391e+01 4.87451439e+01 5.24440613e+01 5.05173874e+01
    5.06723671e+01 5.11050911e+01 5.06839371e+01 5.06130981e+01
    5.04383049e+01 5.29760704e+01 5.50520821e+01 5.45682793e+01
    5.41039925e+01 5.16513824e+01 5.51381454e+01 5.67593994e+01
    5.48001938e+01 5.60594673e+01 5.64423409e+01 5.61146011e+01
    5.57726746e+01 5.37178307e+01 5.68093643e+01 5.59271088e+01
    5.50277977e+01 5.44248428e+01 5.58243332e+01 5.21416054e+01
    5.39171410e+01 5.27949448e+01 5.11251297e+01 5.08906174e+01
    5.52946358e+01 5.50224152e+01 5.53212662e+01 5.32317696e+01
    5.35603790e+01 5.26165581e+01 5.12752190e+01 5.12753181e+01
    5.12285042e+01 5.09277306e+01 4.80136757e+01 5.23453102e+01
    5.20406609e+01 5.22852592e+01 4.89882507e+01 5.04344177e+01
    5.25097351e+01 5.06011238e+01 4.99185028e+01 5.12092628e+01
    4.80176468e+01 4.99993858e+01 5.13051224e+01 4.97035675e+01
    5.33830757e+01 5.01532631e+01 5.14363251e+01 4.85866890e+01
    4.79758453e+01 4.69855881e+01 4.83419838e+01 4.68548889e+01
    5.04498749e+01 4.90374603e+01 5.11063004e+01 4.90338821e+01
    4.96099777e+01 4.99085846e+01 4.94723473e+01 4.84205704e+01
    5.25297165e+01 5.16694336e+01 5.10659981e+01 5.22168159e+01
    5.27669411e+01 5.20576935e+01 5.16883698e+01 5.16703033e+01
    5.32558823e+01 5.23845139e+01 5.22286148e+01 5.35058556e+01
    5.30647774e+01 5.40847816e+01 5.05881271e+01 5.23657761e+01
    5.37040672e+01 5.07338028e+01 5.14437485e+01 5.05118637e+01
    5.05553017e+01 5.11668854e+01 4.90368652e+01 4.86412125e+01
    5.11696396e+01 5.06113625e+01 5.09886665e+01 4.89495239e+01
    5.33943634e+01 5.40394363e+01 4.86009941e+01 5.12923088e+01
    5.40180130e+01 5.17311630e+01 5.28605690e+01 5.61918144e+01
    5.59805298e+01 5.64355202e+01 5.47995758e+01 5.64327965e+01
    5.45404663e+01 5.63728294e+01 5.38965950e+01 5.57617455e+01
    5.89052277e+01 5.81103554e+01 5.52814217e+01 5.78925629e+01
    5.48150749e+01 5.39902496e+01 5.29104347e+01 5.53045845e+01
    5.43453064e+01 5.10236816e+01 5.13251419e+01 5.34157715e+01
    5.61873932e+01 5.03772507e+01 5.20222626e+01 5.52726860e+01
    5.07932472e+01 5.28731003e+01 5.54596748e+01 5.44479599e+01
    5.85267906e+01 5.17620316e+01 5.37507477e+01 5.46769676e+01
    5.41114197e+01 5.59153519e+01 5.57416992e+01 5.21739540e+01
    5.54840393e+01 5.48292999e+01 5.59342499e+01 5.45017014e+01
    5.13380318e+01 5.39926758e+01 5.24492683e+01 4.82139587e+01
    5.13563957e+01 5.18227463e+01 5.20393677e+01 5.41875076e+01
    4.98792725e+01 5.17096024e+01 5.12836304e+01 5.11649857e+01
    5.25414505e+01 5.00561714e+01 5.18209229e+01 5.37101288e+01
    5.26491394e+01 5.33072472e+01 5.38190384e+01 5.43480415e+01
    5.32559204e+01 5.35152626e+01 5.37588158e+01 5.32237434e+01
    5.33101006e+01 5.06634598e+01 5.46819344e+01 5.08360710e+01
    5.26006813e+01 5.20983658e+01 5.04397278e+01 5.15617294e+01
    5.22228317e+01 5.02584610e+01 5.27766342e+01 5.46666527e+01
    5.31560974e+01 5.34076385e+01 5.39187088e+01 5.19402618e+01
    5.29446716e+01 5.11688919e+01 5.32652245e+01 5.19674187e+01
    5.19254837e+01 5.29147186e+01 5.14570923e+01 5.13816185e+01
    4.99786911e+01 5.15832367e+01 5.43109818e+01 5.04109230e+01
    5.30503464e+01 5.11375847e+01 5.10913696e+01 5.19399109e+01
    5.10421066e+01 5.14355392e+01 5.40098686e+01 5.12362785e+01
    5.44399185e+01 5.43879967e+01 5.33886414e+01 5.32649727e+01
    5.06729736e+01 5.35738716e+01 5.39382477e+01 4.99426117e+01
    5.01696777e+01 5.55457954e+01 5.36661301e+01 5.33436394e+01
    5.18452034e+01 5.71935616e+01 5.44147072e+01 5.17255859e+01
    5.25319519e+01 5.61511230e+01 5.41426735e+01 5.34359512e+01
    5.48059311e+01 5.79759064e+01 5.43447418e+01 5.30549126e+01
    5.15975647e+01 5.69946098e+01 5.69638863e+01 5.39352455e+01
    5.14957924e+01 5.50990944e+01 5.50088043e+01 5.65548019e+01
    5.44247742e+01 5.30303802e+01 5.05817528e+01 5.40110359e+01
    4.97430611e+01 5.25343323e+01 5.44781380e+01 5.27192459e+01
    4.99700432e+01 5.48209915e+01 5.40021477e+01 5.37266464e+01
    5.36478577e+01 5.46003342e+01 5.41724663e+01 5.70979996e+01
    5.57499771e+01 5.54899483e+01 5.72026024e+01 5.69179955e+01
    5.79491577e+01 5.49254990e+01 5.62031860e+01 5.50598221e+01
    5.52283859e+01 5.55379486e+01 5.43618050e+01 5.33890533e+01
    5.33799934e+01 5.32146606e+01 5.10194397e+01 5.30331116e+01
    5.15952225e+01 5.30090370e+01 5.21247063e+01 5.27179260e+01
    5.34256630e+01 5.27397614e+01 5.12198982e+01 5.28420334e+01
    4.88056641e+01 4.74331245e+01 4.91914062e+01 4.64108124e+01
    4.97535896e+01 5.06437950e+01 5.22708015e+01 5.37220573e+01
    4.98151512e+01 5.20717888e+01 5.31098557e+01 4.99979897e+01
    5.14982033e+01 5.17906952e+01 5.27053185e+01 5.21936836e+01
    5.30729942e+01 5.40671005e+01 5.22643585e+01 5.25327644e+01
    4.80241089e+01 4.74706459e+01 4.84032631e+01 4.60341263e+01
    5.02934113e+01 4.96078568e+01 5.06059418e+01 5.00385437e+01
    4.98336639e+01 4.93229485e+01 4.90416679e+01 4.76144829e+01
    4.95977440e+01 4.99916115e+01 4.95874100e+01 5.43027954e+01
    5.26204834e+01 5.29364662e+01 5.27085686e+01 5.39384956e+01
    5.26345406e+01 5.27160416e+01 5.18248749e+01 5.26383781e+01
    5.46368637e+01 5.03619652e+01 5.42816620e+01 5.27805214e+01
    5.25974731e+01 5.11685677e+01 5.35682640e+01 5.38806534e+01
    5.23442841e+01 5.00684052e+01 5.14675522e+01 4.89812355e+01
    5.14499779e+01 5.06323853e+01 5.16413841e+01 5.14679527e+01
    4.83808365e+01 4.98668785e+01 5.13971138e+01 5.15455170e+01
    5.19348373e+01 5.06843147e+01 5.35705681e+01 5.20813942e+01
    5.37030029e+01 5.29088631e+01 5.58530273e+01 5.63446274e+01
    5.48131485e+01 5.50215683e+01 5.39910355e+01 5.52793465e+01
    5.48832474e+01 5.32136269e+01 5.90954247e+01 5.60214577e+01
    5.67708740e+01 5.42981377e+01 5.36203117e+01 5.35391922e+01
    5.45277748e+01 5.22569351e+01 5.38365974e+01 5.24544449e+01
    5.19501801e+01 5.10293007e+01 5.35512428e+01 5.15885277e+01
    5.18207932e+01 5.11831474e+01 5.14632111e+01 5.19597244e+01
    5.35117722e+01 5.48543167e+01 5.18382339e+01 5.28611870e+01
    5.29471588e+01 5.50823555e+01 5.35258255e+01 5.52220688e+01
    5.57579727e+01 5.67736816e+01 5.60656357e+01 5.48523331e+01
    5.33805542e+01 5.37330208e+01 5.31046410e+01 5.17405319e+01
    5.43504639e+01 4.83706055e+01 5.19171143e+01 5.11773453e+01
    5.16537590e+01 5.07741394e+01 5.13600159e+01 5.23902016e+01
    5.36211090e+01 4.97844543e+01 5.21711845e+01 5.32161407e+01
    5.15290909e+01 5.24628143e+01 5.46218796e+01 5.51009483e+01
    5.51663971e+01 5.39781799e+01 5.57938347e+01 5.39406738e+01
    5.34854507e+01 5.59928894e+01 5.19598541e+01 5.21846352e+01
    5.22962875e+01 5.45028801e+01 5.24219322e+01 5.26358337e+01
    5.34779472e+01 5.18294373e+01 5.22356110e+01 5.27491417e+01
    5.25340424e+01 5.17802696e+01 5.29309540e+01 5.25836067e+01
    5.46163063e+01 5.36730499e+01 5.41807556e+01 5.20284081e+01
    5.39498100e+01 5.47030144e+01 5.22542610e+01 5.29443398e+01
    5.15927391e+01 5.23810539e+01 5.27415428e+01 5.25229149e+01
    5.26660042e+01 5.23386345e+01 4.99921379e+01 5.07857971e+01
    5.08407936e+01 5.15634346e+01 5.17579231e+01 5.36945076e+01
    5.16257820e+01 5.48797417e+01 5.49320869e+01 5.33935699e+01
    5.25743866e+01 5.49202232e+01 5.13667755e+01 5.32770462e+01
    5.49437180e+01 5.38596573e+01 5.42966080e+01 5.42891045e+01
    5.61945190e+01 5.46160202e+01 5.39227448e+01 5.63120003e+01
    5.38760147e+01 5.34065399e+01 5.41325455e+01 5.40089378e+01
    5.51722565e+01 5.46132851e+01 5.82850189e+01 5.62417488e+01
    5.69203835e+01 5.58840790e+01 5.53623314e+01 5.37465057e+01
    5.56125107e+01 5.20060501e+01 5.28667259e+01 5.01640816e+01
    5.38915329e+01 5.72624855e+01 5.51246452e+01 5.35406151e+01
    5.15008163e+01 5.32511406e+01 5.39922104e+01 5.00780678e+01
    5.22817192e+01 5.39527473e+01 5.47159348e+01 5.18726997e+01
    5.35081558e+01 5.47991371e+01 5.63277855e+01 5.67412682e+01
    5.50515022e+01 5.60853996e+01 5.71117134e+01 5.85635948e+01
    5.59582787e+01 5.77748528e+01 5.48749428e+01 5.65840263e+01
    5.31200905e+01 5.41476097e+01 5.62540207e+01 5.47397232e+01
    5.35868607e+01 5.41007156e+01 5.21306000e+01 5.26122856e+01
    5.12712784e+01 4.92763176e+01 4.93526955e+01 5.07491760e+01
    5.18855133e+01 5.17763252e+01 5.00870056e+01 5.47501259e+01
    5.42161064e+01 5.38838158e+01 4.91742859e+01 5.02737579e+01
    4.94179573e+01 5.06620064e+01 5.18637733e+01 5.25517082e+01
    5.31106796e+01 5.46239319e+01 5.13253517e+01 5.01969795e+01
    5.17030907e+01 5.28650398e+01 5.23248444e+01 5.15502129e+01
    5.17439156e+01 4.85005913e+01 5.13222198e+01 5.13960495e+01
    5.27722702e+01 5.10154152e+01 4.88534050e+01 4.99810028e+01
    4.87059517e+01 4.87183990e+01 4.65372849e+01 4.98352661e+01
    4.89577065e+01 4.65808296e+01 4.77107811e+01 4.88823929e+01
    4.79294472e+01 5.11134567e+01 4.77324066e+01 4.82385254e+01
    4.99483833e+01 5.02631493e+01 5.18718834e+01 4.94663429e+01
    5.21282463e+01 5.34556808e+01 5.25556107e+01 5.29487190e+01
    5.16664543e+01 5.36948624e+01 5.81103745e+01 5.41189919e+01
    5.30933380e+01 5.46811104e+01 5.14438438e+01 5.22321434e+01
    5.24019279e+01 4.92252007e+01 5.15988159e+01 4.78887100e+01
    4.78087196e+01 4.80412407e+01 4.84816208e+01 4.96893196e+01
    4.92909546e+01 4.86027069e+01 4.60242233e+01 4.87885246e+01
    5.22965698e+01 5.13666153e+01 5.05600281e+01 4.89695702e+01
    5.08095360e+01 5.04583015e+01 5.17694702e+01 5.20277634e+01
    5.47889557e+01 5.35197754e+01 5.62685165e+01 5.47661476e+01
    5.53551826e+01 5.56579933e+01 5.61835632e+01 5.39702301e+01
    5.65148735e+01 5.68560905e+01 5.54989433e+01 5.75848312e+01
    5.43445244e+01 5.47293282e+01 5.56871567e+01 5.56575966e+01
    5.45001945e+01 5.17268753e+01 5.20829201e+01 5.36538544e+01
    5.09511909e+01 5.16013374e+01 5.18939896e+01 5.15015602e+01
    5.18772774e+01 5.18279495e+01 5.29939499e+01 5.30918579e+01
    5.41434479e+01 5.22511749e+01 5.46569252e+01 5.43613586e+01
    5.20274124e+01 5.65858154e+01 5.64244576e+01 5.35481987e+01
    5.58422356e+01 5.26853981e+01 5.64830513e+01 5.49036293e+01
    5.24502106e+01 5.29223442e+01 5.20039864e+01 5.16769409e+01
    4.99421616e+01 4.90693207e+01 5.20191727e+01 5.05959206e+01
    4.83289261e+01 5.08664627e+01 5.14283524e+01 5.11008606e+01
    4.80086937e+01 5.38984261e+01 5.14314880e+01 5.22459259e+01
    5.39840546e+01 5.30040550e+01 5.39557114e+01 5.08005562e+01
    5.28927345e+01 5.23674049e+01 5.15378342e+01 5.49159355e+01
    5.21236191e+01 5.08196411e+01 5.03733482e+01 5.15608711e+01
    5.25272865e+01 5.16117897e+01 5.31364288e+01 5.25500374e+01
    5.27329178e+01 5.19253349e+01 5.20492935e+01 5.05506859e+01
    5.07481575e+01 5.34697990e+01 5.46674576e+01 5.45912437e+01
    5.39399757e+01 5.27222214e+01 5.35605507e+01 5.07570724e+01
    5.13300209e+01 5.19062119e+01 5.00848198e+01 5.04899178e+01
    5.11852112e+01 5.14480705e+01 5.17276268e+01 5.04582825e+01
    5.05238075e+01 5.09420509e+01 5.06825562e+01 5.25848465e+01
    5.14184456e+01 5.42225494e+01 5.45317116e+01 5.12453651e+01
    5.33293190e+01 5.49415779e+01 5.23468704e+01 5.67100296e+01
    5.47665176e+01 5.44927444e+01 5.53846169e+01 5.48161774e+01
    5.64428101e+01 5.59066086e+01 5.47611237e+01 5.51843109e+01
    5.50460892e+01 5.57060280e+01 5.61002769e+01 5.23948975e+01
    5.57465935e+01 5.78451424e+01 5.54900703e+01 5.53676147e+01
    5.86082153e+01 5.88779755e+01 5.44799652e+01 5.27604485e+01
    5.33751144e+01 5.52663574e+01 5.27405777e+01 5.08548698e+01
    5.37478104e+01 5.45904274e+01 5.52829094e+01 5.49408989e+01
    5.47593803e+01 5.25792351e+01 5.09929085e+01 5.32844124e+01
    5.28891983e+01 5.16392097e+01 5.24032707e+01 5.30156288e+01
    5.37304535e+01 5.62926598e+01 5.16760635e+01 5.51172180e+01
    5.73948097e+01 5.78162537e+01 5.59721680e+01 5.64061508e+01
    5.55913811e+01 6.16404762e+01 5.59435501e+01 5.60077324e+01
    5.76748314e+01 5.49154129e+01 5.37079010e+01 5.43300056e+01
    5.61305389e+01 5.51100349e+01 5.15153427e+01 5.25311241e+01
    5.13111687e+01 4.94802017e+01 4.95769768e+01 4.98221588e+01
    4.97304306e+01 4.81735611e+01 5.33830719e+01 5.34802513e+01
    5.15183449e+01 5.30351715e+01 5.64221077e+01 5.32271805e+01
    4.93877182e+01 4.98596039e+01 5.10196991e+01 5.01168137e+01
    5.31193657e+01 5.04793854e+01 5.09842606e+01 5.22789726e+01
    5.30012245e+01 5.04933395e+01 5.20953178e+01 5.23437233e+01
    5.34250298e+01 5.10097580e+01 5.15267715e+01 5.18832359e+01
    5.25251045e+01 5.31501389e+01 5.47713013e+01 5.10433502e+01
    4.85985451e+01 4.78016281e+01 5.02069473e+01 4.62296715e+01
    4.82383423e+01 4.68975258e+01 5.02640800e+01 4.90006371e+01
    4.93999367e+01 4.79541130e+01 5.07013588e+01 4.75319901e+01
    4.98942337e+01 4.81261902e+01 4.98408051e+01 5.00710869e+01
    5.42472992e+01 4.99383202e+01 5.42590942e+01 5.28238068e+01
    5.27625237e+01 5.05179176e+01 5.32249184e+01 5.26916924e+01
    5.30886841e+01 5.33626900e+01 5.23442307e+01 5.08554764e+01
    5.12259369e+01 5.03373871e+01 5.26643219e+01 4.89523544e+01
    4.65763359e+01 4.90355110e+01 4.69051704e+01 4.60065536e+01
    4.81438789e+01 4.65893250e+01 4.88075981e+01 4.71010017e+01
    4.76019478e+01 4.70380135e+01 4.83036537e+01 4.85677872e+01
    4.75783882e+01 4.89154396e+01 4.93334579e+01 5.08211327e+01
    5.23563156e+01 5.34064484e+01 5.43152885e+01 5.53075409e+01
    5.32135086e+01 5.54254532e+01 5.35658646e+01 5.41635971e+01
    5.44135323e+01 5.61222534e+01 5.51086082e+01 5.78431396e+01
    5.58548927e+01 5.66050110e+01 5.73723793e+01 5.58251915e+01
    5.35462112e+01 5.40435677e+01 5.35973778e+01 5.08253479e+01
    4.91965141e+01 5.12209587e+01 4.94610176e+01 5.20096207e+01
    5.22238007e+01 5.24579582e+01 5.01455193e+01 5.02434044e+01
    5.30698090e+01 5.41859589e+01 5.52959023e+01 5.24548111e+01
    5.49365349e+01 5.71631279e+01 5.41312218e+01 5.50314026e+01
    5.82170753e+01 5.44244614e+01 5.43875504e+01 5.66097717e+01
    5.47825127e+01 5.56912766e+01 5.38195381e+01 5.40445099e+01
    5.25344429e+01 5.21972771e+01 5.34468842e+01 5.13811607e+01
    5.12446861e+01 5.29058990e+01 4.90161324e+01 5.05026970e+01
    5.26981812e+01 5.34474411e+01 5.53024979e+01 5.10278397e+01
    5.16750069e+01 5.21975060e+01 4.97737122e+01 5.40056686e+01
    5.13340111e+01 5.19489594e+01 5.31800804e+01 5.54385376e+01
    5.28007774e+01 5.16151733e+01 5.43225479e+01 5.19026108e+01
    5.16977997e+01 5.38009453e+01 5.33453827e+01 5.20685921e+01
    5.41283264e+01 5.09661713e+01 5.29272232e+01 5.20769501e+01
    5.05375824e+01 4.99847641e+01 5.27272758e+01 5.22871017e+01
    5.55532265e+01 5.20646820e+01 5.28012962e+01 5.31958885e+01
    4.95321083e+01 5.10092430e+01 5.06417580e+01 5.02787743e+01
    5.03334541e+01 5.03669395e+01 5.22544250e+01 5.06934700e+01
    5.05904922e+01 4.91434555e+01 5.02726250e+01 5.10880547e+01
    5.09627533e+01 5.48433914e+01 5.16519890e+01 5.26082039e+01
    5.49281578e+01 5.26412964e+01 5.43582191e+01 5.48459091e+01
    5.65387688e+01 5.61751671e+01 5.33089600e+01 5.18675041e+01
    5.36940041e+01 5.31402397e+01 5.51177559e+01 5.56102142e+01
    5.30851555e+01 5.35830841e+01 5.66885300e+01 5.60252037e+01
    5.52417946e+01 5.27537880e+01 5.38880119e+01 5.41774750e+01
    5.43452606e+01 5.33321762e+01 5.53776245e+01 5.83741798e+01
    5.46637917e+01 5.51059341e+01 5.46686249e+01 5.71413574e+01
    5.32518044e+01 5.28461723e+01 4.87682457e+01 5.32117805e+01
    5.46671371e+01 5.35225182e+01 5.09898720e+01 5.54566383e+01
    5.34725685e+01 5.32528572e+01 5.08899422e+01 5.21213074e+01
    5.41957092e+01 5.60405426e+01 5.33675385e+01 5.39020119e+01
    5.45076866e+01 5.67747040e+01 5.49030533e+01 5.59705009e+01
    5.65322952e+01 5.44243774e+01 5.63962669e+01 5.82412605e+01
    5.67087669e+01 5.41600685e+01 5.55473900e+01 5.17319069e+01
    5.50776329e+01 5.10246201e+01 5.35640144e+01 5.55552826e+01
    5.29249954e+01 5.24668655e+01 5.37537613e+01 5.14352951e+01
    4.99544830e+01 4.90595093e+01 5.19774246e+01 5.34252548e+01
    5.12026672e+01 5.21819000e+01 5.44079361e+01 5.53229027e+01
    5.39591713e+01 5.58728218e+01 4.92825165e+01 4.84471169e+01
    4.83291817e+01 4.90562515e+01 4.81538467e+01 5.28684235e+01
    5.22689781e+01 5.25123062e+01 5.08998413e+01 5.43317757e+01
    5.14131317e+01 5.47726669e+01 5.38050041e+01 5.35872841e+01
    5.06526413e+01 5.18037834e+01 5.36912079e+01 5.28240166e+01
    5.03166008e+01 5.30645370e+01 4.93769455e+01 4.91313667e+01
    4.98871918e+01 4.99147644e+01 5.06426659e+01 5.23762283e+01
    5.01668739e+01 4.71030731e+01 5.05818634e+01 4.97037506e+01
    4.83774796e+01 4.85679512e+01 4.86984787e+01 5.21156082e+01
    5.05578804e+01 5.05142746e+01 5.18609619e+01 5.21961250e+01
    5.22228470e+01 5.47212715e+01 5.22410240e+01 5.14254074e+01
    5.26887321e+01 5.33216438e+01 5.69164886e+01 5.31799316e+01
    5.40054855e+01 5.28820190e+01 5.17379608e+01 5.16250229e+01
    5.01803017e+01 4.96464348e+01 5.22490959e+01 4.83250313e+01
    4.89812584e+01 4.69619751e+01 4.89468956e+01 4.82521439e+01
    4.83350029e+01 4.47944489e+01 4.44561462e+01 4.89444504e+01
    4.94845848e+01 4.82534866e+01 5.06534767e+01 4.98641014e+01
    5.32052994e+01 5.11572952e+01 5.21250954e+01 5.16408615e+01
    5.37720642e+01 5.08948174e+01 5.43378334e+01 5.22081604e+01
    5.43015442e+01 5.50769310e+01 5.51532211e+01 5.46975098e+01
    5.73387566e+01 5.47492218e+01 5.65599022e+01 5.47133446e+01
    5.43439598e+01 5.37264175e+01 5.56373024e+01 5.29485397e+01
    5.21515236e+01 5.18517494e+01 5.36111832e+01 5.11207237e+01
    5.10484581e+01 5.21458359e+01 5.15035934e+01 5.03742523e+01
    5.13482628e+01 5.19313850e+01 5.32031898e+01 5.31525803e+01
    5.39230461e+01 5.24279823e+01 5.25642624e+01 5.31456413e+01
    5.41413383e+01 5.44660835e+01 5.58991623e+01 5.47632294e+01
    5.44936562e+01 5.64748688e+01 5.54654846e+01 5.56330643e+01
    5.57083893e+01 5.32105942e+01 5.21422501e+01 5.24362183e+01
    5.26050377e+01 5.27773705e+01 5.25403595e+01 5.41610832e+01
    5.42266808e+01 5.16845856e+01 5.21198273e+01 5.17052383e+01
    5.00552292e+01 5.01481895e+01 5.04739380e+01 5.00352097e+01
    5.28129272e+01 5.37934113e+01 5.26877174e+01 5.20676651e+01
    5.26336784e+01 5.14954681e+01 5.30718575e+01 5.29140015e+01
    4.95347137e+01 5.28877068e+01 5.07559891e+01 5.18572006e+01
    5.02554169e+01 4.92987633e+01 5.16366882e+01 5.38060837e+01
    4.93318176e+01 5.23008385e+01 5.03140335e+01 4.94269257e+01
    5.19485168e+01 5.21521034e+01 5.11405449e+01 5.12716637e+01
    5.16267853e+01 5.31843071e+01 5.38381310e+01 5.11813927e+01
    5.06807861e+01 5.14299393e+01 5.16414032e+01 5.08844261e+01
    4.98552170e+01 4.88371658e+01 4.98560028e+01 5.12012596e+01
    4.95135765e+01 5.00117302e+01 5.23787727e+01 5.39067230e+01
    5.27435265e+01 5.03355179e+01 5.21533432e+01 5.46579742e+01
    5.59894638e+01 5.50842209e+01 5.59218063e+01 5.84974213e+01
    5.58230171e+01 5.35648232e+01 5.69109688e+01 5.58457870e+01
    5.67879791e+01 5.50324631e+01 5.69807320e+01 5.49980965e+01
    5.61944656e+01 5.69193192e+01 5.41176682e+01 5.23833961e+01
    5.43172607e+01 5.46255875e+01 5.52311516e+01 5.45660591e+01
    5.65922241e+01 5.76235313e+01 5.51148224e+01 5.14937668e+01
    5.37600060e+01 5.09638405e+01 5.16495667e+01 5.12075348e+01
    5.26780243e+01 5.08134804e+01 5.45018578e+01 5.59760513e+01
    5.59961510e+01 5.27815361e+01 5.46451111e+01 5.51596260e+01
    5.63364105e+01 5.30553513e+01 5.76148148e+01 5.64967422e+01
    5.49512672e+01 5.34608917e+01 5.23794746e+01 5.61061592e+01
    5.62163582e+01 5.36272011e+01 5.52086182e+01 5.65974350e+01
    5.53235207e+01 5.90612411e+01 5.46439819e+01 5.47228661e+01
    5.73098221e+01 5.56377449e+01 5.53289452e+01 5.31606026e+01
    5.26682549e+01 5.77076721e+01 5.24380226e+01 5.47583580e+01
    5.11092529e+01 5.09110222e+01 4.93330498e+01 5.12477722e+01
    4.76503181e+01 5.09678078e+01 5.02318420e+01 5.12545929e+01
    5.09818993e+01 5.39528389e+01 5.51018906e+01 5.23850174e+01
    4.85510864e+01 5.18074074e+01 4.75984039e+01 4.98275108e+01
    5.29425278e+01 4.96446152e+01 5.27009583e+01 5.34875183e+01
    5.13041420e+01 5.49855461e+01 5.37169762e+01 5.66752892e+01
    5.39899254e+01 5.09231453e+01 5.12883034e+01 5.07754021e+01
    5.13299179e+01 4.95856895e+01 5.12005043e+01 5.14731255e+01
    5.10888062e+01 4.96553421e+01 5.01503563e+01 4.79526443e+01
    4.81625366e+01 4.95864372e+01 4.77758064e+01 4.64278755e+01
    4.88462257e+01 4.97076912e+01 5.07062378e+01 4.80513954e+01
    5.05187645e+01 4.93795166e+01 4.79079895e+01 4.93315773e+01
    5.19380455e+01 5.23731384e+01 5.07445526e+01 5.14759903e+01
    5.13257332e+01 5.30822067e+01 5.38150749e+01 5.36910362e+01
    5.55424538e+01 5.42614899e+01 5.36352348e+01 5.37242088e+01
    5.07770882e+01 5.07916603e+01 5.13971100e+01 5.07246780e+01
    4.86916428e+01 4.85668602e+01 5.05208740e+01 4.87049828e+01
    4.62535400e+01 4.75497475e+01 4.79390793e+01 4.99742928e+01
    4.81313553e+01 5.01579819e+01 5.21954155e+01 5.20857964e+01
    5.06639290e+01 4.89028473e+01 5.02232208e+01 5.45001450e+01
    5.07373199e+01 5.29868393e+01 5.37393684e+01 5.27655640e+01
    5.34338303e+01 5.24205627e+01 5.26080437e+01 5.64664230e+01
    5.25410309e+01 5.45738373e+01 5.40384216e+01 5.51286125e+01
    5.52247467e+01 5.38106384e+01 5.35546532e+01 5.53168907e+01
    5.51174393e+01 5.59127121e+01 5.48820763e+01 4.93334656e+01
    5.04588509e+01 5.20841980e+01 4.82365990e+01 5.10863914e+01
    4.89709206e+01 5.01004829e+01 5.08521729e+01 5.07561226e+01
    5.33642235e+01 5.38817787e+01 5.20187035e+01 5.42322083e+01
    5.06911125e+01 5.47616386e+01 5.52672386e+01 5.50020485e+01
    5.70158234e+01 5.46515427e+01 5.44687424e+01 5.60417023e+01
    5.47442513e+01 5.55761948e+01 5.22742081e+01 5.58693428e+01
    5.40175323e+01 5.34173622e+01 5.28554878e+01 5.40939636e+01
    5.29065742e+01 5.43463287e+01 5.09716797e+01 4.68407745e+01
    5.08292618e+01 5.27309608e+01 5.11208687e+01 5.02225647e+01
    5.39183884e+01 5.16580200e+01 5.21776543e+01 5.06823654e+01
    5.24005280e+01 5.21265450e+01 5.22667580e+01 5.46509819e+01
    5.32901993e+01 5.20535393e+01 5.52516365e+01 5.25094910e+01
    5.09206314e+01 5.05624008e+01 5.30542717e+01 5.06777153e+01
    5.17584114e+01 5.06702461e+01 5.26483803e+01 5.18975372e+01
    5.15429230e+01 5.09418716e+01 5.00502663e+01 5.22259636e+01
    5.51540222e+01 5.19942551e+01 5.16856346e+01 5.64388618e+01
    5.53039932e+01 5.50043030e+01 5.22838593e+01 5.21789131e+01
    5.06328850e+01 4.95255051e+01 5.14235344e+01 5.19159660e+01
    5.27249527e+01 5.41086578e+01 5.19539986e+01 4.79868927e+01
    5.31379623e+01 5.30276299e+01 5.27926178e+01 5.29640999e+01
    5.52709427e+01 5.61173401e+01 5.47316704e+01 5.58797989e+01
    5.71535187e+01 5.63326073e+01 5.50973625e+01 5.83471680e+01
    5.82740364e+01 5.40498085e+01 5.81868591e+01 5.62481766e+01
    5.54686813e+01 5.67017174e+01 5.59533539e+01 5.77187843e+01
    5.65211830e+01 5.34593811e+01 5.64434700e+01 5.78067589e+01
    5.70426712e+01 5.53588753e+01 5.60526352e+01 5.58394203e+01
    5.46151466e+01 5.23117180e+01 5.38804855e+01 5.46352921e+01
    5.43549919e+01 5.12455559e+01 5.58882103e+01 5.33338699e+01
    5.35938492e+01 5.49782066e+01 5.32827644e+01 5.40153008e+01
    5.18431931e+01 5.23674660e+01 5.31437149e+01 5.33623161e+01
    5.37858772e+01 5.40898628e+01 5.33122864e+01 5.45401917e+01
    5.22681122e+01 5.41688881e+01 5.35690346e+01 5.46088486e+01
    5.44376068e+01 5.64074440e+01 5.58280716e+01 6.01539497e+01
    5.49116402e+01 5.89557648e+01 5.88114967e+01 5.43332939e+01
    5.45625839e+01 5.31242142e+01 5.28685799e+01 5.60022621e+01
    5.32056389e+01 5.31759415e+01 5.24362946e+01 5.20642815e+01
    5.12315254e+01 5.18563004e+01 5.23336220e+01 5.31460381e+01
    5.01983032e+01 5.32662659e+01 5.32844887e+01 5.28325195e+01
    5.51000862e+01 5.36689110e+01 5.16992874e+01 5.24176140e+01
    5.02197762e+01 5.11413040e+01 5.18636131e+01 5.40194588e+01
    5.31590309e+01 5.32062149e+01 5.40679779e+01 5.49956665e+01
    5.15258904e+01 4.88059273e+01 5.36065025e+01 5.07640686e+01
    5.10979958e+01 5.09069252e+01 5.22523155e+01 5.25633125e+01
    5.26107483e+01 5.14311142e+01 5.09373131e+01 4.57036171e+01
    4.62009621e+01 4.84949722e+01 4.51829300e+01 4.64373016e+01
    4.99533730e+01 4.75910187e+01 4.81753082e+01 4.79918861e+01
    5.05416183e+01 4.85777283e+01 4.72918091e+01 4.96692009e+01
    4.98282738e+01 4.96511574e+01 5.41157837e+01 5.12342377e+01
    5.31038666e+01 5.11612587e+01 4.96028175e+01 5.25352364e+01
    5.19225616e+01 5.40723000e+01 5.53787041e+01 5.24630013e+01
    5.28668098e+01 5.43927002e+01 5.43551445e+01 5.36673012e+01
    5.27487411e+01 5.10358391e+01 5.29854393e+01 4.73415985e+01
    4.76136017e+01 4.84700317e+01 5.11522942e+01 4.87141342e+01
    5.03614731e+01 4.77248116e+01 4.85613480e+01 5.02647743e+01
    5.20659599e+01 5.04256172e+01 5.44361916e+01 5.22573204e+01
    5.23533440e+01 5.45558815e+01 5.28391304e+01 5.52787209e+01
    5.61445618e+01 5.28125992e+01 5.48892670e+01 5.46929665e+01
    5.36331902e+01 5.69249458e+01 5.35247116e+01 5.49451637e+01
    5.67000961e+01 5.70052261e+01 5.51750603e+01 5.62979622e+01
    5.54447861e+01 5.62400093e+01 5.44525642e+01 5.39016113e+01
    5.55420380e+01 5.09823761e+01 5.12744827e+01 5.09206924e+01
    4.83114395e+01 4.97463913e+01 5.02639275e+01 4.94301147e+01
    5.09374886e+01 4.97874069e+01 5.21454582e+01 5.26963196e+01
    5.40656395e+01 5.12628021e+01 5.41741447e+01 5.50130692e+01
    5.59526443e+01 5.45545158e+01 5.82203445e+01 5.58565559e+01
    5.57177505e+01 5.40654144e+01 5.56272087e+01 5.47518806e+01
    5.36121826e+01 5.09159813e+01 5.12116394e+01 5.11934090e+01
    5.29051094e+01 5.32042427e+01 5.20062485e+01 5.22564087e+01
    5.26099396e+01 5.03787994e+01 5.18446045e+01 5.17819214e+01
    5.04361610e+01 4.91508942e+01 5.06829872e+01 5.43918419e+01
    5.00105820e+01 5.41659660e+01 5.30828171e+01 5.50914001e+01
    5.16194000e+01 5.17121582e+01 5.24476700e+01 5.26783104e+01
    5.03475037e+01 5.32231712e+01 4.78559608e+01 5.29943581e+01
    5.03654556e+01 5.16887283e+01 5.10116959e+01 5.19239006e+01
    5.00486984e+01 5.24473839e+01 5.12121086e+01 5.29544258e+01
    5.06836205e+01 5.13887367e+01 5.42071419e+01 5.29854507e+01
    5.35631142e+01 5.54859238e+01 5.46002388e+01 5.16916542e+01
    5.31964951e+01 4.98638496e+01 4.99852257e+01 5.10949440e+01
    5.05283432e+01 5.09902000e+01 5.44795456e+01 5.14556389e+01
    5.19131966e+01 5.30364609e+01 5.14575043e+01 5.45982552e+01
    5.39078827e+01 5.40386429e+01 5.35631943e+01 5.67625961e+01
    5.78372688e+01 5.55045242e+01 5.69848900e+01 5.89155464e+01
    5.61992645e+01 5.81202164e+01 5.80733604e+01 5.53152428e+01
    5.52496719e+01 5.77570114e+01 5.56295280e+01 5.71508751e+01
    5.77607193e+01 5.49016838e+01 5.80075417e+01 5.31150818e+01
    5.47684479e+01 5.52459297e+01 5.53292389e+01 5.45402451e+01
    5.53922195e+01 5.58139572e+01 5.53389397e+01 5.44043236e+01
    5.55113831e+01 5.35406837e+01 5.40997772e+01 5.65524406e+01
    5.13146248e+01 5.42194595e+01 5.53124657e+01 5.58745003e+01
    5.50987549e+01 5.54595757e+01 5.18302345e+01 5.43961945e+01
    5.35063362e+01 5.46091232e+01 5.38083229e+01 5.77907829e+01
    5.42348022e+01 5.65601921e+01 5.10433121e+01 5.57386627e+01
    5.80491638e+01 5.43671303e+01 5.45681076e+01 5.55038376e+01
    5.75936661e+01 5.99865265e+01 5.72476540e+01 5.52640915e+01
    5.49295311e+01 5.47322311e+01 5.32698021e+01 5.31959152e+01
    5.25589752e+01 5.47768135e+01 5.42627335e+01 5.28897133e+01
    5.36930084e+01 5.18803406e+01 5.10698586e+01 4.83733978e+01
    4.87724113e+01 4.72867393e+01 4.89906883e+01 5.13666229e+01
    5.38661880e+01 5.31249771e+01 5.38861732e+01 5.45104637e+01
    5.11524467e+01 4.97383347e+01 4.92543488e+01 5.03698502e+01
    5.43285904e+01 5.15108757e+01 5.33494263e+01 5.44463882e+01
    5.13313942e+01 5.39453316e+01 5.32668839e+01 5.26121674e+01
    5.26458626e+01 5.46005478e+01 5.09390678e+01 5.14064560e+01
    5.15059891e+01 5.09458618e+01 4.99694633e+01 5.00841293e+01
    4.91495705e+01 5.01761894e+01 4.78052139e+01 4.91063538e+01
    5.11758385e+01 4.89169159e+01 4.66194954e+01 4.89982719e+01
    4.63786049e+01 4.74918137e+01 4.84961319e+01 4.82376289e+01
    4.76721420e+01 4.77802391e+01 4.85597763e+01 4.92651901e+01
    5.07798386e+01 4.96641159e+01 5.18230782e+01 5.26900520e+01
    4.86802711e+01 5.02086868e+01 5.36722755e+01 5.29562340e+01
    5.56448669e+01 5.27405968e+01 5.34543190e+01 5.40884819e+01
    5.46950111e+01 5.29605217e+01 5.33809814e+01 5.00314865e+01
    4.97252731e+01 4.93562737e+01 4.84733162e+01 4.73740005e+01
    4.92952042e+01 4.82103081e+01 4.85214653e+01 4.98475914e+01
    4.84493561e+01 4.87861366e+01 5.05657692e+01 4.97783432e+01
    5.09025879e+01 5.32667809e+01 5.18273735e+01 5.18235474e+01
    5.51669083e+01 5.30179443e+01 5.34840088e+01 5.58643646e+01
    5.66093826e+01 5.59906197e+01 5.68441887e+01 5.65557289e+01
    5.70134392e+01 5.79096146e+01 5.59754753e+01 5.67350426e+01
    5.69612617e+01 5.48326569e+01 5.47868233e+01 5.52825089e+01
    5.60647659e+01 5.82410011e+01 5.56744537e+01 5.28690147e+01
    5.11389923e+01 5.04698296e+01 5.15929565e+01 4.92151337e+01
    5.05968628e+01 5.42125969e+01 5.15211334e+01 5.15732613e+01
    5.42778053e+01 5.28402481e+01 5.40387573e+01 5.43726883e+01
    5.09353676e+01 5.28293381e+01 5.25312424e+01 5.61103020e+01
    5.75918388e+01 5.63880577e+01 5.54013062e+01 5.77766266e+01
    5.23774834e+01 5.52795982e+01 5.39224777e+01 5.14326630e+01
    5.17474937e+01 5.30583344e+01 5.27360573e+01 5.52382126e+01
    5.21389351e+01 5.30317154e+01 5.05600777e+01 4.91816978e+01
    4.97306633e+01 5.07102394e+01 5.10317612e+01 5.36782761e+01
    5.04984512e+01 5.34276085e+01 5.21877708e+01 5.19817734e+01
    5.13077087e+01 5.35826988e+01 5.07326584e+01 5.16232224e+01
    5.27227516e+01 5.15333061e+01 5.22834625e+01 5.08054314e+01
    5.09279289e+01 5.12979164e+01 5.19282150e+01 5.02863197e+01
    5.33456612e+01 5.32974052e+01 5.24506111e+01 5.04952545e+01
    4.99830399e+01 5.27137260e+01 5.25387192e+01 5.12301445e+01
    5.49480095e+01 5.44120216e+01 5.10192490e+01 5.66344719e+01
    5.37147980e+01 5.27220612e+01 5.43664703e+01 5.50101089e+01
    5.34271545e+01 5.16055565e+01 4.97946930e+01 5.22345924e+01
    4.95581551e+01 5.15508957e+01 5.08729401e+01 5.30824127e+01
    5.36691132e+01 5.51041031e+01 5.46875191e+01 5.38687134e+01
    5.48322258e+01 5.86908875e+01 5.66349068e+01 5.72113037e+01
    5.46595192e+01 5.99532051e+01 5.79457359e+01 5.85971146e+01
    5.71049194e+01 5.66370010e+01 5.79814911e+01 5.84357338e+01
    5.59766998e+01 5.50561333e+01 5.59944267e+01 5.63994293e+01
    5.67734756e+01 5.27194023e+01 5.51116257e+01 5.77041435e+01
    5.60189514e+01 5.48371468e+01 5.77596741e+01 5.42288780e+01
    5.56677361e+01 5.29633217e+01 5.21665993e+01 5.42641182e+01
    5.45431480e+01 5.53624725e+01 5.37174797e+01 5.23045845e+01
    5.55032234e+01 5.73262749e+01 5.56204453e+01 5.41298714e+01
    5.14437065e+01 5.49010277e+01 5.76270714e+01 5.37172775e+01
    5.66459770e+01 5.53397598e+01 5.71008720e+01 5.71583290e+01
    5.39035187e+01 5.32838249e+01 5.67084389e+01 5.54743309e+01
    5.48669014e+01 5.21075668e+01 5.61057892e+01 5.75845451e+01
    5.90843925e+01 5.51389236e+01 5.75357056e+01 5.48921013e+01
    5.35047493e+01 5.30933723e+01 5.24193611e+01 5.54431458e+01
    5.17937927e+01 5.11431694e+01 4.93593445e+01 5.01888580e+01
    5.03045921e+01 4.98168907e+01 4.61395378e+01 5.03548164e+01
    5.15647316e+01 5.06966400e+01 5.20312881e+01 5.27881889e+01
    5.29491158e+01 5.51400833e+01 5.12494278e+01 5.16782455e+01
    5.10226631e+01 5.10209541e+01 5.35576859e+01 5.27551384e+01
    5.31190491e+01 5.57550697e+01 4.98224525e+01 5.37168541e+01
    5.19099426e+01 5.12698631e+01 5.24083786e+01 4.87179184e+01
    4.89680367e+01 5.03085632e+01 5.03638573e+01 5.25058746e+01
    5.29364624e+01 5.41571465e+01 5.15209846e+01 5.15995750e+01
    4.99556999e+01 4.93733749e+01 4.88182068e+01 4.86612663e+01
    4.84875603e+01 4.80261612e+01 4.93835106e+01 4.83447952e+01
    5.02362671e+01 5.07902145e+01 4.98747864e+01 5.04854546e+01
    4.76589775e+01 5.36950912e+01 5.32420273e+01 5.32039490e+01
    5.20550766e+01 5.42764091e+01 5.46048431e+01 5.44124908e+01
    5.38648453e+01 5.30622559e+01 5.69756927e+01 5.35442085e+01
    5.40849953e+01 5.36639252e+01 5.21574936e+01 5.26476974e+01
    5.42523842e+01 5.23843994e+01 4.99377518e+01 4.70318031e+01
    4.99627113e+01 4.95712433e+01 4.92790146e+01 5.14574356e+01
    5.04452820e+01 4.93878632e+01 4.88569336e+01 4.93101807e+01
    5.38480644e+01 5.08812256e+01 5.11225586e+01 5.12508888e+01
    5.41955948e+01 5.73506775e+01 5.34269371e+01 5.50064163e+01
    5.43542976e+01 5.45602112e+01 5.86743393e+01 5.59288254e+01
    5.63183250e+01 5.69998322e+01 5.53153191e+01 5.37863045e+01
    5.76523285e+01 5.47918510e+01 5.73971062e+01 5.49350662e+01
    5.64686432e+01 5.61350479e+01 5.52592278e+01 5.50983696e+01
    5.45466385e+01 5.14886284e+01 5.08161659e+01 5.01333542e+01
    5.06185570e+01 5.11571007e+01 5.06631355e+01 5.18879585e+01
    5.16386452e+01 5.27654648e+01 5.41745186e+01 5.39812584e+01
    5.15908165e+01 5.11684799e+01 5.30627632e+01 5.41235085e+01
    5.42663841e+01 5.36480408e+01 5.78655434e+01 5.81888313e+01
    5.17408295e+01 5.23488007e+01 5.55235596e+01 5.36389732e+01
    5.40583000e+01 5.14722748e+01 5.24793320e+01 5.25987320e+01
    5.10898857e+01 5.45938988e+01 5.22043839e+01 5.07913971e+01
    5.18192291e+01 5.14580193e+01 5.12597389e+01 5.29280930e+01
    5.11084976e+01 5.12223701e+01 5.12658768e+01 4.91811333e+01
    5.18925018e+01 5.06236877e+01 5.03038330e+01 5.35420265e+01
    5.04183235e+01 5.09426727e+01 5.20624084e+01 5.22678947e+01
    5.26263084e+01 5.02427177e+01 4.87879601e+01 4.94223938e+01
    5.09296455e+01 4.96992493e+01 4.93477631e+01 5.22370300e+01
    4.86045380e+01 4.89828987e+01 4.70288811e+01 4.73365173e+01
    4.97439651e+01 5.11723938e+01 5.16656342e+01 5.30796471e+01
    5.13991966e+01 5.12232475e+01 5.28682594e+01 4.96751518e+01
    5.27202148e+01 5.33921852e+01 5.27604599e+01 5.13979912e+01
    5.03884125e+01 5.21326828e+01 5.23226891e+01 5.27863693e+01
    5.12859344e+01 5.38095703e+01 5.54443321e+01 5.43161964e+01
    5.39726334e+01 5.61942253e+01 5.37723770e+01 5.67936516e+01
    5.60249748e+01 5.52221794e+01 5.63372154e+01 5.74339981e+01
    5.77244873e+01 5.71939545e+01 5.89085999e+01 5.60189705e+01
    5.78539505e+01 5.83966446e+01 5.48498573e+01 5.67142677e+01
    5.59773293e+01 5.60423851e+01 5.53469505e+01 5.46279526e+01
    5.36308212e+01 5.60647850e+01 5.69587898e+01 5.74493370e+01
    5.62302322e+01 5.61777039e+01 5.49583359e+01 5.70785637e+01
    5.31769485e+01 5.41339569e+01 5.49611130e+01 5.34662666e+01
    5.55484543e+01 5.36356621e+01 5.53752327e+01 5.80836143e+01
    5.52830849e+01 5.64064560e+01 5.38020630e+01 5.38058891e+01
    5.59434052e+01 5.44616623e+01 5.60166092e+01 5.92154007e+01
    5.94601822e+01 5.86804466e+01 5.32554779e+01 5.61313858e+01
    5.59801559e+01 5.70829849e+01 5.45768318e+01 5.70072327e+01
    5.65405006e+01 6.04979897e+01 5.64297295e+01 5.61034393e+01
    5.66180458e+01 5.72302399e+01 5.14076042e+01 5.45977859e+01
    5.11377068e+01 5.47594833e+01 5.30288048e+01 5.12869987e+01
    4.89989243e+01 4.96230011e+01 5.01441154e+01 4.99414101e+01
    4.94294930e+01 5.20045967e+01 4.94644814e+01 5.05958061e+01
    5.19774895e+01 5.09204788e+01 5.21348381e+01 5.09305763e+01
    5.08560219e+01 5.12549782e+01 5.16985741e+01 5.19128380e+01
    5.31443672e+01 5.03827858e+01 5.21673203e+01 5.55552063e+01
    5.10151634e+01 5.18748207e+01 5.38436623e+01 5.12337303e+01
    5.15556984e+01 5.08356171e+01 5.07842407e+01 5.08030434e+01
    4.88047600e+01 5.14855118e+01 5.06183548e+01 5.11392975e+01
    4.92474747e+01 4.84658546e+01 4.62977753e+01 4.94205170e+01
    4.82262154e+01 5.23706932e+01 4.85108871e+01 4.96877708e+01
    4.97564583e+01 4.63341675e+01 5.19668503e+01 4.99450035e+01
    4.95053101e+01 4.83732986e+01 5.14929810e+01 4.83244553e+01
    5.33704987e+01 5.19380875e+01 5.30984650e+01 5.40849190e+01
    5.42251244e+01 5.42028465e+01 5.45019341e+01 5.44366722e+01
    5.42643661e+01 5.31988297e+01 5.40018806e+01 5.31074295e+01
    5.48976364e+01 5.37647820e+01 5.26540413e+01 5.18618126e+01
    5.51604004e+01 5.23933220e+01 5.09263420e+01 5.17034645e+01
    5.22180939e+01 4.85160370e+01 4.83299637e+01 4.92727394e+01
    4.83684959e+01 5.13496132e+01 5.30711174e+01 5.21736031e+01
    5.33377419e+01 5.50245972e+01 5.35998764e+01 5.29217567e+01
    5.49685364e+01 5.41611328e+01 5.47501755e+01 5.54452286e+01
    5.73155136e+01 5.77055359e+01 5.58997498e+01 5.73177834e+01
    5.44793053e+01 5.47303505e+01 5.54946823e+01 5.50830078e+01
    5.33391800e+01 5.38763542e+01 5.14396667e+01 5.31310959e+01
    5.33295174e+01 5.61079292e+01 5.24338074e+01 5.31951370e+01
    5.09798546e+01 5.11305313e+01 4.84060211e+01 5.14312553e+01
    4.89138451e+01 5.14377060e+01 4.98966637e+01 5.04812202e+01
    5.21544418e+01 5.11730690e+01 5.15581818e+01 5.17519455e+01
    5.09368210e+01 5.38373260e+01 5.34198074e+01 5.38407631e+01
    5.70670090e+01 5.40552292e+01 5.71552582e+01 5.76446266e+01
    5.54545593e+01 5.33627777e+01 5.29641838e+01 5.14672699e+01
    5.35500679e+01 5.25195808e+01 5.20720940e+01 5.19894714e+01
    5.42929382e+01 5.37382011e+01 5.25205612e+01 5.03067894e+01
    4.93888016e+01 5.23869743e+01 5.18103752e+01 5.17326622e+01
    5.08121414e+01 5.24899635e+01 5.26569176e+01 5.09582748e+01
    5.10668221e+01 5.04584808e+01 5.08132019e+01 5.16331596e+01
    5.12179565e+01 5.04808502e+01 4.97725067e+01 5.26423683e+01
    4.99283524e+01 5.36474571e+01 4.92622223e+01 5.00510597e+01
    5.28810654e+01 5.16716652e+01 5.09112816e+01 5.47363625e+01
    4.99971161e+01 5.31501160e+01 4.84472198e+01 5.24608536e+01
    5.36241951e+01 5.19194069e+01 5.06177368e+01 5.24598579e+01
    5.29618225e+01 5.28066483e+01 5.26707458e+01 5.32379875e+01
    5.21017189e+01 5.02943192e+01 4.98422470e+01 5.25781517e+01
    5.04214211e+01 5.16816521e+01 5.25478630e+01 5.36347656e+01
    5.41039619e+01 5.47748299e+01 5.30160065e+01 5.73754959e+01
    5.55440941e+01 5.68000336e+01 5.79396858e+01 5.90408287e+01
    5.61970711e+01 5.72726440e+01 5.70810928e+01 5.58162155e+01
    5.66983261e+01 5.85354004e+01 5.57413139e+01 5.64414787e+01
    5.52398796e+01 5.62796516e+01 5.42942314e+01 5.59910355e+01
    5.57893295e+01 5.38308372e+01 5.38577728e+01 5.75418434e+01
    5.54807091e+01 5.57701607e+01 5.79628258e+01 5.35560226e+01
    5.64821548e+01 5.35124512e+01 5.13487854e+01 5.63293686e+01
    5.41290779e+01 5.42319870e+01 5.56406479e+01 5.56335564e+01
    5.68499718e+01 5.76943703e+01 5.64113579e+01 5.46763573e+01
    5.75326843e+01 5.47707253e+01 5.48576813e+01 5.85884132e+01
    5.55396538e+01 5.70299835e+01 5.75259323e+01 5.68179855e+01
    5.68718376e+01 5.60379944e+01 5.68056221e+01 5.51380081e+01
    5.74087830e+01 5.46565399e+01 5.59817772e+01 6.14706039e+01
    5.89457092e+01 5.72505531e+01 5.65654449e+01 5.47840652e+01
    5.33426933e+01 5.16758919e+01 5.19503059e+01 5.22869301e+01
    5.16590385e+01 5.08625526e+01 5.15332718e+01 5.03869324e+01
    5.06629486e+01 5.12271271e+01 4.87174301e+01 4.72833710e+01
    4.90350418e+01 4.66557846e+01 4.91738129e+01 4.97652740e+01
    5.11947784e+01 5.41565781e+01 5.09122734e+01 5.16220322e+01
    5.10530434e+01 5.02051086e+01 5.38351784e+01 5.17634277e+01
    5.04612160e+01 5.43166771e+01 5.28986244e+01 5.18117065e+01
    5.11884651e+01 5.37711906e+01 5.34746399e+01 5.05577469e+01
    4.95557709e+01 4.90841637e+01 4.84935646e+01 5.13651505e+01
    5.07527199e+01 5.00543747e+01 5.23709373e+01 5.25549278e+01
    4.87195358e+01 4.76458092e+01 4.98847198e+01 5.11282768e+01
    4.86803932e+01 4.61950340e+01 4.81963921e+01 4.85275536e+01
    5.12723732e+01 4.90433998e+01 4.82534065e+01 5.06673470e+01
    4.91836319e+01 4.94741974e+01 5.04251976e+01 5.17523537e+01
    5.29634399e+01 5.11980133e+01 5.16931458e+01 5.43371544e+01
    5.45006371e+01 5.51307449e+01 5.61077461e+01 5.48837547e+01
    5.31412735e+01 5.38605804e+01 5.27050781e+01 5.61561584e+01
    5.62899170e+01 5.23920593e+01 4.98960228e+01 5.41333771e+01
    5.22642250e+01 5.00646172e+01 4.81463966e+01 5.00263023e+01
    5.10542450e+01 5.04818840e+01 5.04881439e+01 5.29972267e+01
    5.37583351e+01 5.24031372e+01 5.31850891e+01 5.14176064e+01
    5.53988342e+01 5.43877831e+01 5.48893547e+01 5.45118713e+01
    5.79512596e+01 5.30110550e+01 5.52066002e+01 5.43535576e+01
    5.50447159e+01 5.59424629e+01 5.47552109e+01 5.40577545e+01
    5.35171547e+01 5.32799911e+01 5.39545097e+01 5.23307915e+01
    5.34882278e+01 5.33320732e+01 5.28151894e+01 5.31852226e+01
    5.18022041e+01 5.11076164e+01 5.12063446e+01 4.92542763e+01
    4.92764015e+01 4.81036110e+01 5.02436371e+01 4.99068108e+01
    5.12923508e+01 5.04248352e+01 5.56565132e+01 5.20002060e+01
    5.30241470e+01 5.16405449e+01 5.04347839e+01 5.09637756e+01
    5.44929085e+01 5.09835548e+01 5.50999832e+01 5.50934067e+01
    5.45971985e+01 5.40200768e+01 5.27686272e+01 5.29910583e+01
    5.29787979e+01 5.10174942e+01 5.28909988e+01 5.21099091e+01
    5.36241760e+01 5.43628464e+01 5.23295441e+01 5.11157990e+01
    5.16216164e+01 4.88162308e+01 4.97355385e+01 5.13605270e+01
    5.08842964e+01 5.37281380e+01 5.08407478e+01 5.29760971e+01
    5.10231628e+01 5.39741325e+01 5.17164879e+01 5.19961433e+01
    5.17729416e+01 5.28962517e+01 5.38126411e+01 5.37644653e+01
    5.20012131e+01 5.52074394e+01 5.29496994e+01 5.32487717e+01
    5.03982544e+01 5.15577812e+01 5.23029480e+01 4.98395195e+01
    5.29296799e+01 5.17021713e+01 5.30578346e+01 5.20348930e+01
    5.07274551e+01 4.94933662e+01 5.42447510e+01 5.36381836e+01
    5.07232170e+01 5.43185120e+01 5.32770844e+01 5.58950729e+01
    5.19475784e+01 5.17122192e+01 5.21730652e+01 5.41192474e+01
    5.11602364e+01 5.40734978e+01 5.37723274e+01 5.38258133e+01
    5.43043137e+01 5.35684395e+01 5.48501625e+01 5.47414513e+01
    5.52422867e+01 5.44570084e+01 5.86283913e+01 5.59463577e+01
    5.53463211e+01 5.50272331e+01 5.67634048e+01 5.81837959e+01
    5.59587708e+01 5.67539406e+01 5.53073845e+01 5.90075951e+01
    5.71839027e+01 5.64739075e+01 5.70964508e+01 5.71450272e+01
    5.56785583e+01 5.61037712e+01 5.40260811e+01 5.37372589e+01
    5.41628151e+01 5.42993774e+01 5.61117973e+01 5.63173370e+01
    5.57024307e+01 5.21759491e+01 5.52935677e+01 5.41709824e+01
    5.14855843e+01 5.30032463e+01 5.56170807e+01 5.51792412e+01
    5.49710350e+01 5.44012070e+01 5.82368965e+01 5.54899483e+01
    5.61546974e+01 5.63914261e+01 5.47469559e+01 5.41804352e+01
    5.57859802e+01 5.60302544e+01 5.86072464e+01 5.57722282e+01
    5.74165993e+01 5.52682190e+01 5.47520943e+01 5.66795540e+01
    5.46936150e+01 5.38777580e+01 5.70059013e+01 5.57716980e+01
    5.54373169e+01 5.76553421e+01 5.80709419e+01 5.76775322e+01
    5.58329277e+01 5.36832275e+01 5.24372940e+01 5.17316895e+01
    5.10825958e+01 5.06314392e+01 4.99287109e+01 4.95697021e+01
    4.88578873e+01 4.94833183e+01 4.97215538e+01 4.82906265e+01
    4.76999207e+01 4.89513016e+01 4.89728546e+01 5.05526695e+01
    5.24522858e+01 5.32503891e+01 5.12435074e+01 5.35226974e+01
    5.26533775e+01 4.99298515e+01 5.00925255e+01 5.19784164e+01
    5.42016487e+01 5.27458534e+01 5.16609688e+01 5.56594086e+01
    5.38170242e+01 5.42841759e+01 5.14323044e+01 5.38138847e+01
    5.33869286e+01 5.01578217e+01 4.85837669e+01 4.84826469e+01
    4.95859566e+01 5.33795700e+01 5.30720825e+01 5.19554520e+01
    5.19916229e+01 5.11039963e+01 4.95094185e+01 4.75273857e+01
    4.93654709e+01 5.01440735e+01 5.03225174e+01 5.03121834e+01
    4.97226639e+01 4.79822922e+01 5.17852058e+01 4.94230156e+01
    4.77102776e+01 4.91602097e+01 5.00625305e+01 5.03877602e+01
    5.03409538e+01 5.18748207e+01 5.15045700e+01 5.28938904e+01
    5.21661720e+01 5.13847847e+01 5.66161194e+01 5.39990273e+01
    5.67013512e+01 5.41301804e+01 5.42568779e+01 5.44293022e+01
    5.51333389e+01 5.31911926e+01 5.53533440e+01 5.25171814e+01
    5.39429932e+01 5.17377243e+01 5.28925018e+01 5.25082130e+01
    5.05849037e+01 4.96022568e+01 5.10046577e+01 4.95986519e+01
    5.12279930e+01 5.04689713e+01 5.34849510e+01 5.24567947e+01
    5.07777596e+01 5.29172592e+01 5.32889252e+01 5.37352905e+01
    5.07713547e+01 5.29996033e+01 5.31057434e+01 5.47158470e+01
    5.46347122e+01 5.66759872e+01 5.40289955e+01 5.65000305e+01
    5.54193420e+01 5.35146484e+01 5.58515587e+01 5.41829071e+01
    5.37538719e+01 5.21877670e+01 5.08671112e+01 5.18584175e+01
    5.24763794e+01 5.52303047e+01 5.28697777e+01 5.08636093e+01
    5.25752983e+01 4.78300133e+01 4.84555130e+01 5.11989479e+01
    4.78862724e+01 5.21207008e+01 5.29065781e+01 5.10412636e+01
    5.31958313e+01 5.23908157e+01 5.39187737e+01 5.33760643e+01
    5.01070557e+01 5.29031792e+01 5.54485092e+01 5.10390472e+01
    5.53698616e+01 5.61455078e+01 5.53210487e+01 5.50680771e+01
    5.16079292e+01 5.49737740e+01 5.45083351e+01 5.23161354e+01
    5.50454407e+01 5.30995407e+01 5.47233810e+01 5.54720802e+01
    5.17620544e+01 5.28722763e+01 5.19731064e+01 5.07161102e+01
    5.12331085e+01 5.14588966e+01 4.93259888e+01 5.05089645e+01
    5.35312195e+01 5.19513092e+01 5.40372734e+01 5.05200462e+01
    5.06967239e+01 5.19020233e+01 5.48339233e+01 5.26179924e+01
    5.50989799e+01 5.25018959e+01 5.38883362e+01 5.18587799e+01
    5.35200043e+01 5.29803391e+01 5.40742302e+01 5.18801498e+01
    5.50246658e+01 5.29845772e+01 5.18337555e+01 5.21585960e+01
    5.22029190e+01 4.94332542e+01 4.92262802e+01 5.09917259e+01
    5.10843964e+01 5.34650192e+01 5.28971100e+01 5.21067924e+01
    5.32565041e+01 5.30918503e+01 5.18208389e+01 4.99429436e+01
    5.26009865e+01 5.32135315e+01 5.08213348e+01 5.05723038e+01
    5.29866028e+01 5.32801323e+01 5.19944687e+01 5.07137871e+01
    5.13566284e+01 5.51189651e+01 5.38555641e+01 5.53262024e+01
    5.36119041e+01 5.50511818e+01 5.72488747e+01 5.57148285e+01
    5.46156502e+01 5.48073006e+01 5.93960495e+01 5.81874008e+01
    5.67593422e+01 5.83910294e+01 5.49465256e+01 5.73367119e+01
    5.67344322e+01 5.56721611e+01 5.64001427e+01 5.49410553e+01
    5.70373764e+01 5.72619057e+01 5.57555542e+01 5.64502335e+01
    5.78072319e+01 5.79799118e+01 5.71650963e+01 5.56775856e+01
    5.51532974e+01 5.61360931e+01 5.48382149e+01 5.57554321e+01
    5.64238625e+01 5.62459030e+01 5.75455055e+01 5.27791481e+01
    5.53309441e+01 5.87637100e+01 5.55584068e+01 5.43296700e+01
    5.49619980e+01 5.42715912e+01 5.61006508e+01 5.69583473e+01
    5.59054718e+01 5.71417351e+01 5.57499161e+01 5.73658142e+01
    5.12748184e+01 5.93359642e+01 5.78349419e+01 5.54680176e+01
    5.41261978e+01 5.57312546e+01 5.48702812e+01 5.75262756e+01
    5.28265381e+01 5.49117661e+01 5.33333473e+01 4.99599380e+01
    5.33048477e+01 5.07891502e+01 5.00816040e+01 5.27223663e+01
    5.09411507e+01 5.36350250e+01 5.02153511e+01 4.89819374e+01
    4.81113739e+01 5.15418015e+01 4.55426903e+01 4.86373978e+01
    4.95348549e+01 5.08771400e+01 5.14606094e+01 5.07118301e+01
    5.58032875e+01 5.39937820e+01 5.24090042e+01 5.08830147e+01
    5.06411934e+01 5.09471588e+01 5.31738052e+01 5.38727608e+01
    5.23754539e+01 5.43024254e+01 5.46387215e+01 5.19607353e+01
    5.21014671e+01 5.50119171e+01 5.60082207e+01 5.26615791e+01
    5.18022003e+01 5.16130943e+01 5.33204346e+01 5.18764229e+01
    5.31915894e+01 5.29538841e+01 5.05741615e+01 5.08855515e+01
    5.01163483e+01 5.13756676e+01 5.01369400e+01 5.20963745e+01
    5.11217842e+01 5.16886673e+01 4.90093880e+01 4.83845978e+01
    5.11325569e+01 5.03023338e+01 5.07208328e+01 4.61228867e+01
    4.95740967e+01 5.03110199e+01 5.04927025e+01 4.86577988e+01
    5.12635612e+01 5.01119537e+01 5.11398811e+01 5.29453697e+01
    5.34952240e+01 5.49155731e+01 5.53471947e+01 5.38316727e+01
    5.63941498e+01 5.12028999e+01 5.30772705e+01 5.35829163e+01
    5.46637001e+01 5.28148956e+01 5.23021545e+01 5.01760750e+01
    5.29570084e+01 5.10766792e+01 5.08388634e+01 5.19847107e+01
    4.98569679e+01 4.96069908e+01 5.13820190e+01 4.80087814e+01
    4.88435211e+01 5.23610229e+01 5.13244514e+01 4.95927200e+01
    5.21115608e+01 5.37342377e+01 5.31809654e+01 5.45442123e+01
    5.37895088e+01 5.18758049e+01 5.36104202e+01 5.40384598e+01
    5.36259537e+01 5.43616295e+01 5.57884140e+01 5.47999496e+01
    5.51315079e+01 5.12201462e+01 5.20414505e+01 5.10109024e+01
    5.03633995e+01 5.18291435e+01 5.40829353e+01 5.29715652e+01
    5.39803047e+01 4.99225159e+01 4.96810646e+01 5.03513565e+01
    4.83966103e+01 5.06327171e+01 4.95228119e+01 5.12941170e+01
    5.20910454e+01 5.25542755e+01 5.42957382e+01 5.13689308e+01
    5.08599243e+01 5.52898788e+01 4.91140022e+01 4.98125381e+01
    5.17985802e+01 5.48617821e+01 5.39808807e+01 5.59381104e+01
    5.74218292e+01 5.67744980e+01 5.36403275e+01 5.32211418e+01
    5.64824104e+01 5.43913307e+01 5.45502396e+01 5.42432556e+01
    5.60294456e+01 5.50254784e+01 5.31172943e+01 5.14970818e+01
    5.12726898e+01 5.03742485e+01 5.03255157e+01 5.32314987e+01
    4.72998199e+01 5.11780815e+01 5.21241531e+01 5.09557724e+01
    5.14514847e+01 5.33214417e+01 4.87814903e+01 5.41878204e+01
    5.20688133e+01 5.21646461e+01 5.09585838e+01 5.40810852e+01
    5.13698692e+01 5.32341385e+01 5.23727722e+01 5.37666283e+01
    5.16894112e+01 5.19599495e+01 5.12174835e+01 5.50042000e+01
    5.16912193e+01 5.11722374e+01 5.04921074e+01 5.12716331e+01
    5.08227310e+01 5.04448853e+01 5.18918533e+01 4.88287506e+01
    4.97803688e+01 4.78262444e+01 5.14775162e+01 5.01988411e+01
    5.04411926e+01 5.16824036e+01 5.04636574e+01 5.09782181e+01
    5.04543381e+01 4.94559479e+01 5.03930779e+01 5.24057045e+01
    5.32429581e+01 5.17883263e+01 5.24153175e+01 5.32405624e+01
    5.43765297e+01 5.48761139e+01 5.46195831e+01 5.42828140e+01
    5.29595566e+01 5.61499596e+01 5.44880676e+01 5.13875198e+01
    5.60293884e+01 5.40014381e+01 5.25531197e+01 5.27762375e+01
    5.37364616e+01 5.31791077e+01 5.57154541e+01 5.44059486e+01
    5.45583115e+01 5.70793610e+01 5.54392014e+01 5.30150452e+01
    5.51245193e+01 5.63620110e+01 5.85733185e+01 5.49081993e+01
    5.89902992e+01 5.53952637e+01 5.62218895e+01 5.51260643e+01
    5.33819885e+01 5.35677757e+01 5.81080475e+01 5.53228531e+01
    5.47057610e+01 5.51615372e+01 5.63274269e+01 5.62644463e+01
    5.59999123e+01 5.43423882e+01 5.39301834e+01 5.50890198e+01
    5.49030952e+01 5.69368172e+01 5.39449615e+01 5.52184372e+01
    5.86974869e+01 5.80082550e+01 5.55921288e+01 5.21968803e+01
    5.35550690e+01 5.40804787e+01 5.57864227e+01 5.24594688e+01
    5.42555733e+01 5.70062904e+01 5.61956482e+01 5.60731544e+01
    5.49548988e+01 5.21923027e+01 5.19984856e+01 5.05062256e+01
    5.06982689e+01 5.05130234e+01 4.98332939e+01 4.81247826e+01
    4.70809059e+01 4.80955811e+01 4.77624588e+01 4.72271996e+01
    4.70338745e+01 4.60372849e+01 4.78158226e+01 4.98370934e+01
    4.83726807e+01 5.30298424e+01 5.14957619e+01 5.50838051e+01
    5.47462616e+01 5.40180817e+01 5.28048820e+01 5.27993279e+01
    5.25385361e+01 5.51054420e+01 5.07762413e+01 5.22619286e+01
    5.54811935e+01 5.54413719e+01 5.63151436e+01 5.28562317e+01
    5.75451736e+01 5.47370491e+01 5.13818817e+01 5.05584831e+01
    5.20230064e+01 5.46732750e+01 5.19924088e+01 5.44749146e+01
    5.39391022e+01 5.30488930e+01 5.16456413e+01 5.13335953e+01
    5.20815849e+01 5.14491005e+01 5.17868195e+01 4.92224426e+01
    5.08827553e+01 5.01292648e+01 5.26297493e+01 5.21067429e+01
    5.08238449e+01 4.82450333e+01 4.68317299e+01 4.99289055e+01
    5.21793137e+01 5.02771339e+01 5.03017616e+01 5.12096024e+01
    5.00339165e+01 5.19332848e+01 5.24459572e+01 5.51475525e+01
    5.29679565e+01 5.26014290e+01 5.29373474e+01 5.55093002e+01
    5.56623917e+01 5.58586998e+01 5.27024193e+01 5.54841118e+01
    5.24606094e+01 5.49942551e+01 5.20078049e+01 5.05255508e+01
    4.98768349e+01 5.24848022e+01 4.94685135e+01 4.83421211e+01
    5.06278725e+01 5.07750816e+01 4.80541458e+01 4.92449837e+01
    5.06685905e+01 5.05799217e+01 5.31331406e+01 5.31146011e+01
    5.41046028e+01 5.13488541e+01 5.24504089e+01 5.14591637e+01
    5.27000694e+01 5.45781555e+01 5.26639481e+01 5.63761063e+01
    5.27970886e+01 5.44967880e+01 5.37750206e+01 5.25950356e+01
    5.23152390e+01 5.21918716e+01 5.17376289e+01 5.28825493e+01
    5.12461739e+01 5.59432564e+01 5.45456200e+01 5.27459259e+01
    5.23269386e+01 4.90669594e+01 5.24774475e+01 4.99705925e+01
    5.07219963e+01 5.45689850e+01 5.32085838e+01 5.24290047e+01
    5.48540154e+01 5.09305038e+01 5.24986420e+01 5.11269379e+01
    5.01194153e+01 5.37194023e+01 5.54546165e+01 5.25483742e+01
    5.56940765e+01 5.59109612e+01 5.64284058e+01 5.50368805e+01
    5.21989021e+01 5.19893379e+01 5.21440086e+01 5.24897270e+01
    5.22248573e+01 5.30681992e+01 5.35183449e+01 5.62872581e+01
    5.23111916e+01 5.32545433e+01 5.18091125e+01 5.25814056e+01
    4.88191986e+01 5.06361542e+01 5.05856743e+01 5.17589989e+01
    5.45616226e+01 5.41516609e+01 5.15163307e+01 5.40612259e+01
    5.46973839e+01 5.33878403e+01 5.51555328e+01 5.53733788e+01
    5.30040703e+01 5.40822906e+01 5.47001152e+01 5.24221153e+01
    5.31397209e+01 5.48317184e+01 5.16379013e+01 4.97782898e+01
    5.37755089e+01 5.11641502e+01 4.99132729e+01 5.17473297e+01
    5.15739212e+01 5.35614624e+01 5.10481110e+01 5.14658127e+01
    5.08308105e+01 5.00421181e+01 5.15377312e+01 5.30373650e+01
    4.96054192e+01 5.31916275e+01 4.99192543e+01 5.06186485e+01
    5.30703735e+01 4.92421265e+01 4.87194443e+01 5.09857483e+01
    5.08974724e+01 5.30067711e+01 5.35804634e+01 5.26971359e+01
    5.55144310e+01 5.16577072e+01 5.40425529e+01 5.23134193e+01
    5.53770142e+01 5.59529610e+01 5.23054581e+01 5.25840416e+01
    5.58385925e+01 5.32768059e+01 5.19859428e+01 5.53417130e+01
    5.44592972e+01 5.53033180e+01 5.54352417e+01 5.46856003e+01
    5.54567528e+01 5.35205078e+01 5.39544067e+01 5.51759033e+01
    5.40851898e+01 5.48515167e+01 5.52696533e+01 5.54337845e+01
    6.05186043e+01 5.65731888e+01 5.47999496e+01 5.74379425e+01
    5.57577629e+01 5.62785683e+01 5.57363625e+01 5.64950600e+01
    5.74653320e+01 6.08810501e+01 5.63519974e+01 5.55837479e+01
    5.63801575e+01 5.71881409e+01 5.49294968e+01 5.43677559e+01
    5.32490425e+01 5.59297409e+01 5.08974152e+01 5.45163002e+01
    5.44692230e+01 5.39202042e+01 5.59581871e+01 5.60737228e+01
    5.23396225e+01 5.24760742e+01 5.38946342e+01 5.23168373e+01
    5.33876572e+01 5.37707329e+01 5.40125122e+01 5.60912857e+01
    5.46066971e+01 5.42482414e+01 5.46653481e+01 5.08015175e+01
    5.13845139e+01 5.11287346e+01 4.99241180e+01 5.15195503e+01
    5.07986298e+01 4.92398796e+01 4.76388474e+01 4.79558144e+01
    4.68018265e+01 4.99066925e+01 4.80692215e+01 4.90474892e+01
    5.01916389e+01 5.16602631e+01 4.90953712e+01 5.27798042e+01
    5.22958145e+01 5.43237610e+01 5.38958206e+01 5.14644432e+01
    5.56851273e+01 5.41196747e+01 5.36947098e+01 5.35510101e+01
    5.41450081e+01 5.83368607e+01 5.48456268e+01 5.64994240e+01
    5.65596199e+01 5.34418564e+01 5.42711906e+01 5.53133202e+01
    5.42555847e+01 5.26582298e+01 5.35210724e+01 5.40231323e+01
    5.58835831e+01 5.41200485e+01 5.33148537e+01 5.33012695e+01
    5.36481934e+01 5.27666054e+01 5.26541328e+01 5.30273895e+01
    5.47522545e+01 5.10648232e+01 5.06344337e+01 5.23537254e+01
    5.19627457e+01 5.18733444e+01 5.03644485e+01 4.91831818e+01
    4.81787567e+01 4.93542328e+01 4.99220619e+01 4.90360680e+01
    4.95653801e+01 5.04202843e+01 5.10510216e+01 4.88158684e+01
    5.17235374e+01 5.36204758e+01 5.37942467e+01 5.07388916e+01
    5.48438377e+01 5.23927460e+01 5.60459709e+01 5.44626274e+01
    5.47651596e+01 5.17452240e+01 5.26842232e+01 5.10645599e+01
    5.28753738e+01 4.90126038e+01 5.31353340e+01 5.05736809e+01
    5.18066177e+01 5.09016685e+01 5.09054375e+01 5.21871986e+01
    5.22645607e+01 5.25075836e+01 5.02040253e+01 5.27662735e+01
    5.34463005e+01 5.42307434e+01 5.25767097e+01 5.25099182e+01
    5.37351685e+01 5.51130371e+01 5.15758018e+01 5.63144455e+01
    5.44081039e+01 5.55320473e+01 5.37285194e+01 5.30597115e+01
    5.23611412e+01 5.28387108e+01 5.05570259e+01 5.29947433e+01
    5.10452843e+01 5.30517807e+01 5.34781876e+01 5.28219414e+01
    5.42894440e+01 5.14535866e+01 5.44390793e+01 5.08823395e+01
    5.11898499e+01 5.11914864e+01 4.94228096e+01 5.13357849e+01
    5.30653687e+01 5.22818527e+01 5.31661263e+01 5.37308159e+01
    5.23501396e+01 5.47578964e+01 5.28050995e+01 4.96170235e+01
    5.63889084e+01 5.34617271e+01 5.39836273e+01 5.30880470e+01
    5.41052132e+01 5.59758301e+01 5.35575371e+01 5.21388283e+01
    5.52990456e+01 5.27815742e+01 5.66862679e+01 5.45600281e+01
    5.59894829e+01 5.78559418e+01 5.43328590e+01 5.48822823e+01
    5.42052727e+01 5.09101028e+01 5.42232132e+01 5.15530853e+01
    5.16626892e+01 5.14138718e+01 5.21464233e+01 5.43156662e+01
    5.37557526e+01 4.98865738e+01 5.37890892e+01 5.38796921e+01
    5.29670830e+01 5.09895935e+01 5.13712502e+01 5.25978699e+01
    5.33636131e+01 5.18963699e+01 5.26435776e+01 5.34157257e+01
    5.43117065e+01 5.30774460e+01 5.26333847e+01 5.38497810e+01
    5.31421013e+01 5.39069519e+01 5.27182693e+01 4.98112564e+01
    4.94002228e+01 4.81477280e+01 5.36781120e+01 4.97363930e+01
    5.07484589e+01 5.08766403e+01 5.23176918e+01 5.12222481e+01
    5.24943924e+01 5.03788223e+01 5.27020340e+01 5.12306519e+01
    5.12927208e+01 5.15773697e+01 5.06149864e+01 5.16661720e+01
    5.28740425e+01 5.22198181e+01 5.11513100e+01 5.26324272e+01
    5.14126892e+01 5.40089874e+01 5.23235626e+01 5.45215950e+01
    5.35136070e+01 5.19522820e+01 5.37255516e+01 5.46355782e+01
    5.07515259e+01 5.55973892e+01 5.32696609e+01 5.59443245e+01
    5.54682732e+01 5.46334343e+01 5.52662811e+01 5.64443588e+01
    5.49488449e+01 5.66505013e+01 5.78010559e+01 5.45239754e+01
    5.69998398e+01 5.76732941e+01 5.87539062e+01 5.78012009e+01
    5.57177467e+01 5.72363052e+01 5.59522667e+01 5.43272018e+01
    5.58591309e+01 5.50119400e+01 5.52907028e+01 5.54235458e+01
    5.41498718e+01 5.42653580e+01 5.64051132e+01 5.67588806e+01
    5.56451416e+01 5.33176231e+01 5.25628510e+01 5.33576622e+01
    5.32196960e+01 5.14403534e+01 5.40940895e+01 5.57480431e+01
    5.22458153e+01 5.42617722e+01 5.11396446e+01 5.19032249e+01
    5.18897781e+01 5.31226387e+01 5.21170425e+01 5.17987251e+01
    5.33607635e+01 5.62491302e+01 5.24788284e+01 5.31997643e+01
    5.21556854e+01 5.08783417e+01 4.96213493e+01 5.03721008e+01
    4.89528503e+01 4.94374084e+01 4.82165298e+01 4.90074348e+01
    4.85707397e+01 4.96999588e+01 4.90699158e+01 5.07527428e+01
    4.84000549e+01 4.64490547e+01 4.82537880e+01 5.00322037e+01
    5.20191040e+01 5.02749672e+01 5.11972847e+01 5.64847183e+01
    5.47391777e+01 5.30602951e+01 5.34378319e+01 5.26657867e+01
    5.52186890e+01 5.36397858e+01 5.45621796e+01 5.42236633e+01
    5.51586151e+01 5.38619232e+01 5.32614517e+01 5.57444534e+01
    5.72575111e+01 5.40016708e+01 5.54059372e+01 5.28705978e+01
    5.60992470e+01 5.50828362e+01 5.29538078e+01 5.59246407e+01
    5.28837891e+01 5.53221436e+01 5.12868843e+01 5.40863113e+01
    5.35271988e+01 5.31754570e+01 5.17369843e+01 5.09632378e+01
    5.26097755e+01 5.09900856e+01 5.08463326e+01 5.43271332e+01
    4.94846039e+01 4.81563530e+01 4.88669548e+01 4.90822639e+01
    5.06938057e+01 5.17178421e+01 4.93756866e+01 5.10983238e+01
    5.14600296e+01 5.14110413e+01 4.99631462e+01 5.17840042e+01
    5.60762787e+01 5.41080780e+01 5.22949066e+01 5.23803215e+01
    5.39964371e+01 5.32491379e+01 5.47421265e+01 5.14458351e+01
    5.18240509e+01 5.18830414e+01 5.14727325e+01 5.27536430e+01
    5.06467400e+01 5.11024742e+01 5.02965126e+01 5.01482620e+01
    5.06765594e+01 5.40893402e+01 5.38115158e+01 5.14385490e+01
    5.34784203e+01 5.29499474e+01 5.17373886e+01 5.59552078e+01
    5.46373558e+01 5.37413788e+01 5.13237343e+01 5.32168274e+01
    5.43490524e+01 5.37322922e+01 5.45161972e+01 5.14853821e+01
    5.21902084e+01 5.39129944e+01 5.18703728e+01 5.37156792e+01
    5.38599014e+01 5.43759766e+01 5.34953651e+01 5.25412025e+01
    5.40228577e+01 5.26204109e+01 5.31992836e+01 5.48450928e+01
    5.20543137e+01 5.20652237e+01 4.98954086e+01 5.12523689e+01
    5.22064819e+01 5.39461174e+01 5.28493080e+01 5.49027214e+01
    5.60644913e+01 5.55981598e+01 5.29705544e+01 5.19472122e+01
    5.38457489e+01 5.23424110e+01 5.14227371e+01 5.51509361e+01
    5.44158173e+01 5.58833771e+01 5.58459625e+01 5.57953758e+01
    5.59661484e+01 5.42474785e+01 5.28426971e+01 5.37508125e+01
    5.33003960e+01 5.43428230e+01 5.73110008e+01 5.60497475e+01
    5.40950584e+01 5.36438293e+01 5.57920227e+01 5.46549149e+01
    5.09975281e+01 5.29650421e+01 5.27865105e+01 5.19763031e+01
    5.40342064e+01 5.38444633e+01 5.36657486e+01 5.26852341e+01
    5.06728554e+01 5.25423698e+01 5.33346367e+01 5.51352234e+01
    5.31604156e+01 5.56833420e+01 5.63867569e+01 5.61542053e+01
    5.16899261e+01 5.48895111e+01 5.30595589e+01 5.37795296e+01
    5.20109482e+01 5.31839294e+01 5.19644775e+01 5.45763359e+01
    5.17554970e+01 5.22760620e+01 5.18282547e+01 5.35202904e+01
    5.48720398e+01 5.39771843e+01 5.31695099e+01 5.33881454e+01
    5.28446198e+01 5.20370178e+01 5.05170822e+01 5.24754486e+01
    5.37214432e+01 5.13122215e+01 5.05091324e+01 5.13256226e+01
    5.05002213e+01 5.40969009e+01 5.07144318e+01 5.09402885e+01
    5.26493607e+01 5.09298325e+01 5.10042915e+01 5.29104271e+01
    5.26471786e+01 5.23313103e+01 5.36266937e+01 5.29038544e+01
    5.33086014e+01 5.48347893e+01 5.54588776e+01 5.44766006e+01
    5.53245926e+01 5.44534874e+01 5.77803650e+01 5.69032822e+01
    5.59092026e+01 5.24163094e+01 5.39846191e+01 5.51982384e+01
    5.66597252e+01 5.33703499e+01 5.68019867e+01 5.70901871e+01
    5.86637726e+01 5.68606148e+01 5.72659454e+01 5.63232193e+01
    5.43029938e+01 5.52737083e+01 5.49793663e+01 5.28415642e+01
    5.74678307e+01 5.49948616e+01 5.49660187e+01 5.55738068e+01
    5.47675438e+01 5.29651375e+01 5.34797363e+01 5.25112495e+01
    5.04972954e+01 5.04454269e+01 5.28674126e+01 5.56189919e+01
    5.39848671e+01 5.17615509e+01 5.15678177e+01 5.36887169e+01
    5.25054626e+01 5.14245148e+01 5.11316109e+01 5.14339676e+01
    5.32588501e+01 4.98292465e+01 5.09219933e+01 5.29599762e+01
    5.06167221e+01 5.16679840e+01 5.26570244e+01 4.97282524e+01
    5.03496132e+01 5.04495354e+01 4.80631294e+01 4.93295174e+01
    4.97696304e+01 4.89842720e+01 4.87022820e+01 4.91812935e+01
    4.66984940e+01 5.00266800e+01 4.95289001e+01 5.11096153e+01
    4.97484665e+01 5.13379059e+01 5.26030083e+01 5.16173706e+01
    5.26765480e+01 5.64089279e+01 5.81193848e+01 5.69750786e+01
    5.43856163e+01 5.67589798e+01 5.32968941e+01 5.33793068e+01
    5.33377686e+01 5.33335304e+01 5.52878189e+01 5.72260666e+01
    5.76781807e+01 5.65185394e+01 5.48585281e+01 5.50139580e+01
    5.22945251e+01 5.06088448e+01 5.19874153e+01 5.79698372e+01
    5.30549469e+01 5.23145790e+01 5.65636559e+01 5.41913490e+01
    5.36068916e+01 5.29994774e+01 5.35642662e+01 5.51396065e+01
    5.43981361e+01 5.30278130e+01 5.40730019e+01 5.13160400e+01
    5.25745316e+01 5.26409950e+01 4.91088028e+01 4.88826523e+01
    4.94967842e+01 4.88096733e+01 5.13494835e+01 4.78305283e+01
    4.69960098e+01 4.93822556e+01 4.85442505e+01 4.79725227e+01
    5.01945915e+01 5.33822556e+01 4.99497757e+01 5.07393112e+01
    5.06108551e+01 5.22771034e+01 5.57600441e+01 5.44439926e+01
    5.18768845e+01 5.23883362e+01 5.41605148e+01 5.25528870e+01
    4.87779884e+01 5.06817398e+01 5.16164932e+01 5.30799866e+01
    5.12940102e+01 5.19437256e+01 5.27406464e+01 5.59482422e+01
    5.46348915e+01 5.14726105e+01 5.29772949e+01 5.36268806e+01
    5.38292313e+01 5.26325607e+01 5.23558350e+01 5.41172333e+01
    5.40951538e+01 5.31843834e+01 5.48994865e+01 5.64636536e+01
    5.55054550e+01 5.62823219e+01 5.50030060e+01 5.72987556e+01
    5.54627609e+01 5.57244034e+01 5.50071640e+01 5.26938171e+01
    5.34584007e+01 5.38385429e+01 5.53564224e+01 5.53802681e+01
    5.60923920e+01 5.52055206e+01 5.46818428e+01 5.27410927e+01
    5.21365891e+01 5.19253960e+01 5.46277313e+01 5.40105972e+01
    5.67306709e+01 5.49290581e+01 5.63777466e+01 5.38006248e+01
    5.59871178e+01 4.98247643e+01 4.84231186e+01 5.34525261e+01
    5.86868820e+01 5.15116501e+01 5.42496300e+01 5.45639763e+01
    5.61918259e+01 5.36323929e+01 5.21140709e+01 4.96753845e+01
    5.50263100e+01 5.42858238e+01 5.30679588e+01 5.34060974e+01
    5.40388031e+01 5.81024208e+01 5.42432785e+01 5.31224403e+01
    5.29385262e+01 5.40033875e+01 5.10023308e+01 5.23208122e+01
    5.35384064e+01 5.36183701e+01 5.21566200e+01 5.26091728e+01
    5.00142174e+01 5.20800323e+01 5.13985176e+01 5.44145050e+01
    5.31868591e+01 5.44749451e+01 5.34234161e+01 5.26567879e+01
    5.03470535e+01 5.22053032e+01 5.50577621e+01 5.10945892e+01
    5.19869804e+01 5.01810570e+01 5.19153709e+01 4.99858627e+01
    5.13180313e+01 5.30804520e+01 5.23912621e+01 5.01113052e+01
    4.94605179e+01 4.90716019e+01 5.23343163e+01 5.19836388e+01
    5.12110405e+01 5.15906944e+01 5.11834679e+01 5.28463860e+01
    4.96265984e+01 4.92339249e+01 5.27655678e+01 5.09386368e+01
    5.09557343e+01 5.16376839e+01 5.13236198e+01 5.33835869e+01
    5.13730240e+01 4.82793236e+01 5.30737495e+01 5.19984550e+01
    5.45816040e+01 5.38758163e+01 5.51887589e+01 5.47142181e+01
    5.42425385e+01 5.37849083e+01 5.62321930e+01 5.51733398e+01
    5.29108582e+01 5.40605202e+01 5.46274719e+01 5.33874893e+01
    5.25802116e+01 5.31530914e+01 5.37585793e+01 5.36552010e+01
    5.30038261e+01 5.48900719e+01 5.30856285e+01 5.68837776e+01
    5.63488998e+01 5.55444412e+01 5.57447968e+01 5.73712540e+01
    5.32142754e+01 5.56502571e+01 5.33825912e+01 5.47107391e+01
    5.38283234e+01 5.59522018e+01 5.55137939e+01 5.59527702e+01
    5.24094124e+01 5.33152313e+01 5.39395103e+01 5.60757065e+01
    5.22525520e+01 5.35502892e+01 5.38416367e+01 5.59177704e+01
    5.11530113e+01 5.14209747e+01 5.25391655e+01 5.22314758e+01
    5.14145660e+01 5.29588737e+01 5.06853409e+01 5.40247955e+01
    5.20971870e+01 5.33288307e+01 5.25153847e+01 5.15896263e+01
    4.93081932e+01 5.42751160e+01 5.10035858e+01 5.30539131e+01
    5.40027161e+01 5.13761711e+01 5.16094284e+01 5.23445702e+01
    4.78460808e+01 5.45185509e+01 5.00077438e+01 5.00019875e+01
    5.16544151e+01 4.93218956e+01 4.98164101e+01 4.93691978e+01
    5.03002052e+01 4.98590813e+01 4.76963196e+01 5.13232613e+01
    5.08668976e+01 5.40778198e+01 5.13282356e+01 5.20744858e+01
    5.31537285e+01 5.44768257e+01 5.30370140e+01 5.53232689e+01
    5.50397339e+01 5.51203804e+01 5.32385025e+01 5.44256897e+01
    5.60043221e+01 5.45293312e+01 5.44420090e+01 5.27091255e+01
    5.35088539e+01 5.23017616e+01 5.62823906e+01 5.19525261e+01
    5.38836327e+01 5.60993538e+01 5.85507965e+01 5.21152763e+01
    5.45413208e+01 5.63959694e+01 5.15874176e+01 5.37328720e+01
    5.57620163e+01 5.54272423e+01 5.56957512e+01 5.45960197e+01
    5.47844162e+01 5.09920464e+01 5.17097397e+01 5.34856911e+01
    5.14984741e+01 5.03106956e+01 4.85778160e+01 4.71388321e+01
    4.79796448e+01 4.87697868e+01 4.81412544e+01 4.76324158e+01
    4.84680138e+01 4.89493446e+01 5.11997299e+01 4.79170303e+01
    5.31838150e+01 4.79018059e+01 5.05028648e+01 5.06379929e+01
    5.37005348e+01 5.44103546e+01 5.43623810e+01 5.24396248e+01
    5.08901558e+01 5.17780266e+01 5.58398895e+01 5.40178642e+01
    5.44745941e+01 5.12821007e+01 5.37619743e+01 5.57371712e+01
    5.12118721e+01 5.21218719e+01 5.43861465e+01 5.28616066e+01
    5.20985603e+01 5.27062073e+01 5.51654778e+01 5.48551140e+01
    5.42153206e+01 5.38476677e+01 5.23087730e+01 5.33753662e+01
    5.32974129e+01 5.55443115e+01 5.48181686e+01 5.56482964e+01
    5.59031067e+01 5.38949356e+01 5.33428230e+01 5.05586052e+01
    5.32324753e+01 5.30538254e+01 5.15540009e+01 5.24123688e+01
    5.44523544e+01 5.46981812e+01 5.52580261e+01 5.65491791e+01
    5.66714363e+01 5.09280357e+01 5.41843300e+01 5.16837082e+01
    5.52267723e+01 5.42524719e+01 5.48293648e+01 5.57445602e+01
    5.43261871e+01 5.26085815e+01 5.58994293e+01 5.39339485e+01
    5.22535973e+01 5.19720345e+01 5.48259583e+01 5.52395096e+01
    5.35175095e+01 5.49625130e+01 5.40663834e+01 5.49423256e+01
    5.40330696e+01 5.26266289e+01 5.33511124e+01 5.56163788e+01
    5.51053429e+01 5.35103645e+01 5.60696526e+01 5.57177086e+01
    5.43435326e+01 5.34335289e+01 5.70366936e+01 5.34461594e+01
    5.32637672e+01 5.03907623e+01 5.28683090e+01 5.21333275e+01
    5.21353378e+01 5.22579613e+01 5.36051941e+01 5.15782280e+01
    5.34482727e+01 5.29566803e+01 5.40804482e+01 5.30120125e+01
    5.47891312e+01 5.18287735e+01 5.19130669e+01 5.43529358e+01
    5.43837852e+01 5.33420486e+01 5.23689156e+01 5.36776314e+01
    5.29864120e+01 5.23465309e+01 5.20080910e+01 5.29608345e+01
    5.15612106e+01 5.05637856e+01 5.23282585e+01 5.03052979e+01
    5.17619438e+01 4.99822502e+01 5.09018669e+01 5.06980972e+01
    5.13105431e+01 5.15597000e+01 5.01021805e+01 5.08806152e+01
    5.62529678e+01 5.07714424e+01 5.22823486e+01 5.26603127e+01
    5.01823196e+01 5.34540253e+01 5.27826385e+01 5.02792854e+01
    5.28548889e+01 5.26120491e+01 5.30533562e+01 5.62767296e+01
    5.09442215e+01 5.51363068e+01 5.47224464e+01 5.38622398e+01
    5.23851242e+01 5.66017189e+01 5.11546707e+01 5.43009758e+01
    5.24506760e+01 5.45014954e+01 5.27457047e+01 5.28345032e+01
    5.44030800e+01 5.34067154e+01 5.03031120e+01 5.69351158e+01
    5.28667107e+01 5.07863312e+01 5.24447784e+01 5.27373238e+01
    5.09460487e+01 5.44441414e+01 5.40421867e+01 5.38231201e+01
    5.46122589e+01 5.35805435e+01 5.60062332e+01 5.07956238e+01
    5.35477600e+01 5.61917992e+01 5.71625214e+01 5.54505424e+01
    5.52737007e+01 5.55380402e+01 5.67272034e+01 5.56557388e+01
    5.38087273e+01 5.42379646e+01 5.40493927e+01 5.16838379e+01
    5.17347031e+01 5.31179886e+01 5.17615738e+01 5.04125061e+01
    4.81012726e+01 5.25016747e+01 5.25062370e+01 4.97269554e+01
    5.35654488e+01 5.24046173e+01 5.04531670e+01 5.41246223e+01
    5.23857536e+01 5.19567490e+01 5.42580032e+01 5.03410912e+01
    5.01645470e+01 5.42432289e+01 4.92575798e+01 4.84145393e+01
    5.11694260e+01 4.89374580e+01 4.86519356e+01 4.92729454e+01
    4.96637192e+01 4.88492355e+01 4.90712204e+01 4.95312614e+01
    5.11237831e+01 4.76829720e+01 5.47694740e+01 5.17260323e+01
    4.95146103e+01 5.23909340e+01 5.50858498e+01 5.46269875e+01
    5.48937340e+01 5.44861717e+01 5.49236908e+01 5.40221405e+01
    5.52444611e+01 5.26112328e+01 5.31971207e+01 5.47608185e+01
    5.22215118e+01 5.61115417e+01 5.37468338e+01 5.39928856e+01
    5.39940643e+01 5.13199539e+01 4.97138863e+01 5.38879166e+01
    5.23317757e+01 5.59516029e+01 5.24770432e+01 5.57364998e+01
    5.34134254e+01 5.37553444e+01 5.55287743e+01 5.55599594e+01
    5.24302330e+01 5.27340126e+01 5.44341278e+01 5.34713287e+01
    5.12938423e+01 5.04154205e+01 5.02901611e+01 4.64442863e+01
    4.84292488e+01 4.89510612e+01 4.83653526e+01 5.10443115e+01
    4.86225014e+01 4.81669312e+01 4.68376961e+01 5.03791466e+01
    5.12283783e+01 5.10118980e+01 5.09997368e+01 5.07213936e+01
    5.13836823e+01 5.36316986e+01 5.32270432e+01 5.32141380e+01
    5.52278481e+01 5.54735069e+01 5.46736412e+01 5.22361488e+01
    5.21933937e+01 5.55723839e+01 5.24594955e+01 4.95231247e+01
    5.03433189e+01 5.38429604e+01 5.50189323e+01 5.23813286e+01
    5.42605896e+01 5.38156700e+01 5.46405029e+01 5.49963341e+01
    5.47976990e+01 5.58830872e+01 5.58223038e+01 5.46972008e+01
    5.37487183e+01 5.22480850e+01 5.49762497e+01 5.54784050e+01
    5.65976562e+01 5.37356110e+01 5.36415291e+01 5.38374557e+01
    5.28318367e+01 5.38798485e+01 5.20284348e+01 5.21070099e+01
    5.35756874e+01 5.36023216e+01 5.46145782e+01 5.65712357e+01
    5.61961861e+01 5.39640732e+01 5.29986343e+01 5.27002220e+01
    5.16703949e+01 5.55152473e+01 5.66686211e+01 5.33199959e+01
    5.40737190e+01 5.64570045e+01 5.52474480e+01 5.36509743e+01
    5.23852348e+01 5.19928703e+01 5.06196060e+01 5.17404213e+01
    5.09851875e+01 5.39598198e+01 5.37229424e+01 5.59402771e+01
    5.50894699e+01 5.19446793e+01 5.52132034e+01 5.19740219e+01
    5.03215675e+01 5.32452354e+01 5.41623611e+01 5.32736969e+01
    5.48272514e+01 5.49776764e+01 5.68653030e+01 5.49346390e+01
    5.45190659e+01 5.36745987e+01 5.33205338e+01 5.37256317e+01
    5.35559998e+01 5.57227211e+01 5.53892593e+01 5.67678108e+01
    5.28962631e+01 5.28309860e+01 5.07553329e+01 5.62811584e+01
    5.38195381e+01 5.30094719e+01 5.35169373e+01 5.44437790e+01
    5.31558037e+01 5.59524689e+01 5.47948761e+01 5.40319023e+01
    5.18492851e+01 5.09232254e+01 5.30053368e+01 5.19198570e+01
    4.92913895e+01 5.14343910e+01 5.26617432e+01 5.23157501e+01
    5.21797676e+01 5.28119392e+01 5.22313271e+01 5.21244125e+01
    5.39495277e+01 5.36723595e+01 5.24905205e+01 5.30844040e+01
    5.11503754e+01 5.23212128e+01 5.17836952e+01 5.25260506e+01
    5.17719841e+01 5.20625458e+01 5.11896706e+01 5.58064575e+01
    5.40503502e+01 5.21741562e+01 5.29600563e+01 5.07459335e+01
    5.19108047e+01 5.27771759e+01 5.30850639e+01 5.21984291e+01
    5.46554298e+01 5.10552025e+01 5.16330338e+01 5.28911591e+01
    5.49944649e+01 5.26530228e+01 5.74401970e+01 5.42106094e+01
    5.44360580e+01 5.28237152e+01 5.33611069e+01 5.02544899e+01
    5.48404617e+01 5.18510361e+01 5.33137321e+01 5.25764961e+01
    5.41702309e+01 5.27785416e+01 5.44138985e+01 5.63486557e+01
    5.65103073e+01 5.40480499e+01 5.49476128e+01 5.19951248e+01
    5.61513596e+01 5.61155968e+01 5.56571770e+01 5.57879219e+01
    5.75670166e+01 5.60236092e+01 5.40846100e+01 5.49053459e+01
    5.57146912e+01 5.58342552e+01 5.20963860e+01 5.27658958e+01
    5.37275467e+01 5.26275673e+01 5.26118011e+01 5.07719841e+01
    5.41774025e+01 5.31391602e+01 5.16413994e+01 5.17601013e+01
    5.25898857e+01 5.26716537e+01 5.38470001e+01 5.07265320e+01
    5.19405975e+01 5.22509956e+01 5.11506462e+01 5.34274635e+01
    5.16271515e+01 5.11978302e+01 5.39711113e+01 5.35924950e+01
    5.32197304e+01 5.35349731e+01 5.19025269e+01 4.87956543e+01
    4.96737213e+01 4.66759911e+01 4.63069649e+01 5.11145096e+01
    5.07413330e+01 4.71033211e+01 5.24804268e+01 4.92847786e+01
    5.03384514e+01 5.21717834e+01 5.08019371e+01 5.01831703e+01
    5.49249306e+01 5.39256668e+01 5.21798630e+01 5.28035507e+01
    5.33126831e+01 5.42630653e+01 5.46285324e+01 5.23233032e+01
    5.64569626e+01 5.61605644e+01 5.38597488e+01 5.36288948e+01
    5.48026352e+01 5.30085869e+01 5.28441696e+01 5.22775116e+01
    5.34562187e+01 5.29841537e+01 5.48865204e+01 5.21768417e+01
    5.52803421e+01 5.56027107e+01 5.51681938e+01 5.37718964e+01
    5.36886024e+01 5.45943642e+01 5.53173866e+01 5.45406876e+01
    5.41260910e+01 5.29504089e+01 5.39502220e+01 5.29073524e+01
    5.20588379e+01 4.84247513e+01 5.03463173e+01 4.97221565e+01
    4.99465942e+01 4.91746330e+01 4.89239540e+01 5.06899910e+01
    4.85210075e+01 4.78235817e+01 5.02491074e+01 4.84521637e+01
    5.03527451e+01 4.97401390e+01 5.20088043e+01 5.26791420e+01
    5.45989227e+01 5.30811005e+01 5.39865913e+01 5.18195381e+01
    5.32445030e+01 5.31797104e+01 5.03477287e+01 5.37855339e+01
    5.55099297e+01 5.36301384e+01 5.31927643e+01 5.68491478e+01
    5.39220085e+01 5.57705116e+01 5.49246941e+01 5.22609253e+01
    5.51334724e+01 5.70384560e+01 5.46000977e+01 5.68091888e+01
    5.56338539e+01 5.63117676e+01 5.55317612e+01 5.26893883e+01
    5.44531288e+01 5.69821892e+01 5.74270782e+01 5.52341499e+01
    5.37787170e+01 5.68661919e+01 5.47306023e+01 5.44550743e+01
    5.57289543e+01 5.30168457e+01 5.53968239e+01 5.34533043e+01
    5.43266220e+01 5.60150757e+01 5.52419014e+01 5.58478241e+01
    5.65488396e+01 5.54365959e+01 5.36286316e+01 5.41655083e+01
    5.64513664e+01 5.73100662e+01 5.49423141e+01 5.66862526e+01
    5.54026794e+01 5.32066956e+01 5.59249306e+01 5.17375183e+01
    5.08291779e+01 5.28063164e+01 5.28293419e+01 5.26645126e+01
    5.22146263e+01 5.17777138e+01 5.38971443e+01 5.24343719e+01
    5.32665367e+01 5.21795425e+01 5.12692299e+01 5.16137848e+01
    5.29762421e+01 5.34658241e+01 5.54358711e+01 5.71589279e+01
    5.32291756e+01 5.41762733e+01 5.38257980e+01 5.36468620e+01
    5.23790894e+01 5.51260071e+01 5.20006332e+01 5.27506638e+01
    5.43111725e+01 5.37977371e+01 5.45960159e+01 5.32175751e+01
    5.01559029e+01 5.32804413e+01 5.50571480e+01 5.12406616e+01
    5.33551865e+01 5.31065331e+01 5.30034676e+01 5.21972656e+01
    5.39874573e+01 5.39580841e+01 5.39976082e+01 5.29715958e+01
    5.50452843e+01 5.33841019e+01 5.38732910e+01 5.33488388e+01
    5.28619003e+01 5.25149956e+01 5.10111580e+01 5.01973000e+01
    5.14762421e+01 5.09003487e+01 5.28331642e+01 5.45989876e+01
    5.09484138e+01 5.18852615e+01 5.17225418e+01 5.18696327e+01
    5.40997849e+01 5.26321449e+01 5.30231781e+01 5.32587357e+01
    5.30602417e+01 5.27819443e+01 5.01247139e+01 5.09141312e+01
    5.18782158e+01 5.26184883e+01 5.29667740e+01 5.14690208e+01
    5.43045616e+01 5.71575890e+01 5.44080544e+01 5.35797539e+01
    5.42988548e+01 5.30415268e+01 5.55953751e+01 5.12163467e+01
    5.40501175e+01 5.30437698e+01 5.31460609e+01 5.37876701e+01
    5.18113174e+01 5.20454369e+01 5.12708626e+01 5.32700424e+01
    5.51207619e+01 5.49484100e+01 5.46778145e+01 5.51776733e+01
    5.39382858e+01 5.48318672e+01 5.49520836e+01 5.60300179e+01
    5.63158340e+01 5.58707428e+01 5.53779373e+01 5.83234825e+01
    5.50962639e+01 5.72316093e+01 5.42376404e+01 5.34751396e+01
    5.36183167e+01 5.49581146e+01 5.54759789e+01 5.30787086e+01
    4.98118706e+01 5.32768822e+01 5.40371780e+01 5.21322365e+01
    5.05889015e+01 4.86988182e+01 5.43488998e+01 5.29287529e+01
    4.93420334e+01 5.28486786e+01 5.10633430e+01 5.18289986e+01
    5.25982666e+01 5.32027512e+01 5.11431465e+01 5.63681297e+01
    5.63003578e+01 5.42495384e+01 5.24224510e+01 5.29588394e+01
    5.28545265e+01 5.22684669e+01 5.02780571e+01 5.06481667e+01
    5.13310013e+01 5.05257568e+01 5.18751793e+01 5.15893936e+01
    4.98270493e+01 5.14445229e+01 4.99028625e+01 4.99799042e+01
    4.80833511e+01 5.09714813e+01 5.03675499e+01 5.19299202e+01
    4.93650284e+01 5.32990036e+01 5.39014740e+01 5.38960991e+01
    5.33439140e+01 5.67967529e+01 5.42702484e+01 5.69523430e+01
    5.62130814e+01 5.31281700e+01 5.50949516e+01 5.68860168e+01
    5.48232460e+01 5.22421570e+01 5.53774834e+01 5.61956635e+01
    5.56760826e+01 5.54509392e+01 5.33944626e+01 5.52698936e+01
    5.55842819e+01 4.93152008e+01 5.36207657e+01 5.48806190e+01
    5.25192146e+01 5.30834274e+01 5.52810440e+01 5.28556023e+01
    5.62164612e+01 5.04310417e+01 5.39556580e+01 5.50182419e+01
    5.02075195e+01 5.30258141e+01 5.53966637e+01 4.71236839e+01
    5.03056335e+01 4.89993744e+01 4.98734360e+01 5.04096680e+01
    4.87463989e+01 4.77504005e+01 4.99809036e+01 4.92093658e+01
    5.18540268e+01 4.94534798e+01 5.26997490e+01 5.10994606e+01
    5.13879395e+01 5.32081604e+01 5.46357155e+01 5.34704933e+01
    5.49501114e+01 5.31593399e+01 5.28856392e+01 5.37451134e+01
    5.73879890e+01 5.37661057e+01 5.61358490e+01 5.32394753e+01
    5.54565773e+01 5.43312798e+01 5.51173363e+01 5.39190865e+01
    5.38178711e+01 5.32157898e+01 5.62114067e+01 5.55913620e+01
    5.59300308e+01 5.56374168e+01 5.68067589e+01 5.49590111e+01
    5.56042404e+01 5.25251083e+01 5.47885437e+01 5.70392418e+01
    5.47356873e+01 5.54749451e+01 5.33896751e+01 5.51160316e+01
    5.58082924e+01 5.54237442e+01 5.44606056e+01 5.31292686e+01
    5.47599869e+01 5.51244583e+01 5.37967339e+01 5.65271835e+01
    5.90875130e+01 5.33548813e+01 5.71750526e+01 5.63858223e+01
    5.55541573e+01 5.50094261e+01 5.52257767e+01 5.61844063e+01
    5.38702812e+01 5.29192581e+01 5.94743843e+01 5.44166107e+01
    5.27951813e+01 5.13311462e+01 4.97505836e+01 4.99462090e+01
    5.02654190e+01 4.97193680e+01 5.14153824e+01 5.23170662e+01
    5.32698288e+01 5.26375923e+01 5.12894974e+01 4.88004036e+01
    4.85901451e+01 5.24467583e+01 5.23394279e+01 5.32878342e+01
    5.20952759e+01 5.40986404e+01 5.23307457e+01 5.21599388e+01
    5.47522316e+01 5.24027061e+01 5.05111847e+01 5.23549461e+01
    5.08947868e+01 5.38069916e+01 5.47885437e+01 5.24076195e+01
    5.44816170e+01 5.19049492e+01 5.34820213e+01 5.31120110e+01
    5.33026009e+01 5.31273041e+01 5.21987267e+01 5.43278046e+01
    5.28598022e+01 5.57764626e+01 5.51461487e+01 5.49432335e+01
    5.29775963e+01 5.17824402e+01 5.18605804e+01 5.36613464e+01
    5.09672203e+01 5.17398911e+01 4.97140770e+01 5.18267136e+01
    5.16090469e+01 5.19993591e+01 5.37538109e+01 5.30487328e+01
    5.26201668e+01 5.11794205e+01 5.14547577e+01 5.08551826e+01
    5.09846077e+01 5.16069832e+01 5.32411728e+01 5.28392029e+01
    5.01234932e+01 5.01715927e+01 5.12794876e+01 5.38986778e+01
    5.17615967e+01 5.10445709e+01 5.17555161e+01 5.12337532e+01
    5.20792847e+01 5.05868988e+01 5.00136986e+01 5.23552017e+01
    5.26015053e+01 5.13098412e+01 5.08787651e+01 5.56513062e+01
    5.29098625e+01 5.31069260e+01 5.30157547e+01 5.34716187e+01
    5.29052277e+01 5.38458290e+01 5.11367836e+01 5.41719093e+01
    5.33302193e+01 5.35866203e+01 5.26938171e+01 5.26345406e+01
    5.15225487e+01 5.30179977e+01 5.30120087e+01 5.30186424e+01
    5.35846481e+01 5.31737709e+01 5.52989120e+01 5.15901031e+01
    5.26969528e+01 5.43732414e+01 5.43705559e+01 5.55866203e+01
    5.52676735e+01 5.24515266e+01 5.43613014e+01 5.30420761e+01
    5.52349625e+01 5.33365822e+01 5.16948738e+01 5.44624557e+01
    5.35664101e+01 5.07897949e+01 5.27387390e+01 5.05365448e+01
    4.90615578e+01 5.03820686e+01 4.88780746e+01 5.10797691e+01
    5.32352371e+01 5.16287804e+01 5.24990692e+01 5.26840439e+01
    5.11662941e+01 5.31759567e+01 5.23264160e+01 5.43279533e+01
    5.14908142e+01 5.09324722e+01 5.25762024e+01 5.37230911e+01
    4.96620750e+01 4.98106155e+01 5.08566284e+01 4.95777435e+01
    5.21011963e+01 5.10577087e+01 4.83026619e+01 5.04517136e+01
    5.14915848e+01 4.89821892e+01 4.98590927e+01 5.10329628e+01
    5.06279945e+01 5.42844353e+01 5.02123070e+01 5.22622719e+01
    5.42265854e+01 5.32123566e+01 5.43734970e+01 5.21425247e+01
    5.52481842e+01 5.18478966e+01 5.27463531e+01 5.58468437e+01
    5.31626892e+01 5.49838676e+01 5.75972252e+01 5.53903160e+01
    5.68814011e+01 5.67276230e+01 5.41845093e+01 5.36546516e+01
    5.13431778e+01 5.34238434e+01 5.45655060e+01 5.33925056e+01
    5.14708633e+01 5.78841820e+01 5.57985039e+01 5.33347130e+01
    5.59076920e+01 5.51338997e+01 5.58481255e+01 5.23115730e+01
    5.29378700e+01 5.36182480e+01 5.43882256e+01 5.09812813e+01
    5.23083458e+01 5.30017357e+01 4.97115211e+01 4.98620300e+01
    4.99929924e+01 5.23025970e+01 4.65646973e+01 5.23321419e+01
    4.93935242e+01 4.94973145e+01 4.79183578e+01 4.93708763e+01
    4.88353577e+01 4.99339104e+01 4.80758171e+01 5.34009323e+01
    5.43916969e+01 5.65593033e+01 5.37607841e+01 5.41538467e+01
    5.60035667e+01 5.50958366e+01 5.39735069e+01 5.36689758e+01
    5.15641403e+01 5.37031555e+01 5.15678749e+01 5.37805443e+01
    5.21938553e+01 5.24801712e+01 5.37920570e+01 5.25281448e+01
    5.23065681e+01 5.47268944e+01 5.40171700e+01 5.29200897e+01
    5.51712379e+01 5.44817047e+01 5.48883018e+01 5.57120438e+01
    5.54724846e+01 5.58040085e+01 5.73234787e+01 5.57040329e+01
    5.63639259e+01 5.48544655e+01 5.48239365e+01 5.37970657e+01
    5.31286812e+01 5.36235085e+01 5.44290962e+01 5.67765465e+01
    5.40131035e+01 5.26777954e+01 5.90846672e+01 5.74091110e+01
    5.58914032e+01 5.24339790e+01 5.43575630e+01 5.26345444e+01
    5.58673096e+01 5.62758942e+01 5.58704491e+01 5.56744766e+01
    5.66478386e+01 5.55835266e+01 5.32046967e+01 4.97040215e+01
    5.06576691e+01 5.03308601e+01 5.01726494e+01 5.16837616e+01
    5.01585617e+01 5.06314926e+01 5.22914696e+01 5.17902184e+01
    5.07981987e+01 5.11562996e+01 5.01471977e+01 5.15296936e+01
    5.46830368e+01 5.23528862e+01 5.25193558e+01 5.09056435e+01
    5.66792717e+01 5.39568634e+01 5.30819702e+01 4.98723793e+01
    5.29472542e+01 5.27940102e+01 5.24203529e+01 5.12882195e+01
    5.49582901e+01 5.22535515e+01 5.14832649e+01 5.01296387e+01
    5.11651459e+01 5.30870667e+01 5.33695641e+01 5.28273048e+01
    5.14692574e+01 5.45326920e+01 5.44845924e+01 5.35298958e+01
    5.23231277e+01 5.20857582e+01 5.04030762e+01 5.05700378e+01
    5.11608429e+01 4.95687408e+01 5.18944817e+01 5.14486160e+01
    5.30037193e+01 5.26107941e+01 5.09884567e+01 5.10188675e+01
    5.36417542e+01 5.06502342e+01 5.38416061e+01 5.48341103e+01
    5.07805862e+01 5.30969620e+01 5.08222656e+01 5.22884331e+01
    5.19507713e+01 5.30899391e+01 5.34704857e+01 5.08766289e+01
    4.98637657e+01 5.15614243e+01 5.04423447e+01 4.81890297e+01
    5.02132339e+01 5.11164932e+01 5.06955299e+01 4.96576233e+01
    5.25972900e+01 5.03516731e+01 5.27541046e+01 4.91986275e+01
    5.05883179e+01 5.42121468e+01 5.08355865e+01 5.17968864e+01
    5.36936188e+01 5.08046341e+01 5.47758751e+01 5.31893349e+01
    5.22953033e+01 5.18547630e+01 5.32720909e+01 4.84729118e+01
    5.36101799e+01 5.44063988e+01 5.29683380e+01 5.10770187e+01
    5.47097664e+01 5.30510826e+01 5.15669746e+01 5.06095505e+01
    5.18707657e+01 5.02204437e+01 5.23131790e+01 5.48203201e+01
    5.47765732e+01 5.26381721e+01 5.35486374e+01 5.59088326e+01
    5.25098000e+01 5.39088860e+01 5.26549721e+01 5.42613869e+01
    5.34904938e+01 5.28894348e+01 5.10199318e+01 5.21663361e+01
    4.85709610e+01 5.11113091e+01 4.85359840e+01 4.92763023e+01
    4.77849731e+01 4.93740196e+01 5.42153587e+01 5.18536606e+01
    4.92954903e+01 5.08299217e+01 5.06206284e+01 5.17097015e+01
    5.18070717e+01 5.24694290e+01 5.23391762e+01 5.32059822e+01
    5.44615173e+01 5.04833565e+01 5.37595215e+01 5.22890854e+01
    4.96768417e+01 4.95931740e+01 5.17155914e+01 5.05274620e+01
    4.99194450e+01 5.07669106e+01 5.21199837e+01 4.95154266e+01
    4.99764938e+01 5.02084923e+01 5.14473152e+01 4.94265709e+01
    4.92798805e+01 5.03873978e+01 5.40962296e+01 5.38198814e+01
    5.38962822e+01 5.63259125e+01 5.68699493e+01 5.72606544e+01
    5.42749748e+01 5.71048813e+01 5.73130035e+01 5.74396439e+01
    5.44698219e+01 5.44073372e+01 5.63403587e+01 5.81484909e+01
    5.50263748e+01 5.66961021e+01 5.58949318e+01 5.63406792e+01
    5.64622383e+01 5.33381500e+01 5.44210129e+01 5.42175026e+01
    5.46185532e+01 5.61520348e+01 5.61398354e+01 5.62674789e+01
    5.51006546e+01 5.40863228e+01 5.44478683e+01 5.41166611e+01
    5.49877205e+01 5.58482628e+01 5.40542946e+01 5.07387009e+01
    5.29189720e+01 5.19328041e+01 5.20381546e+01 5.27327843e+01
    4.84582367e+01 4.83428078e+01 5.19749641e+01 5.01730347e+01
    5.03179855e+01 4.96581116e+01 5.04851799e+01 5.18503075e+01
    5.14048157e+01 4.98801765e+01 5.40965157e+01 5.60262146e+01
    5.46582718e+01 5.13101616e+01 5.26581955e+01 5.25509224e+01
    5.09370003e+01 5.52361069e+01 5.20042648e+01 5.44990654e+01
    5.48377533e+01 5.38742256e+01 5.46913986e+01 5.42446136e+01
    5.30676575e+01 5.45926666e+01 5.26895485e+01 5.40264282e+01
    5.19169693e+01 5.69034195e+01 5.40127182e+01 5.51739388e+01
    5.72834435e+01 5.35828629e+01 5.57851295e+01 5.73031425e+01
    5.44461594e+01 5.71684875e+01 5.46536560e+01 5.66293068e+01
    5.39706802e+01 5.39683495e+01 5.52387619e+01 5.25031738e+01
    5.08594246e+01 5.42733765e+01 5.54574089e+01 5.46262894e+01
    5.48908958e+01 5.55392761e+01 5.48398094e+01 5.49345284e+01
    5.43428574e+01 5.69463120e+01 5.74694710e+01 5.68653336e+01
    5.68798409e+01 5.56965561e+01 5.71367149e+01 5.29240799e+01
    5.29600029e+01 5.07224998e+01 5.13899803e+01 5.33876114e+01
    5.07117119e+01 5.00720825e+01 5.35094795e+01 5.06513367e+01
    5.36478271e+01 5.09509315e+01 4.82562943e+01 5.03908997e+01
    5.00773582e+01 4.91971779e+01 5.07515793e+01 5.33296738e+01
    5.30310860e+01 5.35091400e+01 5.19492111e+01 5.31712952e+01
    5.41562653e+01 5.28655128e+01 5.00081711e+01 5.33523331e+01
    5.31001549e+01 5.18399162e+01 5.19258690e+01 5.22333527e+01
    5.21722488e+01 5.04813156e+01 5.27469292e+01 5.26520500e+01
    5.38503914e+01 5.37796326e+01 5.38985291e+01 5.08005333e+01
    5.21500130e+01 5.23413429e+01 5.33638458e+01 5.09337616e+01
    5.24578781e+01 5.04983215e+01 5.38219948e+01 5.21799355e+01
    5.17801170e+01 5.34776154e+01 5.25019684e+01 5.13008957e+01
    5.11430702e+01 4.91332054e+01 5.13291359e+01 5.13671913e+01
    5.23351440e+01 5.45239105e+01 5.20729523e+01 5.09144058e+01
    5.29618111e+01 5.23033028e+01 5.42302856e+01 5.52288933e+01
    5.18518677e+01 5.25098343e+01 5.37656670e+01 4.99075851e+01
    5.18608208e+01 4.72737198e+01 5.03751526e+01 4.99029160e+01
    4.84309883e+01 4.85137634e+01 5.02139854e+01 5.24679718e+01
    5.10865593e+01 4.87419853e+01 5.01473694e+01 5.45393372e+01
    5.05246429e+01 5.03615799e+01 4.94796410e+01 5.27408981e+01
    4.93710289e+01 5.09462128e+01 4.99307556e+01 5.05256424e+01
    4.86697121e+01 5.31397705e+01 5.16201210e+01 5.07735977e+01
    5.08361702e+01 5.22216949e+01 5.15379219e+01 5.25411263e+01
    5.15638847e+01 5.31727486e+01 5.13886833e+01 5.42749634e+01
    5.28268585e+01 5.33208694e+01 5.49847450e+01 5.45047379e+01
    5.23828735e+01 5.40433273e+01 5.31878510e+01 5.14754868e+01
    5.41891060e+01 5.44522362e+01 5.14889946e+01 5.06505585e+01
    5.09568863e+01 4.98737793e+01 5.09022331e+01 4.77219772e+01
    4.93673515e+01 5.05500031e+01 4.87931175e+01 4.97674828e+01
    4.97408371e+01 5.02122307e+01 4.90912399e+01 5.08882637e+01
    5.00204811e+01 5.28357964e+01 5.11901588e+01 5.49691429e+01
    5.34871826e+01 5.22959671e+01 5.42320747e+01 5.16274643e+01
    4.93669014e+01 5.20612030e+01 5.05089493e+01 4.91240120e+01
    4.93849144e+01 5.23830070e+01 4.99530487e+01 5.28267403e+01
    5.34764786e+01 5.24516563e+01 4.80940247e+01 4.93261719e+01
    5.19356194e+01 5.18157005e+01 5.18404160e+01 5.26830215e+01
    5.45947952e+01 5.68812370e+01 5.27825661e+01 5.54028587e+01
    5.50431824e+01 5.66142540e+01 5.58147278e+01 5.48137398e+01
    5.71712952e+01 5.70093231e+01 5.87218361e+01 5.45958519e+01
    5.67901993e+01 5.99570808e+01 5.88254700e+01 5.51286278e+01
    5.40534782e+01 5.46661606e+01 5.61644211e+01 5.39910164e+01
    5.36292114e+01 5.46527405e+01 5.50655251e+01 5.36247101e+01
    5.49376450e+01 5.30399895e+01 5.43551598e+01 5.43308449e+01
    5.62931786e+01 5.62290916e+01 5.49676094e+01 5.33730011e+01
    5.33882751e+01 5.15360718e+01 5.14619370e+01 4.98202248e+01
    5.13332176e+01 4.84784241e+01 5.04044075e+01 4.99683800e+01
    5.04438972e+01 4.87335930e+01 5.11275787e+01 4.94540634e+01
    4.89209633e+01 4.82441025e+01 4.87249794e+01 5.04144859e+01
    5.35696182e+01 5.19442482e+01 5.32091446e+01 5.32420120e+01
    5.23933678e+01 5.37412605e+01 5.39846420e+01 5.33502922e+01
    5.56596680e+01 5.24418831e+01 5.37297440e+01 5.59085464e+01
    5.35063324e+01 5.47103424e+01 5.44113998e+01 5.48349686e+01
    5.52528038e+01 5.48713150e+01 5.48386536e+01 5.34996223e+01
    5.54920654e+01 5.36261787e+01 5.47517395e+01 5.41916504e+01
    5.33043633e+01 5.57426643e+01 5.46775475e+01 5.51868896e+01
    5.34982376e+01 5.12282295e+01 5.25414810e+01 5.01653633e+01
    5.28929100e+01 5.36612473e+01 5.43617439e+01 5.64090042e+01
    5.50011177e+01 5.44904594e+01 5.72897720e+01 5.53578949e+01
    5.83336563e+01 5.57756653e+01 5.56201363e+01 5.76800423e+01
    5.91788712e+01 5.73547249e+01 5.73019753e+01 5.58618622e+01
    5.72577782e+01 5.66202087e+01 5.55884361e+01 5.34364815e+01
    4.93248405e+01 5.32737083e+01 5.19373856e+01 4.93678246e+01
    4.89824524e+01 5.03097305e+01 5.13242645e+01 5.23522530e+01
    4.83481445e+01 5.00131187e+01 5.05305405e+01 5.10340919e+01
    5.07791023e+01 5.21858521e+01 5.21539078e+01 5.42935867e+01
    5.40412407e+01 5.06963959e+01 5.40751839e+01 5.34970284e+01
    5.10379944e+01 5.07610397e+01 5.14492874e+01 5.24634018e+01
    5.44697876e+01 5.31847916e+01 5.28902779e+01 5.27480469e+01
    5.07390862e+01 5.18592606e+01 5.05421028e+01 5.40019417e+01
    5.53840523e+01 5.29349289e+01 5.17330093e+01 5.16393394e+01
    5.47541580e+01 5.61515388e+01 5.39653664e+01 5.28586845e+01
    5.31442299e+01 5.06503334e+01 4.96755943e+01 5.09955368e+01
    4.95278168e+01 5.32423439e+01 5.04954109e+01 5.04319801e+01
    5.29335480e+01 5.34722557e+01 5.49021835e+01 5.41654396e+01
    5.53502617e+01 5.41623421e+01 5.33185234e+01 5.05742683e+01
    5.15832138e+01 5.34552498e+01 5.27218590e+01 5.26857224e+01
    5.09753571e+01 5.10315323e+01 5.19813805e+01 5.05665245e+01
    4.70078812e+01 5.13038292e+01 5.09759941e+01 5.08840446e+01
    5.03087120e+01 5.17034454e+01 4.92605896e+01 5.05544090e+01
    4.87644234e+01 5.19105415e+01 5.08431168e+01 5.23681030e+01
    5.18072701e+01 5.24468918e+01 5.02051353e+01 5.27560577e+01
    5.17905617e+01 5.28567619e+01 5.04402161e+01 5.10534668e+01
    4.99434662e+01 5.28066444e+01 5.01774864e+01 5.26798668e+01
    5.07818069e+01 5.29658737e+01 5.35284042e+01 5.13726959e+01
    5.52420654e+01 5.24742241e+01 5.45876961e+01 5.64546204e+01
    5.40400009e+01 5.42537117e+01 5.45550079e+01 5.18125687e+01
    5.20295525e+01 5.34504433e+01 5.03683815e+01 5.11644821e+01
    5.14127846e+01 5.16207466e+01 5.09597588e+01 5.07730026e+01
    5.29320869e+01 5.05196571e+01 4.86310959e+01 5.00258636e+01
    5.04942131e+01 5.02587204e+01 4.96083908e+01 5.01651115e+01
    5.45439110e+01 5.42021179e+01 5.50651283e+01 5.06274300e+01
    5.03448029e+01 5.41415939e+01 5.30850487e+01 5.09621544e+01
    5.13456039e+01 5.18670120e+01 5.22926826e+01 5.09261589e+01
    4.96287537e+01 4.75713615e+01 4.98235130e+01 4.93916893e+01
    4.86394730e+01 4.99057579e+01 5.27001801e+01 5.17568550e+01
    5.02366409e+01 5.01713219e+01 5.12840881e+01 5.37984886e+01
    5.32226830e+01 5.00978813e+01 5.43681183e+01 5.52805061e+01
    5.46129341e+01 5.28109627e+01 5.63383255e+01 5.68095016e+01
    5.40839996e+01 5.38510628e+01 5.33597336e+01 5.57049599e+01
    5.63988914e+01 5.68979797e+01 5.60539207e+01 5.30832100e+01
    5.71447334e+01 5.71797104e+01 5.39068985e+01 5.43828468e+01
    5.44100685e+01 5.46960449e+01 5.34829941e+01 5.55060539e+01
    5.50761566e+01 5.54334030e+01 5.73228607e+01 5.37378731e+01
    5.66404839e+01 5.68817444e+01 5.64486046e+01 5.51180191e+01
    5.38778572e+01 5.36027069e+01 5.43055801e+01 5.13950119e+01
    5.28148994e+01 5.54837761e+01 5.20350151e+01 5.54211845e+01
    5.05242157e+01 5.26455841e+01 5.10168839e+01 4.97263031e+01
    5.10637245e+01 5.23694878e+01 4.92268372e+01 5.01578751e+01
    4.96075859e+01 5.23948097e+01 5.41753387e+01 5.39190254e+01
    5.25931931e+01 5.29030151e+01 5.44967766e+01 5.56651268e+01
    5.35202751e+01 5.31034508e+01 5.49370155e+01 5.42668877e+01
    5.20074921e+01 5.36939240e+01 5.39368629e+01 5.32958755e+01
    5.29912453e+01 5.37266846e+01 5.48103333e+01 5.13099670e+01
    5.47777328e+01 5.24452019e+01 5.37265549e+01 5.13286057e+01
    5.34311256e+01 5.25256042e+01 5.26796227e+01 5.36935806e+01
    5.31577454e+01 5.46304626e+01 5.33418961e+01 5.22779617e+01
    5.35148926e+01 5.50137177e+01 5.37231674e+01 5.57836685e+01
    5.31492500e+01 5.54745712e+01 5.60415535e+01 5.51933403e+01
    5.69805908e+01 5.54547653e+01 5.71602173e+01 5.47237244e+01
    5.46996613e+01 5.62336731e+01 5.37047234e+01 5.67431068e+01
    5.65864410e+01 5.74070282e+01 5.70646286e+01 5.46755829e+01
    5.64697495e+01 5.40233116e+01 5.24428444e+01 5.12452545e+01
    5.13587952e+01 4.94702873e+01 5.05737991e+01 4.86182899e+01
    5.26707191e+01 5.31884003e+01 5.25314636e+01 5.06145592e+01
    5.12424088e+01 5.06931458e+01 5.44475594e+01 5.40963364e+01
    5.14082146e+01 5.21685219e+01 5.29961128e+01 5.16781921e+01
    5.22170372e+01 5.22319984e+01 5.18209305e+01 5.33067551e+01
    5.19470825e+01 5.14237785e+01 5.28049889e+01 5.27612495e+01
    5.21057053e+01 4.98543015e+01 4.94252090e+01 5.14267273e+01
    5.24292641e+01 5.24987183e+01 5.39554977e+01 5.43837471e+01
    5.19119339e+01 5.20830841e+01 5.38888741e+01 5.32422676e+01
    5.15617867e+01 5.01765862e+01 5.19079895e+01 5.25907974e+01
    5.14247971e+01 5.02742348e+01 5.08014183e+01 5.42859344e+01
    5.24371529e+01 5.24396095e+01 5.23101463e+01 5.57471161e+01
    5.45873032e+01 5.56682281e+01 5.19375420e+01 5.58610764e+01
    5.40163307e+01 5.30474510e+01 5.50865746e+01 5.44734917e+01
    5.41864128e+01 5.33456306e+01 5.36022339e+01 5.16614799e+01
    5.05003166e+01 4.96545868e+01 4.92198486e+01 5.05974083e+01
    5.05918579e+01 4.72140121e+01 5.00439911e+01 5.19298134e+01
    5.09799423e+01 5.02248039e+01 5.11134109e+01 5.12299881e+01
    5.26811218e+01 5.19662056e+01 5.06976967e+01 5.08087425e+01
    5.06907196e+01 4.98389130e+01 5.06337204e+01 5.08613167e+01
    5.23191643e+01 4.99061317e+01 5.03744392e+01 5.08346596e+01
    5.43817902e+01 5.18148384e+01 5.28759041e+01 5.09659462e+01
    5.19092636e+01 5.33929100e+01 5.15422401e+01 5.17043610e+01
    5.27284508e+01 5.30548325e+01 5.10426521e+01 5.45894775e+01
    5.38088875e+01 5.14642830e+01 5.00960999e+01 5.12331276e+01
    5.22691269e+01 5.35407372e+01 5.14760246e+01 5.27452927e+01
    5.31342888e+01 5.25901871e+01 5.20205765e+01 5.21273003e+01
    5.24639168e+01 4.97267303e+01 5.10949097e+01 5.00890083e+01
    5.33221664e+01 5.32639694e+01 5.22608719e+01 5.17848434e+01
    5.22025719e+01 5.08517494e+01 5.17678909e+01 5.35882645e+01
    5.22782974e+01 5.24333305e+01 5.20228462e+01 5.07614708e+01
    5.29686241e+01 5.04486694e+01 4.83574104e+01 5.10477257e+01
    4.70444832e+01 4.96981316e+01 5.03061752e+01 4.92352905e+01
    5.21480751e+01 5.21313782e+01 5.08782692e+01 5.14307213e+01
    5.00396004e+01 5.20964355e+01 5.19609032e+01 4.95895996e+01
    5.35840950e+01 5.38592186e+01 5.42521629e+01 5.44637718e+01
    5.71182289e+01 5.77281456e+01 5.66081390e+01 5.61800957e+01
    5.80956841e+01 6.02770653e+01 5.40770760e+01 5.45252953e+01
    5.65040321e+01 5.75901146e+01 5.60041809e+01 5.47901726e+01
    5.51567497e+01 5.58224030e+01 5.43175545e+01 5.40186424e+01
    5.38983154e+01 5.49337654e+01 5.58096123e+01 5.60421562e+01
    5.49641800e+01 5.66407471e+01 5.36060486e+01 5.48496399e+01
    5.49627075e+01 5.39320602e+01 5.42160568e+01 5.49572601e+01
    5.43479195e+01 5.43688965e+01 5.14860954e+01 5.55378876e+01
    5.24931564e+01 4.96985626e+01 5.27750778e+01 5.11721687e+01
    5.03372078e+01 5.10541191e+01 5.27500114e+01 5.09676170e+01
    5.03159714e+01 4.98403587e+01 5.03447456e+01 5.23624001e+01
    5.33238144e+01 5.11830521e+01 5.19903030e+01 5.41716957e+01
    5.32453499e+01 5.25601540e+01 5.30502052e+01 5.32923584e+01
    5.41504745e+01 5.51270752e+01 5.13104515e+01 5.37744751e+01
    5.41353836e+01 5.43334122e+01 5.29685631e+01 5.36082649e+01
    4.92872849e+01 5.33283539e+01 5.04235573e+01 5.08625336e+01
    5.17912712e+01 5.36391373e+01 5.35993690e+01 5.06919327e+01
    4.93811951e+01 5.24471207e+01 5.38476067e+01 5.54639320e+01
    5.28765564e+01 5.51671753e+01 5.51800728e+01 5.56219864e+01
    5.44684372e+01 5.32337151e+01 5.38662567e+01 5.48131790e+01
    5.26088142e+01 5.66952324e+01 5.50900269e+01 5.79383545e+01
    5.78035393e+01 5.61634140e+01 5.44151230e+01 5.62388954e+01
    5.84029655e+01 5.41833687e+01 5.51275940e+01 5.60446815e+01
    5.51666985e+01 5.44512978e+01 5.17219391e+01 5.20273705e+01
    5.12308464e+01 5.07834511e+01 5.23000107e+01 5.13082008e+01
    5.31074524e+01 5.28276100e+01 5.25341148e+01 5.06592979e+01
    5.07731743e+01 5.17133598e+01 4.87561417e+01 5.04285011e+01
    5.12667885e+01 5.05968132e+01 5.13843994e+01 5.36309395e+01
    5.06567459e+01 5.18131065e+01 5.29641190e+01 5.48059387e+01
    5.13008842e+01 5.15486412e+01 5.22353554e+01 5.03168335e+01
    5.11694527e+01 5.26604424e+01 5.05721130e+01 5.07893410e+01
    5.25160141e+01 5.11870384e+01 5.25787354e+01 5.30652008e+01
    5.22626534e+01 5.30329742e+01 5.50015984e+01 4.90346680e+01
    5.21111298e+01 5.13502045e+01 5.01982040e+01 5.06755562e+01
    5.07272644e+01 4.90280876e+01 4.87661705e+01 4.90908737e+01
    4.95645981e+01 5.26262741e+01 5.43349037e+01 5.30569763e+01
    5.15091858e+01 5.19412155e+01 5.57496452e+01 5.32854500e+01
    5.36711121e+01 5.50920296e+01 5.52031212e+01 5.35091515e+01
    5.46429520e+01 5.73419075e+01 5.54101372e+01 5.27671051e+01
    5.49302254e+01 5.32466736e+01 5.33456497e+01 5.11354713e+01
    5.20473785e+01 5.17859726e+01 5.03215065e+01 5.03272934e+01
    5.01691132e+01 5.32474899e+01 5.25009499e+01 5.25833015e+01
    5.26375237e+01 5.28013535e+01 5.33357964e+01 5.18381195e+01
    5.12193375e+01 5.17886620e+01 5.05146294e+01 5.18945503e+01
    5.07956619e+01 5.01789474e+01 5.25751724e+01 5.38295860e+01
    5.02315140e+01 5.38292885e+01 5.34852715e+01 5.39089050e+01
    5.08736420e+01 4.96825409e+01 5.06141434e+01 5.30341988e+01
    5.09337120e+01 5.00684662e+01 5.20603561e+01 5.33435822e+01
    5.18006821e+01 5.24947472e+01 5.56645050e+01 5.13100853e+01
    5.20419693e+01 4.99986725e+01 5.17212524e+01 5.12240105e+01
    5.18073349e+01 5.28363914e+01 5.34552383e+01 5.25133095e+01
    5.31254463e+01 5.18083382e+01 5.44226379e+01 5.05988388e+01
    5.35923157e+01 5.31481247e+01 5.07342796e+01 5.34720459e+01
    5.17663231e+01 5.24131737e+01 5.26643982e+01 5.37391396e+01
    5.23664742e+01 5.53387756e+01 5.33609619e+01 5.21042328e+01
    5.14495697e+01 5.20752182e+01 5.16571465e+01 5.20854683e+01
    4.89628983e+01 5.21979828e+01 4.96285477e+01 5.22766304e+01
    5.12249374e+01 5.12391777e+01 5.10352478e+01 5.17788582e+01
    4.95235138e+01 4.96800613e+01 5.10387039e+01 4.85474510e+01
    5.26358986e+01 4.71968727e+01 5.15110283e+01 5.61536179e+01
    5.24783363e+01 5.63757553e+01 5.74086266e+01 5.54542770e+01
    5.39545403e+01 5.06594772e+01 5.50462837e+01 5.62685013e+01
    5.51120338e+01 5.42687569e+01 5.51413803e+01 5.93121529e+01
    5.84440041e+01 5.39689140e+01 5.32480431e+01 5.37315788e+01
    5.53274117e+01 5.29245110e+01 5.17273445e+01 5.85794563e+01
    5.42189674e+01 5.36852493e+01 5.31043739e+01 5.41963768e+01
    5.50125961e+01 5.16003380e+01 5.46419220e+01 5.50948677e+01
    5.58298874e+01 5.55188713e+01 5.40689392e+01 5.16541405e+01
    5.30945320e+01 5.01384659e+01 5.20830879e+01 5.12577324e+01
    5.04213600e+01 5.09677238e+01 5.08194351e+01 5.08068886e+01
    4.95580750e+01 5.27950821e+01 4.97233963e+01 4.93832016e+01
    5.12829056e+01 5.20145950e+01 5.43242416e+01 5.32303734e+01
    5.37741356e+01 5.29255447e+01 5.23842773e+01 5.32851639e+01
    5.28388329e+01 5.23288956e+01 5.32797661e+01 5.34445839e+01
    5.27758522e+01 4.94258156e+01 5.19645729e+01 5.36643105e+01
    5.14785347e+01 5.24567795e+01 5.24514618e+01 5.19798279e+01
    5.44789238e+01 5.28311310e+01 5.01156273e+01 5.23458939e+01
    5.34288521e+01 5.32381897e+01 5.07750359e+01 5.48801727e+01
    5.66006546e+01 5.58045578e+01 5.43419456e+01 5.44323349e+01
    5.49631577e+01 5.54421120e+01 5.41403389e+01 5.08347588e+01
    5.65721550e+01 5.39966202e+01 5.50698853e+01 5.44801178e+01
    5.76964302e+01 5.45467949e+01 5.72880630e+01 5.66397209e+01
    5.54291344e+01 5.25353775e+01 5.54807510e+01 5.51205406e+01
    5.40227280e+01 5.49016914e+01 5.67553520e+01 5.43094215e+01
    5.39096832e+01 5.35650940e+01 4.87957268e+01 5.39302177e+01
    5.22455559e+01 4.88486290e+01 5.22965050e+01 4.90783157e+01
    5.17655220e+01 5.22561455e+01 5.09592018e+01 4.88082237e+01
    5.22162056e+01 5.15005913e+01 5.62107468e+01 5.60521240e+01
    5.28657761e+01 5.57219124e+01 5.43982887e+01 5.50471039e+01
    5.42485580e+01 5.05269623e+01 5.28981514e+01 5.23525848e+01
    5.27960396e+01 5.13520355e+01 5.15215683e+01 5.43515625e+01
    5.58064575e+01 5.26722908e+01 4.97027206e+01 5.22710838e+01
    5.15290565e+01 5.10082283e+01 4.93623734e+01 5.03082047e+01
    5.15281754e+01 5.47376518e+01 5.22694817e+01 5.11818275e+01
    5.05725365e+01 5.01086693e+01 4.93874130e+01 4.99975624e+01
    4.96205597e+01 5.19963417e+01 5.11570358e+01 5.23949356e+01
    5.24228134e+01 5.11608124e+01 5.09266548e+01 5.18902893e+01
    5.34889412e+01 5.15989799e+01 5.47793236e+01 5.34567680e+01
    5.62281914e+01 5.23796082e+01 5.39146767e+01 5.50098419e+01
    5.45704536e+01 5.47102852e+01 5.28443794e+01 5.32005157e+01
    5.50622139e+01 5.34494896e+01 5.43701057e+01 5.38195267e+01
    5.23352089e+01 5.11374054e+01 5.40430412e+01 5.42598724e+01
    4.88933754e+01 5.01019783e+01 4.98317108e+01 5.07723236e+01
    4.94194183e+01 5.31320686e+01 5.05648422e+01 5.02903557e+01
    5.13721924e+01 5.37045517e+01 5.36333046e+01 4.96863861e+01
    4.81956749e+01 5.05948448e+01 5.08856125e+01 5.10532761e+01
    5.00344849e+01 5.14579773e+01 5.07837639e+01 5.12562141e+01
    4.97642746e+01 4.99689980e+01 5.29231186e+01 5.04944305e+01
    5.36882172e+01 5.52935295e+01 5.35652161e+01 5.42422638e+01
    5.41125031e+01 5.12098198e+01 5.10271721e+01 5.00409813e+01
    5.02937317e+01 5.35376472e+01 5.39037132e+01 5.29892960e+01
    5.36454620e+01 5.18266830e+01 5.61435699e+01 5.16497612e+01
    5.24770012e+01 5.35619431e+01 5.35918274e+01 5.51827278e+01
    5.43400688e+01 5.62732315e+01 5.53079414e+01 5.54036751e+01
    5.50890350e+01 5.21458855e+01 5.50884476e+01 5.65715790e+01
    5.44991493e+01 5.54066010e+01 5.23700790e+01 5.25463753e+01
    5.62993355e+01 5.32657013e+01 5.07326660e+01 5.28127060e+01
    4.94016762e+01 4.78093376e+01 5.08950996e+01 4.99357491e+01
    4.82285995e+01 5.10743713e+01 4.99418411e+01 5.14048920e+01
    5.26551743e+01 4.98702698e+01 5.21450996e+01 4.94242287e+01
    5.14141960e+01 5.63984413e+01 5.41203156e+01 5.66057892e+01
    5.68042183e+01 5.58842697e+01 5.53754959e+01 5.53701210e+01
    5.57491035e+01 5.62111931e+01 5.46883125e+01 5.57044029e+01
    5.24394455e+01 5.30472374e+01 5.39911919e+01 5.53435402e+01
    5.16625328e+01 5.31719513e+01 5.27474556e+01 5.07509193e+01
    5.13480797e+01 5.28711243e+01 5.42070389e+01 5.30317497e+01
    5.38613663e+01 5.45562706e+01 5.39879189e+01 5.50836792e+01
    5.28207588e+01 5.52836456e+01 5.30136604e+01 5.49297028e+01
    5.54910393e+01 5.36439629e+01 5.43025970e+01 5.39656448e+01
    5.28062439e+01 5.32704010e+01 5.12848740e+01 5.27419701e+01
    5.26967163e+01 5.25684433e+01 5.33473663e+01 5.05938911e+01
    5.25498657e+01 5.17626610e+01 4.97415352e+01 5.22722359e+01
    5.00346718e+01 5.25530663e+01 5.25958252e+01 5.18858719e+01
    5.16772079e+01 5.10812950e+01 5.22891922e+01 5.25668068e+01
    5.41047630e+01 5.23176498e+01 5.32431946e+01 5.66011734e+01
    5.12094231e+01 5.30182915e+01 5.14846458e+01 5.40884666e+01
    5.52288971e+01 5.22393837e+01 5.34453011e+01 5.25018425e+01
    5.28034210e+01 5.19218521e+01 5.40804024e+01 5.58410568e+01
    5.19905052e+01 5.18214684e+01 5.46063728e+01 5.26893425e+01
    5.25472870e+01 5.09370079e+01 5.31795349e+01 5.37486458e+01
    5.50161858e+01 5.32964706e+01 5.55119553e+01 5.55653572e+01
    5.61862335e+01 5.48420067e+01 5.44586754e+01 5.77700806e+01
    5.60929070e+01 5.51164856e+01 5.76681900e+01 5.82282639e+01
    5.58572388e+01 5.51235085e+01 5.54966927e+01 5.56921272e+01
    5.50819244e+01 5.26633263e+01 5.29602737e+01 5.21665268e+01
    5.22771721e+01 4.97140121e+01 5.15978928e+01 5.01437683e+01
    5.03999176e+01 5.04336472e+01 5.23702888e+01 5.01077881e+01
    5.22219505e+01 5.27690735e+01 5.30752525e+01 5.41429863e+01
    5.56306839e+01 5.33728485e+01 5.47584953e+01 5.43675041e+01
    5.38882141e+01 5.44451790e+01 5.33000221e+01 5.36598587e+01
    5.40423126e+01 5.34159355e+01 5.63422966e+01 5.38267365e+01
    5.31729507e+01 5.26731644e+01 5.20689697e+01 4.87581177e+01
    5.03455391e+01 4.84987984e+01 5.13701248e+01 5.16239891e+01
    5.24033012e+01 5.23507538e+01 5.45598564e+01 4.96721802e+01
    5.16462440e+01 4.90596848e+01 5.11881638e+01 5.10575943e+01
    5.11877899e+01 4.94720116e+01 5.07345543e+01 5.00920448e+01
    5.14006157e+01 4.88803444e+01 5.11948357e+01 5.38360252e+01
    5.00873489e+01 5.25796967e+01 5.31211128e+01 5.49163857e+01
    5.50456924e+01 5.55153236e+01 5.41774597e+01 5.42596588e+01
    5.54013901e+01 5.60392418e+01 5.42689323e+01 5.52078896e+01
    5.51452141e+01 5.65001602e+01 5.25919189e+01 5.46014175e+01
    5.28743057e+01 5.57021217e+01 5.30598984e+01 5.14915085e+01
    5.40537834e+01 5.35388641e+01 5.23490067e+01 5.05694809e+01
    5.29532623e+01 5.47345734e+01 5.62817039e+01 5.18175697e+01
    5.37082176e+01 5.19246674e+01 5.20140800e+01 4.86853905e+01
    5.27059898e+01 5.01529541e+01 4.96997948e+01 4.98886948e+01
    5.21247330e+01 4.95861206e+01 5.17522049e+01 5.21413345e+01
    5.11342964e+01 5.08598900e+01 5.03558578e+01 4.94368515e+01
    5.31693230e+01 5.45339394e+01 5.28571587e+01 5.54228249e+01
    5.43064537e+01 5.27678452e+01 5.42156372e+01 5.45041695e+01
    5.09910164e+01 5.51614380e+01 5.46784134e+01 5.55812416e+01
    5.38176270e+01 5.16537132e+01 5.31861000e+01 5.39862404e+01
    5.47683945e+01 5.53763771e+01 5.46179276e+01 5.38238754e+01
    5.69186287e+01 5.52664528e+01 5.39342041e+01 5.73675079e+01
    5.64590340e+01 5.53284836e+01 5.65445671e+01 5.52152672e+01
    5.51231232e+01 5.47236938e+01 5.67162895e+01 5.61003838e+01
    5.42439194e+01 5.17910843e+01 5.40651283e+01 5.17897377e+01
    5.41431885e+01 5.28395271e+01 5.19247398e+01 5.23993301e+01
    5.31761055e+01 5.31976013e+01 5.43334274e+01 5.47749672e+01
    5.11361694e+01 5.45531693e+01 5.21637917e+01 5.21463013e+01
    5.29534187e+01 5.40725784e+01 5.37670059e+01 5.53796539e+01
    5.44224358e+01 5.60623131e+01 5.84884987e+01 5.63154831e+01
    5.45789986e+01 5.59439163e+01 5.57349701e+01 5.39582291e+01
    5.38100243e+01 5.28781242e+01 5.55337257e+01 5.29886703e+01
    5.27196007e+01 5.29697838e+01 5.19743042e+01 5.26404152e+01
    5.08286095e+01 4.82907906e+01 5.06347046e+01 5.18203583e+01
    5.28337059e+01 5.18219833e+01 5.14675293e+01 5.23152885e+01
    5.42212067e+01 5.35511055e+01 5.31029625e+01 5.49634781e+01
    5.71540985e+01 5.71945305e+01 5.35218010e+01 5.47523003e+01
    5.46202431e+01 5.45222816e+01 5.43602791e+01 5.53490639e+01
    5.30879059e+01 5.35821228e+01 5.45197983e+01 5.08023338e+01
    5.20331459e+01 5.20643654e+01 5.22391739e+01 5.08491707e+01
    4.92955055e+01 5.04558563e+01 5.36468163e+01 4.88244781e+01
    5.16945190e+01 5.49605713e+01 5.42443199e+01 5.19490356e+01
    5.06877899e+01 5.40563087e+01 5.31055489e+01 5.38817177e+01
    5.35345688e+01 5.44473991e+01 5.35718384e+01 5.42085915e+01
    5.33794174e+01 5.32659035e+01 5.34743309e+01 5.35709801e+01
    5.18312607e+01 5.46132545e+01 5.36615829e+01 5.38739128e+01
    5.37163010e+01 5.27673721e+01 5.28806343e+01 5.17416115e+01
    5.40314178e+01 5.41313972e+01 5.10547600e+01 5.45295410e+01
    5.19729576e+01 5.52830009e+01 5.39596634e+01 5.32578964e+01
    5.49308243e+01 5.44256516e+01 5.42154541e+01 5.58973465e+01
    5.56705208e+01 5.41111259e+01 5.67244568e+01 5.46228371e+01
    5.37548599e+01 5.43915825e+01 5.51691589e+01 5.44335976e+01
    5.38350945e+01 5.39287605e+01 5.34051743e+01 5.24482346e+01
    5.20981903e+01 5.00821648e+01 5.13843880e+01 5.09344521e+01
    5.19865494e+01 5.13483238e+01 5.04819412e+01 5.36546097e+01
    5.27311325e+01 5.32178192e+01 5.03132286e+01 5.34201660e+01
    5.26063652e+01 5.39564705e+01 5.43993530e+01 5.72819824e+01
    5.46541176e+01 5.51786880e+01 5.42133293e+01 5.53243866e+01
    5.45383720e+01 5.44217033e+01 5.50797195e+01 5.08931732e+01
    5.38906097e+01 5.29098015e+01 5.28313789e+01 5.39658394e+01
    4.96887932e+01 5.28201141e+01 5.28346901e+01 5.25888786e+01
    5.28416252e+01 5.17545395e+01 5.33819771e+01 5.26339188e+01
    5.12492332e+01 4.93657303e+01 5.15998116e+01 5.17673073e+01
    5.36477547e+01 5.27798767e+01 5.02891350e+01 5.22805405e+01
    5.24638100e+01 4.93666534e+01 5.22379112e+01 4.98074379e+01
    5.15300941e+01 5.12913284e+01 5.30363121e+01 5.33223877e+01
    5.48357811e+01 5.25519447e+01 5.30960732e+01 5.45520439e+01
    5.65063972e+01 5.30561409e+01 5.50166512e+01 5.43282738e+01
    5.65377350e+01 5.18069992e+01 5.33329163e+01 5.33752785e+01
    5.38418198e+01 5.18879089e+01 5.24505272e+01 5.29249153e+01
    5.30439301e+01 5.06482544e+01 5.31039963e+01 5.26210365e+01
    5.23420753e+01 5.39644394e+01 5.26050034e+01 5.47204895e+01
    5.38484116e+01 5.38553238e+01 5.39819260e+01 5.13399277e+01
    5.23303680e+01 5.11241341e+01 5.13662109e+01 5.43150024e+01
    5.17041512e+01 5.27543945e+01 5.08558960e+01 5.24959641e+01
    5.28936234e+01 5.30105057e+01 5.53655281e+01 5.47227783e+01
    5.41379395e+01 5.27855225e+01 5.34946251e+01 5.21952209e+01
    5.35645103e+01 5.44178391e+01 5.62907600e+01 5.51215744e+01
    5.54960022e+01 5.57757263e+01 5.39361000e+01 5.08507309e+01
    5.36738396e+01 5.48816490e+01 5.31158257e+01 5.35046196e+01
    5.41002579e+01 5.45024605e+01 5.55667686e+01 5.56901550e+01
    5.74615784e+01 5.51454201e+01 5.55455627e+01 5.34112396e+01
    5.39735756e+01 5.60419502e+01 5.58663025e+01 5.56610985e+01
    5.78333282e+01 5.39943008e+01 5.41577797e+01 5.61534348e+01
    5.42739296e+01 5.49899292e+01 5.31772156e+01 5.15591354e+01
    5.59574776e+01 5.41453094e+01 5.02990303e+01 5.47893829e+01
    5.41072693e+01 5.28437729e+01 5.36555405e+01 5.42536926e+01
    5.26849861e+01 5.54764099e+01 5.31986198e+01 5.12551804e+01
    5.26421738e+01 5.15799866e+01 5.16648331e+01 5.02279396e+01
    5.34079056e+01 5.54936829e+01 5.46880188e+01 5.46999092e+01
    5.67413864e+01 5.45848007e+01 5.23530121e+01 5.21146698e+01
    5.32769127e+01 5.76839943e+01 5.32039795e+01 5.16669121e+01
    5.48564262e+01 5.52601585e+01 5.18333549e+01 5.53978767e+01
    4.85158997e+01 5.15840683e+01 5.10141182e+01 5.20004539e+01
    4.96368065e+01 5.24629326e+01 4.99242210e+01 5.35707779e+01
    5.31972618e+01 5.39831734e+01 5.47838211e+01 5.49970360e+01
    5.44420700e+01 5.40802574e+01 5.57590179e+01 5.28238945e+01
    5.32354202e+01 5.37302361e+01 5.67078285e+01 5.75663834e+01
    5.64498367e+01 5.57360954e+01 5.50431137e+01 5.39231911e+01
    5.16463814e+01 5.33675690e+01 5.11468544e+01 5.26567345e+01
    5.24726982e+01 5.12772331e+01 5.01307869e+01 5.16457253e+01
    5.36565018e+01 5.12882500e+01 4.94602203e+01 5.45525932e+01
    5.24548645e+01 5.56114388e+01 5.16321220e+01 5.41708755e+01
    5.58860474e+01 5.34378281e+01 5.39639587e+01 5.52871552e+01
    5.00744247e+01 5.14763260e+01 5.26793175e+01 5.33297806e+01
    5.45504456e+01 5.35199165e+01 5.25182495e+01 5.29620247e+01
    5.28199921e+01 5.20702705e+01 5.28143311e+01 5.51407509e+01
    5.32103691e+01 5.18411484e+01 5.45927162e+01 5.50046196e+01
    5.13318520e+01 5.33138847e+01 5.61814346e+01 5.64434776e+01
    5.69906425e+01 5.54927177e+01 5.53626556e+01 5.47967834e+01
    5.47649002e+01 5.62756615e+01 5.58659401e+01 5.43958702e+01
    5.68322296e+01 5.54525452e+01 5.40235596e+01 5.24884033e+01
    5.23530426e+01 5.02097626e+01 5.43443451e+01 5.31087303e+01
    4.87622986e+01 5.18120804e+01 5.25188789e+01 5.06455879e+01
    5.06898346e+01 5.21508598e+01 4.95431786e+01 5.22702026e+01
    5.16247787e+01 4.97287750e+01 5.11702614e+01 5.11561394e+01
    5.14272842e+01 5.41890945e+01 5.52596855e+01 5.46797638e+01
    5.46988640e+01 5.40974770e+01 5.75096169e+01 5.46039963e+01
    5.39517212e+01 5.50308838e+01 5.54568214e+01 5.17934914e+01
    5.30009537e+01 5.33362083e+01 5.39448586e+01 5.16720924e+01
    5.24165306e+01 5.52350807e+01 5.34285164e+01 4.96017647e+01
    5.29588165e+01 4.93130112e+01 5.19545784e+01 5.30712357e+01
    5.20985870e+01 5.33469887e+01 5.45115166e+01 5.20765495e+01
    5.05115433e+01 5.16704636e+01 5.47525749e+01 5.32819290e+01
    5.18056526e+01 5.28857079e+01 5.26015053e+01 5.04447975e+01
    5.01427269e+01 5.51631126e+01 5.43798180e+01 5.35576820e+01
    5.14103851e+01 5.23938866e+01 5.61869583e+01 5.37859383e+01
    5.63348274e+01 5.42004852e+01 5.38652306e+01 5.40853615e+01
    5.30930443e+01 5.32501335e+01 5.54892998e+01 5.24077225e+01
    5.14778442e+01 5.18937645e+01 5.44865494e+01 5.12095718e+01
    4.96579056e+01 4.96545181e+01 5.23192596e+01 5.27204514e+01
    5.34175568e+01 5.50416260e+01 5.22574234e+01 5.14114571e+01
    5.15717392e+01 5.18676491e+01 5.14472466e+01 5.12273865e+01
    5.09447327e+01 5.45792389e+01 5.09104958e+01 5.08303680e+01
    5.32496452e+01 5.31137886e+01 5.19818535e+01 5.13549385e+01
    5.01054764e+01 5.16242447e+01 5.29925537e+01 5.27478714e+01
    5.02614441e+01 5.17723579e+01 5.03456688e+01 5.20613747e+01
    4.90912933e+01 5.14759445e+01 5.10612411e+01 5.24605484e+01
    5.55537567e+01 5.45910530e+01 5.34274368e+01 5.26545677e+01
    5.15203323e+01 5.43150253e+01 5.24654770e+01 5.57166634e+01
    5.48247833e+01 5.40518761e+01 5.29652481e+01 5.42394714e+01
    5.36524315e+01 5.45423241e+01 5.48727531e+01 5.25973244e+01
    5.33201332e+01 5.67657471e+01 5.23165665e+01 5.57181358e+01
    5.60816879e+01 5.62627296e+01 5.51052780e+01 5.45547638e+01
    5.35530128e+01 5.35191078e+01 5.57278214e+01 5.53333015e+01
    5.61602249e+01 5.64005928e+01 5.77529564e+01 5.55442047e+01
    5.61062469e+01 5.32672005e+01 5.57459488e+01 5.56577530e+01
    5.80347023e+01 5.43246269e+01 5.52103310e+01 5.29774742e+01
    5.35767136e+01 5.20246849e+01 5.42587700e+01 5.18485069e+01
    5.36352005e+01 5.05068626e+01 5.24823837e+01 5.15824738e+01
    5.39363594e+01 5.47019577e+01 5.57564316e+01 5.54501266e+01
    5.73568802e+01 5.77175789e+01 5.43694611e+01 5.59090805e+01
    5.70266647e+01 5.34263687e+01 5.35395966e+01 5.21660042e+01
    5.36332283e+01 5.21804123e+01 5.07405968e+01 4.99831886e+01
    5.08942528e+01 5.04049301e+01 5.13679543e+01 5.08606453e+01
    5.12894936e+01 5.16986046e+01 5.36874962e+01 5.16025276e+01
    5.29142380e+01 5.41389847e+01 5.37642670e+01 5.43612480e+01
    5.33416405e+01 5.52847061e+01 5.40828934e+01 5.42612114e+01
    5.45872154e+01 5.42697639e+01 5.33784447e+01 5.32945366e+01
    5.36284866e+01 5.21615562e+01 5.04535828e+01 4.94320335e+01
    5.39481316e+01 4.98468819e+01 5.12603149e+01 5.31950417e+01
    5.21395760e+01 5.20876465e+01 5.30661240e+01 5.31074486e+01
    5.39733582e+01 5.32746582e+01 5.55673256e+01 5.20443306e+01
    5.15534821e+01 5.21513252e+01 5.11033516e+01 5.23126793e+01
    5.39466705e+01 5.52432327e+01 5.08951035e+01 5.31910858e+01
    5.38350601e+01 5.56332893e+01 5.23040009e+01 5.31505814e+01
    5.59433746e+01 5.23558922e+01 5.33477859e+01 5.77079010e+01
    5.49280472e+01 5.59148254e+01 5.38097076e+01 5.25454826e+01
    5.61133308e+01 5.75581436e+01 5.50619621e+01 5.52164230e+01
    5.83158684e+01 5.73277168e+01 5.62006226e+01 5.28835564e+01
    5.38434982e+01 5.31940765e+01 5.53438416e+01 5.38621216e+01
    5.54693642e+01 5.38848534e+01 5.51241760e+01 5.78141632e+01
    5.73903770e+01 5.48737564e+01 5.52597313e+01 5.39366646e+01
    5.41142159e+01 5.42781067e+01 5.28840065e+01 5.04165268e+01
    5.16557617e+01 4.97502823e+01 5.00778084e+01 4.88068008e+01
    4.96841125e+01 4.98505249e+01 4.91456757e+01 4.84598198e+01
    5.35608673e+01 4.95989265e+01 5.27884941e+01 5.11152306e+01
    5.21883965e+01 5.34954910e+01 5.47105598e+01 5.26171036e+01
    5.75759125e+01 5.72935944e+01 5.40602531e+01 5.39992485e+01
    5.52567635e+01 5.45451088e+01 5.58959465e+01 5.45479317e+01
    5.48293228e+01 5.28937225e+01 4.86537399e+01 5.01012993e+01
    5.16973114e+01 5.09220657e+01 5.09780235e+01 5.12868080e+01
    5.15246658e+01 5.35220146e+01 5.20317154e+01 5.21290970e+01
    5.46475639e+01 5.27381783e+01 5.22725067e+01 5.31051025e+01
    5.39575233e+01 5.38983459e+01 5.18015137e+01 5.09944458e+01
    5.22057190e+01 5.25781631e+01 5.08825378e+01 5.06424828e+01
    5.55748940e+01 5.36696510e+01 5.35139236e+01 5.04755402e+01
    5.46797485e+01 5.37774010e+01 5.29081802e+01 5.26871033e+01
    5.13740616e+01 5.34181328e+01 5.40995331e+01 5.18473206e+01
    5.23482475e+01 5.31659355e+01 4.99236832e+01 5.16167641e+01
    5.22151108e+01 5.27805824e+01 5.14136467e+01 5.30005875e+01
    5.42701721e+01 5.20042801e+01 5.24191399e+01 5.30248795e+01
    5.55492134e+01 5.21602287e+01 4.91480103e+01 5.23984261e+01
    5.40875740e+01 5.37805061e+01 4.93766174e+01 5.14961700e+01
    5.29178162e+01 5.03297653e+01 4.93781929e+01 5.04007416e+01
    5.02611389e+01 5.17968102e+01 5.09977837e+01 4.87507629e+01
    5.10639496e+01 5.07185173e+01 5.10974350e+01 5.01961861e+01
    5.24107513e+01 5.24638596e+01 5.36559906e+01 5.04459801e+01
    5.32886772e+01 5.49951096e+01 5.64552574e+01 5.61708412e+01
    5.59845428e+01 6.03971901e+01 5.49704971e+01 5.45752144e+01
    5.47685928e+01 5.46407051e+01 5.43438492e+01 5.56697311e+01
    5.43123131e+01 5.47800331e+01 5.43292503e+01 5.37501717e+01
    5.38925552e+01 5.27220573e+01 5.44202042e+01 5.45019035e+01
    5.27286263e+01 5.51087418e+01 5.49728584e+01 5.58364067e+01
    5.59908943e+01 5.36146240e+01 5.58826103e+01 5.66659279e+01
    5.71012688e+01 5.54132919e+01 5.61673775e+01 5.49166298e+01
    5.67106705e+01 5.30998077e+01 5.63265381e+01 5.47942619e+01
    5.34430008e+01 5.67675285e+01 5.54646606e+01 5.67245789e+01
    5.43819275e+01 5.46901932e+01 5.30829544e+01 5.38923569e+01
    5.07183533e+01 5.43231468e+01 5.14538460e+01 5.36406517e+01
    5.32318001e+01 5.59165840e+01 5.41875801e+01 5.54008827e+01
    5.74045677e+01 5.40984726e+01 5.51797142e+01 5.50067406e+01
    5.51324577e+01 5.46909485e+01 5.27386131e+01 5.29981232e+01
    5.66007767e+01 5.39427376e+01 5.59650421e+01 5.58099060e+01
    5.34693298e+01 5.32675629e+01 5.07722664e+01 5.28666191e+01
    5.07062149e+01 5.20622444e+01 5.47023773e+01 5.25368843e+01
    5.18801041e+01 5.38783188e+01 5.50882072e+01 5.50110321e+01
    5.49034843e+01 5.70623245e+01 5.73899498e+01 5.60066185e+01
    5.49677773e+01 5.52990379e+01 5.54427490e+01 5.39187279e+01
    5.24585037e+01 5.39064255e+01 5.43218155e+01 5.16337204e+01
    5.22451477e+01 5.05930672e+01 5.41703682e+01 5.20802994e+01
    5.05931625e+01 5.26891823e+01 5.06654205e+01 5.41783104e+01
    5.38740425e+01 5.22545929e+01 5.27032433e+01 5.10347176e+01
    5.29388657e+01 5.48516846e+01 5.01945610e+01 5.33316269e+01
    5.46459503e+01 5.42397461e+01 5.67155113e+01 5.34802589e+01
    5.14275589e+01 5.40485611e+01 5.38723335e+01 5.53788033e+01
    5.27793808e+01 5.32562714e+01 5.57564507e+01 5.37329292e+01
    5.36474380e+01 5.41811142e+01 5.41569061e+01 5.43196869e+01
    5.40545120e+01 5.42051888e+01 5.61046028e+01 5.87601624e+01
    5.51006851e+01 5.68085251e+01 5.41991119e+01 5.68509789e+01
    5.55415344e+01 5.47353783e+01 5.30585022e+01 5.57482452e+01
    5.67177696e+01 5.43158875e+01 5.50035210e+01 5.73379631e+01
    5.59423637e+01 5.55163536e+01 5.51539078e+01 5.44930420e+01
    5.50853386e+01 5.66222687e+01 5.30797653e+01 5.50836906e+01
    5.33406830e+01 5.29188423e+01 5.21133957e+01 5.10437279e+01
    5.10258865e+01 5.03563309e+01 5.01871147e+01 5.42514725e+01
    5.01479607e+01 5.15494766e+01 5.22009163e+01 5.15208778e+01
    5.16317902e+01 5.35892677e+01 5.17917061e+01 5.61394272e+01
    5.49076233e+01 5.42372551e+01 5.42040405e+01 5.60609169e+01
    5.49295464e+01 5.70547562e+01 5.36912575e+01 5.35064278e+01
    5.31779900e+01 5.58769073e+01 5.28192368e+01 5.22468605e+01
    5.12232437e+01 5.32577477e+01 5.26497154e+01 5.38621063e+01
    5.17446175e+01 5.32379494e+01 5.03761559e+01 5.09843140e+01
    5.06483498e+01 5.12681580e+01 5.12619209e+01 5.28108330e+01
    5.31507645e+01 5.29638863e+01 5.35123138e+01 5.20696945e+01
    5.16472855e+01 5.27580070e+01 5.39383316e+01 4.99687691e+01
    5.31031723e+01 5.36721420e+01 5.25274277e+01 5.44714279e+01
    5.23487396e+01 5.21231003e+01 5.12896423e+01 5.10258980e+01
    5.33663216e+01 5.57936935e+01 5.29632988e+01 5.25641785e+01
    5.68718719e+01 5.24084892e+01 5.17715683e+01 5.38332634e+01
    5.20573883e+01 5.26788063e+01 4.99252930e+01 5.08646469e+01
    5.22984543e+01 5.07395782e+01 5.13244400e+01 5.19117355e+01
    5.21732521e+01 5.11932449e+01 5.17536888e+01 5.30681610e+01
    5.02966194e+01 4.93802757e+01 5.21734276e+01 5.45581703e+01
    5.14511032e+01 5.13362999e+01 4.96044388e+01 5.21023560e+01
    5.09237175e+01 5.03342361e+01 4.85758095e+01 5.03084335e+01
    4.72740631e+01 4.96320763e+01 5.03571129e+01 4.95811195e+01
    5.16533966e+01 5.17870255e+01 5.07668228e+01 5.07016602e+01
    5.27862167e+01 5.42540665e+01 5.29560966e+01 5.33150024e+01
    5.53080063e+01 5.47865868e+01 5.62497864e+01 5.27420654e+01
    5.46591187e+01 5.41772232e+01 5.50399818e+01 5.48260651e+01
    5.57690010e+01 5.80657196e+01 5.79555779e+01 5.57719345e+01
    5.37108307e+01 5.56850929e+01 5.63408661e+01 5.52661476e+01
    5.47880249e+01 5.36122475e+01 5.52572174e+01 5.63411751e+01
    5.60418472e+01 5.68333435e+01 5.66904564e+01 5.45762978e+01
    5.52565460e+01 5.58727722e+01 5.37268257e+01 5.38012657e+01
    5.28664551e+01 5.45379944e+01 5.60983276e+01 5.55153236e+01
    5.30015221e+01 5.68190727e+01 5.20253067e+01 5.45647354e+01
    5.35020905e+01 5.37667885e+01 5.64554749e+01 5.58510284e+01
    5.42277260e+01 5.31199455e+01 5.02495461e+01 5.25847893e+01
    5.17155151e+01 5.08729782e+01 5.50053253e+01 5.61010132e+01
    5.66783524e+01 5.42276840e+01 5.63874245e+01 5.56753922e+01
    5.70699043e+01 5.41512146e+01 5.44896584e+01 5.64762497e+01
    5.32048798e+01 5.47432709e+01 5.57005806e+01 5.55775795e+01
    5.43607368e+01 5.22955093e+01 5.36247330e+01 5.39500542e+01
    5.04998932e+01 5.15516243e+01 5.11685486e+01 5.10372124e+01
    5.18789635e+01 5.34786034e+01 5.14650421e+01 5.40476570e+01
    5.43131523e+01 5.31959305e+01 5.52564697e+01 5.44044037e+01
    5.50464630e+01 5.48452606e+01 5.39470444e+01 5.44302254e+01
    5.46200066e+01 5.28430061e+01 5.41162834e+01 5.53488579e+01
    5.35290680e+01 5.62046280e+01 5.31456833e+01 5.26018524e+01
    5.38546486e+01 5.36919060e+01 4.96124802e+01 5.34048843e+01
    5.38152390e+01 5.32711639e+01 5.17123871e+01 5.03792000e+01
    5.09655075e+01 5.17983437e+01 5.58715553e+01 5.59020348e+01
    5.13536453e+01 5.43226128e+01 5.60700874e+01 5.42047310e+01
    5.47128601e+01 5.50705833e+01 5.32186928e+01 5.27595367e+01
    5.35272217e+01 5.56320839e+01 5.34241905e+01 5.23622246e+01
    5.45332527e+01 5.57196503e+01 5.53437920e+01 5.77575493e+01
    5.76946907e+01 5.71337433e+01 5.61225777e+01 5.58533783e+01
    5.53607483e+01 5.45112801e+01 5.29474602e+01 5.34947319e+01
    5.60587006e+01 5.51560059e+01 5.69453964e+01 5.62804871e+01
    5.50405884e+01 5.48341484e+01 5.50157738e+01 5.63110352e+01
    5.22088661e+01 5.41470070e+01 5.77084198e+01 5.54233246e+01
    5.58202095e+01 5.53174477e+01 5.58127365e+01 5.57115440e+01
    5.27793579e+01 5.34527092e+01 5.19944191e+01 5.39775429e+01
    5.48561363e+01 5.14424858e+01 5.37314301e+01 5.14898949e+01
    5.05329666e+01 5.20753670e+01 5.18943291e+01 5.05677414e+01
    5.09705391e+01 4.96713142e+01 5.14497375e+01 5.18550415e+01
    5.21568756e+01 5.27927322e+01 5.36657181e+01 5.36476097e+01
    5.54254303e+01 5.55910721e+01 5.38253670e+01 5.17636528e+01
    5.46402855e+01 5.22995300e+01 5.24915619e+01 5.36426277e+01
    5.35705147e+01 5.40932617e+01 5.06760216e+01 5.27964363e+01
    5.12450676e+01 5.08459702e+01 5.18923569e+01 5.21853676e+01
    4.97839775e+01 5.02169495e+01 4.97285843e+01 5.40559959e+01
    5.29828987e+01 5.07891502e+01 5.20547142e+01 5.14355011e+01
    5.21918755e+01 5.14201508e+01 5.14489670e+01 5.03361359e+01
    5.29883690e+01 5.53390579e+01 5.14794159e+01 5.34011307e+01
    5.50939636e+01 5.34928665e+01 5.16562233e+01 5.33538475e+01
    5.59982834e+01 5.46954308e+01 5.33146286e+01 5.53024483e+01
    5.37633667e+01 5.39238358e+01 5.39125862e+01 5.29349098e+01
    5.38126030e+01 4.94778748e+01 5.29647903e+01 5.04556084e+01
    5.20480232e+01 4.92394104e+01 5.11655235e+01 5.24219093e+01
    5.06912155e+01 5.13266525e+01 5.03404846e+01 5.37061272e+01
    5.25408783e+01 5.15292702e+01 5.22666702e+01 5.25492439e+01
    5.32481842e+01 5.23607864e+01 4.98666229e+01 4.99351616e+01
    4.78027840e+01 4.73204613e+01 4.99050865e+01 4.81891212e+01
    5.01815681e+01 5.10867233e+01 5.10778351e+01 4.82789307e+01
    5.09259758e+01 5.13700256e+01 5.16214218e+01 4.86825638e+01
    4.83496780e+01 5.28366814e+01 5.35855179e+01 5.19161949e+01
    5.30511856e+01 5.34287529e+01 5.40569077e+01 5.35196762e+01
    5.32498093e+01 5.43941536e+01 5.57859764e+01 5.42450371e+01
    5.52512856e+01 5.62971802e+01 5.43676720e+01 5.54490623e+01
    5.69938278e+01 5.61221390e+01 5.58001633e+01 5.60789146e+01
    5.71142159e+01 5.49722137e+01 5.41254005e+01 5.50903587e+01
    5.48590088e+01 5.67380028e+01 5.47734871e+01 5.50661583e+01
    5.59399872e+01 5.33088646e+01 5.45571823e+01 5.54274979e+01
    5.47925110e+01 5.33712692e+01 5.29977951e+01 5.36688499e+01
    5.52915649e+01 5.33574333e+01 5.66344948e+01 5.71028214e+01
    5.43243141e+01 5.66951370e+01 5.56787834e+01 5.50856552e+01
    5.35159035e+01 5.55212936e+01 5.39433479e+01 5.37569923e+01
    5.52681732e+01 5.14580460e+01 5.37711639e+01 5.30134239e+01
    5.17457962e+01 5.57755966e+01 5.28151474e+01 5.56452980e+01
    5.57896843e+01 5.50448456e+01 5.54742393e+01 5.43256493e+01
    5.60205040e+01 5.63551521e+01 5.46105423e+01 5.56302757e+01
    5.29966507e+01 5.48852921e+01 5.50057907e+01 5.33021317e+01
    5.22227211e+01 5.37143135e+01 5.30751305e+01 5.40331573e+01
    5.29532852e+01 5.35326233e+01 5.30777550e+01 5.19725227e+01
    5.55515900e+01 5.56930428e+01 5.49491043e+01 5.71890831e+01
    5.45412674e+01 5.88484306e+01 5.50011063e+01 5.69420319e+01
    5.45045624e+01 5.50620995e+01 5.55113297e+01 5.54764977e+01
    5.43170662e+01 5.65677071e+01 5.13370323e+01 5.38591766e+01
    5.34145355e+01 5.42760162e+01 5.22701492e+01 5.04330673e+01
    5.20641212e+01 5.25207138e+01 5.33140335e+01 5.18701248e+01
    5.26238403e+01 5.33204498e+01 5.39348221e+01 5.41043549e+01
    5.46273994e+01 5.63657036e+01 5.16370163e+01 5.43975639e+01
    5.57098045e+01 5.71645851e+01 5.45598984e+01 5.46526146e+01
    5.30837631e+01 5.41578598e+01 5.46198616e+01 5.64164467e+01
    5.49270782e+01 5.33791313e+01 5.62671776e+01 5.57392159e+01
    5.31682281e+01 5.50256195e+01 5.47829018e+01 5.54806328e+01
    5.36986465e+01 5.41804428e+01 5.48657570e+01 5.78905258e+01
    5.54632683e+01 5.49621696e+01 5.60931435e+01 5.73460121e+01
    5.63205833e+01 5.47132607e+01 5.37543030e+01 5.39107819e+01
    5.28169365e+01 5.21986732e+01 5.31414337e+01 5.42115593e+01
    5.57721481e+01 5.66133423e+01 5.45353432e+01 5.03573799e+01
    5.28496819e+01 5.54697075e+01 5.25324669e+01 5.25898628e+01
    5.57093430e+01 5.38538475e+01 5.44951439e+01 5.29795151e+01
    5.14713478e+01 5.04758606e+01 5.10674362e+01 5.18280983e+01
    5.32125359e+01 4.83866997e+01 5.19253616e+01 4.99141617e+01
    5.16681595e+01 5.16560516e+01 5.31662064e+01 5.41906738e+01
    5.48221130e+01 5.64326973e+01 5.40164223e+01 5.22889519e+01
    5.53210793e+01 5.16527519e+01 5.08652458e+01 5.37742691e+01
    5.42594337e+01 5.24717255e+01 4.97490234e+01 5.10208740e+01
    4.88981476e+01 4.95126228e+01 4.99379311e+01 4.94400673e+01
    5.04378090e+01 5.01465569e+01 5.02794800e+01 5.25347176e+01
    5.33984489e+01 5.23530350e+01 5.21861343e+01 5.06084595e+01
    5.31278458e+01 5.16562843e+01 5.28499451e+01 5.63952599e+01
    5.49623413e+01 5.53426437e+01 5.39494247e+01 5.42785492e+01
    5.49395256e+01 5.57075615e+01 5.46927414e+01 5.71117439e+01
    5.46681824e+01 5.09177055e+01 5.44303055e+01 5.52719231e+01
    5.43911819e+01 5.51102371e+01 5.45127373e+01 5.38836327e+01
    5.25290565e+01 5.41140938e+01 5.47170563e+01 5.18996773e+01
    4.83477020e+01 5.16424255e+01 5.41840897e+01 5.17342224e+01
    5.12320633e+01 5.06728287e+01 5.30605354e+01 5.09809380e+01
    5.24051971e+01 5.35807266e+01 5.35114899e+01 5.08299980e+01
    4.98276100e+01 5.00038490e+01 5.30764618e+01 5.17882881e+01
    5.04182281e+01 5.06526031e+01 4.93226776e+01 5.03140640e+01
    5.15179482e+01 5.01921387e+01 4.98629761e+01 4.99212990e+01
    5.05539398e+01 5.00250702e+01 4.85300255e+01 5.10100212e+01
    5.06325150e+01 5.23072395e+01 5.12988586e+01 4.99738846e+01
    5.17303467e+01 4.88575783e+01 5.19785233e+01 5.49511490e+01
    5.54359932e+01 5.46058655e+01 5.40489807e+01 5.58542900e+01
    5.60301704e+01 5.49887390e+01 5.42630196e+01 5.64639626e+01
    5.50910912e+01 5.43055305e+01 5.43141670e+01 5.80648155e+01
    5.60732231e+01 5.79361382e+01 5.57766533e+01 5.63397751e+01
    5.41396637e+01 5.25958519e+01 5.41990242e+01 5.50745506e+01
    5.28820076e+01 5.55927467e+01 5.47964325e+01 5.57144775e+01
    5.19874954e+01 5.31586685e+01 5.45011406e+01 5.49541893e+01
    5.22600479e+01 5.19569168e+01 5.61609917e+01 5.27650871e+01
    5.19766121e+01 5.56725883e+01 5.34881096e+01 5.48082314e+01
    5.48906097e+01 5.44161682e+01 5.48368950e+01 5.61119461e+01
    5.61083527e+01 5.54229431e+01 5.50068321e+01 5.37354698e+01
    5.31404152e+01 5.27052269e+01 5.29622612e+01 5.50772820e+01
    5.54979095e+01 5.20976067e+01 5.56139908e+01 5.63999023e+01
    5.55490799e+01 5.31394424e+01 5.33598022e+01 5.44432373e+01
    5.35699196e+01 5.07387352e+01 5.30133247e+01 5.15146866e+01
    5.84697227e+01 5.66226044e+01 5.25828819e+01 5.12299385e+01
    5.32768211e+01 5.24125443e+01 5.18783073e+01 5.07803421e+01
    5.18137131e+01 5.26944275e+01 5.15553360e+01 5.31783676e+01
    5.47183037e+01 5.38661499e+01 5.34012604e+01 5.23308067e+01
    5.47335625e+01 5.31142654e+01 5.39888992e+01 5.58123741e+01
    5.59339218e+01 5.43831863e+01 5.43762016e+01 5.31796799e+01
    5.24580765e+01 5.24311523e+01 5.51995316e+01 5.12041550e+01
    5.42480049e+01 5.30338402e+01 5.47743034e+01 5.60613327e+01
    5.37451286e+01 5.58599167e+01 5.48389015e+01 5.59482498e+01
    5.59951057e+01 5.28966599e+01 5.76731262e+01 5.62673683e+01
    5.38030434e+01 5.42386322e+01 5.52979965e+01 5.60262108e+01
    5.48863564e+01 5.09335022e+01 5.24965401e+01 5.28779297e+01
    5.00700188e+01 5.39648209e+01 5.40254898e+01 5.15862312e+01
    5.45121346e+01 5.34392776e+01 5.48895874e+01 5.58936615e+01
    5.63293343e+01 5.43152008e+01 5.52265015e+01 5.28040504e+01
    5.64790993e+01 5.65964127e+01 5.63746567e+01 5.43484039e+01
    5.67638969e+01 5.71901321e+01 5.54991684e+01 5.27132607e+01
    5.14399834e+01 5.13510780e+01 5.59774818e+01 5.15866508e+01
    5.23499298e+01 5.43366547e+01 5.39911079e+01 5.29041290e+01
    5.43869286e+01 5.44243965e+01 5.58163719e+01 5.34668655e+01
    5.35469780e+01 5.29381142e+01 5.37142754e+01 5.37625656e+01
    5.37571793e+01 5.13329010e+01 5.18862000e+01 5.31847305e+01
    4.98274879e+01 5.27240410e+01 5.14526215e+01 5.00753326e+01
    4.96118736e+01 5.19908524e+01 5.35716019e+01 5.30155449e+01
    5.18909798e+01 5.20721703e+01 5.43458977e+01 5.29059296e+01
    5.34312973e+01 5.33596077e+01 5.36249580e+01 5.61144409e+01
    5.52427673e+01 5.40166664e+01 5.40244370e+01 5.65217705e+01
    5.21516533e+01 5.15796089e+01 5.09251137e+01 5.35119209e+01
    5.11130257e+01 5.03187027e+01 4.87111855e+01 5.12453499e+01
    5.15088463e+01 5.22710228e+01 5.07975273e+01 5.32815742e+01
    5.42310486e+01 5.03317795e+01 5.42871780e+01 5.34967918e+01
    5.75164642e+01 5.65075035e+01 5.33355560e+01 5.47125702e+01
    5.69790993e+01 5.17465515e+01 5.53172684e+01 5.31582870e+01
    5.63100586e+01 5.58616562e+01 5.08989067e+01 5.37042427e+01
    5.29536209e+01 5.36814613e+01 5.47229424e+01 5.10055923e+01
    5.19714584e+01 5.14993439e+01 5.57932663e+01 5.24749413e+01
    5.35275459e+01 5.35578995e+01 5.08361931e+01 5.17991219e+01
    5.16894226e+01 5.30749321e+01 5.18829498e+01 5.14505768e+01
    5.32789841e+01 5.14992447e+01 5.18450546e+01 5.15706329e+01
    5.11254082e+01 5.05832672e+01 5.00753632e+01 5.24700165e+01
    5.18705635e+01 5.01736526e+01 5.03466682e+01 5.04071846e+01
    4.90897789e+01 5.06476555e+01 4.92128334e+01 5.28865471e+01
    4.74677734e+01 4.81830750e+01 4.82474365e+01 4.75997238e+01
    4.95023575e+01 5.07517281e+01 4.98060150e+01 5.02414970e+01
    4.89781532e+01 4.87410965e+01 4.99691582e+01 5.02083778e+01
    5.22604256e+01 5.14997635e+01 5.44697418e+01 5.65821533e+01
    5.48599739e+01 5.55410805e+01 5.50604630e+01 5.45643120e+01
    5.48840408e+01 5.59923782e+01 5.52408333e+01 5.72835083e+01
    5.71816788e+01 5.91810951e+01 5.92293816e+01 5.86547775e+01
    5.58909187e+01 5.51227188e+01 5.44819679e+01 5.27213440e+01
    5.57233124e+01 5.67003937e+01 5.56793175e+01 5.66491547e+01
    5.49339828e+01 5.29458847e+01 5.13951988e+01 5.17798462e+01
    5.24107666e+01 5.41178703e+01 5.25203743e+01 5.25214043e+01
    5.61843605e+01 5.50632019e+01 5.52512131e+01 5.62985916e+01
    5.27076492e+01 5.42344017e+01 5.80618515e+01 5.49842110e+01
    5.44949989e+01 5.50727844e+01 5.40445938e+01 5.49670525e+01
    5.31635094e+01 5.17419014e+01 5.55182610e+01 5.10781212e+01
    5.15291977e+01 5.26744003e+01 5.47635460e+01 5.22005844e+01
    5.42448807e+01 5.63040771e+01 5.64925690e+01 5.54704285e+01
    5.57774811e+01 5.41594162e+01 5.63173866e+01 5.57378502e+01
    5.36937370e+01 5.43902092e+01 5.36010933e+01 5.41018066e+01
    5.09119301e+01 5.32113228e+01 5.04757347e+01 5.08869438e+01
    5.11683540e+01 5.20254211e+01 5.13715591e+01 5.24507980e+01
    5.24070778e+01 5.27287636e+01 5.43381844e+01 5.52251625e+01
    5.56193123e+01 5.25648956e+01 5.26357765e+01 5.65725861e+01
    5.36414261e+01 5.49661636e+01 5.52073555e+01 5.41954994e+01
    5.37402992e+01 5.29077721e+01 5.15719757e+01 5.21640701e+01
    5.25529900e+01 5.17456551e+01 4.87599449e+01 5.43905602e+01
    5.34734764e+01 5.40816307e+01 5.52531548e+01 5.74010277e+01
    5.37944832e+01 5.30154533e+01 5.62356491e+01 5.48357964e+01
    5.26411705e+01 5.57703743e+01 5.39263420e+01 5.40687599e+01
    5.58439598e+01 5.60067444e+01 5.66194763e+01 5.43885536e+01
    5.36751404e+01 5.28149643e+01 5.29391785e+01 5.25837364e+01
    5.49293137e+01 5.22409973e+01 5.57893562e+01 5.67396431e+01
    5.53056030e+01 5.56602783e+01 5.54300423e+01 5.46885376e+01
    5.42740479e+01 5.22509308e+01 5.35833778e+01 5.57687454e+01
    5.59040260e+01 5.31458206e+01 5.46408768e+01 5.63655128e+01
    5.34882660e+01 5.59682159e+01 5.27311821e+01 5.15315132e+01
    5.47856293e+01 5.37178688e+01 5.29098473e+01 5.25241852e+01
    5.46885071e+01 5.45978699e+01 5.47631187e+01 5.43732567e+01
    5.49678917e+01 5.64719849e+01 5.31367455e+01 5.35769691e+01
    5.50814018e+01 5.59467087e+01 5.27383499e+01 5.20611343e+01
    5.32950592e+01 5.29910698e+01 5.49244766e+01 5.19203072e+01
    5.44048576e+01 5.37497597e+01 5.22084427e+01 5.11210022e+01
    5.19066353e+01 5.12831268e+01 5.50655670e+01 5.26009560e+01
    5.26420708e+01 5.59802017e+01 5.65403328e+01 5.37842369e+01
    5.47452202e+01 5.28503304e+01 5.43364067e+01 5.27946701e+01
    4.99304237e+01 5.19744301e+01 5.15099564e+01 5.21035347e+01
    5.21884346e+01 4.92082100e+01 5.10338249e+01 5.19173508e+01
    5.08603706e+01 5.12986183e+01 5.32141647e+01 5.12448158e+01
    5.29669189e+01 5.43074799e+01 5.42356873e+01 5.23050957e+01
    5.37682915e+01 5.09016418e+01 5.51016121e+01 5.91840248e+01
    5.35522118e+01 5.62748947e+01 5.39931068e+01 5.39156036e+01
    5.26921921e+01 5.57202415e+01 5.31949501e+01 5.67035484e+01
    5.36884308e+01 5.15690498e+01 5.32838631e+01 5.54146576e+01
    5.15806274e+01 5.34811325e+01 5.24800873e+01 5.30860901e+01
    5.60504189e+01 5.35175285e+01 5.41621933e+01 5.29478645e+01
    5.46634445e+01 5.32085533e+01 5.22584114e+01 5.10577278e+01
    5.11064453e+01 5.33047333e+01 5.32763367e+01 5.38838844e+01
    5.23287354e+01 5.41039162e+01 5.35967255e+01 5.21080589e+01
    5.10076599e+01 5.19549828e+01 5.46451836e+01 5.30061417e+01
    5.25743523e+01 5.32331314e+01 4.97472076e+01 4.91539268e+01
    4.89965363e+01 4.77543716e+01 4.80888176e+01 4.88833580e+01
    4.91833038e+01 4.72493706e+01 5.01888657e+01 4.95834160e+01
    5.07676964e+01 5.01318703e+01 5.02822227e+01 5.07973824e+01
    5.33885384e+01 5.31562195e+01 5.50814323e+01 5.59999084e+01
    5.50936432e+01 5.40569992e+01 5.72790413e+01 5.65675011e+01
    5.44543571e+01 5.60178604e+01 5.65400772e+01 5.91697922e+01
    5.82903633e+01 5.76240807e+01 5.79698105e+01 5.80047340e+01
    5.51044388e+01 5.58919144e+01 5.60507278e+01 5.66607056e+01
    5.72400932e+01 5.48711166e+01 5.30956039e+01 5.75499001e+01
    5.37014732e+01 5.44107895e+01 5.42752457e+01 5.41760864e+01
    5.38158646e+01 5.48297386e+01 5.29346504e+01 5.44254150e+01
    5.17345810e+01 5.42886009e+01 5.32180672e+01 5.24910660e+01
    5.15431404e+01 5.37922821e+01 5.43839531e+01 5.04003258e+01
    5.31810188e+01 5.65854988e+01 5.48906097e+01 5.46069984e+01
    5.38673363e+01 5.30704460e+01 5.33485298e+01 5.34477234e+01
    5.52761459e+01 5.48372536e+01 5.28574295e+01 5.76904869e+01
    5.26824722e+01 5.48996162e+01 5.79363289e+01 5.53298302e+01
    5.63931885e+01 5.63124466e+01 5.58127670e+01 5.61963768e+01
    5.16994743e+01 5.31469383e+01 5.41619606e+01 5.31732559e+01
    5.50648079e+01 5.37316093e+01 4.99885368e+01 5.45512276e+01
    5.41189613e+01 5.32007446e+01 5.21393661e+01 5.39242783e+01
    5.42900238e+01 5.43761826e+01 5.23740959e+01 5.32468834e+01
    5.32995605e+01 5.44603310e+01 5.23474998e+01 5.44996872e+01
    5.42366829e+01 5.40214386e+01 5.37110367e+01 5.51451912e+01
    5.54196625e+01 5.27941589e+01 5.33426895e+01 5.51589203e+01
    5.27584839e+01 5.16188622e+01 5.46410179e+01 5.25782051e+01
    5.16022339e+01 5.23541527e+01 5.46554298e+01 5.43117065e+01
    5.46322823e+01 5.45010643e+01 5.34104271e+01 5.35022774e+01
    5.19002342e+01 5.52391090e+01 5.59352989e+01 5.52437325e+01
    5.59169731e+01 5.55625458e+01 5.70317459e+01 5.61554909e+01
    5.93009605e+01 5.68920326e+01 5.18304977e+01 5.43361969e+01
    5.43796539e+01 5.43026047e+01 5.51919022e+01 5.35094757e+01
    5.40950356e+01 5.52938309e+01 5.51049194e+01 5.18674202e+01
    5.34584694e+01 5.39497490e+01 5.39511337e+01 5.35489082e+01
    5.30792084e+01 5.53559341e+01 5.71360397e+01 5.43311462e+01
    5.56653442e+01 5.78441010e+01 5.66210480e+01 5.51311264e+01
    5.48243637e+01 5.42976494e+01 5.46642876e+01 5.50936623e+01
    5.51995544e+01 5.49288025e+01 5.40387039e+01 5.43185349e+01
    5.55508728e+01 5.48144989e+01 5.45434189e+01 5.32738991e+01
    5.54758224e+01 5.19863281e+01 5.25011215e+01 5.23636627e+01
    5.39228973e+01 5.18174973e+01 5.23873024e+01 5.40048523e+01
    5.23325157e+01 5.24728546e+01 5.43809052e+01 5.13976288e+01
    5.32631264e+01 5.20695152e+01 5.33120575e+01 5.60464592e+01
    5.49482460e+01 5.42433510e+01 5.40207710e+01 5.54432564e+01
    5.54523697e+01 5.57329216e+01 5.46989059e+01 5.45535049e+01
    5.62820282e+01 5.11985283e+01 5.40418701e+01 5.53859406e+01
    5.55404739e+01 5.04798698e+01 5.09030075e+01 5.19273376e+01
    5.25569115e+01 5.39615250e+01 5.43711090e+01 5.30870857e+01
    5.00413628e+01 5.35472908e+01 5.27605629e+01 5.34641304e+01
    5.10494919e+01 5.52923088e+01 5.51085434e+01 5.45057220e+01
    5.67203979e+01 5.84460487e+01 5.63983421e+01 5.62898827e+01
    5.56008987e+01 5.44315910e+01 5.65639572e+01 5.68548546e+01
    5.65522995e+01 5.74180183e+01 5.80430336e+01 5.46452141e+01
    5.44803848e+01 5.47629967e+01 5.46002502e+01 5.19514389e+01
    5.47094040e+01 5.41661835e+01 5.62839775e+01 5.52305412e+01
    5.48907127e+01 5.37034760e+01 5.28611450e+01 5.27233696e+01
    5.32526817e+01 5.36004105e+01 5.24871483e+01 5.19359436e+01
    5.23077736e+01 5.51384888e+01 5.32596359e+01 5.15204659e+01
    5.21618156e+01 4.95079956e+01 5.02917061e+01 5.10503044e+01
    4.98652458e+01 5.25994225e+01 5.01028175e+01 5.10243530e+01
    5.05163765e+01 4.90909576e+01 5.17510872e+01 5.08378792e+01
    4.93583794e+01 4.90662689e+01 5.07024765e+01 5.14628181e+01
    4.88805084e+01 5.06774521e+01 5.16667938e+01 5.21548233e+01
    5.29026413e+01 5.58064728e+01 5.38213997e+01 5.25173798e+01
    5.49475594e+01 5.24323082e+01 5.64434052e+01 5.59492073e+01
    5.49213028e+01 5.78586006e+01 5.58056107e+01 5.66350403e+01
    5.67876625e+01 5.72376976e+01 5.44458809e+01 5.63504829e+01
    5.67041321e+01 5.67957382e+01 5.48924484e+01 5.81639862e+01
    5.78486633e+01 5.87273483e+01 5.55379524e+01 5.56700592e+01
    5.68363609e+01 5.68868256e+01 5.60356407e+01 5.59487000e+01
    5.44524689e+01 5.56422997e+01 5.17219009e+01 5.33079109e+01
    5.31363106e+01 5.44550819e+01 5.18091278e+01 5.26954422e+01
    5.53909836e+01 5.22131996e+01 5.18079224e+01 5.15134087e+01
    5.28149529e+01 5.27710876e+01 5.39649582e+01 5.44728622e+01
    5.58916283e+01 5.42023239e+01 5.45105705e+01 5.43050575e+01
    5.43824730e+01 5.25704193e+01 5.28420677e+01 5.53694115e+01
    5.36609077e+01 5.38637619e+01 5.23384476e+01 5.38530388e+01
    5.42191734e+01 5.55861893e+01 5.54429131e+01 5.33751450e+01
    5.41827393e+01 5.23511200e+01 5.49401131e+01 5.13077354e+01
    5.40763321e+01 5.31807442e+01 5.65675926e+01 5.56788025e+01
    5.42974129e+01 5.36285896e+01 5.36162758e+01 5.33961487e+01
    5.30608139e+01 5.18377037e+01 5.35874710e+01 5.30468369e+01
    5.51604004e+01 5.44826698e+01 5.67206039e+01 5.60639229e+01
    5.37034302e+01 5.24824371e+01 5.45103912e+01 5.42695007e+01
    5.56602325e+01 5.27997780e+01 5.47957726e+01 5.53458176e+01
    5.18846359e+01 5.49085426e+01 5.58522377e+01 5.24838028e+01
    5.31001358e+01 5.47589073e+01 5.22063980e+01 5.47396507e+01
    5.42627640e+01 5.59733467e+01 5.47673798e+01 5.78791809e+01
    5.44524498e+01 5.41134186e+01 5.48821144e+01 5.17010384e+01
    5.38256149e+01 5.50685539e+01 5.38717346e+01 5.55910950e+01
    5.67554512e+01 5.89036522e+01 5.88270111e+01 5.55451927e+01
    5.57969017e+01 5.34194145e+01 5.46449394e+01 5.29111214e+01
    5.16038132e+01 5.14025307e+01 5.29650536e+01 5.44565163e+01
    5.35268593e+01 5.25238342e+01 5.31453934e+01 5.66691055e+01
    5.57084351e+01 5.38728943e+01 5.64516983e+01 5.45649338e+01
    5.45951958e+01 5.38693733e+01 5.43008690e+01 5.62540550e+01
    5.63935051e+01 5.90130310e+01 5.35289650e+01 5.20963211e+01
    5.39219093e+01 5.23340721e+01 5.37039337e+01 5.10006218e+01
    5.46841354e+01 5.34075165e+01 5.21068077e+01 5.67759781e+01
    5.44329948e+01 5.28167038e+01 5.13343239e+01 5.42690125e+01
    5.40820274e+01 5.21656799e+01 5.17119217e+01 5.57157669e+01
    5.13981018e+01 5.13739624e+01 5.27150917e+01 5.67709122e+01
    5.51535301e+01 5.56118584e+01 5.21739960e+01 5.38714218e+01
    5.69015427e+01 5.44983788e+01 5.50202065e+01 5.62022552e+01
    5.50039825e+01 5.49624901e+01 5.45153732e+01 5.73222809e+01
    5.66494865e+01 5.82162971e+01 5.30174484e+01 5.54867973e+01
    5.35362587e+01 5.48368378e+01 5.13271446e+01 5.38881912e+01
    5.18968163e+01 5.36498299e+01 5.26389809e+01 5.25972176e+01
    5.42842827e+01 5.43352432e+01 4.94280090e+01 5.16435204e+01
    5.11424866e+01 5.51447296e+01 5.68165436e+01 5.41071701e+01
    5.49300232e+01 5.75840225e+01 5.62793884e+01 5.73566933e+01
    5.60959930e+01 5.57354813e+01 6.05868073e+01 5.58555908e+01
    5.76026039e+01 5.77091599e+01 5.88867989e+01 5.79724808e+01
    5.49864960e+01 5.33534584e+01 5.67376671e+01 5.39150734e+01
    5.44165459e+01 5.14863319e+01 5.51472702e+01 5.23197289e+01
    5.56674538e+01 5.42687912e+01 5.13204994e+01 5.21043625e+01
    5.37585068e+01 5.21655121e+01 5.16334076e+01 5.22964706e+01
    5.62269020e+01 5.20311737e+01 5.10212860e+01 5.17359390e+01
    5.29366302e+01 5.21030121e+01 5.35029259e+01 5.17232170e+01
    4.94591637e+01 5.34898148e+01 5.46041603e+01 5.31477013e+01
    5.14956589e+01 5.37153549e+01 5.25475121e+01 5.38508644e+01
    4.99236298e+01 5.10935440e+01 5.05482445e+01 5.27517853e+01
    4.94986954e+01 4.94255142e+01 5.16729050e+01 5.04804344e+01
    5.35472450e+01 5.06796837e+01 5.09521408e+01 5.20643692e+01
    5.38263855e+01 5.23856430e+01 5.25929031e+01 5.63449974e+01
    5.60980225e+01 5.73748589e+01 5.47664871e+01 5.55914803e+01
    5.72963028e+01 5.54744682e+01 5.38934593e+01 5.68883057e+01
    5.51104088e+01 5.81668625e+01 5.71822662e+01 5.77802773e+01
    5.71474915e+01 5.74334831e+01 5.60628357e+01 5.53994560e+01
    5.31295357e+01 5.41040421e+01 5.59447556e+01 5.71989098e+01
    5.36969376e+01 5.51205978e+01 5.36548233e+01 5.58789444e+01
    5.05831337e+01 5.07604980e+01 5.14799576e+01 5.17656708e+01
    5.08714790e+01 5.25101967e+01 5.21672211e+01 5.46493073e+01
    5.44976768e+01 5.47390823e+01 5.47161102e+01 5.43310699e+01
    5.51641884e+01 5.31432076e+01 5.59828835e+01 5.50637817e+01
    5.09357643e+01 5.29204521e+01 5.51245155e+01 5.17815819e+01
    5.37250977e+01 5.02494469e+01 5.36319962e+01 5.38011894e+01
    5.32109985e+01 5.15711441e+01 5.59443588e+01 5.18302193e+01
    5.39362411e+01 5.62512589e+01 5.53836708e+01 5.61026840e+01
    5.38970985e+01 5.77071266e+01 5.51303139e+01 5.41182785e+01
    5.41702232e+01 5.60571136e+01 5.34810638e+01 5.23931847e+01
    5.07867241e+01 5.38464699e+01 5.53648300e+01 5.62464600e+01
    5.32905693e+01 5.33749657e+01 5.57063370e+01 5.56687050e+01
    5.19567299e+01 5.53689690e+01 5.33447418e+01 5.31900368e+01
    5.32360191e+01 5.43853874e+01 5.59590187e+01 5.64261017e+01
    5.25230560e+01 5.60200577e+01 5.48255348e+01 5.27704468e+01
    5.33046188e+01 5.41664162e+01 5.30834732e+01 5.33392105e+01
    5.20577507e+01 5.07158203e+01 5.54865036e+01 5.60991440e+01
    5.40688782e+01 5.53935699e+01 5.55691185e+01 5.38761063e+01
    5.48932648e+01 5.54408569e+01 5.75017433e+01 5.62842331e+01
    5.69314194e+01 5.70721664e+01 5.63123322e+01 5.95920792e+01
    6.12802467e+01 5.81775284e+01 5.52018089e+01 5.44557419e+01
    5.26808853e+01 5.51041031e+01 5.37685699e+01 5.32174149e+01
    5.30945091e+01 5.29829636e+01 5.77316666e+01 5.44502449e+01
    5.33225784e+01 5.61882095e+01 5.51041565e+01 5.46384659e+01
    5.34113960e+01 5.66543579e+01 5.63550453e+01 5.64983597e+01
    5.53071976e+01 5.74434967e+01 5.94625244e+01 5.69683266e+01
    5.49176254e+01 5.27639961e+01 5.32910728e+01 5.34705315e+01
    5.38953209e+01 5.18653831e+01 5.14062767e+01 5.38367462e+01
    5.28548737e+01 5.18578377e+01 5.38857536e+01 5.46984482e+01
    5.14372597e+01 5.21563911e+01 5.48449783e+01 5.42208900e+01
    5.41706619e+01 5.25092010e+01 5.36790352e+01 5.42488823e+01
    5.45533447e+01 5.50190964e+01 5.78398323e+01 5.40588913e+01
    5.44258842e+01 5.31319504e+01 5.30114174e+01 5.59454193e+01
    5.66057014e+01 5.50771294e+01 5.59282684e+01 5.59463921e+01
    5.63054123e+01 5.73588600e+01 5.43133087e+01 5.75214081e+01
    5.44505157e+01 5.28801994e+01 5.44429512e+01 5.56261139e+01
    5.19905663e+01 5.38083534e+01 5.15130196e+01 5.45825195e+01
    5.16808243e+01 5.19291077e+01 5.49913368e+01 5.43519096e+01
    5.20403557e+01 5.46348839e+01 5.57005043e+01 5.37490883e+01
    5.38592567e+01 5.60690422e+01 5.68816833e+01 5.70123787e+01
    5.88720856e+01 6.09119644e+01 5.78232269e+01 5.93688049e+01
    5.75927963e+01 5.75453491e+01 5.76118355e+01 5.85271454e+01
    5.57152214e+01 5.66175804e+01 5.48037910e+01 5.47585526e+01
    5.62924423e+01 5.67186012e+01 5.28234062e+01 5.49122314e+01
    5.10138206e+01 5.20295181e+01 5.31957855e+01 5.58131332e+01
    5.24058571e+01 5.10743904e+01 5.14905014e+01 5.33567162e+01
    4.99376144e+01 5.24599495e+01 5.06828003e+01 5.22627411e+01
    4.81031265e+01 5.17538986e+01 5.07154007e+01 5.33843307e+01
    5.05090561e+01 5.13937340e+01 5.09413872e+01 5.07599831e+01
    5.20265465e+01 5.43461113e+01 5.25047455e+01 5.22986107e+01
    5.01994171e+01 5.20376549e+01 5.28694496e+01 4.95527039e+01
    5.00403481e+01 5.20430984e+01 4.98797112e+01 5.02147942e+01
    4.98199959e+01 5.08992462e+01 5.33431740e+01 5.20263824e+01
    5.07987556e+01 5.33648491e+01 5.29700050e+01 5.26772652e+01
    5.30802116e+01 5.61914673e+01 5.49839020e+01 5.40307655e+01
    5.44170799e+01 5.38205528e+01 5.96519470e+01 5.62355766e+01
    5.59243774e+01 5.46687469e+01 5.48254318e+01 5.51102448e+01
    5.68395882e+01 5.37241592e+01 5.66253510e+01 5.67355728e+01
    5.48154297e+01 5.47294655e+01 5.27441788e+01 5.59822006e+01
    5.45983925e+01 5.51583672e+01 5.27049103e+01 5.26849670e+01
    5.38218460e+01 5.37002220e+01 5.16942520e+01 5.36750107e+01
    5.15114479e+01 5.39827271e+01 5.27448921e+01 5.29517899e+01
    5.32656326e+01 5.51593094e+01 5.30474281e+01 5.51522827e+01
    5.35661011e+01 5.40393867e+01 5.53930740e+01 5.63140717e+01
    5.54322472e+01 5.57718239e+01 5.34489059e+01 5.50826302e+01
    5.49721794e+01 5.29454346e+01 5.12684631e+01 5.13821907e+01
    5.35933990e+01 5.46913948e+01 5.32930527e+01 5.10998192e+01
    5.61316376e+01 5.58192139e+01 5.35378265e+01 5.62024193e+01
    5.59272461e+01 5.47896957e+01 5.50668526e+01 5.34836617e+01
    5.72418442e+01 5.67634354e+01 5.80477562e+01 5.67130737e+01
    5.62622948e+01 5.57188492e+01 5.64775734e+01 5.52487335e+01
    5.45607872e+01 5.53223381e+01 5.41061287e+01 5.27562180e+01
    5.47412758e+01 5.31791344e+01 5.37536621e+01 5.52691917e+01
    5.39588852e+01 5.41201591e+01 5.26535873e+01 5.32748756e+01
    5.48817673e+01 5.55550270e+01 5.46326485e+01 5.41992912e+01
    5.36049461e+01 5.26106606e+01 5.40695000e+01 5.50981293e+01
    5.41791382e+01 5.16281433e+01 5.46418457e+01 5.23327637e+01
    5.44691887e+01 5.51108322e+01 5.55233154e+01 5.65606461e+01
    5.86442375e+01 5.62095490e+01 5.59856415e+01 5.56675873e+01
    6.11290550e+01 5.60280457e+01 5.46976204e+01 5.65579071e+01
    5.80857124e+01 5.74747925e+01 5.89483185e+01 5.67016907e+01
    5.52898636e+01 5.39412155e+01 5.46386070e+01 5.57243767e+01
    5.43951683e+01 5.56520119e+01 5.49393806e+01 5.49136887e+01
    5.82605438e+01 5.73385124e+01 5.31136932e+01 5.62418976e+01
    5.49362831e+01 5.61012993e+01 5.66061478e+01 5.81843948e+01
    5.75055504e+01 5.77533798e+01 5.81651726e+01 5.96073761e+01
    5.72652512e+01 5.85606079e+01 5.70186501e+01 5.65464287e+01
    5.47837601e+01 5.45911751e+01 5.37879791e+01 5.36400452e+01
    5.41132584e+01 5.19287262e+01 5.37893333e+01 5.37688713e+01
    5.28115768e+01 5.35145454e+01 5.51082497e+01 5.37645874e+01
    5.51800613e+01 5.39252319e+01 5.60918999e+01 5.38280945e+01
    5.11745911e+01 5.32737045e+01 5.37902145e+01 5.45999184e+01
    5.57087784e+01 5.57220268e+01 5.45433578e+01 5.64929543e+01
    5.36759567e+01 5.68272667e+01 5.70789413e+01 5.51525459e+01
    5.42742119e+01 5.40972557e+01 5.25495033e+01 5.69389725e+01
    5.41499214e+01 5.31319237e+01 5.72401657e+01 5.41830711e+01
    5.26692886e+01 5.45728455e+01 5.49498367e+01 5.28114700e+01
    5.22073898e+01 5.34408798e+01 5.51472931e+01 5.04321976e+01
    5.24300003e+01 5.48511162e+01 5.28375854e+01 5.56794777e+01
    5.08355064e+01 5.47349701e+01 5.65316925e+01 5.62248878e+01
    5.70026245e+01 5.65335236e+01 5.76385078e+01 6.15297050e+01
    5.72918701e+01 5.50549774e+01 5.57887192e+01 5.63522415e+01
    5.54168167e+01 5.68439255e+01 5.73973770e+01 5.82946014e+01
    5.53641701e+01 5.40603867e+01 5.73065720e+01 5.60005417e+01
    5.21296425e+01 5.21116409e+01 5.62506371e+01 5.31568832e+01
    5.09991188e+01 5.29219398e+01 5.33806267e+01 5.07817345e+01
    5.15173187e+01 5.34316444e+01 5.06586113e+01 5.19724388e+01
    5.16739197e+01 5.39083366e+01 5.12383537e+01 5.29879570e+01
    5.14594574e+01 5.29714203e+01 5.30286865e+01 4.99345627e+01
    5.21230164e+01 5.25559006e+01 5.08266029e+01 5.12559471e+01
    5.24031677e+01 5.30710945e+01 5.22945976e+01 5.42554245e+01
    5.53701897e+01 5.27943916e+01 5.02082138e+01 5.03503838e+01
    5.10852051e+01 4.81229019e+01 4.99305344e+01 4.86945038e+01
    5.20074768e+01 5.17192345e+01 4.96858101e+01 4.96540146e+01
    5.31374550e+01 5.09674797e+01 5.23995819e+01 5.39933853e+01
    5.69436989e+01 5.61811028e+01 5.42118988e+01 5.76299858e+01
    5.62083778e+01 5.40119934e+01 5.46340981e+01 5.90220261e+01
    5.51370430e+01 5.65899391e+01 5.59892998e+01 5.79339409e+01
    5.44262161e+01 5.37317009e+01 5.40776329e+01 5.61143303e+01
    5.13345070e+01 5.37462120e+01 5.27347832e+01 5.47612762e+01
    5.30481415e+01 5.38089523e+01 5.18694954e+01 5.55826874e+01
    4.92089195e+01 5.05084419e+01 5.37035904e+01 5.24958153e+01
    5.34368668e+01 5.37474480e+01 5.31969109e+01 5.40198212e+01
    5.57508163e+01 5.37869492e+01 5.26646996e+01 5.40322647e+01
    5.54737206e+01 5.37499046e+01 5.39106636e+01 5.47496071e+01
    5.64598885e+01 5.27537346e+01 5.37963486e+01 5.38282166e+01
    5.30806808e+01 5.11582146e+01 5.36707497e+01 5.51060257e+01
    5.46628304e+01 5.37686119e+01 5.40334473e+01 5.52810898e+01
    5.58667450e+01 5.64906960e+01 5.60928078e+01 5.35504303e+01
    5.43356400e+01 5.45482063e+01 5.69048271e+01 5.57637863e+01
    5.61603508e+01 5.66216621e+01 5.40695190e+01 5.46353722e+01
    5.47450333e+01 5.37567940e+01 5.43483734e+01 5.52013283e+01
    5.52806969e+01 5.45939293e+01 5.65000381e+01 5.58952866e+01
    5.54111671e+01 5.59182053e+01 5.56459732e+01 5.45695953e+01
    5.61849442e+01 5.40286102e+01 5.67904816e+01 5.51552391e+01
    5.38473091e+01 5.71254692e+01 5.49847832e+01 5.30492630e+01
    5.36491814e+01 5.41674156e+01 5.41191559e+01 5.28586273e+01
    5.31235924e+01 5.31192856e+01 5.31519737e+01 5.79973450e+01
    5.66711922e+01 5.85140572e+01 5.51192703e+01 5.44297562e+01
    5.40352440e+01 5.46277161e+01 5.64519577e+01 5.75534592e+01
    5.35257607e+01 5.53605499e+01 5.81538010e+01 5.81369591e+01
    6.02913704e+01 5.61208611e+01 5.89132042e+01 5.97923622e+01
    5.67580757e+01 5.48760757e+01 5.40523949e+01 5.29454803e+01
    5.62995377e+01 5.54924850e+01 5.50323830e+01 5.51609268e+01
    5.71425095e+01 5.63445358e+01 5.80160789e+01 5.66051598e+01
    5.85401230e+01 5.75019875e+01 5.67612610e+01 5.68957405e+01
    5.84483910e+01 5.85631866e+01 6.04285202e+01 5.73763962e+01
    6.11015129e+01 5.73477745e+01 5.82151299e+01 5.69792442e+01
    5.74604721e+01 5.65782242e+01 5.36983070e+01 5.59715919e+01
    5.64265022e+01 5.69387093e+01 5.87246933e+01 5.69309769e+01
    5.68625641e+01 5.63529739e+01 5.59436035e+01 5.35456276e+01
    5.41941681e+01 5.29822197e+01 5.32054787e+01 5.45463638e+01
    4.98428917e+01 5.35921936e+01 5.55065193e+01 5.49193954e+01
    5.41485939e+01 5.44879532e+01 5.20107574e+01 5.44071732e+01
    5.39381447e+01 5.21372643e+01 5.35407219e+01 5.42488480e+01
    5.35237541e+01 5.73468246e+01 5.67608566e+01 5.55205879e+01
    5.41375351e+01 5.55032654e+01 5.32554359e+01 5.32147255e+01
    5.33121376e+01 5.52084808e+01 5.11438522e+01 5.12416573e+01
    5.24137993e+01 5.54663315e+01 5.26140175e+01 5.40536308e+01
    5.36876755e+01 5.41515656e+01 5.35145340e+01 5.56979294e+01
    5.44989624e+01 5.32497368e+01 5.59663239e+01 5.77370300e+01
    5.79511490e+01 5.97049370e+01 5.89118958e+01 5.76799431e+01
    5.89247322e+01 5.81282539e+01 5.77821579e+01 5.86258698e+01
    5.67182312e+01 5.76978912e+01 5.70378571e+01 5.56380043e+01
    5.50827408e+01 5.49683113e+01 5.48168449e+01 5.23566704e+01
    5.29745750e+01 5.38699265e+01 5.37587852e+01 5.27407951e+01
    5.40065994e+01 4.95285378e+01 5.00049553e+01 4.95852623e+01
    5.13142967e+01 5.13562355e+01 5.04682045e+01 5.18083420e+01
    5.31613312e+01 4.97605858e+01 5.05385551e+01 5.12245979e+01
    5.22688484e+01 4.87190819e+01 5.26052170e+01 5.33123169e+01
    5.65700912e+01 5.45898666e+01 5.29742126e+01 5.45669594e+01
    5.24983788e+01 5.20168266e+01 5.02797699e+01 4.82631073e+01
    4.86786804e+01 5.02666359e+01 4.86438332e+01 5.15723343e+01
    4.91761856e+01 4.86693230e+01 4.88654861e+01 5.03115196e+01
    5.10815353e+01 5.08887749e+01 4.75385666e+01 5.39572334e+01
    5.43391724e+01 5.40359612e+01 5.30254784e+01 5.63423424e+01
    5.48864975e+01 5.44012642e+01 5.44576073e+01 5.47035294e+01
    5.69264603e+01 5.72881317e+01 5.46390533e+01 5.54569855e+01
    5.36926270e+01 5.82138901e+01 5.68447495e+01 5.46119194e+01
    5.33596649e+01 5.57721100e+01 5.28057747e+01 5.29969368e+01
    5.46851120e+01 5.59094849e+01 5.50389137e+01 5.22351265e+01
    5.18094368e+01 5.48328056e+01 5.18219757e+01 5.08164978e+01
    5.07233009e+01 5.32299652e+01 5.22064362e+01 5.27348900e+01
    5.21631508e+01 5.01478386e+01 5.33825569e+01 5.30135460e+01
    5.11636620e+01 5.44764404e+01 5.48659897e+01 5.55637321e+01
    5.40177345e+01 5.21187744e+01 5.39170380e+01 5.15155754e+01
    5.12344208e+01 5.30575638e+01 5.19908218e+01 5.22427292e+01
    5.50449524e+01 5.68415184e+01 5.47742462e+01 5.42096291e+01
    5.68103676e+01 5.54824333e+01 5.32792358e+01 5.68690071e+01
    5.53214798e+01 5.53876076e+01 5.41455574e+01 5.60218010e+01
    5.68339577e+01 5.51771622e+01 5.51048889e+01 5.84532814e+01
    5.59454422e+01 5.65835152e+01 5.66621094e+01 5.55629387e+01
    5.70060272e+01 5.95018616e+01 5.78795128e+01 5.82173653e+01
    5.62451973e+01 5.63533249e+01 5.55974655e+01 5.63874855e+01
    5.42568474e+01 5.67950172e+01 5.71160507e+01 5.70698204e+01
    5.67225685e+01 5.80171661e+01 5.44984398e+01 5.77275467e+01
    5.38689995e+01 5.20396271e+01 5.42519264e+01 5.57789040e+01
    5.32593269e+01 5.27224960e+01 5.37506180e+01 5.42181396e+01
    5.12941437e+01 5.27545280e+01 5.53950272e+01 5.32048836e+01
    5.11829453e+01 5.41374512e+01 5.66211357e+01 5.37753677e+01
    5.61317978e+01 5.65849571e+01 5.67574692e+01 5.68504829e+01
    5.92263603e+01 5.64786682e+01 6.09203758e+01 5.68501129e+01
    5.55666237e+01 5.59891129e+01 5.60466652e+01 5.53780136e+01
    5.58069534e+01 5.34024925e+01 5.49276123e+01 5.60308800e+01
    5.48820457e+01 5.63181686e+01 5.31667252e+01 5.40300407e+01
    5.67589760e+01 5.66779823e+01 5.57171631e+01 5.73020935e+01
    5.67748260e+01 5.85536766e+01 5.71447258e+01 5.77436142e+01
    5.85098305e+01 5.81202354e+01 5.85940971e+01 5.87381554e+01
    5.53160744e+01 5.61056213e+01 5.78298759e+01 5.53182716e+01
    5.59337959e+01 5.34134140e+01 5.52507515e+01 5.55875893e+01
    5.60807686e+01 5.52133484e+01 5.26912308e+01 5.54351768e+01
    5.40934753e+01 5.79816628e+01 5.78372345e+01 5.36125832e+01
    5.25236588e+01 5.64842262e+01 5.48356094e+01 5.50059204e+01
    5.63389359e+01 5.26943283e+01 5.22745438e+01 5.36995697e+01
    5.40385170e+01 5.39413376e+01 5.59397354e+01 4.93822517e+01
    5.43545761e+01 5.53040695e+01 5.23118477e+01 5.37276955e+01
    5.14269753e+01 5.33957367e+01 5.32756767e+01 5.17697983e+01
    5.13821831e+01 5.38961220e+01 5.27370529e+01 5.22811737e+01
    5.15052795e+01 5.41069832e+01 5.42209129e+01 5.40408287e+01
    5.49773369e+01 5.42100525e+01 5.23557014e+01 5.34941254e+01
    5.12377586e+01 5.46040421e+01 5.44860992e+01 5.53775673e+01
    5.43444557e+01 5.61210327e+01 5.89506264e+01 5.91085129e+01
    5.79809380e+01 5.99074364e+01 5.77619667e+01 5.71334000e+01
    5.78286743e+01 5.77408333e+01 5.73526115e+01 5.92638435e+01
    5.59447632e+01 5.62848701e+01 5.48553772e+01 5.43428841e+01
    5.44909897e+01 5.21638718e+01 5.26940231e+01 5.44209824e+01
    5.10383644e+01 5.18494644e+01 5.16949730e+01 5.03729553e+01
    4.66899605e+01 4.98231583e+01 5.06825752e+01 5.12390900e+01
    4.82230072e+01 4.95402679e+01 5.03358002e+01 5.18716202e+01
    5.02732048e+01 5.41564598e+01 5.15054169e+01 5.13668556e+01
    5.28112564e+01 5.47048111e+01 5.10587311e+01 5.07602615e+01
    5.24999046e+01 5.31205444e+01 5.00421791e+01 5.23396912e+01
    5.21689606e+01 5.13571777e+01 5.09873581e+01 5.11113663e+01
    4.94477654e+01 4.92214890e+01 4.77568207e+01 4.83124771e+01
    5.02905159e+01 4.77698975e+01 4.99552536e+01 5.19861412e+01
    5.02478981e+01 5.07388382e+01 5.10063782e+01 5.29013557e+01
    5.00460014e+01 5.42770042e+01 5.48831978e+01 5.47043953e+01
    5.67113190e+01 5.35786171e+01 5.50129814e+01 5.58980484e+01
    5.33757591e+01 5.51495132e+01 5.74353409e+01 5.49498177e+01
    5.54218407e+01 5.49344444e+01 5.45935936e+01 5.58106422e+01
    5.49415932e+01 5.46971321e+01 5.45918999e+01 5.16807327e+01
    5.29409103e+01 5.13971939e+01 5.34991188e+01 5.25978432e+01
    5.31368752e+01 4.95619812e+01 4.90697021e+01 5.21714439e+01
    5.34373207e+01 5.13344727e+01 5.21082230e+01 5.28961487e+01
    5.18820305e+01 5.27157516e+01 5.05697937e+01 5.23142776e+01
    5.59796982e+01 5.45690613e+01 5.65754471e+01 5.49110870e+01
    5.51841736e+01 5.66514740e+01 5.26373901e+01 5.53651199e+01
    5.58198738e+01 5.31186028e+01 5.38443222e+01 5.72131348e+01
    5.30286293e+01 5.23167343e+01 5.58819771e+01 5.56587639e+01
    5.38663673e+01 5.47404518e+01 5.55471916e+01 5.50371628e+01
    5.37020569e+01 5.32782784e+01 5.45095863e+01 5.60536652e+01
    5.60771790e+01 5.80232773e+01 5.63094101e+01 5.50758743e+01
    5.67171021e+01 5.60225105e+01 5.55299873e+01 5.64301796e+01
    5.79467468e+01 5.56798630e+01 5.46359673e+01 5.59222717e+01
    5.70556488e+01 5.77730293e+01 5.65524864e+01 5.60827751e+01
    5.59493675e+01 5.56892853e+01 5.77963142e+01 5.52259674e+01
    5.41740074e+01 5.45417061e+01 5.69997406e+01 5.05323944e+01
    5.39189072e+01 5.44971886e+01 5.36085472e+01 5.00820084e+01
    5.20054970e+01 5.05487709e+01 5.33985977e+01 5.02699280e+01
    5.47751236e+01 5.53946648e+01 5.52455101e+01 5.33439560e+01
    5.67308998e+01 5.49010239e+01 5.60377808e+01 5.73812408e+01
    5.72046776e+01 5.58145981e+01 5.57740021e+01 5.70570221e+01
    5.79061737e+01 5.70410995e+01 5.56892242e+01 5.65580902e+01
    5.59429970e+01 5.59739075e+01 5.50670166e+01 5.36760216e+01
    5.37165108e+01 5.55825539e+01 5.50025711e+01 5.44485703e+01
    5.74599915e+01 5.60286102e+01 5.97839661e+01 5.72170105e+01
    5.73334045e+01 5.70222549e+01 5.71014175e+01 5.65161667e+01
    5.71865311e+01 5.65364685e+01 5.94377289e+01 6.13567543e+01
    5.86207962e+01 5.48571014e+01 5.46222687e+01 5.58099403e+01
    5.60917892e+01 5.60465431e+01 5.23076515e+01 5.30348244e+01
    5.33120651e+01 5.40112495e+01 5.70794907e+01 5.40381584e+01
    5.50992966e+01 5.45011520e+01 5.47799339e+01 5.41908264e+01
    5.50018234e+01 5.39589081e+01 5.25536156e+01 5.61707306e+01
    5.58312492e+01 5.42731018e+01 5.48487015e+01 5.50519485e+01
    5.37121124e+01 5.34833107e+01 5.25320625e+01 5.48051720e+01
    5.42235794e+01 5.15280800e+01 5.10699806e+01 4.95014267e+01
    5.14683647e+01 5.19591293e+01 5.36244354e+01 5.14575768e+01
    5.36900520e+01 4.95256462e+01 5.27638512e+01 5.25004044e+01
    5.07493629e+01 5.23074150e+01 5.22843971e+01 5.12633247e+01
    5.52728424e+01 5.41341515e+01 5.47638969e+01 5.42747955e+01
    5.49777451e+01 5.23678780e+01 5.28576927e+01 5.73032074e+01
    5.89537811e+01 5.72846413e+01 5.68966866e+01 5.73274498e+01
    6.12290916e+01 5.92573318e+01 5.80728722e+01 5.58570518e+01
    5.81775360e+01 5.93146477e+01 5.78432198e+01 5.68798599e+01
    6.12275810e+01 5.75065346e+01 5.53071976e+01 5.56853790e+01
    5.73965797e+01 5.52174072e+01 5.39506226e+01 4.98429451e+01
    5.31373177e+01 5.25845490e+01 5.40176010e+01 5.16027679e+01
    5.16940002e+01 5.00138550e+01 5.03290215e+01 4.71128044e+01
    4.75983047e+01 4.83987236e+01 4.87593651e+01 5.00902824e+01
    5.17044525e+01 5.19977875e+01 5.22544403e+01 5.40334930e+01
    5.49723740e+01 5.01686821e+01 5.04226303e+01 5.07301292e+01
    5.44232292e+01 5.21526108e+01 5.03537254e+01 5.54332161e+01
    5.31927338e+01 5.01612854e+01 5.25658760e+01 4.82701874e+01
    4.98409920e+01 4.97668571e+01 4.82178879e+01 4.67371216e+01
    4.78862190e+01 4.93154640e+01 5.15054436e+01 4.92453499e+01
    4.95862846e+01 5.23710747e+01 5.08867111e+01 5.24619102e+01
    5.21500092e+01 5.19862251e+01 5.44185448e+01 5.37688179e+01
    5.40122185e+01 5.51149139e+01 5.51049843e+01 5.53176193e+01
    5.45720749e+01 5.48667488e+01 5.38571320e+01 5.49036484e+01
    5.58848076e+01 5.57717705e+01 5.67120934e+01 5.46539116e+01
    5.55179596e+01 5.58557968e+01 5.17199745e+01 5.20652962e+01
    5.10971146e+01 5.42494431e+01 5.15464096e+01 5.27046051e+01
    5.32616653e+01 5.36350250e+01 5.10975304e+01 5.17281952e+01
    5.15032578e+01 5.15396461e+01 5.39469109e+01 5.20764732e+01
    5.14938431e+01 5.32173042e+01 5.31208725e+01 5.36025810e+01
    5.35936966e+01 5.32421608e+01 5.38775978e+01 5.59342651e+01
    5.47550850e+01 5.39428444e+01 5.54319801e+01 5.30850067e+01
    5.30869141e+01 5.20176239e+01 5.24167519e+01 5.35084496e+01
    5.47394447e+01 5.57656326e+01 5.31040764e+01 5.28758545e+01
    5.47467728e+01 5.43746681e+01 5.47155724e+01 5.37774925e+01
    5.50648537e+01 5.39994392e+01 5.48525162e+01 5.60182343e+01
    5.55774803e+01 5.78521156e+01 5.46712456e+01 5.60028687e+01
    5.73197861e+01 5.32400551e+01 5.44036827e+01 5.51731415e+01
    5.74331856e+01 5.61781654e+01 5.74632187e+01 5.69230385e+01
    5.84726448e+01 5.42171860e+01 5.60706444e+01 5.43454933e+01
    5.49099998e+01 5.59751205e+01 5.68953972e+01 5.31080399e+01
    5.64169884e+01 5.69788742e+01 5.59760170e+01 5.25760460e+01
    5.54636497e+01 5.31332359e+01 5.19196091e+01 5.21274071e+01
    5.53436928e+01 5.34005013e+01 5.21525345e+01 5.33118401e+01
    5.37535515e+01 5.50650139e+01 5.48234482e+01 5.42021713e+01
    5.39052658e+01 5.58403931e+01 5.75302238e+01 5.61189270e+01
    5.53858414e+01 5.56130714e+01 5.83026581e+01 5.69271812e+01
    5.84692802e+01 5.46024437e+01 5.78354568e+01 5.53220177e+01
    5.43014183e+01 5.52315140e+01 5.44674034e+01 5.38328056e+01
    5.42054710e+01 4.96623955e+01 5.26765938e+01 5.25594788e+01
    5.31954536e+01 5.46465492e+01 5.37088661e+01 5.26132622e+01
    5.57062340e+01 5.46876602e+01 5.51159401e+01 5.51237755e+01
    5.38292809e+01 5.67143021e+01 5.65001030e+01 5.82050705e+01
    5.91895638e+01 5.89418526e+01 5.85087814e+01 5.63556824e+01
    5.40588303e+01 5.76694412e+01 5.94908180e+01 5.72508888e+01
    5.34767342e+01 5.45625343e+01 5.58413658e+01 5.50836945e+01
    5.44504929e+01 5.50533142e+01 5.43714142e+01 5.68358383e+01
    5.52954254e+01 5.64118996e+01 5.58032608e+01 5.59018097e+01
    5.48741074e+01 5.65144119e+01 5.05326271e+01 5.39689484e+01
    5.72010269e+01 5.42704391e+01 5.49853630e+01 5.38680077e+01
    4.95975647e+01 5.45513573e+01 5.37337189e+01 5.11330948e+01
    5.16160164e+01 5.18694725e+01 5.33160706e+01 5.45391769e+01
    5.31595039e+01 5.63943634e+01 5.25892677e+01 5.01894302e+01
    5.10477409e+01 5.54500504e+01 5.08595200e+01 5.36310463e+01
    5.10606232e+01 5.30194092e+01 5.45896454e+01 5.44506187e+01
    5.32718544e+01 5.61677361e+01 5.48567886e+01 5.70604591e+01
    5.21514587e+01 5.71650162e+01 5.80249290e+01 5.84477997e+01
    5.71021461e+01 5.66871452e+01 5.94586258e+01 5.86230583e+01
    5.81916618e+01 5.90780449e+01 5.87215385e+01 5.57965965e+01
    6.04820213e+01 5.69612427e+01 5.72590561e+01 5.87251129e+01
    5.65606575e+01 5.41136017e+01 5.49655228e+01 5.61374207e+01
    5.52643890e+01 5.23724289e+01 5.21627159e+01 5.46388969e+01
    5.53317566e+01 5.31972847e+01 5.11289520e+01 5.07686958e+01
    5.10036049e+01 5.15680580e+01 5.05563774e+01 5.13483810e+01
    4.96871338e+01 4.89821281e+01 5.08292732e+01 5.42883492e+01
    4.82871094e+01 5.10165100e+01 5.18497963e+01 5.25665665e+01
    5.09945717e+01 4.89860420e+01 5.26756363e+01 5.62601204e+01
    5.06184387e+01 5.24723778e+01 5.08892784e+01 5.06690025e+01
    5.19215927e+01 5.06523666e+01 4.74067574e+01 4.85529709e+01
    4.91603699e+01 5.01731300e+01 4.87045364e+01 4.93395691e+01
    5.08481369e+01 5.00292969e+01 4.94301453e+01 5.04673271e+01
    5.05829887e+01 4.99206886e+01 5.18495941e+01 5.23306122e+01
    5.46433449e+01 5.36028595e+01 5.39526253e+01 5.24660759e+01
    5.24604645e+01 5.39666748e+01 5.43738174e+01 5.35545044e+01
    5.17113991e+01 5.59130173e+01 5.52586746e+01 5.69067116e+01
    5.46631813e+01 5.52935333e+01 5.24922104e+01 5.64022675e+01
    5.47178993e+01 5.45703583e+01 5.47787971e+01 5.11584396e+01
    5.15008163e+01 5.18653908e+01 5.07911491e+01 5.17453651e+01
    5.01907310e+01 5.49642258e+01 5.17914352e+01 5.02824059e+01
    5.13186569e+01 5.10312271e+01 5.16100311e+01 5.43021126e+01
    5.29821892e+01 5.21461792e+01 5.26374855e+01 5.43317909e+01
    5.04956589e+01 5.27928314e+01 5.36645546e+01 5.17304916e+01
    5.11046600e+01 5.34919243e+01 5.05209885e+01 5.12501068e+01
    5.31305618e+01 5.39510612e+01 5.37461395e+01 5.71311455e+01
    5.33312874e+01 5.42240868e+01 5.58569183e+01 5.65506363e+01
    5.36822739e+01 5.51839943e+01 5.52603416e+01 5.87679214e+01
    5.64788284e+01 5.61128654e+01 5.57701645e+01 5.62698517e+01
    5.45729027e+01 5.62015572e+01 5.38338623e+01 5.62565765e+01
    5.25894661e+01 5.56501808e+01 5.44805450e+01 5.75101204e+01
    5.45767136e+01 5.27318497e+01 5.58637695e+01 5.49470520e+01
    5.30478630e+01 5.49367943e+01 5.58870392e+01 5.48549423e+01
    5.44471893e+01 5.50462990e+01 5.15522118e+01 5.50747032e+01
    5.35676880e+01 5.30427895e+01 5.10915298e+01 5.17414474e+01
    5.37041206e+01 5.42345619e+01 5.35726242e+01 5.25304565e+01
    5.46417961e+01 5.50567932e+01 5.36889343e+01 5.24388046e+01
    5.58762512e+01 5.51080589e+01 5.39920616e+01 5.42042770e+01
    5.60013504e+01 5.57299232e+01 5.61936646e+01 5.64761696e+01
    5.79071083e+01 5.88508797e+01 5.86072044e+01 5.50524292e+01
    5.61076546e+01 5.65008163e+01 5.15306778e+01 5.38699646e+01
    5.17972641e+01 4.94728165e+01 5.37976227e+01 5.21743469e+01
    5.07222137e+01 5.37679253e+01 5.07292404e+01 5.26299248e+01
    5.34968071e+01 5.22391319e+01 5.34148636e+01 5.48332520e+01
    5.48349762e+01 5.75710373e+01 5.38429985e+01 5.51017036e+01
    5.67117157e+01 5.76809464e+01 5.66753159e+01 5.68029251e+01
    5.72669678e+01 5.48337288e+01 5.37984581e+01 5.63491096e+01
    5.72265244e+01 5.50376816e+01 5.29011688e+01 5.45784836e+01
    5.54743271e+01 5.48052139e+01 5.50410042e+01 5.60957375e+01
    5.81776886e+01 5.63838577e+01 5.44141998e+01 5.42507057e+01
    5.57876358e+01 5.22276497e+01 5.27412529e+01 5.26904373e+01
    5.32173080e+01 5.38287430e+01 5.39258308e+01 5.29660110e+01
    5.49481506e+01 5.07278595e+01 5.16431389e+01 5.25346756e+01
    5.20969124e+01 5.25017052e+01 5.28207359e+01 5.09615364e+01
    5.14666023e+01 5.36617088e+01 5.08427086e+01 5.40159645e+01
    5.38424072e+01 5.19314537e+01 5.31292534e+01 5.30803680e+01
    5.18174133e+01 5.41558762e+01 5.35856934e+01 5.56672516e+01
    5.45659981e+01 5.72382622e+01 5.55415421e+01 5.56903114e+01
    5.55109100e+01 5.49640160e+01 5.53199539e+01 5.39095116e+01
    5.56257019e+01 5.54719696e+01 5.53358574e+01 5.84172287e+01
    6.21376495e+01 6.16398849e+01 5.61731796e+01 5.77777557e+01
    5.87106209e+01 5.70681190e+01 5.72194214e+01 5.88973236e+01
    5.77797279e+01 5.89322624e+01 5.55269623e+01 5.78898087e+01
    5.59146996e+01 5.50061722e+01 5.43694687e+01 5.31940155e+01
    5.25987587e+01 5.25610275e+01 5.43640594e+01 5.45088882e+01
    5.26588936e+01 5.20264511e+01 4.94377251e+01 5.10882072e+01
    5.09270897e+01 5.07429848e+01 5.13542175e+01 4.98338394e+01
    5.11519127e+01 5.27632828e+01 5.28848724e+01 5.39709854e+01
    5.13400803e+01 5.21938782e+01 5.28849258e+01 5.22209816e+01
    5.31991005e+01 5.40395737e+01 5.20359650e+01 5.07379723e+01
    5.32498932e+01 5.37232094e+01 5.53390465e+01 5.19248886e+01
    5.21004372e+01 5.08775978e+01 4.93967552e+01 5.02671585e+01
    4.78463669e+01 4.87544594e+01 5.26390724e+01 4.92978020e+01
    5.09751778e+01 5.13718948e+01 4.91101913e+01 5.42506142e+01
    5.18726273e+01 5.20017586e+01 5.43074989e+01 5.26071129e+01
    5.26345444e+01 5.26543846e+01 5.38122520e+01 5.31841278e+01
    5.28470078e+01 5.30274353e+01 5.39710197e+01 5.28017807e+01
    5.26209564e+01 5.55662766e+01 5.69291000e+01 5.41714897e+01
    5.38793488e+01 5.26642036e+01 5.37645187e+01 5.17334404e+01
    5.35135803e+01 5.24766846e+01 5.48029404e+01 5.27505836e+01
    5.36803246e+01 5.34437065e+01 5.14768028e+01 4.92475967e+01
    5.03387756e+01 5.13381119e+01 5.14012642e+01 5.33907776e+01
    5.11784058e+01 4.99982758e+01 5.11690483e+01 5.12892227e+01
    5.01992111e+01 4.92389755e+01 4.97195473e+01 5.04390945e+01
    5.08470154e+01 5.00507317e+01 5.03142395e+01 5.25348892e+01
    5.31075859e+01 5.12180595e+01 5.28472404e+01 4.97264137e+01
    5.30267181e+01 5.42251167e+01 5.65162392e+01 5.47122269e+01
    5.60062027e+01 5.52555962e+01 5.60281982e+01 5.82535782e+01
    5.44336319e+01 5.50163651e+01 5.75273056e+01 5.47680244e+01
    5.60260773e+01 5.35093880e+01 5.64321709e+01 5.59993744e+01
    5.69229660e+01 5.44029503e+01 5.76265030e+01 5.67336578e+01
    5.68386993e+01 5.52191277e+01 5.68409500e+01 5.51100540e+01
    5.50930519e+01 5.51274147e+01 5.45700150e+01 5.37356071e+01
    5.53803520e+01 5.46945534e+01 5.34124756e+01 5.55497017e+01
    5.51514702e+01 5.65555229e+01 5.62484207e+01 5.25470848e+01
    5.51113472e+01 5.35677414e+01 5.24460526e+01 5.36508713e+01
    5.55526314e+01 5.54126968e+01 5.42279434e+01 5.31739578e+01
    5.62308769e+01 5.40823441e+01 5.31960945e+01 5.60166588e+01
    5.53586426e+01 5.39923172e+01 5.57521477e+01 5.60298882e+01
    5.57660561e+01 5.79826088e+01 5.82179031e+01 5.76612129e+01
    5.66977043e+01 5.46315384e+01 5.55133095e+01 5.56754799e+01
    5.45546379e+01 5.39089737e+01 5.52602234e+01 5.19369507e+01
    5.02810745e+01 4.98379440e+01 4.81634979e+01 5.15786743e+01
    5.12153931e+01 4.96818237e+01 5.16742058e+01 5.16682854e+01
    5.31323547e+01 5.38698502e+01 5.23461761e+01 5.49440079e+01
    5.20255127e+01 5.26734123e+01 5.26052628e+01 5.51452675e+01
    5.51009407e+01 5.50171471e+01 5.69886398e+01 5.78433266e+01
    5.31827431e+01 5.42358780e+01 5.48150139e+01 5.31692238e+01
    5.17651367e+01 5.20773315e+01 5.50113106e+01 5.23260078e+01
    5.24129486e+01 5.41150665e+01 5.33097649e+01 5.55263023e+01
    5.14763603e+01 5.27924271e+01 5.32722702e+01 5.33739738e+01
    5.12429390e+01 5.15300293e+01 5.21685944e+01 5.36580734e+01
    5.43475113e+01 5.41022263e+01 5.32015877e+01 5.35896530e+01
    5.33200912e+01 5.06986809e+01 5.14756126e+01 5.17003822e+01
    5.16519089e+01 5.16411858e+01 5.27935295e+01 5.16835632e+01
    5.32002449e+01 5.34282494e+01 5.21755104e+01 5.36056862e+01
    5.29077530e+01 5.29669495e+01 5.29373055e+01 5.15565681e+01
    5.54263229e+01 5.35935440e+01 5.39556236e+01 5.65444794e+01
    5.72774467e+01 5.62025146e+01 5.53534622e+01 5.40439606e+01
    5.54799042e+01 5.73986702e+01 5.81181870e+01 5.63599510e+01
    6.02324371e+01 5.81602135e+01 5.74075737e+01 6.12604218e+01
    5.70836449e+01 5.60284004e+01 5.90053711e+01 5.59458847e+01
    5.93275146e+01 5.58662148e+01 5.80430832e+01 5.75870399e+01
    5.50188484e+01 5.38036575e+01 5.68279762e+01 5.34597359e+01
    5.32755852e+01 5.35066147e+01 5.55918999e+01 5.30436058e+01
    5.52978058e+01 5.32097778e+01 5.31300621e+01 5.01228218e+01
    5.10934677e+01 5.09903831e+01 5.00620079e+01 5.03769493e+01
    5.06531906e+01 5.03026390e+01 5.06769066e+01 5.14633293e+01
    5.16891823e+01 5.10593491e+01 5.51820335e+01 5.39641228e+01
    5.44832993e+01 5.48569183e+01 5.42535133e+01 5.36811562e+01
    5.36920624e+01 5.44113655e+01 5.44146957e+01 5.41444778e+01
    5.43096657e+01 5.25256538e+01 5.18935471e+01 5.25810204e+01
    5.05184212e+01 5.19125481e+01 5.03042183e+01 5.11552582e+01
    5.14137802e+01 5.19404182e+01 5.12813988e+01 5.25586128e+01
    5.00453987e+01 5.13164711e+01 5.40769691e+01 5.16780510e+01
    5.13921814e+01 5.35024529e+01 5.42226677e+01 5.34270935e+01
    5.19526138e+01 5.43821754e+01 5.23966637e+01 5.14235802e+01
    5.09563751e+01 5.22462654e+01 5.27454033e+01 5.06455078e+01
    5.39494209e+01 5.42964058e+01 5.28666267e+01 5.23832703e+01
    5.37185364e+01 5.52153625e+01 5.47905426e+01 5.63294067e+01
    5.76689568e+01 5.28563652e+01 5.33899765e+01 5.49631310e+01
    5.17977104e+01 5.32560692e+01 5.03027382e+01 5.22930489e+01
    5.36035652e+01 4.93078461e+01 4.84145355e+01 5.02729454e+01
    4.91323853e+01 5.20266571e+01 5.37738609e+01 4.92104416e+01
    5.07316093e+01 5.01529922e+01 5.09712448e+01 5.05070305e+01
    4.96185265e+01 5.05530701e+01 5.34054527e+01 5.10300217e+01
    5.27555656e+01 5.26107407e+01 5.36687622e+01 5.96619949e+01
    5.80397873e+01 5.56755371e+01 5.76720657e+01 5.35614777e+01
    5.69806328e+01 5.41812134e+01 5.49286880e+01 5.69668808e+01
    5.53396111e+01 5.79528046e+01 5.65516930e+01 5.69873657e+01
    5.59592247e+01 5.71187210e+01 5.27740555e+01 5.58068771e+01
    5.29973679e+01 5.61382256e+01 5.60872993e+01 5.85393600e+01
    5.70853386e+01 5.83183861e+01 5.39726295e+01 5.35381889e+01
    5.42480621e+01 5.20296707e+01 5.36119194e+01 5.32021599e+01
    5.55265579e+01 5.48841820e+01 5.44099503e+01 5.47622070e+01
    5.78819504e+01 5.36616287e+01 5.32390709e+01 5.44899559e+01
    5.49585953e+01 5.58408318e+01 5.41366043e+01 5.39134865e+01
    5.60820351e+01 5.52753487e+01 5.34432907e+01 5.61369667e+01
    5.40219841e+01 5.65977859e+01 5.38089066e+01 5.44433365e+01
    5.53267021e+01 5.51243172e+01 5.81806679e+01 5.64643898e+01
    5.88532600e+01 5.54555588e+01 5.63970604e+01 5.61312065e+01
    5.63270721e+01 5.70552940e+01 5.41618385e+01 5.18875275e+01
    5.19462509e+01 5.09764404e+01 5.19305687e+01 5.01207924e+01
    5.19605026e+01 5.11016541e+01 5.14519768e+01 5.17970352e+01
    5.16612320e+01 5.19084892e+01 5.33906403e+01 5.27498589e+01
    5.38134193e+01 5.33180771e+01 5.43379784e+01 5.19917068e+01
    5.60690193e+01 5.33502998e+01 5.47592621e+01 5.38790855e+01
    5.29914665e+01 5.55498047e+01 5.40289497e+01 5.14097900e+01
    5.22846527e+01 5.39739685e+01 5.25778618e+01 4.91352730e+01
    5.04086761e+01 5.21549377e+01 5.29908371e+01 5.32747498e+01
    5.31885452e+01 5.34904022e+01 5.26155739e+01 5.50403290e+01
    5.26857796e+01 5.39701195e+01 5.22060814e+01 5.23999634e+01
    5.34637299e+01 5.45327797e+01 5.47089005e+01 5.47785873e+01
    5.34669609e+01 5.09736977e+01 5.20224648e+01 5.56822014e+01
    5.06122437e+01 5.14789352e+01 5.11534042e+01 5.30558815e+01
    5.48510513e+01 5.38899269e+01 5.20980606e+01 5.55648460e+01
    5.39494896e+01 5.47565308e+01 5.26658440e+01 5.62546997e+01
    5.51949310e+01 5.34552498e+01 5.18073578e+01 5.61008835e+01
    5.59808159e+01 5.49030685e+01 5.31137810e+01 5.76623573e+01
    5.46210289e+01 5.54430504e+01 5.48412132e+01 5.75013084e+01
    5.87004662e+01 5.58811302e+01 5.67185097e+01 5.69731369e+01
    5.89281616e+01 5.78160172e+01 5.71830215e+01 5.79178047e+01
    5.83264771e+01 5.64069786e+01 5.76338730e+01 5.83302956e+01
    5.73358116e+01 5.79722672e+01 5.60644302e+01 5.53528595e+01
    5.50038643e+01 5.66033096e+01 5.47893982e+01 5.33024597e+01
    5.40647278e+01 5.54882431e+01 5.26325073e+01 5.54437714e+01
    5.43208122e+01 5.07374725e+01 5.12535744e+01 5.21095734e+01
    5.27615356e+01 5.18170052e+01 5.01256905e+01 5.24466324e+01
    5.25499573e+01 5.23219604e+01 5.03940353e+01 5.19741554e+01
    5.30425529e+01 5.37903481e+01 5.19368134e+01 5.28149986e+01
    5.36470222e+01 5.33964767e+01 5.29253159e+01 5.45219269e+01
    5.42618370e+01 5.32291527e+01 5.38401413e+01 5.41824570e+01
    5.31590958e+01 5.22109146e+01 5.12284279e+01 5.18669510e+01
    5.04371185e+01 5.06322708e+01 5.17931786e+01 5.16177330e+01
    5.15930099e+01 5.23265724e+01 5.27625122e+01 5.13739319e+01
    5.11344795e+01 5.29768906e+01 5.57239494e+01 4.97297058e+01
    5.37165680e+01 5.36355171e+01 5.16839905e+01 5.35019188e+01
    5.18764801e+01 4.92248383e+01 5.16075325e+01 5.07080040e+01
    5.10012054e+01 5.51671219e+01 5.35478477e+01 5.45910835e+01
    5.47137909e+01 5.33296013e+01 5.31756020e+01 5.55083427e+01
    5.19335175e+01 4.99780693e+01 5.38347282e+01 5.25901642e+01
    5.04321289e+01 5.51542740e+01 5.15535583e+01 5.29191093e+01
    5.04939880e+01 5.02827644e+01 5.16003380e+01 5.29004021e+01
    4.92005081e+01 5.20496330e+01 5.17259064e+01 5.20405502e+01
    4.94592094e+01 5.29805374e+01 5.25475159e+01 4.96715050e+01
    4.81963654e+01 5.16067963e+01 4.98818398e+01 5.02968941e+01
    4.99411430e+01 5.26533508e+01 5.12201653e+01 4.93216515e+01
    5.13267860e+01 5.89719086e+01 5.73324471e+01 5.50103722e+01
    5.18319626e+01 5.50859299e+01 5.33686409e+01 5.48929520e+01
    5.31982460e+01 5.78931465e+01 5.73442307e+01 5.90502319e+01
    5.59730225e+01 5.53286285e+01 5.38770561e+01 5.62538986e+01
    5.42640419e+01 5.58632774e+01 5.45759163e+01 5.46512070e+01
    5.68715248e+01 5.51384926e+01 5.54337769e+01 5.33353348e+01
    5.30398560e+01 5.20425987e+01 5.24630356e+01 5.26878204e+01
    5.54845352e+01 5.35007744e+01 5.51017532e+01 5.55496063e+01
    5.54855576e+01 5.42298660e+01 5.54935493e+01 5.78055649e+01
    5.37059860e+01 5.28262825e+01 5.51437263e+01 5.82952423e+01
    5.86318779e+01 5.46934853e+01 5.96097641e+01 5.58509941e+01
    5.77587624e+01 5.73403168e+01 5.52510757e+01 5.74900131e+01
    5.69552689e+01 5.50218697e+01 5.64416656e+01 5.55571632e+01
    5.76744423e+01 5.51577759e+01 5.53100433e+01 5.55197182e+01
    5.70991783e+01 5.47327080e+01 5.72883720e+01 5.51443634e+01
    5.46911316e+01 5.54778709e+01 5.28954849e+01 5.02295532e+01
    5.19608917e+01 5.03831825e+01 4.73517799e+01 4.90871544e+01
    5.01927376e+01 5.07338219e+01 5.15027542e+01 5.24069138e+01
    5.26581879e+01 5.31244087e+01 5.06437988e+01 5.36630821e+01
    4.94529114e+01 5.11073799e+01 5.27619019e+01 5.20361633e+01
    5.30835037e+01 5.39558067e+01 5.50424538e+01 5.33395042e+01
    5.13151855e+01 5.37224007e+01 5.10484161e+01 5.16523361e+01
    5.20493622e+01 5.18103714e+01 5.13182373e+01 5.20954857e+01
    5.14359856e+01 5.46230659e+01 5.25866585e+01 5.33908310e+01
    5.40142136e+01 5.32919273e+01 5.69846840e+01 5.24999771e+01
    5.35370636e+01 5.38999939e+01 5.10115623e+01 5.27505608e+01
    5.28643074e+01 5.13213844e+01 5.36370125e+01 5.25832558e+01
    5.51546478e+01 5.24544678e+01 5.48924599e+01 5.16591721e+01
    5.21025124e+01 5.16980057e+01 5.32120323e+01 5.63567467e+01
    5.38798103e+01 5.44574547e+01 5.44107513e+01 5.36708717e+01
    5.29613838e+01 5.35427284e+01 5.27088966e+01 5.36279678e+01
    5.57073441e+01 5.48532562e+01 5.57341385e+01 5.80191116e+01
    5.89117088e+01 5.55798607e+01 5.62975998e+01 5.50528221e+01
    5.67821884e+01 5.85770073e+01 5.99981918e+01 5.57922325e+01
    5.98083839e+01 5.90345612e+01 5.79232597e+01 6.04414291e+01
    5.74686508e+01 5.52671280e+01 5.87341309e+01 5.78608780e+01
    5.69994888e+01 5.59035072e+01 5.77723694e+01 5.94797592e+01
    5.71082230e+01 5.42053452e+01 5.86406822e+01 5.59128532e+01
    5.56980324e+01 5.37943497e+01 5.27916374e+01 5.46797943e+01
    5.34252777e+01 5.23258324e+01 5.25781822e+01 5.29060707e+01
    5.02201118e+01 5.16787071e+01 5.10826225e+01 5.01569519e+01
    4.98175049e+01 4.84445953e+01 4.96560936e+01 5.02596207e+01
    5.19823151e+01 5.11507645e+01 5.30391617e+01 5.21610641e+01
    5.17387657e+01 5.50039635e+01 5.27052269e+01 5.33985710e+01
    5.16599197e+01 5.37390785e+01 5.48526726e+01 5.64184494e+01
    5.56443138e+01 5.51804924e+01 5.47968788e+01 5.69782600e+01
    5.36196518e+01 5.45578728e+01 5.29947662e+01 5.15002785e+01
    5.51420135e+01 5.22482605e+01 5.41996689e+01 5.53749847e+01
    5.34478340e+01 5.54229813e+01 5.27437515e+01 5.27737389e+01
    5.29541664e+01 5.31298180e+01 5.41141548e+01 5.37875710e+01
    5.28533096e+01 5.09400368e+01 5.07967567e+01 5.14904671e+01
    5.01061974e+01 5.03861809e+01 5.22347908e+01 5.48039665e+01
    5.33591385e+01 4.99777451e+01 5.46901970e+01 5.13169212e+01
    5.11163597e+01 5.32070885e+01 5.13444939e+01 5.11816216e+01
    5.62847939e+01 5.26077194e+01 5.47819443e+01 5.48996811e+01
    5.31738892e+01 5.24819908e+01 5.24847565e+01 5.13753777e+01
    5.28331566e+01 5.14869576e+01 5.31481247e+01 5.02725182e+01
    5.21305008e+01 5.38612137e+01 5.35792503e+01 4.66851654e+01
    5.37439156e+01 5.06585999e+01 5.00703163e+01 4.89606400e+01
    4.95142517e+01 4.96434250e+01 4.76061897e+01 4.95642433e+01
    5.09036865e+01 5.03021965e+01 5.55849648e+01 5.54370155e+01
    5.61636620e+01 5.48297844e+01 5.54598999e+01 5.53533592e+01
    5.47031326e+01 5.59732666e+01 5.60344696e+01 5.67487144e+01
    5.68743744e+01 5.60575943e+01 5.76086197e+01 5.71033669e+01
    5.70241470e+01 5.69637070e+01 5.59619484e+01 5.30885010e+01
    5.46462212e+01 5.55998344e+01 5.67426529e+01 5.62648277e+01
    5.49819489e+01 5.35452538e+01 5.45127945e+01 5.30007935e+01
    5.36452217e+01 5.19826698e+01 5.20815773e+01 5.48655548e+01
    5.38845444e+01 5.44584961e+01 5.80242767e+01 5.46511002e+01
    5.52707443e+01 5.33907433e+01 5.53720856e+01 5.53637123e+01
    5.51281128e+01 5.76277313e+01 5.54804955e+01 5.70177383e+01
    5.75593300e+01 5.47583351e+01 5.57046013e+01 5.65113029e+01
    5.76587753e+01 5.51840897e+01 5.48982697e+01 5.37995071e+01
    5.61500664e+01 5.48744545e+01 5.39437141e+01 5.46974030e+01
    5.50897255e+01 5.44979248e+01 5.54779053e+01 5.37966156e+01
    5.52832756e+01 5.35963631e+01 5.42079353e+01 5.26172066e+01
    5.07856407e+01 4.95087738e+01 4.75458603e+01 4.98710861e+01
    4.90985756e+01 4.81738625e+01 4.72992554e+01 5.01782265e+01
    4.99143867e+01 5.18035469e+01 5.17447205e+01 5.32760620e+01
    5.06557159e+01 5.23468437e+01 5.23487244e+01 5.33067665e+01
    5.48790054e+01 5.70086975e+01 5.36650314e+01 5.41806030e+01
    5.45770683e+01 5.41377831e+01 5.24221878e+01 5.39581451e+01
    5.43189011e+01 5.48925438e+01 5.32945099e+01 4.96642494e+01
    5.18856239e+01 5.37427177e+01 5.15191765e+01 5.44562378e+01
    5.50751648e+01 5.57818413e+01 5.48101921e+01 5.39354439e+01
    5.40985451e+01 5.35304146e+01 5.37416267e+01 5.27157631e+01
    5.27962074e+01 5.33648796e+01 5.32587357e+01 5.50045242e+01
    5.21919174e+01 5.27310600e+01 5.45294647e+01 5.28664055e+01
    5.30392876e+01 5.22519836e+01 5.18989487e+01 5.45591240e+01
    5.35279160e+01 5.31296692e+01 5.65994720e+01 5.46826744e+01
    5.47644043e+01 5.63471527e+01 5.27777786e+01 5.57710304e+01
    5.77708015e+01 5.43213654e+01 5.51079903e+01 5.50298157e+01
    5.67171326e+01 5.77798500e+01 5.70968933e+01 5.46973114e+01
    5.78106422e+01 5.74952965e+01 5.43684502e+01 5.56619606e+01
    5.73404770e+01 5.75550537e+01 5.65767174e+01 5.79185448e+01
    5.71806679e+01 6.05894508e+01 6.06495781e+01 5.63113022e+01
    5.70032082e+01 5.78530121e+01 5.64000320e+01 5.81481972e+01
    5.55277786e+01 5.71547623e+01 5.25777664e+01 5.39898605e+01
    5.65234604e+01 5.53120308e+01 5.41350174e+01 5.30801315e+01
    5.41617470e+01 5.29775276e+01 5.49934883e+01 5.45337448e+01
    5.57725220e+01 5.22456818e+01 5.35538483e+01 5.22013321e+01
    5.52920761e+01 5.16357689e+01 5.01370583e+01 5.01722679e+01
    5.26446724e+01 5.27535820e+01 5.34628334e+01 5.18251419e+01
    5.25254898e+01 5.49209442e+01 5.31703529e+01 5.14634552e+01
    5.44060669e+01 5.38819695e+01 5.48783798e+01 5.52170868e+01
    5.40137520e+01 5.53231926e+01 5.62609711e+01 5.58750420e+01
    5.23483734e+01 5.34609451e+01 5.32394524e+01 5.38965607e+01
    5.12556305e+01 5.27295151e+01 5.50012016e+01 5.30294228e+01
    5.47346840e+01 5.36334953e+01 5.41515007e+01 5.20502930e+01
    5.15443306e+01 5.48132401e+01 5.38610077e+01 4.88038750e+01
    5.03070946e+01 5.39347382e+01 5.08965034e+01 5.04188042e+01
    5.11162796e+01 5.01101341e+01 5.01427727e+01 4.80416527e+01
    5.12508507e+01 5.09028549e+01 5.15067024e+01 4.80737038e+01
    5.20114937e+01 5.41380501e+01 5.15876160e+01 5.26649361e+01
    5.47646523e+01 5.10043488e+01 5.41408844e+01 5.45305099e+01
    5.40504150e+01 5.61235390e+01 5.53504906e+01 5.29879532e+01
    5.34146042e+01 5.17094841e+01 5.25997353e+01 5.19584198e+01
    4.92781944e+01 4.98807449e+01 4.98743629e+01 5.05159111e+01
    5.32817039e+01 4.99007187e+01 5.18779144e+01 5.07289391e+01
    4.93403511e+01 4.88713684e+01 4.65314102e+01 4.58029404e+01
    4.87984505e+01 4.97683907e+01 5.05100861e+01 4.98288002e+01
    5.51834373e+01 5.68874855e+01 5.72408638e+01 5.62336464e+01
    5.67693100e+01 5.62140465e+01 5.42041092e+01 5.45414505e+01
    5.46284103e+01 5.78712540e+01 5.66758461e+01 5.67821007e+01
    5.66466293e+01 5.73464737e+01 5.63174286e+01 5.66725769e+01
    5.58686562e+01 5.53322449e+01 5.68385315e+01 5.60971527e+01
    5.71241875e+01 5.71929665e+01 5.91925049e+01 5.58007011e+01
    5.67119446e+01 5.39367256e+01 5.54108582e+01 5.20129776e+01
    5.44852219e+01 5.63409576e+01 5.57991066e+01 5.37294884e+01
    5.72518806e+01 5.31538658e+01 5.80622330e+01 5.39117813e+01
    5.46060181e+01 5.55700989e+01 5.62749329e+01 5.69759064e+01
    5.56212883e+01 5.52244987e+01 5.66413956e+01 5.78736649e+01
    5.40807648e+01 5.47530746e+01 5.43760910e+01 5.49102745e+01
    5.47623558e+01 5.36690750e+01 5.48179970e+01 5.38223763e+01
    5.50572548e+01 5.36241112e+01 5.35955544e+01 5.64860458e+01
    5.41679649e+01 5.43954964e+01 5.64793434e+01 5.47379646e+01
    5.33089409e+01 5.07629013e+01 5.07912064e+01 4.85091896e+01
    4.97429047e+01 4.90259972e+01 4.91928749e+01 4.81608543e+01
    5.04182129e+01 5.01295853e+01 5.11173363e+01 4.98296928e+01
    5.15872993e+01 5.32301102e+01 5.35976410e+01 5.26295052e+01
    5.50662003e+01 5.45927887e+01 5.69628792e+01 5.69126778e+01
    5.38051529e+01 5.55922127e+01 5.49434814e+01 5.37536049e+01
    5.27483215e+01 5.52239418e+01 5.18811455e+01 5.38756638e+01
    5.06201591e+01 4.90148048e+01 5.12664642e+01 5.19083557e+01
    5.14914360e+01 5.29783401e+01 5.11278343e+01 5.49045296e+01
    5.42460747e+01 5.19070129e+01 5.32869606e+01 5.43980827e+01
    5.28956337e+01 5.47559357e+01 5.42593307e+01 5.54406090e+01
    5.38907089e+01 5.45772324e+01 5.30765877e+01 5.36784286e+01
    5.25376320e+01 5.14652214e+01 5.22386131e+01 5.17170601e+01
    5.12491112e+01 5.05727844e+01 5.32890434e+01 5.40735741e+01
    5.37249069e+01 5.45490341e+01 5.18121643e+01 5.52059898e+01
    5.31982536e+01 5.32632790e+01 5.32805634e+01 5.65359230e+01
    5.31709938e+01 5.52729721e+01 5.26653786e+01 5.76918678e+01
    5.65816116e+01 5.60606308e+01 5.39179611e+01 5.64778748e+01
    5.21456604e+01 5.50511856e+01 5.57441788e+01 5.76738167e+01
    5.59236488e+01 5.71367569e+01 5.85162735e+01 5.80738220e+01
    5.65456429e+01 5.36867294e+01 5.58736420e+01 5.71818275e+01
    5.70976219e+01 5.46951180e+01 5.63863678e+01 5.57254143e+01
    5.58055649e+01 5.32640724e+01 5.65671844e+01 5.26577492e+01
    5.39811287e+01 5.33680687e+01 5.36773949e+01 5.36550407e+01
    5.43727493e+01 5.33755646e+01 5.35985413e+01 5.13956337e+01
    5.02243843e+01 5.08115234e+01 5.28624649e+01 5.19416084e+01
    5.17360268e+01 5.33485298e+01 5.15156975e+01 5.27553139e+01
    5.15868073e+01 5.33403893e+01 5.29736099e+01 5.47842331e+01
    5.41188278e+01 5.60916634e+01 5.68054008e+01 5.58283997e+01
    5.45493393e+01 5.65731201e+01 5.62011528e+01 5.60221443e+01
    5.66041145e+01 5.70117950e+01 5.71163025e+01 5.28680229e+01
    5.19810181e+01 5.54264565e+01 5.42970161e+01 5.14711876e+01
    5.40474510e+01 5.51930389e+01 5.18946800e+01 5.41925583e+01
    5.38276520e+01 5.28774452e+01 5.42202835e+01 4.93667336e+01
    5.37324409e+01 5.32468452e+01 5.06741486e+01 5.28889847e+01
    5.46767082e+01 5.11579666e+01 5.16660385e+01 4.93189163e+01
    5.24000626e+01 4.97000198e+01 4.82773247e+01 5.31065674e+01
    5.18449554e+01 4.92385178e+01 5.11374512e+01 5.17991142e+01
    5.20377998e+01 5.24448662e+01 5.10895004e+01 5.04199905e+01
    5.07787781e+01 5.43951340e+01 5.28839531e+01 5.56913986e+01
    5.51748505e+01 5.36707458e+01 5.19038773e+01 4.98295555e+01
    5.23373413e+01 5.21806831e+01 5.13405151e+01 5.22261086e+01
    5.01946526e+01 5.22053185e+01 5.22459106e+01 5.05467644e+01
    5.11691780e+01 5.12817383e+01 5.00458488e+01 4.85737991e+01
    5.05032082e+01 5.16880302e+01 4.92304077e+01 5.11992226e+01
    5.15465622e+01 5.18476257e+01 5.12487068e+01 5.56829491e+01
    5.53641853e+01 5.38509598e+01 5.31043396e+01 5.39234238e+01
    5.24154739e+01 5.43107300e+01 5.40820808e+01 5.65779190e+01
    5.77547340e+01 5.62244034e+01 5.43514175e+01 5.47207413e+01
    5.49706612e+01 5.55564117e+01 5.58536873e+01 5.56649246e+01
    5.46226616e+01 5.78767471e+01 5.88017349e+01 5.55058784e+01
    5.63189888e+01 5.62749290e+01 5.44650230e+01 5.27111435e+01
    5.32096367e+01 5.22149429e+01 5.33988495e+01 5.63343315e+01
    5.49046516e+01 5.39746475e+01 5.78367729e+01 5.69666176e+01
    5.45405540e+01 5.99142380e+01 5.46889839e+01 5.31835022e+01
    5.62164192e+01 5.50746689e+01 5.76870422e+01 5.68431206e+01
    5.47384720e+01 5.63698349e+01 5.52790451e+01 5.62006950e+01
    5.49140129e+01 5.37116241e+01 5.20550957e+01 5.19056816e+01
    5.23410034e+01 5.24398041e+01 5.35113449e+01 5.33246651e+01
    5.20437126e+01 5.30663071e+01 5.29645271e+01 5.20184937e+01
    5.47833443e+01 5.37490578e+01 5.43056602e+01 5.29235611e+01
    5.20339432e+01 5.25750771e+01 5.03557701e+01 4.94796829e+01
    5.04315720e+01 5.02269325e+01 5.01883430e+01 4.95874367e+01
    4.86704330e+01 5.19046936e+01 5.12750397e+01 5.55102806e+01
    5.25707703e+01 5.49180946e+01 5.34875374e+01 5.40191689e+01
    5.49753456e+01 5.25330772e+01 5.27988129e+01 5.39271927e+01
    5.54697380e+01 5.44707680e+01 4.97098083e+01 5.18867340e+01
    5.30203705e+01 5.05804100e+01 5.16881752e+01 4.97461128e+01
    5.17480583e+01 5.09253540e+01 5.07857132e+01 5.24998856e+01
    5.45247307e+01 5.25729370e+01 5.52382851e+01 5.12410851e+01
    5.32087326e+01 5.67418251e+01 5.53863335e+01 5.31964989e+01
    5.56924400e+01 5.31059380e+01 5.37033882e+01 5.27983170e+01
    5.39137459e+01 5.15993195e+01 5.26354713e+01 4.93677673e+01
    4.99514465e+01 5.16801453e+01 5.20928383e+01 5.22959099e+01
    5.40552635e+01 5.48004532e+01 5.51068115e+01 5.33205376e+01
    5.35099754e+01 5.26181793e+01 5.64328728e+01 5.33161888e+01
    5.31683006e+01 5.34881363e+01 5.45922012e+01 5.37572899e+01
    5.59599266e+01 5.51982422e+01 5.78860664e+01 5.33000145e+01
    5.64435844e+01 5.49762993e+01 5.73250504e+01 5.39704590e+01
    5.69457512e+01 5.53837624e+01 5.60805626e+01 5.59540558e+01
    5.53241539e+01 5.59555664e+01 5.62822418e+01 5.19573708e+01
    5.42758865e+01 5.64407959e+01 5.84975433e+01 5.61603432e+01
    5.38351555e+01 5.82614479e+01 5.38757057e+01 5.15587234e+01
    5.62910843e+01 5.42044334e+01 5.26290283e+01 5.21750069e+01
    5.19703484e+01 5.36117096e+01 5.35622482e+01 5.40600929e+01
    5.28929253e+01 5.19463844e+01 4.97262764e+01 5.24736748e+01
    5.12231598e+01 5.07137718e+01 4.99385948e+01 5.05260658e+01
    5.36297073e+01 4.94609528e+01 5.16827583e+01 5.25690002e+01
    5.38352814e+01 5.56172218e+01 5.41236572e+01 5.15924835e+01
    5.35785255e+01 5.34252548e+01 5.41192093e+01 5.42021370e+01
    5.27342415e+01 5.50634956e+01 5.58113174e+01 5.36800156e+01
    5.40376930e+01 5.49276085e+01 5.49649811e+01 5.37421608e+01
    5.38295898e+01 5.48972778e+01 5.24231987e+01 5.39433556e+01
    5.85025177e+01 5.41576233e+01 5.29988098e+01 5.52250328e+01
    5.25801888e+01 5.39700012e+01 5.35566902e+01 5.50284691e+01
    5.30792847e+01 5.30280724e+01 5.00263748e+01 5.19319420e+01
    4.99045067e+01 5.08456955e+01 4.94915886e+01 5.29193153e+01
    5.03168793e+01 5.30290070e+01 5.29731216e+01 5.19751282e+01
    5.25224838e+01 5.32894974e+01 5.08221397e+01 5.17412453e+01
    5.40158081e+01 4.99629593e+01 5.12147446e+01 5.37585983e+01
    5.56640472e+01 5.35685768e+01 5.37474022e+01 5.62240562e+01
    5.37145882e+01 5.20275040e+01 5.40615654e+01 5.52138405e+01
    5.17060165e+01 5.19815483e+01 5.24443474e+01 5.22498779e+01
    5.55039139e+01 5.07594185e+01 5.12093468e+01 5.05580139e+01
    5.18877602e+01 4.86500053e+01 4.88863144e+01 4.98929291e+01
    5.24425392e+01 4.83452759e+01 4.86106415e+01 5.29939423e+01
    5.17987747e+01 5.36987076e+01 5.60256271e+01 5.52282639e+01
    5.28793869e+01 5.18846626e+01 5.18906212e+01 5.25641174e+01
    5.21361732e+01 5.48054276e+01 5.56617928e+01 5.64112740e+01
    5.51741714e+01 5.54835281e+01 5.54558067e+01 5.68118477e+01
    5.40546684e+01 5.67581787e+01 5.71808586e+01 5.59915390e+01
    5.57332458e+01 5.96185303e+01 5.74666100e+01 5.53990326e+01
    5.70833244e+01 5.61389694e+01 5.49832649e+01 5.24658699e+01
    5.49103775e+01 5.72663536e+01 5.84225731e+01 5.30583496e+01
    5.61587143e+01 5.83415260e+01 5.81046104e+01 5.62880554e+01
    5.58350410e+01 5.36152115e+01 5.77678642e+01 5.72729301e+01
    5.38774223e+01 5.55338669e+01 5.77930603e+01 5.62812233e+01
    5.48397522e+01 5.44891930e+01 5.67408333e+01 5.57524376e+01
    5.33338318e+01 5.35350266e+01 5.59623070e+01 5.50930557e+01
    5.41136703e+01 5.17833633e+01 5.27018433e+01 5.59726830e+01
    5.23945618e+01 4.95719604e+01 5.29376640e+01 5.11693573e+01
    5.19402542e+01 5.06038322e+01 4.99335251e+01 5.12370262e+01
    5.08458977e+01 5.11588631e+01 4.80813675e+01 5.01358986e+01
    4.88833809e+01 4.91789856e+01 5.07246284e+01 5.18493614e+01
    5.07282600e+01 5.26215897e+01 5.35318565e+01 5.46057014e+01
    5.37840271e+01 5.20050011e+01 5.56558266e+01 5.58820381e+01
    5.39702530e+01 5.38716202e+01 5.48454933e+01 5.62251892e+01
    5.42897377e+01 5.03900414e+01 5.28063622e+01 5.36048813e+01
    5.25660324e+01 5.14777260e+01 5.12803459e+01 5.45481224e+01
    5.12900352e+01 5.33598824e+01 5.48960304e+01 5.32142334e+01
    5.29923286e+01 5.29282150e+01 5.20019875e+01 5.42842026e+01
    5.31027832e+01 5.40559769e+01 5.31026039e+01 5.56637344e+01
    5.41202507e+01 5.35752411e+01 5.36368332e+01 5.10405159e+01
    5.16483307e+01 5.13374825e+01 5.17187004e+01 5.08902664e+01
    5.03580742e+01 5.27364922e+01 5.33613358e+01 5.30338402e+01
    5.60378990e+01 5.30757370e+01 5.51963768e+01 5.37046089e+01
    5.57937584e+01 5.53964920e+01 5.51275864e+01 5.34095612e+01
    5.40349274e+01 5.36289520e+01 5.51409111e+01 5.60174065e+01
    5.45200882e+01 5.41905632e+01 5.40796623e+01 5.56246376e+01
    5.48491936e+01 5.31194344e+01 5.44275856e+01 5.52584114e+01
    5.52503471e+01 5.45926628e+01 5.66012611e+01 5.69443703e+01
    5.43417854e+01 5.33042374e+01 5.71567116e+01 5.49209099e+01
    5.65885620e+01 5.47318306e+01 5.10209236e+01 5.27440605e+01
    5.30782738e+01 5.08667107e+01 5.11908989e+01 5.32030907e+01
    5.19562683e+01 5.18254013e+01 5.14272614e+01 5.19671707e+01
    5.22488213e+01 5.26397667e+01 5.23850937e+01 5.00655746e+01
    4.84128761e+01 4.99085770e+01 4.99934044e+01 4.95544548e+01
    4.97751579e+01 4.99556465e+01 5.22676392e+01 5.09242096e+01
    4.92055168e+01 5.41231689e+01 5.13686981e+01 5.27893944e+01
    5.11589813e+01 5.36925468e+01 5.17896729e+01 5.28950005e+01
    5.22856255e+01 5.39535751e+01 5.48557014e+01 5.51811295e+01
    5.30703735e+01 5.49214172e+01 5.33638725e+01 5.27977333e+01
    5.34649582e+01 5.44785385e+01 5.31618385e+01 5.44303284e+01
    5.45346947e+01 5.38940468e+01 5.46742096e+01 5.72154160e+01
    5.24692726e+01 5.35575981e+01 5.39850388e+01 5.40236206e+01
    5.34973946e+01 5.12906265e+01 5.32088013e+01 5.23213158e+01
    5.44491692e+01 5.12059135e+01 5.14088631e+01 4.96283112e+01
    5.04965744e+01 5.00282402e+01 5.25260048e+01 5.33964615e+01
    5.47722015e+01 5.01674004e+01 4.98520584e+01 5.39333687e+01
    5.39329567e+01 5.02318192e+01 5.18816490e+01 5.22567329e+01
    5.31117363e+01 5.09527473e+01 5.18972092e+01 5.54841461e+01
    5.34711456e+01 5.61705093e+01 5.46817017e+01 5.31647186e+01
    5.33052864e+01 5.38523598e+01 5.06730499e+01 5.24137154e+01
    5.35579834e+01 5.27350006e+01 5.31848030e+01 5.31107826e+01
    5.17995682e+01 5.01167145e+01 4.93041458e+01 5.01510124e+01
    4.97330894e+01 4.90535660e+01 5.20772820e+01 5.20811234e+01
    5.14692383e+01 5.15960846e+01 5.26718178e+01 5.52570343e+01
    5.68719406e+01 5.57106476e+01 5.30777664e+01 5.21506538e+01
    5.15500641e+01 5.38063278e+01 5.40906029e+01 5.47300911e+01
    5.47548180e+01 5.60174675e+01 5.63782310e+01 5.57544746e+01
    5.32860489e+01 5.47492523e+01 5.45530472e+01 5.22208290e+01
    5.54793892e+01 5.48758659e+01 5.54246559e+01 5.64114571e+01
    5.72729301e+01 5.31066055e+01 5.49230461e+01 5.34248199e+01
    5.24866905e+01 5.36015625e+01 5.31024818e+01 5.50128059e+01
    5.69237633e+01 5.49856186e+01 5.35492783e+01 5.37688179e+01
    5.48012314e+01 5.32097702e+01 5.57670898e+01 5.42371979e+01
    5.37428551e+01 5.68687363e+01 5.65495071e+01 5.54857445e+01
    5.42341080e+01 5.56391792e+01 5.50195961e+01 5.37859154e+01
    5.58666916e+01 5.43478584e+01 5.34593353e+01 5.42885590e+01
    5.58737984e+01 5.05582047e+01 5.20455093e+01 5.23235474e+01
    4.96785240e+01 5.36927910e+01 5.13119736e+01 4.97246170e+01
    5.28177719e+01 5.09681244e+01 5.36890297e+01 5.26758575e+01
    4.89959106e+01 4.93058586e+01 4.99199219e+01 4.83337364e+01
    4.99942017e+01 4.88713531e+01 5.10522232e+01 5.02739830e+01
    5.06682129e+01 5.15113983e+01 5.13888931e+01 5.17703476e+01
    5.41594734e+01 5.18486595e+01 5.38175812e+01 5.32350273e+01
    5.53645134e+01 5.45424728e+01 5.50101280e+01 5.45207176e+01
    5.42433243e+01 5.53048172e+01 5.59537468e+01 5.20461655e+01
    5.24267845e+01 5.26998062e+01 5.32856560e+01 4.91759033e+01
    5.10105019e+01 5.16313019e+01 5.08728447e+01 5.33297844e+01
    5.09079094e+01 5.28633385e+01 5.50607796e+01 5.29039116e+01
    5.21052589e+01 5.59409485e+01 5.01801872e+01 5.13962746e+01
    5.30391693e+01 5.36001396e+01 5.12470093e+01 5.41358528e+01
    5.13368454e+01 5.30327988e+01 5.35228195e+01 5.03173637e+01
    5.07978439e+01 5.11166687e+01 4.80442619e+01 5.22553253e+01
    5.11516914e+01 5.19006615e+01 5.36061630e+01 5.33791504e+01
    4.95443687e+01 5.45292969e+01 5.04376945e+01 5.62627525e+01
    5.46371765e+01 5.53843460e+01 5.18558197e+01 5.73361816e+01
    5.37935143e+01 5.39352722e+01 5.59687538e+01 5.60711708e+01
    5.36930351e+01 5.51849098e+01 5.49777908e+01 5.82000694e+01
    5.64414215e+01 5.53417473e+01 5.65978508e+01 5.67181282e+01
    5.55835648e+01 5.81832199e+01 5.58297310e+01 5.43578644e+01
    5.33215370e+01 5.39403343e+01 5.51207047e+01 5.29131088e+01
    5.42406998e+01 5.47779846e+01 5.42140579e+01 5.08821220e+01
    5.32827339e+01 5.27004280e+01 4.99825401e+01 5.00018806e+01
    4.93384209e+01 5.26047096e+01 4.97513275e+01 5.03860664e+01
    5.09640236e+01 5.12227592e+01 4.95279121e+01 4.80016403e+01
    5.04099464e+01 5.12690430e+01 4.99972229e+01 4.80676918e+01
    5.20648727e+01 5.22537460e+01 4.85228310e+01 5.14232750e+01
    5.05150986e+01 5.14417458e+01 5.25310783e+01 5.37886848e+01
    5.42817116e+01 5.20438728e+01 5.26683273e+01 5.56578369e+01
    5.44631004e+01 5.65651703e+01 5.87617798e+01 5.54555511e+01
    5.46939163e+01 5.38974991e+01 5.62511444e+01 5.35682449e+01
    5.19295387e+01 5.23076363e+01 5.53349190e+01 5.23167229e+01
    5.41617584e+01 5.38050156e+01 5.19714050e+01 5.37612991e+01
    5.40680962e+01 5.01190605e+01 5.00081215e+01 5.15870895e+01
    5.20289230e+01 5.23302803e+01 5.09139023e+01 5.12720490e+01
    5.10655365e+01 4.70084915e+01 4.95078621e+01 4.96260529e+01
    5.04800835e+01 4.89738579e+01 5.19324646e+01 5.07565842e+01
    5.35049019e+01 5.20716324e+01 5.31633377e+01 5.12899437e+01
    5.14524345e+01 5.17292213e+01 5.30989761e+01 5.52064362e+01
    5.30211029e+01 5.52532845e+01 5.80548592e+01 5.36627693e+01
    5.29760056e+01 5.12114220e+01 5.47746201e+01 5.50568237e+01
    5.15303802e+01 5.05861969e+01 5.30509338e+01 5.23576126e+01
    5.13343391e+01 5.04679604e+01 5.34317932e+01 4.97473068e+01
    5.04249496e+01 5.15589790e+01 4.95606194e+01 5.17282829e+01
    5.07546234e+01 5.31726532e+01 5.08465385e+01 5.23894424e+01
    5.17600899e+01 5.27268486e+01 5.42978020e+01 5.61199951e+01
    5.21027985e+01 5.13871841e+01 5.32489014e+01 5.12383308e+01
    5.14270287e+01 5.38731689e+01 5.64501305e+01 5.38142014e+01
    5.45559845e+01 5.37041779e+01 5.12924843e+01 5.29201126e+01
    5.19953995e+01 5.32579803e+01 5.65129967e+01 5.47567215e+01
    5.41320648e+01 5.49123878e+01 5.61525764e+01 5.50548439e+01
    5.44711533e+01 5.31006355e+01 5.34657898e+01 4.99239464e+01
    5.36352310e+01 5.48702812e+01 5.38470001e+01 5.56986237e+01
    5.53922882e+01 5.57412262e+01 5.47206230e+01 5.73514595e+01
    5.49114494e+01 5.58694038e+01 5.58135948e+01 5.49725304e+01
    5.51617355e+01 5.61675186e+01 5.51976662e+01 5.50548248e+01
    5.39217262e+01 5.45914917e+01 5.53655281e+01 5.47188454e+01
    5.04713058e+01 5.47111969e+01 5.28875580e+01 5.04414177e+01
    5.16524315e+01 5.06098099e+01 5.20494766e+01 5.24365273e+01
    5.12685852e+01 5.18674126e+01 5.33458977e+01 5.17285309e+01
    5.07142143e+01 5.18238754e+01 4.90568275e+01 4.82056999e+01
    5.11526680e+01 4.93378181e+01 4.95627480e+01 4.76690712e+01
    4.75512123e+01 5.06932983e+01 5.27692566e+01 5.01448860e+01
    5.05003586e+01 5.10836411e+01 5.26515274e+01 5.43989372e+01
    5.15477371e+01 5.34562988e+01 5.49618797e+01 5.58766899e+01
    5.25653381e+01 5.52617798e+01 5.34451790e+01 5.51339607e+01
    5.15514984e+01 5.19570694e+01 4.93209000e+01 5.37396469e+01
    5.22153587e+01 5.15107574e+01 4.86423035e+01 5.17226639e+01
    4.99773254e+01 5.16609230e+01 5.02211685e+01 4.99199028e+01
    5.10454788e+01 5.11673508e+01 5.02244873e+01 5.14556885e+01
    5.25368919e+01 4.96755066e+01 5.18872948e+01 5.24097977e+01
    5.34529877e+01 5.32717667e+01 5.39166679e+01 5.21241493e+01
    5.25465660e+01 5.03035088e+01 5.04687004e+01 4.92145348e+01
    5.14468117e+01 5.28141708e+01 5.22497406e+01 5.27793465e+01
    5.62401314e+01 5.23242607e+01 5.40350037e+01 5.35598106e+01
    5.39397163e+01 5.24873619e+01 5.51268959e+01 5.37570763e+01
    5.52068634e+01 5.16040230e+01 5.56472778e+01 5.51665268e+01
    5.39544754e+01 5.19724274e+01 5.47628746e+01 5.60980530e+01
    5.62072449e+01 5.26175041e+01 5.59550705e+01 5.48034248e+01
    5.68547287e+01 5.55049706e+01 5.54665031e+01 5.34006310e+01
    5.51921883e+01 5.37757149e+01 5.38494644e+01 5.40519447e+01
    5.50690689e+01 5.30554924e+01 5.31000519e+01 4.99574242e+01
    5.19220428e+01 5.14750061e+01 5.06067238e+01 5.11479111e+01
    5.14349937e+01 4.92552147e+01 5.12525902e+01 5.05652237e+01
    5.28236923e+01 5.20110207e+01 5.31088867e+01 5.00092278e+01
    5.14684792e+01 4.83688583e+01 4.93340683e+01 4.84863815e+01
    5.20018234e+01 4.75195885e+01 5.12522430e+01 5.24183655e+01
    5.34867096e+01 5.08141022e+01 5.45880852e+01 5.28714066e+01
    5.84393234e+01 5.43294983e+01 5.46170387e+01 5.64421310e+01
    5.58758926e+01 5.69612656e+01 5.62699013e+01 5.51468277e+01
    5.72089462e+01 5.48856087e+01 5.51876221e+01 5.29293404e+01
    5.08556137e+01 5.59714394e+01 5.26815910e+01 5.50020409e+01
    5.37516289e+01 5.46926956e+01 5.31488342e+01 5.54426384e+01
    5.39306717e+01 5.10245628e+01 5.14424667e+01 5.31509171e+01
    5.09063225e+01 4.92579536e+01 5.28999748e+01 5.45876160e+01
    5.01508865e+01 5.10743065e+01 5.10610962e+01 5.05998688e+01
    5.05851822e+01 5.10925446e+01 5.03059616e+01 5.47770500e+01
    5.50284996e+01 5.52837830e+01 5.47392387e+01 5.24224663e+01
    5.34976082e+01 5.16287498e+01 5.21712227e+01 5.49686546e+01
    5.27680779e+01 5.44784012e+01 5.39880791e+01 5.47623940e+01
    5.10367050e+01 5.64587364e+01 5.45553703e+01 5.27287788e+01
    5.06451721e+01 5.37957954e+01 5.29665871e+01 4.92393646e+01
    5.17044525e+01 5.51404762e+01 5.04880028e+01 5.11882057e+01
    5.06476440e+01 4.98334885e+01 4.93975410e+01 5.04491463e+01
    4.88996010e+01 4.90734673e+01 4.83641090e+01 5.20844498e+01
    5.21827965e+01 5.35666046e+01 5.34488564e+01 5.24043427e+01
    5.40664978e+01 5.49739189e+01 5.43630447e+01 5.20532112e+01
    5.08829842e+01 5.20865288e+01 5.31360092e+01 5.14207840e+01
    5.32717972e+01 5.52418976e+01 5.41815414e+01 5.35437889e+01
    5.51225548e+01 5.59658432e+01 5.31956978e+01 5.24295120e+01
    5.29626694e+01 5.13577538e+01 5.13097343e+01 5.48967896e+01
    5.55505142e+01 5.59017677e+01 5.47710419e+01 5.50794067e+01
    5.47457275e+01 5.36073151e+01 5.58051491e+01 5.52089157e+01
    5.48700714e+01 5.29798660e+01 5.63735123e+01 5.42450142e+01
    5.51563721e+01 5.61984291e+01 5.56257362e+01 5.26491890e+01
    5.50434837e+01 5.56336861e+01 5.35584793e+01 5.37682915e+01
    5.49570084e+01 5.31185722e+01 5.63184624e+01 5.24303703e+01
    5.51106796e+01 5.84441719e+01 5.38213959e+01 5.46129723e+01
    5.59868317e+01 5.12602005e+01 5.35872612e+01 5.21534195e+01
    5.18630562e+01 5.17203979e+01 5.23781013e+01 4.82570419e+01
    5.26101990e+01 5.00879860e+01 4.91545258e+01 4.91601334e+01
    4.95989456e+01 4.82121887e+01 5.00675926e+01 4.81813774e+01
    4.79304733e+01 5.24090385e+01 5.17659340e+01 5.18471489e+01
    4.90362663e+01 5.13252945e+01 5.13220711e+01 5.06297951e+01
    4.97938309e+01 5.24808693e+01 5.11462898e+01 5.32837868e+01
    5.46429787e+01 5.46589088e+01 5.09329605e+01 5.15436630e+01
    5.30947075e+01 5.33806496e+01 5.12623520e+01 5.03694954e+01
    5.19603691e+01 5.10828629e+01 5.16409302e+01 5.09737206e+01
    5.01546898e+01 5.28938446e+01 5.33703918e+01 5.12917023e+01
    5.14221916e+01 5.00212975e+01 5.08381996e+01 5.00609741e+01
    4.70436478e+01 5.07042847e+01 4.97435913e+01 5.05368805e+01
    5.16973648e+01 5.32860222e+01 5.29551430e+01 5.06222458e+01
    5.01038017e+01 5.09317703e+01 5.16106339e+01 5.24043808e+01
    5.29639969e+01 5.27143135e+01 5.30525284e+01 5.48832855e+01
    5.16681099e+01 5.20657196e+01 5.74732246e+01 5.33399200e+01
    5.31832047e+01 5.39156761e+01 5.39596825e+01 5.49216118e+01
    5.51336746e+01 5.32367058e+01 5.46398010e+01 5.32744217e+01
    5.43431549e+01 5.50090294e+01 5.52979012e+01 5.22790604e+01
    5.23168640e+01 5.41798744e+01 5.46821518e+01 5.23068581e+01
    5.36412430e+01 5.52469254e+01 5.60850525e+01 5.53376007e+01
    5.47836952e+01 5.67055244e+01 5.48376083e+01 5.29214363e+01
    5.46105347e+01 5.42861671e+01 5.49366875e+01 5.27528419e+01
    5.18783913e+01 5.16632080e+01 5.03041229e+01 5.30056610e+01
    5.02955589e+01 5.23728867e+01 5.06138687e+01 5.12330704e+01
    4.80070801e+01 5.27942085e+01 4.94272842e+01 5.00055084e+01
    4.77435150e+01 5.10699844e+01 4.94574966e+01 4.82246208e+01
    4.89855919e+01 4.93787155e+01 5.07390060e+01 4.98928871e+01
    4.93565712e+01 5.31120071e+01 4.98348351e+01 5.43116760e+01
    5.13217850e+01 5.45855141e+01 5.11458855e+01 5.61760826e+01
    5.47131500e+01 5.66718521e+01 5.49669495e+01 5.61460838e+01
    5.64291763e+01 5.69031868e+01 5.47234039e+01 5.69375076e+01
    5.38552551e+01 5.61075401e+01 5.29106560e+01 5.48600616e+01
    5.29888916e+01 5.32521324e+01 5.47485313e+01 5.35378952e+01
    5.42560539e+01 5.59816513e+01 5.21702232e+01 5.48465195e+01
    4.96963959e+01 5.19230919e+01 5.28663139e+01 4.84827728e+01
    5.27936020e+01 5.02970276e+01 5.07544899e+01 5.07530746e+01
    5.26281281e+01 5.17538109e+01 5.04865417e+01 4.81302032e+01
    5.06890869e+01 5.32267189e+01 5.33150330e+01 5.12161102e+01
    5.39002075e+01 5.42143784e+01 5.39943810e+01 5.63896255e+01
    5.12622032e+01 5.22976761e+01 5.37003555e+01 5.21094131e+01
    5.27116127e+01 5.39087639e+01 5.48581429e+01 5.19325981e+01
    5.26762886e+01 5.27529716e+01 5.07254028e+01 5.28476639e+01
    5.22770195e+01 5.23149910e+01 5.03899078e+01 5.31609001e+01
    5.17368317e+01 5.05932884e+01 5.20090408e+01 5.06589775e+01
    4.99809113e+01 4.75839195e+01 4.77331085e+01 5.05712662e+01
    5.07186241e+01 5.16015167e+01 5.51056023e+01 5.24119415e+01
    5.18915863e+01 5.23383904e+01 5.47353439e+01 5.54159851e+01
    5.41305504e+01 5.12056923e+01 5.50302505e+01 5.14826126e+01
    4.94477272e+01 5.43001251e+01 5.47246704e+01 5.56760521e+01
    5.65428200e+01 5.46029663e+01 5.38767281e+01 5.61138039e+01
    5.54851418e+01 5.26888008e+01 5.60542755e+01 5.32321129e+01
    5.72673645e+01 5.69157944e+01 5.84170685e+01 5.69109535e+01
    5.67416153e+01 5.15308189e+01 5.63860168e+01 5.18299828e+01
    5.32346802e+01 5.47201691e+01 5.34744644e+01 5.35665245e+01
    5.59197845e+01 5.18618431e+01 5.52758827e+01 5.50468941e+01
    5.69383430e+01 5.39151421e+01 5.31350365e+01 5.73507080e+01
    5.44144974e+01 5.61286697e+01 5.40028038e+01 5.31064911e+01
    5.53183060e+01 5.39006691e+01 5.50903397e+01 5.67976189e+01
    5.39333076e+01 5.57606506e+01 5.41485100e+01 5.42216339e+01
    5.26284180e+01 5.38512077e+01 5.12461548e+01 5.37923317e+01
    5.21214714e+01 5.35762939e+01 5.09141350e+01 5.05561714e+01
    5.16857300e+01 5.21797676e+01 5.00257721e+01 4.62165184e+01
    5.04136238e+01 5.00830803e+01 4.81400909e+01 4.87753754e+01
    5.03550148e+01 5.04018707e+01 4.94494553e+01 4.78635254e+01
    5.20014381e+01 5.10145111e+01 4.94155540e+01 5.27233963e+01
    5.50342827e+01 4.91683197e+01 5.23094826e+01 5.12752991e+01
    5.10414162e+01 5.02403030e+01 5.33000984e+01 5.33220100e+01
    5.00014267e+01 5.03027115e+01 5.04943237e+01 5.06144600e+01
    4.88097038e+01 5.06531372e+01 4.95330734e+01 5.03753738e+01
    4.85521698e+01 5.00074615e+01 5.19863777e+01 5.14366074e+01
    5.24037323e+01 5.18017654e+01 5.09580803e+01 5.32936707e+01
    5.17771072e+01 5.19907532e+01 5.27690430e+01 5.26648026e+01
    5.26098747e+01 5.11353645e+01 5.09047127e+01 5.45303726e+01
    5.49054871e+01 5.34627914e+01 5.47884712e+01 5.33317413e+01
    5.47604408e+01 5.67139664e+01 5.36218910e+01 5.46633377e+01
    5.66474304e+01 5.28662376e+01 5.19712410e+01 5.39274902e+01
    5.49039154e+01 5.54589043e+01 5.49433022e+01 5.32658272e+01
    5.26135941e+01 5.63967743e+01 5.48465118e+01 5.50272293e+01
    5.30904312e+01 5.34572906e+01 5.31079102e+01 5.60009613e+01
    5.02935867e+01 5.25761070e+01 5.59315147e+01 5.27485352e+01
    5.50639534e+01 5.57184296e+01 5.37879753e+01 5.62817421e+01
    5.29353447e+01 5.10327339e+01 5.20088806e+01 5.50152435e+01
    5.44421616e+01 5.21621170e+01 5.41495972e+01 5.34319725e+01
    5.19355659e+01 4.99209213e+01 5.33213959e+01 5.26094971e+01
    5.10710716e+01 4.68222466e+01 4.96511612e+01 4.96367340e+01
    5.26817780e+01 4.97344322e+01 5.17391434e+01 4.91888542e+01
    5.21591225e+01 4.94990387e+01 5.14265747e+01 4.97714233e+01
    4.98216209e+01 4.93996201e+01 4.88310318e+01 5.20153122e+01
    5.14813614e+01 4.92446785e+01 5.39252663e+01 5.39154015e+01
    5.29295731e+01 5.28299179e+01 5.34984169e+01 5.62122154e+01
    5.55965309e+01 5.44522095e+01 5.78738556e+01 5.62030029e+01
    5.76380959e+01 5.56668930e+01 5.53591385e+01 5.45816422e+01
    5.72304153e+01 5.59226379e+01 5.62847290e+01 5.45073853e+01
    5.62674408e+01 5.39775276e+01 5.54292145e+01 5.57272034e+01
    5.29807510e+01 5.14976692e+01 5.32258072e+01 4.98779793e+01
    5.34264336e+01 5.01441803e+01 5.11344452e+01 5.22657967e+01
    5.13112183e+01 4.88398857e+01 5.18913612e+01 5.09613914e+01
    5.14212914e+01 4.85496788e+01 5.13437119e+01 5.10820351e+01
    5.41515884e+01 5.29126320e+01 5.40348167e+01 5.39194908e+01
    5.37505913e+01 5.25425377e+01 5.19689026e+01 5.13268547e+01
    5.27382545e+01 5.35433807e+01 5.51518860e+01 5.47015381e+01
    5.47738914e+01 5.29971542e+01 5.36807289e+01 5.40675316e+01
    5.18481216e+01 5.29474945e+01 5.23884773e+01 4.86911125e+01
    4.92076950e+01 5.22858162e+01 5.10914803e+01 5.00440140e+01
    4.72188873e+01 4.73704185e+01 4.83344574e+01 5.02768555e+01
    4.86611824e+01 5.09325638e+01 5.10828476e+01 5.11725922e+01
    5.06049042e+01 5.19923210e+01 5.31035767e+01 5.20811844e+01
    5.35628204e+01 5.43614616e+01 5.45798721e+01 5.44092941e+01
    5.32007256e+01 5.47705193e+01 5.16645775e+01 5.42446747e+01
    5.71358490e+01 5.58492813e+01 5.54691620e+01 5.42751694e+01
    5.48759193e+01 5.88642769e+01 5.70959854e+01 5.42887383e+01
    5.53499832e+01 5.49870491e+01 5.38751945e+01 5.56464233e+01
    5.60521851e+01 5.46796646e+01 5.48661079e+01 5.38559456e+01
    5.41409683e+01 5.17720261e+01 5.30510139e+01 5.57214012e+01
    5.31483688e+01 5.32867622e+01 5.26804695e+01 5.35750923e+01
    5.42712593e+01 5.47650871e+01 5.30621071e+01 5.49017868e+01
    5.45160980e+01 5.47487030e+01 5.48079453e+01 5.26360931e+01
    5.64609184e+01 5.58573189e+01 5.31305351e+01 5.39850616e+01
    5.66988792e+01 5.62361183e+01 5.56167068e+01 5.36322289e+01
    5.50820160e+01 5.48658028e+01 5.14750023e+01 5.06770096e+01
    5.24640274e+01 5.61648026e+01 5.19510956e+01 5.02608147e+01
    5.14971046e+01 5.15960121e+01 4.82685013e+01 4.76319046e+01
    5.04375801e+01 4.72233467e+01 4.85863190e+01 5.04101257e+01
    5.00099373e+01 4.87104950e+01 5.00377960e+01 5.06401863e+01
    5.39884949e+01 5.00622101e+01 5.24815063e+01 5.31603661e+01
    5.21519928e+01 5.34241905e+01 5.24739304e+01 5.27160187e+01
    5.19547577e+01 5.23705101e+01 5.30616264e+01 5.08861656e+01
    5.30976067e+01 5.14519730e+01 5.02791786e+01 4.69770584e+01
    4.78299713e+01 4.89498215e+01 5.16537781e+01 4.97121086e+01
    4.90253410e+01 4.94134674e+01 5.24276581e+01 5.34334641e+01
    5.10990181e+01 5.13218575e+01 5.20598259e+01 5.01912231e+01
    4.89453201e+01 4.92655373e+01 5.12636604e+01 5.00202637e+01
    5.30521545e+01 5.26827049e+01 5.42620506e+01 5.33753052e+01
    5.32037849e+01 5.60173683e+01 5.26409531e+01 5.22038918e+01
    5.38173447e+01 5.19676628e+01 5.31080208e+01 5.48138733e+01
    5.37015991e+01 5.42577477e+01 5.52261963e+01 5.36970634e+01
    5.19094963e+01 5.44031410e+01 5.39154015e+01 5.37256050e+01
    5.47296410e+01 5.56249008e+01 5.48797684e+01 5.38764877e+01
    5.41669540e+01 5.30551949e+01 5.52813873e+01 5.36410294e+01
    5.22996788e+01 5.58236122e+01 5.26209412e+01 5.07823143e+01
    5.52143707e+01 5.49731903e+01 5.39244652e+01 5.27386398e+01
    5.21790352e+01 5.31357155e+01 5.74082680e+01 5.26720848e+01
    5.50606308e+01 5.59653664e+01 5.38883171e+01 5.20202866e+01
    5.22697601e+01 5.15412865e+01 5.17954636e+01 4.97849236e+01
    5.10557442e+01 5.02898216e+01 5.06038666e+01 5.18842430e+01
    5.20479660e+01 5.37932281e+01 5.06734581e+01 5.30011711e+01
    5.18008232e+01 5.17513123e+01 4.93008461e+01 4.84838715e+01
    5.00843697e+01 5.02344437e+01 4.92272682e+01 5.35177193e+01
    4.99176445e+01 5.04018021e+01 5.34172592e+01 5.05356827e+01
    5.24687157e+01 5.24366570e+01 5.49482269e+01 5.44034653e+01
    5.34236145e+01 5.35318871e+01 5.55632706e+01 5.62329826e+01
    5.68884544e+01 5.74675217e+01 5.65042076e+01 5.56938133e+01
    5.79264336e+01 5.46882210e+01 5.28393555e+01 5.58560410e+01
    5.40993919e+01 5.32595978e+01 5.25674400e+01 5.36342735e+01
    5.41249428e+01 5.47565079e+01 5.40438805e+01 5.21676521e+01
    5.04672623e+01 4.94189835e+01 5.19281349e+01 5.17429085e+01
    4.84074173e+01 5.20763435e+01 5.16944618e+01 5.00412216e+01
    5.05367126e+01 5.21159592e+01 5.13407440e+01 5.04957314e+01
    4.98954697e+01 5.15660553e+01 5.22997017e+01 5.17846107e+01
    5.24439354e+01 5.19714088e+01 5.36609650e+01 5.46980934e+01
    5.24367142e+01 5.25181084e+01 5.22736130e+01 5.31353302e+01
    5.36504555e+01 5.37922668e+01 5.49781609e+01 5.65259285e+01
    5.31699142e+01 5.32665291e+01 5.12126350e+01 4.91990356e+01
    5.30272446e+01 5.41817207e+01 5.12321625e+01 5.02954788e+01
    5.11257401e+01 4.99732170e+01 4.94133377e+01 5.09288063e+01
    5.02433281e+01 4.69001923e+01 4.90666695e+01 4.68271446e+01
    4.96193428e+01 4.91647110e+01 5.05343208e+01 5.15148087e+01
    5.30044861e+01 5.49898148e+01 5.61220131e+01 5.81481781e+01
    5.71139641e+01 5.36632996e+01 5.79926338e+01 5.66674423e+01
    5.44803696e+01 5.33263435e+01 5.67608833e+01 5.74264755e+01
    5.45864792e+01 5.46975021e+01 5.55177155e+01 5.69454193e+01
    5.48649178e+01 5.34271088e+01 5.55256767e+01 5.52833672e+01
    5.46428986e+01 5.58523026e+01 5.34453392e+01 5.73599701e+01
    5.54881744e+01 5.33187180e+01 5.62468987e+01 5.36119804e+01
    5.57504349e+01 5.39466209e+01 5.08048134e+01 5.24139519e+01
    5.37036209e+01 5.11501732e+01 5.50613289e+01 5.59019737e+01
    5.48855591e+01 5.52487259e+01 5.49131699e+01 5.56098289e+01
    5.94769478e+01 5.68744164e+01 5.53157082e+01 5.68258514e+01
    5.55981331e+01 5.65576782e+01 5.58127022e+01 5.99446526e+01
    5.27276688e+01 5.72800827e+01 5.26501808e+01 5.52053261e+01
    5.81177750e+01 5.31021652e+01 5.33002357e+01 5.41124344e+01
    5.20892563e+01 5.15067062e+01 4.94418411e+01 5.19349594e+01
    4.98826218e+01 4.70199547e+01 4.85963554e+01 4.84411392e+01
    4.80364151e+01 5.01668587e+01 4.76399879e+01 5.06348076e+01
    4.82521133e+01 5.18384247e+01 5.37019806e+01 5.19366150e+01
    5.22193222e+01 5.25739822e+01 4.95721931e+01 5.28415947e+01
    5.20047951e+01 5.16814003e+01 5.27962914e+01 5.17460175e+01
    5.12710876e+01 5.21821327e+01 4.99516945e+01 5.24300308e+01
    4.79961243e+01 4.80967216e+01 5.02465286e+01 5.02990990e+01
    4.85952644e+01 5.10707741e+01 4.94215546e+01 5.20416641e+01
    5.12548523e+01 5.04667969e+01 5.08971596e+01 4.99100952e+01
    5.09057503e+01 5.31978874e+01 5.03394699e+01 5.14944191e+01
    5.19256859e+01 5.29131851e+01 5.48667030e+01 5.51717377e+01
    5.41567268e+01 5.34879723e+01 5.29521980e+01 5.42243690e+01
    5.54276619e+01 5.33322487e+01 5.31293755e+01 5.57408752e+01
    5.46049919e+01 5.22466507e+01 5.52963638e+01 5.41028366e+01
    5.67478867e+01 5.47475853e+01 5.21228638e+01 5.33088684e+01
    5.42534180e+01 5.30709000e+01 5.48953590e+01 5.05421143e+01
    5.21754341e+01 5.40289917e+01 5.45870972e+01 5.44828148e+01
    5.44787598e+01 5.57835846e+01 5.28717384e+01 5.36710243e+01
    5.55014458e+01 5.31876564e+01 5.43774567e+01 5.15261650e+01
    5.30397453e+01 5.48973770e+01 5.31049309e+01 5.28278084e+01
    5.30925179e+01 5.24114532e+01 5.08881264e+01 5.19242554e+01
    5.15712433e+01 5.00826416e+01 4.96161880e+01 5.31617393e+01
    5.11148605e+01 5.32531548e+01 5.10148392e+01 5.43406639e+01
    5.01788979e+01 5.06302605e+01 5.02206688e+01 5.27774391e+01
    4.79434929e+01 5.00766487e+01 5.19666100e+01 5.24303360e+01
    5.13458748e+01 4.86886215e+01 5.18648872e+01 5.28555641e+01
    5.04843025e+01 5.03899307e+01 5.22009697e+01 5.11491699e+01
    5.13119469e+01 4.98952065e+01 5.26805038e+01 5.37162971e+01
    5.26206322e+01 5.49940453e+01 5.65257111e+01 5.44941940e+01
    5.50908318e+01 5.65053062e+01 5.57218971e+01 5.74696541e+01
    5.67451973e+01 5.74839134e+01 5.65735588e+01 5.58180885e+01
    5.28727264e+01 5.46722565e+01 5.48041153e+01 5.49991913e+01
    5.67699509e+01 5.45762749e+01 5.64372177e+01 5.73154526e+01
    5.44033508e+01 5.43544350e+01 5.40211945e+01 5.00601311e+01
    5.19627838e+01 5.10464783e+01 5.15223808e+01 5.03914680e+01
    5.37431870e+01 5.11546440e+01 4.92181969e+01 4.98485718e+01
    4.98861580e+01 5.03766441e+01 4.97856560e+01 5.15998650e+01
    5.14755898e+01 5.20230637e+01 5.48226852e+01 5.40016975e+01
    5.29994431e+01 5.48906937e+01 5.42430115e+01 5.36543808e+01
    5.41126480e+01 5.38049202e+01 5.29072113e+01 5.32230034e+01
    5.50678978e+01 5.50974350e+01 5.00770531e+01 5.14285431e+01
    5.16662865e+01 5.16714363e+01 4.95177460e+01 5.06988945e+01
    5.03391647e+01 5.27298889e+01 4.98377724e+01 5.22188721e+01
    5.04985275e+01 5.16692657e+01 4.77614021e+01 4.92694969e+01
    4.96787453e+01 5.16485748e+01 5.12289352e+01 5.04873352e+01
    5.21260681e+01 5.28525887e+01 5.11022301e+01 5.52921219e+01
    5.59904327e+01 5.76612282e+01 5.60370712e+01 5.40191154e+01
    5.52191315e+01 5.42059822e+01 5.43272285e+01 5.86690178e+01
    5.41156235e+01 5.59179001e+01 5.73766632e+01 5.62566185e+01
    5.69766159e+01 5.62142105e+01 5.77199631e+01 5.55060768e+01
    5.95560074e+01 5.45684090e+01 5.67472458e+01 5.57346840e+01
    5.85391083e+01 5.70005913e+01 5.57617378e+01 5.44891243e+01
    5.55076599e+01 5.38052826e+01 5.30147972e+01 5.53304214e+01
    5.47315826e+01 5.21969948e+01 5.54440575e+01 5.56202545e+01
    5.63308029e+01 5.61121979e+01 5.54244957e+01 5.69058800e+01
    5.51931152e+01 5.67374001e+01 5.39765511e+01 5.40623474e+01
    5.63361549e+01 5.05901794e+01 5.55529633e+01 5.42704239e+01
    5.43364906e+01 5.67264442e+01 5.65547218e+01 5.25991173e+01
    5.44925499e+01 5.28744087e+01 5.31774750e+01 5.37177620e+01
    5.24781265e+01 5.36630974e+01 5.45602875e+01 5.40516243e+01
    5.22910004e+01 5.25758133e+01 5.15715942e+01 4.92394066e+01
    5.08886528e+01 4.78012314e+01 4.61128578e+01 5.00422020e+01
    4.97415771e+01 4.88981972e+01 5.06206207e+01 5.02480507e+01
    5.42070312e+01 5.37913361e+01 5.34578171e+01 5.23132477e+01
    5.30732384e+01 5.41429024e+01 5.46396942e+01 5.23115234e+01
    5.43090096e+01 5.28279190e+01 5.40557213e+01 5.29597092e+01
    5.07437096e+01 5.21671333e+01 5.12812653e+01 4.90380936e+01
    4.87166710e+01 4.94960022e+01 5.09008064e+01 5.37046280e+01
    4.92420158e+01 5.05566139e+01 5.22864037e+01 5.18270416e+01
    5.21510048e+01 5.37081604e+01 5.34072304e+01 5.35236931e+01
    5.35945396e+01 5.19960670e+01 5.40143890e+01 5.36810875e+01
    5.14177551e+01 5.20275841e+01 5.35473900e+01 5.30589447e+01
    5.21945343e+01 5.16904373e+01 5.44136581e+01 5.26246414e+01
    5.28622131e+01 5.29197731e+01 5.51197014e+01 5.38279686e+01
    5.57482109e+01 5.50131454e+01 5.84897194e+01 5.52601089e+01
    5.33759499e+01 5.40159302e+01 5.49411049e+01 5.64146576e+01
    5.41397591e+01 5.45527534e+01 5.42106781e+01 5.59123344e+01
    5.35699348e+01 5.65611382e+01 5.68636932e+01 5.63930092e+01
    5.38512497e+01 5.26176224e+01 5.58479729e+01 5.38763695e+01
    5.38091240e+01 5.36952705e+01 5.23631821e+01 5.34468689e+01
    5.26692352e+01 5.14271164e+01 5.08634872e+01 5.27705269e+01
    4.97113991e+01 4.95329247e+01 5.21636963e+01 5.08719711e+01
    4.89929962e+01 5.28045845e+01 5.06965904e+01 4.80124321e+01
    5.13278160e+01 4.83231735e+01 5.25033455e+01 4.90227356e+01
    5.26006508e+01 5.24955177e+01 5.30960045e+01 5.19464989e+01
    5.21085548e+01 5.24119606e+01 5.36093369e+01 4.92592812e+01
    5.26742134e+01 5.33251610e+01 5.35420647e+01 5.31089516e+01
    5.15896721e+01 5.21710167e+01 5.35582314e+01 5.24408493e+01
    5.20232582e+01 5.58745613e+01 5.48468933e+01 5.48307686e+01
    5.34971390e+01 5.53033180e+01 5.40196877e+01 5.51876907e+01
    5.42448540e+01 5.63429146e+01 5.69235840e+01 5.56446495e+01
    5.44059105e+01 5.50359917e+01 5.45458145e+01 5.46020012e+01
    5.49995003e+01 5.29123878e+01 5.34227180e+01 5.39026718e+01
    5.52218323e+01 5.41865196e+01 5.47360764e+01 5.26005669e+01
    5.26734009e+01 5.21195869e+01 5.50368271e+01 5.27503204e+01
    5.15637360e+01 5.38856735e+01 5.23180161e+01 4.99284592e+01
    5.21005440e+01 4.95485153e+01 5.24163818e+01 5.15228539e+01
    5.02383537e+01 5.28039246e+01 5.55128746e+01 5.19807816e+01
    5.06773758e+01 5.46873093e+01 5.38869286e+01 5.23761635e+01
    5.20980835e+01 5.20500183e+01 5.46635742e+01 5.18657608e+01
    5.36629829e+01 5.15538979e+01 5.43416481e+01 5.48203583e+01
    5.25178337e+01 5.25964775e+01 5.18512917e+01 5.18492393e+01
    5.25326118e+01 5.21699753e+01 5.18376503e+01 5.16431236e+01
    5.28736877e+01 4.84992256e+01 4.98616486e+01 5.02569084e+01
    5.23536148e+01 5.01494751e+01 5.06815491e+01 5.03687973e+01
    4.85503922e+01 5.33228493e+01 5.19015808e+01 5.17841148e+01
    5.06496925e+01 5.36514435e+01 5.59757996e+01 5.59562569e+01
    5.61065674e+01 5.51689148e+01 5.46764946e+01 5.38634186e+01
    5.36619453e+01 5.36930351e+01 5.41615829e+01 5.44514503e+01
    5.71403160e+01 5.64349556e+01 5.66687393e+01 6.10407448e+01
    5.84936600e+01 5.70431290e+01 5.83620300e+01 5.61345253e+01
    5.58243294e+01 5.70795326e+01 5.59184914e+01 5.89044647e+01
    5.86832390e+01 5.65176544e+01 5.81021652e+01 5.62457809e+01
    5.80842438e+01 5.79251213e+01 5.49241676e+01 5.60267220e+01
    5.42551308e+01 5.36434708e+01 5.65036507e+01 5.58005905e+01
    5.71969681e+01 5.49140625e+01 5.65021858e+01 5.70346336e+01
    5.58713531e+01 5.51254234e+01 5.44141655e+01 5.53657417e+01
    5.37905540e+01 5.50491714e+01 5.81708069e+01 5.70979843e+01
    5.92961426e+01 5.48427086e+01 5.46470032e+01 5.56571121e+01
    5.52799568e+01 5.45222282e+01 5.49401970e+01 5.59661751e+01
    5.67379608e+01 5.47876358e+01 5.43893013e+01 5.21626854e+01
    5.26387062e+01 4.87788124e+01 4.99292374e+01 4.90891533e+01
    5.01362724e+01 4.98332863e+01 5.18628845e+01 4.99769707e+01
    5.06364021e+01 5.17389336e+01 5.26766548e+01 5.08853607e+01
    5.32885895e+01 5.29223099e+01 5.13039398e+01 5.35424957e+01
    5.21911278e+01 5.32267151e+01 5.63182297e+01 5.10535049e+01
    5.60690727e+01 5.58593559e+01 5.32328415e+01 5.25978889e+01
    5.15451126e+01 5.02937660e+01 4.99429893e+01 4.93198624e+01
    4.90886497e+01 5.24958076e+01 5.09485817e+01 4.90181885e+01
    5.10700302e+01 5.50682220e+01 5.12850800e+01 5.31256371e+01
    5.43119392e+01 5.16108360e+01 5.36990814e+01 5.10851669e+01
    5.38138199e+01 5.34598808e+01 5.63512344e+01 5.59738312e+01
    5.49983978e+01 5.56148415e+01 5.27655983e+01 5.15963326e+01
    5.41140518e+01 5.40011330e+01 5.28973885e+01 5.39693604e+01
    5.06184044e+01 5.27325172e+01 5.39008522e+01 5.54510002e+01
    5.45309830e+01 5.38925514e+01 5.35365372e+01 5.59597397e+01
    5.53500900e+01 5.47284927e+01 5.42569695e+01 5.43133926e+01
    5.56072655e+01 5.58095741e+01 5.50131073e+01 5.27745743e+01
    5.37516670e+01 5.49683609e+01 5.03672333e+01 5.32559128e+01
    5.41874924e+01 5.26756783e+01 5.12485199e+01 4.81281929e+01
    5.33445358e+01 5.22702599e+01 5.13199577e+01 5.14407310e+01
    5.23801537e+01 5.07746010e+01 5.27695923e+01 5.09043808e+01
    4.97573586e+01 5.03537292e+01 4.94923630e+01 4.84133949e+01
    4.89422417e+01 4.89109001e+01 4.92167473e+01 5.35618553e+01
    5.03188057e+01 4.91314316e+01 4.94344177e+01 5.19760094e+01
    4.97530212e+01 5.13004150e+01 5.01681099e+01 5.17013779e+01
    5.37859535e+01 5.04238548e+01 4.99380226e+01 5.20971947e+01
    4.92743378e+01 5.13215981e+01 5.07901077e+01 4.99420547e+01
    5.37345543e+01 5.42193375e+01 5.06603165e+01 5.10228386e+01
    5.23329926e+01 5.34139099e+01 5.47357368e+01 5.45997696e+01
    5.44692078e+01 5.54508286e+01 5.63019447e+01 5.81929054e+01
    5.65967827e+01 5.56043625e+01 5.36078682e+01 5.35907364e+01
    5.29093246e+01 5.44232368e+01 5.32851181e+01 5.52259865e+01
    5.43738327e+01 5.43351707e+01 5.45304871e+01 5.59959488e+01
    5.42445221e+01 5.70459633e+01 5.55183029e+01 5.23837662e+01
    5.53847694e+01 5.49676323e+01 5.22401009e+01 5.33147125e+01
    5.49304466e+01 5.36951599e+01 5.23217773e+01 5.21962318e+01
    5.35367928e+01 5.08191452e+01 4.89018517e+01 5.04181786e+01
    5.18860931e+01 5.05265388e+01 5.06882133e+01 5.10324974e+01
    5.21987495e+01 5.22559357e+01 5.15042763e+01 5.00607185e+01
    5.19646759e+01 5.48155479e+01 5.19881287e+01 5.04849472e+01
    5.27661705e+01 5.37301025e+01 5.20028915e+01 5.15987015e+01
    5.20260277e+01 5.34780312e+01 5.28846359e+01 5.05300064e+01
    5.25942993e+01 5.04844627e+01 5.03910103e+01 5.22429810e+01
    5.10530014e+01 5.31615105e+01 5.36346779e+01 5.26999016e+01
    5.01461830e+01 5.20552979e+01 5.04124947e+01 5.14536781e+01
    5.32535057e+01 5.50866432e+01 5.21591530e+01 5.31553040e+01
    5.41063766e+01 5.52108231e+01 5.50854416e+01 5.43499260e+01
    5.68456116e+01 5.46129417e+01 5.41181793e+01 5.29592781e+01
    5.57719803e+01 5.60456810e+01 5.70953865e+01 5.48682785e+01
    5.61238251e+01 5.72838745e+01 5.45624695e+01 5.43295975e+01
    5.69480362e+01 5.72036438e+01 5.55744171e+01 5.63320847e+01
    5.69219322e+01 5.96518288e+01 5.74375572e+01 5.85502319e+01
    5.64749947e+01 5.49329414e+01 5.87065430e+01 5.64018555e+01
    5.47826691e+01 5.46657295e+01 5.56596298e+01 5.53654671e+01
    5.62735367e+01 5.67421989e+01 5.58067284e+01 5.62241821e+01
    5.74008942e+01 5.62167740e+01 5.67844200e+01 5.46731262e+01
    5.45809784e+01 5.47398148e+01 5.40254974e+01 5.67904701e+01
    5.62861633e+01 5.58448753e+01 5.42387695e+01 5.69647255e+01
    5.47209969e+01 5.44714584e+01 5.63312111e+01 5.38579292e+01
    5.43299675e+01 5.35838203e+01 5.43454819e+01 5.42116661e+01
    5.05362206e+01 5.02646980e+01 5.39381561e+01 5.04671860e+01
    5.06804886e+01 5.15023613e+01 4.99008217e+01 5.27475471e+01
    5.05224915e+01 4.87000122e+01 5.10202370e+01 5.26189537e+01
    5.44832687e+01 5.36149788e+01 5.15626755e+01 5.20214081e+01
    5.50341988e+01 5.60119896e+01 5.44901810e+01 5.32753906e+01
    5.57424965e+01 5.44768639e+01 5.21459770e+01 5.42298393e+01
    5.29641075e+01 5.23655815e+01 5.27782669e+01 5.11456909e+01
    5.04033165e+01 5.01155472e+01 5.12949295e+01 5.23680496e+01
    5.08597946e+01 5.27890320e+01 5.25542450e+01 5.22838402e+01
    5.23667603e+01 5.19510612e+01 5.41078987e+01 5.45146484e+01
    5.53191452e+01 5.47559471e+01 5.52798042e+01 5.59169540e+01
    5.42456207e+01 5.57404442e+01 5.53579025e+01 5.54345894e+01
    5.39180717e+01 5.49320107e+01 5.57837372e+01 5.55450096e+01
    5.59182396e+01 5.46647682e+01 5.27316284e+01 5.21583405e+01
    5.46750259e+01 5.64845810e+01 5.46373711e+01 5.37314148e+01
    5.22543449e+01 5.74362144e+01 5.24522705e+01 5.50985527e+01
    5.41149673e+01 5.40257072e+01 5.52490768e+01 5.28447800e+01
    5.32067833e+01 5.45981750e+01 5.28200417e+01 5.52588463e+01
    5.21077156e+01 4.93596878e+01 5.35651398e+01 5.32931938e+01
    5.08358116e+01 5.12884750e+01 5.11098709e+01 5.32486763e+01
    4.92303772e+01 4.80403900e+01 5.07438164e+01 5.06411552e+01
    4.78038483e+01 5.00040169e+01 4.74836159e+01 4.86288681e+01
    4.83652687e+01 4.94536858e+01 5.00239372e+01 4.92018280e+01
    4.96557350e+01 5.23545990e+01 5.11807556e+01 4.89832039e+01
    5.03553162e+01 4.93386154e+01 5.03785439e+01 5.19744759e+01
    4.92456284e+01 5.27458191e+01 5.27670937e+01 4.92716103e+01
    5.07562904e+01 5.32728844e+01 5.03074799e+01 5.02655182e+01
    5.30965919e+01 5.34362640e+01 5.39474525e+01 5.08788223e+01
    5.03041153e+01 5.36244659e+01 4.98752594e+01 5.27657738e+01
    5.37173882e+01 5.31548462e+01 5.45797501e+01 5.36851501e+01
    5.41889114e+01 5.41761818e+01 5.35694618e+01 5.26423225e+01
    5.26743431e+01 5.33995667e+01 5.18217316e+01 5.29435005e+01
    5.44954643e+01 5.47012405e+01 5.27704315e+01 5.21017761e+01
    5.40975609e+01 5.31231918e+01 5.29898033e+01 5.43607292e+01
    5.41592903e+01 5.31408806e+01 5.26216545e+01 5.38460083e+01
    5.35076675e+01 5.20456810e+01 5.23462257e+01 5.33649597e+01
    5.22852402e+01 5.24967003e+01 5.28598976e+01 5.30255737e+01
    5.11267281e+01 5.29400635e+01 5.15512886e+01 5.13289490e+01
    5.40375633e+01 5.22103310e+01 5.15919685e+01 4.96698799e+01
    5.38621788e+01 5.38156128e+01 5.36328964e+01 5.41034851e+01
    5.53685379e+01 5.35674210e+01 5.30256691e+01 5.53805275e+01
    5.43339996e+01 5.19618301e+01 5.19760132e+01 5.49997482e+01
    5.48355904e+01 5.16749535e+01 5.22649498e+01 5.30249863e+01
    4.97009354e+01 4.99634247e+01 5.14995155e+01 5.31858864e+01
    5.29764366e+01 5.17182312e+01 5.21648865e+01 5.44362526e+01
    5.29696236e+01 5.50680008e+01 5.28712158e+01 5.36644707e+01
    5.16728516e+01 5.36984177e+01 5.35411339e+01 5.40762329e+01
    5.48216591e+01 5.43641739e+01 5.64532433e+01 5.49556236e+01
    5.41022873e+01 5.41909637e+01 5.33225098e+01 5.45905533e+01
    5.76207085e+01 5.32052803e+01 5.36415520e+01 5.76460304e+01
    5.72947311e+01 5.49549866e+01 5.57281570e+01 5.37180290e+01
    5.44413872e+01 5.39753304e+01 5.34285316e+01 5.59762535e+01
    5.53626137e+01 5.27496986e+01 5.70876045e+01 5.52750053e+01
    5.69485474e+01 5.61691704e+01 5.58316841e+01 5.55137482e+01
    5.45611801e+01 5.45927315e+01 5.43203468e+01 5.69353828e+01
    5.45305977e+01 5.63337593e+01 5.44524994e+01 5.75232239e+01
    5.41891289e+01 5.25591621e+01 5.32508850e+01 5.35127449e+01
    5.35519638e+01 5.46658020e+01 5.77393074e+01 5.68953896e+01
    5.65769081e+01 5.58446465e+01 5.52986374e+01 5.53067245e+01
    5.25759926e+01 5.55255394e+01 5.33958473e+01 5.20448647e+01
    5.36615448e+01 5.49530869e+01 5.43481483e+01 5.11109467e+01
    5.27750740e+01 5.38971672e+01 5.09650726e+01 5.07392693e+01
    4.95727577e+01 4.99731445e+01 5.04855957e+01 5.03493919e+01
    5.12176476e+01 5.35756340e+01 5.30502167e+01 5.57233086e+01
    5.32815819e+01 5.30672722e+01 5.38592720e+01 5.60254745e+01
    5.19944916e+01 5.30372963e+01 5.19040947e+01 5.46944046e+01
    5.46466942e+01 5.48093300e+01 5.21343842e+01 5.43120766e+01
    5.34861298e+01 5.27881851e+01 5.01824875e+01 5.22642746e+01
    5.22210274e+01 5.47550621e+01 5.11844254e+01 5.02291260e+01
    5.68581009e+01 5.29607773e+01 5.14800262e+01 5.14996605e+01
    5.57064438e+01 5.50871887e+01 5.38301849e+01 5.31687508e+01
    5.52956543e+01 5.20886383e+01 5.53883743e+01 5.68529053e+01
    5.53144875e+01 5.65158997e+01 5.84546089e+01 5.26528587e+01
    5.74594650e+01 5.52922058e+01 5.10153580e+01 5.29258232e+01
    5.28065338e+01 5.09226494e+01 5.32768326e+01 5.11735649e+01
    5.18607063e+01 5.22430801e+01 5.18609695e+01 5.32317696e+01
    5.34986458e+01 5.24123840e+01 5.30760956e+01 5.10177040e+01
    4.95406761e+01 5.34643059e+01 5.48395424e+01 5.31582298e+01
    5.13764877e+01 5.12538795e+01 5.24999809e+01 5.08396530e+01
    5.42370644e+01 5.38269196e+01 5.05049667e+01 5.19852257e+01
    5.18238068e+01 5.25530815e+01 5.15700150e+01 5.08356781e+01
    5.05002022e+01 4.94873772e+01 4.97940483e+01 4.94046249e+01
    5.01422234e+01 4.62807388e+01 4.72624359e+01 4.47338676e+01
    4.77701683e+01 4.79796257e+01 4.78026047e+01 4.88308258e+01
    4.98128700e+01 4.73320923e+01 5.19281654e+01 4.92245560e+01
    4.94812317e+01 5.14028358e+01 5.21593666e+01 4.92395248e+01
    5.17914429e+01 5.00005150e+01 4.98237000e+01 5.07807808e+01
    4.96978951e+01 4.79575615e+01 5.18872490e+01 4.88801308e+01
    5.13913422e+01 5.15791321e+01 5.34371948e+01 5.28295403e+01
    5.31347771e+01 5.24931297e+01 5.45031166e+01 5.45920296e+01
    5.58591995e+01 5.39422760e+01 5.45584984e+01 5.55660095e+01
    5.40265350e+01 5.48894043e+01 5.54152679e+01 5.37679787e+01
    5.26882172e+01 5.04492378e+01 5.26261559e+01 5.12961388e+01
    5.20106506e+01 5.32493668e+01 5.47859573e+01 5.50020943e+01
    5.64691582e+01 5.29511070e+01 5.38100510e+01 5.28399773e+01
    5.37909851e+01 5.31452637e+01 5.35947571e+01 5.27785721e+01
    5.34898186e+01 5.43468666e+01 5.23903465e+01 5.52397575e+01
    5.26059418e+01 4.89616051e+01 4.97936172e+01 4.99739227e+01
    5.33631783e+01 5.18083038e+01 5.25233955e+01 5.28204308e+01
    5.28668098e+01 5.08030205e+01 5.46004829e+01 5.50988808e+01
    5.32967033e+01 5.36647568e+01 5.35442696e+01 5.50233345e+01
    5.31526222e+01 5.27288475e+01 5.40782471e+01 5.41321411e+01
    5.24006271e+01 5.33565140e+01 5.41685524e+01 5.47282410e+01
    5.22898636e+01 5.36926575e+01 5.15096588e+01 5.45413132e+01
    5.09705505e+01 5.10289345e+01 5.21554222e+01 5.28005180e+01
    5.40798721e+01 5.42368584e+01 5.22972450e+01 5.50100708e+01
    5.31360207e+01 5.41373482e+01 5.16514435e+01 5.20120010e+01
    5.16238480e+01 5.37842827e+01 5.60971870e+01 5.45244141e+01
    5.56302338e+01 5.75740929e+01 5.34900856e+01 5.36777306e+01
    5.46928406e+01 5.66259956e+01 5.49982071e+01 5.33892174e+01
    5.59496155e+01 5.72391777e+01 5.53305321e+01 5.50105553e+01
    5.40354652e+01 5.45560646e+01 5.39368057e+01 5.54622383e+01
    5.69618111e+01 5.68915558e+01 5.78695793e+01 5.65919838e+01
    5.60888214e+01 5.73958740e+01 5.78792305e+01 5.65328217e+01
    5.48415794e+01 5.51460304e+01 5.55898819e+01 5.20697098e+01
    5.43480072e+01 5.36484299e+01 5.72392502e+01 5.26984100e+01
    5.32468719e+01 5.54021492e+01 5.58263626e+01 5.35171509e+01
    5.29598274e+01 5.31892700e+01 5.37078171e+01 5.22185745e+01
    5.47509003e+01 5.27422676e+01 5.30620613e+01 5.28036575e+01
    5.47908821e+01 5.39676933e+01 5.44614868e+01 5.63886833e+01
    5.66425362e+01 5.47541428e+01 5.43325310e+01 5.34875984e+01
    5.31385040e+01 5.07283745e+01 5.16774445e+01 4.94976234e+01
    5.20848885e+01 5.04123650e+01 5.10963440e+01 4.95341225e+01
    5.13882713e+01 5.04782219e+01 5.17761307e+01 5.37144890e+01
    5.31123543e+01 5.28781891e+01 5.39610748e+01 5.33896866e+01
    5.38923492e+01 5.33822212e+01 5.41679459e+01 5.36447906e+01
    5.61901627e+01 5.37933731e+01 5.65041656e+01 5.46931648e+01
    5.63522453e+01 5.38942490e+01 5.49682274e+01 5.37387924e+01
    5.24271698e+01 5.00593452e+01 5.23867188e+01 5.23653259e+01
    5.49032898e+01 5.04110985e+01 5.31098289e+01 5.22579536e+01
    5.17482758e+01 5.30730438e+01 5.30617409e+01 5.16027145e+01
    5.24213791e+01 5.35180359e+01 5.37009392e+01 5.45692329e+01
    5.45366096e+01 5.67289848e+01 5.45657501e+01 5.32863159e+01
    5.59201202e+01 5.33032379e+01 5.33938065e+01 5.50156631e+01
    5.26429596e+01 5.20986595e+01 5.15902405e+01 5.29032211e+01
    5.29009132e+01 5.41198616e+01 5.37017937e+01 5.23069077e+01
    5.13486176e+01 5.25983276e+01 5.28858032e+01 5.41344452e+01
    5.29793320e+01 5.56907005e+01 5.29701920e+01 5.23891258e+01
    5.32483711e+01 5.55100288e+01 5.09023247e+01 5.50325737e+01
    5.22616425e+01 5.09636192e+01 5.31189575e+01 5.18530884e+01
    5.02575874e+01 4.94197731e+01 5.11267624e+01 5.13265419e+01
    5.02816162e+01 5.03898582e+01 5.19333153e+01 4.96042633e+01
    5.19284058e+01 5.01107101e+01 4.85195732e+01 4.76434898e+01
    4.78940926e+01 4.79227562e+01 4.68923454e+01 4.77685814e+01
    4.88847847e+01 4.96052132e+01 4.80187187e+01 4.82807121e+01
    5.02338905e+01 5.22236710e+01 4.92611389e+01 5.09548111e+01
    4.97293587e+01 5.15230713e+01 5.13690910e+01 5.13256035e+01
    5.06823273e+01 5.11301422e+01 5.19527893e+01 5.17251205e+01
    5.09006844e+01 5.36398811e+01 5.16711044e+01 5.00871429e+01
    5.16345139e+01 5.32719765e+01 5.04052887e+01 5.19617844e+01
    5.36231384e+01 5.24217224e+01 5.36158485e+01 5.29302330e+01
    5.49619675e+01 5.34572296e+01 5.47851410e+01 5.34752655e+01
    5.48321533e+01 5.24230995e+01 5.37560768e+01 5.10180130e+01
    5.35410881e+01 5.40770302e+01 4.99019699e+01 5.38081818e+01
    5.36189156e+01 5.29762344e+01 5.34464569e+01 5.34508820e+01
    5.35247612e+01 5.38214989e+01 5.35520172e+01 5.48945084e+01
    5.25768051e+01 5.33467102e+01 5.26539421e+01 5.41371498e+01
    5.31252251e+01 5.12146072e+01 5.68367577e+01 5.10279350e+01
    5.21970558e+01 5.37209969e+01 5.24359055e+01 5.07342796e+01
    5.26108093e+01 5.08810577e+01 5.38068848e+01 5.15978470e+01
    5.36884651e+01 5.16068878e+01 5.42574081e+01 5.31629562e+01
    5.23665886e+01 5.17809143e+01 5.34601898e+01 5.34048424e+01
    5.37963257e+01 5.11179237e+01 4.96871262e+01 5.30058784e+01
    5.47976379e+01 5.34368019e+01 5.35641708e+01 5.32745285e+01
    5.33273468e+01 4.99227982e+01 5.32257957e+01 5.09840775e+01
    5.07500000e+01 5.33243446e+01 5.26346588e+01 5.28668556e+01
    5.23357582e+01 5.51888580e+01 5.52154617e+01 5.24655304e+01</data></my_img>
<your_img type_id="opencv-matrix">
  <rows>114</rows>
  <cols>242</cols>
  <dt>f</dt>
  <data>
    5.15211067e+01 5.34144478e+01 5.30618095e+01 5.52777939e+01
    5.35515976e+01 5.21433258e+01 5.11214790e+01 5.58743935e+01
    5.25894051e+01 5.39888840e+01 5.27914047e+01 5.05819321e+01
    5.04685020e+01 5.21779213e+01 5.07919121e+01 5.10115738e+01
    5.35088959e+01 5.05679855e+01 5.08362541e+01 5.10596390e+01
    5.34579315e+01 5.39607162e+01 5.07269478e+01 5.08859596e+01
    5.48006821e+01 5.50775070e+01 5.39491310e+01 5.15651398e+01
    5.22096825e+01 5.39387817e+01 5.46730728e+01 5.30598030e+01
    5.35821609e+01 5.26023293e+01 5.43368187e+01 5.11320381e+01
    5.28356476e+01 4.99594650e+01 5.15860405e+01 5.28725700e+01
    5.06695023e+01 5.14492302e+01 5.33720779e+01 5.35295029e+01
    5.34181137e+01 5.33908043e+01 5.20848427e+01 5.48583908e+01
    5.27930489e+01 5.30599709e+01 5.33191376e+01 5.39817390e+01
    5.34834747e+01 5.44166374e+01 5.46299286e+01 5.23094521e+01
    5.48851089e+01 5.44708405e+01 5.34051094e+01 5.48040657e+01
    5.28337898e+01 5.31483345e+01 5.01421890e+01 5.11758423e+01
    5.24767075e+01 5.19094467e+01 5.29720001e+01 5.15470047e+01
    5.33351135e+01 5.57682343e+01 5.10456505e+01 5.10105934e+01
    5.10040932e+01 4.82703552e+01 4.95548172e+01 4.83420143e+01
    5.19192734e+01 4.62379570e+01 5.02651520e+01 5.18258247e+01
    5.09231033e+01 5.03486824e+01 5.23567505e+01 5.16777267e+01
    5.28233337e+01 5.13235931e+01 5.30271835e+01 5.36387711e+01
    5.42944946e+01 5.23180962e+01 5.57403030e+01 5.58049278e+01
    5.52034721e+01 5.39752884e+01 5.42572021e+01 5.60019531e+01
    5.61074638e+01 5.76972961e+01 5.40519447e+01 5.33551712e+01
    5.45809746e+01 5.21746140e+01 5.11192703e+01 5.54334984e+01
    5.54910278e+01 5.53137169e+01 5.33647461e+01 5.25675964e+01
    5.31202393e+01 5.31139984e+01 5.41365280e+01 5.44760742e+01
    5.45750427e+01 5.18401489e+01 5.19085236e+01 5.13482895e+01
    4.97985420e+01 5.20143433e+01 5.28173599e+01 5.09137001e+01
    5.16701431e+01 5.19076996e+01 5.36944656e+01 5.49629593e+01
    5.46373405e+01 5.39151039e+01 5.27346191e+01 5.64857063e+01
    5.46107407e+01 5.59361115e+01 5.70008430e+01 5.67318916e+01
    5.83228073e+01 5.63348961e+01 5.46771660e+01 5.65991669e+01
    5.40359154e+01 5.31389618e+01 5.47048035e+01 5.31852760e+01
    5.28253136e+01 5.09162674e+01 5.47698174e+01 5.55413094e+01
    5.17025719e+01 5.56889114e+01 5.51286392e+01 5.13828926e+01
    5.28384285e+01 5.27585678e+01 5.39483681e+01 5.44560051e+01
    5.28823051e+01 5.28872490e+01 5.34535065e+01 5.21688690e+01
    5.23427505e+01 5.42322617e+01 5.30160332e+01 5.28171539e+01
    5.27449989e+01 5.21544876e+01 5.30419884e+01 5.66402817e+01
    5.48296852e+01 5.34182053e+01 5.11585808e+01 5.31184883e+01
    5.45906868e+01 5.25302010e+01 5.36570168e+01 5.57616577e+01
    5.62961235e+01 5.44306450e+01 5.53830032e+01 5.43517189e+01
    5.44953117e+01 5.35143661e+01 5.48655930e+01 5.30084763e+01
    5.20252953e+01 5.00352402e+01 5.36694527e+01 5.09379692e+01
    5.15191803e+01 4.89525528e+01 4.86853752e+01 5.12624397e+01
    5.02399979e+01 4.97254028e+01 4.91282082e+01 5.05284691e+01
    5.17159004e+01 5.15976105e+01 5.12821083e+01 4.96534081e+01
    5.35655289e+01 5.15286140e+01 5.06958771e+01 5.08987541e+01
    5.32083397e+01 5.30862007e+01 5.04408913e+01 5.19473495e+01
    5.10485764e+01 5.10611038e+01 5.18066025e+01 5.01147728e+01
    5.27937660e+01 5.40104866e+01 5.08174438e+01 5.22914543e+01
    5.08308296e+01 5.17398453e+01 5.13760300e+01 5.17586594e+01
    5.21840172e+01 5.30811691e+01 5.10819397e+01 5.21582642e+01
    5.07506256e+01 5.08461113e+01 5.06608696e+01 5.36973572e+01
    5.25866089e+01 5.21112671e+01 5.52372093e+01 5.86381683e+01
    5.69452286e+01 5.34207191e+01 5.34854851e+01 5.50731468e+01
    5.37492905e+01 5.60671616e+01 5.40583382e+01 5.43466606e+01
    5.45747452e+01 5.28997040e+01 5.72031631e+01 5.67012367e+01
    5.27306862e+01 0. 5.23990631e+01 5.45958595e+01 5.33282166e+01
    5.36109390e+01 5.44488716e+01 5.34062462e+01 5.41412735e+01
    5.40405617e+01 5.46799736e+01 5.44295959e+01 5.35839462e+01
    5.13368874e+01 5.07576866e+01 5.18097153e+01 5.27804413e+01
    4.97367210e+01 5.14173012e+01 5.21725502e+01 5.28933678e+01
    5.25313721e+01 5.28187599e+01 5.36669388e+01 5.18594284e+01
    5.01004105e+01 5.48095512e+01 5.20626144e+01 5.25787888e+01
    5.24775047e+01 5.37082977e+01 5.23901329e+01 5.24385452e+01
    5.22984047e+01 5.38105202e+01 5.32999535e+01 5.19964905e+01
    5.15828819e+01 5.29609222e+01 5.21597443e+01 5.07421074e+01
    5.22498207e+01 5.18331604e+01 5.22699966e+01 5.10318336e+01
    5.22734337e+01 5.09723816e+01 5.21272545e+01 5.19418106e+01
    5.55947876e+01 5.34308052e+01 5.48470268e+01 5.45183296e+01
    5.56481209e+01 5.41568909e+01 5.24408875e+01 5.12043419e+01
    5.40354576e+01 5.19306831e+01 5.02391357e+01 5.14925194e+01
    5.20104752e+01 5.23982811e+01 5.43043251e+01 5.10572166e+01
    5.21526413e+01 5.10316277e+01 5.28370285e+01 5.45539742e+01
    5.18770523e+01 5.27372704e+01 5.26204185e+01 5.23166199e+01
    5.24362946e+01 5.10751762e+01 4.95410995e+01 5.13579597e+01
    4.71470871e+01 5.06192932e+01 4.96564598e+01 4.99767838e+01
    5.11920242e+01 5.16510353e+01 4.93192101e+01 5.23946457e+01
    5.42582283e+01 5.43194389e+01 5.28175888e+01 5.19895973e+01
    5.73623581e+01 5.39780617e+01 5.46743622e+01 5.37287903e+01
    5.37182159e+01 5.43554573e+01 5.34101639e+01 5.24864349e+01
    5.52769203e+01 5.40762711e+01 5.52321739e+01 5.36572990e+01
    5.38729019e+01 5.38955498e+01 5.25514374e+01 5.29551773e+01
    5.49513283e+01 5.51863136e+01 5.57901039e+01 5.37309990e+01
    5.33157272e+01 5.29276199e+01 5.47236519e+01 5.09195938e+01
    5.21306458e+01 5.48121071e+01 5.13805656e+01 5.19787712e+01
    5.30973053e+01 5.04770393e+01 5.14295921e+01 5.18235435e+01
    5.17095146e+01 5.37850838e+01 5.43465767e+01 5.28173065e+01
    5.55816612e+01 5.46292038e+01 5.57671051e+01 5.38457947e+01
    5.18614998e+01 5.61757240e+01 5.35285721e+01 5.49176979e+01
    5.60966492e+01 5.64196548e+01 5.48000374e+01 5.33222923e+01
    5.46218948e+01 5.56020164e+01 5.10802002e+01 5.38556786e+01
    5.32760811e+01 5.30422440e+01 5.30728836e+01 5.21674843e+01
    5.20264282e+01 5.17746696e+01 4.92253075e+01 5.31201630e+01
    5.20252838e+01 4.98706932e+01 5.14875565e+01 5.10316391e+01
    5.12007599e+01 5.38290901e+01 5.37328377e+01 5.49602280e+01
    5.08992729e+01 5.31035576e+01 5.57455482e+01 5.54202652e+01
    5.24362793e+01 5.13263474e+01 5.35897713e+01 5.33918343e+01
    5.43279495e+01 5.07417564e+01 5.36508141e+01 5.22709694e+01
    5.22258415e+01 5.35494385e+01 5.48726158e+01 5.66237946e+01
    5.57206116e+01 5.61927071e+01 5.45200233e+01 5.48096199e+01
    5.33467789e+01 5.27195969e+01 5.49002113e+01 5.23441162e+01
    5.33517380e+01 5.44932251e+01 5.53543167e+01 5.54147491e+01
    5.30731354e+01 5.18202744e+01 5.47358055e+01 5.31816940e+01
    5.01302567e+01 5.21527176e+01 5.16986275e+01 5.16038094e+01
    5.38744278e+01 5.07495079e+01 5.26336861e+01 5.37988815e+01
    5.11718559e+01 5.05445251e+01 5.03949585e+01 5.01043701e+01
    5.20895386e+01 5.12217674e+01 5.07148209e+01 5.26230011e+01
    5.36092529e+01 5.19135628e+01 5.27982368e+01 5.19354744e+01
    5.19818649e+01 5.08856773e+01 5.17994576e+01 5.31554871e+01
    5.18156929e+01 5.24117012e+01 4.93436127e+01 5.22861137e+01
    4.98336296e+01 5.16206856e+01 5.40730095e+01 5.28123589e+01
    5.01874275e+01 5.23544044e+01 5.16465569e+01 5.18546333e+01
    5.21641922e+01 5.34307594e+01 5.43093033e+01 5.29813919e+01
    5.33122826e+01 5.49228020e+01 5.41624565e+01 5.19768524e+01
    5.28846016e+01 5.43375092e+01 5.41726189e+01 5.26025505e+01
    5.56323853e+01 5.50161972e+01 5.54270515e+01 5.57497368e+01
    5.35134735e+01 5.23833618e+01 0. 5.27720566e+01 5.36080132e+01
    5.42611961e+01 5.55632477e+01 5.41054688e+01 5.25473213e+01
    5.26956253e+01 5.58542175e+01 5.29174576e+01 5.22842560e+01
    5.11635742e+01 4.98917503e+01 5.06274834e+01 5.08197441e+01
    4.88533974e+01 5.13848305e+01 5.13781776e+01 5.34267387e+01
    4.99866180e+01 5.15541534e+01 5.16534500e+01 5.37865448e+01
    5.20521660e+01 5.10018501e+01 5.41483765e+01 5.56910934e+01
    5.43145676e+01 5.13455276e+01 5.37403526e+01 5.49165382e+01
    5.38383217e+01 5.20735016e+01 5.28316231e+01 5.47760124e+01
    5.19672546e+01 4.96879654e+01 4.94288101e+01 4.91244431e+01
    5.05269318e+01 5.04511795e+01 5.17965164e+01 5.13321304e+01
    5.23223076e+01 5.26698341e+01 5.23390312e+01 5.03493309e+01
    5.42490845e+01 5.15451088e+01 5.29031105e+01 5.21959801e+01
    5.13523407e+01 5.16663971e+01 5.01928520e+01 5.42776031e+01
    5.05684700e+01 5.15996056e+01 5.34975128e+01 5.33189430e+01
    5.33442459e+01 5.45834389e+01 5.39317856e+01 5.34814873e+01
    5.28542557e+01 5.28304482e+01 5.22053795e+01 5.27561913e+01
    5.11475525e+01 5.20076294e+01 5.37891884e+01 5.24014473e+01
    5.27152748e+01 5.23967552e+01 5.12696075e+01 5.15135612e+01
    5.12738190e+01 4.71018677e+01 4.95960121e+01 5.20958252e+01
    4.93125076e+01 5.15484695e+01 5.05092735e+01 5.13121071e+01
    5.18854103e+01 5.23700066e+01 5.38409576e+01 5.47996750e+01
    5.25013199e+01 5.71741829e+01 5.37244492e+01 5.21058388e+01
    5.52588654e+01 5.55102577e+01 5.78932533e+01 5.61713028e+01
    5.46090240e+01 5.82308311e+01 5.78524857e+01 5.52125397e+01
    5.54455414e+01 5.36466484e+01 5.25158997e+01 5.56501465e+01
    5.46940880e+01 5.33284607e+01 5.51234703e+01 5.57751732e+01
    5.19086723e+01 5.33208771e+01 5.32719345e+01 5.17221031e+01
    5.41379585e+01 5.51449776e+01 5.23397751e+01 5.30965614e+01
    5.10770149e+01 5.13178177e+01 5.07445107e+01 5.13268013e+01
    5.25885353e+01 5.14555244e+01 5.31555634e+01 5.26587372e+01
    5.45135155e+01 5.27663155e+01 5.35664444e+01 5.31039619e+01
    5.13646507e+01 5.14305687e+01 5.40743217e+01 5.40819283e+01
    5.61762619e+01 5.45412788e+01 5.71112862e+01 5.75467262e+01
    5.42283287e+01 5.64807663e+01 5.39074631e+01 5.30107460e+01
    5.13595238e+01 5.20611115e+01 5.09701080e+01 5.19593697e+01
    5.13197632e+01 5.19786758e+01 4.95197716e+01 5.09960861e+01
    5.21026840e+01 5.15836143e+01 4.87497330e+01 5.22506828e+01
    4.90006332e+01 5.13930054e+01 5.34316444e+01 5.35666237e+01
    5.25684319e+01 5.51528168e+01 5.27627792e+01 5.41309166e+01
    5.69255066e+01 5.51145592e+01 5.47361984e+01 5.51604843e+01
    5.66557312e+01 5.78272476e+01 5.28154945e+01 5.54348526e+01
    5.45461807e+01 5.49994202e+01 5.50111313e+01 5.52147522e+01
    5.58890572e+01 5.53708725e+01 5.41851273e+01 5.31298218e+01
    5.27393875e+01 5.50055656e+01 5.41767883e+01 5.34316254e+01
    5.58115997e+01 5.39634361e+01 5.29234772e+01 5.21748085e+01
    5.57069016e+01 5.66230049e+01 5.21187096e+01 5.25420265e+01
    5.20887451e+01 5.28374901e+01 5.19767151e+01 5.16057281e+01
    5.18866615e+01 5.19307823e+01 5.16253319e+01 5.44261475e+01
    5.30391235e+01 5.21214905e+01 5.18807602e+01 5.36262131e+01
    5.11085281e+01 5.06285858e+01 5.62413483e+01 5.29479485e+01
    5.17926826e+01 5.41985283e+01 5.38916092e+01 5.31987839e+01
    5.36042709e+01 5.06928368e+01 5.13767586e+01 5.17497787e+01
    5.26698647e+01 5.33241196e+01 5.05473976e+01 5.16719093e+01
    5.15441666e+01 5.39244041e+01 5.19385529e+01 5.41328659e+01
    5.19116859e+01 5.28510170e+01 5.04775620e+01 5.21091461e+01
    5.23930855e+01 5.25933762e+01 5.06380234e+01 5.39161491e+01
    5.45720253e+01 5.50250816e+01 5.36245575e+01 5.45651398e+01
    5.55149879e+01 5.28689079e+01 5.17468452e+01 5.36745262e+01
    5.41217041e+01 5.43201408e+01 5.32940063e+01 5.26789055e+01
    5.20935364e+01 5.26905174e+01 5.18177834e+01 0. 5.43903046e+01
    5.41876450e+01 5.48172569e+01 5.30196800e+01 5.38745842e+01
    5.45117493e+01 5.27502556e+01 5.42784233e+01 5.38143082e+01
    4.83976021e+01 5.29210930e+01 5.21770630e+01 5.13114281e+01
    5.11818008e+01 5.13431091e+01 5.02616501e+01 5.35570831e+01
    5.07462349e+01 5.21956749e+01 5.43639030e+01 5.51087914e+01
    5.22966728e+01 5.31531944e+01 5.41064568e+01 5.46986809e+01
    5.36253738e+01 5.40891838e+01 5.47193565e+01 5.22892151e+01
    5.13756714e+01 5.42401848e+01 5.16353416e+01 5.16293221e+01
    5.15012932e+01 5.11400795e+01 5.10267410e+01 5.04100113e+01
    4.93521538e+01 4.71647453e+01 5.10564957e+01 5.27758598e+01
    5.18059540e+01 5.02441444e+01 5.39039078e+01 5.37859497e+01
    5.11484528e+01 5.10794220e+01 5.42108421e+01 5.35450211e+01
    5.45942535e+01 5.21852684e+01 5.38975067e+01 5.58778114e+01
    5.43287048e+01 5.49010086e+01 5.49347076e+01 5.37544136e+01
    5.19601517e+01 5.18084373e+01 5.24516029e+01 5.27883568e+01
    5.37049751e+01 5.12663345e+01 5.22056961e+01 5.25951233e+01
    5.13764076e+01 5.28038292e+01 5.33808861e+01 5.62122498e+01
    5.37656746e+01 5.17094841e+01 5.37454300e+01 5.15733223e+01
    4.90007935e+01 5.40658607e+01 5.02935143e+01 5.05542259e+01
    5.40324821e+01 5.37209015e+01 5.25362206e+01 5.16418190e+01
    5.24975700e+01 5.28972359e+01 5.04576645e+01 5.60256615e+01
    5.23506699e+01 5.60809135e+01 5.73864937e+01 5.34332352e+01
    5.21060677e+01 5.62270088e+01 5.50067863e+01 5.65285759e+01
    5.28208160e+01 5.17495232e+01 5.35125008e+01 5.39688797e+01
    5.24561157e+01 5.24649239e+01 5.17839813e+01 5.41331482e+01
    5.37779388e+01 5.42522087e+01 5.34948120e+01 5.24076118e+01
    5.14911232e+01 5.27667122e+01 5.19826736e+01 5.31937904e+01
    4.96088905e+01 5.08941841e+01 5.31375351e+01 5.33566284e+01
    5.00761299e+01 5.33649178e+01 5.28088913e+01 5.06886559e+01
    4.94094353e+01 5.22642822e+01 5.16343880e+01 5.27323570e+01
    5.11344147e+01 5.32393112e+01 5.64941902e+01 5.64082527e+01
    5.57259178e+01 5.28851814e+01 5.31976051e+01 5.38164787e+01
    5.46873512e+01 5.57613449e+01 5.75165482e+01 5.31422043e+01
    5.90361519e+01 5.75052071e+01 5.50237885e+01 5.38836708e+01
    5.09458160e+01 5.12096710e+01 5.19057770e+01 5.13517685e+01
    5.17810287e+01 5.08509140e+01 5.21037979e+01 5.35650635e+01
    4.82499847e+01 5.33199539e+01 5.04875870e+01 5.20446663e+01
    5.14351311e+01 5.34601135e+01 5.39522438e+01 5.22180672e+01
    5.61805496e+01 5.56788177e+01 5.51418571e+01 5.60332489e+01
    5.66789818e+01 5.62181358e+01 5.57406502e+01 5.37010231e+01
    5.80087166e+01 5.73436165e+01 5.47151222e+01 5.38913498e+01
    5.40346413e+01 5.47798805e+01 5.45575333e+01 5.31366692e+01
    5.52221451e+01 5.80581818e+01 5.61184120e+01 5.42218056e+01
    5.48354988e+01 5.66984673e+01 5.55183029e+01 5.66478119e+01
    5.29062195e+01 5.27854691e+01 5.47045822e+01 5.68200417e+01
    5.40844574e+01 5.73735733e+01 5.49374123e+01 5.45284157e+01
    5.42114868e+01 5.20414886e+01 5.35672684e+01 5.48108253e+01
    5.26976891e+01 5.27305145e+01 5.21821251e+01 5.30203857e+01
    5.44028435e+01 5.35611572e+01 5.18815918e+01 5.12528915e+01
    5.05707054e+01 5.23090744e+01 5.27306862e+01 5.20514908e+01
    5.59790421e+01 5.29658890e+01 5.05277710e+01 5.38237000e+01
    5.38863602e+01 5.39142151e+01 5.40886192e+01 5.39634361e+01
    5.23456841e+01 5.26599312e+01 5.38561935e+01 5.28983116e+01
    5.38265762e+01 5.31617203e+01 5.30934296e+01 5.43463058e+01
    5.58860474e+01 5.16542397e+01 5.10442429e+01 5.17524223e+01
    5.00416069e+01 5.04964027e+01 5.24417381e+01 5.33181152e+01
    5.42283363e+01 5.79010010e+01 5.72645760e+01 5.38786659e+01
    5.21249123e+01 5.14516258e+01 5.30049973e+01 5.21183128e+01
    5.33805046e+01 5.31194801e+01 5.39704132e+01 5.39549408e+01
    5.18420906e+01 5.11733627e+01 5.31270828e+01 5.00684738e+01 0.
    5.25798988e+01 5.23766823e+01 5.22812576e+01 5.19085083e+01
    5.55741234e+01 5.44718971e+01 5.13245277e+01 5.17289314e+01
    5.33710632e+01 5.07066498e+01 5.20742226e+01 5.16457558e+01
    4.82234192e+01 5.00539818e+01 5.13189163e+01 5.24783630e+01
    5.08081970e+01 5.10490761e+01 5.15962296e+01 5.41641273e+01
    5.42698631e+01 5.48778305e+01 5.40602646e+01 5.40366898e+01
    5.43024940e+01 5.44209290e+01 5.29760170e+01 5.42591972e+01
    5.58806114e+01 5.32450676e+01 5.36785507e+01 5.28699913e+01
    5.14526939e+01 5.22383766e+01 4.95562134e+01 5.07761459e+01
    5.10556335e+01 4.90548134e+01 5.21363182e+01 4.88313751e+01
    5.22341232e+01 5.22167397e+01 5.27299576e+01 5.29100609e+01
    5.50334587e+01 5.30098228e+01 4.94072266e+01 5.28791237e+01
    5.62528992e+01 5.29054565e+01 5.40639381e+01 5.42497787e+01
    5.43713417e+01 5.55586815e+01 5.27094879e+01 5.05326080e+01
    5.24791336e+01 5.29233627e+01 5.26305618e+01 5.34179192e+01
    5.43990479e+01 5.52074394e+01 5.35549774e+01 5.20727539e+01
    5.41257973e+01 5.34629173e+01 5.35736389e+01 5.21091232e+01
    5.24632683e+01 5.16291389e+01 5.10031815e+01 5.22593575e+01
    5.31545715e+01 5.03162498e+01 5.32133179e+01 5.18405151e+01
    5.13311501e+01 5.13663673e+01 4.97915688e+01 5.25545578e+01
    4.96758575e+01 5.14454193e+01 5.07696915e+01 4.94493141e+01
    5.22048378e+01 5.58097878e+01 5.24179878e+01 5.50275345e+01
    5.40429382e+01 5.27196999e+01 5.34296837e+01 5.47142258e+01
    5.36368065e+01 5.54508934e+01 5.41357880e+01 5.51192055e+01
    5.38857193e+01 5.19502831e+01 5.28561821e+01 5.49832039e+01
    5.33128700e+01 5.30427208e+01 5.13404274e+01 5.15752792e+01
    5.26487656e+01 5.25845718e+01 5.20129890e+01 5.10808754e+01
    5.16649513e+01 5.19418259e+01 5.18896713e+01 5.31372490e+01
    5.41810875e+01 5.14558945e+01 5.23768501e+01 5.17078285e+01
    4.98628387e+01 4.99723129e+01 4.93706360e+01 5.33262177e+01
    5.23608932e+01 5.34093399e+01 5.52682114e+01 5.48377838e+01
    5.74179764e+01 5.49808044e+01 5.30021172e+01 5.31743431e+01
    5.29911728e+01 5.28802719e+01 5.65531464e+01 5.45437622e+01
    5.84554825e+01 5.54632530e+01 5.59614029e+01 5.60330162e+01
    5.39673233e+01 5.34759407e+01 5.26457329e+01 5.27443466e+01
    5.37491493e+01 5.46153450e+01 5.32496643e+01 5.30515976e+01
    5.41962242e+01 5.28445091e+01 5.24349556e+01 5.39387589e+01
    5.14684639e+01 5.17940063e+01 5.43603401e+01 5.18129997e+01
    5.54598083e+01 5.40753021e+01 5.55373459e+01 5.32059288e+01
    5.53702621e+01 5.47373543e+01 5.63850937e+01 5.82217560e+01
    5.57878075e+01 5.72695732e+01 5.79453926e+01 5.50287399e+01
    5.64061089e+01 5.46634140e+01 5.45900002e+01 5.37880058e+01
    5.38010788e+01 5.49716759e+01 5.66153450e+01 5.25346947e+01
    5.42981567e+01 5.44453163e+01 5.36200294e+01 5.45812569e+01
    5.31718102e+01 5.34441032e+01 5.59463120e+01 5.64587479e+01
    5.59147072e+01 5.64752960e+01 5.54642601e+01 5.87976532e+01
    5.54025574e+01 5.53487701e+01 5.54587555e+01 5.64652824e+01
    5.60143852e+01 5.71791954e+01 5.29433784e+01 5.49670029e+01
    5.43080330e+01 5.63487129e+01 5.22623749e+01 5.03182335e+01
    5.18019981e+01 5.25033226e+01 5.25120087e+01 5.37557182e+01
    5.14428177e+01 5.29532127e+01 5.42125130e+01 5.36167107e+01
    5.19232979e+01 5.22419891e+01 5.30155830e+01 5.54181671e+01
    5.30345688e+01 5.18300743e+01 5.36459274e+01 5.31307373e+01
    5.17433205e+01 5.15715065e+01 5.42698250e+01 5.44654579e+01
    5.31324120e+01 5.20370140e+01 5.36145935e+01 5.34935570e+01
    5.37148666e+01 5.20008545e+01 5.25376434e+01 5.27838364e+01
    5.66376572e+01 5.19580536e+01 5.37041283e+01 5.38840790e+01
    5.29373932e+01 5.16825409e+01 5.17500992e+01 5.16775742e+01
    5.56856613e+01 5.46537399e+01 5.35195007e+01 5.49932938e+01
    5.34380112e+01 5.23988724e+01 5.28022156e+01 5.37810135e+01
    5.20789871e+01 0. 5.49427452e+01 5.42577362e+01 5.49426918e+01
    5.53055649e+01 5.50459938e+01 5.42954712e+01 5.21198044e+01
    5.37127686e+01 5.27905617e+01 5.45734711e+01 5.14519615e+01
    4.97809486e+01 5.11787415e+01 5.21788750e+01 4.95363007e+01
    5.33905640e+01 4.97495117e+01 5.24474831e+01 5.00928955e+01
    5.30797501e+01 5.27656288e+01 5.19769287e+01 5.15616341e+01
    5.34961090e+01 5.39955597e+01 5.33832550e+01 5.38225365e+01
    5.41414146e+01 5.30553131e+01 5.38074989e+01 5.52731857e+01
    5.21325912e+01 5.05630379e+01 5.42273407e+01 5.06953506e+01
    4.86452980e+01 4.89651070e+01 5.02302856e+01 4.91194458e+01
    5.11078262e+01 5.14022675e+01 5.08301468e+01 5.27100754e+01
    5.21880951e+01 5.34915848e+01 5.43193855e+01 5.23582611e+01
    5.48428879e+01 5.37556419e+01 5.50628777e+01 5.15201416e+01
    5.56933556e+01 5.31865883e+01 5.48901672e+01 5.31223373e+01
    5.66943741e+01 5.56290359e+01 5.35512428e+01 5.43989105e+01
    5.65976944e+01 5.30358582e+01 5.31044846e+01 5.38974953e+01
    5.25987854e+01 5.10439529e+01 5.26237068e+01 5.22968407e+01
    5.28060074e+01 5.38260384e+01 5.25660629e+01 5.19793663e+01
    5.39205894e+01 5.27654762e+01 5.12128220e+01 5.33407326e+01
    5.12127380e+01 5.04247818e+01 5.05249634e+01 5.08117409e+01
    5.13120842e+01 4.92431107e+01 5.28311844e+01 5.28708305e+01
    5.20217552e+01 5.21929245e+01 5.18784370e+01 5.15421829e+01
    5.41387596e+01 5.12901497e+01 5.19845390e+01 5.54401970e+01
    5.34508095e+01 5.48583069e+01 5.32875595e+01 5.52559853e+01
    5.18873482e+01 5.49747009e+01 5.31441727e+01 5.49322357e+01
    5.17294121e+01 5.29389420e+01 5.30621376e+01 5.20733643e+01
    5.33763695e+01 5.33967476e+01 5.42522697e+01 5.47220383e+01
    5.25617218e+01 5.17424812e+01 5.23423195e+01 5.18123436e+01
    5.31657867e+01 5.42260323e+01 5.38801689e+01 5.25066338e+01
    4.98856544e+01 5.00827446e+01 5.00457916e+01 5.19732170e+01
    5.16236992e+01 5.18594856e+01 5.37308960e+01 5.53479729e+01
    5.30324135e+01 5.73846512e+01 5.57134438e+01 5.28730545e+01
    5.33100433e+01 5.51812248e+01 5.44328003e+01 5.64932518e+01
    5.72648277e+01 5.50623474e+01 5.83536720e+01 5.51014252e+01
    5.42349815e+01 5.56392860e+01 5.41823006e+01 5.41061897e+01
    5.03856201e+01 5.16479301e+01 5.35019875e+01 5.38649025e+01
    5.31717834e+01 5.36321793e+01 5.29125443e+01 5.33073082e+01
    5.28589401e+01 5.22974281e+01 5.30761147e+01 5.33409843e+01
    5.36005516e+01 5.49624863e+01 5.44065781e+01 5.25734749e+01
    5.41699753e+01 5.45987778e+01 5.47946663e+01 5.48217926e+01
    5.65574493e+01 5.24566803e+01 5.50358810e+01 5.54654846e+01
    5.42819786e+01 5.32393723e+01 5.46431122e+01 5.23185043e+01
    5.39353600e+01 5.41410332e+01 5.42724228e+01 5.68632736e+01
    5.48964005e+01 5.39884682e+01 5.76951637e+01 5.33036842e+01
    5.68473167e+01 5.55754509e+01 5.38609428e+01 5.56557236e+01
    5.45328560e+01 5.78461227e+01 5.83170662e+01 5.91342583e+01
    5.73023453e+01 5.51164169e+01 5.42490807e+01 5.62029686e+01
    5.32325859e+01 5.43168755e+01 5.34523506e+01 5.53331947e+01
    5.25696602e+01 5.20291824e+01 5.42271538e+01 5.45692558e+01
    5.19833794e+01 5.02033691e+01 5.27705193e+01 5.31946945e+01
    5.14591408e+01 5.21263962e+01 5.44748878e+01 5.32666168e+01
    5.15983734e+01 5.60934029e+01 5.29163017e+01 5.31012840e+01
    5.24066048e+01 5.20656052e+01 5.20816574e+01 5.34060211e+01
    5.27575417e+01 5.48626099e+01 5.20665894e+01 5.34253273e+01
    5.51196404e+01 5.47138062e+01 5.45680885e+01 5.16309471e+01
    5.13978844e+01 5.28701057e+01 5.02694283e+01 5.01295013e+01
    5.19024849e+01 5.21441650e+01 5.38347321e+01 5.29513626e+01
    5.59658279e+01 5.25490990e+01 5.41206665e+01 5.54054031e+01
    5.12135162e+01 5.34538651e+01 5.48191986e+01 5.09536324e+01
    5.26545181e+01 5.24280739e+01 5.22283669e+01 5.26052818e+01
    5.11585808e+01 5.21833305e+01 0. 5.59426270e+01 5.30669632e+01
    5.42768326e+01 5.22659798e+01 5.17615891e+01 5.16450691e+01
    5.25798645e+01 5.10094299e+01 5.25702171e+01 5.10736580e+01
    5.42663040e+01 4.95945244e+01 5.10186920e+01 5.06342163e+01
    5.14648132e+01 4.90164032e+01 5.06176224e+01 4.93644981e+01
    5.10722923e+01 4.84885063e+01 5.07607269e+01 5.10582314e+01
    5.53448296e+01 5.37384300e+01 5.35698433e+01 5.21184654e+01
    5.18703423e+01 5.15553856e+01 4.98774490e+01 5.06995544e+01
    5.38360443e+01 5.49438362e+01 5.25514526e+01 5.22432289e+01
    5.49566383e+01 5.31139793e+01 4.86825523e+01 5.07315521e+01
    5.16855812e+01 5.05674515e+01 5.01222229e+01 5.25673943e+01
    5.11882401e+01 5.29428596e+01 5.19060783e+01 5.17408905e+01
    5.31840172e+01 5.23896065e+01 5.29700623e+01 5.42102356e+01
    5.07058487e+01 5.29455566e+01 5.46686592e+01 5.43004608e+01
    5.39059334e+01 5.17533684e+01 5.50716743e+01 5.32645760e+01
    5.03691406e+01 5.31275711e+01 5.37016716e+01 5.23684692e+01
    5.41694717e+01 5.31109047e+01 5.48290749e+01 5.45070801e+01
    5.37134132e+01 5.43598061e+01 5.38807640e+01 5.29656906e+01
    4.97547760e+01 5.28152695e+01 4.98185806e+01 5.04700012e+01
    5.05731964e+01 5.01940384e+01 4.89052277e+01 5.07175941e+01
    5.06262550e+01 5.43573494e+01 5.18549538e+01 5.17590752e+01
    5.37374191e+01 5.25677338e+01 5.04190826e+01 5.26804810e+01
    5.36582603e+01 5.28843918e+01 5.38652191e+01 5.34281731e+01
    5.49467163e+01 5.59659500e+01 5.42699623e+01 5.43654137e+01
    5.51817207e+01 5.69614716e+01 5.32692337e+01 5.31084557e+01
    5.51980286e+01 5.48259468e+01 5.10054283e+01 5.40065117e+01
    5.42517662e+01 5.50289879e+01 5.42027092e+01 5.36227722e+01
    5.17515144e+01 5.00306969e+01 4.91702499e+01 5.10764198e+01
    4.88159714e+01 5.40835533e+01 5.15072594e+01 5.15174446e+01
    5.25369263e+01 4.99966850e+01 4.86423454e+01 5.16020889e+01
    5.23214951e+01 5.37572212e+01 5.03722954e+01 5.40807991e+01
    5.40061264e+01 5.50276260e+01 5.41384544e+01 5.74605484e+01
    5.12858734e+01 5.38048363e+01 5.30060234e+01 5.35429649e+01
    5.33029022e+01 5.44162254e+01 5.39041328e+01 5.69740067e+01
    5.55542412e+01 5.59462624e+01 5.53965149e+01 5.46458473e+01
    5.44070854e+01 5.07803574e+01 5.05622177e+01 5.24594650e+01
    5.37986908e+01 5.15426826e+01 5.43905640e+01 5.18676071e+01
    5.21071358e+01 5.28216515e+01 5.21739311e+01 5.19779549e+01
    5.40877151e+01 5.37342796e+01 5.58906555e+01 5.49047050e+01
    5.52688179e+01 5.50142860e+01 5.72494392e+01 5.43896294e+01
    5.49566078e+01 5.76618652e+01 5.39789810e+01 5.52086601e+01
    5.66205292e+01 5.60916901e+01 5.54107323e+01 5.34836845e+01
    5.12551842e+01 5.58809776e+01 5.57941208e+01 5.38253098e+01
    5.85475006e+01 5.67250938e+01 5.57267990e+01 5.53418655e+01
    5.42534103e+01 5.29152260e+01 5.51565590e+01 5.41314468e+01
    5.58517799e+01 5.47122993e+01 5.76444817e+01 5.53755112e+01
    5.49734650e+01 5.54835777e+01 5.51148911e+01 5.49026833e+01
    5.49561806e+01 5.35487404e+01 5.50535851e+01 5.42036743e+01
    5.41829300e+01 5.46123886e+01 5.38925514e+01 5.59199028e+01
    5.46528511e+01 5.51902809e+01 5.07058678e+01 5.16628418e+01
    5.19973946e+01 5.65310478e+01 4.99394188e+01 5.39443016e+01
    5.51292725e+01 5.45849838e+01 5.07582054e+01 5.34976654e+01
    5.24003448e+01 5.14419975e+01 5.17807579e+01 5.28761253e+01
    5.24679527e+01 5.48991394e+01 5.37080269e+01 5.44434929e+01
    5.23905754e+01 5.26148071e+01 5.42990227e+01 5.55753593e+01
    5.33107567e+01 5.33906059e+01 5.05811234e+01 5.10349121e+01
    5.31738663e+01 5.21354294e+01 5.31043892e+01 5.60748100e+01
    5.36744957e+01 5.44845657e+01 5.30744476e+01 5.24505043e+01
    5.40996780e+01 5.16127968e+01 5.16402702e+01 5.16398048e+01
    5.29326477e+01 5.45392914e+01 5.28394051e+01 5.26593018e+01
    5.40601540e+01 5.30341110e+01 5.03556404e+01 0. 5.47193222e+01
    5.47058182e+01 5.34696617e+01 5.26034851e+01 5.55845222e+01
    5.35602112e+01 5.19117813e+01 5.48905678e+01 5.32586632e+01
    5.16523933e+01 5.20204659e+01 4.78283806e+01 4.93579369e+01
    5.00231056e+01 4.74267311e+01 4.90598412e+01 5.01841545e+01
    5.02807617e+01 5.07907677e+01 4.90433769e+01 4.92717400e+01
    5.35775871e+01 5.32036324e+01 5.10087585e+01 5.11582794e+01
    5.30070457e+01 5.33715591e+01 5.27675133e+01 5.27928123e+01
    5.11965179e+01 5.41100197e+01 5.34664459e+01 5.06307526e+01
    5.19924889e+01 5.47365189e+01 5.15256691e+01 5.03509140e+01
    4.93333321e+01 5.11855850e+01 5.29354515e+01 4.90141945e+01
    5.17469749e+01 5.40261688e+01 5.20121498e+01 5.25634155e+01
    5.18390999e+01 5.27498131e+01 5.29754753e+01 5.47694321e+01
    5.31598511e+01 5.10749130e+01 5.23881378e+01 5.08193550e+01
    5.45057220e+01 5.40836067e+01 5.17407074e+01 5.32689438e+01
    5.49479179e+01 5.39723549e+01 5.15703125e+01 5.54895859e+01
    5.62507820e+01 5.63032837e+01 5.58288803e+01 5.32267609e+01
    5.57115555e+01 5.38205528e+01 5.23567429e+01 5.58411026e+01
    5.31418800e+01 5.24749565e+01 5.08810997e+01 5.41823578e+01
    5.03580132e+01 5.13931274e+01 5.39857788e+01 5.32664261e+01
    5.07626953e+01 5.28609848e+01 5.15221405e+01 5.06768341e+01
    4.94180336e+01 5.00628166e+01 5.25765686e+01 5.29434128e+01
    5.29797287e+01 5.16284790e+01 5.36457405e+01 5.28324242e+01
    5.09885063e+01 5.40270462e+01 5.55143051e+01 5.47961731e+01
    5.55716019e+01 5.19676971e+01 5.41427002e+01 5.65815735e+01
    5.31986275e+01 5.26359901e+01 5.33289032e+01 5.37113190e+01
    5.53317223e+01 5.14387360e+01 5.20660820e+01 5.01156120e+01
    5.37912331e+01 5.44281921e+01 5.14005089e+01 5.12806358e+01
    5.26770363e+01 5.22012978e+01 5.43481140e+01 5.25466843e+01
    5.15733604e+01 5.28206215e+01 5.02867928e+01 4.89413528e+01
    5.28318367e+01 5.25422668e+01 5.35901642e+01 5.27465057e+01
    4.98748627e+01 5.30665932e+01 5.37042999e+01 5.42128296e+01
    5.69258614e+01 5.41220970e+01 5.20131454e+01 5.62220383e+01
    5.36422768e+01 5.42227364e+01 5.59952049e+01 5.72827797e+01
    5.45110817e+01 5.36209755e+01 5.51968803e+01 5.63608856e+01
    5.14944267e+01 5.24344597e+01 5.39620018e+01 5.17581711e+01
    5.38726349e+01 5.42041016e+01 5.37003136e+01 5.50655937e+01
    5.58411179e+01 5.53466415e+01 5.61092529e+01 5.31988297e+01
    5.57442551e+01 5.53738327e+01 5.46461182e+01 5.45485954e+01
    5.49583206e+01 5.56019211e+01 5.71993561e+01 5.67985725e+01
    5.55195312e+01 5.45842514e+01 5.71079445e+01 5.76770248e+01
    5.51449356e+01 5.82044487e+01 5.52233582e+01 5.56884804e+01
    5.28317451e+01 5.33138733e+01 5.56692810e+01 5.41472969e+01
    5.74066429e+01 5.52622261e+01 5.43115921e+01 5.45578270e+01
    5.55319519e+01 5.38971291e+01 5.56505737e+01 5.46472054e+01
    5.70603752e+01 5.56838875e+01 5.30616379e+01 5.47680550e+01
    5.38002548e+01 5.35133629e+01 5.65609703e+01 5.39799194e+01
    5.59496498e+01 5.27674026e+01 5.67158394e+01 5.53950081e+01
    5.73288002e+01 5.25384712e+01 5.83852577e+01 5.63315811e+01
    5.76741257e+01 5.28544693e+01 4.99300041e+01 5.48592606e+01
    5.24104881e+01 4.92513046e+01 5.32688293e+01 5.37515640e+01
    5.41076241e+01 5.23532829e+01 5.11315041e+01 5.57694511e+01
    5.32299843e+01 5.35289612e+01 5.23641129e+01 5.04647369e+01
    5.33352356e+01 5.60996628e+01 5.28361893e+01 5.48917847e+01
    5.38403931e+01 5.51958771e+01 5.29197617e+01 5.66753883e+01
    5.56745720e+01 5.36075134e+01 5.39541779e+01 5.23839493e+01
    4.88335915e+01 5.17280998e+01 5.02886391e+01 5.26181374e+01
    5.40064621e+01 5.19776840e+01 5.35040321e+01 5.06140671e+01
    5.15307121e+01 5.06670570e+01 4.98058891e+01 5.19631958e+01
    5.31435966e+01 5.37827988e+01 5.42611275e+01 5.21087723e+01
    5.20173187e+01 5.11946297e+01 5.34957237e+01 5.29931870e+01 0.
    5.48033333e+01 5.65168610e+01 5.55824089e+01 5.52437096e+01
    5.42202988e+01 5.40603867e+01 5.22263908e+01 5.30998459e+01
    5.11429176e+01 5.31885872e+01 4.95488853e+01 5.14806633e+01
    5.19896164e+01 5.01296806e+01 4.78083649e+01 5.01625633e+01
    5.04518929e+01 4.94686966e+01 4.83764496e+01 4.94932747e+01
    5.17187538e+01 5.24638557e+01 5.08947449e+01 5.36318245e+01
    5.51696434e+01 5.31687317e+01 5.29421043e+01 5.14793320e+01
    5.27308083e+01 5.29179192e+01 5.29133186e+01 5.40276222e+01
    5.37494965e+01 5.41539650e+01 5.60663033e+01 5.49759979e+01
    5.38223572e+01 5.17177086e+01 5.23412323e+01 5.16936188e+01
    5.23787689e+01 5.33714027e+01 5.44140739e+01 5.52724533e+01
    5.24987717e+01 5.39726257e+01 5.21133118e+01 5.22281609e+01
    5.20064850e+01 5.31993790e+01 5.13311310e+01 5.12293472e+01
    5.25798683e+01 5.49064407e+01 5.42210121e+01 5.41862297e+01
    5.36765862e+01 5.46922493e+01 5.48864441e+01 5.58451614e+01
    5.56554489e+01 5.56688499e+01 5.39302177e+01 5.22668114e+01
    5.31361618e+01 5.28629494e+01 5.18714027e+01 5.24791183e+01
    5.23206253e+01 5.31071091e+01 5.28849487e+01 5.36842270e+01
    4.88316345e+01 5.25410080e+01 5.24661102e+01 4.83790131e+01
    5.08919334e+01 5.10327377e+01 4.89085464e+01 5.17529411e+01
    5.05713654e+01 4.73047867e+01 5.23882294e+01 5.10146942e+01
    4.98960533e+01 5.06270294e+01 5.08121223e+01 5.02348595e+01
    5.30547943e+01 4.64688797e+01 5.24655190e+01 5.09244537e+01
    5.36173592e+01 5.36841240e+01 5.38683739e+01 5.32203903e+01
    5.43970261e+01 5.08056908e+01 5.54718819e+01 5.30320358e+01
    5.18802147e+01 5.33348579e+01 5.47409821e+01 5.27486305e+01
    5.27149620e+01 5.44308128e+01 5.15289879e+01 5.18572807e+01
    5.19940186e+01 5.06139336e+01 4.97317162e+01 5.18048668e+01
    5.32030067e+01 4.84942932e+01 5.23292274e+01 5.38755684e+01
    5.10122910e+01 5.11543808e+01 5.25982285e+01 5.36327934e+01
    5.14210434e+01 5.41252480e+01 5.58880157e+01 5.51720963e+01
    5.58447075e+01 5.62105103e+01 5.50901260e+01 5.25667038e+01
    5.23633423e+01 5.54701385e+01 5.43867493e+01 5.36553879e+01
    5.53257790e+01 5.39171333e+01 5.35646935e+01 5.29391747e+01
    5.52922249e+01 5.38603287e+01 5.16208649e+01 5.25542946e+01
    5.39166298e+01 5.49393120e+01 5.49999313e+01 5.30213432e+01
    5.65403290e+01 5.66797066e+01 5.44178734e+01 5.52947502e+01
    5.42751961e+01 5.40643044e+01 5.72208710e+01 5.32813187e+01
    5.69323654e+01 5.81433258e+01 5.50564041e+01 5.73979187e+01
    5.56124649e+01 5.68721695e+01 5.46665077e+01 5.66239395e+01
    5.43965874e+01 5.74715233e+01 5.57433395e+01 5.71171112e+01
    5.45395393e+01 5.56329918e+01 5.59590569e+01 5.49056931e+01
    5.39079704e+01 5.56562309e+01 5.64971237e+01 5.38409958e+01
    5.19814606e+01 5.45081902e+01 5.28179398e+01 5.43225021e+01
    5.17296066e+01 5.20337372e+01 5.14919472e+01 5.06132469e+01
    5.25219154e+01 5.58572502e+01 5.33820724e+01 5.33581963e+01
    5.38695793e+01 5.35261650e+01 5.41644783e+01 5.15653648e+01
    5.71775208e+01 5.55434799e+01 5.41781502e+01 5.46187057e+01
    5.47477684e+01 5.71222649e+01 5.56381912e+01 5.16030464e+01
    5.26092873e+01 5.39816628e+01 5.39837837e+01 5.34627151e+01
    5.28805733e+01 5.13843002e+01 5.46315918e+01 5.22259712e+01
    4.98807869e+01 5.35844574e+01 5.16873360e+01 5.18939285e+01
    5.28919830e+01 5.01197205e+01 5.19891357e+01 5.23027382e+01
    5.39232559e+01 5.44241943e+01 5.38879318e+01 5.39527626e+01
    5.20492744e+01 5.56706619e+01 5.28956490e+01 5.12881165e+01
    5.30287056e+01 5.21331520e+01 5.26081085e+01 5.33626709e+01
    5.62082024e+01 5.59671936e+01 5.55145035e+01 5.27087898e+01
    5.22561188e+01 5.27554398e+01 5.14028091e+01 5.15415726e+01
    5.62312508e+01 5.33051224e+01 5.08928528e+01 5.41847191e+01
    5.28953285e+01 5.24030685e+01 5.05191460e+01 5.05414009e+01
    5.36215096e+01 0. 5.64067001e+01 5.49899178e+01 5.50251656e+01
    5.33742905e+01 5.71686020e+01 5.04037437e+01 5.37782516e+01
    5.32678528e+01 5.22672844e+01 5.20161514e+01 5.37369270e+01
    5.27424316e+01 5.57901382e+01 5.16771469e+01 5.12671547e+01
    5.20043449e+01 5.25068512e+01 4.88283653e+01 5.37522659e+01
    5.11521339e+01 5.17966728e+01 5.29302292e+01 5.10540504e+01
    4.93487473e+01 5.26768188e+01 5.17863312e+01 5.10223579e+01
    4.98873863e+01 5.22519112e+01 5.51778870e+01 5.35908127e+01
    5.33246841e+01 5.26540070e+01 5.60301933e+01 5.66034737e+01
    5.56655540e+01 5.51270256e+01 5.42728157e+01 5.30580750e+01
    5.38455925e+01 5.25214005e+01 5.21560478e+01 5.58293114e+01
    5.61139793e+01 5.17366142e+01 5.23559494e+01 5.20629883e+01
    5.11661224e+01 5.23107452e+01 5.28099365e+01 5.36942215e+01
    5.46237907e+01 5.26832466e+01 5.35424767e+01 5.53764305e+01
    5.28860703e+01 5.17098236e+01 5.37181091e+01 5.11099739e+01
    5.17120285e+01 5.54004822e+01 5.46951981e+01 5.50909882e+01
    5.44877777e+01 5.44950294e+01 5.56042862e+01 5.08237495e+01
    5.31513290e+01 5.27904320e+01 4.91712646e+01 5.23378906e+01
    5.28277321e+01 4.81705780e+01 5.09682083e+01 5.09360580e+01
    4.76805649e+01 4.84949112e+01 4.84915466e+01 4.83027611e+01
    5.06425896e+01 4.94170074e+01 4.91941261e+01 5.25012054e+01
    4.99388657e+01 5.03498688e+01 5.33478470e+01 5.13885231e+01
    5.19797821e+01 5.01495590e+01 5.20581245e+01 5.32959366e+01
    5.38877563e+01 5.34051323e+01 5.26890717e+01 5.25588417e+01
    5.23530807e+01 5.26123352e+01 5.15581398e+01 5.31983414e+01
    5.42458534e+01 5.48130035e+01 5.40518265e+01 5.34401855e+01
    5.16542397e+01 5.14487305e+01 5.37851486e+01 5.53533173e+01
    5.07744102e+01 5.14707832e+01 5.16859131e+01 5.17402534e+01
    5.41340752e+01 5.45305519e+01 5.47173386e+01 5.34003296e+01
    5.27027016e+01 5.19802551e+01 5.28912277e+01 5.16906204e+01
    5.32146378e+01 5.35948639e+01 5.14742699e+01 5.55193596e+01
    5.62136955e+01 5.47422371e+01 5.69248886e+01 5.31155167e+01
    5.49024086e+01 5.20805702e+01 5.40065193e+01 5.57320251e+01
    5.64462509e+01 5.61400185e+01 5.80500603e+01 5.39434319e+01
    5.82373161e+01 5.54034958e+01 5.43183937e+01 5.59796715e+01
    5.36256294e+01 5.37445755e+01 5.36479607e+01 5.44040222e+01
    5.58191681e+01 5.50546875e+01 5.26164589e+01 5.48561516e+01
    5.31288109e+01 5.15963440e+01 5.40597420e+01 5.43965149e+01
    5.15335922e+01 5.34156609e+01 5.50705490e+01 5.67093430e+01
    5.57259102e+01 5.55084610e+01 5.47419853e+01 5.62350311e+01
    5.51187019e+01 5.68723984e+01 5.62841568e+01 5.50036354e+01
    5.67819443e+01 5.50907822e+01 5.35011826e+01 5.37277985e+01
    5.54920883e+01 5.46926613e+01 5.35643539e+01 5.64576111e+01
    5.80482979e+01 5.30831833e+01 5.23124352e+01 5.61504936e+01
    5.46045418e+01 5.53520508e+01 5.32657547e+01 5.45106773e+01
    5.27365875e+01 5.31000366e+01 5.43370895e+01 5.56969795e+01
    5.33141441e+01 5.34218864e+01 5.39176865e+01 5.52762833e+01
    5.38083687e+01 5.62549095e+01 5.51216240e+01 5.65788422e+01
    5.55656509e+01 5.57204247e+01 5.77908325e+01 5.58489113e+01
    5.23640480e+01 5.41625175e+01 5.30048256e+01 4.98931427e+01
    5.21291618e+01 5.28337021e+01 5.33980904e+01 5.04023552e+01
    5.31890984e+01 5.22000732e+01 5.13577576e+01 5.40233421e+01
    5.31838303e+01 5.17852173e+01 5.22175636e+01 5.47208710e+01
    5.35131340e+01 5.42820320e+01 5.45844536e+01 5.43945999e+01
    5.24924126e+01 5.42387772e+01 5.21448059e+01 5.46946068e+01
    5.30812492e+01 5.11005554e+01 5.21784363e+01 5.24913139e+01
    5.23051262e+01 5.25877190e+01 5.69394798e+01 5.37167206e+01
    5.15795364e+01 5.15652390e+01 5.20442085e+01 5.21400604e+01
    5.26395874e+01 5.29630890e+01 5.29022675e+01 5.25221062e+01
    5.15900764e+01 5.22307854e+01 5.36067162e+01 5.32278633e+01
    4.91986885e+01 5.25616226e+01 0. 5.44878807e+01 5.78211823e+01
    5.57176094e+01 5.47621918e+01 5.54024887e+01 5.30859795e+01
    5.30165024e+01 5.58788223e+01 5.41455231e+01 5.21182632e+01
    5.20481834e+01 5.22100487e+01 5.28444557e+01 5.20423241e+01
    4.93026543e+01 5.23826637e+01 5.13977318e+01 5.07381248e+01
    5.14612694e+01 4.90923462e+01 4.79016762e+01 4.99363937e+01
    5.10326729e+01 5.29650078e+01 4.89383850e+01 5.08146210e+01
    5.24782944e+01 5.21839333e+01 5.14549484e+01 5.58452454e+01
    5.38803253e+01 5.38923798e+01 5.21708031e+01 5.48891258e+01
    5.48950157e+01 5.61209335e+01 5.42336540e+01 5.62779160e+01
    5.38441658e+01 5.33005180e+01 5.51811104e+01 5.31652145e+01
    5.32697525e+01 5.51622047e+01 5.38981400e+01 5.13311234e+01
    5.23910370e+01 5.21512337e+01 5.27282295e+01 5.33601875e+01
    5.19765930e+01 5.35566597e+01 5.26113319e+01 5.36497383e+01
    5.19284248e+01 5.28264732e+01 5.42182808e+01 5.25339317e+01
    5.37531967e+01 5.56445580e+01 5.54157066e+01 5.42210426e+01
    5.45990791e+01 5.45782547e+01 5.18236961e+01 5.29603043e+01
    5.16495056e+01 5.29480019e+01 5.45202904e+01 5.07201385e+01
    4.91810341e+01 5.53838005e+01 5.26893005e+01 5.08859787e+01
    5.33253899e+01 5.08639526e+01 4.89110947e+01 4.91862411e+01
    4.80311356e+01 4.91035500e+01 5.03216858e+01 5.10826759e+01
    5.02483139e+01 5.28118172e+01 5.30719490e+01 5.04364929e+01
    5.23285255e+01 5.17058907e+01 5.03740044e+01 5.26031647e+01
    5.26476746e+01 5.11264648e+01 5.38149834e+01 5.23048553e+01
    5.42790489e+01 5.22038574e+01 5.30594254e+01 5.33534126e+01
    5.42318649e+01 4.93245621e+01 5.14453812e+01 5.20381088e+01
    5.30103226e+01 5.02784042e+01 5.28870392e+01 5.31351089e+01
    5.43438568e+01 5.18287468e+01 5.02079849e+01 5.29636574e+01
    5.42511406e+01 5.43271027e+01 5.12111206e+01 5.06879997e+01
    5.07515221e+01 5.05091248e+01 5.03896484e+01 5.15539017e+01
    5.13326378e+01 5.40484047e+01 5.20460358e+01 5.22422218e+01
    5.34405823e+01 5.42035065e+01 5.66551743e+01 5.69348717e+01
    5.48746300e+01 5.20227585e+01 5.47363663e+01 5.65551338e+01
    5.67921600e+01 5.34426918e+01 5.70616379e+01 5.60372887e+01
    5.55404129e+01 5.57110748e+01 5.47623291e+01 5.35669594e+01
    5.18573799e+01 5.31397057e+01 5.36528168e+01 5.24920502e+01
    5.26002541e+01 5.33594131e+01 5.62223854e+01 5.37220802e+01
    5.34808502e+01 5.46445923e+01 5.16315346e+01 5.42577896e+01
    5.52151947e+01 5.51948204e+01 5.51726952e+01 5.87788582e+01
    5.63471184e+01 5.62823906e+01 5.49685059e+01 5.74447098e+01
    5.66236458e+01 5.63605843e+01 5.83356781e+01 5.62497139e+01
    5.79451981e+01 5.42732925e+01 5.61771545e+01 5.64093437e+01
    5.42143707e+01 5.43156624e+01 5.54477234e+01 5.54317284e+01
    5.65639076e+01 5.41311035e+01 5.41097527e+01 5.32588005e+01
    5.49840546e+01 5.45006599e+01 5.41204681e+01 5.34001846e+01
    5.29765472e+01 5.38458672e+01 5.42812386e+01 5.27067566e+01
    5.25778389e+01 5.45524902e+01 5.24542427e+01 5.44091797e+01
    5.28186073e+01 5.28893127e+01 5.28242111e+01 5.57114906e+01
    5.28747406e+01 5.48743439e+01 5.32342720e+01 5.60201340e+01
    5.62070160e+01 5.36105309e+01 5.14268112e+01 5.10078850e+01
    5.31188354e+01 5.26997261e+01 5.42928009e+01 5.40893517e+01
    5.44569054e+01 5.27367821e+01 5.54678307e+01 5.43997955e+01
    5.03769035e+01 5.26083565e+01 5.10067749e+01 4.93623810e+01
    5.29969597e+01 5.24645195e+01 5.40079079e+01 5.21469727e+01
    5.30996819e+01 5.31621933e+01 5.37761612e+01 5.48197556e+01
    5.28781700e+01 5.11930504e+01 5.27271271e+01 5.00354805e+01
    5.00847893e+01 5.11857338e+01 5.32766876e+01 5.55783424e+01
    5.41123734e+01 5.06970711e+01 5.16196861e+01 5.07101212e+01
    4.99982185e+01 5.09024124e+01 5.15639610e+01 5.21417465e+01
    5.12267380e+01 5.13299370e+01 5.17189903e+01 4.94140167e+01
    5.16305504e+01 5.18842278e+01 5.19091759e+01 0. 5.70551682e+01
    5.73800087e+01 5.42807007e+01 5.65412865e+01 5.42421761e+01
    5.53538589e+01 5.25350990e+01 5.66648178e+01 5.23459854e+01
    5.35125809e+01 5.35276794e+01 5.28833427e+01 5.17479210e+01
    5.17985649e+01 5.12375908e+01 5.29365883e+01 5.10299416e+01
    5.12019920e+01 4.94695206e+01 4.87615356e+01 5.13091888e+01
    5.22856789e+01 5.09919930e+01 5.35555611e+01 5.13208160e+01
    5.15202332e+01 5.33435287e+01 4.94269104e+01 5.08436279e+01
    5.44432755e+01 5.34299660e+01 5.08293610e+01 5.16166229e+01
    5.37355614e+01 5.36858292e+01 5.40908623e+01 5.36044388e+01
    5.43071175e+01 5.33526382e+01 5.39696274e+01 5.27425423e+01
    5.19575691e+01 5.28800545e+01 5.74324913e+01 5.22832527e+01
    5.19790955e+01 5.21902885e+01 5.36356850e+01 5.09332542e+01
    5.08529701e+01 4.98524857e+01 4.98469200e+01 4.95607262e+01
    5.12069321e+01 5.21831055e+01 5.21082535e+01 5.38612366e+01
    5.61395836e+01 5.36181030e+01 5.43434944e+01 5.40170670e+01
    5.19477882e+01 5.30235138e+01 5.25822830e+01 5.29791756e+01
    5.22137871e+01 5.35480690e+01 5.36548271e+01 5.23406448e+01
    5.29662628e+01 5.37283134e+01 5.34566803e+01 5.18560066e+01
    5.30175667e+01 5.34872971e+01 5.10677299e+01 5.08826675e+01
    5.03452950e+01 5.25635338e+01 5.31100464e+01 5.10909767e+01
    4.98605270e+01 5.37423935e+01 5.17006454e+01 5.28277855e+01
    4.99654236e+01 5.17581139e+01 5.13276634e+01 5.11685257e+01
    5.06171722e+01 5.35970573e+01 5.38584862e+01 5.46729927e+01
    5.16186600e+01 5.24074631e+01 5.54421692e+01 5.39510574e+01
    4.90559578e+01 5.17517662e+01 5.33980789e+01 5.26584549e+01
    5.19637222e+01 5.37794266e+01 5.37314682e+01 5.21960869e+01
    5.38513603e+01 5.05957222e+01 5.09431343e+01 5.10589600e+01
    5.16903381e+01 4.73465195e+01 4.91010399e+01 5.16504822e+01
    5.02849731e+01 5.03365364e+01 5.15421867e+01 5.06375732e+01
    5.20685577e+01 5.23877411e+01 5.46233292e+01 5.52124557e+01
    5.77982140e+01 5.66177483e+01 5.70549812e+01 5.71697388e+01
    5.95092888e+01 5.43994102e+01 5.58294029e+01 5.42816429e+01
    5.61025162e+01 5.53050919e+01 5.60593681e+01 5.25253067e+01
    5.36059990e+01 5.47667465e+01 5.35494690e+01 5.31672516e+01
    5.21222229e+01 5.32064590e+01 5.01587639e+01 5.09924774e+01
    5.27440681e+01 5.15376053e+01 5.34196472e+01 5.55352859e+01
    5.36282921e+01 5.31971130e+01 5.31316948e+01 5.61359482e+01
    5.60016594e+01 5.94779243e+01 5.61593895e+01 5.70088577e+01
    5.73708305e+01 5.63484802e+01 6.01638947e+01 5.80882187e+01
    5.52711639e+01 5.97580299e+01 5.87560425e+01 5.88618851e+01
    5.67636948e+01 5.71605949e+01 5.73596191e+01 5.53459663e+01
    5.32728386e+01 5.37756653e+01 5.54418182e+01 5.59746857e+01
    5.53786316e+01 5.42804260e+01 5.73637085e+01 5.39744720e+01
    5.46689644e+01 5.54024162e+01 5.33240662e+01 5.24805756e+01
    5.12703171e+01 5.15926437e+01 5.13486710e+01 5.18236046e+01
    5.49457626e+01 5.37212067e+01 5.28243027e+01 5.56910362e+01
    5.23269463e+01 5.54084129e+01 5.36730461e+01 5.50454750e+01
    5.52133560e+01 5.61306305e+01 5.51535339e+01 5.71120110e+01
    5.71044197e+01 5.98590355e+01 5.50631676e+01 5.29367790e+01
    5.40049400e+01 5.49834976e+01 5.34511986e+01 5.34246941e+01
    5.25807457e+01 5.48072510e+01 5.48626823e+01 5.23161430e+01
    5.37955093e+01 5.15041924e+01 5.47488098e+01 5.42662621e+01
    5.06890602e+01 5.56867065e+01 5.49171257e+01 5.50092354e+01
    5.43007736e+01 5.43460541e+01 5.51434364e+01 5.29975853e+01
    5.42236328e+01 5.38453560e+01 5.16033096e+01 5.22984810e+01
    5.01817703e+01 5.17036705e+01 5.18552589e+01 5.02105217e+01
    5.30510139e+01 5.14999352e+01 4.88989716e+01 5.15857506e+01
    5.09482689e+01 5.12358170e+01 5.05772552e+01 5.08572464e+01
    5.23283730e+01 5.25063400e+01 5.05769348e+01 5.15925751e+01
    5.16341820e+01 5.29340210e+01 5.18994141e+01 5.22370682e+01 0.
    5.82464600e+01 5.49365997e+01 5.42005768e+01 5.23857384e+01
    5.51303329e+01 5.37635307e+01 5.42700043e+01 5.36820412e+01
    5.45792618e+01 5.20281334e+01 5.25624161e+01 5.12690392e+01
    5.48278389e+01 5.08272095e+01 4.95906982e+01 5.04860649e+01
    5.34144707e+01 5.22753334e+01 5.41987762e+01 5.05358238e+01
    5.08774338e+01 5.19889565e+01 5.16906166e+01 5.04167671e+01
    5.17830696e+01 5.01553726e+01 5.36832657e+01 5.26835022e+01
    5.11560707e+01 5.45707664e+01 5.48899689e+01 5.27444916e+01
    5.36074715e+01 5.49157143e+01 5.42499313e+01 5.57203941e+01
    5.45265503e+01 5.63819427e+01 5.52549858e+01 5.22835999e+01
    5.44028397e+01 5.39769325e+01 5.33747139e+01 5.60086288e+01
    5.21697578e+01 5.09078255e+01 4.90037727e+01 5.24851532e+01
    5.15895500e+01 5.00862885e+01 5.06056290e+01 5.07311554e+01
    5.02851601e+01 5.25133247e+01 5.48712158e+01 5.46766701e+01
    5.37250061e+01 5.30904045e+01 5.18338661e+01 5.24793282e+01
    5.43168030e+01 5.57322617e+01 5.53942223e+01 5.63668556e+01
    5.17582283e+01 5.58403702e+01 5.57515411e+01 5.42576065e+01
    5.38148460e+01 5.39417915e+01 5.30674477e+01 5.52427788e+01
    5.22243881e+01 5.43635139e+01 5.48423347e+01 5.18366852e+01
    5.48284950e+01 5.13685684e+01 5.29056244e+01 5.34190826e+01
    4.94806404e+01 5.25584602e+01 5.21024551e+01 5.28985214e+01
    5.33566055e+01 5.13981895e+01 5.04580841e+01 5.23962822e+01
    5.35495529e+01 5.27846107e+01 5.29404869e+01 5.30478859e+01
    5.24100418e+01 5.22230377e+01 5.33665466e+01 5.16604385e+01
    5.40097275e+01 5.33910789e+01 5.09776611e+01 5.02262421e+01
    5.22229500e+01 5.27144699e+01 5.06509857e+01 4.95615082e+01
    5.40309258e+01 5.09865036e+01 5.19126358e+01 5.01888847e+01
    4.81859550e+01 4.98674126e+01 5.30943031e+01 5.20370941e+01
    5.29118500e+01 5.39420509e+01 5.44873581e+01 4.98280525e+01
    5.25909767e+01 5.41673851e+01 5.32263107e+01 5.25597839e+01
    5.38092384e+01 5.53470192e+01 5.24440727e+01 5.53960495e+01
    5.75731316e+01 5.51090698e+01 5.51058769e+01 5.65486565e+01
    5.64307976e+01 5.51981888e+01 5.38713379e+01 5.81930389e+01
    5.69161415e+01 5.43560448e+01 5.54375687e+01 5.67458534e+01
    5.54932671e+01 5.34933128e+01 5.28074608e+01 5.18071175e+01
    5.10841446e+01 5.34014854e+01 5.39044304e+01 5.48004189e+01
    5.47152939e+01 5.47852631e+01 5.61579323e+01 5.58074493e+01
    5.67026443e+01 5.50040817e+01 5.73663292e+01 5.68667908e+01
    5.81201248e+01 5.71242485e+01 5.87274361e+01 5.77573128e+01
    6.05924683e+01 5.84923019e+01 5.65577431e+01 6.10943222e+01
    6.04288864e+01 5.85193329e+01 5.70768433e+01 5.95688438e+01
    5.71176338e+01 5.52647476e+01 5.54487381e+01 5.49452858e+01
    5.67423630e+01 5.63591957e+01 5.36012764e+01 5.50204544e+01
    5.34894905e+01 5.17836151e+01 5.19000435e+01 5.02601051e+01
    5.19442863e+01 5.08067665e+01 5.07918282e+01 5.08557129e+01
    5.02847748e+01 5.33254280e+01 5.42053261e+01 5.09759598e+01
    5.19253654e+01 5.38379326e+01 5.29387398e+01 5.54707794e+01
    5.59227028e+01 5.48787842e+01 5.64081650e+01 5.69669037e+01
    5.48324509e+01 5.75408020e+01 5.40426712e+01 5.41682167e+01
    5.36812363e+01 5.25936813e+01 5.26396141e+01 5.39568291e+01
    5.31754303e+01 5.50604744e+01 5.21320152e+01 5.39409637e+01
    5.56265221e+01 5.37287674e+01 5.34526253e+01 5.37375298e+01
    5.49638748e+01 5.30471611e+01 5.31610641e+01 5.55871506e+01
    5.62801819e+01 5.50920486e+01 5.34579353e+01 5.32512474e+01
    5.50128746e+01 5.29560394e+01 5.52906647e+01 5.22530327e+01
    5.31899261e+01 5.20507393e+01 5.09878654e+01 5.41389008e+01
    5.45989456e+01 5.49663429e+01 5.57521935e+01 5.04902077e+01
    5.21337395e+01 4.87559357e+01 5.34481049e+01 5.09487877e+01
    4.93465157e+01 5.07303696e+01 5.37836533e+01 5.16250191e+01
    5.10743523e+01 4.88344002e+01 5.31935654e+01 5.16277657e+01
    5.27067528e+01 0. 5.47916565e+01 5.76228218e+01 5.55601082e+01
    5.43060684e+01 5.33539963e+01 5.60788918e+01 5.45962715e+01
    5.29366379e+01 5.17445793e+01 5.39493256e+01 5.42898521e+01
    5.24303589e+01 5.04274178e+01 5.15943718e+01 5.10792732e+01
    5.36026039e+01 5.34721107e+01 5.38074455e+01 5.38203545e+01
    5.27943230e+01 5.29707794e+01 5.21056137e+01 5.17305756e+01
    5.27558365e+01 5.33958931e+01 5.17511292e+01 5.38650131e+01
    5.38029175e+01 5.07943878e+01 5.20416527e+01 5.13037109e+01
    5.30639114e+01 5.17140732e+01 5.29703560e+01 5.40727921e+01
    5.66729813e+01 5.34415169e+01 5.50897255e+01 5.23495407e+01
    5.24324150e+01 5.56000595e+01 5.74453087e+01 5.36059494e+01
    5.28792572e+01 5.36894569e+01 5.21825638e+01 5.37442513e+01
    5.36653366e+01 5.46533775e+01 5.60057068e+01 5.16448555e+01
    5.38026123e+01 5.35445328e+01 5.41128159e+01 5.51150665e+01
    5.41346893e+01 5.46582603e+01 5.49064636e+01 5.37957382e+01
    5.67082100e+01 5.80754280e+01 5.44538727e+01 5.60321312e+01
    5.69434547e+01 5.12248993e+01 5.17885666e+01 5.33211060e+01
    5.27417564e+01 5.34374962e+01 5.05373955e+01 5.28447495e+01
    5.48930206e+01 5.25662079e+01 5.34859085e+01 5.37748146e+01
    5.13438530e+01 5.31161957e+01 5.33427086e+01 5.14343681e+01
    5.17622719e+01 4.99751930e+01 5.31953239e+01 5.20486374e+01
    5.29245224e+01 5.08626938e+01 5.26129112e+01 5.00951271e+01
    5.23346291e+01 5.29522591e+01 5.17001839e+01 4.97621422e+01
    5.20904579e+01 5.34347229e+01 5.29519463e+01 5.44524078e+01
    5.18106461e+01 4.99325867e+01 5.10588951e+01 5.32687149e+01
    4.96138115e+01 4.99008713e+01 4.91812134e+01 5.32043266e+01
    4.83882141e+01 4.72045174e+01 4.98654900e+01 5.31064606e+01
    4.99294930e+01 5.03068085e+01 5.15216789e+01 4.97932968e+01
    5.06512756e+01 5.13791199e+01 5.04534721e+01 5.17942924e+01
    5.16420670e+01 4.90587120e+01 5.23080215e+01 5.46066284e+01
    5.28113327e+01 5.09703827e+01 5.49299011e+01 5.54861069e+01
    5.47754974e+01 5.77321548e+01 5.70833092e+01 5.41093445e+01
    5.61293907e+01 5.75166931e+01 5.62304726e+01 5.60973625e+01
    5.64817543e+01 5.73940620e+01 5.47215424e+01 5.42969589e+01
    5.29985466e+01 5.29232140e+01 5.17421875e+01 5.55772858e+01
    5.35781746e+01 5.28072777e+01 5.37773628e+01 5.47440071e+01
    5.51569023e+01 5.64535713e+01 5.24275436e+01 5.30541153e+01
    5.41053200e+01 5.55081673e+01 5.64968719e+01 5.57521706e+01
    5.65002975e+01 5.94314651e+01 5.97058258e+01 5.59563866e+01
    5.85435333e+01 5.67837715e+01 5.96489830e+01 5.75560188e+01
    5.69555168e+01 5.74366837e+01 5.87864342e+01 5.45604897e+01
    5.96886330e+01 5.71135979e+01 5.60137901e+01 5.61371155e+01
    5.43009186e+01 5.57886810e+01 5.27669411e+01 5.31685600e+01
    5.23213997e+01 5.13192024e+01 5.36685791e+01 5.41236610e+01
    5.34128342e+01 5.48764877e+01 5.14320755e+01 4.91830330e+01
    5.01216660e+01 5.19782906e+01 5.28750916e+01 5.44858398e+01
    5.35125046e+01 5.28561287e+01 5.58809662e+01 5.42752800e+01
    5.33536949e+01 5.48941841e+01 5.42200813e+01 5.18387756e+01
    5.38639565e+01 5.29114914e+01 5.60193062e+01 5.49831276e+01
    5.29360580e+01 5.33453636e+01 5.19833488e+01 5.26262856e+01
    5.54747581e+01 5.08041534e+01 5.38156395e+01 5.25937157e+01
    5.13144493e+01 5.38706779e+01 5.48030167e+01 5.62477379e+01
    5.47845573e+01 5.62602844e+01 5.27732887e+01 5.48401222e+01
    5.48894348e+01 5.46848450e+01 5.51681404e+01 5.50176849e+01
    5.44322929e+01 5.87683029e+01 5.51684341e+01 5.33679733e+01
    5.49059410e+01 5.20603256e+01 5.07150955e+01 5.26003799e+01
    5.15089226e+01 5.48429604e+01 5.23870659e+01 5.19169655e+01
    5.19410667e+01 4.88767090e+01 4.85411644e+01 5.10350227e+01
    5.23062744e+01 5.01923676e+01 5.25634117e+01 5.29204292e+01
    5.12539787e+01 5.47894592e+01 5.09768867e+01 5.22279396e+01
    5.43373718e+01 5.26749649e+01 0. 5.52134628e+01 5.49562645e+01
    5.42131348e+01 5.36272354e+01 5.39895401e+01 5.39506493e+01
    5.15502052e+01 5.36050682e+01 5.20135803e+01 5.05449791e+01
    5.27213249e+01 4.98139610e+01 5.32721901e+01 5.34867935e+01
    5.01946754e+01 5.29642181e+01 5.16608925e+01 4.96302452e+01
    5.30456734e+01 5.24459610e+01 5.15202942e+01 5.31008415e+01
    5.05668411e+01 5.19207344e+01 5.38064919e+01 5.50080338e+01
    5.13381958e+01 5.17994385e+01 5.08892860e+01 5.38410301e+01
    5.27217789e+01 5.29847412e+01 5.50358658e+01 5.58269730e+01
    5.52991028e+01 5.70453262e+01 5.45553474e+01 5.51313705e+01
    5.35277672e+01 5.56411667e+01 5.57917290e+01 5.79541702e+01
    5.54314384e+01 5.57253799e+01 5.56922264e+01 5.60457916e+01
    5.40281906e+01 5.42326965e+01 5.37603874e+01 5.33181152e+01
    5.40132751e+01 5.34495316e+01 5.17685699e+01 5.44088821e+01
    5.39103432e+01 5.36455421e+01 5.44246559e+01 5.46546516e+01
    5.35989647e+01 5.28943977e+01 5.77642784e+01 5.71725349e+01
    5.19053116e+01 5.47073135e+01 5.40926208e+01 5.19976234e+01
    5.41653862e+01 5.36656799e+01 5.56514664e+01 5.42940292e+01
    5.13873520e+01 5.59077187e+01 5.40502930e+01 5.49288712e+01
    5.15845604e+01 5.42333870e+01 5.45075035e+01 5.24439735e+01
    5.09898376e+01 5.46075516e+01 5.12048874e+01 5.38217125e+01
    5.55369377e+01 5.23418007e+01 5.34308624e+01 5.07357864e+01
    5.10531387e+01 5.18142738e+01 5.29654617e+01 4.95929794e+01
    5.26191177e+01 5.26759949e+01 5.46294098e+01 5.15512123e+01
    5.25581627e+01 5.50482330e+01 5.64667969e+01 5.00254555e+01
    5.22057915e+01 5.51431427e+01 5.39462357e+01 5.19220085e+01
    5.07843132e+01 5.14378395e+01 5.31626816e+01 5.28387108e+01
    5.26802406e+01 5.23169365e+01 5.04139709e+01 5.19222527e+01
    5.10416641e+01 5.02831345e+01 5.14314499e+01 5.35880470e+01
    5.06631737e+01 5.22893066e+01 5.21228027e+01 5.09362564e+01
    5.38356133e+01 5.27517433e+01 5.51445427e+01 5.36775589e+01
    5.33761864e+01 5.74918022e+01 5.73262978e+01 5.91211357e+01
    5.37286186e+01 5.46950722e+01 5.93567467e+01 5.44867668e+01
    5.25664902e+01 5.69549980e+01 5.50728951e+01 5.34435349e+01
    5.32094040e+01 5.51461678e+01 5.65415001e+01 5.36128006e+01
    5.46551666e+01 5.39070511e+01 5.26435966e+01 5.18845596e+01
    5.30516701e+01 5.28590660e+01 5.59986916e+01 5.22500458e+01
    5.30262032e+01 5.39127541e+01 5.53396835e+01 5.32730942e+01
    5.77413788e+01 5.81535301e+01 5.74400711e+01 5.57849121e+01
    5.98363991e+01 5.85074425e+01 5.84024277e+01 5.86905937e+01
    5.99448814e+01 5.81870499e+01 6.05957146e+01 5.60460548e+01
    5.82827301e+01 5.96228294e+01 5.62019539e+01 5.31502571e+01
    5.48238335e+01 5.37967682e+01 5.32691040e+01 5.34374580e+01
    5.21369553e+01 5.30759087e+01 5.32556801e+01 5.19546585e+01
    5.45372238e+01 5.37089424e+01 5.01195030e+01 5.13779716e+01
    4.87541084e+01 4.90538216e+01 5.04978104e+01 5.21891479e+01
    5.45557365e+01 5.20445824e+01 5.25666924e+01 5.40754662e+01
    5.52866516e+01 5.40469971e+01 5.34287949e+01 5.38123055e+01
    5.38371735e+01 5.51087036e+01 5.39874115e+01 5.71909142e+01
    5.92809525e+01 5.29490089e+01 5.50787010e+01 5.45388069e+01
    5.32465096e+01 5.32809486e+01 5.12653046e+01 5.37061882e+01
    5.09772263e+01 5.26472702e+01 5.49558983e+01 5.62023849e+01
    5.34665909e+01 5.32203484e+01 5.27588043e+01 5.30908051e+01
    5.54976654e+01 5.31207047e+01 5.59895668e+01 5.84455872e+01
    5.64757767e+01 5.56108170e+01 5.54665489e+01 5.34630508e+01
    5.37335205e+01 5.46858788e+01 5.44341393e+01 5.37547989e+01
    5.45310936e+01 5.19493484e+01 5.33266373e+01 5.22848587e+01
    5.03836784e+01 5.20250206e+01 5.39078064e+01 4.93432655e+01
    5.04601479e+01 5.27151680e+01 5.24269753e+01 5.29527550e+01
    5.35893860e+01 5.24428940e+01 5.13521919e+01 5.27775383e+01
    5.42989082e+01 5.04775467e+01 5.15795212e+01 0. 5.73851929e+01
    5.43347740e+01 5.69147339e+01 5.25323105e+01 5.58030434e+01
    5.41047821e+01 5.43370552e+01 5.05941162e+01 5.53159714e+01
    5.13093987e+01 5.38280754e+01 5.13581505e+01 5.42009544e+01
    5.07067909e+01 4.95058594e+01 5.05872803e+01 5.42325287e+01
    5.47226257e+01 5.35249367e+01 5.20552711e+01 5.23555527e+01
    5.40711060e+01 5.03590813e+01 5.01166992e+01 5.18866043e+01
    5.07570992e+01 5.36275940e+01 5.36457176e+01 5.42966232e+01
    5.42905045e+01 5.51626511e+01 5.32746315e+01 5.26270599e+01
    5.36931267e+01 5.50333595e+01 5.86542625e+01 5.62189484e+01
    5.37843933e+01 5.82739830e+01 5.69268379e+01 5.58285446e+01
    5.71288910e+01 5.64940758e+01 5.39579086e+01 5.49449272e+01
    5.43191643e+01 5.18955498e+01 5.20149269e+01 5.60997467e+01
    5.22179642e+01 5.29956360e+01 5.37237015e+01 5.34685173e+01
    5.32175636e+01 5.35100670e+01 5.17232246e+01 5.37638016e+01
    5.30095634e+01 5.26555405e+01 5.51128349e+01 5.35493240e+01
    5.39123421e+01 5.51509933e+01 5.47439346e+01 5.53182259e+01
    5.39139977e+01 5.42910461e+01 5.25405273e+01 5.54600754e+01
    5.52658539e+01 5.35791588e+01 5.50487442e+01 5.52022820e+01
    5.37747421e+01 5.31881828e+01 5.20232468e+01 5.42638435e+01
    5.21421127e+01 5.30910187e+01 5.30259247e+01 5.34263229e+01
    5.27088318e+01 5.32120857e+01 5.27269478e+01 5.30732613e+01
    5.34991760e+01 4.98517609e+01 5.27602539e+01 5.24413033e+01
    5.05912056e+01 5.10439415e+01 5.19137306e+01 5.20495224e+01
    5.22692490e+01 5.24407425e+01 5.28558731e+01 5.22519073e+01
    5.20878220e+01 5.11251678e+01 5.21263275e+01 5.32851868e+01
    5.20160980e+01 5.06813698e+01 4.99179802e+01 5.19991531e+01
    5.36382561e+01 4.94605446e+01 4.87237358e+01 4.97946358e+01
    4.94549599e+01 5.16851997e+01 5.00097961e+01 5.04583931e+01
    5.16995392e+01 5.09155159e+01 4.98482361e+01 4.88806190e+01
    5.14390907e+01 5.15992012e+01 5.30548286e+01 5.11477203e+01
    5.51556091e+01 5.30305176e+01 5.44582672e+01 5.29550858e+01
    5.82237511e+01 5.44692802e+01 5.31461296e+01 5.07769623e+01
    5.81709023e+01 5.27751503e+01 5.32720222e+01 5.64655685e+01
    5.74086075e+01 5.39045982e+01 5.24873924e+01 5.36755638e+01
    5.39854279e+01 5.33357658e+01 5.23863640e+01 5.14889603e+01
    5.51893845e+01 5.21747589e+01 5.30844498e+01 5.49028473e+01
    5.56164856e+01 5.46904221e+01 5.53232231e+01 5.86734390e+01
    5.59959869e+01 5.89567947e+01 6.01753235e+01 6.06707191e+01
    5.81299210e+01 5.85001450e+01 5.91210938e+01 5.84226303e+01
    5.86237068e+01 5.85484467e+01 5.72356796e+01 5.56448936e+01
    5.78106995e+01 5.36169510e+01 5.88861046e+01 5.62841339e+01
    5.19192924e+01 5.37167473e+01 5.39755745e+01 5.29728088e+01
    5.31838036e+01 5.15167313e+01 5.37330971e+01 4.84512901e+01
    4.96779327e+01 5.24296455e+01 5.11022644e+01 5.09026604e+01
    5.12829857e+01 4.93369713e+01 5.11017456e+01 5.18914757e+01
    4.94979095e+01 5.08406029e+01 5.33306694e+01 5.34071465e+01
    5.43875008e+01 5.45196800e+01 5.38258858e+01 5.41600456e+01
    5.35707779e+01 5.38247337e+01 5.66356506e+01 5.53496857e+01
    5.60402985e+01 5.63216171e+01 5.39218063e+01 5.04629478e+01
    5.13046608e+01 5.21802101e+01 5.20101967e+01 5.28083382e+01
    5.51877251e+01 5.54694023e+01 5.45324707e+01 5.63772430e+01
    5.21191978e+01 5.51540565e+01 5.34541359e+01 5.39791489e+01
    5.59590340e+01 5.19784508e+01 5.58689880e+01 5.45479889e+01
    5.36182709e+01 5.35181274e+01 5.38404961e+01 5.42543297e+01
    5.53360062e+01 5.34400940e+01 5.21885338e+01 5.57662392e+01
    5.46045570e+01 5.27823563e+01 5.20540009e+01 5.43529396e+01
    5.47815361e+01 5.61175690e+01 5.17503242e+01 5.33169327e+01
    5.14519539e+01 5.29906807e+01 5.22352982e+01 5.09506721e+01
    5.13614960e+01 5.07923851e+01 4.90899734e+01 5.11154556e+01
    4.70606461e+01 5.00414925e+01 5.08341026e+01 5.07857857e+01 0.
    5.62140121e+01 5.63675003e+01 5.45336800e+01 5.37705116e+01
    5.30146141e+01 5.42178040e+01 5.29306564e+01 5.30753975e+01
    5.28886147e+01 5.48113403e+01 4.98398476e+01 5.22299690e+01
    5.07574730e+01 5.50812035e+01 5.20326271e+01 5.51851807e+01
    5.33996506e+01 5.42519417e+01 5.31829262e+01 5.22059631e+01
    4.91684685e+01 5.28318558e+01 5.04573402e+01 5.22632179e+01
    5.40174446e+01 5.48381386e+01 5.55272789e+01 5.39742584e+01
    5.50136223e+01 5.57651215e+01 5.69205093e+01 5.40004463e+01
    5.68162613e+01 5.81111755e+01 5.72840576e+01 5.80338821e+01
    5.83691406e+01 5.73933182e+01 5.73978844e+01 5.63629036e+01
    5.35407524e+01 5.30641861e+01 5.41438980e+01 5.66824303e+01
    5.49202690e+01 5.24408035e+01 5.25022583e+01 5.34495964e+01
    5.30632286e+01 5.24878426e+01 5.01435356e+01 5.10149155e+01
    4.96883507e+01 5.20441589e+01 5.08757744e+01 5.35414848e+01
    5.27062988e+01 5.45460892e+01 5.31008492e+01 5.18708496e+01
    5.64710579e+01 5.64893723e+01 5.32493591e+01 5.37859230e+01
    5.35063934e+01 5.40373764e+01 5.25563278e+01 5.48821945e+01
    5.23936806e+01 5.25567398e+01 5.55434875e+01 5.61032295e+01
    4.89332199e+01 5.35483704e+01 5.16696014e+01 5.10096703e+01
    5.50960579e+01 5.31840858e+01 5.09798088e+01 5.39853745e+01
    5.17524567e+01 5.17938881e+01 5.28529663e+01 5.19879951e+01
    4.97733192e+01 5.23989029e+01 5.04905052e+01 5.22947960e+01
    4.85145760e+01 5.25171394e+01 5.38690834e+01 5.28979073e+01
    5.34182892e+01 5.39925537e+01 5.45504456e+01 5.58008575e+01
    5.35165520e+01 5.22471466e+01 5.48153687e+01 5.45433502e+01
    5.33344727e+01 5.00575523e+01 5.26805725e+01 5.26990280e+01
    5.24279404e+01 5.05508957e+01 5.50515366e+01 5.24150467e+01
    5.10736160e+01 5.07046013e+01 4.99158211e+01 5.05574989e+01
    5.43251038e+01 4.99169235e+01 4.81601982e+01 5.10722466e+01
    5.33597679e+01 5.06447906e+01 5.18198166e+01 5.44244576e+01
    5.12506638e+01 5.34259491e+01 5.28015022e+01 5.46492882e+01
    5.42953491e+01 5.73980865e+01 5.55858269e+01 5.56305161e+01
    5.43304100e+01 5.46358604e+01 5.54599342e+01 5.52544212e+01
    5.46151695e+01 5.33246956e+01 5.38658371e+01 5.41066437e+01
    5.14575882e+01 5.23546906e+01 5.31843071e+01 5.07419815e+01
    5.18154869e+01 5.41593819e+01 5.59273415e+01 5.26687355e+01
    5.67039337e+01 5.41596375e+01 5.65772820e+01 5.53136864e+01
    5.37443085e+01 5.72378044e+01 5.83162689e+01 5.78750305e+01
    5.94753532e+01 5.90913239e+01 5.95226936e+01 6.07273216e+01
    5.92438583e+01 5.95330696e+01 5.94463348e+01 5.96736069e+01
    5.62913513e+01 5.70299416e+01 5.40139389e+01 5.86925850e+01
    5.45316772e+01 5.17536011e+01 5.45667038e+01 5.23363800e+01
    5.10273933e+01 4.89504929e+01 5.09118996e+01 5.24633102e+01
    4.99170723e+01 4.93305931e+01 5.16025772e+01 5.16799240e+01
    4.93992729e+01 5.19269829e+01 4.73943863e+01 4.67349358e+01
    5.00857430e+01 5.15883522e+01 5.15678520e+01 5.10580139e+01
    5.36633835e+01 5.62627182e+01 5.47862625e+01 5.23464279e+01
    5.45373878e+01 5.19159126e+01 5.44463081e+01 5.52104797e+01
    5.53155098e+01 5.60953217e+01 5.72489014e+01 5.54692650e+01
    5.63894577e+01 5.33758926e+01 5.59779701e+01 5.65345459e+01
    5.11047401e+01 5.45070343e+01 5.37495461e+01 5.04831619e+01
    5.29564095e+01 5.35435448e+01 5.19573250e+01 5.46202393e+01
    5.48074074e+01 5.25111809e+01 5.21508751e+01 5.14429054e+01
    5.33156624e+01 5.46655235e+01 5.72160873e+01 5.42662468e+01
    5.39088249e+01 5.34032364e+01 5.58002052e+01 5.40816422e+01
    5.43206024e+01 5.24738693e+01 5.68219719e+01 5.37252426e+01
    5.43003998e+01 5.65691566e+01 5.42934723e+01 5.21138115e+01
    4.98099709e+01 5.20003853e+01 5.08258743e+01 5.17916451e+01
    4.95187836e+01 5.05933037e+01 5.31928711e+01 5.02801170e+01
    4.83031082e+01 5.00492554e+01 5.17736588e+01 5.04929619e+01
    5.34690742e+01 0. 5.55750237e+01 5.81317520e+01 5.27140923e+01
    5.32047119e+01 5.40666389e+01 5.51695328e+01 5.37000923e+01
    5.21707993e+01 5.30971260e+01 5.46620750e+01 5.09641762e+01
    5.39501114e+01 5.37312012e+01 5.37338371e+01 5.06086388e+01
    5.51997643e+01 5.38120232e+01 5.29972801e+01 5.55037880e+01
    5.39778175e+01 5.29692841e+01 5.36943703e+01 5.12677040e+01
    5.49272499e+01 5.49539719e+01 5.32770729e+01 5.15520363e+01
    5.51790161e+01 5.48071480e+01 5.47592659e+01 5.19763145e+01
    5.60557480e+01 5.66563683e+01 5.73259315e+01 5.40661774e+01
    5.80000458e+01 5.72107735e+01 5.70229568e+01 5.54602165e+01
    5.73567352e+01 5.73290253e+01 5.59890022e+01 5.58827209e+01
    5.49785919e+01 5.66381340e+01 5.20559998e+01 5.17848778e+01
    5.26820297e+01 5.24162788e+01 5.13598099e+01 5.24251633e+01
    5.27650795e+01 5.07061539e+01 5.18179703e+01 5.31011429e+01
    5.44518394e+01 5.50871620e+01 5.31032448e+01 5.35388756e+01
    5.59507713e+01 5.42237358e+01 5.29097328e+01 5.22008362e+01
    5.40268173e+01 5.30753136e+01 5.39733467e+01 5.37779312e+01
    5.45032692e+01 5.37681961e+01 5.26266518e+01 5.06229553e+01
    5.40814857e+01 5.33755875e+01 5.12217140e+01 5.18026085e+01
    5.19406166e+01 5.24786453e+01 5.43260498e+01 5.09485168e+01
    5.18007698e+01 5.20400238e+01 5.09006958e+01 5.29440193e+01
    5.23934937e+01 5.56911011e+01 5.04413376e+01 5.11484413e+01
    5.24674835e+01 5.30791092e+01 5.02673721e+01 5.14308052e+01
    5.24833946e+01 5.56044540e+01 5.27774124e+01 5.37958145e+01
    5.30001755e+01 5.23470268e+01 5.13242188e+01 5.15577202e+01
    5.15142746e+01 5.40747528e+01 5.04793015e+01 5.23039894e+01
    5.11492538e+01 5.38508224e+01 4.88437576e+01 4.96507797e+01
    5.18773575e+01 5.01097946e+01 4.86390953e+01 5.06158142e+01
    4.94669838e+01 5.20683479e+01 5.37040100e+01 4.97564049e+01
    5.25853958e+01 5.22192345e+01 5.30199966e+01 5.18470345e+01
    5.21031113e+01 5.15139618e+01 5.36445618e+01 5.16570511e+01
    5.28800774e+01 5.72431183e+01 5.66266060e+01 5.64230194e+01
    5.43506813e+01 5.43947411e+01 5.52345123e+01 5.40938568e+01
    5.30829391e+01 5.76078682e+01 5.41805229e+01 5.29547844e+01
    5.42214851e+01 5.42296143e+01 5.34310913e+01 5.35526772e+01
    5.31677933e+01 5.32825699e+01 5.18512344e+01 5.25921783e+01
    5.24720840e+01 5.33228683e+01 5.35671272e+01 5.26911163e+01
    5.42947311e+01 5.50884590e+01 5.50529060e+01 5.97704582e+01
    5.79824257e+01 5.87297821e+01 5.76296730e+01 5.90871925e+01
    5.98568459e+01 5.86722145e+01 5.77567482e+01 5.72272568e+01
    5.62448006e+01 5.86612091e+01 5.53314171e+01 5.50569534e+01
    5.44950790e+01 5.61480408e+01 5.35105705e+01 5.31709061e+01
    5.26547928e+01 5.41641464e+01 5.19488029e+01 4.92441826e+01
    4.98304520e+01 5.17564468e+01 4.89671860e+01 5.11047478e+01
    4.93227692e+01 4.96128731e+01 5.12724152e+01 4.98282318e+01
    4.74790459e+01 5.13049049e+01 4.91862869e+01 5.16579933e+01
    4.88964806e+01 4.85298157e+01 5.23187180e+01 5.31738129e+01
    5.20246544e+01 5.17610283e+01 5.22120514e+01 5.10505524e+01
    5.25113831e+01 5.35410843e+01 5.41508255e+01 5.77996788e+01
    5.64251366e+01 5.38303947e+01 5.47598305e+01 5.14893150e+01
    5.43842430e+01 5.27847519e+01 5.19539871e+01 5.06387444e+01
    5.53461990e+01 5.09820786e+01 5.53894157e+01 5.19592323e+01
    5.32719955e+01 5.24149666e+01 5.37694283e+01 5.35728302e+01
    5.54823189e+01 5.60019646e+01 5.57159729e+01 5.61968460e+01
    5.68827515e+01 5.38135338e+01 5.64146919e+01 5.38959045e+01
    5.62583961e+01 5.36821899e+01 5.44226112e+01 5.45976257e+01
    5.50995941e+01 5.37848434e+01 5.29149361e+01 5.30974197e+01
    5.22247963e+01 5.16380806e+01 4.85975075e+01 5.40110321e+01
    5.04013062e+01 5.17513504e+01 5.24809990e+01 5.36904449e+01
    4.81071587e+01 5.18901749e+01 5.02589378e+01 5.20122032e+01
    5.20932426e+01 5.35556450e+01 0. 5.52841034e+01 5.64470558e+01
    5.64526939e+01 5.12665596e+01 5.51744423e+01 5.70186691e+01
    5.54391861e+01 5.35267525e+01 5.64199142e+01 5.42857857e+01
    5.46655884e+01 5.18212471e+01 5.26059456e+01 5.62920570e+01
    5.39546471e+01 5.42990036e+01 5.49101334e+01 5.64034119e+01
    5.49231110e+01 5.46212921e+01 5.38589554e+01 5.16787987e+01
    5.11524773e+01 5.00530586e+01 5.31002007e+01 5.27706528e+01
    5.51062660e+01 5.34886780e+01 5.53787270e+01 5.33917961e+01
    5.45719986e+01 5.33951607e+01 5.73189774e+01 5.50485191e+01
    5.47588882e+01 5.48151703e+01 5.93265610e+01 5.77742996e+01
    5.76709061e+01 5.66344452e+01 5.44454880e+01 5.70597992e+01
    5.52608032e+01 5.41102295e+01 5.44342308e+01 5.37344513e+01
    5.39510841e+01 5.43984528e+01 5.30550079e+01 5.55039330e+01
    5.36383057e+01 5.15845871e+01 5.12926216e+01 5.27692871e+01
    5.47927017e+01 5.46734238e+01 5.28492966e+01 5.42056007e+01
    5.30125656e+01 5.31273575e+01 5.38969612e+01 5.44721870e+01
    5.49291306e+01 5.31429329e+01 5.52698250e+01 5.16928711e+01
    4.92873192e+01 5.30719681e+01 5.33943253e+01 5.19180984e+01
    5.18033600e+01 5.13381729e+01 5.14779358e+01 5.28533401e+01
    5.18319206e+01 4.98579025e+01 4.95929985e+01 5.17066231e+01
    5.14176369e+01 5.18092079e+01 5.07752113e+01 5.47448692e+01
    5.39485817e+01 5.27602577e+01 5.09339180e+01 5.23967972e+01
    4.92784309e+01 5.29050026e+01 5.12767067e+01 5.19886513e+01
    5.32212257e+01 5.04029770e+01 5.32368393e+01 5.59350853e+01
    5.32589569e+01 5.47067986e+01 5.23629532e+01 5.16739998e+01
    5.71757660e+01 5.43080559e+01 5.29276276e+01 5.55843086e+01
    5.23961258e+01 5.55004807e+01 5.55297050e+01 5.40976906e+01
    5.19431458e+01 5.20807762e+01 4.95743294e+01 5.24092140e+01
    5.17963448e+01 5.06873932e+01 5.22104340e+01 5.07199135e+01
    5.13127480e+01 4.91686745e+01 5.14150009e+01 4.97314034e+01
    5.36747742e+01 5.29455490e+01 5.15832481e+01 5.36352348e+01
    5.35859108e+01 5.27662392e+01 5.57958450e+01 5.43967857e+01
    5.09908142e+01 5.43505211e+01 5.34667015e+01 5.47768478e+01
    5.49665413e+01 5.41586609e+01 5.26362801e+01 5.41472206e+01
    5.15181885e+01 5.10511284e+01 5.18735275e+01 5.49674721e+01
    5.16680603e+01 5.24726105e+01 5.02519417e+01 5.41258240e+01
    5.35718346e+01 5.25235519e+01 5.45344124e+01 5.62319221e+01
    5.56100845e+01 5.50153847e+01 5.52187119e+01 5.74380913e+01
    5.78762741e+01 5.84861603e+01 5.82761726e+01 5.74390602e+01
    5.75649452e+01 5.95804329e+01 5.80492134e+01 5.50007401e+01
    5.64714890e+01 5.59730721e+01 5.58670235e+01 5.28575783e+01
    5.15663872e+01 5.50665550e+01 5.60759964e+01 5.08186264e+01
    5.22074738e+01 5.31026955e+01 5.47055321e+01 5.39621162e+01
    5.01857567e+01 5.01400642e+01 5.02380524e+01 5.09675827e+01
    5.31345100e+01 5.03488693e+01 5.06376343e+01 5.31478119e+01
    5.04729118e+01 4.83004494e+01 4.79233398e+01 4.71652451e+01
    5.04897423e+01 4.77074242e+01 4.99462280e+01 5.13545837e+01
    5.35390358e+01 5.14845085e+01 5.08028908e+01 5.21360970e+01
    5.16566887e+01 5.47486420e+01 5.92436867e+01 5.71522484e+01
    5.70203400e+01 5.68674507e+01 5.36995201e+01 5.39471664e+01
    5.47787399e+01 5.07976227e+01 5.32901649e+01 5.17589722e+01
    5.07558289e+01 5.20854187e+01 5.43116608e+01 5.34881859e+01
    5.11646614e+01 5.47335358e+01 5.42228508e+01 5.12384224e+01
    5.27886391e+01 5.27362862e+01 5.11120453e+01 5.26796761e+01
    5.46795197e+01 5.31463242e+01 5.57580872e+01 5.38800316e+01
    5.59880714e+01 5.42540627e+01 5.54189835e+01 5.25925522e+01
    5.50997047e+01 5.26623688e+01 5.43855553e+01 5.39518394e+01
    5.56754456e+01 5.37997437e+01 5.43544579e+01 5.24973221e+01
    5.56031227e+01 5.41383781e+01 5.14939613e+01 5.22994080e+01
    5.45560112e+01 5.17410088e+01 5.03537407e+01 5.07876511e+01
    5.13046112e+01 4.98974495e+01 5.21601601e+01 0. 5.77834015e+01
    5.43575745e+01 5.45344391e+01 5.31842728e+01 5.57732544e+01
    5.75272789e+01 5.40920410e+01 5.33494949e+01 5.52608299e+01
    5.35899315e+01 5.29930077e+01 5.32656670e+01 5.21586990e+01
    5.43295708e+01 5.51679039e+01 5.58355789e+01 5.63941422e+01
    5.44864616e+01 5.36339531e+01 5.44411469e+01 5.06243591e+01
    5.18423386e+01 5.23928604e+01 5.21687660e+01 5.31779327e+01
    5.19693451e+01 5.64565086e+01 5.35784264e+01 5.34874802e+01
    5.31244774e+01 5.42851830e+01 5.58757133e+01 5.67559319e+01
    5.63310013e+01 5.54086494e+01 5.46630745e+01 5.79349022e+01
    5.66791496e+01 5.36324425e+01 5.62908478e+01 5.47485733e+01
    5.50452576e+01 5.47423744e+01 5.60826645e+01 5.59098396e+01
    5.55184059e+01 5.29563866e+01 5.61951561e+01 5.29743423e+01
    5.17296295e+01 5.22765656e+01 5.15257072e+01 5.18135185e+01
    5.23310432e+01 5.23169975e+01 5.19054871e+01 5.29925995e+01
    5.55622635e+01 5.34737129e+01 5.66105309e+01 5.59511032e+01
    5.54851265e+01 5.42970886e+01 5.31596756e+01 5.40881805e+01
    5.59208870e+01 5.38403893e+01 5.52046967e+01 5.63234406e+01
    5.49241562e+01 5.41725998e+01 5.59727974e+01 5.24288177e+01
    5.23439407e+01 5.19931793e+01 5.19768181e+01 5.33074722e+01
    5.24967613e+01 5.09491005e+01 5.12361336e+01 5.45564766e+01
    5.30966301e+01 5.31061287e+01 5.29258308e+01 5.14304085e+01
    5.24727669e+01 5.29853172e+01 5.37433052e+01 5.08640518e+01
    5.32785912e+01 5.34545631e+01 5.37673874e+01 5.22538605e+01
    5.18188019e+01 5.41555786e+01 5.50350418e+01 5.44348068e+01
    5.53422890e+01 5.26757126e+01 5.39183083e+01 5.58535461e+01
    5.45105095e+01 5.44807053e+01 4.93764648e+01 5.39903412e+01
    5.34530182e+01 5.30048141e+01 5.27103653e+01 5.11472664e+01
    5.06872597e+01 5.27993355e+01 5.11237450e+01 5.21021805e+01
    5.10344620e+01 5.15835075e+01 5.05419769e+01 5.12117500e+01
    5.12670174e+01 5.12280960e+01 5.21650162e+01 5.05367584e+01
    5.36569138e+01 5.04365082e+01 5.43540764e+01 5.42445869e+01
    5.57012215e+01 5.27603722e+01 5.54873238e+01 5.37758942e+01
    5.21447258e+01 5.28429604e+01 5.29065437e+01 5.58617516e+01
    5.12518806e+01 5.12030373e+01 5.30222588e+01 5.36224480e+01
    5.01626167e+01 5.29779396e+01 5.13448296e+01 5.28898926e+01
    5.38386765e+01 5.21083221e+01 5.11865883e+01 5.33567047e+01
    5.17238693e+01 5.13937798e+01 5.34805489e+01 5.23630943e+01
    5.49671555e+01 5.64526024e+01 5.67386818e+01 5.64178658e+01
    5.64791260e+01 5.61845703e+01 5.53637009e+01 5.56027946e+01
    5.82031860e+01 5.67835464e+01 5.87275848e+01 5.65624161e+01
    5.21362801e+01 5.18688469e+01 5.48252182e+01 5.43141251e+01
    5.30596809e+01 5.26159363e+01 5.14278793e+01 5.25515862e+01
    5.41264839e+01 4.89050789e+01 5.16640549e+01 5.08612328e+01
    5.30142784e+01 5.29437943e+01 5.22522469e+01 5.18814774e+01
    5.05126610e+01 5.02465591e+01 4.77471848e+01 4.75212975e+01
    5.26242599e+01 5.11506424e+01 5.17491989e+01 5.17067680e+01
    5.12766075e+01 5.40107422e+01 5.35497780e+01 5.27507439e+01
    5.16896095e+01 5.46239624e+01 5.35369377e+01 5.66591721e+01
    5.58201180e+01 5.48044434e+01 5.64549942e+01 5.49340630e+01
    5.70443687e+01 5.34400444e+01 5.50184898e+01 5.38560867e+01
    5.39739799e+01 5.32498894e+01 4.85804596e+01 5.28312759e+01
    5.47087173e+01 5.18451233e+01 5.32420349e+01 5.12768326e+01
    5.32919044e+01 5.18688316e+01 5.21000977e+01 5.34950447e+01
    5.63059235e+01 5.72814293e+01 5.54335442e+01 5.20604706e+01
    5.33253517e+01 5.64691963e+01 5.43165550e+01 5.39721909e+01
    5.45142479e+01 5.43689308e+01 5.47058868e+01 5.54200974e+01
    5.51219482e+01 5.49185562e+01 5.41553955e+01 5.24748344e+01
    5.10734406e+01 5.34351425e+01 5.29240875e+01 5.02866898e+01
    5.16618500e+01 5.24588623e+01 5.24079094e+01 5.15002708e+01
    5.06850014e+01 5.07313194e+01 5.12194595e+01 5.04635963e+01 0.
    5.59789848e+01 5.62210388e+01 5.59176445e+01 5.43362656e+01
    5.55190659e+01 5.44764938e+01 5.44289131e+01 5.58544846e+01
    5.36219864e+01 5.35090866e+01 5.03161240e+01 5.21946640e+01
    5.24056511e+01 5.45499039e+01 5.42711792e+01 5.57185287e+01
    5.50124130e+01 5.51629181e+01 5.51215134e+01 5.63154640e+01
    5.59229813e+01 5.19185677e+01 5.41705437e+01 5.38212280e+01
    5.36446648e+01 5.30873489e+01 5.33332100e+01 5.19854355e+01
    5.45390472e+01 5.55516510e+01 5.42717476e+01 5.58090477e+01
    5.50318146e+01 5.22015610e+01 5.56897316e+01 5.85070953e+01
    5.53018227e+01 5.54242554e+01 5.64623451e+01 5.64930420e+01
    5.65787354e+01 5.46938629e+01 5.30935936e+01 5.29413872e+01
    5.25646133e+01 4.95654259e+01 4.99117889e+01 5.22648506e+01
    5.09396744e+01 5.27550011e+01 5.01316605e+01 5.05866013e+01
    4.86874313e+01 5.21590881e+01 5.24785461e+01 5.48380203e+01
    5.67243652e+01 5.60598640e+01 5.52027206e+01 5.72668266e+01
    5.50406799e+01 5.40102882e+01 5.62495117e+01 5.23614883e+01
    5.22056465e+01 5.49117279e+01 5.19214363e+01 5.48991547e+01
    5.31462708e+01 5.09982338e+01 5.02248840e+01 5.33558426e+01
    5.22495193e+01 4.94394608e+01 5.21299934e+01 5.26374245e+01
    5.22910461e+01 5.17532158e+01 5.06387291e+01 5.03320351e+01
    5.09330826e+01 5.42301750e+01 5.10851822e+01 5.19217911e+01
    5.41450272e+01 5.18581161e+01 5.18401527e+01 5.34312477e+01
    5.22641525e+01 5.26559563e+01 5.50600204e+01 5.39473267e+01
    5.35926704e+01 5.41002693e+01 5.52928772e+01 5.36419258e+01
    5.28404579e+01 5.35007973e+01 5.37225876e+01 5.10078392e+01
    5.37304420e+01 5.22553635e+01 5.26206398e+01 5.16430702e+01
    5.25812378e+01 5.46938095e+01 5.26069679e+01 5.02100792e+01
    5.22615318e+01 5.16769676e+01 4.89387970e+01 4.96797791e+01
    5.29715958e+01 4.98880081e+01 4.96854706e+01 5.12078896e+01
    5.08933411e+01 5.10858612e+01 5.22771683e+01 5.05744171e+01
    5.15552902e+01 5.30195084e+01 5.44663124e+01 5.36117210e+01
    5.53105621e+01 5.50997620e+01 5.26741180e+01 5.40011787e+01
    5.60453110e+01 5.33584137e+01 5.35363350e+01 5.45766792e+01
    5.51890907e+01 5.61014595e+01 5.24222069e+01 5.22277985e+01
    5.36167488e+01 5.44601784e+01 5.23901749e+01 5.38967743e+01
    5.00720444e+01 5.16184616e+01 5.07068672e+01 4.81134567e+01
    5.47543068e+01 5.29102211e+01 5.14183731e+01 5.55615425e+01
    5.50087624e+01 5.64959335e+01 5.80766716e+01 5.51035805e+01
    5.56574860e+01 5.60033188e+01 5.39713135e+01 5.65936279e+01
    5.80720711e+01 5.61166229e+01 5.70775032e+01 5.56694336e+01
    5.59302902e+01 5.36193657e+01 5.00334778e+01 5.60248222e+01
    5.60110931e+01 5.32941017e+01 5.37375450e+01 5.35483284e+01
    5.38119240e+01 5.48914185e+01 5.20067177e+01 5.36176453e+01
    5.22573586e+01 5.28761024e+01 5.18799858e+01 5.04328995e+01
    5.16290321e+01 5.14986458e+01 5.06813583e+01 5.11147575e+01
    5.12030258e+01 5.04044609e+01 5.40020866e+01 5.15314980e+01
    5.06986732e+01 5.29974022e+01 5.44121170e+01 5.42160530e+01
    5.37584724e+01 4.99707489e+01 5.28716774e+01 5.49111824e+01
    5.77506065e+01 5.59216232e+01 5.73291779e+01 5.60149956e+01
    5.55807838e+01 5.65306396e+01 5.05723610e+01 5.45641441e+01
    5.21439209e+01 5.32281876e+01 5.15673561e+01 5.12680511e+01
    5.13157959e+01 5.35967789e+01 5.21945648e+01 5.59362717e+01
    5.10118484e+01 4.93355751e+01 5.36858368e+01 5.25143738e+01
    5.23915977e+01 5.47113113e+01 5.50423508e+01 5.54748726e+01
    5.33089523e+01 5.52649307e+01 5.55186996e+01 5.67934990e+01
    5.46719513e+01 5.82771187e+01 5.54463997e+01 5.64359055e+01
    5.34714470e+01 5.44646263e+01 5.49848633e+01 5.34634857e+01
    5.40224113e+01 5.43861732e+01 5.42987175e+01 5.69277725e+01
    5.17721481e+01 5.22290611e+01 5.15803680e+01 5.21348801e+01
    5.16000824e+01 4.82212753e+01 4.87398338e+01 5.06888809e+01
    5.09902992e+01 0. 5.31117516e+01 5.46564674e+01 5.19359818e+01
    5.32181625e+01 5.27672539e+01 5.30495186e+01 5.53836174e+01
    5.02235680e+01 5.41226234e+01 5.39427795e+01 5.27129211e+01
    5.19607391e+01 5.45376167e+01 5.58298836e+01 5.50275459e+01
    5.63936195e+01 5.74672165e+01 5.77163048e+01 5.55695610e+01
    5.57842445e+01 5.55230522e+01 5.42288399e+01 5.12627029e+01
    5.38170204e+01 5.19884377e+01 5.24579391e+01 5.51890221e+01
    5.34217720e+01 5.32447853e+01 5.54329643e+01 5.20624580e+01
    5.09789734e+01 5.43633308e+01 5.45414505e+01 5.47314339e+01
    5.50526810e+01 5.61313324e+01 5.41460037e+01 5.38261375e+01
    5.32625732e+01 5.36428566e+01 5.58624611e+01 5.43788109e+01
    5.37983322e+01 5.40557137e+01 5.10336876e+01 5.30030785e+01
    5.32685013e+01 5.26259727e+01 5.32460403e+01 5.28423996e+01
    5.24526634e+01 5.27392082e+01 5.25175858e+01 5.57827873e+01
    5.35260239e+01 5.58261108e+01 5.53566971e+01 5.24751167e+01
    5.45277672e+01 5.68246613e+01 5.36796646e+01 5.30753632e+01
    5.21375275e+01 5.32354088e+01 5.50324020e+01 5.41970100e+01
    5.29127655e+01 5.31731377e+01 5.33824348e+01 5.18303185e+01
    5.34825401e+01 5.15447311e+01 5.06357574e+01 5.19899368e+01
    5.19907684e+01 5.26745262e+01 5.31412125e+01 5.25518799e+01
    5.19155540e+01 5.18069038e+01 5.29699631e+01 5.45905418e+01
    5.33642426e+01 5.24021492e+01 5.15213089e+01 5.07562714e+01
    5.37957954e+01 5.51839752e+01 5.26175461e+01 5.34508362e+01
    5.33120880e+01 5.25738640e+01 5.32060280e+01 5.59509048e+01
    5.31265869e+01 5.15131187e+01 5.05174980e+01 5.25726318e+01
    5.17840805e+01 5.33378525e+01 5.17897530e+01 5.17288551e+01
    5.21477776e+01 5.29903717e+01 5.12107620e+01 5.47863121e+01
    5.28505211e+01 5.13403587e+01 5.11223907e+01 5.09398842e+01
    5.20958443e+01 5.41016655e+01 5.12120552e+01 5.24073334e+01
    5.08434029e+01 5.38057823e+01 5.25696259e+01 5.30762749e+01
    5.25276184e+01 5.27174339e+01 5.51423416e+01 5.37188873e+01
    5.37359734e+01 5.38597565e+01 5.63195686e+01 5.39851646e+01
    5.21746979e+01 5.23799706e+01 5.35312881e+01 5.59949837e+01
    5.57043381e+01 5.13391151e+01 5.31828308e+01 5.12421799e+01
    5.37615471e+01 4.98876877e+01 4.86424904e+01 5.14067268e+01
    5.14544106e+01 5.00106049e+01 5.37801056e+01 5.22888641e+01
    5.20583420e+01 5.15691223e+01 5.56173897e+01 5.13886070e+01
    5.49052773e+01 5.30918427e+01 5.34275131e+01 5.33278122e+01
    5.57680779e+01 5.46244316e+01 5.76831703e+01 5.64018898e+01
    5.46443672e+01 5.52614822e+01 5.75839577e+01 5.54727898e+01
    5.50710754e+01 5.58504906e+01 5.56892662e+01 5.19183769e+01
    5.78979912e+01 5.36209869e+01 5.38648682e+01 5.49103851e+01
    5.56319313e+01 5.43177795e+01 5.49351692e+01 5.29356232e+01
    5.29940414e+01 5.56303329e+01 5.15959816e+01 5.22400322e+01
    5.27098503e+01 5.34723930e+01 5.16293411e+01 4.85495605e+01
    4.81966743e+01 4.99077644e+01 4.94321976e+01 4.98631058e+01
    5.03759804e+01 5.32508965e+01 5.53222618e+01 5.14274445e+01
    5.35947266e+01 5.35134773e+01 5.47588654e+01 5.36783218e+01
    5.62622032e+01 5.67851524e+01 5.77275620e+01 5.88174324e+01
    5.70929451e+01 5.82763786e+01 5.42500076e+01 5.44088326e+01
    5.36196404e+01 5.49427834e+01 5.22727661e+01 5.06109924e+01
    5.02675209e+01 5.06774368e+01 5.19465752e+01 4.88283539e+01
    5.15177956e+01 5.47772865e+01 5.12992668e+01 5.20561142e+01
    5.31766052e+01 5.35076752e+01 5.37894554e+01 5.42085075e+01
    5.48307610e+01 5.44746895e+01 5.42611847e+01 5.66064873e+01
    5.40292206e+01 5.58196411e+01 5.86965103e+01 5.48377113e+01
    5.44098053e+01 5.52531357e+01 5.35037270e+01 5.76988716e+01
    5.34735336e+01 5.42798233e+01 5.56559563e+01 5.50420723e+01
    5.46180267e+01 5.65987587e+01 5.25801125e+01 5.29031792e+01
    5.09266815e+01 5.04628143e+01 5.15041084e+01 5.28573608e+01
    5.11570969e+01 5.25160789e+01 0. 5.43710976e+01 5.35408020e+01
    5.19090195e+01 5.27237930e+01 5.13247375e+01 5.48163605e+01
    5.59261208e+01 5.48567467e+01 5.16351547e+01 5.46315651e+01
    5.53807678e+01 5.35595741e+01 5.36174622e+01 5.54531212e+01
    5.62863693e+01 5.66131973e+01 5.36444740e+01 5.59711494e+01
    5.41844711e+01 5.57244072e+01 5.27896194e+01 5.39899940e+01
    5.41402512e+01 5.33362885e+01 5.29805794e+01 5.34316826e+01
    5.55878410e+01 5.43644371e+01 5.30578957e+01 5.41116753e+01
    5.35381889e+01 5.23548927e+01 5.36239319e+01 5.33079834e+01
    5.24861488e+01 5.27428894e+01 5.42101097e+01 5.34682541e+01
    5.63249016e+01 5.45820465e+01 5.32468948e+01 5.52737350e+01
    5.46211166e+01 5.37684174e+01 5.45339928e+01 5.31817551e+01
    5.26202583e+01 5.48865852e+01 5.40355377e+01 5.64890442e+01
    5.55353546e+01 5.26179771e+01 5.43667984e+01 5.04502106e+01
    5.34821091e+01 5.54858665e+01 5.59951897e+01 5.43949852e+01
    5.26294861e+01 5.54643173e+01 5.52813873e+01 5.51210480e+01
    5.34533501e+01 5.52570801e+01 5.15046577e+01 5.31387596e+01
    5.38417473e+01 5.54747467e+01 5.30528488e+01 5.54621849e+01
    5.20103302e+01 5.34798317e+01 5.14819031e+01 5.30919952e+01
    4.85324669e+01 5.44620285e+01 5.36724396e+01 5.29388657e+01
    5.11546135e+01 5.28581123e+01 5.13956871e+01 5.32391243e+01
    5.02111855e+01 5.30614777e+01 5.38264618e+01 5.39887199e+01
    5.01886177e+01 5.20326767e+01 5.39141693e+01 5.22425537e+01
    5.15108032e+01 5.00847778e+01 5.20582314e+01 5.37745972e+01
    5.24580650e+01 5.49015312e+01 5.13372002e+01 5.17947273e+01
    5.30085907e+01 5.29381142e+01 5.47443047e+01 5.40806313e+01
    5.03574867e+01 5.54234810e+01 5.42856750e+01 5.38897362e+01
    5.29363632e+01 5.31505470e+01 5.22900963e+01 5.27885399e+01
    5.04893951e+01 5.32092819e+01 5.40213432e+01 5.44420853e+01
    5.14571648e+01 5.26171646e+01 5.32737541e+01 5.17884026e+01
    5.06807060e+01 5.29576225e+01 5.08058128e+01 5.00463982e+01
    5.32686386e+01 5.30853348e+01 5.28608704e+01 5.69943962e+01
    5.27939644e+01 5.42201653e+01 5.39191971e+01 5.12097244e+01
    5.29393845e+01 5.19910355e+01 5.22191582e+01 5.31008339e+01
    5.06950035e+01 5.12600555e+01 5.26821785e+01 4.83267021e+01
    5.34530106e+01 5.12604027e+01 5.11784554e+01 5.26465683e+01
    5.13409424e+01 5.13549767e+01 5.02247543e+01 5.06339912e+01
    5.02078934e+01 5.24423141e+01 5.17277679e+01 5.37020035e+01
    5.36687279e+01 5.68892021e+01 5.57174110e+01 5.60307121e+01
    5.36830406e+01 5.53255539e+01 5.50171661e+01 5.64540482e+01
    5.82906647e+01 5.62656097e+01 5.73922272e+01 5.73319244e+01
    5.45462952e+01 5.48022575e+01 5.56027641e+01 5.53759041e+01
    5.74695129e+01 5.46616478e+01 5.32481728e+01 5.73645744e+01
    5.34659462e+01 5.48079529e+01 5.25461006e+01 5.26799736e+01
    5.42545624e+01 5.12541313e+01 5.08157120e+01 5.22694969e+01
    4.99734344e+01 5.09036980e+01 5.00386887e+01 5.10118217e+01
    5.21044006e+01 5.14937325e+01 5.33023758e+01 5.23804588e+01
    5.72177582e+01 5.44403458e+01 5.61503487e+01 5.09369812e+01
    5.35470810e+01 5.49517632e+01 5.53370972e+01 5.36708221e+01
    5.56811905e+01 5.58644485e+01 5.68906059e+01 5.71478577e+01
    5.25858917e+01 5.53606110e+01 5.24198914e+01 5.15534554e+01
    5.08490753e+01 4.94535255e+01 5.27141228e+01 5.21476326e+01
    5.16764183e+01 5.24560089e+01 5.09263573e+01 5.38105583e+01
    5.26404915e+01 5.15192833e+01 5.41428108e+01 5.28491325e+01
    5.35358658e+01 5.55665741e+01 5.59093132e+01 5.44208984e+01
    5.79824371e+01 5.44375839e+01 5.49574165e+01 5.79524231e+01
    5.75995293e+01 5.49737206e+01 5.81263618e+01 5.72962341e+01
    5.60802536e+01 5.56792526e+01 5.53957329e+01 5.68836632e+01
    5.51051178e+01 5.36167526e+01 5.42194176e+01 5.47421761e+01
    5.56314545e+01 5.13712769e+01 5.01340408e+01 5.48564606e+01
    5.34522476e+01 5.53199959e+01 5.36328392e+01 0. 5.35924072e+01
    5.31899681e+01 5.31150436e+01 5.49865913e+01 5.41446075e+01
    5.23123207e+01 5.50012016e+01 5.37355232e+01 5.24545708e+01
    5.22913475e+01 5.11964264e+01 5.40692291e+01 5.27587051e+01
    5.37347832e+01 5.53008347e+01 5.46794434e+01 5.61249733e+01
    5.56702614e+01 5.89595718e+01 5.58683472e+01 5.51156311e+01
    5.55006638e+01 5.15217094e+01 5.52264481e+01 5.61412888e+01
    5.18925285e+01 5.16442108e+01 5.37300377e+01 5.34053345e+01
    5.32025909e+01 5.12077599e+01 5.04906960e+01 5.02918167e+01
    5.15203362e+01 5.21315384e+01 5.22847443e+01 5.24500275e+01
    5.17661324e+01 5.49316444e+01 5.45340042e+01 5.28362427e+01
    5.12330818e+01 5.42220726e+01 5.34504700e+01 5.28267632e+01
    5.21996078e+01 5.41078491e+01 5.39761200e+01 5.46090088e+01
    5.57849083e+01 5.36472931e+01 5.35828018e+01 5.38881111e+01
    5.54332085e+01 5.47059708e+01 5.65117493e+01 5.56058388e+01
    5.56602707e+01 5.56751556e+01 5.45872192e+01 5.76870155e+01
    5.51157761e+01 5.18596001e+01 5.69080963e+01 5.41247063e+01
    5.56377525e+01 5.38937225e+01 5.42669106e+01 5.51036263e+01
    5.31259117e+01 5.44070778e+01 5.45870705e+01 5.30648308e+01
    5.05440292e+01 5.39785767e+01 5.12671738e+01 5.22945976e+01
    5.28619957e+01 5.04405556e+01 5.29766045e+01 5.11606712e+01
    5.24285851e+01 5.32220421e+01 5.08425140e+01 4.90283356e+01
    5.15867767e+01 5.23729744e+01 5.15632401e+01 5.09299316e+01
    5.17881699e+01 5.36242409e+01 5.38534889e+01 5.16648140e+01
    5.21415100e+01 5.34832764e+01 5.31440773e+01 5.09697037e+01
    5.11690903e+01 4.98427162e+01 5.19761314e+01 5.30307655e+01
    5.34393959e+01 5.17374458e+01 5.53560562e+01 5.39073601e+01
    5.32816124e+01 5.24878578e+01 5.49112396e+01 5.33038559e+01
    5.20008202e+01 5.21303902e+01 5.29514503e+01 5.36815262e+01
    5.14533272e+01 5.08152504e+01 5.27511902e+01 5.02554398e+01
    5.43246231e+01 5.03376312e+01 5.15852203e+01 5.47189445e+01
    5.11080666e+01 5.34575386e+01 5.64431229e+01 5.36133728e+01
    5.52979965e+01 5.35530663e+01 5.48913918e+01 5.29579811e+01
    5.17811775e+01 5.38044434e+01 5.47228470e+01 5.39339333e+01
    5.34893761e+01 5.12456818e+01 5.30492020e+01 5.01906204e+01
    5.03314781e+01 5.08555756e+01 5.15054855e+01 4.93013649e+01
    5.17128868e+01 5.05390663e+01 5.00612526e+01 5.18771973e+01
    5.29415131e+01 5.36748886e+01 5.55404892e+01 5.54943008e+01
    5.49455185e+01 5.57344208e+01 5.56170349e+01 5.73235741e+01
    5.47665253e+01 5.50198669e+01 5.75071716e+01 5.52719269e+01
    5.60672455e+01 5.78602448e+01 5.72727623e+01 5.49302368e+01
    5.56834030e+01 5.25616913e+01 5.50563507e+01 5.60217590e+01
    5.36634827e+01 5.39919090e+01 5.48040962e+01 5.61948814e+01
    5.48093147e+01 5.36426125e+01 5.23516083e+01 5.08575668e+01
    5.11487808e+01 5.19192772e+01 5.23501282e+01 5.20346489e+01
    5.14198685e+01 5.25437126e+01 5.02517166e+01 5.01837044e+01
    5.15447350e+01 5.34117393e+01 5.18980522e+01 5.15010033e+01
    5.39425621e+01 5.66638565e+01 5.33365936e+01 5.46995773e+01
    5.41915131e+01 5.53559456e+01 5.73204727e+01 5.77416420e+01
    5.59533844e+01 5.67788124e+01 5.58690414e+01 5.31443291e+01
    5.56511154e+01 5.37429352e+01 5.43557053e+01 5.10706520e+01
    5.46640663e+01 5.30086975e+01 5.31628227e+01 5.38460922e+01
    5.51693535e+01 5.26859207e+01 5.41652031e+01 5.27040939e+01
    5.16429749e+01 5.18541298e+01 5.30330200e+01 5.17971535e+01
    5.52498398e+01 5.37397194e+01 5.43528175e+01 5.35856667e+01
    5.28463364e+01 5.46676331e+01 5.82927170e+01 5.53278923e+01
    5.68525925e+01 5.64785728e+01 5.64960632e+01 5.72308006e+01
    5.60697479e+01 5.59280815e+01 5.45248413e+01 5.30952415e+01
    5.75647659e+01 5.84671669e+01 5.52846260e+01 5.50582275e+01
    5.55350609e+01 5.51992683e+01 5.43394356e+01 5.32943764e+01
    5.17280083e+01 5.22806931e+01 5.22789230e+01 5.13459206e+01 0.
    5.33532333e+01 5.28689842e+01 5.09341965e+01 5.21740456e+01
    5.41262741e+01 5.41165657e+01 5.49103394e+01 5.09256172e+01
    5.33582306e+01 5.28876762e+01 5.12327156e+01 5.01822586e+01
    5.17874641e+01 5.46370277e+01 5.63055344e+01 5.66994324e+01
    5.69927635e+01 5.36510963e+01 5.30213051e+01 5.58875504e+01
    5.39456253e+01 5.55216751e+01 5.46698341e+01 5.27982674e+01
    5.33774605e+01 5.31210136e+01 5.26090965e+01 5.37655907e+01
    5.24006081e+01 5.13625031e+01 5.19798622e+01 5.27032700e+01
    5.54759827e+01 5.38034248e+01 5.22728844e+01 5.25549622e+01
    5.06940765e+01 5.44142342e+01 5.34539108e+01 5.26982880e+01
    5.29297485e+01 5.39100075e+01 5.31203423e+01 5.65608253e+01
    5.22097168e+01 5.37047043e+01 5.53662338e+01 5.31193542e+01
    5.23849068e+01 5.09538460e+01 5.35955887e+01 5.04228325e+01
    5.23968086e+01 5.08536148e+01 5.31397362e+01 5.41419258e+01
    5.64872398e+01 5.43453865e+01 5.65721245e+01 5.34887390e+01
    5.76480904e+01 5.48840179e+01 5.34268417e+01 5.48075752e+01
    5.44084816e+01 5.35276985e+01 5.41716232e+01 5.52262573e+01
    5.50380249e+01 5.47183418e+01 5.26005898e+01 5.33282356e+01
    5.34122162e+01 5.24790039e+01 4.84779625e+01 5.15124321e+01
    5.15595360e+01 5.24638786e+01 4.85093689e+01 5.08394318e+01
    5.36501503e+01 5.32805367e+01 5.20720749e+01 5.14013176e+01
    4.87739143e+01 5.00516968e+01 5.17765503e+01 5.17258377e+01
    5.24889832e+01 5.38699036e+01 5.21223640e+01 5.31024284e+01
    5.38826675e+01 5.28953133e+01 5.26636047e+01 5.41230698e+01
    5.32377281e+01 5.20059929e+01 5.30754471e+01 5.43694496e+01
    5.37009125e+01 5.40819969e+01 5.03841286e+01 5.19645767e+01
    5.38148956e+01 5.11764412e+01 5.26067619e+01 5.10161285e+01
    5.22334709e+01 5.40301323e+01 5.21827431e+01 5.18387299e+01
    5.41508598e+01 5.34039612e+01 5.21391869e+01 5.39067230e+01
    5.39156532e+01 5.26356659e+01 5.45157852e+01 5.20499420e+01
    5.34174805e+01 5.28622131e+01 5.17872887e+01 5.24124413e+01
    5.35615311e+01 5.41733704e+01 5.36826324e+01 5.14979515e+01
    5.54806175e+01 5.37208290e+01 5.23633919e+01 5.43734932e+01
    5.25299492e+01 5.30697098e+01 5.16515350e+01 4.98567657e+01
    5.19724236e+01 5.32968063e+01 5.27515297e+01 5.03142929e+01
    5.21613884e+01 5.39503822e+01 5.17798920e+01 5.22914276e+01
    5.20006027e+01 5.53274040e+01 5.46115761e+01 5.31304588e+01
    5.37949638e+01 5.56915207e+01 5.50348969e+01 5.43790741e+01
    5.47196846e+01 5.45064659e+01 5.40268135e+01 5.45612221e+01
    5.84138489e+01 5.60760269e+01 5.52541656e+01 5.61303673e+01
    5.46006241e+01 5.45881500e+01 5.32913475e+01 5.33153725e+01
    5.32915268e+01 5.65713425e+01 5.29832382e+01 5.36768379e+01
    5.52873764e+01 5.33094673e+01 5.41253090e+01 5.36130714e+01
    5.32730484e+01 5.23496780e+01 5.50193748e+01 5.32031555e+01
    5.18359032e+01 5.20885849e+01 5.22554932e+01 5.09606209e+01
    4.77246284e+01 4.79859619e+01 5.22910805e+01 5.31920128e+01
    5.20291176e+01 5.46448784e+01 5.43004379e+01 5.45112190e+01
    5.53703499e+01 5.37642899e+01 5.55415573e+01 5.71336441e+01
    5.66477356e+01 5.40842476e+01 5.55153275e+01 5.45095482e+01
    5.78201599e+01 5.68081360e+01 5.68726807e+01 5.62641640e+01
    5.47956619e+01 5.31463394e+01 5.19450073e+01 5.36297188e+01
    5.12429886e+01 5.10122490e+01 5.07811241e+01 4.79209938e+01
    5.26878624e+01 5.14409752e+01 5.05849915e+01 5.12720451e+01
    5.43616867e+01 5.19202461e+01 5.31352119e+01 5.08957634e+01
    5.40168343e+01 5.29493141e+01 5.29919357e+01 5.55898056e+01
    5.42546272e+01 5.47326088e+01 5.72444382e+01 5.54918060e+01
    5.48718452e+01 5.42305489e+01 5.53020668e+01 5.79882050e+01
    5.55428352e+01 5.16118240e+01 5.57610168e+01 5.70421791e+01
    5.17614555e+01 5.42151909e+01 5.41221085e+01 5.19010277e+01
    5.13412552e+01 5.09948540e+01 5.03940773e+01 5.23236618e+01
    5.33923340e+01 0. 5.31915894e+01 5.35945206e+01 5.37349701e+01
    5.54502945e+01 5.27999115e+01 5.30969543e+01 5.44656410e+01
    5.43726845e+01 5.30136490e+01 5.12182045e+01 5.45938950e+01
    5.43385544e+01 5.42220383e+01 5.51082535e+01 5.69492493e+01
    5.75704498e+01 5.43011169e+01 5.78654671e+01 5.61802673e+01
    5.48352547e+01 5.33728638e+01 5.66064491e+01 5.45287781e+01
    5.29269257e+01 5.22880058e+01 5.56691132e+01 5.25440941e+01
    5.36806870e+01 5.26040916e+01 5.51004143e+01 5.25723953e+01
    5.18606110e+01 5.31120949e+01 5.24788132e+01 5.14264221e+01
    5.28007317e+01 5.30361748e+01 5.07595634e+01 5.28157082e+01
    5.20296211e+01 5.22007217e+01 5.30176582e+01 5.51869469e+01
    5.43795395e+01 5.51170959e+01 5.14510307e+01 5.38568039e+01
    5.38615417e+01 5.13940887e+01 5.11009598e+01 5.43313103e+01
    5.15031738e+01 5.18069191e+01 5.40682068e+01 5.30587769e+01
    5.52011147e+01 5.19852905e+01 5.52757416e+01 5.43213387e+01
    5.51949615e+01 5.48584633e+01 5.46952171e+01 5.12339401e+01
    5.44612770e+01 5.32018509e+01 5.43844910e+01 5.38912582e+01
    5.47020874e+01 5.63316002e+01 5.45184174e+01 5.16661797e+01
    5.16357880e+01 5.32340851e+01 5.04358292e+01 4.90973244e+01
    5.14683456e+01 5.33473930e+01 5.33610649e+01 5.04587746e+01
    5.11436310e+01 5.29319344e+01 5.09689713e+01 5.19679832e+01
    5.31172943e+01 5.34145699e+01 5.20891457e+01 5.27473793e+01
    5.18945694e+01 5.37349281e+01 5.65946655e+01 5.13891945e+01
    4.96334457e+01 5.17226067e+01 5.65798302e+01 5.35503349e+01
    5.08069839e+01 5.26371536e+01 5.29022598e+01 5.27195053e+01
    4.96190109e+01 5.00035019e+01 5.07963562e+01 5.24195900e+01
    5.06612129e+01 5.21461754e+01 5.27923927e+01 5.46984825e+01
    5.26863594e+01 5.22130928e+01 5.44197617e+01 5.32503166e+01
    5.38924713e+01 5.52381477e+01 5.43690414e+01 5.38866043e+01
    5.22118645e+01 5.34650230e+01 5.53096542e+01 5.12899208e+01
    5.20681915e+01 5.23334007e+01 5.15724068e+01 5.46174622e+01
    5.73292770e+01 5.46659164e+01 5.24541664e+01 5.70403862e+01
    5.37929764e+01 5.41268120e+01 5.44816284e+01 5.11374245e+01
    5.34594231e+01 5.26391258e+01 5.05210876e+01 5.16109314e+01
    4.95860367e+01 5.14395981e+01 4.98094902e+01 5.26431084e+01
    5.02833405e+01 5.26339302e+01 5.27906418e+01 4.91933632e+01
    4.92660103e+01 5.26822662e+01 5.26327705e+01 5.38034058e+01
    5.55251961e+01 5.34888573e+01 5.48899727e+01 5.57848053e+01
    5.64402237e+01 5.35306282e+01 5.41422462e+01 5.35212898e+01
    5.64959755e+01 5.44313927e+01 5.64227982e+01 5.37541809e+01
    5.55406837e+01 5.35735245e+01 5.28145714e+01 5.33089828e+01
    5.28596611e+01 5.62996674e+01 5.53135033e+01 5.38613205e+01
    5.62283440e+01 5.42343597e+01 5.64482613e+01 5.54264679e+01
    5.43293533e+01 5.39956131e+01 5.52736282e+01 5.29715729e+01
    5.21715088e+01 4.99544144e+01 5.13080368e+01 5.10058212e+01
    5.13279419e+01 4.76487160e+01 4.88808861e+01 5.14804344e+01
    5.01287766e+01 5.10077477e+01 5.19349480e+01 5.36072159e+01
    5.41204720e+01 5.42578545e+01 5.31073761e+01 5.17694817e+01
    5.54972305e+01 5.31394119e+01 5.48888664e+01 5.58672485e+01
    5.64505615e+01 5.47504272e+01 5.64720879e+01 5.55274582e+01
    5.42003098e+01 5.35839386e+01 5.37542191e+01 5.16249695e+01
    5.33167267e+01 5.42009239e+01 5.28203468e+01 5.13212166e+01
    5.24372253e+01 5.07719002e+01 5.17602348e+01 4.91886101e+01
    5.00151100e+01 5.17115021e+01 5.35685577e+01 4.99269333e+01
    5.16616325e+01 5.21348801e+01 5.14004822e+01 5.23779449e+01
    5.36036835e+01 5.52185211e+01 5.41205673e+01 5.36705322e+01
    5.56696243e+01 5.74980850e+01 5.41107368e+01 5.63451920e+01
    5.89076157e+01 5.51727867e+01 5.24562035e+01 5.56122284e+01
    5.48716354e+01 5.57321472e+01 5.27991562e+01 5.21564980e+01
    5.14734993e+01 5.05460548e+01 4.93618011e+01 5.01758308e+01
    5.12885780e+01 5.22656822e+01 0. 5.34709091e+01 5.02845726e+01
    5.32967796e+01 5.26859627e+01 5.50166893e+01 5.55239906e+01
    5.39927750e+01 5.69581070e+01 5.35661201e+01 5.37210274e+01
    5.22769623e+01 5.38593025e+01 5.42302628e+01 5.36786079e+01
    5.46448822e+01 5.70940857e+01 5.53751984e+01 5.54950294e+01
    5.33881607e+01 5.44074745e+01 5.40312729e+01 5.55573349e+01
    5.50589905e+01 5.39201584e+01 5.27709999e+01 5.12568779e+01
    5.35061264e+01 5.31366882e+01 5.37606697e+01 5.18911514e+01
    5.26576614e+01 5.21398087e+01 5.45629883e+01 5.35900154e+01
    5.41799812e+01 5.31322746e+01 5.44164696e+01 5.46314125e+01
    5.38382072e+01 5.38427353e+01 5.48402786e+01 5.25633507e+01
    5.46425438e+01 5.29009323e+01 5.24448509e+01 5.10553017e+01
    5.35100365e+01 5.41309700e+01 5.42218132e+01 5.42199287e+01
    5.52823334e+01 5.11919823e+01 5.04324188e+01 5.11755333e+01
    5.40943909e+01 5.48307266e+01 5.32688828e+01 5.10274315e+01
    5.54132156e+01 5.36709785e+01 5.40249252e+01 5.58308525e+01
    5.27147102e+01 5.41685982e+01 5.50240555e+01 5.34851952e+01
    5.31330147e+01 5.34666519e+01 5.19809036e+01 5.51193695e+01
    5.36742897e+01 5.23692169e+01 5.26249619e+01 5.37000694e+01
    5.21914330e+01 4.96350174e+01 5.14897575e+01 5.32692451e+01
    4.93869514e+01 4.87368698e+01 5.22558441e+01 5.20872154e+01
    4.97940292e+01 5.48167496e+01 5.11595001e+01 5.00375023e+01
    5.08967934e+01 4.98432503e+01 5.03382530e+01 5.05812111e+01
    5.27980080e+01 5.21647148e+01 5.04651680e+01 5.17096062e+01
    5.40536690e+01 5.22134590e+01 5.31581650e+01 5.15224113e+01
    4.96221619e+01 5.08375969e+01 5.35687447e+01 5.07878418e+01
    5.15494652e+01 5.40551567e+01 5.46378326e+01 5.52973900e+01
    5.50189896e+01 5.67456551e+01 5.53669662e+01 5.52735901e+01
    5.59955673e+01 5.61078606e+01 5.50333176e+01 5.59205627e+01
    5.46218185e+01 5.66933289e+01 5.21833801e+01 5.43645859e+01
    5.49729919e+01 5.30189934e+01 5.34332161e+01 5.38269424e+01
    5.22223015e+01 5.49222298e+01 5.35004082e+01 5.26552696e+01
    5.06003380e+01 5.24310875e+01 5.10763283e+01 5.33693657e+01
    5.36336823e+01 5.47522469e+01 5.22940788e+01 5.01439781e+01
    5.24686279e+01 5.16425095e+01 4.99347839e+01 4.88233109e+01
    5.24578171e+01 5.16921310e+01 4.88901978e+01 4.99256897e+01
    4.85592346e+01 5.09477768e+01 5.13502159e+01 5.29390907e+01
    5.27819328e+01 5.35177803e+01 5.50170555e+01 5.39855347e+01
    5.10793037e+01 5.45994987e+01 5.49826279e+01 5.38575401e+01
    5.24749718e+01 5.47180290e+01 5.64041595e+01 5.53296623e+01
    5.65251999e+01 5.61779442e+01 5.40223541e+01 5.61677895e+01
    5.30016174e+01 5.54209595e+01 5.72530632e+01 5.86888962e+01
    5.56055107e+01 5.50061226e+01 5.57182426e+01 5.53384857e+01
    5.50008812e+01 5.43401833e+01 5.43271294e+01 5.34409332e+01
    5.17223358e+01 5.07659950e+01 5.22847443e+01 5.22262764e+01
    5.23197861e+01 5.19834595e+01 5.07681580e+01 4.95181847e+01
    5.02403984e+01 4.92590370e+01 4.88702850e+01 5.37522774e+01
    5.45883827e+01 5.17567482e+01 5.36484375e+01 5.34584122e+01
    5.64256821e+01 5.56272621e+01 5.63357201e+01 5.52984238e+01
    5.45328369e+01 5.61092682e+01 5.48958740e+01 5.40191956e+01
    5.70092049e+01 5.36709709e+01 5.35019608e+01 5.47292671e+01
    5.33811035e+01 5.14140930e+01 5.47933311e+01 5.36278114e+01
    5.24516678e+01 5.36853600e+01 5.17901459e+01 5.25238686e+01
    4.88718872e+01 4.84863968e+01 5.07008514e+01 5.40490303e+01
    5.02593384e+01 5.12121811e+01 5.27355804e+01 5.32541199e+01
    5.36570015e+01 5.42820473e+01 5.51026573e+01 5.54271088e+01
    5.56625252e+01 5.47084618e+01 5.74851837e+01 5.49427528e+01
    5.21138153e+01 5.87594986e+01 5.37214317e+01 5.34526405e+01
    5.76620255e+01 5.53760185e+01 5.34654274e+01 5.27322960e+01
    5.13674660e+01 5.17723656e+01 4.96825829e+01 5.02148933e+01
    5.12020721e+01 5.14786987e+01 5.05390854e+01 0. 5.07896843e+01
    5.38072395e+01 5.52802925e+01 5.50422859e+01 5.42062874e+01
    5.52479095e+01 5.57895508e+01 5.36002502e+01 5.39365540e+01
    5.56549187e+01 5.34891281e+01 5.58313751e+01 5.42994270e+01
    5.60755959e+01 5.47278175e+01 5.65583992e+01 5.59568024e+01
    5.42120819e+01 5.45674744e+01 5.49034462e+01 5.66961632e+01
    5.70940552e+01 5.36026497e+01 5.10628738e+01 5.43599892e+01
    5.32253151e+01 5.21024475e+01 5.10177689e+01 5.24480782e+01
    5.24533539e+01 5.25877190e+01 5.23557014e+01 5.18186531e+01
    5.23336830e+01 5.46816025e+01 5.25757790e+01 5.38556824e+01
    5.33344574e+01 5.22873993e+01 5.23883438e+01 5.51800499e+01
    5.49101562e+01 5.57427597e+01 5.57483482e+01 5.64712944e+01
    5.29315720e+01 5.49935188e+01 5.42954254e+01 5.58153839e+01
    5.26714706e+01 5.40286674e+01 5.32598915e+01 5.26529427e+01
    5.33795853e+01 5.33046112e+01 5.34909630e+01 5.59372826e+01
    5.34410515e+01 5.38418388e+01 5.55168915e+01 5.61345825e+01
    5.51341476e+01 5.41805611e+01 5.48545036e+01 5.50109978e+01
    5.34028320e+01 5.38712540e+01 5.52853775e+01 5.38173103e+01
    5.51446571e+01 5.40830956e+01 5.40560036e+01 4.98463440e+01
    5.11760979e+01 5.11036530e+01 5.12867813e+01 5.10405121e+01
    5.05999641e+01 4.82939758e+01 5.02557259e+01 5.03880234e+01
    4.92388802e+01 5.10369606e+01 5.08916550e+01 5.08499565e+01
    5.08630829e+01 4.86558838e+01 5.04068069e+01 5.23858414e+01
    5.19383049e+01 4.87767029e+01 5.48475342e+01 5.18099556e+01
    5.05309181e+01 5.16441307e+01 5.25052948e+01 5.27297325e+01
    5.25158806e+01 5.06483192e+01 5.31415749e+01 5.47527122e+01
    5.39546738e+01 5.16896782e+01 5.31872063e+01 5.66762085e+01
    5.30930519e+01 5.33433876e+01 5.33769608e+01 5.47528763e+01
    5.25744400e+01 5.21702919e+01 5.28963089e+01 5.53764343e+01
    5.55192528e+01 5.51733017e+01 5.63734741e+01 5.37830276e+01
    5.47373466e+01 5.43158188e+01 5.36666908e+01 5.48667107e+01
    5.27590103e+01 5.22955627e+01 5.34205856e+01 5.25860252e+01
    5.21437149e+01 5.28320541e+01 5.26722679e+01 5.38844528e+01
    5.38817062e+01 5.43748894e+01 5.43712654e+01 5.59652672e+01
    5.19474754e+01 5.11104736e+01 5.36477470e+01 5.29119873e+01
    5.15538559e+01 5.29227486e+01 5.29152641e+01 5.24071007e+01
    5.44826012e+01 5.02582054e+01 5.19459457e+01 5.25258713e+01
    5.11380081e+01 5.20687103e+01 5.42621880e+01 5.47058945e+01
    5.41000977e+01 5.44050522e+01 5.61585197e+01 5.42037697e+01
    5.78717842e+01 5.32327728e+01 5.51100121e+01 5.53526764e+01
    5.37371483e+01 5.36086159e+01 5.67428093e+01 5.47249947e+01
    5.66308594e+01 5.14829788e+01 5.10144768e+01 5.33994942e+01
    5.73106613e+01 5.64834404e+01 5.53697929e+01 5.30478363e+01
    5.70051003e+01 5.64750633e+01 5.34566383e+01 5.25898438e+01
    5.60304985e+01 5.67668800e+01 5.49720802e+01 5.29336548e+01
    5.54927673e+01 5.41251068e+01 5.14344444e+01 5.19838257e+01
    5.22405014e+01 5.19952278e+01 5.28784180e+01 5.07802773e+01
    5.47326202e+01 5.49131737e+01 5.50639801e+01 5.54804497e+01
    5.15400772e+01 5.46406555e+01 5.43762054e+01 5.41617966e+01
    5.27659607e+01 5.37482529e+01 5.45413322e+01 5.57462006e+01
    5.54724007e+01 5.48769455e+01 5.41596451e+01 5.16356392e+01
    5.30353851e+01 5.42155418e+01 5.04405899e+01 5.21201134e+01
    5.06875305e+01 5.44879837e+01 5.28380623e+01 5.16429253e+01
    5.02899513e+01 5.19320488e+01 4.90150108e+01 5.25514984e+01
    5.25616264e+01 5.61582565e+01 5.31576729e+01 5.34255371e+01
    5.29556084e+01 5.23600006e+01 5.20408745e+01 5.52185516e+01
    5.32851677e+01 5.54540291e+01 5.46701088e+01 5.73528366e+01
    5.48606720e+01 5.72232933e+01 5.67789574e+01 5.55936470e+01
    5.39965782e+01 5.62997360e+01 5.52674065e+01 5.25378380e+01
    5.18594398e+01 5.07489624e+01 5.56105995e+01 5.08798218e+01
    5.01978188e+01 5.31565971e+01 5.23983498e+01 5.21937447e+01 0.
    5.18528671e+01 5.17299156e+01 5.33953438e+01 5.61789017e+01
    5.23113060e+01 5.22066765e+01 5.84283562e+01 5.14480286e+01
    5.44213409e+01 5.37871628e+01 5.53362503e+01 5.47912865e+01
    5.30268211e+01 5.40829887e+01 5.55461388e+01 5.33880196e+01
    5.53054085e+01 5.49539566e+01 5.29868927e+01 5.51434898e+01
    5.08226242e+01 5.36434631e+01 5.31996574e+01 5.13078079e+01
    5.16774864e+01 5.25692215e+01 4.76284752e+01 5.05335350e+01
    5.20746002e+01 5.37376404e+01 5.11512108e+01 5.20709038e+01
    5.32026100e+01 5.17255135e+01 5.27626495e+01 5.31347694e+01
    5.25071449e+01 5.40539665e+01 5.44778328e+01 5.19757080e+01
    5.36055603e+01 5.50633163e+01 5.65395088e+01 5.36425743e+01
    5.38012276e+01 5.22319260e+01 5.39902611e+01 5.41442070e+01
    5.31425743e+01 5.66616821e+01 5.34221535e+01 5.29401436e+01
    5.48411827e+01 5.20754776e+01 5.13440475e+01 5.45715294e+01
    5.28540688e+01 5.56299934e+01 5.37986336e+01 5.20911331e+01
    5.54217300e+01 5.63313293e+01 5.36619720e+01 5.52648582e+01
    5.57656174e+01 5.39215622e+01 5.50562210e+01 5.51538391e+01
    5.38584900e+01 5.38085365e+01 5.45878143e+01 5.09252472e+01
    5.21229095e+01 5.09417152e+01 5.14173698e+01 5.06988258e+01
    4.86548958e+01 5.24248543e+01 5.03882751e+01 4.73276024e+01
    5.11500435e+01 5.10736961e+01 4.82614632e+01 5.00332680e+01
    5.22351112e+01 5.04019966e+01 5.13152657e+01 4.97254944e+01
    5.26124306e+01 5.30160027e+01 5.11323357e+01 5.25714111e+01
    5.15540771e+01 5.21147194e+01 5.57635689e+01 5.04769974e+01
    5.16092606e+01 5.40433311e+01 5.15403061e+01 4.97896767e+01
    5.47323723e+01 5.28209267e+01 5.23492317e+01 5.11767235e+01
    5.40920296e+01 5.48650894e+01 5.44241257e+01 5.52624168e+01
    5.18643188e+01 5.42408066e+01 5.54638748e+01 5.77757111e+01
    5.57158432e+01 5.55869255e+01 5.40073547e+01 5.72244072e+01
    5.31446037e+01 5.23423080e+01 5.26307297e+01 5.29975166e+01
    5.23554382e+01 5.56238670e+01 5.28265991e+01 5.36826172e+01
    5.55203896e+01 5.47052460e+01 5.53182602e+01 5.39467583e+01
    5.55525970e+01 5.36362572e+01 5.62782135e+01 5.65887489e+01
    5.40455856e+01 5.40820732e+01 5.33206940e+01 5.27479477e+01
    5.38223991e+01 5.08464966e+01 5.42502594e+01 5.42275429e+01
    5.18562241e+01 5.31480637e+01 5.19536400e+01 5.26084061e+01
    4.96939278e+01 4.92484283e+01 5.26999817e+01 5.32076569e+01
    5.50423965e+01 5.63935928e+01 5.44786797e+01 5.62272453e+01
    5.51185760e+01 5.38522720e+01 5.14210663e+01 5.42960091e+01
    5.23610535e+01 5.53149147e+01 5.31863937e+01 5.49510307e+01
    5.24509354e+01 5.19085236e+01 5.29322357e+01 5.27319527e+01
    5.19978905e+01 5.57588844e+01 5.70896606e+01 5.54187660e+01
    5.34783134e+01 5.69817924e+01 5.73380814e+01 5.50505180e+01
    5.57001228e+01 5.51574173e+01 5.44129906e+01 5.43961716e+01
    5.19152489e+01 5.28393059e+01 5.35751915e+01 5.47559853e+01
    5.06697884e+01 4.93065033e+01 5.22072716e+01 5.09673233e+01
    5.04514046e+01 5.28235664e+01 5.33168488e+01 5.34996338e+01
    5.46878853e+01 5.40808487e+01 5.31158180e+01 5.28730812e+01
    5.54771271e+01 5.43605995e+01 5.45851059e+01 5.38034897e+01
    5.29409103e+01 5.41804123e+01 5.49454422e+01 5.46096535e+01
    5.19636497e+01 5.46522675e+01 5.46905556e+01 5.36185646e+01
    5.36823845e+01 5.56363907e+01 5.26486435e+01 5.45481491e+01
    5.19282532e+01 5.07256203e+01 5.17569695e+01 5.08691483e+01
    5.09542236e+01 5.03350029e+01 5.18928070e+01 5.15465927e+01
    5.14451332e+01 5.44839096e+01 5.10534973e+01 5.34968529e+01
    5.36792374e+01 5.78663139e+01 5.54257431e+01 5.64536476e+01
    5.61583138e+01 5.74471321e+01 5.43097801e+01 5.59431953e+01
    5.24238510e+01 5.30473709e+01 5.71693649e+01 5.37518539e+01
    5.42589760e+01 5.29661064e+01 5.19998436e+01 5.32675323e+01
    5.00775871e+01 4.71857376e+01 5.25295830e+01 5.19845963e+01
    4.88117027e+01 0. 5.05404282e+01 5.13080063e+01 5.31281815e+01
    5.40657082e+01 5.21090126e+01 5.48164024e+01 5.46775780e+01
    5.37388954e+01 5.26956253e+01 5.34339409e+01 5.44461250e+01
    5.39555779e+01 5.30785179e+01 5.46516266e+01 5.27680016e+01
    5.41324196e+01 5.32961006e+01 5.32636757e+01 5.27752533e+01
    5.38297195e+01 5.27954903e+01 5.03267937e+01 5.21791611e+01
    5.19693184e+01 5.12143288e+01 4.81230392e+01 5.04175949e+01
    5.05373650e+01 5.12508163e+01 5.08795547e+01 5.02868576e+01
    5.13913383e+01 5.40147476e+01 5.17859726e+01 5.25658798e+01
    5.35950279e+01 5.37373848e+01 5.17744102e+01 5.50779495e+01
    5.22869263e+01 5.02976761e+01 5.03021126e+01 5.37292709e+01
    5.27265930e+01 5.31884193e+01 5.00768471e+01 5.52129059e+01
    5.41351585e+01 5.23368797e+01 5.14731674e+01 5.35135384e+01
    4.94468117e+01 5.15156898e+01 5.00280609e+01 5.11314240e+01
    5.06161690e+01 5.23757553e+01 5.05871277e+01 5.22291412e+01
    5.33671646e+01 5.44144974e+01 5.42432556e+01 5.37625504e+01
    5.35895920e+01 5.63521347e+01 5.40604477e+01 5.43166237e+01
    5.51512413e+01 5.47633743e+01 5.48923988e+01 5.52670326e+01
    5.46016235e+01 5.11855011e+01 5.27866707e+01 5.13182793e+01
    5.05864372e+01 5.28509064e+01 5.18901939e+01 5.23549538e+01
    5.19623032e+01 5.06650734e+01 5.30289040e+01 5.12140579e+01
    5.26308174e+01 4.98313637e+01 5.13119698e+01 5.10977631e+01
    5.14360847e+01 5.15979881e+01 5.25061111e+01 5.05749207e+01
    5.21200562e+01 5.10365143e+01 4.88073502e+01 5.28417587e+01
    5.22731133e+01 5.01963882e+01 4.91584206e+01 5.08900909e+01
    5.27552185e+01 5.21369667e+01 5.22339859e+01 5.02600250e+01
    5.20276794e+01 5.30247688e+01 5.22005768e+01 5.21456871e+01
    5.32486649e+01 5.30108681e+01 5.63949013e+01 5.51583519e+01
    5.53583717e+01 5.39653015e+01 5.61474419e+01 5.55486336e+01
    5.43711548e+01 5.57040443e+01 5.42331467e+01 5.80314713e+01
    5.50075493e+01 5.33503189e+01 5.30866203e+01 5.40977364e+01
    5.32613792e+01 5.38899841e+01 5.35178337e+01 5.07436905e+01
    5.29786339e+01 5.59421082e+01 5.63416519e+01 5.54971466e+01
    5.48868790e+01 5.77131729e+01 5.53492508e+01 5.50488129e+01
    5.23975449e+01 5.57847977e+01 5.35343323e+01 5.42880516e+01
    5.44640656e+01 5.40341949e+01 5.40119667e+01 5.49085007e+01
    5.32671089e+01 5.35594139e+01 5.47950706e+01 5.55534630e+01
    5.46723099e+01 5.47263947e+01 5.36730423e+01 5.37000923e+01
    5.26644135e+01 5.14668274e+01 5.27488785e+01 5.39105873e+01
    5.35395126e+01 5.47387695e+01 5.26643105e+01 5.26623268e+01
    5.53778725e+01 5.37101326e+01 5.47486420e+01 5.35099373e+01
    5.47939453e+01 5.67847862e+01 5.69991035e+01 5.63834152e+01
    5.52936325e+01 5.56929512e+01 5.81460304e+01 5.60142441e+01
    5.39221802e+01 5.47374840e+01 5.55607872e+01 5.87301331e+01
    5.41738129e+01 5.35844460e+01 5.54979858e+01 5.54830475e+01
    5.42053146e+01 5.14517593e+01 5.25105095e+01 5.41526833e+01
    5.42841988e+01 5.01030922e+01 5.17738037e+01 5.43161736e+01
    5.32227478e+01 5.19418564e+01 5.26662216e+01 5.40923615e+01
    5.35688782e+01 5.13087120e+01 5.28127060e+01 5.18311806e+01
    5.42847252e+01 5.50696335e+01 5.25672874e+01 5.39565506e+01
    5.49097900e+01 5.30975113e+01 5.09766312e+01 5.16391754e+01
    5.11936722e+01 5.20172157e+01 5.33625298e+01 5.30215874e+01
    5.04705276e+01 5.04062309e+01 5.02042046e+01 4.79001427e+01
    5.08804169e+01 5.20877113e+01 5.26212120e+01 5.23584404e+01
    5.22912369e+01 4.93259506e+01 5.29465714e+01 5.45639267e+01
    5.23011169e+01 5.69272728e+01 5.62073975e+01 5.66267128e+01
    5.29630089e+01 5.59617882e+01 5.49270744e+01 5.58962135e+01
    5.47739449e+01 5.46469307e+01 5.31512260e+01 5.74527435e+01
    5.27866554e+01 5.68913307e+01 5.40126877e+01 5.10659294e+01
    5.20815163e+01 5.02699738e+01 4.75208206e+01 5.04826736e+01
    5.02173233e+01 4.83624916e+01 0. 5.21515045e+01 5.40340157e+01
    5.38079262e+01 5.16918755e+01 5.29583817e+01 5.31388817e+01
    5.45538864e+01 5.11020927e+01 5.29586143e+01 5.23905869e+01
    5.21119118e+01 5.11216583e+01 5.40891609e+01 5.27579346e+01
    5.46916466e+01 5.46311607e+01 5.47076912e+01 5.09018860e+01
    5.12508469e+01 5.13136139e+01 4.93234062e+01 5.41403847e+01
    5.15189629e+01 4.94247475e+01 5.46040115e+01 4.98155937e+01
    4.87704086e+01 5.01811066e+01 5.03083687e+01 5.12812691e+01
    5.07520790e+01 4.83573112e+01 5.19007721e+01 5.24531898e+01
    5.12993202e+01 4.88292160e+01 5.25469551e+01 4.87088242e+01
    5.14398079e+01 5.35059013e+01 5.12758408e+01 5.43932419e+01
    5.32029991e+01 5.38871040e+01 5.47352524e+01 5.27634430e+01
    5.23165054e+01 5.34551392e+01 5.34584885e+01 5.37732849e+01
    5.14610939e+01 5.48995018e+01 5.29722862e+01 5.32906036e+01
    5.37246132e+01 5.42359467e+01 5.33680191e+01 5.47902908e+01
    5.21333160e+01 5.50575409e+01 5.36604996e+01 5.34281425e+01
    5.34420662e+01 5.44969444e+01 5.41481934e+01 5.42800179e+01
    5.47303696e+01 5.56169930e+01 5.55292854e+01 5.64936485e+01
    5.40443382e+01 5.48362999e+01 5.43082161e+01 5.32674484e+01
    5.42340355e+01 5.30507202e+01 5.29420280e+01 5.43004608e+01
    5.28717117e+01 5.25775261e+01 5.33589478e+01 5.41239510e+01
    5.24046860e+01 5.02314186e+01 4.97174110e+01 5.11682854e+01
    5.19373627e+01 5.17645454e+01 5.28368797e+01 5.43423195e+01
    5.06293030e+01 5.14165993e+01 4.93309898e+01 5.02700157e+01
    4.98518677e+01 5.03575478e+01 5.10389252e+01 5.05765190e+01
    5.00378685e+01 5.00161400e+01 4.99269142e+01 5.27714233e+01
    5.22929115e+01 5.37783089e+01 5.42438583e+01 5.27383995e+01
    5.58044739e+01 5.68296890e+01 5.55320511e+01 5.79091721e+01
    5.78278923e+01 5.65209160e+01 5.58535004e+01 5.75183296e+01
    5.61775131e+01 5.80390892e+01 5.37408943e+01 5.71091843e+01
    5.60745049e+01 5.44622383e+01 5.52558441e+01 5.45872993e+01
    5.33172531e+01 5.39654961e+01 5.32219810e+01 5.58126221e+01
    5.50412292e+01 5.49665527e+01 5.70273170e+01 5.61821022e+01
    5.54942856e+01 5.28615761e+01 5.58807945e+01 5.46367722e+01
    5.36185074e+01 5.13430939e+01 5.44049034e+01 5.56085358e+01
    5.37844009e+01 5.36407776e+01 5.59339981e+01 5.57696114e+01
    5.37635002e+01 5.39486504e+01 5.44044151e+01 5.30917931e+01
    5.60356560e+01 5.26257896e+01 5.37958755e+01 5.39095268e+01
    5.31783562e+01 5.61765480e+01 5.47324142e+01 5.41957932e+01
    5.46390114e+01 5.35428734e+01 5.39703140e+01 5.26878662e+01
    5.67515984e+01 5.57230301e+01 5.41194038e+01 5.53371506e+01
    5.44229355e+01 5.53187599e+01 5.69190407e+01 5.66372299e+01
    5.77575760e+01 5.37668877e+01 5.32036896e+01 5.72187347e+01
    5.70879555e+01 5.66238098e+01 5.76369858e+01 5.66546936e+01
    5.66086235e+01 5.69095039e+01 5.20861931e+01 5.28795319e+01
    5.61132698e+01 5.59346275e+01 5.23837204e+01 5.15242119e+01
    5.36358147e+01 5.38005295e+01 5.27342300e+01 5.32007294e+01
    5.33844566e+01 5.46650352e+01 5.64981728e+01 5.11274872e+01
    5.30128632e+01 5.51930809e+01 5.40532837e+01 5.25697174e+01
    5.06336784e+01 5.28859215e+01 5.51762276e+01 5.57313461e+01
    5.37102814e+01 5.27067833e+01 5.23541870e+01 5.09932709e+01
    5.03547401e+01 4.97353745e+01 5.12304039e+01 5.03257866e+01
    5.27727966e+01 4.91886330e+01 5.21540451e+01 4.96752663e+01
    5.19647026e+01 5.15803833e+01 5.35560036e+01 5.17202835e+01
    5.29920006e+01 5.21496429e+01 5.25619621e+01 5.01575394e+01
    5.27434654e+01 5.45975227e+01 5.23278122e+01 5.15269356e+01
    5.77401161e+01 5.39473991e+01 5.48372459e+01 5.60297546e+01
    5.64687843e+01 5.59166145e+01 5.37796822e+01 5.47362938e+01
    5.72356987e+01 5.38436279e+01 5.43881721e+01 5.35989037e+01
    5.05152817e+01 5.29711266e+01 5.11515999e+01 5.16029816e+01
    5.30242310e+01 5.00509186e+01 5.24382935e+01 0. 5.10036316e+01
    4.91030693e+01 5.07561035e+01 5.25446053e+01 5.27562256e+01
    5.11585045e+01 5.26299629e+01 5.03075829e+01 5.04057426e+01
    5.22289047e+01 5.08193474e+01 5.27786865e+01 5.07148933e+01
    5.42699356e+01 5.03449440e+01 4.99301376e+01 5.13011017e+01
    5.10408020e+01 5.03556061e+01 5.03523598e+01 4.99726105e+01
    5.19641876e+01 5.34983749e+01 4.96971169e+01 4.92615395e+01
    4.97608337e+01 4.99237213e+01 5.09651871e+01 4.93482971e+01
    5.04410133e+01 5.22856445e+01 4.96341438e+01 5.00231209e+01
    5.07186928e+01 5.12756386e+01 5.11319351e+01 5.31967621e+01
    5.28261604e+01 5.46451035e+01 5.39418411e+01 5.43577728e+01
    5.40326805e+01 5.56096344e+01 5.42052689e+01 5.25103111e+01
    5.39110527e+01 5.41092606e+01 5.79308319e+01 5.64369011e+01
    5.49639359e+01 5.64871140e+01 5.31781082e+01 5.46212502e+01
    5.25803833e+01 5.27263527e+01 5.18784447e+01 5.50787582e+01
    5.18679657e+01 5.09931793e+01 5.37749138e+01 5.69550209e+01
    5.39248276e+01 5.67177811e+01 5.56777420e+01 5.72794952e+01
    5.55356598e+01 5.63473778e+01 5.74645500e+01 5.82162437e+01
    5.42560806e+01 5.73795929e+01 5.40911293e+01 5.52907295e+01
    5.38679810e+01 5.18923149e+01 5.25400581e+01 5.36349182e+01
    5.21356850e+01 5.35998497e+01 5.36630707e+01 5.02945137e+01
    5.36083679e+01 5.34193497e+01 5.08819923e+01 5.14699097e+01
    5.34415321e+01 5.30954132e+01 5.13181725e+01 4.95697746e+01
    5.43760948e+01 5.31739006e+01 5.04722748e+01 5.01065063e+01
    5.01227036e+01 5.22646217e+01 5.15332680e+01 5.17025566e+01
    5.19659424e+01 4.92809868e+01 4.68171196e+01 4.91468620e+01
    5.13339539e+01 4.97260780e+01 5.13707199e+01 5.52261162e+01
    5.45024834e+01 5.59729729e+01 5.68411980e+01 5.56081543e+01
    5.92809067e+01 5.72464447e+01 5.46338005e+01 5.69512329e+01
    5.52605476e+01 5.76699944e+01 5.55988388e+01 5.40537033e+01
    5.60655022e+01 5.58258972e+01 5.64002151e+01 5.33955002e+01
    5.57258835e+01 5.62075500e+01 5.52799759e+01 5.31307144e+01
    5.25699654e+01 5.20773773e+01 5.30709496e+01 5.43502197e+01
    5.45634613e+01 5.51593704e+01 5.68233795e+01 5.63985100e+01
    5.62718468e+01 5.23570251e+01 5.47202950e+01 5.68183174e+01
    5.56039162e+01 5.46414833e+01 5.57506752e+01 5.36215858e+01
    5.61943779e+01 5.43734398e+01 5.42360802e+01 5.39647369e+01
    5.32293358e+01 5.73764458e+01 5.59375839e+01 5.50879631e+01
    5.52185669e+01 5.28386497e+01 5.40030937e+01 5.63860893e+01
    5.32627754e+01 5.36030006e+01 5.60686455e+01 5.51426735e+01
    5.59855690e+01 5.08971481e+01 5.58609810e+01 5.36880722e+01
    5.68007889e+01 5.32279663e+01 5.41355820e+01 5.45445023e+01
    5.79064064e+01 5.58327408e+01 5.75789986e+01 5.43173714e+01
    5.77325211e+01 5.71866837e+01 5.54525871e+01 5.59693794e+01
    5.39035568e+01 5.41742210e+01 5.56379623e+01 5.44751740e+01
    5.57519112e+01 5.44624977e+01 5.69107323e+01 5.40835266e+01
    5.04759254e+01 5.28246460e+01 5.27357178e+01 5.23974304e+01
    5.39148750e+01 5.38091888e+01 5.44789085e+01 5.52800255e+01
    5.43840370e+01 5.22706985e+01 5.52132263e+01 5.70010490e+01
    5.32204247e+01 5.43612976e+01 5.16497459e+01 5.48060417e+01
    5.50026398e+01 5.35513229e+01 5.29566727e+01 5.22461052e+01
    5.35552330e+01 4.94558449e+01 5.04352112e+01 5.25033417e+01
    5.50420303e+01 5.49084396e+01 5.22564545e+01 5.27474403e+01
    5.22745514e+01 4.97517281e+01 5.32383499e+01 5.22518921e+01
    5.44874306e+01 5.39637070e+01 5.40878525e+01 5.40250702e+01
    5.43321609e+01 5.41760445e+01 5.76746826e+01 5.48760872e+01
    5.54794388e+01 5.49962769e+01 5.80135307e+01 5.55767403e+01
    5.31959114e+01 5.78021202e+01 5.67021523e+01 5.59348679e+01
    5.30424347e+01 5.38156166e+01 5.66497459e+01 5.55445290e+01
    5.26226501e+01 5.36333504e+01 5.58392715e+01 5.53634377e+01
    5.14868584e+01 5.38032227e+01 5.05207329e+01 5.36282005e+01 0.
    5.08934860e+01 4.91281776e+01 4.99232407e+01 5.31577339e+01
    4.88600960e+01 5.06615868e+01 5.16932983e+01 5.25539169e+01
    5.10031853e+01 5.05974579e+01 5.11317520e+01 5.18561096e+01
    4.94365463e+01 5.04896011e+01 5.10130577e+01 5.13671799e+01
    5.34979553e+01 5.22468071e+01 4.85252151e+01 5.15855560e+01
    4.94643440e+01 5.04515533e+01 5.10698738e+01 4.74089508e+01
    5.02714806e+01 5.05584641e+01 4.61728630e+01 5.09734306e+01
    4.85386047e+01 5.10432358e+01 4.99570351e+01 5.04367561e+01
    5.01424332e+01 5.14622803e+01 4.95622215e+01 5.56340408e+01
    5.16207581e+01 5.39116898e+01 5.25504951e+01 5.59126778e+01
    5.18774147e+01 5.34858627e+01 5.38292084e+01 5.55949974e+01
    5.60438080e+01 5.19979134e+01 5.49822693e+01 5.65199738e+01
    5.50410728e+01 5.34191666e+01 5.36309738e+01 5.19939079e+01
    5.25807343e+01 5.25878410e+01 5.51564255e+01 5.22256927e+01
    5.38224564e+01 5.39855995e+01 5.51839600e+01 5.35635910e+01
    5.63135109e+01 5.56637802e+01 5.54782829e+01 5.34920502e+01
    5.36228523e+01 5.36234398e+01 5.77441559e+01 5.45671539e+01
    5.47075615e+01 5.59584236e+01 5.52059250e+01 5.14177666e+01
    5.61616364e+01 5.32378197e+01 5.04936371e+01 5.36258049e+01
    5.28816528e+01 5.20580177e+01 5.38575935e+01 5.38935051e+01
    5.26628113e+01 5.24601250e+01 5.17735672e+01 5.47158966e+01
    5.36278877e+01 4.99788361e+01 5.35894279e+01 5.05874062e+01
    4.98072433e+01 5.19498978e+01 5.28332100e+01 4.87079010e+01
    5.03851547e+01 5.08873558e+01 4.97819672e+01 5.05910568e+01
    5.07311478e+01 4.91651001e+01 5.14251099e+01 5.22243004e+01
    5.26939545e+01 5.16634445e+01 5.36546707e+01 5.51614952e+01
    5.60364799e+01 5.39354439e+01 5.49120903e+01 5.45933685e+01
    5.28269005e+01 5.46860619e+01 5.68946457e+01 5.55725403e+01
    5.65830460e+01 5.77399368e+01 5.52117729e+01 5.55772018e+01
    5.64617500e+01 5.67022934e+01 5.59725418e+01 5.68428154e+01
    5.41925735e+01 5.42260780e+01 5.48074646e+01 5.38846474e+01
    5.07764664e+01 5.31464615e+01 5.30706940e+01 5.20539970e+01
    5.45278015e+01 5.30483551e+01 5.67803802e+01 5.40543289e+01
    5.60608826e+01 5.42059631e+01 5.41003418e+01 5.41901016e+01
    5.83928795e+01 5.65021286e+01 5.49217224e+01 5.50581970e+01
    5.68889465e+01 5.68617020e+01 5.70686684e+01 5.67227783e+01
    6.02343864e+01 5.64345703e+01 5.53301468e+01 5.93691330e+01
    5.72473526e+01 5.45841904e+01 5.39839630e+01 5.51364326e+01
    5.47912064e+01 5.34244385e+01 5.48154449e+01 5.36194420e+01
    5.22661858e+01 5.32597542e+01 5.28421211e+01 5.33868446e+01
    5.43669472e+01 5.35192070e+01 5.22160416e+01 5.29243774e+01
    5.46983833e+01 5.72556152e+01 5.70751572e+01 5.47394295e+01
    5.50266037e+01 5.80163689e+01 5.46541023e+01 5.43498535e+01
    5.54933968e+01 5.49568405e+01 5.75280991e+01 5.44967117e+01
    5.37010803e+01 5.40479088e+01 5.87158661e+01 5.71843605e+01
    5.33037033e+01 5.40158043e+01 5.32635880e+01 5.28972969e+01
    5.48719177e+01 5.42342110e+01 5.46052399e+01 5.57374420e+01
    5.58409615e+01 5.44845314e+01 5.39943848e+01 5.59695435e+01
    5.26399994e+01 5.28906136e+01 5.35954361e+01 5.17756348e+01
    5.34177132e+01 5.30896111e+01 5.38281364e+01 5.26323776e+01
    5.32868767e+01 5.03881912e+01 5.15116196e+01 5.02800217e+01
    5.16720734e+01 5.23621826e+01 5.18433952e+01 4.94557495e+01
    5.19274063e+01 5.18863449e+01 4.99426079e+01 5.01822624e+01
    5.29530945e+01 5.25772324e+01 5.15116463e+01 5.15191460e+01
    5.32212868e+01 5.31576996e+01 5.37975540e+01 5.30552711e+01
    5.43867302e+01 5.57849960e+01 5.61628609e+01 5.57150764e+01
    5.70205307e+01 5.51905479e+01 5.66685066e+01 5.95700569e+01
    5.69438972e+01 5.49467087e+01 5.64938164e+01 5.52349663e+01
    5.85796051e+01 5.51811485e+01 5.40387878e+01 5.36061592e+01
    5.55785751e+01 5.27048149e+01 5.04846115e+01 5.02260056e+01
    5.21651230e+01 0. 5.14186668e+01 5.07722588e+01 4.97841187e+01
    5.22414894e+01 5.08767662e+01 4.94492226e+01 4.77157364e+01
    4.91985817e+01 5.07949905e+01 4.95357285e+01 4.74371490e+01
    5.00692673e+01 5.10568848e+01 4.87210197e+01 5.17139359e+01
    4.96192780e+01 5.03220596e+01 5.25662575e+01 4.99987793e+01
    5.05926590e+01 5.12714310e+01 5.28175507e+01 5.14285431e+01
    5.17373428e+01 5.05336990e+01 5.03782425e+01 4.86742783e+01
    4.91574974e+01 5.08101425e+01 5.23296661e+01 5.30131264e+01
    5.24229698e+01 5.46193123e+01 5.33497200e+01 5.36714058e+01
    5.36468964e+01 5.56231842e+01 5.29634628e+01 5.26098862e+01
    5.40319786e+01 5.34505157e+01 5.57262230e+01 5.48425636e+01
    5.55280075e+01 5.70944099e+01 5.26366234e+01 5.23266258e+01
    5.35484123e+01 5.17246246e+01 5.02953339e+01 5.42555962e+01
    5.42222252e+01 5.13993683e+01 5.11851654e+01 5.03042755e+01
    5.28013382e+01 5.44848328e+01 5.46154366e+01 5.30548210e+01
    5.32079926e+01 5.16029549e+01 5.12659836e+01 5.43225098e+01
    5.17753296e+01 5.21637459e+01 5.52557259e+01 5.61523666e+01
    5.71851959e+01 5.48119354e+01 5.67090988e+01 5.84681320e+01
    5.53120270e+01 5.50381737e+01 5.56940994e+01 5.18588486e+01
    5.16746750e+01 5.41864662e+01 5.27929039e+01 5.15879555e+01
    5.32410164e+01 5.36140480e+01 5.37495003e+01 5.06969528e+01
    5.41641426e+01 5.23251495e+01 5.06406670e+01 4.94032974e+01
    5.19696007e+01 4.99720268e+01 5.23376656e+01 5.30876961e+01
    5.11564331e+01 4.92422638e+01 5.14835510e+01 4.84746323e+01
    4.83865509e+01 5.02217789e+01 5.01100388e+01 4.93493767e+01
    4.99954758e+01 4.80017433e+01 5.34975891e+01 5.01375542e+01
    4.86879883e+01 5.24652138e+01 5.27716179e+01 5.35763321e+01
    5.50918465e+01 5.62250481e+01 5.33314819e+01 5.90259895e+01
    5.78504753e+01 5.61832352e+01 6.01330681e+01 5.76987686e+01
    5.59246178e+01 5.75828590e+01 5.71003075e+01 5.62396965e+01
    5.42161369e+01 5.64492950e+01 5.39578209e+01 5.66606712e+01
    5.53186073e+01 5.66595001e+01 5.55251007e+01 5.58004074e+01
    5.50629082e+01 5.51655884e+01 5.45851593e+01 5.62879105e+01
    5.33077621e+01 5.53012390e+01 5.56655807e+01 5.60644150e+01
    5.24111023e+01 5.41103439e+01 5.38282394e+01 5.36729584e+01
    5.63851013e+01 5.41718102e+01 5.68491020e+01 5.42200584e+01
    5.27867622e+01 5.58737106e+01 5.60871468e+01 5.45303078e+01
    5.53645210e+01 5.74019012e+01 5.77849617e+01 5.41683502e+01
    5.79161034e+01 5.47950630e+01 5.27020302e+01 5.36100006e+01
    5.20882187e+01 5.34319267e+01 5.39051781e+01 5.29651680e+01
    5.42195511e+01 5.32322998e+01 5.28829651e+01 5.27549362e+01
    5.49004211e+01 5.45150108e+01 5.22951126e+01 5.53756447e+01
    5.60985184e+01 5.56246834e+01 5.68069839e+01 5.69629402e+01
    5.69848404e+01 5.43922272e+01 5.66356964e+01 5.51853790e+01
    5.70482140e+01 5.40503235e+01 5.75974655e+01 5.30445099e+01
    5.69101982e+01 5.30315514e+01 5.03898621e+01 5.23202591e+01
    5.24848022e+01 5.31745682e+01 5.14361992e+01 5.37777023e+01
    5.54850273e+01 5.73645821e+01 5.48013802e+01 5.00516968e+01
    5.32707634e+01 5.24708290e+01 5.14937057e+01 5.34271660e+01
    5.48547592e+01 5.20040894e+01 5.51756439e+01 5.66826172e+01
    5.33667564e+01 5.10026207e+01 5.34795113e+01 4.97563438e+01
    5.14629059e+01 5.17926979e+01 5.31576691e+01 5.35386086e+01
    5.18297920e+01 5.25118675e+01 4.89074936e+01 5.13004799e+01
    4.84982300e+01 4.97031403e+01 5.38924561e+01 5.11897430e+01
    5.25997047e+01 5.16152687e+01 5.21530876e+01 5.37629967e+01
    5.01890259e+01 5.53176193e+01 5.41574020e+01 5.59081001e+01
    5.68065453e+01 5.53513908e+01 5.70385017e+01 5.89591980e+01
    5.65351181e+01 5.60389709e+01 5.67302933e+01 5.62263489e+01
    5.69107056e+01 5.42113380e+01 5.40645790e+01 5.37261810e+01
    5.44975739e+01 5.22846642e+01 5.12911072e+01 5.23744011e+01
    5.21323586e+01 5.10273018e+01 0. 5.01125374e+01 4.90778923e+01
    5.26329956e+01 4.73999023e+01 5.19169121e+01 4.97972946e+01
    5.13998795e+01 4.97842789e+01 5.11772766e+01 5.20692520e+01
    5.20705643e+01 5.20333176e+01 4.88615112e+01 5.00193100e+01
    4.94589233e+01 4.84056549e+01 4.97961502e+01 4.85036659e+01
    4.81728210e+01 4.89312401e+01 4.88628769e+01 4.96492958e+01
    4.84391708e+01 4.94736023e+01 5.17781563e+01 5.21887207e+01
    5.05255432e+01 5.04928207e+01 5.12034187e+01 5.30809135e+01
    5.35936813e+01 5.31032333e+01 5.37082787e+01 5.41549568e+01
    5.41740417e+01 5.37090187e+01 5.43385696e+01 5.29272537e+01
    5.45148010e+01 5.61180801e+01 5.51321144e+01 5.41118698e+01
    5.36673622e+01 5.37674713e+01 5.22231445e+01 5.20663452e+01
    5.18041534e+01 5.44882240e+01 5.31291313e+01 5.28382263e+01
    5.44789886e+01 5.26066437e+01 5.23253822e+01 5.13169708e+01
    4.86531754e+01 5.10835762e+01 5.22760391e+01 5.17090073e+01
    5.02528801e+01 5.47659492e+01 5.67052994e+01 5.25913162e+01
    5.28744698e+01 5.54328384e+01 5.43613129e+01 5.32920570e+01
    5.50135345e+01 5.44307022e+01 5.34067726e+01 5.29873886e+01
    5.40817604e+01 5.37564697e+01 5.33617935e+01 5.23248863e+01
    5.19383392e+01 4.98871574e+01 5.41257973e+01 5.22790680e+01
    5.19746819e+01 5.28203316e+01 5.37364235e+01 5.29275970e+01
    5.57045784e+01 5.36335678e+01 5.41719246e+01 5.44817429e+01
    5.12512856e+01 5.36427917e+01 5.24721794e+01 5.19021416e+01
    5.45176926e+01 5.02251282e+01 4.96723061e+01 5.08576241e+01
    5.16100235e+01 4.84957657e+01 4.73935661e+01 5.06917686e+01
    4.99757195e+01 4.87073669e+01 5.05668945e+01 4.95774117e+01
    5.25819893e+01 4.97886238e+01 5.17468300e+01 5.33563461e+01
    5.49946823e+01 5.63054848e+01 5.71348877e+01 5.79870338e+01
    6.01725540e+01 5.84589691e+01 5.79061012e+01 5.71298218e+01
    5.61697006e+01 5.78605957e+01 5.53430710e+01 5.64417114e+01
    5.63337669e+01 5.74313736e+01 5.65983086e+01 5.69102211e+01
    5.43823471e+01 5.39595604e+01 5.22134895e+01 5.26639023e+01
    5.17414970e+01 5.24087791e+01 5.36212997e+01 5.39243126e+01
    5.23309059e+01 5.36376915e+01 5.24647865e+01 5.60257263e+01
    5.01599884e+01 5.39567719e+01 5.47264519e+01 5.47256660e+01
    5.45090675e+01 5.53104210e+01 5.46031303e+01 5.51807098e+01
    5.43977661e+01 5.32696686e+01 5.52466393e+01 5.62641182e+01
    5.64761009e+01 5.65247078e+01 5.40755043e+01 5.67681160e+01
    5.71057358e+01 5.46215935e+01 5.34374313e+01 5.51807022e+01
    5.43290253e+01 5.52314682e+01 5.42323570e+01 5.40299721e+01
    5.26173782e+01 5.33872147e+01 5.40707664e+01 5.49072495e+01
    5.32833824e+01 5.46542511e+01 5.37654572e+01 5.72604599e+01
    5.53362732e+01 5.58120995e+01 5.53664131e+01 5.68564186e+01
    5.62885284e+01 5.60555229e+01 5.42831764e+01 5.30380859e+01
    5.68895798e+01 5.30940514e+01 5.28581505e+01 5.51649742e+01
    5.47644615e+01 5.32888641e+01 5.09916458e+01 5.15517311e+01
    5.34341927e+01 5.22264061e+01 5.22918320e+01 5.30402794e+01
    5.20362587e+01 5.38796577e+01 5.40558929e+01 5.08945656e+01
    5.29159050e+01 5.39457855e+01 5.42086182e+01 5.27087517e+01
    5.36333542e+01 5.60357132e+01 5.67096710e+01 5.37738304e+01
    5.63556747e+01 5.63023109e+01 5.21067467e+01 4.93241844e+01
    5.46585770e+01 4.99792290e+01 5.28394966e+01 5.14549522e+01
    5.15742111e+01 5.08793755e+01 4.92629814e+01 5.23364983e+01
    4.95055389e+01 5.09075737e+01 5.11052628e+01 5.11691132e+01
    4.74398575e+01 5.30015182e+01 5.25082436e+01 5.38303070e+01
    5.15517120e+01 5.46858521e+01 5.16072311e+01 5.77000275e+01
    5.31789322e+01 5.66486626e+01 5.74946556e+01 5.53133011e+01
    5.55817833e+01 5.44226341e+01 5.36134567e+01 5.44545326e+01
    5.37817764e+01 5.77579079e+01 5.62323494e+01 5.34996452e+01
    5.36158524e+01 5.55620041e+01 5.44791183e+01 5.22754478e+01
    5.21749153e+01 5.07832413e+01 5.09880676e+01 0. 5.03841133e+01
    5.11918945e+01 5.05752296e+01 5.31628723e+01 5.00911827e+01
    5.18870583e+01 5.17195168e+01 5.14165955e+01 4.97758865e+01
    5.00136986e+01 5.13556442e+01 5.04165192e+01 5.15702209e+01
    5.10773506e+01 5.03975601e+01 5.21518288e+01 4.80612640e+01
    5.08955421e+01 5.03529549e+01 4.90544395e+01 4.94411087e+01
    4.99373970e+01 4.93790588e+01 4.83774261e+01 4.90693321e+01
    5.20962868e+01 5.27971191e+01 5.26491280e+01 5.16001968e+01
    5.34350624e+01 5.25547562e+01 5.26849556e+01 5.45900307e+01
    5.44599953e+01 5.30311012e+01 5.54831810e+01 5.60978012e+01
    5.73828087e+01 5.53483124e+01 5.73677673e+01 5.51219673e+01
    5.36125793e+01 5.43773994e+01 5.36926651e+01 5.51135941e+01
    5.60635681e+01 5.50080795e+01 5.62161179e+01 5.44227562e+01
    5.15697632e+01 5.08632431e+01 5.11430740e+01 5.11666679e+01
    5.04260406e+01 5.24237061e+01 5.01547928e+01 5.16160469e+01
    5.33640518e+01 5.60095901e+01 5.30457153e+01 5.43162003e+01
    5.58861122e+01 5.43070717e+01 5.46961250e+01 5.37836189e+01
    5.65902023e+01 5.74818268e+01 5.71942940e+01 5.58528442e+01
    5.67927132e+01 5.98619881e+01 5.63333244e+01 5.50229950e+01
    5.52824478e+01 4.93713226e+01 5.37998009e+01 5.28991890e+01
    5.39616814e+01 5.41786423e+01 5.61246948e+01 5.49241982e+01
    5.23806229e+01 5.48444901e+01 5.47842484e+01 5.39228439e+01
    5.35269051e+01 5.33747177e+01 5.25197716e+01 5.15296783e+01
    5.22764397e+01 5.25017242e+01 5.11341057e+01 4.96471558e+01
    5.13248367e+01 5.08552628e+01 5.13141251e+01 4.90329781e+01
    4.93841133e+01 5.25186081e+01 5.05154114e+01 4.98390579e+01
    5.40972137e+01 5.31885529e+01 5.38627472e+01 5.15712433e+01
    5.47659416e+01 5.53700485e+01 5.53814812e+01 5.63801460e+01
    5.62789650e+01 5.90284233e+01 5.71960220e+01 5.69856377e+01
    5.61822968e+01 5.72406693e+01 5.84548569e+01 5.82601471e+01
    5.64359932e+01 5.52024460e+01 5.49171295e+01 5.60838928e+01
    5.46588783e+01 5.30856514e+01 5.24307861e+01 5.40953445e+01
    5.33889351e+01 5.29099808e+01 5.37645607e+01 5.23503494e+01
    5.44608498e+01 5.54304085e+01 5.28252792e+01 5.07827263e+01
    5.42593460e+01 5.35169830e+01 5.32472343e+01 5.40662994e+01
    5.45797272e+01 5.59057083e+01 5.33942719e+01 5.53353386e+01
    5.44200096e+01 5.63951530e+01 5.59693489e+01 5.77300529e+01
    5.59164848e+01 5.57650909e+01 5.87026367e+01 5.85127792e+01
    5.52181129e+01 5.65516243e+01 5.66206665e+01 5.63896980e+01
    5.41362267e+01 5.38450584e+01 5.37022514e+01 5.17279015e+01
    5.29427719e+01 5.30792313e+01 5.09855766e+01 5.44183273e+01
    5.28890305e+01 5.50393333e+01 5.19141388e+01 5.10866127e+01
    5.32347298e+01 5.57392921e+01 5.66830406e+01 5.32572556e+01
    5.56854362e+01 5.45095711e+01 5.64230270e+01 5.39395447e+01
    5.15461540e+01 5.37926788e+01 5.27325325e+01 5.09131622e+01
    5.14030342e+01 5.39697418e+01 5.24504166e+01 5.12098160e+01
    5.01585045e+01 5.12359047e+01 5.14863205e+01 4.89294243e+01
    5.06836700e+01 5.29032364e+01 5.26234131e+01 5.52869759e+01
    5.54055099e+01 5.26459770e+01 5.22255592e+01 5.47220421e+01
    5.24784012e+01 5.36053505e+01 5.41290283e+01 5.71586189e+01
    5.51101799e+01 5.28615990e+01 5.43827515e+01 5.33409882e+01
    5.32000427e+01 5.28834648e+01 5.10859871e+01 5.31085892e+01
    5.42569351e+01 5.26399231e+01 5.32601738e+01 5.30528450e+01
    5.09107819e+01 5.29028397e+01 5.10251274e+01 5.25500336e+01
    5.17210922e+01 5.12133751e+01 4.91207809e+01 5.25098267e+01
    5.23419533e+01 5.17463493e+01 5.14089622e+01 5.51182899e+01
    5.15686569e+01 5.37054787e+01 5.34110985e+01 5.51669540e+01
    5.45239830e+01 5.67464142e+01 5.70943031e+01 5.53935013e+01
    5.54748764e+01 5.72327881e+01 5.51395912e+01 5.85758324e+01
    5.76481438e+01 5.47100410e+01 5.58038559e+01 5.36569786e+01
    5.22732735e+01 5.40074196e+01 5.14027786e+01 5.35118484e+01 0.
    4.99049644e+01 5.07493896e+01 5.09969749e+01 5.07590599e+01
    5.16816139e+01 4.94743958e+01 5.20433083e+01 4.90105934e+01
    5.21726379e+01 4.76315308e+01 5.01798592e+01 4.87003326e+01
    5.07620239e+01 5.06978683e+01 5.16339111e+01 4.74736176e+01
    5.06194572e+01 4.80294075e+01 4.84242973e+01 4.91927719e+01
    4.83867416e+01 4.84572334e+01 5.03415413e+01 5.06600266e+01
    5.14396172e+01 5.06564865e+01 5.16755257e+01 5.30765038e+01
    5.04816971e+01 5.29550743e+01 5.39087143e+01 5.23119392e+01
    5.45493431e+01 5.56253967e+01 5.61121521e+01 5.68998375e+01
    5.68307533e+01 5.72253609e+01 5.82111244e+01 5.36443214e+01
    5.85197639e+01 5.63170815e+01 5.57803001e+01 5.50198021e+01
    5.65387077e+01 5.34275131e+01 5.59203415e+01 5.44856834e+01
    5.45617599e+01 5.17360458e+01 5.30088959e+01 5.36285896e+01
    5.11910095e+01 5.34612770e+01 5.16226273e+01 5.38353424e+01
    5.14081841e+01 5.27522926e+01 5.37077141e+01 5.57720451e+01
    5.56084061e+01 5.59913940e+01 5.55407410e+01 5.56071663e+01
    5.63791504e+01 5.56182442e+01 5.68387184e+01 5.75769424e+01
    5.54531898e+01 5.55860558e+01 5.79405479e+01 5.58716469e+01
    5.56562614e+01 5.49978447e+01 5.53484344e+01 5.27536850e+01
    5.18301811e+01 5.37089920e+01 5.49077568e+01 5.28894539e+01
    5.44600372e+01 5.25604401e+01 5.35415459e+01 5.28553505e+01
    5.24542274e+01 5.27074242e+01 5.35678139e+01 5.34512672e+01
    5.35615692e+01 5.41347504e+01 5.43431435e+01 5.42789612e+01
    4.98727150e+01 5.43867378e+01 5.17063255e+01 5.19288788e+01
    5.06959190e+01 5.18310547e+01 5.16786270e+01 5.21093559e+01
    5.09550133e+01 5.32869225e+01 5.07983246e+01 5.12278976e+01
    5.56015854e+01 5.34444923e+01 5.65074921e+01 5.52749672e+01
    5.39157944e+01 5.66810036e+01 5.73206291e+01 5.59864273e+01
    5.66469841e+01 5.85468941e+01 5.75093346e+01 5.61377678e+01
    5.76933784e+01 5.57027283e+01 5.49520111e+01 5.49723930e+01
    5.46655655e+01 5.49534874e+01 5.25132141e+01 5.07194443e+01
    5.35486450e+01 5.30766640e+01 5.02219124e+01 5.34679260e+01
    5.51270752e+01 5.29836159e+01 5.46856689e+01 5.22770844e+01
    5.17367897e+01 5.37242241e+01 5.20090408e+01 5.26887245e+01
    5.57845764e+01 5.40792694e+01 5.50728111e+01 5.67839890e+01
    5.54903107e+01 5.56045532e+01 5.94958115e+01 5.54838028e+01
    5.53711967e+01 5.89479866e+01 5.60414963e+01 5.51154556e+01
    5.72305145e+01 5.58852730e+01 5.63342896e+01 5.66482697e+01
    5.63802605e+01 5.37057152e+01 5.42101898e+01 5.39592094e+01
    5.40538635e+01 5.07849312e+01 5.02007828e+01 5.15718231e+01
    5.14760780e+01 4.93853683e+01 4.84953270e+01 5.00033607e+01
    5.05669594e+01 5.15468674e+01 5.30859871e+01 5.29586220e+01
    5.09311829e+01 5.24504967e+01 5.35429192e+01 5.46849289e+01
    5.43403778e+01 5.38457718e+01 5.32646828e+01 5.54656525e+01
    5.50919266e+01 5.51223640e+01 5.65310898e+01 5.57197113e+01
    5.45486565e+01 5.03677025e+01 5.20187607e+01 5.18513985e+01
    5.12506485e+01 5.09622612e+01 5.21059036e+01 5.30642700e+01
    5.28997498e+01 5.18110275e+01 5.05022850e+01 5.34425392e+01
    5.33372459e+01 5.33824463e+01 5.26405258e+01 5.33193588e+01
    5.45616417e+01 5.51373901e+01 5.60665054e+01 5.53533058e+01
    5.36435471e+01 5.44162979e+01 5.30474854e+01 5.26209412e+01
    5.59725380e+01 5.63786659e+01 5.45082703e+01 5.13790855e+01
    5.24284592e+01 5.04847870e+01 5.16413345e+01 4.99303131e+01
    5.26319313e+01 5.30331802e+01 4.98961449e+01 5.02654114e+01
    5.11535492e+01 5.15161896e+01 5.34870224e+01 5.25635948e+01
    5.09436874e+01 5.29767303e+01 5.31277618e+01 5.36043091e+01
    5.51569977e+01 5.58537560e+01 5.53609581e+01 5.95375099e+01
    5.51721382e+01 5.59684715e+01 5.71837425e+01 5.76819229e+01
    5.86005707e+01 5.76854401e+01 5.47084618e+01 5.69893837e+01
    5.45270004e+01 5.45795212e+01 5.37352180e+01 5.45682030e+01
    5.29977684e+01 0. 5.13228149e+01 4.80807571e+01 5.18681145e+01
    4.88734818e+01 5.20448227e+01 4.90227356e+01 5.07228775e+01
    5.14209518e+01 4.84500542e+01 5.09084435e+01 5.10749512e+01
    5.12084618e+01 5.26100159e+01 4.98644485e+01 4.91401367e+01
    4.87727203e+01 4.76809387e+01 4.92929878e+01 4.70838356e+01
    4.82602463e+01 5.00702896e+01 4.84865837e+01 4.75282135e+01
    4.89514046e+01 4.93507919e+01 4.98188858e+01 4.89295197e+01
    5.11575508e+01 5.17661362e+01 5.12960510e+01 5.48002129e+01
    5.29953270e+01 5.32321358e+01 5.48915596e+01 5.33001976e+01
    5.54922943e+01 5.67989693e+01 5.53304825e+01 5.66117287e+01
    5.91529808e+01 5.33238792e+01 5.56334457e+01 5.42558289e+01
    5.31042213e+01 5.22703018e+01 5.47108345e+01 5.22945480e+01
    5.37212906e+01 5.26472435e+01 5.23795738e+01 5.16908073e+01
    5.05851173e+01 5.44323769e+01 5.10888443e+01 5.12350159e+01
    5.05586548e+01 5.40650291e+01 5.43286819e+01 5.42024574e+01
    5.62029991e+01 5.66457100e+01 5.55652428e+01 5.75219536e+01
    5.50773544e+01 5.77218742e+01 5.79048462e+01 5.54536819e+01
    5.55048218e+01 5.51233902e+01 5.60653267e+01 5.62828827e+01
    5.64617386e+01 5.64394379e+01 5.46072388e+01 5.34173775e+01
    5.26562805e+01 5.25181885e+01 5.37700233e+01 5.43319283e+01
    5.41155777e+01 5.30646553e+01 5.44353409e+01 5.54356613e+01
    5.59325829e+01 5.43986588e+01 5.55775070e+01 5.21972275e+01
    5.52716293e+01 5.37389030e+01 5.44905472e+01 5.37903824e+01
    5.23325462e+01 5.36404915e+01 5.39810867e+01 5.01913109e+01
    4.89411507e+01 5.13662910e+01 5.15581360e+01 5.18655090e+01
    4.81177826e+01 4.92910271e+01 5.11581802e+01 5.25078430e+01
    5.05447998e+01 5.23397522e+01 5.40604019e+01 5.46312447e+01
    5.37831306e+01 5.38815346e+01 5.43326797e+01 5.69539566e+01
    5.75078621e+01 5.57080040e+01 5.60509377e+01 5.63527031e+01
    5.58363342e+01 5.56220436e+01 5.63368721e+01 5.51320992e+01
    5.41752090e+01 5.53590050e+01 5.35580330e+01 5.50569496e+01
    5.25917015e+01 5.52067719e+01 5.33588753e+01 5.13035965e+01
    5.19786301e+01 5.53503990e+01 5.49108124e+01 5.21819344e+01
    5.37740669e+01 5.22928276e+01 5.46100006e+01 5.66448288e+01
    5.34997063e+01 5.62718773e+01 5.75199623e+01 5.65256386e+01
    5.58992958e+01 5.58270378e+01 5.46283722e+01 5.50576897e+01
    5.65086937e+01 5.60297432e+01 5.74356041e+01 5.52854042e+01
    5.82765808e+01 5.77476463e+01 5.92652130e+01 5.53419762e+01
    5.54879532e+01 5.54938316e+01 5.52052231e+01 5.35796776e+01
    5.44238014e+01 5.22452812e+01 5.01999855e+01 5.12045822e+01
    5.16180382e+01 5.25058479e+01 5.27429428e+01 5.00406456e+01
    5.22085876e+01 5.16141624e+01 5.32371292e+01 5.21590385e+01
    5.37002029e+01 5.28799286e+01 5.50978470e+01 5.43889809e+01
    5.14534492e+01 5.32728004e+01 5.16353302e+01 5.32640266e+01
    5.41311646e+01 5.00950241e+01 5.03754578e+01 5.35138092e+01
    5.35443649e+01 5.11460190e+01 4.99341431e+01 5.24075928e+01
    5.29321861e+01 5.00838089e+01 5.01922264e+01 5.14152031e+01
    5.46673851e+01 5.22377434e+01 5.08666344e+01 5.11763420e+01
    5.26588097e+01 5.18782539e+01 4.99127960e+01 5.14463348e+01
    5.50101967e+01 5.38979683e+01 5.55796013e+01 5.47347336e+01
    5.70017319e+01 5.60510788e+01 4.96273918e+01 5.41068611e+01
    5.23555260e+01 5.27194252e+01 5.49573631e+01 5.25446281e+01
    5.34717560e+01 5.19800949e+01 5.04099388e+01 4.99632835e+01
    5.30264893e+01 5.04402504e+01 5.18370590e+01 4.88337860e+01
    4.93763962e+01 5.00445213e+01 5.10825768e+01 4.85315666e+01
    5.39154205e+01 5.39651947e+01 5.16193886e+01 5.54208107e+01
    5.57951279e+01 5.67513351e+01 5.62448502e+01 5.51911163e+01
    5.80981140e+01 5.79441948e+01 5.46519089e+01 5.74498024e+01
    5.55091324e+01 5.69698753e+01 5.67853851e+01 5.59340973e+01
    5.51077118e+01 5.81211700e+01 5.45834885e+01 5.23908539e+01
    5.03431129e+01 5.33940048e+01 0. 5.12604637e+01 5.08105011e+01
    5.15725517e+01 5.16145096e+01 5.04670067e+01 5.00611877e+01
    4.96048431e+01 5.21195641e+01 5.21872406e+01 5.08583603e+01
    5.02059021e+01 4.72447395e+01 4.81602020e+01 5.15261269e+01
    4.91360474e+01 4.77000427e+01 4.95097961e+01 5.15200348e+01
    5.06178360e+01 4.78261070e+01 4.61615181e+01 4.76697350e+01
    4.95955315e+01 4.62446175e+01 4.88863487e+01 5.08739777e+01
    5.14597244e+01 5.46573486e+01 5.34276314e+01 5.37740479e+01
    5.52041435e+01 5.68101578e+01 5.51097870e+01 5.49235344e+01
    5.53162956e+01 5.71539345e+01 5.80197258e+01 5.63954163e+01
    5.61910706e+01 5.61448212e+01 5.39238739e+01 5.55489578e+01
    5.35563850e+01 5.33575554e+01 5.47564240e+01 5.46461563e+01
    5.51431923e+01 5.61023903e+01 5.10078392e+01 5.22972069e+01
    5.37001038e+01 5.34458199e+01 5.24675407e+01 5.53415527e+01
    5.36683731e+01 5.51095352e+01 5.41867867e+01 5.65070801e+01
    5.49040718e+01 5.61028786e+01 5.68041077e+01 5.59036064e+01
    5.49064255e+01 5.87238045e+01 5.62730865e+01 5.71929398e+01
    5.71033897e+01 5.59404526e+01 5.79815369e+01 5.53732529e+01
    5.62782478e+01 5.64326935e+01 5.46288109e+01 5.55260696e+01
    5.43430443e+01 5.55212860e+01 5.15730972e+01 5.47864952e+01
    5.35822830e+01 5.44106331e+01 5.60799370e+01 5.45368195e+01
    5.64084015e+01 5.73400269e+01 5.61693153e+01 5.45674591e+01
    5.53433876e+01 5.27005119e+01 5.22492523e+01 5.13376503e+01
    5.46580200e+01 5.14306755e+01 5.21320992e+01 5.13039932e+01
    5.00135994e+01 4.86492653e+01 4.97161407e+01 4.79484100e+01
    5.18692894e+01 4.90527077e+01 5.16612282e+01 5.20092354e+01
    5.34127426e+01 5.42731667e+01 5.20073051e+01 5.42572212e+01
    5.51777344e+01 5.42289009e+01 5.37877693e+01 5.39829559e+01
    5.67915916e+01 5.68853226e+01 5.59352608e+01 5.62342606e+01
    5.82609444e+01 5.49868011e+01 5.67168388e+01 5.71435776e+01
    5.53976173e+01 5.57224770e+01 5.51242447e+01 5.61586494e+01
    5.17515945e+01 5.20250473e+01 5.30093613e+01 5.35420723e+01
    5.18262253e+01 5.11618118e+01 5.23183174e+01 5.53874969e+01
    5.45601616e+01 5.40051689e+01 5.64603539e+01 5.76958733e+01
    5.58261681e+01 5.61690521e+01 5.39565773e+01 5.50400200e+01
    5.66690369e+01 5.45398178e+01 5.53535843e+01 5.40582314e+01
    5.76207619e+01 5.88338432e+01 5.34247856e+01 5.71812401e+01
    5.73775826e+01 5.42207718e+01 5.68119431e+01 5.66283340e+01
    5.63963776e+01 5.53446579e+01 5.76308212e+01 5.52273140e+01
    5.26840172e+01 5.39111023e+01 5.19103966e+01 5.11904831e+01
    5.43281670e+01 5.22674828e+01 5.30593681e+01 5.42970314e+01
    5.36827087e+01 5.05792847e+01 5.19862061e+01 5.27195663e+01
    5.37443886e+01 5.17478104e+01 5.07345200e+01 5.22746010e+01
    5.55200577e+01 5.39942284e+01 5.35435066e+01 5.20462914e+01
    5.41370583e+01 5.47149696e+01 5.53572845e+01 5.26684532e+01
    5.40766907e+01 5.34740524e+01 5.38007545e+01 5.16958618e+01
    5.05448303e+01 5.07107468e+01 5.08595581e+01 5.21028976e+01
    5.18646622e+01 5.33216858e+01 5.62219124e+01 5.01434021e+01
    5.37355804e+01 5.15193825e+01 5.41520691e+01 5.19914474e+01
    5.40223503e+01 5.49348755e+01 5.54253502e+01 5.27746353e+01
    5.37779388e+01 5.60073128e+01 5.54286652e+01 5.40589561e+01
    5.28623314e+01 5.17451553e+01 5.45678329e+01 5.43730812e+01
    5.13745041e+01 5.06559258e+01 5.27363701e+01 5.04024849e+01
    5.14436150e+01 5.06474304e+01 5.06616325e+01 5.05314827e+01
    5.22372856e+01 4.92588120e+01 5.13986053e+01 5.32547379e+01
    5.16165009e+01 5.07142906e+01 5.26955643e+01 5.00622215e+01
    5.43320007e+01 5.33779984e+01 5.62380791e+01 5.29614525e+01
    5.51011848e+01 5.51839294e+01 5.52495461e+01 5.56020164e+01
    5.55299301e+01 5.69155884e+01 5.64587822e+01 5.68249512e+01
    5.69606285e+01 5.85290413e+01 5.45651855e+01 5.51462517e+01
    5.07702560e+01 5.27768364e+01 5.16329651e+01 0. 5.31676788e+01
    5.18051453e+01 5.13484917e+01 5.27664680e+01 5.14271278e+01
    5.14244576e+01 5.11094170e+01 5.26505623e+01 5.28327560e+01
    5.02782402e+01 5.10327721e+01 4.91899796e+01 4.88496399e+01
    5.13598671e+01 5.05483856e+01 4.80674019e+01 4.96988754e+01
    4.77150116e+01 4.44325485e+01 4.72295151e+01 4.64714966e+01
    4.82648773e+01 4.71967049e+01 4.86476669e+01 4.86526642e+01
    5.21474800e+01 5.17690544e+01 5.25572357e+01 5.20185432e+01
    5.23939514e+01 5.36027679e+01 5.60287285e+01 5.37251129e+01
    5.52652588e+01 5.46426430e+01 5.75096474e+01 5.57529297e+01
    5.46279106e+01 5.64976540e+01 5.90804977e+01 5.85512352e+01
    5.57741051e+01 5.50237045e+01 5.66253662e+01 5.57996407e+01
    5.36746445e+01 5.36428146e+01 5.71145554e+01 5.23394661e+01
    5.41769600e+01 5.42358742e+01 5.60244217e+01 5.62745399e+01
    5.45144348e+01 5.24728012e+01 5.36773872e+01 5.50202370e+01
    5.40717659e+01 5.51004677e+01 5.53638840e+01 5.72841148e+01
    5.65978813e+01 5.80417519e+01 5.63875084e+01 5.99676361e+01
    5.75204315e+01 5.72880898e+01 5.67916870e+01 5.68231697e+01
    5.51888199e+01 5.87431679e+01 5.64417839e+01 6.05325432e+01
    5.62973557e+01 5.68223534e+01 5.41017418e+01 5.50099602e+01
    5.39891357e+01 5.86427345e+01 5.51066284e+01 5.94103889e+01
    5.76277313e+01 5.34212151e+01 5.66571884e+01 5.48142586e+01
    5.31334991e+01 5.45850830e+01 5.10595322e+01 5.44981613e+01
    5.49944725e+01 5.41738739e+01 5.65058784e+01 5.14710159e+01
    5.29572906e+01 5.12471199e+01 5.06221619e+01 5.10922928e+01
    5.21507797e+01 5.15513077e+01 5.26247482e+01 5.20749550e+01
    5.07357216e+01 4.97420387e+01 5.34082909e+01 5.34401665e+01
    5.25804176e+01 5.39585419e+01 5.64869499e+01 5.24154587e+01
    5.68755226e+01 5.72993431e+01 5.93948021e+01 5.49701500e+01
    5.37395096e+01 5.40119324e+01 5.49271126e+01 5.55578156e+01
    5.44329796e+01 5.40897827e+01 5.68658066e+01 5.16084518e+01
    5.15728035e+01 5.13872261e+01 5.14725723e+01 5.28347206e+01
    5.09285812e+01 5.25858994e+01 5.29493103e+01 5.25390244e+01
    5.40078316e+01 5.44761162e+01 5.31814346e+01 5.42741890e+01
    5.32215347e+01 5.18229828e+01 5.57890968e+01 5.64467392e+01
    5.67654343e+01 5.50227699e+01 5.48387566e+01 5.83668098e+01
    5.67451096e+01 5.62342567e+01 5.66714516e+01 5.32347717e+01
    5.47453041e+01 5.65639191e+01 5.58531418e+01 5.56973839e+01
    5.59533501e+01 5.62580643e+01 5.30079384e+01 5.39671555e+01
    5.40316620e+01 5.58419571e+01 5.30177536e+01 5.37082825e+01
    5.05580673e+01 5.39809532e+01 5.42015800e+01 5.09611244e+01
    5.19905739e+01 5.22615204e+01 5.10641975e+01 4.87492027e+01
    5.10825119e+01 5.03955383e+01 5.32010345e+01 5.14476585e+01
    5.35851974e+01 5.24568939e+01 5.15198174e+01 5.38301659e+01
    5.29466705e+01 5.27634048e+01 5.36267586e+01 5.30620689e+01
    5.41048279e+01 5.51858940e+01 5.30912285e+01 5.30745850e+01
    5.17128716e+01 5.25057030e+01 5.28987465e+01 5.32879295e+01
    5.26751823e+01 5.37110977e+01 5.14927063e+01 5.74195938e+01
    5.76006737e+01 5.01407394e+01 5.40297470e+01 5.32367363e+01
    5.24650688e+01 5.58700371e+01 5.39803276e+01 5.79092026e+01
    5.67196083e+01 5.48673096e+01 5.79090309e+01 5.73859100e+01
    5.37230263e+01 5.24541397e+01 5.24893684e+01 5.12100639e+01
    5.36051102e+01 5.05576935e+01 5.11604347e+01 5.33813629e+01
    5.04355125e+01 5.12893944e+01 5.10675545e+01 4.96554375e+01
    5.08312302e+01 5.23055992e+01 5.03239555e+01 4.92785683e+01
    5.35576820e+01 5.23252640e+01 5.13285942e+01 5.20997925e+01
    5.61951256e+01 5.30160217e+01 5.58209724e+01 5.19501228e+01
    5.72418022e+01 5.52648506e+01 5.67825279e+01 5.70516739e+01
    5.63094330e+01 5.65541344e+01 5.78753052e+01 5.86211281e+01
    6.07150230e+01 5.72591591e+01 5.60376167e+01 5.66494102e+01
    5.55089531e+01 5.61272316e+01 5.28693123e+01 5.40444450e+01 0.
    5.26520576e+01 5.26062813e+01 4.92311897e+01 5.17310791e+01
    5.08208084e+01 4.93281021e+01 4.96481934e+01 4.87866516e+01
    5.22450600e+01 4.81805000e+01 4.90858955e+01 4.87135582e+01
    4.94187775e+01 4.97068787e+01 4.88098869e+01 4.88635521e+01
    4.94707184e+01 4.93515434e+01 4.92353935e+01 4.82965088e+01
    4.81785812e+01 4.73195953e+01 4.65352325e+01 4.59647980e+01
    4.72188339e+01 5.11494713e+01 5.17636261e+01 5.11241875e+01
    5.23743057e+01 5.31294594e+01 5.39306831e+01 5.50692062e+01
    5.61911812e+01 5.56403351e+01 5.33080139e+01 5.48815689e+01
    5.48535728e+01 5.73071289e+01 5.59575424e+01 5.70531883e+01
    5.53065186e+01 5.77701569e+01 5.45260468e+01 5.35518417e+01
    5.38341904e+01 5.28080254e+01 5.20449257e+01 5.61202507e+01
    5.60995407e+01 5.26028557e+01 5.46795044e+01 5.39605179e+01
    5.50280151e+01 5.39168625e+01 5.38141289e+01 5.44776917e+01
    5.36560516e+01 5.55560837e+01 5.50354767e+01 5.70835304e+01
    5.77516861e+01 5.70465317e+01 5.86495514e+01 5.66678581e+01
    5.58751640e+01 5.82012863e+01 5.67577629e+01 5.82587509e+01
    5.76387444e+01 5.59284897e+01 5.81327705e+01 6.01241989e+01
    5.52313576e+01 5.70028152e+01 5.47478714e+01 5.54654694e+01
    5.67237282e+01 5.71689682e+01 5.75057106e+01 5.81668816e+01
    5.75710945e+01 5.70497780e+01 5.34082222e+01 5.64866142e+01
    5.26509552e+01 5.43820915e+01 5.29265556e+01 5.38564644e+01
    5.13091850e+01 5.22565918e+01 5.22525826e+01 5.24890137e+01
    5.29744377e+01 5.28265266e+01 5.19583282e+01 5.19433556e+01
    5.32377892e+01 5.22225418e+01 5.13567314e+01 5.25074425e+01
    5.32666435e+01 5.17944221e+01 5.27722626e+01 5.28966789e+01
    5.35946541e+01 5.47178268e+01 5.81069031e+01 5.64948006e+01
    5.48869057e+01 5.25740929e+01 5.92318687e+01 5.71203499e+01
    5.32041588e+01 5.38542442e+01 5.36360054e+01 5.65748138e+01
    5.68518791e+01 5.20778122e+01 5.35567665e+01 5.31711960e+01
    5.36920052e+01 5.00692635e+01 5.40104599e+01 5.15810928e+01
    5.69891510e+01 5.52935257e+01 5.21687927e+01 5.44752884e+01
    5.35422058e+01 5.46662483e+01 5.55792465e+01 5.23016930e+01
    5.31099243e+01 5.34652252e+01 5.57446022e+01 5.63352776e+01
    5.53477020e+01 5.71131554e+01 5.73583107e+01 5.65312881e+01
    5.43551979e+01 5.60515175e+01 5.56579132e+01 5.80437660e+01
    5.74594841e+01 5.63477440e+01 5.64599762e+01 5.87983513e+01
    5.74481888e+01 5.82511902e+01 5.43309784e+01 5.75586319e+01
    5.44190826e+01 5.51066666e+01 5.18851242e+01 5.43403206e+01
    5.10718307e+01 5.33979530e+01 5.21387482e+01 5.29577179e+01
    5.02992554e+01 5.30764503e+01 5.02540283e+01 5.02918663e+01
    4.82332420e+01 5.32296410e+01 5.21102715e+01 5.04256973e+01
    4.99293442e+01 5.09329605e+01 5.56222305e+01 5.11731949e+01
    4.79265442e+01 5.14423256e+01 5.23332253e+01 5.43158035e+01
    5.15364189e+01 5.15457306e+01 5.66684418e+01 5.40415649e+01
    5.26929817e+01 5.18316612e+01 5.18126564e+01 5.51464272e+01
    5.36350021e+01 5.48064270e+01 5.47078590e+01 5.53997879e+01
    5.75521278e+01 5.93637810e+01 5.76352882e+01 5.50944557e+01
    5.33180466e+01 5.71308746e+01 5.70085678e+01 5.73379707e+01
    5.45318260e+01 5.61173859e+01 5.60685120e+01 5.36573982e+01
    5.28479347e+01 5.28315277e+01 5.42151413e+01 5.32190132e+01
    5.13676147e+01 5.29934196e+01 4.95630493e+01 4.96995125e+01
    5.22007713e+01 4.95258102e+01 4.92041779e+01 5.19661331e+01
    4.95564117e+01 5.15889893e+01 4.92821579e+01 5.13999672e+01
    5.06044922e+01 5.17325783e+01 5.29676170e+01 5.24808426e+01
    5.20587616e+01 5.55130959e+01 5.61449966e+01 5.42287521e+01
    5.68057365e+01 5.65194626e+01 5.78118515e+01 5.73027534e+01
    5.63764114e+01 5.56311188e+01 5.82026138e+01 5.74549294e+01
    5.72314568e+01 5.93176689e+01 5.78518867e+01 5.50769768e+01
    5.84947205e+01 5.78321342e+01 5.65653267e+01 5.53844604e+01
    5.38178253e+01 0. 5.18846588e+01 5.17621727e+01 5.20646820e+01
    5.03479767e+01 5.17049522e+01 5.24179916e+01 5.15844612e+01
    4.93479614e+01 4.79581032e+01 4.80504379e+01 4.83978195e+01
    4.61266479e+01 4.91184578e+01 4.86564064e+01 4.84866447e+01
    4.92503853e+01 4.76182022e+01 4.87801895e+01 4.94597092e+01
    5.11642227e+01 4.80220604e+01 4.73047104e+01 4.79890518e+01
    5.04820099e+01 4.95330124e+01 5.25211716e+01 5.34840050e+01
    5.49310532e+01 5.19181175e+01 5.49313812e+01 5.46602402e+01
    5.46386414e+01 5.32926331e+01 5.47751503e+01 5.85636330e+01
    5.47653923e+01 5.62278519e+01 5.70140877e+01 5.60156364e+01
    5.52989693e+01 5.45789070e+01 5.37358017e+01 5.39972687e+01
    5.41408577e+01 5.34556389e+01 5.52031822e+01 5.46561089e+01
    5.47770309e+01 5.23050919e+01 5.17567863e+01 5.20064888e+01
    5.30392914e+01 5.38995934e+01 5.39258957e+01 5.25415154e+01
    5.45351677e+01 5.22728043e+01 5.69025421e+01 5.64867516e+01
    5.75132294e+01 5.52639351e+01 5.39708900e+01 5.45091133e+01
    5.64760170e+01 5.37457886e+01 5.75336761e+01 5.72312393e+01
    5.48621063e+01 5.65471497e+01 5.51026268e+01 5.72270432e+01
    5.88064270e+01 5.45584679e+01 5.65511894e+01 5.66644707e+01
    5.47524414e+01 5.59462090e+01 5.61834679e+01 5.62669868e+01
    5.79701424e+01 5.64584541e+01 5.65803490e+01 5.62273254e+01
    5.56977272e+01 5.58231964e+01 5.43316345e+01 5.47563629e+01
    5.35789719e+01 5.52982903e+01 5.46904984e+01 5.63191147e+01
    5.48256187e+01 5.43451767e+01 5.32094193e+01 5.11596832e+01
    5.13609428e+01 5.05589256e+01 5.02796936e+01 5.37191162e+01
    5.14891510e+01 5.27910728e+01 5.28503914e+01 5.24819336e+01
    5.39935265e+01 5.29969330e+01 5.09840736e+01 5.18213005e+01
    5.59098816e+01 5.29857903e+01 5.15093117e+01 5.48042793e+01
    5.65026474e+01 5.63351593e+01 5.63075180e+01 5.47699127e+01
    5.33531609e+01 5.67028923e+01 5.59591484e+01 5.56483727e+01
    5.57743263e+01 5.35819359e+01 5.58542442e+01 5.49649391e+01
    5.29902420e+01 5.27132988e+01 5.29760284e+01 5.42701683e+01
    5.06391068e+01 5.26651344e+01 5.75443687e+01 5.44375801e+01
    5.56342049e+01 5.43984184e+01 5.56641579e+01 5.46390724e+01
    5.58055077e+01 5.43707771e+01 5.44814072e+01 5.31908150e+01
    5.72557373e+01 5.67342491e+01 5.71751289e+01 5.73590317e+01
    5.54569359e+01 5.50882225e+01 5.63301811e+01 5.56824684e+01
    5.55282288e+01 5.71285248e+01 5.54853706e+01 5.88094406e+01
    5.44030228e+01 5.33872032e+01 5.34269638e+01 5.27952843e+01
    5.14341812e+01 5.02181168e+01 4.79619026e+01 5.18058739e+01
    4.87372589e+01 4.93406029e+01 5.18446350e+01 5.29610939e+01
    4.99247856e+01 5.12338257e+01 4.86254768e+01 5.20186272e+01
    4.87563782e+01 5.19046783e+01 4.98130722e+01 5.28796043e+01
    5.20461464e+01 5.01038628e+01 5.19465637e+01 5.18472672e+01
    5.15446587e+01 5.22282028e+01 5.41896019e+01 5.50565834e+01
    5.50902405e+01 5.32705803e+01 5.30257759e+01 5.29251633e+01
    5.54286079e+01 5.19132919e+01 5.11157990e+01 5.44647369e+01
    5.17833481e+01 5.72577934e+01 5.40600891e+01 5.50809326e+01
    5.56507797e+01 5.57413063e+01 5.50860939e+01 5.67005310e+01
    5.63949852e+01 5.50981827e+01 5.42686844e+01 5.49106407e+01
    5.59743004e+01 5.22857132e+01 5.31360664e+01 5.43293610e+01
    5.26987610e+01 4.92022476e+01 5.10243607e+01 4.98139191e+01
    4.78350906e+01 4.89478760e+01 4.89872131e+01 5.00807533e+01
    5.23985672e+01 5.01950798e+01 4.86848831e+01 5.11158752e+01
    4.97349968e+01 5.06479836e+01 5.31141739e+01 5.35375137e+01
    5.36135216e+01 5.32838440e+01 5.05997849e+01 5.54553146e+01
    5.28964424e+01 5.48500099e+01 5.49267578e+01 5.49689865e+01
    5.72937355e+01 5.72759972e+01 5.62103462e+01 5.76444283e+01
    5.79378052e+01 5.58911209e+01 5.72083435e+01 5.67909317e+01
    5.87259254e+01 5.57966309e+01 5.70513763e+01 5.38765221e+01
    5.51452103e+01 5.36003113e+01 0. 5.12030792e+01 5.16583443e+01
    5.10127831e+01 5.31626740e+01 5.01262436e+01 4.89423981e+01
    5.00168037e+01 5.21363487e+01 5.02730370e+01 4.95316391e+01
    4.86980286e+01 4.99834518e+01 5.02007561e+01 4.94662590e+01
    4.97560501e+01 4.88237381e+01 4.83025398e+01 4.78068123e+01
    4.78187065e+01 5.03752518e+01 5.06168137e+01 4.76941719e+01
    4.93214912e+01 5.02509575e+01 5.07473145e+01 5.04535561e+01
    5.24858551e+01 5.59348259e+01 5.36053162e+01 5.35276451e+01
    5.68052063e+01 5.67506180e+01 5.57974014e+01 5.80675125e+01
    5.68153534e+01 5.72451172e+01 5.61232758e+01 5.63389053e+01
    5.42945518e+01 5.48280029e+01 5.38107185e+01 5.15086594e+01
    5.11656265e+01 5.39363976e+01 5.13655319e+01 5.43761940e+01
    5.42436371e+01 5.26099434e+01 5.08750572e+01 5.16288490e+01
    5.18180351e+01 5.36931419e+01 5.60080147e+01 5.28166161e+01
    5.39957314e+01 5.36382370e+01 5.38358841e+01 5.39782906e+01
    5.34466248e+01 5.36408844e+01 5.56810989e+01 5.40772438e+01
    5.61427116e+01 5.55614777e+01 5.45673370e+01 5.75363617e+01
    5.52278633e+01 5.45887604e+01 5.33418503e+01 5.31731529e+01
    5.48544350e+01 5.68338699e+01 5.47993279e+01 5.46948547e+01
    5.53310928e+01 5.35933990e+01 5.45685844e+01 5.47914162e+01
    5.64499512e+01 5.72436028e+01 5.72689514e+01 5.72945862e+01
    5.63858643e+01 5.60730591e+01 5.47929497e+01 5.47340088e+01
    5.40863457e+01 5.35904465e+01 5.44050674e+01 5.61426430e+01
    5.22401619e+01 5.42608795e+01 5.24869728e+01 5.06806259e+01
    5.16902733e+01 5.16582642e+01 5.22709999e+01 5.19584160e+01
    5.23926506e+01 5.48188553e+01 5.16213417e+01 5.20613365e+01
    5.48686218e+01 5.27132645e+01 5.38282585e+01 5.12481537e+01
    5.50495148e+01 5.59789009e+01 5.45282631e+01 5.37060623e+01
    5.70314636e+01 5.57029724e+01 5.56714058e+01 5.52693863e+01
    5.37981453e+01 5.48199577e+01 5.55114021e+01 5.21736908e+01
    5.57374229e+01 5.63695145e+01 5.00622177e+01 5.26278877e+01
    5.21720047e+01 5.35326691e+01 5.25658417e+01 5.37116127e+01
    5.66803970e+01 5.58910828e+01 5.23753395e+01 5.54575920e+01
    5.58315582e+01 5.19599228e+01 5.32586212e+01 5.13564034e+01
    5.48695221e+01 5.49795914e+01 5.28176498e+01 5.54599915e+01
    5.84736900e+01 5.38791771e+01 5.57602768e+01 5.49085541e+01
    5.40056839e+01 5.63556404e+01 5.78555374e+01 5.60117264e+01
    5.65117836e+01 5.72352180e+01 5.65846977e+01 5.54613762e+01
    5.61575623e+01 5.42724609e+01 5.06499977e+01 5.26553574e+01
    5.17823677e+01 5.19816170e+01 5.00403557e+01 5.24859657e+01
    5.44821777e+01 5.10445747e+01 5.05985336e+01 5.08393517e+01
    5.11712608e+01 5.00462303e+01 4.74997215e+01 5.15360107e+01
    5.02424355e+01 5.18989258e+01 4.81262627e+01 5.02313614e+01
    5.21909103e+01 5.10126991e+01 4.98332481e+01 4.95228806e+01
    5.08113136e+01 5.05399780e+01 5.07205009e+01 5.19489479e+01
    5.18500595e+01 5.26288795e+01 5.05033455e+01 5.19150429e+01
    5.18276176e+01 5.20963402e+01 5.20717354e+01 5.23382759e+01
    5.45101433e+01 5.59551315e+01 5.51889610e+01 5.64584236e+01
    5.68465347e+01 5.84140053e+01 5.55981255e+01 5.61650162e+01
    5.58954391e+01 5.43988419e+01 5.55218658e+01 5.53060150e+01
    5.40244408e+01 5.64802780e+01 5.47029572e+01 5.28137856e+01
    5.22322655e+01 5.25795670e+01 5.06916542e+01 4.84820328e+01
    4.78503151e+01 4.99988823e+01 5.01556206e+01 4.93248367e+01
    4.86319008e+01 5.03887177e+01 5.15934601e+01 4.99429588e+01
    5.01022453e+01 4.98145828e+01 4.93689461e+01 5.21624222e+01
    5.27920685e+01 5.30757637e+01 5.07226257e+01 5.53702812e+01
    5.59765968e+01 5.49631157e+01 5.52233963e+01 5.80440559e+01
    5.49392433e+01 5.51663055e+01 5.69075775e+01 5.62800560e+01
    5.71486397e+01 5.45943146e+01 5.82223778e+01 5.73837585e+01
    5.61023102e+01 5.73343315e+01 5.81208611e+01 5.36900520e+01
    5.55070381e+01 5.68674278e+01 5.35247879e+01 0. 5.23266411e+01
    5.28968697e+01 4.88624229e+01 4.96459236e+01 5.32604256e+01
    4.93255463e+01 4.96019669e+01 5.14343872e+01 5.01054115e+01
    5.03167610e+01 4.65211220e+01 4.75995941e+01 4.97196960e+01
    4.75714722e+01 4.96844978e+01 4.87833939e+01 4.98758621e+01
    5.16001511e+01 5.04310379e+01 5.38442574e+01 5.15280762e+01
    4.85291748e+01 5.06349182e+01 4.83422813e+01 4.90836220e+01
    5.05205193e+01 5.32916718e+01 5.58500137e+01 5.41108742e+01
    5.49543152e+01 5.74208298e+01 5.61107254e+01 5.53762589e+01
    5.67506638e+01 5.61501312e+01 5.75253410e+01 5.38002167e+01
    5.73067551e+01 5.81108894e+01 5.58152542e+01 5.68080597e+01
    5.37153320e+01 5.32192688e+01 5.41370926e+01 5.45634460e+01
    5.52887688e+01 5.42207031e+01 4.99853134e+01 5.12218895e+01
    5.15579605e+01 5.05732880e+01 5.33339462e+01 5.17481537e+01
    5.35247765e+01 5.10579834e+01 5.17488289e+01 5.21041565e+01
    5.22990646e+01 5.38972664e+01 5.56990242e+01 5.52151985e+01
    5.34167633e+01 5.54421272e+01 5.43847771e+01 5.51666870e+01
    5.38779068e+01 5.44542274e+01 5.34382019e+01 5.56421738e+01
    5.57265053e+01 5.53323555e+01 5.71535072e+01 5.62636871e+01
    5.53305817e+01 5.34803276e+01 5.37354851e+01 5.27821350e+01
    5.53084373e+01 5.60180359e+01 5.66813583e+01 5.64270210e+01
    5.87169304e+01 5.52264519e+01 5.66764488e+01 5.54674530e+01
    5.50112762e+01 5.19006577e+01 5.12550430e+01 5.22145767e+01
    5.47843208e+01 5.10927353e+01 5.52310677e+01 5.53728943e+01
    5.16803284e+01 5.09279633e+01 5.15877953e+01 5.49175911e+01
    5.28668976e+01 5.13364944e+01 5.14780159e+01 5.39082260e+01
    5.22347794e+01 5.34172440e+01 5.54972305e+01 5.47510910e+01
    5.49319115e+01 5.55220795e+01 5.58153839e+01 5.41649284e+01
    5.32859116e+01 5.69559898e+01 5.83291931e+01 5.37443390e+01
    5.51648254e+01 5.49366875e+01 5.56214523e+01 5.66150131e+01
    5.52670555e+01 5.39200134e+01 5.36521339e+01 5.40169411e+01
    5.12725487e+01 5.40325966e+01 5.41040573e+01 5.72402992e+01
    5.13866882e+01 5.39851494e+01 5.37573280e+01 5.18236046e+01
    5.30956268e+01 5.70259438e+01 5.07808914e+01 5.50857925e+01
    5.40118446e+01 5.44779396e+01 5.60951385e+01 5.45110664e+01
    5.40860901e+01 5.32249947e+01 5.47173691e+01 5.34426613e+01
    5.37083778e+01 5.80269165e+01 5.54159393e+01 5.51609154e+01
    5.63678474e+01 5.55617447e+01 5.42968788e+01 5.57094307e+01
    5.43359146e+01 5.31578979e+01 5.58983650e+01 5.29165382e+01
    5.24041252e+01 5.10397415e+01 5.35990295e+01 5.04275475e+01
    4.98193741e+01 5.06919060e+01 4.95971222e+01 5.25922813e+01
    5.15313187e+01 5.10810051e+01 4.89230957e+01 4.73254471e+01
    5.03033943e+01 5.33433304e+01 5.08233757e+01 4.96250725e+01
    5.02610168e+01 5.18683052e+01 5.25687103e+01 4.92733498e+01
    5.01555328e+01 5.08956337e+01 5.38651237e+01 5.11781311e+01
    5.20223846e+01 5.14891968e+01 5.28280907e+01 5.49070091e+01
    5.07728958e+01 5.18223419e+01 5.51007881e+01 5.24999084e+01
    5.24895363e+01 5.44869881e+01 5.56725655e+01 5.63677979e+01
    5.76630745e+01 5.64724007e+01 6.02245789e+01 5.54312820e+01
    5.59562073e+01 5.83996468e+01 5.75237160e+01 5.59016762e+01
    5.64524574e+01 5.50296249e+01 5.55122528e+01 5.29019585e+01
    5.49009094e+01 5.30682487e+01 5.18577232e+01 5.25516510e+01
    4.99746857e+01 5.14167137e+01 4.89017334e+01 5.15921135e+01
    4.86863823e+01 4.91279030e+01 4.82900696e+01 5.04957275e+01
    5.11034508e+01 4.95137177e+01 4.90549545e+01 5.01461601e+01
    4.98532524e+01 5.27160187e+01 5.15835571e+01 5.24496803e+01
    5.31893883e+01 5.62634392e+01 5.45765038e+01 5.35801773e+01
    5.44807205e+01 5.88423500e+01 5.67149811e+01 5.71749115e+01
    5.65983238e+01 5.96378403e+01 5.56745338e+01 5.83257217e+01
    5.89712029e+01 5.51066322e+01 5.38825531e+01 5.60176849e+01
    5.52843933e+01 5.50749702e+01 5.57339439e+01 5.34827843e+01 0.
    5.33522644e+01 5.22890701e+01 4.99711990e+01 5.33156548e+01
    5.20468636e+01 5.17343445e+01 5.36021996e+01 5.20029297e+01
    5.15209274e+01 4.92832603e+01 4.85120163e+01 4.70498390e+01
    4.95840034e+01 4.97257690e+01 5.11419144e+01 4.89783134e+01
    5.00927200e+01 5.07972069e+01 4.81186867e+01 4.94307938e+01
    4.97294159e+01 4.68932495e+01 4.87376595e+01 5.01340179e+01
    5.25347290e+01 5.33719635e+01 5.46761093e+01 5.58478889e+01
    5.41335945e+01 5.05956230e+01 5.46029854e+01 5.47376976e+01
    5.39006462e+01 5.53455353e+01 5.64929962e+01 5.65013466e+01
    5.61621132e+01 5.38091087e+01 5.72049446e+01 5.67714272e+01
    5.52080688e+01 5.19002266e+01 5.37059441e+01 5.29435577e+01
    5.15709038e+01 5.17611885e+01 5.41498947e+01 4.99153748e+01
    5.29249420e+01 5.23525047e+01 5.22403488e+01 5.12109337e+01
    5.55601234e+01 5.42611923e+01 5.40229149e+01 5.27692337e+01
    5.38139381e+01 5.43184166e+01 5.14482994e+01 5.30766563e+01
    5.61122704e+01 5.15595284e+01 5.30752983e+01 5.53384895e+01
    5.38438148e+01 5.32771378e+01 5.16022835e+01 5.22836952e+01
    5.35552750e+01 5.53277092e+01 5.38386459e+01 5.74319801e+01
    5.47936363e+01 5.62631607e+01 5.25369911e+01 5.37395325e+01
    5.58290596e+01 5.64556847e+01 5.54089546e+01 5.85422020e+01
    5.77889099e+01 5.67892685e+01 5.80417404e+01 5.29379807e+01
    5.31259499e+01 5.29852676e+01 5.24253998e+01 5.02180328e+01
    5.25999031e+01 5.30039673e+01 5.41063881e+01 5.12551346e+01
    5.30462036e+01 5.21516342e+01 5.26647682e+01 5.11509399e+01
    5.20514641e+01 5.16861153e+01 5.56864815e+01 5.49374275e+01
    5.59006729e+01 5.44285202e+01 5.62045631e+01 5.62786713e+01
    5.45411606e+01 5.41172943e+01 5.58015175e+01 5.69082832e+01
    5.70669289e+01 5.44596367e+01 5.62423210e+01 5.60237122e+01
    5.71728821e+01 5.35394974e+01 5.34144859e+01 5.36597061e+01
    5.55327225e+01 5.59679527e+01 5.44264183e+01 5.31143837e+01
    5.41887512e+01 5.50955429e+01 5.40396805e+01 5.07683105e+01
    5.31047783e+01 5.38934326e+01 5.36006203e+01 5.42521057e+01
    5.21466866e+01 5.57754211e+01 5.43657990e+01 5.65460777e+01
    5.42979279e+01 5.56372871e+01 5.39128609e+01 5.48479156e+01
    5.37474976e+01 5.56901398e+01 5.44960022e+01 5.68264618e+01
    5.36036110e+01 5.33996468e+01 5.21809235e+01 5.70406189e+01
    5.55455284e+01 5.58627739e+01 5.68426018e+01 5.60424538e+01
    5.61620216e+01 5.45359039e+01 5.54869156e+01 5.29987984e+01
    5.44047050e+01 5.47666016e+01 5.14806824e+01 4.90563011e+01
    5.07645836e+01 5.00872040e+01 5.00302620e+01 5.19822769e+01
    5.04465714e+01 4.91214027e+01 4.83067589e+01 4.89812088e+01
    4.98259850e+01 5.14016075e+01 5.13115692e+01 4.95040588e+01
    5.20348358e+01 5.03019943e+01 4.99539146e+01 5.14000359e+01
    5.27409477e+01 5.12910995e+01 4.98048592e+01 5.07507324e+01
    5.49214745e+01 5.18401604e+01 5.17947350e+01 5.23481903e+01
    5.32328339e+01 5.27484818e+01 5.19794388e+01 5.23802681e+01
    5.47290955e+01 5.20047417e+01 5.05800133e+01 5.21899376e+01
    5.62031288e+01 5.65828972e+01 5.63649940e+01 5.64009781e+01
    5.78931122e+01 5.55349960e+01 5.62304268e+01 5.68348503e+01
    5.72422104e+01 5.28222198e+01 5.46728096e+01 5.55423355e+01
    5.59424858e+01 5.30303421e+01 5.54661446e+01 5.25871048e+01
    5.08699417e+01 4.97808380e+01 4.99479637e+01 4.99577827e+01
    5.01440201e+01 4.88177261e+01 4.66291389e+01 5.11934052e+01
    4.91071892e+01 4.90112534e+01 4.86597519e+01 4.92324486e+01
    4.95628128e+01 5.18850098e+01 5.21716766e+01 5.20954285e+01
    5.13785858e+01 5.36758041e+01 5.50318413e+01 5.39915352e+01
    5.58179398e+01 5.51187668e+01 5.66476250e+01 5.95464783e+01
    5.88166885e+01 5.86279449e+01 5.82059364e+01 5.85335045e+01
    5.62659149e+01 5.94037209e+01 5.66794472e+01 5.53780441e+01
    5.52534409e+01 5.84765930e+01 5.67103043e+01 5.62769394e+01
    5.17803841e+01 0. 5.17385864e+01 5.31318512e+01 5.11431618e+01
    5.04410591e+01 5.28466759e+01 5.21572266e+01 5.12029610e+01
    5.05176277e+01 5.16489143e+01 5.24713516e+01 4.82147636e+01
    4.82891083e+01 5.16438942e+01 5.01492271e+01 5.04593163e+01
    4.86601448e+01 4.92574921e+01 5.19263306e+01 5.12838249e+01
    4.81661491e+01 4.93725166e+01 4.90799370e+01 5.21509171e+01
    4.83228264e+01 4.98700142e+01 5.07981224e+01 5.40463905e+01
    5.60349846e+01 5.32454643e+01 5.40055122e+01 5.76905670e+01
    5.60967331e+01 5.79454575e+01 5.59098244e+01 5.47225571e+01
    5.92990685e+01 5.60152054e+01 5.43944054e+01 5.63241539e+01
    5.58614388e+01 5.31935997e+01 5.07221642e+01 5.08725853e+01
    5.36875534e+01 4.97753677e+01 5.08239784e+01 5.12118683e+01
    5.26495056e+01 5.13363228e+01 5.25921326e+01 5.05896873e+01
    5.23800812e+01 5.08591232e+01 5.45123253e+01 5.20222893e+01
    4.95234909e+01 5.02284393e+01 5.37847633e+01 5.26258049e+01
    5.15205154e+01 5.34551239e+01 5.44043961e+01 5.34679375e+01
    5.48292046e+01 5.34957581e+01 5.47113075e+01 5.23860626e+01
    5.26972961e+01 5.40798378e+01 5.42105103e+01 5.69859238e+01
    5.58411369e+01 5.66398888e+01 5.32966461e+01 5.28234596e+01
    5.20961761e+01 5.37928047e+01 5.46254005e+01 5.64678955e+01
    5.61293678e+01 5.81081963e+01 5.72237244e+01 5.59062271e+01
    5.51400299e+01 5.62967339e+01 5.32161102e+01 5.31048508e+01
    5.40064697e+01 5.34825516e+01 5.28496704e+01 5.46642189e+01
    5.46427727e+01 5.30206718e+01 5.33994179e+01 5.27961578e+01
    5.45983200e+01 5.18508415e+01 5.35920906e+01 5.54871902e+01
    5.68433189e+01 5.42286339e+01 5.24836693e+01 5.49402771e+01
    5.51616402e+01 5.56102486e+01 5.32268524e+01 5.49842644e+01
    5.77248383e+01 5.48778801e+01 5.37185745e+01 5.40961952e+01
    5.57929153e+01 5.21521225e+01 5.43913345e+01 5.45988312e+01
    5.37639923e+01 5.41639099e+01 5.51685410e+01 5.52561989e+01
    5.44298668e+01 5.12768173e+01 5.30783920e+01 5.15670547e+01
    5.40821686e+01 5.63043556e+01 5.46838341e+01 5.43034325e+01
    5.36752243e+01 5.46614456e+01 5.43447037e+01 5.38913803e+01
    5.17595177e+01 5.27399216e+01 5.30207825e+01 5.35040131e+01
    5.27158661e+01 5.44134102e+01 5.33264694e+01 5.53911552e+01
    5.32779388e+01 5.51137085e+01 5.19940453e+01 5.59253082e+01
    5.56394730e+01 5.40012779e+01 5.42570343e+01 5.61034088e+01
    5.46612091e+01 5.67729607e+01 5.67830620e+01 5.40694695e+01
    5.39497223e+01 5.10894508e+01 5.19683266e+01 5.27458153e+01
    5.32135315e+01 5.06274529e+01 4.99998665e+01 5.03415489e+01
    4.82973671e+01 4.98960533e+01 5.02671013e+01 4.91327972e+01
    5.04887276e+01 5.03364296e+01 5.09701729e+01 5.24729080e+01
    5.00831451e+01 4.80489540e+01 5.49812355e+01 5.05888290e+01
    5.16302986e+01 5.19756165e+01 5.06865349e+01 5.43348541e+01
    5.09115601e+01 5.05264549e+01 5.37552834e+01 4.98658524e+01
    5.30794601e+01 5.28213959e+01 5.25725136e+01 5.11671982e+01
    5.46149406e+01 5.22207146e+01 5.45793648e+01 5.28517876e+01
    5.49383202e+01 5.57668114e+01 5.85848198e+01 5.84204521e+01
    5.87952728e+01 5.59511414e+01 5.63448029e+01 5.89332962e+01
    5.67995262e+01 5.62002563e+01 5.61001511e+01 5.39550781e+01
    5.52975235e+01 5.43434181e+01 5.59642830e+01 5.36463356e+01
    5.17537498e+01 5.15352020e+01 5.19887772e+01 5.08813744e+01
    4.97923546e+01 4.85493546e+01 5.16346817e+01 5.09488983e+01
    4.86107979e+01 4.96630287e+01 5.25981064e+01 5.04032173e+01
    5.02965012e+01 5.03874435e+01 5.48968163e+01 5.17832832e+01
    5.26270256e+01 5.41327705e+01 5.35576401e+01 5.63250999e+01
    5.70937881e+01 5.57015877e+01 5.68558655e+01 5.82792397e+01
    5.68663368e+01 5.78029137e+01 5.87428055e+01 5.87886353e+01
    5.60985641e+01 5.56562614e+01 5.48317947e+01 5.70315018e+01
    5.62512665e+01 5.84646721e+01 5.61263733e+01 5.51785278e+01
    5.41012459e+01 5.66524010e+01 0. 5.27160110e+01 5.20280113e+01
    5.17831535e+01 5.25189247e+01 5.17239380e+01 5.10207787e+01
    5.34270058e+01 5.46652985e+01 5.34964676e+01 5.20644531e+01
    5.08035126e+01 5.02387238e+01 4.91482277e+01 4.91268616e+01
    5.05738106e+01 4.71110344e+01 4.88237724e+01 5.01635704e+01
    5.01698723e+01 4.90382423e+01 4.88922234e+01 4.79911194e+01
    4.87265205e+01 4.77907715e+01 4.97322388e+01 5.14060135e+01
    5.41976395e+01 5.43124771e+01 5.40800858e+01 5.23567467e+01
    5.42923660e+01 5.18723450e+01 5.15479774e+01 5.47405243e+01
    5.18599930e+01 5.33004532e+01 5.56597672e+01 5.35068092e+01
    5.38842583e+01 5.40784569e+01 5.35288925e+01 5.51407585e+01
    5.24556885e+01 5.35138741e+01 5.12440033e+01 5.12022934e+01
    5.40954247e+01 5.06699562e+01 5.04236946e+01 5.07988815e+01
    5.10046310e+01 5.39401817e+01 5.12779007e+01 5.01162148e+01
    5.26919708e+01 4.97325058e+01 5.28106384e+01 5.24988174e+01
    5.30783691e+01 5.12510910e+01 5.19139900e+01 5.14787292e+01
    5.25994492e+01 5.15618172e+01 5.17013321e+01 5.07038918e+01
    5.34108009e+01 5.14262390e+01 5.45179100e+01 5.33802567e+01
    5.40626793e+01 5.34086380e+01 5.41828003e+01 5.19935188e+01
    5.29762764e+01 5.44248810e+01 5.35886459e+01 5.55344658e+01
    5.33886414e+01 5.70271530e+01 5.63971710e+01 5.83089523e+01
    5.39149208e+01 5.38384743e+01 5.41343155e+01 5.61271172e+01
    5.26996536e+01 5.50014343e+01 5.42874031e+01 5.81808205e+01
    5.38037148e+01 5.33673363e+01 5.56192131e+01 5.35301743e+01
    5.38368034e+01 5.21656914e+01 5.36705551e+01 5.52828102e+01
    5.50622787e+01 5.30664749e+01 5.48387299e+01 5.42638779e+01
    5.52607346e+01 5.60173454e+01 5.44690552e+01 5.37571068e+01
    5.32204742e+01 5.79775314e+01 5.74258194e+01 5.20211220e+01
    5.49379730e+01 5.49243126e+01 5.55889511e+01 5.45868797e+01
    5.47281113e+01 5.40881081e+01 5.51166458e+01 5.36351776e+01
    5.51114273e+01 5.45922318e+01 5.73357277e+01 5.45819893e+01
    5.30329132e+01 5.10725479e+01 5.34030266e+01 5.38931541e+01
    5.10645638e+01 5.14399681e+01 5.15672455e+01 5.10078087e+01
    5.28944969e+01 5.43943710e+01 5.31940575e+01 5.27034988e+01
    5.33002281e+01 5.66155510e+01 5.33078423e+01 5.45757179e+01
    5.52325745e+01 5.41672668e+01 5.73986320e+01 5.45636024e+01
    5.24374161e+01 5.82114677e+01 5.68267059e+01 5.40854759e+01
    5.58523712e+01 5.64400940e+01 5.61708221e+01 5.72903252e+01
    5.27958755e+01 5.44269257e+01 5.25542641e+01 5.31736603e+01
    5.18219185e+01 5.11700668e+01 5.09175911e+01 4.83932381e+01
    4.90084076e+01 5.15238991e+01 4.88824806e+01 5.07298050e+01
    5.05126114e+01 5.25237007e+01 5.03335381e+01 4.90877228e+01
    5.25817223e+01 5.21092453e+01 5.11662903e+01 5.22674103e+01
    5.21290512e+01 5.18209076e+01 5.15556831e+01 5.09624748e+01
    5.23382187e+01 4.99632568e+01 4.95509567e+01 5.34992676e+01
    5.64136543e+01 5.22608299e+01 5.08001862e+01 4.85525017e+01
    5.41191101e+01 5.50913811e+01 5.29153252e+01 5.06865044e+01
    5.31545868e+01 5.23648071e+01 5.34424706e+01 5.61329002e+01
    5.53584595e+01 5.82363777e+01 5.89119530e+01 5.56192741e+01
    5.61034737e+01 5.73289528e+01 5.61045914e+01 5.37798691e+01
    5.39105949e+01 5.44424591e+01 5.52410698e+01 5.65453453e+01
    5.42445526e+01 5.38808937e+01 5.22165489e+01 5.07953453e+01
    5.17579002e+01 4.85646172e+01 4.66418343e+01 5.02670364e+01
    4.96761284e+01 5.02024879e+01 4.67187500e+01 4.76738014e+01
    5.11557541e+01 4.97530861e+01 5.01264572e+01 5.01944656e+01
    5.30224838e+01 5.18721008e+01 5.18500328e+01 5.14878120e+01
    5.25630951e+01 5.44888687e+01 5.70484428e+01 5.50207558e+01
    5.79712982e+01 5.78953857e+01 5.92177238e+01 5.59968758e+01
    5.84771881e+01 5.90437775e+01 5.69170685e+01 5.65497589e+01
    5.92868843e+01 5.66424980e+01 5.72026291e+01 5.78455696e+01
    5.56708717e+01 5.44828224e+01 5.56999435e+01 0. 5.36300735e+01
    5.16329956e+01 5.02383232e+01 5.06359978e+01 5.32969627e+01
    5.17645454e+01 5.46619759e+01 5.21032639e+01 5.34379463e+01
    5.50555305e+01 5.22291985e+01 5.20470810e+01 5.27136230e+01
    4.94111214e+01 5.19547844e+01 5.14158669e+01 4.93727837e+01
    5.12906837e+01 5.24313087e+01 4.97565994e+01 4.90136909e+01
    4.70529480e+01 4.90995064e+01 4.97552986e+01 4.77250786e+01
    5.09035416e+01 5.30468178e+01 5.35654793e+01 5.12715187e+01
    5.25671234e+01 5.13385277e+01 5.24226456e+01 5.38523979e+01
    5.49933968e+01 5.44625893e+01 5.40639725e+01 5.39880180e+01
    5.38921547e+01 5.56440811e+01 5.26784401e+01 5.40344276e+01
    5.06548576e+01 5.12458878e+01 5.15122147e+01 5.20794907e+01
    5.12646675e+01 5.41869545e+01 4.95886421e+01 5.10858498e+01
    4.97561340e+01 5.32721062e+01 5.23994827e+01 5.33035812e+01
    5.18866272e+01 5.29956589e+01 5.11604309e+01 5.15488243e+01
    5.11378326e+01 5.30391006e+01 5.02377968e+01 4.98588371e+01
    5.22526321e+01 5.37075653e+01 5.35793762e+01 5.44865227e+01
    5.25441780e+01 5.49310303e+01 5.36403236e+01 5.30550041e+01
    5.28750610e+01 5.65134506e+01 5.85958824e+01 5.50623322e+01
    5.70304871e+01 5.70042992e+01 5.66012535e+01 5.45509720e+01
    5.36033821e+01 5.55560837e+01 6.05476036e+01 5.91738548e+01
    5.47960167e+01 5.78885612e+01 5.45656815e+01 5.45450974e+01
    5.45251198e+01 5.46175041e+01 5.56626015e+01 5.40961952e+01
    5.23363380e+01 5.57174492e+01 5.36321869e+01 5.32062416e+01
    5.42065926e+01 5.12302971e+01 5.44055061e+01 5.29315414e+01
    5.37070122e+01 5.72340164e+01 5.35797234e+01 5.56002121e+01
    5.47499352e+01 5.47321815e+01 5.65012398e+01 5.36513786e+01
    5.56184731e+01 5.67212944e+01 5.39336014e+01 5.62270584e+01
    5.45664215e+01 5.20710411e+01 5.45602226e+01 5.37323036e+01
    5.24634705e+01 5.28508034e+01 5.06754303e+01 5.37039871e+01
    5.53778763e+01 5.38065033e+01 5.46314621e+01 5.19791451e+01
    5.40945244e+01 5.29345818e+01 5.10351753e+01 5.39483223e+01
    5.57113266e+01 5.14755096e+01 5.33761902e+01 5.47701988e+01
    5.45200539e+01 5.46052055e+01 5.53072281e+01 5.30718956e+01
    5.33463974e+01 5.49831810e+01 5.25044975e+01 5.36525841e+01
    5.32167473e+01 5.53040314e+01 5.43448868e+01 5.33172379e+01
    5.47961006e+01 5.39500237e+01 5.32756386e+01 5.33012390e+01
    5.09984169e+01 5.35903206e+01 5.43920174e+01 5.56140556e+01
    5.38003311e+01 5.56601906e+01 5.39679985e+01 5.44727173e+01
    5.29770203e+01 5.44757347e+01 5.09986115e+01 5.41845627e+01
    5.18783340e+01 5.26551628e+01 5.17917976e+01 5.30754814e+01
    5.12884216e+01 5.14542503e+01 4.95930481e+01 5.03731728e+01
    4.80459557e+01 5.01270905e+01 4.94140167e+01 5.24707336e+01
    5.36190834e+01 5.19381447e+01 5.28535690e+01 5.23609886e+01
    4.89556122e+01 5.21525764e+01 5.16581345e+01 5.21593208e+01
    5.24087944e+01 5.20549049e+01 5.28239365e+01 5.37779312e+01
    5.28705330e+01 5.28234520e+01 5.29613152e+01 5.40714607e+01
    5.46686554e+01 5.40839615e+01 5.24232140e+01 5.51361008e+01
    5.60185699e+01 5.85893974e+01 5.61157455e+01 5.61513367e+01
    5.45237541e+01 5.41448326e+01 5.44697800e+01 5.51853142e+01
    5.34910469e+01 5.59583054e+01 5.22694283e+01 5.45938072e+01
    5.57316666e+01 5.33963814e+01 5.17009354e+01 5.28746452e+01
    4.94260368e+01 4.98471336e+01 4.90046310e+01 4.91810608e+01
    5.04594002e+01 4.97416153e+01 4.91628113e+01 4.85074730e+01
    5.08470306e+01 4.97609062e+01 5.01233902e+01 5.02979622e+01
    5.17255707e+01 5.24559097e+01 5.43817177e+01 5.14443054e+01
    5.31033745e+01 5.56136551e+01 5.56397209e+01 5.71399040e+01
    5.74912529e+01 5.70417633e+01 6.09178238e+01 5.72006950e+01
    5.69565392e+01 5.83666306e+01 5.85317268e+01 5.79608421e+01
    5.83890038e+01 5.80106506e+01 5.53129807e+01 5.46863289e+01
    5.49813614e+01 5.62616920e+01 5.81315002e+01 5.59503899e+01 0.
    5.44001007e+01 5.24304581e+01 5.26978798e+01 4.97422714e+01
    5.28037033e+01 5.28439941e+01 5.30402985e+01 5.37347298e+01
    5.33316917e+01 5.33542061e+01 5.18049507e+01 4.79323311e+01
    5.14759598e+01 4.96211739e+01 4.96085510e+01 5.21244087e+01
    5.05996017e+01 4.92770805e+01 5.23381233e+01 4.91623039e+01
    5.07430611e+01 4.52900238e+01 4.72926445e+01 4.80093307e+01
    4.57613106e+01 4.81208153e+01 5.05280991e+01 5.20458260e+01
    5.20907593e+01 5.04859390e+01 5.46093864e+01 5.27390099e+01
    5.14873810e+01 5.08104019e+01 5.44448090e+01 5.48203888e+01
    5.09233475e+01 5.08734550e+01 5.31342392e+01 5.24423676e+01
    5.18407478e+01 5.01601067e+01 5.03225555e+01 5.40840797e+01
    5.40408249e+01 5.31435585e+01 5.25089912e+01 5.06874962e+01
    5.13032494e+01 5.45645180e+01 5.07372055e+01 5.29432449e+01
    5.20104332e+01 5.27880707e+01 5.28717728e+01 5.03047104e+01
    5.12121925e+01 5.38575211e+01 5.24327049e+01 5.14777718e+01
    5.18426285e+01 5.53401413e+01 5.35472298e+01 5.34346504e+01
    5.06109505e+01 5.52375259e+01 5.25986824e+01 5.24630928e+01
    5.47344360e+01 5.69558029e+01 5.80210724e+01 5.71263771e+01
    5.71505280e+01 5.74653358e+01 5.57576370e+01 5.64521065e+01
    5.50687332e+01 5.62266350e+01 5.73958473e+01 5.86457329e+01
    5.95745735e+01 5.87824821e+01 5.75339470e+01 5.52242851e+01
    5.70600967e+01 5.64005013e+01 5.11982040e+01 5.50765839e+01
    5.41561317e+01 5.44889908e+01 5.40389023e+01 5.43579216e+01
    5.44869614e+01 5.36389732e+01 5.22829247e+01 5.32390366e+01
    5.37072678e+01 5.65859222e+01 5.58277321e+01 5.57641373e+01
    5.75968781e+01 5.64133110e+01 5.55582466e+01 5.71848488e+01
    5.58497314e+01 5.20250816e+01 5.54558296e+01 5.76224594e+01
    5.45325470e+01 5.28952560e+01 5.38940239e+01 5.52289391e+01
    5.35787849e+01 4.95394821e+01 5.15243187e+01 5.34140625e+01
    5.19956207e+01 5.24353523e+01 5.19817352e+01 5.13305359e+01
    5.18454819e+01 5.32490196e+01 5.32755852e+01 5.19270477e+01
    5.21872101e+01 5.36085358e+01 5.48727417e+01 5.36868248e+01
    5.44604492e+01 5.21510696e+01 5.37403870e+01 5.17987709e+01
    5.33183670e+01 5.06683617e+01 5.24701080e+01 5.38623047e+01
    5.37603149e+01 5.22258797e+01 5.57087402e+01 5.20198898e+01
    5.60476494e+01 5.47621956e+01 5.34181099e+01 5.40032120e+01
    5.61093826e+01 5.44488297e+01 5.46228752e+01 5.53361168e+01
    5.62947083e+01 5.61888847e+01 5.52611961e+01 5.49882240e+01
    5.34563522e+01 5.36881485e+01 5.26414566e+01 5.26211433e+01
    5.27621460e+01 5.24898529e+01 5.28915596e+01 5.26769905e+01
    5.07808151e+01 4.88592033e+01 5.11265030e+01 4.99100151e+01
    5.03393288e+01 5.23820457e+01 5.14654274e+01 5.14688034e+01
    5.19511604e+01 4.93158836e+01 5.14437141e+01 5.28211060e+01
    5.40113983e+01 5.00167084e+01 5.18293037e+01 5.17025070e+01
    5.41785126e+01 5.41548576e+01 5.52854767e+01 5.27156372e+01
    5.19438477e+01 5.49827881e+01 5.43285522e+01 5.54364738e+01
    5.35267715e+01 5.37213097e+01 5.27367630e+01 5.68081207e+01
    5.24898605e+01 5.70936165e+01 5.67399330e+01 5.66090698e+01
    5.70310059e+01 5.60114784e+01 5.44464111e+01 5.88003731e+01
    5.35796776e+01 5.50545197e+01 5.15299377e+01 5.47947044e+01
    5.45026588e+01 5.55879288e+01 5.06564522e+01 5.10951042e+01
    5.29990349e+01 5.11558304e+01 4.57213707e+01 4.93861046e+01
    4.93437576e+01 5.07586861e+01 4.92095108e+01 4.76374130e+01
    4.88455276e+01 5.11036758e+01 4.96727219e+01 4.97498436e+01
    4.88403168e+01 5.27959480e+01 5.37080345e+01 5.25844612e+01
    5.39239960e+01 5.57818184e+01 5.66411705e+01 5.33382721e+01
    5.61907082e+01 5.50531044e+01 5.80656395e+01 5.94625435e+01
    5.85586586e+01 5.61061401e+01 5.76234818e+01 5.77777100e+01
    5.64179649e+01 5.64474792e+01 5.67389221e+01 5.55115509e+01
    5.65375099e+01 5.45439987e+01 5.70433350e+01 5.70247536e+01
    5.60895386e+01 0. 5.15959435e+01 4.90436554e+01 5.06406784e+01
    5.19589233e+01 5.24603004e+01 5.04611053e+01 5.55009422e+01
    5.57412300e+01 5.16342926e+01 5.20880241e+01 4.93354721e+01
    5.11703300e+01 5.20989151e+01 5.04944191e+01 5.14697609e+01
    5.17510185e+01 5.08257637e+01 5.12744675e+01 4.99231987e+01
    4.98069000e+01 4.67853317e+01 4.56373978e+01 4.45986404e+01
    4.77861214e+01 4.86039085e+01 4.73906670e+01 5.20878334e+01
    5.09314041e+01 5.18724937e+01 5.03157692e+01 5.01979179e+01
    4.79230118e+01 5.00437317e+01 5.01761131e+01 5.17968903e+01
    5.19148521e+01 5.13829842e+01 4.97651634e+01 5.45919952e+01
    5.33757362e+01 5.09010963e+01 5.13508110e+01 5.17235527e+01
    5.19585686e+01 5.11790009e+01 5.15941734e+01 5.30601387e+01
    5.03159409e+01 5.00781822e+01 5.35709305e+01 5.00551910e+01
    5.16114960e+01 5.29746361e+01 5.19742966e+01 5.06138992e+01
    5.01154518e+01 5.01689110e+01 5.24200172e+01 5.26249809e+01
    5.09085312e+01 5.13141975e+01 5.30441437e+01 5.34651794e+01
    5.00018463e+01 5.24634018e+01 5.15933800e+01 5.31142044e+01
    5.52977867e+01 5.57400742e+01 5.68684349e+01 6.08043518e+01
    5.54666595e+01 5.61138840e+01 5.77093010e+01 5.54164391e+01
    5.59861641e+01 5.38120804e+01 5.49266891e+01 5.83091774e+01
    5.99142494e+01 5.74045029e+01 5.74177170e+01 5.65621681e+01
    5.58243294e+01 5.52146759e+01 5.41514854e+01 5.20673332e+01
    5.29566803e+01 5.17388077e+01 5.55890884e+01 5.37947502e+01
    5.24849930e+01 5.71377182e+01 5.30925674e+01 5.22790794e+01
    5.18850746e+01 5.40236397e+01 5.48984871e+01 5.63323135e+01
    5.48805122e+01 5.56760406e+01 5.53722725e+01 5.58768959e+01
    5.48886986e+01 5.57742348e+01 5.39320488e+01 5.49477692e+01
    5.43886986e+01 5.53485413e+01 5.44088631e+01 5.29194183e+01
    5.38518143e+01 5.58505096e+01 5.08343658e+01 5.21732407e+01
    5.14968109e+01 5.26862144e+01 5.29476814e+01 5.29607010e+01
    5.32009735e+01 5.20895500e+01 5.29143486e+01 5.36338348e+01
    5.27264214e+01 5.30623779e+01 5.58875313e+01 5.45767212e+01
    5.22852554e+01 5.33063774e+01 5.10238228e+01 5.40835266e+01
    5.31056137e+01 5.27613792e+01 5.44780998e+01 5.26070709e+01
    5.54184914e+01 5.44839363e+01 5.40120964e+01 5.44580193e+01
    5.35180092e+01 5.20089340e+01 5.63311081e+01 5.52228394e+01
    5.58662529e+01 5.73876572e+01 5.38195915e+01 5.22348518e+01
    5.68492851e+01 5.64112015e+01 5.42312050e+01 5.57585106e+01
    5.24540596e+01 5.45018425e+01 5.17261200e+01 5.53702698e+01
    5.29476662e+01 5.11151009e+01 5.08507576e+01 5.39799042e+01
    5.30708389e+01 4.91293373e+01 4.98723564e+01 5.26342583e+01
    5.21484566e+01 5.08954582e+01 5.10636711e+01 5.25140762e+01
    5.18273582e+01 5.27857132e+01 4.99281311e+01 5.16576118e+01
    5.28322792e+01 5.42117348e+01 5.28208313e+01 5.16337013e+01
    5.27768860e+01 5.15801773e+01 5.08308334e+01 5.22815781e+01
    5.43696747e+01 5.19263153e+01 5.29766769e+01 5.48815460e+01
    5.45960083e+01 5.18748856e+01 5.40966225e+01 5.11888199e+01
    5.34915428e+01 5.20053825e+01 5.48953934e+01 5.53411674e+01
    5.55172310e+01 5.75682259e+01 5.64277534e+01 5.49460602e+01
    5.55162125e+01 5.20784492e+01 5.36858902e+01 5.22510872e+01
    5.14978943e+01 5.49505463e+01 5.45280952e+01 5.18956528e+01
    5.24383049e+01 5.01333046e+01 5.19775810e+01 4.96601143e+01
    4.76844788e+01 5.06519279e+01 5.05364609e+01 4.92717476e+01
    4.79894905e+01 5.20375099e+01 5.18037720e+01 5.26187363e+01
    5.20107384e+01 5.25799408e+01 5.25674782e+01 5.52645836e+01
    5.66454506e+01 5.14025764e+01 5.37934418e+01 5.45517044e+01
    5.38858337e+01 5.64990807e+01 5.70909843e+01 5.58496666e+01
    5.79198265e+01 5.95480652e+01 5.73177261e+01 5.47108269e+01
    5.65049095e+01 5.38966599e+01 5.39650764e+01 5.40577164e+01
    5.60301552e+01 5.55138245e+01 5.45972900e+01 5.45528603e+01
    5.70238762e+01 5.51580620e+01 0. 5.16397552e+01 5.17524796e+01
    5.04173126e+01 4.88689690e+01 5.11405525e+01 5.01143723e+01
    4.91021957e+01 5.19621964e+01 5.15220261e+01 5.26802292e+01
    5.08716393e+01 4.78630295e+01 5.38343697e+01 5.23359604e+01
    4.93425980e+01 4.95571365e+01 5.14304237e+01 5.05003891e+01
    5.00616951e+01 4.84264717e+01 5.03406868e+01 4.64446220e+01
    4.84800720e+01 4.75067825e+01 4.74175835e+01 5.06611252e+01
    5.04082832e+01 5.01194839e+01 4.86262970e+01 4.85255013e+01
    4.96741180e+01 5.01829948e+01 5.04630318e+01 5.36302567e+01
    5.22364578e+01 5.29837456e+01 5.30706711e+01 5.21283569e+01
    5.47504272e+01 5.21470642e+01 5.17489891e+01 5.06343384e+01
    4.99859848e+01 5.14246025e+01 5.21833878e+01 5.21424980e+01
    5.34600945e+01 5.27680969e+01 5.41466370e+01 5.10206184e+01
    5.17619591e+01 5.08769455e+01 5.23188782e+01 5.23931007e+01
    5.44383240e+01 4.98641777e+01 5.16756096e+01 5.25492859e+01
    5.05758438e+01 4.83234558e+01 4.85879097e+01 5.07009163e+01
    5.37856750e+01 5.00920029e+01 4.83383102e+01 5.17463608e+01
    5.30096893e+01 5.27661324e+01 5.23405342e+01 5.63476868e+01
    5.74065781e+01 5.62169533e+01 5.60874863e+01 5.44046440e+01
    5.50365028e+01 5.67231483e+01 5.43421326e+01 5.65230560e+01
    5.67219658e+01 5.56216354e+01 5.71220093e+01 5.72770348e+01
    5.31968880e+01 5.30615082e+01 5.55080910e+01 5.45920601e+01
    5.33959045e+01 5.25948105e+01 5.25136948e+01 5.46720619e+01
    5.41547470e+01 5.35907516e+01 5.53205681e+01 5.39306450e+01
    5.05674286e+01 5.26409950e+01 5.49911804e+01 5.42526169e+01
    5.79340401e+01 5.51520882e+01 5.48882370e+01 5.73890343e+01
    5.53399048e+01 5.77656212e+01 5.68373032e+01 5.56513252e+01
    5.42008781e+01 5.54433098e+01 5.42411766e+01 5.58562317e+01
    5.40073738e+01 5.31715965e+01 5.23718109e+01 5.01847610e+01
    5.05729523e+01 5.29892120e+01 5.28414536e+01 5.33566322e+01
    5.20415154e+01 5.14349098e+01 5.54319382e+01 5.29506073e+01
    5.17018051e+01 5.33801193e+01 5.37670937e+01 5.43489494e+01
    5.05243225e+01 5.26051559e+01 5.42783737e+01 5.62678757e+01
    5.46006813e+01 5.23750343e+01 5.34026871e+01 5.37500916e+01
    5.16470337e+01 5.35836906e+01 5.14166718e+01 5.46288834e+01
    5.28679008e+01 5.59054680e+01 5.30652962e+01 5.32119865e+01
    5.53678284e+01 5.19144020e+01 5.49659348e+01 5.36010590e+01
    5.52263222e+01 5.50466843e+01 5.64511604e+01 5.23920784e+01
    5.48972969e+01 5.49892578e+01 5.61116066e+01 5.27683411e+01
    5.17719765e+01 5.26443443e+01 5.39157486e+01 5.14273376e+01
    5.09389229e+01 5.11024513e+01 5.25721474e+01 5.16367645e+01
    5.27642212e+01 4.93995171e+01 5.10346947e+01 5.33613434e+01
    4.96439972e+01 5.18086510e+01 5.13142815e+01 5.06428719e+01
    5.35918083e+01 5.19555359e+01 5.46146469e+01 5.38566246e+01
    5.20827637e+01 5.41128998e+01 5.39658470e+01 5.19076500e+01
    5.36080818e+01 5.42123070e+01 5.27951851e+01 5.27208824e+01
    5.61435661e+01 5.48853416e+01 5.56902428e+01 5.23568954e+01
    5.55475998e+01 5.45355301e+01 5.31902733e+01 5.63418922e+01
    5.90101395e+01 5.60762444e+01 5.59774284e+01 5.46223793e+01
    5.55301666e+01 5.59026184e+01 5.31263504e+01 5.14467316e+01
    5.72152786e+01 5.17101707e+01 5.57466202e+01 5.69976044e+01
    5.48481064e+01 5.12433357e+01 5.35246391e+01 4.87451439e+01
    5.24440613e+01 5.05173874e+01 5.06723671e+01 5.11050911e+01
    5.06839371e+01 5.06130981e+01 5.04383049e+01 5.29760704e+01
    5.50520821e+01 5.45682793e+01 5.41039925e+01 5.16513824e+01
    5.51381454e+01 5.67593994e+01 5.48001938e+01 5.60594673e+01
    5.64423409e+01 5.61146011e+01 5.57726746e+01 5.37178307e+01
    5.68093643e+01 5.59271088e+01 5.50277977e+01 5.44248428e+01
    5.58243332e+01 5.21416054e+01 5.39171410e+01 5.27949448e+01
    5.11251297e+01 5.08906174e+01 5.52946358e+01 5.50224152e+01
    5.53212662e+01 5.32317696e+01 5.35603790e+01 0. 5.12752190e+01
    5.12753181e+01 5.12285042e+01 5.09277306e+01 4.80136757e+01
    5.23453102e+01 5.20406609e+01 5.22852592e+01 4.89882507e+01
    5.04344177e+01 5.25097351e+01 5.06011238e+01 4.99185028e+01
    5.12092628e+01 4.80176468e+01 4.99993858e+01 5.13051224e+01
    4.97035675e+01 5.33830757e+01 5.01532631e+01 5.14363251e+01
    4.85866890e+01 4.79758453e+01 4.69855881e+01 4.83419838e+01
    4.68548889e+01 5.04498749e+01 4.90374603e+01 5.11063004e+01
    4.90338821e+01 4.96099777e+01 4.99085846e+01 4.94723473e+01
    4.84205704e+01 5.25297165e+01 5.16694336e+01 5.10659981e+01
    5.22168159e+01 5.27669411e+01 5.20576935e+01 5.16883698e+01
    5.16703033e+01 5.32558823e+01 5.23845139e+01 5.22286148e+01
    5.35058556e+01 5.30647774e+01 5.40847816e+01 5.05881271e+01
    5.23657761e+01 5.37040672e+01 5.07338028e+01 5.14437485e+01
    5.05118637e+01 5.05553017e+01 5.11668854e+01 4.90368652e+01
    4.86412125e+01 5.11696396e+01 5.06113625e+01 5.09886665e+01
    4.89495239e+01 5.33943634e+01 5.40394363e+01 4.86009941e+01
    5.12923088e+01 5.40180130e+01 5.17311630e+01 5.28605690e+01
    5.61918144e+01 5.59805298e+01 5.64355202e+01 5.47995758e+01
    5.64327965e+01 5.45404663e+01 5.63728294e+01 5.38965950e+01
    5.57617455e+01 5.89052277e+01 5.81103554e+01 5.52814217e+01
    5.78925629e+01 5.48150749e+01 5.39902496e+01 5.29104347e+01
    5.53045845e+01 5.43453064e+01 5.10236816e+01 5.13251419e+01
    5.34157715e+01 5.61873932e+01 5.03772507e+01 5.20222626e+01
    5.52726860e+01 5.07932472e+01 5.28731003e+01 5.54596748e+01
    5.44479599e+01 5.85267906e+01 5.17620316e+01 5.37507477e+01
    5.46769676e+01 5.41114197e+01 5.59153519e+01 5.57416992e+01
    5.21739540e+01 5.54840393e+01 5.48292999e+01 5.59342499e+01
    5.45017014e+01 5.13380318e+01 5.39926758e+01 5.24492683e+01
    4.82139587e+01 5.13563957e+01 5.18227463e+01 5.20393677e+01
    5.41875076e+01 4.98792725e+01 5.17096024e+01 5.12836304e+01
    5.11649857e+01 5.25414505e+01 5.00561714e+01 5.18209229e+01
    5.37101288e+01 5.26491394e+01 5.33072472e+01 5.38190384e+01
    5.43480415e+01 5.32559204e+01 5.35152626e+01 5.37588158e+01
    5.32237434e+01 5.33101006e+01 5.06634598e+01 5.46819344e+01
    5.08360710e+01 5.26006813e+01 5.20983658e+01 5.04397278e+01
    5.15617294e+01 5.22228317e+01 5.02584610e+01 5.27766342e+01
    5.46666527e+01 5.31560974e+01 5.34076385e+01 5.39187088e+01
    5.19402618e+01 5.29446716e+01 5.11688919e+01 5.32652245e+01
    5.19674187e+01 5.19254837e+01 5.29147186e+01 5.14570923e+01
    5.13816185e+01 4.99786911e+01 5.15832367e+01 5.43109818e+01
    5.04109230e+01 5.30503464e+01 5.11375847e+01 5.10913696e+01
    5.19399109e+01 5.10421066e+01 5.14355392e+01 5.40098686e+01
    5.12362785e+01 5.44399185e+01 5.43879967e+01 5.33886414e+01
    5.32649727e+01 5.06729736e+01 5.35738716e+01 5.39382477e+01
    4.99426117e+01 5.01696777e+01 5.55457954e+01 5.36661301e+01
    5.33436394e+01 5.18452034e+01 5.71935616e+01 5.44147072e+01
    5.17255859e+01 5.25319519e+01 5.61511230e+01 5.41426735e+01
    5.34359512e+01 5.48059311e+01 5.79759064e+01 5.43447418e+01
    5.30549126e+01 5.15975647e+01 5.69946098e+01 5.69638863e+01
    5.39352455e+01 5.14957924e+01 5.50990944e+01 5.50088043e+01
    5.65548019e+01 5.44247742e+01 5.30303802e+01 5.05817528e+01
    5.40110359e+01 4.97430611e+01 5.25343323e+01 5.44781380e+01
    5.27192459e+01 4.99700432e+01 5.48209915e+01 5.40021477e+01
    5.37266464e+01 5.36478577e+01 5.46003342e+01 5.41724663e+01
    5.70979996e+01 5.57499771e+01 5.54899483e+01 5.72026024e+01
    5.69179955e+01 5.79491577e+01 5.49254990e+01 5.62031860e+01
    5.50598221e+01 5.52283859e+01 5.55379486e+01 5.43618050e+01
    5.33890533e+01 5.33799934e+01 5.32146606e+01 5.10194397e+01
    5.30331116e+01 5.15952225e+01 5.30090370e+01 5.21247063e+01
    5.27179260e+01 5.34256630e+01 5.27397614e+01 5.12198982e+01 0.
    4.88056641e+01 4.74331245e+01 4.91914062e+01 4.64108124e+01
    4.97535896e+01 5.06437950e+01 5.22708015e+01 5.37220573e+01
    4.98151512e+01 5.20717888e+01 5.31098557e+01 4.99979897e+01
    5.14982033e+01 5.17906952e+01 5.27053185e+01 5.21936836e+01
    5.30729942e+01 5.40671005e+01 5.22643585e+01 5.25327644e+01
    4.80241089e+01 4.74706459e+01 4.84032631e+01 4.60341263e+01
    5.02934113e+01 4.96078568e+01 5.06059418e+01 5.00385437e+01
    4.98336639e+01 4.93229485e+01 4.90416679e+01 4.76144829e+01
    4.95977440e+01 4.99916115e+01 4.95874100e+01 5.43027954e+01
    5.26204834e+01 5.29364662e+01 5.27085686e+01 5.39384956e+01
    5.26345406e+01 5.27160416e+01 5.18248749e+01 5.26383781e+01
    5.46368637e+01 5.03619652e+01 5.42816620e+01 5.27805214e+01
    5.25974731e+01 5.11685677e+01 5.35682640e+01 5.38806534e+01
    5.23442841e+01 5.00684052e+01 5.14675522e+01 4.89812355e+01
    5.14499779e+01 5.06323853e+01 5.16413841e+01 5.14679527e+01
    4.83808365e+01 4.98668785e+01 5.13971138e+01 5.15455170e+01
    5.19348373e+01 5.06843147e+01 5.35705681e+01 5.20813942e+01
    5.37030029e+01 5.29088631e+01 5.58530273e+01 5.63446274e+01
    5.48131485e+01 5.50215683e+01 5.39910355e+01 5.52793465e+01
    5.48832474e+01 5.32136269e+01 5.90954247e+01 5.60214577e+01
    5.67708740e+01 5.42981377e+01 5.36203117e+01 5.35391922e+01
    5.45277748e+01 5.22569351e+01 5.38365974e+01 5.24544449e+01
    5.19501801e+01 5.10293007e+01 5.35512428e+01 5.15885277e+01
    5.18207932e+01 5.11831474e+01 5.14632111e+01 5.19597244e+01
    5.35117722e+01 5.48543167e+01 5.18382339e+01 5.28611870e+01
    5.29471588e+01 5.50823555e+01 5.35258255e+01 5.52220688e+01
    5.57579727e+01 5.67736816e+01 5.60656357e+01 5.48523331e+01
    5.33805542e+01 5.37330208e+01 5.31046410e+01 5.17405319e+01
    5.43504639e+01 4.83706055e+01 5.19171143e+01 5.11773453e+01
    5.16537590e+01 5.07741394e+01 5.13600159e+01 5.23902016e+01
    5.36211090e+01 4.97844543e+01 5.21711845e+01 5.32161407e+01
    5.15290909e+01 5.24628143e+01 5.46218796e+01 5.51009483e+01
    5.51663971e+01 5.39781799e+01 5.57938347e+01 5.39406738e+01
    5.34854507e+01 5.59928894e+01 5.19598541e+01 5.21846352e+01
    5.22962875e+01 5.45028801e+01 5.24219322e+01 5.26358337e+01
    5.34779472e+01 5.18294373e+01 5.22356110e+01 5.27491417e+01
    5.25340424e+01 5.17802696e+01 5.29309540e+01 5.25836067e+01
    5.46163063e+01 5.36730499e+01 5.41807556e+01 5.20284081e+01
    5.39498100e+01 5.47030144e+01 5.22542610e+01 5.29443398e+01
    5.15927391e+01 5.23810539e+01 5.27415428e+01 5.25229149e+01
    5.26660042e+01 5.23386345e+01 4.99921379e+01 5.07857971e+01
    5.08407936e+01 5.15634346e+01 5.17579231e+01 5.36945076e+01
    5.16257820e+01 5.48797417e+01 5.49320869e+01 5.33935699e+01
    5.25743866e+01 5.49202232e+01 5.13667755e+01 5.32770462e+01
    5.49437180e+01 5.38596573e+01 5.42966080e+01 5.42891045e+01
    5.61945190e+01 5.46160202e+01 5.39227448e+01 5.63120003e+01
    5.38760147e+01 5.34065399e+01 5.41325455e+01 5.40089378e+01
    5.51722565e+01 5.46132851e+01 5.82850189e+01 5.62417488e+01
    5.69203835e+01 5.58840790e+01 5.53623314e+01 5.37465057e+01
    5.56125107e+01 5.20060501e+01 5.28667259e+01 5.01640816e+01
    5.38915329e+01 5.72624855e+01 5.51246452e+01 5.35406151e+01
    5.15008163e+01 5.32511406e+01 5.39922104e+01 5.00780678e+01
    5.22817192e+01 5.39527473e+01 5.47159348e+01 5.18726997e+01
    5.35081558e+01 5.47991371e+01 5.63277855e+01 5.67412682e+01
    5.50515022e+01 5.60853996e+01 5.71117134e+01 5.85635948e+01
    5.59582787e+01 5.77748528e+01 5.48749428e+01 5.65840263e+01
    5.31200905e+01 5.41476097e+01 5.62540207e+01 5.47397232e+01
    5.35868607e+01 5.41007156e+01 5.21306000e+01 5.26122856e+01
    5.12712784e+01 4.92763176e+01 4.93526955e+01 5.07491760e+01
    5.18855133e+01 5.17763252e+01 5.00870056e+01 5.47501259e+01
    5.42161064e+01 0. 4.91742859e+01 5.02737579e+01 4.94179573e+01
    5.06620064e+01 5.18637733e+01 5.25517082e+01 5.31106796e+01
    5.46239319e+01 5.13253517e+01 5.01969795e+01 5.17030907e+01
    5.28650398e+01 5.23248444e+01 5.15502129e+01 5.17439156e+01
    4.85005913e+01 5.13222198e+01 5.13960495e+01 5.27722702e+01
    5.10154152e+01 4.88534050e+01 4.99810028e+01 4.87059517e+01
    4.87183990e+01 4.65372849e+01 4.98352661e+01 4.89577065e+01
    4.65808296e+01 4.77107811e+01 4.88823929e+01 4.79294472e+01
    5.11134567e+01 4.77324066e+01 4.82385254e+01 4.99483833e+01
    5.02631493e+01 5.18718834e+01 4.94663429e+01 5.21282463e+01
    5.34556808e+01 5.25556107e+01 5.29487190e+01 5.16664543e+01
    5.36948624e+01 5.81103745e+01 5.41189919e+01 5.30933380e+01
    5.46811104e+01 5.14438438e+01 5.22321434e+01 5.24019279e+01
    4.92252007e+01 5.15988159e+01 4.78887100e+01 4.78087196e+01
    4.80412407e+01 4.84816208e+01 4.96893196e+01 4.92909546e+01
    4.86027069e+01 4.60242233e+01 4.87885246e+01 5.22965698e+01
    5.13666153e+01 5.05600281e+01 4.89695702e+01 5.08095360e+01
    5.04583015e+01 5.17694702e+01 5.20277634e+01 5.47889557e+01
    5.35197754e+01 5.62685165e+01 5.47661476e+01 5.53551826e+01
    5.56579933e+01 5.61835632e+01 5.39702301e+01 5.65148735e+01
    5.68560905e+01 5.54989433e+01 5.75848312e+01 5.43445244e+01
    5.47293282e+01 5.56871567e+01 5.56575966e+01 5.45001945e+01
    5.17268753e+01 5.20829201e+01 5.36538544e+01 5.09511909e+01
    5.16013374e+01 5.18939896e+01 5.15015602e+01 5.18772774e+01
    5.18279495e+01 5.29939499e+01 5.30918579e+01 5.41434479e+01
    5.22511749e+01 5.46569252e+01 5.43613586e+01 5.20274124e+01
    5.65858154e+01 5.64244576e+01 5.35481987e+01 5.58422356e+01
    5.26853981e+01 5.64830513e+01 5.49036293e+01 5.24502106e+01
    5.29223442e+01 5.20039864e+01 5.16769409e+01 4.99421616e+01
    4.90693207e+01 5.20191727e+01 5.05959206e+01 4.83289261e+01
    5.08664627e+01 5.14283524e+01 5.11008606e+01 4.80086937e+01
    5.38984261e+01 5.14314880e+01 5.22459259e+01 5.39840546e+01
    5.30040550e+01 5.39557114e+01 5.08005562e+01 5.28927345e+01
    5.23674049e+01 5.15378342e+01 5.49159355e+01 5.21236191e+01
    5.08196411e+01 5.03733482e+01 5.15608711e+01 5.25272865e+01
    5.16117897e+01 5.31364288e+01 5.25500374e+01 5.27329178e+01
    5.19253349e+01 5.20492935e+01 5.05506859e+01 5.07481575e+01
    5.34697990e+01 5.46674576e+01 5.45912437e+01 5.39399757e+01
    5.27222214e+01 5.35605507e+01 5.07570724e+01 5.13300209e+01
    5.19062119e+01 5.00848198e+01 5.04899178e+01 5.11852112e+01
    5.14480705e+01 5.17276268e+01 5.04582825e+01 5.05238075e+01
    5.09420509e+01 5.06825562e+01 5.25848465e+01 5.14184456e+01
    5.42225494e+01 5.45317116e+01 5.12453651e+01 5.33293190e+01
    5.49415779e+01 5.23468704e+01 5.67100296e+01 5.47665176e+01
    5.44927444e+01 5.53846169e+01 5.48161774e+01 5.64428101e+01
    5.59066086e+01 5.47611237e+01 5.51843109e+01 5.50460892e+01
    5.57060280e+01 5.61002769e+01 5.23948975e+01 5.57465935e+01
    5.78451424e+01 5.54900703e+01 5.53676147e+01 5.86082153e+01
    5.88779755e+01 5.44799652e+01 5.27604485e+01 5.33751144e+01
    5.52663574e+01 5.27405777e+01 5.08548698e+01 5.37478104e+01
    5.45904274e+01 5.52829094e+01 5.49408989e+01 5.47593803e+01
    5.25792351e+01 5.09929085e+01 5.32844124e+01 5.28891983e+01
    5.16392097e+01 5.24032707e+01 5.30156288e+01 5.37304535e+01
    5.62926598e+01 5.16760635e+01 5.51172180e+01 5.73948097e+01
    5.78162537e+01 5.59721680e+01 5.64061508e+01 5.55913811e+01
    6.16404762e+01 5.59435501e+01 5.60077324e+01 5.76748314e+01
    5.49154129e+01 5.37079010e+01 5.43300056e+01 5.61305389e+01
    5.51100349e+01 5.15153427e+01 5.25311241e+01 5.13111687e+01
    4.94802017e+01 4.95769768e+01 4.98221588e+01 4.97304306e+01
    4.81735611e+01 5.33830719e+01 5.34802513e+01 5.15183449e+01
    5.30351715e+01 5.64221077e+01 0. 4.93877182e+01 4.98596039e+01
    5.10196991e+01 5.01168137e+01 5.31193657e+01 5.04793854e+01
    5.09842606e+01 5.22789726e+01 5.30012245e+01 5.04933395e+01
    5.20953178e+01 5.23437233e+01 5.34250298e+01 5.10097580e+01
    5.15267715e+01 5.18832359e+01 5.25251045e+01 5.31501389e+01
    5.47713013e+01 5.10433502e+01 4.85985451e+01 4.78016281e+01
    5.02069473e+01 4.62296715e+01 4.82383423e+01 4.68975258e+01
    5.02640800e+01 4.90006371e+01 4.93999367e+01 4.79541130e+01
    5.07013588e+01 4.75319901e+01 4.98942337e+01 4.81261902e+01
    4.98408051e+01 5.00710869e+01 5.42472992e+01 4.99383202e+01
    5.42590942e+01 5.28238068e+01 5.27625237e+01 5.05179176e+01
    5.32249184e+01 5.26916924e+01 5.30886841e+01 5.33626900e+01
    5.23442307e+01 5.08554764e+01 5.12259369e+01 5.03373871e+01
    5.26643219e+01 4.89523544e+01 4.65763359e+01 4.90355110e+01
    4.69051704e+01 4.60065536e+01 4.81438789e+01 4.65893250e+01
    4.88075981e+01 4.71010017e+01 4.76019478e+01 4.70380135e+01
    4.83036537e+01 4.85677872e+01 4.75783882e+01 4.89154396e+01
    4.93334579e+01 5.08211327e+01 5.23563156e+01 5.34064484e+01
    5.43152885e+01 5.53075409e+01 5.32135086e+01 5.54254532e+01
    5.35658646e+01 5.41635971e+01 5.44135323e+01 5.61222534e+01
    5.51086082e+01 5.78431396e+01 5.58548927e+01 5.66050110e+01
    5.73723793e+01 5.58251915e+01 5.35462112e+01 5.40435677e+01
    5.35973778e+01 5.08253479e+01 4.91965141e+01 5.12209587e+01
    4.94610176e+01 5.20096207e+01 5.22238007e+01 5.24579582e+01
    5.01455193e+01 5.02434044e+01 5.30698090e+01 5.41859589e+01
    5.52959023e+01 5.24548111e+01 5.49365349e+01 5.71631279e+01
    5.41312218e+01 5.50314026e+01 5.82170753e+01 5.44244614e+01
    5.43875504e+01 5.66097717e+01 5.47825127e+01 5.56912766e+01
    5.38195381e+01 5.40445099e+01 5.25344429e+01 5.21972771e+01
    5.34468842e+01 5.13811607e+01 5.12446861e+01 5.29058990e+01
    4.90161324e+01 5.05026970e+01 5.26981812e+01 5.34474411e+01
    5.53024979e+01 5.10278397e+01 5.16750069e+01 5.21975060e+01
    4.97737122e+01 5.40056686e+01 5.13340111e+01 5.19489594e+01
    5.31800804e+01 5.54385376e+01 5.28007774e+01 5.16151733e+01
    5.43225479e+01 5.19026108e+01 5.16977997e+01 5.38009453e+01
    5.33453827e+01 5.20685921e+01 5.41283264e+01 5.09661713e+01
    5.29272232e+01 5.20769501e+01 5.05375824e+01 4.99847641e+01
    5.27272758e+01 5.22871017e+01 5.55532265e+01 5.20646820e+01
    5.28012962e+01 5.31958885e+01 4.95321083e+01 5.10092430e+01
    5.06417580e+01 5.02787743e+01 5.03334541e+01 5.03669395e+01
    5.22544250e+01 5.06934700e+01 5.05904922e+01 4.91434555e+01
    5.02726250e+01 5.10880547e+01 5.09627533e+01 5.48433914e+01
    5.16519890e+01 5.26082039e+01 5.49281578e+01 5.26412964e+01
    5.43582191e+01 5.48459091e+01 5.65387688e+01 5.61751671e+01
    5.33089600e+01 5.18675041e+01 5.36940041e+01 5.31402397e+01
    5.51177559e+01 5.56102142e+01 5.30851555e+01 5.35830841e+01
    5.66885300e+01 5.60252037e+01 5.52417946e+01 5.27537880e+01
    5.38880119e+01 5.41774750e+01 5.43452606e+01 5.33321762e+01
    5.53776245e+01 5.83741798e+01 5.46637917e+01 5.51059341e+01
    5.46686249e+01 5.71413574e+01 5.32518044e+01 5.28461723e+01
    4.87682457e+01 5.32117805e+01 5.46671371e+01 5.35225182e+01
    5.09898720e+01 5.54566383e+01 5.34725685e+01 5.32528572e+01
    5.08899422e+01 5.21213074e+01 5.41957092e+01 5.60405426e+01
    5.33675385e+01 5.39020119e+01 5.45076866e+01 5.67747040e+01
    5.49030533e+01 5.59705009e+01 5.65322952e+01 5.44243774e+01
    5.63962669e+01 5.82412605e+01 5.67087669e+01 5.41600685e+01
    5.55473900e+01 5.17319069e+01 5.50776329e+01 5.10246201e+01
    5.35640144e+01 5.55552826e+01 5.29249954e+01 5.24668655e+01
    5.37537613e+01 5.14352951e+01 4.99544830e+01 4.90595093e+01
    5.19774246e+01 5.34252548e+01 5.12026672e+01 5.21819000e+01
    5.44079361e+01 5.53229027e+01 5.39591713e+01 0. 4.92825165e+01
    4.84471169e+01 4.83291817e+01 4.90562515e+01 4.81538467e+01
    5.28684235e+01 5.22689781e+01 5.25123062e+01 5.08998413e+01
    5.43317757e+01 5.14131317e+01 5.47726669e+01 5.38050041e+01
    5.35872841e+01 5.06526413e+01 5.18037834e+01 5.36912079e+01
    5.28240166e+01 5.03166008e+01 5.30645370e+01 4.93769455e+01
    4.91313667e+01 4.98871918e+01 4.99147644e+01 5.06426659e+01
    5.23762283e+01 5.01668739e+01 4.71030731e+01 5.05818634e+01
    4.97037506e+01 4.83774796e+01 4.85679512e+01 4.86984787e+01
    5.21156082e+01 5.05578804e+01 5.05142746e+01 5.18609619e+01
    5.21961250e+01 5.22228470e+01 5.47212715e+01 5.22410240e+01
    5.14254074e+01 5.26887321e+01 5.33216438e+01 5.69164886e+01
    5.31799316e+01 5.40054855e+01 5.28820190e+01 5.17379608e+01
    5.16250229e+01 5.01803017e+01 4.96464348e+01 5.22490959e+01
    4.83250313e+01 4.89812584e+01 4.69619751e+01 4.89468956e+01
    4.82521439e+01 4.83350029e+01 4.47944489e+01 4.44561462e+01
    4.89444504e+01 4.94845848e+01 4.82534866e+01 5.06534767e+01
    4.98641014e+01 5.32052994e+01 5.11572952e+01 5.21250954e+01
    5.16408615e+01 5.37720642e+01 5.08948174e+01 5.43378334e+01
    5.22081604e+01 5.43015442e+01 5.50769310e+01 5.51532211e+01
    5.46975098e+01 5.73387566e+01 5.47492218e+01 5.65599022e+01
    5.47133446e+01 5.43439598e+01 5.37264175e+01 5.56373024e+01
    5.29485397e+01 5.21515236e+01 5.18517494e+01 5.36111832e+01
    5.11207237e+01 5.10484581e+01 5.21458359e+01 5.15035934e+01
    5.03742523e+01 5.13482628e+01 5.19313850e+01 5.32031898e+01
    5.31525803e+01 5.39230461e+01 5.24279823e+01 5.25642624e+01
    5.31456413e+01 5.41413383e+01 5.44660835e+01 5.58991623e+01
    5.47632294e+01 5.44936562e+01 5.64748688e+01 5.54654846e+01
    5.56330643e+01 5.57083893e+01 5.32105942e+01 5.21422501e+01
    5.24362183e+01 5.26050377e+01 5.27773705e+01 5.25403595e+01
    5.41610832e+01 5.42266808e+01 5.16845856e+01 5.21198273e+01
    5.17052383e+01 5.00552292e+01 5.01481895e+01 5.04739380e+01
    5.00352097e+01 5.28129272e+01 5.37934113e+01 5.26877174e+01
    5.20676651e+01 5.26336784e+01 5.14954681e+01 5.30718575e+01
    5.29140015e+01 4.95347137e+01 5.28877068e+01 5.07559891e+01
    5.18572006e+01 5.02554169e+01 4.92987633e+01 5.16366882e+01
    5.38060837e+01 4.93318176e+01 5.23008385e+01 5.03140335e+01
    4.94269257e+01 5.19485168e+01 5.21521034e+01 5.11405449e+01
    5.12716637e+01 5.16267853e+01 5.31843071e+01 5.38381310e+01
    5.11813927e+01 5.06807861e+01 5.14299393e+01 5.16414032e+01
    5.08844261e+01 4.98552170e+01 4.88371658e+01 4.98560028e+01
    5.12012596e+01 4.95135765e+01 5.00117302e+01 5.23787727e+01
    5.39067230e+01 5.27435265e+01 5.03355179e+01 5.21533432e+01
    5.46579742e+01 5.59894638e+01 5.50842209e+01 5.59218063e+01
    5.84974213e+01 5.58230171e+01 5.35648232e+01 5.69109688e+01
    5.58457870e+01 5.67879791e+01 5.50324631e+01 5.69807320e+01
    5.49980965e+01 5.61944656e+01 5.69193192e+01 5.41176682e+01
    5.23833961e+01 5.43172607e+01 5.46255875e+01 5.52311516e+01
    5.45660591e+01 5.65922241e+01 5.76235313e+01 5.51148224e+01
    5.14937668e+01 5.37600060e+01 5.09638405e+01 5.16495667e+01
    5.12075348e+01 5.26780243e+01 5.08134804e+01 5.45018578e+01
    5.59760513e+01 5.59961510e+01 5.27815361e+01 5.46451111e+01
    5.51596260e+01 5.63364105e+01 5.30553513e+01 5.76148148e+01
    5.64967422e+01 5.49512672e+01 5.34608917e+01 5.23794746e+01
    5.61061592e+01 5.62163582e+01 5.36272011e+01 5.52086182e+01
    5.65974350e+01 5.53235207e+01 5.90612411e+01 5.46439819e+01
    5.47228661e+01 5.73098221e+01 5.56377449e+01 5.53289452e+01
    5.31606026e+01 5.26682549e+01 5.77076721e+01 5.24380226e+01
    5.47583580e+01 5.11092529e+01 5.09110222e+01 4.93330498e+01
    5.12477722e+01 4.76503181e+01 5.09678078e+01 5.02318420e+01
    5.12545929e+01 5.09818993e+01 5.39528389e+01 5.51018906e+01 0.
    4.85510864e+01 5.18074074e+01 4.75984039e+01 4.98275108e+01
    5.29425278e+01 4.96446152e+01 5.27009583e+01 5.34875183e+01
    5.13041420e+01 5.49855461e+01 5.37169762e+01 5.66752892e+01
    5.39899254e+01 5.09231453e+01 5.12883034e+01 5.07754021e+01
    5.13299179e+01 4.95856895e+01 5.12005043e+01 5.14731255e+01
    5.10888062e+01 4.96553421e+01 5.01503563e+01 4.79526443e+01
    4.81625366e+01 4.95864372e+01 4.77758064e+01 4.64278755e+01
    4.88462257e+01 4.97076912e+01 5.07062378e+01 4.80513954e+01
    5.05187645e+01 4.93795166e+01 4.79079895e+01 4.93315773e+01
    5.19380455e+01 5.23731384e+01 5.07445526e+01 5.14759903e+01
    5.13257332e+01 5.30822067e+01 5.38150749e+01 5.36910362e+01
    5.55424538e+01 5.42614899e+01 5.36352348e+01 5.37242088e+01
    5.07770882e+01 5.07916603e+01 5.13971100e+01 5.07246780e+01
    4.86916428e+01 4.85668602e+01 5.05208740e+01 4.87049828e+01
    4.62535400e+01 4.75497475e+01 4.79390793e+01 4.99742928e+01
    4.81313553e+01 5.01579819e+01 5.21954155e+01 5.20857964e+01
    5.06639290e+01 4.89028473e+01 5.02232208e+01 5.45001450e+01
    5.07373199e+01 5.29868393e+01 5.37393684e+01 5.27655640e+01
    5.34338303e+01 5.24205627e+01 5.26080437e+01 5.64664230e+01
    5.25410309e+01 5.45738373e+01 5.40384216e+01 5.51286125e+01
    5.52247467e+01 5.38106384e+01 5.35546532e+01 5.53168907e+01
    5.51174393e+01 5.59127121e+01 5.48820763e+01 4.93334656e+01
    5.04588509e+01 5.20841980e+01 4.82365990e+01 5.10863914e+01
    4.89709206e+01 5.01004829e+01 5.08521729e+01 5.07561226e+01
    5.33642235e+01 5.38817787e+01 5.20187035e+01 5.42322083e+01
    5.06911125e+01 5.47616386e+01 5.52672386e+01 5.50020485e+01
    5.70158234e+01 5.46515427e+01 5.44687424e+01 5.60417023e+01
    5.47442513e+01 5.55761948e+01 5.22742081e+01 5.58693428e+01
    5.40175323e+01 5.34173622e+01 5.28554878e+01 5.40939636e+01
    5.29065742e+01 5.43463287e+01 5.09716797e+01 4.68407745e+01
    5.08292618e+01 5.27309608e+01 5.11208687e+01 5.02225647e+01
    5.39183884e+01 5.16580200e+01 5.21776543e+01 5.06823654e+01
    5.24005280e+01 5.21265450e+01 5.22667580e+01 5.46509819e+01
    5.32901993e+01 5.20535393e+01 5.52516365e+01 5.25094910e+01
    5.09206314e+01 5.05624008e+01 5.30542717e+01 5.06777153e+01
    5.17584114e+01 5.06702461e+01 5.26483803e+01 5.18975372e+01
    5.15429230e+01 5.09418716e+01 5.00502663e+01 5.22259636e+01
    5.51540222e+01 5.19942551e+01 5.16856346e+01 5.64388618e+01
    5.53039932e+01 5.50043030e+01 5.22838593e+01 5.21789131e+01
    5.06328850e+01 4.95255051e+01 5.14235344e+01 5.19159660e+01
    5.27249527e+01 5.41086578e+01 5.19539986e+01 4.79868927e+01
    5.31379623e+01 5.30276299e+01 5.27926178e+01 5.29640999e+01
    5.52709427e+01 5.61173401e+01 5.47316704e+01 5.58797989e+01
    5.71535187e+01 5.63326073e+01 5.50973625e+01 5.83471680e+01
    5.82740364e+01 5.40498085e+01 5.81868591e+01 5.62481766e+01
    5.54686813e+01 5.67017174e+01 5.59533539e+01 5.77187843e+01
    5.65211830e+01 5.34593811e+01 5.64434700e+01 5.78067589e+01
    5.70426712e+01 5.53588753e+01 5.60526352e+01 5.58394203e+01
    5.46151466e+01 5.23117180e+01 5.38804855e+01 5.46352921e+01
    5.43549919e+01 5.12455559e+01 5.58882103e+01 5.33338699e+01
    5.35938492e+01 5.49782066e+01 5.32827644e+01 5.40153008e+01
    5.18431931e+01 5.23674660e+01 5.31437149e+01 5.33623161e+01
    5.37858772e+01 5.40898628e+01 5.33122864e+01 5.45401917e+01
    5.22681122e+01 5.41688881e+01 5.35690346e+01 5.46088486e+01
    5.44376068e+01 5.64074440e+01 5.58280716e+01 6.01539497e+01
    5.49116402e+01 5.89557648e+01 5.88114967e+01 5.43332939e+01
    5.45625839e+01 5.31242142e+01 5.28685799e+01 5.60022621e+01
    5.32056389e+01 5.31759415e+01 5.24362946e+01 5.20642815e+01
    5.12315254e+01 5.18563004e+01 5.23336220e+01 5.31460381e+01
    5.01983032e+01 5.32662659e+01 5.32844887e+01 5.28325195e+01
    5.51000862e+01 0. 5.16992874e+01 5.24176140e+01 5.02197762e+01
    5.11413040e+01 5.18636131e+01 5.40194588e+01 5.31590309e+01
    5.32062149e+01 5.40679779e+01 5.49956665e+01 5.15258904e+01
    4.88059273e+01 5.36065025e+01 5.07640686e+01 5.10979958e+01
    5.09069252e+01 5.22523155e+01 5.25633125e+01 5.26107483e+01
    5.14311142e+01 5.09373131e+01 4.57036171e+01 4.62009621e+01
    4.84949722e+01 4.51829300e+01 4.64373016e+01 4.99533730e+01
    4.75910187e+01 4.81753082e+01 4.79918861e+01 5.05416183e+01
    4.85777283e+01 4.72918091e+01 4.96692009e+01 4.98282738e+01
    4.96511574e+01 5.41157837e+01 5.12342377e+01 5.31038666e+01
    5.11612587e+01 4.96028175e+01 5.25352364e+01 5.19225616e+01
    5.40723000e+01 5.53787041e+01 5.24630013e+01 5.28668098e+01
    5.43927002e+01 5.43551445e+01 5.36673012e+01 5.27487411e+01
    5.10358391e+01 5.29854393e+01 4.73415985e+01 4.76136017e+01
    4.84700317e+01 5.11522942e+01 4.87141342e+01 5.03614731e+01
    4.77248116e+01 4.85613480e+01 5.02647743e+01 5.20659599e+01
    5.04256172e+01 5.44361916e+01 5.22573204e+01 5.23533440e+01
    5.45558815e+01 5.28391304e+01 5.52787209e+01 5.61445618e+01
    5.28125992e+01 5.48892670e+01 5.46929665e+01 5.36331902e+01
    5.69249458e+01 5.35247116e+01 5.49451637e+01 5.67000961e+01
    5.70052261e+01 5.51750603e+01 5.62979622e+01 5.54447861e+01
    5.62400093e+01 5.44525642e+01 5.39016113e+01 5.55420380e+01
    5.09823761e+01 5.12744827e+01 5.09206924e+01 4.83114395e+01
    4.97463913e+01 5.02639275e+01 4.94301147e+01 5.09374886e+01
    4.97874069e+01 5.21454582e+01 5.26963196e+01 5.40656395e+01
    5.12628021e+01 5.41741447e+01 5.50130692e+01 5.59526443e+01
    5.45545158e+01 5.82203445e+01 5.58565559e+01 5.57177505e+01
    5.40654144e+01 5.56272087e+01 5.47518806e+01 5.36121826e+01
    5.09159813e+01 5.12116394e+01 5.11934090e+01 5.29051094e+01
    5.32042427e+01 5.20062485e+01 5.22564087e+01 5.26099396e+01
    5.03787994e+01 5.18446045e+01 5.17819214e+01 5.04361610e+01
    4.91508942e+01 5.06829872e+01 5.43918419e+01 5.00105820e+01
    5.41659660e+01 5.30828171e+01 5.50914001e+01 5.16194000e+01
    5.17121582e+01 5.24476700e+01 5.26783104e+01 5.03475037e+01
    5.32231712e+01 4.78559608e+01 5.29943581e+01 5.03654556e+01
    5.16887283e+01 5.10116959e+01 5.19239006e+01 5.00486984e+01
    5.24473839e+01 5.12121086e+01 5.29544258e+01 5.06836205e+01
    5.13887367e+01 5.42071419e+01 5.29854507e+01 5.35631142e+01
    5.54859238e+01 5.46002388e+01 5.16916542e+01 5.31964951e+01
    4.98638496e+01 4.99852257e+01 5.10949440e+01 5.05283432e+01
    5.09902000e+01 5.44795456e+01 5.14556389e+01 5.19131966e+01
    5.30364609e+01 5.14575043e+01 5.45982552e+01 5.39078827e+01
    5.40386429e+01 5.35631943e+01 5.67625961e+01 5.78372688e+01
    5.55045242e+01 5.69848900e+01 5.89155464e+01 5.61992645e+01
    5.81202164e+01 5.80733604e+01 5.53152428e+01 5.52496719e+01
    5.77570114e+01 5.56295280e+01 5.71508751e+01 5.77607193e+01
    5.49016838e+01 5.80075417e+01 5.31150818e+01 5.47684479e+01
    5.52459297e+01 5.53292389e+01 5.45402451e+01 5.53922195e+01
    5.58139572e+01 5.53389397e+01 5.44043236e+01 5.55113831e+01
    5.35406837e+01 5.40997772e+01 5.65524406e+01 5.13146248e+01
    5.42194595e+01 5.53124657e+01 5.58745003e+01 5.50987549e+01
    5.54595757e+01 5.18302345e+01 5.43961945e+01 5.35063362e+01
    5.46091232e+01 5.38083229e+01 5.77907829e+01 5.42348022e+01
    5.65601921e+01 5.10433121e+01 5.57386627e+01 5.80491638e+01
    5.43671303e+01 5.45681076e+01 5.55038376e+01 5.75936661e+01
    5.99865265e+01 5.72476540e+01 5.52640915e+01 5.49295311e+01
    5.47322311e+01 5.32698021e+01 5.31959152e+01 5.25589752e+01
    5.47768135e+01 5.42627335e+01 5.28897133e+01 5.36930084e+01
    5.18803406e+01 5.10698586e+01 4.83733978e+01 4.87724113e+01
    4.72867393e+01 4.89906883e+01 5.13666229e+01 5.38661880e+01
    5.31249771e+01 5.38861732e+01 0. 5.11524467e+01 4.97383347e+01
    4.92543488e+01 5.03698502e+01 5.43285904e+01 5.15108757e+01
    5.33494263e+01 5.44463882e+01 5.13313942e+01 5.39453316e+01
    5.32668839e+01 5.26121674e+01 5.26458626e+01 5.46005478e+01
    5.09390678e+01 5.14064560e+01 5.15059891e+01 5.09458618e+01
    4.99694633e+01 5.00841293e+01 4.91495705e+01 5.01761894e+01
    4.78052139e+01 4.91063538e+01 5.11758385e+01 4.89169159e+01
    4.66194954e+01 4.89982719e+01 4.63786049e+01 4.74918137e+01
    4.84961319e+01 4.82376289e+01 4.76721420e+01 4.77802391e+01
    4.85597763e+01 4.92651901e+01 5.07798386e+01 4.96641159e+01
    5.18230782e+01 5.26900520e+01 4.86802711e+01 5.02086868e+01
    5.36722755e+01 5.29562340e+01 5.56448669e+01 5.27405968e+01
    5.34543190e+01 5.40884819e+01 5.46950111e+01 5.29605217e+01
    5.33809814e+01 5.00314865e+01 4.97252731e+01 4.93562737e+01
    4.84733162e+01 4.73740005e+01 4.92952042e+01 4.82103081e+01
    4.85214653e+01 4.98475914e+01 4.84493561e+01 4.87861366e+01
    5.05657692e+01 4.97783432e+01 5.09025879e+01 5.32667809e+01
    5.18273735e+01 5.18235474e+01 5.51669083e+01 5.30179443e+01
    5.34840088e+01 5.58643646e+01 5.66093826e+01 5.59906197e+01
    5.68441887e+01 5.65557289e+01 5.70134392e+01 5.79096146e+01
    5.59754753e+01 5.67350426e+01 5.69612617e+01 5.48326569e+01
    5.47868233e+01 5.52825089e+01 5.60647659e+01 5.82410011e+01
    5.56744537e+01 5.28690147e+01 5.11389923e+01 5.04698296e+01
    5.15929565e+01 4.92151337e+01 5.05968628e+01 5.42125969e+01
    5.15211334e+01 5.15732613e+01 5.42778053e+01 5.28402481e+01
    5.40387573e+01 5.43726883e+01 5.09353676e+01 5.28293381e+01
    5.25312424e+01 5.61103020e+01 5.75918388e+01 5.63880577e+01
    5.54013062e+01 5.77766266e+01 5.23774834e+01 5.52795982e+01
    5.39224777e+01 5.14326630e+01 5.17474937e+01 5.30583344e+01
    5.27360573e+01 5.52382126e+01 5.21389351e+01 5.30317154e+01
    5.05600777e+01 4.91816978e+01 4.97306633e+01 5.07102394e+01
    5.10317612e+01 5.36782761e+01 5.04984512e+01 5.34276085e+01
    5.21877708e+01 5.19817734e+01 5.13077087e+01 5.35826988e+01
    5.07326584e+01 5.16232224e+01 5.27227516e+01 5.15333061e+01
    5.22834625e+01 5.08054314e+01 5.09279289e+01 5.12979164e+01
    5.19282150e+01 5.02863197e+01 5.33456612e+01 5.32974052e+01
    5.24506111e+01 5.04952545e+01 4.99830399e+01 5.27137260e+01
    5.25387192e+01 5.12301445e+01 5.49480095e+01 5.44120216e+01
    5.10192490e+01 5.66344719e+01 5.37147980e+01 5.27220612e+01
    5.43664703e+01 5.50101089e+01 5.34271545e+01 5.16055565e+01
    4.97946930e+01 5.22345924e+01 4.95581551e+01 5.15508957e+01
    5.08729401e+01 5.30824127e+01 5.36691132e+01 5.51041031e+01
    5.46875191e+01 5.38687134e+01 5.48322258e+01 5.86908875e+01
    5.66349068e+01 5.72113037e+01 5.46595192e+01 5.99532051e+01
    5.79457359e+01 5.85971146e+01 5.71049194e+01 5.66370010e+01
    5.79814911e+01 5.84357338e+01 5.59766998e+01 5.50561333e+01
    5.59944267e+01 5.63994293e+01 5.67734756e+01 5.27194023e+01
    5.51116257e+01 5.77041435e+01 5.60189514e+01 5.48371468e+01
    5.77596741e+01 5.42288780e+01 5.56677361e+01 5.29633217e+01
    5.21665993e+01 5.42641182e+01 5.45431480e+01 5.53624725e+01
    5.37174797e+01 5.23045845e+01 5.55032234e+01 5.73262749e+01
    5.56204453e+01 5.41298714e+01 5.14437065e+01 5.49010277e+01
    5.76270714e+01 5.37172775e+01 5.66459770e+01 5.53397598e+01
    5.71008720e+01 5.71583290e+01 5.39035187e+01 5.32838249e+01
    5.67084389e+01 5.54743309e+01 5.48669014e+01 5.21075668e+01
    5.61057892e+01 5.75845451e+01 5.90843925e+01 5.51389236e+01
    5.75357056e+01 5.48921013e+01 5.35047493e+01 5.30933723e+01
    5.24193611e+01 5.54431458e+01 5.17937927e+01 5.11431694e+01
    4.93593445e+01 5.01888580e+01 5.03045921e+01 4.98168907e+01
    4.61395378e+01 5.03548164e+01 5.15647316e+01 5.06966400e+01
    5.20312881e+01 5.27881889e+01 5.29491158e+01 0. 5.12494278e+01
    5.16782455e+01 5.10226631e+01 5.10209541e+01 5.35576859e+01
    5.27551384e+01 5.31190491e+01 5.57550697e+01 4.98224525e+01
    5.37168541e+01 5.19099426e+01 5.12698631e+01 5.24083786e+01
    4.87179184e+01 4.89680367e+01 5.03085632e+01 5.03638573e+01
    5.25058746e+01 5.29364624e+01 5.41571465e+01 5.15209846e+01
    5.15995750e+01 4.99556999e+01 4.93733749e+01 4.88182068e+01
    4.86612663e+01 4.84875603e+01 4.80261612e+01 4.93835106e+01
    4.83447952e+01 5.02362671e+01 5.07902145e+01 4.98747864e+01
    5.04854546e+01 4.76589775e+01 5.36950912e+01 5.32420273e+01
    5.32039490e+01 5.20550766e+01 5.42764091e+01 5.46048431e+01
    5.44124908e+01 5.38648453e+01 5.30622559e+01 5.69756927e+01
    5.35442085e+01 5.40849953e+01 5.36639252e+01 5.21574936e+01
    5.26476974e+01 5.42523842e+01 5.23843994e+01 4.99377518e+01
    4.70318031e+01 4.99627113e+01 4.95712433e+01 4.92790146e+01
    5.14574356e+01 5.04452820e+01 4.93878632e+01 4.88569336e+01
    4.93101807e+01 5.38480644e+01 5.08812256e+01 5.11225586e+01
    5.12508888e+01 5.41955948e+01 5.73506775e+01 5.34269371e+01
    5.50064163e+01 5.43542976e+01 5.45602112e+01 5.86743393e+01
    5.59288254e+01 5.63183250e+01 5.69998322e+01 5.53153191e+01
    5.37863045e+01 5.76523285e+01 5.47918510e+01 5.73971062e+01
    5.49350662e+01 5.64686432e+01 5.61350479e+01 5.52592278e+01
    5.50983696e+01 5.45466385e+01 5.14886284e+01 5.08161659e+01
    5.01333542e+01 5.06185570e+01 5.11571007e+01 5.06631355e+01
    5.18879585e+01 5.16386452e+01 5.27654648e+01 5.41745186e+01
    5.39812584e+01 5.15908165e+01 5.11684799e+01 5.30627632e+01
    5.41235085e+01 5.42663841e+01 5.36480408e+01 5.78655434e+01
    5.81888313e+01 5.17408295e+01 5.23488007e+01 5.55235596e+01
    5.36389732e+01 5.40583000e+01 5.14722748e+01 5.24793320e+01
    5.25987320e+01 5.10898857e+01 5.45938988e+01 5.22043839e+01
    5.07913971e+01 5.18192291e+01 5.14580193e+01 5.12597389e+01
    5.29280930e+01 5.11084976e+01 5.12223701e+01 5.12658768e+01
    4.91811333e+01 5.18925018e+01 5.06236877e+01 5.03038330e+01
    5.35420265e+01 5.04183235e+01 5.09426727e+01 5.20624084e+01
    5.22678947e+01 5.26263084e+01 5.02427177e+01 4.87879601e+01
    4.94223938e+01 5.09296455e+01 4.96992493e+01 4.93477631e+01
    5.22370300e+01 4.86045380e+01 4.89828987e+01 4.70288811e+01
    4.73365173e+01 4.97439651e+01 5.11723938e+01 5.16656342e+01
    5.30796471e+01 5.13991966e+01 5.12232475e+01 5.28682594e+01
    4.96751518e+01 5.27202148e+01 5.33921852e+01 5.27604599e+01
    5.13979912e+01 5.03884125e+01 5.21326828e+01 5.23226891e+01
    5.27863693e+01 5.12859344e+01 5.38095703e+01 5.54443321e+01
    5.43161964e+01 5.39726334e+01 5.61942253e+01 5.37723770e+01
    5.67936516e+01 5.60249748e+01 5.52221794e+01 5.63372154e+01
    5.74339981e+01 5.77244873e+01 5.71939545e+01 5.89085999e+01
    5.60189705e+01 5.78539505e+01 5.83966446e+01 5.48498573e+01
    5.67142677e+01 5.59773293e+01 5.60423851e+01 5.53469505e+01
    5.46279526e+01 5.36308212e+01 5.60647850e+01 5.69587898e+01
    5.74493370e+01 5.62302322e+01 5.61777039e+01 5.49583359e+01
    5.70785637e+01 5.31769485e+01 5.41339569e+01 5.49611130e+01
    5.34662666e+01 5.55484543e+01 5.36356621e+01 5.53752327e+01
    5.80836143e+01 5.52830849e+01 5.64064560e+01 5.38020630e+01
    5.38058891e+01 5.59434052e+01 5.44616623e+01 5.60166092e+01
    5.92154007e+01 5.94601822e+01 5.86804466e+01 5.32554779e+01
    5.61313858e+01 5.59801559e+01 5.70829849e+01 5.45768318e+01
    5.70072327e+01 5.65405006e+01 6.04979897e+01 5.64297295e+01
    5.61034393e+01 5.66180458e+01 5.72302399e+01 5.14076042e+01
    5.45977859e+01 5.11377068e+01 5.47594833e+01 5.30288048e+01
    5.12869987e+01 4.89989243e+01 4.96230011e+01 5.01441154e+01
    4.99414101e+01 4.94294930e+01 5.20045967e+01 4.94644814e+01
    5.05958061e+01 5.19774895e+01 5.09204788e+01 5.21348381e+01 0.
    5.08560219e+01 5.12549782e+01 5.16985741e+01 5.19128380e+01
    5.31443672e+01 5.03827858e+01 5.21673203e+01 5.55552063e+01
    5.10151634e+01 5.18748207e+01 5.38436623e+01 5.12337303e+01
    5.15556984e+01 5.08356171e+01 5.07842407e+01 5.08030434e+01
    4.88047600e+01 5.14855118e+01 5.06183548e+01 5.11392975e+01
    4.92474747e+01 4.84658546e+01 4.62977753e+01 4.94205170e+01
    4.82262154e+01 5.23706932e+01 4.85108871e+01 4.96877708e+01
    4.97564583e+01 4.63341675e+01 5.19668503e+01 4.99450035e+01
    4.95053101e+01 4.83732986e+01 5.14929810e+01 4.83244553e+01
    5.33704987e+01 5.19380875e+01 5.30984650e+01 5.40849190e+01
    5.42251244e+01 5.42028465e+01 5.45019341e+01 5.44366722e+01
    5.42643661e+01 5.31988297e+01 5.40018806e+01 5.31074295e+01
    5.48976364e+01 5.37647820e+01 5.26540413e+01 5.18618126e+01
    5.51604004e+01 5.23933220e+01 5.09263420e+01 5.17034645e+01
    5.22180939e+01 4.85160370e+01 4.83299637e+01 4.92727394e+01
    4.83684959e+01 5.13496132e+01 5.30711174e+01 5.21736031e+01
    5.33377419e+01 5.50245972e+01 5.35998764e+01 5.29217567e+01
    5.49685364e+01 5.41611328e+01 5.47501755e+01 5.54452286e+01
    5.73155136e+01 5.77055359e+01 5.58997498e+01 5.73177834e+01
    5.44793053e+01 5.47303505e+01 5.54946823e+01 5.50830078e+01
    5.33391800e+01 5.38763542e+01 5.14396667e+01 5.31310959e+01
    5.33295174e+01 5.61079292e+01 5.24338074e+01 5.31951370e+01
    5.09798546e+01 5.11305313e+01 4.84060211e+01 5.14312553e+01
    4.89138451e+01 5.14377060e+01 4.98966637e+01 5.04812202e+01
    5.21544418e+01 5.11730690e+01 5.15581818e+01 5.17519455e+01
    5.09368210e+01 5.38373260e+01 5.34198074e+01 5.38407631e+01
    5.70670090e+01 5.40552292e+01 5.71552582e+01 5.76446266e+01
    5.54545593e+01 5.33627777e+01 5.29641838e+01 5.14672699e+01
    5.35500679e+01 5.25195808e+01 5.20720940e+01 5.19894714e+01
    5.42929382e+01 5.37382011e+01 5.25205612e+01 5.03067894e+01
    4.93888016e+01 5.23869743e+01 5.18103752e+01 5.17326622e+01
    5.08121414e+01 5.24899635e+01 5.26569176e+01 5.09582748e+01
    5.10668221e+01 5.04584808e+01 5.08132019e+01 5.16331596e+01
    5.12179565e+01 5.04808502e+01 4.97725067e+01 5.26423683e+01
    4.99283524e+01 5.36474571e+01 4.92622223e+01 5.00510597e+01
    5.28810654e+01 5.16716652e+01 5.09112816e+01 5.47363625e+01
    4.99971161e+01 5.31501160e+01 4.84472198e+01 5.24608536e+01
    5.36241951e+01 5.19194069e+01 5.06177368e+01 5.24598579e+01
    5.29618225e+01 5.28066483e+01 5.26707458e+01 5.32379875e+01
    5.21017189e+01 5.02943192e+01 4.98422470e+01 5.25781517e+01
    5.04214211e+01 5.16816521e+01 5.25478630e+01 5.36347656e+01
    5.41039619e+01 5.47748299e+01 5.30160065e+01 5.73754959e+01
    5.55440941e+01 5.68000336e+01 5.79396858e+01 5.90408287e+01
    5.61970711e+01 5.72726440e+01 5.70810928e+01 5.58162155e+01
    5.66983261e+01 5.85354004e+01 5.57413139e+01 5.64414787e+01
    5.52398796e+01 5.62796516e+01 5.42942314e+01 5.59910355e+01
    5.57893295e+01 5.38308372e+01 5.38577728e+01 5.75418434e+01
    5.54807091e+01 5.57701607e+01 5.79628258e+01 5.35560226e+01
    5.64821548e+01 5.35124512e+01 5.13487854e+01 5.63293686e+01
    5.41290779e+01 5.42319870e+01 5.56406479e+01 5.56335564e+01
    5.68499718e+01 5.76943703e+01 5.64113579e+01 5.46763573e+01
    5.75326843e+01 5.47707253e+01 5.48576813e+01 5.85884132e+01
    5.55396538e+01 5.70299835e+01 5.75259323e+01 5.68179855e+01
    5.68718376e+01 5.60379944e+01 5.68056221e+01 5.51380081e+01
    5.74087830e+01 5.46565399e+01 5.59817772e+01 6.14706039e+01
    5.89457092e+01 5.72505531e+01 5.65654449e+01 5.47840652e+01
    5.33426933e+01 5.16758919e+01 5.19503059e+01 5.22869301e+01
    5.16590385e+01 5.08625526e+01 5.15332718e+01 5.03869324e+01
    5.06629486e+01 5.12271271e+01 4.87174301e+01 4.72833710e+01
    4.90350418e+01 4.66557846e+01 4.91738129e+01 4.97652740e+01
    5.11947784e+01 0. 5.09122734e+01 5.16220322e+01 5.10530434e+01
    5.02051086e+01 5.38351784e+01 5.17634277e+01 5.04612160e+01
    5.43166771e+01 5.28986244e+01 5.18117065e+01 5.11884651e+01
    5.37711906e+01 5.34746399e+01 5.05577469e+01 4.95557709e+01
    4.90841637e+01 4.84935646e+01 5.13651505e+01 5.07527199e+01
    5.00543747e+01 5.23709373e+01 5.25549278e+01 4.87195358e+01
    4.76458092e+01 4.98847198e+01 5.11282768e+01 4.86803932e+01
    4.61950340e+01 4.81963921e+01 4.85275536e+01 5.12723732e+01
    4.90433998e+01 4.82534065e+01 5.06673470e+01 4.91836319e+01
    4.94741974e+01 5.04251976e+01 5.17523537e+01 5.29634399e+01
    5.11980133e+01 5.16931458e+01 5.43371544e+01 5.45006371e+01
    5.51307449e+01 5.61077461e+01 5.48837547e+01 5.31412735e+01
    5.38605804e+01 5.27050781e+01 5.61561584e+01 5.62899170e+01
    5.23920593e+01 4.98960228e+01 5.41333771e+01 5.22642250e+01
    5.00646172e+01 4.81463966e+01 5.00263023e+01 5.10542450e+01
    5.04818840e+01 5.04881439e+01 5.29972267e+01 5.37583351e+01
    5.24031372e+01 5.31850891e+01 5.14176064e+01 5.53988342e+01
    5.43877831e+01 5.48893547e+01 5.45118713e+01 5.79512596e+01
    5.30110550e+01 5.52066002e+01 5.43535576e+01 5.50447159e+01
    5.59424629e+01 5.47552109e+01 5.40577545e+01 5.35171547e+01
    5.32799911e+01 5.39545097e+01 5.23307915e+01 5.34882278e+01
    5.33320732e+01 5.28151894e+01 5.31852226e+01 5.18022041e+01
    5.11076164e+01 5.12063446e+01 4.92542763e+01 4.92764015e+01
    4.81036110e+01 5.02436371e+01 4.99068108e+01 5.12923508e+01
    5.04248352e+01 5.56565132e+01 5.20002060e+01 5.30241470e+01
    5.16405449e+01 5.04347839e+01 5.09637756e+01 5.44929085e+01
    5.09835548e+01 5.50999832e+01 5.50934067e+01 5.45971985e+01
    5.40200768e+01 5.27686272e+01 5.29910583e+01 5.29787979e+01
    5.10174942e+01 5.28909988e+01 5.21099091e+01 5.36241760e+01
    5.43628464e+01 5.23295441e+01 5.11157990e+01 5.16216164e+01
    4.88162308e+01 4.97355385e+01 5.13605270e+01 5.08842964e+01
    5.37281380e+01 5.08407478e+01 5.29760971e+01 5.10231628e+01
    5.39741325e+01 5.17164879e+01 5.19961433e+01 5.17729416e+01
    5.28962517e+01 5.38126411e+01 5.37644653e+01 5.20012131e+01
    5.52074394e+01 5.29496994e+01 5.32487717e+01 5.03982544e+01
    5.15577812e+01 5.23029480e+01 4.98395195e+01 5.29296799e+01
    5.17021713e+01 5.30578346e+01 5.20348930e+01 5.07274551e+01
    4.94933662e+01 5.42447510e+01 5.36381836e+01 5.07232170e+01
    5.43185120e+01 5.32770844e+01 5.58950729e+01 5.19475784e+01
    5.17122192e+01 5.21730652e+01 5.41192474e+01 5.11602364e+01
    5.40734978e+01 5.37723274e+01 5.38258133e+01 5.43043137e+01
    5.35684395e+01 5.48501625e+01 5.47414513e+01 5.52422867e+01
    5.44570084e+01 5.86283913e+01 5.59463577e+01 5.53463211e+01
    5.50272331e+01 5.67634048e+01 5.81837959e+01 5.59587708e+01
    5.67539406e+01 5.53073845e+01 5.90075951e+01 5.71839027e+01
    5.64739075e+01 5.70964508e+01 5.71450272e+01 5.56785583e+01
    5.61037712e+01 5.40260811e+01 5.37372589e+01 5.41628151e+01
    5.42993774e+01 5.61117973e+01 5.63173370e+01 5.57024307e+01
    5.21759491e+01 5.52935677e+01 5.41709824e+01 5.14855843e+01
    5.30032463e+01 5.56170807e+01 5.51792412e+01 5.49710350e+01
    5.44012070e+01 5.82368965e+01 5.54899483e+01 5.61546974e+01
    5.63914261e+01 5.47469559e+01 5.41804352e+01 5.57859802e+01
    5.60302544e+01 5.86072464e+01 5.57722282e+01 5.74165993e+01
    5.52682190e+01 5.47520943e+01 5.66795540e+01 5.46936150e+01
    5.38777580e+01 5.70059013e+01 5.57716980e+01 5.54373169e+01
    5.76553421e+01 5.80709419e+01 5.76775322e+01 5.58329277e+01
    5.36832275e+01 5.24372940e+01 5.17316895e+01 5.10825958e+01
    5.06314392e+01 4.99287109e+01 4.95697021e+01 4.88578873e+01
    4.94833183e+01 4.97215538e+01 4.82906265e+01 4.76999207e+01
    4.89513016e+01 4.89728546e+01 5.05526695e+01 5.24522858e+01
    5.32503891e+01 5.12435074e+01 0. 5.26533775e+01 4.99298515e+01
    5.00925255e+01 5.19784164e+01 5.42016487e+01 5.27458534e+01
    5.16609688e+01 5.56594086e+01 5.38170242e+01 5.42841759e+01
    5.14323044e+01 5.38138847e+01 5.33869286e+01 5.01578217e+01
    4.85837669e+01 4.84826469e+01 4.95859566e+01 5.33795700e+01
    5.30720825e+01 5.19554520e+01 5.19916229e+01 5.11039963e+01
    4.95094185e+01 4.75273857e+01 4.93654709e+01 5.01440735e+01
    5.03225174e+01 5.03121834e+01 4.97226639e+01 4.79822922e+01
    5.17852058e+01 4.94230156e+01 4.77102776e+01 4.91602097e+01
    5.00625305e+01 5.03877602e+01 5.03409538e+01 5.18748207e+01
    5.15045700e+01 5.28938904e+01 5.21661720e+01 5.13847847e+01
    5.66161194e+01 5.39990273e+01 5.67013512e+01 5.41301804e+01
    5.42568779e+01 5.44293022e+01 5.51333389e+01 5.31911926e+01
    5.53533440e+01 5.25171814e+01 5.39429932e+01 5.17377243e+01
    5.28925018e+01 5.25082130e+01 5.05849037e+01 4.96022568e+01
    5.10046577e+01 4.95986519e+01 5.12279930e+01 5.04689713e+01
    5.34849510e+01 5.24567947e+01 5.07777596e+01 5.29172592e+01
    5.32889252e+01 5.37352905e+01 5.07713547e+01 5.29996033e+01
    5.31057434e+01 5.47158470e+01 5.46347122e+01 5.66759872e+01
    5.40289955e+01 5.65000305e+01 5.54193420e+01 5.35146484e+01
    5.58515587e+01 5.41829071e+01 5.37538719e+01 5.21877670e+01
    5.08671112e+01 5.18584175e+01 5.24763794e+01 5.52303047e+01
    5.28697777e+01 5.08636093e+01 5.25752983e+01 4.78300133e+01
    4.84555130e+01 5.11989479e+01 4.78862724e+01 5.21207008e+01
    5.29065781e+01 5.10412636e+01 5.31958313e+01 5.23908157e+01
    5.39187737e+01 5.33760643e+01 5.01070557e+01 5.29031792e+01
    5.54485092e+01 5.10390472e+01 5.53698616e+01 5.61455078e+01
    5.53210487e+01 5.50680771e+01 5.16079292e+01 5.49737740e+01
    5.45083351e+01 5.23161354e+01 5.50454407e+01 5.30995407e+01
    5.47233810e+01 5.54720802e+01 5.17620544e+01 5.28722763e+01
    5.19731064e+01 5.07161102e+01 5.12331085e+01 5.14588966e+01
    4.93259888e+01 5.05089645e+01 5.35312195e+01 5.19513092e+01
    5.40372734e+01 5.05200462e+01 5.06967239e+01 5.19020233e+01
    5.48339233e+01 5.26179924e+01 5.50989799e+01 5.25018959e+01
    5.38883362e+01 5.18587799e+01 5.35200043e+01 5.29803391e+01
    5.40742302e+01 5.18801498e+01 5.50246658e+01 5.29845772e+01
    5.18337555e+01 5.21585960e+01 5.22029190e+01 4.94332542e+01
    4.92262802e+01 5.09917259e+01 5.10843964e+01 5.34650192e+01
    5.28971100e+01 5.21067924e+01 5.32565041e+01 5.30918503e+01
    5.18208389e+01 4.99429436e+01 5.26009865e+01 5.32135315e+01
    5.08213348e+01 5.05723038e+01 5.29866028e+01 5.32801323e+01
    5.19944687e+01 5.07137871e+01 5.13566284e+01 5.51189651e+01
    5.38555641e+01 5.53262024e+01 5.36119041e+01 5.50511818e+01
    5.72488747e+01 5.57148285e+01 5.46156502e+01 5.48073006e+01
    5.93960495e+01 5.81874008e+01 5.67593422e+01 5.83910294e+01
    5.49465256e+01 5.73367119e+01 5.67344322e+01 5.56721611e+01
    5.64001427e+01 5.49410553e+01 5.70373764e+01 5.72619057e+01
    5.57555542e+01 5.64502335e+01 5.78072319e+01 5.79799118e+01
    5.71650963e+01 5.56775856e+01 5.51532974e+01 5.61360931e+01
    5.48382149e+01 5.57554321e+01 5.64238625e+01 5.62459030e+01
    5.75455055e+01 5.27791481e+01 5.53309441e+01 5.87637100e+01
    5.55584068e+01 5.43296700e+01 5.49619980e+01 5.42715912e+01
    5.61006508e+01 5.69583473e+01 5.59054718e+01 5.71417351e+01
    5.57499161e+01 5.73658142e+01 5.12748184e+01 5.93359642e+01
    5.78349419e+01 5.54680176e+01 5.41261978e+01 5.57312546e+01
    5.48702812e+01 5.75262756e+01 5.28265381e+01 5.49117661e+01
    5.33333473e+01 4.99599380e+01 5.33048477e+01 5.07891502e+01
    5.00816040e+01 5.27223663e+01 5.09411507e+01 5.36350250e+01
    5.02153511e+01 4.89819374e+01 4.81113739e+01 5.15418015e+01
    4.55426903e+01 4.86373978e+01 4.95348549e+01 5.08771400e+01
    5.14606094e+01 5.07118301e+01 5.58032875e+01 0. 5.24090042e+01
    5.08830147e+01 5.06411934e+01 5.09471588e+01 5.31738052e+01
    5.38727608e+01 5.23754539e+01 5.43024254e+01 5.46387215e+01
    5.19607353e+01 5.21014671e+01 5.50119171e+01 5.60082207e+01
    5.26615791e+01 5.18022003e+01 5.16130943e+01 5.33204346e+01
    5.18764229e+01 5.31915894e+01 5.29538841e+01 5.05741615e+01
    5.08855515e+01 5.01163483e+01 5.13756676e+01 5.01369400e+01
    5.20963745e+01 5.11217842e+01 5.16886673e+01 4.90093880e+01
    4.83845978e+01 5.11325569e+01 5.03023338e+01 5.07208328e+01
    4.61228867e+01 4.95740967e+01 5.03110199e+01 5.04927025e+01
    4.86577988e+01 5.12635612e+01 5.01119537e+01 5.11398811e+01
    5.29453697e+01 5.34952240e+01 5.49155731e+01 5.53471947e+01
    5.38316727e+01 5.63941498e+01 5.12028999e+01 5.30772705e+01
    5.35829163e+01 5.46637001e+01 5.28148956e+01 5.23021545e+01
    5.01760750e+01 5.29570084e+01 5.10766792e+01 5.08388634e+01
    5.19847107e+01 4.98569679e+01 4.96069908e+01 5.13820190e+01
    4.80087814e+01 4.88435211e+01 5.23610229e+01 5.13244514e+01
    4.95927200e+01 5.21115608e+01 5.37342377e+01 5.31809654e+01
    5.45442123e+01 5.37895088e+01 5.18758049e+01 5.36104202e+01
    5.40384598e+01 5.36259537e+01 5.43616295e+01 5.57884140e+01
    5.47999496e+01 5.51315079e+01 5.12201462e+01 5.20414505e+01
    5.10109024e+01 5.03633995e+01 5.18291435e+01 5.40829353e+01
    5.29715652e+01 5.39803047e+01 4.99225159e+01 4.96810646e+01
    5.03513565e+01 4.83966103e+01 5.06327171e+01 4.95228119e+01
    5.12941170e+01 5.20910454e+01 5.25542755e+01 5.42957382e+01
    5.13689308e+01 5.08599243e+01 5.52898788e+01 4.91140022e+01
    4.98125381e+01 5.17985802e+01 5.48617821e+01 5.39808807e+01
    5.59381104e+01 5.74218292e+01 5.67744980e+01 5.36403275e+01
    5.32211418e+01 5.64824104e+01 5.43913307e+01 5.45502396e+01
    5.42432556e+01 5.60294456e+01 5.50254784e+01 5.31172943e+01
    5.14970818e+01 5.12726898e+01 5.03742485e+01 5.03255157e+01
    5.32314987e+01 4.72998199e+01 5.11780815e+01 5.21241531e+01
    5.09557724e+01 5.14514847e+01 5.33214417e+01 4.87814903e+01
    5.41878204e+01 5.20688133e+01 5.21646461e+01 5.09585838e+01
    5.40810852e+01 5.13698692e+01 5.32341385e+01 5.23727722e+01
    5.37666283e+01 5.16894112e+01 5.19599495e+01 5.12174835e+01
    5.50042000e+01 5.16912193e+01 5.11722374e+01 5.04921074e+01
    5.12716331e+01 5.08227310e+01 5.04448853e+01 5.18918533e+01
    4.88287506e+01 4.97803688e+01 4.78262444e+01 5.14775162e+01
    5.01988411e+01 5.04411926e+01 5.16824036e+01 5.04636574e+01
    5.09782181e+01 5.04543381e+01 4.94559479e+01 5.03930779e+01
    5.24057045e+01 5.32429581e+01 5.17883263e+01 5.24153175e+01
    5.32405624e+01 5.43765297e+01 5.48761139e+01 5.46195831e+01
    5.42828140e+01 5.29595566e+01 5.61499596e+01 5.44880676e+01
    5.13875198e+01 5.60293884e+01 5.40014381e+01 5.25531197e+01
    5.27762375e+01 5.37364616e+01 5.31791077e+01 5.57154541e+01
    5.44059486e+01 5.45583115e+01 5.70793610e+01 5.54392014e+01
    5.30150452e+01 5.51245193e+01 5.63620110e+01 5.85733185e+01
    5.49081993e+01 5.89902992e+01 5.53952637e+01 5.62218895e+01
    5.51260643e+01 5.33819885e+01 5.35677757e+01 5.81080475e+01
    5.53228531e+01 5.47057610e+01 5.51615372e+01 5.63274269e+01
    5.62644463e+01 5.59999123e+01 5.43423882e+01 5.39301834e+01
    5.50890198e+01 5.49030952e+01 5.69368172e+01 5.39449615e+01
    5.52184372e+01 5.86974869e+01 5.80082550e+01 5.55921288e+01
    5.21968803e+01 5.35550690e+01 5.40804787e+01 5.57864227e+01
    5.24594688e+01 5.42555733e+01 5.70062904e+01 5.61956482e+01
    5.60731544e+01 5.49548988e+01 5.21923027e+01 5.19984856e+01
    5.05062256e+01 5.06982689e+01 5.05130234e+01 4.98332939e+01
    4.81247826e+01 4.70809059e+01 4.80955811e+01 4.77624588e+01
    4.72271996e+01 4.70338745e+01 4.60372849e+01 4.78158226e+01
    4.98370934e+01 4.83726807e+01 5.30298424e+01 5.14957619e+01 0.
    5.47462616e+01 5.40180817e+01 5.28048820e+01 5.27993279e+01
    5.25385361e+01 5.51054420e+01 5.07762413e+01 5.22619286e+01
    5.54811935e+01 5.54413719e+01 5.63151436e+01 5.28562317e+01
    5.75451736e+01 5.47370491e+01 5.13818817e+01 5.05584831e+01
    5.20230064e+01 5.46732750e+01 5.19924088e+01 5.44749146e+01
    5.39391022e+01 5.30488930e+01 5.16456413e+01 5.13335953e+01
    5.20815849e+01 5.14491005e+01 5.17868195e+01 4.92224426e+01
    5.08827553e+01 5.01292648e+01 5.26297493e+01 5.21067429e+01
    5.08238449e+01 4.82450333e+01 4.68317299e+01 4.99289055e+01
    5.21793137e+01 5.02771339e+01 5.03017616e+01 5.12096024e+01
    5.00339165e+01 5.19332848e+01 5.24459572e+01 5.51475525e+01
    5.29679565e+01 5.26014290e+01 5.29373474e+01 5.55093002e+01
    5.56623917e+01 5.58586998e+01 5.27024193e+01 5.54841118e+01
    5.24606094e+01 5.49942551e+01 5.20078049e+01 5.05255508e+01
    4.98768349e+01 5.24848022e+01 4.94685135e+01 4.83421211e+01
    5.06278725e+01 5.07750816e+01 4.80541458e+01 4.92449837e+01
    5.06685905e+01 5.05799217e+01 5.31331406e+01 5.31146011e+01
    5.41046028e+01 5.13488541e+01 5.24504089e+01 5.14591637e+01
    5.27000694e+01 5.45781555e+01 5.26639481e+01 5.63761063e+01
    5.27970886e+01 5.44967880e+01 5.37750206e+01 5.25950356e+01
    5.23152390e+01 5.21918716e+01 5.17376289e+01 5.28825493e+01
    5.12461739e+01 5.59432564e+01 5.45456200e+01 5.27459259e+01
    5.23269386e+01 4.90669594e+01 5.24774475e+01 4.99705925e+01
    5.07219963e+01 5.45689850e+01 5.32085838e+01 5.24290047e+01
    5.48540154e+01 5.09305038e+01 5.24986420e+01 5.11269379e+01
    5.01194153e+01 5.37194023e+01 5.54546165e+01 5.25483742e+01
    5.56940765e+01 5.59109612e+01 5.64284058e+01 5.50368805e+01
    5.21989021e+01 5.19893379e+01 5.21440086e+01 5.24897270e+01
    5.22248573e+01 5.30681992e+01 5.35183449e+01 5.62872581e+01
    5.23111916e+01 5.32545433e+01 5.18091125e+01 5.25814056e+01
    4.88191986e+01 5.06361542e+01 5.05856743e+01 5.17589989e+01
    5.45616226e+01 5.41516609e+01 5.15163307e+01 5.40612259e+01
    5.46973839e+01 5.33878403e+01 5.51555328e+01 5.53733788e+01
    5.30040703e+01 5.40822906e+01 5.47001152e+01 5.24221153e+01
    5.31397209e+01 5.48317184e+01 5.16379013e+01 4.97782898e+01
    5.37755089e+01 5.11641502e+01 4.99132729e+01 5.17473297e+01
    5.15739212e+01 5.35614624e+01 5.10481110e+01 5.14658127e+01
    5.08308105e+01 5.00421181e+01 5.15377312e+01 5.30373650e+01
    4.96054192e+01 5.31916275e+01 4.99192543e+01 5.06186485e+01
    5.30703735e+01 4.92421265e+01 4.87194443e+01 5.09857483e+01
    5.08974724e+01 5.30067711e+01 5.35804634e+01 5.26971359e+01
    5.55144310e+01 5.16577072e+01 5.40425529e+01 5.23134193e+01
    5.53770142e+01 5.59529610e+01 5.23054581e+01 5.25840416e+01
    5.58385925e+01 5.32768059e+01 5.19859428e+01 5.53417130e+01
    5.44592972e+01 5.53033180e+01 5.54352417e+01 5.46856003e+01
    5.54567528e+01 5.35205078e+01 5.39544067e+01 5.51759033e+01
    5.40851898e+01 5.48515167e+01 5.52696533e+01 5.54337845e+01
    6.05186043e+01 5.65731888e+01 5.47999496e+01 5.74379425e+01
    5.57577629e+01 5.62785683e+01 5.57363625e+01 5.64950600e+01
    5.74653320e+01 6.08810501e+01 5.63519974e+01 5.55837479e+01
    5.63801575e+01 5.71881409e+01 5.49294968e+01 5.43677559e+01
    5.32490425e+01 5.59297409e+01 5.08974152e+01 5.45163002e+01
    5.44692230e+01 5.39202042e+01 5.59581871e+01 5.60737228e+01
    5.23396225e+01 5.24760742e+01 5.38946342e+01 5.23168373e+01
    5.33876572e+01 5.37707329e+01 5.40125122e+01 5.60912857e+01
    5.46066971e+01 5.42482414e+01 5.46653481e+01 5.08015175e+01
    5.13845139e+01 5.11287346e+01 4.99241180e+01 5.15195503e+01
    5.07986298e+01 4.92398796e+01 4.76388474e+01 4.79558144e+01
    4.68018265e+01 4.99066925e+01 4.80692215e+01 4.90474892e+01
    5.01916389e+01 5.16602631e+01 4.90953712e+01 5.27798042e+01
    5.22958145e+01 0. 5.38958206e+01 5.14644432e+01 5.56851273e+01
    5.41196747e+01 5.36947098e+01 5.35510101e+01 5.41450081e+01
    5.83368607e+01 5.48456268e+01 5.64994240e+01 5.65596199e+01
    5.34418564e+01 5.42711906e+01 5.53133202e+01 5.42555847e+01
    5.26582298e+01 5.35210724e+01 5.40231323e+01 5.58835831e+01
    5.41200485e+01 5.33148537e+01 5.33012695e+01 5.36481934e+01
    5.27666054e+01 5.26541328e+01 5.30273895e+01 5.47522545e+01
    5.10648232e+01 5.06344337e+01 5.23537254e+01 5.19627457e+01
    5.18733444e+01 5.03644485e+01 4.91831818e+01 4.81787567e+01
    4.93542328e+01 4.99220619e+01 4.90360680e+01 4.95653801e+01
    5.04202843e+01 5.10510216e+01 4.88158684e+01 5.17235374e+01
    5.36204758e+01 5.37942467e+01 5.07388916e+01 5.48438377e+01
    5.23927460e+01 5.60459709e+01 5.44626274e+01 5.47651596e+01
    5.17452240e+01 5.26842232e+01 5.10645599e+01 5.28753738e+01
    4.90126038e+01 5.31353340e+01 5.05736809e+01 5.18066177e+01
    5.09016685e+01 5.09054375e+01 5.21871986e+01 5.22645607e+01
    5.25075836e+01 5.02040253e+01 5.27662735e+01 5.34463005e+01
    5.42307434e+01 5.25767097e+01 5.25099182e+01 5.37351685e+01
    5.51130371e+01 5.15758018e+01 5.63144455e+01 5.44081039e+01
    5.55320473e+01 5.37285194e+01 5.30597115e+01 5.23611412e+01
    5.28387108e+01 5.05570259e+01 5.29947433e+01 5.10452843e+01
    5.30517807e+01 5.34781876e+01 5.28219414e+01 5.42894440e+01
    5.14535866e+01 5.44390793e+01 5.08823395e+01 5.11898499e+01
    5.11914864e+01 4.94228096e+01 5.13357849e+01 5.30653687e+01
    5.22818527e+01 5.31661263e+01 5.37308159e+01 5.23501396e+01
    5.47578964e+01 5.28050995e+01 4.96170235e+01 5.63889084e+01
    5.34617271e+01 5.39836273e+01 5.30880470e+01 5.41052132e+01
    5.59758301e+01 5.35575371e+01 5.21388283e+01 5.52990456e+01
    5.27815742e+01 5.66862679e+01 5.45600281e+01 5.59894829e+01
    5.78559418e+01 5.43328590e+01 5.48822823e+01 5.42052727e+01
    5.09101028e+01 5.42232132e+01 5.15530853e+01 5.16626892e+01
    5.14138718e+01 5.21464233e+01 5.43156662e+01 5.37557526e+01
    4.98865738e+01 5.37890892e+01 5.38796921e+01 5.29670830e+01
    5.09895935e+01 5.13712502e+01 5.25978699e+01 5.33636131e+01
    5.18963699e+01 5.26435776e+01 5.34157257e+01 5.43117065e+01
    5.30774460e+01 5.26333847e+01 5.38497810e+01 5.31421013e+01
    5.39069519e+01 5.27182693e+01 4.98112564e+01 4.94002228e+01
    4.81477280e+01 5.36781120e+01 4.97363930e+01 5.07484589e+01
    5.08766403e+01 5.23176918e+01 5.12222481e+01 5.24943924e+01
    5.03788223e+01 5.27020340e+01 5.12306519e+01 5.12927208e+01
    5.15773697e+01 5.06149864e+01 5.16661720e+01 5.28740425e+01
    5.22198181e+01 5.11513100e+01 5.26324272e+01 5.14126892e+01
    5.40089874e+01 5.23235626e+01 5.45215950e+01 5.35136070e+01
    5.19522820e+01 5.37255516e+01 5.46355782e+01 5.07515259e+01
    5.55973892e+01 5.32696609e+01 5.59443245e+01 5.54682732e+01
    5.46334343e+01 5.52662811e+01 5.64443588e+01 5.49488449e+01
    5.66505013e+01 5.78010559e+01 5.45239754e+01 5.69998398e+01
    5.76732941e+01 5.87539062e+01 5.78012009e+01 5.57177467e+01
    5.72363052e+01 5.59522667e+01 5.43272018e+01 5.58591309e+01
    5.50119400e+01 5.52907028e+01 5.54235458e+01 5.41498718e+01
    5.42653580e+01 5.64051132e+01 5.67588806e+01 5.56451416e+01
    5.33176231e+01 5.25628510e+01 5.33576622e+01 5.32196960e+01
    5.14403534e+01 5.40940895e+01 5.57480431e+01 5.22458153e+01
    5.42617722e+01 5.11396446e+01 5.19032249e+01 5.18897781e+01
    5.31226387e+01 5.21170425e+01 5.17987251e+01 5.33607635e+01
    5.62491302e+01 5.24788284e+01 5.31997643e+01 5.21556854e+01
    5.08783417e+01 4.96213493e+01 5.03721008e+01 4.89528503e+01
    4.94374084e+01 4.82165298e+01 4.90074348e+01 4.85707397e+01
    4.96999588e+01 4.90699158e+01 5.07527428e+01 4.84000549e+01
    4.64490547e+01 4.82537880e+01 5.00322037e+01 5.20191040e+01
    5.02749672e+01 5.11972847e+01 0. 5.47391777e+01 5.30602951e+01
    5.34378319e+01 5.26657867e+01 5.52186890e+01 5.36397858e+01
    5.45621796e+01 5.42236633e+01 5.51586151e+01 5.38619232e+01
    5.32614517e+01 5.57444534e+01 5.72575111e+01 5.40016708e+01
    5.54059372e+01 5.28705978e+01 5.60992470e+01 5.50828362e+01
    5.29538078e+01 5.59246407e+01 5.28837891e+01 5.53221436e+01
    5.12868843e+01 5.40863113e+01 5.35271988e+01 5.31754570e+01
    5.17369843e+01 5.09632378e+01 5.26097755e+01 5.09900856e+01
    5.08463326e+01 5.43271332e+01 4.94846039e+01 4.81563530e+01
    4.88669548e+01 4.90822639e+01 5.06938057e+01 5.17178421e+01
    4.93756866e+01 5.10983238e+01 5.14600296e+01 5.14110413e+01
    4.99631462e+01 5.17840042e+01 5.60762787e+01 5.41080780e+01
    5.22949066e+01 5.23803215e+01 5.39964371e+01 5.32491379e+01
    5.47421265e+01 5.14458351e+01 5.18240509e+01 5.18830414e+01
    5.14727325e+01 5.27536430e+01 5.06467400e+01 5.11024742e+01
    5.02965126e+01 5.01482620e+01 5.06765594e+01 5.40893402e+01
    5.38115158e+01 5.14385490e+01 5.34784203e+01 5.29499474e+01
    5.17373886e+01 5.59552078e+01 5.46373558e+01 5.37413788e+01
    5.13237343e+01 5.32168274e+01 5.43490524e+01 5.37322922e+01
    5.45161972e+01 5.14853821e+01 5.21902084e+01 5.39129944e+01
    5.18703728e+01 5.37156792e+01 5.38599014e+01 5.43759766e+01
    5.34953651e+01 5.25412025e+01 5.40228577e+01 5.26204109e+01
    5.31992836e+01 5.48450928e+01 5.20543137e+01 5.20652237e+01
    4.98954086e+01 5.12523689e+01 5.22064819e+01 5.39461174e+01
    5.28493080e+01 5.49027214e+01 5.60644913e+01 5.55981598e+01
    5.29705544e+01 5.19472122e+01 5.38457489e+01 5.23424110e+01
    5.14227371e+01 5.51509361e+01 5.44158173e+01 5.58833771e+01
    5.58459625e+01 5.57953758e+01 5.59661484e+01 5.42474785e+01
    5.28426971e+01 5.37508125e+01 5.33003960e+01 5.43428230e+01
    5.73110008e+01 5.60497475e+01 5.40950584e+01 5.36438293e+01
    5.57920227e+01 5.46549149e+01 5.09975281e+01 5.29650421e+01
    5.27865105e+01 5.19763031e+01 5.40342064e+01 5.38444633e+01
    5.36657486e+01 5.26852341e+01 5.06728554e+01 5.25423698e+01
    5.33346367e+01 5.51352234e+01 5.31604156e+01 5.56833420e+01
    5.63867569e+01 5.61542053e+01 5.16899261e+01 5.48895111e+01
    5.30595589e+01 5.37795296e+01 5.20109482e+01 5.31839294e+01
    5.19644775e+01 5.45763359e+01 5.17554970e+01 5.22760620e+01
    5.18282547e+01 5.35202904e+01 5.48720398e+01 5.39771843e+01
    5.31695099e+01 5.33881454e+01 5.28446198e+01 5.20370178e+01
    5.05170822e+01 5.24754486e+01 5.37214432e+01 5.13122215e+01
    5.05091324e+01 5.13256226e+01 5.05002213e+01 5.40969009e+01
    5.07144318e+01 5.09402885e+01 5.26493607e+01 5.09298325e+01
    5.10042915e+01 5.29104271e+01 5.26471786e+01 5.23313103e+01
    5.36266937e+01 5.29038544e+01 5.33086014e+01 5.48347893e+01
    5.54588776e+01 5.44766006e+01 5.53245926e+01 5.44534874e+01
    5.77803650e+01 5.69032822e+01 5.59092026e+01 5.24163094e+01
    5.39846191e+01 5.51982384e+01 5.66597252e+01 5.33703499e+01
    5.68019867e+01 5.70901871e+01 5.86637726e+01 5.68606148e+01
    5.72659454e+01 5.63232193e+01 5.43029938e+01 5.52737083e+01
    5.49793663e+01 5.28415642e+01 5.74678307e+01 5.49948616e+01
    5.49660187e+01 5.55738068e+01 5.47675438e+01 5.29651375e+01
    5.34797363e+01 5.25112495e+01 5.04972954e+01 5.04454269e+01
    5.28674126e+01 5.56189919e+01 5.39848671e+01 5.17615509e+01
    5.15678177e+01 5.36887169e+01 5.25054626e+01 5.14245148e+01
    5.11316109e+01 5.14339676e+01 5.32588501e+01 4.98292465e+01
    5.09219933e+01 5.29599762e+01 5.06167221e+01 5.16679840e+01
    5.26570244e+01 4.97282524e+01 5.03496132e+01 5.04495354e+01
    4.80631294e+01 4.93295174e+01 4.97696304e+01 4.89842720e+01
    4.87022820e+01 4.91812935e+01 4.66984940e+01 5.00266800e+01
    4.95289001e+01 5.11096153e+01 4.97484665e+01 5.13379059e+01
    5.26030083e+01 5.16173706e+01 5.26765480e+01 0. 5.81193848e+01
    5.69750786e+01 5.43856163e+01 5.67589798e+01 5.32968941e+01
    5.33793068e+01 5.33377686e+01 5.33335304e+01 5.52878189e+01
    5.72260666e+01 5.76781807e+01 5.65185394e+01 5.48585281e+01
    5.50139580e+01 5.22945251e+01 5.06088448e+01 5.19874153e+01
    5.79698372e+01 5.30549469e+01 5.23145790e+01 5.65636559e+01
    5.41913490e+01 5.36068916e+01 5.29994774e+01 5.35642662e+01
    5.51396065e+01 5.43981361e+01 5.30278130e+01 5.40730019e+01
    5.13160400e+01 5.25745316e+01 5.26409950e+01 4.91088028e+01
    4.88826523e+01 4.94967842e+01 4.88096733e+01 5.13494835e+01
    4.78305283e+01 4.69960098e+01 4.93822556e+01 4.85442505e+01
    4.79725227e+01 5.01945915e+01 5.33822556e+01 4.99497757e+01
    5.07393112e+01 5.06108551e+01 5.22771034e+01 5.57600441e+01
    5.44439926e+01 5.18768845e+01 5.23883362e+01 5.41605148e+01
    5.25528870e+01 4.87779884e+01 5.06817398e+01 5.16164932e+01
    5.30799866e+01 5.12940102e+01 5.19437256e+01 5.27406464e+01
    5.59482422e+01 5.46348915e+01 5.14726105e+01 5.29772949e+01
    5.36268806e+01 5.38292313e+01 5.26325607e+01 5.23558350e+01
    5.41172333e+01 5.40951538e+01 5.31843834e+01 5.48994865e+01
    5.64636536e+01 5.55054550e+01 5.62823219e+01 5.50030060e+01
    5.72987556e+01 5.54627609e+01 5.57244034e+01 5.50071640e+01
    5.26938171e+01 5.34584007e+01 5.38385429e+01 5.53564224e+01
    5.53802681e+01 5.60923920e+01 5.52055206e+01 5.46818428e+01
    5.27410927e+01 5.21365891e+01 5.19253960e+01 5.46277313e+01
    5.40105972e+01 5.67306709e+01 5.49290581e+01 5.63777466e+01
    5.38006248e+01 5.59871178e+01 4.98247643e+01 4.84231186e+01
    5.34525261e+01 5.86868820e+01 5.15116501e+01 5.42496300e+01
    5.45639763e+01 5.61918259e+01 5.36323929e+01 5.21140709e+01
    4.96753845e+01 5.50263100e+01 5.42858238e+01 5.30679588e+01
    5.34060974e+01 5.40388031e+01 5.81024208e+01 5.42432785e+01
    5.31224403e+01 5.29385262e+01 5.40033875e+01 5.10023308e+01
    5.23208122e+01 5.35384064e+01 5.36183701e+01 5.21566200e+01
    5.26091728e+01 5.00142174e+01 5.20800323e+01 5.13985176e+01
    5.44145050e+01 5.31868591e+01 5.44749451e+01 5.34234161e+01
    5.26567879e+01 5.03470535e+01 5.22053032e+01 5.50577621e+01
    5.10945892e+01 5.19869804e+01 5.01810570e+01 5.19153709e+01
    4.99858627e+01 5.13180313e+01 5.30804520e+01 5.23912621e+01
    5.01113052e+01 4.94605179e+01 4.90716019e+01 5.23343163e+01
    5.19836388e+01 5.12110405e+01 5.15906944e+01 5.11834679e+01
    5.28463860e+01 4.96265984e+01 4.92339249e+01 5.27655678e+01
    5.09386368e+01 5.09557343e+01 5.16376839e+01 5.13236198e+01
    5.33835869e+01 5.13730240e+01 4.82793236e+01 5.30737495e+01
    5.19984550e+01 5.45816040e+01 5.38758163e+01 5.51887589e+01
    5.47142181e+01 5.42425385e+01 5.37849083e+01 5.62321930e+01
    5.51733398e+01 5.29108582e+01 5.40605202e+01 5.46274719e+01
    5.33874893e+01 5.25802116e+01 5.31530914e+01 5.37585793e+01
    5.36552010e+01 5.30038261e+01 5.48900719e+01 5.30856285e+01
    5.68837776e+01 5.63488998e+01 5.55444412e+01 5.57447968e+01
    5.73712540e+01 5.32142754e+01 5.56502571e+01 5.33825912e+01
    5.47107391e+01 5.38283234e+01 5.59522018e+01 5.55137939e+01
    5.59527702e+01 5.24094124e+01 5.33152313e+01 5.39395103e+01
    5.60757065e+01 5.22525520e+01 5.35502892e+01 5.38416367e+01
    5.59177704e+01 5.11530113e+01 5.14209747e+01 5.25391655e+01
    5.22314758e+01 5.14145660e+01 5.29588737e+01 5.06853409e+01
    5.40247955e+01 5.20971870e+01 5.33288307e+01 5.25153847e+01
    5.15896263e+01 4.93081932e+01 5.42751160e+01 5.10035858e+01
    5.30539131e+01 5.40027161e+01 5.13761711e+01 5.16094284e+01
    5.23445702e+01 4.78460808e+01 5.45185509e+01 5.00077438e+01
    5.00019875e+01 5.16544151e+01 4.93218956e+01 4.98164101e+01
    4.93691978e+01 5.03002052e+01 4.98590813e+01 4.76963196e+01
    5.13232613e+01 5.08668976e+01 5.40778198e+01 5.13282356e+01 0.
    5.31537285e+01 5.44768257e+01 5.30370140e+01 5.53232689e+01
    5.50397339e+01 5.51203804e+01 5.32385025e+01 5.44256897e+01
    5.60043221e+01 5.45293312e+01 5.44420090e+01 5.27091255e+01
    5.35088539e+01 5.23017616e+01 5.62823906e+01 5.19525261e+01
    5.38836327e+01 5.60993538e+01 5.85507965e+01 5.21152763e+01
    5.45413208e+01 5.63959694e+01 5.15874176e+01 5.37328720e+01
    5.57620163e+01 5.54272423e+01 5.56957512e+01 5.45960197e+01
    5.47844162e+01 5.09920464e+01 5.17097397e+01 5.34856911e+01
    5.14984741e+01 5.03106956e+01 4.85778160e+01 4.71388321e+01
    4.79796448e+01 4.87697868e+01 4.81412544e+01 4.76324158e+01
    4.84680138e+01 4.89493446e+01 5.11997299e+01 4.79170303e+01
    5.31838150e+01 4.79018059e+01 5.05028648e+01 5.06379929e+01
    5.37005348e+01 5.44103546e+01 5.43623810e+01 5.24396248e+01
    5.08901558e+01 5.17780266e+01 5.58398895e+01 5.40178642e+01
    5.44745941e+01 5.12821007e+01 5.37619743e+01 5.57371712e+01
    5.12118721e+01 5.21218719e+01 5.43861465e+01 5.28616066e+01
    5.20985603e+01 5.27062073e+01 5.51654778e+01 5.48551140e+01
    5.42153206e+01 5.38476677e+01 5.23087730e+01 5.33753662e+01
    5.32974129e+01 5.55443115e+01 5.48181686e+01 5.56482964e+01
    5.59031067e+01 5.38949356e+01 5.33428230e+01 5.05586052e+01
    5.32324753e+01 5.30538254e+01 5.15540009e+01 5.24123688e+01
    5.44523544e+01 5.46981812e+01 5.52580261e+01 5.65491791e+01
    5.66714363e+01 5.09280357e+01 5.41843300e+01 5.16837082e+01
    5.52267723e+01 5.42524719e+01 5.48293648e+01 5.57445602e+01
    5.43261871e+01 5.26085815e+01 5.58994293e+01 5.39339485e+01
    5.22535973e+01 5.19720345e+01 5.48259583e+01 5.52395096e+01
    5.35175095e+01 5.49625130e+01 5.40663834e+01 5.49423256e+01
    5.40330696e+01 5.26266289e+01 5.33511124e+01 5.56163788e+01
    5.51053429e+01 5.35103645e+01 5.60696526e+01 5.57177086e+01
    5.43435326e+01 5.34335289e+01 5.70366936e+01 5.34461594e+01
    5.32637672e+01 5.03907623e+01 5.28683090e+01 5.21333275e+01
    5.21353378e+01 5.22579613e+01 5.36051941e+01 5.15782280e+01
    5.34482727e+01 5.29566803e+01 5.40804482e+01 5.30120125e+01
    5.47891312e+01 5.18287735e+01 5.19130669e+01 5.43529358e+01
    5.43837852e+01 5.33420486e+01 5.23689156e+01 5.36776314e+01
    5.29864120e+01 5.23465309e+01 5.20080910e+01 5.29608345e+01
    5.15612106e+01 5.05637856e+01 5.23282585e+01 5.03052979e+01
    5.17619438e+01 4.99822502e+01 5.09018669e+01 5.06980972e+01
    5.13105431e+01 5.15597000e+01 5.01021805e+01 5.08806152e+01
    5.62529678e+01 5.07714424e+01 5.22823486e+01 5.26603127e+01
    5.01823196e+01 5.34540253e+01 5.27826385e+01 5.02792854e+01
    5.28548889e+01 5.26120491e+01 5.30533562e+01 5.62767296e+01
    5.09442215e+01 5.51363068e+01 5.47224464e+01 5.38622398e+01
    5.23851242e+01 5.66017189e+01 5.11546707e+01 5.43009758e+01
    5.24506760e+01 5.45014954e+01 5.27457047e+01 5.28345032e+01
    5.44030800e+01 5.34067154e+01 5.03031120e+01 5.69351158e+01
    5.28667107e+01 5.07863312e+01 5.24447784e+01 5.27373238e+01
    5.09460487e+01 5.44441414e+01 5.40421867e+01 5.38231201e+01
    5.46122589e+01 5.35805435e+01 5.60062332e+01 5.07956238e+01
    5.35477600e+01 5.61917992e+01 5.71625214e+01 5.54505424e+01
    5.52737007e+01 5.55380402e+01 5.67272034e+01 5.56557388e+01
    5.38087273e+01 5.42379646e+01 5.40493927e+01 5.16838379e+01
    5.17347031e+01 5.31179886e+01 5.17615738e+01 5.04125061e+01
    4.81012726e+01 5.25016747e+01 5.25062370e+01 4.97269554e+01
    5.35654488e+01 5.24046173e+01 5.04531670e+01 5.41246223e+01
    5.23857536e+01 5.19567490e+01 5.42580032e+01 5.03410912e+01
    5.01645470e+01 5.42432289e+01 4.92575798e+01 4.84145393e+01
    5.11694260e+01 4.89374580e+01 4.86519356e+01 4.92729454e+01
    4.96637192e+01 4.88492355e+01 4.90712204e+01 4.95312614e+01
    5.11237831e+01 4.76829720e+01 5.47694740e+01 5.17260323e+01
    4.95146103e+01 0. 5.50858498e+01 5.46269875e+01 5.48937340e+01
    5.44861717e+01 5.49236908e+01 5.40221405e+01 5.52444611e+01
    5.26112328e+01 5.31971207e+01 5.47608185e+01 5.22215118e+01
    5.61115417e+01 5.37468338e+01 5.39928856e+01 5.39940643e+01
    5.13199539e+01 4.97138863e+01 5.38879166e+01 5.23317757e+01
    5.59516029e+01 5.24770432e+01 5.57364998e+01 5.34134254e+01
    5.37553444e+01 5.55287743e+01 5.55599594e+01 5.24302330e+01
    5.27340126e+01 5.44341278e+01 5.34713287e+01 5.12938423e+01
    5.04154205e+01 5.02901611e+01 4.64442863e+01 4.84292488e+01
    4.89510612e+01 4.83653526e+01 5.10443115e+01 4.86225014e+01
    4.81669312e+01 4.68376961e+01 5.03791466e+01 5.12283783e+01
    5.10118980e+01 5.09997368e+01 5.07213936e+01 5.13836823e+01
    5.36316986e+01 5.32270432e+01 5.32141380e+01 5.52278481e+01
    5.54735069e+01 5.46736412e+01 5.22361488e+01 5.21933937e+01
    5.55723839e+01 5.24594955e+01 4.95231247e+01 5.03433189e+01
    5.38429604e+01 5.50189323e+01 5.23813286e+01 5.42605896e+01
    5.38156700e+01 5.46405029e+01 5.49963341e+01 5.47976990e+01
    5.58830872e+01 5.58223038e+01 5.46972008e+01 5.37487183e+01
    5.22480850e+01 5.49762497e+01 5.54784050e+01 5.65976562e+01
    5.37356110e+01 5.36415291e+01 5.38374557e+01 5.28318367e+01
    5.38798485e+01 5.20284348e+01 5.21070099e+01 5.35756874e+01
    5.36023216e+01 5.46145782e+01 5.65712357e+01 5.61961861e+01
    5.39640732e+01 5.29986343e+01 5.27002220e+01 5.16703949e+01
    5.55152473e+01 5.66686211e+01 5.33199959e+01 5.40737190e+01
    5.64570045e+01 5.52474480e+01 5.36509743e+01 5.23852348e+01
    5.19928703e+01 5.06196060e+01 5.17404213e+01 5.09851875e+01
    5.39598198e+01 5.37229424e+01 5.59402771e+01 5.50894699e+01
    5.19446793e+01 5.52132034e+01 5.19740219e+01 5.03215675e+01
    5.32452354e+01 5.41623611e+01 5.32736969e+01 5.48272514e+01
    5.49776764e+01 5.68653030e+01 5.49346390e+01 5.45190659e+01
    5.36745987e+01 5.33205338e+01 5.37256317e+01 5.35559998e+01
    5.57227211e+01 5.53892593e+01 5.67678108e+01 5.28962631e+01
    5.28309860e+01 5.07553329e+01 5.62811584e+01 5.38195381e+01
    5.30094719e+01 5.35169373e+01 5.44437790e+01 5.31558037e+01
    5.59524689e+01 5.47948761e+01 5.40319023e+01 5.18492851e+01
    5.09232254e+01 5.30053368e+01 5.19198570e+01 4.92913895e+01
    5.14343910e+01 5.26617432e+01 5.23157501e+01 5.21797676e+01
    5.28119392e+01 5.22313271e+01 5.21244125e+01 5.39495277e+01
    5.36723595e+01 5.24905205e+01 5.30844040e+01 5.11503754e+01
    5.23212128e+01 5.17836952e+01 5.25260506e+01 5.17719841e+01
    5.20625458e+01 5.11896706e+01 5.58064575e+01 5.40503502e+01
    5.21741562e+01 5.29600563e+01 5.07459335e+01 5.19108047e+01
    5.27771759e+01 5.30850639e+01 5.21984291e+01 5.46554298e+01
    5.10552025e+01 5.16330338e+01 5.28911591e+01 5.49944649e+01
    5.26530228e+01 5.74401970e+01 5.42106094e+01 5.44360580e+01
    5.28237152e+01 5.33611069e+01 5.02544899e+01 5.48404617e+01
    5.18510361e+01 5.33137321e+01 5.25764961e+01 5.41702309e+01
    5.27785416e+01 5.44138985e+01 5.63486557e+01 5.65103073e+01
    5.40480499e+01 5.49476128e+01 5.19951248e+01 5.61513596e+01
    5.61155968e+01 5.56571770e+01 5.57879219e+01 5.75670166e+01
    5.60236092e+01 5.40846100e+01 5.49053459e+01 5.57146912e+01
    5.58342552e+01 5.20963860e+01 5.27658958e+01 5.37275467e+01
    5.26275673e+01 5.26118011e+01 5.07719841e+01 5.41774025e+01
    5.31391602e+01 5.16413994e+01 5.17601013e+01 5.25898857e+01
    5.26716537e+01 5.38470001e+01 5.07265320e+01 5.19405975e+01
    5.22509956e+01 5.11506462e+01 5.34274635e+01 5.16271515e+01
    5.11978302e+01 5.39711113e+01 5.35924950e+01 5.32197304e+01
    5.35349731e+01 5.19025269e+01 4.87956543e+01 4.96737213e+01
    4.66759911e+01 4.63069649e+01 5.11145096e+01 5.07413330e+01
    4.71033211e+01 5.24804268e+01 4.92847786e+01 5.03384514e+01
    5.21717834e+01 5.08019371e+01 0. 5.49249306e+01 5.39256668e+01
    5.21798630e+01 5.28035507e+01 5.33126831e+01 5.42630653e+01
    5.46285324e+01 5.23233032e+01 5.64569626e+01 5.61605644e+01
    5.38597488e+01 5.36288948e+01 5.48026352e+01 5.30085869e+01
    5.28441696e+01 5.22775116e+01 5.34562187e+01 5.29841537e+01
    5.48865204e+01 5.21768417e+01 5.52803421e+01 5.56027107e+01
    5.51681938e+01 5.37718964e+01 5.36886024e+01 5.45943642e+01
    5.53173866e+01 5.45406876e+01 5.41260910e+01 5.29504089e+01
    5.39502220e+01 5.29073524e+01 5.20588379e+01 4.84247513e+01
    5.03463173e+01 4.97221565e+01 4.99465942e+01 4.91746330e+01
    4.89239540e+01 5.06899910e+01 4.85210075e+01 4.78235817e+01
    5.02491074e+01 4.84521637e+01 5.03527451e+01 4.97401390e+01
    5.20088043e+01 5.26791420e+01 5.45989227e+01 5.30811005e+01
    5.39865913e+01 5.18195381e+01 5.32445030e+01 5.31797104e+01
    5.03477287e+01 5.37855339e+01 5.55099297e+01 5.36301384e+01
    5.31927643e+01 5.68491478e+01 5.39220085e+01 5.57705116e+01
    5.49246941e+01 5.22609253e+01 5.51334724e+01 5.70384560e+01
    5.46000977e+01 5.68091888e+01 5.56338539e+01 5.63117676e+01
    5.55317612e+01 5.26893883e+01 5.44531288e+01 5.69821892e+01
    5.74270782e+01 5.52341499e+01 5.37787170e+01 5.68661919e+01
    5.47306023e+01 5.44550743e+01 5.57289543e+01 5.30168457e+01
    5.53968239e+01 5.34533043e+01 5.43266220e+01 5.60150757e+01
    5.52419014e+01 5.58478241e+01 5.65488396e+01 5.54365959e+01
    5.36286316e+01 5.41655083e+01 5.64513664e+01 5.73100662e+01
    5.49423141e+01 5.66862526e+01 5.54026794e+01 5.32066956e+01
    5.59249306e+01 5.17375183e+01 5.08291779e+01 5.28063164e+01
    5.28293419e+01 5.26645126e+01 5.22146263e+01 5.17777138e+01
    5.38971443e+01 5.24343719e+01 5.32665367e+01 5.21795425e+01
    5.12692299e+01 5.16137848e+01 5.29762421e+01 5.34658241e+01
    5.54358711e+01 5.71589279e+01 5.32291756e+01 5.41762733e+01
    5.38257980e+01 5.36468620e+01 5.23790894e+01 5.51260071e+01
    5.20006332e+01 5.27506638e+01 5.43111725e+01 5.37977371e+01
    5.45960159e+01 5.32175751e+01 5.01559029e+01 5.32804413e+01
    5.50571480e+01 5.12406616e+01 5.33551865e+01 5.31065331e+01
    5.30034676e+01 5.21972656e+01 5.39874573e+01 5.39580841e+01
    5.39976082e+01 5.29715958e+01 5.50452843e+01 5.33841019e+01
    5.38732910e+01 5.33488388e+01 5.28619003e+01 5.25149956e+01
    5.10111580e+01 5.01973000e+01 5.14762421e+01 5.09003487e+01
    5.28331642e+01 5.45989876e+01 5.09484138e+01 5.18852615e+01
    5.17225418e+01 5.18696327e+01 5.40997849e+01 5.26321449e+01
    5.30231781e+01 5.32587357e+01 5.30602417e+01 5.27819443e+01
    5.01247139e+01 5.09141312e+01 5.18782158e+01 5.26184883e+01
    5.29667740e+01 5.14690208e+01 5.43045616e+01 5.71575890e+01
    5.44080544e+01 5.35797539e+01 5.42988548e+01 5.30415268e+01
    5.55953751e+01 5.12163467e+01 5.40501175e+01 5.30437698e+01
    5.31460609e+01 5.37876701e+01 5.18113174e+01 5.20454369e+01
    5.12708626e+01 5.32700424e+01 5.51207619e+01 5.49484100e+01
    5.46778145e+01 5.51776733e+01 5.39382858e+01 5.48318672e+01
    5.49520836e+01 5.60300179e+01 5.63158340e+01 5.58707428e+01
    5.53779373e+01 5.83234825e+01 5.50962639e+01 5.72316093e+01
    5.42376404e+01 5.34751396e+01 5.36183167e+01 5.49581146e+01
    5.54759789e+01 5.30787086e+01 4.98118706e+01 5.32768822e+01
    5.40371780e+01 5.21322365e+01 5.05889015e+01 4.86988182e+01
    5.43488998e+01 5.29287529e+01 4.93420334e+01 5.28486786e+01
    5.10633430e+01 5.18289986e+01 5.25982666e+01 5.32027512e+01
    5.11431465e+01 5.63681297e+01 5.63003578e+01 5.42495384e+01
    5.24224510e+01 5.29588394e+01 5.28545265e+01 5.22684669e+01
    5.02780571e+01 5.06481667e+01 5.13310013e+01 5.05257568e+01
    5.18751793e+01 5.15893936e+01 4.98270493e+01 5.14445229e+01
    4.99028625e+01 4.99799042e+01 4.80833511e+01 5.09714813e+01
    5.03675499e+01 5.19299202e+01 4.93650284e+01 0. 5.39014740e+01
    5.38960991e+01 5.33439140e+01 5.67967529e+01 5.42702484e+01
    5.69523430e+01 5.62130814e+01 5.31281700e+01 5.50949516e+01
    5.68860168e+01 5.48232460e+01 5.22421570e+01 5.53774834e+01
    5.61956635e+01 5.56760826e+01 5.54509392e+01 5.33944626e+01
    5.52698936e+01 5.55842819e+01 4.93152008e+01 5.36207657e+01
    5.48806190e+01 5.25192146e+01 5.30834274e+01 5.52810440e+01
    5.28556023e+01 5.62164612e+01 5.04310417e+01 5.39556580e+01
    5.50182419e+01 5.02075195e+01 5.30258141e+01 5.53966637e+01
    4.71236839e+01 5.03056335e+01 4.89993744e+01 4.98734360e+01
    5.04096680e+01 4.87463989e+01 4.77504005e+01 4.99809036e+01
    4.92093658e+01 5.18540268e+01 4.94534798e+01 5.26997490e+01
    5.10994606e+01 5.13879395e+01 5.32081604e+01 5.46357155e+01
    5.34704933e+01 5.49501114e+01 5.31593399e+01 5.28856392e+01
    5.37451134e+01 5.73879890e+01 5.37661057e+01 5.61358490e+01
    5.32394753e+01 5.54565773e+01 5.43312798e+01 5.51173363e+01
    5.39190865e+01 5.38178711e+01 5.32157898e+01 5.62114067e+01
    5.55913620e+01 5.59300308e+01 5.56374168e+01 5.68067589e+01
    5.49590111e+01 5.56042404e+01 5.25251083e+01 5.47885437e+01
    5.70392418e+01 5.47356873e+01 5.54749451e+01 5.33896751e+01
    5.51160316e+01 5.58082924e+01 5.54237442e+01 5.44606056e+01
    5.31292686e+01 5.47599869e+01 5.51244583e+01 5.37967339e+01
    5.65271835e+01 5.90875130e+01 5.33548813e+01 5.71750526e+01
    5.63858223e+01 5.55541573e+01 5.50094261e+01 5.52257767e+01
    5.61844063e+01 5.38702812e+01 5.29192581e+01 5.94743843e+01
    5.44166107e+01 5.27951813e+01 5.13311462e+01 4.97505836e+01
    4.99462090e+01 5.02654190e+01 4.97193680e+01 5.14153824e+01
    5.23170662e+01 5.32698288e+01 5.26375923e+01 5.12894974e+01
    4.88004036e+01 4.85901451e+01 5.24467583e+01 5.23394279e+01
    5.32878342e+01 5.20952759e+01 5.40986404e+01 5.23307457e+01
    5.21599388e+01 5.47522316e+01 5.24027061e+01 5.05111847e+01
    5.23549461e+01 5.08947868e+01 5.38069916e+01 5.47885437e+01
    5.24076195e+01 5.44816170e+01 5.19049492e+01 5.34820213e+01
    5.31120110e+01 5.33026009e+01 5.31273041e+01 5.21987267e+01
    5.43278046e+01 5.28598022e+01 5.57764626e+01 5.51461487e+01
    5.49432335e+01 5.29775963e+01 5.17824402e+01 5.18605804e+01
    5.36613464e+01 5.09672203e+01 5.17398911e+01 4.97140770e+01
    5.18267136e+01 5.16090469e+01 5.19993591e+01 5.37538109e+01
    5.30487328e+01 5.26201668e+01 5.11794205e+01 5.14547577e+01
    5.08551826e+01 5.09846077e+01 5.16069832e+01 5.32411728e+01
    5.28392029e+01 5.01234932e+01 5.01715927e+01 5.12794876e+01
    5.38986778e+01 5.17615967e+01 5.10445709e+01 5.17555161e+01
    5.12337532e+01 5.20792847e+01 5.05868988e+01 5.00136986e+01
    5.23552017e+01 5.26015053e+01 5.13098412e+01 5.08787651e+01
    5.56513062e+01 5.29098625e+01 5.31069260e+01 5.30157547e+01
    5.34716187e+01 5.29052277e+01 5.38458290e+01 5.11367836e+01
    5.41719093e+01 5.33302193e+01 5.35866203e+01 5.26938171e+01
    5.26345406e+01 5.15225487e+01 5.30179977e+01 5.30120087e+01
    5.30186424e+01 5.35846481e+01 5.31737709e+01 5.52989120e+01
    5.15901031e+01 5.26969528e+01 5.43732414e+01 5.43705559e+01
    5.55866203e+01 5.52676735e+01 5.24515266e+01 5.43613014e+01
    5.30420761e+01 5.52349625e+01 5.33365822e+01 5.16948738e+01
    5.44624557e+01 5.35664101e+01 5.07897949e+01 5.27387390e+01
    5.05365448e+01 4.90615578e+01 5.03820686e+01 4.88780746e+01
    5.10797691e+01 5.32352371e+01 5.16287804e+01 5.24990692e+01
    5.26840439e+01 5.11662941e+01 5.31759567e+01 5.23264160e+01
    5.43279533e+01 5.14908142e+01 5.09324722e+01 5.25762024e+01
    5.37230911e+01 4.96620750e+01 4.98106155e+01 5.08566284e+01
    4.95777435e+01 5.21011963e+01 5.10577087e+01 4.83026619e+01
    5.04517136e+01 5.14915848e+01 4.89821892e+01 4.98590927e+01
    5.10329628e+01 5.06279945e+01 5.42844353e+01 5.02123070e+01 0.
    5.42265854e+01 5.32123566e+01 5.43734970e+01 5.21425247e+01
    5.52481842e+01 5.18478966e+01 5.27463531e+01 5.58468437e+01
    5.31626892e+01 5.49838676e+01 5.75972252e+01 5.53903160e+01
    5.68814011e+01 5.67276230e+01 5.41845093e+01 5.36546516e+01
    5.13431778e+01 5.34238434e+01 5.45655060e+01 5.33925056e+01
    5.14708633e+01 5.78841820e+01 5.57985039e+01 5.33347130e+01
    5.59076920e+01 5.51338997e+01 5.58481255e+01 5.23115730e+01
    5.29378700e+01 5.36182480e+01 5.43882256e+01 5.09812813e+01
    5.23083458e+01 5.30017357e+01 4.97115211e+01 4.98620300e+01
    4.99929924e+01 5.23025970e+01 4.65646973e+01 5.23321419e+01
    4.93935242e+01 4.94973145e+01 4.79183578e+01 4.93708763e+01
    4.88353577e+01 4.99339104e+01 4.80758171e+01 5.34009323e+01
    5.43916969e+01 5.65593033e+01 5.37607841e+01 5.41538467e+01
    5.60035667e+01 5.50958366e+01 5.39735069e+01 5.36689758e+01
    5.15641403e+01 5.37031555e+01 5.15678749e+01 5.37805443e+01
    5.21938553e+01 5.24801712e+01 5.37920570e+01 5.25281448e+01
    5.23065681e+01 5.47268944e+01 5.40171700e+01 5.29200897e+01
    5.51712379e+01 5.44817047e+01 5.48883018e+01 5.57120438e+01
    5.54724846e+01 5.58040085e+01 5.73234787e+01 5.57040329e+01
    5.63639259e+01 5.48544655e+01 5.48239365e+01 5.37970657e+01
    5.31286812e+01 5.36235085e+01 5.44290962e+01 5.67765465e+01
    5.40131035e+01 5.26777954e+01 5.90846672e+01 5.74091110e+01
    5.58914032e+01 5.24339790e+01 5.43575630e+01 5.26345444e+01
    5.58673096e+01 5.62758942e+01 5.58704491e+01 5.56744766e+01
    5.66478386e+01 5.55835266e+01 5.32046967e+01 4.97040215e+01
    5.06576691e+01 5.03308601e+01 5.01726494e+01 5.16837616e+01
    5.01585617e+01 5.06314926e+01 5.22914696e+01 5.17902184e+01
    5.07981987e+01 5.11562996e+01 5.01471977e+01 5.15296936e+01
    5.46830368e+01 5.23528862e+01 5.25193558e+01 5.09056435e+01
    5.66792717e+01 5.39568634e+01 5.30819702e+01 4.98723793e+01
    5.29472542e+01 5.27940102e+01 5.24203529e+01 5.12882195e+01
    5.49582901e+01 5.22535515e+01 5.14832649e+01 5.01296387e+01
    5.11651459e+01 5.30870667e+01 5.33695641e+01 5.28273048e+01
    5.14692574e+01 5.45326920e+01 5.44845924e+01 5.35298958e+01
    5.23231277e+01 5.20857582e+01 5.04030762e+01 5.05700378e+01
    5.11608429e+01 4.95687408e+01 5.18944817e+01 5.14486160e+01
    5.30037193e+01 5.26107941e+01 5.09884567e+01 5.10188675e+01
    5.36417542e+01 5.06502342e+01 5.38416061e+01 5.48341103e+01
    5.07805862e+01 5.30969620e+01 5.08222656e+01 5.22884331e+01
    5.19507713e+01 5.30899391e+01 5.34704857e+01 5.08766289e+01
    4.98637657e+01 5.15614243e+01 5.04423447e+01 4.81890297e+01
    5.02132339e+01 5.11164932e+01 5.06955299e+01 4.96576233e+01
    5.25972900e+01 5.03516731e+01 5.27541046e+01 4.91986275e+01
    5.05883179e+01 5.42121468e+01 5.08355865e+01 5.17968864e+01
    5.36936188e+01 5.08046341e+01 5.47758751e+01 5.31893349e+01
    5.22953033e+01 5.18547630e+01 5.32720909e+01 4.84729118e+01
    5.36101799e+01 5.44063988e+01 5.29683380e+01 5.10770187e+01
    5.47097664e+01 5.30510826e+01 5.15669746e+01 5.06095505e+01
    5.18707657e+01 5.02204437e+01 5.23131790e+01 5.48203201e+01
    5.47765732e+01 5.26381721e+01 5.35486374e+01 5.59088326e+01
    5.25098000e+01 5.39088860e+01 5.26549721e+01 5.42613869e+01
    5.34904938e+01 5.28894348e+01 5.10199318e+01 5.21663361e+01
    4.85709610e+01 5.11113091e+01 4.85359840e+01 4.92763023e+01
    4.77849731e+01 4.93740196e+01 5.42153587e+01 5.18536606e+01
    4.92954903e+01 5.08299217e+01 5.06206284e+01 5.17097015e+01
    5.18070717e+01 5.24694290e+01 5.23391762e+01 5.32059822e+01
    5.44615173e+01 5.04833565e+01 5.37595215e+01 5.22890854e+01
    4.96768417e+01 4.95931740e+01 5.17155914e+01 5.05274620e+01
    4.99194450e+01 5.07669106e+01 5.21199837e+01 4.95154266e+01
    4.99764938e+01 5.02084923e+01 5.14473152e+01 4.94265709e+01
    4.92798805e+01 0. 5.40962296e+01 5.38198814e+01 5.38962822e+01
    5.63259125e+01 5.68699493e+01 5.72606544e+01 5.42749748e+01
    5.71048813e+01 5.73130035e+01 5.74396439e+01 5.44698219e+01
    5.44073372e+01 5.63403587e+01 5.81484909e+01 5.50263748e+01
    5.66961021e+01 5.58949318e+01 5.63406792e+01 5.64622383e+01
    5.33381500e+01 5.44210129e+01 5.42175026e+01 5.46185532e+01
    5.61520348e+01 5.61398354e+01 5.62674789e+01 5.51006546e+01
    5.40863228e+01 5.44478683e+01 5.41166611e+01 5.49877205e+01
    5.58482628e+01 5.40542946e+01 5.07387009e+01 5.29189720e+01
    5.19328041e+01 5.20381546e+01 5.27327843e+01 4.84582367e+01
    4.83428078e+01 5.19749641e+01 5.01730347e+01 5.03179855e+01
    4.96581116e+01 5.04851799e+01 5.18503075e+01 5.14048157e+01
    4.98801765e+01 5.40965157e+01 5.60262146e+01 5.46582718e+01
    5.13101616e+01 5.26581955e+01 5.25509224e+01 5.09370003e+01
    5.52361069e+01 5.20042648e+01 5.44990654e+01 5.48377533e+01
    5.38742256e+01 5.46913986e+01 5.42446136e+01 5.30676575e+01
    5.45926666e+01 5.26895485e+01 5.40264282e+01 5.19169693e+01
    5.69034195e+01 5.40127182e+01 5.51739388e+01 5.72834435e+01
    5.35828629e+01 5.57851295e+01 5.73031425e+01 5.44461594e+01
    5.71684875e+01 5.46536560e+01 5.66293068e+01 5.39706802e+01
    5.39683495e+01 5.52387619e+01 5.25031738e+01 5.08594246e+01
    5.42733765e+01 5.54574089e+01 5.46262894e+01 5.48908958e+01
    5.55392761e+01 5.48398094e+01 5.49345284e+01 5.43428574e+01
    5.69463120e+01 5.74694710e+01 5.68653336e+01 5.68798409e+01
    5.56965561e+01 5.71367149e+01 5.29240799e+01 5.29600029e+01
    5.07224998e+01 5.13899803e+01 5.33876114e+01 5.07117119e+01
    5.00720825e+01 5.35094795e+01 5.06513367e+01 5.36478271e+01
    5.09509315e+01 4.82562943e+01 5.03908997e+01 5.00773582e+01
    4.91971779e+01 5.07515793e+01 5.33296738e+01 5.30310860e+01
    5.35091400e+01 5.19492111e+01 5.31712952e+01 5.41562653e+01
    5.28655128e+01 5.00081711e+01 5.33523331e+01 5.31001549e+01
    5.18399162e+01 5.19258690e+01 5.22333527e+01 5.21722488e+01
    5.04813156e+01 5.27469292e+01 5.26520500e+01 5.38503914e+01
    5.37796326e+01 5.38985291e+01 5.08005333e+01 5.21500130e+01
    5.23413429e+01 5.33638458e+01 5.09337616e+01 5.24578781e+01
    5.04983215e+01 5.38219948e+01 5.21799355e+01 5.17801170e+01
    5.34776154e+01 5.25019684e+01 5.13008957e+01 5.11430702e+01
    4.91332054e+01 5.13291359e+01 5.13671913e+01 5.23351440e+01
    5.45239105e+01 5.20729523e+01 5.09144058e+01 5.29618111e+01
    5.23033028e+01 5.42302856e+01 5.52288933e+01 5.18518677e+01
    5.25098343e+01 5.37656670e+01 4.99075851e+01 5.18608208e+01
    4.72737198e+01 5.03751526e+01 4.99029160e+01 4.84309883e+01
    4.85137634e+01 5.02139854e+01 5.24679718e+01 5.10865593e+01
    4.87419853e+01 5.01473694e+01 5.45393372e+01 5.05246429e+01
    5.03615799e+01 4.94796410e+01 5.27408981e+01 4.93710289e+01
    5.09462128e+01 4.99307556e+01 5.05256424e+01 4.86697121e+01
    5.31397705e+01 5.16201210e+01 5.07735977e+01 5.08361702e+01
    5.22216949e+01 5.15379219e+01 5.25411263e+01 5.15638847e+01
    5.31727486e+01 5.13886833e+01 5.42749634e+01 5.28268585e+01
    5.33208694e+01 5.49847450e+01 5.45047379e+01 5.23828735e+01
    5.40433273e+01 5.31878510e+01 5.14754868e+01 5.41891060e+01
    5.44522362e+01 5.14889946e+01 5.06505585e+01 5.09568863e+01
    4.98737793e+01 5.09022331e+01 4.77219772e+01 4.93673515e+01
    5.05500031e+01 4.87931175e+01 4.97674828e+01 4.97408371e+01
    5.02122307e+01 4.90912399e+01 5.08882637e+01 5.00204811e+01
    5.28357964e+01 5.11901588e+01 5.49691429e+01 5.34871826e+01
    5.22959671e+01 5.42320747e+01 5.16274643e+01 4.93669014e+01
    5.20612030e+01 5.05089493e+01 4.91240120e+01 4.93849144e+01
    5.23830070e+01 4.99530487e+01 5.28267403e+01 5.34764786e+01
    5.24516563e+01 4.80940247e+01 4.93261719e+01 5.19356194e+01
    5.18157005e+01 5.18404160e+01 0. 5.45947952e+01 5.68812370e+01
    5.27825661e+01 5.54028587e+01 5.50431824e+01 5.66142540e+01
    5.58147278e+01 5.48137398e+01 5.71712952e+01 5.70093231e+01
    5.87218361e+01 5.45958519e+01 5.67901993e+01 5.99570808e+01
    5.88254700e+01 5.51286278e+01 5.40534782e+01 5.46661606e+01
    5.61644211e+01 5.39910164e+01 5.36292114e+01 5.46527405e+01
    5.50655251e+01 5.36247101e+01 5.49376450e+01 5.30399895e+01
    5.43551598e+01 5.43308449e+01 5.62931786e+01 5.62290916e+01
    5.49676094e+01 5.33730011e+01 5.33882751e+01 5.15360718e+01
    5.14619370e+01 4.98202248e+01 5.13332176e+01 4.84784241e+01
    5.04044075e+01 4.99683800e+01 5.04438972e+01 4.87335930e+01
    5.11275787e+01 4.94540634e+01 4.89209633e+01 4.82441025e+01
    4.87249794e+01 5.04144859e+01 5.35696182e+01 5.19442482e+01
    5.32091446e+01 5.32420120e+01 5.23933678e+01 5.37412605e+01
    5.39846420e+01 5.33502922e+01 5.56596680e+01 5.24418831e+01
    5.37297440e+01 5.59085464e+01 5.35063324e+01 5.47103424e+01
    5.44113998e+01 5.48349686e+01 5.52528038e+01 5.48713150e+01
    5.48386536e+01 5.34996223e+01 5.54920654e+01 5.36261787e+01
    5.47517395e+01 5.41916504e+01 5.33043633e+01 5.57426643e+01
    5.46775475e+01 5.51868896e+01 5.34982376e+01 5.12282295e+01
    5.25414810e+01 5.01653633e+01 5.28929100e+01 5.36612473e+01
    5.43617439e+01 5.64090042e+01 5.50011177e+01 5.44904594e+01
    5.72897720e+01 5.53578949e+01 5.83336563e+01 5.57756653e+01
    5.56201363e+01 5.76800423e+01 5.91788712e+01 5.73547249e+01
    5.73019753e+01 5.58618622e+01 5.72577782e+01 5.66202087e+01
    5.55884361e+01 5.34364815e+01 4.93248405e+01 5.32737083e+01
    5.19373856e+01 4.93678246e+01 4.89824524e+01 5.03097305e+01
    5.13242645e+01 5.23522530e+01 4.83481445e+01 5.00131187e+01
    5.05305405e+01 5.10340919e+01 5.07791023e+01 5.21858521e+01
    5.21539078e+01 5.42935867e+01 5.40412407e+01 5.06963959e+01
    5.40751839e+01 5.34970284e+01 5.10379944e+01 5.07610397e+01
    5.14492874e+01 5.24634018e+01 5.44697876e+01 5.31847916e+01
    5.28902779e+01 5.27480469e+01 5.07390862e+01 5.18592606e+01
    5.05421028e+01 5.40019417e+01 5.53840523e+01 5.29349289e+01
    5.17330093e+01 5.16393394e+01 5.47541580e+01 5.61515388e+01
    5.39653664e+01 5.28586845e+01 5.31442299e+01 5.06503334e+01
    4.96755943e+01 5.09955368e+01 4.95278168e+01 5.32423439e+01
    5.04954109e+01 5.04319801e+01 5.29335480e+01 5.34722557e+01
    5.49021835e+01 5.41654396e+01 5.53502617e+01 5.41623421e+01
    5.33185234e+01 5.05742683e+01 5.15832138e+01 5.34552498e+01
    5.27218590e+01 5.26857224e+01 5.09753571e+01 5.10315323e+01
    5.19813805e+01 5.05665245e+01 4.70078812e+01 5.13038292e+01
    5.09759941e+01 5.08840446e+01 5.03087120e+01 5.17034454e+01
    4.92605896e+01 5.05544090e+01 4.87644234e+01 5.19105415e+01
    5.08431168e+01 5.23681030e+01 5.18072701e+01 5.24468918e+01
    5.02051353e+01 5.27560577e+01 5.17905617e+01 5.28567619e+01
    5.04402161e+01 5.10534668e+01 4.99434662e+01 5.28066444e+01
    5.01774864e+01 5.26798668e+01 5.07818069e+01 5.29658737e+01
    5.35284042e+01 5.13726959e+01 5.52420654e+01 5.24742241e+01
    5.45876961e+01 5.64546204e+01 5.40400009e+01 5.42537117e+01
    5.45550079e+01 5.18125687e+01 5.20295525e+01 5.34504433e+01
    5.03683815e+01 5.11644821e+01 5.14127846e+01 5.16207466e+01
    5.09597588e+01 5.07730026e+01 5.29320869e+01 5.05196571e+01
    4.86310959e+01 5.00258636e+01 5.04942131e+01 5.02587204e+01
    4.96083908e+01 5.01651115e+01 5.45439110e+01 5.42021179e+01
    5.50651283e+01 5.06274300e+01 5.03448029e+01 5.41415939e+01
    5.30850487e+01 5.09621544e+01 5.13456039e+01 5.18670120e+01
    5.22926826e+01 5.09261589e+01 4.96287537e+01 4.75713615e+01
    4.98235130e+01 4.93916893e+01 4.86394730e+01 4.99057579e+01
    5.27001801e+01 5.17568550e+01 5.02366409e+01 5.01713219e+01
    5.12840881e+01 5.37984886e+01 5.32226830e+01 0. 5.43681183e+01
    5.52805061e+01 5.46129341e+01 5.28109627e+01 5.63383255e+01
    5.68095016e+01 5.40839996e+01 5.38510628e+01 5.33597336e+01
    5.57049599e+01 5.63988914e+01 5.68979797e+01 5.60539207e+01
    5.30832100e+01 5.71447334e+01 5.71797104e+01 5.39068985e+01
    5.43828468e+01 5.44100685e+01 5.46960449e+01 5.34829941e+01
    5.55060539e+01 5.50761566e+01 5.54334030e+01 5.73228607e+01
    5.37378731e+01 5.66404839e+01 5.68817444e+01 5.64486046e+01
    5.51180191e+01 5.38778572e+01 5.36027069e+01 5.43055801e+01
    5.13950119e+01 5.28148994e+01 5.54837761e+01 5.20350151e+01
    5.54211845e+01 5.05242157e+01 5.26455841e+01 5.10168839e+01
    4.97263031e+01 5.10637245e+01 5.23694878e+01 4.92268372e+01
    5.01578751e+01 4.96075859e+01 5.23948097e+01 5.41753387e+01
    5.39190254e+01 5.25931931e+01 5.29030151e+01 5.44967766e+01
    5.56651268e+01 5.35202751e+01 5.31034508e+01 5.49370155e+01
    5.42668877e+01 5.20074921e+01 5.36939240e+01 5.39368629e+01
    5.32958755e+01 5.29912453e+01 5.37266846e+01 5.48103333e+01
    5.13099670e+01 5.47777328e+01 5.24452019e+01 5.37265549e+01
    5.13286057e+01 5.34311256e+01 5.25256042e+01 5.26796227e+01
    5.36935806e+01 5.31577454e+01 5.46304626e+01 5.33418961e+01
    5.22779617e+01 5.35148926e+01 5.50137177e+01 5.37231674e+01
    5.57836685e+01 5.31492500e+01 5.54745712e+01 5.60415535e+01
    5.51933403e+01 5.69805908e+01 5.54547653e+01 5.71602173e+01
    5.47237244e+01 5.46996613e+01 5.62336731e+01 5.37047234e+01
    5.67431068e+01 5.65864410e+01 5.74070282e+01 5.70646286e+01
    5.46755829e+01 5.64697495e+01 5.40233116e+01 5.24428444e+01
    5.12452545e+01 5.13587952e+01 4.94702873e+01 5.05737991e+01
    4.86182899e+01 5.26707191e+01 5.31884003e+01 5.25314636e+01
    5.06145592e+01 5.12424088e+01 5.06931458e+01 5.44475594e+01
    5.40963364e+01 5.14082146e+01 5.21685219e+01 5.29961128e+01
    5.16781921e+01 5.22170372e+01 5.22319984e+01 5.18209305e+01
    5.33067551e+01 5.19470825e+01 5.14237785e+01 5.28049889e+01
    5.27612495e+01 5.21057053e+01 4.98543015e+01 4.94252090e+01
    5.14267273e+01 5.24292641e+01 5.24987183e+01 5.39554977e+01
    5.43837471e+01 5.19119339e+01 5.20830841e+01 5.38888741e+01
    5.32422676e+01 5.15617867e+01 5.01765862e+01 5.19079895e+01
    5.25907974e+01 5.14247971e+01 5.02742348e+01 5.08014183e+01
    5.42859344e+01 5.24371529e+01 5.24396095e+01 5.23101463e+01
    5.57471161e+01 5.45873032e+01 5.56682281e+01 5.19375420e+01
    5.58610764e+01 5.40163307e+01 5.30474510e+01 5.50865746e+01
    5.44734917e+01 5.41864128e+01 5.33456306e+01 5.36022339e+01
    5.16614799e+01 5.05003166e+01 4.96545868e+01 4.92198486e+01
    5.05974083e+01 5.05918579e+01 4.72140121e+01 5.00439911e+01
    5.19298134e+01 5.09799423e+01 5.02248039e+01 5.11134109e+01
    5.12299881e+01 5.26811218e+01 5.19662056e+01 5.06976967e+01
    5.08087425e+01 5.06907196e+01 4.98389130e+01 5.06337204e+01
    5.08613167e+01 5.23191643e+01 4.99061317e+01 5.03744392e+01
    5.08346596e+01 5.43817902e+01 5.18148384e+01 5.28759041e+01
    5.09659462e+01 5.19092636e+01 5.33929100e+01 5.15422401e+01
    5.17043610e+01 5.27284508e+01 5.30548325e+01 5.10426521e+01
    5.45894775e+01 5.38088875e+01 5.14642830e+01 5.00960999e+01
    5.12331276e+01 5.22691269e+01 5.35407372e+01 5.14760246e+01
    5.27452927e+01 5.31342888e+01 5.25901871e+01 5.20205765e+01
    5.21273003e+01 5.24639168e+01 4.97267303e+01 5.10949097e+01
    5.00890083e+01 5.33221664e+01 5.32639694e+01 5.22608719e+01
    5.17848434e+01 5.22025719e+01 5.08517494e+01 5.17678909e+01
    5.35882645e+01 5.22782974e+01 5.24333305e+01 5.20228462e+01
    5.07614708e+01 5.29686241e+01 5.04486694e+01 4.83574104e+01
    5.10477257e+01 4.70444832e+01 4.96981316e+01 5.03061752e+01
    4.92352905e+01 5.21480751e+01 5.21313782e+01 5.08782692e+01
    5.14307213e+01 5.00396004e+01 5.20964355e+01 5.19609032e+01 0.
    5.35840950e+01 5.38592186e+01 5.42521629e+01 5.44637718e+01
    5.71182289e+01 5.77281456e+01 5.66081390e+01 5.61800957e+01
    5.80956841e+01 6.02770653e+01 5.40770760e+01 5.45252953e+01
    5.65040321e+01 5.75901146e+01 5.60041809e+01 5.47901726e+01
    5.51567497e+01 5.58224030e+01 5.43175545e+01 5.40186424e+01
    5.38983154e+01 5.49337654e+01 5.58096123e+01 5.60421562e+01
    5.49641800e+01 5.66407471e+01 5.36060486e+01 5.48496399e+01
    5.49627075e+01 5.39320602e+01 5.42160568e+01 5.49572601e+01
    5.43479195e+01 5.43688965e+01 5.14860954e+01 5.55378876e+01
    5.24931564e+01 4.96985626e+01 5.27750778e+01 5.11721687e+01
    5.03372078e+01 5.10541191e+01 5.27500114e+01 5.09676170e+01
    5.03159714e+01 4.98403587e+01 5.03447456e+01 5.23624001e+01
    5.33238144e+01 5.11830521e+01 5.19903030e+01 5.41716957e+01
    5.32453499e+01 5.25601540e+01 5.30502052e+01 5.32923584e+01
    5.41504745e+01 5.51270752e+01 5.13104515e+01 5.37744751e+01
    5.41353836e+01 5.43334122e+01 5.29685631e+01 5.36082649e+01
    4.92872849e+01 5.33283539e+01 5.04235573e+01 5.08625336e+01
    5.17912712e+01 5.36391373e+01 5.35993690e+01 5.06919327e+01
    4.93811951e+01 5.24471207e+01 5.38476067e+01 5.54639320e+01
    5.28765564e+01 5.51671753e+01 5.51800728e+01 5.56219864e+01
    5.44684372e+01 5.32337151e+01 5.38662567e+01 5.48131790e+01
    5.26088142e+01 5.66952324e+01 5.50900269e+01 5.79383545e+01
    5.78035393e+01 5.61634140e+01 5.44151230e+01 5.62388954e+01
    5.84029655e+01 5.41833687e+01 5.51275940e+01 5.60446815e+01
    5.51666985e+01 5.44512978e+01 5.17219391e+01 5.20273705e+01
    5.12308464e+01 5.07834511e+01 5.23000107e+01 5.13082008e+01
    5.31074524e+01 5.28276100e+01 5.25341148e+01 5.06592979e+01
    5.07731743e+01 5.17133598e+01 4.87561417e+01 5.04285011e+01
    5.12667885e+01 5.05968132e+01 5.13843994e+01 5.36309395e+01
    5.06567459e+01 5.18131065e+01 5.29641190e+01 5.48059387e+01
    5.13008842e+01 5.15486412e+01 5.22353554e+01 5.03168335e+01
    5.11694527e+01 5.26604424e+01 5.05721130e+01 5.07893410e+01
    5.25160141e+01 5.11870384e+01 5.25787354e+01 5.30652008e+01
    5.22626534e+01 5.30329742e+01 5.50015984e+01 4.90346680e+01
    5.21111298e+01 5.13502045e+01 5.01982040e+01 5.06755562e+01
    5.07272644e+01 4.90280876e+01 4.87661705e+01 4.90908737e+01
    4.95645981e+01 5.26262741e+01 5.43349037e+01 5.30569763e+01
    5.15091858e+01 5.19412155e+01 5.57496452e+01 5.32854500e+01
    5.36711121e+01 5.50920296e+01 5.52031212e+01 5.35091515e+01
    5.46429520e+01 5.73419075e+01 5.54101372e+01 5.27671051e+01
    5.49302254e+01 5.32466736e+01 5.33456497e+01 5.11354713e+01
    5.20473785e+01 5.17859726e+01 5.03215065e+01 5.03272934e+01
    5.01691132e+01 5.32474899e+01 5.25009499e+01 5.25833015e+01
    5.26375237e+01 5.28013535e+01 5.33357964e+01 5.18381195e+01
    5.12193375e+01 5.17886620e+01 5.05146294e+01 5.18945503e+01
    5.07956619e+01 5.01789474e+01 5.25751724e+01 5.38295860e+01
    5.02315140e+01 5.38292885e+01 5.34852715e+01 5.39089050e+01
    5.08736420e+01 4.96825409e+01 5.06141434e+01 5.30341988e+01
    5.09337120e+01 5.00684662e+01 5.20603561e+01 5.33435822e+01
    5.18006821e+01 5.24947472e+01 5.56645050e+01 5.13100853e+01
    5.20419693e+01 4.99986725e+01 5.17212524e+01 5.12240105e+01
    5.18073349e+01 5.28363914e+01 5.34552383e+01 5.25133095e+01
    5.31254463e+01 5.18083382e+01 5.44226379e+01 5.05988388e+01
    5.35923157e+01 5.31481247e+01 5.07342796e+01 5.34720459e+01
    5.17663231e+01 5.24131737e+01 5.26643982e+01 5.37391396e+01
    5.23664742e+01 5.53387756e+01 5.33609619e+01 5.21042328e+01
    5.14495697e+01 5.20752182e+01 5.16571465e+01 5.20854683e+01
    4.89628983e+01 5.21979828e+01 4.96285477e+01 5.22766304e+01
    5.12249374e+01 5.12391777e+01 5.10352478e+01 5.17788582e+01
    4.95235138e+01 4.96800613e+01 5.10387039e+01 4.85474510e+01
    5.26358986e+01 0. 5.15110283e+01 5.61536179e+01 5.24783363e+01
    5.63757553e+01 5.74086266e+01 5.54542770e+01 5.39545403e+01
    5.06594772e+01 5.50462837e+01 5.62685013e+01 5.51120338e+01
    5.42687569e+01 5.51413803e+01 5.93121529e+01 5.84440041e+01
    5.39689140e+01 5.32480431e+01 5.37315788e+01 5.53274117e+01
    5.29245110e+01 5.17273445e+01 5.85794563e+01 5.42189674e+01
    5.36852493e+01 5.31043739e+01 5.41963768e+01 5.50125961e+01
    5.16003380e+01 5.46419220e+01 5.50948677e+01 5.58298874e+01
    5.55188713e+01 5.40689392e+01 5.16541405e+01 5.30945320e+01
    5.01384659e+01 5.20830879e+01 5.12577324e+01 5.04213600e+01
    5.09677238e+01 5.08194351e+01 5.08068886e+01 4.95580750e+01
    5.27950821e+01 4.97233963e+01 4.93832016e+01 5.12829056e+01
    5.20145950e+01 5.43242416e+01 5.32303734e+01 5.37741356e+01
    5.29255447e+01 5.23842773e+01 5.32851639e+01 5.28388329e+01
    5.23288956e+01 5.32797661e+01 5.34445839e+01 5.27758522e+01
    4.94258156e+01 5.19645729e+01 5.36643105e+01 5.14785347e+01
    5.24567795e+01 5.24514618e+01 5.19798279e+01 5.44789238e+01
    5.28311310e+01 5.01156273e+01 5.23458939e+01 5.34288521e+01
    5.32381897e+01 5.07750359e+01 5.48801727e+01 5.66006546e+01
    5.58045578e+01 5.43419456e+01 5.44323349e+01 5.49631577e+01
    5.54421120e+01 5.41403389e+01 5.08347588e+01 5.65721550e+01
    5.39966202e+01 5.50698853e+01 5.44801178e+01 5.76964302e+01
    5.45467949e+01 5.72880630e+01 5.66397209e+01 5.54291344e+01
    5.25353775e+01 5.54807510e+01 5.51205406e+01 5.40227280e+01
    5.49016914e+01 5.67553520e+01 5.43094215e+01 5.39096832e+01
    5.35650940e+01 4.87957268e+01 5.39302177e+01 5.22455559e+01
    4.88486290e+01 5.22965050e+01 4.90783157e+01 5.17655220e+01
    5.22561455e+01 5.09592018e+01 4.88082237e+01 5.22162056e+01
    5.15005913e+01 5.62107468e+01 5.60521240e+01 5.28657761e+01
    5.57219124e+01 5.43982887e+01 5.50471039e+01 5.42485580e+01
    5.05269623e+01 5.28981514e+01 5.23525848e+01 5.27960396e+01
    5.13520355e+01 5.15215683e+01 5.43515625e+01 5.58064575e+01
    5.26722908e+01 4.97027206e+01 5.22710838e+01 5.15290565e+01
    5.10082283e+01 4.93623734e+01 5.03082047e+01 5.15281754e+01
    5.47376518e+01 5.22694817e+01 5.11818275e+01 5.05725365e+01
    5.01086693e+01 4.93874130e+01 4.99975624e+01 4.96205597e+01
    5.19963417e+01 5.11570358e+01 5.23949356e+01 5.24228134e+01
    5.11608124e+01 5.09266548e+01 5.18902893e+01 5.34889412e+01
    5.15989799e+01 5.47793236e+01 5.34567680e+01 5.62281914e+01
    5.23796082e+01 5.39146767e+01 5.50098419e+01 5.45704536e+01
    5.47102852e+01 5.28443794e+01 5.32005157e+01 5.50622139e+01
    5.34494896e+01 5.43701057e+01 5.38195267e+01 5.23352089e+01
    5.11374054e+01 5.40430412e+01 5.42598724e+01 4.88933754e+01
    5.01019783e+01 4.98317108e+01 5.07723236e+01 4.94194183e+01
    5.31320686e+01 5.05648422e+01 5.02903557e+01 5.13721924e+01
    5.37045517e+01 5.36333046e+01 4.96863861e+01 4.81956749e+01
    5.05948448e+01 5.08856125e+01 5.10532761e+01 5.00344849e+01
    5.14579773e+01 5.07837639e+01 5.12562141e+01 4.97642746e+01
    4.99689980e+01 5.29231186e+01 5.04944305e+01 5.36882172e+01
    5.52935295e+01 5.35652161e+01 5.42422638e+01 5.41125031e+01
    5.12098198e+01 5.10271721e+01 5.00409813e+01 5.02937317e+01
    5.35376472e+01 5.39037132e+01 5.29892960e+01 5.36454620e+01
    5.18266830e+01 5.61435699e+01 5.16497612e+01 5.24770012e+01
    5.35619431e+01 5.35918274e+01 5.51827278e+01 5.43400688e+01
    5.62732315e+01 5.53079414e+01 5.54036751e+01 5.50890350e+01
    5.21458855e+01 5.50884476e+01 5.65715790e+01 5.44991493e+01
    5.54066010e+01 5.23700790e+01 5.25463753e+01 5.62993355e+01
    5.32657013e+01 5.07326660e+01 5.28127060e+01 4.94016762e+01
    4.78093376e+01 5.08950996e+01 4.99357491e+01 4.82285995e+01
    5.10743713e+01 4.99418411e+01 5.14048920e+01 5.26551743e+01
    4.98702698e+01 5.21450996e+01 0. 5.14141960e+01 5.63984413e+01
    5.41203156e+01 5.66057892e+01 5.68042183e+01 5.58842697e+01
    5.53754959e+01 5.53701210e+01 5.57491035e+01 5.62111931e+01
    5.46883125e+01 5.57044029e+01 5.24394455e+01 5.30472374e+01
    5.39911919e+01 5.53435402e+01 5.16625328e+01 5.31719513e+01
    5.27474556e+01 5.07509193e+01 5.13480797e+01 5.28711243e+01
    5.42070389e+01 5.30317497e+01 5.38613663e+01 5.45562706e+01
    5.39879189e+01 5.50836792e+01 5.28207588e+01 5.52836456e+01
    5.30136604e+01 5.49297028e+01 5.54910393e+01 5.36439629e+01
    5.43025970e+01 5.39656448e+01 5.28062439e+01 5.32704010e+01
    5.12848740e+01 5.27419701e+01 5.26967163e+01 5.25684433e+01
    5.33473663e+01 5.05938911e+01 5.25498657e+01 5.17626610e+01
    4.97415352e+01 5.22722359e+01 5.00346718e+01 5.25530663e+01
    5.25958252e+01 5.18858719e+01 5.16772079e+01 5.10812950e+01
    5.22891922e+01 5.25668068e+01 5.41047630e+01 5.23176498e+01
    5.32431946e+01 5.66011734e+01 5.12094231e+01 5.30182915e+01
    5.14846458e+01 5.40884666e+01 5.52288971e+01 5.22393837e+01
    5.34453011e+01 5.25018425e+01 5.28034210e+01 5.19218521e+01
    5.40804024e+01 5.58410568e+01 5.19905052e+01 5.18214684e+01
    5.46063728e+01 5.26893425e+01 5.25472870e+01 5.09370079e+01
    5.31795349e+01 5.37486458e+01 5.50161858e+01 5.32964706e+01
    5.55119553e+01 5.55653572e+01 5.61862335e+01 5.48420067e+01
    5.44586754e+01 5.77700806e+01 5.60929070e+01 5.51164856e+01
    5.76681900e+01 5.82282639e+01 5.58572388e+01 5.51235085e+01
    5.54966927e+01 5.56921272e+01 5.50819244e+01 5.26633263e+01
    5.29602737e+01 5.21665268e+01 5.22771721e+01 4.97140121e+01
    5.15978928e+01 5.01437683e+01 5.03999176e+01 5.04336472e+01
    5.23702888e+01 5.01077881e+01 5.22219505e+01 5.27690735e+01
    5.30752525e+01 5.41429863e+01 5.56306839e+01 5.33728485e+01
    5.47584953e+01 5.43675041e+01 5.38882141e+01 5.44451790e+01
    5.33000221e+01 5.36598587e+01 5.40423126e+01 5.34159355e+01
    5.63422966e+01 5.38267365e+01 5.31729507e+01 5.26731644e+01
    5.20689697e+01 4.87581177e+01 5.03455391e+01 4.84987984e+01
    5.13701248e+01 5.16239891e+01 5.24033012e+01 5.23507538e+01
    5.45598564e+01 4.96721802e+01 5.16462440e+01 4.90596848e+01
    5.11881638e+01 5.10575943e+01 5.11877899e+01 4.94720116e+01
    5.07345543e+01 5.00920448e+01 5.14006157e+01 4.88803444e+01
    5.11948357e+01 5.38360252e+01 5.00873489e+01 5.25796967e+01
    5.31211128e+01 5.49163857e+01 5.50456924e+01 5.55153236e+01
    5.41774597e+01 5.42596588e+01 5.54013901e+01 5.60392418e+01
    5.42689323e+01 5.52078896e+01 5.51452141e+01 5.65001602e+01
    5.25919189e+01 5.46014175e+01 5.28743057e+01 5.57021217e+01
    5.30598984e+01 5.14915085e+01 5.40537834e+01 5.35388641e+01
    5.23490067e+01 5.05694809e+01 5.29532623e+01 5.47345734e+01
    5.62817039e+01 5.18175697e+01 5.37082176e+01 5.19246674e+01
    5.20140800e+01 4.86853905e+01 5.27059898e+01 5.01529541e+01
    4.96997948e+01 4.98886948e+01 5.21247330e+01 4.95861206e+01
    5.17522049e+01 5.21413345e+01 5.11342964e+01 5.08598900e+01
    5.03558578e+01 4.94368515e+01 5.31693230e+01 5.45339394e+01
    5.28571587e+01 5.54228249e+01 5.43064537e+01 5.27678452e+01
    5.42156372e+01 5.45041695e+01 5.09910164e+01 5.51614380e+01
    5.46784134e+01 5.55812416e+01 5.38176270e+01 5.16537132e+01
    5.31861000e+01 5.39862404e+01 5.47683945e+01 5.53763771e+01
    5.46179276e+01 5.38238754e+01 5.69186287e+01 5.52664528e+01
    5.39342041e+01 5.73675079e+01 5.64590340e+01 5.53284836e+01
    5.65445671e+01 5.52152672e+01 5.51231232e+01 5.47236938e+01
    5.67162895e+01 5.61003838e+01 5.42439194e+01 5.17910843e+01
    5.40651283e+01 5.17897377e+01 5.41431885e+01 5.28395271e+01
    5.19247398e+01 5.23993301e+01 5.31761055e+01 5.31976013e+01
    5.43334274e+01 5.47749672e+01 5.11361694e+01 5.45531693e+01
    5.21637917e+01 5.21463013e+01 5.29534187e+01 0. 5.37670059e+01
    5.53796539e+01 5.44224358e+01 5.60623131e+01 5.84884987e+01
    5.63154831e+01 5.45789986e+01 5.59439163e+01 5.57349701e+01
    5.39582291e+01 5.38100243e+01 5.28781242e+01 5.55337257e+01
    5.29886703e+01 5.27196007e+01 5.29697838e+01 5.19743042e+01
    5.26404152e+01 5.08286095e+01 4.82907906e+01 5.06347046e+01
    5.18203583e+01 5.28337059e+01 5.18219833e+01 5.14675293e+01
    5.23152885e+01 5.42212067e+01 5.35511055e+01 5.31029625e+01
    5.49634781e+01 5.71540985e+01 5.71945305e+01 5.35218010e+01
    5.47523003e+01 5.46202431e+01 5.45222816e+01 5.43602791e+01
    5.53490639e+01 5.30879059e+01 5.35821228e+01 5.45197983e+01
    5.08023338e+01 5.20331459e+01 5.20643654e+01 5.22391739e+01
    5.08491707e+01 4.92955055e+01 5.04558563e+01 5.36468163e+01
    4.88244781e+01 5.16945190e+01 5.49605713e+01 5.42443199e+01
    5.19490356e+01 5.06877899e+01 5.40563087e+01 5.31055489e+01
    5.38817177e+01 5.35345688e+01 5.44473991e+01 5.35718384e+01
    5.42085915e+01 5.33794174e+01 5.32659035e+01 5.34743309e+01
    5.35709801e+01 5.18312607e+01 5.46132545e+01 5.36615829e+01
    5.38739128e+01 5.37163010e+01 5.27673721e+01 5.28806343e+01
    5.17416115e+01 5.40314178e+01 5.41313972e+01 5.10547600e+01
    5.45295410e+01 5.19729576e+01 5.52830009e+01 5.39596634e+01
    5.32578964e+01 5.49308243e+01 5.44256516e+01 5.42154541e+01
    5.58973465e+01 5.56705208e+01 5.41111259e+01 5.67244568e+01
    5.46228371e+01 5.37548599e+01 5.43915825e+01 5.51691589e+01
    5.44335976e+01 5.38350945e+01 5.39287605e+01 5.34051743e+01
    5.24482346e+01 5.20981903e+01 5.00821648e+01 5.13843880e+01
    5.09344521e+01 5.19865494e+01 5.13483238e+01 5.04819412e+01
    5.36546097e+01 5.27311325e+01 5.32178192e+01 5.03132286e+01
    5.34201660e+01 5.26063652e+01 5.39564705e+01 5.43993530e+01
    5.72819824e+01 5.46541176e+01 5.51786880e+01 5.42133293e+01
    5.53243866e+01 5.45383720e+01 5.44217033e+01 5.50797195e+01
    5.08931732e+01 5.38906097e+01 5.29098015e+01 5.28313789e+01
    5.39658394e+01 4.96887932e+01 5.28201141e+01 5.28346901e+01
    5.25888786e+01 5.28416252e+01 5.17545395e+01 5.33819771e+01
    5.26339188e+01 5.12492332e+01 4.93657303e+01 5.15998116e+01
    5.17673073e+01 5.36477547e+01 5.27798767e+01 5.02891350e+01
    5.22805405e+01 5.24638100e+01 4.93666534e+01 5.22379112e+01
    4.98074379e+01 5.15300941e+01 5.12913284e+01 5.30363121e+01
    5.33223877e+01 5.48357811e+01 5.25519447e+01 5.30960732e+01
    5.45520439e+01 5.65063972e+01 5.30561409e+01 5.50166512e+01
    5.43282738e+01 5.65377350e+01 5.18069992e+01 5.33329163e+01
    5.33752785e+01 5.38418198e+01 5.18879089e+01 5.24505272e+01
    5.29249153e+01 5.30439301e+01 5.06482544e+01 5.31039963e+01
    5.26210365e+01 5.23420753e+01 5.39644394e+01 5.26050034e+01
    5.47204895e+01 5.38484116e+01 5.38553238e+01 5.39819260e+01
    5.13399277e+01 5.23303680e+01 5.11241341e+01 5.13662109e+01
    5.43150024e+01 5.17041512e+01 5.27543945e+01 5.08558960e+01
    5.24959641e+01 5.28936234e+01 5.30105057e+01 5.53655281e+01
    5.47227783e+01 5.41379395e+01 5.27855225e+01 5.34946251e+01
    5.21952209e+01 5.35645103e+01 5.44178391e+01 5.62907600e+01
    5.51215744e+01 5.54960022e+01 5.57757263e+01 5.39361000e+01
    5.08507309e+01 5.36738396e+01 5.48816490e+01 5.31158257e+01
    5.35046196e+01 5.41002579e+01 5.45024605e+01 5.55667686e+01
    5.56901550e+01 5.74615784e+01 5.51454201e+01 5.55455627e+01
    5.34112396e+01 5.39735756e+01 5.60419502e+01 5.58663025e+01
    5.56610985e+01 5.78333282e+01 5.39943008e+01 5.41577797e+01
    5.61534348e+01 5.42739296e+01 5.49899292e+01 5.31772156e+01
    5.15591354e+01 5.59574776e+01 5.41453094e+01 5.02990303e+01
    5.47893829e+01 5.41072693e+01 5.28437729e+01 5.36555405e+01
    5.42536926e+01 5.26849861e+01 5.54764099e+01 5.31986198e+01
    5.12551804e+01 5.26421738e+01 5.15799866e+01 5.16648331e+01 0.
    5.34079056e+01 5.54936829e+01 5.46880188e+01 5.46999092e+01
    5.67413864e+01 5.45848007e+01 5.23530121e+01 5.21146698e+01
    5.32769127e+01 5.76839943e+01 5.32039795e+01 5.16669121e+01
    5.48564262e+01 5.52601585e+01 5.18333549e+01 5.53978767e+01
    4.85158997e+01 5.15840683e+01 5.10141182e+01 5.20004539e+01
    4.96368065e+01 5.24629326e+01 4.99242210e+01 5.35707779e+01
    5.31972618e+01 5.39831734e+01 5.47838211e+01 5.49970360e+01
    5.44420700e+01 5.40802574e+01 5.57590179e+01 5.28238945e+01
    5.32354202e+01 5.37302361e+01 5.67078285e+01 5.75663834e+01
    5.64498367e+01 5.57360954e+01 5.50431137e+01 5.39231911e+01
    5.16463814e+01 5.33675690e+01 5.11468544e+01 5.26567345e+01
    5.24726982e+01 5.12772331e+01 5.01307869e+01 5.16457253e+01
    5.36565018e+01 5.12882500e+01 4.94602203e+01 5.45525932e+01
    5.24548645e+01 5.56114388e+01 5.16321220e+01 5.41708755e+01
    5.58860474e+01 5.34378281e+01 5.39639587e+01 5.52871552e+01
    5.00744247e+01 5.14763260e+01 5.26793175e+01 5.33297806e+01
    5.45504456e+01 5.35199165e+01 5.25182495e+01 5.29620247e+01
    5.28199921e+01 5.20702705e+01 5.28143311e+01 5.51407509e+01
    5.32103691e+01 5.18411484e+01 5.45927162e+01 5.50046196e+01
    5.13318520e+01 5.33138847e+01 5.61814346e+01 5.64434776e+01
    5.69906425e+01 5.54927177e+01 5.53626556e+01 5.47967834e+01
    5.47649002e+01 5.62756615e+01 5.58659401e+01 5.43958702e+01
    5.68322296e+01 5.54525452e+01 5.40235596e+01 5.24884033e+01
    5.23530426e+01 5.02097626e+01 5.43443451e+01 5.31087303e+01
    4.87622986e+01 5.18120804e+01 5.25188789e+01 5.06455879e+01
    5.06898346e+01 5.21508598e+01 4.95431786e+01 5.22702026e+01
    5.16247787e+01 4.97287750e+01 5.11702614e+01 5.11561394e+01
    5.14272842e+01 5.41890945e+01 5.52596855e+01 5.46797638e+01
    5.46988640e+01 5.40974770e+01 5.75096169e+01 5.46039963e+01
    5.39517212e+01 5.50308838e+01 5.54568214e+01 5.17934914e+01
    5.30009537e+01 5.33362083e+01 5.39448586e+01 5.16720924e+01
    5.24165306e+01 5.52350807e+01 5.34285164e+01 4.96017647e+01
    5.29588165e+01 4.93130112e+01 5.19545784e+01 5.30712357e+01
    5.20985870e+01 5.33469887e+01 5.45115166e+01 5.20765495e+01
    5.05115433e+01 5.16704636e+01 5.47525749e+01 5.32819290e+01
    5.18056526e+01 5.28857079e+01 5.26015053e+01 5.04447975e+01
    5.01427269e+01 5.51631126e+01 5.43798180e+01 5.35576820e+01
    5.14103851e+01 5.23938866e+01 5.61869583e+01 5.37859383e+01
    5.63348274e+01 5.42004852e+01 5.38652306e+01 5.40853615e+01
    5.30930443e+01 5.32501335e+01 5.54892998e+01 5.24077225e+01
    5.14778442e+01 5.18937645e+01 5.44865494e+01 5.12095718e+01
    4.96579056e+01 4.96545181e+01 5.23192596e+01 5.27204514e+01
    5.34175568e+01 5.50416260e+01 5.22574234e+01 5.14114571e+01
    5.15717392e+01 5.18676491e+01 5.14472466e+01 5.12273865e+01
    5.09447327e+01 5.45792389e+01 5.09104958e+01 5.08303680e+01
    5.32496452e+01 5.31137886e+01 5.19818535e+01 5.13549385e+01
    5.01054764e+01 5.16242447e+01 5.29925537e+01 5.27478714e+01
    5.02614441e+01 5.17723579e+01 5.03456688e+01 5.20613747e+01
    4.90912933e+01 5.14759445e+01 5.10612411e+01 5.24605484e+01
    5.55537567e+01 5.45910530e+01 5.34274368e+01 5.26545677e+01
    5.15203323e+01 5.43150253e+01 5.24654770e+01 5.57166634e+01
    5.48247833e+01 5.40518761e+01 5.29652481e+01 5.42394714e+01
    5.36524315e+01 5.45423241e+01 5.48727531e+01 5.25973244e+01
    5.33201332e+01 5.67657471e+01 5.23165665e+01 5.57181358e+01
    5.60816879e+01 5.62627296e+01 5.51052780e+01 5.45547638e+01
    5.35530128e+01 5.35191078e+01 5.57278214e+01 5.53333015e+01
    5.61602249e+01 5.64005928e+01 5.77529564e+01 5.55442047e+01
    5.61062469e+01 5.32672005e+01 5.57459488e+01 5.56577530e+01
    5.80347023e+01 5.43246269e+01 5.52103310e+01 5.29774742e+01
    5.35767136e+01 5.20246849e+01 5.42587700e+01 5.18485069e+01
    5.36352005e+01 0. 5.24823837e+01 5.15824738e+01 5.39363594e+01
    5.47019577e+01 5.57564316e+01 5.54501266e+01 5.73568802e+01
    5.77175789e+01 5.43694611e+01 5.59090805e+01 5.70266647e+01
    5.34263687e+01 5.35395966e+01 5.21660042e+01 5.36332283e+01
    5.21804123e+01 5.07405968e+01 4.99831886e+01 5.08942528e+01
    5.04049301e+01 5.13679543e+01 5.08606453e+01 5.12894936e+01
    5.16986046e+01 5.36874962e+01 5.16025276e+01 5.29142380e+01
    5.41389847e+01 5.37642670e+01 5.43612480e+01 5.33416405e+01
    5.52847061e+01 5.40828934e+01 5.42612114e+01 5.45872154e+01
    5.42697639e+01 5.33784447e+01 5.32945366e+01 5.36284866e+01
    5.21615562e+01 5.04535828e+01 4.94320335e+01 5.39481316e+01
    4.98468819e+01 5.12603149e+01 5.31950417e+01 5.21395760e+01
    5.20876465e+01 5.30661240e+01 5.31074486e+01 5.39733582e+01
    5.32746582e+01 5.55673256e+01 5.20443306e+01 5.15534821e+01
    5.21513252e+01 5.11033516e+01 5.23126793e+01 5.39466705e+01
    5.52432327e+01 5.08951035e+01 5.31910858e+01 5.38350601e+01
    5.56332893e+01 5.23040009e+01 5.31505814e+01 5.59433746e+01
    5.23558922e+01 5.33477859e+01 5.77079010e+01 5.49280472e+01
    5.59148254e+01 5.38097076e+01 5.25454826e+01 5.61133308e+01
    5.75581436e+01 5.50619621e+01 5.52164230e+01 5.83158684e+01
    5.73277168e+01 5.62006226e+01 5.28835564e+01 5.38434982e+01
    5.31940765e+01 5.53438416e+01 5.38621216e+01 5.54693642e+01
    5.38848534e+01 5.51241760e+01 5.78141632e+01 5.73903770e+01
    5.48737564e+01 5.52597313e+01 5.39366646e+01 5.41142159e+01
    5.42781067e+01 5.28840065e+01 5.04165268e+01 5.16557617e+01
    4.97502823e+01 5.00778084e+01 4.88068008e+01 4.96841125e+01
    4.98505249e+01 4.91456757e+01 4.84598198e+01 5.35608673e+01
    4.95989265e+01 5.27884941e+01 5.11152306e+01 5.21883965e+01
    5.34954910e+01 5.47105598e+01 5.26171036e+01 5.75759125e+01
    5.72935944e+01 5.40602531e+01 5.39992485e+01 5.52567635e+01
    5.45451088e+01 5.58959465e+01 5.45479317e+01 5.48293228e+01
    5.28937225e+01 4.86537399e+01 5.01012993e+01 5.16973114e+01
    5.09220657e+01 5.09780235e+01 5.12868080e+01 5.15246658e+01
    5.35220146e+01 5.20317154e+01 5.21290970e+01 5.46475639e+01
    5.27381783e+01 5.22725067e+01 5.31051025e+01 5.39575233e+01
    5.38983459e+01 5.18015137e+01 5.09944458e+01 5.22057190e+01
    5.25781631e+01 5.08825378e+01 5.06424828e+01 5.55748940e+01
    5.36696510e+01 5.35139236e+01 5.04755402e+01 5.46797485e+01
    5.37774010e+01 5.29081802e+01 5.26871033e+01 5.13740616e+01
    5.34181328e+01 5.40995331e+01 5.18473206e+01 5.23482475e+01
    5.31659355e+01 4.99236832e+01 5.16167641e+01 5.22151108e+01
    5.27805824e+01 5.14136467e+01 5.30005875e+01 5.42701721e+01
    5.20042801e+01 5.24191399e+01 5.30248795e+01 5.55492134e+01
    5.21602287e+01 4.91480103e+01 5.23984261e+01 5.40875740e+01
    5.37805061e+01 4.93766174e+01 5.14961700e+01 5.29178162e+01
    5.03297653e+01 4.93781929e+01 5.04007416e+01 5.02611389e+01
    5.17968102e+01 5.09977837e+01 4.87507629e+01 5.10639496e+01
    5.07185173e+01 5.10974350e+01 5.01961861e+01 5.24107513e+01
    5.24638596e+01 5.36559906e+01 5.04459801e+01 5.32886772e+01
    5.49951096e+01 5.64552574e+01 5.61708412e+01 5.59845428e+01
    6.03971901e+01 5.49704971e+01 5.45752144e+01 5.47685928e+01
    5.46407051e+01 5.43438492e+01 5.56697311e+01 5.43123131e+01
    5.47800331e+01 5.43292503e+01 5.37501717e+01 5.38925552e+01
    5.27220573e+01 5.44202042e+01 5.45019035e+01 5.27286263e+01
    5.51087418e+01 5.49728584e+01 5.58364067e+01 5.59908943e+01
    5.36146240e+01 5.58826103e+01 5.66659279e+01 5.71012688e+01
    5.54132919e+01 5.61673775e+01 5.49166298e+01 5.67106705e+01
    5.30998077e+01 5.63265381e+01 5.47942619e+01 5.34430008e+01
    5.67675285e+01 5.54646606e+01 5.67245789e+01 5.43819275e+01
    5.46901932e+01 5.30829544e+01 5.38923569e+01 5.07183533e+01
    5.43231468e+01 5.14538460e+01 0. 5.32318001e+01 5.59165840e+01
    5.41875801e+01 5.54008827e+01 5.74045677e+01 5.40984726e+01
    5.51797142e+01 5.50067406e+01 5.51324577e+01 5.46909485e+01
    5.27386131e+01 5.29981232e+01 5.66007767e+01 5.39427376e+01
    5.59650421e+01 5.58099060e+01 5.34693298e+01 5.32675629e+01
    5.07722664e+01 5.28666191e+01 5.07062149e+01 5.20622444e+01
    5.47023773e+01 5.25368843e+01 5.18801041e+01 5.38783188e+01
    5.50882072e+01 5.50110321e+01 5.49034843e+01 5.70623245e+01
    5.73899498e+01 5.60066185e+01 5.49677773e+01 5.52990379e+01
    5.54427490e+01 5.39187279e+01 5.24585037e+01 5.39064255e+01
    5.43218155e+01 5.16337204e+01 5.22451477e+01 5.05930672e+01
    5.41703682e+01 5.20802994e+01 5.05931625e+01 5.26891823e+01
    5.06654205e+01 5.41783104e+01 5.38740425e+01 5.22545929e+01
    5.27032433e+01 5.10347176e+01 5.29388657e+01 5.48516846e+01
    5.01945610e+01 5.33316269e+01 5.46459503e+01 5.42397461e+01
    5.67155113e+01 5.34802589e+01 5.14275589e+01 5.40485611e+01
    5.38723335e+01 5.53788033e+01 5.27793808e+01 5.32562714e+01
    5.57564507e+01 5.37329292e+01 5.36474380e+01 5.41811142e+01
    5.41569061e+01 5.43196869e+01 5.40545120e+01 5.42051888e+01
    5.61046028e+01 5.87601624e+01 5.51006851e+01 5.68085251e+01
    5.41991119e+01 5.68509789e+01 5.55415344e+01 5.47353783e+01
    5.30585022e+01 5.57482452e+01 5.67177696e+01 5.43158875e+01
    5.50035210e+01 5.73379631e+01 5.59423637e+01 5.55163536e+01
    5.51539078e+01 5.44930420e+01 5.50853386e+01 5.66222687e+01
    5.30797653e+01 5.50836906e+01 5.33406830e+01 5.29188423e+01
    5.21133957e+01 5.10437279e+01 5.10258865e+01 5.03563309e+01
    5.01871147e+01 5.42514725e+01 5.01479607e+01 5.15494766e+01
    5.22009163e+01 5.15208778e+01 5.16317902e+01 5.35892677e+01
    5.17917061e+01 5.61394272e+01 5.49076233e+01 5.42372551e+01
    5.42040405e+01 5.60609169e+01 5.49295464e+01 5.70547562e+01
    5.36912575e+01 5.35064278e+01 5.31779900e+01 5.58769073e+01
    5.28192368e+01 5.22468605e+01 5.12232437e+01 5.32577477e+01
    5.26497154e+01 5.38621063e+01 5.17446175e+01 5.32379494e+01
    5.03761559e+01 5.09843140e+01 5.06483498e+01 5.12681580e+01
    5.12619209e+01 5.28108330e+01 5.31507645e+01 5.29638863e+01
    5.35123138e+01 5.20696945e+01 5.16472855e+01 5.27580070e+01
    5.39383316e+01 4.99687691e+01 5.31031723e+01 5.36721420e+01
    5.25274277e+01 5.44714279e+01 5.23487396e+01 5.21231003e+01
    5.12896423e+01 5.10258980e+01 5.33663216e+01 5.57936935e+01
    5.29632988e+01 5.25641785e+01 5.68718719e+01 5.24084892e+01
    5.17715683e+01 5.38332634e+01 5.20573883e+01 5.26788063e+01
    4.99252930e+01 5.08646469e+01 5.22984543e+01 5.07395782e+01
    5.13244400e+01 5.19117355e+01 5.21732521e+01 5.11932449e+01
    5.17536888e+01 5.30681610e+01 5.02966194e+01 4.93802757e+01
    5.21734276e+01 5.45581703e+01 5.14511032e+01 5.13362999e+01
    4.96044388e+01 5.21023560e+01 5.09237175e+01 5.03342361e+01
    4.85758095e+01 5.03084335e+01 4.72740631e+01 4.96320763e+01
    5.03571129e+01 4.95811195e+01 5.16533966e+01 5.17870255e+01
    5.07668228e+01 5.07016602e+01 5.27862167e+01 5.42540665e+01
    5.29560966e+01 5.33150024e+01 5.53080063e+01 5.47865868e+01
    5.62497864e+01 5.27420654e+01 5.46591187e+01 5.41772232e+01
    5.50399818e+01 5.48260651e+01 5.57690010e+01 5.80657196e+01
    5.79555779e+01 5.57719345e+01 5.37108307e+01 5.56850929e+01
    5.63408661e+01 5.52661476e+01 5.47880249e+01 5.36122475e+01
    5.52572174e+01 5.63411751e+01 5.60418472e+01 5.68333435e+01
    5.66904564e+01 5.45762978e+01 5.52565460e+01 5.58727722e+01
    5.37268257e+01 5.38012657e+01 5.28664551e+01 5.45379944e+01
    5.60983276e+01 5.55153236e+01 5.30015221e+01 5.68190727e+01
    5.20253067e+01 5.45647354e+01 5.35020905e+01 5.37667885e+01
    5.64554749e+01 5.58510284e+01 5.42277260e+01 5.31199455e+01
    5.02495461e+01 5.25847893e+01 5.17155151e+01 0. 5.50053253e+01
    5.61010132e+01 5.66783524e+01 5.42276840e+01 5.63874245e+01
    5.56753922e+01 5.70699043e+01 5.41512146e+01 5.44896584e+01
    5.64762497e+01 5.32048798e+01 5.47432709e+01 5.57005806e+01
    5.55775795e+01 5.43607368e+01 5.22955093e+01 5.36247330e+01
    5.39500542e+01 5.04998932e+01 5.15516243e+01 5.11685486e+01
    5.10372124e+01 5.18789635e+01 5.34786034e+01 5.14650421e+01
    5.40476570e+01 5.43131523e+01 5.31959305e+01 5.52564697e+01
    5.44044037e+01 5.50464630e+01 5.48452606e+01 5.39470444e+01
    5.44302254e+01 5.46200066e+01 5.28430061e+01 5.41162834e+01
    5.53488579e+01 5.35290680e+01 5.62046280e+01 5.31456833e+01
    5.26018524e+01 5.38546486e+01 5.36919060e+01 4.96124802e+01
    5.34048843e+01 5.38152390e+01 5.32711639e+01 5.17123871e+01
    5.03792000e+01 5.09655075e+01 5.17983437e+01 5.58715553e+01
    5.59020348e+01 5.13536453e+01 5.43226128e+01 5.60700874e+01
    5.42047310e+01 5.47128601e+01 5.50705833e+01 5.32186928e+01
    5.27595367e+01 5.35272217e+01 5.56320839e+01 5.34241905e+01
    5.23622246e+01 5.45332527e+01 5.57196503e+01 5.53437920e+01
    5.77575493e+01 5.76946907e+01 5.71337433e+01 5.61225777e+01
    5.58533783e+01 5.53607483e+01 5.45112801e+01 5.29474602e+01
    5.34947319e+01 5.60587006e+01 5.51560059e+01 5.69453964e+01
    5.62804871e+01 5.50405884e+01 5.48341484e+01 5.50157738e+01
    5.63110352e+01 5.22088661e+01 5.41470070e+01 5.77084198e+01
    5.54233246e+01 5.58202095e+01 5.53174477e+01 5.58127365e+01
    5.57115440e+01 5.27793579e+01 5.34527092e+01 5.19944191e+01
    5.39775429e+01 5.48561363e+01 5.14424858e+01 5.37314301e+01
    5.14898949e+01 5.05329666e+01 5.20753670e+01 5.18943291e+01
    5.05677414e+01 5.09705391e+01 4.96713142e+01 5.14497375e+01
    5.18550415e+01 5.21568756e+01 5.27927322e+01 5.36657181e+01
    5.36476097e+01 5.54254303e+01 5.55910721e+01 5.38253670e+01
    5.17636528e+01 5.46402855e+01 5.22995300e+01 5.24915619e+01
    5.36426277e+01 5.35705147e+01 5.40932617e+01 5.06760216e+01
    5.27964363e+01 5.12450676e+01 5.08459702e+01 5.18923569e+01
    5.21853676e+01 4.97839775e+01 5.02169495e+01 4.97285843e+01
    5.40559959e+01 5.29828987e+01 5.07891502e+01 5.20547142e+01
    5.14355011e+01 5.21918755e+01 5.14201508e+01 5.14489670e+01
    5.03361359e+01 5.29883690e+01 5.53390579e+01 5.14794159e+01
    5.34011307e+01 5.50939636e+01 5.34928665e+01 5.16562233e+01
    5.33538475e+01 5.59982834e+01 5.46954308e+01 5.33146286e+01
    5.53024483e+01 5.37633667e+01 5.39238358e+01 5.39125862e+01
    5.29349098e+01 5.38126030e+01 4.94778748e+01 5.29647903e+01
    5.04556084e+01 5.20480232e+01 4.92394104e+01 5.11655235e+01
    5.24219093e+01 5.06912155e+01 5.13266525e+01 5.03404846e+01
    5.37061272e+01 5.25408783e+01 5.15292702e+01 5.22666702e+01
    5.25492439e+01 5.32481842e+01 5.23607864e+01 4.98666229e+01
    4.99351616e+01 4.78027840e+01 4.73204613e+01 4.99050865e+01
    4.81891212e+01 5.01815681e+01 5.10867233e+01 5.10778351e+01
    4.82789307e+01 5.09259758e+01 5.13700256e+01 5.16214218e+01
    4.86825638e+01 4.83496780e+01 5.28366814e+01 5.35855179e+01
    5.19161949e+01 5.30511856e+01 5.34287529e+01 5.40569077e+01
    5.35196762e+01 5.32498093e+01 5.43941536e+01 5.57859764e+01
    5.42450371e+01 5.52512856e+01 5.62971802e+01 5.43676720e+01
    5.54490623e+01 5.69938278e+01 5.61221390e+01 5.58001633e+01
    5.60789146e+01 5.71142159e+01 5.49722137e+01 5.41254005e+01
    5.50903587e+01 5.48590088e+01 5.67380028e+01 5.47734871e+01
    5.50661583e+01 5.59399872e+01 5.33088646e+01 5.45571823e+01
    5.54274979e+01 5.47925110e+01 5.33712692e+01 5.29977951e+01
    5.36688499e+01 5.52915649e+01 5.33574333e+01 5.66344948e+01
    5.71028214e+01 5.43243141e+01 5.66951370e+01 5.56787834e+01
    5.50856552e+01 5.35159035e+01 5.55212936e+01 5.39433479e+01
    5.37569923e+01 5.52681732e+01 5.14580460e+01 5.37711639e+01 0.
    5.17457962e+01 5.57755966e+01 5.28151474e+01 5.56452980e+01
    5.57896843e+01 5.50448456e+01 5.54742393e+01 5.43256493e+01
    5.60205040e+01 5.63551521e+01 5.46105423e+01 5.56302757e+01
    5.29966507e+01 5.48852921e+01 5.50057907e+01 5.33021317e+01
    5.22227211e+01 5.37143135e+01 5.30751305e+01 5.40331573e+01
    5.29532852e+01 5.35326233e+01 5.30777550e+01 5.19725227e+01
    5.55515900e+01 5.56930428e+01 5.49491043e+01 5.71890831e+01
    5.45412674e+01 5.88484306e+01 5.50011063e+01 5.69420319e+01
    5.45045624e+01 5.50620995e+01 5.55113297e+01 5.54764977e+01
    5.43170662e+01 5.65677071e+01 5.13370323e+01 5.38591766e+01
    5.34145355e+01 5.42760162e+01 5.22701492e+01 5.04330673e+01
    5.20641212e+01 5.25207138e+01 5.33140335e+01 5.18701248e+01
    5.26238403e+01 5.33204498e+01 5.39348221e+01 5.41043549e+01
    5.46273994e+01 5.63657036e+01 5.16370163e+01 5.43975639e+01
    5.57098045e+01 5.71645851e+01 5.45598984e+01 5.46526146e+01
    5.30837631e+01 5.41578598e+01 5.46198616e+01 5.64164467e+01
    5.49270782e+01 5.33791313e+01 5.62671776e+01 5.57392159e+01
    5.31682281e+01 5.50256195e+01 5.47829018e+01 5.54806328e+01
    5.36986465e+01 5.41804428e+01 5.48657570e+01 5.78905258e+01
    5.54632683e+01 5.49621696e+01 5.60931435e+01 5.73460121e+01
    5.63205833e+01 5.47132607e+01 5.37543030e+01 5.39107819e+01
    5.28169365e+01 5.21986732e+01 5.31414337e+01 5.42115593e+01
    5.57721481e+01 5.66133423e+01 5.45353432e+01 5.03573799e+01
    5.28496819e+01 5.54697075e+01 5.25324669e+01 5.25898628e+01
    5.57093430e+01 5.38538475e+01 5.44951439e+01 5.29795151e+01
    5.14713478e+01 5.04758606e+01 5.10674362e+01 5.18280983e+01
    5.32125359e+01 4.83866997e+01 5.19253616e+01 4.99141617e+01
    5.16681595e+01 5.16560516e+01 5.31662064e+01 5.41906738e+01
    5.48221130e+01 5.64326973e+01 5.40164223e+01 5.22889519e+01
    5.53210793e+01 5.16527519e+01 5.08652458e+01 5.37742691e+01
    5.42594337e+01 5.24717255e+01 4.97490234e+01 5.10208740e+01
    4.88981476e+01 4.95126228e+01 4.99379311e+01 4.94400673e+01
    5.04378090e+01 5.01465569e+01 5.02794800e+01 5.25347176e+01
    5.33984489e+01 5.23530350e+01 5.21861343e+01 5.06084595e+01
    5.31278458e+01 5.16562843e+01 5.28499451e+01 5.63952599e+01
    5.49623413e+01 5.53426437e+01 5.39494247e+01 5.42785492e+01
    5.49395256e+01 5.57075615e+01 5.46927414e+01 5.71117439e+01
    5.46681824e+01 5.09177055e+01 5.44303055e+01 5.52719231e+01
    5.43911819e+01 5.51102371e+01 5.45127373e+01 5.38836327e+01
    5.25290565e+01 5.41140938e+01 5.47170563e+01 5.18996773e+01
    4.83477020e+01 5.16424255e+01 5.41840897e+01 5.17342224e+01
    5.12320633e+01 5.06728287e+01 5.30605354e+01 5.09809380e+01
    5.24051971e+01 5.35807266e+01 5.35114899e+01 5.08299980e+01
    4.98276100e+01 5.00038490e+01 5.30764618e+01 5.17882881e+01
    5.04182281e+01 5.06526031e+01 4.93226776e+01 5.03140640e+01
    5.15179482e+01 5.01921387e+01 4.98629761e+01 4.99212990e+01
    5.05539398e+01 5.00250702e+01 4.85300255e+01 5.10100212e+01
    5.06325150e+01 5.23072395e+01 5.12988586e+01 4.99738846e+01
    5.17303467e+01 4.88575783e+01 5.19785233e+01 5.49511490e+01
    5.54359932e+01 5.46058655e+01 5.40489807e+01 5.58542900e+01
    5.60301704e+01 5.49887390e+01 5.42630196e+01 5.64639626e+01
    5.50910912e+01 5.43055305e+01 5.43141670e+01 5.80648155e+01
    5.60732231e+01 5.79361382e+01 5.57766533e+01 5.63397751e+01
    5.41396637e+01 5.25958519e+01 5.41990242e+01 5.50745506e+01
    5.28820076e+01 5.55927467e+01 5.47964325e+01 5.57144775e+01
    5.19874954e+01 5.31586685e+01 5.45011406e+01 5.49541893e+01
    5.22600479e+01 5.19569168e+01 5.61609917e+01 5.27650871e+01
    5.19766121e+01 5.56725883e+01 5.34881096e+01 5.48082314e+01
    5.48906097e+01 5.44161682e+01 5.48368950e+01 5.61119461e+01
    5.61083527e+01 5.54229431e+01 5.50068321e+01 5.37354698e+01
    5.31404152e+01 0. 5.29622612e+01 5.50772820e+01 5.54979095e+01
    5.20976067e+01 5.56139908e+01 5.63999023e+01 5.55490799e+01
    5.31394424e+01 5.33598022e+01 5.44432373e+01 5.35699196e+01
    5.07387352e+01 5.30133247e+01 5.15146866e+01 5.84697227e+01
    5.66226044e+01 5.25828819e+01 5.12299385e+01 5.32768211e+01
    5.24125443e+01 5.18783073e+01 5.07803421e+01 5.18137131e+01
    5.26944275e+01 5.15553360e+01 5.31783676e+01 5.47183037e+01
    5.38661499e+01 5.34012604e+01 5.23308067e+01 5.47335625e+01
    5.31142654e+01 5.39888992e+01 5.58123741e+01 5.59339218e+01
    5.43831863e+01 5.43762016e+01 5.31796799e+01 5.24580765e+01
    5.24311523e+01 5.51995316e+01 5.12041550e+01 5.42480049e+01
    5.30338402e+01 5.47743034e+01 5.60613327e+01 5.37451286e+01
    5.58599167e+01 5.48389015e+01 5.59482498e+01 5.59951057e+01
    5.28966599e+01 5.76731262e+01 5.62673683e+01 5.38030434e+01
    5.42386322e+01 5.52979965e+01 5.60262108e+01 5.48863564e+01
    5.09335022e+01 5.24965401e+01 5.28779297e+01 5.00700188e+01
    5.39648209e+01 5.40254898e+01 5.15862312e+01 5.45121346e+01
    5.34392776e+01 5.48895874e+01 5.58936615e+01 5.63293343e+01
    5.43152008e+01 5.52265015e+01 5.28040504e+01 5.64790993e+01
    5.65964127e+01 5.63746567e+01 5.43484039e+01 5.67638969e+01
    5.71901321e+01 5.54991684e+01 5.27132607e+01 5.14399834e+01
    5.13510780e+01 5.59774818e+01 5.15866508e+01 5.23499298e+01
    5.43366547e+01 5.39911079e+01 5.29041290e+01 5.43869286e+01
    5.44243965e+01 5.58163719e+01 5.34668655e+01 5.35469780e+01
    5.29381142e+01 5.37142754e+01 5.37625656e+01 5.37571793e+01
    5.13329010e+01 5.18862000e+01 5.31847305e+01 4.98274879e+01
    5.27240410e+01 5.14526215e+01 5.00753326e+01 4.96118736e+01
    5.19908524e+01 5.35716019e+01 5.30155449e+01 5.18909798e+01
    5.20721703e+01 5.43458977e+01 5.29059296e+01 5.34312973e+01
    5.33596077e+01 5.36249580e+01 5.61144409e+01 5.52427673e+01
    5.40166664e+01 5.40244370e+01 5.65217705e+01 5.21516533e+01
    5.15796089e+01 5.09251137e+01 5.35119209e+01 5.11130257e+01
    5.03187027e+01 4.87111855e+01 5.12453499e+01 5.15088463e+01
    5.22710228e+01 5.07975273e+01 5.32815742e+01 5.42310486e+01
    5.03317795e+01 5.42871780e+01 5.34967918e+01 5.75164642e+01
    5.65075035e+01 5.33355560e+01 5.47125702e+01 5.69790993e+01
    5.17465515e+01 5.53172684e+01 5.31582870e+01 5.63100586e+01
    5.58616562e+01 5.08989067e+01 5.37042427e+01 5.29536209e+01
    5.36814613e+01 5.47229424e+01 5.10055923e+01 5.19714584e+01
    5.14993439e+01 5.57932663e+01 5.24749413e+01 5.35275459e+01
    5.35578995e+01 5.08361931e+01 5.17991219e+01 5.16894226e+01
    5.30749321e+01 5.18829498e+01 5.14505768e+01 5.32789841e+01
    5.14992447e+01 5.18450546e+01 5.15706329e+01 5.11254082e+01
    5.05832672e+01 5.00753632e+01 5.24700165e+01 5.18705635e+01
    5.01736526e+01 5.03466682e+01 5.04071846e+01 4.90897789e+01
    5.06476555e+01 4.92128334e+01 5.28865471e+01 4.74677734e+01
    4.81830750e+01 4.82474365e+01 4.75997238e+01 4.95023575e+01
    5.07517281e+01 4.98060150e+01 5.02414970e+01 4.89781532e+01
    4.87410965e+01 4.99691582e+01 5.02083778e+01 5.22604256e+01
    5.14997635e+01 5.44697418e+01 5.65821533e+01 5.48599739e+01
    5.55410805e+01 5.50604630e+01 5.45643120e+01 5.48840408e+01
    5.59923782e+01 5.52408333e+01 5.72835083e+01 5.71816788e+01
    5.91810951e+01 5.92293816e+01 5.86547775e+01 5.58909187e+01
    5.51227188e+01 5.44819679e+01 5.27213440e+01 5.57233124e+01
    5.67003937e+01 5.56793175e+01 5.66491547e+01 5.49339828e+01
    5.29458847e+01 5.13951988e+01 5.17798462e+01 5.24107666e+01
    5.41178703e+01 5.25203743e+01 5.25214043e+01 5.61843605e+01
    5.50632019e+01 5.52512131e+01 5.62985916e+01 5.27076492e+01
    5.42344017e+01 5.80618515e+01 5.49842110e+01 5.44949989e+01
    5.50727844e+01 5.40445938e+01 5.49670525e+01 5.31635094e+01
    5.17419014e+01 5.55182610e+01 0. 5.15291977e+01 5.26744003e+01
    5.47635460e+01 5.22005844e+01 5.42448807e+01 5.63040771e+01
    5.64925690e+01 5.54704285e+01 5.57774811e+01 5.41594162e+01
    5.63173866e+01 5.57378502e+01 5.36937370e+01 5.43902092e+01
    5.36010933e+01 5.41018066e+01 5.09119301e+01 5.32113228e+01
    5.04757347e+01 5.08869438e+01 5.11683540e+01 5.20254211e+01
    5.13715591e+01 5.24507980e+01 5.24070778e+01 5.27287636e+01
    5.43381844e+01 5.52251625e+01 5.56193123e+01 5.25648956e+01
    5.26357765e+01 5.65725861e+01 5.36414261e+01 5.49661636e+01
    5.52073555e+01 5.41954994e+01 5.37402992e+01 5.29077721e+01
    5.15719757e+01 5.21640701e+01 5.25529900e+01 5.17456551e+01
    4.87599449e+01 5.43905602e+01 5.34734764e+01 5.40816307e+01
    5.52531548e+01 5.74010277e+01 5.37944832e+01 5.30154533e+01
    5.62356491e+01 5.48357964e+01 5.26411705e+01 5.57703743e+01
    5.39263420e+01 5.40687599e+01 5.58439598e+01 5.60067444e+01
    5.66194763e+01 5.43885536e+01 5.36751404e+01 5.28149643e+01
    5.29391785e+01 5.25837364e+01 5.49293137e+01 5.22409973e+01
    5.57893562e+01 5.67396431e+01 5.53056030e+01 5.56602783e+01
    5.54300423e+01 5.46885376e+01 5.42740479e+01 5.22509308e+01
    5.35833778e+01 5.57687454e+01 5.59040260e+01 5.31458206e+01
    5.46408768e+01 5.63655128e+01 5.34882660e+01 5.59682159e+01
    5.27311821e+01 5.15315132e+01 5.47856293e+01 5.37178688e+01
    5.29098473e+01 5.25241852e+01 5.46885071e+01 5.45978699e+01
    5.47631187e+01 5.43732567e+01 5.49678917e+01 5.64719849e+01
    5.31367455e+01 5.35769691e+01 5.50814018e+01 5.59467087e+01
    5.27383499e+01 5.20611343e+01 5.32950592e+01 5.29910698e+01
    5.49244766e+01 5.19203072e+01 5.44048576e+01 5.37497597e+01
    5.22084427e+01 5.11210022e+01 5.19066353e+01 5.12831268e+01
    5.50655670e+01 5.26009560e+01 5.26420708e+01 5.59802017e+01
    5.65403328e+01 5.37842369e+01 5.47452202e+01 5.28503304e+01
    5.43364067e+01 5.27946701e+01 4.99304237e+01 5.19744301e+01
    5.15099564e+01 5.21035347e+01 5.21884346e+01 4.92082100e+01
    5.10338249e+01 5.19173508e+01 5.08603706e+01 5.12986183e+01
    5.32141647e+01 5.12448158e+01 5.29669189e+01 5.43074799e+01
    5.42356873e+01 5.23050957e+01 5.37682915e+01 5.09016418e+01
    5.51016121e+01 5.91840248e+01 5.35522118e+01 5.62748947e+01
    5.39931068e+01 5.39156036e+01 5.26921921e+01 5.57202415e+01
    5.31949501e+01 5.67035484e+01 5.36884308e+01 5.15690498e+01
    5.32838631e+01 5.54146576e+01 5.15806274e+01 5.34811325e+01
    5.24800873e+01 5.30860901e+01 5.60504189e+01 5.35175285e+01
    5.41621933e+01 5.29478645e+01 5.46634445e+01 5.32085533e+01
    5.22584114e+01 5.10577278e+01 5.11064453e+01 5.33047333e+01
    5.32763367e+01 5.38838844e+01 5.23287354e+01 5.41039162e+01
    5.35967255e+01 5.21080589e+01 5.10076599e+01 5.19549828e+01
    5.46451836e+01 5.30061417e+01 5.25743523e+01 5.32331314e+01
    4.97472076e+01 4.91539268e+01 4.89965363e+01 4.77543716e+01
    4.80888176e+01 4.88833580e+01 4.91833038e+01 4.72493706e+01
    5.01888657e+01 4.95834160e+01 5.07676964e+01 5.01318703e+01
    5.02822227e+01 5.07973824e+01 5.33885384e+01 5.31562195e+01
    5.50814323e+01 5.59999084e+01 5.50936432e+01 5.40569992e+01
    5.72790413e+01 5.65675011e+01 5.44543571e+01 5.60178604e+01
    5.65400772e+01 5.91697922e+01 5.82903633e+01 5.76240807e+01
    5.79698105e+01 5.80047340e+01 5.51044388e+01 5.58919144e+01
    5.60507278e+01 5.66607056e+01 5.72400932e+01 5.48711166e+01
    5.30956039e+01 5.75499001e+01 5.37014732e+01 5.44107895e+01
    5.42752457e+01 5.41760864e+01 5.38158646e+01 5.48297386e+01
    5.29346504e+01 5.44254150e+01 5.17345810e+01 5.42886009e+01
    5.32180672e+01 5.24910660e+01 5.15431404e+01 5.37922821e+01
    5.43839531e+01 5.04003258e+01 5.31810188e+01 5.65854988e+01
    5.48906097e+01 5.46069984e+01 5.38673363e+01 5.30704460e+01
    5.33485298e+01 5.34477234e+01 5.52761459e+01 0. 5.28574295e+01
    5.76904869e+01 5.26824722e+01 5.48996162e+01 5.79363289e+01
    5.53298302e+01 5.63931885e+01 5.63124466e+01 5.58127670e+01
    5.61963768e+01 5.16994743e+01 5.31469383e+01 5.41619606e+01
    5.31732559e+01 5.50648079e+01 5.37316093e+01 4.99885368e+01
    5.45512276e+01 5.41189613e+01 5.32007446e+01 5.21393661e+01
    5.39242783e+01 5.42900238e+01 5.43761826e+01 5.23740959e+01
    5.32468834e+01 5.32995605e+01 5.44603310e+01 5.23474998e+01
    5.44996872e+01 5.42366829e+01 5.40214386e+01 5.37110367e+01
    5.51451912e+01 5.54196625e+01 5.27941589e+01 5.33426895e+01
    5.51589203e+01 5.27584839e+01 5.16188622e+01 5.46410179e+01
    5.25782051e+01 5.16022339e+01 5.23541527e+01 5.46554298e+01
    5.43117065e+01 5.46322823e+01 5.45010643e+01 5.34104271e+01
    5.35022774e+01 5.19002342e+01 5.52391090e+01 5.59352989e+01
    5.52437325e+01 5.59169731e+01 5.55625458e+01 5.70317459e+01
    5.61554909e+01 5.93009605e+01 5.68920326e+01 5.18304977e+01
    5.43361969e+01 5.43796539e+01 5.43026047e+01 5.51919022e+01
    5.35094757e+01 5.40950356e+01 5.52938309e+01 5.51049194e+01
    5.18674202e+01 5.34584694e+01 5.39497490e+01 5.39511337e+01
    5.35489082e+01 5.30792084e+01 5.53559341e+01 5.71360397e+01
    5.43311462e+01 5.56653442e+01 5.78441010e+01 5.66210480e+01
    5.51311264e+01 5.48243637e+01 5.42976494e+01 5.46642876e+01
    5.50936623e+01 5.51995544e+01 5.49288025e+01 5.40387039e+01
    5.43185349e+01 5.55508728e+01 5.48144989e+01 5.45434189e+01
    5.32738991e+01 5.54758224e+01 5.19863281e+01 5.25011215e+01
    5.23636627e+01 5.39228973e+01 5.18174973e+01 5.23873024e+01
    5.40048523e+01 5.23325157e+01 5.24728546e+01 5.43809052e+01
    5.13976288e+01 5.32631264e+01 5.20695152e+01 5.33120575e+01
    5.60464592e+01 5.49482460e+01 5.42433510e+01 5.40207710e+01
    5.54432564e+01 5.54523697e+01 5.57329216e+01 5.46989059e+01
    5.45535049e+01 5.62820282e+01 5.11985283e+01 5.40418701e+01
    5.53859406e+01 5.55404739e+01 5.04798698e+01 5.09030075e+01
    5.19273376e+01 5.25569115e+01 5.39615250e+01 5.43711090e+01
    5.30870857e+01 5.00413628e+01 5.35472908e+01 5.27605629e+01
    5.34641304e+01 5.10494919e+01 5.52923088e+01 5.51085434e+01
    5.45057220e+01 5.67203979e+01 5.84460487e+01 5.63983421e+01
    5.62898827e+01 5.56008987e+01 5.44315910e+01 5.65639572e+01
    5.68548546e+01 5.65522995e+01 5.74180183e+01 5.80430336e+01
    5.46452141e+01 5.44803848e+01 5.47629967e+01 5.46002502e+01
    5.19514389e+01 5.47094040e+01 5.41661835e+01 5.62839775e+01
    5.52305412e+01 5.48907127e+01 5.37034760e+01 5.28611450e+01
    5.27233696e+01 5.32526817e+01 5.36004105e+01 5.24871483e+01
    5.19359436e+01 5.23077736e+01 5.51384888e+01 5.32596359e+01
    5.15204659e+01 5.21618156e+01 4.95079956e+01 5.02917061e+01
    5.10503044e+01 4.98652458e+01 5.25994225e+01 5.01028175e+01
    5.10243530e+01 5.05163765e+01 4.90909576e+01 5.17510872e+01
    5.08378792e+01 4.93583794e+01 4.90662689e+01 5.07024765e+01
    5.14628181e+01 4.88805084e+01 5.06774521e+01 5.16667938e+01
    5.21548233e+01 5.29026413e+01 5.58064728e+01 5.38213997e+01
    5.25173798e+01 5.49475594e+01 5.24323082e+01 5.64434052e+01
    5.59492073e+01 5.49213028e+01 5.78586006e+01 5.58056107e+01
    5.66350403e+01 5.67876625e+01 5.72376976e+01 5.44458809e+01
    5.63504829e+01 5.67041321e+01 5.67957382e+01 5.48924484e+01
    5.81639862e+01 5.78486633e+01 5.87273483e+01 5.55379524e+01
    5.56700592e+01 5.68363609e+01 5.68868256e+01 5.60356407e+01
    5.59487000e+01 5.44524689e+01 5.56422997e+01 5.17219009e+01
    5.33079109e+01 5.31363106e+01 5.44550819e+01 5.18091278e+01
    5.26954422e+01 5.53909836e+01 5.22131996e+01 5.18079224e+01
    5.15134087e+01 5.28149529e+01 5.27710876e+01 5.39649582e+01
    5.44728622e+01 5.58916283e+01 5.42023239e+01 5.45105705e+01
    5.43050575e+01 5.43824730e+01 5.25704193e+01 5.28420677e+01 0.
    5.36609077e+01 5.38637619e+01 5.23384476e+01 5.38530388e+01
    5.42191734e+01 5.55861893e+01 5.54429131e+01 5.33751450e+01
    5.41827393e+01 5.23511200e+01 5.49401131e+01 5.13077354e+01
    5.40763321e+01 5.31807442e+01 5.65675926e+01 5.56788025e+01
    5.42974129e+01 5.36285896e+01 5.36162758e+01 5.33961487e+01
    5.30608139e+01 5.18377037e+01 5.35874710e+01 5.30468369e+01
    5.51604004e+01 5.44826698e+01 5.67206039e+01 5.60639229e+01
    5.37034302e+01 5.24824371e+01 5.45103912e+01 5.42695007e+01
    5.56602325e+01 5.27997780e+01 5.47957726e+01 5.53458176e+01
    5.18846359e+01 5.49085426e+01 5.58522377e+01 5.24838028e+01
    5.31001358e+01 5.47589073e+01 5.22063980e+01 5.47396507e+01
    5.42627640e+01 5.59733467e+01 5.47673798e+01 5.78791809e+01
    5.44524498e+01 5.41134186e+01 5.48821144e+01 5.17010384e+01
    5.38256149e+01 5.50685539e+01 5.38717346e+01 5.55910950e+01
    5.67554512e+01 5.89036522e+01 5.88270111e+01 5.55451927e+01
    5.57969017e+01 5.34194145e+01 5.46449394e+01 5.29111214e+01
    5.16038132e+01 5.14025307e+01 5.29650536e+01 5.44565163e+01
    5.35268593e+01 5.25238342e+01 5.31453934e+01 5.66691055e+01
    5.57084351e+01 5.38728943e+01 5.64516983e+01 5.45649338e+01
    5.45951958e+01 5.38693733e+01 5.43008690e+01 5.62540550e+01
    5.63935051e+01 5.90130310e+01 5.35289650e+01 5.20963211e+01
    5.39219093e+01 5.23340721e+01 5.37039337e+01 5.10006218e+01
    5.46841354e+01 5.34075165e+01 5.21068077e+01 5.67759781e+01
    5.44329948e+01 5.28167038e+01 5.13343239e+01 5.42690125e+01
    5.40820274e+01 5.21656799e+01 5.17119217e+01 5.57157669e+01
    5.13981018e+01 5.13739624e+01 5.27150917e+01 5.67709122e+01
    5.51535301e+01 5.56118584e+01 5.21739960e+01 5.38714218e+01
    5.69015427e+01 5.44983788e+01 5.50202065e+01 5.62022552e+01
    5.50039825e+01 5.49624901e+01 5.45153732e+01 5.73222809e+01
    5.66494865e+01 5.82162971e+01 5.30174484e+01 5.54867973e+01
    5.35362587e+01 5.48368378e+01 5.13271446e+01 5.38881912e+01
    5.18968163e+01 5.36498299e+01 5.26389809e+01 5.25972176e+01
    5.42842827e+01 5.43352432e+01 4.94280090e+01 5.16435204e+01
    5.11424866e+01 5.51447296e+01 5.68165436e+01 5.41071701e+01
    5.49300232e+01 5.75840225e+01 5.62793884e+01 5.73566933e+01
    5.60959930e+01 5.57354813e+01 6.05868073e+01 5.58555908e+01
    5.76026039e+01 5.77091599e+01 5.88867989e+01 5.79724808e+01
    5.49864960e+01 5.33534584e+01 5.67376671e+01 5.39150734e+01
    5.44165459e+01 5.14863319e+01 5.51472702e+01 5.23197289e+01
    5.56674538e+01 5.42687912e+01 5.13204994e+01 5.21043625e+01
    5.37585068e+01 5.21655121e+01 5.16334076e+01 5.22964706e+01
    5.62269020e+01 5.20311737e+01 5.10212860e+01 5.17359390e+01
    5.29366302e+01 5.21030121e+01 5.35029259e+01 5.17232170e+01
    4.94591637e+01 5.34898148e+01 5.46041603e+01 5.31477013e+01
    5.14956589e+01 5.37153549e+01 5.25475121e+01 5.38508644e+01
    4.99236298e+01 5.10935440e+01 5.05482445e+01 5.27517853e+01
    4.94986954e+01 4.94255142e+01 5.16729050e+01 5.04804344e+01
    5.35472450e+01 5.06796837e+01 5.09521408e+01 5.20643692e+01
    5.38263855e+01 5.23856430e+01 5.25929031e+01 5.63449974e+01
    5.60980225e+01 5.73748589e+01 5.47664871e+01 5.55914803e+01
    5.72963028e+01 5.54744682e+01 5.38934593e+01 5.68883057e+01
    5.51104088e+01 5.81668625e+01 5.71822662e+01 5.77802773e+01
    5.71474915e+01 5.74334831e+01 5.60628357e+01 5.53994560e+01
    5.31295357e+01 5.41040421e+01 5.59447556e+01 5.71989098e+01
    5.36969376e+01 5.51205978e+01 5.36548233e+01 5.58789444e+01
    5.05831337e+01 5.07604980e+01 5.14799576e+01 5.17656708e+01
    5.08714790e+01 5.25101967e+01 5.21672211e+01 5.46493073e+01
    5.44976768e+01 5.47390823e+01 5.47161102e+01 5.43310699e+01
    5.51641884e+01 5.31432076e+01 5.59828835e+01 5.50637817e+01
    5.09357643e+01 5.29204521e+01 5.51245155e+01 5.17815819e+01
    5.37250977e+01 0. 5.36319962e+01 5.38011894e+01 5.32109985e+01
    5.15711441e+01 5.59443588e+01 5.18302193e+01 5.39362411e+01
    5.62512589e+01 5.53836708e+01 5.61026840e+01 5.38970985e+01
    5.77071266e+01 5.51303139e+01 5.41182785e+01 5.41702232e+01
    5.60571136e+01 5.34810638e+01 5.23931847e+01 5.07867241e+01
    5.38464699e+01 5.53648300e+01 5.62464600e+01 5.32905693e+01
    5.33749657e+01 5.57063370e+01 5.56687050e+01 5.19567299e+01
    5.53689690e+01 5.33447418e+01 5.31900368e+01 5.32360191e+01
    5.43853874e+01 5.59590187e+01 5.64261017e+01 5.25230560e+01
    5.60200577e+01 5.48255348e+01 5.27704468e+01 5.33046188e+01
    5.41664162e+01 5.30834732e+01 5.33392105e+01 5.20577507e+01
    5.07158203e+01 5.54865036e+01 5.60991440e+01 5.40688782e+01
    5.53935699e+01 5.55691185e+01 5.38761063e+01 5.48932648e+01
    5.54408569e+01 5.75017433e+01 5.62842331e+01 5.69314194e+01
    5.70721664e+01 5.63123322e+01 5.95920792e+01 6.12802467e+01
    5.81775284e+01 5.52018089e+01 5.44557419e+01 5.26808853e+01
    5.51041031e+01 5.37685699e+01 5.32174149e+01 5.30945091e+01
    5.29829636e+01 5.77316666e+01 5.44502449e+01 5.33225784e+01
    5.61882095e+01 5.51041565e+01 5.46384659e+01 5.34113960e+01
    5.66543579e+01 5.63550453e+01 5.64983597e+01 5.53071976e+01
    5.74434967e+01 5.94625244e+01 5.69683266e+01 5.49176254e+01
    5.27639961e+01 5.32910728e+01 5.34705315e+01 5.38953209e+01
    5.18653831e+01 5.14062767e+01 5.38367462e+01 5.28548737e+01
    5.18578377e+01 5.38857536e+01 5.46984482e+01 5.14372597e+01
    5.21563911e+01 5.48449783e+01 5.42208900e+01 5.41706619e+01
    5.25092010e+01 5.36790352e+01 5.42488823e+01 5.45533447e+01
    5.50190964e+01 5.78398323e+01 5.40588913e+01 5.44258842e+01
    5.31319504e+01 5.30114174e+01 5.59454193e+01 5.66057014e+01
    5.50771294e+01 5.59282684e+01 5.59463921e+01 5.63054123e+01
    5.73588600e+01 5.43133087e+01 5.75214081e+01 5.44505157e+01
    5.28801994e+01 5.44429512e+01 5.56261139e+01 5.19905663e+01
    5.38083534e+01 5.15130196e+01 5.45825195e+01 5.16808243e+01
    5.19291077e+01 5.49913368e+01 5.43519096e+01 5.20403557e+01
    5.46348839e+01 5.57005043e+01 5.37490883e+01 5.38592567e+01
    5.60690422e+01 5.68816833e+01 5.70123787e+01 5.88720856e+01
    6.09119644e+01 5.78232269e+01 5.93688049e+01 5.75927963e+01
    5.75453491e+01 5.76118355e+01 5.85271454e+01 5.57152214e+01
    5.66175804e+01 5.48037910e+01 5.47585526e+01 5.62924423e+01
    5.67186012e+01 5.28234062e+01 5.49122314e+01 5.10138206e+01
    5.20295181e+01 5.31957855e+01 5.58131332e+01 5.24058571e+01
    5.10743904e+01 5.14905014e+01 5.33567162e+01 4.99376144e+01
    5.24599495e+01 5.06828003e+01 5.22627411e+01 4.81031265e+01
    5.17538986e+01 5.07154007e+01 5.33843307e+01 5.05090561e+01
    5.13937340e+01 5.09413872e+01 5.07599831e+01 5.20265465e+01
    5.43461113e+01 5.25047455e+01 5.22986107e+01 5.01994171e+01
    5.20376549e+01 5.28694496e+01 4.95527039e+01 5.00403481e+01
    5.20430984e+01 4.98797112e+01 5.02147942e+01 4.98199959e+01
    5.08992462e+01 5.33431740e+01 5.20263824e+01 5.07987556e+01
    5.33648491e+01 5.29700050e+01 5.26772652e+01 5.30802116e+01
    5.61914673e+01 5.49839020e+01 5.40307655e+01 5.44170799e+01
    5.38205528e+01 5.96519470e+01 5.62355766e+01 5.59243774e+01
    5.46687469e+01 5.48254318e+01 5.51102448e+01 5.68395882e+01
    5.37241592e+01 5.66253510e+01 5.67355728e+01 5.48154297e+01
    5.47294655e+01 5.27441788e+01 5.59822006e+01 5.45983925e+01
    5.51583672e+01 5.27049103e+01 5.26849670e+01 5.38218460e+01
    5.37002220e+01 5.16942520e+01 5.36750107e+01 5.15114479e+01
    5.39827271e+01 5.27448921e+01 5.29517899e+01 5.32656326e+01
    5.51593094e+01 5.30474281e+01 5.51522827e+01 5.35661011e+01
    5.40393867e+01 5.53930740e+01 5.63140717e+01 5.54322472e+01
    5.57718239e+01 5.34489059e+01 5.50826302e+01 5.49721794e+01
    5.29454346e+01 5.12684631e+01 0. 5.35933990e+01 5.46913948e+01
    5.32930527e+01 5.10998192e+01 5.61316376e+01 5.58192139e+01
    5.35378265e+01 5.62024193e+01 5.59272461e+01 5.47896957e+01
    5.50668526e+01 5.34836617e+01 5.72418442e+01 5.67634354e+01
    5.80477562e+01 5.67130737e+01 5.62622948e+01 5.57188492e+01
    5.64775734e+01 5.52487335e+01 5.45607872e+01 5.53223381e+01
    5.41061287e+01 5.27562180e+01 5.47412758e+01 5.31791344e+01
    5.37536621e+01 5.52691917e+01 5.39588852e+01 5.41201591e+01
    5.26535873e+01 5.32748756e+01 5.48817673e+01 5.55550270e+01
    5.46326485e+01 5.41992912e+01 5.36049461e+01 5.26106606e+01
    5.40695000e+01 5.50981293e+01 5.41791382e+01 5.16281433e+01
    5.46418457e+01 5.23327637e+01 5.44691887e+01 5.51108322e+01
    5.55233154e+01 5.65606461e+01 5.86442375e+01 5.62095490e+01
    5.59856415e+01 5.56675873e+01 6.11290550e+01 5.60280457e+01
    5.46976204e+01 5.65579071e+01 5.80857124e+01 5.74747925e+01
    5.89483185e+01 5.67016907e+01 5.52898636e+01 5.39412155e+01
    5.46386070e+01 5.57243767e+01 5.43951683e+01 5.56520119e+01
    5.49393806e+01 5.49136887e+01 5.82605438e+01 5.73385124e+01
    5.31136932e+01 5.62418976e+01 5.49362831e+01 5.61012993e+01
    5.66061478e+01 5.81843948e+01 5.75055504e+01 5.77533798e+01
    5.81651726e+01 5.96073761e+01 5.72652512e+01 5.85606079e+01
    5.70186501e+01 5.65464287e+01 5.47837601e+01 5.45911751e+01
    5.37879791e+01 5.36400452e+01 5.41132584e+01 5.19287262e+01
    5.37893333e+01 5.37688713e+01 5.28115768e+01 5.35145454e+01
    5.51082497e+01 5.37645874e+01 5.51800613e+01 5.39252319e+01
    5.60918999e+01 5.38280945e+01 5.11745911e+01 5.32737045e+01
    5.37902145e+01 5.45999184e+01 5.57087784e+01 5.57220268e+01
    5.45433578e+01 5.64929543e+01 5.36759567e+01 5.68272667e+01
    5.70789413e+01 5.51525459e+01 5.42742119e+01 5.40972557e+01
    5.25495033e+01 5.69389725e+01 5.41499214e+01 5.31319237e+01
    5.72401657e+01 5.41830711e+01 5.26692886e+01 5.45728455e+01
    5.49498367e+01 5.28114700e+01 5.22073898e+01 5.34408798e+01
    5.51472931e+01 5.04321976e+01 5.24300003e+01 5.48511162e+01
    5.28375854e+01 5.56794777e+01 5.08355064e+01 5.47349701e+01
    5.65316925e+01 5.62248878e+01 5.70026245e+01 5.65335236e+01
    5.76385078e+01 6.15297050e+01 5.72918701e+01 5.50549774e+01
    5.57887192e+01 5.63522415e+01 5.54168167e+01 5.68439255e+01
    5.73973770e+01 5.82946014e+01 5.53641701e+01 5.40603867e+01
    5.73065720e+01 5.60005417e+01 5.21296425e+01 5.21116409e+01
    5.62506371e+01 5.31568832e+01 5.09991188e+01 5.29219398e+01
    5.33806267e+01 5.07817345e+01 5.15173187e+01 5.34316444e+01
    5.06586113e+01 5.19724388e+01 5.16739197e+01 5.39083366e+01
    5.12383537e+01 5.29879570e+01 5.14594574e+01 5.29714203e+01
    5.30286865e+01 4.99345627e+01 5.21230164e+01 5.25559006e+01
    5.08266029e+01 5.12559471e+01 5.24031677e+01 5.30710945e+01
    5.22945976e+01 5.42554245e+01 5.53701897e+01 5.27943916e+01
    5.02082138e+01 5.03503838e+01 5.10852051e+01 4.81229019e+01
    4.99305344e+01 4.86945038e+01 5.20074768e+01 5.17192345e+01
    4.96858101e+01 4.96540146e+01 5.31374550e+01 5.09674797e+01
    5.23995819e+01 5.39933853e+01 5.69436989e+01 5.61811028e+01
    5.42118988e+01 5.76299858e+01 5.62083778e+01 5.40119934e+01
    5.46340981e+01 5.90220261e+01 5.51370430e+01 5.65899391e+01
    5.59892998e+01 5.79339409e+01 5.44262161e+01 5.37317009e+01
    5.40776329e+01 5.61143303e+01 5.13345070e+01 5.37462120e+01
    5.27347832e+01 5.47612762e+01 5.30481415e+01 5.38089523e+01
    5.18694954e+01 5.55826874e+01 4.92089195e+01 5.05084419e+01
    5.37035904e+01 5.24958153e+01 5.34368668e+01 5.37474480e+01
    5.31969109e+01 5.40198212e+01 5.57508163e+01 5.37869492e+01
    5.26646996e+01 5.40322647e+01 5.54737206e+01 5.37499046e+01
    5.39106636e+01 5.47496071e+01 5.64598885e+01 5.27537346e+01
    5.37963486e+01 5.38282166e+01 5.30806808e+01 0. 5.36707497e+01
    5.51060257e+01 5.46628304e+01 5.37686119e+01 5.40334473e+01
    5.52810898e+01 5.58667450e+01 5.64906960e+01 5.60928078e+01
    5.35504303e+01 5.43356400e+01 5.45482063e+01 5.69048271e+01
    5.57637863e+01 5.61603508e+01 5.66216621e+01 5.40695190e+01
    5.46353722e+01 5.47450333e+01 5.37567940e+01 5.43483734e+01
    5.52013283e+01 5.52806969e+01 5.45939293e+01 5.65000381e+01
    5.58952866e+01 5.54111671e+01 5.59182053e+01 5.56459732e+01
    5.45695953e+01 5.61849442e+01 5.40286102e+01 5.67904816e+01
    5.51552391e+01 5.38473091e+01 5.71254692e+01 5.49847832e+01
    5.30492630e+01 5.36491814e+01 5.41674156e+01 5.41191559e+01
    5.28586273e+01 5.31235924e+01 5.31192856e+01 5.31519737e+01
    5.79973450e+01 5.66711922e+01 5.85140572e+01 5.51192703e+01
    5.44297562e+01 5.40352440e+01 5.46277161e+01 5.64519577e+01
    5.75534592e+01 5.35257607e+01 5.53605499e+01 5.81538010e+01
    5.81369591e+01 6.02913704e+01 5.61208611e+01 5.89132042e+01
    5.97923622e+01 5.67580757e+01 5.48760757e+01 5.40523949e+01
    5.29454803e+01 5.62995377e+01 5.54924850e+01 5.50323830e+01
    5.51609268e+01 5.71425095e+01 5.63445358e+01 5.80160789e+01
    5.66051598e+01 5.85401230e+01 5.75019875e+01 5.67612610e+01
    5.68957405e+01 5.84483910e+01 5.85631866e+01 6.04285202e+01
    5.73763962e+01 6.11015129e+01 5.73477745e+01 5.82151299e+01
    5.69792442e+01 5.74604721e+01 5.65782242e+01 5.36983070e+01
    5.59715919e+01 5.64265022e+01 5.69387093e+01 5.87246933e+01
    5.69309769e+01 5.68625641e+01 5.63529739e+01 5.59436035e+01
    5.35456276e+01 5.41941681e+01 5.29822197e+01 5.32054787e+01
    5.45463638e+01 4.98428917e+01 5.35921936e+01 5.55065193e+01
    5.49193954e+01 5.41485939e+01 5.44879532e+01 5.20107574e+01
    5.44071732e+01 5.39381447e+01 5.21372643e+01 5.35407219e+01
    5.42488480e+01 5.35237541e+01 5.73468246e+01 5.67608566e+01
    5.55205879e+01 5.41375351e+01 5.55032654e+01 5.32554359e+01
    5.32147255e+01 5.33121376e+01 5.52084808e+01 5.11438522e+01
    5.12416573e+01 5.24137993e+01 5.54663315e+01 5.26140175e+01
    5.40536308e+01 5.36876755e+01 5.41515656e+01 5.35145340e+01
    5.56979294e+01 5.44989624e+01 5.32497368e+01 5.59663239e+01
    5.77370300e+01 5.79511490e+01 5.97049370e+01 5.89118958e+01
    5.76799431e+01 5.89247322e+01 5.81282539e+01 5.77821579e+01
    5.86258698e+01 5.67182312e+01 5.76978912e+01 5.70378571e+01
    5.56380043e+01 5.50827408e+01 5.49683113e+01 5.48168449e+01
    5.23566704e+01 5.29745750e+01 5.38699265e+01 5.37587852e+01
    5.27407951e+01 5.40065994e+01 4.95285378e+01 5.00049553e+01
    4.95852623e+01 5.13142967e+01 5.13562355e+01 5.04682045e+01
    5.18083420e+01 5.31613312e+01 4.97605858e+01 5.05385551e+01
    5.12245979e+01 5.22688484e+01 4.87190819e+01 5.26052170e+01
    5.33123169e+01 5.65700912e+01 5.45898666e+01 5.29742126e+01
    5.45669594e+01 5.24983788e+01 5.20168266e+01 5.02797699e+01
    4.82631073e+01 4.86786804e+01 5.02666359e+01 4.86438332e+01
    5.15723343e+01 4.91761856e+01 4.86693230e+01 4.88654861e+01
    5.03115196e+01 5.10815353e+01 5.08887749e+01 4.75385666e+01
    5.39572334e+01 5.43391724e+01 5.40359612e+01 5.30254784e+01
    5.63423424e+01 5.48864975e+01 5.44012642e+01 5.44576073e+01
    5.47035294e+01 5.69264603e+01 5.72881317e+01 5.46390533e+01
    5.54569855e+01 5.36926270e+01 5.82138901e+01 5.68447495e+01
    5.46119194e+01 5.33596649e+01 5.57721100e+01 5.28057747e+01
    5.29969368e+01 5.46851120e+01 5.59094849e+01 5.50389137e+01
    5.22351265e+01 5.18094368e+01 5.48328056e+01 5.18219757e+01
    5.08164978e+01 5.07233009e+01 5.32299652e+01 5.22064362e+01
    5.27348900e+01 5.21631508e+01 5.01478386e+01 5.33825569e+01
    5.30135460e+01 5.11636620e+01 5.44764404e+01 5.48659897e+01
    5.55637321e+01 5.40177345e+01 5.21187744e+01 5.39170380e+01
    5.15155754e+01 5.12344208e+01 5.30575638e+01 5.19908218e+01 0.
    5.50449524e+01 5.68415184e+01 5.47742462e+01 5.42096291e+01
    5.68103676e+01 5.54824333e+01 5.32792358e+01 5.68690071e+01
    5.53214798e+01 5.53876076e+01 5.41455574e+01 5.60218010e+01
    5.68339577e+01 5.51771622e+01 5.51048889e+01 5.84532814e+01
    5.59454422e+01 5.65835152e+01 5.66621094e+01 5.55629387e+01
    5.70060272e+01 5.95018616e+01 5.78795128e+01 5.82173653e+01
    5.62451973e+01 5.63533249e+01 5.55974655e+01 5.63874855e+01
    5.42568474e+01 5.67950172e+01 5.71160507e+01 5.70698204e+01
    5.67225685e+01 5.80171661e+01 5.44984398e+01 5.77275467e+01
    5.38689995e+01 5.20396271e+01 5.42519264e+01 5.57789040e+01
    5.32593269e+01 5.27224960e+01 5.37506180e+01 5.42181396e+01
    5.12941437e+01 5.27545280e+01 5.53950272e+01 5.32048836e+01
    5.11829453e+01 5.41374512e+01 5.66211357e+01 5.37753677e+01
    5.61317978e+01 5.65849571e+01 5.67574692e+01 5.68504829e+01
    5.92263603e+01 5.64786682e+01 6.09203758e+01 5.68501129e+01
    5.55666237e+01 5.59891129e+01 5.60466652e+01 5.53780136e+01
    5.58069534e+01 5.34024925e+01 5.49276123e+01 5.60308800e+01
    5.48820457e+01 5.63181686e+01 5.31667252e+01 5.40300407e+01
    5.67589760e+01 5.66779823e+01 5.57171631e+01 5.73020935e+01
    5.67748260e+01 5.85536766e+01 5.71447258e+01 5.77436142e+01
    5.85098305e+01 5.81202354e+01 5.85940971e+01 5.87381554e+01
    5.53160744e+01 5.61056213e+01 5.78298759e+01 5.53182716e+01
    5.59337959e+01 5.34134140e+01 5.52507515e+01 5.55875893e+01
    5.60807686e+01 5.52133484e+01 5.26912308e+01 5.54351768e+01
    5.40934753e+01 5.79816628e+01 5.78372345e+01 5.36125832e+01
    5.25236588e+01 5.64842262e+01 5.48356094e+01 5.50059204e+01
    5.63389359e+01 5.26943283e+01 5.22745438e+01 5.36995697e+01
    5.40385170e+01 5.39413376e+01 5.59397354e+01 4.93822517e+01
    5.43545761e+01 5.53040695e+01 5.23118477e+01 5.37276955e+01
    5.14269753e+01 5.33957367e+01 5.32756767e+01 5.17697983e+01
    5.13821831e+01 5.38961220e+01 5.27370529e+01 5.22811737e+01
    5.15052795e+01 5.41069832e+01 5.42209129e+01 5.40408287e+01
    5.49773369e+01 5.42100525e+01 5.23557014e+01 5.34941254e+01
    5.12377586e+01 5.46040421e+01 5.44860992e+01 5.53775673e+01
    5.43444557e+01 5.61210327e+01 5.89506264e+01 5.91085129e+01
    5.79809380e+01 5.99074364e+01 5.77619667e+01 5.71334000e+01
    5.78286743e+01 5.77408333e+01 5.73526115e+01 5.92638435e+01
    5.59447632e+01 5.62848701e+01 5.48553772e+01 5.43428841e+01
    5.44909897e+01 5.21638718e+01 5.26940231e+01 5.44209824e+01
    5.10383644e+01 5.18494644e+01 5.16949730e+01 5.03729553e+01
    4.66899605e+01 4.98231583e+01 5.06825752e+01 5.12390900e+01
    4.82230072e+01 4.95402679e+01 5.03358002e+01 5.18716202e+01
    5.02732048e+01 5.41564598e+01 5.15054169e+01 5.13668556e+01
    5.28112564e+01 5.47048111e+01 5.10587311e+01 5.07602615e+01
    5.24999046e+01 5.31205444e+01 5.00421791e+01 5.23396912e+01
    5.21689606e+01 5.13571777e+01 5.09873581e+01 5.11113663e+01
    4.94477654e+01 4.92214890e+01 4.77568207e+01 4.83124771e+01
    5.02905159e+01 4.77698975e+01 4.99552536e+01 5.19861412e+01
    5.02478981e+01 5.07388382e+01 5.10063782e+01 5.29013557e+01
    5.00460014e+01 5.42770042e+01 5.48831978e+01 5.47043953e+01
    5.67113190e+01 5.35786171e+01 5.50129814e+01 5.58980484e+01
    5.33757591e+01 5.51495132e+01 5.74353409e+01 5.49498177e+01
    5.54218407e+01 5.49344444e+01 5.45935936e+01 5.58106422e+01
    5.49415932e+01 5.46971321e+01 5.45918999e+01 5.16807327e+01
    5.29409103e+01 5.13971939e+01 5.34991188e+01 5.25978432e+01
    5.31368752e+01 4.95619812e+01 4.90697021e+01 5.21714439e+01
    5.34373207e+01 5.13344727e+01 5.21082230e+01 5.28961487e+01
    5.18820305e+01 5.27157516e+01 5.05697937e+01 5.23142776e+01
    5.59796982e+01 5.45690613e+01 5.65754471e+01 5.49110870e+01
    5.51841736e+01 5.66514740e+01 5.26373901e+01 5.53651199e+01
    5.58198738e+01 0. 5.38443222e+01 5.72131348e+01 5.30286293e+01
    5.23167343e+01 5.58819771e+01 5.56587639e+01 5.38663673e+01
    5.47404518e+01 5.55471916e+01 5.50371628e+01 5.37020569e+01
    5.32782784e+01 5.45095863e+01 5.60536652e+01 5.60771790e+01
    5.80232773e+01 5.63094101e+01 5.50758743e+01 5.67171021e+01
    5.60225105e+01 5.55299873e+01 5.64301796e+01 5.79467468e+01
    5.56798630e+01 5.46359673e+01 5.59222717e+01 5.70556488e+01
    5.77730293e+01 5.65524864e+01 5.60827751e+01 5.59493675e+01
    5.56892853e+01 5.77963142e+01 5.52259674e+01 5.41740074e+01
    5.45417061e+01 5.69997406e+01 5.05323944e+01 5.39189072e+01
    5.44971886e+01 5.36085472e+01 5.00820084e+01 5.20054970e+01
    5.05487709e+01 5.33985977e+01 5.02699280e+01 5.47751236e+01
    5.53946648e+01 5.52455101e+01 5.33439560e+01 5.67308998e+01
    5.49010239e+01 5.60377808e+01 5.73812408e+01 5.72046776e+01
    5.58145981e+01 5.57740021e+01 5.70570221e+01 5.79061737e+01
    5.70410995e+01 5.56892242e+01 5.65580902e+01 5.59429970e+01
    5.59739075e+01 5.50670166e+01 5.36760216e+01 5.37165108e+01
    5.55825539e+01 5.50025711e+01 5.44485703e+01 5.74599915e+01
    5.60286102e+01 5.97839661e+01 5.72170105e+01 5.73334045e+01
    5.70222549e+01 5.71014175e+01 5.65161667e+01 5.71865311e+01
    5.65364685e+01 5.94377289e+01 6.13567543e+01 5.86207962e+01
    5.48571014e+01 5.46222687e+01 5.58099403e+01 5.60917892e+01
    5.60465431e+01 5.23076515e+01 5.30348244e+01 5.33120651e+01
    5.40112495e+01 5.70794907e+01 5.40381584e+01 5.50992966e+01
    5.45011520e+01 5.47799339e+01 5.41908264e+01 5.50018234e+01
    5.39589081e+01 5.25536156e+01 5.61707306e+01 5.58312492e+01
    5.42731018e+01 5.48487015e+01 5.50519485e+01 5.37121124e+01
    5.34833107e+01 5.25320625e+01 5.48051720e+01 5.42235794e+01
    5.15280800e+01 5.10699806e+01 4.95014267e+01 5.14683647e+01
    5.19591293e+01 5.36244354e+01 5.14575768e+01 5.36900520e+01
    4.95256462e+01 5.27638512e+01 5.25004044e+01 5.07493629e+01
    5.23074150e+01 5.22843971e+01 5.12633247e+01 5.52728424e+01
    5.41341515e+01 5.47638969e+01 5.42747955e+01 5.49777451e+01
    5.23678780e+01 5.28576927e+01 5.73032074e+01 5.89537811e+01
    5.72846413e+01 5.68966866e+01 5.73274498e+01 6.12290916e+01
    5.92573318e+01 5.80728722e+01 5.58570518e+01 5.81775360e+01
    5.93146477e+01 5.78432198e+01 5.68798599e+01 6.12275810e+01
    5.75065346e+01 5.53071976e+01 5.56853790e+01 5.73965797e+01
    5.52174072e+01 5.39506226e+01 4.98429451e+01 5.31373177e+01
    5.25845490e+01 5.40176010e+01 5.16027679e+01 5.16940002e+01
    5.00138550e+01 5.03290215e+01 4.71128044e+01 4.75983047e+01
    4.83987236e+01 4.87593651e+01 5.00902824e+01 5.17044525e+01
    5.19977875e+01 5.22544403e+01 5.40334930e+01 5.49723740e+01
    5.01686821e+01 5.04226303e+01 5.07301292e+01 5.44232292e+01
    5.21526108e+01 5.03537254e+01 5.54332161e+01 5.31927338e+01
    5.01612854e+01 5.25658760e+01 4.82701874e+01 4.98409920e+01
    4.97668571e+01 4.82178879e+01 4.67371216e+01 4.78862190e+01
    4.93154640e+01 5.15054436e+01 4.92453499e+01 4.95862846e+01
    5.23710747e+01 5.08867111e+01 5.24619102e+01 5.21500092e+01
    5.19862251e+01 5.44185448e+01 5.37688179e+01 5.40122185e+01
    5.51149139e+01 5.51049843e+01 5.53176193e+01 5.45720749e+01
    5.48667488e+01 5.38571320e+01 5.49036484e+01 5.58848076e+01
    5.57717705e+01 5.67120934e+01 5.46539116e+01 5.55179596e+01
    5.58557968e+01 5.17199745e+01 5.20652962e+01 5.10971146e+01
    5.42494431e+01 5.15464096e+01 5.27046051e+01 5.32616653e+01
    5.36350250e+01 5.10975304e+01 5.17281952e+01 5.15032578e+01
    5.15396461e+01 5.39469109e+01 5.20764732e+01 5.14938431e+01
    5.32173042e+01 5.31208725e+01 5.36025810e+01 5.35936966e+01
    5.32421608e+01 5.38775978e+01 5.59342651e+01 5.47550850e+01
    5.39428444e+01 5.54319801e+01 5.30850067e+01 5.30869141e+01
    5.20176239e+01 5.24167519e+01 0. 5.47394447e+01 5.57656326e+01
    5.31040764e+01 5.28758545e+01 5.47467728e+01 5.43746681e+01
    5.47155724e+01 5.37774925e+01 5.50648537e+01 5.39994392e+01
    5.48525162e+01 5.60182343e+01 5.55774803e+01 5.78521156e+01
    5.46712456e+01 5.60028687e+01 5.73197861e+01 5.32400551e+01
    5.44036827e+01 5.51731415e+01 5.74331856e+01 5.61781654e+01
    5.74632187e+01 5.69230385e+01 5.84726448e+01 5.42171860e+01
    5.60706444e+01 5.43454933e+01 5.49099998e+01 5.59751205e+01
    5.68953972e+01 5.31080399e+01 5.64169884e+01 5.69788742e+01
    5.59760170e+01 5.25760460e+01 5.54636497e+01 5.31332359e+01
    5.19196091e+01 5.21274071e+01 5.53436928e+01 5.34005013e+01
    5.21525345e+01 5.33118401e+01 5.37535515e+01 5.50650139e+01
    5.48234482e+01 5.42021713e+01 5.39052658e+01 5.58403931e+01
    5.75302238e+01 5.61189270e+01 5.53858414e+01 5.56130714e+01
    5.83026581e+01 5.69271812e+01 5.84692802e+01 5.46024437e+01
    5.78354568e+01 5.53220177e+01 5.43014183e+01 5.52315140e+01
    5.44674034e+01 5.38328056e+01 5.42054710e+01 4.96623955e+01
    5.26765938e+01 5.25594788e+01 5.31954536e+01 5.46465492e+01
    5.37088661e+01 5.26132622e+01 5.57062340e+01 5.46876602e+01
    5.51159401e+01 5.51237755e+01 5.38292809e+01 5.67143021e+01
    5.65001030e+01 5.82050705e+01 5.91895638e+01 5.89418526e+01
    5.85087814e+01 5.63556824e+01 5.40588303e+01 5.76694412e+01
    5.94908180e+01 5.72508888e+01 5.34767342e+01 5.45625343e+01
    5.58413658e+01 5.50836945e+01 5.44504929e+01 5.50533142e+01
    5.43714142e+01 5.68358383e+01 5.52954254e+01 5.64118996e+01
    5.58032608e+01 5.59018097e+01 5.48741074e+01 5.65144119e+01
    5.05326271e+01 5.39689484e+01 5.72010269e+01 5.42704391e+01
    5.49853630e+01 5.38680077e+01 4.95975647e+01 5.45513573e+01
    5.37337189e+01 5.11330948e+01 5.16160164e+01 5.18694725e+01
    5.33160706e+01 5.45391769e+01 5.31595039e+01 5.63943634e+01
    5.25892677e+01 5.01894302e+01 5.10477409e+01 5.54500504e+01
    5.08595200e+01 5.36310463e+01 5.10606232e+01 5.30194092e+01
    5.45896454e+01 5.44506187e+01 5.32718544e+01 5.61677361e+01
    5.48567886e+01 5.70604591e+01 5.21514587e+01 5.71650162e+01
    5.80249290e+01 5.84477997e+01 5.71021461e+01 5.66871452e+01
    5.94586258e+01 5.86230583e+01 5.81916618e+01 5.90780449e+01
    5.87215385e+01 5.57965965e+01 6.04820213e+01 5.69612427e+01
    5.72590561e+01 5.87251129e+01 5.65606575e+01 5.41136017e+01
    5.49655228e+01 5.61374207e+01 5.52643890e+01 5.23724289e+01
    5.21627159e+01 5.46388969e+01 5.53317566e+01 5.31972847e+01
    5.11289520e+01 5.07686958e+01 5.10036049e+01 5.15680580e+01
    5.05563774e+01 5.13483810e+01 4.96871338e+01 4.89821281e+01
    5.08292732e+01 5.42883492e+01 4.82871094e+01 5.10165100e+01
    5.18497963e+01 5.25665665e+01 5.09945717e+01 4.89860420e+01
    5.26756363e+01 5.62601204e+01 5.06184387e+01 5.24723778e+01
    5.08892784e+01 5.06690025e+01 5.19215927e+01 5.06523666e+01
    4.74067574e+01 4.85529709e+01 4.91603699e+01 5.01731300e+01
    4.87045364e+01 4.93395691e+01 5.08481369e+01 5.00292969e+01
    4.94301453e+01 5.04673271e+01 5.05829887e+01 4.99206886e+01
    5.18495941e+01 5.23306122e+01 5.46433449e+01 5.36028595e+01
    5.39526253e+01 5.24660759e+01 5.24604645e+01 5.39666748e+01
    5.43738174e+01 5.35545044e+01 5.17113991e+01 5.59130173e+01
    5.52586746e+01 5.69067116e+01 5.46631813e+01 5.52935333e+01
    5.24922104e+01 5.64022675e+01 5.47178993e+01 5.45703583e+01
    5.47787971e+01 5.11584396e+01 5.15008163e+01 5.18653908e+01
    5.07911491e+01 5.17453651e+01 5.01907310e+01 5.49642258e+01
    5.17914352e+01 5.02824059e+01 5.13186569e+01 5.10312271e+01
    5.16100311e+01 5.43021126e+01 5.29821892e+01 5.21461792e+01
    5.26374855e+01 5.43317909e+01 5.04956589e+01 5.27928314e+01
    5.36645546e+01 5.17304916e+01 5.11046600e+01 5.34919243e+01
    5.05209885e+01 5.12501068e+01 5.31305618e+01 0. 5.37461395e+01
    5.71311455e+01 5.33312874e+01 5.42240868e+01 5.58569183e+01
    5.65506363e+01 5.36822739e+01 5.51839943e+01 5.52603416e+01
    5.87679214e+01 5.64788284e+01 5.61128654e+01 5.57701645e+01
    5.62698517e+01 5.45729027e+01 5.62015572e+01 5.38338623e+01
    5.62565765e+01 5.25894661e+01 5.56501808e+01 5.44805450e+01
    5.75101204e+01 5.45767136e+01 5.27318497e+01 5.58637695e+01
    5.49470520e+01 5.30478630e+01 5.49367943e+01 5.58870392e+01
    5.48549423e+01 5.44471893e+01 5.50462990e+01 5.15522118e+01
    5.50747032e+01 5.35676880e+01 5.30427895e+01 5.10915298e+01
    5.17414474e+01 5.37041206e+01 5.42345619e+01 5.35726242e+01
    5.25304565e+01 5.46417961e+01 5.50567932e+01 5.36889343e+01
    5.24388046e+01 5.58762512e+01 5.51080589e+01 5.39920616e+01
    5.42042770e+01 5.60013504e+01 5.57299232e+01 5.61936646e+01
    5.64761696e+01 5.79071083e+01 5.88508797e+01 5.86072044e+01
    5.50524292e+01 5.61076546e+01 5.65008163e+01 5.15306778e+01
    5.38699646e+01 5.17972641e+01 4.94728165e+01 5.37976227e+01
    5.21743469e+01 5.07222137e+01 5.37679253e+01 5.07292404e+01
    5.26299248e+01 5.34968071e+01 5.22391319e+01 5.34148636e+01
    5.48332520e+01 5.48349762e+01 5.75710373e+01 5.38429985e+01
    5.51017036e+01 5.67117157e+01 5.76809464e+01 5.66753159e+01
    5.68029251e+01 5.72669678e+01 5.48337288e+01 5.37984581e+01
    5.63491096e+01 5.72265244e+01 5.50376816e+01 5.29011688e+01
    5.45784836e+01 5.54743271e+01 5.48052139e+01 5.50410042e+01
    5.60957375e+01 5.81776886e+01 5.63838577e+01 5.44141998e+01
    5.42507057e+01 5.57876358e+01 5.22276497e+01 5.27412529e+01
    5.26904373e+01 5.32173080e+01 5.38287430e+01 5.39258308e+01
    5.29660110e+01 5.49481506e+01 5.07278595e+01 5.16431389e+01
    5.25346756e+01 5.20969124e+01 5.25017052e+01 5.28207359e+01
    5.09615364e+01 5.14666023e+01 5.36617088e+01 5.08427086e+01
    5.40159645e+01 5.38424072e+01 5.19314537e+01 5.31292534e+01
    5.30803680e+01 5.18174133e+01 5.41558762e+01 5.35856934e+01
    5.56672516e+01 5.45659981e+01 5.72382622e+01 5.55415421e+01
    5.56903114e+01 5.55109100e+01 5.49640160e+01 5.53199539e+01
    5.39095116e+01 5.56257019e+01 5.54719696e+01 5.53358574e+01
    5.84172287e+01 6.21376495e+01 6.16398849e+01 5.61731796e+01
    5.77777557e+01 5.87106209e+01 5.70681190e+01 5.72194214e+01
    5.88973236e+01 5.77797279e+01 5.89322624e+01 5.55269623e+01
    5.78898087e+01 5.59146996e+01 5.50061722e+01 5.43694687e+01
    5.31940155e+01 5.25987587e+01 5.25610275e+01 5.43640594e+01
    5.45088882e+01 5.26588936e+01 5.20264511e+01 4.94377251e+01
    5.10882072e+01 5.09270897e+01 5.07429848e+01 5.13542175e+01
    4.98338394e+01 5.11519127e+01 5.27632828e+01 5.28848724e+01
    5.39709854e+01 5.13400803e+01 5.21938782e+01 5.28849258e+01
    5.22209816e+01 5.31991005e+01 5.40395737e+01 5.20359650e+01
    5.07379723e+01 5.32498932e+01 5.37232094e+01 5.53390465e+01
    5.19248886e+01 5.21004372e+01 5.08775978e+01 4.93967552e+01
    5.02671585e+01 4.78463669e+01 4.87544594e+01 5.26390724e+01
    4.92978020e+01 5.09751778e+01 5.13718948e+01 4.91101913e+01
    5.42506142e+01 5.18726273e+01 5.20017586e+01 5.43074989e+01
    5.26071129e+01 5.26345444e+01 5.26543846e+01 5.38122520e+01
    5.31841278e+01 5.28470078e+01 5.30274353e+01 5.39710197e+01
    5.28017807e+01 5.26209564e+01 5.55662766e+01 5.69291000e+01
    5.41714897e+01 5.38793488e+01 5.26642036e+01 5.37645187e+01
    5.17334404e+01 5.35135803e+01 5.24766846e+01 5.48029404e+01
    5.27505836e+01 5.36803246e+01 5.34437065e+01 5.14768028e+01
    4.92475967e+01 5.03387756e+01 5.13381119e+01 5.14012642e+01
    5.33907776e+01 5.11784058e+01 4.99982758e+01 5.11690483e+01
    5.12892227e+01 5.01992111e+01 4.92389755e+01 4.97195473e+01
    5.04390945e+01 5.08470154e+01 5.00507317e+01 5.03142395e+01
    5.25348892e+01 5.31075859e+01 5.12180595e+01 5.28472404e+01 0.
    5.30267181e+01 5.42251167e+01 5.65162392e+01 5.47122269e+01
    5.60062027e+01 5.52555962e+01 5.60281982e+01 5.82535782e+01
    5.44336319e+01 5.50163651e+01 5.75273056e+01 5.47680244e+01
    5.60260773e+01 5.35093880e+01 5.64321709e+01 5.59993744e+01
    5.69229660e+01 5.44029503e+01 5.76265030e+01 5.67336578e+01
    5.68386993e+01 5.52191277e+01 5.68409500e+01 5.51100540e+01
    5.50930519e+01 5.51274147e+01 5.45700150e+01 5.37356071e+01
    5.53803520e+01 5.46945534e+01 5.34124756e+01 5.55497017e+01
    5.51514702e+01 5.65555229e+01 5.62484207e+01 5.25470848e+01
    5.51113472e+01 5.35677414e+01 5.24460526e+01 5.36508713e+01
    5.55526314e+01 5.54126968e+01 5.42279434e+01 5.31739578e+01
    5.62308769e+01 5.40823441e+01 5.31960945e+01 5.60166588e+01
    5.53586426e+01 5.39923172e+01 5.57521477e+01 5.60298882e+01
    5.57660561e+01 5.79826088e+01 5.82179031e+01 5.76612129e+01
    5.66977043e+01 5.46315384e+01 5.55133095e+01 5.56754799e+01
    5.45546379e+01 5.39089737e+01 5.52602234e+01 5.19369507e+01
    5.02810745e+01 4.98379440e+01 4.81634979e+01 5.15786743e+01
    5.12153931e+01 4.96818237e+01 5.16742058e+01 5.16682854e+01
    5.31323547e+01 5.38698502e+01 5.23461761e+01 5.49440079e+01
    5.20255127e+01 5.26734123e+01 5.26052628e+01 5.51452675e+01
    5.51009407e+01 5.50171471e+01 5.69886398e+01 5.78433266e+01
    5.31827431e+01 5.42358780e+01 5.48150139e+01 5.31692238e+01
    5.17651367e+01 5.20773315e+01 5.50113106e+01 5.23260078e+01
    5.24129486e+01 5.41150665e+01 5.33097649e+01 5.55263023e+01
    5.14763603e+01 5.27924271e+01 5.32722702e+01 5.33739738e+01
    5.12429390e+01 5.15300293e+01 5.21685944e+01 5.36580734e+01
    5.43475113e+01 5.41022263e+01 5.32015877e+01 5.35896530e+01
    5.33200912e+01 5.06986809e+01 5.14756126e+01 5.17003822e+01
    5.16519089e+01 5.16411858e+01 5.27935295e+01 5.16835632e+01
    5.32002449e+01 5.34282494e+01 5.21755104e+01 5.36056862e+01
    5.29077530e+01 5.29669495e+01 5.29373055e+01 5.15565681e+01
    5.54263229e+01 5.35935440e+01 5.39556236e+01 5.65444794e+01
    5.72774467e+01 5.62025146e+01 5.53534622e+01 5.40439606e+01
    5.54799042e+01 5.73986702e+01 5.81181870e+01 5.63599510e+01
    6.02324371e+01 5.81602135e+01 5.74075737e+01 6.12604218e+01
    5.70836449e+01 5.60284004e+01 5.90053711e+01 5.59458847e+01
    5.93275146e+01 5.58662148e+01 5.80430832e+01 5.75870399e+01
    5.50188484e+01 5.38036575e+01 5.68279762e+01 5.34597359e+01
    5.32755852e+01 5.35066147e+01 5.55918999e+01 5.30436058e+01
    5.52978058e+01 5.32097778e+01 5.31300621e+01 5.01228218e+01
    5.10934677e+01 5.09903831e+01 5.00620079e+01 5.03769493e+01
    5.06531906e+01 5.03026390e+01 5.06769066e+01 5.14633293e+01
    5.16891823e+01 5.10593491e+01 5.51820335e+01 5.39641228e+01
    5.44832993e+01 5.48569183e+01 5.42535133e+01 5.36811562e+01
    5.36920624e+01 5.44113655e+01 5.44146957e+01 5.41444778e+01
    5.43096657e+01 5.25256538e+01 5.18935471e+01 5.25810204e+01
    5.05184212e+01 5.19125481e+01 5.03042183e+01 5.11552582e+01
    5.14137802e+01 5.19404182e+01 5.12813988e+01 5.25586128e+01
    5.00453987e+01 5.13164711e+01 5.40769691e+01 5.16780510e+01
    5.13921814e+01 5.35024529e+01 5.42226677e+01 5.34270935e+01
    5.19526138e+01 5.43821754e+01 5.23966637e+01 5.14235802e+01
    5.09563751e+01 5.22462654e+01 5.27454033e+01 5.06455078e+01
    5.39494209e+01 5.42964058e+01 5.28666267e+01 5.23832703e+01
    5.37185364e+01 5.52153625e+01 5.47905426e+01 5.63294067e+01
    5.76689568e+01 5.28563652e+01 5.33899765e+01 5.49631310e+01
    5.17977104e+01 5.32560692e+01 5.03027382e+01 5.22930489e+01
    5.36035652e+01 4.93078461e+01 4.84145355e+01 5.02729454e+01
    4.91323853e+01 5.20266571e+01 5.37738609e+01 4.92104416e+01
    5.07316093e+01 5.01529922e+01 5.09712448e+01 5.05070305e+01
    4.96185265e+01 5.05530701e+01 5.34054527e+01 5.10300217e+01
    5.27555656e+01 0. 5.36687622e+01 5.96619949e+01 5.80397873e+01
    5.56755371e+01 5.76720657e+01 5.35614777e+01 5.69806328e+01
    5.41812134e+01 5.49286880e+01 5.69668808e+01 5.53396111e+01
    5.79528046e+01 5.65516930e+01 5.69873657e+01 5.59592247e+01
    5.71187210e+01 5.27740555e+01 5.58068771e+01 5.29973679e+01
    5.61382256e+01 5.60872993e+01 5.85393600e+01 5.70853386e+01
    5.83183861e+01 5.39726295e+01 5.35381889e+01 5.42480621e+01
    5.20296707e+01 5.36119194e+01 5.32021599e+01 5.55265579e+01
    5.48841820e+01 5.44099503e+01 5.47622070e+01 5.78819504e+01
    5.36616287e+01 5.32390709e+01 5.44899559e+01 5.49585953e+01
    5.58408318e+01 5.41366043e+01 5.39134865e+01 5.60820351e+01
    5.52753487e+01 5.34432907e+01 5.61369667e+01 5.40219841e+01
    5.65977859e+01 5.38089066e+01 5.44433365e+01 5.53267021e+01
    5.51243172e+01 5.81806679e+01 5.64643898e+01 5.88532600e+01
    5.54555588e+01 5.63970604e+01 5.61312065e+01 5.63270721e+01
    5.70552940e+01 5.41618385e+01 5.18875275e+01 5.19462509e+01
    5.09764404e+01 5.19305687e+01 5.01207924e+01 5.19605026e+01
    5.11016541e+01 5.14519768e+01 5.17970352e+01 5.16612320e+01
    5.19084892e+01 5.33906403e+01 5.27498589e+01 5.38134193e+01
    5.33180771e+01 5.43379784e+01 5.19917068e+01 5.60690193e+01
    5.33502998e+01 5.47592621e+01 5.38790855e+01 5.29914665e+01
    5.55498047e+01 5.40289497e+01 5.14097900e+01 5.22846527e+01
    5.39739685e+01 5.25778618e+01 4.91352730e+01 5.04086761e+01
    5.21549377e+01 5.29908371e+01 5.32747498e+01 5.31885452e+01
    5.34904022e+01 5.26155739e+01 5.50403290e+01 5.26857796e+01
    5.39701195e+01 5.22060814e+01 5.23999634e+01 5.34637299e+01
    5.45327797e+01 5.47089005e+01 5.47785873e+01 5.34669609e+01
    5.09736977e+01 5.20224648e+01 5.56822014e+01 5.06122437e+01
    5.14789352e+01 5.11534042e+01 5.30558815e+01 5.48510513e+01
    5.38899269e+01 5.20980606e+01 5.55648460e+01 5.39494896e+01
    5.47565308e+01 5.26658440e+01 5.62546997e+01 5.51949310e+01
    5.34552498e+01 5.18073578e+01 5.61008835e+01 5.59808159e+01
    5.49030685e+01 5.31137810e+01 5.76623573e+01 5.46210289e+01
    5.54430504e+01 5.48412132e+01 5.75013084e+01 5.87004662e+01
    5.58811302e+01 5.67185097e+01 5.69731369e+01 5.89281616e+01
    5.78160172e+01 5.71830215e+01 5.79178047e+01 5.83264771e+01
    5.64069786e+01 5.76338730e+01 5.83302956e+01 5.73358116e+01
    5.79722672e+01 5.60644302e+01 5.53528595e+01 5.50038643e+01
    5.66033096e+01 5.47893982e+01 5.33024597e+01 5.40647278e+01
    5.54882431e+01 5.26325073e+01 5.54437714e+01 5.43208122e+01
    5.07374725e+01 5.12535744e+01 5.21095734e+01 5.27615356e+01
    5.18170052e+01 5.01256905e+01 5.24466324e+01 5.25499573e+01
    5.23219604e+01 5.03940353e+01 5.19741554e+01 5.30425529e+01
    5.37903481e+01 5.19368134e+01 5.28149986e+01 5.36470222e+01
    5.33964767e+01 5.29253159e+01 5.45219269e+01 5.42618370e+01
    5.32291527e+01 5.38401413e+01 5.41824570e+01 5.31590958e+01
    5.22109146e+01 5.12284279e+01 5.18669510e+01 5.04371185e+01
    5.06322708e+01 5.17931786e+01 5.16177330e+01 5.15930099e+01
    5.23265724e+01 5.27625122e+01 5.13739319e+01 5.11344795e+01
    5.29768906e+01 5.57239494e+01 4.97297058e+01 5.37165680e+01
    5.36355171e+01 5.16839905e+01 5.35019188e+01 5.18764801e+01
    4.92248383e+01 5.16075325e+01 5.07080040e+01 5.10012054e+01
    5.51671219e+01 5.35478477e+01 5.45910835e+01 5.47137909e+01
    5.33296013e+01 5.31756020e+01 5.55083427e+01 5.19335175e+01
    4.99780693e+01 5.38347282e+01 5.25901642e+01 5.04321289e+01
    5.51542740e+01 5.15535583e+01 5.29191093e+01 5.04939880e+01
    5.02827644e+01 5.16003380e+01 5.29004021e+01 4.92005081e+01
    5.20496330e+01 5.17259064e+01 5.20405502e+01 4.94592094e+01
    5.29805374e+01 5.25475159e+01 4.96715050e+01 4.81963654e+01
    5.16067963e+01 4.98818398e+01 5.02968941e+01 4.99411430e+01
    5.26533508e+01 5.12201653e+01 0. 5.13267860e+01 5.89719086e+01
    5.73324471e+01 5.50103722e+01 5.18319626e+01 5.50859299e+01
    5.33686409e+01 5.48929520e+01 5.31982460e+01 5.78931465e+01
    5.73442307e+01 5.90502319e+01 5.59730225e+01 5.53286285e+01
    5.38770561e+01 5.62538986e+01 5.42640419e+01 5.58632774e+01
    5.45759163e+01 5.46512070e+01 5.68715248e+01 5.51384926e+01
    5.54337769e+01 5.33353348e+01 5.30398560e+01 5.20425987e+01
    5.24630356e+01 5.26878204e+01 5.54845352e+01 5.35007744e+01
    5.51017532e+01 5.55496063e+01 5.54855576e+01 5.42298660e+01
    5.54935493e+01 5.78055649e+01 5.37059860e+01 5.28262825e+01
    5.51437263e+01 5.82952423e+01 5.86318779e+01 5.46934853e+01
    5.96097641e+01 5.58509941e+01 5.77587624e+01 5.73403168e+01
    5.52510757e+01 5.74900131e+01 5.69552689e+01 5.50218697e+01
    5.64416656e+01 5.55571632e+01 5.76744423e+01 5.51577759e+01
    5.53100433e+01 5.55197182e+01 5.70991783e+01 5.47327080e+01
    5.72883720e+01 5.51443634e+01 5.46911316e+01 5.54778709e+01
    5.28954849e+01 5.02295532e+01 5.19608917e+01 5.03831825e+01
    4.73517799e+01 4.90871544e+01 5.01927376e+01 5.07338219e+01
    5.15027542e+01 5.24069138e+01 5.26581879e+01 5.31244087e+01
    5.06437988e+01 5.36630821e+01 4.94529114e+01 5.11073799e+01
    5.27619019e+01 5.20361633e+01 5.30835037e+01 5.39558067e+01
    5.50424538e+01 5.33395042e+01 5.13151855e+01 5.37224007e+01
    5.10484161e+01 5.16523361e+01 5.20493622e+01 5.18103714e+01
    5.13182373e+01 5.20954857e+01 5.14359856e+01 5.46230659e+01
    5.25866585e+01 5.33908310e+01 5.40142136e+01 5.32919273e+01
    5.69846840e+01 5.24999771e+01 5.35370636e+01 5.38999939e+01
    5.10115623e+01 5.27505608e+01 5.28643074e+01 5.13213844e+01
    5.36370125e+01 5.25832558e+01 5.51546478e+01 5.24544678e+01
    5.48924599e+01 5.16591721e+01 5.21025124e+01 5.16980057e+01
    5.32120323e+01 5.63567467e+01 5.38798103e+01 5.44574547e+01
    5.44107513e+01 5.36708717e+01 5.29613838e+01 5.35427284e+01
    5.27088966e+01 5.36279678e+01 5.57073441e+01 5.48532562e+01
    5.57341385e+01 5.80191116e+01 5.89117088e+01 5.55798607e+01
    5.62975998e+01 5.50528221e+01 5.67821884e+01 5.85770073e+01
    5.99981918e+01 5.57922325e+01 5.98083839e+01 5.90345612e+01
    5.79232597e+01 6.04414291e+01 5.74686508e+01 5.52671280e+01
    5.87341309e+01 5.78608780e+01 5.69994888e+01 5.59035072e+01
    5.77723694e+01 5.94797592e+01 5.71082230e+01 5.42053452e+01
    5.86406822e+01 5.59128532e+01 5.56980324e+01 5.37943497e+01
    5.27916374e+01 5.46797943e+01 5.34252777e+01 5.23258324e+01
    5.25781822e+01 5.29060707e+01 5.02201118e+01 5.16787071e+01
    5.10826225e+01 5.01569519e+01 4.98175049e+01 4.84445953e+01
    4.96560936e+01 5.02596207e+01 5.19823151e+01 5.11507645e+01
    5.30391617e+01 5.21610641e+01 5.17387657e+01 5.50039635e+01
    5.27052269e+01 5.33985710e+01 5.16599197e+01 5.37390785e+01
    5.48526726e+01 5.64184494e+01 5.56443138e+01 5.51804924e+01
    5.47968788e+01 5.69782600e+01 5.36196518e+01 5.45578728e+01
    5.29947662e+01 5.15002785e+01 5.51420135e+01 5.22482605e+01
    5.41996689e+01 5.53749847e+01 5.34478340e+01 5.54229813e+01
    5.27437515e+01 5.27737389e+01 5.29541664e+01 5.31298180e+01
    5.41141548e+01 5.37875710e+01 5.28533096e+01 5.09400368e+01
    5.07967567e+01 5.14904671e+01 5.01061974e+01 5.03861809e+01
    5.22347908e+01 5.48039665e+01 5.33591385e+01 4.99777451e+01
    5.46901970e+01 5.13169212e+01 5.11163597e+01 5.32070885e+01
    5.13444939e+01 5.11816216e+01 5.62847939e+01 5.26077194e+01
    5.47819443e+01 5.48996811e+01 5.31738892e+01 5.24819908e+01
    5.24847565e+01 5.13753777e+01 5.28331566e+01 5.14869576e+01
    5.31481247e+01 5.02725182e+01 5.21305008e+01 5.38612137e+01
    5.35792503e+01 4.66851654e+01 5.37439156e+01 5.06585999e+01
    5.00703163e+01 4.89606400e+01 4.95142517e+01 4.96434250e+01
    4.76061897e+01 4.95642433e+01 5.09036865e+01 0. 5.55849648e+01
    5.54370155e+01 5.61636620e+01 5.48297844e+01 5.54598999e+01
    5.53533592e+01 5.47031326e+01 5.59732666e+01 5.60344696e+01
    5.67487144e+01 5.68743744e+01 5.60575943e+01 5.76086197e+01
    5.71033669e+01 5.70241470e+01 5.69637070e+01 5.59619484e+01
    5.30885010e+01 5.46462212e+01 5.55998344e+01 5.67426529e+01
    5.62648277e+01 5.49819489e+01 5.35452538e+01 5.45127945e+01
    5.30007935e+01 5.36452217e+01 5.19826698e+01 5.20815773e+01
    5.48655548e+01 5.38845444e+01 5.44584961e+01 5.80242767e+01
    5.46511002e+01 5.52707443e+01 5.33907433e+01 5.53720856e+01
    5.53637123e+01 5.51281128e+01 5.76277313e+01 5.54804955e+01
    5.70177383e+01 5.75593300e+01 5.47583351e+01 5.57046013e+01
    5.65113029e+01 5.76587753e+01 5.51840897e+01 5.48982697e+01
    5.37995071e+01 5.61500664e+01 5.48744545e+01 5.39437141e+01
    5.46974030e+01 5.50897255e+01 5.44979248e+01 5.54779053e+01
    5.37966156e+01 5.52832756e+01 5.35963631e+01 5.42079353e+01
    5.26172066e+01 5.07856407e+01 4.95087738e+01 4.75458603e+01
    4.98710861e+01 4.90985756e+01 4.81738625e+01 4.72992554e+01
    5.01782265e+01 4.99143867e+01 5.18035469e+01 5.17447205e+01
    5.32760620e+01 5.06557159e+01 5.23468437e+01 5.23487244e+01
    5.33067665e+01 5.48790054e+01 5.70086975e+01 5.36650314e+01
    5.41806030e+01 5.45770683e+01 5.41377831e+01 5.24221878e+01
    5.39581451e+01 5.43189011e+01 5.48925438e+01 5.32945099e+01
    4.96642494e+01 5.18856239e+01 5.37427177e+01 5.15191765e+01
    5.44562378e+01 5.50751648e+01 5.57818413e+01 5.48101921e+01
    5.39354439e+01 5.40985451e+01 5.35304146e+01 5.37416267e+01
    5.27157631e+01 5.27962074e+01 5.33648796e+01 5.32587357e+01
    5.50045242e+01 5.21919174e+01 5.27310600e+01 5.45294647e+01
    5.28664055e+01 5.30392876e+01 5.22519836e+01 5.18989487e+01
    5.45591240e+01 5.35279160e+01 5.31296692e+01 5.65994720e+01
    5.46826744e+01 5.47644043e+01 5.63471527e+01 5.27777786e+01
    5.57710304e+01 5.77708015e+01 5.43213654e+01 5.51079903e+01
    5.50298157e+01 5.67171326e+01 5.77798500e+01 5.70968933e+01
    5.46973114e+01 5.78106422e+01 5.74952965e+01 5.43684502e+01
    5.56619606e+01 5.73404770e+01 5.75550537e+01 5.65767174e+01
    5.79185448e+01 5.71806679e+01 6.05894508e+01 6.06495781e+01
    5.63113022e+01 5.70032082e+01 5.78530121e+01 5.64000320e+01
    5.81481972e+01 5.55277786e+01 5.71547623e+01 5.25777664e+01
    5.39898605e+01 5.65234604e+01 5.53120308e+01 5.41350174e+01
    5.30801315e+01 5.41617470e+01 5.29775276e+01 5.49934883e+01
    5.45337448e+01 5.57725220e+01 5.22456818e+01 5.35538483e+01
    5.22013321e+01 5.52920761e+01 5.16357689e+01 5.01370583e+01
    5.01722679e+01 5.26446724e+01 5.27535820e+01 5.34628334e+01
    5.18251419e+01 5.25254898e+01 5.49209442e+01 5.31703529e+01
    5.14634552e+01 5.44060669e+01 5.38819695e+01 5.48783798e+01
    5.52170868e+01 5.40137520e+01 5.53231926e+01 5.62609711e+01
    5.58750420e+01 5.23483734e+01 5.34609451e+01 5.32394524e+01
    5.38965607e+01 5.12556305e+01 5.27295151e+01 5.50012016e+01
    5.30294228e+01 5.47346840e+01 5.36334953e+01 5.41515007e+01
    5.20502930e+01 5.15443306e+01 5.48132401e+01 5.38610077e+01
    4.88038750e+01 5.03070946e+01 5.39347382e+01 5.08965034e+01
    5.04188042e+01 5.11162796e+01 5.01101341e+01 5.01427727e+01
    4.80416527e+01 5.12508507e+01 5.09028549e+01 5.15067024e+01
    4.80737038e+01 5.20114937e+01 5.41380501e+01 5.15876160e+01
    5.26649361e+01 5.47646523e+01 5.10043488e+01 5.41408844e+01
    5.45305099e+01 5.40504150e+01 5.61235390e+01 5.53504906e+01
    5.29879532e+01 5.34146042e+01 5.17094841e+01 5.25997353e+01
    5.19584198e+01 4.92781944e+01 4.98807449e+01 4.98743629e+01
    5.05159111e+01 5.32817039e+01 4.99007187e+01 5.18779144e+01
    5.07289391e+01 4.93403511e+01 4.88713684e+01 4.65314102e+01
    4.58029404e+01 4.87984505e+01 4.97683907e+01 5.05100861e+01 0.
    5.51834373e+01 5.68874855e+01 5.72408638e+01 5.62336464e+01
    5.67693100e+01 5.62140465e+01 5.42041092e+01 5.45414505e+01
    5.46284103e+01 5.78712540e+01 5.66758461e+01 5.67821007e+01
    5.66466293e+01 5.73464737e+01 5.63174286e+01 5.66725769e+01
    5.58686562e+01 5.53322449e+01 5.68385315e+01 5.60971527e+01
    5.71241875e+01 5.71929665e+01 5.91925049e+01 5.58007011e+01
    5.67119446e+01 5.39367256e+01 5.54108582e+01 5.20129776e+01
    5.44852219e+01 5.63409576e+01 5.57991066e+01 5.37294884e+01
    5.72518806e+01 5.31538658e+01 5.80622330e+01 5.39117813e+01
    5.46060181e+01 5.55700989e+01 5.62749329e+01 5.69759064e+01
    5.56212883e+01 5.52244987e+01 5.66413956e+01 5.78736649e+01
    5.40807648e+01 5.47530746e+01 5.43760910e+01 5.49102745e+01
    5.47623558e+01 5.36690750e+01 5.48179970e+01 5.38223763e+01
    5.50572548e+01 5.36241112e+01 5.35955544e+01 5.64860458e+01
    5.41679649e+01 5.43954964e+01 5.64793434e+01 5.47379646e+01
    5.33089409e+01 5.07629013e+01 5.07912064e+01 4.85091896e+01
    4.97429047e+01 4.90259972e+01 4.91928749e+01 4.81608543e+01
    5.04182129e+01 5.01295853e+01 5.11173363e+01 4.98296928e+01
    5.15872993e+01 5.32301102e+01 5.35976410e+01 5.26295052e+01
    5.50662003e+01 5.45927887e+01 5.69628792e+01 5.69126778e+01
    5.38051529e+01 5.55922127e+01 5.49434814e+01 5.37536049e+01
    5.27483215e+01 5.52239418e+01 5.18811455e+01 5.38756638e+01
    5.06201591e+01 4.90148048e+01 5.12664642e+01 5.19083557e+01
    5.14914360e+01 5.29783401e+01 5.11278343e+01 5.49045296e+01
    5.42460747e+01 5.19070129e+01 5.32869606e+01 5.43980827e+01
    5.28956337e+01 5.47559357e+01 5.42593307e+01 5.54406090e+01
    5.38907089e+01 5.45772324e+01 5.30765877e+01 5.36784286e+01
    5.25376320e+01 5.14652214e+01 5.22386131e+01 5.17170601e+01
    5.12491112e+01 5.05727844e+01 5.32890434e+01 5.40735741e+01
    5.37249069e+01 5.45490341e+01 5.18121643e+01 5.52059898e+01
    5.31982536e+01 5.32632790e+01 5.32805634e+01 5.65359230e+01
    5.31709938e+01 5.52729721e+01 5.26653786e+01 5.76918678e+01
    5.65816116e+01 5.60606308e+01 5.39179611e+01 5.64778748e+01
    5.21456604e+01 5.50511856e+01 5.57441788e+01 5.76738167e+01
    5.59236488e+01 5.71367569e+01 5.85162735e+01 5.80738220e+01
    5.65456429e+01 5.36867294e+01 5.58736420e+01 5.71818275e+01
    5.70976219e+01 5.46951180e+01 5.63863678e+01 5.57254143e+01
    5.58055649e+01 5.32640724e+01 5.65671844e+01 5.26577492e+01
    5.39811287e+01 5.33680687e+01 5.36773949e+01 5.36550407e+01
    5.43727493e+01 5.33755646e+01 5.35985413e+01 5.13956337e+01
    5.02243843e+01 5.08115234e+01 5.28624649e+01 5.19416084e+01
    5.17360268e+01 5.33485298e+01 5.15156975e+01 5.27553139e+01
    5.15868073e+01 5.33403893e+01 5.29736099e+01 5.47842331e+01
    5.41188278e+01 5.60916634e+01 5.68054008e+01 5.58283997e+01
    5.45493393e+01 5.65731201e+01 5.62011528e+01 5.60221443e+01
    5.66041145e+01 5.70117950e+01 5.71163025e+01 5.28680229e+01
    5.19810181e+01 5.54264565e+01 5.42970161e+01 5.14711876e+01
    5.40474510e+01 5.51930389e+01 5.18946800e+01 5.41925583e+01
    5.38276520e+01 5.28774452e+01 5.42202835e+01 4.93667336e+01
    5.37324409e+01 5.32468452e+01 5.06741486e+01 5.28889847e+01
    5.46767082e+01 5.11579666e+01 5.16660385e+01 4.93189163e+01
    5.24000626e+01 4.97000198e+01 4.82773247e+01 5.31065674e+01
    5.18449554e+01 4.92385178e+01 5.11374512e+01 5.17991142e+01
    5.20377998e+01 5.24448662e+01 5.10895004e+01 5.04199905e+01
    5.07787781e+01 5.43951340e+01 5.28839531e+01 5.56913986e+01
    5.51748505e+01 5.36707458e+01 5.19038773e+01 4.98295555e+01
    5.23373413e+01 5.21806831e+01 5.13405151e+01 5.22261086e+01
    5.01946526e+01 5.22053185e+01 5.22459106e+01 5.05467644e+01
    5.11691780e+01 5.12817383e+01 5.00458488e+01 4.85737991e+01
    5.05032082e+01 5.16880302e+01 4.92304077e+01 5.11992226e+01
    5.15465622e+01 0. 5.12487068e+01 5.56829491e+01 5.53641853e+01
    5.38509598e+01 5.31043396e+01 5.39234238e+01 5.24154739e+01
    5.43107300e+01 5.40820808e+01 5.65779190e+01 5.77547340e+01
    5.62244034e+01 5.43514175e+01 5.47207413e+01 5.49706612e+01
    5.55564117e+01 5.58536873e+01 5.56649246e+01 5.46226616e+01
    5.78767471e+01 5.88017349e+01 5.55058784e+01 5.63189888e+01
    5.62749290e+01 5.44650230e+01 5.27111435e+01 5.32096367e+01
    5.22149429e+01 5.33988495e+01 5.63343315e+01 5.49046516e+01
    5.39746475e+01 5.78367729e+01 5.69666176e+01 5.45405540e+01
    5.99142380e+01 5.46889839e+01 5.31835022e+01 5.62164192e+01
    5.50746689e+01 5.76870422e+01 5.68431206e+01 5.47384720e+01
    5.63698349e+01 5.52790451e+01 5.62006950e+01 5.49140129e+01
    5.37116241e+01 5.20550957e+01 5.19056816e+01 5.23410034e+01
    5.24398041e+01 5.35113449e+01 5.33246651e+01 5.20437126e+01
    5.30663071e+01 5.29645271e+01 5.20184937e+01 5.47833443e+01
    5.37490578e+01 5.43056602e+01 5.29235611e+01 5.20339432e+01
    5.25750771e+01 5.03557701e+01 4.94796829e+01 5.04315720e+01
    5.02269325e+01 5.01883430e+01 4.95874367e+01 4.86704330e+01
    5.19046936e+01 5.12750397e+01 5.55102806e+01 5.25707703e+01
    5.49180946e+01 5.34875374e+01 5.40191689e+01 5.49753456e+01
    5.25330772e+01 5.27988129e+01 5.39271927e+01 5.54697380e+01
    5.44707680e+01 4.97098083e+01 5.18867340e+01 5.30203705e+01
    5.05804100e+01 5.16881752e+01 4.97461128e+01 5.17480583e+01
    5.09253540e+01 5.07857132e+01 5.24998856e+01 5.45247307e+01
    5.25729370e+01 5.52382851e+01 5.12410851e+01 5.32087326e+01
    5.67418251e+01 5.53863335e+01 5.31964989e+01 5.56924400e+01
    5.31059380e+01 5.37033882e+01 5.27983170e+01 5.39137459e+01
    5.15993195e+01 5.26354713e+01 4.93677673e+01 4.99514465e+01
    5.16801453e+01 5.20928383e+01 5.22959099e+01 5.40552635e+01
    5.48004532e+01 5.51068115e+01 5.33205376e+01 5.35099754e+01
    5.26181793e+01 5.64328728e+01 5.33161888e+01 5.31683006e+01
    5.34881363e+01 5.45922012e+01 5.37572899e+01 5.59599266e+01
    5.51982422e+01 5.78860664e+01 5.33000145e+01 5.64435844e+01
    5.49762993e+01 5.73250504e+01 5.39704590e+01 5.69457512e+01
    5.53837624e+01 5.60805626e+01 5.59540558e+01 5.53241539e+01
    5.59555664e+01 5.62822418e+01 5.19573708e+01 5.42758865e+01
    5.64407959e+01 5.84975433e+01 5.61603432e+01 5.38351555e+01
    5.82614479e+01 5.38757057e+01 5.15587234e+01 5.62910843e+01
    5.42044334e+01 5.26290283e+01 5.21750069e+01 5.19703484e+01
    5.36117096e+01 5.35622482e+01 5.40600929e+01 5.28929253e+01
    5.19463844e+01 4.97262764e+01 5.24736748e+01 5.12231598e+01
    5.07137718e+01 4.99385948e+01 5.05260658e+01 5.36297073e+01
    4.94609528e+01 5.16827583e+01 5.25690002e+01 5.38352814e+01
    5.56172218e+01 5.41236572e+01 5.15924835e+01 5.35785255e+01
    5.34252548e+01 5.41192093e+01 5.42021370e+01 5.27342415e+01
    5.50634956e+01 5.58113174e+01 5.36800156e+01 5.40376930e+01
    5.49276085e+01 5.49649811e+01 5.37421608e+01 5.38295898e+01
    5.48972778e+01 5.24231987e+01 5.39433556e+01 5.85025177e+01
    5.41576233e+01 5.29988098e+01 5.52250328e+01 5.25801888e+01
    5.39700012e+01 5.35566902e+01 5.50284691e+01 5.30792847e+01
    5.30280724e+01 5.00263748e+01 5.19319420e+01 4.99045067e+01
    5.08456955e+01 4.94915886e+01 5.29193153e+01 5.03168793e+01
    5.30290070e+01 5.29731216e+01 5.19751282e+01 5.25224838e+01
    5.32894974e+01 5.08221397e+01 5.17412453e+01 5.40158081e+01
    4.99629593e+01 5.12147446e+01 5.37585983e+01 5.56640472e+01
    5.35685768e+01 5.37474022e+01 5.62240562e+01 5.37145882e+01
    5.20275040e+01 5.40615654e+01 5.52138405e+01 5.17060165e+01
    5.19815483e+01 5.24443474e+01 5.22498779e+01 5.55039139e+01
    5.07594185e+01 5.12093468e+01 5.05580139e+01 5.18877602e+01
    4.86500053e+01 4.88863144e+01 4.98929291e+01 5.24425392e+01
    4.83452759e+01 4.86106415e+01 0. 5.17987747e+01 5.36987076e+01
    5.60256271e+01 5.52282639e+01 5.28793869e+01 5.18846626e+01
    5.18906212e+01 5.25641174e+01 5.21361732e+01 5.48054276e+01
    5.56617928e+01 5.64112740e+01 5.51741714e+01 5.54835281e+01
    5.54558067e+01 5.68118477e+01 5.40546684e+01 5.67581787e+01
    5.71808586e+01 5.59915390e+01 5.57332458e+01 5.96185303e+01
    5.74666100e+01 5.53990326e+01 5.70833244e+01 5.61389694e+01
    5.49832649e+01 5.24658699e+01 5.49103775e+01 5.72663536e+01
    5.84225731e+01 5.30583496e+01 5.61587143e+01 5.83415260e+01
    5.81046104e+01 5.62880554e+01 5.58350410e+01 5.36152115e+01
    5.77678642e+01 5.72729301e+01 5.38774223e+01 5.55338669e+01
    5.77930603e+01 5.62812233e+01 5.48397522e+01 5.44891930e+01
    5.67408333e+01 5.57524376e+01 5.33338318e+01 5.35350266e+01
    5.59623070e+01 5.50930557e+01 5.41136703e+01 5.17833633e+01
    5.27018433e+01 5.59726830e+01 5.23945618e+01 4.95719604e+01
    5.29376640e+01 5.11693573e+01 5.19402542e+01 5.06038322e+01
    4.99335251e+01 5.12370262e+01 5.08458977e+01 5.11588631e+01
    4.80813675e+01 5.01358986e+01 4.88833809e+01 4.91789856e+01
    5.07246284e+01 5.18493614e+01 5.07282600e+01 5.26215897e+01
    5.35318565e+01 5.46057014e+01 5.37840271e+01 5.20050011e+01
    5.56558266e+01 5.58820381e+01 5.39702530e+01 5.38716202e+01
    5.48454933e+01 5.62251892e+01 5.42897377e+01 5.03900414e+01
    5.28063622e+01 5.36048813e+01 5.25660324e+01 5.14777260e+01
    5.12803459e+01 5.45481224e+01 5.12900352e+01 5.33598824e+01
    5.48960304e+01 5.32142334e+01 5.29923286e+01 5.29282150e+01
    5.20019875e+01 5.42842026e+01 5.31027832e+01 5.40559769e+01
    5.31026039e+01 5.56637344e+01 5.41202507e+01 5.35752411e+01
    5.36368332e+01 5.10405159e+01 5.16483307e+01 5.13374825e+01
    5.17187004e+01 5.08902664e+01 5.03580742e+01 5.27364922e+01
    5.33613358e+01 5.30338402e+01 5.60378990e+01 5.30757370e+01
    5.51963768e+01 5.37046089e+01 5.57937584e+01 5.53964920e+01
    5.51275864e+01 5.34095612e+01 5.40349274e+01 5.36289520e+01
    5.51409111e+01 5.60174065e+01 5.45200882e+01 5.41905632e+01
    5.40796623e+01 5.56246376e+01 5.48491936e+01 5.31194344e+01
    5.44275856e+01 5.52584114e+01 5.52503471e+01 5.45926628e+01
    5.66012611e+01 5.69443703e+01 5.43417854e+01 5.33042374e+01
    5.71567116e+01 5.49209099e+01 5.65885620e+01 5.47318306e+01
    5.10209236e+01 5.27440605e+01 5.30782738e+01 5.08667107e+01
    5.11908989e+01 5.32030907e+01 5.19562683e+01 5.18254013e+01
    5.14272614e+01 5.19671707e+01 5.22488213e+01 5.26397667e+01
    5.23850937e+01 5.00655746e+01 4.84128761e+01 4.99085770e+01
    4.99934044e+01 4.95544548e+01 4.97751579e+01 4.99556465e+01
    5.22676392e+01 5.09242096e+01 4.92055168e+01 5.41231689e+01
    5.13686981e+01 5.27893944e+01 5.11589813e+01 5.36925468e+01
    5.17896729e+01 5.28950005e+01 5.22856255e+01 5.39535751e+01
    5.48557014e+01 5.51811295e+01 5.30703735e+01 5.49214172e+01
    5.33638725e+01 5.27977333e+01 5.34649582e+01 5.44785385e+01
    5.31618385e+01 5.44303284e+01 5.45346947e+01 5.38940468e+01
    5.46742096e+01 5.72154160e+01 5.24692726e+01 5.35575981e+01
    5.39850388e+01 5.40236206e+01 5.34973946e+01 5.12906265e+01
    5.32088013e+01 5.23213158e+01 5.44491692e+01 5.12059135e+01
    5.14088631e+01 4.96283112e+01 5.04965744e+01 5.00282402e+01
    5.25260048e+01 5.33964615e+01 5.47722015e+01 5.01674004e+01
    4.98520584e+01 5.39333687e+01 5.39329567e+01 5.02318192e+01
    5.18816490e+01 5.22567329e+01 5.31117363e+01 5.09527473e+01
    5.18972092e+01 5.54841461e+01 5.34711456e+01 5.61705093e+01
    5.46817017e+01 5.31647186e+01 5.33052864e+01 5.38523598e+01
    5.06730499e+01 5.24137154e+01 5.35579834e+01 5.27350006e+01
    5.31848030e+01 5.31107826e+01 5.17995682e+01 5.01167145e+01
    4.93041458e+01 5.01510124e+01 4.97330894e+01 4.90535660e+01
    5.20772820e+01 5.20811234e+01 5.14692383e+01 0. 5.26718178e+01
    5.52570343e+01 5.68719406e+01 5.57106476e+01 5.30777664e+01
    5.21506538e+01 5.15500641e+01 5.38063278e+01 5.40906029e+01
    5.47300911e+01 5.47548180e+01 5.60174675e+01 5.63782310e+01
    5.57544746e+01 5.32860489e+01 5.47492523e+01 5.45530472e+01
    5.22208290e+01 5.54793892e+01 5.48758659e+01 5.54246559e+01
    5.64114571e+01 5.72729301e+01 5.31066055e+01 5.49230461e+01
    5.34248199e+01 5.24866905e+01 5.36015625e+01 5.31024818e+01
    5.50128059e+01 5.69237633e+01 5.49856186e+01 5.35492783e+01
    5.37688179e+01 5.48012314e+01 5.32097702e+01 5.57670898e+01
    5.42371979e+01 5.37428551e+01 5.68687363e+01 5.65495071e+01
    5.54857445e+01 5.42341080e+01 5.56391792e+01 5.50195961e+01
    5.37859154e+01 5.58666916e+01 5.43478584e+01 5.34593353e+01
    5.42885590e+01 5.58737984e+01 5.05582047e+01 5.20455093e+01
    5.23235474e+01 4.96785240e+01 5.36927910e+01 5.13119736e+01
    4.97246170e+01 5.28177719e+01 5.09681244e+01 5.36890297e+01
    5.26758575e+01 4.89959106e+01 4.93058586e+01 4.99199219e+01
    4.83337364e+01 4.99942017e+01 4.88713531e+01 5.10522232e+01
    5.02739830e+01 5.06682129e+01 5.15113983e+01 5.13888931e+01
    5.17703476e+01 5.41594734e+01 5.18486595e+01 5.38175812e+01
    5.32350273e+01 5.53645134e+01 5.45424728e+01 5.50101280e+01
    5.45207176e+01 5.42433243e+01 5.53048172e+01 5.59537468e+01
    5.20461655e+01 5.24267845e+01 5.26998062e+01 5.32856560e+01
    4.91759033e+01 5.10105019e+01 5.16313019e+01 5.08728447e+01
    5.33297844e+01 5.09079094e+01 5.28633385e+01 5.50607796e+01
    5.29039116e+01 5.21052589e+01 5.59409485e+01 5.01801872e+01
    5.13962746e+01 5.30391693e+01 5.36001396e+01 5.12470093e+01
    5.41358528e+01 5.13368454e+01 5.30327988e+01 5.35228195e+01
    5.03173637e+01 5.07978439e+01 5.11166687e+01 4.80442619e+01
    5.22553253e+01 5.11516914e+01 5.19006615e+01 5.36061630e+01
    5.33791504e+01 4.95443687e+01 5.45292969e+01 5.04376945e+01
    5.62627525e+01 5.46371765e+01 5.53843460e+01 5.18558197e+01
    5.73361816e+01 5.37935143e+01 5.39352722e+01 5.59687538e+01
    5.60711708e+01 5.36930351e+01 5.51849098e+01 5.49777908e+01
    5.82000694e+01 5.64414215e+01 5.53417473e+01 5.65978508e+01
    5.67181282e+01 5.55835648e+01 5.81832199e+01 5.58297310e+01
    5.43578644e+01 5.33215370e+01 5.39403343e+01 5.51207047e+01
    5.29131088e+01 5.42406998e+01 5.47779846e+01 5.42140579e+01
    5.08821220e+01 5.32827339e+01 5.27004280e+01 4.99825401e+01
    5.00018806e+01 4.93384209e+01 5.26047096e+01 4.97513275e+01
    5.03860664e+01 5.09640236e+01 5.12227592e+01 4.95279121e+01
    4.80016403e+01 5.04099464e+01 5.12690430e+01 4.99972229e+01
    4.80676918e+01 5.20648727e+01 5.22537460e+01 4.85228310e+01
    5.14232750e+01 5.05150986e+01 5.14417458e+01 5.25310783e+01
    5.37886848e+01 5.42817116e+01 5.20438728e+01 5.26683273e+01
    5.56578369e+01 5.44631004e+01 5.65651703e+01 5.87617798e+01
    5.54555511e+01 5.46939163e+01 5.38974991e+01 5.62511444e+01
    5.35682449e+01 5.19295387e+01 5.23076363e+01 5.53349190e+01
    5.23167229e+01 5.41617584e+01 5.38050156e+01 5.19714050e+01
    5.37612991e+01 5.40680962e+01 5.01190605e+01 5.00081215e+01
    5.15870895e+01 5.20289230e+01 5.23302803e+01 5.09139023e+01
    5.12720490e+01 5.10655365e+01 4.70084915e+01 4.95078621e+01
    4.96260529e+01 5.04800835e+01 4.89738579e+01 5.19324646e+01
    5.07565842e+01 5.35049019e+01 5.20716324e+01 5.31633377e+01
    5.12899437e+01 5.14524345e+01 5.17292213e+01 5.30989761e+01
    5.52064362e+01 5.30211029e+01 5.52532845e+01 5.80548592e+01
    5.36627693e+01 5.29760056e+01 5.12114220e+01 5.47746201e+01
    5.50568237e+01 5.15303802e+01 5.05861969e+01 5.30509338e+01
    5.23576126e+01 5.13343391e+01 5.04679604e+01 5.34317932e+01
    4.97473068e+01 5.04249496e+01 5.15589790e+01 4.95606194e+01
    5.17282829e+01 5.07546234e+01 5.31726532e+01 5.08465385e+01 0.
    5.17600899e+01 5.27268486e+01 5.42978020e+01 5.61199951e+01
    5.21027985e+01 5.13871841e+01 5.32489014e+01 5.12383308e+01
    5.14270287e+01 5.38731689e+01 5.64501305e+01 5.38142014e+01
    5.45559845e+01 5.37041779e+01 5.12924843e+01 5.29201126e+01
    5.19953995e+01 5.32579803e+01 5.65129967e+01 5.47567215e+01
    5.41320648e+01 5.49123878e+01 5.61525764e+01 5.50548439e+01
    5.44711533e+01 5.31006355e+01 5.34657898e+01 4.99239464e+01
    5.36352310e+01 5.48702812e+01 5.38470001e+01 5.56986237e+01
    5.53922882e+01 5.57412262e+01 5.47206230e+01 5.73514595e+01
    5.49114494e+01 5.58694038e+01 5.58135948e+01 5.49725304e+01
    5.51617355e+01 5.61675186e+01 5.51976662e+01 5.50548248e+01
    5.39217262e+01 5.45914917e+01 5.53655281e+01 5.47188454e+01
    5.04713058e+01 5.47111969e+01 5.28875580e+01 5.04414177e+01
    5.16524315e+01 5.06098099e+01 5.20494766e+01 5.24365273e+01
    5.12685852e+01 5.18674126e+01 5.33458977e+01 5.17285309e+01
    5.07142143e+01 5.18238754e+01 4.90568275e+01 4.82056999e+01
    5.11526680e+01 4.93378181e+01 4.95627480e+01 4.76690712e+01
    4.75512123e+01 5.06932983e+01 5.27692566e+01 5.01448860e+01
    5.05003586e+01 5.10836411e+01 5.26515274e+01 5.43989372e+01
    5.15477371e+01 5.34562988e+01 5.49618797e+01 5.58766899e+01
    5.25653381e+01 5.52617798e+01 5.34451790e+01 5.51339607e+01
    5.15514984e+01 5.19570694e+01 4.93209000e+01 5.37396469e+01
    5.22153587e+01 5.15107574e+01 4.86423035e+01 5.17226639e+01
    4.99773254e+01 5.16609230e+01 5.02211685e+01 4.99199028e+01
    5.10454788e+01 5.11673508e+01 5.02244873e+01 5.14556885e+01
    5.25368919e+01 4.96755066e+01 5.18872948e+01 5.24097977e+01
    5.34529877e+01 5.32717667e+01 5.39166679e+01 5.21241493e+01
    5.25465660e+01 5.03035088e+01 5.04687004e+01 4.92145348e+01
    5.14468117e+01 5.28141708e+01 5.22497406e+01 5.27793465e+01
    5.62401314e+01 5.23242607e+01 5.40350037e+01 5.35598106e+01
    5.39397163e+01 5.24873619e+01 5.51268959e+01 5.37570763e+01
    5.52068634e+01 5.16040230e+01 5.56472778e+01 5.51665268e+01
    5.39544754e+01 5.19724274e+01 5.47628746e+01 5.60980530e+01
    5.62072449e+01 5.26175041e+01 5.59550705e+01 5.48034248e+01
    5.68547287e+01 5.55049706e+01 5.54665031e+01 5.34006310e+01
    5.51921883e+01 5.37757149e+01 5.38494644e+01 5.40519447e+01
    5.50690689e+01 5.30554924e+01 5.31000519e+01 4.99574242e+01
    5.19220428e+01 5.14750061e+01 5.06067238e+01 5.11479111e+01
    5.14349937e+01 4.92552147e+01 5.12525902e+01 5.05652237e+01
    5.28236923e+01 5.20110207e+01 5.31088867e+01 5.00092278e+01
    5.14684792e+01 4.83688583e+01 4.93340683e+01 4.84863815e+01
    5.20018234e+01 4.75195885e+01 5.12522430e+01 5.24183655e+01
    5.34867096e+01 5.08141022e+01 5.45880852e+01 5.28714066e+01
    5.84393234e+01 5.43294983e+01 5.46170387e+01 5.64421310e+01
    5.58758926e+01 5.69612656e+01 5.62699013e+01 5.51468277e+01
    5.72089462e+01 5.48856087e+01 5.51876221e+01 5.29293404e+01
    5.08556137e+01 5.59714394e+01 5.26815910e+01 5.50020409e+01
    5.37516289e+01 5.46926956e+01 5.31488342e+01 5.54426384e+01
    5.39306717e+01 5.10245628e+01 5.14424667e+01 5.31509171e+01
    5.09063225e+01 4.92579536e+01 5.28999748e+01 5.45876160e+01
    5.01508865e+01 5.10743065e+01 5.10610962e+01 5.05998688e+01
    5.05851822e+01 5.10925446e+01 5.03059616e+01 5.47770500e+01
    5.50284996e+01 5.52837830e+01 5.47392387e+01 5.24224663e+01
    5.34976082e+01 5.16287498e+01 5.21712227e+01 5.49686546e+01
    5.27680779e+01 5.44784012e+01 5.39880791e+01 5.47623940e+01
    5.10367050e+01 5.64587364e+01 5.45553703e+01 5.27287788e+01
    5.06451721e+01 5.37957954e+01 5.29665871e+01 4.92393646e+01
    5.17044525e+01 5.51404762e+01 5.04880028e+01 5.11882057e+01
    5.06476440e+01 4.98334885e+01 4.93975410e+01 5.04491463e+01
    4.88996010e+01 4.90734673e+01 4.83641090e+01 5.20844498e+01
    5.21827965e+01 0. 5.34488564e+01 5.24043427e+01 5.40664978e+01
    5.49739189e+01 5.43630447e+01 5.20532112e+01 5.08829842e+01
    5.20865288e+01 5.31360092e+01 5.14207840e+01 5.32717972e+01
    5.52418976e+01 5.41815414e+01 5.35437889e+01 5.51225548e+01
    5.59658432e+01 5.31956978e+01 5.24295120e+01 5.29626694e+01
    5.13577538e+01 5.13097343e+01 5.48967896e+01 5.55505142e+01
    5.59017677e+01 5.47710419e+01 5.50794067e+01 5.47457275e+01
    5.36073151e+01 5.58051491e+01 5.52089157e+01 5.48700714e+01
    5.29798660e+01 5.63735123e+01 5.42450142e+01 5.51563721e+01
    5.61984291e+01 5.56257362e+01 5.26491890e+01 5.50434837e+01
    5.56336861e+01 5.35584793e+01 5.37682915e+01 5.49570084e+01
    5.31185722e+01 5.63184624e+01 5.24303703e+01 5.51106796e+01
    5.84441719e+01 5.38213959e+01 5.46129723e+01 5.59868317e+01
    5.12602005e+01 5.35872612e+01 5.21534195e+01 5.18630562e+01
    5.17203979e+01 5.23781013e+01 4.82570419e+01 5.26101990e+01
    5.00879860e+01 4.91545258e+01 4.91601334e+01 4.95989456e+01
    4.82121887e+01 5.00675926e+01 4.81813774e+01 4.79304733e+01
    5.24090385e+01 5.17659340e+01 5.18471489e+01 4.90362663e+01
    5.13252945e+01 5.13220711e+01 5.06297951e+01 4.97938309e+01
    5.24808693e+01 5.11462898e+01 5.32837868e+01 5.46429787e+01
    5.46589088e+01 5.09329605e+01 5.15436630e+01 5.30947075e+01
    5.33806496e+01 5.12623520e+01 5.03694954e+01 5.19603691e+01
    5.10828629e+01 5.16409302e+01 5.09737206e+01 5.01546898e+01
    5.28938446e+01 5.33703918e+01 5.12917023e+01 5.14221916e+01
    5.00212975e+01 5.08381996e+01 5.00609741e+01 4.70436478e+01
    5.07042847e+01 4.97435913e+01 5.05368805e+01 5.16973648e+01
    5.32860222e+01 5.29551430e+01 5.06222458e+01 5.01038017e+01
    5.09317703e+01 5.16106339e+01 5.24043808e+01 5.29639969e+01
    5.27143135e+01 5.30525284e+01 5.48832855e+01 5.16681099e+01
    5.20657196e+01 5.74732246e+01 5.33399200e+01 5.31832047e+01
    5.39156761e+01 5.39596825e+01 5.49216118e+01 5.51336746e+01
    5.32367058e+01 5.46398010e+01 5.32744217e+01 5.43431549e+01
    5.50090294e+01 5.52979012e+01 5.22790604e+01 5.23168640e+01
    5.41798744e+01 5.46821518e+01 5.23068581e+01 5.36412430e+01
    5.52469254e+01 5.60850525e+01 5.53376007e+01 5.47836952e+01
    5.67055244e+01 5.48376083e+01 5.29214363e+01 5.46105347e+01
    5.42861671e+01 5.49366875e+01 5.27528419e+01 5.18783913e+01
    5.16632080e+01 5.03041229e+01 5.30056610e+01 5.02955589e+01
    5.23728867e+01 5.06138687e+01 5.12330704e+01 4.80070801e+01
    5.27942085e+01 4.94272842e+01 5.00055084e+01 4.77435150e+01
    5.10699844e+01 4.94574966e+01 4.82246208e+01 4.89855919e+01
    4.93787155e+01 5.07390060e+01 4.98928871e+01 4.93565712e+01
    5.31120071e+01 4.98348351e+01 5.43116760e+01 5.13217850e+01
    5.45855141e+01 5.11458855e+01 5.61760826e+01 5.47131500e+01
    5.66718521e+01 5.49669495e+01 5.61460838e+01 5.64291763e+01
    5.69031868e+01 5.47234039e+01 5.69375076e+01 5.38552551e+01
    5.61075401e+01 5.29106560e+01 5.48600616e+01 5.29888916e+01
    5.32521324e+01 5.47485313e+01 5.35378952e+01 5.42560539e+01
    5.59816513e+01 5.21702232e+01 5.48465195e+01 4.96963959e+01
    5.19230919e+01 5.28663139e+01 4.84827728e+01 5.27936020e+01
    5.02970276e+01 5.07544899e+01 5.07530746e+01 5.26281281e+01
    5.17538109e+01 5.04865417e+01 4.81302032e+01 5.06890869e+01
    5.32267189e+01 5.33150330e+01 5.12161102e+01 5.39002075e+01
    5.42143784e+01 5.39943810e+01 5.63896255e+01 5.12622032e+01
    5.22976761e+01 5.37003555e+01 5.21094131e+01 5.27116127e+01
    5.39087639e+01 5.48581429e+01 5.19325981e+01 5.26762886e+01
    5.27529716e+01 5.07254028e+01 5.28476639e+01 5.22770195e+01
    5.23149910e+01 5.03899078e+01 5.31609001e+01 5.17368317e+01
    5.05932884e+01 5.20090408e+01 5.06589775e+01 4.99809113e+01
    4.75839195e+01 4.77331085e+01 5.05712662e+01 5.07186241e+01
    5.16015167e+01 5.51056023e+01 0. 5.18915863e+01 5.23383904e+01
    5.47353439e+01 5.54159851e+01 5.41305504e+01 5.12056923e+01
    5.50302505e+01 5.14826126e+01 4.94477272e+01 5.43001251e+01
    5.47246704e+01 5.56760521e+01 5.65428200e+01 5.46029663e+01
    5.38767281e+01 5.61138039e+01 5.54851418e+01 5.26888008e+01
    5.60542755e+01 5.32321129e+01 5.72673645e+01 5.69157944e+01
    5.84170685e+01 5.69109535e+01 5.67416153e+01 5.15308189e+01
    5.63860168e+01 5.18299828e+01 5.32346802e+01 5.47201691e+01
    5.34744644e+01 5.35665245e+01 5.59197845e+01 5.18618431e+01
    5.52758827e+01 5.50468941e+01 5.69383430e+01 5.39151421e+01
    5.31350365e+01 5.73507080e+01 5.44144974e+01 5.61286697e+01
    5.40028038e+01 5.31064911e+01 5.53183060e+01 5.39006691e+01
    5.50903397e+01 5.67976189e+01 5.39333076e+01 5.57606506e+01
    5.41485100e+01 5.42216339e+01 5.26284180e+01 5.38512077e+01
    5.12461548e+01 5.37923317e+01 5.21214714e+01 5.35762939e+01
    5.09141350e+01 5.05561714e+01 5.16857300e+01 5.21797676e+01
    5.00257721e+01 4.62165184e+01 5.04136238e+01 5.00830803e+01
    4.81400909e+01 4.87753754e+01 5.03550148e+01 5.04018707e+01
    4.94494553e+01 4.78635254e+01 5.20014381e+01 5.10145111e+01
    4.94155540e+01 5.27233963e+01 5.50342827e+01 4.91683197e+01
    5.23094826e+01 5.12752991e+01 5.10414162e+01 5.02403030e+01
    5.33000984e+01 5.33220100e+01 5.00014267e+01 5.03027115e+01
    5.04943237e+01 5.06144600e+01 4.88097038e+01 5.06531372e+01
    4.95330734e+01 5.03753738e+01 4.85521698e+01 5.00074615e+01
    5.19863777e+01 5.14366074e+01 5.24037323e+01 5.18017654e+01
    5.09580803e+01 5.32936707e+01 5.17771072e+01 5.19907532e+01
    5.27690430e+01 5.26648026e+01 5.26098747e+01 5.11353645e+01
    5.09047127e+01 5.45303726e+01 5.49054871e+01 5.34627914e+01
    5.47884712e+01 5.33317413e+01 5.47604408e+01 5.67139664e+01
    5.36218910e+01 5.46633377e+01 5.66474304e+01 5.28662376e+01
    5.19712410e+01 5.39274902e+01 5.49039154e+01 5.54589043e+01
    5.49433022e+01 5.32658272e+01 5.26135941e+01 5.63967743e+01
    5.48465118e+01 5.50272293e+01 5.30904312e+01 5.34572906e+01
    5.31079102e+01 5.60009613e+01 5.02935867e+01 5.25761070e+01
    5.59315147e+01 5.27485352e+01 5.50639534e+01 5.57184296e+01
    5.37879753e+01 5.62817421e+01 5.29353447e+01 5.10327339e+01
    5.20088806e+01 5.50152435e+01 5.44421616e+01 5.21621170e+01
    5.41495972e+01 5.34319725e+01 5.19355659e+01 4.99209213e+01
    5.33213959e+01 5.26094971e+01 5.10710716e+01 4.68222466e+01
    4.96511612e+01 4.96367340e+01 5.26817780e+01 4.97344322e+01
    5.17391434e+01 4.91888542e+01 5.21591225e+01 4.94990387e+01
    5.14265747e+01 4.97714233e+01 4.98216209e+01 4.93996201e+01
    4.88310318e+01 5.20153122e+01 5.14813614e+01 4.92446785e+01
    5.39252663e+01 5.39154015e+01 5.29295731e+01 5.28299179e+01
    5.34984169e+01 5.62122154e+01 5.55965309e+01 5.44522095e+01
    5.78738556e+01 5.62030029e+01 5.76380959e+01 5.56668930e+01
    5.53591385e+01 5.45816422e+01 5.72304153e+01 5.59226379e+01
    5.62847290e+01 5.45073853e+01 5.62674408e+01 5.39775276e+01
    5.54292145e+01 5.57272034e+01 5.29807510e+01 5.14976692e+01
    5.32258072e+01 4.98779793e+01 5.34264336e+01 5.01441803e+01
    5.11344452e+01 5.22657967e+01 5.13112183e+01 4.88398857e+01
    5.18913612e+01 5.09613914e+01 5.14212914e+01 4.85496788e+01
    5.13437119e+01 5.10820351e+01 5.41515884e+01 5.29126320e+01
    5.40348167e+01 5.39194908e+01 5.37505913e+01 5.25425377e+01
    5.19689026e+01 5.13268547e+01 5.27382545e+01 5.35433807e+01
    5.51518860e+01 5.47015381e+01 5.47738914e+01 5.29971542e+01
    5.36807289e+01 5.40675316e+01 5.18481216e+01 5.29474945e+01
    5.23884773e+01 4.86911125e+01 4.92076950e+01 5.22858162e+01
    5.10914803e+01 5.00440140e+01 4.72188873e+01 4.73704185e+01
    4.83344574e+01 5.02768555e+01 4.86611824e+01 5.09325638e+01
    5.10828476e+01 5.11725922e+01 5.06049042e+01 0. 5.31035767e+01
    5.20811844e+01 5.35628204e+01 5.43614616e+01 5.45798721e+01
    5.44092941e+01 5.32007256e+01 5.47705193e+01 5.16645775e+01
    5.42446747e+01 5.71358490e+01 5.58492813e+01 5.54691620e+01
    5.42751694e+01 5.48759193e+01 5.88642769e+01 5.70959854e+01
    5.42887383e+01 5.53499832e+01 5.49870491e+01 5.38751945e+01
    5.56464233e+01 5.60521851e+01 5.46796646e+01 5.48661079e+01
    5.38559456e+01 5.41409683e+01 5.17720261e+01 5.30510139e+01
    5.57214012e+01 5.31483688e+01 5.32867622e+01 5.26804695e+01
    5.35750923e+01 5.42712593e+01 5.47650871e+01 5.30621071e+01
    5.49017868e+01 5.45160980e+01 5.47487030e+01 5.48079453e+01
    5.26360931e+01 5.64609184e+01 5.58573189e+01 5.31305351e+01
    5.39850616e+01 5.66988792e+01 5.62361183e+01 5.56167068e+01
    5.36322289e+01 5.50820160e+01 5.48658028e+01 5.14750023e+01
    5.06770096e+01 5.24640274e+01 5.61648026e+01 5.19510956e+01
    5.02608147e+01 5.14971046e+01 5.15960121e+01 4.82685013e+01
    4.76319046e+01 5.04375801e+01 4.72233467e+01 4.85863190e+01
    5.04101257e+01 5.00099373e+01 4.87104950e+01 5.00377960e+01
    5.06401863e+01 5.39884949e+01 5.00622101e+01 5.24815063e+01
    5.31603661e+01 5.21519928e+01 5.34241905e+01 5.24739304e+01
    5.27160187e+01 5.19547577e+01 5.23705101e+01 5.30616264e+01
    5.08861656e+01 5.30976067e+01 5.14519730e+01 5.02791786e+01
    4.69770584e+01 4.78299713e+01 4.89498215e+01 5.16537781e+01
    4.97121086e+01 4.90253410e+01 4.94134674e+01 5.24276581e+01
    5.34334641e+01 5.10990181e+01 5.13218575e+01 5.20598259e+01
    5.01912231e+01 4.89453201e+01 4.92655373e+01 5.12636604e+01
    5.00202637e+01 5.30521545e+01 5.26827049e+01 5.42620506e+01
    5.33753052e+01 5.32037849e+01 5.60173683e+01 5.26409531e+01
    5.22038918e+01 5.38173447e+01 5.19676628e+01 5.31080208e+01
    5.48138733e+01 5.37015991e+01 5.42577477e+01 5.52261963e+01
    5.36970634e+01 5.19094963e+01 5.44031410e+01 5.39154015e+01
    5.37256050e+01 5.47296410e+01 5.56249008e+01 5.48797684e+01
    5.38764877e+01 5.41669540e+01 5.30551949e+01 5.52813873e+01
    5.36410294e+01 5.22996788e+01 5.58236122e+01 5.26209412e+01
    5.07823143e+01 5.52143707e+01 5.49731903e+01 5.39244652e+01
    5.27386398e+01 5.21790352e+01 5.31357155e+01 5.74082680e+01
    5.26720848e+01 5.50606308e+01 5.59653664e+01 5.38883171e+01
    5.20202866e+01 5.22697601e+01 5.15412865e+01 5.17954636e+01
    4.97849236e+01 5.10557442e+01 5.02898216e+01 5.06038666e+01
    5.18842430e+01 5.20479660e+01 5.37932281e+01 5.06734581e+01
    5.30011711e+01 5.18008232e+01 5.17513123e+01 4.93008461e+01
    4.84838715e+01 5.00843697e+01 5.02344437e+01 4.92272682e+01
    5.35177193e+01 4.99176445e+01 5.04018021e+01 5.34172592e+01
    5.05356827e+01 5.24687157e+01 5.24366570e+01 5.49482269e+01
    5.44034653e+01 5.34236145e+01 5.35318871e+01 5.55632706e+01
    5.62329826e+01 5.68884544e+01 5.74675217e+01 5.65042076e+01
    5.56938133e+01 5.79264336e+01 5.46882210e+01 5.28393555e+01
    5.58560410e+01 5.40993919e+01 5.32595978e+01 5.25674400e+01
    5.36342735e+01 5.41249428e+01 5.47565079e+01 5.40438805e+01
    5.21676521e+01 5.04672623e+01 4.94189835e+01 5.19281349e+01
    5.17429085e+01 4.84074173e+01 5.20763435e+01 5.16944618e+01
    5.00412216e+01 5.05367126e+01 5.21159592e+01 5.13407440e+01
    5.04957314e+01 4.98954697e+01 5.15660553e+01 5.22997017e+01
    5.17846107e+01 5.24439354e+01 5.19714088e+01 5.36609650e+01
    5.46980934e+01 5.24367142e+01 5.25181084e+01 5.22736130e+01
    5.31353302e+01 5.36504555e+01 5.37922668e+01 5.49781609e+01
    5.65259285e+01 5.31699142e+01 5.32665291e+01 5.12126350e+01
    4.91990356e+01 5.30272446e+01 5.41817207e+01 5.12321625e+01
    5.02954788e+01 5.11257401e+01 4.99732170e+01 4.94133377e+01
    5.09288063e+01 5.02433281e+01 4.69001923e+01 4.90666695e+01
    4.68271446e+01 4.96193428e+01 4.91647110e+01 5.05343208e+01 0.
    5.30044861e+01 5.49898148e+01 5.61220131e+01 5.81481781e+01
    5.71139641e+01 5.36632996e+01 5.79926338e+01 5.66674423e+01
    5.44803696e+01 5.33263435e+01 5.67608833e+01 5.74264755e+01
    5.45864792e+01 5.46975021e+01 5.55177155e+01 5.69454193e+01
    5.48649178e+01 5.34271088e+01 5.55256767e+01 5.52833672e+01
    5.46428986e+01 5.58523026e+01 5.34453392e+01 5.73599701e+01
    5.54881744e+01 5.33187180e+01 5.62468987e+01 5.36119804e+01
    5.57504349e+01 5.39466209e+01 5.08048134e+01 5.24139519e+01
    5.37036209e+01 5.11501732e+01 5.50613289e+01 5.59019737e+01
    5.48855591e+01 5.52487259e+01 5.49131699e+01 5.56098289e+01
    5.94769478e+01 5.68744164e+01 5.53157082e+01 5.68258514e+01
    5.55981331e+01 5.65576782e+01 5.58127022e+01 5.99446526e+01
    5.27276688e+01 5.72800827e+01 5.26501808e+01 5.52053261e+01
    5.81177750e+01 5.31021652e+01 5.33002357e+01 5.41124344e+01
    5.20892563e+01 5.15067062e+01 4.94418411e+01 5.19349594e+01
    4.98826218e+01 4.70199547e+01 4.85963554e+01 4.84411392e+01
    4.80364151e+01 5.01668587e+01 4.76399879e+01 5.06348076e+01
    4.82521133e+01 5.18384247e+01 5.37019806e+01 5.19366150e+01
    5.22193222e+01 5.25739822e+01 4.95721931e+01 5.28415947e+01
    5.20047951e+01 5.16814003e+01 5.27962914e+01 5.17460175e+01
    5.12710876e+01 5.21821327e+01 4.99516945e+01 5.24300308e+01
    4.79961243e+01 4.80967216e+01 5.02465286e+01 5.02990990e+01
    4.85952644e+01 5.10707741e+01 4.94215546e+01 5.20416641e+01
    5.12548523e+01 5.04667969e+01 5.08971596e+01 4.99100952e+01
    5.09057503e+01 5.31978874e+01 5.03394699e+01 5.14944191e+01
    5.19256859e+01 5.29131851e+01 5.48667030e+01 5.51717377e+01
    5.41567268e+01 5.34879723e+01 5.29521980e+01 5.42243690e+01
    5.54276619e+01 5.33322487e+01 5.31293755e+01 5.57408752e+01
    5.46049919e+01 5.22466507e+01 5.52963638e+01 5.41028366e+01
    5.67478867e+01 5.47475853e+01 5.21228638e+01 5.33088684e+01
    5.42534180e+01 5.30709000e+01 5.48953590e+01 5.05421143e+01
    5.21754341e+01 5.40289917e+01 5.45870972e+01 5.44828148e+01
    5.44787598e+01 5.57835846e+01 5.28717384e+01 5.36710243e+01
    5.55014458e+01 5.31876564e+01 5.43774567e+01 5.15261650e+01
    5.30397453e+01 5.48973770e+01 5.31049309e+01 5.28278084e+01
    5.30925179e+01 5.24114532e+01 5.08881264e+01 5.19242554e+01
    5.15712433e+01 5.00826416e+01 4.96161880e+01 5.31617393e+01
    5.11148605e+01 5.32531548e+01 5.10148392e+01 5.43406639e+01
    5.01788979e+01 5.06302605e+01 5.02206688e+01 5.27774391e+01
    4.79434929e+01 5.00766487e+01 5.19666100e+01 5.24303360e+01
    5.13458748e+01 4.86886215e+01 5.18648872e+01 5.28555641e+01
    5.04843025e+01 5.03899307e+01 5.22009697e+01 5.11491699e+01
    5.13119469e+01 4.98952065e+01 5.26805038e+01 5.37162971e+01
    5.26206322e+01 5.49940453e+01 5.65257111e+01 5.44941940e+01
    5.50908318e+01 5.65053062e+01 5.57218971e+01 5.74696541e+01
    5.67451973e+01 5.74839134e+01 5.65735588e+01 5.58180885e+01
    5.28727264e+01 5.46722565e+01 5.48041153e+01 5.49991913e+01
    5.67699509e+01 5.45762749e+01 5.64372177e+01 5.73154526e+01
    5.44033508e+01 5.43544350e+01 5.40211945e+01 5.00601311e+01
    5.19627838e+01 5.10464783e+01 5.15223808e+01 5.03914680e+01
    5.37431870e+01 5.11546440e+01 4.92181969e+01 4.98485718e+01
    4.98861580e+01 5.03766441e+01 4.97856560e+01 5.15998650e+01
    5.14755898e+01 5.20230637e+01 5.48226852e+01 5.40016975e+01
    5.29994431e+01 5.48906937e+01 5.42430115e+01 5.36543808e+01
    5.41126480e+01 5.38049202e+01 5.29072113e+01 5.32230034e+01
    5.50678978e+01 5.50974350e+01 5.00770531e+01 5.14285431e+01
    5.16662865e+01 5.16714363e+01 4.95177460e+01 5.06988945e+01
    5.03391647e+01 5.27298889e+01 4.98377724e+01 5.22188721e+01
    5.04985275e+01 5.16692657e+01 4.77614021e+01 4.92694969e+01
    4.96787453e+01 5.16485748e+01 5.12289352e+01 5.04873352e+01
    5.21260681e+01 0. 5.11022301e+01 5.52921219e+01 5.59904327e+01
    5.76612282e+01 5.60370712e+01 5.40191154e+01 5.52191315e+01
    5.42059822e+01 5.43272285e+01 5.86690178e+01 5.41156235e+01
    5.59179001e+01 5.73766632e+01 5.62566185e+01 5.69766159e+01
    5.62142105e+01 5.77199631e+01 5.55060768e+01 5.95560074e+01
    5.45684090e+01 5.67472458e+01 5.57346840e+01 5.85391083e+01
    5.70005913e+01 5.57617378e+01 5.44891243e+01 5.55076599e+01
    5.38052826e+01 5.30147972e+01 5.53304214e+01 5.47315826e+01
    5.21969948e+01 5.54440575e+01 5.56202545e+01 5.63308029e+01
    5.61121979e+01 5.54244957e+01 5.69058800e+01 5.51931152e+01
    5.67374001e+01 5.39765511e+01 5.40623474e+01 5.63361549e+01
    5.05901794e+01 5.55529633e+01 5.42704239e+01 5.43364906e+01
    5.67264442e+01 5.65547218e+01 5.25991173e+01 5.44925499e+01
    5.28744087e+01 5.31774750e+01 5.37177620e+01 5.24781265e+01
    5.36630974e+01 5.45602875e+01 5.40516243e+01 5.22910004e+01
    5.25758133e+01 5.15715942e+01 4.92394066e+01 5.08886528e+01
    4.78012314e+01 4.61128578e+01 5.00422020e+01 4.97415771e+01
    4.88981972e+01 5.06206207e+01 5.02480507e+01 5.42070312e+01
    5.37913361e+01 5.34578171e+01 5.23132477e+01 5.30732384e+01
    5.41429024e+01 5.46396942e+01 5.23115234e+01 5.43090096e+01
    5.28279190e+01 5.40557213e+01 5.29597092e+01 5.07437096e+01
    5.21671333e+01 5.12812653e+01 4.90380936e+01 4.87166710e+01
    4.94960022e+01 5.09008064e+01 5.37046280e+01 4.92420158e+01
    5.05566139e+01 5.22864037e+01 5.18270416e+01 5.21510048e+01
    5.37081604e+01 5.34072304e+01 5.35236931e+01 5.35945396e+01
    5.19960670e+01 5.40143890e+01 5.36810875e+01 5.14177551e+01
    5.20275841e+01 5.35473900e+01 5.30589447e+01 5.21945343e+01
    5.16904373e+01 5.44136581e+01 5.26246414e+01 5.28622131e+01
    5.29197731e+01 5.51197014e+01 5.38279686e+01 5.57482109e+01
    5.50131454e+01 5.84897194e+01 5.52601089e+01 5.33759499e+01
    5.40159302e+01 5.49411049e+01 5.64146576e+01 5.41397591e+01
    5.45527534e+01 5.42106781e+01 5.59123344e+01 5.35699348e+01
    5.65611382e+01 5.68636932e+01 5.63930092e+01 5.38512497e+01
    5.26176224e+01 5.58479729e+01 5.38763695e+01 5.38091240e+01
    5.36952705e+01 5.23631821e+01 5.34468689e+01 5.26692352e+01
    5.14271164e+01 5.08634872e+01 5.27705269e+01 4.97113991e+01
    4.95329247e+01 5.21636963e+01 5.08719711e+01 4.89929962e+01
    5.28045845e+01 5.06965904e+01 4.80124321e+01 5.13278160e+01
    4.83231735e+01 5.25033455e+01 4.90227356e+01 5.26006508e+01
    5.24955177e+01 5.30960045e+01 5.19464989e+01 5.21085548e+01
    5.24119606e+01 5.36093369e+01 4.92592812e+01 5.26742134e+01
    5.33251610e+01 5.35420647e+01 5.31089516e+01 5.15896721e+01
    5.21710167e+01 5.35582314e+01 5.24408493e+01 5.20232582e+01
    5.58745613e+01 5.48468933e+01 5.48307686e+01 5.34971390e+01
    5.53033180e+01 5.40196877e+01 5.51876907e+01 5.42448540e+01
    5.63429146e+01 5.69235840e+01 5.56446495e+01 5.44059105e+01
    5.50359917e+01 5.45458145e+01 5.46020012e+01 5.49995003e+01
    5.29123878e+01 5.34227180e+01 5.39026718e+01 5.52218323e+01
    5.41865196e+01 5.47360764e+01 5.26005669e+01 5.26734009e+01
    5.21195869e+01 5.50368271e+01 5.27503204e+01 5.15637360e+01
    5.38856735e+01 5.23180161e+01 4.99284592e+01 5.21005440e+01
    4.95485153e+01 5.24163818e+01 5.15228539e+01 5.02383537e+01
    5.28039246e+01 5.55128746e+01 5.19807816e+01 5.06773758e+01
    5.46873093e+01 5.38869286e+01 5.23761635e+01 5.20980835e+01
    5.20500183e+01 5.46635742e+01 5.18657608e+01 5.36629829e+01
    5.15538979e+01 5.43416481e+01 5.48203583e+01 5.25178337e+01
    5.25964775e+01 5.18512917e+01 5.18492393e+01 5.25326118e+01
    5.21699753e+01 5.18376503e+01 5.16431236e+01 5.28736877e+01
    4.84992256e+01 4.98616486e+01 5.02569084e+01 5.23536148e+01
    5.01494751e+01 5.06815491e+01 5.03687973e+01 4.85503922e+01
    5.33228493e+01 5.19015808e+01 0. 5.06496925e+01 5.36514435e+01
    5.59757996e+01 5.59562569e+01 5.61065674e+01 5.51689148e+01
    5.46764946e+01 5.38634186e+01 5.36619453e+01 5.36930351e+01
    5.41615829e+01 5.44514503e+01 5.71403160e+01 5.64349556e+01
    5.66687393e+01 6.10407448e+01 5.84936600e+01 5.70431290e+01
    5.83620300e+01 5.61345253e+01 5.58243294e+01 5.70795326e+01
    5.59184914e+01 5.89044647e+01 5.86832390e+01 5.65176544e+01
    5.81021652e+01 5.62457809e+01 5.80842438e+01 5.79251213e+01
    5.49241676e+01 5.60267220e+01 5.42551308e+01 5.36434708e+01
    5.65036507e+01 5.58005905e+01 5.71969681e+01 5.49140625e+01
    5.65021858e+01 5.70346336e+01 5.58713531e+01 5.51254234e+01
    5.44141655e+01 5.53657417e+01 5.37905540e+01 5.50491714e+01
    5.81708069e+01 5.70979843e+01 5.92961426e+01 5.48427086e+01
    5.46470032e+01 5.56571121e+01 5.52799568e+01 5.45222282e+01
    5.49401970e+01 5.59661751e+01 5.67379608e+01 5.47876358e+01
    5.43893013e+01 5.21626854e+01 5.26387062e+01 4.87788124e+01
    4.99292374e+01 4.90891533e+01 5.01362724e+01 4.98332863e+01
    5.18628845e+01 4.99769707e+01 5.06364021e+01 5.17389336e+01
    5.26766548e+01 5.08853607e+01 5.32885895e+01 5.29223099e+01
    5.13039398e+01 5.35424957e+01 5.21911278e+01 5.32267151e+01
    5.63182297e+01 5.10535049e+01 5.60690727e+01 5.58593559e+01
    5.32328415e+01 5.25978889e+01 5.15451126e+01 5.02937660e+01
    4.99429893e+01 4.93198624e+01 4.90886497e+01 5.24958076e+01
    5.09485817e+01 4.90181885e+01 5.10700302e+01 5.50682220e+01
    5.12850800e+01 5.31256371e+01 5.43119392e+01 5.16108360e+01
    5.36990814e+01 5.10851669e+01 5.38138199e+01 5.34598808e+01
    5.63512344e+01 5.59738312e+01 5.49983978e+01 5.56148415e+01
    5.27655983e+01 5.15963326e+01 5.41140518e+01 5.40011330e+01
    5.28973885e+01 5.39693604e+01 5.06184044e+01 5.27325172e+01
    5.39008522e+01 5.54510002e+01 5.45309830e+01 5.38925514e+01
    5.35365372e+01 5.59597397e+01 5.53500900e+01 5.47284927e+01
    5.42569695e+01 5.43133926e+01 5.56072655e+01 5.58095741e+01
    5.50131073e+01 5.27745743e+01 5.37516670e+01 5.49683609e+01
    5.03672333e+01 5.32559128e+01 5.41874924e+01 5.26756783e+01
    5.12485199e+01 4.81281929e+01 5.33445358e+01 5.22702599e+01
    5.13199577e+01 5.14407310e+01 5.23801537e+01 5.07746010e+01
    5.27695923e+01 5.09043808e+01 4.97573586e+01 5.03537292e+01
    4.94923630e+01 4.84133949e+01 4.89422417e+01 4.89109001e+01
    4.92167473e+01 5.35618553e+01 5.03188057e+01 4.91314316e+01
    4.94344177e+01 5.19760094e+01 4.97530212e+01 5.13004150e+01
    5.01681099e+01 5.17013779e+01 5.37859535e+01 5.04238548e+01
    4.99380226e+01 5.20971947e+01 4.92743378e+01 5.13215981e+01
    5.07901077e+01 4.99420547e+01 5.37345543e+01 5.42193375e+01
    5.06603165e+01 5.10228386e+01 5.23329926e+01 5.34139099e+01
    5.47357368e+01 5.45997696e+01 5.44692078e+01 5.54508286e+01
    5.63019447e+01 5.81929054e+01 5.65967827e+01 5.56043625e+01
    5.36078682e+01 5.35907364e+01 5.29093246e+01 5.44232368e+01
    5.32851181e+01 5.52259865e+01 5.43738327e+01 5.43351707e+01
    5.45304871e+01 5.59959488e+01 5.42445221e+01 5.70459633e+01
    5.55183029e+01 5.23837662e+01 5.53847694e+01 5.49676323e+01
    5.22401009e+01 5.33147125e+01 5.49304466e+01 5.36951599e+01
    5.23217773e+01 5.21962318e+01 5.35367928e+01 5.08191452e+01
    4.89018517e+01 5.04181786e+01 5.18860931e+01 5.05265388e+01
    5.06882133e+01 5.10324974e+01 5.21987495e+01 5.22559357e+01
    5.15042763e+01 5.00607185e+01 5.19646759e+01 5.48155479e+01
    5.19881287e+01 5.04849472e+01 5.27661705e+01 5.37301025e+01
    5.20028915e+01 5.15987015e+01 5.20260277e+01 5.34780312e+01
    5.28846359e+01 5.05300064e+01 5.25942993e+01 5.04844627e+01
    5.03910103e+01 5.22429810e+01 5.10530014e+01 5.31615105e+01
    5.36346779e+01 5.26999016e+01 5.01461830e+01 5.20552979e+01
    5.04124947e+01 5.14536781e+01 5.32535057e+01 0. 5.21591530e+01
    5.31553040e+01 5.41063766e+01 5.52108231e+01 5.50854416e+01
    5.43499260e+01 5.68456116e+01 5.46129417e+01 5.41181793e+01
    5.29592781e+01 5.57719803e+01 5.60456810e+01 5.70953865e+01
    5.48682785e+01 5.61238251e+01 5.72838745e+01 5.45624695e+01
    5.43295975e+01 5.69480362e+01 5.72036438e+01 5.55744171e+01
    5.63320847e+01 5.69219322e+01 5.96518288e+01 5.74375572e+01
    5.85502319e+01 5.64749947e+01 5.49329414e+01 5.87065430e+01
    5.64018555e+01 5.47826691e+01 5.46657295e+01 5.56596298e+01
    5.53654671e+01 5.62735367e+01 5.67421989e+01 5.58067284e+01
    5.62241821e+01 5.74008942e+01 5.62167740e+01 5.67844200e+01
    5.46731262e+01 5.45809784e+01 5.47398148e+01 5.40254974e+01
    5.67904701e+01 5.62861633e+01 5.58448753e+01 5.42387695e+01
    5.69647255e+01 5.47209969e+01 5.44714584e+01 5.63312111e+01
    5.38579292e+01 5.43299675e+01 5.35838203e+01 5.43454819e+01
    5.42116661e+01 5.05362206e+01 5.02646980e+01 5.39381561e+01
    5.04671860e+01 5.06804886e+01 5.15023613e+01 4.99008217e+01
    5.27475471e+01 5.05224915e+01 4.87000122e+01 5.10202370e+01
    5.26189537e+01 5.44832687e+01 5.36149788e+01 5.15626755e+01
    5.20214081e+01 5.50341988e+01 5.60119896e+01 5.44901810e+01
    5.32753906e+01 5.57424965e+01 5.44768639e+01 5.21459770e+01
    5.42298393e+01 5.29641075e+01 5.23655815e+01 5.27782669e+01
    5.11456909e+01 5.04033165e+01 5.01155472e+01 5.12949295e+01
    5.23680496e+01 5.08597946e+01 5.27890320e+01 5.25542450e+01
    5.22838402e+01 5.23667603e+01 5.19510612e+01 5.41078987e+01
    5.45146484e+01 5.53191452e+01 5.47559471e+01 5.52798042e+01
    5.59169540e+01 5.42456207e+01 5.57404442e+01 5.53579025e+01
    5.54345894e+01 5.39180717e+01 5.49320107e+01 5.57837372e+01
    5.55450096e+01 5.59182396e+01 5.46647682e+01 5.27316284e+01
    5.21583405e+01 5.46750259e+01 5.64845810e+01 5.46373711e+01
    5.37314148e+01 5.22543449e+01 5.74362144e+01 5.24522705e+01
    5.50985527e+01 5.41149673e+01 5.40257072e+01 5.52490768e+01
    5.28447800e+01 5.32067833e+01 5.45981750e+01 5.28200417e+01
    5.52588463e+01 5.21077156e+01 4.93596878e+01 5.35651398e+01
    5.32931938e+01 5.08358116e+01 5.12884750e+01 5.11098709e+01
    5.32486763e+01 4.92303772e+01 4.80403900e+01 5.07438164e+01
    5.06411552e+01 4.78038483e+01 5.00040169e+01 4.74836159e+01
    4.86288681e+01 4.83652687e+01 4.94536858e+01 5.00239372e+01
    4.92018280e+01 4.96557350e+01 5.23545990e+01 5.11807556e+01
    4.89832039e+01 5.03553162e+01 4.93386154e+01 5.03785439e+01
    5.19744759e+01 4.92456284e+01 5.27458191e+01 5.27670937e+01
    4.92716103e+01 5.07562904e+01 5.32728844e+01 5.03074799e+01
    5.02655182e+01 5.30965919e+01 5.34362640e+01 5.39474525e+01
    5.08788223e+01 5.03041153e+01 5.36244659e+01 4.98752594e+01
    5.27657738e+01 5.37173882e+01 5.31548462e+01 5.45797501e+01
    5.36851501e+01 5.41889114e+01 5.41761818e+01 5.35694618e+01
    5.26423225e+01 5.26743431e+01 5.33995667e+01 5.18217316e+01
    5.29435005e+01 5.44954643e+01 5.47012405e+01 5.27704315e+01
    5.21017761e+01 5.40975609e+01 5.31231918e+01 5.29898033e+01
    5.43607292e+01 5.41592903e+01 5.31408806e+01 5.26216545e+01
    5.38460083e+01 5.35076675e+01 5.20456810e+01 5.23462257e+01
    5.33649597e+01 5.22852402e+01 5.24967003e+01 5.28598976e+01
    5.30255737e+01 5.11267281e+01 5.29400635e+01 5.15512886e+01
    5.13289490e+01 5.40375633e+01 5.22103310e+01 5.15919685e+01
    4.96698799e+01 5.38621788e+01 5.38156128e+01 5.36328964e+01
    5.41034851e+01 5.53685379e+01 5.35674210e+01 5.30256691e+01
    5.53805275e+01 5.43339996e+01 5.19618301e+01 5.19760132e+01
    5.49997482e+01 5.48355904e+01 5.16749535e+01 5.22649498e+01
    5.30249863e+01 4.97009354e+01 4.99634247e+01 5.14995155e+01
    5.31858864e+01 5.29764366e+01 5.17182312e+01 5.21648865e+01
    5.44362526e+01 5.29696236e+01 5.50680008e+01 5.28712158e+01 0.
    5.16728516e+01 5.36984177e+01 5.35411339e+01 5.40762329e+01
    5.48216591e+01 5.43641739e+01 5.64532433e+01 5.49556236e+01
    5.41022873e+01 5.41909637e+01 5.33225098e+01 5.45905533e+01
    5.76207085e+01 5.32052803e+01 5.36415520e+01 5.76460304e+01
    5.72947311e+01 5.49549866e+01 5.57281570e+01 5.37180290e+01
    5.44413872e+01 5.39753304e+01 5.34285316e+01 5.59762535e+01
    5.53626137e+01 5.27496986e+01 5.70876045e+01 5.52750053e+01
    5.69485474e+01 5.61691704e+01 5.58316841e+01 5.55137482e+01
    5.45611801e+01 5.45927315e+01 5.43203468e+01 5.69353828e+01
    5.45305977e+01 5.63337593e+01 5.44524994e+01 5.75232239e+01
    5.41891289e+01 5.25591621e+01 5.32508850e+01 5.35127449e+01
    5.35519638e+01 5.46658020e+01 5.77393074e+01 5.68953896e+01
    5.65769081e+01 5.58446465e+01 5.52986374e+01 5.53067245e+01
    5.25759926e+01 5.55255394e+01 5.33958473e+01 5.20448647e+01
    5.36615448e+01 5.49530869e+01 5.43481483e+01 5.11109467e+01
    5.27750740e+01 5.38971672e+01 5.09650726e+01 5.07392693e+01
    4.95727577e+01 4.99731445e+01 5.04855957e+01 5.03493919e+01
    5.12176476e+01 5.35756340e+01 5.30502167e+01 5.57233086e+01
    5.32815819e+01 5.30672722e+01 5.38592720e+01 5.60254745e+01
    5.19944916e+01 5.30372963e+01 5.19040947e+01 5.46944046e+01
    5.46466942e+01 5.48093300e+01 5.21343842e+01 5.43120766e+01
    5.34861298e+01 5.27881851e+01 5.01824875e+01 5.22642746e+01
    5.22210274e+01 5.47550621e+01 5.11844254e+01 5.02291260e+01
    5.68581009e+01 5.29607773e+01 5.14800262e+01 5.14996605e+01
    5.57064438e+01 5.50871887e+01 5.38301849e+01 5.31687508e+01
    5.52956543e+01 5.20886383e+01 5.53883743e+01 5.68529053e+01
    5.53144875e+01 5.65158997e+01 5.84546089e+01 5.26528587e+01
    5.74594650e+01 5.52922058e+01 5.10153580e+01 5.29258232e+01
    5.28065338e+01 5.09226494e+01 5.32768326e+01 5.11735649e+01
    5.18607063e+01 5.22430801e+01 5.18609695e+01 5.32317696e+01
    5.34986458e+01 5.24123840e+01 5.30760956e+01 5.10177040e+01
    4.95406761e+01 5.34643059e+01 5.48395424e+01 5.31582298e+01
    5.13764877e+01 5.12538795e+01 5.24999809e+01 5.08396530e+01
    5.42370644e+01 5.38269196e+01 5.05049667e+01 5.19852257e+01
    5.18238068e+01 5.25530815e+01 5.15700150e+01 5.08356781e+01
    5.05002022e+01 4.94873772e+01 4.97940483e+01 4.94046249e+01
    5.01422234e+01 4.62807388e+01 4.72624359e+01 4.47338676e+01
    4.77701683e+01 4.79796257e+01 4.78026047e+01 4.88308258e+01
    4.98128700e+01 4.73320923e+01 5.19281654e+01 4.92245560e+01
    4.94812317e+01 5.14028358e+01 5.21593666e+01 4.92395248e+01
    5.17914429e+01 5.00005150e+01 4.98237000e+01 5.07807808e+01
    4.96978951e+01 4.79575615e+01 5.18872490e+01 4.88801308e+01
    5.13913422e+01 5.15791321e+01 5.34371948e+01 5.28295403e+01
    5.31347771e+01 5.24931297e+01 5.45031166e+01 5.45920296e+01
    5.58591995e+01 5.39422760e+01 5.45584984e+01 5.55660095e+01
    5.40265350e+01 5.48894043e+01 5.54152679e+01 5.37679787e+01
    5.26882172e+01 5.04492378e+01 5.26261559e+01 5.12961388e+01
    5.20106506e+01 5.32493668e+01 5.47859573e+01 5.50020943e+01
    5.64691582e+01 5.29511070e+01 5.38100510e+01 5.28399773e+01
    5.37909851e+01 5.31452637e+01 5.35947571e+01 5.27785721e+01
    5.34898186e+01 5.43468666e+01 5.23903465e+01 5.52397575e+01
    5.26059418e+01 4.89616051e+01 4.97936172e+01 4.99739227e+01
    5.33631783e+01 5.18083038e+01 5.25233955e+01 5.28204308e+01
    5.28668098e+01 5.08030205e+01 5.46004829e+01 5.50988808e+01
    5.32967033e+01 5.36647568e+01 5.35442696e+01 5.50233345e+01
    5.31526222e+01 5.27288475e+01 5.40782471e+01 5.41321411e+01
    5.24006271e+01 5.33565140e+01 5.41685524e+01 5.47282410e+01
    5.22898636e+01 5.36926575e+01 5.15096588e+01 5.45413132e+01
    5.09705505e+01 5.10289345e+01 5.21554222e+01 5.28005180e+01
    5.40798721e+01 5.42368584e+01 5.22972450e+01 5.50100708e+01
    5.31360207e+01 0. 0. 0. 0. 0. 0. 0. 0. 0. 0. 0. 0. 0. 0. 0. 0. 0. 0.
    0. 0. 0. 0. 0. 0. 0. 0. 0. 0. 0. 0. 0. 0. 0. 0. 0. 0. 0. 0. 0. 0. 0.
    0. 0. 0. 0. 0. 0. 0. 0. 0. 0. 0. 0. 0. 0. 0. 0. 0. 0. 0. 0. 0. 0. 0.
    0. 0. 0. 0. 0. 0. 0. 0. 0. 0. 0. 0. 0. 0. 0. 0. 0. 0. 0. 0. 0. 0. 0.
    0. 0. 0. 0. 0. 0. 0. 0. 0. 0. 0. 0. 0. 0. 0. 0. 0. 0. 0. 0. 0. 0. 0.
    0. 0. 0. 0. 0. 0. 0. 0. 0. 0. 0. 0. 0. 0. 0. 0. 0. 0. 0. 0. 0. 0. 0.
    0. 0. 0. 0. 0. 0. 0. 0. 0. 0. 0. 0. 0. 0. 0. 0. 0. 0. 0. 0. 0. 0. 0.
    0. 0. 0. 0. 0. 0. 0. 0. 0. 0. 0. 0. 0. 0. 0. 0. 0. 0. 0. 0. 0. 0. 0.
    0. 0. 0. 0. 0. 0. 0. 0. 0. 0. 0. 0. 0. 0. 0. 0. 0. 0. 0. 0. 0. 0. 0.
    0. 0. 0. 0. 0. 0. 0. 0. 0. 0. 0. 0. 0. 0. 0. 0. 0. 0. 0. 0. 0. 0. 0.
    0. 0. 0. 0. 0. 0. 0. 0. 0. 0. 0. 0. 0. 0. 0. 0. 0. 0.</data></your_img>
</opencv_storage>
