<?xml version="1.0"?>
<opencv_storage>
<g>1.5700000000000001e+00</g>
<r>3</r>
<filter-type>0</filter-type>
<circular>0</circular>
<L2_diff>8.5108700332599536e+00</L2_diff>
<test_img type_id="opencv-matrix">
  <rows>128</rows>
  <cols>256</cols>
  <dt>f</dt>
  <data>
    9.40383434e-01 2.44388670e-01 3.06135356e-01 9.91032898e-01
    6.04200721e-01 1.22078180e-01 1.02854311e-01 6.72608256e-01
    4.48636949e-01 4.38960195e-02 6.57023251e-01 4.96606231e-01
    1.25692755e-01 8.99489582e-01 6.56558335e-01 4.62463677e-01
    9.73703563e-01 5.23244798e-01 3.82714301e-01 8.75725985e-01
    6.33646667e-01 2.42277682e-01 1.01747394e-01 6.99037969e-01
    3.61727238e-01 1.01588100e-01 1.53167248e-01 6.37483716e-01
    6.55719221e-01 6.29527271e-02 4.14433837e-01 8.26702595e-01
    9.11256790e-01 9.37393546e-01 8.68300796e-01 4.82044399e-01
    9.77799892e-02 2.75080830e-01 9.22247469e-01 9.65772331e-01
    1.77362770e-01 2.01403260e-01 1.74543470e-01 2.01527268e-01
    4.95638430e-01 1.72076553e-01 6.12512589e-01 8.07124972e-02
    9.58229780e-01 2.18606293e-02 5.73361933e-01 3.45154703e-02
    3.17391396e-01 8.38002563e-02 7.20844030e-01 9.29595649e-01
    5.13679624e-01 4.70741183e-01 6.33702934e-01 6.19595587e-01
    1.69303685e-01 9.61315036e-01 9.05233562e-01 1.17164612e-01
    3.78206253e-01 4.39441949e-01 2.44170904e-01 5.00451267e-01
    5.64953387e-01 3.68155092e-01 8.51210833e-01 9.24284816e-01
    5.78696668e-01 9.86724257e-01 1.29191399e-01 5.91225982e-01
    1.18486702e-01 1.38896585e-01 9.42390919e-01 5.11407137e-01
    6.90553129e-01 6.96838021e-01 9.92161274e-01 6.03998065e-01
    7.46805131e-01 4.69319701e-01 5.20290315e-01 1.55064255e-01
    5.33810377e-01 8.41202259e-01 8.24798346e-01 6.04722679e-01
    3.86976898e-01 9.65642869e-01 3.44839841e-01 7.22045720e-01
    7.21826136e-01 6.98266447e-01 9.93961215e-01 9.62515950e-01
    4.84066159e-01 1.61573917e-01 2.15478301e-01 6.85455382e-01
    8.07432353e-01 4.26609069e-01 1.89384818e-01 4.93366331e-01
    5.82126319e-01 7.89558887e-01 6.72497332e-01 8.95741522e-01
    8.98981214e-01 1.55904531e-01 4.83764678e-01 4.16093528e-01
    8.53616059e-01 7.90625513e-01 5.25810659e-01 8.03607106e-01
    4.27060932e-01 3.09874535e-01 5.37248313e-01 8.09479475e-01
    1.26042545e-01 9.09353495e-02 8.86470079e-01 1.12002134e-01
    8.89529943e-01 2.16599315e-01 1.63205922e-01 8.36997867e-01
    5.15308559e-01 7.22825885e-01 6.10798597e-02 1.46748781e-01
    9.61271167e-01 5.55926025e-01 1.16379470e-01 3.84330451e-02
    8.97688150e-01 5.38155973e-01 7.54499733e-01 9.02670145e-01
    9.92142677e-01 6.12748861e-01 8.63216162e-01 6.44208729e-01
    6.27520919e-01 9.09244716e-01 4.65199828e-01 8.90106618e-01
    3.45789254e-01 5.04630506e-02 3.51602733e-01 1.98245943e-01
    8.55188489e-01 3.09537470e-01 4.78195846e-02 5.52342534e-01
    8.78231525e-01 4.50267315e-01 1.35503113e-02 2.48909771e-01
    2.81681657e-01 1.64948493e-01 7.86716044e-01 4.80553478e-01
    6.44696593e-01 1.46692365e-01 9.86081481e-01 5.36978602e-01
    8.11810434e-01 8.14841688e-01 3.40743423e-01 7.65751541e-01
    4.86130387e-01 3.59066963e-01 3.66319060e-01 6.13217354e-01
    7.33273923e-02 9.06235576e-01 6.79916978e-01 7.89567232e-01
    7.07238376e-01 3.41024101e-02 5.75748801e-01 3.83249581e-01
    3.02111983e-01 6.04101121e-01 8.24581146e-01 3.99122477e-01
    5.16324699e-01 6.19755507e-01 4.71120417e-01 3.66761744e-01
    6.55014157e-01 9.06892300e-01 3.24555218e-01 7.14042306e-01
    3.62959564e-01 8.64288807e-01 8.18433642e-01 2.34335482e-01
    5.66488922e-01 6.97256804e-01 8.76789212e-01 5.32350123e-01
    3.14923525e-01 9.05944705e-02 5.59916496e-01 2.93405354e-01
    9.51236486e-01 2.31974661e-01 6.77565813e-01 5.65807104e-01
    9.25270915e-01 8.59524965e-01 6.88877821e-01 5.41732073e-01
    8.07678938e-01 8.08008611e-01 6.30870938e-01 1.85057402e-01
    1.95484668e-01 7.77955770e-01 3.26038539e-01 3.36120009e-01
    4.93694454e-01 6.29696548e-02 7.27872133e-01 9.62411523e-01
    3.28614652e-01 1.81988627e-01 2.91138053e-01 6.35281861e-01
    7.44583011e-01 9.63539600e-01 7.55332232e-01 8.89618635e-01
    8.21727514e-01 7.41656065e-01 4.55624759e-02 9.38394010e-01
    3.83010596e-01 1.45900249e-03 8.35620344e-01 4.76897776e-01
    7.92307734e-01 7.14479446e-01 8.10599089e-01 9.39519227e-01
    3.19246948e-01 1.79211110e-01 9.26256180e-01 4.86243039e-01
    4.26195890e-01 5.71812749e-01 7.74516821e-01 7.81990767e-01
    2.66129375e-01 1.49453133e-01 3.06932271e-01 5.01172364e-01
    3.63342166e-01 4.60105568e-01 1.81954294e-01 5.56592047e-01
    5.79072118e-01 9.00839567e-01 9.22729135e-01 5.59161305e-01
    4.33951020e-01 5.52949727e-01 7.58545399e-01 1.64659917e-01
    3.47896338e-01 2.15492874e-01 1.34340167e-01 3.09098363e-02
    5.28453290e-01 8.86502266e-02 5.04649997e-01 9.97867465e-01
    6.07624352e-02 8.85398149e-01 5.17757118e-01 3.81102622e-01
    2.84670889e-02 5.09196818e-01 9.27239537e-01 3.94616514e-01
    5.85181117e-02 2.87182927e-01 6.53062999e-01 7.59043694e-01
    9.64709997e-01 6.52293563e-01 4.85875309e-02 2.77708471e-02
    3.42726409e-02 8.33710670e-01 5.80048203e-01 2.82270730e-01
    3.22341740e-01 5.07225811e-01 4.72427130e-01 4.71030176e-01
    7.73935199e-01 9.52683568e-01 8.69624496e-01 2.18447238e-01
    5.19538045e-01 4.15927470e-02 1.62692964e-02 4.23725545e-01
    5.78165054e-03 5.02097368e-01 2.90055454e-01 4.84716862e-01
    7.03073502e-01 8.89234662e-01 1.52765542e-01 9.42157269e-01
    2.80789256e-01 7.54879117e-01 7.77834594e-01 6.98240638e-01
    1.83556378e-02 3.41180265e-01 8.42264116e-01 9.06845391e-01
    8.42687488e-03 9.17908549e-01 7.26972818e-01 9.53338981e-01
    6.36652112e-02 9.64479208e-01 2.81159043e-01 2.83132106e-01
    3.25287282e-01 8.00357282e-01 6.39073730e-01 1.21510625e-01
    5.34367442e-01 6.20514870e-01 6.11156523e-01 2.83932805e-01
    3.01514149e-01 3.26526165e-02 8.96027327e-01 1.76925033e-01
    3.59505296e-01 9.22447801e-01 6.75897479e-01 9.24449682e-01
    8.29119086e-01 2.59940207e-01 9.08824384e-01 3.61922681e-01
    2.91886210e-01 6.88072383e-01 8.01879525e-01 6.66955411e-01
    9.69342709e-01 5.60794532e-01 6.77536070e-01 8.72878075e-01
    2.30454624e-01 1.51453912e-01 3.57695401e-01 5.87601364e-01
    2.35141426e-01 8.17721546e-01 7.30639815e-01 5.90297818e-01
    6.92357063e-01 3.29000175e-01 7.62811899e-01 4.19453949e-01
    5.09486079e-01 9.95856047e-01 3.24359179e-01 9.71388817e-02
    5.80326796e-01 6.91919506e-01 3.16828132e-01 2.78325140e-01
    2.46026874e-01 7.81121731e-01 6.77243888e-01 2.37476319e-01
    9.10588205e-02 4.52639163e-01 3.74995053e-01 3.50033224e-01
    4.89468485e-01 9.14643347e-01 2.97877491e-01 7.64057457e-01
    4.38837707e-01 9.48287725e-01 7.07367241e-01 6.64038539e-01
    8.65081787e-01 3.28819156e-02 2.82329082e-01 4.09654438e-01
    7.43039727e-01 9.38657582e-01 8.47395539e-01 7.37868667e-01
    5.78532517e-02 9.83658314e-01 9.88763809e-01 4.91913170e-01
    2.03800350e-01 2.84690142e-01 4.00488734e-01 3.82505864e-01
    3.66645366e-01 3.60645473e-01 2.10045606e-01 8.30337822e-01
    9.54908371e-01 6.94175363e-01 2.98692584e-01 7.58822024e-01
    7.51258016e-01 7.50497282e-01 8.59800160e-01 9.58462715e-01
    9.30367112e-01 4.62225527e-01 1.45557851e-01 7.46131897e-01
    5.96543372e-01 7.44150996e-01 4.34589893e-01 6.55884445e-01
    5.87891519e-01 8.65943551e-01 2.56936401e-01 1.32522792e-01
    8.64886045e-01 3.49798948e-01 7.51869023e-01 6.08259499e-01
    4.85755205e-01 3.83003891e-01 3.73190105e-01 4.89950299e-01
    4.81457889e-01 5.70932627e-02 2.85165608e-01 4.94555622e-01
    4.10777271e-01 2.10060865e-01 4.79805857e-01 9.80733752e-01
    2.59251267e-01 8.72251868e-01 4.25828725e-01 9.43138599e-01
    4.75136280e-01 8.51631999e-01 9.38495755e-01 1.93079948e-01
    9.20507848e-01 2.87712216e-01 9.79454339e-01 5.93766093e-01
    4.53615874e-01 5.75703382e-01 4.50188994e-01 6.10856056e-01
    9.70409751e-01 5.88747144e-01 7.81160116e-01 3.46720517e-01
    9.77045536e-01 9.19612586e-01 3.24173272e-01 1.96888894e-01
    8.45248222e-01 7.72682726e-02 1.80201620e-01 5.91579676e-02
    2.09421247e-01 9.68811512e-01 2.49009967e-01 2.21986920e-01
    8.21508884e-01 9.64731991e-01 1.08714581e-01 8.24313641e-01
    2.19418019e-01 8.22671294e-01 3.60614687e-01 7.93911695e-01
    1.33878380e-01 1.82156622e-01 7.05686569e-01 6.89737439e-01
    6.25923038e-01 1.03570998e-01 5.82814217e-04 6.81459785e-01
    2.22447962e-01 1.00547016e-01 9.82366204e-01 7.51868308e-01
    7.65886545e-01 6.81774318e-01 7.24057436e-01 1.77753299e-01
    3.66930544e-01 1.30214125e-01 1.85566872e-01 5.22040129e-02
    7.01000690e-01 6.69335663e-01 6.99958205e-01 1.70392483e-01
    3.91609371e-02 3.56908143e-02 1.09715730e-01 3.34360301e-01
    4.53150332e-01 3.76617730e-01 9.96713877e-01 9.34827924e-01
    8.60641837e-01 2.62774915e-01 8.11589837e-01 2.23527431e-01
    5.98275006e-01 4.46205556e-01 6.10136271e-01 4.96634901e-01
    2.99345553e-01 2.29746282e-01 4.19929504e-01 5.09453535e-01
    5.32128394e-01 7.74050117e-01 9.70347226e-01 8.25689554e-01
    6.11908197e-01 7.54573882e-01 7.21553922e-01 7.36232281e-01
    1.29183680e-01 2.83476502e-01 7.78843045e-01 5.91334939e-01
    7.05457449e-01 2.89695650e-01 6.21531904e-01 9.82883096e-01
    3.32589746e-01 3.78723919e-01 2.80506968e-01 6.42236710e-01
    2.64131784e-01 4.46648836e-01 9.67175364e-01 8.75482082e-01
    7.25002766e-01 7.43751943e-01 3.89668822e-01 8.67249012e-01
    4.70743209e-01 5.78166485e-01 2.83775538e-01 4.79295254e-01
    5.82883477e-01 3.73676389e-01 4.66065496e-01 8.83438468e-01
    8.26940835e-01 8.33800197e-01 9.77686048e-03 6.11027300e-01
    7.91939020e-01 3.95142674e-01 1.44678354e-01 9.32019234e-01
    1.19979829e-01 3.76767814e-02 7.74561286e-01 2.82166064e-01
    9.27955568e-01 4.43611175e-01 4.00859475e-01 8.51483405e-01
    9.52684641e-01 4.91894245e-01 9.46577668e-01 6.39227092e-01
    8.97974730e-01 4.29079503e-01 8.20783496e-01 6.34757400e-01
    6.68933511e-01 7.69797742e-01 5.22732913e-01 9.68184769e-01
    3.54014963e-01 4.51848924e-01 5.19953251e-01 9.63657320e-01
    8.32529545e-01 3.41309011e-02 8.70055020e-01 3.23471785e-01
    5.99457145e-01 3.18693042e-01 8.28217149e-01 7.68108249e-01
    4.63169813e-01 3.05827737e-01 4.34167087e-02 4.63768899e-01
    7.97407746e-01 5.90040565e-01 9.13708031e-01 3.12721312e-01
    3.82751346e-01 6.79195404e-01 9.87526894e-01 9.01751518e-01
    1.88936740e-01 4.01422441e-01 6.58721387e-01 4.42570299e-01
    1.24741614e-01 5.38760662e-01 1.99109912e-02 5.28302431e-01
    7.84159243e-01 2.31817067e-02 8.01060796e-02 1.01737976e-01
    8.13868999e-01 4.44312155e-01 3.39948535e-01 3.78232390e-01
    4.41568762e-01 1.63467735e-01 8.12050223e-01 9.04538274e-01
    5.42029858e-01 1.07110351e-01 7.64689982e-01 2.62375385e-01
    5.98496377e-01 9.93866086e-01 8.19175243e-02 4.61131513e-01
    1.13027841e-01 2.35050321e-01 5.29267311e-01 1.32463068e-01
    6.04834795e-01 8.51553798e-01 6.30510151e-01 2.35209465e-02
    8.40328455e-01 7.49328494e-01 1.15969330e-01 9.42066908e-01
    1.75467402e-01 1.47270560e-02 2.34631151e-01 7.89293170e-01
    4.82303351e-01 5.00013709e-01 6.14346027e-01 4.87219155e-01
    2.68054157e-01 8.56953979e-01 9.19518471e-01 8.77418995e-01
    2.71725178e-01 8.90089214e-01 8.58859062e-01 8.56470764e-02
    7.07746744e-01 6.62787020e-01 4.48397696e-01 3.62688839e-01
    5.59637606e-01 3.50740939e-01 4.53335673e-01 6.83538139e-01
    8.51293802e-01 5.63787222e-01 6.81271493e-01 9.74178195e-01
    9.58862305e-01 7.73662865e-01 3.27960640e-01 9.73103464e-01
    4.75732744e-01 2.71245152e-01 8.37931275e-01 6.93226218e-01
    2.05316842e-01 7.43963778e-01 8.43487382e-01 4.42303419e-02
    6.76478446e-01 7.48973966e-01 8.06394815e-01 2.73805022e-01
    5.95487714e-01 7.70385861e-02 8.85119319e-01 3.04084718e-01
    4.37067151e-01 2.14359790e-01 6.73695147e-01 2.36976087e-01
    2.45971411e-01 1.94525540e-01 1.69269234e-01 8.28458786e-01
    6.25053942e-01 8.77125740e-01 1.46779716e-02 7.98368633e-01
    4.27476197e-01 7.33323097e-01 6.78253889e-01 6.13010943e-01
    4.63572741e-01 5.41707218e-01 7.61884928e-01 6.31023526e-01
    2.85595953e-01 5.97858429e-02 5.83005309e-01 9.83244658e-01
    6.30348146e-01 4.04523820e-01 1.67540610e-01 8.44794273e-01
    4.69079703e-01 8.88254642e-02 3.16830069e-01 3.15361142e-01
    4.64151800e-01 6.43801153e-01 6.94491386e-01 1.03368551e-01
    3.49352300e-01 4.01898235e-01 9.27245200e-01 5.73048592e-02
    1.69325024e-01 4.22691256e-01 7.39105403e-01 8.95286083e-01
    4.68267620e-01 3.62674594e-02 1.92720383e-01 2.77126908e-01
    7.64637172e-01 9.88009930e-01 7.84559906e-01 8.70218396e-01
    1.59679234e-01 7.25943625e-01 4.63733703e-01 7.62005210e-01
    2.53183573e-01 8.43327701e-01 7.49415517e-01 2.86346287e-01
    3.63024294e-01 7.14602709e-01 8.39068770e-01 6.27643704e-01
    8.95228148e-01 6.89489841e-01 9.23581123e-01 7.11782217e-01
    3.79201651e-01 4.99384105e-02 8.74910593e-01 8.59692335e-01
    2.53240854e-01 9.16711867e-01 3.76843989e-01 5.98286986e-01
    1.18543833e-01 1.95262730e-02 9.24273968e-01 1.32720977e-01
    3.44953179e-01 4.62645054e-01 7.39770412e-01 8.56313765e-01
    3.71490538e-01 1.97835058e-01 5.23779452e-01 9.49715674e-01
    4.49931532e-01 9.57362652e-01 4.04547662e-01 1.02679580e-01
    6.08708620e-01 9.27045584e-01 8.76739025e-01 2.38844633e-01
    6.10950828e-01 6.39058471e-01 9.47231948e-02 8.86854887e-01
    3.80123824e-01 6.15316451e-01 4.72660869e-01 2.54558742e-01
    8.78562212e-01 9.68708873e-01 8.60589147e-01 3.19320112e-01
    8.15221667e-03 5.37240684e-01 4.29782212e-01 8.82267237e-01
    1.63856745e-02 6.28408551e-01 6.97494745e-01 7.68199325e-01
    7.10416198e-01 8.04282308e-01 9.83929873e-01 8.86320472e-01
    2.19615340e-01 6.40274227e-01 3.29052001e-01 4.29451257e-01
    5.52316129e-01 5.01412034e-01 1.60298496e-01 4.96708214e-01
    6.90451443e-01 3.00798208e-01 9.24129844e-01 1.81859523e-01
    4.06184375e-01 9.65035260e-02 6.46980166e-01 1.37535155e-01
    2.43626535e-01 5.26699662e-01 4.21038687e-01 8.10672641e-01
    8.05816650e-01 9.58471954e-01 9.53960180e-01 4.28092360e-01
    1.06864274e-01 9.33243155e-01 2.27331936e-01 8.52702975e-01
    8.47927928e-01 2.51550674e-02 6.92410350e-01 5.30816317e-01
    9.38153803e-01 1.27354950e-01 8.00829113e-01 3.06350708e-01
    1.60319626e-01 5.25637865e-02 5.22253871e-01 8.46930683e-01
    2.35332251e-01 5.95467865e-01 7.38691151e-01 2.99831927e-01
    1.05364352e-01 8.62847447e-01 4.67868567e-01 9.28172648e-01
    6.72186375e-01 6.35771453e-01 9.68227863e-01 2.57755220e-02
    9.19183969e-01 8.73730898e-01 5.57362795e-01 2.46371567e-01
    8.30765367e-01 8.18962097e-01 1.03395879e-01 9.96930599e-01
    8.47084045e-01 4.81052309e-01 8.47964883e-01 2.39067972e-01
    3.28573465e-01 5.37432432e-02 5.95978737e-01 4.80602562e-01
    4.52605546e-01 4.07037169e-01 1.47465080e-01 9.47994888e-01
    5.17660320e-01 8.75093341e-01 2.00202763e-01 4.75459993e-01
    5.72273254e-01 1.50700539e-01 2.08659828e-01 9.05474782e-01
    6.59918666e-01 3.29383731e-01 6.45353913e-01 7.11469769e-01
    4.09101009e-01 8.43578219e-01 7.28157461e-02 9.92086649e-01
    1.81155503e-01 7.93841362e-01 1.17768735e-01 2.63330340e-01
    6.73306644e-01 5.74987531e-01 6.55038118e-01 6.21736407e-01
    6.59824848e-01 7.47312248e-01 6.61983371e-01 1.17851168e-01
    5.12567997e-01 9.69419479e-01 8.12806964e-01 3.39299560e-01
    5.08533001e-01 6.21868134e-01 5.13419747e-01 8.26659560e-01
    4.84064519e-01 9.82282162e-02 7.82528520e-01 1.57972872e-02
    6.92275167e-01 1.97944462e-01 1.31400615e-01 4.22863334e-01
    2.95604408e-01 4.11532909e-01 3.63539368e-01 4.22129422e-01
    1.54441297e-01 8.69199038e-01 7.04122782e-02 7.79979706e-01
    8.48701954e-01 7.76683807e-01 7.02764034e-01 4.84908879e-01
    9.73326504e-01 5.61391354e-01 6.74709022e-01 4.84719127e-01
    4.54784632e-01 5.58967590e-02 4.44200844e-01 6.87848032e-01
    8.73640656e-01 8.25846314e-01 6.56622112e-01 4.77774769e-01
    8.76866579e-01 4.05929297e-01 5.68302393e-01 3.04647565e-01
    3.84670943e-01 5.18759787e-01 2.28746474e-01 7.93525040e-01
    1.25698745e-01 6.16806269e-01 5.95926583e-01 7.97563791e-01
    3.41006041e-01 1.20436907e-01 7.24980235e-02 3.95634472e-02
    5.31904876e-01 4.37040806e-01 6.30492330e-01 6.48241282e-01
    7.24157572e-01 7.25899100e-01 7.17765450e-01 4.50916201e-01
    9.86116409e-01 8.39208364e-02 1.82648540e-01 4.74138379e-01
    2.87201226e-01 1.03108048e-01 4.01879430e-01 4.15673643e-01
    5.21694243e-01 3.72112513e-01 2.34823018e-01 9.02361214e-01
    6.03234172e-01 2.34682620e-01 8.64038944e-01 4.29859549e-01
    6.79927886e-01 8.21022749e-01 7.05781460e-01 7.07674861e-01
    2.53533870e-01 1.15774870e-01 4.30926681e-02 3.28490257e-01
    8.73391271e-01 3.50117624e-01 7.90044427e-01 4.39572364e-01
    6.75080717e-01 5.24010062e-01 1.11114979e-03 4.05344963e-01
    9.29437399e-01 2.38543451e-02 4.73978549e-01 6.36744380e-01
    3.12757343e-01 4.88549054e-01 6.58734560e-01 8.86365950e-01
    3.88366580e-02 2.88405120e-02 4.52023596e-01 4.48253632e-01
    6.64818406e-01 7.02486873e-01 7.11846173e-01 8.15316498e-01
    2.70622671e-01 9.72992301e-01 3.64324123e-01 8.11771750e-01
    1.36938393e-02 2.26569504e-01 1.44031078e-01 1.14400387e-01
    7.12812126e-01 3.26132506e-01 4.68051732e-02 6.40749276e-01
    3.61075759e-01 2.09980428e-01 4.99351501e-01 7.02025890e-01
    4.25171256e-01 5.71488321e-01 6.93627536e-01 1.00794613e-01
    6.27580941e-01 6.34314060e-01 5.54248810e-01 6.82771683e-01
    2.38485575e-01 8.20258379e-01 7.91304111e-02 4.05026674e-01
    9.47992086e-01 8.89729977e-01 1.98847890e-01 6.00363612e-02
    3.93868744e-01 4.36567008e-01 8.00903440e-01 6.74423218e-01
    9.67308521e-01 4.92790371e-01 6.28150105e-02 8.32721710e-01
    5.29827893e-01 1.36585414e-01 2.47400850e-01 9.75773275e-01
    2.41055936e-01 6.04961395e-01 1.45022720e-01 9.46389019e-01
    1.47281587e-01 7.04317868e-01 8.99741352e-01 2.24172771e-01
    7.94344842e-02 9.52108622e-01 5.57724893e-01 3.05890977e-01
    1.75752550e-01 2.10516125e-01 3.05212438e-01 4.98467565e-01
    1.45168722e-01 5.64799905e-01 5.65981805e-01 6.96821868e-01
    1.92372084e-01 9.16259110e-01 4.78877068e-01 8.17406476e-01
    1.26475543e-01 2.17239618e-01 4.09788430e-01 1.76757604e-01
    8.50833654e-01 1.71677440e-01 2.06077635e-01 2.45373577e-01
    4.94778454e-02 5.02229452e-01 8.13721657e-01 9.65178847e-01
    5.79294801e-01 7.53260851e-02 8.07999253e-01 5.33912063e-01
    9.77281690e-01 6.30158007e-01 6.58694923e-01 3.63712788e-01
    6.45164430e-01 6.67801797e-01 3.83265942e-01 6.30817890e-01
    4.37043518e-01 3.25546682e-01 2.53207624e-01 5.69616854e-01
    4.40794706e-01 7.05364466e-01 5.49527526e-01 1.15718126e-01
    8.84075880e-01 5.30716777e-03 3.73698503e-01 4.65262145e-01
    5.43930471e-01 8.21101725e-01 9.80254173e-01 8.45178723e-01
    7.34508514e-01 1.80332571e-01 3.81777912e-01 4.26249564e-01
    3.16316336e-01 2.01585144e-01 2.98466861e-01 5.39908528e-01
    6.85944915e-01 3.69182169e-01 6.64361179e-01 7.93872595e-01
    6.94737375e-01 5.33573329e-02 6.51671827e-01 7.95114398e-01
    4.98948216e-01 6.09510183e-01 3.13542962e-01 2.91273415e-01
    8.32136035e-01 9.66667175e-01 5.02264202e-02 9.93581533e-01
    8.91303122e-02 8.97552133e-01 3.77098888e-01 2.79980719e-01
    9.59038019e-01 8.60902429e-01 1.77889675e-01 8.97994995e-01
    6.22310877e-01 6.12912655e-01 9.24366593e-01 8.73921216e-01
    1.37433946e-01 7.87532449e-01 2.90766537e-01 1.13381416e-01
    1.06101722e-01 1.06575340e-01 5.06008148e-01 2.15221763e-01
    3.88918221e-01 9.32274580e-01 8.86522412e-01 2.67797083e-01
    8.40089321e-01 1.65781319e-01 2.60480553e-01 6.25567198e-01
    2.40731537e-01 3.93935144e-02 1.08399451e-01 8.40208769e-01
    7.61327982e-01 4.49760079e-01 3.57965767e-01 9.80714202e-01
    7.16695905e-01 2.49207228e-01 6.36117697e-01 4.60522771e-02
    7.43176222e-01 9.36553061e-01 7.12874830e-01 4.23451394e-01
    3.66672635e-01 9.52836037e-01 1.81309134e-01 3.82206619e-01
    8.29854906e-02 5.70234895e-01 4.48691338e-01 8.55875134e-01
    7.77908683e-01 3.84783059e-01 5.42269468e-01 8.01283121e-03
    6.07426167e-01 3.03437412e-02 5.11128545e-01 8.32288504e-01
    1.93313569e-01 1.82714880e-01 8.30767155e-01 4.88877863e-01
    8.92156720e-01 9.83823776e-01 4.80295539e-01 7.19688416e-01
    7.49667823e-01 7.03567684e-01 8.27624917e-01 2.65610516e-02
    1.21437550e-01 7.10493386e-01 5.81939459e-01 5.12940288e-01
    5.99350333e-01 6.62018955e-02 2.86212116e-01 8.56528997e-01
    2.43176162e-01 5.04496276e-01 5.11269331e-01 4.39176023e-01
    4.42053437e-01 3.79418015e-01 6.54302716e-01 2.96980858e-01
    1.84438795e-01 1.64797843e-01 4.45571214e-01 7.52441287e-01
    6.85202181e-01 5.32521129e-01 4.48556244e-01 2.26967812e-01
    9.44984317e-01 1.93720549e-01 3.62666011e-01 9.65163231e-01
    5.43945789e-01 3.66303325e-01 9.10079777e-02 4.00811583e-01
    4.37836528e-01 5.92821538e-02 9.52528417e-01 5.38419366e-01
    5.82351983e-01 5.06576180e-01 1.06316596e-01 8.31220925e-01
    8.23741198e-01 3.42569768e-01 6.37481928e-01 5.04756808e-01
    8.15554976e-01 6.78712130e-01 6.70851171e-02 1.60911858e-01
    6.31814778e-01 3.55252087e-01 7.15835094e-01 7.96337008e-01
    1.02752745e-02 7.44597793e-01 8.51668596e-01 8.07290852e-01
    4.38484997e-01 8.78673017e-01 8.35034609e-01 7.79766262e-01
    7.63368130e-01 5.06113827e-01 9.13624287e-01 8.32886815e-01
    1.60730839e-01 1.84828430e-01 5.64436436e-01 3.09670031e-01
    6.51964426e-01 2.02665597e-01 3.84467006e-01 9.05695856e-01
    6.49459839e-01 2.05313027e-01 3.78372669e-02 4.44169044e-01
    4.80901927e-01 2.66064763e-01 8.47375154e-01 6.77958429e-01
    5.86718559e-01 9.96674776e-01 9.88264084e-01 7.96478689e-01
    4.35111284e-01 9.35232639e-01 7.96028793e-01 7.33946323e-01
    8.39754462e-01 8.46327305e-01 9.17014360e-01 3.03575397e-01
    1.69420749e-01 1.65001392e-01 1.54049218e-01 1.46935284e-01
    8.06696415e-01 1.09609962e-03 9.47237372e-01 9.24263239e-01
    5.19335210e-01 3.11370671e-01 3.33689213e-01 6.23457909e-01
    9.15766716e-01 6.41591191e-01 7.72612393e-01 3.22557747e-01
    3.61010224e-01 4.45781261e-01 8.34387660e-01 3.99435550e-01
    9.20840740e-01 5.45255065e-01 8.46609294e-01 6.27904713e-01
    6.49211884e-01 1.71152234e-01 2.40069985e-01 6.59316778e-03
    1.00888550e-01 4.27705228e-01 8.43108535e-01 1.69692338e-01
    2.01716512e-01 7.87447929e-01 3.69723737e-01 4.12000239e-01
    2.05442667e-01 4.35386300e-02 4.19090778e-01 6.69743061e-01
    8.04097950e-02 5.51906526e-01 4.99146223e-01 8.25848699e-01
    5.96018136e-01 8.35643530e-01 1.30857170e-01 4.10788089e-01
    3.44103515e-01 1.82060957e-01 2.00079054e-01 4.43729728e-01
    7.58011460e-01 7.73652196e-02 7.05288649e-01 8.16956341e-01
    4.64944690e-01 7.14908004e-01 4.47334647e-02 6.14927173e-01
    1.28237933e-01 9.33321953e-01 9.74832118e-01 7.10401237e-02
    1.79403305e-01 2.39860952e-01 9.99092221e-01 8.00144911e-01
    4.71659333e-01 4.12736177e-01 3.01779628e-01 4.73263800e-01
    5.27938306e-02 9.36946273e-02 1.30236894e-01 2.02874452e-01
    1.82844490e-01 5.29582560e-01 5.15093744e-01 9.31951642e-01
    1.81006730e-01 4.70601678e-01 5.80369234e-01 3.79759341e-01
    9.41198826e-01 1.95417732e-01 4.20539379e-01 6.66014791e-01
    7.81518161e-01 8.73524904e-01 3.10765713e-01 6.41230345e-02
    4.06421661e-01 1.19658321e-01 7.04545975e-01 8.19885850e-01
    1.48781300e-01 5.60595095e-02 5.34984350e-01 2.75188982e-02
    6.21126294e-02 8.75828147e-01 2.32473195e-01 4.22299773e-01
    3.48558903e-01 5.71592927e-01 4.36592519e-01 3.10229003e-01
    9.59037542e-01 1.16699725e-01 4.48094666e-01 3.12318563e-01
    3.18055749e-01 7.32848763e-01 1.94395334e-01 1.42030329e-01
    1.52596086e-01 2.76661575e-01 5.52625954e-01 6.73737168e-01
    3.39814961e-01 8.97673845e-01 5.33028781e-01 1.68972850e-01
    8.19217920e-01 9.43235874e-01 6.73368692e-01 2.98576057e-01
    1.58132643e-01 4.41752732e-01 6.06720388e-01 3.18282098e-01
    4.49608296e-01 6.74835384e-01 1.77050471e-01 6.24674916e-01
    3.94356787e-01 6.15164220e-01 2.56796688e-01 2.30084121e-01
    6.51535571e-01 8.50020528e-01 2.60039151e-01 6.19558215e-01
    4.11628783e-02 1.13031626e-01 2.18271941e-01 4.88803029e-01
    7.64620900e-01 2.68016398e-01 9.64713395e-01 5.03602028e-01
    4.56885964e-01 6.88114405e-01 7.95928955e-01 1.17383242e-01
    5.16842544e-01 7.77417421e-01 6.59279764e-01 3.08600843e-01
    2.66618192e-01 7.83250988e-01 6.97790384e-02 8.99211526e-01
    7.09538758e-01 7.54919887e-01 2.88862526e-01 8.93548787e-01
    3.93206358e-01 9.33706164e-02 6.01543665e-01 6.25082552e-02
    3.04776937e-01 5.92650056e-01 5.51131248e-01 9.45841074e-01
    2.49408156e-01 5.06385326e-01 7.81595707e-02 9.60223615e-01
    5.58920622e-01 9.43616807e-01 8.04394960e-01 9.40524340e-01
    2.80763149e-01 2.10136354e-01 3.98992628e-01 2.71473765e-01
    7.25575745e-01 8.69766951e-01 2.26324439e-01 6.81605041e-02
    1.10232830e-02 5.06405771e-01 9.57193792e-01 5.69147825e-01
    4.46102679e-01 6.56411946e-02 4.94397283e-01 9.81066108e-01
    6.48150563e-01 3.25812906e-01 3.25605333e-01 7.57681489e-01
    5.18542767e-01 7.53276706e-01 6.99305832e-01 6.33550584e-02
    4.86726344e-01 9.31568265e-01 9.82315123e-01 8.73071909e-01
    2.20543116e-01 1.16203994e-01 1.27579570e-01 1.34703636e-01
    7.81512499e-01 6.85753286e-01 8.56331468e-01 3.98867488e-01
    2.64121175e-01 3.48277271e-01 6.34817600e-01 7.46661603e-01
    1.45316243e-01 5.05302370e-01 8.48245502e-01 4.09387857e-01
    9.08890247e-01 4.42775130e-01 3.81596386e-01 6.90000713e-01
    9.79443610e-01 4.75543857e-01 6.94939494e-02 6.37376726e-01
    6.07522368e-01 4.29149389e-01 9.78416502e-01 4.65535611e-01
    3.83515209e-01 1.30624950e-01 7.88595796e-01 6.79894745e-01
    2.54932821e-01 6.84894621e-01 8.02797377e-01 1.98301435e-01
    2.96800017e-01 8.12274933e-01 8.04711998e-01 3.42121482e-01
    7.17192709e-01 8.73591185e-01 1.04053319e-02 2.12676316e-01
    8.14441085e-01 2.17105836e-01 7.21918106e-01 9.00354624e-01
    5.16294003e-01 9.21026468e-01 4.08296645e-01 2.56380588e-01
    3.18183333e-01 3.12973529e-01 6.67474091e-01 5.20390332e-01
    9.80432987e-01 2.77623773e-01 3.51514041e-01 3.44395846e-01
    6.55888081e-01 5.12147725e-01 3.24383080e-01 2.81063527e-01
    4.49499041e-01 5.66193521e-01 1.40421480e-01 5.83179772e-01
    5.58244169e-01 7.23212957e-01 6.56357050e-01 5.82460701e-01
    6.48748219e-01 4.23423946e-02 3.59406650e-01 6.62873387e-02
    5.70626676e-01 2.42101580e-01 8.84771764e-01 4.64940548e-01
    9.96751547e-01 5.08818150e-01 3.19047540e-01 9.46232319e-01
    8.19493651e-01 4.44631517e-01 7.38930702e-01 7.95401096e-01
    5.01550674e-01 7.18849778e-01 6.33291125e-01 2.78610706e-01
    5.85369170e-01 2.06937194e-02 9.16323662e-02 9.10720944e-01
    1.83499455e-02 8.70669067e-01 7.09903181e-01 2.50894189e-01
    8.95048141e-01 1.60136104e-01 1.87177390e-01 2.77225077e-01
    7.75953054e-01 6.62454009e-01 1.77210987e-01 4.72740144e-01
    1.75275952e-01 4.94723886e-01 7.45941103e-01 4.14208055e-01
    2.57232726e-01 1.46413237e-01 6.51667595e-01 5.77944875e-01
    8.61285567e-01 3.49822640e-01 6.85491264e-01 2.70446658e-01
    5.14880359e-01 6.50563955e-01 6.46429479e-01 8.01462233e-02
    1.94843769e-01 9.72047865e-01 8.09995234e-02 9.20469224e-01
    3.05713058e-01 1.54810667e-01 4.96726304e-01 9.85986650e-01
    6.35419130e-01 3.47795367e-01 8.03888798e-01 2.16180831e-01
    3.41527104e-01 5.44568777e-01 6.17696941e-02 2.49776840e-02
    5.44208050e-01 1.54695719e-01 7.97194839e-01 2.94954926e-01
    1.40023261e-01 5.88187099e-01 7.51535296e-01 7.44824469e-01
    6.47605062e-02 1.15198642e-01 7.76967645e-01 7.26935565e-01
    1.26131415e-01 6.14522576e-01 5.25226235e-01 1.95247620e-01
    5.94852448e-01 1.46258444e-01 5.26342690e-01 5.11325181e-01
    7.32057095e-02 6.26054108e-01 1.99674040e-01 1.87888563e-01
    7.04400063e-01 2.64567971e-01 5.41305482e-01 7.10098982e-01
    7.37109780e-01 5.38748622e-01 4.13163722e-01 2.56230593e-01
    6.81251049e-01 7.79718161e-01 6.44952059e-01 4.29420114e-01
    7.26649582e-01 2.34110951e-02 6.89787924e-01 2.59084702e-01
    4.45391327e-01 5.66096902e-02 4.91666377e-01 4.23287153e-01
    7.54211903e-01 3.47157180e-01 1.77440584e-01 8.50472689e-01
    6.12092137e-01 5.23470759e-01 3.97244096e-03 1.94694489e-01
    5.59563518e-01 5.97225606e-01 8.60986888e-01 4.72627074e-01
    7.06429660e-01 2.85148263e-01 8.25581670e-01 2.08432764e-01
    5.51730216e-01 4.50732529e-01 3.15598547e-01 5.32702267e-01
    7.38659382e-01 5.98630786e-01 2.29552478e-01 1.08464420e-01
    4.27494138e-01 5.92070282e-01 7.02486753e-01 6.28612280e-01
    9.52477336e-01 4.58022356e-02 4.42946851e-02 4.94670540e-01
    6.49088025e-01 1.91064984e-01 3.80926669e-01 3.58516693e-01
    2.25175261e-01 3.26021254e-01 2.62575150e-02 4.63135689e-01
    9.55066025e-01 5.25105953e-01 5.88782966e-01 6.13500118e-01
    2.88403928e-01 3.21076214e-01 6.06794059e-01 8.16371262e-01
    1.81912869e-01 3.62375617e-01 4.12341952e-01 7.47870862e-01
    5.51110864e-01 5.34590662e-01 7.09376752e-01 5.90068161e-01
    1.99568331e-01 2.97462195e-01 6.40640855e-02 9.67119217e-01
    6.23998463e-01 5.13694644e-01 2.97636807e-01 2.11950868e-01
    1.28869921e-01 8.97337317e-01 9.86103594e-01 5.51629186e-01
    7.56698012e-01 7.15364814e-01 6.41005158e-01 6.40391588e-01
    3.31757069e-01 6.99727535e-01 3.36601198e-01 4.05561924e-01
    9.90418732e-01 4.39610660e-01 2.28123039e-01 1.04608715e-01
    6.28601909e-01 1.55598521e-02 9.35414314e-01 2.70148337e-01
    6.45793319e-01 2.98663199e-01 7.94070780e-01 3.25133979e-01
    3.93949091e-01 8.58807445e-01 6.29533529e-01 7.50639200e-01
    1.40443593e-01 7.45281398e-01 5.50611556e-01 8.89700532e-01
    7.05956101e-01 3.44332874e-01 2.54871547e-01 3.15653682e-02
    5.01256704e-01 6.41041517e-01 5.03415108e-01 1.38366550e-01
    6.38740659e-02 4.77824241e-01 4.50129151e-01 1.14032924e-02
    8.46998334e-01 2.87731409e-01 9.99027848e-01 9.48677540e-01
    6.18022621e-01 2.98142791e-01 7.45816886e-01 6.39457405e-01
    6.60862386e-01 6.57371283e-02 8.29170167e-01 4.17383105e-01
    6.71101928e-01 4.29678679e-01 7.12272465e-01 9.67245817e-01
    4.38738346e-01 1.45582020e-01 7.32825577e-01 2.22952396e-01
    7.84603357e-01 9.68799114e-01 9.15939510e-01 3.92934263e-01
    7.09578693e-02 4.97650206e-01 6.61185384e-01 8.81900430e-01
    8.47887874e-01 5.32682836e-02 5.43918669e-01 4.84645784e-01
    1.34568781e-01 1.93407148e-01 4.88851100e-01 8.26922774e-01
    8.83102596e-01 9.20882583e-01 8.59905243e-01 7.38752842e-01
    3.43544483e-01 6.99644566e-01 1.70329511e-02 8.63204360e-01
    8.30773413e-01 9.05019283e-01 7.93496370e-01 1.36409670e-01
    8.32182586e-01 5.91651499e-01 9.68853772e-01 7.49630630e-01
    4.09405947e-01 7.79004335e-01 8.53620529e-01 9.21559215e-01
    8.28595519e-01 1.48375332e-01 9.28573191e-01 6.94371283e-01
    2.10576445e-01 6.87179625e-01 3.09164047e-01 8.22817922e-01
    8.00125599e-01 9.50240254e-01 4.66592878e-01 4.94213223e-01
    5.82040131e-01 3.88869852e-01 3.55218947e-01 5.68955839e-01
    8.58346224e-02 1.50919467e-01 8.25931311e-01 8.89722526e-01
    4.93923962e-01 6.09053433e-01 9.35118794e-02 5.74726403e-01
    8.49584103e-01 6.99118972e-02 5.10944128e-01 8.50567222e-02
    6.93099499e-01 8.20814013e-01 6.63189113e-01 8.12297821e-01
    6.03706300e-01 3.36770833e-01 5.74894428e-01 6.00019276e-01
    5.74191689e-01 8.34339261e-01 4.27622199e-02 7.88554549e-01
    5.88506043e-01 3.75166833e-01 3.20892692e-01 8.59661102e-01
    5.78657269e-01 3.16404849e-01 7.70207107e-01 1.56414390e-01
    8.24676991e-01 4.23952550e-01 6.50995076e-02 2.56702304e-02
    1.34424657e-01 1.59985811e-01 1.74898952e-01 6.33784235e-01
    3.08816314e-01 2.72614062e-01 7.78714001e-01 1.51988357e-01
    3.73059630e-01 1.96758389e-01 1.55257016e-01 4.30114061e-01
    3.57331604e-01 2.65797734e-01 7.58790731e-01 8.61386657e-02
    1.56626254e-01 3.64024699e-01 9.34317708e-01 8.38782489e-01
    9.85725403e-01 1.80459619e-02 9.15812373e-01 3.30247521e-01
    3.98651153e-01 5.27321458e-01 3.41442108e-01 9.41298723e-01
    8.99250448e-01 8.15414548e-01 2.47713715e-01 8.89221668e-01
    8.53108227e-01 2.29151696e-01 1.87565774e-01 9.81708229e-01
    4.92076308e-01 2.24861562e-01 7.02272236e-01 2.95000076e-01
    4.28375989e-01 6.63804591e-01 2.60522246e-01 8.85559320e-01
    6.92209363e-01 7.46050596e-01 5.79170644e-01 1.01689130e-01
    6.58763707e-01 4.96529996e-01 8.96874189e-01 2.35388488e-01
    9.24070358e-01 2.14643449e-01 5.90168536e-01 5.61441839e-01
    3.30059707e-01 3.63899738e-01 6.35293961e-01 1.40182853e-01
    1.20775491e-01 8.21057916e-01 4.86075878e-01 9.75953460e-01
    7.96612203e-01 9.66781437e-01 8.86478066e-01 9.29078877e-01
    3.62532437e-01 8.57424974e-01 2.55138934e-01 4.66026723e-01
    8.85160446e-01 6.14893436e-01 5.90163171e-01 6.01361394e-02
    6.90677702e-01 2.54893601e-02 5.66821158e-01 3.73607039e-01
    7.57123411e-01 6.98709369e-01 4.65217859e-01 6.89703226e-02
    2.53950059e-02 1.25742763e-01 3.02910089e-01 8.15172017e-01
    4.39373493e-01 2.33034909e-01 2.77517140e-01 3.57969046e-01
    9.76382852e-01 6.11779690e-02 1.93331867e-01 6.31377101e-01
    6.74994349e-01 8.18243623e-02 6.59493685e-01 1.98115349e-01
    5.89373529e-01 9.30477798e-01 5.13727069e-01 1.37851417e-01
    2.08519250e-01 2.49812812e-01 9.63203728e-01 9.33383703e-01
    8.75959516e-01 1.58759534e-01 5.21997213e-01 7.90537715e-01
    5.88276982e-02 5.81898272e-01 3.22465599e-02 6.92867160e-01
    4.84981656e-01 9.86565113e-01 9.92284596e-01 6.37207389e-01
    3.02260995e-01 7.60990083e-02 3.87036353e-01 5.92398584e-01
    9.85547423e-01 3.07559609e-01 6.56376362e-01 7.02928305e-02
    6.74741983e-01 2.36198843e-01 9.33137476e-01 5.59120953e-01
    9.97846723e-01 1.82639718e-01 2.90226042e-01 3.68775845e-01
    5.60792089e-02 7.93069959e-01 8.53730202e-01 8.03553104e-01
    9.84981239e-01 9.37373102e-01 6.80182040e-01 6.44497752e-01
    7.25120425e-01 5.34895837e-01 3.75952542e-01 9.25024807e-01
    9.80735898e-01 1.75464839e-01 8.27167094e-01 6.92991793e-01
    9.67531204e-01 7.74929762e-01 3.01054001e-01 8.92904103e-02
    5.94427764e-01 7.96224773e-01 5.28590739e-01 7.77558446e-01
    1.14352763e-01 4.60503787e-01 2.49181688e-01 9.55845058e-01
    6.65284991e-01 3.52194637e-01 2.41889536e-01 7.88672328e-01
    6.25057220e-01 3.91104817e-03 5.31966805e-01 3.03973556e-01
    7.64253438e-01 8.72705817e-01 1.00922912e-01 7.24181831e-02
    7.16513872e-01 8.82693648e-01 7.80157804e-01 4.15451497e-01
    5.50000846e-01 8.54309082e-01 1.87480688e-01 2.52976060e-01
    2.50847340e-01 1.97848141e-01 1.81374460e-01 5.60753942e-02
    1.27351433e-01 7.31113613e-01 1.89936489e-01 1.91582531e-01
    3.45178246e-01 5.66256881e-01 3.07998061e-03 6.02760792e-01
    3.38902593e-01 7.38294125e-01 6.95126593e-01 7.67706990e-01
    9.13054943e-01 8.03777874e-02 6.71901584e-01 8.79588723e-01
    2.56736696e-01 7.89581418e-01 9.22691524e-01 7.57628918e-01
    6.85694993e-01 6.47234917e-01 6.36059821e-01 4.32899177e-01
    8.09570909e-01 5.15089452e-01 1.34976894e-01 9.36857939e-01
    6.50774717e-01 1.59490466e-01 7.11611032e-01 2.12623388e-01
    8.02231312e-01 9.93705869e-01 2.05865443e-01 7.19575286e-01
    8.32818210e-01 7.06029177e-01 1.56357408e-01 4.46439028e-01
    4.45933402e-01 3.83147478e-01 1.78999037e-01 1.31551057e-01
    5.52626550e-02 1.65016413e-01 4.71418053e-01 3.40524137e-01
    4.03876662e-01 6.26669228e-02 8.61018002e-02 3.05625200e-01
    2.54858911e-01 8.66506219e-01 8.99574757e-01 8.33068490e-02
    5.80536723e-01 8.33377719e-01 5.08579016e-01 2.83636570e-01
    8.79241943e-01 2.29030579e-01 7.76134133e-02 4.30049717e-01
    5.37116826e-02 9.20663178e-01 1.60942674e-02 1.24294370e-01
    9.48122978e-01 9.27367330e-01 3.84473741e-01 7.40562379e-01
    5.89235246e-01 4.09991980e-01 8.64849627e-01 1.79186463e-03
    1.15370572e-01 8.69861722e-01 2.97547013e-01 9.94692564e-01
    5.15954792e-02 7.12132215e-01 3.83809865e-01 5.57653785e-01
    1.23154014e-01 9.93577600e-01 7.01465309e-01 3.60085160e-01
    9.24241841e-01 2.44816691e-01 4.64879215e-01 3.76682878e-01
    6.69930458e-01 4.80352610e-01 6.48469746e-01 4.36420262e-01
    7.89707303e-02 8.50521863e-01 4.91212487e-01 3.79847825e-01
    3.93363655e-01 8.66329074e-02 3.04702640e-01 8.87608886e-01
    5.78593910e-01 7.18139470e-01 6.35558188e-01 6.59596980e-01
    1.07032061e-01 7.41090000e-01 9.67273951e-01 6.74012780e-01
    3.32155645e-01 4.66739267e-01 8.92847300e-01 9.54420328e-01
    7.84613252e-01 5.32935560e-01 6.23472154e-01 9.52787638e-01
    3.12530428e-01 8.30472529e-01 3.39353144e-01 8.47979546e-01
    2.83023179e-01 4.68383372e-01 1.41311556e-01 6.71131253e-01
    4.35849130e-01 9.44504261e-01 7.34976113e-01 6.12471759e-01
    3.79221916e-01 2.90069997e-01 4.48731273e-01 6.60550594e-01
    3.28769296e-01 8.77730131e-01 8.99303555e-01 1.60487622e-01
    4.11976963e-01 4.95835900e-01 9.03385699e-01 7.20784068e-01
    4.52736884e-01 6.01549625e-01 1.66813731e-01 2.49025345e-01
    1.12374127e-01 8.17580700e-01 8.23215365e-01 4.73138601e-01
    4.34592634e-01 3.27997804e-01 8.72580171e-01 6.96326852e-01
    6.75532103e-01 7.31980562e-01 3.20117652e-01 7.78655648e-01
    5.82147658e-01 3.12439084e-01 3.19273829e-01 6.05689645e-01
    9.71152544e-01 9.63612556e-01 1.67321712e-01 9.35247123e-01
    3.43633175e-01 1.76299781e-01 8.73038888e-01 6.03570461e-01
    7.97787547e-01 7.67948627e-01 8.67712438e-01 7.84482837e-01
    4.79879230e-01 8.85899901e-01 4.78773564e-01 2.16287047e-01
    3.48487586e-01 3.84354115e-01 3.56509030e-01 7.54076004e-01
    2.90840000e-01 8.92001092e-01 4.15679783e-01 5.60850739e-01
    2.51311958e-02 7.94663608e-01 4.64997947e-01 2.31155515e-01
    3.11104208e-01 4.38395262e-01 9.60010767e-01 9.56514657e-01
    7.36798525e-01 5.40302992e-01 2.44525611e-01 7.30014563e-01
    8.69676471e-01 9.64163542e-02 2.18439251e-01 7.45362043e-02
    4.99887794e-01 8.18322003e-01 4.19695824e-01 3.15320760e-01
    7.82590747e-01 6.50214851e-02 8.04305315e-01 6.60383463e-01
    5.97222984e-01 9.13389027e-01 9.25259948e-01 1.21124208e-01
    1.03031158e-01 4.99318063e-01 8.11724901e-01 7.68690884e-01
    6.97544158e-01 8.04689169e-01 4.56725150e-01 1.22913957e-01
    9.69532073e-01 9.19139385e-01 1.54430568e-01 7.80928612e-01
    6.14865720e-01 7.44451284e-01 8.58565450e-01 8.12386632e-01
    5.71148217e-01 2.32004523e-02 9.87569809e-01 5.39861917e-01
    6.65862978e-01 1.57865763e-01 9.35369432e-01 7.21346438e-01
    7.26788342e-01 5.80112159e-01 1.01645201e-01 2.97951341e-01
    7.86511540e-01 2.59922147e-01 8.72149587e-01 3.52657080e-01
    1.53176755e-01 9.21035469e-01 1.10079139e-01 7.48856783e-01
    3.13034534e-01 5.07452726e-01 8.84864032e-01 6.51350260e-01
    5.90283751e-01 9.08819318e-01 6.04889750e-01 1.68723702e-01
    8.70529234e-01 3.98431718e-01 7.34485626e-01 8.47168446e-01
    3.49994451e-01 6.36714637e-01 3.65772396e-01 7.91145384e-01
    4.82226223e-01 7.67205119e-01 9.63635087e-01 1.67212129e-01
    1.63666010e-02 7.60648072e-01 4.26594913e-02 8.47468972e-01
    4.70758617e-01 5.33250809e-01 6.60193443e-01 1.54112756e-01
    9.06468391e-01 5.53355813e-02 4.68134701e-01 2.45710880e-01
    1.35373443e-01 9.30911183e-01 4.07180846e-01 1.31282121e-01
    7.20869303e-01 5.34850538e-01 2.51285762e-01 7.59798050e-01
    8.73882055e-01 3.35676074e-01 4.67480004e-01 3.08470368e-01
    9.81839538e-01 1.14010662e-01 8.91953230e-01 9.03277814e-01
    4.54724580e-01 7.89133072e-01 5.27517200e-02 2.25495338e-01
    7.28749633e-01 9.01410699e-01 3.70386958e-01 1.35774374e-01
    8.34275484e-02 8.46914351e-01 8.15287948e-01 2.55067229e-01
    2.84514129e-01 7.57930517e-01 3.09362233e-01 2.68787146e-01
    5.47324538e-01 2.09473044e-01 2.15898633e-01 3.87215644e-01
    7.65297413e-01 9.06491280e-01 1.84564263e-01 2.35342681e-02
    4.14486259e-01 8.29590678e-01 9.48071480e-04 1.62968129e-01
    1.42310977e-01 1.22185588e-01 2.03162223e-01 4.30116892e-01
    9.51038957e-01 9.20816004e-01 1.70008123e-01 8.46587062e-01
    9.94210362e-01 7.61992812e-01 4.51466680e-01 2.62640715e-02
    4.27652240e-01 5.26794255e-01 4.90010768e-01 8.26316476e-01
    2.78129816e-01 4.87355024e-01 8.14453006e-01 9.39724743e-02
    3.83544266e-01 6.90382183e-01 4.72087026e-01 9.66117084e-01
    6.16081417e-01 3.18519652e-01 2.28380740e-01 8.69981587e-01
    3.42057526e-01 6.14496708e-01 6.54177368e-02 4.46571499e-01
    5.21255732e-02 8.03138018e-01 3.71191770e-01 2.37020582e-01
    8.49633694e-01 9.30125713e-01 9.22644019e-01 6.42939746e-01
    7.19841957e-01 6.12641335e-01 3.19489241e-01 6.79247379e-01
    4.46038246e-01 9.64344501e-01 7.91516304e-01 3.90229702e-01
    7.83446670e-01 6.79067850e-01 4.71845508e-01 5.67638516e-01
    3.00856531e-01 8.42229605e-01 1.08119726e-01 1.21430516e-01
    6.92659557e-01 7.71694899e-01 2.89659917e-01 2.47921914e-01
    7.49395490e-01 1.54983729e-01 2.96888351e-02 7.55083919e-01
    4.61758524e-01 2.33603060e-01 7.41639078e-01 2.07321465e-01
    7.86890626e-01 7.55921364e-01 1.01695508e-01 5.20159900e-02
    3.05537641e-01 3.36692572e-01 4.82594639e-01 3.79133940e-01
    6.09015286e-01 8.19183290e-01 8.35011899e-02 7.58006334e-01
    5.80089688e-01 6.29424632e-01 1.35703593e-01 3.92568439e-01
    3.06426942e-01 2.38526553e-01 5.32310724e-01 2.68029809e-01
    6.01969540e-01 9.41395402e-01 7.69814849e-01 1.79340839e-01
    4.27470267e-01 7.99175024e-01 7.79813528e-03 9.22898173e-01
    2.19788551e-02 1.50078803e-01 3.01971972e-01 4.50430125e-01
    6.06009841e-01 5.04760444e-01 9.46833134e-01 8.55638027e-01
    4.14883703e-01 6.96025372e-01 2.71739662e-01 9.74379539e-01
    9.51104760e-02 2.07653731e-01 7.07705379e-01 2.15129763e-01
    4.96422768e-01 1.16856754e-01 6.18268311e-01 4.24681604e-01
    5.66884041e-01 5.29708028e-01 3.98785204e-01 9.16753531e-01
    3.19303572e-01 3.84523988e-01 3.96038651e-01 9.91050363e-01
    1.51459575e-01 2.54336476e-01 1.55317128e-01 8.32163393e-01
    7.58720517e-01 9.86317992e-01 9.93043423e-01 4.31990325e-02
    3.31747055e-01 5.82883000e-01 6.77054822e-01 5.68166375e-03
    4.49654341e-01 1.60009533e-01 3.90752643e-01 5.64184964e-01
    4.70384657e-02 4.20721680e-01 1.25413626e-01 7.15137720e-01
    8.69903207e-01 3.64289820e-01 1.84863657e-01 9.16672766e-01
    4.57720578e-01 7.51920164e-01 4.00236249e-01 5.26708245e-01
    9.56143618e-01 7.34108686e-01 7.46832669e-01 3.20759684e-01
    8.11388850e-01 5.42181909e-01 5.99156141e-01 1.29707873e-01
    6.22245789e-01 3.31854343e-01 4.42328721e-01 2.12471485e-02
    3.58710706e-01 2.52508342e-01 9.13628757e-01 1.55998021e-01
    3.81165564e-01 3.01924795e-01 7.56421626e-01 5.40305793e-01
    2.32095122e-01 1.44961238e-01 8.16230237e-01 5.66269338e-01
    2.65863746e-01 5.77577531e-01 1.96933955e-01 7.05627859e-01
    7.80889332e-01 3.16151857e-01 4.30995286e-01 4.10005271e-01
    1.74895823e-02 4.84649777e-01 9.24830139e-02 3.30118179e-01
    9.64367211e-01 7.16442108e-01 7.51048207e-01 1.05630070e-01
    3.64265442e-01 8.11245799e-01 4.82529730e-01 3.48922193e-01
    6.00570917e-01 6.38867736e-01 5.09842753e-01 3.27645659e-01
    3.41012895e-01 4.64684665e-02 9.64340150e-01 4.51350868e-01
    5.57112694e-03 5.01617432e-01 4.85818833e-01 4.45810854e-01
    4.98273909e-01 2.67884105e-01 8.45049620e-01 9.45337355e-01
    1.14369512e-01 1.69246733e-01 8.85511279e-01 7.59546578e-01
    7.80980110e-01 6.24218702e-01 5.96935928e-01 1.38253778e-01
    3.23241115e-01 1.75408781e-01 1.06468588e-01 1.43004805e-01
    7.65911818e-01 1.37087971e-01 4.28149343e-01 6.01117849e-01
    3.76861691e-02 7.24103749e-01 2.75339365e-01 8.50591540e-01
    5.84078431e-01 6.86471939e-01 8.58259916e-01 9.60404754e-01
    6.94705486e-01 5.63157082e-01 6.41082406e-01 3.92168462e-01
    6.98285818e-01 8.11454117e-01 1.83788240e-01 7.55329132e-01
    4.63991255e-01 5.69565892e-02 8.47457647e-02 5.28034270e-01
    4.78611529e-01 6.03076220e-01 6.62847161e-02 7.61552632e-01
    5.01102269e-01 1.68516725e-01 6.89762473e-01 9.57668722e-02
    6.80677652e-01 7.57858872e-01 4.14088964e-02 6.91551745e-01
    7.96372533e-01 3.41964960e-01 2.83145905e-01 5.85005939e-01
    7.85313606e-01 5.33728361e-01 4.71380293e-01 5.07881463e-01
    4.24329817e-01 2.47788429e-03 4.95545506e-01 4.46101725e-01
    5.76342940e-01 1.81620270e-01 2.42492974e-01 3.75273079e-01
    2.51029491e-01 6.64775372e-01 9.50425744e-01 3.05287421e-01
    3.10677469e-01 6.60727978e-01 1.59459472e-01 8.77167761e-01
    9.50691998e-02 5.56098342e-01 7.66583681e-01 8.05981159e-02
    5.60028791e-01 8.94602656e-01 7.39260912e-01 7.82229483e-01
    1.63711458e-01 5.38535893e-01 9.12075043e-01 7.84271479e-01
    4.21500921e-01 7.53767967e-01 3.97620112e-01 4.11066413e-01
    5.19629002e-01 6.19983137e-01 4.71366704e-01 3.80522132e-01
    2.56555945e-01 4.11281794e-01 5.90577900e-01 2.73418069e-01
    9.67052341e-01 9.53007162e-01 9.38857794e-01 8.58574510e-02
    9.79596019e-01 8.98470044e-01 3.22120190e-01 4.51606393e-01
    7.73773074e-01 7.20217347e-01 9.90310013e-02 6.07134998e-02
    1.31317973e-03 6.06119633e-01 5.82886457e-01 1.17167324e-01
    3.91544402e-01 4.33797657e-01 8.78871679e-01 1.03321970e-02
    4.07839090e-01 1.16930932e-01 1.92222893e-01 5.29404879e-02
    6.29224539e-01 5.37781239e-01 4.36346740e-01 2.47412622e-01
    5.02216339e-01 1.67840689e-01 5.06730497e-01 2.71761924e-01
    5.72888851e-02 9.03683364e-01 1.67829245e-01 5.17229140e-02
    6.53787673e-01 3.10203433e-02 6.67818606e-01 2.20647484e-01
    7.75622249e-01 5.68339229e-03 3.29434872e-04 9.88210440e-01
    8.91648412e-01 8.90880227e-01 3.05033028e-02 4.64488864e-02
    9.90555882e-01 8.02120388e-01 8.33439410e-01 9.62306201e-01
    6.10849738e-01 4.63154554e-01 5.55816233e-01 4.81094837e-01
    9.57780004e-01 6.80215657e-01 5.84697127e-01 2.67127991e-01
    6.63512290e-01 1.19944900e-01 1.95598274e-01 6.21601284e-01
    6.49573982e-01 8.82687926e-01 9.78790164e-01 9.89458680e-01
    3.65376770e-01 6.84191525e-01 4.34928834e-01 5.89583516e-02
    5.61849296e-01 5.08119166e-02 5.21777332e-01 3.35711420e-01
    1.76841617e-02 8.68428290e-01 4.89754140e-01 2.45169193e-01
    5.90630591e-01 2.80800164e-02 9.46758389e-01 5.91933846e-01
    7.72037208e-01 6.68417811e-02 6.17451668e-01 2.42032111e-01
    7.40934849e-01 8.82615566e-01 9.57476616e-01 2.45491922e-01
    7.31561244e-01 4.86688018e-01 5.19624352e-01 2.91282475e-01
    2.43972480e-01 6.23600721e-01 7.57822871e-01 6.41969085e-01
    2.22289652e-01 7.57240534e-01 2.49818057e-01 7.07168698e-01
    9.11750257e-01 9.25358951e-01 8.15342903e-01 6.25586390e-01
    8.13757300e-01 1.51902139e-01 4.59773362e-01 8.91408443e-01
    2.48306841e-01 9.10215318e-01 1.58639699e-01 4.82591093e-02
    3.36551070e-01 2.39056051e-02 6.26670003e-01 1.11563295e-01
    6.46034062e-01 4.92548376e-01 9.30684566e-01 5.41822791e-01
    1.35844767e-01 3.38625610e-02 3.26831847e-01 5.16237617e-02
    4.02974367e-01 8.16242695e-02 2.45069712e-01 6.39343619e-01
    4.62441236e-01 7.04125404e-01 9.61466491e-01 9.84426022e-01
    8.31273556e-01 2.24270523e-01 7.51406074e-01 5.50739765e-01
    4.34024155e-01 5.06155014e-01 9.63834047e-01 7.55226493e-01
    5.41167617e-01 5.63121438e-01 5.13269186e-01 7.79528618e-02
    2.40590066e-01 3.33450615e-01 8.75998020e-01 5.62756360e-01
    9.23095942e-01 5.36032557e-01 6.11959696e-01 7.38157868e-01
    9.32290792e-01 8.46949816e-01 2.39952207e-01 4.56413835e-01
    1.23228848e-01 2.17680395e-01 3.84799272e-01 8.93315434e-01
    3.51718545e-01 5.07902503e-02 9.78490472e-01 1.06523395e-01
    5.07787466e-02 8.01548123e-01 1.22418731e-01 6.54092371e-01
    4.03256118e-01 7.00847208e-01 1.51752591e-01 1.39705181e-01
    6.79456830e-01 8.35399508e-01 7.90250540e-01 2.51934081e-01
    6.60254896e-01 6.47227705e-01 5.92627108e-01 8.57459784e-01
    5.68097532e-01 8.48706126e-01 2.01718777e-01 3.39412630e-01
    5.31054854e-01 5.66785336e-02 1.65463179e-01 6.96639419e-01
    6.68776035e-02 2.03507811e-01 1.11876607e-01 9.23272789e-01
    1.08806163e-01 4.40452218e-01 3.09728920e-01 1.65441424e-01
    5.35931289e-01 6.47982121e-01 4.70026314e-01 9.91977692e-01
    5.69269061e-03 6.52807593e-01 6.45536900e-01 1.82603002e-02
    6.35645986e-02 6.95837736e-02 7.43286490e-01 4.84136909e-01
    2.17468202e-01 1.81683004e-02 8.65873575e-01 1.93925500e-01
    1.31872445e-01 3.68362039e-01 6.91060364e-01 5.84870577e-01
    3.84136736e-01 3.88725281e-01 7.19930053e-01 3.27600896e-01
    6.82921290e-01 8.32071900e-02 3.43322247e-01 3.53358984e-01
    7.10483491e-02 9.60218489e-01 9.25554752e-01 7.00234830e-01
    7.66147852e-01 2.83290088e-01 3.44429404e-01 2.95489639e-01
    7.84091353e-01 1.43431008e-01 6.20832622e-01 2.45751798e-01
    8.40965271e-01 6.45494103e-01 1.45137876e-01 8.73964190e-01
    8.75368118e-01 3.98287088e-01 7.44698703e-01 4.54756469e-01
    8.91365647e-01 5.24977386e-01 2.62070626e-01 3.31568152e-01
    6.57338500e-02 4.05714452e-01 6.51690364e-01 9.88528192e-01
    5.68595767e-01 6.75434709e-01 1.42734051e-01 5.42474329e-01
    5.19017279e-01 7.01446414e-01 5.00637770e-01 7.66991735e-01
    5.28098702e-01 3.18644404e-01 6.83752298e-01 3.07430506e-01
    5.00280857e-02 5.40299654e-01 9.54268932e-01 7.09827900e-01
    9.09050226e-01 9.46459651e-01 8.76098037e-01 5.75765908e-01
    2.66379476e-01 8.08395147e-01 1.00721210e-01 5.69759250e-01
    6.09210610e-01 3.43608797e-01 5.29139817e-01 4.59965348e-01
    9.36427414e-02 3.78631353e-01 6.38746798e-01 6.31602645e-01
    6.20153785e-01 4.41349149e-01 1.27848029e-01 8.14851880e-01
    2.93159008e-01 3.92216921e-01 2.37773359e-01 2.09589660e-01
    7.79464781e-01 2.86419839e-01 1.48671418e-01 9.87477064e-01
    7.48260319e-01 4.91909087e-02 7.16084480e-01 2.37128139e-01
    6.84415579e-01 3.03901076e-01 9.89953876e-02 8.64451110e-01
    3.23804319e-02 7.84789562e-01 8.14716518e-01 7.98353791e-01
    2.47490674e-01 6.07439339e-01 7.39669085e-01 7.94399977e-01
    3.66529286e-01 9.41735387e-01 9.96687710e-01 3.34017098e-01
    1.52296603e-01 2.18264520e-01 6.34541810e-02 6.95794821e-01
    8.03938270e-01 4.35835660e-01 7.80788660e-01 3.97503436e-01
    2.98309207e-01 7.23910034e-01 9.00774837e-01 5.28916836e-01
    2.57174194e-01 3.53837371e-01 4.78950590e-01 2.07549691e-01
    2.49514669e-01 8.65514040e-01 4.47161496e-01 5.95004201e-01
    1.86463863e-01 2.55812883e-01 7.57281780e-01 4.66870427e-01
    9.77462888e-01 3.07848245e-01 2.81241119e-01 5.35187304e-01
    6.69894934e-01 5.42014956e-01 1.62699163e-01 4.39095765e-01
    9.16599393e-01 7.16168880e-01 3.24175417e-01 4.28860158e-01
    3.82248521e-01 3.61719698e-01 5.34264982e-01 5.22673011e-01
    3.20084870e-01 1.22413456e-01 9.70673919e-01 4.47284579e-02
    1.24696225e-01 6.01117015e-01 1.89443678e-01 2.91621476e-01
    8.44592690e-01 7.42867589e-02 2.75975972e-01 9.45654988e-01
    5.06306887e-01 5.52649796e-02 1.85017318e-01 8.19474161e-01
    8.95732999e-01 5.86239398e-02 3.23481262e-02 9.21268940e-01
    6.17963970e-01 1.45088434e-01 4.28665549e-01 2.01661557e-01
    1.10193402e-01 7.40489364e-02 1.35476619e-01 9.75635588e-01
    9.22119081e-01 1.52601242e-01 9.34813499e-01 7.29348898e-01
    4.63820398e-01 3.00406903e-01 6.62951469e-01 6.21457458e-01
    4.22682822e-01 8.07664752e-01 5.21655798e-01 8.19874406e-02
    5.94592571e-01 5.09058475e-01 2.68283695e-01 1.92877024e-01
    7.24111259e-01 3.19892764e-01 5.30543625e-01 8.51273537e-04
    6.72331452e-01 3.81411612e-01 4.28726554e-01 7.03097105e-01
    2.48564363e-01 4.44297314e-01 4.71237034e-01 3.02622497e-01
    2.14647532e-01 3.86605859e-02 4.69204515e-01 3.21468711e-03
    3.39468956e-01 2.94304430e-01 9.46312249e-02 4.69130993e-01
    6.68383062e-01 6.15266621e-01 5.43127358e-01 6.76016152e-01
    6.25612974e-01 9.87329960e-01 7.01082289e-01 1.51662290e-01
    3.81135106e-01 4.35800612e-01 8.69249582e-01 2.53032625e-01
    2.50473320e-01 6.26818597e-01 2.45053530e-01 4.27804291e-01
    5.32644331e-01 6.92251086e-01 2.94592977e-02 3.83959681e-01
    7.33257771e-01 5.30218244e-01 1.77758694e-01 2.22481579e-01
    9.88755107e-01 4.54719245e-01 6.79758906e-01 7.51742721e-03
    3.46781015e-01 7.59854555e-01 1.78514630e-01 8.47229004e-01
    4.70357269e-01 1.95465684e-01 9.21892643e-01 8.32299829e-01
    9.21596587e-02 8.63205314e-01 7.39498556e-01 8.90213966e-01
    8.18199396e-01 6.83426857e-01 5.30288935e-01 5.14378071e-01
    3.63099098e-01 3.15900236e-01 3.36865306e-01 5.06745100e-01
    5.83409429e-01 4.76492465e-01 6.22652829e-01 1.40495628e-01
    9.02773082e-01 9.77554798e-01 5.11132538e-01 7.05077291e-01
    3.82459760e-01 2.62703478e-01 5.01152456e-01 1.60738230e-02
    6.37570262e-01 4.40200210e-01 1.00765437e-01 5.67303598e-02
    6.44374609e-01 9.59693551e-01 5.19082844e-01 4.07589108e-01
    6.10624671e-01 5.14641702e-01 7.82803297e-01 4.57874656e-01
    1.47207081e-02 4.57055569e-02 5.48627973e-01 6.48162007e-01
    3.58446568e-01 1.15841866e-01 8.77437234e-01 7.47369587e-01
    7.97773778e-01 7.38257468e-01 3.17957431e-01 6.90546811e-01
    4.75767463e-01 7.11662591e-01 3.66511136e-01 6.18540883e-01
    5.58022261e-02 3.84710819e-01 4.11032915e-01 9.29828405e-01
    4.67386246e-02 8.03498149e-01 6.71057761e-01 7.83730865e-01
    7.80143142e-01 3.82388145e-01 6.85379624e-01 2.97665477e-01
    5.98892331e-01 1.10140055e-01 8.23858619e-01 5.75186908e-01
    9.19179440e-01 8.03177953e-01 2.64072746e-01 8.95087659e-01
    6.69454515e-01 4.90003347e-01 4.72284675e-01 9.51005280e-01
    9.58515704e-02 3.58042836e-01 5.47814131e-01 8.84294629e-01
    3.22251141e-01 9.11831319e-01 5.97679675e-01 4.26936448e-01
    2.60424256e-01 3.20754707e-01 9.04954493e-01 1.50320709e-01
    7.60135889e-01 8.34190130e-01 3.83675098e-01 9.01752472e-01
    4.44587350e-01 3.75704944e-01 2.55471051e-01 5.34638286e-01
    8.00322294e-02 4.82042432e-01 9.50438976e-01 8.52792621e-01
    1.92607880e-01 6.53318405e-01 5.90707898e-01 9.91469502e-01
    1.38310492e-02 3.28227699e-01 1.44472033e-01 5.64210117e-02
    2.54925370e-01 5.84590375e-01 4.56791401e-01 7.59006739e-01
    2.35030651e-01 9.00955081e-01 8.28014612e-02 7.74659216e-02
    1.96083754e-01 8.97563338e-01 2.45366693e-02 8.09403658e-01
    1.59864962e-01 5.08208752e-01 4.45900768e-01 9.33106840e-02
    2.90169120e-01 1.20901525e-01 1.03244007e-01 3.31707120e-01
    5.19494116e-02 4.66884971e-02 2.64188886e-01 6.17779911e-01
    5.68656862e-01 7.45607018e-01 8.43099236e-01 3.06502163e-01
    9.09283280e-01 3.26036274e-01 2.34842956e-01 1.66733980e-01
    6.60547912e-01 4.89129096e-01 3.84028077e-01 1.23341560e-01
    5.79789400e-01 8.86326849e-01 2.59543538e-01 7.91192055e-01
    6.50250435e-01 5.33349812e-02 7.24383473e-01 9.34555650e-01
    5.41079938e-01 6.62196636e-01 4.28480923e-01 3.82666230e-01
    6.98085964e-01 1.14220083e-02 2.88979769e-01 7.56624818e-01
    8.81620586e-01 8.49053264e-03 6.39715075e-01 6.72572494e-01
    9.80897844e-02 8.11945558e-01 7.43991673e-01 4.03282344e-02
    5.09707034e-02 8.85854661e-02 2.32814223e-01 1.19399160e-01
    7.67438412e-01 2.82055408e-01 4.86026675e-01 1.78508550e-01
    2.64753461e-01 6.18510246e-02 2.76833713e-01 3.06176662e-01
    1.57827258e-01 5.70585430e-02 3.16147864e-01 3.83149356e-01
    9.56304073e-02 4.31214064e-01 7.58312821e-01 5.87869167e-01
    8.11247706e-01 4.68635738e-01 5.28442025e-01 1.99455321e-02
    4.59616005e-01 3.58214468e-01 7.58599520e-01 5.57533026e-01
    2.93174416e-01 4.83020514e-01 2.61769503e-01 9.66633677e-01
    7.06534743e-01 7.45324373e-01 2.58011281e-01 2.31999874e-01
    7.12619185e-01 7.89552927e-04 5.14516354e-01 5.99323034e-01
    2.14420795e-01 4.06134307e-01 5.64534068e-01 4.99559850e-01
    3.67305160e-01 5.21027923e-01 2.93401241e-01 6.17471278e-01
    6.19601011e-01 1.97751611e-01 8.45546484e-01 2.73048818e-01
    6.95210636e-01 8.33896995e-01 6.02831542e-01 2.62966722e-01
    5.97298026e-01 8.98598254e-01 2.18574166e-01 2.16086149e-01
    2.40133554e-01 4.23690677e-01 9.78281677e-01 4.40301597e-02
    9.23084021e-01 3.62611145e-01 9.35768485e-01 8.46451759e-01
    4.94482696e-01 1.30185485e-01 2.76508033e-01 5.18804371e-01
    3.92939329e-01 8.55405927e-01 2.46444076e-01 7.25568354e-01
    9.28496361e-01 3.03263456e-01 9.63666439e-02 5.60313344e-01
    5.80990136e-01 8.28252375e-01 2.04915434e-01 9.26350057e-01
    7.60200143e-01 7.20191360e-01 5.63356280e-03 6.86209798e-02
    1.83989108e-01 6.45423770e-01 1.21549368e-01 2.10540205e-01
    6.80068970e-01 8.70328903e-01 7.23615706e-01 6.61685944e-01
    5.50765872e-01 5.83345354e-01 5.26873946e-01 5.02457261e-01
    4.09526348e-01 2.16823041e-01 8.08429956e-01 9.26510811e-01
    3.80298197e-01 8.06621611e-02 5.98367274e-01 4.78355259e-01
    5.17018676e-01 7.99465358e-01 6.33334637e-01 3.81623298e-01
    9.72595334e-01 6.06588900e-01 9.50940371e-01 8.85772824e-01
    5.86204231e-01 1.90983891e-01 8.47066998e-01 3.69684070e-01
    2.93696940e-01 5.97353101e-01 7.16054440e-01 4.30029392e-01
    8.81115496e-02 9.51870143e-01 2.58056104e-01 3.25726151e-01
    3.16701263e-01 3.19341958e-01 4.99832243e-01 4.56235409e-02
    1.63869351e-01 1.85369343e-01 5.22650063e-01 2.58830845e-01
    1.26772463e-01 9.09074247e-01 5.89153409e-01 2.76000261e-01
    5.25650501e-01 6.86526358e-01 7.55794048e-02 8.16757977e-02
    4.37659979e-01 3.75519395e-01 1.51665866e-01 7.40032375e-01
    7.48295426e-01 9.51392531e-01 2.33541131e-02 1.98045224e-01
    7.55435884e-01 6.39489889e-01 7.67646313e-01 2.79768735e-01
    8.83446038e-01 8.87772441e-02 9.19034600e-01 7.40275264e-01
    5.14281631e-01 5.80501199e-01 2.55450308e-01 7.16115057e-01
    2.42502540e-01 5.13715565e-01 9.58167911e-01 7.92525411e-01
    8.26852441e-01 9.14875865e-01 6.84767187e-01 6.53413236e-02
    1.45712942e-01 3.56175423e-01 1.64194107e-01 7.74822354e-01
    4.30079222e-01 6.85938299e-01 5.96830785e-01 8.77853751e-01
    3.87783647e-01 8.99501801e-01 9.15331960e-01 7.89807677e-01
    7.41144121e-02 2.94922590e-02 6.81141019e-01 4.52131391e-01
    2.37775505e-01 8.92845094e-02 4.15185779e-01 5.12687564e-01
    5.62307119e-01 2.49690711e-01 5.72697222e-01 8.46590996e-02
    9.80253220e-01 1.39075369e-01 4.98103887e-01 6.15370154e-01
    9.55026925e-01 6.98114455e-01 7.99157023e-01 6.44960642e-01
    4.97061759e-01 1.09902322e-02 7.48499632e-01 9.35389519e-01
    3.16347897e-01 4.50667143e-02 1.02609903e-01 2.63482392e-01
    4.80572283e-01 1.44124031e-02 9.99253273e-01 1.87518716e-01
    6.13357723e-02 1.45537019e-01 1.14327669e-03 1.93914175e-01
    6.42061353e-01 8.49485517e-01 4.40504998e-01 4.32922065e-01
    4.28367734e-01 1.42872065e-01 5.74831665e-02 6.04153693e-01
    2.48821288e-01 4.68527913e-01 3.08593839e-01 7.44461358e-01
    7.23612309e-02 6.01937234e-01 6.70891762e-01 1.59189165e-01
    8.46420407e-01 1.66093975e-01 6.53842986e-01 8.30491662e-01
    8.16409707e-01 1.66608512e-01 5.91422558e-01 3.01039398e-01
    3.08021367e-01 9.13721442e-01 3.52676541e-01 2.16872275e-01
    9.71508026e-01 5.77804327e-01 5.92143059e-01 5.08355141e-01
    4.10851270e-01 8.97553146e-01 8.65407586e-01 1.80874109e-01
    5.15973628e-01 5.29673100e-01 9.80361223e-01 3.18988860e-01
    8.78668904e-01 5.43566108e-01 8.84708524e-01 7.73539543e-02
    9.99859691e-01 4.09759253e-01 5.50682247e-01 2.21825302e-01
    9.74774361e-01 8.49560618e-01 5.35423815e-01 2.36992121e-01
    5.07339835e-02 6.73908353e-01 8.54121149e-01 8.20489347e-01
    9.33387160e-01 8.87343228e-01 5.81287444e-01 8.96122217e-01
    6.55792952e-01 6.30049229e-01 4.25837338e-02 5.90286136e-01
    7.98727453e-01 9.01328206e-01 4.21865255e-01 1.70270979e-01
    5.90521693e-02 4.90332514e-01 5.50002158e-01 9.77884173e-01
    7.45710731e-03 3.63816023e-01 2.86737114e-01 3.53168249e-01
    2.54990309e-01 2.12667137e-01 3.14798772e-01 9.07459497e-01
    2.99691528e-01 5.19380987e-01 7.15580642e-01 4.96906340e-02
    3.61500621e-01 1.79257095e-02 6.17393315e-01 6.37921512e-01
    3.75766754e-02 4.55228209e-01 6.00613356e-01 2.75613606e-01
    3.24015737e-01 1.51798606e-01 4.09843802e-01 6.20833099e-01
    1.49822384e-01 7.14406073e-01 2.58021653e-02 2.32672989e-01
    2.96648562e-01 1.92854941e-01 3.76702875e-01 3.56478870e-01
    5.50059795e-01 6.76430345e-01 5.75695217e-01 2.59851009e-01
    5.77820599e-01 1.36802703e-01 9.68127131e-01 9.68392968e-01
    3.96855235e-01 6.22139990e-01 6.68137670e-01 1.02786869e-01
    5.53923368e-01 4.25254315e-01 9.18965101e-01 2.09761858e-01
    1.23699009e-02 2.35625833e-01 2.73592412e-01 3.81514907e-01
    9.89386976e-01 7.08106101e-01 7.10890174e-01 8.47438931e-01
    8.67601573e-01 4.69078481e-01 2.46352077e-01 4.74166989e-01
    5.04190803e-01 3.50299776e-02 4.86870170e-01 5.86196005e-01
    1.79766059e-01 5.42109430e-01 4.71723557e-01 4.71005380e-01
    9.82234359e-01 1.59145296e-02 5.91791153e-01 1.29123628e-02
    2.10297257e-01 7.91789412e-01 3.73347104e-01 2.31255025e-01
    4.16355252e-01 5.69614410e-01 6.86789155e-01 2.31586099e-02
    8.56395721e-01 9.48372364e-01 1.28246248e-02 8.70258212e-01
    2.80860066e-02 4.05045152e-01 8.96291852e-01 3.50318193e-01
    3.38744640e-01 5.22700489e-01 4.55400288e-01 2.70644873e-01
    3.71863544e-02 8.39649558e-01 4.80114251e-01 7.30302334e-01
    1.47573650e-02 8.91768932e-01 6.97667360e-01 9.36820269e-01
    7.76662767e-01 5.36410451e-01 4.18483913e-02 1.00511193e-01
    9.36085463e-01 2.97604680e-01 1.23954415e-02 1.76606387e-01
    3.22626293e-01 2.57554531e-01 6.96456075e-01 5.21300793e-01
    6.60923600e-01 5.75905263e-01 1.68108106e-01 3.19060385e-02
    5.41403592e-01 3.74032050e-01 7.94494271e-01 3.57624233e-01
    2.67343313e-01 7.95124888e-01 1.87921315e-01 2.50567317e-01
    9.92797613e-02 4.99419540e-01 1.13279641e-01 6.13804817e-01
    7.64248371e-01 9.43699956e-01 2.05127776e-01 7.06366599e-01
    3.94809604e-01 9.90236700e-01 7.91378856e-01 1.09182090e-01
    7.15479493e-01 6.47982836e-01 5.55499136e-01 8.89754295e-03
    3.65190387e-01 9.90741968e-01 4.96639580e-01 2.28549927e-01
    7.48940647e-01 9.33911085e-01 8.38983417e-01 6.60336375e-01
    9.97319698e-01 7.18756020e-01 5.12307405e-01 2.38533884e-01
    5.50760865e-01 1.06319994e-01 1.98194593e-01 9.09975410e-01
    1.37330502e-01 4.66801733e-01 9.50996399e-01 9.20842648e-01
    6.34735823e-01 2.87717879e-01 3.14988613e-01 5.13877690e-01
    5.71193397e-01 5.68373859e-01 1.93183094e-01 2.54635572e-01
    3.43718827e-01 8.68390024e-01 5.41367173e-01 8.99886310e-01
    5.84020019e-02 8.06197822e-02 6.94665670e-01 6.10721588e-01
    9.44457889e-01 2.90825903e-01 7.31358349e-01 4.38410699e-01
    9.21183825e-01 5.20774722e-03 7.01527894e-02 2.35526800e-01
    3.26982677e-01 2.96072602e-01 7.40089655e-01 3.86466652e-01
    8.70277524e-01 2.16738850e-01 2.72286952e-01 1.98767602e-01
    9.36733961e-01 3.94815236e-01 3.75919640e-02 1.83731765e-01
    6.09840095e-01 1.36630654e-01 9.23380792e-01 8.52907062e-01
    9.87856269e-01 3.91136497e-01 7.92865932e-01 7.51980007e-01
    1.38921767e-01 3.80442351e-01 5.44546068e-01 6.10600412e-01
    5.45946062e-02 6.56130493e-01 7.56662965e-01 2.24981397e-01
    1.32692307e-01 4.77332175e-01 2.02085674e-01 3.55252177e-01
    9.31502879e-02 2.93649286e-01 4.88818616e-01 4.96233732e-01
    4.34882462e-01 6.92267179e-01 6.97150409e-01 5.38033605e-01
    8.66317153e-01 3.74873877e-01 1.57640308e-01 6.62113011e-01
    7.87348747e-01 5.59919953e-01 5.14516056e-01 2.46277750e-02
    7.79680133e-01 9.94816422e-02 8.62509251e-01 9.19654310e-01
    3.55552912e-01 3.81338000e-01 7.85653055e-01 5.48375249e-02
    1.51233375e-01 5.96115410e-01 5.16360223e-01 3.22777241e-01
    1.92354620e-01 3.99630666e-01 9.23287570e-01 4.60099280e-01
    1.16758704e-01 5.14469981e-01 3.14707696e-01 4.66726124e-01
    8.84020686e-01 9.47030604e-01 8.72444689e-01 8.54586840e-01
    5.82900345e-01 5.34065366e-02 7.27805912e-01 8.00783694e-01
    3.66383761e-01 5.43535531e-01 3.96204114e-01 7.39562869e-01
    5.40544331e-01 7.37145185e-01 5.38519859e-01 5.89194775e-01
    8.74309301e-01 8.76830578e-01 9.04613137e-01 4.76890415e-01
    8.56038928e-01 1.32852405e-01 1.56218618e-01 1.29140764e-01
    3.84218156e-01 3.89163077e-01 1.34887487e-01 4.67861265e-01
    7.68182158e-01 9.94474053e-01 8.78353059e-01 2.32064039e-01
    1.64417058e-01 3.05370033e-01 1.22630715e-01 4.15940762e-01
    5.60782731e-01 9.04465556e-01 3.32733095e-02 6.55093789e-03
    1.40460670e-01 1.13295138e-01 8.25371981e-01 3.62524867e-01
    8.56118202e-01 8.23751152e-01 8.08926463e-01 6.67412162e-01
    4.05986011e-01 5.37357032e-01 2.62261420e-01 1.69999778e-01
    3.61583292e-01 9.87974405e-01 5.78221619e-01 9.11453426e-01
    4.86658573e-01 1.35621101e-01 2.06126869e-01 6.40594959e-01
    5.25545299e-01 4.09655482e-01 5.85858345e-01 4.54374790e-01
    9.86287236e-01 8.31620693e-02 6.57455206e-01 4.76302415e-01
    5.69415271e-01 9.22023773e-01 2.94586897e-01 3.64310741e-01
    8.09525609e-01 3.00422251e-01 2.08705008e-01 3.11267763e-01
    2.38328069e-01 7.30331838e-02 3.04020345e-01 7.22070098e-01
    2.25886911e-01 8.65206897e-01 1.50461614e-01 5.73203802e-01
    8.96514177e-01 9.58777189e-01 8.71521950e-01 9.00801301e-01
    2.99157411e-01 7.24822640e-01 4.03189957e-01 8.37742507e-01
    7.14141846e-01 9.36272681e-01 7.69929886e-01 6.33341432e-01
    4.57481593e-01 9.48655009e-01 6.20665491e-01 5.88848829e-01
    7.03997612e-01 1.58433050e-01 3.84750366e-02 1.33904546e-01
    2.67972350e-01 7.67370999e-01 1.15038842e-01 9.90776896e-01
    5.01987457e-01 8.11075151e-01 3.56998146e-01 8.33866000e-01
    6.13619685e-02 1.79849863e-02 7.20896482e-01 6.29751086e-02
    7.25179434e-01 6.76608562e-01 8.37423444e-01 5.81515133e-01
    3.61567199e-01 1.69625700e-01 2.75798976e-01 6.23745799e-01
    7.33721793e-01 2.80563176e-01 4.16066110e-01 6.97718024e-01
    2.98121572e-03 6.61459386e-01 7.63372064e-01 3.70591670e-01
    5.53921878e-01 8.30607116e-01 4.83083606e-01 7.81267703e-01
    8.65721464e-01 5.02287865e-01 5.59606254e-01 2.44564682e-01
    6.29829526e-01 4.55760181e-01 7.77376771e-01 3.45126539e-01
    4.88417506e-01 6.20307386e-01 7.43223548e-01 9.39679444e-01
    2.80403793e-02 9.90660191e-01 3.37302089e-02 1.04667902e-01
    6.95648789e-02 1.72575295e-01 3.07109088e-01 7.33414292e-02
    7.38669872e-01 4.26155478e-01 4.55903649e-01 8.36901426e-01
    8.43867898e-01 6.96382761e-01 6.93175018e-01 5.84697127e-01
    1.58563763e-01 9.79040205e-01 4.73285049e-01 4.06678081e-01
    3.50936353e-01 8.65910172e-01 7.04157889e-01 4.80456293e-01
    6.91323757e-01 7.08501816e-01 9.66392040e-01 3.51209372e-01
    1.68877840e-01 7.19661832e-01 6.18850350e-01 8.71726632e-01
    3.95051628e-01 9.45566237e-01 2.38138616e-01 6.14504933e-01
    7.10171998e-01 5.79085827e-01 9.69295979e-01 8.54220986e-02
    8.04599762e-01 5.51213801e-01 2.02042580e-01 5.28301418e-01
    6.94264472e-01 7.81883717e-01 2.51532733e-01 7.97110319e-01
    7.17022121e-02 4.03027534e-01 2.38605291e-01 5.58728814e-01
    2.68037558e-01 4.23224747e-01 9.31562066e-01 2.93622524e-01
    4.90604669e-01 1.29097164e-01 1.62821889e-01 5.85430324e-01
    1.00517094e-01 6.71934307e-01 3.18101406e-01 9.87237334e-01
    1.51027441e-02 7.36485720e-01 6.50779128e-01 1.08260304e-01
    9.74659443e-01 7.21789122e-01 4.51755852e-01 7.56910801e-01
    3.22643638e-01 3.26237082e-01 9.13651884e-02 2.28905916e-01
    2.35829443e-01 7.87328005e-01 5.89680076e-01 5.39844334e-01
    3.85967880e-01 8.04649591e-02 1.32293075e-01 7.89615989e-01
    8.73149097e-01 6.24216378e-01 5.48534513e-01 6.94025338e-01
    1.97732478e-01 7.38682985e-01 9.31695104e-01 4.96074617e-01
    9.44791436e-01 6.02023005e-01 3.65538955e-01 6.20313644e-01
    8.65517735e-01 3.71083617e-02 1.53532505e-01 2.01685011e-01
    5.78774273e-01 7.88803875e-01 4.13229167e-01 3.67630720e-01
    5.50805330e-01 6.59433305e-02 4.92855370e-01 5.18829525e-02
    8.80489290e-01 8.73680830e-01 5.67961574e-01 7.14782417e-01
    5.64101696e-01 9.42310452e-01 7.53222525e-01 1.31513983e-01
    9.05303836e-01 1.80185258e-01 3.48129183e-01 2.26803243e-01
    2.41237521e-01 1.76918894e-01 4.04933095e-01 9.67908204e-01
    6.56235218e-01 4.72264886e-01 6.65759861e-01 6.76494360e-01
    5.53723991e-01 2.89402455e-01 8.70293975e-01 5.82048059e-01
    2.30112582e-01 4.43242431e-01 9.75923717e-01 2.03536898e-01
    1.57060653e-01 1.73607320e-01 6.06703997e-01 5.70543587e-01
    5.41593134e-01 3.72334599e-01 7.38039255e-01 3.89998674e-01
    1.35871351e-01 1.97987676e-01 2.87143469e-01 6.63845420e-01
    9.11993980e-01 2.47202367e-01 8.40437233e-01 4.50955331e-01
    5.14100194e-02 4.59848583e-01 8.16516995e-01 8.60857844e-01
    4.44850922e-02 1.99210614e-01 4.05138612e-01 4.27952468e-01
    8.37479830e-01 8.88266861e-02 5.35324931e-01 9.04353261e-01
    4.00366843e-01 2.69277990e-02 4.62737232e-01 4.42636430e-01
    1.06644243e-01 8.22098017e-01 8.49260509e-01 6.68087006e-01
    6.87844157e-02 3.17439735e-02 8.74741793e-01 9.28948283e-01
    5.77461243e-01 7.92264462e-01 3.79895866e-01 2.25286692e-01
    9.09790874e-01 6.99758112e-01 9.81715083e-01 3.41530144e-01
    3.97294998e-01 6.64007366e-01 5.52862406e-01 8.77633870e-01
    4.14951324e-01 7.45652556e-01 7.75576532e-02 8.72622013e-01
    3.93955976e-01 8.64954948e-01 9.31514919e-01 1.78616643e-02
    5.11618316e-01 2.09162474e-01 8.22950125e-01 3.46544802e-01
    9.26047921e-01 9.41341519e-02 9.99099374e-01 7.01866508e-01
    9.31230009e-01 6.57113492e-02 1.52280778e-01 2.20968783e-01
    3.53659928e-01 8.37996960e-01 8.42458367e-01 6.08418226e-01
    6.45469546e-01 5.77283263e-01 6.81745291e-01 2.00477183e-01
    5.35112083e-01 2.35240638e-01 7.23591208e-01 8.54226232e-01
    9.14369583e-01 1.91335917e-01 3.63678932e-02 1.99108541e-01
    6.14021540e-01 1.98365003e-01 9.71789837e-01 2.96035290e-01
    2.11911887e-01 5.88013172e-01 7.64865398e-01 2.18818814e-01
    7.12761760e-01 5.34970999e-01 5.91826975e-01 7.48790622e-01
    6.39860272e-01 8.30700397e-01 7.05465913e-01 4.68402445e-01
    6.31133258e-01 7.17941165e-01 7.23087311e-01 4.02368218e-01
    5.33021629e-01 3.42803121e-01 2.14869082e-01 3.64718080e-01
    8.34945679e-01 7.34302461e-01 3.18501294e-01 4.13135052e-01
    3.22639942e-03 5.44461310e-01 5.71833491e-01 4.78352487e-01
    9.17759657e-01 8.81448746e-01 2.92684734e-01 6.88708186e-01
    2.20146626e-01 7.48725116e-01 4.31451499e-01 5.12029648e-01
    5.43410838e-01 2.47025788e-01 1.65950984e-01 9.72384214e-03
    5.65367579e-01 4.69597280e-02 5.77970564e-01 2.35809386e-02
    3.97454679e-01 1.41629338e-01 5.85760713e-01 1.60617411e-01
    8.73817503e-02 8.04767132e-01 1.55627191e-01 3.16111028e-01
    3.95426154e-03 2.92402804e-01 8.78276289e-01 5.14258027e-01
    2.88214087e-02 5.25373459e-01 3.65634829e-01 7.56672144e-01
    9.17690992e-01 8.74410570e-02 5.71409285e-01 6.18648350e-01
    6.24348223e-01 6.39864564e-01 6.27096772e-01 1.93026513e-01
    6.41354501e-01 1.97835207e-01 8.59393299e-01 8.14792395e-01
    7.08426714e-01 2.27666855e-01 2.89057314e-01 9.16681886e-01
    6.52294815e-01 8.40328097e-01 6.60116315e-01 3.56563926e-01
    7.62833297e-01 7.60992765e-01 8.76684308e-01 3.24890852e-01
    1.02148354e-02 8.21648479e-01 6.80486500e-01 9.95616794e-01
    8.17830086e-01 7.20122814e-01 5.30458033e-01 3.12754512e-01
    2.90466905e-01 8.53303432e-01 9.82091308e-01 1.35855675e-02
    7.70059943e-01 6.43895864e-01 9.23290849e-01 7.38531888e-01
    7.75663376e-01 6.02248609e-01 5.40414751e-01 7.38090992e-01
    1.11373842e-01 8.02929282e-01 2.31216401e-01 7.18688965e-01
    2.73714721e-01 8.73438835e-01 8.52809668e-01 1.15324438e-01
    4.12258059e-01 1.86007947e-01 9.05952215e-01 2.57227480e-01
    9.25545216e-01 6.86270297e-02 7.85323918e-01 5.66485882e-01
    4.83243138e-01 7.26364911e-01 1.21277332e-01 3.12148720e-01
    7.55615711e-01 7.11084068e-01 5.67115605e-01 6.59879088e-01
    3.21699619e-01 9.07619894e-01 6.09343886e-01 4.00581360e-02
    5.95668316e-01 1.79591298e-01 3.60886633e-01 5.97422481e-01
    6.87223017e-01 2.12587982e-01 7.93416023e-01 9.64662194e-01
    1.49258971e-02 3.97089720e-02 1.57018512e-01 5.08813560e-02
    5.88323712e-01 8.68304074e-02 9.34817672e-01 6.92418158e-01
    5.76637149e-01 4.51851368e-01 6.16427958e-01 9.40190911e-01
    7.54713058e-01 1.40932709e-01 6.85764790e-01 8.54776800e-02
    9.06478167e-01 2.26238370e-02 7.38185942e-02 7.26257443e-01
    8.08640480e-01 2.89694607e-01 1.44905329e-01 4.07983243e-01
    8.70063424e-01 5.07454693e-01 8.67865741e-01 2.52722651e-01
    7.01303840e-01 5.13747156e-01 4.83629227e-01 9.28732276e-01
    7.84943402e-01 6.30542994e-01 5.41498661e-02 9.28751767e-01
    6.08506799e-01 9.10388350e-01 7.25768566e-01 3.31500471e-02
    8.75708103e-01 6.17498517e-01 5.86680651e-01 2.17689335e-01
    7.63649702e-01 7.35095382e-01 1.69179797e-01 4.27730650e-01
    8.14342022e-01 6.32313192e-01 3.56590748e-02 6.83847189e-01
    5.82846522e-01 8.99090171e-02 6.05545342e-01 1.47699982e-01
    6.79118216e-01 3.52089077e-01 4.97367084e-02 5.60405076e-01
    4.49069083e-01 3.45643908e-01 4.73342210e-01 8.49945545e-01
    1.76235408e-01 4.97081220e-01 9.45238888e-01 7.03251660e-01
    1.84792310e-01 3.77032906e-01 1.85276240e-01 6.25852942e-02
    5.05907059e-01 2.03590631e-01 1.90367371e-01 8.89547825e-01
    4.46939677e-01 9.51951146e-02 8.11381340e-01 4.21371996e-01
    3.00027758e-01 6.67164326e-01 8.27294230e-01 3.12529773e-01
    2.26719320e-01 1.85247481e-01 9.92517710e-01 1.24050885e-01
    1.87764108e-01 2.09941983e-01 9.91482019e-01 9.75417256e-01
    9.56907988e-01 7.25189447e-01 8.05322886e-01 5.08733034e-01
    8.22730243e-01 9.78057504e-01 9.65239406e-02 1.87933028e-01
    1.07702285e-01 3.26337457e-01 4.23065484e-01 2.98781991e-01
    5.09695053e-01 2.55062699e-01 6.26443386e-01 5.77577591e-01
    7.65252113e-01 6.69051886e-01 2.81084836e-01 8.76543164e-01
    4.37599719e-02 6.43094361e-01 6.70330524e-01 3.55058730e-01
    7.95219362e-01 6.96569085e-01 7.77403712e-02 9.50232744e-01
    1.07605457e-01 7.09486008e-01 1.88665897e-01 1.88193560e-01
    5.36923110e-01 8.50971997e-01 3.01575363e-01 5.67321301e-01
    8.07407498e-01 9.04692769e-01 5.98805904e-01 6.99350238e-02
    4.27999824e-01 8.11281502e-01 6.14107251e-01 8.83566380e-01
    9.36412752e-01 7.76947200e-01 2.58327752e-01 4.95270312e-01
    1.09734327e-01 3.96165401e-01 8.92481327e-01 2.29433477e-01
    8.38789701e-01 4.42749113e-01 9.30555165e-01 3.40165466e-01
    9.75376964e-02 2.88864583e-01 6.15412831e-01 8.23296726e-01
    1.37408435e-01 7.62179852e-01 8.35091770e-02 3.36036444e-01
    8.72748971e-01 9.53004718e-01 2.37357736e-01 3.55380118e-01
    2.78303385e-01 2.38705963e-01 1.29097670e-01 4.14866447e-01
    1.57099336e-01 4.69172210e-01 1.58437461e-01 7.68131316e-01
    3.65585327e-01 8.16055536e-02 6.43218160e-01 8.90360713e-01
    5.10625839e-01 1.53329730e-01 6.12931728e-01 7.35462904e-01
    7.87533641e-01 7.97176838e-01 2.26116538e-01 2.29847670e-01
    7.98178494e-01 9.57984686e-01 5.31689107e-01 6.64561450e-01
    8.71858358e-01 3.77147675e-01 2.83123314e-01 1.91034079e-02
    5.10334909e-01 7.46613264e-01 5.18467963e-01 2.10958481e-01
    5.72920024e-01 5.96466780e-01 4.03802991e-01 9.95904267e-01
    9.89871621e-01 7.03672409e-01 1.62378013e-01 3.79168928e-01
    8.53922606e-01 6.33575916e-02 9.47892427e-01 1.94168001e-01
    1.68253273e-01 7.04959631e-01 3.28269899e-02 2.61239648e-01
    6.26755476e-01 7.98904479e-01 8.69868636e-01 3.16492856e-01
    1.87758237e-01 3.77499163e-02 1.06490403e-01 9.96993542e-01
    8.96970034e-01 9.30715621e-01 8.77622664e-01 8.67567062e-01
    5.29416919e-01 4.45602238e-01 4.67592597e-01 2.03854144e-02
    5.42227149e-01 1.28337145e-01 8.18925142e-01 4.53586042e-01
    8.10736120e-02 5.24459362e-01 5.71170568e-01 7.15650320e-01
    8.80556703e-01 6.78359687e-01 1.35473132e-01 4.71099734e-01
    4.93696868e-01 6.75437033e-01 2.71119416e-01 9.19555783e-01
    4.87055898e-01 7.31944740e-02 8.36799622e-01 3.16528916e-01
    5.91966033e-01 1.38784081e-01 1.06388241e-01 3.55190039e-03
    2.05744326e-01 9.28274751e-01 8.72809708e-01 6.53068662e-01
    5.76194882e-01 1.20939851e-01 8.32195878e-01 7.90554166e-01
    5.14235258e-01 1.76961899e-01 6.78704679e-01 3.76746297e-01
    7.21973181e-01 6.32841229e-01 5.39716065e-01 7.66302884e-01
    8.49123597e-02 6.04682565e-02 7.01272488e-03 6.06770754e-01
    3.77595425e-03 1.06266618e-01 2.83750594e-02 9.20298100e-02
    1.62067115e-01 7.34122634e-01 9.73591506e-01 4.42090392e-01
    5.33192277e-01 6.03574812e-02 5.70047975e-01 1.46882951e-01
    4.48208123e-01 9.59800959e-01 4.82055247e-01 4.32977676e-01
    8.46150994e-01 7.77294397e-01 1.41291350e-01 4.27616030e-01
    4.61919278e-01 1.08091235e-02 2.74547666e-01 4.96012688e-01
    2.25677729e-01 8.27780366e-01 7.40185976e-01 2.68617839e-01
    3.69982302e-01 9.28376675e-01 2.78474033e-01 6.26803100e-01
    1.40427947e-02 3.17365885e-01 6.01826072e-01 2.75961220e-01
    3.58022213e-01 3.55982721e-01 1.94993526e-01 9.53332424e-01
    6.73307359e-01 3.69439244e-01 4.83480513e-01 8.95276129e-01
    6.88657641e-01 1.68589324e-01 3.01069468e-01 8.74595881e-01
    4.16554213e-01 9.13501024e-01 2.72338897e-01 1.47350371e-01
    9.09945488e-01 6.65862679e-01 1.57586128e-01 7.52247930e-01
    4.17690188e-01 4.69274342e-01 9.23840880e-01 7.45046020e-01
    3.97810698e-01 9.38458979e-01 7.34468222e-01 9.17442441e-01
    6.45384669e-01 5.30407667e-01 9.50846314e-01 3.38866889e-01
    4.91257966e-01 9.87305284e-01 9.39583778e-02 2.03231514e-01
    7.89275765e-01 2.73671269e-01 4.71489638e-01 6.38424039e-01
    8.80859375e-01 1.23187065e-01 2.99117923e-01 6.91539943e-01
    9.61264133e-01 2.02615440e-01 6.88214779e-01 6.35249138e-01
    7.37595499e-01 8.34305525e-01 6.94748998e-01 4.67718273e-01
    5.79988658e-01 5.39717674e-01 7.61775017e-01 9.52016890e-01
    4.25900936e-01 8.70769978e-01 9.37594414e-01 7.44971991e-01
    9.17398214e-01 2.33509958e-01 2.13211805e-01 4.84858423e-01
    6.29118145e-01 1.01550370e-01 4.95484829e-01 2.08441168e-01
    9.91180241e-01 6.81125402e-01 3.60113829e-01 4.87699121e-01
    3.77989620e-01 9.98969436e-01 3.55724186e-01 5.58780909e-01
    6.36936247e-01 5.24890423e-01 2.74507910e-01 1.44841671e-01
    6.46989048e-01 1.43125653e-02 5.11824846e-01 6.67480528e-02
    9.58227217e-02 5.21003902e-02 8.18962038e-01 4.94382411e-01
    2.29801536e-02 4.01112437e-01 3.08681607e-01 1.87887341e-01
    6.73154593e-02 1.01436138e-01 5.10482788e-02 5.27505338e-01
    4.80507910e-02 6.17717564e-01 4.21506166e-03 2.83233225e-01
    3.31870228e-01 7.65859544e-01 9.54024315e-01 8.52631450e-01
    6.92099333e-04 5.77634871e-02 6.80557907e-01 1.87106162e-01
    1.57514811e-02 6.79053426e-01 6.56918168e-01 8.57519150e-01
    6.93887293e-01 2.56905913e-01 6.49515212e-01 5.43289542e-01
    3.82442772e-01 6.27912462e-01 4.79931206e-01 3.13158512e-01
    7.22581685e-01 3.06373924e-01 3.43543649e-01 2.37848848e-01
    8.13977778e-01 4.21742558e-01 1.76759899e-01 6.68429911e-01
    1.62567943e-01 7.02947497e-01 5.36290467e-01 9.05629933e-01
    6.11146688e-01 9.49860215e-01 3.67700994e-01 8.78313124e-01
    6.67042851e-01 5.26216269e-01 3.93967181e-01 4.42834377e-01
    9.17835534e-02 7.95369446e-01 3.34530473e-01 7.28058875e-01
    2.71596491e-01 6.82273388e-01 4.39114064e-01 9.19688702e-01
    8.42659712e-01 3.05852234e-01 8.74895573e-01 2.88781494e-01
    7.53665447e-01 3.88377964e-01 6.17909074e-01 8.89660299e-01
    2.77141303e-01 6.30079627e-01 5.58919489e-01 3.87716293e-02
    5.45344830e-01 8.22429538e-01 2.67794073e-01 9.09825087e-01
    2.62576461e-01 2.76184261e-01 8.70325208e-01 1.00688338e-02
    3.86623353e-01 2.06000328e-01 3.09501380e-01 3.71684670e-01
    2.41045952e-02 6.83595538e-01 2.42704779e-01 8.17142785e-01
    1.90256953e-01 2.19611347e-01 2.82904863e-01 6.35063410e-01
    9.28616166e-01 7.46060312e-01 8.63864243e-01 6.18886709e-01
    5.25950491e-02 8.65354061e-01 4.36870992e-01 9.51922059e-01
    5.03777683e-01 3.77911776e-01 4.60778534e-01 9.32702780e-01
    3.25656593e-01 8.34225476e-01 1.88445628e-01 1.34924799e-01
    3.35832179e-01 5.63421011e-01 8.95171762e-01 9.64280069e-01
    9.62427974e-01 4.99818683e-01 6.72279894e-02 3.14842969e-01
    1.23912573e-01 9.31000948e-01 3.84001434e-01 2.68092215e-01
    2.77927607e-01 1.90453470e-01 1.41146928e-01 6.37164593e-01
    5.44450641e-01 7.79327154e-02 9.45077837e-01 6.32906795e-01
    6.94896817e-01 9.38390374e-01 2.43224740e-01 8.36167991e-01
    6.84969723e-02 1.21789157e-01 4.33420390e-01 1.58054054e-01
    7.64185488e-02 7.79219031e-01 2.20772624e-01 2.15286016e-03
    7.76497006e-01 7.39812016e-01 5.95251501e-01 2.07883626e-01
    2.34670222e-01 4.31733996e-01 5.38614571e-01 8.91408801e-01
    8.73627186e-01 1.86987132e-01 3.72463167e-01 3.28005373e-01
    1.70653611e-01 8.61791253e-01 1.83827668e-01 9.87835467e-01
    2.99906224e-01 3.49279910e-01 4.23346549e-01 7.19883084e-01
    5.51288307e-01 4.77356344e-01 9.51921463e-01 7.34544456e-01
    4.35552210e-01 2.28747547e-01 5.62067270e-01 7.94329882e-01
    5.57959318e-01 9.22656536e-01 9.17696357e-01 6.89602554e-01
    9.24765468e-01 4.99434531e-01 7.92072177e-01 5.60893953e-01
    6.03569269e-01 2.99397945e-01 7.97846496e-01 6.55123353e-01
    3.32900345e-01 2.38852143e-01 4.93118554e-01 5.49566507e-01
    9.62007344e-01 7.52756715e-01 8.73537958e-01 9.92887497e-01
    8.99086118e-01 4.93765801e-01 2.16470659e-02 5.62028766e-01
    9.82739329e-02 4.05743837e-01 2.98251450e-01 1.53360367e-02
    9.79550958e-01 9.23003554e-02 8.09962749e-01 5.72451949e-01
    1.59491301e-01 4.37243819e-01 5.51973522e-01 3.93415153e-01
    4.25163567e-01 8.76940608e-01 1.23209476e-01 1.22239977e-01
    7.62112916e-01 8.59012604e-01 9.69628870e-01 8.96161556e-01
    4.20033514e-01 8.33345413e-01 9.33722496e-01 1.35325640e-01
    9.89289999e-01 8.91308665e-01 3.62591088e-01 4.03519630e-01
    9.29650426e-01 4.23821390e-01 7.96022892e-01 6.92844093e-01
    4.04510260e-01 6.55084014e-01 8.99598241e-01 2.81226337e-01
    2.50747412e-01 3.26828897e-01 4.59068954e-01 1.69617236e-02
    6.80746078e-01 4.77031618e-01 8.20771813e-01 7.87290454e-01
    1.05214477e-01 6.41340733e-01 9.46885824e-01 1.71029031e-01
    6.37080431e-01 7.11617589e-01 9.77537274e-01 7.99779534e-01
    2.70256639e-01 3.24312449e-01 9.37440634e-01 7.87926376e-01
    6.44768775e-02 1.40075535e-01 2.39695251e-01 1.03674144e-01
    1.62644684e-02 7.62371063e-01 2.86772221e-01 3.05098236e-01
    1.60631418e-01 1.53131694e-01 8.18015575e-01 4.21525896e-01
    3.50606501e-01 9.95815635e-01 3.27745795e-01 1.79617345e-01
    1.24086708e-01 2.99578011e-01 9.54478383e-01 4.97010201e-01
    6.79265082e-01 3.23880315e-02 5.07287562e-01 1.34947300e-02
    4.42855120e-01 1.63241893e-01 8.06540251e-04 7.32223511e-01
    8.43101144e-01 6.15233958e-01 6.32692397e-01 7.64281452e-02
    9.52469587e-01 4.99383926e-01 2.09980398e-01 9.63910699e-01
    5.89186311e-01 1.04565918e-02 8.47539961e-01 4.24554855e-01
    6.19310021e-01 2.96752155e-01 1.48144901e-01 2.33269751e-01
    3.14408600e-01 7.77182281e-02 5.93732417e-01 8.91689181e-01
    6.02942467e-01 7.78072298e-01 7.87530541e-01 2.65865564e-01
    1.92675889e-01 6.62664890e-01 4.26655680e-01 3.12691331e-01
    7.00932324e-01 7.04524815e-02 6.26358271e-01 9.37126100e-01
    7.09677815e-01 9.36593533e-01 7.17989266e-01 9.59639788e-01
    6.76751375e-01 8.72040689e-01 7.49323070e-01 7.33796954e-01
    4.21555996e-01 4.30577338e-01 1.84395730e-01 7.94104695e-01
    1.00884765e-01 6.81100786e-01 6.26932979e-01 4.50505614e-01
    1.50094062e-01 5.57299316e-01 3.58163536e-01 7.30458617e-01
    1.83297008e-01 9.96876955e-02 6.47562802e-01 5.38724065e-02
    9.79409516e-01 7.85603225e-02 6.14872396e-01 8.25391769e-01
    1.10320330e-01 4.69141603e-01 3.91884029e-01 2.62813389e-01
    4.33620811e-03 5.89178741e-01 9.03983772e-01 6.43592060e-01
    5.22782743e-01 1.16097808e-01 3.98741961e-02 6.44372165e-01
    7.62597084e-01 7.19703197e-01 2.49758780e-01 2.16317534e-01
    8.06630969e-01 1.44241750e-02 2.75980949e-01 1.68275744e-01
    2.52498418e-01 4.84919548e-02 9.09015179e-01 4.07263637e-01
    3.96072894e-01 6.86113596e-01 4.26048934e-02 2.72538364e-01
    7.62100577e-01 1.42872185e-01 2.39713073e-01 8.05156827e-01
    6.61425233e-01 3.31167042e-01 1.94039434e-01 9.09583330e-01
    5.40551841e-02 8.18955541e-01 5.65230966e-01 4.71849293e-01
    7.25922346e-01 7.33535290e-01 1.39181674e-01 7.72801697e-01
    4.57027256e-02 9.16192532e-01 1.57581866e-01 9.56127822e-01
    5.77812076e-01 9.46235299e-01 9.63474274e-01 4.30431515e-01
    2.78799891e-01 3.48048747e-01 2.10480362e-01 1.52241498e-01
    1.58730447e-01 7.91524649e-02 7.10479856e-01 8.80365610e-01
    7.64315128e-01 8.23914289e-01 7.49142230e-01 6.05742455e-01
    2.22916543e-01 3.02354604e-01 2.24780738e-02 6.05983496e-01
    2.25749463e-01 5.65607667e-01 9.12075162e-01 9.67280030e-01
    8.50592911e-01 8.59798849e-01 9.09042358e-01 5.87726772e-01
    1.55935615e-01 6.39700830e-01 3.66756082e-01 2.95349836e-01
    7.44130254e-01 5.52697837e-01 3.75245273e-01 3.77234519e-01
    5.30366302e-01 4.58625853e-01 5.47964096e-01 3.20655793e-01
    7.09308088e-01 2.18953490e-02 9.25932407e-01 8.56986880e-01
    9.33923364e-01 8.95157695e-01 1.66010559e-01 3.60318899e-01
    5.27627468e-02 4.64503825e-01 6.55240297e-01 5.15225232e-02
    7.71394134e-01 3.46130908e-01 9.32462931e-01 7.92867064e-01
    7.05523610e-01 7.24320531e-01 1.24429286e-01 3.01390409e-01
    7.55882025e-01 6.38250351e-01 9.03638482e-01 7.26784766e-02
    3.61181289e-01 3.15582275e-01 3.65182400e-01 2.28869498e-01
    8.50659013e-01 4.38239574e-02 7.85318732e-01 2.17456192e-01
    9.03689206e-01 6.19383574e-01 6.96910262e-01 7.43813753e-01
    7.99005330e-01 9.29649115e-01 6.91796482e-01 5.96250534e-01
    2.99778461e-01 9.24812555e-01 3.04711699e-01 3.66643786e-01
    6.32159352e-01 8.37264299e-01 2.16497958e-01 1.20175749e-01
    4.93224591e-01 7.11739182e-01 5.88107407e-01 7.74909258e-01
    9.12432790e-01 1.03536159e-01 2.49817729e-01 9.85981584e-01
    1.67200923e-01 7.92466402e-01 9.25579071e-01 8.59209895e-01
    7.29529917e-01 6.74291193e-01 6.35460973e-01 7.41090477e-01
    8.85167241e-01 8.97281885e-01 7.51043200e-01 6.31586909e-01
    3.00772846e-01 2.67536789e-01 5.25613010e-01 9.65746045e-01
    7.83985376e-01 7.87344456e-01 3.29086781e-02 1.37977660e-01
    9.27985191e-01 7.57801533e-01 2.06380963e-01 7.84572601e-01
    7.92887211e-01 4.96188402e-01 6.99379206e-01 4.02450264e-01
    4.91017044e-01 2.90255547e-01 9.59059954e-01 4.53844666e-02
    8.29064608e-01 6.15370870e-01 9.12778497e-01 2.37326026e-01
    4.39783931e-01 4.45460677e-02 2.41514534e-01 1.08322561e-01
    6.85700417e-01 2.74426788e-01 5.53353071e-01 5.40334344e-01
    6.09675527e-01 9.37306762e-01 1.87491864e-01 1.21449381e-01
    1.66882694e-01 2.02511966e-01 7.43893027e-01 4.21536446e-01
    8.01979661e-01 9.27253008e-01 3.39770108e-01 3.14012170e-03
    7.32686639e-01 2.80373603e-01 2.72196591e-01 6.77363575e-01
    9.92629170e-01 4.04996872e-02 9.84009266e-01 5.63141644e-01
    9.27634835e-02 5.51560223e-02 2.53635198e-01 5.93823195e-01
    4.71477300e-01 3.29923749e-01 6.72096372e-01 3.83451998e-01
    3.82470310e-01 1.38954759e-01 1.93938047e-01 6.98558331e-01
    3.57833505e-03 2.30726451e-01 6.01775587e-01 5.01489758e-01
    3.30069661e-01 9.01394010e-01 1.74539745e-01 8.88866842e-01
    8.80634964e-01 4.38179523e-01 6.70848727e-01 3.80351067e-01
    7.94129252e-01 4.81841892e-01 2.12608933e-01 6.26732171e-01
    2.69979745e-01 5.73856533e-01 1.43392414e-01 3.65961671e-01
    9.15443063e-01 2.07100421e-01 5.30717611e-01 9.81478035e-01
    1.82116568e-01 7.72352099e-01 6.18396342e-01 5.30681014e-03
    4.17119503e-01 3.85650516e-01 2.55035728e-01 1.60744488e-01
    4.47144717e-01 4.81988519e-01 2.27279007e-01 8.69938731e-02
    2.71612406e-03 5.13031900e-01 4.51747388e-01 4.55803543e-01
    1.92210108e-01 9.07560110e-01 2.30849952e-01 1.20860219e-01
    6.96406305e-01 3.10163260e-01 6.20852411e-01 7.60358572e-01
    2.79389441e-01 2.13897496e-01 7.62896299e-01 2.77859032e-01
    1.62817746e-01 1.26797944e-01 9.10508633e-02 2.28148192e-01
    7.10809708e-01 7.54588962e-01 4.33237582e-01 8.82735014e-01
    9.52969193e-01 2.25582242e-01 1.54836923e-01 7.93173254e-01
    7.50082672e-01 3.48321885e-01 1.35552049e-01 4.63888466e-01
    6.55041635e-02 8.12917531e-01 7.06064880e-01 8.90406072e-02
    8.80416393e-01 8.76860082e-01 4.76329267e-01 2.66979754e-01
    6.45079732e-01 5.13358116e-01 1.89694583e-01 2.88981348e-01
    2.78383017e-01 1.56249493e-01 3.78890634e-01 9.61421609e-01
    9.15665865e-01 9.94106174e-01 1.95860028e-01 5.23003638e-01
    6.03274703e-02 4.05874848e-01 8.62566710e-01 7.55874634e-01
    8.45481694e-01 9.14609253e-01 1.35535836e-01 8.76455784e-01
    5.55019498e-01 8.77353549e-02 6.79060400e-01 9.67712700e-01
    1.10215068e-01 8.21307123e-01 7.95992315e-02 1.25269622e-01
    6.56607568e-01 1.71490073e-01 8.83501649e-01 8.19517732e-01
    8.11886609e-01 3.47610354e-01 7.73926497e-01 1.35582447e-01
    6.08711362e-01 8.33305120e-01 1.97317511e-01 1.09204024e-01
    4.98962224e-01 4.00218964e-02 4.31338042e-01 1.76959813e-01
    3.57438743e-01 4.24014926e-01 4.58062440e-01 7.77861834e-01
    8.35755825e-01 6.38193727e-01 3.35087806e-01 6.24182224e-01
    7.52106130e-01 5.15781820e-01 9.55043495e-01 5.26570857e-01
    3.79157364e-02 9.99513566e-01 4.68243420e-01 9.44168746e-01
    5.45935035e-02 7.60963440e-01 9.43621755e-01 3.67163420e-01
    2.97778964e-01 2.74590582e-01 6.56191587e-01 7.07192898e-01
    7.42585540e-01 6.90658808e-01 1.98501498e-01 1.53662920e-01
    6.03049159e-01 8.53997111e-01 9.28328931e-02 1.89329833e-01
    2.46582031e-02 3.83487642e-01 7.91457534e-01 8.75505567e-01
    4.44073617e-01 5.44541717e-01 8.68351698e-01 4.93829101e-01
    6.75104380e-01 9.07413721e-01 1.25078589e-01 3.09396088e-01
    2.31483638e-01 4.07249868e-01 8.80698264e-02 4.86508608e-01
    8.91962051e-02 8.88859153e-01 8.83778870e-01 6.40667915e-01
    9.48326766e-01 4.47063982e-01 2.30858743e-01 2.88225710e-01
    2.15493679e-01 6.61405921e-01 4.75453764e-01 9.31475759e-01
    5.06111801e-01 5.40948093e-01 3.65516663e-01 5.62486768e-01
    1.79704159e-01 5.63725352e-01 7.46858597e-01 1.07962161e-01
    4.25321817e-01 5.35071731e-01 4.91603523e-01 7.27257609e-01
    8.39402199e-01 8.59888077e-01 7.77475715e-01 3.38053107e-02
    9.71045017e-01 9.38327909e-01 5.36481142e-01 8.56772065e-01
    4.96806115e-01 9.66810286e-01 3.45038354e-01 7.65193939e-01
    8.38334084e-01 3.31157267e-01 9.08194184e-02 9.93699729e-02
    2.76322305e-01 5.87118328e-01 1.71242595e-01 3.65285277e-01
    7.57900357e-01 2.48985022e-01 5.74477673e-01 5.16601801e-02
    1.92678571e-02 2.45618135e-01 3.67542267e-01 1.22861385e-01
    5.24416864e-01 4.02462721e-01 6.74443364e-01 8.78403783e-01
    7.23731577e-01 3.75628412e-01 1.47143543e-01 2.43497938e-01
    2.07171410e-01 8.06250453e-01 3.26401651e-01 5.89979351e-01
    6.20239079e-01 5.13716817e-01 4.03706551e-01 8.66865873e-01
    5.16907632e-01 1.33092463e-01 9.66845691e-01 8.28762174e-01
    1.05832517e-02 6.95323586e-01 2.46368080e-01 6.90969527e-01
    1.16602480e-01 9.48097110e-01 6.11434877e-01 4.00643766e-01
    9.31184530e-01 7.59505093e-01 6.12009406e-01 2.15142429e-01
    7.16852069e-01 3.58304203e-01 7.76654482e-01 1.36367500e-01
    3.93742651e-01 9.74158049e-01 1.72594517e-01 5.82000494e-01
    3.00560474e-01 8.52879286e-01 6.67539537e-01 6.10703290e-01
    2.39210635e-01 1.64274603e-01 8.08308363e-01 2.15664655e-01
    5.70662796e-01 4.96798217e-01 3.97182465e-01 4.25910115e-01
    1.32127196e-01 1.00544900e-01 1.64702117e-01 2.55732477e-01
    9.91628289e-01 4.86987114e-01 4.65515584e-01 4.54775691e-02
    4.95255291e-02 6.05007172e-01 1.50857031e-01 5.46959937e-02
    9.01164353e-01 4.60275769e-01 6.77569389e-01 1.23342454e-01
    5.19286036e-01 8.33308697e-01 8.66936743e-02 6.81398928e-01
    1.95113629e-01 1.91565305e-01 5.17814755e-01 8.69070292e-01
    9.29833412e-01 6.56455159e-01 9.48257804e-01 1.23744607e-02
    6.19657159e-01 7.67347693e-01 8.26232135e-01 7.58074999e-01
    1.66326761e-04 7.84101903e-01 7.34671056e-02 3.38190377e-01
    1.09431386e-01 9.14068580e-01 4.26742077e-01 5.20445883e-01
    6.05667830e-01 2.72941083e-01 2.80681223e-01 5.64857602e-01
    8.93137455e-01 6.67762578e-01 4.87682372e-01 9.47244585e-01
    2.68805981e-01 9.52146113e-01 1.47099853e-01 7.63694406e-01
    6.17305279e-01 9.85688925e-01 5.69193065e-01 7.07396507e-01
    8.36840391e-01 3.23605180e-01 1.92355096e-01 9.86929119e-01
    4.33596969e-02 9.87266541e-01 9.55986738e-01 3.31031621e-01
    2.24693418e-01 1.45346731e-01 9.82859612e-01 4.97500569e-01
    8.43691885e-01 2.48356938e-01 6.42807126e-01 4.49755847e-01
    6.63081467e-01 4.69446182e-03 8.74531806e-01 8.64302933e-01
    9.96223211e-01 4.31165904e-01 6.57001019e-01 9.73077178e-01
    4.48269218e-01 4.33599174e-01 1.04509979e-01 3.67401272e-01
    7.63007045e-01 6.34165823e-01 8.32793057e-01 1.65528834e-01
    6.72649384e-01 1.43524975e-01 6.17728770e-01 9.16405439e-01
    6.74703300e-01 9.66721654e-01 4.22483295e-01 4.67881560e-01
    4.48075950e-01 3.89430940e-01 1.75791770e-01 1.55028403e-01
    2.37625837e-02 1.40163481e-01 5.43344975e-01 9.85651016e-02
    8.99673104e-02 9.29524899e-01 5.04945457e-01 3.43177170e-01
    3.19404602e-02 9.16354239e-01 5.93013823e-01 5.80124736e-01
    2.16569602e-01 8.25103164e-01 9.87208784e-02 2.95739770e-01
    2.84949899e-01 3.07820648e-01 8.17853928e-01 7.90310085e-01
    4.10584211e-01 8.68435025e-01 1.22662395e-01 4.11912292e-01
    2.90956885e-01 5.36828935e-01 6.12977803e-01 2.04495281e-01
    1.98774159e-01 1.68774933e-01 2.00996369e-01 4.65619445e-01
    6.48576021e-03 1.67077154e-01 6.59301758e-01 2.92952001e-01
    1.28968626e-01 8.89246166e-01 8.68329346e-01 8.86719882e-01
    3.99242193e-01 7.41887391e-02 9.59237337e-01 7.68137813e-01
    4.03621167e-01 7.22963989e-01 1.68956548e-01 2.23545402e-01
    3.25171858e-01 9.52730119e-01 2.45734155e-02 5.40976524e-01
    5.49216270e-01 8.68319631e-01 5.01541138e-01 2.01712668e-01
    1.69677675e-01 4.27327752e-01 5.83297968e-01 8.95672143e-01
    9.33413148e-01 7.32982099e-01 7.42657185e-01 3.98069799e-01
    1.53131396e-01 5.37025869e-01 2.61970699e-01 2.03911036e-01
    9.54313695e-01 7.29967654e-01 9.92350638e-01 1.27023578e-01
    6.28689528e-01 8.31560254e-01 1.62021905e-01 5.21092236e-01
    8.31459105e-01 5.35605490e-01 8.87757182e-01 9.05561447e-01
    1.20753199e-01 7.77304590e-01 6.22221053e-01 7.82491267e-01
    1.07268155e-01 7.45332718e-01 9.75522637e-01 3.62661719e-01
    5.32339096e-01 4.34741229e-01 4.82889444e-01 8.85445893e-01
    2.31067359e-01 2.65501440e-02 9.59359288e-01 6.59488142e-01
    9.61916447e-01 1.42648548e-01 7.21137226e-01 5.31531334e-01
    7.49992371e-01 7.29481459e-01 4.95570898e-02 6.16721570e-01
    5.57641804e-01 1.22165471e-01 3.42067480e-01 6.33032203e-01
    4.37728792e-01 1.03714764e-02 9.08797741e-01 5.91905653e-01
    6.18744969e-01 6.16194308e-01 4.70277667e-03 1.25691473e-01
    6.43397987e-01 4.46493953e-01 5.39775431e-01 6.84001923e-01
    2.43858367e-01 8.13305855e-01 1.74783021e-01 1.61521077e-01
    8.07434916e-01 2.91005880e-01 6.94586396e-01 7.95116127e-02
    5.37893593e-01 5.80079734e-01 6.75611019e-01 5.45526743e-02
    1.34734571e-01 5.79732418e-01 9.11142945e-01 1.04191989e-01
    4.05082941e-01 2.55137444e-01 8.39262247e-01 2.96814024e-01
    1.13298595e-02 3.14561307e-01 9.81488943e-01 4.65243816e-01
    2.65997708e-01 4.57633138e-01 1.59680426e-01 4.60984379e-01
    9.14343476e-01 1.14093661e-01 4.95285332e-01 6.07914031e-01
    6.33365154e-01 5.16709089e-01 1.95753962e-01 2.34378815e-01
    3.27095389e-02 1.41585886e-01 1.92153454e-03 6.53318405e-01
    7.09959686e-01 6.15548134e-01 7.51158476e-01 5.90450704e-01
    2.46290803e-01 3.26503664e-01 7.93261409e-01 7.58898795e-01
    6.00288272e-01 5.58565378e-01 7.76131153e-01 7.17679977e-01
    2.57083595e-01 2.06282854e-01 2.84330308e-01 4.58297849e-01
    6.49069428e-01 3.25667769e-01 8.02747965e-01 3.09551775e-01
    1.48278177e-01 9.82570171e-01 3.99833560e-01 6.88959777e-01
    1.88728601e-01 8.31077933e-01 6.85360670e-01 3.54442805e-01
    3.94520402e-01 7.56202459e-01 6.61734045e-02 2.95787930e-01
    5.92081547e-01 1.87739491e-01 6.14260018e-01 7.14642107e-02
    1.46076143e-01 1.42306387e-01 6.45210743e-01 2.36503005e-01
    5.53106248e-01 9.27796125e-01 5.13140380e-01 3.22962523e-01
    4.43974793e-01 8.43758702e-01 1.22341335e-01 9.07431006e-01
    8.69922042e-02 3.28278840e-02 6.80224061e-01 2.93570459e-02
    6.37595892e-01 7.09901452e-01 5.09220898e-01 3.47899318e-01
    5.97424984e-01 5.62569201e-01 9.92336154e-01 4.95863229e-01
    4.16338265e-01 4.42494422e-01 1.11200035e-01 9.86063242e-01
    4.02728915e-02 2.94320047e-01 4.65017259e-01 2.41182238e-01
    9.98578787e-01 4.20111477e-01 9.52038705e-01 4.45456445e-01
    3.87750804e-01 7.45698750e-01 5.59520721e-03 2.75035560e-01
    5.63567281e-01 8.24867964e-01 7.19124734e-01 4.82304960e-01
    3.60234469e-01 6.58662796e-01 6.41743243e-02 8.08524609e-01
    6.09106183e-01 6.20496809e-01 6.90277815e-01 8.83418024e-02
    6.41656220e-01 1.08597994e-01 4.37970072e-01 7.17876732e-01
    2.09919423e-01 4.53283131e-01 2.81867772e-01 2.31115520e-02
    6.45837069e-01 6.81357026e-01 4.29438889e-01 4.54020679e-01
    5.10672629e-01 2.54187047e-01 7.28387117e-01 5.12640238e-01
    8.12770963e-01 5.21310985e-01 3.54424238e-01 2.58573413e-01
    1.66787148e-01 9.09247458e-01 9.85623360e-01 7.95002162e-01
    4.58833039e-01 8.42174172e-01 6.85865760e-01 3.61713707e-01
    7.33077049e-01 6.20310247e-01 5.02119005e-01 4.61745679e-01
    3.56883228e-01 5.68317950e-01 2.18432784e-01 1.82483763e-01
    8.58385623e-01 2.75540382e-01 2.39867061e-01 7.43036509e-01
    6.46941662e-01 2.43285894e-02 7.82422781e-01 3.29532027e-01
    1.39082640e-01 3.17156553e-01 7.38725662e-02 9.45622623e-01
    1.30700946e-01 3.65127087e-01 7.56703019e-01 7.22329140e-01
    5.77018499e-01 1.72905415e-01 2.50149071e-01 3.38510931e-01
    6.58676445e-01 9.60632443e-01 7.76095808e-01 1.60702229e-01
    3.38603377e-01 1.52998894e-01 9.33057189e-01 7.37896800e-01
    4.31084812e-01 9.64567900e-01 1.98779970e-01 6.22019887e-01
    8.85832429e-01 8.41901004e-02 3.99241537e-01 5.68318665e-02
    5.74786603e-01 2.28141397e-01 6.48766875e-01 3.78132701e-01
    6.83630526e-01 7.16144025e-01 6.61954761e-01 6.94156229e-01
    2.91821718e-01 4.36785817e-01 9.60601926e-01 9.72217858e-01
    4.16890979e-01 8.54426563e-01 8.42856407e-01 3.08671981e-01
    7.78130352e-01 5.17994523e-01 7.57537246e-01 2.03602433e-01
    4.89775777e-01 4.21181083e-01 9.70688105e-01 8.13527763e-01
    9.26874399e-01 2.61395514e-01 5.56756079e-01 8.41590762e-03
    6.85328603e-01 7.70516276e-01 4.45445776e-01 7.70640910e-01
    4.09053445e-01 1.92398995e-01 5.21695733e-01 7.41403162e-01
    9.53429818e-01 8.79197657e-01 2.58427560e-02 2.22767860e-01
    9.68964458e-01 8.30278635e-01 9.23266113e-02 2.52677143e-01
    4.19669479e-01 8.31478238e-02 2.33237296e-01 3.61316204e-02
    6.44142389e-01 9.17449594e-02 4.55721825e-01 1.35106444e-01
    9.58501518e-01 6.60046577e-01 7.13450551e-01 4.95134413e-01
    6.77973270e-01 8.11939836e-01 2.92639941e-01 6.67303324e-01
    5.03449440e-01 8.42855692e-01 6.93568051e-01 5.85963070e-01
    7.09046185e-01 6.65672719e-01 5.97265065e-02 1.88951224e-01
    9.63546991e-01 9.50492978e-01 5.28016210e-01 9.64065194e-01
    6.54038072e-01 7.38800168e-01 1.37934476e-01 4.94579673e-01
    5.40669858e-01 6.86433494e-01 9.28598166e-01 2.64108658e-01
    3.49448025e-01 1.81731373e-01 2.25015283e-01 2.78696716e-01
    6.65787816e-01 4.94385958e-01 4.55526024e-01 5.65863907e-01
    6.19593561e-01 4.83436882e-02 8.61112118e-01 6.14646077e-01
    4.92761731e-01 6.24846935e-01 5.30702114e-01 7.06454933e-01
    3.84532392e-01 9.26028490e-01 4.11752403e-01 8.36561322e-02
    5.58449030e-01 8.93691480e-01 6.31561935e-01 5.43210030e-01
    6.66332006e-01 5.93538404e-01 2.95665860e-01 7.97194004e-01
    9.34235930e-01 7.62142777e-01 2.86102295e-06 2.15951473e-01
    1.10518247e-01 5.96205115e-01 4.85077858e-01 7.69508004e-01
    9.78966773e-01 3.19905668e-01 1.80917680e-02 4.94674236e-01
    3.39915693e-01 8.75813961e-02 2.99851447e-01 7.87380934e-02
    7.70147681e-01 8.82764637e-01 6.12557888e-01 5.86927593e-01
    7.05158949e-01 2.50136197e-01 5.23387611e-01 2.45385468e-01
    4.50205922e-01 3.97704065e-01 5.96414626e-01 2.13482797e-01
    3.90387356e-01 5.94966352e-01 2.40544975e-02 4.23412412e-01
    8.24961543e-01 2.92728215e-01 9.58926439e-01 3.86382222e-01
    8.93807411e-01 2.27430165e-02 9.03395534e-01 3.57763857e-01
    1.74932599e-01 5.68293631e-01 5.33305585e-01 9.09394622e-01
    6.14467204e-01 3.22325468e-01 4.76136863e-01 7.93517947e-01
    5.98446369e-01 9.81672764e-01 9.00005817e-01 2.94721127e-01
    9.17057037e-01 1.15062594e-01 9.88873601e-01 5.87890267e-01
    7.47550130e-01 6.28894031e-01 4.80741918e-01 8.21070075e-02
    1.28012955e-01 6.78942680e-01 4.88636494e-02 2.33697087e-01
    5.85452616e-02 4.01726842e-01 8.98091078e-01 7.36312747e-01
    4.62612212e-02 3.65304112e-01 6.65890038e-01 4.62482095e-01
    9.16646302e-01 2.45236665e-01 6.56810522e-01 4.13016766e-01
    5.04993439e-01 6.45493686e-01 6.04252040e-01 3.98169994e-01
    9.72324014e-01 7.96038032e-01 1.20404929e-01 1.87157869e-01
    3.31103086e-01 1.74468875e-01 2.97602475e-01 7.15443492e-01
    9.15907741e-01 1.42185539e-01 4.63509172e-01 6.51717663e-01
    1.42815828e-01 6.27833188e-01 3.56914937e-01 8.19279194e-01
    6.03493989e-01 4.95782554e-01 3.60859334e-01 9.55205917e-01
    7.15933740e-02 4.00720268e-01 7.56426632e-01 7.66701698e-01
    3.81946772e-01 1.58238620e-01 6.43097401e-01 7.13359237e-01
    8.49069357e-01 5.82359552e-01 8.91591609e-01 2.28962481e-01
    2.01583028e-01 8.80695224e-01 9.96615589e-02 2.34924525e-01
    4.62835670e-01 1.11697674e-01 7.52829611e-02 8.80594194e-01
    8.93760085e-01 9.06984925e-01 5.15885472e-01 4.15719628e-01
    7.20044792e-01 9.05828357e-01 9.78759527e-01 7.14666426e-01
    4.87924546e-01 3.44816327e-01 9.11745608e-01 3.23361337e-01
    8.57497871e-01 4.93605167e-01 5.66138864e-01 4.63216543e-01
    7.78026164e-01 9.15611625e-01 7.05053508e-01 6.98212683e-02
    3.41681153e-01 2.15209633e-01 2.36968845e-01 5.05387187e-01
    6.71330094e-01 3.48163903e-01 1.15332246e-01 6.02742910e-01
    1.65597856e-01 6.90924108e-01 7.28690982e-01 1.69609487e-02
    8.45805526e-01 2.20534414e-01 2.89509594e-02 9.86647248e-01
    8.48214030e-02 7.00171113e-01 2.31550485e-01 3.23078930e-01
    6.22280002e-01 4.31972772e-01 3.96021783e-01 4.18430954e-01
    8.12597036e-01 1.41864717e-02 8.65447581e-01 8.94488811e-01
    3.20589334e-01 6.92588806e-01 5.37577689e-01 7.76754320e-01
    8.97116423e-01 7.17150688e-01 8.82564485e-01 9.20657039e-01
    1.33503139e-01 7.81212211e-01 9.14987564e-01 6.81830585e-01
    2.75956243e-01 3.95192325e-01 9.60491240e-01 1.88691705e-01
    6.74830794e-01 3.12694669e-01 2.59708524e-01 6.35092378e-01
    1.52623087e-01 4.94547248e-01 1.29689395e-01 2.47122049e-01
    9.19991493e-01 3.99529308e-01 9.41373825e-01 7.83082902e-01
    5.66941440e-01 7.46133089e-01 8.70424211e-01 5.88224590e-01
    6.60922408e-01 4.49112058e-01 2.09228128e-01 4.37973559e-01
    4.20813352e-01 5.34263253e-01 7.95780778e-01 1.19417340e-01
    7.11740196e-01 4.65187281e-01 2.13676393e-01 9.07355368e-01
    5.42235851e-01 3.19133341e-01 2.52569377e-01 3.62837493e-01
    1.11843824e-01 1.97874099e-01 9.06822443e-01 5.49709499e-02
    7.45765388e-01 8.36352289e-01 9.06776667e-01 2.70570040e-01
    3.35649312e-01 7.38090932e-01 7.25769877e-01 7.99239874e-01
    9.96766806e-01 8.88758063e-01 1.33345842e-01 3.80003482e-01
    3.03309828e-01 8.06803226e-01 2.79451013e-01 3.98259252e-01
    5.01159132e-02 8.05402756e-01 9.44246054e-01 7.70500302e-03
    8.93001854e-02 9.79077816e-01 1.93282068e-01 7.98945069e-01
    8.89478445e-01 3.45057487e-01 3.82709771e-01 9.15907860e-01
    8.95453513e-01 3.44430566e-01 9.61009920e-01 7.10956752e-02
    3.59790742e-01 6.31624699e-01 5.13247848e-01 8.30907524e-01
    7.05106258e-02 3.79886836e-01 9.82286572e-01 4.32490200e-01
    5.24236858e-02 3.95697445e-01 7.26814270e-02 1.27071440e-01
    1.79001987e-02 4.44752753e-01 1.96436673e-01 3.22064489e-01
    6.28257513e-01 4.41801310e-01 2.24717349e-01 1.49344951e-01
    2.89055467e-01 7.61329532e-02 7.78935313e-01 7.09701598e-01
    6.47707283e-02 8.46883357e-01 2.86211699e-01 5.16273141e-01
    1.77215189e-01 5.44205964e-01 6.27796054e-02 7.71076977e-02
    1.32722825e-01 8.97035301e-01 6.15067303e-01 1.08294904e-01
    6.43093526e-01 4.50141847e-01 4.24329579e-01 3.49743187e-01
    3.57097268e-01 8.81685853e-01 8.40016007e-01 7.85683632e-01
    5.82206488e-01 8.00879002e-01 6.91960335e-01 4.13316220e-01
    4.45863247e-01 8.89699697e-01 1.43252939e-01 6.98575020e-01
    1.65358782e-01 7.60798216e-01 5.61313331e-02 4.62169170e-01
    3.68997663e-01 5.00996709e-01 6.42847896e-01 7.80657589e-01
    8.37706208e-01 5.92917860e-01 3.47058892e-01 7.51392424e-01
    9.09042597e-01 9.56212163e-01 2.69860268e-01 5.43967783e-02
    1.60764873e-01 8.13016772e-01 2.71353364e-01 1.16444409e-01
    7.09785402e-01 3.87812257e-02 2.81493008e-01 1.99949116e-01
    3.52052748e-02 2.45297641e-01 5.55516422e-01 9.99220014e-01
    7.27023065e-01 1.91140652e-01 8.52907419e-01 6.71903968e-01
    7.77856231e-01 4.48068976e-02 4.22459543e-01 5.69527388e-01
    5.23236573e-01 7.32447505e-01 3.90256703e-01 9.22834754e-01
    5.76442361e-01 6.19385064e-01 5.13138831e-01 2.85337448e-01
    5.08695364e-01 5.60275495e-01 5.09416521e-01 9.64770198e-01
    9.48154807e-01 6.65957868e-01 9.21261668e-01 8.44781101e-02
    7.08712578e-01 5.77976525e-01 2.15146780e-01 2.13922113e-01
    7.49470472e-01 3.66130769e-01 8.02554488e-02 6.89416587e-01
    4.34444010e-01 4.36235428e-01 8.37114453e-01 7.33325958e-01
    1.11271650e-01 8.86585593e-01 1.77186400e-01 2.19925165e-01
    2.44823366e-01 7.53906250e-01 6.11252189e-01 6.40230000e-01
    9.52322185e-01 8.44279528e-02 2.88405091e-01 9.98380542e-01
    4.13640201e-01 2.98305452e-01 9.31137025e-01 1.42764449e-02
    9.81688738e-01 5.08624673e-01 7.30134726e-01 2.62432098e-01
    9.80751693e-01 7.89534569e-01 2.83830017e-01 8.53821635e-02
    4.26928878e-01 1.35445267e-01 8.36022615e-01 6.30174160e-01
    7.55656064e-02 3.73369694e-01 8.32576632e-01 7.40538359e-01
    7.82053828e-01 8.96406174e-01 1.65792406e-02 7.16898441e-02
    3.60286713e-01 6.49628580e-01 6.17800295e-01 8.67588639e-01
    4.55550700e-01 1.34060889e-01 9.59215105e-01 3.81367415e-01
    2.00024158e-01 6.54728055e-01 1.52521461e-01 5.88715494e-01
    3.28773826e-01 9.58490729e-01 1.23534352e-01 2.88331777e-01
    3.90678108e-01 4.22672391e-01 3.14238369e-01 5.23557484e-01
    3.77379775e-01 5.72014451e-01 2.85266787e-01 4.83006895e-01
    7.96829939e-01 5.02508104e-01 1.50220752e-01 7.44471550e-02
    8.17414880e-01 4.68235493e-01 9.57923055e-01 3.41620147e-01
    2.88673013e-01 4.44086701e-01 5.15572131e-02 3.69229436e-01
    6.68119788e-02 3.00148129e-02 1.23302341e-01 6.46875322e-01
    8.97596478e-01 2.82119989e-01 1.33818567e-01 3.03792566e-01
    3.45321327e-01 8.09195638e-01 6.01480782e-01 8.32905591e-01
    1.28152847e-01 5.35860598e-01 1.68319404e-01 1.17408276e-01
    3.57902110e-01 4.90871727e-01 7.68513560e-01 9.14045572e-02
    6.24160409e-01 1.41837001e-02 8.03689361e-01 6.53392196e-01
    1.76481128e-01 1.77748591e-01 6.98435307e-01 6.88966632e-01
    4.08436507e-01 1.56196773e-01 7.41343379e-01 3.07108909e-01
    8.81402850e-01 5.86453319e-01 5.65841973e-01 8.15025866e-02
    4.63224947e-01 2.80931830e-01 9.85488296e-01 8.37643862e-01
    2.22713739e-01 1.41516596e-01 1.22880042e-02 2.62383819e-01
    5.13309121e-01 7.07257748e-01 9.97565269e-01 1.10700101e-01
    8.27851892e-01 2.71460533e-01 5.67489624e-01 1.07480913e-01
    9.98707294e-01 3.64353597e-01 7.02658534e-01 3.70701015e-01
    4.54480052e-01 5.02925456e-01 7.28572369e-01 2.52186716e-01
    6.79749489e-01 5.33444703e-01 2.62580454e-01 9.57647681e-01
    5.08073688e-01 7.24047601e-01 7.89764225e-01 6.61822319e-01
    9.49370027e-01 1.19610727e-01 5.78384638e-01 9.35190141e-01
    1.21413052e-01 7.35785007e-01 6.68961167e-01 3.33846837e-01
    4.28441852e-01 3.95810962e-01 9.38401699e-01 5.87051809e-02
    1.95900053e-01 7.30582178e-01 5.21018207e-01 2.85399914e-01
    5.79710245e-01 6.48709476e-01 6.40201807e-01 6.03625774e-01
    4.42929745e-01 4.65042442e-01 1.51807308e-01 1.20884001e-01
    7.16966748e-01 3.23073030e-01 3.08227539e-01 7.65394926e-01
    6.30337596e-02 2.60203063e-01 6.21317863e-01 9.87882555e-01
    2.10940093e-01 3.98389429e-01 6.61409557e-01 3.62369716e-01
    5.44119775e-01 7.18350053e-01 6.35407090e-01 8.91699255e-01
    9.10550058e-01 4.21551108e-01 8.74411464e-01 7.48453438e-01
    9.40048635e-01 8.79969060e-01 5.47289491e-01 6.23517036e-02
    6.45844758e-01 1.44306391e-01 3.61067176e-01 7.21204281e-02
    5.72979271e-01 7.90477753e-01 7.73404121e-01 9.17172968e-01
    5.03351808e-01 2.68632978e-01 3.64424467e-01 1.55403167e-01
    3.26403499e-01 3.93000931e-01 5.97511113e-01 5.75842202e-01
    7.48888910e-01 3.77187222e-01 2.36457527e-01 4.31175590e-01
    2.78517008e-01 3.06449264e-01 8.55320930e-01 5.65087438e-01
    4.84331012e-01 6.75737023e-01 4.28216934e-01 9.96331573e-01
    3.49865854e-02 7.37975001e-01 3.27745378e-01 2.60254771e-01
    5.52854598e-01 4.73148733e-01 6.60275400e-01 6.12556994e-01
    2.29803175e-01 5.47788739e-01 4.61919636e-01 9.75698173e-01
    4.35202688e-01 5.66974580e-01 8.34886551e-01 8.78341556e-01
    5.33816636e-01 5.39094687e-01 3.24600041e-01 4.37857330e-01
    2.17814982e-01 4.48134959e-01 5.79349339e-01 6.76906228e-01
    5.08423448e-01 8.82273912e-01 1.01053715e-02 4.23652530e-01
    4.99352783e-01 2.63016999e-01 7.85289109e-02 8.24697733e-01
    4.18095052e-01 9.12405968e-01 4.23469543e-01 3.19267064e-01
    8.83407056e-01 1.65152282e-01 8.39414835e-01 8.96570444e-01
    8.66501927e-01 9.64169741e-01 6.79067373e-01 7.83380270e-01
    7.68507719e-01 5.03444791e-01 8.70070279e-01 1.05547100e-01
    3.89611214e-01 5.74777484e-01 2.43992180e-01 8.84033799e-01
    1.13285840e-01 8.29204559e-01 5.44204772e-01 9.52901721e-01
    7.25606143e-01 4.93509173e-02 9.95971739e-01 4.78729695e-01
    9.03405905e-01 5.49427569e-01 3.15160751e-01 5.44637263e-01
    7.44951785e-01 5.33684790e-01 2.22366601e-01 2.19398379e-01
    2.29157388e-01 5.51095784e-01 8.41770709e-01 6.18190944e-01
    1.89303309e-01 4.72363830e-01 6.28884673e-01 9.44897413e-01
    6.64938271e-01 2.67088354e-01 2.14519203e-02 8.04687738e-01
    4.03677970e-01 9.08304393e-01 2.15221733e-01 4.43917602e-01
    7.08073676e-01 2.11624563e-01 1.35957181e-01 6.65011406e-01
    2.65659243e-01 3.83620709e-01 7.64603317e-02 2.35925436e-01
    6.17940843e-01 3.78821552e-01 5.56774855e-01 5.68753064e-01
    7.44156003e-01 9.99153495e-01 6.78998947e-01 5.37188530e-01
    9.71726537e-01 3.59285861e-01 2.57964402e-01 9.02362764e-01
    7.28957534e-01 2.96086669e-01 1.38701051e-01 7.55004883e-01
    4.86214578e-01 4.52718318e-01 4.59119588e-01 3.87273610e-01
    8.88498783e-01 8.22097003e-01 3.38256121e-01 1.86598539e-01
    8.34990025e-01 6.59876168e-01 8.34217370e-02 5.46103597e-01
    9.38180149e-01 6.12521470e-01 1.82485580e-02 6.80001020e-01
    3.84584010e-01 9.62215066e-01 1.05072409e-01 9.17744279e-01
    6.34720087e-01 7.64920473e-01 5.98861635e-01 1.71158016e-01
    5.42036951e-01 1.06531322e-01 6.49851084e-01 5.00039101e-01
    1.29375756e-02 3.99211347e-02 9.89492178e-01 7.61679888e-01
    3.34021449e-03 6.54519200e-01 5.35021126e-01 3.78784001e-01
    3.95056963e-01 5.05061090e-01 5.72872937e-01 3.92867565e-01
    6.40029907e-02 1.11795485e-01 7.06785202e-01 5.07193983e-01
    6.55795097e-01 9.25083101e-01 1.66830748e-01 4.06060964e-01
    6.58109784e-01 4.17165756e-02 3.97212267e-01 8.92527997e-02
    8.13001752e-01 8.97071600e-01 2.18251675e-01 3.64236057e-01
    6.96455479e-01 6.08954370e-01 9.50817585e-01 1.23328626e-01
    3.68854463e-01 2.42923915e-01 9.84340668e-01 8.09898973e-02
    5.42113185e-03 4.10639524e-01 5.81895351e-01 2.81138122e-02
    2.39455074e-01 3.31457376e-01 5.16703129e-02 2.72130907e-01
    3.24371696e-01 9.96025443e-01 2.62791336e-01 5.22771001e-01
    2.69474924e-01 1.67178512e-02 9.97883141e-01 6.74758255e-01
    5.80440938e-01 7.48667896e-01 1.71583772e-01 2.07113117e-01
    3.98496062e-01 6.24318600e-01 2.44244099e-01 8.88038278e-01
    4.75450695e-01 2.17892498e-01 7.37110734e-01 4.77368861e-01
    7.94713199e-01 9.39819574e-01 9.25368905e-01 8.87092352e-01
    5.26008427e-01 5.08324742e-01 3.07109833e-01 9.46223915e-01
    5.59167266e-01 3.09414953e-01 5.05926907e-01 9.23010826e-01
    2.05195963e-01 8.84484053e-01 5.09186864e-01 6.52238131e-01
    1.57218456e-01 3.85798752e-01 3.11363518e-01 4.31035042e-01
    7.10623980e-01 4.14257288e-01 1.98929071e-01 4.82379198e-02
    7.15448380e-01 6.73538268e-01 2.79550552e-02 3.47302914e-01
    5.03515303e-02 9.32764888e-01 2.96094537e-01 2.34175116e-01
    6.97777271e-01 9.46602583e-01 3.99652570e-01 5.28388739e-01
    3.20998639e-01 3.99283350e-01 8.92508030e-01 6.74957156e-01
    9.21064854e-01 2.31065005e-01 1.58895344e-01 1.53392196e-01
    2.46381849e-01 5.43893278e-01 7.66901016e-01 9.83156085e-01
    5.99157035e-01 1.48935825e-01 8.17787528e-01 2.93503910e-01
    9.50556457e-01 9.42949891e-01 1.91121221e-01 3.42408568e-01
    2.25642353e-01 5.97267747e-02 5.72304964e-01 8.03838253e-01
    6.83538198e-01 6.17812574e-01 9.07946229e-02 3.73010844e-01
    1.41645730e-01 2.90697128e-01 9.09476340e-01 1.51781291e-01
    6.23037577e-01 5.71251750e-01 3.85657072e-01 6.11431718e-01
    8.86925936e-01 7.52423882e-01 6.90742254e-01 8.54994535e-01
    2.33309329e-01 4.74925339e-02 3.85448754e-01 4.82582152e-01
    3.40525866e-01 7.91035593e-02 3.64169598e-01 2.10774451e-01
    8.21162224e-01 1.60595775e-01 7.67494857e-01 2.61488467e-01
    8.16028476e-01 9.64423418e-01 9.56019759e-03 3.89479280e-01
    5.58850884e-01 6.60059512e-01 2.35205531e-01 7.01934040e-01
    7.29567051e-01 6.23583317e-01 4.42201763e-01 4.50654089e-01
    7.23309278e-01 1.97125703e-01 4.50684696e-01 6.00522161e-01
    2.23629922e-01 6.35530889e-01 2.93131232e-01 2.87986100e-01
    9.02580738e-01 7.33288169e-01 8.00198436e-01 3.15559208e-01
    3.03519964e-02 9.14396465e-01 7.87701964e-01 3.26243877e-01
    4.67146337e-01 1.15874887e-01 3.97591025e-01 9.92885470e-01
    6.23971403e-01 6.73787594e-01 3.96273077e-01 1.02554023e-01
    3.85552615e-01 5.92617810e-01 8.87821555e-01 8.84343386e-01
    4.64033961e-01 8.92514467e-01 5.73270798e-01 2.28909016e-01
    8.82095575e-01 2.09160239e-01 3.22984695e-01 6.22308791e-01
    6.34742856e-01 4.96661663e-03 8.04335356e-01 6.43990755e-01
    9.28315759e-01 1.65476859e-01 9.43261683e-01 9.81165588e-01
    4.84853208e-01 4.67454910e-01 4.55037266e-01 1.81029379e-01
    1.59918010e-01 6.60959542e-01 5.02313614e-01 3.87623906e-01
    2.87803322e-01 1.77467763e-02 4.16848272e-01 7.61495829e-01
    9.60358441e-01 1.84869260e-01 5.27295232e-01 1.62340999e-01
    2.35472918e-01 1.87145621e-01 6.50046468e-01 8.63897741e-01
    9.22033787e-01 3.29199880e-01 5.87308109e-01 5.99402487e-01
    3.62610519e-02 5.81219077e-01 1.26479089e-01 2.97408849e-01
    4.17026281e-01 5.64818144e-01 7.13182747e-01 3.09356511e-01
    9.19241905e-02 1.32781535e-01 3.46717238e-01 8.20209026e-01
    7.13598430e-01 2.95485437e-01 5.32513380e-01 9.33073163e-02
    4.47047353e-01 8.63700747e-01 6.04751945e-01 6.92572474e-01
    3.08495462e-01 2.91060239e-01 4.50444490e-01 7.23135114e-01
    5.11511087e-01 6.92003012e-01 4.74425524e-01 6.49673939e-01
    5.80488861e-01 2.81925023e-01 2.65356898e-03 9.92729783e-01
    4.99493450e-01 5.86540282e-01 8.11865687e-01 1.84065670e-01
    2.03428268e-01 7.05840170e-01 9.08158243e-01 4.11807209e-01
    9.80687976e-01 3.30850959e-01 3.03084433e-01 1.08516693e-01
    1.03932202e-01 2.58820713e-01 3.56013000e-01 5.51679492e-01
    3.98828417e-01 9.05902028e-01 3.07989746e-01 3.59147727e-01
    9.41232324e-01 2.45898366e-02 1.70289844e-01 2.21140265e-01
    1.55238211e-01 6.36550903e-01 2.14044452e-01 8.82113814e-01
    4.45722342e-01 6.72382295e-01 9.86224890e-01 9.39050913e-01
    3.89778107e-01 9.79773641e-01 2.04728931e-01 2.86393076e-01
    8.35996568e-02 7.99562097e-01 2.86544770e-01 1.17218554e-01
    7.40951955e-01 3.41017962e-01 8.28795016e-01 3.17232728e-01
    6.36087179e-01 8.26138973e-01 7.72969961e-01 9.73889470e-01
    4.34676945e-01 3.24689925e-01 3.58825833e-01 2.21716732e-01
    3.83273602e-01 4.57624793e-02 6.66026175e-02 4.58141595e-01
    6.76355660e-02 9.43612516e-01 1.99605346e-01 6.75529361e-01
    9.21038389e-01 1.68541074e-01 8.18315625e-01 1.78021431e-01
    4.61356342e-01 5.05932331e-01 6.67643309e-01 4.96775806e-02
    9.68396187e-01 8.77554893e-01 4.68108416e-01 8.79523814e-01
    5.70724249e-01 1.19781703e-01 8.30112100e-01 3.39452863e-01
    1.84258103e-01 6.50758684e-01 1.88006908e-01 5.50840974e-01
    2.00455487e-01 7.64488935e-01 5.73683560e-01 5.26888728e-01
    2.34901726e-01 4.50910032e-02 5.28977513e-01 1.55479819e-01
    5.12283564e-01 5.29197633e-01 2.53923416e-01 2.26192236e-01
    4.34565455e-01 3.93312454e-01 2.63995171e-01 3.01003933e-01
    2.71878242e-01 3.90658855e-01 4.90878612e-01 5.50065875e-01
    5.97953796e-02 9.40785646e-01 5.13125718e-01 3.94454181e-01
    4.87851888e-01 8.08835268e-01 3.56676161e-01 1.17584944e-01
    8.05068135e-01 8.65211308e-01 4.59498048e-01 7.41692603e-01
    2.31212854e-01 3.22490990e-01 1.86000764e-01 9.83840823e-01
    3.05712879e-01 8.38177443e-01 3.34492624e-01 3.29773128e-01
    6.29530907e-01 4.94421005e-01 5.87460220e-01 1.61633521e-01
    8.60809684e-01 9.51612115e-01 1.28795415e-01 1.08391911e-01
    8.16186786e-01 9.70228434e-01 3.33294034e-01 5.78868926e-01
    5.35737157e-01 7.19978452e-01 1.31717026e-01 6.12596691e-01
    5.92543542e-01 3.49272072e-01 5.40077448e-01 3.83780986e-01
    2.12220132e-01 9.80487466e-01 3.16000760e-01 6.64230883e-02
    2.98767388e-01 4.50585485e-02 7.69337237e-01 9.83015478e-01
    1.36007369e-01 1.69636935e-01 6.10810339e-01 2.40922093e-01
    4.37131435e-01 5.28176665e-01 4.08487916e-01 4.07477468e-01
    7.08326578e-01 8.87961864e-01 8.29691410e-01 3.49451303e-02
    4.27692771e-01 9.05921638e-01 5.57087183e-01 6.21429980e-01
    6.56656146e-01 1.20901138e-01 7.87967086e-01 2.68019736e-02
    3.26880872e-01 7.01197326e-01 7.82474399e-01 5.69896221e-01
    4.46891814e-01 3.21829200e-01 2.66824007e-01 1.07801974e-01
    9.76387143e-01 4.33496863e-01 9.66771960e-01 7.11595178e-01
    6.79630876e-01 8.56056809e-01 7.05277026e-02 7.09162176e-01
    6.44600391e-03 7.35924840e-01 3.45874399e-01 6.93489373e-01
    4.76788163e-01 6.11776054e-01 5.70883572e-01 6.13361359e-01
    1.47509813e-01 3.10712308e-01 5.67277431e-01 5.51401138e-01
    5.89327633e-01 3.45363855e-01 2.67034769e-01 2.37157375e-01
    3.65421712e-01 5.28353155e-01 1.07585222e-01 6.32172465e-01
    9.68294859e-01 8.19466949e-01 5.98190427e-02 4.10351723e-01
    3.76894742e-01 9.10603285e-01 3.08997929e-02 1.94375128e-01
    9.78164494e-01 9.38111424e-01 9.98549938e-01 8.26498151e-01
    4.11308080e-01 3.96280706e-01 3.27475786e-01 4.01983142e-01
    3.17145348e-01 5.29589057e-02 2.58962929e-01 5.15991688e-01
    5.66465020e-01 1.07422650e-01 4.48383987e-01 8.42713952e-01
    9.87642407e-01 8.85120749e-01 2.80378222e-01 6.49769902e-02
    2.59519815e-02 3.82619798e-01 7.25638211e-01 8.30945194e-01
    6.72627330e-01 1.10380620e-01 2.29004115e-01 8.21392894e-01
    7.74221659e-01 7.92036414e-01 2.98669815e-01 6.63634539e-01
    7.91655481e-02 2.45220512e-01 3.81019473e-01 5.37620425e-01
    6.46658778e-01 3.85796607e-01 6.29941106e-01 4.73273188e-01
    1.27873123e-01 2.69343853e-02 6.18074059e-01 8.94018412e-02
    1.63393110e-01 6.82445526e-01 5.08845866e-01 3.31597775e-01
    2.43573070e-01 2.80787975e-01 9.96873379e-01 5.85539222e-01
    8.29342425e-01 5.89309037e-01 1.82445586e-01 9.58824992e-01
    9.20387208e-02 8.08069825e-01 1.39693290e-01 4.96084750e-01
    9.95737135e-01 4.00689602e-01 7.13403702e-01 7.80213356e-01
    8.38087678e-01 2.03704923e-01 4.47760880e-01 3.83583724e-01
    2.49436736e-01 1.41977876e-01 3.13600481e-01 8.68875623e-01
    5.40512025e-01 6.90933108e-01 6.94584608e-01 7.66633868e-01
    3.03928018e-01 7.63725638e-01 5.73616505e-01 5.44599056e-01
    9.15400505e-01 6.43601775e-01 1.07446223e-01 4.50948954e-01
    5.11770427e-01 1.97350979e-04 1.48424536e-01 8.87889981e-01
    9.77315664e-01 4.38686609e-01 8.38556528e-01 4.41000402e-01
    6.93828285e-01 6.03620708e-01 7.80285180e-01 6.14427924e-01
    5.99490583e-01 2.36682564e-01 9.95439887e-01 7.98086286e-01
    4.16586757e-01 1.82366043e-01 4.54689860e-01 6.17229521e-01
    6.13397241e-01 7.06219494e-01 4.25774753e-01 8.86412859e-02
    4.76983309e-01 9.59120154e-01 8.53231549e-01 5.59322178e-01
    7.12259412e-01 8.69479179e-01 5.08764386e-01 3.37803304e-01
    5.84896386e-01 7.69335151e-01 6.24345183e-01 5.80758274e-01
    2.51449257e-01 4.38979685e-01 3.35847735e-02 1.41699046e-01
    1.41364127e-01 1.34928435e-01 4.25029993e-01 8.92295122e-01
    3.96662951e-02 8.11507642e-01 7.12008595e-01 4.34592515e-01
    9.43293035e-01 2.40749359e-01 5.64415038e-01 5.08004427e-01
    2.34079659e-01 3.63916695e-01 1.66194499e-01 2.56918818e-01
    8.35125983e-01 1.18647158e-01 9.58930135e-01 5.07847309e-01
    4.84168231e-02 7.45740116e-01 9.06724334e-01 3.65589440e-01
    9.09739256e-01 6.54177248e-01 6.02788746e-01 5.52589476e-01
    3.06338549e-01 4.07516450e-01 5.13303518e-01 6.66648209e-01
    5.65796196e-01 2.71867871e-01 7.78151393e-01 1.29120320e-01
    6.96755826e-01 9.39248443e-01 4.93575215e-01 2.21914858e-01
    7.63493776e-01 1.92976475e-01 1.50846481e-01 4.35387403e-01
    7.92731762e-01 5.58578849e-01 2.56583452e-01 6.72609448e-01
    8.77578139e-01 3.55542868e-01 2.87324190e-01 4.62034941e-01
    5.31895816e-01 5.14259577e-01 4.92717266e-01 3.61957252e-01
    3.78129214e-01 5.85501552e-01 2.89422870e-01 6.16297424e-01
    2.84875154e-01 9.10927355e-02 4.77344543e-01 7.83374369e-01
    9.96097207e-01 4.33936208e-01 9.92578030e-01 3.64057839e-01
    5.04164100e-01 9.69611943e-01 1.10449433e-01 5.88908255e-01
    8.89019012e-01 9.01122868e-01 4.81366932e-01 2.78193116e-01
    6.57755017e-01 9.60982800e-01 1.66242719e-01 7.25698233e-01
    7.47341990e-01 4.94723082e-01 7.45368958e-01 8.37169468e-01
    3.59834433e-01 9.00558293e-01 8.05382013e-01 9.71142530e-01
    9.86253858e-01 7.49101043e-02 1.39296293e-01 5.25847077e-03
    5.40580213e-01 7.50156462e-01 8.21358562e-01 5.94558954e-01
    8.50719213e-01 7.19714046e-01 2.43895262e-01 2.45621800e-02
    5.43464541e-01 4.10149336e-01 4.65957195e-01 8.08603883e-01
    2.50090063e-01 6.56331778e-02 6.36723340e-01 8.45335484e-01
    9.66503143e-01 3.50663513e-01 2.66645551e-02 5.63042402e-01
    9.00137663e-01 5.95627964e-01 7.51795769e-01 3.01885307e-01
    6.85197413e-01 7.59002566e-02 9.99821186e-01 7.59037256e-01
    7.31028318e-02 4.69810307e-01 1.15445614e-01 9.08949137e-01
    9.89435911e-02 8.57166290e-01 7.58708298e-01 8.61208558e-01
    2.57437915e-01 8.17722976e-02 7.30049551e-01 1.74426824e-01
    2.10475802e-01 3.15978229e-01 6.33536160e-01 3.42174768e-02
    1.72554940e-01 3.21392000e-01 1.23867273e-01 7.57577419e-01
    6.43252909e-01 2.46956348e-02 6.52694166e-01 2.01172143e-01
    8.49384308e-01 7.66106129e-01 3.14422667e-01 8.14540029e-01
    6.07914329e-02 1.97721124e-01 2.88322031e-01 5.24296582e-01
    7.44677067e-01 4.84367788e-01 4.99017656e-01 2.21533477e-01
    1.66903168e-01 7.45547414e-01 9.34792161e-02 1.88976824e-02
    6.86942399e-01 1.70332044e-01 5.30476689e-01 7.91435659e-01
    3.88615280e-01 2.50110328e-01 2.68678427e-01 5.86531281e-01
    2.62927413e-01 6.51413202e-01 4.90311652e-01 8.26080203e-01
    7.40717232e-01 3.85351300e-01 2.00231045e-01 5.49670756e-01
    1.33419245e-01 3.72660756e-02 6.06344461e-01 4.30933326e-01
    8.22190821e-01 2.89649576e-01 5.49406648e-01 2.32603163e-01
    9.78776932e-01 8.59263539e-02 8.86253715e-01 3.03788960e-01
    6.39960468e-01 5.93507767e-01 9.53278840e-02 7.34499693e-01
    8.37937117e-01 9.82444108e-01 5.99422991e-01 5.34306169e-01
    1.19419068e-01 6.68342769e-01 8.65572810e-01 2.34733135e-01
    1.44671023e-01 2.00593144e-01 5.46063304e-01 8.57217669e-01
    3.26276571e-01 3.74160171e-01 8.72654438e-01 4.28960919e-02
    7.94381738e-01 7.37365365e-01 4.37390208e-02 8.37711334e-01
    9.57023680e-01 7.08368301e-01 6.79102182e-01 2.61763573e-01
    1.25739187e-01 6.16592824e-01 6.82990968e-01 9.03833628e-01
    1.69858038e-02 5.37456870e-01 3.48810911e-01 9.80350971e-01
    9.99719501e-02 2.48563349e-01 6.81102693e-01 9.96994138e-01
    4.60196435e-02 8.32233310e-01 5.77882826e-01 3.71797442e-01
    6.62106276e-01 8.66248965e-01 1.14644647e-01 7.94814825e-01
    6.93313539e-01 9.64679241e-01 4.88609344e-01 2.89763659e-01
    9.58799720e-01 7.92984784e-01 5.50346375e-02 9.89301801e-01
    7.79334664e-01 6.70289516e-01 2.25804955e-01 9.65157390e-01
    1.74889773e-01 4.04539376e-01 3.21155965e-01 8.63443375e-01
    4.42221016e-01 2.37031132e-01 5.61558604e-01 8.00811350e-01
    9.10174966e-01 7.28733063e-01 7.32511282e-01 6.21031463e-01
    9.77906346e-01 2.47284114e-01 1.00888401e-01 3.15975785e-01
    3.16233814e-01 8.93234491e-01 8.85603607e-01 1.85402751e-01
    9.15598989e-01 4.59098101e-01 2.41435915e-01 1.61632776e-01
    7.63980389e-01 1.88455194e-01 4.43342686e-01 9.54174638e-01
    4.53847855e-01 8.15705657e-01 8.12954664e-01 1.45016104e-01
    3.30821693e-01 9.78578448e-01 8.25957954e-02 3.99462223e-01
    6.30976319e-01 5.24180293e-01 3.65062803e-01 6.11786008e-01
    9.31030750e-01 2.06009716e-01 6.83122993e-01 7.70990849e-01
    7.56923378e-01 2.96088159e-02 5.64398944e-01 8.51877928e-02
    7.12780833e-01 9.05464590e-02 8.94269466e-01 8.37120771e-01
    9.05050933e-02 1.78333193e-01 7.61177480e-01 8.49654198e-01
    6.45468652e-01 5.20430684e-01 9.51717377e-01 4.30484295e-01
    3.69514763e-01 9.00266051e-01 6.85153306e-01 9.40389931e-02
    6.76150680e-01 7.03425646e-01 6.53134108e-01 7.68721223e-01
    1.83678746e-01 8.92514586e-01 1.28390521e-01 9.19802725e-01
    3.01162213e-01 5.73559880e-01 5.36900759e-02 6.66420698e-01
    8.90146255e-01 1.41660482e-01 1.95532560e-01 3.24405491e-01
    3.14430356e-01 5.40571094e-01 6.85888231e-01 1.69379175e-01
    3.75695229e-01 8.59006643e-02 1.88682646e-01 4.34368402e-01
    4.71424878e-01 3.15881550e-01 4.23409641e-01 8.06967735e-01
    9.99603510e-01 3.98558378e-03 2.53303707e-01 3.37769091e-01
    5.45699716e-01 2.35884637e-01 7.69067764e-01 1.40354931e-01
    3.61252010e-01 5.57510138e-01 6.76138759e-01 6.28529251e-01
    7.35989451e-01 9.90844667e-01 5.09181499e-01 4.36641186e-01
    5.10010839e-01 5.28961658e-01 4.97798085e-01 3.83625567e-01
    5.80828190e-02 6.54731214e-01 7.46936679e-01 5.29770613e-01
    2.25489110e-01 1.93469405e-01 1.71458095e-01 7.95167983e-02
    2.99694002e-01 8.99932742e-01 1.05999261e-01 8.42891037e-02
    5.19192874e-01 9.57107842e-02 5.80233693e-01 5.07618427e-01
    4.52823520e-01 1.67801976e-02 8.66310477e-01 9.59291577e-01
    7.71285355e-01 3.46011281e-01 2.33456165e-01 8.32252622e-01
    7.14446306e-01 2.11923718e-01 3.55318844e-01 5.64320385e-01
    2.08435148e-01 8.99083555e-01 5.96855819e-01 9.28551853e-01
    3.64893645e-01 7.25645006e-01 6.44374371e-01 8.31914723e-01
    1.36203974e-01 8.08658421e-01 3.38788390e-01 4.69614983e-01
    9.11045790e-01 8.59563231e-01 7.35666215e-01 9.38343346e-01
    5.57712078e-01 7.53979027e-01 2.70142555e-02 9.85591590e-01
    7.80334711e-01 9.57205892e-01 9.85895693e-02 5.87375879e-01
    7.79487550e-01 6.62489653e-01 5.80851138e-01 5.40832758e-01
    9.86601114e-01 9.32954669e-01 1.83860004e-01 2.31124043e-01
    6.36836290e-01 9.46016192e-01 7.88795948e-03 5.08136690e-01
    5.53784788e-01 1.69871747e-02 9.54823971e-01 6.56209707e-01
    7.90150583e-01 6.31327152e-01 5.21187067e-01 4.70282137e-02
    9.42385674e-01 4.84341145e-01 4.65561122e-01 4.56036061e-01
    4.75972056e-01 2.35550225e-01 6.03969514e-01 9.89039779e-01
    7.48698771e-01 1.01062357e-01 4.98533368e-01 1.20718956e-01
    9.82135415e-01 8.31017375e-01 1.12299323e-02 4.81267184e-01
    7.14559197e-01 4.43700165e-01 5.65311909e-01 5.95760643e-01
    1.40854418e-01 8.79211545e-01 7.18519807e-01 5.32971323e-01
    6.99068666e-01 6.89458549e-01 4.68877316e-01 1.95531189e-01
    7.34151721e-01 5.02819300e-01 5.64427316e-01 2.50614583e-01
    3.60880375e-01 5.94463646e-02 2.39560574e-01 2.57234216e-01
    8.33400130e-01 1.43788129e-01 4.05782521e-01 2.81608403e-01
    7.36018658e-01 8.00501883e-01 1.20023429e-01 6.08547986e-01
    1.59280896e-01 9.71806467e-01 7.91490912e-01 5.57027876e-01
    3.58841896e-01 7.20979691e-01 8.07112455e-01 5.17323911e-02
    5.23105741e-01 9.17793155e-01 2.26912588e-01 2.96838224e-01
    5.81746638e-01 3.23729217e-01 5.76985717e-01 6.00973487e-01
    9.41703975e-01 4.96624142e-01 4.13368583e-01 5.96376181e-01
    5.25473237e-01 7.72780657e-01 3.79136771e-01 5.90416193e-01
    5.49203217e-01 1.17404938e-01 5.28262854e-01 7.86660910e-02
    9.44072962e-01 5.06426990e-01 9.17839885e-01 8.52514684e-01
    9.71379459e-01 4.39389467e-01 7.72257805e-01 5.80780923e-01
    8.77110481e-01 5.26312232e-01 7.83420026e-01 2.85694838e-01
    5.00349343e-01 8.02643597e-02 1.69623822e-01 1.13277763e-01
    9.50017333e-01 7.56635666e-01 1.33743584e-02 5.85857511e-01
    8.12932849e-01 5.74595094e-01 8.01601231e-01 4.58376884e-01
    2.91828692e-01 8.43481183e-01 6.61824346e-02 4.08051252e-01
    9.76756811e-02 6.81322455e-01 6.48386955e-01 9.19985652e-01
    8.59805942e-01 5.97413480e-01 9.05818462e-01 5.40095270e-01
    6.58537507e-01 6.22871280e-01 7.88560987e-01 3.44622493e-01
    6.29870117e-01 5.38502574e-01 1.98542565e-01 2.42542595e-01
    3.41120481e-01 6.21700466e-01 9.27152038e-01 1.76379502e-01
    4.28164870e-01 9.87563610e-01 8.42525244e-01 4.67453301e-02
    3.02520156e-01 6.66619360e-01 1.56531006e-01 1.19285285e-02
    4.88203585e-01 4.63282704e-01 9.08692598e-01 5.30489802e-01
    1.14797950e-02 3.32223177e-01 9.07122254e-01 5.76997995e-01
    1.41036510e-01 3.23135823e-01 7.22701073e-01 3.60980332e-01
    3.88039291e-01 4.97779638e-01 3.72307062e-01 3.08486819e-02
    5.03871202e-01 6.53794408e-03 7.39388227e-01 7.64750540e-02
    8.01247239e-01 5.36956549e-01 9.22544956e-01 7.75177121e-01
    5.45494497e-01 3.67459953e-01 7.45079160e-01 4.05508518e-01
    7.82352984e-02 1.69294655e-01 1.67126417e-01 4.02119249e-01
    4.14842427e-01 7.60854185e-01 7.67504692e-01 5.78593254e-01
    6.67373836e-01 2.43844211e-01 9.30436254e-01 5.29096425e-02
    6.03189111e-01 7.04789400e-01 8.15626264e-01 5.54652631e-01
    8.00789297e-02 7.42204010e-01 8.57647955e-01 5.79712808e-01
    2.14703143e-01 5.34105003e-01 3.24522495e-01 2.30735242e-02
    1.93952620e-02 1.99382901e-02 3.35555315e-01 5.68443298e-01
    7.85856426e-01 3.85567546e-03 6.93165839e-01 9.62337971e-01
    8.28739703e-02 1.06168926e-01 3.82758677e-02 4.68966305e-01
    5.72061181e-01 1.93545371e-01 6.55437469e-01 5.32886803e-01
    8.67165267e-01 9.07115042e-02 8.76113057e-01 6.88809633e-01
    8.64248872e-02 5.41386008e-01 4.13717687e-01 8.63404989e-01
    8.97359550e-01 2.95306146e-01 4.02835310e-01 5.96311271e-01
    8.13553095e-01 7.93941855e-01 1.95659786e-01 8.62742782e-01
    6.38642192e-01 6.74133658e-01 5.50691247e-01 4.14973021e-01
    5.25867760e-01 2.47872591e-01 4.48066503e-01 7.17382073e-01
    1.43208504e-02 8.45094740e-01 5.91321826e-01 4.44685102e-01
    2.37667829e-01 9.96339738e-01 8.90548110e-01 9.89289045e-01
    2.62962461e-01 1.15547776e-01 7.69498706e-01 4.16208029e-01
    9.91816819e-01 1.81840122e-01 1.49618059e-01 5.60116470e-01
    6.73630178e-01 9.56730008e-01 4.76453036e-01 1.29541755e-02
    8.23618472e-01 4.87526923e-01 5.86891294e-01 1.91508770e-01
    5.31613946e-01 5.40020287e-01 9.28413033e-01 3.94882888e-01
    2.73139149e-01 6.54934645e-01 8.77886713e-02 2.26973593e-01
    2.79712796e-01 6.78389907e-01 6.04017615e-01 1.44160569e-01
    3.43645215e-01 2.13393152e-01 1.41079754e-01 4.88149405e-01
    4.54375207e-01 3.21943998e-01 4.97027665e-01 6.43087864e-01
    9.33191776e-02 5.22830188e-01 3.09976935e-01 7.41568506e-01
    9.94635761e-01 3.01132798e-02 1.27666563e-01 1.56787336e-01
    8.60879660e-01 8.74734044e-01 6.64125323e-01 4.81648862e-01
    6.12203181e-01 8.79162669e-01 2.30370939e-01 5.18172204e-01
    6.11318290e-01 6.41041696e-02 5.44216096e-01 7.35496581e-02
    2.80709445e-01 7.32251287e-01 9.84302402e-01 2.56660968e-01
    7.31638014e-01 9.85417008e-01 6.21683121e-01 1.34163141e-01
    7.35222042e-01 2.21369267e-02 6.76354051e-01 9.77320850e-01
    4.71025079e-01 3.35577071e-01 2.30936408e-01 4.14373875e-01
    1.39929950e-01 4.74645197e-02 8.60665321e-01 5.03062487e-01
    7.63289869e-01 6.18997037e-01 7.22093642e-01 5.18319249e-01
    2.91659653e-01 5.74128747e-01 5.50333679e-01 4.82898265e-01
    2.18445957e-01 2.04509497e-03 7.70015597e-01 2.67870903e-01
    5.96505105e-01 5.91197789e-01 6.35528803e-01 6.17329419e-01
    7.95145631e-02 3.23742211e-01 4.60836291e-03 7.57628202e-01
    3.09346884e-01 5.70113003e-01 1.62624657e-01 1.42499804e-01
    4.42869097e-01 2.60856509e-01 2.39296764e-01 2.82423198e-01
    9.41453576e-01 7.24708915e-01 5.60125113e-02 3.73165905e-02
    8.91965926e-01 5.32887578e-02 5.79070032e-01 5.94522178e-01
    2.04893768e-01 7.85473228e-01 5.52718699e-01 2.59438992e-01
    8.33461642e-01 6.72915578e-01 4.79160249e-02 6.51350796e-01
    6.56876564e-02 4.26952392e-01 4.01042998e-02 6.45091832e-01
    7.07907379e-01 1.95174754e-01 6.22024119e-01 8.28353822e-01
    8.79670978e-01 3.75849605e-01 8.97610188e-03 8.38490129e-01
    8.90878141e-01 4.35247838e-01 7.13042140e-01 9.34184313e-01
    1.17084384e-02 8.09555888e-01 7.35955834e-02 3.78873885e-01
    5.76152503e-01 3.53675604e-01 8.45617652e-01 6.70236468e-01
    6.47780001e-01 9.36230719e-02 9.41968083e-01 7.70023763e-02
    9.20885801e-01 1.81013793e-01 1.30390227e-02 3.44136953e-02
    8.68761420e-01 3.99747908e-01 8.62445116e-01 1.80892587e-01
    8.82758796e-02 2.66989022e-01 3.75670135e-01 6.64983034e-01
    3.36656868e-01 8.48223209e-01 9.47759092e-01 2.47992307e-01
    8.39313447e-01 1.67587072e-01 8.19578648e-01 6.84734821e-01
    4.62199897e-01 3.47715855e-01 3.32225889e-01 1.65423542e-01
    3.06539893e-01 8.05044174e-01 5.73816895e-01 3.64337683e-01
    6.62630200e-01 9.12991345e-01 3.31077933e-01 1.17149025e-01
    4.37468171e-01 9.19965208e-01 7.83997416e-01 3.83765399e-02
    2.39539951e-01 2.93606818e-01 1.82621837e-01 8.09679568e-01
    2.91515350e-01 6.44633830e-01 6.58640742e-01 9.09156203e-01
    1.37116730e-01 7.65910387e-01 2.77036101e-01 2.14766771e-01
    2.87018239e-01 9.46607172e-01 6.69899404e-01 4.19832170e-01
    8.98860097e-01 2.32012033e-01 7.54626036e-01 9.45606232e-01
    9.51533616e-02 7.27204680e-01 5.25856912e-01 8.82225037e-01
    6.52485311e-01 4.26267326e-01 1.85412616e-01 9.93217051e-01
    8.45312953e-01 2.64617741e-01 3.68200153e-01 6.59144044e-01
    2.57551968e-02 4.89662379e-01 4.22533780e-01 5.97860217e-02
    7.31824160e-01 9.16070640e-01 9.25011754e-01 6.70682907e-01
    1.38559431e-01 2.34152526e-01 9.43657279e-01 4.66494560e-01
    3.31551135e-02 3.39600563e-01 8.21788251e-01 5.95057309e-02
    5.43319523e-01 2.32463717e-01 6.10207438e-01 3.54322314e-01
    1.50261790e-01 9.53194022e-01 2.16382146e-02 3.89620692e-01
    6.50619686e-01 7.89337039e-01 8.86029959e-01 7.77679920e-01
    1.53162181e-02 2.69648135e-02 4.58354682e-01 6.41579092e-01
    3.08174163e-01 7.98918247e-01 6.04932368e-01 4.05868649e-01
    6.08144581e-01 7.36907303e-01 1.12496376e-01 8.55260849e-01
    9.74234462e-01 9.60858405e-01 1.79154992e-01 5.73879480e-03
    4.17991340e-01 8.01749349e-01 6.17696643e-02 8.78022552e-01
    6.87838793e-01 2.77613103e-01 6.84590161e-01 4.55639094e-01
    9.13174450e-01 1.66487426e-01 3.72272432e-01 6.24153018e-02
    2.15049028e-01 2.79103309e-01 6.92732215e-01 6.34583354e-01
    5.67873716e-01 7.85082579e-01 7.72654653e-01 1.00466251e-01
    6.47120595e-01 5.89526534e-01 9.70505357e-01 9.99642253e-01
    4.38241750e-01 3.47070217e-01 1.32204264e-01 2.06260890e-01
    9.20802593e-01 1.32187307e-02 4.61133778e-01 8.17456007e-01
    9.58509147e-01 2.27815747e-01 9.28308666e-01 5.35169184e-01
    8.16149473e-01 1.09492123e-01 6.87014282e-01 2.34501392e-01
    9.20017779e-01 9.43138778e-01 3.02855074e-02 2.58397967e-01
    9.65345085e-01 5.49805045e-01 3.06728810e-01 7.79361248e-01
    4.71820056e-01 8.89880955e-02 5.14625609e-01 2.12978601e-01
    8.20666432e-01 6.71466053e-01 2.87405968e-01 7.85900414e-01
    5.53306699e-01 1.57393098e-01 2.26655960e-01 9.21578169e-01
    7.41172135e-02 3.39796066e-01 6.74023867e-01 5.02318919e-01
    5.28650761e-01 4.70699459e-01 2.12486386e-02 3.93314004e-01
    2.41693944e-01 6.99198842e-02 8.88548493e-01 4.11907405e-01
    6.38211370e-02 1.72699481e-01 9.49700475e-02 5.59478641e-01
    6.99737549e-01 9.85024571e-02 5.83509684e-01 9.49848890e-01
    3.59194279e-01 1.84059471e-01 3.74938548e-01 4.48923886e-01
    7.86113203e-01 4.49018717e-01 3.48248184e-02 6.31317198e-01
    8.93615067e-01 3.03944647e-02 5.89989781e-01 6.05502844e-01
    9.67161357e-01 1.48525536e-01 5.90760708e-02 2.42693871e-01
    2.94170827e-01 8.74459624e-01 4.84619737e-02 2.08438158e-01
    6.29684567e-01 1.28993571e-01 6.86378121e-01 5.93887746e-01
    1.30041540e-02 7.95855522e-01 8.10414314e-01 6.90640926e-01
    7.02956319e-02 9.52393770e-01 6.97344601e-01 3.05565894e-01
    7.53195405e-01 9.72919822e-01 8.39499652e-01 4.79992300e-01
    6.45871460e-01 5.98123491e-01 6.84862554e-01 8.33942890e-01
    7.04198301e-01 5.09324372e-01 1.83922321e-01 4.80002850e-01
    1.39053792e-01 9.27098513e-01 7.17140019e-01 3.76366585e-01
    1.21266007e-01 1.86541378e-02 9.99995947e-01 6.84624553e-01
    1.76961333e-01 7.33949304e-01 7.70428538e-01 2.87957728e-01
    9.92656231e-01 7.74716377e-01 1.41233802e-01 5.73832929e-01
    6.92430019e-01 6.54057622e-01 3.28429818e-01 6.06398404e-01
    4.03433532e-01 8.33811700e-01 2.61308253e-02 9.74689007e-01
    9.64342594e-01 3.24240446e-01 5.94556987e-01 1.68076396e-01
    1.42454177e-01 7.25525200e-01 3.81298959e-01 8.12422633e-01
    7.22967684e-01 4.94262815e-01 8.37983012e-01 7.10137606e-01
    1.37706995e-01 9.67624187e-01 8.94551873e-01 6.93228722e-01
    3.82411450e-01 8.68213058e-01 9.54550982e-01 6.68903053e-01
    1.13504827e-02 6.19913697e-01 6.40493751e-01 4.29664254e-01
    3.96792352e-01 5.72990417e-01 4.37061310e-01 6.64077461e-01
    7.74196863e-01 8.21522713e-01 5.54234445e-01 3.13981146e-01
    5.37198782e-01 7.48235643e-01 4.37203050e-01 1.23149991e-01
    9.50791836e-01 6.91565156e-01 1.49743140e-01 1.09672487e-01
    3.53313982e-01 9.92237449e-01 3.17682952e-01 3.21622223e-01
    1.22639060e-01 5.19019485e-01 2.73344100e-01 4.31891680e-02
    8.69203389e-01 2.78618395e-01 6.95280194e-01 7.96964765e-01
    3.63881588e-02 3.26513350e-02 7.99947977e-01 7.47165561e-01
    1.67466402e-02 1.74769998e-01 1.35180354e-02 4.48756367e-01
    9.36224222e-01 5.16578436e-01 4.97761279e-01 2.33288437e-01
    3.09880793e-01 5.28894186e-01 8.96447003e-01 8.96631002e-01
    2.11232692e-01 7.42114484e-01 8.70859087e-01 5.95353305e-01
    4.88510281e-01 8.67077947e-01 4.57149565e-01 7.69382477e-01
    5.59730232e-01 6.10745490e-01 8.01707804e-01 5.42219281e-01
    1.70524925e-01 8.52454066e-01 3.69875550e-01 2.76300609e-01
    1.75466448e-01 4.37057555e-01 4.36548620e-01 8.78607929e-01
    5.09767234e-01 6.03707016e-01 9.53427911e-01 8.23648036e-01
    9.10759270e-01 4.18709129e-01 9.74972367e-01 3.30791175e-02
    7.37792552e-02 5.90331435e-01 6.74306214e-01 4.70966637e-01
    5.67229331e-01 1.02910012e-01 5.23406208e-01 5.08784592e-01
    8.19162726e-01 6.83055758e-01 3.42199504e-02 2.54586518e-01
    4.71915781e-01 4.46995884e-01 2.12643892e-01 4.19577748e-01
    2.21878469e-01 4.57163155e-02 7.77323008e-01 9.07977104e-01
    1.89994276e-01 2.94973642e-01 6.32280588e-01 9.07664299e-02
    4.81871247e-01 2.33729422e-01 4.41408634e-01 7.42418587e-01
    2.83085823e-01 1.45264477e-01 5.86892784e-01 7.66788125e-02
    6.64983988e-01 7.02232242e-01 4.55727428e-01 4.56215143e-01
    7.29335546e-01 4.17075217e-01 5.10272264e-01 9.31332350e-01
    5.62736273e-01 5.13597727e-02 2.30934352e-01 6.56289876e-01
    2.37325221e-01 4.82998490e-01 3.54850888e-01 2.13039815e-01
    4.69502151e-01 3.77067864e-01 6.50726318e-01 1.69079214e-01
    9.97728586e-01 3.91823411e-01 2.95589119e-01 5.96878350e-01
    1.50657505e-01 8.56078386e-01 3.71534228e-02 4.53528911e-01
    2.95108318e-01 4.13156927e-01 8.81847203e-01 9.77988958e-01
    3.50913107e-01 9.46167469e-01 9.37376618e-01 5.19774795e-01
    6.52974725e-01 3.71817708e-01 1.92490041e-01 2.17648715e-01
    3.02846432e-02 1.75917476e-01 9.76684570e-01 4.49916422e-02
    2.79506803e-01 9.30569768e-01 9.00169611e-02 8.10242057e-01
    9.68240380e-01 3.42083842e-01 5.42179942e-01 8.23020816e-01
    1.13648772e-01 1.93080157e-01 8.36510777e-01 7.80044794e-01
    7.95194924e-01 8.03296566e-01 7.26979375e-01 5.94887257e-01
    8.38561177e-01 7.85194874e-01 2.79303133e-01 1.90515399e-01
    3.14527929e-01 1.03458732e-01 2.73430407e-01 7.79195309e-01
    8.93321157e-01 1.15246356e-01 9.98856544e-01 3.73383522e-01
    2.30821997e-01 9.92273927e-01 3.66354287e-02 7.15411663e-01
    2.30479866e-01 4.64447260e-01 5.15348494e-01 2.25933850e-01
    2.31032819e-01 8.40034366e-01 4.46010917e-01 5.33487558e-01
    8.22964191e-01 4.55206990e-01 6.61064684e-02 2.16743410e-01
    5.84326684e-01 7.11231768e-01 2.60176063e-02 9.84429777e-01
    2.82338858e-01 6.07158303e-01 7.74295330e-01 7.20218658e-01
    5.14560461e-01 6.74051285e-01 2.38300323e-01 4.36596155e-01
    2.11395711e-01 2.24383771e-01 5.09554982e-01 2.78960735e-01
    3.72794271e-01 5.00722945e-01 9.40674543e-01 2.85916150e-01
    8.86946440e-01 1.25609040e-02 7.37429440e-01 7.67099619e-01
    8.02245080e-01 2.11327285e-01 5.39770424e-01 2.91742563e-01
    1.94467187e-01 1.97041631e-02 7.91887283e-01 2.98299134e-01
    4.84641492e-02 8.99286270e-01 3.32903922e-01 8.83210897e-02
    6.16440177e-01 7.10748732e-01 4.66512829e-01 5.46807826e-01
    9.76328433e-01 2.98756123e-01 4.05580699e-02 6.86795592e-01
    5.50280869e-01 8.19141269e-01 5.53221345e-01 1.03207231e-02
    2.77348191e-01 1.83923662e-01 6.77578151e-02 5.14816463e-01
    4.44780678e-01 8.03698421e-01 5.21200657e-01 1.83587164e-01
    4.19438660e-01 3.47615361e-01 8.59069407e-01 1.73158377e-01
    7.20525146e-01 3.88240874e-01 1.54247940e-01 4.54412550e-01
    8.66323709e-04 4.20919895e-01 5.52855909e-01 8.62942517e-01
    2.58360267e-01 3.15395474e-01 1.79327101e-01 8.53969574e-01
    1.02076381e-01 9.80103135e-01 5.00956655e-01 2.09639221e-01
    7.67461419e-01 6.62108660e-02 3.20771277e-01 1.57126725e-01
    6.08922541e-02 9.89004433e-01 1.18441641e-01 3.97176027e-01
    7.42969632e-01 2.00030059e-01 1.25263125e-01 5.11237144e-01
    5.13488054e-01 8.68346334e-01 2.85227299e-02 8.17425609e-01
    2.28179753e-01 4.30501163e-01 1.64052397e-01 1.04856849e-01
    3.76228452e-01 6.64089322e-02 6.44635856e-02 8.60438824e-01
    1.99387550e-01 7.56147504e-01 4.61368442e-01 7.22699940e-01
    9.70225811e-01 1.61648095e-01 7.42262006e-02 1.37915581e-01
    7.22082257e-01 2.13499635e-01 2.78287828e-01 9.61418390e-01
    1.75564110e-01 2.85354137e-01 6.00246549e-01 9.89867687e-01
    8.83213222e-01 1.17567062e-01 3.48381400e-02 3.17169875e-01
    1.61748707e-01 3.68514568e-01 1.59443527e-01 5.72122276e-01
    3.58046710e-01 1.36271119e-01 9.44359779e-01 1.23558372e-01
    8.48118365e-01 5.04802823e-01 4.70335424e-01 1.14853352e-01
    4.90528047e-01 9.33438420e-01 3.56898844e-01 5.94064116e-01
    4.17162895e-01 9.99678731e-01 3.14764142e-01 5.11328399e-01
    9.35206771e-01 2.29689240e-01 2.01717138e-01 9.90570366e-01
    6.35500968e-01 9.98757482e-02 7.65601337e-01 6.81718469e-01
    2.32067227e-01 5.53045690e-01 1.74484432e-01 9.26408470e-01
    4.13840324e-01 9.55863118e-01 9.70393181e-01 9.69998181e-01
    4.65364039e-01 4.02194351e-01 7.99822807e-02 7.07897961e-01
    8.60707879e-01 6.60229027e-01 8.38912010e-01 7.99150348e-01
    4.46085900e-01 3.44282627e-01 1.20470524e-01 6.01741672e-01
    9.92539465e-01 6.88426435e-01 2.84429044e-01 9.63003874e-01
    1.73462689e-01 4.23376650e-01 6.79410696e-01 5.88039339e-01
    5.22443056e-01 4.15099263e-01 1.99006289e-01 4.57894534e-01
    2.69124746e-01 3.35863262e-01 4.55485463e-01 9.79531348e-01
    6.93025589e-01 9.65546131e-01 9.00559485e-01 4.20224965e-02
    6.76788330e-01 1.34335756e-02 5.34912705e-01 7.54015982e-01
    3.54596376e-02 6.79041266e-01 3.42974007e-01 9.37744737e-01
    4.15663928e-01 6.83058143e-01 1.57469571e-01 9.02153552e-02
    8.21342587e-01 4.48396981e-01 6.93925977e-01 5.87414622e-01
    9.95859981e-01 4.35688525e-01 7.84322262e-01 7.98508525e-01
    7.86525965e-01 3.89838576e-01 6.01810992e-01 1.59096032e-01
    6.22791171e-01 9.72068906e-02 6.60200775e-01 4.59229439e-01
    4.62245345e-02 2.10562497e-01 8.76836181e-01 8.37993383e-01
    2.84185171e-01 5.79416275e-01 8.82461905e-01 2.02033579e-01
    6.75151527e-01 2.35717028e-01 3.57557237e-01 9.03365791e-01
    4.31056648e-01 9.79597807e-01 5.94120741e-01 9.63121355e-02
    5.87314367e-01 1.26487166e-01 2.77751565e-01 6.30737841e-01
    4.70147610e-01 6.40717864e-01 9.49334681e-01 2.95008481e-01
    6.99384570e-01 1.12918615e-02 3.12352538e-01 3.13147306e-02
    5.91429532e-01 1.10008776e-01 6.18097782e-01 8.69486690e-01
    9.14500952e-01 1.43210292e-02 6.59263611e-01 5.91469824e-01
    7.99074292e-01 3.22765708e-01 1.29651576e-01 7.33596981e-01
    1.63882703e-01 4.06869829e-01 8.37674260e-01 5.41799068e-01
    8.63603711e-01 6.26032174e-01 2.92057991e-02 3.78291786e-01
    3.93392444e-01 1.61511660e-01 3.83699894e-01 2.82725513e-01
    9.03589368e-01 4.56494182e-01 9.61554885e-01 3.33463579e-01
    6.12242579e-01 8.26306581e-01 2.31666625e-01 8.53679776e-02
    6.89293385e-01 9.69040394e-01 3.70681107e-01 1.32531971e-01
    4.40129548e-01 7.70502329e-01 9.32995796e-01 4.24716473e-01
    8.71731997e-01 9.77771759e-01 4.93234485e-01 9.47949290e-01
    4.41547632e-02 3.28151762e-01 9.06179488e-01 9.03139949e-01
    5.83899319e-02 2.14978695e-01 4.64733273e-01 2.39738405e-01
    9.87323761e-01 9.40705776e-01 2.90136248e-01 8.73021007e-01
    8.83372545e-01 7.90432155e-01 4.76905406e-01 6.24956071e-01
    1.53231978e-01 3.48827302e-01 9.28034782e-02 8.07899415e-01
    3.56296480e-01 1.16640955e-01 4.81511682e-01 5.21964252e-01
    1.49022579e-01 1.02345675e-01 3.67413878e-01 7.33678877e-01
    7.83361673e-01 9.29438174e-01 9.15455282e-01 8.52330923e-02
    5.37144065e-01 4.98268723e-01 3.00011933e-01 2.75159061e-01
    5.55450916e-01 4.25126821e-01 8.14442337e-02 1.36931837e-02
    7.95371532e-01 2.58089423e-01 7.38560319e-01 8.54253769e-02
    5.02620339e-01 9.41437483e-01 1.79752350e-01 8.76885414e-01
    3.29818338e-01 8.13787043e-01 3.56731981e-01 9.59537327e-02
    1.16780013e-01 4.38532650e-01 2.30476648e-01 5.82354546e-01
    4.02066082e-01 9.53866482e-01 6.88486814e-01 7.37647176e-01
    6.51620686e-01 8.00973713e-01 9.89580691e-01 4.36658442e-01
    9.59659994e-01 4.63822544e-01 3.16391170e-01 7.43329644e-01
    5.60831904e-01 5.84214270e-01 3.36548090e-02 5.81764281e-01
    3.01023662e-01 1.09969944e-01 2.34498143e-01 7.44178295e-01
    1.23857200e-01 4.15173113e-01 2.02035308e-01 8.87750149e-01
    9.35404956e-01 6.39629841e-01 3.75852376e-01 7.45412588e-01
    7.26471424e-01 6.01316273e-01 8.48840237e-01 3.15490425e-01
    7.04783380e-01 9.72393155e-03 2.47310519e-01 1.77142024e-03
    3.74045849e-01 3.47487509e-01 4.90419239e-01 6.39780164e-02
    4.59912181e-01 1.73949480e-01 9.49958265e-02 8.90765369e-01
    6.97911024e-01 7.22325325e-01 4.29691136e-01 5.70612550e-01
    2.30404735e-03 1.96022302e-01 9.06683087e-01 5.51115453e-01
    4.80963051e-01 8.94989014e-01 6.04853034e-03 9.55182016e-02
    6.77974641e-01 3.89213204e-01 2.61180580e-01 5.14054000e-02
    5.74887395e-02 6.95468366e-01 2.09508449e-01 4.36906189e-01
    1.91555619e-01 7.00178385e-01 1.80132687e-01 9.72947061e-01
    6.78183615e-01 7.69712806e-01 4.24084514e-01 2.09194869e-01
    8.87407064e-01 3.39828789e-01 1.54213458e-01 9.86296773e-01
    4.72789794e-01 7.59887516e-01 4.37565506e-01 6.08268738e-01
    7.71051168e-01 7.48579204e-02 1.81409836e-01 5.85525632e-01
    5.24743378e-01 7.14309871e-01 8.73970091e-02 7.28563547e-01
    4.72912669e-01 9.46929038e-01 8.56416106e-01 9.20078814e-01
    3.37303519e-01 1.49224490e-01 2.61808574e-01 5.53657115e-01
    5.30747831e-01 3.69401038e-01 5.67885697e-01 2.96528965e-01
    3.38330865e-03 3.42308193e-01 4.69835132e-01 3.81500274e-01
    4.54568952e-01 2.40163773e-01 4.03984606e-01 7.70947933e-01
    9.96679425e-01 9.00053978e-01 5.28171241e-01 2.35827208e-01
    7.92344570e-01 4.93232161e-01 5.95400512e-01 7.98821688e-01
    6.15340710e-01 5.01151025e-01 5.05025744e-01 3.60148907e-01
    5.47262311e-01 5.29277444e-01 9.52023745e-01 9.46155190e-03
    4.39154357e-01 3.44045043e-01 7.35726833e-01 3.71814728e-01
    3.48733217e-01 9.75803137e-01 5.40821671e-01 6.52186871e-01
    9.09838855e-01 4.64675426e-01 7.34067798e-01 8.02910030e-01
    5.82765043e-01 6.24882579e-02 6.30190372e-02 2.58116126e-02
    3.91489148e-01 3.90777916e-01 6.21746421e-01 7.57603407e-01
    1.16777748e-01 8.81800950e-01 7.92061448e-01 5.86237907e-02
    1.00824028e-01 5.07017791e-01 8.12122107e-01 5.72464764e-02
    4.37107593e-01 1.87613398e-01 8.03001821e-02 9.50156033e-01
    3.85937661e-01 2.46797055e-01 8.89086604e-01 2.07332075e-01
    3.66282761e-01 9.75477457e-01 1.02553517e-01 8.35015774e-02
    5.50043523e-01 5.14071584e-01 8.94691586e-01 6.14071786e-02
    5.22609770e-01 3.65324825e-01 9.90178108e-01 4.83561605e-01
    1.51126325e-01 4.93698418e-01 7.14037538e-01 7.77145505e-01
    9.43536758e-01 3.01512808e-01 9.48420525e-01 3.91483009e-01
    3.85788530e-01 6.81941509e-01 5.56960523e-01 6.07740879e-01
    2.19049215e-01 7.68908322e-01 5.35811186e-01 6.46285236e-01
    6.76005483e-01 8.88882697e-01 1.08704746e-01 5.92446148e-01
    2.44509697e-01 5.50257206e-01 7.57298887e-01 2.73272336e-01
    3.09955359e-01 8.64566684e-01 8.91410708e-01 2.65817165e-01
    6.30518377e-01 2.01048285e-01 5.47690570e-01 8.09685230e-01
    1.04095846e-01 5.55158019e-01 5.62062085e-01 1.74879611e-01
    4.03995693e-01 2.15738535e-01 9.96104479e-01 5.11915863e-01
    5.32211840e-01 6.99942589e-01 8.33144963e-01 8.15153122e-01
    4.94395554e-01 4.34484899e-01 7.51798153e-02 6.21028543e-01
    3.90201926e-01 7.51018524e-01 8.69842470e-02 5.83626688e-01
    2.90055990e-01 7.04044878e-01 9.48885083e-01 3.97609353e-01
    3.94774407e-01 8.74441147e-01 9.94803190e-01 2.56017357e-01
    4.06224102e-01 7.11265206e-01 3.08123887e-01 1.03889197e-01
    1.97072983e-01 7.23634243e-01 1.66339278e-02 8.08493495e-01
    8.24681461e-01 5.61416924e-01 5.44455409e-01 7.22027838e-01
    5.41722894e-01 5.84857762e-01 5.21732688e-01 3.05281162e-01
    9.57010567e-01 5.37940145e-01 6.87349498e-01 3.29714954e-01
    4.32389975e-01 4.33253169e-01 8.35802674e-01 2.29694784e-01
    3.14281881e-01 7.57609725e-01 2.71216333e-02 1.10692263e-01
    3.25407267e-01 6.37977183e-01 2.90016323e-01 2.47521818e-01
    6.08553886e-01 4.07435894e-02 9.90779698e-01 4.01821852e-01
    9.07346308e-02 4.04740006e-01 8.89844954e-01 2.42128938e-01
    2.40682483e-01 9.20298159e-01 7.14511991e-01 5.22037029e-01
    3.97134900e-01 5.29178739e-01 3.47991735e-01 5.57893455e-01
    7.36936629e-01 4.60783452e-01 9.08949971e-03 2.01947451e-01
    9.48202848e-01 9.78359461e-01 7.34365940e-01 8.84315848e-01
    7.58163333e-02 3.83420706e-01 7.49738812e-01 6.70252144e-02
    1.44534379e-01 9.23481584e-03 4.63998765e-01 1.98571116e-01
    4.39963013e-01 2.09298581e-01 9.46757615e-01 3.98721725e-01
    6.22552514e-01 5.88184297e-01 3.43095601e-01 5.46185076e-02
    7.46883512e-01 1.43431097e-01 3.80785882e-01 1.97517931e-01
    9.00052190e-02 8.67636561e-01 5.36278129e-01 6.01127684e-01
    3.02859187e-01 8.82753253e-01 2.32936472e-01 9.39282537e-01
    4.57187891e-01 2.93659568e-01 2.83147156e-01 5.24552464e-01
    3.76003563e-01 5.32402813e-01 1.05101615e-01 4.93602782e-01
    9.00710166e-01 1.05766267e-01 5.89570880e-01 4.48988706e-01
    3.26547831e-01 4.34818208e-01 9.42677021e-01 9.73101258e-01
    6.25318885e-02 3.24308634e-01 8.58337879e-01 4.47557330e-01
    9.02342856e-01 2.72648096e-01 7.39373863e-01 8.56889188e-02
    6.83111250e-01 2.09913969e-01 9.75027800e-01 2.25024402e-01
    5.66800535e-01 5.02104998e-01 3.44488382e-01 9.04465079e-01
    9.05926108e-01 8.01105678e-01 3.12448919e-01 5.67449570e-01
    7.86305785e-01 8.44138980e-01 5.38718879e-01 1.74053192e-01
    5.51150918e-01 8.51208270e-01 4.56728965e-01 1.66823983e-01
    2.12119758e-01 3.49095583e-01 7.10041225e-01 1.31811500e-02
    2.62954772e-01 7.46105194e-01 8.15646648e-01 4.23690498e-01
    4.90055978e-01 8.06579113e-01 1.66380405e-01 6.63905561e-01
    2.59820521e-02 8.49165976e-01 9.50337470e-01 2.05098391e-01
    6.73169732e-01 1.36644363e-01 5.99488497e-01 3.48120511e-01
    8.82102668e-01 3.63122284e-01 7.45887280e-01 3.39920700e-01
    2.80750334e-01 8.47562671e-01 3.29654694e-01 2.87409961e-01
    8.33996713e-01 3.26686144e-01 4.35388803e-01 6.91782653e-01
    4.32346791e-01 8.51471663e-01 5.11207223e-01 2.52454877e-01
    5.06278515e-01 8.57539356e-01 4.70742583e-03 3.71423006e-01
    7.78534114e-02 6.71993256e-01 1.16202176e-01 3.16234976e-01
    1.92693174e-01 4.26100791e-01 1.73531145e-01 1.26289964e-01
    5.85955620e-01 2.39580274e-02 5.14622808e-01 3.59066963e-01
    8.48858356e-01 9.93100286e-01 6.64776564e-02 5.76475561e-01
    1.29553974e-01 7.68086195e-01 5.40345609e-02 7.36544192e-01
    8.94502997e-01 3.42893630e-01 3.10614735e-01 8.52041841e-01
    1.59289807e-01 2.85434663e-01 6.13581896e-01 6.76637053e-01
    9.61912394e-01 8.01990271e-01 1.94509417e-01 1.26318932e-01
    3.03702176e-01 8.76068234e-01 5.14719069e-01 9.50047374e-02
    6.93067670e-01 5.77790380e-01 5.37325621e-01 9.11242366e-02
    4.66603041e-03 2.99615860e-02 4.67946708e-01 7.29283929e-01
    4.54789221e-01 6.32518649e-01 9.37714875e-01 6.49691403e-01
    8.49880934e-01 2.71896899e-01 9.69026804e-01 1.75542414e-01
    6.20101988e-01 2.26731747e-01 3.80350530e-01 8.29517365e-01
    4.17744637e-01 5.79258680e-01 7.98020303e-01 6.17181063e-02
    9.08757985e-01 5.82036793e-01 4.43129569e-01 5.68703473e-01
    4.14640844e-01 8.86459589e-01 2.39771545e-01 6.99243188e-01
    8.50059628e-01 6.73926473e-01 3.80332798e-01 1.77401096e-01
    7.52837300e-01 3.63805503e-01 7.93128967e-01 4.05524492e-01
    9.06202793e-02 3.15633893e-01 8.01260591e-01 1.10586345e-01
    1.44647300e-01 4.12298173e-01 7.01171100e-01 3.74697506e-01
    9.99954104e-01 5.64466119e-02 9.14690912e-01 7.39276886e-01
    3.67812932e-01 2.19320089e-01 1.99449658e-02 2.00616479e-01
    8.99134576e-02 4.99095649e-01 1.95519537e-01 1.15089536e-01
    9.34085846e-01 8.49636197e-02 2.85240233e-01 3.37963760e-01
    7.08062649e-01 2.47174501e-03 1.78529739e-01 3.95448297e-01
    6.59784138e-01 4.46638972e-01 9.48933065e-01 8.07113886e-01
    7.28105903e-01 2.42268890e-01 5.49814582e-01 9.51134443e-01
    6.67773783e-02 7.39151955e-01 5.35284758e-01 4.62866098e-01
    5.61031520e-01 9.04669166e-01 4.00508374e-01 9.32940006e-01
    1.32660180e-01 6.88364506e-02 5.20920694e-01 3.17703187e-01
    4.89310920e-02 9.89186168e-01 8.13457847e-01 3.85727137e-01
    1.79153860e-01 9.84456420e-01 7.17249155e-01 5.53082645e-01
    9.78355944e-01 1.40201360e-01 6.99519753e-01 8.81474376e-01
    4.30057973e-01 8.23021591e-01 3.47589195e-01 7.03932405e-01
    1.04544252e-01 1.53149724e-01 5.42330146e-01 4.51573253e-01
    5.59880018e-01 2.31680214e-01 5.55490434e-01 7.28757441e-01
    5.68818271e-01 2.74306536e-03 5.03365874e-01 3.59753370e-01
    6.81359589e-01 6.77233100e-01 4.45367515e-01 7.55223155e-01
    8.50143433e-02 3.42640579e-02 5.07986307e-01 4.44734275e-01
    7.64063776e-01 9.18222070e-01 9.22414482e-01 7.43281782e-01
    3.25054437e-01 7.65792489e-01 2.72032499e-01 1.30220741e-01
    4.56562698e-01 4.54941690e-02 9.98159051e-01 9.22610104e-01
    4.60296988e-01 5.13958573e-01 6.22527778e-01 3.20475698e-02
    9.20722127e-01 2.91473567e-02 8.25487137e-01 9.55212235e-01
    8.53115320e-01 3.30836594e-01 2.04418093e-01 9.72582221e-01
    8.35851431e-01 4.44967687e-01 6.12199366e-01 8.47463965e-01
    3.14414620e-01 8.01877856e-01 4.03292447e-01 5.77687442e-01
    8.53860795e-01 3.69051158e-01 4.71013129e-01 7.68488884e-01
    6.58546686e-01 3.10627490e-01 9.92849112e-01 8.68680358e-01
    2.51291096e-01 5.14704704e-01 9.07866955e-01 9.66339350e-01
    3.85862827e-01 7.87463725e-01 2.27514356e-01 6.87366009e-01
    6.44880354e-01 5.31655908e-01 8.11705351e-01 6.43514872e-01
    9.34945822e-01 4.98083949e-01 5.94896793e-01 6.26400471e-01
    3.24042201e-01 9.72990036e-01 3.13304305e-01 7.17986226e-01
    2.58859992e-03 7.38152325e-01 9.50717807e-01 5.49260318e-01
    9.75849032e-01 9.33519185e-01 1.19604677e-01 7.81843066e-03
    5.85906208e-02 6.49774075e-02 4.51931477e-01 4.45759624e-01
    7.70743370e-01 3.74737501e-01 5.77084482e-01 5.16615808e-02
    7.19381213e-01 5.10461330e-01 3.57562542e-01 3.25091928e-01
    2.26793796e-01 6.70014977e-01 1.35348856e-01 5.10149062e-01
    5.25561690e-01 6.78021312e-01 2.26012558e-01 3.18850994e-01
    6.46853328e-01 9.96207237e-01 7.48177469e-02 3.02020788e-01
    4.11516935e-01 4.36257482e-01 5.17564058e-01 8.02999496e-01
    9.65970695e-01 1.50951087e-01 3.06394041e-01 5.37396073e-02
    4.99515176e-01 1.39975041e-01 9.57991958e-01 6.14695609e-01
    3.89318764e-02 2.53097117e-01 1.11610949e-01 7.29136944e-01
    5.77298999e-01 8.29765558e-01 5.12673378e-01 1.56149298e-01
    1.10928446e-01 9.80885863e-01 6.95898473e-01 9.42556560e-02
    3.36946189e-01 5.34013987e-01 9.86218989e-01 9.87149715e-01
    1.99830770e-01 3.99346352e-02 6.45591199e-01 4.16030139e-01
    1.68520868e-01 2.71233916e-02 6.02194667e-01 3.55440378e-02
    3.83379787e-01 6.09413505e-01 8.86375785e-01 6.91075444e-01
    4.89659309e-01 1.03403121e-01 7.93221891e-01 5.32543600e-01
    9.89889801e-01 8.01469803e-01 4.94461626e-01 1.95484459e-01
    9.70446348e-01 9.69134092e-01 5.13597608e-01 5.30100226e-01
    1.91442162e-01 5.33727109e-01 7.27407098e-01 1.19774610e-01
    3.34026754e-01 2.30243117e-01 4.27325010e-01 7.67676234e-01
    6.74549699e-01 1.40846133e-01 9.63819146e-01 2.56140620e-01
    1.80318177e-01 7.26284981e-01 5.16721010e-01 5.94873548e-01
    2.33957261e-01 8.39275360e-01 4.18260515e-01 6.12374544e-01
    5.64847410e-01 8.74337018e-01 9.59914863e-01 8.28779042e-01
    5.30977428e-01 5.32320142e-01 3.74388158e-01 9.78421569e-01
    3.40394944e-01 8.46365571e-01 6.47257268e-02 1.89741135e-01
    1.41229331e-01 6.77126586e-01 1.17740810e-01 7.24599957e-01
    5.10895610e-01 8.35030138e-01 2.16815054e-01 4.98228282e-01
    1.39492184e-01 5.01921594e-01 3.21516514e-01 3.54919851e-01
    2.63516486e-01 6.86389506e-01 2.28197157e-01 7.25214481e-01
    7.31375217e-01 2.67055333e-02 1.92925632e-01 5.01211405e-01
    1.62163496e-01 5.37758291e-01 3.86311591e-01 7.55119324e-02
    2.29185551e-01 6.47175431e-01 5.86783290e-02 9.49105620e-02
    2.46302307e-01 4.52031553e-01 1.99585557e-01 7.82674313e-01
    9.49536264e-02 4.20338303e-01 7.88715005e-01 5.92054844e-01
    4.40561354e-01 6.27561271e-01 8.87420177e-01 5.81344128e-01
    3.64512712e-01 2.17490226e-01 2.70402670e-01 8.45397592e-01
    1.46693587e-02 9.88683701e-01 8.64713073e-01 8.73351336e-01
    2.13030100e-01 9.98874903e-02 8.29938889e-01 5.00032604e-02
    7.97717571e-01 4.50062901e-01 3.20001215e-01 3.25116992e-01
    6.09082639e-01 1.35786921e-01 1.01293892e-01 2.40480751e-01
    6.71868145e-01 5.53752005e-01 8.12000036e-01 4.05488610e-02
    5.19965887e-02 9.24706936e-01 3.43390942e-01 9.57390606e-01
    1.52078271e-01 8.76052260e-01 8.27191234e-01 8.60347390e-01
    6.23132229e-01 9.99469161e-01 9.97336388e-01 6.49554610e-01
    4.11369383e-01 2.50464499e-01 6.81251407e-01 6.56104088e-01
    3.10613692e-01 3.99389148e-01 9.56625581e-01 5.01471400e-01
    1.08348519e-01 4.05018657e-01 9.74949718e-01 2.37418801e-01
    1.83334947e-02 2.73129821e-01 7.23311245e-01 2.23552734e-01
    8.94858718e-01 9.16227102e-02 2.83015728e-01 3.00453514e-01
    6.59795940e-01 6.19227409e-01 1.02124006e-01 5.27604163e-01
    9.01830196e-01 1.83145970e-01 3.50360632e-01 7.60901809e-01
    4.77438867e-01 5.38300335e-01 3.17414343e-01 2.60295451e-01
    2.60012835e-01 7.00484097e-01 4.23032165e-01 9.15308118e-01
    3.81303489e-01 5.41222870e-01 4.20635939e-03 6.03152394e-01
    6.17426515e-01 6.09923661e-01 7.00022340e-01 9.31403041e-01
    2.52144814e-01 5.69887757e-01 3.16471487e-01 1.29145622e-01
    7.80656338e-01 4.70963269e-01 5.60882747e-01 5.60086191e-01
    9.56007123e-01 2.29806602e-02 2.26613045e-01 9.38283920e-01
    4.41514194e-01 8.72130990e-01 5.22269905e-01 6.50504231e-02
    6.62388206e-02 1.60036683e-01 1.63253248e-02 5.30848861e-01
    2.39512920e-02 3.92978817e-01 1.81486309e-02 8.41905653e-01
    4.36763942e-01 1.10201210e-01 6.17151201e-01 2.29243040e-01
    2.00049639e-01 4.78796780e-01 7.51078188e-01 5.42946100e-01
    2.37360477e-01 1.05305403e-01 2.83014119e-01 2.93941379e-01
    9.10991192e-01 6.71748817e-01 5.90999305e-01 6.61645532e-02
    2.75401711e-01 5.10866940e-01 3.29725504e-01 9.03630555e-01
    5.37204742e-01 5.34099460e-01 1.55754060e-01 2.01273799e-01
    3.86553258e-01 2.69459486e-02 5.72508991e-01 8.72278750e-01
    9.46533680e-01 6.65964663e-01 4.82437760e-01 6.07151866e-01
    6.48286104e-01 2.03954220e-01 4.15900469e-01 1.66502386e-01
    1.29084349e-01 4.60716993e-01 7.95017123e-01 6.76713109e-01
    4.49858397e-01 6.99637175e-01 4.17111576e-01 9.76080179e-01
    7.74500906e-01 8.51510286e-01 3.77191573e-01 7.80230463e-02
    1.78288370e-01 7.63454080e-01 8.77027512e-01 3.11221421e-01
    2.81366706e-01 3.94871622e-01 9.68811929e-01 6.20328009e-01
    4.87380117e-01 8.42221141e-01 1.94330066e-01 8.77722502e-01
    2.53857493e-01 9.56000388e-01 2.60803908e-01 9.22010660e-01
    7.59148359e-01 8.67084026e-01 7.96272993e-01 1.07411355e-01
    3.24796885e-01 1.87553585e-01 6.20270371e-01 2.93774694e-01
    8.40361476e-01 9.09332991e-01 8.94032180e-01 4.03605759e-01
    6.87080383e-01 6.58038378e-01 3.20750773e-01 2.53431380e-01
    6.19767308e-01 3.60431373e-01 3.91574562e-01 4.10046309e-01
    6.06695771e-01 9.08224940e-01 2.64491171e-01 4.56361115e-01
    4.13645089e-01 6.21397436e-01 4.45041925e-01 3.40647399e-01
    7.57144392e-01 3.43397856e-02 5.29892325e-01 8.19112957e-02
    4.67596471e-01 2.47223347e-01 9.31174636e-01 5.98486841e-01
    3.92350286e-01 4.59786296e-01 7.31050253e-01 7.96089053e-01
    5.63743532e-01 3.76228511e-01 6.36537373e-01 9.83092010e-01
    5.97559214e-01 1.77918762e-01 3.54054570e-01 2.78912127e-01
    9.08480167e-01 6.52928650e-02 5.98137379e-02 8.24538708e-01
    1.55961752e-01 3.52602899e-01 2.31677592e-01 9.64782238e-02
    6.73613429e-01 8.95178914e-01 5.74423254e-01 9.15108025e-01
    1.03587776e-01 5.57181478e-01 7.09202588e-01 2.20867395e-02
    2.88204402e-01 2.52006114e-01 1.01185769e-01 5.92115998e-01
    2.99736798e-01 1.78042591e-01 4.01999176e-01 8.06252599e-01
    3.54319513e-02 7.48139858e-01 3.24666947e-01 6.10034466e-02
    3.92314017e-01 6.65969431e-01 6.61214709e-01 4.73089546e-01
    9.23905432e-01 5.16632497e-02 2.63187140e-01 3.72206986e-01
    6.20380223e-01 5.36243796e-01 9.48871017e-01 7.99449921e-01
    7.40726292e-01 5.99802494e-01 1.60464644e-02 5.29384613e-02
    1.00380003e-01 3.01419914e-01 2.58097947e-02 3.73547077e-01
    9.27916408e-01 1.87537193e-01 8.41882706e-01 4.84422714e-01
    3.37964684e-01 2.55233496e-01 6.67780459e-01 9.39941883e-01
    4.91322964e-01 1.90385163e-01 4.72325504e-01 1.18448198e-01
    1.32689863e-01 9.50344205e-01 3.34349871e-02 9.52056170e-01
    9.08184052e-03 1.93547785e-01 2.89589643e-01 1.22417688e-01
    9.73960996e-01 9.93021488e-01 4.01788145e-01 3.14562529e-01
    3.76794934e-01 3.86231393e-01 2.81080663e-01 1.81094676e-01
    2.12186933e-01 3.83448184e-01 3.93266171e-01 7.03008473e-02
    4.79537278e-01 5.31572640e-01 2.61371195e-01 2.42115170e-01
    7.67604232e-01 1.16939932e-01 8.07644188e-01 8.33076835e-01
    4.82490003e-01 7.34390616e-01 6.10426486e-01 3.35058212e-01
    2.97996610e-01 2.21577585e-01 6.84169292e-01 7.55131721e-01
    8.52624297e-01 3.38156700e-01 8.99866223e-02 6.89365745e-01
    1.44660294e-01 1.03514910e-01 8.71399403e-01 9.41073179e-01
    9.62495446e-01 1.90095365e-01 1.96350873e-01 1.93528175e-01
    4.62060004e-01 4.38365132e-01 6.09641910e-01 4.32154745e-01
    1.99929148e-01 4.45620418e-01 3.23265195e-02 5.39745867e-01
    7.42858529e-01 4.35225070e-01 9.23842311e-01 7.71671295e-01
    7.05205381e-01 6.76947534e-01 8.88934731e-01 6.60426557e-01
    8.53101075e-01 5.24268746e-02 4.46116537e-01 3.43366534e-01
    2.52476990e-01 8.72520089e-01 9.78057206e-01 1.51047021e-01
    7.17844248e-01 4.42556202e-01 3.19335997e-01 6.50067568e-01
    2.20283926e-01 2.79938042e-01 2.22327322e-01 1.04491055e-01
    2.14839846e-01 9.25649226e-01 8.83538127e-01 8.30745995e-02
    1.67247027e-01 7.71118343e-01 4.55058277e-01 7.25296974e-01
    7.85382211e-01 6.94705486e-01 7.56160498e-01 2.80291557e-01
    9.53251779e-01 3.82441789e-01 7.57613361e-01 9.28582191e-01
    4.30579603e-01 8.63921344e-02 2.93280423e-01 2.61823833e-02
    9.02703047e-01 7.82750249e-02 8.03277314e-01 8.70997667e-01
    3.07110846e-02 6.63272977e-01 4.23637480e-01 5.53256750e-01
    2.20286995e-01 9.67329621e-01 8.25695872e-01 6.71408176e-01
    4.82220352e-02 4.89056110e-01 2.33902693e-01 4.77607101e-01
    3.77469748e-01 2.56869167e-01 9.36480403e-01 5.60919046e-01
    2.27557451e-01 3.04375499e-01 1.95155233e-01 5.32426596e-01
    5.58864176e-02 1.05120242e-01 9.83441591e-01 2.58417785e-01
    8.52223396e-01 1.35042816e-01 8.73280525e-01 5.66743076e-01
    7.70650029e-01 3.49003911e-01 2.53522873e-01 4.49578404e-01
    1.48554444e-02 2.02928454e-01 5.53806067e-01 9.34965491e-01
    7.21711695e-01 5.96055210e-01 9.86543596e-01 8.96298528e-01
    5.86065710e-01 4.92700845e-01 5.79814196e-01 8.84105504e-01
    5.77586353e-01 7.75767207e-01 8.91152263e-01 8.02828789e-01
    9.74418819e-02 6.84254766e-01 8.51690650e-01 3.00711393e-01
    3.84623110e-01 3.29436302e-01 8.57491493e-01 9.59453583e-02
    4.49816048e-01 5.15956163e-01 8.44532371e-01 9.25578237e-01
    7.81682968e-01 3.30336094e-01 4.49822187e-01 2.76175320e-01
    3.65397573e-01 6.79854572e-01 9.61474299e-01 9.75185156e-01
    4.20292199e-01 4.22677219e-01 9.61299837e-02 4.37458098e-01
    5.98765850e-01 2.52588093e-01 7.44687021e-01 8.77276957e-02
    6.51401997e-01 6.15262866e-01 5.33871353e-01 4.32592034e-01
    5.28205574e-01 9.48739946e-01 5.83550990e-01 4.52757448e-01
    7.09821045e-01 9.82331336e-02 5.19038737e-01 4.95955169e-01
    8.57751131e-01 3.46302390e-02 1.45886928e-01 1.74803317e-01
    4.59743112e-01 9.49264288e-01 5.21027148e-01 5.43349326e-01
    1.79664135e-01 2.16531426e-01 9.06354427e-01 1.79025620e-01
    8.57413530e-01 5.94929934e-01 3.13438088e-01 9.80925918e-01
    1.01116061e-01 2.08143175e-01 7.09061384e-01 9.84986603e-01
    9.77440238e-01 7.53341317e-01 1.60424054e-01 4.43336457e-01
    6.58597112e-01 7.41668105e-01 2.02396214e-01 9.34949279e-01
    1.22573256e-01 4.86681134e-01 3.32708120e-01 9.72786248e-01
    8.78788352e-01 3.16683471e-01 3.37914109e-01 1.51174009e-01
    6.50417507e-01 8.05200636e-01 1.42862231e-01 7.78061152e-01
    2.53237218e-01 7.63264775e-01 5.54998517e-01 4.26679790e-01
    1.22231871e-01 3.51835102e-01 4.64953631e-01 1.62354469e-01
    3.14770460e-01 8.23020220e-01 1.49205834e-01 5.05007207e-01
    7.99066305e-01 5.65167665e-02 6.66406989e-01 4.29605514e-01
    3.17046195e-01 9.45285559e-01 9.49115217e-01 7.27838635e-01
    3.33952606e-01 6.16283000e-01 1.95007145e-01 1.47546202e-01
    5.95766306e-03 4.42029357e-01 7.46551275e-01 1.27434164e-01
    3.50253820e-01 6.92610621e-01 1.04923517e-01 6.53238416e-01
    3.39609802e-01 3.79239976e-01 1.09005749e-01 5.93496501e-01
    6.00080907e-01 8.59363437e-01 8.52608800e-01 3.37825090e-01
    1.15115434e-01 1.12017334e-01 4.03267324e-01 9.03183222e-02
    1.30386740e-01 4.66505766e-01 8.22931528e-03 8.35193872e-01
    3.26843381e-01 4.30774391e-02 3.90561521e-01 4.44904298e-01
    3.06086600e-01 2.52273381e-01 2.27112949e-01 8.53766978e-01
    3.60777527e-01 4.32915092e-01 1.99576855e-01 2.80033171e-01
    6.51650608e-01 8.97840738e-01 9.42287087e-01 8.57616067e-01
    6.67805612e-01 2.85255611e-01 3.32330644e-01 3.02869081e-01
    6.02721572e-01 6.89390004e-02 7.39497066e-01 5.06584823e-01
    7.39137828e-02 9.23521638e-01 1.26890272e-01 3.57003808e-02
    2.70499647e-01 5.83626270e-01 6.65661693e-03 5.84900558e-01
    7.19998538e-01 7.73679197e-01 1.82353377e-01 9.42650914e-01
    5.99844456e-02 7.54717588e-01 5.83873034e-01 9.83394384e-01
    9.80929375e-01 6.60969496e-01 4.05561656e-01 1.92745388e-01
    3.85057807e-01 7.34545052e-01 4.83703434e-01 9.27169800e-01
    9.76916194e-01 3.58065277e-01 9.00016010e-01 6.69057369e-01
    7.05650449e-03 9.71929371e-01 1.45418763e-01 5.74007452e-01
    5.61362386e-01 5.88743210e-01 8.89822483e-01 6.46857321e-01
    7.44408906e-01 5.68576515e-01 6.72947884e-01 7.78960943e-01
    6.13843083e-01 9.48200166e-01 8.11599135e-01 9.07579303e-01
    5.25991440e-01 5.70438743e-01 6.24697089e-01 4.29302037e-01
    3.52316141e-01 9.07190323e-01 4.21251595e-01 1.70338154e-01
    5.93778670e-01 4.86351609e-01 5.11912346e-01 7.03083515e-01
    6.35707736e-01 9.78366435e-02 9.54975724e-01 5.96439242e-01
    4.43447530e-02 5.61226726e-01 7.13074505e-02 8.32354367e-01
    9.64182913e-02 7.42880583e-01 3.18335712e-01 8.18455398e-01
    9.29314077e-01 5.56410074e-01 8.53034019e-01 4.90160882e-01
    6.75218523e-01 7.92150378e-01 2.86242425e-01 5.88750184e-01
    7.15949655e-01 9.15502131e-01 1.62602276e-01 1.37703449e-01
    2.80883014e-01 3.98168206e-01 6.84172571e-01 6.34622574e-02
    4.86755103e-01 6.72898293e-02 2.52892971e-01 7.58990288e-01
    4.54738170e-01 7.08803117e-01 7.44804084e-01 9.48079824e-01
    7.78566122e-01 2.85762846e-01 4.31915820e-02 9.55760479e-05
    9.39506471e-01 6.98574603e-01 2.04932600e-01 2.31960744e-01
    2.28950888e-01 3.12581182e-01 2.95291513e-01 5.02320528e-01
    1.17931098e-01 7.31114030e-01 1.57634199e-01 3.86461675e-01
    1.15638256e-01 8.74060035e-01 5.07683635e-01 1.05934143e-02
    5.68996489e-01 9.77618754e-01 4.99568880e-02 2.73978859e-01
    9.43278611e-01 7.69585729e-01 2.12658554e-01 8.56535554e-01
    3.82788301e-01 5.60668707e-02 1.60089374e-01 2.23030061e-01
    7.66298115e-01 1.80730909e-01 9.13663507e-01 1.27912462e-02
    4.81315166e-01 6.14111900e-01 7.23362327e-01 6.60816550e-01
    9.82480168e-01 4.71600771e-01 8.64096522e-01 9.03226912e-01
    3.06848884e-01 7.09637463e-01 9.09488201e-01 7.70189762e-01
    7.35043287e-02 4.48493063e-02 5.45641661e-01 9.01722431e-01
    2.00418979e-01 1.11588717e-01 5.93278944e-01 2.74915695e-02
    8.03076625e-01 9.52798605e-01 1.23878419e-02 8.78264666e-01
    7.75463581e-02 1.71593338e-01 1.15215331e-01 1.49390221e-01
    6.32517636e-01 1.90685272e-01 5.42511344e-01 1.16888672e-01
    8.31461489e-01 3.80283922e-01 9.91933167e-01 1.69737786e-01
    2.36898959e-02 4.72048521e-01 2.13388503e-01 3.77702028e-01
    7.65791059e-01 7.42624462e-01 3.40005636e-01 3.56925398e-01
    9.32270408e-01 6.13331318e-01 9.51319218e-01 8.53176236e-01
    8.11837912e-02 8.51991177e-01 9.58445787e-01 4.20619577e-01
    1.66077524e-01 3.87826324e-01 3.95262241e-02 6.62624657e-01
    8.72246504e-01 5.02924919e-01 2.12745726e-01 8.10393572e-01
    4.68381345e-02 1.85970157e-01 6.62233770e-01 6.42175436e-01
    7.01381624e-01 5.93931437e-01 2.83070326e-01 1.97352350e-01
    8.74193311e-02 6.20874345e-01 9.02856886e-02 7.15115964e-01
    3.05273294e-01 2.46699065e-01 4.15857732e-01 3.73031974e-01
    6.85731769e-01 9.54364657e-01 4.45201665e-01 9.42012846e-01
    5.55635333e-01 4.95330274e-01 7.60511875e-01 6.96817040e-01
    2.15132236e-02 6.41396344e-02 5.42966425e-02 3.78607213e-01
    9.84798908e-01 1.61602050e-01 4.79743093e-01 6.90905571e-01
    1.77589029e-01 9.66446400e-01 7.73980319e-02 2.44896084e-01
    3.00077677e-01 7.43392825e-01 1.26072049e-01 5.30742586e-01
    4.43962514e-02 5.49341500e-01 2.44088918e-01 2.43883133e-02
    4.91945565e-01 3.57403249e-01 3.41938108e-01 4.94465053e-01
    1.67515367e-01 8.27042818e-01 6.98134601e-01 2.43728131e-01
    6.60081148e-01 2.42113471e-02 9.08945501e-01 2.63647139e-02
    8.02184343e-01 5.21348894e-01 4.28576082e-01 7.91678071e-01
    7.51436353e-01 2.47680932e-01 6.97442591e-02 2.65755832e-01
    1.79412961e-02 9.15498137e-02 7.33579278e-01 8.89084220e-01
    7.14608908e-01 5.53020895e-01 6.09132528e-01 9.94486570e-01
    6.65271997e-01 9.29930031e-01 2.48434216e-01 3.22313249e-01
    3.29884052e-01 4.70460147e-01 3.00885648e-01 9.86998379e-02
    5.96159160e-01 2.33738542e-01 7.30697215e-02 7.18020558e-01
    4.17701006e-01 8.30626726e-01 5.39808750e-01 2.25415796e-01
    8.30791950e-01 6.83362067e-01 7.00065494e-01 6.93239927e-01
    9.26580667e-01 5.53132951e-01 8.55776191e-01 5.29178977e-01
    3.01310599e-01 1.82701647e-01 8.15777302e-01 2.64708519e-01
    2.28607178e-01 7.60579705e-02 5.38769364e-01 1.19687587e-01
    7.18099475e-02 9.30037558e-01 8.38831007e-01 4.61570323e-02
    8.62548709e-01 7.48142362e-01 9.79718924e-01 6.76844537e-01
    9.61978674e-01 2.29762286e-01 2.73220181e-01 7.49036670e-01
    7.75977194e-01 5.23123801e-01 1.28267378e-01 7.03035891e-02
    3.40514541e-01 8.14727485e-01 9.28182065e-01 3.74391884e-01
    7.18478441e-01 2.93101728e-01 7.98477232e-02 9.69012082e-01
    4.39209580e-01 9.53751802e-01 8.50029349e-01 6.85166597e-01
    9.31459546e-01 2.78124809e-02 5.68596840e-01 1.90047920e-02
    9.31285322e-02 4.40101624e-02 6.89106047e-01 2.53620118e-01
    1.10277116e-01 6.74297333e-01 8.13591480e-02 7.07712710e-01
    1.22107953e-01 9.44481254e-01 2.17944652e-01 8.45615387e-01
    6.75385177e-01 3.19862723e-01 9.62267518e-01 5.66613019e-01
    5.53291023e-01 6.13328516e-01 6.41750395e-02 8.87904584e-01
    2.58009732e-01 9.02250409e-01 6.33585930e-01 4.67154384e-02
    4.71107841e-01 2.93881923e-01 4.62017655e-02 9.50317621e-01
    5.46698213e-01 1.31567895e-01 9.07991409e-01 8.07289600e-01
    7.15353549e-01 1.38571858e-02 6.94480896e-01 2.00569630e-04
    4.86294091e-01 4.51091200e-01 6.98216915e-01 1.25115454e-01
    7.03779936e-01 4.28462744e-01 7.84347892e-01 3.26877385e-01
    9.80527103e-01 6.32249951e-01 5.80126524e-01 3.45648855e-01
    2.72774190e-01 7.94528842e-01 7.80132532e-01 5.33825994e-01
    4.38970566e-01 7.55625606e-01 2.80059874e-02 4.29307073e-01
    1.52559519e-01 1.03833944e-01 4.56518143e-01 8.15398693e-01
    8.37007701e-01 3.98250371e-01 6.98316097e-01 9.04838204e-01
    4.11548018e-01 7.22850680e-01 4.77599204e-01 7.72743464e-01
    8.00269961e-01 3.00085843e-01 7.79869676e-01 8.07616949e-01
    6.51568890e-01 9.10085082e-01 1.35823339e-01 4.66500223e-01
    8.02539170e-01 8.46999764e-01 6.00413203e-01 9.88068759e-01
    8.90279531e-01 4.28711891e-01 2.56786287e-01 3.87301743e-01
    5.61836720e-01 7.87446618e-01 6.67309046e-01 7.84299374e-01
    2.75250793e-01 2.39861786e-01 7.09920645e-01 5.52841604e-01
    8.70749295e-01 8.38271976e-01 4.00862098e-01 6.43618762e-01
    1.74569219e-01 1.39451265e-01 5.10750294e-01 2.42632538e-01
    1.90254927e-01 8.80536497e-01 8.68733406e-01 2.76104212e-02
    3.39582324e-01 8.09032917e-01 1.19550467e-01 8.70078564e-01
    3.89291674e-01 1.17244899e-01 6.79993927e-02 3.88096750e-01
    2.95863390e-01 6.13737762e-01 8.55593681e-02 1.49623483e-01
    6.66360378e-01 5.59030592e-01 6.62609935e-03 7.28744924e-01
    5.25392532e-01 3.06899011e-01 3.38762611e-01 1.95394695e-01
    5.30703485e-01 8.61787200e-01 2.74548709e-01 9.26185012e-01
    7.84278631e-01 4.26335096e-01 9.59856927e-01 8.14500809e-01
    3.70939612e-01 8.15127730e-01 8.94907415e-01 5.67535460e-01
    6.36410177e-01 2.04234809e-01 8.23065639e-01 5.60912967e-01
    1.34415805e-01 2.43461013e-01 5.60622394e-01 7.98977613e-01
    7.38830686e-01 5.65031528e-01 9.70503151e-01 6.32140696e-01
    1.06182933e-01 3.34117234e-01 8.14017057e-02 3.18526208e-01
    5.80374062e-01 8.62328768e-01 1.83904529e-01 2.74960637e-01
    6.18165612e-01 4.08215016e-01 1.09284520e-01 1.26266241e-01
    3.99501443e-01 5.38829863e-01 9.01624560e-02 8.34087491e-01
    1.46926910e-01 6.46025062e-01 7.92612731e-02 5.47941446e-01
    4.66544658e-01 4.32687998e-03 3.08440566e-01 9.42208409e-01
    2.11925179e-01 4.90423620e-01 2.23002106e-01 1.97975338e-02
    1.76594436e-01 1.70201033e-01 3.75908732e-01 6.75841868e-02
    6.36599064e-02 3.41250658e-01 9.43463147e-02 2.64409602e-01
    1.42955780e-03 7.67818987e-01 3.40018064e-01 4.61234331e-01
    8.61991942e-02 2.49690443e-01 2.06760913e-01 8.00451517e-01
    4.70109403e-01 6.34263396e-01 4.85086262e-01 5.67967892e-01
    9.48824584e-02 4.19722348e-01 5.84683716e-01 7.90601790e-01
    3.85135114e-01 3.94700915e-01 3.83056730e-01 2.96258628e-02
    7.13378608e-01 5.40085733e-01 7.60275364e-01 7.26900458e-01
    5.79721332e-02 4.88016546e-01 2.18716741e-01 1.78529769e-01
    7.89512873e-01 7.37080455e-01 4.75811958e-03 8.13020706e-01
    3.93752456e-02 6.21021986e-01 7.87160277e-01 1.11316919e-01
    8.11729074e-01 5.76044500e-01 7.49162734e-01 4.80253786e-01
    1.94265217e-01 1.95082366e-01 9.70842004e-01 9.33235288e-01
    7.07722902e-01 1.66837096e-01 6.25109673e-01 3.24227512e-01
    5.34651518e-01 4.46116298e-01 4.86789644e-01 8.33917737e-01
    5.92858315e-01 3.50085258e-01 9.17763948e-01 1.61332130e-01
    2.56780088e-01 7.42745697e-02 7.06019163e-01 9.97023880e-02
    4.91907597e-01 2.49827772e-01 7.81200886e-01 5.61558187e-01
    1.14081860e-01 1.57682896e-01 5.34946382e-01 4.59595680e-01
    6.04687274e-01 1.53813958e-02 8.86450887e-01 4.03456718e-01
    2.72301316e-01 7.48464346e-01 6.09318733e-01 7.31540799e-01
    2.41433144e-01 3.96718919e-01 2.80575573e-01 7.42515504e-01
    3.39789748e-01 6.50092185e-01 2.25085020e-01 6.72279179e-01
    7.79071212e-01 6.45420969e-01 4.57524896e-01 9.65840042e-01
    5.28702140e-03 5.79475641e-01 4.41874504e-01 8.41967046e-01
    8.80773365e-01 7.85673320e-01 5.73423088e-01 3.63651186e-01
    8.12152863e-01 5.01355052e-01 4.57653135e-01 1.85495824e-01
    1.04144275e-01 3.40217590e-01 1.30859286e-01 8.74426603e-01
    2.35091358e-01 3.49283874e-01 6.71513975e-02 4.51394975e-01
    9.66879129e-01 8.87722850e-01 3.30859423e-02 8.85698676e-01
    1.29141182e-01 4.31165993e-01 9.44653988e-01 3.13755214e-01
    9.43208456e-01 4.67960775e-01 8.67282510e-01 3.98495138e-01
    9.71709490e-01 9.60872889e-01 4.34893817e-01 2.82634676e-01
    2.70153821e-01 5.75381517e-03 6.60423577e-01 4.65670913e-01
    7.75699496e-01 9.92583811e-01 5.00505924e-01 4.36640263e-01
    5.11639237e-01 4.90980476e-01 9.13782477e-01 7.47808933e-01
    6.52671874e-01 6.63527191e-01 8.49964738e-01 8.12908053e-01
    9.77784634e-01 4.28997278e-01 4.48924690e-01 7.26960063e-01
    2.85733044e-02 2.89277792e-01 7.98755348e-01 7.31489599e-01
    5.68011403e-03 5.51239669e-01 7.99694657e-01 5.34137189e-02
    7.14535713e-01 1.11056596e-01 4.78028059e-01 5.76076627e-01
    8.87315154e-01 4.00878698e-01 2.86434174e-01 2.63807476e-02
    8.04260314e-01 1.99977845e-01 9.97149646e-02 6.69797540e-01
    2.02775836e-01 7.39320219e-02 6.35895729e-02 4.16476369e-01
    3.00058722e-01 9.90368962e-01 7.42576599e-01 3.54006886e-03
    2.48454392e-01 5.40418088e-01 2.31273770e-01 8.14190030e-01
    6.24514937e-01 9.21658397e-01 1.62842721e-01 6.50331736e-01
    7.83511341e-01 3.42422694e-01 5.12753010e-01 8.75472188e-01
    4.22843933e-01 8.86161923e-02 9.59237576e-01 8.93679380e-01
    5.15478611e-01 7.38514006e-01 3.72591794e-01 9.52752948e-01
    6.32049918e-01 5.89591324e-01 5.88349640e-01 7.39342690e-01
    3.76954019e-01 9.57962811e-01 6.76824808e-01 9.23071980e-01
    8.96135092e-01 4.73906904e-01 4.96711552e-01 4.68100369e-01
    6.29301131e-01 5.35373867e-01 1.33425623e-01 3.39444876e-02
    7.48360336e-01 6.37953520e-01 9.13793623e-01 4.95955616e-01
    6.73061907e-02 9.87115741e-01 6.27488554e-01 8.27228487e-01
    7.69430161e-01 6.04693294e-02 3.38334709e-01 6.03133440e-03
    6.35827839e-01 1.32584751e-01 1.94374591e-01 6.36345923e-01
    4.66639727e-01 5.04499912e-01 9.55003381e-01 3.01447511e-01
    9.48558331e-01 8.25154305e-01 7.34121680e-01 5.63402891e-01
    9.80543017e-01 7.62830496e-01 3.85910273e-03 9.98971105e-01
    9.54809546e-01 9.65942383e-01 5.36394536e-01 5.43045700e-02
    9.80000973e-01 9.99821782e-01 9.57723618e-01 3.98503184e-01
    3.94566000e-01 6.71637416e-01 2.84912705e-01 5.93466640e-01
    5.07257700e-01 6.87187552e-01 8.27810287e-01 3.94564569e-01
    8.72211695e-01 5.85123599e-01 5.53371012e-01 1.85681313e-01
    1.54955387e-02 9.78856981e-02 2.52227962e-01 2.61387825e-01
    3.86126101e-01 4.73503381e-01 4.15033847e-01 4.66331691e-01
    3.21538448e-02 7.33435512e-01 9.28332806e-02 4.07302767e-01
    4.30480510e-01 8.46793890e-01 1.66153669e-01 4.79832679e-01
    5.82308769e-02 3.73466104e-01 1.95000648e-01 1.64067864e-01
    1.59591615e-01 7.60384798e-01 3.56994271e-01 4.18510556e-01
    7.84962296e-01 7.78628230e-01 1.36634558e-01 9.70736504e-01
    5.57205200e-01 7.91368961e-01 5.51882029e-01 9.66688991e-01
    7.38326788e-01 5.34510136e-01 9.56661820e-01 4.45526004e-01
    5.29593945e-01 6.39077783e-01 8.97608101e-02 5.05132854e-01
    6.34127975e-01 1.09976470e-01 6.69591069e-01 7.82336771e-01
    2.40668058e-01 2.79479355e-01 7.05225170e-01 4.97361183e-01
    2.16473073e-01 8.23817849e-02 2.09509760e-01 7.73551702e-01
    3.60457629e-01 9.14185286e-01 5.38584590e-01 7.50715256e-01
    8.38761210e-01 6.85922980e-01 5.72643459e-01 2.29902804e-01
    3.80784869e-01 6.17844701e-01 4.05696809e-01 5.93851626e-01
    3.93392175e-01 3.18890512e-01 3.24902534e-02 1.64404452e-01
    1.96963638e-01 8.83449435e-01 4.86691952e-01 1.00356907e-01
    4.43338662e-01 7.31449962e-01 2.43982822e-01 1.61314279e-01
    9.91473615e-01 4.98483092e-01 8.56831968e-01 6.02438569e-01
    5.51784456e-01 8.47158909e-01 6.13925636e-01 9.17595983e-01
    2.84458995e-02 6.41816854e-01 7.40224123e-02 6.48487866e-01
    6.15796864e-01 2.77511418e-01 1.99989796e-01 3.25229406e-01
    9.60864246e-01 7.23574042e-01 3.72783840e-01 1.46093339e-01
    8.99484575e-01 5.45081079e-01 1.29572690e-01 2.12388873e-01
    2.19111800e-01 7.94034421e-01 7.23769724e-01 2.46852696e-01
    3.24973494e-01 1.57983750e-01 1.63460493e-01 5.43230176e-01
    6.88233674e-01 5.48507392e-01 3.39442372e-01 3.30035806e-01
    2.25096434e-01 2.05283761e-02 3.75074744e-02 9.02641058e-01
    2.19370157e-01 2.83150584e-01 3.26404780e-01 2.94628441e-01
    6.41270936e-01 6.39390290e-01 5.74593723e-01 6.05289102e-01
    7.08379984e-01 3.56456339e-01 1.24933809e-01 9.90623832e-02
    1.48295909e-01 3.79698962e-01 4.55448985e-01 8.21578860e-01
    7.88506031e-01 9.14426565e-01 1.73735589e-01 6.66084886e-03
    2.23620474e-01 6.32569492e-01 1.47702098e-02 6.70005620e-01
    9.31963801e-01 2.96214610e-01 2.15299368e-01 5.67811608e-01
    3.40499043e-01 4.07074362e-01 9.68879342e-01 4.57391441e-01
    9.22266722e-01 7.83851922e-01 9.36374664e-01 6.14764214e-01
    3.17452401e-01 1.29390270e-01 8.95162225e-01 8.06135058e-01
    9.34507251e-01 5.32837093e-01 9.68353033e-01 9.27337885e-01
    1.16185069e-01 4.69798744e-02 4.39192772e-01 3.86454850e-01
    1.57697350e-01 6.91861510e-01 5.59398949e-01 2.26706713e-01
    2.06936568e-01 1.05269909e-01 8.65319729e-01 9.02447820e-01
    7.99617648e-01 9.72226858e-01 6.48463845e-01 2.14803785e-01
    2.57800281e-01 8.92468929e-01 9.28539753e-01 1.96783245e-02
    1.98595673e-01 5.35815716e-01 4.56310958e-01 7.41133273e-01
    5.51038027e-01 8.33657265e-01 5.63564718e-01 9.90101218e-01
    1.14645749e-01 3.43526542e-01 6.25907898e-01 9.67699111e-01
    2.11063564e-01 8.39598358e-01 1.97654575e-01 5.01751363e-01
    9.79210973e-01 8.03970933e-01 8.93522501e-02 8.82086754e-01
    2.72205889e-01 1.32831335e-01 1.84844822e-01 3.58205825e-01
    8.92924845e-01 9.83902335e-01 9.75799799e-01 5.61419666e-01
    4.44219410e-01 3.36624205e-01 1.89553648e-01 7.82803595e-02
    3.32934141e-01 9.51030016e-01 4.17293131e-01 1.52041942e-01
    4.99652654e-01 3.05204362e-01 3.50174308e-01 3.51332188e-01
    9.43718314e-01 6.06125295e-01 4.44519430e-01 3.35511863e-01
    7.78974533e-01 7.04264641e-01 5.21533430e-01 1.00293607e-01
    3.98184150e-01 9.25077081e-01 3.96783233e-01 6.55033469e-01
    3.46385181e-01 7.67965317e-01 2.08269536e-01 8.53617907e-01
    3.53026032e-01 2.05907524e-02 3.38722229e-01 8.30945611e-01
    2.15031028e-01 2.77275622e-01 1.34700179e-01 8.36128950e-01
    7.83341646e-01 6.22205436e-01 4.00369078e-01 3.65069807e-02
    3.70364696e-01 9.39074397e-01 2.27125525e-01 1.89044535e-01
    2.36643702e-01 8.85772347e-01 5.22361577e-01 3.20011437e-01
    4.03900385e-01 9.83228207e-01 6.65457964e-01 8.08564842e-01
    2.64967859e-01 3.37505728e-01 3.32770914e-01 7.10242927e-01
    2.88236141e-01 4.64803904e-01 6.01531148e-01 8.15987825e-01
    7.54014134e-01 6.62551820e-01 9.92496908e-01 1.86826885e-02
    5.26103973e-02 4.97850001e-01 3.12412143e-01 2.30571508e-01
    5.25360465e-01 4.01028186e-01 9.58978415e-01 3.48647237e-02
    7.76895404e-01 3.35828871e-01 6.85469806e-01 9.05773640e-01
    1.23722523e-01 9.57039833e-01 3.33601236e-01 7.54361570e-01
    7.26383448e-01 6.89486623e-01 1.79205239e-01 4.41952944e-01
    6.10267222e-02 5.58513284e-01 3.30316335e-01 6.98122442e-01
    7.66773999e-01 9.43445146e-01 4.80360061e-01 4.40363288e-01
    6.97663546e-01 5.30567646e-01 7.26020813e-01 1.70329481e-01
    9.83259439e-01 2.40521103e-01 3.69002581e-01 1.68380231e-01
    8.47782850e-01 5.31257391e-02 3.66925299e-01 9.47578430e-01
    4.14419472e-01 5.85779905e-01 9.44637537e-01 1.00443989e-01
    6.15632534e-02 4.70079482e-01 8.93270731e-01 8.85444701e-01
    7.06536829e-01 4.83513981e-01 4.62329984e-01 5.33691049e-03
    1.85156047e-01 7.68788874e-01 1.82796717e-01 4.62704301e-02
    2.04648525e-01 3.02161843e-01 6.44646823e-01 2.84789592e-01
    6.22424841e-01 3.46788049e-01 3.59543800e-01 8.29331160e-01
    6.05105102e-01 7.79901624e-01 4.01712537e-01 9.01869297e-01
    3.40514004e-01 4.55235422e-01 6.75552368e-01 7.55514205e-02
    1.25333905e-01 4.51708168e-01 8.52282643e-01 9.26340938e-01
    4.61545885e-02 5.54010451e-01 5.14868915e-01 8.07342768e-01
    8.38379145e-01 5.92334807e-01 3.03543895e-01 3.88357282e-01
    9.26713228e-01 6.53039932e-01 8.90531659e-01 7.75663495e-01
    4.57502723e-01 1.96406275e-01 5.10137498e-01 3.72704864e-02
    2.63471514e-01 9.54756618e-01 7.99457908e-01 5.13051152e-02
    7.09561348e-01 4.11579132e-01 7.20710576e-01 7.68413007e-01
    8.81257415e-01 2.11448997e-01 1.94780320e-01 1.90109402e-01
    6.70001984e-01 1.51507705e-01 2.17799067e-01 6.05021119e-01
    8.28969955e-01 4.43227291e-01 7.88119197e-01 5.28733134e-01
    6.64027333e-01 2.34307587e-01 3.56605381e-01 1.35881931e-01
    8.40938509e-01 3.05091619e-01 9.73605871e-01 1.85376674e-01
    7.32325733e-01 1.47120148e-01 8.89636755e-01 6.53254032e-01
    4.27302778e-01 7.00093567e-01 6.42025769e-02 2.13454723e-01
    1.00907981e-02 9.32177067e-01 1.92508668e-01 7.63573050e-02
    2.47781366e-01 6.57755852e-01 6.41829073e-02 4.02194679e-01
    2.34474123e-01 4.23781186e-01 5.67926288e-01 2.98015893e-01
    7.88527012e-01 1.25659704e-02 2.92064905e-01 1.42660737e-03
    7.82456815e-01 3.88934851e-01 7.43811011e-01 7.74078012e-01
    8.06470871e-01 9.10978436e-01 9.94923174e-01 8.43379736e-01
    2.95385718e-01 9.92632747e-01 7.98932314e-01 1.89295977e-01
    7.97209024e-01 1.42032951e-01 5.71207881e-01 7.39857793e-01
    2.82912314e-01 6.64881349e-01 1.92690104e-01 4.35824692e-01
    2.65343487e-01 2.63422251e-01 1.36742085e-01 5.44835448e-01
    1.00043148e-01 9.85380530e-01 9.31220770e-01 5.39246619e-01
    6.43048882e-01 5.05443156e-01 1.09930784e-01 2.70404130e-01
    1.70810580e-01 7.51813710e-01 4.15020436e-01 5.10956943e-01
    1.99204594e-01 3.01621199e-01 7.39189982e-01 2.20845580e-01
    9.42301869e-01 6.71726346e-01 9.41178858e-01 6.79622173e-01
    8.93405437e-01 3.41418982e-01 6.50864601e-01 7.56389022e-01
    9.53569651e-01 2.62844145e-01 3.72404933e-01 5.50743222e-01
    1.62565708e-03 4.84791368e-01 2.62028784e-01 2.32318312e-01
    1.81985378e-01 2.18094647e-01 9.62512732e-01 6.94805384e-01
    5.53128064e-01 6.03964627e-01 5.19554019e-02 3.46414328e-01
    4.46346611e-01 9.60997224e-01 7.29556441e-01 6.51039004e-01
    3.53694081e-01 1.33356869e-01 6.30734563e-02 1.27585441e-01
    9.88414347e-01 3.18577111e-01 6.73634291e-01 7.42675185e-01
    5.42513728e-01 7.34051287e-01 2.06060410e-02 6.74688220e-02
    9.03663874e-01 3.30004632e-01 3.95965576e-01 4.95624691e-01
    8.94005716e-01 8.84791732e-01 7.73557425e-01 7.58423328e-01
    7.67473102e-01 8.61747086e-01 3.49195123e-01 6.90211177e-01
    3.18508446e-02 9.78812456e-01 7.08746850e-01 6.37722373e-01
    1.52520478e-01 4.86742884e-01 4.24248010e-01 8.42655897e-02
    7.84919381e-01 4.77750510e-01 9.52176571e-01 1.51071131e-01
    2.99851000e-02 9.87249494e-01 8.52780402e-01 7.70777822e-01
    1.09089911e-02 9.20030832e-01 7.37821937e-01 9.71705675e-01
    5.05107284e-01 2.37887502e-01 3.30489814e-01 4.34636474e-02
    9.01889801e-01 7.12309003e-01 7.56098509e-01 8.82384777e-01
    8.83026481e-01 3.25542152e-01 5.05649626e-01 5.68878710e-01
    4.64818805e-01 4.70753014e-01 1.01304531e-01 4.28343236e-01
    2.04398394e-01 9.60481763e-01 4.83071953e-01 1.07430011e-01
    6.44569516e-01 3.72933626e-01 5.84988594e-02 6.24866784e-01
    9.86002803e-01 7.37490356e-01 5.78970313e-01 5.31706750e-01
    7.42179990e-01 8.14293623e-01 8.79336238e-01 5.46190500e-01
    4.78441805e-01 2.61377931e-01 9.28359926e-01 6.60067737e-01
    9.43371296e-01 4.69861776e-01 8.88047159e-01 1.04854822e-01
    3.56234014e-01 1.58197165e-01 7.42020071e-01 3.70233059e-01
    8.98148715e-02 1.56580180e-01 6.36507869e-01 2.31912822e-01
    3.32805157e-01 7.35769570e-01 1.97839528e-01 3.57886791e-01
    7.52026439e-01 6.92232013e-01 8.86809707e-01 6.11423969e-01
    9.37319517e-01 2.12291181e-02 7.26229966e-01 4.57001030e-01
    1.48985684e-01 1.05654210e-01 3.34995002e-01 3.44574809e-01
    5.30025542e-01 9.31932688e-01 9.57171023e-02 4.42364216e-02
    7.21198916e-01 4.36697721e-01 6.28148139e-01 5.61243713e-01
    6.91375196e-01 2.26998389e-01 6.25088930e-01 5.18866658e-01
    9.31060135e-01 6.36055350e-01 3.48400831e-01 8.25673699e-01
    2.04437166e-01 8.97335052e-01 8.63708973e-01 7.53307998e-01
    2.70892501e-01 5.15044153e-01 4.04962003e-02 7.32500613e-01
    6.02064610e-01 1.12413585e-01 5.27322829e-01 4.86909509e-01
    5.73039055e-01 9.05216098e-01 4.62933302e-01 9.73228455e-01
    7.44719386e-01 6.59332991e-01 4.17074978e-01 2.99220085e-01
    8.23678493e-01 1.37614578e-01 2.57075161e-01 7.29479671e-01
    5.11486113e-01 4.69821244e-01 6.73236847e-01 2.83383965e-01
    9.01714206e-01 5.25021553e-02 5.20489931e-01 9.21338677e-01
    4.25072551e-01 9.91930246e-01 4.70863909e-01 6.44218802e-01
    3.62831116e-01 8.74099135e-01 2.67764777e-01 3.22654754e-01
    3.35061371e-01 3.55985641e-01 7.32669592e-01 8.08181524e-01
    2.82095551e-01 7.10771978e-01 5.85763037e-01 9.77445722e-01
    7.50184536e-01 2.89557040e-01 5.58731258e-01 9.85393167e-01
    2.88223505e-01 6.65331542e-01 2.08739430e-01 5.04912794e-01
    1.35723114e-01 2.73608685e-01 9.40690994e-01 4.39279675e-02
    3.18804383e-03 7.33511448e-01 6.96503997e-01 1.17802769e-01
    5.22429168e-01 9.32031453e-01 4.59960222e-01 7.96630263e-01
    2.81410456e-01 3.15852463e-02 5.26539445e-01 6.53937340e-01
    1.09068304e-01 1.76864833e-01 4.25849080e-01 4.29558158e-01
    5.74274778e-01 8.92264247e-01 9.27690387e-01 2.27424204e-01
    2.90552080e-01 2.32656866e-01 5.75569868e-01 6.33751154e-01
    2.04896927e-03 5.41615605e-01 1.80495381e-02 8.56924772e-01
    2.61806369e-01 6.56586885e-01 2.09075212e-02 9.85260606e-01
    4.00744557e-01 8.43609273e-01 5.79703748e-01 5.31512797e-01
    5.20855963e-01 9.88506317e-01 3.01494837e-01 5.20827830e-01
    2.57299960e-01 5.80492377e-01 2.96143204e-01 9.10611272e-01
    9.85587716e-01 3.94776374e-01 1.90950811e-01 8.78622055e-01
    7.68947899e-01 4.95595098e-01 5.62757552e-01 2.66053140e-01
    8.83374572e-01 4.09769922e-01 1.82304800e-01 9.52101350e-02
    2.23756939e-01 7.60753393e-01 5.21485806e-01 1.99576139e-01
    1.51731968e-01 1.62656814e-01 4.71226275e-02 5.88999569e-01
    3.42118293e-01 6.83770418e-01 5.98096251e-01 8.38689387e-01
    2.04224348e-01 6.23777628e-01 9.12310243e-01 1.23433053e-01
    9.24770117e-01 2.62261927e-01 7.41171479e-01 9.24899042e-01
    1.90576434e-01 9.37145948e-02 3.01691264e-01 3.31135243e-01
    8.17283094e-02 1.59230620e-01 7.88516045e-01 3.47616881e-01
    4.63719964e-02 1.07946992e-02 4.36375022e-01 1.34760618e-01
    7.90636659e-01 7.05036521e-03 2.83687413e-01 2.25605965e-02
    4.87137794e-01 3.80967885e-01 4.61544693e-02 5.89172840e-01
    1.89381659e-01 3.15964460e-01 8.72578979e-01 2.80320168e-01
    4.91901666e-01 3.25476527e-02 5.04549325e-01 3.42328429e-01
    6.83931887e-01 9.05911446e-01 3.15706968e-01 1.55550957e-01
    3.67756665e-01 8.84567976e-01 9.07619119e-01 3.61597240e-01
    9.70605612e-02 8.07934105e-01 3.44048142e-01 7.55481899e-01
    4.77863461e-01 3.47021043e-01 7.13496566e-01 1.35182440e-02
    3.84879947e-01 5.25161803e-01 8.89635205e-01 9.73791242e-01
    9.18784142e-01 9.16819215e-01 1.41809225e-01 2.80746222e-02
    9.22250152e-01 5.07079601e-01 1.34096384e-01 4.88223732e-01
    1.79377675e-01 9.61628258e-01 3.83263260e-01 4.70027238e-01
    2.10426539e-01 5.31827748e-01 5.35014212e-01 8.99689794e-01
    9.23442841e-02 2.79281259e-01 8.89886022e-01 8.40754509e-01
    7.08011150e-01 4.96108919e-01 8.90092969e-01 3.49472761e-02
    2.19015002e-01 1.78390503e-01 3.82597625e-01 9.46109831e-01
    7.16463923e-01 5.97687960e-01 6.26964092e-01 4.73772287e-02
    1.38769060e-01 9.09294486e-01 3.20107728e-01 4.84114289e-01
    5.09244740e-01 7.15358555e-01 5.84220707e-01 4.69260752e-01
    1.17256492e-01 2.15199977e-01 3.31962824e-01 8.38726163e-01
    7.77644217e-01 1.72216803e-01 4.70848858e-01 2.69145370e-02
    8.92553926e-01 6.68196380e-01 8.60891700e-01 8.70048404e-01
    9.41201329e-01 7.91712403e-01 3.25911522e-01 5.82813799e-01
    2.92210877e-01 8.50123048e-01 7.78019428e-04 5.24315715e-01
    3.85510325e-02 6.40616655e-01 3.70120645e-01 3.11343998e-01
    6.27365410e-01 2.25048959e-01 1.22449100e-01 1.56929612e-01
    1.00186139e-01 2.18523443e-01 2.13214993e-01 3.21511626e-01
    7.41768181e-02 4.84666407e-01 2.59521961e-01 6.75845444e-01
    6.63546920e-01 7.26104677e-02 9.75823164e-01 4.16989326e-02
    4.45185035e-01 1.56228572e-01 8.12995076e-01 6.54222071e-01
    5.55159152e-01 1.91028267e-01 6.44719720e-01 2.67101049e-01
    7.45042562e-01 6.47565126e-02 9.79451418e-01 3.10159147e-01
    7.19735086e-01 9.46429670e-02 5.07775009e-01 7.61225820e-02
    9.09770727e-01 4.68952745e-01 3.59580040e-01 7.65496612e-01
    8.31734896e-01 5.59246957e-01 6.99138999e-01 6.15585625e-01
    4.19616610e-01 5.34912825e-01 4.61411834e-01 9.16661978e-01
    3.03739339e-01 3.26334000e-01 8.31457973e-01 2.49910116e-01
    6.00020826e-01 4.24900621e-01 6.75129592e-01 9.07244921e-01
    2.96840340e-01 6.39112234e-01 3.71398866e-01 6.53962016e-01
    4.05180573e-01 9.09615934e-01 5.15686452e-01 3.34849536e-01
    5.85404873e-01 5.40682554e-01 4.51796979e-01 2.16735750e-01
    8.99504721e-01 7.27354050e-01 1.65428221e-02 1.68216556e-01
    5.53812325e-01 7.80030668e-01 2.02073991e-01 2.68956900e-01
    2.57499695e-01 1.51338786e-01 3.78527343e-01 2.59300530e-01
    5.62532842e-02 1.20709270e-01 1.35077238e-01 5.18512368e-01
    2.36390918e-01 8.68335724e-01 2.60170281e-01 9.75235820e-01
    5.05271256e-01 6.44167066e-01 2.38833964e-01 3.07063043e-01
    9.23990607e-01 8.62294734e-02 1.47309631e-01 2.78830171e-01
    7.05409408e-01 8.45017731e-01 6.29078984e-01 7.65003860e-02
    1.37700766e-01 8.11567068e-01 7.92360246e-01 8.42539310e-01
    3.26515079e-01 1.12012029e-03 2.35447943e-01 9.82166052e-01
    5.64715266e-02 3.97670269e-03 6.55568480e-01 2.85953462e-01
    9.44293737e-01 9.26412344e-01 3.46176684e-01 4.86330956e-01
    4.45069253e-01 4.92950112e-01 6.23560250e-01 9.95952070e-01
    9.62517977e-01 1.77110732e-01 2.62549311e-01 9.34346080e-01
    7.82708526e-01 1.73640788e-01 6.39007092e-02 6.17412746e-01
    5.24190068e-01 5.92391789e-01 9.24535692e-01 9.48588610e-01
    8.75582993e-02 9.12884831e-01 8.80722761e-01 5.18699586e-01
    4.72671926e-01 5.45830846e-01 9.41539049e-01 6.50649369e-01
    4.50785995e-01 8.43616188e-01 6.52565956e-01 3.65392804e-01
    6.92695141e-01 9.14607704e-01 7.91909218e-01 9.85241234e-01
    1.91591680e-01 1.54044062e-01 4.81009990e-01 4.67234492e-01
    5.94830334e-01 3.98488045e-01 5.46012759e-01 5.61961889e-01
    2.44891077e-01 1.23232186e-01 1.50986373e-01 4.96610761e-01
    5.99490404e-02 3.06736112e-01 5.45099378e-01 7.22916365e-01
    5.29680252e-01 4.96617585e-01 3.24369550e-01 7.54845023e-01
    4.01366234e-01 8.35804820e-01 7.62589872e-02 6.29569590e-01
    1.84465885e-01 7.81509638e-01 5.49392998e-02 7.51666188e-01
    1.17641121e-01 1.06870830e-02 6.06801271e-01 3.57122630e-01
    4.86204803e-01 7.63166308e-01 5.92103601e-01 5.28682649e-01
    7.22926319e-01 5.00396490e-01 6.00042343e-01 5.25264740e-02
    3.73246491e-01 3.45216572e-01 3.46089125e-01 1.00859553e-01
    6.00600064e-01 2.01929122e-01 6.55818820e-01 6.91982150e-01
    5.03058016e-01 1.17519557e-01 2.94086456e-01 5.69738567e-01
    2.85430849e-02 9.94775891e-01 6.10037565e-01 7.51170993e-01
    4.35410678e-01 9.73767757e-01 8.92343163e-01 2.34241307e-01
    1.80051357e-01 4.82446760e-01 9.49597955e-01 6.65926635e-01
    2.69127190e-02 7.12137341e-01 1.02800965e-01 1.53829396e-01
    6.46290302e-01 6.22554898e-01 8.23970675e-01 3.27158451e-01
    9.33278620e-01 3.37275982e-01 2.22772092e-01 1.66532397e-03
    8.42270255e-03 8.59874010e-01 2.93290615e-01 1.18693769e-01
    4.23980147e-01 5.12096882e-02 8.39722693e-01 7.28965521e-01
    4.44023937e-01 1.75113976e-01 4.78582710e-01 8.77620816e-01
    1.75327688e-01 3.21926057e-01 1.63584948e-04 6.36218071e-01
    8.06938827e-01 2.98587918e-01 1.33747876e-01 2.06697851e-01
    5.50765097e-02 5.75237572e-01 8.82165313e-01 2.70422935e-01
    1.29874915e-01 9.32505131e-02 6.34159386e-01 9.87740397e-01
    8.63238215e-01 3.51808131e-01 1.91383958e-02 8.30874324e-01
    3.08665395e-01 6.80043101e-01 2.33049959e-01 6.00997210e-02
    2.54582763e-02 5.54800391e-01 9.43518102e-01 9.80558515e-01
    5.06722510e-01 8.49852324e-01 1.00509137e-01 7.23675370e-01
    8.87545168e-01 1.71367645e-01 7.38824844e-01 4.51549649e-01
    5.47443748e-01 2.65526056e-01 6.62537873e-01 6.68752253e-01
    3.16563070e-01 8.20125103e-01 7.78677344e-01 8.27820659e-01
    6.57396317e-01 8.93139958e-01 5.80866575e-01 1.98348165e-01
    7.19358683e-01 4.84659076e-01 5.20603478e-01 8.15889657e-01
    2.98791826e-01 6.84877276e-01 9.51109827e-02 2.43540138e-01
    7.04628587e-01 6.12693131e-02 6.58298492e-01 4.73942906e-01
    9.26897824e-02 4.12109315e-01 2.42711604e-02 1.89353228e-02
    7.69718885e-01 7.67293692e-01 5.75742006e-01 5.07885098e-01
    5.04963815e-01 1.02447867e-01 7.18486667e-01 2.00881779e-01
    6.89852834e-02 4.03102785e-01 5.94978094e-01 2.67469406e-01
    5.01821816e-01 8.07497859e-01 6.40942931e-01 8.36473644e-01
    2.16914713e-02 3.90341073e-01 5.97968698e-01 5.55715859e-01
    2.51387060e-01 6.91962242e-02 3.60656887e-01 4.89369035e-01
    7.64440775e-01 9.12837803e-01 2.36686826e-01 1.24184340e-01
    3.56480777e-01 7.84688294e-02 3.91426504e-01 7.83726335e-01
    3.53884786e-01 8.36173177e-01 8.08314979e-02 1.53703094e-01
    9.19780016e-01 1.39630109e-01 9.60115433e-01 8.25178862e-01
    3.38622689e-01 5.96735477e-01 6.21382773e-01 3.20761144e-01
    4.21613276e-01 6.99380636e-02 5.50247788e-01 7.68589199e-01
    8.17933440e-01 3.03226948e-01 5.73372483e-01 5.85010827e-01
    2.49895155e-01 2.41805226e-01 6.34610772e-01 9.98603702e-01
    8.11302245e-01 7.59254694e-01 2.75008321e-01 3.22634518e-01
    8.87191057e-01 9.78021860e-01 4.52652991e-01 7.72970200e-01
    2.97302157e-01 9.51513708e-01 5.42955339e-01 9.87517953e-01
    2.03597486e-01 5.56591809e-01 5.80692887e-01 3.51120204e-01
    1.04616404e-01 2.94570863e-01 6.34145737e-01 2.70783037e-01
    6.73637986e-01 3.21717173e-01 9.93374228e-01 6.10293329e-01
    4.97270256e-01 8.26331377e-01 1.56796008e-01 7.15655684e-01
    9.79831874e-01 7.63232887e-01 5.21059155e-01 2.66920507e-01
    4.44648385e-01 3.67480516e-01 5.56192815e-01 8.17059875e-01
    1.96207106e-01 4.86811846e-01 8.23758543e-01 6.06725812e-01
    3.70182097e-01 7.42899776e-01 9.79497612e-01 3.86371017e-02
    5.02454340e-01 2.56337583e-01 1.87801301e-01 3.58529061e-01
    1.42047971e-01 7.84526110e-01 1.76005334e-01 7.67318368e-01
    1.18126571e-01 7.64975548e-01 3.67421955e-01 4.98500466e-02
    3.94113302e-01 6.50689781e-01 8.59341741e-01 5.04271448e-01
    9.32199478e-01 3.49235773e-01 1.70207262e-01 2.68630505e-01
    1.59438699e-01 2.49165893e-02 4.18534279e-01 7.02829659e-02
    4.36533391e-01 8.35244536e-01 9.29178476e-01 6.68408215e-01
    2.47182548e-01 8.22002649e-01 2.40888357e-01 8.90525937e-01
    6.62474871e-01 5.55708289e-01 1.11707121e-01 9.88106847e-01
    5.42426527e-01 3.21521163e-02 2.32337803e-01 1.38541311e-01
    9.29512620e-01 1.28144652e-01 2.82367021e-01 2.23056674e-01
    5.30670762e-01 4.11066145e-01 5.95661581e-01 2.30231375e-01
    4.77563709e-01 9.97698724e-01 2.12912023e-01 6.53130054e-01
    6.67235792e-01 1.03948861e-01 2.78753400e-01 2.00403750e-01
    2.75366664e-01 7.82679915e-02 4.62744981e-01 3.79575253e-01
    7.33801603e-01 3.71517748e-01 1.39647067e-01 1.14999145e-01
    2.97461450e-01 2.50387341e-01 1.65492892e-02 8.12427044e-01
    5.43956339e-01 8.28284860e-01 3.58643323e-01 7.54966795e-01
    1.73088104e-01 7.24270523e-01 4.16648030e-01 8.28384101e-01
    3.11755180e-01 5.48149347e-02 9.41588342e-01 8.23346496e-01
    8.70074630e-01 3.26749682e-02 5.11211991e-01 5.71682334e-01
    2.46035069e-01 8.16631317e-02 5.32656610e-01 5.73858976e-01
    6.38763189e-01 4.85653460e-01 3.88180912e-01 3.20417583e-01
    5.16591609e-01 2.23617196e-01 5.38399935e-01 3.36656332e-01
    3.76565337e-01 3.61449152e-01 2.56136179e-01 9.67922926e-01
    8.51399839e-01 5.13162911e-01 3.30085099e-01 9.81834292e-01
    7.41413593e-01 3.04833055e-03 7.49285936e-01 4.24585819e-01
    1.54143512e-01 1.40665859e-01 5.45665860e-01 7.65183806e-01
    8.24253201e-01 6.60769343e-01 4.03813034e-01 2.34606117e-01
    9.59863305e-01 5.10305166e-04 4.51793820e-01 4.80345488e-01
    9.69276607e-01 3.33689809e-01 3.43813956e-01 8.49363327e-01
    7.99231529e-02 9.72976565e-01 8.28979313e-02 6.53681755e-01
    9.61735547e-02 8.44397664e-01 5.36272407e-01 9.24304247e-01
    8.46984684e-02 3.18534702e-01 9.58794892e-01 6.40411973e-01
    8.96194696e-01 1.68834180e-01 3.60694826e-01 4.88042891e-01
    4.65190411e-02 1.38498068e-01 4.46364433e-01 5.49664080e-01
    3.98748279e-01 7.27861106e-01 8.12210321e-01 3.67365420e-01
    3.02241802e-01 9.92777586e-01 4.60708380e-01 7.62789369e-01
    9.53832090e-01 7.93725252e-02 7.29887068e-01 7.18440771e-01
    8.78279984e-01 6.11345172e-01 1.73994988e-01 8.35328460e-01
    1.18682623e-01 9.20687795e-01 3.43287885e-01 6.93092704e-01
    2.59558260e-02 8.39767933e-01 2.38962442e-01 8.61104131e-02
    3.17400843e-01 1.34954095e-01 3.62563133e-02 1.11794293e-01
    3.03820372e-01 2.55639851e-01 7.42092550e-01 8.85474443e-01
    1.49772406e-01 3.25322151e-01 5.79171240e-01 4.79521453e-02
    2.06324458e-03 3.13476622e-02 3.93104911e-01 4.62743044e-02
    7.14222550e-01 3.05433184e-01 6.89084649e-01 2.51546681e-01
    8.29048038e-01 3.44502866e-01 8.44423890e-01 8.13447237e-01
    2.89456695e-01 1.68790460e-01 4.00948524e-03 3.42897296e-01
    9.74166989e-02 5.33636808e-01 6.08224988e-01 7.28491724e-01
    2.20307946e-01 2.32304871e-01 9.12263930e-01 1.44780427e-01
    6.99915349e-01 2.38739580e-01 7.93466628e-01 4.51571763e-01
    8.96701217e-03 3.03629041e-02 5.64736187e-01 3.96875441e-01
    8.37683320e-01 7.85495043e-02 4.74567622e-01 2.23237872e-01
    3.15684795e-01 1.42908722e-01 2.53546059e-01 5.38441241e-01
    1.58182085e-02 2.74074316e-01 2.98113078e-01 3.14987242e-01
    3.72798473e-01 2.32735276e-01 5.92306018e-01 2.15225995e-01
    2.65202701e-01 1.15725458e-01 4.56112653e-01 1.89316362e-01
    2.08238423e-01 2.85629928e-01 9.05765772e-01 1.41648114e-01
    7.55786896e-02 8.25636387e-01 8.22711647e-01 8.20635200e-01
    6.67810678e-01 4.20287043e-01 9.81329978e-01 1.44757539e-01
    3.23857158e-01 7.87368059e-01 2.76223183e-01 9.48825181e-02
    4.44983065e-01 3.50455552e-01 2.94099867e-01 9.94601846e-01
    2.84342587e-01 1.71473116e-01 3.20491582e-01 8.89040709e-01
    2.27291167e-01 4.77657199e-01 3.91516298e-01 9.44777489e-01
    4.97164160e-01 4.15182352e-01 4.88565356e-01 6.00482941e-01
    4.91716653e-01 6.54065371e-01 5.06808221e-01 7.72887886e-01
    9.53785062e-01 2.74605036e-01 4.26049024e-01 9.05221462e-01
    9.68235016e-01 2.42591918e-01 1.93929195e-01 3.64165962e-01
    1.26703709e-01 8.22182357e-01 3.49535167e-01 5.09386003e-01
    6.54226124e-01 4.33663964e-01 2.10569322e-01 9.96987820e-01
    3.42941105e-01 8.38663220e-01 6.54563427e-01 4.66952085e-01
    6.11466289e-01 7.56332755e-01 6.87744737e-01 3.52130383e-01
    8.30040336e-01 5.53776622e-02 1.10943228e-01 2.87193954e-01
    1.79044217e-01 5.75140119e-02 1.57271624e-02 5.29891670e-01
    1.59178734e-01 6.80981219e-01 1.09698504e-01 4.32557046e-01
    8.65614593e-01 5.73829830e-01 1.84969932e-01 5.98854184e-01
    4.72445488e-01 9.42676663e-01 5.53574264e-01 3.82152259e-01
    1.14776403e-01 3.23712736e-01 2.65703738e-01 5.85601151e-01
    1.10665023e-01 3.78394216e-01 4.34204340e-02 2.52378404e-01
    4.30431664e-02 9.75778103e-02 9.51275826e-02 2.68615335e-01
    7.68340826e-01 5.00387013e-01 5.79055548e-01 3.42595458e-01
    5.70852697e-01 3.67508411e-01 6.16929412e-01 9.57646728e-01
    1.05331182e-01 1.31201535e-01 5.45782864e-01 6.23525798e-01
    2.03391761e-01 5.33180356e-01 7.31185377e-01 3.22979391e-02
    8.17536712e-01 1.32226735e-01 7.37675190e-01 3.06178749e-01
    3.61735374e-01 9.43998396e-01 2.37723589e-02 7.25770950e-01
    8.65602374e-01 2.22280949e-01 6.41412020e-01 5.27721763e-01
    4.32574302e-01 3.75240088e-01 8.70530605e-01 5.02916634e-01
    6.12294674e-01 2.20346630e-01 7.83631206e-01 5.27270675e-01
    3.30705762e-01 5.78572631e-01 8.42357934e-01 9.56110477e-01
    2.49371618e-01 8.23344409e-01 7.14343071e-01 6.26032472e-01
    9.39457595e-01 7.54676700e-01 4.88190293e-01 9.65627432e-01
    4.92995262e-01 8.70145261e-01 5.19892395e-01 4.98085320e-02
    3.58988345e-01 8.69070828e-01 8.52847457e-01 4.23076659e-01
    8.70549798e-01 4.93422389e-01 7.22793698e-01 9.42837536e-01
    2.93456674e-01 9.64679420e-01 9.68814254e-01 2.54101038e-01
    7.89843798e-01 6.70559764e-01 3.06214213e-01 5.03147423e-01
    4.23428118e-01 5.94020367e-01 1.66930556e-01 2.43962049e-01
    6.56670094e-01 2.40184188e-01 8.57572794e-01 4.96968418e-01
    9.22028780e-01 7.45931149e-01 1.77051306e-01 9.78390455e-01
    5.06556332e-02 9.78696227e-01 8.91955554e-01 5.81404328e-01
    5.15166938e-01 7.99508035e-01 7.96231389e-01 7.90991902e-01
    6.17686331e-01 5.83975732e-01 4.77208704e-01 2.40823090e-01
    7.01280475e-01 8.95970941e-01 4.99236584e-02 7.60690808e-01
    3.03797513e-01 9.58664238e-01 6.94338500e-01 6.02115095e-01
    3.71518672e-01 6.98411465e-01 1.96940243e-01 1.85385346e-01
    4.31664824e-01 2.41277814e-02 4.24820364e-01 4.73659098e-01
    3.19194734e-01 7.37331092e-01 7.28233099e-01 2.64776140e-01
    9.89646971e-01 6.18817806e-01 5.75159550e-01 7.76714087e-03
    6.78538978e-01 5.67373514e-01 3.50790203e-01 3.17653596e-01
    4.80940998e-01 6.89362586e-01 4.90892828e-01 6.20963275e-01
    5.44089079e-01 3.00473332e-01 8.18323135e-01 8.43973160e-01
    2.19279021e-01 5.78368306e-01 6.71268523e-01 4.88251776e-01
    6.84947491e-01 5.32856762e-01 6.49304628e-01 5.41568398e-02
    4.30865973e-01 4.93113220e-01 2.11727619e-01 6.12533748e-01
    3.19750249e-01 9.43961143e-01 6.26970291e-01 9.49044883e-01
    7.00212479e-01 6.66522682e-01 1.39572352e-01 8.47216487e-01
    7.68662095e-01 1.96346045e-02 8.49276066e-01 1.48755759e-01
    8.64700556e-01 9.41021144e-02 7.89371312e-01 2.32692659e-01
    5.34753978e-01 5.95946074e-01 3.78653169e-01 4.14142400e-01
    2.85996050e-01 2.02746689e-02 3.77336144e-01 3.84230942e-01
    9.22136545e-01 6.46175504e-01 5.98108172e-02 3.16420674e-01
    1.89223737e-01 2.33425885e-01 9.86402988e-01 5.03765404e-01
    8.27348948e-01 7.23308265e-01 6.23670399e-01 3.49062979e-02
    3.37384939e-02 1.42040938e-01 6.45193636e-01 8.06887627e-01
    6.47579789e-01 3.97920102e-01 2.01728493e-01 6.26616359e-01
    8.00253868e-01 2.15530246e-01 2.76222557e-01 9.70124364e-01
    3.37992996e-01 3.39253515e-01 7.71925688e-01 2.19143063e-01
    2.50705481e-02 5.24582922e-01 9.82319355e-01 6.04789734e-01
    7.30585456e-01 8.07676077e-01 4.37211812e-01 2.46277511e-01
    8.42202306e-01 3.80241692e-01 2.41787314e-01 8.18369091e-02
    1.17988378e-01 2.81383395e-02 2.54413128e-01 1.85175240e-01
    9.82051671e-01 7.05716312e-01 8.68873596e-01 3.48099351e-01
    9.40071344e-01 6.15247905e-01 7.22846746e-01 1.81788743e-01
    8.44985127e-01 9.53275800e-01 2.60594308e-01 4.27816749e-01
    2.65533954e-01 6.27404511e-01 6.98996663e-01 5.27493715e-01
    9.39203501e-02 6.63576901e-01 4.17667031e-01 6.12718225e-01
    8.60162616e-01 9.67568457e-01 8.40220392e-01 6.94414914e-01
    4.02685046e-01 8.91009688e-01 1.75308168e-01 2.75901556e-01
    2.73546129e-01 3.07396531e-01 2.44868219e-01 1.20553076e-02
    1.67727530e-01 4.22295630e-02 7.51456857e-01 3.35646152e-01
    1.74203783e-01 6.85244679e-01 8.15627456e-01 3.03430974e-01
    3.34915012e-01 2.20882773e-01 8.44456673e-01 8.82816613e-02
    3.52099359e-01 9.75333810e-01 7.50500560e-01 3.89864177e-01
    1.56139672e-01 1.83329463e-01 4.56516623e-01 2.14498937e-01
    8.16529691e-01 3.89739513e-01 1.71350151e-01 4.01004195e-01
    1.96284145e-01 1.43057048e-01 3.01743448e-02 5.79487562e-01
    7.99962044e-01 8.65631461e-01 3.38764012e-01 5.57259500e-01
    7.49329805e-01 5.33715427e-01 7.68109798e-01 5.59424698e-01
    1.77814364e-01 3.63095850e-01 6.97632134e-02 5.54893017e-02
    4.69426513e-02 1.15095019e-01 4.78816807e-01 9.53477621e-01
    9.30533051e-01 6.01588190e-02 9.90831852e-01 8.58340144e-01
    3.83089513e-01 5.11210084e-01 9.28896487e-01 1.16120458e-01
    4.03113484e-01 7.80945897e-01 3.29682916e-01 8.89724553e-01
    5.52403450e-01 8.96994948e-01 7.90492177e-01 2.21324742e-01
    3.41315866e-02 7.62090683e-01 1.71986341e-01 2.40575135e-01
    2.16560036e-01 1.19968176e-01 5.75761795e-02 4.84300584e-01
    2.34165639e-01 5.71659923e-01 6.65263832e-01 9.59417343e-01
    8.06998312e-02 7.97701716e-01 7.95934319e-01 9.35397148e-01
    4.13832694e-01 4.83123451e-01 5.68591356e-01 5.90022385e-01
    5.38462996e-02 1.83945298e-02 6.66311383e-03 6.32718444e-01
    5.17145693e-02 8.04632604e-01 3.41871858e-01 3.52505445e-01
    6.57019913e-02 7.17769742e-01 6.69031441e-02 7.77636051e-01
    1.96387172e-01 6.46217048e-01 9.95262623e-01 5.46840072e-01
    5.35536945e-01 1.74601376e-02 3.48088831e-01 7.74890184e-01
    1.39258564e-01 4.66240764e-01 2.23047197e-01 5.23486912e-01
    3.06366950e-01 3.93344373e-01 1.86380148e-01 4.22219515e-01
    4.51536357e-01 7.82924116e-01 3.53180110e-01 1.03059351e-01
    6.58463240e-01 1.41531020e-01 4.46759820e-01 5.26008606e-01
    4.89695221e-01 9.13347542e-01 5.16879082e-01 5.16157806e-01
    4.38037425e-01 1.48300797e-01 7.98700929e-01 9.85689521e-01
    2.54099280e-01 1.05513960e-01 6.09124839e-01 3.48281324e-01
    1.78230107e-02 6.77721858e-01 3.43008339e-01 3.72557700e-01
    3.01909328e-01 5.56486964e-01 8.04445744e-01 5.87118089e-01
    7.23235905e-01 7.68002689e-01 3.70451361e-01 3.32928419e-01
    1.29830182e-01 9.62942541e-01 5.40195405e-01 1.13566160e-01
    7.14471638e-02 3.29381198e-01 3.73522937e-02 1.55177712e-02
    5.54966688e-01 6.62221551e-01 1.19180620e-01 9.16942298e-01
    3.34008038e-02 4.92922902e-01 7.37781465e-01 8.01160336e-01
    4.11790580e-01 6.74013436e-01 4.87533480e-01 7.08645821e-01
    9.56095576e-01 6.72041237e-01 2.91182101e-01 7.59457111e-01
    1.53247118e-01 6.18746877e-03 5.73029399e-01 2.34195262e-01
    7.46984899e-01 6.14748418e-01 6.66556656e-01 2.19806373e-01
    6.66635633e-01 7.33711183e-01 5.80245256e-01 9.90927517e-02
    4.42389429e-01 3.43917966e-01 7.21941411e-01 6.84118688e-01
    6.31386161e-01 3.35970879e-01 9.49727058e-01 8.94137442e-01
    2.88519859e-01 6.07497692e-01 2.47286707e-01 4.21664417e-01
    7.46577501e-01 4.79833633e-01 3.10212195e-01 2.68552750e-01
    3.86709571e-01 7.98269153e-01 8.67328167e-01 3.86208415e-01
    3.18317711e-02 2.68729806e-01 3.85048926e-01 3.37711960e-01
    8.89185548e-01 6.49509192e-01 1.50323898e-01 5.45308828e-01
    9.87534761e-01 6.01178467e-01 4.89237726e-01 4.94323283e-01
    3.52995157e-01 3.23291391e-01 2.51209438e-02 4.61436570e-01
    8.74873281e-01 9.85475242e-01 8.83280158e-01 9.89984393e-01
    6.39095724e-01 7.32193410e-01 3.60319823e-01 2.89598703e-01
    4.96135116e-01 2.77786672e-01 7.36332893e-01 9.55526590e-01
    3.68049920e-01 2.99375147e-01 6.18297458e-01 7.10116267e-01
    7.06055284e-01 1.28959835e-01 4.04713511e-01 1.10103130e-01
    8.50607276e-01 9.11352575e-01 4.99029249e-01 7.04573333e-01
    8.41786921e-01 3.28218937e-01 8.83203626e-01 3.39010239e-01
    2.75661647e-01 1.84359878e-01 7.68723071e-01 8.26142013e-01
    9.86355782e-01 3.98690462e-01 2.47056484e-01 6.63301885e-01
    2.80070007e-02 3.68702531e-01 5.18902004e-01 8.42622161e-01
    4.40881282e-01 5.25467396e-01 1.70336336e-01 7.16924429e-01
    8.13764215e-01 7.15713143e-01 3.65986884e-01 8.42603862e-01
    1.25790447e-01 6.65872693e-01 4.77333069e-01 8.86768401e-01
    8.13459039e-01 3.24015945e-01 4.78740513e-01 9.18219328e-01
    8.66233826e-01 3.52880627e-01 9.69559073e-01 9.72745299e-01
    5.40484548e-01 3.75226229e-01 1.33420527e-02 8.63360405e-01
    6.93602204e-01 2.69509435e-01 3.28472257e-02 1.43792301e-01
    5.33364117e-02 7.20871806e-01 4.64997500e-01 9.98397470e-01
    8.45465362e-01 3.21463048e-02 1.42453223e-01 4.48999584e-01
    6.87200189e-01 3.55753243e-01 6.61713719e-01 9.42018867e-01
    1.06803119e-01 8.73435974e-01 5.62316298e-01 9.74277437e-01
    8.93798530e-01 8.86066675e-01 4.08311933e-01 6.10018671e-01
    8.74057174e-01 3.13366115e-01 5.43152332e-01 9.15087998e-01
    7.87146807e-01 7.07629204e-01 9.76685286e-02 4.71211970e-01
    1.50762409e-01 7.30937481e-01 2.84951627e-02 5.61225176e-01
    1.95585281e-01 6.15390360e-01 7.16209352e-01 3.64500284e-01
    5.42942643e-01 2.56467551e-01 3.71286780e-01 6.91381037e-01
    9.45354879e-01 6.33745790e-02 3.62376690e-01 9.05028820e-01
    1.38443172e-01 2.20549703e-02 5.80253243e-01 9.54117775e-01
    5.19549489e-01 8.73183012e-01 9.74337578e-01 2.98536003e-01
    8.15852046e-01 2.24053264e-02 5.68291008e-01 8.53504419e-01
    3.26194197e-01 8.17102611e-01 8.69995594e-01 7.33385682e-01
    4.82924163e-01 8.30234051e-01 2.32797056e-01 7.14451075e-02
    7.20933378e-01 1.05738252e-01 4.09041047e-02 3.33647370e-01
    9.37507510e-01 2.75972068e-01 8.99723947e-01 8.28536451e-02
    9.80179310e-02 9.31991696e-01 3.77742290e-01 5.99324167e-01
    3.91938835e-01 1.92230940e-03 5.99479198e-01 3.81795287e-01
    4.33509976e-01 2.58958340e-01 9.70850229e-01 3.77309591e-01
    8.76208961e-01 5.14533222e-01 1.28097087e-01 7.78761506e-02
    2.60056138e-01 1.68338001e-01 4.36483920e-01 2.99748421e-01
    2.79141247e-01 5.88742852e-01 2.23369867e-01 2.33460397e-01
    1.10245317e-01 4.33589816e-02 1.06641680e-01 4.85070318e-01
    8.83896828e-01 8.31368923e-01 1.42649680e-01 9.06028926e-01
    1.52647495e-01 7.66575336e-04 3.59309018e-02 8.80197525e-01
    4.65837687e-01 5.87228537e-02 6.07428789e-01 3.26987505e-02
    7.17790604e-01 6.30729318e-01 1.52233154e-01 1.43820167e-01
    2.85818696e-01 8.58815551e-01 1.10775977e-01 6.80442810e-01
    8.41446280e-01 9.99507308e-01 9.18479979e-01 7.19113529e-01
    3.56459200e-01 8.40019584e-01 7.07365513e-01 7.72849143e-01
    8.12700272e-01 5.35845459e-02 5.44677258e-01 2.10937887e-01
    8.97402406e-01 8.13702881e-01 2.29018062e-01 5.93057036e-01
    6.69465840e-01 6.06123984e-01 4.27099288e-01 5.71962953e-01
    7.69522548e-01 4.76829022e-01 8.69359672e-02 3.04143786e-01
    5.53716123e-01 9.30581689e-02 1.76021487e-01 7.75112391e-01
    1.94461912e-01 7.88044095e-01 1.48487091e-01 1.50564790e-01
    3.60585690e-01 5.61211288e-01 7.02527404e-01 5.87073743e-01
    5.86670220e-01 1.29194111e-01 1.35534078e-01 8.10478687e-01
    7.13386238e-02 5.10222256e-01 9.76630211e-01 3.10513437e-01
    6.90226376e-01 1.61886215e-01 7.47263134e-02 8.79594624e-01
    1.02360159e-01 9.12761688e-01 8.25737536e-01 3.34309638e-01
    5.61468780e-01 4.23352718e-01 5.22477448e-01 8.51588011e-01
    2.53273994e-01 6.97677493e-01 7.53908157e-02 2.76699960e-01
    3.29701006e-01 6.67983532e-01 6.04277492e-01 9.61595654e-01
    8.14986229e-02 3.81931663e-01 6.02791846e-01 1.62043005e-01
    8.91511798e-01 6.69997454e-01 1.90714210e-01 1.54460758e-01
    1.24419659e-01 3.36626470e-01 8.33517313e-01 7.96820998e-01
    7.02327013e-01 9.37714875e-02 5.00278294e-01 5.98287165e-01
    2.23317415e-01 7.13738978e-01 9.30569589e-01 6.77732825e-02
    2.18459785e-01 9.83277798e-01 6.44378841e-01 1.64922178e-01
    3.04693997e-01 6.06565356e-01 1.05627000e-01 7.88258910e-02
    3.20427716e-02 4.30334687e-01 5.34983456e-01 3.43274772e-01
    2.10705161e-01 5.97401321e-01 3.41669858e-01 4.65987027e-02
    1.63525045e-01 5.31498730e-01 9.55721259e-01 7.55722046e-01
    1.51271999e-01 1.46416694e-01 6.38126373e-01 9.95478868e-01
    4.24516916e-01 7.09301710e-01 5.10420024e-01 6.04129314e-01
    2.02292114e-01 6.62997842e-01 4.31820154e-02 7.95516968e-02
    3.88269007e-01 2.81097829e-01 4.32067454e-01 2.02633440e-02
    7.14967191e-01 2.16711521e-01 8.36397409e-01 1.03248537e-01
    2.65456140e-02 2.59696126e-01 9.47291970e-01 3.49249423e-01
    3.84618044e-02 1.37992591e-01 7.14816213e-01 4.77267891e-01
    6.34444654e-01 9.13639784e-01 1.53593719e-01 7.00955689e-02
    8.30065727e-01 5.30805230e-01 1.39583707e-01 3.67544025e-01
    2.04588950e-01 7.36862898e-01 6.18855298e-01 7.10160673e-01
    5.97590804e-01 5.96790850e-01 4.43948090e-01 6.98413014e-01
    7.70145774e-01 2.87102222e-01 4.19795007e-01 5.10687888e-01
    4.85402316e-01 5.26217282e-01 6.36419892e-01 5.51388800e-01
    4.02816057e-01 5.04841447e-01 6.69568598e-01 2.71078110e-01
    5.38942158e-01 9.37909067e-01 3.48112524e-01 5.13062894e-01
    7.22295523e-01 4.78240401e-01 7.14403749e-01 1.72873616e-01
    1.22436881e-02 8.65388215e-01 6.41452014e-01 3.26572508e-01
    7.06617892e-01 8.39073062e-01 8.11519623e-01 9.81924534e-01
    8.99823070e-01 4.16026771e-01 9.40180779e-01 4.75842357e-02
    6.76708281e-01 6.65718436e-01 3.64000380e-01 7.13883936e-02
    4.33734953e-01 5.71175516e-01 8.78728807e-01 6.63393140e-01
    2.66172707e-01 8.89172077e-01 1.38224989e-01 5.27568579e-01
    9.33640718e-01 5.79036951e-01 9.04991508e-01 8.00071955e-01
    1.87459379e-01 7.09885240e-01 1.81746006e-01 7.55232990e-01
    9.27125573e-01 7.03709722e-01 2.81266361e-01 7.20534205e-01
    3.41009498e-01 3.13976139e-01 4.10482526e-01 8.19662213e-02
    7.33094215e-01 8.75251055e-01 2.96636760e-01 1.56923294e-01
    3.87033880e-01 2.72034526e-01 7.57541716e-01 9.27136064e-01
    4.95734274e-01 4.78739411e-01 1.71602815e-01 9.34682190e-01
    4.25448537e-01 1.99156314e-01 7.19913065e-01 3.34094882e-01
    8.86585236e-01 3.01976264e-01 6.90030575e-01 1.05740100e-01
    4.45764393e-01 3.07855308e-02 4.80572551e-01 9.33267355e-01
    2.68753529e-01 1.72747970e-02 6.48270249e-01 5.84651232e-01
    3.59036028e-02 7.40498066e-01 1.72971547e-01 8.53174984e-01
    2.76780665e-01 9.17764604e-01 3.24702561e-01 5.63802898e-01
    9.26671684e-01 3.35363030e-01 2.52141774e-01 5.14790416e-01
    4.79440689e-01 7.20757663e-01 4.71089959e-01 5.96987307e-02
    3.42465937e-01 9.01168704e-01 8.09818983e-01 9.51282501e-01
    2.17562228e-01 1.28567159e-01 4.97516751e-01 2.99915880e-01
    1.37895703e-01 3.66684705e-01 5.42720497e-01 5.54672420e-01
    4.44913179e-01 8.12609673e-01 9.49400425e-01 2.36193985e-01
    7.16845810e-01 9.24619257e-01 3.64853829e-01 1.38681680e-01
    5.62722981e-01 7.33694553e-01 7.34143674e-01 5.55962324e-02
    4.09988433e-01 8.86752486e-01 6.66574955e-01 8.90638709e-01
    6.00095689e-02 7.37998605e-01 5.24708390e-01 4.57856059e-03
    9.99279380e-01 6.88855588e-01 9.88159180e-01 5.58487535e-01
    9.96156871e-01 4.28485125e-01 8.91453862e-01 7.42872000e-01
    3.72279048e-01 8.02000821e-01 5.31310439e-02 2.98806071e-01
    1.82701766e-01 8.85267258e-01 3.22796345e-01 8.98463428e-02
    7.23535299e-01 5.83579123e-01 1.97436363e-01 9.84351397e-01
    7.86802649e-01 5.92252195e-01 7.69550443e-01 4.99430478e-01
    2.58661687e-01 7.98377514e-01 3.75514627e-01 2.40824133e-01
    6.34260654e-01 5.96363842e-01 6.38865530e-01 4.33224201e-01
    3.35282892e-01 1.69584721e-01 2.03593135e-01 7.79781520e-01
    5.99153221e-01 5.88191152e-01 6.42894208e-01 7.73752511e-01
    6.32077456e-01 8.20510387e-02 3.19460481e-01 3.93168569e-01
    7.36815512e-01 2.58603990e-01 9.52622473e-01 6.04423583e-01
    2.98777223e-02 3.96809399e-01 1.84698939e-01 5.69416761e-01
    9.50506210e-01 9.33094978e-01 7.96965480e-01 2.37592965e-01
    5.87709069e-01 3.60488772e-01 7.52790570e-02 2.96734393e-01
    1.09525234e-01 9.08916175e-01 7.71308541e-01 4.27914560e-02
    9.03119922e-01 6.07262552e-01 4.30191457e-02 9.89356637e-01
    1.05335176e-01 3.57807577e-01 8.67868423e-01 7.05408275e-01
    4.38510954e-01 9.56953764e-02 6.77808046e-01 3.03221762e-01
    7.75395036e-01 1.28116846e-01 5.04068613e-01 5.33905506e-01
    7.48836577e-01 3.65990579e-01 2.27567792e-01 9.83963251e-01
    1.08986229e-01 9.99767900e-01 2.82871008e-01 1.77936494e-01
    6.48804367e-01 7.49753416e-02 4.20689225e-01 6.10587597e-02
    8.38877976e-01 2.57644564e-01 2.95223951e-01 6.97970033e-01
    7.27309167e-01 6.45113349e-01 7.58358836e-01 1.33364230e-01
    7.91099191e-01 8.91264379e-02 7.88575530e-01 2.71599829e-01
    2.12491393e-01 9.33216214e-01 3.15456837e-01 5.92980862e-01
    1.31775677e-01 4.65174526e-01 2.99750686e-01 8.38418603e-01
    7.39385128e-01 5.83746672e-01 7.45173573e-01 1.23671979e-01
    2.85866022e-01 6.48264587e-01 7.46596098e-01 1.89240873e-01
    3.20858985e-01 9.91867900e-01 1.95986152e-01 6.65588915e-01
    9.44428444e-01 6.67791903e-01 3.31451982e-01 7.25007892e-01
    1.17883027e-01 9.79771852e-01 3.60168993e-01 6.00583673e-01
    6.30229712e-04 7.19387531e-02 8.86914015e-01 7.70844102e-01
    5.88036060e-01 8.71035457e-01 7.12688088e-01 6.39834642e-01
    8.73317242e-01 4.27490115e-01 8.93638968e-01 9.42637980e-01
    7.19296038e-01 2.53742933e-03 4.80921566e-02 2.18371004e-01
    1.86210543e-01 6.92613602e-01 4.16944623e-01 2.46730149e-01
    5.58621049e-01 2.71023333e-01 3.52165103e-03 1.07049048e-02
    2.26526827e-01 4.62300569e-01 1.07503682e-01 9.66325402e-01
    7.01793194e-01 7.38348663e-01 4.23207283e-01 4.77985740e-01
    9.87064540e-01 1.29058957e-03 5.71479797e-02 5.73804319e-01
    9.36175287e-02 5.70425510e-01 7.24310160e-01 8.51596117e-01
    5.78847587e-01 8.50675464e-01 8.07680130e-01 4.87661660e-01
    9.24873352e-03 6.42777562e-01 8.33123565e-01 2.30926454e-01
    6.37004435e-01 4.97328401e-01 1.20336473e-01 7.96403289e-01
    7.09634662e-01 8.05346251e-01 9.49140072e-01 7.86181569e-01
    6.93385184e-01 3.64829361e-01 1.51480258e-01 5.35051823e-01
    4.95713145e-01 6.55678749e-01 9.81396616e-01 3.47454876e-01
    3.18019092e-02 3.32475781e-01 9.73179817e-01 4.77704734e-01
    5.51498532e-01 7.23585129e-01 7.87408412e-01 9.87576962e-01
    5.68896532e-01 4.80844408e-01 3.85653764e-01 5.38756371e-01
    9.89119053e-01 5.43820083e-01 3.67681980e-01 8.92261147e-01
    1.83002800e-01 2.61509776e-01 4.32229877e-01 2.10661590e-01
    6.21863306e-01 4.68723089e-01 1.78919971e-01 5.85518658e-01
    9.75171328e-01 2.18360841e-01 6.57256722e-01 7.77370453e-01
    4.70748931e-01 4.84390557e-02 9.45954204e-01 6.25316262e-01
    2.77895689e-01 8.54219794e-01 2.85257101e-01 3.40498209e-01
    6.95554018e-01 5.95111907e-01 8.20561051e-01 6.14232659e-01
    5.14960468e-01 9.75657582e-01 8.39375973e-01 2.80386716e-01
    2.12141156e-01 8.94492447e-01 9.44387197e-01 3.06868136e-01
    8.78705025e-01 6.70602500e-01 1.93015516e-01 1.80787593e-01
    7.08265305e-01 3.40875447e-01 4.41849053e-01 2.76280254e-01
    3.56389344e-01 4.00608599e-01 7.50349939e-01 8.95202756e-01
    5.06454408e-01 8.25960457e-01 3.47609073e-01 5.56251407e-01
    4.39073414e-01 8.16422701e-02 4.83405799e-01 6.65992796e-01
    5.09870231e-01 1.09501541e-01 1.47533327e-01 7.83108473e-02
    3.35135043e-01 7.01198339e-01 7.85780013e-01 1.87548578e-01
    5.71647286e-02 9.09461737e-01 9.00046349e-01 5.23192286e-02
    8.00928116e-01 2.04611659e-01 4.03766662e-01 2.77397454e-01
    7.57385373e-01 2.24919349e-01 9.21713352e-01 4.00905371e-01
    6.08873367e-01 3.21818113e-01 5.22126257e-01 7.09914386e-01
    7.64799953e-01 6.48472428e-01 3.69284689e-01 7.81778276e-01
    7.38173187e-01 6.12315416e-01 5.22155285e-01 8.50449562e-01
    9.42988396e-02 6.94250464e-01 9.32930231e-01 5.34408212e-01
    7.09929347e-01 9.25556540e-01 5.80842733e-01 2.16075897e-01
    4.28672165e-01 8.76449585e-01 8.70372415e-01 6.02437735e-01
    5.54690659e-01 2.98220992e-01 5.72401166e-01 9.81595218e-02
    5.62028646e-01 1.10379755e-02 5.36085546e-01 6.06073976e-01
    9.81818438e-01 7.80726790e-01 6.63389027e-01 7.54620671e-01
    2.32890427e-01 2.36697972e-01 5.24026155e-01 5.54482818e-01
    6.76259935e-01 3.74404490e-02 9.53981161e-01 8.75600576e-01
    9.53552186e-01 6.46490335e-01 7.23052025e-01 6.60092771e-01
    8.89780402e-01 2.39383012e-01 9.64040160e-01 6.54608309e-01
    9.69831347e-01 8.52301717e-02 6.09311938e-01 1.93867922e-01
    1.81207597e-01 3.37022632e-01 8.01856816e-02 8.09294224e-01
    1.56201154e-01 7.54321814e-01 3.44426036e-02 5.23922801e-01
    2.84553975e-01 1.77167296e-01 3.40634286e-01 9.64391470e-01
    7.71734774e-01 7.18364120e-01 2.62622029e-01 2.03488976e-01
    5.13433754e-01 2.12437361e-01 6.84877753e-01 8.17240179e-02
    4.02158111e-01 9.51493144e-01 9.16759014e-01 6.97499931e-01
    4.10424352e-01 6.42018437e-01 8.40422094e-01 1.54133379e-01
    8.76716971e-02 5.45382440e-01 4.75982875e-01 8.37865353e-01
    1.00569099e-01 4.99819487e-01 6.03750646e-01 8.27223122e-01
    4.31681365e-01 2.04825252e-01 3.07147324e-01 2.16413498e-01
    2.17525065e-02 5.16904533e-01 1.03666872e-01 9.54806328e-01
    3.33405972e-01 4.46244746e-01 8.52061152e-01 8.80886436e-01
    1.08406246e-01 6.39587045e-01 6.15174174e-01 6.60261989e-01
    1.60963088e-01 5.97534418e-01 2.26274133e-01 5.24088264e-01
    6.66541457e-01 5.69334030e-01 2.25253195e-01 2.72612035e-01
    4.63480622e-01 5.29488325e-02 9.21024442e-01 2.06635475e-01
    3.30258012e-02 9.07968760e-01 5.35003066e-01 5.36348999e-01
    7.08483458e-01 3.73419702e-01 3.38308573e-01 2.80485153e-01
    5.24050057e-01 3.66137624e-02 5.28171241e-01 8.23161304e-01
    6.46407425e-01 9.66790080e-01 6.72489107e-01 3.51694435e-01
    8.01573515e-01 6.82625711e-01 3.99257749e-01 3.49089503e-01
    9.07682896e-01 2.93120116e-01 9.21331942e-01 9.52681780e-01
    7.37826109e-01 5.48362970e-01 4.71650600e-01 9.25401986e-01
    1.28405690e-01 6.94612920e-01 4.69438881e-01 1.62132144e-01
    1.77223027e-01 6.69994056e-01 1.13363564e-01 4.66236115e-01
    3.11379403e-01 5.86608410e-01 5.53747535e-01 6.13191664e-01
    5.95901668e-01 6.28293574e-01 5.21050990e-02 2.28543401e-01
    2.20917165e-02 3.45701605e-01 1.64861232e-01 8.09368730e-01
    9.53160644e-01 4.88532662e-01 5.22825360e-01 9.11768615e-01
    7.08103180e-01 9.87503648e-01 2.40712434e-01 1.23826295e-01
    6.32623553e-01 7.97862470e-01 6.69499636e-01 5.57465374e-01
    6.58325136e-01 7.59002924e-01 7.62768984e-01 2.61370599e-01
    3.53654116e-01 4.92760926e-01 6.00420833e-02 7.24174500e-01
    1.10593468e-01 7.47533977e-01 8.55129182e-01 2.33655661e-01
    1.19004697e-01 5.11596739e-01 6.72533214e-02 1.35083705e-01
    6.34642005e-01 9.73894835e-01 3.13107580e-01 7.72553563e-01
    4.18790281e-02 5.07607460e-01 5.24875402e-01 2.97066540e-01
    2.32664287e-01 5.30504405e-01 7.45927215e-01 6.39823675e-01
    8.61043572e-01 3.49651515e-01 5.69136441e-01 2.60914177e-01
    8.58311772e-01 5.67039132e-01 1.57763004e-01 9.69244421e-01
    9.50800776e-01 1.97204858e-01 2.50423312e-01 4.09491420e-01
    6.04701757e-01 1.09987259e-02 1.66870445e-01 6.37212515e-01
    4.58084255e-01 6.22626245e-02 6.95415735e-01 9.41010535e-01
    3.74653488e-01 7.10709393e-01 9.03618813e-01 6.45283997e-01
    3.08875680e-01 7.15947270e-01 9.53219533e-01 5.51796913e-01
    4.55569655e-01 7.47240424e-01 9.79258418e-02 7.85659552e-01
    2.81085372e-01 8.84953499e-01 9.36146021e-01 7.11778939e-01
    1.80465281e-02 3.97420913e-01 2.94011772e-01 2.91984528e-01
    1.37458086e-01 5.03897548e-01 1.57637656e-01 5.58164597e-01
    3.31297219e-01 4.37857151e-01 8.84859264e-02 1.07023388e-01
    2.81214565e-01 1.85181141e-01 1.27924651e-01 4.36543226e-02
    4.30352062e-01 6.62525475e-01 8.40893567e-01 3.94855440e-01
    8.00786138e-01 2.51210362e-01 9.78427052e-01 6.11698031e-02
    8.48806858e-01 6.21451735e-01 6.77412271e-01 7.19420552e-01
    5.06257474e-01 8.74192476e-01 1.60899609e-01 1.97213769e-01
    6.22516155e-01 1.12154722e-01 2.89635360e-01 1.09248072e-01
    7.50918984e-01 6.80309772e-01 2.03599334e-01 9.63387847e-01
    9.80569005e-01 7.10788250e-01 7.18879402e-02 5.53566217e-01
    8.07567239e-01 3.24588716e-01 6.82203412e-01 7.48164058e-02
    7.28574216e-01 5.71358085e-01 3.02214921e-02 8.78625989e-01
    5.31054556e-01 8.28734159e-01 2.42602140e-01 4.30720478e-01
    3.62977862e-01 5.43038011e-01 7.84327090e-01 7.49301136e-01
    4.11652207e-01 4.44066614e-01 4.86344129e-01 8.97966623e-01
    6.03211701e-01 9.14299488e-01 8.23044658e-01 1.55763716e-01
    8.96969199e-01 1.52236819e-02 1.89505845e-01 6.40094280e-03
    3.45478654e-01 4.97409374e-01 3.88678730e-01 9.63765740e-01
    5.20619452e-01 4.25303340e-01 3.89672607e-01 6.45420611e-01
    8.67501616e-01 3.69421184e-01 7.35666275e-01 4.40107435e-01
    6.15728617e-01 5.36804438e-01 4.63097900e-01 1.05877936e-01
    6.91056967e-01 7.63945937e-01 1.55539125e-01 3.48672330e-01
    2.90510267e-01 3.22906554e-01 9.41674232e-01 6.67424917e-01
    5.82742095e-01 2.99698293e-01 5.80205739e-01 3.97002727e-01
    1.56844318e-01 1.33899480e-01 6.51254654e-02 4.55232382e-01
    8.08261514e-01 8.48689556e-01 9.05260742e-01 1.58076644e-01
    9.82576132e-01 2.04214454e-02 8.22111070e-02 1.54656291e-01
    4.97937739e-01 6.89104199e-02 6.06473684e-01 3.64709198e-01
    6.23043776e-01 4.01164591e-02 1.08760297e-02 9.85125124e-01
    8.22004676e-03 5.92605591e-01 7.33950436e-01 7.59520411e-01
    9.03810441e-01 5.59550643e-01 8.62760425e-01 6.48648262e-01
    3.51835072e-01 7.60109961e-01 5.35424829e-01 7.18253493e-01
    7.45185673e-01 6.96939111e-01 7.38228321e-01 8.06233644e-01
    3.77498418e-01 4.62220997e-01 2.15413272e-01 1.43475682e-01
    7.09195554e-01 4.95039284e-01 6.16784573e-01 7.33690739e-01
    5.89779317e-02 2.51028657e-01 2.25367546e-01 8.12376738e-01
    5.51873028e-01 1.44468874e-01 4.82005596e-01 5.09866178e-01
    2.42690921e-01 8.40260923e-01 9.38238740e-01 5.67333400e-01
    8.44020009e-01 5.59103608e-01 4.90982264e-01 2.97110111e-01
    6.82884634e-01 8.07491243e-02 5.79234958e-02 9.67861891e-01
    2.08558738e-02 5.24758816e-01 8.44465792e-02 8.85612249e-01
    3.67732048e-01 2.88420916e-02 5.13519645e-01 4.79777634e-01
    6.71993613e-01 7.52661586e-01 2.24400163e-02 8.55366826e-01
    9.74449873e-01 3.76007140e-01 3.69396448e-01 8.67056072e-01
    4.40337449e-01 7.95126438e-01 7.59116054e-01 7.27186501e-01
    5.25727987e-01 7.94518888e-01 3.94581854e-02 5.08116603e-01
    8.97927403e-01 8.81953835e-01 5.99067450e-01 7.78735161e-01
    6.21517599e-02 6.42148256e-01 2.43893504e-01 8.28031182e-01
    5.63091338e-01 3.88212204e-01 6.30380034e-01 5.05475760e-01
    6.29746079e-01 3.95596057e-01 1.83260500e-01 5.10600209e-01
    3.61568391e-01 5.69100738e-01 1.70410663e-01 9.15744901e-03
    5.22472322e-01 5.78532040e-01 1.08510822e-01 1.93928897e-01
    9.04604197e-01 4.55933988e-01 1.20477438e-01 7.05400944e-01
    4.97933239e-01 9.98314738e-01 5.34153581e-01 4.56488967e-01
    1.21572345e-01 7.81869292e-01 2.58970529e-01 9.13592994e-01
    2.32439339e-02 3.40475738e-01 8.52140784e-01 7.27297843e-01
    2.22168863e-02 7.39883542e-01 8.71980429e-01 8.15701246e-01
    9.25272465e-01 9.33256984e-01 4.00736064e-01 8.48458409e-02
    4.50510383e-02 7.58012295e-01 7.27259636e-01 9.16852355e-02
    5.57277083e-01 4.30063665e-01 4.26125616e-01 2.88919449e-01
    9.45937753e-01 5.20879209e-01 2.31534630e-01 5.59508443e-01
    1.18506521e-01 4.96688575e-01 3.37969482e-01 3.52077305e-01
    9.07786489e-01 2.72058606e-01 4.47012633e-01 9.89510775e-01
    6.52790964e-01 3.39419067e-01 3.44406664e-01 2.50682145e-01
    3.82456958e-01 6.37541533e-01 3.56374860e-01 4.31509107e-01
    2.91014552e-01 5.98829627e-01 8.05630684e-01 8.06933284e-01
    3.11805904e-01 4.70623434e-01 9.31606174e-01 7.45618463e-01
    5.20560026e-01 6.54438853e-01 2.96034306e-01 3.04549515e-01
    2.97006726e-01 1.23467863e-01 8.36548090e-01 8.98285270e-01
    8.51606965e-01 1.17157310e-01 6.92435205e-01 1.73463464e-01
    5.31280041e-01 5.61967790e-01 5.64470708e-01 5.97341359e-01
    2.31400728e-01 8.74291182e-01 2.25675553e-01 7.34398782e-01
    6.13708854e-01 8.77983689e-01 6.94445252e-01 4.68896866e-01
    9.58550394e-01 6.25457048e-01 3.12733769e-01 7.92769551e-01
    2.06537187e-01 8.20712984e-01 1.97447896e-01 6.52995408e-02
    7.98573971e-01 5.99475741e-01 3.21015716e-03 7.99231768e-01
    1.14821792e-02 5.26640475e-01 1.11545533e-01 6.55816793e-02
    7.23097563e-01 9.64141846e-01 1.17126882e-01 1.26681834e-01
    1.37564331e-01 3.94621462e-01 7.83403099e-01 7.16382623e-01
    4.58557904e-02 1.06714934e-01 9.75691676e-01 4.08648163e-01
    1.03432953e-01 9.73392487e-01 8.61531258e-01 8.46158028e-01
    9.82290149e-01 1.32612199e-01 4.91198540e-01 5.01854002e-01
    9.73395944e-01 5.51748574e-01 4.84475046e-01 7.86887646e-01
    6.13483012e-01 6.29863739e-01 2.13305831e-01 7.68203735e-01
    4.09572154e-01 3.95544916e-01 9.19037223e-01 4.47847009e-01
    3.80569518e-01 5.93168378e-01 4.05741572e-01 3.70506048e-01
    5.54206014e-01 7.98000813e-01 1.00882977e-01 4.69377279e-01
    6.85313821e-01 1.74880356e-01 4.36212510e-01 8.05928588e-01
    6.29764318e-01 3.32270980e-01 4.18976963e-01 1.17098302e-01
    4.76432800e-01 6.50334716e-01 3.17775011e-01 2.22671926e-02
    8.05878401e-01 7.72584319e-01 4.07692373e-01 4.96939093e-01
    1.51324630e-01 7.74253607e-01 9.50705588e-01 4.00623351e-01
    7.91262329e-01 8.93006325e-01 8.49550605e-01 3.47697079e-01
    8.95982444e-01 5.54704010e-01 4.41400737e-01 2.41714716e-03
    3.84335697e-01 8.76927078e-02 9.28233027e-01 8.83088171e-01
    2.19186336e-01 2.27182895e-01 7.19220459e-01 1.91565931e-01
    2.32893825e-01 6.52095377e-01 7.52931535e-01 5.86397171e-01
    1.36817425e-01 1.63149953e-01 5.61396658e-01 1.71510309e-01
    6.11465514e-01 7.97399163e-01 3.75634670e-01 5.82498670e-01
    6.17033541e-01 2.16527104e-01 4.40352380e-01 9.47746754e-01
    8.41052830e-02 8.13250542e-01 8.78397763e-01 3.05811167e-01
    6.42840445e-01 6.67246282e-02 4.59209323e-01 2.37155139e-01
    9.64430332e-01 9.31469560e-01 1.74141407e-01 8.25265646e-02
    9.03750718e-01 5.61955273e-01 3.23631018e-01 4.75194514e-01
    3.13686371e-01 2.33020157e-01 9.93202567e-01 2.69677937e-02
    2.39782423e-01 5.71164370e-01 1.75205857e-01 7.39170194e-01
    1.99576735e-01 9.31057930e-01 3.81704986e-01 2.40515381e-01
    7.43043005e-01 1.21036381e-01 2.05168724e-02 6.62979841e-01
    9.98027623e-01 7.08534956e-01 1.17873013e-01 3.36548448e-01
    1.98128551e-01 9.99576807e-01 1.20494097e-01 2.25521386e-01
    1.18274093e-01 4.56221074e-01 3.94631922e-02 6.90611005e-02
    5.02917290e-01 2.84869790e-01 5.78907132e-01 2.18659043e-02
    9.98102367e-01 9.76029634e-02 9.04236913e-01 5.04267216e-01
    9.39537108e-01 4.25480515e-01 9.83362973e-01 7.31856942e-01
    2.05722213e-01 1.98377043e-01 3.50463659e-01 7.29237199e-01
    6.74815774e-01 9.59233880e-01 7.19614327e-01 8.66424382e-01
    4.80153769e-01 4.08256948e-02 9.48584080e-02 4.24566597e-01
    2.73923814e-01 7.93436170e-01 4.63941991e-02 3.73135269e-01
    3.38545144e-02 9.77516472e-01 5.48714578e-01 8.68196845e-01
    7.07369447e-01 6.27293468e-01 4.43720430e-01 6.06479526e-01
    7.47186303e-01 6.02656722e-01 6.79635286e-01 8.59201789e-01
    2.12438464e-01 9.03026938e-01 7.14661896e-01 4.16146755e-01
    9.99109745e-02 9.78941023e-01 3.11564207e-01 5.10439634e-01
    3.78977954e-01 7.44669020e-01 9.63124633e-03 3.21499348e-01
    6.29208446e-01 2.76076794e-03 2.22401202e-01 2.27923363e-01
    6.58934832e-01 2.51204848e-01 9.38747764e-01 6.34042859e-01
    8.92674387e-01 4.21642154e-01 2.54691899e-01 6.42800927e-01
    1.26270264e-01 2.97753781e-01 2.75812328e-01 3.33973080e-01
    5.94980359e-01 2.76311159e-01 8.25489283e-01 3.23320836e-01
    9.21291113e-01 3.71898323e-01 5.81327915e-01 3.38361681e-01
    3.68887782e-02 7.97419906e-01 3.50382954e-01 2.34044075e-01
    6.93731546e-01 4.46551830e-01 7.09511101e-01 8.19604397e-01
    2.35491008e-01 1.85259819e-01 1.33452773e-01 7.81322896e-01
    5.96897542e-01 6.22358322e-01 6.30472779e-01 4.03541923e-01
    7.02828944e-01 9.93213356e-02 6.41113639e-01 2.11597383e-02
    9.23317671e-01 8.30769479e-01 8.64314616e-01 5.15310109e-01
    4.59589690e-01 3.98518622e-01 5.88297009e-01 8.28022659e-01
    8.21330249e-01 1.47888780e-01 1.48151726e-01 3.79117429e-01
    8.17920148e-01 6.16790175e-01 7.75902629e-01 6.43606484e-02
    1.17702931e-01 5.94401836e-01 7.56230056e-01 4.44188029e-01
    6.76327944e-01 8.76976550e-02 2.47787625e-01 5.78429282e-01
    2.13445038e-01 3.33503902e-01 5.64329922e-02 7.82204092e-01
    9.61948097e-01 3.73820484e-01 1.17832214e-01 8.91099930e-01
    6.47194326e-01 7.02122867e-01 1.15649849e-01 8.24520528e-01
    5.68125486e-01 6.98559761e-01 7.34248281e-01 3.25310826e-01
    8.29126656e-01 3.71044934e-01 4.68417019e-01 3.63732517e-01
    1.12393260e-01 9.54430819e-01 7.89299965e-01 7.46392787e-01
    9.28498149e-01 2.97364354e-01 6.28860235e-01 4.39525843e-01
    3.86236221e-01 1.24701202e-01 1.53723568e-01 9.24446583e-01
    4.73575562e-01 9.98646021e-01 9.39862132e-01 6.43198073e-01
    4.63453531e-01 2.10301727e-01 9.20858443e-01 6.56257868e-01
    7.60125041e-01 2.64041364e-01 4.13131714e-03 8.71589661e-01
    4.05720294e-01 7.60998309e-01 2.54819632e-01 4.68859553e-01
    5.01246274e-01 8.21733356e-01 4.14344847e-01 6.45360529e-01
    1.84489608e-01 1.60566479e-01 6.03675544e-01 6.04831159e-01
    6.93793178e-01 1.93039000e-01 6.98399246e-01 9.34407949e-01
    9.81834233e-02 9.61069763e-01 8.81265640e-01 4.79579806e-01
    7.56387711e-02 1.03201807e-01 5.89822710e-01 4.87971246e-01
    6.45535469e-01 8.56666565e-01 1.24445736e-01 2.22273380e-01
    2.95172185e-01 7.23309219e-02 7.45656669e-01 6.15404546e-01
    7.89267778e-01 7.10951447e-01 1.94842041e-01 9.48964655e-01
    9.73935246e-01 7.21231103e-02 4.62261081e-01 3.99490297e-02
    1.20632797e-01 7.15308070e-01 9.72498894e-01 8.17469716e-01
    9.80239630e-01 9.22663808e-02 7.01439679e-02 4.31483895e-01
    3.06833625e-01 8.95591617e-01 4.80115384e-01 5.18659532e-01
    2.73706615e-01 3.40305686e-01 4.35787916e-01 1.21417284e-01
    8.30123067e-01 7.46267438e-01 6.49185300e-01 8.84398460e-01
    1.11797035e-01 9.09115374e-01 7.53833175e-01 9.33333635e-01
    6.22856438e-01 4.03402448e-01 3.58384520e-01 8.79462183e-01
    1.08345211e-01 8.49126101e-01 5.33230245e-01 9.05549645e-01
    2.98272729e-01 7.75851607e-01 9.86666799e-01 3.51968586e-01
    3.90573621e-01 7.98273444e-01 7.59866238e-01 1.76522911e-01
    3.37762833e-02 4.12999332e-01 3.25627685e-01 9.06069517e-01
    4.61870372e-01 4.03503180e-02 9.10736620e-02 9.75017011e-01
    1.43873543e-01 3.29408884e-01 6.03949010e-01 6.01119876e-01
    2.95623749e-01 6.28039300e-01 3.57003570e-01 7.04568028e-01
    7.25114465e-01 2.87560105e-01 8.41538787e-01 4.46519971e-01
    7.81868696e-01 7.66253114e-01 7.81564772e-01 2.92979896e-01
    9.43670869e-02 9.33893919e-01 8.63719106e-01 6.40677214e-01
    4.66404259e-01 7.40293205e-01 6.66354299e-01 5.39656818e-01
    3.14067692e-01 1.97555244e-01 1.46479607e-01 7.26554096e-01
    4.48608726e-01 1.58752441e-01 7.02494562e-01 3.74793291e-01
    8.43856037e-01 6.37762606e-01 2.33857900e-01 9.20176506e-04
    4.02655870e-01 3.50999206e-01 6.27000213e-01 7.65919983e-01
    5.55250704e-01 4.68489915e-01 1.19635612e-01 9.12435055e-01
    1.47636354e-01 7.81547666e-01 3.29646826e-01 2.08431304e-01
    7.62229681e-01 6.06378376e-01 9.63274479e-01 2.77094662e-01
    7.30453432e-02 5.19915342e-01 1.10661983e-03 2.20003337e-01
    1.11484647e-01 4.77031738e-01 6.75114274e-01 6.54428303e-01
    4.07181799e-01 6.43154621e-01 4.74502355e-01 7.94721186e-01
    7.84998059e-01 2.85138100e-01 6.87127590e-01 3.73078465e-01
    5.98139226e-01 7.25472450e-01 1.48367077e-01 1.42944545e-01
    3.56789589e-01 9.98556197e-01 7.17547238e-01 7.79961288e-01
    2.67797589e-01 2.35073626e-01 1.29498452e-01 8.23947549e-01
    9.30388033e-01 6.98040128e-01 2.87087888e-01 9.23345387e-01
    8.31945419e-01 9.18609738e-01 1.40398741e-01 1.30518556e-01
    1.54685706e-01 1.92075014e-01 5.09085715e-01 9.46583629e-01
    2.92592138e-01 7.34162092e-01 6.24314308e-01 2.86610126e-01
    2.03193009e-01 4.78862852e-01 5.27059317e-01 9.11935568e-02
    6.24839902e-01 3.76146942e-01 6.98309064e-01 2.73677528e-01
    4.69976217e-01 3.96570653e-01 3.44585508e-01 6.40483797e-01
    6.35622442e-01 2.59516329e-01 9.08753276e-01 6.69298172e-01
    2.50079781e-01 7.05217600e-01 4.75259632e-01 6.96761310e-02
    3.82450253e-01 4.84659165e-01 7.47001767e-01 4.13022012e-01
    2.90842056e-01 3.44573170e-01 9.80233192e-01 1.95849866e-01
    8.38662148e-01 5.38226247e-01 4.09533322e-01 6.76199555e-01
    9.23639178e-01 5.61967850e-01 5.55278778e-01 8.63038123e-01
    6.90284967e-01 3.38294327e-01 3.47598881e-01 3.17609191e-01
    1.33945525e-01 3.73391449e-01 4.17750955e-01 5.04870892e-01
    6.99412227e-01 7.12170899e-02 3.56299877e-01 8.17242742e-01
    1.12652540e-01 9.89949942e-01 4.43691552e-01 9.91544247e-01
    5.44248462e-01 6.66666687e-01 9.56995964e-01 5.56940198e-01
    8.66467118e-01 9.49354112e-01 5.27792871e-02 7.16464579e-01
    2.46424228e-01 8.65167856e-01 7.99725652e-02 5.24028897e-01
    7.31098533e-01 8.10081720e-01 5.01598597e-01 1.94581151e-02
    7.03872442e-01 3.08681428e-02 2.43122548e-01 3.74844491e-01
    3.62270474e-01 5.50389946e-01 4.41551805e-02 2.22292244e-01
    7.67985106e-01 6.27897501e-01 6.10764205e-01 6.77671373e-01
    4.58411276e-02 5.52030563e-01 5.80812812e-01 5.58839619e-01
    2.19845176e-02 7.65866041e-02 1.03918523e-01 7.33625054e-01
    2.46060491e-01 4.17592943e-01 6.16569221e-01 3.06780607e-01
    8.00839663e-01 3.95266771e-01 8.50549221e-01 2.69584239e-01
    1.10970795e-01 4.98070985e-01 1.22154951e-01 6.72872484e-01
    6.85496628e-02 2.59220898e-02 6.95382774e-01 2.52769321e-01
    9.84105706e-01 7.56544113e-01 1.48493648e-01 7.19958544e-01
    8.73777092e-01 1.69174373e-01 4.83734816e-01 3.48590642e-01
    9.94951665e-01 3.78647864e-01 6.77187741e-02 6.42854393e-01
    4.41625834e-01 4.71548527e-01 7.98392534e-01 9.51462507e-01
    2.93704867e-02 9.82659757e-02 4.69891578e-01 9.60529804e-01
    5.55729449e-01 2.71552026e-01 6.47104740e-01 6.47576690e-01
    1.86488688e-01 4.94827330e-01 8.08888972e-02 4.78256106e-01
    3.97562683e-01 9.39916968e-02 2.86122024e-01 1.74328983e-01
    8.22300076e-01 3.53625149e-01 3.38010192e-02 1.89385414e-01
    7.69532204e-01 9.93816555e-02 6.15801275e-01 7.34690428e-01
    2.81525433e-01 5.70550203e-01 4.99769270e-01 6.64962769e-01
    4.82621163e-01 9.71853733e-01 6.06523812e-01 1.40971184e-01
    4.94203418e-01 8.69708657e-01 4.79572624e-01 8.02738547e-01
    7.92788863e-01 5.69930255e-01 5.95063686e-01 2.65860558e-01
    1.47322536e-01 2.10242867e-01 7.09384680e-01 1.20829463e-01
    3.37725073e-01 6.52485907e-01 9.97574329e-02 6.18656993e-01
    9.18953300e-01 6.40730441e-01 5.09401560e-01 3.50187659e-01
    8.91059160e-01 5.14055669e-01 8.14029932e-01 5.53906500e-01
    4.08818305e-01 6.35546148e-01 6.75214827e-01 5.22395134e-01
    7.26734340e-01 2.69065857e-01 8.59899223e-02 8.43436360e-01
    9.40855443e-01 7.06315041e-01 2.92019486e-01 4.56763864e-01
    5.07096171e-01 4.85936284e-01 5.98971844e-01 8.10381711e-01
    6.34508133e-01 2.47998834e-02 1.89824700e-01 7.29199767e-01
    6.93351090e-01 7.38762438e-01 3.18310946e-01 7.81181097e-01
    6.89653397e-01 2.12735534e-01 9.53846097e-01 3.07848155e-01
    3.76782417e-02 6.28717959e-01 6.58046305e-02 3.91652316e-01
    8.22192073e-01 1.22158617e-01 8.22543144e-01 7.02308118e-01
    2.05316961e-01 1.57132149e-01 7.85149693e-01 4.52091962e-01
    5.47949374e-01 4.27770436e-01 5.18521965e-01 9.58657503e-01
    2.27362871e-01 8.01615119e-02 5.11788905e-01 9.73550975e-01
    9.74908054e-01 8.93891931e-01 3.39905620e-01 3.53586137e-01
    5.98077178e-01 1.96069926e-01 5.65048397e-01 2.72118330e-01
    4.24805760e-01 3.25471699e-01 2.68381536e-02 3.25351715e-01
    3.33256394e-01 8.35250497e-01 4.09164548e-01 6.68909967e-01
    1.72369629e-01 7.98578024e-01 3.28461587e-01 3.56595784e-01
    6.66280866e-01 3.00834179e-02 6.97933674e-01 4.02889162e-01
    3.64054501e-01 3.39667499e-01 6.28338814e-01 4.66593713e-01
    7.39377737e-01 7.92711020e-01 9.59380388e-01 4.49617535e-01
    4.32359040e-01 1.04448557e-01 6.95809245e-01 7.60753989e-01
    2.05684274e-01 9.29333746e-01 6.43554926e-01 7.42377400e-01
    4.43976700e-01 3.85143131e-01 6.05706394e-01 7.33153820e-01
    1.36171877e-01 2.86765575e-01 3.34174156e-01 9.93807077e-01
    7.01358080e-01 9.79990363e-02 4.64950860e-01 8.89801979e-03
    2.58891761e-01 8.93501043e-01 4.88810658e-01 9.30473328e-01
    8.75452042e-01 5.92345655e-01 1.02773488e-01 4.69152510e-01
    9.70155358e-01 7.31233478e-01 2.15353519e-01 9.68383610e-01
    3.37988287e-01 5.95076382e-01 3.53502035e-01 4.14347827e-01
    8.75720441e-01 3.62511784e-01 7.07733631e-01 4.29227769e-01
    3.73295665e-01 5.00082672e-01 6.24191761e-01 2.59025276e-01
    4.28781986e-01 7.03507066e-02 1.81957722e-01 4.14589942e-01
    5.08355021e-01 8.92207623e-01 9.59621966e-02 3.75396907e-02
    5.94295204e-01 5.26838362e-01 8.99261534e-02 4.36168760e-01
    7.06953287e-01 1.53254658e-01 9.44858909e-01 5.56402802e-01
    8.29257369e-02 9.41139936e-01 9.69702899e-01 5.61735392e-01
    3.65874290e-01 1.20257527e-01 8.99184704e-01 3.36921692e-01
    4.26459640e-01 7.45209992e-01 2.88732976e-01 5.01423776e-01
    1.97015345e-01 1.58984959e-01 5.17574966e-01 5.38329661e-01
    6.34891510e-01 8.13709736e-01 2.96278208e-01 2.04276890e-01
    5.75552881e-01 1.26324505e-01 9.74838734e-02 3.42800885e-01
    9.31293488e-01 4.44419712e-01 9.22532082e-01 2.65338957e-01
    6.42864764e-01 8.40328097e-01 3.50147426e-01 5.01235604e-01
    5.40748179e-01 4.05867815e-01 2.60463417e-01 4.60643679e-01
    7.02755690e-01 8.48190427e-01 4.84769225e-01 9.77123082e-02
    1.53234690e-01 9.81776953e-01 1.55951262e-01 8.97658288e-01
    9.08194423e-01 7.42617011e-01 3.49118292e-01 1.36670887e-01
    5.30693531e-01 7.00413883e-01 3.40644300e-01 7.36984074e-01
    9.80940580e-01 8.18337381e-01 1.61270767e-01 9.48891640e-01
    7.43756890e-01 7.06419289e-01 5.24033308e-01 2.69001544e-01
    8.44132125e-01 3.81480038e-01 9.67624724e-01 9.63707685e-01
    6.77208781e-01 5.71868837e-01 3.15693736e-01 7.13243306e-01
    8.15450907e-01 9.23336267e-01 5.84550738e-01 8.70281935e-01
    5.17608821e-01 3.56906831e-01 7.92515874e-01 6.88238025e-01
    5.34967184e-01 2.38139004e-01 8.26440096e-01 3.82885009e-01
    7.94887543e-01 6.97710991e-01 9.10682499e-01 5.95372438e-01
    6.11974239e-01 9.41438675e-01 2.32551455e-01 8.93404007e-01
    9.69374597e-01 9.19270992e-01 6.57402754e-01 1.78067058e-01
    4.51238185e-01 8.72707069e-01 9.65472460e-01 8.55368257e-01
    7.10348785e-02 9.72159982e-01 8.28348100e-01 4.17508513e-01
    4.79071736e-01 1.63660705e-01 2.89134383e-01 5.56264699e-01
    1.40695930e-01 4.89589393e-01 5.84642887e-01 7.64426589e-01
    7.68409669e-01 9.97205853e-01 9.59972382e-01 8.30160856e-01
    6.01542890e-01 1.02544278e-01 5.24485588e-01 4.46659923e-01
    1.22754633e-01 5.96221805e-01 9.45461869e-01 4.56301063e-01
    9.65154171e-02 1.83618307e-01 4.12827343e-01 4.60376263e-01
    6.03376329e-02 5.92073560e-01 5.99992752e-01 3.44739377e-01
    4.53924954e-01 9.86274123e-01 4.91841257e-01 6.18076205e-01
    6.97606862e-01 3.51039469e-01 7.86577165e-02 9.83718634e-01
    1.29586458e-01 4.71096933e-01 1.83665752e-01 4.14708823e-01
    2.70090997e-02 3.92183304e-01 6.66264355e-01 8.11128378e-01
    5.35351038e-01 9.93855536e-01 7.61455894e-02 9.54644859e-01
    1.17566526e-01 6.01781130e-01 7.25853384e-01 4.41820055e-01
    7.35542059e-01 1.23648942e-02 8.25535595e-01 6.98020816e-01
    7.78369188e-01 4.77286100e-01 3.09107542e-01 3.11060429e-01
    4.67110097e-01 4.96098369e-01 3.15600514e-01 7.19378829e-01
    5.90331554e-01 8.58134210e-01 2.08064914e-03 9.64895666e-01
    6.31682158e-01 9.10343528e-01 9.77941394e-01 8.20734143e-01
    3.00164580e-01 6.42276406e-01 4.64653671e-01 3.10774803e-01
    4.57673699e-01 2.11752832e-01 9.81957376e-01 4.43056077e-01
    6.29307210e-01 6.16048396e-01 3.92795503e-01 4.17020470e-01
    9.10843968e-01 2.95679212e-01 1.43776149e-01 2.96775997e-01
    6.69768035e-01 4.64681894e-01 3.05172384e-01 6.88845634e-01
    1.13784939e-01 6.26332819e-01 9.50333476e-01 3.54191959e-02
    5.67284048e-01 1.15260780e-02 8.45806837e-01 7.54089594e-01
    2.48199940e-01 2.72921145e-01 3.81386757e-01 1.84484690e-01
    6.60877109e-01 1.16747469e-01 5.80721855e-01 4.38966751e-01
    5.31759977e-01 2.64076829e-01 2.28100002e-01 2.33067632e-01
    9.15583968e-01 4.43982273e-01 8.33246112e-03 8.09889555e-01
    7.69246101e-01 5.92269599e-01 2.05257475e-01 7.29357958e-01
    3.02799493e-01 1.21575147e-01 7.85742640e-01 4.10786182e-01
    1.45978898e-01 1.70071870e-01 7.27696538e-01 7.41167784e-01
    2.97944069e-01 1.64971352e-02 5.07026136e-01 8.82907927e-01
    9.03238833e-01 2.08809584e-01 4.40541536e-01 4.70659733e-02
    3.89485478e-01 8.30662012e-01 1.58492357e-01 2.55032092e-01
    8.06279600e-01 5.10203540e-01 7.59658992e-01 1.86688781e-01
    9.95083570e-01 3.26859891e-01 8.44598651e-01 2.86903322e-01
    1.73655510e-01 2.55676150e-01 7.55187571e-02 9.05490518e-02
    4.72416252e-01 3.62922102e-01 7.07430720e-01 2.18979657e-01
    4.55674052e-01 3.46862346e-01 3.83191139e-01 7.26778805e-01
    8.17767143e-01 3.84261519e-01 2.17828125e-01 5.49584627e-02
    9.31182384e-01 5.09173691e-01 7.00940549e-01 5.84319234e-03
    5.42840600e-01 7.02029169e-02 6.28593862e-01 9.15579915e-01
    9.87721801e-01 1.93561137e-01 1.85295135e-01 1.07146800e-02
    3.89572680e-02 5.42133987e-01 1.06830388e-01 7.93879867e-01
    7.24621713e-01 9.97949481e-01 3.68843406e-01 7.35042810e-01
    3.98749232e-01 2.62314022e-01 5.14685750e-01 2.73696512e-01
    7.61086762e-01 8.76727223e-01 3.60298812e-01 5.41345716e-01
    7.22967744e-01 6.60028756e-01 8.73787999e-01 2.38400191e-01
    5.83921254e-01 9.49215472e-01 8.19355607e-01 9.97093976e-01
    3.45034629e-01 7.43209243e-01 4.88477528e-01 7.38880098e-01
    5.88348985e-01 5.54800034e-01 2.78281748e-01 7.93746531e-01
    6.05563283e-01 3.27031851e-01 1.73266232e-01 5.52657247e-03
    2.69040793e-01 1.46935046e-01 7.46756971e-01 8.40154052e-01
    5.30565858e-01 6.48026884e-01 6.28132522e-01 9.23287094e-01
    5.49427748e-01 9.26508665e-01 2.71251261e-01 4.72868711e-01
    6.83491170e-01 4.55361843e-01 8.43830049e-01 3.37502599e-01
    9.27129090e-01 9.65216637e-01 2.46857375e-01 2.63813734e-02
    3.03832918e-01 5.96486747e-01 2.73560643e-01 2.72808462e-01
    7.03135073e-01 6.40034616e-01 3.92343462e-01 8.47814918e-01
    4.83114213e-01 2.16985345e-01 4.88823652e-02 7.75950789e-01
    5.51519692e-01 6.74998760e-03 3.07150245e-01 5.49320519e-01
    3.10987264e-01 7.34669983e-01 5.43299019e-01 6.18889749e-01
    7.61263490e-01 8.15769315e-01 4.95270491e-01 8.77634585e-01
    8.74117613e-01 9.52484131e-01 6.91868067e-01 5.06098092e-01
    6.27324522e-01 1.63222224e-01 3.19972575e-01 8.30514073e-01
    1.36539549e-01 6.73181295e-01 6.82901680e-01 4.40145463e-01
    5.66813052e-01 7.95931578e-01 1.61727071e-02 4.28851992e-01
    2.53208846e-01 9.29395914e-01 9.67895865e-01 2.10076571e-01
    9.00568366e-01 7.48328745e-01 3.43567133e-03 6.66785955e-01
    4.68809992e-01 5.32683015e-01 5.52108347e-01 7.52765715e-01
    2.60081530e-01 3.31452787e-01 3.07582021e-01 9.09577250e-01
    9.37399983e-01 4.88880783e-01 3.40851128e-01 5.07774174e-01
    6.67376399e-01 8.24854553e-01 7.41940200e-01 4.38694894e-01
    1.80816621e-01 7.65492916e-02 5.90342641e-01 7.15257645e-01
    4.38707918e-01 8.91898036e-01 7.85197556e-01 9.57105160e-01
    7.35357404e-02 1.99114025e-01 8.55683327e-01 8.95857692e-01
    4.19107795e-01 5.51530778e-01 4.70303237e-01 3.02070558e-01
    8.95952284e-02 6.35230899e-01 1.49725348e-01 7.79564798e-01
    2.24309087e-01 2.95352548e-01 4.18448806e-01 1.77495182e-01
    2.85823345e-02 3.27834547e-01 4.42947954e-01 8.25146437e-02
    7.03989446e-01 6.84986115e-01 2.55319715e-01 4.38757479e-01
    5.42732894e-01 8.55186105e-01 2.89158821e-01 1.06274933e-01
    5.93236983e-02 7.56759167e-01 9.49592590e-02 6.72078192e-01
    9.23336148e-02 4.03494895e-01 5.15836358e-01 6.93679810e-01
    7.41473615e-01 2.09895700e-01 5.05429745e-01 7.29647875e-02
    6.20035052e-01 7.90331364e-01 9.45503831e-01 8.95191729e-01
    7.40037084e-01 1.52564377e-01 2.51848191e-01 3.34639609e-01
    3.24095488e-01 3.51064414e-01 8.55946600e-01 9.89558637e-01
    7.25382984e-01 8.68872046e-01 4.75199431e-01 5.71317971e-01
    6.02622747e-01 5.56626618e-01 3.27340275e-01 8.71180773e-01
    6.68555975e-01 4.90180463e-01 9.25406694e-01 3.17497402e-01
    7.35768616e-01 5.26147306e-01 4.64187086e-01 7.94405460e-01
    6.95346296e-01 7.97520161e-01 5.80249131e-01 4.99558002e-01
    7.01839030e-02 2.68194854e-01 8.64840388e-01 7.59399772e-01
    4.88615811e-01 5.92445970e-01 5.09378910e-01 5.43249846e-01
    6.77618980e-02 4.31192935e-01 5.91266394e-01 8.34603608e-01
    3.86021733e-02 2.64770120e-01 4.09210622e-02 8.42631340e-01
    3.79749238e-01 6.19485617e-01 2.41956145e-01 9.28115487e-01
    9.69002008e-01 7.78607965e-01 8.24581146e-01 9.01455522e-01
    1.46775633e-01 1.70821160e-01 6.72658920e-01 2.47304976e-01
    4.26637828e-02 8.13167572e-01 2.37338722e-01 4.74720180e-01
    5.76371312e-01 4.03782368e-01 5.17078578e-01 2.09419519e-01
    5.64096034e-01 4.16975617e-01 2.38744706e-01 9.63200569e-01
    6.14551663e-01 1.99120611e-01 1.95574194e-01 9.68800902e-01
    7.12998986e-01 6.37854338e-02 9.08371806e-01 1.65762037e-01
    1.51769817e-02 9.05909777e-01 2.17453808e-01 7.51700580e-01
    2.08328664e-02 1.35306299e-01 3.01324010e-01 1.80098832e-01
    6.74673021e-01 8.95352244e-01 1.24164224e-01 8.52482975e-01
    2.62581229e-01 8.80233228e-01 9.51866806e-02 4.36377496e-01
    6.74567640e-01 3.48674923e-01 1.11063123e-01 5.38150430e-01
    6.92556739e-01 4.21290070e-01 9.73574579e-01 5.45040071e-01
    1.28409266e-03 7.61366963e-01 8.46957564e-02 8.63554955e-01
    9.44736838e-01 3.59530747e-01 3.64713728e-01 2.93740392e-01
    6.08689785e-01 2.61491835e-01 6.52380943e-01 8.41405511e-01
    7.64583707e-01 8.25218797e-01 4.38015789e-01 3.54752481e-01
    6.75780296e-01 6.37137413e-01 7.58013785e-01 2.20330596e-01
    8.65627527e-01 6.75016522e-01 6.30008042e-01 7.84496784e-01
    3.75213027e-02 1.18109316e-01 7.39034593e-01 4.45895761e-01
    3.24689746e-02 1.95418656e-01 7.10983872e-01 7.31477141e-02
    5.37308812e-01 3.51200521e-01 4.06074405e-01 3.37369770e-01
    7.43242145e-01 3.09064418e-01 6.09801948e-01 9.44853127e-02
    1.51073933e-03 4.48663741e-01 3.59778404e-01 9.54842687e-01
    7.99816489e-01 6.42865062e-01 9.86982226e-01 4.61648762e-01
    1.01592958e-01 3.69302034e-01 6.68566346e-01 4.48154151e-01
    1.77949071e-02 2.09857672e-01 4.96583462e-01 6.54065251e-01
    8.94518733e-01 7.51086831e-01 6.03197455e-01 3.53353977e-01
    7.98785329e-01 5.19284487e-01 5.04142225e-01 7.65258431e-01
    9.04532373e-01 8.29010248e-01 5.41256070e-01 2.31854618e-01
    7.25397885e-01 4.00084138e-01 7.45964050e-03 1.45027697e-01
    6.18036866e-01 3.33690912e-01 5.52951992e-01 1.88102186e-01
    9.79321599e-01 8.09128881e-02 5.19564688e-01 4.38232720e-01
    4.64919209e-03 6.00520313e-01 7.23007023e-01 1.91244215e-01
    3.02900523e-01 8.66215527e-01 3.78077209e-01 9.50311661e-01
    3.20006490e-01 2.09116608e-01 3.49385202e-01 4.87884521e-01
    5.76406121e-02 6.23842835e-01 6.20383501e-01 5.21667182e-01
    2.81103194e-01 5.43712795e-01 3.87847543e-01 6.73556924e-01
    2.08625793e-01 3.94123316e-01 8.56533587e-01 7.49183953e-01
    9.91133094e-01 6.49453521e-01 8.04448962e-01 7.18165994e-01
    4.01193202e-02 2.32421905e-01 4.87927377e-01 6.23705089e-02
    5.56233168e-01 5.13145089e-01 6.85341060e-02 7.63614297e-01
    6.95471704e-01 5.14527142e-01 3.01446676e-01 2.70270169e-01
    1.44437253e-02 4.85766828e-01 5.44380784e-01 2.55578130e-01
    3.08548361e-01 5.25190532e-01 4.35089618e-01 9.03780758e-02
    3.84556085e-01 5.41606188e-01 7.82196105e-01 9.79482651e-01
    6.56687438e-01 1.80152059e-03 9.64951038e-01 5.01013696e-02
    6.99062884e-01 8.50696862e-02 3.35925311e-01 7.60560930e-01
    5.96342862e-01 3.92413497e-01 4.35782343e-01 1.41346127e-01
    2.18779355e-01 9.82992887e-01 6.37372911e-01 9.50803757e-01
    1.67454600e-01 1.79961026e-02 9.69816267e-01 6.40988052e-02
    7.87771881e-01 8.49469066e-01 6.10900640e-01 7.19530642e-01
    3.75123978e-01 4.82547939e-01 9.92615819e-01 1.47812337e-01
    4.27770436e-01 5.56464732e-01 9.06292915e-01 8.00646424e-01
    8.81269455e-01 2.62248605e-01 9.95216906e-01 7.13728666e-01
    6.60402238e-01 3.56878787e-01 4.95417595e-01 7.65295029e-01
    1.70373917e-02 2.20687121e-01 1.96862906e-01 3.35556597e-01
    7.30406165e-01 2.97283739e-01 8.85496616e-01 5.53600311e-01
    4.28780019e-02 1.85468227e-01 9.39031363e-01 2.48095512e-01
    2.25070357e-01 2.82121718e-01 6.00969017e-01 9.03700054e-01
    7.21607804e-01 3.24726939e-01 5.53836882e-01 5.20420611e-01
    8.99161339e-01 6.00583076e-01 1.37431264e-01 8.35157990e-01
    5.72968543e-01 1.14264101e-01 7.07459927e-01 6.36728048e-01
    1.48313731e-01 9.96200919e-01 1.91831440e-01 7.91586876e-01
    2.13769674e-02 9.79005158e-01 7.18917608e-01 7.18656659e-01
    3.63726348e-01 1.22952908e-01 8.28712285e-02 6.92398310e-01
    2.35467285e-01 3.06046605e-02 4.34849322e-01 2.70217389e-01
    4.97268349e-01 2.40752131e-01 5.82959056e-01 2.90489972e-01
    7.57418513e-01 5.35904765e-01 4.04938459e-02 3.04776251e-01
    7.84410775e-01 9.11361337e-01 2.54723012e-01 4.61002022e-01
    5.39172411e-01 4.13536131e-02 9.16729927e-01 5.92025697e-01
    9.96671796e-01 9.23442245e-02 5.25805354e-03 4.26701009e-01
    7.97072649e-01 9.98157501e-01 4.56629723e-01 4.70544994e-02
    2.24987358e-01 2.33725905e-02 6.74468398e-01 9.56449986e-01
    7.43942261e-01 7.05963552e-01 2.18181968e-01 2.11231053e-01
    1.53943062e-01 3.29119265e-01 3.18150640e-01 1.16607964e-01
    4.56405640e-01 8.96703541e-01 5.48394680e-01 3.22611690e-01
    6.80318713e-01 2.11912990e-02 6.73153162e-01 2.92705297e-02
    2.63081282e-01 1.80113375e-01 3.56028050e-01 8.72474968e-01
    2.14882642e-01 1.47246361e-01 8.74411583e-01 5.19416511e-01
    4.78055894e-01 5.42356074e-01 8.96088421e-01 3.17540884e-01
    8.80251288e-01 4.41324890e-01 2.11171478e-01 1.93328530e-01
    3.34909379e-01 1.69375241e-02 6.07435405e-01 1.43887132e-01
    6.09255552e-01 2.88327873e-01 2.21609384e-01 5.29112637e-01
    7.04337478e-01 1.57338113e-01 8.68019104e-01 6.95287287e-01
    8.90066326e-01 7.59077072e-03 7.92201161e-02 5.95553756e-01
    2.31309652e-01 5.32837152e-01 1.72665149e-01 5.65261126e-01
    8.60698164e-01 8.60142052e-01 5.08441269e-01 4.55903620e-01
    6.13199592e-01 5.85898697e-01 9.15587962e-01 1.62346184e-01
    5.45311928e-01 4.16402310e-01 2.08871067e-01 3.42687607e-01
    1.30287349e-01 6.47586942e-01 8.46745729e-01 2.21692264e-01
    4.57509488e-01 4.58878726e-01 1.83644921e-01 4.72895205e-02
    8.13076854e-01 7.45784581e-01 1.21274233e-01 8.78145576e-01
    5.59261322e-01 2.06297129e-01 3.65942657e-01 2.94622272e-01
    8.08231711e-01 5.23727417e-01 3.23930234e-01 4.15722251e-01
    6.12221301e-01 9.67346668e-01 2.64379621e-01 8.16166878e-01
    5.73723614e-02 5.96033692e-01 7.74564922e-01 8.36668909e-01
    6.38246894e-01 4.74151701e-01 1.00999027e-01 8.18245292e-01
    3.92906576e-01 7.83354163e-01 8.28725755e-01 2.43186116e-01
    1.60675079e-01 4.32113737e-01 4.73574936e-01 8.30521882e-01
    7.85645723e-01 6.09713256e-01 5.14121056e-01 4.33884561e-02
    2.41770625e-01 2.45432884e-01 2.09436774e-01 3.45707774e-01
    5.17401576e-01 1.05444163e-01 2.51481175e-01 2.35404581e-01
    2.12128073e-01 5.91762960e-01 5.39609075e-01 9.11492944e-01
    5.53413630e-01 2.05939561e-01 6.13350809e-01 9.39926863e-01
    3.46921563e-01 9.05756652e-02 7.44791687e-01 4.20110613e-01
    8.11501384e-01 7.77579188e-01 6.13118589e-01 2.78881490e-01
    5.57635605e-01 1.69445604e-01 3.88758063e-01 5.72004914e-01
    4.39247072e-01 3.71520817e-01 4.82533574e-01 1.96529359e-01
    3.25193673e-01 5.49949825e-01 7.84647226e-01 6.71891928e-01
    1.16079986e-01 7.87189484e-01 4.32624042e-01 3.14428091e-01
    8.57776701e-02 6.20382309e-01 7.54083097e-02 8.42852473e-01
    2.38928288e-01 9.03247595e-02 5.00381112e-01 7.74077058e-01
    9.14232492e-01 7.43990660e-01 5.35889030e-01 3.27318698e-01
    9.76478934e-01 8.95444810e-01 1.05799437e-02 1.85791254e-02
    7.05103159e-01 3.66713196e-01 8.45316052e-02 3.97082359e-01
    8.09526086e-01 6.44148409e-01 7.25350142e-01 1.36539549e-01
    6.00149214e-01 3.55235875e-01 8.20434570e-01 2.92318463e-01
    5.50598681e-01 7.84081578e-01 2.66121387e-01 7.87379265e-01
    9.23386931e-01 1.35335535e-01 4.44417506e-01 5.04769564e-01
    2.20120043e-01 5.30882359e-01 9.20655847e-01 5.66490829e-01
    5.60700953e-01 5.78705311e-01 5.04584551e-01 4.20464903e-01
    8.56626868e-01 7.63695896e-01 7.05446124e-01 3.52663517e-01
    2.73174047e-03 8.86755466e-01 9.83006656e-01 2.09990680e-01
    4.47572619e-01 2.52298713e-02 6.56070769e-01 9.92740571e-01
    7.36974835e-01 2.25402415e-02 5.52634895e-01 4.77875739e-01
    1.27324849e-01 7.09661424e-01 3.93728256e-01 1.56115144e-01
    9.65190053e-01 6.42750025e-01 6.05545104e-01 2.84937620e-02
    1.04770184e-01 7.11678803e-01 2.03217655e-01 1.54581606e-01
    1.54945552e-01 1.66070312e-01 2.91127920e-01 6.19853258e-01
    2.91933596e-01 2.84060240e-02 5.42681813e-02 5.68161905e-01
    1.17803812e-01 2.14917421e-01 5.29533029e-01 6.31047606e-01
    9.68884110e-01 6.10121012e-01 8.92498255e-01 2.71527827e-01
    5.07960200e-01 5.56280732e-01 3.54978561e-01 1.40468568e-01
    8.65153074e-01 9.07643795e-01 2.42231280e-01 6.12228215e-02
    8.95665646e-01 1.65661424e-01 7.43512630e-01 6.25817537e-01
    9.82436895e-01 9.45662141e-01 2.39084333e-01 6.92367673e-01
    9.10692453e-01 4.22741473e-01 3.62589955e-02 6.54889166e-01
    3.62123132e-01 7.41809905e-01 8.47319245e-01 1.32107705e-01
    7.83295333e-01 8.53273153e-01 6.11432374e-01 7.57868767e-01
    5.94163716e-01 5.84171593e-01 5.37891269e-01 5.35330355e-01
    1.43080324e-01 8.97278666e-01 6.85032904e-01 6.57233119e-01
    5.70684373e-01 4.05910730e-01 8.07998896e-01 3.67520213e-01
    9.05631542e-01 4.97550547e-01 2.94718266e-01 9.15631652e-01
    7.42670596e-02 6.62168503e-01 1.34539723e-01 5.67284584e-01
    3.95319611e-01 8.50652933e-01 2.22739935e-01 1.57543272e-01
    5.05885243e-01 2.46292830e-01 3.29957187e-01 2.69936562e-01
    6.21722162e-01 9.54712987e-01 3.87220502e-01 4.20616478e-01
    6.14893317e-01 2.79747784e-01 7.94357300e-01 2.63849199e-02
    9.01694894e-01 8.47147048e-01 1.98666006e-01 7.54348814e-01
    4.25039232e-01 8.11829686e-01 5.29946566e-01 1.55707955e-01
    7.66989350e-01 1.07718915e-01 2.42856860e-01 9.92493689e-01
    4.82623547e-01 6.19627297e-01 7.78256357e-01 7.12009251e-01
    8.52122009e-01 1.26305699e-01 8.84253025e-01 5.38814843e-01
    7.02632368e-02 1.98868215e-02 4.25912768e-01 2.39587843e-01
    1.34805202e-01 3.52078021e-01 7.71546900e-01 6.42121494e-01
    6.95275128e-01 4.34145063e-01 8.53757381e-01 1.20431870e-01
    2.81705201e-01 5.07873058e-01 5.07791638e-01 1.95230961e-01
    6.75853550e-01 2.45863259e-01 2.48717427e-01 5.16016543e-01
    5.94485462e-01 1.54381692e-02 4.47743177e-01 5.39876401e-01
    9.46997046e-01 5.59081733e-01 2.97194839e-01 5.08069575e-01
    9.36283410e-01 4.72770542e-01 1.59611523e-01 3.64117980e-01
    5.31168640e-01 8.19749594e-01 2.60533094e-01 1.29832834e-01
    5.18152058e-01 8.83911788e-01 6.52240992e-01 1.92986637e-01
    1.08195513e-01 8.67321014e-01 3.38214755e-01 1.19393557e-01
    8.38378251e-01 7.57570028e-01 7.25962579e-01 5.69250584e-01
    3.32426488e-01 6.01601899e-02 9.22719479e-01 7.80678153e-01
    1.70090139e-01 2.64380246e-01 3.42081189e-01 5.09438634e-01
    9.63789225e-03 1.25973076e-01 3.97280753e-01 4.26801562e-01
    4.01609182e-01 2.10447222e-01 7.48466134e-01 7.10171461e-03
    6.44652903e-01 7.98125863e-01 3.62317622e-01 3.31856728e-01
    4.87479061e-01 1.91049665e-01 6.49633110e-01 4.21743929e-01
    1.09321713e-01 6.73831463e-01 5.30811131e-01 1.99480087e-01
    3.87634248e-01 7.70569682e-01 3.71538341e-01 6.62251890e-01
    6.70901239e-02 3.99344832e-01 1.40323907e-01 3.64599288e-01
    9.80461121e-01 5.11569858e-01 6.87692463e-01 1.44249767e-01
    2.36159682e-01 8.61374974e-01 2.17864305e-01 8.74403656e-01
    6.88721716e-01 9.26672101e-01 2.79914290e-01 5.37126362e-02
    2.82511830e-01 1.90332979e-01 3.10660928e-01 5.15239537e-02
    6.52313948e-01 9.38141286e-01 4.28491533e-01 6.93655670e-01
    2.55631298e-01 3.77498180e-01 2.93887556e-02 9.19133186e-01
    6.78880334e-01 3.02417517e-01 8.48887563e-02 3.14798236e-01
    1.00156367e-02 5.87941885e-01 4.92773533e-01 4.74656343e-01
    7.92569518e-01 3.72342736e-01 6.29414916e-01 5.75306177e-01
    3.79329920e-03 7.66879320e-03 1.52989864e-01 8.26111019e-01
    5.76124132e-01 7.17429161e-01 7.16808856e-01 1.77026749e-01
    5.73673844e-02 7.85090685e-01 2.20421404e-01 9.35017943e-01
    3.86984050e-01 6.98375225e-01 3.67293417e-01 4.48448300e-01
    2.59805769e-01 9.69629884e-02 1.99534416e-01 8.72833967e-01
    8.09794903e-01 8.95406485e-01 3.96020174e-01 5.76172829e-01
    1.06424034e-01 1.75710887e-01 1.23582840e-01 5.00986934e-01
    6.44232988e-01 2.18672454e-02 8.14258456e-01 4.30356443e-01
    3.20498645e-02 5.41710138e-01 5.92529476e-01 4.24472332e-01
    9.57290471e-01 2.25414008e-01 2.01826304e-01 1.72092170e-01
    4.43029225e-01 2.67646968e-01 2.10595310e-01 4.59988415e-01
    4.27505434e-01 9.16659355e-01 2.50435263e-01 8.72417808e-01
    6.92946911e-01 7.76761174e-02 2.71496862e-01 4.21479613e-01
    4.63865429e-01 7.65920460e-01 2.86379576e-01 8.48099828e-01
    3.84335876e-01 4.68883902e-01 7.44521916e-01 5.53516209e-01
    5.36900818e-01 5.06118953e-01 6.56934917e-01 8.11239481e-01
    7.92755008e-01 3.69190395e-01 8.14955354e-01 4.56255496e-01
    3.93578410e-02 4.56931740e-01 3.08362246e-01 5.75275421e-01
    7.78222203e-01 3.02780569e-02 9.97108579e-01 6.68364048e-01
    8.66722763e-01 2.43076175e-01 9.43735361e-01 7.75084615e-01
    3.71312797e-01 3.65376830e-01 2.95418799e-02 1.86233759e-01
    1.31330401e-01 4.29361343e-01 4.25199389e-01 3.26035321e-01
    9.24870133e-01 3.53851914e-02 2.54343688e-01 5.48716843e-01
    7.88559854e-01 8.69711578e-01 6.27784610e-01 6.57427132e-01
    2.90309161e-01 8.39762092e-01 5.98092020e-01 7.44450986e-01
    8.94674063e-02 8.93000305e-01 4.96020645e-01 6.69353127e-01
    5.35300910e-01 5.91650009e-01 3.38088751e-01 2.02524781e-01
    2.95060515e-01 1.66611940e-01 8.36618662e-01 7.14486539e-02
    4.33309168e-01 3.81199062e-01 2.69919425e-01 4.25086737e-01
    4.12686527e-01 8.19316030e-01 1.55959994e-01 5.58667123e-01
    7.08402991e-02 6.80191934e-01 6.63032353e-01 3.23459148e-01
    8.48556578e-01 6.97352767e-01 5.23101151e-01 6.29026055e-01
    7.43047535e-01 9.81980801e-01 9.01616395e-01 8.90711725e-01
    9.09516096e-01 5.53695321e-01 8.29325616e-02 8.93603325e-01
    4.75504428e-01 4.61575091e-02 6.43146217e-01 8.47381473e-01
    3.83934677e-01 5.67282736e-01 4.78219211e-01 7.52499282e-01
    3.63280594e-01 7.13240683e-01 7.87952662e-01 3.77974093e-01
    3.96696180e-01 5.59346437e-01 4.99012381e-01 1.09324753e-01
    1.38876140e-02 2.35926598e-01 3.84891987e-01 3.33079040e-01
    6.30271256e-01 9.99579370e-01 3.98543417e-01 4.48043108e-01
    7.15494454e-02 6.06621504e-02 2.09411412e-01 6.59873128e-01
    9.70733047e-01 5.27156472e-01 8.62771153e-01 4.27055657e-01
    3.94977450e-01 6.58723712e-03 7.67160475e-01 9.87050176e-01
    1.22383296e-01 2.98378110e-01 8.48097801e-02 3.26485038e-01
    3.19348514e-01 5.02935827e-01 7.72313297e-01 4.64118659e-01
    1.78295493e-01 2.11843610e-01 6.91604018e-01 8.97886097e-01
    4.09745425e-01 2.49706864e-01 1.00406617e-01 9.27383661e-01
    6.49119556e-01 2.26300955e-01 8.71943533e-02 5.80812514e-01
    5.35608768e-01 3.82769555e-01 4.18187022e-01 7.50970781e-01
    4.19150472e-01 6.65904403e-01 3.05286705e-01 8.21250200e-01
    8.68589997e-01 7.47378409e-01 6.13754869e-01 2.21965194e-01
    4.39341247e-01 3.09829056e-01 7.75978088e-01 5.97975910e-01
    2.53936917e-01 5.87392092e-01 7.32255399e-01 5.15850961e-01
    9.76525724e-01 4.48166251e-01 6.34256005e-02 4.04132783e-01
    2.35688329e-01 2.65962958e-01 1.85497552e-01 8.57876360e-01
    5.28984666e-01 5.00826776e-01 7.53096819e-01 2.89875090e-01
    5.69675207e-01 8.51998687e-01 6.34377062e-01 4.29086387e-01
    4.06472027e-01 5.80638289e-01 9.43819940e-01 6.63179576e-01
    1.64038032e-01 8.16513896e-02 7.65144885e-01 1.70100868e-01
    9.08391833e-01 3.75281692e-01 7.04627872e-01 3.40615213e-02
    8.07058930e-01 2.12710530e-01 8.03736567e-01 2.53871739e-01
    5.15415967e-01 5.21868587e-01 8.66110027e-01 9.03661609e-01
    8.18606734e-01 1.02019012e-01 5.03564358e-01 8.93051028e-01
    3.53664160e-02 5.59698880e-01 2.36121774e-01 8.19103122e-01
    5.41138649e-01 1.38304055e-01 5.16263127e-01 7.54300654e-02
    6.64124906e-01 8.81131291e-01 2.95334816e-01 7.57632315e-01
    2.17763156e-01 1.32597476e-01 7.65894651e-02 4.29330885e-01
    5.42482674e-01 4.32015479e-01 6.37418687e-01 8.20055723e-01
    6.33396506e-02 4.76804674e-01 6.49853766e-01 1.19782865e-01
    6.89207017e-02 1.94557279e-01 5.43061018e-01 8.33130181e-01
    5.91437101e-01 9.72651482e-01 3.27140093e-01 2.39086509e-01
    1.92058682e-01 5.20013571e-02 4.24448401e-01 2.32384503e-01
    4.25932556e-01 9.22376573e-01 5.15260935e-01 1.79227203e-01
    7.87310600e-01 4.76404101e-01 7.84599185e-02 9.14734840e-01
    5.22476435e-03 3.01542908e-01 4.42424715e-01 4.55488056e-01
    6.43257201e-02 1.34440362e-01 5.92125416e-01 5.45753002e-01
    2.93616533e-01 7.77270138e-01 6.74847007e-01 8.37655962e-01
    6.05907619e-01 7.53218293e-01 2.27349192e-01 8.52188468e-02
    1.75477833e-01 6.66109800e-01 4.71684039e-02 2.99721867e-01
    7.76635289e-01 2.59243906e-01 9.73321736e-01 5.02544403e-01
    8.69862139e-01 4.97079283e-01 2.67203480e-01 7.15995491e-01
    5.30058384e-01 9.02803183e-01 3.04313898e-02 2.64056981e-01
    7.14794040e-01 2.19925642e-01 8.07690024e-02 6.71100736e-01
    6.16461635e-02 9.56770539e-01 8.35762143e-01 5.12720764e-01
    8.26215625e-01 4.68337893e-01 9.87727761e-01 9.70594406e-01
    8.52694511e-01 1.91078186e-02 2.63626397e-01 9.44972217e-01
    8.43661904e-01 5.56932032e-01 4.41676319e-01 8.96319270e-01
    6.82475626e-01 6.54429078e-01 7.24701047e-01 5.43391466e-01
    4.65499729e-01 2.59411335e-02 3.12565625e-01 5.05151749e-01
    5.83222270e-01 7.23476291e-01 2.95823455e-01 4.07027304e-01
    2.28788435e-01 8.79171789e-02 9.85153556e-01 8.80026817e-03
    3.27803224e-01 7.91212082e-01 4.56134081e-01 4.92267907e-01
    4.89285171e-01 3.62468362e-01 7.41471171e-01 4.05135572e-01
    6.30769968e-01 2.64062583e-01 1.46524727e-01 4.76456881e-02
    9.44876254e-01 9.90226150e-01 4.94701982e-01 8.45550776e-01
    8.17865968e-01 2.40450203e-01 4.99478072e-01 2.77120650e-01
    5.46772957e-01 9.13483560e-01 1.77311897e-03 9.87274110e-01
    3.60822409e-01 6.88165426e-02 6.78721309e-01 3.84612054e-01
    7.94224918e-01 5.62840760e-01 1.79886073e-01 1.21630132e-02
    7.40202308e-01 9.57399070e-01 5.46699941e-01 2.87360489e-01
    2.59802163e-01 5.68312287e-01 8.44082177e-01 5.11875927e-01
    5.19748688e-01 4.83884990e-01 6.20777011e-01 9.85757232e-01
    2.35666841e-01 9.02162433e-01 4.16863352e-01 8.39894056e-01
    2.19033360e-01 9.79696274e-01 1.32433414e-01 5.86943328e-01
    3.68361831e-01 4.17147011e-01 8.55989099e-01 5.68369448e-01
    6.32447302e-01 3.03321064e-01 7.84368396e-01 4.06573832e-01
    6.83697402e-01 1.03589684e-01 4.37834322e-01 3.06181490e-01
    6.73450291e-01 7.41524875e-01 4.36716765e-01 8.80779862e-01
    5.06106794e-01 7.19246149e-01 5.14897823e-01 1.50838643e-01
    3.37585360e-01 1.73746616e-01 1.01457089e-01 8.25344086e-01
    5.34490228e-01 6.08855665e-01 4.56437290e-01 5.49453735e-01
    7.29718208e-01 9.80626881e-01 6.66354597e-01 2.86621600e-01
    6.06658161e-02 5.86446047e-01 2.88272500e-01 6.58333957e-01
    5.65452576e-01 3.67601395e-01 9.05722857e-01 1.58876806e-01
    9.55892444e-01 2.37509608e-03 2.29562014e-01 3.29424202e-01
    6.55297518e-01 8.33948374e-01 6.65161490e-01 3.53256047e-01
    1.62373364e-01 9.70442593e-01 3.84240448e-02 7.31882095e-01
    8.37924361e-01 5.63809097e-01 1.14034712e-01 8.51431131e-01
    2.22162515e-01 4.54905361e-01 1.13838345e-01 1.61342591e-01
    6.30378842e-01 3.02426457e-01 8.14539552e-01 6.49702311e-01
    3.45640272e-01 4.78536189e-02 7.87423134e-01 9.44977045e-01
    7.69656658e-01 1.65039748e-01 7.35457659e-01 5.61296761e-01
    1.94805562e-01 1.78754240e-01 2.77578950e-01 1.64533883e-01
    4.72875744e-01 7.07210958e-01 2.55347222e-01 5.77251554e-01
    9.12709117e-01 9.62572455e-01 3.42755139e-01 1.28385186e-01
    4.97924358e-01 7.90566325e-01 7.66739964e-01 9.83764648e-01
    6.40362799e-01 5.85745633e-01 5.78235805e-01 2.37404197e-01
    7.27486253e-01 2.89094567e-01 3.67784441e-01 7.90990233e-01
    3.34515214e-01 7.93186307e-01 6.94897652e-01 8.63113701e-01
    8.49338531e-01 8.51040602e-01 9.93525743e-01 3.24767470e-01
    7.32652009e-01 4.61230695e-01 3.94658625e-01 9.31870580e-01
    8.98841262e-01 9.98847008e-01 8.84522676e-01 3.99721771e-01
    6.66345000e-01 3.44100893e-01 5.97829461e-01 1.68300867e-02
    2.52949744e-01 9.47465241e-01 9.73898768e-02 3.32932830e-01
    2.77985781e-01 2.19273239e-01 1.93535626e-01 1.03133917e-01
    9.24355209e-01 4.54431951e-01 5.86667061e-01 3.33751261e-01
    3.75977844e-01 1.71390325e-01 3.95873278e-01 4.40331042e-01
    4.49469000e-01 6.24239266e-01 5.49766660e-01 4.88260388e-03
    4.49519724e-01 4.00331795e-01 5.99135876e-01 3.17933232e-01
    5.42829394e-01 9.49856639e-02 4.87405390e-01 7.36953318e-02
    3.10923040e-01 5.07376313e-01 3.63069296e-01 3.85496318e-01
    4.66210276e-01 6.61141872e-01 2.49197811e-01 1.28218412e-01
    8.81717801e-01 4.27849770e-01 2.24031806e-01 7.32592344e-01
    1.46913111e-01 3.19237858e-01 7.73316801e-01 9.32911158e-01
    8.31732929e-01 2.20856249e-01 8.68138790e-01 8.90427470e-01
    5.06549716e-01 6.85112119e-01 5.59319615e-01 2.97897398e-01
    3.31532180e-01 9.44091558e-01 7.61454940e-01 4.63214606e-01
    7.36835301e-02 8.37722421e-01 7.39092827e-01 7.79220343e-01
    8.84058118e-01 6.20174348e-01 5.06220520e-01 6.54545546e-01
    7.11672783e-01 8.23098063e-01 9.67408121e-01 3.21624517e-01
    5.88307858e-01 1.82957977e-01 9.78470385e-01 8.79324377e-01
    3.43239903e-02 6.40069544e-02 1.99557066e-01 2.33590961e-01
    8.29225540e-01 3.01671624e-01 3.39408815e-01 3.58639568e-01
    8.33864212e-01 1.19329393e-01 1.04047030e-01 6.42998934e-01
    4.47028875e-02 2.21020162e-01 2.62197196e-01 4.91514862e-01
    2.73393929e-01 3.49383384e-01 6.94768131e-01 3.24589819e-01
    3.04925978e-01 1.65377527e-01 3.41680229e-01 8.62335861e-01
    4.74656403e-01 5.79574347e-01 4.75944340e-01 1.88087553e-01
    6.63384855e-01 9.69379604e-01 3.43620628e-01 8.75238061e-01
    2.13620007e-01 5.57218790e-01 4.53218073e-01 6.60657287e-01
    7.29709864e-01 5.17287374e-01 8.23772311e-01 5.59144855e-01
    9.04832721e-01 3.69124949e-01 9.93488312e-01 6.64354742e-01
    8.67244959e-01 8.07121277e-01 6.25788093e-01 6.06802642e-01
    7.36020088e-01 4.82326597e-01 8.32593977e-01 5.03561080e-01
    2.85389155e-01 5.37642479e-01 8.93881083e-01 3.63913983e-01
    3.28677595e-01 4.66803670e-01 2.12657452e-01 2.85058618e-01
    7.38917112e-01 7.89044976e-01 9.77860928e-01 2.81651437e-01
    2.72202432e-01 7.93143213e-01 1.92122221e-01 8.39001536e-01
    9.11428452e-01 9.31159258e-01 2.09750533e-01 5.26344955e-01
    5.27641416e-01 4.27698404e-01 3.59743536e-01 9.03910279e-01
    1.53128654e-01 4.55355078e-01 9.22201157e-01 1.13586515e-01
    8.77849460e-01 2.71309078e-01 1.79208964e-01 5.42032182e-01
    5.15249431e-01 5.36114037e-01 3.57338428e-01 5.98892987e-01
    9.85848069e-01 5.68420887e-01 7.15340376e-01 3.63684714e-01
    1.37385368e-01 3.42618108e-01 5.67558885e-01 9.55355525e-01
    2.14740455e-01 2.94093013e-01 4.47655410e-01 5.15275896e-01
    5.64900458e-01 9.97184634e-01 9.20757353e-01 1.16560012e-01
    5.38801849e-02 6.24853253e-01 1.08307362e-01 5.54770648e-01
    1.38540775e-01 5.91113210e-01 4.48313087e-01 7.55366981e-01
    8.31199169e-01 8.38400602e-01 3.02353829e-01 1.57528847e-01
    1.17596120e-01 1.28063262e-01 2.99607903e-01 5.55516303e-01
    7.98938036e-01 2.59609133e-01 6.49288952e-01 8.18488240e-01
    2.59961486e-01 8.21767449e-02 8.84273887e-01 1.28145397e-01
    5.75822651e-01 2.29386300e-01 1.87660426e-01 7.23712265e-01
    6.33875430e-01 8.89255643e-01 3.61738801e-01 7.15085208e-01
    4.40949976e-01 2.52376437e-01 3.78033876e-01 3.15300286e-01
    6.29986823e-01 6.22752190e-01 4.08878207e-01 1.82572275e-01
    1.59062028e-01 2.92729139e-01 9.40425277e-01 2.09915310e-01
    1.59054875e-01 6.98164463e-01 7.95467317e-01 5.80083430e-01
    7.31134474e-01 9.59589422e-01 9.79445219e-01 9.39781547e-01
    4.66316879e-01 1.30304307e-01 9.19575393e-02 2.82150537e-01
    7.05031514e-01 4.56043333e-01 6.44119143e-01 2.37835199e-01
    2.51832008e-01 9.54744220e-03 4.69409853e-01 3.38152945e-01
    6.65022254e-01 3.86398137e-02 2.81163514e-01 9.24751520e-01
    2.29042470e-01 6.40066743e-01 3.34458053e-01 7.96655178e-01
    4.46605146e-01 2.91292369e-01 9.12195325e-01 8.74886990e-01
    9.20823216e-01 6.04124784e-01 1.17403924e-01 9.79228377e-01
    1.51196986e-01 5.41660845e-01 2.13310122e-01 4.78610963e-01
    5.51291525e-01 8.52982044e-01 3.57012480e-01 2.11518615e-01
    6.46081328e-01 5.43867350e-01 8.22747946e-02 9.85226929e-01
    7.44476497e-01 9.53943968e-01 7.21280336e-01 6.20479882e-02
    6.88551903e-01 7.11700380e-01 4.04989898e-01 4.84978408e-01
    9.24715698e-02 8.50848913e-01 8.42880011e-01 9.02527452e-01
    6.26169443e-02 7.09289849e-01 5.88661432e-03 9.33158398e-01
    9.41630602e-01 7.13540435e-01 7.95090199e-01 3.62434238e-01
    8.28594863e-01 3.65871191e-03 6.46466136e-01 8.85306180e-01
    2.16965050e-01 1.88633800e-01 5.26059330e-01 1.98149294e-01
    7.74503946e-01 3.01031500e-01 2.82888532e-01 3.26502591e-01
    7.96488404e-01 9.31015313e-02 9.06112671e-01 3.86592716e-01
    6.84825718e-01 6.39899433e-01 4.43131804e-01 9.30324495e-02
    4.55463231e-02 9.67540026e-01 5.14737964e-01 7.09438324e-01
    1.98004127e-01 4.85139847e-01 4.08005774e-01 3.97656441e-01
    1.43083513e-01 2.53569722e-01 9.58245635e-01 5.96826673e-01
    2.40872473e-01 4.12900269e-01 5.22473931e-01 9.89828885e-01
    8.62564266e-01 7.73993731e-01 9.91906047e-01 2.24376053e-01
    5.95262468e-01 8.42743397e-01 5.04820585e-01 4.32432055e-01
    3.51596624e-01 2.49036580e-01 6.03039563e-01 7.15350389e-01
    6.04552150e-01 9.42932844e-01 4.33583051e-01 1.22525811e-01
    8.45043421e-01 7.18350232e-01 5.15947580e-01 2.07557112e-01
    8.38328719e-01 6.92331851e-01 4.06656802e-01 8.64213347e-01
    4.48811233e-01 7.12480068e-01 2.14870661e-01 4.11338210e-02
    7.09014535e-01 9.65272427e-01 3.11075062e-01 7.14526474e-02
    2.70283103e-01 9.15368497e-01 5.38196385e-01 4.04881597e-01
    2.65087605e-01 8.99231613e-01 5.22167504e-01 2.83375025e-01
    1.89180076e-01 9.81489360e-01 3.79722178e-01 2.80250609e-01
    6.92909598e-01 7.94412494e-02 5.42100728e-01 7.11975634e-01
    8.21835160e-01 6.47102654e-01 4.86074775e-01 1.05443001e-01
    6.96301937e-01 4.32750106e-01 3.95988822e-01 5.52868366e-01
    8.31802368e-01 2.48203099e-01 1.67847991e-01 4.69551027e-01
    2.15231538e-01 4.46639895e-01 9.31092799e-01 1.64024532e-01
    6.51267231e-01 5.23981333e-01 8.73348415e-02 2.60400474e-01
    2.26670623e-01 8.70386600e-01 7.24628091e-01 4.90598083e-02
    7.82549083e-01 8.20465028e-01 8.41156304e-01 5.97026706e-01
    6.31346464e-01 1.55015588e-02 2.37332046e-01 3.94080430e-01
    9.76195395e-01 8.59762788e-01 7.45979846e-01 1.62519813e-02
    5.72551131e-01 4.94660616e-01 8.73887181e-01 8.82059634e-01
    4.35292363e-01 9.37945545e-01 2.96648264e-01 9.63260829e-02
    8.46071601e-01 4.57990259e-01 9.45932269e-02 1.73370361e-01
    5.88265061e-01 1.67311460e-01 3.76888335e-01 6.64380550e-01
    8.49000335e-01 3.21785092e-01 1.26920462e-01 4.69757318e-01
    3.79261494e-01 4.38908041e-01 9.91266847e-01 5.86451888e-01
    1.82098240e-01 7.06338942e-01 2.07888871e-01 8.90036106e-01
    8.16201925e-01 9.18684661e-01 8.48431349e-01 5.41711807e-01
    7.73373127e-01 2.83415794e-01 6.84560835e-02 7.28101254e-01
    1.52894586e-01 6.06389344e-01 4.47180837e-01 1.45112097e-01
    4.60826159e-02 7.52877176e-01 9.42080379e-01 9.03892040e-01
    1.32801235e-02 6.29932225e-01 5.54679632e-01 6.41766608e-01
    4.58989739e-01 7.37883449e-01 8.41639638e-01 9.83446836e-03
    8.36645067e-01 7.64507651e-01 3.92140985e-01 6.72751784e-01
    5.92517793e-01 1.76331699e-02 7.75933981e-01 9.96773005e-01
    4.33374166e-01 5.64262748e-01 1.53620213e-01 5.17157435e-01
    9.11596715e-01 2.14872509e-01 5.77531695e-01 4.04153705e-01
    4.92155015e-01 2.61757791e-01 7.77361035e-01 1.24402255e-01
    7.59809017e-01 3.38434041e-01 9.24192905e-01 4.20661747e-01
    7.06383944e-01 2.29563504e-01 5.03730118e-01 6.03472710e-01
    3.40574324e-01 8.92179251e-01 1.29857093e-01 7.84760237e-01
    8.44667792e-01 5.61025083e-01 7.78506160e-01 2.74743021e-01
    9.77717876e-01 3.45969260e-01 2.34861851e-01 5.26759326e-01
    9.32667673e-01 7.01728225e-01 7.26116538e-01 7.72560298e-01
    5.12590468e-01 6.48546517e-01 8.04833889e-01 8.08052182e-01
    8.69604588e-01 6.23738468e-01 5.19020319e-01 6.18746817e-01
    2.85174787e-01 1.82837546e-02 2.08570689e-01 9.08468008e-01
    1.86179668e-01 1.91284984e-01 4.49625880e-01 6.56382561e-01
    8.35838795e-01 3.68202865e-01 9.02384162e-01 8.13549757e-01
    5.90264857e-01 2.75843859e-01 5.35594523e-02 8.43621016e-01
    3.26042116e-01 8.62418413e-01 4.52267766e-01 4.50536817e-01
    2.58771181e-02 3.99269313e-01 4.14481759e-01 4.99104649e-01
    4.12080735e-01 2.55759060e-02 5.76809466e-01 8.08849931e-01
    4.74224865e-01 4.81142402e-02 6.86627388e-01 2.39684999e-01
    8.63256097e-01 7.55146205e-01 4.35484946e-02 6.58892334e-01
    7.71667004e-01 8.65654945e-01 9.22905505e-01 7.33227253e-01
    8.59816313e-01 2.82252550e-01 4.51758504e-02 8.89149845e-01
    6.85728014e-01 7.35944629e-01 7.28249073e-01 1.18997693e-02
    3.00667137e-01 6.61007047e-01 1.91270202e-01 8.67436051e-01
    7.21653163e-01 7.96661079e-02 8.09119225e-01 6.40422940e-01
    4.28157508e-01 4.93611962e-01 3.44479978e-01 3.49993825e-01
    6.09962463e-01 4.47820991e-01 1.22417808e-01 1.89582109e-02
    3.69827330e-01 1.56295538e-01 7.61806965e-02 8.31695259e-01
    6.00235581e-01 2.63846040e-01 5.08843064e-01 7.09529042e-01
    9.87816215e-01 2.90197074e-01 2.04560846e-01 9.76682246e-01
    2.06197858e-01 7.17094660e-01 6.74544573e-01 3.39520395e-01
    3.26898038e-01 8.29483509e-01 3.27271134e-01 1.56944215e-01
    9.31071699e-01 4.71870273e-01 2.08685338e-01 9.18631196e-01
    1.56989604e-01 1.46553814e-01 9.56067562e-01 6.94742560e-01
    5.38289666e-01 6.01192653e-01 7.39313126e-01 3.98987293e-01
    2.90870428e-01 6.15554273e-01 6.65039480e-01 7.16733217e-01
    7.66111016e-01 3.36646199e-01 8.99548411e-01 3.65812480e-02
    2.18133539e-01 6.27350330e-01 3.67470086e-01 7.66554236e-01
    1.31261677e-01 2.92270422e-01 5.58294594e-01 8.24066162e-01
    6.56790435e-01 3.21467996e-01 7.77910650e-02 5.37908018e-01
    8.31923842e-01 7.63104081e-01 3.94146681e-01 1.52539521e-01
    9.37706590e-01 2.49010503e-01 4.18932974e-01 5.48827827e-01
    4.73136604e-01 2.08194315e-01 8.78938437e-01 4.58859801e-02
    4.31997597e-01 2.97661722e-01 2.98492968e-01 5.38292766e-01
    2.74097592e-01 6.98779821e-02 4.28384900e-01 3.72929513e-01
    2.79593587e-01 7.33796060e-01 4.31002229e-01 7.21546173e-01
    8.71755838e-01 9.62873995e-02 7.08808124e-01 6.81885719e-01
    1.10614181e-01 7.80870020e-01 4.53246593e-01 8.10753942e-01
    3.91865402e-01 4.90741789e-01 4.16966200e-01 4.10088509e-01
    3.91212106e-01 3.80727619e-01 4.32888150e-01 3.00142437e-01
    8.57639313e-01 2.78600812e-01 6.45604134e-02 4.53222126e-01
    8.19569528e-02 7.86107004e-01 3.11965287e-01 8.51606607e-01
    3.73303890e-03 5.51301599e-01 1.45539969e-01 1.56008631e-01
    8.90381694e-01 6.56038642e-01 9.50660825e-01 3.24986279e-02
    6.25438511e-01 3.51686686e-01 6.28535569e-01 5.18746495e-01
    3.05877388e-01 8.37439656e-01 8.67046714e-02 5.80500603e-01
    3.62768412e-01 7.27565885e-01 2.39176512e-01 9.77997065e-01
    1.85325354e-01 1.55699551e-01 7.31147885e-01 8.97116542e-01
    7.75794625e-01 6.20108545e-01 7.43000805e-02 4.88848120e-01
    7.87419677e-01 5.60626209e-01 3.23927701e-01 5.95849693e-01
    7.36415446e-01 9.24958587e-01 8.79775524e-01 9.51671958e-01
    5.31261206e-01 7.67941475e-01 4.47360873e-02 3.17375153e-01
    2.86243886e-01 4.06653702e-01 6.86480761e-01 3.92308712e-01
    2.95561314e-01 8.48705530e-01 7.08990991e-01 1.55738771e-01
    8.60195279e-01 1.21100694e-01 2.08363771e-01 1.43367738e-01
    2.89097995e-01 4.32984322e-01 9.02929425e-01 2.45155483e-01
    4.05545115e-01 8.36215138e-01 1.69607133e-01 4.57047939e-01
    2.01114386e-01 2.45925933e-01 4.16853905e-01 8.37011874e-01
    4.95536208e-01 2.53365934e-02 9.18142676e-01 5.16038656e-01
    1.49005353e-02 9.75544930e-01 3.82408917e-01 1.94809824e-01
    4.08137441e-02 9.92330790e-01 1.91321373e-01 3.92860740e-01
    9.47557449e-01 6.42007947e-01 7.87490010e-01 4.89999503e-01
    8.58487785e-01 5.46032250e-01 9.14957762e-01 4.65585738e-01
    2.24643946e-01 3.55815589e-02 6.13379061e-01 2.59277254e-01
    1.75450146e-02 3.07609022e-01 5.56909978e-01 3.65913421e-01
    1.83713824e-01 2.18095332e-01 3.56736273e-01 7.69817948e-01
    3.36031318e-02 4.22020227e-01 7.97571540e-01 3.86619627e-01
    5.85861027e-01 8.77087951e-01 6.00111425e-01 9.09445286e-01
    2.34319597e-01 3.96143645e-01 9.23908949e-02 8.42694402e-01
    9.35544968e-02 7.78277278e-01 5.02215564e-01 3.10347259e-01
    1.82081282e-01 9.02798653e-01 3.26585174e-01 2.12044150e-01
    7.19947100e-01 8.22547793e-01 5.39958298e-01 3.66925448e-01
    4.33024913e-01 5.29595613e-02 3.39253783e-01 3.68151695e-01
    3.06215584e-01 2.66201317e-01 7.26305366e-01 1.58434987e-01
    8.62334967e-01 4.94708776e-01 9.18883801e-01 4.78031009e-01
    8.25862408e-01 8.59798789e-01 5.46607435e-01 3.29429805e-02
    4.03192371e-01 4.68029022e-01 2.46985674e-01 9.13161933e-02
    1.36247575e-01 7.29663134e-01 5.53354025e-01 1.23825461e-01
    1.05934441e-01 6.06159270e-02 1.94821060e-01 5.24768531e-01
    2.78974533e-01 3.76989543e-01 8.34279060e-02 2.32676059e-01
    8.93541098e-01 8.79534125e-01 1.22428536e-01 6.70573711e-02
    1.48714989e-01 4.71827626e-01 8.03474784e-01 2.63721704e-01
    4.85506952e-02 6.90994740e-01 3.58180493e-01 3.34001064e-01
    6.51504993e-01 9.28107262e-01 1.40772432e-01 9.84924197e-01
    6.69821441e-01 5.90360940e-01 5.45547307e-01 1.11330807e-01
    7.84197450e-01 8.48427951e-01 4.49228108e-01 2.04711616e-01
    6.89921677e-01 7.26660430e-01 5.23160219e-01 2.14996636e-01
    2.00925827e-01 8.34025264e-01 1.02066994e-03 1.76079839e-01
    9.39042091e-01 5.07728755e-01 4.80952084e-01 6.56995952e-01
    2.74422348e-01 7.76119947e-01 7.77287304e-01 9.97391582e-01
    8.08483720e-01 5.32585919e-01 1.68627799e-02 8.79206896e-01
    3.17381918e-01 4.58586514e-02 4.22470808e-01 9.75545228e-01
    7.10830271e-01 5.06050587e-01 4.90926027e-01 1.46521300e-01
    5.43157518e-01 2.06082851e-01 3.90834242e-01 6.41962945e-01
    5.47471046e-01 7.92682052e-01 1.00821793e-01 4.47800130e-01
    5.12715280e-01 6.99960232e-01 5.60886323e-01 1.83999538e-03
    1.53962970e-01 3.70550275e-01 9.21667814e-02 3.38010758e-01
    1.52363837e-01 3.69792938e-01 5.66338420e-01 2.35735476e-01
    4.01251674e-01 4.26619053e-02 2.55079925e-01 9.13753152e-01
    8.46819282e-01 4.14663643e-01 9.54565525e-01 1.41537189e-03
    7.51358867e-01 7.51650214e-01 7.07789361e-02 9.57350433e-01
    7.29429364e-01 6.04972124e-01 5.22614956e-01 7.37556934e-01
    4.93718505e-01 6.63013875e-01 4.15375978e-01 5.08264899e-01
    2.74670005e-01 7.33355284e-01 6.29765272e-01 4.39561367e-01
    3.84300649e-01 7.12928772e-02 2.42503077e-01 3.60463142e-01
    5.12653768e-01 1.13886654e-01 3.85691971e-01 8.98362279e-01
    4.69430834e-01 3.85947168e-01 2.44006664e-01 3.54788959e-01
    3.56331944e-01 5.48632741e-01 1.53458863e-01 1.76127404e-01
    3.73466939e-01 3.82120192e-01 2.11840481e-01 4.95651424e-01
    6.74767554e-01 5.49071431e-02 6.70265377e-01 2.76925802e-01
    7.45995879e-01 6.61121011e-01 5.89566588e-01 7.95239031e-01
    6.33614182e-01 7.92223275e-01 5.82246900e-01 4.21063900e-02
    6.00895524e-01 3.99637818e-01 3.65163356e-01 8.06248784e-01
    5.41995287e-01 5.26055038e-01 1.05593145e-01 9.66788769e-01
    4.87427741e-01 1.04738623e-01 5.12210429e-02 9.41824913e-01
    6.87774599e-01 9.62330699e-02 8.98369431e-01 2.68066168e-01
    2.55873203e-02 2.45847702e-01 2.34841406e-01 8.03326428e-01
    7.89298415e-02 2.88076878e-01 1.63962096e-01 6.31906629e-01
    2.20958561e-01 1.74148560e-01 1.98979586e-01 5.09863079e-01
    4.56838846e-01 6.28681540e-01 8.20240557e-01 9.05145109e-02
    2.23651052e-01 3.73916030e-02 9.96485054e-01 1.45264715e-01
    6.63452268e-01 2.09212303e-05 9.62189794e-01 2.86061347e-01
    8.01630378e-01 5.30622125e-01 8.67236733e-01 5.40239453e-01
    5.46586692e-01 5.52525640e-01 4.29645360e-01 6.68632090e-01
    9.51397657e-01 4.19823617e-01 5.51676273e-01 7.25977123e-01
    8.76719832e-01 2.84783244e-01 4.76205409e-01 6.25290513e-01
    6.44379437e-01 5.07808447e-01 5.76163113e-01 7.04471409e-01
    2.38879859e-01 8.69283319e-01 9.02990282e-01 4.10343528e-01
    7.25558281e-01 9.99930859e-01 3.46220851e-01 6.39226735e-01
    5.56287825e-01 1.28289908e-01 9.40070748e-01 8.04914057e-01
    6.34235203e-01 2.37103403e-02 9.73449826e-01 5.01018226e-01
    9.75110531e-01 3.08144361e-01 1.98067367e-01 8.96383464e-01
    4.76846755e-01 6.30170286e-01 7.25795686e-01 1.18849456e-01
    9.52288508e-01 5.62234879e-01 2.49656558e-01 3.30920279e-01
    6.79229736e-01 4.66209739e-01 9.91416335e-01 2.97343582e-01
    1.88230574e-01 3.45763803e-01 9.14398551e-01 2.43592918e-01
    6.31504357e-01 2.41208464e-01 3.16185415e-01 1.57839417e-01
    6.40376508e-02 7.16094136e-01 7.57206082e-01 9.15158451e-01
    5.61291277e-02 8.12529027e-01 7.77521491e-01 8.32540095e-02
    3.55388999e-01 3.24166417e-01 4.76672739e-01 4.94742960e-01
    6.05578423e-01 6.60206199e-01 5.96310794e-02 1.91390663e-01
    4.79925036e-01 8.68397713e-01 7.62564182e-01 5.61831236e-01
    8.96245241e-03 4.38433647e-01 4.59731162e-01 7.41812229e-01
    9.63962138e-01 8.44557285e-01 1.59717679e-01 5.27393937e-01
    4.99760509e-02 4.67049479e-02 2.67467350e-01 3.95494342e-01
    5.06725192e-01 3.34548414e-01 2.51131177e-01 7.95090437e-01
    5.31905293e-02 9.16668653e-01 5.15166044e-01 2.57795453e-01
    3.68659794e-01 9.68044400e-01 1.81753725e-01 7.35971034e-01
    5.32856703e-01 5.42694330e-01 2.30547339e-01 5.87117612e-01
    3.97856593e-01 6.22165918e-01 5.31354308e-01 8.55719149e-02
    2.80760705e-01 1.92946196e-02 7.63541818e-01 1.73086405e-01
    9.18774545e-01 7.96112537e-01 4.84504253e-01 4.67892587e-02
    5.32385170e-01 3.42037231e-01 9.77632642e-01 4.92880613e-01
    2.79855996e-01 8.68409157e-01 6.57136679e-01 7.60946512e-01
    4.24094319e-01 1.14743382e-01 9.79253888e-01 3.06574941e-01
    4.28879738e-01 9.16727662e-01 6.75284088e-01 6.93061292e-01
    4.36122000e-01 5.92821538e-01 1.01223409e-01 4.96458471e-01
    8.04963589e-01 9.95402098e-01 9.71929848e-01 1.76190406e-01
    5.82105815e-01 3.96727920e-01 9.21334624e-02 9.22604620e-01
    9.22514915e-01 2.62056261e-01 9.23139095e-01 6.02618039e-01
    1.27025217e-01 5.44420362e-01 8.01922441e-01 2.27188319e-01
    6.05717719e-01 3.53048563e-01 3.15644950e-01 5.92786729e-01
    5.01554370e-01 7.82362819e-01 5.21349013e-01 2.56958604e-02
    6.53984606e-01 2.74954259e-01 6.74749613e-02 6.25341952e-01
    5.95998108e-01 2.92522609e-01 5.32717466e-01 1.32768542e-01
    7.01602399e-02 3.70411068e-01 2.44978666e-01 3.59100401e-02
    4.55276012e-01 7.23938107e-01 6.17033064e-01 3.45899999e-01
    3.47822249e-01 7.99968302e-01 6.47978783e-02 3.85367900e-01
    7.44358003e-01 7.08950639e-01 6.37968600e-01 6.75054729e-01
    4.88087922e-01 2.93776572e-01 8.43513370e-01 5.06373346e-02
    7.10044265e-01 2.32486635e-01 2.77485073e-01 5.38974047e-01
    7.56612122e-02 4.89529669e-02 5.93878031e-01 6.82266355e-02
    9.93640065e-01 3.79800320e-01 9.04147506e-01 5.16540945e-01
    5.29037416e-02 9.60145473e-01 2.00871050e-01 3.79278958e-02
    7.26231039e-02 6.79037809e-01 5.67021310e-01 9.47361827e-01
    3.24145138e-01 4.74049300e-01 1.67331100e-02 3.40203643e-01
    8.61599445e-01 1.63789272e-01 9.25686836e-01 5.62634468e-01
    8.01488876e-01 7.67307997e-01 7.95489848e-01 2.42478222e-01
    8.40405643e-01 9.41861391e-01 4.65297103e-02 6.58268094e-01
    5.16231120e-01 9.16605771e-01 7.53915310e-02 9.44782794e-01
    1.05655521e-01 7.57646561e-03 4.37126189e-01 2.09832400e-01
    7.67964482e-01 4.27017868e-01 5.31469285e-01 1.35976017e-01
    6.89291656e-02 6.44713879e-01 4.90404308e-01 9.64433789e-01
    2.64924735e-01 1.40186250e-02 6.22530222e-01 3.65272254e-01
    7.91008651e-01 8.40677977e-01 2.39120066e-01 9.39559460e-01
    5.61976254e-01 3.89497459e-01 7.33848393e-01 2.07283288e-01
    4.62235838e-01 4.92677599e-01 6.49531603e-01 7.59344697e-02
    2.41899997e-01 9.46502566e-01 9.28017855e-01 8.05404365e-01
    8.98917615e-02 1.39725804e-01 8.66828442e-01 9.49370265e-01
    5.19472480e-01 5.51470220e-02 3.71256411e-01 6.76540971e-01
    4.11365598e-01 9.17779684e-01 4.61994022e-01 7.68773794e-01
    8.64421248e-01 6.93021417e-01 2.09200382e-03 2.46741921e-01
    4.53324050e-01 2.99052298e-01 4.26223218e-01 4.62257922e-01
    4.43963021e-01 6.21277452e-01 4.43995953e-01 5.46942472e-01
    8.39870095e-01 3.84017825e-01 5.77715337e-02 9.00901496e-01
    5.84587276e-01 3.30214113e-01 3.24487925e-01 2.77045727e-01
    4.10852492e-01 2.96243966e-01 3.51918876e-01 7.03041673e-01
    1.15447164e-01 2.37064719e-01 1.65758550e-01 6.36378288e-01
    8.60107541e-01 5.66248953e-01 2.67459542e-01 8.81266594e-03
    1.33675963e-01 9.46708143e-01 5.40722132e-01 5.75250030e-01
    8.35463405e-03 4.38570231e-01 8.74201000e-01 8.04264545e-01
    1.77449405e-01 1.81534886e-01 3.42593968e-01 5.11389077e-01
    7.19217956e-01 4.63436782e-01 2.81729281e-01 3.60093147e-01
    6.35048628e-01 3.57176483e-01 4.66278195e-01 7.18972981e-01
    3.68269086e-01 5.92036843e-02 3.31026316e-03 6.72957301e-02
    2.35746413e-01 8.68307948e-01 5.14908850e-01 4.05800939e-01
    8.16978693e-01 4.22736228e-01 3.99076343e-01 6.64105296e-01
    8.82353246e-01 3.56550038e-01 4.70083356e-01 8.80638838e-01
    2.14577854e-01 3.90562028e-01 6.86906278e-01 2.08251059e-01
    6.23797774e-01 9.99702096e-01 5.74738085e-02 4.39925641e-01
    9.74238634e-01 9.75954056e-01 1.74675554e-01 7.36075878e-01
    5.49656570e-01 6.63157523e-01 6.50494754e-01 4.76376712e-02
    4.96781528e-01 9.85232413e-01 2.58530617e-01 6.62344933e-01
    1.94308132e-01 8.28931689e-01 1.45132661e-01 4.45642173e-01
    5.66981614e-01 4.52733070e-01 4.83887851e-01 4.10546422e-01
    8.93239260e-01 2.76660413e-01 9.26400423e-01 4.48977381e-01
    7.89930463e-01 5.07083714e-01 5.76386631e-01 5.88456631e-01
    8.73956323e-01 9.57856297e-01 5.05001783e-01 7.49684334e-01
    6.86278224e-01 8.14179122e-01 1.75987333e-01 8.09397519e-01
    4.68303561e-01 5.03040254e-01 8.73909891e-02 7.87467480e-01
    8.69636834e-01 3.73695761e-01 7.91790068e-01 9.19002175e-01
    2.44379580e-01 9.51606810e-01 5.83035469e-01 1.03656948e-02
    3.26901972e-02 9.72224772e-01 3.01156342e-01 1.43121243e-01
    4.08742964e-01 5.32116294e-02 5.56904614e-01 9.86186922e-01
    8.26154649e-01 7.80335367e-01 9.79825854e-01 1.50963008e-01
    5.34702539e-02 7.25444674e-01 8.41933846e-01 6.02515817e-01
    8.88283372e-01 8.81641984e-01 5.68096101e-01 1.39612794e-01
    4.17293698e-01 4.13948089e-01 3.12973529e-01 5.17408669e-01
    2.04913616e-01 3.44845414e-01 1.03799373e-01 5.77190995e-01
    8.63990784e-01 5.72712779e-01 8.53014112e-01 6.24882281e-01
    4.37244892e-01 2.77795970e-01 5.47195256e-01 2.25606471e-01
    5.64851463e-01 3.66034031e-01 4.60322738e-01 9.09964740e-02
    8.56307149e-01 6.50552750e-01 6.37091517e-01 4.67756391e-02
    1.11006498e-02 3.62774968e-01 7.13447511e-01 3.69703472e-01
    4.55376744e-01 3.79552841e-01 6.87754750e-01 9.98700559e-02
    2.61514723e-01 8.43596935e-01 4.89283115e-01 9.79090035e-01
    5.81097126e-01 7.89379478e-02 5.35540998e-01 4.00865078e-01
    7.92204857e-01 8.78897786e-01 2.34155774e-01 3.62513363e-02
    5.63927829e-01 7.50099301e-01 1.76185757e-01 3.56633484e-01
    9.14774418e-01 5.94491422e-01 9.19973850e-03 1.86142921e-01
    3.55166197e-02 6.58351541e-01 6.06078267e-01 7.13956356e-01
    5.92267394e-01 4.45835859e-01 8.04892957e-01 9.27436054e-01
    1.89016879e-01 4.20718908e-01 9.91056085e-01 5.52460670e-01
    4.26819444e-01 1.66120827e-02 3.21208507e-01 4.77160454e-01
    3.68764102e-01 7.62670159e-01 6.52068555e-01 5.69881320e-01
    5.71275234e-01 2.21574426e-01 8.26776862e-01 3.93442988e-01
    1.71082526e-01 3.25854540e-01 6.62971318e-01 3.72469008e-01
    4.18255657e-01 5.84887743e-01 7.91881442e-01 7.33162403e-01
    5.20921409e-01 7.21859396e-01 6.99090123e-01 3.76479238e-01
    1.52475536e-02 4.56222564e-01 2.49476254e-01 3.73173922e-01
    1.52545869e-02 7.31636763e-01 4.92386848e-01 9.13388252e-01
    9.70798850e-01 4.55309570e-01 6.08820558e-01 6.30509973e-01
    1.17015243e-02 1.85910016e-01 1.27193213e-01 3.78989905e-01
    1.08004630e-01 8.51860762e-01 6.52086675e-01 5.97173512e-01
    9.37644064e-01 8.85343790e-01 5.22740245e-01 8.66081953e-01
    4.37988728e-01 7.39075840e-02 5.59660435e-01 6.28858209e-01
    3.99780333e-01 5.08605242e-01 2.20022202e-02 8.39093566e-01
    6.52848125e-01 4.01785791e-01 8.31632018e-02 3.99468690e-01
    9.21292245e-01 2.73369223e-01 2.83965766e-01 7.98633993e-02
    2.61955619e-01 8.13040495e-01 6.78668737e-01 2.22144723e-02
    8.76037717e-01 7.16652572e-02 2.07415968e-01 6.83928728e-01
    4.40041780e-01 7.97069073e-01 8.72492790e-03 4.14331794e-01
    2.35804886e-01 7.36881495e-02 8.66481900e-01 2.18542963e-01
    7.72143900e-02 3.15629721e-01 2.14986324e-01 1.66024297e-01
    1.98316634e-01 2.72150666e-01 4.86389995e-01 1.41479224e-01
    5.34473121e-01 3.37984532e-01 5.13959587e-01 4.42662030e-01
    8.95656943e-01 5.03016591e-01 6.23919129e-01 5.00100732e-01
    8.30964804e-01 3.67524177e-01 8.94686282e-02 9.97733831e-01
    4.03349459e-01 6.93278670e-01 3.10200751e-01 4.79803026e-01
    7.56785274e-02 1.30005479e-02 8.58328998e-01 3.09763014e-01
    4.71246004e-01 8.29050303e-01 5.74197114e-01 9.84834135e-01
    7.94802904e-02 3.67827863e-01 8.77761006e-01 6.15836143e-01
    9.13776517e-01 6.23862267e-01 5.97778261e-01 8.07433128e-01
    5.61787248e-01 8.38154316e-01 6.89107478e-01 7.84537792e-01
    8.99286151e-01 6.47000432e-01 1.59590095e-01 7.31733739e-01
    1.22237921e-01 5.95854998e-01 3.39207351e-02 1.01580113e-01
    4.42239136e-01 1.63825244e-01 8.87389660e-01 1.10303670e-01
    6.27837539e-01 6.13865077e-01 5.94516098e-01 6.52489185e-01
    6.34602368e-01 1.83726311e-01 9.88494515e-01 9.45451975e-01
    8.83680761e-01 8.64559770e-01 7.79473364e-01 4.57543015e-01
    9.65331793e-02 1.24520034e-01 3.97962272e-01 1.16616517e-01
    7.32670069e-01 7.69548237e-01 5.03159523e-01 5.94120264e-01
    9.54286456e-01 7.13299632e-01 9.99442697e-01 5.19772768e-02
    2.55657136e-02 6.13948762e-01 6.45183921e-01 4.51989055e-01
    1.65178239e-01 8.29732776e-01 5.99194169e-01 1.07306391e-01
    7.99180627e-01 7.92503238e-01 1.38337582e-01 3.71587753e-01
    1.32653624e-01 2.57654428e-01 7.69369006e-01 3.46320570e-01
    9.91866112e-01 5.78544676e-01 3.88385773e-01 4.58379477e-01
    5.62866926e-02 7.03334570e-01 7.50465691e-02 9.68494177e-01
    6.94178343e-01 3.01110268e-01 9.01486397e-01 6.01044178e-01
    3.66102695e-01 7.39011765e-01 1.23551011e-01 4.02218401e-01
    4.76763040e-01 3.59512180e-01 7.81964540e-01 7.22602606e-02
    8.32098484e-01 4.34721738e-01 8.06747317e-01 7.34140873e-01
    3.65200847e-01 9.05096412e-01 7.73799479e-01 2.40647316e-01
    2.86369115e-01 4.89717722e-01 8.18061173e-01 4.37595576e-01
    6.59108460e-02 6.81297541e-01 8.75778079e-01 2.35073030e-01
    8.19058776e-01 4.78115588e-01 7.47396708e-01 3.13734472e-01
    8.30330133e-01 4.80481476e-01 4.59059656e-01 8.70693803e-01
    1.97491527e-01 8.76077354e-01 5.07264137e-01 9.75121498e-01
    9.62359786e-01 4.09422517e-02 6.02559268e-01 7.36031651e-01
    6.05759203e-01 1.18973613e-01 4.92700040e-02 4.36049938e-01
    7.65535951e-01 7.18842983e-01 1.81130528e-01 6.00694716e-01
    8.72135341e-01 7.20174074e-01 2.52848029e-01 4.56364423e-01
    5.69057107e-01 9.22648907e-01 7.19547153e-01 1.41540468e-01
    3.26086283e-01 1.73021853e-01 6.11600995e-01 6.94465697e-01
    6.86845958e-01 1.95777714e-02 2.24360377e-01 2.28777170e-01
    4.16271269e-01 4.79834706e-01 9.31322575e-01 6.23845935e-01
    7.06459701e-01 4.36670274e-01 5.32538414e-01 3.11143905e-01
    9.99620199e-01 1.86345786e-01 5.36414325e-01 2.00337142e-01
    5.54130077e-01 1.86261654e-01 9.74734306e-01 3.31684828e-01
    1.69069469e-02 5.84296465e-01 9.54117596e-01 7.51040459e-01
    3.56102884e-01 3.25766206e-01 6.80517197e-01 9.70743239e-01
    9.69328284e-02 2.06485718e-01 3.62319350e-02 2.75457770e-01
    9.88914371e-01 5.01572728e-01 8.85069609e-01 2.70447433e-01
    5.10819554e-02 2.55093664e-01 3.26637954e-01 2.62777984e-01
    4.60806489e-02 2.11491257e-01 9.67098832e-01 9.08372879e-01
    5.93465328e-01 3.63704026e-01 5.15755236e-01 6.01498127e-01
    3.57798517e-01 8.04567575e-01 8.60387385e-01 4.13686574e-01
    7.99151301e-01 2.63675153e-02 5.43792367e-01 3.30730081e-01
    5.56854665e-01 8.82803082e-01 8.94940615e-01 6.09693170e-01
    2.06179738e-01 5.44219017e-01 7.10030913e-01 8.56603861e-01
    9.21214581e-01 9.61584210e-01 5.76139331e-01 7.12181926e-01
    9.69716072e-01 6.06834352e-01 8.56608391e-01 7.62922883e-01
    8.24792624e-01 2.06968606e-01 1.07359737e-01 9.35096920e-01
    1.97837651e-01 8.10851455e-01 7.31659830e-02 5.54689169e-01
    6.58089817e-01 9.06405210e-01 1.72299385e-01 4.39743817e-01
    7.67973304e-01 9.66398120e-01 8.98812413e-02 5.33669949e-01
    5.70103347e-01 6.92109168e-01 3.95892680e-01 2.45544016e-02
    4.10029411e-01 1.46298349e-01 9.36276913e-01 2.20522702e-01
    4.03744668e-01 6.83663964e-01 4.57175076e-02 6.59744918e-01
    2.70940512e-01 9.31348085e-01 9.10342813e-01 1.74138397e-01
    9.83283520e-01 6.42018020e-01 6.94984972e-01 7.00060964e-01
    6.11984849e-01 8.71707201e-01 7.33747602e-01 4.59417343e-01
    4.49269831e-01 2.10187554e-01 4.67709780e-01 6.73200786e-02
    5.62169611e-01 6.88008606e-01 7.63938546e-01 7.25451529e-01
    1.26589477e-01 1.52417034e-01 6.97964489e-01 4.68713135e-01
    6.59757078e-01 1.64260447e-01 7.43050814e-01 3.28588128e-01
    2.73231268e-02 3.30910116e-01 1.27186924e-01 3.97942901e-01
    8.29953253e-01 8.33471954e-01 9.69628215e-01 6.60543680e-01
    7.18707442e-01 3.87682527e-01 5.91833591e-01 8.80805492e-01
    9.23719406e-02 8.46177340e-01 2.82742381e-01 8.47558379e-01
    1.95041597e-02 1.01544619e-01 5.55542707e-01 4.76233751e-01
    2.59950697e-01 4.16976780e-01 5.90409756e-01 3.65378916e-01
    7.56763875e-01 1.65853798e-01 2.06083894e-01 7.22772419e-01
    1.44089401e-01 7.56572962e-01 2.96518028e-01 7.81128049e-01
    6.37218237e-01 1.01704955e-01 3.62655818e-01 3.83403152e-01
    8.65967155e-01 1.37818575e-01 2.11272359e-01 3.93709719e-01
    6.39394879e-01 5.83144188e-01 4.90480691e-01 6.04836881e-01
    7.15492964e-01 2.38764137e-01 3.07011127e-01 7.72133589e-01
    4.59785759e-02 9.54462707e-01 1.65941954e-01 4.85745311e-01
    2.16385752e-01 8.69120657e-02 1.56340152e-01 9.83403921e-01
    6.36712074e-01 2.42138535e-01 1.61774844e-01 1.73360974e-01
    2.30335295e-01 9.79289591e-01 5.83962798e-01 5.83444297e-01
    7.67009676e-01 7.72763252e-01 3.73942077e-01 5.92929840e-01
    7.87068188e-01 5.33734918e-01 6.80680931e-01 5.84850669e-01
    4.00799960e-01 1.49231166e-01 6.29843593e-01 1.65486127e-01
    1.57068133e-01 6.06144071e-01 4.32989746e-01 1.37438357e-01
    4.54467833e-02 9.95500207e-01 9.12315369e-01 5.34327924e-01
    4.66873765e-01 9.29966688e-01 3.97670776e-01 6.83424950e-01
    4.71013486e-01 1.35013223e-01 8.40294182e-01 5.99620044e-02
    1.91264063e-01 6.28531218e-01 6.21797919e-01 6.16019785e-01
    5.06182671e-01 6.37349844e-01 3.29528809e-01 5.23616672e-02
    9.36099648e-01 6.07525647e-01 6.05472624e-02 9.54441309e-01
    7.13177860e-01 2.02544689e-01 2.06767797e-01 9.90381360e-01
    4.52764690e-01 3.72035086e-01 7.41109371e-01 3.01521838e-01
    1.11525983e-01 2.10227907e-01 4.34977293e-01 9.02185202e-01
    3.13695073e-01 4.65630323e-01 8.50771785e-01 4.02889848e-01
    7.52729774e-01 2.64496893e-01 4.39712882e-01 9.25106645e-01
    2.43774921e-01 4.92340624e-01 7.55759716e-01 4.35867369e-01
    2.18984425e-01 4.25358623e-01 4.78900760e-01 4.91132915e-01
    9.81658101e-01 6.41522408e-01 2.54462779e-01 8.51220906e-01
    9.36494648e-01 9.23854113e-01 1.31462544e-01 1.14469469e-01
    6.73444331e-01 1.87462479e-01 5.85685194e-01 2.17693180e-01
    1.57163769e-01 4.24798697e-01 5.68646193e-01 3.90598357e-01
    9.43475842e-01 2.69407958e-01 9.39678669e-01 1.72657669e-02
    5.86028397e-02 1.04366183e-01 8.14069510e-02 4.61010575e-01
    2.96761572e-01 6.04087651e-01 9.83137250e-01 9.80782688e-01
    8.78935814e-01 5.96296132e-01 8.65427852e-01 6.84759140e-01
    8.90876889e-01 6.03946745e-01 2.17781931e-01 9.79798079e-01
    3.74280661e-01 3.98245752e-02 9.77585196e-01 2.28065729e-01
    7.04863071e-01 3.99416864e-01 4.73241776e-01 2.64430851e-01
    7.61152625e-01 2.57914603e-01 5.33814728e-02 4.15904522e-01
    6.15364730e-01 5.54576635e-01 6.41120613e-01 8.24082494e-01
    5.50586164e-01 1.53956771e-01 1.68409944e-03 5.83868325e-02
    1.62535310e-01 2.13880718e-01 1.61430180e-01 5.21655977e-01
    1.98137552e-01 3.56784761e-01 7.53813267e-01 4.81683910e-01
    1.83500051e-02 3.66757810e-02 4.28490162e-01 7.90796280e-01
    9.59367871e-01 5.35555840e-01 2.07758456e-01 8.52221549e-02
    2.93567955e-01 1.10682398e-01 3.64236295e-01 9.16342139e-01
    2.28815198e-01 2.73249328e-01 6.17638469e-01 1.33992910e-01
    6.93315506e-01 4.34934974e-01 2.06388414e-01 2.99637318e-01
    8.84418130e-01 9.91938055e-01 9.31261957e-01 1.83723927e-01
    1.60660058e-01 9.18102980e-01 9.59010959e-01 9.15632010e-01
    5.02893925e-01 1.03887349e-01 9.24173951e-01 6.36535287e-01
    3.94696206e-01 4.31448519e-01 1.12083554e-03 5.50725639e-01
    2.65677184e-01 5.89243233e-01 4.01766062e-01 6.69896543e-01
    3.11283410e-01 4.38259065e-01 2.13787496e-01 8.10575843e-01
    7.38642335e-01 3.27617884e-01 5.39691806e-01 9.95257974e-01
    1.55293524e-01 3.16048682e-01 6.43439054e-01 1.41395569e-01
    3.85843664e-01 4.14123416e-01 1.56906307e-01 2.06092447e-01
    3.27611566e-02 6.61855817e-01 9.74048376e-02 4.16798502e-01
    3.61807793e-01 2.84978509e-01 3.43402922e-01 7.71854520e-01
    8.87668610e-01 4.02590334e-02 1.44890070e-01 7.18664408e-01
    4.16347563e-01 4.96234983e-01 6.85441494e-01 1.75750285e-01
    1.40636921e-01 9.91681576e-01 3.38536918e-01 6.66629195e-01
    3.49772245e-01 2.07296371e-01 1.05302095e-01 2.10292548e-01
    1.98122203e-01 7.20530570e-01 4.92262274e-01 7.31249452e-02
    3.13483179e-01 7.58464515e-01 7.82427669e-01 5.91312826e-01
    6.94741428e-01 5.81307113e-02 3.60590041e-01 5.15120447e-01
    7.85949826e-01 6.18022323e-01 8.73540044e-02 2.29803264e-01
    7.44344234e-01 9.05772209e-01 2.71248996e-01 8.61406922e-01
    8.48357379e-01 1.47172183e-01 3.73937488e-01 7.69287109e-01
    9.70635355e-01 1.08206302e-01 9.54062402e-01 6.70666695e-02
    9.45600748e-01 2.20124453e-01 8.57840121e-01 4.44706082e-01
    1.37588024e-01 7.02030003e-01 3.06512654e-01 8.05202007e-01
    8.35393190e-01 5.44262409e-01 3.03392470e-01 2.41426349e-01
    9.98167992e-01 8.62348855e-01 4.22257245e-01 5.97380400e-01
    3.04361701e-01 1.09426767e-01 3.26482445e-01 7.85719156e-01
    2.32824922e-01 6.32853746e-01 2.17844367e-01 2.22617835e-01
    3.27128202e-01 1.44858003e-01 9.36788559e-01 6.29872739e-01
    2.48949200e-01 1.24935001e-01 5.83516657e-01 3.54425907e-02
    4.26139653e-01 4.60148305e-01 2.60803342e-01 5.14221907e-01
    6.51979446e-01 3.72179776e-01 6.62903786e-01 6.26614690e-02
    2.58139163e-01 1.38239890e-01 4.53493118e-01 6.97449446e-02
    9.96458530e-03 7.31565714e-01 6.12679064e-01 5.44651449e-01
    9.62106705e-01 1.40072078e-01 8.72188926e-01 1.75864220e-01
    3.15794051e-01 3.20266187e-01 4.36930895e-01 5.98107040e-01
    1.43278599e-01 4.35045272e-01 8.96948636e-01 4.36371922e-01
    3.29264998e-01 3.21283221e-01 7.27875710e-01 8.22931290e-01
    1.80418015e-01 3.48676354e-01 3.63085181e-01 8.53596509e-01
    8.26953650e-01 8.85176539e-01 5.44350505e-01 4.65225637e-01
    2.02119052e-01 1.22088820e-01 6.99791312e-01 8.61287832e-01
    2.75319040e-01 5.20045042e-01 7.40059853e-01 7.64880240e-01
    1.98976398e-02 4.11318541e-02 9.86256301e-01 1.76123679e-01
    4.93087173e-01 8.82460594e-01 1.58873349e-01 4.20832694e-01
    7.62172699e-01 3.73209476e-01 8.83240998e-02 7.06001878e-01
    4.29685295e-01 1.97312713e-01 3.60312343e-01 4.22611594e-01
    6.21730387e-02 1.46023989e-01 2.65635967e-01 2.20893174e-01
    4.67531204e-01 3.14456284e-01 3.88190687e-01 4.89741892e-01
    4.72027063e-01 2.87280470e-01 6.85539484e-01 7.65814066e-01
    4.05344963e-01 8.53347540e-01 3.16490740e-01 6.23355687e-01
    9.84694719e-01 1.33219600e-01 5.91474712e-01 9.52621937e-01
    9.41699505e-01 4.48280156e-01 2.10475922e-02 3.21153939e-01
    8.59680653e-01 1.27118051e-01 4.06814814e-01 7.16881037e-01
    7.56383300e-01 9.11060333e-01 1.30635709e-01 5.47630489e-02
    4.36474502e-01 6.11782789e-01 6.89509511e-01 8.73833418e-01
    1.55955434e-01 8.52118254e-01 5.34403801e-01 6.10957205e-01
    8.96270573e-02 8.53655457e-01 9.26277161e-01 5.05183995e-01
    4.05180693e-01 7.77364194e-01 1.40943617e-01 4.97215688e-02
    4.33041632e-01 1.68577731e-02 9.23294306e-01 6.17376208e-01
    9.10828829e-01 5.65352142e-01 1.06653571e-03 4.46896493e-01
    2.36830056e-01 2.98123956e-02 9.67464805e-01 2.98565328e-01
    2.06203848e-01 9.42476451e-01 5.58027506e-01 1.18425488e-01
    2.71312952e-01 9.91347194e-01 4.63964611e-01 3.02911758e-01
    6.21180892e-01 6.60397410e-02 1.83263719e-01 7.44056523e-01
    5.53010464e-01 3.99139524e-03 9.61051106e-01 8.05714786e-01
    7.37433314e-01 7.52356410e-01 5.88730097e-01 5.15098691e-01
    7.53835440e-01 4.84146476e-02 3.70656848e-01 1.32121176e-01
    8.57166529e-01 7.18064129e-01 4.20881420e-01 6.60256028e-01
    2.12057441e-01 1.71585679e-02 1.57951206e-01 3.67824137e-01
    6.89856887e-01 9.83836710e-01 9.23551202e-01 6.42516017e-02
    9.93046105e-01 3.86134177e-01 4.58929330e-01 5.73309660e-01
    3.38408142e-01 4.62479204e-01 7.42322445e-01 1.88585222e-01
    3.88873994e-01 3.94871473e-01 6.98316991e-01 4.29344177e-02
    8.64931941e-01 1.63013339e-01 8.80014062e-01 4.31370914e-01
    4.22518820e-01 3.39605778e-01 8.97081733e-01 4.89310026e-01
    9.74675775e-01 1.42365038e-01 2.44086564e-01 2.75302649e-01
    8.59115779e-01 9.20728087e-01 6.52899623e-01 9.92354631e-01
    6.14878535e-01 6.38784409e-01 9.24864411e-03 2.97453165e-01
    8.51880133e-01 6.38141930e-02 2.68845379e-01 7.63018906e-01
    6.87512398e-01 4.67668951e-01 6.48911119e-01 4.20080662e-01
    9.04020309e-01 3.22692454e-01 9.84813929e-01 6.53242469e-01
    4.29011285e-01 5.93922794e-01 3.26871872e-01 8.33179235e-01
    1.63353294e-01 8.21217299e-01 2.01088190e-01 9.89331961e-01
    5.69132507e-01 3.58934432e-01 8.06984842e-01 6.96878195e-01
    7.45212793e-01 5.82072198e-01 2.69035041e-01 2.34765500e-01
    2.57957011e-01 8.35667253e-01 2.25339681e-01 1.08513802e-01
    2.61295438e-01 1.86521322e-01 5.62831521e-01 2.43434131e-01
    2.46326983e-01 7.62341022e-02 1.66726321e-01 7.17783332e-01
    5.57567060e-01 1.48833990e-01 6.52856112e-01 5.20489693e-01
    6.01937294e-01 3.83337379e-01 9.27823544e-01 1.29672796e-01
    9.21941876e-01 9.59761977e-01 4.97662455e-01 3.75611782e-01
    1.18680000e-01 5.19040763e-01 1.46331251e-01 2.03117400e-01
    6.79223716e-01 5.46155095e-01 4.77580965e-01 5.60398340e-01
    5.50149441e-01 8.34226608e-04 9.65835989e-01 8.16136897e-01
    6.64827526e-02 5.43477237e-01 4.04641241e-01 4.11509693e-01
    6.01177335e-01 6.21173918e-01 7.77832627e-01 7.04455435e-01
    6.22737288e-01 8.54398847e-01 5.09812236e-01 7.34627843e-01
    7.40625322e-01 7.00454473e-01 1.61197245e-01 9.27992404e-01
    1.64477944e-01 1.20676249e-01 3.99984032e-01 7.79821754e-01
    8.30097139e-01 4.65929359e-01 7.37064898e-01 6.11167789e-01
    5.87300420e-01 8.38727355e-02 6.95504844e-02 7.49486864e-01
    7.69735217e-01 7.13826954e-01 5.00075638e-01 7.14711547e-02
    5.79168022e-01 5.85205615e-01 1.23713225e-01 6.85358465e-01
    7.49377728e-01 3.93874586e-01 1.57672495e-01 9.34313834e-01
    8.80138457e-01 8.70980859e-01 6.77659631e-01 9.40367877e-02
    1.42771035e-01 1.33707404e-01 6.29667401e-01 1.09689146e-01
    8.73546720e-01 2.50412881e-01 6.73917055e-01 7.72783518e-01
    9.55885291e-01 1.81244731e-01 8.47329736e-01 7.38358140e-01
    1.75120711e-01 4.55249548e-02 9.15364981e-01 2.29698151e-01
    8.64972293e-01 4.30190563e-03 1.91252053e-01 2.57529080e-01
    2.63695240e-01 4.93020028e-01 7.36890078e-01 5.06822765e-02
    5.85319698e-02 6.82445168e-02 3.63654971e-01 1.07089072e-01
    6.22038662e-01 3.37572813e-01 6.61913753e-01 6.90200329e-02
    5.96209407e-01 7.54915118e-01 6.96332395e-01 3.79383832e-01
    8.38867724e-01 8.57144475e-01 8.56146991e-01 4.73967552e-01
    1.54392928e-01 6.85209394e-01 5.82344890e-01 1.52979374e-01
    3.20385575e-01 8.98683190e-01 9.68820930e-01 6.18363857e-01
    4.61763322e-01 2.14251906e-01 7.76252687e-01 6.78285420e-01
    2.43991286e-01 9.68172669e-01 4.24226493e-01 4.38268691e-01
    9.17168260e-01 6.78138494e-01 3.37301195e-02 6.13235176e-01
    5.68708539e-01 3.52804363e-01 2.02932328e-01 5.82167447e-01
    5.06092787e-01 7.00090528e-01 8.74811172e-01 5.20030022e-01
    6.55740201e-01 5.29295266e-01 3.12037468e-02 9.12769556e-01
    3.23467255e-01 6.43207431e-01 7.68221915e-02 1.50974810e-01
    4.76808310e-01 4.75344509e-01 2.85573781e-01 6.47691965e-01
    6.74963295e-01 1.56023443e-01 8.12475562e-01 1.38800889e-01
    6.60295904e-01 4.31546569e-02 7.29747832e-01 6.72462821e-01
    4.74466383e-01 1.50614619e-01 9.48325872e-01 5.03377855e-01
    8.66274118e-01 1.15572304e-01 4.84910607e-01 7.16566145e-02
    9.55695987e-01 9.31623220e-01 4.56316739e-01 8.08857739e-01
    4.90135819e-01 6.65237904e-01 6.25775814e-01 2.52616733e-01
    1.99975044e-01 2.00556248e-01 7.56177664e-01 5.68250000e-01
    2.14842856e-01 6.66767657e-01 2.65414238e-01 5.43876946e-01
    2.47763366e-01 6.18727505e-02 3.90569299e-01 3.21336627e-01
    7.62504339e-01 2.58928716e-01 4.73143697e-01 9.36487615e-01
    5.20201206e-01 9.56139386e-01 4.18387771e-01 9.06057000e-01
    1.63105696e-01 1.90112501e-01 6.06928885e-01 3.76794994e-01
    2.19509125e-01 2.46571809e-01 4.52490002e-01 1.07018232e-01
    4.88911122e-01 8.10809255e-01 5.65916419e-01 8.27540874e-01
    1.98709816e-01 5.14342606e-01 3.87502551e-01 5.68097591e-01
    6.09634757e-01 2.09423959e-01 3.73632312e-01 1.37853622e-03
    6.82956398e-01 5.17343938e-01 5.42232335e-01 9.97793138e-01
    5.85974157e-02 4.01349545e-01 7.10119843e-01 1.69610560e-01
    8.43934059e-01 8.25571418e-01 3.72218847e-01 2.27810442e-01
    6.25090957e-01 5.16267359e-01 3.07121634e-01 9.49426532e-01
    2.57554352e-01 7.71436155e-01 3.20071995e-01 1.54183656e-01
    2.54167974e-01 5.43448567e-01 6.97294533e-01 2.55279422e-01
    8.27473640e-01 4.17381227e-01 1.73396140e-01 5.03897846e-01
    9.60658491e-02 4.87619668e-01 6.99120820e-01 3.94013166e-01
    3.96807581e-01 7.53686130e-02 4.48595613e-01 8.44769180e-02
    7.22219944e-01 9.16503727e-01 6.78268313e-01 6.49144888e-01
    7.65269518e-01 8.29126000e-01 5.29603422e-01 4.36141729e-01
    2.07857192e-01 5.09838581e-01 7.60372102e-01 4.41969484e-01
    3.04021716e-01 1.05855465e-01 9.15845037e-01 2.50326395e-01
    5.28973460e-01 7.87904024e-01 8.50138843e-01 2.49525875e-01
    3.10922563e-01 2.15189129e-01 8.27610493e-05 5.98682582e-01
    9.56606269e-01 1.34270787e-01 7.79661953e-01 2.00429350e-01
    3.19418848e-01 7.37589955e-01 1.35380596e-01 2.11339086e-01
    3.86792719e-02 3.90977591e-01 5.74560463e-01 4.14143085e-01
    3.53710651e-01 2.21672297e-01 5.76831520e-01 3.70583117e-01
    2.05778986e-01 8.61180127e-02 3.09097379e-01 4.95376587e-02
    3.67382139e-01 9.25677419e-01 3.90204519e-01 9.68671679e-01
    3.68049502e-01 7.32972682e-01 1.32727474e-01 7.55377829e-01
    1.52368546e-02 2.56756634e-01 7.73262262e-01 5.82983971e-01
    6.68475747e-01 8.73193204e-01 1.58378661e-01 9.58183885e-01
    9.54822659e-01 5.80656528e-03 8.48430157e-01 2.18518525e-01
    1.78947479e-01 6.25917315e-03 1.93512797e-01 4.56876963e-01
    4.82922494e-01 5.38311422e-01 2.25841641e-01 4.20397222e-01
    5.83635688e-01 7.25837946e-01 1.99891925e-02 1.71750247e-01
    5.16748905e-01 7.22272813e-01 5.37999034e-01 1.23709649e-01
    2.67140299e-01 1.31317377e-02 3.87920260e-01 7.84195840e-01
    7.04520404e-01 6.34111762e-02 3.68928492e-01 6.79238319e-01
    3.42902541e-03 7.17285395e-01 9.07995343e-01 1.72107399e-01
    8.80544186e-02 3.99557650e-02 4.65909868e-01 9.73076701e-01
    7.96264708e-01 5.79788685e-01 6.28178000e-01 5.07827222e-01
    5.86967230e-01 7.20486760e-01 9.42918777e-01 3.80440831e-01
    7.39059687e-01 7.62280643e-01 8.24519634e-01 9.93903995e-01
    5.06645143e-01 4.42600399e-01 7.76763558e-02 2.59410322e-01
    8.19906473e-01 8.14406514e-01 2.20007181e-01 8.13197494e-02
    7.21428275e-01 7.68036187e-01 9.16365743e-01 9.75449324e-01
    1.83047473e-01 7.08785653e-01 5.73031485e-01 7.94338048e-01
    9.21207368e-02 6.26210451e-01 8.39259982e-01 6.79679215e-02
    4.79936302e-02 7.79499292e-01 9.93164778e-02 6.58792138e-01
    8.72339725e-01 6.03297234e-01 1.70288831e-01 2.99825370e-01
    2.26112366e-01 5.06725967e-01 9.93480563e-01 1.48206949e-04
    1.32141799e-01 2.30429590e-01 7.71506310e-01 5.42449236e-01
    9.79909658e-01 8.14607799e-01 9.33483422e-01 1.86951429e-01
    3.26443732e-01 4.98383880e-01 2.54503816e-01 6.44013762e-01
    9.39700961e-01 8.95939887e-01 8.84592652e-01 6.79990709e-01
    2.65231103e-01 6.36539757e-02 9.86398697e-01 7.55842924e-01
    4.77309227e-01 9.94596720e-01 1.06743366e-01 7.00443029e-01
    1.58439308e-01 6.67484701e-01 7.16764927e-01 6.83616102e-02
    9.95948255e-01 1.52787566e-01 6.85752571e-01 4.59086657e-01
    5.69244802e-01 2.98880756e-01 5.10253131e-01 6.69301569e-01
    3.40523899e-01 5.73729455e-01 9.51279759e-01 5.98793745e-01
    5.69408417e-01 8.07161331e-01 9.36148524e-01 7.13765025e-02
    5.01185596e-01 2.23017693e-01 3.85923743e-01 3.01291943e-01
    4.22966808e-01 2.72957265e-01 4.79007363e-01 8.50382328e-01
    1.11438781e-01 5.26016831e-01 2.43833393e-01 2.79021144e-01
    5.78895867e-01 7.04048276e-01 9.46781278e-01 3.61360848e-01
    1.31737500e-01 8.92517924e-01 7.33924270e-01 8.63906622e-01
    9.57077026e-01 8.89980078e-01 6.72473609e-02 6.80278480e-01
    9.44498777e-02 4.73688722e-01 2.82142162e-02 5.87816417e-01
    3.06642026e-01 8.78763855e-01 8.76791537e-01 4.85417664e-01
    7.00078607e-01 6.72890127e-01 2.21534461e-01 6.03356838e-01
    9.32846189e-01 6.26760602e-01 4.37365115e-01 3.95338327e-01
    7.16893017e-01 4.23671991e-01 7.86831737e-01 6.31502390e-01
    9.01196122e-01 8.73266280e-01 6.15297258e-01 9.42310691e-03
    7.41868019e-01 7.10833788e-01 3.41716886e-01 1.25909388e-01
    1.23114318e-01 5.18586218e-01 9.75724936e-01 8.74064863e-02
    8.65391493e-01 2.38424301e-01 6.72090054e-01 2.35636413e-01
    8.31597447e-01 1.93518549e-01 3.54796648e-04 1.92491949e-01
    6.58994675e-01 2.94085801e-01 9.48538184e-01 5.21213293e-01
    9.03802872e-01 5.52857876e-01 3.78363878e-01 4.76183295e-02
    8.54129434e-01 9.59359169e-01 1.76772118e-01 4.63591576e-01
    2.80697048e-02 2.59784579e-01 9.70580578e-01 6.71492755e-01
    8.46333325e-01 7.92900324e-01 3.03719997e-01 1.05904937e-02
    8.14607024e-01 9.53678787e-01 8.33402634e-01 7.90584922e-01
    8.29333127e-01 4.33647990e-01 3.56021166e-01 6.70520365e-02
    7.90630221e-01 7.48485267e-01 3.80013049e-01 1.23607188e-01
    3.01308453e-01 9.07251358e-01 4.30763960e-02 6.51256859e-01
    7.14436710e-01 5.69024861e-01 2.19287187e-01 4.76556718e-01
    9.81980562e-02 2.75155604e-01 6.35266960e-01 8.27175260e-01
    5.67432344e-02 4.08835918e-01 1.07390642e-01 6.65440023e-01
    7.04036057e-01 2.13124514e-01 8.37134540e-01 5.66168725e-01
    6.95684791e-01 2.76258290e-02 3.29739690e-01 8.79812777e-01
    4.92978781e-01 5.67754149e-01 1.04953736e-01 9.17134643e-01
    9.17028069e-01 2.60147303e-01 1.46112233e-01 8.24787855e-01
    4.72003430e-01 4.66426224e-01 2.12165833e-01 4.62890804e-01
    3.65148544e-01 7.01813519e-01 4.62516248e-02 7.09044576e-01
    3.39179158e-01 6.67836785e-01 9.17190075e-01 9.46127892e-01
    8.02926719e-01 6.62884176e-01 9.56429124e-01 9.50507402e-01
    3.19716722e-01 9.92570937e-01 3.01110268e-01 8.55060816e-01
    6.83963895e-02 6.37836695e-01 5.85293651e-01 1.39409542e-01
    9.79236841e-01 7.31460333e-01 3.34112644e-01 2.88383007e-01
    1.07852131e-01 2.67359614e-01 3.92002523e-01 5.49412608e-01
    7.33634472e-01 4.36254948e-01 7.62293458e-01 6.47492468e-01
    5.52835345e-01 8.72923553e-01 4.56746340e-01 9.09819603e-01
    8.12888980e-01 8.02237749e-01 4.67208445e-01 1.57869935e-01
    2.26492316e-01 2.41733611e-01 6.00410104e-01 8.58116448e-01
    1.04442894e-01 9.96735990e-02 8.30157518e-01 1.77970320e-01
    2.97822058e-02 4.97136503e-01 1.84281647e-01 6.08964503e-01
    3.33682775e-01 6.86846495e-01 4.14976060e-01 7.40662873e-01
    8.65468144e-01 2.20109224e-02 3.35474670e-01 9.56613719e-01
    6.49293184e-01 7.43898809e-01 6.88101530e-01 4.12552059e-01
    4.18332398e-01 4.13147390e-01 7.20327139e-01 4.83176410e-02
    8.47609043e-01 3.43908966e-01 3.01913023e-01 9.39443588e-01
    1.01123631e-01 7.64493942e-01 6.38902545e-01 4.83417094e-01
    7.34510303e-01 2.25388855e-01 7.99324751e-01 4.63736236e-01
    2.05629051e-01 4.47288960e-01 8.52666616e-01 2.36177742e-01
    2.69815832e-01 9.77308631e-01 3.82352442e-01 6.51380241e-01
    6.49623215e-01 5.55066168e-01 8.03025961e-01 2.43773490e-01
    4.31437731e-01 1.90351397e-01 3.27737182e-01 9.24458623e-01
    8.09268832e-01 1.32465869e-01 5.13790548e-01 4.86585766e-01
    9.05522406e-01 3.68112922e-01 3.63678575e-01 9.62915063e-01
    6.79634929e-01 5.39888263e-01 5.98004341e-01 9.22589421e-01
    7.85936356e-01 5.08671522e-01 7.94420123e-01 4.10382122e-01
    1.55135453e-01 7.68071353e-01 9.69627261e-01 5.43927968e-01
    8.48215580e-01 7.56810069e-01 4.36401397e-01 6.65644407e-01
    9.70331907e-01 2.35500813e-01 1.23005390e-01 9.74701405e-01
    2.91578352e-01 9.98163223e-02 8.54177177e-02 2.48345733e-01
    1.74729556e-01 6.94379449e-01 1.61850601e-01 1.06507063e-01
    5.96137166e-01 7.86899805e-01 4.12870079e-01 4.87301022e-01
    7.05194235e-01 5.21683574e-01 3.03965151e-01 2.07378358e-01
    7.00743079e-01 9.42356586e-01 3.48269612e-01 1.11882478e-01
    3.31608802e-01 9.37426925e-01 6.90438628e-01 4.59481031e-01
    3.37907851e-01 8.04819465e-02 9.86214519e-01 6.91634715e-02
    6.81192100e-01 2.02864707e-01 5.68149686e-01 5.92395067e-01
    7.96081066e-01 9.18446660e-01 5.05015671e-01 7.06253171e-01
    1.27968431e-01 1.71864301e-01 9.88934040e-01 7.44022548e-01
    2.27731466e-01 7.26690650e-01 8.84564996e-01 7.53636301e-01
    9.99384522e-02 2.68050730e-02 8.68256569e-01 3.04780096e-01
    5.88577509e-01 2.09691554e-01 6.12982631e-01 9.70210433e-01
    6.91318691e-01 7.43326426e-01 9.17130888e-01 9.38291788e-01
    6.16619110e-01 9.37940240e-01 6.17338717e-01 8.99912417e-02
    2.71945059e-01 9.96804714e-01 9.97911990e-02 7.04619110e-01
    6.45535707e-01 5.11415482e-01 1.87178314e-01 1.23968661e-01
    4.09799218e-01 3.86666864e-01 1.03656560e-01 1.44267470e-01
    8.77377748e-01 2.68830568e-01 7.80516863e-01 9.69870687e-01
    4.40899819e-01 6.24391973e-01 2.05536932e-01 5.96493661e-01
    9.58311677e-01 6.69344723e-01 3.12886804e-01 1.37119740e-01
    6.59462214e-01 3.33949506e-01 6.44236147e-01 3.75959843e-01
    8.48522663e-01 8.61037850e-01 4.18560207e-01 8.03227425e-01
    6.85747564e-01 2.58058161e-01 4.59287703e-01 3.86618614e-01
    4.72013354e-02 3.75528514e-01 1.72066540e-01 7.75938749e-01
    9.29986835e-01 3.83180201e-01 8.58069003e-01 4.05894130e-01
    1.60316110e-01 4.19268578e-01 1.16053134e-01 2.08826423e-01
    8.67191434e-01 8.27040672e-02 7.93992043e-01 8.17574859e-01
    8.23893309e-01 2.50164688e-01 2.04344094e-01 5.54021180e-01
    6.32173836e-01 8.24916244e-01 4.06241864e-01 7.77338922e-01
    7.61787176e-01 5.17501295e-01 2.95786560e-01 5.16524434e-01
    3.33971083e-01 4.91119623e-02 3.61563444e-01 4.77523595e-01
    5.47477007e-01 7.29501009e-01 7.09425509e-02 2.18495607e-01
    8.57501388e-01 6.95108891e-01 9.78564501e-01 3.43539655e-01
    6.93827152e-01 2.31247395e-01 4.28038746e-01 4.72055018e-01
    3.83789986e-01 4.43759143e-01 4.32037890e-01 9.72927094e-01
    8.85284066e-01 5.49630582e-01 2.14807689e-01 8.03376555e-01
    8.40369582e-01 9.89601016e-01 4.26969200e-01 8.21205080e-01
    6.07522488e-01 9.86138880e-02 3.93574864e-01 8.97949576e-01
    1.80084795e-01 2.82710791e-03 1.88173205e-01 1.29313171e-02
    5.26998401e-01 8.01747143e-01 3.97096962e-01 8.65411103e-01
    4.28736448e-01 2.13630706e-01 1.74317986e-01 5.52744567e-01
    7.04055309e-01 1.76768005e-02 7.97818303e-01 3.86583507e-01
    7.78417587e-01 6.20181799e-01 9.91006374e-01 8.44322622e-01
    6.08121276e-01 1.40569299e-01 3.52378905e-01 8.69370222e-01
    2.94305861e-01 7.96606302e-01 8.23835075e-01 8.31915379e-01
    6.21640086e-02 1.83530122e-01 1.99382722e-01 7.71190047e-01
    5.69646001e-01 4.12924647e-01 5.65964341e-01 5.17433822e-01
    9.40206707e-01 5.78196406e-01 9.45199132e-01 6.33404970e-01
    2.74180532e-01 7.63650298e-01 6.65612280e-01 4.63197023e-01
    1.48589998e-01 8.69283736e-01 7.88928270e-01 5.95916033e-01
    9.26414907e-01 5.94796777e-01 1.68954313e-01 4.19061244e-01
    2.87468165e-01 9.86180902e-02 6.29543364e-01 3.21196198e-01
    8.49588752e-01 8.61362398e-01 6.27966940e-01 6.16676927e-01
    4.17482436e-01 3.71932626e-01 3.18224549e-01 5.83294868e-01
    3.67988735e-01 8.33819032e-01 5.61652184e-02 3.26684773e-01
    6.54422939e-01 1.75505877e-04 5.56801856e-02 8.14570904e-01
    6.44629955e-01 5.57394207e-01 9.64931905e-01 8.04847121e-01
    2.02954531e-01 2.82985926e-01 7.27061987e-01 5.46700418e-01
    4.08899754e-01 1.32158488e-01 5.61181545e-01 7.18834758e-01
    5.66542089e-01 4.25725847e-01 9.81504023e-02 4.45386887e-01
    6.63955033e-01 6.84858859e-01 6.06838584e-01 5.53338528e-01
    5.33916950e-02 9.25039411e-01 2.07357287e-01 7.75989532e-01
    3.16648543e-01 8.68505239e-01 9.83434439e-01 9.20024574e-01
    9.56923783e-01 9.54347372e-01 9.90918100e-01 1.34974360e-01
    8.75733912e-01 4.89852130e-02 5.06373584e-01 8.90976787e-01
    7.47993708e-01 7.25434184e-01 5.12992084e-01 8.62407088e-02
    2.41264433e-01 9.56722021e-01 4.27880138e-01 9.34683919e-01
    4.02127802e-02 2.32728153e-01 9.24596548e-01 7.95492053e-01
    2.51555890e-01 5.20978987e-01 5.89977205e-01 2.61877954e-01
    5.27021766e-01 4.36744630e-01 5.47889769e-01 3.19390029e-01
    9.03953075e-01 8.02178860e-01 7.69726515e-01 8.50850105e-01
    8.71009350e-01 6.41038537e-01 1.76890880e-01 1.76030546e-01
    8.55754733e-01 9.34860110e-01 3.43123913e-01 9.13320184e-02
    9.96872306e-01 2.79377490e-01 1.30228311e-01 6.06688023e-01
    2.63199121e-01 3.76862139e-01 7.82900095e-01 2.20081598e-01
    9.15026009e-01 5.62109649e-02 5.33760309e-01 4.51003850e-01
    9.10118461e-01 1.44535482e-01 5.28619826e-01 7.38572240e-01
    6.57444894e-01 6.35592341e-01 1.43271804e-01 3.31175327e-02
    3.04243207e-01 6.58692837e-01 6.21084809e-01 2.71173477e-01
    2.19303370e-02 7.56335974e-01 3.39322805e-01 4.12049532e-01
    9.76887822e-01 9.38682675e-01 9.80738521e-01 6.64043307e-01
    9.35900569e-01 8.65650415e-01 9.36420083e-01 9.31856036e-02
    8.96270990e-01 7.50225842e-01 2.86274612e-01 1.34313613e-01
    8.83051872e-01 3.26777428e-01 5.69500804e-01 8.48558784e-01
    1.55889452e-01 9.11276102e-01 4.19387341e-01 8.04826379e-01
    5.44961393e-02 8.30685616e-01 5.49431980e-01 8.12343776e-01
    4.88339186e-01 4.19625998e-01 2.57887959e-01 4.99022722e-01
    5.64477384e-01 2.96337962e-01 9.14025426e-01 7.06722260e-01
    5.45447767e-02 4.48094040e-01 1.42515302e-02 4.39024717e-01
    5.36011279e-01 8.66702259e-01 6.98364198e-01 4.51528251e-01
    8.91906261e-01 8.17036629e-01 2.32369542e-01 8.24125707e-02
    8.41012537e-01 5.11546135e-02 1.83256656e-01 1.15220696e-01
    2.62782693e-01 8.57435584e-01 9.29933786e-01 9.41707373e-01
    5.95994890e-01 8.36298823e-01 4.47239608e-01 1.43830180e-01
    5.95488429e-01 2.55370080e-01 6.99965477e-01 7.92400718e-01
    2.53101289e-01 4.49158937e-01 3.72030437e-01 3.93474817e-01
    8.92596900e-01 2.13058263e-01 1.71126693e-01 9.00093079e-01
    4.90922749e-01 7.59611785e-01 2.17608303e-01 5.22368550e-01
    1.84281200e-01 3.22153270e-01 6.06737435e-02 9.14420128e-01
    4.48052138e-01 5.99431634e-01 7.08841085e-01 1.55237377e-01
    7.74237514e-03 2.87441015e-02 6.78575873e-01 4.58841681e-01
    2.99550742e-01 8.48410010e-01 1.46667302e-01 5.21315157e-01
    1.04076624e-01 4.21583414e-01 1.73788637e-01 4.41584677e-01
    1.36974484e-01 3.85173261e-02 4.85323519e-01 4.60699260e-01
    6.31408393e-01 5.37203074e-01 4.58313107e-01 9.17094469e-01
    1.35016322e-01 9.35677469e-01 9.88543332e-01 6.77082300e-01
    5.11324883e-01 7.99658895e-01 6.01806283e-01 5.71754396e-01
    8.41707468e-01 3.82928908e-01 9.90388989e-01 4.41497147e-01
    5.01314223e-01 8.54217052e-01 8.69819105e-01 8.85619998e-01
    5.58893621e-01 8.85915995e-01 7.72797346e-01 9.09979999e-01
    1.70964003e-03 7.37493932e-01 1.49007201e-01 3.69369477e-01
    5.45117557e-01 2.10983664e-01 1.19008988e-01 3.48787308e-01
    3.84835303e-02 1.19012982e-01 5.88011324e-01 5.75066686e-01
    9.67093945e-01 9.55995321e-01 3.63600492e-01 3.82468641e-01
    1.86765343e-01 2.84886181e-01 6.05289340e-01 5.38996637e-01
    7.53967404e-01 9.19620097e-02 3.67119312e-01 3.94313276e-01
    6.42062128e-01 5.34557760e-01 5.17315686e-01 7.62364149e-01
    8.07569325e-02 1.45951957e-01 9.03644979e-01 9.48290944e-01
    3.15451831e-01 5.66519558e-01 4.41884786e-01 8.74370694e-01
    1.13625228e-02 6.55001283e-01 7.18860626e-01 4.82137322e-01
    8.49879861e-01 8.65842640e-01 4.66529399e-01 9.25729752e-01
    7.97336042e-01 9.83533978e-01 4.98711050e-01 2.69235551e-01
    7.95542657e-01 1.56897902e-02 7.54994631e-01 1.84652805e-02
    1.08481050e-01 6.67978287e-01 4.80056316e-01 7.10105896e-01
    2.76089013e-01 5.38046539e-01 7.62989521e-01 7.59517610e-01
    2.26594210e-02 7.50137568e-01 8.57294738e-01 4.93024021e-01
    2.05542237e-01 6.25741422e-01 3.32452774e-01 4.91095006e-01
    3.62886488e-01 5.10367095e-01 8.47232938e-01 6.47559881e-01
    4.65775430e-01 9.39201355e-01 4.77966040e-01 1.38516217e-01
    2.91408837e-01 1.60327137e-01 8.13008845e-01 3.10521245e-01
    3.02256882e-01 7.94358671e-01 9.85388935e-01 7.58405209e-01
    1.59228951e-01 8.13254476e-01 6.30291939e-01 5.03932536e-01
    8.26912642e-01 1.66273117e-01 1.75045341e-01 8.48526418e-01
    2.04754889e-01 5.34837782e-01 3.99944454e-01 1.97038531e-01
    9.24000859e-01 2.61423886e-01 4.14601266e-01 3.59148830e-01
    9.88700747e-01 9.81494784e-01 2.60452628e-01 4.14987564e-01
    8.53248835e-02 1.79779530e-01 5.00320911e-01 9.60835934e-01
    4.06810373e-01 1.69630080e-01 3.34445536e-02 3.28589767e-01
    5.13739347e-01 3.78448695e-01 4.41064000e-01 6.54800057e-01
    8.90076518e-01 3.37058187e-01 5.54130912e-01 9.66340899e-01
    8.42204094e-02 6.87265158e-01 2.57498562e-01 9.40796733e-02
    1.90602541e-01 8.91779542e-01 8.81973624e-01 7.67671764e-01
    6.99810982e-01 7.42049813e-01 6.04408681e-01 9.53387380e-01
    2.73926020e-01 2.86597610e-01 7.44573593e-01 1.73015893e-02
    7.70171285e-01 6.00206614e-01 4.38869894e-01 7.98908353e-01
    9.95978594e-01 3.44377548e-01 6.90738678e-01 8.17657828e-01
    9.70595360e-01 6.49454296e-01 1.53476119e-01 9.85148549e-01
    6.33611083e-01 3.48528504e-01 3.12936485e-01 4.18073207e-01
    6.67586505e-01 4.84142274e-01 4.60793853e-01 7.59037495e-01
    5.17214060e-01 3.00774723e-01 7.86507726e-02 3.63546133e-01
    3.54573339e-01 8.52134705e-01 1.26543254e-01 2.58948267e-01
    1.33439243e-01 2.50772774e-01 5.69713056e-01 7.38402605e-01
    8.61478209e-01 1.60351694e-01 1.63352787e-02 6.98819101e-01
    2.87448913e-01 1.21622711e-01 7.53964067e-01 3.39966118e-02
    1.82810187e-01 5.95947862e-01 4.08892632e-02 3.99641335e-01
    3.09677511e-01 8.39128196e-01 5.80321074e-01 6.39359117e-01
    1.35884285e-01 6.24984145e-01 8.04156661e-02 3.82116884e-01
    8.23530138e-01 5.93458235e-01 1.48882478e-01 7.51574695e-01
    3.18148792e-01 2.14577675e-01 5.88819027e-01 7.23710716e-01
    1.60529822e-01 7.57997155e-01 7.47773051e-03 7.60004818e-01
    7.58778095e-01 5.94612718e-01 7.91436434e-03 9.79217887e-03
    8.36968541e-01 1.24277323e-01 5.65725029e-01 7.53090978e-02
    1.54455602e-02 6.16354048e-01 7.92341828e-01 1.15024090e-01
    7.93328047e-01 8.29081833e-01 1.89631879e-02 5.79360127e-01
    3.21495652e-01 1.63287163e-01 9.18436050e-02 1.39040738e-01
    8.70964289e-01 2.46622831e-01 2.77666330e-01 6.72133863e-01
    1.90743804e-02 3.32893729e-01 8.64032507e-01 6.29674911e-01
    2.86665320e-01 8.55319142e-01 4.50196505e-01 3.21156681e-01
    6.34711623e-01 2.06187308e-01 9.53744948e-01 8.43993306e-01
    4.36758220e-01 4.30325985e-01 7.86102414e-02 7.83350825e-01
    3.23622704e-01 8.15882087e-01 7.82408834e-01 1.89839274e-01
    7.62353778e-01 2.21684426e-01 3.00812602e-01 2.32276022e-02
    3.26450408e-01 4.93997693e-01 5.02263725e-01 6.98741972e-02
    4.78573442e-02 2.07297951e-01 6.45938933e-01 2.57779598e-01
    1.19079739e-01 9.06249046e-01 9.88505423e-01 4.99875546e-02
    3.73127341e-01 2.29013175e-01 9.54400182e-01 2.77798772e-02
    8.48098397e-01 4.62257594e-01 3.98383439e-01 2.94030309e-01
    1.76931202e-01 6.15499854e-01 6.39959216e-01 9.67952192e-01
    7.68023074e-01 6.52048945e-01 6.88411355e-01 3.43147159e-01
    7.84348011e-01 1.02748841e-01 6.64363325e-01 8.45572352e-02
    4.87629324e-01 9.82329845e-01 1.15810812e-01 1.45793825e-01
    7.67781317e-01 2.04983711e-01 8.60589027e-01 6.58885777e-01
    2.66853392e-01 4.72949266e-01 7.37402439e-02 2.92541444e-01
    4.49805498e-01 4.25610006e-01 5.50714135e-01 1.92381084e-01
    9.81896877e-01 4.60003614e-02 7.77284443e-01 4.29536104e-02
    4.29380417e-01 1.48461133e-01 8.79951358e-01 9.37502801e-01
    5.77383041e-01 6.97910666e-01 4.99275029e-02 8.41976523e-01
    4.47261781e-01 5.92161953e-01 2.35933632e-01 7.28600621e-02
    7.38730073e-01 4.48142409e-01 4.88016635e-01 4.24724400e-01
    2.19606817e-01 8.45044136e-01 8.79941940e-01 9.16701436e-01
    4.72668827e-01 4.80948806e-01 5.17528594e-01 7.62309253e-01
    9.74888325e-01 3.01292539e-03 4.97544706e-02 6.73065603e-01
    5.10309339e-01 8.57416749e-01 3.47415268e-01 4.97204125e-01
    9.73020792e-02 2.04474509e-01 8.62625718e-01 4.12269861e-01
    3.01191330e-01 6.40742719e-01 2.16459006e-01 6.95133090e-01
    7.65423298e-01 4.47597086e-01 9.04856563e-01 7.32911229e-01
    6.42432272e-01 8.21516991e-01 5.62863588e-01 6.75660193e-01
    7.95811772e-01 2.29104757e-01 8.38930011e-01 9.74749088e-01
    3.39669555e-01 4.60083276e-01 6.15974605e-01 6.04903102e-01
    8.67741883e-01 7.91814089e-01 5.17334998e-01 1.12704426e-01
    7.25107610e-01 9.34217274e-01 5.83557844e-01 8.82295012e-01
    9.18822765e-01 2.47164786e-01 4.29300129e-01 3.38074088e-01
    8.03830266e-01 2.41709620e-01 8.61991405e-01 2.28354901e-01
    7.25796342e-01 9.06430840e-01 1.67675525e-01 2.69375443e-02
    6.60606623e-01 3.66256773e-01 2.47948706e-01 8.98188055e-02
    4.68159914e-02 5.62537074e-01 3.93668503e-01 4.57692504e-01
    5.02351522e-01 9.99045908e-01 3.62799883e-01 2.31584311e-01
    8.76471698e-01 9.67325747e-01 5.77662706e-01 5.82851410e-01
    4.68904912e-01 9.59774256e-02 4.02029157e-02 5.00695825e-01
    1.72546238e-01 2.88972676e-01 5.69009900e-01 5.35406768e-02
    9.78927433e-01 5.09170055e-01 7.67807126e-01 1.39042437e-02
    5.63913167e-01 3.93648148e-01 8.71648192e-01 2.98250914e-01
    6.63981557e-01 1.22068316e-01 8.81378412e-01 1.02963209e-01
    9.06322658e-01 8.86809230e-01 3.48992109e-01 6.78359866e-02
    4.70032692e-01 1.98347837e-01 4.61365610e-01 4.81121689e-01
    8.37521672e-01 7.45088995e-01 2.30294496e-01 7.76227474e-01
    4.40798372e-01 1.34091556e-01 4.90414232e-01 6.96169257e-01
    2.76686490e-01 6.97741747e-01 4.73161042e-01 3.22873294e-01
    1.94145858e-01 7.58613348e-01 9.01347160e-01 9.39648390e-01
    4.80680436e-01 3.72604549e-01 5.35835624e-02 3.35922718e-01
    5.00606596e-02 2.77719349e-01 2.11334080e-01 3.78558278e-01
    2.49083370e-01 8.99315476e-02 9.68750715e-01 7.59773493e-01
    3.74009550e-01 1.70647442e-01 3.63580883e-02 2.40705311e-02
    9.42366004e-01 3.55424404e-01 3.55075300e-01 2.01563269e-01
    2.53049970e-01 9.58211660e-01 6.31408393e-02 7.54027128e-01
    1.55319482e-01 6.71823442e-01 4.06580269e-02 9.48315084e-01
    5.77580869e-01 1.18273199e-01 7.80048966e-01 3.38871241e-01
    4.88972396e-01 3.60231102e-01 1.30357414e-01 3.31896245e-01
    7.88029313e-01 5.17677009e-01 7.49205947e-01 2.08463818e-01
    6.90498590e-01 6.95114136e-01 4.86728370e-01 1.14846528e-01
    3.07737768e-01 4.47709024e-01 2.80792952e-01 5.66346407e-01
    8.11685205e-01 4.72536594e-01 6.74486756e-01 9.61176515e-01
    5.35882175e-01 1.23254180e-01 9.50811982e-01 8.62662494e-01
    7.28576958e-01 3.01883161e-01 3.83505911e-01 9.51877296e-01
    3.80235702e-01 2.80809522e-01 1.54068023e-01 1.97574317e-01
    7.72008121e-01 8.52533221e-01 8.00419450e-02 8.47092152e-01
    2.68876284e-01 4.52177942e-01 5.80867350e-01 5.65645158e-01
    4.81816173e-01 3.31865668e-01 7.78823197e-02 6.00911200e-01
    6.78906739e-01 8.05966854e-01 2.20505834e-01 9.30626750e-01
    8.88553858e-01 7.14696825e-01 3.45204741e-01 1.94502860e-01
    3.25688660e-01 1.77102506e-01 4.15621847e-01 5.29352725e-01
    3.59701514e-02 3.20851266e-01 4.46620464e-01 3.44577909e-01
    2.99745917e-01 2.14568913e-01 2.33609021e-01 4.43460613e-01
    8.23153257e-01 3.47567677e-01 2.59437323e-01 3.07240009e-01
    5.36688685e-01 9.19427156e-01 5.65815628e-01 7.50350595e-01
    1.70066446e-01 4.78218466e-01 9.69421804e-01 6.48070931e-01
    5.45237005e-01 5.28179944e-01 6.51075125e-01 1.49798930e-01
    1.90714806e-01 9.57821906e-02 7.72656798e-01 4.08387661e-01
    7.48374045e-01 1.93129838e-01 8.30086231e-01 1.92954689e-01
    3.21463048e-01 7.11392343e-01 3.65318984e-01 9.69190478e-01
    2.53945053e-01 8.98860574e-01 4.76615131e-01 8.33350241e-01
    9.25465226e-01 5.80361784e-01 5.36449015e-01 7.48409331e-01
    9.28400278e-01 2.74384350e-01 3.42553437e-01 6.55344605e-01
    9.39795852e-01 6.34449244e-01 7.56847262e-01 7.04992414e-01
    1.80672199e-01 4.78797913e-01 9.19970989e-01 7.48905420e-01
    9.68366623e-01 8.06114078e-01 1.15749300e-01 1.44429147e-01
    8.50685716e-01 4.60999489e-01 3.53617728e-01 9.48139548e-01
    9.91272807e-01 5.68213940e-01 1.87572271e-01 3.60009611e-01
    5.26718557e-01 9.02872682e-01 9.74174261e-01 8.66114736e-01
    5.73958814e-01 3.98949385e-01 7.13662744e-01 6.89347625e-01
    6.00006938e-01 2.47918516e-01 7.84779429e-01 4.79312658e-01
    3.55871618e-02 8.31706762e-01 9.83900666e-01 8.30746889e-01
    7.75949419e-01 2.79010952e-01 4.80567873e-01 9.79248345e-01
    3.91797066e-01 6.52573168e-01 1.62673384e-01 9.73301291e-01
    7.79883683e-01 1.43451989e-02 7.20557213e-01 6.60359681e-01
    9.97513831e-01 9.26558852e-01 1.64877206e-01 9.43414330e-01
    9.46156323e-01 5.75203538e-01 6.33031070e-01 4.73450094e-01
    5.68167210e-01 4.69617486e-01 9.27898884e-01 2.75530070e-01
    7.43493438e-01 2.75437236e-01 5.85491121e-01 7.98406005e-01
    4.45303857e-01 4.30622756e-01 3.07703435e-01 1.16631687e-02
    2.65870273e-01 6.29974604e-02 5.31474829e-01 2.02171206e-02
    7.95048654e-01 5.63019335e-01 7.93851733e-01 3.61356705e-01
    4.43118870e-01 9.40565348e-01 7.09274650e-01 8.39780927e-01
    7.63682544e-01 6.51560485e-01 8.94615293e-01 2.61711508e-01
    5.67931175e-01 3.53612959e-01 3.04669172e-01 5.39606869e-01
    5.30271530e-01 1.09220803e-01 5.83864868e-01 4.97465968e-01
    1.76338851e-01 6.61047101e-01 4.28957939e-01 8.73915136e-01
    7.05484748e-01 8.79241824e-02 1.17038578e-01 3.29109937e-01
    4.89974916e-02 4.97065604e-01 3.13414276e-01 2.84067690e-02
    8.05431247e-01 1.90191060e-01 4.51349407e-01 8.54097366e-01
    8.39903593e-01 2.88100600e-01 2.34684885e-01 1.18851185e-01
    9.27135587e-01 8.34979773e-01 5.73279202e-01 3.57961953e-01
    9.19996500e-01 9.39097166e-01 8.91635895e-01 2.44562477e-01
    4.27027106e-01 1.62428290e-01 4.52218354e-01 8.09387565e-01
    7.86374509e-02 8.81108165e-01 3.55358422e-01 3.80675226e-01
    5.55150509e-02 1.03140861e-01 9.00669098e-02 2.57901400e-01
    6.79917097e-01 2.30113804e-01 4.29681450e-01 6.46187782e-01
    4.07194883e-01 2.25380450e-01 6.01239562e-01 6.34766638e-01
    2.92388737e-01 9.03799891e-01 5.26087523e-01 9.45570290e-01
    9.31134582e-01 6.43554091e-01 5.84489048e-01 1.47471219e-01
    2.00761110e-01 2.39675641e-01 6.68201864e-01 3.77240181e-02
    4.41601098e-01 6.14542603e-01 7.85484552e-01 6.62462890e-01
    8.05713058e-01 7.18913794e-01 9.62351263e-02 2.57621735e-01
    5.60003757e-01 3.76343280e-01 8.81465733e-01 6.64850831e-01
    6.09037817e-01 4.76274222e-01 6.79195881e-01 3.28931242e-01
    9.71614599e-01 3.37573290e-01 1.94390684e-01 6.87132001e-01
    5.50620198e-01 8.25544834e-01 8.59420002e-02 2.78388023e-01
    5.48199832e-01 4.51128751e-01 7.48708844e-01 8.47971320e-01
    4.20984387e-01 6.76557899e-01 1.41455919e-01 4.20815736e-01
    5.94074726e-02 8.56571674e-01 7.63973117e-01 7.42052794e-01
    5.88627279e-01 9.89525020e-01 6.04310513e-01 8.42230976e-01
    4.01462078e-01 3.13595891e-01 1.45767927e-01 5.27968764e-01
    7.22755909e-01 2.94277966e-01 5.61992466e-01 3.28294218e-01
    3.38957876e-01 7.63687432e-01 2.88482010e-01 8.27885509e-01
    9.99539971e-01 4.06479716e-01 4.37583238e-01 5.04749238e-01
    5.69555402e-01 9.78317857e-02 4.67423946e-01 7.20833302e-01
    2.79134154e-01 4.70851749e-01 1.98664904e-01 7.79809773e-01
    9.88743186e-01 7.70994186e-01 7.37469852e-01 1.33798867e-01
    1.56177670e-01 7.22618878e-01 1.15891129e-01 5.73925853e-01
    7.63377249e-02 3.09699565e-01 5.02178311e-01 2.56273031e-01
    4.22360301e-01 8.15816760e-01 2.94473052e-01 9.40822661e-01
    1.41990632e-01 9.10278678e-01 6.50627077e-01 4.54157054e-01
    6.98899329e-01 4.70817894e-01 7.83733010e-01 4.68127429e-01
    7.73859501e-01 6.40304387e-01 1.51285827e-01 7.52059340e-01
    1.40881687e-01 4.91078019e-01 6.40651941e-01 3.31853867e-01
    7.52550721e-01 5.13428390e-01 9.90350246e-02 9.96813178e-01
    4.21794116e-01 4.12558764e-01 8.31947923e-01 9.47837830e-01
    5.63303828e-01 3.35890651e-01 9.26145017e-02 7.05247223e-01
    1.70919299e-01 3.50037098e-01 1.10011250e-01 9.00548160e-01
    2.28685409e-01 2.19918817e-01 9.86067355e-01 1.77946389e-02
    3.15098882e-01 9.57922339e-01 6.77438915e-01 5.39418101e-01
    4.83894765e-01 4.88659769e-01 2.97340095e-01 2.75038332e-01
    7.84735203e-01 1.39441550e-01 2.89255172e-01 2.96942592e-02
    2.23292410e-02 8.29049349e-01 6.02490127e-01 9.16454077e-01
    4.92931128e-01 6.12164855e-01 8.32859635e-01 2.96317875e-01
    5.79324961e-01 5.04189074e-01 1.50215626e-02 8.16786408e-01
    2.94442266e-01 9.64285135e-01 3.13003957e-02 4.01412457e-01
    6.67297721e-01 9.71335530e-01 6.20836020e-01 9.79703486e-01
    6.34351075e-01 5.99829972e-01 5.74463606e-02 5.44215500e-01
    7.45796919e-01 8.04930329e-02 5.87021410e-01 9.81324434e-01
    9.17122960e-01 7.26153731e-01 7.64819026e-01 6.21257126e-01
    6.21330857e-01 4.13368642e-02 5.10253310e-01 4.94814634e-01
    6.85941815e-01 4.22384113e-01 1.79605186e-01 4.60180193e-01
    5.50289273e-01 8.44131529e-01 3.89511645e-01 8.18313479e-01
    9.36770499e-01 9.27522123e-01 9.19037521e-01 7.46829510e-01
    4.85891998e-02 8.08785081e-01 2.27071345e-02 6.42295003e-01
    5.96422672e-01 7.29262471e-01 5.02820194e-01 9.69596982e-01
    2.28688121e-02 7.29535699e-01 6.08413458e-01 4.53688413e-01
    6.22323036e-01 5.46066940e-01 9.68664289e-02 1.44434273e-01
    2.46865094e-01 3.87481749e-01 6.81271672e-01 2.98834741e-02
    5.16623497e-01 3.49972606e-01 1.72611803e-01 5.38559318e-01
    6.85035169e-01 9.30345058e-01 6.76092505e-01 4.54943597e-01
    6.96771443e-01 9.60876048e-02 8.37817788e-01 2.01977223e-01
    2.79101551e-01 8.90517235e-01 1.07938051e-02 5.71165502e-01
    2.95588136e-01 4.13430214e-01 8.80540729e-01 6.91378772e-01
    2.11227357e-01 2.61970073e-01 4.99438196e-01 4.98184681e-01
    9.56745386e-01 7.36163378e-01 6.96610272e-01 7.55450010e-01
    8.62560511e-01 4.82603908e-03 9.87707913e-01 7.66505122e-01
    2.21032351e-01 8.98181319e-01 4.88896251e-01 2.83095837e-01
    4.33816910e-01 1.14172637e-01 6.23369455e-01 5.29005229e-01
    5.46388566e-01 8.07684362e-02 3.61549497e-01 8.41346681e-02
    1.61971450e-01 6.83221579e-01 1.11479312e-01 7.35295177e-01
    6.26397610e-01 1.83477700e-01 8.26548040e-01 8.62936020e-01
    4.45978045e-01 5.47315061e-01 6.78997755e-01 7.85543621e-01
    1.04158938e-01 3.79341900e-01 1.04148209e-01 9.30686831e-01
    6.13691509e-02 1.60919666e-01 3.93629730e-01 6.11044466e-02
    9.34287369e-01 6.07627392e-01 8.71997178e-02 1.42186433e-01
    9.90989804e-03 2.60863453e-01 4.83062774e-01 3.88681710e-01
    3.91335309e-01 9.61972177e-02 8.28601778e-01 8.30385923e-01
    5.50966084e-01 6.98955059e-01 2.26084799e-01 9.83463526e-01
    5.51573157e-01 1.88502133e-01 1.64377332e-01 9.91487145e-01
    2.26595163e-01 1.72012389e-01 1.07030720e-01 9.10474300e-01
    2.89846748e-01 7.56382346e-02 3.86606127e-01 7.42031693e-01
    5.40915012e-01 6.26442254e-01 5.09665668e-01 5.95068395e-01
    5.52894652e-01 3.32462788e-03 6.42124414e-01 6.92622960e-01
    1.52983993e-01 4.96245652e-01 9.02088404e-01 1.72462434e-01
    8.80073905e-01 8.83838058e-01 5.03060520e-02 1.38122439e-01
    7.24871457e-02 8.08241487e-01 2.78927147e-01 1.65739357e-02
    7.39563584e-01 4.48501378e-01 5.38987517e-01 1.11376137e-01
    8.99048448e-01 6.05516672e-01 1.37843460e-01 1.51417851e-01
    7.41432846e-01 2.21014917e-02 6.31970525e-01 5.78486681e-01
    4.22584742e-01 5.74285746e-01 9.31343913e-01 6.91125333e-01
    5.38388491e-02 6.50339723e-01 7.68028975e-01 5.22499919e-01
    1.60877407e-02 2.04567909e-02 7.62088299e-01 7.21623898e-02
    8.22846234e-01 2.74176091e-01 7.75333405e-01 8.94051194e-01
    8.63300562e-01 8.31791639e-01 2.21267313e-01 9.30754542e-01
    5.46367168e-01 6.53613508e-02 5.60265481e-02 6.50343299e-01
    7.20635891e-01 9.35292244e-01 3.77048641e-01 3.41993421e-01
    7.96123743e-02 7.72173405e-01 8.62857819e-01 5.94764352e-01
    1.66622311e-01 9.09018397e-01 4.70529228e-01 1.70416564e-01
    5.46258092e-01 9.08800364e-01 1.25978172e-01 3.19643140e-01
    5.52959323e-01 5.73332012e-01 8.56826067e-01 4.03723717e-01
    8.58559310e-02 2.98154682e-01 3.55746984e-01 1.93744153e-01
    8.71048272e-02 6.76865220e-01 7.58842230e-02 9.62046385e-01
    1.37554020e-01 2.78181255e-01 7.77752399e-01 8.83585572e-01
    1.23390168e-01 7.75424957e-01 6.63881898e-02 6.49104357e-01
    7.70259082e-01 2.99053133e-01 1.71082944e-01 1.20307475e-01
    6.25209510e-01 3.17581892e-01 3.33185524e-01 9.10603762e-01
    4.24263656e-01 6.83030784e-02 2.63403535e-01 8.32312226e-01
    5.58428943e-01 3.28216523e-01 1.57134116e-01 8.33029091e-01
    8.24932694e-01 4.83072102e-01 4.14637089e-01 9.28424239e-01
    4.56965446e-01 9.16564941e-01 1.70263350e-01 7.54486918e-01
    8.59947920e-01 1.66372061e-02 6.82086945e-01 1.10839754e-01
    8.29862952e-02 4.34291363e-02 3.90789926e-01 9.36368465e-01
    7.20276356e-01 8.98423076e-01 2.28481710e-01 6.62489176e-01
    2.78338939e-01 5.67323625e-01 1.68255419e-01 8.28511953e-01
    5.79884648e-01 6.18497431e-02 3.18812847e-01 4.78064537e-01
    5.23092508e-01 3.01011026e-01 5.62825561e-01 2.58845955e-01
    8.73692513e-01 7.04357147e-01 2.31404781e-01 9.67953503e-01
    3.93187493e-01 8.59115958e-01 5.02641499e-01 1.08940333e-01
    5.13136625e-01 4.79556173e-01 6.95370436e-01 1.36278003e-01
    8.08608532e-01 6.58920407e-02 6.18212581e-01 8.66620362e-01
    2.30946541e-02 3.20369601e-01 7.79997826e-01 5.81681728e-02
    8.83292556e-01 1.39685541e-01 6.51593328e-01 6.94243014e-01
    3.39695126e-01 2.90138841e-01 3.35575283e-01 1.72469229e-01
    4.34547871e-01 3.56981218e-01 5.43942571e-01 3.72248650e-01
    8.16423118e-01 8.85598183e-01 4.59737897e-01 1.54128760e-01
    2.24299371e-01 4.80660945e-01 8.94459009e-01 1.14021420e-01
    2.27370054e-01 5.81358671e-01 8.36566687e-01 8.99222851e-01
    6.19180679e-01 2.12006986e-01 3.48104835e-01 7.76586294e-01
    7.43682981e-02 8.71721387e-01 8.07279348e-01 5.47705293e-01
    7.95575500e-01 2.95443058e-01 2.62049139e-01 6.64362013e-01
    3.98715705e-01 4.61070418e-01 1.10334665e-01 5.13433337e-01
    8.73769820e-02 4.58964825e-01 9.44336593e-01 9.67402041e-01
    2.73665547e-01 6.00932062e-01 7.41811037e-01 7.19485998e-01
    1.38134420e-01 3.38586688e-01 9.24190819e-01 7.57975101e-01
    9.56485629e-01 9.28983212e-01 7.81519175e-01 7.28819370e-01
    5.63701689e-01 1.28248304e-01 8.14830065e-01 8.21543455e-01
    6.10087097e-01 1.92833155e-01 3.93014044e-01 6.98815882e-01
    4.00512487e-01 1.22226804e-01 6.12480998e-01 4.07396138e-01
    2.00579852e-01 1.30683035e-01 2.07071185e-01 9.54757214e-01
    6.45442128e-01 4.58002687e-02 3.62278283e-01 1.52753174e-01
    3.86238873e-01 7.43234813e-01 2.05206364e-01 9.77784276e-01
    1.46763921e-01 3.16581905e-01 2.85236001e-01 9.53000426e-01
    2.04807878e-01 7.28015780e-01 8.25251639e-01 6.49191380e-01
    9.77106333e-01 5.60013235e-01 7.13103354e-01 2.82234818e-01
    4.20121610e-01 8.65039349e-01 2.28402615e-01 3.61822069e-01
    9.50770915e-01 9.20814633e-01 3.23420018e-01 8.96268189e-02
    6.74586356e-01 1.84343278e-01 3.81284416e-01 1.72841907e-01
    3.86661381e-01 5.78742743e-01 4.41396952e-01 9.08330083e-02
    3.87658477e-01 9.81517255e-01 6.02728188e-01 8.49129200e-01
    4.36529577e-01 8.66254091e-01 6.48842812e-01 5.06214082e-01
    2.44505256e-01 3.22226614e-01 6.88621998e-02 8.22841525e-01
    2.85556585e-01 9.16030109e-01 5.13889849e-01 7.91252732e-01
    9.84357953e-01 9.33629274e-01 6.95155144e-01 1.38617814e-01
    7.55329609e-01 8.57941628e-01 3.93366575e-01 8.04023206e-01
    5.83962739e-01 7.99815655e-01 8.79563093e-02 6.12660050e-02
    2.87274539e-01 1.94277912e-01 1.40813321e-01 4.64102566e-01
    8.31705928e-01 4.18830216e-01 3.33764315e-01 3.76142085e-01
    3.56706679e-01 8.66081715e-01 7.37466037e-01 3.81292492e-01
    4.11769241e-01 4.89094555e-02 8.65354538e-01 9.04004097e-01
    7.34367311e-01 8.31673443e-02 7.17876494e-01 9.66289639e-01
    2.73789287e-01 9.90488768e-01 8.55323076e-01 3.21216524e-01
    7.75705457e-01 3.68066877e-01 5.39665222e-01 4.20302540e-01
    8.22744966e-02 3.54166240e-01 9.23322201e-01 2.13931412e-01
    4.25968647e-01 3.13146174e-01 9.28829253e-01 4.11669582e-01
    5.84361851e-01 7.44254947e-01 6.28058314e-02 2.15948045e-01
    8.75571728e-01 8.88946354e-02 1.15137666e-01 4.55808043e-02
    7.74206817e-01 2.38006681e-01 4.35975611e-01 3.65525454e-01
    8.60626698e-01 2.76915431e-02 1.70666069e-01 6.83403194e-01
    8.90535116e-02 3.45788479e-01 9.30333197e-01 2.85710424e-01
    4.81692791e-01 4.26611990e-01 6.44095063e-01 5.94837427e-01
    6.10356808e-01 4.16414917e-01 6.23522103e-02 6.82137728e-01
    2.05449909e-01 9.65539932e-01 4.91128713e-01 4.51652229e-01
    8.89637172e-01 5.00101984e-01 1.36258662e-01 7.87585020e-01
    6.46256387e-01 4.77327704e-02 8.18272352e-01 8.14473629e-01
    5.35754085e-01 5.11188924e-01 4.79335040e-01 5.03684163e-01
    1.54898971e-01 1.82348937e-01 4.74530458e-02 7.21032798e-01
    6.33314371e-01 6.05069876e-01 8.65616441e-01 6.61806107e-01
    3.91036570e-02 6.85649574e-01 3.34046423e-01 9.44866061e-01
    7.74087191e-01 5.91518879e-01 2.33062476e-01 3.04409862e-01
    9.43420887e-01 4.67420280e-01 9.50384498e-01 2.84744084e-01
    6.89479828e-01 9.43258166e-01 7.56136954e-01 3.57301354e-01
    8.61194015e-01 5.13140500e-01 4.84381229e-01 1.09412551e-01
    4.18318927e-01 9.49153721e-01 7.45679080e-01 7.47506559e-01
    6.96500659e-01 3.90634120e-01 4.81695563e-01 3.15202236e-01
    8.12680662e-01 9.66065824e-01 2.77967334e-01 7.43250787e-01
    9.74487662e-01 6.91415668e-02 7.36228704e-01 6.67173862e-01
    4.11502838e-01 7.76868463e-01 8.76468480e-01 1.85994595e-01
    1.37238503e-02 9.85347271e-01 5.65484524e-01 3.35733354e-01
    4.51240391e-01 6.41892254e-01 2.79668808e-01 3.77893627e-01
    6.36432409e-01 3.98705304e-02 7.46615827e-02 4.68604356e-01
    2.38167554e-01 2.42398888e-01 3.15127194e-01 7.26850510e-01
    1.01724237e-01 2.48287976e-01 1.11251742e-01 6.54943824e-01
    3.99086148e-01 3.16134334e-01 5.37439227e-01 7.52852857e-02
    8.27569962e-01 2.79611260e-01 7.08668888e-01 2.42477506e-01
    4.82126325e-01 4.92827147e-01 3.94204557e-01 4.68286932e-01
    1.98996067e-01 4.45520282e-02 1.07773542e-02 8.04856300e-01
    1.96879685e-01 9.35276330e-01 8.80426288e-01 6.44472897e-01
    8.18775952e-01 4.67796922e-02 7.20257282e-01 1.88386738e-02
    7.10913658e-01 2.84498334e-01 6.98491633e-02 3.88358831e-01
    3.21524739e-01 3.25436532e-01 3.26950729e-01 7.90132403e-01
    5.82548320e-01 6.64920926e-01 9.24568295e-01 6.70149565e-01
    6.58404887e-01 2.54567862e-01 1.51549488e-01 6.59239650e-01
    8.52232039e-01 5.46910167e-01 9.70615089e-01 7.37157881e-01
    9.08739865e-01 4.49637353e-01 1.04911745e-01 6.67723954e-01
    6.10422432e-01 8.59235287e-01 1.76845729e-01 4.91743624e-01
    3.46405506e-01 8.32269907e-01 7.83146620e-02 7.24722505e-01
    1.53461874e-01 7.58751452e-01 9.28666592e-01 4.03153002e-02
    7.73656249e-01 1.98012203e-01 9.78758335e-01 8.88478398e-01
    1.69315636e-02 2.34333664e-01 5.62781692e-02 8.95530939e-01
    5.12409568e-01 7.12683558e-01 5.34657180e-01 1.62915975e-01
    3.68238181e-01 7.74085045e-01 8.40686381e-01 9.49973226e-01
    3.55472505e-01 2.42228955e-01 6.87482417e-01 1.72418326e-01
    8.99201512e-01 2.12103367e-01 1.79908544e-01 5.04311681e-01
    7.55862892e-02 3.23659420e-01 1.69685096e-01 2.20985919e-01
    7.70947993e-01 3.38704705e-01 9.15469527e-01 1.77839428e-01
    9.27937031e-03 3.52493823e-02 4.39490825e-01 9.47004139e-01
    6.26570463e-01 6.83436275e-01 5.61570883e-01 8.78931165e-01
    9.35153961e-01 2.66722023e-01 2.61100352e-01 5.02921700e-01
    3.07332873e-01 2.99074590e-01 1.33176237e-01 6.72205150e-01
    6.20155215e-01 9.99950051e-01 8.19391370e-01 4.57190067e-01
    7.59402752e-01 8.98185492e-01 4.51578200e-02 3.13383192e-01
    4.04296398e-01 8.81163478e-01 6.94833398e-01 7.87343025e-01
    3.15487981e-02 8.20029318e-01 1.51546359e-01 4.20296222e-01
    7.31659889e-01 9.24271107e-01 7.24267721e-01 6.92017794e-01
    2.68467724e-01 1.22506171e-01 1.60993099e-01 6.25368357e-01
    4.34914172e-01 2.98613906e-02 7.21115351e-01 6.74271762e-01
    3.89935613e-01 8.67721856e-01 4.50656861e-01 7.70037770e-01
    4.42540884e-01 4.62927461e-01 6.52953982e-01 9.99417484e-01
    3.19127470e-01 6.71546280e-01 7.13945985e-01 5.07248402e-01
    8.44532967e-01 5.80696464e-02 9.26741600e-01 2.88241446e-01
    6.52358472e-01 4.92661357e-01 3.33264232e-01 9.20940161e-01
    2.72544622e-02 2.38440454e-01 7.77247667e-01 2.71598250e-01
    8.21003854e-01 3.91076833e-01 7.78495193e-01 9.57177579e-02
    1.06296033e-01 9.92716849e-02 5.36499143e-01 2.14168757e-01
    6.20826423e-01 8.65591049e-01 7.68736005e-01 7.60107994e-01
    3.15830648e-01 7.35905528e-01 4.55502898e-01 1.25022560e-01
    8.49956989e-01 2.28539079e-01 3.28947097e-01 6.70071065e-01
    5.91404021e-01 9.99429941e-01 2.49806017e-01 8.67258608e-01
    4.73396212e-01 8.37277651e-01 1.62661523e-01 3.02315354e-01
    1.87386990e-01 4.82023597e-01 8.42324018e-01 7.96901822e-01
    9.82683420e-01 5.42823374e-01 2.04545259e-03 6.01150393e-01
    5.75202882e-01 6.13463819e-02 1.97919607e-02 2.63113916e-01
    2.51451761e-01 3.18383515e-01 1.02120191e-01 2.57593095e-02
    7.63039947e-01 2.50684917e-01 1.78909123e-01 2.49413818e-01
    4.97129589e-01 3.71590376e-01 6.17461264e-01 2.80820429e-01
    3.32425028e-01 1.67049110e-01 2.04021096e-01 3.06431115e-01
    7.21147299e-01 6.87007308e-01 9.50036943e-01 3.79345149e-01
    7.23044872e-01 1.76973224e-01 9.26802337e-01 9.22980905e-01
    1.02317899e-01 6.14892602e-01 8.80033076e-01 1.91332251e-01
    6.22616172e-01 8.20446014e-03 7.05690980e-01 7.49633014e-01
    3.63910317e-01 3.56104314e-01 3.16837788e-01 6.69671893e-01
    8.26784074e-01 7.89507389e-01 7.69747138e-01 2.13730991e-01
    3.97919416e-02 1.96945071e-01 4.21684027e-01 8.56966317e-01
    7.19739437e-01 7.63958514e-01 9.15864706e-01 4.21784937e-01
    9.00068939e-01 5.42823970e-01 2.78186917e-01 4.48287815e-01
    3.46280098e-01 3.75707150e-01 8.06049228e-01 7.27549672e-01
    9.86036420e-01 2.72281587e-01 6.88601017e-01 6.08948886e-01
    3.16961467e-01 3.61385912e-01 9.44561958e-02 4.41530108e-01
    7.41759300e-01 2.50792086e-01 1.13078862e-01 2.54144549e-01
    8.63061786e-01 3.61659497e-01 1.92047149e-01 5.00228226e-01
    3.70968819e-01 7.15006590e-01 1.03640854e-02 5.35228550e-01
    2.64095068e-02 9.98105764e-01 2.43771344e-01 2.52589256e-01
    8.35731149e-01 1.67465687e-01 9.62267518e-01 8.73740673e-01
    6.66608453e-01 7.07173347e-03 1.42442942e-01 5.91696501e-01
    6.67713404e-01 8.31092238e-01 1.25465214e-01 1.74252689e-01
    3.39143217e-01 1.47608876e-01 8.05178761e-01 2.65442997e-01
    5.72119653e-01 5.64214230e-01 4.03943062e-01 5.35474420e-01
    1.72899395e-01 5.63151538e-01 4.37587798e-01 5.20305932e-02
    6.59204006e-01 5.99112213e-01 5.71471453e-02 2.14990675e-02
    4.85579491e-01 9.05522585e-01 2.90980935e-01 6.83836341e-01
    9.44690347e-01 9.64535952e-01 8.29156280e-01 4.72536385e-01
    9.14324164e-01 7.18254387e-01 4.64627475e-01 3.81040335e-01
    7.96784163e-02 7.91611195e-01 7.24134684e-01 2.71148562e-01
    1.37791216e-01 2.85947204e-01 2.03835070e-02 6.24420345e-01
    4.16124403e-01 1.90822661e-01 6.21181428e-02 9.08698857e-01
    6.23851895e-01 4.49024647e-01 2.41626263e-01 9.38889384e-01
    4.80579883e-01 6.62290692e-01 2.08241612e-01 2.03794301e-01
    8.77037048e-01 1.12091333e-01 8.45173597e-01 2.69505233e-01
    5.11698961e-01 3.42241466e-01 7.67662287e-01 9.91601825e-01
    9.86243725e-01 3.28561664e-02 1.01365805e-01 7.52924085e-01
    9.90531445e-02 2.29088604e-01 4.27054524e-01 3.46531928e-01
    1.80599630e-01 8.84125829e-01 5.98146617e-01 4.69150007e-01
    8.07335377e-02 9.80831504e-01 8.83842945e-01 4.46944922e-01
    2.41625726e-01 9.80305254e-01 2.68727303e-01 8.50846767e-02
    4.94766206e-01 9.74150181e-01 8.88195515e-01 1.26230717e-01
    2.49154299e-01 9.80347395e-01 3.34074616e-01 8.02030504e-01
    2.11966336e-02 5.89097917e-01 7.74323225e-01 9.10933077e-01
    9.33385253e-01 9.29222345e-01 2.71078646e-02 3.54241610e-01
    1.76281959e-01 3.95867109e-01 7.57394969e-01 6.26156569e-01
    9.50990677e-01 9.17629123e-01 2.63923764e-01 4.18952256e-01
    5.58366477e-02 3.22881043e-02 6.41598582e-01 3.45023036e-01
    3.00546706e-01 1.70403719e-03 6.29386783e-01 4.48551178e-02
    3.78256440e-01 2.15429395e-01 4.93439049e-01 3.83280784e-01
    3.28019321e-01 3.89911741e-01 3.05600375e-01 2.83239484e-02
    8.42269719e-01 7.55863190e-01 3.75826389e-01 3.25652122e-01
    8.44971538e-01 9.45685267e-01 5.93121767e-01 5.07761836e-02
    4.76986885e-01 7.47749090e-01 4.52020913e-01 4.26459432e-01
    2.62751460e-01 7.15739131e-01 3.95084947e-01 2.24461555e-02
    7.38717139e-01 5.48514187e-01 1.59117818e-01 9.20645118e-01
    5.50916851e-01 7.78918624e-01 5.37889302e-01 6.73556328e-02
    6.89311922e-01 3.24786305e-01 1.45984888e-02 4.15979594e-01
    1.15841925e-02 5.66832542e-01 8.61979723e-01 5.56813419e-01
    3.59491944e-01 7.22533762e-02 4.00754690e-01 7.49602437e-01
    3.16734582e-01 2.92304277e-01 5.87747753e-01 4.52615917e-02
    3.33519131e-01 9.75382507e-01 2.70759761e-02 3.83921087e-01
    5.29865682e-01 6.78917348e-01 5.23512363e-02 7.32726932e-01
    8.92751813e-01 7.65183866e-01 4.96610492e-01 6.63123548e-01
    7.98670769e-01 6.79998159e-01 8.94276559e-01 8.96997750e-02
    1.45220399e-01 7.50400245e-01 2.31127888e-01 9.13142443e-01
    7.73596466e-01 7.55856574e-01 1.86471552e-01 5.35199404e-01
    8.74089658e-01 9.16313171e-01 3.55596781e-01 9.81418014e-01
    1.54615700e-01 7.81214952e-01 3.55571985e-01 9.98158932e-01
    8.84176731e-01 9.94999528e-01 9.96680021e-01 9.31823611e-01
    3.11356395e-01 2.49932349e-01 6.03067875e-01 4.50376958e-01
    2.77288079e-01 7.78578520e-01 2.32640713e-01 1.59851283e-01
    9.39570367e-02 7.39542842e-01 6.57169521e-01 7.01589823e-01
    2.79970914e-01 9.68648195e-01 5.15754580e-01 8.22281837e-03
    2.88354129e-01 6.76478922e-01 6.03819013e-01 3.93769681e-01
    7.46588767e-01 3.08016509e-01 8.64481270e-01 7.34496415e-01
    7.79821515e-01 5.03180861e-01 4.56636399e-01 6.33269727e-01
    5.89064777e-01 3.36106300e-01 3.46707046e-01 1.64791197e-01
    1.17438644e-01 8.13374639e-01 6.97474241e-01 3.48164469e-01
    5.23214638e-01 3.66874218e-01 5.71372747e-01 1.37390226e-01
    8.44284892e-01 3.46568108e-01 9.11692321e-01 3.59896600e-01
    5.56579173e-01 2.10391045e-01 9.55021739e-01 8.53279889e-01
    4.25544500e-01 2.50742793e-01 9.74563837e-01 7.00923264e-01
    4.07434046e-01 1.87729239e-01 8.45814347e-01 6.05833530e-03
    3.52887034e-01 7.52965927e-01 1.42368674e-02 7.02711403e-01
    6.25841141e-01 4.53354478e-01 7.77313113e-03 5.17131090e-02
    4.21102047e-02 5.36089540e-02 7.67697394e-01 5.77978671e-01
    6.38362527e-01 7.57958591e-01 2.44151413e-01 8.70777726e-01
    7.95909107e-01 5.41904628e-01 1.49801672e-01 8.10024142e-02
    5.24972260e-01 2.73068726e-01 4.49132204e-01 7.35577822e-01
    6.14721596e-01 5.09144485e-01 5.25878549e-01 9.45047259e-01
    3.82389754e-01 1.06665015e-01 9.64493752e-01 2.55947262e-01
    7.38482594e-01 2.38758475e-01 7.80422688e-02 3.81841540e-01
    5.23559213e-01 9.28311110e-01 7.35504985e-01 5.35068154e-01
    1.50078535e-01 6.53682709e-01 7.88552880e-01 7.56116271e-01
    3.77202600e-01 9.44518328e-01 2.62955874e-01 8.65201592e-01
    3.00980031e-01 7.74231851e-02 3.59419227e-01 7.24084973e-02
    7.01092362e-01 5.37652552e-01 4.87152636e-02 9.27052498e-01
    9.93978620e-01 6.10647500e-02 3.40339065e-01 7.96850324e-01
    1.97140872e-01 8.71908903e-01 6.51298702e-01 9.14232731e-01
    3.08515370e-01 5.06891072e-01 8.20684552e-01 1.40210688e-01
    8.48207474e-02 8.53552282e-01 8.03280294e-01 2.43972331e-01
    8.65142703e-01 3.18425357e-01 1.81466758e-01 8.01938653e-01
    5.55551827e-01 6.17022097e-01 4.40266699e-01 7.98318923e-01
    3.08688015e-01 3.78495455e-02 1.87643051e-01 3.59792471e-01
    6.84260011e-01 1.41602844e-01 6.53395057e-01 2.63394058e-01
    6.98053420e-01 3.69671643e-01 4.60991412e-01 1.84615403e-01
    1.88668162e-01 4.50931907e-01 8.05795193e-01 2.62529135e-01
    4.87448812e-01 3.73452783e-01 2.72178560e-01 8.68457437e-01
    8.16705823e-01 4.55642641e-01 8.34350348e-01 1.96977764e-01
    7.31627584e-01 2.37285554e-01 4.71454054e-01 7.21741974e-01
    7.77153373e-01 8.83136272e-01 3.11177343e-01 3.72466445e-03
    8.79940987e-02 9.36385036e-01 9.57334816e-01 9.10304427e-01
    4.37576383e-01 6.38358891e-02 3.60024750e-01 3.88571203e-01
    3.95448357e-01 1.41352743e-01 1.81296855e-01 4.06309664e-01
    3.18666577e-01 1.27605051e-01 6.16948009e-02 7.77545929e-01
    9.06815231e-01 2.32260883e-01 2.41196632e-01 8.22743177e-02
    2.55972505e-01 5.61317801e-01 4.67504323e-01 9.45785046e-01
    3.88027042e-01 3.92030358e-01 7.21236408e-01 5.45094669e-01
    8.33945930e-01 1.93177134e-01 5.98919153e-01 6.42374158e-03
    1.17614746e-01 3.29806656e-01 6.07501447e-01 3.70960772e-01
    6.97860122e-01 7.60281682e-01 6.89569116e-03 6.89749539e-01
    3.00946534e-01 9.36993539e-01 2.67769456e-01 8.81199956e-01
    6.14158988e-01 2.62147546e-01 2.57089317e-01 3.22642386e-01
    3.40355039e-01 3.79022598e-01 7.00740516e-01 4.61121619e-01
    5.18502712e-01 8.02615106e-01 2.53302455e-01 1.54771924e-01
    3.20310235e-01 5.06456435e-01 1.42623752e-01 9.72975969e-01
    2.71970302e-01 5.00438154e-01 8.77891660e-01 8.01351309e-01
    3.65840226e-01 1.49207026e-01 9.51202095e-01 7.37549424e-01
    1.02773905e-01 4.32038724e-01 3.52335364e-01 5.80748975e-01
    6.32511437e-01 3.43257308e-01 2.71164268e-01 6.48295045e-01
    1.95540190e-02 3.33365500e-01 3.83924007e-01 2.60347664e-01
    9.83528614e-01 9.06852484e-01 9.15899873e-02 1.17257535e-01
    1.50434613e-01 2.58227795e-01 2.30242908e-01 4.56921279e-01
    1.59926444e-01 6.30153000e-01 4.01052833e-01 9.60726380e-01
    3.27741325e-01 1.51926905e-01 7.96504617e-02 8.06768179e-01
    6.24262035e-01 8.14453661e-01 4.92807150e-01 4.06817496e-02
    2.91213632e-01 3.93956304e-02 6.84602857e-02 5.84895134e-01
    3.99292678e-01 9.26869512e-01 9.14816141e-01 4.97211248e-01
    5.69424629e-01 7.26098597e-01 4.19332027e-01 2.88769007e-02
    3.17606896e-01 9.59641218e-01 7.49159515e-01 7.54111111e-01
    8.74986351e-01 9.76575434e-01 2.68017173e-01 9.34872031e-01
    1.37421280e-01 8.65852952e-01 6.13308668e-01 3.73066843e-01
    9.21733975e-02 5.51389396e-01 5.63080072e-01 3.53559911e-01
    4.74631935e-01 6.55678689e-01 1.07025146e-01 4.40409064e-01
    7.06892133e-01 5.87804914e-02 7.59710431e-01 2.48989463e-01
    5.08663297e-01 3.43171358e-01 9.55294907e-01 6.33800149e-01
    3.89420867e-01 5.41603088e-01 2.10944086e-01 5.86775720e-01
    1.15425408e-01 7.79457569e-01 7.81332135e-01 3.00616980e-01
    1.39076054e-01 1.71698540e-01 7.43405104e-01 8.61464500e-01
    8.20380688e-01 9.83952999e-01 1.27411395e-01 2.08016634e-01
    3.42430234e-01 3.50114703e-03 6.61578655e-01 6.49379611e-01
    1.50552809e-01 8.67067695e-01 7.83634543e-01 2.92162597e-01
    9.18312669e-02 1.59863800e-01 4.69262093e-01 8.21284533e-01
    9.15262699e-01 6.15608096e-02 5.61993659e-01 1.15289301e-01
    7.75448382e-01 9.75611508e-01 6.92668915e-01 4.14758652e-01
    7.90227294e-01 3.07041705e-01 2.38731802e-01 6.74079657e-01
    1.94849759e-01 9.91837084e-02 4.02370095e-03 6.62293553e-01
    8.45138311e-01 6.12578630e-01 2.33112037e-01 1.77410632e-01
    9.24709320e-01 1.52551383e-01 6.03123724e-01 6.33675575e-01
    2.48035878e-01 1.84962153e-02 9.29012299e-02 5.30769050e-01
    9.16548610e-01 5.47481775e-01 9.28003013e-01 8.85293841e-01
    3.52872372e-01 9.04338360e-02 1.80201173e-01 4.86097068e-01
    1.97040170e-01 7.57451177e-01 3.77739996e-01 9.28228676e-01
    5.16487718e-01 5.12782514e-01 3.03225040e-01 7.76726842e-01
    7.35282958e-01 4.24972296e-01 6.72398567e-01 6.56446517e-01
    7.05718160e-01 1.48996115e-02 8.35743129e-01 6.15391612e-01
    2.02907175e-01 8.00413370e-01 7.55595982e-01 1.80106163e-02
    1.06504977e-01 6.36922121e-02 8.83044600e-01 3.50645363e-01
    6.11922383e-01 6.21580601e-01 9.84289050e-01 8.40582371e-01
    9.60011125e-01 8.90046477e-01 2.66086221e-01 1.65204406e-02
    2.90342659e-01 3.12357068e-01 3.91769856e-01 3.38271499e-01
    7.13953257e-01 8.46113920e-01 9.42613482e-01 5.73790491e-01
    6.29715502e-01 4.94893789e-02 8.78009617e-01 4.64467168e-01
    7.22196817e-01 7.25728273e-01 4.71035987e-01 5.25111258e-01
    4.87359911e-01 7.80853689e-01 3.38216186e-01 6.95800781e-02
    2.34821707e-01 9.81319964e-01 8.52466822e-01 3.26612651e-01
    3.69691551e-01 4.67746884e-01 9.92691755e-01 7.04653263e-01
    7.18813956e-01 2.94874966e-01 6.60359383e-01 5.90295613e-01
    6.16238654e-01 6.49451673e-01 3.98420811e-01 5.11889875e-01
    3.93210083e-01 7.45673537e-01 8.49361539e-01 1.63931161e-01
    6.70552254e-01 1.33629709e-01 2.06695795e-01 5.76808751e-02
    2.75213182e-01 5.08493304e-01 2.59803057e-01 5.86335778e-01
    2.89057255e-01 4.71794069e-01 1.72574133e-01 1.39402449e-01
    2.35823631e-01 4.07636821e-01 9.06444430e-01 6.76476598e-01
    4.84029084e-01 2.05014884e-01 7.20101178e-01 4.79556978e-01
    2.39402384e-01 6.11890912e-01 2.60137588e-01 4.60991025e-01
    5.58478832e-01 5.74078858e-02 7.35676527e-01 3.57528627e-01
    8.28916132e-02 3.26888025e-01 4.99134958e-01 9.62387562e-01
    4.20865178e-01 8.50790024e-01 5.50559044e-01 9.44890618e-01
    8.51217926e-01 8.61704826e-01 3.60336274e-01 9.96421099e-01
    6.57169878e-01 2.84904957e-01 5.40869892e-01 6.56018615e-01
    2.66386241e-01 8.37299466e-01 8.33610773e-01 6.21106684e-01
    8.86522293e-01 1.36395931e-01 4.24819797e-01 7.77374029e-01
    2.85349071e-01 6.81832314e-01 8.15646172e-01 1.08646959e-01
    1.03683561e-01 1.91130430e-01 5.09644032e-01 3.48894924e-01
    8.00498366e-01 4.44136560e-02 8.19634497e-02 5.60984313e-01
    1.58955157e-01 3.39248300e-01 6.60997748e-01 2.68529773e-01
    1.27708912e-03 8.53888512e-01 7.33090162e-01 6.64192796e-01
    7.54915118e-01 9.13671076e-01 9.87806737e-01 6.61386430e-01
    6.20280743e-01 6.89783514e-01 6.05292559e-01 3.93149078e-01
    9.87937927e-01 1.64772779e-01 3.49780053e-01 5.20949483e-01
    6.98145151e-01 5.63674986e-01 6.24384403e-01 8.53155375e-01
    6.19222283e-01 4.82129127e-01 1.90765053e-01 5.88544309e-02
    8.98366094e-01 3.36994171e-01 4.85025346e-01 7.66792297e-02
    3.91620189e-01 7.08326995e-02 7.68209338e-01 3.94198537e-01
    9.98437643e-01 2.08315700e-01 8.46489429e-01 7.26968408e-01
    2.31543541e-01 7.97948837e-02 6.49110079e-01 8.82440329e-01
    9.09832060e-01 6.43354595e-01 7.08210886e-01 2.70523012e-01
    8.36027861e-02 3.59474182e-01 2.21437126e-01 1.10600591e-01
    9.69945550e-01 5.56531250e-02 2.21187741e-01 3.21326315e-01
    3.09686780e-01 7.79228866e-01 8.78504992e-01 7.41097569e-01
    6.47075593e-01 2.36054242e-01 1.23809129e-01 1.63838863e-02
    1.61273956e-01 8.42048287e-01 4.28017616e-01 3.19349289e-01
    9.73675728e-01 9.05026913e-01 3.18671972e-01 9.88518596e-01
    8.03218186e-01 4.62660760e-01 6.99943781e-01 1.39087170e-01
    5.54894209e-01 6.01558149e-01 3.73230964e-01 7.23647475e-02
    9.42397416e-02 9.22593296e-01 6.97249234e-01 1.07386291e-01
    2.94583768e-01 2.93239355e-02 7.17739463e-01 6.32680058e-02
    3.93023998e-01 3.47162783e-01 2.83086240e-01 1.29148066e-01
    1.98811591e-02 3.25939596e-01 4.56294835e-01 4.09723282e-01
    4.72849786e-01 3.54607105e-01 4.46449220e-02 3.87126535e-01
    6.43120527e-01 9.16530013e-01 3.38441104e-01 3.26507986e-01
    4.70587671e-01 8.37793052e-01 7.17559218e-01 5.47417760e-01
    9.93677497e-01 3.08112741e-01 3.45494360e-01 6.40216708e-01
    2.78019905e-02 6.78752542e-01 8.45575988e-01 6.70674562e-01
    2.15805024e-01 6.37032092e-02 8.84798408e-01 9.37074721e-01
    4.35298055e-01 3.34073126e-01 5.37604511e-01 2.45674461e-01
    2.81502187e-01 1.65677041e-01 5.33252895e-01 9.04221535e-02
    7.57828355e-03 6.72145486e-01 4.95043457e-01 7.33510792e-01
    1.48985535e-01 9.97040391e-01 3.43034327e-01 8.49951208e-01
    3.27411771e-01 5.81070840e-01 6.77831173e-01 3.89048040e-01
    3.92613858e-01 5.60862243e-01 9.20145512e-02 7.75747001e-02
    2.66445696e-01 1.80603564e-02 8.34552646e-01 9.64208603e-01
    2.65549004e-01 9.71970439e-01 4.50146973e-01 3.72388452e-01
    3.32169950e-01 8.71986032e-01 4.18648988e-01 4.38408762e-01
    1.77106440e-01 7.76007891e-01 2.09854335e-01 4.88424331e-01
    5.98305702e-01 3.69716525e-01 7.81856716e-01 4.35981274e-01
    9.92086709e-01 7.80260503e-01 3.60207260e-01 7.32895911e-01
    2.68938541e-02 8.65684330e-01 9.15768445e-02 8.14887464e-01
    8.02266717e-01 4.73384857e-01 4.25814539e-01 4.74286675e-01
    7.77474523e-01 2.50200629e-01 9.18031812e-01 7.36617684e-01
    7.22424388e-01 2.28941709e-01 5.13715744e-02 6.61153972e-01
    8.51217210e-02 4.88582641e-01 2.06988841e-01 7.83319473e-01
    6.26517951e-01 2.64269888e-01 5.24453342e-01 4.97787356e-01
    9.62441683e-01 3.94278169e-01 1.68051869e-01 1.80595756e-01
    6.47010684e-01 5.07631004e-01 5.83200693e-01 9.75575149e-02
    6.43215239e-01 4.41411197e-01 3.90837759e-01 9.32431936e-01
    6.59014165e-01 6.78953528e-01 3.21721435e-01 5.21922767e-01
    4.51706558e-01 9.45871770e-01 9.28431451e-02 9.57324803e-01
    8.26448083e-01 5.92468023e-01 3.87581259e-01 3.63952637e-01
    5.89891613e-01 6.37720287e-01 1.27492666e-01 1.46525979e-01
    6.58670366e-01 7.31402159e-01 6.31348491e-01 7.11115777e-01
    8.08392167e-01 8.16627145e-01 9.18895364e-01 9.82320786e-01
    2.60787725e-01 1.79031014e-01 7.31829882e-01 4.37052131e-01
    2.34035820e-01 7.25414991e-01 1.94950759e-01 4.10748243e-01
    5.48557699e-01 9.89721477e-01 4.91729587e-01 6.52901232e-02
    7.49711990e-01 5.97416461e-02 3.42468023e-01 8.71547699e-01
    9.97291625e-01 7.85489082e-01 6.08000636e-01 1.69321239e-01
    2.95696288e-01 9.09864902e-02 4.63760912e-01 1.77943379e-01
    9.69015956e-01 8.97863388e-01 4.04501349e-01 4.43276048e-01
    6.12535655e-01 4.07080054e-01 3.95763099e-01 4.85243142e-01
    3.06841731e-01 3.81739378e-01 3.83472145e-01 5.47786713e-01
    8.59923363e-01 3.45369369e-01 2.20248073e-01 4.94119823e-02
    9.34274971e-01 4.57849592e-01 7.10606396e-01 6.16805553e-02
    8.93428147e-01 5.02973795e-01 6.59695327e-01 6.80074275e-01
    6.46887898e-01 1.40404522e-01 8.84039164e-01 5.95435202e-01
    2.83884287e-01 5.83744705e-01 6.75589442e-01 5.17960727e-01
    5.11019468e-01 2.77563751e-01 7.29222000e-02 7.56530583e-01
    7.58419394e-01 5.92734396e-01 7.78025866e-01 6.84722602e-01
    7.53067970e-01 2.68011868e-01 8.04425657e-01 5.93295753e-01
    9.79525506e-01 8.93818855e-01 2.93498695e-01 1.15252793e-01
    8.25423956e-01 4.24696386e-01 8.09461772e-02 2.48428583e-02
    8.12145352e-01 9.48305190e-01 1.63383305e-01 9.05453086e-01
    1.53359205e-01 1.92192465e-01 5.96417665e-01 7.32896328e-01
    6.56075180e-01 4.57989782e-01 8.09246600e-02 3.99857938e-01
    8.63854587e-02 4.09933865e-01 3.87012422e-01 1.82054043e-02
    6.17281199e-01 5.88419914e-01 2.11931348e-01 1.69474781e-01
    2.85768569e-01 9.49409008e-01 5.35843194e-01 8.73468220e-02
    6.48160696e-01 3.14414620e-01 5.76323807e-01 7.25476503e-01
    8.09596896e-01 9.04650271e-01 5.43780684e-01 8.34875047e-01
    1.30660653e-01 9.36673880e-01 1.67591810e-01 3.85270327e-01
    7.26021171e-01 7.23034561e-01 4.62840885e-01 6.74419999e-01
    5.68971932e-01 6.08764589e-01 8.76941323e-01 3.67365450e-01
    8.23261380e-01 9.19052839e-01 8.87193978e-01 5.02650738e-01
    8.89752507e-02 4.28582639e-01 6.68174148e-01 3.84757727e-01
    8.09403300e-01 9.86586690e-01 1.49855644e-01 8.25764239e-02
    8.51008475e-01 7.29005337e-01 2.23821491e-01 9.86443639e-01
    1.52398348e-01 8.76672387e-01 9.07566071e-01 1.05984151e-01
    5.95709622e-01 7.80282617e-02 1.78090453e-01 1.96157008e-01
    6.35422587e-01 3.39319587e-01 5.02173960e-01 3.62583160e-01
    1.86224759e-01 5.82079530e-01 8.15652847e-01 1.40686572e-01
    5.03749371e-01 7.68239975e-01 6.27380371e-01 6.62202239e-01
    4.20302093e-01 8.94927979e-03 2.78332770e-01 3.97976935e-01
    5.11039436e-01 6.86921477e-01 6.13756955e-01 9.17689919e-01
    4.35405731e-01 6.45265222e-01 8.58609200e-01 3.89650166e-02
    9.76288795e-01 9.98243570e-01 8.38128030e-02 3.80124450e-01
    6.48424447e-01 5.51793635e-01 3.90317470e-01 8.93984139e-02
    4.32702929e-01 9.79547262e-01 2.98269928e-01 3.91203851e-01
    8.62237811e-03 6.83302283e-01 5.83959639e-01 1.72683299e-02
    1.17071480e-01 3.93444777e-01 4.56776112e-01 8.21381211e-01
    9.18764591e-01 4.17917967e-02 7.02814102e-01 3.05533290e-01
    1.07938856e-01 4.87982899e-01 5.85683167e-01 7.24479318e-01
    7.22703099e-01 9.25808728e-01 6.03517771e-01 1.51872993e-01
    2.67920434e-01 6.04726672e-01 8.59786749e-01 5.89845896e-01
    6.63779020e-01 1.02038980e-02 4.10599232e-01 8.73133242e-01
    7.26867020e-01 2.32747078e-01 8.39636683e-01 8.23686600e-01
    1.53576672e-01 5.31907439e-01 7.70655870e-01 6.11460507e-01
    1.54288948e-01 5.07613838e-01 5.83858013e-01 3.17039430e-01
    7.19825864e-01 6.28973126e-01 5.40454865e-01 4.90325481e-01
    7.68489957e-01 4.08044368e-01 8.94933939e-02 9.99228060e-02
    2.35724539e-01 3.29748869e-01 8.80999386e-01 5.39441109e-01
    2.60814756e-01 7.03300953e-01 7.74926186e-01 2.48425156e-01
    8.69827032e-01 2.00686514e-01 8.20946813e-01 7.89654672e-01
    4.43876296e-01 2.19292045e-01 8.68113458e-01 5.35001040e-01
    3.25401068e-01 8.58728588e-02 2.68801272e-01 9.83365059e-01
    8.19465816e-01 7.01045692e-01 8.05634558e-02 4.83904868e-01
    7.40864992e-01 6.24654591e-01 4.45902765e-01 8.62386584e-01
    1.69089139e-01 4.57918644e-03 3.14847022e-01 2.94642776e-01
    6.62914395e-01 8.18894148e-01 8.53998899e-01 9.71884966e-01
    9.87541795e-01 8.08087587e-02 9.89939332e-01 8.53935599e-01
    2.39170671e-01 2.90830791e-01 4.48693931e-02 7.14735746e-01
    3.07476819e-02 4.21396792e-01 6.69166684e-01 2.85042167e-01
    5.39135516e-01 5.81580102e-02 3.70508432e-01 2.10191786e-01
    6.07987940e-02 9.79575872e-01 9.95984435e-01 9.10666525e-01
    6.77896380e-01 8.59705091e-01 9.29192185e-01 9.71709728e-01
    5.82375169e-01 5.49240649e-01 4.85062867e-01 9.66792107e-01
    2.05808848e-01 3.81249428e-01 3.05712223e-02 4.86798316e-01
    9.13056612e-01 6.54073477e-01 4.34911191e-01 1.59970164e-01
    6.83297515e-01 2.25154817e-01 2.57553667e-01 5.87037325e-01
    1.14138693e-01 7.28635430e-01 4.92002964e-02 9.37098384e-01
    4.42322403e-01 7.26765513e-01 6.87479615e-01 5.51942110e-01
    4.84037966e-01 6.15333736e-01 7.74548173e-01 1.56590044e-01
    6.71468019e-01 9.02878344e-02 7.08239079e-01 3.39885294e-01
    5.27614534e-01 6.67893887e-01 2.74526030e-01 3.43444735e-01
    9.12847757e-01 2.06748396e-01 2.93734014e-01 4.48972702e-01
    2.54240572e-01 5.03007710e-01 3.54388177e-01 9.53291774e-01
    9.91570950e-01 6.02967739e-02 3.12744468e-01 4.17270213e-01
    2.41445303e-02 3.80865604e-01 6.16211593e-01 3.10261250e-01
    7.57064581e-01 1.55657083e-01 2.30428368e-01 7.79641092e-01
    1.15793735e-01 7.07592309e-01 2.06115484e-01 7.20999956e-01
    5.80147803e-02 7.04213619e-01 4.22320396e-01 9.03294623e-01
    4.90135461e-01 3.93651962e-01 4.94740725e-01 5.42045653e-01
    4.48173255e-01 3.72960627e-01 9.71198499e-01 6.40692353e-01
    8.20341229e-01 8.78983378e-01 4.55438793e-01 2.98405051e-01
    7.47179747e-01 2.81348348e-01 8.58126283e-01 3.16751897e-01
    6.31615818e-01 3.19464505e-02 1.40255034e-01 9.01456118e-01
    6.02507293e-01 2.50211656e-02 8.76086712e-01 3.62738967e-01
    2.42437780e-01 9.67883885e-01 2.02569664e-02 1.96403801e-01
    1.44973069e-01 1.74135685e-01 4.00360107e-01 5.80388784e-01
    4.08812761e-02 4.16131884e-01 3.35316688e-01 6.11689389e-02
    2.42558986e-01 8.45698595e-01 2.26761699e-02 6.24687254e-01
    9.20840979e-01 6.33642018e-01 3.27368677e-02 8.44323516e-01
    1.27255917e-03 2.61157453e-01 2.91127563e-02 3.92650962e-01
    8.00160110e-01 3.84907037e-01 3.39246571e-01 7.88408041e-01
    8.36374760e-01 3.53762329e-01 3.65856647e-01 6.59130931e-01
    9.61482227e-02 9.48678493e-01 3.97997051e-01 4.24933344e-01
    2.64271796e-01 8.27705264e-01 2.83885568e-01 6.47963047e-01
    9.32126284e-01 1.59803748e-01 2.15115726e-01 5.94245851e-01
    1.67985260e-01 8.87937725e-01 4.51664418e-01 1.22960508e-01
    7.06828833e-01 3.40897024e-01 2.54482776e-01 9.64944005e-01
    2.60777116e-01 1.49062067e-01 9.48591530e-01 7.38674104e-02
    8.95840585e-01 6.54232979e-01 7.95790672e-01 7.98430741e-01
    1.89309418e-01 5.72412610e-01 1.35016322e-01 5.70110381e-02
    1.66852742e-01 7.78427303e-01 6.88747168e-02 5.94712973e-01
    9.91485178e-01 3.18182051e-01 5.19277930e-01 2.26841450e-01
    1.19983226e-01 4.20420766e-02 7.43273973e-01 3.97817254e-01
    9.02077377e-01 4.23513472e-01 6.66565001e-02 3.86797488e-01
    2.15491742e-01 3.45769942e-01 3.82244408e-01 5.29513717e-01
    7.25387216e-01 6.19411469e-02 5.25518298e-01 4.62009311e-02
    7.98650384e-01 5.23326099e-01 9.78422344e-01 3.36286724e-01
    7.37978220e-01 4.44163561e-01 7.14630127e-01 7.23851323e-01
    5.65678596e-01 1.63462669e-01 7.95799017e-01 1.33956790e-01
    2.40094841e-01 1.30278766e-01 3.78178358e-01 3.59719574e-01
    4.72110868e-01 4.75474805e-01 2.43982315e-01 8.40734839e-01
    4.97834355e-01 4.45095569e-01 1.55476272e-01 6.37212873e-01
    5.91387153e-02 2.53565431e-01 2.60597110e-01 2.33354568e-02
    7.23650992e-01 2.71067858e-01 8.19632411e-01 1.84659153e-01
    7.33403325e-01 8.71824086e-01 4.92337108e-01 6.04682803e-01
    4.49147373e-01 1.02896392e-01 1.33993268e-01 7.69303799e-01
    9.81842041e-01 9.92583632e-01 4.71730679e-01 3.75500292e-01
    1.30808890e-01 3.15043926e-01 5.92702985e-01 3.15169632e-01
    9.35987532e-01 8.71832192e-01 3.36199999e-04 8.20395947e-02
    8.63868713e-01 9.98920918e-01 5.18709362e-01 3.79541069e-01
    3.62664014e-01 3.33988667e-03 3.29050571e-01 2.06998289e-02
    7.96622217e-01 6.08474970e-01 1.34465098e-02 9.85630453e-01
    3.27414811e-01 4.91908610e-01 1.96071982e-01 2.16445774e-01
    9.92797852e-01 8.62019956e-01 5.27858377e-01 4.31632698e-01
    8.96485209e-01 8.18590403e-01 6.77929580e-01 1.76250756e-01
    9.36471343e-01 1.84572667e-01 5.12000442e-01 6.45799756e-01
    6.95815504e-01 1.34154618e-01 2.48185396e-01 3.48331809e-01
    5.13022661e-01 8.62369061e-01 3.41457576e-01 3.99225533e-01
    2.17383593e-01 5.52762866e-01 4.85324949e-01 5.37829876e-01
    9.19165909e-01 1.64945096e-01 6.54138088e-01 8.11745584e-01
    5.65868497e-01 3.62383276e-01 5.40675044e-01 2.51286387e-01
    2.13884383e-01 5.67383111e-01 1.25328422e-01 3.30685675e-01
    9.55236971e-01 9.81951714e-01 3.41397047e-01 6.16098404e-01
    7.65325785e-01 7.12522447e-01 9.00038362e-01 5.34871340e-01
    4.12531912e-01 5.17362595e-01 4.46572870e-01 6.71158850e-01
    2.52502263e-01 2.34789342e-01 1.03550285e-01 7.59596944e-01
    5.19437194e-01 5.29907227e-01 3.34432423e-01 5.86428821e-01
    4.50823188e-01 3.19793433e-01 8.47616494e-02 7.24630952e-02
    2.09950626e-01 1.43782765e-01 4.25917447e-01 8.85566592e-01
    2.15154886e-01 6.73001051e-01 5.46808898e-01 4.83374715e-01
    3.55812222e-01 4.67839062e-01 1.43243104e-01 4.04387265e-01
    2.81462848e-01 5.67195177e-01 7.36000061e-01 2.78932750e-01
    7.34858871e-01 7.16107547e-01 6.92867756e-01 4.75440413e-01
    1.96312308e-01 9.67658997e-01 3.34692717e-01 1.79344624e-01
    3.06003392e-02 9.74156439e-01 2.85193384e-01 1.91720903e-01
    4.63123351e-01 2.55634874e-01 7.37032056e-01 7.92537153e-01
    5.10387003e-01 2.70766169e-01 9.36331272e-01 3.43989819e-01
    5.08350968e-01 7.61205256e-02 6.70785844e-01 3.51775050e-01
    4.90320921e-02 4.30833101e-02 5.40535092e-01 2.30748773e-01
    4.26572502e-01 8.85794461e-02 8.29866886e-01 7.52545238e-01
    5.18863380e-01 6.18748188e-01 1.27343833e-01 3.45056027e-01
    4.27254736e-01 4.97847408e-01 6.33017898e-01 9.51409340e-03
    1.21709198e-01 2.44444340e-01 4.91720140e-02 6.14284396e-01
    6.30147517e-01 5.78137815e-01 6.43191874e-01 9.97705400e-01
    4.38391417e-01 6.86250091e-01 1.29297197e-01 1.92342222e-01
    4.08684492e-01 1.68183982e-01 7.08813250e-01 4.68255609e-01
    6.31265759e-01 6.30834579e-01 2.49186099e-01 1.91583335e-02
    6.13783240e-01 7.97717214e-01 8.40911865e-01 2.04227895e-01
    9.66755390e-01 1.09998256e-01 5.81941366e-01 7.02574790e-01
    8.77083242e-01 9.71469522e-01 6.23265028e-01 1.92378640e-01
    6.27901971e-01 5.63731253e-01 5.10675132e-01 6.65796340e-01
    5.81091464e-01 7.95078874e-01 8.83553386e-01 6.14539087e-01
    1.53121799e-01 3.38117898e-01 6.87522888e-02 9.80145335e-01
    3.53005618e-01 7.02647030e-01 7.53634989e-01 8.69228661e-01
    2.56219149e-01 2.49572992e-01 1.04656339e-01 2.44843602e-01
    4.92702395e-01 3.52875829e-01 6.94835782e-02 2.23179758e-01
    5.08025825e-01 3.35111916e-01 4.12570417e-01 9.14402723e-01
    3.77395153e-02 7.26530313e-01 6.08677864e-01 9.46199417e-01
    6.62670612e-01 1.11137390e-01 9.35801864e-01 2.64045686e-01
    3.38495553e-01 5.17525792e-01 8.06375384e-01 4.84232098e-01
    7.03777552e-01 8.98781538e-01 2.19904125e-01 8.13226461e-01
    6.48574173e-01 4.99877572e-01 7.00748742e-01 5.05539775e-01
    3.82119477e-01 8.84797335e-01 1.84638858e-01 8.50497484e-01
    6.52353287e-01 2.52660632e-01 4.04440671e-01 3.00846517e-01
    2.39089161e-01 4.56859648e-01 8.50720108e-02 3.02740633e-01
    6.82732344e-01 5.12747049e-01 9.58451450e-01 5.54890573e-01
    2.93542534e-01 3.25335562e-01 7.04921424e-01 8.98335099e-01
    1.79966927e-01 2.74199903e-01 7.34324217e-01 7.86487699e-01
    6.49094582e-03 5.35336018e-01 6.66387200e-01 7.48973787e-01
    2.07879514e-01 1.16630107e-01 1.83972627e-01 7.13062763e-01
    6.61993325e-01 4.39342976e-01 9.46690917e-01 4.58990753e-01
    3.64657164e-01 8.07419658e-01 9.23429370e-01 8.74131918e-01
    3.27228636e-01 9.00829792e-01 1.01580501e-01 8.33765984e-01
    3.04266572e-01 1.92746371e-01 8.85784030e-01 6.09344542e-01
    1.64189041e-02 9.18326855e-01 7.60153890e-01 3.56306493e-01
    3.32861394e-01 8.95640910e-01 5.50546229e-01 2.98405915e-01
    9.15539443e-01 3.63399804e-01 4.46005046e-01 5.91349304e-01
    7.23052621e-01 8.45083714e-01 2.28742331e-01 2.93094635e-01
    9.25968170e-01 7.99686313e-02 6.05121613e-01 3.69933695e-01
    4.23020780e-01 6.12925291e-02 4.31673080e-01 4.39343005e-01
    2.71106958e-01 3.07461619e-03 2.75699854e-01 6.34614050e-01
    8.96014333e-01 9.07912910e-01 2.41534263e-01 9.64021444e-01
    8.81123543e-01 5.21974385e-01 6.30045176e-01 4.37737733e-01
    6.33412302e-01 8.42485309e-01 5.95344067e-01 5.95029950e-01
    2.36274481e-01 2.17287570e-01 9.87670660e-01 2.16089785e-01
    9.69379187e-01 5.09746850e-01 1.03015095e-01 9.03035760e-01
    5.28635800e-01 5.88635921e-01 2.64003217e-01 2.48858005e-01
    9.35214639e-01 4.43704009e-01 4.17362630e-01 5.80117106e-01
    9.25503731e-01 7.45186448e-01 7.85002708e-01 6.57660663e-02
    7.02461004e-02 2.84554958e-01 4.59985435e-01 3.01341653e-01
    6.34601831e-01 2.80321449e-01 1.90293729e-01 9.87453699e-01
    1.24490887e-01 5.16853333e-01 4.19111907e-01 8.75737846e-01
    3.95236552e-01 4.48027104e-01 1.32167429e-01 3.76475424e-01
    1.04635358e-01 7.25762486e-01 7.22878039e-01 9.18170333e-01
    5.35493791e-02 7.10101724e-01 9.23826575e-01 8.51541758e-01
    8.03843319e-01 9.96734023e-01 3.49100649e-01 9.73562717e-01
    1.69362247e-01 3.33512068e-01 4.23429310e-01 6.86452866e-01
    3.43748450e-01 2.54614830e-01 2.62630790e-01 7.58704782e-01
    7.08938360e-01 9.44746733e-01 2.21840173e-01 9.52647805e-01
    4.98055756e-01 9.72115993e-03 7.45859623e-01 4.66160178e-02
    9.17090476e-02 2.54053473e-02 5.01598656e-01 5.05481124e-01
    4.25250143e-01 5.70592821e-01 9.51908827e-01 8.19232821e-01
    2.68589705e-01 8.19353759e-01 7.83124506e-01 1.87370211e-01
    1.55290514e-01 7.86312878e-01 3.07803333e-01 4.03070867e-01
    5.37600398e-01 3.50306928e-01 4.65454072e-01 2.02914625e-01
    5.45071542e-01 1.68409467e-01 5.59604228e-01 1.70356929e-02
    2.50492692e-02 5.39278865e-01 9.00970101e-01 1.18751824e-02
    5.72283268e-02 4.16796178e-01 7.86717594e-01 8.89958501e-01
    2.07147866e-01 9.63619113e-01 1.21916205e-01 1.30651057e-01
    6.84401631e-01 4.09828991e-01 3.15311551e-03 9.60203350e-01
    8.15972388e-01 5.19900084e-01 8.79754663e-01 6.89836860e-01
    1.31578535e-01 8.47934246e-01 1.45364285e-01 3.54807705e-01
    4.04983729e-01 2.65868902e-02 5.33540487e-01 7.41021991e-01
    9.24833536e-01 1.35142744e-01 6.60409153e-01 6.09506369e-01
    1.68486863e-01 4.09013689e-01 6.36996329e-01 8.76619577e-01
    6.69049621e-01 1.01222217e-01 5.88663876e-01 6.10865057e-01
    9.48618650e-01 1.53665960e-01 9.28689003e-01 6.43869162e-01
    7.23460913e-01 1.11830324e-01 1.01658493e-01 1.78885520e-01
    1.42178655e-01 8.77219498e-01 3.62815827e-01 8.92865896e-01
    9.23360944e-01 8.32295299e-01 2.43319839e-01 2.86037922e-02
    2.27293581e-01 9.74105716e-01 1.61787301e-01 2.49407589e-02
    2.78867424e-01 3.37178767e-01 3.51469994e-01 4.24080819e-01
    3.91544104e-01 4.92056489e-01 2.04222500e-02 7.66848207e-01
    9.21850920e-01 4.31639165e-01 9.02090907e-01 4.76934731e-01
    7.67524183e-01 3.29325557e-01 8.77277851e-01 9.78504419e-01
    5.68529665e-02 8.20284247e-01 5.76200843e-01 6.80862606e-01
    7.50594378e-01 7.47685730e-01 1.49870247e-01 7.56389141e-01
    2.63113409e-01 9.80895996e-01 1.20687157e-01 1.40661776e-01
    6.84255958e-02 5.15103102e-01 2.49609053e-02 4.63376343e-01
    2.03949869e-01 9.48780358e-01 2.06515104e-01 2.04076588e-01
    2.59937465e-01 6.69951320e-01 3.90270770e-01 9.94175196e-01
    6.30916178e-01 9.99602556e-01 3.54774952e-01 4.18690205e-01
    1.25411630e-01 8.12745571e-01 2.13186860e-01 2.72460848e-01
    6.80044889e-02 1.00509763e-01 4.12606597e-01 4.30172086e-02
    9.95696306e-01 1.70911461e-01 1.92100883e-01 2.27637798e-01
    1.11229032e-01 5.38288951e-02 5.56278169e-01 2.33202875e-02
    4.48488176e-01 4.24560964e-01 7.95551896e-01 3.05490255e-01
    3.00673246e-02 2.21515000e-01 2.25823939e-01 4.83003139e-01
    8.38582039e-01 5.78028142e-01 2.19222516e-01 8.02948475e-01
    9.36788797e-01 5.00716567e-01 8.42444360e-01 7.26116300e-01
    4.35406268e-01 3.23208451e-01 7.95369744e-02 4.71106023e-01
    3.19516182e-01 4.89725679e-01 3.59709322e-01 2.64771163e-01
    2.62767673e-01 8.17317486e-01 3.33878100e-02 4.79665816e-01
    1.53726876e-01 6.47343934e-01 5.42568266e-02 5.14418066e-01
    1.39938086e-01 7.91143060e-01 3.94657582e-01 3.74282926e-01
    9.11675274e-01 5.10518432e-01 8.66715193e-01 2.20220745e-01
    8.48399758e-01 6.00145340e-01 3.42888981e-01 7.11983681e-01
    7.51162887e-01 8.29711437e-01 7.30157018e-01 3.30802381e-01
    2.33145714e-01 9.54390645e-01 3.26815605e-01 2.30327904e-01
    3.63847971e-01 1.30943567e-01 4.63001966e-01 4.62656289e-01
    4.96829838e-01 8.57525110e-01 6.35593355e-01 6.08478725e-01
    4.89360988e-01 8.53303909e-01 7.88401604e-01 3.51266265e-01
    9.42876995e-01 8.47667694e-01 5.53172946e-01 1.70405805e-02
    4.44886833e-01 3.94954026e-01 4.41245914e-01 3.31547350e-01
    6.12702668e-01 5.42759776e-01 4.19154882e-01 8.16381037e-01
    9.99511003e-01 2.46349484e-01 3.39519560e-01 5.94610870e-01
    8.05134773e-01 8.82273436e-01 5.85529923e-01 5.18468559e-01
    4.13010865e-01 2.22678363e-01 5.35268545e-01 6.45768285e-01
    3.17403197e-01 4.29780781e-01 6.23498857e-02 8.87091219e-01
    7.11416721e-01 3.34327817e-01 5.79787433e-01 7.66542554e-01
    7.51142502e-02 9.37109292e-02 4.47212696e-01 3.56874764e-01
    8.94884765e-02 9.55335975e-01 3.49679053e-01 8.12473238e-01
    8.49023819e-01 1.17272913e-01 2.53540695e-01 6.21475458e-01
    3.77742976e-01 6.30860925e-01 2.63038963e-01 8.73111546e-01
    5.46415985e-01 3.42353672e-01 6.16852343e-01 4.47589636e-01
    6.57414436e-01 1.90009475e-01 5.84941387e-01 3.86069596e-01
    2.38112003e-01 9.71911609e-01 4.91013318e-01 9.72817481e-01
    8.67482424e-01 3.86070490e-01 5.00720084e-01 5.20748734e-01
    3.98852080e-01 3.58111888e-01 9.36258078e-01 1.56476825e-01
    9.87840235e-01 8.98748517e-01 5.35528600e-01 3.87849450e-01
    1.65020376e-01 8.93598616e-01 8.46239209e-01 8.31398249e-01
    9.52048182e-01 2.44428486e-01 5.06920338e-01 3.29905510e-01
    6.68136954e-01 5.11692643e-01 2.07458586e-01 2.41033524e-01
    3.66102040e-01 4.81880516e-01 9.54833627e-02 5.95323324e-01
    5.21088719e-01 9.71878171e-02 8.13181520e-01 3.16615105e-01
    6.67745471e-01 1.08255774e-01 9.90769982e-01 8.35134983e-01
    3.68035644e-01 4.58616436e-01 3.60480845e-01 5.36781788e-01
    8.25536013e-01 7.87709951e-01 5.36264062e-01 4.81190056e-01
    8.51814747e-01 7.12190986e-01 9.31560278e-01 8.12578321e-01
    3.56947780e-02 7.50069082e-01 8.87972355e-01 3.28848362e-01
    7.87847042e-01 3.40070575e-01 6.50246024e-01 9.94954050e-01
    3.95005822e-01 8.48090649e-02 8.62012804e-02 3.09243679e-01
    4.95183408e-01 8.17289174e-01 3.09956551e-01 4.36392546e-01
    1.91775918e-01 4.53958958e-01 4.92255867e-01 2.58325398e-01
    9.85229969e-01 3.09129059e-02 1.05899364e-01 3.76793444e-01
    9.03582454e-01 9.74147022e-02 7.52293706e-01 6.10135496e-01
    1.19011730e-01 3.34961116e-02 7.01398015e-01 2.76079297e-01
    8.97447765e-01 4.54329193e-01 2.03752458e-01 5.99814117e-01
    7.91265666e-02 1.28553718e-01 6.19201779e-01 7.54776001e-01
    9.03492868e-01 2.86075264e-01 4.09056664e-01 2.43253827e-01
    1.83702409e-01 9.25061524e-01 3.79532337e-01 5.43816566e-01
    8.36755037e-01 5.96003056e-01 4.74100709e-02 3.86332273e-01
    7.61198401e-01 5.97304106e-01 8.42154026e-04 1.57006174e-01
    5.46983957e-01 4.41721380e-01 5.62555075e-01 8.26527834e-01
    8.05922210e-01 7.89077044e-01 5.84080338e-01 1.57838523e-01
    7.00593829e-01 6.51890695e-01 8.98728251e-01 5.05917430e-01
    2.76702374e-01 8.34421098e-01 6.58006012e-01 9.23952460e-01
    5.58344126e-01 2.53572345e-01 1.35753989e-01 9.25190687e-01
    4.30759192e-02 5.66681981e-01 4.46380258e-01 4.91352528e-01
    3.11853647e-01 3.45431149e-01 2.72092938e-01 7.03844249e-01
    9.88057256e-02 7.66288996e-01 9.38453257e-01 7.45002508e-01
    7.51871467e-01 9.58930731e-01 1.72650665e-01 5.33747971e-02
    6.31749213e-01 4.91164625e-01 9.86500382e-02 5.43333173e-01
    3.99258137e-01 4.31106746e-01 9.96406317e-01 4.37557638e-01
    9.32039320e-02 3.94880772e-03 9.65481818e-01 6.71579361e-01
    1.58498555e-01 1.83458447e-01 9.73122954e-01 9.66648400e-01
    5.55440843e-01 6.46116436e-01 1.74280733e-01 6.44992173e-01
    1.75627857e-01 5.81377625e-01 1.62044972e-01 6.16415143e-01
    6.36740327e-01 3.67473543e-01 2.87494063e-01 4.21638668e-01
    5.46341121e-01 9.50797200e-02 4.84660327e-01 4.49380070e-01
    4.24316883e-01 3.37269425e-01 3.77671421e-02 8.09976995e-01
    3.66049886e-01 9.55290318e-01 1.43625736e-02 3.38709146e-01
    7.79779553e-01 3.20958257e-01 5.87868929e-01 9.70087171e-01
    6.20563269e-01 8.78937900e-01 8.24314117e-01 4.86236393e-01
    2.03911811e-01 2.39906400e-01 6.39280677e-01 8.97745132e-01
    9.54290569e-01 2.39879578e-01 3.98942947e-01 3.47539604e-01
    1.31946713e-01 4.89357471e-01 5.98809361e-01 4.50888723e-01
    5.72123706e-01 4.89665627e-01 7.19372511e-01 9.96855915e-01
    7.07520723e-01 7.80452013e-01 9.39839482e-01 1.26405716e-01
    8.75074327e-01 5.29980838e-01 4.99712408e-01 3.19635868e-01
    2.86950022e-01 3.90535980e-01 8.55876684e-01 9.51938748e-01
    2.69100189e-01 3.19179147e-01 7.28366911e-01 4.27604616e-01
    8.54185224e-03 2.35242039e-01 5.76774001e-01 4.14666772e-01
    8.44708323e-01 7.53877163e-01 9.12058055e-02 2.45088428e-01
    5.48008323e-01 4.64458466e-02 9.87002969e-01 6.56810582e-01
    5.32007098e-01 2.23203242e-01 4.21383291e-01 8.02216411e-01
    6.89246535e-01 2.03433841e-01 9.84061420e-01 2.84638703e-01
    8.07814062e-01 7.28412867e-01 5.02043247e-01 6.52022243e-01
    9.91992950e-01 7.23801732e-01 3.73736203e-01 6.80623591e-01
    7.49862850e-01 2.83377051e-01 9.18061733e-01 6.70134783e-01
    3.09300661e-01 5.87413371e-01 3.93562883e-01 7.24479795e-01
    9.37860489e-01 2.72403061e-01 3.51653397e-01 3.32595944e-01
    4.86575514e-01 8.25307965e-02 6.35929942e-01 2.02660680e-01
    4.25365210e-01 8.83985639e-01 2.56640017e-01 2.51726806e-02
    3.15910727e-01 4.67182934e-01 2.56435037e-01 6.21652901e-01
    4.67579842e-01 2.06095874e-02 6.33078575e-01 3.06423813e-01
    7.45037794e-01 8.68528605e-01 1.25551224e-01 6.55935466e-01
    3.01967174e-01 6.46710396e-01 2.52740860e-01 4.92888540e-01
    3.57630283e-01 7.72996545e-01 2.85829842e-01 2.83203602e-01
    3.33309174e-01 5.92998743e-01 7.06461489e-01 2.60200977e-01
    9.11529899e-01 9.15337801e-01 8.27834964e-01 6.30284250e-02
    4.64271367e-01 2.46085882e-01 6.98012829e-01 4.90975469e-01
    8.73071551e-01 4.45492208e-01 5.09425521e-01 4.24845189e-01
    9.52601433e-01 5.07816672e-01 7.54871964e-02 8.03597510e-01
    4.86697137e-01 1.72214538e-01 6.57256961e-01 2.06898272e-01
    6.79521263e-01 6.86664402e-01 9.51105118e-01 2.54704982e-01
    7.19503343e-01 9.30136204e-01 9.79916453e-01 1.12021416e-01
    4.12796021e-01 9.35088396e-02 5.74194312e-01 8.15830231e-01
    6.53172433e-02 9.37572777e-01 2.04439104e-01 2.65654385e-01
    3.02949190e-01 2.57905543e-01 5.20860434e-01 1.72425985e-01
    4.92294431e-01 7.30821371e-01 2.97755659e-01 6.93898678e-01
    3.82606685e-02 2.02459544e-01 9.21928287e-02 3.77712667e-01
    8.77370358e-01 2.53110766e-01 6.25528634e-01 2.47822672e-01
    2.96681404e-01 9.42713618e-01 4.72249240e-01 7.33944118e-01
    9.11830962e-02 5.24873316e-01 4.71344709e-01 7.07409143e-01
    3.27059805e-01 7.62150586e-01 6.05201960e-01 3.75653446e-01
    7.84026742e-01 8.16048265e-01 6.10746145e-01 1.99881017e-01
    2.53834307e-01 6.16292655e-01 9.58777905e-01 3.05846870e-01
    2.45469451e-01 3.27297628e-01 6.21408224e-01 2.41045088e-01
    8.33162308e-01 3.95586014e-01 6.57076478e-01 9.77160156e-01
    1.52272642e-01 5.47665179e-01 3.41900945e-01 1.76805556e-01
    6.49418712e-01 5.02326250e-01 9.58866000e-01 8.75599682e-02
    5.52294254e-01 2.49707699e-02 4.17497575e-01 9.93302166e-01
    1.96019530e-01 8.14949870e-02 2.32808441e-01 3.32546234e-03
    2.53778458e-01 2.96701401e-01 8.11885893e-02 4.86830056e-01
    5.98470449e-01 7.16678560e-01 7.05698133e-01 8.49759698e-01
    4.26496923e-01 1.21427655e-01 6.62115157e-01 3.94802004e-01
    9.84683633e-01 8.88014078e-01 8.48883867e-01 7.49493122e-01
    4.90367711e-01 3.40086550e-01 8.41705084e-01 2.27802128e-01
    7.53450155e-01 8.30029130e-01 1.99642122e-01 9.43973422e-01
    5.44733882e-01 9.61963415e-01 4.17295635e-01 6.81848347e-01
    5.48665106e-01 3.73524070e-01 7.08007276e-01 1.60684288e-01
    4.72272456e-01 2.40548253e-02 5.75412989e-01 5.48823655e-01
    9.00857449e-01 1.14320934e-01 9.65340734e-01 6.06805861e-01
    1.03515416e-01 2.42495388e-01 5.40181994e-01 6.40581846e-01
    4.39488292e-02 2.52106190e-01 8.96560907e-01 7.08463311e-01
    9.44735527e-01 5.85472345e-01 6.62515759e-01 2.35359251e-01
    1.87343061e-01 5.69509387e-01 4.57306892e-01 7.93874502e-01
    3.54743123e-01 6.93976641e-01 4.73622113e-01 9.41318750e-01
    6.44651949e-01 8.02938342e-01 8.32531631e-01 9.10517573e-01
    2.97669709e-01 6.97989464e-01 2.65867412e-01 1.14710987e-01
    8.58175278e-01 8.04234982e-01 6.56680644e-01 2.11218446e-01
    3.91741365e-01 6.82082772e-03 1.57499731e-01 8.15421104e-01
    6.98029697e-02 4.03699130e-01 2.17236012e-01 8.80213261e-01
    1.02215290e-01 7.75712729e-01 2.16096491e-01 5.58833122e-01
    1.91507667e-01 3.46336961e-01 7.05902100e-01 3.35910618e-01
    9.34292316e-01 3.34475517e-01 4.18246329e-01 7.97199726e-01
    3.71610522e-01 8.99747491e-01 8.84702146e-01 2.33849168e-01
    8.14840198e-01 5.89492440e-01 7.46703267e-01 1.48955733e-01
    3.89047086e-01 9.77680981e-02 2.71565855e-01 7.39942491e-02
    5.98930538e-01 5.77742755e-01 9.08568203e-02 7.09936619e-01
    5.80776155e-01 9.16763067e-01 8.38029265e-01 5.63457191e-01
    8.60739946e-01 8.86387229e-01 5.67128599e-01 8.07756186e-01
    5.20699561e-01 2.09178060e-01 5.19221604e-01 9.25137162e-01
    1.23565733e-01 1.35478199e-01 4.33102667e-01 5.87605059e-01
    5.21137118e-02 9.68004644e-01 5.44591308e-01 5.93056679e-01
    6.75556540e-01 8.48381639e-01 5.27520239e-01 8.75229836e-01
    1.30949110e-01 2.28421926e-01 2.06414074e-01 1.18610740e-01
    3.64115357e-01 2.01778978e-01 9.51180339e-01 2.29016453e-01
    9.79803801e-01 4.84355450e-01 1.40353173e-01 3.23901832e-01
    2.73506463e-01 2.40395337e-01 9.92002010e-01 3.19313616e-01
    3.88906598e-01 7.48910189e-01 7.42967248e-01 4.20927554e-01
    2.10853279e-01 3.92999113e-01 3.58135521e-01 2.57365406e-01
    6.25422597e-01 4.88165051e-01 1.62616760e-01 8.31416368e-01
    5.02475321e-01 5.17171562e-01 4.47739840e-01 4.33082968e-01
    3.28178674e-01 9.88127232e-01 9.76995766e-01 7.61833966e-01
    4.72683251e-01 8.24275613e-03 1.61296695e-01 3.85628849e-01
    4.55820560e-03 5.80528617e-01 1.71583325e-01 7.63737082e-01
    1.30445361e-02 6.53696001e-01 6.60932183e-01 8.74881625e-01
    8.71904135e-01 6.79143667e-01 8.45587611e-01 3.77981424e-01
    5.41931748e-01 3.13941211e-01 5.08810103e-01 8.06285143e-01
    9.61248100e-01 3.12470078e-01 8.97054076e-01 6.90748155e-01
    7.50398874e-01 3.69384885e-01 1.04566187e-01 1.62011683e-01
    6.55357599e-01 2.89697766e-01 5.43954432e-01 9.72019136e-02
    2.72798121e-01 3.91626418e-01 4.40562934e-01 8.74270618e-01
    8.55379939e-01 2.15015084e-01 2.18055487e-01 4.08927858e-01
    1.64863259e-01 7.42823243e-01 3.98038775e-01 8.51616263e-01
    7.07333684e-01 8.65202785e-01 7.90120959e-02 3.47096384e-01
    5.64706326e-02 5.21982431e-01 6.81662440e-01 7.00731635e-01
    4.39501077e-01 7.56428838e-01 4.51552182e-01 5.42635381e-01
    9.99851704e-01 8.07023406e-01 7.27440238e-01 9.00406241e-01
    7.44736195e-03 2.91132748e-01 5.89296222e-03 4.90071177e-02
    4.45051551e-01 2.58985221e-01 4.68939543e-02 6.85392618e-01
    5.84148765e-01 7.63854384e-03 6.59902632e-01 5.48169136e-01
    2.42631167e-01 7.13990927e-01 3.36567223e-01 6.51295364e-01
    5.60175180e-01 5.34196019e-01 3.88922453e-01 4.27197874e-01
    8.11108053e-01 6.29971862e-01 4.68170822e-01 9.38173831e-02
    5.36028504e-01 5.14410913e-01 4.99512464e-01 4.41133350e-01
    6.47260606e-01 6.00859523e-02 6.24722421e-01 5.31243920e-01
    6.18508995e-01 2.32082069e-01 4.80501175e-01 9.55299675e-01
    9.71048355e-01 3.97638381e-01 5.73922455e-01 5.42904675e-01
    2.22380400e-01 7.91151106e-01 5.33555150e-02 5.55940092e-01
    1.54586911e-01 5.34496367e-01 9.50921893e-01 3.89431208e-01
    8.04603398e-02 6.73721492e-01 8.82972956e-01 7.74605989e-01
    3.54018331e-01 9.79932070e-01 1.21687531e-01 5.92711568e-02
    5.97440064e-01 4.99439716e-01 8.94492149e-01 8.94112349e-01
    3.28381062e-01 1.46239489e-01 5.89459300e-01 8.83562565e-01
    7.91912556e-01 1.52789414e-01 6.18559361e-01 7.87121058e-01
    8.78694057e-01 3.12401056e-02 7.43523180e-01 1.99079007e-01
    3.40291947e-01 5.63688517e-01 2.73719251e-01 2.76378393e-02
    6.00305736e-01 3.35997343e-03 6.69258714e-01 1.81732416e-01
    7.95398355e-02 2.80853868e-01 5.66433251e-01 4.19430345e-01
    2.58932412e-02 7.39924490e-01 7.03605115e-01 9.78313327e-01
    6.35242462e-03 4.07874584e-01 7.45529294e-01 9.30105507e-01
    2.47002155e-01 8.80373836e-01 7.27288306e-01 7.34292746e-01
    7.90589869e-01 1.00068659e-01 1.36717081e-01 8.20308924e-01
    6.16344333e-01 6.97079122e-01 9.04243469e-01 1.08152747e-01
    7.81348109e-01 9.72848237e-02 2.22335249e-01 4.05263007e-02
    1.86335713e-01 7.62460828e-01 1.31457061e-01 5.13420939e-01
    4.53944981e-01 8.30976546e-01 4.67009306e-01 2.10759461e-01
    6.79189324e-01 5.64369082e-01 8.89682472e-02 3.93512815e-01
    1.01543397e-01 2.67618269e-01 8.08405578e-01 7.01329708e-01
    7.27140844e-01 2.88144350e-01 3.81521761e-01 5.39302766e-01
    4.15107846e-01 3.24712455e-01 8.43010306e-01 5.06033659e-01
    3.90141308e-01 8.24587584e-01 2.71658003e-02 5.00175655e-01
    4.61442530e-01 7.31977284e-01 2.18353868e-01 3.90412807e-01
    9.32666302e-01 3.92075211e-01 7.84099102e-01 1.47849530e-01
    4.28239167e-01 8.10131788e-01 8.36695671e-01 4.81969535e-01
    4.70306426e-01 9.66006219e-01 4.31843340e-01 7.82609880e-01
    8.67850006e-01 1.80781424e-01 9.89434421e-02 2.89774746e-01
    6.05842769e-01 1.07577145e-02 6.74768090e-02 3.76007169e-01
    9.95519161e-02 8.50221992e-01 2.96445966e-01 1.85762018e-01
    2.35454679e-01 4.11787093e-01 6.40548468e-01 9.53826189e-01
    1.93078518e-02 5.35273612e-01 6.17445290e-01 3.57300222e-01
    8.12231898e-01 8.20049405e-01 5.28483748e-01 8.37611139e-01
    9.92496967e-01 4.34709996e-01 8.20048809e-01 1.43257827e-01
    9.95206118e-01 6.92329645e-01 6.98224187e-01 8.99297237e-01
    4.67078209e-01 1.44290775e-01 1.03901297e-01 9.39951479e-01
    5.07426918e-01 2.79845834e-01 6.36921108e-01 3.33125949e-01
    5.56076348e-01 8.75464678e-01 9.36858058e-01 4.50773239e-02
    4.15287524e-01 2.51291871e-01 5.69122910e-01 8.36071134e-01
    7.26967216e-01 1.16591871e-01 3.63562584e-01 4.86738116e-01
    3.97878438e-01 5.75542092e-01 4.98232186e-01 1.91341549e-01
    7.59624243e-01 8.31290245e-01 5.47646523e-01 8.92342329e-01
    2.91985631e-01 1.16664588e-01 8.08500469e-01 4.08274949e-01
    7.13555217e-01 2.60626376e-01 7.69553065e-01 3.45010877e-01
    3.05553973e-01 1.01849794e-01 7.83004284e-01 3.80877554e-02
    1.38273865e-01 7.37661839e-01 2.41538793e-01 2.82457143e-01
    8.02574158e-01 8.56556416e-01 1.54989719e-01 5.03764033e-01
    3.56481761e-01 9.55994844e-01 4.83136892e-01 1.10284120e-01
    7.47516990e-01 6.24531507e-01 2.89705098e-02 3.79523933e-01
    1.85852736e-01 1.10209674e-01 5.05544245e-02 1.55812174e-01
    7.54205346e-01 8.25627804e-01 5.23512363e-01 8.91901135e-01
    6.48036778e-01 8.68302524e-01 8.05953264e-01 8.93675208e-01
    9.46311533e-01 7.74159431e-01 7.49369502e-01 1.62426293e-01
    4.40703630e-02 3.83747041e-01 4.76607323e-01 2.31363684e-01
    6.29800081e-01 5.84354520e-01 5.93888700e-01 7.84901202e-01
    7.28978217e-01 5.25064528e-01 7.67947078e-01 4.03106600e-01
    4.53269720e-01 2.72894800e-01 2.60650396e-01 6.43849373e-01
    5.69311380e-01 2.65442967e-01 7.61297345e-03 9.87026393e-02
    8.58352602e-01 4.45772052e-01 3.05299819e-01 2.63241291e-01
    1.73598200e-01 3.41584653e-01 8.00101757e-02 8.62026453e-01
    3.86052310e-01 7.63267219e-01 5.36106467e-01 8.47183466e-01
    6.44254744e-01 2.79818535e-01 5.17944872e-01 6.86936021e-01
    7.97809601e-01 9.14197803e-01 4.14644897e-01 2.76784003e-02
    1.11679882e-01 9.88154709e-01 6.14789426e-01 2.86261827e-01
    9.20660496e-01 4.04877901e-01 9.82301652e-01 8.57850730e-01
    4.68798131e-01 2.02311218e-01 2.53885746e-01 4.21530604e-01
    7.26410210e-01 3.33391935e-01 3.98988068e-01 3.60372007e-01
    6.55118883e-01 3.70587647e-01 7.94841647e-01 6.07338667e-01
    5.20566583e-01 7.58228481e-01 2.85209417e-01 4.05035347e-01
    5.05460262e-01 3.69716287e-01 8.52817059e-01 9.59800005e-01
    9.45686102e-01 5.37007213e-01 7.70429075e-01 8.65010917e-02
    4.56695974e-01 6.49138451e-01 7.79455781e-01 7.15313017e-01
    1.00013942e-01 4.89815772e-01 2.80629426e-01 1.21256620e-01
    5.62636971e-01 8.76405120e-01 5.29237926e-01 3.54708076e-01
    2.79985070e-02 8.16696763e-01 4.24632460e-01 8.19652796e-01
    6.53749585e-01 9.51801598e-01 3.04451972e-01 3.61991435e-01
    4.41279024e-01 7.82240391e-01 3.72165799e-01 2.09712416e-01
    3.07124972e-01 8.82094383e-01 8.43708754e-01 8.98572206e-02
    1.13751471e-01 3.16787243e-01 9.50839400e-01 8.90057206e-01
    2.16423333e-01 5.32010138e-01 9.12537098e-01 2.64860541e-01
    8.04975033e-02 8.73386204e-01 8.46558332e-01 4.52493459e-01
    7.18148410e-01 8.08106601e-01 1.22759163e-01 7.63364673e-01
    1.11567050e-01 1.97340906e-01 3.52676868e-01 9.43910837e-01
    3.75476897e-01 6.78289533e-01 6.98500276e-01 4.59442735e-01
    3.79330158e-01 9.14092660e-01 4.18713778e-01 2.92727828e-01
    1.06294870e-01 7.94461787e-01 2.13186085e-01 1.55661702e-01
    8.62122178e-01 2.04504758e-01 8.70128930e-01 8.50619376e-01
    7.02194691e-01 8.90214086e-01 7.63095438e-01 3.66254866e-01
    3.02843750e-01 1.91528291e-01 5.26487827e-01 2.88948655e-01
    7.65373945e-01 7.04358220e-01 8.86083722e-01 2.79219747e-01
    2.20108628e-01 6.23934507e-01 1.99357510e-01 3.10610920e-01
    2.59810865e-01 5.87098420e-01 6.36869192e-01 8.17070246e-01
    7.48709500e-01 6.24993384e-01 2.05534369e-01 6.15616977e-01
    5.14950454e-01 4.89262640e-02 7.30781674e-01 7.50259101e-01
    9.57592845e-01 5.21532893e-01 4.80899185e-01 3.14650893e-01
    9.22884583e-01 2.91569591e-01 7.42620826e-02 9.57363129e-01
    3.21250886e-01 1.19269192e-02 2.35146344e-01 7.48123288e-01
    4.99784768e-01 7.91826248e-01 3.69697809e-04 2.78910726e-01
    8.66584659e-01 5.86665630e-01 1.54297143e-01 3.46888125e-01
    2.80068517e-02 9.26715076e-01 6.79199278e-01 2.76897848e-01
    6.58880711e-01 4.87600267e-02 1.48688734e-01 2.62965620e-01
    8.81047487e-01 5.04535377e-01 4.37550753e-01 6.24846160e-01
    3.47143441e-01 3.43109071e-01 9.27674174e-01 2.58838952e-01
    7.69179821e-01 1.43139541e-01 6.96956933e-01 1.58015937e-01
    4.42840487e-01 1.55991316e-03 8.47919464e-01 3.10423464e-01
    5.95073044e-01 2.19299316e-01 3.95050347e-02 7.48180747e-01
    5.81971109e-01 1.50190264e-01 2.89584041e-01 9.60259438e-01
    5.12625992e-01 8.89649570e-01 5.44919133e-01 5.59039176e-01
    5.74260354e-01 5.52999973e-01 7.44719923e-01 2.09733188e-01
    1.71375215e-01 3.75955701e-01 2.41333902e-01 3.06444228e-01
    7.14947462e-01 9.88552809e-01 3.79987776e-01 9.18992996e-01
    3.76097530e-01 5.08125126e-02 1.50143206e-01 3.20004642e-01
    7.25139260e-01 9.79541719e-01 4.61736798e-01 7.74544477e-02
    5.97427785e-01 8.45563531e-01 8.43042493e-01 6.24941826e-01
    9.95580316e-01 9.53176022e-01 1.62184983e-01 7.83384621e-01
    5.99062443e-03 1.65855855e-01 2.94966131e-01 8.35274339e-01
    5.64098597e-01 6.32320046e-02 9.32230711e-01 5.19147515e-01
    3.66792679e-01 1.74942315e-01 1.49973720e-01 1.93957388e-01
    9.97157335e-01 3.97563994e-01 4.05210614e-01 1.83343619e-01
    4.12040442e-01 1.56723142e-01 2.83060938e-01 4.12876070e-01
    9.73199487e-01 1.16566449e-01 3.62881541e-01 3.21419477e-01
    5.74115157e-01 3.97137314e-01 7.89377689e-01 7.75348842e-01
    2.21177131e-01 2.49039412e-01 2.68088222e-01 1.04261339e-02
    6.45966530e-01 4.64370966e-01 1.35310352e-01 7.50265002e-01
    4.67083097e-01 9.71603751e-01 1.09952390e-01 3.27834398e-01
    1.13485396e-01 8.45312595e-01 2.85951436e-01 2.85763890e-01
    4.13389057e-01 9.88629699e-01 4.03780252e-01 3.70474368e-01
    7.96847105e-01 3.43559265e-01 6.15585208e-01 6.18122160e-01
    7.20364571e-01 1.68847442e-02 9.40335631e-01 3.87130708e-01
    3.89125109e-01 2.93552876e-01 6.14825189e-02 9.33813751e-02
    1.84541345e-01 6.55323267e-04 4.56611991e-01 4.48232681e-01
    4.25478369e-01 8.66370797e-01 2.95900375e-01 6.56512141e-01
    8.60169411e-01 3.54126513e-01 8.58926415e-01 5.26916683e-02
    7.09372759e-01 9.00630236e-01 8.58247280e-04 3.03151935e-01
    7.93422759e-02 7.71833897e-01 6.87073231e-01 6.65245295e-01
    7.63363242e-01 6.66826725e-01 9.57858801e-01 2.24371076e-01
    8.87899399e-01 1.47606820e-01 5.23736298e-01 8.85870755e-02
    7.99220681e-01 4.97998804e-01 9.13626552e-02 6.58272088e-01
    2.71038115e-01 8.02240372e-02 6.25529587e-01 3.13060403e-01
    3.94841522e-01 5.04796028e-01 1.39600962e-01 9.63394582e-01
    2.95553148e-01 5.53222299e-02 5.34006298e-01 9.22161102e-01
    7.07802474e-01 1.34690702e-01 6.61254227e-02 3.09866071e-01
    8.65676999e-02 5.86162984e-01 4.34734374e-01 6.04934692e-01
    4.95991737e-01 4.83966947e-01 4.48912144e-01 3.26976836e-01
    4.49688911e-01 7.50680327e-01 8.98977578e-01 6.69738710e-01
    1.65770352e-01 4.76077139e-01 8.45691264e-01 9.47797179e-01
    1.31999671e-01 6.12872481e-01 8.67987573e-01 5.79962254e-01
    2.69816279e-01 7.75379062e-01 4.93326217e-01 6.04416788e-01
    4.17421877e-01 1.25841051e-01 6.82162225e-01 6.09365404e-02
    3.17884088e-01 5.09243608e-01 8.52339268e-01 9.90865350e-01
    8.76045346e-01 2.79791445e-01 1.74640596e-01 6.27367139e-01
    7.90508151e-01 9.52595949e-01 2.98735917e-01 4.12571460e-01
    2.11547375e-01 5.34083128e-01 2.69410789e-01 1.20219171e-01
    1.67683095e-01 2.24504918e-01 2.08116680e-01 5.54991007e-01
    2.66158313e-01 3.21899772e-01 6.80470467e-01 8.96340609e-02
    9.85032201e-01 9.19040322e-01 6.23063922e-01 6.92766368e-01
    5.64173460e-02 9.51251090e-01 8.75356078e-01 8.48703146e-01
    6.71192884e-01 6.02267206e-01 2.94841915e-01 7.04630136e-01
    9.12808001e-01 7.39597857e-01 8.71479452e-01 4.83036160e-01
    5.76603115e-01 5.61542928e-01 4.99193549e-01 2.20889062e-01
    3.07113230e-01 8.42876911e-01 6.50545418e-01 2.30558366e-01
    4.36052322e-01 6.94786906e-01 4.03530717e-01 2.13458300e-01
    1.03924870e-01 8.68703127e-02 8.10649991e-01 3.97223294e-01
    2.47475386e-01 7.99966335e-01 9.49943423e-01 9.03171897e-01
    5.74828029e-01 4.70753223e-01 9.82415736e-01 6.25656843e-01
    2.49828726e-01 5.07182360e-01 7.45340049e-01 3.66498709e-01
    6.02939606e-01 7.49144673e-01 6.03160858e-01 2.29837388e-01
    8.46960187e-01 4.25380826e-01 6.24205291e-01 1.49982750e-01
    6.88193738e-01 6.68188930e-01 7.71329224e-01 3.92495304e-01
    5.09450138e-02 5.30650795e-01 2.63548732e-01 2.35712409e-01
    4.96488929e-01 5.51698148e-01 2.15097994e-01 7.06139326e-01
    2.21501529e-01 3.77609938e-01 2.54936278e-01 2.04422474e-01
    5.21904469e-01 6.21388257e-01 1.16697967e-01 6.05012119e-01
    7.97490299e-01 2.62869239e-01 4.93693441e-01 8.48127902e-02
    5.03793299e-01 7.11722255e-01 9.10477340e-01 9.57653880e-01
    7.33849466e-01 2.45406508e-01 6.05941236e-01 2.54735172e-01
    3.72748256e-01 5.37508845e-01 9.70059574e-01 9.27957654e-01
    6.53712511e-01 4.45342362e-02 5.10690689e-01 1.82230175e-01
    9.29251313e-03 2.74344325e-01 5.17654777e-01 6.51494145e-01
    6.51090622e-01 3.14227134e-01 1.33423716e-01 7.75004625e-01
    9.99518394e-01 5.16233385e-01 6.87461436e-01 9.88124907e-02
    7.92332590e-01 8.97267640e-01 2.68114209e-01 9.89801407e-01
    4.08116639e-01 6.74534857e-01 2.88616776e-01 6.97392344e-01
    9.02619362e-01 5.22423744e-01 5.87660134e-01 6.24894142e-01
    8.48994613e-01 7.88634181e-01 7.70203650e-01 6.14645243e-01
    2.39628911e-01 6.46434546e-01 9.40057099e-01 8.81714821e-01
    4.06221509e-01 6.09100044e-01 6.94778800e-01 4.91444468e-02
    4.73119020e-01 9.22440052e-01 8.99585247e-01 8.33812952e-01
    5.56215823e-01 2.37795889e-01 5.08389711e-01 7.35341549e-01
    9.21165109e-01 3.63490552e-01 7.32849240e-01 8.22946310e-01
    7.66060531e-01 4.75306392e-01 5.25518656e-01 5.71288109e-01
    4.47912693e-01 5.39962530e-01 4.34177399e-01 1.20358437e-01
    6.14201248e-01 8.03054452e-01 3.22513044e-01 9.91637230e-01
    3.87658894e-01 2.55166590e-01 8.35588574e-02 7.67538726e-01
    5.45170724e-01 3.66537541e-01 9.94676888e-01 4.23685431e-01
    9.51021135e-01 5.46915889e-01 9.88571107e-01 8.34753871e-01
    8.45303297e-01 4.55861956e-01 4.38694477e-01 7.43536472e-01
    1.72159851e-01 6.97143555e-01 4.42979932e-02 6.25432849e-01
    3.55464458e-01 8.01670551e-01 2.72359014e-01 1.80287808e-01
    1.01421654e-01 9.92592692e-01 6.79221451e-01 5.99238396e-01
    1.97709650e-01 2.53761411e-02 8.23046088e-01 2.66561449e-01
    9.24247503e-01 7.34491229e-01 7.80002713e-01 2.16930330e-01
    7.65778005e-01 7.86528528e-01 1.28247440e-01 7.73747802e-01
    6.05177402e-01 7.96944737e-01 4.77860957e-01 4.73679990e-01
    6.53214157e-02 9.06512976e-01 7.55792141e-01 1.71205521e-01
    8.81955743e-01 1.49486721e-01 6.11872733e-01 3.21655095e-01
    7.19128609e-01 8.93214047e-02 4.20645714e-01 5.64939618e-01
    1.22966260e-01 8.91581893e-01 3.65309298e-01 6.34903431e-01
    5.90881228e-01 1.29317194e-01 5.01963794e-02 1.16808563e-01
    7.23058939e-01 6.92273200e-01 5.28456330e-01 9.36551094e-01
    2.15233505e-01 7.37351060e-01 6.68603480e-01 1.55803442e-01
    5.33652544e-01 1.52350187e-01 3.42497587e-01 7.55750835e-02
    5.56446254e-01 5.94576120e-01 9.63289380e-01 1.07661426e-01
    5.26038468e-01 9.69359159e-01 7.67790437e-01 2.78841853e-01
    5.02559483e-01 5.98207116e-01 6.94063425e-01 4.97092694e-01
    8.23944807e-02 8.87710690e-01 6.62637234e-01 5.13430834e-01
    8.89099360e-01 3.86110306e-01 7.70385742e-01 5.44980466e-02
    8.43113720e-01 7.88773000e-02 2.45246232e-01 7.35086858e-01
    5.92075646e-01 5.86703956e-01 4.89767104e-01 5.24564087e-01
    1.14167035e-02 9.02173877e-01 4.36729699e-01 9.18923438e-01
    6.89440846e-01 5.12153208e-02 5.26096582e-01 7.86377668e-01
    3.56397539e-01 8.19142699e-01 3.51833701e-02 8.21300268e-01
    9.52888608e-01 6.63081110e-02 7.70245552e-01 5.61200202e-01
    3.78368676e-01 6.53461456e-01 5.36901832e-01 2.35613286e-01
    5.68542778e-01 7.01370597e-01 7.74171948e-01 4.20711905e-01
    5.87374389e-01 3.26357901e-01 8.48333597e-01 4.12656635e-01
    9.34056282e-01 7.39146113e-01 1.15020245e-01 2.57751077e-01
    7.59865403e-01 6.81075156e-02 1.05432123e-01 4.45234776e-02
    7.40559280e-01 6.55998707e-01 2.91757882e-02 2.53057837e-01
    8.11349928e-01 5.96933663e-02 8.44220281e-01 9.93246794e-01
    1.89794332e-01 4.55027044e-01 8.10251117e-01 5.69150269e-01
    4.53410000e-01 5.65874338e-01 8.87177289e-01 7.40596414e-01
    4.24193621e-01 8.94078016e-02 6.75314963e-01 4.82610375e-01
    6.49918199e-01 7.59437501e-01 5.87515235e-01 9.57340539e-01
    6.13953471e-01 5.32157779e-01 5.22678196e-01 5.24559319e-01
    1.13134831e-01 5.96725464e-01 7.16911912e-01 6.56828642e-01
    6.55789912e-01 8.32050085e-01 1.23876333e-03 3.42432380e-01
    1.40722990e-01 9.37149525e-01 3.96086633e-01 7.89040864e-01
    4.65300381e-02 2.04345614e-01 3.36701214e-01 6.20965660e-01
    8.73470664e-01 3.81649733e-01 9.26745653e-01 6.21524930e-01
    4.17545229e-01 1.06666654e-01 2.91578054e-01 8.08063686e-01
    2.20883518e-01 1.23790532e-01 8.08153033e-01 8.26348543e-01
    9.73128140e-01 2.85119444e-01 6.57103360e-02 5.90332627e-01
    5.29068232e-01 6.59431815e-01 4.44909632e-02 9.67678785e-01
    6.12104535e-02 3.73195887e-01 1.66636258e-01 8.45033467e-01
    6.86979830e-01 5.25931001e-01 3.41642559e-01 8.96934867e-02
    8.81341875e-01 7.70771503e-02 3.31111699e-01 9.09051299e-02
    1.24316543e-01 1.59998536e-01 2.71019548e-01 8.32153976e-01
    1.45014226e-01 7.32915580e-01 1.37166977e-02 2.57351965e-01
    6.38878465e-01 6.50388122e-01 8.45494151e-01 6.22320652e-01
    6.86694860e-01 8.78687620e-01 1.21576786e-02 1.96632087e-01
    7.36684620e-01 9.62784350e-01 5.59797645e-01 5.68965614e-01
    7.39350736e-01 7.87498772e-01 2.21915543e-01 2.31087863e-01
    4.50820625e-02 9.61242974e-01 3.80289853e-02 7.49327123e-01
    5.81150234e-01 8.66501868e-01 9.90744233e-01 7.27540731e-01
    5.06914616e-01 2.99520463e-01 4.13864434e-01 2.00672090e-01
    7.90165305e-01 4.68474448e-01 4.58676815e-01 6.44434512e-01
    1.27656460e-02 2.05681324e-01 8.85649562e-01 6.34746969e-01
    7.28982687e-03 1.87630177e-01 3.33345830e-01 3.24467510e-01
    7.47259021e-01 5.56654036e-01 4.54725862e-01 9.58209515e-01
    7.09659815e-01 2.43575633e-01 3.85263175e-01 8.75796318e-01
    9.89671707e-01 3.30789030e-01 7.79694676e-01 6.58565819e-01
    1.33319497e-02 5.93037009e-01 5.09976327e-01 1.71893537e-02
    6.35637760e-01 9.24176216e-01 9.31243300e-01 4.05680180e-01
    3.63067865e-01 3.13409984e-01 9.80728745e-01 6.91417813e-01
    8.57702613e-01 6.13833547e-01 8.03442478e-01 8.35474253e-01
    2.84642339e-01 5.22695839e-01 4.84760940e-01 4.57168311e-01
    3.92203987e-01 6.08644068e-01 9.89054918e-01 3.73683691e-01
    6.97463155e-02 7.47949600e-01 7.88239360e-01 2.21151710e-02
    2.62440473e-01 2.07695067e-02 1.82902545e-01 3.98430347e-01
    8.56624842e-01 4.11936790e-01 1.33731008e-01 9.16591883e-02
    4.43237752e-01 5.27807891e-01 2.40221322e-01 7.79194951e-01
    5.03965259e-01 5.78468740e-02 5.06704748e-01 3.21552634e-01
    9.24310803e-01 8.69429350e-01 7.40914881e-01 2.12910324e-01
    5.30413270e-01 5.33790231e-01 1.17022783e-01 5.39738238e-02
    7.04801083e-03 3.63641888e-01 2.43545949e-01 1.07179642e-01
    1.35657102e-01 3.60588580e-01 4.04181927e-01 3.70651245e-01
    1.39678955e-01 4.91299570e-01 4.70333904e-01 2.13794976e-01
    5.52709103e-01 9.62472200e-01 3.43746245e-01 4.21457410e-01
    4.22208160e-01 6.90442026e-01 9.54219937e-01 1.14165306e-01
    3.67770970e-01 6.92250967e-01 2.81516969e-01 2.77306676e-01
    1.11847371e-01 6.34113669e-01 1.50659263e-01 6.80389404e-01
    6.66017771e-01 4.44030344e-01 1.87851697e-01 7.39122868e-01
    8.84706020e-01 4.71900344e-01 8.37498963e-01 7.04154015e-01
    4.22487348e-01 2.31431842e-01 5.61516047e-01 6.73660755e-01
    5.81083715e-01 6.14059448e-01 3.22083473e-01 8.34181845e-01
    4.21334505e-01 1.55990660e-01 8.23037028e-02 1.66845322e-03
    5.98255873e-01 1.69823080e-01 2.68136561e-01 9.22932982e-01
    5.13675869e-01 5.30721009e-01 9.07603502e-02 7.02385902e-01
    3.18015337e-01 2.29572058e-02 7.21813202e-01 5.30997336e-01
    1.55595869e-01 2.96947747e-01 9.42292452e-01 5.31755269e-01
    7.63401985e-01 5.14229059e-01 5.49126029e-01 3.93758178e-01
    7.52376080e-01 5.45149088e-01 7.16165006e-01 2.31040955e-01
    5.37456930e-01 7.11804807e-01 1.53219610e-01 2.33970881e-02
    9.16273177e-01 2.23362744e-02 9.67399597e-01 7.90397227e-02
    7.56190479e-01 8.38230729e-01 1.87394708e-01 3.98995966e-01
    7.22290397e-01 5.89075983e-01 7.29234695e-01 5.18839657e-02
    3.79560381e-01 4.36812341e-01 2.31897026e-01 1.89394593e-01
    3.35724264e-01 8.73208165e-01 4.67739344e-01 3.98045778e-02
    5.41170061e-01 2.33815551e-01 3.17034960e-01 5.16057312e-02
    2.50709534e-01 8.73004794e-01 3.48514140e-01 5.71459413e-01
    8.94944549e-01 9.55872715e-01 1.49246037e-01 9.76280570e-02
    2.32596576e-01 9.05782104e-01 8.47140074e-01 6.56807542e-01
    3.42563748e-01 7.40714908e-01 1.65695876e-01 8.28720212e-01
    5.82680583e-01 2.62230366e-01 2.41378427e-01 5.48745394e-01
    4.68278706e-01 4.53920215e-01 5.80840707e-02 4.97306675e-01
    3.97117823e-01 4.13624853e-01 8.95738482e-01 6.83644950e-01
    5.03874004e-01 3.80759239e-02 8.40477526e-01 1.74209237e-01
    9.21491086e-01 8.53118837e-01 9.09500957e-01 6.25579417e-01
    5.44106364e-02 8.61886919e-01 5.69927394e-01 4.45255876e-01
    4.02540624e-01 9.77111518e-01 9.21693683e-01 6.97900176e-01
    2.13240087e-02 6.18597984e-01 3.49917173e-01 1.22682184e-01
    4.16773319e-01 5.30291319e-01 7.36706913e-01 9.22215223e-01
    4.28181767e-01 4.21628684e-01 3.30735564e-01 2.77945042e-01
    4.03815508e-02 2.95662522e-01 3.34344596e-01 7.85237372e-01
    3.02413732e-01 4.64441836e-01 7.79839158e-01 2.23535866e-01
    5.44358611e-01 5.87409437e-01 8.36539268e-03 8.18244219e-02
    4.73418534e-02 7.98815489e-02 5.48672915e-01 7.09226131e-01
    8.13790441e-01 6.88054979e-01 4.01005268e-01 1.54231101e-01
    7.59314120e-01 4.13144976e-01 7.18818307e-01 2.05148965e-01
    8.72334838e-02 2.64375329e-01 2.26664633e-01 2.02247500e-02
    7.39330530e-01 1.06647879e-01 9.32469964e-02 7.31065452e-01
    8.79404783e-01 7.25333452e-01 4.88855273e-01 1.91899478e-01
    3.65300894e-01 1.05342537e-01 4.85280782e-01 3.87084246e-01
    5.46103179e-01 7.45013654e-01 8.81504059e-01 3.25869799e-01
    4.09107804e-02 9.17478919e-01 1.12725288e-01 7.13638783e-01
    9.35828209e-01 5.02344072e-01 6.37219727e-01 9.28635597e-01
    3.21966767e-01 7.54670620e-01 6.05412960e-01 4.27297950e-02
    8.08893681e-01 4.22479540e-01 6.84101701e-01 4.81261015e-02
    3.45901400e-01 8.59125853e-01 7.46918976e-01 9.44367051e-01
    9.84753370e-01 7.54017949e-01 6.45313084e-01 5.75977266e-02
    2.60669529e-01 5.51537097e-01 6.84588313e-01 1.45633519e-02
    8.61656010e-01 6.71037912e-01 1.75026447e-01 4.54222798e-01
    1.33999318e-01 1.82665199e-01 6.97337747e-01 5.71103871e-01
    2.79871523e-02 3.72600883e-01 7.50955045e-01 1.59983337e-01
    2.25943506e-01 8.75966787e-01 2.90211320e-01 3.05303872e-01
    5.53849280e-01 6.06403232e-01 7.37087131e-02 8.31935406e-01
    1.85538828e-02 7.02115953e-01 6.33124173e-01 2.97582150e-01
    9.71181870e-01 2.82299221e-02 4.97185081e-01 1.31569952e-01
    9.76386428e-01 4.79942858e-01 1.47363275e-01 6.57172203e-01
    4.49927747e-01 9.50095057e-01 3.20021152e-01 6.05588615e-01
    8.91447067e-03 1.58868164e-01 5.76530397e-01 4.69957411e-01
    4.49086457e-01 1.08237863e-02 1.43310159e-01 5.18802106e-01
    7.32319534e-01 1.74441785e-01 1.81162477e-01 6.97525144e-01
    7.05881715e-01 1.49650663e-01 2.36995608e-01 9.79836822e-01
    1.87397838e-01 4.45394039e-01 5.26332617e-01 7.15236187e-01
    5.70623577e-01 7.20723748e-01 9.45498765e-01 2.65794575e-01
    4.79964107e-01 3.35784316e-01 1.31789297e-01 3.39259505e-01
    7.30146289e-01 2.56693870e-01 7.39160657e-01 2.36507714e-01
    7.21146584e-01 3.12159777e-01 3.29941660e-01 4.69321668e-01
    8.94006014e-01 3.54088545e-02 3.10938358e-01 2.58810878e-01
    7.61828780e-01 9.32454824e-01 4.90082592e-01 1.58381969e-01
    5.73016405e-01 2.51148641e-01 9.20707583e-02 1.79210514e-01
    1.72625184e-02 4.02066171e-01 8.99093509e-01 4.96042550e-01
    5.49623489e-01 9.81357515e-01 5.11589885e-01 6.42903626e-01
    2.44346887e-01 4.77533340e-01 3.41849029e-01 9.89962220e-01
    6.12672567e-01 4.77845818e-01 3.85975838e-02 2.46909857e-01
    1.15048468e-01 6.88929677e-01 6.29129529e-01 7.65149891e-02
    8.00966501e-01 1.98476911e-01 6.98954701e-01 4.61877048e-01
    3.31004888e-01 9.37649608e-01 8.37529778e-01 5.26953220e-01
    5.17791152e-01 8.99137139e-01 3.71909261e-01 5.70061386e-01
    4.63613182e-01 2.58433342e-01 5.79356670e-01 4.05273318e-01
    2.31728345e-01 4.07809258e-01 3.15156490e-01 8.26687098e-01
    1.40877128e-01 2.89223075e-01 4.23934758e-01 3.63900900e-01
    3.40640068e-01 4.36364889e-01 6.65268898e-01 8.13408136e-01
    7.51441717e-01 5.57206929e-01 8.80390227e-01 8.44248414e-01
    8.45972598e-02 2.92195320e-01 3.46417904e-01 4.77455258e-02
    7.26956069e-01 5.36538422e-01 9.05005097e-01 4.53051537e-01
    1.30406260e-01 9.70114231e-01 4.98092324e-01 8.30515325e-02
    4.54208553e-01 4.12980855e-01 9.69197154e-02 3.74218136e-01
    6.89002931e-01 1.25720799e-01 1.60237432e-01 6.43470705e-01
    3.15122306e-01 9.33968484e-01 8.34941030e-01 9.73794818e-01
    9.14481878e-02 6.15818560e-01 7.14801967e-01 7.36761212e-01
    7.62114406e-01 5.87822139e-01 7.25157559e-01 2.21019477e-01
    1.93716347e-01 9.64215875e-01 5.78044116e-01 2.15325862e-01
    5.38120449e-01 3.08261931e-01 9.94077325e-01 9.53753591e-01
    5.09408295e-01 3.89494777e-01 7.52628446e-01 9.28720832e-01
    9.91503417e-01 1.37317568e-01 2.75627375e-02 3.35031152e-01
    4.82516587e-02 3.14717770e-01 5.27422607e-01 6.90611660e-01
    8.32833767e-01 4.56924081e-01 4.11317527e-01 3.14903915e-01
    5.73094428e-01 4.30322140e-01 3.92379284e-01 1.21927083e-01
    9.48316514e-01 1.13715559e-01 1.50958121e-01 8.19800436e-01
    5.84065080e-01 3.78136784e-01 3.07947487e-01 3.26394320e-01
    9.85801876e-01 5.00506043e-01 5.29593825e-01 2.25462228e-01
    7.36105621e-01 8.98786485e-02 2.97940761e-01 6.13908112e-01
    4.98301327e-01 5.52945435e-02 5.96308887e-01 7.84317732e-01
    1.05336785e-01 7.85749793e-01 4.68357712e-01 3.98937643e-01
    4.08454299e-01 9.66729820e-01 5.07465243e-01 9.68044877e-01
    6.07369483e-01 8.22759151e-01 9.47464705e-01 6.04531527e-01
    9.22662377e-01 1.97862208e-01 6.90240502e-01 7.69313097e-01
    4.80730057e-01 1.27917975e-01 4.16132390e-01 4.34179336e-01
    9.25640583e-01 8.34128737e-01 2.71461725e-01 8.58118653e-01
    7.61803865e-01 8.60652745e-01 7.29207695e-02 4.09057796e-01
    9.54363823e-01 3.45039636e-01 5.91438591e-01 1.41704261e-01
    9.84365582e-01 6.02842510e-01 1.18938595e-01 4.89011288e-01
    1.33626461e-02 4.61317807e-01 8.72846842e-02 2.30880082e-02
    8.95447254e-01 5.08405626e-01 1.20877624e-01 2.98493236e-01
    6.64116919e-01 4.03566480e-01 2.19132602e-02 3.98803204e-01
    8.67925227e-01 2.26167053e-01 2.04228014e-01 1.06095612e-01
    8.73723865e-01 8.90632212e-01 3.23531628e-02 9.54197049e-01
    5.19500673e-01 8.41862440e-01 8.94525707e-01 2.21056938e-02
    2.06962466e-01 4.62275416e-01 3.56973737e-01 1.31678015e-01
    6.88994765e-01 6.98103487e-01 4.64388460e-01 3.44454169e-01
    8.66442621e-01 5.81314027e-01 4.28800613e-01 1.69393420e-03
    7.56435752e-01 4.46351230e-01 8.18528533e-01 4.10504460e-01
    9.34800565e-01 5.82942963e-01 7.13164389e-01 8.53291154e-01
    4.16315973e-01 5.77181756e-01 4.92805243e-03 6.39620483e-01
    1.46666974e-01 2.90131778e-01 5.63606083e-01 2.90043652e-02
    5.37440777e-01 5.99308729e-01 7.78505027e-01 2.14364469e-01
    5.02348781e-01 1.90893501e-01 2.43204743e-01 2.51152962e-01
    3.58877599e-01 7.12130785e-01 1.28936827e-01 4.71026719e-01
    5.64951241e-01 3.21939588e-03 9.92440701e-01 3.11792672e-01
    7.65548646e-02 7.16334939e-01 1.49298370e-01 6.24562263e-01
    2.74263531e-01 1.51982307e-01 8.44241381e-02 7.26149499e-01
    5.24791002e-01 6.56092584e-01 7.37865508e-01 3.82547677e-01
    7.21132100e-01 2.86438286e-01 5.12527049e-01 4.51580822e-01
    3.41539264e-01 5.56130648e-01 8.12469602e-01 7.96577930e-01
    9.17246222e-01 4.99884337e-01 3.41655314e-02 9.81341660e-01
    5.93076944e-02 3.35372567e-01 2.06196219e-01 6.18511915e-01
    2.30549991e-01 8.58753502e-01 3.28022629e-01 8.97892833e-01
    5.53346455e-01 5.69920480e-01 5.14731169e-01 2.17357069e-01
    9.32799160e-01 7.99947619e-01 7.41416097e-01 4.37389970e-01
    5.92849553e-02 7.69889891e-01 9.70418453e-01 7.10925460e-01
    4.75307286e-01 9.45868909e-01 1.39174610e-01 2.43172616e-01
    3.16628754e-01 3.30007106e-01 7.13630021e-02 1.35038525e-01
    8.03984523e-01 3.06059480e-01 5.15593112e-01 9.40963507e-01
    7.22166061e-01 6.40286803e-01 1.50544673e-01 9.38373327e-01
    1.72881901e-01 4.95107174e-01 8.84855986e-02 5.28835058e-01
    9.66781497e-01 2.35804975e-01 1.31561697e-01 6.12666190e-01
    3.92635316e-01 6.73234046e-01 6.04723990e-01 6.25410378e-01
    5.49843431e-01 4.65637088e-01 6.37174428e-01 4.63766456e-02
    9.07598913e-01 7.62786925e-01 6.28394425e-01 8.90997648e-01
    6.49856627e-01 1.03643388e-01 7.31337070e-02 9.73172784e-01
    7.37620831e-01 9.97091055e-01 2.22644359e-01 4.48015958e-01
    5.43545425e-01 6.70640528e-01 5.69432259e-01 2.24318087e-01
    4.81268972e-01 8.95101547e-01 9.67042506e-01 1.59293771e-01
    4.69006747e-01 8.71080637e-01 1.60696507e-01 8.43667448e-01
    7.36159027e-01 2.79372633e-02 1.96452647e-01 7.30244160e-01
    8.10036302e-01 4.51115370e-02 8.42183828e-01 5.52766263e-01
    5.68081081e-01 2.43883789e-01 9.41020012e-01 6.10511601e-02
    3.48523706e-01 3.42326462e-01 2.70151079e-01 5.83628953e-01
    8.75329137e-01 5.41814864e-01 4.23918098e-01 9.78628516e-01
    1.89323902e-01 1.56754762e-01 8.90805125e-02 5.74843347e-01
    8.59545708e-01 1.28592342e-01 9.75419760e-01 8.53336096e-01
    6.05700672e-01 2.98631996e-01 2.85406440e-01 2.05592811e-01
    2.44679719e-01 9.53477383e-01 3.51008534e-01 9.42269146e-01
    5.29042661e-01 9.58541393e-01 1.74300373e-01 9.27468657e-01
    1.39235884e-01 3.39943528e-01 4.02037382e-01 1.24804378e-02
    6.36439085e-01 5.73368073e-01 6.45930469e-01 1.20416015e-01
    1.56685293e-01 2.55638868e-01 9.08275306e-01 4.82704520e-01
    1.21285379e-01 6.52615786e-01 6.04793668e-01 6.28991485e-01
    3.31849128e-01 7.82767773e-01 7.41679668e-01 7.80793548e-01
    2.36616045e-01 3.89200538e-01 6.63861334e-02 4.28708851e-01
    9.20837760e-01 9.18844938e-01 8.82119417e-01 7.92380035e-01
    9.92669225e-01 1.82516038e-01 7.76110053e-01 1.92731261e-01
    2.44372606e-01 3.98011684e-01 2.55762070e-01 4.86849010e-01
    5.97652793e-01 8.60459387e-01 4.40300256e-01 4.05029595e-01
    9.73286986e-01 6.57620490e-01 6.70823097e-01 5.81260145e-01
    8.88072491e-01 5.33167422e-01 5.13440430e-01 5.66048503e-01
    9.02678490e-01 1.71803534e-02 4.77351755e-01 2.47274220e-01
    9.96924520e-01 3.62830460e-01 4.34575021e-01 4.17823941e-01
    3.63474250e-01 9.48751569e-01 6.14592552e-01 1.94197774e-01
    3.41362685e-01 9.27575707e-01 2.44691968e-01 2.32253611e-01
    8.45560312e-01 1.80159867e-01 3.56237352e-01 9.45685923e-01
    6.63816929e-01 9.57832456e-01 3.26483369e-01 3.87079865e-01
    4.10678089e-02 7.45692790e-01 7.27217376e-01 6.50952518e-01
    5.31529665e-01 1.48012906e-01 5.63699126e-01 4.32156384e-01
    1.77829385e-01 2.11506128e-01 5.68801165e-01 4.68813062e-01
    3.11120242e-01 1.53460592e-01 5.22032380e-03 3.28063905e-01
    4.45797712e-01 2.33593732e-01 9.45701599e-01 6.36714101e-01
    9.55921888e-01 6.25838816e-01 9.19836521e-01 7.19984651e-01
    5.30317724e-01 6.31559134e-01 6.31311536e-03 1.99437141e-01
    8.73007178e-02 9.79861736e-01 8.41936409e-01 3.75778586e-01
    7.70705998e-01 4.24626738e-01 3.09141636e-01 4.66745108e-01
    1.40178800e-02 6.03381276e-01 2.20702767e-01 8.83553267e-01
    1.43730342e-01 6.39021397e-03 1.26539588e-01 8.46380711e-01
    8.67467761e-01 8.38501275e-01 8.71415734e-01 9.16179299e-01
    8.99806917e-01 8.23360562e-01 7.81809211e-01 2.34573066e-01
    9.99844074e-01 6.26479328e-01 6.02260351e-01 7.17681348e-01
    8.11671615e-01 6.24940932e-01 9.17974234e-01 5.19936144e-01
    6.89491630e-01 9.27237391e-01 5.09601355e-01 5.41068912e-02
    2.26390779e-01 7.10114300e-01 1.55720592e-01 8.27630281e-01
    1.72091901e-01 6.62446737e-01 5.98481476e-01 5.11531234e-01
    9.00880575e-01 4.48373526e-01 4.60300118e-01 3.86454612e-01
    9.82328951e-02 2.76278287e-01 9.44773555e-02 1.97529376e-01
    3.52520406e-01 8.59926224e-01 9.54881012e-01 6.46893561e-01
    8.33837926e-01 8.75292540e-01 3.06098342e-01 2.94389188e-01
    7.62188911e-01 2.51083970e-02 7.05632091e-01 9.80904579e-01
    5.33356190e-01 1.02167666e-01 4.19959128e-01 4.44070905e-01
    8.37432384e-01 3.12396228e-01 6.89603329e-01 3.41341317e-01
    6.43602133e-01 1.84475839e-01 2.35327095e-01 5.04293859e-01
    1.82950974e-01 3.80125761e-01 1.90534025e-01 8.50082636e-01
    6.37679458e-01 2.56930768e-01 5.82599640e-02 4.75733787e-01
    5.33492327e-01 2.05274493e-01 4.54426885e-01 7.80370951e-01
    1.28894150e-02 4.89881277e-01 2.53435493e-01 9.31755602e-01
    9.79833305e-01 8.54074478e-01 8.70405734e-02 2.45627910e-01
    7.00920224e-02 6.72009826e-01 3.71490300e-01 3.90750378e-01
    2.69424379e-01 6.80760682e-01 2.91546047e-01 1.56639874e-01
    3.23978931e-01 6.85451388e-01 2.96170920e-01 7.23406434e-01
    3.06965679e-01 5.16399741e-02 6.11797273e-01 3.02638888e-01
    3.20517898e-01 8.17683816e-01 1.13109201e-01 3.81890804e-01
    4.15716171e-01 8.06396365e-01 2.72579789e-01 7.68574893e-01
    2.45281160e-01 5.00408649e-01 7.43797898e-01 9.83120918e-01
    9.73012567e-01 5.85698485e-02 4.36063409e-01 7.93842077e-01
    6.56752586e-02 3.36508691e-01 8.42917264e-01 3.37895602e-01
    3.56170893e-01 2.29751587e-01 4.21695471e-01 9.74023104e-01
    7.76142716e-01 1.61262631e-01 9.57815051e-01 7.48473763e-01
    2.69851923e-01 7.61623621e-01 8.05442929e-02 1.47627801e-01
    5.32381177e-01 4.26330268e-01 8.70897055e-01 5.89536250e-01
    1.23155653e-01 7.38900304e-02 4.26215023e-01 8.96071315e-01
    1.38952494e-01 1.62533671e-01 2.72226155e-01 1.66514963e-01
    9.62531447e-01 5.42825401e-01 4.32691038e-01 5.67810595e-01
    9.17396188e-01 2.48800486e-01 3.25865030e-01 1.37116551e-01
    8.49140882e-01 2.63918042e-02 1.89799517e-01 5.42272210e-01
    9.98786330e-01 2.90524483e-01 1.28248900e-01 5.09831965e-01
    5.34137487e-01 6.78555191e-01 2.45993644e-01 7.65401721e-01
    8.07695031e-01 5.12848794e-01 8.01204920e-01 7.68916786e-01
    1.10832334e-01 9.76974845e-01 2.76979357e-01 1.55089408e-01
    6.66032135e-01 3.98794293e-01 1.43153071e-01 6.04012787e-01
    6.89593256e-01 3.28652740e-01 8.94743085e-01 8.74863148e-01
    4.38621759e-01 4.67470229e-01 6.21390879e-01 6.25419974e-01
    4.02793676e-01 5.09449720e-01 7.90592670e-01 3.35099906e-01
    9.75208580e-01 6.68731570e-01 1.86702311e-01 7.19560742e-01
    4.58521396e-01 1.50377750e-02 6.05577111e-01 5.96304595e-01
    5.50276399e-01 1.89965248e-01 2.44023234e-01 3.62316012e-01
    4.86342013e-02 1.49394870e-02 6.64583087e-01 7.39223957e-01
    5.24614275e-01 2.80455410e-01 7.86442280e-01 8.26809764e-01
    2.58424163e-01 2.86250234e-01 7.18748987e-01 8.79063308e-02
    8.49746943e-01 3.27814639e-01 5.99084496e-01 7.82516301e-01
    2.90897548e-01 1.34256750e-01 7.92860448e-01 2.68980503e-01
    5.17232955e-01 4.94689882e-01 3.04101974e-01 6.49250269e-01
    3.80661577e-01 8.82567763e-01 7.92678714e-01 6.83027387e-01
    1.22966081e-01 5.07544637e-01 1.73630685e-01 1.30187899e-01
    2.29884386e-02 4.34086442e-01 3.16948175e-01 8.23829532e-01
    3.07902336e-01 9.23279762e-01 8.41378450e-01 9.71454680e-02
    1.99775696e-01 8.74418139e-01 1.13736272e-01 2.41818905e-01
    1.14599645e-01 1.57364249e-01 9.30147767e-01 1.06770396e-01
    2.00010896e-01 7.20300734e-01 7.88574159e-01 8.85250449e-01
    4.76725757e-01 5.56666136e-01 7.61692524e-01 1.94334060e-01
    5.72865427e-01 8.32758904e-01 1.06640190e-01 2.41469800e-01
    9.15714443e-01 9.40039158e-02 4.26469564e-01 7.97776580e-01
    3.94302607e-03 2.66307145e-01 8.45160007e-01 5.68103254e-01
    3.92204642e-01 3.16071749e-01 8.78662348e-01 9.42800999e-01
    7.53609300e-01 9.89357710e-01 4.26556170e-02 5.51638603e-01
    2.35950083e-01 2.52071172e-01 7.35961378e-01 1.54593855e-01
    5.85995317e-01 3.80939186e-01 3.44186187e-01 9.15650368e-01
    1.13794327e-01 7.22252488e-01 5.63875258e-01 8.13763261e-01
    6.98471129e-01 8.12809944e-01 5.42310357e-01 4.60445732e-01
    7.08922029e-01 8.73660266e-01 3.68881524e-01 4.94095087e-02
    1.66194826e-01 4.05279309e-01 5.65966845e-01 9.38375711e-01
    6.01721525e-01 8.25991631e-01 8.48543704e-01 9.42921162e-01
    6.86038375e-01 3.71310055e-01 1.33464605e-01 5.02997637e-01
    6.04009867e-01 9.67798650e-01 2.66163051e-01 1.04641140e-01
    3.02693844e-01 8.16335082e-01 8.63352299e-01 8.29621434e-01
    7.13187754e-01 3.64957988e-01 4.11351711e-01 3.78584862e-01
    2.62728035e-02 8.13469648e-01 5.93545318e-01 7.07617581e-01
    1.08814806e-01 1.94613338e-01 8.18946838e-01 9.79841471e-01
    1.51086897e-01 7.01075375e-01 7.10750937e-01 9.23283994e-01
    9.96348381e-01 7.30667114e-01 7.38623738e-01 4.80568588e-01
    9.11009848e-01 6.54571116e-01 3.85296583e-01 8.75900328e-01
    3.63197982e-01 8.37457597e-01 4.27786261e-01 9.93959069e-01
    2.46032447e-01 8.69746685e-01 7.26360679e-01 3.09132338e-01
    5.87876678e-01 9.68239546e-01 1.77461624e-01 1.91746354e-01
    8.74662876e-01 4.33487773e-01 7.77263522e-01 1.78256482e-01
    6.09469175e-01 2.88288087e-01 1.25194937e-01 8.52884293e-01
    3.57535154e-01 8.83331180e-01 7.60880709e-01 4.04680640e-01
    7.58969784e-02 2.59604424e-01 6.59896433e-01 7.99993753e-01
    5.20704746e-01 1.24887526e-02 1.99553788e-01 5.03458500e-01
    7.83631265e-01 7.83612132e-02 5.40892243e-01 6.69649780e-01
    3.32021564e-01 7.18067169e-01 4.19029236e-01 4.61741418e-01
    6.02169573e-01 1.53408617e-01 2.53458560e-01 5.76668978e-01
    9.74691510e-01 9.86462474e-01 1.19692236e-01 1.49762630e-03
    8.76880109e-01 3.03819895e-01 6.54659152e-01 2.64095426e-01
    8.74575496e-01 2.11269796e-01 8.23867679e-01 2.51982570e-01
    4.21654105e-01 6.10640585e-01 6.13198757e-01 7.19047427e-01
    4.05526757e-02 2.01585114e-01 1.03443861e-04 2.02921540e-01
    1.49099827e-01 3.85504842e-01 9.70394135e-01 7.07695127e-01
    9.42758918e-01 5.37118793e-01 1.64291710e-01 2.80951530e-01
    5.59331715e-01 9.26186085e-01 1.20979428e-01 9.46015000e-01
    5.27274013e-01 1.76360458e-01 5.38268924e-01 3.87557954e-01
    4.67570245e-01 2.93933332e-01 5.70436180e-01 6.30853772e-01
    8.89382720e-01 8.89202952e-01 4.54841167e-01 1.51363790e-01
    4.58319187e-02 9.99341130e-01 5.51768243e-01 4.90482867e-01
    3.70397866e-01 5.63806951e-01 2.32079983e-01 6.08532190e-01
    8.37663889e-01 2.65088916e-01 9.80200410e-01 7.52341032e-01
    9.11113620e-01 2.41957605e-01 9.75073755e-01 7.06620336e-01
    1.02260709e-01 6.76037252e-01 1.22132331e-01 7.89852023e-01
    1.55685544e-02 7.57581711e-01 3.94738495e-01 5.26712835e-01
    1.69144392e-01 5.71599901e-01 5.07608652e-01 1.41400307e-01
    2.71164268e-01 7.25763857e-01 6.71462238e-01 2.56475449e-01
    7.56478667e-01 2.95584500e-02 9.73042130e-01 9.76897717e-01
    3.75802964e-01 7.47384548e-01 9.41362500e-01 9.84612107e-01
    4.42809910e-01 5.98744392e-01 1.83226913e-01 6.97673559e-01
    8.77516747e-01 2.82160282e-01 7.36898541e-01 7.62515128e-01
    3.53934824e-01 3.17915559e-01 1.61390752e-01 9.83937025e-01
    9.78832603e-01 8.05001020e-01 9.26801085e-01 3.90180200e-01
    8.87037396e-01 3.51186603e-01 2.34284073e-01 4.92206872e-01
    3.62606704e-01 9.50906157e-01 2.52051204e-01 2.09057778e-01
    7.70794749e-02 1.54083133e-01 5.55893183e-01 8.03209543e-02
    5.07433414e-01 6.91238344e-02 1.36316031e-01 9.90930319e-01
    3.08705986e-01 7.85341382e-01 7.09607482e-01 1.33024037e-01
    2.96217382e-01 9.54852521e-01 5.91664076e-01 2.11993396e-01
    3.54685217e-01 7.02623069e-01 5.53181529e-01 4.67598736e-01
    4.45653826e-01 8.92109275e-01 9.07585561e-01 6.03920639e-01
    2.70205438e-01 3.78481865e-01 6.03392363e-01 5.06090820e-02
    9.93313074e-01 3.67268950e-01 9.10919309e-01 3.50756347e-02
    6.06583595e-01 9.73350883e-01 7.99734235e-01 5.09046257e-01
    8.31997514e-01 6.25444055e-01 5.75524211e-01 4.36080962e-01
    2.15679407e-03 2.95594573e-01 7.22116709e-01 6.32152438e-01
    7.90903687e-01 3.65951836e-01 8.35384130e-02 8.27337980e-01
    2.76643276e-01 9.78894949e-01 6.61014438e-01 9.44983721e-01
    2.57701039e-01 3.36264849e-01 9.23793912e-01 4.71057296e-02
    7.97300875e-01 7.62054920e-02 4.86570060e-01 2.68898517e-01
    7.93004394e-01 4.22096848e-01 3.15352470e-01 4.50195491e-01
    6.79105639e-01 7.05607772e-01 1.97258770e-01 6.35565281e-01
    8.60407710e-01 9.82584417e-01 1.19242042e-01 8.67042542e-01
    4.76623595e-01 4.16642785e-01 2.25629985e-01 3.30391228e-01
    7.93119907e-01 6.77269459e-01 5.32207191e-01 2.73888528e-01
    6.20508552e-01 1.95873678e-02 2.64690220e-01 3.51622939e-01
    7.68028378e-01 1.82742029e-01 8.39029372e-01 6.25367701e-01
    1.91073209e-01 7.08438873e-01 1.36920035e-01 5.33445120e-01
    4.08858597e-01 2.07973242e-01 9.02693629e-01 4.88059819e-02
    8.93535316e-01 3.81390303e-01 7.61730611e-01 6.08000815e-01
    3.74289691e-01 1.01258188e-01 6.40243113e-01 6.30040288e-01
    1.31025672e-01 4.35584068e-01 2.01006800e-01 2.97480285e-01
    7.88939297e-01 1.51842922e-01 8.93079281e-01 6.00801170e-01
    2.66847223e-01 8.51410866e-01 9.70008075e-01 9.37601686e-01
    4.09732968e-01 4.47933435e-01 3.38516295e-01 4.27342653e-02
    8.81655514e-02 9.68303919e-01 6.23725414e-01 8.71764362e-01
    1.94956034e-01 4.96655852e-01 9.00268793e-01 9.84289587e-01
    6.11820877e-01 8.37324023e-01 1.82498604e-01 6.87544763e-01
    5.95819592e-01 7.75968134e-01 5.56894898e-01 7.85695672e-01
    7.18874276e-01 2.20230669e-01 8.06731880e-02 7.67544627e-01
    4.45601255e-01 9.95553434e-02 8.23219061e-01 7.11385310e-02
    2.52139807e-01 4.19378519e-01 6.08960509e-01 4.25701588e-01
    5.15476942e-01 6.87550902e-01 6.60949111e-01 1.40012413e-01
    9.03058648e-02 3.96875441e-01 7.11398602e-01 3.48124266e-01
    6.47631049e-01 1.33579105e-01 7.85487831e-01 5.74078560e-01
    8.82275701e-01 4.10405099e-01 5.39963186e-01 8.14625382e-01
    8.22202027e-01 2.41070956e-01 7.62979448e-01 5.34779787e-01
    7.18136609e-01 8.90397072e-01 4.12996680e-01 5.92796326e-01
    2.47710198e-01 6.69639945e-01 9.51303959e-01 1.86461985e-01
    3.16573918e-01 9.93920267e-01 7.62319088e-01 1.67202622e-01
    5.09851635e-01 4.34967905e-01 5.57011187e-01 1.65578246e-01
    3.96522939e-01 3.87388259e-01 5.10177016e-03 6.92977309e-02
    7.93087184e-01 4.57337737e-01 7.82858193e-01 5.07045448e-01
    3.01641077e-01 9.45739865e-01 2.06840187e-01 3.22899222e-02
    9.45636630e-01 1.55745566e-01 1.96845263e-01 4.35085744e-01
    1.07639432e-02 1.09052628e-01 9.10329819e-03 6.04041159e-01
    1.16738856e-01 8.07922840e-01 1.43168479e-01 3.62505019e-02
    6.97919428e-02 2.03930914e-01 1.94132537e-01 6.06390834e-01
    1.33539528e-01 8.50606441e-01 4.13722396e-01 4.19890165e-01
    8.45289469e-01 9.06694651e-01 8.21072459e-01 2.71466315e-01
    1.88848376e-03 4.81644124e-01 5.88921607e-01 7.92179406e-02
    9.09051597e-01 9.67959285e-01 6.75654292e-01 1.03714496e-01
    5.22493303e-01 7.05374777e-01 1.58911973e-01 9.99287724e-01
    7.71748781e-01 3.94280404e-01 5.12585759e-01 6.30081296e-01
    8.72254848e-01 2.88811922e-01 1.55443400e-01 4.76613432e-01
    8.72671843e-01 9.86651540e-01 6.09889925e-02 8.08959305e-02
    2.15043873e-01 6.96162343e-01 2.22906440e-01 8.75904262e-01
    4.25854266e-01 2.85667241e-01 3.92048985e-01 4.22487378e-01
    5.39108872e-01 2.98705935e-01 6.76951826e-01 2.92019963e-01
    2.25429326e-01 3.14312994e-01 7.58999944e-01 4.99161124e-01
    1.41227454e-01 8.87751579e-02 2.92859793e-01 8.64615083e-01
    2.02459693e-02 3.52580458e-01 7.56338596e-01 9.75866199e-01
    6.28924847e-01 1.94107294e-02 7.37796783e-01 1.89111054e-01
    4.54672486e-01 3.54738593e-01 1.23777896e-01 1.44877374e-01
    9.98562872e-01 9.70595539e-01 5.07130325e-01 5.59025407e-01
    8.81952047e-01 8.36936712e-01 5.35658598e-01 2.32334733e-02
    6.50727749e-02 1.15534663e-02 6.17142737e-01 8.51210594e-01
    3.31401318e-01 1.96388602e-01 1.86297566e-01 8.09150517e-01
    1.60391599e-01 9.18813825e-01 5.61798573e-01 4.45347518e-01
    5.70106804e-02 6.47710085e-01 6.29708290e-01 6.75109208e-01
    7.29115605e-01 8.68109465e-02 6.80562913e-01 6.80980384e-01
    9.99413729e-01 9.26885545e-01 3.46765518e-01 6.14430606e-02
    5.33990800e-01 9.74096656e-01 3.02424043e-01 1.50130302e-01
    5.04615247e-01 8.24253917e-01 9.51385021e-01 2.03618050e-01
    4.29123282e-01 5.28109014e-01 1.26823306e-01 6.49779201e-01
    6.03963792e-01 5.58746755e-01 2.75897145e-01 8.04459035e-01
    5.31600595e-01 1.86371565e-01 9.61739421e-01 5.68319201e-01
    6.65777922e-02 3.51545095e-01 3.26296329e-01 1.48547292e-01
    4.79652315e-01 9.40611839e-01 4.81563419e-01 6.66720569e-01
    3.98655713e-01 9.62094665e-02 6.27004862e-01 4.94247854e-01
    9.89755988e-01 4.70564693e-01 3.01786780e-01 8.85196030e-02
    1.43088937e-01 8.80190492e-01 7.98195302e-02 6.31817043e-01
    1.08227611e-01 7.20988572e-01 6.66535735e-01 1.98098421e-02
    5.26478231e-01 3.22603345e-01 6.63931310e-01 2.30996579e-01
    7.51231372e-01 9.17954683e-01 2.77894974e-01 4.06995624e-01
    5.48797786e-01 1.22899681e-01 9.70074475e-01 4.87043291e-01
    6.62216783e-01 7.32112885e-01 1.97535187e-01 4.15158659e-01
    5.32105744e-01 8.08042288e-01 4.44148988e-01 4.55137819e-01
    8.67339313e-01 3.54261100e-01 8.97994995e-01 4.91181165e-01
    4.59551960e-01 7.93926358e-01 3.54624271e-01 9.70392287e-01
    8.20299029e-01 6.54792011e-01 6.48792207e-01 3.29473019e-01
    5.17856598e-01 8.52438688e-01 4.00648713e-01 6.87155128e-01
    1.52466267e-01 9.44285631e-01 2.10869223e-01 1.37057006e-02
    7.97456741e-01 3.15484762e-01 6.15005314e-01 3.07067811e-01
    9.76036549e-01 5.19148827e-01 4.62237060e-01 3.25242639e-01
    9.52953398e-02 1.00350142e-01 1.40992075e-01 7.27665305e-01
    1.81949347e-01 5.98615706e-01 8.02714586e-01 3.42083395e-01
    6.77379131e-01 6.88634932e-01 6.15791798e-01 9.96807575e-01
    6.79653645e-01 8.38192642e-01 1.67483062e-01 5.95076203e-01
    2.32697874e-01 6.48383617e-01 8.62666607e-01 3.75284851e-02
    5.45785666e-01 8.69298339e-01 2.23483741e-02 5.78663945e-01
    1.48695230e-01 4.00366902e-01 7.53069878e-01 7.03646660e-01
    2.07660764e-01 8.99046361e-02 2.55403578e-01 2.89589167e-04
    7.66346216e-01 2.70475000e-01 9.97673154e-01 7.91567564e-01
    9.99426484e-01 5.99630952e-01 7.17714190e-01 6.89693153e-01
    9.37638164e-01 3.95465493e-02 7.21264184e-01 3.44936967e-01
    8.34225178e-01 7.89424002e-01 8.33860695e-01 6.57833815e-01
    8.97493124e-01 4.34934795e-01 3.27789485e-01 2.84914821e-01
    2.60651588e-01 5.45703530e-01 2.76358455e-01 1.13186836e-02
    2.02080011e-02 8.92277002e-01 2.24447608e-01 1.41420782e-01
    5.05129397e-01 7.46426821e-01 7.31205106e-01 7.15144932e-01
    4.74109173e-01 1.76314265e-01 4.40115660e-01 4.54112351e-01
    4.59263057e-01 9.80770469e-01 6.81533217e-02 3.01236153e-01
    7.79194474e-01 8.83117080e-01 5.87696671e-01 8.76304507e-01
    4.14659113e-01 1.30985975e-02 8.92893434e-01 6.15670681e-01
    5.45446217e-01 7.70553231e-01 5.22718310e-01 5.48630834e-01
    7.26561904e-01 1.83316052e-01 5.70424795e-01 2.01422781e-01
    4.65299964e-01 9.37800348e-01 5.82673073e-01 8.62278819e-01
    1.43407166e-01 2.30706751e-01 7.82129645e-01 9.05295730e-01
    8.62274468e-01 3.52818102e-01 5.92171431e-01 1.50813878e-01
    5.94556689e-01 4.88663852e-01 4.57775086e-01 4.69453990e-01
    9.72870469e-01 3.32120061e-01 9.69336033e-01 7.79559195e-01
    9.27933097e-01 2.75373876e-01 5.90549171e-01 2.83895940e-01
    7.72937238e-02 8.19414616e-01 5.22755325e-01 5.37054181e-01
    4.90600467e-02 4.66528535e-02 5.57010770e-01 9.63603675e-01
    8.73249173e-01 1.85223550e-01 8.36080909e-02 9.79821324e-01
    1.39210522e-01 3.36957753e-01 9.68277752e-02 6.73332691e-01
    3.74634981e-01 3.57816041e-01 3.48148227e-01 6.01025581e-01
    5.19545257e-01 6.46667242e-01 8.63955975e-01 2.56107092e-01
    8.97201896e-01 5.81955194e-01 2.14455456e-01 4.63764250e-01
    1.34731829e-02 1.33716881e-01 7.52343535e-01 3.98824215e-01
    7.65470386e-01 3.15946162e-01 5.11005223e-02 5.20345509e-01
    1.26563936e-01 3.71587873e-02 6.67159617e-01 7.97610283e-01
    7.55938590e-01 3.98048490e-01 7.25299418e-02 4.14699376e-01
    9.45061147e-01 5.97798347e-01 4.12368298e-01 5.40026188e-01
    4.48804796e-01 6.87724590e-01 2.63190269e-02 2.21079499e-01
    5.53417087e-01 3.84049952e-01 2.09454924e-01 9.36404884e-01
    9.23251033e-01 2.26385713e-01 5.96696734e-01 4.47517633e-01
    5.31070054e-01 2.95667052e-02 5.65226138e-01 7.08257437e-01
    6.64419591e-01 6.21461272e-01 2.58906484e-02 4.37566429e-01
    3.41367811e-01 6.39966190e-01 6.62468374e-02 8.07762980e-01
    1.99382991e-01 7.03389168e-01 4.40578490e-01 3.76193672e-01
    2.17294157e-01 1.49922878e-01 3.62436950e-01 2.26060808e-01
    4.51047003e-01 6.33466601e-01 3.62282276e-01 7.96680808e-01
    3.02440941e-01 6.29672587e-01 3.56696159e-01 3.49760294e-01
    6.87247992e-01 8.72991800e-01 2.79142916e-01 5.91037750e-01
    9.03455019e-01 2.31252670e-01 9.98599887e-01 5.41822672e-01
    1.93689495e-01 5.15283942e-01 2.62106776e-01 1.29851073e-01
    1.04433119e-01 6.66452169e-01 9.60626304e-02 4.87898409e-01
    8.36389363e-01 6.38728261e-01 9.77502108e-01 3.78472805e-02
    8.49170446e-01 8.08767915e-01 1.86654210e-01 5.54291844e-01
    1.12973481e-01 2.69401491e-01 6.64199352e-01 2.38986552e-01
    8.59420061e-01 7.25831568e-01 2.81554520e-01 2.70716280e-01
    4.51126695e-02 4.17366594e-01 8.69970322e-01 6.99702442e-01
    6.51114881e-01 9.82111454e-01 4.47432816e-01 1.08036816e-01
    1.38384581e-01 7.94286370e-01 6.05457664e-01 8.18492472e-01
    5.51140845e-01 2.99785584e-01 7.61860311e-02 4.65263069e-01
    7.88473070e-01 4.58986700e-01 1.01547807e-01 2.89815575e-01
    2.77667820e-01 5.72367668e-01 2.87631333e-01 8.22278857e-01
    1.96332902e-01 8.80457103e-01 8.82447779e-01 3.90961111e-01
    2.34167784e-01 8.47832084e-01 3.31788242e-01 1.85635984e-01
    2.56787270e-01 1.77838862e-01 4.72538531e-01 5.00005007e-01
    3.92650634e-01 5.31571567e-01 7.80124068e-01 6.33734107e-01
    1.99913979e-02 3.35335523e-01 7.68112183e-01 7.56443501e-01
    2.24120528e-01 8.23207021e-01 4.74549323e-01 2.94013977e-01
    3.74743581e-01 4.88290370e-01 6.29433692e-01 2.88294941e-01
    5.28945386e-01 4.47717428e-01 3.15418005e-01 9.89913464e-01
    2.85102874e-01 6.54422045e-02 7.11513162e-02 6.29911423e-01
    7.69366920e-01 4.91365701e-01 7.38097548e-01 4.21487570e-01
    6.08205616e-01 8.14346075e-01 4.30477500e-01 7.67074943e-01
    8.63130391e-02 1.08361214e-01 7.73908675e-01 4.45066631e-01
    3.02495420e-01 7.81342149e-01 2.78976321e-01 9.61090505e-01
    8.29435587e-01 7.46734500e-01 5.48590600e-01 3.23246062e-01
    6.68286264e-01 5.91708422e-02 1.35783046e-01 8.06155026e-01
    7.79723048e-01 4.07336950e-02 1.16242230e-01 8.53702307e-01
    7.83572793e-01 3.33826602e-01 3.26950550e-01 9.92216587e-01
    1.18911386e-01 9.24439788e-01 9.10023510e-01 3.54627073e-01
    8.69149685e-01 9.15848792e-01 1.39383882e-01 9.19159174e-01
    7.35967100e-01 3.90528381e-01 2.36470580e-01 7.91399360e-01
    7.64326572e-01 1.25046045e-01 7.05785275e-01 1.29103661e-03
    6.53829873e-02 8.61633658e-01 4.73444313e-01 3.16587806e-01
    6.89620495e-01 5.06481826e-02 9.29079056e-01 1.76368862e-01
    5.06427884e-01 6.64839745e-02 2.28200525e-01 8.10266256e-01
    9.38694000e-01 2.87397623e-01 8.97819459e-01 2.25710213e-01
    7.98732340e-01 3.35924566e-01 4.49733853e-01 5.91574311e-02
    4.24711168e-01 5.33939898e-01 5.08997142e-01 3.68066788e-01
    6.65360332e-01 7.25278199e-01 9.92415667e-01 8.69824886e-01
    5.21839976e-01 4.53590184e-01 6.67751670e-01 7.48401344e-01
    5.13267696e-01 9.51092839e-02 1.42184854e-01 6.30398691e-02
    3.69153142e-01 8.10479522e-01 2.12584019e-01 4.47209686e-01
    8.76581073e-01 9.53489900e-01 8.41021478e-01 3.71712416e-01
    8.90488923e-01 6.36316061e-01 6.68294430e-01 1.66180700e-01
    5.35693109e-01 5.83315611e-01 5.93985975e-01 9.68718171e-01
    8.47611785e-01 7.81686544e-01 2.92057574e-01 4.45930541e-01
    9.86344874e-01 6.92008257e-01 3.62059206e-01 7.37621844e-01
    7.38238454e-01 7.56164074e-01 5.15254080e-01 7.25173712e-01
    1.60746425e-01 2.83317745e-01 3.97418141e-02 6.03353202e-01
    9.57487226e-01 8.00765455e-01 9.12170529e-01 9.13695335e-01
    6.72591150e-01 8.66798878e-01 4.83799279e-02 4.92569059e-01
    2.08151072e-01 8.64699662e-01 9.83382344e-01 2.67331451e-01
    8.86282682e-01 8.46664786e-01 8.70501399e-01 8.20003390e-01
    1.06854558e-01 1.35743618e-02 6.19709492e-03 7.89849639e-01
    7.56015301e-01 3.04383636e-01 6.86048925e-01 8.89887214e-02
    9.89776254e-01 4.75913852e-01 2.39422977e-01 3.08623493e-01
    7.37383485e-01 7.53752232e-01 9.45888579e-01 5.13838291e-01
    6.38668835e-02 4.85938787e-03 5.07252872e-01 3.34283501e-01
    2.85510391e-01 2.66009569e-03 8.66020203e-01 7.91310966e-02
    1.15163058e-01 6.37627542e-01 2.12116122e-01 7.32021749e-01
    2.67259061e-01 6.85375929e-01 5.56627214e-01 3.66826117e-01
    3.62606704e-01 8.56933773e-01 1.98262304e-01 1.00800335e-01
    4.61715966e-01 5.66256940e-01 5.45390308e-01 1.69688880e-01
    5.51258206e-01 5.98484278e-01 9.79241967e-01 5.58169305e-01
    9.92309093e-01 3.51487070e-01 5.74247241e-02 6.00647330e-02
    9.04712617e-01 9.04592931e-01 3.19575280e-01 6.23724520e-01
    4.10146654e-01 9.78939772e-01 6.22676849e-01 5.64610600e-01
    9.94375825e-01 1.44105107e-01 1.42061025e-01 5.60488582e-01
    7.31007755e-02 6.14439607e-01 5.52935600e-02 1.37587935e-01
    1.35367095e-01 1.22386217e-03 5.52957952e-01 5.09075582e-01
    4.44620490e-01 9.94387805e-01 8.86527419e-01 4.86233056e-01
    5.80727637e-01 2.75923908e-02 2.80927062e-01 6.05240166e-01
    2.30777562e-01 7.47402549e-01 7.61796713e-01 3.93578708e-02
    5.74194849e-01 4.74952847e-01 7.62122631e-01 4.39522624e-01
    5.99036813e-01 3.21008176e-01 1.14869386e-01 3.46470714e-01
    4.07874823e-01 3.68595660e-01 3.23902667e-01 7.47991443e-01
    8.86339486e-01 9.14236963e-01 5.43021441e-01 9.41625178e-01
    3.46920609e-01 3.12907666e-01 4.24964249e-01 8.98044825e-01
    2.79607177e-01 1.80798531e-01 1.97463244e-01 1.12193882e-01
    9.49596763e-01 8.37307930e-01 1.68173194e-01 5.48216760e-01
    3.90181094e-01 9.00213599e-01 6.33798122e-01 8.23919058e-01
    5.21155477e-01 9.42590237e-01 6.03223205e-01 5.03067911e-01
    3.78138661e-01 9.99344587e-01 9.60551202e-01 5.32701612e-01
    1.88188046e-01 4.21323001e-01 8.93882692e-01 7.85037100e-01
    9.54222381e-01 1.43716365e-01 4.05898809e-01 3.28544974e-01
    7.36633539e-02 6.50587559e-01 6.32866025e-01 1.11432433e-01
    6.49541616e-02 3.62531006e-01 7.44506240e-01 4.83695328e-01
    8.97824764e-01 2.42261529e-01 3.78110766e-01 2.01758385e-01
    2.03920901e-01 2.99173594e-01 1.22380078e-01 1.08582407e-01
    2.16671020e-01 2.14116335e-01 9.96357799e-01 1.32273406e-01
    1.48495317e-01 4.40540016e-01 7.66835570e-01 4.41313773e-01
    6.18700564e-01 9.93182957e-02 4.16204363e-01 8.46109688e-02
    4.32579517e-01 5.49081206e-01 3.30965310e-01 4.91384298e-01
    7.48085976e-01 1.75520390e-01 3.69390994e-01 7.44908929e-01
    7.89348841e-01 1.84276074e-01 2.56070971e-01 8.46618414e-03
    1.89308107e-01 5.99987805e-01 5.57711720e-01 1.23272449e-01
    4.52671349e-02 4.25846636e-01 3.32506567e-01 6.38268709e-01
    8.48933280e-01 5.32904446e-01 2.25408167e-01 9.20684934e-01
    7.85540640e-02 5.58069110e-01 1.64822251e-01 2.94304609e-01
    2.46132612e-01 1.38675660e-01 4.64869440e-02 8.58112693e-01
    8.14763784e-01 6.11867487e-01 5.57496548e-02 5.05466819e-01
    5.98661423e-01 6.44016862e-02 9.64935124e-01 9.24638808e-02
    9.49935853e-01 8.95734191e-01 8.29063654e-01 1.73458725e-01
    2.23442018e-01 1.01378560e-02 1.83052480e-01 9.36920762e-01
    9.77192402e-01 7.39319205e-01 7.73037910e-01 7.66351759e-01
    9.84515131e-01 9.34626579e-01 2.26589471e-01 5.62115610e-01
    8.71742070e-01 1.68228924e-01 8.19706321e-01 4.54213679e-01
    4.81920391e-01 7.37132907e-01 5.30925691e-02 1.62631035e-01
    2.57334411e-01 3.16526949e-01 4.35125649e-01 6.57419503e-01
    3.46144080e-01 1.77240282e-01 5.61021864e-01 4.88076895e-01
    8.01572919e-01 4.29676890e-01 4.99488354e-01 9.60494161e-01
    9.95174468e-01 9.43343818e-01 7.42450833e-01 6.64877772e-01
    7.82682419e-01 4.57350612e-01 2.54773349e-01 9.70384359e-01
    8.82191896e-01 9.04389501e-01 5.25482774e-01 8.12695324e-02
    1.99157506e-01 6.72702432e-01 2.72677839e-01 7.67402172e-01
    4.64917332e-01 4.40134048e-01 2.73525238e-01 1.05074048e-01
    2.71693826e-01 2.32695967e-01 3.19251239e-01 6.26181364e-01
    4.11321253e-01 5.60001910e-01 9.99044895e-01 5.41195095e-01
    3.72076213e-01 2.48993754e-01 7.77960658e-01 9.25800323e-01
    8.93544436e-01 5.72299778e-01 8.62133145e-01 6.26088560e-01
    3.51590514e-01 8.69345665e-02 3.02025676e-02 3.78933847e-02
    1.52174711e-01 3.66972923e-01 4.25086200e-01 9.72856998e-01
    4.53508139e-01 1.26128554e-01 3.10919464e-01 9.46189582e-01
    9.13453937e-01 2.08294958e-01 1.12358451e-01 5.06563663e-01
    6.86467052e-01 3.85297805e-01 9.51113701e-01 5.85293472e-01
    9.69590783e-01 7.40929604e-01 4.05228347e-01 8.72723758e-02
    8.38271558e-01 7.26179481e-01 6.23417974e-01 9.37110186e-03
    7.75643349e-01 8.17024469e-01 7.54285574e-01 6.50249302e-01
    8.02251220e-01 5.73047757e-01 9.03752387e-01 5.16319275e-01
    8.77876401e-01 1.84946567e-01 2.55170047e-01 1.57224864e-01
    5.89341700e-01 9.13371682e-01 4.49332893e-02 1.43956572e-01
    7.04602063e-01 2.05786228e-01 4.01841283e-01 8.36752415e-01
    5.61037302e-01 5.30516326e-01 8.90180886e-01 9.85481262e-01
    8.12038243e-01 9.91622806e-01 7.95886755e-01 7.77695775e-02
    7.96267509e-01 9.50676322e-01 2.76254714e-02 7.89219439e-01
    1.78591311e-01 1.47616297e-01 9.93118048e-01 8.40308189e-01
    7.44133830e-01 7.29478717e-01 4.90595400e-02 9.76526260e-01
    7.07144260e-01 6.46177173e-01 9.61957932e-01 3.70613039e-01
    1.49480879e-01 7.30264902e-01 1.98217779e-01 3.18549871e-01
    4.17451113e-01 2.76573896e-02 1.06195688e-01 8.26918364e-01
    5.47318459e-01 1.96174920e-01 7.01589644e-01 1.81637853e-01
    1.33531123e-01 2.22252369e-01 1.44363046e-01 5.52246571e-02
    4.21458542e-01 1.80696726e-01 1.84142232e-01 2.43604273e-01
    4.55501795e-01 1.58453882e-01 4.24284965e-01 6.45058453e-01
    8.77918243e-01 5.27492344e-01 8.12100530e-01 8.66726696e-01
    5.88340461e-02 2.37020671e-01 4.33617771e-01 3.39482129e-02
    7.57034540e-01 7.06474900e-01 5.25398672e-01 3.26579809e-03
    1.99744582e-01 6.23769641e-01 9.72498655e-01 4.98692393e-01
    3.34888756e-01 9.16952252e-01 5.03761113e-01 2.09663779e-01
    9.32837486e-01 6.37751341e-01 2.21313834e-01 1.20065510e-01
    7.94104218e-01 7.86453366e-01 4.44000155e-01 9.83573258e-01
    7.85328925e-01 1.62361592e-01 4.85446811e-01 4.49505597e-01
    9.40368176e-01 2.16284305e-01 7.69668937e-01 4.92648363e-01
    2.56492198e-01 6.14317179e-01 4.08932835e-01 9.21311796e-01
    4.65357214e-01 3.38660091e-01 3.46713513e-01 8.19091260e-01
    1.22673810e-02 8.25497866e-01 9.65986192e-01 2.47231454e-01
    4.82423425e-01 8.04186463e-01 6.49681091e-01 1.90236211e-01
    5.59585392e-01 4.32974309e-01 8.70419383e-01 4.99088526e-01
    2.91497409e-02 4.41951573e-01 7.66359210e-01 3.38191509e-01
    9.11797702e-01 3.28665614e-01 5.61940610e-01 9.15037155e-01
    1.73035264e-01 6.19953334e-01 6.36281490e-01 4.31677550e-01
    4.46160972e-01 8.16777825e-01 6.38126135e-01 3.20673406e-01
    5.98610222e-01 9.19325411e-01 1.77500039e-01 6.02579474e-01
    9.62626398e-01 8.22351396e-01 6.10758007e-01 5.97841382e-01
    6.17379844e-01 3.03454638e-01 1.98244482e-01 1.04234606e-01
    8.71119380e-01 8.12767744e-01 7.49748945e-02 7.83215702e-01
    3.30078572e-01 4.32457626e-01 4.66578037e-01 5.36316633e-03
    9.57102895e-01 1.53929710e-01 7.69252717e-01 4.68604565e-01
    4.74846154e-01 8.70799601e-01 9.82824385e-01 8.36166859e-01
    5.42614758e-02 7.36829519e-01 2.98823774e-01 8.39948416e-01
    6.82042122e-01 9.81493711e-01 5.59561551e-02 1.46214753e-01
    2.41329670e-02 1.73503429e-01 8.72730732e-01 5.10795176e-01
    5.82610369e-01 1.21197611e-01 9.39203978e-01 9.90070701e-02
    7.09863901e-02 3.26871097e-01 2.25674152e-01 6.25766098e-01
    1.63258970e-01 5.12681067e-01 7.83309937e-01 3.69395256e-01
    4.92957681e-01 5.11483908e-01 8.94709945e-01 2.10708380e-02
    7.90747404e-02 1.83969975e-01 1.13801211e-01 6.11102998e-01
    8.69266808e-01 9.18960333e-01 4.99488235e-01 1.51062518e-01
    2.36714751e-01 1.13855779e-01 7.98171103e-01 7.49481022e-01
    4.84885305e-01 3.09669375e-02 4.66948986e-01 7.67234445e-01
    1.32521659e-01 2.62227923e-01 9.87494290e-01 5.09065092e-01
    5.60068905e-01 7.07034767e-02 1.84555888e-01 2.74480402e-01
    6.06354952e-01 6.04167342e-01 6.34690762e-01 5.75959325e-01
    1.75283670e-01 9.32205558e-01 3.45815003e-01 6.30002081e-01
    8.25231075e-01 6.49246931e-01 4.11136359e-01 9.96956408e-01
    8.25713575e-02 3.54157209e-01 1.69863194e-01 6.09674394e-01
    3.56081396e-01 7.78369606e-02 2.88530558e-01 3.22241932e-01
    4.12252069e-01 2.90380746e-01 7.64264226e-01 1.62551701e-01
    8.39669585e-01 9.84441042e-02 5.87155282e-01 2.70232052e-01
    7.12590218e-02 6.44349813e-01 2.74947703e-01 6.70171738e-01
    3.77762944e-01 7.99880624e-02 4.71606851e-03 2.46925265e-01
    8.74089301e-02 2.49899924e-01 6.89468384e-01 4.93785977e-01
    3.59445214e-01 3.70694488e-01 3.85313332e-02 9.91984725e-01
    7.44752824e-01 8.28173101e-01 6.83716953e-01 7.55797744e-01
    5.93416691e-01 8.36986184e-01 1.60323501e-01 3.89575601e-01
    7.14878440e-01 9.19992507e-01 6.30729795e-02 6.67297482e-01
    2.60481358e-01 9.11695957e-02 3.74896348e-01 1.17767811e-01
    7.17702925e-01 9.43898022e-01 5.85229635e-01 2.02301770e-01
    2.43203223e-01 5.84895611e-01 6.43103302e-01 6.41323209e-01
    7.01572955e-01 4.93223518e-01 7.86354423e-01 2.73390621e-01
    1.65096045e-01 6.93151355e-01 3.17421377e-01 9.94575858e-01
    1.69495881e-01 1.81395113e-01 3.99743348e-01 4.14669514e-02
    1.77071631e-01 7.57500052e-01 7.26891279e-01 7.88691938e-02
    5.48448503e-01 8.38739574e-02 8.04948926e-01 5.96980870e-01
    4.33618128e-01 3.21543872e-01 9.08413649e-01 9.97481346e-01
    7.05583572e-01 6.79555893e-01 9.97782826e-01 3.28491807e-01
    8.68216157e-02 1.60453856e-01 2.34086901e-01 2.60304749e-01
    9.87280250e-01 6.01364672e-01 3.67627472e-01 7.53580451e-01
    7.39874542e-02 4.45038021e-01 3.81045371e-01 4.05925274e-01
    5.86140394e-01 2.94479370e-01 5.42272270e-01 7.38238335e-01
    3.43397588e-01 4.16140914e-01 7.89231062e-02 8.12124074e-01
    8.45365882e-01 5.66538930e-01 9.73123670e-01 8.85428667e-01
    5.40961325e-01 1.55891120e-01 2.10818410e-01 2.26517916e-01
    6.40385449e-02 9.81959879e-01 2.45649487e-01 1.17334366e-01
    4.33015168e-01 7.52809644e-01 7.16296315e-01 2.38596290e-01
    8.38222384e-01 8.09467673e-01 6.65331960e-01 9.59569812e-01
    9.70412493e-01 9.89446044e-03 9.63937223e-01 9.70374525e-01
    5.94597578e-01 3.49720955e-01 8.90340269e-01 3.29131603e-01
    5.91974854e-01 7.70264268e-01 8.94493163e-02 3.77584010e-01
    8.73632431e-01 2.33025759e-01 9.63140488e-01 4.82116699e-01
    8.98633003e-01 5.79703808e-01 4.71085191e-01 9.92052317e-01
    9.73847389e-01 8.22845697e-02 9.48834896e-01 6.74021840e-01
    7.40322173e-02 8.05078685e-01 1.34916872e-01 6.15612864e-02
    3.31208885e-01 2.78945506e-01 8.76214564e-01 1.77871585e-01
    2.18978137e-01 4.76810813e-01 7.28717506e-01 9.61255312e-01
    1.65166080e-01 4.79721069e-01 4.76871818e-01 2.82112598e-01
    9.64256763e-01 7.32082009e-01 2.92957276e-01 5.06260753e-01
    9.24163759e-01 5.69150269e-01 3.22278500e-01 4.55981195e-02
    8.40108097e-02 1.50771499e-01 7.20207274e-01 3.44157100e-01
    6.28071904e-01 8.49104226e-02 2.41319746e-01 8.82918954e-01
    6.61805749e-01 4.18170571e-01 1.05877548e-01 6.44381583e-01
    2.79961407e-01 8.42803657e-01 5.00077009e-01 8.88117194e-01
    1.29888028e-01 7.44834542e-02 7.99766183e-01 5.05742669e-01
    4.17627275e-01 4.99114394e-03 5.74754417e-01 8.01838338e-02
    3.04842979e-01 4.82769012e-02 1.46146953e-01 6.07631803e-01
    2.48678416e-01 3.87423724e-01 7.31111705e-01 3.68027985e-01
    6.32689178e-01 7.39253044e-01 2.05114156e-01 3.54335219e-01
    2.52103806e-03 8.14797223e-01 5.39828897e-01 2.02704310e-01
    3.38082910e-01 6.83205426e-01 5.17093837e-01 4.43293095e-01
    9.62701440e-01 3.72926056e-01 5.26822031e-01 6.69442117e-01
    4.20413017e-01 9.91844416e-01 8.86914849e-01 8.31876636e-01
    1.51158482e-01 7.47455478e-01 1.20405257e-02 6.13792598e-01
    9.67622519e-01 1.21121138e-01 5.74151933e-01 6.11775160e-01
    8.59708190e-01 1.61819369e-01 3.99360061e-01 4.95253325e-01
    3.15019071e-01 1.49082035e-01 6.75641537e-01 6.54615283e-01
    3.88737857e-01 7.70620227e-01 5.56938529e-01 8.42309117e-01
    8.72115612e-01 1.17691249e-01 2.11183697e-01 5.77947855e-01
    1.51506722e-01 6.17755890e-01 4.94892389e-01 4.18251753e-03
    5.77471852e-01 5.77514291e-01 2.16199219e-01 1.44746482e-01
    6.80122614e-01 6.80612087e-01 8.95819008e-01 1.87650353e-01
    5.55007041e-01 5.78834713e-01 5.36640584e-01 6.41473770e-01
    1.39327109e-01 4.15686369e-01 1.01138055e-01 2.68515527e-01
    3.72968614e-01 7.35787928e-01 8.61842036e-01 6.91279292e-01
    4.56549555e-01 2.49535441e-02 4.02755737e-01 5.38585663e-01
    7.76902974e-01 4.24211711e-01 2.97919810e-02 1.93724990e-01
    6.19598150e-01 3.86991709e-01 4.51339811e-01 4.84702379e-01
    6.31569207e-01 9.00838137e-01 7.82176614e-01 5.77666402e-01
    1.79443955e-01 5.37834346e-01 9.83612061e-01 4.02268738e-01
    7.44948030e-01 8.90702248e-01 9.91387069e-01 4.41777736e-01
    4.06823874e-01 9.30511951e-01 3.33221853e-02 3.82659137e-02
    8.36316705e-01 3.70254636e-01 3.62015277e-01 1.22448534e-01
    9.69787300e-01 8.91275823e-01 3.70255828e-01 2.13991970e-01
    4.87914711e-01 7.93172538e-01 1.01814330e-01 4.47044641e-01
    9.17845368e-02 6.72987700e-02 3.43738854e-01 6.71351075e-01
    6.77462578e-01 7.44396746e-01 4.51571047e-01 6.85292125e-01
    6.63340807e-01 7.45338202e-01 6.30862594e-01 3.73415977e-01
    1.82072073e-01 7.99838543e-01 3.21629822e-01 4.61986899e-01
    5.13038635e-01 1.81302756e-01 3.87048125e-02 9.47774887e-01
    4.46825027e-02 4.63120639e-02 9.92502868e-01 6.36510730e-01
    3.83137375e-01 3.04582834e-01 4.25915509e-01 3.29450011e-01
    5.79873621e-02 7.30400026e-01 4.94525790e-01 6.71977341e-01
    3.51168454e-01 9.02569532e-01 4.60810095e-01 2.13855654e-01
    7.27796078e-01 4.65615928e-01 2.72033036e-01 2.47940123e-01
    4.36185181e-01 1.41168833e-02 8.14644933e-01 5.58995008e-01
    4.49383110e-01 2.13098645e-01 2.82387495e-01 2.97178298e-01
    9.23052609e-01 2.09788799e-01 7.52749383e-01 4.46425498e-01
    4.84159082e-01 7.05533624e-01 2.65525550e-01 4.69603658e-01
    2.18349248e-01 5.52923441e-01 5.93937933e-01 5.21725416e-01
    1.37231112e-01 6.34990573e-01 3.64163458e-01 7.62659252e-01
    9.13274944e-01 7.96005428e-02 5.47701418e-02 4.58967298e-01
    6.14285827e-01 5.48096657e-01 4.16256219e-01 5.42443335e-01
    9.68440652e-01 8.84335041e-01 8.44562292e-01 8.84658217e-01
    4.50541466e-01 8.18258643e-01 9.57120895e-01 2.65334159e-01
    1.68833286e-01 6.12240493e-01 4.58736837e-01 5.75621963e-01
    3.76181602e-01 2.06238985e-01 2.23800004e-01 3.68663907e-01
    9.28972661e-01 1.12874150e-01 5.43482244e-01 3.57975662e-02
    5.45787334e-01 7.40661144e-01 9.05961633e-01 7.30297327e-01
    1.18759066e-01 6.13133192e-01 6.04721308e-01 5.15754402e-01
    6.41960144e-01 6.66445732e-01 3.30217361e-01 2.93350041e-01
    1.03834361e-01 6.60726309e-01 5.66356599e-01 2.47349322e-01
    2.16905355e-01 7.16089249e-01 3.56903672e-01 2.27987379e-01
    8.07946205e-01 9.81755376e-01 3.15262973e-01 2.15384990e-01
    9.36370611e-01 3.46169889e-01 2.37403095e-01 1.32399976e-01
    7.48763323e-01 8.18215191e-01 4.67742831e-01 8.32757473e-01
    2.77500480e-01 3.70548785e-01 2.93716371e-01 1.06098861e-01
    2.44996905e-01 8.19934547e-01 6.96917295e-01 3.97939891e-01
    4.24805701e-01 5.62603772e-01 5.85902929e-01 5.34684062e-02
    1.07398152e-01 4.87441331e-01 2.69727528e-01 8.78062785e-01
    8.60881209e-02 2.11758912e-01 7.25917041e-01 3.22012395e-01
    6.13164306e-01 8.32303464e-02 6.83522224e-01 8.99349093e-01
    1.38348043e-01 7.79791236e-01 1.41094893e-01 8.68491232e-01
    6.26030028e-01 9.68752563e-01 9.56059217e-01 3.39483738e-01
    8.96203041e-01 5.39042830e-01 9.88482356e-01 3.55304122e-01
    2.51120031e-01 3.05677056e-02 6.30785465e-01 7.32370734e-01
    7.65056014e-01 4.41081166e-01 6.42090201e-01 4.75061446e-01
    5.71201801e-01 5.05602419e-01 5.49880624e-01 6.10022485e-01
    8.59392166e-01 7.87223041e-01 9.18416142e-01 6.04891121e-01
    5.43840408e-01 7.65500724e-01 6.40248239e-01 2.66702533e-01
    9.20124173e-01 7.11641848e-01 5.39367080e-01 5.08648813e-01
    4.87031549e-01 2.85172075e-01 5.92912793e-01 7.92446375e-01
    5.70428729e-01 3.48017752e-01 1.92937344e-01 7.41050005e-01
    7.87182212e-01 3.88349593e-02 2.10365146e-01 8.98213446e-01
    9.17141140e-02 4.43394244e-01 8.25343728e-01 4.64612842e-01
    3.63421142e-01 4.68279243e-01 1.61246359e-02 9.31188524e-01
    4.90970492e-01 7.26331472e-01 3.14568698e-01 5.00320971e-01
    7.64443040e-01 6.98511660e-01 1.06745303e-01 2.79456705e-01
    5.76987028e-01 4.93214756e-01 2.08381355e-01 9.54397619e-02
    1.16225332e-01 9.83956814e-01 2.57007897e-01 6.11844838e-01
    6.67927206e-01 9.51081932e-01 2.51981914e-01 4.90921915e-01
    6.32371426e-01 1.19280934e-01 5.44585168e-01 9.33612466e-01
    5.96849084e-01 9.20104861e-01 6.86650395e-01 2.68511176e-02
    4.51483428e-02 9.48499501e-01 6.40749931e-01 2.29660541e-01
    6.02869868e-01 6.73038423e-01 6.23334944e-01 7.41293490e-01
    2.60800123e-03 5.06916344e-01 2.26862431e-02 3.52715313e-01
    6.01547360e-01 3.62011403e-01 3.13647687e-01 6.10673904e-01
    8.57737899e-01 3.02710652e-01 6.75390005e-01 7.59888232e-01
    2.73514986e-01 3.71513456e-01 8.04508209e-01 3.26384544e-01
    9.81242120e-01 2.20772922e-02 3.69187713e-01 7.16084123e-01
    3.08541358e-02 3.72628808e-01 4.52498257e-01 6.75963104e-01
    8.07918429e-01 2.74513304e-01 7.66982675e-01 6.10965788e-01
    7.58966208e-01 2.80361772e-01 6.62234187e-01 8.90902400e-01
    1.06034875e-02 5.73870063e-01 3.76325250e-02 9.44059968e-01
    9.72610295e-01 4.81868893e-01 9.45746779e-01 4.37564850e-01
    4.27570701e-01 8.07701826e-01 9.64650750e-01 4.25388753e-01
    6.99407339e-01 3.54084790e-01 2.00530887e-01 5.79990208e-01
    8.39481711e-01 2.47765779e-02 8.77209425e-01 8.90925765e-01
    2.13639408e-01 8.93967152e-01 1.04097754e-01 5.00348866e-01
    2.85384655e-01 6.00093722e-01 9.71421003e-02 1.88096672e-01
    2.88675129e-02 2.77288616e-01 9.32056844e-01 9.73168254e-01
    2.10136920e-01 6.05041564e-01 2.19205320e-02 8.61880660e-01
    4.79334146e-01 6.12870514e-01 7.61962593e-01 7.23646879e-01
    8.68962705e-01 5.03960669e-01 9.00956154e-01 1.01969182e-01
    5.26438415e-01 2.74034619e-01 7.34945357e-01 7.15622008e-01
    1.56471372e-01 6.03891551e-01 8.31744730e-01 2.60694325e-01
    5.17218411e-01 1.33611947e-01 9.06996250e-01 3.73465359e-01
    1.65931135e-01 9.52425838e-01 9.39654589e-01 5.22723317e-01
    7.23407984e-01 9.08495784e-01 5.85483670e-01 7.30879068e-01
    7.63563037e-01 6.77164793e-02 9.39567447e-01 9.23074782e-02
    9.38027859e-01 2.36947626e-01 1.49129033e-01 9.87196326e-01
    3.46280992e-01 8.25017810e-01 5.93627095e-01 6.17197752e-01
    2.59204805e-01 9.34944868e-01 7.36434162e-01 2.45342433e-01
    7.36604810e-01 8.32366943e-01 6.49766564e-01 7.11051822e-02
    3.69268060e-01 3.53424966e-01 4.37168360e-01 2.98847854e-02
    7.87119389e-01 2.22157508e-01 3.81744444e-01 1.02840841e-01
    9.35405970e-01 2.09573209e-01 2.68414438e-01 8.72540355e-01
    3.59561622e-01 3.86007428e-02 4.46269512e-02 4.89025861e-01
    2.98351020e-01 7.50474811e-01 6.81195498e-01 3.82605493e-02
    9.07578468e-01 3.43891978e-01 4.92494464e-01 8.60697031e-01
    3.30018282e-01 8.41164887e-02 4.61802065e-01 3.50908935e-02
    6.48118794e-01 1.97449893e-01 9.20821071e-01 9.70186710e-01
    3.46867383e-01 7.13894129e-01 7.50473142e-01 2.38057196e-01
    4.70816791e-01 5.46178579e-01 1.05054826e-01 4.40558672e-01
    1.95450038e-01 9.26307738e-01 1.93757772e-01 2.17454374e-01
    1.09865934e-01 2.03256965e-01 7.13718891e-01 6.80890381e-01
    7.24775434e-01 4.31974441e-01 4.87582386e-01 1.18335873e-01
    1.97828412e-02 9.50960934e-01 1.34794354e-01 9.48189914e-01
    7.29388177e-01 4.48120534e-02 4.29227471e-01 5.89618087e-03
    2.50092328e-01 1.84086263e-01 8.72404218e-01 8.18229616e-02
    6.39200211e-01 1.17690206e-01 3.48739028e-01 2.32248425e-01
    6.47754669e-01 7.00553060e-02 5.96529841e-01 4.01955843e-03
    3.91611069e-01 7.54755735e-01 6.14897788e-01 8.99592161e-01
    8.07525039e-01 7.79779136e-01 1.89081520e-01 3.19926709e-01
    4.15084958e-01 7.01233268e-01 5.71485341e-01 8.84577155e-01
    3.19845378e-01 2.93776095e-01 1.57107025e-01 4.74486232e-01
    8.32109451e-01 2.60946333e-01 5.73733628e-01 2.08463162e-01
    4.63574767e-01 5.37696362e-01 1.10868394e-01 3.11498582e-01
    7.53426790e-01 9.73846793e-01 8.92314494e-01 3.49644482e-01
    1.70094818e-01 2.53106534e-01 5.75586557e-02 3.63305181e-01
    2.08679646e-01 7.12837577e-01 7.51200974e-01 3.19318831e-01
    7.31319487e-01 7.57061124e-01 3.91919315e-01 8.82559419e-01
    6.48365140e-01 9.66990590e-02 2.71717519e-01 8.31248879e-01
    3.83407563e-01 4.02210712e-01 2.73008347e-02 3.83047163e-02
    2.94523597e-01 5.20596266e-01 8.25396419e-01 6.02092445e-02
    9.07102823e-01 7.48755515e-01 8.61997843e-01 7.00305581e-01
    6.39889777e-01 4.46460843e-02 7.54222274e-03 6.74001515e-01
    6.33763552e-01 9.05499816e-01 5.81042349e-01 4.58612382e-01
    4.25068021e-01 5.44210196e-01 7.90895343e-01 3.17156553e-01
    3.41217399e-01 9.05385733e-01 8.63971293e-01 1.69078648e-01
    7.90367484e-01 4.38353300e-01 5.65774202e-01 1.08212948e-01
    4.11677659e-01 9.43389177e-01 2.74899423e-01 9.75505829e-01
    9.91693497e-01 1.25362277e-01 9.57808375e-01 4.99383152e-01
    2.67502487e-01 6.46845579e-01 9.69747663e-01 3.50817353e-01
    3.76629233e-02 9.46396947e-01 9.30933058e-02 8.82664084e-01
    8.49413276e-01 4.86422032e-01 9.69958901e-01 2.51674384e-01
    8.68937492e-01 5.88443875e-03 2.60366261e-01 2.93645680e-01
    2.15292811e-01 8.73196602e-01 8.32402468e-01 9.59102035e-01
    8.66747856e-01 4.37596828e-01 2.22646922e-01 7.34842956e-01
    6.51399195e-02 8.40587378e-01 3.81653190e-01 3.48798037e-01
    6.50088489e-01 6.78294897e-03 8.42420042e-01 4.97527122e-01
    3.49296212e-01 6.66716278e-01 7.75947094e-01 9.76157963e-01
    8.55277836e-01 1.95457101e-01 9.40865993e-01 5.41311741e-01
    7.25828290e-01 9.30179358e-01 5.51534176e-01 2.61077911e-01
    3.15580308e-01 3.85844409e-02 1.29937500e-01 5.21872163e-01
    3.78885686e-01 1.88719064e-01 6.41721845e-01 4.52938497e-01
    4.43023741e-01 6.10253274e-01 5.13150871e-01 1.72222018e-01
    2.41857529e-01 3.79073501e-01 3.94313276e-01 4.79984581e-02
    6.66771770e-01 1.23124629e-01 9.39294457e-01 5.10972500e-01
    1.79748654e-01 8.05788040e-01 8.33388090e-01 2.01946050e-01
    1.39466554e-01 7.75426745e-01 6.97166085e-01 4.22767699e-02
    5.20077527e-01 3.74934673e-02 5.32338321e-01 6.55621767e-01
    6.41011417e-01 9.84579921e-02 3.29400331e-01 8.91617239e-02
    1.35645568e-01 4.92120922e-01 4.03626472e-01 9.16774631e-01
    5.50193667e-01 6.75626993e-01 2.09769011e-02 6.08913243e-01
    9.95461464e-01 6.35953784e-01 7.38926649e-01 4.76902664e-01
    3.05645227e-01 3.74851972e-01 1.65547997e-01 6.80823088e-01
    1.27715617e-01 6.89145803e-01 3.04938585e-01 2.51405418e-01
    9.35593128e-01 1.36060506e-01 2.89440602e-01 2.34616965e-01
    9.13058281e-01 2.46276915e-01 2.21933246e-01 1.83029443e-01
    3.20516109e-01 1.84702635e-01 5.44781625e-01 5.60602546e-01
    2.75326192e-01 3.03119123e-01 3.11509848e-01 5.52158356e-01
    9.77364540e-01 4.56029058e-01 6.97664201e-01 1.20003164e-01
    5.65398395e-01 4.11966741e-02 1.80650413e-01 5.16517580e-01
    3.53406340e-01 3.55488628e-01 9.43699002e-01 3.62542301e-01
    2.30607390e-03 4.13489670e-01 3.69446397e-01 1.54770672e-01
    4.16265160e-01 6.01787567e-02 1.31706893e-02 9.65453029e-01
    2.72359252e-01 6.61973238e-01 7.80423284e-01 1.91358864e-01
    7.49197364e-01 3.58711332e-01 4.99036372e-01 9.05718207e-02
    7.09132314e-01 1.27876848e-01 2.46436715e-01 6.22554362e-01
    3.26908767e-01 4.29910123e-01 4.63189036e-01 5.59263349e-01
    5.81862092e-01 6.44604385e-01 6.85910761e-01 8.35324287e-01
    7.39661694e-01 1.42150223e-02 7.29942620e-01 5.10594070e-01
    6.01699173e-01 4.33496177e-01 3.31346512e-01 2.69971311e-01
    7.95067906e-01 8.43515575e-01 2.99069881e-02 7.47121871e-01
    4.74617779e-02 2.86906660e-02 5.27928531e-01 8.41268897e-01
    9.79232311e-01 6.21699512e-01 3.70945394e-01 9.80960846e-01
    2.27116257e-01 5.13775170e-01 8.18087578e-01 8.16145897e-01
    4.36881185e-02 7.63628721e-01 7.74812341e-01 2.30026692e-01
    5.25913775e-01 8.27220201e-01 6.46181703e-01 9.29329157e-01
    8.80660176e-01 3.31441402e-01 3.14659119e-01 3.10831666e-01
    6.17539644e-01 2.20115423e-01 7.55016208e-01 7.26563454e-01
    6.10536695e-01 5.44062436e-01 1.60039872e-01 1.50503904e-01
    1.72106206e-01 3.53377759e-02 9.53465700e-03 9.95456815e-01
    1.10942662e-01 2.11286932e-01 6.63463950e-01 4.39196229e-01
    7.21451044e-02 4.30411309e-01 2.08015442e-02 8.58750820e-01
    3.45796019e-01 3.02913725e-01 7.18988180e-02 4.31216657e-02
    9.26120043e-01 1.55639291e-01 9.99089479e-01 2.07514107e-01
    8.40217829e-01 6.19998574e-03 9.01793242e-01 8.28005910e-01
    5.19390285e-01 1.54427558e-01 9.81418252e-01 9.23014641e-01
    9.37632918e-01 1.38779879e-01 9.25539494e-01 2.96043456e-02
    3.38565350e-01 8.10972452e-01 8.48381162e-01 6.83338284e-01
    7.69323170e-01 6.82001770e-01 4.37862545e-01 5.03708899e-01
    2.05189705e-01 8.70176256e-02 1.08787984e-01 2.91035473e-01
    1.03708297e-01 9.72642660e-01 7.24789202e-01 5.75856805e-01
    8.06071043e-01 5.08094788e-01 8.04592192e-01 9.68830109e-01
    6.30007625e-01 6.72627985e-01 5.51005602e-01 5.22363305e-01
    4.80089903e-01 5.78823626e-01 5.31935275e-01 5.72282016e-01
    5.40826559e-01 9.84444857e-01 4.82173026e-01 1.18632555e-01
    6.20338142e-01 5.76097548e-01 1.13684267e-01 5.85424185e-01
    7.63539016e-01 8.98934841e-01 5.15512109e-01 8.98936987e-01
    4.29033816e-01 3.37341458e-01 3.95409703e-01 9.43145096e-01
    9.50055003e-01 4.12440062e-01 8.45913053e-01 4.04660702e-02
    3.43949169e-01 5.00482976e-01 4.18502688e-01 1.79684639e-01
    7.87049174e-01 7.82290578e-01 8.50389719e-01 1.42843276e-01
    9.32756424e-01 7.41355479e-01 6.31463051e-01 2.52783537e-01
    1.57602787e-01 4.65749800e-01 9.93946075e-01 2.70673990e-01
    1.49052441e-01 3.03097337e-01 8.11243892e-01 4.35950309e-01
    4.20086801e-01 7.14959741e-01 5.33343136e-01 6.16785347e-01
    1.45120144e-01 2.42877364e-01 9.92891073e-01 8.72612238e-01
    4.57701772e-01 8.93322825e-01 5.48720419e-01 3.25720251e-01
    2.07470804e-01 1.52153879e-01 8.41397583e-01 8.58844876e-01
    2.28243530e-01 1.34099185e-01 6.74903870e-01 1.89508706e-01
    4.11347061e-01 7.72794485e-01 6.54256701e-01 6.76821411e-01
    6.65825963e-01 6.49124920e-01 7.74589717e-01 4.35572952e-01
    9.49583650e-01 5.23716331e-01 7.09973693e-01 7.39606917e-01
    5.55008233e-01 6.55080080e-02 9.91593778e-01 4.55390871e-01
    8.48019958e-01 4.85697091e-01 6.84518576e-01 1.01492763e-01
    6.64302528e-01 5.88174939e-01 5.99114358e-01 8.14538598e-01
    8.78199577e-01 6.55818582e-01 8.99104536e-01 9.76995409e-01
    1.29311800e-01 7.12204933e-01 5.34560144e-01 7.60074675e-01
    3.89602780e-02 3.78507912e-01 6.83805048e-02 3.11458498e-01
    2.57115781e-01 1.26036108e-01 2.36585855e-01 7.65646875e-01
    1.47655308e-02 3.31112564e-01 5.91805339e-01 1.87981695e-01
    3.93378735e-01 1.19338691e-01 1.22246504e-01 5.21320701e-02
    5.07858574e-01 5.41790783e-01 5.81595182e-01 4.00384098e-01
    1.81598455e-01 1.75899923e-01 7.17225492e-01 1.97294742e-01
    2.91079104e-01 4.68656361e-01 2.39098489e-01 3.71100605e-01
    4.93741333e-01 1.12077624e-01 3.98182571e-02 1.12466842e-01
    6.72717631e-01 6.30038857e-01 6.92514777e-02 1.06899559e-01
    4.40621942e-01 6.94796324e-01 8.00756097e-01 7.49165237e-01
    7.05228388e-01 6.84881866e-01 1.92764014e-01 9.41622972e-01
    6.35242343e-01 3.60683888e-01 8.08979213e-01 8.62902582e-01
    9.74125803e-01 3.09866786e-01 9.66610193e-01 4.54048514e-02
    3.04637253e-01 8.00354540e-01 1.08089447e-01 5.40430903e-01
    1.17579818e-01 8.22396874e-02 6.41007304e-01 9.43557143e-01
    9.75533843e-01 3.19935739e-01 2.29844749e-02 5.16419291e-01
    6.83939219e-01 1.73371732e-02 7.86316693e-02 9.53615606e-02
    9.22045350e-01 2.22285151e-01 9.70599055e-01 2.10971653e-01
    4.28561151e-01 3.12238455e-01 7.60969400e-01 9.84243870e-01
    7.44091988e-01 6.50014758e-01 9.21066344e-01 2.43584633e-01
    4.32191670e-01 5.69344342e-01 4.71601456e-01 7.03937173e-01
    2.45845735e-01 1.77262574e-01 7.96808720e-01 5.16903520e-01
    4.62935388e-01 4.15598512e-01 7.79672861e-01 2.38697231e-02
    9.96847510e-01 9.72036839e-01 6.88404083e-01 9.62450027e-01
    7.29678154e-01 6.54129386e-01 6.04731679e-01 6.13967180e-02
    1.50820434e-01 7.09410071e-01 2.07807899e-01 1.87221348e-01
    5.08156657e-01 6.45068347e-01 3.00560594e-02 9.36503530e-01
    5.34836054e-01 3.81228119e-01 8.61809731e-01 6.32093072e-01
    2.51922309e-01 9.10405278e-01 5.29208779e-03 3.00264448e-01
    8.65730882e-01 2.16665298e-01 7.22681880e-01 6.19115472e-01
    2.22212583e-01 7.02321172e-01 3.63461167e-01 5.42900443e-01
    2.82251090e-01 8.20945859e-01 6.66143060e-01 4.42316860e-01
    1.33257806e-01 6.90792143e-01 7.40194082e-01 6.00745142e-01
    2.83082247e-01 4.52407807e-01 2.96210647e-02 6.04093075e-02
    5.24990499e-01 7.94488192e-02 9.46228623e-01 8.97189379e-01
    4.01541978e-01 4.01142657e-01 4.55095381e-01 1.35887444e-01
    9.02474403e-01 3.12777787e-01 9.93623137e-02 4.01108027e-01
    5.45843542e-01 9.49785590e-01 1.54215157e-01 6.33188307e-01
    6.12508178e-01 5.67818701e-01 4.95501667e-01 4.26627934e-01
    3.15773278e-01 3.64621550e-01 8.72976780e-02 9.36149716e-01
    6.88137352e-01 7.44515657e-02 4.79444802e-01 6.51041329e-01
    1.92377180e-01 4.96999264e-01 8.97739649e-01 5.23189127e-01
    6.51668251e-01 6.36682749e-01 2.17933089e-01 5.12442172e-01
    2.24312246e-01 6.13624275e-01 9.99610722e-01 8.95157933e-01
    6.08462214e-01 5.49501538e-01 3.98427993e-01 2.21749991e-01
    1.90235645e-01 4.89538103e-01 2.35187709e-02 9.08974349e-01
    9.27062333e-01 3.81513804e-01 5.58519244e-01 3.44368339e-01
    1.63641423e-01 3.90078694e-01 4.75730985e-01 9.80337560e-02
    9.31626797e-01 1.76093459e-01 4.48148757e-01 8.85137916e-03
    3.10015678e-01 9.42116618e-01 4.70499456e-01 5.55450261e-01
    3.77425313e-01 3.79459262e-01 6.59719706e-01 9.16904867e-01
    5.46176732e-01 7.72367418e-01 6.03904545e-01 1.65945679e-01
    3.47900450e-01 6.97829962e-01 6.08052909e-02 9.54860151e-01
    8.45504880e-01 6.96442366e-01 9.96900618e-01 8.12968731e-01
    1.76534057e-03 2.42908716e-01 3.90911102e-03 2.06413478e-01
    6.66441679e-01 6.79049730e-01 9.96961355e-01 7.32770562e-02
    2.37865955e-01 9.79250073e-01 3.37656677e-01 2.36413449e-01
    9.85473931e-01 3.61935675e-01 1.63736105e-01 6.68372869e-01
    6.95191026e-02 3.15665543e-01 9.25256848e-01 9.71542478e-01
    1.61749691e-01 2.99196720e-01 1.23265654e-01 1.71934783e-01
    4.12517011e-01 8.08597684e-01 8.72646451e-01 4.08246815e-01
    9.68115926e-01 7.68952966e-02 7.92145133e-01 3.69707346e-01
    7.95880258e-02 4.69386965e-01 2.33581454e-01 4.46478158e-01
    3.44688654e-01 1.07372671e-01 7.38358498e-01 3.20463479e-02
    9.57811177e-01 1.95069134e-01 1.69593543e-01 8.95525038e-01
    3.22049171e-01 3.37920696e-01 6.98422790e-01 6.04315221e-01
    8.48191321e-01 5.53619206e-01 3.80352437e-01 5.87343514e-01
    8.90815854e-02 2.06351906e-01 5.17527282e-01 2.88309693e-01
    4.30111796e-01 7.44255662e-01 6.68510795e-02 5.50664663e-01
    3.93597901e-01 3.39793950e-01 5.57246983e-01 9.32978988e-01
    3.02470267e-01 4.63023275e-01 2.66329348e-02 8.33708167e-01
    5.99861681e-01 4.03238744e-01 2.00201660e-01 2.54170179e-01
    6.88891172e-01 5.38017154e-01 5.15330374e-01 1.74108773e-01
    4.79999363e-01 3.72769594e-01 3.68246496e-01 2.47266978e-01
    1.97672546e-02 2.37932205e-02 3.56886983e-02 9.41443563e-01
    1.62360549e-01 1.83951467e-01 7.66129136e-01 5.78436434e-01
    9.42392945e-02 9.80929375e-01 3.14215779e-01 4.36013043e-02
    2.32306123e-03 6.09053373e-01 8.53717744e-01 6.03125989e-01
    9.06965494e-01 1.21157289e-01 2.96070814e-01 8.10856044e-01
    9.91076589e-01 8.64629388e-01 5.99416494e-02 4.13500547e-01
    4.30878341e-01 6.71843886e-01 9.34215426e-01 9.79955614e-01
    6.40358090e-01 6.88816786e-01 8.38770270e-02 1.76579118e-01
    5.06347477e-01 5.09276390e-02 7.36752748e-01 1.96026415e-01
    5.52219331e-01 8.60427260e-01 3.34849179e-01 5.82150996e-01
    5.09694993e-01 8.88569236e-01 5.52654743e-01 6.77280843e-01
    5.59286237e-01 8.09879839e-01 1.55217707e-01 4.85595316e-01
    4.09581184e-01 6.03364289e-01 9.73635077e-01 9.78739977e-01
    4.72471118e-01 2.97337115e-01 2.73435771e-01 8.25686812e-01
    7.61591375e-01 3.62432361e-01 2.55011916e-02 3.67819011e-01
    1.46259606e-01 9.52116728e-01 3.22409749e-01 1.27627432e-01
    7.98727036e-01 1.77026391e-01 2.87781596e-01 6.20746493e-01
    5.03703058e-01 6.61003351e-01 4.90891635e-01 8.82958055e-01
    4.84759480e-01 1.94440991e-01 7.49890327e-01 8.40014815e-01
    7.34059274e-01 3.96647215e-01 7.25417137e-02 6.79382682e-01
    7.81978369e-01 8.83354962e-01 7.20582724e-01 6.91961944e-01
    8.06802630e-01 6.02907479e-01 9.87579823e-01 6.94305480e-01
    6.70318961e-01 9.77682829e-01 8.65968645e-01 9.07565117e-01
    3.73516142e-01 5.51208675e-01 8.54715466e-01 4.46152657e-01
    6.84776545e-01 5.88294566e-02 2.36592591e-01 2.86160290e-01
    8.21425736e-01 4.33289707e-02 2.48316258e-01 9.97423172e-01
    7.69761443e-01 1.70981824e-01 6.65682435e-01 9.28516388e-01
    7.37270415e-02 5.86984754e-01 1.87277794e-03 8.76809955e-01
    4.45840299e-01 7.07749844e-01 9.75040019e-01 4.09575999e-01
    3.55326235e-01 5.42894006e-03 2.93279886e-01 3.86115551e-01
    9.20612991e-01 3.71861458e-01 2.57305503e-01 5.85097969e-01
    5.19236684e-01 1.73988461e-01 3.29769671e-01 9.62720871e-01
    1.97378099e-01 4.39956278e-01 2.58395463e-01 4.77340966e-01
    6.93632901e-01 7.47519374e-01 9.97554719e-01 6.54770672e-01
    7.84425914e-01 2.03651756e-01 3.19446921e-01 7.57665813e-01
    3.03619862e-01 8.95925164e-02 2.19961196e-01 9.87830281e-01
    9.11105514e-01 4.90540951e-01 4.31848526e-01 5.59679329e-01
    8.59074652e-01 3.79349172e-01 7.71463692e-01 9.51468468e-01
    9.46118295e-01 7.31508672e-01 2.91321278e-01 4.29629385e-01
    7.56382346e-01 8.88150215e-01 5.82492352e-03 1.36286825e-01
    5.74167669e-01 9.94192719e-01 4.77962613e-01 7.42577195e-01
    7.08819628e-01 9.75899160e-01 8.10551286e-01 8.62112343e-01
    3.50807905e-01 1.43477499e-01 3.01593184e-01 9.75011587e-02
    2.58972228e-01 4.57437128e-01 3.86457652e-01 7.53592670e-01
    8.24989676e-01 3.27032804e-01 8.61199081e-01 7.74476528e-01
    8.05459023e-01 3.54140610e-01 4.27016348e-01 4.53524888e-01
    6.87284768e-01 7.73489714e-01 7.76797533e-02 6.95098102e-01
    2.88734972e-01 4.76386279e-01 1.07523590e-01 9.22973394e-01
    8.72035921e-01 6.64884031e-01 4.24343526e-01 8.91888618e-01
    9.23564315e-01 1.82109475e-02 9.85153317e-01 5.55105269e-01
    2.54425138e-01 9.50642705e-01 4.00084496e-01 8.32644403e-01
    8.35041821e-01 4.51734424e-01 4.28789437e-01 7.23987997e-01
    3.18558693e-01 2.08773196e-01 2.55157709e-01 6.23274028e-01
    4.65488732e-01 5.48913777e-02 6.13752663e-01 6.62277877e-01
    4.05809611e-01 5.94066858e-01 6.77398980e-01 6.26368046e-01
    6.18099511e-01 9.74044442e-01 6.96686268e-01 7.39685655e-01
    2.03656524e-01 6.89446867e-01 4.57894295e-01 5.57858348e-02
    1.36895508e-01 8.61702144e-01 4.37244982e-01 6.97154939e-01
    5.62953532e-01 2.21908718e-01 1.77381366e-01 9.14512157e-01
    3.17535162e-01 9.76626277e-01 6.35662317e-01 3.85951459e-01
    2.07822323e-02 5.00112116e-01 3.55608702e-01 8.86834323e-01
    6.66308880e-01 5.86823881e-01 8.35796177e-01 4.78518516e-01
    8.78029943e-01 1.30097330e-01 7.11237073e-01 1.69479311e-01
    4.41767573e-02 3.33164811e-01 2.38023132e-01 4.38108593e-01
    5.49869001e-01 8.71267021e-01 9.54748988e-01 6.63793564e-01
    1.77351654e-01 9.74508882e-01 5.49955368e-01 6.83155775e-01
    6.48642302e-01 2.07196653e-01 7.57669032e-01 2.63944745e-01
    5.67229390e-02 5.53170621e-01 7.73147464e-01 8.31842959e-01
    6.57502174e-01 3.78045440e-02 9.75817502e-01 4.57195908e-01
    1.77714258e-01 9.26229656e-01 8.43000531e-01 5.11735797e-01
    8.84616852e-01 7.16577768e-01 8.28271747e-01 5.95363677e-01
    7.55670071e-02 6.24832511e-03 7.86228955e-01 5.03195882e-01
    7.46199191e-02 5.99765241e-01 4.09669280e-02 3.34774137e-01
    5.09766996e-01 6.63966537e-01 6.90468788e-01 7.26680577e-01
    5.76227188e-01 7.87890553e-01 4.48039740e-01 7.33974099e-01
    2.19328403e-01 8.56012762e-01 5.82193255e-01 5.62990367e-01
    6.75387740e-01 1.16769075e-01 4.94332016e-02 1.62326515e-01
    4.80940402e-01 6.99963868e-01 4.81894821e-01 7.52910614e-01
    3.32314372e-01 6.44731104e-01 4.88016754e-01 4.73963290e-01
    6.99979305e-01 3.62552881e-01 3.82737637e-01 6.28297448e-01
    9.70001817e-01 7.26730287e-01 5.92767119e-01 3.51315618e-01
    8.87870908e-01 3.36821079e-01 9.73113060e-01 8.31245661e-01
    7.21174002e-01 2.43417174e-01 7.14667022e-01 2.80515015e-01
    5.46090901e-01 4.19729888e-01 9.20297384e-01 1.25518143e-01
    8.89700592e-01 9.98253822e-01 1.65945292e-01 6.36350751e-01
    1.35687053e-01 4.77595001e-01 1.40887052e-01 8.42482924e-01
    3.05719197e-01 6.83578849e-02 6.37515068e-01 6.32661402e-01
    4.65251088e-01 4.69985902e-01 6.66735888e-01 5.98613799e-01
    9.88071442e-01 5.48236907e-01 8.83765221e-02 9.77407455e-01
    9.75700378e-01 7.34405994e-01 2.70938993e-01 4.76506382e-01
    2.87486285e-01 4.87466753e-01 5.33072650e-01 9.80831504e-01
    9.90708888e-01 5.20799398e-01 5.75811505e-01 5.17329156e-01
    9.62051451e-02 9.28846002e-02 2.22179055e-01 4.31711376e-01
    2.55585611e-01 6.68058276e-01 5.09551823e-01 4.03781831e-02
    5.59522152e-01 3.10236812e-02 2.00023472e-01 4.22418416e-02
    1.83741957e-01 2.89912581e-01 1.23143643e-01 6.79627419e-01
    3.94579470e-02 8.59858513e-01 3.72057408e-01 8.94885719e-01
    3.73736262e-01 2.44209945e-01 4.12794054e-02 3.93467546e-01
    5.14802217e-01 7.67408133e-01 7.36090422e-01 4.16916668e-01
    8.87612581e-01 9.47401464e-01 7.77523041e-01 6.24827623e-01
    2.79335260e-01 6.76445842e-01 8.11591387e-01 8.49753022e-01
    7.07914472e-01 7.07883120e-01 2.35940069e-01 6.24920905e-01
    1.92688107e-01 4.30780649e-02 4.35026228e-01 6.89327955e-01
    7.97859192e-01 4.11712915e-01 1.01439178e-01 4.51559424e-02
    1.37532949e-02 1.65626943e-01 8.89760852e-01 8.98845494e-02
    8.68986130e-01 7.70110190e-02 3.90108407e-01 6.72053516e-01
    4.15179133e-01 8.31245005e-01 3.99254799e-01 1.47249609e-01
    8.49163353e-01 1.14084274e-01 6.16661489e-01 1.82483822e-01
    3.70360792e-01 1.65333271e-01 6.80245101e-01 5.89346528e-01
    7.48432934e-01 1.54397130e-01 6.49775684e-01 8.10030043e-01
    9.65887070e-01 8.31905961e-01 6.23419940e-01 6.45585418e-01
    8.73983622e-01 6.24969959e-01 2.91476101e-01 8.42274487e-01
    7.27927446e-01 4.65242624e-01 5.24260819e-01 2.14852393e-02
    7.38461375e-01 3.16267073e-01 2.23566949e-01 6.83164597e-03
    4.19911981e-01 7.34702647e-02 1.97605073e-01 9.32844281e-02
    9.19507146e-01 3.63141418e-01 5.07058203e-02 2.89419174e-01
    1.06911093e-01 4.43884283e-01 9.48936701e-01 4.84386444e-01
    6.22073114e-01 3.04267406e-02 4.64657784e-01 8.02864075e-01
    5.41219294e-01 7.48495758e-02 5.15803099e-02 1.09512210e-01
    6.30066514e-01 1.06974363e-01 9.38662529e-01 4.78308380e-01
    1.07038558e-01 7.37265050e-01 3.28948736e-01 6.09802306e-01
    1.74102545e-01 5.74424624e-01 1.55715734e-01 3.33212495e-01
    8.26504946e-01 4.15040702e-01 3.44447911e-01 2.44026899e-01
    2.24350631e-01 1.74329072e-01 9.83060598e-01 9.61687326e-01
    2.43223906e-02 7.00114071e-01 4.85472560e-01 2.70097375e-01
    5.29891551e-02 2.36253530e-01 6.57180011e-01 2.17310339e-01
    9.80259180e-01 3.62652540e-01 4.37096059e-02 4.02426243e-01
    8.57086420e-01 1.39211327e-01 9.85233605e-01 7.65353441e-02
    7.02047050e-01 6.98267817e-01 8.80339146e-01 6.05223954e-01
    9.50015187e-01 1.37384832e-02 9.99110758e-01 7.36092865e-01
    9.48985219e-02 9.46646929e-03 2.79660791e-01 8.27148557e-01
    4.82053041e-01 8.40130687e-01 3.66148621e-01 8.39997172e-01
    7.43100226e-01 4.30743217e-01 4.29409564e-01 2.59592831e-02
    9.75440621e-01 7.21048474e-01 2.89912522e-01 2.45160043e-01
    1.78166717e-01 7.92690814e-02 8.64280283e-01 7.71094799e-01
    5.67280650e-01 5.19924045e-01 7.51831353e-01 6.51623309e-01
    4.04515445e-01 5.20137072e-01 3.51111770e-01 8.28094900e-01
    4.44948643e-01 9.03066993e-03 9.81519520e-01 7.95301199e-01
    2.07437277e-02 2.46417522e-01 3.95522267e-01 3.06207061e-01
    6.82652891e-02 3.16783935e-01 5.27380705e-01 9.00872707e-01
    3.23642105e-01 8.59040082e-01 9.93153572e-01 5.54318488e-01
    3.88765931e-01 5.67844868e-01 5.53155959e-01 2.07891166e-01
    1.73801184e-03 4.64391798e-01 4.12587911e-01 7.70387292e-01
    6.10086977e-01 4.36704487e-01 8.97445440e-01 1.61469102e-01
    3.25473070e-01 6.19139910e-01 3.84015620e-01 8.34423721e-01
    3.53860080e-01 4.96006995e-01 2.94924021e-01 8.29510450e-01
    3.09901088e-01 1.12388372e-01 5.97954512e-01 8.11108112e-01
    9.80593383e-01 9.83629465e-01 7.79956579e-03 1.46710277e-02
    8.04423988e-02 4.46768939e-01 7.13055372e-01 1.26306415e-01
    5.37624955e-01 2.13629574e-01 7.88062036e-01 7.61409521e-01
    2.45920867e-01 7.33398497e-01 2.38621891e-01 9.58877325e-01
    1.51333481e-01 3.55601847e-01 5.56567788e-01 7.31981039e-01
    2.74440527e-01 9.73337054e-01 6.94176078e-01 7.58431852e-02
    6.83174849e-01 9.39955533e-01 9.38582420e-01 5.37276328e-01
    7.93482482e-01 1.47743613e-01 6.54625237e-01 4.99400616e-01
    3.40058863e-01 4.13998604e-01 1.73466951e-01 9.89763796e-01
    1.69785947e-01 3.58276188e-01 5.69660842e-01 8.47180486e-01
    6.59270406e-01 9.26230729e-01 2.83006340e-01 6.56427562e-01
    9.21513617e-01 1.26055330e-01 5.22821546e-01 7.74115920e-01
    4.62608397e-01 7.88034320e-01 8.92815113e-01 4.64998484e-02
    1.07044965e-01 6.61518157e-01 4.28075850e-01 7.82460690e-01
    2.27927268e-02 9.95134592e-01 8.74952972e-02 5.43067813e-01
    5.36324382e-01 2.10519344e-01 4.20545280e-01 7.38641024e-01
    4.07901734e-01 2.99601972e-01 7.34608769e-01 6.09292686e-02
    4.34149563e-01 6.89866066e-01 4.49192256e-01 6.91269517e-01
    6.90108180e-01 8.97864461e-01 2.88769007e-01 2.58330405e-02
    9.27216053e-01 7.38269806e-01 7.88556218e-01 7.08694756e-01
    8.32504153e-01 9.76734281e-01 9.15698647e-01 4.07005250e-01
    6.46406710e-02 3.39215100e-01 7.61966407e-02 1.53223395e-01
    8.57407093e-01 1.62799656e-02 3.25479835e-01 8.84339094e-01
    2.41242290e-01 9.86333489e-01 5.06469190e-01 9.60976601e-01
    3.95763457e-01 9.63573515e-01 6.60462976e-02 4.49673891e-01
    4.64593530e-01 1.38512135e-01 1.35136515e-01 4.45804238e-01
    2.19150275e-01 7.59206414e-01 6.91198707e-01 6.24054968e-01
    9.44687128e-01 7.14254379e-01 9.68669951e-02 4.48463976e-01
    5.43637335e-01 8.99220586e-01 6.21969700e-01 3.87847304e-01
    6.69511437e-01 6.71900511e-02 1.21766150e-01 9.77767229e-01
    6.91334307e-02 7.30019391e-01 5.71229875e-01 5.56475341e-01
    3.28400195e-01 9.36627626e-01 9.17065024e-01 6.15103602e-01
    3.72716546e-01 2.82253504e-01 6.23351216e-01 6.83281898e-01
    3.22820187e-01 8.74062896e-01 4.46222872e-01 2.30774283e-01
    7.93898702e-01 9.66182590e-01 7.70789087e-01 3.38835567e-01
    4.10887480e-01 9.43207979e-01 9.74320412e-01 8.78286362e-02
    7.67796874e-01 5.89301944e-01 9.28982258e-01 1.08690858e-02
    2.72972345e-01 8.46580148e-01 4.54480052e-02 5.16806662e-01
    9.54970181e-01 3.36181998e-01 3.71150583e-01 4.46243554e-01
    7.52863169e-01 9.01361704e-01 5.34720004e-01 1.72104329e-01
    1.23837620e-01 4.61626172e-01 4.20968950e-01 6.88369274e-01
    9.66436267e-02 4.63186443e-01 5.56121469e-01 4.95104611e-01
    9.04622257e-01 3.79953325e-01 4.50056285e-01 2.79322803e-01
    9.39225912e-01 8.91351700e-03 7.01083660e-01 1.42055035e-01
    6.40260339e-01 4.68363643e-01 4.98200476e-01 4.53082979e-01
    7.70831764e-01 6.71999156e-02 1.07123911e-01 8.77967000e-01
    3.05671394e-02 9.77250934e-01 8.93368542e-01 2.42097378e-01
    1.35934144e-01 6.62131250e-01 7.46734738e-01 4.07723218e-01
    9.26347971e-02 5.68252325e-01 7.32344985e-02 3.35689366e-01
    7.56907403e-01 5.52186430e-01 4.53836799e-01 1.60723120e-01
    3.88352633e-01 7.48243034e-01 8.87320340e-02 9.51279759e-01
    6.43290877e-01 5.43219328e-01 7.85266042e-01 3.29738885e-01
    2.72510290e-01 2.05952883e-01 8.01127315e-01 2.12783277e-01
    8.78714681e-01 6.32809162e-01 5.89513779e-02 7.24058509e-01
    7.24513531e-01 8.89286757e-01 6.54892325e-02 2.01057404e-01
    9.12946880e-01 8.06653202e-02 1.18153602e-01 4.48534012e-01
    1.66335970e-01 6.06069624e-01 6.38951778e-01 4.82756257e-01
    4.15831327e-01 9.11605000e-01 2.60492146e-01 5.99487364e-01
    1.59403294e-01 3.59252691e-01 9.85202193e-03 8.34286809e-01
    5.14965057e-01 2.26350993e-01 9.72217679e-01 2.66891718e-01
    8.37375402e-01 4.27563548e-01 9.09439445e-01 5.04224956e-01
    8.20627153e-01 8.44789028e-01 7.10167408e-01 1.58769488e-01
    9.83800232e-01 4.78627533e-01 9.81883526e-01 6.13796711e-01
    6.63067043e-01 3.94112051e-01 9.26504910e-01 7.35509157e-01
    4.40369487e-01 5.73535621e-01 3.23279977e-01 1.55742526e-01
    9.03580785e-01 4.49741185e-02 6.83298409e-01 1.34193599e-02
    4.88776863e-01 7.75875509e-01 7.67160356e-01 7.84258246e-01
    9.80229259e-01 7.02915728e-01 8.67212057e-01 9.30321336e-01
    9.41914737e-01 5.26852012e-01 4.01101202e-01 7.91983664e-01
    7.43238032e-02 6.57204628e-01 4.79223728e-02 9.45478916e-01
    5.53922296e-01 4.83377784e-01 9.31333542e-01 6.21251762e-02
    7.51319170e-01 8.07419538e-01 6.82040989e-01 1.54607207e-01
    8.13519955e-01 1.22547418e-01 9.39992189e-01 6.39700294e-01
    8.66338253e-01 3.11991334e-01 7.15450644e-02 7.29765415e-01
    2.25979716e-01 6.98432922e-01 2.86448300e-01 7.24088192e-01
    8.01491559e-01 2.52467543e-01 9.96640027e-02 6.86676562e-01
    7.80425131e-01 9.18679535e-01 6.61368370e-02 6.68161333e-01
    8.31842005e-01 9.59412873e-01 6.40910506e-01 1.34736598e-02
    4.54116762e-02 8.52931976e-01 3.66812170e-01 1.34335577e-01
    7.48670876e-01 6.94609106e-01 7.97572434e-01 5.80346942e-01
    2.93342769e-02 7.42998838e-01 1.65754050e-01 9.77906585e-01
    8.60786200e-01 7.29228497e-01 5.97403646e-01 9.25043583e-01
    2.84564853e-01 7.23096728e-01 1.08375192e-01 5.75904548e-01
    1.45557523e-01 2.19324589e-01 6.80959582e-01 4.71614003e-02
    5.53649127e-01 5.33547699e-02 3.22084486e-01 5.61642528e-01
    2.70822585e-01 1.30152076e-01 4.88349169e-01 7.75011599e-01
    9.31319594e-03 2.81569719e-01 1.73411310e-01 7.81339288e-01
    2.91717947e-02 3.00545335e-01 4.26466018e-01 1.43101037e-01
    1.81369781e-02 1.62541211e-01 5.67945898e-01 8.41167212e-01
    8.77846360e-01 1.02066219e-01 5.13397157e-01 7.52193809e-01
    5.77362597e-01 5.31815708e-01 9.35200810e-01 2.79083431e-01
    8.74717355e-01 2.59088695e-01 9.38147306e-04 4.44749087e-01
    9.82565641e-01 5.69860280e-01 3.02976966e-02 5.30971110e-01
    9.36519563e-01 7.47449040e-01 5.18142700e-01 9.27020609e-02
    8.53934288e-01 6.51253283e-01 8.59760284e-01 1.53936177e-01
    4.80098963e-01 1.61671937e-01 3.37432504e-01 1.09799892e-01
    6.48155212e-02 5.52259982e-01 2.05432624e-01 4.28499162e-01
    1.03497207e-02 9.17043447e-01 3.53752017e-01 2.13411391e-01
    3.84634733e-02 7.88460970e-01 3.59348059e-01 4.24412429e-01
    7.18796551e-02 4.04530466e-01 2.35273480e-01 2.69562691e-01
    2.77009308e-01 7.39848971e-01 7.18820572e-01 1.75213993e-01
    7.41666317e-01 8.79539728e-01 6.73311055e-01 1.02295339e-01
    1.69111282e-01 1.30283713e-01 6.18294239e-01 8.32931697e-02
    4.21200991e-01 5.49118817e-01 4.94760305e-01 6.98593020e-01
    4.01381165e-01 2.92828441e-01 2.00755298e-01 5.67822456e-02
    8.89118910e-01 4.90829974e-01 1.98422611e-01 7.23481476e-02
    9.05508578e-01 2.79805064e-01 5.70302486e-01 6.03943408e-01
    1.35892630e-01 7.08242476e-01 1.01244479e-01 7.61740804e-02
    1.72361076e-01 8.61555338e-02 1.13734841e-01 6.26424074e-01
    1.86964869e-03 9.46744800e-01 3.27235788e-01 9.55717087e-01
    8.58564377e-01 1.92819536e-02 2.54218638e-01 5.45078218e-01
    8.31456184e-01 3.52168083e-02 8.61425936e-01 9.96462107e-01
    2.84657955e-01 5.21694660e-01 9.22408342e-01 2.45788038e-01
    1.32805347e-01 1.71843290e-01 5.60792148e-01 6.34591579e-01
    9.39391553e-02 1.90961897e-01 3.37593555e-02 5.91047525e-01
    3.17901075e-02 2.40748346e-01 3.50099385e-01 6.23423040e-01
    2.35447586e-02 8.74106765e-01 3.63650471e-01 2.23987609e-01
    1.00869715e-01 3.97350550e-01 6.82320178e-01 6.30133927e-01
    3.69874269e-01 5.54173768e-01 9.33949828e-01 2.61567533e-01
    2.41730124e-01 9.66500163e-01 8.43337595e-01 1.49211138e-01
    3.18621039e-01 1.34060621e-01 9.25524950e-01 1.86124980e-01
    1.52735770e-01 9.64666009e-02 8.59851837e-01 5.43501675e-01
    7.22303867e-01 5.32507062e-01 6.25135422e-01 3.10390830e-01
    5.73722005e-01 3.09223980e-01 7.39487410e-01 7.78237283e-02
    9.33617949e-01 8.95600080e-01 9.77282524e-01 5.92766166e-01
    8.39237809e-01 1.43143296e-01 6.35883570e-01 2.32433319e-01
    6.63030148e-01 2.74302125e-01 5.14836490e-01 9.93756354e-01
    3.73363644e-01 4.69258964e-01 4.85303611e-01 2.69854367e-01
    8.12311888e-01 2.65382051e-01 6.13602817e-01 9.90493894e-01
    7.49414802e-01 6.67912662e-02 2.35498041e-01 3.07900846e-01
    6.49168611e-01 7.37575710e-01 9.14164186e-01 4.65439618e-01
    7.05492377e-01 7.82269597e-01 9.48801041e-01 4.11696315e-01
    5.63039899e-01 6.65460646e-01 5.81319928e-02 2.02128619e-01
    1.05194479e-01 9.73485947e-01 9.88698661e-01 6.24681711e-02
    8.93322885e-01 2.34702945e-01 3.96271825e-01 1.73566043e-01
    9.19325829e-01 2.30691761e-01 8.08734596e-02 6.08576238e-01
    6.38152242e-01 2.53294110e-02 1.58808053e-01 5.48393488e-01
    1.66430712e-01 2.87364125e-02 7.71622479e-01 4.14135516e-01
    2.49720514e-01 2.30827928e-01 6.60463929e-01 3.08484316e-01
    8.94558430e-01 4.98568237e-01 1.63717866e-01 6.68351173e-01
    2.44121641e-01 1.98055089e-01 4.05053079e-01 2.28570998e-02
    7.40359306e-01 6.74725473e-01 2.11221129e-01 9.16192412e-01
    4.59484458e-01 4.30049449e-01 4.28923965e-01 2.73487508e-01
    3.62263322e-01 8.32358241e-01 8.08668017e-01 3.36817205e-02
    8.65608335e-01 8.86351943e-01 1.45130485e-01 1.02352321e-01
    4.58121538e-01 5.64445257e-02 9.96973515e-01 9.82942641e-01
    8.49737823e-02 1.84535027e-01 4.44215834e-01 1.13519043e-01
    4.59963530e-01 2.01225728e-01 7.14264393e-01 8.23475718e-01
    3.68356466e-01 6.33946896e-01 1.49134636e-01 6.77322924e-01
    7.36165285e-01 3.50344121e-01 3.74148607e-01 5.59805274e-01
    1.74112320e-01 2.26007968e-01 1.28680736e-01 1.63552284e-01
    3.43273342e-01 7.88875103e-01 8.88973475e-03 9.43268955e-01
    4.31470394e-01 9.48526263e-01 1.03095770e-02 6.29095197e-01
    3.72022331e-01 6.20473742e-01 3.32420200e-01 5.91828465e-01
    6.50981605e-01 8.97685647e-01 4.94490862e-01 4.36862469e-01
    3.05242866e-01 9.99163568e-01 4.89621550e-01 9.38759565e-01
    4.36113238e-01 9.15670633e-01 5.64312339e-01 9.34142470e-01
    3.18002343e-01 2.70480752e-01 4.85732764e-01 8.62467051e-01
    1.68250233e-01 7.55450189e-01 3.68232012e-01 8.42024982e-01
    3.28638464e-01 8.02402735e-01 2.80659467e-01 5.30099869e-03
    8.88896108e-01 5.65776110e-01 1.08899772e-02 4.63375539e-01
    1.20850950e-01 6.63583994e-01 4.84146148e-01 1.26608372e-01
    5.61942935e-01 5.25770783e-01 5.32550514e-02 2.09913552e-02
    2.31957346e-01 6.35604560e-01 5.19970059e-01 9.39505100e-01
    8.38325620e-02 1.31665915e-01 1.58981293e-01 1.31838620e-02
    8.12243879e-01 1.95054233e-01 6.40664697e-01 7.89327085e-01
    3.13031912e-01 9.24624205e-01 6.10654294e-01 3.79851282e-01
    4.44313854e-01 8.55352283e-01 2.64985263e-02 5.62797546e-01
    7.18864202e-02 6.43224180e-01 6.80397034e-01 2.30778426e-01
    4.64941561e-02 3.63872588e-01 8.78413677e-01 7.94863939e-01
    9.70520973e-02 9.47711706e-01 4.90588218e-01 8.50370646e-01
    5.63816309e-01 8.73657644e-01 9.09592390e-01 6.21592641e-01
    1.70020252e-01 7.32056081e-01 9.97644663e-01 5.47546983e-01
    9.77324605e-01 4.60038960e-01 4.71802384e-01 3.66466820e-01
    5.33246517e-01 3.37826014e-01 9.46129203e-01 2.39517421e-01
    5.79860866e-01 7.24589407e-01 3.13971281e-01 9.97653782e-01
    8.14371049e-01 4.92711693e-01 3.48498702e-01 5.87136030e-01
    8.71424437e-01 9.47221518e-01 5.80641925e-02 7.07256794e-03
    2.28772670e-01 3.31027448e-01 2.80005664e-01 2.66498476e-01
    4.70562190e-01 6.54596984e-01 6.59001112e-01 6.35615110e-01
    8.25401187e-01 8.57675433e-01 2.63860971e-01 3.28621209e-01
    3.46794248e-01 2.82467067e-01 9.73784924e-03 9.88656938e-01
    9.85457659e-01 8.93594503e-01 3.82743478e-02 6.45406842e-01
    1.75912172e-01 1.10374540e-01 2.79644787e-01 8.03416967e-02
    8.91271353e-01 8.46524239e-01 2.40150958e-01 8.82781267e-01
    4.52273816e-01 2.07842976e-01 2.59050339e-01 6.58404946e-01
    1.04190648e-01 9.51612592e-01 3.40303212e-01 6.04890585e-02
    8.18881154e-01 2.28697151e-01 7.35870838e-01 4.41939712e-01
    5.44880331e-02 5.01016974e-01 8.88280153e-01 3.52650881e-01
    7.79960275e-01 2.17470884e-01 6.00006402e-01 6.54070854e-01
    7.52865553e-01 6.15421295e-01 3.09349209e-01 4.81814623e-01
    1.91360086e-01 8.98926675e-01 9.75543141e-01 3.21647972e-01
    5.73840976e-01 2.92715549e-01 9.47273374e-01 9.46822703e-01
    2.58044958e-01 3.84767741e-01 3.43106836e-01 4.50377464e-02
    1.55938447e-01 4.21775579e-01 1.07478917e-01 1.97910309e-01
    8.23477805e-02 5.09584665e-01 8.37699473e-02 2.72636950e-01
    7.34309375e-01 5.84909678e-01 1.86708927e-01 7.28084266e-01
    6.55480325e-02 3.65597785e-01 1.51739866e-01 1.91874474e-01
    6.21685028e-01 5.63226640e-01 7.36580491e-01 3.58057380e-01
    1.92411065e-01 5.53019702e-01 5.77971339e-02 8.04794788e-01
    9.58416343e-01 4.80622619e-01 5.16814888e-01 4.56271261e-01
    2.10808873e-01 4.77048010e-01 9.73242283e-01 9.88107920e-01
    8.23663473e-02 8.28091145e-01 8.56438160e-01 5.74098051e-01
    1.59495950e-01 6.30228460e-01 6.54539526e-01 7.89534092e-01
    8.04959953e-01 9.93335068e-01 5.52517712e-01 4.45544094e-01
    4.37877536e-01 2.71844387e-01 3.65163386e-02 5.14055908e-01
    9.77120519e-01 7.51960456e-01 9.53089356e-01 2.10481942e-01
    2.79462934e-02 9.85531688e-01 4.54390705e-01 3.62584293e-01
    2.67474353e-02 2.64319599e-01 4.46722984e-01 9.89271045e-01
    2.09295303e-01 5.58997810e-01 2.86483318e-01 2.40493447e-01
    2.58864403e-01 1.66579247e-01 6.86698914e-01 9.70389247e-01
    6.36931062e-01 8.39983106e-01 2.65411377e-01 3.42283875e-01
    5.50355911e-01 4.92259860e-01 9.27498937e-02 1.76809430e-02
    8.09249878e-01 6.64179206e-01 8.28410268e-01 1.27235949e-01
    9.59421098e-01 4.60905761e-01 2.49661505e-01 2.38781542e-01
    1.55268639e-01 9.65144753e-01 1.00097001e-01 4.06208754e-01
    9.84152377e-01 2.06655890e-01 7.16578364e-01 2.84833133e-01
    9.61282134e-01 6.74437344e-01 4.70761120e-01 7.95818210e-01
    3.74731511e-01 5.03117859e-01 9.22740936e-01 6.23893917e-01
    4.17151123e-01 3.71117294e-02 5.55006802e-01 8.36111248e-01
    6.20626807e-01 5.86387515e-02 9.62296247e-01 5.41101277e-01
    5.44990301e-01 5.86159050e-01 6.91432118e-01 2.03101397e-01
    2.71642148e-01 4.42269534e-01 3.34057093e-01 7.26649404e-01
    4.92952466e-01 1.01202726e-02 8.86128902e-01 9.27843928e-01
    9.91969764e-01 3.35153401e-01 1.60044432e-03 2.05718815e-01
    9.81071889e-01 7.76232898e-01 3.69784802e-01 8.28146875e-01
    1.05253458e-02 2.07067877e-01 7.94670343e-01 7.30246603e-02
    8.01401854e-01 6.40531719e-01 7.28370965e-01 7.56056726e-01
    1.75465018e-01 8.15651417e-02 5.21454751e-01 9.61391628e-01
    2.68355906e-01 4.52847004e-01 9.77726340e-01 5.02230823e-01
    7.41885185e-01 7.08256364e-01 1.99814081e-01 4.09145832e-01
    6.37199879e-01 8.07761550e-01 4.15514827e-01 4.13447261e-01
    6.90724790e-01 2.80855924e-01 9.72690642e-01 2.14563102e-01
    1.06748760e-01 9.88886952e-01 8.57636929e-01 1.03522986e-01
    8.08426619e-01 5.84698915e-01 4.54876214e-01 2.95051455e-01
    2.27605015e-01 5.74088693e-01 6.42103970e-01 7.40012825e-02
    6.89773381e-01 1.04510665e-01 7.37155735e-01 3.97347093e-01
    4.21438634e-01 6.00420475e-01 1.16311461e-01 3.51666272e-01
    4.20973778e-01 2.94143558e-02 1.54875576e-01 2.95897603e-01
    1.81722552e-01 4.06420380e-01 9.71423268e-01 4.80978936e-01
    6.52017951e-01 8.66789043e-01 5.05385339e-01 3.95011932e-01
    4.41813320e-01 8.61320794e-01 5.55687666e-01 9.98610139e-01
    1.74613267e-01 9.50290680e-01 8.45960379e-01 2.24944741e-01
    9.13951993e-01 7.53687322e-02 1.72744274e-01 4.84127969e-01
    5.24126470e-01 7.24221945e-01 1.07083380e-01 8.38884175e-01
    3.84966969e-01 4.64722574e-01 8.12865496e-02 9.51250672e-01
    9.22639370e-01 8.09154272e-01 9.26454067e-01 9.32282209e-01
    8.89236331e-01 6.07461035e-01 6.72553122e-01 9.59927678e-01
    8.07607889e-01 9.47289228e-01 3.35987329e-01 9.87375021e-01
    7.87271500e-01 6.18573725e-01 6.82177603e-01 1.50955349e-01
    2.19474792e-01 6.50040865e-01 2.86602497e-01 3.24728787e-01
    2.59997129e-01 5.19057631e-01 2.95676529e-01 1.08158886e-01
    5.72054982e-01 9.13054466e-01 7.59064794e-01 2.37054467e-01
    2.08025575e-02 1.83361739e-01 5.53445399e-01 3.85128051e-01
    3.71299386e-01 7.30353773e-01 4.13965911e-01 4.08175796e-01
    7.44938493e-01 5.80460250e-01 2.22428679e-01 2.05895215e-01
    3.46839368e-01 5.36512256e-01 7.80780613e-02 5.10110259e-01
    9.48085010e-01 2.15746164e-01 2.17152923e-01 2.62748420e-01
    7.63118744e-01 3.89635623e-01 9.39780354e-01 9.13989663e-01
    8.61219406e-01 5.07078409e-01 6.06003523e-01 5.59168279e-01
    6.12740934e-01 2.42686957e-01 9.58146930e-01 1.30493879e-01
    5.91296017e-01 4.20982003e-01 5.51736116e-01 1.83228552e-02
    7.14888692e-01 5.40377200e-01 8.83134961e-01 6.66548371e-01
    3.07908773e-01 6.66183114e-01 7.92266428e-01 9.18046534e-02
    5.73730350e-01 3.37325513e-01 5.44993997e-01 2.25254625e-01
    4.14499640e-02 8.66414130e-01 9.32311833e-01 8.60399961e-01
    9.01337981e-01 6.03024244e-01 9.55684304e-01 3.69900227e-01
    4.89848793e-01 5.64747930e-01 8.33940387e-01 3.04768920e-01
    9.15386260e-01 7.82544732e-01 4.00358260e-01 6.48036957e-01
    3.78725708e-01 4.37173992e-01 3.01006854e-01 6.33021653e-01
    5.50216138e-02 5.19850314e-01 9.67741787e-01 1.21496171e-01
    4.75767523e-01 2.54699737e-01 8.32716823e-01 2.29262203e-01
    7.40203142e-01 6.06114089e-01 4.24888492e-01 3.55996788e-01
    3.62831891e-01 9.64215994e-01 3.00485134e-01 1.61330253e-01
    2.83264667e-01 9.51793492e-02 6.75288916e-01 3.77020955e-01
    4.71033275e-01 2.22430080e-01 9.17830825e-01 9.39827442e-01
    8.20797801e-01 7.32252300e-01 1.81441903e-02 5.74457645e-02
    3.82963985e-01 8.53215456e-01 9.10353065e-01 5.34344256e-01
    6.64692819e-02 3.72729152e-01 6.34158969e-01 8.61302853e-01
    5.18613040e-01 4.47572351e-01 6.06631577e-01 9.67898965e-01
    2.01846451e-01 3.40308875e-01 8.24949145e-01 9.99776721e-02
    3.83419603e-01 3.14275622e-01 5.89039624e-02 8.08146119e-01
    1.30763531e-01 7.01552927e-01 4.11183536e-01 3.00222129e-01
    6.72452211e-01 3.74601066e-01 4.71130013e-02 8.06991339e-01
    5.67808926e-01 1.69732779e-01 9.34055507e-01 5.90881228e-01
    6.29386187e-01 5.90375662e-01 6.02861941e-01 8.51778507e-01
    5.88518977e-01 8.06699395e-01 5.37010610e-01 5.67437649e-01
    3.92225444e-01 8.83644760e-01 7.44404078e-01 8.04760218e-01
    3.12839329e-01 7.48250961e-01 4.59770024e-01 1.16623998e-01
    6.53714180e-01 9.78729546e-01 4.35689479e-01 6.25007749e-02
    1.89985335e-01 1.82941794e-01 1.87100768e-01 3.34389508e-02
    3.13594759e-01 8.42132866e-01 4.69682217e-02 3.43377471e-01
    3.92443538e-01 1.05847210e-01 7.23626912e-02 7.77774274e-01
    4.91785437e-01 6.83917761e-01 9.47845578e-01 9.66452956e-01
    7.55376101e-01 4.27852064e-01 2.79835463e-02 6.98864460e-02
    3.50964725e-01 2.16249049e-01 2.86202669e-01 8.16542923e-01
    3.18945348e-02 5.66143751e-01 2.57861614e-01 1.67422205e-01
    5.91042280e-01 2.16747314e-01 4.94523615e-01 1.37633860e-01
    6.77095056e-02 9.67800140e-01 6.61011040e-01 5.81150711e-01
    6.70851648e-01 2.87574708e-01 1.19692981e-01 5.54427207e-02
    2.89919257e-01 6.98199570e-01 7.95315742e-01 8.28504562e-01
    6.61961973e-01 9.90971029e-02 7.48208046e-01 6.97767138e-02
    1.46734864e-01 1.86327100e-03 2.90678501e-01 5.47453284e-01
    8.46784472e-01 8.53835940e-01 3.17494869e-01 4.74929184e-01
    5.79421639e-01 4.75679070e-01 7.06236064e-02 1.58649474e-01
    4.47630703e-01 6.01597190e-01 1.16690010e-01 9.84131455e-01
    9.28384364e-01 6.20028079e-02 4.78032827e-01 6.99631333e-01
    9.07936692e-01 9.62603986e-01 5.04854560e-01 3.20100129e-01
    2.80694187e-01 6.46365464e-01 3.41505051e-01 2.55704731e-01
    3.88157904e-01 4.60682005e-01 2.47220367e-01 6.64016724e-01
    4.94627357e-01 5.58085084e-01 8.71203661e-01 5.17710507e-01
    4.30824161e-02 7.64802992e-01 5.69121659e-01 1.65354311e-02
    5.52018940e-01 5.61109781e-02 3.37219357e-01 6.92539930e-01
    7.35621810e-01 9.47952509e-01 6.14244699e-01 7.16598511e-01
    2.17807949e-01 3.49635124e-01 4.89284933e-01 8.03175867e-02
    3.30694854e-01 7.30367899e-02 6.15952790e-01 6.06159866e-01
    1.30568445e-01 3.67174268e-01 7.22861528e-01 3.20983231e-01
    3.70671540e-01 9.76150095e-01 5.16326427e-02 4.09626245e-01
    6.45778418e-01 8.03885281e-01 3.25081050e-01 9.54215527e-01
    2.85687000e-01 3.47514153e-01 9.63692665e-01 1.63282245e-01
    7.42093146e-01 6.65639699e-01 4.63043898e-01 8.24091434e-02
    9.92932022e-02 3.81917417e-01 2.31148899e-01 4.44228232e-01
    9.95000660e-01 9.74392176e-01 1.02350384e-01 2.13773757e-01
    8.37857246e-01 9.30430532e-01 6.15927398e-01 4.44401920e-01
    5.55219889e-01 8.41445029e-01 4.66392666e-01 2.89954960e-01
    7.76140928e-01 4.52056527e-03 8.07990432e-01 4.53650922e-01
    3.14594924e-01 5.13858140e-01 9.62706327e-01 3.53956401e-01
    5.21903038e-02 4.00341213e-01 9.12799895e-01 9.82227802e-01
    5.40226877e-01 9.26919460e-01 9.12512422e-01 1.70973361e-01
    2.50528991e-01 4.48892713e-01 9.26479340e-01 2.10101008e-02
    8.60319257e-01 6.72999561e-01 4.04267371e-01 8.27967882e-01
    8.52982998e-01 3.73006761e-01 5.87369800e-01 2.43462145e-01
    7.06357479e-01 2.75878131e-01 6.60791039e-01 4.51822549e-01
    8.90183866e-01 8.35844755e-01 2.36960799e-01 2.55930364e-01
    8.08026314e-01 6.06226504e-01 9.26530242e-01 3.87293786e-01
    7.92642474e-01 1.11838490e-01 9.70162034e-01 4.49606866e-01
    2.43992001e-01 3.83900166e-01 4.06910658e-01 5.68914592e-01
    8.81501436e-01 9.53650117e-01 4.65836197e-01 5.76433420e-01
    3.81520987e-02 7.74613321e-01 6.53074145e-01 9.59136724e-01
    3.15751493e-01 5.61750472e-01 9.81438637e-01 2.41163462e-01
    5.32076478e-01 7.63117671e-01 7.70627022e-01 2.84873545e-02
    6.18371964e-01 1.04385555e-01 7.92342901e-01 9.54317570e-01
    6.10221684e-01 7.15760231e-01 4.71700042e-01 2.33119190e-01
    3.91336292e-01 5.16687870e-01 3.88391674e-01 4.56377774e-01
    4.97119218e-01 5.21309078e-01 3.37619781e-01 7.08566368e-01
    6.59114242e-01 3.43355000e-01 1.22168869e-01 6.73715591e-01
    4.24584448e-02 1.62450969e-02 5.03662229e-02 6.47024393e-01
    3.31823051e-01 4.43466961e-01 1.98141426e-01 4.15077507e-02
    7.41722703e-01 4.13482189e-01 9.19864178e-01 5.52841365e-01
    7.80419469e-01 6.00203991e-01 3.77167284e-01 3.58594596e-01
    8.41506720e-02 6.41039431e-01 2.23458141e-01 9.55509782e-01
    1.62562340e-01 1.92327321e-01 9.61656332e-01 1.41562283e-01
    7.60990143e-01 4.07220125e-01 8.93245816e-01 3.24277371e-01
    4.91594970e-01 9.02689159e-01 2.13367641e-02 2.29275048e-01
    7.68509507e-01 4.60844398e-01 6.57058954e-02 7.07174659e-01
    1.26977473e-01 1.20727122e-02 1.41409576e-01 8.69247675e-01
    2.23223090e-01 9.30323362e-01 4.02217805e-01 9.64751124e-01
    4.61202741e-01 9.93236899e-02 5.22314966e-01 5.93177378e-01
    8.09549391e-02 6.47385240e-01 6.60771608e-01 3.64737689e-01
    7.59661674e-01 6.13814116e-01 1.09614879e-01 1.30406082e-01
    6.21049941e-01 3.02988023e-01 7.06530333e-01 8.05005431e-02
    7.77452469e-01 9.50338364e-01 4.84234035e-01 3.77738297e-01
    6.05208158e-01 3.30507427e-01 4.13510859e-01 1.03615016e-01
    4.68505979e-01 7.73940802e-01 9.19603407e-01 4.49628413e-01
    1.26783162e-01 6.59648716e-01 6.26290977e-01 2.97587216e-01
    1.01826072e-01 5.91895759e-01 5.48750341e-01 3.33785594e-01
    8.66818011e-01 6.22316241e-01 6.88769102e-01 7.69093394e-01
    3.20869714e-01 1.23722613e-01 8.20485890e-01 1.40973926e-02
    3.41615200e-01 1.26380414e-01 5.19100726e-01 6.69689178e-01
    5.22862852e-01 6.49933994e-01 1.71524733e-01 7.38854706e-01
    8.61176610e-01 6.12104237e-01 6.77195311e-01 2.99281776e-02
    6.43134117e-02 1.39655471e-02 1.49754584e-01 6.89250231e-01
    2.21727073e-01 3.60993326e-01 4.87110347e-01 3.84237111e-01
    5.02950907e-01 2.97596574e-01 8.95035267e-03 2.51503378e-01
    4.36583996e-01 5.33092558e-01 6.01265550e-01 2.54990458e-01
    5.87071300e-01 9.12037432e-01 4.35062051e-02 9.21993732e-01
    1.14835531e-01 6.22078896e-01 8.14218879e-01 8.42285514e-01
    4.37438667e-01 2.84014940e-02 4.37955111e-01 5.40196896e-03
    2.40643114e-01 2.06221879e-01 6.06449425e-01 5.99506617e-01
    8.64296556e-01 4.80060995e-01 2.16337740e-01 6.35599613e-01
    4.84666526e-02 7.45576441e-01 8.94690692e-01 5.73162615e-01
    1.93402737e-01 8.93555701e-01 1.43276751e-01 2.57772535e-01
    3.49013150e-01 1.06667221e-01 6.66881263e-01 7.89412856e-01
    7.95418262e-01 6.18471980e-01 5.43875754e-01 2.41682589e-01
    8.37200046e-01 1.06063962e-01 4.65536147e-01 8.87155771e-01
    1.70394659e-01 5.32151759e-01 2.12131143e-02 2.75357485e-01
    9.84650731e-01 6.65611446e-01 9.69440818e-01 7.59882510e-01
    1.82928503e-01 4.62599009e-01 7.93008447e-01 1.75859749e-01
    6.23151958e-02 2.31941372e-01 7.72455812e-01 4.32109565e-01
    4.92219239e-01 4.78897929e-01 4.61622179e-01 1.77079976e-01
    5.27466953e-01 4.73076671e-01 3.69866192e-02 1.91246182e-01
    2.95146793e-01 1.08953685e-01 3.20528150e-01 2.81822890e-01
    5.09070694e-01 9.66933787e-01 7.89433360e-01 5.32366574e-01
    4.47384685e-01 8.82983029e-01 3.96403968e-02 5.21615565e-01
    7.87307024e-02 2.22282618e-01 8.71873617e-01 7.89375544e-01
    5.03626823e-01 2.88520217e-01 5.34081519e-01 2.62370944e-01
    5.97194135e-01 2.92281747e-01 5.36914289e-01 5.46631992e-01
    8.50206614e-01 3.91660571e-01 5.43017328e-01 1.96045905e-01
    6.03719831e-01 6.66392446e-02 6.37646675e-01 8.27284813e-01
    5.53326309e-01 7.48403013e-01 6.38742268e-01 7.47572184e-01
    6.29161239e-01 3.14133376e-01 5.41735590e-02 4.99139875e-01
    4.29504961e-01 8.09327841e-01 2.00033814e-01 5.13508201e-01
    3.15607756e-01 1.29374862e-03 4.99473006e-01 6.96624279e-01
    6.22913778e-01 6.10765457e-01 3.88686031e-01 1.34087950e-01
    6.10525727e-01 4.37158644e-01 1.00619256e-01 7.11085141e-01
    3.89511496e-01 2.50644833e-01 5.46618223e-01 5.91845512e-01
    7.07335353e-01 3.27659249e-02 9.86599803e-01 5.06436110e-01
    5.19469380e-02 3.63811374e-01 4.11704272e-01 2.63675749e-01
    1.61562800e-01 7.94488549e-01 2.63720393e-01 1.37617648e-01
    1.02336347e-01 3.14718485e-02 9.52664971e-01 9.89747405e-01
    1.57187581e-02 9.17273998e-01 9.47560608e-01 2.73603767e-01
    5.75082719e-01 4.49640214e-01 7.27630436e-01 2.53540277e-02
    9.60669518e-01 3.84888500e-01 1.25021607e-01 3.65559638e-01
    1.61148608e-02 1.04569614e-01 2.37086326e-01 8.81060004e-01
    9.33395863e-01 3.66946369e-01 6.94276214e-01 7.08424687e-01
    8.75931621e-01 1.87294751e-01 6.27321720e-01 2.46254742e-01
    6.21819139e-01 7.29137480e-01 7.87697375e-01 9.89496469e-01
    9.84597325e-01 2.06589341e-01 3.56913507e-01 1.35161906e-01
    3.49286973e-01 8.45706344e-01 2.56255627e-01 3.28795910e-02
    1.87428027e-01 5.44016719e-01 4.39719617e-01 1.14289552e-01
    8.80271912e-01 9.79451597e-01 9.91200387e-01 9.05950844e-01
    7.34795034e-01 4.13099855e-01 3.17312241e-01 3.87926996e-01
    5.65226078e-02 7.74272978e-02 1.77492350e-01 3.00713360e-01
    6.56203866e-01 7.67426968e-01 1.10368878e-01 1.77357614e-01
    1.66433156e-02 9.48449969e-02 4.17453974e-01 6.95765316e-01
    7.61785209e-01 5.27832210e-02 6.32905543e-01 7.24774480e-01
    7.52866983e-01 4.11852092e-01 6.09081745e-01 4.95755672e-02
    4.61957455e-02 3.09628129e-01 3.87289912e-01 7.36037731e-01
    8.62023592e-01 4.43342239e-01 9.60952163e-01 8.83893073e-02
    8.52951169e-01 8.62071037e-01 8.87855828e-01 1.55766636e-01
    9.71997738e-01 6.52576089e-01 6.47303343e-01 2.23181129e-01
    7.04031944e-01 5.75045466e-01 5.53678274e-02 1.91883296e-01
    4.77930009e-01 1.30303323e-01 6.83290660e-01 2.71580338e-01</data></test_img>
<my_img type_id="opencv-matrix">
  <rows>128</rows>
  <cols>256</cols>
  <dt>f</dt>
  <data>
    2.07095766e+00 2.37491935e-01 3.60048831e-01 2.08630157e+00
    1.12127161e+00 -9.47197080e-02 -1.25778317e-01 1.35555565e+00
    7.76328921e-01 -2.63190806e-01 1.26475620e+00 8.35179806e-01
    -1.25035644e-01 1.83993220e+00 1.22027850e+00 6.71740115e-01
    1.93500054e+00 7.87870586e-01 4.83021796e-01 1.75201774e+00
    1.16008401e+00 1.67101443e-01 -1.45731091e-01 1.42269862e+00
    5.39504766e-01 -1.40711993e-01 1.50748789e-02 1.24492610e+00
    1.28832185e+00 -2.43535653e-01 6.26496792e-01 1.66118360e+00
    1.83285236e+00 1.90187979e+00 1.74871755e+00 7.24937737e-01
    -3.13693434e-01 1.72796130e-01 1.88122797e+00 2.03000236e+00
    1.07229054e-02 6.19525611e-02 1.20870173e-02 1.04502589e-01
    8.64741027e-01 2.90353596e-02 1.15645909e+00 -2.26214066e-01
    2.02289963e+00 -3.67966890e-01 1.06837189e+00 -3.62781525e-01
    3.62480313e-01 -2.72770613e-01 1.33867812e+00 1.87947631e+00
    7.94734120e-01 7.30664372e-01 1.16394210e+00 1.13951671e+00
    3.84089351e-03 2.05674815e+00 1.89882421e+00 -1.05065107e-01
    4.87623781e-01 6.51270568e-01 1.22116566e-01 7.59632289e-01
    8.79285574e-01 3.96652460e-01 1.61238253e+00 1.85301995e+00
    9.49592829e-01 2.06108475e+00 -1.09873295e-01 1.09407747e+00
    -1.41208827e-01 -8.90535414e-02 1.94515038e+00 8.45892191e-01
    1.27037108e+00 1.25976706e+00 2.04265499e+00 1.02875710e+00
    1.43804240e+00 7.31183112e-01 8.67971063e-01 -9.49245393e-02
    8.81556988e-01 1.66177630e+00 1.62046266e+00 1.00154519e+00
    4.39200044e-01 1.95441639e+00 3.48442376e-01 1.31520009e+00
    1.26529026e+00 1.19618464e+00 2.02778769e+00 1.93442869e+00
    6.93295538e-01 -1.23690397e-01 4.22840714e-02 1.28482580e+00
    1.62262130e+00 5.89623213e-01 1.12935007e-02 7.92076230e-01
    1.00601482e+00 1.51984584e+00 1.25512171e+00 1.82055807e+00
    1.84678578e+00 -5.86960316e-02 7.44344175e-01 5.82203507e-01
    1.67262018e+00 1.49510896e+00 8.40737462e-01 1.51267648e+00
    5.41094899e-01 2.87055850e-01 8.78217101e-01 1.62385321e+00
    -1.00643873e-01 -2.36005723e-01 1.84620965e+00 -1.11050993e-01
    1.87006855e+00 1.43103719e-01 -1.46621466e-02 1.68678713e+00
    9.26794827e-01 1.45781362e+00 -2.60888338e-01 -3.06395590e-02
    2.08346725e+00 1.04325283e+00 -8.76862109e-02 -3.18864048e-01
    1.85563052e+00 8.89295280e-01 1.39625728e+00 1.77452111e+00
    2.00885344e+00 1.02705216e+00 1.69115210e+00 1.17289221e+00
    1.13671517e+00 1.89523447e+00 7.43870854e-01 1.82851124e+00
    4.45853770e-01 -3.39875638e-01 3.89175534e-01 3.06885540e-02
    1.69901097e+00 3.20122570e-01 -3.22651595e-01 1.00295854e+00
    1.85582268e+00 7.90628076e-01 -3.43757153e-01 2.83938110e-01
    3.36723655e-01 5.19263744e-03 1.54934835e+00 7.24630833e-01
    1.13087058e+00 -1.72927380e-01 1.94717705e+00 7.78488517e-01
    1.49692798e+00 1.49870610e+00 3.04635108e-01 1.42309546e+00
    6.98018014e-01 4.26295668e-01 4.69696432e-01 1.09777820e+00
    -2.74103463e-01 1.84299266e+00 1.25532746e+00 1.56607223e+00
    1.34810340e+00 -3.92176688e-01 1.00662398e+00 5.07954717e-01
    3.13403606e-01 1.09046149e+00 1.64114392e+00 5.52846789e-01
    8.56989741e-01 1.12116015e+00 7.32225180e-01 4.71926093e-01
    1.20935500e+00 1.84769964e+00 3.30841541e-01 1.31742334e+00
    4.22090352e-01 1.73000717e+00 1.62669086e+00 9.69076157e-02
    9.49136019e-01 1.29430747e+00 1.78123939e+00 8.68631721e-01
    3.31465691e-01 -2.86461174e-01 9.68135595e-01 2.85535514e-01
    1.97001266e+00 1.08495355e-01 1.25358820e+00 9.60560679e-01
    1.89239597e+00 1.68462372e+00 1.23477280e+00 8.43999088e-01
    1.54178107e+00 1.56999147e+00 1.08343673e+00 -2.19363868e-02
    4.09930348e-02 1.55686212e+00 4.61091101e-01 4.81258154e-01
    8.64566624e-01 -2.27427587e-01 1.45584714e+00 2.05150509e+00
    4.22757894e-01 -3.04634571e-02 2.50709116e-01 1.17647624e+00
    1.43780684e+00 2.01618433e+00 1.45271027e+00 1.81866670e+00
    1.66885614e+00 1.48592007e+00 -2.90035039e-01 1.99813557e+00
    5.60104966e-01 -4.16623414e-01 1.72804046e+00 8.00901353e-01
    1.56157923e+00 1.33809817e+00 1.63531196e+00 1.94482267e+00
    3.49693745e-01 3.70753706e-02 2.03433824e+00 9.97900724e-01
    7.25756824e-01 1.02724886e+00 1.50084817e+00 1.46080852e+00
    1.58212721e-01 -1.36502177e-01 2.71156907e-01 7.97909856e-01
    4.55062270e-01 6.85846806e-01 -5.22425473e-02 8.92169416e-01
    9.44203675e-01 1.75422478e+00 1.79954267e+00 8.07339311e-01
    4.36303079e-01 7.52198696e-01 1.35115671e+00 -1.67254627e-01
    3.29531789e-01 -3.55720520e-03 -1.65191174e-01 -3.92022520e-01
    8.45480025e-01 -3.04220021e-01 7.71435559e-01 2.02685142e+00
    -3.89686465e-01 1.74324942e+00 7.80686498e-01 4.26148951e-01
    -5.20754397e-01 7.24913478e-01 1.82491314e+00 4.49481249e-01
    -4.85454768e-01 1.28730536e-01 1.11214280e+00 1.40909457e+00
    1.94493580e+00 1.12829781e+00 -4.20873940e-01 -4.52999830e-01
    -4.23577726e-01 1.61344612e+00 9.52712238e-01 1.76212192e-01
    2.64835238e-01 7.66259193e-01 6.91749513e-01 6.42535567e-01
    1.42640305e+00 1.84081399e+00 1.59084964e+00 -6.28641844e-02
    7.00818896e-01 -4.67556775e-01 -5.29624701e-01 5.16684294e-01
    -5.27091801e-01 7.63392031e-01 1.95231557e-01 7.16870189e-01
    1.18579757e+00 1.66751468e+00 -2.31233180e-01 1.79006100e+00
    4.39567566e-02 1.29357195e+00 1.30947351e+00 1.17978871e+00
    -5.96128285e-01 2.96049356e-01 1.60209632e+00 1.78702807e+00
    -5.41712880e-01 1.81219530e+00 1.26485419e+00 1.86743844e+00
    -4.60031271e-01 1.84524012e+00 1.35097861e-01 1.21253610e-01
    2.58437276e-01 1.51150048e+00 1.10256839e+00 -2.60166854e-01
    7.87283659e-01 9.99486148e-01 9.56701279e-01 6.30409122e-02
    8.39474797e-02 -5.64937592e-01 1.65459907e+00 -1.86958224e-01
    2.33427763e-01 1.67372894e+00 1.12160516e+00 1.76742709e+00
    1.50710058e+00 6.15053177e-02 1.75361586e+00 3.62370372e-01
    2.03027546e-01 1.15388346e+00 1.48189378e+00 1.11666203e+00
    1.86410117e+00 7.79640555e-01 1.12167192e+00 1.62521982e+00
    -9.99391079e-04 -2.18064070e-01 2.76908219e-01 8.84367526e-01
    -4.43697572e-02 1.44342327e+00 1.25650024e+00 8.57364058e-01
    1.11821902e+00 2.38795280e-01 1.35018182e+00 5.16358256e-01
    7.89972305e-01 1.97691107e+00 2.96798229e-01 -2.47758597e-01
    9.76123333e-01 1.27055609e+00 2.77324975e-01 1.20475829e-01
    1.05464756e-01 1.45499349e+00 1.17620850e+00 5.87603450e-02
    -2.92977691e-01 6.53980076e-01 4.78079557e-01 4.00589198e-01
    7.31381893e-01 1.76554346e+00 1.31817460e-01 1.31973636e+00
    4.73008394e-01 1.75973475e+00 1.16882157e+00 1.09847522e+00
    1.61836886e+00 -4.90053356e-01 1.42615020e-01 4.77861166e-01
    1.36382699e+00 1.81487107e+00 1.52535713e+00 1.30337977e+00
    -4.80128258e-01 1.93929887e+00 1.96354866e+00 7.12878942e-01
    5.44977188e-03 2.48254508e-01 5.07859588e-01 5.10600567e-01
    4.12484109e-01 3.74356568e-01 -7.40275383e-02 1.46159697e+00
    1.76886225e+00 1.09803200e+00 2.49820948e-02 1.21247673e+00
    1.22146559e+00 1.22973692e+00 1.56120968e+00 1.85275006e+00
    1.77160084e+00 6.36079609e-01 -1.73547894e-01 1.33870840e+00
    9.64720607e-01 1.29709184e+00 5.06394625e-01 1.10261536e+00
    9.13907170e-01 1.64033771e+00 1.09101593e-01 -2.09480405e-01
    1.68666184e+00 3.44752192e-01 1.35605621e+00 1.00068557e+00
    6.65073097e-01 3.77654135e-01 3.40978444e-01 6.55494034e-01
    6.53206706e-01 -4.55793887e-01 9.15618539e-02 6.23875976e-01
    4.24911022e-01 -7.51931071e-02 6.22434974e-01 1.87683499e+00
    3.27848792e-02 1.64464331e+00 5.27439773e-01 1.82871830e+00
    6.31898165e-01 1.56369591e+00 1.82885551e+00 -8.96582603e-02
    1.77608466e+00 1.35593951e-01 1.92669892e+00 9.40718591e-01
    5.86803615e-01 8.67898047e-01 5.45558751e-01 9.19502199e-01
    1.86165202e+00 8.80528986e-01 1.32857382e+00 2.63710022e-01
    1.90291131e+00 1.75606108e+00 2.95514047e-01 -4.82028723e-02
    1.62415719e+00 -3.06951195e-01 -7.53128827e-02 -3.89090031e-01
    4.78255749e-03 1.88336229e+00 5.85275292e-02 2.20764279e-02
    1.51972151e+00 1.91843736e+00 -3.07427347e-01 1.55255628e+00
    2.77760029e-02 1.58894205e+00 4.11475539e-01 1.52512193e+00
    -1.83582872e-01 -4.53937054e-02 1.31204855e+00 1.26563239e+00
    1.04175878e+00 -3.33945990e-01 -5.44537246e-01 1.17864585e+00
    -3.40640545e-03 -2.64137775e-01 2.09377098e+00 1.61989641e+00
    1.51973212e+00 1.21339178e+00 1.26297259e+00 -2.03192592e-01
    3.23596597e-01 -2.87443191e-01 -1.32528216e-01 -4.47310090e-01
    1.23165047e+00 1.12545156e+00 1.16759574e+00 -2.02359408e-01
    -5.57968259e-01 -6.08301640e-01 -4.09452379e-01 1.06876194e-01
    3.65406811e-01 1.68887138e-01 1.81477141e+00 1.68808246e+00
    1.54453039e+00 5.93274832e-03 1.47235847e+00 -6.74039125e-03
    9.15792465e-01 5.26985109e-01 9.33115184e-01 6.07131243e-01
    8.62972140e-02 -8.16177726e-02 3.84210289e-01 6.09711647e-01
    6.02700889e-01 1.23403072e+00 1.77521586e+00 1.39344811e+00
    7.60229945e-01 1.17640090e+00 1.15547323e+00 1.22467732e+00
    -3.13621998e-01 6.45098090e-02 1.36273432e+00 9.16579127e-01
    1.19871712e+00 9.77901220e-02 9.53294814e-01 1.87946510e+00
    2.00509667e-01 3.36431444e-01 1.02730632e-01 9.88620818e-01
    2.13796496e-02 4.33255613e-01 1.70378423e+00 1.47051108e+00
    1.06354737e+00 1.16626024e+00 2.56465018e-01 1.47920942e+00
    4.85811949e-01 7.81870067e-01 6.62034750e-03 5.26602745e-01
    7.04789758e-01 1.94947660e-01 4.46584165e-01 1.53037035e+00
    1.36098170e+00 1.41108441e+00 -7.20402956e-01 8.79058957e-01
    1.29120374e+00 3.22602332e-01 -3.07870269e-01 1.72856998e+00
    -3.72305542e-01 -5.96590996e-01 1.25035918e+00 1.05856657e-02
    1.63556135e+00 3.79385233e-01 3.11912358e-01 1.44434249e+00
    1.74981833e+00 5.88773012e-01 1.77016091e+00 9.30880606e-01
    1.57371902e+00 3.52943778e-01 1.36213970e+00 8.36463511e-01
    9.29311693e-01 1.24485981e+00 6.23988926e-01 1.76844025e+00
    1.56542897e-01 4.00535822e-01 6.39536023e-01 1.77526331e+00
    1.41296983e+00 -6.14598930e-01 1.58382320e+00 1.85405314e-01
    9.00342584e-01 1.34090364e-01 1.47325611e+00 1.29750729e+00
    4.64240909e-01 7.67797232e-03 -6.38059378e-01 4.61031020e-01
    1.33270621e+00 7.92397976e-01 1.59931469e+00 9.14300084e-02
    2.53371358e-01 1.00828195e+00 1.83928490e+00 1.57094884e+00
    -2.77572900e-01 3.13854992e-01 9.55108225e-01 4.60990489e-01
    -3.09013277e-01 6.90353692e-01 -6.04762316e-01 7.36144602e-01
    1.38840675e+00 -5.42508185e-01 -4.31710929e-01 -4.46322352e-01
    1.43032146e+00 4.69687343e-01 2.07663834e-01 3.11414838e-01
    4.89328623e-01 -2.01700866e-01 1.51781058e+00 1.76363087e+00
    8.13040376e-01 -3.55874509e-01 1.27816820e+00 -2.42841244e-02
    8.00464690e-01 1.79120719e+00 -5.35153866e-01 4.68339205e-01
    -4.29383844e-01 -9.86432433e-02 6.59326255e-01 -3.36054504e-01
    8.91566336e-01 1.46397829e+00 8.31532657e-01 -6.66712224e-01
    1.42471695e+00 1.22419453e+00 -3.82769465e-01 1.76530313e+00
    -1.73066139e-01 -5.28029561e-01 7.28774071e-03 1.46663916e+00
    6.32460833e-01 6.57112420e-01 8.84116113e-01 5.17694771e-01
    -6.72040582e-02 1.43615007e+00 1.53910875e+00 1.42276788e+00
    -1.13386750e-01 1.48336911e+00 1.45738125e+00 -4.92622256e-01
    1.09839177e+00 1.05857134e+00 5.02306938e-01 2.54527509e-01
    7.97318220e-01 2.12323248e-01 4.86359358e-01 1.09777367e+00
    1.50354302e+00 7.89081275e-01 1.10239446e+00 1.84379780e+00
    1.81787980e+00 1.30639744e+00 1.26411259e-01 1.79814601e+00
    5.00448108e-01 -2.47375965e-02 1.42311597e+00 1.05164015e+00
    -1.66698277e-01 1.21505702e+00 1.43199539e+00 -6.24019563e-01
    1.00225508e+00 1.20582414e+00 1.35750866e+00 -4.22616601e-02
    8.01656365e-01 -4.93564367e-01 1.59174466e+00 8.19608569e-02
    4.22455966e-01 -1.67306781e-01 1.05971122e+00 -6.50733709e-02
    -4.04881239e-02 -1.84173673e-01 -2.36010194e-01 1.45228648e+00
    9.20990050e-01 1.52512658e+00 -7.06185639e-01 1.25908804e+00
    3.44729424e-01 1.12253308e+00 9.40549850e-01 8.19533467e-01
    4.59494293e-01 6.74557686e-01 1.31055248e+00 9.59167838e-01
    6.52441382e-02 -4.70312834e-01 8.38396430e-01 1.86494899e+00
    9.45613623e-01 3.04689169e-01 -2.80058384e-01 1.50301933e+00
    5.15037715e-01 -4.17160332e-01 1.33178055e-01 1.61268175e-01
    5.55754900e-01 1.02325916e+00 1.16660118e+00 -3.53012919e-01
    2.45745003e-01 3.95982981e-01 1.74551940e+00 -4.91122186e-01
    -2.85244972e-01 3.39875460e-01 1.20291948e+00 1.59561539e+00
    5.04996121e-01 -5.22455990e-01 -2.96506286e-03 3.62599939e-01
    1.45596957e+00 1.93951261e+00 1.34133363e+00 1.46864295e+00
    -3.11826974e-01 1.15436840e+00 4.98295784e-01 1.27915728e+00
    -4.80421185e-02 1.43926692e+00 1.18158674e+00 -9.66912508e-03
    1.59066319e-01 1.00669646e+00 1.32688451e+00 7.31541991e-01
    1.39121187e+00 8.57477486e-01 1.49191380e+00 9.72750962e-01
    1.53765857e-01 -6.77451134e-01 1.51738167e+00 1.50843453e+00
    -7.94350505e-02 1.63250434e+00 2.39374220e-01 7.74733663e-01
    -4.77720261e-01 -7.25979686e-01 1.56920767e+00 -4.85682875e-01
    -4.41449881e-03 3.24960589e-01 1.08512187e+00 1.36024189e+00
    2.57918239e-02 -3.88945162e-01 5.18818736e-01 1.65665245e+00
    3.76570761e-01 1.64707613e+00 2.63415754e-01 -4.65754092e-01
    8.32283199e-01 1.61271143e+00 1.48458552e+00 -1.66546524e-01
    7.98530877e-01 8.91073108e-01 -4.91110444e-01 1.49606752e+00
    1.95938349e-01 7.48772740e-01 3.24327886e-01 -2.44622171e-01
    1.34476924e+00 1.62564945e+00 1.34722126e+00 -5.24759889e-02
    -8.29348624e-01 5.49354196e-01 2.52252519e-01 1.43865621e+00
    -8.71998787e-01 7.28650808e-01 9.39226210e-01 1.11990571e+00
    9.41344559e-01 1.22650266e+00 1.64527261e+00 1.44239688e+00
    -3.05953026e-01 8.23066890e-01 4.95494604e-02 3.28011453e-01
    6.29708529e-01 4.84215081e-01 -4.35102969e-01 4.52104151e-01
    9.14480984e-01 -1.09326124e-01 1.54001188e+00 -3.87015879e-01
    2.57295966e-01 -5.20904899e-01 8.99793029e-01 -4.52334315e-01
    -1.99492812e-01 5.10813534e-01 2.29002655e-01 1.17074800e+00
    1.15902376e+00 1.60502958e+00 1.61066258e+00 2.65992403e-01
    -5.77282190e-01 1.54396021e+00 -1.92986429e-01 1.39993858e+00
    1.36826098e+00 -7.52529502e-01 1.00762665e+00 5.90532243e-01
    1.63100982e+00 -5.15931964e-01 1.25868773e+00 -4.21695709e-02
    -4.60592479e-01 -7.89485931e-01 4.33466673e-01 1.29669833e+00
    -2.43556082e-01 6.70108557e-01 1.03629661e+00 -3.23711634e-02
    -5.63298821e-01 1.39892673e+00 4.14816260e-01 1.53608549e+00
    8.72329891e-01 7.96068072e-01 1.62828100e+00 -7.09247947e-01
    1.62533307e+00 1.44689143e+00 6.73673451e-01 -8.88722539e-02
    1.42126095e+00 1.41523886e+00 -4.69118655e-01 1.74204206e+00
    1.41499412e+00 4.76403177e-01 1.42654634e+00 -1.38690293e-01
    9.35763121e-02 -6.00792170e-01 8.58099520e-01 5.61016500e-01
    4.69696939e-01 2.89608419e-01 -4.33393210e-01 1.61027002e+00
    4.90256548e-01 1.38846719e+00 -3.37836146e-01 4.04558122e-01
    6.37276113e-01 -4.17973578e-01 -2.51434445e-01 1.55043852e+00
    9.07635808e-01 7.29119778e-03 7.46422648e-01 9.81793165e-01
    1.99807882e-01 1.34377921e+00 -6.17844105e-01 1.79929650e+00
    -2.33445913e-01 1.39300287e+00 -3.53539467e-01 3.58078480e-02
    1.04572463e+00 7.85142481e-01 9.07175183e-01 7.58604944e-01
    8.28419685e-01 1.04602528e+00 7.90749788e-01 -6.31259084e-01
    3.84836435e-01 1.58130980e+00 1.23747921e+00 6.47523999e-02
    4.87719297e-01 8.39348257e-01 5.75560451e-01 1.35950637e+00
    5.03327489e-01 -5.19058108e-01 1.24673080e+00 -7.04116344e-01
    1.02210855e+00 -2.41774499e-01 -3.93026173e-01 3.43705416e-01
    9.68742371e-03 2.68545628e-01 9.98064280e-02 2.56882489e-01
    -4.36171412e-01 1.38775253e+00 -6.81298137e-01 1.14479363e+00
    1.36685717e+00 1.17318273e+00 9.56859708e-01 3.81156027e-01
    1.65131283e+00 6.20607138e-01 9.34797525e-01 4.13514495e-01
    3.63496363e-01 -6.47867560e-01 3.69593680e-01 9.81858075e-01
    1.44509625e+00 1.28706193e+00 8.97662699e-01 4.49043691e-01
    1.49410439e+00 2.65520096e-01 6.82440937e-01 -1.30951405e-03
    2.00273275e-01 4.95331526e-01 -2.73833275e-01 1.10862207e+00
    -5.57605982e-01 6.97775245e-01 6.16804063e-01 1.18670082e+00
    4.29309011e-02 -5.24204969e-01 -5.69998026e-01 -6.70387387e-01
    6.02957785e-01 4.04676557e-01 8.57023954e-01 8.95136237e-01
    1.08137560e+00 1.01395798e+00 1.02324128e+00 3.82030368e-01
    1.73294759e+00 -5.42466640e-01 -3.07983488e-01 4.80946720e-01
    3.16439271e-02 -4.41417247e-01 3.30466390e-01 3.80497515e-01
    6.25508130e-01 2.31798768e-01 -1.26260102e-01 1.58104038e+00
    7.17826843e-01 -2.54176080e-01 1.40368319e+00 2.74550855e-01
    9.28488493e-01 1.39071536e+00 1.23081732e+00 1.40398049e+00
    1.67343855e-01 -2.75520653e-01 -5.50843596e-01 7.03617930e-02
    1.49471569e+00 1.72559202e-01 1.31625628e+00 4.41054702e-01
    1.01000667e+00 5.89644849e-01 -7.38736629e-01 3.07831943e-01
    1.62646878e+00 -7.21612692e-01 4.04531896e-01 7.66602457e-01
    -6.77160621e-02 3.62778068e-01 8.06318104e-01 1.39118648e+00
    -7.76407003e-01 -7.74161220e-01 3.88241947e-01 3.92455220e-01
    9.31111038e-01 1.03917193e+00 1.06276536e+00 1.29902554e+00
    -9.81754065e-02 1.74135184e+00 1.82473958e-01 1.30223370e+00
    -7.95481682e-01 -2.26974547e-01 -3.97874475e-01 -5.17451048e-01
    9.43482637e-01 -5.52022457e-02 -7.21900105e-01 8.26346397e-01
    1.11913681e-01 -2.97857642e-01 4.60427225e-01 1.00938845e+00
    2.76433706e-01 6.43917561e-01 9.63223279e-01 -5.44302106e-01
    8.07017028e-01 8.57101560e-01 6.48254097e-01 9.62844729e-01
    -1.59532428e-01 1.30875731e+00 -6.64193153e-01 1.70720100e-01
    1.57722187e+00 1.47283196e+00 -2.88679719e-01 -6.82418227e-01
    1.57305360e-01 2.78528333e-01 1.19258523e+00 8.55488122e-01
    1.54012394e+00 3.23707819e-01 -7.35609949e-01 1.26936746e+00
    4.84797418e-01 -4.89401758e-01 -2.13609040e-01 1.69205999e+00
    -2.40056217e-01 7.23156631e-01 -4.33482528e-01 1.63693786e+00
    -4.18630719e-01 9.77420866e-01 1.44697154e+00 -2.52115428e-01
    -6.42612159e-01 1.59963095e+00 6.25818133e-01 -5.45448661e-02
    -3.41478705e-01 -2.35806763e-01 3.63395810e-02 4.92388487e-01
    -4.53210324e-01 6.17045343e-01 6.39078200e-01 9.34397459e-01
    -3.54579985e-01 1.52907801e+00 4.06102061e-01 1.28338075e+00
    -5.10948062e-01 -3.00476491e-01 2.58993149e-01 -3.44455808e-01
    1.36798608e+00 -3.77324611e-01 -2.63230085e-01 -1.90563083e-01
    -6.93460226e-01 4.16150987e-01 1.26046014e+00 1.61585665e+00
    5.86441159e-01 -7.29704380e-01 1.16850638e+00 4.69626725e-01
    1.63245678e+00 7.22925663e-01 8.24443400e-01 1.07953489e-01
    7.87951827e-01 8.88524890e-01 1.88014209e-01 7.86014080e-01
    2.80913830e-01 -3.04847956e-02 -2.53224194e-01 6.54474318e-01
    3.42740119e-01 9.82998431e-01 6.09517694e-01 -4.74395454e-01
    1.53871155e+00 -6.54118121e-01 2.52166271e-01 3.90001297e-01
    6.16578877e-01 1.35151339e+00 1.77216315e+00 1.41679215e+00
    1.10366321e+00 -3.25406939e-01 2.97163486e-01 4.42498684e-01
    1.51825845e-01 -1.94727242e-01 -9.04196501e-03 6.21357203e-01
    9.75689888e-01 1.26977623e-01 9.04291868e-01 1.24240780e+00
    9.71251130e-01 -6.49554968e-01 8.74171913e-01 1.26915896e+00
    4.76611555e-01 7.00088143e-01 -1.32047713e-01 -1.41871750e-01
    1.24071908e+00 1.64854372e+00 -6.93079293e-01 1.78062773e+00
    -4.98042345e-01 1.61615276e+00 2.70002961e-01 6.86311722e-02
    1.77506232e+00 1.52701223e+00 -2.88209826e-01 1.52250314e+00
    8.00218940e-01 7.93243647e-01 1.55195189e+00 1.37011063e+00
    -5.17672539e-01 1.17949438e+00 -5.93207479e-02 -4.61148858e-01
    -5.02070367e-01 -4.66968745e-01 6.09051228e-01 -1.81542814e-01
    3.08062971e-01 1.68614435e+00 1.55836439e+00 -2.94629931e-02
    1.42350888e+00 -3.45339477e-01 -6.08915687e-02 8.39592040e-01
    -1.71833515e-01 -7.14008987e-01 -5.67609072e-01 1.33839130e+00
    1.13406718e+00 2.93731034e-01 4.75050211e-02 1.65072727e+00
    1.00826430e+00 -2.20435917e-01 7.63770163e-01 -7.29891777e-01
    1.06051946e+00 1.58491898e+00 1.04570365e+00 2.80080855e-01
    1.84382617e-01 1.68061519e+00 -3.21269006e-01 2.14668036e-01
    -5.89936554e-01 6.20254993e-01 3.31331968e-01 1.38436079e+00
    1.22188735e+00 2.20184505e-01 6.26584351e-01 -7.40303993e-01
    7.97626972e-01 -7.22282708e-01 5.05362868e-01 1.24815178e+00
    -3.64527047e-01 -4.14473236e-01 1.24364161e+00 3.96951079e-01
    1.47296858e+00 1.70121646e+00 4.58964646e-01 1.07826400e+00
    1.16721678e+00 1.06599712e+00 1.32476461e+00 -7.66825259e-01
    -5.53220212e-01 9.25290823e-01 6.20746672e-01 5.04471064e-01
    7.30564833e-01 -5.73285341e-01 -3.96943092e-03 1.49351048e+00
    -3.57818604e-02 6.22611225e-01 6.27262652e-01 4.51603115e-01
    4.36877728e-01 2.63686121e-01 9.82869685e-01 3.92059684e-02
    -3.06733102e-01 -3.71850550e-01 3.83251011e-01 1.17527878e+00
    1.00206983e+00 7.08787322e-01 6.18203342e-01 1.89125240e-01
    1.98431420e+00 -5.80146313e-02 2.90473938e-01 1.73026514e+00
    6.67945087e-01 2.13220477e-01 -4.85007197e-01 3.07812870e-01
    4.00905371e-01 -6.07248068e-01 1.69927418e+00 6.59978151e-01
    7.68088877e-01 5.47714770e-01 -4.86613452e-01 1.30210984e+00
    1.25691450e+00 -1.69567466e-02 7.35843956e-01 3.68676066e-01
    1.14642215e+00 8.28006446e-01 -6.78299069e-01 -3.83495629e-01
    8.35501313e-01 1.20578051e-01 1.05599582e+00 1.24236202e+00
    -7.98407435e-01 1.13027000e+00 1.40958202e+00 1.27288675e+00
    2.85655677e-01 1.41189432e+00 1.35551882e+00 1.17815304e+00
    1.08986616e+00 4.19218421e-01 1.51371694e+00 1.30602729e+00
    -4.04407442e-01 -3.94153804e-01 6.17007196e-01 -2.24365592e-02
    8.23759139e-01 -3.44290495e-01 1.47529960e-01 1.50795102e+00
    8.67122114e-01 -2.69177675e-01 -7.11465836e-01 3.25935304e-01
    4.17594612e-01 -1.58831537e-01 1.26329601e+00 8.24384630e-01
    5.91679037e-01 1.65888119e+00 1.65571666e+00 1.12227702e+00
    1.75250709e-01 1.47938359e+00 1.11452889e+00 9.54244614e-01
    1.21665716e+00 1.21613002e+00 1.45939922e+00 -7.61622190e-02
    -4.21140730e-01 -4.02802676e-01 -4.39024597e-01 -4.31879282e-01
    1.22829342e+00 -8.33845079e-01 1.63328123e+00 1.60323048e+00
    5.69054902e-01 -1.51098967e-02 2.13356614e-02 7.96699345e-01
    1.54979205e+00 8.12440813e-01 1.17105818e+00 -6.76536560e-03
    1.59139931e-01 3.56717527e-01 1.38384831e+00 2.20657468e-01
    1.53289902e+00 5.53803861e-01 1.30370998e+00 7.21829176e-01
    7.87446380e-01 -4.06016588e-01 -1.99170470e-01 -7.71889031e-01
    -5.12400985e-01 3.53537619e-01 1.44794405e+00 -2.61824727e-01
    -1.97479784e-01 1.28304648e+00 2.23239362e-01 3.01337242e-01
    -2.49389172e-01 -6.84146404e-01 2.96075702e-01 9.00382459e-01
    -6.46820486e-01 5.18206120e-01 3.74535978e-01 1.20756125e+00
    6.10711813e-01 1.21412110e+00 -5.67536771e-01 1.83976471e-01
    -1.42255425e-02 -3.90343696e-01 -3.13419819e-01 2.87970483e-01
    1.08883560e+00 -6.95793629e-01 9.02699172e-01 1.29564142e+00
    3.83191407e-01 9.93850410e-01 -6.88479662e-01 7.95676649e-01
    -4.04966891e-01 1.69647956e+00 1.74980009e+00 -6.28420293e-01
    -3.38716626e-01 -2.01562047e-01 1.76582050e+00 1.25119901e+00
    3.93016994e-01 2.44952857e-01 6.65765405e-02 5.57589710e-01
    -4.87129986e-01 -4.13299978e-01 -3.64595771e-01 -1.57374203e-01
    -2.20861167e-01 6.33371353e-01 6.10076070e-01 1.67269349e+00
    -2.82570750e-01 4.79773879e-01 7.42686927e-01 2.41421759e-01
    1.65911603e+00 -3.34001958e-01 1.71588659e-01 8.61921370e-01
    1.14237070e+00 1.41695404e+00 -1.22521520e-02 -6.07466817e-01
    3.33233953e-01 -3.61985385e-01 1.09926200e+00 1.44344854e+00
    -2.75772423e-01 -5.11474967e-01 6.41665637e-01 -7.03703105e-01
    -6.38015151e-01 1.49354672e+00 -1.96908116e-01 2.15965390e-01
    6.18756413e-02 6.95071638e-01 3.75681400e-01 9.95238423e-02
    1.73159361e+00 -3.92779529e-01 5.09570897e-01 8.83277059e-02
    1.23312414e-01 1.19893742e+00 -1.94304109e-01 -3.32864642e-01
    -3.48281533e-01 -6.82379007e-02 6.83798134e-01 9.63312924e-01
    7.52642751e-02 1.48241329e+00 5.25454044e-01 -3.86448354e-01
    1.28669798e+00 1.57534969e+00 8.36859107e-01 -1.37621045e-01
    -4.52920169e-01 2.52406299e-01 6.78994238e-01 -3.55906487e-02
    2.90808201e-01 9.12252784e-01 -3.19876850e-01 7.98318207e-01
    2.65150845e-01 8.30258131e-01 -1.11875057e-01 -1.64801776e-01
    8.77544880e-01 1.35952497e+00 -1.32299423e-01 7.91921139e-01
    -6.80004478e-01 -5.00819266e-01 -2.26399422e-01 4.84873950e-01
    1.16135764e+00 -1.24908686e-01 1.64711118e+00 4.05174375e-01
    3.09145510e-01 9.01561737e-01 1.19127560e+00 -5.03807187e-01
    5.26119828e-01 1.20932341e+00 9.15582716e-01 1.66827440e-02
    -1.19272709e-01 1.20583308e+00 -6.71961010e-01 1.43562055e+00
    8.90764594e-01 1.01560628e+00 -1.35758579e-01 1.47173488e+00
    2.16584802e-01 -5.15568852e-01 8.11196864e-01 -5.45697749e-01
    1.10512674e-01 8.24142933e-01 7.16577649e-01 1.73659873e+00
    -5.50637841e-02 5.99131405e-01 -4.94165599e-01 1.71869159e+00
    6.47528291e-01 1.62819743e+00 1.27935791e+00 1.62197900e+00
    -8.86867642e-02 -1.48212314e-01 4.88711774e-01 2.94717729e-01
    1.41540980e+00 1.66750443e+00 -7.76826739e-02 -5.97074628e-01
    -7.44337738e-01 5.23564458e-01 1.66899967e+00 7.04665720e-01
    3.68767381e-01 -6.48204207e-01 4.64357018e-01 1.73333669e+00
    8.72977853e-01 1.73262954e-02 -1.84730291e-02 1.04632175e+00
    4.20335531e-01 1.00304651e+00 8.63709629e-01 -7.77458787e-01
    3.00874591e-01 1.49793077e+00 1.69177461e+00 1.46799767e+00
    -2.20673740e-01 -4.72744316e-01 -4.66672599e-01 -4.68983203e-01
    1.16307461e+00 9.72704768e-01 1.40644383e+00 2.32557297e-01
    -1.34363890e-01 1.07729793e-01 9.09908235e-01 1.15602756e+00
    -4.58876312e-01 4.37975883e-01 1.34211588e+00 2.12127805e-01
    1.49877357e+00 2.33788192e-01 1.25960410e-01 9.53838944e-01
    1.71277916e+00 4.07273471e-01 -6.42889023e-01 8.37416410e-01
    7.94124722e-01 3.18058968e-01 1.71711230e+00 3.68251204e-01
    1.66966856e-01 -4.89076495e-01 1.12909293e+00 8.18585217e-01
    -2.31267750e-01 8.86902928e-01 1.20567179e+00 -4.12241876e-01
    -1.90779090e-01 1.15457380e+00 1.13138700e+00 -8.18100572e-02
    8.85194600e-01 1.26262426e+00 -8.79978240e-01 -3.14527571e-01
    1.23003697e+00 -2.55935311e-01 1.02186608e+00 1.45863461e+00
    4.44587350e-01 1.48128259e+00 2.04208791e-01 -1.58603728e-01
    -7.21168518e-03 -5.07069826e-02 8.71475399e-01 5.03169060e-01
    1.70596313e+00 -1.26202464e-01 8.95866752e-02 8.54389668e-02
    9.55593467e-01 5.60312629e-01 1.28715992e-01 -3.37947011e-02
    3.73115540e-01 6.78532243e-01 -4.72194105e-01 6.48171544e-01
    5.98400891e-01 1.05341411e+00 9.11186218e-01 7.27858722e-01
    9.08847868e-01 -6.10987902e-01 1.89439774e-01 -5.41497409e-01
    7.40342617e-01 -1.35674238e-01 1.53886938e+00 4.22347128e-01
    1.75893307e+00 5.17932355e-01 2.61769891e-02 1.58288550e+00
    1.22274661e+00 2.25284517e-01 9.64877427e-01 1.10434008e+00
    3.43995273e-01 9.12366986e-01 7.29843259e-01 -1.08830869e-01
    6.44356370e-01 -7.69881845e-01 -5.59576273e-01 1.51598001e+00
    -7.86749184e-01 1.34590507e+00 9.02681530e-01 -1.87116265e-01
    1.47866368e+00 -4.16795284e-01 -3.36317956e-01 -1.05858982e-01
    1.25012016e+00 9.78298485e-01 -3.10676098e-01 3.87145340e-01
    -3.99140656e-01 4.18851733e-01 1.08560014e+00 2.41706312e-01
    -1.59575820e-01 -4.52204496e-01 9.50019419e-01 8.18998873e-01
    1.57638931e+00 2.40768850e-01 1.05374718e+00 -1.05383396e-02
    6.27288043e-01 9.19603586e-01 9.05645788e-01 -5.32783866e-01
    -2.68059611e-01 1.75758696e+00 -5.52382708e-01 1.60588622e+00
    1.30671263e-02 -4.12053198e-01 3.88331652e-01 1.69910121e+00
    7.86614478e-01 7.34841824e-02 1.26240993e+00 -2.01323450e-01
    1.76883996e-01 7.31671691e-01 -5.57863116e-01 -6.12457514e-01
    7.54253745e-01 -2.42652476e-01 1.33115053e+00 1.57603025e-02
    -3.73673111e-01 8.35591316e-01 1.22919750e+00 1.14312196e+00
    -5.75563431e-01 -3.94610822e-01 1.29599714e+00 1.20203948e+00
    -3.97046238e-01 8.60025704e-01 6.47013605e-01 -2.62233078e-01
    8.13846409e-01 -3.07592064e-01 6.52073741e-01 6.31128967e-01
    -5.18747330e-01 8.98256540e-01 -1.45619094e-01 -2.44296014e-01
    1.06786430e+00 -8.72841477e-02 5.84552348e-01 1.04905725e+00
    1.08993661e+00 5.27739406e-01 1.89273417e-01 -2.33767390e-01
    8.74764025e-01 1.12839198e+00 7.77251065e-01 2.82520533e-01
    1.04291630e+00 -7.18017280e-01 9.98775303e-01 -9.74072218e-02
    4.31584656e-01 -5.87479711e-01 4.62812126e-01 3.00361156e-01
    1.07963693e+00 1.34618878e-02 -4.28145558e-01 1.29484129e+00
    7.14753807e-01 5.10148942e-01 -8.15827608e-01 -3.21546555e-01
    6.12058938e-01 7.00848818e-01 1.36677563e+00 3.13642919e-01
    9.34264839e-01 -1.42261088e-01 1.27454472e+00 -2.54878163e-01
    6.58446372e-01 3.97627354e-01 3.07824612e-02 5.99029064e-01
    1.11862576e+00 7.61926353e-01 -2.43727922e-01 -5.90894938e-01
    1.87531590e-01 6.41749203e-01 9.57884192e-01 7.84304976e-01
    1.65464413e+00 -6.55422926e-01 -6.46545649e-01 5.55465996e-01
    9.87309694e-01 -2.09970593e-01 2.92812467e-01 2.51620770e-01
    -9.28673148e-02 1.49575114e-01 -6.45272076e-01 4.42818165e-01
    1.67025924e+00 5.51589906e-01 6.90948009e-01 7.59378076e-01
    -8.08092952e-02 1.37847662e-01 1.00269997e+00 1.67064428e+00
    8.42685401e-02 4.15409744e-01 4.45380092e-01 1.18497157e+00
    6.82865560e-01 6.05579495e-01 1.03502226e+00 7.65810788e-01
    -2.63670385e-01 -3.34381461e-02 -5.94718277e-01 1.74291420e+00
    8.67590427e-01 5.64717710e-01 -4.36597466e-02 -2.89863050e-01
    -5.30317426e-01 1.40485728e+00 1.59444499e+00 4.84718800e-01
    9.89073396e-01 9.35807288e-01 8.31591070e-01 8.81000459e-01
    8.95574093e-02 1.05991602e+00 8.10732841e-02 2.51162171e-01
    1.70958185e+00 3.19906831e-01 -2.19810724e-01 -5.36798120e-01
    7.99412370e-01 -7.45502472e-01 1.66850686e+00 -6.90988302e-02
    8.32648873e-01 -7.60757327e-02 1.23149800e+00 3.41287255e-02
    1.88862860e-01 1.31765449e+00 7.71830022e-01 1.11594892e+00
    -4.40476656e-01 1.08989370e+00 5.76792359e-01 1.47381246e+00
    1.06806350e+00 1.20715797e-01 -1.03448033e-01 -7.11746395e-01
    4.86001849e-01 8.63976181e-01 4.73676980e-01 -5.00321627e-01
    -6.59922600e-01 3.74898553e-01 3.22398067e-01 -8.51718426e-01
    1.23633718e+00 -2.12095261e-01 1.58467352e+00 1.45314062e+00
    6.41777813e-01 -2.18242526e-01 1.00246596e+00 7.83435643e-01
    8.68737221e-01 -6.26558840e-01 1.30951643e+00 2.13018596e-01
    8.55541706e-01 2.27127731e-01 9.91871536e-01 1.64760721e+00
    3.16097140e-01 -4.59934354e-01 1.07059908e+00 -2.39343643e-01
    1.22765326e+00 1.67045903e+00 1.56295574e+00 2.14237452e-01
    -5.67156732e-01 5.02396643e-01 9.85535264e-01 1.48810256e+00
    1.38175070e+00 -6.31027520e-01 5.89162588e-01 4.56468880e-01
    -4.38177049e-01 -2.89746523e-01 5.31570494e-01 1.39264441e+00
    1.54454064e+00 1.69466627e+00 1.48454857e+00 1.22368109e+00
    2.21710384e-01 1.08456826e+00 -6.59211576e-01 1.46530366e+00
    1.33161092e+00 1.54359901e+00 1.20940924e+00 -5.39617896e-01
    1.23089480e+00 5.85835576e-01 1.53550386e+00 9.67335284e-01
    9.34520960e-02 1.06999147e+00 1.32400167e+00 1.53959489e+00
    1.29247618e+00 -3.95962328e-01 1.63410532e+00 1.01905298e+00
    -2.39543438e-01 9.14849937e-01 -5.13863564e-02 1.33406401e+00
    1.24229479e+00 1.64000976e+00 4.13377881e-01 4.71797287e-01
    7.65880346e-01 2.72009790e-01 1.48257434e-01 6.66311324e-01
    -6.16836905e-01 -4.73204195e-01 1.30385780e+00 1.48453975e+00
    4.78180707e-01 7.60789454e-01 -4.59825993e-01 8.23118687e-01
    1.56965113e+00 -4.35990125e-01 6.36926293e-01 -4.68449682e-01
    1.10187125e+00 1.36467850e+00 9.48077023e-01 1.31627703e+00
    7.33009458e-01 6.92648888e-02 6.56184256e-01 7.33743310e-01
    6.65079534e-01 1.30425847e+00 -7.86589861e-01 1.18167126e+00
    6.64718926e-01 1.40927911e-01 4.16824818e-02 1.46382093e+00
    7.98492968e-01 1.62683725e-01 1.28287005e+00 -2.43337989e-01
    1.51096857e+00 4.66722429e-01 -5.15462518e-01 -6.33838236e-01
    -3.51128936e-01 -2.32439727e-01 -2.32397377e-01 9.07305121e-01
    8.48446488e-02 1.53636932e-02 1.31576061e+00 -2.53628939e-01
    2.72634268e-01 -1.94984078e-01 -3.23833227e-01 3.42603743e-01
    1.98103666e-01 -6.07335567e-03 1.24265265e+00 -4.87823188e-01
    -3.21671605e-01 2.12484479e-01 1.72745585e+00 1.43318725e+00
    1.78847241e+00 -7.32601285e-01 1.55349660e+00 5.18490076e-02
    2.23312676e-01 5.11458337e-01 1.78725123e-02 1.55568790e+00
    1.45437908e+00 1.26107860e+00 -1.74338639e-01 1.51537037e+00
    1.41478443e+00 -1.49482131e-01 -2.96434462e-01 1.75835073e+00
    5.19016325e-01 -1.65044010e-01 1.00624692e+00 -4.82921004e-02
    2.16834903e-01 8.43304992e-01 -2.00257421e-01 1.40787530e+00
    9.17359710e-01 1.06535387e+00 6.50548220e-01 -5.70407271e-01
    8.55809152e-01 4.37819123e-01 1.45588040e+00 -2.95604706e-01
    1.51517510e+00 -3.18700433e-01 6.55388534e-01 5.97218931e-01
    3.63262892e-02 1.01110578e-01 7.64087319e-01 -5.04971743e-01
    -5.38202405e-01 1.28978407e+00 3.99698138e-01 1.64402092e+00
    1.16848075e+00 1.68341100e+00 1.48278379e+00 1.58942199e+00
    1.84430897e-01 1.47286749e+00 -9.26764011e-02 4.66065288e-01
    1.55966318e+00 8.65295708e-01 8.37577522e-01 -5.18262565e-01
    1.13098800e+00 -5.85515022e-01 7.86825001e-01 2.56294191e-01
    1.20730913e+00 1.04103065e+00 4.36229408e-01 -5.98058164e-01
    -6.99937165e-01 -2.97642678e-01 2.74531186e-01 1.71452951e+00
    7.31856108e-01 7.59541988e-02 1.02054536e-01 1.90014422e-01
    1.78363180e+00 -5.81250191e-01 -2.40767956e-01 9.13577199e-01
    9.74065065e-01 -5.80750108e-01 9.10716593e-01 -2.51050055e-01
    7.83114851e-01 1.60203624e+00 4.67805803e-01 -5.11107206e-01
    -3.60071123e-01 -2.84280777e-01 1.48246717e+00 1.39046347e+00
    1.24087608e+00 -5.48707366e-01 4.78012979e-01 1.22565556e+00
    -6.17199481e-01 7.53093660e-01 -6.74461365e-01 1.02265179e+00
    4.59203660e-01 1.75308728e+00 1.74649525e+00 7.90080607e-01
    -9.66327190e-02 -6.63466036e-01 1.68747663e-01 6.50127470e-01
    1.63587546e+00 -1.08563900e-01 8.54117572e-01 -6.16999805e-01
    9.14918721e-01 -2.53502667e-01 1.58396053e+00 6.43506706e-01
    1.78461599e+00 -3.38444591e-01 -5.46048880e-02 1.48516297e-01
    -5.98785639e-01 1.26972353e+00 1.44897985e+00 1.27300072e+00
    1.73395133e+00 1.61753559e+00 9.32759583e-01 7.78009534e-01
    1.02820778e+00 4.75339830e-01 1.01173818e-01 1.46948850e+00
    1.55888414e+00 -4.98830527e-01 1.16489697e+00 8.01607311e-01
    1.56252563e+00 1.04107058e+00 -1.35502696e-01 -6.37775302e-01
    6.76148474e-01 1.21164429e+00 5.09880006e-01 1.08393240e+00
    -6.29615307e-01 2.50568449e-01 -2.36274183e-01 1.58579540e+00
    8.65921021e-01 4.35139537e-02 -1.95832729e-01 1.21233869e+00
    8.45010817e-01 -8.04764092e-01 5.72567344e-01 -6.89107180e-03
    1.23992085e+00 1.47420716e+00 -4.56893682e-01 -6.14761174e-01
    1.03174329e+00 1.48405170e+00 1.21832561e+00 2.93142974e-01
    6.84571207e-01 1.45268488e+00 -1.83007270e-01 -2.21431255e-02
    -3.67326140e-02 -1.35737896e-01 -2.53412694e-01 -5.73676825e-01
    -3.91603202e-01 1.07835174e+00 -2.98313260e-01 -3.27410012e-01
    1.78204775e-02 6.28883302e-01 -8.55658114e-01 6.43894255e-01
    -3.38869691e-02 9.70722437e-01 8.40191662e-01 1.01333880e+00
    1.39187860e+00 -6.94663167e-01 9.03505564e-01 1.46955585e+00
    -1.51168525e-01 1.26024818e+00 1.61589670e+00 1.15788174e+00
    9.39404726e-01 7.43624687e-01 7.31419504e-01 2.82394826e-01
    1.22164845e+00 5.07873952e-01 -4.47983384e-01 1.60533047e+00
    9.40497279e-01 -3.08831006e-01 1.08761168e+00 -2.15063810e-01
    1.25799084e+00 1.75515699e+00 -2.46860027e-01 1.11213791e+00
    1.40055668e+00 1.03396797e+00 -2.90415466e-01 4.82351422e-01
    5.12115717e-01 3.68984222e-01 -2.39461720e-01 -3.68981630e-01
    -5.37242174e-01 -3.03492367e-01 4.48725522e-01 8.63875747e-02
    1.99810863e-01 -6.42096162e-01 -6.10557199e-01 -4.71751094e-02
    -1.82578623e-01 1.38862967e+00 1.44438529e+00 -6.03542924e-01
    6.83239877e-01 1.36590910e+00 5.90070367e-01 5.95121384e-02
    1.61681151e+00 -1.79669857e-02 -4.36030746e-01 5.07231414e-01
    -4.00327057e-01 1.79388380e+00 -6.00412428e-01 -3.04211706e-01
    1.78521347e+00 1.77561784e+00 3.50638032e-01 1.19131446e+00
    8.15390885e-01 3.80781054e-01 1.53611314e+00 -6.44469917e-01
    -4.07299966e-01 1.51839495e+00 6.60112500e-02 1.81534362e+00
    -5.64861178e-01 1.18528986e+00 3.24347258e-01 7.64186144e-01
    -3.71669203e-01 1.83257794e+00 1.11931324e+00 1.71262383e-01
    1.59251940e+00 -1.78737760e-01 3.91202152e-01 1.66956723e-01
    9.40965056e-01 4.43093002e-01 8.56090605e-01 2.81609178e-01
    -6.53753459e-01 1.33880973e+00 4.59420562e-01 2.05951154e-01
    2.16325402e-01 -5.23263812e-01 3.23066115e-02 1.55109262e+00
    7.81051993e-01 1.09714830e+00 8.15043211e-01 8.74599397e-01
    -6.10346675e-01 1.01154423e+00 1.59935999e+00 8.36608171e-01
    -2.55986452e-02 3.23217273e-01 1.40681624e+00 1.57979059e+00
    1.15708733e+00 5.13746679e-01 7.34943151e-01 1.54986882e+00
    -6.16360903e-02 1.28504205e+00 3.37558389e-02 1.35135603e+00
    -6.52321577e-02 4.03494358e-01 -4.77256387e-01 9.14242804e-01
    2.92122781e-01 1.60471642e+00 1.03878641e+00 7.00347304e-01
    8.54564905e-02 -4.85357642e-02 3.39308858e-01 8.83157313e-01
    9.92429852e-02 1.49274457e+00 1.51962090e+00 -3.80650043e-01
    2.60124683e-01 4.96680081e-01 1.58758211e+00 1.13766193e+00
    4.90134478e-01 8.66164982e-01 -2.64028668e-01 -8.50165486e-02
    -4.67089921e-01 1.36183560e+00 1.35878205e+00 4.45799589e-01
    3.57491136e-01 2.33672440e-01 1.75278068e+00 1.41392350e+00
    1.35359716e+00 1.38109350e+00 2.33556390e-01 1.28849518e+00
    7.83482492e-01 7.45142102e-02 7.81248212e-02 8.63722444e-01
    1.72893000e+00 1.67469835e+00 -3.45554918e-01 1.62632465e+00
    1.64489508e-01 -3.11532140e-01 1.39138913e+00 7.17584252e-01
    1.17993283e+00 1.08335137e+00 1.28921628e+00 1.01696014e+00
    2.07233310e-01 1.31540179e+00 3.36952925e-01 -2.69382894e-01
    8.29808712e-02 1.93143785e-01 1.24270141e-01 1.16111302e+00
    -5.57358265e-02 1.51131225e+00 2.87799120e-01 6.41682208e-01
    -7.46912897e-01 1.25020504e+00 4.42967236e-01 -2.15316832e-01
    -2.97130942e-02 2.69846261e-01 1.63462579e+00 1.64729106e+00
    1.05537987e+00 5.19418299e-01 -2.03498244e-01 1.04799950e+00
    1.44729209e+00 -5.37877917e-01 -2.27313042e-01 -6.01985931e-01
    5.30013800e-01 1.33711028e+00 3.39356422e-01 4.60612774e-03
    1.19411886e+00 -6.35462999e-01 1.27588701e+00 8.70452881e-01
    7.50066340e-01 1.49077106e+00 1.56531000e+00 -5.30591011e-01
    -6.08904958e-01 3.96851659e-01 1.17010677e+00 1.05167329e+00
    9.27686691e-01 1.15716171e+00 2.77586281e-01 -5.59978306e-01
    1.62197423e+00 1.52076375e+00 -4.81364995e-01 1.06620359e+00
    6.65312946e-01 1.00787115e+00 1.36029840e+00 1.26422429e+00
    6.66147411e-01 -7.53675640e-01 1.78781891e+00 6.27880812e-01
    9.72257435e-01 -3.82096261e-01 1.64420688e+00 1.11082613e+00
    1.17296553e+00 7.34198987e-01 -4.43400413e-01 2.25501060e-02
    1.26458430e+00 -7.50354528e-02 1.47620869e+00 1.60641313e-01
    -3.13441366e-01 1.63010693e+00 -3.90752226e-01 1.27552032e+00
    1.19513988e-01 6.32454157e-01 1.55344737e+00 9.43215728e-01
    7.75299013e-01 1.49261141e+00 6.94769263e-01 -4.41495001e-01
    1.33726418e+00 1.35556638e-01 9.71949637e-01 1.22936404e+00
    -1.59262419e-02 7.07393765e-01 9.75948572e-03 1.08363318e+00
    3.12655330e-01 1.09450841e+00 1.67359114e+00 -3.75343919e-01
    -7.68866956e-01 1.17822349e+00 -6.58790410e-01 1.37764513e+00
    3.91716659e-01 4.66733098e-01 8.28749478e-01 -4.26635355e-01
    1.48538709e+00 -6.52008176e-01 4.49721932e-01 -1.16875231e-01
    -3.34801555e-01 1.70920348e+00 3.52630556e-01 -3.57733279e-01
    1.12864256e+00 6.20682001e-01 -1.08036518e-01 1.22769749e+00
    1.51691020e+00 7.63707757e-02 4.45767462e-01 3.54734659e-02
    1.80504012e+00 -4.06915933e-01 1.51934981e+00 1.53602433e+00
    4.51149821e-01 1.28866923e+00 -6.25780106e-01 -1.98666573e-01
    1.05011821e+00 1.53894472e+00 1.40953541e-01 -4.72016513e-01
    -6.00218832e-01 1.36776853e+00 1.25751412e+00 -1.26571715e-01
    -6.01554513e-02 1.18665290e+00 6.94602728e-02 4.48310375e-03
    7.71400273e-01 -7.79571533e-02 -1.17176831e-01 3.77104163e-01
    1.40079904e+00 1.72746789e+00 -1.76433653e-01 -6.20272636e-01
    3.49866927e-01 1.49119735e+00 -6.88922822e-01 -3.30443770e-01
    -3.76048237e-01 -4.19011861e-01 -2.20622957e-01 4.10629213e-01
    1.67998230e+00 1.59686184e+00 -2.91184247e-01 1.41931009e+00
    1.82605863e+00 1.28618586e+00 4.67210293e-01 -6.28269911e-01
    4.02635336e-01 5.93291938e-01 5.38227618e-01 1.34421682e+00
    -9.66222286e-02 4.36348975e-01 1.30541837e+00 -5.55364907e-01
    2.36285865e-01 1.00140023e+00 4.20666397e-01 1.69419789e+00
    7.72275150e-01 -1.08269453e-02 -2.13093221e-01 1.44854808e+00
    8.97390246e-02 8.31637323e-01 -5.97354710e-01 3.77693236e-01
    -6.12963080e-01 1.30413437e+00 1.60891294e-01 -2.02354431e-01
    1.31322002e+00 1.49905944e+00 1.50311828e+00 7.61386096e-01
    9.46702003e-01 6.47299349e-01 -1.23420596e-01 8.37528527e-01
    2.56058097e-01 1.59106135e+00 1.15577602e+00 1.15098000e-01
    1.14462638e+00 9.21778798e-01 3.91967952e-01 6.62530243e-01
    -7.04938173e-03 1.38442993e+00 -5.56816459e-01 -4.95952994e-01
    9.43588674e-01 1.13721442e+00 -1.25075817e-01 -2.48745501e-01
    1.03665018e+00 -4.01801199e-01 -7.24995852e-01 1.12791896e+00
    4.28671956e-01 -2.06637561e-01 1.07640696e+00 -3.08198333e-01
    1.18395793e+00 1.11248350e+00 -5.17729878e-01 -6.22241616e-01
    9.06442404e-02 1.85876846e-01 5.57487369e-01 2.65916526e-01
    8.41092110e-01 1.39591432e+00 -5.22178173e-01 1.19135332e+00
    7.25044191e-01 9.83202696e-01 -1.74350023e-01 5.98104954e-01
    4.13115263e-01 9.70327854e-02 7.52506256e-01 -3.18236947e-02
    8.00853550e-01 1.63981855e+00 1.19671106e+00 -2.61010289e-01
    3.40956390e-01 1.29008913e+00 -7.40916967e-01 1.59983802e+00
    -6.60007894e-01 -3.56387883e-01 -5.81734776e-02 3.31268787e-01
    6.46378815e-01 3.86430025e-01 1.51138020e+00 1.24854541e+00
    1.04634404e-01 8.87559652e-01 -1.53476059e-01 1.73975229e+00
    -5.42515874e-01 -2.37115622e-01 1.01696491e+00 -2.35240281e-01
    4.72750068e-01 -4.63483185e-01 8.18725884e-01 3.41558933e-01
    6.75703228e-01 6.06009424e-01 2.84663200e-01 1.56112635e+00
    1.37628913e-02 1.91224456e-01 2.35804021e-01 1.79756343e+00
    -3.75479400e-01 -1.12242997e-01 -3.28642100e-01 1.39827847e+00
    1.23069525e+00 1.80866146e+00 1.80385375e+00 -6.49232745e-01
    1.06559634e-01 7.10112691e-01 9.78826702e-01 -7.95993924e-01
    3.48841608e-01 -3.83831114e-01 2.22505987e-01 6.40994251e-01
    -6.26888514e-01 2.58829355e-01 -4.76197124e-01 1.01114726e+00
    1.37568736e+00 5.94325066e-02 -4.18459147e-01 1.42917597e+00
    2.94467032e-01 1.01580358e+00 9.49394107e-02 4.64093149e-01
    1.58832824e+00 1.01389074e+00 1.06178522e+00 -6.88010454e-02
    1.19322014e+00 5.07089436e-01 7.13020980e-01 -4.86553311e-01
    8.02123606e-01 4.33469415e-02 3.69388163e-01 -7.18667269e-01
    1.96963549e-01 -1.15151286e-01 1.62472868e+00 -2.97913909e-01
    3.05829346e-01 4.73048687e-02 1.28910160e+00 6.74311757e-01
    -1.37771368e-01 -3.52158010e-01 1.36907983e+00 7.53188848e-01
    3.87675762e-02 8.16649020e-01 -8.77044797e-02 1.23267269e+00
    1.37059546e+00 1.83534205e-01 4.11508560e-01 3.42662334e-01
    -6.96746945e-01 4.08945918e-01 -6.15764260e-01 -1.69161558e-02
    1.60268259e+00 9.94688213e-01 1.05507731e+00 -6.32519245e-01
    6.62983656e-02 1.20687628e+00 3.75028551e-01 -5.45281172e-03
    6.30653143e-01 7.71882236e-01 4.91958022e-01 8.63105059e-03
    5.22050261e-02 -7.00288177e-01 1.68282664e+00 3.60824585e-01
    -8.09893966e-01 4.24382210e-01 4.17002380e-01 3.25586975e-01
    4.54006612e-01 -1.02857471e-01 1.41956544e+00 1.68977809e+00
    -4.06613529e-01 -2.72460610e-01 1.57935929e+00 1.25825834e+00
    1.27590883e+00 8.24575007e-01 7.36196518e-01 -4.07557100e-01
    8.82059336e-02 -3.50130171e-01 -5.11037707e-01 -4.08341289e-01
    1.24731255e+00 -3.19569886e-01 3.61115634e-01 7.72489965e-01
    -6.14923298e-01 1.12150943e+00 -4.91979122e-02 1.38323331e+00
    6.47284329e-01 9.42205727e-01 1.36186242e+00 1.62025785e+00
    9.82041955e-01 6.38031125e-01 8.20448101e-01 2.51909912e-01
    1.01909637e+00 1.32047129e+00 -2.56326586e-01 1.23575687e+00
    5.13172746e-01 -4.98899609e-01 -5.22657156e-01 7.05888808e-01
    6.29473567e-01 8.85545969e-01 -5.45678258e-01 1.25222015e+00
    5.71100473e-01 -1.91371351e-01 1.06175578e+00 -4.81494963e-01
    1.06562686e+00 1.25922215e+00 -6.23870969e-01 1.06695223e+00
    1.25579989e+00 1.00926697e-01 -4.37129736e-02 6.87191069e-01
    1.24737096e+00 6.55143678e-01 4.93454397e-01 5.79992950e-01
    3.39524329e-01 -7.84384549e-01 5.28178036e-01 3.40678453e-01
    6.61600471e-01 -3.63634706e-01 -1.67612672e-01 1.81095481e-01
    -1.05161488e-01 9.19478953e-01 1.64126050e+00 -3.00999880e-02
    -6.02524877e-02 8.33862543e-01 -4.23321545e-01 1.43289423e+00
    -5.73352039e-01 6.52535677e-01 1.16810215e+00 -5.91965616e-01
    6.58524930e-01 1.53208661e+00 1.08538115e+00 1.17834520e+00
    -4.58134472e-01 5.10929823e-01 1.50794220e+00 1.14092314e+00
    1.79713964e-01 1.04179704e+00 1.24957204e-01 1.89912200e-01
    4.84180629e-01 7.57079303e-01 3.79914820e-01 1.39871836e-01
    -1.74603760e-01 2.56087124e-01 7.01233089e-01 -8.86532664e-02
    1.70591557e+00 1.69960499e+00 1.60823059e+00 -5.52664995e-01
    1.69465446e+00 1.47394204e+00 -4.99408245e-02 2.73744345e-01
    1.10247302e+00 1.05318606e+00 -5.65967321e-01 -6.78734660e-01
    -7.59629905e-01 7.49776781e-01 6.48976684e-01 -5.90367556e-01
    9.88999605e-02 2.25366294e-01 1.43537664e+00 -7.87834346e-01
    2.94496953e-01 -4.18418825e-01 -2.10669994e-01 -5.93906164e-01
    8.75051439e-01 6.45634115e-01 3.45875621e-01 -1.54024303e-01
    4.92990315e-01 -2.35352427e-01 7.58740127e-01 2.72919327e-01
    -2.18723699e-01 1.81880951e+00 -1.76736623e-01 -5.76651812e-01
    9.34726000e-01 -7.05374777e-01 9.01810527e-01 -2.14034140e-01
    1.17832839e+00 -7.84094930e-01 -7.83114016e-01 1.74162126e+00
    1.54730844e+00 1.53553784e+00 -7.14615822e-01 -6.53119445e-01
    1.67213476e+00 1.17883170e+00 1.27535367e+00 1.58796203e+00
    6.94841921e-01 3.28987479e-01 6.16177678e-01 5.05165160e-01
    1.69474852e+00 9.83785689e-01 6.96779370e-01 -1.41761720e-01
    8.65478277e-01 -5.05987525e-01 -3.12655866e-01 8.15234125e-01
    8.33359003e-01 1.47714889e+00 1.76567888e+00 1.77784979e+00
    1.59802914e-01 9.86080050e-01 3.81528139e-01 -5.42668104e-01
    7.41954267e-01 -5.78159750e-01 6.67363405e-01 1.92229629e-01
    -5.78866303e-01 1.57557881e+00 5.75954854e-01 -8.86055827e-02
    7.98059702e-01 -7.06442475e-01 1.67960978e+00 7.10313559e-01
    1.16003346e+00 -6.30344808e-01 8.04295599e-01 -1.70370698e-01
    1.14716995e+00 1.44549966e+00 1.63745213e+00 -1.95157111e-01
    1.05205572e+00 3.98287237e-01 4.65863109e-01 -1.27655089e-01
    -2.35384464e-01 7.10587382e-01 1.02475595e+00 7.53454089e-01
    -2.93489873e-01 1.08492851e+00 -2.22409487e-01 9.35045719e-01
    1.49095058e+00 1.51781797e+00 1.27311826e+00 7.93131471e-01
    1.27880740e+00 -4.07146752e-01 4.16965485e-01 1.49796844e+00
    -8.25883150e-02 1.57893181e+00 -3.17350537e-01 -5.77642560e-01
    1.94391310e-01 -6.67252243e-01 9.38263655e-01 -4.62646693e-01
    9.18270171e-01 5.06660819e-01 1.63204169e+00 6.39158309e-01
    -3.26209933e-01 -5.98755002e-01 2.41280973e-01 -4.55623209e-01
    4.35650229e-01 -3.66591632e-01 -1.09044313e-02 9.41268921e-01
    4.60291564e-01 9.80938077e-01 1.61563277e+00 1.65348697e+00
    1.21574020e+00 -3.10257375e-01 1.04152310e+00 5.25248587e-01
    2.67807424e-01 4.31981623e-01 1.61045051e+00 1.07539463e+00
    5.33052564e-01 6.58167243e-01 5.41081905e-01 -5.85737407e-01
    -1.55149341e-01 9.84157324e-02 1.51347411e+00 6.81470156e-01
    1.57286954e+00 5.65976858e-01 8.05835009e-01 1.15551686e+00
    1.62827921e+00 1.44287658e+00 -8.29001069e-02 4.59285259e-01
    -3.58633339e-01 -1.55239403e-01 2.84673750e-01 1.61411119e+00
    1.83794558e-01 -6.19244695e-01 1.76315808e+00 -4.75623399e-01
    -5.80125213e-01 1.30352354e+00 -4.34875727e-01 9.35495317e-01
    3.13840508e-01 1.14032292e+00 -3.18535268e-01 -3.71813148e-01
    1.07768679e+00 1.46326101e+00 1.33121705e+00 -7.47061372e-02
    9.14064229e-01 9.09718335e-01 7.32193470e-01 1.37304950e+00
    6.81121349e-01 1.39208531e+00 -2.87236273e-01 1.09266520e-01
    5.77994823e-01 -6.29854441e-01 -3.06694835e-01 1.06798172e+00
    -5.22975922e-01 -1.36791825e-01 -4.46763545e-01 1.70394444e+00
    -3.50357056e-01 4.51878071e-01 5.85552454e-02 -3.06084245e-01
    6.33720160e-01 9.92199540e-01 4.61783648e-01 1.79458833e+00
    -7.22456634e-01 9.22446311e-01 8.56380880e-01 -7.46765614e-01
    -6.90480709e-01 -6.52809262e-01 1.09035289e+00 4.10457551e-01
    -2.29668438e-01 -6.79538548e-01 1.49482203e+00 -2.23120630e-01
    -3.91848505e-01 1.68898344e-01 1.03496766e+00 7.28034973e-01
    2.09260046e-01 2.21995711e-01 1.08947551e+00 7.58466721e-02
    1.04470778e+00 -5.19840002e-01 1.33809686e-01 1.22013032e-01
    -6.25815928e-01 1.66220498e+00 1.58217287e+00 9.97654676e-01
    1.15889680e+00 -3.40138674e-02 1.06028497e-01 -5.07975221e-02
    1.22159553e+00 -3.85278314e-01 7.93088675e-01 -1.98149025e-01
    1.28949666e+00 8.19662154e-01 -4.26018864e-01 1.41344702e+00
    1.36515307e+00 1.63325071e-01 1.04564333e+00 3.17570150e-01
    1.41145635e+00 4.92549181e-01 -1.91824913e-01 1.79212093e-02
    -6.67021453e-01 2.33020365e-01 8.45274866e-01 1.77859521e+00
    7.05407262e-01 1.01361132e+00 -4.09953386e-01 6.27185047e-01
    5.51296890e-01 1.01014447e+00 4.43968117e-01 1.14358783e+00
    5.65606475e-01 9.18740034e-02 1.02972579e+00 1.64386630e-02
    -5.74196279e-01 6.48127079e-01 1.64214563e+00 9.55627978e-01
    1.45137739e+00 1.56885576e+00 1.45629263e+00 7.04433024e-01
    -5.74429631e-02 1.37580180e+00 -4.49409336e-01 7.45173097e-01
    7.95099139e-01 1.21443033e-01 5.16955197e-01 3.16882551e-01
    -6.09548688e-01 2.61724532e-01 1.04503345e+00 1.16514409e+00
    1.20797491e+00 6.30329549e-01 -3.09553415e-01 1.34480643e+00
    -1.01193786e-02 2.15796769e-01 -2.28904247e-01 -2.84886777e-01
    1.11137652e+00 -1.22716248e-01 -4.45487231e-01 1.68326294e+00
    1.12147105e+00 -6.68598056e-01 1.01668215e+00 -1.54397964e-01
    9.07850862e-01 -6.22125864e-02 -5.82703650e-01 1.35541892e+00
    -7.66089201e-01 1.15827417e+00 1.26915050e+00 1.29831052e+00
    -1.70836687e-01 7.63716519e-01 1.08916807e+00 1.23721695e+00
    1.56832099e-01 1.64986002e+00 1.77366376e+00 9.29824710e-02
    -4.34893876e-01 -2.04362035e-01 -5.79009950e-01 1.01737356e+00
    1.26515841e+00 3.42801809e-01 1.26857877e+00 3.41900945e-01
    5.33255935e-02 1.13555670e+00 1.63215303e+00 7.03900814e-01
    6.46677017e-02 2.74195135e-01 5.78763723e-01 -1.54940248e-01
    -3.73532772e-02 1.48500812e+00 4.50929224e-01 7.82287598e-01
    -2.57845134e-01 -8.03486109e-02 1.22884655e+00 4.70128953e-01
    1.83778858e+00 3.98833156e-02 -4.07622457e-02 5.91706455e-01
    9.37576056e-01 5.79340637e-01 -4.11115706e-01 2.53034353e-01
    1.46095896e+00 9.29530382e-01 -9.22703743e-02 2.07824409e-01
    1.25665367e-01 6.61184788e-02 5.15787780e-01 4.73033249e-01
    -8.66496563e-03 -5.21044850e-01 1.69352758e+00 -6.82538807e-01
    -4.62972611e-01 7.99753308e-01 -2.18387336e-01 -6.12473488e-03
    1.46400094e+00 -5.40707231e-01 1.74071193e-02 1.72887766e+00
    5.98915100e-01 -6.13923728e-01 -2.09160447e-01 1.37041378e+00
    1.55526948e+00 -6.26638293e-01 -6.66260004e-01 1.62919807e+00
    9.39815760e-01 -3.19140345e-01 4.79963541e-01 -1.06977046e-01
    -3.73812854e-01 -4.59820390e-01 -3.44633251e-01 1.72706079e+00
    1.58451104e+00 -4.90569264e-01 1.51391160e+00 9.75939929e-01
    2.65669227e-01 -1.26814842e-01 8.31905246e-01 7.13011622e-01
    2.48320699e-01 1.24299264e+00 5.12720823e-01 -6.13687396e-01
    7.20029712e-01 5.37950695e-01 -6.75398111e-02 -2.77637273e-01
    1.07162452e+00 6.48987293e-02 6.34565055e-01 -7.69885302e-01
    9.29456651e-01 1.88897848e-01 3.52701306e-01 1.07792282e+00
    -1.13357663e-01 4.08104837e-01 4.95978057e-01 6.58510923e-02
    -1.48143530e-01 -6.41174495e-01 4.87855732e-01 -7.15897322e-01
    1.14107668e-01 -1.38542056e-02 -5.15982032e-01 4.60726380e-01
    1.02404201e+00 8.39936674e-01 6.83697939e-01 1.02282953e+00
    9.06256020e-01 1.85633421e+00 1.04641199e+00 -4.11118597e-01
    2.42462456e-01 3.75619590e-01 1.46438265e+00 -1.32139623e-01
    -1.80023134e-01 8.33092451e-01 -1.73422694e-01 2.80764580e-01
    5.96723199e-01 1.01858926e+00 -6.77107215e-01 2.69972563e-01
    1.15115094e+00 6.42594337e-01 -2.66455978e-01 -1.67855680e-01
    1.80729187e+00 4.35504913e-01 9.61808980e-01 -7.05791473e-01
    2.02788234e-01 1.25214076e+00 -2.77777046e-01 1.44839597e+00
    4.73292470e-01 -1.71664894e-01 1.63886142e+00 1.42256796e+00
    -5.01145780e-01 1.45105863e+00 1.10670567e+00 1.49923658e+00
    1.26803756e+00 9.05135036e-01 5.22363424e-01 4.79291558e-01
    1.51466012e-01 6.34515882e-02 1.24620199e-01 5.65899730e-01
    7.83488393e-01 4.45203245e-01 8.64556134e-01 -4.03011352e-01
    1.56954718e+00 1.77421570e+00 5.91808259e-01 1.09607506e+00
    3.09807658e-01 -2.41741538e-02 5.65115213e-01 -7.10306048e-01
    8.44624996e-01 3.11065435e-01 -5.91208756e-01 -7.18833923e-01
    7.87541986e-01 1.65536964e+00 4.94782150e-01 1.90832973e-01
    7.39734471e-01 5.41173458e-01 1.19370127e+00 3.38100195e-01
    -8.50508451e-01 -7.42152512e-01 5.67706227e-01 8.04319859e-01
    3.90148163e-02 -5.51372409e-01 1.40364444e+00 1.10388970e+00
    1.23548234e+00 1.12210464e+00 2.65306830e-02 1.01069689e+00
    4.49807167e-01 1.06333423e+00 1.26667380e-01 8.08882356e-01
    -6.37959242e-01 2.50940919e-01 2.86563873e-01 1.63470054e+00
    -6.25821590e-01 1.30895042e+00 9.13006365e-01 1.21042621e+00
    1.22771323e+00 2.39310563e-01 1.03976035e+00 -4.33862209e-04
    8.40849996e-01 -4.50841844e-01 1.33288383e+00 6.48575068e-01
    1.51817369e+00 1.23310840e+00 -1.06022835e-01 1.53140843e+00
    9.91192222e-01 5.49222291e-01 4.81164515e-01 1.71079016e+00
    -5.62702060e-01 1.08175933e-01 5.28115332e-01 1.38449907e+00
    -1.63124800e-02 1.63817835e+00 9.34722841e-01 6.44256592e-01
    2.93024421e-01 3.32959324e-01 1.69030333e+00 -3.73929262e-01
    1.16695499e+00 1.34997952e+00 1.58159137e-01 1.49645734e+00
    2.76836395e-01 1.51487052e-01 -1.12568438e-01 6.06745064e-01
    -5.21826506e-01 5.20639896e-01 1.70245361e+00 1.49792254e+00
    -2.96493202e-01 8.83610010e-01 7.16756880e-01 1.69375694e+00
    -8.15558672e-01 -2.17533112e-02 -4.92290378e-01 -6.49431348e-01
    -1.69910550e-01 6.78815842e-01 3.43699038e-01 1.13034415e+00
    -2.00541019e-01 1.52334177e+00 -5.90234518e-01 -6.08760476e-01
    -3.66688371e-01 1.50082934e+00 -7.19403386e-01 1.27732790e+00
    -3.98068160e-01 5.29031515e-01 4.11227942e-01 -4.32512105e-01
    3.89118195e-02 -3.93546164e-01 -4.23268259e-01 1.64529920e-01
    -5.06600559e-01 -5.55796266e-01 -5.43898344e-03 8.70359063e-01
    7.41915166e-01 1.15421510e+00 1.44694638e+00 3.73547673e-02
    1.60170054e+00 1.10304952e-01 -9.42630768e-02 -2.52838612e-01
    1.05484891e+00 5.54988801e-01 2.57340848e-01 -4.32255328e-01
    7.38870084e-01 1.48736548e+00 -1.39436722e-01 1.20414877e+00
    8.13136756e-01 -7.11852372e-01 1.01012492e+00 1.56085682e+00
    5.74016273e-01 8.76068890e-01 2.72485495e-01 1.63255811e-01
    1.00755453e+00 -7.82385588e-01 -5.16583323e-02 1.17758119e+00
    1.48669791e+00 -7.08179951e-01 9.41874564e-01 9.80465591e-01
    -4.18258369e-01 1.42944336e+00 1.27076745e+00 -5.55934787e-01
    -5.48169017e-01 -4.86931741e-01 -6.62566423e-02 -4.00785893e-01
    1.22381425e+00 -7.05865622e-02 5.06673992e-01 -2.79014140e-01
    2.16699839e-02 -5.45510828e-01 4.61909175e-02 1.30562007e-01
    -2.54414916e-01 -5.27375817e-01 1.19680166e-01 2.10271776e-01
    -5.51828027e-01 2.20771849e-01 1.06868887e+00 6.34359777e-01
    1.21262074e+00 3.42436433e-01 5.10576963e-01 -7.95564294e-01
    3.93957853e-01 1.24849975e-01 1.16246557e+00 6.43666446e-01
    -8.38768482e-03 4.94446218e-01 -6.29693270e-02 1.70182848e+00
    1.02381277e+00 1.13015795e+00 -1.22133851e-01 -2.38800168e-01
    9.98440623e-01 -8.20197225e-01 5.55115402e-01 7.92751551e-01
    -2.15981960e-01 3.04865181e-01 7.57730007e-01 5.93306541e-01
    2.38669574e-01 5.99063754e-01 3.47557664e-02 8.47570717e-01
    8.24936569e-01 -2.85005748e-01 1.39227009e+00 -5.09052873e-02
    1.07445180e+00 1.40536046e+00 8.43412519e-01 -3.77923846e-02
    8.46563876e-01 1.64942586e+00 -1.39873326e-01 -2.00772107e-01
    -1.10275924e-01 3.70678246e-01 1.79041886e+00 -6.57652497e-01
    1.54252672e+00 1.26617491e-01 1.61279428e+00 1.39574564e+00
    5.18610775e-01 -4.43013340e-01 -3.11419368e-02 6.18703008e-01
    2.74555564e-01 1.47144723e+00 -1.21758580e-01 1.08710670e+00
    1.61938512e+00 1.99531317e-02 -5.24141550e-01 7.27031052e-01
    7.87995279e-01 1.40568185e+00 -1.89189196e-01 1.67052865e+00
    1.19013047e+00 1.11789167e+00 -7.64793396e-01 -5.84314823e-01
    -2.96220154e-01 8.63604426e-01 -4.88894403e-01 -2.53005028e-01
    9.21549916e-01 1.42058015e+00 1.08603477e+00 9.11533415e-01
    6.31452501e-01 7.40505457e-01 6.15920186e-01 5.55666625e-01
    3.27001572e-01 -2.75391102e-01 1.29551601e+00 1.59412384e+00
    2.00730979e-01 -5.48788965e-01 7.95327783e-01 4.70880151e-01
    6.36178732e-01 1.34910858e+00 8.90301645e-01 2.27398753e-01
    1.70423794e+00 7.34775066e-01 1.58439469e+00 1.37187362e+00
    6.05404317e-01 -3.53890985e-01 1.31822371e+00 5.95493317e-02
    -1.10483885e-01 7.23604023e-01 1.04655528e+00 2.74750590e-01
    -6.40846670e-01 1.58193326e+00 -1.51821852e-01 1.17678642e-02
    -1.50303841e-02 1.03712082e-03 4.69111860e-01 -6.63429618e-01
    -3.57701838e-01 -2.75970846e-01 5.73341548e-01 -9.94713902e-02
    -4.38963979e-01 1.56727421e+00 7.16530740e-01 -6.65035844e-02
    5.46593964e-01 9.93284941e-01 -5.83553016e-01 -5.56701422e-01
    3.76266181e-01 1.91354096e-01 -4.21191543e-01 1.09205413e+00
    1.16160953e+00 1.70680702e+00 -6.75961435e-01 -2.73082316e-01
    1.22183669e+00 8.92022073e-01 1.20811820e+00 -1.21362209e-01
    1.38529587e+00 -6.43300831e-01 1.52174544e+00 1.07128441e+00
    5.24906337e-01 7.06522048e-01 -1.32431328e-01 1.05262315e+00
    -2.18201339e-01 4.93198991e-01 1.58399320e+00 1.15024471e+00
    1.28370631e+00 1.64595246e+00 1.17898035e+00 -2.75995374e-01
    -3.24015617e-02 4.12556887e-01 -2.12166399e-01 1.23866773e+00
    3.33690941e-01 9.84129488e-01 7.11639702e-01 1.43622947e+00
    1.20362163e-01 1.46808863e+00 1.52819324e+00 1.21288145e+00
    -5.72948694e-01 -6.73685551e-01 9.96472299e-01 4.71854031e-01
    -1.43328190e-01 -5.14513433e-01 3.42053950e-01 5.31838119e-01
    6.91034138e-01 -1.44529343e-01 6.64407790e-01 -5.43896675e-01
    1.73371315e+00 -4.34317380e-01 4.69483316e-01 7.65168250e-01
    1.66698551e+00 1.03509891e+00 1.28755283e+00 8.69344771e-01
    4.26259100e-01 -7.26880848e-01 1.17262769e+00 1.63005352e+00
    2.25076079e-02 -6.74982965e-01 -4.64058399e-01 -1.44277215e-02
    5.06524980e-01 -6.80127978e-01 1.87669730e+00 -2.04596937e-01
    -4.61290181e-01 -2.95835704e-01 -6.49877191e-01 -2.00070322e-01
    9.19240296e-01 1.39046645e+00 3.67669880e-01 3.25703621e-01
    3.27822924e-01 -4.30081815e-01 -6.27334714e-01 8.02865386e-01
    -5.19729257e-02 4.58957732e-01 4.41962481e-03 1.09409523e+00
    -5.96793532e-01 7.52694070e-01 9.28836048e-01 -4.29459214e-01
    1.28947806e+00 -4.32734728e-01 8.40777576e-01 1.29332566e+00
    1.26744509e+00 -3.92836481e-01 6.95012689e-01 -4.00034189e-02
    1.08993053e-02 1.53715062e+00 9.57379341e-02 -2.41554260e-01
    1.64606428e+00 6.79921091e-01 7.45642662e-01 4.92692649e-01
    3.05889726e-01 1.58844817e+00 1.52115762e+00 -2.16570228e-01
    6.32694066e-01 6.42341495e-01 1.81531811e+00 9.00173187e-02
    1.49333858e+00 5.96519828e-01 1.52202857e+00 -5.65241218e-01
    1.90033388e+00 3.56760263e-01 7.67231524e-01 -9.47727561e-02
    1.83626413e+00 1.47301030e+00 6.61847830e-01 -2.02013493e-01
    -6.98662341e-01 8.11803281e-01 1.29374790e+00 1.22193253e+00
    1.51342261e+00 1.41452658e+00 6.40236437e-01 1.44541740e+00
    8.90547991e-01 8.15866113e-01 -6.76472008e-01 7.51596272e-01
    1.30463028e+00 1.57523859e+00 3.52959096e-01 -3.44761163e-01
    -6.56758904e-01 4.43272233e-01 6.06753230e-01 1.67577195e+00
    -7.92429745e-01 1.36614203e-01 -6.11919165e-03 1.97862446e-01
    -6.55861497e-02 -1.75824642e-01 1.12841249e-01 1.63450742e+00
    5.48985004e-02 5.79867661e-01 1.12315440e+00 -6.19177878e-01
    1.70568705e-01 -7.47840703e-01 8.01507652e-01 8.89243007e-01
    -6.32771552e-01 3.98223698e-01 8.01710308e-01 -3.39069366e-02
    1.40486896e-01 -3.05156171e-01 3.22278142e-01 8.09719026e-01
    -3.51559013e-01 1.10976696e+00 -6.69044375e-01 -1.78615928e-01
    -4.55030799e-02 -2.97579497e-01 2.04897940e-01 1.65067315e-01
    6.76559329e-01 9.73293662e-01 7.35053360e-01 -6.79031610e-02
    7.54634857e-01 -3.81461382e-01 1.69010270e+00 1.66941202e+00
    2.18380511e-01 7.98815966e-01 9.17795658e-01 -5.02762377e-01
    6.88370943e-01 3.47837865e-01 1.62500155e+00 -1.81005657e-01
    -7.51405716e-01 -1.39689565e-01 -6.36883974e-02 2.03502059e-01
    1.78479385e+00 1.05445671e+00 1.03418779e+00 1.41862202e+00
    1.43595994e+00 4.11189616e-01 -9.46079493e-02 4.58046257e-01
    5.25474072e-01 -6.46672070e-01 5.11777461e-01 7.54345357e-01
    -2.99025059e-01 5.31571507e-01 3.94958556e-01 4.01046216e-01
    1.72734809e+00 -7.27868199e-01 7.94934511e-01 -6.76208436e-01
    -1.34261489e-01 1.34911036e+00 2.58149505e-01 -1.53938711e-01
    3.02580595e-01 6.46286428e-01 8.84150445e-01 -8.49645615e-01
    1.29213047e+00 1.57749057e+00 -7.97269464e-01 1.35181594e+00
    -7.59657383e-01 2.65607297e-01 1.55847383e+00 1.23488188e-01
    4.00717258e-02 4.75875378e-01 3.61290991e-01 -1.58004344e-01
    -7.63955653e-01 1.28741574e+00 3.58695924e-01 1.05458879e+00
    -7.59200037e-01 1.52504945e+00 1.02449417e+00 1.65281606e+00
    1.25000775e+00 6.54408932e-01 -6.34809971e-01 -4.58438039e-01
    1.63995969e+00 3.64502668e-02 -7.01258302e-01 -2.65924811e-01
    9.91652608e-02 -9.22525525e-02 9.90943432e-01 5.39388239e-01
    9.30239558e-01 7.02192128e-01 -3.47769141e-01 -7.14084804e-01
    6.07666492e-01 1.52314723e-01 1.22910845e+00 6.22632504e-02
    -1.94812655e-01 1.17405009e+00 -3.94882619e-01 -2.01743662e-01
    -5.81706047e-01 4.61208880e-01 -5.68614244e-01 7.19375014e-01
    1.06219721e+00 1.56366801e+00 -4.03023541e-01 8.90153646e-01
    1.20799839e-01 1.79882944e+00 1.41737723e+00 -2.04606116e-01
    1.39068007e+00 1.13871551e+00 7.58001506e-01 -7.72443354e-01
    1.52128458e-01 1.74659240e+00 4.22161400e-01 -2.80062020e-01
    1.00428712e+00 1.54941535e+00 1.35135961e+00 8.81063223e-01
    1.77774477e+00 1.11711788e+00 6.13050282e-01 -2.33466625e-02
    7.09411323e-01 -4.50045675e-01 -1.91881061e-01 1.61169481e+00
    -3.65636379e-01 4.69456494e-01 1.68276525e+00 1.64575529e+00
    8.90051186e-01 2.39329338e-02 5.37227988e-02 5.56341171e-01
    7.06075907e-01 7.22160995e-01 -2.38235027e-01 -8.67400765e-02
    6.61677122e-02 1.51717222e+00 6.96651399e-01 1.59415591e+00
    -6.15842581e-01 -5.91939330e-01 1.01453114e+00 8.41281116e-01
    1.67006111e+00 -4.04121280e-02 1.12037444e+00 3.92694652e-01
    1.69481182e+00 -6.95285976e-01 -5.31984448e-01 -1.34716034e-01
    1.11259460e-01 -1.87787414e-02 1.13019180e+00 2.15511620e-01
    1.48273599e+00 -2.04471588e-01 -5.16113639e-02 -2.15913117e-01
    1.70659757e+00 2.73654997e-01 -6.98040247e-01 -3.42514127e-01
    7.80793488e-01 -4.75589246e-01 1.54549801e+00 1.33911467e+00
    1.66131186e+00 1.62651658e-01 1.20532227e+00 1.10857499e+00
    -4.22843367e-01 1.98752880e-01 6.26718163e-01 7.91651487e-01
    -5.96152127e-01 9.37779427e-01 1.19332576e+00 -1.64339542e-01
    -4.65832442e-01 4.40732002e-01 -2.36690223e-01 8.63921642e-02
    -5.69736600e-01 -3.25566530e-02 4.59521234e-01 5.08581221e-01
    3.62672091e-01 1.00257349e+00 1.06453800e+00 6.59866154e-01
    1.47750521e+00 1.94157839e-01 -3.36175889e-01 9.37200248e-01
    1.32918942e+00 6.90710187e-01 5.99620581e-01 -6.75549805e-01
    1.26452839e+00 -5.10318756e-01 1.45557952e+00 1.54894555e+00
    9.86201167e-02 1.03944242e-01 1.16316080e+00 -7.08543599e-01
    -4.50957775e-01 7.05846250e-01 5.02800047e-01 2.67422795e-02
    -2.32611835e-01 2.97473729e-01 1.65175629e+00 4.62811291e-01
    -4.15600777e-01 5.90917826e-01 6.68046474e-02 3.83688271e-01
    1.41192365e+00 1.59029984e+00 1.43176913e+00 1.37152481e+00
    7.21419573e-01 -6.26248360e-01 1.16777432e+00 1.38627493e+00
    2.35706508e-01 6.79241359e-01 3.33963037e-01 1.21544766e+00
    6.88767195e-01 1.15868688e+00 6.95100546e-01 8.34711730e-01
    1.55508780e+00 1.51754260e+00 1.58771610e+00 4.86993074e-01
    1.47792089e+00 -4.25423533e-01 -3.45446199e-01 -4.29271102e-01
    2.79613972e-01 2.94526458e-01 -3.71417344e-01 4.32605624e-01
    1.25201249e+00 1.81745052e+00 1.51915526e+00 -1.68345988e-01
    -3.67139846e-01 1.71703696e-02 -4.05509412e-01 3.63909781e-01
    7.51081347e-01 1.62026024e+00 -6.37222707e-01 -7.29323268e-01
    -3.69506955e-01 -4.78561223e-01 1.26564479e+00 5.44332266e-02
    1.34050322e+00 1.28651667e+00 1.27154136e+00 9.17169809e-01
    2.83187747e-01 6.39883280e-01 -4.40917015e-02 -2.65245795e-01
    1.62223160e-01 1.78466201e+00 7.28462636e-01 1.58343172e+00
    4.76968586e-01 -4.62027103e-01 -3.20235848e-01 8.42781901e-01
    5.21504343e-01 2.07643390e-01 6.93214536e-01 3.69589150e-01
    1.74839163e+00 -5.60800731e-01 8.88651609e-01 4.39993143e-01
    6.71463668e-01 1.50465345e+00 -8.51784945e-02 9.39194560e-02
    1.26211977e+00 6.17146492e-04 -2.36792207e-01 3.61998677e-02
    -1.33585989e-01 -5.85278153e-01 1.30997300e-02 1.05314088e+00
    -2.38794804e-01 1.39029789e+00 -5.19897223e-01 5.64383686e-01
    1.41700625e+00 1.61206496e+00 1.41405392e+00 1.42798960e+00
    -8.67153406e-02 1.08500290e+00 2.97479153e-01 1.37455630e+00
    1.00924134e+00 1.54457545e+00 1.17693615e+00 7.95821249e-01
    3.33393574e-01 1.57294190e+00 7.20317304e-01 6.71749830e-01
    9.91233587e-01 -4.03284281e-01 -7.19394028e-01 -4.58185136e-01
    -1.08591557e-01 1.21119571e+00 -4.75887597e-01 1.77926207e+00
    4.84034121e-01 1.30730486e+00 1.54126287e-01 1.40102768e+00
    -5.90021193e-01 -7.22661376e-01 1.07146394e+00 -6.08279586e-01
    1.14154220e+00 9.62016463e-01 1.35966671e+00 6.95703268e-01
    1.53133750e-01 -3.55303049e-01 -9.39467549e-02 7.69689023e-01
    1.05797291e+00 -1.01541400e-01 2.28327990e-01 9.71626639e-01
    -8.08401108e-01 8.98915410e-01 1.11726522e+00 1.09469771e-01
    5.61282456e-01 1.30349016e+00 3.57824326e-01 1.10976195e+00
    1.36376274e+00 5.66969693e-01 8.43335509e-01 1.52341992e-01
    1.20527720e+00 6.86656952e-01 1.37949765e+00 1.48918688e-01
    4.96755540e-01 8.44654560e-01 1.10114026e+00 1.57733893e+00
    -8.03300142e-01 1.74441171e+00 -6.97935402e-01 -5.24236679e-01
    -6.26973212e-01 -2.74432778e-01 1.01082504e-01 -4.73697722e-01
    1.17489219e+00 3.77981782e-01 4.87493098e-01 1.46573377e+00
    1.46820104e+00 1.05532670e+00 1.04587626e+00 7.88759172e-01
    -3.19300026e-01 1.81114447e+00 4.76057053e-01 3.14803541e-01
    1.88952029e-01 1.50626230e+00 1.08869147e+00 4.90320325e-01
    9.71396267e-01 1.10776663e+00 1.77436674e+00 1.88142717e-01
    -3.18241358e-01 1.07124949e+00 8.50182354e-01 1.53956604e+00
    2.73840368e-01 1.64623094e+00 -1.81690514e-01 8.23011696e-01
    1.10442543e+00 7.17445076e-01 1.71587110e+00 -5.69653213e-01
    1.30578458e+00 6.26113951e-01 -2.84261763e-01 5.83391547e-01
    1.03875613e+00 1.26806974e+00 -9.85320210e-02 1.31831133e+00
    -5.35403848e-01 2.87643194e-01 -1.94531798e-01 5.93681753e-01
    -1.42985761e-01 2.32828259e-01 1.55395555e+00 -1.07906520e-01
    3.64486217e-01 -5.33877492e-01 -4.22758102e-01 6.66069031e-01
    -5.25732636e-01 9.25977647e-01 9.82826948e-03 1.76196659e+00
    -7.26374209e-01 1.11974502e+00 9.07858133e-01 -5.14979601e-01
    1.66359496e+00 1.07166100e+00 3.80895674e-01 1.12123275e+00
    4.54474092e-02 8.16191435e-02 -5.29825211e-01 -1.57211900e-01
    -1.42253757e-01 1.28034449e+00 8.17719817e-01 6.67481780e-01
    2.39689767e-01 -5.55612206e-01 -4.11864668e-01 1.24031758e+00
    1.48915887e+00 8.02418232e-01 6.16188169e-01 9.55114961e-01
    -3.10050845e-01 1.08611465e+00 1.59379804e+00 4.49313402e-01
    1.59356952e+00 6.81492209e-01 8.64079595e-02 7.62114286e-01
    1.40432203e+00 -7.01230943e-01 -4.07458872e-01 -2.67708540e-01
    7.44546592e-01 1.28702688e+00 3.15376878e-01 1.90490782e-01
    6.58532023e-01 -5.91757536e-01 4.87069607e-01 -6.87068522e-01
    1.40146136e+00 1.41274524e+00 6.59878254e-01 1.03598046e+00
    6.79741621e-01 1.67496943e+00 1.25687277e+00 -3.16590011e-01
    1.61466968e+00 -2.82136321e-01 1.44800663e-01 -1.62826300e-01
    -1.58141017e-01 -3.61840993e-01 2.91746080e-01 1.74769616e+00
    9.59683061e-01 4.90649581e-01 9.74210262e-01 1.03733933e+00
    7.51244605e-01 1.68212056e-02 1.54842424e+00 7.86821306e-01
    -8.50850940e-02 4.74808693e-01 1.82114577e+00 -2.26605237e-01
    -3.14086735e-01 -3.15590978e-01 8.08304787e-01 6.86553240e-01
    5.85714161e-01 1.84249043e-01 1.15504432e+00 2.91700363e-01
    -3.45861465e-01 -2.00516105e-01 1.99751258e-02 9.53608513e-01
    1.57948327e+00 -1.48821294e-01 1.29418159e+00 2.82146990e-01
    -7.64328718e-01 3.05913329e-01 1.27056122e+00 1.39748538e+00
    -6.75031424e-01 -2.60396242e-01 2.77279913e-01 3.75298917e-01
    1.37029994e+00 -5.84819496e-01 5.83491266e-01 1.52707791e+00
    2.30451047e-01 -7.35940099e-01 3.56851816e-01 3.38482559e-01
    -5.28449416e-01 1.28355479e+00 1.39024520e+00 9.23358440e-01
    -6.13310635e-01 -7.21100450e-01 1.41864407e+00 1.57132983e+00
    6.31899834e-01 1.10857964e+00 9.19804573e-02 -2.88401902e-01
    1.51148605e+00 1.03655195e+00 1.76294088e+00 1.60883725e-01
    3.21774125e-01 9.53882277e-01 6.68443978e-01 1.44145346e+00
    2.09984541e-01 1.06604648e+00 -7.14018643e-01 1.32605267e+00
    1.29007459e-01 1.36931276e+00 1.57772183e+00 -7.94021428e-01
    5.01671076e-01 -2.38568544e-01 1.35293293e+00 7.49048591e-02
    1.50267816e+00 -6.61247253e-01 1.68025160e+00 8.73723149e-01
    1.49627709e+00 -7.30950594e-01 -5.09573400e-01 -2.93328047e-01
    8.24096203e-02 1.34318542e+00 1.35785985e+00 7.38959312e-01
    8.42976153e-01 6.97801173e-01 9.48445976e-01 -3.08760822e-01
    5.47536314e-01 -2.09977388e-01 1.08791780e+00 1.45417368e+00
    1.63876963e+00 -2.28740573e-01 -6.26743913e-01 -2.22505927e-01
    8.82625818e-01 -2.39765167e-01 1.70848024e+00 -6.29977584e-02
    -2.46733546e-01 7.16770828e-01 1.16704369e+00 -2.74055600e-01
    9.88259196e-01 5.66251040e-01 7.03248620e-01 1.09824491e+00
    8.19926202e-01 1.32348466e+00 9.87909913e-01 3.87125492e-01
    7.98219025e-01 1.05693698e+00 1.03732514e+00 2.03418136e-01
    5.79050541e-01 2.20436394e-01 1.08311176e-02 4.89594638e-01
    1.73508990e+00 1.41829658e+00 2.10794866e-01 3.36099803e-01
    -7.17846096e-01 6.86967969e-01 6.97559357e-01 4.14913177e-01
    1.49454677e+00 1.46098530e+00 -2.25598812e-02 9.77670312e-01
    -2.22431898e-01 1.21336102e+00 4.65830564e-01 7.16614366e-01
    7.63466179e-01 -3.29695940e-02 -2.31668144e-01 -6.76630378e-01
    7.43314683e-01 -6.60883427e-01 6.86437130e-01 -7.17071593e-01
    2.50892580e-01 -3.86909962e-01 7.63386250e-01 -3.43167454e-01
    -5.02749503e-01 1.31846786e+00 -3.40346813e-01 5.12434244e-02
    -7.82045543e-01 1.80058479e-02 1.56581891e+00 6.31471932e-01
    -6.65912390e-01 5.54930329e-01 1.65324748e-01 1.16939759e+00
    1.54960632e+00 -6.44870400e-01 5.74095607e-01 7.53316164e-01
    8.23310852e-01 8.29917014e-01 8.36247146e-01 -2.88446724e-01
    8.75210702e-01 -2.66970575e-01 1.40587068e+00 1.29515898e+00
    1.02947152e+00 -2.24100947e-01 -8.91404748e-02 1.54706490e+00
    8.52218866e-01 1.33163798e+00 8.38966787e-01 5.21466136e-02
    1.10709357e+00 1.10921741e+00 1.41283536e+00 -4.94951010e-03
    -8.37078869e-01 1.27694118e+00 9.39554930e-01 1.75450945e+00
    1.32327724e+00 1.09194613e+00 5.91758311e-01 3.77205610e-02
    4.75764275e-04 1.43263650e+00 1.76750207e+00 -7.38182366e-01
    1.13649487e+00 8.72632086e-01 1.61637044e+00 1.08639371e+00
    1.21810770e+00 8.03107560e-01 6.19535625e-01 1.13008881e+00
    -4.99813288e-01 1.27958643e+00 -1.50349617e-01 1.10171843e+00
    -9.06158686e-02 1.44060373e+00 1.39856291e+00 -5.16248763e-01
    2.76071846e-01 -3.78480047e-01 1.46712005e+00 -2.18873560e-01
    1.53184593e+00 -6.48459196e-01 1.21648932e+00 6.21427774e-01
    4.25122976e-01 1.03072000e+00 -5.19930601e-01 2.26020813e-04
    1.14890242e+00 1.03596056e+00 6.72252059e-01 9.37491357e-01
    9.02692676e-02 1.59395778e+00 8.10264289e-01 -6.50234818e-01
    7.86485672e-01 -2.73020267e-01 1.55587256e-01 7.20735908e-01
    9.14648831e-01 -2.81673253e-01 1.21823835e+00 1.66731167e+00
    -7.68964291e-01 -6.74275577e-01 -3.11429679e-01 -5.39150059e-01
    7.70494163e-01 -5.34861982e-01 1.61413622e+00 9.79438961e-01
    6.50057912e-01 3.18219662e-01 7.90917337e-01 1.66706920e+00
    1.21399307e+00 -3.28838974e-01 1.10331047e+00 -4.13328052e-01
    1.69536686e+00 -6.31791592e-01 -4.79464233e-01 1.15562201e+00
    1.37023997e+00 2.50680447e-02 -3.62357229e-01 3.01442862e-01
    1.50829720e+00 5.52313864e-01 1.49990320e+00 -9.65898037e-02
    1.02540445e+00 5.61615229e-01 4.61144209e-01 1.63391817e+00
    1.25537467e+00 8.58369768e-01 -6.25447392e-01 1.58780539e+00
    7.78103113e-01 1.56343365e+00 1.01962471e+00 -7.78198123e-01
    1.36580396e+00 7.17471004e-01 7.01977015e-01 -2.58138537e-01
    1.18404055e+00 1.13726926e+00 -2.77383119e-01 3.91126752e-01
    1.30035186e+00 7.65585303e-01 -7.44015694e-01 8.96180034e-01
    6.28796875e-01 -6.46979809e-01 6.93457305e-01 -4.22464669e-01
    9.83426630e-01 1.17182255e-01 -6.13955319e-01 6.88995361e-01
    3.76995981e-01 7.61104226e-02 3.59083652e-01 1.34269512e+00
    -3.97749811e-01 3.31824958e-01 1.52190804e+00 9.16487932e-01
    -3.52758259e-01 2.27404177e-01 -2.70062983e-01 -5.53598106e-01
    6.20241940e-01 -1.88281417e-01 -1.94248289e-01 1.53330040e+00
    3.69843245e-01 -5.53657115e-01 1.20156240e+00 1.95911050e-01
    -9.87116098e-02 8.40445459e-01 1.27337527e+00 -9.38597322e-02
    -2.82807946e-01 -3.45374465e-01 1.73943293e+00 -5.35700500e-01
    -4.18627828e-01 -3.86998177e-01 1.61992621e+00 1.55040371e+00
    1.54031777e+00 9.30536628e-01 1.12000299e+00 3.96697998e-01
    1.23196435e+00 1.63860631e+00 -6.06994510e-01 -3.76229227e-01
    -5.85822821e-01 3.44836712e-02 2.63954878e-01 -8.65004063e-02
    4.52091932e-01 -2.24319041e-01 7.52517998e-01 6.64704025e-01
    1.16553605e+00 9.07996774e-01 -5.98457456e-02 1.45807362e+00
    -6.47912920e-01 8.62363458e-01 9.20322835e-01 8.30743313e-02
    1.22915483e+00 9.74000633e-01 -6.19693398e-01 1.62713563e+00
    -5.40804744e-01 1.01576936e+00 -3.45296472e-01 -3.31359118e-01
    5.61127901e-01 1.38608074e+00 -6.74213767e-02 6.13008261e-01
    1.24865866e+00 1.55074477e+00 7.50219226e-01 -6.25233054e-01
    3.53120923e-01 1.46784043e+00 1.07199621e+00 1.84565938e+00
    1.95889676e+00 1.49061918e+00 3.94252539e-02 5.41848361e-01
    -4.02908146e-01 3.45819414e-01 1.60560942e+00 -1.46447420e-01
    1.37825966e+00 3.82482350e-01 1.62525034e+00 8.15593600e-02
    -5.17752171e-01 3.35477591e-02 9.25413370e-01 1.48484755e+00
    -2.91602761e-01 1.30074131e+00 -4.71305132e-01 1.31099284e-01
    1.50273144e+00 1.64865911e+00 -2.01926231e-01 1.26981616e-01
    -5.83038926e-02 -1.19895816e-01 -3.79103333e-01 3.32852364e-01
    -3.06286275e-01 4.90759254e-01 -3.07007402e-01 1.25689483e+00
    2.03454316e-01 -4.93676007e-01 9.88582551e-01 1.60405040e+00
    5.61521590e-01 -4.07467127e-01 7.74786353e-01 1.10365725e+00
    1.19246578e+00 1.16749203e+00 -3.09447885e-01 -2.57443666e-01
    1.24551427e+00 1.63693237e+00 5.53029954e-01 9.10274506e-01
    1.43802238e+00 1.52517855e-01 -1.06704831e-01 -7.91121364e-01
    4.76190567e-01 1.04959726e+00 4.31502461e-01 -3.17902267e-01
    6.15230680e-01 6.75049543e-01 1.70929193e-01 1.69566941e+00
    1.70184731e+00 9.71384227e-01 -4.17840958e-01 1.39808953e-01
    1.33800805e+00 -6.45684958e-01 1.61665964e+00 -3.09581578e-01
    -3.38815659e-01 1.05811453e+00 -6.69040978e-01 -6.85939789e-02
    8.72291207e-01 1.33659458e+00 1.52678752e+00 9.02020335e-02
    -2.93111533e-01 -6.22096777e-01 -4.10548627e-01 1.83435392e+00
    1.58796954e+00 1.71267509e+00 1.52776897e+00 1.51496553e+00
    6.19951785e-01 4.00169790e-01 4.90275502e-01 -6.42520249e-01
    6.17604852e-01 -4.20971572e-01 1.34707618e+00 3.75532508e-01
    -5.60258448e-01 5.24691164e-01 6.54786050e-01 1.04345012e+00
    1.47760129e+00 9.52504575e-01 -4.15461868e-01 4.29731488e-01
    4.77425039e-01 9.01485920e-01 -1.26220584e-01 1.58325851e+00
    5.05148053e-01 -5.57407379e-01 1.40688944e+00 9.56466198e-02
    8.30096424e-01 -3.34418118e-01 -4.45630610e-01 -7.19759285e-01
    -1.85698509e-01 1.64567256e+00 1.45640016e+00 8.47227693e-01
    6.12072766e-01 -5.57705641e-01 1.28172040e+00 1.18417871e+00
    5.06959081e-01 -3.17201972e-01 1.03308439e+00 2.77271986e-01
    1.11162341e+00 8.51090968e-01 5.63110530e-01 1.14830363e+00
    -6.49109602e-01 -7.15227604e-01 -8.13249052e-01 7.66083360e-01
    -7.44054198e-01 -4.56745088e-01 -6.56366646e-01 -4.36607778e-01
    -2.86789596e-01 1.13276887e+00 1.77886915e+00 3.66382837e-01
    6.18179917e-01 -5.92498422e-01 6.83762550e-01 -3.98553997e-01
    4.06002998e-01 1.68313146e+00 4.85968530e-01 3.39139998e-01
    1.35403073e+00 1.19033682e+00 -4.54999506e-01 2.99921095e-01
    3.94589424e-01 -7.66633689e-01 -9.73908305e-02 4.76833701e-01
    -1.68681502e-01 1.37440991e+00 1.10495925e+00 -1.21158481e-01
    1.16589367e-01 1.59554076e+00 -3.56588960e-02 8.34977388e-01
    -7.15686381e-01 4.54337001e-02 7.95761228e-01 -3.72710228e-02
    7.51886964e-02 1.05577707e-02 -3.87989759e-01 1.54567313e+00
    8.54860008e-01 1.04473948e-01 3.97786438e-01 1.51750755e+00
    1.00398266e+00 -3.50129247e-01 2.08161473e-02 1.46039629e+00
    2.37797558e-01 1.49308252e+00 -1.84234560e-01 -4.80565399e-01
    1.44832110e+00 7.56967306e-01 -5.17970145e-01 1.03238094e+00
    2.35033393e-01 4.32553113e-01 1.60005403e+00 1.18888736e+00
    3.24660361e-01 1.71672583e+00 1.21384907e+00 1.61590409e+00
    8.76035333e-01 5.76231897e-01 1.57533121e+00 -2.95382738e-02
    3.78849566e-01 1.62261248e+00 -6.64635420e-01 -3.76073718e-01
    1.14974475e+00 -1.40845120e-01 4.08781886e-01 7.94338107e-01
    1.38454103e+00 -5.73614359e-01 -1.49392605e-01 8.16651165e-01
    1.54676020e+00 -4.50842679e-01 7.83150077e-01 7.07832813e-01
    1.02160418e+00 1.29715729e+00 9.67365980e-01 3.62975895e-01
    6.51397824e-01 6.05843544e-01 1.13465714e+00 1.56043625e+00
    1.74519777e-01 1.30441165e+00 1.50262237e+00 1.07036352e+00
    1.53147459e+00 -2.21077204e-01 -2.31388032e-01 4.56334233e-01
    8.34488988e-01 -5.51111460e-01 4.35310245e-01 -3.42090309e-01
    1.68724322e+00 8.64923954e-01 4.23966050e-02 3.85925949e-01
    9.17090774e-02 1.70019841e+00 8.97914171e-03 5.28185129e-01
    7.42992938e-01 4.75096762e-01 -1.79144382e-01 -4.91838336e-01
    8.49495053e-01 -7.05648363e-01 5.78903794e-01 -5.56477427e-01
    -4.29460049e-01 -4.31767046e-01 1.64629829e+00 8.73833179e-01
    -3.79178107e-01 5.45254230e-01 2.13239431e-01 -1.99584723e-01
    -4.58637923e-01 -3.63938391e-01 -4.91541028e-01 6.91571951e-01
    -6.00035369e-01 8.70947003e-01 -7.09790289e-01 -1.07893944e-02
    1.31096482e-01 1.30001974e+00 1.80854166e+00 1.57601357e+00
    -6.25700891e-01 -5.18812776e-01 1.04070258e+00 -2.56364316e-01
    -7.13744164e-01 9.56813753e-01 8.97615790e-01 1.40761173e+00
    1.00526309e+00 -5.81400394e-02 9.51748490e-01 6.52844965e-01
    2.45035768e-01 8.73233855e-01 5.12075722e-01 8.83030295e-02
    1.11965704e+00 5.88036776e-02 1.73196018e-01 -1.01499200e-01
    1.31793976e+00 2.69004047e-01 -3.59442174e-01 9.00668085e-01
    -4.06768113e-01 9.70902324e-01 4.99584436e-01 1.47524500e+00
    7.42377043e-01 1.59659541e+00 9.57343578e-02 1.41641676e+00
    8.44363034e-01 5.19606352e-01 1.67109370e-01 2.80739427e-01
    -6.18002236e-01 1.18595481e+00 -3.57550383e-02 1.01217079e+00
    -1.86025321e-01 8.82343352e-01 2.66780138e-01 1.52974713e+00
    1.36086893e+00 -1.05104446e-02 1.46228266e+00 -2.52850056e-02
    1.15487945e+00 2.65857875e-01 8.13338935e-01 1.51605034e+00
    -2.82424688e-03 8.97768438e-01 7.10898995e-01 -6.32557094e-01
    6.71237767e-01 1.40003419e+00 -4.15836573e-02 1.57991195e+00
    -1.19307816e-01 -3.73419523e-02 1.52522206e+00 -7.33513176e-01
    2.45348811e-01 -1.85325742e-01 2.96648145e-02 2.04919696e-01
    -6.94219351e-01 1.00092649e+00 -1.10218465e-01 1.37313747e+00
    -3.06183249e-01 -1.81546986e-01 -2.47833133e-02 8.44931006e-01
    1.60297751e+00 1.11330771e+00 1.42143321e+00 8.26228976e-01
    -6.31229758e-01 1.45127964e+00 3.66671681e-01 1.69921255e+00
    4.99283433e-01 1.35125458e-01 3.43225002e-01 1.58719587e+00
    4.85067964e-02 1.35067463e+00 -3.41030777e-01 -4.11515325e-01
    1.45436883e-01 7.16760933e-01 1.52538812e+00 1.70501161e+00
    1.70941627e+00 5.14193058e-01 -6.49186969e-01 -2.57363319e-02
    -5.42219281e-01 1.56461072e+00 1.48552179e-01 -1.39456928e-01
    -6.77204132e-02 -2.65332699e-01 -3.40275347e-01 9.40154135e-01
    6.39465988e-01 -5.70739627e-01 1.63214660e+00 8.14339519e-01
    9.27342176e-01 1.54383349e+00 -1.56642079e-01 1.39838445e+00
    -5.37671089e-01 -3.96954805e-01 3.98280501e-01 -2.73758054e-01
    -5.47547340e-01 1.17802942e+00 -2.28900254e-01 -8.23894918e-01
    1.19154525e+00 1.11149573e+00 7.33921766e-01 -2.27895916e-01
    -1.24719083e-01 3.29209387e-01 6.38748348e-01 1.50564826e+00
    1.39678359e+00 -3.69808465e-01 9.26019549e-02 -1.71908140e-02
    -4.13573295e-01 1.34573853e+00 -3.98177177e-01 1.71003056e+00
    1.59657001e-03 1.52838528e-01 3.33230197e-01 1.10443234e+00
    6.76467478e-01 5.49313128e-01 1.77461720e+00 1.17696476e+00
    4.00466800e-01 -1.60782039e-01 7.08899796e-01 1.29155493e+00
    5.86136043e-01 1.48523760e+00 1.47336900e+00 8.80889773e-01
    1.51459730e+00 4.57465947e-01 1.21350801e+00 6.62736893e-01
    7.70479500e-01 1.17604136e-02 1.29464269e+00 8.99547160e-01
    2.03565359e-02 -2.37556696e-01 4.06153083e-01 5.76676071e-01
    1.59234071e+00 1.03523540e+00 1.36405933e+00 1.69104195e+00
    1.49857044e+00 5.16932249e-01 -6.89959884e-01 7.30653167e-01
    -4.38848615e-01 3.52835834e-01 9.69424248e-02 -7.16394544e-01
    1.70348406e+00 -5.62116385e-01 1.24057436e+00 5.81529558e-01
    -4.61891204e-01 2.18277216e-01 5.44846773e-01 1.62631869e-01
    2.67656207e-01 1.44735718e+00 -4.46215034e-01 -4.72540706e-01
    1.14538360e+00 1.38047934e+00 1.63191152e+00 1.38475716e+00
    1.97967350e-01 1.22995043e+00 1.44142461e+00 -5.70066988e-01
    1.65389419e+00 1.40519512e+00 7.25450516e-02 1.24296904e-01
    1.47821069e+00 2.55965531e-01 1.19688702e+00 8.96027446e-01
    1.62716448e-01 7.63556778e-01 1.41572690e+00 -1.38396323e-01
    -2.11981475e-01 -1.71000957e-02 3.56602788e-01 -7.88566172e-01
    9.55313742e-01 4.09773111e-01 1.26416683e+00 1.12086582e+00
    -6.26496434e-01 7.50474513e-01 1.50064135e+00 -4.86216784e-01
    7.11611331e-01 9.24127996e-01 1.58638275e+00 1.12912774e+00
    -2.37183511e-01 -6.15908504e-02 1.52267969e+00 1.16169882e+00
    -6.46748245e-01 -3.58602464e-01 -7.45936632e-02 -4.28764224e-01
    -6.15097702e-01 1.39977181e+00 2.84707427e-01 3.96847814e-01
    -3.01929414e-02 -1.05215937e-01 1.50556993e+00 4.06434357e-01
    2.95976222e-01 1.93417168e+00 2.45151818e-01 -1.80826724e-01
    -3.91497791e-01 5.81552982e-02 1.72018480e+00 4.96789515e-01
    9.82427001e-01 -6.50461078e-01 5.98759532e-01 -6.10850334e-01
    5.14959514e-01 -2.42205769e-01 -6.73445642e-01 1.19893038e+00
    1.45986319e+00 8.43472481e-01 8.76883745e-01 -5.71487546e-01
    1.69955611e+00 5.72131813e-01 -1.57247305e-01 1.75793839e+00
    8.16043258e-01 -6.74345374e-01 1.49066305e+00 4.09886301e-01
    9.13675308e-01 7.61757493e-02 -2.82701939e-01 -8.92025828e-02
    7.77881742e-02 -5.75833440e-01 7.64287353e-01 1.49778903e+00
    7.57424057e-01 1.21431088e+00 1.21344995e+00 -1.25753820e-01
    -3.01745832e-01 8.84986043e-01 2.95989156e-01 2.68846750e-03
    9.51143920e-01 -6.47548735e-01 7.90299535e-01 1.58137417e+00
    9.89095628e-01 1.54701567e+00 9.42849338e-01 1.59966505e+00
    8.64998102e-01 1.36596417e+00 1.07677019e+00 1.08848262e+00
    3.21581066e-01 3.49595666e-01 -2.89698422e-01 1.26675570e+00
    -5.37107587e-01 9.90120053e-01 7.89776385e-01 3.36969256e-01
    -3.65444809e-01 6.71450317e-01 1.80235088e-01 1.12650180e+00
    -2.92657465e-01 -4.78920728e-01 9.44655299e-01 -6.11604810e-01
    1.75955224e+00 -5.24795890e-01 8.93182397e-01 1.38307405e+00
    -4.69118416e-01 4.72866893e-01 2.11687565e-01 -1.08065128e-01
    -7.72528589e-01 7.37072229e-01 1.56680870e+00 8.89515519e-01
    5.21949410e-01 -4.52444017e-01 -6.64551139e-01 8.73908520e-01
    1.18780255e+00 1.06847906e+00 -9.85354185e-02 -1.53863728e-01
    1.35942197e+00 -6.53010368e-01 3.50584388e-02 -2.54605174e-01
    -6.14179373e-02 -6.34039879e-01 1.53392744e+00 2.50424564e-01
    2.13606775e-01 9.43746388e-01 -7.34921992e-01 -7.99062848e-02
    1.19158328e+00 -3.70013624e-01 -1.52521670e-01 1.30056643e+00
    9.36743379e-01 9.12058949e-02 -3.16906720e-01 1.52829885e+00
    -6.99305892e-01 1.29697204e+00 6.52800858e-01 4.14304376e-01
    1.09427500e+00 1.15145588e+00 -3.34544480e-01 1.29535913e+00
    -6.58957958e-01 1.56121802e+00 -4.10188228e-01 1.63629615e+00
    6.25330985e-01 1.56032717e+00 1.68481112e+00 3.61208379e-01
    9.33772326e-03 2.00142086e-01 -1.71760619e-01 -2.81360716e-01
    -3.07864338e-01 -6.05355263e-01 1.04237866e+00 1.44666839e+00
    1.15954459e+00 1.33505583e+00 1.09359074e+00 7.66317248e-01
    -1.80150926e-01 -1.84561014e-02 -7.19062328e-01 7.51227438e-01
    -2.72964597e-01 5.97879708e-01 1.45951927e+00 1.60865188e+00
    1.31720948e+00 1.35440326e+00 1.47127652e+00 6.95634902e-01
    -3.24610025e-01 9.21108127e-01 2.07415760e-01 4.71384525e-02
    1.19636822e+00 7.58903623e-01 2.88863838e-01 2.30917156e-01
    6.32710338e-01 4.26465511e-01 6.42855465e-01 3.71740460e-02
    9.73692298e-01 -8.21882963e-01 1.48445797e+00 1.28694963e+00
    1.50193334e+00 1.44084764e+00 -4.35536683e-01 9.17366743e-02
    -6.98283136e-01 3.89878452e-01 8.79835963e-01 -6.76786423e-01
    1.14846015e+00 4.70350981e-02 1.54609370e+00 1.20814109e+00
    9.62015867e-01 1.01149786e+00 -5.10153234e-01 -2.63091326e-02
    1.17040038e+00 9.12947655e-01 1.61677074e+00 -4.95691299e-01
    2.84023643e-01 1.63567722e-01 3.01362038e-01 -1.22223794e-01
    1.42328143e+00 -6.47712052e-01 1.23959804e+00 -2.80411243e-01
    1.46968484e+00 6.89539254e-01 9.21540618e-01 1.08805466e+00
    1.24515045e+00 1.59209085e+00 9.90961969e-01 7.51291811e-01
    -1.77558661e-02 1.59247208e+00 -5.51887155e-02 2.03592777e-02
    7.14464009e-01 1.23663771e+00 -4.16427374e-01 -6.20302439e-01
    3.48281920e-01 9.08072710e-01 6.57308877e-01 1.10956955e+00
    1.47184610e+00 -5.26498795e-01 -1.86587930e-01 1.67249632e+00
    -4.01107043e-01 1.15428495e+00 1.49428606e+00 1.33416319e+00
    9.91040707e-01 8.58525157e-01 7.82540858e-01 1.03015935e+00
    1.40933204e+00 1.42872012e+00 1.03537619e+00 6.84482515e-01
    -1.73339248e-01 -2.54084826e-01 3.74272645e-01 1.52886438e+00
    1.08585143e+00 1.12878513e+00 -8.15653205e-01 -5.51662683e-01
    1.46425581e+00 1.05353332e+00 -3.35148931e-01 1.16193557e+00
    1.24193597e+00 5.55275798e-01 1.10025597e+00 3.36222529e-01
    5.98618209e-01 1.65408611e-01 1.98613119e+00 -3.09594810e-01
    1.70166087e+00 1.06627393e+00 1.72192073e+00 -7.66553879e-02
    5.10009348e-01 -5.44747412e-01 -2.46900320e-03 -3.73123229e-01
    1.08719659e+00 3.31962705e-02 7.32804120e-01 6.49805546e-01
    8.62143755e-01 1.72887480e+00 -1.70864999e-01 -3.04411709e-01
    -1.62919015e-01 -1.43832982e-01 1.20774055e+00 3.52329433e-01
    1.29416454e+00 1.57138157e+00 3.79007459e-02 -8.32601249e-01
    1.05831218e+00 -6.08139634e-02 -6.43202662e-02 9.52416480e-01
    1.78413737e+00 -6.67003036e-01 1.75016904e+00 7.17295885e-01
    -4.64553505e-01 -5.98459482e-01 -6.17101789e-02 7.90744901e-01
    4.50726449e-01 6.20141029e-02 9.08265054e-01 1.37667477e-01
    1.70783281e-01 -4.31946337e-01 -3.12097013e-01 9.83236909e-01
    -8.01481366e-01 -2.08627641e-01 7.49142647e-01 5.07346511e-01
    3.19686532e-02 1.52477121e+00 -3.32959414e-01 1.49220610e+00
    1.46520138e+00 3.03369343e-01 8.64025712e-01 1.29603565e-01
    1.17573428e+00 3.89427662e-01 -2.66614735e-01 8.49141598e-01
    -4.54279184e-02 7.02996016e-01 -4.06808525e-01 1.71576262e-01
    1.58202195e+00 -1.98397577e-01 5.55519342e-01 1.72357094e+00
    -2.56534874e-01 1.24204946e+00 8.66659462e-01 -7.26738632e-01
    2.85247982e-01 2.33286202e-01 -8.74060988e-02 -3.23243529e-01
    4.34118807e-01 5.67490280e-01 -6.92568421e-02 -4.54052359e-01
    -6.80851340e-01 6.26465142e-01 3.92230332e-01 4.04698193e-01
    -2.87048161e-01 1.55564189e+00 -1.39409184e-01 -4.11445320e-01
    1.03959262e+00 9.07912254e-02 8.43896627e-01 1.18955028e+00
    -4.49270010e-02 -2.40445733e-01 1.18769097e+00 -2.10187435e-02
    -2.98739433e-01 -3.44387859e-01 -4.19260055e-01 -8.44410062e-02
    1.12883401e+00 1.21053922e+00 3.36416721e-01 1.50473547e+00
    1.68369770e+00 -2.27607131e-01 -3.99348229e-01 1.29090059e+00
    1.17067373e+00 1.54695511e-01 -4.35886681e-01 3.82876635e-01
    -6.11600220e-01 1.30919075e+00 9.78688598e-01 -5.81375241e-01
    1.43488634e+00 1.43199539e+00 4.18859363e-01 -1.35578156e-01
    8.22932899e-01 5.33096611e-01 -2.94235885e-01 -3.82241011e-02
    -1.19182348e-01 -4.51900303e-01 1.19526327e-01 1.62271357e+00
    1.47803986e+00 1.69668114e+00 -2.91381896e-01 5.89520752e-01
    -5.50718904e-01 3.64324331e-01 1.51057482e+00 1.26596165e+00
    1.46862411e+00 1.59297490e+00 -3.94180179e-01 1.45342696e+00
    6.02998793e-01 -5.28155863e-01 9.46003854e-01 1.71979368e+00
    -4.77335513e-01 1.30439997e+00 -5.50376892e-01 -4.57352042e-01
    8.51324618e-01 -3.93603444e-01 1.40053368e+00 1.23244655e+00
    1.24517810e+00 4.52623963e-02 1.14042497e+00 -4.47107464e-01
    8.44387770e-01 1.44196391e+00 -1.72927797e-01 -3.83880645e-01
    6.09370470e-01 -5.24131715e-01 4.67165053e-01 -2.54142106e-01
    1.93306983e-01 3.49857032e-01 4.15031135e-01 1.22107160e+00
    1.30808020e+00 7.51762033e-01 -4.78283167e-02 6.89842641e-01
    9.88474727e-01 4.38985288e-01 1.57414675e+00 4.82569396e-01
    -7.78823137e-01 1.73762560e+00 3.70190680e-01 1.60868514e+00
    -7.17435956e-01 1.06943631e+00 1.55096388e+00 9.86034870e-02
    -8.83210897e-02 -1.53283834e-01 8.36801350e-01 9.95295703e-01
    1.13095713e+00 1.04647851e+00 -1.95364952e-01 -2.99003929e-01
    8.95006359e-01 1.53849721e+00 -4.36126292e-01 -2.46401042e-01
    -7.23299980e-01 1.85062349e-01 1.20387924e+00 1.35414004e+00
    2.33269036e-01 4.59632933e-01 1.31000185e+00 3.95857692e-01
    8.84060204e-01 1.47846901e+00 -5.26215374e-01 -2.01233625e-02
    -2.02692211e-01 2.63761342e-01 -6.19222045e-01 3.30746889e-01
    -6.43094420e-01 1.43159556e+00 1.37165761e+00 7.69624054e-01
    1.55425310e+00 2.52258062e-01 -2.40331531e-01 -1.24921620e-01
    -3.28154385e-01 8.84942651e-01 3.61547410e-01 1.50756240e+00
    4.81061757e-01 5.17168939e-01 6.87228441e-02 6.03199363e-01
    -4.04949725e-01 6.04082406e-01 1.09999144e+00 -5.69725394e-01
    2.58390129e-01 5.19870818e-01 3.91046524e-01 9.46116388e-01
    1.24505353e+00 1.28161335e+00 1.04313421e+00 -8.67358208e-01
    1.53728843e+00 1.48596025e+00 4.62948203e-01 1.25545812e+00
    3.31822693e-01 1.54123044e+00 -5.60939312e-04 1.10390925e+00
    1.31632185e+00 9.30945873e-02 -4.93268788e-01 -4.75149959e-01
    2.37347484e-02 8.99218917e-01 -5.85946143e-02 5.19772947e-01
    1.53948712e+00 1.27274573e-01 8.57774436e-01 -5.28255284e-01
    -5.79314888e-01 -2.68365741e-02 3.43416214e-01 -2.97927141e-01
    7.31616616e-01 3.92140687e-01 1.05007792e+00 1.52726948e+00
    1.14319611e+00 2.61187017e-01 -3.23880881e-01 -6.82621598e-02
    -1.18620515e-01 1.35886431e+00 1.12466335e-01 7.62519062e-01
    8.15498710e-01 4.91920829e-01 2.01288223e-01 1.37296391e+00
    4.92229462e-01 -4.84773338e-01 1.67470741e+00 1.29616690e+00
    -7.84959316e-01 9.74465430e-01 -1.73247159e-01 1.02118540e+00
    -3.93242002e-01 1.71909392e+00 8.80872548e-01 3.12355697e-01
    1.67771947e+00 1.22053254e+00 7.94564009e-01 -2.92876899e-01
    1.01807356e+00 1.35958016e-01 1.20612264e+00 -4.68977213e-01
    1.88203812e-01 1.68620753e+00 -3.64220351e-01 7.09995151e-01
    -7.45171905e-02 1.36902869e+00 9.07280445e-01 7.62529731e-01
    -2.00054407e-01 -3.84218037e-01 1.22215176e+00 -2.94538379e-01
    6.25557184e-01 4.82780516e-01 2.46171951e-01 3.76472592e-01
    -3.86466265e-01 -4.94616985e-01 -3.24954361e-01 -9.81782675e-02
    1.73937225e+00 4.67989564e-01 3.47570300e-01 -7.38619745e-01
    -6.46731794e-01 7.80114770e-01 -3.79523933e-01 -6.09864235e-01
    1.52600515e+00 4.14040208e-01 1.00624979e+00 -4.45775896e-01
    6.02646291e-01 1.47520757e+00 -4.20020700e-01 1.12638223e+00
    -1.13606691e-01 -9.95692313e-02 6.90246642e-01 1.58561802e+00
    1.69074178e+00 9.72501516e-01 1.73069346e+00 -6.68576300e-01
    8.57383490e-01 1.27410030e+00 1.38574433e+00 1.20071232e+00
    -7.42552519e-01 1.28113961e+00 -5.52420616e-01 1.51176333e-01
    -4.13582265e-01 1.69703317e+00 4.72463727e-01 7.02246130e-01
    8.94955754e-01 2.57933140e-02 -2.41307616e-02 7.27864742e-01
    1.56653595e+00 9.39559281e-01 4.70176101e-01 1.66379571e+00
    -1.11721098e-01 1.68255711e+00 -4.35787201e-01 1.11817813e+00
    7.68718064e-01 1.72518611e+00 5.87302208e-01 9.83759165e-01
    1.31579232e+00 3.72451544e-03 -3.41247469e-01 1.70580411e+00
    -7.42494524e-01 1.77165461e+00 1.68715501e+00 8.52727890e-02
    -2.34182954e-01 -4.43204373e-01 1.67717147e+00 4.25820291e-01
    1.26504481e+00 -2.70536482e-01 7.75542915e-01 2.99589276e-01
    8.84649754e-01 -7.90237010e-01 1.43105412e+00 1.46247101e+00
    1.81302023e+00 3.35041344e-01 9.16596413e-01 1.70305169e+00
    3.54867637e-01 3.85665894e-01 -4.98676866e-01 2.02911258e-01
    1.22179151e+00 8.94997656e-01 1.46435714e+00 -2.89107293e-01
    9.47397053e-01 -4.48633134e-01 7.22133934e-01 1.46008682e+00
    8.39636981e-01 1.54866052e+00 1.87857091e-01 3.86037409e-01
    4.09543693e-01 2.80063868e-01 -2.24583626e-01 -2.60392576e-01
    -5.97965956e-01 -2.95948148e-01 7.05985487e-01 -4.92170960e-01
    -5.26039124e-01 1.60596776e+00 4.89506483e-01 5.73288202e-02
    -7.86675274e-01 1.43855512e+00 5.74619830e-01 5.22466779e-01
    -4.11195874e-01 1.21650243e+00 -6.47083759e-01 -1.28028393e-01
    -1.31332397e-01 -2.85785794e-02 1.31170154e+00 1.23645604e+00
    2.03922212e-01 1.38045287e+00 -5.19482791e-01 2.10085869e-01
    -9.81028080e-02 5.20699441e-01 7.06247211e-01 -2.74840295e-01
    -2.43251383e-01 -2.73831964e-01 -1.40336156e-01 5.54682910e-01
    -5.87138832e-01 -1.72327638e-01 1.06462407e+00 6.92332387e-02
    -4.31930155e-01 1.50472760e+00 1.43943381e+00 1.38524890e+00
    1.36229157e-01 -7.51452029e-01 1.51254678e+00 1.08264422e+00
    1.77721679e-01 9.70529795e-01 -4.41878945e-01 -2.74753988e-01
    2.96790004e-02 1.68188667e+00 -7.55727351e-01 4.80627000e-01
    5.52417874e-01 1.43463194e+00 4.59408462e-01 -3.12226951e-01
    -4.26472962e-01 2.13311553e-01 6.70520246e-01 1.46501279e+00
    1.55269027e+00 1.09201849e+00 1.08288693e+00 1.90323532e-01
    -3.69937807e-01 5.89475513e-01 -1.35693967e-01 -3.08752775e-01
    1.59659791e+00 1.04878926e+00 1.72039938e+00 -5.16326666e-01
    7.58473694e-01 1.27731252e+00 -4.45496529e-01 4.31017280e-01
    1.23202491e+00 4.72910225e-01 1.35873687e+00 1.41874790e+00
    -6.22364163e-01 1.11493099e+00 7.17010438e-01 1.09153438e+00
    -6.52740240e-01 9.65316713e-01 1.59609580e+00 5.61709404e-02
    5.08121252e-01 3.15901458e-01 4.57958639e-01 1.49505520e+00
    -1.32884800e-01 -5.66113412e-01 1.93060708e+00 1.23986280e+00
    2.05634665e+00 -1.53455853e-01 1.22953212e+00 6.97541296e-01
    1.29586291e+00 1.18806481e+00 -4.99918640e-01 9.46838379e-01
    7.91874588e-01 -3.56072664e-01 1.68949008e-01 8.84862065e-01
    4.24218893e-01 -6.76310241e-01 1.62361741e+00 8.34263980e-01
    9.48906004e-01 8.70628178e-01 -7.19357848e-01 -4.39966559e-01
    8.94382298e-01 3.56075943e-01 5.79267621e-01 9.24112976e-01
    -1.80962801e-01 1.29248917e+00 -3.13780457e-01 -4.03077543e-01
    1.26423955e+00 -6.10526800e-02 9.92003918e-01 -5.46149373e-01
    6.84769809e-01 7.51999021e-01 1.02623856e+00 -5.97090483e-01
    -3.80408734e-01 7.32819736e-01 1.56390774e+00 -5.89622378e-01
    2.09562719e-01 -1.18721664e-01 1.41584992e+00 -1.52221322e-02
    -7.23821402e-01 5.32234907e-02 1.78540993e+00 4.59183991e-01
    -1.15893841e-01 3.51211607e-01 -3.94553244e-01 3.53917241e-01
    1.52616036e+00 -5.39556324e-01 4.20835495e-01 6.97609305e-01
    8.11943412e-01 5.54843724e-01 -2.49457300e-01 -1.08916283e-01
    -6.10653341e-01 -3.65643471e-01 -7.16006100e-01 9.44706857e-01
    1.02195728e+00 8.03779840e-01 1.07936192e+00 6.51081562e-01
    -1.74256027e-01 2.28524804e-02 1.24108076e+00 1.16178942e+00
    7.21192598e-01 6.42617285e-01 1.22819686e+00 1.07672977e+00
    -7.35846758e-02 -1.62478328e-01 6.55457973e-02 5.11315167e-01
    1.01686752e+00 2.18103468e-01 1.38759685e+00 1.14184022e-01
    -3.32949102e-01 1.78912640e+00 3.06154490e-01 1.03368306e+00
    -2.80156195e-01 1.42490101e+00 1.02864003e+00 1.74090385e-01
    3.10085118e-01 1.24104738e+00 -5.10732949e-01 1.05749130e-01
    8.80790412e-01 -1.10552967e-01 9.94420886e-01 -4.32700813e-01
    -2.47740030e-01 -2.85182416e-01 9.47308183e-01 -1.02539122e-01
    6.84713960e-01 1.58945858e+00 5.17395914e-01 5.12744784e-02
    3.28996480e-01 1.38223290e+00 -5.03523350e-01 1.46489930e+00
    -6.24088168e-01 -7.74753809e-01 8.14876795e-01 -8.24134707e-01
    7.43331313e-01 9.21807051e-01 4.25740182e-01 2.29867697e-02
    6.85196877e-01 6.81376755e-01 1.76416898e+00 4.91394222e-01
    2.43528843e-01 3.10308218e-01 -5.44644475e-01 1.67778754e+00
    -7.80654430e-01 -1.18756652e-01 3.38087261e-01 -2.13130176e-01
    1.75066924e+00 2.38169849e-01 1.60779691e+00 3.41270506e-01
    1.98998451e-01 1.11778867e+00 -7.63975739e-01 -9.23207998e-02
    6.59879327e-01 1.37904167e+00 1.06138253e+00 4.95996594e-01
    1.65131330e-01 9.49405611e-01 -5.28863370e-01 1.35839939e+00
    7.89268613e-01 7.77934194e-01 9.18249786e-01 -6.70275807e-01
    7.37620234e-01 -6.53902769e-01 2.22679496e-01 1.02013969e+00
    -2.06854343e-01 4.31095183e-01 4.73573208e-02 -6.08367622e-01
    9.84963179e-01 1.08232892e+00 3.91948581e-01 4.15856838e-01
    5.57382762e-01 -1.13671422e-01 1.09118485e+00 5.35730481e-01
    1.26649594e+00 4.93014574e-01 1.12900734e-02 -2.40441501e-01
    -4.82159406e-01 1.47786593e+00 1.66769278e+00 1.21315408e+00
    3.54852021e-01 1.39355159e+00 9.74697471e-01 1.35003090e-01
    1.03680825e+00 7.48204470e-01 4.56932783e-01 3.45896363e-01
    8.48823786e-02 6.37805998e-01 -2.88857460e-01 -3.40977162e-01
    1.43277216e+00 -5.89249134e-02 -1.04142308e-01 1.18253326e+00
    9.69786942e-01 -5.94263077e-01 1.33157885e+00 1.39003992e-01
    -4.18685496e-01 2.63197422e-02 -6.04694963e-01 1.53739357e+00
    -5.89985847e-01 -3.39718461e-02 9.70184684e-01 9.25086319e-01
    5.70620537e-01 -4.87821400e-01 -2.68244386e-01 2.45732665e-02
    9.11541224e-01 1.69002378e+00 1.20107865e+00 -4.37069863e-01
    7.25844502e-02 -3.27864856e-01 1.63421321e+00 1.10495830e+00
    2.88067758e-01 1.65086317e+00 -2.85194397e-01 8.02272022e-01
    1.43852210e+00 -5.86507618e-01 2.16963112e-01 -6.34988725e-01
    7.24891722e-01 -1.96526647e-01 8.42217088e-01 1.38730764e-01
    8.95340323e-01 9.94353354e-01 8.32740128e-01 9.41376686e-01
    -9.82862115e-02 2.85222709e-01 1.62977910e+00 1.65490437e+00
    2.29875267e-01 1.34768033e+00 1.28746295e+00 -6.15736246e-02
    1.13332272e+00 4.91289973e-01 1.05804729e+00 -3.92575622e-01
    3.41359079e-01 1.03569865e-01 1.53448868e+00 1.15772653e+00
    1.45450044e+00 -1.98386550e-01 5.85665822e-01 -8.24331403e-01
    9.83800709e-01 1.30213737e+00 5.66692591e-01 1.50795925e+00
    6.28054619e-01 -5.02658486e-02 6.97864950e-01 1.21747243e+00
    1.80946612e+00 1.55042553e+00 -6.06317997e-01 -8.42643380e-02
    1.84599376e+00 1.44693589e+00 -5.07978320e-01 -1.11850798e-01
    3.60028565e-01 -4.93641615e-01 -1.70448601e-01 -6.53718770e-01
    9.56885517e-01 -5.09233832e-01 3.87268543e-01 -4.45823163e-01
    1.66924286e+00 9.08701181e-01 1.04533565e+00 4.50296760e-01
    9.54472125e-01 1.33199763e+00 3.01029682e-02 9.36260879e-01
    4.98522401e-01 1.37987602e+00 1.01469207e+00 7.53477395e-01
    1.09955263e+00 9.45253730e-01 -5.92448115e-01 -2.76079535e-01
    1.72149229e+00 1.68625879e+00 6.13600254e-01 1.66182947e+00
    8.85806799e-01 1.15957475e+00 -3.60355735e-01 5.11584699e-01
    6.34871662e-01 9.87248421e-01 1.62612772e+00 -6.60119057e-02
    1.32300138e-01 -3.19031745e-01 -1.94877207e-01 -6.37930036e-02
    9.55846548e-01 5.04717171e-01 3.86663735e-01 6.23927593e-01
    8.33807945e-01 -5.91175556e-01 1.50819373e+00 8.71342838e-01
    5.98133147e-01 8.97419155e-01 6.79163516e-01 1.09935439e+00
    2.15540886e-01 1.62277055e+00 2.61011422e-01 -6.10485852e-01
    6.80511713e-01 1.51986027e+00 8.34686041e-01 6.15436494e-01
    8.86731684e-01 7.43815243e-01 -3.12036276e-03 1.25760210e+00
    1.65256476e+00 1.26560593e+00 -6.86936080e-01 -1.11192882e-01
    -3.87849122e-01 8.78133714e-01 5.47080040e-01 1.28847909e+00
    1.80135894e+00 9.59897637e-02 -6.75331056e-01 5.09835303e-01
    1.01840913e-01 -4.92341936e-01 3.23307514e-03 -5.82933664e-01
    1.20397544e+00 1.50709343e+00 8.40771556e-01 7.94926047e-01
    1.08845019e+00 -3.59157324e-02 6.88443482e-01 -2.37511992e-02
    4.70329285e-01 3.29586208e-01 7.74940193e-01 -1.98686540e-01
    2.27200925e-01 7.22501576e-01 -7.71838069e-01 2.91376710e-01
    1.29594982e+00 -4.13186550e-02 1.65138483e+00 1.42697334e-01
    1.47453773e+00 -7.88969159e-01 1.40708542e+00 4.37561274e-02
    -4.16261047e-01 6.11635447e-01 5.35171449e-01 1.48093748e+00
    7.82352865e-01 9.17555094e-02 4.47152793e-01 1.25423622e+00
    7.01475203e-01 1.70053709e+00 1.50967932e+00 -8.68528485e-02
    1.49784780e+00 -5.73885739e-01 1.70146513e+00 6.82924151e-01
    1.10227489e+00 7.51157165e-01 3.55815768e-01 -6.27258897e-01
    -4.85963970e-01 9.30332959e-01 -6.48694396e-01 -1.96641862e-01
    -6.23295665e-01 2.97877133e-01 1.50891662e+00 1.13427734e+00
    -6.53145790e-01 1.62484527e-01 1.00296497e+00 4.55371141e-01
    1.59449887e+00 -1.45754635e-01 8.86125684e-01 2.35797763e-01
    4.64932084e-01 7.88703382e-01 7.13104188e-01 2.38947392e-01
    1.79222703e+00 1.34780335e+00 -3.58586013e-01 -1.84965730e-01
    1.69938028e-01 -2.49139249e-01 3.23389769e-02 1.05774879e+00
    1.54787159e+00 -4.36634719e-01 3.74842525e-01 8.82374763e-01
    -4.42652613e-01 8.07839274e-01 8.94755125e-02 1.28312802e+00
    7.12273121e-01 4.63557065e-01 1.02765262e-01 1.65000057e+00
    -6.40971422e-01 2.30820239e-01 1.11438274e+00 1.15894520e+00
    1.55071497e-01 -4.23689663e-01 8.40533018e-01 1.01700711e+00
    1.36286092e+00 7.07606852e-01 1.44577408e+00 -2.15053558e-01
    -2.65547454e-01 1.47232437e+00 -4.81124341e-01 -1.29874170e-01
    4.77323592e-01 -3.69414955e-01 -5.19204497e-01 1.54968059e+00
    1.52462542e+00 1.54220867e+00 5.30398130e-01 1.83261335e-01
    9.25977468e-01 1.40056705e+00 1.57052517e+00 9.34235215e-01
    3.79106939e-01 -1.02654099e-02 1.49703193e+00 3.39146852e-02
    1.42609453e+00 4.93119597e-01 6.73156083e-01 3.37647378e-01
    1.20508349e+00 1.61276317e+00 1.03574991e+00 -6.14027381e-01
    5.25000095e-02 -2.71658719e-01 -2.03239620e-01 4.75407064e-01
    8.80939424e-01 5.88707924e-02 -5.17425299e-01 7.86075115e-01
    -3.15427393e-01 1.03243732e+00 1.11904395e+00 -7.47726858e-01
    1.37990069e+00 -2.31664777e-01 -7.42240906e-01 1.73116779e+00
    -6.06425524e-01 9.58630681e-01 -2.48370111e-01 -1.87195539e-02
    7.78913677e-01 2.79710591e-01 1.67042851e-01 2.44612634e-01
    1.24390697e+00 -7.54574418e-01 1.40574980e+00 1.42148888e+00
    -7.42197633e-02 8.10902536e-01 4.56224620e-01 1.11156130e+00
    1.41354620e+00 9.92904007e-01 1.45304036e+00 1.55933690e+00
    -4.16041940e-01 1.33799982e+00 1.77627516e+00 1.27488339e+00
    2.91012198e-01 4.88859713e-01 1.82632065e+00 -1.98558897e-01
    1.09482408e+00 9.53096151e-02 -2.42189765e-02 9.62953866e-01
    -2.69987911e-01 5.99906743e-01 -3.74063820e-01 -8.72785449e-02
    1.65370774e+00 3.19097519e-01 1.65124321e+00 1.26709902e+00
    7.53559470e-01 1.15321875e+00 1.44086683e+00 7.20402181e-01
    9.01603580e-01 3.80308747e-01 -2.43921876e-01 2.93759584e-01
    2.71098375e-01 6.09275162e-01 1.30169702e+00 -4.54866618e-01
    1.03440511e+00 3.94558966e-01 -2.34893441e-01 1.57269979e+00
    6.35897696e-01 3.96721363e-02 -1.36366963e-01 1.29577458e-01
    -4.86599982e-01 -2.54184365e-01 1.55471456e+00 -7.17063427e-01
    1.08911085e+00 1.35476303e+00 1.56131840e+00 -1.15188479e-01
    6.37550950e-02 1.10120320e+00 1.12952685e+00 1.31894088e+00
    1.84768629e+00 1.56844902e+00 -3.84601831e-01 2.41466403e-01
    6.26128316e-02 1.32066226e+00 -3.23508978e-02 2.17233956e-01
    -6.08141303e-01 1.39473712e+00 1.74848366e+00 -6.64802969e-01
    -4.26894903e-01 1.82006025e+00 -1.92002416e-01 1.30546761e+00
    1.47934866e+00 9.11263824e-02 1.43441141e-01 1.51526260e+00
    1.50941825e+00 9.66590047e-02 1.67109931e+00 -6.10534310e-01
    9.43318605e-02 8.34340394e-01 5.39971232e-01 1.31788492e+00
    -6.11633480e-01 2.31752396e-01 1.77705467e+00 3.73146355e-01
    -6.16503477e-01 2.71191895e-01 -5.66467047e-01 -4.12994742e-01
    -7.01931715e-01 4.03562427e-01 -2.11505115e-01 1.06066287e-01
    9.00169551e-01 4.63402629e-01 -1.63742363e-01 -3.54075164e-01
    -7.80725479e-03 -5.74091434e-01 1.24112391e+00 1.05023229e+00
    -6.22749090e-01 1.46369624e+00 3.47920060e-02 6.33551896e-01
    -2.19149292e-01 7.19046772e-01 -5.81138551e-01 -5.45450926e-01
    -4.42036748e-01 1.48955870e+00 7.52637804e-01 -5.61848521e-01
    7.89657116e-01 3.41427326e-01 2.70896912e-01 6.13268614e-02
    8.74413252e-02 1.42522633e+00 1.27676713e+00 1.16897082e+00
    6.51371002e-01 1.23826480e+00 9.70203757e-01 2.37231135e-01
    3.62746835e-01 1.55251849e+00 -4.14577931e-01 1.01634562e+00
    -3.95032227e-01 1.14982867e+00 -6.12018347e-01 3.84087741e-01
    1.44541681e-01 4.78342831e-01 8.69040251e-01 1.22354937e+00
    1.37036860e+00 7.01015115e-01 5.59114814e-02 1.11725450e+00
    1.56795406e+00 1.69125175e+00 -6.74105883e-02 -6.40385985e-01
    -3.41468841e-01 1.35258985e+00 -9.34101939e-02 -4.78011221e-01
    1.01098156e+00 -6.81074440e-01 -4.49818373e-03 -2.43791699e-01
    -6.78259015e-01 -1.35427415e-01 6.32424355e-01 1.78279531e+00
    1.05615139e+00 -3.54209691e-01 1.36543238e+00 9.48492110e-01
    1.28059506e+00 -5.90586126e-01 3.66680980e-01 7.62626410e-01
    6.31487489e-01 1.12707555e+00 2.07669497e-01 1.53363085e+00
    6.36302054e-01 7.89445460e-01 4.89753842e-01 -6.75399303e-02
    5.04409969e-01 6.63581789e-01 5.12107790e-01 1.69466341e+00
    1.63063693e+00 9.30528641e-01 1.56671369e+00 -5.59548557e-01
    1.04765749e+00 7.24442840e-01 -2.28990376e-01 -2.12973058e-01
    1.13418508e+00 1.49744570e-01 -5.68334520e-01 9.66441035e-01
    3.31003606e-01 3.52646589e-01 1.32596827e+00 1.11436534e+00
    -4.77758646e-01 1.50061560e+00 -2.71274745e-01 -1.96361005e-01
    -1.15746915e-01 1.23016262e+00 7.97326863e-01 8.86676848e-01
    1.64137626e+00 -6.11239672e-01 -5.65198660e-02 1.67603540e+00
    1.61730587e-01 -1.09657228e-01 1.49834275e+00 -8.44763756e-01
    1.66754889e+00 4.09714222e-01 1.02944577e+00 -1.44211292e-01
    1.72229588e+00 1.19806337e+00 -7.23186731e-02 -6.47640586e-01
    2.93139100e-01 -3.96016300e-01 1.36121154e+00 8.07953477e-01
    -6.34603739e-01 1.23733640e-01 1.31666493e+00 1.07536268e+00
    1.16013265e+00 1.47653055e+00 -7.69950032e-01 -5.70553660e-01
    1.84772432e-01 9.29576516e-01 8.41278315e-01 1.44373846e+00
    3.67150307e-01 -4.66682673e-01 1.64841545e+00 1.84301674e-01
    -2.86979795e-01 8.72296453e-01 -4.16151375e-01 7.34961689e-01
    8.16808343e-02 1.68394947e+00 -4.85549182e-01 -4.24720049e-02
    2.05962420e-01 3.34841013e-01 9.08583403e-03 5.17376542e-01
    1.39114082e-01 5.60120285e-01 -1.67840540e-01 3.37616146e-01
    1.10965586e+00 3.88992429e-01 -4.85313773e-01 -6.94948614e-01
    1.26538944e+00 4.76875186e-01 1.85892940e+00 3.96150529e-01
    3.39329094e-01 6.12620354e-01 -5.07109880e-01 2.65362859e-01
    -5.05031288e-01 -6.89547598e-01 -4.58726943e-01 9.36795712e-01
    1.63174891e+00 5.90533614e-02 -3.56000930e-01 7.03448057e-02
    1.84805274e-01 1.38049102e+00 7.95939147e-01 1.39042211e+00
    -4.08620209e-01 5.73615611e-01 -3.93127471e-01 -4.96992946e-01
    1.36869550e-01 4.93388593e-01 1.19248581e+00 -5.71693540e-01
    8.33191574e-01 -6.99300766e-01 1.35660243e+00 9.33227599e-01
    -3.32482308e-01 -3.32198620e-01 1.03364134e+00 1.02460408e+00
    3.35549414e-01 -3.20875525e-01 1.19274044e+00 5.56435585e-02
    1.55708516e+00 7.96031952e-01 7.32658863e-01 -6.11641347e-01
    3.61225069e-01 -9.08500552e-02 1.75444996e+00 1.33644962e+00
    -2.59469092e-01 -4.60774958e-01 -7.24411845e-01 -4.97650504e-02
    6.33843482e-01 1.09406638e+00 1.82125568e+00 -4.50715095e-01
    1.38584447e+00 -9.00142789e-02 6.65540755e-01 -5.77726960e-01
    1.80767393e+00 2.42992401e-01 1.10498691e+00 2.58797765e-01
    4.91241217e-01 5.81035554e-01 1.16346681e+00 -1.28624260e-01
    8.92074764e-01 5.20187378e-01 -2.20699966e-01 1.57322502e+00
    4.34392273e-01 9.98893380e-01 1.15908217e+00 8.77091110e-01
    1.57666326e+00 -5.09096801e-01 7.20050633e-01 1.61228800e+00
    -4.60577399e-01 1.14745903e+00 9.46671486e-01 9.47160721e-02
    3.38421226e-01 2.40909994e-01 1.63153100e+00 -6.03600860e-01
    -2.53604829e-01 1.13757539e+00 6.49380624e-01 1.94122195e-02
    7.74133146e-01 9.78851438e-01 9.01645601e-01 8.18095148e-01
    3.82731318e-01 3.87337267e-01 -3.96582395e-01 -4.87703413e-01
    1.05589795e+00 1.04850054e-01 6.89480305e-02 1.24196601e+00
    -5.28099716e-01 -2.72089839e-02 8.31442177e-01 1.75786710e+00
    -2.62987852e-01 1.97927058e-01 8.85828197e-01 8.97458792e-02
    5.33982575e-01 1.04759598e+00 8.48432064e-01 1.48685431e+00
    1.57076859e+00 3.20059896e-01 1.46387994e+00 1.15868926e+00
    1.64773524e+00 1.50083733e+00 6.46180928e-01 -6.27274513e-01
    8.88570607e-01 -3.80340755e-01 1.32404387e-01 -5.96067786e-01
    6.49672449e-01 1.23712587e+00 1.23087382e+00 1.57153797e+00
    5.37125409e-01 -7.39941001e-02 1.81271553e-01 -3.57942730e-01
    7.36210942e-02 2.38600135e-01 7.25594938e-01 6.77931547e-01
    1.19317722e+00 2.28841126e-01 -1.31935537e-01 3.21869254e-01
    -8.12142491e-02 3.30540538e-02 1.40499258e+00 6.63379908e-01
    4.18671966e-01 9.53501344e-01 3.82034659e-01 1.81315708e+00
    -6.57981992e-01 1.14362383e+00 5.05668521e-02 -9.90530252e-02
    6.30288184e-01 3.86306763e-01 8.97558510e-01 7.98734784e-01
    -1.33413255e-01 6.71046495e-01 4.25934255e-01 1.76563323e+00
    3.56101811e-01 6.21141195e-01 1.28729081e+00 1.37216163e+00
    5.00462413e-01 5.54194927e-01 -1.99996233e-02 3.20833862e-01
    -2.14528918e-01 3.80436838e-01 6.97595775e-01 9.58311498e-01
    5.09734035e-01 1.48278642e+00 -7.74901748e-01 3.16105723e-01
    5.18977582e-01 -1.02065742e-01 -5.77128828e-01 1.34208786e+00
    2.69448698e-01 1.52679491e+00 2.62071729e-01 -2.06179619e-02
    1.45550740e+00 -4.09406275e-01 1.27091908e+00 1.46242595e+00
    1.40454197e+00 1.63436532e+00 9.11378801e-01 1.17265296e+00
    1.15930676e+00 5.19313395e-01 1.41695023e+00 -5.35062909e-01
    1.70059144e-01 6.50508821e-01 -2.11386561e-01 1.36023402e+00
    -6.18801534e-01 1.21482325e+00 4.80821013e-01 1.54376006e+00
    9.91404891e-01 -7.69055367e-01 1.71577168e+00 3.95773351e-01
    1.52456808e+00 5.51614881e-01 -1.73612833e-02 5.08343518e-01
    1.09873450e+00 5.97268641e-01 -2.19995081e-01 -2.46374249e-01
    -2.26056755e-01 6.11438513e-01 1.38437009e+00 8.02723944e-01
    -3.23796391e-01 3.99570227e-01 8.18714857e-01 1.69337940e+00
    9.54115450e-01 -8.68098736e-02 -7.23684847e-01 1.27177358e+00
    2.43986249e-01 1.52549005e+00 -2.44607985e-01 3.48758221e-01
    1.01305032e+00 -2.52142549e-01 -4.49984103e-01 9.70127821e-01
    -3.97359729e-02 2.23808050e-01 -5.64969957e-01 -1.32346153e-01
    8.08017373e-01 2.33214319e-01 6.39990211e-01 6.49088442e-01
    1.10262060e+00 1.69163060e+00 8.85992765e-01 5.16499877e-01
    1.63086259e+00 7.32476115e-02 -1.73388243e-01 1.48855746e+00
    1.08036137e+00 7.29547739e-02 -2.03142345e-01 1.47460413e+00
    8.73778343e-01 6.58386528e-01 5.62734902e-01 3.25659275e-01
    1.60407805e+00 1.35561836e+00 9.86050367e-02 -2.50077814e-01
    1.47355652e+00 1.02393174e+00 -4.98176455e-01 6.99896395e-01
    1.71121228e+00 8.94696414e-01 -6.89176261e-01 1.00492048e+00
    2.71127462e-01 1.70385838e+00 -5.25441885e-01 1.57853186e+00
    8.49033356e-01 1.19794202e+00 7.77618229e-01 -3.52019578e-01
    6.24619365e-01 -4.50884312e-01 9.60475504e-01 5.48334897e-01
    -7.62847006e-01 -7.21016824e-01 1.75630379e+00 1.21497250e+00
    -7.35363066e-01 9.41587925e-01 6.55103028e-01 2.66145885e-01
    3.29503119e-01 5.89577258e-01 7.37114429e-01 2.00103760e-01
    -6.51222944e-01 -5.60357094e-01 1.00091624e+00 4.63446915e-01
    8.48341286e-01 1.53690600e+00 -3.56962830e-01 2.89763987e-01
    9.98493969e-01 -6.28739178e-01 2.35109746e-01 -5.57583213e-01
    1.31027150e+00 1.50121903e+00 -2.55508304e-01 4.59282398e-02
    9.92221653e-01 8.57186735e-01 1.72977197e+00 -4.09726113e-01
    2.15406299e-01 -1.25793517e-01 1.81136203e+00 -5.81910968e-01
    -8.33128572e-01 1.96728051e-01 5.96359551e-01 -7.88708150e-01
    -2.43807554e-01 -1.70778036e-02 -7.45740533e-01 -1.46772444e-01
    -1.97699666e-02 1.77047443e+00 -1.01000726e-01 5.32146275e-01
    -1.03128374e-01 -6.98561311e-01 1.78408849e+00 9.62882459e-01
    6.95381582e-01 1.12876940e+00 -3.21882248e-01 -1.99620485e-01
    2.59516776e-01 8.68286252e-01 -7.27021098e-02 1.58235610e+00
    5.18245757e-01 -1.48380578e-01 1.13615537e+00 4.87385213e-01
    1.26002359e+00 1.57751667e+00 1.53313565e+00 1.42769873e+00
    5.12960970e-01 5.06258488e-01 -2.79081464e-02 1.64761162e+00
    6.67001843e-01 3.69493365e-02 4.76796091e-01 1.54925621e+00
    -3.14176977e-01 1.44023359e+00 4.82822478e-01 8.40664327e-01
    -4.45739150e-01 1.87921226e-01 -5.12719154e-03 3.06558669e-01
    1.02723014e+00 2.48779833e-01 -3.18877995e-01 -6.96196556e-01
    1.01781094e+00 9.11960542e-01 -7.40558386e-01 1.06280982e-01
    -6.26118660e-01 1.66553688e+00 -2.23237276e-02 -1.83396876e-01
    1.00443840e+00 1.63425374e+00 2.32376933e-01 5.35806954e-01
    3.12637091e-02 2.46522129e-01 1.55542612e+00 9.84935999e-01
    1.62127221e+00 -1.55041993e-01 -3.88521105e-01 -4.23055798e-01
    -1.16907597e-01 6.38668954e-01 1.19147348e+00 1.73732305e+00
    7.44466662e-01 -3.76551151e-01 1.33391356e+00 -2.30147243e-02
    1.62729263e+00 1.64527011e+00 -2.29384094e-01 1.28067136e-01
    -1.85702324e-01 -6.25181913e-01 6.65548682e-01 1.27406573e+00
    9.72840667e-01 7.35396087e-01 -5.77310920e-01 1.74048305e-01
    -3.91419113e-01 -5.85770607e-03 1.58014441e+00 -3.78744811e-01
    8.15361440e-01 5.92716098e-01 1.04444861e-01 6.76803052e-01
    1.38339198e+00 1.07597470e+00 8.92996788e-01 1.36696684e+00
    -1.91027284e-01 -6.73322558e-01 1.88913047e-01 4.56561387e-01
    6.25397563e-02 -5.76100588e-01 1.49287879e-01 -2.04156160e-01
    1.37130141e+00 -3.32770556e-01 1.21687615e+00 -6.84716105e-02
    1.31365204e+00 1.66652060e+00 -7.99825788e-01 1.80292368e-01
    6.23476624e-01 8.80514920e-01 -2.86749125e-01 9.49627101e-01
    1.07550287e+00 7.76962042e-01 3.17831516e-01 3.56315255e-01
    1.06112754e+00 -2.52102613e-01 3.69285047e-01 7.37598956e-01
    -2.60185182e-01 7.77105093e-01 -1.22091770e-01 -1.89112782e-01
    1.41515231e+00 9.74746466e-01 1.15433478e+00 -9.96693969e-02
    -7.66668081e-01 1.48080051e+00 1.20399427e+00 1.82415247e-02
    4.01744783e-01 -5.74966490e-01 1.71914995e-01 1.64500403e+00
    7.72600353e-01 9.26673234e-01 2.07039237e-01 -5.61160803e-01
    1.81753337e-01 7.77391613e-01 1.53010011e+00 1.49332237e+00
    3.76223385e-01 1.47055411e+00 6.77675605e-01 -1.37167394e-01
    1.50479925e+00 -2.12513328e-01 7.96778798e-02 8.64449918e-01
    9.07562017e-01 -7.34744966e-01 1.32639194e+00 9.22543526e-01
    1.64125419e+00 -3.03822905e-01 1.70073318e+00 1.83829665e+00
    5.65684021e-01 4.70644474e-01 4.32678461e-01 -2.46817499e-01
    -3.61480951e-01 9.31891799e-01 4.81063843e-01 2.05188870e-01
    -4.08378243e-02 -7.83707678e-01 2.21918225e-01 1.12147999e+00
    1.60787392e+00 -3.65213752e-01 5.10302126e-01 -4.36146975e-01
    -2.35725164e-01 -2.34422863e-01 1.08490109e+00 1.75782633e+00
    1.99739933e+00 3.45867813e-01 8.97732258e-01 8.53639960e-01
    -6.35033250e-01 7.20623851e-01 -4.65015888e-01 8.73506069e-03
    3.48579049e-01 7.16636717e-01 1.05205119e+00 5.04400730e-02
    -5.35521030e-01 -4.16871816e-01 5.59717417e-02 1.28571236e+00
    1.03570819e+00 -6.35180473e-02 5.06141782e-01 -5.72579920e-01
    3.47201347e-01 1.45189929e+00 7.92561710e-01 1.00994444e+00
    5.23468256e-02 5.84155321e-02 4.92554069e-01 1.14941525e+00
    5.42641759e-01 9.80685592e-01 4.50411141e-01 9.25060630e-01
    7.52012372e-01 -3.76591682e-02 -7.11454868e-01 1.84986520e+00
    6.22659862e-01 8.28338563e-01 1.41159582e+00 -2.95726627e-01
    -2.68630505e-01 9.69005942e-01 1.53786778e+00 2.35227764e-01
    1.69912970e+00 -1.08532906e-02 -3.32449675e-02 -4.78686184e-01
    -4.29328740e-01 -9.46864486e-02 9.31671262e-02 5.86680949e-01
    2.20987380e-01 1.53519750e+00 -4.70687747e-02 2.17233300e-02
    1.61434984e+00 -6.59812629e-01 -2.89919436e-01 -1.69146478e-01
    -3.43352556e-01 8.91482234e-01 -1.53653681e-01 1.48411441e+00
    3.06843221e-01 8.86205137e-01 1.67703366e+00 1.59013689e+00
    2.00624347e-01 1.68828380e+00 -2.93888927e-01 -4.98063564e-02
    -5.68052411e-01 1.31568670e+00 -3.62056494e-03 -4.86798257e-01
    1.12466693e+00 1.35016441e-01 1.34115219e+00 9.32449102e-03
    8.04132104e-01 1.31470799e+00 1.20151305e+00 1.73612571e+00
    3.33387315e-01 8.52913260e-02 1.92040682e-01 -1.64293468e-01
    2.20289826e-01 -6.32928193e-01 -5.86031139e-01 4.25938189e-01
    -6.15179539e-01 1.59967232e+00 -3.29903483e-01 8.96668375e-01
    1.52359200e+00 -3.91905099e-01 1.24781370e+00 -3.57333988e-01
    3.80464315e-01 5.09644628e-01 8.71829152e-01 -7.20697463e-01
    1.63521791e+00 1.41859722e+00 3.59613538e-01 1.42054510e+00
    6.02880538e-01 -5.27619720e-01 1.29898512e+00 3.52767110e-02
    -3.64775091e-01 8.01692188e-01 -4.01815444e-01 5.47547102e-01
    -3.31197619e-01 1.13723302e+00 6.57047331e-01 5.79866529e-01
    -9.54809189e-02 -5.72051108e-01 6.35143697e-01 -3.18261057e-01
    5.82117677e-01 6.11501515e-01 -1.16713226e-01 -2.31199324e-01
    3.48183453e-01 2.63621211e-01 -6.26916289e-02 4.36477065e-02
    -4.11457419e-02 2.76801765e-01 4.80286837e-01 5.88647664e-01
    -6.40773714e-01 1.59554577e+00 4.56581771e-01 1.51865721e-01
    3.91234100e-01 1.23267055e+00 7.30939507e-02 -5.32830954e-01
    1.22513247e+00 1.43268514e+00 4.38398719e-01 1.14067769e+00
    -1.59855485e-01 7.51560330e-02 -2.97526300e-01 1.75227678e+00
    1.53519511e-02 1.34208775e+00 6.85271621e-02 5.38620949e-02
    8.52628767e-01 5.08049130e-01 7.37476468e-01 -3.71097356e-01
    1.41386902e+00 1.57751608e+00 -5.35566688e-01 -6.14649415e-01
    1.20592070e+00 1.66003776e+00 3.61174345e-03 6.46410704e-01
    5.69357812e-01 1.06321740e+00 -4.35130447e-01 8.03267777e-01
    7.37625599e-01 1.26022100e-01 6.23679936e-01 2.67324150e-01
    -1.58066452e-01 1.80052614e+00 9.91655588e-02 -5.49284995e-01
    3.53410244e-02 -6.40554786e-01 1.19764066e+00 1.72595072e+00
    -4.56555396e-01 -3.89075220e-01 6.88880861e-01 -2.65933990e-01
    2.86184967e-01 5.04876792e-01 2.03443289e-01 2.32165992e-01
    1.03578651e+00 1.53541136e+00 1.38075900e+00 -6.81103647e-01
    2.81545222e-01 1.49283147e+00 6.01250231e-01 6.99030876e-01
    8.20177197e-01 -5.70412397e-01 1.14810431e+00 -8.08273077e-01
    1.98152065e-02 9.60981369e-01 1.20914841e+00 6.32473767e-01
    3.37696850e-01 -2.80745029e-02 -1.37422919e-01 -5.83323836e-01
    1.70123422e+00 3.50342989e-01 1.73003507e+00 1.06146264e+00
    9.74852383e-01 1.47585464e+00 -5.50081074e-01 1.04335868e+00
    -8.21373641e-01 1.04291642e+00 8.99595022e-02 1.07763863e+00
    4.73180592e-01 8.29969704e-01 7.43917465e-01 8.60042870e-01
    -3.14150602e-01 3.76947522e-02 7.01232553e-01 6.62498057e-01
    7.27475286e-01 1.32211626e-01 -4.68774438e-02 -9.86177325e-02
    2.44741261e-01 5.90905666e-01 -4.84875560e-01 9.14558768e-01
    1.71037066e+00 1.32128966e+00 -6.76793814e-01 2.68165410e-01
    1.92653894e-01 1.53274941e+00 -7.61597633e-01 -3.26568782e-01
    1.69508410e+00 1.60274315e+00 1.75968456e+00 1.32671046e+00
    2.62723863e-01 3.48228753e-01 2.90435314e-01 5.89044213e-01
    4.40430194e-01 -3.52470458e-01 4.35816050e-02 6.08758211e-01
    6.77343130e-01 -5.36400914e-01 3.23226750e-01 1.35881841e+00
    1.74428689e+00 1.48864210e+00 -8.42410922e-02 -5.64882696e-01
    -6.81657672e-01 2.33062506e-01 1.05140102e+00 1.35294747e+00
    9.90789056e-01 -4.91048604e-01 -2.52287567e-01 1.30094492e+00
    1.20169950e+00 1.28457975e+00 9.98073816e-03 9.16942298e-01
    -5.59275985e-01 -6.63534999e-02 3.13191712e-01 6.67839170e-01
    9.10517991e-01 2.22877800e-01 8.71967673e-01 4.91157532e-01
    -3.98809701e-01 -6.81932211e-01 8.76697898e-01 -4.62430537e-01
    -2.54151732e-01 1.08262873e+00 6.68391109e-01 1.25109255e-01
    -1.28288627e-01 -7.79467225e-02 1.79365921e+00 7.36714482e-01
    1.35767853e+00 6.84476912e-01 -2.97810823e-01 1.76419985e+00
    -4.02913779e-01 1.34910297e+00 -4.46054280e-01 4.46349561e-01
    1.75484967e+00 1.91087127e-01 9.46585357e-01 1.07132339e+00
    1.31823874e+00 -2.45065629e-01 4.19244230e-01 2.35823870e-01
    -7.25196004e-02 -3.28958899e-01 1.17537618e-01 1.46250486e+00
    6.00714028e-01 9.60074246e-01 9.44418192e-01 1.15155530e+00
    -3.70063782e-02 1.11642122e+00 6.76337004e-01 6.09618902e-01
    1.55557179e+00 9.08469379e-01 -4.79755551e-01 3.81131709e-01
    5.58522820e-01 -7.40372300e-01 -3.90496016e-01 1.47226119e+00
    1.67822266e+00 2.90786147e-01 1.31224442e+00 2.91351736e-01
    9.20672655e-01 7.23037124e-01 1.21709275e+00 7.88489759e-01
    7.32678592e-01 -1.77707195e-01 1.78485334e+00 1.28994250e+00
    2.75343359e-01 -3.75809848e-01 3.25210214e-01 7.45879173e-01
    7.26495326e-01 9.84226048e-01 2.40059257e-01 -5.98258018e-01
    4.04641271e-01 1.64450145e+00 1.34062231e+00 5.98655164e-01
    9.82286096e-01 1.40253377e+00 4.72991586e-01 6.49484992e-02
    6.83744311e-01 1.15697587e+00 7.75940478e-01 6.87423944e-01
    -1.42538488e-01 2.90985584e-01 -7.47090042e-01 -4.50897276e-01
    -4.17094707e-01 -4.12078589e-01 3.21885884e-01 1.52874112e+00
    -5.63460469e-01 1.38605523e+00 1.09314799e+00 3.92742097e-01
    1.66971302e+00 -1.43530667e-01 6.83022201e-01 5.00072122e-01
    -1.34300709e-01 2.22181439e-01 -2.67451227e-01 -2.58115530e-02
    1.43805635e+00 -3.92044336e-01 1.71268606e+00 5.13668001e-01
    -6.65776312e-01 1.06238174e+00 1.45714712e+00 5.50143123e-02
    1.42567325e+00 7.89159775e-01 6.26508415e-01 5.37819922e-01
    -8.62526894e-02 1.97322786e-01 5.28271794e-01 9.16312754e-01
    6.56696558e-01 -7.10371733e-02 1.20467234e+00 -4.61104065e-01
    1.03997684e+00 1.62037432e+00 5.00834405e-01 -1.97291374e-01
    1.23756218e+00 -2.40209967e-01 -3.44653904e-01 3.38226557e-01
    1.27304029e+00 6.21557593e-01 -1.54841483e-01 8.74958813e-01
    1.40217233e+00 1.13623977e-01 -7.52993822e-02 3.47561359e-01
    5.68224490e-01 5.35455227e-01 5.05139053e-01 1.87045455e-01
    1.89756870e-01 7.53432572e-01 2.12208629e-02 8.79897118e-01
    4.17292714e-02 -4.73922431e-01 5.07793963e-01 1.29067314e+00
    1.82738948e+00 3.44082475e-01 1.74506688e+00 1.23586833e-01
    4.83515620e-01 1.66438031e+00 -5.84782243e-01 6.10796392e-01
    1.44307017e+00 1.47432768e+00 4.00255859e-01 -9.65903997e-02
    9.14344370e-01 1.75384426e+00 -2.92041630e-01 1.10871458e+00
    1.12031603e+00 4.47434962e-01 1.06780219e+00 1.26253629e+00
    3.88036966e-02 1.45497215e+00 1.21235573e+00 1.63724828e+00
    1.71906674e+00 -6.26307726e-01 -4.24644619e-01 -8.08131397e-01
    5.39169788e-01 1.05808401e+00 1.25219810e+00 6.47089958e-01
    1.34701610e+00 1.01832104e+00 -1.81968093e-01 -7.10124493e-01
    6.00266278e-01 3.22167277e-01 4.68772769e-01 1.29833341e+00
    -1.96136236e-01 -6.68247342e-01 8.33316803e-01 1.47811127e+00
    1.76988566e+00 1.67953074e-01 -6.59472942e-01 7.45894134e-01
    1.61528528e+00 7.61954308e-01 1.17469001e+00 -3.07435989e-02
    9.34642732e-01 -5.64999580e-01 1.85042787e+00 1.24355507e+00
    -5.00214577e-01 4.28387940e-01 -4.45293844e-01 1.63185608e+00
    -5.21930158e-01 1.40755630e+00 1.11889017e+00 1.42752099e+00
    -1.05813563e-01 -5.90219378e-01 1.04263699e+00 -3.99414659e-01
    -3.29263628e-01 -9.61381197e-03 8.13816190e-01 -7.04219460e-01
    -3.59935820e-01 1.55890822e-01 -2.09136516e-01 1.54915571e+00
    1.24762821e+00 -4.73350257e-01 9.84578192e-01 -2.70874500e-01
    1.32784724e+00 1.08873069e+00 -9.27554369e-02 1.21443117e+00
    -6.82805657e-01 -3.02739501e-01 -8.86978507e-02 6.14666045e-01
    1.16557312e+00 4.98476744e-01 4.82635081e-01 -2.25683153e-01
    -3.29873502e-01 1.10234857e+00 -6.46467149e-01 -7.93207049e-01
    9.64514256e-01 -3.21244270e-01 6.05734110e-01 1.25979328e+00
    2.68805921e-01 -4.39246893e-02 2.18188763e-03 7.67939746e-01
    -9.55241323e-02 8.86500657e-01 4.76668715e-01 1.35347521e+00
    1.12215447e+00 2.18812823e-01 -2.07497060e-01 7.05160201e-01
    -3.42834651e-01 -5.87909579e-01 9.22455728e-01 4.22885001e-01
    1.38768995e+00 -5.74869514e-02 6.24696016e-01 -2.14657724e-01
    1.70331955e+00 -6.65903032e-01 1.45664167e+00 3.57263088e-02
    9.79822993e-01 7.72068322e-01 -5.77854514e-01 1.06724751e+00
    1.36234307e+00 1.68115163e+00 6.32717967e-01 4.35057521e-01
    -5.43164790e-01 9.55594003e-01 1.49561167e+00 -1.32440746e-01
    -3.27298820e-01 -1.62422061e-01 7.13754416e-01 1.44362974e+00
    6.72731996e-02 1.48399949e-01 1.41579056e+00 -6.77931547e-01
    1.25017142e+00 1.10785306e+00 -6.32529855e-01 1.40726840e+00
    1.72221315e+00 1.10338497e+00 1.00831687e+00 -5.70819974e-02
    -4.15534049e-01 8.74846101e-01 1.02792788e+00 1.54555213e+00
    -7.55778015e-01 5.74411392e-01 8.05054903e-02 1.71994638e+00
    -5.77839613e-01 -1.76049411e-01 9.91636276e-01 1.81426096e+00
    -6.62490964e-01 1.36491704e+00 7.19142437e-01 2.03423381e-01
    9.08706844e-01 1.36430287e+00 -5.72024226e-01 1.19880843e+00
    9.30028200e-01 1.61100030e+00 3.78589332e-01 -9.28139687e-02
    1.64593649e+00 1.20036578e+00 -7.28665650e-01 1.70078433e+00
    1.18219793e+00 9.18790281e-01 -2.32046008e-01 1.70597100e+00
    -2.95127928e-01 2.95288742e-01 6.26568198e-02 1.48202753e+00
    4.12791550e-01 -1.28270388e-01 6.93443298e-01 1.29633904e+00
    1.58293676e+00 1.14725423e+00 1.11345124e+00 8.17205012e-01
    1.79624486e+00 -1.24040306e-01 -5.34886837e-01 4.84544039e-02
    1.42948031e-02 1.51080525e+00 1.48614335e+00 -3.54134917e-01
    1.57611656e+00 4.19451058e-01 -1.23036683e-01 -3.20408493e-01
    1.21313739e+00 -2.24615544e-01 3.68295908e-01 1.64773846e+00
    3.77051473e-01 1.25182891e+00 1.22176421e+00 -5.13960302e-01
    -8.76156688e-02 1.62486804e+00 -6.94853961e-01 1.47095501e-01
    7.68537343e-01 4.77714181e-01 1.31316721e-01 7.69146442e-01
    1.56928349e+00 -2.68965602e-01 9.36944544e-01 1.15293419e+00
    1.18992019e+00 -7.26472616e-01 6.58637762e-01 -5.48883259e-01
    1.11153102e+00 -5.10311604e-01 1.55623150e+00 1.36847258e+00
    -5.05570173e-01 -3.07857603e-01 1.16984487e+00 1.35599470e+00
    8.36634338e-01 5.44406116e-01 1.63003314e+00 2.33273923e-01
    1.04098678e-01 1.49853671e+00 9.69826579e-01 -5.47714531e-01
    9.17009950e-01 1.02306020e+00 9.11417425e-01 1.20008135e+00
    -2.96776801e-01 1.52306759e+00 -4.13972020e-01 1.61802387e+00
    1.08520985e-02 7.07343459e-01 -6.48446023e-01 9.27988529e-01
    1.49723577e+00 -4.48123157e-01 -3.39262843e-01 -3.45829129e-02
    2.18629837e-04 6.02029622e-01 9.59460616e-01 -3.36236924e-01
    2.25934386e-01 -4.81184542e-01 -2.28180379e-01 3.54167461e-01
    4.22779322e-01 -4.64797020e-04 2.32996643e-01 1.18536973e+00
    1.72166944e+00 -7.87498891e-01 -1.62833214e-01 5.14733195e-02
    6.50483072e-01 -1.42642915e-01 1.26524734e+00 -4.21960354e-01
    8.98651481e-02 6.12303197e-01 9.21203375e-01 7.44152606e-01
    1.04391360e+00 1.70500875e+00 5.13936579e-01 3.97660315e-01
    5.45757890e-01 6.18997037e-01 5.59175432e-01 2.35822201e-01
    -6.43917203e-01 8.90730858e-01 1.12663496e+00 6.43714964e-01
    -1.36928976e-01 -2.30861515e-01 -2.81055689e-01 -5.34276545e-01
    1.84068084e-02 1.50570273e+00 -5.16287565e-01 -6.28591597e-01
    4.59874928e-01 -5.76969743e-01 7.22934484e-01 5.29869795e-01
    3.91280055e-01 -7.84950197e-01 1.43049383e+00 1.71663356e+00
    1.18017828e+00 9.35765505e-02 -1.90071642e-01 1.41162276e+00
    1.10194159e+00 -1.92509651e-01 1.28979743e-01 6.20359004e-01
    -3.32460225e-01 1.46717966e+00 6.86063349e-01 1.54488015e+00
    9.33644176e-02 1.16164207e+00 1.11767101e+00 1.72678471e+00
    -5.62584102e-02 1.55095696e+00 2.10406661e-01 4.45657492e-01
    1.48941350e+00 1.33692789e+00 1.00400496e+00 1.55102825e+00
    6.11749649e-01 1.13620865e+00 -7.39657462e-01 1.82489002e+00
    1.28974617e+00 1.75215936e+00 -4.80187327e-01 7.49929607e-01
    1.26523960e+00 9.18607235e-01 6.57081842e-01 5.89754164e-01
    1.77358794e+00 1.65020895e+00 -2.56093711e-01 -1.44864857e-01
    9.20061350e-01 1.73416746e+00 -6.80739939e-01 5.64099133e-01
    6.69633090e-01 -7.43444622e-01 1.66278756e+00 9.19536829e-01
    1.25800180e+00 8.52439046e-01 6.08747780e-01 -6.15185440e-01
    1.71160161e+00 5.22014678e-01 5.20979643e-01 4.65463758e-01
    4.81905937e-01 -2.01935112e-01 7.71668613e-01 1.74735904e+00
    1.15215766e+00 -5.82757831e-01 4.78454590e-01 -4.19855058e-01
    1.85815525e+00 1.36132729e+00 -7.92914212e-01 4.08849537e-01
    1.02417409e+00 3.03724706e-01 5.52402318e-01 6.32177532e-01
    -4.53554899e-01 1.51822209e+00 1.13540435e+00 6.62488282e-01
    1.07973146e+00 1.07303882e+00 4.48029816e-01 -3.25071216e-01
    1.02922964e+00 3.84976029e-01 5.24992049e-01 -2.18521416e-01
    7.44618773e-02 -6.69428110e-01 -1.26631021e-01 -8.90407562e-02
    1.42857552e+00 -3.22539449e-01 3.06163430e-01 2.15404630e-02
    1.16674161e+00 1.32264733e+00 -4.07842726e-01 7.70541489e-01
    -4.25618857e-01 1.69355774e+00 1.20578945e+00 6.04966819e-01
    7.63025284e-02 1.00363469e+00 1.27417302e+00 -6.36311412e-01
    5.29478669e-01 1.53544188e+00 -2.08284020e-01 2.58558989e-03
    7.26553619e-01 1.99310780e-02 6.78743839e-01 7.68032372e-01
    1.64254427e+00 4.66590464e-01 2.29233384e-01 7.01080203e-01
    5.49021840e-01 1.15138245e+00 1.02685273e-01 6.83845758e-01
    6.07640147e-01 -4.93811786e-01 5.66856027e-01 -5.74872613e-01
    1.68650448e+00 5.80791712e-01 1.59100306e+00 1.44291687e+00
    1.74850428e+00 3.66641223e-01 1.22332215e+00 7.11448789e-01
    1.46736574e+00 5.92970610e-01 1.22523928e+00 -3.94561291e-02
    5.53483546e-01 -5.62405407e-01 -3.55262637e-01 -4.85692531e-01
    1.64086795e+00 1.14419591e+00 -7.88493276e-01 6.87026441e-01
    1.31858337e+00 7.34459400e-01 1.34698701e+00 4.67533767e-01
    2.71961689e-02 1.49104309e+00 -5.88342071e-01 2.43660092e-01
    -5.39250493e-01 8.96089494e-01 8.04055512e-01 1.48953986e+00
    1.27257824e+00 6.49347126e-01 1.45391095e+00 5.08094132e-01
    8.49785626e-01 7.38395393e-01 1.22546005e+00 9.64279771e-02
    8.20638239e-01 6.07785225e-01 -2.84030557e-01 -1.90162003e-01
    1.44445300e-01 8.01846325e-01 1.59113359e+00 -3.16305250e-01
    3.45278084e-01 1.75793147e+00 1.40264606e+00 -6.81459308e-01
    3.34394574e-02 9.65413928e-01 -3.82051051e-01 -7.77851701e-01
    4.89955664e-01 4.44886267e-01 1.55138147e+00 5.34803867e-01
    -7.83354759e-01 7.01603293e-02 1.54415774e+00 6.65265560e-01
    -4.84175801e-01 3.70158553e-02 1.06533372e+00 1.25415087e-01
    2.07828224e-01 5.14273822e-01 2.42061317e-01 -6.42927289e-01
    5.40522873e-01 -7.17323661e-01 1.15697396e+00 -5.58004081e-01
    1.29071403e+00 5.86373031e-01 1.56225479e+00 1.16749918e+00
    6.06851697e-01 1.82174802e-01 1.12171268e+00 2.84294903e-01
    -5.27431905e-01 -2.83055544e-01 -2.89954722e-01 2.76949167e-01
    2.67312646e-01 1.18512058e+00 1.15274405e+00 6.43190265e-01
    9.27391887e-01 -1.52583838e-01 1.61965036e+00 -6.21330261e-01
    8.24620247e-01 1.09554029e+00 1.37204671e+00 6.44369125e-01
    -6.02710545e-01 1.10679817e+00 1.39408374e+00 6.38463974e-01
    -2.74611533e-01 5.76777041e-01 8.99870396e-02 -5.93825281e-01
    -6.55656397e-01 -6.29040956e-01 1.99292421e-01 7.71543860e-01
    1.27108085e+00 -7.57083356e-01 9.88521159e-01 1.76269484e+00
    -4.89127219e-01 -4.48068857e-01 -6.26446068e-01 4.96173024e-01
    7.40607858e-01 -2.64898896e-01 9.28771257e-01 5.52777112e-01
    1.38515639e+00 -5.64907789e-01 1.50261021e+00 1.03843117e+00
    -5.35945415e-01 5.81488132e-01 2.83911407e-01 1.49805081e+00
    1.53888702e+00 -1.54989362e-02 2.49208391e-01 7.96689153e-01
    1.36858034e+00 1.30943751e+00 -2.96420336e-01 1.37996459e+00
    7.69604266e-01 8.81116390e-01 5.52468359e-01 1.98983073e-01
    4.86117899e-01 -7.69318938e-02 6.00635767e-01 1.41839027e+00
    -3.63249779e-01 1.62204385e+00 8.48126233e-01 3.67885709e-01
    -2.93255985e-01 1.65083814e+00 1.37061059e+00 1.64601636e+00
    -1.64827049e-01 -5.39383471e-01 1.12264895e+00 3.43423426e-01
    1.81870186e+00 -2.60376543e-01 -3.88369590e-01 6.38448179e-01
    9.28161800e-01 1.62265921e+00 3.45901668e-01 -7.89553940e-01
    1.32196665e+00 4.76169646e-01 7.52608240e-01 -2.58121550e-01
    6.36345804e-01 6.64773166e-01 1.65335178e+00 2.53211200e-01
    -5.22228479e-02 8.94109726e-01 -5.68041563e-01 -1.92741096e-01
    -6.41082525e-02 9.62410450e-01 8.04529309e-01 -3.79940063e-01
    1.58712506e-01 -1.85644448e-01 -3.05916458e-01 5.76785505e-01
    4.43269372e-01 5.45354486e-02 5.26862204e-01 8.96357238e-01
    -5.11759758e-01 4.93402958e-01 -5.92838526e-02 1.10660887e+00
    1.81469250e+00 -7.81330407e-01 -5.44527769e-01 -4.55282122e-01
    1.37622237e+00 1.43915212e+00 8.30501854e-01 3.41196537e-01
    7.46043265e-01 1.46938848e+00 -1.62065566e-01 5.95991850e-01
    8.22101772e-01 -5.57299376e-01 6.31182790e-01 -6.16705418e-01
    -9.46477652e-02 9.98156309e-01 1.64323139e+00 -2.07765639e-01
    1.01815224e+00 1.67146063e+00 8.20330501e-01 -4.61794913e-01
    1.13787389e+00 -6.87213957e-01 9.75883901e-01 1.80568361e+00
    4.99842882e-01 1.47697210e-01 -7.30648041e-02 3.19259346e-01
    -4.27037239e-01 -6.36677444e-01 1.41532779e+00 4.85807836e-01
    1.11699677e+00 7.13726759e-01 1.02510357e+00 5.18569291e-01
    -1.28672600e-01 5.85406899e-01 5.71715534e-01 4.16295886e-01
    -2.43682444e-01 -8.26571465e-01 1.16572618e+00 -6.55602813e-02
    7.75003254e-01 7.30135977e-01 8.28998268e-01 7.56159127e-01
    -6.14416420e-01 -1.26988292e-02 -8.59469533e-01 1.13345981e+00
    3.85474563e-02 7.20641255e-01 -3.12502056e-01 -3.35834175e-01
    4.47794199e-01 -5.20940423e-02 -1.39221013e-01 -5.08632660e-02
    1.64231133e+00 1.05113542e+00 -6.58844709e-01 -6.95461333e-01
    1.51211190e+00 -6.34248435e-01 6.92018926e-01 7.37600088e-01
    -2.15665162e-01 1.21474385e+00 5.76723754e-01 -1.48802280e-01
    1.29542685e+00 8.96053135e-01 -7.15385377e-01 8.48222435e-01
    -5.97116172e-01 3.42600346e-01 -6.31786764e-01 9.15456951e-01
    1.07020497e+00 -2.26545632e-01 7.96233177e-01 1.28833222e+00
    1.46511590e+00 1.01317823e-01 -8.38988900e-01 1.27294886e+00
    1.36250818e+00 2.50680804e-01 9.70591784e-01 1.50794411e+00
    -8.08913350e-01 1.20643663e+00 -6.44286036e-01 1.42803907e-01
    6.30390882e-01 8.59327912e-02 1.36361814e+00 8.65203559e-01
    8.90904188e-01 -5.57673037e-01 1.64564776e+00 -5.52485108e-01
    1.61990714e+00 -3.26960534e-01 -7.22525656e-01 -6.93342149e-01
    1.46568978e+00 2.45458305e-01 1.39988065e+00 -3.77980351e-01
    -5.69648027e-01 -7.94714093e-02 1.78692162e-01 9.03376102e-01
    7.11699724e-02 1.41690874e+00 1.68127787e+00 -1.44242465e-01
    1.32974935e+00 -3.53258103e-01 1.35068488e+00 9.98450279e-01
    4.10458207e-01 1.17666662e-01 9.78966951e-02 -3.38480145e-01
    1.87119842e-02 1.27917886e+00 6.66914582e-01 1.48599625e-01
    9.15694833e-01 1.55855441e+00 5.59399724e-02 -5.28164625e-01
    3.50162268e-01 1.63079214e+00 1.26063478e+00 -6.16315126e-01
    -6.77860379e-02 7.58170485e-02 -2.22357869e-01 1.35162592e+00
    -2.77874470e-02 8.98575425e-01 8.59984279e-01 1.49519205e+00
    -4.32728648e-01 1.19963622e+00 -5.27523160e-02 -1.72650337e-01
    3.38969827e-02 1.76248479e+00 1.00893331e+00 2.97990441e-01
    1.47475445e+00 -2.29207993e-01 1.07504392e+00 1.52420473e+00
    -6.29086792e-01 1.03708959e+00 5.97540736e-01 1.61662138e+00
    9.62311924e-01 4.00162816e-01 -1.96044475e-01 1.85493684e+00
    1.42816091e+00 -8.95841122e-02 1.74656034e-01 1.01665592e+00
    -5.89181542e-01 5.80147147e-01 3.90383899e-01 -5.18010259e-01
    1.17220020e+00 1.58582556e+00 1.59520507e+00 8.81245971e-01
    -5.30070662e-01 -2.47195601e-01 1.61122727e+00 3.89136255e-01
    -7.29558527e-01 2.40613222e-02 1.32324588e+00 -5.67099452e-01
    6.54534578e-01 -1.49044514e-01 8.51907253e-01 2.19659984e-01
    -2.95460969e-01 1.74999332e+00 -6.81886315e-01 2.41669774e-01
    8.75864804e-01 1.22544169e+00 1.46681809e+00 1.17621613e+00
    -8.02931607e-01 -6.46081269e-01 5.96709371e-01 1.19526887e+00
    3.75578284e-01 1.48973465e+00 8.44235599e-01 2.43430495e-01
    6.48025334e-01 9.87758636e-01 -5.88677764e-01 1.34360909e+00
    1.70288253e+00 1.69702923e+00 -3.54766876e-01 -6.79118395e-01
    3.79037678e-01 1.36738229e+00 -5.99060655e-01 1.47167706e+00
    9.77042913e-01 -9.72051620e-02 8.90457988e-01 3.41146588e-01
    1.54427242e+00 -3.63753945e-01 1.81588352e-01 -5.97218156e-01
    -2.02005565e-01 -2.57073045e-02 1.01976049e+00 8.32952976e-01
    6.90528035e-01 1.19629645e+00 1.15096784e+00 -5.30594051e-01
    8.45933497e-01 7.00243592e-01 1.70543003e+00 1.79550385e+00
    3.86570454e-01 1.36837721e-01 -3.85129035e-01 -1.83674037e-01
    1.60684085e+00 -7.57249177e-01 4.16851223e-01 1.33689606e+00
    1.72452116e+00 -2.44754255e-01 1.55941343e+00 6.02746725e-01
    1.37319553e+00 -5.42418957e-01 9.32317197e-01 -2.21413434e-01
    1.58918262e+00 1.67416072e+00 -7.26706803e-01 -1.65789902e-01
    1.67617881e+00 6.19687557e-01 -1.17111206e-03 1.21225214e+00
    4.16591108e-01 -5.47248721e-01 5.06166101e-01 -2.91752756e-01
    1.28257287e+00 8.45780909e-01 -1.28661692e-01 1.15342474e+00
    5.74864686e-01 -4.36075896e-01 -1.73919320e-01 1.55680203e+00
    -5.42101562e-01 1.42147481e-01 9.69657958e-01 5.59963584e-01
    6.27715945e-01 4.91214037e-01 -6.05858743e-01 2.66633153e-01
    -1.73099339e-01 -5.82466722e-01 1.50675750e+00 2.56254554e-01
    -7.02102005e-01 -4.36976463e-01 -5.94280839e-01 6.53314173e-01
    9.80718315e-01 -5.79969764e-01 7.05802143e-01 1.66586983e+00
    1.62518024e-01 -3.03986430e-01 1.69685006e-01 3.82572234e-01
    1.24528003e+00 3.66449952e-01 -6.93258464e-01 8.19474876e-01
    1.50536418e+00 -7.24618435e-01 7.20528305e-01 8.30831826e-01
    1.78579223e+00 -3.14287931e-01 -5.14645934e-01 -3.89289260e-02
    1.08194888e-01 1.54189432e+00 -6.43556118e-01 -2.37484157e-01
    8.40075731e-01 -5.10679305e-01 9.26702857e-01 6.73421443e-01
    -7.78023243e-01 1.24466062e+00 1.27359211e+00 9.60866094e-01
    -5.73816121e-01 1.66902566e+00 9.80651975e-01 -2.94327736e-02
    1.09681642e+00 1.63771009e+00 1.30054283e+00 3.65895271e-01
    8.22327256e-01 7.33382881e-01 9.62860346e-01 1.35992551e+00
    1.03932500e+00 5.52004457e-01 -3.34181994e-01 4.04772520e-01
    -4.49958742e-01 1.53187644e+00 9.74441648e-01 9.77721214e-02
    -5.98724008e-01 -8.00570548e-01 1.71099949e+00 8.70687902e-01
    -3.74985963e-01 1.03707278e+00 1.13669825e+00 -1.03078842e-01
    1.68221617e+00 1.15611410e+00 -4.27071303e-01 6.22685432e-01
    9.83863771e-01 9.00970936e-01 7.92059898e-02 8.09618354e-01
    2.97835112e-01 1.34731328e+00 -6.79577827e-01 1.72760510e+00
    1.69979429e+00 6.25354052e-02 7.24680364e-01 -4.23481345e-01
    -4.66742754e-01 1.05285025e+00 1.73292756e-01 1.27065992e+00
    1.03298616e+00 4.86875951e-01 1.39098406e+00 1.05310214e+00
    -4.63902950e-01 1.70959175e+00 1.51710272e+00 9.87208545e-01
    1.85077965e-01 1.45959055e+00 1.68091798e+00 9.37989771e-01
    -7.53769457e-01 8.12326312e-01 8.70593250e-01 3.30114007e-01
    2.42390275e-01 7.30935216e-01 3.80258858e-01 9.40811813e-01
    1.25879598e+00 1.40740991e+00 7.18895018e-01 1.13081038e-01
    6.96236551e-01 1.24415374e+00 4.14078057e-01 -4.06436205e-01
    1.69526279e+00 1.01596212e+00 -4.27372545e-01 -5.35306811e-01
    1.61036193e-01 1.84006882e+00 9.18351412e-02 1.02734566e-01
    -3.75848353e-01 6.71925724e-01 -5.89311123e-03 -6.60765171e-01
    1.40551066e+00 -7.41425157e-02 9.82747674e-01 1.20813227e+00
    -7.28571892e-01 -6.98217869e-01 1.33803749e+00 1.27328229e+00
    -6.71570778e-01 -2.43732512e-01 -6.44748271e-01 4.47771788e-01
    1.67531419e+00 5.82886219e-01 5.31123638e-01 -8.93703103e-02
    1.25651956e-01 6.92585528e-01 1.63019276e+00 1.64814425e+00
    -1.81715488e-01 1.13935637e+00 1.46633816e+00 7.28384256e-01
    4.11771417e-01 1.39172292e+00 3.43970239e-01 1.13899791e+00
    5.97626328e-01 7.07863629e-01 1.24203432e+00 6.26307309e-01
    -2.97229469e-01 1.47056055e+00 2.82639146e-01 7.52642155e-02
    -1.76079571e-01 4.55595851e-01 4.19637501e-01 1.49808884e+00
    4.98299301e-01 7.16055393e-01 1.59064102e+00 1.23871362e+00
    1.47259283e+00 3.31519306e-01 1.90527034e+00 -3.76043528e-01
    -2.25112200e-01 9.79702234e-01 1.04530895e+00 4.26406324e-01
    5.68705499e-01 -6.19733632e-01 4.58580077e-01 4.46042240e-01
    1.25959754e+00 9.50790346e-01 -7.46317089e-01 -5.85681200e-02
    4.96682167e-01 4.49973702e-01 -2.11951315e-01 3.05760682e-01
    -2.32609749e-01 -7.18274236e-01 1.09883916e+00 1.48152852e+00
    -3.18755269e-01 -4.28397655e-02 8.34968209e-01 -5.45582294e-01
    4.56964195e-01 -1.64729476e-01 3.63821626e-01 1.07728815e+00
    -6.40387535e-02 -4.69958425e-01 6.76844120e-01 -5.93332052e-01
    8.98683727e-01 9.68645155e-01 3.67458761e-01 3.59963238e-01
    1.10752463e+00 2.94165492e-01 5.74387968e-01 1.65934134e+00
    6.62277520e-01 -6.75693512e-01 -2.02330053e-01 9.06917810e-01
    -1.61333442e-01 3.80771697e-01 4.07371521e-02 -2.62695193e-01
    4.60365415e-01 1.55407906e-01 8.35034072e-01 -3.80551547e-01
    1.81435978e+00 2.87800610e-01 1.00795627e-02 7.46087015e-01
    -3.77676040e-01 1.43870747e+00 -6.84133172e-01 3.64297748e-01
    -3.12627554e-02 2.76684046e-01 1.42190599e+00 1.66183507e+00
    4.67104316e-02 1.56526589e+00 1.56032062e+00 4.45101202e-01
    8.32147658e-01 1.39081419e-01 -2.41950691e-01 -2.10073054e-01
    -6.39914870e-01 -2.84836352e-01 1.77884960e+00 -6.06298447e-01
    5.45829535e-03 1.66435337e+00 -4.50338513e-01 1.32030475e+00
    1.72272825e+00 1.13957703e-01 6.13065660e-01 1.29909599e+00
    -5.69534540e-01 -3.82529974e-01 1.31231689e+00 1.20094109e+00
    1.23415804e+00 1.24696159e+00 1.08253598e+00 7.55378366e-01
    1.42219496e+00 1.28897166e+00 -2.08162069e-02 -2.18147427e-01
    9.08550620e-02 -4.39822435e-01 1.00075006e-02 1.27220881e+00
    1.58522749e+00 -4.29112226e-01 1.85752964e+00 3.12093079e-01
    -3.39192152e-02 1.89347649e+00 -5.48048615e-01 1.18073416e+00
    -4.77138162e-02 4.85248744e-01 5.45666754e-01 -2.06353724e-01
    -1.74639165e-01 1.34587574e+00 3.42342019e-01 5.55898905e-01
    1.32386017e+00 4.32724535e-01 -5.93232214e-01 -2.29489923e-01
    7.62746215e-01 1.03169107e+00 -7.72800922e-01 1.71664977e+00
    -1.36218607e-01 6.95597529e-01 1.13392925e+00 9.87038195e-01
    5.11441886e-01 9.54450011e-01 -1.93489790e-01 3.25154781e-01
    -2.32720196e-01 -1.58083081e-01 5.58835685e-01 -4.68443036e-02
    1.94823205e-01 4.88662720e-01 1.61559629e+00 -1.23066247e-01
    1.35828424e+00 -8.59210432e-01 9.90252376e-01 1.03606653e+00
    1.20336080e+00 -3.35823953e-01 5.40883362e-01 -7.86567330e-02
    -3.49295884e-01 -7.61649251e-01 1.26946640e+00 -8.25412273e-02
    -6.77443802e-01 1.51927805e+00 5.33251166e-02 -5.42889535e-01
    8.21945667e-01 1.01495063e+00 4.20909643e-01 6.12610340e-01
    1.72635639e+00 1.99168921e-03 -7.13518918e-01 9.04912293e-01
    5.95151842e-01 1.31763029e+00 6.39802456e-01 -7.74351776e-01
    -9.92906690e-02 -2.74051398e-01 -5.57732999e-01 5.69033444e-01
    3.76552284e-01 1.32364035e+00 6.11774087e-01 -2.76758403e-01
    3.24754536e-01 1.31356120e-01 1.46654677e+00 -3.53731811e-01
    1.04756653e+00 1.97033823e-01 -3.83087814e-01 3.77848148e-01
    -7.64652431e-01 3.41226161e-01 7.07879126e-01 1.49996936e+00
    -3.38261724e-02 1.24337792e-01 -2.32537955e-01 1.50587034e+00
    -4.21114028e-01 1.83205628e+00 5.64258099e-01 -1.91718996e-01
    1.24762011e+00 -5.56823850e-01 3.54551077e-02 -4.15441334e-01
    -6.00035787e-01 1.80632544e+00 -4.53700244e-01 2.57262290e-01
    1.14188957e+00 -2.00770617e-01 -4.22886133e-01 5.25244474e-01
    4.85601187e-01 1.44154739e+00 -7.34993815e-01 1.28600192e+00
    -2.35719264e-01 3.42114925e-01 -2.68125534e-01 -3.55411559e-01
    2.70843565e-01 -5.06142378e-01 -5.11938274e-01 1.52144611e+00
    -2.10180938e-01 1.19349551e+00 4.07907903e-01 1.11913133e+00
    1.75798619e+00 -3.27018201e-01 -5.32222211e-01 -3.74694020e-01
    1.03120112e+00 -2.90950596e-01 -1.34153008e-01 1.61421609e+00
    -4.32000816e-01 -1.55991018e-01 6.73693120e-01 1.70353150e+00
    1.44027591e+00 -5.18229246e-01 -6.91235781e-01 8.14870596e-02
    -2.94070780e-01 2.61585176e-01 -2.27100462e-01 8.45585406e-01
    3.02992046e-01 -3.26401085e-01 1.73316288e+00 -4.32400018e-01
    1.37873769e+00 4.75012958e-01 3.89130592e-01 -5.45035958e-01
    4.58009779e-01 1.71267653e+00 3.70270610e-01 1.11358345e+00
    6.06287718e-01 1.99940431e+00 9.19699073e-02 5.15675426e-01
    1.54595697e+00 -2.55610287e-01 -2.88459718e-01 1.74158502e+00
    8.28182518e-01 -5.00136852e-01 1.18052530e+00 1.04367280e+00
    -1.00664437e-01 7.14360178e-01 -2.66773582e-01 1.64170694e+00
    2.70592153e-01 1.62073791e+00 1.63104427e+00 1.65848565e+00
    3.87276113e-01 2.04379141e-01 -5.88884473e-01 1.02991414e+00
    1.40489340e+00 8.94070804e-01 1.32361197e+00 1.20272374e+00
    3.43399048e-01 1.19504333e-02 -5.23662686e-01 7.66757905e-01
    1.72039378e+00 9.47299838e-01 -7.07482100e-02 1.64502954e+00
    -3.49629462e-01 2.80594766e-01 9.68756378e-01 7.50139892e-01
    5.23418546e-01 2.29871154e-01 -3.18729103e-01 3.84603083e-01
    -1.17402196e-01 -1.54091120e-02 3.00653577e-01 1.68209839e+00
    9.92906749e-01 1.64081502e+00 1.43969691e+00 -7.27287769e-01
    9.57555115e-01 -7.32110679e-01 6.00334942e-01 1.14330637e+00
    -6.79225504e-01 1.00228930e+00 1.19780779e-01 1.61223054e+00
    2.76599050e-01 9.63624597e-01 -4.73233551e-01 -6.33051336e-01
    1.22786927e+00 2.69396722e-01 9.33314860e-01 6.22127056e-01
    1.71825814e+00 3.23932230e-01 1.27810860e+00 1.26851916e+00
    1.28709006e+00 2.49115765e-01 8.15697014e-01 -3.14348072e-01
    8.93475771e-01 -4.66375947e-01 1.04120541e+00 4.58029509e-01
    -6.06056273e-01 -1.97890878e-01 1.50828075e+00 1.38226068e+00
    -9.29661989e-02 6.35009050e-01 1.43153071e+00 -2.80057073e-01
    9.35313046e-01 -1.97973549e-01 1.24641001e-01 1.55015063e+00
    3.74382675e-01 1.78979671e+00 7.95676649e-01 -4.49244559e-01
    8.14853787e-01 -3.53264600e-01 6.68593049e-02 9.24345553e-01
    5.31343639e-01 9.60295558e-01 1.76142931e+00 1.37803257e-01
    1.17574739e+00 -6.30710542e-01 1.65668190e-01 -5.58511376e-01
    9.04773057e-01 -3.68894726e-01 8.35796177e-01 1.49692893e+00
    1.63506269e+00 -6.95351422e-01 9.58028853e-01 7.43730903e-01
    1.25123584e+00 1.08102202e-01 -4.15324122e-01 1.08258200e+00
    -3.61044317e-01 2.31517911e-01 1.32506561e+00 5.94606817e-01
    1.38115358e+00 7.80095994e-01 -7.30823517e-01 1.65397644e-01
    2.24656105e-01 -3.67873788e-01 2.17669129e-01 -7.37380981e-02
    1.52502000e+00 3.89771521e-01 1.67067289e+00 5.58133125e-02
    8.02342832e-01 1.29029250e+00 -2.30289638e-01 -6.45654559e-01
    8.72043908e-01 1.63948572e+00 8.61772299e-02 -5.77558398e-01
    3.00686955e-01 1.15060842e+00 1.59813499e+00 3.02097917e-01
    1.39849448e+00 1.69426465e+00 5.09056389e-01 1.58580828e+00
    -7.01804876e-01 3.62406373e-02 1.52712357e+00 1.57893991e+00
    -5.91377616e-01 -2.51522779e-01 4.19634700e-01 -1.79089904e-01
    1.72490263e+00 1.61126304e+00 -1.36251748e-01 1.33528411e+00
    1.39121556e+00 1.17275310e+00 3.74550462e-01 7.72449136e-01
    -4.61487561e-01 1.13315642e-01 -5.44924438e-01 1.30133748e+00
    1.50360346e-01 -4.26565707e-01 5.02489507e-01 6.06605172e-01
    -3.72321129e-01 -4.84553576e-01 1.69797778e-01 1.06486845e+00
    1.16569769e+00 1.57150197e+00 1.54977202e+00 -5.52900136e-01
    6.45314753e-01 6.07326329e-01 9.84213948e-02 5.97918034e-02
    7.68675864e-01 4.23276722e-01 -4.81856287e-01 -6.65691555e-01
    1.33639336e+00 -2.94653177e-02 1.15953994e+00 -5.03850758e-01
    6.11122608e-01 1.74612403e+00 -2.85444558e-01 1.50696433e+00
    1.54288232e-01 1.42348766e+00 2.22061574e-01 -4.49904144e-01
    -4.21788752e-01 4.70256507e-01 -1.12030923e-01 7.52027035e-01
    2.31427073e-01 1.67817926e+00 9.55226243e-01 1.06435394e+00
    8.18495750e-01 1.23883057e+00 1.78954494e+00 4.35864270e-01
    1.70717120e+00 4.79823112e-01 8.66090655e-02 1.18395996e+00
    6.96124434e-01 7.31180012e-01 -7.13649511e-01 7.18101561e-01
    -1.19740963e-02 -4.85617220e-01 -1.48832023e-01 1.16278887e+00
    -5.16022086e-01 2.25633323e-01 -3.07917595e-01 1.45849514e+00
    1.57599139e+00 7.99159884e-01 1.30518496e-01 1.08938193e+00
    1.06964552e+00 7.85732388e-01 1.41648340e+00 8.04444551e-02
    1.11199069e+00 -6.28453970e-01 4.09010053e-02 -6.24632776e-01
    3.12683940e-01 2.05662668e-01 5.43444574e-01 -6.11354232e-01
    3.26504886e-01 -4.23523605e-01 -6.03583932e-01 1.41341794e+00
    9.56810474e-01 1.14636636e+00 5.47908187e-01 1.05139053e+00
    -4.68636274e-01 -7.05859661e-02 1.62755477e+00 6.29576921e-01
    4.23783302e-01 1.49300027e+00 -7.45882332e-01 -5.09954035e-01
    9.88114238e-01 2.78394997e-01 -7.53065348e-02 -5.64066768e-01
    -5.36684513e-01 1.09852540e+00 -1.49288952e-01 4.16979849e-01
    -2.86982179e-01 9.71929073e-01 -3.77597660e-01 1.68765068e+00
    9.37121749e-01 1.14272285e+00 2.77340889e-01 -2.33803511e-01
    1.49827790e+00 8.60777497e-02 -4.29665893e-01 1.69758987e+00
    4.02137220e-01 1.06685400e+00 2.62888372e-01 7.70055652e-01
    1.12256503e+00 -6.65487885e-01 -3.73387843e-01 6.41176045e-01
    5.08480310e-01 9.85696137e-01 -6.22478485e-01 1.06201899e+00
    3.72096717e-01 1.56332719e+00 1.35703874e+00 1.56480408e+00
    4.95398045e-02 -4.94166195e-01 -2.01748073e-01 5.63312054e-01
    5.48546612e-01 9.31904316e-02 5.77316403e-01 -8.18846822e-02
    -7.69663811e-01 1.33793652e-01 4.79993761e-01 2.64747262e-01
    4.62848723e-01 -4.19261456e-02 3.45194995e-01 1.25568736e+00
    1.79982162e+00 1.52327490e+00 4.94513631e-01 -2.31615007e-01
    1.16261697e+00 4.21465755e-01 7.16323793e-01 1.22213554e+00
    7.88918197e-01 5.36786437e-01 5.90503573e-01 1.83846295e-01
    7.18957186e-01 6.23919189e-01 1.72556412e+00 -6.87527418e-01
    4.28115487e-01 1.72908485e-01 1.21276712e+00 2.05949128e-01
    1.45228863e-01 1.76063061e+00 6.50833249e-01 9.17836964e-01
    1.54256177e+00 3.79530370e-01 1.09008348e+00 1.31624508e+00
    7.30209529e-01 -6.36890531e-01 -6.65459692e-01 -7.39245236e-01
    2.30782092e-01 2.15426207e-01 8.18689525e-01 1.22180200e+00
    -3.85124087e-01 1.61687732e+00 1.40401840e+00 -5.45059502e-01
    -4.12638277e-01 6.04956388e-01 1.38587582e+00 -5.18760979e-01
    4.31059241e-01 -2.54437417e-01 -5.01179218e-01 1.72542691e+00
    3.10226381e-01 -5.51788807e-02 1.50131989e+00 -2.35323370e-01
    1.97476745e-01 1.78464448e+00 -4.69418496e-01 -5.77486753e-01
    5.70208371e-01 5.50930083e-01 1.52648830e+00 -6.49027109e-01
    5.17428577e-01 1.10807180e-01 1.70647800e+00 4.28419411e-01
    -4.66051280e-01 4.03459311e-01 9.67069924e-01 1.12390959e+00
    1.57064176e+00 -5.46107292e-02 1.62952662e+00 1.75022483e-01
    2.02873170e-01 9.93134081e-01 6.61963403e-01 7.46218204e-01
    -2.20992982e-01 1.13623571e+00 5.37624121e-01 7.77606010e-01
    8.40149581e-01 1.43334651e+00 -5.44487715e-01 6.22912943e-01
    -1.91092789e-01 6.01701438e-01 1.13337946e+00 -1.03520095e-01
    -3.53425145e-02 1.40636826e+00 1.52868772e+00 -1.54032111e-01
    8.10920000e-01 -2.61630356e-01 6.20671749e-01 1.33021295e+00
    -4.91485536e-01 6.34930015e-01 6.70926690e-01 -3.38374853e-01
    2.14525044e-01 -2.77569413e-01 1.66280293e+00 3.82095456e-01
    4.46529746e-01 8.85829031e-01 1.25304556e+00 1.24756670e+00
    3.87803733e-01 3.19879889e-01 -5.92737436e-01 8.37675571e-01
    2.74372637e-01 1.21123767e+00 -5.04915714e-01 8.03889513e-01
    8.19563866e-05 1.07691622e+00 1.67886245e+00 2.13813186e-01
    2.02553511e-01 1.45628333e+00 1.77166247e+00 -8.26966763e-02
    3.09746444e-01 1.15182447e+00 1.17027819e-01 -3.88798952e-01
    -1.59908772e-01 1.18075752e+00 -6.48972273e-01 1.40456820e+00
    1.43561590e+00 7.62095273e-01 6.85252666e-01 1.16448092e+00
    7.48736084e-01 8.68758976e-01 6.30449891e-01 6.64492846e-02
    1.79987049e+00 7.29935408e-01 1.08789182e+00 1.63986564e-01
    3.97488773e-01 4.63476300e-01 1.45774972e+00 -1.29396439e-01
    5.24798036e-02 1.19463706e+00 -7.17804432e-01 -5.32089710e-01
    -1.58768892e-03 8.29608738e-01 -1.99625492e-02 -7.47894049e-02
    8.27211857e-01 -5.67356706e-01 1.87229514e+00 3.67110848e-01
    -4.39221472e-01 3.19389403e-01 1.54047108e+00 -1.44612908e-01
    -1.94376528e-01 1.58339942e+00 1.08148003e+00 5.87653399e-01
    2.02347875e-01 5.13690948e-01 7.70922303e-02 6.49372578e-01
    1.10306931e+00 3.52303147e-01 -8.27094197e-01 -2.88468778e-01
    1.64105463e+00 1.77200782e+00 1.12570405e+00 1.54486656e+00
    -4.91294235e-01 3.38283777e-01 1.31194317e+00 -4.60711360e-01
    -2.95653820e-01 -6.74613416e-01 4.67220426e-01 -2.61820972e-01
    3.24371636e-01 -2.88572192e-01 1.63030636e+00 1.93408906e-01
    8.17212939e-01 8.42781842e-01 3.47132564e-01 -2.72054404e-01
    1.46426296e+00 -1.91524476e-01 3.10084045e-01 -2.67356575e-01
    -5.62964797e-01 1.44790792e+00 6.38259351e-01 7.91848898e-01
    2.10116506e-02 1.52771747e+00 -1.26106977e-01 1.71891129e+00
    4.79857743e-01 4.26561236e-02 2.86203623e-02 6.60491943e-01
    1.93976641e-01 5.53708076e-01 -5.35505414e-01 4.70727801e-01
    1.50113416e+00 -5.93509555e-01 6.56551361e-01 3.59770358e-01
    2.36812830e-02 2.98384905e-01 1.59197128e+00 1.69233942e+00
    -6.10242486e-01 8.75890255e-04 1.38643932e+00 4.15121496e-01
    1.52942419e+00 -1.08597040e-01 1.10110211e+00 -6.17619157e-01
    9.08826411e-01 -3.14963579e-01 1.60304379e+00 -3.16207826e-01
    5.44048727e-01 3.56991649e-01 9.23073292e-03 1.52608931e+00
    1.51155007e+00 1.22114563e+00 -4.23662663e-02 6.13638282e-01
    1.21950674e+00 1.32830131e+00 5.17981350e-01 -3.96430790e-01
    6.07705712e-01 1.45959377e+00 4.82210040e-01 -2.51041293e-01
    -1.09170675e-01 2.81298459e-01 1.15748453e+00 -6.65320158e-01
    -7.91078806e-02 1.14665890e+00 1.24646056e+00 2.37333536e-01
    3.65583301e-01 1.22598672e+00 -3.92434120e-01 8.48096788e-01
    -7.53426731e-01 1.37851655e+00 1.68629169e+00 -2.67916620e-01
    9.83034194e-01 -4.24294710e-01 8.09680879e-01 1.43695056e-01
    1.56729293e+00 2.02924550e-01 1.22227764e+00 1.23769581e-01
    -4.75509763e-02 1.40173602e+00 7.18154311e-02 -7.82524347e-02
    1.31041336e+00 3.29345465e-03 2.70303905e-01 9.85423028e-01
    3.06270480e-01 1.37911510e+00 4.75460410e-01 -1.63375974e-01
    5.02905846e-01 1.43304944e+00 -7.35138059e-01 2.23469794e-01
    -4.98716354e-01 1.09522820e+00 -3.28680933e-01 1.34830236e-01
    -1.69457346e-01 4.27118242e-01 -1.94903940e-01 -3.12793225e-01
    8.20279956e-01 -6.77452445e-01 6.23649836e-01 1.86178803e-01
    1.43910503e+00 1.79608536e+00 -6.56952024e-01 6.83581293e-01
    -4.18206066e-01 1.22060823e+00 -5.79727173e-01 1.13492012e+00
    1.48624480e+00 1.27955735e-01 3.99121642e-02 1.38351548e+00
    -4.34560567e-01 -1.26410246e-01 7.13890612e-01 9.16037381e-01
    1.61700654e+00 1.18587756e+00 -3.74434769e-01 -5.42714238e-01
    -7.20909238e-02 1.42769349e+00 5.06685138e-01 -6.03603244e-01
    9.79460776e-01 7.10169435e-01 6.21964872e-01 -5.76517344e-01
    -7.77444661e-01 -7.73266256e-01 3.58265281e-01 9.85202134e-01
    2.66061246e-01 7.30402887e-01 1.55940938e+00 7.44661987e-01
    1.35024464e+00 -9.21193957e-02 1.69714344e+00 -3.53623480e-01
    7.69312918e-01 -2.29501605e-01 2.15770304e-01 1.30225003e+00
    2.56979287e-01 6.93960130e-01 1.29251301e+00 -5.73732316e-01
    1.61452603e+00 7.44651496e-01 3.89145374e-01 6.94159269e-01
    2.60073245e-01 1.43339121e+00 -2.77894080e-01 8.31705987e-01
    1.23307502e+00 7.98389852e-01 7.94852972e-02 -3.82594466e-01
    1.08008265e+00 1.50398850e-01 1.30093122e+00 3.44833255e-01
    -4.18359518e-01 1.54324889e-01 1.37998402e+00 -3.55586797e-01
    -2.90287316e-01 3.75171542e-01 1.07921863e+00 1.66781723e-01
    1.78022575e+00 -6.35763764e-01 1.56137943e+00 1.15482378e+00
    2.01813936e-01 -1.13048792e-01 -5.95994830e-01 -1.25604153e-01
    -4.27443951e-01 5.98155439e-01 -1.98898673e-01 -3.68122011e-01
    1.69431806e+00 -4.95148063e-01 -1.03331804e-02 1.67845964e-01
    1.15430200e+00 -6.42343521e-01 -2.58621931e-01 3.00916195e-01
    1.00850987e+00 4.45180476e-01 1.71822071e+00 1.37333465e+00
    1.12905836e+00 -6.49618506e-02 6.68760955e-01 1.70926809e+00
    -5.74209034e-01 1.14316726e+00 5.62800944e-01 3.58931482e-01
    5.93159735e-01 1.51769245e+00 2.43314147e-01 1.65097725e+00
    -4.15468335e-01 -4.71470118e-01 6.70778573e-01 1.57846153e-01
    -5.45062482e-01 1.81300950e+00 1.36534941e+00 2.43821800e-01
    -3.38065833e-01 1.76915359e+00 1.09170437e+00 6.76829159e-01
    1.71690345e+00 -4.75346714e-01 9.91818368e-01 1.48571026e+00
    3.42440367e-01 1.33555734e+00 1.03065372e-01 1.06786013e+00
    -4.52582419e-01 -2.88009942e-01 6.89665377e-01 4.78776574e-01
    7.68987298e-01 -4.61165309e-02 8.18382800e-01 1.24280310e+00
    8.12512338e-01 -6.81555867e-01 5.61454415e-01 1.60785794e-01
    9.73954558e-01 9.66853917e-01 3.93900156e-01 1.17096639e+00
    -5.01851499e-01 -5.10192990e-01 8.38271439e-01 7.82346785e-01
    1.52024162e+00 1.81921566e+00 1.72351408e+00 1.16095746e+00
    7.06731081e-02 1.22820210e+00 -6.35761023e-03 -3.78397971e-01
    4.29113448e-01 -6.09310806e-01 1.85143733e+00 1.68535733e+00
    4.85174000e-01 5.78577518e-01 8.49459291e-01 -6.42702401e-01
    1.55449915e+00 -7.94823170e-01 1.26061344e+00 1.60693181e+00
    1.33565712e+00 -3.48063111e-02 -3.42453182e-01 1.68507922e+00
    1.33513093e+00 3.33398998e-01 7.17027068e-01 1.36536956e+00
    3.81993055e-02 1.23669147e+00 2.38786757e-01 7.78202176e-01
    1.42264628e+00 1.82215035e-01 4.28306520e-01 1.16326213e+00
    8.58778536e-01 -3.07384133e-02 1.63731122e+00 1.31926918e+00
    -2.96308935e-01 3.47474575e-01 1.39900637e+00 1.62573671e+00
    1.00159526e-01 1.13649964e+00 -3.10379565e-01 8.87924314e-01
    8.21679950e-01 4.97225642e-01 1.19426870e+00 7.64781415e-01
    1.54373586e+00 5.17796814e-01 7.93970108e-01 9.07559991e-01
    1.51432633e-01 1.84805715e+00 1.14960968e-01 1.12517643e+00
    -7.63092816e-01 1.10248017e+00 1.58542085e+00 5.64208150e-01
    1.61845803e+00 1.56348920e+00 -5.19593596e-01 -8.75439584e-01
    -7.16513038e-01 -7.11719573e-01 3.09403360e-01 2.74180412e-01
    1.14382863e+00 1.13769889e-01 6.98853552e-01 -6.59960508e-01
    1.14372861e+00 6.00854516e-01 2.27651238e-01 1.02311254e-01
    -1.63391888e-01 9.50789511e-01 -4.08534706e-01 4.88904119e-01
    5.06337166e-01 9.23506975e-01 -2.43724465e-01 6.82225227e-02
    9.07904685e-01 1.82216501e+00 -5.69829464e-01 3.31060886e-02
    2.84288526e-01 3.47820580e-01 5.44847965e-01 1.28360367e+00
    1.72020912e+00 -3.01753581e-01 8.17708373e-02 -5.75171709e-01
    5.96484005e-01 -3.31847131e-01 1.81856894e+00 9.26521003e-01
    -5.89937329e-01 -7.28576183e-02 -4.17092323e-01 1.13374817e+00
    7.58436501e-01 1.38290095e+00 5.25152147e-01 -3.73598576e-01
    -4.48625445e-01 1.79462624e+00 1.09426975e+00 -5.18306434e-01
    3.55397463e-02 5.70367992e-01 1.73489285e+00 1.69609523e+00
    -3.45276952e-01 -7.85182834e-01 7.87134051e-01 2.78932452e-01
    -3.67486805e-01 -7.55488753e-01 7.35489964e-01 -7.47196972e-01
    1.80439591e-01 7.96073556e-01 1.48104680e+00 9.43134010e-01
    4.58941221e-01 -5.10108113e-01 1.26837993e+00 5.62671423e-01
    1.76514840e+00 1.24650109e+00 4.21202719e-01 -3.66396785e-01
    1.61912632e+00 1.63077402e+00 4.72936988e-01 4.42481041e-01
    -3.65058601e-01 5.82556069e-01 1.05476046e+00 -5.13923943e-01
    2.40529180e-02 -2.35636950e-01 3.33877325e-01 1.14018941e+00
    9.22293305e-01 -4.21940476e-01 1.71228874e+00 -9.10351276e-02
    -2.55186021e-01 1.09452748e+00 5.70503592e-01 7.24837601e-01
    -2.52126575e-01 1.26898813e+00 1.49421275e-01 5.69290161e-01
    4.36766505e-01 1.26220131e+00 1.54861021e+00 1.26266897e+00
    4.60928440e-01 5.38827896e-01 2.13704526e-01 1.82815349e+00
    2.33006120e-01 1.51100183e+00 -5.24292648e-01 -1.24015927e-01
    -3.01350176e-01 1.05192757e+00 -4.14799035e-01 1.06767821e+00
    5.47057986e-01 1.38806045e+00 -2.29048669e-01 5.61365485e-01
    -3.55631143e-01 6.17272079e-01 1.79749429e-01 2.35851109e-01
    2.57734656e-02 1.08169293e+00 -9.67779160e-02 1.20334816e+00
    1.18977857e+00 -6.26311958e-01 -2.24658579e-01 5.87775946e-01
    -2.57188648e-01 6.80614948e-01 2.25472510e-01 -5.92526555e-01
    -1.83998883e-01 9.17565882e-01 -6.33000374e-01 -5.40588439e-01
    -1.61914229e-01 4.20485198e-01 -2.42888272e-01 1.27902269e+00
    -5.15342832e-01 3.10522437e-01 1.22519803e+00 6.97564423e-01
    2.56431937e-01 7.73563385e-01 1.45923746e+00 6.87822878e-01
    1.48469448e-01 -1.35116935e-01 -1.19821429e-02 1.50341010e+00
    -6.37447119e-01 1.83950305e+00 1.52929926e+00 1.52173185e+00
    -2.28697598e-01 -4.73724812e-01 1.40500402e+00 -6.13638163e-01
    1.24567604e+00 3.12378407e-01 -1.30842924e-02 4.97933030e-02
    7.84633756e-01 -4.36976075e-01 -5.43949842e-01 -1.79350436e-01
    9.53482091e-01 7.15508878e-01 1.36147273e+00 -5.96964777e-01
    -5.59977293e-01 1.70328021e+00 2.64044702e-01 1.84819889e+00
    -2.63372451e-01 1.56971765e+00 1.38239408e+00 1.44241047e+00
    8.35323274e-01 1.81292725e+00 1.82158947e+00 9.34101939e-01
    3.52128983e-01 7.54815936e-02 1.30101228e+00 1.34718335e+00
    3.99114251e-01 5.44256985e-01 1.86578631e+00 5.89361727e-01
    -4.32452232e-01 3.55387568e-01 1.82895041e+00 -8.75284076e-02
    -6.81934059e-01 -1.87073946e-02 1.17209518e+00 -1.23631656e-01
    1.60342956e+00 -4.94537473e-01 9.61959362e-04 7.44763017e-02
    9.30721819e-01 7.42375076e-01 -5.49253881e-01 5.28644860e-01
    1.50813007e+00 -3.54015082e-01 9.38358903e-02 1.19993877e+00
    4.79173183e-01 6.24872208e-01 4.02164459e-03 -1.28885210e-01
    -1.26431823e-01 9.43556011e-01 2.45851278e-01 1.60625577e+00
    1.97674274e-01 6.15873039e-01 -7.66061664e-01 7.68384635e-01
    7.88329899e-01 7.79058993e-01 9.30010319e-01 1.50923741e+00
    -2.68666923e-01 5.11491120e-01 -1.26664877e-01 -5.50016642e-01
    1.11713791e+00 3.15227270e-01 5.43517470e-01 5.72713971e-01
    1.61706948e+00 -8.06426883e-01 -3.20366144e-01 1.47694683e+00
    2.41843700e-01 1.42776525e+00 5.65465808e-01 -5.71246326e-01
    -5.17690539e-01 -2.24515557e-01 -6.01828158e-01 6.71259105e-01
    -6.73591137e-01 2.58096278e-01 -7.68853068e-01 1.33252800e+00
    2.60579705e-01 -5.40045261e-01 7.73699760e-01 -2.97095954e-01
    -3.63798440e-01 3.50771606e-01 1.08695769e+00 5.25882900e-01
    -2.48205543e-01 -5.94807923e-01 -8.04304481e-02 -4.76793051e-02
    1.64387155e+00 1.00851035e+00 7.90844500e-01 -5.82614422e-01
    -3.81894112e-02 5.41790843e-01 8.31551552e-02 1.50554824e+00
    5.26511371e-01 5.70797026e-01 -4.28480864e-01 -2.68776298e-01
    2.25014567e-01 -7.07962632e-01 6.74890459e-01 1.48971486e+00
    1.64524484e+00 9.62971628e-01 4.97798920e-01 8.03329229e-01
    9.54930365e-01 -1.33330405e-01 3.93513739e-01 -2.29726344e-01
    -3.28935653e-01 5.34901083e-01 1.42544508e+00 1.10256898e+00
    4.45185423e-01 1.05217791e+00 3.10937345e-01 1.71348131e+00
    1.20154214e+00 1.41655517e+00 1.32516801e-01 -5.73672175e-01
    -2.81607628e-01 1.25378954e+00 1.57019448e+00 2.38680243e-02
    -1.12292349e-01 2.17128336e-01 1.67906594e+00 7.77130187e-01
    3.87066126e-01 1.29875588e+00 -3.18555236e-01 1.46936846e+00
    -1.48186803e-01 1.61777401e+00 -1.76464021e-01 1.49957418e+00
    1.11361516e+00 1.42326450e+00 1.24279034e+00 -5.41391790e-01
    6.77272081e-02 -2.69022912e-01 8.71417999e-01 -3.02020311e-02
    1.38051462e+00 1.51385903e+00 1.44060230e+00 1.47591650e-01
    8.66096854e-01 7.99094141e-01 -3.79046798e-02 -2.71147251e-01
    7.38983035e-01 1.43507063e-01 2.11820304e-01 2.73958743e-01
    7.77952194e-01 1.55721271e+00 -3.18797827e-02 4.10738885e-01
    3.11343014e-01 8.40585649e-01 3.85761976e-01 1.08776212e-01
    1.19204926e+00 -7.07718730e-01 5.72979450e-01 -6.33667529e-01
    3.36294651e-01 -2.56082237e-01 1.48730922e+00 5.64900517e-01
    4.49657440e-04 1.80859208e-01 9.32505012e-01 1.14614093e+00
    5.20898581e-01 8.34246874e-02 8.19486260e-01 1.77425754e+00
    8.29052091e-01 -2.77539819e-01 1.39570355e-01 1.80472732e-02
    1.60877442e+00 -5.51695943e-01 -5.86523414e-01 1.32455444e+00
    -3.63736778e-01 1.68455899e-01 -1.65883362e-01 -4.70395535e-01
    1.00180197e+00 1.59803307e+00 7.78621018e-01 1.63660026e+00
    -4.52752441e-01 6.93730593e-01 1.10044348e+00 -6.26456320e-01
    3.31286788e-02 -4.17442918e-02 -4.42699134e-01 8.37239444e-01
    1.19533956e-01 -2.24809378e-01 2.77687788e-01 1.31001174e+00
    -6.92222953e-01 1.15608430e+00 6.20000362e-02 -6.38325632e-01
    2.09276915e-01 9.69497144e-01 9.45988774e-01 5.30001938e-01
    1.68924737e+00 -5.73554873e-01 -5.94446659e-02 2.23789752e-01
    7.97039211e-01 6.20366573e-01 1.68436468e+00 1.29599619e+00
    1.18100810e+00 9.06308651e-01 -6.47182822e-01 -5.13074815e-01
    -4.21985596e-01 4.79083657e-02 -6.61428809e-01 1.61691070e-01
    1.52979779e+00 -3.26250464e-01 1.35281777e+00 4.08773303e-01
    -4.19157743e-03 -2.36919224e-01 8.69313776e-01 1.60642290e+00
    4.72349107e-01 -2.74515986e-01 4.65410054e-01 -4.38190609e-01
    -4.02493954e-01 1.74942183e+00 -6.28232121e-01 1.72773314e+00
    -7.27311432e-01 -2.35725522e-01 5.70424199e-02 -3.37817967e-01
    1.80166459e+00 1.83705974e+00 2.56954849e-01 2.49390602e-02
    1.98580384e-01 2.35377014e-01 -2.37579346e-02 -2.55988359e-01
    -1.27821147e-01 4.71254587e-01 6.17743731e-01 -1.21208221e-01
    8.26632857e-01 8.88056278e-01 9.10472870e-02 -6.74648285e-02
    1.26978445e+00 -3.59267056e-01 1.41085291e+00 1.46274281e+00
    4.91133511e-01 1.13399303e+00 8.58157039e-01 1.53176725e-01
    6.63234591e-02 -1.75576627e-01 1.03539848e+00 1.26874042e+00
    1.48598862e+00 9.28413272e-02 -4.93468285e-01 1.02855134e+00
    -3.55866104e-01 -4.65329677e-01 1.51880240e+00 1.71391416e+00
    1.77383721e+00 -2.23287672e-01 -2.54602492e-01 -2.38803715e-01
    4.19957638e-01 3.20394158e-01 7.63951778e-01 3.76511455e-01
    -2.68322051e-01 3.67736399e-01 -6.94187462e-01 5.95259368e-01
    1.08888960e+00 3.29019368e-01 1.53158736e+00 1.13969064e+00
    9.51420367e-01 8.20867717e-01 1.38220882e+00 8.39034736e-01
    1.31861687e+00 -7.47660697e-01 2.42351294e-01 -7.81571865e-03
    -1.98732615e-01 1.35649502e+00 1.59377337e+00 -5.42871594e-01
    9.26418006e-01 3.15267742e-01 1.20446682e-02 8.84308636e-01
    -1.23410285e-01 1.00590050e-01 -5.99637628e-02 -4.05295759e-01
    -1.84957623e-01 1.65647507e+00 1.50644422e+00 -5.99586248e-01
    -4.24229950e-01 1.15301919e+00 3.69420648e-01 9.94046450e-01
    1.13877821e+00 8.94779980e-01 1.10383630e+00 -1.26109064e-01
    1.59120893e+00 1.01370096e-01 1.12688112e+00 1.56395555e+00
    3.96161616e-01 -5.08626759e-01 2.69157887e-02 -6.63036585e-01
    1.61893368e+00 -5.11427164e-01 1.37144303e+00 1.48468757e+00
    -7.07384944e-01 9.56696689e-01 3.16146135e-01 6.59163535e-01
    -2.06235826e-01 1.69116235e+00 1.32145798e+00 9.53140318e-01
    -6.87423289e-01 4.82376635e-01 -1.47483110e-01 4.83606219e-01
    2.57409632e-01 -1.53948665e-02 1.72536373e+00 7.83568025e-01
    -9.31897163e-02 1.14619434e-01 -1.55357480e-01 7.09517002e-01
    -5.76149583e-01 -5.00687957e-01 1.71164465e+00 -1.49887741e-01
    1.35489106e+00 -4.44779396e-01 1.40477943e+00 6.59876764e-01
    1.20659482e+00 1.56660914e-01 -8.67338181e-02 3.59520793e-01
    -8.38401675e-01 -3.39306533e-01 5.55873573e-01 1.57048583e+00
    9.94182587e-01 6.81201458e-01 1.72714949e+00 1.55519450e+00
    7.49834120e-01 4.98397648e-01 6.96102679e-01 1.47355461e+00
    7.14972496e-01 1.23301578e+00 1.50578666e+00 1.28488994e+00
    -5.09121478e-01 1.01936424e+00 1.46061802e+00 -2.91047096e-02
    2.21810102e-01 3.40996981e-02 1.35396922e+00 -6.51218653e-01
    2.51538038e-01 3.95031810e-01 1.26924634e+00 1.41697788e+00
    1.12407553e+00 2.29199529e-02 3.70097041e-01 -6.03227615e-02
    1.84479356e-01 1.00546908e+00 1.75884354e+00 1.74540520e+00
    3.40391994e-01 3.01265478e-01 -5.44895530e-01 3.18759918e-01
    7.32491255e-01 -1.81952119e-01 1.07401085e+00 -6.76980555e-01
    7.53827751e-01 6.18599355e-01 4.15010452e-01 1.17989421e-01
    3.39829803e-01 1.45697522e+00 5.72906911e-01 2.69713819e-01
    9.12990272e-01 -6.10711813e-01 5.31916559e-01 5.11056185e-01
    1.48854876e+00 -6.73241198e-01 -3.80686551e-01 -2.16152459e-01
    4.70841408e-01 1.71324944e+00 6.29943073e-01 6.38753772e-01
    -2.45007068e-01 -1.55186355e-01 1.59539294e+00 -2.18496114e-01
    1.51157010e+00 8.48438978e-01 1.28055215e-01 1.81705618e+00
    -4.22486961e-01 -1.66252792e-01 1.11670423e+00 1.87660384e+00
    1.85607600e+00 1.28687811e+00 -2.47337431e-01 4.94741321e-01
    1.04855502e+00 1.25485575e+00 -2.10090995e-01 1.65974772e+00
    -4.68953639e-01 4.70777452e-01 6.29116297e-02 1.71185851e+00
    1.43507385e+00 5.62062263e-02 1.04109704e-01 -3.27910423e-01
    9.41956818e-01 1.30960929e+00 -4.35678869e-01 1.21788132e+00
    -2.14589775e-01 1.11355114e+00 5.94133258e-01 2.97979236e-01
    -4.53244448e-01 2.18361080e-01 4.40757334e-01 -2.68205345e-01
    7.16030002e-02 1.32761049e+00 -4.03702885e-01 4.57934558e-01
    1.16794276e+00 -6.83396220e-01 8.74398053e-01 2.69138753e-01
    -1.89173818e-02 1.56088066e+00 1.60405493e+00 1.04231262e+00
    4.69210744e-02 8.27478230e-01 -2.47016668e-01 -3.76490563e-01
    -7.39082456e-01 4.15618479e-01 1.21637785e+00 -3.57042283e-01
    1.57733262e-01 1.03963780e+00 -4.32154417e-01 1.01859641e+00
    1.71784401e-01 2.48841286e-01 -5.28936148e-01 7.06140459e-01
    7.55624771e-01 1.42803252e+00 1.40554368e+00 1.08781099e-01
    -4.30769652e-01 -2.70339012e-01 5.99694610e-01 -1.16632178e-01
    -1.11618966e-01 6.52190506e-01 -6.31321073e-01 1.38494992e+00
    9.02389288e-02 -5.97733915e-01 2.74482310e-01 4.03127670e-01
    2.08010077e-02 -1.16867840e-01 -1.50885224e-01 1.44475460e+00
    2.05654800e-01 3.45090568e-01 -2.14210868e-01 3.04716825e-03
    9.25963163e-01 1.50073004e+00 1.65114212e+00 1.41852081e+00
    9.58825588e-01 -1.31220818e-02 1.52481496e-01 1.11764729e-01
    9.09144163e-01 -4.69742864e-01 1.20025969e+00 6.30495608e-01
    -5.23402333e-01 1.63850808e+00 -4.42344815e-01 -6.10089302e-01
    -5.46053648e-02 7.67636657e-01 -7.49543846e-01 7.48440802e-01
    1.03122735e+00 1.23099339e+00 -3.58486265e-01 1.60975575e+00
    -6.60521626e-01 1.11133194e+00 6.64183080e-01 1.74178195e+00
    1.70833278e+00 8.73412192e-01 1.92552924e-01 -3.51324171e-01
    1.36148512e-01 9.94548917e-01 3.19278419e-01 1.43993735e+00
    1.55473495e+00 4.16689515e-02 1.42911136e+00 8.75455856e-01
    -7.42720127e-01 1.79723179e+00 -3.32916766e-01 7.74949729e-01
    6.93444252e-01 7.79790401e-01 1.54198015e+00 8.66450071e-01
    1.08093941e+00 6.44042015e-01 9.35947657e-01 1.14897656e+00
    7.10188210e-01 1.55084002e+00 1.26875424e+00 1.52475095e+00
    5.25128126e-01 6.14961088e-01 7.90214896e-01 3.01740766e-01
    1.88164651e-01 1.57434690e+00 3.22007775e-01 -3.20504487e-01
    7.82178640e-01 5.26687860e-01 5.96022129e-01 1.04064870e+00
    8.55974019e-01 -4.91888106e-01 1.71112180e+00 8.13074946e-01
    -6.27174973e-01 6.97949946e-01 -5.68629742e-01 1.39688134e+00
    -5.26012301e-01 1.14347720e+00 6.10379577e-02 1.34419918e+00
    1.65531540e+00 7.09327698e-01 1.47893310e+00 5.39167345e-01
    9.91201341e-01 1.30510283e+00 -6.64323568e-03 7.60743320e-01
    1.03438544e+00 1.52477169e+00 -4.21985120e-01 -4.69181895e-01
    -1.25914216e-01 2.29788840e-01 9.36008155e-01 -6.03099585e-01
    4.94332314e-01 -5.63378453e-01 -9.63425040e-02 1.14703500e+00
    3.22621286e-01 9.51880991e-01 1.03418541e+00 1.59396553e+00
    1.14707565e+00 -7.34755993e-02 -6.52243972e-01 -7.42603004e-01
    1.68347549e+00 1.06042957e+00 -2.26906657e-01 -1.65641487e-01
    -1.82366133e-01 4.11822200e-02 -9.12469625e-03 5.39236665e-01
    -4.36784536e-01 1.12940145e+00 -3.44450474e-01 1.98083162e-01
    -4.68380690e-01 1.44148779e+00 4.67521667e-01 -8.30772579e-01
    6.16071582e-01 1.64612627e+00 -7.33757615e-01 -2.00384855e-01
    1.57531166e+00 1.17370415e+00 -2.41244197e-01 1.42617965e+00
    2.40870476e-01 -5.65560281e-01 -2.74854600e-01 -1.37026608e-01
    1.25871587e+00 -2.83438265e-01 1.57442999e+00 -7.69142270e-01
    4.43509519e-01 7.59757042e-01 1.02895808e+00 8.37165296e-01
    1.64308989e+00 2.95804739e-01 1.31357694e+00 1.36468804e+00
    -2.10519314e-01 8.66096020e-01 1.42558432e+00 1.09396565e+00
    -7.12930441e-01 -7.77243972e-01 5.50660551e-01 1.51243246e+00
    -2.71606445e-01 -5.50419807e-01 7.08844662e-01 -6.59563661e-01
    1.30121160e+00 1.68743455e+00 -7.23092675e-01 1.46808839e+00
    -5.39336383e-01 -3.03566128e-01 -4.58985835e-01 -3.15419883e-01
    9.04775560e-01 -2.06189752e-01 6.96596503e-01 -4.29329991e-01
    1.41705179e+00 2.56476402e-01 1.83679450e+00 -2.38107353e-01
    -6.30498767e-01 5.31761944e-01 -1.62825286e-01 2.62973547e-01
    1.24344587e+00 1.19024646e+00 8.07995200e-02 1.30200565e-01
    1.59610593e+00 8.28443885e-01 1.69056940e+00 1.43949604e+00
    -5.85886180e-01 1.45959949e+00 1.72284698e+00 3.62399459e-01
    -3.38821203e-01 2.24640965e-01 -6.98585033e-01 9.09926176e-01
    1.37938309e+00 4.48112726e-01 -3.05611014e-01 1.29121971e+00
    -6.60109818e-01 -2.68801689e-01 9.00033832e-01 9.41515625e-01
    1.02838326e+00 7.23756313e-01 -5.78383207e-02 -3.07949722e-01
    -6.00150228e-01 8.24645221e-01 -5.98825097e-01 1.01736081e+00
    -2.14772224e-02 -2.34530807e-01 2.32064962e-01 1.27760947e-01
    9.65603948e-01 1.73067367e+00 4.13596332e-01 1.67665327e+00
    6.95004702e-01 5.60362577e-01 1.25259805e+00 1.09314513e+00
    -6.80845857e-01 -5.55695772e-01 -5.65767765e-01 3.01580131e-01
    1.81755328e+00 -3.23627144e-01 4.03275251e-01 9.21364963e-01
    -3.32299769e-01 1.71041393e+00 -6.09997511e-01 -1.50509775e-01
    2.05094814e-02 1.32908845e+00 -1.33464456e-01 9.73506451e-01
    -2.95070857e-01 9.01725769e-01 3.53624225e-02 -6.40432835e-01
    5.37104487e-01 2.35560834e-01 1.44689381e-01 5.56869209e-01
    -3.05289596e-01 1.35609961e+00 1.05411887e+00 -9.89968777e-02
    9.91031766e-01 -6.64050937e-01 1.59327292e+00 -6.48073375e-01
    1.34854150e+00 5.92073143e-01 3.64933312e-01 1.27304447e+00
    1.20101583e+00 -3.94349098e-02 -4.88529682e-01 2.39644051e-02
    -6.04666293e-01 -4.03193355e-01 1.21855664e+00 1.62837541e+00
    1.11995327e+00 7.18459725e-01 8.27794731e-01 1.87933993e+00
    9.82201993e-01 1.66194224e+00 -1.37406111e-01 6.86191916e-02
    3.27724218e-02 4.65293586e-01 -3.55632305e-02 -5.20302653e-01
    7.82976806e-01 -1.55248463e-01 -5.63875377e-01 1.09380603e+00
    3.09411347e-01 1.35323703e+00 5.68569183e-01 -2.55889893e-01
    1.28922331e+00 8.84157121e-01 9.05208945e-01 8.56082916e-01
    1.44284785e+00 5.41302323e-01 1.31876349e+00 5.32016516e-01
    1.24130845e-02 -2.19350368e-01 1.39902139e+00 1.31463408e-02
    -1.20520115e-01 -4.98978913e-01 6.73990726e-01 -4.74562228e-01
    -6.45812631e-01 1.54859197e+00 1.30306602e+00 -7.97542870e-01
    1.28827417e+00 9.69113052e-01 1.64910293e+00 9.00569677e-01
    1.63115895e+00 -2.64230013e-01 -9.32978392e-02 1.13411665e+00
    1.27449560e+00 5.74505985e-01 -4.47719783e-01 -6.16541922e-01
    1.09582484e-01 1.34912014e+00 1.65130424e+00 1.79945529e-01
    1.04058647e+00 -2.27761865e-02 -5.28319061e-01 1.75468159e+00
    3.66361141e-01 1.68606305e+00 1.42273402e+00 1.03753805e+00
    1.66513133e+00 -6.41193926e-01 7.64834225e-01 -6.70107663e-01
    -4.68055874e-01 -5.75198114e-01 1.07262731e+00 -5.88246584e-02
    -4.82050866e-01 9.67572033e-01 -5.73883057e-01 1.02389503e+00
    -5.35965979e-01 1.56928325e+00 -3.16894710e-01 1.31467056e+00
    8.73198271e-01 3.02032232e-02 1.67862189e+00 7.18431592e-01
    6.59515977e-01 8.31444144e-01 -5.85266292e-01 1.48694587e+00
    -1.68146729e-01 1.42644954e+00 7.13075042e-01 -7.20200360e-01
    3.50817800e-01 -8.23518634e-02 -7.09407508e-01 1.61956835e+00
    5.90804338e-01 -4.64607149e-01 1.51439857e+00 1.25856614e+00
    1.05854285e+00 -7.08382308e-01 1.01690865e+00 -7.27580726e-01
    5.51333487e-01 4.46916699e-01 1.08245850e+00 -4.64162797e-01
    1.02695286e+00 3.10247838e-01 1.21697068e+00 1.52949691e-02
    1.70883465e+00 7.65831947e-01 6.55577779e-01 4.52917814e-02
    -1.04805470e-01 1.24075198e+00 1.20306849e+00 5.60266972e-01
    3.71699333e-01 1.20683670e+00 -6.59100771e-01 3.83316696e-01
    -3.08669239e-01 -4.85483140e-01 4.20202315e-01 1.29189992e+00
    1.36876369e+00 2.03143716e-01 9.65461791e-01 1.44621682e+00
    1.77567303e-01 9.34201717e-01 3.33185256e-01 1.05783093e+00
    1.12174177e+00 -1.27770305e-01 1.15343761e+00 1.25826383e+00
    8.65301549e-01 1.53640258e+00 -4.35238034e-01 4.41547632e-01
    1.29998207e+00 1.37354994e+00 7.63433278e-01 1.80204606e+00
    1.52895010e+00 3.29220057e-01 -7.99654126e-02 2.25733161e-01
    7.43614852e-01 1.28878331e+00 9.87545967e-01 1.31674886e+00
    -1.74826384e-02 -1.27637804e-01 1.07422185e+00 5.97968102e-01
    1.44173539e+00 1.36756885e+00 2.34386742e-01 8.90424788e-01
    -3.04690093e-01 -3.98115546e-01 5.63537896e-01 -1.24149799e-01
    -3.10932428e-01 1.49865746e+00 1.41245663e+00 -7.57599950e-01
    4.08606529e-02 1.28607059e+00 -4.80435342e-01 1.47287583e+00
    2.05233932e-01 -4.29011375e-01 -5.79723597e-01 2.71049500e-01
    -1.07356906e-02 7.87238181e-01 -5.96375883e-01 -4.07291979e-01
    8.61576557e-01 6.27935708e-01 -8.12261164e-01 1.09813452e+00
    6.03730142e-01 6.61152005e-02 8.99453759e-02 -1.91419303e-01
    6.19732380e-01 1.43589139e+00 -6.96816444e-02 1.56092739e+00
    1.17229462e+00 2.81115651e-01 1.59186876e+00 1.19716740e+00
    8.12209249e-02 1.16755104e+00 1.40393615e+00 5.79835415e-01
    7.84172654e-01 -2.33840644e-01 1.36083686e+00 7.04796433e-01
    -3.75066400e-01 -7.45722651e-02 7.82578170e-01 1.38949788e+00
    1.18339849e+00 7.37275302e-01 1.78565824e+00 9.80920076e-01
    -3.92098963e-01 1.51151419e-01 -5.67977667e-01 1.70007944e-02
    7.68310964e-01 1.50141490e+00 -2.98779398e-01 -3.24074030e-02
    8.90101790e-01 5.18554986e-01 -1.34314686e-01 -2.36564875e-02
    5.99760413e-01 8.43010783e-01 -4.02471185e-01 1.42882931e+00
    -3.34095478e-01 9.61860895e-01 -5.56737661e-01 6.86172783e-01
    4.60278571e-01 -7.50647724e-01 4.24617529e-03 1.62657571e+00
    -2.16557860e-01 4.76658046e-01 -2.45317221e-01 -7.39865541e-01
    -3.39376509e-01 -3.37240070e-01 1.92938566e-01 -6.21325850e-01
    -5.92621803e-01 1.93168402e-01 -4.23605025e-01 2.39889026e-02
    -6.65851772e-01 1.32474351e+00 2.15648949e-01 5.16444802e-01
    -4.93339956e-01 -4.97752428e-02 -2.05843985e-01 1.34829700e+00
    4.59708869e-01 8.93450439e-01 4.69179213e-01 6.72643304e-01
    -6.11037791e-01 3.01227272e-01 6.97954118e-01 1.26696336e+00
    2.33035028e-01 2.56866574e-01 2.24711180e-01 -6.88411951e-01
    1.05403757e+00 5.82982123e-01 1.10235894e+00 9.88430202e-01
    -7.25698709e-01 3.60330343e-01 -3.34530890e-01 -4.45580810e-01
    1.09774637e+00 1.02647781e+00 -8.72629046e-01 1.23042285e+00
    -6.77514374e-01 8.57633710e-01 1.26313066e+00 -4.33067739e-01
    1.33748651e+00 7.53418565e-01 1.17698991e+00 4.02037621e-01
    -3.70963871e-01 -3.98116708e-01 1.57500410e+00 1.40385413e+00
    8.29471946e-01 -5.73367119e-01 6.83007479e-01 -7.13919401e-02
    4.72831547e-01 2.41415381e-01 4.15769339e-01 1.30304098e+00
    7.61144876e-01 8.94724727e-02 1.57293916e+00 -3.92425090e-01
    -9.73136425e-02 -5.37676334e-01 1.11812663e+00 -5.02389371e-01
    4.83524799e-01 -1.18342638e-01 1.28030539e+00 7.08585978e-01
    -4.66009349e-01 -3.62490028e-01 6.24876976e-01 4.57751989e-01
    8.23398709e-01 -6.61619186e-01 1.58709157e+00 2.96881616e-01
    -4.41740155e-02 1.19886088e+00 8.55518699e-01 1.17225254e+00
    -1.22255921e-01 2.68496156e-01 -4.50959206e-02 1.14974475e+00
    9.03774500e-02 8.69935751e-01 -2.42760062e-01 9.06297624e-01
    1.16385829e+00 8.82078230e-01 4.03514385e-01 1.74474120e+00
    -7.56919086e-01 7.02269971e-01 3.43562067e-01 1.36238861e+00
    1.43571794e+00 1.12208605e+00 5.43857813e-01 6.49315119e-02
    1.22271347e+00 4.53445971e-01 3.44864607e-01 -3.35543454e-01
    -5.39072514e-01 8.59081745e-02 -4.22917485e-01 1.49565268e+00
    -1.22800171e-01 1.84512615e-01 -5.94533145e-01 4.31753039e-01
    1.75939775e+00 1.52090502e+00 -6.75690234e-01 1.46921539e+00
    -4.59890902e-01 3.25790823e-01 1.64918661e+00 2.56106257e-02
    1.63864803e+00 3.64790320e-01 1.39596319e+00 1.71131790e-01
    1.68991852e+00 1.64058900e+00 3.13515782e-01 -8.05334449e-02
    -7.57662654e-02 -7.30801582e-01 9.52897251e-01 4.58570898e-01
    1.27432549e+00 1.76534534e+00 4.81287777e-01 2.89824605e-01
    4.96553361e-01 4.21565413e-01 1.49665785e+00 1.03618622e+00
    7.71437287e-01 7.86361396e-01 1.27834499e+00 1.16160321e+00
    1.56844640e+00 1.91534996e-01 2.87328660e-01 1.04460692e+00
    -7.45772064e-01 -5.10939956e-02 1.25620317e+00 1.12074304e+00
    -7.51040459e-01 6.32334769e-01 1.28530717e+00 -6.18447304e-01
    1.07395852e+00 -4.69971806e-01 4.88947570e-01 7.03554034e-01
    1.54732096e+00 2.74048924e-01 1.44858956e-02 -6.46657526e-01
    1.32541728e+00 -2.40286827e-01 -4.72420186e-01 9.26667213e-01
    -2.71922886e-01 -5.86830795e-01 -6.23709738e-01 3.01164210e-01
    2.32194066e-02 1.76850748e+00 1.11035907e+00 -7.84188449e-01
    -1.94124341e-01 5.81206918e-01 -2.42241919e-01 1.23423457e+00
    7.33907580e-01 1.57167697e+00 -3.52187455e-01 9.27174509e-01
    1.23330259e+00 1.69317245e-01 5.71571827e-01 1.55799711e+00
    3.17849874e-01 -5.57025790e-01 1.62381983e+00 1.50390124e+00
    4.60150659e-01 1.10197556e+00 1.20820701e-01 1.67688179e+00
    8.58857632e-01 7.78472841e-01 6.96452379e-01 1.15434873e+00
    1.48165107e-01 1.61723793e+00 9.00849223e-01 1.52545595e+00
    1.42469215e+00 3.63434494e-01 3.62604618e-01 2.88510919e-01
    7.50242293e-01 4.47694600e-01 -5.81846833e-01 -7.98345327e-01
    1.07958639e+00 8.93301725e-01 1.60920262e+00 5.15821457e-01
    -5.32900989e-01 1.85371602e+00 9.63217199e-01 1.47792006e+00
    1.26582456e+00 -5.41493952e-01 2.04487085e-01 -6.15079105e-01
    9.69967425e-01 -3.61368388e-01 -2.87598729e-01 8.18560600e-01
    4.42379653e-01 5.15420377e-01 1.62674284e+00 -1.48915648e-02
    1.65574431e+00 1.51423335e+00 1.41588640e+00 1.04230678e+00
    2.11218071e+00 1.45981216e+00 -5.84506094e-01 1.89295781e+00
    1.78883648e+00 1.83066630e+00 6.89189136e-01 -5.02950728e-01
    1.84382629e+00 1.85730958e+00 1.72869992e+00 2.82326698e-01
    3.15401137e-01 9.93475378e-01 -4.20574546e-02 7.73600340e-01
    5.68559170e-01 1.04123974e+00 1.38451123e+00 2.25689471e-01
    1.50149262e+00 8.52507949e-01 7.92318165e-01 -1.55198216e-01
    -6.09892428e-01 -3.77477229e-01 -5.40649891e-03 -4.34881449e-03
    2.64068544e-01 5.01595080e-01 3.01399231e-01 4.38313484e-01
    -7.04315543e-01 1.14551663e+00 -5.63076913e-01 2.45282412e-01
    2.42893755e-01 1.41159391e+00 -3.26258868e-01 5.19609153e-01
    -5.55750966e-01 2.80595064e-01 -2.14014888e-01 -3.13047349e-01
    -3.66829842e-01 1.11959577e+00 2.93308496e-02 1.65339291e-01
    1.10107493e+00 1.07420897e+00 -5.66332281e-01 1.59567475e+00
    5.32534599e-01 1.20054829e+00 5.19392490e-01 1.60216665e+00
    1.09044468e+00 6.09160662e-01 1.67929506e+00 4.12376642e-01
    5.71450353e-01 8.98707211e-01 -5.13464570e-01 4.67965186e-01
    7.57630944e-01 -6.28830671e-01 7.83993423e-01 1.02112317e+00
    -3.60319734e-01 -2.65570641e-01 9.27680373e-01 4.28052843e-01
    -2.93436408e-01 -6.57454908e-01 -2.73003459e-01 1.15318418e+00
    1.44954324e-01 1.53822780e+00 5.58824241e-01 1.09870827e+00
    1.39635265e+00 1.03328454e+00 7.83398271e-01 -1.64193213e-01
    1.79734766e-01 8.39183867e-01 3.35600436e-01 8.15344334e-01
    2.85553992e-01 6.38469458e-02 -6.39104843e-01 -2.83842325e-01
    -1.96264446e-01 1.55689979e+00 5.18296301e-01 -5.15716791e-01
    3.75226498e-01 1.10195112e+00 -1.44600332e-01 -3.73065382e-01
    1.74040151e+00 4.70690846e-01 1.35025120e+00 7.45505512e-01
    6.05308414e-01 1.38818717e+00 7.56340802e-01 1.55427849e+00
    -7.31976867e-01 9.34548914e-01 -5.47867477e-01 9.76084948e-01
    8.42336059e-01 -3.00683975e-02 -2.50993192e-01 6.41908050e-02
    1.68643427e+00 1.02414942e+00 8.92428756e-02 -4.19246644e-01
    1.53189921e+00 6.48582101e-01 -4.12994713e-01 -2.13464797e-01
    -1.84398711e-01 1.31209803e+00 1.15729904e+00 -6.53347969e-02
    1.67318344e-01 -2.76132911e-01 -2.87531197e-01 7.06897259e-01
    1.07924151e+00 6.53685093e-01 1.22185826e-01 4.30327058e-02
    -2.03612983e-01 -7.44326711e-01 -6.90091133e-01 1.54084921e+00
    -1.81049049e-01 -8.21892619e-02 3.33563089e-02 -5.86015582e-02
    8.70865583e-01 8.16111922e-01 6.67352080e-01 7.24684119e-01
    1.04209661e+00 1.66588604e-01 -4.33714420e-01 -4.90041554e-01
    -3.44942480e-01 1.88978791e-01 3.53470802e-01 1.25279403e+00
    1.17656016e+00 1.48352337e+00 -4.13757533e-01 -8.66231263e-01
    -3.53552997e-01 6.94247842e-01 -8.67956102e-01 8.06486487e-01
    1.45473659e+00 -1.42005205e-01 -3.26848507e-01 6.37151182e-01
    5.51815033e-02 2.49753058e-01 1.66851974e+00 3.88054013e-01
    1.56522584e+00 1.20269394e+00 1.61612320e+00 8.14774096e-01
    4.72984314e-02 -4.24783885e-01 1.55079937e+00 1.30853045e+00
    1.69353962e+00 6.50228560e-01 1.80211282e+00 1.68979287e+00
    -3.86835963e-01 -5.57899237e-01 4.55865860e-01 2.75577128e-01
    -3.14949632e-01 1.08360374e+00 7.31277168e-01 -1.32104397e-01
    -1.80145085e-01 -4.68126446e-01 1.44861269e+00 1.53269458e+00
    1.22542953e+00 1.67202616e+00 8.27033997e-01 -2.86107779e-01
    -1.71146631e-01 1.53649366e+00 1.63972676e+00 -6.98978901e-01
    -2.47234344e-01 6.92630768e-01 4.46664870e-01 1.18985009e+00
    6.16791427e-01 1.34179282e+00 6.24752522e-01 1.77736330e+00
    -5.78557849e-01 8.06006789e-02 7.97542155e-01 1.73695087e+00
    -2.03032076e-01 1.39644599e+00 -3.45730484e-01 5.17129600e-01
    1.66784763e+00 1.19355750e+00 -6.44752681e-01 1.38965976e+00
    -2.07246065e-01 -5.58938503e-01 -4.53777760e-01 1.25968456e-02
    1.41631126e+00 1.58857393e+00 1.58402574e+00 5.80583692e-01
    3.26888561e-01 1.06612206e-01 -2.91183174e-01 -5.95779121e-01
    9.96557474e-02 1.70510304e+00 3.55883777e-01 -3.34243059e-01
    5.16478121e-01 3.20110917e-02 1.79816067e-01 2.16880560e-01
    1.69553447e+00 8.01760375e-01 3.26764882e-01 1.90072060e-02
    1.22205043e+00 9.92617607e-01 4.77486491e-01 -5.77716947e-01
    1.61965191e-01 1.69121289e+00 4.62695062e-01 1.19244909e+00
    4.87087220e-01 1.46911395e+00 -7.44535327e-02 1.49913716e+00
    2.20200241e-01 -6.28990769e-01 1.70350790e-01 1.47284579e+00
    -1.22287452e-01 2.12514400e-02 -3.56561333e-01 1.42961383e+00
    1.32099247e+00 8.72646391e-01 2.71293044e-01 -6.32803380e-01
    2.35380769e-01 1.71171975e+00 -1.42687082e-01 -2.63540357e-01
    -1.07336283e-01 1.65030181e+00 6.95120573e-01 1.91167831e-01
    3.73055995e-01 1.89883995e+00 1.07862496e+00 1.41901755e+00
    -5.38867712e-02 1.61422431e-01 7.16384649e-02 1.03591466e+00
    -7.22323060e-02 3.99743199e-01 7.13019431e-01 1.26126146e+00
    1.07546520e+00 9.34897482e-01 1.82612777e+00 -6.31044388e-01
    -5.07322669e-01 6.66564405e-01 1.82126522e-01 -8.42778087e-02
    6.25092506e-01 2.31043994e-01 1.62357616e+00 -7.95686185e-01
    1.10455370e+00 -2.38961577e-02 8.71681213e-01 1.48151422e+00
    -5.27571917e-01 1.64677143e+00 -2.72744894e-02 1.03541541e+00
    1.01918030e+00 9.99498487e-01 -3.32605302e-01 3.90072525e-01
    -6.32774889e-01 7.14697003e-01 1.47135913e-01 1.01370287e+00
    1.15609789e+00 1.56630504e+00 3.63140106e-01 2.07936168e-01
    8.75451565e-01 4.32569325e-01 1.02317095e+00 -3.77524614e-01
    1.72684002e+00 -2.00816810e-01 1.89025700e-01 -3.64471167e-01
    1.44972014e+00 -6.24385476e-01 1.69033825e-01 1.63181543e+00
    3.21115315e-01 7.95863390e-01 1.75279367e+00 -4.69922483e-01
    -6.28134787e-01 4.53818262e-01 1.60122716e+00 1.58040905e+00
    1.10614884e+00 4.82452810e-01 4.60078239e-01 -6.83227301e-01
    -1.93393320e-01 1.31578255e+00 -2.12036639e-01 -6.11258984e-01
    -1.64940774e-01 7.51846433e-02 9.78089154e-01 6.50054216e-03
    8.13385189e-01 9.81576443e-02 1.08538330e-01 1.36249304e+00
    7.36533165e-01 1.18624306e+00 1.83976412e-01 1.51412249e+00
    7.51267076e-02 4.56842244e-01 9.79655325e-01 -5.14689386e-01
    -4.42690492e-01 4.00446415e-01 1.38925505e+00 1.59343898e+00
    -6.87568307e-01 5.77300787e-01 4.69124734e-01 1.27969813e+00
    1.36159277e+00 7.73839951e-01 3.11585069e-02 2.13969111e-01
    1.59882879e+00 9.07961488e-01 1.55012298e+00 1.25693154e+00
    4.48149741e-01 -2.68315792e-01 5.21970630e-01 -6.74442887e-01
    -8.45865011e-02 1.62247491e+00 1.25711989e+00 -7.10595846e-01
    9.95653689e-01 2.28714585e-01 1.05672204e+00 1.17939019e+00
    1.52382731e+00 -2.67466366e-01 -2.82813609e-01 -2.93586820e-01
    9.81934071e-01 -4.00601387e-01 -2.22426355e-01 7.54555702e-01
    1.38146615e+00 3.96238387e-01 1.27280545e+00 6.14914119e-01
    9.56030965e-01 -1.98483109e-01 9.76791382e-02 -5.17593861e-01
    1.31801116e+00 -2.77048945e-02 1.68803895e+00 -3.36315662e-01
    1.04556322e+00 -4.84254301e-01 1.44626176e+00 8.23113501e-01
    1.86043382e-01 9.23714876e-01 -7.07108796e-01 -2.87534416e-01
    -7.90622532e-01 1.60411453e+00 -3.29151273e-01 -5.84025025e-01
    -1.77481949e-01 8.81654501e-01 -6.19425356e-01 2.56181657e-01
    -1.52450025e-01 3.35010827e-01 7.08543479e-01 7.35360384e-03
    1.30149734e+00 -6.96094096e-01 4.13312912e-02 -7.21889079e-01
    1.30115032e+00 2.90779293e-01 1.22514975e+00 1.27952766e+00
    1.33022904e+00 1.63515615e+00 1.82020855e+00 1.41048670e+00
    9.56475735e-03 1.77810860e+00 1.26424336e+00 -2.99594641e-01
    1.21665096e+00 -4.56502020e-01 6.56564772e-01 1.10164499e+00
    -7.06802607e-02 9.60563064e-01 -2.16150224e-01 4.29339826e-01
    -3.90524864e-02 -1.38998032e-03 -3.92607182e-01 6.51247144e-01
    -5.60083687e-01 1.69387388e+00 1.50618231e+00 5.66052914e-01
    7.48696685e-01 4.69860673e-01 -5.72368264e-01 -1.06018066e-01
    -3.67989480e-01 1.14050412e+00 1.91447616e-01 5.08600831e-01
    -3.65857899e-01 -1.02592647e-01 1.02685213e+00 -3.14568996e-01
    1.50834918e+00 8.06471109e-01 1.47758269e+00 8.12641621e-01
    1.38450003e+00 -1.00071371e-01 7.33007252e-01 1.06072402e+00
    1.63404322e+00 -9.60661173e-02 1.75601363e-01 6.30581379e-01
    -7.31940269e-01 5.09076715e-01 -5.98987937e-02 -1.68019772e-01
    -3.40470523e-01 -1.98553622e-01 1.72874069e+00 1.05002499e+00
    6.58390284e-01 7.66428888e-01 -6.88659489e-01 2.56361365e-02
    3.27147901e-01 1.61630714e+00 1.00262070e+00 8.23538661e-01
    4.51543331e-02 -3.53142053e-01 -3.75669122e-01 -1.50431067e-01
    2.10481501e+00 2.93876767e-01 1.08816552e+00 1.17982936e+00
    6.90373302e-01 1.18806767e+00 -6.60273910e-01 -4.83716905e-01
    1.63274610e+00 1.46352351e-01 2.94880509e-01 5.43931544e-01
    1.59431076e+00 1.55134869e+00 1.25531375e+00 1.25611794e+00
    1.32137883e+00 1.59892166e+00 2.14469194e-01 1.04812062e+00
    -6.43486559e-01 1.85633111e+00 1.11732090e+00 9.43547189e-01
    -3.47263962e-01 5.69095612e-01 4.32388902e-01 -4.39918756e-01
    1.29245114e+00 5.59254348e-01 1.71389294e+00 -3.50212872e-01
    -6.80775702e-01 1.77846360e+00 1.38979554e+00 1.17652607e+00
    -8.10781240e-01 1.59348512e+00 1.16228199e+00 1.78626144e+00
    6.58472717e-01 -1.15469098e-02 2.12631941e-01 -5.66640675e-01
    1.57547450e+00 1.02465963e+00 1.13110781e+00 1.40924335e+00
    1.42182255e+00 2.03974843e-02 4.85015035e-01 7.17463315e-01
    4.50367451e-01 4.65914071e-01 -5.74926376e-01 2.52771854e-01
    -2.83166230e-01 1.71768975e+00 4.51887131e-01 -4.54157501e-01
    8.74085426e-01 2.35834479e-01 -5.71761310e-01 8.15698385e-01
    1.68927360e+00 1.03443563e+00 5.98035276e-01 4.64392960e-01
    1.02183533e+00 1.21129489e+00 1.45696139e+00 6.29503727e-01
    4.46052432e-01 -1.34400666e-01 1.63706112e+00 9.02238369e-01
    1.66155684e+00 4.10222352e-01 1.51681614e+00 -5.10431051e-01
    1.91755772e-01 -2.96007425e-01 1.24518394e+00 2.42737830e-01
    -5.18471360e-01 -3.40785533e-01 9.63157177e-01 -6.09813929e-02
    1.92457378e-01 1.20149732e+00 -1.49725318e-01 2.81992793e-01
    1.29470575e+00 1.10258389e+00 1.55581224e+00 8.00057948e-01
    1.63578415e+00 -7.38584161e-01 1.10748196e+00 3.77811253e-01
    -4.41258669e-01 -5.45456171e-01 3.57998013e-02 1.19853258e-01
    5.69561899e-01 1.57666898e+00 -5.92247844e-01 -6.70988321e-01
    1.08415675e+00 4.01088476e-01 8.79850090e-01 7.40566730e-01
    1.03689098e+00 -1.64068997e-01 8.18679631e-01 5.58189273e-01
    1.58590782e+00 7.80323565e-01 2.41300464e-02 1.29540253e+00
    -2.66750276e-01 1.55479670e+00 1.43576467e+00 1.15450191e+00
    -1.00304127e-01 5.81604123e-01 -6.14762604e-01 1.14773512e+00
    7.86458015e-01 -5.07686734e-01 5.39760709e-01 4.69316900e-01
    6.67354345e-01 1.48232913e+00 3.97184730e-01 1.69502246e+00
    1.12828052e+00 9.17309582e-01 3.14368188e-01 1.57464147e-02
    1.39627647e+00 -4.47028756e-01 -1.29705131e-01 1.10297847e+00
    5.58955014e-01 3.88438106e-01 9.48126256e-01 -9.37672257e-02
    1.53838325e+00 -6.54861152e-01 5.11566281e-01 1.56686687e+00
    3.00731838e-01 1.70876968e+00 3.57235789e-01 7.75383592e-01
    1.05864108e-01 1.47984910e+00 -9.35662389e-02 5.71799874e-02
    6.42694831e-02 1.24416351e-01 1.10865808e+00 1.30412078e+00
    -9.43558216e-02 1.05883002e+00 7.54296184e-01 1.75549150e+00
    1.16209149e+00 1.88785791e-02 6.71227098e-01 1.78976941e+00
    -1.69934630e-02 9.65166390e-01 -1.51715398e-01 6.25423431e-01
    -3.10972273e-01 2.27377415e-02 1.75498247e+00 -5.88038445e-01
    -6.70599341e-01 1.17248428e+00 1.09750319e+00 -4.21275169e-01
    6.30938828e-01 1.68777823e+00 5.19042432e-01 1.35652173e+00
    2.72379518e-02 -5.72645247e-01 6.60381138e-01 9.72765148e-01
    -4.54317898e-01 -3.25875551e-01 3.06013405e-01 3.07442784e-01
    6.27047479e-01 1.45601451e+00 1.57854283e+00 -2.15516865e-01
    -3.68813872e-02 -1.44673228e-01 7.77610004e-01 9.35608327e-01
    -7.06857681e-01 6.86795712e-01 -6.85677707e-01 1.43941271e+00
    -1.72800720e-01 8.28877628e-01 -8.24070454e-01 1.71393085e+00
    1.51054561e-01 1.36320674e+00 6.72723293e-01 6.06467366e-01
    5.57995439e-01 1.76689911e+00 -5.41512966e-02 5.63852012e-01
    -1.80217206e-01 6.66021764e-01 -5.12129068e-02 1.53866625e+00
    1.71510315e+00 1.75276816e-01 -3.42789531e-01 1.40865779e+00
    1.14624453e+00 3.85779023e-01 5.60139298e-01 -1.65892124e-01
    1.47365403e+00 2.67489493e-01 -3.32317412e-01 -5.86625516e-01
    -2.04557538e-01 1.20801055e+00 5.89482188e-01 -2.39023685e-01
    -3.70773733e-01 -2.98770666e-01 -5.68597317e-01 8.05541694e-01
    1.08574927e-01 9.80618417e-01 7.23901331e-01 1.27817154e+00
    -3.16538215e-01 7.41268396e-01 1.46850348e+00 -5.23583889e-01
    1.48593354e+00 -7.08777308e-02 1.32239747e+00 1.87369514e+00
    4.99240458e-02 -2.99514949e-01 1.16519213e-01 9.27200913e-02
    -5.27375162e-01 -3.42324764e-01 1.26425672e+00 1.76012456e-01
    -6.18512690e-01 -7.46011138e-01 3.48378599e-01 -4.25704271e-01
    1.29101467e+00 -7.31825769e-01 -4.81530428e-02 -6.79890096e-01
    5.66153407e-01 3.01692486e-01 -6.29864514e-01 7.30242968e-01
    -3.21912438e-01 7.94793367e-02 1.46192205e+00 -4.73465323e-02
    4.71314788e-01 -6.65686190e-01 5.58753967e-01 1.51354671e-01
    9.86272037e-01 1.60372424e+00 5.08886576e-02 -3.53806138e-01
    1.98017001e-01 1.53882861e+00 1.58200383e+00 1.80070221e-01
    -5.14347553e-01 1.36911249e+00 1.92838967e-01 1.27288413e+00
    6.20560288e-01 2.84547269e-01 1.19326925e+00 -6.37210488e-01
    2.50011981e-01 5.42836726e-01 1.45011616e+00 1.62215829e+00
    1.49007344e+00 1.53903365e+00 -4.56189424e-01 -6.91001415e-01
    1.62793458e+00 5.73525310e-01 -4.57896143e-01 4.69774127e-01
    -3.10499012e-01 1.76899123e+00 2.67425478e-01 5.63433170e-01
    -1.46880984e-01 7.12805510e-01 6.87884092e-01 1.57406712e+00
    -5.61059713e-01 -1.07737839e-01 1.40512729e+00 1.26016545e+00
    9.33639526e-01 4.16716456e-01 1.50529933e+00 -6.84512973e-01
    -2.18440413e-01 -3.26535910e-01 2.49465883e-01 1.67865396e+00
    1.11007071e+00 7.42344260e-01 8.49474728e-01 -6.62261903e-01
    -3.90337080e-01 1.62114215e+00 1.19478643e-01 5.14156401e-01
    5.50912797e-01 1.06450176e+00 7.96950459e-01 5.20378590e-01
    -3.96480531e-01 -1.43587947e-01 1.51951373e-01 1.48050141e+00
    1.34418750e+00 -2.59035140e-01 4.81945574e-01 -7.10380971e-01
    1.51351714e+00 9.25572157e-01 1.44867635e+00 1.41964352e+00
    1.57908583e+00 1.18803954e+00 -1.71846747e-02 6.80266321e-01
    -8.91408324e-02 1.31958699e+00 -8.68573129e-01 5.36344767e-01
    -6.99609160e-01 8.85723829e-01 1.83646142e-01 6.12696409e-02
    8.65851223e-01 -1.55394554e-01 -4.61109847e-01 -3.68953764e-01
    -5.32680869e-01 -2.68533647e-01 -2.96343803e-01 -7.21681118e-03
    -6.49426579e-01 4.42937374e-01 -1.79352105e-01 8.68122280e-01
    8.43263686e-01 -6.39033318e-01 1.70364594e+00 -6.96400523e-01
    3.18909585e-01 -4.22029257e-01 1.28325069e+00 8.84458184e-01
    6.44887447e-01 -3.36257458e-01 8.95030737e-01 -8.46216679e-02
    1.14093137e+00 -6.07663393e-01 1.75814629e+00 4.38841581e-02
    1.12748837e+00 -5.35727143e-01 5.32970965e-01 -5.66546202e-01
    1.58189797e+00 3.86613667e-01 9.48878527e-02 1.11235070e+00
    1.28569007e+00 5.80260456e-01 9.31218743e-01 7.51925349e-01
    2.71678269e-01 5.38559377e-01 3.28643620e-01 1.50936460e+00
    -1.76755786e-02 9.85050201e-02 1.37133479e+00 -1.14852011e-01
    7.72967279e-01 3.61681342e-01 9.84622777e-01 1.59104252e+00
    -1.79584622e-02 9.09708798e-01 2.41933703e-01 9.67919052e-01
    3.08047891e-01 1.64363360e+00 5.77769160e-01 1.19976699e-01
    7.55010188e-01 6.35755658e-01 4.35629427e-01 -1.63877964e-01
    1.63151431e+00 1.18108320e+00 -6.35482728e-01 -2.79311001e-01
    7.33292997e-01 1.30745506e+00 -1.70333505e-01 -6.07035756e-02
    -8.29489827e-02 -3.57222319e-01 2.65942872e-01 -8.30822587e-02
    -6.34139419e-01 -4.08051401e-01 -3.84397119e-01 5.86722672e-01
    -1.69693708e-01 1.40188265e+00 -1.44678414e-01 1.68524027e+00
    4.46878076e-01 8.08578312e-01 -1.90198481e-01 4.73892689e-03
    1.62183642e+00 -4.75593954e-01 -2.83500850e-01 3.49677801e-02
    1.10372305e+00 1.44686532e+00 8.48043919e-01 -5.77850461e-01
    -5.16695142e-01 1.21339536e+00 1.17147470e+00 1.34713292e+00
    -5.07169962e-03 -7.56284535e-01 -1.76695168e-01 1.79203558e+00
    -5.83737552e-01 -7.39696681e-01 9.06336069e-01 -5.46401739e-03
    1.64342856e+00 1.61678147e+00 1.60094142e-01 5.18578291e-01
    4.04026628e-01 4.84657109e-01 8.12986612e-01 1.74021769e+00
    1.64514160e+00 -4.27923352e-01 -1.97456956e-01 1.56054592e+00
    1.23300004e+00 -3.42106998e-01 -6.33266509e-01 7.67957568e-01
    5.87549388e-01 8.05925965e-01 1.65563774e+00 1.70667398e+00
    -5.16272128e-01 1.63991416e+00 1.57573009e+00 6.01223409e-01
    3.97190034e-01 5.71130335e-01 1.57065690e+00 8.06424797e-01
    3.07593107e-01 1.32478595e+00 8.35297346e-01 1.31066322e-01
    9.44034219e-01 1.65092540e+00 1.47631931e+00 2.07372522e+00
    7.20602572e-02 -1.17756873e-01 6.09150589e-01 4.77455378e-01
    7.89492130e-01 2.67543435e-01 6.87202513e-01 7.83367515e-01
    -4.88682389e-02 -3.93805623e-01 -3.04388732e-01 5.92060268e-01
    -4.90375966e-01 9.97784734e-02 6.61554754e-01 1.14644122e+00
    6.94531560e-01 5.95163822e-01 7.94573426e-02 1.13181734e+00
    2.14022338e-01 1.38061976e+00 -6.45561337e-01 7.87526667e-01
    -3.84651393e-01 1.19811916e+00 -6.57271862e-01 1.13360167e+00
    -5.14228582e-01 -7.16707408e-01 7.81802416e-01 1.41959071e-01
    4.69709039e-01 1.18527055e+00 7.34801888e-01 5.53514719e-01
    1.03326607e+00 5.04604459e-01 7.70433068e-01 -6.06809676e-01
    2.88780510e-01 2.17214227e-01 2.22448349e-01 -4.28859234e-01
    8.12356532e-01 -2.43568122e-01 9.16475058e-01 9.49059606e-01
    4.96808112e-01 -4.42258179e-01 7.87913799e-03 7.52317250e-01
    -6.16175771e-01 1.86895275e+00 8.37068737e-01 1.20059085e+00
    4.01722908e-01 1.85669374e+00 1.62994123e+00 -3.07781100e-02
    -2.22418994e-01 5.93688905e-01 1.75521135e+00 9.70523655e-01
    -7.19484091e-01 1.00675964e+00 -5.97986102e-01 -4.72124428e-01
    7.95896947e-01 7.65559733e-01 1.35047114e+00 6.91278577e-02
    1.64454412e+00 9.85776782e-02 -1.60057962e-01 -7.44025648e-01
    -6.99500740e-01 1.43106651e+00 5.96874952e-03 -4.77424443e-01
    3.47733200e-01 -5.74110270e-01 1.46667457e+00 1.15977454e+00
    4.14030015e-01 -2.86968440e-01 5.75211883e-01 1.61587250e+00
    -2.33014941e-01 1.13254130e-01 -7.02601314e-01 9.24824417e-01
    1.34885645e+00 -9.47886705e-03 -4.38264161e-01 -2.98860669e-01
    -6.64370298e-01 6.53570056e-01 1.47735441e+00 -1.06212556e-01
    -5.01976967e-01 -6.10037923e-01 7.92330265e-01 1.73114049e+00
    1.39206982e+00 6.14561439e-02 -8.19592595e-01 1.33206105e+00
    1.55348182e-02 1.02238870e+00 -1.22581542e-01 -5.56130290e-01
    -6.57666802e-01 7.42587626e-01 1.70756459e+00 1.78385854e+00
    5.09352267e-01 1.37240291e+00 -5.80233693e-01 1.01585424e+00
    1.38399053e+00 -4.30286586e-01 1.00374341e+00 2.74000883e-01
    4.89967287e-01 -1.81370258e-01 8.86196315e-01 9.31009471e-01
    7.60591030e-03 1.31387234e+00 1.21156287e+00 1.35803318e+00
    9.25656557e-01 1.48682356e+00 7.22218096e-01 -2.68101156e-01
    1.05174994e+00 4.57255185e-01 5.53120852e-01 1.29711461e+00
    -1.40208602e-02 9.47217822e-01 -5.40663838e-01 -1.46119118e-01
    1.03867626e+00 -6.47271216e-01 8.94368947e-01 3.99769783e-01
    -5.93930602e-01 1.96850121e-01 -8.16152751e-01 -7.80371726e-01
    1.16709614e+00 1.14574754e+00 6.39798403e-01 4.83983636e-01
    5.26623130e-01 -4.63226050e-01 1.10176682e+00 -2.46723652e-01
    -6.03845894e-01 3.03566337e-01 7.62514949e-01 -7.58731961e-02
    5.01739085e-01 1.31649649e+00 9.30831313e-01 1.43398213e+00
    -7.11608768e-01 3.16189528e-01 8.27724338e-01 7.34923303e-01
    -4.44318652e-02 -5.15671492e-01 2.38670468e-01 6.08679235e-01
    1.34877324e+00 1.72068405e+00 -1.80481076e-02 -3.44095916e-01
    2.75829375e-01 -4.47761744e-01 3.23305905e-01 1.25756764e+00
    1.41520560e-01 1.38121271e+00 -5.34662247e-01 -4.00280148e-01
    1.56238723e+00 -3.54718417e-01 1.73127413e+00 1.39499235e+00
    1.40703857e-01 7.68056571e-01 8.57141614e-01 9.00779366e-02
    2.91876376e-01 -5.92820287e-01 6.70777917e-01 1.22919822e+00
    1.35472822e+00 7.07846284e-02 7.78789163e-01 8.10657144e-01
    -8.42925310e-02 -1.46514773e-01 8.18202913e-01 1.78166389e+00
    1.21839046e+00 1.08607352e+00 -1.39189720e-01 3.05609107e-02
    1.49192929e+00 1.78806710e+00 4.13712919e-01 1.26417923e+00
    5.52448630e-02 1.71472764e+00 6.36731505e-01 1.77813721e+00
    -2.37321079e-01 6.76525116e-01 7.81243861e-01 1.63286924e-01
    -4.99194682e-01 -4.73062992e-02 8.54551554e-01 -1.33358836e-01
    8.87620091e-01 -5.96325994e-02 1.68594539e+00 7.41505325e-01
    4.93816257e-01 1.29568672e+00 -4.19884473e-01 1.00917459e+00
    1.73855972e+00 1.23729610e+00 5.97063422e-01 -7.24204779e-02
    3.86377871e-01 2.37273693e-01 7.48116136e-01 1.38007617e+00
    -3.04947257e-01 4.40095842e-01 1.30692971e+00 7.45521247e-01
    1.08944833e-01 1.04475474e+00 1.66279435e+00 -7.24305034e-01
    4.48186696e-01 -4.95119095e-02 -9.68150795e-02 4.56756711e-01
    -2.27971375e-02 1.51833153e+00 -1.89877480e-01 1.21605682e+00
    -4.73134696e-01 1.14408326e+00 1.42446637e-01 -6.38332129e-01
    2.63292253e-01 9.30537820e-01 1.51334548e+00 6.03340328e-01
    1.72704101e+00 1.99386120e-01 -2.83808917e-01 -3.30090523e-02
    -2.94822901e-01 -6.81017160e-01 2.92564690e-01 -6.23187363e-01
    3.15373063e-01 1.35534167e+00 1.53743982e+00 9.00368214e-01
    -1.92070901e-01 1.29085422e+00 -1.94186747e-01 1.45130515e+00
    8.73035669e-01 6.69138551e-01 -5.01794934e-01 1.74369431e+00
    6.12461030e-01 -7.02915847e-01 -1.73185408e-01 -4.20547932e-01
    1.57173634e+00 -4.52736437e-01 -3.71511579e-02 -1.65996492e-01
    6.83745265e-01 3.71084332e-01 8.20614696e-01 -9.36856270e-02
    4.76199090e-01 1.77628636e+00 -2.52624512e-01 8.48227739e-01
    9.17080283e-01 -4.74878758e-01 -4.52102423e-02 -1.93308175e-01
    1.86648369e-02 -4.76586878e-01 4.69886065e-01 2.45327771e-01
    1.15313172e+00 2.58326769e-01 -3.43878239e-01 -3.92860502e-01
    1.76857710e-02 -6.88025951e-02 -6.81018829e-01 1.33895826e+00
    6.13492787e-01 1.30297518e+00 8.60914588e-02 1.13037026e+00
    -3.69061232e-01 1.08972955e+00 3.36058021e-01 1.40016150e+00
    6.33881092e-02 -6.19478345e-01 1.67363107e+00 1.36036801e+00
    1.49379730e+00 -7.09331810e-01 5.61975896e-01 7.18365014e-01
    -1.05015755e-01 -4.93396908e-01 6.59846723e-01 7.38111854e-01
    8.97364795e-01 4.80602741e-01 2.90400684e-01 1.60077214e-01
    6.02325320e-01 -1.90256655e-01 6.33797169e-01 9.93819833e-02
    1.65390193e-01 6.89025521e-02 -2.21620440e-01 1.59649372e+00
    1.33728623e+00 4.49664235e-01 1.33717656e-02 1.71542311e+00
    1.09023988e+00 -7.95182228e-01 1.12262630e+00 3.14150214e-01
    -3.97881359e-01 -4.42934722e-01 5.67589521e-01 1.19840121e+00
    1.34290755e+00 9.43621814e-01 3.09565544e-01 -1.15883529e-01
    1.74268818e+00 -6.92329466e-01 4.40737188e-01 5.12851715e-01
    1.73422837e+00 7.97502398e-02 5.42489886e-02 1.32588589e+00
    -6.98749423e-01 1.60920489e+00 -6.80331290e-01 8.10165584e-01
    -6.65821731e-01 1.32351100e+00 5.80480456e-01 1.59215641e+00
    -6.09763861e-01 -2.39302516e-02 1.61941481e+00 8.41992915e-01
    1.50011575e+00 -3.94371539e-01 1.57976985e-01 5.22100151e-01
    -6.10800326e-01 -3.71523201e-01 4.02958333e-01 6.31605029e-01
    2.65358329e-01 1.08870482e+00 1.28651106e+00 1.37286484e-01
    -2.82982588e-02 1.72993469e+00 4.06518817e-01 1.16466928e+00
    1.62815046e+00 -6.16944790e-01 1.04295361e+00 1.04316735e+00
    1.45016956e+00 7.33761668e-01 -4.16644424e-01 1.32394278e+00
    -4.71631438e-01 1.65006042e+00 1.66916847e-01 1.06992424e+00
    -6.50309026e-01 1.50137615e+00 -1.00387871e-01 -4.98452544e-01
    5.55174351e-02 -3.86729836e-01 -5.84043145e-01 -3.97849113e-01
    2.62145996e-02 -4.11899686e-02 1.18646240e+00 1.56886959e+00
    -3.32049102e-01 9.02479291e-02 7.58730590e-01 -5.37142813e-01
    -6.20189548e-01 -5.38496196e-01 3.91231000e-01 -5.31001329e-01
    1.20492530e+00 1.33754492e-01 1.06171227e+00 -9.91008878e-02
    1.38357794e+00 1.56668782e-01 1.47859490e+00 1.37541795e+00
    2.57606506e-02 -2.06221014e-01 -6.71537697e-01 1.85884774e-01
    -4.82497394e-01 6.15041673e-01 7.81781971e-01 1.08681822e+00
    -2.60166585e-01 -2.26980388e-01 1.57313347e+00 -3.96318495e-01
    1.02217722e+00 -1.22079968e-01 1.30403006e+00 4.25418198e-01
    -7.30348587e-01 -7.54623532e-01 5.97352922e-01 2.02897012e-01
    1.27306795e+00 -6.62881672e-01 3.78008306e-01 -2.18276024e-01
    4.69343662e-02 -3.58817875e-01 -9.36814547e-02 6.74456239e-01
    -6.59563839e-01 -1.84514523e-02 -9.95218754e-04 6.12587929e-02
    2.23571599e-01 -1.32208467e-01 8.30550492e-01 -1.50389910e-01
    -4.81032729e-02 -4.43140864e-01 4.48677778e-01 -2.76797056e-01
    -2.62897372e-01 -8.20910931e-02 1.51550436e+00 -4.30525124e-01
    -5.59674144e-01 1.29529440e+00 1.28674698e+00 1.28193450e+00
    8.90621185e-01 3.20358813e-01 1.74149489e+00 -4.28158522e-01
    6.77791834e-02 1.29760599e+00 9.60111618e-03 -4.89249468e-01
    3.02339792e-01 8.60369205e-02 -5.38617373e-02 1.75220358e+00
    -8.95605087e-02 -4.06727761e-01 -1.58212185e-02 1.47510779e+00
    -2.78015673e-01 4.91809547e-01 3.78302455e-01 1.90299106e+00
    9.37753618e-01 6.05838060e-01 6.52174115e-01 8.20611537e-01
    4.88468170e-01 8.87517810e-01 5.26661217e-01 1.21324348e+00
    1.69654870e+00 -3.70107293e-02 4.29567814e-01 1.67510986e+00
    1.84114361e+00 -3.55499983e-02 -1.64943188e-01 2.61440337e-01
    -3.16226721e-01 1.39935708e+00 1.37738943e-01 5.24740934e-01
    8.91990662e-01 3.30808640e-01 -2.87067950e-01 1.75740099e+00
    7.27650523e-02 1.37667418e+00 9.11417246e-01 4.03397739e-01
    7.81338453e-01 1.22218704e+00 1.01834750e+00 1.65162504e-01
    1.40663695e+00 -5.94627023e-01 -4.37488586e-01 8.34697485e-03
    -2.97399044e-01 -5.75842798e-01 -6.77446783e-01 6.34477973e-01
    -2.84694105e-01 1.05390787e+00 -4.32090700e-01 4.23462510e-01
    1.46823931e+00 7.00573325e-01 -3.11761081e-01 7.66734540e-01
    4.74848032e-01 1.74138677e+00 7.20019519e-01 3.13212216e-01
    -3.63361537e-01 1.79350078e-01 -2.35283375e-03 7.81972229e-01
    -4.43490148e-01 2.94563711e-01 -5.58390141e-01 -4.85581756e-02
    -6.19741559e-01 -4.38566327e-01 -4.25586760e-01 -9.63854790e-03
    1.22110248e+00 4.91043031e-01 7.08610713e-01 1.41058147e-01
    7.08570480e-01 1.97753012e-01 8.71403158e-01 1.77651703e+00
    -4.17050153e-01 -3.46239030e-01 7.01528370e-01 8.85317147e-01
    -1.89217687e-01 6.08226299e-01 1.11924100e+00 -6.75741673e-01
    1.32166839e+00 -4.18766975e-01 1.11861873e+00 8.38613510e-03
    1.42416894e-01 1.62472630e+00 -6.82788491e-01 1.16163898e+00
    1.47468495e+00 -2.02917874e-01 8.88371646e-01 5.96146286e-01
    3.30853641e-01 1.31915867e-01 1.36962509e+00 4.31994438e-01
    7.40367770e-01 -3.09665322e-01 1.15329504e+00 4.98442709e-01
    -2.12938190e-02 6.73861921e-01 1.34178472e+00 1.64444256e+00
    -1.79547966e-01 1.29755151e+00 9.86356378e-01 8.14671934e-01
    1.58280337e+00 1.11997318e+00 4.72853780e-01 1.70823050e+00
    5.02859652e-01 1.52369666e+00 6.01739764e-01 -5.94659865e-01
    1.95602536e-01 1.48420429e+00 1.41153622e+00 2.63818741e-01
    1.36138201e+00 4.06073093e-01 9.82035875e-01 1.54383159e+00
    -1.54355228e-01 1.61600971e+00 1.66101778e+00 -1.76342726e-01
    1.14619732e+00 8.48853528e-01 -8.02482963e-02 4.69135582e-01
    2.82626987e-01 7.04984784e-01 -3.22690368e-01 -7.34954476e-02
    9.63126540e-01 -9.51446891e-02 1.46014881e+00 4.84662116e-01
    1.62526536e+00 1.14454246e+00 -3.53791654e-01 1.72524261e+00
    -6.68666244e-01 1.72209573e+00 1.54105532e+00 6.96398914e-01
    5.05584896e-01 1.24933362e+00 1.23336518e+00 1.25506687e+00
    7.80089796e-01 6.68095708e-01 3.96509349e-01 -1.84342921e-01
    1.04713559e+00 1.57391429e+00 -6.07511044e-01 1.23384261e+00
    7.84482956e-02 1.79477406e+00 1.09403753e+00 8.55525255e-01
    2.41532922e-01 1.12198317e+00 -1.03099942e-01 -1.66110307e-01
    4.15468872e-01 -5.89184761e-01 4.12285388e-01 5.51447034e-01
    1.17725194e-01 1.15022612e+00 1.12516427e+00 1.03362799e-02
    1.88340020e+00 9.09621000e-01 8.09041262e-01 -6.54638529e-01
    1.08034468e+00 7.96083748e-01 1.68470800e-01 6.32698536e-02
    5.34619987e-01 1.07392192e+00 5.58883905e-01 8.73241186e-01
    6.61768496e-01 1.03560865e-01 1.39450943e+00 1.42100275e+00
    -2.15848327e-01 7.25308657e-01 9.65027392e-01 5.12487054e-01
    9.70033467e-01 5.75021029e-01 9.10625279e-01 -6.32055521e-01
    3.26641977e-01 4.87839222e-01 -2.59466648e-01 7.70036459e-01
    2.72691250e-02 1.56116939e+00 7.34647155e-01 1.56373441e+00
    9.14219677e-01 8.54636788e-01 -4.66772676e-01 1.37570953e+00
    1.19958138e+00 -6.69900596e-01 1.47395563e+00 -3.27363580e-01
    1.53857279e+00 -4.86862242e-01 1.25496769e+00 -1.67475164e-01
    6.19076729e-01 7.72157609e-01 2.58448899e-01 2.98825800e-01
    -2.85406709e-02 -7.06144094e-01 2.40882814e-01 2.23840535e-01
    1.57081699e+00 8.67037475e-01 -6.28863811e-01 3.95251513e-02
    -2.59259224e-01 -2.24535286e-01 1.69893289e+00 4.70510721e-01
    1.25597095e+00 1.04934692e+00 7.63270378e-01 -7.92834699e-01
    -7.41301119e-01 -4.27362770e-01 8.77322197e-01 1.29234719e+00
    8.14261138e-01 1.99254394e-01 -2.75997043e-01 8.27631533e-01
    1.24488235e+00 -2.62390375e-01 -1.02644265e-01 1.70850945e+00
    4.99330163e-02 1.78678691e-01 1.38976002e+00 8.18418562e-02
    -3.29575747e-01 8.15315127e-01 1.85191226e+00 7.77499378e-01
    1.05981207e+00 1.23346925e+00 3.01962852e-01 -1.88339889e-01
    1.36417162e+00 2.10768461e-01 -9.52089429e-02 -4.87581402e-01
    -3.85982543e-01 -6.35594726e-01 -5.95480800e-02 -2.57622629e-01
    1.80985045e+00 1.02759731e+00 1.39539862e+00 7.62619972e-02
    1.60696149e+00 8.07770252e-01 1.03575277e+00 -3.51204932e-01
    1.37183404e+00 1.67444801e+00 -1.13840938e-01 2.99325526e-01
    -1.50169611e-01 8.84867251e-01 1.06671572e+00 6.26973391e-01
    -4.78057414e-01 9.55069661e-01 3.51499915e-01 8.61674368e-01
    1.47588801e+00 1.75939894e+00 1.44364262e+00 1.07717085e+00
    3.55252028e-01 1.57333362e+00 -2.68027216e-01 2.30269432e-02
    -4.20002937e-02 4.61487174e-02 -1.36881471e-01 -7.08243668e-01
    -2.68322438e-01 -5.29146075e-01 1.26482570e+00 2.21082687e-01
    -1.95501924e-01 1.10514522e+00 1.43468511e+00 8.81513953e-02
    1.48124099e-01 -1.25355363e-01 1.49071145e+00 -5.00691354e-01
    1.89812958e-01 1.78760183e+00 1.23232889e+00 2.86127567e-01
    -3.33300382e-01 -2.85334110e-01 4.25297201e-01 -1.62680209e-01
    1.36993897e+00 2.81567931e-01 -2.59489447e-01 3.44610155e-01
    -1.97062850e-01 -3.16261381e-01 -6.42041624e-01 7.67775059e-01
    1.33436441e+00 1.45749772e+00 1.11299276e-01 6.56875193e-01
    1.14002454e+00 6.12296402e-01 1.19100106e+00 6.68277502e-01
    -3.22788298e-01 1.04411662e-01 -5.92823386e-01 -5.98648012e-01
    -6.69326007e-01 -4.88442302e-01 4.22131300e-01 1.65180492e+00
    1.58019626e+00 -6.65175080e-01 1.71055555e+00 1.37271178e+00
    1.60628676e-01 4.84362245e-01 1.56704748e+00 -5.11804461e-01
    1.80797815e-01 1.17224133e+00 1.68655515e-02 1.43469954e+00
    5.35393655e-01 1.40371323e+00 1.13177657e+00 -2.63564885e-01
    -7.60424435e-01 1.12308073e+00 -3.42110008e-01 -1.53506100e-01
    -1.86996698e-01 -4.18809414e-01 -6.12964094e-01 4.99173343e-01
    -1.52179658e-01 7.02970266e-01 9.22710717e-01 1.64322674e+00
    -6.62138581e-01 1.19492149e+00 1.14880836e+00 1.51125872e+00
    1.32462323e-01 3.37783098e-01 5.91910839e-01 6.79966152e-01
    -7.48523057e-01 -7.94299066e-01 -8.47045004e-01 8.16611528e-01
    -6.59563720e-01 1.25973213e+00 9.09830332e-02 1.72462463e-01
    -6.09135628e-01 1.11369681e+00 -6.05438054e-01 1.18071532e+00
    -2.75181234e-01 8.86650622e-01 1.74097180e+00 6.21471465e-01
    5.59037268e-01 -7.45247602e-01 1.48890555e-01 1.19617999e+00
    -4.72182840e-01 3.73290837e-01 -2.61480033e-01 5.56738138e-01
    -2.25270987e-02 1.77381158e-01 -3.54254186e-01 2.79173613e-01
    4.08267438e-01 1.29911482e+00 1.80619717e-01 -4.69285607e-01
    9.96837735e-01 -2.95966685e-01 4.69149470e-01 6.61116958e-01
    5.17536402e-01 1.63845170e+00 7.06513643e-01 6.61749244e-01
    4.11246836e-01 -3.00888389e-01 1.35555887e+00 1.86314988e+00
    -7.01839924e-02 -4.84938771e-01 8.18420947e-01 2.17523873e-01
    -6.10032618e-01 1.06307912e+00 2.21766829e-01 3.14613640e-01
    1.11046612e-01 7.28824735e-01 1.30625641e+00 7.20113754e-01
    1.10721898e+00 1.20267296e+00 1.77568913e-01 4.53729033e-02
    -4.70922977e-01 1.73887849e+00 6.21875763e-01 -4.98193115e-01
    -6.04207635e-01 6.85679317e-02 -6.53428316e-01 -7.06947267e-01
    6.22962832e-01 9.07121897e-01 -4.79854226e-01 1.51473022e+00
    -7.59369254e-01 4.37057257e-01 1.05925274e+00 1.22130704e+00
    2.09826112e-01 8.18172753e-01 3.53754520e-01 9.42622185e-01
    1.57395101e+00 8.60284746e-01 -8.64536166e-02 1.14161777e+00
    -3.44225764e-01 -6.80776536e-01 7.55773008e-01 -1.40252769e-01
    1.19628561e+00 8.36355627e-01 9.34322596e-01 -2.28267312e-01
    9.37707543e-01 1.11880946e+00 7.85351634e-01 -4.78029281e-01
    4.02756274e-01 1.66269779e-01 1.16938114e+00 1.04334021e+00
    8.99612784e-01 1.46997869e-01 1.71401310e+00 1.54634774e+00
    1.72921419e-02 7.70987272e-01 -1.80282295e-01 2.53181338e-01
    1.05643511e+00 4.25710380e-01 5.59920073e-03 -1.42937958e-01
    2.08027601e-01 1.30237353e+00 1.50093532e+00 2.35846937e-01
    -7.12706923e-01 -1.05019212e-01 2.24318683e-01 1.10777259e-01
    1.49715030e+00 8.64056587e-01 -4.07190770e-01 6.41285837e-01
    1.75539207e+00 8.71243715e-01 6.78490281e-01 8.15332294e-01
    4.67397332e-01 2.68240154e-01 -6.47319794e-01 3.57452452e-01
    1.39739799e+00 1.65696287e+00 1.39051938e+00 1.66365314e+00
    7.75805116e-01 1.04656422e+00 1.34842396e-01 -3.95156145e-02
    5.18732965e-01 -3.62142920e-02 1.15689969e+00 1.68315840e+00
    2.25699008e-01 -9.75990295e-03 7.95205712e-01 1.03183985e+00
    1.03228855e+00 -4.47146326e-01 2.20966518e-01 -5.73156953e-01
    1.35361624e+00 1.50391960e+00 4.43642795e-01 9.57195103e-01
    1.29662991e+00 7.56751895e-02 1.54259062e+00 1.33533597e-01
    -2.74423361e-02 -2.93125927e-01 1.22977281e+00 1.38861465e+00
    1.76526809e+00 2.22643197e-01 -1.40541911e-01 9.28772926e-01
    -6.86461210e-01 1.45064175e-01 5.36749244e-01 1.42219639e+00
    3.63258541e-01 5.88719785e-01 -3.33532959e-01 1.12276161e+00
    1.41563821e+00 1.21752381e+00 2.96199203e-01 1.54847765e+00
    -2.98441440e-01 1.08870864e+00 6.17288113e-01 1.66470098e+00
    1.43605018e+00 1.71102524e-01 5.56224883e-01 1.65238261e+00
    1.54125595e+00 1.76902294e-01 1.78264809e+00 1.77621520e+00
    6.67817473e-01 2.36573219e-01 -7.17479408e-01 1.48328590e+00
    1.03612971e+00 -4.45669293e-02 -6.23699427e-01 -3.46782237e-01
    -6.07503772e-01 1.13365746e+00 4.53438461e-01 1.82837045e+00
    1.39550948e+00 -7.20230937e-01 -4.23475206e-01 3.60837340e-01
    9.61932600e-01 1.26833618e-01 8.94364715e-01 1.65688205e+00
    -4.89126474e-01 1.45144105e+00 6.94685280e-01 1.78411651e+00
    1.51796937e+00 1.51995504e+00 2.57709980e-01 7.41690695e-01
    1.38110626e+00 -6.38408065e-02 5.11865079e-01 1.48916209e+00
    1.14200139e+00 9.35839772e-01 -6.15670443e-01 3.88989270e-01
    -4.62971330e-01 1.05685687e+00 -7.59574056e-01 5.93955874e-01
    -3.59246254e-01 7.13569343e-01 9.81473386e-01 1.08100891e-01
    5.39927244e-01 -1.76936269e-01 1.64814830e-01 9.94989812e-01
    1.69512403e+00 -5.81694186e-01 1.90242469e-01 1.59739017e+00
    -3.66798580e-01 -6.55164242e-01 7.49812245e-01 1.66770220e+00
    4.98358250e-01 1.40312552e+00 1.60667205e+00 -1.40626252e-01
    1.14901257e+00 -8.82759750e-01 5.52297652e-01 1.34233725e+00
    -4.48568463e-02 1.27656257e+00 1.40944529e+00 1.09198451e+00
    4.56673861e-01 1.32855940e+00 -2.00505555e-01 -5.74799418e-01
    1.05438280e+00 -4.93416280e-01 -6.95850968e-01 2.82447934e-02
    1.62127852e+00 -5.41588068e-02 1.48508501e+00 -5.60356975e-01
    -5.59982240e-01 1.60380769e+00 2.30211794e-01 7.30513871e-01
    1.26805186e-01 -8.45334589e-01 6.67616725e-01 1.70787930e-01
    2.98385024e-01 -1.52773619e-01 1.68622208e+00 2.24922359e-01
    1.53577757e+00 6.12668335e-01 -4.14040506e-01 -5.56841731e-01
    -8.60193372e-02 -2.84838945e-01 3.61468077e-01 3.06760073e-02
    -2.13760138e-02 7.89591432e-01 -7.78004527e-02 -7.64265060e-02
    -4.36268896e-01 -5.82949996e-01 -4.70320165e-01 4.93554056e-01
    1.49227095e+00 1.35060310e+00 -3.94573987e-01 1.64249730e+00
    -2.78157234e-01 -6.61338985e-01 -5.60618639e-01 1.60388875e+00
    5.21445990e-01 -5.67259312e-01 7.87832558e-01 -6.97175086e-01
    1.09351158e+00 8.80740702e-01 -3.64264518e-01 -4.18541968e-01
    -5.37787676e-02 1.48663390e+00 -4.63949621e-01 9.78958011e-01
    1.38659120e+00 1.83547783e+00 1.62026834e+00 1.10253620e+00
    1.08658791e-01 1.35568619e+00 1.01882458e+00 1.13083100e+00
    1.23418081e+00 -7.06029177e-01 5.44836998e-01 -3.02549779e-01
    1.45318556e+00 1.16952920e+00 -3.00402522e-01 6.46189868e-01
    8.54654551e-01 7.27691531e-01 3.15373302e-01 7.20493495e-01
    1.30915737e+00 5.75167358e-01 -4.19387460e-01 1.11512661e-01
    7.64021456e-01 -4.76416677e-01 -3.12475860e-01 1.19804943e+00
    -2.80872285e-01 1.21831465e+00 -3.73013496e-01 -4.06206250e-01
    1.28537416e-01 6.72655404e-01 1.06414151e+00 7.76705384e-01
    7.68389344e-01 -3.80294025e-01 -3.65993381e-01 1.32784724e+00
    -5.51224053e-01 5.55079460e-01 1.71125054e+00 -2.46298313e-03
    9.33896780e-01 -3.57409596e-01 -5.44994473e-01 1.49469042e+00
    -4.78020877e-01 1.62529957e+00 1.41702127e+00 1.49802923e-01
    7.01964319e-01 3.53087306e-01 6.43335283e-01 1.51625395e+00
    -4.81594205e-02 1.07757378e+00 -5.46617627e-01 -3.28242779e-02
    7.69595504e-02 1.03726315e+00 9.41187918e-01 1.98342836e+00
    -2.37452060e-01 3.88430774e-01 8.11378121e-01 -4.47837621e-01
    1.40396357e+00 7.89308131e-01 -4.27702934e-01 -5.22217274e-01
    -5.52236974e-01 2.99563408e-02 1.36848783e+00 1.29920042e+00
    1.09250093e+00 -4.77068841e-01 5.38925827e-01 7.50787973e-01
    -1.99067056e-01 9.77324128e-01 1.52772832e+00 -6.66637063e-01
    -2.45856047e-01 1.72647095e+00 8.23977292e-01 -4.30725455e-01
    -4.26709652e-03 7.59624720e-01 -5.56362391e-01 -6.41005933e-01
    -7.52979517e-01 3.53972375e-01 6.52141452e-01 1.22505188e-01
    -2.23612547e-01 7.57812202e-01 1.05763316e-01 -6.60885334e-01
    -4.12706316e-01 5.29997587e-01 1.64603519e+00 1.14446568e+00
    -4.31044221e-01 -4.78316844e-01 8.09804738e-01 1.77899909e+00
    2.97285795e-01 1.03095412e+00 5.09602547e-01 8.26252818e-01
    -1.52228296e-01 1.08074355e+00 -5.28591752e-01 -4.21311557e-01
    3.56026053e-01 8.37224126e-02 4.80257809e-01 -5.97141743e-01
    1.13325262e+00 -1.59178138e-01 1.41470766e+00 -5.07110953e-01
    -6.76662385e-01 -1.23077929e-01 1.68227577e+00 1.44333422e-01
    -6.12816393e-01 -3.76334846e-01 1.10386133e+00 5.06016970e-01
    9.16753769e-01 1.63484836e+00 -2.94623673e-01 -5.38225591e-01
    1.40823960e+00 6.75213277e-01 -3.69769990e-01 2.02601135e-01
    -2.51102805e-01 1.10277843e+00 8.11095059e-01 1.05222249e+00
    7.46432066e-01 7.64220655e-01 3.43206167e-01 1.01714945e+00
    1.20434237e+00 -8.00152421e-02 2.95357525e-01 5.70459127e-01
    4.57421243e-01 5.91915190e-01 8.66661429e-01 5.97299278e-01
    2.10561931e-01 4.69602346e-01 8.78646612e-01 -1.19655371e-01
    5.54186523e-01 1.59184933e+00 8.44962001e-02 5.34235537e-01
    1.02550983e+00 3.87889743e-01 9.60026145e-01 -4.57347006e-01
    -9.03431654e-01 1.31709278e+00 7.46701658e-01 -2.55041718e-02
    9.32965398e-01 1.31305265e+00 1.27675176e+00 1.70931351e+00
    1.52015591e+00 2.88814604e-01 1.63949037e+00 -6.22340679e-01
    1.01618338e+00 1.00084329e+00 2.20325828e-01 -5.81293166e-01
    2.75909424e-01 6.30370736e-01 1.37925982e+00 8.02703440e-01
    -2.34267950e-01 1.34394407e+00 -5.31175256e-01 5.44319212e-01
    1.55890882e+00 7.09288657e-01 1.51246476e+00 1.25435734e+00
    -2.99253672e-01 9.91550148e-01 -3.88172835e-01 1.12045693e+00
    1.50937152e+00 9.80854273e-01 -1.01397097e-01 1.02597523e+00
    9.80221033e-02 7.57474899e-02 2.76395917e-01 -5.10012805e-01
    1.12995720e+00 1.51382279e+00 5.50602674e-02 -3.46993655e-01
    1.72293186e-01 -1.01438463e-01 1.10696149e+00 1.61422920e+00
    4.80795801e-01 4.05519426e-01 -3.63868713e-01 1.65286160e+00
    3.60631287e-01 -2.23291516e-01 1.07805979e+00 5.67495227e-02
    1.48614860e+00 -3.52758169e-03 9.30647552e-01 -5.44889450e-01
    3.30460072e-01 -7.41210401e-01 4.82957542e-01 1.64694762e+00
    -9.39374566e-02 -6.91080689e-01 8.70522141e-01 7.21775115e-01
    -7.20732152e-01 1.08549619e+00 -3.64232540e-01 1.44805431e+00
    -3.52638364e-02 1.63207507e+00 1.04622245e-01 7.55053699e-01
    1.67976403e+00 1.44093275e-01 -1.24461651e-01 5.78903139e-01
    5.41118324e-01 1.16770244e+00 4.81450915e-01 -6.03528678e-01
    1.12804651e-01 1.59781480e+00 1.31581795e+00 1.64810085e+00
    -2.35499918e-01 -4.17314440e-01 5.02721250e-01 -3.13127041e-03
    -4.65503365e-01 1.42802417e-01 5.66243649e-01 5.57059526e-01
    2.70002306e-01 1.24978590e+00 1.56804490e+00 -2.53793597e-01
    9.43885446e-01 1.45284545e+00 8.64100456e-03 -5.59539080e-01
    5.23815632e-01 9.89442527e-01 1.02225733e+00 -6.82918072e-01
    2.97210932e-01 1.56097984e+00 9.99821782e-01 1.55357432e+00
    -5.43348074e-01 1.16194892e+00 5.62911808e-01 -8.12169194e-01
    1.75613713e+00 9.25723553e-01 1.74803579e+00 6.05288029e-01
    1.71913779e+00 2.97929347e-01 1.50397563e+00 1.15195382e+00
    2.07319796e-01 1.32505202e+00 -5.90995073e-01 2.35214829e-02
    -2.62633651e-01 1.52857602e+00 2.49268413e-02 -5.48398256e-01
    1.06395054e+00 7.51176238e-01 -2.12031603e-01 1.78435612e+00
    1.29017019e+00 8.13106120e-01 1.25577068e+00 5.44317842e-01
    -9.82049108e-02 1.28926563e+00 2.30988443e-01 -9.68564749e-02
    8.87191057e-01 7.71974087e-01 8.67014527e-01 3.31991315e-01
    7.52466917e-02 -2.50095069e-01 -7.54636526e-02 1.52467799e+00
    1.08798873e+00 9.02054965e-01 9.15181518e-01 1.11904836e+00
    7.44802654e-01 -7.09938049e-01 -8.31065178e-02 1.10086977e-01
    1.06184137e+00 -1.23934627e-01 1.70692253e+00 8.16850245e-01
    -6.48982584e-01 2.82052994e-01 -2.89151460e-01 6.38636827e-01
    1.60954237e+00 1.49129260e+00 1.12946129e+00 -2.76515782e-01
    6.78946674e-01 1.07893467e-01 -6.44992471e-01 -8.50021839e-02
    -4.76264894e-01 1.56640244e+00 1.19247460e+00 -6.80189371e-01
    1.52041781e+00 8.69058192e-01 -5.81571579e-01 1.80068231e+00
    -4.63571042e-01 1.50440931e-01 1.41549611e+00 1.00073433e+00
    2.49178410e-01 -6.19053900e-01 9.11955953e-01 -6.69891238e-02
    1.13276076e+00 -5.10223806e-01 4.98615682e-01 5.87840438e-01
    1.13127398e+00 1.51779354e-01 -1.93590879e-01 1.82538962e+00
    -4.10193771e-01 1.88531065e+00 5.79354167e-02 -2.11255550e-01
    9.73668873e-01 -5.24603784e-01 3.76737058e-01 -5.65840840e-01
    1.38882995e+00 -1.41254187e-01 -7.32118487e-02 9.17749643e-01
    1.03236175e+00 7.92555809e-01 1.13932014e+00 -4.61656272e-01
    1.28520191e+00 -5.15028954e-01 1.27687097e+00 -1.63279176e-02
    -1.54126883e-01 1.68095756e+00 1.06690705e-01 8.08543026e-01
    -3.84570032e-01 5.00127196e-01 4.01575565e-02 1.40168595e+00
    1.10185504e+00 7.15182662e-01 1.12098122e+00 -4.64532793e-01
    -4.26804423e-02 8.93373013e-01 1.11783457e+00 -2.79232383e-01
    7.83904791e-02 1.76827073e+00 -2.70636559e-01 9.79179859e-01
    1.65240455e+00 9.70650494e-01 9.44177508e-02 1.02991450e+00
    -5.33937812e-01 1.68984950e+00 5.41244745e-02 6.94710433e-01
    -8.64996314e-01 -6.74742997e-01 1.43150115e+00 1.16858768e+00
    6.88608885e-01 1.42274725e+00 1.00667405e+00 7.81193137e-01
    1.35785317e+00 2.62333989e-01 1.46951568e+00 1.59451807e+00
    1.03140831e+00 -7.86221147e-01 -6.20794117e-01 -1.87786818e-01
    -2.88866937e-01 1.01482129e+00 3.39972615e-01 -8.07996988e-02
    7.42161691e-01 1.72541142e-02 -6.77600086e-01 -6.80429339e-01
    -1.95368111e-01 3.78823698e-01 -5.59894264e-01 1.63300598e+00
    9.06517029e-01 1.00992024e+00 2.39126384e-01 4.24909711e-01
    1.72091675e+00 -7.81812131e-01 -6.72823012e-01 6.79379463e-01
    -5.56291521e-01 6.11985326e-01 9.81247663e-01 1.35871565e+00
    6.25211775e-01 1.35316157e+00 1.26135123e+00 4.32443202e-01
    -7.23668933e-01 9.65422869e-01 1.40923345e+00 -9.70579982e-02
    9.30312455e-01 5.92796385e-01 -3.35783869e-01 1.36249292e+00
    1.07748830e+00 1.33478820e+00 1.65710807e+00 1.29501021e+00
    1.02297914e+00 1.38336658e-01 -3.85086209e-01 6.55590832e-01
    5.60724795e-01 9.58361745e-01 1.76341748e+00 1.22890174e-01
    -6.68992102e-01 9.72347260e-02 1.67012787e+00 4.22165096e-01
    6.34259939e-01 1.07337475e+00 1.27330077e+00 1.79213667e+00
    6.90451384e-01 5.17077506e-01 2.24429905e-01 6.38727844e-01
    1.76167595e+00 6.26251817e-01 1.86744332e-01 1.57556927e+00
    -2.59231091e-01 -6.03178144e-02 3.74911308e-01 -1.86626673e-01
    8.49298716e-01 4.31838930e-01 -3.41355920e-01 7.52368093e-01
    1.81173301e+00 -1.35605335e-01 9.46912289e-01 1.24433470e+00
    4.36401427e-01 -6.23881161e-01 1.64822853e+00 8.14848483e-01
    -6.97329640e-02 1.49259961e+00 -9.31125879e-03 1.54677272e-01
    1.01932871e+00 7.77007699e-01 1.29345202e+00 7.10449636e-01
    4.28983033e-01 1.64370787e+00 1.25099933e+00 -1.58409238e-01
    -3.73140991e-01 1.36949956e+00 1.50496554e+00 -1.29488468e-01
    1.34573650e+00 8.44818592e-01 -3.85095537e-01 -3.84492755e-01
    1.03340364e+00 1.50155306e-01 4.03308570e-01 -2.86009908e-02
    1.88352644e-01 2.98157275e-01 1.13703275e+00 1.49134851e+00
    4.82654393e-01 1.28851438e+00 9.75051522e-02 6.09087884e-01
    2.96997011e-01 -5.70694745e-01 4.78885651e-01 9.46837604e-01
    5.54212451e-01 -4.84488279e-01 -3.89193058e-01 -5.65526664e-01
    9.38563943e-02 1.03006327e+00 1.23113632e+00 -2.59639531e-01
    -5.98001122e-01 1.62736344e+00 1.60459805e+00 -6.01366520e-01
    1.32910347e+00 -2.02904403e-01 2.85620213e-01 -5.89736104e-02
    1.17806697e+00 -1.61209047e-01 1.64516473e+00 3.07127893e-01
    8.46875846e-01 7.90897012e-02 5.88417411e-01 1.05727196e+00
    1.14959431e+00 9.69779193e-01 3.41872692e-01 1.49773407e+00
    1.47094238e+00 9.94009972e-01 6.40775919e-01 1.34586096e+00
    -6.05884075e-01 8.88412297e-01 1.50031114e+00 4.72734749e-01
    9.90066588e-01 1.55571485e+00 6.97505176e-01 -2.49649405e-01
    2.92429507e-01 1.43897796e+00 1.41991663e+00 6.77433670e-01
    5.56655645e-01 -1.46452844e-01 5.80728054e-01 -5.77471137e-01
    6.47273898e-01 -7.64844835e-01 5.66421926e-01 7.36008406e-01
    1.79937744e+00 1.26056647e+00 9.21375811e-01 1.15995502e+00
    -1.89526796e-01 -1.00189626e-01 6.72682166e-01 6.94919825e-01
    1.01193094e+00 -6.45013332e-01 1.68684506e+00 1.51061153e+00
    1.66116548e+00 8.48449230e-01 1.09132111e+00 9.14000511e-01
    1.45012951e+00 -2.33159304e-01 1.63409245e+00 8.58349502e-01
    1.65142059e+00 -6.46984935e-01 6.87410474e-01 -2.84973472e-01
    -2.92099863e-01 1.06203377e-01 -5.32890856e-01 1.37856579e+00
    -3.14192504e-01 1.22760463e+00 -6.33683503e-01 6.07389033e-01
    -5.22156358e-02 -3.93049121e-01 9.12213326e-03 1.57391167e+00
    1.10927343e+00 9.59679306e-01 -1.55743241e-01 -2.71667302e-01
    5.77091157e-01 -2.03364670e-01 9.81715500e-01 -5.55993378e-01
    2.81244338e-01 1.66541815e+00 1.57767010e+00 9.96998608e-01
    2.37950444e-01 8.81795585e-01 1.40076184e+00 -3.67366225e-01
    -5.84998727e-01 6.17800474e-01 4.51631010e-01 1.41231990e+00
    -4.75892395e-01 5.25231898e-01 7.38667428e-01 1.34735847e+00
    3.20270896e-01 -2.94486642e-01 -4.29133177e-02 -2.40064442e-01
    -7.62202024e-01 5.61820924e-01 -5.05255938e-01 1.63450027e+00
    3.59297991e-02 3.45244169e-01 1.33443332e+00 1.42158961e+00
    -6.00741625e-01 7.86133587e-01 7.47495830e-01 8.92860055e-01
    -3.96756470e-01 7.43491590e-01 -2.20001757e-01 5.40119112e-01
    8.72310758e-01 6.42664671e-01 -2.02008307e-01 -1.12474442e-01
    3.79910767e-01 -6.70357704e-01 1.56867158e+00 -2.76285052e-01
    -7.47413874e-01 1.45761847e+00 5.67103863e-01 6.05755866e-01
    1.11735368e+00 2.88114667e-01 1.97542191e-01 3.68767381e-02
    6.20718777e-01 -6.97893023e-01 5.44538796e-01 1.27490163e+00
    7.80362308e-01 1.60245585e+00 8.62772763e-01 6.43847585e-02
    1.23005152e+00 9.35429275e-01 1.71516120e-01 5.88905811e-02
    1.50839496e+00 -1.24537647e-01 1.47800207e+00 1.58660305e+00
    1.00557566e+00 5.35840631e-01 3.51963103e-01 1.51197481e+00
    -4.50787336e-01 1.06340325e+00 4.45618272e-01 -2.99714088e-01
    -2.83241391e-01 1.01404548e+00 -3.96209389e-01 4.73903120e-01
    4.46826220e-03 7.35753238e-01 5.92144489e-01 7.79330313e-01
    7.02611029e-01 7.59825587e-01 -6.86647832e-01 -1.79092348e-01
    -7.06051886e-01 1.44422114e-01 -3.35433125e-01 1.31128454e+00
    1.68604469e+00 4.86829162e-01 5.42247295e-01 1.58323658e+00
    1.04754353e+00 1.78057837e+00 -1.12459004e-01 -3.90036196e-01
    9.03326631e-01 1.35160875e+00 9.43323314e-01 6.98999822e-01
    9.02884424e-01 1.15376115e+00 1.18286860e+00 -9.33640003e-02
    1.30758882e-01 4.86777604e-01 -6.43630624e-01 1.08323097e+00
    -4.82448578e-01 1.13824749e+00 1.39702415e+00 -1.64832115e-01
    -3.96009892e-01 6.06553257e-01 -5.74453235e-01 -4.24865842e-01
    8.05281341e-01 1.69975638e+00 -1.29424334e-02 1.16485715e+00
    -7.16685116e-01 5.57690382e-01 5.82566202e-01 1.40786767e-02
    -1.74132347e-01 5.76940477e-01 1.06647289e+00 7.79976606e-01
    1.34440732e+00 4.50239778e-02 5.95674932e-01 -1.91101909e-01
    1.32900190e+00 5.86912990e-01 -4.67314392e-01 1.60201907e+00
    1.55502880e+00 -3.57977033e-01 -2.44095743e-01 2.06371188e-01
    7.58322477e-01 -7.13561058e-01 -3.24547917e-01 8.73227835e-01
    4.21926081e-01 -5.55312037e-01 1.01098371e+00 1.64193702e+00
    1.73402846e-01 1.03213024e+00 1.57150340e+00 8.86290729e-01
    -7.28994608e-03 1.09012401e+00 1.68856335e+00 6.74711168e-01
    4.28599834e-01 1.15679812e+00 -5.05558670e-01 1.24844098e+00
    -5.45967221e-02 1.50736690e+00 1.59953284e+00 1.07158875e+00
    -6.94646478e-01 3.05936813e-01 4.92829680e-02 2.00095177e-02
    -3.87950689e-01 5.54634213e-01 -3.62664640e-01 6.51028156e-01
    5.49125075e-02 3.63030374e-01 -5.25594532e-01 -4.69279528e-01
    -2.08899379e-02 -2.93843240e-01 -4.64815319e-01 -6.68394685e-01
    2.89661765e-01 1.00704908e+00 1.55944324e+00 5.20990551e-01
    1.61136472e+00 6.41339421e-02 1.81961060e+00 -6.68074250e-01
    1.36389792e+00 7.41778374e-01 9.07712221e-01 1.02250087e+00
    5.28614342e-01 1.47351789e+00 -3.43389094e-01 -2.81083941e-01
    8.15530062e-01 -5.11721134e-01 -5.68106174e-02 -5.71883798e-01
    1.08549726e+00 8.65458429e-01 -3.42551053e-01 1.63271046e+00
    1.69481611e+00 1.02776241e+00 -6.34482145e-01 5.91677845e-01
    1.36025214e+00 1.15892529e-01 1.00846708e+00 -5.26122570e-01
    1.12378716e+00 7.92202294e-01 -5.69975376e-01 1.52726889e+00
    6.43531621e-01 1.40313470e+00 -1.35710895e-01 3.70123506e-01
    1.46316409e-01 5.61940372e-01 1.22874618e+00 1.10185349e+00
    1.74541295e-01 2.42558420e-01 3.67297649e-01 1.43939805e+00
    7.06317008e-01 1.50880647e+00 1.27392054e+00 -3.46688837e-01
    1.60243225e+00 -6.90171599e-01 -1.96556807e-01 -6.38405144e-01
    1.99161232e-01 6.05736434e-01 2.95421481e-01 1.74680531e+00
    5.79522491e-01 2.60973811e-01 1.37531996e-01 7.54712939e-01
    1.34681880e+00 6.52127862e-02 1.04277873e+00 3.20326269e-01
    8.18262994e-01 6.32914782e-01 3.94909441e-01 -5.25582433e-01
    9.90311444e-01 1.14669847e+00 -4.16983455e-01 5.63141704e-02
    -9.73883271e-02 5.81406951e-02 1.65899348e+00 9.58764136e-01
    7.18395293e-01 3.07245851e-02 7.58752644e-01 3.06992948e-01
    -2.85051256e-01 -3.90194505e-01 -6.09518528e-01 4.23494756e-01
    1.31932688e+00 1.42489505e+00 1.54980445e+00 -3.63011479e-01
    1.75691795e+00 -6.44903421e-01 -4.82021213e-01 -3.38939369e-01
    5.20367324e-01 -5.56280255e-01 7.86318481e-01 1.59793377e-01
    7.64623344e-01 -7.40174890e-01 -7.94537663e-01 1.70661759e+00
    -8.18439305e-01 6.95109427e-01 1.06939626e+00 1.14361525e+00
    1.49147582e+00 6.31350100e-01 1.48394012e+00 8.81764770e-01
    1.32150233e-01 1.18121433e+00 5.70604682e-01 1.04823089e+00
    1.08322453e+00 8.84712338e-01 1.06450319e+00 1.26350904e+00
    2.51514912e-01 5.08104026e-01 -1.17536306e-01 -2.91356146e-01
    1.13295245e+00 5.33374846e-01 8.07905853e-01 1.05381894e+00
    -7.08381295e-01 -2.22435892e-01 -2.77731001e-01 1.28078890e+00
    6.01503313e-01 -4.22393471e-01 4.34691608e-01 5.12464046e-01
    -1.88227236e-01 1.28811336e+00 1.50266528e+00 5.83467185e-01
    1.26340318e+00 5.47752678e-01 4.05059636e-01 -6.12009168e-02
    9.95702684e-01 -5.03487349e-01 -5.81424534e-01 1.81721663e+00
    -6.43065095e-01 6.64901614e-01 -4.69198406e-01 1.55543530e+00
    1.64929748e-01 -6.95732653e-01 4.69728589e-01 4.19385016e-01
    8.83977771e-01 1.08099532e+00 -7.75472999e-01 1.41523576e+00
    1.71800923e+00 2.01289415e-01 1.31638110e-01 1.40879285e+00
    2.88613856e-01 1.19349515e+00 1.08416629e+00 1.03362465e+00
    5.10067582e-01 1.23712015e+00 -6.81136131e-01 5.42940021e-01
    1.55863595e+00 1.55809891e+00 7.70328939e-01 1.27809215e+00
    -6.08456790e-01 8.55063200e-01 -1.50215507e-01 1.33653855e+00
    6.42079592e-01 1.71798348e-01 7.59885311e-01 4.43095446e-01
    7.81546950e-01 1.93945050e-01 -3.54484111e-01 4.88370717e-01
    1.70328736e-01 6.97750449e-01 -3.40411276e-01 -7.62074530e-01
    4.88304734e-01 6.51942849e-01 -5.44336557e-01 -2.95586556e-01
    1.54967344e+00 4.50321972e-01 -4.20753211e-01 1.10817683e+00
    5.54270208e-01 1.82218981e+00 5.46041250e-01 3.35596979e-01
    -5.41022360e-01 1.16602802e+00 -1.92318976e-01 1.49375677e+00
    -8.21385562e-01 -1.18702650e-03 1.31263900e+00 9.75346923e-01
    -8.34376693e-01 1.05481017e+00 1.36940336e+00 1.27313232e+00
    1.60283422e+00 1.65608096e+00 2.91870058e-01 -5.60148776e-01
    -6.74479544e-01 1.20237303e+00 1.08196890e+00 -5.69278240e-01
    6.13237500e-01 2.76291788e-01 3.34757566e-01 -3.55915427e-02
    1.61237633e+00 5.62513173e-01 -1.70482457e-01 6.87819839e-01
    -4.43583995e-01 4.73721504e-01 5.40065169e-02 1.09094679e-01
    1.51809263e+00 -1.04323864e-01 3.16869199e-01 1.74928331e+00
    9.48985696e-01 1.71172738e-01 1.91514611e-01 -4.64434028e-02
    2.78725088e-01 9.43535388e-01 1.96038842e-01 3.57638896e-01
    -3.13997269e-04 8.08804691e-01 1.32071209e+00 1.32433796e+00
    4.27067876e-02 4.27133739e-01 1.60484481e+00 1.13099778e+00
    5.32149792e-01 1.00015306e+00 1.81150019e-01 3.13459486e-01
    2.98375905e-01 -2.77565539e-01 1.43764853e+00 1.44135058e+00
    1.32872868e+00 -6.07844651e-01 9.00992513e-01 -4.11767215e-01
    5.58045328e-01 6.56067908e-01 6.76612735e-01 7.34934509e-01
    -1.96696281e-01 1.42540073e+00 -2.36640096e-01 1.02855396e+00
    6.89435542e-01 1.35945725e+00 9.31807518e-01 3.89309049e-01
    1.64618063e+00 7.93175876e-01 -2.49077082e-02 1.20683718e+00
    -1.84384286e-01 1.36135745e+00 -2.91708350e-01 -5.76897264e-01
    1.27126527e+00 7.94449627e-01 -6.97734535e-01 1.27029943e+00
    -7.50966132e-01 5.56552351e-01 -5.50606966e-01 -6.03827477e-01
    1.05076492e+00 1.61697340e+00 -5.35191894e-01 -5.24852991e-01
    -5.11974573e-01 1.25317216e-01 1.12796140e+00 9.70441043e-01
    -7.16787219e-01 -5.48489213e-01 1.68052053e+00 2.80285358e-01
    -4.51188236e-01 1.74568033e+00 1.51698136e+00 1.50861311e+00
    1.81745374e+00 -3.48705232e-01 5.38957119e-01 5.69226503e-01
    1.75609589e+00 5.73932052e-01 3.52595091e-01 1.12980926e+00
    6.96112216e-01 7.36895859e-01 -3.21555078e-01 1.13219011e+00
    2.72752821e-01 2.80420303e-01 1.54886413e+00 3.12104881e-01
    1.56852126e-01 6.87655449e-01 2.26417363e-01 9.10046101e-02
    5.42197585e-01 1.23479295e+00 -5.20298779e-01 4.57652986e-01
    9.81691003e-01 -2.90690660e-01 4.26422656e-01 1.39232469e+00
    9.76983726e-01 1.70851886e-01 3.23661208e-01 -4.24459010e-01
    4.84560907e-01 9.16240871e-01 5.62556386e-02 -6.83613539e-01
    1.33358264e+00 1.31887317e+00 3.83162081e-01 5.51501036e-01
    -3.56582373e-01 1.25415516e+00 1.65455651e+00 2.28906155e-01
    1.19107044e+00 1.44975829e+00 1.36928630e+00 9.12184119e-02
    1.48001039e+00 5.89351594e-01 3.09809029e-01 -8.05233479e-01
    1.54848576e-01 -5.67490101e-01 1.64692235e+00 1.50921822e+00
    -1.58989489e-01 -1.39460027e-01 1.07642341e+00 -2.60287076e-01
    -2.08881736e-01 8.03198457e-01 1.11390841e+00 7.08195567e-01
    -3.78426850e-01 -2.78968811e-01 7.26323307e-01 -2.38782495e-01
    8.48484874e-01 1.26294792e+00 1.45765901e-01 6.31835163e-01
    7.18219161e-01 -3.07920158e-01 2.61306703e-01 1.62235737e+00
    -5.96933246e-01 1.27855444e+00 1.45238233e+00 -2.55708694e-02
    8.25020909e-01 -7.17762828e-01 2.48641670e-01 -2.92483449e-01
    1.55635881e+00 1.47815394e+00 -4.32884246e-01 -6.49929643e-01
    1.50307584e+00 6.86345041e-01 8.47074986e-02 5.22147954e-01
    7.90140629e-02 -1.27054393e-01 1.82271838e+00 -6.80348158e-01
    -1.88686252e-01 6.49112046e-01 -4.46511328e-01 1.04453754e+00
    -3.57229292e-01 1.50858951e+00 9.87870693e-02 -2.22610354e-01
    1.07433927e+00 -4.74165589e-01 -8.01496387e-01 8.37654829e-01
    1.66862464e+00 9.52782035e-01 -6.14166796e-01 -3.67957950e-02
    -3.95767212e-01 1.71176291e+00 -5.21095037e-01 -1.96025252e-01
    -4.68865782e-01 4.66977954e-01 -6.45659566e-01 -5.53291440e-01
    5.26371777e-01 -7.21431375e-02 6.87716305e-01 -7.79623330e-01
    1.71056414e+00 -6.22183084e-01 1.43723178e+00 4.01953995e-01
    1.55760956e+00 2.64621556e-01 1.71999764e+00 1.06855392e+00
    -2.41767406e-01 -2.66160190e-01 1.42891288e-01 1.11963367e+00
    9.15231287e-01 1.66679788e+00 1.06299877e+00 1.47895014e+00
    4.95742679e-01 -6.12716317e-01 -5.15376210e-01 3.43551695e-01
    -7.13840127e-02 1.25245643e+00 -7.32623279e-01 1.25590503e-01
    -7.76069999e-01 1.69789672e+00 5.94279706e-01 1.42688203e+00
    9.85862851e-01 7.87356079e-01 2.97463298e-01 7.25434661e-01
    1.04636121e+00 7.01155722e-01 8.64857972e-01 1.40247226e+00
    -2.30821133e-01 1.56393147e+00 1.08639050e+00 2.96788633e-01
    -5.37988245e-01 1.77754319e+00 2.37724185e-02 5.24322748e-01
    1.69784367e-01 1.10221672e+00 -7.13362515e-01 1.03077650e-01
    8.58705997e-01 -7.33440876e-01 -1.53754294e-01 -1.28091693e-01
    9.61125195e-01 -1.52860284e-01 1.58452845e+00 8.16708326e-01
    1.43721795e+00 2.31210947e-01 -2.28349984e-01 7.95751631e-01
    -4.48356807e-01 3.46315503e-02 -2.61129737e-02 1.64080560e-01
    8.24478090e-01 1.88345313e-02 1.44912791e+00 1.02386832e-01
    1.62021661e+00 2.28072584e-01 7.36335576e-01 1.14030063e-01
    -6.63013399e-01 1.23058009e+00 9.00711417e-02 -1.96381986e-01
    9.79884326e-01 4.69197750e-01 1.23921537e+00 1.63206136e+00
    1.55516714e-01 -8.69175196e-02 -3.54903013e-01 1.13494718e+00
    6.82040453e-01 6.99911356e-01 7.48234332e-01 1.86721563e-01
    9.84711170e-01 -5.36704302e-01 8.93997431e-01 -7.43204594e-01
    1.59107971e+00 1.32446241e+00 1.43830919e+00 5.10866880e-01
    3.39263201e-01 1.70969129e-01 7.12134600e-01 1.34816039e+00
    1.32218289e+00 -4.57499713e-01 -4.63240504e-01 1.59292936e-01
    1.37604046e+00 8.27646673e-01 1.19066811e+00 -5.90800583e-01
    -4.55906302e-01 7.82852829e-01 1.22209239e+00 3.69612694e-01
    9.74613786e-01 -5.45711935e-01 -1.71830893e-01 7.32895672e-01
    -2.48042464e-01 1.49624348e-02 -6.71501637e-01 1.16997790e+00
    1.59627521e+00 5.88780642e-02 -5.88901699e-01 1.42032695e+00
    8.44236195e-01 9.84728754e-01 -5.21254301e-01 1.37277770e+00
    7.69248784e-01 1.05545557e+00 1.19883811e+00 1.38130069e-01
    1.39688015e+00 2.26700127e-01 4.36838925e-01 1.55552387e-01
    -4.97166455e-01 1.60002482e+00 1.15053296e+00 1.06617951e+00
    1.55251980e+00 -5.83803058e-02 8.14496875e-01 3.44994068e-01
    2.54232168e-01 -3.94465089e-01 -3.99900466e-01 1.55151534e+00
    3.95929098e-01 1.71657741e+00 1.58594406e+00 7.79599011e-01
    3.29634011e-01 -2.79855907e-01 1.58733559e+00 9.43937659e-01
    1.20571256e+00 -4.06163931e-02 -6.47198677e-01 1.57657933e+00
    3.99568796e-01 1.24730325e+00 -9.94399786e-02 4.74917769e-01
    5.72898209e-01 1.39179265e+00 3.39742661e-01 9.83508527e-01
    -1.78454190e-01 -2.14099258e-01 9.25827324e-01 8.46511483e-01
    1.02196944e+00 -2.71941036e-01 9.60457742e-01 1.56919432e+00
    -5.86311340e-01 1.62355018e+00 1.44975841e+00 4.44720507e-01
    -5.97797632e-01 -5.29616833e-01 7.13268578e-01 4.49362695e-01
    8.60963106e-01 1.44812357e+00 -4.21083093e-01 -2.19215453e-01
    -2.36138701e-02 -5.94975710e-01 1.08456111e+00 7.44318664e-01
    1.11623335e+00 8.79072428e-01 -3.80148232e-01 1.59637475e+00
    1.70934618e+00 -5.87051153e-01 4.04027641e-01 -6.30750418e-01
    -4.35073256e-01 1.05281377e+00 1.70829999e+00 1.27902615e+00
    1.69551468e+00 -5.73121786e-01 -6.54595375e-01 2.82015800e-01
    -6.31309152e-02 1.41800785e+00 3.55590820e-01 4.74364161e-01
    -1.73230112e-01 -4.68674898e-02 1.87201738e-01 -5.81137300e-01
    1.23939729e+00 1.01239228e+00 7.73338735e-01 1.40289116e+00
    -5.30328393e-01 1.57847190e+00 1.18823361e+00 1.68775129e+00
    9.07953084e-01 3.55739415e-01 2.22659767e-01 1.55327260e+00
    -4.96419638e-01 1.40344834e+00 5.23232520e-01 1.50826490e+00
    -7.53754377e-02 1.13082957e+00 1.67761135e+00 1.11474931e-01
    2.02938318e-01 1.28709674e+00 1.10322046e+00 -3.86458039e-01
    -7.86155343e-01 1.89087868e-01 -1.08961821e-01 1.41397715e+00
    2.81620920e-01 -7.50770509e-01 -6.22912228e-01 1.69868422e+00
    -4.26802069e-01 1.31889462e-01 7.98722267e-01 8.05758953e-01
    -2.95531750e-03 8.29820216e-01 1.34063005e-01 9.82481837e-01
    9.97600734e-01 -1.55808508e-01 1.24226975e+00 2.22951829e-01
    1.12534094e+00 1.14966893e+00 1.19588757e+00 -6.74488544e-02
    -5.19626200e-01 1.62915421e+00 1.43935418e+00 8.94610286e-01
    3.57728481e-01 1.09890008e+00 9.41155851e-01 6.27466321e-01
    5.77724576e-02 -1.84672415e-01 -3.79211992e-01 1.14092231e+00
    3.95472884e-01 -3.84601623e-01 9.71780658e-01 1.77260101e-01
    1.33180380e+00 8.27865303e-01 -2.25970984e-01 -7.97138333e-01
    2.16940939e-01 9.82360840e-02 7.92509437e-01 1.15376854e+00
    5.69120109e-01 3.78785968e-01 -5.76044142e-01 1.53080153e+00
    -4.50017899e-01 1.18910325e+00 5.34621477e-02 -2.66729832e-01
    1.12582326e+00 8.02163482e-01 1.70056820e+00 -5.55904508e-02
    -5.97597837e-01 5.48205972e-01 -7.26027131e-01 -1.37810946e-01
    -4.58325684e-01 4.99310672e-01 1.02156973e+00 9.63052988e-01
    2.94771433e-01 8.62661779e-01 4.00900543e-01 1.25375795e+00
    1.17881179e+00 -1.16052508e-01 9.02434468e-01 1.45825088e-01
    7.85402715e-01 1.15123463e+00 -3.68110687e-01 -3.41019422e-01
    2.24378943e-01 1.90222931e+00 1.16124392e+00 1.30435157e+00
    -4.78245020e-02 -7.47343898e-02 -3.82322699e-01 1.39924777e+00
    1.64869547e+00 1.00837779e+00 -5.18310070e-02 1.60021508e+00
    1.36634707e+00 1.71625674e+00 -1.89734697e-01 -1.05740756e-01
    -6.90695047e-02 -1.07008994e-01 5.90223253e-01 1.56123924e+00
    -9.58370566e-02 1.00950086e+00 7.86632359e-01 -6.69488311e-02
    -2.56601930e-01 4.54605699e-01 5.95186651e-01 -5.62648058e-01
    8.13196123e-01 1.25343978e-01 9.81471062e-01 -1.07697487e-01
    3.53126526e-01 1.49476886e-01 4.12963033e-02 8.08214426e-01
    7.97724903e-01 -2.01642871e-01 1.46078455e+00 9.05487418e-01
    -8.07409286e-02 1.05800831e+00 4.15623546e-01 -5.90579450e-01
    2.04930842e-01 4.92512882e-01 1.17629838e+00 2.71569550e-01
    -1.54909492e-02 1.47918403e-01 1.74754763e+00 -2.08253622e-01
    1.38516974e+00 6.01234853e-01 2.87100255e-01 9.56901312e-01
    1.53651214e+00 6.09213352e-01 5.89533627e-01 1.41687393e+00
    9.76519763e-01 7.10143447e-02 7.51852393e-02 7.09299445e-02
    -3.79323721e-01 1.66752815e-01 3.13430011e-01 5.23059547e-01
    9.81239140e-01 -6.12667441e-01 8.52744579e-02 1.25081921e+00
    -5.17735839e-01 1.69421124e+00 2.87501037e-01 1.73430693e+00
    5.89981377e-01 9.13489938e-01 1.68507636e+00 6.56419992e-01
    1.47064507e+00 1.70496154e+00 -6.62942410e-01 1.04380083e+00
    -1.67547047e-01 1.39343178e+00 -5.95264435e-01 5.26794791e-01
    1.05002809e+00 1.25696290e+00 4.98928607e-01 -7.08887756e-01
    1.07296848e+00 -6.39501214e-01 -6.62938952e-02 3.05121362e-01
    3.15535843e-01 7.31405854e-01 -5.99399805e-01 -1.38660550e-01
    1.27694416e+00 9.04252887e-01 8.30655813e-01 1.04958630e+00
    -5.61627388e-01 7.65158772e-01 8.26173365e-01 7.10503876e-01
    -6.87225640e-01 -5.59884965e-01 -5.46041310e-01 1.08737254e+00
    -1.70433879e-01 2.59520829e-01 7.83590794e-01 -2.34577656e-02
    1.25935340e+00 2.26369083e-01 1.36640954e+00 -1.28226936e-01
    -5.31104743e-01 4.87229466e-01 -4.52152878e-01 9.32137728e-01
    -6.36826575e-01 -7.57331133e-01 9.28482592e-01 -1.99355185e-01
    1.61091113e+00 9.98215675e-01 -5.29594421e-01 9.77094591e-01
    1.43727040e+00 -3.77873898e-01 4.03490365e-01 1.09143555e-01
    1.77972388e+00 1.62846684e-01 -6.29191756e-01 8.21798623e-01
    2.93805361e-01 4.27883506e-01 1.26870561e+00 1.63986087e+00
    -7.50788748e-01 -5.87002873e-01 3.75201344e-01 1.67646348e+00
    6.21761322e-01 -1.65034354e-01 8.06019902e-01 8.52029145e-01
    -3.43007624e-01 4.15096164e-01 -6.32664442e-01 3.80945385e-01
    2.21672237e-01 -4.99500215e-01 8.10211897e-03 -2.67740756e-01
    1.41971755e+00 1.99002922e-01 -6.37633860e-01 -2.62387514e-01
    1.15989375e+00 -5.57585537e-01 7.17442989e-01 1.04706287e+00
    -1.31896198e-01 5.91664910e-01 4.32978332e-01 9.07079458e-01
    4.19848084e-01 1.70712626e+00 6.94398165e-01 -4.88097042e-01
    4.04625595e-01 1.36305618e+00 3.12532663e-01 1.16085601e+00
    1.12209010e+00 5.99958718e-01 6.63628101e-01 -1.46345019e-01
    -4.27096933e-01 -2.00677037e-01 1.06332266e+00 -3.90204102e-01
    1.56068325e-01 9.35998261e-01 -4.82721597e-01 7.79802263e-01
    1.53320372e+00 7.49941707e-01 3.83937776e-01 -2.23374963e-02
    1.41016150e+00 5.04289865e-01 1.29503536e+00 5.80657661e-01
    2.92073905e-01 8.55231285e-01 9.40427303e-01 5.80627680e-01
    1.00741959e+00 -1.37573719e-01 -5.45225322e-01 1.42075706e+00
    1.66445136e+00 1.12083232e+00 -8.09144974e-03 4.54362512e-01
    5.65284073e-01 4.84777153e-01 7.22402871e-01 1.32532048e+00
    8.03548574e-01 -7.13872969e-01 -3.04042459e-01 1.08345890e+00
    9.61415708e-01 1.09710109e+00 -1.88075304e-02 1.17047405e+00
    8.61312807e-01 -3.19175601e-01 1.54249859e+00 -6.57028556e-02
    -7.55615711e-01 7.84671009e-01 -6.32967353e-01 2.25769281e-01
    1.28914165e+00 -4.36250836e-01 1.36149192e+00 1.06068707e+00
    -2.19020307e-01 -3.21626842e-01 1.33877277e+00 5.15881717e-01
    7.40384042e-01 4.48129237e-01 6.82368279e-01 1.78534412e+00
    -1.14097655e-01 -5.41655421e-01 5.37203610e-01 1.74926877e+00
    1.68951046e+00 1.44349766e+00 2.86058784e-02 7.04869032e-02
    7.71065652e-01 -2.52502739e-01 6.68074310e-01 -4.08638716e-02
    3.81337047e-01 1.33390486e-01 -6.29936576e-01 1.01068914e-01
    1.02363169e-01 1.43825960e+00 2.87108541e-01 9.41652358e-01
    -3.79134178e-01 1.19400525e+00 1.35233402e-02 9.96613503e-02
    9.05179322e-01 -5.77103138e-01 1.24960589e+00 6.29793406e-01
    4.40938026e-01 2.59410620e-01 8.88261199e-01 3.09123278e-01
    1.05175793e+00 1.18101096e+00 1.66719604e+00 3.68635476e-01
    3.14498425e-01 -5.38236678e-01 1.00356638e+00 1.09189260e+00
    -3.52146327e-01 1.45164156e+00 7.79606462e-01 1.04569900e+00
    2.49783337e-01 1.19265139e-01 7.49844611e-01 1.09920788e+00
    -4.28946644e-01 -8.25865269e-02 4.33669686e-02 1.78586531e+00
    1.07922125e+00 -4.96099472e-01 4.11942601e-01 -7.60070860e-01
    -1.08175695e-01 1.55660462e+00 5.50142646e-01 1.64267302e+00
    1.49108553e+00 7.64967501e-01 -4.91136253e-01 4.97704208e-01
    1.72420692e+00 1.06522906e+00 -2.37508893e-01 1.70858133e+00
    4.56596017e-02 7.02546716e-01 9.74606276e-02 2.86602736e-01
    1.47616160e+00 1.85328364e-01 1.01019597e+00 3.65167081e-01
    2.17056572e-01 4.58350480e-01 7.90849864e-01 -1.57067299e-01
    2.21281826e-01 -6.42873406e-01 -3.81002188e-01 2.32772291e-01
    5.04100740e-01 1.48357630e+00 -5.44163525e-01 -6.53699994e-01
    7.82802582e-01 6.12440348e-01 -4.85328197e-01 4.01666999e-01
    1.09015822e+00 -3.24532777e-01 1.64385176e+00 6.44834459e-01
    -5.77735007e-01 1.57337236e+00 1.66102076e+00 6.21304154e-01
    1.17745996e-01 -5.15451908e-01 1.52574992e+00 9.98296738e-02
    3.62429738e-01 1.19071531e+00 2.46039629e-02 5.99413395e-01
    -1.40668392e-01 -3.13922495e-01 5.83864808e-01 6.60754621e-01
    9.52558637e-01 1.42239761e+00 6.10213280e-02 -1.48333669e-01
    7.92387187e-01 -3.39343607e-01 -4.61205930e-01 1.18944347e-01
    1.59400225e+00 3.44874740e-01 1.52694082e+00 -1.31132841e-01
    8.70053291e-01 1.37270188e+00 1.03453696e-01 4.81886268e-01
    5.95481515e-01 2.74597824e-01 -1.02032065e-01 3.89121711e-01
    1.05031407e+00 1.46015537e+00 5.65522850e-01 -4.68517721e-01
    -3.53782088e-01 1.76436162e+00 -3.81173074e-01 1.51048398e+00
    1.47463977e+00 9.99437988e-01 1.47104859e-02 -5.10123253e-01
    5.44808626e-01 9.53581274e-01 8.00174475e-03 1.08337498e+00
    1.74031138e+00 1.28317118e+00 -3.69130880e-01 1.62128222e+00
    1.11014962e+00 1.06780910e+00 5.82304597e-01 -1.04331851e-01
    1.36110497e+00 1.36521637e-01 1.68416286e+00 1.69524896e+00
    9.42320466e-01 6.18271112e-01 -2.48875618e-02 1.05542123e+00
    1.31328321e+00 1.54880953e+00 6.77456617e-01 1.40458512e+00
    5.60699284e-01 1.62120044e-01 1.27152348e+00 1.01097202e+00
    6.38537824e-01 -1.33910418e-01 1.34916246e+00 1.58838212e-01
    1.18606877e+00 9.55937684e-01 1.47546363e+00 6.69449985e-01
    7.22083092e-01 1.59447050e+00 -1.99968338e-01 1.52251124e+00
    1.71576095e+00 1.60562086e+00 8.75536501e-01 -3.40369374e-01
    3.41333091e-01 1.41738486e+00 1.62477422e+00 1.33629382e+00
    -7.03943968e-01 1.66264057e+00 1.29533017e+00 2.61236668e-01
    4.68063176e-01 -3.03295106e-01 6.79320097e-03 7.61669874e-01
    -3.15131545e-01 5.29296517e-01 7.49350905e-01 1.13656259e+00
    1.14238930e+00 1.67671108e+00 1.54867458e+00 1.18580699e+00
    6.31844580e-01 -5.77863574e-01 5.17652571e-01 2.83958912e-01
    -5.08447826e-01 6.99403107e-01 1.59258091e+00 3.55755746e-01
    -6.59966469e-01 -3.84103388e-01 2.66356528e-01 4.22512770e-01
    -6.20419860e-01 8.02635550e-01 7.94331014e-01 1.79610908e-01
    4.31185186e-01 1.76858211e+00 4.73515332e-01 8.63129556e-01
    1.02516055e+00 1.55726731e-01 -5.51688969e-01 1.78163481e+00
    -4.23785269e-01 4.49602067e-01 -3.21285486e-01 2.64654398e-01
    -7.92904913e-01 1.95167243e-01 8.60633731e-01 1.26237464e+00
    5.36738217e-01 1.72199130e+00 -5.96738696e-01 1.68481994e+00
    -5.32023609e-01 7.54651904e-01 1.06694984e+00 3.66589427e-01
    1.12900853e+00 -7.17271924e-01 1.43079329e+00 1.14163303e+00
    1.33402228e+00 5.77701807e-01 1.56492293e-01 1.28385067e-01
    5.01960635e-01 5.34616649e-01 3.64475250e-02 1.08907676e+00
    7.14632809e-01 1.37827063e+00 -8.22649181e-01 1.65069699e+00
    8.45865905e-01 1.59002566e+00 1.74742246e+00 1.38611746e+00
    4.76714969e-02 9.50256705e-01 5.17046928e-01 9.72267389e-02
    4.47283030e-01 -1.58814013e-01 1.74674010e+00 3.74620855e-01
    8.20342183e-01 7.19149768e-01 1.55604839e-01 2.39789605e-01
    1.54700828e+00 1.27538621e-01 -1.65197372e-01 3.53061378e-01
    1.24590635e+00 6.01330519e-01 6.14712238e-02 8.83003771e-01
    -5.39063752e-01 7.75958002e-01 1.64901316e+00 -7.15046763e-01
    6.50487959e-01 -7.81157196e-01 1.38889539e+00 1.07212138e+00
    -2.45015740e-01 -2.54019678e-01 1.19149804e-01 -3.76531810e-01
    8.27848673e-01 -5.29110789e-01 7.31361330e-01 3.71093333e-01
    6.32833540e-01 -1.30920649e-01 -2.19524682e-01 -1.68207586e-01
    1.59576964e+00 3.54175091e-01 -7.86252737e-01 1.24404097e+00
    1.17465472e+00 7.46185720e-01 -2.16540396e-01 1.07131267e+00
    -3.78923416e-02 -4.88083810e-01 1.27350712e+00 3.25538754e-01
    -4.44120109e-01 -4.34817165e-01 1.06119609e+00 1.11864090e+00
    -6.44358397e-02 -8.24277639e-01 4.50091183e-01 1.49527168e+00
    1.57865047e+00 -2.17453003e-01 3.18945646e-01 -6.20995283e-01
    2.83466697e-01 1.38017702e+00 -3.70960265e-01 -1.31156623e-01
    1.26636207e+00 5.78089595e-01 1.19838667e+00 -2.78240710e-01
    1.80692148e+00 1.11417532e-01 1.47066116e+00 7.19622374e-02
    -2.33257890e-01 -2.24720240e-02 -4.60788250e-01 -4.17880535e-01
    5.39920449e-01 2.28713751e-01 1.04242373e+00 -2.35586345e-01
    3.60807717e-01 2.23528743e-02 1.25224352e-01 1.01473308e+00
    1.27776635e+00 1.56475186e-01 -2.39782095e-01 -6.36217356e-01
    1.67054486e+00 5.78815162e-01 1.09217024e+00 -6.86972678e-01
    7.24820912e-01 -5.58108449e-01 8.37489486e-01 1.57725430e+00
    1.79334807e+00 -2.46065348e-01 -2.77278543e-01 -6.70661092e-01
    -6.00384235e-01 7.18274415e-01 -4.49679464e-01 1.29050636e+00
    1.08710647e+00 1.78074312e+00 1.06629848e-01 1.09136534e+00
    2.51647592e-01 -9.51921344e-02 5.39662600e-01 -1.01238787e-01
    1.14607167e+00 1.47548342e+00 1.11752570e-01 5.74668288e-01
    1.07796741e+00 9.41970170e-01 1.52805650e+00 -1.29964113e-01
    7.16700375e-01 1.64868164e+00 1.28893816e+00 1.73864067e+00
    6.39498234e-04 9.82011259e-01 3.40770543e-01 1.02477574e+00
    6.89078629e-01 5.77422857e-01 -1.70588732e-01 1.22638381e+00
    7.84332752e-01 4.88072634e-02 -3.24641913e-01 -7.73287296e-01
    -6.51999116e-02 -3.40913892e-01 1.17442429e+00 1.38537192e+00
    5.69841743e-01 8.37998271e-01 8.17756653e-01 1.56500077e+00
    6.11534715e-01 1.53384972e+00 -1.47986412e-01 4.31669295e-01
    9.45736408e-01 3.39868784e-01 1.34029019e+00 1.84643269e-02
    1.60451472e+00 1.69959879e+00 -1.51895761e-01 -6.65509224e-01
    2.27387547e-02 7.65484571e-01 -8.82385969e-02 -1.70118272e-01
    9.19599533e-01 7.52121091e-01 8.94873142e-02 1.27921629e+00
    3.50125074e-01 -2.85053194e-01 -6.67113304e-01 1.21168149e+00
    6.67372882e-01 -7.12185621e-01 3.02832127e-02 6.57261312e-01
    -6.94978237e-03 1.05562162e+00 5.63886762e-01 7.15582192e-01
    1.03269029e+00 1.20680547e+00 4.04699266e-01 1.40392423e+00
    1.45538127e+00 1.67237329e+00 1.01495504e+00 6.13090396e-01
    9.05256093e-01 -3.25127810e-01 7.11257458e-02 1.32705402e+00
    -4.56470340e-01 8.67525876e-01 8.45300615e-01 2.29983389e-01
    5.83342969e-01 1.21885550e+00 -7.97416031e-01 2.36744046e-01
    -1.62691236e-01 1.57503307e+00 1.65209246e+00 -2.67645895e-01
    1.46285367e+00 1.13118076e+00 -7.54929960e-01 9.54278052e-01
    4.33464050e-01 6.54952526e-01 6.59142256e-01 1.18316150e+00
    -1.02721870e-01 5.11972904e-02 -9.61858034e-03 1.58960044e+00
    1.62301040e+00 5.05941272e-01 1.45632029e-01 5.58463812e-01
    9.78537381e-01 1.39040494e+00 1.16164351e+00 3.75699461e-01
    -3.49025637e-01 -5.79091728e-01 7.42680371e-01 1.10890293e+00
    3.62449288e-01 1.51353908e+00 1.29291129e+00 1.73332381e+00
    -5.93372405e-01 -2.61802018e-01 1.40713143e+00 1.52902579e+00
    3.20667028e-01 6.53196692e-01 5.10624290e-01 8.70027542e-02
    -4.70862746e-01 9.68206882e-01 -2.70773858e-01 1.32818997e+00
    -1.16906822e-01 4.60458994e-02 3.30622554e-01 -2.71243036e-01
    -7.14974701e-01 4.49258089e-02 3.23579550e-01 -6.13404989e-01
    1.01814973e+00 9.96139944e-01 -1.28226578e-01 3.90964627e-01
    6.61440551e-01 1.51301038e+00 6.15764856e-02 -4.20159668e-01
    -5.73122263e-01 1.23185921e+00 -5.51394582e-01 9.41178322e-01
    -5.97883582e-01 1.63542867e-01 4.59039152e-01 9.67978179e-01
    1.17439568e+00 -2.61144638e-02 8.28805089e-01 -1.63358733e-01
    1.07397008e+00 1.40506148e+00 1.68178034e+00 1.40722978e+00
    1.06115615e+00 -4.25984621e-01 -1.27505839e-01 8.75507593e-02
    3.87516022e-02 1.26131952e-01 1.43815160e+00 1.72889805e+00
    1.03350115e+00 1.32556915e+00 3.91260087e-01 6.56732440e-01
    6.96071982e-01 6.37729764e-01 1.09110177e-01 1.50936520e+00
    1.00822806e+00 4.80903149e-01 1.60138392e+00 7.14033246e-02
    1.12646616e+00 5.55601597e-01 3.69601369e-01 1.22004414e+00
    9.77055728e-01 1.27849853e+00 7.30546951e-01 4.63866472e-01
    -6.50343299e-01 -1.21275604e-01 1.45719504e+00 1.21302390e+00
    4.15830314e-01 6.54499590e-01 4.91052091e-01 5.87846100e-01
    -6.66573822e-01 2.40668595e-01 6.87218368e-01 1.39440894e+00
    -6.14695251e-01 -3.05903554e-02 -6.34439707e-01 1.48459291e+00
    2.98737288e-01 8.86418760e-01 -1.12707436e-01 1.62807560e+00
    1.71445906e+00 1.24903643e+00 1.37230587e+00 1.58796799e+00
    -3.51109594e-01 -2.46458709e-01 1.07684815e+00 3.36143970e-02
    -4.80071276e-01 1.47543573e+00 -2.39542723e-02 5.68896174e-01
    7.92654037e-01 3.11312675e-01 5.46913862e-01 -2.44390130e-01
    6.63644373e-01 2.52097905e-01 -2.11152852e-01 1.67584944e+00
    8.09897125e-01 -2.82410562e-01 -2.88026571e-01 1.69047904e+00
    1.09813952e+00 -5.63907385e-01 1.61503124e+00 -2.92956084e-01
    -6.71260118e-01 1.54689586e+00 -2.23680258e-01 1.12851715e+00
    -7.08861351e-01 -4.16601479e-01 3.48269939e-03 -2.32344598e-01
    1.04669166e+00 1.62212682e+00 -3.90999198e-01 1.43961883e+00
    -9.79610085e-02 1.46546006e+00 -5.95877290e-01 3.21637511e-01
    9.51579988e-01 1.03145838e-01 -5.20086527e-01 5.65396369e-01
    9.91230845e-01 3.19761634e-01 1.71831572e+00 6.14439070e-01
    -7.40334392e-01 1.22705877e+00 -4.92029250e-01 1.49063921e+00
    1.64361334e+00 1.19139850e-01 1.11006320e-01 -8.90273452e-02
    6.87700927e-01 -2.25814641e-01 7.51852274e-01 1.27162719e+00
    1.10276747e+00 1.23925018e+00 2.14957237e-01 7.91241527e-02
    9.28587377e-01 8.48427534e-01 1.16915965e+00 -2.16252923e-01
    1.47935355e+00 1.03365159e+00 8.99866164e-01 1.25165081e+00
    -6.87891901e-01 -5.03612161e-01 1.13032770e+00 3.63636136e-01
    -7.01625109e-01 -3.39609623e-01 9.96650577e-01 -5.79615116e-01
    6.01596773e-01 1.06345594e-01 2.51450002e-01 6.69539571e-02
    1.18692231e+00 6.33932948e-02 8.05755854e-01 -4.81312394e-01
    -7.38347709e-01 3.73789787e-01 1.14385247e-01 1.53240955e+00
    1.12547779e+00 7.06636012e-01 1.57734525e+00 2.67337978e-01
    -6.46834016e-01 9.14866924e-02 9.46462393e-01 3.93496335e-01
    -6.81957662e-01 -1.86194181e-01 4.87231493e-01 9.09025431e-01
    1.48293829e+00 1.06708550e+00 6.61798537e-01 -2.37057209e-02
    1.10260963e+00 4.15170312e-01 3.95352244e-01 1.08141196e+00
    1.51243997e+00 1.36452532e+00 6.72254324e-01 -6.73664212e-02
    1.20165706e+00 3.38365853e-01 -7.03449845e-01 -4.07626927e-01
    7.98920929e-01 2.31742859e-02 5.62969983e-01 -3.59698385e-01
    1.68676496e+00 -5.80733240e-01 5.33148944e-01 2.97779322e-01
    -7.80477464e-01 7.30515838e-01 1.02859759e+00 -3.01650107e-01
    -4.50131893e-02 1.45539880e+00 2.25887060e-01 1.69605875e+00
    7.46884942e-02 -1.72330499e-01 1.34628296e-01 5.10999262e-01
    -6.23416424e-01 8.26774001e-01 8.30086291e-01 6.00991428e-01
    -8.82335901e-02 6.33099020e-01 2.58134961e-01 9.95982051e-01
    -2.15493619e-01 2.51729429e-01 1.44687867e+00 1.19416547e+00
    1.76484942e+00 9.08957362e-01 1.30452359e+00 1.13030386e+00
    -6.62372589e-01 -1.78531170e-01 5.28763533e-01 -5.55850506e-01
    6.52449489e-01 5.12280166e-01 -6.53271079e-01 1.14948499e+00
    9.80191648e-01 4.98769224e-01 1.60968304e-03 -5.55741787e-02
    -6.97553217e-01 5.62731206e-01 7.43554056e-01 -2.65882015e-02
    1.10895813e-01 6.36543274e-01 3.71211350e-01 -4.79136944e-01
    2.09969819e-01 6.14237547e-01 1.23834729e+00 1.72457790e+00
    9.12588418e-01 -7.43933320e-01 1.70720100e+00 -5.96350729e-01
    1.07882917e+00 -4.74963754e-01 1.54414296e-01 1.24073362e+00
    8.04564118e-01 2.93876946e-01 3.27807665e-01 -4.56261218e-01
    -2.88367867e-01 1.67856991e+00 8.40098977e-01 1.66482830e+00
    -2.82846361e-01 -5.05071223e-01 2.05754590e+00 -1.59212813e-01
    1.49800694e+00 1.53351462e+00 8.15027058e-01 9.43208873e-01
    1.35955989e-01 4.30565774e-01 1.78964710e+00 -4.19316679e-01
    2.68926680e-01 5.94825089e-01 1.52288795e+00 1.20393085e+00
    1.38482523e+00 -2.67454088e-01 1.69934082e+00 1.02387094e+00
    8.46193850e-01 1.20250344e-01 5.34585357e-01 1.26317632e+00
    -6.35134578e-01 -1.88694179e-01 -2.57084727e-01 1.43192410e-01
    1.11299169e+00 -3.08778286e-02 1.45277143e+00 6.04032278e-01
    -6.84186935e-01 -2.81300426e-01 1.65722513e+00 -1.44757450e-01
    -2.39927173e-01 -5.95641136e-02 7.85452545e-01 1.58310509e+00
    1.03973985e+00 2.17695236e-02 6.61404967e-01 6.05662465e-01
    1.52272654e+00 7.29804099e-01 -4.37960267e-01 1.41983891e+00
    7.57761478e-01 -4.31889772e-01 1.07397223e+00 9.49655592e-01
    -2.96254158e-01 1.88346279e+00 -2.40569681e-01 1.27054632e+00
    -7.05283701e-01 1.74779654e+00 1.10115910e+00 1.12155509e+00
    2.03532338e-01 -3.27858835e-01 -3.80492866e-01 1.23196220e+00
    9.47590470e-02 -4.47178841e-01 5.86628318e-01 1.26562119e-01
    6.60796583e-01 -4.94487286e-02 7.60781944e-01 -1.37946606e-02
    1.14697742e+00 5.22140801e-01 -7.37159550e-01 -2.94857025e-02
    1.23265553e+00 1.54838240e+00 -1.36973083e-01 4.00804341e-01
    6.65169239e-01 -6.22891605e-01 1.63571858e+00 7.74084330e-01
    1.79681444e+00 -5.81245124e-01 -8.08387935e-01 2.62504876e-01
    1.26735997e+00 1.75736785e+00 3.77592564e-01 -5.72680235e-01
    -9.47028399e-02 -6.30953074e-01 9.95589733e-01 1.68109083e+00
    1.13093185e+00 1.02652955e+00 -3.05747032e-01 -2.99424589e-01
    -4.13261443e-01 2.98312902e-02 -1.40110850e-02 -5.50505996e-01
    3.23414624e-01 1.47417641e+00 5.80575347e-01 -1.64449215e-04
    9.53916788e-01 -7.48554349e-01 9.34325814e-01 -7.08862305e-01
    -1.60486519e-01 -3.99889559e-01 3.85620594e-02 1.33845460e+00
    -3.53756785e-01 -5.18703341e-01 1.31965351e+00 4.67402160e-01
    3.74996901e-01 5.30819118e-01 1.41814375e+00 -3.53580713e-03
    1.46152627e+00 3.54867816e-01 -2.19739020e-01 -2.70129889e-01
    1.47937775e-01 -6.23594940e-01 8.60976875e-01 -3.82708758e-01
    8.01656365e-01 -5.61221838e-02 -1.86355889e-01 5.57375610e-01
    1.02227902e+00 -4.32307094e-01 1.41235375e+00 1.01429975e+00
    1.51486754e+00 -7.84670472e-01 -6.22197092e-01 6.82404101e-01
    -1.84098303e-01 5.75883329e-01 -3.74562383e-01 6.42987072e-01
    1.39889479e+00 1.39627337e+00 4.42031682e-01 2.36899614e-01
    6.24400675e-01 5.32593727e-01 1.39721990e+00 -5.01434445e-01
    4.95804429e-01 2.30915487e-01 -2.23142266e-01 1.56022310e-01
    -3.52609247e-01 9.55054939e-01 1.40635753e+00 -1.94097638e-01
    3.94397020e-01 3.54655504e-01 -3.91524613e-01 -7.97470391e-01
    1.15215933e+00 1.00097299e+00 -5.91537952e-01 1.35493815e+00
    5.63709557e-01 -2.94013083e-01 1.63512111e-01 3.34818363e-02
    1.35891962e+00 6.31702363e-01 7.17530251e-02 2.89722979e-01
    7.74783969e-01 1.66722608e+00 -1.49839163e-01 1.28899407e+00
    -6.70967817e-01 7.58499324e-01 1.20243812e+00 1.33978724e+00
    8.52859080e-01 4.09012675e-01 -5.60052335e-01 1.30884337e+00
    2.09782422e-01 1.26384842e+00 1.40782619e+00 -1.05828762e-01
    -3.34332824e-01 3.95962179e-01 4.52784002e-01 1.37604487e+00
    1.24458885e+00 7.98134863e-01 5.64529598e-01 -6.04229867e-01
    -1.68475449e-01 -1.00072086e-01 -1.65503919e-01 1.62728548e-01
    5.85289955e-01 -4.79457438e-01 -1.24822736e-01 -1.30672276e-01
    -2.46028125e-01 7.46959150e-01 6.15931690e-01 1.60464799e+00
    6.27026558e-01 -2.43527949e-01 8.37089002e-01 1.68211126e+00
    1.15309060e-01 -5.98336220e-01 1.07218444e+00 2.80500233e-01
    1.28791189e+00 1.18876171e+00 8.06206048e-01 -5.19539118e-02
    7.23385572e-01 -2.28154868e-01 3.19336355e-01 7.73597896e-01
    4.44943607e-01 2.57167459e-01 5.23972273e-01 -1.87658668e-01
    5.80442548e-02 6.76886439e-01 1.26239228e+00 9.58529294e-01
    -4.53153044e-01 1.28097057e+00 3.39078605e-01 7.36398101e-02
    -5.29080033e-01 8.76919985e-01 -5.28212428e-01 1.42345572e+00
    -1.45017028e-01 -5.33392847e-01 4.88462448e-01 1.16184545e+00
    1.48477268e+00 1.04003787e+00 5.62345147e-01 6.78455234e-02
    1.82849443e+00 1.76182127e+00 -3.82801801e-01 -2.44749874e-01
    1.27869058e+00 2.80420661e-01 -5.55595219e-01 1.16420090e-01
    1.26805186e+00 8.71237218e-01 1.09419751e+00 -4.55591410e-01
    7.03044653e-01 6.02864623e-02 1.27610326e+00 -1.36800349e-01
    5.18953502e-01 1.07050872e+00 -1.72232568e-01 1.23012400e+00
    1.55110955e+00 -4.37434644e-01 3.96877408e-01 5.59250474e-01
    -1.34316146e-01 5.79584599e-01 1.54238892e+00 6.60936415e-01
    5.97326517e-01 6.13899350e-01 4.20759380e-01 2.07635403e-01
    1.35760546e+00 1.17858112e+00 1.03465891e+00 8.68029594e-02
    -8.31112504e-01 1.47045374e+00 1.75278568e+00 -2.26441741e-01
    3.39993715e-01 -7.27664351e-01 9.58176613e-01 1.85953665e+00
    1.13879347e+00 -7.16131806e-01 6.85591459e-01 5.44088662e-01
    -3.37354004e-01 1.14210463e+00 3.04761767e-01 -2.49845862e-01
    1.81724536e+00 9.86323655e-01 8.14191639e-01 -7.16388226e-01
    -4.99916703e-01 1.05223835e+00 -2.25335717e-01 -3.41409802e-01
    -3.46971720e-01 -2.23108441e-01 1.59572899e-01 1.03487682e+00
    2.31134415e-01 -4.64899600e-01 -3.87128294e-01 9.10227358e-01
    -2.85651833e-01 -9.84271765e-02 6.71107471e-01 9.24717546e-01
    1.75411129e+00 7.71462023e-01 1.47908974e+00 -8.29764605e-02
    5.68127453e-01 6.53290272e-01 1.28880024e-01 -4.18344021e-01
    1.50337029e+00 1.62284040e+00 -1.04337454e-01 -6.11554682e-01
    1.51769745e+00 -4.28826898e-01 1.06984186e+00 7.44233727e-01
    1.69015539e+00 1.57620978e+00 -2.37454116e-01 1.02766478e+00
    1.61719513e+00 3.45282197e-01 -6.92438304e-01 8.85395586e-01
    1.20421588e-01 1.12556088e+00 1.33292282e+00 -4.94885296e-01
    1.18393648e+00 1.36167943e+00 7.12467909e-01 1.06874502e+00
    6.24213815e-01 6.17361248e-01 5.13239443e-01 4.99623179e-01
    -4.69859600e-01 1.45284283e+00 9.48178470e-01 8.68181825e-01
    5.94106913e-01 1.71658695e-01 1.22858357e+00 8.11435580e-02
    1.47272539e+00 3.97675872e-01 -1.14930570e-01 1.54035485e+00
    -6.23937607e-01 8.60509038e-01 -4.99659717e-01 6.82621062e-01
    2.78933644e-01 1.48014498e+00 -1.01190984e-01 -2.77013928e-01
    6.60587847e-01 3.49804759e-02 2.16185093e-01 8.50695372e-03
    8.99043858e-01 1.71821141e+00 3.05623472e-01 3.51196110e-01
    8.41999114e-01 -5.82316518e-02 1.28479719e+00 -6.60022974e-01
    1.59943938e+00 1.40998030e+00 -2.97021449e-01 1.12786710e+00
    3.34235489e-01 1.31262469e+00 5.49678028e-01 -4.13437188e-01
    1.14996147e+00 -5.23843408e-01 -2.35511720e-01 1.62972093e+00
    2.93469608e-01 6.24765813e-01 1.05614614e+00 9.07587349e-01
    1.28594446e+00 -5.15503228e-01 1.51252770e+00 6.59859896e-01
    -5.11434317e-01 -6.90159500e-01 3.29680800e-01 -1.46323383e-01
    -4.25170481e-01 7.94987679e-02 1.13161385e+00 7.55115449e-01
    8.84118497e-01 2.27079570e-01 1.30399323e+00 -5.88158011e-01
    -1.29824102e-01 4.67732847e-01 5.07264793e-01 -2.57069349e-01
    9.94241893e-01 -8.12622905e-02 -1.16309822e-01 5.68626165e-01
    7.69234002e-01 -7.39481747e-01 3.47151637e-01 5.99289834e-01
    1.61727786e+00 6.45931900e-01 -6.12069368e-02 4.77533340e-01
    1.59664631e+00 4.08032238e-01 -4.25640225e-01 1.11746609e-01
    5.59210658e-01 1.31988597e+00 -9.84168053e-02 -4.15310562e-01
    5.61711609e-01 1.54115367e+00 9.26770449e-01 -2.54407734e-01
    -4.61636901e-01 1.47549510e+00 1.07311249e-01 -4.28114355e-01
    1.36741972e+00 1.20406079e+00 1.14971471e+00 7.12065935e-01
    7.66491890e-02 -6.28142059e-01 1.59149766e+00 1.24905682e+00
    -3.65960538e-01 -1.11372530e-01 1.03520453e-01 5.56864440e-01
    -7.52112985e-01 -4.31780040e-01 2.91307092e-01 3.83204579e-01
    2.73009419e-01 -2.53878057e-01 1.12653458e+00 -7.50792265e-01
    8.85373592e-01 1.26687551e+00 1.55599296e-01 8.19796324e-02
    5.26661396e-01 -1.59312040e-01 1.00281119e+00 4.02802944e-01
    -3.80645752e-01 1.06131124e+00 6.94211841e-01 -1.59565508e-01
    2.32518613e-01 1.25799966e+00 2.40845442e-01 9.71648157e-01
    -5.12288153e-01 3.22969079e-01 -3.39407057e-01 2.79489636e-01
    1.82202518e+00 6.16859913e-01 1.04023683e+00 -3.79393011e-01
    -1.59455895e-01 1.43368840e+00 -2.49346256e-01 1.42164803e+00
    9.16078091e-01 1.55110383e+00 -8.42871070e-02 -6.23877287e-01
    5.40677905e-02 -5.28997183e-02 3.85349870e-01 -1.66397348e-01
    1.15988636e+00 1.76440454e+00 3.41493964e-01 8.96687806e-01
    -1.71198368e-01 1.59446001e-01 -7.30945945e-01 1.49952435e+00
    8.44734490e-01 -1.40792966e-01 -6.79978311e-01 -1.18031025e-01
    -9.07228053e-01 5.58508396e-01 3.95752788e-01 4.15833771e-01
    1.21774971e+00 1.78914309e-01 8.78443003e-01 7.42049336e-01
    -6.90708458e-01 -7.46607184e-01 -3.97026837e-01 1.34645987e+00
    6.42614424e-01 9.85223114e-01 9.87179637e-01 -3.97769570e-01
    -6.86444700e-01 1.22601724e+00 -2.16099203e-01 1.57883763e+00
    1.19621217e-01 9.26226497e-01 1.00544989e-01 3.38247120e-01
    -1.93734169e-01 -5.84337711e-01 -2.68924236e-01 1.52185559e+00
    1.33420038e+00 1.56057787e+00 2.76341021e-01 8.00265551e-01
    -3.97486836e-01 -2.27960914e-01 -3.87546331e-01 6.27928257e-01
    9.49166715e-01 -6.29944026e-01 1.31309175e+00 2.85404563e-01
    -7.05587089e-01 5.97272158e-01 7.42276311e-01 3.56771410e-01
    1.71129012e+00 -5.75407743e-02 -7.71774054e-02 -1.51694745e-01
    5.47786593e-01 1.03746891e-01 -5.67535758e-02 5.89660048e-01
    4.42235768e-01 1.64050341e+00 -9.78817940e-02 1.50615001e+00
    1.00460720e+00 -6.26515925e-01 -1.56761587e-01 2.71670818e-01
    4.13040519e-01 1.18493378e+00 -3.10820341e-02 1.41053486e+00
    2.72122145e-01 4.80062127e-01 1.17772198e+00 6.82493508e-01
    6.20516360e-01 4.66850519e-01 8.65654230e-01 1.22215104e+00
    1.19943547e+00 7.81415105e-02 1.21178925e+00 3.60461533e-01
    -6.66201353e-01 4.07624006e-01 5.40983677e-03 6.86699808e-01
    1.21722221e+00 -6.66085362e-01 1.75850809e+00 9.04882312e-01
    1.39420414e+00 -1.91840887e-01 1.60581350e+00 1.13233781e+00
    6.26252294e-02 8.87832046e-02 -7.54993916e-01 -3.44102383e-01
    -4.90481883e-01 2.30975926e-01 2.85860062e-01 1.87061429e-02
    1.51537859e+00 -7.85513341e-01 -2.13677227e-01 5.51004767e-01
    1.19478381e+00 1.37903380e+00 7.81279504e-01 8.81834924e-01
    -5.31143546e-02 1.33574128e+00 6.91276014e-01 1.11938536e+00
    -5.36994338e-01 1.53083742e+00 5.35096943e-01 9.77177382e-01
    6.95262671e-01 8.91497910e-01 2.12953925e-01 -1.78025603e-01
    6.65875673e-02 -2.78611600e-01 1.48863578e+00 -5.36568761e-01
    4.08618450e-01 2.36390471e-01 -5.25498390e-02 3.90276015e-01
    3.73623788e-01 1.38357854e+00 -3.61861140e-01 6.46712184e-01
    -5.65618455e-01 1.00233233e+00 8.92955124e-01 2.43997574e-03
    1.32296121e+00 9.69758093e-01 4.61352885e-01 6.84777558e-01
    9.68871653e-01 1.56510496e+00 1.39464486e+00 1.37285113e+00
    1.42502820e+00 5.76748312e-01 -5.73927581e-01 1.52068639e+00
    5.00000000e-01 -6.69432163e-01 8.66659343e-01 1.39706492e+00
    2.07227409e-01 6.42967343e-01 4.12072301e-01 1.06936574e+00
    8.68929029e-02 1.01179326e+00 1.21380091e+00 1.42870724e-01
    2.48068452e-01 6.63432777e-01 5.26065469e-01 -4.42106307e-01
    -6.74112916e-01 -9.29974914e-02 2.48807311e-01 1.01328015e-01
    8.77352536e-01 1.81055689e+00 2.33263969e-01 3.31133902e-01
    -6.67267263e-01 -6.75448537e-01 -2.96633542e-01 8.68722379e-01
    1.68725252e+00 5.48237622e-01 1.40477633e+00 2.78389394e-01
    2.47051835e-01 -7.64694631e-01 1.18667257e+00 1.76638055e+00
    -4.78490949e-01 1.12116933e-02 -5.52289009e-01 4.74286079e-02
    6.91529512e-02 5.28859735e-01 1.22407889e+00 4.70996618e-01
    -2.99496949e-01 -1.46992922e-01 1.13359427e+00 1.61447978e+00
    3.23021889e-01 -1.15743041e-01 -5.12330234e-01 1.63974011e+00
    8.84126425e-01 -2.09418476e-01 -5.48903227e-01 7.43559361e-01
    6.36181414e-01 2.69115210e-01 3.54864120e-01 1.23903739e+00
    3.39090228e-01 9.10408974e-01 -2.38355994e-02 1.30617881e+00
    1.42130136e+00 1.09120703e+00 7.47062206e-01 -2.52754986e-01
    3.65005970e-01 1.22061789e-01 1.30577826e+00 8.40737462e-01
    -1.02007389e-03 8.35293412e-01 1.19183230e+00 6.15774930e-01
    1.67963123e+00 3.95181060e-01 -5.82561493e-01 2.66095638e-01
    -1.27121091e-01 -5.16507626e-02 -2.35388190e-01 1.54374993e+00
    6.39228046e-01 5.40077627e-01 1.16849685e+00 -4.79823947e-02
    6.52127743e-01 1.34425545e+00 7.85820723e-01 2.30487943e-01
    1.59196675e-01 6.40417218e-01 1.59873819e+00 9.30534363e-01
    -2.60534048e-01 -3.54699016e-01 1.53921974e+00 1.33902848e-01
    1.85462642e+00 3.62417459e-01 1.09222782e+00 -7.74243593e-01
    1.28627431e+00 -2.56153464e-01 1.25564730e+00 -2.31598258e-01
    4.13515985e-01 4.16188538e-01 1.35807467e+00 1.41801167e+00
    1.20644534e+00 -6.46727562e-01 4.58506286e-01 1.51422882e+00
    -7.02981353e-01 6.59573853e-01 -1.34521961e-01 1.37214279e+00
    6.86778247e-01 -4.11366314e-01 5.35539329e-01 -5.79257548e-01
    8.86527479e-01 1.41835475e+00 -8.52293372e-02 1.09912252e+00
    -2.70486772e-01 -4.67097610e-01 -6.21489227e-01 2.36827195e-01
    4.82902825e-01 1.90055728e-01 7.46811867e-01 1.25376153e+00
    -7.26412833e-01 3.69315505e-01 8.77163768e-01 -4.10897911e-01
    -5.57417750e-01 -2.31901944e-01 6.65602148e-01 1.46133578e+00
    8.62620234e-01 1.80595660e+00 1.17165327e-01 -8.23802948e-02
    -2.41746455e-01 -5.71543992e-01 3.21439385e-01 -1.94487154e-01
    3.52054179e-01 1.60715222e+00 5.74265003e-01 -2.39549041e-01
    1.28975451e+00 5.87245464e-01 -4.05929863e-01 1.73766708e+00
    -5.91638088e-01 2.04015732e-01 5.57260752e-01 6.00904703e-01
    -4.88069594e-01 -3.77114952e-01 7.90440798e-01 6.63231015e-01
    -7.14427233e-03 1.16588163e+00 8.58387411e-01 1.34386039e+00
    7.87755609e-01 1.14825749e+00 -1.98163927e-01 -5.89090526e-01
    -3.13877821e-01 9.28450406e-01 -6.57847285e-01 -1.75384879e-02
    1.18632913e+00 -2.13534296e-01 1.61407304e+00 3.68612528e-01
    1.36986041e+00 3.71076763e-01 -2.29683459e-01 9.96496677e-01
    5.84227204e-01 1.54737759e+00 -6.75678611e-01 -1.08202040e-01
    1.04062033e+00 -1.91896021e-01 -6.12183511e-01 8.89217198e-01
    -6.76803648e-01 1.61738825e+00 1.32538199e+00 4.88931894e-01
    1.27155566e+00 3.86058807e-01 1.76707506e+00 1.72548008e+00
    1.41557384e+00 -7.59337425e-01 -8.95503759e-02 1.62773204e+00
    1.32351768e+00 5.40171862e-01 2.51884758e-01 1.44178784e+00
    9.04219747e-01 8.22655618e-01 1.03533506e+00 5.99487185e-01
    4.20484900e-01 -7.20321059e-01 -2.75806785e-02 5.37468195e-01
    7.49177337e-01 1.10682118e+00 4.63382602e-02 3.41759562e-01
    -6.91911578e-02 -3.77477169e-01 1.88681602e+00 -6.73976958e-01
    1.46780610e-01 1.29993916e+00 4.57617819e-01 4.95154321e-01
    4.96082127e-01 1.40665412e-01 1.11023474e+00 2.89573908e-01
    8.88722539e-01 -7.65298009e-02 -4.19192970e-01 -6.98539793e-01
    1.64268649e+00 1.76268196e+00 4.26479995e-01 1.32225800e+00
    1.22889471e+00 -1.97368503e-01 4.28271651e-01 -1.80108905e-01
    4.99284863e-01 1.41184211e+00 -8.93398106e-01 1.65846682e+00
    2.80388594e-02 -6.93555355e-01 9.01622295e-01 1.71846092e-01
    1.31223702e+00 6.48652792e-01 -3.36552262e-01 -7.53299713e-01
    1.13880420e+00 1.68969572e+00 6.38882637e-01 -1.03304029e-01
    -1.31876707e-01 6.85550690e-01 1.41539812e+00 5.58384180e-01
    6.15446568e-01 5.25122404e-01 9.17214990e-01 1.85200346e+00
    -8.49044919e-02 1.63228369e+00 3.23430598e-01 1.41002536e+00
    -2.04898000e-01 1.72695446e+00 -4.70147341e-01 6.69837534e-01
    5.86197972e-02 2.13221252e-01 1.32788897e+00 6.22110963e-01
    7.83115327e-01 -6.41201735e-02 1.18427420e+00 2.13305056e-01
    9.97320473e-01 -5.03642917e-01 3.37917864e-01 3.13356519e-02
    9.61404741e-01 1.13608921e+00 3.50410283e-01 1.47076440e+00
    5.52394390e-01 1.09992921e+00 5.72582126e-01 -3.27656090e-01
    1.36282682e-01 -2.22994447e-01 -3.84020716e-01 1.44769716e+00
    6.75891519e-01 8.50539446e-01 4.43296373e-01 7.10107982e-01
    1.14831734e+00 1.77253342e+00 9.56270695e-01 -1.92902088e-02
    -6.09051704e-01 7.76166737e-01 -1.11919641e-03 9.56306100e-01
    6.95053220e-01 1.38218403e-01 1.51141262e+00 -3.87375712e-01
    1.62371612e+00 -8.40488493e-01 -2.46192694e-01 5.68413734e-03
    8.71067464e-01 1.41195750e+00 9.58852112e-01 1.83916032e-01
    -2.71521896e-01 1.76106596e+00 -6.44606650e-01 1.15292120e+00
    1.33263469e+00 7.02078998e-01 -4.83938903e-01 1.39970589e+00
    -1.93807900e-01 4.07991648e-01 -4.82054919e-01 -3.11806351e-01
    8.51101160e-01 2.09933519e-02 1.31402397e+00 8.85247290e-01
    7.14141130e-02 -7.07921684e-01 1.18859756e+00 1.54928076e+00
    1.10107350e+00 -4.40918297e-01 1.05472898e+00 6.92615986e-01
    -1.57620788e-01 -8.56066346e-02 3.08008015e-01 1.15953863e-01
    7.70514965e-01 1.24966598e+00 -3.95650268e-02 6.70983076e-01
    1.58113742e+00 1.68825150e+00 1.07491732e-01 -5.17049253e-01
    4.05421555e-01 1.16729164e+00 1.14446449e+00 1.67802525e+00
    8.01578879e-01 6.60402894e-01 6.78860247e-01 -1.37549102e-01
    1.11492062e+00 -5.07783890e-03 2.07458794e-01 1.29734397e+00
    1.30688727e-01 1.25947881e+00 9.67761457e-01 1.40308213e+00
    1.32331896e+00 1.30040514e+00 1.65677476e+00 -6.30792975e-02
    1.00302744e+00 3.38798702e-01 1.62016571e-01 1.49198687e+00
    1.40915775e+00 1.69133759e+00 1.42617083e+00 2.24675238e-01
    8.79419744e-01 9.93997455e-02 8.27247143e-01 -6.19375229e-01
    -4.88169789e-02 1.75545084e+00 -4.37155694e-01 2.10607886e-01
    7.69198537e-02 -1.36630774e-01 -2.21760124e-01 -4.42515552e-01
    1.60846055e+00 4.33945358e-01 7.31146753e-01 7.08915591e-02
    2.38581777e-01 -3.03130984e-01 2.79274464e-01 4.33663785e-01
    4.42741632e-01 9.71457005e-01 7.61583447e-01 -6.36954963e-01
    5.07105529e-01 4.28670943e-01 9.25571144e-01 2.02088058e-01
    6.92224503e-01 -4.89634216e-01 5.22194743e-01 -5.60509205e-01
    3.18856239e-02 5.00769675e-01 1.04927599e-01 2.16958284e-01
    4.63182092e-01 9.20241356e-01 -1.38346016e-01 -4.72953111e-01
    1.49511814e+00 2.94882774e-01 -2.34027624e-01 1.03717947e+00
    -4.66845214e-01 -6.69921041e-02 1.10947287e+00 1.48713231e+00
    1.27745473e+00 -3.05797100e-01 1.34245491e+00 1.46378553e+00
    5.56866348e-01 1.02442455e+00 7.34037399e-01 3.14078927e-02
    9.53881145e-02 1.72758508e+00 1.19013977e+00 3.88752759e-01
    -6.36225820e-01 1.28639293e+00 1.05170178e+00 1.17228997e+00
    1.43085921e+00 8.05493653e-01 5.36857307e-01 9.20033574e-01
    1.06644130e+00 1.32653427e+00 1.70876813e+00 7.07077980e-03
    6.48820460e-01 -4.38930005e-01 1.59261334e+00 1.39029717e+00
    -7.91132867e-01 -7.14107335e-01 -3.35132360e-01 -2.23568976e-01
    1.34898829e+00 1.01314783e-02 2.66811252e-02 1.53494477e-01
    1.39166939e+00 -4.57331032e-01 -4.91993606e-01 8.98833394e-01
    -5.97020388e-01 -6.40046597e-02 -9.64105129e-03 5.35573006e-01
    -1.39164925e-03 1.71319008e-01 1.06385994e+00 7.18546510e-02
    1.80556774e-02 -3.32871169e-01 8.40668678e-02 1.43219543e+00
    4.49772298e-01 6.89330757e-01 3.70016813e-01 -3.91237646e-01
    8.35835218e-01 1.66772079e+00 4.52722311e-02 1.42125535e+00
    -2.99473107e-01 6.38134897e-01 3.28357995e-01 8.48220408e-01
    9.95171726e-01 3.93335640e-01 1.22284150e+00 5.72696090e-01
    1.43420601e+00 7.03725219e-02 1.68445325e+00 8.88057470e-01
    1.48985767e+00 1.25790513e+00 7.88973093e-01 7.51983166e-01
    1.11993814e+00 4.86409247e-01 1.37940288e+00 4.66281295e-01
    -3.30930948e-02 6.60516024e-01 1.60401654e+00 2.30880260e-01
    1.57920361e-01 5.15767157e-01 -8.26274753e-02 8.51325393e-02
    1.21337855e+00 1.34422338e+00 1.79197526e+00 -2.18780637e-02
    -5.24082184e-02 1.22570884e+00 -3.45743448e-01 1.32713795e+00
    1.46746182e+00 1.52676344e+00 -3.22490871e-01 4.84947205e-01
    5.09424448e-01 2.52945840e-01 7.17107058e-02 1.48729265e+00
    -3.75979990e-01 3.91194463e-01 1.57739770e+00 -4.76565927e-01
    1.48953462e+00 -6.05375171e-02 -2.95549601e-01 6.33214295e-01
    6.02415621e-01 6.56777024e-01 2.04371154e-01 8.42386127e-01
    1.79029357e+00 7.63579607e-01 1.14823020e+00 2.26202130e-01
    -3.74844313e-01 1.27297461e-01 6.96896732e-01 1.75137329e+00
    -1.55052960e-01 4.30171490e-02 4.23205078e-01 6.14032507e-01
    7.51367807e-01 1.88441491e+00 1.66578722e+00 -4.15806234e-01
    -6.00619078e-01 8.26168239e-01 -5.20265937e-01 6.34270310e-01
    -4.78718758e-01 6.67150080e-01 2.88236916e-01 1.06180918e+00
    1.29946637e+00 1.39082050e+00 -7.79813528e-03 -3.33032399e-01
    -4.17630374e-01 -4.21872050e-01 1.55777931e-02 6.93382144e-01
    1.22189164e+00 -1.01260602e-01 8.88224304e-01 1.34335876e+00
    -8.15040469e-02 -5.54814458e-01 1.48810768e+00 -4.23899651e-01
    7.14430153e-01 -1.78212106e-01 -3.25751185e-01 1.07536745e+00
    8.30444515e-01 1.48271704e+00 1.63800597e-01 1.02117085e+00
    3.02414417e-01 -1.41155362e-01 2.26060331e-01 1.45216167e-01
    1.00310123e+00 1.08316660e+00 6.61228657e-01 1.87853336e-01
    -5.01753986e-02 1.89030468e-01 1.74510932e+00 -2.57734716e-01
    -3.48651648e-01 1.02219081e+00 1.31938386e+00 6.77872300e-01
    1.02025712e+00 1.58968246e+00 1.69592690e+00 1.55081773e+00
    3.50056827e-01 -5.13613701e-01 -5.83232343e-01 -3.46356630e-02
    1.04792035e+00 3.83136988e-01 8.99614155e-01 -1.38385415e-01
    -1.13111198e-01 -7.82535732e-01 3.69139552e-01 4.09743786e-02
    8.53535295e-01 -7.80313313e-01 -1.70468330e-01 1.49166012e+00
    -2.79615343e-01 7.93056965e-01 1.60127878e-03 1.14791000e+00
    2.37117529e-01 -1.53976858e-01 1.43501806e+00 1.40477836e+00
    1.51125050e+00 7.50712514e-01 -4.30347234e-01 1.82509327e+00
    -3.40788364e-01 6.97055221e-01 -1.42668426e-01 5.51671267e-01
    7.29145825e-01 1.44490170e+00 1.74410880e-01 -1.64396882e-01
    8.81300569e-01 6.17898166e-01 -5.89851141e-01 1.71478128e+00
    1.15668344e+00 1.64282346e+00 1.02461278e+00 -6.00344837e-01
    1.01654291e+00 1.14056933e+00 3.36560667e-01 5.12772918e-01
    -4.60401893e-01 1.54704320e+00 1.50701559e+00 1.63792801e+00
    -5.83664775e-01 1.07222176e+00 -6.90367103e-01 1.68304062e+00
    1.69343293e+00 1.08965647e+00 1.28147721e+00 1.98642492e-01
    1.39983249e+00 -7.50066698e-01 8.86639297e-01 1.45597434e+00
    -2.45014071e-01 -3.29188317e-01 5.40705979e-01 -3.04444730e-01
    1.15623569e+00 -9.45828557e-02 -1.05430782e-01 -1.93849206e-02
    1.23756957e+00 -5.64552426e-01 1.48679304e+00 1.88204467e-01
    1.02521658e+00 9.20578241e-01 4.51755643e-01 -4.82407182e-01
    -6.60245299e-01 1.77568817e+00 5.67468464e-01 1.04443073e+00
    -2.97769785e-01 4.06923532e-01 2.32278168e-01 2.51340806e-01
    -4.03506249e-01 -7.86716342e-02 1.76012754e+00 8.39779675e-01
    -9.72852111e-02 3.17916334e-01 5.85847974e-01 1.74981880e+00
    1.39428926e+00 1.11983657e+00 1.63797009e+00 -2.74056435e-01
    6.58518076e-01 1.29695606e+00 4.53551054e-01 2.85016894e-01
    1.01205707e-01 -1.30423129e-01 7.02631116e-01 1.05301547e+00
    8.02111089e-01 1.66248882e+00 3.68422329e-01 -4.38531220e-01
    1.46329045e+00 1.20073068e+00 6.44064546e-01 -1.98054552e-01
    1.45139933e+00 1.04897547e+00 3.31589341e-01 1.45788717e+00
    3.81611764e-01 1.08179593e+00 -2.30784416e-01 -6.93912089e-01
    1.03359950e+00 1.66412759e+00 -4.19368744e-02 -6.78678274e-01
    -1.86883390e-01 1.52797985e+00 5.33167958e-01 1.86631382e-01
    -1.83445454e-01 1.48001850e+00 4.83723700e-01 -1.16702735e-01
    -3.93224508e-01 1.61453223e+00 9.58392620e-02 -1.42259002e-01
    9.01495457e-01 -6.79441392e-01 4.85293388e-01 9.75137532e-01
    1.31445336e+00 7.90563881e-01 3.79510164e-01 -6.03386700e-01
    9.68652368e-01 3.40069056e-01 2.24171162e-01 5.83389819e-01
    1.38339591e+00 -8.44020844e-02 -2.53129572e-01 5.16017199e-01
    -1.50931478e-01 4.55768764e-01 1.73672330e+00 -2.58267939e-01
    9.81867373e-01 6.49891615e-01 -5.24266541e-01 -7.91606903e-02
    -1.80415690e-01 1.44166994e+00 1.05751824e+00 -6.91547394e-01
    1.16163802e+00 1.30374193e+00 1.35278034e+00 7.19160676e-01
    8.27777624e-01 -7.60677993e-01 -1.86548591e-01 2.09920883e-01
    1.73751807e+00 1.43091667e+00 1.13032830e+00 -7.12590396e-01
    7.10447729e-01 4.95552540e-01 1.48834693e+00 1.50297678e+00
    3.69556546e-01 1.67064857e+00 2.56002545e-02 -4.69610363e-01
    1.44766831e+00 4.79199827e-01 -4.43580270e-01 -2.20918298e-01
    8.22424769e-01 -2.96567112e-01 2.44215786e-01 1.01622558e+00
    1.51388872e+00 1.27072811e-01 -4.17003334e-01 4.57145393e-01
    2.28470445e-01 4.08109188e-01 1.78950834e+00 7.37736344e-01
    -2.94637680e-01 1.03850865e+00 -2.41363227e-01 1.51519728e+00
    1.25127077e+00 1.52666354e+00 1.30758286e+00 5.25023699e-01
    1.14744616e+00 -6.68171644e-02 -6.17341042e-01 1.13198221e+00
    -3.45138967e-01 7.85007715e-01 3.52247834e-01 -4.20145452e-01
    -7.34182179e-01 1.10408306e+00 1.57361269e+00 1.51040196e+00
    -7.64068961e-01 8.19093108e-01 6.07832372e-01 8.69057596e-01
    3.86248171e-01 1.12226844e+00 1.37296939e+00 -7.38920391e-01
    1.37835932e+00 1.19935048e+00 2.75560796e-01 9.63590026e-01
    7.36342728e-01 -7.20559597e-01 1.26501608e+00 1.88590097e+00
    4.60395336e-01 8.79427910e-01 -4.01450396e-02 1.00501239e+00
    1.93016505e+00 1.81114078e-02 8.26804698e-01 2.49069929e-01
    5.01960754e-01 -1.30693197e-01 1.24495888e+00 -5.52434921e-01
    1.05534291e+00 -4.49435711e-02 1.52544391e+00 1.83827281e-01
    9.43206310e-01 -2.61906445e-01 4.74030972e-01 7.77157724e-01
    1.04377747e-01 1.49130750e+00 -4.33946490e-01 1.21965742e+00
    1.34132898e+00 5.85825801e-01 1.14536846e+00 -1.21693313e-01
    1.64421272e+00 -1.05381608e-02 -2.90904522e-01 4.63588119e-01
    1.52698100e+00 9.13289011e-01 9.59025383e-01 1.06455421e+00
    4.03073072e-01 7.58590400e-01 1.15478837e+00 1.21611214e+00
    1.39117074e+00 8.24221730e-01 6.21990919e-01 9.10839677e-01
    2.28555799e-02 -6.45727992e-01 -1.51963890e-01 1.64824224e+00
    -2.41888434e-01 -2.95228839e-01 3.64515901e-01 9.45748091e-01
    1.36423421e+00 1.56234622e-01 1.51338041e+00 1.28964448e+00
    7.65596151e-01 -5.78041673e-02 -6.65406048e-01 1.43056512e+00
    1.04420960e-01 1.52621460e+00 4.39087749e-01 4.12384629e-01
    -6.55940294e-01 3.71880710e-01 3.89310837e-01 5.89985430e-01
    3.26195896e-01 -6.41681910e-01 8.10404420e-01 1.36330056e+00
    4.70253587e-01 -6.32295728e-01 1.01894605e+00 -1.11927330e-01
    1.48266125e+00 1.17583895e+00 -6.48790598e-01 9.15252209e-01
    1.21875191e+00 1.42706883e+00 1.58348703e+00 1.08891225e+00
    1.40738130e+00 -9.75255966e-02 -6.75929248e-01 1.48684978e+00
    1.02875435e+00 1.15232849e+00 1.07516801e+00 -7.38846064e-01
    6.56685829e-02 9.91390347e-01 -2.17543632e-01 1.49249411e+00
    1.06846201e+00 -5.02354860e-01 1.33080316e+00 8.83582234e-01
    3.08105230e-01 4.60674226e-01 8.10258389e-02 1.19657993e-01
    7.86978066e-01 3.99016261e-01 -4.42938328e-01 -6.85166299e-01
    1.85633719e-01 -3.90827686e-01 -6.19469702e-01 1.28832960e+00
    6.74794555e-01 -2.10624158e-01 3.71952772e-01 9.51163054e-01
    1.66687751e+00 -1.00070894e-01 -3.02312851e-01 1.71642661e+00
    -2.44806468e-01 1.09017158e+00 9.06864762e-01 9.93028283e-02
    1.14493847e-01 1.40052366e+00 1.18371606e-01 -3.34207267e-01
    1.69694591e+00 5.58620870e-01 -1.69024527e-01 1.59593630e+00
    -3.44193131e-01 -4.14102376e-01 1.68378484e+00 9.59402740e-01
    5.62558472e-01 7.35521019e-01 1.05520415e+00 1.64855540e-01
    -9.66406465e-02 6.94056571e-01 8.01982701e-01 9.34763670e-01
    1.04167485e+00 1.15664005e-02 1.45015502e+00 -7.51507223e-01
    -2.81081498e-01 8.04556608e-01 1.13308907e-01 1.17131412e+00
    -5.08918524e-01 -1.08518422e-01 5.76302290e-01 1.26593184e+00
    8.51609707e-01 -1.97939277e-02 -7.03534603e-01 5.44095695e-01
    1.35794687e+00 1.11820745e+00 2.05269873e-01 -4.51154560e-01
    1.59858084e+00 -1.07782125e-01 2.94389844e-01 5.55544853e-01
    4.52232718e-01 -2.02090859e-01 1.55670595e+00 -5.93968928e-01
    3.84018958e-01 2.48899460e-02 4.83952165e-02 6.27911329e-01
    -6.79470897e-02 -5.85496485e-01 3.13641131e-01 1.89991951e-01
    -3.86568308e-02 1.11279511e+00 3.21827173e-01 1.05285525e+00
    1.40283728e+00 -5.60800612e-01 1.00503790e+00 9.32175994e-01
    -5.17642200e-01 1.20693231e+00 3.56891632e-01 1.27371025e+00
    2.49705493e-01 4.83730793e-01 2.83481002e-01 2.92594016e-01
    2.46330440e-01 1.96153939e-01 3.36611032e-01 -3.09833288e-02
    1.44410419e+00 -2.72265077e-02 -5.67028940e-01 4.43203926e-01
    -4.86386806e-01 1.35544705e+00 1.39560103e-01 1.51445186e+00
    -6.66362286e-01 7.21002877e-01 -3.38712960e-01 -3.08460325e-01
    1.59076977e+00 9.59338188e-01 1.70179713e+00 -6.95095956e-01
    8.31457317e-01 1.62087977e-01 8.41485620e-01 5.62970161e-01
    4.93208766e-02 1.40131032e+00 -5.23260891e-01 7.52039135e-01
    1.25933170e-01 1.06706572e+00 -2.38024533e-01 1.66587067e+00
    -3.40809107e-01 -3.64934683e-01 1.09959626e+00 1.58852863e+00
    1.28677714e+00 8.72761786e-01 -5.78053474e-01 4.54305589e-01
    1.13833809e+00 5.81051230e-01 -5.29879928e-02 6.61321580e-01
    1.03445101e+00 1.52057195e+00 1.42586160e+00 1.67865252e+00
    5.77627778e-01 1.21655524e+00 -6.29362106e-01 8.68171453e-02
    -8.59814882e-03 2.86444187e-01 1.03645897e+00 2.57047296e-01
    -1.04342699e-02 1.42860973e+00 1.09902835e+00 -2.61716366e-01
    1.56996274e+00 -2.58366257e-01 9.79279578e-02 3.31123173e-02
    3.14136446e-01 5.71619809e-01 1.63972425e+00 -1.79555118e-01
    2.39741087e-01 1.32877159e+00 -3.28960240e-01 3.32630157e-01
    -3.42507422e-01 -2.02640951e-01 2.78104782e-01 1.31465554e+00
    4.45458889e-01 -7.74713814e-01 1.53471434e+00 5.19156396e-01
    -7.85597086e-01 1.68970132e+00 1.97372139e-01 -3.01136971e-01
    -7.08952010e-01 1.72437918e+00 -3.20719242e-01 2.07373202e-01
    1.58038187e+00 7.42422462e-01 1.08490634e+00 3.20103228e-01
    1.25551403e+00 4.34736013e-01 1.38883758e+00 2.17470050e-01
    -3.65917265e-01 -8.32358539e-01 6.60396695e-01 -1.62481487e-01
    -7.93259978e-01 -1.30521059e-02 6.85415030e-01 2.35714912e-01
    -2.38567322e-01 -1.42430365e-01 2.20892251e-01 1.30841279e+00
    -5.93697786e-01 3.42473269e-01 1.26432896e+00 2.36009717e-01
    7.22646594e-01 1.42809737e+00 7.26441622e-01 1.53076005e+00
    -1.68450594e-01 2.67609954e-01 -5.51494539e-01 1.43779874e+00
    -4.53002036e-01 1.31539655e+00 5.70315301e-01 5.75430989e-02
    -2.52584845e-01 1.67772341e+00 1.67148948e-01 -1.47977233e-01
    1.13675022e+00 1.42162633e+00 7.60558963e-01 2.70862997e-01
    4.30397272e-01 -5.45721412e-01 2.01538324e-01 2.72224367e-01
    9.05533433e-02 -8.05228353e-02 1.10530841e+00 -4.12294984e-01
    1.40168750e+00 4.08611119e-01 1.51373887e+00 4.13417816e-01
    1.30768824e+00 1.38405871e+00 6.22233629e-01 -6.99075341e-01
    3.26472521e-01 5.05648315e-01 -1.19625330e-01 -5.03352523e-01
    -3.41908246e-01 1.19690776e+00 7.23943889e-01 -4.31030780e-01
    -5.50991535e-01 -6.17451668e-01 -2.68684268e-01 5.65728009e-01
    -1.07024789e-01 1.45936191e-01 -5.94069719e-01 -1.63493872e-01
    1.53992915e+00 1.52312374e+00 -4.53203231e-01 -5.82172751e-01
    -3.95300359e-01 4.10615265e-01 1.22482145e+00 -1.92406714e-01
    -7.68127143e-01 9.06249762e-01 1.93613768e-02 3.76601815e-02
    8.70099902e-01 1.61053157e+00 -4.08531874e-01 1.77163434e+00
    9.75432932e-01 7.89886296e-01 5.82141101e-01 -5.04071534e-01
    1.26421630e+00 1.41508901e+00 4.13027227e-01 -2.42977142e-01
    1.01707673e+00 1.13199520e+00 5.64959645e-01 -2.89116025e-01
    -2.93873310e-01 1.30575705e+00 -8.09896946e-01 -3.71754348e-01
    1.62135339e+00 5.23265123e-01 4.13326621e-01 8.37508559e-01
    -1.59434915e-01 1.07826209e+00 1.05987787e+00 1.60005724e+00
    1.12326598e+00 5.29406905e-01 -8.04611862e-01 1.44061685e+00
    -4.73850965e-03 -6.65248752e-01 2.98144817e-01 1.70733631e+00
    9.82297182e-01 4.40542817e-01 3.84292424e-01 -4.71313953e-01
    5.51808238e-01 -3.05584729e-01 1.40655756e-01 8.04103732e-01
    6.22828603e-01 1.20527244e+00 -5.42701006e-01 3.18194568e-01
    4.90205586e-01 1.03175342e+00 6.54366076e-01 -8.19710493e-01
    -3.44107091e-01 2.21372664e-01 -4.58304763e-01 1.60269678e-01
    -3.25356156e-01 2.19697773e-01 7.26775646e-01 -1.35614991e-01
    2.92497218e-01 -6.35897636e-01 -8.33430886e-02 1.59518003e+00
    1.45505476e+00 3.08480382e-01 1.67327952e+00 -8.04432154e-01
    1.08981228e+00 1.10856867e+00 -6.48080170e-01 1.61058497e+00
    1.06335247e+00 7.58808196e-01 5.25152206e-01 1.06870639e+00
    4.81807113e-01 9.35556650e-01 2.90071726e-01 5.36200762e-01
    -5.39310575e-02 1.10400331e+00 8.64090204e-01 3.45589638e-01
    2.21204698e-01 -5.84144711e-01 -1.29613280e-01 1.52769506e-01
    5.77034295e-01 -4.12557214e-01 2.87527204e-01 1.59669447e+00
    4.94710505e-01 2.62645543e-01 -7.74838924e-02 2.14071810e-01
    2.04731405e-01 6.60871387e-01 -3.52838755e-01 -3.10500354e-01
    2.13936210e-01 2.33828783e-01 -2.49192178e-01 5.21460474e-01
    1.01852226e+00 -6.00939214e-01 9.54692483e-01 -5.78139424e-02
    1.08350539e+00 8.82997394e-01 6.23114467e-01 1.16923249e+00
    7.88443029e-01 1.26583457e+00 7.38120198e-01 -6.01945758e-01
    8.42623711e-01 3.19172025e-01 2.01665282e-01 1.29190707e+00
    5.54674983e-01 5.07511437e-01 -5.81233382e-01 1.62011766e+00
    3.80375624e-01 -6.21445715e-01 -7.38341928e-01 1.60761213e+00
    9.51200783e-01 -5.58556974e-01 1.53740954e+00 -4.41116095e-02
    -6.56393588e-01 -9.35283899e-02 -1.00670934e-01 1.31843185e+00
    -5.33797204e-01 3.13114524e-02 -2.79215008e-01 9.38980401e-01
    -1.21628284e-01 -1.70105815e-01 3.34046781e-02 9.27242517e-01
    7.34963179e-01 1.09043241e+00 1.46731043e+00 -5.27064681e-01
    -1.86262786e-01 -7.10694551e-01 1.83250880e+00 -4.23443526e-01
    8.87627244e-01 -7.98035085e-01 1.71697271e+00 -5.11586666e-02
    1.29716802e+00 6.01490438e-01 1.48778439e+00 6.23192966e-01
    6.00034893e-01 6.02848947e-01 3.24776530e-01 9.29145932e-01
    1.63035774e+00 2.65407860e-01 6.38456464e-01 1.10457265e+00
    1.44486761e+00 -1.44998252e-01 3.23745131e-01 6.93480670e-01
    7.34446824e-01 3.75160396e-01 5.56247413e-01 8.72033477e-01
    -2.93300748e-01 1.34709597e+00 1.43990469e+00 2.38110065e-01
    1.00082099e+00 1.71557188e+00 9.31822062e-02 8.78756523e-01
    6.32678747e-01 -4.75251079e-01 1.60921824e+00 1.29342771e+00
    8.45016301e-01 -7.82450974e-01 1.63833666e+00 4.79523540e-01
    1.67542338e+00 -6.35567307e-02 -3.35524082e-01 1.49995852e+00
    4.50757563e-01 8.50358367e-01 1.03325760e+00 -4.34219003e-01
    1.72256708e+00 7.39075541e-01 -1.28330290e-01 8.08277726e-02
    9.95270669e-01 5.34040809e-01 1.82288933e+00 3.52320671e-02
    -2.53993481e-01 1.87021017e-01 1.70885229e+00 -7.15734363e-02
    9.21177387e-01 -6.01000190e-02 1.40420556e-01 -2.65165001e-01
    -5.42585969e-01 1.07296026e+00 1.18421531e+00 1.50470066e+00
    -6.82153344e-01 1.18744099e+00 1.09560776e+00 -6.36448741e-01
    5.11729121e-02 -1.67418122e-02 4.19412255e-01 4.51074123e-01
    8.50536168e-01 1.01565242e+00 -5.72310567e-01 -2.21870571e-01
    5.65980375e-01 1.59155726e+00 1.30361462e+00 7.22755253e-01
    -7.82335997e-01 3.54501247e-01 4.32118654e-01 1.13744426e+00
    1.68464589e+00 1.37781942e+00 -3.53083342e-01 6.39666796e-01
    -5.70158184e-01 -5.59403062e-01 -8.15689564e-03 3.51179183e-01
    6.04422748e-01 1.15094244e-01 -1.50669813e-01 1.20708203e+00
    -7.37248957e-01 1.46748734e+00 3.66777658e-01 -2.24348485e-01
    6.40327930e-02 1.67846751e+00 -3.55642229e-01 1.07419801e+00
    5.72069824e-01 6.52483046e-01 -2.29170263e-01 7.23210216e-01
    2.57563710e-01 8.30388844e-01 6.12790465e-01 -5.55318117e-01
    -6.26701713e-02 -7.30195582e-01 1.15882659e+00 -4.10424680e-01
    1.53153729e+00 1.20029259e+00 4.16200876e-01 -7.23080516e-01
    5.75285256e-01 8.53890777e-02 1.67740011e+00 4.19724703e-01
    -1.52889371e-01 1.32047796e+00 7.81320214e-01 1.02426147e+00
    1.87890470e-01 -5.20896673e-01 1.68782425e+00 -6.89202547e-03
    3.14245641e-01 1.57913113e+00 9.58804905e-01 9.93411601e-01
    2.95173585e-01 7.10769892e-01 -5.87578356e-01 4.82416272e-01
    1.28430879e+00 1.79455471e+00 1.71217895e+00 -2.92958260e-01
    7.72228479e-01 2.69995391e-01 -5.01524448e-01 1.61771846e+00
    1.61239290e+00 -4.59696651e-02 1.60385346e+00 7.64783561e-01
    -3.83058488e-01 6.76757157e-01 1.34300888e+00 -1.63049996e-01
    7.89628863e-01 1.39138162e-01 4.32171822e-02 7.59286344e-01
    5.31884491e-01 1.25242579e+00 6.14059806e-01 -6.78196251e-01
    9.91523385e-01 -2.52908468e-03 -5.57607830e-01 8.50556672e-01
    7.58613884e-01 -8.49217176e-03 5.97831070e-01 -4.89146024e-01
    -6.23853326e-01 1.42635763e-01 -2.09777892e-01 -7.51585424e-01
    3.32242608e-01 1.07259285e+00 8.10863376e-01 8.84323120e-02
    1.29078150e-01 1.29579437e+00 -5.87047875e-01 2.16925085e-01
    1.14358079e+00 1.06266618e+00 9.13736761e-01 9.85189378e-01
    5.37413836e-01 5.06432652e-02 1.46499705e+00 -5.64296007e-01
    1.11541033e+00 -1.43186510e-01 -1.23113990e-02 6.64303780e-01
    -5.29347479e-01 -6.23979986e-01 7.82149494e-01 -5.78967690e-01
    1.82666278e+00 2.41968155e-01 1.54970503e+00 5.99570572e-01
    -5.69967985e-01 1.70958066e+00 -2.69329071e-01 -6.96685493e-01
    -6.58568859e-01 9.06766593e-01 5.71751177e-01 1.57349634e+00
    -1.25656128e-02 4.34390724e-01 -7.27763474e-01 1.25741720e-01
    1.47552991e+00 -3.23867977e-01 1.60439181e+00 6.58052564e-01
    1.22833943e+00 1.12284541e+00 1.18380857e+00 -2.33006835e-01
    1.25413227e+00 1.49031782e+00 -8.17751408e-01 8.02830219e-01
    4.76937592e-01 1.53305864e+00 -5.92079818e-01 1.69660664e+00
    -4.21568751e-01 -6.45491838e-01 4.72269416e-01 -1.79407418e-01
    1.26331758e+00 3.82155001e-01 6.77540600e-01 -3.56243402e-01
    -5.36822081e-01 1.02029335e+00 7.69519806e-01 2.08505535e+00
    2.70476341e-01 -4.64930981e-01 9.86529350e-01 2.00384140e-01
    1.27711010e+00 1.34824443e+00 -1.35309756e-01 1.60820198e+00
    6.29725218e-01 1.89193487e-01 1.10724640e+00 -2.67700076e-01
    3.93224895e-01 4.71231103e-01 9.05223012e-01 -6.11985624e-01
    -2.11008549e-01 1.58803153e+00 1.56979549e+00 1.26708269e+00
    -6.05515659e-01 -4.92663056e-01 1.41383684e+00 1.65111756e+00
    5.29985905e-01 -7.31805742e-01 6.02458119e-02 8.19225967e-01
    1.31834209e-01 1.42871380e+00 2.59861946e-01 1.04718947e+00
    1.36277890e+00 9.64098036e-01 -7.83079028e-01 -9.05531645e-02
    4.10964310e-01 1.81950331e-02 3.79419446e-01 4.61098313e-01
    3.56761038e-01 8.09055984e-01 3.79201055e-01 6.58384621e-01
    1.38438511e+00 1.38464928e-01 -7.02446401e-01 1.51581168e+00
    6.92127585e-01 1.80393457e-03 2.73270607e-02 -2.37885118e-02
    3.31768870e-01 5.72484136e-02 1.55543685e-01 1.11465418e+00
    -3.83817643e-01 -9.85845327e-02 -3.44034731e-01 9.13534403e-01
    1.51239300e+00 8.03028345e-01 -2.80357003e-02 -7.37544119e-01
    -3.82186592e-01 1.75515699e+00 7.45264769e-01 7.52977073e-01
    -6.99519455e-01 4.47409689e-01 1.60124886e+00 1.38996530e+00
    -2.74351954e-01 -3.23231548e-01 9.37598944e-02 4.76655304e-01
    1.00989437e+00 2.97698021e-01 -1.71490669e-01 7.03355670e-02
    7.59898007e-01 8.14201832e-02 3.78145814e-01 1.04627228e+00
    2.29690194e-01 -5.32374740e-01 -7.06691206e-01 -5.22521853e-01
    -8.77404213e-02 1.57268739e+00 6.47193074e-01 3.11271071e-01
    1.30370426e+00 3.07573259e-01 2.75019407e-01 9.73474503e-01
    1.52030230e+00 1.51692748e-01 4.63650167e-01 1.57598138e+00
    -1.06869519e-01 3.58421326e-01 1.09996605e+00 -1.00271344e-01
    9.38513219e-01 1.87003064e+00 -6.06950402e-01 3.57098222e-01
    1.68067193e+00 1.67231178e+00 -4.50457126e-01 1.04988670e+00
    5.83277702e-01 9.32241380e-01 8.35421205e-01 -6.84107304e-01
    4.85896349e-01 1.79340649e+00 -1.24294877e-01 9.51796889e-01
    -2.39874840e-01 1.43198073e+00 -3.18140060e-01 4.30919468e-01
    7.29918420e-01 4.33988273e-01 4.77725446e-01 2.28229284e-01
    1.48230946e+00 -1.26111567e-01 1.58066893e+00 3.30361605e-01
    1.22499204e+00 4.97027576e-01 6.56833112e-01 6.74414635e-01
    1.38581419e+00 1.52606738e+00 3.71020436e-01 9.99744713e-01
    8.53967726e-01 1.23910332e+00 -3.97192180e-01 1.27456343e+00
    4.04386699e-01 4.79430139e-01 -5.69177032e-01 1.21516383e+00
    1.41395426e+00 1.20071113e-01 1.15037537e+00 1.53700352e+00
    -1.54140115e-01 1.67819595e+00 7.25557923e-01 -7.07367539e-01
    -6.42333925e-01 1.74650908e+00 3.96947861e-02 -3.87120157e-01
    2.78487623e-01 -5.99782228e-01 6.20117962e-01 1.72231197e+00
    1.38582134e+00 1.25589323e+00 1.78089285e+00 -3.68883550e-01
    -6.54170752e-01 1.10475755e+00 1.40900409e+00 7.97428668e-01
    1.54298294e+00 1.51075494e+00 7.41255760e-01 -3.65251899e-01
    3.71388555e-01 3.63431275e-01 1.08536661e-01 6.15425646e-01
    -1.83003366e-01 1.72775805e-01 -4.65139091e-01 7.10226715e-01
    1.45255184e+00 6.86914504e-01 1.38460422e+00 7.78472483e-01
    2.94239879e-01 -4.13343310e-02 6.76210284e-01 -1.58572733e-01
    7.64631629e-01 2.56377041e-01 5.09195507e-01 -4.68503922e-01
    1.47795677e+00 9.44112539e-01 9.39728200e-01 -6.52184427e-01
    -7.24847674e-01 1.93682551e-01 1.10166645e+00 2.39083409e-01
    4.50135529e-01 2.36419797e-01 1.06501377e+00 -4.65853840e-01
    -6.10247850e-02 1.41543686e+00 5.16215026e-01 1.77114153e+00
    7.45428920e-01 -5.48563898e-01 6.21202648e-01 3.15057635e-01
    1.34237552e+00 1.50900054e+00 -1.82926595e-01 -6.82813525e-01
    6.24661863e-01 1.11681592e+00 -3.95133406e-01 7.14914799e-02
    1.51759553e+00 7.51174748e-01 -7.46853054e-01 -2.81757891e-01
    -6.97227955e-01 8.93102169e-01 7.71976173e-01 1.03878021e+00
    7.09711611e-01 2.97593415e-01 1.21019888e+00 1.56209874e+00
    -3.78932774e-01 1.59466445e-01 1.63126636e+00 5.53308368e-01
    2.62620568e-01 -7.43323743e-01 8.17627907e-02 5.30851066e-01
    3.08383048e-01 1.35416985e+00 1.05549169e+00 8.15394819e-01
    8.39123130e-01 -8.38054419e-02 1.50549436e+00 3.58929574e-01
    -2.36919373e-01 2.42307186e-01 1.23814917e+00 5.63978136e-01
    6.61252439e-01 1.00169981e+00 1.40230405e+00 1.14117050e+00
    5.48223615e-01 1.00323272e+00 1.01720142e+00 1.53722227e-01
    -8.02556872e-01 3.44902873e-01 -1.75138533e-01 1.52542710e-01
    -7.45361865e-01 1.07230330e+00 5.02160788e-01 1.54924095e+00
    1.68094659e+00 3.54186952e-01 7.51298904e-01 8.31157207e-01
    -7.69230485e-01 -3.43906879e-01 -4.56605881e-01 1.98917747e-01
    -5.27758121e-01 1.35157895e+00 7.92233050e-01 6.24599338e-01
    1.48155355e+00 1.36460614e+00 4.43227887e-01 1.33174872e+00
    2.86142349e-01 -5.88030219e-01 6.77801132e-01 9.26351070e-01
    3.12902272e-01 5.98125458e-01 -6.14112377e-01 1.44227767e+00
    9.00753856e-01 2.33824372e-01 -5.83376467e-01 2.40279913e-01
    1.56599283e+00 -1.54402316e-01 -9.58848596e-02 -5.80425918e-01
    -8.34865570e-02 1.32050788e+00 9.79680359e-01 -6.59471929e-01
    1.55057096e+00 -5.05731523e-01 -2.03687251e-01 1.06080031e+00
    4.38081264e-01 1.33060288e+00 -7.30794489e-01 3.43864024e-01
    -1.00677788e-01 -4.71850276e-01 1.50352073e+00 -2.23509789e-01
    -5.33090830e-01 1.08377039e-01 -1.46757424e-01 -3.42629164e-01
    -2.59522140e-01 -2.56792903e-02 5.94139695e-01 -3.34409207e-01
    6.47494256e-01 1.02964342e-01 5.59882045e-01 3.50649059e-01
    1.51279712e+00 4.46982980e-01 7.74476647e-01 4.76203024e-01
    1.32889366e+00 1.68643713e-01 -5.53652763e-01 1.79069388e+00
    3.25420916e-01 1.07209396e+00 6.93339109e-02 4.99658585e-01
    -5.27521789e-01 -6.33637309e-01 1.51558995e+00 5.40784597e-02
    4.41457927e-01 1.37053847e+00 7.55557477e-01 1.80746412e+00
    -5.35805643e-01 1.92048371e-01 1.52973866e+00 8.75044167e-01
    1.65520382e+00 9.18283999e-01 8.36651862e-01 1.36923051e+00
    7.27889836e-01 1.38247371e+00 9.72135365e-01 1.22023559e+00
    1.48112941e+00 8.29983652e-01 -4.80044544e-01 1.02257419e+00
    -5.19846201e-01 7.37629056e-01 -7.76792765e-01 -5.65690339e-01
    3.22731614e-01 -3.37218821e-01 1.51116180e+00 -4.45286244e-01
    8.89634013e-01 8.99892569e-01 8.36226463e-01 9.46514189e-01
    9.20496583e-01 -2.89034486e-01 1.73537374e+00 1.58224368e+00
    1.43057692e+00 1.36098933e+00 1.19360423e+00 3.40154052e-01
    -5.59236705e-01 -4.78629261e-01 2.00145721e-01 -5.22815585e-01
    1.02587175e+00 1.05135739e+00 3.61598551e-01 6.12135291e-01
    1.52969682e+00 9.56492603e-01 1.68232310e+00 -6.96883202e-01
    -7.47598827e-01 7.46970594e-01 8.26479673e-01 3.46937835e-01
    -3.62736076e-01 1.33707583e+00 7.01563358e-01 -5.35475254e-01
    1.29877257e+00 1.33254766e+00 -3.42728019e-01 2.79920638e-01
    -3.57263297e-01 -5.39158583e-02 1.29777288e+00 1.72943473e-01
    1.79710042e+00 7.44175255e-01 1.67977691e-01 3.63344610e-01
    -6.10106111e-01 1.02172625e+00 -5.94384015e-01 1.67488813e+00
    9.44504797e-01 -2.31347084e-02 1.51187623e+00 7.55190432e-01
    1.83661640e-01 1.13528812e+00 -3.97738636e-01 3.06426108e-01
    5.21189928e-01 2.45192289e-01 1.32952595e+00 -5.26599586e-01
    1.43937075e+00 4.09668863e-01 1.35644674e+00 1.12499142e+00
    1.84552848e-01 1.54526675e+00 1.18920505e+00 -2.08089828e-01
    -1.03434980e-01 4.78355944e-01 1.33065283e+00 3.29299629e-01
    -5.81800163e-01 1.01037836e+00 1.51873553e+00 -1.50071919e-01
    1.32258999e+00 4.53843355e-01 1.19989252e+00 2.16808319e-02
    1.36690378e+00 4.69559312e-01 4.27092433e-01 1.50209033e+00
    -2.49107301e-01 1.46440005e+00 5.74218035e-01 1.78253889e+00
    1.74264812e+00 -6.52243376e-01 8.09826612e-01 1.16767311e+00
    8.34622145e-01 -4.46949720e-01 -6.49940968e-01 4.05842662e-01
    1.27546000e+00 1.09849906e+00 -3.11786145e-01 7.63501763e-01
    1.42260695e+00 1.01541567e+00 -2.44336009e-01 2.86648810e-01
    6.26069486e-01 1.60109770e+00 1.09827125e+00 -3.96048754e-01
    8.42844248e-02 -2.99288124e-01 8.49302292e-01 1.01487660e+00
    9.53014255e-01 -8.20270896e-01 -2.62527227e-01 -2.25320756e-01
    2.22839057e-01 3.30593646e-01 1.53131151e+00 7.68102288e-01
    1.02247095e+00 3.35028589e-01 6.35535538e-01 1.23876214e-01
    1.94227827e+00 -1.36514366e-01 7.88021803e-01 -1.08275414e-01
    8.43027472e-01 -1.13797754e-01 1.93233252e+00 2.37504601e-01
    -5.95715702e-01 9.32541311e-01 2.01332736e+00 1.56047297e+00
    5.07274985e-01 3.35403621e-01 1.11834908e+00 1.73712766e+00
    -5.42896569e-01 -3.46238256e-01 -7.38611102e-01 -1.77888751e-01
    1.64552212e+00 4.15533841e-01 1.40815127e+00 -1.53378606e-01
    -6.63133025e-01 -1.52463853e-01 9.26727057e-02 -1.36762261e-01
    -7.34015584e-01 -3.03207040e-01 1.65546417e+00 1.49828029e+00
    6.79560781e-01 8.67621899e-02 5.24075568e-01 7.78051198e-01
    1.36644602e-01 1.22565734e+00 1.33769655e+00 2.00549245e-01
    1.14586496e+00 -8.23298693e-01 4.95192647e-01 -3.47511768e-02
    5.92516661e-01 1.48029923e+00 1.48812866e+00 8.20299387e-01
    -2.35362589e-01 6.33981407e-01 1.07532775e+00 1.42926145e+00
    1.54351115e+00 1.62884998e+00 6.43014491e-01 1.03142667e+00
    1.70059013e+00 7.26216376e-01 1.40186191e+00 1.21575046e+00
    1.42139244e+00 -1.85740650e-01 -4.52627331e-01 1.69197023e+00
    -1.68009877e-01 1.38733923e+00 -5.41871607e-01 7.19815612e-01
    9.92141843e-01 1.58821177e+00 -2.86620170e-01 3.90486479e-01
    1.25713277e+00 1.78430963e+00 -5.00505090e-01 5.91570675e-01
    7.57666886e-01 1.05911493e+00 2.93125451e-01 -7.25669444e-01
    2.55684853e-01 -4.06559527e-01 1.67835999e+00 -2.09496140e-01
    2.47022569e-01 9.76236641e-01 -6.45448327e-01 9.25937772e-01
    -7.23363161e-02 1.60054576e+00 1.56630039e+00 -2.93778121e-01
    1.75050139e+00 8.99796724e-01 1.03602850e+00 1.05746913e+00
    8.66460800e-01 1.50925148e+00 1.14251852e+00 4.50877428e-01
    4.05199528e-01 -1.80562139e-01 4.33910489e-01 -6.46581292e-01
    6.05399191e-01 9.26958680e-01 1.16550803e+00 1.07243085e+00
    -4.74499345e-01 -3.71031821e-01 1.08563113e+00 5.16548812e-01
    1.01699197e+00 -2.65162647e-01 1.21364450e+00 1.54470384e-01
    -6.69473171e-01 2.99739838e-02 -5.04647136e-01 1.94381118e-01
    1.27403772e+00 1.29251194e+00 1.60046577e+00 8.48932207e-01
    1.05872166e+00 2.42186129e-01 6.99882627e-01 1.48736525e+00
    -5.55725515e-01 1.43734932e+00 -7.26580620e-05 1.45229471e+00
    -6.69400871e-01 -4.19663340e-01 7.29897022e-01 5.20609140e-01
    -3.89460921e-02 2.85915971e-01 7.06332862e-01 7.45606422e-02
    1.06766129e+00 -4.46419537e-01 -3.05027008e-01 1.00233865e+00
    -4.26771104e-01 1.14646065e+00 -4.25893664e-02 1.23029721e+00
    8.27821195e-01 -6.09898150e-01 5.41421175e-02 1.03104472e-01
    1.34660482e+00 -4.78969157e-01 -3.16467524e-01 1.75534427e-01
    8.43348622e-01 6.87579632e-01 4.67483878e-01 7.67679513e-01
    1.07439232e+00 -1.50476933e-01 -3.20088863e-02 1.16262650e+00
    -6.57752514e-01 1.70720959e+00 -3.15882504e-01 5.13481319e-01
    -1.95785046e-01 -5.13906717e-01 -2.83592880e-01 1.79820442e+00
    8.65187764e-01 -1.43195689e-01 -4.15000021e-01 -3.96505505e-01
    -1.97112083e-01 1.67846107e+00 6.54056311e-01 6.30844414e-01
    1.08158207e+00 1.13332748e+00 1.21264517e-01 7.04874635e-01
    1.25824285e+00 6.10305607e-01 1.05474138e+00 8.02493155e-01
    3.43396187e-01 -2.58430988e-01 9.67654288e-01 -2.70094991e-01
    -2.51122564e-01 9.07707155e-01 4.54625130e-01 -3.45086396e-01
    -5.77244818e-01 1.84161019e+00 1.62540746e+00 5.97809911e-01
    3.93881738e-01 1.63856626e+00 3.01422477e-01 1.01216602e+00
    5.18409312e-01 -3.48075688e-01 1.45083690e+00 -5.85956335e-01
    -2.98386306e-01 8.16762865e-01 8.23344469e-01 7.40403473e-01
    4.79733646e-01 8.60527456e-01 9.08864737e-02 -6.01805151e-01
    1.63638878e+00 7.71330118e-01 -5.95240831e-01 1.70325553e+00
    1.03650475e+00 -3.25437427e-01 -2.66854584e-01 1.74876928e+00
    3.87724638e-01 1.76002324e-01 1.10238659e+00 7.47391582e-02
    -3.77850503e-01 -1.84774876e-01 3.88798594e-01 1.58930516e+00
    3.45122218e-02 4.08377647e-01 1.32631874e+00 2.06990898e-01
    1.14329720e+00 -4.64028716e-02 4.01055813e-01 1.62212694e+00
    -1.02577448e-01 5.52718937e-01 1.24956727e+00 3.75164032e-01
    -2.21350551e-01 2.54006982e-01 4.29924607e-01 4.55167651e-01
    1.68172431e+00 7.57464647e-01 -2.07737684e-01 1.34677780e+00
    1.61801291e+00 1.58811748e+00 -3.77426386e-01 -3.79591107e-01
    1.07862639e+00 -1.62109435e-01 8.77144754e-01 -1.19122028e-01
    -2.26650536e-01 4.31443751e-01 8.10786068e-01 2.92614758e-01
    1.71639943e+00 6.34576678e-02 1.93127298e+00 -3.74249935e-01
    -2.99705744e-01 -2.85067499e-01 -4.85820472e-01 3.92097950e-01
    -5.89681864e-02 6.45234823e-01 1.63861525e+00 1.63120151e+00
    1.37491012e+00 6.86558545e-01 1.34821105e+00 9.04024839e-01
    1.47883093e+00 7.65520990e-01 -1.94441617e-01 1.68747067e+00
    8.43523145e-02 -7.34357715e-01 1.68740821e+00 -2.40384698e-01
    9.85012174e-01 2.29263186e-01 4.54277992e-01 -3.26460004e-02
    1.20022488e+00 -1.52971745e-01 -7.03884661e-01 2.30594695e-01
    6.84290767e-01 5.61216295e-01 7.71884620e-01 1.25789714e+00
    6.21586144e-01 -3.25583011e-01 -7.28636980e-01 -5.44246137e-01
    -2.92525262e-01 -1.85174286e-01 -3.23853135e-01 5.66236436e-01
    -3.16219270e-01 5.82992435e-02 1.08183789e+00 4.41183031e-01
    -7.33292818e-01 -7.04838514e-01 3.16806138e-01 1.26079619e+00
    1.73773336e+00 6.51200533e-01 -2.07014620e-01 -5.08388281e-01
    4.02923822e-02 -4.15767729e-01 2.10650265e-01 1.65138054e+00
    -1.27597272e-01 -5.69671988e-02 8.41833651e-01 -3.82151008e-01
    1.07052279e+00 4.11683083e-01 -2.06243932e-01 4.11045551e-03
    1.55586839e+00 1.82853150e+00 1.65723288e+00 -3.41950268e-01
    -4.01048601e-01 1.54608226e+00 1.70312583e+00 1.54396033e+00
    4.77003574e-01 -5.53220034e-01 1.57914412e+00 8.44553471e-01
    2.33219683e-01 2.94074953e-01 -7.82669961e-01 6.54552281e-01
    -9.06013250e-02 7.72990048e-01 3.08770716e-01 9.92443740e-01
    8.97119045e-02 3.99909377e-01 -1.81096792e-01 1.37645912e+00
    1.17520154e+00 1.16879702e-01 6.19476855e-01 1.74430072e+00
    -4.33807373e-01 -6.81829453e-03 8.59827101e-01 -4.52049762e-01
    1.75806224e-01 2.65022159e-01 -3.52833688e-01 -2.12106347e-01
    -6.83897436e-01 9.38893914e-01 -5.06489277e-01 3.38271976e-01
    1.82958901e-01 -7.63654113e-02 5.75321317e-02 1.15937591e+00
    1.40590560e+00 -7.68666685e-01 -5.39418340e-01 9.70079720e-01
    2.65803874e-01 4.91282523e-01 9.19464767e-01 -3.44950408e-01
    -4.35244471e-01 1.78805614e+00 1.27714634e-01 9.59267318e-01
    1.46672666e-01 -1.97782516e-01 -4.97857839e-01 -2.34891057e-01
    -2.54410684e-01 1.00879228e+00 4.07755077e-01 -7.00803757e-01
    -7.84976482e-02 1.11013770e+00 1.19931769e+00 6.82445765e-01
    1.01368642e+00 -6.44747615e-01 1.41474307e-01 5.68112314e-01
    1.23523378e+00 7.34810054e-01 -6.38196230e-01 -2.58086741e-01
    1.09001064e+00 1.52309024e+00 -1.13479972e-01 1.40077698e+00
    1.42220604e+00 -4.03505534e-01 1.67246580e-01 1.17705989e+00
    1.73860598e+00 -4.99038070e-01 1.62779546e+00 -6.32541418e-01
    1.67690682e+00 -1.40937984e-01 1.51466513e+00 4.17852402e-01
    -3.78832221e-01 1.08769536e+00 8.06133747e-02 1.34754360e+00
    1.38433361e+00 6.15379572e-01 -5.38926125e-02 -2.33481824e-01
    1.74382091e+00 1.35537052e+00 1.93490803e-01 6.01415157e-01
    -1.33792520e-01 -5.93966007e-01 -2.11311579e-02 1.20249903e+00
    -1.59978747e-01 8.85106862e-01 -1.33648157e-01 -1.43408179e-01
    1.47528768e-01 -2.81081378e-01 1.73170352e+00 9.11759138e-01
    -4.89230752e-02 -3.43574047e-01 8.29175770e-01 -6.31193876e-01
    3.55599642e-01 4.41848338e-01 -7.28324056e-02 5.49628019e-01
    8.63753974e-01 1.84739113e-01 9.94064569e-01 -5.71596384e-01
    -3.56402397e-02 -3.55282247e-01 4.46759701e-01 -5.50698221e-01
    -7.49357224e-01 1.07757056e+00 8.11885834e-01 5.98420620e-01
    1.66356945e+00 -4.33827400e-01 1.45840991e+00 -3.00746918e-01
    1.68591142e-02 3.80837917e-03 3.05759966e-01 7.61164844e-01
    -4.60461378e-01 2.60787606e-01 1.48108196e+00 3.35782290e-01
    8.76787901e-02 6.71221018e-02 1.08706355e+00 1.42314291e+00
    -2.41653442e-01 1.17100239e-01 1.23128355e-01 1.37721574e+00
    1.27544188e+00 1.39924276e+00 4.57785130e-01 3.06150615e-01
    -3.25912714e-01 -4.41634595e-01 1.03750253e+00 1.43716502e+00
    -2.90380716e-02 6.27308965e-01 1.22286856e+00 1.26565635e+00
    -7.14960098e-01 -6.76751852e-01 1.80123734e+00 -3.11626554e-01
    4.78059530e-01 1.42052412e+00 -4.08946574e-01 2.64597893e-01
    1.17997742e+00 1.46993041e-01 -5.30917168e-01 1.09390569e+00
    3.89961779e-01 -2.15828478e-01 2.28888929e-01 3.31004262e-01
    -5.33664227e-01 -3.25216740e-01 5.38063049e-03 -1.51293278e-01
    4.90302086e-01 1.88334525e-01 5.20992577e-01 8.47758949e-01
    7.64540792e-01 2.11158752e-01 1.10394406e+00 1.21434379e+00
    2.64442682e-01 1.34024334e+00 -2.31303573e-02 7.68365562e-01
    1.66098166e+00 -5.13204038e-01 6.47819161e-01 1.59556997e+00
    1.57705021e+00 3.29537332e-01 -7.39694834e-01 -2.01135874e-02
    1.34246850e+00 -5.24979234e-01 1.86739266e-01 1.01499319e+00
    1.15846562e+00 1.56822777e+00 -4.19117808e-01 -5.74756026e-01
    3.64638329e-01 7.74006546e-01 9.48718905e-01 1.39068770e+00
    -4.93518412e-01 1.34218562e+00 5.26671112e-01 7.22093463e-01
    -5.68043351e-01 1.47070289e+00 1.64654601e+00 5.80194890e-01
    3.10326993e-01 1.23282838e+00 -3.92517060e-01 -6.53720617e-01
    2.69115865e-01 -8.22836101e-01 1.51806438e+00 7.59449899e-01
    1.54539061e+00 6.55187130e-01 -7.77839065e-01 3.84049535e-01
    -1.38952374e-01 -6.75608754e-01 1.74750829e+00 1.57397389e-02
    -2.06368923e-01 1.67001152e+00 6.52667403e-01 -4.40889448e-01
    -5.76992035e-02 1.74975824e+00 4.14136827e-01 1.68901682e-03
    8.30891967e-01 -6.07322574e-01 -3.16242784e-01 1.09803319e+00
    6.55415952e-01 -7.64773726e-01 1.67954230e+00 1.22853816e+00
    1.08247089e+00 1.08579874e+00 7.06885695e-01 4.61683393e-01
    1.06877732e+00 -7.46419191e-01 1.16331637e-01 -4.95320052e-01
    1.38003850e+00 1.01838446e+00 2.95073867e-01 9.52150106e-01
    -1.89174235e-01 -6.59139752e-01 -3.05142969e-01 2.43420899e-01
    1.07768762e+00 1.79729247e+00 1.62864983e+00 -5.67750096e-01
    1.79405093e+00 2.56231368e-01 4.02791500e-01 6.55071557e-01
    5.81563115e-02 3.94077837e-01 1.11648798e+00 -3.21727455e-01
    2.13688970e-01 2.45060086e-01 1.04753768e+00 -6.37223601e-01
    1.43511176e+00 -3.34871083e-01 1.53862631e+00 3.55143666e-01
    3.34035993e-01 8.59879851e-02 1.52733159e+00 4.75523889e-01
    1.66724455e+00 -5.05871892e-01 -2.62522876e-01 -1.54617846e-01
    1.38796830e+00 1.55352676e+00 8.45797241e-01 1.73568141e+00
    7.70793915e-01 8.75456512e-01 -7.25595474e-01 8.56220722e-04
    1.40577579e+00 -6.08942389e-01 -8.29125047e-02 1.17055631e+00
    9.92722511e-01 3.54823887e-01 8.32066417e-01 2.32506692e-01
    1.44915223e+00 -1.03147030e-02 1.72367799e+00 8.31526160e-01
    2.99710512e-01 7.07288265e-01 2.04647183e-02 1.36427093e+00
    -3.68114263e-01 1.27459109e+00 -3.23263049e-01 1.73018861e+00
    6.71115041e-01 1.42798841e-01 1.29177380e+00 9.82016683e-01
    1.16918623e+00 7.46834397e-01 -7.25627542e-02 -1.48179352e-01
    -1.39944553e-02 1.42950606e+00 -1.60978377e-01 -4.69565392e-01
    -7.07778335e-02 -2.28981793e-01 7.43905723e-01 -1.33763134e-01
    -1.27964437e-01 -5.88676631e-01 -3.60128164e-01 1.07994890e+00
    6.67675972e-01 -4.09319788e-01 8.47019434e-01 5.11780381e-01
    7.63977051e-01 1.57047093e-01 1.51336932e+00 -5.93659759e-01
    1.44855022e+00 1.57874393e+00 4.15377498e-01 1.55794442e-01
    -4.28499848e-01 6.33641422e-01 -2.88737208e-01 -1.53878868e-01
    1.07728672e+00 7.31912553e-01 5.28486013e-01 6.93902493e-01
    6.79484665e-01 -6.86874568e-01 1.78777647e+00 1.38312685e+00
    -5.24219394e-01 6.87955260e-01 3.59200895e-01 3.34631503e-01
    7.40652919e-01 8.18898082e-01 1.26377547e+00 1.04702890e+00
    8.69531751e-01 1.45433164e+00 5.62906146e-01 1.15582085e+00
    1.11110294e+00 9.52511549e-01 -4.06684846e-01 1.55356228e+00
    -4.28266674e-01 -5.16128182e-01 2.15580702e-01 1.25602055e+00
    1.35516715e+00 3.90506864e-01 1.07972193e+00 8.15456808e-01
    7.21880674e-01 -6.19963527e-01 -6.53763115e-01 1.12996125e+00
    1.22016013e+00 1.07592869e+00 5.08933902e-01 -5.31375408e-01
    7.54761040e-01 7.22121775e-01 -4.70906019e-01 9.55961168e-01
    1.06429029e+00 1.05008781e-01 -5.59915781e-01 1.49514461e+00
    1.37448597e+00 1.40530324e+00 9.00493622e-01 -5.89315355e-01
    -4.28712755e-01 -4.26531285e-01 8.95920634e-01 -4.28468555e-01
    1.49536729e+00 -1.11550748e-01 1.03352523e+00 1.28595018e+00
    1.74938750e+00 -3.13999206e-01 1.38965261e+00 1.10652840e+00
    -3.15582305e-01 -6.97303355e-01 1.58429742e+00 -1.42454863e-01
    1.50014830e+00 -6.99465275e-01 -1.84230566e-01 -5.85246086e-02
    2.11223960e-02 5.66386402e-01 1.19158912e+00 -6.24709487e-01
    -6.07664406e-01 -4.97801125e-01 4.03636456e-01 -1.90177947e-01
    1.16794133e+00 3.65541756e-01 1.06596255e+00 -5.57677031e-01
    7.65194893e-01 1.08176327e+00 9.42209005e-01 1.36473596e-01
    1.26130819e+00 1.30701661e+00 1.30196953e+00 3.51605713e-01
    -4.45960194e-01 9.31055725e-01 6.89907193e-01 -4.63279366e-01
    -3.68065834e-02 1.44603467e+00 1.60303259e+00 7.03803658e-01
    3.39613497e-01 -2.81611502e-01 1.19129562e+00 9.74582493e-01
    -1.74707234e-01 1.66413617e+00 2.67709792e-01 2.86088288e-01
    1.49322367e+00 9.30863798e-01 -7.20661163e-01 7.65067399e-01
    7.09813595e-01 2.06411481e-01 -2.12192416e-01 7.44561553e-01
    5.38493931e-01 1.01139092e+00 1.47387409e+00 5.17934322e-01
    8.12935710e-01 4.94643748e-01 -7.72634625e-01 1.52075720e+00
    2.25679278e-02 8.28440368e-01 -5.76405466e-01 -3.43876719e-01
    4.67268229e-01 4.84256983e-01 -1.29655600e-02 8.88618290e-01
    9.82666552e-01 -3.85297298e-01 1.26898503e+00 -4.23767060e-01
    8.95088971e-01 -7.23977685e-01 1.08271670e+00 9.50608552e-01
    4.29382741e-01 -4.46568102e-01 1.61285257e+00 4.50359344e-01
    1.42796898e+00 -5.23591399e-01 3.87274981e-01 -7.14407086e-01
    1.58947229e+00 1.51152253e+00 3.09038341e-01 1.17787397e+00
    3.56538415e-01 8.36061060e-01 7.61380613e-01 -1.94576085e-01
    -3.46742153e-01 -3.34635496e-01 1.10513449e+00 6.45840704e-01
    -2.42777944e-01 9.46168363e-01 -6.09873533e-02 6.71021402e-01
    -9.24864411e-02 -6.08887792e-01 2.28209555e-01 4.57029939e-02
    1.17660058e+00 -1.08919501e-01 4.03284431e-01 1.57026339e+00
    5.30337214e-01 1.69184244e+00 3.06297660e-01 1.53583431e+00
    -3.66001368e-01 -2.55327612e-01 8.37121546e-01 2.43892491e-01
    -1.84308529e-01 -8.40243697e-02 4.90352929e-01 -4.17698085e-01
    5.59094548e-01 1.34796524e+00 7.21998990e-01 1.35351014e+00
    -3.23185384e-01 4.17060435e-01 6.70335293e-02 5.39357841e-01
    6.86059058e-01 -3.43545437e-01 5.39043546e-02 -8.64047647e-01
    9.17432547e-01 5.24656534e-01 6.20772779e-01 1.79459190e+00
    -6.24382079e-01 3.03706765e-01 1.07271934e+00 -3.26967180e-01
    1.45732784e+00 1.32551348e+00 1.82871342e-01 -1.93318307e-01
    7.88922548e-01 5.23911953e-01 1.15192533e-02 1.59480190e+00
    -1.57774866e-01 1.12316656e+00 -4.09226418e-02 -4.13337916e-01
    -1.23267710e-01 5.93647420e-01 9.90845263e-01 -8.54175687e-02
    1.39652705e+00 3.50306869e-01 -2.95342594e-01 5.19088686e-01
    -4.85638022e-01 4.89817202e-01 1.00286984e+00 2.25997508e-01
    2.89807141e-01 -5.77324331e-01 3.47782731e-01 -6.23197734e-01
    1.05686879e+00 1.56916749e+00 9.59115267e-01 8.60767663e-01
    1.16874552e+00 1.31511331e+00 5.74961841e-01 3.43902647e-01
    -2.31340647e-01 5.30790865e-01 1.11352301e+00 2.82345116e-01
    -2.75467038e-02 -5.69533050e-01 1.45796800e+00 -2.84414828e-01
    4.34207559e-01 1.13540149e+00 1.34084058e+00 -1.58195972e-01
    5.20162582e-02 -1.46646917e-01 -6.73241496e-01 8.56616974e-01
    1.76764107e+00 -3.34468931e-01 1.30087113e+00 -2.06686795e-01
    1.23304188e-01 1.23588765e+00 -3.11732262e-01 -1.13696218e-01
    -5.69837391e-01 3.02894652e-01 7.66877115e-01 3.21693420e-01
    1.01810932e-01 -2.36738861e-01 7.36058176e-01 2.06778288e-01
    -1.61007702e-01 -4.50795650e-01 8.55035782e-02 -5.83655298e-01
    1.77787781e-01 1.54457223e+00 1.61512017e-01 1.63429499e+00
    7.65646696e-02 1.03852773e+00 -4.64478046e-01 1.21393704e+00
    -7.19940484e-01 -9.38578248e-02 1.21250021e+00 7.66872406e-01
    9.78077173e-01 1.42708755e+00 -4.03817594e-01 1.67821097e+00
    1.67013955e+00 -7.47500479e-01 1.39169550e+00 -1.78117633e-01
    -2.86759615e-01 -7.53670394e-01 -2.62763709e-01 4.18546915e-01
    4.05808210e-01 5.07702708e-01 -3.41704845e-01 2.15228438e-01
    6.30845249e-01 1.04810429e+00 -7.75435627e-01 -3.62777472e-01
    5.62897027e-01 1.11862159e+00 6.65973306e-01 -3.83867264e-01
    -7.41018057e-02 -7.26987660e-01 2.96901464e-01 1.33039021e+00
    1.11192060e+00 -5.63487232e-01 2.23773479e-01 1.02908838e+00
    -6.97126806e-01 1.09875548e+00 1.59947813e+00 -2.59679765e-01
    -5.06959558e-01 -6.17592216e-01 4.86358047e-01 1.74950004e+00
    1.33602870e+00 7.30984807e-01 8.44399154e-01 5.16606987e-01
    7.09183991e-01 1.16124296e+00 1.87556839e+00 5.06626964e-01
    1.45832348e+00 1.43372250e+00 1.43978739e+00 1.74849355e+00
    4.60242629e-01 2.19952106e-01 -7.09285438e-01 -2.46766984e-01
    1.13013470e+00 1.13707280e+00 -3.81764889e-01 -6.81112587e-01
    9.70513701e-01 1.09943891e+00 1.50027788e+00 1.65007031e+00
    -3.73816043e-01 1.00718582e+00 6.37190402e-01 1.20849419e+00
    -5.41094720e-01 8.26856554e-01 1.37093377e+00 -5.78236282e-01
    -6.79505765e-01 1.18994200e+00 -5.62580347e-01 8.54744852e-01
    1.39277494e+00 7.51818538e-01 -3.46986741e-01 -1.76566839e-03
    -1.44748867e-01 6.22216880e-01 1.84202337e+00 -7.15873301e-01
    -3.77870381e-01 -1.49358213e-01 1.26388168e+00 6.13658488e-01
    1.69055879e+00 1.29305816e+00 1.60650229e+00 -2.74048686e-01
    7.02643991e-02 4.96220171e-01 -8.36491585e-02 9.47320104e-01
    1.67453909e+00 1.56064034e+00 1.50691605e+00 9.42996323e-01
    -1.36926234e-01 -6.79374278e-01 1.67640162e+00 1.09749365e+00
    3.86630952e-01 1.68392467e+00 -5.12643218e-01 1.01885700e+00
    -3.65498483e-01 9.16358411e-01 1.06354296e+00 -6.29990280e-01
    1.77779126e+00 -4.37558264e-01 9.02587652e-01 2.69481659e-01
    5.52425802e-01 -1.47055328e-01 4.15791690e-01 7.83313453e-01
    -6.28150105e-02 5.80680966e-01 1.58196187e+00 7.14920819e-01
    6.00157797e-01 1.24380374e+00 1.61734545e+00 -5.91658235e-01
    5.32175541e-01 -1.60323620e-01 2.61988938e-01 7.91957974e-02
    3.79808128e-01 -4.35391068e-02 4.84832704e-01 1.42194176e+00
    -4.92523581e-01 5.92101693e-01 -1.83041334e-01 -1.33801103e-01
    6.60692990e-01 1.02083540e+00 1.63102591e+00 1.12682879e-01
    -4.79356259e-01 1.51516747e+00 1.13584387e+00 1.48736882e+00
    1.68722677e+00 1.56100953e+00 -5.16948342e-01 1.03074217e+00
    -4.67716545e-01 4.65570867e-01 -6.75760686e-01 7.55996108e-01
    -1.18798018e-02 1.38542593e+00 1.34602237e+00 3.52567196e-01
    9.62134838e-01 8.73094738e-01 -3.07886600e-01 6.95508778e-01
    1.57714272e+00 8.29967558e-01 3.62574995e-01 2.59397030e-01
    1.08505666e+00 3.49210978e-01 1.26621032e+00 8.64850819e-01
    1.61238372e+00 1.45389152e+00 7.91171253e-01 -7.86867738e-01
    1.05707312e+00 9.92664874e-01 6.65819049e-02 -5.44960916e-01
    -5.00324368e-01 4.96099055e-01 1.65269935e+00 -5.85196614e-01
    1.43310499e+00 -2.01633632e-01 8.94090712e-01 -2.02489138e-01
    1.30829358e+00 -2.86827117e-01 -7.75724828e-01 -3.12719524e-01
    9.43095207e-01 -7.95042515e-03 1.64450240e+00 5.67239344e-01
    1.59455490e+00 6.11652493e-01 1.56805634e-01 -7.64045954e-01
    1.34087169e+00 1.61171687e+00 -4.11118448e-01 3.03456724e-01
    -7.75913954e-01 -2.17598438e-01 1.65217507e+00 8.98447990e-01
    1.37556100e+00 1.22829199e+00 -7.42674470e-02 -8.36491048e-01
    1.26873970e+00 1.60486770e+00 1.26155210e+00 1.13681269e+00
    1.26025462e+00 2.77078807e-01 1.08925223e-01 -5.65805435e-01
    1.34865177e+00 1.28115439e+00 3.47694874e-01 -3.25234354e-01
    9.04039741e-02 1.64660132e+00 -6.01115048e-01 9.45886374e-01
    1.10589314e+00 7.65567899e-01 -1.07126713e-01 5.80309212e-01
    -3.65877181e-01 5.10472059e-02 9.66060042e-01 1.45577216e+00
    -5.71962774e-01 3.10873806e-01 -4.31436896e-01 9.95827377e-01
    1.12311387e+00 -1.29715979e-01 1.42591429e+00 7.35695243e-01
    1.01545930e+00 -7.57094145e-01 5.52022457e-03 1.42968273e+00
    3.97210360e-01 6.33179426e-01 -5.21349132e-01 1.61973882e+00
    1.60531056e+00 -6.11952543e-02 -3.98912072e-01 1.41746044e+00
    4.89877284e-01 3.76035094e-01 -2.61451125e-01 4.25540447e-01
    1.66549742e-01 1.04766345e+00 -6.67108715e-01 1.07375813e+00
    1.52558327e-01 9.90794301e-01 1.61297560e+00 1.68433535e+00
    1.26909995e+00 8.64680827e-01 1.55883050e+00 1.58752465e+00
    -3.59916091e-02 1.74738216e+00 -3.05095911e-02 1.42782450e+00
    -5.44063568e-01 9.44125891e-01 8.22271168e-01 -3.13398033e-01
    1.78279769e+00 1.16622686e+00 1.94342315e-01 6.28359914e-02
    -3.86843652e-01 1.04277134e-02 3.28589380e-01 7.36538887e-01
    1.18313932e+00 3.71497631e-01 1.23894596e+00 9.57090020e-01
    6.41669393e-01 1.46612263e+00 4.15830791e-01 1.56227601e+00
    1.34027457e+00 1.28466105e+00 4.06972826e-01 -3.81411523e-01
    -2.12435901e-01 -6.41747117e-02 9.84597921e-01 1.73611403e+00
    -1.91952378e-01 -2.89439738e-01 1.43754220e+00 -3.49782974e-01
    -7.14887083e-01 4.40905333e-01 -3.35020721e-01 7.44882107e-01
    -1.15332603e-02 9.38372016e-01 2.23340034e-01 1.06355321e+00
    1.39401376e+00 -7.76955485e-01 3.51841450e-02 1.61652112e+00
    8.20982099e-01 1.09907007e+00 9.57244813e-01 2.24235117e-01
    2.93214977e-01 3.00010979e-01 1.07380247e+00 -6.45423055e-01
    1.34572160e+00 3.78129482e-02 -8.00908804e-02 1.53726864e+00
    -6.31310225e-01 1.12800169e+00 8.39693248e-01 4.48863029e-01
    1.14468455e+00 -1.25261962e-01 1.29549396e+00 4.14051175e-01
    -2.30972111e-01 3.46113920e-01 1.43670392e+00 -2.11801946e-01
    -1.67986333e-01 1.69425464e+00 1.57710910e-01 8.86472106e-01
    9.01990831e-01 6.54511750e-01 1.34561491e+00 -6.70462251e-02
    3.87082458e-01 -2.42018282e-01 7.72072673e-02 1.54348969e+00
    1.24511886e+00 -5.28608501e-01 4.50704813e-01 3.89437675e-01
    1.46738315e+00 5.57479858e-02 1.34375155e-01 1.65713406e+00
    9.26747561e-01 5.51217318e-01 7.42323935e-01 1.59739494e+00
    1.26991796e+00 4.98824894e-01 1.21366954e+00 2.08585143e-01
    -4.45838779e-01 1.12102842e+00 1.61262119e+00 4.75206137e-01
    1.26560044e+00 1.05728984e+00 2.48139322e-01 8.43866527e-01
    1.57181466e+00 -2.83056796e-01 -5.12759328e-01 1.70981550e+00
    -2.41897106e-02 -4.99416769e-01 -5.29661179e-01 -7.37278461e-02
    -2.42249131e-01 1.05719423e+00 -3.19915026e-01 -4.89717931e-01
    7.78307319e-01 1.29648232e+00 2.79172421e-01 4.32907999e-01
    9.78418291e-01 5.29188871e-01 -3.47061753e-02 -3.39391172e-01
    9.14444089e-01 1.56557775e+00 4.82399464e-02 -5.38976192e-01
    -1.00015402e-02 1.58033943e+00 1.00780010e+00 3.87442112e-01
    9.51533318e-02 -5.85113585e-01 1.74761927e+00 -6.22422636e-01
    9.22783911e-01 -3.95818055e-01 5.15036106e-01 6.01609528e-01
    1.16743338e+00 1.45747173e+00 3.90892088e-01 9.18688655e-01
    -5.25103748e-01 -3.81588966e-01 1.73097038e+00 1.09397769e+00
    -2.18993783e-01 1.05981517e+00 1.47242343e+00 1.12883735e+00
    -4.83487040e-01 -7.70085752e-01 1.39834499e+00 -4.69406247e-02
    6.81466460e-01 -2.91168630e-01 7.69810617e-01 1.63955140e+00
    1.00145745e+00 1.14360130e+00 1.55411303e+00 1.62568152e+00
    8.09467256e-01 1.62945604e+00 7.80115783e-01 -5.66621542e-01
    -1.23339713e-01 1.78161287e+00 -5.32642484e-01 9.91752326e-01
    8.95030677e-01 5.56176186e-01 -3.03278059e-01 -4.35664058e-01
    3.29987705e-01 2.40611494e-01 -4.88800704e-01 -4.51985329e-01
    1.46074963e+00 -1.30160928e-01 1.15018487e+00 1.61338711e+00
    2.94436872e-01 7.39724398e-01 -2.98133910e-01 6.90812945e-01
    1.67359447e+00 9.25531328e-01 2.56812572e-03 -4.98098493e-01
    8.90373170e-01 8.40580463e-03 7.64935911e-01 6.18675351e-02
    1.31250691e+00 1.34708631e+00 2.69898713e-01 1.30276942e+00
    1.06671190e+00 1.69200897e-02 5.29083312e-01 3.27992618e-01
    -5.82452714e-01 2.40203381e-01 -3.01971465e-01 1.24522352e+00
    1.63394475e+00 2.86055505e-01 1.50240159e+00 3.64450634e-01
    -2.28211522e-01 4.14402544e-01 -3.90699178e-01 -1.42233849e-01
    1.46915174e+00 -5.68540215e-01 1.29116845e+00 1.35153615e+00
    1.37267137e+00 -8.19014907e-02 -2.25554585e-01 7.20237672e-01
    8.80449951e-01 1.35051107e+00 2.49492705e-01 1.21912146e+00
    1.12342024e+00 5.22995055e-01 -2.00087428e-02 6.08583331e-01
    1.20813727e-01 -6.16806448e-01 1.47192240e-01 5.53457022e-01
    7.21698761e-01 1.08763981e+00 -6.22134924e-01 -1.97389066e-01
    1.46487379e+00 1.06166291e+00 1.73244977e+00 1.40732229e-01
    1.06484866e+00 -1.01997733e-01 3.88373137e-01 4.88724709e-01
    2.17919469e-01 3.28693271e-01 2.20347762e-01 1.67562604e+00
    1.45697117e+00 6.07480228e-01 -2.46224463e-01 1.29673719e+00
    1.46866763e+00 1.86306405e+00 3.91082048e-01 1.41356421e+00
    8.20630550e-01 -4.61186767e-01 3.60384703e-01 1.62091231e+00
    -1.92891389e-01 -6.41738832e-01 -1.86757803e-01 -6.54468358e-01
    6.25719547e-01 1.26711512e+00 2.62972713e-01 1.46546507e+00
    2.58546114e-01 -3.10618699e-01 -3.78581583e-01 5.80421150e-01
    9.76381242e-01 -8.15427303e-01 1.19287181e+00 1.64214969e-01
    1.19455802e+00 9.01976943e-01 1.98574686e+00 1.72140193e+00
    1.09157467e+00 -1.90891564e-01 2.15951085e-01 1.42494392e+00
    -2.57714391e-02 1.25405622e+00 1.32637978e+00 1.35467410e+00
    -6.65631652e-01 -3.15879881e-01 -2.94453323e-01 1.17004967e+00
    6.26151681e-01 2.25533426e-01 5.90100765e-01 4.41091835e-01
    1.53021038e+00 6.60055637e-01 1.63473392e+00 8.18972230e-01
    -6.43914342e-02 1.24532640e+00 9.85055804e-01 4.63732541e-01
    -4.04683888e-01 1.40597582e+00 1.21904683e+00 7.26755202e-01
    1.55457497e+00 7.23942161e-01 -3.27578396e-01 3.28372121e-01
    5.16393781e-02 -4.19850945e-01 8.76178205e-01 4.57655787e-02
    1.42310071e+00 1.40158939e+00 8.14384103e-01 7.13419199e-01
    1.62085176e-01 1.05272472e-01 -2.54594088e-02 6.94752812e-01
    1.62543654e-01 1.37152004e+00 -5.73839545e-01 1.53238773e-01
    9.52124894e-01 -7.57362664e-01 -6.03735030e-01 1.26108634e+00
    8.18139374e-01 5.60106575e-01 1.60951567e+00 1.21342623e+00
    -3.36135745e-01 -1.73191130e-01 1.04014063e+00 5.52321315e-01
    1.94562674e-01 -5.53947330e-01 5.68762124e-01 1.02977085e+00
    6.52169883e-01 2.52315104e-01 -5.84369421e-01 3.00670505e-01
    8.71390820e-01 9.29244697e-01 6.69944942e-01 4.74872112e-01
    -8.13852549e-01 1.45924437e+00 -3.71120453e-01 1.08533955e+00
    -1.47147655e-01 1.29931283e+00 1.64118659e+00 1.53164649e+00
    1.63358116e+00 1.63174176e+00 1.76523185e+00 -3.76233727e-01
    1.54410291e+00 -5.91362536e-01 5.68429351e-01 1.53082633e+00
    1.18502307e+00 1.13217437e+00 4.97772992e-01 -6.15638435e-01
    -2.53467977e-01 1.60755467e+00 2.35247195e-01 1.47395003e+00
    -8.53631020e-01 -3.06080401e-01 1.48619533e+00 1.19945550e+00
    -2.29788184e-01 5.08545876e-01 7.32816219e-01 -1.19265914e-01
    5.62879682e-01 3.21272731e-01 6.04486287e-01 -2.01982260e-03
    1.43764782e+00 1.11752796e+00 1.01757085e+00 1.27696872e+00
    1.36537158e+00 7.48996854e-01 -4.20340061e-01 -4.12170857e-01
    1.35051847e+00 1.57126379e+00 1.98414922e-02 -6.32113218e-01
    1.70852900e+00 -1.67243659e-01 -5.24340451e-01 7.05198407e-01
    -1.06932759e-01 1.24939382e-01 1.16631830e+00 -2.69672632e-01
    1.53577173e+00 -6.76911891e-01 5.84606647e-01 3.17011595e-01
    1.56594706e+00 -3.97443503e-01 5.64179003e-01 1.10542345e+00
    9.48812127e-01 8.86356771e-01 -3.86532903e-01 -6.53370321e-01
    4.97980118e-02 9.88685012e-01 8.87128234e-01 -9.02976394e-02
    -6.89502656e-01 1.18833947e+00 7.82623887e-02 2.58046448e-01
    1.71891439e+00 1.57409394e+00 1.68201709e+00 7.93981016e-01
    1.52664268e+00 1.31221223e+00 1.46602035e+00 -7.05518782e-01
    1.42072153e+00 1.03487313e+00 -1.06982648e-01 -5.10538220e-01
    1.47767043e+00 6.51510954e-02 6.77605510e-01 1.35611451e+00
    -4.02715027e-01 1.49889517e+00 2.19558358e-01 1.20799613e+00
    -6.96345985e-01 1.31200695e+00 6.33885205e-01 1.37233698e+00
    6.04173481e-01 4.44972217e-01 2.35186815e-02 6.28254414e-01
    7.46686876e-01 2.64358521e-02 1.59076428e+00 1.07106733e+00
    -5.85825682e-01 4.44018245e-01 -6.85255527e-01 4.34557021e-01
    7.33285427e-01 1.55925655e+00 1.06717658e+00 4.16858137e-01
    1.51032853e+00 1.31196487e+00 -1.31356359e-01 -5.16856432e-01
    1.44546211e+00 -5.33165753e-01 -2.21699536e-01 -3.70386362e-01
    -2.05262303e-02 1.46376479e+00 1.62377632e+00 1.68226922e+00
    7.33566940e-01 1.38913786e+00 4.29835558e-01 -2.96318591e-01
    8.41222286e-01 -3.32052112e-02 1.05593932e+00 1.36798668e+00
    -3.06876898e-02 3.79058599e-01 1.47623301e-01 2.48558462e-01
    1.51754260e+00 -2.21477151e-01 -3.71769011e-01 1.52353132e+00
    4.97780919e-01 1.23396051e+00 -1.68597341e-01 6.13515437e-01
    -2.59328455e-01 6.75764680e-02 -6.59667611e-01 1.57896423e+00
    3.51195514e-01 7.27197349e-01 1.01277709e+00 -3.91280651e-01
    -7.12275326e-01 -6.45599604e-01 9.97869611e-01 4.54011619e-01
    2.55638361e-02 1.49207377e+00 -2.74427801e-01 6.62828684e-01
    -3.75293314e-01 4.25918519e-01 -2.34979868e-01 4.55559492e-01
    -3.94023061e-01 -6.92241609e-01 4.60158408e-01 3.86054933e-01
    7.64964223e-01 5.06755292e-01 3.15320551e-01 1.49511290e+00
    -5.43354392e-01 1.50122893e+00 1.61756468e+00 8.53114188e-01
    4.49510872e-01 1.30327189e+00 9.25920069e-01 9.86864686e-01
    1.66845465e+00 4.08778965e-01 1.82492638e+00 2.97547936e-01
    4.45620596e-01 1.37214041e+00 1.43526912e+00 1.52773118e+00
    6.44026339e-01 1.51162100e+00 1.21116865e+00 1.57416832e+00
    -8.05648327e-01 1.06946206e+00 -4.90129173e-01 7.54451752e-02
    5.41207492e-01 -2.87061274e-01 -4.98766273e-01 9.37817693e-02
    -6.57700419e-01 -4.13715988e-01 7.89384782e-01 7.60330081e-01
    1.71614099e+00 1.67269659e+00 1.65616870e-01 2.07012951e-01
    -3.12412649e-01 -7.99611807e-02 7.74354577e-01 6.09084666e-01
    1.21694386e+00 -4.65985656e-01 1.77282631e-01 2.38864422e-01
    9.06676531e-01 6.10584438e-01 6.03056312e-01 1.13142478e+00
    -6.49886847e-01 -4.24532145e-01 1.50018990e+00 1.64866483e+00
    -4.76121902e-04 6.60252213e-01 3.94306362e-01 1.50490701e+00
    -7.47055471e-01 8.83788228e-01 1.05577481e+00 3.88096452e-01
    1.30571628e+00 1.32320070e+00 2.91566193e-01 1.49937284e+00
    1.16491961e+00 1.62148690e+00 4.35718596e-01 -1.57913566e-01
    1.20021939e+00 -8.18510532e-01 1.07034111e+00 -7.51785278e-01
    -5.46984673e-01 8.80981624e-01 4.09979701e-01 9.76317942e-01
    -1.38202131e-01 5.49563050e-01 1.06706750e+00 1.04729271e+00
    -8.81903410e-01 1.00497758e+00 1.30169582e+00 3.85751784e-01
    -4.13360000e-01 6.83744609e-01 -2.62669921e-02 4.26279187e-01
    1.19812012e-01 5.06251216e-01 1.36208594e+00 9.08691585e-01
    4.51546133e-01 1.65213895e+00 4.66797411e-01 -4.42845076e-01
    -4.89693880e-03 -3.16413254e-01 1.30791283e+00 1.09842420e-02
    -2.73432136e-02 1.27152634e+00 1.72318530e+00 1.05500305e+00
    -5.22485256e-01 1.17621827e+00 7.04326928e-01 3.84375274e-01
    1.17253041e+00 -4.61821198e-01 -3.82649541e-01 1.37427187e+00
    -2.70389616e-01 5.76975167e-01 2.25640774e-01 -2.97610879e-01
    1.51626039e+00 -2.56794274e-01 7.82536268e-02 -2.16143131e-02
    1.60464919e+00 1.57675385e+00 -2.66857982e-01 1.50869310e-01
    -6.64184988e-01 -4.01598394e-01 4.09733951e-01 1.62369859e+00
    1.85690999e-01 -4.55375284e-01 -7.91503072e-01 -5.50547242e-02
    5.00827074e-01 8.27282667e-02 2.52784014e-01 8.32037866e-01
    1.47304654e+00 2.93491483e-02 6.45206213e-01 1.66678178e+00
    -5.41181803e-01 9.88095760e-01 -1.45004332e-01 -5.68028629e-01
    -2.72393018e-01 1.50865173e+00 1.45497847e+00 1.16339540e+00
    9.97072637e-01 1.14473319e+00 7.65939355e-01 1.62437367e+00
    -8.49453211e-02 -5.20100594e-02 1.08957458e+00 -7.80591846e-01
    1.13363576e+00 6.82891309e-01 2.52413332e-01 1.11377633e+00
    1.66689384e+00 -1.60771012e-02 8.56808126e-01 1.22078872e+00
    1.66308784e+00 8.20002437e-01 -4.02480245e-01 1.71817398e+00
    8.87297511e-01 1.55859828e-01 3.13566923e-02 2.77355254e-01
    9.31949735e-01 4.11843896e-01 3.29557419e-01 1.08627605e+00
    4.89026427e-01 -5.82177639e-02 -6.04374051e-01 1.72969043e-01
    2.32148349e-01 1.55454457e+00 -3.45819652e-01 1.06976032e-02
    -3.61162424e-01 -9.38006043e-02 7.39975691e-01 1.14999366e+00
    1.44841242e+00 -3.16358179e-01 -7.21280575e-01 1.07513392e+00
    6.39293194e-02 -4.15856868e-01 1.15719998e+00 -6.97523296e-01
    -3.60176444e-01 6.70461535e-01 -6.96568370e-01 2.06263483e-01
    -1.58774853e-02 1.41729164e+00 7.28840113e-01 9.15902793e-01
    -3.64391565e-01 8.43916357e-01 -5.40363371e-01 2.70495117e-01
    1.34727013e+00 7.76075482e-01 -3.17103446e-01 1.27664888e+00
    1.57614231e-01 -1.12484872e-01 8.17657173e-01 1.23306704e+00
    -2.02822506e-01 1.24343085e+00 -7.37503409e-01 1.22703195e+00
    1.17324317e+00 7.44089961e-01 -8.25091183e-01 -8.21105242e-01
    1.30950153e+00 -4.58637565e-01 6.70666516e-01 -5.66276670e-01
    -7.31879532e-01 8.19098711e-01 1.24980140e+00 -4.47842479e-01
    1.25760484e+00 1.31797695e+00 -7.59856403e-01 7.29861498e-01
    1.07891500e-01 -2.95861572e-01 -5.02035737e-01 -3.66473883e-01
    1.52155054e+00 -2.07041502e-02 8.05603862e-02 1.05461717e+00
    -6.02649450e-01 1.79479718e-01 1.52407646e+00 9.33257163e-01
    -5.10430932e-02 1.35141253e+00 3.24324250e-01 -3.62294912e-03
    7.59353817e-01 -3.40389669e-01 1.58336234e+00 1.34471941e+00
    2.71549165e-01 2.56182194e-01 -6.56256795e-01 1.20934558e+00
    2.03990936e-02 1.38518286e+00 1.41358781e+00 4.17633355e-02
    1.49808395e+00 2.64670849e-02 9.88761783e-02 -7.49329090e-01
    4.06724215e-03 4.71239626e-01 5.15620708e-01 -5.78400135e-01
    -6.80439889e-01 -2.62688398e-01 8.69256556e-01 -7.62428045e-02
    -4.72803354e-01 1.52771485e+00 1.71060109e+00 -6.89802885e-01
    1.84759498e-01 -1.72192812e-01 1.69466639e+00 -7.01937675e-01
    1.44734621e+00 4.68677223e-01 2.98446894e-01 8.31770897e-03
    -3.07324857e-01 8.03376138e-01 8.90612602e-01 1.71305752e+00
    1.20111156e+00 8.71469438e-01 9.94870126e-01 9.83777642e-02
    1.26131463e+00 -4.88084167e-01 8.92717540e-01 -5.96650958e-01
    4.77276206e-01 1.76189697e+00 -4.04818505e-01 -4.01537150e-01
    1.16855860e+00 -2.22478628e-01 1.44695032e+00 9.44980800e-01
    -1.24179900e-01 3.97973537e-01 -5.77064455e-01 1.94197893e-03
    3.79949689e-01 2.78267741e-01 6.24286413e-01 -3.18107724e-01
    1.68440175e+00 -7.54243910e-01 1.10040355e+00 -7.59791076e-01
    2.49337196e-01 -4.92006421e-01 1.41498590e+00 1.55095172e+00
    6.21897638e-01 9.41817641e-01 -7.50230432e-01 1.35150051e+00
    3.17267299e-01 6.83809996e-01 -2.34600604e-01 -6.49409950e-01
    1.04741037e+00 3.32557976e-01 3.67552578e-01 1.87816799e-01
    -3.69292319e-01 1.29037929e+00 1.40538740e+00 1.52748442e+00
    3.28922868e-01 3.80649805e-01 5.00832021e-01 1.17843783e+00
    1.71113002e+00 -7.86339641e-01 -6.94888353e-01 9.61135447e-01
    5.38560987e-01 1.42867398e+00 1.00078285e-01 4.74635839e-01
    -5.29101074e-01 -2.34268308e-01 1.42666268e+00 2.89630771e-01
    -4.82273102e-03 8.94172430e-01 -2.22789645e-01 9.47266340e-01
    1.09494209e+00 3.00081909e-01 1.47503448e+00 1.02391839e+00
    7.60423779e-01 1.25087559e+00 6.34584546e-01 9.47912514e-01
    1.24160480e+00 -2.58714080e-01 1.32284141e+00 1.68979228e+00
    3.88789177e-03 2.46247768e-01 5.84593654e-01 6.08284175e-01
    1.30385900e+00 1.08900595e+00 3.97802472e-01 -6.15172446e-01
    9.92208600e-01 1.57757711e+00 6.74463809e-01 1.49019110e+00
    1.55780184e+00 -2.13624358e-01 2.75367558e-01 2.21201777e-02
    1.25792527e+00 -2.54458129e-01 1.34070933e+00 -2.42458463e-01
    1.04400551e+00 1.47196686e+00 -3.66414130e-01 -7.23942041e-01
    9.36304688e-01 1.65647566e-01 -1.74567223e-01 -5.57986021e-01
    -6.07039750e-01 6.81400239e-01 1.81520462e-01 3.53348613e-01
    4.40387785e-01 1.76652122e+00 8.47078562e-02 -2.75926471e-01
    1.43288898e+00 1.69563818e+00 6.68542147e-01 6.95489109e-01
    3.70641589e-01 -5.82154632e-01 -7.26997256e-01 3.65179956e-01
    -4.56948161e-01 -1.68277681e-01 5.42371094e-01 -7.35639215e-01
    1.71004725e+00 4.55206335e-01 1.20715845e+00 -7.45348692e-01
    7.18684971e-01 2.99486041e-01 1.51006854e+00 8.53401423e-03
    9.82796252e-01 -4.66855228e-01 1.47589326e+00 -5.18517613e-01
    1.54535747e+00 1.48212600e+00 1.04294300e-01 -5.95474243e-01
    5.06783426e-01 -1.47772193e-01 5.12278736e-01 5.61787963e-01
    1.44647408e+00 1.19473588e+00 -1.12026930e-01 1.24870658e+00
    3.52758169e-01 -4.28714842e-01 4.81536448e-01 1.04474556e+00
    -1.29359961e-03 1.02703619e+00 4.02750254e-01 3.22133303e-03
    -3.52247268e-01 1.06235194e+00 1.47681022e+00 1.57288849e+00
    3.99825513e-01 2.18897760e-01 -6.15766346e-01 1.48437798e-01
    -5.57919562e-01 -5.88220358e-03 -1.76171482e-01 2.65332699e-01
    -1.36200547e-01 -4.90628809e-01 1.79936838e+00 1.27630436e+00
    2.70139098e-01 -2.49211103e-01 -5.95002413e-01 -5.79046428e-01
    1.76238966e+00 1.56684160e-01 1.15495563e-01 -2.75422215e-01
    -2.05068409e-01 1.58865905e+00 -7.32936740e-01 1.05453563e+00
    -4.56440866e-01 9.47908938e-01 -6.40783250e-01 1.73400712e+00
    7.84724832e-01 -4.08930123e-01 1.29485464e+00 1.90122128e-01
    5.46253026e-01 1.64576769e-01 -4.23829764e-01 1.47677004e-01
    1.33714509e+00 6.27990842e-01 1.23240161e+00 -1.58286393e-01
    1.09610486e+00 1.14510036e+00 6.03665650e-01 -3.59685957e-01
    1.32720351e-01 4.64894652e-01 2.02271342e-02 7.76518941e-01
    1.30340505e+00 3.99207056e-01 9.30953741e-01 1.67334962e+00
    5.27030706e-01 -5.40955305e-01 1.58087301e+00 1.39965761e+00
    1.01334596e+00 -9.29403901e-02 1.00136518e-01 1.61883855e+00
    1.63437963e-01 -1.71244144e-04 -2.03586847e-01 6.32882714e-02
    1.48853540e+00 1.59272838e+00 -5.13502479e-01 1.31669259e+00
    -1.54117823e-01 3.78156066e-01 7.19252646e-01 6.93674564e-01
    4.74258780e-01 1.02162540e-01 -5.70368350e-01 8.03349257e-01
    9.68837261e-01 1.27622819e+00 -2.59993076e-01 1.55704141e+00
    1.47469676e+00 1.07761824e+00 1.42114341e-01 -2.42949754e-01
    1.03629529e-01 -2.43366033e-01 3.43965769e-01 6.10521674e-01
    -6.72990799e-01 1.15204453e-02 3.32830489e-01 7.30981827e-02
    -4.72091436e-02 -2.80038536e-01 -2.14631796e-01 3.23782444e-01
    1.34603953e+00 1.19392931e-01 -1.79142475e-01 -4.21020985e-02
    5.91884315e-01 1.60847068e+00 7.72009194e-01 1.19113123e+00
    -3.10488373e-01 5.42276025e-01 1.76905513e+00 9.69022334e-01
    6.39419973e-01 5.65375865e-01 9.02755558e-01 -3.87965500e-01
    -2.85735071e-01 -5.60840368e-01 1.19087029e+00 2.26197183e-01
    1.05764723e+00 -3.75587165e-01 1.25889587e+00 -3.80248666e-01
    -4.68150973e-02 9.46248472e-01 8.07291269e-02 1.62586713e+00
    -2.02075243e-01 1.45671964e+00 3.60671401e-01 1.35191631e+00
    1.55551386e+00 6.79519475e-01 5.85266292e-01 1.11650920e+00
    1.57486594e+00 -6.49729967e-02 4.87922430e-02 8.20130885e-01
    1.52701664e+00 7.93678522e-01 1.11577761e+00 1.00149131e+00
    -3.92627567e-01 3.71075928e-01 1.54719090e+00 1.14698172e+00
    1.69149137e+00 1.27184522e+00 -5.18373013e-01 -4.23645914e-01
    1.39755535e+00 3.85284126e-01 1.16699040e-01 1.63548398e+00
    1.78327227e+00 7.20529735e-01 -2.73818016e-01 1.77958310e-01
    6.03383303e-01 1.57914042e+00 1.74459696e+00 1.40355253e+00
    5.84525704e-01 1.42137587e-01 9.87509549e-01 9.38437343e-01
    6.63715422e-01 -2.23228395e-01 1.18607271e+00 4.55801070e-01
    -7.02994823e-01 1.27577853e+00 1.65157318e+00 1.29683602e+00
    1.09175849e+00 -2.19318390e-01 2.48423517e-01 1.58439517e+00
    9.79356170e-02 7.44869590e-01 -5.24675608e-01 1.60814571e+00
    1.14746761e+00 -7.97574520e-01 1.04294991e+00 9.66504335e-01
    1.82083523e+00 1.58699846e+00 -3.84475291e-01 1.58995247e+00
    1.62203813e+00 6.01120532e-01 7.08708644e-01 3.51756334e-01
    6.21120632e-01 3.47454488e-01 1.59023738e+00 -4.88241315e-02
    1.18826342e+00 -2.40399837e-02 7.42773950e-01 1.30145717e+00
    4.51860011e-01 3.58924270e-01 -4.30684090e-02 -8.37945402e-01
    -1.90768242e-01 -6.84508204e-01 4.83433247e-01 -8.57191920e-01
    1.19942474e+00 6.30374849e-01 1.20095944e+00 7.13598728e-02
    2.37065256e-01 1.52698088e+00 9.36681449e-01 1.18990123e+00
    1.03679371e+00 7.44205058e-01 1.36943221e+00 -1.93377137e-01
    6.50552273e-01 5.55742979e-02 2.67000794e-02 5.80972970e-01
    6.02420568e-01 -4.42405224e-01 7.47681618e-01 4.94994342e-01
    -2.89362967e-01 9.06919360e-01 3.11352968e-01 1.47328496e+00
    1.04669428e+00 -5.31813085e-01 -4.57488209e-01 1.10006392e-01
    -5.67738473e-01 6.12574399e-01 1.40148163e-01 -6.05443001e-01
    1.36258137e+00 -1.98307186e-01 4.87884462e-01 1.49774909e+00
    1.43597126e+00 1.57236457e-02 -1.24695182e-01 -3.97662610e-01
    1.67519939e+00 1.39506459e+00 6.50504827e-01 1.02354050e-01
    1.54405010e+00 1.55146039e+00 1.47601974e+00 -1.91179514e-01
    2.79222727e-01 -2.91681945e-01 4.40718532e-01 1.37383807e+00
    -4.65861559e-01 1.58241844e+00 2.62875140e-01 3.38827193e-01
    -5.79663336e-01 -4.08920854e-01 -4.39868212e-01 -2.10531354e-02
    1.02539384e+00 -1.51156545e-01 3.73807609e-01 9.66197670e-01
    3.35407436e-01 -1.96031094e-01 7.59416461e-01 8.83654475e-01
    -5.09671569e-02 1.49187529e+00 5.17677486e-01 1.60448444e+00
    1.58019853e+00 8.98526788e-01 7.43930280e-01 -3.51438940e-01
    -2.13206828e-01 -1.16143405e-01 9.94405031e-01 -5.84610403e-01
    4.34711397e-01 8.35065842e-01 1.30672097e+00 1.01698709e+00
    1.39776957e+00 1.14124131e+00 -4.62935269e-01 -4.45216894e-02
    7.55918622e-01 2.93072283e-01 1.57533264e+00 1.00868702e+00
    8.56233001e-01 5.04512191e-01 1.00010073e+00 1.25177383e-01
    1.69153523e+00 6.57229424e-02 -3.07350665e-01 9.55769420e-01
    5.62253892e-01 1.26002598e+00 -6.61740661e-01 -1.32130861e-01
    4.94672477e-01 2.77381420e-01 1.06200147e+00 1.38862443e+00
    3.05575669e-01 1.06009364e+00 -1.87010825e-01 7.02088952e-01
    -3.41317594e-01 1.60226905e+00 1.24408388e+00 1.04608488e+00
    6.60136461e-01 1.76056552e+00 7.84888506e-01 1.37161255e+00
    2.56415248e-01 3.25948000e-02 -4.11542326e-01 6.16399348e-01
    1.09186006e+00 1.10214949e-03 6.81336701e-01 7.84189105e-02
    1.55380666e-01 1.27431822e+00 6.83772564e-02 1.44845796e+00
    1.88048148e+00 3.87495577e-01 4.43643868e-01 5.88509977e-01
    7.44210243e-01 -5.19761086e-01 4.33339596e-01 1.06539583e+00
    -9.40583348e-02 3.37255836e-01 -3.62373114e-01 1.15331912e+00
    1.72129524e+00 1.17750311e+00 1.04990101e+00 -4.56757814e-01
    -3.35967779e-01 1.15162706e+00 -3.67270559e-01 7.44510651e-01
    -5.57913899e-01 7.20823407e-02 5.13223290e-01 -9.07824039e-02
    2.77662694e-01 1.28677487e+00 -4.37092781e-02 1.59044838e+00
    -4.52059537e-01 1.51301837e+00 8.49088788e-01 3.41294706e-01
    9.32274580e-01 3.51135790e-01 1.15276456e+00 3.39158773e-01
    1.10375762e+00 7.64380932e-01 -4.94259864e-01 1.04341745e+00
    -4.97136086e-01 4.28995311e-01 8.15117121e-01 8.06375742e-02
    1.11685729e+00 5.21704912e-01 -5.43364823e-01 1.75243926e+00
    2.59259582e-01 2.51354337e-01 1.30252182e+00 1.56088042e+00
    5.32535732e-01 5.26624918e-03 -6.11110806e-01 9.97913718e-01
    -3.96230549e-01 5.04172444e-02 -4.81154382e-01 1.59917021e+00
    -1.51854396e-01 -1.76195085e-01 1.75397539e+00 -7.21144617e-01
    4.44879532e-02 1.68014228e+00 9.80233312e-01 6.12827361e-01
    4.93972242e-01 5.26377380e-01 3.11644673e-02 -2.78127193e-02
    1.28287935e+00 -3.84205312e-01 -4.22972441e-03 -7.16258943e-01
    -7.66171575e-01 1.28452945e+00 7.39023387e-01 1.52671981e+00
    3.79302979e-01 7.06147790e-01 1.28088164e+00 -5.89187145e-02
    6.68047547e-01 4.20465887e-01 -8.27930629e-01 1.30155969e+00
    -1.06087208e-01 1.60000813e+00 -8.62465262e-01 1.34521365e-01
    8.17259252e-01 1.56924713e+00 6.46964371e-01 1.61875129e+00
    7.51881659e-01 7.22973883e-01 -6.49549067e-01 6.79041088e-01
    1.16660452e+00 -6.20888650e-01 6.55837715e-01 1.67456329e+00
    1.49645782e+00 9.55479145e-01 1.03647184e+00 7.43251085e-01
    7.98455000e-01 -6.86101258e-01 5.53424418e-01 5.77148259e-01
    1.11471772e+00 4.24756765e-01 -2.33344853e-01 4.92062807e-01
    7.53484130e-01 1.45284331e+00 1.93913758e-01 1.23915815e+00
    1.54053187e+00 1.52212524e+00 1.48429751e+00 1.02629554e+00
    -6.93318129e-01 1.28664613e+00 -7.48281240e-01 8.27265084e-01
    6.84020221e-01 1.02483547e+00 4.64727163e-01 1.57908607e+00
    -8.46321285e-01 9.82752621e-01 6.75397336e-01 3.13360810e-01
    7.95049667e-01 5.41170180e-01 -5.06464660e-01 -4.11508679e-01
    -1.25091314e-01 2.62566745e-01 1.02467108e+00 -6.74926043e-01
    6.12921238e-01 1.00258410e-01 -3.48973036e-01 5.99675357e-01
    1.00823879e+00 1.64389241e+00 9.93813157e-01 4.38353062e-01
    1.11527061e+00 -4.06002998e-01 1.49187732e+00 -1.74593747e-01
    -1.05549097e-02 1.54683590e+00 -6.96825743e-01 7.21144080e-01
    -7.71170855e-03 3.14090550e-01 1.52721500e+00 1.05321407e+00
    -1.66956663e-01 -7.98232555e-02 4.84391868e-01 4.72063601e-01
    1.62488198e+00 1.01736689e+00 9.55760777e-01 1.11444736e+00
    1.38375020e+00 -7.44314313e-01 1.80338752e+00 1.29313445e+00
    -6.51634336e-02 1.66242290e+00 6.54556274e-01 1.55168831e-01
    4.63620603e-01 -3.21764559e-01 9.48624134e-01 6.93653822e-01
    7.16992736e-01 -5.08151412e-01 1.99765980e-01 -4.61692512e-01
    -2.80910313e-01 1.01107621e+00 -4.89446223e-01 1.11824512e+00
    7.77248919e-01 -3.77579957e-01 1.29163647e+00 1.39178395e+00
    3.28972578e-01 6.29868448e-01 9.74535584e-01 1.27320457e+00
    -4.47332114e-01 2.36318707e-01 -4.49624687e-01 1.71502697e+00
    -5.25803506e-01 -3.15840065e-01 2.99477994e-01 -5.43596148e-01
    1.70716858e+00 8.23779583e-01 -5.05385280e-01 -3.66209775e-01
    -6.49722576e-01 3.75932455e-03 5.44419467e-01 2.98107505e-01
    3.05314720e-01 -4.84018207e-01 1.35388327e+00 1.37491608e+00
    5.82105815e-01 9.61761713e-01 -2.76038527e-01 1.64185774e+00
    5.14632881e-01 -4.24433976e-01 -5.06682634e-01 1.67794919e+00
    -3.34912837e-01 -4.15486664e-01 -5.50510347e-01 1.56769466e+00
    2.15907693e-02 -4.38197345e-01 4.72310901e-01 1.54741418e+00
    9.47036982e-01 1.06444597e+00 6.65379345e-01 7.69079804e-01
    6.45754874e-01 -7.01707006e-01 9.37251389e-01 1.06518126e+00
    -3.07767928e-01 5.39811075e-01 1.54653800e+00 -2.84073740e-01
    1.51673210e+00 1.51220298e+00 -6.51616693e-01 -4.50582474e-01
    -5.51825404e-01 1.34887421e+00 -1.38121843e-03 -6.92876697e-01
    1.15336728e+00 4.32734191e-01 6.94340706e-01 -4.26509053e-01
    1.59024978e+00 7.94194221e-01 -3.96933138e-01 -3.62195790e-01
    1.13663566e+00 -7.84652948e-01 7.48817980e-01 6.37981892e-01
    2.63122857e-01 6.85014725e-01 1.54120016e+00 9.50703204e-01
    -6.32111311e-01 9.52964127e-01 1.27648711e+00 6.02850556e-01
    -7.12579548e-01 -6.62541151e-01 1.18860543e+00 -5.80939710e-01
    1.31904399e+00 -7.39950538e-02 1.19258094e+00 1.45539594e+00
    1.38235283e+00 1.33156502e+00 -2.10940242e-01 1.57574272e+00
    5.57952642e-01 -6.67136431e-01 -7.04278708e-01 8.45976174e-01
    9.76220071e-01 1.54272127e+00 1.03852987e-01 6.89953566e-03
    -6.52358472e-01 1.12491512e+00 1.33658147e+00 7.16361523e-01
    -4.39447552e-01 1.50714064e+00 3.96426439e-01 -3.62988353e-01
    6.27819121e-01 1.57447743e+00 -4.46982682e-01 9.23150778e-03
    5.76064169e-01 6.63865626e-01 1.41054535e+00 2.62191772e-01
    -5.63291788e-01 -5.42321205e-02 1.75631940e-01 -1.89076066e-01
    -4.62101609e-01 1.02656209e+00 -5.45757711e-01 1.74483812e+00
    -3.79659951e-01 -5.62459826e-02 1.20606744e+00 1.45257092e+00
    -4.56905901e-01 1.22750998e+00 -6.00015342e-01 9.18989182e-01
    1.25950027e+00 6.16675615e-02 -2.76182085e-01 -4.52418864e-01
    8.35220337e-01 2.33803988e-02 7.08959699e-02 1.52554429e+00
    2.17693686e-01 -6.90926731e-01 -1.97327137e-01 1.28403306e+00
    5.81120551e-01 -4.52408791e-02 -4.78699297e-01 1.34243274e+00
    1.26567304e+00 4.10818458e-01 1.87943757e-01 1.53074682e+00
    3.06446791e-01 1.45147383e+00 -4.97391611e-01 1.05857158e+00
    1.32575297e+00 -7.92144060e-01 9.54807460e-01 -4.48920429e-01
    -5.33142149e-01 -7.10136950e-01 1.35212302e-01 1.54921222e+00
    9.86540973e-01 1.40966249e+00 -3.23657155e-01 8.74474764e-01
    -5.60662150e-02 6.85873032e-01 -3.21083009e-01 1.42283726e+00
    8.00463438e-01 -5.52033484e-01 6.49099946e-02 4.70637500e-01
    6.63829029e-01 5.75303435e-02 6.47231102e-01 -1.60580158e-01
    1.43728709e+00 9.84661639e-01 -2.61489332e-01 1.61217272e+00
    1.75524533e-01 1.39615917e+00 4.43224490e-01 -5.84003389e-01
    4.39590216e-01 3.94698739e-01 9.39311147e-01 -5.55480838e-01
    1.17763901e+00 -7.05305338e-01 7.04347670e-01 1.35719323e+00
    -7.87619352e-01 -5.72021604e-02 1.22327292e+00 -6.62635207e-01
    1.47730076e+00 -3.83919030e-01 9.56331134e-01 1.04601312e+00
    1.80623412e-01 -2.07037330e-02 9.78912711e-02 -3.30629259e-01
    3.51696730e-01 1.69381797e-01 6.42178953e-01 1.82149112e-01
    1.37356949e+00 1.58292818e+00 4.84997153e-01 -3.23040754e-01
    -1.68220937e-01 4.84095156e-01 1.57252312e+00 -4.90595728e-01
    -2.16091216e-01 7.10471690e-01 1.36787415e+00 1.53952992e+00
    8.10757577e-01 -2.87239552e-01 5.19547462e-02 1.13538980e+00
    -6.71692133e-01 1.35527086e+00 1.22099876e+00 5.76809227e-01
    1.23021173e+00 4.48286533e-04 -4.56099510e-02 1.02331662e+00
    3.85854661e-01 5.31929493e-01 -3.13801110e-01 7.17911005e-01
    -4.30995107e-01 5.44176579e-01 1.76919961e+00 1.79644907e+00
    -1.12766027e-02 7.84896195e-01 1.17395902e+00 1.12454534e+00
    -3.79253894e-01 9.94054675e-02 1.59803343e+00 1.15264809e+00
    1.61030149e+00 1.52235329e+00 1.17073894e+00 1.05770779e+00
    6.10766113e-01 -5.00483811e-01 1.30234373e+00 1.36946201e+00
    8.43158960e-01 -2.08539665e-01 3.34406316e-01 1.15687680e+00
    4.03154910e-01 -3.73295993e-01 8.59718502e-01 3.37257564e-01
    -2.35090673e-01 -4.81040269e-01 -2.61859655e-01 1.66160583e+00
    9.52197015e-01 -5.77506959e-01 2.12246358e-01 -2.93246657e-01
    3.01400959e-01 1.18700242e+00 -2.33114183e-01 1.74749327e+00
    -4.66710716e-01 -2.47864723e-02 -1.37974203e-01 1.55266213e+00
    -3.58106673e-01 9.59804058e-01 1.19801545e+00 8.24508369e-01
    1.62494004e+00 6.03119791e-01 1.02528262e+00 -4.60330248e-02
    3.55850935e-01 1.58387947e+00 5.90255260e-02 5.50708473e-01
    1.96703291e+00 1.78602326e+00 1.37333095e-01 -5.71632266e-01
    8.71674538e-01 -3.17585826e-01 2.05584764e-01 -2.99301058e-01
    2.71703422e-01 7.26535916e-01 3.41410697e-01 -4.59416926e-01
    2.65677094e-01 1.75363731e+00 7.54708111e-01 1.37704015e+00
    3.78105581e-01 1.50135565e+00 9.09453750e-01 5.45648515e-01
    -1.38761818e-01 7.87815452e-02 -5.59502900e-01 1.37518644e+00
    -7.53057003e-03 1.60612345e+00 5.85063100e-01 1.31392813e+00
    1.80009520e+00 1.59104681e+00 9.43156004e-01 -4.71576750e-01
    1.09430563e+00 1.39431906e+00 1.54292107e-01 1.22297120e+00
    6.94108784e-01 1.32253909e+00 -4.95995164e-01 -5.62668920e-01
    1.59817934e-02 -2.09288418e-01 -3.80526394e-01 4.56226230e-01
    1.35791731e+00 3.00560713e-01 4.07736897e-02 1.00686431e-01
    7.03462958e-02 1.42442930e+00 1.12602758e+00 1.72115088e-01
    2.21444368e-01 -7.03662276e-01 1.37136602e+00 1.51278090e+00
    1.00320292e+00 -6.50240302e-01 9.85455871e-01 1.59891796e+00
    -1.43219829e-01 1.69418716e+00 1.31731558e+00 3.68356705e-03
    1.10311365e+00 8.51190686e-02 5.53525925e-01 2.43638277e-01
    -5.77598572e-01 1.28934383e-01 1.58667779e+00 -2.59650528e-01
    2.53931344e-01 1.44832134e-02 1.62258720e+00 3.01163733e-01
    7.44177520e-01 1.14004695e+00 -5.31378150e-01 -9.05830860e-02
    1.61310995e+00 -4.42894906e-01 -3.84911776e-01 -5.53334117e-01
    1.28613400e+00 -1.51403248e-01 3.39116871e-01 1.43936217e-01
    1.46500468e+00 -6.88887179e-01 -3.33353221e-01 1.00674379e+00
    -4.73684967e-01 2.12272763e-01 1.68745589e+00 -1.96585655e-02
    4.78626013e-01 3.07150424e-01 9.01672304e-01 7.52639413e-01
    7.43918478e-01 2.71635830e-01 -6.55223846e-01 9.58287239e-01
    -2.40351021e-01 1.64675570e+00 4.25278902e-01 4.05978620e-01
    1.45119929e+00 4.95208442e-01 -4.98932391e-01 1.18599677e+00
    7.96984732e-01 -7.64191329e-01 1.18724346e+00 1.24516845e+00
    5.24776816e-01 5.34242094e-01 4.76902246e-01 6.19782865e-01
    -2.96730816e-01 -3.13908845e-01 -7.36391544e-01 1.00814271e+00
    7.59214938e-01 6.69127941e-01 1.34867489e+00 9.12360311e-01
    -6.70713723e-01 1.02058196e+00 1.11808896e-01 1.70613480e+00
    1.24804139e+00 7.34656155e-01 -2.17587650e-01 -2.53261924e-02
    1.67298281e+00 4.31213915e-01 1.62762070e+00 -8.65254998e-02
    9.70391273e-01 1.59974134e+00 1.12603581e+00 1.00547433e-01
    1.42115235e+00 5.46083629e-01 4.27435517e-01 -5.51475525e-01
    2.27107346e-01 1.58678293e+00 1.02420497e+00 9.88370895e-01
    8.46076727e-01 1.19988739e-01 3.63259315e-01 -4.06679511e-02
    1.27268994e+00 1.66605210e+00 -2.60053277e-02 1.15608704e+00
    1.72196031e+00 -5.52196026e-01 1.16868436e+00 1.01116824e+00
    3.64397705e-01 1.24603510e+00 1.49107051e+00 -2.76166975e-01
    -7.20022261e-01 1.80076742e+00 6.93431675e-01 1.19334102e-01
    4.53716755e-01 9.86993611e-01 5.13929129e-02 2.58405685e-01
    9.00542080e-01 -6.48369372e-01 -5.65546870e-01 3.95094395e-01
    -2.06590295e-01 -1.74390316e-01 2.75802016e-02 1.07855558e+00
    -5.46778738e-01 -2.24516988e-01 -5.96538484e-01 7.81899750e-01
    1.23427927e-01 -9.26028490e-02 5.00533581e-01 -6.68402910e-01
    1.30196929e+00 -4.50732708e-02 1.06830800e+00 -1.06244564e-01
    5.44704556e-01 5.66606164e-01 3.68613482e-01 5.83554089e-01
    -1.50882661e-01 -5.29510021e-01 -6.23838723e-01 1.36093760e+00
    -2.26365030e-01 1.65843511e+00 1.51725686e+00 8.89354110e-01
    1.32440388e+00 -7.04083323e-01 1.05690479e+00 -7.61481166e-01
    9.56095695e-01 -1.56173229e-01 -6.64670706e-01 1.66424155e-01
    -2.80642509e-03 1.58136487e-02 6.10414147e-02 1.29709852e+00
    7.62724698e-01 9.87896383e-01 1.68741846e+00 1.04946351e+00
    1.02211666e+00 -6.10119104e-02 -3.37407380e-01 9.91515517e-01
    1.44316673e+00 6.29459679e-01 1.73564053e+00 1.12408555e+00
    1.63062334e+00 4.52548802e-01 -4.50576037e-01 1.03692651e+00
    8.58782291e-01 1.46854413e+00 -2.99899578e-01 5.13755977e-01
    8.19404125e-02 1.31920528e+00 -6.72360003e-01 9.79829311e-01
    -4.58554387e-01 1.05516303e+00 1.47639036e+00 -7.50168920e-01
    1.10878432e+00 -2.87261605e-01 1.74552560e+00 1.53997898e+00
    -6.65296257e-01 -2.18178630e-02 -3.72756481e-01 1.92401731e+00
    8.62342119e-01 1.25201070e+00 6.90697312e-01 -3.73507529e-01
    9.42947865e-02 1.20778775e+00 1.41093004e+00 1.70067036e+00
    2.17552722e-01 -1.29514277e-01 9.91635799e-01 -2.52446324e-01
    1.57160115e+00 -2.25374937e-01 -3.13073874e-01 5.12763321e-01
    -5.29343367e-01 1.22902513e-01 -3.01892340e-01 -1.67537451e-01
    1.20410252e+00 7.56386518e-02 1.55934978e+00 -3.25459599e-01
    -7.78522074e-01 -7.13802218e-01 3.29583168e-01 1.64865601e+00
    8.23599935e-01 9.00981843e-01 5.58839798e-01 1.38540530e+00
    1.51491213e+00 -1.49221301e-01 -1.91865563e-01 4.43650424e-01
    -2.61783600e-03 4.12243009e-02 -3.42443049e-01 1.05742264e+00
    9.20298159e-01 1.90415215e+00 1.40937042e+00 4.50271130e-01
    1.15973818e+00 1.48221326e+00 -7.79451966e-01 -1.32409751e-01
    1.35538459e-01 1.42374420e+00 9.83872950e-01 1.21925354e+00
    -7.32140839e-01 1.31457019e+00 -4.47214007e-01 2.54505932e-01
    9.79092360e-01 1.48602390e+00 9.89679456e-01 8.73632491e-01
    -1.52908087e-01 -5.21710277e-01 -4.38455284e-01 8.03437769e-01
    2.64558613e-01 -7.59873688e-01 1.04068136e+00 9.05487478e-01
    2.34494328e-01 1.49742174e+00 4.07367229e-01 1.19476402e+00
    3.19735467e-01 4.32805896e-01 9.47187722e-01 1.82417738e+00
    5.38565516e-02 9.63626981e-01 1.17193747e+00 6.58371091e-01
    1.52542305e+00 -5.22874713e-01 1.69644272e+00 6.29826188e-02
    9.71644640e-01 5.04502058e-01 8.83551240e-02 1.57764030e+00
    -6.71703100e-01 -1.40774131e-01 1.25813270e+00 -8.41093063e-03
    1.45735180e+00 3.93846333e-01 1.38010895e+00 -4.16803420e-01
    -3.87098104e-01 -4.49752837e-01 6.77748322e-01 -1.79368794e-01
    8.18454683e-01 1.47074187e+00 1.20395136e+00 1.20162082e+00
    8.12574029e-02 1.11105168e+00 3.70932281e-01 -4.14813668e-01
    1.39029336e+00 -1.70340776e-01 2.74659991e-02 9.07109380e-01
    6.86198950e-01 1.71657848e+00 -2.32511938e-01 1.40553379e+00
    3.94045353e-01 1.42982006e+00 -2.57081896e-01 1.55007124e-01
    -1.68196499e-01 5.19505680e-01 1.36133194e+00 1.25097084e+00
    1.66052747e+00 4.84305322e-01 -8.97404432e-01 7.48566389e-01
    6.59223557e-01 -6.20118976e-01 -7.35012591e-01 -6.86208010e-02
    -1.04152918e-01 4.19726372e-02 -5.76050401e-01 -7.57151842e-01
    1.17141712e+00 -1.83365405e-01 -4.16421920e-01 -2.39820063e-01
    3.83562863e-01 6.74281120e-02 7.19555914e-01 -1.27263188e-01
    5.89447618e-02 -3.33415031e-01 -2.62538731e-01 1.60698891e-02
    1.06598115e+00 9.76298690e-01 1.63278842e+00 1.43521011e-01
    9.95155632e-01 -3.59168142e-01 1.57119918e+00 1.55819345e+00
    -5.06206989e-01 8.07767928e-01 1.51563692e+00 -2.63202667e-01
    7.98345387e-01 -7.47107744e-01 1.05522192e+00 1.16151631e+00
    1.70373023e-01 1.19549155e-01 -6.80518150e-03 8.96956861e-01
    1.31610179e+00 1.22202802e+00 1.17150867e+00 -2.49064565e-01
    -6.77069902e-01 -2.07163155e-01 3.69406879e-01 1.43916512e+00
    1.09429812e+00 1.18861771e+00 1.56737459e+00 2.62986422e-01
    1.48119903e+00 5.97293437e-01 -4.62648869e-02 3.86538446e-01
    1.07560515e-01 1.51927292e-01 1.26448083e+00 1.04591894e+00
    1.70359588e+00 -1.67862952e-01 9.22162890e-01 7.14610815e-01
    -1.30851865e-02 1.29577875e-01 -5.24008334e-01 3.86913359e-01
    1.19578552e+00 -9.75025296e-02 -4.00634259e-01 -3.59930396e-02
    1.49105990e+00 2.14181423e-01 -2.23982900e-01 5.34785151e-01
    2.22319484e-01 1.09289539e+00 -6.93005621e-01 6.46975100e-01
    -6.82662487e-01 1.77373075e+00 -1.37439072e-01 -1.58969522e-01
    1.30323172e+00 -4.26928729e-01 1.65974236e+00 1.44947088e+00
    9.24428582e-01 -7.64740169e-01 -3.83508652e-01 8.17897320e-01
    9.94253159e-01 1.39750600e+00 -4.07794982e-01 -2.55752921e-01
    1.59140468e-01 -3.58989865e-01 1.31984138e+00 -5.34402132e-02
    7.11225688e-01 6.71349883e-01 2.54539073e-01 6.07735991e-01
    -2.39605784e-01 7.73445129e-01 4.38609123e-01 -5.15574157e-01
    1.02091694e+00 8.65702510e-01 -5.48257828e-01 -6.71257675e-01
    4.66627002e-01 1.55382395e+00 -6.35421276e-02 9.23602402e-01
    1.60684228e+00 1.62301970e+00 1.28041911e+00 4.09789741e-01
    1.52844357e+00 1.09091401e+00 4.81994748e-01 2.91968644e-01
    -4.63779569e-01 1.44663143e+00 1.37051165e+00 3.32189560e-01
    -9.41020250e-02 1.65405452e-01 -6.16017282e-01 8.23898852e-01
    2.56851256e-01 -2.68761784e-01 -5.81014156e-01 1.58385754e+00
    8.89171541e-01 4.01239753e-01 -1.63615763e-01 1.68945086e+00
    4.75814879e-01 9.15448070e-01 -2.27588892e-01 -2.62407243e-01
    1.50177884e+00 -4.19036090e-01 1.44731081e+00 -2.18797922e-02
    5.63150465e-01 9.68475938e-02 1.20853734e+00 1.79635108e+00
    1.76483774e+00 -6.81010365e-01 -5.03700614e-01 1.16777050e+00
    -5.21965265e-01 -2.27456987e-01 2.47233987e-01 4.36793566e-02
    -4.29398984e-01 1.43336308e+00 6.84231400e-01 3.47256720e-01
    -6.15561426e-01 1.75986528e+00 1.53261042e+00 4.60432112e-01
    -5.93822598e-02 1.84726572e+00 3.13302279e-02 -4.92101550e-01
    5.02944946e-01 1.70485377e+00 1.39944744e+00 -6.00401163e-01
    -2.52561927e-01 1.67545128e+00 5.79780936e-02 1.27070248e+00
    -7.40132689e-01 7.60786891e-01 1.18226123e+00 1.53988492e+00
    1.51866555e+00 1.51808500e+00 -7.90493965e-01 1.15985870e-02
    -4.06231433e-01 1.61094546e-01 1.06789184e+00 7.62242496e-01
    1.57076657e+00 1.51034522e+00 -1.55639410e-01 2.55036354e-01
    -6.06485248e-01 -6.31095171e-01 9.20598030e-01 1.05854452e-01
    -4.70639467e-02 -7.59328723e-01 8.59306335e-01 -6.86511040e-01
    1.61263943e-01 -2.64561892e-01 5.59653223e-01 3.16740870e-01
    1.73770308e-01 3.09916735e-01 1.20994568e-01 -5.74299335e-01
    1.49842763e+00 1.21536112e+00 2.09411502e-01 7.27583766e-02
    1.44033241e+00 1.66661596e+00 7.51461208e-01 -5.97693324e-01
    5.51193357e-01 1.26125407e+00 5.09405494e-01 4.09293413e-01
    2.30150223e-02 1.14594102e+00 3.27274084e-01 -6.40137911e-01
    1.15302551e+00 6.74594045e-01 -3.50245178e-01 1.59065831e+00
    6.76149070e-01 1.20180535e+00 5.49302697e-01 -5.77970624e-01
    9.47224081e-01 4.73034382e-02 -7.88154900e-01 2.44375288e-01
    -7.88888991e-01 6.20686710e-01 1.35741591e+00 6.39898539e-01
    1.51361823e-01 -4.95589435e-01 3.67191076e-01 1.29575896e+00
    1.62684143e-01 3.50822210e-02 7.09571660e-01 -6.95923030e-01
    -3.73635292e-02 1.59885108e+00 -8.33198607e-01 1.74407244e-01
    5.25194168e-01 9.66903865e-01 -6.56242371e-01 1.14445460e+00
    1.54018998e+00 1.19091856e+00 4.40893352e-01 8.78852010e-01
    1.27061415e+00 9.43298340e-01 1.47369707e+00 -5.81770539e-01
    -4.56380755e-01 1.07970023e+00 -2.30568528e-01 1.49767590e+00
    1.20178783e+00 1.17068362e+00 -3.14800262e-01 6.02092564e-01
    1.51289368e+00 1.58840382e+00 1.41226232e-01 1.71837616e+00
    -4.47481334e-01 1.19182181e+00 1.04427755e-01 1.71774936e+00
    1.48891401e+00 1.77385831e+00 1.79828572e+00 1.63193417e+00
    -2.64257193e-02 -1.66153312e-01 7.60918617e-01 3.71259868e-01
    -5.58201671e-02 1.19356394e+00 -2.29338109e-01 -4.03940439e-01
    -5.34321785e-01 1.12011254e+00 8.97166789e-01 1.00974965e+00
    -6.21255636e-02 1.74687493e+00 6.07069254e-01 -7.86784708e-01
    -5.35175800e-02 9.38051641e-01 7.28509426e-01 1.75964952e-01
    1.08907342e+00 -3.74831557e-02 1.45667005e+00 1.13269639e+00
    1.22371125e+00 4.93295729e-01 3.78279448e-01 8.07244003e-01
    6.98875129e-01 1.56707764e-02 4.09010649e-02 -4.15318757e-01
    -5.15107870e-01 1.27304149e+00 1.01034904e+00 1.35559201e-01
    6.24590814e-01 1.87179029e-01 7.47709572e-01 -3.53693277e-01
    1.46561813e+00 1.89556599e-01 1.60560799e+00 1.55207217e-01
    6.66644156e-01 -2.26435125e-01 1.71064925e+00 1.40856016e+00
    2.95899510e-01 -1.67361319e-01 1.70518351e+00 1.00794077e+00
    2.31761515e-01 -3.49809527e-01 1.40543914e+00 -7.26212382e-01
    1.97961748e-01 1.22435999e+00 -6.71435714e-01 1.12647724e+00
    9.22781408e-01 4.51268137e-01 -7.20334768e-01 -6.09893560e-01
    -6.27848268e-01 -6.08316779e-01 1.22861528e+00 7.14815795e-01
    8.35010111e-01 1.12245440e+00 -2.19014823e-01 1.40547156e+00
    1.27407098e+00 6.30339801e-01 -4.00759548e-01 -5.01006544e-01
    6.55935884e-01 2.27838159e-02 4.55330789e-01 1.16682220e+00
    8.02969396e-01 5.65951645e-01 5.36319315e-01 1.55399609e+00
    1.46417618e-01 -6.15366757e-01 1.57822824e+00 -2.31751680e-01
    1.00524807e+00 -1.92771733e-01 -5.51387966e-01 2.25149989e-01
    6.38681352e-01 1.78357339e+00 1.41035354e+00 1.00801611e+00
    -5.47162294e-02 1.10874128e+00 1.33318210e+00 1.15076423e+00
    1.44417405e-01 1.66738939e+00 -8.94255638e-02 1.43090916e+00
    2.99120545e-02 -5.50892115e-01 1.54412091e-01 -5.16785264e-01
    1.06127357e+00 6.08021975e-01 -6.09477520e-01 1.61517739e+00
    1.80093205e+00 -5.59650481e-01 1.40224218e-01 1.31673038e+00
    -2.44832873e-01 1.45616484e+00 9.09494102e-01 1.59292507e+00
    -1.56069398e-02 5.13145745e-01 1.33012080e+00 -4.09460515e-01
    -5.67982137e-01 1.37035441e+00 1.21915030e+00 -1.88340843e-01
    1.34388614e+00 -1.91250443e-02 -3.96441996e-01 1.18403149e+00
    6.04556620e-01 7.97553360e-01 3.23793054e-01 1.32362843e+00
    7.54914284e-02 -6.06895924e-01 -2.15099514e-01 1.72697663e-01
    1.00529170e+00 -3.74319553e-01 8.30016851e-01 -2.06484616e-01
    9.54214573e-01 1.85245275e-01 4.31249321e-01 -3.11656386e-01
    -2.98845410e-01 4.40658629e-01 1.31793118e+00 -9.15685892e-02
    3.74963820e-01 8.50244761e-02 -1.25077665e-01 1.35356140e+00
    1.25001478e+00 3.09593379e-01 1.27658772e+00 -3.18156064e-01
    1.03872895e+00 -2.35467732e-01 3.74710619e-01 1.00563514e+00
    1.22322321e+00 1.52715158e+00 4.56660986e-02 -7.79373944e-01
    -6.01725817e-01 1.61642766e+00 1.70028591e+00 1.52871370e+00
    2.73835242e-01 -7.13530660e-01 1.71729684e-01 2.66780853e-01
    3.06456685e-01 -3.79225671e-01 -2.55183339e-01 3.62401664e-01
    1.47262871e-01 -4.19986904e-01 -5.85579157e-01 1.22543967e+00
    1.60173798e+00 -1.54671907e-01 -1.51571989e-01 -5.35882711e-01
    -4.68189716e-02 7.38948762e-01 5.19702613e-01 1.71163344e+00
    3.37005317e-01 3.22653532e-01 1.17758536e+00 7.07238197e-01
    1.41590738e+00 -2.08043784e-01 7.90796518e-01 -7.93907821e-01
    -4.59764332e-01 3.21991444e-02 7.41653502e-01 1.93339944e-01
    9.55148816e-01 1.16491985e+00 -7.67422140e-01 9.47402179e-01
    -3.73186469e-02 1.58798897e+00 -1.42915785e-01 1.50915647e+00
    8.13064635e-01 -4.62914705e-02 -3.94698381e-02 1.63938105e-01
    1.86225176e-01 2.22343445e-01 9.59887922e-01 3.53752196e-01
    4.36151683e-01 1.17751741e+00 -2.21027076e-01 -4.02930975e-01
    1.59772038e-02 5.41587651e-01 -4.23623621e-01 1.75176990e+00
    -8.46658945e-02 4.48162496e-01 1.37017870e+00 1.15269947e+00
    6.04349971e-02 -4.74052638e-01 1.59717560e+00 1.08218193e+00
    -5.43494642e-01 2.88042068e-01 1.35175645e-01 7.11397290e-01
    8.81198764e-01 1.38220370e-01 -6.16981387e-02 9.30485904e-01
    -6.59506619e-01 1.23920143e-01 2.23779500e-01 -1.31483972e-01
    1.68553722e+00 1.48294044e+00 -6.33465469e-01 -6.08038902e-01
    -5.11905789e-01 -1.95830822e-01 -2.48661757e-01 3.40978205e-01
    -4.73810107e-01 7.74374902e-01 2.06962228e-01 1.68712330e+00
    5.83970547e-02 -4.34587717e-01 -6.55034900e-01 1.23835039e+00
    8.10788095e-01 1.30204415e+00 4.75554943e-01 -6.71435177e-01
    -1.44218206e-02 -6.09445512e-01 -5.22057176e-01 7.35964239e-01
    2.41658092e-01 1.56357050e+00 1.49865007e+00 4.31335449e-01
    6.30884826e-01 1.04638648e+00 2.82029450e-01 -6.98644340e-01
    4.46735620e-02 1.66077995e+00 1.14470601e+00 1.12449455e+00
    1.44271052e+00 1.69220185e+00 -1.29076421e-01 1.57577944e+00
    -4.22347993e-01 1.40780449e+00 7.98912466e-01 1.91892266e-01
    -4.97371465e-01 6.53783858e-01 7.17786729e-01 2.01872230e-01
    5.32544732e-01 9.69754577e-01 -4.53404188e-01 3.82788956e-01
    1.08864284e+00 -5.75316429e-01 1.22919989e+00 -1.14549637e-01
    5.76778769e-01 1.26511216e-01 1.72302377e+00 9.10770118e-01
    2.55522609e-01 6.45407379e-01 -1.68846846e-01 8.28720331e-01
    -3.52993637e-01 1.34467530e+00 1.31818843e+00 1.11973345e-01
    -3.30229223e-01 -2.58920819e-01 1.15570569e+00 1.45718479e+00
    1.33632112e+00 1.75513363e+00 -4.51277256e-01 -2.88275778e-01
    3.51094007e-02 -8.52763236e-01 7.87042856e-01 7.71077454e-01
    -4.46629316e-01 1.40007210e+00 1.20153666e+00 -1.59620643e-02
    -4.88089710e-01 -2.87845343e-01 4.99476969e-01 1.38881314e+00
    1.59030092e+00 -5.96939385e-01 6.59978747e-01 -5.70447147e-01
    1.18932629e+00 1.66499329e+00 9.09092069e-01 2.26395249e-01
    1.20372605e+00 3.45019102e-02 -6.28642440e-02 1.03706563e+00
    -1.75780594e-01 -3.03894222e-01 -4.48362947e-01 1.35342574e+00
    1.77744198e+00 1.06280100e+00 -5.57940006e-02 -2.86512256e-01
    1.55787563e+00 -3.94885719e-01 7.56507754e-01 8.19771111e-01
    -1.60255432e-01 -7.22864926e-01 -5.39478838e-01 6.85118377e-01
    1.67065465e+00 6.79049551e-01 1.69838738e+00 1.59001505e+00
    2.14024603e-01 -4.65481162e-01 -2.72028923e-01 4.93253827e-01
    -2.53035843e-01 1.14471030e+00 1.78184390e-01 1.61338568e+00
    5.34074128e-01 5.67561567e-01 5.24346232e-02 1.28650260e+00
    1.14143372e+00 3.02013457e-01 9.34549332e-01 9.17456865e-01
    9.63553369e-01 -7.59863496e-01 1.30837011e+00 7.32593775e-01
    -2.70064056e-01 1.26473331e+00 1.11964464e+00 -7.06672013e-01
    -4.98402864e-01 -5.73647618e-01 1.55921233e+00 1.18596554e-01
    8.11918855e-01 8.39181721e-01 1.67080259e+00 1.28145623e+00
    1.60035443e+00 1.49400139e+00 -9.53382850e-02 -7.55626261e-01
    -5.09500504e-03 1.28364027e-01 2.77320743e-01 1.60684049e-01
    1.01945281e+00 1.35591424e+00 1.65223122e+00 6.34187400e-01
    7.92209804e-01 -6.68173671e-01 1.44449043e+00 4.06560600e-01
    1.07547688e+00 1.03300667e+00 3.73823524e-01 5.24906039e-01
    4.76517081e-01 1.25864625e+00 1.14995360e-01 -5.93493581e-01
    -1.85255527e-01 1.76873696e+00 1.46201551e+00 5.05793691e-02
    1.20019674e-01 3.48678827e-01 1.79040956e+00 1.04795289e+00
    1.10155177e+00 -4.13293242e-02 9.27571893e-01 7.72442877e-01
    8.35274696e-01 8.67780447e-01 2.49738395e-01 5.01919985e-01
    2.57433057e-01 1.14222479e+00 1.40467155e+00 -3.03592443e-01
    1.02926159e+00 -3.44941884e-01 -1.16843343e-01 -5.41847229e-01
    7.29815960e-02 6.44571364e-01 -4.30077314e-03 8.16612959e-01
    2.00611949e-02 5.18772840e-01 -2.84146816e-01 -4.16123837e-01
    -1.09820664e-01 2.84606874e-01 1.57264352e+00 1.01788664e+00
    4.59604561e-01 -2.33718991e-01 1.06012201e+00 3.98532867e-01
    -2.02758074e-01 7.40640700e-01 -1.39386237e-01 4.44109678e-01
    6.79138541e-01 -5.63391864e-01 1.16317594e+00 2.05956399e-01
    -5.14798999e-01 5.20330667e-02 4.03664768e-01 1.62116385e+00
    2.01983929e-01 1.31531143e+00 5.64535439e-01 1.64890826e+00
    1.41318929e+00 1.47518599e+00 1.34709537e-01 1.79057717e+00
    9.10179734e-01 -7.63016343e-02 5.37666202e-01 8.05090189e-01
    -1.57929182e-01 1.34119797e+00 1.36169815e+00 8.75860095e-01
    1.52493453e+00 -4.15330946e-01 3.58661830e-01 1.25470233e+00
    2.69736648e-02 1.01720691e+00 1.32546449e+00 -4.41454202e-01
    -4.35320109e-01 -2.40738392e-01 5.24815857e-01 7.11603761e-02
    1.21308625e+00 -7.42348969e-01 -6.48966670e-01 5.23958504e-01
    -4.88858253e-01 3.61825228e-02 8.86373162e-01 -1.04007661e-01
    -8.28176320e-01 1.37444520e+00 1.09012723e+00 9.68880892e-01
    1.18432176e+00 1.54674053e+00 1.70079541e+00 8.78940344e-01
    8.11554730e-01 9.80387151e-01 7.61527240e-01 2.26124585e-01
    1.76050282e+00 -3.14482510e-01 1.60776436e-01 5.23009598e-01
    9.83050525e-01 5.88998497e-01 7.12663829e-01 1.32651758e+00
    7.49702811e-01 3.93209279e-01 -3.40139061e-01 -6.70690417e-01
    1.48860288e+00 1.06334090e-02 3.97155643e-01 -7.09542394e-01
    1.20044172e-01 -6.79166734e-01 1.11256385e+00 1.49548233e-01
    1.75176287e+00 -3.00709665e-01 1.39942944e+00 1.12669992e+00
    -1.36541367e-01 -5.58214664e-01 9.14934278e-01 1.54051042e+00
    1.63006568e+00 9.00734067e-01 1.06470346e+00 -4.59304452e-02
    -4.76728171e-01 2.69007504e-01 -7.53592253e-02 -3.88973534e-01
    1.82387567e+00 -5.54645300e-01 -1.43808007e-01 9.39261317e-02
    1.42682195e-02 1.22177720e+00 1.49846280e+00 1.21066236e+00
    9.95157242e-01 -4.79664207e-02 -3.49327356e-01 -5.87101161e-01
    -2.28142560e-01 1.51102924e+00 3.71636808e-01 6.07217550e-02
    1.72330427e+00 1.56319356e+00 3.16393971e-02 1.71683180e+00
    1.23887444e+00 3.89741421e-01 9.48643982e-01 -4.89036947e-01
    6.38100564e-01 7.81485856e-01 2.09537148e-01 -5.53926528e-01
    -4.92757857e-01 1.67306328e+00 1.10986543e+00 -4.64187115e-01
    -1.56461596e-02 -7.21301198e-01 1.05855322e+00 -6.87933683e-01
    2.17978537e-01 6.65894151e-02 -9.43704247e-02 -4.56617028e-01
    -6.92611277e-01 1.31524384e-01 5.41135013e-01 3.87725115e-01
    5.50098538e-01 3.58998954e-01 -3.51552397e-01 6.17586315e-01
    1.26827407e+00 1.85208273e+00 2.31879413e-01 1.20299459e-01
    4.44754243e-01 1.42463696e+00 1.09593701e+00 6.69706404e-01
    1.81539464e+00 8.05703998e-02 1.50424421e-01 9.62160647e-01
    -6.40961051e-01 9.77325022e-01 1.41538978e+00 9.82735276e-01
    -2.01649725e-01 -5.74254811e-01 1.51901770e+00 1.65492821e+00
    3.64268124e-01 5.32987714e-02 5.65329015e-01 -1.59305990e-01
    -7.02442527e-02 -3.29959124e-01 6.27863526e-01 -4.92688239e-01
    -7.02608109e-01 9.81478214e-01 5.21900475e-01 1.11865687e+00
    -4.70911473e-01 1.74598289e+00 1.12592578e-02 1.26724172e+00
    -1.87093019e-03 6.43969595e-01 8.86992395e-01 2.30386138e-01
    2.31960297e-01 7.26399958e-01 -4.32407916e-01 -5.84104836e-01
    -8.62671137e-02 -7.28105187e-01 1.27724826e+00 1.61718798e+00
    -1.78291738e-01 1.69706416e+00 4.00839984e-01 1.72454476e-01
    9.34690237e-02 1.55551219e+00 3.36859584e-01 4.34526742e-01
    -3.19126010e-01 1.20591354e+00 -1.88877821e-01 4.74194586e-01
    7.68537760e-01 1.87900782e-01 1.20083475e+00 3.32367420e-01
    1.76760006e+00 1.19032645e+00 1.07757688e-01 1.05972707e+00
    -7.09368110e-01 1.47690082e+00 -5.17242193e-01 1.32220316e+00
    1.28561234e+00 4.70733523e-01 3.82906973e-01 4.50172246e-01
    1.19588315e+00 -1.89315557e-01 1.60175872e+00 1.13241220e+00
    1.09694088e+00 -2.29480982e-01 -6.53499782e-01 9.26063955e-01
    -5.49380898e-01 4.50228989e-01 -2.89717376e-01 1.18782711e+00
    8.26697707e-01 -1.19684398e-01 5.61165154e-01 5.44601083e-01
    1.77439809e+00 3.36360335e-01 -2.35167682e-01 -2.11952895e-01
    1.03426266e+00 6.41698241e-01 8.25494528e-01 -4.40389931e-01
    9.40234601e-01 4.62847829e-01 2.97640562e-01 1.63765812e+00
    9.70681250e-01 9.84954596e-01 7.75846839e-02 6.08798742e-01
    3.60206783e-01 1.65954065e+00 -5.39812446e-01 1.64994502e+00
    1.31182098e+00 7.06566095e-01 2.40064800e-01 2.49689043e-01
    7.82935739e-01 9.21000600e-01 -3.92151833e-01 -3.35749626e-01
    9.67842698e-01 1.09123659e+00 7.35260725e-01 9.50841427e-01
    1.17983437e+00 1.21599674e+00 1.47608995e+00 1.69658673e+00
    -1.90819979e-01 -3.59103620e-01 1.04317760e+00 2.90365875e-01
    -2.66551673e-01 1.01735234e+00 -4.08574104e-01 1.17177784e-01
    5.07951200e-01 1.67486012e+00 4.33319271e-01 -5.81490159e-01
    1.11994457e+00 -6.63011551e-01 1.08671010e-01 1.45405352e+00
    1.79959857e+00 1.24326730e+00 7.44269013e-01 -3.09393466e-01
    5.57274222e-02 -5.00744045e-01 4.15122032e-01 -3.40523541e-01
    1.69161916e+00 1.49124897e+00 2.14814723e-01 2.67909527e-01
    7.21860170e-01 2.63681293e-01 2.47748852e-01 4.92031455e-01
    1.01715326e-02 1.79281890e-01 1.77822649e-01 6.66290164e-01
    1.43007207e+00 6.01787567e-02 -3.03061962e-01 -7.24274755e-01
    1.59795070e+00 3.62408161e-01 9.87178683e-01 -6.66887760e-01
    1.48660815e+00 5.30608296e-01 9.46212530e-01 9.25790787e-01
    8.70760500e-01 -4.60902601e-01 1.42450476e+00 7.05924630e-01
    -1.00428939e-01 6.42689645e-01 8.89666140e-01 5.03796339e-01
    5.05264044e-01 -1.29392207e-01 -6.60344124e-01 1.06254220e+00
    1.09435129e+00 6.81077957e-01 1.12708497e+00 8.48024309e-01
    1.08340335e+00 -1.58041537e-01 1.27080214e+00 7.50598907e-01
    1.77119565e+00 1.53886759e+00 3.07856202e-02 -4.13372517e-01
    1.39379907e+00 3.28423738e-01 -5.40261567e-01 -6.81807399e-01
    1.37291694e+00 1.74517024e+00 -2.44121641e-01 1.65342021e+00
    -2.86995292e-01 -1.98907197e-01 8.20573270e-01 1.17028189e+00
    9.33501184e-01 4.27225471e-01 -5.46387672e-01 3.17540824e-01
    -4.93702590e-01 3.64544511e-01 2.79767990e-01 -6.35498881e-01
    8.45463514e-01 7.88837314e-01 -2.34992206e-01 -3.55185777e-01
    -8.44748020e-02 1.65002239e+00 5.79621494e-01 -5.79189420e-01
    8.47774565e-01 4.92805243e-03 6.02661669e-01 1.01010704e+00
    1.24863601e+00 1.51162565e+00 6.13399804e-01 1.35636044e+00
    -4.32150275e-01 1.70110285e+00 -2.38214940e-01 2.85222292e-01
    1.12894678e+00 1.09509254e+00 4.71710622e-01 9.47845340e-01
    7.11554706e-01 7.72786200e-01 1.46922636e+00 1.77071333e-01
    1.38310766e+00 1.65181231e+00 1.64863539e+00 6.51086330e-01
    -4.36838061e-01 5.51976323e-01 1.26398289e+00 6.18358254e-01
    1.67999351e+00 2.01236939e+00 -2.71826118e-01 -5.41585326e-01
    1.42883492e+00 1.17269993e+00 -1.33952975e-01 1.80238748e+00
    -3.08474213e-01 1.59283352e+00 1.66981959e+00 -3.83050740e-01
    8.05156350e-01 -5.55585980e-01 -2.95255333e-01 -2.38510668e-01
    8.65916073e-01 1.09828532e-01 5.27791381e-01 2.17084169e-01
    -2.57708669e-01 7.41556048e-01 1.29201508e+00 -4.46412295e-01
    4.91198540e-01 1.21001852e+00 8.16838264e-01 9.31873202e-01
    3.07457864e-01 -7.65154362e-01 -2.48479247e-02 2.66581655e-01
    4.62144971e-01 9.44337845e-01 7.20447958e-01 1.46218586e+00
    2.98510134e-01 8.06652904e-01 1.36553037e+00 -6.58477545e-01
    1.74453902e+00 1.83032322e+00 -4.52822864e-01 2.08917379e-01
    8.93016160e-01 6.00471139e-01 1.30733073e-01 -6.29595697e-01
    2.63424098e-01 1.67819643e+00 -2.21294165e-02 2.25245476e-01
    -6.87745929e-01 1.11976051e+00 8.31591785e-01 -5.93744397e-01
    -4.14112926e-01 2.42800176e-01 4.30248737e-01 1.30744743e+00
    1.56346583e+00 -6.61995292e-01 9.99512553e-01 1.94639564e-02
    -4.45750684e-01 5.04919708e-01 7.26737142e-01 1.06775260e+00
    1.08279705e+00 1.63424993e+00 7.82291293e-01 -3.91011208e-01
    -1.12912178e-01 7.75379300e-01 1.44908917e+00 6.87472701e-01
    8.43913734e-01 -8.64249766e-01 2.21943736e-01 1.41236043e+00
    1.02443409e+00 -2.71532595e-01 1.33153963e+00 1.29955149e+00
    -4.14972097e-01 5.21135926e-01 1.14313018e+00 7.75019467e-01
    -4.05834675e-01 4.95722651e-01 7.02798128e-01 9.10391808e-02
    1.16796899e+00 9.56502259e-01 7.31110334e-01 6.27722323e-01
    1.36915374e+00 4.33054507e-01 -4.19480294e-01 -4.21134055e-01
    -7.71063566e-02 2.08680451e-01 1.58179319e+00 6.70966387e-01
    -5.62269688e-02 1.05868769e+00 1.23337817e+00 -1.36891842e-01
    1.38256466e+00 -3.14935923e-01 1.25945449e+00 1.19755721e+00
    3.14375877e-01 -2.35770762e-01 1.50175226e+00 7.15710223e-01
    1.55908465e-01 -4.58409131e-01 -7.04884529e-03 1.84043264e+00
    1.39140987e+00 1.03157115e+00 -6.31999135e-01 3.75571370e-01
    1.04826009e+00 7.63315618e-01 2.96660244e-01 1.40654778e+00
    -4.01726693e-01 -7.84572363e-01 2.87798643e-02 -2.12557912e-02
    8.93200457e-01 1.30569935e+00 1.36036515e+00 1.64242506e+00
    1.66877198e+00 -6.71195924e-01 1.70289159e+00 1.40914381e+00
    -2.21060157e-01 -9.04573798e-02 -6.85269296e-01 1.04821432e+00
    -6.59835815e-01 3.41902554e-01 9.69073594e-01 4.94928956e-02
    7.54975915e-01 -5.28831244e-01 2.27162063e-01 -1.97676718e-01
    -5.83686471e-01 1.76979828e+00 1.81474566e+00 1.55615640e+00
    9.93729949e-01 1.53746939e+00 1.70153940e+00 1.81519318e+00
    7.70268977e-01 6.30271196e-01 4.37814772e-01 1.70834756e+00
    -2.93215394e-01 1.03345275e-01 -8.41787875e-01 3.56183410e-01
    1.51978815e+00 8.19385946e-01 2.56092250e-01 -4.41768527e-01
    9.32924628e-01 -1.99731946e-01 -1.22611344e-01 6.60574496e-01
    -5.04182100e-01 1.05288541e+00 -7.06453502e-01 1.62177634e+00
    3.51475418e-01 1.07294321e+00 9.62685168e-01 6.22618914e-01
    4.55943048e-01 7.56219089e-01 1.13094199e+00 -5.14059782e-01
    8.21089387e-01 -6.75100863e-01 8.87476742e-01 -9.46344733e-02
    4.54976022e-01 8.39724362e-01 -1.07718289e-01 1.01947606e-01
    1.61352658e+00 -2.04691827e-01 4.26922441e-02 4.60761309e-01
    -7.48043656e-02 5.15729487e-01 1.43208563e-01 1.71097255e+00
    1.84157503e+00 -5.35353422e-01 1.05378389e-01 3.91523242e-01
    -6.06306136e-01 2.99727082e-01 8.64346981e-01 7.86751509e-02
    1.17927492e+00 -3.42166871e-01 -1.56670213e-01 1.29168880e+00
    -4.25747037e-01 1.12028098e+00 -2.00519383e-01 1.15746987e+00
    -6.29105031e-01 1.03776073e+00 2.57297814e-01 1.49849772e+00
    4.18340862e-01 2.13091969e-01 4.77357149e-01 6.12278223e-01
    3.59624028e-01 1.80791557e-01 1.64622664e+00 8.10540795e-01
    1.25967431e+00 1.44012856e+00 3.72745335e-01 -3.18889022e-02
    1.14007759e+00 -6.72692060e-03 1.52148342e+00 1.08557045e-01
    8.96973670e-01 -6.67703271e-01 -3.52667421e-01 1.55256355e+00
    8.12618315e-01 -7.01868534e-01 1.47201991e+00 1.41000330e-01
    -1.43913269e-01 1.73465443e+00 -6.16833448e-01 -1.61717176e-01
    -3.34246069e-01 -1.19783878e-01 5.71101129e-01 1.13546586e+00
    -2.79128432e-01 5.42715073e-01 2.02689707e-01 -6.07455134e-01
    -1.22467160e-01 1.47990072e+00 -6.65015697e-01 8.23743343e-01
    1.61273980e+00 9.05054569e-01 -6.23553991e-01 1.43944299e+00
    -7.82808423e-01 -1.08614326e-01 -7.00638771e-01 2.72544205e-01
    1.32120669e+00 2.44094610e-01 1.53352380e-01 1.35441422e+00
    1.45591497e+00 2.05146372e-01 1.95273936e-01 9.27656472e-01
    -5.14908254e-01 1.68399954e+00 2.43648231e-01 3.22191834e-01
    -1.05570555e-01 1.32981825e+00 -2.45396495e-02 8.95000041e-01
    1.55746543e+00 -4.29757923e-01 -3.22924852e-01 6.27935290e-01
    -3.97526473e-01 1.40864491e+00 2.82135129e-01 -5.12487829e-01
    9.76291001e-01 9.14564133e-02 -8.01071525e-02 1.62832046e+00
    -1.71515763e-01 -4.84097809e-01 1.54073262e+00 -6.85831308e-01
    1.39062238e+00 7.91957617e-01 1.22556484e+00 1.26603818e+00
    -2.27780312e-01 8.29177916e-01 -3.35945904e-01 -4.80605543e-01
    -2.54719973e-01 1.27195263e+00 -5.49912751e-01 7.54112780e-01
    1.77784276e+00 8.19078684e-02 5.69227636e-01 -1.43502116e-01
    -3.84495556e-01 -6.14951909e-01 1.17215586e+00 2.56473422e-01
    1.56072688e+00 3.52682889e-01 -5.70893586e-01 2.36441255e-01
    -1.99585378e-01 1.18019044e-01 2.31586039e-01 5.66636562e-01
    1.03068995e+00 -7.21635997e-01 5.19144416e-01 -7.45348871e-01
    1.17999375e+00 4.40105200e-01 1.64298391e+00 -2.66247988e-03
    1.04432750e+00 2.75780797e-01 9.71123695e-01 1.04257631e+00
    6.34099305e-01 -4.19614583e-01 1.22663617e+00 -4.03992504e-01
    -9.46927667e-02 -3.44654113e-01 2.92403102e-01 3.08278680e-01
    6.54716432e-01 6.63913548e-01 1.36952996e-02 1.50213194e+00
    6.01574779e-01 4.94703531e-01 -3.31016690e-01 8.62340212e-01
    -6.36799932e-01 -1.51522160e-01 -1.40529394e-01 -7.69752443e-01
    9.80456233e-01 -1.44999623e-01 1.24766898e+00 -3.85021091e-01
    1.02943838e+00 1.41053009e+00 5.34150183e-01 8.90933156e-01
    4.49994326e-01 -4.32362229e-01 -3.64718288e-01 1.28860211e+00
    1.80426669e+00 1.78272009e+00 3.85957837e-01 1.28332913e-01
    -5.15340626e-01 -1.50303841e-02 6.74815059e-01 -2.34520435e-02
    1.54623342e+00 1.39127398e+00 -8.46595287e-01 -5.94539046e-01
    1.39962852e+00 1.75814891e+00 5.02994299e-01 1.44436538e-01
    1.08770728e-01 -8.19165528e-01 3.29663157e-02 -7.48315573e-01
    1.20865464e+00 7.51188993e-01 -7.57169962e-01 1.72480035e+00
    9.17389989e-02 5.07776380e-01 -2.36681521e-01 -1.40167952e-01
    1.86760974e+00 1.48666024e+00 6.11718237e-01 3.49689841e-01
    1.52983379e+00 1.31626177e+00 9.66064990e-01 -3.37756127e-01
    1.63297689e+00 -2.46543348e-01 5.91500163e-01 9.60295618e-01
    1.06258154e+00 -4.32378978e-01 -1.67203069e-01 1.14795446e-01
    5.18943369e-01 1.36043203e+00 -1.05499029e-02 1.60688519e-01
    -2.56169140e-01 5.66720724e-01 3.76989543e-01 5.10947168e-01
    1.52220404e+00 -3.98853421e-01 8.57062101e-01 1.23365068e+00
    6.39585972e-01 1.22147322e-01 5.60536027e-01 -1.57725036e-01
    -2.55037844e-01 6.28131866e-01 -5.04656672e-01 5.00484705e-02
    1.66001940e+00 1.69387841e+00 4.97750044e-02 7.09367335e-01
    1.11997008e+00 9.58822966e-01 1.42372441e+00 4.54869866e-01
    2.07651436e-01 4.62314427e-01 3.50070179e-01 9.35974419e-01
    -1.12546861e-01 -1.81137264e-01 -4.99053031e-01 1.18190193e+00
    5.55026174e-01 5.25770187e-01 2.27412581e-02 7.27896035e-01
    4.16812837e-01 1.07614398e-01 -4.79309559e-01 -5.00278711e-01
    -1.39236808e-01 -3.01075369e-01 3.82587552e-01 1.55019128e+00
    -2.22455442e-01 9.83326912e-01 6.66599154e-01 5.57203293e-01
    2.10510135e-01 4.93789196e-01 -3.74502271e-01 3.47171485e-01
    -3.51227522e-02 6.96633875e-01 1.09794950e+00 -9.55049992e-02
    1.06611657e+00 1.07321870e+00 9.90023017e-01 4.32528913e-01
    -3.09856415e-01 1.63966990e+00 -1.02841258e-02 -3.87856185e-01
    -7.76377678e-01 1.66240418e+00 -1.13017499e-01 -3.50452453e-01
    3.88350725e-01 -1.18234277e-01 1.15005064e+00 1.27689528e+00
    5.35812736e-01 -8.45029354e-02 1.68591237e+00 9.98938680e-02
    5.44931173e-01 -5.59620500e-01 9.40304160e-01 1.21883333e-01
    -6.34340286e-01 -6.81443691e-01 6.82592213e-01 -1.14095509e-01
    3.43974054e-01 -3.76170486e-01 1.64338744e+00 1.54797661e+00
    9.64041829e-01 1.09419465e+00 -3.24480712e-01 1.40556097e-01
    3.78630579e-01 5.93194842e-01 9.09364641e-01 -7.55880296e-01
    -4.58568960e-01 -7.49022961e-02 -5.55254817e-01 8.64256024e-01
    8.70135963e-01 7.44571984e-01 8.96400273e-01 1.85105300e+00
    3.95152807e-01 1.00199461e+00 -4.08670545e-01 -2.14470387e-01
    3.46269429e-01 -2.52250820e-01 1.08612299e+00 4.52556670e-01
    8.94968390e-01 9.11096692e-01 -1.04228675e-01 -7.01122820e-01
    8.19807112e-01 1.28162539e+00 1.40648627e+00 -2.61490643e-01
    1.63518965e+00 -5.72021306e-01 6.24406219e-01 9.00078952e-01
    1.41003370e+00 1.61278927e+00 7.00129867e-01 -3.62829059e-01
    7.50699878e-01 6.12714648e-01 5.28681457e-01 8.54158223e-01
    6.72085881e-01 1.22395754e+00 1.43240571e+00 7.52359986e-01
    -4.64683950e-01 1.69081092e-02 -6.46669328e-01 1.71019256e+00
    1.57578766e-01 1.10536242e+00 1.20522761e+00 1.56302190e+00
    -4.15552258e-02 -8.47663283e-02 -4.39006329e-01 -1.19046867e-01
    5.10895491e-01 2.09734440e-01 -5.53672731e-01 -1.26095057e-01
    6.40954554e-01 1.73737228e-01 3.64768624e-01 1.63202477e+00
    -6.37036800e-01 1.15355873e+00 8.43708038e-01 1.70517111e+00
    9.63054478e-01 -4.77732748e-01 1.67583442e+00 -6.18623495e-02
    1.08857274e-01 5.08588970e-01 1.28388453e+00 4.36212540e-01
    9.92345750e-01 1.46293974e+00 -2.86742985e-01 1.22989678e+00
    8.19348633e-01 4.32094336e-01 9.54535723e-01 5.01741707e-01
    1.54926002e-01 1.44719124e+00 -3.48842442e-01 1.42706656e+00
    9.34495509e-01 -8.38261247e-02 2.84237504e-01 8.74841809e-02
    -1.22634768e-02 5.69225311e-01 -4.33412850e-01 6.57755136e-02
    1.03402114e+00 6.35371625e-01 1.71325183e+00 6.28144801e-01
    -4.41861153e-02 1.65663958e-02 1.00410795e+00 1.48907304e+00
    -4.22370136e-01 -1.42291009e-01 1.01601124e+00 1.13269114e+00
    -8.47421408e-01 5.40252984e-01 9.59681332e-01 1.24877572e+00
    -1.77190959e-01 -4.21291351e-01 -2.48202652e-01 1.12564135e+00
    9.65757549e-01 3.65853369e-01 1.64336753e+00 3.81196201e-01
    1.69150889e-01 1.34334540e+00 1.63323963e+00 1.53147352e+00
    1.09238803e-01 1.57054567e+00 -5.05665064e-01 1.38268042e+00
    -1.86164379e-02 -3.17020297e-01 1.45706856e+00 7.34890878e-01
    -7.75849581e-01 1.54826999e+00 1.13801956e+00 1.03931487e-01
    1.25506520e-02 1.45546079e+00 5.94886363e-01 -7.77424574e-02
    1.56617081e+00 1.43723726e-01 3.64977896e-01 7.91705072e-01
    1.13023758e+00 1.39625216e+00 -2.32455969e-01 -8.87254477e-02
    1.54017901e+00 -6.39438093e-01 7.10475802e-01 1.09096944e-01
    2.57757425e-01 -6.04716897e-01 3.81048143e-01 4.34615731e-01
    -7.82221556e-03 -7.51735330e-01 -5.18537164e-02 8.92442405e-01
    1.56197345e+00 1.52619028e+00 -2.09362924e-01 1.66859341e+00
    1.50277030e+00 5.45356512e-01 8.03164601e-01 2.88686335e-01
    8.00227702e-01 1.33260286e+00 6.93354785e-01 6.70790970e-01
    -2.23822713e-01 -2.50464737e-01 1.72431839e+00 -2.35708892e-01
    1.68340540e+00 4.94944930e-01 -5.57279944e-01 1.50628090e+00
    5.07405698e-01 6.21500492e-01 -2.25600660e-01 -2.89424360e-01
    1.46763921e+00 2.12905586e-01 1.12138748e-01 5.46349883e-01
    1.52891195e+00 1.05412412e+00 1.20498657e+00 -6.18432403e-01
    -5.80439448e-01 -2.04442739e-02 4.51572120e-01 3.68006825e-02
    8.86233032e-01 -5.67778349e-02 -2.89982170e-01 1.79487109e+00
    -4.26779091e-01 6.16548121e-01 3.41743767e-01 1.54353285e+00
    3.08291256e-01 4.57379401e-01 -3.82067502e-01 2.62298763e-01
    -5.00839114e-01 1.13844395e+00 1.13530040e+00 1.68900752e+00
    -5.80730438e-01 1.08136952e+00 1.58918345e+00 1.42632961e+00
    1.24930859e+00 1.75070488e+00 7.33181834e-02 1.67069745e+00
    -3.72566551e-01 1.19710624e-01 3.53652537e-01 1.04190338e+00
    1.33123279e-01 -1.40305758e-01 -1.28457904e-01 1.15027213e+00
    9.82425034e-01 1.57501471e+00 -3.01180542e-01 1.57318807e+00
    4.32983458e-01 -8.14279318e-01 1.07218218e+00 -7.15423167e-01
    -6.23755753e-01 -8.02923977e-01 4.89737451e-01 4.43061471e-01
    2.52133012e-01 6.56083107e-01 1.60897684e+00 1.29403365e+00
    -1.00902081e-01 1.29180598e+00 1.27219391e+00 -2.49946117e-01
    -3.80864382e-01 1.38325834e+00 2.67194748e-01 6.21037602e-01
    9.89700437e-01 3.92687321e-01 5.52374125e-01 -2.00458229e-01
    7.20487475e-01 -1.96404815e-01 7.87212551e-01 -6.71853781e-01
    -6.39996171e-01 6.99783504e-01 1.64067852e+00 -6.68266773e-01
    -5.95658243e-01 3.31276178e-01 1.28035891e+00 1.57263088e+00
    -1.50359154e-01 1.75887489e+00 -4.19485599e-01 -3.82553458e-01
    1.04155922e+00 3.63398671e-01 -7.36650407e-01 1.69345284e+00
    1.33941936e+00 5.89245558e-01 1.49205780e+00 1.01451278e+00
    -4.32867736e-01 1.39323211e+00 -3.88757914e-01 1.19806886e-01
    2.18896806e-01 -7.64847696e-01 4.97863233e-01 9.90287066e-01
    1.52353263e+00 -5.63730896e-01 7.89491177e-01 6.87513351e-01
    -4.61518466e-01 2.05002427e-01 8.34802508e-01 1.41063571e+00
    9.21788931e-01 -5.45219183e-01 7.00992048e-01 7.72486687e-01
    1.58482051e+00 -4.51327354e-01 1.55411077e+00 8.16602826e-01
    1.07413459e+00 -4.70437825e-01 -5.06194711e-01 -2.40481108e-01
    -3.56851369e-01 1.48826528e+00 1.99957371e-01 1.51623702e+00
    1.59108090e+00 1.40817440e+00 -1.17838085e-01 -6.18704438e-01
    -4.31559086e-02 1.83135200e+00 -2.42197096e-01 -6.22677147e-01
    2.91285515e-02 2.03191757e-01 2.27378905e-01 3.89257371e-01
    2.99511015e-01 5.13529658e-01 -6.48768723e-01 1.25769508e+00
    1.62897038e+00 3.23995233e-01 1.55001557e+00 4.39308882e-01
    1.17441869e+00 -3.38155031e-03 1.36539316e+00 1.61094773e+00
    -7.48976052e-01 1.24266815e+00 6.24426425e-01 9.43365693e-01
    1.10638452e+00 1.12811518e+00 -4.20601130e-01 1.17974412e+00
    -1.01179719e-01 1.74936199e+00 -4.87941384e-01 -3.65241975e-01
    -5.34399629e-01 6.67354405e-01 -6.25556469e-01 4.64885235e-01
    -1.70562923e-01 1.79831243e+00 -1.58811510e-01 -1.78504586e-01
    -6.12168908e-02 9.62504625e-01 2.73459256e-01 1.76691079e+00
    7.74352491e-01 1.76502657e+00 7.09029436e-02 2.24657297e-01
    -5.09552777e-01 1.25632834e+00 -1.80424631e-01 2.72703767e-02
    -5.61235905e-01 -4.88277256e-01 3.15445364e-01 -6.05881810e-01
    1.83269453e+00 -3.09285432e-01 -2.63138980e-01 -1.58160746e-01
    -4.04714912e-01 -5.31571150e-01 7.50055432e-01 -6.11065030e-01
    4.53178465e-01 3.56835306e-01 1.29051149e+00 1.11924410e-02
    -7.42192686e-01 -2.79317260e-01 -2.59722173e-01 3.89884651e-01
    1.31381655e+00 6.51498318e-01 -2.88663566e-01 1.24202323e+00
    1.57851517e+00 4.62406397e-01 1.37764132e+00 1.05836558e+00
    3.45172405e-01 8.37070346e-02 -5.61504662e-01 4.74475920e-01
    3.88264060e-02 4.40322518e-01 6.98277950e-02 -1.79704189e-01
    -1.77026093e-01 1.26192343e+00 -7.42032349e-01 4.11093950e-01
    -4.47147906e-01 8.90554667e-01 -6.01308107e-01 5.96258283e-01
    -3.87468636e-01 1.23619652e+00 2.38613605e-01 2.08475769e-01
    1.56435966e+00 4.61259186e-01 1.37399387e+00 -2.56628633e-01
    1.39843440e+00 7.37572551e-01 6.73066974e-02 1.03163576e+00
    1.16010761e+00 1.34485841e+00 1.09035444e+00 5.35405278e-02
    -1.74516797e-01 1.70972991e+00 8.90982747e-02 -1.53346598e-01
    1.74625039e-01 -4.19991910e-01 4.04777765e-01 3.77934158e-01
    4.15439367e-01 1.31671262e+00 7.35978723e-01 6.39277756e-01
    3.02866161e-01 1.27767718e+00 1.07839596e+00 -1.95322037e-02
    1.56721139e+00 1.31128144e+00 6.27355933e-01 -7.12599456e-01
    3.74639511e-01 2.81853199e-01 4.10784543e-01 9.99408960e-02
    8.06740701e-01 5.70031464e-01 2.72777915e-01 1.35050297e+00
    1.83832502e+00 -5.46736121e-02 1.69271946e-01 8.70683968e-01
    1.41742277e+00 1.60829449e+00 8.07914019e-01 6.11977756e-01
    2.83558011e-01 -1.63332224e-01 6.24448061e-01 9.62755680e-01
    5.26937842e-02 3.44740093e-01 -6.18366957e-01 1.49896610e+00
    9.94999170e-01 2.23541856e-02 6.51854396e-01 1.14129663e+00
    -6.43148661e-01 -5.27754545e-01 4.02381063e-01 1.90989137e-01
    -5.03050327e-01 1.67007446e+00 1.02403641e-01 1.32663834e+00
    1.38388276e+00 -5.20423412e-01 -1.73437178e-01 7.59690464e-01
    1.47790551e-01 7.96874583e-01 -1.59790814e-01 1.39652896e+00
    5.60169935e-01 2.49126554e-02 7.94393480e-01 3.04188550e-01
    8.61652493e-01 -3.08454037e-01 6.88221455e-01 2.00873137e-01
    -1.72640085e-01 1.67196548e+00 5.16204357e-01 1.78530014e+00
    1.45784998e+00 3.64520788e-01 7.58286536e-01 9.27735567e-01
    6.64143503e-01 4.67849672e-01 1.81356013e+00 -2.70910561e-01
    1.92642808e+00 1.71466398e+00 7.71691561e-01 3.45448017e-01
    -2.67202735e-01 1.64580512e+00 1.52311647e+00 1.42127204e+00
    1.68489134e+00 -1.51406586e-01 4.97623801e-01 9.59610343e-02
    9.63360429e-01 5.15218258e-01 -2.63048053e-01 -1.57254457e-01
    1.70727968e-01 4.95426059e-01 -5.49231410e-01 7.18791723e-01
    5.62886000e-01 -5.22028089e-01 1.29186618e+00 3.19055915e-02
    9.20035303e-01 -5.35104275e-01 1.77188540e+00 1.34905291e+00
    1.38973832e-01 3.60971928e-01 5.56389689e-02 4.82786834e-01
    1.28542352e+00 1.13538432e+00 5.17130852e-01 3.70153427e-01
    1.29630470e+00 9.90697742e-01 1.61481297e+00 1.27008390e+00
    -7.12604821e-01 1.09282827e+00 1.46922040e+00 5.49110770e-02
    1.18776512e+00 5.85317612e-03 8.11034083e-01 1.70530725e+00
    1.87267542e-01 -6.01168990e-01 -5.91931045e-01 3.08547020e-02
    5.23985207e-01 1.31917536e+00 4.08649445e-02 3.45756233e-01
    -2.82097429e-01 4.27645087e-01 5.37364244e-01 -3.24417353e-02
    1.91603637e+00 -5.55620670e-01 -3.40629518e-01 3.39646816e-01
    1.69485652e+00 -3.82294357e-01 1.28645682e+00 8.96968603e-01
    -3.87313992e-01 -6.47569478e-01 1.07683790e+00 -2.62222290e-02
    1.58518624e+00 4.08647597e-01 -2.53510654e-01 7.69528866e-01
    -5.75957894e-01 -4.71290231e-01 7.66048253e-01 1.09850657e+00
    1.50469041e+00 -5.91155291e-02 2.29835391e-01 -1.58617198e-01
    -3.45241040e-01 1.57804632e+00 1.32964969e-01 5.73660791e-01
    1.31960583e+00 7.11205602e-01 -7.38909304e-01 2.00761497e-01
    1.17635393e+00 8.22747469e-01 -7.36628413e-01 -3.45692217e-01
    7.03397095e-01 4.87441480e-01 7.73435831e-01 1.44622302e+00
    1.34366202e+00 1.27659881e+00 7.56140590e-01 -4.06056702e-01
    9.54049587e-01 8.67920697e-01 1.45785844e+00 4.74479496e-01
    -1.03087842e-01 1.33226037e+00 9.75534797e-01 1.71036124e+00
    7.36340821e-01 -5.70310354e-02 -3.69474888e-01 1.68418193e+00
    -5.77776611e-01 7.69537210e-01 4.52752471e-01 5.65357864e-01
    1.57919526e-01 2.49745011e-01 3.44894528e-02 1.13851213e+00
    -4.80754405e-01 1.19135547e+00 1.61959600e+00 1.11332273e+00
    1.10150933e+00 1.63489485e+00 -3.96936864e-01 -6.78682864e-01
    8.43709588e-01 4.76525068e-01 -5.83379269e-01 5.62576711e-01
    1.92475736e-01 2.77112424e-01 1.74902344e+00 2.55962551e-01
    -6.17533088e-01 -7.95439243e-01 1.67036653e+00 9.34693336e-01
    -4.08245742e-01 -4.01897222e-01 1.62192523e+00 1.63722610e+00
    6.03627980e-01 8.55769634e-01 -3.34169805e-01 8.92826617e-01
    -3.01017016e-01 7.92142808e-01 -2.78995454e-01 8.92459512e-01
    9.40651119e-01 1.73431039e-01 -1.46664977e-02 3.14289808e-01
    5.92425108e-01 -6.33793354e-01 3.62085164e-01 2.73533642e-01
    2.61719227e-01 2.20503211e-02 -7.44026840e-01 1.25474131e+00
    1.38565481e-01 1.63249588e+00 -7.65935302e-01 4.73937392e-02
    1.22274494e+00 8.39509368e-02 7.74075329e-01 1.77108502e+00
    8.63500535e-01 1.53843069e+00 1.37039053e+00 4.60646808e-01
    -3.32638323e-01 -2.60483444e-01 7.22865283e-01 1.36672068e+00
    1.46644330e+00 -3.20897043e-01 4.05379534e-02 -4.79422212e-02
    -5.31994760e-01 4.22320426e-01 7.41961360e-01 3.82796824e-01
    6.90784812e-01 5.22573709e-01 1.13197672e+00 1.79279506e+00
    1.01605248e+00 1.19300497e+00 1.62554908e+00 -4.38845843e-01
    1.50279236e+00 6.50756478e-01 5.60795069e-01 1.34419084e-01
    2.67151594e-02 3.01917493e-01 1.45840645e+00 1.68026376e+00
    -1.29697680e-01 5.71856499e-02 1.11695123e+00 3.98176610e-01
    -7.53367424e-01 -1.56778872e-01 6.99529529e-01 2.71291137e-01
    1.33810043e+00 1.08833945e+00 -6.28036439e-01 -2.13498354e-01
    5.75691283e-01 -6.35600209e-01 1.79861164e+00 9.80859637e-01
    6.65248394e-01 -1.65144205e-01 3.52220893e-01 1.34454036e+00
    9.88869786e-01 -2.68428683e-01 1.69076657e+00 -1.31710529e-01
    1.22709537e+00 1.01052833e+00 4.25569296e-01 8.04766834e-01
    1.69992387e+00 1.01414561e+00 1.53684974e-01 8.88451695e-01
    1.07675266e+00 -8.51631165e-02 1.55107284e+00 9.12288785e-01
    -6.75797462e-03 6.84819400e-01 2.53859639e-01 1.12492132e+00
    1.60827172e+00 3.09251547e-02 3.39453340e-01 4.12110329e-01
    8.46614718e-01 -2.92099535e-01 1.01554036e+00 -2.01082885e-01
    4.50658441e-01 1.65202928e+00 2.96872854e-02 -6.08486354e-01
    1.24429107e-01 4.98702168e-01 -2.21810341e-02 8.55302393e-01
    3.95967424e-01 -7.58708894e-01 8.16072762e-01 1.61996484e-02
    1.17240214e+00 1.45545244e+00 -4.62973595e-01 9.49424148e-01
    4.31198478e-02 9.19621468e-01 -1.36233389e-01 4.70898151e-01
    1.49877727e-01 1.24348640e+00 -4.96244431e-02 -6.50075674e-02
    8.60630274e-02 7.33369946e-01 1.05964684e+00 -1.10465348e-01
    1.55686057e+00 1.53617764e+00 1.28312147e+00 -7.19813824e-01
    3.47083032e-01 -2.58513212e-01 9.28702235e-01 3.58994842e-01
    1.36009896e+00 2.85871983e-01 5.10254085e-01 2.78080881e-01
    1.63409543e+00 4.75075185e-01 -5.71549237e-01 1.29803944e+00
    4.68758702e-01 -3.83778811e-01 8.74061584e-01 -2.69230187e-01
    9.32577968e-01 9.25491989e-01 1.63256419e+00 -1.30325317e-01
    1.08076048e+00 1.59349430e+00 1.72559333e+00 -5.03621936e-01
    2.72836685e-01 -5.46483874e-01 6.90873981e-01 1.35493970e+00
    -5.02862036e-01 1.76149523e+00 -9.80370641e-02 4.84117866e-02
    1.62751317e-01 4.20579910e-02 6.83015406e-01 -2.42556930e-01
    5.21518946e-01 1.10372043e+00 4.59462404e-03 1.02214384e+00
    -6.41124427e-01 -2.33906448e-01 -5.50157726e-01 2.17823505e-01
    1.49172568e+00 -1.30834758e-01 7.77763605e-01 -2.04249680e-01
    -5.38874269e-02 1.63021576e+00 3.52152944e-01 1.07437778e+00
    -6.36406362e-01 5.16534090e-01 3.38868737e-01 9.63536799e-01
    -2.23307610e-02 1.12854064e+00 6.77858889e-01 1.55316055e-01
    1.21982503e+00 1.37506080e+00 8.26955378e-01 -2.23959863e-01
    -2.13037729e-02 9.21519697e-01 1.79459679e+00 9.60038900e-02
    -1.18096232e-01 6.97594285e-02 8.35494459e-01 -2.05804706e-01
    1.30390441e+00 2.15301871e-01 8.71730208e-01 1.72976470e+00
    -3.79588932e-01 6.30913317e-01 1.72140360e-01 -2.14497328e-01
    9.73200917e-01 5.85238099e-01 1.76857054e+00 -4.48432684e-01
    7.66712308e-01 -5.93941152e-01 4.23457861e-01 1.91515136e+00
    -1.18304491e-01 -4.15900886e-01 -6.35233521e-02 -6.74082279e-01
    -8.61049294e-02 9.71227884e-03 -5.68110704e-01 4.86681700e-01
    7.32111454e-01 1.03872085e+00 9.71351922e-01 1.37186432e+00
    2.84799159e-01 -5.10039926e-01 8.29415500e-01 1.23243272e-01
    1.65281153e+00 1.42613566e+00 1.36227643e+00 1.03738284e+00
    3.77462208e-01 5.35731912e-02 1.37490582e+00 -1.80000722e-01
    1.17002153e+00 1.31662226e+00 -2.59033680e-01 1.69839859e+00
    6.67501509e-01 1.75704503e+00 3.43138814e-01 1.03639352e+00
    6.83380783e-01 2.52177835e-01 1.10420704e+00 -3.09543490e-01
    4.80293930e-01 -7.31275737e-01 6.95014536e-01 6.22141004e-01
    1.49286222e+00 -5.83542466e-01 1.61078429e+00 6.75531685e-01
    -5.63117981e-01 -2.15678513e-01 5.26026011e-01 7.85432637e-01
    -7.08800316e-01 -1.97552145e-01 1.49179530e+00 9.92768049e-01
    1.64200878e+00 7.56405234e-01 9.70525324e-01 -1.30289733e-01
    -2.63177395e-01 7.44938076e-01 4.57269907e-01 1.26704788e+00
    9.92335677e-02 9.60360050e-01 3.56573105e-01 1.57301641e+00
    7.29331076e-01 1.15967870e+00 1.21228385e+00 1.44382310e+00
    -8.10876489e-02 9.62259769e-01 -1.31102085e-01 -4.83653337e-01
    1.43412566e+00 1.33827055e+00 9.79111314e-01 -2.13212073e-01
    2.31575966e-01 -7.72805214e-01 -3.69101346e-01 1.32180893e+00
    -5.98894060e-01 2.88194478e-01 -2.19419062e-01 1.50628889e+00
    -5.08504748e-01 1.23821282e+00 -2.21460402e-01 6.32928908e-01
    -3.73362929e-01 1.09345496e-01 1.05209112e+00 1.25260830e-01
    1.58134103e+00 4.78445888e-02 2.44612932e-01 1.22955632e+00
    7.97946453e-02 1.43559957e+00 1.42575669e+00 -2.21907139e-01
    1.29483318e+00 7.96188653e-01 1.22411299e+00 -2.87412792e-01
    2.98583031e-01 -5.32772064e-01 -5.61643839e-02 -5.60084045e-01
    7.13601053e-01 6.25211060e-01 -6.78849101e-01 9.27270651e-01
    6.48836493e-01 1.48714399e+00 1.26962996e+00 5.93058348e-01
    1.39616704e+00 1.49879980e+00 6.98715389e-01 1.26584435e+00
    5.22378504e-01 -2.39798903e-01 5.31807065e-01 1.56174493e+00
    -4.96390611e-01 -5.02087057e-01 2.88610876e-01 7.19424546e-01
    -7.12953925e-01 1.78269839e+00 8.03864598e-01 1.04553378e+00
    1.29635525e+00 1.63238037e+00 6.89824939e-01 1.49115300e+00
    -3.79347146e-01 -1.20819569e-01 -1.79341555e-01 -4.58508849e-01
    1.70178056e-01 -2.56461620e-01 1.67993498e+00 -2.10266709e-01
    1.70612669e+00 4.46933091e-01 -4.15087461e-01 7.53557086e-02
    -2.81358957e-02 -1.48961306e-01 1.75220716e+00 5.75999022e-02
    2.43805826e-01 1.18144143e+00 1.15694523e+00 3.02489936e-01
    -2.22044349e-01 3.00797403e-01 1.60252035e-01 -1.19018197e-01
    8.09896827e-01 4.32178378e-01 -3.63372326e-01 1.33150196e+00
    4.70261753e-01 4.97731745e-01 3.09488058e-01 2.52920687e-01
    8.82327557e-04 1.66444921e+00 1.66849542e+00 1.07248044e+00
    3.42350960e-01 -8.50003958e-01 -3.80824834e-01 1.94795489e-01
    -7.70789981e-01 6.82327032e-01 -3.11812311e-01 1.17188835e+00
    -7.44890869e-01 8.55099082e-01 8.82178664e-01 1.44697666e+00
    1.46393418e+00 9.45973217e-01 1.41402435e+00 2.16768026e-01
    6.30215764e-01 1.88661218e-02 5.07347763e-01 1.24689293e+00
    1.65691519e+00 3.87430191e-05 1.49878204e+00 1.03589749e+00
    1.26144004e+00 2.81344175e-01 -3.53820503e-01 -2.13976741e-01
    1.10045838e+00 1.70044482e-01 7.59924173e-01 -4.27427292e-01
    -3.20117474e-02 2.15040684e-01 3.59695256e-01 1.45260835e+00
    1.42804313e+00 -2.02617764e-01 -2.16905773e-01 3.06019664e-01
    -3.22453111e-01 1.13580728e+00 2.09363163e-01 1.36248446e+00
    1.01622641e+00 1.44612050e+00 -5.99763811e-01 1.31887734e-01
    -6.67367816e-01 5.52804887e-01 9.15023327e-01 9.80338335e-01
    2.73467898e-01 1.07673609e+00 2.54647076e-01 5.30450463e-01
    1.72697949e+00 1.30281222e+00 1.05680048e+00 1.54364264e+00
    -6.76835597e-01 6.17727637e-02 -6.70291126e-01 -5.73243201e-01
    3.95610929e-01 -1.15856349e-01 -6.81132436e-01 9.14677382e-01
    6.51297152e-01 -8.10171366e-01 8.29090655e-01 5.67590237e-01
    -1.79576755e-01 1.03309727e+00 1.11484945e-01 9.28590477e-01
    6.89084768e-01 6.28694296e-01 2.63253689e-01 3.87642205e-01
    1.40921831e+00 9.51766372e-01 5.65083146e-01 -3.78961921e-01
    7.66178071e-01 7.05454588e-01 6.43840373e-01 4.46852028e-01
    9.27541018e-01 -6.12073243e-01 8.08852673e-01 5.84515035e-01
    7.67793357e-01 -2.67772555e-01 3.58744442e-01 1.61361492e+00
    1.66768706e+00 1.84996903e-01 5.94431460e-01 5.06110966e-01
    -2.74340153e-01 1.20462584e+00 -6.76408172e-01 5.56619763e-01
    -4.77965385e-01 5.60085535e-01 1.67764521e+00 2.56384909e-01
    -5.63420117e-01 9.37341869e-01 1.50641799e+00 1.27275968e+00
    1.74529374e-01 1.76457250e+00 -4.75437611e-01 -6.25135362e-01
    7.22356558e-01 4.80189323e-01 1.48585546e+00 1.47424865e+00
    2.28026509e-02 -4.66198862e-01 7.06772625e-01 1.47706795e+00
    1.23676813e+00 -4.29433882e-01 7.71061480e-01 1.20539749e+00
    1.48060298e+00 -6.96800590e-01 1.09928763e+00 -3.12090933e-01
    7.29628205e-02 6.33572996e-01 -8.38607550e-02 -7.34880567e-01
    7.60234416e-01 -7.29957640e-01 9.93007183e-01 -2.84514695e-01
    -5.35887837e-01 -6.31010532e-03 7.16705799e-01 2.89674401e-01
    -7.79226482e-01 1.06290579e+00 9.42462206e-01 1.63900352e+00
    -9.29179132e-01 1.60186291e-01 9.94990349e-01 1.51822031e+00
    -2.01200008e-01 1.42640126e+00 1.05642927e+00 1.10207462e+00
    1.22562218e+00 -5.03785133e-01 -3.84359598e-01 1.32098365e+00
    8.17184329e-01 1.00525856e+00 1.54698992e+00 -4.96536195e-01
    1.23953652e+00 -5.01919270e-01 -1.91350579e-01 -6.47654414e-01
    -2.79991984e-01 1.20867038e+00 -4.35119539e-01 5.18596888e-01
    3.09157789e-01 1.34753370e+00 4.27301645e-01 -2.07354963e-01
    9.56855893e-01 6.77384615e-01 -5.42092919e-01 2.52420425e-01
    -5.19985676e-01 -1.06209695e-01 1.29589510e+00 1.00614882e+00
    1.10596466e+00 2.53473520e-02 2.66107202e-01 6.51331842e-01
    3.28889668e-01 2.87826061e-02 1.41915655e+00 5.23290515e-01
    1.70483053e-01 1.28929162e+00 -8.24791253e-01 3.93219948e-01
    3.25614393e-01 9.59057450e-01 -3.72549653e-01 7.55118132e-02
    1.50932693e+00 1.71470165e-01 1.21247029e+00 -4.36376154e-01
    3.06740165e-01 1.32782948e+00 1.38695920e+00 4.56997395e-01
    4.31511104e-01 1.65800285e+00 2.84653068e-01 1.21303868e+00
    1.36977649e+00 -2.61631608e-01 -3.72016102e-01 2.46337593e-01
    1.10127115e+00 -5.30187428e-01 -5.23211002e-01 1.94229126e-01
    -4.94863659e-01 1.40306902e+00 -4.99969721e-03 -3.20087105e-01
    -2.18283057e-01 2.36016572e-01 8.09982538e-01 1.61463928e+00
    -7.49508262e-01 5.63898563e-01 8.01359236e-01 1.48211598e-01
    1.34440625e+00 1.33945918e+00 5.54345012e-01 1.33495820e+00
    1.76948988e+00 3.36217701e-01 1.33118951e+00 -4.01179940e-01
    1.81441927e+00 1.06794834e+00 1.08421803e+00 1.56442022e+00
    4.50350761e-01 -4.07906801e-01 -5.15269041e-01 1.61175537e+00
    5.20070970e-01 -9.64619517e-02 8.12555134e-01 -2.92879343e-03
    5.86076319e-01 1.39388776e+00 1.56668794e+00 -7.89423585e-01
    1.81219995e-01 -2.34499991e-01 6.49157941e-01 1.33703232e+00
    1.06692743e+00 -5.10586858e-01 1.88587964e-01 4.65281248e-01
    2.47670233e-01 6.75025523e-01 4.73636508e-01 -3.11534911e-01
    1.13181579e+00 1.27625608e+00 5.90519547e-01 1.47059035e+00
    -7.07864761e-02 -5.00065327e-01 1.28873658e+00 2.44959414e-01
    1.03628421e+00 -1.42045140e-01 1.17193246e+00 1.41524076e-01
    7.62270093e-02 -4.51304257e-01 1.34063292e+00 -5.62894464e-01
    -2.56844342e-01 1.29941761e+00 -3.51041555e-02 3.08973789e-02
    1.31197929e+00 1.41315114e+00 -3.67956311e-01 5.17581522e-01
    1.47362947e-01 1.70518327e+00 4.85104501e-01 -4.26651567e-01
    1.21372104e+00 8.63694251e-01 -6.84139490e-01 2.01411128e-01
    -2.87650943e-01 -4.72147435e-01 -6.54780984e-01 -3.44358146e-01
    1.15174115e+00 1.32826662e+00 5.21402717e-01 1.49157190e+00
    8.09964418e-01 1.35022163e+00 1.15327787e+00 1.41058302e+00
    1.56363440e+00 1.16682816e+00 1.07274222e+00 -3.71213555e-01
    -5.97528577e-01 2.60520279e-01 5.23709178e-01 -1.06198370e-01
    9.13221300e-01 7.65832841e-01 8.01365376e-01 1.24615455e+00
    1.10591137e+00 5.82391679e-01 1.17020535e+00 2.35669851e-01
    3.86906803e-01 -1.20570183e-01 -1.23973787e-01 8.68479431e-01
    6.53656721e-01 -1.13566339e-01 -7.97345936e-01 -5.31943321e-01
    1.47456884e+00 4.19883192e-01 7.27614164e-02 1.16282701e-03
    -2.47946084e-01 1.91971242e-01 -5.20994902e-01 1.45921946e+00
    2.09331691e-01 1.17684126e+00 5.39259672e-01 1.37812972e+00
    8.16395998e-01 -1.42776608e-01 4.29665387e-01 8.71506929e-01
    1.17294717e+00 1.50051308e+00 1.73476219e-01 -8.07367206e-01
    -5.39599776e-01 1.72804201e+00 8.03659678e-01 -1.13834798e-01
    1.49413514e+00 2.33639538e-01 1.76033342e+00 1.42857838e+00
    4.02475774e-01 -2.93474734e-01 -9.73044634e-02 3.74330044e-01
    1.13569474e+00 7.89642930e-02 2.32982159e-01 1.43474162e-01
    8.42966259e-01 8.29847455e-02 1.19085419e+00 6.93669260e-01
    4.76096749e-01 1.06058526e+00 -1.02587223e-01 2.36823082e-01
    4.94365156e-01 1.31059349e-01 1.37602162e+00 1.66281581e+00
    1.69116652e+00 6.39357865e-01 1.19895792e+00 -5.63292205e-01
    3.81089747e-01 8.57757390e-01 1.24635124e+00 1.01970017e+00
    -5.56735277e-01 4.76217210e-01 -5.88158369e-02 -5.01492143e-01
    6.36334538e-01 1.44118047e+00 5.69718063e-01 9.15488601e-02
    -7.84933805e-01 1.26767778e+00 2.51716912e-01 1.26297688e+00
    7.58845389e-01 1.59954000e+00 -9.87547040e-02 8.56111050e-02
    3.22259843e-01 1.19637322e+00 1.84357584e-01 -1.96507871e-01
    2.58755684e-03 1.51448059e+00 1.45279193e+00 -5.26786327e-01
    -4.27613437e-01 8.06085467e-02 1.70214581e+00 1.55368721e+00
    -1.69690013e-01 6.63412988e-01 1.64782643e+00 -2.64521837e-02
    -5.18846989e-01 1.51953340e+00 1.40457153e+00 3.63219142e-01
    9.93586004e-01 1.26094317e+00 -4.91094321e-01 1.17110634e+00
    -5.00591278e-01 -2.21244693e-01 1.85921192e-01 1.71413040e+00
    2.59162068e-01 1.02574682e+00 1.08317065e+00 4.28916395e-01
    2.33498394e-01 1.65477276e+00 3.86523664e-01 1.74748302e-02
    -4.43797171e-01 1.27504611e+00 -1.88943684e-01 -3.69066179e-01
    1.39959002e+00 -3.04497719e-01 1.34340405e+00 1.25431252e+00
    9.19622660e-01 1.37380588e+00 1.02719533e+00 1.75207853e-02
    -9.83414054e-02 -3.13570410e-01 5.88690758e-01 -4.58722115e-02
    1.18590164e+00 1.06621683e+00 1.53028131e+00 -4.34172153e-02
    -2.00837612e-01 8.03215861e-01 -3.05163085e-01 6.31326437e-03
    -1.78738177e-01 7.79835343e-01 9.97971773e-01 1.58151793e+00
    1.46717632e+00 1.06016874e+00 -1.47510886e-01 8.37757587e-01
    5.86898148e-01 -6.54344916e-01 1.12478566e+00 1.18526125e+00
    1.70575523e+00 5.88420510e-01 4.65592623e-01 5.98193407e-02
    1.64975572e+00 -4.03338671e-03 -5.61321020e-01 1.70082760e+00
    6.69215918e-02 -7.53928781e-01 -2.08991826e-01 1.09444761e+00
    4.89804864e-01 1.25291204e+00 -7.86619663e-01 -5.31406403e-02
    1.47483945e+00 7.69600034e-01 -3.33406001e-01 1.37087047e-01
    -6.83273137e-01 1.59179902e+00 9.53486502e-01 -1.06556118e-01
    9.07904804e-01 -6.69516921e-01 -4.33084935e-01 -1.75992846e-01
    1.45548272e+00 4.75537300e-01 3.51906121e-01 7.58075655e-01
    7.78558850e-02 4.77192402e-02 1.60178566e+00 -1.07524335e-01
    1.21416140e+00 -4.23614532e-01 1.05732620e+00 -3.93653959e-01
    4.02405381e-01 -7.57606208e-01 1.38110960e+00 8.61823559e-04
    7.17015147e-01 -2.75377333e-01 -6.93481505e-01 1.08674550e+00
    6.73338711e-01 -4.14958328e-01 -3.42108607e-02 1.67600143e+00
    5.33852458e-01 1.51382697e+00 6.11979961e-01 6.88452840e-01
    7.68636227e-01 7.03208566e-01 1.20417905e+00 -1.47130072e-01
    -2.04251677e-01 3.60697031e-01 -6.49417043e-02 6.48007393e-02
    1.04655957e+00 1.75744748e+00 1.86856091e-01 1.54608572e+00
    1.55446172e-01 -6.51650190e-01 -4.00817484e-01 1.06506526e-01
    1.13920903e+00 1.78218985e+00 4.27592158e-01 -5.56805491e-01
    7.96193123e-01 1.44125330e+00 1.40973568e+00 8.65986288e-01
    1.75833130e+00 1.65836573e+00 -3.98277521e-01 1.20434511e+00
    -8.34799051e-01 -4.71293956e-01 -1.67843223e-01 1.22797453e+00
    5.23149490e-01 -7.20546842e-01 1.49435210e+00 4.90183651e-01
    1.93843663e-01 -2.93010741e-01 -3.09552699e-01 -1.91950023e-01
    1.83462548e+00 2.98304081e-01 3.30288470e-01 -2.80654639e-01
    3.09929788e-01 -3.44160467e-01 -3.53048444e-02 3.16206992e-01
    1.75684714e+00 -4.85509366e-01 1.52615845e-01 3.51637006e-02
    6.86557770e-01 2.35785186e-01 1.23389173e+00 1.23267388e+00
    -1.50922596e-01 -6.79829121e-02 -2.70146132e-03 -6.65408015e-01
    9.64507699e-01 4.83039677e-01 -4.01224047e-01 1.18885875e+00
    4.55393612e-01 1.77646589e+00 -4.47322667e-01 1.24598742e-01
    -4.73223120e-01 1.37343717e+00 -1.39773250e-01 -1.63657367e-01
    1.70727909e-01 1.63784289e+00 1.04217231e-01 6.21897578e-02
    1.22313070e+00 7.97820687e-02 8.15398693e-01 7.59945273e-01
    1.03268015e+00 -7.29383230e-01 1.68016720e+00 2.67259836e-01
    2.53504932e-01 -5.23054600e-03 -5.64238131e-01 -4.72419977e-01
    -2.27186829e-01 -7.54985809e-01 3.89319122e-01 3.59614611e-01
    2.60856688e-01 1.37065625e+00 -7.99334645e-02 7.97986329e-01
    1.33596301e+00 1.00721121e-02 1.34390080e+00 -6.92095757e-01
    9.83653605e-01 1.45644903e+00 -8.38828325e-01 -7.23610520e-02
    -6.02924585e-01 1.20303774e+00 9.39419389e-01 8.68295908e-01
    1.13931274e+00 8.77660751e-01 1.69524550e+00 -2.50903547e-01
    1.48737538e+00 -3.81642342e-01 6.07158840e-01 -5.51266491e-01
    1.26479483e+00 4.67350662e-01 -5.70336342e-01 8.27259779e-01
    -1.86651826e-01 -6.29797578e-01 7.50816584e-01 -5.06452322e-02
    1.17459834e-01 4.67836082e-01 -5.10949373e-01 1.62934875e+00
    -7.64549971e-02 -6.71982288e-01 6.19100809e-01 1.64333558e+00
    1.07820082e+00 -3.32880616e-01 -4.72641349e-01 1.17750943e-01
    -4.33474898e-01 8.47867131e-01 4.38927293e-01 8.77164841e-01
    5.83729565e-01 5.53251326e-01 4.56651032e-01 1.59664631e-01
    4.39499080e-01 1.23281693e+00 1.54894435e+00 9.33787286e-01
    -4.01060104e-01 4.08665717e-01 1.34945107e+00 1.62641275e+00
    -4.65721577e-01 8.37079942e-01 1.50640368e+00 7.68950999e-01
    -4.57692146e-03 1.27958536e+00 5.28688014e-01 7.86614537e-01
    3.22369039e-01 -3.72075588e-01 1.06640506e+00 -5.67177415e-01
    1.18541837e-01 5.97238660e-01 1.49368405e+00 1.84270835e+00
    1.47641063e+00 -6.96154237e-02 -3.79884571e-01 7.44305849e-01
    1.20118713e+00 1.59172213e+00 -1.17156029e-01 1.97491169e-01
    -2.84042418e-01 6.15998447e-01 -3.82667780e-02 -4.31767315e-01
    -3.13036531e-01 -1.56647980e-01 -2.10388482e-01 6.58922970e-01
    -9.22070742e-02 3.71320248e-02 9.26860511e-01 -5.57544231e-01
    1.69729328e+00 1.64941001e+00 9.96660531e-01 1.28152871e+00
    -3.29791069e-01 1.87139738e+00 1.56499887e+00 1.42550838e+00
    9.70733881e-01 7.37091780e-01 -9.08708572e-03 1.05382538e+00
    1.59759152e+00 1.12803113e+00 1.42169988e+00 4.63698149e-01
    7.54207134e-01 6.75870061e-01 5.38352430e-01 -1.94864035e-01
    5.23371100e-02 1.44170046e+00 9.21928406e-01 -1.97802544e-01
    3.58291328e-01 1.00986671e+00 2.48101234e-01 -2.45264530e-01
    -5.29754579e-01 -5.64420581e-01 1.32828355e+00 2.53094614e-01
    -1.49823368e-01 1.25172210e+00 1.65621734e+00 1.54669952e+00
    7.26878703e-01 4.57484663e-01 1.72620094e+00 7.98320353e-01
    -1.20848715e-01 5.16533554e-01 1.15974474e+00 1.10761940e-01
    7.39515364e-01 1.12959957e+00 7.90176153e-01 -1.97364867e-01
    1.40530419e+00 2.84081757e-01 8.35472226e-01 -4.38852191e-01
    9.76857781e-01 9.20215011e-01 1.18699479e+00 2.17555583e-01
    -6.79452896e-01 5.65656900e-01 -6.92352057e-02 -1.48908734e-01
    5.05222559e-01 6.63481593e-01 -1.97257221e-01 1.06093431e+00
    -1.77464426e-01 2.09200859e-01 -1.27200603e-01 -2.08703518e-01
    6.22027040e-01 8.58812749e-01 -4.44395363e-01 8.08178902e-01
    1.33160210e+00 -6.19333982e-03 5.36183417e-01 -5.36239624e-01
    5.07519245e-01 1.03714228e+00 1.54217899e+00 1.63289130e+00
    1.04683900e+00 -1.69693828e-01 7.31019020e-01 -1.17420495e-01
    2.04725444e-01 6.22983515e-01 1.75381613e+00 1.66326189e+00
    9.62711632e-01 -5.91706514e-01 5.89982986e-01 -2.32702404e-01
    -7.30252266e-01 -5.66461682e-02 5.27334452e-01 8.58554184e-01
    8.16265285e-01 -8.74208808e-02 -5.84000945e-01 1.06670499e+00
    1.61821747e+00 4.08925235e-01 8.38826716e-01 -5.89895248e-01
    1.26819038e+00 1.53931713e+00 -4.70530391e-02 1.83083916e+00
    3.15370739e-01 1.01324022e+00 2.90759206e-02 1.02536845e+00
    1.55472708e+00 5.88664234e-01 7.44167686e-01 8.43761802e-01
    1.38676381e+00 1.17706919e+00 1.15729117e+00 7.75701046e-01
    -1.82610989e-01 8.78022075e-01 1.62655711e+00 1.53202367e+00
    3.71289790e-01 8.71922016e-01 1.06657362e+00 -5.91012061e-01
    4.69046414e-01 1.60808659e+00 1.51001239e+00 1.33095789e+00
    6.43941402e-01 -1.49124026e-01 5.61996639e-01 1.18498492e+00
    1.62679780e+00 1.58671081e-01 1.03401637e+00 1.24181998e+00
    1.11541319e+00 3.37566257e-01 4.30691004e-01 6.01157486e-01
    3.71084571e-01 6.29605412e-01 3.90916586e-01 -4.62340623e-01
    8.04471850e-01 1.33146346e+00 1.47346735e-01 1.84632516e+00
    2.88209438e-01 -5.93489408e-02 -4.74744111e-01 1.30365729e+00
    7.44012952e-01 2.09383190e-01 1.78990054e+00 3.15592706e-01
    1.59061885e+00 5.18799841e-01 1.64541793e+00 1.18026972e+00
    1.21568203e+00 2.07765102e-01 1.91035450e-01 1.04518902e+00
    -4.36048388e-01 9.07928348e-01 -7.37155914e-01 7.51692593e-01
    1.09813094e-01 1.25724828e+00 -1.76328719e-01 -4.02741939e-01
    -5.79282999e-01 1.69966340e+00 9.51140225e-01 6.96775854e-01
    -2.79457092e-01 -6.94747627e-01 1.36457598e+00 -1.05183840e-01
    1.58983731e+00 1.06750298e+00 1.17586422e+00 -3.13663125e-01
    1.11722326e+00 1.23083329e+00 -4.66526628e-01 1.19697559e+00
    7.70284832e-01 1.30884659e+00 4.43277299e-01 4.45834041e-01
    -6.19214296e-01 1.55978620e+00 1.22225809e+00 -2.61548132e-01
    1.56399012e+00 -2.77971476e-01 9.35139000e-01 1.57649875e-01
    1.21831727e+00 -4.41501081e-01 3.54293823e-01 7.37886012e-01
    -3.98550451e-01 1.57087493e+00 2.11222768e-01 8.76002133e-01
    7.70285010e-01 -3.81058037e-01 -6.59033597e-01 -5.00303090e-01
    1.03802562e+00 9.81122732e-01 5.61076820e-01 1.60575438e+00
    -2.28565097e-01 1.16809523e+00 1.00411475e+00 -3.02945048e-01
    6.91253185e-01 -2.90305614e-01 1.78416431e-01 -5.51958442e-01
    7.07686603e-01 8.32909226e-01 1.75908458e+00 -4.98499304e-01
    5.75253010e-01 1.70275497e+00 1.20173216e+00 -5.07200360e-02
    4.72763419e-01 7.34378874e-01 9.74925101e-01 4.63155508e-01
    -5.53736925e-01 1.50023603e+00 8.99784327e-01 5.29388070e-01
    1.53505814e+00 2.94010341e-01 1.29933405e+00 -5.58855891e-01
    1.47587109e+00 -4.94597733e-01 -9.03562307e-02 1.13711166e+00
    7.63890147e-01 7.19150841e-01 4.60293591e-01 5.47822237e-01
    -8.00750792e-01 1.62868738e+00 5.30660093e-01 1.87189567e+00
    1.34065282e+00 -4.02712941e-01 7.08832860e-01 1.31067133e+00
    1.68390751e-01 1.29176354e+00 -7.05782831e-01 1.32309747e+00
    1.66970134e+00 -6.27382159e-01 1.13890290e+00 6.49495125e-01
    2.30717301e-01 9.10450101e-01 6.16661072e-01 -1.64952874e-01
    6.92700982e-01 1.02324927e+00 1.20477235e+00 2.82817304e-01
    7.23338008e-01 5.41253686e-02 1.37845969e+00 2.74050534e-01
    1.61641550e+00 1.12933362e+00 -4.76664126e-01 -1.09871805e-01
    1.15551054e+00 -6.44139767e-01 -5.35719693e-01 -6.72145009e-01
    1.13494992e+00 9.08208787e-01 -7.37653255e-01 -1.63608551e-01
    1.32993674e+00 -6.10901475e-01 1.41422129e+00 1.68902194e+00
    -3.45800787e-01 3.29071879e-01 1.25849867e+00 6.01412773e-01
    3.24057400e-01 5.90004027e-01 1.49246049e+00 1.08948815e+00
    3.47629011e-01 -5.04118979e-01 1.01428711e+00 5.17094374e-01
    9.19539869e-01 1.19712436e+00 7.77497649e-01 1.70758855e+00
    8.02610993e-01 6.22073412e-01 5.85609138e-01 6.30604684e-01
    -4.08673227e-01 8.23144734e-01 1.10369468e+00 1.00096536e+00
    9.73398507e-01 1.42176902e+00 -7.57766068e-01 1.09573603e-01
    -3.90056491e-01 1.67978358e+00 2.36904144e-01 1.23333669e+00
    -6.89828813e-01 -2.78381526e-01 4.04046774e-02 7.44209468e-01
    1.37570333e+00 1.37320697e-01 1.53913522e+00 7.92761981e-01
    2.85164833e-01 -5.02389073e-01 9.32037830e-04 1.35679173e+00
    -1.35695517e-01 -4.10140604e-01 1.31716537e+00 1.39287639e+00
    1.73323512e+00 -3.96367908e-02 -6.44686580e-01 6.77561939e-01
    5.06749630e-01 8.25608969e-01 -7.92352736e-01 1.58497703e+00
    -7.66978204e-01 4.86693382e-02 -4.67393726e-01 1.34180450e+00
    9.72509742e-01 5.50415993e-01 9.60424542e-02 -5.55610240e-01
    1.48598552e+00 -5.75718343e-01 8.33318233e-02 -5.75439572e-01
    -4.60344940e-01 -3.67848039e-01 -5.72878718e-02 1.38660884e+00
    -4.10623312e-01 1.04318666e+00 -7.68803000e-01 -1.41194165e-01
    8.30533504e-01 8.83269846e-01 1.39165187e+00 8.83480191e-01
    1.10489130e+00 1.56742525e+00 -6.71616077e-01 -1.93402469e-01
    1.13184643e+00 1.68337727e+00 5.88574767e-01 6.28401041e-01
    1.11349869e+00 1.26212895e+00 -1.83591127e-01 -1.02939725e-01
    -6.17642581e-01 1.72379327e+00 -7.51616776e-01 1.05504346e+00
    6.18319154e-01 1.34684205e+00 1.64053226e+00 1.00534868e+00
    5.28592229e-01 2.00747848e-02 3.33068073e-01 -2.39484906e-01
    1.27910447e+00 4.77098703e-01 5.27361155e-01 9.65864062e-01
    -6.38624549e-01 -1.41182005e-01 1.63268840e+00 9.84343350e-01
    -6.32192135e-01 -2.49145865e-01 8.32750201e-02 4.91415262e-02
    1.05166316e+00 5.20992398e-01 2.58295655e-01 1.51742482e+00
    8.93016279e-01 -3.06925416e-01 5.51609993e-02 1.37446535e+00
    1.65121698e+00 -4.32100296e-02 1.12159956e+00 7.90012360e-01
    -8.11965227e-01 7.06180513e-01 4.33221459e-01 -8.22287440e-01
    7.82208264e-01 1.51732099e+00 1.56590629e+00 1.73533678e-01
    1.09488010e-01 -2.44709253e-02 1.68720281e+00 9.15448248e-01
    1.34229779e+00 6.80730820e-01 1.15871143e+00 1.21184945e+00
    -1.41595185e-01 5.13836622e-01 4.26629126e-01 3.74060154e-01
    2.63140380e-01 8.34458470e-01 1.77707958e+00 2.05047071e-01
    -5.52779973e-01 1.20850766e+00 1.32609165e+00 -6.61456108e-01
    -8.20875168e-04 -5.89203179e-01 -1.64506882e-01 3.68762374e-01
    1.56782150e+00 4.08894241e-01 -3.49146992e-01 -4.68866110e-01
    3.96313131e-01 5.99828005e-01 -1.73793554e-01 1.18101859e+00
    4.87203777e-01 -6.08559728e-01 4.77392793e-01 9.75394249e-03
    1.54030240e+00 1.43246448e+00 1.12273502e+00 -2.57621646e-01
    5.63360631e-01 6.21680737e-01 -4.26575631e-01 -5.55993915e-01
    -6.50748253e-01 2.64075518e-01 -4.50017452e-02 -4.26551908e-01
    -3.20346206e-01 2.82175303e-01 3.68035018e-01 2.12500691e-01
    -4.00091439e-01 4.69297647e-01 4.26735878e-01 -2.63793647e-01
    5.49685240e-01 1.61345124e+00 2.40287781e-02 2.29172707e-01
    3.04231286e-01 9.98620629e-01 1.66428566e+00 -4.76400763e-01
    2.10471570e-01 1.08182883e+00 4.95361090e-02 3.11413407e-02
    -4.12702680e-01 9.56593454e-01 -2.95739084e-01 1.04831302e+00
    1.01343369e+00 4.22841549e-01 -2.56582677e-01 1.15691257e+00
    1.46882308e+00 5.36486030e-01 1.56747365e+00 1.33000886e+00
    5.76611698e-01 -4.31679487e-02 6.97110116e-01 9.02686596e-01
    6.34350777e-01 6.55246019e-01 -5.90232611e-02 1.28416371e+00
    2.64775097e-01 -4.61978823e-01 -6.81510091e-01 -8.48969221e-01
    7.54640281e-01 -3.62875849e-01 -1.09102368e-01 1.55946088e+00
    5.60187340e-01 6.20593786e-01 -5.14876485e-01 1.06993508e+00
    6.84403181e-02 -6.58451855e-01 1.12081742e+00 6.23792887e-01
    -3.50743264e-01 2.12931037e-02 1.64680612e+00 6.02208078e-01
    1.16385007e+00 5.13796508e-01 6.12895966e-01 2.38666475e-01
    1.19684124e+00 6.71112776e-01 1.08761370e+00 -1.78799212e-01
    6.35030866e-01 1.06049895e+00 -4.03550088e-01 -8.41308594e-01
    1.49426687e+00 -8.11552882e-01 1.63726962e+00 -6.74949527e-01
    1.08300233e+00 1.28641164e+00 -3.02789509e-01 1.99918270e-01
    1.09511197e+00 7.55978286e-01 1.15639675e+00 -5.75051367e-01
    2.61536717e-01 3.78360808e-01 -1.30738735e-01 -2.33867645e-01
    1.19143367e-01 1.53052950e+00 4.77092624e-01 -5.81641018e-01
    7.20034480e-01 -8.93454552e-02 7.28652477e-02 -5.31305194e-01
    -7.55292177e-02 1.51031733e+00 1.16532147e-01 6.89335287e-01
    1.53414321e+00 1.74402344e+00 -3.92827690e-01 -5.28077722e-01
    -1.97171211e-01 1.50174618e+00 1.33975518e+00 8.52490604e-01
    -2.19881535e-03 1.05660367e+00 -4.18644130e-01 1.32611084e+00
    7.30032742e-01 -8.80637169e-02 -1.44526422e-01 6.70513272e-01
    4.58547890e-01 4.12036538e-01 -6.21302307e-01 5.44092596e-01
    2.57818699e-01 3.24761271e-01 1.55651307e+00 9.91649449e-01
    5.21427691e-01 -6.76289082e-01 1.33964074e+00 -3.52943957e-01
    1.52727866e+00 1.32733250e+00 1.46726680e+00 7.90905833e-01
    -6.77358449e-01 1.40337205e+00 6.54587388e-01 3.32266569e-01
    2.35104561e-01 1.72273111e+00 1.59489822e+00 1.00615489e+00
    -7.28258252e-01 8.17259133e-01 1.54750705e-01 -4.39767092e-01
    3.02386045e-01 5.28913021e-01 1.08626246e+00 1.56373692e+00
    2.44810700e-01 2.55798101e-01 5.69344759e-02 -4.40629721e-02
    -6.21008337e-01 -5.10811806e-05 8.71114731e-02 1.27804911e+00
    -5.23775816e-03 3.67824614e-01 1.15097165e+00 -2.57642865e-01
    6.25418901e-01 7.91104019e-01 -6.82595074e-01 -4.56677616e-01
    -5.83978117e-01 -5.03134131e-01 6.33720398e-01 1.02127409e+00
    1.26434970e+00 9.02518809e-01 1.50518000e-01 -4.29906726e-01
    1.18527782e+00 2.96129405e-01 1.10127664e+00 -2.18020856e-01
    -4.67116833e-01 -1.35779381e-02 -3.52499485e-02 -5.93620420e-01
    1.26940846e+00 -3.68664622e-01 -3.96412194e-01 1.22483766e+00
    1.60949695e+00 1.13134480e+00 4.69606578e-01 -2.83431709e-01
    8.18200111e-02 -6.37662232e-01 3.37225199e-01 3.82920504e-02
    4.45799589e-01 9.77405965e-01 1.28909314e+00 -5.67380190e-02
    -7.70007432e-01 1.48277235e+00 -5.53361058e-01 1.00245810e+00
    1.60053253e+00 5.26777029e-01 8.05732667e-01 1.53614783e+00
    -2.19804049e-02 1.06835985e+00 6.95807815e-01 -7.86299884e-01
    1.21951747e+00 2.14947939e-01 8.99432898e-01 -7.66511917e-01
    9.74595547e-03 1.26284397e+00 9.80816841e-01 1.48285222e+00
    1.64692402e+00 1.09206605e+00 8.61368418e-01 -6.40992522e-01
    -4.02176976e-02 7.14145660e-01 1.03240633e+00 -6.79187775e-01
    1.50998759e+00 1.01667178e+00 -2.06605673e-01 5.05567193e-01
    -2.91721761e-01 -1.66079670e-01 1.16170144e+00 8.26800168e-01
    -5.53766489e-01 2.86681950e-01 1.21813464e+00 -2.85241663e-01
    -1.35267556e-01 1.49565029e+00 -3.20520401e-02 -1.77115202e-02
    6.25347137e-01 8.16986740e-01 -6.04268789e-01 1.32543540e+00
    -7.43007183e-01 1.01647639e+00 8.42263520e-01 -3.13338041e-02
    1.70056868e+00 -6.94933057e-01 5.48042893e-01 -3.77828360e-01
    1.82502902e+00 5.65287948e-01 -2.78402507e-01 9.99129117e-01
    5.04903495e-01 1.82399559e+00 1.93094730e-01 8.61481905e-01
    -7.20586836e-01 -3.64750117e-01 6.89078987e-01 3.79675150e-01
    2.89979100e-01 -8.21129978e-01 -4.76105928e-01 5.36549389e-01
    1.14464760e+00 -2.55008340e-01 -2.49806821e-01 1.05842352e+00
    1.10474491e+00 -2.69716531e-01 -4.32631373e-02 1.85740161e+00
    -2.23229349e-01 4.57575798e-01 6.70822144e-01 1.11509514e+00
    7.31107473e-01 1.08726072e+00 1.63289189e+00 -8.08128119e-02
    4.34029520e-01 1.89905703e-01 -2.24944711e-01 4.09759998e-01
    1.36604190e+00 3.68754268e-02 1.16181171e+00 -2.16306567e-01
    1.00998974e+00 -1.03856444e-01 -8.38589668e-03 3.70006859e-01
    1.46657491e+00 -7.72451162e-01 -1.13188982e-01 -2.12206841e-01
    1.14581323e+00 1.56402802e+00 4.33289766e-01 -4.29364622e-01
    7.02356517e-01 -8.86477232e-02 -4.90096748e-01 -2.77229577e-01
    -7.30233133e-01 3.21933985e-01 1.59420586e+00 5.19596756e-01
    6.35348380e-01 1.71901953e+00 4.93359566e-01 8.66106272e-01
    -2.21875787e-01 3.70475173e-01 1.78735256e-02 1.71649408e+00
    8.11711490e-01 4.91306305e-01 -6.61777437e-01 -1.44292533e-01
    -4.65277612e-01 1.00526476e+00 8.14676523e-01 -7.13964701e-01
    1.14393651e+00 -4.13379788e-01 8.89661491e-01 2.79338241e-01
    -4.22254801e-02 1.51972532e+00 1.31237054e+00 5.13639688e-01
    5.58349729e-01 1.55831504e+00 2.06365824e-01 7.09616661e-01
    4.33059096e-01 -9.78117585e-02 7.18972802e-01 2.67185926e-01
    -1.92611575e-01 3.24681580e-01 1.04019463e-01 1.46076322e+00
    -2.89158523e-01 9.44063067e-02 4.04336810e-01 3.07016850e-01
    1.51057541e-01 3.81827354e-01 9.15407419e-01 1.28567910e+00
    1.10519922e+00 6.38811409e-01 1.41621280e+00 1.33392072e+00
    -6.20947957e-01 -1.25312388e-01 -1.54584646e-03 -7.55014241e-01
    9.34678972e-01 4.84193742e-01 1.44974756e+00 3.16049695e-01
    -4.89131391e-01 1.70498264e+00 4.95772719e-01 -5.24225593e-01
    4.23003793e-01 3.15949321e-01 -5.13938189e-01 2.64187574e-01
    1.05209351e+00 -3.98080081e-01 -3.28966409e-01 8.67587805e-01
    2.35103369e-02 1.61235845e+00 1.30489397e+00 1.68837440e+00
    -6.02408409e-01 7.29865730e-01 9.72041309e-01 1.04116869e+00
    1.10066760e+00 6.94981992e-01 1.02804756e+00 -2.66969442e-01
    -3.44577014e-01 1.66580176e+00 7.12126851e-01 -2.24225760e-01
    5.77323556e-01 -1.23584270e-03 1.79869545e+00 1.69859397e+00
    5.35289526e-01 1.65033102e-01 1.11218941e+00 1.58023345e+00
    1.69629884e+00 -4.84561414e-01 -7.23132014e-01 1.13362372e-01
    -6.15967870e-01 3.34854126e-02 5.39292037e-01 9.81283307e-01
    1.34056234e+00 3.14930201e-01 1.91225052e-01 -3.47830057e-02
    6.99888766e-01 3.80350828e-01 3.17096591e-01 -3.82064193e-01
    1.71728885e+00 -4.52079743e-01 -3.94741684e-01 1.29036283e+00
    6.72085643e-01 1.08076274e-01 -6.48090839e-02 5.50222993e-02
    1.82338929e+00 5.82877815e-01 6.72099292e-01 -9.84808207e-02
    1.23331606e+00 -4.51490700e-01 1.30948722e-01 8.98567498e-01
    5.92071414e-01 -5.58732390e-01 8.09675515e-01 1.29593968e+00
    -4.43824708e-01 1.22719049e+00 3.82906139e-01 2.12878823e-01
    1.77572846e-01 1.60318565e+00 4.12496448e-01 1.57481074e+00
    6.31440759e-01 1.17752254e+00 1.46705437e+00 6.44701481e-01
    1.47365737e+00 -3.89934301e-01 8.91028285e-01 1.12857652e+00
    4.25333023e-01 -4.28870589e-01 2.62012482e-01 3.08260441e-01
    1.55894411e+00 1.31094909e+00 -1.32164478e-01 1.31930685e+00
    1.07469594e+00 1.31036639e+00 -7.17039645e-01 9.93391275e-02
    1.50859201e+00 -1.14087820e-01 5.21037281e-01 -6.02789879e-01
    1.61143708e+00 6.73003137e-01 -5.01740456e-01 4.50788200e-01
    -6.84164703e-01 4.97054458e-01 -5.20563006e-01 -6.59055710e-01
    1.60791874e+00 6.31884217e-01 -3.23354453e-01 9.43688750e-02
    1.05736744e+00 3.83401155e-01 -5.75386703e-01 3.40476215e-01
    1.53545499e+00 -1.36283100e-01 -2.22628415e-01 -4.76897091e-01
    1.47675729e+00 1.46295619e+00 -7.43015826e-01 1.63652694e+00
    5.18908262e-01 1.38958883e+00 1.49469471e+00 -7.41806030e-01
    -2.39060044e-01 4.07844007e-01 1.26832306e-01 -4.39897150e-01
    1.00301957e+00 1.02538276e+00 4.58061635e-01 1.43764555e-01
    1.53092909e+00 7.89770126e-01 3.78989398e-01 -7.24057913e-01
    1.26292062e+00 4.99181449e-01 1.44380391e+00 3.42030168e-01
    1.68095160e+00 7.79953063e-01 1.08473659e+00 1.41095400e+00
    2.70830810e-01 7.22702861e-01 -7.34381616e-01 9.24573243e-01
    -3.27089548e-01 6.85641170e-02 7.63487577e-01 -6.60892546e-01
    6.61153793e-01 8.42781246e-01 1.27668762e+00 -1.75348818e-01
    5.34810960e-01 -2.42660165e-01 -1.01080477e-01 -1.17374003e-01
    1.39153183e-01 1.05809259e+00 -4.59604293e-01 4.32595432e-01
    6.44091308e-01 -6.60942674e-01 1.98669457e+00 3.51045609e-01
    -2.67900348e-01 1.25361955e+00 -3.11138302e-01 8.04250181e-01
    -8.69400501e-02 -4.72493231e-01 -6.12550318e-01 1.03359723e+00
    5.30722857e-01 8.20023835e-01 9.99023795e-01 9.69079137e-02
    1.01562738e+00 -1.04569018e-01 4.97873902e-01 3.29598546e-01
    1.08218014e-01 6.86591446e-01 1.36574554e+00 1.33096957e+00
    1.57484972e+00 5.42382121e-01 -6.85891747e-01 1.72724462e+00
    -6.70514882e-01 2.22277641e-03 -3.43513012e-01 7.71915734e-01
    -2.55874574e-01 1.37312317e+00 1.30990744e-02 1.54407334e+00
    7.35199213e-01 7.71632969e-01 6.07468843e-01 -1.88312054e-01
    1.67271924e+00 1.31187630e+00 1.11005616e+00 2.21861899e-01
    -7.49403179e-01 1.06477618e+00 1.56531763e+00 9.16248202e-01
    3.04952383e-01 1.52255368e+00 -5.05643487e-01 -2.08433032e-01
    5.10264635e-02 9.93883610e-02 -5.83177805e-01 -4.11164641e-01
    1.29703891e+00 1.77937746e-03 5.31856954e-01 1.61708760e+00
    1.07612991e+00 9.17652071e-01 -3.08678001e-01 1.74066019e+00
    -2.23556638e-01 6.00428879e-01 -4.82067347e-01 6.94590926e-01
    1.74373853e+00 -1.43905759e-01 -4.46040571e-01 7.80334592e-01
    1.84182644e-01 9.28418517e-01 7.10400224e-01 7.76629269e-01
    5.78608096e-01 3.34068120e-01 7.77056992e-01 -7.29426503e-01
    1.42849946e+00 1.09238148e+00 7.64087200e-01 1.48023832e+00
    8.93203378e-01 -4.83451545e-01 -5.60314178e-01 1.79921579e+00
    1.16604686e+00 1.82026792e+00 -2.30801284e-01 3.79177868e-01
    5.98763287e-01 9.34030652e-01 6.62299335e-01 -2.63159275e-01
    4.28697050e-01 1.53835034e+00 1.67028391e+00 -3.67794901e-01
    3.72516096e-01 1.41391301e+00 -4.04578924e-01 1.31963110e+00
    1.00865197e+00 -7.61274636e-01 -3.55334699e-01 1.04529357e+00
    1.22409594e+00 -7.14571416e-01 1.38482177e+00 6.37661099e-01
    6.50362015e-01 -1.61262989e-01 1.68257475e+00 -5.53637147e-01
    1.49101317e-01 7.26198554e-02 -8.24313760e-02 7.47589290e-01
    1.47377515e+00 6.17765665e-01 3.42256069e-01 1.82181096e+00
    -2.04474390e-01 -3.42421353e-01 -5.53406596e-01 6.99273884e-01
    1.44202042e+00 -4.87224847e-01 1.67477870e+00 1.38835907e+00
    8.36822212e-01 9.62807536e-02 9.62704420e-02 -1.36865795e-01
    -6.78343773e-02 1.73070478e+00 1.52568638e-01 1.62541866e+00
    5.34428358e-01 1.58410716e+00 -4.12627697e-01 1.57692885e+00
    -3.84694785e-01 1.32413089e-01 3.04124534e-01 -6.81101143e-01
    9.66687679e-01 7.75498986e-01 1.00695920e+00 -4.02555168e-01
    -2.96781391e-01 -4.46241498e-02 1.59344983e+00 4.97480214e-01
    -4.22416538e-01 8.92871857e-01 7.72772491e-01 8.38552475e-01
    2.92493105e-02 1.21343613e+00 1.09220958e+00 1.17703176e+00
    -2.30471134e-01 1.30719364e-01 -7.36019015e-01 2.09030867e-01
    1.47457564e+00 1.46812940e+00 1.37078643e+00 1.15498400e+00
    1.73277903e+00 -3.31524104e-01 1.19466186e+00 -2.93091804e-01
    -1.69210196e-01 2.23438501e-01 -1.43982530e-01 4.15011287e-01
    7.18931377e-01 1.37503314e+00 2.74480760e-01 1.51486814e-01
    1.61952412e+00 7.76525438e-01 8.04923356e-01 6.15438819e-01
    1.43202293e+00 5.79461932e-01 5.75528800e-01 7.08439291e-01
    1.64046609e+00 -6.48947537e-01 4.79445755e-01 -9.28145647e-02
    1.84047389e+00 2.59431899e-01 4.71826017e-01 3.89038861e-01
    3.05464685e-01 1.79919624e+00 9.36407745e-01 -2.01709270e-01
    1.52419627e-01 1.63440907e+00 -1.45333290e-01 -1.80523038e-01
    1.37093496e+00 -3.74042451e-01 7.79627562e-02 1.57365608e+00
    8.45159352e-01 1.63224363e+00 -1.42480731e-02 1.70730293e-01
    -6.70324743e-01 1.11873603e+00 1.06769538e+00 9.19889450e-01
    6.30765855e-01 -3.58637124e-01 7.13626981e-01 3.58591259e-01
    -2.53953189e-01 -1.63610458e-01 7.26245880e-01 4.79796171e-01
    1.01521730e-01 -2.53479987e-01 -6.28674269e-01 1.76435649e-01
    4.65885460e-01 -7.72215128e-02 1.71380341e+00 8.93803775e-01
    1.69742322e+00 8.64183545e-01 1.65605307e+00 1.18249941e+00
    6.90151453e-01 9.96033549e-01 -6.15599275e-01 -1.69207931e-01
    -4.69670057e-01 1.82810283e+00 1.43706393e+00 2.32313752e-01
    1.20697200e+00 3.43845367e-01 6.11708164e-02 4.70739245e-01
    -7.07792222e-01 7.84416199e-01 -2.04366684e-01 1.49243879e+00
    -4.31667507e-01 -6.53447032e-01 -2.51051396e-01 1.70039129e+00
    1.75754774e+00 1.56972325e+00 1.57271540e+00 1.56307173e+00
    1.53528190e+00 1.31261253e+00 1.23553145e+00 -1.79693758e-01
    1.78439093e+00 7.57807851e-01 6.74552977e-01 9.82396543e-01
    1.24587607e+00 7.83502579e-01 1.54100215e+00 5.18973947e-01
    1.00102258e+00 1.64286351e+00 5.98374724e-01 -5.54084659e-01
    -2.02539802e-01 1.07696855e+00 -3.89843762e-01 1.31658363e+00
    -3.85450900e-01 8.37573886e-01 6.25026464e-01 4.59627211e-01
    1.42823720e+00 2.93384016e-01 3.30024004e-01 1.70810640e-01
    -4.98962253e-01 -6.27166033e-03 -5.04524112e-01 -2.44840264e-01
    1.79277003e-01 1.45601618e+00 1.67488074e+00 7.92043090e-01
    1.25316846e+00 1.36013484e+00 -1.28337741e-01 -1.53996706e-01
    1.06128168e+00 -8.09975803e-01 9.58457053e-01 1.71456528e+00
    6.48252130e-01 -4.52626973e-01 3.42830300e-01 4.11039531e-01
    1.40884423e+00 5.92065454e-02 1.02299023e+00 1.05939090e-01
    8.99617076e-01 -2.50668347e-01 -8.70258808e-02 6.32826447e-01
    -1.78617805e-01 3.26447189e-01 -1.96482152e-01 1.54002905e+00
    9.36593652e-01 -5.39663434e-02 -6.05154753e-01 4.30815160e-01
    5.56801260e-01 -2.77456820e-01 3.19646001e-01 1.16917467e+00
    -7.95613170e-01 3.99116933e-01 -2.14929163e-01 1.53636336e+00
    1.62675929e+00 1.33919168e+00 -6.05026424e-01 -1.90430880e-01
    -6.02491319e-01 9.74593520e-01 1.63524747e-01 2.72143662e-01
    -5.00843525e-02 1.00908351e+00 -4.69545722e-02 -3.85300636e-01
    3.73079181e-02 9.83577728e-01 -3.82859111e-02 9.80672419e-01
    -5.69510460e-02 -6.63042963e-01 7.22251356e-01 -4.48051095e-02
    -4.76854444e-02 1.22404814e+00 -5.56294978e-01 7.83397555e-02
    1.35668933e-01 1.21504736e+00 -2.02825844e-01 1.10245419e+00
    -2.83506870e-01 4.02586937e-01 1.06372690e+00 1.68503952e+00
    1.64698029e+00 -6.77637100e-01 3.60321820e-01 1.30495977e+00
    -6.03186131e-01 4.66277599e-02 1.38081503e+00 9.33479667e-02
    1.47255242e-01 -1.70946062e-01 3.94039154e-01 1.86493540e+00
    1.35239816e+00 -2.68518656e-01 1.74094689e+00 1.18990803e+00
    -4.07682657e-02 1.14943719e+00 -6.07984066e-01 -4.03849334e-01
    6.27544403e-01 3.71618211e-01 1.55986011e+00 7.97330320e-01
    -4.29732978e-01 -5.71419418e-01 3.23873281e-01 1.51335216e+00
    -4.19000655e-01 -4.17717963e-01 -1.31152153e-01 -3.41313660e-01
    1.74530745e+00 6.81516707e-01 4.08680201e-01 7.40331888e-01
    1.68233025e+00 -5.30453324e-02 1.81150556e-01 -3.30570608e-01
    1.51166892e+00 -6.31452560e-01 -2.43918210e-01 6.40295446e-01
    1.81376565e+00 -6.84874654e-02 -5.04302680e-01 4.51202512e-01
    5.00944614e-01 8.92773688e-01 -2.06716776e-01 1.11666203e+00
    1.24147820e+00 4.59129214e-01 1.15683031e+00 1.07739139e+00
    -6.05784118e-01 1.58401096e+00 -2.02104390e-01 -5.11705577e-01
    8.50910366e-01 2.08609581e-01 -4.33876902e-01 7.83021986e-01
    1.03509212e+00 1.11190975e-01 1.53981876e+00 1.48663771e+00
    3.90259266e-01 4.44258690e-01 7.93860078e-01 7.61545300e-01
    1.89881444e-01 4.44728374e-01 1.14859951e+00 2.48348713e-03
    1.66444063e+00 9.38439071e-01 -2.67848581e-01 1.12495637e+00
    5.29364884e-01 -6.57901108e-01 7.99776554e-01 8.01312625e-01
    6.64487064e-01 -2.05886722e-01 -6.82076812e-02 1.70997918e-01
    -5.63289165e-01 -6.46014571e-01 1.00165391e+00 1.15068388e+00
    5.65287590e-01 -9.61024761e-02 1.21333909e+00 1.31024098e+00
    -1.66708231e-01 -1.17364347e-01 9.77912545e-01 -6.50334835e-01
    1.29525459e+00 -6.63936138e-04 7.03620017e-01 1.18445241e+00
    -5.42352200e-02 -4.61066246e-01 1.23621893e+00 -5.98565936e-02
    5.67821741e-01 4.66831684e-01 -2.17139721e-02 8.63666773e-01
    2.13495374e-01 1.47456431e+00 1.23129368e+00 9.45004404e-01
    -4.61634517e-01 5.55665493e-01 -2.82927662e-01 -4.11417931e-01
    -6.75467670e-01 3.97631943e-01 8.01860690e-02 1.36433542e+00
    4.32105660e-02 1.64484179e+00 1.49513030e+00 -3.62509996e-01
    -1.46103561e-01 1.61263955e+00 -3.25082213e-01 -3.58023047e-02
    -4.09492433e-01 -3.17200691e-01 1.62907648e+00 -4.64786500e-01
    -2.49041557e-01 1.10749102e+00 1.29349709e+00 1.56385565e+00
    5.04226267e-01 6.89396441e-01 1.20369077e+00 -2.62214780e-01
    6.92869306e-01 1.48921764e+00 -2.78159648e-01 1.65378809e-01
    1.87294590e+00 -3.34044099e-01 4.54185069e-01 1.26997209e+00
    -7.26733387e-01 -7.84552097e-02 1.42265725e+00 6.96067631e-01
    2.06540883e-01 -5.64334393e-02 1.38644886e+00 1.53576255e+00
    1.08650613e+00 1.70726681e+00 -7.18102455e-01 6.08116627e-01
    -1.62807643e-01 -1.14883900e-01 1.15191650e+00 -3.18137288e-01
    7.06812799e-01 2.02511787e-01 5.29311299e-02 1.52134442e+00
    -5.26681066e-01 1.02501583e+00 5.64085662e-01 1.27553332e+00
    9.39222634e-01 1.26820922e+00 5.59878707e-01 3.73929799e-01
    1.06980658e+00 1.52433157e+00 2.07002103e-01 -6.15014970e-01
    -3.05554956e-01 2.79454648e-01 6.44228101e-01 1.54711175e+00
    6.50896668e-01 1.21913052e+00 1.27099955e+00 1.54380834e+00
    8.75485837e-01 1.25624299e-01 -4.99980748e-01 5.19113243e-01
    8.38918447e-01 1.77997756e+00 -3.91821265e-02 -4.39136893e-01
    3.87949944e-02 1.35852599e+00 1.47215438e+00 1.37721825e+00
    1.06540132e+00 1.98576927e-01 3.42262566e-01 2.86563516e-01
    -6.10329568e-01 1.38942349e+00 7.85160959e-01 1.14627147e+00
    -4.58487242e-01 -2.37609923e-01 1.35081089e+00 1.70971131e+00
    -4.42886472e-01 9.81091917e-01 9.73028421e-01 1.55046320e+00
    1.76303494e+00 1.03350759e+00 1.07716918e+00 4.38440681e-01
    1.52118456e+00 8.77128780e-01 1.81343853e-01 1.40875149e+00
    1.38913035e-01 1.37333274e+00 2.68143058e-01 1.76728809e+00
    -1.59000278e-01 1.46714628e+00 1.07109475e+00 -1.77007914e-03
    7.33601272e-01 1.72839725e+00 -3.43231678e-01 -3.65822732e-01
    1.40970564e+00 3.49439681e-01 1.18517661e+00 -3.39771688e-01
    7.28632689e-01 -9.98680592e-02 -5.10364413e-01 1.31068027e+00
    -9.24426317e-03 1.41188383e+00 1.05581284e+00 1.83458626e-01
    -6.87356412e-01 -1.97935820e-01 8.72734308e-01 1.23700273e+00
    4.87708867e-01 -8.10673237e-01 -2.69963503e-01 5.60433209e-01
    1.28095865e+00 -5.83206058e-01 6.24615669e-01 9.78318810e-01
    1.12022758e-01 1.10357475e+00 3.67648363e-01 4.91008639e-01
    8.55734885e-01 -3.31239492e-01 -1.25450373e-01 7.23965406e-01
    1.75247622e+00 1.73703098e+00 -4.66931194e-01 -7.66466558e-01
    1.51025844e+00 5.53385615e-02 9.73872244e-01 -7.79392719e-02
    1.45573401e+00 -2.51724303e-01 1.33864355e+00 -1.47516370e-01
    2.93750525e-01 7.51745462e-01 7.57253230e-01 1.09620821e+00
    -6.34945750e-01 -2.26752043e-01 -7.29763269e-01 -2.17735946e-01
    -3.38231593e-01 2.72124290e-01 1.79267502e+00 1.08662987e+00
    1.70399928e+00 6.59063995e-01 -2.97476590e-01 2.67076492e-03
    6.97561502e-01 1.57633877e+00 -5.17059445e-01 1.57831180e+00
    4.69280362e-01 -4.35025126e-01 4.91667211e-01 1.21325672e-01
    3.41889501e-01 -1.18037522e-01 5.83225906e-01 7.21958041e-01
    1.40507412e+00 1.39093482e+00 2.64107704e-01 -4.86558378e-01
    -7.07867205e-01 1.74496734e+00 6.30655527e-01 4.98857021e-01
    1.93086326e-01 7.07308292e-01 -1.71292126e-01 8.12708914e-01
    1.41831112e+00 -8.75020027e-02 1.72876096e+00 1.12968850e+00
    1.53661954e+00 -2.07565308e-01 1.65377152e+00 1.02283525e+00
    -5.29537320e-01 9.85033095e-01 -4.38130617e-01 1.29113960e+00
    -6.40831172e-01 1.20492625e+00 1.94366276e-01 5.89994788e-01
    -3.66928339e-01 7.15668857e-01 5.50524294e-01 -4.29775536e-01
    -3.12253237e-02 1.12521672e+00 9.70535815e-01 -1.22433066e-01
    1.15309799e+00 -7.37184286e-01 1.68231690e+00 1.68657064e+00
    1.48790359e-01 1.06930375e+00 1.56794167e+00 1.63962018e+00
    2.50708044e-01 6.80815935e-01 -3.53706390e-01 9.91169691e-01
    1.46606255e+00 -8.50335956e-02 1.10742033e+00 1.18970931e+00
    1.41942918e-01 -8.35478306e-03 -4.17717934e-01 1.70131421e+00
    1.74641728e+00 1.27995205e+00 1.60689330e+00 2.20253468e-01
    1.53181338e+00 1.57962322e-01 -1.31371498e-01 4.82161522e-01
    1.46921992e-01 1.65976429e+00 -1.60825193e-01 -3.14267933e-01
    -6.34967506e-01 -3.91790032e-01 7.17503846e-01 -4.35617387e-01
    6.37368798e-01 -4.39199030e-01 -2.53654420e-01 1.91095066e+00
    1.20944560e-01 1.30366027e+00 1.05171919e+00 -4.38295811e-01
    -4.25543189e-02 1.68045032e+00 7.59521842e-01 -2.02515185e-01
    1.79755449e-01 1.06817341e+00 6.73636854e-01 4.20078814e-01
    3.36019278e-01 1.60912740e+00 1.73876762e+00 1.05218315e+00
    2.01018244e-01 3.75597656e-01 8.75239491e-01 -6.84914768e-01
    1.77644837e+00 1.63329482e-01 1.53655243e+00 -7.28755832e-01
    6.96106732e-01 1.60281587e+00 1.17547321e+00 4.35908437e-01
    1.28361130e+00 7.78431058e-01 6.46728456e-01 2.95157850e-01
    -8.22424531e-01 -1.03593051e-01 9.86451745e-01 8.20819020e-01
    1.15748823e+00 1.16606414e-01 -6.34307146e-01 1.28542495e+00
    -8.40849876e-02 1.70298338e+00 7.93045223e-01 1.57503200e+00
    -2.36789823e-01 1.27238631e-02 1.53951919e+00 -7.00121701e-01
    1.28834438e+00 -5.42432964e-01 5.21415710e-01 -4.62435484e-02
    1.29342389e+00 2.89828718e-01 -4.26252484e-02 2.81834006e-01
    8.64566803e-01 8.99195135e-01 -4.05635655e-01 7.47998536e-01
    1.32417977e+00 1.72059739e+00 -4.98605072e-01 1.48338950e+00
    5.60791731e-01 4.12577331e-01 -8.26147199e-02 1.92173123e-01
    1.34622800e+00 1.02324677e+00 6.40203893e-01 -3.61757874e-02
    8.39381874e-01 -6.89104140e-01 -3.82441282e-02 1.98983312e-01
    1.27386570e+00 -2.47003347e-01 1.38382125e+00 9.14585650e-01
    -2.40504891e-01 1.11147606e+00 -3.69482040e-01 6.05816007e-01
    2.85247386e-01 -2.21996903e-01 1.50572801e+00 -7.00647354e-01
    1.46946609e+00 9.83145833e-02 1.09419775e+00 7.29129195e-01
    1.32545352e-01 -5.69149613e-01 8.34667981e-01 7.97077000e-01
    -4.46405709e-01 3.47364545e-01 -3.53124321e-01 -9.05439258e-02
    1.18709791e+00 -4.38922644e-01 1.43219662e+00 6.98359787e-01
    -1.39656425e-01 1.40582371e+00 1.69837260e+00 1.58686626e+00
    2.87253678e-01 4.58164811e-01 1.48305714e-01 -5.94827414e-01
    -5.18340647e-01 1.74048448e+00 8.25563431e-01 1.38194346e+00
    -4.11421657e-01 4.01686788e-01 1.42242348e+00 1.68366146e+00
    6.77909970e-01 1.29761958e+00 -3.52261990e-01 9.65865016e-01
    7.40308404e-01 1.17893720e+00 6.63613677e-01 1.31318223e+00
    1.14775920e+00 -1.58729911e-01 -5.11603832e-01 1.24435663e+00
    4.20079947e-01 -4.78627682e-01 1.41236711e+00 -5.16043246e-01
    -6.14576340e-02 3.38858366e-01 7.62889624e-01 3.06825757e-01
    5.34583330e-01 9.40089941e-01 8.92601788e-01 -4.41186458e-01
    -5.65093160e-01 2.76714146e-01 1.10398591e+00 1.40898705e-01
    8.90796244e-01 -4.48553950e-01 1.22917461e+00 6.98783398e-01
    1.46752787e+00 2.48353601e-01 5.68934381e-01 1.31572890e+00
    1.34031546e+00 -1.37251735e-01 1.18704963e+00 5.88687241e-01
    1.06220770e+00 1.52436924e+00 2.87926078e-01 7.26606846e-01
    -1.45834267e-01 9.60752010e-01 1.70771146e+00 -2.74786264e-01
    2.28340626e-02 1.71233702e+00 1.13114548e+00 -4.28081572e-01
    4.42803860e-01 2.53318787e-01 5.82708478e-01 -3.83837759e-01
    2.57908583e-01 2.21863866e-01 -7.78491616e-01 -6.52277946e-01
    1.21860862e+00 3.23174655e-01 1.13550115e+00 4.41352308e-01
    -5.66635728e-02 1.62938690e+00 -2.14755714e-01 -6.42019808e-01
    1.74550891e+00 -2.46220469e-01 -1.47158980e-01 4.44603264e-01
    -6.43426180e-01 -4.16439384e-01 -7.02719152e-01 7.83161461e-01
    -4.97386217e-01 1.24550343e+00 -4.39965785e-01 -6.74149215e-01
    -5.99979401e-01 -2.25649714e-01 -2.47651637e-01 8.26874852e-01
    -3.57136101e-01 1.41309762e+00 2.32443273e-01 2.83829093e-01
    1.33826172e+00 1.54315877e+00 1.33725691e+00 -1.06873333e-01
    -7.26846397e-01 5.05324244e-01 7.61886716e-01 -5.71527064e-01
    1.55513048e+00 1.70394421e+00 9.69862998e-01 -5.27801216e-01
    5.43872714e-01 9.80849087e-01 -4.02220458e-01 1.74006140e+00
    1.10347033e+00 1.51955128e-01 4.95905221e-01 8.16651106e-01
    1.45707762e+00 -5.91102839e-02 -3.81605357e-01 5.02437115e-01
    1.50201988e+00 1.74194443e+00 -6.51238203e-01 -5.77825606e-01
    -2.05174923e-01 9.98712182e-01 -2.04792500e-01 1.47765481e+00
    3.64197731e-01 7.69668818e-03 2.70228386e-01 3.11554372e-01
    6.25831723e-01 2.85077095e-03 9.73269999e-01 -7.48521090e-02
    -2.36546218e-01 2.05742121e-02 1.22938287e+00 6.02203846e-01
    -3.72183561e-01 -4.89591360e-01 4.27301526e-02 1.50759697e+00
    -6.83652401e-01 1.30766749e-01 1.11855650e+00 1.67970061e+00
    7.72214293e-01 -7.57123053e-01 1.08310986e+00 -2.99723476e-01
    4.20038998e-01 1.66556656e-01 -4.29051191e-01 -3.84072661e-01
    1.77510619e+00 1.82974887e+00 7.26079047e-01 9.43402827e-01
    1.77302337e+00 1.53674746e+00 6.75186992e-01 -7.94545770e-01
    -6.47275448e-01 -8.21350157e-01 7.15044081e-01 1.29768836e+00
    -7.42850900e-02 -4.50225294e-01 -4.49484050e-01 1.17451859e+00
    -4.76625264e-01 1.49006271e+00 5.58113456e-01 2.83874273e-01
    -6.91657603e-01 8.19620550e-01 7.53442883e-01 9.44679618e-01
    1.03633213e+00 -5.64983785e-01 9.23295796e-01 9.07459557e-01
    1.76505160e+00 1.56515455e+00 8.96233320e-03 -6.78704321e-01
    5.11939943e-01 1.69852400e+00 -8.35394859e-03 -4.18269873e-01
    5.44163227e-01 1.38597906e+00 1.73928964e+00 -2.00591683e-01
    3.51472437e-01 5.28454840e-01 -5.39121568e-01 7.96633363e-01
    6.58073723e-01 4.94694710e-01 -2.01910794e-01 1.20282030e+00
    5.33217967e-01 -2.72658676e-01 1.71497011e+00 7.49975502e-01
    -4.89529312e-01 2.32481539e-01 1.65576637e-01 -2.85706371e-01
    5.24639070e-01 1.67911482e+00 5.14302492e-01 1.00572360e+00
    3.04147065e-01 -4.79479164e-01 9.02571201e-01 5.47724068e-01
    1.83022022e+00 4.65284407e-01 -4.17169929e-02 -5.32542706e-01
    -3.97963434e-01 1.50094175e+00 -5.42223394e-01 8.33848894e-01
    -4.92328823e-01 1.10044777e+00 9.00307119e-01 -7.94248879e-01
    5.01977921e-01 -7.18474984e-02 8.30452383e-01 -2.80734003e-01
    1.07956290e+00 1.51199067e+00 -1.13189280e-01 2.20745742e-01
    6.46930456e-01 -4.37900931e-01 1.65321803e+00 4.20160532e-01
    9.01996672e-01 1.09039164e+00 -2.96604395e-01 2.59231865e-01
    5.55657506e-01 1.30272782e+00 3.61263692e-01 3.54003429e-01
    1.44905996e+00 1.77299500e-01 1.53680634e+00 5.07592559e-01
    4.13129687e-01 1.25573373e+00 6.53452277e-02 1.59867001e+00
    1.16806412e+00 8.04545224e-01 7.89644718e-01 -1.50769353e-02
    4.13274765e-01 1.33724189e+00 1.88192904e-01 9.75141704e-01
    -4.38396215e-01 1.56402040e+00 -2.78064787e-01 -7.36177385e-01
    1.29683685e+00 7.20094442e-02 8.12948823e-01 4.88146544e-02
    1.80382204e+00 6.22677147e-01 5.33895373e-01 1.78882658e-01
    -4.54003006e-01 -4.54457492e-01 -4.22599256e-01 1.08768678e+00
    -2.88937092e-01 7.56164253e-01 1.30457246e+00 1.38365269e-01
    9.98728275e-01 1.07808018e+00 9.25807655e-01 1.85937071e+00
    1.03170729e+00 1.42082477e+00 -2.79459208e-01 8.19558144e-01
    -1.20363593e-01 8.93053472e-01 1.42002141e+00 -6.95195317e-01
    5.86413026e-01 1.42665195e+00 -7.48226404e-01 6.67369306e-01
    -4.08918411e-01 2.44103372e-01 1.13971961e+00 1.02893591e+00
    -2.34462857e-01 -5.28160036e-01 -8.56231451e-02 -7.72672117e-01
    1.18273664e+00 -1.28581882e-01 1.73777390e+00 1.17056632e+00
    1.71585453e+00 6.68114364e-01 9.91144538e-01 9.49428082e-01
    1.64485192e+00 -6.67452276e-01 1.06330168e+00 5.31091094e-02
    1.33750904e+00 1.20441937e+00 1.29997039e+00 8.61694932e-01
    1.49520481e+00 3.10604155e-01 8.18553567e-02 -1.73424482e-02
    -4.63005304e-02 7.34858990e-01 3.46509218e-02 -6.57784820e-01
    -6.26703501e-01 1.59935045e+00 -1.19695246e-01 -3.65613401e-01
    5.22385776e-01 1.12924170e+00 1.10269988e+00 1.10406327e+00
    4.66510296e-01 -2.65984505e-01 3.79563808e-01 4.32656765e-01
    4.50877070e-01 1.74190211e+00 -6.49133921e-01 -3.87564301e-02
    1.13468385e+00 1.48477912e+00 7.61455476e-01 1.46484494e+00
    3.32632005e-01 -7.16209650e-01 1.55887675e+00 8.15377831e-01
    5.96296966e-01 1.17755282e+00 5.48531294e-01 5.82988381e-01
    1.07043004e+00 -3.70956540e-01 6.59937263e-01 -2.93989956e-01
    3.12937737e-01 1.54206944e+00 6.72707260e-01 1.41122055e+00
    -4.23663110e-01 -2.34374940e-01 1.19142270e+00 1.56295967e+00
    1.44666314e+00 7.58368373e-02 6.56185448e-01 -4.45528805e-01
    7.48274863e-01 4.47206318e-01 3.60968351e-01 3.98299813e-01
    1.73475146e+00 9.84565020e-02 1.70698738e+00 1.18603039e+00
    1.62008321e+00 -4.10524011e-02 7.84630716e-01 -4.29069996e-02
    -5.60084224e-01 1.38400507e+00 6.64536893e-01 6.90374434e-01
    -6.38631821e-01 -6.41485512e-01 6.80920541e-01 1.73066735e+00
    1.46058559e+00 -3.36814284e-01 -6.34388983e-01 1.69435084e+00
    -4.72654402e-01 6.45588040e-02 -5.62222719e-01 9.40664887e-01
    2.19384015e-01 1.83287382e-01 1.44611537e-01 7.48950779e-01
    5.29023886e-01 9.68472540e-01 1.63523197e+00 1.45070136e-01
    1.88412356e+00 9.76952791e-01 -4.48429585e-02 4.43032444e-01
    -7.04312086e-01 -4.31967884e-01 1.12092698e+00 1.74796760e-01
    1.07973421e+00 -9.09820199e-02 -7.30782986e-01 5.28533280e-01
    -4.86480802e-01 -7.08153784e-01 9.06163752e-01 1.24446583e+00
    1.13328409e+00 1.92227364e-01 -6.70930028e-01 2.65338123e-01
    1.58948827e+00 7.36142337e-01 2.41833270e-01 5.60325921e-01
    3.57242942e-01 9.63281691e-01 -7.75265694e-01 -2.48514950e-01
    5.87882876e-01 1.73090637e-01 -2.53925562e-01 1.60112166e+00
    1.59163857e+00 -1.93058193e-01 8.10311198e-01 4.22988534e-01
    6.27304256e-01 -7.24456489e-01 6.16978705e-01 9.77520585e-01
    8.41422975e-01 6.73634231e-01 -8.56921196e-01 2.54575491e-01
    1.73740983e-02 8.82400930e-01 -6.03925943e-01 1.36663258e+00
    -1.50219500e-01 1.17014217e+00 4.90782559e-01 3.44210684e-01
    -1.18587077e-01 -3.06434900e-01 2.43261814e-01 -1.03299260e-01
    4.57792222e-01 8.91714096e-01 2.08851039e-01 1.29827368e+00
    4.82839346e-02 8.80196631e-01 1.09939516e-01 1.31492734e-01
    1.00798404e+00 1.48586416e+00 -9.81688499e-03 7.45021760e-01
    1.56632471e+00 -1.33228898e-01 1.79328871e+00 5.79159915e-01
    -3.12410116e-01 4.80084121e-01 -1.44415379e-01 -4.98394459e-01
    -5.61951280e-01 8.57080519e-01 -5.80079734e-01 4.05047536e-01
    1.33084846e+00 8.06717157e-01 1.58468592e+00 -7.93775976e-01
    1.33711803e+00 1.23452449e+00 -3.74950141e-01 5.85587621e-01
    -5.40550172e-01 -9.41218734e-02 9.08779383e-01 -2.04465210e-01
    1.44419575e+00 1.14251256e+00 -4.86810207e-02 -7.71626830e-02
    -6.65874958e-01 2.80873537e-01 1.38218939e+00 8.77606690e-01
    7.24673808e-01 1.62659311e+00 2.68345475e-01 -5.95091462e-01
    -5.55678844e-01 1.21286905e+00 7.31170058e-01 1.32902086e+00
    6.10728085e-01 -7.13710189e-02 -5.96893191e-01 4.43091631e-01
    1.27612710e+00 4.69258547e-01 -4.98898745e-01 8.86756182e-03
    4.54134941e-02 7.98174262e-01 1.12163246e-01 1.47867060e+00
    -1.72816157e-01 1.58359993e+00 1.54000354e+00 2.24211752e-01
    -1.87406480e-01 1.35595036e+00 4.05802131e-02 -3.26335460e-01
    -1.31212533e-01 -2.96621591e-01 5.19442737e-01 5.77770174e-01
    3.15211654e-01 6.34843230e-01 1.28706765e+00 8.99527609e-01
    -7.06374824e-01 8.04075003e-02 1.16588140e+00 1.12256563e+00
    -2.37749100e-01 1.33538866e+00 4.42714632e-01 -2.35202312e-02
    1.64956510e-01 4.76068676e-01 8.13833773e-01 -4.82929945e-02
    5.62203586e-01 3.68763149e-01 4.40483689e-02 1.73828554e+00
    -1.14673197e-01 -7.03861356e-01 -6.78538382e-01 7.29732156e-01
    1.11157417e+00 4.09516573e-01 1.07521319e+00 3.21658194e-01
    8.80824327e-01 1.37932730e+00 3.77579987e-01 1.16826129e+00
    -5.80870450e-01 -5.32643795e-01 1.12820303e+00 2.59584546e-01
    -9.03073549e-02 1.12832284e+00 -9.18532610e-02 1.67262888e+00
    1.37013102e+00 1.21432590e+00 7.17608750e-01 1.29964650e-01
    1.04344487e+00 -5.53419948e-01 -3.65390539e-01 1.35045171e+00
    1.23942578e+00 -6.73573196e-01 -4.44360673e-01 1.45917869e+00
    1.27452421e+00 1.45769775e-01 5.51195145e-02 1.78764510e+00
    -4.67700958e-01 1.52572608e+00 1.47139430e+00 2.51893997e-02
    1.29671395e+00 1.51702356e+00 -4.72210348e-01 1.52313054e+00
    1.14182699e+00 2.39965022e-01 -1.19318724e-01 1.28292286e+00
    1.19634795e+00 -4.17291462e-01 1.06004584e+00 -8.04674745e-01
    -6.43979371e-01 1.37902617e+00 4.15413260e-01 -1.01768970e-02
    8.92050028e-01 -7.50772357e-01 1.53127456e+00 -3.39264125e-01
    4.92066920e-01 -6.81831896e-01 -2.63880968e-01 1.27041221e+00
    1.63565612e+00 -7.10393190e-02 1.47038531e+00 -2.14435875e-01
    1.33551145e+00 1.03373528e-01 4.03133452e-01 -6.14841640e-01
    3.33679795e-01 5.80915570e-01 4.85886574e-01 8.63702297e-02
    9.25080121e-01 1.08236420e+00 1.78933752e+00 1.46989405e+00
    5.84488034e-01 4.47654009e-01 1.05986297e+00 1.22849154e+00
    5.39985061e-01 -5.43637037e-01 -4.17920083e-01 -5.79788983e-01
    1.67663991e-01 1.24370933e+00 -2.85791934e-01 3.71708095e-01
    1.48716128e+00 1.71624446e+00 1.41158867e+00 2.26862431e-01
    1.60428393e+00 9.34738696e-01 9.85505581e-01 -3.62532556e-01
    5.65668762e-01 7.95380950e-01 9.30151463e-01 1.97078824e+00
    1.77827621e+00 1.50115538e+00 1.52129769e-01 4.05246615e-01
    1.77875447e+00 9.90442932e-01 1.07308626e-01 1.02712572e+00
    1.01083195e+00 1.06549549e+00 4.76618052e-01 1.03841829e+00
    -4.05855119e-01 -7.82101750e-02 -7.36130714e-01 7.29830980e-01
    1.61048079e+00 1.17427874e+00 1.46939063e+00 1.53181267e+00
    8.80314827e-01 1.41052103e+00 -7.15807676e-01 4.36154604e-01
    -2.41010666e-01 1.44229531e+00 1.73720968e+00 -9.08333659e-02
    1.49983978e+00 1.41080546e+00 1.49178886e+00 1.33256388e+00
    -5.13597488e-01 -7.90965199e-01 -7.44768083e-01 1.28287554e+00
    1.18679655e+00 -2.56701112e-02 9.32697713e-01 -5.72059333e-01
    1.77222669e+00 3.88478518e-01 -2.37216592e-01 -2.00805068e-02
    1.08891511e+00 1.21950090e+00 1.69929373e+00 6.03533804e-01
    -5.12346506e-01 -6.40407443e-01 6.57068431e-01 2.30423689e-01
    5.91178536e-02 -6.73325777e-01 1.56759465e+00 -4.38185573e-01
    -3.51095498e-01 9.38023508e-01 -1.49439216e-01 1.14511180e+00
    -4.69850898e-02 1.00898635e+00 6.04891062e-01 1.66288912e-01
    1.89839542e-01 1.43823826e+00 -2.06569612e-01 -4.82482970e-01
    4.97978091e-01 8.01290154e-01 6.99774683e-01 -3.10922682e-01
    6.92761958e-01 7.80212045e-01 1.75521600e+00 6.22885346e-01
    1.73787618e+00 6.04824424e-02 -6.66121602e-01 -6.98904037e-01
    1.51202476e+00 1.48747993e+00 -9.66504812e-02 7.03416646e-01
    1.90177381e-01 1.64941716e+00 7.42197275e-01 5.94336212e-01
    1.72778654e+00 -4.11100745e-01 -4.17565674e-01 6.54900491e-01
    -5.47552228e-01 8.72574091e-01 -6.37771487e-01 -4.39671814e-01
    -4.35048491e-01 -7.95944154e-01 5.49720645e-01 3.89277518e-01
    2.05752611e-01 1.68872380e+00 1.44141257e+00 4.11126435e-01
    6.23695493e-01 -7.22893178e-01 -1.12800241e-01 7.64318347e-01
    -2.34566808e-01 1.05473614e+00 1.10935724e+00 -7.14258194e-01
    6.77172661e-01 4.90287721e-01 1.18422961e+00 3.88012409e-01
    8.61867428e-01 1.66942358e-01 -3.15083951e-01 2.69983947e-01
    3.68291855e-01 2.97979593e-01 1.61408722e-01 1.17068791e+00
    1.49438095e+00 1.54903090e+00 5.98964036e-01 1.65129089e+00
    1.03272021e-01 4.93881106e-02 4.07391846e-01 1.64184642e+00
    3.65268588e-02 -2.52523750e-01 -2.12933660e-01 -4.36417133e-01
    1.67714739e+00 1.35952640e+00 -4.05924171e-01 5.62204540e-01
    1.60107493e-01 1.50453162e+00 8.30237091e-01 1.30539227e+00
    5.35075903e-01 1.66172814e+00 7.83676445e-01 5.38535655e-01
    2.18170881e-01 1.80643201e+00 1.73999131e+00 5.76195002e-01
    -3.50601435e-01 2.14894772e-01 1.42685223e+00 1.12863529e+00
    1.59590793e+00 -4.89655823e-01 2.27693141e-01 7.22660422e-02
    -5.01363754e-01 9.91108060e-01 9.29764926e-01 -4.79159176e-01
    -6.25753880e-01 1.11086190e-01 1.07337475e+00 3.92023802e-01
    1.44976294e+00 -2.63000011e-01 1.54634535e-01 -2.73457170e-01
    -2.02133179e-01 6.57436252e-02 -4.11868542e-01 -4.52500939e-01
    -1.44411564e-01 -1.68161511e-01 1.82077122e+00 -4.08481747e-01
    -3.91557783e-01 3.62908721e-01 1.23434198e+00 3.99472415e-01
    8.43041897e-01 -4.57766414e-01 3.00742209e-01 -5.37323058e-01
    3.53201449e-01 5.49440205e-01 -2.91657448e-03 3.82510662e-01
    1.00637341e+00 -3.91291916e-01 1.07282102e-01 1.05110407e+00
    1.26397848e+00 -2.99407810e-01 -9.57989693e-02 -7.47650981e-01
    -2.76310563e-01 8.00397336e-01 6.86692119e-01 -4.49223936e-01
    -6.52002931e-01 3.32287073e-01 1.12649381e-01 8.48938048e-01
    1.35683560e+00 5.62551022e-01 -2.36719966e-01 1.60409474e+00
    -5.70836663e-01 6.05713129e-01 -4.11586195e-01 -5.97912073e-02
    -1.44950151e-01 -4.38714147e-01 -7.00472653e-01 1.43286729e+00
    1.42154741e+00 8.83082211e-01 -5.48904240e-01 5.60569942e-01
    7.96856463e-01 -6.21647656e-01 1.65830326e+00 -6.30867541e-01
    1.64636946e+00 1.51994991e+00 1.35518265e+00 -3.27714324e-01
    -2.03245521e-01 -7.28817046e-01 -2.37089068e-01 1.64400721e+00
    1.69870973e+00 1.10620522e+00 1.21165848e+00 1.26027966e+00
    1.75518215e+00 1.59134936e+00 -1.83001399e-01 6.99474156e-01
    1.49720788e+00 -2.97220260e-01 1.36721659e+00 4.68993843e-01
    5.63799500e-01 1.18941188e+00 -5.92088997e-01 -3.40096980e-01
    -1.18350089e-01 1.21251345e-01 5.37573755e-01 1.20027781e+00
    4.38634932e-01 -1.00029349e-01 7.90106595e-01 4.57815945e-01
    1.24928439e+00 2.91947305e-01 4.77704823e-01 1.63177991e+00
    1.69276285e+00 1.57580137e+00 1.09815991e+00 9.29231524e-01
    1.22565603e+00 3.53749633e-01 -2.10946500e-01 1.65832853e+00
    1.40076327e+00 1.41628242e+00 4.39927876e-01 -6.68697953e-01
    -3.72225881e-01 8.74044657e-01 -1.75691962e-01 1.10610211e+00
    4.06432211e-01 3.30988526e-01 -9.25736427e-02 -5.08095384e-01
    -8.61409903e-02 -1.70477986e-01 6.43315911e-02 7.98556805e-01
    2.37447262e-01 6.01077795e-01 1.78463125e+00 6.40324175e-01
    1.77303612e-01 -1.87559068e-01 1.17414522e+00 1.60013568e+00
    1.53095305e+00 6.64488554e-01 1.40480065e+00 8.24152052e-01
    1.42131388e-01 -4.67253059e-01 -6.28286481e-01 -5.78783453e-01
    -2.88413823e-01 2.79610932e-01 4.56338644e-01 1.87607527e+00
    4.84507561e-01 -3.65333557e-01 1.03197932e-01 1.77667761e+00
    1.67966628e+00 -1.78514004e-01 -4.35890228e-01 5.63072205e-01
    1.04935825e+00 2.80915797e-01 1.64796305e+00 7.50831842e-01
    1.76423717e+00 1.15620327e+00 2.97412515e-01 -5.41300416e-01
    1.42511153e+00 1.18887234e+00 8.89132917e-01 -7.24642754e-01
    1.26559627e+00 1.35470366e+00 1.14283562e+00 8.37967277e-01
    1.23882270e+00 6.13642037e-01 1.46929717e+00 4.30370092e-01
    1.40905964e+00 -3.63809019e-01 -2.79182255e-01 -5.23181677e-01
    6.15761340e-01 1.47086060e+00 -7.27522612e-01 -4.43483621e-01
    1.03910732e+00 -1.85987294e-01 3.10772777e-01 1.43090010e+00
    7.45782435e-01 6.60533369e-01 1.50250411e+00 1.71363378e+00
    1.28794670e+00 1.72806120e+00 1.15594077e+00 -7.16020465e-01
    1.15838146e+00 1.59211886e+00 -7.22455442e-01 1.22374487e+00
    -3.74248683e-01 -3.64793211e-01 1.77702427e+00 1.41020203e+00
    1.14187002e+00 1.03680873e+00 -6.89997852e-01 1.70556831e+00
    1.01707160e+00 9.05589223e-01 1.66392326e+00 1.78673923e-01
    -3.49144965e-01 1.17255664e+00 -1.30014181e-01 1.82380736e-01
    3.70488167e-01 -6.09500289e-01 -4.27934647e-01 1.36083460e+00
    5.93128324e-01 -3.32213461e-01 9.39190507e-01 -3.60676110e-01
    -4.91767168e-01 -2.38473415e-01 -3.66570622e-01 -5.48742652e-01
    3.87160599e-01 -2.52175331e-01 -2.26088315e-01 -8.59421492e-02
    4.19287682e-01 -3.46599966e-01 2.51149893e-01 8.31254900e-01
    1.43349123e+00 5.68047047e-01 1.32999063e+00 1.46948934e+00
    -6.05540693e-01 -7.61050582e-02 4.14731205e-01 -6.00647807e-01
    1.21931529e+00 1.07524753e+00 6.45479739e-01 -7.49868572e-01
    -3.15584600e-01 7.28905737e-01 1.61630154e+00 3.98775339e-01
    -1.10247135e-02 1.45471787e+00 4.08898652e-01 -3.10005128e-01
    1.62794256e+00 8.93591583e-01 -1.80011511e-01 -4.89643335e-01
    1.22394502e+00 1.18473625e+00 3.24900687e-01 1.68156099e+00
    1.14963758e+00 -4.71500039e-01 4.26504970e-01 3.43199074e-01
    1.66780519e+00 -1.85937703e-01 1.20600820e+00 4.66395497e-01
    -1.21345639e-01 7.60932982e-01 2.31198609e-01 1.52330995e+00
    3.09455574e-01 -7.45099783e-03 8.02801251e-02 1.26952255e+00
    -7.80419648e-01 1.32103276e+00 1.66003346e+00 -1.42302275e-01
    4.62438583e-01 1.19782317e+00 8.35446715e-01 -3.81360322e-01
    5.46705484e-01 2.67236531e-01 1.36879492e+00 4.06666040e-01
    -7.23724186e-01 3.31735551e-01 1.18161631e+00 7.76244998e-02
    1.56765866e+00 1.09703660e-01 7.20167994e-01 1.60462618e+00
    -2.79088944e-01 8.70854259e-01 9.37749326e-01 3.65544677e-01
    3.81240308e-01 1.33833504e+00 8.81649077e-01 8.50687623e-02
    7.76518106e-01 1.55587769e+00 -3.31084311e-01 7.64026225e-01
    1.71693659e+00 1.33362198e+00 7.66872942e-01 7.79140651e-01
    9.39839959e-01 7.02192783e-02 -2.05324352e-01 -4.83370185e-01
    1.47292876e+00 1.28594792e+00 -6.23039901e-01 1.13027382e+00
    6.29124641e-02 3.27227890e-01 4.28455830e-01 -7.46002853e-01
    1.67418849e+00 -3.80810916e-01 1.22098374e+00 3.69078338e-01
    3.69942307e-01 1.38819122e+00 1.69387293e+00 1.41872740e+00
    -6.32806242e-01 1.11969244e+00 2.49270201e-02 1.43314672e+00
    1.04284978e+00 1.84329188e+00 -5.61213732e-01 -3.24209720e-01
    -6.45423591e-01 -2.53995329e-01 1.51932812e+00 5.61166346e-01
    7.27162838e-01 -3.76044899e-01 1.85665739e+00 -1.94065541e-01
    -2.61341453e-01 2.70415545e-01 -8.69090557e-02 8.02526295e-01
    -4.00873512e-01 5.01835644e-01 1.19124401e+00 1.04426265e-01
    4.38425720e-01 4.88005638e-01 1.53119779e+00 -7.03878284e-01
    -5.56919217e-01 -3.42464060e-01 -5.26378393e-01 7.59600699e-01
    1.42901480e+00 1.50034368e+00 3.91508102e-01 -4.75667536e-01
    -2.50118017e-01 -5.48965812e-01 1.19170165e+00 1.06047058e+00
    4.39079821e-01 -7.14029729e-01 4.17705476e-01 1.20522058e+00
    -4.61930364e-01 -1.11491024e-01 1.77675080e+00 5.26333809e-01
    6.36005878e-01 -6.61796808e-01 -2.96802133e-01 -2.41162777e-02
    8.08636189e-01 7.41974533e-01 7.97904193e-01 7.06973553e-01
    -2.80340970e-01 1.60841477e+00 8.59194398e-02 8.30350459e-01
    1.35803676e+00 9.72547531e-01 3.43237698e-01 1.87134838e+00
    -4.81728017e-01 2.66154468e-01 -1.75030828e-01 9.51603651e-01
    2.57476389e-01 -4.79900360e-01 2.54162550e-02 1.67303383e-01
    3.64624560e-01 9.13411379e-03 1.23681343e+00 -3.33900154e-01
    1.41708827e+00 -4.68824476e-01 7.07846105e-01 -4.94952202e-02
    -5.27016342e-01 9.07504022e-01 -3.24404836e-02 9.80426848e-01
    2.71685779e-01 -4.69268560e-01 -7.13696897e-01 -1.52257323e-01
    -5.50362945e-01 -1.52856469e-01 9.59276915e-01 4.28834736e-01
    9.74298120e-02 1.01144612e-01 -7.65499175e-01 1.66915393e+00
    1.08059907e+00 1.28256726e+00 8.12825382e-01 9.95336235e-01
    6.12282097e-01 1.29178929e+00 -4.29314286e-01 1.75050378e-01
    1.05437791e+00 1.63482893e+00 -5.58238506e-01 1.00452864e+00
    -1.13641024e-02 -4.48652506e-01 2.06820726e-01 -4.94403243e-01
    1.06486130e+00 1.62196779e+00 6.37429833e-01 -3.95266473e-01
    -2.69265473e-01 6.58601046e-01 8.69894266e-01 8.36152732e-01
    9.78583395e-01 5.18901646e-01 1.25095940e+00 -3.22408080e-02
    -3.67585272e-01 9.13867235e-01 -1.71308517e-02 1.71298337e+00
    -4.05560762e-01 -3.26277375e-01 1.94326758e-01 -6.57626271e-01
    -2.65954405e-01 1.25646544e+00 1.22920156e+00 -4.57001984e-01
    6.72901094e-01 -5.37660897e-01 1.29391491e+00 7.13522494e-01
    2.35806286e-01 -3.07481885e-02 1.46727991e+00 1.74751079e+00
    1.03258097e+00 9.86758113e-01 1.88473296e+00 2.02527404e-01
    -4.40373898e-01 -2.70584315e-01 -7.22047091e-02 -3.54802608e-02
    1.76247811e+00 7.31645167e-01 8.87203813e-02 1.06078136e+00
    -6.77053392e-01 2.93792546e-01 1.40077829e-01 2.39660382e-01
    7.28163958e-01 2.50428915e-02 6.78526759e-01 1.19675446e+00
    1.45424843e-01 3.47636044e-01 -4.87253428e-01 1.34083080e+00
    1.36990356e+00 6.24247432e-01 1.65597224e+00 1.45401812e+00
    5.84077954e-01 -4.16039109e-01 -2.81077683e-01 -2.04177797e-01
    -5.50671816e-01 1.83811200e+00 -4.27699685e-02 -4.41921890e-01
    3.33098888e-01 1.16930056e+00 1.07337224e+00 -2.10073233e-01
    1.30582333e+00 1.19434595e+00 8.87610912e-01 1.63467681e+00
    1.70164275e+00 -7.63869822e-01 1.70135522e+00 1.67770588e+00
    7.10781038e-01 4.71231341e-02 1.46886253e+00 1.57199502e-02
    6.85249209e-01 1.13561463e+00 -5.47299564e-01 1.86082721e-01
    1.47405219e+00 -1.84531927e-01 1.66671157e+00 4.56798971e-01
    1.50684047e+00 5.98835468e-01 3.61138046e-01 1.67396832e+00
    1.62173080e+00 -6.29948258e-01 1.56130826e+00 8.80393028e-01
    -5.79385996e-01 1.29942751e+00 -3.99281442e-01 -5.97225308e-01
    1.17665589e-01 2.89366841e-02 1.55307496e+00 -2.53575832e-01
    -1.39150202e-01 5.07888615e-01 1.19539976e+00 1.74868417e+00
    -2.90330619e-01 5.15496373e-01 5.03093719e-01 3.05041075e-02
    1.78615713e+00 1.14123893e+00 2.22515464e-02 5.60326755e-01
    1.65474248e+00 7.05810606e-01 4.18370366e-02 -6.42498612e-01
    -4.40902263e-01 -3.20696831e-01 1.13792837e+00 1.73168540e-01
    9.08928096e-01 -5.06651163e-01 -1.12420201e-01 1.44711280e+00
    9.60477293e-01 3.28617275e-01 -4.72701222e-01 9.18601751e-01
    -4.98975515e-02 1.39656413e+00 5.47053039e-01 1.48502147e+00
    -4.81266201e-01 -6.16760671e-01 1.24480653e+00 5.56355119e-01
    3.24890375e-01 -7.56396830e-01 7.20682085e-01 -5.45662761e-01
    4.66524959e-02 -5.77312768e-01 -3.21967006e-01 8.47084403e-01
    -6.40347600e-02 3.06956112e-01 1.18637562e+00 2.19431877e-01
    8.82046700e-01 1.23117149e+00 -1.43984556e-02 4.78372574e-01
    -4.56211925e-01 1.48220360e+00 6.82115316e-01 -3.22377980e-01
    -2.89636850e-03 8.96017432e-01 4.74342287e-01 2.64543176e-01
    1.64715660e+00 1.08152926e-01 5.35412729e-01 9.36122060e-01
    2.90376663e-01 1.73029625e+00 1.47786069e+00 1.32171226e+00
    -4.14048404e-01 1.08679295e+00 -8.55199695e-01 7.19290972e-01
    1.59722924e+00 -5.66111088e-01 6.00319862e-01 6.79212809e-01
    1.35704935e+00 -4.05966312e-01 2.02285349e-01 4.60525870e-01
    -2.30852962e-02 -4.25291687e-01 9.58391011e-01 9.00980592e-01
    1.64498091e-01 1.10676312e+00 6.38437271e-01 1.39881492e+00
    1.45525539e+00 -5.23901343e-01 -2.91696310e-01 7.02972531e-01
    -3.48617792e-01 7.94157088e-01 4.57970679e-01 -8.04822564e-01
    7.14035749e-01 7.68949509e-01 -1.32229269e-01 -2.70238847e-01
    1.09135365e+00 1.14285326e+00 1.72942448e+00 -1.24953628e-01
    7.69056797e-01 7.98740745e-01 6.46830916e-01 1.00228417e+00
    -3.27633977e-01 3.40905130e-01 -4.37570363e-01 -1.57685280e-02
    2.61155903e-01 1.19847870e+00 1.45516384e+00 1.05288982e+00
    4.97151613e-01 -6.58816516e-01 3.19639742e-01 6.59141004e-01
    1.31285024e+00 3.97340536e-01 -6.32667780e-01 -3.07733685e-01
    7.71171927e-01 1.19370699e-01 2.80993104e-01 3.21788907e-01
    7.38207281e-01 1.40942121e+00 1.10900497e+00 5.97242475e-01
    -3.73343706e-01 5.20948946e-01 1.59874701e+00 7.92247057e-02
    9.79845703e-01 1.41053188e+00 1.68891788e+00 3.30086648e-01
    2.79328287e-01 1.69866657e+00 -5.97754598e-01 -5.90961337e-01
    1.48283172e+00 2.52669513e-01 1.37087047e-01 -5.15240788e-01
    1.64701462e+00 1.42960942e+00 5.19455671e-02 -3.91765833e-01
    3.44206154e-01 1.17039430e+00 -5.39887965e-01 3.29166055e-01
    -5.89051008e-01 -5.85788846e-01 8.47551823e-02 9.62102473e-01
    9.42836463e-01 1.03769112e+00 3.13649058e-01 8.95861924e-01
    8.31556261e-01 1.09736133e+00 7.65152872e-01 1.53924465e-01
    -3.02504867e-01 1.31217039e+00 1.52365148e-01 5.17372668e-01
    5.69535196e-01 -3.12105626e-01 -6.78917170e-01 1.59746146e+00
    -7.69252717e-01 -7.63782859e-01 1.63175750e+00 7.87608206e-01
    2.04887152e-01 -2.51686573e-03 3.97879303e-01 1.80932701e-01
    -5.20013928e-01 1.16973352e+00 5.57938635e-01 9.77448761e-01
    1.11375928e-01 1.49961114e+00 3.35774004e-01 -3.51107776e-01
    1.00843191e+00 3.72115672e-01 -1.13090813e-01 -1.61331296e-01
    3.40946913e-01 -7.05286086e-01 1.37680626e+00 7.26650715e-01
    4.13083076e-01 -1.80355728e-01 2.96170712e-02 -1.34150386e-02
    1.52745914e+00 -3.16151261e-01 1.06016302e+00 2.90445149e-01
    4.01344597e-01 9.78315592e-01 -1.07956409e-01 4.47686672e-01
    -1.39885604e-01 7.58027554e-01 8.67977977e-01 6.13113582e-01
    -4.15967286e-01 8.52899492e-01 1.68224812e-01 1.12751865e+00
    1.50311422e+00 -6.70939684e-01 -6.71104789e-01 3.43126893e-01
    7.81284451e-01 6.04910254e-01 2.76555181e-01 5.33157110e-01
    1.62368238e+00 1.37727857e+00 1.31385779e+00 1.38162005e+00
    2.81737149e-01 1.23175156e+00 1.66893911e+00 -1.29665554e-01
    -3.43208432e-01 7.67442226e-01 3.86607587e-01 7.10520446e-01
    1.64882302e-01 -3.55651140e-01 -2.49278545e-01 4.40849662e-02
    1.49424922e+00 -5.54823101e-01 4.95793402e-01 -7.78417051e-01
    6.15744710e-01 1.13150430e+00 1.59615433e+00 1.15755296e+00
    -4.21579391e-01 8.98713470e-01 8.99372101e-01 6.65403187e-01
    9.60904121e-01 1.03798509e+00 1.84579611e-01 6.62376285e-02
    -4.08112019e-01 1.00057399e+00 7.43681192e-01 -3.04428935e-02
    -1.03473067e-01 1.15399098e+00 2.21489906e-01 -1.09435618e-01
    1.39224470e+00 1.82385397e+00 8.31878185e-02 -1.79627478e-01
    1.75795102e+00 2.02198207e-01 -9.01975632e-02 -3.44121963e-01
    1.22615957e+00 1.38536811e+00 5.05131364e-01 1.38879013e+00
    6.33895993e-02 2.89880276e-01 7.93942213e-02 -3.76161575e-01
    -3.60776186e-02 1.42414951e+00 1.08955503e+00 2.16520786e-01
    2.50777185e-01 6.06699109e-01 6.49016201e-01 -6.72070682e-01
    -5.56648374e-01 4.26197410e-01 -8.04445744e-02 1.51068926e+00
    -5.14714301e-01 -1.63035035e-01 1.17199588e+00 1.23279452e-01
    8.79067898e-01 -4.80037749e-01 1.05087304e+00 1.60303617e+00
    -3.53898466e-01 1.35940635e+00 -1.45317882e-01 1.82949400e+00
    1.16488290e+00 1.89689183e+00 1.78277194e+00 7.09539056e-02
    1.45697784e+00 5.30354023e-01 1.72549832e+00 1.08033299e-01
    -9.21526551e-02 -7.18567133e-01 8.46831024e-01 1.10516787e+00
    1.19426084e+00 3.26261103e-01 8.61750722e-01 4.02451634e-01
    6.85349464e-01 4.80870605e-01 5.79460800e-01 7.21479475e-01
    1.32198524e+00 1.12584770e+00 1.46977437e+00 6.64874732e-01
    5.36924720e-01 1.15072465e+00 8.76007617e-01 -7.78264999e-02
    1.59794796e+00 1.06552756e+00 6.23927176e-01 5.30814767e-01
    4.26103354e-01 -1.61012828e-01 6.86963558e-01 1.21695328e+00
    6.09628379e-01 1.89608335e-02 -3.68593663e-01 1.05589342e+00
    1.23445427e+00 -7.04097450e-01 -2.82195866e-01 1.53554058e+00
    -4.89526689e-01 4.60570633e-01 1.46077371e+00 5.86687744e-01
    2.74211287e-01 5.84528863e-01 -5.79797447e-01 1.72720218e+00
    5.42263567e-01 1.13171911e+00 5.98800182e-03 5.95325708e-01
    1.25654054e+00 1.03834689e+00 -4.37696010e-01 1.02108121e-02
    7.79642105e-01 5.82462788e-01 -2.18505800e-01 -4.91820216e-01
    -3.85873884e-01 1.78816199e+00 -7.54320621e-02 8.31131697e-01
    1.00326347e+00 1.73031723e+00 -8.03839564e-02 4.59142625e-01
    7.99965084e-01 -5.41795373e-01 5.48119605e-01 1.51259995e+00
    6.72684550e-01 1.49776888e+00 9.21113849e-01 -7.79456019e-01
    -7.11072922e-01 1.58727837e+00 7.46133387e-01 -3.30455720e-01
    6.50197446e-01 8.63134861e-01 7.69696951e-01 1.13664532e+00
    -7.17872322e-01 6.17999673e-01 -6.33229136e-01 1.92127287e-01
    8.35604012e-01 1.77730381e-01 -6.04940057e-02 6.62956417e-01
    1.30029440e+00 -1.26883149e-01 8.15608144e-01 1.03214276e+00
    -1.84973776e-01 1.23270571e-01 1.29923308e+00 4.32649851e-02
    1.71545434e+00 -7.02356458e-01 1.32225394e-01 1.06919312e+00
    -7.38881469e-01 6.13325238e-02 2.96295583e-01 8.71053755e-01
    1.19872153e+00 -1.13074720e-01 1.10954547e+00 7.46146142e-01
    1.14673364e+00 -5.75095415e-02 9.69861209e-01 1.56177700e+00
    -7.74776995e-01 6.75417840e-01 -6.61091983e-01 1.64272070e+00
    1.67780161e+00 4.05086219e-01 1.56127191e+00 3.04854631e-01
    3.43054533e-01 1.30458069e+00 1.77315986e+00 4.08264101e-01
    1.12824619e+00 2.05187917e-01 -1.69578433e-01 7.42380738e-01
    1.38124609e+00 -7.32137620e-01 1.43767250e+00 1.42549336e+00
    -2.68393576e-01 1.50095475e+00 -4.89694178e-01 5.23257494e-01
    -2.65402794e-02 8.16703022e-01 -4.49106991e-01 -2.05663741e-01
    -6.39601886e-01 -1.05077624e-02 1.69709754e+00 1.76166165e+00
    -2.67009079e-01 7.33584583e-01 -8.13268006e-01 1.33227682e+00
    3.52652371e-01 7.15042293e-01 1.12912774e+00 1.08741212e+00
    1.51249874e+00 6.10938609e-01 1.64455485e+00 -4.70687479e-01
    5.90114474e-01 -6.08550906e-02 1.09127045e+00 9.81108546e-01
    -4.49233472e-01 6.54225528e-01 1.30953515e+00 -1.97094679e-01
    4.62079525e-01 -5.01728594e-01 1.49179411e+00 5.63092232e-02
    -4.83190924e-01 1.50943422e+00 1.52126122e+00 4.53020215e-01
    9.88493383e-01 1.47901022e+00 7.04176724e-01 1.06939602e+00
    1.17791343e+00 -6.61005855e-01 1.58782959e+00 -5.89518130e-01
    1.54819918e+00 -2.93212831e-01 -4.52456653e-01 1.63716054e+00
    2.68998742e-02 1.30467224e+00 6.71192467e-01 7.42956698e-01
    -1.15771890e-01 1.62060642e+00 1.15888405e+00 -8.74920487e-02
    1.12858224e+00 1.41311002e+00 9.84374166e-01 -5.19078195e-01
    2.44063914e-01 2.04549968e-01 4.17372644e-01 -6.33159995e-01
    1.34518743e+00 -1.32445395e-01 2.86323905e-01 -3.97122592e-01
    1.74794888e+00 -1.48110926e-01 -2.07219124e-02 1.52093816e+00
    2.23957062e-01 -6.13767505e-01 -6.06042445e-01 5.13673425e-01
    1.00481510e-01 1.25239611e+00 1.04936361e+00 -5.66832542e-01
    1.61629772e+00 1.50839865e-01 5.85073829e-01 1.51077247e+00
    2.36461878e-01 -4.10290360e-01 5.00357151e-01 -5.56565762e-01
    1.01525640e+00 -1.60174906e-01 1.67204416e+00 1.70980752e+00
    1.04633510e-01 1.09749794e+00 1.21377468e+00 -7.41889477e-02
    4.72741663e-01 6.83540881e-01 -4.10738379e-01 4.64303493e-01
    -1.90545917e-01 1.69970167e+00 -1.83235407e-01 -1.29229248e-01
    -4.17118818e-01 -1.65604711e-01 1.12335372e+00 1.02704060e+00
    1.12798119e+00 4.48090017e-01 7.36094296e-01 -1.11279815e-01
    -4.11197484e-01 1.82707024e+00 -3.65912020e-01 1.61137915e+00
    1.03980923e+00 -7.11989939e-01 3.16252351e-01 -7.57708311e-01
    -6.65805936e-02 -2.77314693e-01 1.49300098e+00 -5.53580463e-01
    8.91324580e-01 -4.80997324e-01 1.65184438e-01 -1.60905421e-01
    9.34525609e-01 -5.89946210e-01 7.36397922e-01 -8.26325536e-01
    1.23303533e-01 1.01714206e+00 6.56868875e-01 1.38412631e+00
    1.16944253e+00 1.13906860e+00 -3.48343849e-01 -6.57320023e-03
    2.40403533e-01 9.93607879e-01 6.68855727e-01 1.47848332e+00
    -2.68370509e-02 -1.46895707e-01 -4.47857112e-01 3.96656632e-01
    1.28216064e+00 -1.99182510e-01 6.21593058e-01 -2.60488749e-01
    4.66641128e-01 6.49962187e-01 -5.09803295e-01 4.32123542e-02
    1.21950090e+00 1.80481923e+00 1.59315372e+00 2.47608542e-01
    -2.61544943e-01 1.87402964e-02 -4.93882060e-01 2.44280517e-01
    -1.83943272e-01 1.10397017e+00 1.13110781e+00 1.01416230e-01
    1.13360333e+00 1.16662228e+00 2.78407216e-01 1.56951499e+00
    9.55663562e-01 -4.38435435e-01 -4.17211652e-02 1.41379976e+00
    2.97525167e-01 2.91187048e-01 -6.91867054e-01 -6.77607536e-01
    -1.90820098e-02 5.69208801e-01 1.34348774e+00 -6.81796134e-01
    1.46276474e+00 1.04248142e+00 1.34276509e+00 9.15413260e-01
    7.84584582e-01 -7.39539981e-01 -8.03954661e-01 9.12799895e-01
    8.12879443e-01 1.47984433e+00 6.22065961e-01 2.78566658e-01
    1.80330157e-01 5.13000965e-01 1.18180180e+00 2.37654448e-02
    1.34001911e-01 1.61145103e+00 1.50296569e+00 -2.49918789e-01
    1.35634160e+00 4.20017004e-01 6.51108325e-01 -5.67531049e-01
    1.88511491e-01 1.57019007e+00 -1.61298931e-01 1.62663996e+00
    1.70228744e+00 -5.00665903e-01 1.70044184e+00 5.29306054e-01
    -8.33727717e-02 9.15701091e-01 1.71437764e+00 1.47260725e-01
    -6.80362284e-01 1.60045552e+00 -5.79804778e-01 1.46421123e+00
    1.35667372e+00 4.47607696e-01 1.65571260e+00 -1.78768277e-01
    1.40071821e+00 -8.09923530e-01 -1.38128221e-01 -5.17748594e-02
    -3.07673573e-01 1.39410031e+00 1.35990632e+00 1.68602288e+00
    1.39630628e+00 2.62603104e-01 -3.27562153e-01 1.02696168e+00
    -6.54261529e-01 1.30579090e+00 1.69753730e-01 1.13336444e-01
    9.05640662e-01 -7.90357292e-01 1.36794734e+00 4.38744605e-01
    5.06873131e-02 8.57124567e-01 1.12416816e+00 1.63979387e+00
    1.41499484e+00 -2.57989109e-01 1.66850638e+00 6.27915144e-01
    1.07818377e+00 1.65090752e+00 6.70098782e-01 -9.92242694e-02
    5.12140989e-03 -6.96686029e-01 -4.20247734e-01 5.90133429e-01
    1.66287661e-01 -3.25686812e-01 8.14158499e-01 3.47109139e-01
    3.12560678e-01 7.49608636e-01 5.19433498e-01 -3.33354682e-01
    -1.26166821e-01 2.47886300e-01 3.10483575e-01 -6.23419344e-01
    9.50271785e-01 -4.56007451e-01 1.61005533e+00 4.82800126e-01
    -3.69275242e-01 1.20026231e+00 1.33204317e+00 -3.25560451e-01
    -5.03154874e-01 1.15318179e+00 9.43291485e-01 -7.96709299e-01
    4.05165315e-01 -8.70089293e-01 4.35362935e-01 7.48805523e-01
    7.59151280e-01 -6.26508534e-01 1.88050270e-02 -5.89865863e-01
    -4.49958652e-01 3.94023776e-01 2.06520557e-01 1.52404094e+00
    5.36800802e-01 8.31261158e-01 -7.95688212e-01 6.89563215e-01
    1.72720289e+00 8.25413525e-01 1.05657232e+00 4.16349828e-01
    1.94247961e-02 2.06040919e-01 -3.11637133e-01 1.02862906e+00
    -4.16097164e-01 1.03853548e+00 7.54351616e-02 -6.99892044e-02
    1.65915561e+00 -3.78166705e-01 2.14015245e-02 -1.26783550e-01
    1.67181253e+00 -4.13573384e-02 -9.15079117e-02 -1.56608522e-01
    1.91311061e-01 -1.79673165e-01 7.35360801e-01 7.70475447e-01
    3.37494612e-02 1.00083172e-01 1.00638509e-01 6.85730934e-01
    1.83352077e+00 4.91652071e-01 1.08380163e+00 -3.63485873e-01
    7.17235804e-01 -6.35950387e-01 -2.16159493e-01 6.23633623e-01
    2.51565695e-01 2.34648287e-01 1.69609976e+00 2.47430921e-01
    -6.61678374e-01 3.96596253e-01 2.85616517e-01 -3.16182077e-01
    3.62835884e-01 -5.19343674e-01 -6.24052167e-01 1.82165825e+00
    -1.90092325e-02 9.98362601e-01 1.31854796e+00 -2.11132973e-01
    1.19626737e+00 1.88959122e-01 5.69247782e-01 -4.89357799e-01
    1.08069396e+00 -3.85007322e-01 -1.01249814e-01 8.75953376e-01
    1.00829422e-01 4.39229727e-01 6.66161776e-01 1.00675273e+00
    1.00518155e+00 1.01110625e+00 1.00857902e+00 1.27752364e+00
    1.03665316e+00 -8.41994405e-01 1.05518413e+00 5.02186716e-01
    7.81932831e-01 3.21915448e-01 6.83362484e-02 -1.21170104e-01
    1.25678015e+00 1.38128197e+00 -6.49207294e-01 1.20041811e+00
    -5.76126873e-01 -6.78596318e-01 5.81668735e-01 1.34697485e+00
    1.63032913e+00 6.58872604e-01 -2.53476501e-02 1.54447699e+00
    -3.61160100e-01 4.31330919e-01 1.22161818e+00 1.23438191e+00
    -7.47215509e-01 1.14139247e+00 1.17675257e+00 -2.15101242e-01
    4.97743785e-01 1.24208426e+00 8.11038017e-01 1.57419968e+00
    1.41355801e+00 -1.49435997e-02 -3.62803936e-02 2.39652395e-03
    8.63110363e-01 -1.58358753e-01 1.15780890e+00 1.12866092e+00
    8.87848675e-01 6.98203981e-01 -2.98242658e-01 -2.92183340e-01
    -2.80111432e-01 -5.90885997e-01 -6.76472306e-01 1.77599502e+00
    -5.15917540e-01 -2.63765872e-01 8.41927886e-01 3.39116395e-01
    -6.17600203e-01 2.87711382e-01 -7.03145981e-01 1.48618102e+00
    1.70450032e-01 5.61970472e-02 -6.03522956e-01 -6.52682722e-01
    1.64297795e+00 -3.73769313e-01 1.77229643e+00 -2.85072505e-01
    1.34816051e+00 -7.83636749e-01 1.51130462e+00 1.26349938e+00
    4.26195502e-01 -5.15739799e-01 1.62005877e+00 1.45711255e+00
    1.53872049e+00 -5.22293031e-01 1.53792632e+00 -7.37148166e-01
    5.66622019e-02 1.23028398e+00 1.32591653e+00 8.56753945e-01
    1.07071841e+00 8.77502501e-01 2.79667974e-01 5.00406742e-01
    -2.16184616e-01 -5.19034207e-01 -4.75356102e-01 2.23574042e-02
    -4.76021647e-01 1.73154640e+00 1.04050887e+00 6.36724055e-01
    1.22055948e+00 4.83309448e-01 1.23561025e+00 1.66216350e+00
    8.24776590e-01 9.35112953e-01 6.87441349e-01 6.46984816e-01
    5.29399514e-01 8.09374571e-01 6.66330695e-01 7.80525744e-01
    6.82408988e-01 1.75723660e+00 4.38602984e-01 -4.87396151e-01
    7.53157496e-01 6.44059300e-01 -5.68706214e-01 6.67052150e-01
    1.10368097e+00 1.48186934e+00 4.91461992e-01 1.50723982e+00
    2.57127464e-01 1.44642591e-03 1.79308236e-01 1.60176086e+00
    1.57801497e+00 2.01117814e-01 1.27529287e+00 -7.56329536e-01
    6.13802671e-02 4.30977404e-01 2.41977751e-01 -3.55763704e-01
    1.19781101e+00 1.16823840e+00 1.36589265e+00 -4.80787456e-01
    1.56414437e+00 1.05725837e+00 7.62282372e-01 -1.89198613e-01
    -3.61850470e-01 4.53294575e-01 1.82784188e+00 -5.78969717e-02
    -3.50436062e-01 7.50929117e-02 1.37524605e+00 3.66361201e-01
    2.76014566e-01 1.05356503e+00 6.31123781e-01 8.46292734e-01
    -3.81765187e-01 -1.54516518e-01 1.75995731e+00 1.45147300e+00
    3.63712788e-01 1.48919344e+00 6.30721509e-01 4.34333682e-02
    -2.37491786e-01 -3.69693965e-01 1.45727062e+00 1.45895672e+00
    -1.86739326e-01 -4.68052298e-01 9.03528035e-01 -3.53938758e-01
    2.35522151e-01 1.10897458e+00 8.43342423e-01 9.06391323e-01
    8.69305789e-01 8.44750106e-01 1.15338993e+00 2.26850808e-01
    1.52855253e+00 4.14073884e-01 9.19456482e-01 9.83816266e-01
    5.73443413e-01 -6.57630861e-01 1.76758420e+00 4.12956119e-01
    1.45960855e+00 4.41064477e-01 1.00319922e+00 -4.94857460e-01
    9.14412022e-01 7.13525772e-01 7.61027217e-01 1.27646065e+00
    1.49102521e+00 9.17152882e-01 1.52026749e+00 1.72054791e+00
    -4.66321498e-01 1.04532576e+00 6.15554333e-01 1.23148179e+00
    -6.25272274e-01 2.21130133e-01 -5.29170036e-01 1.04721427e-01
    -4.19539809e-02 -3.66029263e-01 -1.11208856e-01 1.24373889e+00
    -6.28352046e-01 1.98585391e-01 8.92756641e-01 -1.21264607e-01
    4.04866755e-01 -3.09978694e-01 -3.12676489e-01 -4.88626540e-01
    6.47349775e-01 7.19913363e-01 7.96049714e-01 2.82996356e-01
    -2.47187883e-01 -2.49462932e-01 1.09388971e+00 -2.06496060e-01
    -5.28234243e-03 4.65365231e-01 -4.89529371e-02 2.69029021e-01
    6.25682771e-01 -3.80188286e-01 -5.92936635e-01 -3.66339028e-01
    1.08625817e+00 9.48977828e-01 -4.74444032e-01 -4.47396696e-01
    4.53437269e-01 1.11513042e+00 1.36671376e+00 1.20711684e+00
    1.04126000e+00 9.86435473e-01 -2.55489647e-01 1.61221075e+00
    8.03564966e-01 1.21331155e-01 1.31500459e+00 1.47602367e+00
    1.74817991e+00 7.28792548e-02 1.76386571e+00 -5.94094753e-01
    3.63295078e-02 1.37189984e+00 -2.80281126e-01 9.39227104e-01
    -1.90246224e-01 -4.56814826e-01 8.69320810e-01 1.53910470e+00
    1.65634441e+00 -2.99605131e-02 -7.29495704e-01 5.32884657e-01
    1.02618122e+00 -7.18214869e-01 -5.43900907e-01 -5.34697354e-01
    1.59897041e+00 -2.16948807e-01 1.78479862e+00 -1.68667734e-01
    4.09958005e-01 5.84072471e-02 1.18813276e+00 1.70314169e+00
    1.01697707e+00 7.42199063e-01 1.40717292e+00 -3.24880540e-01
    1.80893064e-01 5.93467891e-01 3.58151972e-01 9.83639598e-01
    -2.24807918e-01 -3.57909590e-01 1.23798609e+00 5.06841242e-01
    3.21879625e-01 1.91067159e-01 1.14178705e+00 -7.68221140e-01
    1.70654058e+00 1.63339949e+00 9.45147812e-01 1.69136906e+00
    1.12558270e+00 9.44711804e-01 7.74701059e-01 -6.11378670e-01
    -3.29517722e-01 1.09370112e+00 -2.05592632e-01 -1.86984897e-01
    5.74694693e-01 9.69211340e-01 -6.06160998e-01 1.65033698e+00
    5.81952274e-01 1.74011946e-01 1.34602463e+00 8.34014118e-01
    -1.80249929e-01 1.47449601e+00 -8.05490971e-01 2.17745900e-02
    1.50473046e+00 -1.65080667e-01 1.07177341e+00 8.37848067e-01
    -1.23159111e-01 1.08971608e+00 1.76627696e-01 5.68791687e-01
    -1.24132633e-01 1.29742980e+00 8.91696453e-01 2.51897037e-01
    -6.09405994e-01 8.28116059e-01 1.00727701e+00 6.61462188e-01
    -1.27809942e-01 3.07450891e-01 -7.61633456e-01 -6.30562007e-01
    5.58264196e-01 -6.42733097e-01 1.57557631e+00 1.41117930e+00
    1.30332768e-01 1.62071586e-01 3.46140206e-01 -4.53076571e-01
    1.55090046e+00 5.37114143e-02 -5.10131538e-01 3.03793550e-01
    6.43414795e-01 1.65650487e+00 -4.05180424e-01 8.13138008e-01
    7.15986609e-01 6.25594676e-01 4.19737935e-01 2.69178152e-01
    -1.46729350e-02 6.80062175e-02 -5.75311720e-01 1.65394211e+00
    1.00980544e+00 -5.29990315e-01 4.92708862e-01 9.36786890e-01
    -2.12203652e-01 5.25110483e-01 1.53564191e+00 5.91137052e-01
    8.52508426e-01 8.25097501e-01 -2.67572165e-01 4.99737322e-01
    -2.82304883e-01 7.45016396e-01 1.72455692e+00 1.48736072e+00
    7.09688962e-01 5.32748103e-01 1.57498121e-01 -2.70930827e-01
    -3.74238789e-01 3.99043381e-01 -8.38587105e-01 1.46796346e+00
    1.55225277e+00 1.05360091e-01 5.68324983e-01 2.21285820e-02
    -4.27354276e-01 1.31134212e-01 3.79910171e-01 -6.17965579e-01
    1.54362226e+00 -4.11073387e-01 2.52587020e-01 -8.96008492e-01
    -3.66930962e-02 1.61765373e+00 4.22765374e-01 6.53674960e-01
    2.32535303e-01 2.70699382e-01 1.01211500e+00 1.63241649e+00
    5.99350035e-01 1.23264933e+00 7.95471489e-01 -3.34470600e-01
    1.13861620e-01 9.85719144e-01 -6.71382964e-01 1.65217507e+00
    1.32848454e+00 9.68319833e-01 1.77304077e+00 1.31734514e+00
    -7.44871378e-01 -1.09527588e-01 -6.78519785e-01 -2.12353885e-01
    9.57198620e-01 9.35954928e-01 1.69966507e+00 -6.87986493e-01
    -2.42695332e-01 1.61343789e+00 2.78109312e-03 -2.63388515e-01
    1.65882969e+00 1.04614913e-01 -3.91031891e-01 8.73440981e-01
    -6.90165937e-01 -5.40982485e-02 1.54867101e+00 1.66323829e+00
    -3.72789651e-01 -2.39040256e-02 -4.64425027e-01 -3.27633709e-01
    3.14772785e-01 1.24260938e+00 1.44357824e+00 2.46917427e-01
    1.64366138e+00 -6.22198641e-01 1.22567677e+00 1.06185973e-01
    -5.94823122e-01 3.99092913e-01 -2.23481417e-01 3.38175714e-01
    6.13750815e-02 -5.19886017e-01 1.11483121e+00 -6.69630885e-01
    1.72775543e+00 -2.55532682e-01 -2.76137024e-01 1.56696033e+00
    1.04523599e-01 1.63269520e-01 1.06635475e+00 8.22738469e-01
    1.50257254e+00 7.33327746e-01 3.43580425e-01 8.89845669e-01
    -3.94000411e-01 -9.54583287e-02 6.79977000e-01 9.67338681e-02
    4.50959504e-01 1.25752866e+00 -5.12804866e-01 6.84366703e-01
    2.93221295e-01 1.85633957e-01 7.15041161e-01 1.71229029e+00
    3.68551016e-02 4.47356224e-01 -5.92941165e-01 1.47278333e+00
    8.86820138e-01 3.22884679e-01 -1.97144866e-01 -2.95071602e-02
    1.12877083e+00 7.06826627e-01 6.74352109e-01 -2.63935417e-01
    5.74810565e-01 2.60452330e-01 2.41693020e-01 -9.92214680e-02
    -7.29928493e-01 -7.23356366e-01 -6.97304368e-01 1.58105731e+00
    -4.18616116e-01 -3.37920159e-01 1.17607236e+00 7.14109838e-01
    -5.29991150e-01 1.80663919e+00 1.08484447e-01 -5.77843845e-01
    -7.17951417e-01 9.21470761e-01 1.67922401e+00 1.12784171e+00
    1.86944795e+00 -3.09551686e-01 2.33758688e-02 1.26743364e+00
    1.75075793e+00 1.39845824e+00 -6.38477206e-01 2.53744721e-01
    3.57804835e-01 9.68341768e-01 1.63812888e+00 1.73588872e+00
    8.93182397e-01 1.00675869e+00 -4.68481958e-01 -2.28632361e-01
    6.18857682e-01 -6.07384801e-01 1.13349819e+00 -2.96050131e-01
    5.73183596e-01 1.32452774e+00 -5.16236424e-02 6.13398552e-01
    4.38092589e-01 1.49931407e+00 6.27951145e-01 9.60495174e-01
    6.38752699e-01 1.30627370e+00 -4.09345508e-01 4.44413602e-01
    1.84824228e-01 6.83477104e-01 1.65295267e+00 1.70351481e+00
    3.71344030e-01 -5.93345165e-02 -9.67358947e-02 1.33387935e+00
    1.20865011e+00 1.72569275e-01 -7.41761446e-01 1.48579299e-01
    -3.78777593e-01 1.67127752e+00 5.51011562e-02 -4.16439950e-01
    1.29380238e+00 -2.77612597e-01 2.28686929e-02 7.85404146e-01
    4.59516823e-01 8.65922451e-01 3.97644401e-01 1.43260169e+00
    3.73184443e-01 -4.14048702e-01 1.07841790e+00 1.37917864e+00
    1.13139987e+00 2.27557421e-01 -6.12650633e-01 9.80124593e-01
    1.31762528e+00 1.56547296e+00 1.11422539e+00 9.57100511e-01
    1.24501431e+00 7.16889203e-01 1.69256568e+00 8.44773173e-01
    7.10471988e-01 1.48838580e+00 1.28258538e+00 1.42060518e+00
    6.18509650e-02 5.36380291e-01 1.35354090e+00 3.74369264e-01
    9.70605910e-01 -7.05065012e-01 -2.60600746e-01 -1.56930804e-01
    1.23436451e+00 -7.65901804e-01 -2.22297490e-01 1.72586417e+00
    1.17940116e+00 -3.53999764e-01 9.19556797e-01 1.59164894e+00
    -6.14449322e-01 6.88934684e-01 -8.11043441e-01 1.43790245e+00
    2.94063985e-01 9.85482097e-01 1.66200984e+00 2.52741933e-01
    1.01898253e-01 -8.34141970e-01 -5.16902804e-02 2.42272079e-01
    1.60860479e+00 2.22148001e-01 -1.24489129e-01 7.46134520e-01
    6.01137936e-01 -3.25099289e-01 2.53066421e-02 1.67317843e+00
    -3.19411576e-01 3.55474889e-01 -1.58344269e-01 4.23982322e-01
    9.63311851e-01 1.12688601e+00 1.74912429e+00 8.55923355e-01
    1.13706434e+00 -3.32368255e-01 -3.95980477e-02 1.11300874e+00
    -6.98702335e-02 -6.25857711e-01 -3.03907514e-01 1.70055890e+00
    1.49494672e+00 3.90921593e-01 2.11328030e-01 5.64290285e-01
    1.36273313e+00 1.26102924e-01 1.14448643e+00 1.60220206e+00
    1.62144899e+00 1.05785656e+00 -8.49657655e-02 2.43769646e-01
    1.14464998e+00 1.51984096e+00 -7.21797943e-01 -4.13494438e-01
    7.40332782e-01 1.82642674e+00 5.27708828e-01 1.19337535e+00
    1.03200316e+00 1.76112771e+00 1.35424626e+00 1.48821354e+00
    1.77273512e-01 -3.68112683e-01 8.41724873e-03 -4.90192235e-01
    -1.27422750e-01 3.95516992e-01 2.71482050e-01 1.22141564e+00
    1.39187145e+00 1.11667037e-01 1.51523519e+00 1.23543704e+00
    1.31661379e+00 6.71887398e-02 1.99786603e-01 3.01584303e-01
    9.20379341e-01 1.08605146e+00 -6.71503305e-01 9.23390269e-01
    -1.05863750e-01 3.88940811e-01 -5.65362334e-01 1.51730299e+00
    1.39052927e+00 8.71415734e-01 2.69498408e-01 1.46296132e+00
    1.63268304e+00 -6.95913553e-01 1.78423440e+00 6.96237028e-01
    -4.87790108e-02 1.67014551e+00 2.90259957e-01 1.37849522e+00
    1.35135555e+00 4.04606581e-01 3.33079755e-01 1.06616068e+00
    5.37641048e-02 -2.19076157e-01 -1.09924853e-01 8.44827831e-01
    4.07616913e-01 -5.94730377e-01 8.60649168e-01 1.01646221e+00
    3.62077951e-01 8.21120620e-01 1.05568862e+00 8.98705721e-01
    8.62897038e-01 1.78337967e+00 1.01282024e+00 1.11858559e+00
    -2.08875418e-01 1.06434548e+00 5.36368549e-01 -4.89306092e-01
    -2.60335296e-01 1.61866319e+00 4.96507466e-01 1.15588212e+00
    7.69511223e-01 -1.13596141e-01 -2.31561452e-01 1.60674095e+00
    8.64077210e-02 1.82790947e+00 9.31899846e-01 3.37897658e-01
    -6.27054393e-01 5.69600701e-01 2.57789016e-01 1.61169696e+00
    1.04115093e+00 7.99380124e-01 1.41522622e+00 5.26961744e-01
    1.64183521e+00 -3.02688211e-01 1.24026108e+00 -1.74776196e-01
    -4.73052382e-01 2.62260854e-01 -2.84824967e-02 4.19976234e-01
    6.39070272e-01 1.41992855e+00 1.63861823e+00 8.51940751e-01
    -4.21167731e-01 1.64244771e+00 5.81644177e-01 9.56150293e-01
    8.78871799e-01 -2.12766826e-01 1.21630883e+00 -4.68463898e-02
    -5.94392240e-01 7.56219387e-01 1.45525837e+00 1.70885551e+00
    1.24606800e+00 -4.85667080e-01 1.80374312e+00 4.04616654e-01
    -3.08621228e-01 1.56976390e+00 1.39881110e+00 5.37723422e-01
    1.51771331e+00 1.10151720e+00 1.34715545e+00 7.47060359e-01
    -5.65487564e-01 -7.35261023e-01 1.32152188e+00 6.10336483e-01
    -5.30905664e-01 7.87836969e-01 -6.63057625e-01 4.16579247e-02
    4.48127687e-01 8.32285583e-01 8.71746778e-01 9.93365943e-01
    6.22380137e-01 1.25053358e+00 3.97449672e-01 1.11276937e+00
    -2.24116087e-01 1.44699550e+00 7.37426579e-01 6.64777279e-01
    8.84103477e-01 -5.65570593e-01 -7.18101501e-01 -4.14549142e-01
    3.64608645e-01 9.37063575e-01 4.30488229e-01 1.12039876e+00
    8.29313993e-02 8.78527641e-01 4.31508303e-01 4.06518102e-01
    1.02516961e+00 1.08225584e-01 1.85935676e-01 8.20056736e-01
    1.69372010e+00 1.07780313e+00 7.66131639e-01 6.77801967e-02
    1.42147183e+00 1.53634548e-02 1.64729428e+00 1.30285621e+00
    1.01811457e+00 -2.70138979e-01 9.92956758e-01 -4.30176854e-02
    6.47467613e-01 2.65077889e-01 1.55801857e+00 -4.77672547e-01
    1.55672121e+00 1.81705451e+00 -3.50899398e-01 7.76731193e-01
    -5.18457830e-01 3.51843655e-01 -5.20830393e-01 1.19405055e+00
    -2.37477839e-01 -8.50093067e-01 6.76898539e-01 7.06904650e-01
    2.99071193e-01 3.47108841e-01 8.90507281e-01 7.63959467e-01
    1.75806928e+00 5.65595627e-01 -6.17094636e-01 1.64152050e+00
    1.64046144e+00 1.00343251e+00 -1.36211157e-01 4.27452207e-01
    -1.87803507e-02 4.95592237e-01 6.15564942e-01 1.77135277e+00
    1.79186749e+00 5.54751992e-01 7.04107761e-01 5.52332222e-01
    -5.53093433e-01 -5.32776892e-01 -2.27317035e-01 3.78786802e-01
    -8.70196819e-02 8.86833251e-01 5.42812824e-01 -5.99749625e-01
    6.93177283e-01 -6.44465089e-01 -2.47913718e-01 -6.41327500e-01
    -2.05764979e-01 2.68875360e-02 -4.83519703e-01 1.00231552e+00
    -6.83255732e-01 1.46577609e+00 1.61324084e-01 1.49167979e+00
    1.32936835e-01 -1.73535585e-01 -7.38421917e-01 1.76508009e-01
    4.52797234e-01 1.13877845e+00 1.04449081e+00 2.52436280e-01
    1.47111857e+00 1.60493886e+00 1.17961812e+00 7.68867135e-01
    -1.47832751e-01 8.82052362e-01 1.19244337e+00 1.30744922e+00
    9.96816337e-01 9.64329600e-01 -2.03284800e-01 8.13794076e-01
    -2.77262032e-01 -6.52508736e-01 3.16449046e-01 9.56351697e-01
    1.29559016e+00 3.24495971e-01 -4.30368483e-01 -6.01208389e-01
    -6.78612590e-01 -2.63085574e-01 1.59455943e+00 -4.71117675e-01
    1.46837008e+00 -5.41713119e-01 2.56096840e-01 1.01199913e+00
    3.34700942e-01 1.39781857e+00 2.46897459e-01 -3.70218158e-01
    1.36570930e+00 -4.95499998e-01 8.26494515e-01 -2.65251696e-01
    1.86762631e-01 -3.29268873e-01 9.83886302e-01 7.22246110e-01
    1.13919520e+00 -4.73299801e-01 7.36951292e-01 1.21091509e+00
    1.60538578e+00 1.22049248e+00 6.96614802e-01 7.63590693e-01
    1.34111810e+00 7.26364255e-01 -1.55520558e-01 1.27209187e+00
    9.85233009e-01 3.43041003e-01 4.85682249e-01 -7.87247241e-01
    1.11309981e+00 2.75033712e-02 -2.27064967e-01 -7.56280959e-01
    3.47124040e-01 -6.03387475e-01 -2.44548202e-01 -5.11650324e-01
    1.58928800e+00 2.35743821e-01 -5.84599137e-01 -1.77261233e-02
    -4.35139179e-01 4.28458631e-01 1.71122789e+00 5.24962187e-01
    8.40232611e-01 -6.29865468e-01 4.98766541e-01 1.38094640e+00
    6.99423254e-01 -4.91798729e-01 -5.34653425e-01 -4.28563446e-01
    9.05137479e-01 -4.31990445e-01 1.65623033e+00 4.77007806e-01
    -4.73739266e-01 1.17078161e+00 1.60634041e-01 8.80966425e-01
    -2.15701878e-01 8.22315574e-01 -2.89344579e-01 1.86786354e-01
    1.41249394e+00 4.01128650e-01 2.12287962e-01 -1.07156038e-01
    -1.41961098e-01 -1.88558757e-01 1.85067797e+00 1.82148755e+00
    -6.51938200e-01 1.06383538e+00 5.52240252e-01 5.45138121e-03
    -5.88568807e-01 -1.62726045e-01 9.02654946e-01 -2.06259251e-01
    1.81947720e+00 2.36756682e-01 -5.69551945e-01 3.13717008e-01
    1.53732634e+00 -3.22842270e-01 1.82898259e+00 -5.47286987e-01
    9.78647470e-01 9.52246964e-01 1.45652378e+00 6.82840347e-01
    1.56381631e+00 -8.29821527e-01 1.70387673e+00 1.06354833e+00
    -5.91837585e-01 -7.84809232e-01 -6.37350082e-02 1.35747170e+00
    4.50555384e-01 1.46467519e+00 3.82403553e-01 1.71496260e+00
    1.49373579e+00 5.68235338e-01 4.33373988e-01 -6.55346096e-01
    1.80694973e+00 1.12176037e+00 2.94859409e-02 -1.32301390e-01
    -3.10873538e-01 -5.40197015e-01 1.42099643e+00 1.16467142e+00
    6.73405826e-01 5.57568252e-01 1.20816994e+00 9.95163620e-01
    3.16543937e-01 5.83064973e-01 1.32671297e-01 1.30539894e+00
    2.97793329e-01 -8.24878871e-01 1.64208996e+00 1.21403825e+00
    -7.37119734e-01 -9.14051533e-02 2.98811793e-01 5.61195612e-02
    -5.92192113e-01 7.07677007e-02 6.08741760e-01 1.53414655e+00
    1.69668198e-02 1.40645027e+00 1.73464251e+00 6.40345991e-01
    1.80857658e-01 6.24358714e-01 6.27791286e-01 -2.74206400e-01
    -7.76314259e-01 4.43078339e-01 2.67879605e-01 1.16719675e+00
    7.92989373e-01 2.78437257e-01 1.48192775e+00 -4.34538007e-01
    -2.44426727e-02 7.17624962e-01 1.56354010e-01 1.25390494e+00
    1.17114782e-02 3.89134705e-01 -1.27080500e-01 1.22543883e+00
    -7.40377903e-02 -6.36422038e-01 6.52447164e-01 1.25336599e+00
    1.67176282e+00 1.65834093e+00 -8.19810450e-01 -7.91450202e-01
    -5.39460242e-01 4.04948473e-01 1.07511592e+00 -4.59734440e-01
    5.87653935e-01 -2.32071519e-01 1.20448756e+00 1.07132578e+00
    -3.06611955e-01 9.63438988e-01 -2.83624113e-01 1.61339617e+00
    -4.75963354e-01 1.05002582e-01 6.44744873e-01 1.14556527e+00
    -2.78780460e-02 1.72521222e+00 9.87052143e-01 -6.15448833e-01
    9.44640636e-01 1.57380390e+00 1.58448946e+00 5.74374795e-01
    1.25118184e+00 -4.39135253e-01 8.91651988e-01 4.99769211e-01
    8.88127685e-02 2.83393621e-01 -3.27437073e-01 1.78002763e+00
    -3.23684692e-01 1.91367745e-01 6.96154535e-01 1.46336794e+00
    9.46545422e-01 1.55570912e+00 -3.02799344e-02 9.89315808e-01
    1.60480595e+00 -4.22405005e-01 5.69007635e-01 1.22632289e+00
    4.76909101e-01 1.28054118e+00 1.48169351e+00 -6.28231466e-01
    -5.02216339e-01 9.56823409e-01 3.13036680e-01 1.20694685e+00
    -7.48576224e-01 1.77985525e+00 -6.19373500e-01 5.57077646e-01
    5.29651225e-01 -2.46009469e-01 2.98722327e-01 1.13518214e+00
    2.50924170e-01 -2.21602917e-02 1.10708892e+00 -6.56962752e-01
    2.41896927e-01 9.20576930e-01 2.72049665e-01 9.46763933e-01
    9.66841936e-01 1.47972250e+00 -4.77634668e-02 -6.92433715e-01
    1.62411165e+00 1.11545873e+00 1.20025146e+00 1.03674531e+00
    1.41387630e+00 1.78785622e+00 1.65023577e+00 3.19019258e-01
    -5.35081506e-01 1.79355204e-01 -5.20716429e-01 -3.31769258e-01
    1.44844449e+00 -6.76715255e-01 8.84859562e-02 1.57477224e+00
    -6.28931522e-02 1.82081151e+00 5.59766114e-01 1.74089789e+00
    2.21944571e-01 1.70814967e+00 -6.13464475e-01 3.93480420e-01
    4.19881642e-01 -4.33953196e-01 -4.59242135e-01 3.01892221e-01
    -2.62276888e-01 1.05639279e+00 8.30437541e-01 7.21148908e-01
    1.53868151e+00 9.19179380e-01 -6.28714323e-01 2.92804301e-01
    5.24748683e-01 1.45320058e+00 7.10679412e-01 1.26743317e-01
    8.73374939e-01 -6.51523352e-01 -5.26355743e-01 1.71721983e+00
    -5.81905425e-01 1.12939191e+00 7.19617486e-01 6.85842216e-01
    1.05921447e-01 1.61048269e+00 1.58705854e+00 8.39855909e-01
    2.02597439e-01 2.78892517e-02 8.89728546e-01 1.04056692e+00
    1.81080997e-01 1.59105039e+00 4.73326087e-01 -1.00589395e-01
    1.33336580e+00 1.80599737e+00 1.29113901e+00 1.68092310e-01
    3.26118290e-01 1.68796158e+00 1.79462671e+00 -5.57593226e-01
    1.20395899e+00 7.52716005e-01 1.59372258e+00 -7.60060370e-01
    -9.57235098e-02 1.39069581e+00 -6.38730168e-01 5.74986577e-01
    1.72083342e+00 1.39493644e-01 1.97627902e-01 4.25971270e-01
    1.18267763e+00 1.61297309e+00 6.62409186e-01 -3.27621341e-01
    -4.32312965e-01 5.32189429e-01 3.66507173e-01 1.06006479e+00
    -5.00181735e-01 4.14102435e-01 6.86021090e-01 5.23187697e-01
    1.52783966e+00 1.65224135e-01 3.50599945e-01 -9.35623050e-02
    1.67848325e+00 -7.00730741e-01 1.12373328e+00 -3.43715131e-01
    9.88815963e-01 5.39112091e-01 6.14401162e-01 4.58929598e-01
    1.22079897e+00 -6.16270483e-01 -4.68736023e-01 1.45537877e+00
    -7.18501806e-01 1.74975181e+00 1.52992225e+00 -1.27273917e-01
    -4.28451359e-01 9.28719521e-01 1.14973855e+00 2.61745214e-01
    -5.88782847e-01 7.30508149e-01 -4.05671149e-01 3.97562236e-01
    1.49483883e+00 8.71625125e-01 4.67235684e-01 -3.64288121e-01
    2.62576282e-01 1.17368567e+00 -5.10105610e-01 1.65861702e+00
    8.22567821e-01 6.23174071e-01 1.19923508e+00 3.00205350e-02
    -9.72691774e-02 -2.59196579e-01 1.32313132e+00 -1.10150456e-01
    1.54604828e+00 8.93806100e-01 -6.29773676e-01 1.04637885e+00
    1.00116539e+00 1.41251111e+00 -7.59974957e-01 -3.68531108e-01
    1.49799800e+00 -5.88132858e-01 -5.09269953e-01 3.63487124e-01
    -3.98993313e-01 7.46218264e-01 8.27400982e-01 4.02834833e-01
    2.11068034e-01 1.54829705e+00 -1.45990551e-01 7.86685169e-01
    -3.47524107e-01 1.70909464e-01 -6.84663177e-01 1.43344140e+00
    6.14084244e-01 -1.21095181e-01 1.73432064e+00 -1.36690319e-01
    1.35057139e+00 2.39683270e-01 1.50238144e+00 4.20702338e-01
    1.25362444e+00 1.31482899e+00 1.01832652e+00 -4.42818314e-01
    1.66192508e+00 3.45146894e-01 1.66642427e+00 6.74449742e-01
    8.34777713e-01 1.16598785e-01 1.50121522e+00 1.07694936e+00
    3.20549488e-01 6.07732475e-01 1.68544054e-02 -4.01352108e-01
    1.59590030e+00 -6.12928569e-01 1.00654221e+00 -7.54212737e-01
    4.65900481e-01 1.17777205e+00 1.11684024e+00 1.09144020e+00
    1.55869341e+00 8.38849008e-01 1.30109048e+00 1.49460733e+00
    1.53150916e+00 5.12783527e-01 1.97621286e-01 1.26350522e+00
    -5.39722681e-01 8.98447514e-01 -6.62834525e-01 1.61903119e+00
    5.97099423e-01 4.15030360e-01 1.55652785e+00 -7.06456542e-01
    1.10307980e+00 1.22005701e+00 9.59273875e-01 -3.84704441e-01
    1.30127358e+00 -4.40349787e-01 1.68045282e+00 8.94378304e-01
    1.46746385e+00 3.50391269e-02 -6.16497278e-01 1.08822250e+00
    -2.40554392e-01 9.12646532e-01 -8.07699561e-02 1.10640776e+00
    1.26941025e+00 -1.39991820e-01 -5.42298794e-01 9.75605667e-01
    1.25734639e+00 1.60440254e+00 -6.37015820e-01 9.61535931e-01
    1.37191176e+00 1.74838591e+00 8.73062968e-01 -7.51287222e-01
    -6.56339645e-01 1.44635963e+00 1.42543316e-01 -4.59343135e-01
    1.10373783e+00 1.00583148e+00 1.27065587e+00 6.93691254e-01
    -7.43203044e-01 1.10479343e+00 -3.72199297e-01 1.69084573e+00
    1.35301590e+00 1.03630364e+00 6.89827204e-01 1.56032586e+00
    -8.96593928e-02 1.04974270e+00 -5.01954794e-01 7.09757149e-01
    -4.22240168e-01 -2.81534433e-01 8.73542547e-01 -6.90148473e-01
    6.71664596e-01 -6.09476209e-01 1.00269675e-01 7.13858187e-01
    2.08506584e-02 -3.23246121e-01 5.71517050e-01 1.28230214e+00
    -7.37183571e-01 8.76247883e-03 -2.82598168e-01 1.30004823e+00
    -6.33716583e-01 4.03523445e-02 3.48554552e-01 -3.38856459e-01
    -6.98055089e-01 -3.20250005e-01 7.21872985e-01 1.44372928e+00
    1.48614931e+00 -5.17658591e-01 5.16617775e-01 1.08896756e+00
    6.62939847e-01 4.64971900e-01 1.47163165e+00 -1.22729897e-01
    1.36611176e+00 -2.29240417e-01 -8.66505861e-01 2.74592578e-01
    1.66053724e+00 5.77175438e-01 -8.57598066e-01 4.75502670e-01
    1.53097200e+00 1.04829597e+00 4.52306628e-01 -6.13162458e-01
    1.38453412e+00 8.85916471e-01 1.40735984e+00 -4.02192622e-01
    4.43247497e-01 -3.96436810e-01 7.38655329e-02 -4.58990276e-01
    -5.81465006e-01 7.13058233e-01 -2.13498712e-01 3.62827718e-01
    -6.53608322e-01 1.69633794e+00 2.17432559e-01 -1.53901756e-01
    -5.98441601e-01 1.39587510e+00 2.66100943e-01 4.12016332e-01
    -5.08405983e-01 3.40451837e-01 -7.80591965e-02 -4.37678695e-02
    -3.67951989e-02 1.19234383e+00 1.09822512e+00 -3.28950197e-01
    1.10767221e+00 1.44546974e+00 9.17789102e-01 -5.26152968e-01
    -3.39090675e-01 -4.23220813e-01 8.34331989e-01 -5.00147521e-01
    3.49799097e-01 7.45888591e-01 5.74954629e-01 1.04329038e+00
    3.20802987e-01 1.12044394e-01 -1.70857608e-01 -5.41002214e-01
    1.56930494e+00 5.42274535e-01 -2.03818321e-01 -5.73143601e-01
    1.51903975e+00 -1.10547423e-01 6.64257944e-01 7.35711634e-01
    -4.04332459e-01 1.10247469e+00 -4.07585770e-01 -5.05968451e-01
    -2.25825727e-01 -4.83904213e-01 -4.29506302e-01 8.21953654e-01
    -8.16057622e-01 1.59446347e+00 6.67729974e-02 1.65887547e+00
    1.43469906e+00 -7.08679974e-01 -8.22426081e-02 6.53803289e-01
    1.34713602e+00 -7.18679845e-01 1.39730513e+00 1.75171256e+00
    -8.00212026e-02 6.22044802e-01 1.78800058e+00 1.91630870e-01
    -1.09584063e-01 -1.04328603e-01 7.69355774e-01 8.67402732e-01
    -5.04102707e-01 -2.68454909e-01 -6.76377177e-01 7.27137387e-01
    -7.35538423e-01 -1.54918432e-01 9.48709249e-02 7.99716115e-01
    -7.09433079e-01 1.49873948e+00 2.12710321e-01 -7.29180574e-02
    -4.71094757e-01 2.71081150e-01 9.72629666e-01 7.90688276e-01
    7.37158656e-02 5.63323736e-01 1.47230232e+00 -1.98219419e-01
    -1.92902803e-01 1.71313429e+00 1.42046142e+00 -3.47660482e-01
    2.89101005e-02 -4.44726199e-01 1.57549953e+00 -3.57557803e-01
    -4.54971433e-01 -5.52484274e-01 1.39264417e+00 6.40796840e-01
    1.13145411e+00 6.73344076e-01 9.51543331e-01 1.14639103e-01
    7.76903808e-01 1.05880916e-01 1.17585433e+00 -6.19657516e-01
    1.58085084e+00 1.42991590e+00 1.65743089e+00 6.44149005e-01
    1.30361140e+00 -5.09537280e-01 8.14532936e-01 -2.54878223e-01
    8.20171654e-01 -1.65360808e-01 4.68251109e-01 1.63946879e+00
    1.04997993e-01 3.28805089e-01 3.72475207e-01 -1.24865055e-01
    1.28410876e+00 -1.49776399e-01 8.20346832e-01 1.79532051e+00
    1.25925016e+00 -4.94713247e-01 -8.15501809e-02 7.45952129e-02
    9.43620622e-01 1.12342036e+00 1.52455103e+00 3.02061260e-01
    9.03474569e-01 1.09972429e+00 1.53004706e+00 1.78059459e-01
    5.84492087e-01 8.91257524e-01 -6.67831242e-01 -2.69592106e-01
    -4.77099478e-01 1.72011495e+00 1.73626637e+00 -6.96894944e-01
    1.44631505e+00 -2.25856364e-01 1.90585971e-01 -4.13437933e-01
    1.52351213e+00 -2.73349047e-01 -5.84944308e-01 7.32983410e-01
    8.01189840e-01 -7.25981712e-01 -3.46760184e-01 6.43426776e-01
    -3.20194542e-01 -6.87110662e-01 1.19630516e+00 2.64485538e-01
    -2.12523937e-01 -3.28208864e-01 8.39747131e-01 -2.54227519e-02
    1.47199035e+00 4.71279085e-01 -3.98596823e-01 9.11144137e-01
    -1.24116123e-01 -2.72926450e-01 2.06565857e-01 -7.34588623e-01
    1.11219823e+00 9.91735756e-01 -2.41109014e-01 1.54473591e+00
    4.14631546e-01 3.78777027e-01 3.23651135e-01 -1.08185828e-01
    1.17742896e-01 1.36430264e+00 1.29192209e+00 -7.33048260e-01
    1.39789701e+00 1.46309352e+00 -4.29308206e-01 -5.74394464e-01
    3.00654709e-01 -6.74531400e-01 1.72826695e+00 1.71104240e+00
    -6.01886630e-01 -2.98603177e-01 4.03441548e-01 -4.57862854e-01
    3.86229634e-01 -3.07750583e-01 9.79646564e-01 1.30123079e+00
    1.74970508e-01 8.55298042e-01 -3.20936769e-01 1.01831985e+00
    1.20997310e+00 2.34992146e-01 3.03206265e-01 7.61809647e-01
    -2.59492248e-01 -1.09682441e-01 -3.75091821e-01 -2.61197120e-01
    1.85333610e-01 1.29120374e+00 -7.41676331e-01 1.68192673e+00
    3.31304610e-01 1.68409705e+00 -7.24628687e-01 9.20505822e-01
    2.18841851e-01 8.73802722e-01 1.19922757e-01 7.55869746e-01
    9.19667244e-01 1.48469651e+00 4.05341029e-01 3.42007935e-01
    -4.16975021e-02 1.70315158e+00 4.09757257e-01 1.54471827e+00
    2.57143378e-01 1.45925808e+00 5.14101624e-01 1.49150515e+00
    -4.71638441e-02 -1.41179144e-01 4.11418617e-01 1.42008495e+00
    -3.38487148e-01 1.19376016e+00 2.06975341e-01 1.39395833e+00
    7.70041943e-02 1.29558015e+00 -4.96814251e-02 -7.07244992e-01
    1.56659317e+00 7.48124480e-01 -7.17383921e-01 4.33898449e-01
    -3.77930462e-01 1.02550149e+00 5.34974396e-01 -3.89803737e-01
    7.38188088e-01 7.43216276e-01 -4.86947179e-01 -5.86615503e-01
    -5.69189787e-02 1.00005877e+00 7.03198493e-01 1.73844528e+00
    -4.88943696e-01 -3.53270411e-01 -3.21411133e-01 -7.20498979e-01
    1.28405464e+00 -3.18268239e-01 8.26709449e-01 1.23238945e+00
    4.25590277e-02 1.60479712e+00 7.90767491e-01 2.57466674e-01
    4.27990079e-01 1.53510773e+00 -5.97533166e-01 7.12319553e-01
    -4.91885483e-01 1.03498721e+00 1.06765032e+00 -1.17247880e-01
    -5.93619883e-01 1.98988616e-01 1.53723645e+00 1.28094339e+00
    -5.25215626e-01 1.66699755e+00 5.03909171e-01 1.39055848e+00
    7.06026256e-01 1.52732718e+00 1.64561272e+00 8.47048998e-01
    -2.89168954e-01 1.15371776e+00 1.83542705e+00 6.34509325e-01
    1.71935201e+00 3.60489547e-01 4.78894293e-01 1.76137090e-01
    6.13157928e-01 1.26054943e-01 1.70171010e+00 -1.38331711e-01
    7.23788619e-01 1.05584764e+00 1.13090873e-02 1.78663099e+00
    1.30789065e+00 5.71433187e-01 3.38940084e-01 1.08677721e+00
    1.79011345e+00 1.86794114e+00 -5.33042371e-01 -7.50396013e-01
    -1.51531935e-01 1.43458605e-01 5.16289473e-03 -2.75018215e-02
    4.90448236e-01 9.92267013e-01 9.55664039e-01 8.92111897e-01
    1.38992846e+00 1.45886493e+00 -5.34530878e-02 1.90319955e-01
    1.62612081e-01 -8.77743959e-03 -7.45905638e-01 1.72114015e+00
    1.69365048e+00 1.46349108e+00 -8.06731343e-01 8.21393549e-01
    -3.37278038e-01 -4.63176847e-01 3.39686871e-04 -5.18633664e-01
    1.49804127e+00 1.39532709e+00 -1.87020183e-01 1.42531610e+00
    3.08988571e-01 -2.71896005e-01 -1.33810520e-01 9.58661556e-01
    -4.37242538e-01 1.75042319e+00 2.37227142e-01 -5.06228983e-01
    1.41546392e+00 -8.75167847e-02 1.17183435e+00 3.00076723e-01
    -6.75745308e-01 4.38211918e-01 1.43701947e+00 5.49582243e-02
    1.16129565e+00 -2.78949857e-01 7.85671890e-01 9.00118709e-01
    1.09889472e+00 7.62127876e-01 -3.54578495e-02 3.50646973e-01
    -3.51903975e-01 1.42719650e+00 1.62677443e+00 1.58587694e-02
    6.56828165e-01 -5.88753819e-02 1.70799589e+00 1.71659434e+00
    5.08325100e-02 3.39637518e-01 1.91560507e-01 -6.06550932e-01
    -3.49969417e-01 2.74825513e-01 -6.02887750e-01 -4.56295431e-01
    -7.26975501e-01 3.88889968e-01 -6.68942094e-01 -1.61216259e-01
    1.04416227e+00 7.32268333e-01 -2.82157958e-01 1.11074913e+00
    -5.37622809e-01 2.05944836e-01 -3.54854435e-01 -3.02296460e-01
    8.03482533e-01 6.71259105e-01 1.14207578e+00 1.18768275e-01
    -2.78560311e-01 6.28191173e-01 -5.92883587e-01 1.27264738e+00
    1.65941453e+00 4.55887735e-01 5.52957892e-01 3.69765103e-01
    -2.61362970e-01 4.29790914e-01 1.70033646e+00 1.71433556e+00
    -6.80629492e-01 1.19585872e+00 1.31840277e+00 6.24383569e-01
    -4.62661028e-01 7.36574948e-01 8.01277101e-01 1.17178726e+00
    1.26891184e+00 1.70489001e+00 5.45201659e-01 3.12944233e-01
    3.31685960e-01 -5.40956855e-02 -6.81580305e-01 4.96395767e-01
    1.74218404e+00 1.18708038e+00 1.65783501e+00 -3.02303731e-01
    -7.76871085e-01 1.72513056e+00 3.88000071e-01 1.55878723e-01
    -7.09066570e-01 -9.20412540e-02 3.81896198e-01 1.77128756e+00
    -2.70035267e-01 6.78103447e-01 -3.71569395e-02 -1.48987174e-01
    -1.04408681e-01 -3.03697675e-01 1.02989089e+00 1.73827267e+00
    8.40235829e-01 1.31641805e+00 -1.83714986e-01 5.70822954e-02
    6.27671361e-01 4.82274354e-01 -4.78942543e-01 -6.96852744e-01
    1.35582232e+00 1.00556469e+00 1.43606663e+00 -3.82260919e-01
    1.74373019e+00 4.93345976e-01 -6.08477592e-02 -4.88500595e-02
    -2.87740409e-01 1.77492833e+00 -4.79250669e-01 3.35706949e-01
    1.77552152e+00 -2.05074668e-01 1.11260509e+00 5.28771877e-02
    1.71550393e+00 1.04003108e+00 4.67248976e-01 1.26093459e+00
    1.99115574e-01 4.68300998e-01 1.52456415e+00 8.50789368e-01
    2.70413160e-01 -7.23149419e-01 6.41203463e-01 1.33246374e+00
    7.85647690e-01 -6.78450644e-01 1.61667895e+00 5.50476491e-01
    5.80518365e-01 7.00499058e-01 9.63493645e-01 -2.81413198e-01
    -1.24984980e-01 3.10503364e-01 2.79148221e-02 1.01998532e+00
    4.23177719e-01 -8.05537283e-01 1.44477892e+00 1.60095978e+00
    1.76094222e+00 6.03990555e-02 -8.14911425e-01 -2.78062642e-01
    1.78470540e+00 1.28734434e+00 2.10892498e-01 1.41208529e+00
    -6.27227306e-01 -2.03896761e-02 1.43994927e+00 -4.55056548e-01
    1.39549339e+00 1.01976705e+00 1.21120214e+00 1.21304178e+00
    -3.32427114e-01 -5.66089630e-01 5.48908234e-01 1.65568364e+00
    -1.59323096e-01 3.30395699e-01 1.69670200e+00 5.11300385e-01
    1.18261552e+00 1.08170545e+00 -2.43781805e-01 3.54454637e-01
    9.43776965e-01 1.42360044e+00 4.16283965e-01 3.59615743e-01
    1.13271928e+00 1.25552773e-01 1.85393786e+00 -1.30688310e-01
    -4.31755960e-01 1.78731382e+00 1.44212961e+00 -5.44492841e-01
    1.28333044e+00 7.23555207e-01 4.08052742e-01 -3.71287465e-02
    -1.46818221e-01 7.74121642e-01 9.63568330e-01 -5.59456289e-01
    1.01709318e+00 -4.95111346e-01 1.13569331e+00 2.28666782e-01
    2.85455346e-01 7.25040555e-01 -4.52193797e-01 1.32275343e-01
    3.40061784e-01 -6.65386975e-01 -3.48516345e-01 -1.73537731e-02
    -3.02287221e-01 2.55893707e-01 1.73017240e+00 4.61392760e-01
    9.30989027e-01 1.59127951e+00 7.93419719e-01 6.23944879e-01
    7.38214195e-01 1.73063159e+00 8.52408051e-01 1.91370273e+00
    -1.90828800e-01 1.82676530e+00 1.54024792e+00 -2.68530846e-02
    1.73085439e+00 -4.00382102e-01 -1.90678775e-01 6.22361362e-01
    7.50393689e-01 1.26105213e+00 -3.22235584e-01 1.62237525e+00
    3.89751971e-01 5.86252928e-01 -4.59191740e-01 1.73841012e+00
    1.65813243e+00 1.35640359e+00 1.58246017e+00 1.65137291e+00
    1.58422923e+00 9.04497564e-01 1.07897747e+00 1.80218124e+00
    1.37150526e+00 1.74524653e+00 1.65084183e-01 1.82193732e+00
    1.31332135e+00 9.29377198e-01 1.10061812e+00 -2.09633470e-01
    -8.82053375e-03 1.08005691e+00 1.86947465e-01 2.56057084e-01
    7.45494366e-02 7.55480528e-01 1.33574784e-01 -4.42606449e-01
    7.74653316e-01 1.61294866e+00 1.22735453e+00 -1.32085681e-01
    -6.72512829e-01 -2.52037972e-01 7.67720103e-01 3.14921737e-01
    2.40405381e-01 1.16973186e+00 3.36931348e-01 2.57342815e-01
    1.18139076e+00 7.34862626e-01 -1.60538197e-01 -1.59762621e-01
    1.85837865e-01 6.79062366e-01 -4.19299930e-01 6.97637856e-01
    1.90025783e+00 -3.30159068e-02 -6.38140440e-02 4.60726023e-02
    1.32540965e+00 3.00716281e-01 1.64526927e+00 1.49676955e+00
    1.40096283e+00 5.06691217e-01 7.83584118e-01 6.78991795e-01
    8.51127625e-01 -4.25530672e-02 1.82866955e+00 -3.05307657e-01
    9.30881321e-01 4.76109803e-01 8.13247502e-01 -6.01592898e-01
    1.19816864e+00 7.61926055e-01 1.65060270e+00 1.06201649e+00
    1.62807047e-01 1.04433823e+00 1.40321136e+00 -4.62885082e-01
    7.73912668e-01 1.91461623e-01 7.19730377e-01 -1.27344310e-01
    -5.83763361e-01 1.55117249e+00 1.73997509e+00 1.50831103e+00
    1.56190491e+00 7.73260415e-01 1.71507561e+00 2.30812728e-01
    5.21243095e-01 6.88332379e-01 1.39856124e+00 6.97388649e-02
    1.66846931e+00 1.27831149e+00 2.73748696e-01 9.41860139e-01
    2.98423469e-01 4.65040088e-01 9.56774354e-02 9.00968254e-01
    -5.14809012e-01 6.99347198e-01 1.79731059e+00 -4.40774113e-01
    4.87188935e-01 -5.87634444e-02 1.46143818e+00 -7.94818401e-02
    1.21655977e+00 8.85581017e-01 4.33621228e-01 2.42338240e-01
    2.32198596e-01 1.83967125e+00 1.24215484e-01 -2.19748527e-01
    7.79051781e-02 -3.59985292e-01 1.13703966e+00 3.52905750e-01
    5.54063618e-01 -1.32602274e-01 1.65313697e+00 1.78141522e+00
    1.49468493e+00 1.24944901e+00 -5.34682155e-01 -4.78925914e-01
    3.54234040e-01 1.58153129e+00 1.70798481e+00 7.22720444e-01
    -4.66179281e-01 3.48569810e-01 1.03830981e+00 1.67334723e+00
    7.71690607e-01 5.82562029e-01 9.80783105e-01 1.91127205e+00
    -9.63052511e-02 2.60396004e-01 1.50131083e+00 -3.38469148e-01
    3.15732896e-01 1.75899088e-01 -5.07530808e-01 1.38404918e+00
    -3.31341058e-01 1.10065067e+00 3.50788593e-01 1.48699522e-01
    1.06363106e+00 2.74385333e-01 -5.27231395e-01 1.39441109e+00
    7.68849552e-01 -2.75428653e-01 1.66065967e+00 7.84502625e-01
    9.17417347e-01 8.04740667e-01 8.32735240e-01 1.48842955e+00
    7.88509309e-01 1.35457826e+00 6.83104515e-01 7.42465258e-01
    3.13456833e-01 1.57711983e+00 1.20898604e+00 1.41521752e+00
    1.57530606e-01 1.24434650e+00 4.83493209e-01 -3.91538501e-01
    1.05434608e+00 1.93510401e+00 5.18595576e-01 -4.14493322e-01
    -2.43701637e-02 4.44107056e-02 2.12236047e-02 -3.90239805e-01
    2.85758138e-01 1.67545438e+00 -4.08245444e-01 3.03122401e-01
    3.63057017e-01 -3.87310237e-01 -4.92976665e-01 1.29471064e+00
    5.17772615e-01 1.03884566e+00 1.71551275e+00 1.81149936e+00
    1.32998693e+00 4.70763445e-01 -5.48265219e-01 -3.79746854e-01
    3.20764124e-01 9.22095776e-03 1.92658424e-01 1.50346839e+00
    -4.54643965e-01 9.38789070e-01 9.45819020e-02 -1.61781639e-01
    9.14832950e-01 -8.09366107e-02 6.23762727e-01 -3.49629313e-01
    -5.07260859e-01 1.83642972e+00 1.04859066e+00 8.15517545e-01
    1.08526361e+00 1.39059126e-01 -2.77162880e-01 -4.98273760e-01
    8.27696323e-02 1.14838314e+00 1.38256836e+00 1.43302608e+00
    1.00750136e+00 -4.73486841e-01 1.27700329e+00 -4.72850859e-01
    -2.62343377e-01 -6.31602168e-01 1.22871220e-01 7.47313499e-01
    1.53717566e+00 1.50766158e+00 1.41069412e-01 5.31927288e-01
    8.36899102e-01 6.57394290e-01 -2.76576519e-01 5.07709384e-02
    8.14800262e-01 1.13722050e+00 -1.77762985e-01 1.97738862e+00
    1.85348666e+00 -3.46091807e-01 7.07580686e-01 1.32600904e+00
    1.84643471e+00 1.99560916e+00 7.82397151e-01 3.15551341e-01
    2.25720465e-01 1.17265821e+00 3.87040526e-01 2.21740097e-01
    5.10556817e-01 7.05087960e-01 9.93022323e-02 1.12754321e+00
    6.63753450e-01 8.25743496e-01 1.55575001e+00 6.81793332e-01
    -5.03359199e-01 1.37272966e+00 8.94342482e-01 -5.27122378e-01
    7.96072304e-01 -4.52911973e-01 2.85842955e-01 1.17577863e+00
    1.30602777e+00 1.88701522e+00 1.02820325e+00 1.33108974e+00
    8.73237848e-02 3.95733595e-01 7.94466853e-01 -2.73511648e-01
    3.58254641e-01 -2.73461461e-01 1.08740008e+00 9.70379293e-01
    -2.27187932e-01 3.61856818e-01 1.28204942e+00 2.45551527e-01
    3.66847634e-01 1.94344759e+00 -3.77722800e-01 5.37402630e-01
    1.09871006e+00 1.50577879e+00 2.45441556e-01 1.82220817e+00
    1.54702246e-01 2.88553059e-01 1.88378823e+00 -1.39308304e-01
    1.31535459e+00 1.14095831e+00 6.71855688e-01 -3.01433563e-01
    -1.94696397e-01 4.77769136e-01 7.03821182e-02 6.30292475e-01
    2.03534007e+00 1.94750059e+00 -3.62337232e-01 -1.30840659e-01
    1.52701426e+00 1.78611827e+00 9.92801011e-01 5.55478096e-01
    8.68702888e-01 1.64151883e+00 7.03395963e-01 2.14769483e-01
    1.51630902e+00 -4.82952416e-01 1.58570099e+00 6.35544956e-01
    2.87367523e-01 8.14741552e-01 2.00040531e+00 3.95518839e-01
    -3.70320231e-01 4.95771706e-01 1.82171559e+00 1.96236300e+00
    8.21093023e-01 1.84189022e+00 1.78756809e+00 -1.46193177e-01
    7.15401769e-02 5.99426925e-01 1.83853042e+00 -5.46694696e-01
    1.55415511e+00 1.06644952e+00 4.17083502e-01 1.50700688e+00
    1.56821954e+00 3.11906159e-01 9.01480675e-01 2.77049541e-02
    1.24251783e+00 1.05994463e-01 1.10042405e+00 5.93485892e-01
    1.74419379e+00 1.59296679e+00 5.96314669e-02 5.07405400e-02
    1.51696146e+00 1.01112986e+00 1.78291345e+00 3.58965337e-01
    1.43533695e+00 -3.18526268e-01 1.93411636e+00 6.07254624e-01
    6.90926313e-02 4.47611153e-01 5.18348336e-01 9.21013713e-01
    1.72535515e+00 1.95800412e+00 7.12512732e-01 9.82551157e-01
    -4.25677419e-01 1.49381542e+00 1.17548919e+00 1.93666410e+00
    2.35103607e-01 8.14136147e-01 1.88953114e+00 5.06381392e-02
    8.30792308e-01 1.40854430e+00 1.46132159e+00 -4.77090120e-01
    1.04258418e+00 -2.61021346e-01 1.48534083e+00 1.87025499e+00
    1.01582479e+00 1.31148458e+00 6.96097970e-01 1.23054981e-01
    5.13015866e-01 8.20174813e-01 4.79544163e-01 6.49462819e-01
    7.41363108e-01 8.22881043e-01 3.35794806e-01 1.32438886e+00
    1.14657295e+00 3.86229128e-01 -2.10501581e-01 1.17601407e+00
    -4.40018684e-01 -5.17567575e-01 -4.41637278e-01 1.15078509e+00
    2.94768870e-01 5.72367728e-01 -2.97970772e-02 -4.71561730e-01
    1.30611408e+00 4.63018835e-01 1.76011813e+00 8.25022221e-01
    1.41534281e+00 9.48871434e-01 3.91467929e-01 3.70249569e-01
    -3.83489251e-01 1.04449403e+00 -1.84851289e-02 1.85189211e+00
    -1.88538432e-01 -1.30117029e-01 1.82692075e+00 -2.27954745e-01
    1.36887121e+00 4.22641933e-01 1.67084169e+00 2.23262906e-01
    7.23592997e-01 1.80911136e+00 -4.58179355e-01 1.00012451e-01
    1.56159973e+00 8.30703616e-01 -2.17051134e-01 1.41567159e+00
    -1.12033069e-01 -3.92372221e-01 -8.79117250e-02 1.74166143e+00
    1.85239315e-02 1.83275914e+00 4.76559281e-01 1.90998602e+00
    5.68321884e-01 -3.52701187e-01 7.13901699e-01 9.58380461e-01
    -3.18170965e-01 1.10538268e+00 1.14443994e+00 4.57035482e-01
    1.46709490e+00 1.13562906e+00 -1.66934520e-01 -1.61901981e-01
    1.14581037e+00 3.59697700e-01 1.34475338e+00 -3.04103196e-01
    1.46443164e+00 1.89454782e+00 6.90006733e-01 3.76580834e-01
    9.74115193e-01 2.87219584e-01 5.17482340e-01 -3.05856228e-01
    6.44555509e-01 1.46489775e+00 1.83897209e+00 5.59442103e-01
    -2.76114464e-01 1.08705044e+00 1.01300812e+00 1.41446173e-01
    -3.34070981e-01 9.15731311e-01 8.84096205e-01 3.13425481e-01
    1.71344876e+00 1.08444643e+00 1.25809193e+00 1.42603540e+00
    2.99099624e-01 -2.46701777e-01 1.56435442e+00 -5.09722352e-01
    3.49659383e-01 -1.17508829e-01 9.71203327e-01 1.42740917e+00
    1.05620909e+00 1.31251824e+00 2.03529596e-02 1.40529966e+00
    1.75371766e+00 1.13613617e+00 1.27764130e+00 -3.46030504e-01
    -2.55614549e-01 -3.81693095e-01 -4.25858200e-02 1.34460509e+00
    1.60671115e-01 5.21266103e-01 8.44774365e-01 6.37483716e-01
    9.10425842e-01 3.74653310e-01 -4.18252259e-01 1.84931308e-01
    6.37278080e-01 8.79222751e-01 9.88824308e-01 1.40249252e-01
    1.02126849e+00 1.87015104e+00 -3.63089353e-01 1.91457915e+00
    -2.14597076e-01 1.08844388e+00 1.57461953e+00 1.64628220e+00
    6.32559836e-01 -3.64520341e-01 6.74257040e-01 -3.83500993e-01
    2.64245778e-01 1.60688877e-01 1.21146429e+00 1.18296850e+00
    1.83112574e+00 8.86957288e-01 1.83421880e-01 1.19043970e+00
    -2.93179154e-01 1.49634290e+00 1.86653543e+00 1.05441833e+00
    4.95660305e-02 1.86202753e+00 -3.38740051e-02 2.52965093e-01
    4.46800649e-01 -1.67917728e-01 1.23668313e+00 1.51958239e+00
    1.57303119e+00 1.11047256e+00 9.22423959e-01 1.67565316e-01
    1.68493748e+00 -1.63016945e-01 7.98985839e-01 1.88638961e+00
    9.14968252e-02 9.79630709e-01 -3.49421382e-01 3.13580483e-01
    2.11692762e+00 1.28258562e+00 2.01225567e+00 1.43936443e+00
    2.94411182e-03 7.37295747e-01 1.59343517e+00 -2.19002366e-03
    -2.81705111e-01 1.69757545e-01 1.58543229e+00 6.94048405e-01
    8.84533167e-01 8.41401219e-01 8.06395769e-01 4.18394506e-02
    9.53721166e-01 8.27470303e-01 -2.85444260e-01 7.11932480e-02
    3.38794172e-01 -1.55451179e-01 3.85334849e-01 2.47607321e-01
    8.14421535e-01 2.01606798e+00 1.54092526e+00 8.57481897e-01
    6.45176113e-01 1.78994560e+00 -3.63431633e-01 8.20666254e-01
    -3.69170964e-01 2.12050080e-02 1.72318077e+00 1.50415015e+00
    7.80113041e-01 2.04940557e-01 8.59878600e-01 1.74743593e-01
    1.03248119e+00 2.26411939e-01 8.76694083e-01 9.17132556e-01
    1.74297249e+00 5.61310053e-01 9.56894219e-01 2.05456913e-02
    1.10064292e+00 -2.76871771e-01 1.15912223e+00 1.60493660e+00
    9.21845496e-01 1.43295145e+00 1.21253073e+00 1.49907589e+00
    1.17670035e+00 3.74042541e-01 -3.06555897e-01 8.54187369e-01
    6.79978490e-01 1.67767322e+00 1.21240646e-01 9.23626900e-01
    3.79135817e-01 -3.88934582e-01 8.59919190e-01 1.33258343e+00
    1.11874902e+00 1.04023278e+00 4.72364247e-01 -1.17197365e-01
    1.14671981e+00 7.02282429e-01 -1.40805900e-01 1.38258183e+00
    5.65942407e-01 2.11661428e-01 9.53087926e-01 1.02038217e+00
    1.32874048e+00 -3.80703837e-01 2.09578562e+00 8.84222865e-01
    -2.75827050e-01 5.17253280e-01 6.55696988e-01 2.65548050e-01
    -5.29468060e-04 1.63208342e+00 2.72600204e-01 -3.57946754e-02
    -1.72053576e-01 -3.12551439e-01 2.05506468e+00 2.11509442e+00
    -3.79783601e-01 1.91693258e+00 2.00437117e+00 3.28038096e-01
    1.06611097e+00 7.19608545e-01 1.47586012e+00 -3.64122748e-01
    2.03791189e+00 5.36812544e-01 -1.42369092e-01 4.69450891e-01
    -4.09516513e-01 -2.09453434e-01 1.53039545e-01 1.81643307e+00
    1.91930842e+00 4.62175936e-01 1.32376468e+00 1.33048916e+00
    1.75320530e+00 -3.03902626e-02 1.08667076e+00 1.33464545e-01
    1.10787857e+00 1.32480884e+00 1.48669100e+00 2.03532696e+00
    2.06863570e+00 9.80386436e-02 4.98654068e-01 -6.05976880e-02
    5.62258840e-01 1.88402998e+00 3.41745883e-01 -2.35578954e-01
    1.37110054e-01 1.05434906e+00 7.60882497e-01 -1.12022221e-01
    1.78668857e+00 2.04422760e+00 2.06504273e+00 1.82409215e+00
    1.35928178e+00 5.47342420e-01 3.05215478e-01 5.68201065e-01
    -2.57502109e-01 -2.27962837e-01 4.07373309e-02 4.06376511e-01
    1.32309461e+00 1.62497783e+00 -6.93894029e-02 6.40005469e-02
    -3.09119403e-01 -1.02751106e-01 6.85115635e-01 1.37052834e+00
    1.54073274e+00 -3.13102841e-01 1.17972362e+00 1.38441944e+00
    1.49531078e+00 6.44394159e-01 1.16806579e+00 -2.93095171e-01
    -2.72332609e-01 4.15145457e-01 6.22194648e-01 1.45150089e+00
    1.76891911e+00 6.89929843e-01 2.01747060e+00 -2.56608725e-01
    1.74219859e+00 1.74958980e+00 1.87396431e+00 -1.29455030e-02
    2.09125829e+00 1.27355123e+00 1.27096140e+00 1.40795380e-01
    1.41646111e+00 1.06110144e+00 -2.68623531e-01 8.40547681e-02
    8.37088823e-01 6.45706058e-03 1.49699557e+00 4.76127923e-01</data></my_img>
<your_img type_id="opencv-matrix">
  <rows>128</rows>
  <cols>256</cols>
  <dt>f</dt>
  <data>
    2.07095766e+00 2.37491950e-01 3.60048860e-01 2.08630157e+00
    1.12127161e+00 -9.47196782e-02 -1.25778317e-01 1.35555565e+00
    7.76328862e-01 -2.63190806e-01 1.26475620e+00 8.35179746e-01
    -1.25035644e-01 1.83993220e+00 1.22027850e+00 6.71740115e-01
    1.93500066e+00 7.87870586e-01 4.83021796e-01 1.75201762e+00
    1.16008389e+00 1.67101413e-01 -1.45731091e-01 1.42269850e+00
    5.39504826e-01 -1.40711993e-01 1.50748827e-02 1.24492610e+00
    1.28832173e+00 -2.43535638e-01 6.26496792e-01 1.66118348e+00
    1.83285236e+00 1.90187979e+00 1.74871767e+00 7.24937797e-01
    -3.13693434e-01 1.72796085e-01 1.88122785e+00 2.03000236e+00
    1.07228952e-02 6.19525686e-02 1.20870117e-02 1.04502574e-01
    8.64741087e-01 2.90353652e-02 1.15645909e+00 -2.26214066e-01
    2.02289963e+00 -3.67966890e-01 1.06837189e+00 -3.62781554e-01
    3.62480342e-01 -2.72770643e-01 1.33867824e+00 1.87947643e+00
    7.94734180e-01 7.30664372e-01 1.16394198e+00 1.13951671e+00
    3.84089816e-03 2.05674815e+00 1.89882421e+00 -1.05065107e-01
    4.87623781e-01 6.51270568e-01 1.22116558e-01 7.59632289e-01
    8.79285634e-01 3.96652460e-01 1.61238253e+00 1.85301995e+00
    9.49592829e-01 2.06108475e+00 -1.09873280e-01 1.09407747e+00
    -1.41208842e-01 -8.90535414e-02 1.94515038e+00 8.45892131e-01
    1.27037108e+00 1.25976706e+00 2.04265499e+00 1.02875710e+00
    1.43804240e+00 7.31183171e-01 8.67971003e-01 -9.49245393e-02
    8.81556988e-01 1.66177630e+00 1.62046278e+00 1.00154519e+00
    4.39200044e-01 1.95441651e+00 3.48442376e-01 1.31520021e+00
    1.26529026e+00 1.19618452e+00 2.02778769e+00 1.93442869e+00
    6.93295538e-01 -1.23690389e-01 4.22840863e-02 1.28482592e+00
    1.62262130e+00 5.89623153e-01 1.12935053e-02 7.92076230e-01
    1.00601482e+00 1.51984572e+00 1.25512183e+00 1.82055819e+00
    1.84678578e+00 -5.86960390e-02 7.44344234e-01 5.82203507e-01
    1.67262018e+00 1.49510896e+00 8.40737522e-01 1.51267648e+00
    5.41094899e-01 2.87055880e-01 8.78217161e-01 1.62385309e+00
    -1.00643888e-01 -2.36005709e-01 1.84620965e+00 -1.11050986e-01
    1.87006843e+00 1.43103734e-01 -1.46621577e-02 1.68678713e+00
    9.26794887e-01 1.45781350e+00 -2.60888338e-01 -3.06395646e-02
    2.08346725e+00 1.04325283e+00 -8.76862258e-02 -3.18864077e-01
    1.85563052e+00 8.89295340e-01 1.39625740e+00 1.77452099e+00
    2.00885344e+00 1.02705216e+00 1.69115210e+00 1.17289233e+00
    1.13671517e+00 1.89523447e+00 7.43870854e-01 1.82851112e+00
    4.45853770e-01 -3.39875638e-01 3.89175534e-01 3.06885242e-02
    1.69901085e+00 3.20122540e-01 -3.22651625e-01 1.00295866e+00
    1.85582268e+00 7.90628076e-01 -3.43757153e-01 2.83938140e-01
    3.36723685e-01 5.19263931e-03 1.54934847e+00 7.24630892e-01
    1.13087046e+00 -1.72927380e-01 1.94717693e+00 7.78488457e-01
    1.49692798e+00 1.49870610e+00 3.04635108e-01 1.42309535e+00
    6.98018074e-01 4.26295698e-01 4.69696432e-01 1.09777808e+00
    -2.74103463e-01 1.84299254e+00 1.25532746e+00 1.56607234e+00
    1.34810340e+00 -3.92176688e-01 1.00662398e+00 5.07954717e-01
    3.13403577e-01 1.09046161e+00 1.64114392e+00 5.52846789e-01
    8.56989741e-01 1.12116015e+00 7.32225239e-01 4.71926093e-01
    1.20935500e+00 1.84769964e+00 3.30841541e-01 1.31742346e+00
    4.22090352e-01 1.73000717e+00 1.62669086e+00 9.69076455e-02
    9.49136078e-01 1.29430747e+00 1.78123939e+00 8.68631661e-01
    3.31465691e-01 -2.86461145e-01 9.68135595e-01 2.85535514e-01
    1.97001255e+00 1.08495332e-01 1.25358820e+00 9.60560739e-01
    1.89239609e+00 1.68462372e+00 1.23477280e+00 8.43999147e-01
    1.54178107e+00 1.56999135e+00 1.08343661e+00 -2.19363905e-02
    4.09930721e-02 1.55686200e+00 4.61091101e-01 4.81258154e-01
    8.64566624e-01 -2.27427587e-01 1.45584714e+00 2.05150485e+00
    4.22757894e-01 -3.04634571e-02 2.50709146e-01 1.17647636e+00
    1.43780684e+00 2.01618433e+00 1.45271027e+00 1.81866670e+00
    1.66885602e+00 1.48592007e+00 -2.90035039e-01 1.99813569e+00
    5.60104966e-01 -4.16623414e-01 1.72804034e+00 8.00901353e-01
    1.56157923e+00 1.33809817e+00 1.63531208e+00 1.94482267e+00
    3.49693716e-01 3.70753929e-02 2.03433824e+00 1.24964464e+00
    7.25756824e-01 1.02724886e+00 1.50084817e+00 1.46080863e+00
    1.58212706e-01 -1.36502162e-01 2.71156967e-01 7.97909796e-01
    4.55062270e-01 6.85846865e-01 -5.22425771e-02 8.92169356e-01
    9.44203675e-01 1.75422478e+00 1.79954255e+00 8.07339370e-01
    4.36303049e-01 7.52198637e-01 1.35115671e+00 -1.67254597e-01
    3.29531789e-01 -3.55720543e-03 -1.65191188e-01 -3.92022520e-01
    8.45480025e-01 -3.04220021e-01 7.71435559e-01 2.02685142e+00
    -3.89686435e-01 1.74324930e+00 7.80686498e-01 4.26148981e-01
    -5.20754337e-01 7.24913478e-01 1.82491314e+00 4.49481249e-01
    -4.85454768e-01 1.28730536e-01 1.11214280e+00 1.40909457e+00
    1.94493568e+00 1.12829781e+00 -4.20873910e-01 -4.52999830e-01
    -4.23577756e-01 1.61344600e+00 9.52712297e-01 1.76212177e-01
    2.64835238e-01 7.66259134e-01 6.91749573e-01 6.42535567e-01
    1.42640305e+00 1.84081411e+00 1.59084952e+00 -6.28641844e-02
    7.00818837e-01 -4.67556775e-01 -5.29624641e-01 5.16684353e-01
    -5.27091801e-01 7.63391972e-01 1.95231557e-01 7.16870248e-01
    1.18579745e+00 1.66751456e+00 -2.31233194e-01 1.79006088e+00
    4.39567715e-02 1.29357195e+00 1.30947351e+00 1.17978871e+00
    -5.96128225e-01 2.96049416e-01 1.60209632e+00 1.78702807e+00
    -5.41712880e-01 1.81219530e+00 1.26485419e+00 1.86743844e+00
    -4.60031271e-01 1.84524012e+00 1.35097817e-01 1.21253595e-01
    2.58437276e-01 1.51150048e+00 1.10256851e+00 -2.60166824e-01
    7.87283659e-01 9.99486148e-01 9.56701219e-01 6.30409420e-02
    8.39474425e-02 -5.64937532e-01 1.65459919e+00 -1.86958238e-01
    2.33427733e-01 1.67372894e+00 1.12160516e+00 1.76742709e+00
    1.50710058e+00 6.15052693e-02 1.75361598e+00 3.62370402e-01
    2.03027532e-01 1.15388334e+00 1.48189378e+00 1.11666203e+00
    1.86410117e+00 7.79640496e-01 1.12167203e+00 1.62521982e+00
    -9.99438111e-04 -2.18064085e-01 2.76908219e-01 8.84367526e-01
    -4.43697646e-02 1.44342315e+00 1.25650012e+00 8.57364058e-01
    1.11821902e+00 2.38795310e-01 1.35018182e+00 5.16358316e-01
    7.89972305e-01 1.97691107e+00 2.96798199e-01 -2.47758597e-01
    9.76123333e-01 1.27055609e+00 2.77324945e-01 1.20475821e-01
    1.05464786e-01 1.45499349e+00 1.17620850e+00 5.87603636e-02
    -2.92977720e-01 6.53980076e-01 4.78079528e-01 4.00589198e-01
    7.31381893e-01 1.76554358e+00 1.31817475e-01 1.31973636e+00
    4.73008424e-01 1.75973475e+00 1.16882157e+00 1.09847510e+00
    1.61836898e+00 -4.90053356e-01 1.42615005e-01 4.77861196e-01
    1.36382699e+00 1.81487107e+00 1.52535701e+00 1.30337977e+00
    -4.80128258e-01 1.93929899e+00 1.96354866e+00 7.12878883e-01
    5.44977607e-03 2.48254478e-01 5.07859528e-01 5.10600507e-01
    4.12484139e-01 3.74356568e-01 -7.40275308e-02 1.46159697e+00
    1.76886237e+00 1.09803200e+00 2.49820910e-02 1.21247685e+00
    1.22146559e+00 1.22973680e+00 1.56120956e+00 1.85274994e+00
    1.77160084e+00 6.36079550e-01 -1.73547909e-01 1.33870840e+00
    9.64720607e-01 1.29709184e+00 5.06394625e-01 1.10261524e+00
    9.13907170e-01 1.64033782e+00 1.09101616e-01 -2.09480375e-01
    1.68666184e+00 3.44752163e-01 1.35605621e+00 1.00068557e+00
    6.65073037e-01 3.77654135e-01 3.40978414e-01 6.55493975e-01
    6.53206706e-01 -4.55793887e-01 9.15618911e-02 6.23876035e-01
    4.24911052e-01 -7.51930997e-02 6.22435033e-01 1.87683511e+00
    3.27848867e-02 1.64464331e+00 5.27439833e-01 1.82871819e+00
    6.31898224e-01 1.56369591e+00 1.82885540e+00 -8.96582305e-02
    1.77608466e+00 1.35593936e-01 1.92669892e+00 9.40718591e-01
    5.86803555e-01 8.67897987e-01 5.45558691e-01 9.19502199e-01
    1.86165214e+00 8.80528986e-01 1.32857382e+00 2.63710022e-01
    1.90291119e+00 1.75606120e+00 2.95514047e-01 -4.82028536e-02
    1.62415719e+00 -3.06951225e-01 -7.53128976e-02 -3.89090031e-01
    4.78256540e-03 1.88336229e+00 5.85274920e-02 2.20764261e-02
    1.51972151e+00 1.91843724e+00 -3.07427347e-01 1.55255616e+00
    2.77760029e-02 1.58894205e+00 4.11475539e-01 1.52512205e+00
    -1.83582872e-01 -4.53936867e-02 1.31204855e+00 1.26563251e+00
    1.04175878e+00 -3.33945990e-01 -5.44537187e-01 1.17864585e+00
    -3.40640894e-03 -2.64137805e-01 2.09377098e+00 1.93230152e+00
    1.51973200e+00 1.21339190e+00 1.26297271e+00 -2.03192562e-01
    3.23596597e-01 -2.87443221e-01 -1.32528231e-01 -4.47310120e-01
    1.23165047e+00 1.12545156e+00 1.16759574e+00 -2.02359378e-01
    -5.57968318e-01 -6.08301640e-01 -4.09452409e-01 1.06876202e-01
    3.65406841e-01 1.68887138e-01 1.81477129e+00 1.68808234e+00
    1.54453051e+00 5.93274366e-03 1.47235847e+00 -6.74041919e-03
    9.15792465e-01 5.26985049e-01 9.33115125e-01 6.07131243e-01
    8.62972289e-02 -8.16178024e-02 3.84210229e-01 6.09711647e-01
    6.02700949e-01 1.23403072e+00 1.77521598e+00 1.39344811e+00
    7.60229945e-01 1.17640090e+00 1.15547323e+00 1.22467732e+00
    -3.13621968e-01 6.45097569e-02 1.36273432e+00 9.16579127e-01
    1.19871712e+00 9.77901593e-02 9.53294814e-01 1.87946510e+00
    2.00509682e-01 3.36431414e-01 1.02730647e-01 9.88620818e-01
    2.13796142e-02 4.33255613e-01 1.70378411e+00 1.47051096e+00
    1.06354749e+00 1.16626024e+00 2.56465018e-01 1.47920954e+00
    4.85811949e-01 7.81870008e-01 6.62034471e-03 5.26602805e-01
    7.04789758e-01 1.94947660e-01 4.46584165e-01 1.53037047e+00
    1.36098170e+00 1.41108429e+00 -7.20402956e-01 8.79058957e-01
    1.29120374e+00 3.22602361e-01 -3.07870269e-01 1.72856998e+00
    -3.72305542e-01 -5.96590996e-01 1.25035918e+00 1.05856694e-02
    1.63556147e+00 3.79385263e-01 3.11912417e-01 1.44434261e+00
    1.74981833e+00 5.88772953e-01 1.77016079e+00 9.30880547e-01
    1.57371902e+00 3.52943778e-01 1.36213970e+00 8.36463451e-01
    9.29311693e-01 1.24485981e+00 6.23988867e-01 1.76844037e+00
    1.56542912e-01 4.00535792e-01 6.39536023e-01 1.77526331e+00
    1.41296983e+00 -6.14598870e-01 1.58382332e+00 1.85405314e-01
    9.00342584e-01 1.34090349e-01 1.47325599e+00 1.29750717e+00
    4.64240879e-01 7.67793553e-03 -6.38059318e-01 4.61031049e-01
    1.33270621e+00 7.92397976e-01 1.59931469e+00 9.14300084e-02
    2.53371388e-01 1.00828207e+00 1.83928502e+00 1.57094896e+00
    -2.77572870e-01 3.13855022e-01 9.55108166e-01 4.60990489e-01
    -3.09013277e-01 6.90353632e-01 -6.04762316e-01 7.36144543e-01
    1.38840663e+00 -5.42508185e-01 -4.31710929e-01 -4.46322352e-01
    1.43032146e+00 4.69687402e-01 2.07663864e-01 3.11414868e-01
    4.89328682e-01 -2.01700896e-01 1.51781058e+00 1.76363087e+00
    8.13040376e-01 -3.55874509e-01 1.27816832e+00 -2.42840964e-02
    8.00464749e-01 1.79120708e+00 -5.35153806e-01 4.68339235e-01
    -4.29383844e-01 -9.86432359e-02 6.59326315e-01 -3.36054534e-01
    8.91566277e-01 1.46397841e+00 8.31532717e-01 -6.66712165e-01
    1.42471695e+00 1.22419441e+00 -3.82769465e-01 1.76530313e+00
    -1.73066139e-01 -5.28029561e-01 7.28769973e-03 1.46663928e+00
    6.32460892e-01 6.57112420e-01 8.84116054e-01 5.17694712e-01
    -6.72040433e-02 1.43615007e+00 1.53910863e+00 1.42276800e+00
    -1.13386735e-01 1.48336923e+00 1.45738137e+00 -4.92622286e-01
    1.09839165e+00 1.05857134e+00 5.02306879e-01 2.54527509e-01
    7.97318220e-01 2.12323263e-01 4.86359388e-01 1.09777367e+00
    1.50354314e+00 7.89081335e-01 1.10239446e+00 1.84379768e+00
    1.81787980e+00 1.30639744e+00 1.26411244e-01 1.79814589e+00
    5.00448108e-01 -2.47375872e-02 1.42311609e+00 1.05164015e+00
    -1.66698322e-01 1.21505690e+00 1.43199551e+00 -6.24019504e-01
    1.00225508e+00 1.20582414e+00 1.35750878e+00 -4.22616564e-02
    8.01656425e-01 -4.93564367e-01 1.59174454e+00 8.19608867e-02
    4.22455996e-01 -1.67306766e-01 1.05971122e+00 -6.50733486e-02
    -4.04881388e-02 -1.84173673e-01 -2.36010194e-01 1.45228636e+00
    9.20989990e-01 1.52512670e+00 -7.06185639e-01 1.25908804e+00
    3.44729364e-01 1.12253308e+00 9.40549910e-01 8.19533408e-01
    4.59494323e-01 6.74557626e-01 1.31055248e+00 9.59167898e-01
    6.52441382e-02 -4.70312864e-01 8.38396370e-01 1.86494899e+00
    9.45613623e-01 3.04689169e-01 -2.80058414e-01 1.50301921e+00
    5.15037775e-01 -4.17160332e-01 1.33178040e-01 1.61268145e-01
    5.55754900e-01 1.02325928e+00 1.16660106e+00 -3.53012919e-01
    2.45745003e-01 3.95982891e-01 1.74551928e+00 -4.91122156e-01
    -2.85245001e-01 3.39875400e-01 1.20291948e+00 1.59561539e+00
    5.04996061e-01 -5.22455990e-01 -2.96505261e-03 7.12216139e-01
    1.45596957e+00 1.93951261e+00 1.34133363e+00 1.46864295e+00
    -3.11826944e-01 1.15436852e+00 4.98295814e-01 1.27915728e+00
    -4.80421335e-02 1.43926692e+00 1.18158674e+00 -9.66911204e-03
    1.59066305e-01 1.00669634e+00 1.32688463e+00 7.31542051e-01
    1.39121175e+00 8.57477486e-01 1.49191368e+00 9.72751021e-01
    1.53765857e-01 -6.77451134e-01 1.51738179e+00 1.50843453e+00
    -7.94350728e-02 1.63250446e+00 2.39374235e-01 7.74733663e-01
    -4.77720261e-01 -7.25979686e-01 1.56920779e+00 -4.85682845e-01
    -4.41453420e-03 3.24960619e-01 1.08512175e+00 1.36024201e+00
    2.57917885e-02 -3.88945132e-01 5.18818736e-01 1.65665257e+00
    3.76570791e-01 1.64707613e+00 2.63415724e-01 -4.65754062e-01
    8.32283258e-01 1.61271143e+00 1.48458540e+00 -1.66546524e-01
    7.98530936e-01 8.91073167e-01 -4.91110414e-01 1.49606764e+00
    1.95938349e-01 7.48772681e-01 3.24327826e-01 -2.44622216e-01
    1.34476936e+00 1.62564933e+00 1.34722126e+00 -5.24759851e-02
    -8.29348624e-01 5.49354136e-01 2.52252549e-01 1.43865633e+00
    -8.71998787e-01 7.28650808e-01 9.39226151e-01 1.11990571e+00
    9.41344559e-01 1.22650254e+00 1.64527249e+00 1.44239676e+00
    -3.05952996e-01 8.23066950e-01 4.95494194e-02 3.28011394e-01
    6.29708529e-01 4.84215051e-01 -4.35102969e-01 4.52104121e-01
    9.14481044e-01 -1.09326094e-01 1.54001200e+00 -3.87015879e-01
    2.57295966e-01 -5.20904839e-01 8.99793029e-01 -4.52334344e-01
    -1.99492842e-01 5.10813534e-01 2.29002655e-01 1.17074811e+00
    1.15902364e+00 1.60502970e+00 1.61066270e+00 2.65992433e-01
    -5.77282131e-01 1.54396021e+00 -1.92986429e-01 1.39993870e+00
    1.36826110e+00 -7.52529442e-01 1.00762653e+00 5.90532184e-01
    1.63100970e+00 -5.15931964e-01 1.25868773e+00 -4.21695523e-02
    -4.60592449e-01 -7.89485872e-01 4.33466673e-01 1.29669821e+00
    -2.43556038e-01 6.70108497e-01 1.03629661e+00 -3.23711932e-02
    -5.63298762e-01 1.39892685e+00 4.14816231e-01 1.53608549e+00
    8.72329831e-01 7.96068132e-01 1.62828100e+00 -7.09248006e-01
    1.62533307e+00 1.44689143e+00 6.73673451e-01 -8.88722688e-02
    1.42126095e+00 1.41523886e+00 -4.69118685e-01 1.74204218e+00
    1.41499412e+00 4.76403207e-01 1.42654634e+00 -1.38690293e-01
    9.35763493e-02 -6.00792170e-01 8.58099520e-01 5.61016560e-01
    4.69696999e-01 2.89608479e-01 -4.33393240e-01 1.61027014e+00
    4.90256548e-01 1.38846731e+00 -3.37836146e-01 4.04558152e-01
    6.37276173e-01 -4.17973578e-01 -2.51434445e-01 1.55043852e+00
    9.07635868e-01 7.29119964e-03 7.46422648e-01 9.81793225e-01
    1.99807927e-01 1.34377933e+00 -6.17844105e-01 1.79929662e+00
    -2.33445913e-01 1.39300275e+00 -3.53539497e-01 3.58078256e-02
    1.04572463e+00 7.85142422e-01 9.07175183e-01 7.58604944e-01
    8.28419626e-01 1.04602540e+00 7.90749788e-01 -6.31259084e-01
    3.84836465e-01 1.58130968e+00 1.23747921e+00 6.47524223e-02
    4.87719268e-01 8.39348197e-01 5.75560451e-01 1.35950637e+00
    5.03327429e-01 -5.19058108e-01 1.24673080e+00 -7.04116344e-01
    1.02210867e+00 -2.41774485e-01 -3.93026203e-01 3.43705446e-01
    9.68738459e-03 2.68545568e-01 9.98063907e-02 2.56882489e-01
    -4.36171412e-01 1.38775253e+00 -6.81298077e-01 1.14479363e+00
    1.36685717e+00 1.17318261e+00 9.56859708e-01 3.81156027e-01
    1.65131283e+00 6.20607197e-01 9.34797525e-01 4.13514495e-01
    3.63496333e-01 -6.47867501e-01 3.69593620e-01 9.81858075e-01
    1.44509637e+00 1.28706181e+00 8.97662699e-01 4.49043691e-01
    1.49410427e+00 2.65520126e-01 6.82440937e-01 -1.30951020e-03
    2.00273275e-01 4.95331556e-01 -2.73833275e-01 1.10862219e+00
    -5.57606041e-01 6.97775304e-01 6.16804004e-01 1.18670082e+00
    4.29309160e-02 -5.24205029e-01 -5.69998085e-01 -6.70387387e-01
    6.02957785e-01 4.04676646e-01 8.57023954e-01 8.95136237e-01
    1.08137560e+00 1.01395798e+00 1.02324128e+00 3.82030427e-01
    1.73294759e+00 -5.42466640e-01 -3.07983488e-01 4.80946690e-01
    3.16439457e-02 -4.41417217e-01 3.30466419e-01 3.80497515e-01
    6.25508189e-01 2.31798783e-01 -1.26260117e-01 1.58104026e+00
    7.17826903e-01 -2.54176080e-01 1.40368319e+00 2.74550825e-01
    9.28488433e-01 1.39071536e+00 1.23081720e+00 1.81872439e+00
    1.67343840e-01 -2.75520682e-01 -5.50843656e-01 7.03617930e-02
    1.49471581e+00 1.72559202e-01 1.31625640e+00 4.41054672e-01
    1.01000667e+00 5.89644790e-01 -7.38736629e-01 3.07831883e-01
    1.62646866e+00 -7.21612632e-01 4.04531896e-01 7.66602516e-01
    -6.77160770e-02 3.62778008e-01 8.06318104e-01 1.39118636e+00
    -7.76407063e-01 -7.74161220e-01 3.88241976e-01 3.92455190e-01
    9.31110978e-01 1.03917193e+00 1.06276548e+00 1.29902565e+00
    -9.81753767e-02 1.74135160e+00 1.82473958e-01 1.30223370e+00
    -7.95481682e-01 -2.26974562e-01 -3.97874475e-01 -5.17451108e-01
    9.43482637e-01 -5.52022196e-02 -7.21900105e-01 8.26346397e-01
    1.11913688e-01 -2.97857642e-01 4.60427284e-01 1.00938845e+00
    2.76433706e-01 6.43917561e-01 9.63223219e-01 -5.44302106e-01
    8.07017088e-01 8.57101560e-01 6.48254097e-01 9.62844789e-01
    -1.59532472e-01 1.30875731e+00 -6.64193094e-01 1.70720041e-01
    1.57722199e+00 1.47283196e+00 -2.88679719e-01 -6.82418168e-01
    1.57305345e-01 2.78528333e-01 1.19258523e+00 8.55488122e-01
    1.54012394e+00 3.23707789e-01 -7.35609949e-01 1.26936758e+00
    4.84797359e-01 -4.89401758e-01 -2.13609070e-01 1.69205999e+00
    -2.40056217e-01 7.23156631e-01 -4.33482558e-01 1.63693786e+00
    -4.18630749e-01 9.77420807e-01 1.44697154e+00 -2.52115399e-01
    -6.42612159e-01 1.59963095e+00 6.25818133e-01 -5.45448251e-02
    -3.41478676e-01 -2.35806748e-01 3.63395251e-02 4.92388457e-01
    -4.53210294e-01 6.17045403e-01 6.39078200e-01 9.34397519e-01
    -3.54579985e-01 1.52907813e+00 4.06102031e-01 1.28338063e+00
    -5.10948062e-01 -3.00476491e-01 2.58993179e-01 -3.44455808e-01
    1.36798608e+00 -3.77324611e-01 -2.63230085e-01 -1.90563083e-01
    -6.93460166e-01 4.16151017e-01 1.26046002e+00 1.61585677e+00
    5.86441159e-01 -7.29704380e-01 1.16850638e+00 4.69626725e-01
    1.63245690e+00 7.22925603e-01 8.24443400e-01 1.07953466e-01
    7.87951827e-01 8.88524830e-01 1.88014194e-01 7.86014080e-01
    2.80913800e-01 -3.04848123e-02 -2.53224224e-01 6.54474258e-01
    3.42740089e-01 9.82998431e-01 6.09517753e-01 -4.74395454e-01
    1.53871155e+00 -6.54118180e-01 2.52166271e-01 3.90001327e-01
    6.16578877e-01 1.35151350e+00 1.77216303e+00 1.41679204e+00
    1.10366321e+00 -3.25406939e-01 2.97163457e-01 4.42498684e-01
    1.51825890e-01 -1.94727227e-01 -9.04199202e-03 6.21357203e-01
    9.75689888e-01 1.26977623e-01 9.04291928e-01 1.24240768e+00
    9.71251190e-01 -6.49554968e-01 8.74171913e-01 1.26915908e+00
    4.76611584e-01 7.00088084e-01 -1.32047653e-01 -1.41871721e-01
    1.24071908e+00 1.64854360e+00 -6.93079293e-01 1.78062785e+00
    -4.98042315e-01 1.61615264e+00 2.70002961e-01 6.86311871e-02
    1.77506232e+00 1.52701223e+00 -2.88209826e-01 1.52250338e+00
    8.00218880e-01 7.93243647e-01 1.55195200e+00 1.37011051e+00
    -5.17672479e-01 1.17949438e+00 -5.93207069e-02 -4.61148888e-01
    -5.02070367e-01 -4.66968715e-01 6.09051228e-01 -1.81542829e-01
    3.08063000e-01 1.68614411e+00 1.55836451e+00 -2.94629671e-02
    1.42350900e+00 -3.45339477e-01 -6.08915575e-02 8.39592040e-01
    -1.71833545e-01 -7.14008987e-01 -5.67609012e-01 1.33839118e+00
    1.13406718e+00 2.93731034e-01 4.75050472e-02 1.65072727e+00
    1.00826430e+00 -2.20435932e-01 7.63770163e-01 -7.29891777e-01
    1.06051946e+00 1.58491886e+00 1.04570365e+00 2.80080855e-01
    1.84382647e-01 1.68061519e+00 -3.21268976e-01 2.14668006e-01
    -5.89936495e-01 6.20254993e-01 3.31331998e-01 1.38436079e+00
    1.22188747e+00 2.20184520e-01 6.26584351e-01 -7.40303993e-01
    7.97627032e-01 -7.22282708e-01 5.05362928e-01 1.24815190e+00
    -3.64527047e-01 -4.14473265e-01 1.24364161e+00 3.96951139e-01
    1.47296846e+00 1.70121634e+00 4.58964705e-01 1.07826400e+00
    1.16721678e+00 1.06599724e+00 1.32476461e+00 -7.66825318e-01
    -5.53220212e-01 9.25290823e-01 6.20746672e-01 5.04471064e-01
    7.30564773e-01 -5.73285341e-01 -3.96940811e-03 1.49351025e+00
    -3.57818827e-02 6.22611284e-01 6.27262592e-01 4.51603115e-01
    4.36877787e-01 2.63686121e-01 9.82869625e-01 3.92059349e-02
    -3.06733072e-01 -3.71850580e-01 3.83251041e-01 1.17527878e+00
    1.00206983e+00 7.08787382e-01 6.18203282e-01 5.83307266e-01
    1.98431420e+00 -5.80146238e-02 2.90473938e-01 1.73026526e+00
    6.67945147e-01 2.13220417e-01 -4.85007197e-01 3.07812810e-01
    4.00905401e-01 -6.07248068e-01 1.69927418e+00 6.59978092e-01
    7.68088877e-01 5.47714829e-01 -4.86613452e-01 1.30210972e+00
    1.25691450e+00 -1.69567261e-02 7.35843956e-01 3.68676037e-01
    1.14642203e+00 8.28006387e-01 -6.78299069e-01 -3.83495599e-01
    8.35501254e-01 1.20578058e-01 1.05599582e+00 1.24236202e+00
    -7.98407435e-01 1.13027000e+00 1.40958214e+00 1.27288663e+00
    2.85655737e-01 1.41189432e+00 1.35551882e+00 1.17815304e+00
    1.08986604e+00 4.19218332e-01 1.51371706e+00 1.30602729e+00
    -4.04407412e-01 -3.94153804e-01 6.17007136e-01 -2.24366076e-02
    8.23759139e-01 -3.44290525e-01 1.47529945e-01 1.50795102e+00
    8.67122173e-01 -2.69177675e-01 -7.11465776e-01 3.25935364e-01
    4.17594641e-01 -1.58831552e-01 1.26329601e+00 8.24384570e-01
    5.91679037e-01 1.65888119e+00 1.65571666e+00 1.12227690e+00
    1.75250754e-01 1.47938347e+00 1.11452878e+00 9.54244614e-01
    1.21665704e+00 1.21612990e+00 1.45939934e+00 -7.61622563e-02
    -4.21140701e-01 -4.02802646e-01 -4.39024627e-01 -4.31879312e-01
    1.22829354e+00 -8.33845079e-01 1.63328123e+00 1.60323048e+00
    5.69054842e-01 -1.51098873e-02 2.13356651e-02 7.96699405e-01
    1.54979217e+00 8.12440872e-01 1.17105818e+00 -6.76537491e-03
    1.59139901e-01 3.56717497e-01 1.38384831e+00 2.20657513e-01
    1.53289902e+00 5.53803802e-01 1.30371022e+00 7.21829116e-01
    7.87446380e-01 -4.06016588e-01 -1.99170440e-01 -7.71889031e-01
    -5.12400925e-01 3.53537649e-01 1.44794416e+00 -2.61824757e-01
    -1.97479784e-01 1.28304636e+00 2.23239347e-01 3.01337212e-01
    -2.49389187e-01 -6.84146404e-01 2.96075642e-01 9.00382400e-01
    -6.46820486e-01 5.18206120e-01 3.74535948e-01 1.20756149e+00
    6.10711753e-01 1.21412098e+00 -5.67536771e-01 1.83976546e-01
    -1.42255388e-02 -3.90343726e-01 -3.13419849e-01 2.87970513e-01
    1.08883560e+00 -6.95793629e-01 9.02699232e-01 1.29564130e+00
    3.83191347e-01 9.93850470e-01 -6.88479662e-01 7.95676708e-01
    -4.04966921e-01 1.69647944e+00 1.74979997e+00 -6.28420293e-01
    -3.38716596e-01 -2.01562017e-01 1.76582050e+00 1.25119901e+00
    3.93016934e-01 2.44952813e-01 6.65764958e-02 5.57589710e-01
    -4.87129956e-01 -4.13299978e-01 -3.64595771e-01 -1.57374188e-01
    -2.20861211e-01 6.33371413e-01 6.10076070e-01 1.67269349e+00
    -2.82570720e-01 4.79773849e-01 7.42686987e-01 2.41421729e-01
    1.65911615e+00 -3.34001929e-01 1.71588615e-01 8.61921370e-01
    1.14237058e+00 1.41695404e+00 -1.22521771e-02 -6.07466877e-01
    3.33233953e-01 -3.61985415e-01 1.09926212e+00 1.44344842e+00
    -2.75772423e-01 -5.11474967e-01 6.41665697e-01 -7.03703165e-01
    -6.38015151e-01 1.49354672e+00 -1.96908087e-01 2.15965346e-01
    6.18756525e-02 6.95071697e-01 3.75681370e-01 9.95238572e-02
    1.73159373e+00 -3.92779529e-01 5.09570837e-01 8.83276835e-02
    1.23312421e-01 1.19893742e+00 -1.94304124e-01 -3.32864642e-01
    -3.48281562e-01 -6.82378709e-02 6.83798134e-01 9.63312864e-01
    7.52642453e-02 1.48241317e+00 5.25453985e-01 -3.86448324e-01
    1.28669798e+00 1.57534981e+00 8.36859107e-01 -1.37621075e-01
    -4.52920169e-01 2.52406269e-01 6.78994179e-01 -3.55906636e-02
    2.90808111e-01 9.12252784e-01 -3.19876850e-01 7.98318207e-01
    2.65150785e-01 8.30258071e-01 -1.11875080e-01 -1.64801776e-01
    8.77544820e-01 1.35952508e+00 -1.32299423e-01 7.91921079e-01
    -6.80004478e-01 -5.00819266e-01 -2.26399407e-01 4.84873950e-01
    1.16135764e+00 -1.24908641e-01 1.64711118e+00 4.05174404e-01
    3.09145451e-01 9.01561677e-01 1.19127560e+00 -5.03807247e-01
    5.26119828e-01 1.20932341e+00 9.15582657e-01 1.66827198e-02
    -1.19272679e-01 1.20583320e+00 -6.71961010e-01 1.43562055e+00
    8.90764594e-01 1.01560628e+00 -1.35758564e-01 1.47173488e+00
    2.16584802e-01 -5.15568852e-01 8.11196864e-01 -5.45697749e-01
    1.10512689e-01 8.24142933e-01 7.16577590e-01 1.73659861e+00
    -5.50637692e-02 5.99131405e-01 -4.94165570e-01 1.71869159e+00
    6.47528231e-01 1.62819755e+00 1.27935791e+00 1.62197900e+00
    -8.86867717e-02 -1.48212299e-01 4.88711834e-01 6.97687566e-01
    1.41540980e+00 1.66750443e+00 -7.76827261e-02 -5.97074687e-01
    -7.44337797e-01 5.23564398e-01 1.66899967e+00 7.04665780e-01
    3.68767381e-01 -6.48204267e-01 4.64357018e-01 1.73333681e+00
    8.72977912e-01 1.73262898e-02 -1.84729975e-02 1.04632175e+00
    4.20335501e-01 1.00304639e+00 8.63709688e-01 -7.77458787e-01
    3.00874591e-01 1.49793077e+00 1.69177461e+00 1.46799755e+00
    -2.20673755e-01 -4.72744346e-01 -4.66672599e-01 -4.68983203e-01
    1.16307449e+00 9.72704709e-01 1.40644383e+00 2.32557252e-01
    -1.34363875e-01 1.07729830e-01 9.09908175e-01 1.15602767e+00
    -4.58876312e-01 4.37975824e-01 1.34211576e+00 2.12127805e-01
    1.49877369e+00 2.33788237e-01 1.25960410e-01 9.53838944e-01
    1.71277905e+00 4.07273471e-01 -6.42888963e-01 8.37416410e-01
    7.94124782e-01 3.18058938e-01 1.71711230e+00 3.68251175e-01
    1.66966885e-01 -4.89076495e-01 1.12909281e+00 8.18585217e-01
    -2.31267750e-01 8.86902928e-01 1.20567191e+00 -4.12241876e-01
    -1.90779075e-01 1.15457380e+00 1.13138700e+00 -8.18100274e-02
    8.85194600e-01 1.26262426e+00 -8.79978180e-01 -3.14527571e-01
    1.23003697e+00 -2.55935282e-01 1.02186608e+00 1.45863461e+00
    4.44587380e-01 1.48128259e+00 2.04208821e-01 -1.58603758e-01
    -7.21165864e-03 -5.07069975e-02 8.71475339e-01 5.03169000e-01
    1.70596325e+00 -1.26202509e-01 8.95867273e-02 8.54389742e-02
    9.55593526e-01 5.60312629e-01 1.28715992e-01 -3.37946713e-02
    3.73115540e-01 6.78532243e-01 -4.72194105e-01 6.48171544e-01
    5.98400891e-01 1.05341411e+00 9.11186159e-01 7.27858663e-01
    9.08847809e-01 -6.10987902e-01 1.89439759e-01 -5.41497409e-01
    7.40342617e-01 -1.35674238e-01 1.53886950e+00 4.22347188e-01
    1.75893307e+00 5.17932415e-01 2.61769686e-02 1.58288550e+00
    1.22274661e+00 2.25284457e-01 9.64877427e-01 1.10434008e+00
    3.43995243e-01 9.12366986e-01 7.29843259e-01 -1.08830862e-01
    6.44356310e-01 -7.69881845e-01 -5.59576273e-01 1.51598012e+00
    -7.86749184e-01 1.34590518e+00 9.02681470e-01 -1.87116235e-01
    1.47866368e+00 -4.16795313e-01 -3.36317956e-01 -1.05858974e-01
    1.25012016e+00 9.78298545e-01 -3.10676068e-01 3.87145281e-01
    -3.99140656e-01 4.18851703e-01 1.08560014e+00 2.41706237e-01
    -1.59575805e-01 -4.52204466e-01 9.50019360e-01 8.18998933e-01
    1.57638931e+00 2.40768790e-01 1.05374718e+00 -1.05383620e-02
    6.27288043e-01 9.19603586e-01 9.05645728e-01 -5.32783806e-01
    -2.68059641e-01 1.75758696e+00 -5.52382708e-01 1.60588622e+00
    1.30671225e-02 -4.12053198e-01 3.88331592e-01 1.69910133e+00
    7.86614418e-01 7.34841451e-02 1.26240993e+00 -2.01323465e-01
    1.76883981e-01 7.31671751e-01 -5.57863116e-01 -6.12457514e-01
    7.54253805e-01 -2.42652476e-01 1.33115065e+00 1.57602653e-02
    -3.73673111e-01 8.35591376e-01 1.22919738e+00 1.14312196e+00
    -5.75563371e-01 -3.94610822e-01 1.29599714e+00 1.20203960e+00
    -3.97046208e-01 8.60025704e-01 6.47013545e-01 -2.62233078e-01
    8.13846409e-01 -3.07592034e-01 6.52073741e-01 6.31128967e-01
    -5.18747330e-01 8.98256540e-01 -1.45619094e-01 -2.44296029e-01
    1.06786418e+00 -8.72841328e-02 5.84552288e-01 1.04905736e+00
    1.08993661e+00 5.27739406e-01 1.89273387e-01 -2.33767420e-01
    8.74764025e-01 1.12839198e+00 7.77251005e-01 2.82520562e-01
    1.04291630e+00 -7.18017340e-01 9.98775363e-01 -9.74072069e-02
    4.31584626e-01 -5.87479711e-01 4.62812126e-01 3.00361216e-01
    1.07963693e+00 1.34618459e-02 -4.28145558e-01 1.29484141e+00
    7.14753747e-01 5.10148883e-01 -8.15827608e-01 -3.21546584e-01
    6.12058878e-01 7.00848877e-01 1.36677551e+00 3.13642919e-01
    9.34264839e-01 -1.42261118e-01 1.27454484e+00 -2.54878163e-01
    6.58446312e-01 3.97627324e-01 3.07824388e-02 5.99029124e-01
    1.11862576e+00 7.61926353e-01 -2.43727922e-01 -5.90894878e-01
    1.87531516e-01 6.41749203e-01 9.57884192e-01 7.84304917e-01
    1.65464425e+00 -6.55422926e-01 -6.46545649e-01 5.55465996e-01
    9.87309635e-01 -2.09970564e-01 2.92812467e-01 2.51620799e-01
    -9.28672999e-02 1.49575114e-01 -6.45272076e-01 4.42818135e-01
    1.67025924e+00 5.51589847e-01 6.90947950e-01 7.59378076e-01
    -8.08093324e-02 1.37847677e-01 1.00269997e+00 2.09807420e+00
    8.42685401e-02 4.15409714e-01 4.45380062e-01 1.18497169e+00
    6.82865620e-01 6.05579495e-01 1.03502226e+00 7.65810788e-01
    -2.63670415e-01 -3.34381610e-02 -5.94718277e-01 1.74291420e+00
    8.67590368e-01 5.64717770e-01 -4.36597876e-02 -2.89863080e-01
    -5.30317366e-01 1.40485728e+00 1.59444487e+00 4.84718770e-01
    9.89073336e-01 9.35807228e-01 8.31591070e-01 8.81000400e-01
    8.95574391e-02 1.05991602e+00 8.10732543e-02 2.51162171e-01
    1.70958185e+00 3.19906831e-01 -2.19810754e-01 -5.36798060e-01
    7.99412370e-01 -7.45502472e-01 1.66850686e+00 -6.90988228e-02
    8.32648873e-01 -7.60757327e-02 1.23149788e+00 3.41286771e-02
    1.88862860e-01 1.31765437e+00 7.71830022e-01 1.11594892e+00
    -4.40476686e-01 1.08989370e+00 5.76792300e-01 1.47381258e+00
    1.06806338e+00 1.20715797e-01 -1.03448011e-01 -7.11746395e-01
    4.86001879e-01 8.63976240e-01 4.73676920e-01 -5.00321627e-01
    -6.59922659e-01 3.74898583e-01 3.22398096e-01 -8.51718426e-01
    1.23633718e+00 -2.12095246e-01 1.58467352e+00 1.45314062e+00
    6.41777813e-01 -2.18242526e-01 1.00246608e+00 7.83435583e-01
    8.68737161e-01 -6.26558840e-01 1.30951631e+00 2.13018522e-01
    8.55541766e-01 2.27127790e-01 9.91871595e-01 1.64760721e+00
    3.16097170e-01 -4.59934384e-01 1.07059908e+00 -2.39343673e-01
    1.22765326e+00 1.67045903e+00 1.56295574e+00 2.14237392e-01
    -5.67156732e-01 5.02396584e-01 9.85535264e-01 1.48810267e+00
    1.38175058e+00 -6.31027460e-01 5.89162588e-01 4.56468880e-01
    -4.38177049e-01 -2.89746523e-01 5.31570494e-01 1.39264441e+00
    1.54454064e+00 1.69466627e+00 1.48454869e+00 1.22368109e+00
    2.21710414e-01 1.08456826e+00 -6.59211576e-01 1.46530354e+00
    1.33161092e+00 1.54359889e+00 1.20940912e+00 -5.39617836e-01
    1.23089468e+00 5.85835576e-01 1.53550386e+00 9.67335284e-01
    9.34521258e-02 1.06999147e+00 1.32400167e+00 1.53959477e+00
    1.29247618e+00 -3.95962358e-01 1.63410532e+00 1.01905298e+00
    -2.39543408e-01 9.14849877e-01 -5.13863899e-02 1.33406401e+00
    1.24229467e+00 1.64000976e+00 4.13377941e-01 4.71797228e-01
    7.65880287e-01 2.72009820e-01 1.48257494e-01 6.66311324e-01
    -6.16836846e-01 -4.73204195e-01 1.30385780e+00 1.48453951e+00
    4.78180647e-01 7.60789454e-01 -4.59825993e-01 8.23118687e-01
    1.56965125e+00 -4.35990155e-01 6.36926293e-01 -4.68449682e-01
    1.10187113e+00 1.36467850e+00 9.48077023e-01 1.31627691e+00
    7.33009398e-01 6.92648813e-02 6.56184316e-01 7.33743310e-01
    6.65079534e-01 1.30425858e+00 -7.86589861e-01 1.18167138e+00
    6.64718866e-01 1.40927941e-01 4.16824967e-02 1.46382082e+00
    7.98492908e-01 1.62683740e-01 1.28287005e+00 -2.43338004e-01
    1.51096857e+00 4.66722459e-01 -5.15462518e-01 -6.33838236e-01
    -3.51128966e-01 -2.32439741e-01 -2.32397377e-01 9.07305181e-01
    8.48446637e-02 1.53636979e-02 1.31576049e+00 -2.53628939e-01
    2.72634268e-01 -1.94984093e-01 -3.23833227e-01 3.42603713e-01
    1.98103681e-01 -6.07331749e-03 1.24265265e+00 -4.87823188e-01
    -3.21671635e-01 2.12484494e-01 1.72745585e+00 1.43318725e+00
    1.78847241e+00 -7.32601285e-01 1.55349672e+00 5.18490337e-02
    2.23312616e-01 5.11458337e-01 1.78725217e-02 1.55568790e+00
    1.45437932e+00 1.26107860e+00 -1.74338669e-01 1.51537025e+00
    1.41478431e+00 -1.49482146e-01 -2.96434462e-01 1.75835061e+00
    5.19016266e-01 -1.65043995e-01 1.00624692e+00 -4.82920967e-02
    2.16834903e-01 8.43304992e-01 -2.00257421e-01 1.40787518e+00
    9.17359650e-01 1.06535387e+00 6.50548279e-01 -5.70407212e-01
    8.55809152e-01 4.37819183e-01 1.45588040e+00 -2.95604706e-01
    1.51517522e+00 -3.18700463e-01 6.55388534e-01 5.97218871e-01
    3.63262855e-02 1.01110600e-01 7.64087319e-01 -5.04971683e-01
    -5.38202345e-01 1.28978407e+00 3.99698168e-01 1.64402092e+00
    1.16848063e+00 1.68341112e+00 1.48278391e+00 1.58942187e+00
    1.84430927e-01 1.47286737e+00 -9.26763937e-02 4.66065288e-01
    1.55966318e+00 8.65295708e-01 8.37577581e-01 -5.18262565e-01
    1.13098800e+00 -5.85515022e-01 7.86825001e-01 2.56294161e-01
    1.20730901e+00 1.04103076e+00 4.36229378e-01 -5.98058164e-01
    -6.99937165e-01 -2.97642648e-01 2.74531186e-01 2.09499216e+00
    7.31856108e-01 7.59542063e-02 1.02054514e-01 1.90014422e-01
    1.78363180e+00 -5.81250191e-01 -2.40767971e-01 9.13577139e-01
    9.74065065e-01 -5.80750167e-01 9.10716653e-01 -2.51050085e-01
    7.83114910e-01 1.60203636e+00 4.67805833e-01 -5.11107206e-01
    -3.60071093e-01 -2.84280747e-01 1.48246706e+00 1.39046347e+00
    1.24087608e+00 -5.48707426e-01 4.78012979e-01 1.22565544e+00
    -6.17199421e-01 7.53093719e-01 -6.74461365e-01 1.02265179e+00
    4.59203660e-01 1.75308716e+00 1.74649537e+00 7.90080667e-01
    -9.66327190e-02 -6.63466036e-01 1.68747634e-01 6.50127470e-01
    1.63587534e+00 -1.08563922e-01 8.54117572e-01 -6.16999805e-01
    9.14918780e-01 -2.53502727e-01 1.58396053e+00 6.43506646e-01
    1.78461611e+00 -3.38444591e-01 -5.46048544e-02 1.48516297e-01
    -5.98785639e-01 1.26972342e+00 1.44897985e+00 1.27300084e+00
    1.73395121e+00 1.61753571e+00 9.32759583e-01 7.78009593e-01
    1.02820790e+00 4.75339830e-01 1.01173796e-01 1.46948838e+00
    1.55888414e+00 -4.98830527e-01 1.16489697e+00 8.01607311e-01
    1.56252575e+00 1.04107058e+00 -1.35502666e-01 -6.37775242e-01
    6.76148474e-01 1.21164441e+00 5.09880006e-01 1.08393252e+00
    -6.29615366e-01 2.50568509e-01 -2.36274183e-01 1.58579540e+00
    8.65920961e-01 4.35139351e-02 -1.95832744e-01 1.21233869e+00
    8.45010877e-01 -8.04764092e-01 5.72567284e-01 -6.89105131e-03
    1.23992085e+00 1.47420716e+00 -4.56893653e-01 -6.14761174e-01
    1.03174329e+00 1.48405159e+00 1.21832550e+00 2.93142885e-01
    6.84571147e-01 1.45268488e+00 -1.83007315e-01 -2.21430827e-02
    -3.67325880e-02 -1.35737851e-01 -2.53412724e-01 -5.73676825e-01
    -3.91603202e-01 1.07835162e+00 -2.98313230e-01 -3.27410042e-01
    1.78204756e-02 6.28883302e-01 -8.55658114e-01 6.43894196e-01
    -3.38869877e-02 9.70722437e-01 8.40191722e-01 1.01333880e+00
    1.39187860e+00 -6.94663167e-01 9.03505564e-01 1.46955574e+00
    -1.51168510e-01 1.26024830e+00 1.61589670e+00 1.15788174e+00
    9.39404726e-01 7.43624687e-01 7.31419563e-01 2.82394856e-01
    1.22164857e+00 5.07873952e-01 -4.47983414e-01 1.60533047e+00
    9.40497220e-01 -3.08831036e-01 1.08761168e+00 -2.15063781e-01
    1.25799084e+00 1.75515687e+00 -2.46860042e-01 1.11213791e+00
    1.40055680e+00 1.03396797e+00 -2.90415436e-01 4.82351452e-01
    5.12115777e-01 3.68984252e-01 -2.39461690e-01 -3.68981659e-01
    -5.37242174e-01 -3.03492397e-01 4.48725492e-01 8.63875747e-02
    1.99810833e-01 -6.42096162e-01 -6.10557258e-01 -4.71750945e-02
    -1.82578608e-01 1.38862967e+00 1.44438529e+00 -6.03542984e-01
    6.83239877e-01 1.36590898e+00 5.90070367e-01 5.95121533e-02
    1.61681128e+00 -1.79669559e-02 -4.36030746e-01 5.07231355e-01
    -4.00327057e-01 1.79388380e+00 -6.00412488e-01 -3.04211706e-01
    1.78521347e+00 1.77561808e+00 3.50638032e-01 1.19131446e+00
    8.15390885e-01 3.80781114e-01 1.53611302e+00 -6.44469917e-01
    -4.07299966e-01 1.51839483e+00 6.60112575e-02 1.81534350e+00
    -5.64861178e-01 1.18528986e+00 3.24347258e-01 7.64186203e-01
    -3.71669233e-01 1.83257794e+00 1.11931324e+00 1.71262354e-01
    1.59251940e+00 -1.78737745e-01 3.91202182e-01 1.66956708e-01
    9.40965056e-01 4.43092942e-01 8.56090665e-01 2.81609237e-01
    -6.53753459e-01 1.33880985e+00 4.59420502e-01 2.05951110e-01
    2.16325387e-01 -5.23263872e-01 3.23066562e-02 1.55109262e+00
    7.81051934e-01 1.09714818e+00 8.15043151e-01 8.74599457e-01
    -6.10346675e-01 1.01154411e+00 1.59936011e+00 8.36608112e-01
    -2.55986452e-02 3.23217303e-01 1.40681612e+00 1.57979047e+00
    1.15708721e+00 5.13746679e-01 7.34943151e-01 1.54986894e+00
    -6.16361238e-02 1.28504217e+00 3.37558351e-02 1.35135591e+00
    -6.52321577e-02 4.03494358e-01 -4.77256417e-01 9.14242864e-01
    2.92122841e-01 1.60471642e+00 1.03878629e+00 7.00347304e-01
    8.54564905e-02 -4.85357232e-02 3.39308858e-01 8.83157313e-01
    9.92429703e-02 1.49274457e+00 1.51962090e+00 -3.80650043e-01
    2.60124683e-01 4.96680021e-01 1.58758199e+00 1.13766181e+00
    4.90134478e-01 8.66165042e-01 -2.64028698e-01 -8.50165635e-02
    -4.67089951e-01 1.36183548e+00 1.35878205e+00 4.45799559e-01
    3.57491165e-01 2.33672455e-01 1.75278056e+00 1.78955996e+00
    1.35359728e+00 1.38109338e+00 2.33556435e-01 1.28849506e+00
    7.83482492e-01 7.45142028e-02 7.81248137e-02 8.63722444e-01
    1.72893012e+00 1.67469835e+00 -3.45554888e-01 1.62632465e+00
    1.64489463e-01 -3.11532170e-01 1.39138901e+00 7.17584312e-01
    1.17993295e+00 1.08335137e+00 1.28921616e+00 1.01696014e+00
    2.07233295e-01 1.31540191e+00 3.36952984e-01 -2.69382894e-01
    8.29809085e-02 1.93143830e-01 1.24270119e-01 1.16111302e+00
    -5.57358228e-02 1.51131213e+00 2.87799150e-01 6.41682267e-01
    -7.46912897e-01 1.25020504e+00 4.42967236e-01 -2.15316817e-01
    -2.97131184e-02 2.69846231e-01 1.63462579e+00 1.64729106e+00
    1.05537987e+00 5.19418359e-01 -2.03498259e-01 1.04799950e+00
    1.44729209e+00 -5.37877917e-01 -2.27313027e-01 -6.01985931e-01
    5.30013800e-01 1.33711028e+00 3.39356422e-01 4.60611377e-03
    1.19411898e+00 -6.35462999e-01 1.27588689e+00 8.70452881e-01
    7.50066340e-01 1.49077117e+00 1.56531000e+00 -5.30591011e-01
    -6.08904958e-01 3.96851629e-01 1.17010677e+00 1.05167329e+00
    9.27686691e-01 1.15716171e+00 2.77586251e-01 -5.59978306e-01
    1.62197435e+00 1.52076364e+00 -4.81365025e-01 1.06620359e+00
    6.65313005e-01 1.00787115e+00 1.36029840e+00 1.26422429e+00
    6.66147411e-01 -7.53675640e-01 1.78781891e+00 6.27880812e-01
    9.72257435e-01 -3.82096291e-01 1.64420688e+00 1.11082613e+00
    1.17296565e+00 7.34199047e-01 -4.43400413e-01 2.25501042e-02
    1.26458430e+00 -7.50354752e-02 1.47620893e+00 1.60641313e-01
    -3.13441366e-01 1.63010705e+00 -3.90752226e-01 1.27552021e+00
    1.19514011e-01 6.32454097e-01 1.55344737e+00 9.43215668e-01
    7.75299013e-01 1.49261141e+00 6.94769263e-01 -4.41494972e-01
    1.33726418e+00 1.35556638e-01 9.71949637e-01 1.22936392e+00
    -1.59262698e-02 7.07393765e-01 9.75947734e-03 1.08363318e+00
    3.12655360e-01 1.09450853e+00 1.67359114e+00 -3.75343949e-01
    -7.68866956e-01 1.17822349e+00 -6.58790410e-01 1.37764513e+00
    3.91716689e-01 4.66733158e-01 8.28749478e-01 -4.26635385e-01
    1.48538709e+00 -6.52008176e-01 4.49721932e-01 -1.16875187e-01
    -3.34801525e-01 1.70920348e+00 3.52630526e-01 -3.57733279e-01
    1.12864256e+00 6.20682001e-01 -1.08036496e-01 1.22769761e+00
    1.51691031e+00 7.63707533e-02 4.45767403e-01 3.54734659e-02
    1.80504000e+00 -4.06915933e-01 1.51934981e+00 1.53602433e+00
    4.51149851e-01 1.28866935e+00 -6.25780106e-01 -1.98666602e-01
    1.05011809e+00 1.53894472e+00 1.40953556e-01 -4.72016484e-01
    -6.00218892e-01 1.36776853e+00 1.25751424e+00 -1.26571730e-01
    -6.01554364e-02 1.18665290e+00 6.94602504e-02 4.48310236e-03
    7.71400273e-01 -7.79571086e-02 -1.17176831e-01 3.77104163e-01
    1.40079892e+00 1.72746789e+00 -1.76433623e-01 -6.20272696e-01
    3.49866956e-01 1.49119723e+00 -6.88922763e-01 -3.30443770e-01
    -3.76048207e-01 -4.19011861e-01 -2.20622972e-01 4.10629183e-01
    1.67998219e+00 1.59686196e+00 -2.91184276e-01 1.41931009e+00
    1.82605851e+00 1.28618586e+00 4.67210263e-01 -6.28269911e-01
    4.02635366e-01 5.93291998e-01 5.38227618e-01 1.34421670e+00
    -9.66222137e-02 4.36348915e-01 1.30541849e+00 -5.55364907e-01
    2.36285880e-01 1.00140023e+00 4.20666426e-01 1.69419789e+00
    7.72275150e-01 -1.08269593e-02 -2.13093236e-01 1.44854796e+00
    8.97390246e-02 8.31637323e-01 -5.97354770e-01 3.77693266e-01
    -6.12963021e-01 1.30413437e+00 1.60891265e-01 -2.02354461e-01
    1.31321990e+00 1.49905944e+00 1.50311828e+00 7.61386037e-01
    9.46702003e-01 6.47299290e-01 -1.23420611e-01 8.37528527e-01
    2.56058067e-01 1.59106135e+00 1.15577602e+00 1.15097970e-01
    1.14462638e+00 9.21778858e-01 3.91968012e-01 6.62530243e-01
    -7.04937987e-03 1.38442993e+00 -5.56816459e-01 -4.95952964e-01
    9.43588674e-01 1.13721454e+00 -1.25075832e-01 -2.48745546e-01
    1.03665030e+00 -4.01801229e-01 -7.24995852e-01 1.12791896e+00
    4.28671926e-01 -2.06637532e-01 1.07640696e+00 -3.08198333e-01
    1.18395805e+00 1.11248350e+00 -5.17729878e-01 -6.22241616e-01
    9.06442627e-02 1.85876861e-01 5.57487369e-01 2.65916526e-01
    8.41092050e-01 1.39591420e+00 -5.22178173e-01 1.19135344e+00
    7.25044131e-01 9.83202696e-01 -1.74350008e-01 1.00890088e+00
    4.13115263e-01 9.70327482e-02 7.52506256e-01 -3.18236984e-02
    8.00853550e-01 1.63981855e+00 1.19671106e+00 -2.61010319e-01
    3.40956390e-01 1.29008913e+00 -7.40917027e-01 1.59983802e+00
    -6.60007894e-01 -3.56387913e-01 -5.81734553e-02 3.31268817e-01
    6.46378815e-01 3.86430085e-01 1.51138031e+00 1.24854553e+00
    1.04634330e-01 8.87559652e-01 -1.53476030e-01 1.73975241e+00
    -5.42515874e-01 -2.37115592e-01 1.01696479e+00 -2.35240281e-01
    4.72750008e-01 -4.63483185e-01 8.18725884e-01 3.41558903e-01
    6.75703168e-01 6.06009424e-01 2.84663141e-01 1.56112623e+00
    1.37628783e-02 1.91224456e-01 2.35804096e-01 1.79756343e+00
    -3.75479430e-01 -1.12242997e-01 -3.28642070e-01 1.39827847e+00
    1.23069537e+00 1.80866146e+00 1.80385375e+00 -6.49232745e-01
    1.06559671e-01 7.10112631e-01 9.78826702e-01 -7.95993924e-01
    3.48841637e-01 -3.83831143e-01 2.22505972e-01 6.40994310e-01
    -6.26888454e-01 2.58829355e-01 -4.76197124e-01 1.01114714e+00
    1.37568736e+00 5.94325364e-02 -4.18459117e-01 1.42917597e+00
    2.94467002e-01 1.01580369e+00 9.49394256e-02 4.64093119e-01
    1.58832836e+00 1.01389074e+00 1.06178522e+00 -6.88010380e-02
    1.19322002e+00 5.07089496e-01 7.13020980e-01 -4.86553311e-01
    8.02123606e-01 4.33469526e-02 3.69388193e-01 -7.18667269e-01
    1.96963534e-01 -1.15151316e-01 1.62472880e+00 -2.97913909e-01
    3.05829376e-01 4.73048501e-02 1.28910172e+00 6.74311697e-01
    -1.37771368e-01 -3.52158010e-01 1.36907971e+00 7.53188789e-01
    3.87676246e-02 8.16649020e-01 -8.77044946e-02 1.23267269e+00
    1.37059557e+00 1.83534235e-01 4.11508530e-01 3.42662334e-01
    -6.96746945e-01 4.08945918e-01 -6.15764260e-01 -1.69161335e-02
    1.60268247e+00 9.94688153e-01 1.05507731e+00 -6.32519245e-01
    6.62984028e-02 1.20687616e+00 3.75028491e-01 -5.45285456e-03
    6.30653083e-01 7.71882296e-01 4.91958052e-01 8.63104500e-03
    5.22050224e-02 -7.00288177e-01 1.68282664e+00 3.60824615e-01
    -8.09893966e-01 4.24382240e-01 4.17002439e-01 3.25586915e-01
    4.54006612e-01 -1.02857448e-01 1.41956544e+00 1.68977809e+00
    -4.06613559e-01 -2.72460580e-01 1.57935929e+00 1.25825834e+00
    1.27590883e+00 8.24575007e-01 7.36196518e-01 -4.07557070e-01
    8.82059112e-02 -3.50130200e-01 -5.11037707e-01 -4.08341259e-01
    1.24731255e+00 -3.19569886e-01 3.61115634e-01 7.72489965e-01
    -6.14923298e-01 1.12150943e+00 -4.91979271e-02 1.38323331e+00
    6.47284329e-01 9.42205727e-01 1.36186242e+00 1.62025785e+00
    9.82041895e-01 6.38031185e-01 8.20448101e-01 2.51909941e-01
    1.01909649e+00 1.32047129e+00 -2.56326586e-01 1.23575699e+00
    5.13172746e-01 -4.98899579e-01 -5.22657156e-01 7.05888867e-01
    6.29473627e-01 8.85545969e-01 -5.45678258e-01 1.25222015e+00
    5.71100414e-01 -1.91371366e-01 1.06175578e+00 -4.81494963e-01
    1.06562686e+00 1.25922215e+00 -6.23870969e-01 1.06695223e+00
    1.25580001e+00 1.00926742e-01 -4.37129959e-02 6.87191069e-01
    1.24737108e+00 6.55143678e-01 4.93454397e-01 5.79992890e-01
    3.39524299e-01 -7.84384549e-01 5.28178036e-01 3.40678483e-01
    6.61600411e-01 -3.63634676e-01 -1.67612657e-01 1.81095481e-01
    -1.05161466e-01 9.19478953e-01 1.64126062e+00 -3.01000141e-02
    -6.02525026e-02 8.33862603e-01 -4.23321575e-01 1.43289423e+00
    -5.73352039e-01 6.52535617e-01 1.16810215e+00 -5.91965616e-01
    6.58524990e-01 1.53208673e+00 1.08538115e+00 1.17834532e+00
    -4.58134502e-01 5.10929823e-01 1.50794232e+00 1.14092302e+00
    1.79714024e-01 1.04179704e+00 1.24957144e-01 1.89912155e-01
    4.84180689e-01 7.57079303e-01 3.79914850e-01 1.39871851e-01
    -1.74603760e-01 2.56087124e-01 7.01233089e-01 -8.86533111e-02
    1.70591545e+00 1.69960523e+00 1.60823071e+00 -5.52664995e-01
    1.69465458e+00 1.47394204e+00 -4.99408767e-02 2.73744345e-01
    1.10247290e+00 1.05318606e+00 -5.65967381e-01 -6.78734660e-01
    -7.59629905e-01 7.49776781e-01 6.48976743e-01 -5.90367615e-01
    9.88999605e-02 2.25366354e-01 1.43537664e+00 -7.87834346e-01
    2.94496924e-01 -4.18418854e-01 -2.10669979e-01 -5.93906164e-01
    8.75051498e-01 6.45634055e-01 3.45875651e-01 -1.54024288e-01
    4.92990255e-01 -2.35352427e-01 7.58740127e-01 6.98428154e-01
    -2.18723685e-01 1.81880951e+00 -1.76736638e-01 -5.76651812e-01
    9.34726000e-01 -7.05374777e-01 9.01810527e-01 -2.14034125e-01
    1.17832839e+00 -7.84094930e-01 -7.83114016e-01 1.74162126e+00
    1.54730856e+00 1.53553784e+00 -7.14615881e-01 -6.53119445e-01
    1.67213464e+00 1.17883182e+00 1.27535355e+00 1.58796215e+00
    6.94841921e-01 3.28987390e-01 6.16177678e-01 5.05165160e-01
    1.69474852e+00 9.83785629e-01 6.96779370e-01 -1.41761675e-01
    8.65478277e-01 -5.05987465e-01 -3.12655896e-01 8.15234065e-01
    8.33359063e-01 1.47714889e+00 1.76567888e+00 1.77784967e+00
    1.59802899e-01 9.86080050e-01 3.81528139e-01 -5.42668045e-01
    7.41954267e-01 -5.78159750e-01 6.67363346e-01 1.92229614e-01
    -5.78866303e-01 1.57557893e+00 5.75954795e-01 -8.86055902e-02
    7.98059702e-01 -7.06442535e-01 1.67960978e+00 7.10313499e-01
    1.16003346e+00 -6.30344808e-01 8.04295659e-01 -1.70370713e-01
    1.14716995e+00 1.44549954e+00 1.63745224e+00 -1.95157051e-01
    1.05205572e+00 3.98287207e-01 4.65863138e-01 -1.27655074e-01
    -2.35384449e-01 7.10587382e-01 1.02475595e+00 7.53454149e-01
    -2.93489873e-01 1.08492839e+00 -2.22409487e-01 9.35045719e-01
    1.49095082e+00 1.51781809e+00 1.27311826e+00 7.93131530e-01
    1.27880740e+00 -4.07146722e-01 4.16965514e-01 1.49796832e+00
    -8.25883225e-02 1.57893169e+00 -3.17350537e-01 -5.77642500e-01
    1.94391355e-01 -6.67252243e-01 9.38263595e-01 -4.62646723e-01
    9.18270171e-01 5.06660759e-01 1.63204181e+00 6.39158309e-01
    -3.26209962e-01 -5.98755002e-01 2.41281003e-01 -4.55623209e-01
    4.35650140e-01 -3.66591632e-01 -1.09044164e-02 9.41268861e-01
    4.60291624e-01 9.80938077e-01 1.61563277e+00 1.65348697e+00
    1.21574020e+00 -3.10257375e-01 1.04152310e+00 5.25248587e-01
    2.67807484e-01 4.31981534e-01 1.61045063e+00 1.07539475e+00
    5.33052504e-01 6.58167183e-01 5.41081905e-01 -5.85737407e-01
    -1.55149370e-01 9.84156951e-02 1.51347411e+00 6.81470156e-01
    1.57286942e+00 5.65976918e-01 8.05835009e-01 1.15551686e+00
    1.62827921e+00 1.44287658e+00 -8.29000920e-02 4.59285259e-01
    -3.58633339e-01 -1.55239359e-01 2.84673780e-01 1.61411107e+00
    1.83794573e-01 -6.19244695e-01 1.76315808e+00 -4.75623369e-01
    -5.80125213e-01 1.30352342e+00 -4.34875727e-01 9.35495317e-01
    3.13840508e-01 1.14032280e+00 -3.18535239e-01 -3.71813178e-01
    1.07768679e+00 1.46326101e+00 1.33121717e+00 -7.47061223e-02
    9.14064229e-01 9.09718275e-01 7.32193530e-01 1.37304938e+00
    6.81121349e-01 1.39208531e+00 -2.87236243e-01 1.09266527e-01
    5.77994883e-01 -6.29854441e-01 -3.06694835e-01 1.06798184e+00
    -5.22975981e-01 -1.36791840e-01 -4.46763545e-01 1.70394456e+00
    -3.50357056e-01 4.51878101e-01 5.85552230e-02 -3.06084216e-01
    6.33720160e-01 9.92199540e-01 4.61783677e-01 1.79458833e+00
    -7.22456634e-01 9.22446251e-01 8.56380880e-01 -7.46765673e-01
    -6.90480709e-01 -6.52809262e-01 1.09035289e+00 4.10457581e-01
    -2.29668438e-01 -6.79538548e-01 1.49482203e+00 -2.23120630e-01
    -3.91848505e-01 1.68898344e-01 1.03496754e+00 7.28034914e-01
    2.09260017e-01 2.21995711e-01 1.08947551e+00 7.58466795e-02
    1.04470766e+00 -5.19840002e-01 1.33809716e-01 1.22013003e-01
    -6.25815928e-01 1.66220498e+00 1.58217299e+00 9.97654736e-01
    1.15889680e+00 -3.40138488e-02 1.06028482e-01 -5.07974923e-02
    1.22159553e+00 -3.85278344e-01 7.93088734e-01 -1.98149055e-01
    1.28949678e+00 8.19662213e-01 -4.26018894e-01 1.41344690e+00
    1.36515319e+00 1.63325071e-01 1.04564321e+00 3.17570120e-01
    1.41145647e+00 4.92549181e-01 -1.91824928e-01 1.79211982e-02
    -6.67021513e-01 2.33020425e-01 8.45274866e-01 1.77859509e+00
    7.05407321e-01 1.01361144e+00 -4.09953386e-01 6.27185047e-01
    5.51296830e-01 1.01014447e+00 4.43968117e-01 1.14358771e+00
    5.65606475e-01 9.18739885e-02 1.02972579e+00 1.64386779e-02
    -5.74196279e-01 6.48127079e-01 1.64214551e+00 9.55627978e-01
    1.45137727e+00 1.56885576e+00 1.45629263e+00 7.04433084e-01
    -5.74429631e-02 1.37580192e+00 -4.49409366e-01 7.45173097e-01
    7.95099080e-01 1.21443041e-01 5.16955137e-01 3.16882610e-01
    -6.09548688e-01 2.61724532e-01 1.04503345e+00 1.62321877e+00
    1.20797491e+00 6.30329549e-01 -3.09553415e-01 1.34480631e+00
    -1.01193599e-02 2.15796754e-01 -2.28904232e-01 -2.84886777e-01
    1.11137664e+00 -1.22716270e-01 -4.45487231e-01 1.68326294e+00
    1.12147105e+00 -6.68598056e-01 1.01668215e+00 -1.54397979e-01
    9.07850802e-01 -6.22125566e-02 -5.82703650e-01 1.35541880e+00
    -7.66089261e-01 1.15827417e+00 1.26915038e+00 1.29831040e+00
    -1.70836702e-01 7.63716578e-01 1.08916795e+00 1.23721695e+00
    1.56832129e-01 1.64986002e+00 1.77366364e+00 9.29824784e-02
    -4.34893906e-01 -2.04362020e-01 -5.79009950e-01 1.01737356e+00
    1.26515853e+00 3.42801780e-01 1.26857877e+00 3.41901004e-01
    5.33255897e-02 1.13555670e+00 1.63215315e+00 7.03900874e-01
    6.46677390e-02 2.74195164e-01 5.78763723e-01 -1.54940218e-01
    -3.73532586e-02 1.48500800e+00 4.50929195e-01 7.82287657e-01
    -2.57845134e-01 -8.03486407e-02 1.22884655e+00 4.70128953e-01
    1.83778858e+00 3.98832858e-02 -4.07622792e-02 5.91706455e-01
    9.37576056e-01 5.79340637e-01 -4.11115676e-01 2.53034353e-01
    1.46095908e+00 9.29530442e-01 -9.22704041e-02 2.07824424e-01
    1.25665337e-01 6.61184788e-02 5.15787780e-01 4.73033309e-01
    -8.66498612e-03 -5.21044850e-01 1.69352758e+00 -6.82538807e-01
    -4.62972611e-01 7.99753308e-01 -2.18387321e-01 -6.12471765e-03
    1.46400094e+00 -5.40707231e-01 1.74071230e-02 1.72887766e+00
    5.98915040e-01 -6.13923788e-01 -2.09160417e-01 1.37041378e+00
    1.55526936e+00 -6.26638293e-01 -6.66260004e-01 1.62919796e+00
    9.39815700e-01 -3.19140315e-01 4.79963511e-01 -1.06977031e-01
    -3.73812884e-01 -4.59820420e-01 -3.44633251e-01 1.72706091e+00
    1.58451104e+00 -4.90569234e-01 1.51391172e+00 9.75939870e-01
    2.65669227e-01 -1.26814798e-01 8.31905246e-01 7.13011622e-01
    2.48320639e-01 1.24299264e+00 5.12720764e-01 -6.13687396e-01
    7.20029712e-01 5.37950754e-01 -6.75397739e-02 -2.77637273e-01
    1.07162452e+00 6.48987368e-02 6.34564996e-01 -7.69885302e-01
    9.29456651e-01 1.88897863e-01 3.52701277e-01 1.07792282e+00
    -1.13357671e-01 4.08104777e-01 4.95978147e-01 6.58510700e-02
    -1.48143530e-01 -6.41174495e-01 4.87855762e-01 -7.15897322e-01
    1.14107653e-01 -1.38541907e-02 -5.15982032e-01 4.60726351e-01
    1.02404201e+00 8.39936733e-01 6.83697939e-01 1.02282953e+00
    9.06255960e-01 1.85633421e+00 1.04641199e+00 -4.11118627e-01
    2.42462486e-01 3.75619620e-01 1.46438265e+00 -1.32139608e-01
    -1.80023149e-01 8.33092511e-01 -1.73422679e-01 2.80764550e-01
    5.96723199e-01 1.01858926e+00 -6.77107215e-01 2.69972622e-01
    1.15115094e+00 6.42594337e-01 -2.66455978e-01 -1.67855665e-01
    1.80729175e+00 4.35504884e-01 9.61808980e-01 -7.05791414e-01
    2.02788264e-01 1.25214064e+00 -2.77777016e-01 1.44839585e+00
    4.73292470e-01 -1.71664923e-01 1.63886142e+00 1.42256784e+00
    -5.01145780e-01 1.45105863e+00 1.10670578e+00 1.49923646e+00
    1.26803756e+00 9.05135036e-01 5.22363424e-01 4.79291558e-01
    1.51466027e-01 6.34516105e-02 1.24620222e-01 5.65899730e-01
    7.83488393e-01 4.45203245e-01 8.64556074e-01 -4.03011352e-01
    1.56954730e+00 1.77421570e+00 5.91808200e-01 1.09607506e+00
    3.09807658e-01 -2.41741352e-02 5.65115213e-01 -7.10306048e-01
    8.44624996e-01 3.11065465e-01 -5.91208756e-01 -7.18833923e-01
    7.87542045e-01 1.65536952e+00 4.94782180e-01 1.90833032e-01
    7.39734411e-01 5.41173398e-01 1.19370103e+00 3.38100195e-01
    -8.50508451e-01 -7.42152572e-01 5.67706287e-01 8.04319859e-01
    3.90148237e-02 -5.51372409e-01 1.40364444e+00 1.10388970e+00
    1.23548234e+00 1.12210464e+00 2.65306942e-02 1.01069689e+00
    4.49807107e-01 1.06333423e+00 1.26667365e-01 8.08882356e-01
    -6.37959242e-01 2.50940919e-01 2.86563843e-01 1.63470054e+00
    -6.25821590e-01 1.30895042e+00 9.13006365e-01 1.21042621e+00
    1.22771323e+00 2.39310548e-01 1.03976023e+00 -4.33885463e-04
    8.40849996e-01 -4.50841874e-01 1.33288372e+00 6.48575068e-01
    1.51817369e+00 1.23310840e+00 -1.06022827e-01 1.53140855e+00
    9.91192222e-01 5.49222350e-01 4.81164545e-01 1.71079016e+00
    -5.62702060e-01 1.08175926e-01 5.28115332e-01 1.38449919e+00
    -1.63124688e-02 1.63817847e+00 9.34722900e-01 1.09722662e+00
    2.93024391e-01 3.32959354e-01 1.69030333e+00 -3.73929292e-01
    1.16695499e+00 1.34997940e+00 1.58159107e-01 1.49645734e+00
    2.76836455e-01 1.51487082e-01 -1.12568446e-01 6.06745124e-01
    -5.21826506e-01 5.20639896e-01 1.70245361e+00 1.49792242e+00
    -2.96493173e-01 8.83610010e-01 7.16756880e-01 1.69375694e+00
    -8.15558612e-01 -2.17533335e-02 -4.92290378e-01 -6.49431348e-01
    -1.69910580e-01 6.78815842e-01 3.43699038e-01 1.13034415e+00
    -2.00540990e-01 1.52334189e+00 -5.90234458e-01 -6.08760536e-01
    -3.66688401e-01 1.50082946e+00 -7.19403386e-01 1.27732801e+00
    -3.98068160e-01 5.29031575e-01 4.11227912e-01 -4.32512075e-01
    3.89118567e-02 -3.93546194e-01 -4.23268288e-01 1.64529920e-01
    -5.06600559e-01 -5.55796266e-01 -5.43902349e-03 8.70359004e-01
    7.41915107e-01 1.15421498e+00 1.44694638e+00 3.73547822e-02
    1.60170054e+00 1.10304981e-01 -9.42630619e-02 -2.52838612e-01
    1.05484891e+00 5.54988861e-01 2.57340819e-01 -4.32255358e-01
    7.38870084e-01 1.48736560e+00 -1.39436737e-01 1.20414877e+00
    8.13136697e-01 -7.11852372e-01 1.01012492e+00 1.56085682e+00
    5.74016273e-01 8.76068830e-01 2.72485554e-01 1.63255826e-01
    1.00755453e+00 -7.82385647e-01 -5.16583063e-02 1.17758107e+00
    1.48669791e+00 -7.08179951e-01 9.41874504e-01 9.80465591e-01
    -4.18258399e-01 1.42944312e+00 1.27076745e+00 -5.55934787e-01
    -5.48169017e-01 -4.86931711e-01 -6.62566349e-02 -4.00785863e-01
    1.22381425e+00 -7.05865994e-02 5.06673992e-01 -2.79014140e-01
    2.16699727e-02 -5.45510828e-01 4.61909361e-02 1.30562022e-01
    -2.54414946e-01 -5.27375817e-01 1.19680196e-01 2.10271820e-01
    -5.51828086e-01 2.20771879e-01 1.06868887e+00 6.34359837e-01
    1.21262085e+00 3.42436403e-01 5.10576963e-01 -7.95564294e-01
    3.93957883e-01 1.24849938e-01 1.16246545e+00 6.43666387e-01
    -8.38770811e-03 4.94446278e-01 -6.29693121e-02 1.70182848e+00
    1.02381277e+00 1.13015795e+00 -1.22133821e-01 -2.38800168e-01
    9.98440683e-01 -8.20197225e-01 5.55115461e-01 7.92751551e-01
    -2.15981960e-01 3.04865152e-01 7.57730067e-01 5.93306541e-01
    2.38669574e-01 5.99063814e-01 3.47557515e-02 8.47570658e-01
    8.24936628e-01 -2.85005748e-01 1.39226997e+00 -5.09052873e-02
    1.07445180e+00 1.40536046e+00 8.43412519e-01 -3.77923511e-02
    8.46563935e-01 1.64942586e+00 -1.39873356e-01 -2.00772122e-01
    -1.10275932e-01 3.70678186e-01 1.79041874e+00 -6.57652497e-01
    1.54252684e+00 1.26617506e-01 1.61279416e+00 1.39574575e+00
    5.18610835e-01 -4.43013310e-01 -3.11419386e-02 6.18702948e-01
    2.74555534e-01 1.47144711e+00 -1.21758573e-01 1.08710659e+00
    1.61938512e+00 1.99531317e-02 -5.24141610e-01 7.27031052e-01
    7.87995279e-01 1.40568185e+00 -1.89189211e-01 1.67052865e+00
    1.19013035e+00 1.11789167e+00 -7.64793396e-01 -5.84314764e-01
    -2.96220183e-01 8.63604426e-01 -4.88894373e-01 -2.53005058e-01
    9.21549976e-01 1.42058015e+00 1.08603477e+00 9.11533415e-01
    6.31452441e-01 7.40505397e-01 6.15920186e-01 5.55666566e-01
    3.27001572e-01 -2.75391132e-01 1.29551578e+00 1.59412372e+00
    2.00730950e-01 -5.48788965e-01 7.95327783e-01 4.70880181e-01
    6.36178732e-01 1.34910858e+00 8.90301585e-01 2.27398723e-01
    1.70423806e+00 7.34775007e-01 1.58439469e+00 1.37187362e+00
    6.05404377e-01 -3.53890985e-01 1.31822371e+00 5.95493354e-02
    -1.10483907e-01 7.23604023e-01 1.04655528e+00 2.74750650e-01
    -6.40846670e-01 1.58193326e+00 -1.51821852e-01 1.17679061e-02
    -1.50303561e-02 1.03714166e-03 4.69111800e-01 -6.63429618e-01
    -3.57701838e-01 -2.75970846e-01 5.73341489e-01 -9.94713977e-02
    -4.38963950e-01 1.56727421e+00 7.16530740e-01 -6.65035993e-02
    5.46594024e-01 9.93285000e-01 -5.83553016e-01 -5.56701481e-01
    3.76266211e-01 1.91354081e-01 -4.21191573e-01 1.09205413e+00
    1.16160953e+00 1.70680702e+00 -6.75961435e-01 -2.73082286e-01
    1.22183669e+00 8.92022073e-01 1.20811808e+00 -1.21362224e-01
    1.38529587e+00 -6.43300831e-01 1.52174556e+00 1.07128441e+00
    5.24906337e-01 7.06522107e-01 -1.32431373e-01 1.05262315e+00
    -2.18201369e-01 4.93199050e-01 1.58399332e+00 1.15024471e+00
    1.28370631e+00 1.64595258e+00 1.17898023e+00 1.67927206e-01
    -3.24015766e-02 4.12556887e-01 -2.12166414e-01 1.23866785e+00
    3.33690912e-01 9.84129548e-01 7.11639762e-01 1.43622947e+00
    1.20362200e-01 1.46808863e+00 1.52819312e+00 1.21288157e+00
    -5.72948694e-01 -6.73685551e-01 9.96472359e-01 4.71854061e-01
    -1.43328175e-01 -5.14513433e-01 3.42053950e-01 5.31838119e-01
    6.91034198e-01 -1.44529372e-01 6.64407730e-01 -5.43896675e-01
    1.73371303e+00 -4.34317380e-01 4.69483256e-01 7.65168309e-01
    1.66698563e+00 1.03509891e+00 1.28755295e+00 8.69344711e-01
    4.26259071e-01 -7.26880848e-01 1.17262769e+00 1.63005340e+00
    2.25076098e-02 -6.74982965e-01 -4.64058369e-01 -1.44277532e-02
    5.06524920e-01 -6.80127978e-01 1.87669730e+00 -2.04596952e-01
    -4.61290210e-01 -2.95835704e-01 -6.49877191e-01 -2.00070322e-01
    9.19240236e-01 1.39046645e+00 3.67669910e-01 3.25703591e-01
    3.27822953e-01 -4.30081785e-01 -6.27334714e-01 8.02865326e-01
    -5.19729219e-02 4.58957791e-01 4.41963691e-03 1.09409523e+00
    -5.96793592e-01 7.52694011e-01 9.28836048e-01 -4.29459214e-01
    1.28947818e+00 -4.32734758e-01 8.40777516e-01 1.29332554e+00
    1.26744509e+00 -3.92836481e-01 6.95012689e-01 -4.00034077e-02
    1.08992998e-02 1.53715038e+00 9.57379863e-02 -2.41554245e-01
    1.64606428e+00 6.79921150e-01 7.45642662e-01 4.92692679e-01
    3.05889636e-01 1.58844805e+00 1.52115762e+00 -2.16570243e-01
    6.32694125e-01 6.42341554e-01 1.81531811e+00 9.00173187e-02
    1.49333858e+00 5.96519828e-01 1.52202857e+00 -5.65241218e-01
    1.90033376e+00 3.56760234e-01 7.67231524e-01 -9.47727188e-02
    1.83626413e+00 1.47301018e+00 6.61847889e-01 -2.02013507e-01
    -6.98662400e-01 8.11803341e-01 1.29374790e+00 1.22193253e+00
    1.51342273e+00 1.41452670e+00 6.40236437e-01 1.44541752e+00
    8.90548050e-01 8.15866053e-01 -6.76472008e-01 7.51596272e-01
    1.30463016e+00 1.57523870e+00 3.52959067e-01 -3.44761133e-01
    -6.56758964e-01 4.43272203e-01 6.06753230e-01 1.67577183e+00
    -7.92429745e-01 1.36614203e-01 -6.11918746e-03 1.97862417e-01
    -6.55861422e-02 -1.75824672e-01 1.12841234e-01 1.63450730e+00
    5.48984855e-02 5.79867601e-01 1.12315440e+00 -6.19177878e-01
    1.70568734e-01 -7.47840703e-01 8.01507652e-01 8.89242947e-01
    -6.32771492e-01 3.98223639e-01 8.01710308e-01 -3.39069702e-02
    1.40486911e-01 -3.05156142e-01 3.22278142e-01 8.09718966e-01
    -3.51558983e-01 1.10976708e+00 -6.69044435e-01 -1.78615957e-01
    -4.55030650e-02 -2.97579527e-01 2.04897895e-01 1.65067345e-01
    6.76559329e-01 9.73293662e-01 7.35053420e-01 -6.79032132e-02
    7.54634857e-01 -3.81461352e-01 1.69010270e+00 1.66941190e+00
    2.18380526e-01 7.98816025e-01 9.17795599e-01 -5.02762377e-01
    6.88371003e-01 3.47837865e-01 1.62500155e+00 -1.81005657e-01
    -7.51405656e-01 -1.39689550e-01 -6.36884123e-02 2.03502059e-01
    1.78479373e+00 1.05445671e+00 1.03418767e+00 1.41862214e+00
    1.43595994e+00 4.11189586e-01 -9.46079567e-02 4.58046168e-01
    5.25474072e-01 -6.46672070e-01 5.11777401e-01 7.54345357e-01
    -2.99025059e-01 5.31571448e-01 3.94958586e-01 4.01046246e-01
    1.72734809e+00 -7.27868259e-01 7.94934511e-01 -6.76208436e-01
    -1.34261459e-01 1.34911048e+00 2.58149534e-01 -1.53938726e-01
    3.02580655e-01 6.46286428e-01 8.84150386e-01 -8.49645615e-01
    1.29213047e+00 1.57749069e+00 -7.97269464e-01 1.35181594e+00
    -7.59657383e-01 2.65607327e-01 1.55847371e+00 1.23488210e-01
    4.00717296e-02 4.75875378e-01 3.61291051e-01 -1.58004299e-01
    -7.63955653e-01 1.28741574e+00 3.58695924e-01 1.05458891e+00
    -7.59200037e-01 1.52504933e+00 1.02449417e+00 1.65281606e+00
    1.25000775e+00 6.54408932e-01 -6.34809971e-01 -4.58438069e-01
    1.63995981e+00 3.64502817e-02 -7.01258302e-01 -2.65924811e-01
    9.91652608e-02 -9.22525376e-02 9.90943491e-01 5.39388239e-01
    9.30239499e-01 7.02192128e-01 -3.47769111e-01 -7.14084804e-01
    6.07666492e-01 1.52314767e-01 1.22910845e+00 6.22632802e-02
    -1.94812670e-01 1.17405021e+00 -3.94882619e-01 -2.01743707e-01
    -5.81705987e-01 4.61208910e-01 -5.68614244e-01 7.19375014e-01
    1.06219721e+00 1.56366789e+00 -4.03023541e-01 8.90153587e-01
    1.20799795e-01 1.79882944e+00 1.41737723e+00 2.80597985e-01
    1.39068007e+00 1.13871551e+00 7.58001506e-01 -7.72443295e-01
    1.52128488e-01 1.74659228e+00 4.22161371e-01 -2.80061990e-01
    1.00428712e+00 1.54941535e+00 1.35135972e+00 8.81063163e-01
    1.77774489e+00 1.11711776e+00 6.13050342e-01 -2.33466886e-02
    7.09411323e-01 -4.50045675e-01 -1.91881046e-01 1.61169469e+00
    -3.65636379e-01 4.69456494e-01 1.68276513e+00 1.64575517e+00
    8.90051126e-01 2.39329208e-02 5.37228100e-02 5.56341112e-01
    7.06075907e-01 7.22161055e-01 -2.38235041e-01 -8.67400467e-02
    6.61676973e-02 1.51717222e+00 6.96651399e-01 1.59415591e+00
    -6.15842581e-01 -5.91939330e-01 1.01453114e+00 8.41281176e-01
    1.67006099e+00 -4.04121317e-02 1.12037432e+00 3.92694592e-01
    1.69481194e+00 -6.95285976e-01 -5.31984448e-01 -1.34716064e-01
    1.11259438e-01 -1.87787171e-02 1.13019168e+00 2.15511605e-01
    1.48273599e+00 -2.04471558e-01 -5.16113788e-02 -2.15913117e-01
    1.70659745e+00 2.73654997e-01 -6.98040247e-01 -3.42514157e-01
    7.80793548e-01 -4.75589216e-01 1.54549813e+00 1.33911479e+00
    1.66131175e+00 1.62651658e-01 1.20532238e+00 1.10857499e+00
    -4.22843367e-01 1.98752865e-01 6.26718163e-01 7.91651487e-01
    -5.96152127e-01 9.37779486e-01 1.19332576e+00 -1.64339527e-01
    -4.65832472e-01 4.40732002e-01 -2.36690223e-01 8.63921791e-02
    -5.69736540e-01 -3.25566642e-02 4.59521234e-01 5.08581221e-01
    3.62672150e-01 1.00257361e+00 1.06453800e+00 6.59866154e-01
    1.47750509e+00 1.94157809e-01 -3.36175889e-01 9.37200248e-01
    1.32918930e+00 6.90710187e-01 5.99620581e-01 -6.75549805e-01
    1.26452839e+00 -5.10318756e-01 1.45557940e+00 1.54894555e+00
    9.86201093e-02 1.03944272e-01 1.16316080e+00 -7.08543599e-01
    -4.50957805e-01 7.05846190e-01 5.02800047e-01 2.67422851e-02
    -2.32611820e-01 2.97473669e-01 1.65175641e+00 4.62811261e-01
    -4.15600777e-01 5.90917826e-01 6.68046400e-02 3.83688271e-01
    1.41192377e+00 1.59029984e+00 1.43176901e+00 1.37152493e+00
    7.21419573e-01 -6.26248300e-01 1.16777432e+00 1.38627493e+00
    2.35706508e-01 6.79241300e-01 3.33962977e-01 1.21544766e+00
    6.88767254e-01 1.15868688e+00 6.95100546e-01 8.34711671e-01
    1.55508769e+00 1.51754248e+00 1.58771610e+00 4.86993104e-01
    1.47792089e+00 -4.25423533e-01 -3.45446199e-01 -4.29271102e-01
    2.79613972e-01 2.94526428e-01 -3.71417373e-01 4.32605654e-01
    1.25201249e+00 1.81745052e+00 1.51915526e+00 -1.68345988e-01
    -3.67139846e-01 1.71703771e-02 -4.05509382e-01 3.63909841e-01
    7.51081347e-01 1.62026024e+00 -6.37222707e-01 -7.29323328e-01
    -3.69506925e-01 -4.78561223e-01 1.26564467e+00 5.44332005e-02
    1.34050322e+00 1.28651667e+00 1.27154124e+00 9.17169750e-01
    2.83187717e-01 6.39883280e-01 -4.40916829e-02 -2.65245795e-01
    1.62223145e-01 1.78466189e+00 7.28462696e-01 1.58343160e+00
    4.76968616e-01 -4.62027133e-01 -3.20235878e-01 8.42781901e-01
    5.21504343e-01 2.07643390e-01 6.93214476e-01 3.69589150e-01
    1.74839163e+00 -5.60800731e-01 8.88651669e-01 4.39993083e-01
    6.71463668e-01 1.50465357e+00 -8.51784572e-02 9.39194560e-02
    1.26211965e+00 6.17125654e-04 -2.36792222e-01 3.61998565e-02
    -1.33585989e-01 -5.85278153e-01 1.30996844e-02 1.05314076e+00
    -2.38794774e-01 1.39029789e+00 -5.19897223e-01 5.64383686e-01
    1.41700637e+00 1.61206484e+00 1.41405392e+00 1.42798948e+00
    -8.67153481e-02 1.08500290e+00 2.97479182e-01 1.37455642e+00
    1.00924134e+00 1.54457557e+00 1.17693615e+00 7.95821309e-01
    3.33393544e-01 1.57294190e+00 7.20317304e-01 6.71749771e-01
    9.91233647e-01 -4.03284281e-01 -7.19393969e-01 -4.58185166e-01
    -1.08591564e-01 1.21119583e+00 -4.75887626e-01 1.77926207e+00
    4.84034181e-01 1.30730486e+00 1.54126287e-01 1.40102756e+00
    -5.90021193e-01 -7.22661436e-01 1.07146394e+00 -6.08279586e-01
    1.14154232e+00 9.62016523e-01 1.35966659e+00 6.95703328e-01
    1.53133735e-01 -3.55303049e-01 -9.39467475e-02 7.69688964e-01
    1.05797279e+00 -1.01541385e-01 2.28327990e-01 9.71626699e-01
    -8.08401108e-01 8.98915410e-01 1.11726522e+00 1.09469742e-01
    5.61282456e-01 1.30349016e+00 3.57824355e-01 1.10976195e+00
    1.36376286e+00 5.66969693e-01 8.43335509e-01 6.28531218e-01
    1.20527720e+00 6.86657012e-01 1.37949765e+00 1.48918644e-01
    4.96755481e-01 8.44654500e-01 1.10114026e+00 1.57733905e+00
    -8.03300142e-01 1.74441171e+00 -6.97935343e-01 -5.24236679e-01
    -6.26973212e-01 -2.74432778e-01 1.01082534e-01 -4.73697692e-01
    1.17489219e+00 3.77981752e-01 4.87493128e-01 1.46573365e+00
    1.46820104e+00 1.05532670e+00 1.04587626e+00 7.88759172e-01
    -3.19300026e-01 1.81114447e+00 4.76057053e-01 3.14803511e-01
    1.88951999e-01 1.50626218e+00 1.08869135e+00 4.90320295e-01
    9.71396267e-01 1.10776663e+00 1.77436674e+00 1.88142732e-01
    -3.18241358e-01 1.07124949e+00 8.50182414e-01 1.53956616e+00
    2.73840427e-01 1.64623094e+00 -1.81690559e-01 8.23011756e-01
    1.10442543e+00 7.17445016e-01 1.71587098e+00 -5.69653273e-01
    1.30578446e+00 6.26114011e-01 -2.84261763e-01 5.83391488e-01
    1.03875625e+00 1.26806974e+00 -9.85320061e-02 1.31831133e+00
    -5.35403848e-01 2.87643194e-01 -1.94531843e-01 5.93681812e-01
    -1.42985806e-01 2.32828230e-01 1.55395555e+00 -1.07906520e-01
    3.64486217e-01 -5.33877492e-01 -4.22758102e-01 6.66069031e-01
    -5.25732696e-01 9.25977647e-01 9.82828997e-03 1.76196659e+00
    -7.26374209e-01 1.11974502e+00 9.07858074e-01 -5.14979601e-01
    1.66359496e+00 1.07166100e+00 3.80895704e-01 1.12123263e+00
    4.54474576e-02 8.16191286e-02 -5.29825211e-01 -1.57211885e-01
    -1.42253727e-01 1.28034449e+00 8.17719877e-01 6.67481840e-01
    2.39689738e-01 -5.55612206e-01 -4.11864668e-01 1.24031758e+00
    1.48915875e+00 8.02418232e-01 6.16188228e-01 9.55114961e-01
    -3.10050786e-01 1.08611465e+00 1.59379804e+00 4.49313432e-01
    1.59356964e+00 6.81492209e-01 8.64079297e-02 7.62114227e-01
    1.40432215e+00 -7.01230943e-01 -4.07458872e-01 -2.67708540e-01
    7.44546592e-01 1.28702688e+00 3.15376908e-01 1.90490782e-01
    6.58532083e-01 -5.91757536e-01 4.87069637e-01 -6.87068522e-01
    1.40146136e+00 1.41274524e+00 6.59878254e-01 1.03598046e+00
    6.79741621e-01 1.67496932e+00 1.25687277e+00 -3.16590041e-01
    1.61466968e+00 -2.82136321e-01 1.44800663e-01 -1.62826300e-01
    -1.58141032e-01 -3.61840993e-01 2.91746140e-01 1.74769616e+00
    9.59683061e-01 4.90649521e-01 9.74210262e-01 1.03733933e+00
    7.51244605e-01 1.68212298e-02 1.54842436e+00 7.86821246e-01
    -8.50851238e-02 4.74808633e-01 1.82114577e+00 -2.26605237e-01
    -3.14086765e-01 -3.15590978e-01 8.08304787e-01 6.86553240e-01
    5.85714161e-01 1.84249014e-01 1.15504420e+00 2.91700423e-01
    -3.45861465e-01 -2.00516135e-01 1.99751034e-02 9.53608572e-01
    1.57948315e+00 -1.48821265e-01 1.29418147e+00 2.82146990e-01
    -7.64328718e-01 3.05913359e-01 1.27056110e+00 1.39748526e+00
    -6.75031424e-01 -2.60396272e-01 2.77279913e-01 3.75298858e-01
    1.37029982e+00 -5.84819496e-01 5.83491206e-01 1.52707779e+00
    2.30450988e-01 -7.35940099e-01 3.56851757e-01 3.38482589e-01
    -5.28449476e-01 1.28355467e+00 1.39024508e+00 9.23358500e-01
    -6.13310635e-01 -7.21100450e-01 1.41864395e+00 1.57132983e+00
    6.31899774e-01 1.10857964e+00 9.19804573e-02 -2.88401902e-01
    1.51148593e+00 1.03655195e+00 1.76294076e+00 1.60883740e-01
    3.21774065e-01 9.53882217e-01 6.68444037e-01 1.44145334e+00
    2.09984601e-01 1.06604636e+00 -7.14018703e-01 1.32605267e+00
    1.29007399e-01 1.36931276e+00 1.57772171e+00 -7.94021428e-01
    5.01671135e-01 -2.38568544e-01 1.35293281e+00 7.49048889e-02
    1.50267804e+00 -6.61247253e-01 1.68025160e+00 8.73723209e-01
    1.49627697e+00 -7.30950654e-01 -5.09573400e-01 -2.93328047e-01
    8.24095905e-02 1.34318542e+00 1.35785985e+00 7.38959253e-01
    8.42976153e-01 6.97801113e-01 9.48445916e-01 -3.08760822e-01
    5.47536314e-01 -2.09977344e-01 1.08791780e+00 1.45417368e+00
    1.63876963e+00 -2.28740588e-01 -6.26743972e-01 -2.22505942e-01
    8.82625818e-01 -2.39765152e-01 1.70848024e+00 -6.29977584e-02
    -2.46733561e-01 7.16770768e-01 1.16704369e+00 -2.74055600e-01
    9.88259196e-01 5.66251099e-01 7.03248560e-01 1.09824491e+00
    8.19926202e-01 1.32348466e+00 9.87909913e-01 3.87125552e-01
    7.98218966e-01 1.05693710e+00 1.03732514e+00 2.03418121e-01
    5.79050541e-01 2.20436409e-01 1.08310860e-02 9.37325478e-01
    1.73508990e+00 1.41829658e+00 2.10794896e-01 3.36099774e-01
    -7.17846096e-01 6.86968029e-01 6.97559357e-01 4.14913118e-01
    1.49454677e+00 1.46098542e+00 -2.25598980e-02 9.77670252e-01
    -2.22431913e-01 1.21336114e+00 4.65830624e-01 7.16614366e-01
    7.63466239e-01 -3.29696313e-02 -2.31668130e-01 -6.76630378e-01
    7.43314624e-01 -6.60883427e-01 6.86437130e-01 -7.17071593e-01
    2.50892609e-01 -3.86909932e-01 7.63386250e-01 -3.43167454e-01
    -5.02749503e-01 1.31846786e+00 -3.40346843e-01 5.12434021e-02
    -7.82045603e-01 1.80058125e-02 1.56581903e+00 6.31471932e-01
    -6.65912390e-01 5.54930270e-01 1.65324703e-01 1.16939747e+00
    1.54960620e+00 -6.44870400e-01 5.74095666e-01 7.53316164e-01
    8.23310852e-01 8.29917014e-01 8.36247206e-01 -2.88446724e-01
    8.75210643e-01 -2.66970605e-01 1.40587068e+00 1.29515886e+00
    1.02947152e+00 -2.24100932e-01 -8.91404971e-02 1.54706490e+00
    8.52218807e-01 1.33163798e+00 8.38966846e-01 5.21465577e-02
    1.10709357e+00 1.10921729e+00 1.41283524e+00 -4.94948309e-03
    -8.37078869e-01 1.27694106e+00 9.39554870e-01 1.75450945e+00
    1.32327735e+00 1.09194613e+00 5.91758251e-01 3.77205275e-02
    4.75766952e-04 1.43263650e+00 1.76750207e+00 -7.38182366e-01
    1.13649487e+00 8.72632146e-01 1.61637044e+00 1.08639371e+00
    1.21810758e+00 8.03107500e-01 6.19535565e-01 1.13008881e+00
    -4.99813288e-01 1.27958643e+00 -1.50349602e-01 1.10171843e+00
    -9.06158537e-02 1.44060373e+00 1.39856279e+00 -5.16248763e-01
    2.76071846e-01 -3.78480077e-01 1.46712005e+00 -2.18873546e-01
    1.53184605e+00 -6.48459136e-01 1.21648943e+00 6.21427774e-01
    4.25122947e-01 1.03071988e+00 -5.19930601e-01 2.26058663e-04
    1.14890242e+00 1.03596056e+00 6.72252059e-01 9.37491357e-01
    9.02692303e-02 1.59395766e+00 8.10264230e-01 -6.50234818e-01
    7.86485672e-01 -2.73020297e-01 1.55587241e-01 7.20735848e-01
    9.14648890e-01 -2.81673282e-01 1.21823835e+00 1.66731179e+00
    -7.68964350e-01 -6.74275517e-01 -3.11429650e-01 -5.39150000e-01
    7.70494103e-01 -5.34861982e-01 1.61413634e+00 9.79438961e-01
    6.50057971e-01 3.18219662e-01 7.90917397e-01 1.66706920e+00
    1.21399307e+00 -3.28838974e-01 1.10331047e+00 -4.13328081e-01
    1.69536674e+00 -6.31791592e-01 -4.79464233e-01 1.15562189e+00
    1.37023997e+00 2.50680894e-02 -3.62357229e-01 3.01442802e-01
    1.50829720e+00 5.52313864e-01 1.49990320e+00 -9.65898037e-02
    1.02540445e+00 5.61615229e-01 4.61144269e-01 1.63391805e+00
    1.25537455e+00 8.58369827e-01 -6.25447452e-01 1.58780539e+00
    7.78103173e-01 1.56343353e+00 1.01962471e+00 -7.78198063e-01
    1.36580396e+00 7.17471063e-01 7.01977074e-01 -2.58138537e-01
    1.18404055e+00 1.13726926e+00 -2.77383119e-01 3.91126782e-01
    1.30035174e+00 7.65585244e-01 -7.44015694e-01 8.96180034e-01
    6.28796935e-01 -6.46979809e-01 6.93457305e-01 -4.22464669e-01
    9.83426630e-01 1.17182270e-01 -6.13955319e-01 6.88995302e-01
    3.76995951e-01 7.61104226e-02 3.59083712e-01 1.34269512e+00
    -3.97749782e-01 3.31824958e-01 1.52190816e+00 9.16487992e-01
    -3.52758259e-01 2.27404162e-01 -2.70063013e-01 -5.53598106e-01
    6.20241940e-01 -1.88281447e-01 -1.94248289e-01 1.53330052e+00
    3.69843304e-01 -5.53657115e-01 1.20156229e+00 1.95911035e-01
    -9.87115949e-02 8.40445399e-01 1.27337539e+00 -9.38596874e-02
    -2.82807946e-01 -3.45374435e-01 1.73943293e+00 -5.35700500e-01
    -4.18627828e-01 -3.86998177e-01 1.61992610e+00 1.55040371e+00
    1.54031765e+00 9.30536687e-01 1.12000299e+00 3.96698028e-01
    1.23196423e+00 1.63860643e+00 -6.06994510e-01 -3.76229197e-01
    -5.85822880e-01 3.44836712e-02 2.63954967e-01 -8.65004286e-02
    4.52091932e-01 -2.24319026e-01 7.52517998e-01 6.64704025e-01
    1.16553605e+00 9.07996774e-01 -5.98457232e-02 1.45807385e+00
    -6.47912860e-01 8.62363458e-01 9.20322835e-01 8.30743536e-02
    1.22915483e+00 9.74000633e-01 -6.19693339e-01 1.62713563e+00
    -5.40804684e-01 1.01576936e+00 -3.45296472e-01 -3.31359148e-01
    5.61127961e-01 1.38608062e+00 -6.74213544e-02 6.13008201e-01
    1.24865866e+00 1.55074489e+00 7.50219285e-01 -6.25233054e-01
    3.53120953e-01 1.46784055e+00 1.07199621e+00 2.27076554e+00
    1.95889688e+00 1.49061918e+00 3.94252464e-02 5.41848361e-01
    -4.02908146e-01 3.45819414e-01 1.60560930e+00 -1.46447405e-01
    1.37825966e+00 3.82482409e-01 1.62525046e+00 8.15593228e-02
    -5.17752230e-01 3.35477553e-02 9.25413430e-01 1.48484755e+00
    -2.91602731e-01 1.30074131e+00 -4.71305132e-01 1.31099284e-01
    1.50273156e+00 1.64865911e+00 -2.01926202e-01 1.26981601e-01
    -5.83039038e-02 -1.19895831e-01 -3.79103303e-01 3.32852334e-01
    -3.06286275e-01 4.90759313e-01 -3.07007402e-01 1.25689483e+00
    2.03454331e-01 -4.93676007e-01 9.88582492e-01 1.60405040e+00
    5.61521530e-01 -4.07467097e-01 7.74786353e-01 1.10365725e+00
    1.19246578e+00 1.16749203e+00 -3.09447855e-01 -2.57443666e-01
    1.24551439e+00 1.63693237e+00 5.53029954e-01 9.10274446e-01
    1.43802249e+00 1.52517885e-01 -1.06704809e-01 -7.91121364e-01
    4.76190537e-01 1.04959738e+00 4.31502491e-01 -3.17902267e-01
    6.15230680e-01 6.75049543e-01 1.70929149e-01 1.69566941e+00
    1.70184731e+00 9.71384227e-01 -4.17840928e-01 1.39809012e-01
    1.33800805e+00 -6.45684958e-01 1.61665964e+00 -3.09581548e-01
    -3.38815659e-01 1.05811453e+00 -6.69040978e-01 -6.85939491e-02
    8.72291267e-01 1.33659458e+00 1.52678752e+00 9.02020335e-02
    -2.93111533e-01 -6.22096777e-01 -4.10548627e-01 1.83435392e+00
    1.58796954e+00 1.71267509e+00 1.52776897e+00 1.51496553e+00
    6.19951844e-01 4.00169760e-01 4.90275502e-01 -6.42520308e-01
    6.17604792e-01 -4.20971572e-01 1.34707618e+00 3.75532478e-01
    -5.60258448e-01 5.24691164e-01 6.54785991e-01 1.04345012e+00
    1.47760129e+00 9.52504635e-01 -4.15461898e-01 4.29731548e-01
    4.77425009e-01 9.01485860e-01 -1.26220599e-01 1.58325851e+00
    5.05148053e-01 -5.57407379e-01 1.40688944e+00 9.56465974e-02
    8.30096483e-01 -3.34418088e-01 -4.45630610e-01 -7.19759285e-01
    -1.85698554e-01 1.64567256e+00 1.45640016e+00 8.47227752e-01
    6.12072706e-01 -5.57705581e-01 1.28172052e+00 1.18417871e+00
    5.06959081e-01 -3.17202002e-01 1.03308439e+00 2.77271986e-01
    1.11162329e+00 8.51091027e-01 5.63110530e-01 1.14830363e+00
    -6.49109602e-01 -7.15227604e-01 -8.13249052e-01 7.66083419e-01
    -7.44054198e-01 -4.56745088e-01 -6.56366587e-01 -4.36607748e-01
    -2.86789596e-01 1.13276899e+00 1.77886903e+00 3.66382867e-01
    6.18179977e-01 -5.92498422e-01 6.83762610e-01 -3.98553967e-01
    4.06002969e-01 1.68313158e+00 4.85968560e-01 3.39139968e-01
    1.35403085e+00 1.19033682e+00 -4.54999506e-01 2.99921155e-01
    3.94589394e-01 -7.66633689e-01 -9.73908603e-02 4.76833701e-01
    -1.68681502e-01 1.37440979e+00 1.10495925e+00 -1.21158488e-01
    1.16589323e-01 1.59554064e+00 -3.56589258e-02 8.34977388e-01
    -7.15686381e-01 4.54337262e-02 7.95761228e-01 -3.72710377e-02
    7.51887187e-02 1.05577838e-02 -3.87989789e-01 1.54567301e+00
    8.54860008e-01 1.04473971e-01 3.97786498e-01 1.51750755e+00
    1.00398266e+00 -3.50129247e-01 2.08161455e-02 1.46039641e+00
    2.37797558e-01 1.49308240e+00 -1.84234515e-01 -4.80565369e-01
    1.44832110e+00 7.56967247e-01 -5.17970145e-01 1.03238106e+00
    2.35033378e-01 4.32553172e-01 1.60005391e+00 1.18888736e+00
    3.24660420e-01 1.71672595e+00 1.21384907e+00 1.61590397e+00
    8.76035333e-01 5.76231837e-01 1.57533121e+00 -2.95383148e-02
    3.78849596e-01 1.62261260e+00 -6.64635420e-01 -3.76073718e-01
    1.14974463e+00 -1.40845135e-01 4.08781916e-01 7.94338107e-01
    1.38454115e+00 -5.73614359e-01 -1.49392650e-01 8.16651165e-01
    1.54676032e+00 -4.50842679e-01 7.83150136e-01 7.07832813e-01
    1.02160418e+00 1.29715717e+00 9.67365980e-01 3.62975955e-01
    6.51397824e-01 6.05843544e-01 1.13465726e+00 1.56043637e+00
    1.74519822e-01 1.30441177e+00 1.50262237e+00 1.07036364e+00
    1.53147447e+00 -2.21077189e-01 -2.31388003e-01 4.56334293e-01
    8.34488928e-01 -5.51111460e-01 4.35310245e-01 -3.42090338e-01
    1.68724322e+00 8.64923954e-01 4.23966460e-02 3.85925978e-01
    9.17090848e-02 1.70019841e+00 8.97917245e-03 5.28185070e-01
    7.42992938e-01 4.75096792e-01 -1.79144427e-01 -4.91838336e-01
    8.49495113e-01 -7.05648363e-01 5.78903794e-01 -5.56477427e-01
    -4.29460078e-01 -4.31767076e-01 1.64629829e+00 1.27056277e+00
    -3.79178107e-01 5.45254230e-01 2.13239431e-01 -1.99584693e-01
    -4.58637923e-01 -3.63938361e-01 -4.91541028e-01 6.91571951e-01
    -6.00035369e-01 8.70946944e-01 -7.09790289e-01 -1.07894018e-02
    1.31096512e-01 1.30001974e+00 1.80854166e+00 1.57601368e+00
    -6.25700891e-01 -5.18812776e-01 1.04070270e+00 -2.56364286e-01
    -7.13744164e-01 9.56813812e-01 8.97615731e-01 1.40761161e+00
    1.00526309e+00 -5.81400506e-02 9.51748550e-01 6.52844906e-01
    2.45035753e-01 8.73233795e-01 5.12075722e-01 8.83030072e-02
    1.11965704e+00 5.88036850e-02 1.73196062e-01 -1.01499237e-01
    1.31793964e+00 2.69004017e-01 -3.59442145e-01 9.00668085e-01
    -4.06768143e-01 9.70902324e-01 4.99584466e-01 1.47524512e+00
    7.42377043e-01 1.59659553e+00 9.57343951e-02 1.41641688e+00
    8.44362974e-01 5.19606292e-01 1.67109400e-01 2.80739516e-01
    -6.18002236e-01 1.18595469e+00 -3.57550196e-02 1.01217079e+00
    -1.86025336e-01 8.82343292e-01 2.66780168e-01 1.52974713e+00
    1.36086905e+00 -1.05104372e-02 1.46228278e+00 -2.52849758e-02
    1.15487945e+00 2.65857875e-01 8.13338935e-01 1.51605034e+00
    -2.82426411e-03 8.97768438e-01 7.10899055e-01 -6.32557154e-01
    6.71237767e-01 1.40003419e+00 -4.15836535e-02 1.57991195e+00
    -1.19307809e-01 -3.73419747e-02 1.52522194e+00 -7.33513176e-01
    2.45348796e-01 -1.85325772e-01 2.96648126e-02 2.04919726e-01
    -6.94219351e-01 1.00092638e+00 -1.10218480e-01 1.37313759e+00
    -3.06183249e-01 -1.81546986e-01 -2.47833356e-02 8.44930947e-01
    1.60297751e+00 1.11330771e+00 1.42143321e+00 8.26228917e-01
    -6.31229758e-01 1.45127964e+00 3.66671652e-01 1.69921243e+00
    4.99283433e-01 1.35125503e-01 3.43224972e-01 1.58719587e+00
    4.85068262e-02 1.35067451e+00 -3.41030777e-01 -4.11515325e-01
    1.45436868e-01 7.16760993e-01 1.52538800e+00 1.70501173e+00
    1.70941627e+00 5.14193118e-01 -6.49186969e-01 -2.57362910e-02
    -5.42219281e-01 1.56461060e+00 1.48552194e-01 -1.39456928e-01
    -6.77203760e-02 -2.65332699e-01 -3.40275347e-01 9.40154076e-01
    6.39465988e-01 -5.70739686e-01 1.63214660e+00 8.14339519e-01
    9.27342176e-01 1.54383349e+00 -1.56642050e-01 1.39838445e+00
    -5.37671030e-01 -3.96954834e-01 3.98280472e-01 -2.73758054e-01
    -5.47547340e-01 1.17802954e+00 -2.28900298e-01 -8.23894978e-01
    1.19154513e+00 1.11149573e+00 7.33921766e-01 -2.27895901e-01
    -1.24719083e-01 3.29209447e-01 6.38748348e-01 1.50564814e+00
    1.39678359e+00 -3.69808495e-01 9.26019400e-02 -1.71908550e-02
    -4.13573295e-01 1.34573865e+00 -3.98177177e-01 1.71003067e+00
    1.59658911e-03 1.52838543e-01 3.33230168e-01 1.10443234e+00
    6.76467478e-01 5.49313128e-01 1.77461731e+00 1.17696488e+00
    4.00466859e-01 -1.60782054e-01 7.08899796e-01 1.29155481e+00
    5.86136043e-01 1.48523760e+00 1.47336888e+00 8.80889773e-01
    1.51459730e+00 4.57466006e-01 1.21350801e+00 6.62736893e-01
    7.70479560e-01 1.17604677e-02 1.29464257e+00 8.99547160e-01
    2.03565508e-02 -2.37556666e-01 4.06153113e-01 5.76676071e-01
    1.59234071e+00 1.03523540e+00 1.36405933e+00 1.69104195e+00
    1.49857056e+00 5.16932249e-01 -6.89959884e-01 7.30653167e-01
    -4.38848615e-01 3.52835834e-01 9.69424099e-02 -7.16394544e-01
    1.70348406e+00 -5.62116385e-01 1.24057436e+00 5.81529498e-01
    -4.61891204e-01 2.18277261e-01 5.44846833e-01 1.62631869e-01
    2.67656237e-01 1.44735706e+00 -4.46215034e-01 -4.72540706e-01
    1.14538360e+00 1.38047934e+00 1.63191152e+00 1.38475716e+00
    1.97967321e-01 1.22995043e+00 1.44142461e+00 -5.70066988e-01
    1.65389431e+00 1.40519512e+00 7.25450665e-02 1.24296896e-01
    1.47821069e+00 2.55965501e-01 1.19688702e+00 8.96027386e-01
    1.62716523e-01 7.63556719e-01 1.41572702e+00 -1.38396308e-01
    -2.11981460e-01 -1.71000808e-02 3.56602818e-01 -7.88566172e-01
    9.55313683e-01 4.09773141e-01 1.26416683e+00 1.12086594e+00
    -6.26496434e-01 7.50474513e-01 1.50064147e+00 -4.86216813e-01
    7.11611390e-01 9.24127996e-01 1.58638287e+00 1.12912762e+00
    -2.37183526e-01 -6.15908653e-02 1.52267969e+00 1.16169882e+00
    -6.46748245e-01 -3.58602434e-01 -7.45936558e-02 -4.28764224e-01
    -6.15097642e-01 1.39977181e+00 2.84707397e-01 7.84102440e-01
    -3.01929489e-02 -1.05215937e-01 1.50557005e+00 4.06434357e-01
    2.95976162e-01 1.93417180e+00 2.45151818e-01 -1.80826738e-01
    -3.91497821e-01 5.81553206e-02 1.72018492e+00 4.96789545e-01
    9.82427061e-01 -6.50461018e-01 5.98759472e-01 -6.10850334e-01
    5.14959455e-01 -2.42205784e-01 -6.73445642e-01 1.19893026e+00
    1.45986319e+00 8.43472481e-01 8.76883745e-01 -5.71487546e-01
    1.69955611e+00 5.72131753e-01 -1.57247290e-01 1.75793839e+00
    8.16043317e-01 -6.74345374e-01 1.49066317e+00 4.09886360e-01
    9.13675308e-01 7.61757493e-02 -2.82701939e-01 -8.92026201e-02
    7.77881220e-02 -5.75833440e-01 7.64287412e-01 1.49778903e+00
    7.57424116e-01 1.21431077e+00 1.21345007e+00 -1.25753850e-01
    -3.01745802e-01 8.84985983e-01 2.95989186e-01 2.68849544e-03
    9.51143861e-01 -6.47548735e-01 7.90299535e-01 1.58137405e+00
    9.89095688e-01 1.54701567e+00 9.42849338e-01 1.59966505e+00
    8.64998102e-01 1.36596417e+00 1.07677019e+00 1.08848262e+00
    3.21581036e-01 3.49595696e-01 -2.89698452e-01 1.26675582e+00
    -5.37107646e-01 9.90120053e-01 7.89776385e-01 3.36969227e-01
    -3.65444779e-01 6.71450377e-01 1.80235058e-01 1.12650180e+00
    -2.92657435e-01 -4.78920698e-01 9.44655299e-01 -6.11604869e-01
    1.75955236e+00 -5.24795890e-01 8.93182456e-01 1.38307405e+00
    -4.69118446e-01 4.72866863e-01 2.11687550e-01 -1.08065113e-01
    -7.72528589e-01 7.37072229e-01 1.56680858e+00 8.89515519e-01
    5.21949410e-01 -4.52444017e-01 -6.64551198e-01 8.73908460e-01
    1.18780267e+00 1.06847906e+00 -9.85353887e-02 -1.53863713e-01
    1.35942185e+00 -6.53010368e-01 3.50584425e-02 -2.54605144e-01
    -6.14179485e-02 -6.34039879e-01 1.53392744e+00 2.50424564e-01
    2.13606700e-01 9.43746388e-01 -7.34921992e-01 -7.99062848e-02
    1.19158328e+00 -3.70013595e-01 -1.52521670e-01 1.30056643e+00
    9.36743379e-01 9.12058726e-02 -3.16906720e-01 1.52829897e+00
    -6.99305892e-01 1.29697192e+00 6.52800798e-01 4.14304346e-01
    1.09427512e+00 1.15145588e+00 -3.34544510e-01 1.29535913e+00
    -6.58958018e-01 1.56121802e+00 -4.10188228e-01 1.63629615e+00
    6.25330985e-01 1.56032717e+00 1.68481112e+00 3.61208349e-01
    9.33771115e-03 2.00142086e-01 -1.71760589e-01 -2.81360716e-01
    -3.07864338e-01 -6.05355263e-01 1.04237866e+00 1.44666851e+00
    1.15954459e+00 1.33505571e+00 1.09359074e+00 7.66317248e-01
    -1.80150941e-01 -1.84561256e-02 -7.19062328e-01 7.51227438e-01
    -2.72964567e-01 5.97879708e-01 1.45951915e+00 1.60865188e+00
    1.31720960e+00 1.35440338e+00 1.47127652e+00 6.95634902e-01
    -3.24610054e-01 9.21108067e-01 2.07415760e-01 4.71384823e-02
    1.19636822e+00 7.58903623e-01 2.88863868e-01 2.30917126e-01
    6.32710338e-01 4.26465452e-01 6.42855465e-01 3.71740311e-02
    9.73692358e-01 -8.21883023e-01 1.48445797e+00 1.28694963e+00
    1.50193346e+00 1.44084764e+00 -4.35536683e-01 9.17366892e-02
    -6.98283136e-01 3.89878452e-01 8.79835904e-01 -6.76786423e-01
    1.14846015e+00 4.70351130e-02 1.54609358e+00 1.20814085e+00
    9.62015867e-01 1.01149786e+00 -5.10153234e-01 -2.63091121e-02
    1.17040038e+00 9.12947714e-01 1.61677063e+00 -4.95691270e-01
    2.84023672e-01 1.63567767e-01 3.01362067e-01 -1.22223772e-01
    1.42328131e+00 -6.47712052e-01 1.23959816e+00 -2.80411243e-01
    1.46968508e+00 6.89539194e-01 9.21540618e-01 1.08805466e+00
    1.24515045e+00 1.59209073e+00 9.90961969e-01 7.51291811e-01
    -1.77558232e-02 1.59247196e+00 -5.51887378e-02 2.03593243e-02
    7.14464009e-01 1.23663783e+00 -4.16427374e-01 -6.20302439e-01
    3.48281920e-01 9.08072650e-01 6.57308936e-01 1.10956943e+00
    1.47184598e+00 -5.26498735e-01 -1.86587900e-01 1.67249620e+00
    -4.01107043e-01 1.15428483e+00 1.49428618e+00 1.33416307e+00
    9.91040707e-01 8.58525157e-01 7.82540858e-01 1.03015935e+00
    1.40933216e+00 1.42872000e+00 1.03537619e+00 6.84482515e-01
    -1.73339248e-01 -2.54084796e-01 3.74272645e-01 1.52886426e+00
    1.08585143e+00 1.12878525e+00 -8.15653205e-01 -5.51662683e-01
    1.46425569e+00 1.05353320e+00 -3.35148931e-01 1.16193545e+00
    1.24193585e+00 5.55275798e-01 1.10025597e+00 3.36222470e-01
    5.98618209e-01 1.65408552e-01 1.98613119e+00 1.16638079e-01
    1.70166087e+00 1.06627393e+00 1.72192073e+00 -7.66553804e-02
    5.10009289e-01 -5.44747412e-01 -2.46899994e-03 -3.73123199e-01
    1.08719671e+00 3.31962630e-02 7.32804120e-01 6.49805605e-01
    8.62143695e-01 1.72887480e+00 -1.70864984e-01 -3.04411680e-01
    -1.62919000e-01 -1.43832996e-01 1.20774066e+00 3.52329463e-01
    1.29416442e+00 1.57138157e+00 3.79007645e-02 -8.32601249e-01
    1.05831218e+00 -6.08139224e-02 -6.43202960e-02 9.52416539e-01
    1.78413749e+00 -6.67003036e-01 1.75016916e+00 7.17295945e-01
    -4.64553505e-01 -5.98459482e-01 -6.17102198e-02 7.90744841e-01
    4.50726509e-01 6.20140955e-02 9.08265054e-01 1.37667477e-01
    1.70783281e-01 -4.31946307e-01 -3.12096983e-01 9.83236909e-01
    -8.01481366e-01 -2.08627626e-01 7.49142647e-01 5.07346451e-01
    3.19686159e-02 1.52477121e+00 -3.32959414e-01 1.49220610e+00
    1.46520138e+00 3.03369343e-01 8.64025652e-01 1.29603580e-01
    1.17573440e+00 3.89427602e-01 -2.66614735e-01 8.49141598e-01
    -4.54279035e-02 7.02996016e-01 -4.06808525e-01 1.71576291e-01
    1.58202183e+00 -1.98397607e-01 5.55519283e-01 1.72357094e+00
    -2.56534874e-01 1.24204946e+00 8.66659462e-01 -7.26738632e-01
    2.85247952e-01 2.33286202e-01 -8.74060914e-02 -3.23243499e-01
    4.34118807e-01 5.67490280e-01 -6.92568347e-02 -4.54052359e-01
    -6.80851340e-01 6.26465142e-01 3.92230242e-01 4.04698193e-01
    -2.87048191e-01 1.55564201e+00 -1.39409199e-01 -4.11445320e-01
    1.03959262e+00 9.07912701e-02 8.43896568e-01 1.18955016e+00
    -4.49270010e-02 -2.40445733e-01 1.18769097e+00 -2.10187696e-02
    -2.98739433e-01 -3.44387889e-01 -4.19260025e-01 -8.44409913e-02
    1.12883401e+00 1.21053922e+00 3.36416692e-01 1.50473547e+00
    1.68369770e+00 -2.27607116e-01 -3.99348199e-01 1.29090059e+00
    1.17067373e+00 1.54695481e-01 -4.35886681e-01 3.82876605e-01
    -6.11600220e-01 1.30919075e+00 9.78688598e-01 -5.81375241e-01
    1.43488646e+00 1.43199539e+00 4.18859333e-01 -1.35578156e-01
    8.22932899e-01 5.33096611e-01 -2.94235885e-01 -3.82240750e-02
    -1.19182333e-01 -4.51900303e-01 1.19526364e-01 1.62271357e+00
    1.47803986e+00 1.69668102e+00 -2.91381896e-01 5.89520752e-01
    -5.50718963e-01 3.64324331e-01 1.51057494e+00 1.26596165e+00
    1.46862411e+00 1.59297478e+00 -3.94180179e-01 1.45342684e+00
    6.02998793e-01 -5.28155804e-01 9.46003854e-01 1.71979356e+00
    -4.77335483e-01 1.30439997e+00 -5.50376832e-01 -4.57352012e-01
    8.51324618e-01 -3.93603444e-01 1.40053380e+00 1.23244643e+00
    1.24517810e+00 4.52624001e-02 1.14042485e+00 -4.47107464e-01
    8.44387829e-01 1.44196391e+00 -1.72927782e-01 -3.83880675e-01
    6.09370470e-01 -5.24131715e-01 4.67165053e-01 -2.54142106e-01
    1.93306983e-01 3.49857032e-01 4.15031135e-01 1.22107160e+00
    1.30808032e+00 7.51762092e-01 -4.78283167e-02 6.89842701e-01
    9.88474786e-01 4.38985318e-01 1.57414675e+00 4.82569396e-01
    -7.78823137e-01 1.73762548e+00 3.70190650e-01 1.60868514e+00
    -7.17435956e-01 1.06943631e+00 1.55096376e+00 9.86034870e-02
    -8.83210525e-02 -1.53283834e-01 8.36801410e-01 9.95295763e-01
    1.13095713e+00 1.04647851e+00 -1.95364907e-01 -2.99003929e-01
    8.95006299e-01 1.53849733e+00 -4.36126292e-01 -2.46401042e-01
    -7.23300040e-01 1.85062394e-01 1.20387912e+00 1.35414004e+00
    2.33269036e-01 4.59632933e-01 1.31000173e+00 3.95857632e-01
    8.84060204e-01 1.47846913e+00 -5.26215374e-01 -2.01233644e-02
    -2.02692181e-01 2.63761312e-01 -6.19222045e-01 3.30746919e-01
    -6.43094420e-01 1.43159544e+00 1.37165749e+00 7.69623995e-01
    1.55425310e+00 2.52258092e-01 -2.40331516e-01 -1.24921627e-01
    -3.28154385e-01 8.84942591e-01 3.61547410e-01 1.50756240e+00
    4.81061757e-01 5.17168939e-01 6.87228218e-02 6.03199363e-01
    -4.04949725e-01 6.04082465e-01 1.09999144e+00 -5.69725335e-01
    2.58390129e-01 5.19870818e-01 3.91046524e-01 9.46116388e-01
    1.24505341e+00 1.28161347e+00 1.04313433e+00 -8.67358208e-01
    1.53728843e+00 1.48596025e+00 4.62948233e-01 1.25545800e+00
    3.31822693e-01 1.54123056e+00 -5.60920860e-04 1.10390913e+00
    1.31632185e+00 9.30945873e-02 -4.93268788e-01 -4.75149989e-01
    2.37347167e-02 8.99218917e-01 -5.85946031e-02 9.38783169e-01
    1.53948712e+00 1.27274573e-01 8.57774377e-01 -5.28255284e-01
    -5.79314888e-01 -2.68365238e-02 3.43416214e-01 -2.97927111e-01
    7.31616557e-01 3.92140687e-01 1.05007792e+00 1.52726936e+00
    1.14319623e+00 2.61187017e-01 -3.23880911e-01 -6.82621747e-02
    -1.18620500e-01 1.35886431e+00 1.12466335e-01 7.62519062e-01
    8.15498710e-01 4.91920888e-01 2.01288179e-01 1.37296391e+00
    4.92229462e-01 -4.84773338e-01 1.67470729e+00 1.29616690e+00
    -7.84959316e-01 9.74465489e-01 -1.73247129e-01 1.02118540e+00
    -3.93242031e-01 1.71909404e+00 8.80872548e-01 3.12355667e-01
    1.67771959e+00 1.22053254e+00 7.94564009e-01 -2.92876899e-01
    1.01807356e+00 1.35957986e-01 1.20612252e+00 -4.68977183e-01
    1.88203737e-01 1.68620741e+00 -3.64220321e-01 7.09995151e-01
    -7.45172128e-02 1.36902869e+00 9.07280445e-01 7.62529731e-01
    -2.00054348e-01 -3.84218007e-01 1.22215176e+00 -2.94538409e-01
    6.25557184e-01 4.82780516e-01 2.46171877e-01 3.76472592e-01
    -3.86466265e-01 -4.94616956e-01 -3.24954331e-01 -9.81782749e-02
    1.73937225e+00 4.67989594e-01 3.47570360e-01 -7.38619745e-01
    -6.46731794e-01 7.80114770e-01 -3.79523963e-01 -6.09864295e-01
    1.52600515e+00 4.14040148e-01 1.00624990e+00 -4.45775867e-01
    6.02646232e-01 1.47520757e+00 -4.20020729e-01 1.12638223e+00
    -1.13606699e-01 -9.95692313e-02 6.90246582e-01 1.58561790e+00
    1.69074178e+00 9.72501457e-01 1.73069358e+00 -6.68576300e-01
    8.57383490e-01 1.27410030e+00 1.38574421e+00 1.20071220e+00
    -7.42552519e-01 1.28113961e+00 -5.52420616e-01 1.51176319e-01
    -4.13582295e-01 1.69703329e+00 4.72463697e-01 7.02246189e-01
    8.94955695e-01 2.57933065e-02 -2.41307225e-02 7.27864802e-01
    1.56653607e+00 9.39559340e-01 4.70176131e-01 1.66379559e+00
    -1.11721113e-01 1.68255711e+00 -4.35787231e-01 1.11817825e+00
    7.68718064e-01 1.72518623e+00 5.87302268e-01 9.83759165e-01
    1.31579232e+00 3.72448866e-03 -3.41247499e-01 1.70580399e+00
    -7.42494524e-01 1.77165449e+00 1.68715513e+00 8.52727443e-02
    -2.34182939e-01 -4.43204373e-01 1.67717147e+00 4.25820291e-01
    1.26504469e+00 -2.70536482e-01 7.75542974e-01 2.99589247e-01
    8.84649813e-01 -7.90237010e-01 1.43105423e+00 1.46247089e+00
    1.81302023e+00 3.35041344e-01 9.16596413e-01 1.70305181e+00
    3.54867578e-01 3.85665953e-01 -4.98676866e-01 2.02911243e-01
    1.22179151e+00 8.94997656e-01 1.46435714e+00 -2.89107293e-01
    9.47397113e-01 -4.48633134e-01 7.22133994e-01 1.46008694e+00
    8.39636981e-01 1.54866052e+00 1.87857136e-01 3.86037380e-01
    4.09543693e-01 2.80063778e-01 -2.24583626e-01 -2.60392576e-01
    -5.97965956e-01 -2.95948118e-01 7.05985487e-01 -4.92170990e-01
    -5.26039064e-01 1.60596776e+00 4.89506453e-01 5.73287867e-02
    -7.86675274e-01 1.43855524e+00 5.74619889e-01 5.22466779e-01
    -4.11195844e-01 1.21650243e+00 -6.47083759e-01 -1.28028348e-01
    -1.31332442e-01 -2.85786130e-02 1.31170154e+00 1.23645604e+00
    2.03922212e-01 1.38045287e+00 -5.19482791e-01 2.10085854e-01
    -9.81028154e-02 5.20699441e-01 7.06247270e-01 -2.74840266e-01
    -2.43251413e-01 -2.73831964e-01 -1.40336156e-01 5.54682970e-01
    -5.87138832e-01 -1.72327638e-01 1.06462407e+00 6.92332014e-02
    -4.31930125e-01 1.50472760e+00 1.43943381e+00 1.38524890e+00
    1.36229128e-01 -7.51452029e-01 1.51254666e+00 1.08264410e+00
    1.77721649e-01 9.70529795e-01 -4.41878974e-01 -2.74753988e-01
    2.96790060e-02 1.68188667e+00 -7.55727351e-01 4.80626971e-01
    5.52417874e-01 1.43463194e+00 4.59408462e-01 -3.12226951e-01
    -4.26472962e-01 2.13311628e-01 6.70520246e-01 1.46501279e+00
    1.55269015e+00 1.09201837e+00 1.08288693e+00 1.90323576e-01
    -3.69937837e-01 5.89475453e-01 -1.35693938e-01 -3.08752775e-01
    1.59659791e+00 1.04878926e+00 1.72039938e+00 -5.16326666e-01
    7.58473694e-01 1.27731264e+00 -4.45496500e-01 4.31017309e-01
    1.23202503e+00 4.72910255e-01 1.35873699e+00 1.41874790e+00
    -6.22364104e-01 1.11493099e+00 7.17010438e-01 1.09153450e+00
    -6.52740300e-01 9.65316772e-01 1.59609580e+00 5.61709143e-02
    5.08121252e-01 3.15901369e-01 4.57958549e-01 1.49505520e+00
    -1.32884786e-01 -5.66113412e-01 1.93060708e+00 1.69488454e+00
    2.05634665e+00 -1.53455839e-01 1.22953212e+00 6.97541237e-01
    1.29586303e+00 1.18806493e+00 -4.99918610e-01 9.46838379e-01
    7.91874588e-01 -3.56072664e-01 1.68949023e-01 8.84862006e-01
    4.24218833e-01 -6.76310301e-01 1.62361741e+00 8.34263921e-01
    9.48906004e-01 8.70628178e-01 -7.19357848e-01 -4.39966530e-01
    8.94382298e-01 3.56076002e-01 5.79267561e-01 9.24112916e-01
    -1.80962846e-01 1.29248905e+00 -3.13780487e-01 -4.03077513e-01
    1.26423943e+00 -6.10526577e-02 9.92003918e-01 -5.46149373e-01
    6.84769809e-01 7.51999021e-01 1.02623844e+00 -5.97090483e-01
    -3.80408704e-01 7.32819736e-01 1.56390774e+00 -5.89622438e-01
    2.09562674e-01 -1.18721657e-01 1.41584992e+00 -1.52221015e-02
    -7.23821461e-01 5.32234944e-02 1.78540993e+00 4.59184051e-01
    -1.15893863e-01 3.51211578e-01 -3.94553214e-01 3.53917271e-01
    1.52616036e+00 -5.39556265e-01 4.20835525e-01 6.97609305e-01
    8.11943352e-01 5.54843724e-01 -2.49457285e-01 -1.08916305e-01
    -6.10653341e-01 -3.65643442e-01 -7.16006100e-01 9.44706857e-01
    1.02195728e+00 8.03779900e-01 1.07936192e+00 6.51081562e-01
    -1.74256027e-01 2.28524767e-02 1.24108088e+00 1.16178942e+00
    7.21192598e-01 6.42617285e-01 1.22819686e+00 1.07672977e+00
    -7.35846832e-02 -1.62478328e-01 6.55458570e-02 5.11315227e-01
    1.01686752e+00 2.18103468e-01 1.38759696e+00 1.14183992e-01
    -3.32949072e-01 1.78912640e+00 3.06154460e-01 1.03368294e+00
    -2.80156195e-01 1.42490101e+00 1.02864003e+00 1.74090385e-01
    3.10085118e-01 1.24104726e+00 -5.10732949e-01 1.05749115e-01
    8.80790353e-01 -1.10552974e-01 9.94420946e-01 -4.32700813e-01
    -2.47740000e-01 -2.85182446e-01 9.47308242e-01 -1.02539077e-01
    6.84713960e-01 1.58945847e+00 5.17395914e-01 5.12744635e-02
    3.28996539e-01 1.38223290e+00 -5.03523350e-01 1.46489918e+00
    -6.24088109e-01 -7.74753809e-01 8.14876795e-01 -8.24134707e-01
    7.43331313e-01 9.21807110e-01 4.25740212e-01 2.29867753e-02
    6.85196936e-01 6.81376755e-01 1.76416886e+00 4.91394222e-01
    2.43528843e-01 3.10308278e-01 -5.44644475e-01 1.67778766e+00
    -7.80654430e-01 -1.18756637e-01 3.38087231e-01 -2.13130206e-01
    1.75066924e+00 2.38169849e-01 1.60779691e+00 3.41270506e-01
    1.98998466e-01 1.11778879e+00 -7.63975739e-01 -9.23208073e-02
    6.59879267e-01 1.37904167e+00 1.06138253e+00 4.95996594e-01
    1.65131330e-01 9.49405670e-01 -5.28863370e-01 1.35839927e+00
    7.89268613e-01 7.77934134e-01 9.18249786e-01 -6.70275807e-01
    7.37620294e-01 -6.53902709e-01 2.22679541e-01 1.02013969e+00
    -2.06854343e-01 4.31095213e-01 4.73573171e-02 -6.08367622e-01
    9.84963179e-01 1.08232892e+00 3.91948581e-01 4.15856808e-01
    5.57382762e-01 -1.13671422e-01 1.09118485e+00 5.35730422e-01
    1.26649594e+00 4.93014574e-01 1.12900287e-02 -2.40441531e-01
    -4.82159406e-01 1.47786582e+00 1.66769290e+00 1.21315408e+00
    3.54852021e-01 1.39355147e+00 9.74697411e-01 1.35003090e-01
    1.03680825e+00 7.48204410e-01 4.56932843e-01 3.45896393e-01
    8.48823786e-02 6.37805998e-01 -2.88857460e-01 -3.40977132e-01
    1.43277204e+00 -5.89248762e-02 -1.04142301e-01 1.18253338e+00
    9.69786942e-01 -5.94263077e-01 1.33157885e+00 1.39003977e-01
    -4.18685496e-01 2.63197869e-02 -6.04694903e-01 1.53739357e+00
    -5.89985847e-01 -3.39718461e-02 9.70184684e-01 9.25086260e-01
    5.70620477e-01 -4.87821430e-01 -2.68244356e-01 2.45732740e-02
    9.11541224e-01 1.69002378e+00 1.20107865e+00 -4.37069833e-01
    7.25843981e-02 -3.27864856e-01 1.63421321e+00 1.10495830e+00
    2.88067758e-01 1.65086317e+00 -2.85194397e-01 8.02272022e-01
    1.43852198e+00 -5.86507618e-01 2.16963068e-01 -6.34988725e-01
    7.24891722e-01 -1.96526632e-01 8.42217088e-01 1.38730764e-01
    8.95340264e-01 9.94353414e-01 8.32740128e-01 9.41376626e-01
    -9.82862115e-02 2.85222739e-01 1.62977910e+00 1.65490437e+00
    2.29875296e-01 1.34768021e+00 1.28746283e+00 -6.15735985e-02
    1.13332272e+00 4.91289973e-01 1.05804729e+00 -3.92575622e-01
    3.41359109e-01 1.03569880e-01 1.53448856e+00 1.15772653e+00
    1.45450032e+00 -1.98386595e-01 5.85665822e-01 -8.24331403e-01
    9.83800709e-01 1.30213737e+00 5.66692591e-01 1.98054719e+00
    6.28054559e-01 -5.02658673e-02 6.97864950e-01 1.21747243e+00
    1.80946624e+00 1.55042553e+00 -6.06317997e-01 -8.42643455e-02
    1.84599376e+00 1.44693601e+00 -5.07978261e-01 -1.11850835e-01
    3.60028535e-01 -4.93641615e-01 -1.70448616e-01 -6.53718770e-01
    9.56885517e-01 -5.09233832e-01 3.87268633e-01 -4.45823133e-01
    1.66924298e+00 9.08701181e-01 1.04533565e+00 4.50296819e-01
    9.54472125e-01 1.33199751e+00 3.01029552e-02 9.36260939e-01
    4.98522401e-01 1.37987602e+00 1.01469207e+00 7.53477454e-01
    1.09955263e+00 9.45253789e-01 -5.92448115e-01 -2.76079506e-01
    1.72149241e+00 1.68625879e+00 6.13600254e-01 1.66182959e+00
    8.85806859e-01 1.15957475e+00 -3.60355705e-01 5.11584699e-01
    6.34871721e-01 9.87248421e-01 1.62612772e+00 -6.60119504e-02
    1.32300138e-01 -3.19031775e-01 -1.94877207e-01 -6.37929663e-02
    9.55846488e-01 5.04717112e-01 3.86663735e-01 6.23927593e-01
    8.33807945e-01 -5.91175497e-01 1.50819361e+00 8.71342897e-01
    5.98133206e-01 8.97419155e-01 6.79163456e-01 1.09935439e+00
    2.15540916e-01 1.62277043e+00 2.61011422e-01 -6.10485852e-01
    6.80511713e-01 1.51986039e+00 8.34685981e-01 6.15436554e-01
    8.86731625e-01 7.43815243e-01 -3.12042097e-03 1.25760221e+00
    1.65256476e+00 1.26560593e+00 -6.86936080e-01 -1.11192890e-01
    -3.87849122e-01 8.78133655e-01 5.47080040e-01 1.28847897e+00
    1.80135894e+00 9.59897488e-02 -6.75331056e-01 5.09835243e-01
    1.01840943e-01 -4.92341936e-01 3.23311775e-03 -5.82933664e-01
    1.20397556e+00 1.50709331e+00 8.40771556e-01 7.94926047e-01
    1.08845019e+00 -3.59157212e-02 6.88443542e-01 -2.37511508e-02
    4.70329255e-01 3.29586148e-01 7.74940252e-01 -1.98686540e-01
    2.27200881e-01 7.22501516e-01 -7.71838069e-01 2.91376650e-01
    1.29594970e+00 -4.13186476e-02 1.65138471e+00 1.42697349e-01
    1.47453773e+00 -7.88969159e-01 1.40708530e+00 4.37561534e-02
    -4.16261047e-01 6.11635447e-01 5.35171449e-01 1.48093748e+00
    7.82352865e-01 9.17554945e-02 4.47152734e-01 1.25423610e+00
    7.01475203e-01 1.70053720e+00 1.50967932e+00 -8.68528336e-02
    1.49784780e+00 -5.73885739e-01 1.70146501e+00 6.82924151e-01
    1.10227489e+00 7.51157165e-01 3.55815709e-01 -6.27258956e-01
    -4.85963970e-01 9.30332959e-01 -6.48694396e-01 -1.96641847e-01
    -6.23295665e-01 2.97877073e-01 1.50891674e+00 1.13427734e+00
    -6.53145850e-01 1.62484512e-01 1.00296497e+00 4.55371141e-01
    1.59449887e+00 -1.45754606e-01 8.86125624e-01 2.35797748e-01
    4.64932144e-01 7.88703382e-01 7.13104248e-01 2.38947451e-01
    1.79222691e+00 1.34780324e+00 -3.58586013e-01 -1.84965715e-01
    1.69938028e-01 -2.49139264e-01 3.23390104e-02 1.05774868e+00
    1.54787159e+00 -4.36634719e-01 3.74842465e-01 8.82374823e-01
    -4.42652613e-01 8.07839215e-01 8.94755200e-02 1.28312814e+00
    7.12273180e-01 4.63557035e-01 1.02765210e-01 1.65000057e+00
    -6.40971422e-01 2.30820283e-01 1.11438274e+00 1.15894520e+00
    1.55071497e-01 -4.23689693e-01 8.40533078e-01 1.01700711e+00
    1.36286092e+00 7.07606852e-01 1.44577408e+00 -2.15053573e-01
    -2.65547454e-01 1.47232437e+00 -4.81124371e-01 -1.29874185e-01
    4.77323562e-01 -3.69414955e-01 -5.19204497e-01 1.54968059e+00
    1.52462542e+00 1.54220867e+00 5.30398130e-01 1.83261365e-01
    9.25977468e-01 1.40056705e+00 1.57052517e+00 9.34235275e-01
    3.79106939e-01 -1.02654314e-02 1.49703205e+00 3.39146890e-02
    1.42609453e+00 4.93119597e-01 6.73156023e-01 3.37647349e-01
    1.20508349e+00 1.61276329e+00 1.03574991e+00 -6.14027441e-01
    5.25000356e-02 -2.71658778e-01 -2.03239605e-01 4.75407094e-01
    8.80939484e-01 5.88708185e-02 -5.17425299e-01 7.86075115e-01
    -3.15427393e-01 1.03243744e+00 1.11904395e+00 -7.47726858e-01
    1.37990081e+00 -2.31664732e-01 -7.42240906e-01 1.73116779e+00
    -6.06425524e-01 9.58630681e-01 -2.48370126e-01 -1.87195279e-02
    7.78913677e-01 2.79710621e-01 1.67042807e-01 2.44612619e-01
    1.24390686e+00 -7.54574358e-01 1.40574992e+00 1.42148888e+00
    -7.42197856e-02 8.10902536e-01 4.56224620e-01 1.11156130e+00
    1.41354620e+00 9.92903948e-01 1.45304036e+00 1.55933690e+00
    -4.16041970e-01 1.33799970e+00 1.77627504e+00 1.75230455e+00
    2.91012228e-01 4.88859683e-01 1.82632053e+00 -1.98558912e-01
    1.09482408e+00 9.53096449e-02 -2.42189560e-02 9.62953866e-01
    -2.69987911e-01 5.99906743e-01 -3.74063790e-01 -8.72785449e-02
    1.65370762e+00 3.19097489e-01 1.65124309e+00 1.26709890e+00
    7.53559530e-01 1.15321875e+00 1.44086683e+00 7.20402181e-01
    9.01603580e-01 3.80308777e-01 -2.43921831e-01 2.93759644e-01
    2.71098405e-01 6.09275222e-01 1.30169690e+00 -4.54866618e-01
    1.03440511e+00 3.94558907e-01 -2.34893411e-01 1.57269990e+00
    6.35897756e-01 3.96721661e-02 -1.36366934e-01 1.29577443e-01
    -4.86599952e-01 -2.54184395e-01 1.55471456e+00 -7.17063427e-01
    1.08911085e+00 1.35476327e+00 1.56131852e+00 -1.15188509e-01
    6.37550503e-02 1.10120320e+00 1.12952697e+00 1.31894100e+00
    1.84768617e+00 1.56844914e+00 -3.84601831e-01 2.41466403e-01
    6.26128018e-02 1.32066238e+00 -3.23509313e-02 2.17233896e-01
    -6.08141303e-01 1.39473724e+00 1.74848366e+00 -6.64802969e-01
    -4.26894903e-01 1.82006013e+00 -1.92002401e-01 1.30546737e+00
    1.47934854e+00 9.11264271e-02 1.43441141e-01 1.51526260e+00
    1.50941813e+00 9.66589898e-02 1.67109931e+00 -6.10534370e-01
    9.43318382e-02 8.34340394e-01 5.39971232e-01 1.31788504e+00
    -6.11633480e-01 2.31752366e-01 1.77705467e+00 3.73146385e-01
    -6.16503537e-01 2.71191925e-01 -5.66467047e-01 -4.12994742e-01
    -7.01931715e-01 4.03562456e-01 -2.11505085e-01 1.06066309e-01
    9.00169611e-01 4.63402599e-01 -1.63742363e-01 -3.54075134e-01
    -7.80724548e-03 -5.74091494e-01 1.24112403e+00 1.05023229e+00
    -6.22749090e-01 1.46369624e+00 3.47920284e-02 6.33551955e-01
    -2.19149306e-01 7.19046772e-01 -5.81138551e-01 -5.45450926e-01
    -4.42036748e-01 1.48955858e+00 7.52637863e-01 -5.61848521e-01
    7.89657116e-01 3.41427326e-01 2.70896882e-01 6.13268502e-02
    8.74413326e-02 1.42522633e+00 1.27676713e+00 1.16897082e+00
    6.51371062e-01 1.23826480e+00 9.70203757e-01 2.37231106e-01
    3.62746835e-01 1.55251861e+00 -4.14577901e-01 1.01634562e+00
    -3.95032197e-01 1.14982855e+00 -6.12018347e-01 3.84087741e-01
    1.44541696e-01 4.78342861e-01 8.69040310e-01 1.22354937e+00
    1.37036860e+00 7.01015055e-01 5.59114404e-02 1.11725438e+00
    1.56795394e+00 1.69125187e+00 -6.74105883e-02 -6.40385985e-01
    -3.41468811e-01 1.35258973e+00 -9.34102014e-02 -4.78011221e-01
    1.01098156e+00 -6.81074381e-01 -4.49817628e-03 -2.43791670e-01
    -6.78259015e-01 -1.35427415e-01 6.32424355e-01 1.78279519e+00
    1.05615139e+00 -3.54209691e-01 1.36543238e+00 9.48492169e-01
    1.28059506e+00 -5.90586185e-01 3.66681010e-01 7.62626410e-01
    6.31487489e-01 1.12707555e+00 2.07669467e-01 1.53363085e+00
    6.36302054e-01 7.89445400e-01 4.89753842e-01 -6.75399601e-02
    5.04409969e-01 6.63581789e-01 5.12107849e-01 1.69466329e+00
    1.63063705e+00 9.30528641e-01 1.56671381e+00 -5.59548557e-01
    1.04765737e+00 7.24442780e-01 -2.28990316e-01 -2.12973043e-01
    1.13418519e+00 1.49744570e-01 -5.68334520e-01 9.66441035e-01
    3.31003606e-01 3.52646530e-01 1.32596827e+00 1.11436534e+00
    -4.77758616e-01 1.50061572e+00 -2.71274775e-01 -1.96361005e-01
    -1.15746908e-01 1.23016262e+00 7.97326863e-01 8.86676848e-01
    1.64137614e+00 -6.11239672e-01 -5.65198995e-02 1.67603540e+00
    1.61730647e-01 -1.09657213e-01 1.49834287e+00 -8.44763756e-01
    1.66754889e+00 4.09714252e-01 1.02944577e+00 -1.44211292e-01
    1.72229576e+00 1.19806337e+00 -7.23186880e-02 -6.47640646e-01
    2.93139130e-01 -3.96016300e-01 1.36121142e+00 8.07953477e-01
    -6.34603739e-01 1.23733640e-01 1.31666505e+00 1.07536268e+00
    1.16013253e+00 1.47653055e+00 -7.69949973e-01 -5.70553660e-01
    1.84772387e-01 9.29576576e-01 8.41278374e-01 1.44373846e+00
    3.67150307e-01 -4.66682643e-01 1.64841545e+00 1.84301645e-01
    -2.86979824e-01 8.72296512e-01 -4.16151345e-01 7.34961689e-01
    8.16808417e-02 1.68394947e+00 -4.85549152e-01 -4.24720496e-02
    2.05962405e-01 3.34841013e-01 9.08584241e-03 5.17376482e-01
    1.39114082e-01 5.60120225e-01 -1.67840540e-01 3.37616116e-01
    1.10965574e+00 3.88992399e-01 -4.85313743e-01 -6.94948614e-01
    1.26538956e+00 4.76875216e-01 1.85892928e+00 8.77963781e-01
    3.39329064e-01 6.12620354e-01 -5.07109880e-01 2.65362829e-01
    -5.05031288e-01 -6.89547598e-01 -4.58726943e-01 9.36795652e-01
    1.63174880e+00 5.90533465e-02 -3.56000900e-01 7.03448430e-02
    1.84805289e-01 1.38049114e+00 7.95939147e-01 1.39042222e+00
    -4.08620209e-01 5.73615611e-01 -3.93127441e-01 -4.96992946e-01
    1.36869505e-01 4.93388623e-01 1.19248581e+00 -5.71693540e-01
    8.33191633e-01 -6.99300766e-01 1.35660243e+00 9.33227599e-01
    -3.32482338e-01 -3.32198620e-01 1.03364134e+00 1.02460420e+00
    3.35549474e-01 -3.20875555e-01 1.19274056e+00 5.56435250e-02
    1.55708516e+00 7.96032012e-01 7.32658923e-01 -6.11641347e-01
    3.61225098e-01 -9.08500850e-02 1.75445008e+00 1.33644962e+00
    -2.59469062e-01 -4.60774928e-01 -7.24411845e-01 -4.97650690e-02
    6.33843482e-01 1.09406626e+00 1.82125568e+00 -4.50715095e-01
    1.38584435e+00 -9.00142789e-02 6.65540814e-01 -5.77726901e-01
    1.80767381e+00 2.42992431e-01 1.10498691e+00 2.58797765e-01
    4.91241276e-01 5.81035554e-01 1.16346669e+00 -1.28624246e-01
    8.92074704e-01 5.20187438e-01 -2.20699981e-01 1.57322514e+00
    4.34392244e-01 9.98893440e-01 1.15908217e+00 8.77091110e-01
    1.57666314e+00 -5.09096801e-01 7.20050633e-01 1.61228812e+00
    -4.60577399e-01 1.14745903e+00 9.46671546e-01 9.47160423e-02
    3.38421226e-01 2.40909949e-01 1.63153112e+00 -6.03600860e-01
    -2.53604859e-01 1.13757551e+00 6.49380624e-01 1.94122382e-02
    7.74133205e-01 9.78851378e-01 9.01645601e-01 8.18095088e-01
    3.82731408e-01 3.87337238e-01 -3.96582425e-01 -4.87703413e-01
    1.05589807e+00 1.04850054e-01 6.89480528e-02 1.24196589e+00
    -5.28099775e-01 -2.72089820e-02 8.31442237e-01 1.75786710e+00
    -2.62987882e-01 1.97927102e-01 8.85828257e-01 8.97459090e-02
    5.33982635e-01 1.04759598e+00 8.48432064e-01 1.48685443e+00
    1.57076859e+00 3.20059925e-01 1.46387994e+00 1.15868926e+00
    1.64773524e+00 1.50083733e+00 6.46180928e-01 -6.27274513e-01
    8.88570607e-01 -3.80340755e-01 1.32404402e-01 -5.96067786e-01
    6.49672449e-01 1.23712587e+00 1.23087382e+00 1.57153785e+00
    5.37125409e-01 -7.39941224e-02 1.81271538e-01 -3.57942730e-01
    7.36210793e-02 2.38600150e-01 7.25594938e-01 6.77931607e-01
    1.19317722e+00 2.28841171e-01 -1.31935507e-01 3.21869254e-01
    -8.12142342e-02 3.30540873e-02 1.40499270e+00 6.63379967e-01
    4.18671936e-01 9.53501344e-01 3.82034659e-01 1.81315708e+00
    -6.57981992e-01 1.14362395e+00 5.05668819e-02 -9.90530252e-02
    6.30288184e-01 3.86306822e-01 8.97558510e-01 7.98734844e-01
    -1.33413240e-01 6.71046555e-01 4.25934285e-01 1.76563323e+00
    3.56101811e-01 6.21141195e-01 1.28729081e+00 1.37216163e+00
    5.00462353e-01 5.54194927e-01 -1.99996196e-02 3.20833802e-01
    -2.14528978e-01 3.80436897e-01 6.97595775e-01 9.58311439e-01
    5.09734035e-01 1.48278642e+00 -7.74901748e-01 3.16105783e-01
    5.18977582e-01 -1.02065764e-01 -5.77128828e-01 1.34208786e+00
    2.69448757e-01 1.52679479e+00 2.62071759e-01 -2.06179321e-02
    1.45550728e+00 -4.09406275e-01 1.27091897e+00 1.46242583e+00
    1.40454197e+00 1.63436532e+00 9.11378801e-01 1.17265296e+00
    1.15930676e+00 5.19313335e-01 1.41695023e+00 -5.35062909e-01
    1.70059174e-01 6.50508881e-01 -2.11386502e-01 1.36023402e+00
    -6.18801534e-01 1.21482313e+00 4.80820984e-01 1.54375994e+00
    9.91404831e-01 -7.69055367e-01 1.71577179e+00 3.95773292e-01
    1.52456808e+00 5.51614821e-01 -1.73612852e-02 5.08343458e-01
    1.09873450e+00 5.97268701e-01 -2.19995111e-01 -2.46374294e-01
    -2.26056740e-01 6.11438513e-01 1.38436997e+00 8.02724004e-01
    -3.23796391e-01 3.99570197e-01 8.18714857e-01 1.69337940e+00
    9.54115391e-01 -8.68098587e-02 -7.23684847e-01 1.27177358e+00
    2.43986264e-01 1.52549016e+00 -2.44607955e-01 3.48758280e-01
    1.01305032e+00 -2.52142519e-01 -4.49984133e-01 9.70127881e-01
    -3.97359803e-02 2.23808050e-01 -5.64969957e-01 -1.32346138e-01
    8.08017373e-01 2.33214378e-01 6.39990151e-01 6.49088383e-01
    1.10262060e+00 1.69163084e+00 8.85992765e-01 5.16499937e-01
    1.63086271e+00 7.32476041e-02 -1.73388273e-01 1.48855746e+00
    1.08036149e+00 7.29547516e-02 -2.03142375e-01 1.94036257e+00
    8.73778403e-01 6.58386469e-01 5.62734902e-01 3.25659275e-01
    1.60407817e+00 1.35561824e+00 9.86050293e-02 -2.50077814e-01
    1.47355664e+00 1.02393174e+00 -4.98176455e-01 6.99896395e-01
    1.71121228e+00 8.94696474e-01 -6.89176261e-01 1.00492048e+00
    2.71127433e-01 1.70385826e+00 -5.25441885e-01 1.57853186e+00
    8.49033356e-01 1.19794202e+00 7.77618229e-01 -3.52019578e-01
    6.24619365e-01 -4.50884312e-01 9.60475504e-01 5.48334956e-01
    -7.62846947e-01 -7.21016765e-01 1.75630379e+00 1.21497262e+00
    -7.35363066e-01 9.41587925e-01 6.55103028e-01 2.66145885e-01
    3.29503179e-01 5.89577258e-01 7.37114370e-01 2.00103775e-01
    -6.51223004e-01 -5.60357034e-01 1.00091624e+00 4.63446975e-01
    8.48341227e-01 1.53690588e+00 -3.56962830e-01 2.89763927e-01
    9.98494029e-01 -6.28739178e-01 2.35109732e-01 -5.57583213e-01
    1.31027138e+00 1.50121891e+00 -2.55508333e-01 4.59282473e-02
    9.92221713e-01 8.57186794e-01 1.72977209e+00 -4.09726113e-01
    2.15406328e-01 -1.25793561e-01 1.81136191e+00 -5.81910908e-01
    -8.33128572e-01 1.96728021e-01 5.96359611e-01 -7.88708150e-01
    -2.43807524e-01 -1.70777626e-02 -7.45740533e-01 -1.46772400e-01
    -1.97699890e-02 1.77047443e+00 -1.01000734e-01 5.32146215e-01
    -1.03128344e-01 -6.98561311e-01 1.78408849e+00 9.62882459e-01
    6.95381582e-01 1.12876952e+00 -3.21882248e-01 -1.99620485e-01
    2.59516776e-01 8.68286312e-01 -7.27021322e-02 1.58235621e+00
    5.18245697e-01 -1.48380592e-01 1.13615537e+00 4.87385213e-01
    1.26002347e+00 1.57751656e+00 1.53313553e+00 1.42769873e+00
    5.12960970e-01 5.06258488e-01 -2.79081520e-02 1.64761162e+00
    6.67001843e-01 3.69493440e-02 4.76796061e-01 1.54925632e+00
    -3.14176977e-01 1.44023359e+00 4.82822478e-01 8.40664327e-01
    -4.45739120e-01 1.87921226e-01 -5.12716966e-03 3.06558669e-01
    1.02723014e+00 2.48779804e-01 -3.18877995e-01 -6.96196556e-01
    1.01781094e+00 9.11960542e-01 -7.40558326e-01 1.06281027e-01
    -6.26118660e-01 1.66553676e+00 -2.23237444e-02 -1.83396876e-01
    1.00443840e+00 1.63425374e+00 2.32376918e-01 5.35806954e-01
    3.12637202e-02 2.46522129e-01 1.55542612e+00 9.84935999e-01
    1.62127209e+00 -1.55041978e-01 -3.88521105e-01 -4.23055768e-01
    -1.16907611e-01 6.38668954e-01 1.19147348e+00 1.73732305e+00
    7.44466662e-01 -3.76551151e-01 1.33391356e+00 -2.30147112e-02
    1.62729275e+00 1.64526999e+00 -2.29384065e-01 1.28067121e-01
    -1.85702369e-01 -6.25181913e-01 6.65548682e-01 1.27406573e+00
    9.72840726e-01 7.35396087e-01 -5.77310920e-01 1.74048260e-01
    -3.91419113e-01 -5.85770840e-03 1.58014441e+00 -3.78744811e-01
    8.15361440e-01 5.92716098e-01 1.04444839e-01 6.76803052e-01
    1.38339198e+00 1.07597470e+00 8.92996788e-01 1.36696684e+00
    -1.91027284e-01 -6.73322618e-01 1.88913062e-01 4.56561357e-01
    6.25397786e-02 -5.76100588e-01 1.49287865e-01 -2.04156175e-01
    1.37130141e+00 -3.32770586e-01 1.21687615e+00 -6.84716031e-02
    1.31365192e+00 1.66652071e+00 -7.99825788e-01 1.80292323e-01
    6.23476624e-01 8.80514920e-01 -2.86749154e-01 9.49627101e-01
    1.07550275e+00 7.76962042e-01 3.17831576e-01 3.56315315e-01
    1.06112754e+00 -2.52102613e-01 3.69285077e-01 7.37598896e-01
    -2.60185182e-01 7.77105153e-01 -1.22091785e-01 -1.89112768e-01
    1.41515219e+00 9.74746525e-01 1.15433478e+00 -9.96694267e-02
    -7.66668081e-01 1.48080051e+00 1.20399427e+00 1.82415806e-02
    4.01744813e-01 -5.74966490e-01 1.71914965e-01 1.64500403e+00
    7.72600412e-01 9.26673174e-01 2.07039282e-01 -5.61160862e-01
    1.81753337e-01 7.77391613e-01 1.53010011e+00 1.49332237e+00
    3.76223445e-01 1.47055399e+00 6.77675605e-01 -1.37167379e-01
    1.50479925e+00 -2.12513342e-01 7.96778798e-02 8.64449859e-01
    9.07562017e-01 -7.34744966e-01 1.32639194e+00 9.22543585e-01
    1.64125419e+00 -3.03822905e-01 1.70073330e+00 1.83829677e+00
    5.65684021e-01 4.70644414e-01 4.32678461e-01 -2.46817484e-01
    -3.61480951e-01 9.31891859e-01 4.81063813e-01 2.05188826e-01
    -4.08378430e-02 -7.83707678e-01 2.21918255e-01 1.12148011e+00
    1.60787380e+00 -3.65213722e-01 5.10302067e-01 -4.36146945e-01
    -2.35725209e-01 -2.34422863e-01 1.08490109e+00 2.22021723e+00
    1.99739945e+00 3.45867813e-01 8.97732198e-01 8.53639960e-01
    -6.35033250e-01 7.20623851e-01 -4.65015858e-01 8.73507373e-03
    3.48579019e-01 7.16636717e-01 1.05205119e+00 5.04401065e-02
    -5.35521030e-01 -4.16871846e-01 5.59717119e-02 1.28571248e+00
    1.03570807e+00 -6.35180399e-02 5.06141782e-01 -5.72579920e-01
    3.47201347e-01 1.45189941e+00 7.92561769e-01 1.00994444e+00
    5.23468554e-02 5.84155209e-02 4.92554039e-01 1.14941525e+00
    5.42641699e-01 9.80685592e-01 4.50411171e-01 9.25060630e-01
    7.52012432e-01 -3.76591608e-02 -7.11454868e-01 1.84986520e+00
    6.22659862e-01 8.28338623e-01 1.41159570e+00 -2.95726627e-01
    -2.68630505e-01 9.69006002e-01 1.53786778e+00 2.35227808e-01
    1.69912970e+00 -1.08532654e-02 -3.32449712e-02 -4.78686154e-01
    -4.29328740e-01 -9.46864337e-02 9.31671113e-02 5.86680949e-01
    2.20987380e-01 1.53519750e+00 -4.70687561e-02 2.17233524e-02
    1.61434984e+00 -6.59812629e-01 -2.89919406e-01 -1.69146493e-01
    -3.43352526e-01 8.91482294e-01 -1.53653711e-01 1.48411441e+00
    3.06843281e-01 8.86205196e-01 1.67703366e+00 1.59013689e+00
    2.00624362e-01 1.68828380e+00 -2.93888897e-01 -4.98063937e-02
    -5.68052351e-01 1.31568658e+00 -3.62056564e-03 -4.86798257e-01
    1.12466681e+00 1.35016441e-01 1.34115207e+00 9.32447799e-03
    8.04132104e-01 1.31470811e+00 1.20151305e+00 1.73612583e+00
    3.33387285e-01 8.52913111e-02 1.92040682e-01 -1.64293453e-01
    2.20289871e-01 -6.32928193e-01 -5.86031139e-01 4.25938100e-01
    -6.15179539e-01 1.59967244e+00 -3.29903543e-01 8.96668375e-01
    1.52359188e+00 -3.91905129e-01 1.24781358e+00 -3.57334018e-01
    3.80464345e-01 5.09644628e-01 8.71829093e-01 -7.20697403e-01
    1.63521802e+00 1.41859734e+00 3.59613627e-01 1.42054510e+00
    6.02880538e-01 -5.27619720e-01 1.29898512e+00 3.52767408e-02
    -3.64775062e-01 8.01692188e-01 -4.01815474e-01 5.47547102e-01
    -3.31197590e-01 1.13723302e+00 6.57047272e-01 5.79866469e-01
    -9.54809040e-02 -5.72051167e-01 6.35143757e-01 -3.18261057e-01
    5.82117736e-01 6.11501515e-01 -1.16713233e-01 -2.31199294e-01
    3.48183483e-01 2.63621241e-01 -6.26915917e-02 4.36476842e-02
    -4.11457084e-02 2.76801765e-01 4.80286807e-01 5.88647604e-01
    -6.40773714e-01 1.59554589e+00 4.56581742e-01 1.51865780e-01
    3.91234040e-01 1.23267043e+00 7.30939433e-02 -5.32831013e-01
    1.22513247e+00 1.43268514e+00 4.38398719e-01 1.14067769e+00
    -1.59855530e-01 7.51560107e-02 -2.97526330e-01 1.75227678e+00
    1.53519623e-02 1.34208775e+00 6.85271770e-02 5.38620725e-02
    8.52628827e-01 5.08049130e-01 7.37476468e-01 -3.71097326e-01
    1.41386890e+00 1.57751596e+00 -5.35566688e-01 -6.14649355e-01
    1.20592070e+00 1.66003776e+00 3.61175416e-03 6.46410644e-01
    5.69357753e-01 1.06321740e+00 -4.35130447e-01 8.03267777e-01
    7.37625599e-01 1.26022100e-01 6.23679936e-01 2.67324120e-01
    -1.58066481e-01 1.80052602e+00 9.91655588e-02 -5.49284995e-01
    3.53410244e-02 -6.40554786e-01 1.19764066e+00 1.72595072e+00
    -4.56555426e-01 -3.89075190e-01 6.88880801e-01 -2.65933961e-01
    2.86184996e-01 5.04876852e-01 2.03443244e-01 2.32165977e-01
    1.03578651e+00 1.53541136e+00 1.38075912e+00 -6.81103647e-01
    2.81545222e-01 1.49283135e+00 6.01250231e-01 6.99030817e-01
    8.20177138e-01 -5.70412397e-01 1.14810431e+00 -8.08273077e-01
    1.98152103e-02 9.60981309e-01 1.20914841e+00 6.32473707e-01
    3.37696791e-01 -2.80745365e-02 -1.37422904e-01 -5.83323836e-01
    1.70123422e+00 3.50342900e-01 1.73003519e+00 1.06146264e+00
    9.74852443e-01 1.47585452e+00 -5.50081015e-01 1.04335868e+00
    -8.21373641e-01 1.04291654e+00 8.99595022e-02 1.07763863e+00
    4.73180532e-01 8.29969764e-01 7.43917465e-01 8.60042930e-01
    -3.14150631e-01 3.76947708e-02 7.01232553e-01 6.62498057e-01
    7.27475286e-01 1.32211655e-01 -4.68774363e-02 -9.86177102e-02
    2.44741246e-01 5.90905666e-01 -4.84875560e-01 9.14558768e-01
    1.71037066e+00 1.32128978e+00 -6.76793814e-01 2.68165439e-01
    1.92653909e-01 1.53274941e+00 -7.61597633e-01 -3.26568782e-01
    1.69508421e+00 1.60274315e+00 1.75968456e+00 1.32671046e+00
    2.62723863e-01 3.48228723e-01 2.90435314e-01 1.03309667e+00
    4.40430194e-01 -3.52470428e-01 4.35816273e-02 6.08758152e-01
    6.77343130e-01 -5.36400914e-01 3.23226750e-01 1.35881841e+00
    1.74428689e+00 1.48864210e+00 -8.42411369e-02 -5.64882696e-01
    -6.81657672e-01 2.33062550e-01 1.05140102e+00 1.35294759e+00
    9.90789056e-01 -4.91048634e-01 -2.52287507e-01 1.30094481e+00
    1.20169950e+00 1.28457975e+00 9.98074003e-03 9.16942239e-01
    -5.59275925e-01 -6.63535222e-02 3.13191742e-01 6.67839170e-01
    9.10517991e-01 2.22877815e-01 8.71967614e-01 4.91157591e-01
    -3.98809701e-01 -6.81932211e-01 8.76697958e-01 -4.62430507e-01
    -2.54151762e-01 1.08262861e+00 6.68391049e-01 1.25109270e-01
    -1.28288627e-01 -7.79467002e-02 1.79365921e+00 7.36714423e-01
    1.35767841e+00 6.84476912e-01 -2.97810823e-01 1.76419985e+00
    -4.02913749e-01 1.34910297e+00 -4.46054280e-01 4.46349591e-01
    1.75484979e+00 1.91087142e-01 9.46585417e-01 1.07132339e+00
    1.31823874e+00 -2.45065615e-01 4.19244170e-01 2.35823900e-01
    -7.25196376e-02 -3.28958929e-01 1.17537595e-01 1.46250486e+00
    6.00714028e-01 9.60074246e-01 9.44418192e-01 1.15155530e+00
    -3.70064229e-02 1.11642122e+00 6.76337004e-01 6.09618902e-01
    1.55557179e+00 9.08469379e-01 -4.79755551e-01 3.81131798e-01
    5.58522761e-01 -7.40372300e-01 -3.90496045e-01 1.47226107e+00
    1.67822254e+00 2.90786117e-01 1.31224430e+00 2.91351765e-01
    9.20672715e-01 7.23037124e-01 1.21709263e+00 7.88489819e-01
    7.32678592e-01 -1.77707180e-01 1.78485334e+00 1.28994262e+00
    2.75343418e-01 -3.75809878e-01 3.25210184e-01 7.45879173e-01
    7.26495326e-01 9.84226048e-01 2.40059257e-01 -5.98258018e-01
    4.04641271e-01 1.64450145e+00 1.34062231e+00 5.98655164e-01
    9.82286096e-01 1.40253389e+00 4.72991645e-01 6.49485439e-02
    6.83744311e-01 1.15697587e+00 7.75940478e-01 6.87424004e-01
    -1.42538518e-01 2.90985614e-01 -7.47090101e-01 -4.50897306e-01
    -4.17094737e-01 -4.12078589e-01 3.21885854e-01 1.52874124e+00
    -5.63460410e-01 1.38605511e+00 1.09314787e+00 3.92742127e-01
    1.66971314e+00 -1.43530637e-01 6.83022261e-01 5.00072062e-01
    -1.34300753e-01 2.22181454e-01 -2.67451197e-01 -2.58115493e-02
    1.43805623e+00 -3.92044336e-01 1.71268606e+00 5.13668060e-01
    -6.65776372e-01 1.06238186e+00 1.45714712e+00 5.50142750e-02
    1.42567337e+00 7.89159775e-01 6.26508474e-01 5.37819922e-01
    -8.62526894e-02 1.97322801e-01 5.28271794e-01 9.16312695e-01
    6.56696618e-01 -7.10371658e-02 1.20467234e+00 -4.61104065e-01
    1.03997672e+00 1.62037444e+00 5.00834465e-01 -1.97291404e-01
    1.23756218e+00 -2.40209982e-01 -3.44653904e-01 3.38226587e-01
    1.27304029e+00 6.21557593e-01 -1.54841468e-01 8.74958873e-01
    1.40217233e+00 1.13623977e-01 -7.52994046e-02 3.47561359e-01
    5.68224490e-01 5.35455167e-01 5.05139053e-01 1.87045440e-01
    1.89756855e-01 7.53432512e-01 2.12208740e-02 8.79897118e-01
    4.17292491e-02 -4.73922431e-01 5.07793963e-01 1.29067326e+00
    1.82738936e+00 3.44082534e-01 1.74506688e+00 1.23586848e-01
    4.83515650e-01 1.66438031e+00 -5.84782302e-01 6.10796332e-01
    1.44307017e+00 1.47432768e+00 4.00255859e-01 -9.65903550e-02
    9.14344370e-01 1.75384414e+00 -2.92041659e-01 1.10871458e+00
    1.12031591e+00 4.47434932e-01 1.06780219e+00 1.26253629e+00
    3.88037451e-02 1.45497215e+00 1.21235561e+00 1.63724828e+00
    1.71906662e+00 -6.26307726e-01 -4.24644619e-01 -8.08131397e-01
    5.39169788e-01 1.05808401e+00 1.25219798e+00 6.47089899e-01
    1.34701610e+00 1.01832104e+00 -1.81968138e-01 -7.10124433e-01
    6.00266337e-01 3.22167248e-01 4.68772769e-01 1.29833353e+00
    -1.96136236e-01 -6.68247342e-01 8.33316803e-01 1.47811115e+00
    1.76988554e+00 1.67953029e-01 -6.59472942e-01 7.45894134e-01
    1.61528528e+00 7.61954308e-01 1.17469001e+00 -3.07435971e-02
    9.34642732e-01 -5.64999580e-01 1.85042775e+00 1.24355495e+00
    -5.00214517e-01 4.28387940e-01 -4.45293844e-01 1.63185608e+00
    -5.21930158e-01 1.40755630e+00 1.11889017e+00 1.42752111e+00
    -1.05813548e-01 -5.90219438e-01 1.04263699e+00 -3.99414629e-01
    -3.29263628e-01 -9.61379334e-03 8.13816190e-01 -7.04219460e-01
    -3.59935790e-01 1.55890852e-01 -2.09136516e-01 1.94697392e+00
    1.24762821e+00 -4.73350257e-01 9.84578252e-01 -2.70874500e-01
    1.32784724e+00 1.08873069e+00 -9.27554294e-02 1.21443117e+00
    -6.82805598e-01 -3.02739531e-01 -8.86977986e-02 6.14665985e-01
    1.16557312e+00 4.98476744e-01 4.82635111e-01 -2.25683182e-01
    -3.29873502e-01 1.10234857e+00 -6.46467149e-01 -7.93207049e-01
    9.64514196e-01 -3.21244270e-01 6.05734110e-01 1.25979328e+00
    2.68805951e-01 -4.39246967e-02 2.18191440e-03 7.67939806e-01
    -9.55240875e-02 8.86500597e-01 4.76668686e-01 1.35347521e+00
    1.12215447e+00 2.18812779e-01 -2.07497060e-01 7.05160260e-01
    -3.42834651e-01 -5.87909579e-01 9.22455728e-01 4.22885001e-01
    1.38768995e+00 -5.74869737e-02 6.24696076e-01 -2.14657709e-01
    1.70331955e+00 -6.65903091e-01 1.45664167e+00 3.57263051e-02
    9.79822993e-01 7.72068322e-01 -5.77854574e-01 1.06724751e+00
    1.36234307e+00 1.68115151e+00 6.32717967e-01 4.35057551e-01
    -5.43164730e-01 9.55594063e-01 1.49561167e+00 -1.32440746e-01
    -3.27298850e-01 -1.62422076e-01 7.13754475e-01 1.44362974e+00
    6.72731847e-02 1.48399934e-01 1.41579068e+00 -6.77931547e-01
    1.25017130e+00 1.10785306e+00 -6.32529914e-01 1.40726840e+00
    1.72221315e+00 1.10338485e+00 1.00831687e+00 -5.70819899e-02
    -4.15534049e-01 8.74846041e-01 1.02792776e+00 1.54555213e+00
    -7.55778015e-01 5.74411333e-01 8.05055127e-02 1.71994650e+00
    -5.77839613e-01 -1.76049411e-01 9.91636276e-01 1.81426096e+00
    -6.62490964e-01 1.36491692e+00 7.19142377e-01 2.03423351e-01
    9.08706784e-01 1.36430287e+00 -5.72024286e-01 1.19880843e+00
    9.30028260e-01 1.61100030e+00 3.78589332e-01 -9.28139910e-02
    1.64593637e+00 1.20036590e+00 -7.28665650e-01 1.70078421e+00
    1.18219793e+00 9.18790281e-01 -2.32046008e-01 1.70597112e+00
    -2.95127958e-01 2.95288771e-01 6.26567826e-02 1.48202753e+00
    4.12791550e-01 -1.28270373e-01 6.93443298e-01 1.29633904e+00
    1.58293676e+00 1.14725423e+00 1.11345112e+00 8.17205012e-01
    1.79624486e+00 -1.24040298e-01 -5.34886837e-01 4.84543927e-02
    1.42947994e-02 1.51080537e+00 1.48614347e+00 -3.54134917e-01
    1.57611656e+00 4.19451028e-01 -1.23036712e-01 -3.20408523e-01
    1.21313751e+00 -2.24615544e-01 3.68295938e-01 1.64773846e+00
    3.77051502e-01 1.25182891e+00 1.22176421e+00 -5.13960361e-01
    -8.76156762e-02 1.62486792e+00 -6.94854021e-01 1.47095531e-01
    7.68537402e-01 4.77714151e-01 1.31316751e-01 7.69146442e-01
    1.56928337e+00 -2.68965602e-01 9.36944544e-01 1.15293419e+00
    1.18992019e+00 -7.26472616e-01 6.58637762e-01 -5.48883259e-01
    1.11153102e+00 -5.10311604e-01 1.55623150e+00 1.36847270e+00
    -5.05570173e-01 -3.07857603e-01 1.16984487e+00 1.35599458e+00
    8.36634278e-01 5.44406056e-01 1.63003325e+00 2.33273983e-01
    1.04098625e-01 1.49853671e+00 9.69826579e-01 -5.47714531e-01
    9.17009950e-01 1.02306020e+00 9.11417425e-01 1.20008123e+00
    -2.96776801e-01 1.52306759e+00 -4.13971990e-01 1.61802387e+00
    1.08521106e-02 7.07343519e-01 -6.48446023e-01 9.27988529e-01
    1.49723577e+00 -4.48123157e-01 -3.39262813e-01 -3.45829204e-02
    2.18604808e-04 6.02029681e-01 9.59460676e-01 -3.36236954e-01
    2.25934386e-01 -4.81184512e-01 -2.28180349e-01 3.54167432e-01
    4.22779381e-01 -4.64744575e-04 2.32996643e-01 1.18536973e+00
    1.72166955e+00 -7.87498891e-01 -1.62833199e-01 5.14733531e-02
    6.50483072e-01 -1.42642945e-01 1.26524723e+00 -4.21960384e-01
    8.98651406e-02 6.12303257e-01 9.21203375e-01 7.44152546e-01
    1.04391360e+00 1.70500875e+00 5.13936520e-01 3.97660315e-01
    5.45757890e-01 6.18997037e-01 5.59175432e-01 2.35822216e-01
    -6.43917203e-01 8.90730798e-01 1.12663496e+00 6.43714905e-01
    -1.36928931e-01 -2.30861545e-01 -2.81055659e-01 -5.34276545e-01
    1.84068140e-02 1.50570273e+00 -5.16287565e-01 -6.28591657e-01
    4.59874928e-01 -5.76969683e-01 7.22934544e-01 5.29869795e-01
    3.91280025e-01 -7.84950197e-01 1.43049371e+00 1.71663368e+00
    1.18017828e+00 9.35765579e-02 -1.90071598e-01 1.41162276e+00
    1.10194147e+00 -1.92509651e-01 1.28979728e-01 6.20358944e-01
    -3.32460225e-01 1.46717978e+00 6.86063349e-01 1.54488015e+00
    9.33643952e-02 1.16164219e+00 1.11767113e+00 2.13802075e+00
    -5.62584028e-02 1.55095708e+00 2.10406676e-01 4.45657521e-01
    1.48941338e+00 1.33692789e+00 1.00400496e+00 1.55102825e+00
    6.11749649e-01 1.13620865e+00 -7.39657521e-01 1.82489002e+00
    1.28974617e+00 1.75215948e+00 -4.80187356e-01 7.49929547e-01
    1.26523960e+00 9.18607175e-01 6.57081783e-01 5.89754224e-01
    1.77358782e+00 1.65020907e+00 -2.56093681e-01 -1.44864827e-01
    9.20061290e-01 1.73416758e+00 -6.80739939e-01 5.64099133e-01
    6.69633031e-01 -7.43444681e-01 1.66278744e+00 9.19536829e-01
    1.25800180e+00 8.52439046e-01 6.08747780e-01 -6.15185440e-01
    1.71160150e+00 5.22014737e-01 5.20979643e-01 4.65463758e-01
    4.81905878e-01 -2.01935112e-01 7.71668673e-01 1.74735904e+00
    1.15215766e+00 -5.82757831e-01 4.78454530e-01 -4.19855058e-01
    1.85815537e+00 1.36132717e+00 -7.92914212e-01 4.08849478e-01
    1.02417409e+00 3.03724676e-01 5.52402258e-01 6.32177591e-01
    -4.53554869e-01 1.51822209e+00 1.13540435e+00 6.62488222e-01
    1.07973158e+00 1.07303870e+00 4.48029816e-01 -3.25071186e-01
    1.02922964e+00 3.84976029e-01 5.24992049e-01 -2.18521431e-01
    7.44618624e-02 -6.69428110e-01 -1.26631007e-01 -8.90407488e-02
    1.42857552e+00 -3.22539479e-01 3.06163430e-01 2.15404611e-02
    1.16674161e+00 1.32264733e+00 -4.07842726e-01 7.70541489e-01
    -4.25618887e-01 1.69355774e+00 1.20578957e+00 6.04966879e-01
    7.63025209e-02 1.00363469e+00 1.27417302e+00 -6.36311352e-01
    5.29478610e-01 1.53544188e+00 -2.08284035e-01 2.58557894e-03
    7.26553679e-01 1.99310631e-02 6.78743839e-01 7.68032312e-01
    1.64254439e+00 4.66590464e-01 2.29233354e-01 7.01080203e-01
    5.49021840e-01 1.15138245e+00 1.02685250e-01 6.83845758e-01
    6.07640088e-01 -4.93811756e-01 5.66856086e-01 -5.74872673e-01
    1.68650436e+00 5.80791712e-01 1.59100294e+00 1.44291675e+00
    1.74850428e+00 3.66641164e-01 1.22332215e+00 7.11448789e-01
    1.46736574e+00 5.92970610e-01 1.22523940e+00 -3.94560993e-02
    5.53483486e-01 -5.62405407e-01 -3.55262667e-01 -4.85692501e-01
    1.64086807e+00 1.14419603e+00 -7.88493276e-01 6.87026381e-01
    1.31858337e+00 7.34459400e-01 1.34698713e+00 4.67533797e-01
    2.71961391e-02 1.49104321e+00 -5.88342071e-01 2.43660048e-01
    -5.39250553e-01 8.96089435e-01 8.04055572e-01 1.48953986e+00
    1.27257824e+00 6.49347186e-01 1.45391107e+00 5.08094132e-01
    8.49785686e-01 7.38395393e-01 1.22546005e+00 9.64280292e-02
    8.20638239e-01 6.07785165e-01 -2.84030557e-01 -1.90162018e-01
    1.44445300e-01 8.01846325e-01 1.59113348e+00 -3.16305280e-01
    3.45278054e-01 1.75793147e+00 1.40264606e+00 -6.81459308e-01
    3.34394984e-02 9.65413928e-01 -3.82051051e-01 -7.77851760e-01
    4.89955634e-01 4.44886327e-01 1.55138147e+00 5.34803927e-01
    -7.83354759e-01 7.01603144e-02 1.54415762e+00 6.65265560e-01
    -4.84175831e-01 3.70158739e-02 1.06533372e+00 1.25415057e-01
    2.07828224e-01 5.14273822e-01 2.42061347e-01 -6.42927289e-01
    5.40522933e-01 -7.17323601e-01 1.15697384e+00 -5.58004081e-01
    1.29071403e+00 5.86373031e-01 1.56225491e+00 1.16749918e+00
    6.06851637e-01 1.82174832e-01 1.12171268e+00 2.84294873e-01
    -5.27431846e-01 -2.83055514e-01 -2.89954722e-01 2.76949227e-01
    2.67312616e-01 1.18512070e+00 1.15274405e+00 6.43190265e-01
    9.27391946e-01 -1.52583823e-01 1.61965036e+00 -6.21330261e-01
    8.24620247e-01 1.09554017e+00 1.37204671e+00 6.44369185e-01
    -6.02710545e-01 1.10679829e+00 1.39408374e+00 6.38463974e-01
    -2.74611562e-01 5.76776981e-01 8.99870098e-02 -5.93825281e-01
    -6.55656397e-01 -6.29040956e-01 1.99292406e-01 7.71543920e-01
    1.27108097e+00 -7.57083356e-01 9.88521159e-01 1.76269472e+00
    -4.89127249e-01 -4.48068887e-01 -6.26446128e-01 4.96173084e-01
    7.40607917e-01 -2.64898866e-01 9.28771198e-01 5.52777112e-01
    1.38515627e+00 -5.64907789e-01 1.50261033e+00 1.03843117e+00
    -5.35945415e-01 5.81488132e-01 2.83911377e-01 1.49805081e+00
    1.53888702e+00 -1.54989446e-02 2.49208331e-01 7.96689212e-01
    1.36858034e+00 1.30943751e+00 -2.96420336e-01 1.37996471e+00
    7.69604266e-01 8.81116390e-01 5.52468300e-01 1.98983118e-01
    4.86117899e-01 -7.69319162e-02 6.00635767e-01 1.84367192e+00
    -3.63249779e-01 1.62204373e+00 8.48126233e-01 3.67885649e-01
    -2.93256015e-01 1.65083814e+00 1.37061048e+00 1.64601636e+00
    -1.64827034e-01 -5.39383471e-01 1.12264884e+00 3.43423516e-01
    1.81870186e+00 -2.60376543e-01 -3.88369620e-01 6.38448119e-01
    9.28161800e-01 1.62265933e+00 3.45901638e-01 -7.89553940e-01
    1.32196665e+00 4.76169616e-01 7.52608180e-01 -2.58121520e-01
    6.36345744e-01 6.64773107e-01 1.65335178e+00 2.53211141e-01
    -5.22228107e-02 8.94109726e-01 -5.68041563e-01 -1.92741036e-01
    -6.41082376e-02 9.62410450e-01 8.04529369e-01 -3.79940093e-01
    1.58712506e-01 -1.85644478e-01 -3.05916429e-01 5.76785445e-01
    4.43269402e-01 5.45354150e-02 5.26862144e-01 8.96357238e-01
    -5.11759758e-01 4.93402958e-01 -5.92838638e-02 1.10660887e+00
    1.81469250e+00 -7.81330466e-01 -5.44527769e-01 -4.55282152e-01
    1.37622237e+00 1.43915224e+00 8.30501795e-01 3.41196537e-01
    7.46043205e-01 1.46938848e+00 -1.62065566e-01 5.95991850e-01
    8.22101831e-01 -5.57299376e-01 6.31182790e-01 -6.16705358e-01
    -9.46477652e-02 9.98156369e-01 1.64323139e+00 -2.07765624e-01
    1.01815212e+00 1.67146063e+00 8.20330501e-01 -4.61794883e-01
    1.13787389e+00 -6.87213957e-01 9.75883901e-01 1.80568361e+00
    4.99842882e-01 1.47697181e-01 -7.30648115e-02 3.19259405e-01
    -4.27037209e-01 -6.36677444e-01 1.41532791e+00 4.85807776e-01
    1.11699677e+00 7.13726819e-01 1.02510369e+00 5.18569291e-01
    -1.28672600e-01 5.85406899e-01 5.71715534e-01 4.16295856e-01
    -2.43682459e-01 -8.26571465e-01 1.16572618e+00 -6.55603036e-02
    7.75003254e-01 7.30135977e-01 8.28998268e-01 7.56159067e-01
    -6.14416420e-01 -1.26988329e-02 -8.59469533e-01 1.13345981e+00
    3.85474563e-02 7.20641255e-01 -3.12502027e-01 -3.35834175e-01
    4.47794229e-01 -5.20940274e-02 -1.39220998e-01 -5.08632883e-02
    1.64231145e+00 1.05113542e+00 -6.58844769e-01 -6.95461333e-01
    1.51211202e+00 -6.34248435e-01 6.92018926e-01 7.37600029e-01
    -2.15665191e-01 1.21474373e+00 5.76723754e-01 -1.48802266e-01
    1.29542685e+00 8.96053135e-01 -7.15385437e-01 8.48222435e-01
    -5.97116172e-01 3.42600405e-01 -6.31786764e-01 9.15456891e-01
    1.07020497e+00 -2.26545662e-01 7.96233177e-01 1.28833222e+00
    1.46511590e+00 1.01317815e-01 -8.38988900e-01 1.27294886e+00
    1.36250818e+00 2.50680834e-01 9.70591724e-01 1.50794411e+00
    -8.08913350e-01 1.20643675e+00 -6.44285977e-01 1.42803937e-01
    6.30390882e-01 8.59328061e-02 1.36361825e+00 8.65203619e-01
    8.90904248e-01 -5.57673037e-01 1.64564788e+00 -5.52485108e-01
    1.61990714e+00 -3.26960564e-01 -7.22525656e-01 -6.93342149e-01
    1.46568978e+00 2.45458350e-01 1.39988077e+00 -3.77980351e-01
    -5.69647968e-01 -7.94714615e-02 1.78692177e-01 9.03376102e-01
    7.11699799e-02 1.41690874e+00 1.68127775e+00 -1.44242495e-01
    1.32974923e+00 -3.53258103e-01 1.35068488e+00 9.98450279e-01
    4.10458207e-01 1.17666654e-01 9.78966951e-02 -3.38480115e-01
    1.87119804e-02 1.27917886e+00 6.66914642e-01 1.48599610e-01
    9.15694833e-01 1.55855429e+00 5.59399351e-02 -5.28164625e-01
    3.50162238e-01 1.63079226e+00 1.26063490e+00 -6.16315067e-01
    -6.77860454e-02 7.58170187e-02 -2.22357854e-01 1.35162580e+00
    -2.77874414e-02 8.98575425e-01 8.59984279e-01 1.49519217e+00
    -4.32728648e-01 1.19963610e+00 -5.27523458e-02 -1.72650278e-01
    3.38969678e-02 1.76248467e+00 1.00893331e+00 2.97990471e-01
    1.47475433e+00 -2.29208007e-01 1.07504392e+00 1.52420485e+00
    -6.29086792e-01 1.03708947e+00 5.97540736e-01 1.61662149e+00
    9.62311864e-01 4.00162816e-01 -1.96044460e-01 1.85493696e+00
    1.42816079e+00 -8.95841345e-02 1.74656004e-01 1.01665580e+00
    -5.89181542e-01 5.80147207e-01 3.90383810e-01 -5.18010259e-01
    1.17220020e+00 1.58582568e+00 1.59520507e+00 8.81245971e-01
    -5.30070662e-01 -2.47195631e-01 1.61122727e+00 3.89136195e-01
    -7.29558527e-01 2.40612961e-02 1.32324600e+00 -5.67099452e-01
    6.54534519e-01 -1.49044558e-01 8.51907194e-01 2.19659984e-01
    -2.95460969e-01 1.74999321e+00 -6.81886256e-01 2.41669819e-01
    8.75864863e-01 1.22544169e+00 1.46681809e+00 1.17621601e+00
    -8.02931607e-01 -6.46081269e-01 5.96709430e-01 1.64885831e+00
    3.75578254e-01 1.48973477e+00 8.44235599e-01 2.43430436e-01
    6.48025334e-01 9.87758696e-01 -5.88677704e-01 1.34360909e+00
    1.70288253e+00 1.69702923e+00 -3.54766905e-01 -6.79118335e-01
    3.79037738e-01 1.36738217e+00 -5.99060655e-01 1.47167718e+00
    9.77042854e-01 -9.72051844e-02 8.90458047e-01 3.41146559e-01
    1.54427254e+00 -3.63753945e-01 1.81588382e-01 -5.97218096e-01
    -2.02005565e-01 -2.57073268e-02 1.01976049e+00 8.32953036e-01
    6.90527976e-01 1.19629633e+00 1.15096784e+00 -5.30594051e-01
    8.45933557e-01 7.00243592e-01 1.70542991e+00 1.79550385e+00
    3.86570483e-01 1.36837736e-01 -3.85129005e-01 -1.83674052e-01
    1.60684073e+00 -7.57249177e-01 4.16851252e-01 1.33689594e+00
    1.72452128e+00 -2.44754255e-01 1.55941355e+00 6.02746725e-01
    1.37319553e+00 -5.42418957e-01 9.32317257e-01 -2.21413404e-01
    1.58918262e+00 1.67416060e+00 -7.26706803e-01 -1.65789902e-01
    1.67617893e+00 6.19687617e-01 -1.17115828e-03 1.21225226e+00
    4.16591048e-01 -5.47248721e-01 5.06166041e-01 -2.91752726e-01
    1.28257287e+00 8.45780969e-01 -1.28661692e-01 1.15342486e+00
    5.74864626e-01 -4.36075926e-01 -1.73919320e-01 1.55680203e+00
    -5.42101562e-01 1.42147481e-01 9.69657958e-01 5.59963644e-01
    6.27715945e-01 4.91214067e-01 -6.05858743e-01 2.66633242e-01
    -1.73099309e-01 -5.82466722e-01 1.50675750e+00 2.56254584e-01
    -7.02101946e-01 -4.36976492e-01 -5.94280839e-01 6.53314173e-01
    9.80718255e-01 -5.79969764e-01 7.05802202e-01 1.66586995e+00
    1.62518024e-01 -3.03986430e-01 1.69685006e-01 3.82572204e-01
    1.24528003e+00 3.66449952e-01 -6.93258405e-01 8.19474936e-01
    1.50536406e+00 -7.24618495e-01 7.20528305e-01 8.30831826e-01
    1.78579211e+00 -3.14287931e-01 -5.14645934e-01 -3.89289372e-02
    1.08194947e-01 1.54189432e+00 -6.43556118e-01 -2.37484157e-01
    8.40075731e-01 -5.10679305e-01 9.26702917e-01 6.73421443e-01
    -7.78023243e-01 1.24466062e+00 1.27359200e+00 9.60866094e-01
    -5.73816121e-01 1.66902554e+00 9.80651975e-01 -2.94328127e-02
    1.09681642e+00 1.63771021e+00 1.30054283e+00 3.65895241e-01
    8.22327197e-01 7.33382881e-01 9.62860346e-01 1.35992551e+00
    1.03932488e+00 5.52004457e-01 -3.34181994e-01 4.04772550e-01
    -4.49958742e-01 1.53187644e+00 9.74441588e-01 9.77720991e-02
    -5.98724008e-01 -8.00570548e-01 1.71099949e+00 8.70687902e-01
    -3.74985933e-01 1.03707290e+00 1.13669825e+00 -1.03078879e-01
    1.68221617e+00 1.15611422e+00 -4.27071273e-01 6.22685432e-01
    9.83863711e-01 9.00970876e-01 7.92059824e-02 8.09618354e-01
    2.97835052e-01 1.34731317e+00 -6.79577827e-01 1.72760510e+00
    1.69979429e+00 6.25353828e-02 7.24680424e-01 -4.23481345e-01
    -4.66742754e-01 1.05285025e+00 1.73292786e-01 1.27065992e+00
    1.03298616e+00 4.86875951e-01 1.39098394e+00 1.05310214e+00
    -4.63902950e-01 1.70959163e+00 1.51710272e+00 9.87208545e-01
    1.85077935e-01 1.45959067e+00 1.68091798e+00 9.37989831e-01
    -7.53769457e-01 8.12326372e-01 8.70593250e-01 3.30114096e-01
    2.42390305e-01 7.30935276e-01 3.80258828e-01 9.40811753e-01
    1.25879598e+00 1.40740991e+00 7.18894958e-01 1.13081001e-01
    6.96236491e-01 1.24415374e+00 4.14078116e-01 -4.06436175e-01
    1.69526279e+00 1.01596212e+00 -4.27372515e-01 -5.35306811e-01
    1.61036238e-01 1.84006882e+00 9.18351337e-02 1.02734551e-01
    -3.75848323e-01 6.71925724e-01 -5.89309307e-03 -6.60765171e-01
    1.40551066e+00 -7.41425008e-02 9.82747614e-01 1.20813227e+00
    -7.28571951e-01 -6.98217869e-01 1.33803761e+00 1.27328229e+00
    -6.71570718e-01 -2.43732557e-01 -6.44748271e-01 4.47771758e-01
    1.67531431e+00 5.82886219e-01 5.31123638e-01 -8.93702954e-02
    1.25651985e-01 6.92585528e-01 1.63019276e+00 1.64814425e+00
    -1.81715503e-01 1.13935637e+00 1.46633804e+00 7.28384197e-01
    4.11771387e-01 1.39172304e+00 3.43970180e-01 1.13899791e+00
    5.97626269e-01 7.07863569e-01 1.24203432e+00 6.26307309e-01
    -2.97229469e-01 1.47056067e+00 2.82639116e-01 7.52642602e-02
    -1.76079601e-01 4.55595791e-01 4.19637442e-01 1.49808884e+00
    4.98299360e-01 7.16055393e-01 1.59064102e+00 1.23871350e+00
    1.47259283e+00 3.31519276e-01 1.90527046e+00 8.50133300e-02
    -2.25112215e-01 9.79702175e-01 1.04530895e+00 4.26406324e-01
    5.68705440e-01 -6.19733632e-01 4.58580077e-01 4.46042210e-01
    1.25959754e+00 9.50790346e-01 -7.46317089e-01 -5.85681163e-02
    4.96682197e-01 4.49973732e-01 -2.11951286e-01 3.05760711e-01
    -2.32609764e-01 -7.18274236e-01 1.09883916e+00 1.48152852e+00
    -3.18755269e-01 -4.28397879e-02 8.34968209e-01 -5.45582354e-01
    4.56964135e-01 -1.64729521e-01 3.63821656e-01 1.07728827e+00
    -6.40387014e-02 -4.69958395e-01 6.76844120e-01 -5.93332052e-01
    8.98683786e-01 9.68645215e-01 3.67458820e-01 3.59963238e-01
    1.10752463e+00 2.94165522e-01 5.74387968e-01 1.65934122e+00
    6.62277520e-01 -6.75693512e-01 -2.02330053e-01 9.06917870e-01
    -1.61333412e-01 3.80771726e-01 4.07371148e-02 -2.62695223e-01
    4.60365355e-01 1.55407906e-01 8.35034132e-01 -3.80551517e-01
    1.81435978e+00 2.87800610e-01 1.00795403e-02 7.46086955e-01
    -3.77676010e-01 1.43870747e+00 -6.84133232e-01 3.64297748e-01
    -3.12627517e-02 2.76683986e-01 1.42190588e+00 1.66183519e+00
    4.67104092e-02 1.56526589e+00 1.56032073e+00 4.45101142e-01
    8.32147598e-01 1.39081419e-01 -2.41950706e-01 -2.10073084e-01
    -6.39914870e-01 -2.84836352e-01 1.77884960e+00 -6.06298447e-01
    5.45830093e-03 1.66435325e+00 -4.50338513e-01 1.32030475e+00
    1.72272825e+00 1.13957740e-01 6.13065660e-01 1.29909587e+00
    -5.69534540e-01 -3.82529944e-01 1.31231689e+00 1.20094109e+00
    1.23415816e+00 1.24696159e+00 1.08253598e+00 7.55378425e-01
    1.42219496e+00 1.28897178e+00 -2.08162311e-02 -2.18147427e-01
    9.08550322e-02 -4.39822435e-01 1.00074597e-02 1.27220869e+00
    1.58522749e+00 -4.29112256e-01 1.85752964e+00 3.12093049e-01
    -3.39192003e-02 1.89347649e+00 -5.48048615e-01 1.18073404e+00
    -4.77138236e-02 4.85248685e-01 5.45666754e-01 -2.06353724e-01
    -1.74639165e-01 1.34587574e+00 3.42341959e-01 5.55898964e-01
    1.32386017e+00 4.32724565e-01 -5.93232214e-01 -2.29489908e-01
    7.62746215e-01 1.03169107e+00 -7.72800982e-01 1.71664977e+00
    -1.36218578e-01 6.95597589e-01 1.13392925e+00 9.87038195e-01
    5.11441946e-01 9.54450011e-01 -1.93489790e-01 3.25154811e-01
    -2.32720196e-01 -1.58083081e-01 5.58835745e-01 -4.68442738e-02
    1.94823161e-01 4.88662720e-01 1.61559618e+00 -1.23066254e-01
    1.35828424e+00 -8.59210372e-01 9.90252316e-01 1.03606653e+00
    1.20336068e+00 -3.35823953e-01 5.40883362e-01 -7.86567181e-02
    -3.49295884e-01 -7.61649251e-01 1.26946640e+00 -8.25412571e-02
    -6.77443743e-01 1.51927805e+00 5.33251166e-02 -5.42889595e-01
    8.21945608e-01 1.01495063e+00 4.20909584e-01 6.12610340e-01
    1.72635639e+00 1.99166895e-03 -7.13518858e-01 9.04912293e-01
    5.95151782e-01 1.31763029e+00 6.39802516e-01 -7.74351776e-01
    -9.92906317e-02 -2.74051368e-01 -5.57732999e-01 5.69033504e-01
    3.76552284e-01 1.32364023e+00 6.11774147e-01 -2.76758373e-01
    3.24754477e-01 1.31356150e-01 1.46654677e+00 -3.53731841e-01
    1.04756653e+00 1.97033763e-01 -3.83087814e-01 3.77848178e-01
    -7.64652431e-01 3.41226190e-01 7.07879126e-01 1.49996936e+00
    -3.38261947e-02 1.24337770e-01 -2.32537970e-01 1.50587010e+00
    -4.21114028e-01 1.83205628e+00 5.64258039e-01 -1.91719040e-01
    1.24762011e+00 -5.56823850e-01 3.54551263e-02 -4.15441364e-01
    -6.00035727e-01 1.80632555e+00 -4.53700244e-01 2.57262260e-01
    1.14188957e+00 -2.00770617e-01 -4.22886133e-01 5.25244474e-01
    4.85601157e-01 1.44154739e+00 -7.34993815e-01 1.28600180e+00
    -2.35719278e-01 3.42114955e-01 -2.68125564e-01 -3.55411530e-01
    2.70843565e-01 -5.06142378e-01 -5.11938274e-01 1.52144611e+00
    -2.10180938e-01 1.19349563e+00 4.07907963e-01 1.11913133e+00
    1.75798607e+00 -3.27018201e-01 -5.32222211e-01 -3.74694049e-01
    1.03120112e+00 -2.90950626e-01 -1.34152979e-01 1.61421609e+00
    -4.32000846e-01 -1.55990973e-01 6.73693120e-01 1.70353162e+00
    1.44027603e+00 -5.18229246e-01 -6.91235840e-01 8.14870149e-02
    -2.94070780e-01 2.61585146e-01 -2.27100432e-01 8.45585465e-01
    3.02992105e-01 -3.26401085e-01 1.73316288e+00 -4.32400048e-01
    1.37873781e+00 4.75012988e-01 3.89130592e-01 -5.45035958e-01
    4.58009809e-01 1.71267653e+00 3.70270610e-01 1.52674472e+00
    6.06287777e-01 1.99940443e+00 9.19699073e-02 5.15675426e-01
    1.54595685e+00 -2.55610257e-01 -2.88459718e-01 1.74158490e+00
    8.28182518e-01 -5.00136852e-01 1.18052530e+00 1.04367292e+00
    -1.00664429e-01 7.14360178e-01 -2.66773552e-01 1.64170694e+00
    2.70592093e-01 1.62073791e+00 1.63104415e+00 1.65848553e+00
    3.87276143e-01 2.04379186e-01 -5.88884413e-01 1.02991414e+00
    1.40489340e+00 8.94070864e-01 1.32361197e+00 1.20272386e+00
    3.43399048e-01 1.19504621e-02 -5.23662686e-01 7.66757846e-01
    1.72039390e+00 9.47299778e-01 -7.07482100e-02 1.64502954e+00
    -3.49629462e-01 2.80594736e-01 9.68756378e-01 7.50139892e-01
    5.23418546e-01 2.29871124e-01 -3.18729132e-01 3.84603083e-01
    -1.17402181e-01 -1.54091166e-02 3.00653577e-01 1.68209839e+00
    9.92906809e-01 1.64081490e+00 1.43969691e+00 -7.27287769e-01
    9.57555115e-01 -7.32110679e-01 6.00334883e-01 1.14330637e+00
    -6.79225504e-01 1.00228941e+00 1.19780749e-01 1.61223054e+00
    2.76599050e-01 9.63624597e-01 -4.73233521e-01 -6.33051395e-01
    1.22786939e+00 2.69396722e-01 9.33314800e-01 6.22126997e-01
    1.71825790e+00 3.23932260e-01 1.27810860e+00 1.26851904e+00
    1.28708982e+00 2.49115720e-01 8.15697014e-01 -3.14348102e-01
    8.93475771e-01 -4.66375977e-01 1.04120553e+00 4.58029509e-01
    -6.06056273e-01 -1.97890908e-01 1.50828075e+00 1.38226080e+00
    -9.29662362e-02 6.35008991e-01 1.43153059e+00 -2.80057073e-01
    9.35313106e-01 -1.97973534e-01 1.24641001e-01 1.55015075e+00
    3.74382645e-01 1.78979671e+00 7.95676708e-01 -4.49244529e-01
    8.14853728e-01 -3.53264630e-01 6.68593049e-02 9.24345613e-01
    5.31343579e-01 9.60295498e-01 1.76142919e+00 1.37803271e-01
    1.17574739e+00 -6.30710542e-01 1.65668219e-01 -5.58511376e-01
    9.04773057e-01 -3.68894726e-01 8.35796118e-01 1.49692893e+00
    1.63506281e+00 -6.95351362e-01 9.58028913e-01 7.43730903e-01
    1.25123596e+00 1.08102158e-01 -4.15324092e-01 1.08258200e+00
    -3.61044347e-01 2.31517866e-01 1.32506573e+00 5.94606817e-01
    1.38115370e+00 7.80095994e-01 -7.30823517e-01 1.65397674e-01
    2.24656060e-01 -3.67873788e-01 2.17669129e-01 -7.37381279e-02
    1.52502012e+00 3.89771581e-01 1.67067301e+00 5.58133051e-02
    8.02342832e-01 1.29029250e+00 -2.30289608e-01 -6.45654559e-01
    8.72043908e-01 1.63948560e+00 8.61772224e-02 -5.77558398e-01
    3.00686896e-01 1.15060842e+00 1.59813488e+00 3.02097827e-01
    1.39849448e+00 1.69426465e+00 5.09056449e-01 1.58580828e+00
    -7.01804876e-01 3.62406112e-02 1.52712357e+00 1.57893991e+00
    -5.91377676e-01 -2.51522779e-01 4.19634640e-01 -1.79089949e-01
    1.72490251e+00 1.61126304e+00 -1.36251763e-01 1.33528411e+00
    1.39121556e+00 1.17275310e+00 3.74550521e-01 7.72449136e-01
    -4.61487591e-01 1.13315642e-01 -5.44924498e-01 1.30133736e+00
    1.50360316e-01 -4.26565737e-01 5.02489507e-01 6.06605232e-01
    -3.72321129e-01 -4.84553546e-01 1.69797763e-01 1.06486857e+00
    1.16569781e+00 1.57150185e+00 1.54977214e+00 -5.52900076e-01
    6.45314693e-01 6.07326329e-01 9.84214097e-02 5.97917959e-02
    7.68675864e-01 4.23276752e-01 -4.81856257e-01 -6.65691555e-01
    1.33639336e+00 -2.94653308e-02 1.15953994e+00 -5.03850758e-01
    6.11122668e-01 1.74612391e+00 -2.85444528e-01 1.50696421e+00
    1.54288247e-01 1.42348754e+00 2.22061560e-01 -4.49904144e-01
    -4.21788782e-01 4.70256507e-01 -1.12030908e-01 7.52027035e-01
    2.31427103e-01 1.67817938e+00 9.55226243e-01 1.06435394e+00
    8.18495691e-01 1.23883057e+00 1.78954494e+00 4.35864270e-01
    1.70717120e+00 4.79823053e-01 8.66090879e-02 1.18395984e+00
    6.96124494e-01 7.31180072e-01 -7.13649511e-01 7.18101561e-01
    -1.19740851e-02 -4.85617250e-01 -1.48832023e-01 1.16278887e+00
    -5.16022086e-01 2.25633308e-01 -3.07917565e-01 1.45849502e+00
    1.57599139e+00 7.99159884e-01 1.30518496e-01 1.08938205e+00
    1.06964552e+00 7.85732388e-01 1.41648340e+00 8.04444626e-02
    1.11199081e+00 -6.28453970e-01 4.09009904e-02 -6.24632776e-01
    3.12684000e-01 2.05662623e-01 5.43444633e-01 -6.11354232e-01
    3.26504886e-01 -4.23523605e-01 -6.03583932e-01 1.41341794e+00
    9.56810474e-01 1.14636636e+00 5.47908187e-01 1.46647429e+00
    -4.68636274e-01 -7.05859885e-02 1.62755466e+00 6.29576921e-01
    4.23783302e-01 1.49300027e+00 -7.45882332e-01 -5.09954035e-01
    9.88114297e-01 2.78395057e-01 -7.53065050e-02 -5.64066827e-01
    -5.36684573e-01 1.09852529e+00 -1.49288967e-01 4.16979879e-01
    -2.86982179e-01 9.71929014e-01 -3.77597660e-01 1.68765056e+00
    9.37121809e-01 1.14272285e+00 2.77340919e-01 -2.33803511e-01
    1.49827790e+00 8.60777795e-02 -4.29665893e-01 1.69758999e+00
    4.02137190e-01 1.06685400e+00 2.62888432e-01 7.70055652e-01
    1.12256503e+00 -6.65487885e-01 -3.73387814e-01 6.41176045e-01
    5.08480310e-01 9.85696197e-01 -6.22478545e-01 1.06201899e+00
    3.72096717e-01 1.56332719e+00 1.35703850e+00 1.56480396e+00
    4.95398045e-02 -4.94166225e-01 -2.01748058e-01 5.63312054e-01
    5.48546612e-01 9.31904316e-02 5.77316403e-01 -8.18846822e-02
    -7.69663811e-01 1.33793652e-01 4.79993761e-01 2.64747292e-01
    4.62848693e-01 -4.19261381e-02 3.45194995e-01 1.25568736e+00
    1.79982150e+00 1.52327490e+00 4.94513661e-01 -2.31615022e-01
    1.16261709e+00 4.21465784e-01 7.16323853e-01 1.22213542e+00
    7.88918138e-01 5.36786437e-01 5.90503573e-01 1.83846265e-01
    7.18957245e-01 6.23919129e-01 1.72556412e+00 -6.87527478e-01
    4.28115457e-01 1.72908500e-01 1.21276712e+00 2.05949128e-01
    1.45228863e-01 1.76063049e+00 6.50833309e-01 9.17836964e-01
    1.54256165e+00 3.79530340e-01 1.09008348e+00 1.31624508e+00
    7.30209529e-01 -6.36890531e-01 -6.65459752e-01 -7.39245236e-01
    2.30782107e-01 2.15426177e-01 8.18689466e-01 1.22180200e+00
    -3.85124058e-01 1.61687744e+00 1.40401828e+00 -5.45059502e-01
    -4.12638247e-01 6.04956388e-01 1.38587570e+00 -5.18761039e-01
    4.31059271e-01 -2.54437447e-01 -5.01179218e-01 1.72542703e+00
    3.10226411e-01 -5.51788770e-02 1.50131989e+00 -2.35323340e-01
    1.97476715e-01 1.78464448e+00 -4.69418526e-01 -5.77486753e-01
    5.70208371e-01 5.50930023e-01 1.52648830e+00 -6.49027109e-01
    5.17428577e-01 1.10807166e-01 1.70647788e+00 4.28419501e-01
    -4.66051280e-01 4.03459340e-01 9.67069983e-01 1.12390971e+00
    1.57064164e+00 -5.46107218e-02 1.62952662e+00 1.75022408e-01
    2.02873155e-01 9.93134081e-01 6.61963463e-01 7.46218204e-01
    -2.20992997e-01 1.13623571e+00 5.37624121e-01 7.77606010e-01
    8.40149522e-01 1.43334639e+00 -5.44487715e-01 6.22912943e-01
    -1.91092744e-01 6.01701498e-01 1.13337934e+00 -1.03520103e-01
    -3.53424996e-02 1.40636814e+00 1.52868783e+00 -1.54032126e-01
    8.10920000e-01 -2.61630327e-01 6.20671749e-01 1.33021283e+00
    -4.91485536e-01 6.34929955e-01 6.70926690e-01 -3.38374823e-01
    2.14525044e-01 -2.77569383e-01 1.66280305e+00 3.82095456e-01
    4.46529806e-01 8.85829031e-01 1.25304556e+00 1.24756670e+00
    3.87803674e-01 3.19879919e-01 -5.92737436e-01 8.37675571e-01
    2.74372667e-01 1.21123767e+00 -5.04915655e-01 8.03889513e-01
    8.19775451e-05 1.07691634e+00 1.67886245e+00 2.13813171e-01
    2.02553511e-01 1.45628345e+00 1.77166259e+00 -8.26966316e-02
    3.09746414e-01 1.15182459e+00 1.17027812e-01 -3.88798982e-01
    -1.59908816e-01 1.18075740e+00 -6.48972213e-01 1.40456831e+00
    1.43561602e+00 7.62095213e-01 6.85252666e-01 1.16448092e+00
    7.48736024e-01 8.68758976e-01 6.30449951e-01 6.64492622e-02
    1.79987037e+00 7.29935408e-01 1.08789182e+00 1.63986593e-01
    3.97488743e-01 4.63476300e-01 1.45774972e+00 -1.29396424e-01
    5.24797738e-02 1.19463706e+00 -7.17804492e-01 -5.32089770e-01
    -1.58769672e-03 8.29608738e-01 -1.99625567e-02 -7.47894049e-02
    8.27211916e-01 -5.67356765e-01 1.87229526e+00 3.67110819e-01
    -4.39221472e-01 3.19389462e-01 1.54047108e+00 -1.44612893e-01
    -1.94376543e-01 1.58339953e+00 1.08148003e+00 5.87653458e-01
    2.02347919e-01 5.13690889e-01 7.70921782e-02 6.49372578e-01
    1.10306931e+00 3.52303118e-01 -8.27094197e-01 -2.88468778e-01
    1.64105463e+00 1.77200782e+00 1.12570393e+00 1.54486656e+00
    -4.91294265e-01 3.38283807e-01 1.31194317e+00 -4.60711360e-01
    -2.95653820e-01 -6.74613476e-01 4.67220366e-01 -2.61820942e-01
    3.24371576e-01 -2.88572222e-01 1.63030648e+00 1.93408892e-01
    8.17212939e-01 8.42781842e-01 3.47132504e-01 1.40369564e-01
    1.46426308e+00 -1.91524476e-01 3.10084075e-01 -2.67356634e-01
    -5.62964797e-01 1.44790792e+00 6.38259411e-01 7.91848898e-01
    2.10116934e-02 1.52771759e+00 -1.26107007e-01 1.71891129e+00
    4.79857743e-01 4.26561385e-02 2.86203716e-02 6.60491943e-01
    1.93976641e-01 5.53708017e-01 -5.35505414e-01 4.70727831e-01
    1.50113416e+00 -5.93509555e-01 6.56551361e-01 3.59770358e-01
    2.36813053e-02 2.98384935e-01 1.59197128e+00 1.69233930e+00
    -6.10242486e-01 8.75859871e-04 1.38643944e+00 4.15121526e-01
    1.52942407e+00 -1.08597025e-01 1.10110223e+00 -6.17619097e-01
    9.08826351e-01 -3.14963579e-01 1.60304391e+00 -3.16207796e-01
    5.44048786e-01 3.56991678e-01 9.23074223e-03 1.52608931e+00
    1.51155007e+00 1.22114563e+00 -4.23662327e-02 6.13638222e-01
    1.21950674e+00 1.32830131e+00 5.17981350e-01 -3.96430790e-01
    6.07705653e-01 1.45959401e+00 4.82210040e-01 -2.51041293e-01
    -1.09170660e-01 2.81298459e-01 1.15748453e+00 -6.65320158e-01
    -7.91079104e-02 1.14665890e+00 1.24646056e+00 2.37333506e-01
    3.65583271e-01 1.22598672e+00 -3.92434150e-01 8.48096728e-01
    -7.53426731e-01 1.37851655e+00 1.68629158e+00 -2.67916679e-01
    9.83034253e-01 -4.24294710e-01 8.09680939e-01 1.43695056e-01
    1.56729305e+00 2.02924550e-01 1.22227764e+00 1.23769566e-01
    -4.75509949e-02 1.40173602e+00 7.18154386e-02 -7.82524347e-02
    1.31041324e+00 3.29342182e-03 2.70303994e-01 9.85423028e-01
    3.06270450e-01 1.37911499e+00 4.75460410e-01 -1.63375944e-01
    5.02905846e-01 1.43304932e+00 -7.35138059e-01 2.23469794e-01
    -4.98716354e-01 1.09522820e+00 -3.28680933e-01 1.34830251e-01
    -1.69457376e-01 4.27118182e-01 -1.94903955e-01 -3.12793255e-01
    8.20279896e-01 -6.77452445e-01 6.23649895e-01 1.86178803e-01
    1.43910491e+00 1.79608536e+00 -6.56952024e-01 6.83581293e-01
    -4.18206096e-01 1.22060823e+00 -5.79727173e-01 1.13492012e+00
    1.48624480e+00 1.27955750e-01 3.99121605e-02 1.38351548e+00
    -4.34560597e-01 -1.26410231e-01 7.13890553e-01 9.16037321e-01
    1.61700654e+00 1.18587756e+00 -3.74434769e-01 -5.42714238e-01
    -7.20909238e-02 1.42769349e+00 5.06685078e-01 -6.03603244e-01
    9.79460716e-01 7.10169494e-01 6.21964872e-01 -5.76517344e-01
    -7.77444601e-01 -7.73266256e-01 3.58265311e-01 9.85202134e-01
    2.66061217e-01 7.30402887e-01 1.55940950e+00 7.44661927e-01
    1.35024452e+00 -9.21194330e-02 1.69714344e+00 -3.53623509e-01
    7.69312859e-01 -2.29501605e-01 2.15770289e-01 1.30225015e+00
    2.56979257e-01 6.93960130e-01 1.29251301e+00 -5.73732316e-01
    1.61452591e+00 7.44651496e-01 3.89145464e-01 6.94159269e-01
    2.60073215e-01 1.43339121e+00 -2.77894020e-01 8.31705987e-01
    1.23307502e+00 7.98389852e-01 7.94852450e-02 -3.82594466e-01
    1.08008277e+00 1.50398865e-01 1.30093110e+00 3.44833255e-01
    -4.18359548e-01 1.54324904e-01 1.37998414e+00 -3.55586767e-01
    -2.90287316e-01 3.75171512e-01 1.07921863e+00 1.66781723e-01
    1.78022575e+00 -6.35763824e-01 1.56137931e+00 1.15482378e+00
    2.01813936e-01 -1.13048807e-01 -5.95994830e-01 -1.25604168e-01
    -4.27443951e-01 5.98155379e-01 -1.98898703e-01 -3.68122011e-01
    1.69431806e+00 -4.95148033e-01 -1.03331907e-02 1.67845964e-01
    1.15430200e+00 -6.42343521e-01 -2.58621901e-01 3.00916195e-01
    1.00850987e+00 4.45180446e-01 1.71822071e+00 1.37333465e+00
    1.12905836e+00 -6.49618953e-02 6.68760955e-01 1.70926797e+00
    -5.74209034e-01 1.14316726e+00 5.62800884e-01 3.58931452e-01
    5.93159735e-01 1.51769245e+00 2.43314117e-01 1.65097737e+00
    -4.15468305e-01 -4.71470118e-01 6.70778513e-01 1.57846123e-01
    -5.45062542e-01 1.81300950e+00 1.36534941e+00 2.43821770e-01
    -3.38065803e-01 1.76915371e+00 1.09170437e+00 6.76829159e-01
    1.71690345e+00 -4.75346714e-01 9.91818428e-01 1.48571026e+00
    3.42440277e-01 1.33555734e+00 1.03065379e-01 1.06786025e+00
    -4.52582389e-01 -2.88009971e-01 6.89665437e-01 4.78776604e-01
    7.68987298e-01 -4.61165123e-02 8.18382859e-01 1.24280322e+00
    8.12512338e-01 -6.81555867e-01 5.61454415e-01 1.60785779e-01
    9.73954558e-01 9.66853857e-01 3.93900126e-01 1.17096651e+00
    -5.01851499e-01 -5.10193050e-01 8.38271439e-01 1.14296710e+00
    1.52024162e+00 1.81921577e+00 1.72351396e+00 1.16095746e+00
    7.06731230e-02 1.22820199e+00 -6.35756692e-03 -3.78397971e-01
    4.29113358e-01 -6.09310806e-01 1.85143721e+00 1.68535721e+00
    4.85174000e-01 5.78577578e-01 8.49459231e-01 -6.42702341e-01
    1.55449927e+00 -7.94823229e-01 1.26061344e+00 1.60693169e+00
    1.33565724e+00 -3.48063372e-02 -3.42453152e-01 1.68507922e+00
    1.33513081e+00 3.33398998e-01 7.17027068e-01 1.36536956e+00
    3.81993353e-02 1.23669147e+00 2.38786742e-01 7.78202236e-01
    1.42264616e+00 1.82215050e-01 4.28306580e-01 1.16326213e+00
    8.58778596e-01 -3.07383984e-02 1.63731134e+00 1.31926930e+00
    -2.96308905e-01 3.47474575e-01 1.39900637e+00 1.62573671e+00
    1.00159541e-01 1.13649964e+00 -3.10379565e-01 8.87924314e-01
    8.21679890e-01 4.97225642e-01 1.19426882e+00 7.64781356e-01
    1.54373586e+00 5.17796755e-01 7.93970108e-01 9.07559991e-01
    1.51432618e-01 1.84805715e+00 1.14960983e-01 1.12517643e+00
    -7.63092816e-01 1.10248017e+00 1.58542085e+00 5.64208090e-01
    1.61845803e+00 1.56348908e+00 -5.19593596e-01 -8.75439584e-01
    -7.16513038e-01 -7.11719573e-01 3.09403390e-01 2.74180442e-01
    1.14382875e+00 1.13769844e-01 6.98853612e-01 -6.59960508e-01
    1.14372861e+00 6.00854516e-01 2.27651283e-01 1.02311261e-01
    -1.63391888e-01 9.50789511e-01 -4.08534735e-01 4.88904119e-01
    5.06337106e-01 9.23507035e-01 -2.43724465e-01 6.82225376e-02
    9.07904744e-01 1.82216501e+00 -5.69829464e-01 3.31060477e-02
    2.84288585e-01 3.47820550e-01 5.44847965e-01 1.28360355e+00
    1.72020924e+00 -3.01753581e-01 8.17708448e-02 -5.75171709e-01
    5.96484005e-01 -3.31847131e-01 1.81856894e+00 9.26521003e-01
    -5.89937329e-01 -7.28576183e-02 -4.17092294e-01 1.13374817e+00
    7.58436501e-01 1.38290083e+00 5.25152206e-01 -3.73598576e-01
    -4.48625416e-01 1.79462636e+00 1.09426975e+00 -5.18306434e-01
    3.55397351e-02 5.70368052e-01 1.73489285e+00 1.69609535e+00
    -3.45276922e-01 -7.85182834e-01 7.87133992e-01 2.78932512e-01
    -3.67486805e-01 -7.55488753e-01 7.35489964e-01 -7.47196972e-01
    1.80439577e-01 7.96073556e-01 1.48104668e+00 9.43134010e-01
    4.58941251e-01 -5.10108113e-01 1.26837993e+00 5.62671363e-01
    1.76514828e+00 1.24650097e+00 4.21202749e-01 -3.66396785e-01
    1.61912620e+00 1.63077390e+00 4.72937018e-01 4.42481011e-01
    -3.65058601e-01 5.82556009e-01 1.05476034e+00 -5.13923883e-01
    2.40529273e-02 -2.35636950e-01 3.33877325e-01 1.14018953e+00
    9.22293305e-01 -4.21940476e-01 1.71228874e+00 -9.10351425e-02
    -2.55185992e-01 1.09452748e+00 5.70503533e-01 7.24837601e-01
    -2.52126575e-01 1.26898825e+00 1.49421334e-01 5.69290161e-01
    4.36766475e-01 1.26220119e+00 1.54861033e+00 1.26266885e+00
    4.60928470e-01 5.38827956e-01 2.13704512e-01 1.82815337e+00
    2.33006105e-01 1.51100194e+00 -5.24292648e-01 -1.24015912e-01
    -3.01350176e-01 1.05192769e+00 -4.14799064e-01 1.06767833e+00
    5.47057927e-01 1.38806033e+00 -2.29048625e-01 5.61365545e-01
    -3.55631113e-01 6.17272139e-01 1.79749414e-01 2.35851109e-01
    2.57734284e-02 1.08169281e+00 -9.67778936e-02 1.20334804e+00
    1.18977857e+00 -6.26311898e-01 -2.24658579e-01 5.87775886e-01
    -2.57188618e-01 6.80614948e-01 2.25472510e-01 -5.92526495e-01
    -1.83998838e-01 9.17565823e-01 -6.33000374e-01 -5.40588439e-01
    -1.61914244e-01 4.20485169e-01 -2.42888272e-01 1.27902281e+00
    -5.15342891e-01 3.10522407e-01 1.22519815e+00 6.97564483e-01
    2.56431937e-01 7.73563385e-01 1.45923734e+00 6.87822878e-01
    1.48469433e-01 -1.35116965e-01 -1.19821094e-02 1.50341022e+00
    -6.37447119e-01 1.83950293e+00 1.52929914e+00 1.52173185e+00
    -2.28697613e-01 -4.73724782e-01 1.40500402e+00 -6.13638222e-01
    1.24567604e+00 3.12378436e-01 -1.30843101e-02 4.97933328e-02
    7.84633756e-01 -4.36976045e-01 -5.43949902e-01 -1.79350436e-01
    9.53482091e-01 7.15508878e-01 1.36147261e+00 -5.96964717e-01
    -5.59977293e-01 1.70328021e+00 2.64044732e-01 1.84819889e+00
    -2.63372481e-01 1.56971753e+00 1.38239408e+00 1.44241047e+00
    8.35323274e-01 1.81292737e+00 1.82158947e+00 9.34101880e-01
    3.52129072e-01 7.54816085e-02 1.30101228e+00 1.68618751e+00
    3.99114251e-01 5.44256985e-01 1.86578631e+00 5.89361668e-01
    -4.32452261e-01 3.55387568e-01 1.82895052e+00 -8.75284150e-02
    -6.81934059e-01 -1.87074021e-02 1.17209530e+00 -1.23631679e-01
    1.60342968e+00 -4.94537443e-01 9.61939106e-04 7.44762719e-02
    9.30721819e-01 7.42375016e-01 -5.49253881e-01 5.28644860e-01
    1.50812984e+00 -3.54015112e-01 9.38359275e-02 1.19993877e+00
    4.79173213e-01 6.24872148e-01 4.02159803e-03 -1.28885195e-01
    -1.26431793e-01 9.43556011e-01 2.45851278e-01 1.60625577e+00
    1.97674289e-01 6.15872979e-01 -7.66061664e-01 7.68384635e-01
    7.88329899e-01 7.79058993e-01 9.30010378e-01 1.50923741e+00
    -2.68666893e-01 5.11491120e-01 -1.26664877e-01 -5.50016642e-01
    1.11713779e+00 3.15227360e-01 5.43517411e-01 5.72713971e-01
    1.61706948e+00 -8.06426883e-01 -3.20366144e-01 1.47694695e+00
    2.41843686e-01 1.42776525e+00 5.65465808e-01 -5.71246326e-01
    -5.17690539e-01 -2.24515587e-01 -6.01828158e-01 6.71259105e-01
    -6.73591137e-01 2.58096278e-01 -7.68853068e-01 1.33252800e+00
    2.60579675e-01 -5.40045202e-01 7.73699701e-01 -2.97095925e-01
    -3.63798440e-01 3.50771606e-01 1.08695781e+00 5.25882959e-01
    -2.48205528e-01 -5.94807923e-01 -8.04304481e-02 -4.76792790e-02
    1.64387155e+00 1.00851035e+00 7.90844500e-01 -5.82614362e-01
    -3.81894223e-02 5.41790843e-01 8.31551552e-02 1.50554836e+00
    5.26511371e-01 5.70797026e-01 -4.28480893e-01 -2.68776298e-01
    2.25014538e-01 -7.07962632e-01 6.74890518e-01 1.48971486e+00
    1.64524472e+00 9.62971687e-01 4.97798890e-01 8.03329229e-01
    9.54930365e-01 -1.33330390e-01 3.93513739e-01 -2.29726329e-01
    -3.28935653e-01 5.34901023e-01 1.42544496e+00 1.10256898e+00
    4.45185483e-01 1.05217791e+00 3.10937315e-01 1.71348131e+00
    1.20154226e+00 1.41655529e+00 1.32516772e-01 -5.73672235e-01
    -2.81607628e-01 1.25378954e+00 1.57019460e+00 2.38680020e-02
    -1.12292364e-01 2.17128292e-01 1.67906582e+00 7.77130246e-01
    3.87066066e-01 1.29875588e+00 -3.18555236e-01 1.46936846e+00
    -1.48186848e-01 1.61777401e+00 -1.76464006e-01 1.49957407e+00
    1.11361516e+00 1.42326450e+00 1.24279046e+00 -5.41391790e-01
    6.77272230e-02 -2.69022912e-01 8.71417940e-01 -3.02020088e-02
    1.38051462e+00 1.51385903e+00 1.44060230e+00 1.47591621e-01
    8.66096914e-01 7.99094081e-01 -3.79046835e-02 -2.71147281e-01
    7.38983095e-01 1.43507034e-01 2.11820349e-01 2.73958713e-01
    7.77952194e-01 1.55721271e+00 -3.18798274e-02 4.10738826e-01
    3.11342984e-01 8.40585649e-01 3.85762006e-01 1.08776160e-01
    1.19204926e+00 -7.07718730e-01 5.72979391e-01 -6.33667529e-01
    3.36294621e-01 -2.56082267e-01 1.48730922e+00 5.64900458e-01
    4.49614832e-04 1.80859178e-01 9.32504952e-01 1.14614081e+00
    5.20898640e-01 8.34247097e-02 8.19486201e-01 1.77425754e+00
    8.29052091e-01 -2.77539849e-01 1.39570311e-01 1.80472638e-02
    1.60877442e+00 -5.51695943e-01 -5.86523354e-01 1.32455444e+00
    -3.63736778e-01 1.68455929e-01 -1.65883362e-01 -4.70395565e-01
    1.00180209e+00 1.59803307e+00 7.78621018e-01 1.63660026e+00
    -4.52752441e-01 6.93730533e-01 1.10044348e+00 -6.26456380e-01
    3.31287272e-02 -4.17442918e-02 -4.42699134e-01 8.37239385e-01
    1.19533964e-01 -2.24809378e-01 2.77687728e-01 1.31001174e+00
    -6.92222953e-01 1.15608418e+00 6.20000288e-02 -6.38325632e-01
    2.09276944e-01 9.69497144e-01 9.45988774e-01 5.30001998e-01
    1.68924761e+00 -5.73554814e-01 -5.94446436e-02 2.23789766e-01
    7.97039211e-01 6.20366573e-01 1.68436480e+00 1.29599595e+00
    1.18100810e+00 9.06308591e-01 -6.47182882e-01 -5.13074815e-01
    -4.21985596e-01 4.79083247e-02 -6.61428750e-01 1.61691040e-01
    1.52979779e+00 -3.26250464e-01 1.35281777e+00 4.08773273e-01
    -4.19157557e-03 -2.36919239e-01 8.69313776e-01 1.60642290e+00
    4.72349167e-01 -2.74516016e-01 4.65410143e-01 -4.38190579e-01
    -4.02493954e-01 1.74942172e+00 -6.28232062e-01 1.72773325e+00
    -7.27311432e-01 -2.35725507e-01 5.70423901e-02 -3.37817937e-01
    1.80166471e+00 1.83705986e+00 2.56954879e-01 2.49390174e-02
    1.98580384e-01 2.35376984e-01 -2.37579513e-02 -2.55988359e-01
    -1.27821118e-01 4.71254617e-01 6.17743790e-01 1.80673182e-01
    8.26632857e-01 8.88056338e-01 9.10472944e-02 -6.74648732e-02
    1.26978445e+00 -3.59267026e-01 1.41085303e+00 1.46274292e+00
    4.91133511e-01 1.13399291e+00 8.58157098e-01 1.53176755e-01
    6.63234815e-02 -1.75576627e-01 1.03539848e+00 1.26874042e+00
    1.48598862e+00 9.28413495e-02 -4.93468285e-01 1.02855134e+00
    -3.55866104e-01 -4.65329707e-01 1.51880252e+00 1.71391416e+00
    1.77383721e+00 -2.23287642e-01 -2.54602492e-01 -2.38803715e-01
    4.19957697e-01 3.20394158e-01 7.63951719e-01 3.76511455e-01
    -2.68322021e-01 3.67736399e-01 -6.94187462e-01 5.95259428e-01
    1.08888960e+00 3.29019308e-01 1.53158736e+00 1.13969064e+00
    9.51420367e-01 8.20867717e-01 1.38220870e+00 8.39034736e-01
    1.31861687e+00 -7.47660756e-01 2.42351234e-01 -7.81572890e-03
    -1.98732600e-01 1.35649502e+00 1.59377337e+00 -5.42871535e-01
    9.26418006e-01 3.15267771e-01 1.20447157e-02 8.84308696e-01
    -1.23410262e-01 1.00590050e-01 -5.99637851e-02 -4.05295759e-01
    -1.84957609e-01 1.65647519e+00 1.50644410e+00 -5.99586189e-01
    -4.24229920e-01 1.15301919e+00 3.69420677e-01 9.94046509e-01
    1.13877809e+00 8.94779980e-01 1.10383630e+00 -1.26109079e-01
    1.59120905e+00 1.01370066e-01 1.12688112e+00 1.56395543e+00
    3.96161646e-01 -5.08626759e-01 2.69157644e-02 -6.63036525e-01
    1.61893380e+00 -5.11427164e-01 1.37144303e+00 1.48468745e+00
    -7.07384944e-01 9.56696689e-01 3.16146135e-01 6.59163535e-01
    -2.06235811e-01 1.69116247e+00 1.32145798e+00 9.53140259e-01
    -6.87423289e-01 4.82376605e-01 -1.47483125e-01 4.83606249e-01
    2.57409662e-01 -1.53948711e-02 1.72536373e+00 7.83568025e-01
    -9.31897387e-02 1.14619434e-01 -1.55357465e-01 7.09517002e-01
    -5.76149523e-01 -5.00688016e-01 1.71164465e+00 -1.49887756e-01
    1.35489106e+00 -4.44779396e-01 1.40477943e+00 6.59876764e-01
    1.20659482e+00 1.56660944e-01 -8.67338702e-02 3.59520793e-01
    -8.38401675e-01 -3.39306504e-01 5.55873632e-01 1.57048571e+00
    9.94182587e-01 6.81201398e-01 1.72714937e+00 1.55519450e+00
    7.49834120e-01 4.98397619e-01 6.96102738e-01 1.47355449e+00
    7.14972496e-01 1.23301578e+00 1.50578666e+00 1.28488982e+00
    -5.09121478e-01 1.01936412e+00 1.46061802e+00 -2.91047040e-02
    2.21810117e-01 3.40996832e-02 1.35396910e+00 -6.51218653e-01
    2.51538098e-01 3.95031780e-01 1.26924622e+00 1.41697788e+00
    1.12407553e+00 2.29199771e-02 3.70097041e-01 -6.03227615e-02
    1.84479371e-01 1.00546908e+00 1.75884354e+00 1.74540520e+00
    3.40391994e-01 3.01265478e-01 -5.44895530e-01 3.18759888e-01
    7.32491195e-01 -1.81952119e-01 1.07401085e+00 -6.76980495e-01
    7.53827691e-01 6.18599415e-01 4.15010482e-01 1.17989406e-01
    3.39829892e-01 1.45697522e+00 5.72906911e-01 2.69713879e-01
    9.12990272e-01 -6.10711813e-01 5.31916559e-01 5.11056125e-01
    1.48854876e+00 -6.73241138e-01 -3.80686551e-01 -2.16152489e-01
    4.70841438e-01 1.71324933e+00 6.29943073e-01 6.38753831e-01
    -2.45007068e-01 -1.55186385e-01 1.59539294e+00 -2.18496129e-01
    1.51157022e+00 8.48438978e-01 1.28055215e-01 1.81705606e+00
    -4.22486931e-01 -1.66252792e-01 1.11670411e+00 1.87660396e+00
    1.85607624e+00 1.28687811e+00 -2.47337416e-01 4.94741291e-01
    1.04855514e+00 1.25485575e+00 -2.10091010e-01 1.65974772e+00
    -4.68953609e-01 4.70777392e-01 6.29116297e-02 1.71185863e+00
    1.43507385e+00 5.62062114e-02 1.04109712e-01 -3.27910423e-01
    9.41956758e-01 1.30960917e+00 -4.35678869e-01 1.21788120e+00
    -2.14589760e-01 1.11355102e+00 5.94133258e-01 2.97979265e-01
    -4.53244418e-01 2.18361080e-01 4.40757334e-01 -2.68205345e-01
    7.16030300e-02 1.32761061e+00 -4.03702885e-01 4.57934588e-01
    1.16794288e+00 -6.83396280e-01 8.74398112e-01 2.69138783e-01
    -1.89173613e-02 1.56088054e+00 1.60405493e+00 1.04231274e+00
    4.69210520e-02 8.27478290e-01 -2.47016653e-01 -3.76490593e-01
    -7.39082456e-01 4.15618509e-01 1.21637785e+00 -3.57042253e-01
    1.57733232e-01 1.03963780e+00 -4.32154417e-01 1.01859629e+00
    1.71784371e-01 2.48841256e-01 -5.28936148e-01 7.06140518e-01
    7.55624771e-01 1.42803252e+00 1.40554380e+00 1.08781070e-01
    -4.30769682e-01 -2.70339012e-01 5.99694669e-01 2.32118085e-01
    -1.11618951e-01 6.52190506e-01 -6.31321073e-01 1.38495004e+00
    9.02388990e-02 -5.97733915e-01 2.74482340e-01 4.03127700e-01
    2.08010040e-02 -1.16867870e-01 -1.50885209e-01 1.44475448e+00
    2.05654785e-01 3.45090598e-01 -2.14210883e-01 3.04716895e-03
    9.25963104e-01 1.50073004e+00 1.65114212e+00 1.41852093e+00
    9.58825588e-01 -1.31220557e-02 1.52481541e-01 1.11764729e-01
    9.09144223e-01 -4.69742864e-01 1.20025969e+00 6.30495548e-01
    -5.23402333e-01 1.63850808e+00 -4.42344844e-01 -6.10089302e-01
    -5.46053909e-02 7.67636657e-01 -7.49543846e-01 7.48440802e-01
    1.03122735e+00 1.23099339e+00 -3.58486265e-01 1.60975575e+00
    -6.60521626e-01 1.11133194e+00 6.64183080e-01 1.74178207e+00
    1.70833278e+00 8.73412192e-01 1.92552969e-01 -3.51324141e-01
    1.36148497e-01 9.94548917e-01 3.19278449e-01 1.43993735e+00
    1.55473483e+00 4.16689627e-02 1.42911124e+00 8.75455856e-01
    -7.42720127e-01 1.79723179e+00 -3.32916737e-01 7.74949729e-01
    6.93444252e-01 7.79790342e-01 1.54198015e+00 8.66450012e-01
    1.08093941e+00 6.44042015e-01 9.35947597e-01 1.14897668e+00
    7.10188210e-01 1.55084002e+00 1.26875424e+00 1.52475107e+00
    5.25128067e-01 6.14961028e-01 7.90214896e-01 3.01740736e-01
    1.88164636e-01 1.57434690e+00 3.22007805e-01 -3.20504457e-01
    7.82178581e-01 5.26687860e-01 5.96022189e-01 1.04064870e+00
    8.55973959e-01 -4.91888076e-01 1.71112192e+00 8.13075006e-01
    -6.27175033e-01 6.97950006e-01 -5.68629742e-01 1.39688146e+00
    -5.26012301e-01 1.14347732e+00 6.10379502e-02 1.34419918e+00
    1.65531552e+00 7.09327757e-01 1.47893298e+00 5.39167404e-01
    9.91201282e-01 1.30510283e+00 -6.64325990e-03 7.60743320e-01
    1.03438544e+00 1.52477181e+00 -4.21985090e-01 -4.69181895e-01
    -1.25914216e-01 2.29788840e-01 9.36008096e-01 -6.03099644e-01
    4.94332373e-01 -5.63378453e-01 -9.63425115e-02 1.14703500e+00
    3.22621286e-01 9.51880932e-01 1.03418529e+00 1.59396553e+00
    1.14707553e+00 -7.34756142e-02 -6.52244031e-01 -7.42603004e-01
    1.68347538e+00 1.06042945e+00 -2.26906642e-01 -1.65641531e-01
    -1.82366133e-01 4.11821902e-02 -9.12473164e-03 5.39236665e-01
    -4.36784536e-01 1.12940133e+00 -3.44450474e-01 1.98083192e-01
    -4.68380690e-01 1.44148767e+00 4.67521638e-01 -8.30772579e-01
    6.16071641e-01 1.64612627e+00 -7.33757555e-01 -2.00384825e-01
    1.57531154e+00 1.17370415e+00 -2.41244197e-01 1.42617965e+00
    2.40870431e-01 -5.65560222e-01 -2.74854600e-01 -1.37026608e-01
    1.25871599e+00 -2.83438295e-01 1.57442999e+00 -7.69142330e-01
    4.43509549e-01 7.59757042e-01 1.02895808e+00 8.37165236e-01
    1.64308977e+00 2.95804769e-01 1.31357682e+00 1.36468816e+00
    -2.10519299e-01 8.66096079e-01 1.42558432e+00 1.09396565e+00
    -7.12930441e-01 -7.77243972e-01 5.50660610e-01 1.51243246e+00
    -2.71606445e-01 -5.50419807e-01 7.08844721e-01 -6.59563661e-01
    1.30121160e+00 1.68743467e+00 -7.23092675e-01 1.46808851e+00
    -5.39336383e-01 -3.03566128e-01 -4.58985835e-01 -3.15419853e-01
    9.04775620e-01 -2.06189796e-01 6.96596444e-01 -4.29330021e-01
    1.41705179e+00 2.56476402e-01 1.83679450e+00 -2.38107353e-01
    -6.30498767e-01 5.31761944e-01 -1.62825286e-01 2.62973577e-01
    1.24344587e+00 1.19024646e+00 8.07995126e-02 1.30200595e-01
    1.59610581e+00 8.28443885e-01 1.69056928e+00 1.43949592e+00
    -5.85886180e-01 1.45959938e+00 1.72284710e+00 3.62399459e-01
    -3.38821232e-01 2.24640980e-01 -6.98585033e-01 9.09926176e-01
    1.37938321e+00 4.48112726e-01 -3.05611014e-01 1.29121983e+00
    -6.60109878e-01 -2.68801719e-01 9.00033832e-01 9.41515684e-01
    1.02838326e+00 7.23756313e-01 -5.78382872e-02 -3.07949722e-01
    -6.00150228e-01 8.24645162e-01 -5.98825037e-01 1.01736081e+00
    -2.14772392e-02 -2.34530807e-01 2.32065007e-01 1.27760932e-01
    9.65603948e-01 1.73067379e+00 4.13596392e-01 1.67665327e+00
    6.95004702e-01 5.60362577e-01 1.25259793e+00 1.09314513e+00
    -6.80845857e-01 -5.55695772e-01 -5.65767765e-01 3.01580131e-01
    1.81755340e+00 -3.23627114e-01 4.03275281e-01 9.21364903e-01
    -3.32299769e-01 1.71041393e+00 -6.09997511e-01 -1.50509745e-01
    2.05094945e-02 1.32908833e+00 -1.33464456e-01 1.36400843e+00
    -2.95070857e-01 9.01725769e-01 3.53624113e-02 -6.40432835e-01
    5.37104428e-01 2.35560864e-01 1.44689381e-01 5.56869209e-01
    -3.05289567e-01 1.35609961e+00 1.05411899e+00 -9.89968553e-02
    9.91031826e-01 -6.64050937e-01 1.59327292e+00 -6.48073375e-01
    1.34854150e+00 5.92073202e-01 3.64933312e-01 1.27304447e+00
    1.20101583e+00 -3.94348875e-02 -4.88529682e-01 2.39643939e-02
    -6.04666293e-01 -4.03193325e-01 1.21855664e+00 1.62837541e+00
    1.11995327e+00 7.18459725e-01 8.27794790e-01 1.87933993e+00
    9.82202053e-01 1.66194212e+00 -1.37406126e-01 6.86191767e-02
    3.27724181e-02 4.65293586e-01 -3.55632119e-02 -5.20302653e-01
    7.82976806e-01 -1.55248493e-01 -5.63875377e-01 1.09380603e+00
    3.09411377e-01 1.35323691e+00 5.68569243e-01 -2.55889863e-01
    1.28922319e+00 8.84157121e-01 9.05208886e-01 8.56082976e-01
    1.44284785e+00 5.41302264e-01 1.31876338e+00 5.32016516e-01
    1.24130752e-02 -2.19350412e-01 1.39902139e+00 1.31463259e-02
    -1.20520085e-01 -4.98978913e-01 6.73990726e-01 -4.74562258e-01
    -6.45812690e-01 1.54859185e+00 1.30306613e+00 -7.97542870e-01
    1.28827417e+00 9.69112992e-01 1.64910293e+00 9.00569618e-01
    1.63115883e+00 -2.64230013e-01 -9.32978094e-02 1.13411653e+00
    1.27449560e+00 5.74505985e-01 -4.47719753e-01 -6.16541862e-01
    1.09582514e-01 1.34912014e+00 1.65130413e+00 1.79945529e-01
    1.04058647e+00 -2.27762032e-02 -5.28319061e-01 1.75468159e+00
    3.66361201e-01 1.68606317e+00 1.42273414e+00 1.03753793e+00
    1.66513121e+00 -6.41193926e-01 7.64834166e-01 -6.70107663e-01
    -4.68055904e-01 -5.75198114e-01 1.07262731e+00 -5.88246696e-02
    -4.82050836e-01 9.67572033e-01 -5.73883116e-01 1.02389503e+00
    -5.35965979e-01 1.56928313e+00 -3.16894740e-01 1.31467056e+00
    8.73198211e-01 3.02032772e-02 1.67862201e+00 7.18431592e-01
    6.59515917e-01 8.31444144e-01 -5.85266352e-01 1.48694599e+00
    -1.68146715e-01 1.42644966e+00 7.13075101e-01 -7.20200360e-01
    3.50817829e-01 -8.23518932e-02 -7.09407508e-01 1.61956823e+00
    5.90804398e-01 -4.64607149e-01 1.51439869e+00 1.25856614e+00
    1.05854285e+00 -7.08382249e-01 1.01690865e+00 -7.27580726e-01
    5.51333547e-01 4.46916729e-01 1.08245850e+00 -4.64162797e-01
    1.02695286e+00 3.10247868e-01 1.21697068e+00 1.52949784e-02
    1.70883477e+00 7.65831947e-01 6.55577719e-01 4.52917516e-02
    -1.04805484e-01 1.24075210e+00 1.20306861e+00 5.60267031e-01
    3.71699274e-01 1.20683670e+00 -6.59100831e-01 3.83316725e-01
    -3.08669239e-01 -4.85483140e-01 4.20202315e-01 1.29189992e+00
    1.36876380e+00 2.03143775e-01 9.65461791e-01 1.44621682e+00
    1.77567229e-01 9.34201777e-01 3.33185196e-01 1.05783093e+00
    1.12174177e+00 -1.27770290e-01 1.15343761e+00 1.25826371e+00
    8.65301549e-01 1.53640258e+00 -4.35238063e-01 4.41547632e-01
    1.29998207e+00 1.37355018e+00 7.63433218e-01 1.80204606e+00
    1.52894998e+00 3.29220027e-01 -7.99654424e-02 2.25733116e-01
    7.43614793e-01 1.28878331e+00 9.87545907e-01 1.31674886e+00
    -1.74826402e-02 -1.27637759e-01 1.07422185e+00 5.97968042e-01
    1.44173539e+00 1.36756897e+00 2.34386683e-01 8.90424848e-01
    -3.04690123e-01 -3.98115575e-01 5.63537836e-01 -1.24149814e-01
    -3.10932457e-01 1.49865758e+00 1.41245675e+00 -7.57599950e-01
    4.08606604e-02 1.28607070e+00 -4.80435312e-01 1.47287583e+00
    2.05233976e-01 -4.29011405e-01 -5.79723597e-01 2.71049500e-01
    -1.07356859e-02 7.87238181e-01 -5.96375883e-01 -4.07292008e-01
    8.61576498e-01 6.27935767e-01 -8.12261164e-01 1.09813440e+00
    6.03730142e-01 6.61152378e-02 8.99453759e-02 -1.91419289e-01
    6.19732380e-01 1.43589127e+00 -6.96816444e-02 1.56092739e+00
    1.17229450e+00 2.81115651e-01 1.59186864e+00 1.19716752e+00
    8.12209323e-02 1.16755116e+00 1.40393615e+00 5.79835355e-01
    7.84172714e-01 -2.33840644e-01 1.36083686e+00 7.04796433e-01
    -3.75066400e-01 -7.45722800e-02 7.82578170e-01 1.38949800e+00
    1.18339849e+00 7.37275302e-01 1.78565824e+00 9.80920076e-01
    -3.92098993e-01 1.51151463e-01 -5.67977667e-01 1.70008149e-02
    7.68311024e-01 1.50141501e+00 -2.98779428e-01 -3.24073806e-02
    8.90101790e-01 5.18554986e-01 -1.34314686e-01 3.24504226e-01
    5.99760354e-01 8.43010783e-01 -4.02471185e-01 1.42882943e+00
    -3.34095508e-01 9.61860955e-01 -5.56737661e-01 6.86172724e-01
    4.60278541e-01 -7.50647724e-01 4.24619718e-03 1.62657571e+00
    -2.16557831e-01 4.76658016e-01 -2.45317191e-01 -7.39865541e-01
    -3.39376509e-01 -3.37240070e-01 1.92938566e-01 -6.21325850e-01
    -5.92621803e-01 1.93168357e-01 -4.23604995e-01 2.39889584e-02
    -6.65851772e-01 1.32474351e+00 2.15648934e-01 5.16444802e-01
    -4.93339926e-01 -4.97752242e-02 -2.05843985e-01 1.34829700e+00
    4.59708899e-01 8.93450379e-01 4.69179243e-01 6.72643363e-01
    -6.11037731e-01 3.01227242e-01 6.97954178e-01 1.26696348e+00
    2.33035028e-01 2.56866515e-01 2.24711165e-01 -6.88411951e-01
    1.05403757e+00 5.82982183e-01 1.10235882e+00 9.88430262e-01
    -7.25698650e-01 3.60330403e-01 -3.34530860e-01 -4.45580810e-01
    1.09774637e+00 1.02647781e+00 -8.72629046e-01 1.23042285e+00
    -6.77514374e-01 8.57633650e-01 1.26313066e+00 -4.33067709e-01
    1.33748651e+00 7.53418505e-01 1.17698979e+00 4.02037650e-01
    -3.70963871e-01 -3.98116678e-01 1.57500398e+00 1.40385413e+00
    8.29471886e-01 -5.73367178e-01 6.83007479e-01 -7.13919550e-02
    4.72831547e-01 2.41415292e-01 4.15769339e-01 1.30304098e+00
    7.61144876e-01 8.94724503e-02 1.57293916e+00 -3.92425120e-01
    -9.73136127e-02 -5.37676334e-01 1.11812675e+00 -5.02389371e-01
    4.83524859e-01 -1.18342593e-01 1.28030527e+00 7.08585978e-01
    -4.66009378e-01 -3.62490058e-01 6.24876916e-01 4.57751930e-01
    8.23398709e-01 -6.61619186e-01 1.58709168e+00 2.96881646e-01
    -4.41740230e-02 1.19886088e+00 8.55518639e-01 1.17225254e+00
    -1.22255899e-01 2.68496186e-01 -4.50959429e-02 1.14974475e+00
    9.03774425e-02 8.69935751e-01 -2.42760062e-01 9.06297684e-01
    1.16385829e+00 8.82078171e-01 4.03514385e-01 1.74474120e+00
    -7.56919146e-01 7.02269912e-01 3.43562067e-01 1.36238849e+00
    1.43571806e+00 1.12208605e+00 5.43857813e-01 6.49315342e-02
    1.22271359e+00 4.53446001e-01 3.44864577e-01 -3.35543424e-01
    -5.39072514e-01 8.59081894e-02 -4.22917455e-01 1.49565268e+00
    -1.22800209e-01 1.84512645e-01 -5.94533205e-01 4.31753069e-01
    1.75939786e+00 1.52090502e+00 -6.75690234e-01 1.46921539e+00
    -4.59890902e-01 3.25790852e-01 1.64918649e+00 2.56106295e-02
    1.63864803e+00 3.64790261e-01 1.39596307e+00 1.71131805e-01
    1.68991852e+00 1.64058912e+00 3.13515812e-01 -8.05334598e-02
    -7.57662877e-02 -7.30801582e-01 9.52897191e-01 4.58570898e-01
    1.27432549e+00 1.76534510e+00 4.81287837e-01 2.89824635e-01
    4.96553421e-01 4.21565384e-01 1.49665809e+00 1.03618634e+00
    7.71437287e-01 7.86361337e-01 1.27834499e+00 1.16160309e+00
    1.56844640e+00 1.91535056e-01 2.87328660e-01 1.04460704e+00
    -7.45772064e-01 -5.10939583e-02 1.25620317e+00 1.12074316e+00
    -7.51040459e-01 6.32334769e-01 1.28530705e+00 -6.18447304e-01
    1.07395852e+00 -4.69971806e-01 4.88947600e-01 7.03554034e-01
    1.54732084e+00 2.74048865e-01 1.44858724e-02 -6.46657526e-01
    1.32541740e+00 -2.40286857e-01 -4.72420186e-01 9.26667273e-01
    -2.71922916e-01 -5.86830795e-01 -6.23709738e-01 3.01164269e-01
    2.32193582e-02 1.76850736e+00 1.11035907e+00 -7.84188449e-01
    -1.94124386e-01 5.81206858e-01 -2.42241934e-01 1.23423457e+00
    7.33907640e-01 1.57167697e+00 -3.52187425e-01 9.27174568e-01
    1.23330247e+00 1.69317245e-01 5.71571827e-01 1.55799711e+00
    3.17849874e-01 -5.57025790e-01 1.62381983e+00 1.50390112e+00
    4.60150689e-01 1.10197556e+00 1.20820731e-01 1.67688191e+00
    8.58857632e-01 7.78472841e-01 6.96452320e-01 1.15434873e+00
    1.48165092e-01 1.61723804e+00 9.00849223e-01 1.52545607e+00
    1.42469215e+00 3.63434523e-01 3.62604558e-01 2.88510948e-01
    7.50242352e-01 4.47694570e-01 -5.81846833e-01 -7.98345327e-01
    1.07958639e+00 8.93301725e-01 1.60920262e+00 5.15821397e-01
    -5.32900989e-01 1.85371614e+00 9.63217199e-01 1.47791994e+00
    1.26582456e+00 -5.41493952e-01 2.04487130e-01 -6.15079105e-01
    9.69967425e-01 -3.61368388e-01 -2.87598759e-01 8.18560600e-01
    4.42379713e-01 5.15420318e-01 1.62674284e+00 -1.48915788e-02
    1.65574419e+00 1.51423335e+00 1.41588628e+00 1.44794548e+00
    2.11218095e+00 1.45981216e+00 -5.84506094e-01 1.89295793e+00
    1.78883648e+00 1.83066630e+00 6.89189136e-01 -5.02950728e-01
    1.84382629e+00 1.85730958e+00 1.72869980e+00 2.82326639e-01
    3.15401107e-01 9.93475378e-01 -4.20574583e-02 7.73600280e-01
    5.68559170e-01 1.04123986e+00 1.38451123e+00 2.25689501e-01
    1.50149262e+00 8.52508008e-01 7.92318165e-01 -1.55198202e-01
    -6.09892428e-01 -3.77477229e-01 -5.40649751e-03 -4.34877677e-03
    2.64068574e-01 5.01595080e-01 3.01399201e-01 4.38313454e-01
    -7.04315543e-01 1.14551651e+00 -5.63076913e-01 2.45282441e-01
    2.42893755e-01 1.41159403e+00 -3.26258868e-01 5.19609094e-01
    -5.55751026e-01 2.80595064e-01 -2.14014873e-01 -3.13047320e-01
    -3.66829842e-01 1.11959577e+00 2.93308720e-02 1.65339261e-01
    1.10107505e+00 1.07420886e+00 -5.66332281e-01 1.59567487e+00
    5.32534599e-01 1.20054829e+00 5.19392431e-01 1.60216665e+00
    1.09044468e+00 6.09160602e-01 1.67929518e+00 4.12376583e-01
    5.71450353e-01 8.98707151e-01 -5.13464570e-01 4.67965215e-01
    7.57630944e-01 -6.28830612e-01 7.83993423e-01 1.02112317e+00
    -3.60319763e-01 -2.65570670e-01 9.27680373e-01 4.28052813e-01
    -2.93436408e-01 -6.57454908e-01 -2.73003459e-01 1.15318406e+00
    1.44954339e-01 1.53822792e+00 5.58824182e-01 1.09870827e+00
    1.39635265e+00 1.03328454e+00 7.83398330e-01 -1.64193243e-01
    1.79734722e-01 8.39183927e-01 3.35600436e-01 8.15344393e-01
    2.85553962e-01 6.38469383e-02 -6.39104903e-01 -2.83842325e-01
    -1.96264461e-01 1.55689967e+00 5.18296301e-01 -5.15716791e-01
    3.75226557e-01 1.10195100e+00 -1.44600317e-01 -3.73065352e-01
    1.74040163e+00 4.70690846e-01 1.35025132e+00 7.45505512e-01
    6.05308414e-01 1.38818717e+00 7.56340861e-01 1.55427837e+00
    -7.31976926e-01 9.34548855e-01 -5.47867417e-01 9.76084948e-01
    8.42335999e-01 -3.00683696e-02 -2.50993192e-01 6.41908124e-02
    1.68643427e+00 1.02414942e+00 8.92428905e-02 -4.19246644e-01
    1.53189921e+00 6.48582041e-01 -4.12994713e-01 -2.13464841e-01
    -1.84398741e-01 1.31209803e+00 1.15729904e+00 -6.53348416e-02
    1.67318314e-01 -2.76132941e-01 -2.87531197e-01 7.06897199e-01
    1.07924151e+00 6.53685033e-01 1.22185834e-01 4.30327021e-02
    -2.03612953e-01 -7.44326711e-01 -6.90091193e-01 1.54084921e+00
    -1.81049079e-01 -8.21892917e-02 3.33563127e-02 -5.86015694e-02
    8.70865583e-01 8.16111863e-01 6.67352021e-01 7.24684119e-01
    1.04209661e+00 1.66588590e-01 -4.33714390e-01 -4.90041584e-01
    -3.44942480e-01 1.88978791e-01 3.53470862e-01 1.25279415e+00
    1.17656028e+00 1.48352337e+00 -4.13757503e-01 -8.66231322e-01
    -3.53553027e-01 6.94247901e-01 -8.67956161e-01 8.06486547e-01
    1.45473647e+00 -1.42005190e-01 -3.26848507e-01 6.37151122e-01
    5.51814884e-02 2.49753118e-01 1.66851985e+00 3.88054043e-01
    1.56522584e+00 1.20269406e+00 1.61612308e+00 8.14774156e-01
    4.72984836e-02 -4.24783915e-01 1.55079937e+00 1.30853045e+00
    1.69353962e+00 6.50228560e-01 1.80211294e+00 1.68979275e+00
    -3.86835963e-01 -5.57899237e-01 4.55865890e-01 2.75577098e-01
    -3.14949632e-01 1.08360374e+00 7.31277168e-01 -1.32104367e-01
    -1.80145100e-01 -4.68126446e-01 1.44861269e+00 1.53269458e+00
    1.22542942e+00 1.67202604e+00 8.27033997e-01 -2.86107779e-01
    -1.71146601e-01 1.53649366e+00 1.63972688e+00 -6.98978901e-01
    -2.47234330e-01 6.92630768e-01 4.46664900e-01 1.18984997e+00
    6.16791427e-01 1.34179282e+00 6.24752581e-01 1.77736330e+00
    -5.78557849e-01 8.06006417e-02 7.97542155e-01 1.73695099e+00
    -2.03032106e-01 1.39644599e+00 -3.45730484e-01 5.17129660e-01
    1.66784763e+00 1.19355762e+00 -6.44752681e-01 1.38965976e+00
    -2.07246020e-01 -5.58938503e-01 -4.53777760e-01 1.25968643e-02
    1.41631126e+00 1.58857381e+00 1.58402562e+00 5.80583692e-01
    3.26888561e-01 1.06612198e-01 -2.91183144e-01 -5.95779121e-01
    9.96557474e-02 1.70510304e+00 3.55883747e-01 -3.34243029e-01
    5.16478121e-01 3.20111290e-02 1.79816008e-01 2.16880590e-01
    1.69553435e+00 8.01760375e-01 3.26764911e-01 1.90072320e-02
    1.22205055e+00 9.92617607e-01 4.77486402e-01 -5.77716947e-01
    1.61965176e-01 1.69121289e+00 4.62695003e-01 1.68343604e+00
    4.87087220e-01 1.46911395e+00 -7.44535327e-02 1.49913716e+00
    2.20200196e-01 -6.28990769e-01 1.70350805e-01 1.47284567e+00
    -1.22287460e-01 2.12514754e-02 -3.56561303e-01 1.42961383e+00
    1.32099235e+00 8.72646451e-01 2.71293044e-01 -6.32803440e-01
    2.35380828e-01 1.71171975e+00 -1.42687067e-01 -2.63540387e-01
    -1.07336275e-01 1.65030193e+00 6.95120573e-01 1.91167817e-01
    3.73056054e-01 1.89884007e+00 1.07862484e+00 1.41901743e+00
    -5.38867339e-02 1.61422446e-01 7.16384128e-02 1.03591466e+00
    -7.22323209e-02 3.99743229e-01 7.13019431e-01 1.26126134e+00
    1.07546520e+00 9.34897482e-01 1.82612765e+00 -6.31044388e-01
    -5.07322729e-01 6.66564405e-01 1.82126567e-01 -8.42778012e-02
    6.25092447e-01 2.31044069e-01 1.62357616e+00 -7.95686185e-01
    1.10455370e+00 -2.38961522e-02 8.71681273e-01 1.48151433e+00
    -5.27571917e-01 1.64677155e+00 -2.72744838e-02 1.03541541e+00
    1.01918030e+00 9.99498487e-01 -3.32605273e-01 3.90072495e-01
    -6.32774889e-01 7.14697003e-01 1.47135943e-01 1.01370287e+00
    1.15609789e+00 1.56630504e+00 3.63140166e-01 2.07936183e-01
    8.75451565e-01 4.32569265e-01 1.02317095e+00 -3.77524644e-01
    1.72684002e+00 -2.00816765e-01 1.89025640e-01 -3.64471167e-01
    1.44972014e+00 -6.24385476e-01 1.69033825e-01 1.63181555e+00
    3.21115345e-01 7.95863450e-01 1.75279379e+00 -4.69922513e-01
    -6.28134727e-01 4.53818291e-01 1.60122716e+00 1.58040917e+00
    1.10614896e+00 4.82452780e-01 4.60078239e-01 -6.83227301e-01
    -1.93393290e-01 1.31578267e+00 -2.12036639e-01 -6.11258984e-01
    -1.64940789e-01 7.51846135e-02 9.78089154e-01 6.50049793e-03
    8.13385248e-01 9.81575996e-02 1.08538307e-01 1.36249316e+00
    7.36533165e-01 1.18624318e+00 1.83976457e-01 1.51412249e+00
    7.51266852e-02 4.56842273e-01 9.79655325e-01 -5.14689386e-01
    -4.42690521e-01 4.00446415e-01 1.38925481e+00 1.59343886e+00
    -6.87568307e-01 5.77300727e-01 4.69124734e-01 1.27969813e+00
    1.36159265e+00 7.73839951e-01 3.11585311e-02 2.13969082e-01
    1.59882867e+00 9.07961428e-01 1.55012298e+00 1.25693154e+00
    4.48149800e-01 -2.68315792e-01 5.21970630e-01 -6.74442887e-01
    -8.45865607e-02 1.62247467e+00 1.25711977e+00 -7.10595846e-01
    9.95653749e-01 2.28714615e-01 1.05672204e+00 1.17939019e+00
    1.52382731e+00 -2.67466366e-01 -2.82813609e-01 -2.93586791e-01
    9.81934071e-01 -4.00601357e-01 -2.22426325e-01 7.54555762e-01
    1.38146603e+00 3.96238416e-01 1.27280533e+00 6.14914119e-01
    9.56030965e-01 -1.98483169e-01 9.76791084e-02 -5.17593801e-01
    1.31801116e+00 -2.77048852e-02 1.68803906e+00 -3.36315662e-01
    1.04556334e+00 -4.84254330e-01 1.44626176e+00 8.23113561e-01
    1.86043382e-01 9.23714876e-01 -7.07108796e-01 -2.87534356e-01
    -7.90622532e-01 1.60411465e+00 -3.29151303e-01 -5.84025025e-01
    -1.77481920e-01 8.81654501e-01 -6.19425356e-01 2.56181687e-01
    -1.52449995e-01 3.35010827e-01 7.08543479e-01 7.35360431e-03
    1.30149722e+00 -6.96094155e-01 4.13312614e-02 -7.21889079e-01
    1.30115020e+00 2.90779293e-01 1.22514975e+00 1.27952778e+00
    1.33022892e+00 1.63515615e+00 1.82020867e+00 1.41048658e+00
    9.56475455e-03 1.77810860e+00 1.26424348e+00 -2.99594671e-01
    1.21665096e+00 -4.56502020e-01 6.56564832e-01 1.10164499e+00
    -7.06802234e-02 9.60563004e-01 -2.16150194e-01 4.29339796e-01
    -3.90524529e-02 -1.38992781e-03 -3.92607182e-01 6.51247203e-01
    -5.60083687e-01 1.69387376e+00 1.50618231e+00 5.66052973e-01
    7.48696744e-01 4.69860673e-01 -5.72368264e-01 -1.06018059e-01
    -3.67989510e-01 1.14050412e+00 1.91447675e-01 5.08600831e-01
    -3.65857899e-01 -1.02592587e-01 1.02685213e+00 -3.14568996e-01
    1.50834930e+00 8.06471050e-01 1.47758269e+00 8.12641561e-01
    1.38450003e+00 -1.00071371e-01 7.33007312e-01 1.06072390e+00
    1.63404310e+00 -9.60661322e-02 1.75601363e-01 6.30581439e-01
    -7.31940269e-01 5.09076655e-01 -5.98988160e-02 -1.68019757e-01
    -3.40470523e-01 -1.98553637e-01 1.72874069e+00 1.05002487e+00
    6.58390284e-01 7.66428828e-01 -6.88659489e-01 2.56361179e-02
    3.27147871e-01 1.61630714e+00 1.00262058e+00 8.23538661e-01
    4.51543592e-02 -3.53142023e-01 -3.75669092e-01 3.27894568e-01
    2.10481524e+00 2.93876767e-01 1.08816540e+00 1.17982936e+00
    6.90373242e-01 1.18806756e+00 -6.60273969e-01 -4.83716905e-01
    1.63274622e+00 1.46352321e-01 2.94880509e-01 5.43931603e-01
    1.59431076e+00 1.55134857e+00 1.25531375e+00 1.25611794e+00
    1.32137883e+00 1.59892166e+00 2.14469150e-01 1.04812062e+00
    -6.43486559e-01 1.85633111e+00 1.11732090e+00 9.43547189e-01
    -3.47263962e-01 5.69095552e-01 4.32388902e-01 -4.39918756e-01
    1.29245102e+00 5.59254289e-01 1.71389306e+00 -3.50212872e-01
    -6.80775762e-01 1.77846360e+00 1.38979542e+00 1.17652607e+00
    -8.10781240e-01 1.59348512e+00 1.16228211e+00 1.78626132e+00
    6.58472717e-01 -1.15468856e-02 2.12631986e-01 -5.66640675e-01
    1.57547462e+00 1.02465963e+00 1.13110793e+00 1.40924335e+00
    1.42182267e+00 2.03974862e-02 4.85015005e-01 7.17463374e-01
    4.50367391e-01 4.65914041e-01 -5.74926376e-01 2.52771825e-01
    -2.83166289e-01 1.71768975e+00 4.51887161e-01 -4.54157472e-01
    8.74085486e-01 2.35834494e-01 -5.71761250e-01 8.15698385e-01
    1.68927372e+00 1.03443563e+00 5.98035336e-01 4.64393020e-01
    1.02183533e+00 1.21129501e+00 1.45696139e+00 6.29503787e-01
    4.46052462e-01 -1.34400710e-01 1.63706112e+00 9.02238429e-01
    1.66155684e+00 4.10222322e-01 1.51681626e+00 -5.10431051e-01
    1.91755727e-01 -2.96007425e-01 1.24518394e+00 2.42737830e-01
    -5.18471360e-01 -3.40785533e-01 9.63157117e-01 -6.09813780e-02
    1.92457363e-01 1.20149732e+00 -1.49725333e-01 2.81992823e-01
    1.29470575e+00 1.10258389e+00 1.55581224e+00 8.00057948e-01
    1.63578415e+00 -7.38584161e-01 1.10748208e+00 3.77811342e-01
    -4.41258669e-01 -5.45456171e-01 3.57997790e-02 1.19853266e-01
    5.69561839e-01 1.57666898e+00 -5.92247844e-01 -6.70988381e-01
    1.08415675e+00 4.01088476e-01 8.79850149e-01 7.40566790e-01
    1.03689098e+00 -1.64069012e-01 8.18679571e-01 5.58189332e-01
    1.58590770e+00 7.80323565e-01 2.41300538e-02 1.29540265e+00
    -2.66750246e-01 1.55479658e+00 1.43576467e+00 1.15450203e+00
    -1.00304171e-01 5.81604123e-01 -6.14762604e-01 1.14773524e+00
    7.86458015e-01 -5.07686794e-01 5.39760649e-01 4.69316930e-01
    6.67354345e-01 1.48232925e+00 3.97184670e-01 1.69502246e+00
    1.12828052e+00 9.17309582e-01 3.14368159e-01 1.57464184e-02
    1.39627647e+00 -4.47028756e-01 -1.29705131e-01 1.10297835e+00
    5.58955073e-01 3.88438106e-01 9.48126316e-01 -9.37672555e-02
    1.53838325e+00 -6.54861212e-01 5.11566281e-01 1.56686711e+00
    3.00731868e-01 1.70876980e+00 3.57235849e-01 7.75383651e-01
    1.05864063e-01 1.47984910e+00 -9.35662538e-02 5.71799874e-02
    6.42694756e-02 1.24416381e-01 1.10865808e+00 1.30412066e+00
    -9.43557844e-02 1.05883014e+00 7.54296184e-01 1.75549138e+00
    1.16209149e+00 1.88785624e-02 6.71227157e-01 1.78976941e+00
    -1.69934519e-02 9.65166390e-01 -1.51715413e-01 6.25423431e-01
    -3.10972303e-01 2.27377620e-02 1.75498247e+00 -5.88038445e-01
    -6.70599341e-01 1.17248428e+00 1.09750330e+00 -4.21275198e-01
    6.30938888e-01 1.68777823e+00 5.19042373e-01 1.35652184e+00
    2.72379145e-02 -5.72645247e-01 6.60381079e-01 9.72765148e-01
    -4.54317927e-01 -3.25875551e-01 3.06013405e-01 3.07442784e-01
    6.27047420e-01 1.45601439e+00 1.57854283e+00 -2.15516910e-01
    -3.68813500e-02 -1.44673228e-01 7.77610064e-01 9.35608387e-01
    -7.06857622e-01 6.86795712e-01 -6.85677707e-01 1.43941259e+00
    -1.72800750e-01 8.28877568e-01 -8.24070454e-01 1.71393096e+00
    1.51054516e-01 1.36320674e+00 6.72723353e-01 6.06467307e-01
    5.57995498e-01 1.76689899e+00 -5.41512966e-02 5.63852012e-01
    -1.80217206e-01 6.66021764e-01 -5.12128808e-02 1.53866625e+00
    1.71510327e+00 1.75276831e-01 -3.42789531e-01 1.40865755e+00
    1.14624453e+00 3.85779053e-01 5.60139298e-01 -1.65892124e-01
    1.47365403e+00 2.67489493e-01 -3.32317382e-01 -5.86625516e-01
    -2.04557583e-01 1.20801067e+00 5.89482129e-01 -2.39023685e-01
    -3.70773762e-01 -2.98770666e-01 -5.68597317e-01 8.05541754e-01
    1.08574890e-01 9.80618417e-01 7.23901331e-01 1.27817142e+00
    -3.16538244e-01 7.41268396e-01 1.46850348e+00 -5.23583889e-01
    1.48593354e+00 -7.08777308e-02 1.32239747e+00 2.37699056e+00
    4.99240458e-02 -2.99514949e-01 1.16519183e-01 9.27200988e-02
    -5.27375162e-01 -3.42324764e-01 1.26425672e+00 1.76012442e-01
    -6.18512690e-01 -7.46011138e-01 3.48378628e-01 -4.25704300e-01
    1.29101467e+00 -7.31825769e-01 -4.81529944e-02 -6.79890096e-01
    5.66153347e-01 3.01692456e-01 -6.29864514e-01 7.30242908e-01
    -3.21912467e-01 7.94793442e-02 1.46192205e+00 -4.73465063e-02
    4.71314728e-01 -6.65686190e-01 5.58753967e-01 1.51354671e-01
    9.86272037e-01 1.60372412e+00 5.08886613e-02 -3.53806138e-01
    1.98016971e-01 1.53882849e+00 1.58200395e+00 1.80070207e-01
    -5.14347613e-01 1.36911249e+00 1.92838937e-01 1.27288401e+00
    6.20560288e-01 2.84547269e-01 1.19326925e+00 -6.37210488e-01
    2.50011981e-01 5.42836666e-01 1.45011616e+00 1.62215817e+00
    1.49007356e+00 1.53903353e+00 -4.56189394e-01 -6.91001415e-01
    1.62793446e+00 5.73525369e-01 -4.57896143e-01 4.69774097e-01
    -3.10499012e-01 1.76899147e+00 2.67425478e-01 5.63433111e-01
    -1.46880999e-01 7.12805510e-01 6.87884092e-01 1.57406723e+00
    -5.61059654e-01 -1.07737802e-01 1.40512729e+00 1.26016533e+00
    9.33639526e-01 4.16716397e-01 1.50529933e+00 -6.84512973e-01
    -2.18440399e-01 -3.26535881e-01 2.49465883e-01 1.67865384e+00
    1.11007082e+00 7.42344260e-01 8.49474728e-01 -6.62261844e-01
    -3.90337110e-01 1.62114215e+00 1.19478688e-01 5.14156401e-01
    5.50912797e-01 1.06450176e+00 7.96950459e-01 5.20378649e-01
    -3.96480531e-01 -1.43587947e-01 1.51951358e-01 1.48050141e+00
    1.34418738e+00 -2.59035140e-01 4.81945544e-01 -7.10380971e-01
    1.51351726e+00 9.25572217e-01 1.44867635e+00 1.41964352e+00
    1.57908583e+00 1.18803954e+00 -1.71846952e-02 6.80266321e-01
    -8.91408324e-02 1.31958711e+00 -8.68573129e-01 5.36344767e-01
    -6.99609160e-01 8.85723770e-01 1.83646128e-01 6.12696223e-02
    8.65851223e-01 -1.55394569e-01 -4.61109877e-01 -3.68953764e-01
    -5.32680809e-01 -2.68533647e-01 -2.96343803e-01 -7.21680000e-03
    -6.49426579e-01 4.42937344e-01 -1.79352105e-01 8.68122339e-01
    8.43263686e-01 -6.39033318e-01 1.70364606e+00 -6.96400523e-01
    3.18909556e-01 -4.22029257e-01 1.28325057e+00 8.84458184e-01
    6.44887447e-01 -3.36257488e-01 8.95030737e-01 -8.46216828e-02
    1.14093149e+00 -6.07663453e-01 1.75814629e+00 4.38841842e-02
    1.12748837e+00 -5.35727143e-01 5.32970905e-01 -5.66546202e-01
    1.58189809e+00 3.86613697e-01 9.48878303e-02 1.11235070e+00
    1.28568995e+00 5.80260456e-01 9.31218743e-01 7.51925349e-01
    2.71678269e-01 5.38559437e-01 3.28643590e-01 1.50936449e+00
    -1.76755376e-02 9.85050574e-02 1.37133467e+00 -1.14852048e-01
    7.72967219e-01 3.61681312e-01 9.84622717e-01 1.59104252e+00
    -1.79584343e-02 9.09708858e-01 2.41933733e-01 9.67918992e-01
    3.08047831e-01 1.64363348e+00 5.77769220e-01 1.19976699e-01
    7.55010247e-01 6.35755658e-01 4.35629368e-01 -1.63877949e-01
    1.63151443e+00 1.18108320e+00 -6.35482669e-01 -2.79311001e-01
    7.33292997e-01 1.30745506e+00 -1.70333505e-01 -6.07035309e-02
    -8.29489753e-02 -3.57222319e-01 2.65942901e-01 -8.30822363e-02
    -6.34139419e-01 -4.08051401e-01 -3.84397149e-01 5.86722672e-01
    -1.69693708e-01 1.40188277e+00 -1.44678444e-01 1.68524039e+00
    4.46878046e-01 8.08578312e-01 -1.90198451e-01 4.73895017e-03
    1.62183630e+00 -4.75593925e-01 -2.83500850e-01 3.49677280e-02
    1.10372293e+00 1.44686532e+00 8.48043978e-01 -5.77850401e-01
    -5.16695142e-01 1.21339524e+00 1.17147481e+00 1.34713292e+00
    -5.07172709e-03 -7.56284535e-01 -1.76695198e-01 1.79203546e+00
    -5.83737552e-01 -7.39696681e-01 9.06336069e-01 -5.46405790e-03
    1.64342868e+00 1.61678147e+00 1.60094172e-01 5.18578351e-01
    4.04026538e-01 4.84657079e-01 8.12986612e-01 1.74021780e+00
    1.64514160e+00 -4.27923381e-01 -1.97456971e-01 1.56054580e+00
    1.23299992e+00 -3.42106968e-01 -6.33266509e-01 7.67957568e-01
    5.87549448e-01 8.05925965e-01 1.65563786e+00 1.70667410e+00
    -5.16272068e-01 1.63991427e+00 1.57573009e+00 6.01223469e-01
    3.97190034e-01 5.71130276e-01 1.57065678e+00 8.06424856e-01
    3.07593107e-01 1.32478583e+00 8.35297406e-01 1.31066322e-01
    9.44034219e-01 1.65092540e+00 1.47631919e+00 2.53206992e+00
    7.20602274e-02 -1.17756896e-01 6.09150589e-01 4.77455378e-01
    7.89492130e-01 2.67543465e-01 6.87202454e-01 7.83367574e-01
    -4.88682650e-02 -3.93805623e-01 -3.04388702e-01 5.92060208e-01
    -4.90375936e-01 9.97784883e-02 6.61554754e-01 1.14644134e+00
    6.94531500e-01 5.95163763e-01 7.94573799e-02 1.13181746e+00
    2.14022368e-01 1.38061976e+00 -6.45561397e-01 7.87526667e-01
    -3.84651363e-01 1.19811904e+00 -6.57271862e-01 1.13360155e+00
    -5.14228582e-01 -7.16707408e-01 7.81802475e-01 1.41959086e-01
    4.69709128e-01 1.18527055e+00 7.34801888e-01 5.53514659e-01
    1.03326607e+00 5.04604459e-01 7.70433128e-01 -6.06809616e-01
    2.88780510e-01 2.17214182e-01 2.22448334e-01 -4.28859234e-01
    8.12356591e-01 -2.43568152e-01 9.16475058e-01 9.49059606e-01
    4.96808141e-01 -4.42258209e-01 7.87910353e-03 7.52317190e-01
    -6.16175771e-01 1.86895263e+00 8.37068677e-01 1.20059097e+00
    4.01722878e-01 1.85669386e+00 1.62994134e+00 -3.07781491e-02
    -2.22419009e-01 5.93688846e-01 1.75521135e+00 9.70523655e-01
    -7.19484091e-01 1.00675976e+00 -5.97986102e-01 -4.72124457e-01
    7.95897007e-01 7.65559793e-01 1.35047102e+00 6.91278204e-02
    1.64454424e+00 9.85776633e-02 -1.60057932e-01 -7.44025648e-01
    -6.99500740e-01 1.43106639e+00 5.96873323e-03 -4.77424443e-01
    3.47733229e-01 -5.74110329e-01 1.46667457e+00 1.15977454e+00
    4.14029986e-01 -2.86968440e-01 5.75211823e-01 1.61587250e+00
    -2.33014956e-01 1.13254152e-01 -7.02601314e-01 9.24824357e-01
    1.34885645e+00 -9.47885495e-03 -4.38264161e-01 -2.98860669e-01
    -6.64370298e-01 6.53570056e-01 1.47735429e+00 -1.06212564e-01
    -5.01976907e-01 -6.10037923e-01 7.92330265e-01 1.73114038e+00
    1.39206970e+00 6.14561029e-02 -8.19592595e-01 1.33206081e+00
    1.55348592e-02 1.02238858e+00 -1.22581579e-01 -5.56130230e-01
    -6.57666802e-01 7.42587566e-01 1.70756471e+00 1.78385866e+00
    5.09352267e-01 1.37240303e+00 -5.80233634e-01 1.01585412e+00
    1.38399053e+00 -4.30286556e-01 1.00374341e+00 2.74000823e-01
    4.89967257e-01 -1.81370273e-01 8.86196315e-01 9.31009531e-01
    7.60588935e-03 1.31387234e+00 1.21156299e+00 1.35803318e+00
    9.25656497e-01 1.48682368e+00 7.22218156e-01 -2.68101126e-01
    1.05174994e+00 4.57255125e-01 5.53120852e-01 1.29711461e+00
    -1.40208686e-02 9.47217822e-01 -5.40663779e-01 -1.46119118e-01
    1.03867626e+00 -6.47271216e-01 8.94368887e-01 3.99769753e-01
    -5.93930542e-01 1.96850181e-01 -8.16152692e-01 -7.80371726e-01
    1.16709602e+00 1.14574754e+00 6.39798462e-01 4.83983636e-01
    5.26623130e-01 -4.63226050e-01 1.10176682e+00 -2.46723652e-01
    -6.03845894e-01 3.03566337e-01 7.62514949e-01 -7.58731589e-02
    5.01739085e-01 1.31649649e+00 9.30831254e-01 1.43398201e+00
    -7.11608768e-01 3.16189498e-01 8.27724397e-01 7.34923303e-01
    -4.44318689e-02 -5.15671432e-01 2.38670439e-01 6.08679235e-01
    1.34877324e+00 1.72068417e+00 -1.80480797e-02 -3.44095886e-01
    2.75829405e-01 -4.47761744e-01 3.23305935e-01 1.25756776e+00
    1.41520575e-01 1.38121259e+00 -5.34662247e-01 -4.00280148e-01
    1.56238735e+00 -3.54718417e-01 1.73127413e+00 1.39499247e+00
    1.40703887e-01 7.68056512e-01 8.57141554e-01 9.00779441e-02
    2.91876346e-01 -5.92820346e-01 6.70777977e-01 1.22919822e+00
    1.35472822e+00 7.07846433e-02 7.78789163e-01 8.10657144e-01
    -8.42925459e-02 -1.46514818e-01 8.18202853e-01 1.78166401e+00
    1.21839046e+00 1.08607352e+00 -1.39189720e-01 3.05609144e-02
    1.49192941e+00 1.78806710e+00 4.13712949e-01 1.26417935e+00
    5.52449077e-02 1.71472776e+00 6.36731446e-01 1.77813721e+00
    -2.37321049e-01 6.76525116e-01 7.81243861e-01 1.63286954e-01
    -4.99194682e-01 -4.73062955e-02 8.54551554e-01 -1.33358836e-01
    8.87620151e-01 -5.96326217e-02 1.68594527e+00 7.41505265e-01
    4.93816286e-01 1.29568684e+00 -4.19884473e-01 1.00917459e+00
    1.73855972e+00 1.23729622e+00 5.97063363e-01 -7.24204630e-02
    3.86377931e-01 2.37273678e-01 7.48116076e-01 1.38007605e+00
    -3.04947257e-01 4.40095812e-01 1.30692971e+00 7.45521307e-01
    1.08944833e-01 1.04475474e+00 1.66279435e+00 -7.24305034e-01
    4.48186666e-01 -4.95119244e-02 -9.68150645e-02 9.21419680e-01
    -2.27971226e-02 1.51833153e+00 -1.89877480e-01 1.21605670e+00
    -4.73134667e-01 1.14408314e+00 1.42446622e-01 -6.38332188e-01
    2.63292313e-01 9.30537879e-01 1.51334560e+00 6.03340387e-01
    1.72704113e+00 1.99386135e-01 -2.83808917e-01 -3.30090560e-02
    -2.94822872e-01 -6.81017220e-01 2.92564750e-01 -6.23187363e-01
    3.15373093e-01 1.35534155e+00 1.53743994e+00 9.00368273e-01
    -1.92070886e-01 1.29085410e+00 -1.94186762e-01 1.45130515e+00
    8.73035669e-01 6.69138551e-01 -5.01794934e-01 1.74369419e+00
    6.12461030e-01 -7.02915847e-01 -1.73185393e-01 -4.20547932e-01
    1.57173645e+00 -4.52736467e-01 -3.71511914e-02 -1.65996522e-01
    6.83745265e-01 3.71084332e-01 8.20614636e-01 -9.36856270e-02
    4.76199031e-01 1.77628624e+00 -2.52624452e-01 8.48227739e-01
    9.17080343e-01 -4.74878788e-01 -4.52102013e-02 -1.93308190e-01
    1.86648145e-02 -4.76586878e-01 4.69886005e-01 2.45327801e-01
    1.15313172e+00 2.58326769e-01 -3.43878210e-01 -3.92860532e-01
    1.76857561e-02 -6.88025504e-02 -6.81018829e-01 1.33895814e+00
    6.13492787e-01 1.30297518e+00 8.60914364e-02 1.13037026e+00
    -3.69061232e-01 1.08972967e+00 3.36058050e-01 1.40016139e+00
    6.33881092e-02 -6.19478405e-01 1.67363107e+00 1.36036813e+00
    1.49379730e+00 -7.09331810e-01 5.61975956e-01 7.18364954e-01
    -1.05015807e-01 -4.93396878e-01 6.59846723e-01 7.38111913e-01
    8.97364855e-01 4.80602741e-01 2.90400714e-01 1.60077184e-01
    6.02325380e-01 -1.90256640e-01 6.33797169e-01 9.93819684e-02
    1.65390193e-01 6.89025521e-02 -2.21620455e-01 1.59649360e+00
    1.33728623e+00 4.49664205e-01 1.33717861e-02 1.71542299e+00
    1.09023988e+00 -7.95182228e-01 1.12262619e+00 3.14150184e-01
    -3.97881389e-01 -4.42934692e-01 5.67589521e-01 1.19840133e+00
    1.34290755e+00 9.43621814e-01 3.09565574e-01 -1.15883522e-01
    1.74268830e+00 -6.92329466e-01 4.40737158e-01 5.12851715e-01
    1.73422825e+00 7.97502324e-02 5.42490259e-02 1.32588589e+00
    -6.98749363e-01 1.60920489e+00 -6.80331290e-01 8.10165524e-01
    -6.65821731e-01 1.32351112e+00 5.80480456e-01 1.59215653e+00
    -6.09763920e-01 -2.39302758e-02 1.61941469e+00 8.41992915e-01
    1.50011587e+00 -3.94371539e-01 1.57977000e-01 5.22100210e-01
    -6.10800326e-01 -3.71523201e-01 4.02958333e-01 6.31605089e-01
    2.65358299e-01 1.08870482e+00 1.28651118e+00 1.37286499e-01
    -2.82982253e-02 1.72993481e+00 4.06518817e-01 1.16466928e+00
    1.62815046e+00 -6.16944790e-01 1.04295361e+00 1.04316735e+00
    1.45016968e+00 7.33761668e-01 -4.16644424e-01 1.32394278e+00
    -4.71631408e-01 1.65006042e+00 1.66916847e-01 1.06992435e+00
    -6.50309086e-01 1.50137615e+00 -1.00387886e-01 -4.98452574e-01
    5.55174612e-02 -3.86729836e-01 -5.84043205e-01 -3.97849113e-01
    2.62145940e-02 -4.11899686e-02 1.18646252e+00 1.56886947e+00
    -3.32049072e-01 9.02479291e-02 7.58730650e-01 -5.37142813e-01
    -6.20189548e-01 -5.38496196e-01 3.91231000e-01 -5.31001329e-01
    1.20492530e+00 1.33754432e-01 1.06171227e+00 -9.91008729e-02
    1.38357806e+00 1.56668782e-01 1.47859490e+00 1.37541783e+00
    2.57606376e-02 -2.06221014e-01 -6.71537757e-01 1.85884818e-01
    -4.82497394e-01 6.15041673e-01 7.81781912e-01 1.08681810e+00
    -2.60166615e-01 -2.26980418e-01 1.57313347e+00 -3.96318495e-01
    1.02217722e+00 -1.22079991e-01 1.30403018e+00 4.25418258e-01
    -7.30348587e-01 -7.54623532e-01 5.97352862e-01 2.02896982e-01
    1.27306795e+00 -6.62881672e-01 3.78008246e-01 -2.18276054e-01
    4.69343774e-02 -3.58817875e-01 -9.36814472e-02 6.74456239e-01
    -6.59563839e-01 -1.84514169e-02 -9.95209557e-04 6.12588301e-02
    2.23571554e-01 -1.32208481e-01 8.30550492e-01 -1.50389895e-01
    -4.81032506e-02 -4.43140894e-01 4.48677838e-01 -2.76797086e-01
    -2.62897372e-01 -8.20911154e-02 1.51550448e+00 -4.30525154e-01
    -5.59674144e-01 1.29529440e+00 1.28674698e+00 1.28193462e+00
    8.90621185e-01 3.20358783e-01 1.74149501e+00 -4.28158522e-01
    6.77792057e-02 1.29760599e+00 9.60108731e-03 -4.89249498e-01
    3.02339882e-01 8.60369205e-02 -5.38617224e-02 1.75220346e+00
    -8.95604938e-02 -4.06727731e-01 -1.58212110e-02 1.47510779e+00
    -2.78015673e-01 4.91809517e-01 3.78302485e-01 2.42807817e+00
    9.37753618e-01 6.05838060e-01 6.52174115e-01 8.20611596e-01
    4.88468140e-01 8.87517810e-01 5.26661217e-01 1.21324348e+00
    1.69654870e+00 -3.70107330e-02 4.29567784e-01 1.67510986e+00
    1.84114361e+00 -3.55500244e-02 -1.64943174e-01 2.61440337e-01
    -3.16226691e-01 1.39935696e+00 1.37738973e-01 5.24740875e-01
    8.91990602e-01 3.30808640e-01 -2.87067950e-01 1.75740087e+00
    7.27650523e-02 1.37667406e+00 9.11417305e-01 4.03397799e-01
    7.81338453e-01 1.22218704e+00 1.01834750e+00 1.65162563e-01
    1.40663695e+00 -5.94627023e-01 -4.37488556e-01 8.34694039e-03
    -2.97399014e-01 -5.75842798e-01 -6.77446783e-01 6.34478033e-01
    -2.84694105e-01 1.05390787e+00 -4.32090700e-01 4.23462540e-01
    1.46823943e+00 7.00573325e-01 -3.11761081e-01 7.66734600e-01
    4.74848032e-01 1.74138689e+00 7.20019519e-01 3.13212216e-01
    -3.63361508e-01 1.79350063e-01 -2.35283491e-03 7.81972170e-01
    -4.43490118e-01 2.94563681e-01 -5.58390081e-01 -4.85581905e-02
    -6.19741559e-01 -4.38566357e-01 -4.25586730e-01 -9.63857304e-03
    1.22110248e+00 4.91043031e-01 7.08610713e-01 1.41058132e-01
    7.08570480e-01 1.97752997e-01 8.71403158e-01 1.77651703e+00
    -4.17050123e-01 -3.46239030e-01 7.01528430e-01 8.85317087e-01
    -1.89217687e-01 6.08226359e-01 1.11924100e+00 -6.75741673e-01
    1.32166827e+00 -4.18766975e-01 1.11861873e+00 8.38613883e-03
    1.42416909e-01 1.62472630e+00 -6.82788432e-01 1.16163886e+00
    1.47468495e+00 -2.02917904e-01 8.88371587e-01 5.96146286e-01
    3.30853701e-01 1.31915867e-01 1.36962509e+00 4.31994468e-01
    7.40367770e-01 -3.09665322e-01 1.15329504e+00 4.98442739e-01
    -2.12938692e-02 6.73861921e-01 1.34178495e+00 1.64444256e+00
    -1.79547995e-01 1.29755151e+00 9.86356378e-01 8.14671934e-01
    1.58280337e+00 1.11997318e+00 4.72853810e-01 1.70823050e+00
    5.02859652e-01 1.52369678e+00 6.01739764e-01 -5.94659865e-01
    1.95602551e-01 1.48420429e+00 1.41153622e+00 2.63818800e-01
    1.36138201e+00 4.06073153e-01 9.82035875e-01 1.54383159e+00
    -1.54355243e-01 1.61600959e+00 1.66101778e+00 -1.76342741e-01
    1.14619732e+00 8.48853469e-01 -8.02483335e-02 4.69135553e-01
    2.82627016e-01 7.04984844e-01 -3.22690398e-01 -7.34954029e-02
    9.63126540e-01 -9.51447114e-02 1.46014881e+00 4.84662145e-01
    1.62526536e+00 1.14454246e+00 -3.53791654e-01 1.72524261e+00
    -6.68666244e-01 1.72209573e+00 1.54105532e+00 6.96398854e-01
    5.05584896e-01 1.24933362e+00 1.23336518e+00 1.25506699e+00
    7.80089796e-01 6.68095648e-01 3.96509349e-01 -1.84342921e-01
    1.04713571e+00 1.57391441e+00 -6.07511044e-01 1.23384249e+00
    7.84482807e-02 1.79477406e+00 1.09403753e+00 8.55525315e-01
    2.41532922e-01 1.12198317e+00 -1.03099957e-01 -1.66110307e-01
    4.15468872e-01 -5.89184761e-01 4.12285417e-01 5.51447034e-01
    1.17725208e-01 1.15022612e+00 1.12516439e+00 1.03362910e-02
    1.88340032e+00 9.09621000e-01 8.09041321e-01 -6.54638529e-01
    1.08034456e+00 7.96083808e-01 1.68470845e-01 6.32698461e-02
    5.34619927e-01 1.07392192e+00 5.58883965e-01 8.73241186e-01
    6.61768436e-01 1.03560887e-01 1.39450932e+00 1.42100263e+00
    -2.15848312e-01 7.25308657e-01 9.65027392e-01 5.12486994e-01
    9.70033407e-01 5.75021088e-01 9.10625339e-01 -6.32055581e-01
    3.26641977e-01 4.87839222e-01 -2.59466678e-01 7.70036519e-01
    2.72691064e-02 1.56116939e+00 7.34647095e-01 1.56373429e+00
    9.14219618e-01 8.54636729e-01 -4.66772646e-01 1.37570941e+00
    1.19958127e+00 -6.69900596e-01 1.47395563e+00 -3.27363610e-01
    1.53857279e+00 -4.86862272e-01 1.25496757e+00 -1.67475179e-01
    6.19076669e-01 7.72157609e-01 2.58448929e-01 2.98825800e-01
    -2.85406560e-02 -7.06144094e-01 2.40882799e-01 2.23840475e-01
    1.57081711e+00 8.67037535e-01 -6.28863871e-01 3.95251624e-02
    -2.59259224e-01 -2.24535316e-01 1.69893289e+00 4.70510691e-01
    1.25597107e+00 1.04934704e+00 7.63270378e-01 -7.92834699e-01
    -7.41301119e-01 -4.27362800e-01 8.77322197e-01 1.29234719e+00
    8.14261138e-01 1.99254394e-01 -2.75997013e-01 8.27631533e-01
    1.24488223e+00 -2.62390375e-01 -1.02644295e-01 1.70850933e+00
    4.99330536e-02 1.78678706e-01 1.38975990e+00 5.63197672e-01
    -3.29575747e-01 8.15315068e-01 1.85191238e+00 7.77499378e-01
    1.05981195e+00 1.23346937e+00 3.01962882e-01 -1.88339904e-01
    1.36417162e+00 2.10768476e-01 -9.52089354e-02 -4.87581432e-01
    -3.85982513e-01 -6.35594726e-01 -5.95480651e-02 -2.57622659e-01
    1.80985034e+00 1.02759731e+00 1.39539874e+00 7.62619898e-02
    1.60696137e+00 8.07770193e-01 1.03575289e+00 -3.51204932e-01
    1.37183416e+00 1.67444801e+00 -1.13840960e-01 2.99325466e-01
    -1.50169641e-01 8.84867191e-01 1.06671584e+00 6.26973331e-01
    -4.78057444e-01 9.55069721e-01 3.51499885e-01 8.61674428e-01
    1.47588789e+00 1.75939882e+00 1.44364274e+00 1.07717097e+00
    3.55252057e-01 1.57333374e+00 -2.68027246e-01 2.30269600e-02
    -4.20002975e-02 4.61486951e-02 -1.36881486e-01 -7.08243668e-01
    -2.68322438e-01 -5.29146075e-01 1.26482570e+00 2.21082643e-01
    -1.95501894e-01 1.10514522e+00 1.43468511e+00 8.81514400e-02
    1.48124054e-01 -1.25355363e-01 1.49071133e+00 -5.00691414e-01
    1.89812928e-01 1.78760171e+00 1.23232889e+00 2.86127508e-01
    -3.33300382e-01 -2.85334110e-01 4.25297201e-01 -1.62680209e-01
    1.36993885e+00 2.81567931e-01 -2.59489417e-01 3.44610184e-01
    -1.97062895e-01 -3.16261381e-01 -6.42041624e-01 7.67774999e-01
    1.33436430e+00 1.45749784e+00 1.11299284e-01 6.56875193e-01
    1.14002454e+00 6.12296402e-01 1.19100106e+00 6.68277502e-01
    -3.22788298e-01 1.04411662e-01 -5.92823386e-01 -5.98648012e-01
    -6.69326007e-01 -4.88442272e-01 4.22131240e-01 1.65180492e+00
    1.58019626e+00 -6.65175080e-01 1.71055543e+00 1.37271166e+00
    1.60628662e-01 4.84362274e-01 1.56704748e+00 -5.11804461e-01
    1.80797815e-01 1.17224133e+00 1.68655440e-02 1.43469965e+00
    5.35393655e-01 1.40371311e+00 1.13177645e+00 -2.63564885e-01
    -7.60424435e-01 1.12308061e+00 -3.42109978e-01 -1.53506070e-01
    -1.86996683e-01 -4.18809414e-01 -6.12964094e-01 4.99173313e-01
    -1.52179658e-01 7.02970266e-01 9.22710776e-01 1.64322674e+00
    -6.62138641e-01 1.19492161e+00 1.14880824e+00 1.51125860e+00
    1.32462367e-01 3.37783158e-01 5.91910839e-01 6.79966152e-01
    -7.48523057e-01 -7.94299066e-01 -8.47045004e-01 8.16611588e-01
    -6.59563720e-01 1.25973201e+00 9.09830630e-02 1.72462493e-01
    -6.09135628e-01 1.11369681e+00 -6.05438113e-01 1.18071532e+00
    -2.75181234e-01 8.86650622e-01 1.74097192e+00 6.21471524e-01
    5.59037328e-01 -7.45247543e-01 1.48890570e-01 1.19617999e+00
    -4.72182810e-01 3.73290896e-01 -2.61480004e-01 5.56738138e-01
    -2.25270651e-02 1.77381188e-01 -3.54254186e-01 2.79173642e-01
    4.08267438e-01 1.29911482e+00 1.80619702e-01 -4.69285578e-01
    9.96837795e-01 -2.95966685e-01 4.69149470e-01 6.61116958e-01
    5.17536461e-01 1.63845170e+00 7.06513643e-01 6.61749244e-01
    4.11246896e-01 -3.00888419e-01 1.35555887e+00 1.86315012e+00
    -7.01840371e-02 -4.84938771e-01 8.18421006e-01 2.17523873e-01
    -6.10032678e-01 1.06307912e+00 2.21766874e-01 3.14613640e-01
    1.11046597e-01 7.28824735e-01 1.30625653e+00 7.20113754e-01
    1.10721898e+00 1.20267284e+00 1.77568957e-01 4.53729182e-02
    -4.70922947e-01 1.73887837e+00 6.21875763e-01 -4.98193115e-01
    -6.04207635e-01 6.85678944e-02 -6.53428257e-01 -7.06947327e-01
    6.22962832e-01 9.07121837e-01 -4.79854226e-01 1.51473033e+00
    -7.59369254e-01 4.37057287e-01 1.05925274e+00 1.22130692e+00
    2.09826112e-01 8.18172693e-01 3.53754550e-01 9.42622125e-01
    1.57395089e+00 8.60284686e-01 -8.64535794e-02 1.14161777e+00
    -3.44225734e-01 -6.80776536e-01 7.55773008e-01 -1.40252724e-01
    1.19628561e+00 8.36355627e-01 9.34322596e-01 -2.28267282e-01
    9.37707543e-01 1.11880946e+00 7.85351574e-01 -4.78029311e-01
    4.02756274e-01 1.66269749e-01 1.16938102e+00 1.04334021e+00
    8.99612784e-01 1.46997839e-01 1.71401310e+00 1.54634762e+00
    1.72921643e-02 7.70987272e-01 -1.80282280e-01 2.53181368e-01
    1.05643523e+00 4.25710410e-01 5.59924589e-03 -1.42937899e-01
    2.08027586e-01 1.30237341e+00 1.50093520e+00 2.35846937e-01
    -7.12706923e-01 -1.05019242e-01 2.24318683e-01 1.10777266e-01
    1.49715042e+00 8.64056647e-01 -4.07190800e-01 6.41285837e-01
    1.75539207e+00 8.71243715e-01 6.78490341e-01 1.27041090e+00
    4.67397332e-01 2.68240154e-01 -6.47319794e-01 3.57452482e-01
    1.39739811e+00 1.65696287e+00 1.39051926e+00 1.66365325e+00
    7.75805175e-01 1.04656410e+00 1.34842440e-01 -3.95155959e-02
    5.18733025e-01 -3.62142920e-02 1.15689969e+00 1.68315852e+00
    2.25699022e-01 -9.75988153e-03 7.95205712e-01 1.03183973e+00
    1.03228855e+00 -4.47146297e-01 2.20966548e-01 -5.73156893e-01
    1.35361624e+00 1.50391960e+00 4.43642795e-01 9.57195103e-01
    1.29663002e+00 7.56751895e-02 1.54259074e+00 1.33533597e-01
    -2.74423361e-02 -2.93125927e-01 1.22977281e+00 1.38861477e+00
    1.76526821e+00 2.22643197e-01 -1.40541881e-01 9.28772926e-01
    -6.86461151e-01 1.45064205e-01 5.36749244e-01 1.42219627e+00
    3.63258570e-01 5.88719726e-01 -3.33532929e-01 1.12276161e+00
    1.41563833e+00 1.21752381e+00 2.96199232e-01 1.54847789e+00
    -2.98441410e-01 1.08870864e+00 6.17288172e-01 1.66470098e+00
    1.43605018e+00 1.71102509e-01 5.56224883e-01 1.65238261e+00
    1.54125595e+00 1.76902294e-01 1.78264797e+00 1.77621520e+00
    6.67817533e-01 2.36573249e-01 -7.17479408e-01 1.48328578e+00
    1.03612983e+00 -4.45669070e-02 -6.23699427e-01 -3.46782207e-01
    -6.07503772e-01 1.13365757e+00 4.53438491e-01 1.82837045e+00
    1.39550936e+00 -7.20230997e-01 -4.23475176e-01 3.60837400e-01
    9.61932600e-01 1.26833588e-01 8.94364774e-01 1.65688193e+00
    -4.89126474e-01 1.45144105e+00 6.94685280e-01 1.78411663e+00
    1.51796949e+00 1.51995504e+00 2.57709950e-01 7.41690695e-01
    1.38110626e+00 -6.38407841e-02 5.11865139e-01 1.48916209e+00
    1.14200127e+00 9.35839713e-01 -6.15670443e-01 3.88989270e-01
    -4.62971330e-01 1.05685699e+00 -7.59574115e-01 5.93955815e-01
    -3.59246284e-01 7.13569343e-01 9.81473327e-01 1.08100884e-01
    5.39927244e-01 -1.76936284e-01 1.64814875e-01 9.94989812e-01
    1.69512403e+00 -5.81694186e-01 1.90242499e-01 1.59739006e+00
    -3.66798580e-01 -6.55164242e-01 7.49812245e-01 1.66770232e+00
    4.98358279e-01 1.40312564e+00 1.60667193e+00 -1.40626281e-01
    1.14901245e+00 -8.82759750e-01 5.52297652e-01 1.34233737e+00
    -4.48568203e-02 1.27656257e+00 1.40944529e+00 1.09198463e+00
    4.56673861e-01 1.32855940e+00 -2.00505525e-01 -5.74799418e-01
    1.05438268e+00 -4.93416280e-01 -6.95850968e-01 2.82447990e-02
    1.62127852e+00 -5.41588292e-02 1.48508513e+00 -5.60357034e-01
    -5.59982240e-01 1.60380769e+00 2.30211824e-01 7.30513930e-01
    1.26805171e-01 -8.45334589e-01 6.67616725e-01 1.70787930e-01
    2.98385084e-01 -1.52773604e-01 1.68622208e+00 2.24922359e-01
    1.53577757e+00 6.12668335e-01 -4.14040506e-01 -5.56841731e-01
    -8.60193148e-02 -2.84838945e-01 3.61468047e-01 3.06759980e-02
    -2.13760175e-02 7.89591432e-01 -7.78004378e-02 -7.64264911e-02
    -4.36268896e-01 -5.82950056e-01 -4.70320195e-01 4.93554085e-01
    1.49227107e+00 1.35060322e+00 -3.94574016e-01 1.64249730e+00
    -2.78157234e-01 -6.61339045e-01 -5.60618639e-01 1.60388887e+00
    5.21446049e-01 -5.67259252e-01 7.87832558e-01 -6.97175086e-01
    1.09351158e+00 8.80740762e-01 -3.64264518e-01 -4.18541968e-01
    -5.37787788e-02 1.48663390e+00 -4.63949621e-01 9.78958011e-01
    1.38659132e+00 1.83547795e+00 1.62026823e+00 1.10253620e+00
    1.08658798e-01 1.35568607e+00 1.01882458e+00 1.13083112e+00
    1.23418081e+00 -7.06029236e-01 5.44836998e-01 -3.02549809e-01
    1.45318544e+00 1.16952932e+00 -3.00402522e-01 6.46189868e-01
    8.54654610e-01 7.27691531e-01 3.15373272e-01 7.20493436e-01
    1.30915737e+00 5.75167358e-01 -4.19387460e-01 1.11512639e-01
    7.64021516e-01 -4.76416707e-01 -3.12475890e-01 1.19804943e+00
    -2.80872315e-01 1.21831465e+00 -3.73013496e-01 -4.06206250e-01
    1.28537402e-01 6.72655404e-01 1.06414163e+00 7.76705384e-01
    7.68389285e-01 -3.80294055e-01 -3.65993381e-01 1.32784700e+00
    -5.51224053e-01 5.55079460e-01 1.71125054e+00 -2.46297428e-03
    9.33896720e-01 -3.57409596e-01 -5.44994473e-01 1.49469042e+00
    -4.78020847e-01 1.62529957e+00 1.41702139e+00 1.49802953e-01
    7.01964259e-01 3.53087246e-01 6.43335342e-01 1.51625395e+00
    -4.81594577e-02 1.07757366e+00 -5.46617568e-01 -3.28242630e-02
    7.69595727e-02 1.03726315e+00 9.41187859e-01 2.47130084e+00
    -2.37452075e-01 3.88430744e-01 8.11378181e-01 -4.47837621e-01
    1.40396345e+00 7.89308131e-01 -4.27702904e-01 -5.22217214e-01
    -5.52236974e-01 2.99563669e-02 1.36848783e+00 1.29920053e+00
    1.09250093e+00 -4.77068841e-01 5.38925827e-01 7.50788033e-01
    -1.99067041e-01 9.77324069e-01 1.52772820e+00 -6.66637123e-01
    -2.45856047e-01 1.72647083e+00 8.23977232e-01 -4.30725455e-01
    -4.26711375e-03 7.59624779e-01 -5.56362391e-01 -6.41005933e-01
    -7.52979577e-01 3.53972405e-01 6.52141452e-01 1.22505218e-01
    -2.23612517e-01 7.57812202e-01 1.05763339e-01 -6.60885334e-01
    -4.12706286e-01 5.29997528e-01 1.64603519e+00 1.14446568e+00
    -4.31044251e-01 -4.78316844e-01 8.09804797e-01 1.77899909e+00
    2.97285855e-01 1.03095412e+00 5.09602487e-01 8.26252878e-01
    -1.52228311e-01 1.08074343e+00 -5.28591752e-01 -4.21311587e-01
    3.56026024e-01 8.37224424e-02 4.80257839e-01 -5.97141743e-01
    1.13325274e+00 -1.59178153e-01 1.41470766e+00 -5.07110953e-01
    -6.76662385e-01 -1.23077899e-01 1.68227589e+00 1.44333422e-01
    -6.12816453e-01 -3.76334816e-01 1.10386133e+00 5.06016970e-01
    9.16753829e-01 1.63484848e+00 -2.94623673e-01 -5.38225591e-01
    1.40823972e+00 6.75213218e-01 -3.69769961e-01 2.02601165e-01
    -2.51102805e-01 1.10277843e+00 8.11094999e-01 1.05222249e+00
    7.46432126e-01 7.64220655e-01 3.43206137e-01 1.01714945e+00
    1.20434248e+00 -8.00152346e-02 2.95357525e-01 5.70459187e-01
    4.57421213e-01 5.91915250e-01 8.66661429e-01 5.97299278e-01
    2.10561886e-01 4.69602287e-01 8.78646553e-01 -1.19655393e-01
    5.54186583e-01 1.59184921e+00 8.44961926e-02 5.34235477e-01
    1.02550983e+00 3.87889743e-01 9.60026205e-01 -4.57346976e-01
    -9.03431654e-01 1.31709290e+00 7.46701658e-01 -2.55041867e-02
    9.32965398e-01 1.31305254e+00 1.27675176e+00 1.70931351e+00
    1.52015591e+00 2.88814574e-01 1.63949037e+00 -6.22340679e-01
    1.01618338e+00 1.00084329e+00 2.20325842e-01 -5.81293166e-01
    2.75909364e-01 6.30370796e-01 1.37925982e+00 8.02703440e-01
    -2.34267920e-01 1.34394419e+00 -5.31175256e-01 5.44319153e-01
    1.55890870e+00 7.09288657e-01 1.51246488e+00 1.25435722e+00
    -2.99253672e-01 9.91550088e-01 -3.88172835e-01 1.12045693e+00
    1.50937140e+00 9.80854273e-01 -1.01397097e-01 1.02597523e+00
    9.80221182e-02 7.57474974e-02 2.76395887e-01 -5.10012805e-01
    1.12995720e+00 1.51382291e+00 5.50602749e-02 -3.46993655e-01
    1.72293171e-01 -1.01438463e-01 1.10696149e+00 1.61422908e+00
    4.80795741e-01 4.05519456e-01 -3.63868713e-01 1.65286148e+00
    3.60631317e-01 -2.23291487e-01 1.07805979e+00 5.67495339e-02
    1.48614848e+00 -3.52760707e-03 9.30647552e-01 -5.44889450e-01
    3.30460072e-01 -7.41210341e-01 4.82957572e-01 1.64694762e+00
    -9.39374864e-02 -6.91080689e-01 8.70522201e-01 7.21775055e-01
    -7.20732212e-01 1.08549619e+00 -3.64232540e-01 1.44805443e+00
    -3.52638364e-02 1.63207507e+00 1.04622222e-01 7.55053759e-01
    1.67976403e+00 1.44093275e-01 -1.24461628e-01 5.78903079e-01
    5.41118264e-01 1.16770256e+00 4.81450886e-01 -6.03528678e-01
    1.12804666e-01 1.59781492e+00 1.31581807e+00 1.64810085e+00
    -2.35499904e-01 -4.17314440e-01 5.02721190e-01 -3.13125341e-03
    -4.65503395e-01 1.42802373e-01 5.66243589e-01 5.57059526e-01
    2.70002306e-01 1.24978590e+00 1.56804490e+00 -2.53793597e-01
    9.43885446e-01 1.45284545e+00 8.64102412e-03 -5.59539080e-01
    5.23815632e-01 9.89442527e-01 1.02225733e+00 -6.82918072e-01
    2.97210932e-01 1.56097996e+00 9.99821723e-01 1.55357444e+00
    -5.43348074e-01 1.16194904e+00 5.62911749e-01 -8.12169194e-01
    1.75613725e+00 9.25723493e-01 1.74803579e+00 6.05288029e-01
    1.71913779e+00 2.97929347e-01 1.50397563e+00 1.15195382e+00
    2.07319811e-01 1.32505190e+00 -5.90995073e-01 2.35215276e-02
    -2.62633651e-01 1.52857590e+00 2.49268133e-02 -5.48398256e-01
    1.06395042e+00 7.51176298e-01 -2.12031618e-01 1.78435612e+00
    1.29017007e+00 8.13106120e-01 1.25577080e+00 5.44317842e-01
    -9.82049108e-02 1.28926551e+00 2.30988473e-01 -9.68564600e-02
    8.87191117e-01 7.71974027e-01 8.67014468e-01 3.31991345e-01
    7.52466694e-02 -2.50095099e-01 -7.54636377e-02 2.00403857e+00
    1.08798873e+00 9.02054906e-01 9.15181518e-01 1.11904836e+00
    7.44802594e-01 -7.09938049e-01 -8.31065476e-02 1.10087000e-01
    1.06184137e+00 -1.23934589e-01 1.70692241e+00 8.16850245e-01
    -6.48982584e-01 2.82052964e-01 -2.89151460e-01 6.38636827e-01
    1.60954237e+00 1.49129260e+00 1.12946117e+00 -2.76515812e-01
    6.78946614e-01 1.07893467e-01 -6.44992411e-01 -8.50022137e-02
    -4.76264864e-01 1.56640244e+00 1.19247448e+00 -6.80189371e-01
    1.52041781e+00 8.69058192e-01 -5.81571579e-01 1.80068231e+00
    -4.63571042e-01 1.50440916e-01 1.41549611e+00 1.00073433e+00
    2.49178424e-01 -6.19053900e-01 9.11955893e-01 -6.69891462e-02
    1.13276076e+00 -5.10223806e-01 4.98615742e-01 5.87840378e-01
    1.13127398e+00 1.51779339e-01 -1.93590909e-01 1.82538974e+00
    -4.10193741e-01 1.88531065e+00 5.79354465e-02 -2.11255521e-01
    9.73668933e-01 -5.24603784e-01 3.76737088e-01 -5.65840840e-01
    1.38882983e+00 -1.41254157e-01 -7.32118562e-02 9.17749703e-01
    1.03236163e+00 7.92555749e-01 1.13932014e+00 -4.61656272e-01
    1.28520191e+00 -5.15028954e-01 1.27687097e+00 -1.63279325e-02
    -1.54126868e-01 1.68095756e+00 1.06690697e-01 8.08543026e-01
    -3.84570062e-01 5.00127137e-01 4.01575640e-02 1.40168595e+00
    1.10185504e+00 7.15182602e-01 1.12098122e+00 -4.64532822e-01
    -4.26804870e-02 8.93373013e-01 1.11783457e+00 -2.79232413e-01
    7.83904567e-02 1.76827073e+00 -2.70636559e-01 9.79179800e-01
    1.65240467e+00 9.70650494e-01 9.44177434e-02 1.02991450e+00
    -5.33937812e-01 1.68984950e+00 5.41244671e-02 6.94710433e-01
    -8.64996314e-01 -6.74742937e-01 1.43150115e+00 1.16858768e+00
    6.88608885e-01 1.42274725e+00 1.00667405e+00 7.81193078e-01
    1.35785317e+00 2.62333989e-01 1.46951568e+00 1.59451818e+00
    1.03140819e+00 -7.86221087e-01 -6.20794117e-01 -1.87786847e-01
    -2.88866967e-01 1.01482129e+00 3.39972675e-01 -8.07997137e-02
    7.42161691e-01 1.72541197e-02 -6.77600086e-01 -6.80429339e-01
    -1.95368111e-01 3.78823668e-01 -5.59894264e-01 1.63300586e+00
    9.06516969e-01 1.00992024e+00 2.39126429e-01 4.24909711e-01
    1.72091687e+00 -7.81812131e-01 -6.72823012e-01 6.79379463e-01
    -5.56291521e-01 6.11985385e-01 9.81247663e-01 1.35871565e+00
    6.25211716e-01 1.35316169e+00 1.26135123e+00 4.32443231e-01
    -7.23668933e-01 9.65422869e-01 1.40923345e+00 -9.70580131e-02
    9.30312455e-01 5.92796385e-01 -3.35783869e-01 1.36249292e+00
    1.07748830e+00 1.33478820e+00 1.65710807e+00 1.29501021e+00
    1.02297914e+00 1.38336688e-01 -3.85086179e-01 6.55590773e-01
    5.60724854e-01 9.58361745e-01 1.76341736e+00 1.22890167e-01
    -6.68992102e-01 9.72347558e-02 1.67012787e+00 4.22165096e-01
    6.34259939e-01 1.07337475e+00 1.27330077e+00 1.79213655e+00
    6.90451384e-01 5.17077506e-01 2.24429935e-01 6.38727903e-01
    1.76167583e+00 6.26251817e-01 1.86744317e-01 1.57556927e+00
    -2.59231091e-01 -6.03177845e-02 3.74911308e-01 -1.86626717e-01
    8.49298716e-01 4.31838900e-01 -3.41355920e-01 7.52368152e-01
    1.81173301e+00 -1.35605365e-01 9.46912348e-01 1.24433458e+00
    4.36401367e-01 -6.23881161e-01 1.64822853e+00 8.14848483e-01
    -6.97329491e-02 1.49259949e+00 -9.31123365e-03 1.54677242e-01
    1.01932871e+00 7.77007759e-01 1.29345202e+00 7.10449696e-01
    4.28983003e-01 1.64370775e+00 1.25099933e+00 -1.58409253e-01
    -3.73140991e-01 1.36949968e+00 1.50496554e+00 -1.29488453e-01
    1.34573638e+00 8.44818592e-01 -3.85095537e-01 -3.84492755e-01
    1.03340364e+00 1.50155321e-01 4.03308600e-01 -2.86010336e-02
    1.88352659e-01 2.98157245e-01 1.13703275e+00 1.49134839e+00
    4.82654393e-01 1.28851438e+00 9.75051746e-02 6.09087884e-01
    2.96996981e-01 -5.70694745e-01 4.78885680e-01 9.46837604e-01
    5.54212451e-01 -4.84488249e-01 -3.89193058e-01 -5.65526664e-01
    9.38563719e-02 1.03006327e+00 1.23113620e+00 -2.59639531e-01
    -5.98001122e-01 1.62736332e+00 1.60459805e+00 -6.01366580e-01
    1.32910335e+00 -2.02904403e-01 2.85620272e-01 -5.89735918e-02
    1.17806697e+00 -1.61209077e-01 1.64516473e+00 3.07127833e-01
    8.46875846e-01 7.90896639e-02 5.88417470e-01 1.05727196e+00
    1.14959431e+00 9.69779193e-01 3.41872752e-01 2.00917006e+00
    1.47094238e+00 9.94010031e-01 6.40775919e-01 1.34586108e+00
    -6.05884075e-01 8.88412356e-01 1.50031114e+00 4.72734779e-01
    9.90066528e-01 1.55571496e+00 6.97505236e-01 -2.49649435e-01
    2.92429566e-01 1.43897796e+00 1.41991663e+00 6.77433670e-01
    5.56655645e-01 -1.46452829e-01 5.80728054e-01 -5.77471137e-01
    6.47273839e-01 -7.64844835e-01 5.66421866e-01 7.36008346e-01
    1.79937732e+00 1.26056647e+00 9.21375811e-01 1.15995491e+00
    -1.89526781e-01 -1.00189634e-01 6.72682106e-01 6.94919884e-01
    1.01193094e+00 -6.45013332e-01 1.68684494e+00 1.51061153e+00
    1.66116536e+00 8.48449230e-01 1.09132111e+00 9.14000511e-01
    1.45012951e+00 -2.33159333e-01 1.63409245e+00 8.58349502e-01
    1.65142071e+00 -6.46984935e-01 6.87410474e-01 -2.84973472e-01
    -2.92099863e-01 1.06203362e-01 -5.32890856e-01 1.37856579e+00
    -3.14192474e-01 1.22760463e+00 -6.33683503e-01 6.07389092e-01
    -5.22156246e-02 -3.93049151e-01 9.12215747e-03 1.57391179e+00
    1.10927355e+00 9.59679306e-01 -1.55743241e-01 -2.71667331e-01
    5.77091098e-01 -2.03364626e-01 9.81715560e-01 -5.55993378e-01
    2.81244367e-01 1.66541815e+00 1.57766998e+00 9.96998668e-01
    2.37950414e-01 8.81795645e-01 1.40076196e+00 -3.67366225e-01
    -5.84998727e-01 6.17800415e-01 4.51630980e-01 1.41231990e+00
    -4.75892395e-01 5.25231838e-01 7.38667369e-01 1.34735835e+00
    3.20270866e-01 -2.94486672e-01 -4.29133438e-02 -2.40064412e-01
    -7.62201965e-01 5.61820984e-01 -5.05255938e-01 1.63450038e+00
    3.59297544e-02 3.45244110e-01 1.33443332e+00 1.42158961e+00
    -6.00741684e-01 7.86133528e-01 7.47495830e-01 8.92860055e-01
    -3.96756440e-01 7.43491530e-01 -2.20001772e-01 5.40119171e-01
    8.72310817e-01 6.42664731e-01 -2.02008277e-01 -1.12474427e-01
    3.79910797e-01 -6.70357704e-01 1.56867170e+00 -2.76285052e-01
    -7.47413874e-01 1.45761859e+00 5.67103863e-01 6.05755925e-01
    1.11735380e+00 2.88114637e-01 1.97542205e-01 3.68767790e-02
    6.20718718e-01 -6.97893023e-01 5.44538796e-01 1.27490163e+00
    7.80362368e-01 1.60245574e+00 8.62772763e-01 6.43848106e-02
    1.23005140e+00 9.35429335e-01 1.71516120e-01 5.88905737e-02
    1.50839484e+00 -1.24537691e-01 1.47800207e+00 1.58660305e+00
    1.00557578e+00 5.35840631e-01 3.51963162e-01 1.51197493e+00
    -4.50787336e-01 1.06340325e+00 4.45618212e-01 -2.99714088e-01
    -2.83241361e-01 1.01404548e+00 -3.96209419e-01 4.73903120e-01
    4.46828688e-03 7.35753238e-01 5.92144549e-01 7.79330254e-01
    7.02610970e-01 7.59825528e-01 -6.86647892e-01 -1.79092348e-01
    -7.06051886e-01 1.44422144e-01 -3.35433125e-01 1.31128454e+00
    1.68604469e+00 4.86829191e-01 5.42247295e-01 1.58323658e+00
    1.04754353e+00 1.78057826e+00 -1.12458996e-01 -3.90036225e-01
    9.03326571e-01 1.35160875e+00 9.43323314e-01 6.98999882e-01
    9.02884424e-01 1.15376127e+00 1.18286860e+00 -9.33639780e-02
    1.30758867e-01 4.86777604e-01 -6.43630564e-01 1.08323097e+00
    -4.82448608e-01 1.13824737e+00 1.39702427e+00 -1.64832100e-01
    -3.96009862e-01 6.06553257e-01 -5.74453235e-01 -4.24865812e-01
    8.05281341e-01 1.69975650e+00 -1.29424669e-02 1.16485715e+00
    -7.16685176e-01 5.57690442e-01 5.82566202e-01 1.40786888e-02
    -1.74132377e-01 5.76940536e-01 1.06647289e+00 7.79976606e-01
    1.34440720e+00 4.50239666e-02 5.95674872e-01 -1.91101924e-01
    1.32900178e+00 5.86913049e-01 -4.67314392e-01 1.60201895e+00
    1.55502880e+00 -3.57977092e-01 -2.44095713e-01 2.06371203e-01
    7.58322537e-01 -7.13561058e-01 -3.24547917e-01 8.73227835e-01
    4.21926141e-01 -5.55312037e-01 1.01098371e+00 1.64193690e+00
    1.73402846e-01 1.03213024e+00 1.57150340e+00 8.86290669e-01
    -7.28991348e-03 1.09012389e+00 1.68856323e+00 6.74711108e-01
    4.28599834e-01 1.15679801e+00 -5.05558610e-01 1.24844098e+00
    -5.45967445e-02 1.50736701e+00 1.59953284e+00 1.07158875e+00
    -6.94646478e-01 3.05936813e-01 4.92830202e-02 2.00095102e-02
    -3.87950659e-01 5.54634273e-01 -3.62664610e-01 6.51028097e-01
    5.49124628e-02 3.63030344e-01 -5.25594532e-01 -4.69279528e-01
    -2.08899900e-02 -2.93843269e-01 -4.64815348e-01 -6.68394685e-01
    2.89661735e-01 1.00704908e+00 1.55944312e+00 1.01477849e+00
    1.61136472e+00 6.41339421e-02 1.81961060e+00 -6.68074250e-01
    1.36389792e+00 7.41778314e-01 9.07712221e-01 1.02250087e+00
    5.28614402e-01 1.47351778e+00 -3.43389094e-01 -2.81083941e-01
    8.15530062e-01 -5.11721134e-01 -5.68106212e-02 -5.71883798e-01
    1.08549726e+00 8.65458369e-01 -3.42551023e-01 1.63271034e+00
    1.69481599e+00 1.02776241e+00 -6.34482086e-01 5.91677785e-01
    1.36025202e+00 1.15892529e-01 1.00846708e+00 -5.26122570e-01
    1.12378716e+00 7.92202353e-01 -5.69975376e-01 1.52726877e+00
    6.43531621e-01 1.40313470e+00 -1.35710865e-01 3.70123535e-01
    1.46316439e-01 5.61940372e-01 1.22874618e+00 1.10185349e+00
    1.74541280e-01 2.42558435e-01 3.67297649e-01 1.43939793e+00
    7.06317008e-01 1.50880635e+00 1.27392054e+00 -3.46688807e-01
    1.60243225e+00 -6.90171599e-01 -1.96556792e-01 -6.38405085e-01
    1.99161261e-01 6.05736375e-01 2.95421481e-01 1.74680531e+00
    5.79522491e-01 2.60973811e-01 1.37531951e-01 7.54712880e-01
    1.34681892e+00 6.52127787e-02 1.04277885e+00 3.20326269e-01
    8.18263054e-01 6.32914782e-01 3.94909441e-01 -5.25582373e-01
    9.90311444e-01 1.14669847e+00 -4.16983426e-01 5.63141517e-02
    -9.73882973e-02 5.81406951e-02 1.65899348e+00 9.58764076e-01
    7.18395293e-01 3.07245962e-02 7.58752584e-01 3.06992918e-01
    -2.85051286e-01 -3.90194535e-01 -6.09518528e-01 4.23494697e-01
    1.31932688e+00 1.42489517e+00 1.54980445e+00 -3.63011509e-01
    1.75691795e+00 -6.44903481e-01 -4.82021213e-01 -3.38939369e-01
    5.20367265e-01 -5.56280255e-01 7.86318481e-01 1.59793377e-01
    7.64623344e-01 -7.40174890e-01 -7.94537663e-01 1.70661759e+00
    -8.18439245e-01 6.95109367e-01 1.06939626e+00 1.14361525e+00
    1.49147594e+00 6.31350100e-01 1.48394012e+00 8.81764770e-01
    1.32150248e-01 1.18121421e+00 5.70604742e-01 1.04823089e+00
    1.08322453e+00 8.84712338e-01 1.06450319e+00 1.26350892e+00
    2.51514912e-01 5.08104026e-01 -1.17536284e-01 -2.91356176e-01
    1.13295257e+00 5.33374786e-01 8.07905912e-01 1.05381894e+00
    -7.08381295e-01 -2.22435862e-01 -2.77731001e-01 1.28078890e+00
    6.01503253e-01 -4.22393441e-01 4.34691638e-01 5.12464106e-01
    -1.88227221e-01 1.28811336e+00 1.50266540e+00 5.83467245e-01
    1.26340306e+00 5.47752619e-01 4.05059665e-01 -6.12009279e-02
    9.95702684e-01 -5.03487349e-01 -5.81424475e-01 1.81721675e+00
    -6.43065095e-01 6.64901555e-01 -4.69198406e-01 1.55543542e+00
    1.64929762e-01 -6.95732653e-01 4.69728559e-01 4.19385016e-01
    8.83977771e-01 1.08099544e+00 -7.75472999e-01 1.41523588e+00
    1.71800923e+00 2.01289400e-01 1.31638139e-01 1.40879273e+00
    2.88613826e-01 1.19349515e+00 1.08416629e+00 1.03362477e+00
    5.10067582e-01 1.23712027e+00 -6.81136072e-01 5.42939961e-01
    1.55863583e+00 1.55809891e+00 7.70328939e-01 1.27809203e+00
    -6.08456790e-01 8.55063260e-01 -1.50215551e-01 1.33653867e+00
    6.42079532e-01 1.71798393e-01 7.59885371e-01 4.43095416e-01
    7.81546950e-01 1.93944991e-01 -3.54484111e-01 4.88370717e-01
    1.70328766e-01 6.97750449e-01 -3.40411276e-01 -7.62074530e-01
    4.88304734e-01 6.51942849e-01 -5.44336557e-01 -2.95586526e-01
    1.54967356e+00 4.50322002e-01 -4.20753241e-01 1.10817683e+00
    5.54270148e-01 1.82218981e+00 5.46041250e-01 3.35596979e-01
    -5.41022360e-01 1.16602802e+00 -1.92319021e-01 1.49375677e+00
    -8.21385562e-01 -1.18703069e-03 1.31263912e+00 9.75346982e-01
    -8.34376633e-01 1.05481017e+00 1.36940336e+00 1.27313244e+00
    1.60283422e+00 1.65608096e+00 2.91870028e-01 -5.60148776e-01
    -6.74479604e-01 1.20237303e+00 1.08196890e+00 -5.69278240e-01
    6.13237500e-01 2.76291847e-01 3.34757566e-01 -3.55914980e-02
    1.61237621e+00 5.62513232e-01 -1.70482472e-01 6.87819898e-01
    -4.43583995e-01 4.73721564e-01 5.40064871e-02 1.09094650e-01
    1.51809251e+00 -1.04323857e-01 3.16869259e-01 1.74928343e+00
    9.48985696e-01 1.71172723e-01 1.91514611e-01 -4.64434326e-02
    2.78725117e-01 9.43535388e-01 1.96038857e-01 3.57638925e-01
    -3.13974015e-04 8.08804691e-01 1.32071221e+00 1.32433796e+00
    4.27068099e-02 4.27133709e-01 1.60484457e+00 1.13099778e+00
    5.32149851e-01 1.00015306e+00 1.81150004e-01 7.82692254e-01
    2.98375934e-01 -2.77565539e-01 1.43764853e+00 1.44135070e+00
    1.32872868e+00 -6.07844651e-01 9.00992572e-01 -4.11767215e-01
    5.58045328e-01 6.56067848e-01 6.76612735e-01 7.34934449e-01
    -1.96696267e-01 1.42540061e+00 -2.36640066e-01 1.02855396e+00
    6.89435542e-01 1.35945737e+00 9.31807458e-01 3.89309078e-01
    1.64618063e+00 7.93175817e-01 -2.49077100e-02 1.20683730e+00
    -1.84384316e-01 1.36135745e+00 -2.91708380e-01 -5.76897264e-01
    1.27126539e+00 7.94449627e-01 -6.97734535e-01 1.27029943e+00
    -7.50966072e-01 5.56552351e-01 -5.50606966e-01 -6.03827477e-01
    1.05076492e+00 1.61697340e+00 -5.35191894e-01 -5.24852991e-01
    -5.11974514e-01 1.25317156e-01 1.12796140e+00 9.70441043e-01
    -7.16787219e-01 -5.48489213e-01 1.68052053e+00 2.80285388e-01
    -4.51188207e-01 1.74568045e+00 1.51698124e+00 1.50861311e+00
    1.81745386e+00 -3.48705232e-01 5.38957179e-01 5.69226563e-01
    1.75609589e+00 5.73932111e-01 3.52595121e-01 1.12980938e+00
    6.96112216e-01 7.36895800e-01 -3.21555048e-01 1.13219011e+00
    2.72752851e-01 2.80420303e-01 1.54886425e+00 3.12104911e-01
    1.56852126e-01 6.87655509e-01 2.26417348e-01 9.10046324e-02
    5.42197526e-01 1.23479307e+00 -5.20298779e-01 4.57652926e-01
    9.81690943e-01 -2.90690660e-01 4.26422715e-01 1.39232481e+00
    9.76983726e-01 1.70851901e-01 3.23661208e-01 -4.24459010e-01
    4.84560877e-01 9.16240811e-01 5.62556088e-02 -6.83613539e-01
    1.33358276e+00 1.31887317e+00 3.83162051e-01 5.51501036e-01
    -3.56582373e-01 1.25415516e+00 1.65455639e+00 2.28906140e-01
    1.19107032e+00 1.44975829e+00 1.36928630e+00 9.12184194e-02
    1.48001051e+00 5.89351535e-01 3.09809029e-01 -8.05233419e-01
    1.54848576e-01 -5.67490101e-01 1.64692247e+00 1.50921834e+00
    -1.58989489e-01 -1.39460027e-01 1.07642341e+00 -2.60287076e-01
    -2.08881751e-01 8.03198516e-01 1.11390841e+00 7.08195567e-01
    -3.78426850e-01 -2.78968841e-01 7.26323307e-01 -2.38782525e-01
    8.48484933e-01 1.26294780e+00 1.45765930e-01 6.31835163e-01
    7.18219161e-01 -3.07920158e-01 2.61306643e-01 1.62235725e+00
    -5.96933246e-01 1.27855456e+00 1.45238233e+00 -2.55708881e-02
    8.25020909e-01 -7.17762768e-01 2.48641685e-01 -2.92483449e-01
    1.55635881e+00 1.47815394e+00 -4.32884246e-01 -6.49929702e-01
    1.50307608e+00 6.86345041e-01 8.47075060e-02 5.22147954e-01
    7.90140703e-02 -1.27054438e-01 1.82271838e+00 -6.80348158e-01
    -1.88686222e-01 6.49112105e-01 -4.46511328e-01 1.04453754e+00
    -3.57229322e-01 1.50858951e+00 9.87870842e-02 -2.22610354e-01
    1.07433927e+00 -4.74165589e-01 -8.01496387e-01 8.37654829e-01
    1.66862476e+00 9.52781975e-01 -6.14166796e-01 -3.67957763e-02
    -3.95767242e-01 1.71176279e+00 -5.21095037e-01 -1.96025252e-01
    -4.68865782e-01 4.66977865e-01 -6.45659506e-01 -5.53291440e-01
    5.26371837e-01 -7.21431673e-02 6.87716365e-01 -7.79623330e-01
    1.71056414e+00 -6.22183144e-01 1.43723178e+00 4.01953995e-01
    1.55760956e+00 2.64621586e-01 1.71999753e+00 1.06855392e+00
    -2.41767362e-01 -2.66160160e-01 1.42891273e-01 1.11963367e+00
    9.15231287e-01 1.66679776e+00 1.06299877e+00 1.47895026e+00
    4.95742679e-01 -6.12716317e-01 -5.15376210e-01 3.43551725e-01
    -7.13840052e-02 1.25245643e+00 -7.32623219e-01 1.25590533e-01
    -7.76069999e-01 1.69789684e+00 5.94279766e-01 1.42688203e+00
    9.85862851e-01 7.87356079e-01 2.97463238e-01 7.25434601e-01
    1.04636121e+00 7.01155782e-01 8.64857912e-01 1.40247238e+00
    -2.30821148e-01 1.56393135e+00 1.08639050e+00 2.96788722e-01
    -5.37988245e-01 1.77754319e+00 2.37724166e-02 5.24322748e-01
    1.69784352e-01 1.10221684e+00 -7.13362575e-01 1.03077702e-01
    8.58706057e-01 -7.33440876e-01 -1.53754339e-01 -1.28091708e-01
    9.61125255e-01 -1.52860239e-01 1.58452857e+00 8.16708326e-01
    1.43721795e+00 2.31210962e-01 -2.28349999e-01 7.95751631e-01
    -4.48356807e-01 3.46315987e-02 -2.61129774e-02 1.64080575e-01
    8.24478149e-01 1.88345201e-02 1.44912803e+00 1.02386862e-01
    1.62021661e+00 2.28072569e-01 7.36335576e-01 1.14030078e-01
    -6.63013399e-01 1.23058009e+00 9.00711417e-02 -1.96382016e-01
    9.79884267e-01 4.69197750e-01 1.23921537e+00 2.10638332e+00
    1.55516699e-01 -8.69175196e-02 -3.54902983e-01 1.13494718e+00
    6.82040393e-01 6.99911416e-01 7.48234272e-01 1.86721608e-01
    9.84711230e-01 -5.36704302e-01 8.93997431e-01 -7.43204594e-01
    1.59107971e+00 1.32446253e+00 1.43830907e+00 5.10866880e-01
    3.39263141e-01 1.70969158e-01 7.12134600e-01 1.34816051e+00
    1.32218301e+00 -4.57499713e-01 -4.63240474e-01 1.59292936e-01
    1.37604046e+00 8.27646732e-01 1.19066799e+00 -5.90800583e-01
    -4.55906272e-01 7.82852829e-01 1.22209239e+00 3.69612724e-01
    9.74613726e-01 -5.45711935e-01 -1.71830863e-01 7.32895732e-01
    -2.48042509e-01 1.49624236e-02 -6.71501637e-01 1.16997802e+00
    1.59627521e+00 5.88780642e-02 -5.88901699e-01 1.42032695e+00
    8.44236195e-01 9.84728754e-01 -5.21254301e-01 1.37277758e+00
    7.69248784e-01 1.05545557e+00 1.19883811e+00 1.38130069e-01
    1.39688003e+00 2.26700097e-01 4.36838865e-01 1.55552372e-01
    -4.97166425e-01 1.60002470e+00 1.15053320e+00 1.06617951e+00
    1.55251992e+00 -5.83803207e-02 8.14496934e-01 3.44994068e-01
    2.54232138e-01 -3.94465059e-01 -3.99900466e-01 1.55151522e+00
    3.95929128e-01 1.71657741e+00 1.58594418e+00 7.79598951e-01
    3.29634011e-01 -2.79855877e-01 1.58733559e+00 9.43937719e-01
    1.20571256e+00 -4.06163633e-02 -6.47198737e-01 1.57657921e+00
    3.99568826e-01 1.24730325e+00 -9.94399413e-02 4.74917769e-01
    5.72898269e-01 1.39179254e+00 3.39742631e-01 9.83508468e-01
    -1.78454220e-01 -2.14099273e-01 9.25827265e-01 8.46511483e-01
    1.02196944e+00 -2.71941066e-01 9.60457683e-01 1.56919432e+00
    -5.86311340e-01 1.62355018e+00 1.44975829e+00 4.44720477e-01
    -5.97797573e-01 -5.29616833e-01 7.13268578e-01 4.49362665e-01
    8.60963166e-01 1.44812369e+00 -4.21083063e-01 -2.19215423e-01
    -2.36138161e-02 -5.94975710e-01 1.08456123e+00 7.44318604e-01
    1.11623323e+00 8.79072428e-01 -3.80148262e-01 1.59637463e+00
    1.70934618e+00 -5.87051094e-01 4.04027671e-01 -6.30750418e-01
    -4.35073227e-01 1.05281377e+00 1.70829999e+00 1.27902627e+00
    1.69551468e+00 -5.73121786e-01 -6.54595435e-01 2.82015741e-01
    -6.31308928e-02 1.41800773e+00 3.55590880e-01 4.74364161e-01
    -1.73230141e-01 -4.68675010e-02 1.87201738e-01 -5.81137300e-01
    1.23939729e+00 1.01239228e+00 7.73338735e-01 1.40289104e+00
    -5.30328453e-01 1.57847190e+00 1.18823361e+00 1.68775141e+00
    9.07953084e-01 3.55739474e-01 2.22659782e-01 1.55327249e+00
    -4.96419609e-01 1.40344846e+00 5.23232520e-01 1.50826490e+00
    -7.53754452e-02 1.13082945e+00 1.67761123e+00 1.11474954e-01
    2.02938348e-01 1.28709662e+00 1.10322058e+00 -3.86458069e-01
    -7.86155343e-01 1.89087853e-01 -1.08961850e-01 1.41397715e+00
    2.81620920e-01 -7.50770509e-01 -6.22912228e-01 1.69868422e+00
    -4.26802039e-01 1.31889477e-01 7.98722267e-01 8.05758893e-01
    -2.95534707e-03 8.29820216e-01 1.34063020e-01 9.82481778e-01
    9.97600734e-01 -1.55808479e-01 1.24226975e+00 2.22951829e-01
    1.12534106e+00 1.14966905e+00 1.19588757e+00 -6.74488917e-02
    -5.19626200e-01 1.62915432e+00 1.43935430e+00 8.94610345e-01
    3.57728481e-01 1.09890008e+00 9.41155851e-01 6.27466321e-01
    5.77724911e-02 -1.84672415e-01 -3.79211992e-01 1.14092231e+00
    3.95472914e-01 -3.84601593e-01 9.71780658e-01 1.77260131e-01
    1.33180380e+00 8.27865303e-01 -2.25970954e-01 -7.97138333e-01
    2.16940984e-01 9.82360616e-02 7.92509437e-01 1.15376866e+00
    5.69120109e-01 3.78785968e-01 -5.76044142e-01 1.53080153e+00
    -4.50017899e-01 1.18910313e+00 5.34621440e-02 -2.66729802e-01
    1.12582326e+00 8.02163482e-01 1.70056820e+00 -5.55904359e-02
    -5.97597837e-01 5.48205972e-01 -7.26027131e-01 -1.37810990e-01
    -4.58325654e-01 4.99310672e-01 1.02156985e+00 9.63053048e-01
    2.94771492e-01 8.62661779e-01 4.00900513e-01 1.25375783e+00
    1.17881167e+00 -1.16052471e-01 9.02434468e-01 1.45825088e-01
    7.85402656e-01 1.15123475e+00 -3.68110687e-01 -3.41019422e-01
    2.24378914e-01 1.90222943e+00 1.16124392e+00 1.30435145e+00
    -4.78244945e-02 -7.47343749e-02 -3.82322729e-01 1.39924777e+00
    1.64869547e+00 1.00837779e+00 -5.18309958e-02 1.60021496e+00
    1.36634719e+00 1.71625674e+00 -1.89734682e-01 3.35432678e-01
    -6.90694973e-02 -1.07008986e-01 5.90223193e-01 1.56123924e+00
    -9.58370194e-02 1.00950086e+00 7.86632359e-01 -6.69488162e-02
    -2.56601930e-01 4.54605728e-01 5.95186591e-01 -5.62648058e-01
    8.13196123e-01 1.25344008e-01 9.81471121e-01 -1.07697487e-01
    3.53126526e-01 1.49476826e-01 4.12962846e-02 8.08214486e-01
    7.97724903e-01 -2.01642841e-01 1.46078455e+00 9.05487359e-01
    -8.07409361e-02 1.05800831e+00 4.15623456e-01 -5.90579510e-01
    2.04930857e-01 4.92512941e-01 1.17629838e+00 2.71569580e-01
    -1.54909268e-02 1.47918388e-01 1.74754751e+00 -2.08253637e-01
    1.38516974e+00 6.01234913e-01 2.87100315e-01 9.56901252e-01
    1.53651214e+00 6.09213293e-01 5.89533687e-01 1.41687381e+00
    9.76519763e-01 7.10143670e-02 7.51852095e-02 7.09299669e-02
    -3.79323751e-01 1.66752845e-01 3.13429981e-01 5.23059607e-01
    9.81239200e-01 -6.12667441e-01 8.52745026e-02 1.25081909e+00
    -5.17735839e-01 1.69421136e+00 2.87501067e-01 1.73430681e+00
    5.89981318e-01 9.13489938e-01 1.68507636e+00 6.56420052e-01
    1.47064507e+00 1.70496142e+00 -6.62942410e-01 1.04380095e+00
    -1.67547032e-01 1.39343178e+00 -5.95264435e-01 5.26794732e-01
    1.05002820e+00 1.25696278e+00 4.98928607e-01 -7.08887756e-01
    1.07296836e+00 -6.39501274e-01 -6.62938729e-02 3.05121362e-01
    3.15535843e-01 7.31405914e-01 -5.99399865e-01 -1.38660580e-01
    1.27694416e+00 9.04252887e-01 8.30655873e-01 1.04958618e+00
    -5.61627328e-01 7.65158772e-01 8.26173425e-01 7.10503876e-01
    -6.87225640e-01 -5.59885025e-01 -5.46041250e-01 1.08737242e+00
    -1.70433894e-01 2.59520859e-01 7.83590734e-01 -2.34577674e-02
    1.25935340e+00 2.26369068e-01 1.36640966e+00 -1.28226951e-01
    -5.31104684e-01 4.87229496e-01 -4.52152908e-01 9.32137728e-01
    -6.36826575e-01 -7.57331133e-01 9.28482592e-01 -1.99355140e-01
    1.61091113e+00 9.98215616e-01 -5.29594362e-01 9.77094531e-01
    1.43727040e+00 -3.77873898e-01 4.03490335e-01 1.09143555e-01
    1.77972400e+00 1.62846714e-01 -6.29191816e-01 8.21798682e-01
    2.93805361e-01 4.27883506e-01 1.26870549e+00 1.63986087e+00
    -7.50788748e-01 -5.87002873e-01 3.75201344e-01 1.67646337e+00
    6.21761322e-01 -1.65034398e-01 8.06019902e-01 8.52029204e-01
    -3.43007654e-01 4.15096194e-01 -6.32664502e-01 3.80945355e-01
    2.21672162e-01 -4.99500245e-01 8.10211059e-03 -2.67740756e-01
    1.41971755e+00 1.99002922e-01 -6.37633920e-01 -2.62387484e-01
    1.15989387e+00 -5.57585537e-01 7.17442989e-01 1.04706299e+00
    -1.31896183e-01 5.91664851e-01 4.32978362e-01 9.07079458e-01
    4.19848025e-01 1.70712614e+00 6.94398165e-01 -4.88097072e-01
    4.04625624e-01 1.36305606e+00 3.12532693e-01 1.16085601e+00
    1.12208998e+00 5.99958718e-01 6.63628101e-01 -1.46344990e-01
    -4.27096933e-01 -2.00677052e-01 1.06332266e+00 -3.90204102e-01
    1.56068340e-01 9.35998201e-01 -4.82721597e-01 7.79802322e-01
    1.53320360e+00 7.49941707e-01 3.83937746e-01 -2.23374665e-02
    1.41016150e+00 5.04289806e-01 1.29503536e+00 5.80657661e-01
    2.92073965e-01 8.55231285e-01 9.40427363e-01 5.80627680e-01
    1.00741959e+00 -1.37573689e-01 -5.45225322e-01 1.42075717e+00
    1.66445124e+00 1.12083232e+00 -8.09140969e-03 4.54362571e-01
    5.65284014e-01 4.84777123e-01 7.22402811e-01 1.32532048e+00
    8.03548574e-01 -7.13872969e-01 -3.04042459e-01 1.08345902e+00
    9.61415708e-01 1.09710109e+00 -1.88075658e-02 1.17047417e+00
    8.61312807e-01 -3.19175631e-01 1.54249847e+00 -6.57028779e-02
    -7.55615711e-01 7.84671009e-01 -6.32967353e-01 2.25769222e-01
    1.28914177e+00 -4.36250836e-01 1.36149192e+00 1.06068707e+00
    -2.19020307e-01 -3.21626842e-01 1.33877289e+00 5.15881717e-01
    7.40383983e-01 4.48129267e-01 6.82368338e-01 1.78534400e+00
    -1.14097625e-01 -5.41655421e-01 5.37203610e-01 1.74926865e+00
    1.68951046e+00 1.44349766e+00 2.86058690e-02 7.04868808e-02
    7.71065652e-01 -2.52502739e-01 6.68074250e-01 -4.08638828e-02
    3.81337017e-01 1.33390516e-01 -6.29936576e-01 1.01068869e-01
    1.02363199e-01 1.43825960e+00 2.87108570e-01 9.41652417e-01
    -3.79134178e-01 1.19400525e+00 1.35233803e-02 9.96613428e-02
    9.05179322e-01 -5.77103138e-01 1.24960589e+00 1.03542519e+00
    4.40938026e-01 2.59410590e-01 8.88261199e-01 3.09123307e-01
    1.05175781e+00 1.18101096e+00 1.66719604e+00 3.68635476e-01
    3.14498365e-01 -5.38236737e-01 1.00356650e+00 1.09189260e+00
    -3.52146327e-01 1.45164156e+00 7.79606462e-01 1.04569900e+00
    2.49783292e-01 1.19265132e-01 7.49844611e-01 1.09920800e+00
    -4.28946644e-01 -8.25865567e-02 4.33669612e-02 1.78586531e+00
    1.07922137e+00 -4.96099442e-01 4.11942542e-01 -7.60070860e-01
    -1.08175680e-01 1.55660450e+00 5.50142646e-01 1.64267313e+00
    1.49108553e+00 7.64967442e-01 -4.91136253e-01 4.97704208e-01
    1.72420692e+00 1.06522906e+00 -2.37508908e-01 1.70858133e+00
    4.56596315e-02 7.02546656e-01 9.74605754e-02 2.86602676e-01
    1.47616160e+00 1.85328379e-01 1.01019597e+00 3.65167141e-01
    2.17056572e-01 4.58350420e-01 7.90849864e-01 -1.57067284e-01
    2.21281797e-01 -6.42873406e-01 -3.81002188e-01 2.32772201e-01
    5.04100740e-01 1.48357630e+00 -5.44163525e-01 -6.53700054e-01
    7.82802641e-01 6.12440348e-01 -4.85328227e-01 4.01666999e-01
    1.09015810e+00 -3.24532807e-01 1.64385176e+00 6.44834399e-01
    -5.77735007e-01 1.57337236e+00 1.66102076e+00 6.21304214e-01
    1.17745988e-01 -5.15451908e-01 1.52574980e+00 9.98296216e-02
    3.62429738e-01 1.19071531e+00 2.46039722e-02 5.99413395e-01
    -1.40668392e-01 -3.13922524e-01 5.83864808e-01 6.60754561e-01
    9.52558637e-01 1.42239761e+00 6.10213652e-02 -1.48333669e-01
    7.92387187e-01 -3.39343607e-01 -4.61205930e-01 1.18944339e-01
    1.59400225e+00 3.44874799e-01 1.52694082e+00 -1.31132826e-01
    8.70053291e-01 1.37270188e+00 1.03453696e-01 4.81886297e-01
    5.95481515e-01 2.74597764e-01 -1.02032065e-01 3.89121741e-01
    1.05031407e+00 1.46015537e+00 5.65522850e-01 -4.68517751e-01
    -3.53782088e-01 1.76436174e+00 -3.81173104e-01 1.51048398e+00
    1.47463965e+00 9.99437988e-01 1.47104450e-02 -5.10123253e-01
    5.44808567e-01 9.53581214e-01 8.00173264e-03 1.08337498e+00
    1.74031138e+00 1.28317130e+00 -3.69130850e-01 1.62128210e+00
    1.11014962e+00 1.06780922e+00 5.82304597e-01 -1.04331829e-01
    1.36110508e+00 1.36521637e-01 1.68416309e+00 1.69524896e+00
    9.42320526e-01 6.18271053e-01 -2.48875376e-02 1.05542123e+00
    1.31328321e+00 1.54880953e+00 6.77456617e-01 1.40458524e+00
    5.60699284e-01 1.62120044e-01 1.27152348e+00 1.01097190e+00
    6.38537824e-01 -1.33910358e-01 1.34916258e+00 1.58838257e-01
    1.18606877e+00 9.55937624e-01 1.47546351e+00 6.69449985e-01
    7.22083092e-01 1.59447038e+00 -1.99968383e-01 1.52251112e+00
    1.71576095e+00 1.60562086e+00 8.75536442e-01 -3.40369374e-01
    3.41333091e-01 1.41738486e+00 1.62477434e+00 1.33629394e+00
    -7.03943968e-01 1.66264045e+00 1.29533029e+00 2.61236668e-01
    4.68063176e-01 -3.03295106e-01 6.79321215e-03 7.61669934e-01
    -3.15131515e-01 5.29296517e-01 7.49350846e-01 1.13656259e+00
    1.14238918e+00 1.67671108e+00 1.54867470e+00 1.18580687e+00
    6.31844640e-01 -5.77863574e-01 5.17652631e-01 2.83958942e-01
    -5.08447826e-01 6.99403167e-01 1.59258091e+00 3.55755776e-01
    -6.59966469e-01 -3.84103388e-01 2.66356528e-01 4.22512770e-01
    -6.20419860e-01 8.02635491e-01 7.94331014e-01 1.79610908e-01
    4.31185246e-01 1.76858211e+00 4.73515332e-01 8.63129556e-01
    1.02516055e+00 1.55726716e-01 -5.51688969e-01 1.78163469e+00
    -4.23785269e-01 4.49602097e-01 -3.21285486e-01 2.64654487e-01
    -7.92904913e-01 1.95167258e-01 8.60633790e-01 1.26237464e+00
    5.36738157e-01 1.72199118e+00 -5.96738636e-01 1.68481994e+00
    -5.32023609e-01 7.54651964e-01 1.06694984e+00 3.66589427e-01
    1.12900865e+00 -7.17271984e-01 1.43079340e+00 1.14163303e+00
    1.33402228e+00 5.77701747e-01 1.56492308e-01 1.28385082e-01
    5.01960635e-01 5.34616709e-01 3.64474952e-02 1.08907664e+00
    7.14632809e-01 1.37827051e+00 -8.22649121e-01 1.65069699e+00
    8.45865965e-01 1.59002566e+00 1.74742234e+00 1.38611746e+00
    4.76714596e-02 9.50256705e-01 5.17046869e-01 9.72267166e-02
    4.47283089e-01 -1.58814013e-01 1.74674022e+00 3.74620885e-01
    8.20342124e-01 7.19149828e-01 1.55604839e-01 2.39789575e-01
    1.54700828e+00 1.27538651e-01 -1.65197358e-01 7.62714326e-01
    1.24590647e+00 6.01330519e-01 6.14711791e-02 8.83003771e-01
    -5.39063752e-01 7.75958061e-01 1.64901316e+00 -7.15046704e-01
    6.50488019e-01 -7.81157196e-01 1.38889551e+00 1.07212138e+00
    -2.45015711e-01 -2.54019648e-01 1.19149789e-01 -3.76531810e-01
    8.27848673e-01 -5.29110849e-01 7.31361389e-01 3.71093422e-01
    6.32833540e-01 -1.30920619e-01 -2.19524652e-01 -1.68207631e-01
    1.59576964e+00 3.54175031e-01 -7.86252737e-01 1.24404109e+00
    1.17465484e+00 7.46185720e-01 -2.16540426e-01 1.07131267e+00
    -3.78923453e-02 -4.88083780e-01 1.27350712e+00 3.25538754e-01
    -4.44120109e-01 -4.34817135e-01 1.06119597e+00 1.11864090e+00
    -6.44358471e-02 -8.24277639e-01 4.50091183e-01 1.49527168e+00
    1.57865036e+00 -2.17453033e-01 3.18945587e-01 -6.20995283e-01
    2.83466727e-01 1.38017702e+00 -3.70960295e-01 -1.31156594e-01
    1.26636207e+00 5.78089535e-01 1.19838667e+00 -2.78240740e-01
    1.80692160e+00 1.11417577e-01 1.47066104e+00 7.19622597e-02
    -2.33257905e-01 -2.24720128e-02 -4.60788250e-01 -4.17880565e-01
    5.39920449e-01 2.28713721e-01 1.04242361e+00 -2.35586345e-01
    3.60807776e-01 2.23528948e-02 1.25224337e-01 1.01473308e+00
    1.27776647e+00 1.56475157e-01 -2.39782050e-01 -6.36217415e-01
    1.67054498e+00 5.78815222e-01 1.09217036e+00 -6.86972678e-01
    7.24820912e-01 -5.58108449e-01 8.37489486e-01 1.57725418e+00
    1.79334807e+00 -2.46065348e-01 -2.77278572e-01 -6.70661151e-01
    -6.00384235e-01 7.18274474e-01 -4.49679494e-01 1.29050636e+00
    1.08710659e+00 1.78074312e+00 1.06629878e-01 1.09136534e+00
    2.51647592e-01 -9.51920971e-02 5.39662600e-01 -1.01238795e-01
    1.14607179e+00 1.47548354e+00 1.11752585e-01 5.74668288e-01
    1.07796741e+00 9.41970170e-01 1.52805638e+00 -1.29964113e-01
    7.16700375e-01 1.64868152e+00 1.28893816e+00 1.73864067e+00
    6.39485428e-04 9.82011259e-01 3.40770483e-01 1.02477574e+00
    6.89078569e-01 5.77422857e-01 -1.70588732e-01 1.22638369e+00
    7.84332693e-01 4.88072336e-02 -3.24641913e-01 -7.73287296e-01
    -6.51999190e-02 -3.40913922e-01 1.17442429e+00 1.38537192e+00
    5.69841743e-01 8.37998271e-01 8.17756653e-01 1.56500077e+00
    6.11534715e-01 1.53384960e+00 -1.47986397e-01 4.31669354e-01
    9.45736349e-01 3.39868724e-01 1.34029019e+00 1.84643082e-02
    1.60451484e+00 1.69959867e+00 -1.51895732e-01 -6.65509224e-01
    2.27387380e-02 7.65484631e-01 -8.82386118e-02 -1.70118287e-01
    9.19599533e-01 7.52121091e-01 8.94872770e-02 1.27921641e+00
    3.50125074e-01 -2.85053253e-01 -6.67113304e-01 1.21168149e+00
    6.67372882e-01 -7.12185621e-01 3.02831810e-02 6.57261312e-01
    -6.94973860e-03 1.05562174e+00 5.63886762e-01 7.15582252e-01
    1.03269041e+00 1.20680559e+00 4.04699296e-01 1.40392423e+00
    1.45538116e+00 1.67237329e+00 1.01495504e+00 6.13090456e-01
    9.05256152e-01 -3.25127810e-01 7.11257234e-02 1.32705402e+00
    -4.56470311e-01 8.67525816e-01 8.45300615e-01 2.29983360e-01
    5.83342969e-01 1.21885550e+00 -7.97416031e-01 2.36744046e-01
    -1.62691265e-01 1.57503319e+00 1.65209258e+00 -2.67645895e-01
    1.46285367e+00 1.13118076e+00 -7.54929960e-01 9.54278111e-01
    4.33463961e-01 6.54952526e-01 6.59142196e-01 1.18316150e+00
    -1.02721877e-01 5.11973128e-02 -9.61855985e-03 1.58960044e+00
    1.62301040e+00 5.05941272e-01 1.45632043e-01 5.58463752e-01
    9.78537321e-01 1.39040506e+00 1.16164351e+00 3.75699431e-01
    -3.49025637e-01 -5.79091728e-01 7.42680371e-01 1.10890281e+00
    3.62449318e-01 1.51353920e+00 1.29291129e+00 1.73332381e+00
    -5.93372405e-01 -2.61802018e-01 1.40713131e+00 1.52902567e+00
    3.20666969e-01 6.53196692e-01 5.10624290e-01 8.70027468e-02
    -4.70862716e-01 9.68206823e-01 -2.70773858e-01 1.32818985e+00
    -1.16906844e-01 4.60459441e-02 3.30622524e-01 -2.71243066e-01
    -7.14974701e-01 4.49258164e-02 3.23579580e-01 -6.13404989e-01
    1.01814973e+00 9.96139884e-01 -1.28226623e-01 3.90964568e-01
    6.61440551e-01 1.51301038e+00 6.15764633e-02 -4.20159638e-01
    -5.73122203e-01 1.23185909e+00 -5.51394582e-01 9.41178381e-01
    -5.97883582e-01 1.63542897e-01 4.59039152e-01 9.67978120e-01
    1.17439568e+00 -2.61144564e-02 8.28805029e-01 1.87519506e-01
    1.07397008e+00 1.40506148e+00 1.68178034e+00 1.40722978e+00
    1.06115615e+00 -4.25984591e-01 -1.27505884e-01 8.75507891e-02
    3.87516394e-02 1.26131937e-01 1.43815148e+00 1.72889817e+00
    1.03350127e+00 1.32556903e+00 3.91260058e-01 6.56732380e-01
    6.96071982e-01 6.37729704e-01 1.09110184e-01 1.50936532e+00
    1.00822794e+00 4.80903119e-01 1.60138392e+00 7.14033246e-02
    1.12646616e+00 5.55601597e-01 3.69601339e-01 1.22004437e+00
    9.77055728e-01 1.27849853e+00 7.30546951e-01 4.63866532e-01
    -6.50343299e-01 -1.21275611e-01 1.45719516e+00 1.21302402e+00
    4.15830314e-01 6.54499590e-01 4.91052061e-01 5.87846100e-01
    -6.66573822e-01 2.40668580e-01 6.87218368e-01 1.39440894e+00
    -6.14695251e-01 -3.05903628e-02 -6.34439766e-01 1.48459280e+00
    2.98737258e-01 8.86418700e-01 -1.12707458e-01 1.62807572e+00
    1.71445906e+00 1.24903631e+00 1.37230587e+00 1.58796787e+00
    -3.51109624e-01 -2.46458679e-01 1.07684815e+00 3.36143710e-02
    -4.80071276e-01 1.47543573e+00 -2.39542667e-02 5.68896115e-01
    7.92654037e-01 3.11312705e-01 5.46913803e-01 -2.44390130e-01
    6.63644373e-01 2.52097875e-01 -2.11152852e-01 1.67584932e+00
    8.09897065e-01 -2.82410592e-01 -2.88026601e-01 1.69047892e+00
    1.09813952e+00 -5.63907385e-01 1.61503112e+00 -2.92956084e-01
    -6.71260118e-01 1.54689586e+00 -2.23680288e-01 1.12851727e+00
    -7.08861351e-01 -4.16601479e-01 3.48273944e-03 -2.32344598e-01
    1.04669178e+00 1.62212682e+00 -3.90999198e-01 1.43961871e+00
    -9.79610234e-02 1.46546006e+00 -5.95877230e-01 3.21637541e-01
    9.51579928e-01 1.03145830e-01 -5.20086527e-01 5.65396309e-01
    9.91230786e-01 3.19761604e-01 1.71831572e+00 6.14439011e-01
    -7.40334392e-01 1.22705877e+00 -4.92029250e-01 1.49063921e+00
    1.64361322e+00 1.19139865e-01 1.11006327e-01 -8.90273601e-02
    6.87700927e-01 -2.25814655e-01 7.51852274e-01 1.27162719e+00
    1.10276747e+00 1.23925006e+00 2.14957237e-01 7.91241303e-02
    9.28587377e-01 8.48427474e-01 1.16915965e+00 -2.16252923e-01
    1.47935355e+00 1.03365159e+00 8.99866104e-01 1.25165081e+00
    -6.87891901e-01 -5.03612161e-01 1.13032770e+00 3.63636136e-01
    -7.01625109e-01 -3.39609623e-01 9.96650577e-01 -5.79615057e-01
    6.01596713e-01 1.06345624e-01 2.51450062e-01 6.69539198e-02
    1.18692231e+00 6.33933246e-02 8.05755854e-01 -4.81312364e-01
    -7.38347709e-01 3.73789817e-01 1.14385240e-01 1.53240955e+00
    1.12547779e+00 7.06635952e-01 1.57734525e+00 2.67337918e-01
    -6.46834016e-01 9.14867297e-02 9.46462393e-01 3.93496364e-01
    -6.81957662e-01 -1.86194181e-01 4.87231523e-01 9.09025431e-01
    1.48293817e+00 1.06708550e+00 6.61798477e-01 -2.37057209e-02
    1.10260963e+00 4.15170312e-01 3.95352274e-01 1.08141196e+00
    1.51243997e+00 1.36452532e+00 6.72254384e-01 -6.73664361e-02
    1.20165694e+00 3.38365823e-01 -7.03449905e-01 -4.07626957e-01
    7.98920989e-01 2.31742784e-02 5.62969923e-01 -3.59698355e-01
    1.68676507e+00 -5.80733240e-01 5.33148944e-01 2.97779292e-01
    -7.80477464e-01 7.30515778e-01 1.02859747e+00 -3.01650137e-01
    -4.50132005e-02 1.45539880e+00 2.25887060e-01 1.69605875e+00
    7.46885166e-02 -1.72330514e-01 1.34628311e-01 5.10999262e-01
    -6.23416424e-01 8.26773942e-01 8.30086291e-01 6.00991428e-01
    -8.82335901e-02 6.33099079e-01 2.58134961e-01 9.95982051e-01
    -2.15493619e-01 2.51729459e-01 1.44687867e+00 1.19416547e+00
    1.76484942e+00 9.08957422e-01 1.30452359e+00 1.13030386e+00
    -6.62372589e-01 -1.78531185e-01 5.28763533e-01 -5.55850506e-01
    6.52449429e-01 5.12280107e-01 -6.53271079e-01 1.14948499e+00
    9.80191588e-01 4.98769224e-01 1.60964008e-03 -5.55741452e-02
    -6.97553217e-01 5.62731206e-01 7.43554056e-01 -2.65881866e-02
    1.10895798e-01 6.36543274e-01 3.71211350e-01 -4.79136974e-01
    2.09969789e-01 6.14237487e-01 1.23834753e+00 1.72457802e+00
    9.12588477e-01 -7.43933320e-01 1.70720088e+00 -5.96350670e-01
    1.07882917e+00 -4.74963784e-01 1.54414281e-01 1.24073362e+00
    8.04564178e-01 2.93876946e-01 3.27807605e-01 -4.56261188e-01
    -2.88367867e-01 1.67857003e+00 8.40098977e-01 1.66482842e+00
    -2.82846391e-01 -5.05071223e-01 2.05754590e+00 1.64733931e-01
    1.49800694e+00 1.53351462e+00 8.15027118e-01 9.43208933e-01
    1.35955989e-01 4.30565774e-01 1.78964698e+00 -4.19316679e-01
    2.68926710e-01 5.94825029e-01 1.52288795e+00 1.20393085e+00
    1.38482523e+00 -2.67454118e-01 1.69934070e+00 1.02387106e+00
    8.46193790e-01 1.20250307e-01 5.34585416e-01 1.26317632e+00
    -6.35134578e-01 -1.88694164e-01 -2.57084757e-01 1.43192425e-01
    1.11299169e+00 -3.08778305e-02 1.45277143e+00 6.04032278e-01
    -6.84186935e-01 -2.81300426e-01 1.65722525e+00 -1.44757465e-01
    -2.39927202e-01 -5.95641173e-02 7.85452604e-01 1.58310509e+00
    1.03973997e+00 2.17695013e-02 6.61404908e-01 6.05662405e-01
    1.52272654e+00 7.29804099e-01 -4.37960297e-01 1.41983891e+00
    7.57761478e-01 -4.31889772e-01 1.07397234e+00 9.49655652e-01
    -2.96254158e-01 1.88346267e+00 -2.40569651e-01 1.27054632e+00
    -7.05283701e-01 1.74779654e+00 1.10115910e+00 1.12155497e+00
    2.03532308e-01 -3.27858835e-01 -3.80492866e-01 1.23196232e+00
    9.47590247e-02 -4.47178841e-01 5.86628318e-01 1.26562133e-01
    6.60796642e-01 -4.94487658e-02 7.60781884e-01 -1.37946540e-02
    1.14697742e+00 5.22140861e-01 -7.37159550e-01 -2.94857062e-02
    1.23265553e+00 1.54838240e+00 -1.36973143e-01 4.00804281e-01
    6.65169299e-01 -6.22891545e-01 1.63571858e+00 7.74084330e-01
    1.79681456e+00 -5.81245124e-01 -8.08387935e-01 2.62504816e-01
    1.26735997e+00 1.75736797e+00 3.77592504e-01 -5.72680235e-01
    -9.47028548e-02 -6.30953074e-01 9.95589733e-01 1.68109083e+00
    1.13093174e+00 1.02652967e+00 -3.05747062e-01 -2.99424589e-01
    -4.13261443e-01 2.98312586e-02 -1.40111176e-02 -5.50505996e-01
    3.23414594e-01 1.47417653e+00 5.80575287e-01 -1.64438490e-04
    9.53916848e-01 -7.48554349e-01 9.34325874e-01 -7.08862305e-01
    -1.60486534e-01 -3.99889588e-01 3.85620333e-02 1.33845460e+00
    -3.53756845e-01 -5.18703401e-01 1.31965351e+00 4.67402250e-01
    3.74996930e-01 5.30819178e-01 1.41814375e+00 -3.53584415e-03
    1.46152616e+00 3.54867816e-01 -2.19739035e-01 -2.70129889e-01
    1.47937760e-01 -6.23594940e-01 8.60976934e-01 -3.82708758e-01
    8.01656425e-01 -5.61221540e-02 -1.86355859e-01 5.57375550e-01
    1.02227902e+00 -4.32307124e-01 1.41235363e+00 1.01429975e+00
    1.51486778e+00 -7.84670532e-01 -6.22197092e-01 6.82404160e-01
    -1.84098274e-01 5.75883329e-01 -3.74562353e-01 6.42987072e-01
    1.39889491e+00 1.39627349e+00 4.42031682e-01 2.36899585e-01
    6.24400675e-01 5.32593787e-01 1.39722002e+00 -5.01434386e-01
    4.95804369e-01 2.30915472e-01 -2.23142281e-01 1.56022325e-01
    -3.52609277e-01 9.55054939e-01 1.40635753e+00 -1.94097608e-01
    3.94397050e-01 3.54655504e-01 -3.91524613e-01 -7.97470331e-01
    1.15215933e+00 1.00097299e+00 -5.91537952e-01 1.35493827e+00
    5.63709497e-01 -2.94013083e-01 1.63512126e-01 3.34818177e-02
    1.35891950e+00 6.31702363e-01 7.17530400e-02 2.89722919e-01
    7.74783969e-01 1.66722608e+00 -1.49839193e-01 1.28899395e+00
    -6.70967877e-01 7.58499324e-01 1.20243812e+00 1.33978736e+00
    8.52859020e-01 4.09012705e-01 -5.60052335e-01 1.30884337e+00
    2.09782436e-01 1.26384830e+00 1.40782619e+00 -1.05828755e-01
    -3.34332794e-01 3.95962179e-01 4.52783972e-01 1.37604499e+00
    1.24458885e+00 7.98134863e-01 5.64529598e-01 -6.04229867e-01
    -1.68475464e-01 -1.00072064e-01 -1.65503964e-01 1.62728533e-01
    5.85289955e-01 -4.79457438e-01 -1.24822773e-01 -1.30672276e-01
    -2.46028140e-01 7.46959209e-01 6.15931749e-01 1.60464799e+00
    6.27026558e-01 -2.43527949e-01 8.37089002e-01 1.68211126e+00
    1.15309075e-01 -5.98336220e-01 1.07218444e+00 2.80500263e-01
    1.28791189e+00 1.18876159e+00 8.06205988e-01 -5.19539192e-02
    7.23385572e-01 -2.28154838e-01 3.19336355e-01 7.73597896e-01
    4.44943577e-01 2.57167488e-01 5.23972332e-01 -1.87658697e-01
    5.80442585e-02 6.76886380e-01 1.26239240e+00 9.58529294e-01
    -4.53153014e-01 1.28097057e+00 3.39078575e-01 7.36398250e-02
    -5.29080093e-01 8.76919985e-01 -5.28212428e-01 1.42345583e+00
    -1.45017013e-01 -5.33392847e-01 4.88462389e-01 1.16184533e+00
    1.48477268e+00 1.04003787e+00 5.62345088e-01 6.78455010e-02
    1.82849443e+00 1.76182127e+00 -3.82801801e-01 4.77483533e-02
    1.27869058e+00 2.80420631e-01 -5.55595219e-01 1.16420142e-01
    1.26805198e+00 8.71237159e-01 1.09419763e+00 -4.55591410e-01
    7.03044713e-01 6.02864847e-02 1.27610326e+00 -1.36800334e-01
    5.18953562e-01 1.07050860e+00 -1.72232553e-01 1.23012388e+00
    1.55110967e+00 -4.37434644e-01 3.96877408e-01 5.59250474e-01
    -1.34316161e-01 5.79584658e-01 1.54238892e+00 6.60936356e-01
    5.97326577e-01 6.13899350e-01 4.20759410e-01 2.07635418e-01
    1.35760558e+00 1.17858112e+00 1.03465891e+00 8.68029669e-02
    -8.31112504e-01 1.47045362e+00 1.75278568e+00 -2.26441756e-01
    3.39993715e-01 -7.27664411e-01 9.58176613e-01 1.85953677e+00
    1.13879347e+00 -7.16131806e-01 6.85591519e-01 5.44088721e-01
    -3.37353975e-01 1.14210463e+00 3.04761827e-01 -2.49845862e-01
    1.81724536e+00 9.86323714e-01 8.14191580e-01 -7.16388226e-01
    -4.99916703e-01 1.05223835e+00 -2.25335687e-01 -3.41409802e-01
    -3.46971720e-01 -2.23108426e-01 1.59572929e-01 1.03487694e+00
    2.31134430e-01 -4.64899600e-01 -3.87128264e-01 9.10227358e-01
    -2.85651833e-01 -9.84271765e-02 6.71107471e-01 9.24717605e-01
    1.75411129e+00 7.71462023e-01 1.47908974e+00 -8.29764530e-02
    5.68127453e-01 6.53290272e-01 1.28879994e-01 -4.18344051e-01
    1.50337029e+00 1.62284052e+00 -1.04337431e-01 -6.11554682e-01
    1.51769733e+00 -4.28826898e-01 1.06984186e+00 7.44233727e-01
    1.69015551e+00 1.57620966e+00 -2.37454131e-01 1.02766478e+00
    1.61719513e+00 3.45282197e-01 -6.92438245e-01 8.85395527e-01
    1.20421574e-01 1.12556088e+00 1.33292282e+00 -4.94885296e-01
    1.18393660e+00 1.36167932e+00 7.12467849e-01 1.06874502e+00
    6.24213815e-01 6.17361248e-01 5.13239384e-01 4.99623120e-01
    -4.69859600e-01 1.45284283e+00 9.48178530e-01 8.68181884e-01
    5.94106913e-01 1.71658650e-01 1.22858357e+00 8.11435282e-02
    1.47272527e+00 3.97675902e-01 -1.14930607e-01 1.54035497e+00
    -6.23937607e-01 8.60509038e-01 -4.99659687e-01 6.82621062e-01
    2.78933644e-01 1.48014498e+00 -1.01191007e-01 -2.77013928e-01
    6.60587788e-01 3.49804461e-02 2.16185078e-01 8.50694720e-03
    8.99043858e-01 1.71821153e+00 3.05623472e-01 3.51196080e-01
    8.41999173e-01 -5.82316555e-02 1.28479731e+00 -6.60022914e-01
    1.59943950e+00 1.40998030e+00 -2.97021478e-01 1.12786710e+00
    3.34235489e-01 1.31262469e+00 5.49678028e-01 -4.13437188e-01
    1.14996135e+00 -5.23843467e-01 -2.35511690e-01 1.62972081e+00
    2.93469608e-01 6.24765813e-01 1.05614638e+00 9.07587349e-01
    1.28594446e+00 -5.15503168e-01 1.51252759e+00 6.59859836e-01
    -5.11434317e-01 -6.90159500e-01 3.29680830e-01 -1.46323383e-01
    -4.25170481e-01 7.94987604e-02 1.13161385e+00 7.55115509e-01
    8.84118438e-01 2.27079585e-01 1.30399334e+00 -5.88158071e-01
    -1.29824147e-01 4.67732877e-01 5.07264793e-01 -2.57069349e-01
    9.94241953e-01 -8.12623426e-02 -1.16309799e-01 5.68626225e-01
    7.69234002e-01 -7.39481747e-01 3.47151607e-01 5.99289775e-01
    1.61727786e+00 6.45931900e-01 -6.12069257e-02 4.77533340e-01
    1.59664631e+00 4.08032238e-01 -4.25640196e-01 1.11746609e-01
    5.59210718e-01 1.31988597e+00 -9.84168127e-02 -4.15310562e-01
    5.61711669e-01 1.54115355e+00 9.26770389e-01 -2.54407734e-01
    -4.61636931e-01 1.47549498e+00 1.07311264e-01 -4.28114325e-01
    1.36741984e+00 1.20406079e+00 1.14971459e+00 7.12065995e-01
    7.66491592e-02 -6.28142059e-01 1.59149754e+00 1.24905670e+00
    -3.65960509e-01 -1.11372568e-01 1.03520438e-01 5.56864500e-01
    -7.52112985e-01 -4.31780040e-01 2.91307032e-01 3.83204669e-01
    2.73009419e-01 -2.53878117e-01 1.12653458e+00 -7.50792325e-01
    8.85373592e-01 1.26687539e+00 1.55599281e-01 8.19796622e-02
    5.26661336e-01 -1.59312055e-01 1.00281119e+00 4.02803004e-01
    -3.80645752e-01 1.06131113e+00 6.94211781e-01 -1.59565508e-01
    2.32518613e-01 1.25799966e+00 2.40845457e-01 9.71648157e-01
    -5.12288153e-01 3.22969109e-01 -3.39407057e-01 2.79489636e-01
    1.82202506e+00 6.16859913e-01 1.04023683e+00 -3.79393011e-01
    -1.59455895e-01 1.43368852e+00 -2.49346271e-01 1.42164791e+00
    9.16078150e-01 1.55110395e+00 -8.42870995e-02 -6.23877347e-01
    5.40678389e-02 -5.28997220e-02 3.85349840e-01 1.32416561e-01
    1.15988648e+00 1.76440454e+00 3.41493994e-01 8.96687806e-01
    -1.71198308e-01 1.59446031e-01 -7.30945945e-01 1.49952435e+00
    8.44734490e-01 -1.40793011e-01 -6.79978311e-01 -1.18031070e-01
    -9.07228053e-01 5.58508396e-01 3.95752758e-01 4.15833801e-01
    1.21774971e+00 1.78914338e-01 8.78442943e-01 7.42049336e-01
    -6.90708399e-01 -7.46607184e-01 -3.97026837e-01 1.34645998e+00
    6.42614484e-01 9.85223174e-01 9.87179637e-01 -3.97769541e-01
    -6.86444700e-01 1.22601736e+00 -2.16099232e-01 1.57883775e+00
    1.19621180e-01 9.26226497e-01 1.00544989e-01 3.38247180e-01
    -1.93734184e-01 -5.84337652e-01 -2.68924236e-01 1.52185547e+00
    1.33420038e+00 1.56057787e+00 2.76341021e-01 8.00265551e-01
    -3.97486836e-01 -2.27960885e-01 -3.87546331e-01 6.27928317e-01
    9.49166715e-01 -6.29944026e-01 1.31309175e+00 2.85404563e-01
    -7.05587089e-01 5.97272098e-01 7.42276251e-01 3.56771410e-01
    1.71129000e+00 -5.75407632e-02 -7.71774054e-02 -1.51694760e-01
    5.47786593e-01 1.03746906e-01 -5.67535684e-02 5.89659989e-01
    4.42235738e-01 1.64050341e+00 -9.78817865e-02 1.50614989e+00
    1.00460720e+00 -6.26515925e-01 -1.56761616e-01 2.71670818e-01
    4.13040489e-01 1.18493378e+00 -3.10820434e-02 1.41053510e+00
    2.72122145e-01 4.80062127e-01 1.17772198e+00 6.82493567e-01
    6.20516360e-01 4.66850549e-01 8.65654171e-01 1.22215116e+00
    1.19943535e+00 7.81414807e-02 1.21178925e+00 3.60461473e-01
    -6.66201353e-01 4.07623976e-01 5.40986098e-03 6.86699808e-01
    1.21722233e+00 -6.66085303e-01 1.75850797e+00 9.04882312e-01
    1.39420402e+00 -1.91840932e-01 1.60581362e+00 1.13233781e+00
    6.26252219e-02 8.87832046e-02 -7.54993916e-01 -3.44102353e-01
    -4.90481853e-01 2.30975956e-01 2.85860002e-01 1.87061392e-02
    1.51537871e+00 -7.85513341e-01 -2.13677227e-01 5.51004767e-01
    1.19478369e+00 1.37903392e+00 7.81279564e-01 8.81834984e-01
    -5.31143472e-02 1.33574128e+00 6.91276014e-01 1.11938536e+00
    -5.36994338e-01 1.53083742e+00 5.35097003e-01 9.77177441e-01
    6.95262611e-01 8.91497970e-01 2.12953955e-01 -1.78025618e-01
    6.65875152e-02 -2.78611630e-01 1.48863566e+00 -5.36568761e-01
    4.08618450e-01 2.36390442e-01 -5.25498576e-02 3.90275985e-01
    3.73623818e-01 1.38357866e+00 -3.61861110e-01 6.46712124e-01
    -5.65618455e-01 1.00233233e+00 8.92955065e-01 2.43997155e-03
    1.32296121e+00 9.69758034e-01 4.61352855e-01 6.84777617e-01
    9.68871593e-01 1.56510496e+00 1.39464474e+00 1.37285125e+00
    1.42502809e+00 5.76748312e-01 -5.73927581e-01 1.52068651e+00
    5.00000000e-01 -6.69432163e-01 8.66659343e-01 1.39706492e+00
    2.07227454e-01 6.42967343e-01 4.12072301e-01 1.06936574e+00
    8.68929401e-02 1.01179326e+00 1.21380091e+00 1.42870724e-01
    2.48068452e-01 6.63432777e-01 5.26065528e-01 -4.42106307e-01
    -6.74112856e-01 -9.29974541e-02 2.48807296e-01 1.01328053e-01
    8.77352536e-01 1.81055689e+00 2.33263955e-01 3.31133932e-01
    -6.67267263e-01 -6.75448537e-01 -2.96633542e-01 8.68722379e-01
    1.68725264e+00 5.48237622e-01 1.40477633e+00 2.78389424e-01
    2.47051850e-01 -7.64694631e-01 1.18667257e+00 1.76638055e+00
    -4.78490919e-01 1.12116635e-02 -5.52289009e-01 4.74285930e-02
    6.91529512e-02 5.28859735e-01 1.22407889e+00 4.70996648e-01
    -2.99496919e-01 -1.46992922e-01 1.13359427e+00 1.61447966e+00
    3.23021889e-01 -1.15743011e-01 -5.12330234e-01 1.63973999e+00
    8.84126484e-01 -2.09418461e-01 -5.48903286e-01 7.43559361e-01
    6.36181355e-01 2.69115210e-01 3.54864120e-01 1.23903739e+00
    3.39090198e-01 9.10409033e-01 -2.38355957e-02 1.30617869e+00
    1.42130148e+00 1.09120703e+00 7.47062206e-01 -2.52754986e-01
    3.65005970e-01 1.22061834e-01 1.30577838e+00 8.40737462e-01
    -1.02009927e-03 8.35293412e-01 1.19183230e+00 6.15774870e-01
    1.67963123e+00 3.95181060e-01 -5.82561493e-01 2.66095549e-01
    -1.27121121e-01 -5.16507737e-02 -2.35388175e-01 1.54374993e+00
    6.39227986e-01 5.40077567e-01 1.16849697e+00 -4.79823686e-02
    6.52127743e-01 1.34425545e+00 7.85820723e-01 2.30488017e-01
    1.59196615e-01 6.40417218e-01 1.59873831e+00 9.30534422e-01
    -2.60534078e-01 -3.54698986e-01 1.53921974e+00 4.37159240e-01
    1.85462630e+00 3.62417430e-01 1.09222782e+00 -7.74243593e-01
    1.28627431e+00 -2.56153494e-01 1.25564730e+00 -2.31598258e-01
    4.13515985e-01 4.16188568e-01 1.35807467e+00 1.41801167e+00
    1.20644522e+00 -6.46727502e-01 4.58506316e-01 1.51422882e+00
    -7.02981293e-01 6.59573853e-01 -1.34521991e-01 1.37214303e+00
    6.86778247e-01 -4.11366284e-01 5.35539269e-01 -5.79257548e-01
    8.86527419e-01 1.41835451e+00 -8.52293298e-02 1.09912252e+00
    -2.70486742e-01 -4.67097610e-01 -6.21489227e-01 2.36827239e-01
    4.82902884e-01 1.90055743e-01 7.46811867e-01 1.25376153e+00
    -7.26412892e-01 3.69315475e-01 8.77163768e-01 -4.10897911e-01
    -5.57417750e-01 -2.31901944e-01 6.65602148e-01 1.46133578e+00
    8.62620234e-01 1.80595648e+00 1.17165335e-01 -8.23802575e-02
    -2.41746426e-01 -5.71543992e-01 3.21439445e-01 -1.94487169e-01
    3.52054149e-01 1.60715234e+00 5.74264944e-01 -2.39549026e-01
    1.28975463e+00 5.87245464e-01 -4.05929834e-01 1.73766720e+00
    -5.91638029e-01 2.04015687e-01 5.57260752e-01 6.00904644e-01
    -4.88069624e-01 -3.77114952e-01 7.90440738e-01 6.63230956e-01
    -7.14427093e-03 1.16588163e+00 8.58387470e-01 1.34386051e+00
    7.87755609e-01 1.14825749e+00 -1.98163897e-01 -5.89090526e-01
    -3.13877851e-01 9.28450465e-01 -6.57847285e-01 -1.75384637e-02
    1.18632913e+00 -2.13534310e-01 1.61407304e+00 3.68612587e-01
    1.36986053e+00 3.71076792e-01 -2.29683429e-01 9.96496677e-01
    5.84227145e-01 1.54737759e+00 -6.75678670e-01 -1.08202003e-01
    1.04062033e+00 -1.91896051e-01 -6.12183511e-01 8.89217138e-01
    -6.76803648e-01 1.61738837e+00 1.32538211e+00 4.88931865e-01
    1.27155554e+00 3.86058778e-01 1.76707518e+00 1.72548008e+00
    1.41557384e+00 -7.59337425e-01 -8.95504132e-02 1.62773204e+00
    1.32351780e+00 5.40171862e-01 2.51884788e-01 1.44178796e+00
    9.04219687e-01 8.22655618e-01 1.03533494e+00 5.99487185e-01
    4.20484811e-01 -7.20321059e-01 -2.75806915e-02 5.37468255e-01
    7.49177396e-01 1.10682118e+00 4.63382080e-02 3.41759533e-01
    -6.91911951e-02 -3.77477169e-01 1.88681602e+00 -6.73976958e-01
    1.46780580e-01 1.29993916e+00 4.57617819e-01 4.95154351e-01
    4.96082157e-01 1.40665412e-01 1.11023474e+00 2.89573938e-01
    8.88722479e-01 -7.65298232e-02 -4.19192970e-01 -6.98539793e-01
    1.64268637e+00 1.76268208e+00 4.26479965e-01 1.32225800e+00
    1.22889459e+00 -1.97368473e-01 4.28271681e-01 -1.80108890e-01
    4.99284923e-01 1.41184211e+00 -8.93398046e-01 1.65846694e+00
    2.80388650e-02 -6.93555355e-01 9.01622295e-01 1.71846107e-01
    1.31223714e+00 6.48652792e-01 -3.36552262e-01 -7.53299713e-01
    1.13880420e+00 1.68969584e+00 6.38882697e-01 -1.03304043e-01
    -1.31876677e-01 6.85550690e-01 1.41539800e+00 5.58384180e-01
    6.15446508e-01 5.25122464e-01 9.17214990e-01 1.85200357e+00
    -8.49044621e-02 1.63228357e+00 3.23430657e-01 1.41002548e+00
    -2.04898000e-01 1.72695458e+00 -4.70147312e-01 6.69837534e-01
    5.86198010e-02 2.13221222e-01 1.32788885e+00 6.22111022e-01
    7.83115268e-01 -6.41201809e-02 1.18427432e+00 2.13305086e-01
    9.97320473e-01 -5.03642917e-01 3.37917835e-01 3.13356481e-02
    9.61404741e-01 1.13608921e+00 3.50410223e-01 1.47076440e+00
    5.52394390e-01 1.09992921e+00 5.72582185e-01 -3.27656090e-01
    1.36282682e-01 -2.22994447e-01 -3.84020716e-01 1.44769704e+00
    6.75891459e-01 8.50539505e-01 4.43296373e-01 7.10107923e-01
    1.14831734e+00 1.77253342e+00 9.56270695e-01 -1.92901827e-02
    -6.09051704e-01 7.76166677e-01 -1.11921551e-03 9.56306159e-01
    6.95053279e-01 1.38218433e-01 1.51141262e+00 -3.87375712e-01
    1.62371624e+00 -8.40488493e-01 -2.46192724e-01 5.68411406e-03
    8.71067524e-01 1.41195738e+00 9.58852172e-01 1.83916032e-01
    -2.71521896e-01 1.76106608e+00 -6.44606650e-01 1.15292120e+00
    1.33263481e+00 7.02078998e-01 -4.83938932e-01 1.39970589e+00
    -1.93807870e-01 4.07991678e-01 -4.82054889e-01 -3.11806381e-01
    8.51101100e-01 2.09933333e-02 1.31402397e+00 8.85247290e-01
    7.14141577e-02 -7.07921684e-01 1.18859768e+00 1.54928076e+00
    1.10107350e+00 -4.40918326e-01 1.05472898e+00 6.92615986e-01
    -1.57620788e-01 -8.56066495e-02 3.08008045e-01 4.22852069e-01
    7.70514965e-01 1.24966586e+00 -3.95650156e-02 6.70983076e-01
    1.58113754e+00 1.68825161e+00 1.07491747e-01 -5.17049253e-01
    4.05421555e-01 1.16729164e+00 1.14446449e+00 1.67802513e+00
    8.01578879e-01 6.60402834e-01 6.78860307e-01 -1.37549073e-01
    1.11492074e+00 -5.07783331e-03 2.07458824e-01 1.29734409e+00
    1.30688757e-01 1.25947869e+00 9.67761397e-01 1.40308225e+00
    1.32331884e+00 1.30040514e+00 1.65677476e+00 -6.30792975e-02
    1.00302756e+00 3.38798672e-01 1.62016571e-01 1.49198687e+00
    1.40915763e+00 1.69133747e+00 1.42617095e+00 2.24675208e-01
    8.79419744e-01 9.93997455e-02 8.27247202e-01 -6.19375169e-01
    -4.88169901e-02 1.75545084e+00 -4.37155664e-01 2.10607901e-01
    7.69198164e-02 -1.36630759e-01 -2.21760109e-01 -4.42515552e-01
    1.60846055e+00 4.33945388e-01 7.31146812e-01 7.08915219e-02
    2.38581777e-01 -3.03130984e-01 2.79274464e-01 4.33663756e-01
    4.42741692e-01 9.71457005e-01 7.61583447e-01 -6.36954904e-01
    5.07105529e-01 4.28670913e-01 9.25571144e-01 2.02088013e-01
    6.92224503e-01 -4.89634216e-01 5.22194684e-01 -5.60509264e-01
    3.18856388e-02 5.00769734e-01 1.04927637e-01 2.16958284e-01
    4.63182092e-01 9.20241356e-01 -1.38346002e-01 -4.72953111e-01
    1.49511814e+00 2.94882864e-01 -2.34027594e-01 1.03717959e+00
    -4.66845214e-01 -6.69920966e-02 1.10947287e+00 1.48713231e+00
    1.27745461e+00 -3.05797070e-01 1.34245479e+00 1.46378565e+00
    5.56866348e-01 1.02442455e+00 7.34037459e-01 3.14079039e-02
    9.53881145e-02 1.72758508e+00 1.19013965e+00 3.88752759e-01
    -6.36225760e-01 1.28639281e+00 1.05170178e+00 1.17228985e+00
    1.43085909e+00 8.05493653e-01 5.36857307e-01 9.20033574e-01
    1.06644130e+00 1.32653439e+00 1.70876813e+00 7.07082730e-03
    6.48820460e-01 -4.38930005e-01 1.59261334e+00 1.39029717e+00
    -7.91132867e-01 -7.14107335e-01 -3.35132360e-01 -2.23568961e-01
    1.34898818e+00 1.01314681e-02 2.66811382e-02 1.53494477e-01
    1.39166927e+00 -4.57331002e-01 -4.91993606e-01 8.98833334e-01
    -5.97020388e-01 -6.40046746e-02 -9.64105595e-03 5.35572946e-01
    -1.39164983e-03 1.71319023e-01 1.06385994e+00 7.18546063e-02
    1.80556625e-02 -3.32871139e-01 8.40668231e-02 1.43219543e+00
    4.49772269e-01 6.89330697e-01 3.70016783e-01 -3.91237646e-01
    8.35835218e-01 1.66772079e+00 4.52722050e-02 1.42125535e+00
    -2.99473107e-01 6.38134956e-01 3.28357995e-01 8.48220408e-01
    9.95171666e-01 3.93335611e-01 1.22284162e+00 5.72696090e-01
    1.43420589e+00 7.03724995e-02 1.68445325e+00 8.88057470e-01
    1.48985755e+00 1.25790513e+00 7.88973093e-01 7.51983166e-01
    1.11993814e+00 4.86409277e-01 1.37940288e+00 4.66281235e-01
    -3.30930874e-02 6.60516024e-01 1.60401654e+00 2.30880260e-01
    1.57920375e-01 5.15767097e-01 -8.26274678e-02 8.51325393e-02
    1.21337855e+00 1.34422338e+00 1.79197526e+00 -2.18780506e-02
    -5.24081774e-02 1.22570896e+00 -3.45743477e-01 1.32713795e+00
    1.46746171e+00 1.52676344e+00 -3.22490871e-01 4.84947175e-01
    5.09424448e-01 2.52945870e-01 7.17106834e-02 1.48729277e+00
    -3.75979990e-01 3.91194463e-01 1.57739782e+00 -4.76565957e-01
    1.48953485e+00 -6.05375022e-02 -2.95549631e-01 6.33214355e-01
    6.02415562e-01 6.56777024e-01 2.04371139e-01 8.42386127e-01
    1.79029346e+00 7.63579667e-01 1.14823008e+00 2.26202130e-01
    -3.74844283e-01 1.27297491e-01 6.96896672e-01 1.75137341e+00
    -1.55052945e-01 4.30171527e-02 4.23205048e-01 6.14032507e-01
    7.51367867e-01 1.88441503e+00 1.66578734e+00 -4.15806264e-01
    -6.00619078e-01 8.26168239e-01 -5.20265937e-01 6.34270370e-01
    -4.78718758e-01 6.67150021e-01 2.88236946e-01 1.06180918e+00
    1.29946637e+00 1.39082050e+00 -7.79817160e-03 -3.33032370e-01
    -4.17630374e-01 -4.21872020e-01 1.55778127e-02 6.93382144e-01
    1.22189164e+00 -1.01260647e-01 8.88224363e-01 1.34335887e+00
    -8.15040618e-02 -5.54814458e-01 1.48810756e+00 -4.23899680e-01
    7.14430094e-01 -1.78212106e-01 -3.25751185e-01 1.07536745e+00
    8.30444455e-01 1.48271704e+00 1.63800582e-01 1.02117074e+00
    3.02414447e-01 -1.41155362e-01 2.26060316e-01 1.45216182e-01
    1.00310123e+00 1.08316648e+00 6.61228657e-01 4.69210744e-01
    -5.01754209e-02 1.89030424e-01 1.74510932e+00 -2.57734716e-01
    -3.48651677e-01 1.02219081e+00 1.31938374e+00 6.77872300e-01
    1.02025712e+00 1.58968246e+00 1.69592679e+00 1.55081761e+00
    3.50056857e-01 -5.13613701e-01 -5.83232343e-01 -3.46356742e-02
    1.04792035e+00 3.83136958e-01 8.99614155e-01 -1.38385415e-01
    -1.13111183e-01 -7.82535732e-01 3.69139493e-01 4.09744047e-02
    8.53535295e-01 -7.80313313e-01 -1.70468301e-01 1.49166000e+00
    -2.79615343e-01 7.93057024e-01 1.60128297e-03 1.14791000e+00
    2.37117603e-01 -1.53976902e-01 1.43501806e+00 1.40477836e+00
    1.51125050e+00 7.50712454e-01 -4.30347264e-01 1.82509339e+00
    -3.40788364e-01 6.97055221e-01 -1.42668456e-01 5.51671267e-01
    7.29145825e-01 1.44490159e+00 1.74410880e-01 -1.64396882e-01
    8.81300569e-01 6.17898226e-01 -5.89851201e-01 1.71478128e+00
    1.15668344e+00 1.64282334e+00 1.02461278e+00 -6.00344837e-01
    1.01654291e+00 1.14056933e+00 3.36560637e-01 5.12772918e-01
    -4.60401893e-01 1.54704320e+00 1.50701559e+00 1.63792813e+00
    -5.83664834e-01 1.07222164e+00 -6.90367103e-01 1.68304050e+00
    1.69343305e+00 1.08965647e+00 1.28147721e+00 1.98642492e-01
    1.39983273e+00 -7.50066638e-01 8.86639297e-01 1.45597446e+00
    -2.45014071e-01 -3.29188347e-01 5.40705979e-01 -3.04444730e-01
    1.15623558e+00 -9.45828632e-02 -1.05430812e-01 -1.93849541e-02
    1.23756969e+00 -5.64552426e-01 1.48679292e+00 1.88204482e-01
    1.02521658e+00 9.20578241e-01 4.51755613e-01 -4.82407212e-01
    -6.60245299e-01 1.77568841e+00 5.67468464e-01 1.04443085e+00
    -2.97769785e-01 4.06923562e-01 2.32278183e-01 2.51340806e-01
    -4.03506249e-01 -7.86716715e-02 1.76012743e+00 8.39779615e-01
    -9.72852334e-02 3.17916363e-01 5.85847914e-01 1.74981880e+00
    1.39428926e+00 1.11983645e+00 1.63796997e+00 -2.74056405e-01
    6.58518136e-01 1.29695594e+00 4.53551024e-01 2.85016865e-01
    1.01205714e-01 -1.30423099e-01 7.02631056e-01 1.05301547e+00
    8.02111089e-01 1.66248882e+00 3.68422300e-01 -4.38531220e-01
    1.46329057e+00 1.20073068e+00 6.44064486e-01 -1.98054522e-01
    1.45139933e+00 1.04897559e+00 3.31589371e-01 1.45788717e+00
    3.81611764e-01 1.08179593e+00 -2.30784431e-01 -6.93912029e-01
    1.03359950e+00 1.66412759e+00 -4.19368632e-02 -6.78678274e-01
    -1.86883375e-01 1.52797985e+00 5.33167899e-01 1.86631382e-01
    -1.83445424e-01 1.48001862e+00 4.83723730e-01 -1.16702743e-01
    -3.93224508e-01 1.61453235e+00 9.58392918e-02 -1.42258957e-01
    9.01495397e-01 -6.79441452e-01 4.85293418e-01 9.75137532e-01
    1.31445336e+00 7.90563822e-01 3.79510194e-01 -6.03386760e-01
    9.68652368e-01 3.40069115e-01 2.24171162e-01 5.83389819e-01
    1.38339591e+00 -8.44020844e-02 -2.53129542e-01 5.16017199e-01
    -1.50931463e-01 4.55768734e-01 1.73672318e+00 -2.58267969e-01
    9.81867313e-01 6.49891675e-01 -5.24266541e-01 -7.91606903e-02
    -1.80415675e-01 1.44166982e+00 1.05751812e+00 -6.91547394e-01
    1.16163802e+00 1.30374205e+00 1.35278022e+00 7.19160676e-01
    8.27777624e-01 -7.60678053e-01 -1.86548546e-01 2.09920824e-01
    1.73751807e+00 1.43091655e+00 1.13032830e+00 -7.12590456e-01
    7.10447729e-01 4.95552510e-01 1.48834682e+00 1.50297689e+00
    3.69556546e-01 1.67064857e+00 2.56002415e-02 -4.69610363e-01
    1.44766831e+00 4.79199827e-01 -4.43580240e-01 -2.20918313e-01
    8.22424769e-01 -2.96567082e-01 2.44215772e-01 1.01622558e+00
    1.51388884e+00 1.27072841e-01 -4.17003334e-01 4.57145363e-01
    2.28470400e-01 4.08109188e-01 1.78950846e+00 7.37736285e-01
    -2.94637680e-01 1.03850865e+00 -2.41363227e-01 1.51519728e+00
    1.25127101e+00 1.52666354e+00 1.30758286e+00 5.25023639e-01
    1.14744604e+00 -6.68171495e-02 -6.17341042e-01 1.13198221e+00
    -3.45138937e-01 7.85007715e-01 3.52247775e-01 -4.20145482e-01
    -7.34182179e-01 1.10408306e+00 1.57361269e+00 1.51040196e+00
    -7.64068961e-01 8.19093108e-01 6.07832372e-01 8.69057596e-01
    3.86248231e-01 1.12226844e+00 1.37296939e+00 -7.38920391e-01
    1.37835944e+00 1.19935048e+00 2.75560737e-01 9.63590026e-01
    7.36342728e-01 -7.20559597e-01 1.26501620e+00 1.88590109e+00
    4.60395366e-01 8.79427910e-01 -4.01450209e-02 1.32909465e+00
    1.93016517e+00 1.81113798e-02 8.26804638e-01 2.49069884e-01
    5.01960814e-01 -1.30693167e-01 1.24495888e+00 -5.52434921e-01
    1.05534291e+00 -4.49435711e-02 1.52544403e+00 1.83827251e-01
    9.43206370e-01 -2.61906475e-01 4.74030942e-01 7.77157724e-01
    1.04377709e-01 1.49130762e+00 -4.33946490e-01 1.21965742e+00
    1.34132898e+00 5.85825861e-01 1.14536858e+00 -1.21693298e-01
    1.64421272e+00 -1.05381794e-02 -2.90904522e-01 4.63588148e-01
    1.52698100e+00 9.13289011e-01 9.59025383e-01 1.06455421e+00
    4.03073043e-01 7.58590460e-01 1.15478849e+00 1.21611226e+00
    1.39117074e+00 8.24221671e-01 6.21990919e-01 9.10839677e-01
    2.28556078e-02 -6.45727992e-01 -1.51963890e-01 1.64824224e+00
    -2.41888419e-01 -2.95228839e-01 3.64515841e-01 9.45748031e-01
    1.36423421e+00 1.56234637e-01 1.51338041e+00 1.28964436e+00
    7.65596211e-01 -5.78041226e-02 -6.65406108e-01 1.43056512e+00
    1.04420990e-01 1.52621448e+00 4.39087778e-01 4.12384629e-01
    -6.55940294e-01 3.71880770e-01 3.89310837e-01 5.89985371e-01
    3.26195955e-01 -6.41681910e-01 8.10404420e-01 1.36330044e+00
    4.70253646e-01 -6.32295668e-01 1.01894617e+00 -1.11927353e-01
    1.48266137e+00 1.17583895e+00 -6.48790598e-01 9.15252209e-01
    1.21875179e+00 1.42706895e+00 1.58348691e+00 1.08891225e+00
    1.40738118e+00 -9.75256264e-02 -6.75929248e-01 1.48684990e+00
    1.02875435e+00 1.15232849e+00 1.07516801e+00 -7.38846064e-01
    6.56685755e-02 9.91390288e-01 -2.17543662e-01 1.49249399e+00
    1.06846201e+00 -5.02354860e-01 1.33080316e+00 8.83582294e-01
    3.08105201e-01 4.60674256e-01 8.10258240e-02 1.19657941e-01
    7.86978006e-01 3.99016201e-01 -4.42938298e-01 -6.85166299e-01
    1.85633719e-01 -3.90827686e-01 -6.19469702e-01 1.28832948e+00
    6.74794614e-01 -2.10624173e-01 3.71952832e-01 9.51163054e-01
    1.66687751e+00 -1.00070871e-01 -3.02312851e-01 1.71642661e+00
    -2.44806468e-01 1.09017146e+00 9.06864822e-01 9.93028209e-02
    1.14493869e-01 1.40052366e+00 1.18371598e-01 -3.34207267e-01
    1.69694591e+00 5.58620870e-01 -1.69024542e-01 1.59593618e+00
    -3.44193101e-01 -4.14102376e-01 1.68378472e+00 9.59402740e-01
    5.62558413e-01 7.35520959e-01 1.05520415e+00 1.64855555e-01
    -9.66406763e-02 6.94056511e-01 8.01982641e-01 9.34763610e-01
    1.04167485e+00 1.15664294e-02 1.45015502e+00 -7.51507223e-01
    -2.81081527e-01 8.04556549e-01 1.13308914e-01 1.17131412e+00
    -5.08918524e-01 -1.08518459e-01 5.76302350e-01 1.26593184e+00
    8.51609707e-01 -1.97939724e-02 -7.03534603e-01 5.44095695e-01
    1.35794675e+00 1.11820745e+00 2.05269888e-01 -4.51154590e-01
    1.59858084e+00 -1.07782118e-01 2.94389784e-01 5.55544853e-01
    4.52232718e-01 -2.02090845e-01 1.55670595e+00 -5.93968868e-01
    3.84018987e-01 2.48899218e-02 4.83952425e-02 6.27911389e-01
    -6.79471195e-02 -5.85496485e-01 3.13641161e-01 1.89991921e-01
    -3.86568122e-02 1.11279511e+00 3.21827233e-01 1.05285525e+00
    1.40283728e+00 -5.60800612e-01 1.00503790e+00 9.32175994e-01
    -5.17642200e-01 1.20693231e+00 3.56891543e-01 1.27371013e+00
    2.49705538e-01 4.83730823e-01 2.83480942e-01 2.92594045e-01
    2.46330500e-01 1.96153969e-01 3.36610973e-01 -3.09833493e-02
    1.44410419e+00 -2.72265151e-02 -5.67028940e-01 4.43203956e-01
    -4.86386806e-01 1.35544705e+00 1.39560133e-01 1.51445198e+00
    -6.66362286e-01 7.21002936e-01 -3.38712931e-01 -3.08460295e-01
    1.59076977e+00 9.59338188e-01 1.70179725e+00 -6.95095956e-01
    8.31457376e-01 1.62088022e-01 8.41485620e-01 5.62970161e-01
    4.93209139e-02 1.40131021e+00 -5.23260891e-01 7.52039194e-01
    1.25933170e-01 1.06706572e+00 -2.38024533e-01 1.66587055e+00
    -3.40809107e-01 -3.64934683e-01 1.09959638e+00 1.58852863e+00
    1.28677714e+00 8.72761786e-01 -5.78053534e-01 4.54305619e-01
    1.13833821e+00 5.81051171e-01 -5.29879779e-02 6.61321580e-01
    1.03445113e+00 1.52057183e+00 1.42586172e+00 1.67865241e+00
    5.77627778e-01 1.21655524e+00 -6.29362106e-01 8.68171602e-02
    -8.59812181e-03 2.86444217e-01 1.03645897e+00 2.57047236e-01
    -1.04342690e-02 1.42860961e+00 1.09902835e+00 -2.61716336e-01
    1.56996262e+00 -2.58366287e-01 9.79279950e-02 3.68455082e-01
    3.14136446e-01 5.71619809e-01 1.63972437e+00 -1.79555118e-01
    2.39741042e-01 1.32877159e+00 -3.28960210e-01 3.32630157e-01
    -3.42507422e-01 -2.02640936e-01 2.78104722e-01 1.31465566e+00
    4.45458829e-01 -7.74713814e-01 1.53471422e+00 5.19156456e-01
    -7.85597086e-01 1.68970144e+00 1.97372153e-01 -3.01136971e-01
    -7.08951950e-01 1.72437918e+00 -3.20719242e-01 2.07373157e-01
    1.58038187e+00 7.42422462e-01 1.08490634e+00 3.20103258e-01
    1.25551403e+00 4.34735954e-01 1.38883770e+00 2.17470020e-01
    -3.65917295e-01 -8.32358539e-01 6.60396695e-01 -1.62481487e-01
    -7.93259978e-01 -1.30521208e-02 6.85414970e-01 2.35714912e-01
    -2.38567322e-01 -1.42430395e-01 2.20892221e-01 1.30841279e+00
    -5.93697786e-01 3.42473239e-01 1.26432884e+00 2.36009702e-01
    7.22646654e-01 1.42809737e+00 7.26441622e-01 1.53076005e+00
    -1.68450549e-01 2.67609954e-01 -5.51494539e-01 1.43779874e+00
    -4.53002065e-01 1.31539643e+00 5.70315301e-01 5.75430803e-02
    -2.52584845e-01 1.67772329e+00 1.67148992e-01 -1.47977233e-01
    1.13675022e+00 1.42162633e+00 7.60558963e-01 2.70862997e-01
    4.30397242e-01 -5.45721412e-01 2.01538339e-01 2.72224396e-01
    9.05533060e-02 -8.05228725e-02 1.10530841e+00 -4.12295014e-01
    1.40168750e+00 4.08611149e-01 1.51373887e+00 4.13417816e-01
    1.30768836e+00 1.38405871e+00 6.22233629e-01 -6.99075341e-01
    3.26472610e-01 5.05648315e-01 -1.19625285e-01 -5.03352523e-01
    -3.41908276e-01 1.19690776e+00 7.23943889e-01 -4.31030780e-01
    -5.50991535e-01 -6.17451668e-01 -2.68684238e-01 5.65728068e-01
    -1.07024796e-01 1.45936191e-01 -5.94069719e-01 -1.63493887e-01
    1.53992915e+00 1.52312374e+00 -4.53203201e-01 -5.82172811e-01
    -3.95300359e-01 4.10615265e-01 1.22482145e+00 -1.92406699e-01
    -7.68127143e-01 9.06249762e-01 1.93613656e-02 3.76601517e-02
    8.70099962e-01 1.61053169e+00 -4.08531874e-01 1.77163422e+00
    9.75432873e-01 7.89886236e-01 5.82141101e-01 -5.04071534e-01
    1.26421618e+00 1.41508913e+00 4.13027227e-01 -2.42977142e-01
    1.01707673e+00 1.13199520e+00 5.64959645e-01 -2.89116055e-01
    -2.93873280e-01 1.30575693e+00 -8.09896946e-01 -3.71754348e-01
    1.62135339e+00 5.23265183e-01 4.13326532e-01 8.37508619e-01
    -1.59434929e-01 1.07826197e+00 1.05987799e+00 1.60005724e+00
    1.12326598e+00 5.29406965e-01 -8.04611862e-01 1.44061685e+00
    -4.73849941e-03 -6.65248752e-01 2.98144817e-01 1.70733643e+00
    9.82297182e-01 4.40542847e-01 3.84292424e-01 -4.71313953e-01
    5.51808298e-01 -3.05584729e-01 1.40655756e-01 8.04103732e-01
    6.22828662e-01 1.20527256e+00 -5.42701006e-01 3.18194538e-01
    4.90205616e-01 1.03175342e+00 6.54366076e-01 -8.19710493e-01
    -3.44107091e-01 2.21372664e-01 -4.58304763e-01 1.60269707e-01
    -3.25356156e-01 2.19697744e-01 7.26775646e-01 -1.35614946e-01
    2.92497128e-01 -6.35897636e-01 -8.33431259e-02 1.59518015e+00
    1.45505488e+00 3.08480442e-01 1.67327952e+00 -8.04432154e-01
    1.08981228e+00 1.10856867e+00 -6.48080230e-01 1.61058497e+00
    1.06335247e+00 7.58808255e-01 5.25152147e-01 1.06870639e+00
    4.81807172e-01 9.35556710e-01 2.90071815e-01 5.36200762e-01
    -5.39310612e-02 1.10400331e+00 8.64090204e-01 3.45589548e-01
    2.21204713e-01 -5.84144711e-01 -1.29613295e-01 1.52769521e-01
    5.77034354e-01 -4.12557214e-01 2.87527204e-01 1.59669423e+00
    4.94710535e-01 2.62645543e-01 -7.74839222e-02 2.14071855e-01
    2.04731390e-01 6.60871387e-01 -3.52838755e-01 -3.10500354e-01
    2.13936239e-01 2.33828828e-01 -2.49192178e-01 5.21460414e-01
    1.01852226e+00 -6.00939274e-01 9.54692543e-01 -5.78139238e-02
    1.08350539e+00 8.82997394e-01 6.23114407e-01 1.16923237e+00
    7.88443089e-01 1.26583457e+00 7.38120258e-01 -6.01945817e-01
    8.42623711e-01 3.19171965e-01 2.01665267e-01 1.29190707e+00
    5.54674983e-01 5.07511377e-01 -5.81233382e-01 1.62011778e+00
    3.80375683e-01 -6.21445715e-01 -7.38341928e-01 1.60761213e+00
    9.51200783e-01 -5.58556974e-01 1.53740942e+00 -4.41115908e-02
    -6.56393647e-01 -9.35284123e-02 -1.00670911e-01 1.31843174e+00
    -5.33797204e-01 3.13114412e-02 -2.79214978e-01 9.38980341e-01
    -1.21628307e-01 -1.70105845e-01 3.34046930e-02 1.31034815e+00
    7.34963119e-01 1.09043241e+00 1.46731043e+00 -5.27064621e-01
    -1.86262786e-01 -7.10694551e-01 1.83250880e+00 -4.23443556e-01
    8.87627244e-01 -7.98035085e-01 1.71697283e+00 -5.11586517e-02
    1.29716814e+00 6.01490498e-01 1.48778439e+00 6.23193026e-01
    6.00034893e-01 6.02848947e-01 3.24776530e-01 9.29145873e-01
    1.63035786e+00 2.65407830e-01 6.38456404e-01 1.10457265e+00
    1.44486761e+00 -1.44998282e-01 3.23745191e-01 6.93480611e-01
    7.34446764e-01 3.75160456e-01 5.56247354e-01 8.72033477e-01
    -2.93300718e-01 1.34709597e+00 1.43990481e+00 2.38110095e-01
    1.00082088e+00 1.71557188e+00 9.31821615e-02 8.78756523e-01
    6.32678747e-01 -4.75251108e-01 1.60921824e+00 1.29342782e+00
    8.45016301e-01 -7.82450974e-01 1.63833666e+00 4.79523540e-01
    1.67542338e+00 -6.35567531e-02 -3.35524082e-01 1.49995863e+00
    4.50757563e-01 8.50358427e-01 1.03325760e+00 -4.34219003e-01
    1.72256708e+00 7.39075482e-01 -1.28330320e-01 8.08277950e-02
    9.95270729e-01 5.34040809e-01 1.82288933e+00 3.52320559e-02
    -2.53993481e-01 1.87020987e-01 1.70885229e+00 -7.15734363e-02
    9.21177447e-01 -6.01000115e-02 1.40420571e-01 -2.65165001e-01
    -5.42585969e-01 1.07296026e+00 1.18421531e+00 1.50470054e+00
    -6.82153344e-01 1.18744099e+00 1.09560776e+00 -6.36448741e-01
    5.11729196e-02 -1.67418215e-02 4.19412285e-01 4.51074123e-01
    8.50536168e-01 1.01565254e+00 -5.72310567e-01 -2.21870601e-01
    5.65980375e-01 1.59155715e+00 1.30361462e+00 7.22755194e-01
    -7.82335997e-01 3.54501307e-01 4.32118624e-01 1.13744414e+00
    1.68464589e+00 1.37781942e+00 -3.53083372e-01 6.39666796e-01
    -5.70158184e-01 -5.59403062e-01 -8.15693382e-03 3.51179153e-01
    6.04422748e-01 1.15094215e-01 -1.50669858e-01 1.20708203e+00
    -7.37248957e-01 1.46748734e+00 3.66777629e-01 -2.24348456e-01
    6.40328079e-02 1.67846763e+00 -3.55642259e-01 1.07419813e+00
    5.72069824e-01 6.52482986e-01 -2.29170248e-01 7.23210156e-01
    2.57563680e-01 8.30388904e-01 6.12790465e-01 -5.55318058e-01
    -6.26701489e-02 -7.30195582e-01 1.15882659e+00 -4.10424650e-01
    1.53153729e+00 1.20029247e+00 4.16200876e-01 -7.23080516e-01
    5.75285316e-01 8.53890479e-02 1.67740011e+00 4.19724762e-01
    -1.52889416e-01 1.32047784e+00 7.81320214e-01 1.02426147e+00
    1.87890455e-01 -5.20896614e-01 1.68782437e+00 -6.89201290e-03
    3.14245671e-01 1.57913101e+00 9.58804905e-01 9.93411601e-01
    2.95173615e-01 7.10769892e-01 -5.87578416e-01 4.82416332e-01
    1.28430891e+00 1.79455471e+00 1.71217906e+00 -2.92958230e-01
    7.72228420e-01 2.69995391e-01 -5.01524448e-01 1.61771834e+00
    1.61239290e+00 -4.59696651e-02 1.60385346e+00 7.64783561e-01
    -3.83058488e-01 6.76757097e-01 1.34300876e+00 -1.63050011e-01
    7.89628863e-01 1.39138132e-01 4.32171486e-02 7.59286344e-01
    5.31884432e-01 1.25242591e+00 6.14059806e-01 -6.78196251e-01
    9.91523325e-01 -2.52907001e-03 -5.57607830e-01 8.50556612e-01
    7.58613825e-01 -8.49216897e-03 5.97831070e-01 -4.89145994e-01
    -6.23853326e-01 1.42635748e-01 -2.09777862e-01 -7.51585364e-01
    3.32242638e-01 1.07259285e+00 8.10863316e-01 8.84322971e-02
    1.29078120e-01 1.29579449e+00 -5.87047875e-01 2.16925085e-01
    1.14358079e+00 1.06266618e+00 9.13736761e-01 9.85189319e-01
    5.37413836e-01 5.06432541e-02 1.46499717e+00 -5.64295948e-01
    1.11541033e+00 -1.43186539e-01 -1.23113729e-02 6.64303780e-01
    -5.29347420e-01 -6.23979986e-01 7.82149434e-01 -5.78967631e-01
    1.82666290e+00 2.41968170e-01 1.54970503e+00 5.99570572e-01
    -5.69967985e-01 1.70958066e+00 -2.69329041e-01 -6.96685493e-01
    -6.58568859e-01 9.06766593e-01 5.71751177e-01 1.57349646e+00
    -1.25656016e-02 4.34390783e-01 -7.27763474e-01 1.25741705e-01
    1.47552979e+00 -3.23867947e-01 1.60439181e+00 6.58052623e-01
    1.22833955e+00 1.12284541e+00 1.18380868e+00 -2.33006820e-01
    1.25413227e+00 1.49031782e+00 -8.17751408e-01 8.02830219e-01
    4.76937652e-01 1.53305852e+00 -5.92079818e-01 1.69660664e+00
    -4.21568751e-01 -6.45491838e-01 4.72269416e-01 -1.79407433e-01
    1.26331758e+00 3.82154971e-01 6.77540600e-01 -3.56243432e-01
    -5.36822081e-01 1.02029335e+00 7.69519866e-01 2.47859478e+00
    2.70476341e-01 -4.64931011e-01 9.86529410e-01 2.00384140e-01
    1.27711010e+00 1.34824443e+00 -1.35309726e-01 1.60820198e+00
    6.29725218e-01 1.89193413e-01 1.10724640e+00 -2.67700076e-01
    3.93224895e-01 4.71231043e-01 9.05223012e-01 -6.11985624e-01
    -2.11008564e-01 1.58803153e+00 1.56979537e+00 1.26708257e+00
    -6.05515659e-01 -4.92663026e-01 1.41383684e+00 1.65111768e+00
    5.29985905e-01 -7.31805742e-01 6.02458194e-02 8.19226027e-01
    1.31834194e-01 1.42871368e+00 2.59861946e-01 1.04718935e+00
    1.36277890e+00 9.64098096e-01 -7.83079088e-01 -9.05531719e-02
    4.10964340e-01 1.81950144e-02 3.79419446e-01 4.61098343e-01
    3.56761009e-01 8.09055984e-01 3.79200995e-01 6.58384621e-01
    1.38438523e+00 1.38464913e-01 -7.02446401e-01 1.51581156e+00
    6.92127585e-01 1.80390326e-03 2.73270682e-02 -2.37884894e-02
    3.31768870e-01 5.72483949e-02 1.55543670e-01 1.11465418e+00
    -3.83817643e-01 -9.85845476e-02 -3.44034731e-01 9.13534343e-01
    1.51239288e+00 8.03028345e-01 -2.80356966e-02 -7.37544119e-01
    -3.82186592e-01 1.75515699e+00 7.45264828e-01 7.52977014e-01
    -6.99519396e-01 4.47409689e-01 1.60124898e+00 1.38996542e+00
    -2.74351984e-01 -3.23231548e-01 9.37598944e-02 4.76655334e-01
    1.00989437e+00 2.97698021e-01 -1.71490669e-01 7.03355819e-02
    7.59898007e-01 8.14202055e-02 3.78145874e-01 1.04627240e+00
    2.29690224e-01 -5.32374680e-01 -7.06691146e-01 -5.22521853e-01
    -8.77403989e-02 1.57268751e+00 6.47193074e-01 3.11271071e-01
    1.30370438e+00 3.07573289e-01 2.75019407e-01 9.73474443e-01
    1.52030241e+00 1.51692748e-01 4.63650167e-01 1.57598138e+00
    -1.06869541e-01 3.58421385e-01 1.09996617e+00 -1.00271352e-01
    9.38513279e-01 1.87003064e+00 -6.06950462e-01 3.57098192e-01
    1.68067193e+00 1.67231178e+00 -4.50457096e-01 1.04988670e+00
    5.83277762e-01 9.32241380e-01 8.35421205e-01 -6.84107363e-01
    4.85896379e-01 1.79340661e+00 -1.24294877e-01 9.51796889e-01
    -2.39874840e-01 1.43198073e+00 -3.18140060e-01 4.30919439e-01
    7.29918480e-01 4.33988214e-01 4.77725476e-01 2.28229344e-01
    1.48230934e+00 -1.26111552e-01 1.58066893e+00 3.30361545e-01
    1.22499192e+00 4.97027576e-01 6.56833172e-01 6.74414635e-01
    1.38581407e+00 1.52606738e+00 3.71020466e-01 9.99744654e-01
    8.53967726e-01 1.23910320e+00 -3.97192150e-01 1.27456355e+00
    4.04386669e-01 4.79430199e-01 -5.69176972e-01 1.21516395e+00
    1.41395414e+00 1.20071128e-01 1.15037537e+00 1.53700352e+00
    -1.54140100e-01 1.67819583e+00 7.25557923e-01 -7.07367539e-01
    -6.42333925e-01 1.74650908e+00 3.96947712e-02 -3.87120187e-01
    2.78487653e-01 -5.99782169e-01 6.20117962e-01 1.72231209e+00
    1.38582146e+00 1.25589311e+00 1.78089273e+00 -3.68883520e-01
    -6.54170752e-01 1.10475755e+00 1.40900409e+00 7.97428727e-01
    1.54298306e+00 1.51075506e+00 7.41255760e-01 -3.65251899e-01
    3.71388555e-01 3.63431275e-01 1.08536653e-01 6.15425646e-01
    -1.83003381e-01 1.72775835e-01 -4.65139091e-01 7.10226715e-01
    1.45255184e+00 6.86914504e-01 1.38460422e+00 7.78472483e-01
    2.94239908e-01 -4.13343534e-02 6.76210284e-01 -1.58572733e-01
    7.64631629e-01 2.56377071e-01 5.09195507e-01 -4.68503922e-01
    1.47795689e+00 9.44112599e-01 9.39728200e-01 -6.52184427e-01
    -7.24847734e-01 1.93682522e-01 1.10166645e+00 2.39083394e-01
    4.50135499e-01 2.36419812e-01 1.06501377e+00 -4.65853810e-01
    -6.10247888e-02 1.41543686e+00 5.16215026e-01 1.77114165e+00
    7.45428920e-01 -5.48563898e-01 6.21202648e-01 3.15057635e-01
    1.34237552e+00 1.50900042e+00 -1.82926610e-01 -6.82813525e-01
    6.24661803e-01 1.11681592e+00 -3.95133376e-01 7.14914873e-02
    1.51759553e+00 7.51174688e-01 -7.46853054e-01 -2.81757891e-01
    -6.97227955e-01 8.93102229e-01 7.71976173e-01 1.03878033e+00
    7.09711671e-01 2.97593385e-01 1.21019888e+00 1.56209886e+00
    -3.78932774e-01 1.59466490e-01 1.63126624e+00 5.53308427e-01
    2.62620538e-01 -7.43323803e-01 8.17627758e-02 5.30851066e-01
    3.08383048e-01 1.35416996e+00 1.05549169e+00 8.15394819e-01
    8.39123189e-01 -8.38054493e-02 1.50549436e+00 3.58929574e-01
    -2.36919358e-01 2.42307186e-01 1.23814905e+00 9.57245350e-01
    6.61252379e-01 1.00169969e+00 1.40230405e+00 1.14117050e+00
    5.48223615e-01 1.00323272e+00 1.01720142e+00 1.53722197e-01
    -8.02556872e-01 3.44902843e-01 -1.75138563e-01 1.52542725e-01
    -7.45361865e-01 1.07230341e+00 5.02160847e-01 1.54924095e+00
    1.68094647e+00 3.54186952e-01 7.51298964e-01 8.31157148e-01
    -7.69230485e-01 -3.43906879e-01 -4.56605881e-01 1.98917806e-01
    -5.27758121e-01 1.35157883e+00 7.92232990e-01 6.24599338e-01
    1.48155355e+00 1.36460614e+00 4.43227887e-01 1.33174884e+00
    2.86142439e-01 -5.88030219e-01 6.77801132e-01 9.26351011e-01
    3.12902302e-01 5.98125458e-01 -6.14112318e-01 1.44227767e+00
    9.00753796e-01 2.33824432e-01 -5.83376467e-01 2.40279883e-01
    1.56599283e+00 -1.54402256e-01 -9.58848372e-02 -5.80425978e-01
    -8.34865868e-02 1.32050788e+00 9.79680359e-01 -6.59471869e-01
    1.55057096e+00 -5.05731583e-01 -2.03687266e-01 1.06080019e+00
    4.38081205e-01 1.33060277e+00 -7.30794489e-01 3.43864053e-01
    -1.00677751e-01 -4.71850306e-01 1.50352073e+00 -2.23509759e-01
    -5.33090830e-01 1.08377039e-01 -1.46757439e-01 -3.42629164e-01
    -2.59522170e-01 -2.56792828e-02 5.94139695e-01 -3.34409177e-01
    6.47494197e-01 1.02964304e-01 5.59882045e-01 3.50649029e-01
    1.51279700e+00 4.46983010e-01 7.74476707e-01 4.76203024e-01
    1.32889366e+00 1.68643668e-01 -5.53652823e-01 1.79069400e+00
    3.25420916e-01 1.07209396e+00 6.93338737e-02 4.99658644e-01
    -5.27521789e-01 -6.33637249e-01 1.51559007e+00 5.40784672e-02
    4.41457897e-01 1.37053847e+00 7.55557537e-01 1.80746412e+00
    -5.35805643e-01 1.92048386e-01 1.52973855e+00 8.75044107e-01
    1.65520394e+00 9.18283939e-01 8.36651862e-01 1.36923051e+00
    7.27889895e-01 1.38247371e+00 9.72135305e-01 1.22023571e+00
    1.48112953e+00 8.29983592e-01 -4.80044544e-01 1.02257419e+00
    -5.19846201e-01 7.37629056e-01 -7.76792765e-01 -5.65690339e-01
    3.22731584e-01 -3.37218821e-01 1.51116168e+00 -4.45286214e-01
    8.89634073e-01 8.99892569e-01 8.36226404e-01 9.46514189e-01
    9.20496583e-01 -2.89034486e-01 1.73537362e+00 1.58224368e+00
    1.43057692e+00 1.36098945e+00 1.19360423e+00 3.40154052e-01
    -5.59236705e-01 -4.78629231e-01 2.00145751e-01 -5.22815585e-01
    1.02587163e+00 1.05135739e+00 3.61598492e-01 6.12135291e-01
    1.52969694e+00 9.56492543e-01 1.68232310e+00 -6.96883261e-01
    -7.47598827e-01 7.46970594e-01 8.26479673e-01 3.46937776e-01
    -3.62736046e-01 1.33707595e+00 7.01563358e-01 -5.35475194e-01
    1.29877257e+00 1.33254755e+00 -3.42728019e-01 2.79920608e-01
    -3.57263297e-01 -5.39159067e-02 1.29777300e+00 1.72943458e-01
    1.79710042e+00 7.44175315e-01 1.67977720e-01 3.63344610e-01
    -6.10106111e-01 1.02172625e+00 -5.94384015e-01 1.67488801e+00
    9.44504797e-01 -2.31346805e-02 1.51187611e+00 7.55190432e-01
    1.83661625e-01 1.13528812e+00 -3.97738665e-01 3.06426108e-01
    5.21189928e-01 2.45192260e-01 1.32952595e+00 -5.26599646e-01
    1.43937087e+00 4.09668922e-01 1.35644674e+00 1.12499154e+00
    1.84552908e-01 1.54526675e+00 1.18920505e+00 -2.08089814e-01
    -1.03435002e-01 4.78355885e-01 1.33065283e+00 3.29299569e-01
    -5.81800163e-01 1.01037824e+00 1.51873565e+00 -1.50071874e-01
    1.32259011e+00 4.53843415e-01 1.19989252e+00 2.16808468e-02
    1.36690402e+00 4.69559282e-01 4.27092403e-01 1.50209033e+00
    -2.49107316e-01 1.46440005e+00 5.74218035e-01 1.78253889e+00
    1.74264812e+00 -6.52243376e-01 8.09826612e-01 1.16767311e+00
    8.34622085e-01 -4.46949720e-01 -6.49940968e-01 4.05842632e-01
    1.27546000e+00 1.09849918e+00 -3.11786145e-01 7.63501704e-01
    1.42260695e+00 1.01541567e+00 -2.44336039e-01 2.86648780e-01
    6.26069546e-01 1.60109770e+00 1.09827125e+00 -3.96048754e-01
    8.42844546e-02 -2.99288124e-01 8.49302292e-01 1.01487672e+00
    9.53014314e-01 -8.20270896e-01 -2.62527198e-01 -2.25320742e-01
    2.22839043e-01 3.30593646e-01 1.53131139e+00 7.68102348e-01
    1.02247095e+00 3.35028619e-01 6.35535538e-01 1.23876251e-01
    1.94227839e+00 -1.36514381e-01 7.88021743e-01 -1.08275436e-01
    8.43027413e-01 -1.13797724e-01 1.93233263e+00 2.37504616e-01
    -5.95715702e-01 9.32541370e-01 2.01332736e+00 1.93017399e+00
    5.07274985e-01 3.35403562e-01 1.11834908e+00 1.73712766e+00
    -5.42896569e-01 -3.46238256e-01 -7.38611162e-01 -1.77888751e-01
    1.64552224e+00 4.15533870e-01 1.40815127e+00 -1.53378606e-01
    -6.63132966e-01 -1.52463853e-01 9.26726907e-02 -1.36762261e-01
    -7.34015584e-01 -3.03207070e-01 1.65546405e+00 1.49828041e+00
    6.79560781e-01 8.67621899e-02 5.24075568e-01 7.78051257e-01
    1.36644587e-01 1.22565722e+00 1.33769667e+00 2.00549260e-01
    1.14586484e+00 -8.23298752e-01 4.95192617e-01 -3.47511433e-02
    5.92516720e-01 1.48029935e+00 1.48812866e+00 8.20299327e-01
    -2.35362649e-01 6.33981407e-01 1.07532787e+00 1.42926157e+00
    1.54351115e+00 1.62884998e+00 6.43014491e-01 1.03142667e+00
    1.70059013e+00 7.26216435e-01 1.40186203e+00 1.21575046e+00
    1.42139232e+00 -1.85740590e-01 -4.52627301e-01 1.69197011e+00
    -1.68009892e-01 1.38733923e+00 -5.41871548e-01 7.19815612e-01
    9.92141843e-01 1.58821189e+00 -2.86620200e-01 3.90486479e-01
    1.25713289e+00 1.78430974e+00 -5.00505090e-01 5.91570735e-01
    7.57666826e-01 1.05911481e+00 2.93125480e-01 -7.25669444e-01
    2.55684882e-01 -4.06559557e-01 1.67835999e+00 -2.09496096e-01
    2.47022614e-01 9.76236641e-01 -6.45448267e-01 9.25937712e-01
    -7.23363087e-02 1.60054588e+00 1.56630039e+00 -2.93778151e-01
    1.75050151e+00 8.99796784e-01 1.03602850e+00 1.05746913e+00
    8.66460741e-01 1.50925148e+00 1.14251852e+00 4.50877428e-01
    4.05199468e-01 -1.80562094e-01 4.33910519e-01 -6.46581352e-01
    6.05399132e-01 9.26958680e-01 1.16550803e+00 1.07243085e+00
    -4.74499315e-01 -3.71031791e-01 1.08563101e+00 5.16548872e-01
    1.01699197e+00 -2.65162677e-01 1.21364450e+00 1.54470384e-01
    -6.69473171e-01 2.99739446e-02 -5.04647136e-01 1.94381088e-01
    1.27403772e+00 1.29251194e+00 1.60046566e+00 8.48932207e-01
    1.05872166e+00 2.42186144e-01 6.99882686e-01 1.48736513e+00
    -5.55725455e-01 1.43734932e+00 -7.26753497e-05 1.45229471e+00
    -6.69400930e-01 -4.19663370e-01 7.29897022e-01 5.20609200e-01
    -3.89460996e-02 2.85915941e-01 7.06332862e-01 7.45606795e-02
    1.06766129e+00 -4.46419507e-01 -3.05027008e-01 1.00233865e+00
    -4.26771134e-01 1.14646065e+00 -4.25893702e-02 1.23029733e+00
    8.27821195e-01 -6.09898210e-01 5.41421100e-02 1.03104487e-01
    1.34660470e+00 -4.78969187e-01 -3.16467494e-01 1.75534368e-01
    8.43348622e-01 6.87579632e-01 4.67483908e-01 7.67679453e-01
    1.07439232e+00 -1.50476962e-01 -3.20088677e-02 1.16262650e+00
    -6.57752514e-01 1.70720971e+00 -3.15882474e-01 5.13481379e-01
    -1.95785031e-01 -5.13906717e-01 -2.83592910e-01 1.79820442e+00
    8.65187764e-01 -1.43195674e-01 -4.15000051e-01 -3.96505535e-01
    -1.97112083e-01 1.67846119e+00 6.54056311e-01 6.30844355e-01
    1.08158195e+00 1.13332736e+00 1.21264510e-01 7.04874635e-01
    1.25824296e+00 6.10305607e-01 1.05474150e+00 8.02493155e-01
    3.43396217e-01 -2.58430958e-01 9.67654288e-01 -2.70094961e-01
    -2.51122534e-01 9.07707155e-01 4.54625100e-01 -3.45086426e-01
    -5.77244818e-01 1.84161019e+00 1.62540746e+00 5.97809970e-01
    3.93881738e-01 1.63856626e+00 3.01422447e-01 1.01216602e+00
    5.18409312e-01 -3.48075658e-01 1.45083678e+00 -5.85956275e-01
    -2.98386276e-01 8.16762865e-01 8.23344469e-01 7.40403414e-01
    4.79733616e-01 8.60527515e-01 9.08865035e-02 -6.01805151e-01
    1.63638890e+00 7.71330118e-01 -5.95240772e-01 1.70325541e+00
    1.03650475e+00 -3.25437456e-01 -2.66854584e-01 1.74876940e+00
    3.87724638e-01 1.76002383e-01 1.10238659e+00 7.47391582e-02
    -3.77850533e-01 -1.84774876e-01 3.88798565e-01 1.58930528e+00
    3.45122032e-02 4.08377618e-01 1.32631886e+00 2.06990957e-01
    1.14329720e+00 -4.64028530e-02 4.01055783e-01 1.62212682e+00
    -1.02577433e-01 5.52718937e-01 1.24956739e+00 3.75163972e-01
    -2.21350551e-01 2.54006952e-01 4.29924577e-01 4.55167681e-01
    1.68172431e+00 7.57464647e-01 -2.07737699e-01 1.34677768e+00
    1.61801302e+00 1.58811760e+00 -3.77426386e-01 -3.79591107e-01
    1.07862639e+00 -1.62109420e-01 8.77144754e-01 -1.19122043e-01
    -2.26650536e-01 4.31443751e-01 8.10786009e-01 2.92614698e-01
    1.71639943e+00 6.34576678e-02 1.93127298e+00 4.43730205e-02
    -2.99705774e-01 -2.85067499e-01 -4.85820472e-01 3.92097950e-01
    -5.89682236e-02 6.45234823e-01 1.63861513e+00 1.63120139e+00
    1.37491000e+00 6.86558485e-01 1.34821117e+00 9.04024899e-01
    1.47883093e+00 7.65521049e-01 -1.94441587e-01 1.68747079e+00
    8.43523145e-02 -7.34357715e-01 1.68740821e+00 -2.40384728e-01
    9.85012233e-01 2.29263231e-01 4.54278022e-01 -3.26460190e-02
    1.20022488e+00 -1.52971759e-01 -7.03884661e-01 2.30594695e-01
    6.84290826e-01 5.61216295e-01 7.71884680e-01 1.25789714e+00
    6.21586204e-01 -3.25583011e-01 -7.28636980e-01 -5.44246137e-01
    -2.92525262e-01 -1.85174271e-01 -3.23853135e-01 5.66236496e-01
    -3.16219300e-01 5.82992919e-02 1.08183801e+00 4.41182971e-01
    -7.33292818e-01 -7.04838514e-01 3.16806078e-01 1.26079619e+00
    1.73773336e+00 6.51200533e-01 -2.07014635e-01 -5.08388281e-01
    4.02923711e-02 -4.15767699e-01 2.10650310e-01 1.65138054e+00
    -1.27597302e-01 -5.69671951e-02 8.41833711e-01 -3.82151008e-01
    1.07052279e+00 4.11683142e-01 -2.06243902e-01 4.11040336e-03
    1.55586827e+00 1.82853138e+00 1.65723288e+00 -3.41950268e-01
    -4.01048571e-01 1.54608214e+00 1.70312572e+00 1.54396045e+00
    4.77003515e-01 -5.53220034e-01 1.57914412e+00 8.44553471e-01
    2.33219713e-01 2.94074953e-01 -7.82669961e-01 6.54552341e-01
    -9.06013101e-02 7.72990108e-01 3.08770716e-01 9.92443681e-01
    8.97119269e-02 3.99909347e-01 -1.81096807e-01 1.37645912e+00
    1.17520154e+00 1.16879702e-01 6.19476855e-01 1.74430084e+00
    -4.33807403e-01 -6.81831175e-03 8.59827161e-01 -4.52049762e-01
    1.75806209e-01 2.65022129e-01 -3.52833658e-01 -2.12106347e-01
    -6.83897436e-01 9.38893914e-01 -5.06489217e-01 3.38272005e-01
    1.82958856e-01 -7.63653889e-02 5.75321279e-02 1.15937603e+00
    1.40590549e+00 -7.68666685e-01 -5.39418340e-01 9.70079660e-01
    2.65803844e-01 4.91282523e-01 9.19464767e-01 -3.44950408e-01
    -4.35244441e-01 1.78805614e+00 1.27714664e-01 9.59267318e-01
    1.46672666e-01 -1.97782516e-01 -4.97857839e-01 -2.34891057e-01
    -2.54410654e-01 1.00879228e+00 4.07755077e-01 -7.00803757e-01
    -7.84976408e-02 1.11013770e+00 1.19931757e+00 6.82445765e-01
    1.01368642e+00 -6.44747615e-01 1.41474321e-01 5.68112314e-01
    1.23523390e+00 7.34810054e-01 -6.38196170e-01 -2.58086801e-01
    1.09001064e+00 1.52309024e+00 -1.13479994e-01 1.40077710e+00
    1.42220592e+00 -4.03505564e-01 1.67246565e-01 1.17706001e+00
    1.73860598e+00 -4.99038041e-01 1.62779558e+00 -6.32541478e-01
    1.67690682e+00 -1.40937999e-01 1.51466501e+00 4.17852432e-01
    -3.78832191e-01 1.08769548e+00 8.06133151e-02 1.34754372e+00
    1.38433361e+00 6.15379632e-01 -5.38926125e-02 -2.33481824e-01
    1.74382102e+00 1.35537040e+00 1.93490773e-01 6.01415157e-01
    -1.33792549e-01 -5.93965948e-01 -2.11311709e-02 1.20249891e+00
    -1.59978792e-01 8.85106862e-01 -1.33648202e-01 -1.43408164e-01
    1.47528768e-01 -2.81081378e-01 1.73170364e+00 9.11759079e-01
    -4.89230454e-02 -3.43574017e-01 8.29175711e-01 -6.31193876e-01
    3.55599582e-01 4.41848278e-01 -7.28324279e-02 5.49628079e-01
    8.63753974e-01 1.84739098e-01 9.94064569e-01 -5.71596324e-01
    -3.56402509e-02 -3.55282277e-01 4.46759760e-01 -5.50698221e-01
    -7.49357224e-01 1.07757056e+00 8.11885834e-01 5.98420680e-01
    1.66356945e+00 -4.33827400e-01 1.45840979e+00 -3.00746918e-01
    1.68591198e-02 3.80834588e-03 3.05759966e-01 7.61164844e-01
    -4.60461408e-01 2.60787666e-01 1.48108196e+00 3.35782319e-01
    8.76787826e-02 6.71220943e-02 1.08706355e+00 1.42314279e+00
    -2.41653457e-01 1.17100216e-01 1.23128362e-01 1.37721574e+00
    1.27544200e+00 1.39924264e+00 4.57785070e-01 3.06150675e-01
    -3.25912684e-01 -4.41634566e-01 1.03750253e+00 1.43716490e+00
    -2.90381107e-02 6.27308965e-01 1.22286856e+00 1.26565635e+00
    -7.14960039e-01 -6.76751852e-01 1.80123746e+00 -3.11626554e-01
    4.78059471e-01 1.42052388e+00 -4.08946574e-01 2.64597952e-01
    1.17997730e+00 1.46993041e-01 -5.30917227e-01 1.09390569e+00
    3.89961779e-01 -2.15828449e-01 2.28888929e-01 3.31004262e-01
    -5.33664227e-01 -3.25216770e-01 5.38063236e-03 -1.51293248e-01
    4.90302026e-01 1.88334510e-01 5.20992577e-01 1.25863671e+00
    7.64540792e-01 2.11158767e-01 1.10394406e+00 1.21434391e+00
    2.64442623e-01 1.34024346e+00 -2.31303629e-02 7.68365622e-01
    1.66098166e+00 -5.13204038e-01 6.47819161e-01 1.59556997e+00
    1.57705033e+00 3.29537302e-01 -7.39694774e-01 -2.01135501e-02
    1.34246862e+00 -5.24979234e-01 1.86739251e-01 1.01499331e+00
    1.15846550e+00 1.56822789e+00 -4.19117838e-01 -5.74756026e-01
    3.64638269e-01 7.74006605e-01 9.48718905e-01 1.39068770e+00
    -4.93518442e-01 1.34218550e+00 5.26671171e-01 7.22093463e-01
    -5.68043411e-01 1.47070277e+00 1.64654613e+00 5.80194890e-01
    3.10326993e-01 1.23282838e+00 -3.92517060e-01 -6.53720617e-01
    2.69115895e-01 -8.22836101e-01 1.51806438e+00 7.59449959e-01
    1.54539061e+00 6.55187130e-01 -7.77839005e-01 3.84049475e-01
    -1.38952374e-01 -6.75608754e-01 1.74750817e+00 1.57397445e-02
    -2.06368908e-01 1.67001152e+00 6.52667403e-01 -4.40889418e-01
    -5.76991588e-02 1.74975812e+00 4.14136857e-01 1.68904697e-03
    8.30891907e-01 -6.07322574e-01 -3.16242784e-01 1.09803319e+00
    6.55415952e-01 -7.64773726e-01 1.67954230e+00 1.22853816e+00
    1.08247089e+00 1.08579874e+00 7.06885636e-01 4.61683363e-01
    1.06877732e+00 -7.46419251e-01 1.16331629e-01 -4.95320082e-01
    1.38003850e+00 1.01838446e+00 2.95073837e-01 9.52150047e-01
    -1.89174250e-01 -6.59139752e-01 -3.05142939e-01 2.43420899e-01
    1.07768762e+00 1.79729259e+00 1.62864983e+00 -5.67750096e-01
    1.79405081e+00 2.56231368e-01 4.02791500e-01 6.55071557e-01
    5.81562705e-02 3.94077837e-01 1.11648798e+00 -3.21727455e-01
    2.13688970e-01 2.45060012e-01 1.04753768e+00 -6.37223601e-01
    1.43511176e+00 -3.34871083e-01 1.53862619e+00 3.55143666e-01
    3.34035993e-01 8.59879777e-02 1.52733147e+00 4.75523919e-01
    1.66724455e+00 -5.05871832e-01 -2.62522906e-01 -1.54617846e-01
    1.38796842e+00 1.55352676e+00 8.45797241e-01 1.73568141e+00
    7.70793915e-01 8.75456512e-01 -7.25595474e-01 8.56218336e-04
    1.40577579e+00 -6.08942389e-01 -8.29124898e-02 1.17055631e+00
    9.92722511e-01 3.54823917e-01 8.32066357e-01 2.32506767e-01
    1.44915211e+00 -1.03146983e-02 1.72367799e+00 8.31526160e-01
    2.99710542e-01 7.07288206e-01 2.04647277e-02 1.36427093e+00
    -3.68114233e-01 1.27459109e+00 -3.23263079e-01 1.73018861e+00
    6.71115041e-01 1.42798826e-01 1.29177392e+00 9.82016623e-01
    1.16918623e+00 7.46834397e-01 -7.25627840e-02 -1.48179397e-01
    -1.39944246e-02 1.42950606e+00 -1.60978377e-01 -4.69565392e-01
    -7.07778409e-02 -2.28981778e-01 7.43905663e-01 -1.33763179e-01
    -1.27964407e-01 -5.88676691e-01 -3.60128134e-01 1.07994890e+00
    6.67675912e-01 -4.09319788e-01 8.47019374e-01 5.11780381e-01
    7.63977051e-01 1.57047123e-01 1.51336932e+00 -5.93659818e-01
    1.44855022e+00 1.57874393e+00 4.15377468e-01 1.55794486e-01
    -4.28499877e-01 6.33641422e-01 -2.88737208e-01 -1.53878853e-01
    1.07728672e+00 7.31912553e-01 5.28485954e-01 6.93902552e-01
    6.79484665e-01 -6.86874628e-01 1.78777647e+00 1.38312697e+00
    -5.24219453e-01 6.87955260e-01 3.59200925e-01 3.34631532e-01
    7.40652978e-01 8.18898082e-01 1.26377547e+00 1.04702890e+00
    8.69531810e-01 1.45433164e+00 5.62906086e-01 1.15582085e+00
    1.11110294e+00 9.52511489e-01 -4.06684846e-01 1.55356240e+00
    -4.28266674e-01 -5.16128182e-01 2.15580657e-01 1.25602067e+00
    1.35516703e+00 3.90506834e-01 1.07972193e+00 8.15456808e-01
    7.21880615e-01 -6.19963527e-01 -6.53763115e-01 1.12996137e+00
    1.22016013e+00 1.07592881e+00 5.08933902e-01 -5.31375468e-01
    7.54760981e-01 7.22121775e-01 -4.70906019e-01 9.55961168e-01
    1.06429029e+00 1.05008788e-01 -5.59915721e-01 1.49514461e+00
    1.37448609e+00 1.40530336e+00 9.00493622e-01 -5.89315355e-01
    -4.28712785e-01 -4.26531285e-01 8.95920634e-01 -4.28468525e-01
    1.49536729e+00 -1.11550748e-01 1.03352523e+00 1.28595018e+00
    1.74938738e+00 -3.13999206e-01 1.38965273e+00 1.10652840e+00
    -3.15582275e-01 -6.97303355e-01 1.58429742e+00 -1.42454803e-01
    1.50014830e+00 -6.99465275e-01 -1.84230551e-01 -5.85245937e-02
    2.11224146e-02 5.66386402e-01 1.19158912e+00 -6.24709487e-01
    -6.07664406e-01 -4.97801125e-01 4.03636456e-01 2.75218904e-01
    1.16794133e+00 3.65541756e-01 1.06596255e+00 -5.57677031e-01
    7.65194893e-01 1.08176327e+00 9.42209005e-01 1.36473566e-01
    1.26130819e+00 1.30701661e+00 1.30196941e+00 3.51605713e-01
    -4.45960194e-01 9.31055784e-01 6.89907193e-01 -4.63279396e-01
    -3.68065834e-02 1.44603455e+00 1.60303259e+00 7.03803599e-01
    3.39613527e-01 -2.81611532e-01 1.19129562e+00 9.74582553e-01
    -1.74707219e-01 1.66413605e+00 2.67709851e-01 2.86088318e-01
    1.49322367e+00 9.30863798e-01 -7.20661163e-01 7.65067399e-01
    7.09813535e-01 2.06411496e-01 -2.12192431e-01 7.44561553e-01
    5.38493931e-01 1.01139092e+00 1.47387409e+00 5.17934322e-01
    8.12935710e-01 4.94643688e-01 -7.72634625e-01 1.52075708e+00
    2.25679055e-02 8.28440368e-01 -5.76405466e-01 -3.43876690e-01
    4.67268229e-01 4.84257042e-01 -1.29655451e-02 8.88618290e-01
    9.82666612e-01 -3.85297298e-01 1.26898491e+00 -4.23767030e-01
    8.95088971e-01 -7.23977685e-01 1.08271670e+00 9.50608611e-01
    4.29382771e-01 -4.46568102e-01 1.61285257e+00 4.50359285e-01
    1.42796898e+00 -5.23591459e-01 3.87275040e-01 -7.14407027e-01
    1.58947241e+00 1.51152265e+00 3.09038341e-01 1.17787397e+00
    3.56538415e-01 8.36061120e-01 7.61380613e-01 -1.94576100e-01
    -3.46742183e-01 -3.34635466e-01 1.10513449e+00 6.45840704e-01
    -2.42777944e-01 9.46168303e-01 -6.09873384e-02 6.71021402e-01
    -9.24864486e-02 -6.08887792e-01 2.28209600e-01 4.57030311e-02
    1.17660058e+00 -1.08919501e-01 4.03284431e-01 1.57026339e+00
    5.30337274e-01 1.69184244e+00 3.06297660e-01 1.53583431e+00
    -3.66001397e-01 -2.55327582e-01 8.37121606e-01 2.43892521e-01
    -1.84308544e-01 -8.40243176e-02 4.90352988e-01 -4.17698085e-01
    5.59094548e-01 1.34796524e+00 7.21998990e-01 1.35351026e+00
    -3.23185414e-01 4.17060375e-01 6.70335293e-02 5.39357901e-01
    6.86058998e-01 -3.43545437e-01 5.39043434e-02 -8.64047647e-01
    9.17432606e-01 5.24656594e-01 6.20772839e-01 1.79459178e+00
    -6.24382138e-01 3.03706795e-01 1.07271934e+00 -3.26967150e-01
    1.45732784e+00 1.32551336e+00 1.82871297e-01 -1.93318322e-01
    7.88922489e-01 5.23911953e-01 1.15192486e-02 1.59480178e+00
    -1.57774881e-01 1.12316656e+00 -4.09226641e-02 -4.13337916e-01
    -1.23267725e-01 5.93647420e-01 9.90845263e-01 -8.54175612e-02
    1.39652705e+00 3.50306869e-01 -2.95342594e-01 5.19088686e-01
    -4.85638052e-01 4.89817232e-01 1.00286973e+00 2.25997448e-01
    2.89807111e-01 -5.77324331e-01 3.47782791e-01 -6.23197734e-01
    1.05686879e+00 1.56916749e+00 9.59115326e-01 8.60767603e-01
    1.16874552e+00 1.31511331e+00 5.74961841e-01 3.43902588e-01
    -2.31340647e-01 5.30790806e-01 1.11352289e+00 2.82345146e-01
    -2.75467485e-02 -5.69533050e-01 1.45796800e+00 -2.84414887e-01
    4.34207588e-01 1.13540149e+00 1.34084046e+00 -1.58195972e-01
    5.20162210e-02 -1.46646902e-01 -6.73241496e-01 8.56616914e-01
    1.76764107e+00 -3.34468931e-01 1.30087113e+00 -2.06686839e-01
    1.23304166e-01 1.23588765e+00 -3.11732292e-01 -1.13696188e-01
    -5.69837391e-01 3.02894682e-01 7.66877115e-01 3.21693450e-01
    1.01810917e-01 -2.36738876e-01 7.36058116e-01 2.06778318e-01
    -1.61007673e-01 -4.50795650e-01 8.55036005e-02 -5.83655238e-01
    1.77787781e-01 1.54457235e+00 1.61512032e-01 1.63429487e+00
    7.65646994e-02 1.03852773e+00 -4.64478016e-01 1.21393704e+00
    -7.19940484e-01 -9.38578397e-02 1.21250021e+00 7.66872406e-01
    9.78077173e-01 1.42708755e+00 -4.03817564e-01 1.67821097e+00
    1.67013955e+00 -7.47500479e-01 1.39169562e+00 -1.78117678e-01
    -2.86759615e-01 -7.53670394e-01 -2.62763679e-01 4.18546885e-01
    4.05808210e-01 5.07702649e-01 -3.41704875e-01 2.15228453e-01
    6.30845249e-01 1.04810441e+00 -7.75435627e-01 -3.62777472e-01
    5.62897086e-01 1.11862171e+00 6.65973306e-01 -3.83867234e-01
    -7.41017833e-02 -7.26987660e-01 2.96901435e-01 1.33039033e+00
    1.11192060e+00 -5.63487291e-01 2.23773494e-01 1.02908838e+00
    -6.97126865e-01 1.09875548e+00 1.59947813e+00 -2.59679765e-01
    -5.06959558e-01 -6.17592216e-01 4.86358017e-01 1.74950016e+00
    1.33602870e+00 7.30984867e-01 8.44399154e-01 5.16607046e-01
    7.09183931e-01 1.16124308e+00 1.87556851e+00 9.77732956e-01
    1.45832348e+00 1.43372238e+00 1.43978739e+00 1.74849367e+00
    4.60242629e-01 2.19952106e-01 -7.09285438e-01 -2.46766999e-01
    1.13013470e+00 1.13707280e+00 -3.81764948e-01 -6.81112587e-01
    9.70513701e-01 1.09943879e+00 1.50027800e+00 1.65007019e+00
    -3.73816043e-01 1.00718582e+00 6.37190402e-01 1.20849407e+00
    -5.41094720e-01 8.26856613e-01 1.37093365e+00 -5.78236282e-01
    -6.79505765e-01 1.18994212e+00 -5.62580347e-01 8.54744852e-01
    1.39277494e+00 7.51818538e-01 -3.46986771e-01 -1.76566932e-03
    -1.44748926e-01 6.22216880e-01 1.84202337e+00 -7.15873301e-01
    -3.77870411e-01 -1.49358183e-01 1.26388180e+00 6.13658428e-01
    1.69055891e+00 1.29305816e+00 1.60650229e+00 -2.74048716e-01
    7.02643842e-02 4.96220142e-01 -8.36491212e-02 9.47320104e-01
    1.67453909e+00 1.56064022e+00 1.50691605e+00 9.42996323e-01
    -1.36926234e-01 -6.79374278e-01 1.67640173e+00 1.09749365e+00
    3.86630982e-01 1.68392479e+00 -5.12643218e-01 1.01885700e+00
    -3.65498483e-01 9.16358471e-01 1.06354296e+00 -6.29990280e-01
    1.77779138e+00 -4.37558234e-01 9.02587652e-01 2.69481629e-01
    5.52425802e-01 -1.47055358e-01 4.15791661e-01 7.83313453e-01
    -6.28150180e-02 5.80680966e-01 1.58196187e+00 7.14920878e-01
    6.00157797e-01 1.24380374e+00 1.61734545e+00 -5.91658235e-01
    5.32175601e-01 -1.60323605e-01 2.61988908e-01 7.91957602e-02
    3.79808128e-01 -4.35390845e-02 4.84832674e-01 1.42194188e+00
    -4.92523611e-01 5.92101693e-01 -1.83041319e-01 -1.33801103e-01
    6.60693049e-01 1.02083540e+00 1.63102603e+00 1.12682864e-01
    -4.79356289e-01 1.51516747e+00 1.13584387e+00 1.48736870e+00
    1.68722689e+00 1.56100953e+00 -5.16948342e-01 1.03074217e+00
    -4.67716545e-01 4.65570867e-01 -6.75760686e-01 7.55996108e-01
    -1.18798474e-02 1.38542593e+00 1.34602237e+00 3.52567166e-01
    9.62134898e-01 8.73094678e-01 -3.07886600e-01 6.95508778e-01
    1.57714283e+00 8.29967558e-01 3.62574995e-01 2.59397089e-01
    1.08505654e+00 3.49211007e-01 1.26621020e+00 8.64850819e-01
    1.61238360e+00 1.45389152e+00 7.91171193e-01 -7.86867738e-01
    1.05707300e+00 9.92664933e-01 6.65818825e-02 -5.44960916e-01
    -5.00324368e-01 4.96099114e-01 1.65269923e+00 -5.85196614e-01
    1.43310487e+00 -2.01633632e-01 8.94090712e-01 -2.02489108e-01
    1.30829370e+00 -2.86827147e-01 -7.75724828e-01 -3.12719524e-01
    9.43095267e-01 -7.95039535e-03 1.64450228e+00 5.67239344e-01
    1.59455478e+00 6.11652434e-01 1.56805590e-01 -7.64045954e-01
    1.34087169e+00 1.61171687e+00 -4.11118448e-01 3.03456724e-01
    -7.75913954e-01 -2.17598394e-01 1.65217495e+00 8.98447990e-01
    1.37556100e+00 1.22829187e+00 -7.42674470e-02 -8.36491048e-01
    1.26873982e+00 1.60486770e+00 1.26155210e+00 1.13681281e+00
    1.26025474e+00 2.77078778e-01 1.08925231e-01 -5.65805376e-01
    1.34865177e+00 1.28115451e+00 3.47694874e-01 -3.25234324e-01
    9.04039368e-02 1.64660132e+00 -6.01115048e-01 9.45886374e-01
    1.10589302e+00 7.65567899e-01 -1.07126698e-01 5.80309212e-01
    -3.65877181e-01 5.10471873e-02 9.66060102e-01 1.45577204e+00
    -5.71962774e-01 3.10873806e-01 -4.31436896e-01 9.95827317e-01
    1.12311375e+00 -1.29715994e-01 1.42591417e+00 7.35695302e-01
    1.01545942e+00 -7.57094145e-01 5.52019477e-03 1.42968261e+00
    3.97210330e-01 6.33179486e-01 -5.21349132e-01 1.61973870e+00
    1.60531056e+00 -6.11952357e-02 -3.98912042e-01 1.41746056e+00
    4.89877254e-01 3.76035035e-01 -2.61451125e-01 4.25540507e-01
    1.66549757e-01 1.04766345e+00 -6.67108715e-01 1.07375813e+00
    1.52558327e-01 9.90794241e-01 1.61297572e+00 1.68433547e+00
    1.26910007e+00 8.64680827e-01 1.55883062e+00 1.58752465e+00
    -3.59915979e-02 1.74738216e+00 -3.05095706e-02 1.42782462e+00
    -5.44063628e-01 9.44125950e-01 8.22271228e-01 -3.13398063e-01
    1.78279757e+00 1.16622698e+00 1.94342285e-01 6.28360435e-02
    -3.86843652e-01 1.04276547e-02 3.28589350e-01 7.36538887e-01
    1.18313932e+00 3.71497661e-01 1.23894584e+00 9.57090080e-01
    6.41669393e-01 1.46612263e+00 4.15830761e-01 1.56227601e+00
    1.34027445e+00 1.28466094e+00 4.06972855e-01 -3.81411523e-01
    -2.12435886e-01 -6.41747564e-02 9.84597862e-01 2.20535922e+00
    -1.91952392e-01 -2.89439708e-01 1.43754220e+00 -3.49782974e-01
    -7.14887142e-01 4.40905303e-01 -3.35020721e-01 7.44882047e-01
    -1.15332929e-02 9.38372016e-01 2.23339990e-01 1.06355321e+00
    1.39401376e+00 -7.76955485e-01 3.51841487e-02 1.61652100e+00
    8.20982099e-01 1.09907007e+00 9.57244813e-01 2.24235147e-01
    2.93214977e-01 3.00010949e-01 1.07380247e+00 -6.45423055e-01
    1.34572160e+00 3.78129706e-02 -8.00908431e-02 1.53726852e+00
    -6.31310284e-01 1.12800157e+00 8.39693189e-01 4.48863029e-01
    1.14468455e+00 -1.25261977e-01 1.29549396e+00 4.14051145e-01
    -2.30972111e-01 3.46113890e-01 1.43670392e+00 -2.11801961e-01
    -1.67986318e-01 1.69425464e+00 1.57710910e-01 8.86472106e-01
    9.01990771e-01 6.54511690e-01 1.34561479e+00 -6.70462474e-02
    3.87082517e-01 -2.42018297e-01 7.72072598e-02 1.54348981e+00
    1.24511898e+00 -5.28608501e-01 4.50704813e-01 3.89437586e-01
    1.46738327e+00 5.57479560e-02 1.34375155e-01 1.65713406e+00
    9.26747501e-01 5.51217318e-01 7.42323935e-01 1.59739482e+00
    1.26991796e+00 4.98824924e-01 1.21366942e+00 2.08585158e-01
    -4.45838809e-01 1.12102854e+00 1.61262107e+00 4.75206137e-01
    1.26560056e+00 1.05728996e+00 2.48139277e-01 8.43866527e-01
    1.57181466e+00 -2.83056766e-01 -5.12759328e-01 1.70981526e+00
    -2.41897162e-02 -4.99416769e-01 -5.29661179e-01 -7.37278461e-02
    -2.42249101e-01 1.05719423e+00 -3.19915056e-01 -4.89717901e-01
    7.78307259e-01 1.29648232e+00 2.79172510e-01 4.32907909e-01
    9.78418231e-01 5.29188931e-01 -3.47061679e-02 -3.39391172e-01
    9.14444029e-01 1.56557786e+00 4.82399426e-02 -5.38976252e-01
    -1.00015150e-02 1.58033955e+00 1.00780010e+00 3.87442142e-01
    9.51533392e-02 -5.85113585e-01 1.74761915e+00 -6.22422636e-01
    9.22783971e-01 -3.95818084e-01 5.15036166e-01 6.01609528e-01
    1.16743350e+00 1.45747185e+00 3.90892088e-01 9.18688655e-01
    -5.25103748e-01 -3.81588936e-01 1.73097038e+00 1.09397769e+00
    -2.18993798e-01 1.05981517e+00 1.47242332e+00 1.12883735e+00
    -4.83487040e-01 -7.70085692e-01 1.39834499e+00 -4.69406210e-02
    6.81466460e-01 -2.91168630e-01 7.69810677e-01 1.63955140e+00
    1.00145733e+00 1.14360130e+00 1.55411303e+00 1.62568152e+00
    8.09467256e-01 1.62945592e+00 7.80115783e-01 -5.66621602e-01
    -1.23339675e-01 1.78161287e+00 -5.32642484e-01 9.91752267e-01
    8.95030677e-01 5.56176245e-01 -3.03278059e-01 -4.35664058e-01
    3.29987645e-01 2.40611538e-01 -4.88800675e-01 -4.51985300e-01
    1.46074951e+00 -1.30160883e-01 1.15018487e+00 1.61338699e+00
    2.94436842e-01 7.39724398e-01 -2.98133910e-01 6.90813005e-01
    1.67359447e+00 9.25531328e-01 2.56809196e-03 -4.98098522e-01
    8.90373170e-01 8.40577111e-03 7.64935911e-01 6.18675463e-02
    1.31250691e+00 1.34708631e+00 2.69898742e-01 1.30276930e+00
    1.06671190e+00 1.69200916e-02 5.29083312e-01 3.27992648e-01
    -5.82452714e-01 2.40203366e-01 -3.01971436e-01 1.24522352e+00
    1.63394475e+00 2.86055505e-01 1.50240159e+00 3.64450634e-01
    -2.28211537e-01 4.14402544e-01 -3.90699178e-01 -1.42233863e-01
    1.46915162e+00 -5.68540215e-01 1.29116845e+00 1.35153615e+00
    1.37267125e+00 -8.19014758e-02 -2.25554541e-01 7.20237672e-01
    8.80450010e-01 1.35051107e+00 2.49492660e-01 1.21912146e+00
    1.12342024e+00 5.22995055e-01 -2.00087875e-02 6.08583331e-01
    1.20813735e-01 -6.16806448e-01 1.47192240e-01 5.53457022e-01
    7.21698761e-01 1.08763969e+00 -6.22134924e-01 -1.97389022e-01
    1.46487391e+00 1.06166291e+00 1.73244989e+00 1.40732229e-01
    1.06484854e+00 -1.01997726e-01 3.88373047e-01 4.88724709e-01
    2.17919469e-01 3.28693300e-01 2.20347777e-01 1.67562592e+00
    1.45697117e+00 6.07480288e-01 -2.46224448e-01 1.29673719e+00
    1.46866775e+00 1.86306405e+00 3.91082019e-01 1.41356421e+00
    8.20630491e-01 -4.61186737e-01 3.60384732e-01 1.62091219e+00
    -1.92891434e-01 -6.41738892e-01 -1.86757803e-01 -6.54468358e-01
    6.25719607e-01 1.26711512e+00 2.62972713e-01 1.46546507e+00
    2.58546144e-01 -3.10618699e-01 -3.78581554e-01 5.80421090e-01
    9.76381242e-01 -8.15427303e-01 1.19287181e+00 1.64214969e-01
    1.19455814e+00 9.01977003e-01 1.98574686e+00 2.16990924e+00
    1.09157467e+00 -1.90891549e-01 2.15951100e-01 1.42494392e+00
    -2.57714409e-02 1.25405633e+00 1.32637978e+00 1.35467422e+00
    -6.65631652e-01 -3.15879881e-01 -2.94453353e-01 1.17004967e+00
    6.26151681e-01 2.25533426e-01 5.90100765e-01 4.41091835e-01
    1.53021026e+00 6.60055637e-01 1.63473392e+00 8.18972230e-01
    -6.43914044e-02 1.24532640e+00 9.85055864e-01 4.63732541e-01
    -4.04683858e-01 1.40597582e+00 1.21904683e+00 7.26755202e-01
    1.55457497e+00 7.23942101e-01 -3.27578396e-01 3.28372151e-01
    5.16393632e-02 -4.19850945e-01 8.76178205e-01 4.57656235e-02
    1.42310071e+00 1.40158951e+00 8.14384103e-01 7.13419199e-01
    1.62085176e-01 1.05272442e-01 -2.54594386e-02 6.94752872e-01
    1.62543684e-01 1.37152004e+00 -5.73839605e-01 1.53238744e-01
    9.52124834e-01 -7.57362604e-01 -6.03735030e-01 1.26108634e+00
    8.18139434e-01 5.60106575e-01 1.60951567e+00 1.21342623e+00
    -3.36135745e-01 -1.73191130e-01 1.04014063e+00 5.52321255e-01
    1.94562703e-01 -5.53947330e-01 5.68762124e-01 1.02977085e+00
    6.52169883e-01 2.52315134e-01 -5.84369361e-01 3.00670534e-01
    8.71390820e-01 9.29244757e-01 6.69944882e-01 4.74872112e-01
    -8.13852549e-01 1.45924437e+00 -3.71120423e-01 1.08533955e+00
    -1.47147655e-01 1.29931271e+00 1.64118659e+00 1.53164661e+00
    1.63358116e+00 1.63174176e+00 1.76523185e+00 -3.76233727e-01
    1.54410291e+00 -5.91362536e-01 5.68429291e-01 1.53082633e+00
    1.18502295e+00 1.13217437e+00 4.97772992e-01 -6.15638435e-01
    -2.53468007e-01 1.60755467e+00 2.35247210e-01 1.47394991e+00
    -8.53631020e-01 -3.06080401e-01 1.48619533e+00 1.19945550e+00
    -2.29788154e-01 5.08545935e-01 7.32816219e-01 -1.19265921e-01
    5.62879682e-01 3.21272731e-01 6.04486227e-01 -2.01979489e-03
    1.43764770e+00 1.11752796e+00 1.01757085e+00 1.27696860e+00
    1.36537170e+00 7.48996854e-01 -4.20340061e-01 -4.12170857e-01
    1.35051858e+00 1.57126367e+00 1.98415201e-02 -6.32113218e-01
    1.70852888e+00 -1.67243674e-01 -5.24340451e-01 7.05198407e-01
    -1.06932811e-01 1.24939337e-01 1.16631830e+00 -2.69672602e-01
    1.53577173e+00 -6.76911891e-01 5.84606707e-01 3.17011595e-01
    1.56594706e+00 -3.97443503e-01 5.64179003e-01 1.10542333e+00
    9.48812187e-01 8.86356771e-01 -3.86532873e-01 -6.53370261e-01
    4.97979745e-02 9.88685071e-01 8.87128234e-01 -9.02976915e-02
    -6.89502656e-01 1.18833959e+00 7.82624111e-02 2.58046359e-01
    1.71891439e+00 1.57409382e+00 1.68201697e+00 7.93981075e-01
    1.52664280e+00 1.31221223e+00 1.46602046e+00 -7.05518782e-01
    1.42072153e+00 1.03487313e+00 -1.06982633e-01 -5.10538220e-01
    1.47767055e+00 6.51510656e-02 6.77605450e-01 1.35611439e+00
    -4.02714998e-01 1.49889517e+00 2.19558403e-01 1.20799625e+00
    -6.96345985e-01 1.31200695e+00 6.33885145e-01 1.37233698e+00
    6.04173481e-01 4.44972277e-01 2.35186685e-02 6.28254473e-01
    7.46686935e-01 2.64358185e-02 1.59076428e+00 1.07106733e+00
    -5.85825741e-01 4.44018245e-01 -6.85255527e-01 4.34557021e-01
    7.33285487e-01 1.55925655e+00 1.06717646e+00 4.16858166e-01
    1.51032853e+00 1.31196487e+00 -1.31356373e-01 -5.16856372e-01
    1.44546211e+00 -5.33165753e-01 -2.21699536e-01 -3.70386362e-01
    -2.05262285e-02 1.46376479e+00 1.62377632e+00 1.68226922e+00
    7.33566999e-01 1.38913786e+00 4.29835498e-01 -2.96318620e-01
    8.41222286e-01 -3.32052037e-02 1.05593932e+00 1.36798656e+00
    -3.06876935e-02 3.79058599e-01 1.47623271e-01 2.48558491e-01
    1.51754272e+00 -2.21477136e-01 -3.71769041e-01 1.52353144e+00
    4.97780979e-01 1.23396051e+00 -1.68597370e-01 6.13515377e-01
    -2.59328455e-01 6.75764680e-02 -6.59667611e-01 1.57896435e+00
    3.51195455e-01 7.27197409e-01 1.01277709e+00 -3.91280651e-01
    -7.12275326e-01 -6.45599604e-01 9.97869611e-01 4.54011589e-01
    2.55638156e-02 1.49207377e+00 -2.74427801e-01 6.62828684e-01
    -3.75293314e-01 4.25918519e-01 -2.34979838e-01 4.55559433e-01
    -3.94023091e-01 -6.92241609e-01 4.60158408e-01 3.86054903e-01
    7.64964283e-01 5.06755292e-01 3.15320581e-01 1.49511290e+00
    -5.43354392e-01 1.50122905e+00 1.61756468e+00 8.53114188e-01
    4.49510902e-01 1.30327189e+00 9.25920010e-01 1.46940875e+00
    1.66845465e+00 4.08778965e-01 1.82492626e+00 2.97547877e-01
    4.45620596e-01 1.37214053e+00 1.43526912e+00 1.52773106e+00
    6.44026279e-01 1.51162088e+00 1.21116865e+00 1.57416832e+00
    -8.05648327e-01 1.06946206e+00 -4.90129173e-01 7.54452050e-02
    5.41207552e-01 -2.87061274e-01 -4.98766273e-01 9.37817693e-02
    -6.57700419e-01 -4.13715959e-01 7.89384782e-01 7.60330081e-01
    1.71614099e+00 1.67269659e+00 1.65616885e-01 2.07012936e-01
    -3.12412649e-01 -7.99611360e-02 7.74354577e-01 6.09084666e-01
    1.21694386e+00 -4.65985656e-01 1.77282631e-01 2.38864362e-01
    9.06676590e-01 6.10584497e-01 6.03056371e-01 1.13142478e+00
    -6.49886847e-01 -4.24532175e-01 1.50018990e+00 1.64866471e+00
    -4.76118032e-04 6.60252213e-01 3.94306302e-01 1.50490689e+00
    -7.47055471e-01 8.83788228e-01 1.05577481e+00 3.88096392e-01
    1.30571628e+00 1.32320070e+00 2.91566223e-01 1.49937296e+00
    1.16491973e+00 1.62148690e+00 4.35718626e-01 -1.57913581e-01
    1.20021939e+00 -8.18510532e-01 1.07034099e+00 -7.51785338e-01
    -5.46984732e-01 8.80981624e-01 4.09979701e-01 9.76317942e-01
    -1.38202146e-01 5.49563050e-01 1.06706762e+00 1.04729271e+00
    -8.81903350e-01 1.00497758e+00 1.30169570e+00 3.85751784e-01
    -4.13360000e-01 6.83744609e-01 -2.62669735e-02 4.26279187e-01
    1.19812034e-01 5.06251216e-01 1.36208594e+00 9.08691585e-01
    4.51546192e-01 1.65213895e+00 4.66797441e-01 -4.42845076e-01
    -4.89698490e-03 -3.16413283e-01 1.30791271e+00 1.09842243e-02
    -2.73432359e-02 1.27152646e+00 1.72318542e+00 1.05500305e+00
    -5.22485197e-01 1.17621815e+00 7.04326928e-01 3.84375244e-01
    1.17253041e+00 -4.61821169e-01 -3.82649571e-01 1.37427187e+00
    -2.70389676e-01 5.76975226e-01 2.25640714e-01 -2.97610849e-01
    1.51626050e+00 -2.56794274e-01 7.82536119e-02 -2.16143150e-02
    1.60464907e+00 1.57675374e+00 -2.66857982e-01 1.50869280e-01
    -6.64184988e-01 -4.01598394e-01 4.09733921e-01 1.62369847e+00
    1.85690969e-01 -4.55375284e-01 -7.91503072e-01 -5.50546832e-02
    5.00827074e-01 8.27282593e-02 2.52784044e-01 8.32037807e-01
    1.47304654e+00 2.93491669e-02 6.45206153e-01 1.66678166e+00
    -5.41181862e-01 9.88095760e-01 -1.45004317e-01 -5.68028629e-01
    -2.72393018e-01 1.50865161e+00 1.45497859e+00 1.16339529e+00
    9.97072637e-01 1.14473319e+00 7.65939355e-01 1.62437379e+00
    -8.49453285e-02 -5.20100743e-02 1.08957458e+00 -7.80591786e-01
    1.13363564e+00 6.82891309e-01 2.52413332e-01 1.11377633e+00
    1.66689384e+00 -1.60771124e-02 8.56808066e-01 1.22078884e+00
    1.66308796e+00 8.20002437e-01 -4.02480245e-01 1.71817398e+00
    8.87297451e-01 1.55859783e-01 3.13566737e-02 2.77355254e-01
    9.31949794e-01 4.11843896e-01 3.29557419e-01 1.08627605e+00
    4.89026487e-01 -5.82177602e-02 -6.04373991e-01 1.72969103e-01
    2.32148364e-01 1.55454457e+00 -3.45819652e-01 1.06975641e-02
    -3.61162424e-01 -9.38005894e-02 7.39975691e-01 1.14999366e+00
    1.44841242e+00 -3.16358209e-01 -7.21280634e-01 1.07513392e+00
    6.39292970e-02 -4.15856868e-01 1.15719998e+00 -6.97523296e-01
    -3.60176444e-01 6.70461476e-01 -6.96568310e-01 2.06263468e-01
    -1.58775002e-02 1.41729164e+00 7.28840113e-01 9.15902793e-01
    -3.64391536e-01 8.43916297e-01 -5.40363371e-01 2.70495087e-01
    1.34727013e+00 7.76075482e-01 -3.17103416e-01 1.27664888e+00
    1.57614261e-01 -1.12484850e-01 8.17657173e-01 1.23306704e+00
    -2.02822521e-01 1.24343085e+00 -7.37503469e-01 1.22703183e+00
    1.17324317e+00 7.44089901e-01 -8.25091183e-01 -8.21105242e-01
    1.30950153e+00 -4.58637536e-01 6.70666516e-01 -5.66276670e-01
    -7.31879532e-01 8.19098711e-01 1.24980140e+00 -4.47842479e-01
    1.25760484e+00 1.31797695e+00 -7.59856403e-01 7.29861557e-01
    1.07891515e-01 -2.95861602e-01 -5.02035737e-01 -3.66473883e-01
    1.52155042e+00 -2.07041036e-02 8.05603638e-02 1.05461717e+00
    -6.02649450e-01 1.79479703e-01 1.52407634e+00 9.33257103e-01
    -5.10430671e-02 1.35141253e+00 3.24324220e-01 -3.62298009e-03
    7.59353817e-01 -3.40389699e-01 1.58336246e+00 1.34471941e+00
    2.71549225e-01 2.56182134e-01 -6.56256795e-01 1.20934546e+00
    2.03991272e-02 1.38518286e+00 1.41358793e+00 4.87886935e-01
    1.49808395e+00 2.64670737e-02 9.88761634e-02 -7.49329090e-01
    4.06721886e-03 4.71239686e-01 5.15620768e-01 -5.78400135e-01
    -6.80439889e-01 -2.62688369e-01 8.69256556e-01 -7.62427971e-02
    -4.72803354e-01 1.52771485e+00 1.71060109e+00 -6.89802885e-01
    1.84759483e-01 -1.72192842e-01 1.69466639e+00 -7.01937616e-01
    1.44734621e+00 4.68677223e-01 2.98446894e-01 8.31770990e-03
    -3.07324827e-01 8.03376079e-01 8.90612602e-01 1.71305764e+00
    1.20111156e+00 8.71469438e-01 9.94870126e-01 9.83777493e-02
    1.26131451e+00 -4.88084197e-01 8.92717481e-01 -5.96650958e-01
    4.77276266e-01 1.76189709e+00 -4.04818505e-01 -4.01537180e-01
    1.16855872e+00 -2.22478628e-01 1.44695032e+00 9.44980800e-01
    -1.24179848e-01 3.97973537e-01 -5.77064455e-01 1.94194762e-03
    3.79949689e-01 2.78267711e-01 6.24286473e-01 -3.18107724e-01
    1.68440187e+00 -7.54243910e-01 1.10040343e+00 -7.59791076e-01
    2.49337226e-01 -4.92006451e-01 1.41498578e+00 1.55095172e+00
    6.21897578e-01 9.41817701e-01 -7.50230432e-01 1.35150063e+00
    3.17267269e-01 6.83810055e-01 -2.34600604e-01 -6.49410009e-01
    1.04741037e+00 3.32557946e-01 3.67552608e-01 1.87816724e-01
    -3.69292349e-01 1.29037941e+00 1.40538740e+00 1.52748442e+00
    3.28922898e-01 3.80649775e-01 5.00832081e-01 1.17843783e+00
    1.71113014e+00 -7.86339700e-01 -6.94888413e-01 9.61135387e-01
    5.38561046e-01 1.42867398e+00 1.00078277e-01 4.74635780e-01
    -5.29101074e-01 -2.34268308e-01 1.42666268e+00 2.89630681e-01
    -4.82273474e-03 8.94172370e-01 -2.22789600e-01 9.47266400e-01
    1.09494209e+00 3.00081968e-01 1.47503448e+00 1.02391839e+00
    7.60423779e-01 1.25087571e+00 6.34584546e-01 9.47912514e-01
    1.24160469e+00 -2.58714080e-01 1.32284141e+00 1.68979216e+00
    3.88791761e-03 2.46247709e-01 5.84593654e-01 6.08284235e-01
    1.30385900e+00 1.08900607e+00 3.97802413e-01 -6.15172505e-01
    9.92208540e-01 1.57757699e+00 6.74463749e-01 1.49019110e+00
    1.55780172e+00 -2.13624328e-01 2.75367618e-01 2.21201703e-02
    1.25792527e+00 -2.54458129e-01 1.34070933e+00 -2.42458478e-01
    1.04400551e+00 1.47196674e+00 -3.66414100e-01 -7.23942041e-01
    9.36304688e-01 1.65647566e-01 -1.74567223e-01 -5.57986021e-01
    -6.07039750e-01 6.81400239e-01 1.81520462e-01 3.53348613e-01
    4.40387815e-01 1.76652122e+00 8.47078636e-02 -2.75926501e-01
    1.43288898e+00 1.69563818e+00 6.68542147e-01 6.95489049e-01
    3.70641589e-01 -5.82154632e-01 -7.26997256e-01 3.65180016e-01
    -4.56948131e-01 -1.68277651e-01 5.42371035e-01 -7.35639155e-01
    1.71004736e+00 4.55206335e-01 1.20715845e+00 -7.45348692e-01
    7.18684912e-01 2.99486101e-01 1.51006854e+00 8.53405707e-03
    9.82796311e-01 -4.66855228e-01 1.47589326e+00 -5.18517673e-01
    1.54535747e+00 1.48212612e+00 1.04294330e-01 -5.95474243e-01
    5.06783485e-01 -1.47772208e-01 5.12278736e-01 5.61787963e-01
    1.44647408e+00 1.19473588e+00 -1.12026930e-01 1.24870646e+00
    3.52758139e-01 -4.28714842e-01 4.81536508e-01 1.04474556e+00
    -1.29360554e-03 1.02703607e+00 4.02750194e-01 3.22131091e-03
    -3.52247238e-01 1.06235194e+00 1.47681022e+00 1.57288861e+00
    3.99825543e-01 2.18897805e-01 -6.15766346e-01 1.48437828e-01
    -5.57919562e-01 -5.88219473e-03 -1.76171497e-01 2.65332729e-01
    -1.36200592e-01 -4.90628809e-01 1.79936826e+00 1.27630436e+00
    2.70139098e-01 -2.49211118e-01 -5.95002472e-01 -5.79046488e-01
    1.76238966e+00 1.56684160e-01 1.15495563e-01 -2.75422215e-01
    -2.05068395e-01 1.58865893e+00 -7.32936740e-01 1.05453551e+00
    -4.56440866e-01 9.47908998e-01 -6.40783250e-01 1.73400700e+00
    7.84724832e-01 -4.08930123e-01 1.29485452e+00 1.90122142e-01
    5.46253026e-01 1.64576739e-01 -4.23829764e-01 1.47677034e-01
    1.33714497e+00 6.27990842e-01 1.23240161e+00 -1.58286393e-01
    1.09610474e+00 1.14510036e+00 6.03665590e-01 -3.59685957e-01
    1.32720396e-01 4.64894593e-01 2.02271212e-02 7.76518941e-01
    1.30340517e+00 3.99207056e-01 9.30953741e-01 1.67334962e+00
    5.27030706e-01 -5.40955365e-01 1.58087289e+00 1.39965749e+00
    1.01334584e+00 -9.29404125e-02 1.00136541e-01 1.61883867e+00
    1.63437977e-01 -1.71240274e-04 -2.03586832e-01 5.07766008e-01
    1.48853540e+00 1.59272826e+00 -5.13502479e-01 1.31669259e+00
    -1.54117793e-01 3.78156066e-01 7.19252646e-01 6.93674564e-01
    4.74258810e-01 1.02162525e-01 -5.70368350e-01 8.03349197e-01
    9.68837261e-01 1.27622819e+00 -2.59993047e-01 1.55704153e+00
    1.47469676e+00 1.07761824e+00 1.42114371e-01 -2.42949724e-01
    1.03629537e-01 -2.43366003e-01 3.43965799e-01 6.10521615e-01
    -6.72990799e-01 1.15204239e-02 3.32830489e-01 7.30982050e-02
    -4.72091362e-02 -2.80038536e-01 -2.14631766e-01 3.23782474e-01
    1.34603953e+00 1.19392961e-01 -1.79142520e-01 -4.21020649e-02
    5.91884375e-01 1.60847080e+00 7.72009194e-01 1.19113123e+00
    -3.10488343e-01 5.42276084e-01 1.76905513e+00 9.69022393e-01
    6.39420033e-01 5.65375865e-01 9.02755558e-01 -3.87965530e-01
    -2.85735041e-01 -5.60840368e-01 1.19087029e+00 2.26197198e-01
    1.05764723e+00 -3.75587165e-01 1.25889587e+00 -3.80248666e-01
    -4.68150750e-02 9.46248472e-01 8.07291493e-02 1.62586725e+00
    -2.02075258e-01 1.45671964e+00 3.60671431e-01 1.35191631e+00
    1.55551398e+00 6.79519415e-01 5.85266352e-01 1.11650932e+00
    1.57486594e+00 -6.49729967e-02 4.87922244e-02 8.20130825e-01
    1.52701652e+00 7.93678522e-01 1.11577761e+00 1.00149131e+00
    -3.92627537e-01 3.71075988e-01 1.54719079e+00 1.14698184e+00
    1.69149125e+00 1.27184522e+00 -5.18373013e-01 -4.23645914e-01
    1.39755523e+00 3.85284096e-01 1.16699010e-01 1.63548386e+00
    1.78327227e+00 7.20529675e-01 -2.73817986e-01 1.77958310e-01
    6.03383362e-01 1.57914042e+00 1.74459708e+00 1.40355253e+00
    5.84525704e-01 1.42137587e-01 9.87509549e-01 9.38437343e-01
    6.63715422e-01 -2.23228380e-01 1.18607271e+00 4.55801010e-01
    -7.02994823e-01 1.27577841e+00 1.65157318e+00 1.29683602e+00
    1.09175849e+00 -2.19318345e-01 2.48423576e-01 1.58439505e+00
    9.79356319e-02 7.44869590e-01 -5.24675548e-01 1.60814583e+00
    1.14746749e+00 -7.97574520e-01 1.04294991e+00 9.66504335e-01
    1.82083523e+00 1.58699846e+00 -3.84475291e-01 1.58995247e+00
    1.62203813e+00 6.01120591e-01 7.08708644e-01 3.51756364e-01
    6.21120632e-01 3.47454488e-01 1.59023750e+00 -4.88241799e-02
    1.18826342e+00 -2.40399875e-02 7.42773890e-01 1.30145717e+00
    4.51860070e-01 3.58924210e-01 -4.30684350e-02 -8.37945402e-01
    -1.90768227e-01 -6.84508204e-01 4.83433276e-01 -8.57191980e-01
    1.19942462e+00 6.30374789e-01 1.20095932e+00 7.13598579e-02
    2.37065226e-01 1.52698088e+00 9.36681509e-01 1.18990123e+00
    1.03679383e+00 7.44204998e-01 1.36943233e+00 -1.93377182e-01
    6.50552213e-01 5.55743314e-02 2.67001186e-02 5.80972970e-01
    6.02420568e-01 -4.42405224e-01 7.47681618e-01 4.94994313e-01
    -2.89362997e-01 9.06919420e-01 3.11352998e-01 1.47328496e+00
    1.04669428e+00 -5.31813085e-01 -4.57488209e-01 1.10006377e-01
    -5.67738533e-01 6.12574458e-01 1.40148148e-01 -6.05443001e-01
    1.36258149e+00 -1.98307157e-01 4.87884462e-01 1.49774909e+00
    1.43597126e+00 1.57236587e-02 -1.24695204e-01 -3.97662610e-01
    1.67519951e+00 1.39506447e+00 6.50504887e-01 1.02354050e-01
    1.54404998e+00 1.55146027e+00 1.47601986e+00 -1.91179529e-01
    2.79222727e-01 -2.91681975e-01 4.40718532e-01 1.37383807e+00
    -4.65861559e-01 1.58241856e+00 2.62875140e-01 3.38827163e-01
    -5.79663336e-01 -4.08920854e-01 -4.39868212e-01 -2.10531354e-02
    1.02539384e+00 -1.51156545e-01 3.73807639e-01 9.66197729e-01
    3.35407346e-01 -1.96031064e-01 7.59416461e-01 8.83654416e-01
    -5.09671606e-02 1.49187517e+00 5.17677486e-01 1.60448432e+00
    1.58019865e+00 8.98526788e-01 7.43930340e-01 -3.51438910e-01
    -2.13206828e-01 -1.16143383e-01 9.94405031e-01 -5.84610403e-01
    4.34711337e-01 8.35065901e-01 1.30672085e+00 1.01698709e+00
    1.39776957e+00 1.14124143e+00 -4.62935269e-01 -4.45217043e-02
    7.55918622e-01 2.93072253e-01 1.57533252e+00 1.00868690e+00
    8.56233060e-01 5.04512131e-01 1.00010061e+00 1.25177398e-01
    1.69153523e+00 6.57229200e-02 -3.07350636e-01 9.55769420e-01
    5.62253892e-01 1.26002598e+00 -6.61740661e-01 -1.32130861e-01
    4.94672477e-01 2.77381331e-01 1.06200147e+00 1.38862455e+00
    3.05575609e-01 1.06009376e+00 -1.87010854e-01 1.08149648e+00
    -3.41317594e-01 1.60226893e+00 1.24408400e+00 1.04608500e+00
    6.60136461e-01 1.76056540e+00 7.84888446e-01 1.37161255e+00
    2.56415218e-01 3.25947739e-02 -4.11542326e-01 6.16399348e-01
    1.09186006e+00 1.10213785e-03 6.81336641e-01 7.84188882e-02
    1.55380622e-01 1.27431834e+00 6.83772415e-02 1.44845784e+00
    1.88048148e+00 3.87495607e-01 4.43643808e-01 5.88509977e-01
    7.44210184e-01 -5.19761086e-01 4.33339596e-01 1.06539595e+00
    -9.40583795e-02 3.37255836e-01 -3.62373084e-01 1.15331924e+00
    1.72129524e+00 1.17750311e+00 1.04990101e+00 -4.56757814e-01
    -3.35967749e-01 1.15162706e+00 -3.67270559e-01 7.44510710e-01
    -5.57913959e-01 7.20823258e-02 5.13223290e-01 -9.07823816e-02
    2.77662665e-01 1.28677475e+00 -4.37093154e-02 1.59044838e+00
    -4.52059567e-01 1.51301825e+00 8.49088728e-01 3.41294706e-01
    9.32274580e-01 3.51135820e-01 1.15276456e+00 3.39158803e-01
    1.10375762e+00 7.64380872e-01 -4.94259864e-01 1.04341745e+00
    -4.97136086e-01 4.28995281e-01 8.15117121e-01 8.06375444e-02
    1.11685729e+00 5.21704912e-01 -5.43364823e-01 1.75243938e+00
    2.59259611e-01 2.51354337e-01 1.30252182e+00 1.56088054e+00
    5.32535732e-01 5.26621472e-03 -6.11110806e-01 9.97913718e-01
    -3.96230549e-01 5.04172593e-02 -4.81154412e-01 1.59917009e+00
    -1.51854411e-01 -1.76195115e-01 1.75397551e+00 -7.21144617e-01
    4.44879234e-02 1.68014228e+00 9.80233312e-01 6.12827420e-01
    4.93972212e-01 5.26377439e-01 3.11644655e-02 -2.78127063e-02
    1.28287935e+00 -3.84205341e-01 -4.22970159e-03 -7.16258943e-01
    -7.66171634e-01 1.28452957e+00 7.39023447e-01 1.52671969e+00
    3.79303038e-01 7.06147850e-01 1.28088164e+00 -5.89187555e-02
    6.68047607e-01 4.20465916e-01 -8.27930570e-01 1.30155969e+00
    -1.06087163e-01 1.60000813e+00 -8.62465262e-01 1.34521365e-01
    8.17259312e-01 1.56924701e+00 6.46964312e-01 1.61875129e+00
    7.51881599e-01 7.22973883e-01 -6.49549007e-01 6.79041088e-01
    1.16660440e+00 -6.20888650e-01 6.55837655e-01 1.67456317e+00
    1.49645782e+00 9.55479145e-01 1.03647184e+00 7.43251145e-01
    7.98454940e-01 -6.86101258e-01 5.53424358e-01 5.77148318e-01
    1.11471772e+00 4.24756765e-01 -2.33344883e-01 4.92062807e-01
    7.53484070e-01 1.45284331e+00 1.93913803e-01 1.23915803e+00
    1.54053175e+00 1.52212524e+00 1.48429763e+00 1.02629554e+00
    -6.93318129e-01 1.28664601e+00 -7.48281300e-01 8.27265024e-01
    6.84020162e-01 1.02483547e+00 4.64727163e-01 1.57908607e+00
    -8.46321285e-01 9.82752562e-01 6.75397336e-01 3.13360780e-01
    7.95049608e-01 5.41170120e-01 -5.06464660e-01 -4.11508709e-01
    -1.25091299e-01 2.62566775e-01 1.02467108e+00 -6.74926043e-01
    6.12921178e-01 1.00258417e-01 -3.48973006e-01 5.99675357e-01
    1.00823891e+00 1.64389229e+00 9.93813157e-01 4.38353032e-01
    1.11527061e+00 -4.06002998e-01 1.49187732e+00 -1.74593762e-01
    -1.05549479e-02 1.54683590e+00 -6.96825683e-01 7.21144080e-01
    -7.71170855e-03 3.14090610e-01 1.52721500e+00 1.05321395e+00
    -1.66956648e-01 -7.98232406e-02 4.84391809e-01 4.72063601e-01
    1.62488198e+00 1.01736689e+00 9.55760717e-01 1.11444736e+00
    1.38375032e+00 -7.44314253e-01 1.80338764e+00 1.29313445e+00
    -6.51633963e-02 1.66242278e+00 6.54556274e-01 1.55168831e-01
    4.63620663e-01 -3.21764588e-01 9.48624134e-01 6.93653822e-01
    7.16992676e-01 -5.08151412e-01 1.99765965e-01 -4.61692512e-01
    -2.80910283e-01 1.01107633e+00 -4.89446193e-01 1.11824512e+00
    7.77248919e-01 -3.77579927e-01 1.29163635e+00 1.39178395e+00
    3.28972578e-01 6.29868388e-01 9.74535644e-01 1.27320468e+00
    -4.47332144e-01 2.36318678e-01 -4.49624717e-01 1.71502686e+00
    -5.25803506e-01 -3.15840065e-01 2.99478024e-01 -5.43596208e-01
    1.70716858e+00 8.23779583e-01 -5.05385280e-01 -3.66209745e-01
    -6.49722576e-01 3.75930732e-03 5.44419467e-01 2.98107535e-01
    3.05314749e-01 -4.84018177e-01 1.35388327e+00 1.37491596e+00
    5.82105815e-01 9.61761713e-01 -2.76038527e-01 1.64185762e+00
    5.14632821e-01 -4.24434006e-01 -5.06682575e-01 1.67794931e+00
    -3.34912866e-01 -4.15486634e-01 -5.50510287e-01 1.56769478e+00
    2.15907581e-02 -4.38197374e-01 4.72310901e-01 1.90702140e+00
    9.47036982e-01 1.06444597e+00 6.65379345e-01 7.69079864e-01
    6.45754933e-01 -7.01707006e-01 9.37251389e-01 1.06518137e+00
    -3.07767928e-01 5.39811134e-01 1.54653788e+00 -2.84073740e-01
    1.51673198e+00 1.51220286e+00 -6.51616693e-01 -4.50582445e-01
    -5.51825345e-01 1.34887421e+00 -1.38124730e-03 -6.92876697e-01
    1.15336728e+00 4.32734162e-01 6.94340765e-01 -4.26509082e-01
    1.59024966e+00 7.94194221e-01 -3.96933138e-01 -3.62195790e-01
    1.13663566e+00 -7.84652948e-01 7.48818040e-01 6.37981892e-01
    2.63122857e-01 6.85014725e-01 1.54119992e+00 9.50703263e-01
    -6.32111311e-01 9.52964127e-01 1.27648711e+00 6.02850497e-01
    -7.12579548e-01 -6.62541151e-01 1.18860543e+00 -5.80939710e-01
    1.31904399e+00 -7.39950687e-02 1.19258094e+00 1.45539594e+00
    1.38235283e+00 1.33156490e+00 -2.10940212e-01 1.57574284e+00
    5.57952642e-01 -6.67136431e-01 -7.04278648e-01 8.45976114e-01
    9.76220131e-01 1.54272127e+00 1.03853025e-01 6.89949794e-03
    -6.52358472e-01 1.12491524e+00 1.33658147e+00 7.16361463e-01
    -4.39447582e-01 1.50714052e+00 3.96426439e-01 -3.62988353e-01
    6.27819061e-01 1.57447755e+00 -4.46982712e-01 9.23145656e-03
    5.76064169e-01 6.63865566e-01 1.41054523e+00 2.62191743e-01
    -5.63291728e-01 -5.42321317e-02 1.75631970e-01 -1.89076051e-01
    -4.62101609e-01 1.02656209e+00 -5.45757711e-01 1.74483800e+00
    -3.79659951e-01 -5.62459640e-02 1.20606744e+00 1.45257092e+00
    -4.56905931e-01 1.22750986e+00 -6.00015283e-01 9.18989122e-01
    1.25950038e+00 6.16675466e-02 -2.76182085e-01 -4.52418894e-01
    8.35220397e-01 2.33803876e-02 7.08959177e-02 1.52554429e+00
    2.17693731e-01 -6.90926731e-01 -1.97327092e-01 1.28403318e+00
    5.81120491e-01 -4.52408865e-02 -4.78699267e-01 1.34243262e+00
    1.26567292e+00 4.10818487e-01 1.87943786e-01 1.53074694e+00
    3.06446791e-01 1.45147371e+00 -4.97391582e-01 1.05857158e+00
    1.32575297e+00 -7.92144120e-01 9.54807520e-01 -4.48920399e-01
    -5.33142149e-01 -7.10136950e-01 1.35212243e-01 1.54921222e+00
    9.86540973e-01 1.40966237e+00 -3.23657155e-01 8.74474823e-01
    -5.60661927e-02 6.85873032e-01 -3.21083009e-01 1.42283714e+00
    8.00463498e-01 -5.52033484e-01 6.49100468e-02 4.70637470e-01
    6.63829088e-01 5.75303398e-02 6.47231102e-01 -1.60580128e-01
    1.43728721e+00 9.84661639e-01 -2.61489332e-01 1.61217260e+00
    1.75524533e-01 1.39615929e+00 4.43224460e-01 -5.84003448e-01
    4.39590216e-01 3.94698799e-01 9.39311147e-01 -5.55480838e-01
    1.17763889e+00 -7.05305398e-01 7.04347670e-01 1.35719323e+00
    -7.87619352e-01 -5.72021604e-02 1.22327304e+00 -6.62635207e-01
    1.47730064e+00 -3.83919060e-01 9.56331134e-01 1.04601300e+00
    1.80623382e-01 -2.07037758e-02 9.78912711e-02 -3.30629289e-01
    3.51696730e-01 1.69381782e-01 6.42178953e-01 1.82149097e-01
    1.37356949e+00 1.58292806e+00 4.84997153e-01 -3.23040754e-01
    -1.68220937e-01 4.84095156e-01 1.57252312e+00 -4.90595758e-01
    -2.16091216e-01 7.10471690e-01 1.36787403e+00 1.53952992e+00
    8.10757637e-01 -2.87239581e-01 5.19547276e-02 1.13538992e+00
    -6.71692133e-01 1.35527086e+00 1.22099864e+00 5.76809287e-01
    1.23021162e+00 4.48282372e-04 -4.56099100e-02 1.02331674e+00
    3.85854691e-01 5.31929493e-01 -3.13801140e-01 7.17910945e-01
    -4.30995107e-01 5.44176638e-01 1.76919973e+00 1.79644907e+00
    -1.12765664e-02 7.84896135e-01 1.17395914e+00 1.12454545e+00
    -3.79253894e-01 9.94054601e-02 1.59803343e+00 1.15264809e+00
    1.61030161e+00 1.52235317e+00 1.17073870e+00 1.05770779e+00
    6.10766172e-01 -5.00483751e-01 1.30234361e+00 1.36946189e+00
    8.43159020e-01 -2.08539665e-01 3.34406257e-01 1.15687668e+00
    4.03154850e-01 -3.73295993e-01 8.59718442e-01 3.37257624e-01
    -2.35090703e-01 -4.81040269e-01 -2.61859596e-01 1.66160583e+00
    9.52196956e-01 -5.77506959e-01 2.12246343e-01 -2.93246627e-01
    3.01401019e-01 1.18700254e+00 -2.33114168e-01 1.74749327e+00
    -4.66710746e-01 -2.47864630e-02 -1.37974203e-01 1.55266213e+00
    -3.58106643e-01 9.59804118e-01 1.19801533e+00 8.24508369e-01
    1.62494004e+00 6.03119791e-01 1.02528274e+00 -4.60330099e-02
    3.55850965e-01 1.58387935e+00 5.90255447e-02 9.29882705e-01
    1.96703291e+00 1.78602314e+00 1.37333110e-01 -5.71632326e-01
    8.71674538e-01 -3.17585826e-01 2.05584750e-01 -2.99301088e-01
    2.71703392e-01 7.26535916e-01 3.41410756e-01 -4.59416926e-01
    2.65677124e-01 1.75363743e+00 7.54708052e-01 1.37704027e+00
    3.78105581e-01 1.50135553e+00 9.09453809e-01 5.45648515e-01
    -1.38761833e-01 7.87815824e-02 -5.59502900e-01 1.37518644e+00
    -7.53057702e-03 1.60612345e+00 5.85063100e-01 1.31392813e+00
    1.80009520e+00 1.59104693e+00 9.43156004e-01 -4.71576720e-01
    1.09430575e+00 1.39431894e+00 1.54292077e-01 1.22297120e+00
    6.94108725e-01 1.32253909e+00 -4.95995134e-01 -5.62668860e-01
    1.59818083e-02 -2.09288403e-01 -3.80526364e-01 4.56226289e-01
    1.35791731e+00 3.00560772e-01 4.07736339e-02 1.00686386e-01
    7.03462809e-02 1.42442918e+00 1.12602758e+00 1.72115117e-01
    2.21444353e-01 -7.03662276e-01 1.37136602e+00 1.51278090e+00
    1.00320292e+00 -6.50240302e-01 9.85455930e-01 1.59891796e+00
    -1.43219873e-01 1.69418728e+00 1.31731570e+00 3.68354982e-03
    1.10311353e+00 8.51190761e-02 5.53525925e-01 2.43638262e-01
    -5.77598572e-01 1.28934398e-01 1.58667767e+00 -2.59650499e-01
    2.53931344e-01 1.44831836e-02 1.62258720e+00 3.01163763e-01
    7.44177520e-01 1.14004695e+00 -5.31378150e-01 -9.05830935e-02
    1.61310995e+00 -4.42894906e-01 -3.84911805e-01 -5.53334117e-01
    1.28613412e+00 -1.51403233e-01 3.39116871e-01 1.43936187e-01
    1.46500468e+00 -6.88887239e-01 -3.33353221e-01 1.00674379e+00
    -4.73684967e-01 2.12272778e-01 1.68745577e+00 -1.96585990e-02
    4.78626043e-01 3.07150394e-01 9.01672244e-01 7.52639413e-01
    7.43918478e-01 2.71635771e-01 -6.55223846e-01 9.58287239e-01
    -2.40350991e-01 1.64675558e+00 4.25278872e-01 4.05978620e-01
    1.45119941e+00 4.95208442e-01 -4.98932391e-01 1.18599677e+00
    7.96984732e-01 -7.64191329e-01 1.18724358e+00 1.24516833e+00
    5.24776757e-01 5.34242094e-01 4.76902246e-01 6.19782865e-01
    -2.96730846e-01 -3.13908845e-01 -7.36391544e-01 1.00814283e+00
    7.59214938e-01 6.69127882e-01 1.34867501e+00 9.12360370e-01
    -6.70713782e-01 1.02058196e+00 1.11808941e-01 1.70613468e+00
    1.24804127e+00 7.34656155e-01 -2.17587650e-01 -2.53262259e-02
    1.67298269e+00 4.31213945e-01 1.62762070e+00 -8.65254849e-02
    9.70391273e-01 1.59974122e+00 1.12603581e+00 1.00547381e-01
    1.42115235e+00 5.46083570e-01 4.27435458e-01 -5.51475465e-01
    2.27107331e-01 1.58678293e+00 1.02420497e+00 9.88370836e-01
    8.46076787e-01 1.19988672e-01 3.63259315e-01 -4.06679288e-02
    1.27269006e+00 1.66605198e+00 -2.60052979e-02 1.15608692e+00
    1.72196007e+00 -5.52196026e-01 1.16868436e+00 1.01116824e+00
    3.64397645e-01 1.24603498e+00 1.49107051e+00 -2.76167005e-01
    -7.20022261e-01 1.80076742e+00 6.93431675e-01 1.19334139e-01
    4.53716785e-01 9.86993670e-01 5.13929315e-02 2.58405656e-01
    9.00542021e-01 -6.48369372e-01 -5.65546870e-01 3.95094395e-01
    -2.06590250e-01 -1.74390316e-01 2.75802538e-02 1.07855558e+00
    -5.46778738e-01 -2.24517003e-01 -5.96538484e-01 7.81899750e-01
    1.23427898e-01 -9.26028937e-02 5.00533640e-01 -6.68402851e-01
    1.30196917e+00 -4.50732782e-02 1.06830800e+00 -1.06244601e-01
    5.44704556e-01 5.66606164e-01 3.68613422e-01 5.83554089e-01
    -1.50882632e-01 -5.29510021e-01 -6.23838723e-01 1.36093748e+00
    -2.26365045e-01 1.65843534e+00 1.51725686e+00 8.89354110e-01
    1.32440376e+00 -7.04083323e-01 1.05690479e+00 -7.61481166e-01
    9.56095695e-01 -1.56173199e-01 -6.64670765e-01 1.66424125e-01
    -2.80639599e-03 1.58136282e-02 6.10414259e-02 1.29709840e+00
    7.62724698e-01 9.87896323e-01 1.68741834e+00 1.04946351e+00
    1.02211678e+00 -6.10119253e-02 -3.37407380e-01 9.91515458e-01
    1.44316673e+00 6.29459620e-01 1.73564053e+00 1.12408555e+00
    1.63062334e+00 4.52548802e-01 -4.50576067e-01 1.03692651e+00
    8.58782232e-01 1.46854401e+00 -2.99899578e-01 5.13755977e-01
    8.19404125e-02 1.31920528e+00 -6.72360003e-01 9.79829371e-01
    -4.58554357e-01 1.05516303e+00 1.47639036e+00 -7.50168979e-01
    1.10878432e+00 -2.87261605e-01 1.74552560e+00 1.53997886e+00
    -6.65296316e-01 -2.18178444e-02 -3.72756511e-01 2.30151463e+00
    8.62342119e-01 1.25201070e+00 6.90697253e-01 -3.73507529e-01
    9.42947716e-02 1.20778763e+00 1.41093004e+00 1.70067024e+00
    2.17552722e-01 -1.29514262e-01 9.91635740e-01 -2.52446294e-01
    1.57160115e+00 -2.25374907e-01 -3.13073903e-01 5.12763262e-01
    -5.29343367e-01 1.22902498e-01 -3.01892340e-01 -1.67537436e-01
    1.20410240e+00 7.56386220e-02 1.55934978e+00 -3.25459629e-01
    -7.78522134e-01 -7.13802159e-01 3.29583108e-01 1.64865601e+00
    8.23599875e-01 9.00981843e-01 5.58839798e-01 1.38540518e+00
    1.51491225e+00 -1.49221271e-01 -1.91865534e-01 4.43650454e-01
    -2.61783833e-03 4.12243381e-02 -3.42443049e-01 1.05742264e+00
    9.20298159e-01 1.90415204e+00 1.40937042e+00 4.50271100e-01
    1.15973818e+00 1.48221326e+00 -7.79452026e-01 -1.32409796e-01
    1.35538444e-01 1.42374432e+00 9.83872950e-01 1.21925354e+00
    -7.32140839e-01 1.31457019e+00 -4.47214007e-01 2.54505873e-01
    9.79092360e-01 1.48602390e+00 9.89679456e-01 8.73632431e-01
    -1.52908042e-01 -5.21710277e-01 -4.38455254e-01 8.03437769e-01
    2.64558583e-01 -7.59873748e-01 1.04068136e+00 9.05487478e-01
    2.34494284e-01 1.49742174e+00 4.07367259e-01 1.19476390e+00
    3.19735467e-01 4.32805836e-01 9.47187662e-01 1.82417738e+00
    5.38565665e-02 9.63626981e-01 1.17193758e+00 6.58371031e-01
    1.52542293e+00 -5.22874713e-01 1.69644260e+00 6.29826114e-02
    9.71644640e-01 5.04501998e-01 8.83551538e-02 1.57764018e+00
    -6.71703100e-01 -1.40774101e-01 1.25813270e+00 -8.41092505e-03
    1.45735180e+00 3.93846303e-01 1.38010895e+00 -4.16803390e-01
    -3.87098134e-01 -4.49752837e-01 6.77748322e-01 -1.79368809e-01
    8.18454683e-01 1.47074175e+00 1.20395136e+00 1.20162082e+00
    8.12574029e-02 1.11105168e+00 3.70932251e-01 -4.14813697e-01
    1.39029348e+00 -1.70340776e-01 2.74660140e-02 9.07109380e-01
    6.86199009e-01 1.71657848e+00 -2.32511908e-01 1.40553379e+00
    3.94045323e-01 1.42982006e+00 -2.57081896e-01 1.55007094e-01
    -1.68196499e-01 5.19505680e-01 1.36133194e+00 1.25097072e+00
    1.66052735e+00 4.84305263e-01 -8.97404432e-01 7.48566329e-01
    6.59223616e-01 -6.20118976e-01 -7.35012650e-01 -6.86208382e-02
    -1.04152873e-01 4.19726036e-02 -5.76050401e-01 -7.57151842e-01
    1.17141712e+00 -1.83365405e-01 -4.16421920e-01 -2.39820078e-01
    3.83562833e-01 6.74281046e-02 7.19555914e-01 -1.27263144e-01
    5.89447394e-02 -3.33415061e-01 -2.62538671e-01 1.60698704e-02
    1.06598115e+00 9.76298690e-01 1.63278854e+00 1.43520981e-01
    9.95155573e-01 -3.59168172e-01 1.57119930e+00 1.55819345e+00
    -5.06207049e-01 8.07767928e-01 1.51563704e+00 -2.63202667e-01
    7.98345447e-01 -7.47107685e-01 1.05522192e+00 1.16151631e+00
    1.70373037e-01 1.19549155e-01 -6.80516521e-03 8.96956801e-01
    1.31610191e+00 1.22202814e+00 1.17150867e+00 -2.49064550e-01
    -6.77069902e-01 -2.07163155e-01 3.69406849e-01 1.43916488e+00
    1.09429812e+00 1.18861771e+00 1.56737447e+00 2.62986481e-01
    1.48119903e+00 5.97293496e-01 -4.62648869e-02 3.86538386e-01
    1.07560538e-01 1.51927337e-01 1.26448083e+00 1.04591882e+00
    1.70359588e+00 -1.67862907e-01 9.22162950e-01 7.14610875e-01
    -1.30852107e-02 1.29577890e-01 -5.24008334e-01 3.86913359e-01
    1.19578552e+00 -9.75025073e-02 -4.00634259e-01 -3.59930396e-02
    1.49105978e+00 2.14181393e-01 -2.23982900e-01 5.34785092e-01
    2.22319469e-01 1.09289539e+00 -6.93005621e-01 6.46975100e-01
    -6.82662547e-01 1.77373075e+00 -1.37439102e-01 -1.58969522e-01
    1.30323172e+00 -4.26928729e-01 1.65974236e+00 1.44947100e+00
    9.24428582e-01 -7.64740109e-01 -3.83508623e-01 8.17897320e-01
    9.94253159e-01 1.39750612e+00 -4.07794982e-01 -2.55752951e-01
    1.59140453e-01 -3.58989865e-01 1.31984138e+00 -5.34402318e-02
    7.11225688e-01 6.71349883e-01 2.54539132e-01 6.07736051e-01
    -2.39605799e-01 7.73445070e-01 4.38609123e-01 -5.15574157e-01
    1.02091694e+00 8.65702510e-01 -5.48257887e-01 -6.71257675e-01
    4.66626912e-01 1.55382395e+00 -6.35421574e-02 9.23602402e-01
    1.60684228e+00 1.62301981e+00 1.28041923e+00 4.09789681e-01
    1.52844369e+00 1.09091401e+00 4.81994718e-01 2.91968614e-01
    -4.63779569e-01 1.44663155e+00 1.37051165e+00 6.96851790e-01
    -9.41020101e-02 1.65405422e-01 -6.16017282e-01 8.23898852e-01
    2.56851226e-01 -2.68761754e-01 -5.81014097e-01 1.58385754e+00
    8.89171541e-01 4.01239753e-01 -1.63615778e-01 1.68945086e+00
    4.75814909e-01 9.15448129e-01 -2.27588877e-01 -2.62407243e-01
    1.50177884e+00 -4.19036090e-01 1.44731069e+00 -2.18798146e-02
    5.63150465e-01 9.68475491e-02 1.20853734e+00 1.79635108e+00
    1.76483774e+00 -6.81010365e-01 -5.03700614e-01 1.16777050e+00
    -5.21965265e-01 -2.27456972e-01 2.47233957e-01 4.36793938e-02
    -4.29398954e-01 1.43336296e+00 6.84231400e-01 3.47256720e-01
    -6.15561426e-01 1.75986528e+00 1.53261054e+00 4.60432082e-01
    -5.93822673e-02 1.84726560e+00 3.13302055e-02 -4.92101550e-01
    5.02945006e-01 1.70485377e+00 1.39944744e+00 -6.00401163e-01
    -2.52561957e-01 1.67545128e+00 5.79780862e-02 1.27070236e+00
    -7.40132689e-01 7.60786891e-01 1.18226123e+00 1.53988481e+00
    1.51866555e+00 1.51808512e+00 -7.90493965e-01 1.15985982e-02
    -4.06231403e-01 1.61094531e-01 1.06789184e+00 7.62242496e-01
    1.57076657e+00 1.51034522e+00 -1.55639365e-01 2.55036384e-01
    -6.06485248e-01 -6.31095231e-01 9.20597970e-01 1.05854437e-01
    -4.70639616e-02 -7.59328783e-01 8.59306335e-01 -6.86511040e-01
    1.61263928e-01 -2.64561862e-01 5.59653163e-01 3.16740900e-01
    1.73770323e-01 3.09916735e-01 1.20994590e-01 -5.74299335e-01
    1.49842763e+00 1.21536112e+00 2.09411472e-01 7.27583393e-02
    1.44033253e+00 1.66661596e+00 7.51461148e-01 -5.97693324e-01
    5.51193357e-01 1.26125419e+00 5.09405553e-01 4.09293383e-01
    2.30149757e-02 1.14594114e+00 3.27274084e-01 -6.40137911e-01
    1.15302551e+00 6.74594104e-01 -3.50245208e-01 1.59065843e+00
    6.76149011e-01 1.20180535e+00 5.49302697e-01 -5.77970624e-01
    9.47224140e-01 4.73033972e-02 -7.88154900e-01 2.44375244e-01
    -7.88888991e-01 6.20686650e-01 1.35741591e+00 6.39898539e-01
    1.51361823e-01 -4.95589405e-01 3.67191076e-01 1.29575896e+00
    1.62684113e-01 3.50822210e-02 7.09571600e-01 -6.95923030e-01
    -3.73635367e-02 1.59885120e+00 -8.33198607e-01 1.74407259e-01
    5.25194228e-01 9.66903806e-01 -6.56242371e-01 1.14445448e+00
    1.54018998e+00 1.19091845e+00 4.40893322e-01 8.78852010e-01
    1.27061415e+00 9.43298280e-01 1.47369707e+00 -5.81770539e-01
    -4.56380755e-01 1.07970011e+00 -2.30568528e-01 1.49767590e+00
    1.20178783e+00 1.17068374e+00 -3.14800292e-01 6.02092624e-01
    1.51289368e+00 1.58840382e+00 1.41226232e-01 1.71837616e+00
    -4.47481334e-01 1.19182181e+00 1.04427718e-01 1.71774936e+00
    1.48891413e+00 1.77385831e+00 1.79828572e+00 1.63193429e+00
    -2.64256876e-02 -1.66153282e-01 7.60918617e-01 3.71259838e-01
    -5.58201857e-02 1.19356394e+00 -2.29338124e-01 -4.03940409e-01
    -5.34321845e-01 1.12011254e+00 8.97166789e-01 1.00974965e+00
    -6.21255934e-02 1.74687493e+00 6.07069254e-01 -7.86784768e-01
    -5.35175577e-02 9.38051641e-01 7.28509367e-01 1.75964996e-01
    1.08907330e+00 -3.74831520e-02 1.45667005e+00 1.13269651e+00
    1.22371125e+00 4.93295699e-01 3.78279507e-01 8.07244003e-01
    6.98875129e-01 1.56707782e-02 4.09010537e-02 -4.15318757e-01
    -5.15107930e-01 1.27304161e+00 1.01034904e+00 1.35559201e-01
    6.24590874e-01 1.87179044e-01 7.47709513e-01 -3.53693277e-01
    1.46561813e+00 1.89556614e-01 1.60560799e+00 1.55207202e-01
    6.66644156e-01 -2.26435125e-01 1.71064925e+00 1.40856016e+00
    2.95899481e-01 -1.67361349e-01 1.70518339e+00 1.00794077e+00
    2.31761470e-01 -3.49809498e-01 1.40543926e+00 -7.26212382e-01
    1.97961792e-01 1.22435987e+00 -6.71435714e-01 1.12647736e+00
    9.22781348e-01 4.51268166e-01 -7.20334768e-01 -6.09893560e-01
    -6.27848208e-01 -6.08316779e-01 1.22861540e+00 7.14815795e-01
    8.35010052e-01 1.12245429e+00 -2.19014809e-01 1.40547156e+00
    1.27407098e+00 6.30339801e-01 -4.00759548e-01 -5.01006484e-01
    6.55935943e-01 2.27837972e-02 4.55330759e-01 1.16682231e+00
    8.02969456e-01 5.65951586e-01 5.36319256e-01 1.55399597e+00
    1.46417633e-01 -6.15366817e-01 1.57822824e+00 -2.31751651e-01
    1.00524807e+00 -1.92771718e-01 -5.51387966e-01 2.25149944e-01
    6.38681352e-01 1.78357339e+00 1.41035354e+00 1.37512517e+00
    -5.47162369e-02 1.10874116e+00 1.33318210e+00 1.15076435e+00
    1.44417420e-01 1.66738939e+00 -8.94255638e-02 1.43090904e+00
    2.99120769e-02 -5.50892115e-01 1.54412076e-01 -5.16785264e-01
    1.06127357e+00 6.08021975e-01 -6.09477520e-01 1.61517727e+00
    1.80093193e+00 -5.59650481e-01 1.40224233e-01 1.31673026e+00
    -2.44832858e-01 1.45616496e+00 9.09494102e-01 1.59292507e+00
    -1.56069901e-02 5.13145745e-01 1.33012092e+00 -4.09460515e-01
    -5.67982137e-01 1.37035453e+00 1.21915042e+00 -1.88340843e-01
    1.34388602e+00 -1.91250686e-02 -3.96441996e-01 1.18403149e+00
    6.04556561e-01 7.97553420e-01 3.23792994e-01 1.32362854e+00
    7.54914135e-02 -6.06895924e-01 -2.15099528e-01 1.72697663e-01
    1.00529158e+00 -3.74319583e-01 8.30016792e-01 -2.06484601e-01
    9.54214573e-01 1.85245246e-01 4.31249291e-01 -3.11656415e-01
    -2.98845410e-01 4.40658599e-01 1.31793106e+00 -9.15686339e-02
    3.74963790e-01 8.50244686e-02 -1.25077650e-01 1.35356152e+00
    1.25001478e+00 3.09593439e-01 1.27658772e+00 -3.18156064e-01
    1.03872895e+00 -2.35467762e-01 3.74710619e-01 1.00563514e+00
    1.22322309e+00 1.52715158e+00 4.56660800e-02 -7.79373944e-01
    -6.01725817e-01 1.61642766e+00 1.70028591e+00 1.52871382e+00
    2.73835212e-01 -7.13530719e-01 1.71729699e-01 2.66780794e-01
    3.06456745e-01 -3.79225671e-01 -2.55183309e-01 3.62401694e-01
    1.47262856e-01 -4.19986904e-01 -5.85579157e-01 1.22543967e+00
    1.60173810e+00 -1.54671937e-01 -1.51571989e-01 -5.35882711e-01
    -4.68189232e-02 7.38948762e-01 5.19702613e-01 1.71163332e+00
    3.37005317e-01 3.22653472e-01 1.17758524e+00 7.07238138e-01
    1.41590750e+00 -2.08043799e-01 7.90796459e-01 -7.93907762e-01
    -4.59764332e-01 3.21991928e-02 7.41653562e-01 1.93339929e-01
    9.55148816e-01 1.16491973e+00 -7.67422199e-01 9.47402179e-01
    -3.73186506e-02 1.58798897e+00 -1.42915815e-01 1.50915635e+00
    8.13064694e-01 -4.62914407e-02 -3.94698717e-02 1.63938135e-01
    1.86225176e-01 2.22343445e-01 9.59887981e-01 3.53752196e-01
    4.36151713e-01 1.17751753e+00 -2.21027121e-01 -4.02931005e-01
    1.59771815e-02 5.41587651e-01 -4.23623651e-01 1.75177002e+00
    -8.46659020e-02 4.48162526e-01 1.37017882e+00 1.15269959e+00
    6.04349896e-02 -4.74052638e-01 1.59717560e+00 1.08218205e+00
    -5.43494582e-01 2.88042098e-01 1.35175630e-01 7.11397290e-01
    8.81198704e-01 1.38220355e-01 -6.16981164e-02 9.30485904e-01
    -6.59506619e-01 1.23920120e-01 2.23779514e-01 -1.31483987e-01
    1.68553722e+00 1.48294032e+00 -6.33465469e-01 -6.08038902e-01
    -5.11905789e-01 -1.95830867e-01 -2.48661757e-01 3.40978235e-01
    -4.73810077e-01 7.74374902e-01 2.06962168e-01 1.68712318e+00
    5.83970547e-02 -4.34587717e-01 -6.55034840e-01 1.23835039e+00
    8.10788095e-01 1.30204415e+00 4.75554883e-01 -6.71435118e-01
    -1.44218579e-02 -6.09445512e-01 -5.22057176e-01 7.35964239e-01
    2.41658121e-01 1.56357062e+00 1.49865007e+00 4.31335509e-01
    6.30884767e-01 1.04638648e+00 2.82029390e-01 -6.98644340e-01
    4.46735807e-02 1.66078007e+00 1.14470601e+00 1.12449455e+00
    1.44271052e+00 1.69220197e+00 -1.29076451e-01 1.57577956e+00
    -4.22348022e-01 1.40780437e+00 7.98912525e-01 1.91892281e-01
    -4.97371465e-01 6.53783858e-01 7.17786789e-01 2.01872230e-01
    5.32544732e-01 9.69754577e-01 -4.53404218e-01 3.82788926e-01
    1.08864284e+00 -5.75316370e-01 1.22920001e+00 -1.14549667e-01
    5.76778769e-01 1.26511201e-01 1.72302377e+00 9.10770059e-01
    2.55522668e-01 6.45407319e-01 -1.68846861e-01 8.28720331e-01
    -3.52993637e-01 1.34467518e+00 1.31818843e+00 1.11973338e-01
    -3.30229253e-01 -2.58920789e-01 1.15570581e+00 1.45718479e+00
    1.33632112e+00 1.75513363e+00 -4.51277286e-01 -2.88275808e-01
    3.51093821e-02 -8.52763295e-01 7.87042856e-01 7.71077394e-01
    -4.46629345e-01 1.40007210e+00 1.20153666e+00 -1.59620550e-02
    -4.88089710e-01 -2.87845314e-01 4.99476969e-01 1.38881302e+00
    1.59030104e+00 -5.96939385e-01 6.59978807e-01 -5.70447147e-01
    1.18932629e+00 1.66499317e+00 9.09092069e-01 2.26395190e-01
    1.20372617e+00 3.45018879e-02 -6.28642440e-02 1.03706563e+00
    -1.75780624e-01 -3.03894222e-01 -4.48362917e-01 1.70209444e+00
    1.77744210e+00 1.06280100e+00 -5.57940006e-02 -2.86512256e-01
    1.55787551e+00 -3.94885749e-01 7.56507754e-01 8.19771111e-01
    -1.60255387e-01 -7.22864926e-01 -5.39478838e-01 6.85118318e-01
    1.67065454e+00 6.79049492e-01 1.69838738e+00 1.59001505e+00
    2.14024618e-01 -4.65481162e-01 -2.72028893e-01 4.93253767e-01
    -2.53035843e-01 1.14471042e+00 1.78184360e-01 1.61338580e+00
    5.34074187e-01 5.67561567e-01 5.24346419e-02 1.28650260e+00
    1.14143372e+00 3.02013397e-01 9.34549332e-01 9.17456925e-01
    9.63553369e-01 -7.59863496e-01 1.30837023e+00 7.32593775e-01
    -2.70064056e-01 1.26473331e+00 1.11964464e+00 -7.06672072e-01
    -4.98402834e-01 -5.73647559e-01 1.55921221e+00 1.18596561e-01
    8.11918855e-01 8.39181721e-01 1.67080271e+00 1.28145623e+00
    1.60035431e+00 1.49400127e+00 -9.53382924e-02 -7.55626261e-01
    -5.09502785e-03 1.28363997e-01 2.77320683e-01 1.60684019e-01
    1.01945281e+00 1.35591412e+00 1.65223122e+00 6.34187400e-01
    7.92209744e-01 -6.68173671e-01 1.44449031e+00 4.06560570e-01
    1.07547677e+00 1.03300655e+00 3.73823524e-01 5.24906039e-01
    4.76517051e-01 1.25864625e+00 1.14995323e-01 -5.93493521e-01
    -1.85255498e-01 1.76873708e+00 1.46201551e+00 5.05793802e-02
    1.20019659e-01 3.48678887e-01 1.79040956e+00 1.04795289e+00
    1.10155165e+00 -4.13293242e-02 9.27571893e-01 7.72442937e-01
    8.35274756e-01 8.67780507e-01 2.49738380e-01 5.01919925e-01
    2.57433087e-01 1.14222479e+00 1.40467155e+00 -3.03592443e-01
    1.02926159e+00 -3.44941914e-01 -1.16843380e-01 -5.41847289e-01
    7.29815960e-02 6.44571364e-01 -4.30077361e-03 8.16612959e-01
    2.00611930e-02 5.18772900e-01 -2.84146816e-01 -4.16123867e-01
    -1.09820612e-01 2.84606904e-01 1.57264352e+00 1.01788676e+00
    4.59604502e-01 -2.33718991e-01 1.06012189e+00 3.98532838e-01
    -2.02758044e-01 7.40640759e-01 -1.39386237e-01 4.44109648e-01
    6.79138541e-01 -5.63391864e-01 1.16317594e+00 2.05956429e-01
    -5.14799058e-01 5.20331040e-02 4.03664798e-01 1.62116385e+00
    2.01983869e-01 1.31531131e+00 5.64535379e-01 1.64890838e+00
    1.41318917e+00 1.47518587e+00 1.34709537e-01 1.79057717e+00
    9.10179734e-01 -7.63016567e-02 5.37666202e-01 8.05090249e-01
    -1.57929167e-01 1.34119809e+00 1.36169803e+00 8.75860095e-01
    1.52493453e+00 -4.15330917e-01 3.58661860e-01 1.25470233e+00
    2.69736499e-02 1.01720679e+00 1.32546449e+00 -4.41454232e-01
    -4.35320109e-01 -2.40738377e-01 5.24815917e-01 7.11603314e-02
    1.21308625e+00 -7.42348969e-01 -6.48966670e-01 5.23958564e-01
    -4.88858253e-01 3.61824967e-02 8.86373162e-01 -1.04007706e-01
    -8.28176379e-01 1.37444520e+00 1.09012723e+00 9.68880892e-01
    1.18432176e+00 1.54674053e+00 1.70079541e+00 8.78940344e-01
    8.11554730e-01 9.80387151e-01 7.61527300e-01 2.26124600e-01
    1.76050282e+00 -3.14482510e-01 1.60776466e-01 5.23009658e-01
    9.83050466e-01 5.88998497e-01 7.12663829e-01 1.32651746e+00
    7.49702871e-01 3.93209279e-01 -3.40139061e-01 -6.70690417e-01
    1.48860288e+00 1.06333951e-02 3.97155613e-01 -7.09542334e-01
    1.20044149e-01 -6.79166734e-01 1.11256385e+00 1.49548203e-01
    1.75176287e+00 -3.00709665e-01 1.39942956e+00 1.12670004e+00
    -1.36541381e-01 -5.58214724e-01 9.14934337e-01 1.54051042e+00
    1.63006592e+00 9.00734127e-01 1.06470335e+00 -4.59304303e-02
    -4.76728171e-01 2.69007534e-01 -7.53591880e-02 -3.88973534e-01
    1.82387555e+00 -5.54645300e-01 -1.43807992e-01 9.39261094e-02
    1.42682306e-02 1.22177720e+00 1.49846268e+00 1.21066236e+00
    9.95157242e-01 -4.79664430e-02 -3.49327356e-01 -5.87101161e-01
    -2.28142560e-01 1.51102912e+00 3.71636808e-01 6.07217662e-02
    1.72330439e+00 1.56319356e+00 3.16394381e-02 1.71683180e+00
    1.23887444e+00 3.89741391e-01 9.48643923e-01 -4.89036918e-01
    6.38100624e-01 7.81485915e-01 2.09537104e-01 -5.53926528e-01
    -4.92757857e-01 1.67306352e+00 1.10986531e+00 -4.64187145e-01
    -1.56461373e-02 -7.21301198e-01 1.05855334e+00 -6.87933683e-01
    2.17978552e-01 6.65894151e-02 -9.43704173e-02 -4.56617028e-01
    -6.92611277e-01 1.31524354e-01 5.41135013e-01 3.87725085e-01
    5.50098538e-01 3.58998954e-01 -3.51552397e-01 9.94915187e-01
    1.26827407e+00 1.85208273e+00 2.31879368e-01 1.20299466e-01
    4.44754273e-01 1.42463696e+00 1.09593701e+00 6.69706404e-01
    1.81539464e+00 8.05703849e-02 1.50424436e-01 9.62160707e-01
    -6.40961051e-01 9.77325022e-01 1.41538978e+00 9.82735276e-01
    -2.01649725e-01 -5.74254811e-01 1.51901770e+00 1.65492821e+00
    3.64268154e-01 5.32987528e-02 5.65329075e-01 -1.59305975e-01
    -7.02442154e-02 -3.29959095e-01 6.27863586e-01 -4.92688209e-01
    -7.02608049e-01 9.81478214e-01 5.21900415e-01 1.11865687e+00
    -4.70911443e-01 1.74598277e+00 1.12592401e-02 1.26724172e+00
    -1.87092542e-03 6.43969595e-01 8.86992395e-01 2.30386078e-01
    2.31960297e-01 7.26400018e-01 -4.32407886e-01 -5.84104896e-01
    -8.62671509e-02 -7.28105187e-01 1.27724838e+00 1.61718798e+00
    -1.78291783e-01 1.69706392e+00 4.00839955e-01 1.72454476e-01
    9.34690163e-02 1.55551231e+00 3.36859643e-01 4.34526712e-01
    -3.19126010e-01 1.20591354e+00 -1.88877806e-01 4.74194556e-01
    7.68537700e-01 1.87900797e-01 1.20083475e+00 3.32367480e-01
    1.76760006e+00 1.19032645e+00 1.07757658e-01 1.05972707e+00
    -7.09368110e-01 1.47690094e+00 -5.17242193e-01 1.32220328e+00
    1.28561234e+00 4.70733523e-01 3.82906884e-01 4.50172216e-01
    1.19588304e+00 -1.89315572e-01 1.60175860e+00 1.13241231e+00
    1.09694088e+00 -2.29481027e-01 -6.53499782e-01 9.26064014e-01
    -5.49380898e-01 4.50228930e-01 -2.89717376e-01 1.18782711e+00
    8.26697648e-01 -1.19684353e-01 5.61165154e-01 5.44601023e-01
    1.77439809e+00 3.36360306e-01 -2.35167682e-01 -2.11952910e-01
    1.03426266e+00 6.41698241e-01 8.25494528e-01 -4.40389931e-01
    9.40234601e-01 4.62847769e-01 2.97640562e-01 1.63765812e+00
    9.70681190e-01 9.84954596e-01 7.75847137e-02 6.08798802e-01
    3.60206842e-01 1.65954053e+00 -5.39812446e-01 1.64994490e+00
    1.31182098e+00 7.06566095e-01 2.40064785e-01 2.49689043e-01
    7.82935679e-01 9.21000600e-01 -3.92151833e-01 -3.35749656e-01
    9.67842698e-01 1.09123659e+00 7.35260725e-01 9.50841427e-01
    1.17983449e+00 1.21599674e+00 1.47608995e+00 1.69658661e+00
    -1.90819949e-01 -3.59103620e-01 1.04317760e+00 2.90365845e-01
    -2.66551673e-01 1.01735222e+00 -4.08574104e-01 1.17177837e-01
    5.07951200e-01 1.67486024e+00 4.33319211e-01 -5.81490099e-01
    1.11994457e+00 -6.63011491e-01 1.08671017e-01 1.45405340e+00
    1.79959846e+00 1.24326718e+00 7.44269013e-01 -3.09393466e-01
    5.57274483e-02 -5.00744045e-01 4.15122002e-01 -3.40523571e-01
    1.69161928e+00 1.49124897e+00 2.14814767e-01 2.67909586e-01
    7.21860230e-01 2.63681293e-01 2.47748822e-01 4.92031485e-01
    1.01715121e-02 1.79281890e-01 1.77822664e-01 6.66290164e-01
    1.43007195e+00 6.01787567e-02 -3.03061962e-01 -7.24274814e-01
    1.59795082e+00 3.62408221e-01 9.87178683e-01 -6.66887760e-01
    1.48660815e+00 5.30608237e-01 9.46212471e-01 9.25790727e-01
    8.70760441e-01 -4.60902601e-01 1.42450464e+00 7.05924630e-01
    -1.00428931e-01 6.42689645e-01 8.89666200e-01 5.03796279e-01
    5.05264044e-01 -1.29392192e-01 -6.60344124e-01 1.06254232e+00
    1.09435141e+00 6.81078017e-01 1.12708485e+00 8.48024249e-01
    1.08340347e+00 -1.58041552e-01 1.27080214e+00 7.50598848e-01
    1.77119565e+00 1.53886771e+00 3.07856407e-02 -4.13372517e-01
    1.39379907e+00 3.28423709e-01 -5.40261567e-01 -6.81807399e-01
    1.37291706e+00 1.74517035e+00 -2.44121626e-01 1.65342021e+00
    -2.86995292e-01 -1.98907167e-01 8.20573270e-01 1.17028177e+00
    9.33501124e-01 4.27225441e-01 -5.46387613e-01 3.17540854e-01
    -4.93702561e-01 3.64544600e-01 2.79767990e-01 -6.35498941e-01
    8.45463514e-01 7.88837254e-01 -2.34992176e-01 -3.55185747e-01
    -8.44748169e-02 1.65002227e+00 5.79621434e-01 -5.79189420e-01
    8.47774506e-01 4.92806174e-03 6.02661729e-01 1.01010704e+00
    1.24863613e+00 1.51162565e+00 6.13399804e-01 1.35636044e+00
    -4.32150304e-01 1.70110285e+00 -2.38214925e-01 2.85222322e-01
    1.12894678e+00 1.09509254e+00 4.71710652e-01 9.47845280e-01
    7.11554706e-01 7.72786140e-01 1.46922636e+00 1.77071303e-01
    1.38310766e+00 1.65181220e+00 1.64863539e+00 6.51086330e-01
    -4.36838090e-01 5.51976323e-01 1.26398289e+00 9.88827348e-01
    1.67999339e+00 2.01236939e+00 -2.71826118e-01 -5.41585326e-01
    1.42883492e+00 1.17269993e+00 -1.33952960e-01 1.80238760e+00
    -3.08474183e-01 1.59283364e+00 1.66981947e+00 -3.83050740e-01
    8.05156410e-01 -5.55585921e-01 -2.95255303e-01 -2.38510668e-01
    8.65916133e-01 1.09828539e-01 5.27791381e-01 2.17084154e-01
    -2.57708669e-01 7.41556048e-01 1.29201508e+00 -4.46412325e-01
    4.91198510e-01 1.21001852e+00 8.16838264e-01 9.31873262e-01
    3.07457924e-01 -7.65154362e-01 -2.48479005e-02 2.66581684e-01
    4.62145001e-01 9.44337785e-01 7.20447898e-01 1.46218598e+00
    2.98510164e-01 8.06652904e-01 1.36553025e+00 -6.58477545e-01
    1.74453890e+00 1.83032322e+00 -4.52822834e-01 2.08917394e-01
    8.93016160e-01 6.00471139e-01 1.30733058e-01 -6.29595637e-01
    2.63424128e-01 1.67819631e+00 -2.21293792e-02 2.25245520e-01
    -6.87745988e-01 1.11976063e+00 8.31591785e-01 -5.93744397e-01
    -4.14112896e-01 2.42800176e-01 4.30248827e-01 1.30744743e+00
    1.56346595e+00 -6.61995292e-01 9.99512553e-01 1.94639191e-02
    -4.45750684e-01 5.04919648e-01 7.26737082e-01 1.06775260e+00
    1.08279693e+00 1.63424981e+00 7.82291353e-01 -3.91011208e-01
    -1.12912193e-01 7.75379241e-01 1.44908917e+00 6.87472701e-01
    8.43913734e-01 -8.64249766e-01 2.21943751e-01 1.41236031e+00
    1.02443421e+00 -2.71532536e-01 1.33153975e+00 1.29955149e+00
    -4.14972097e-01 5.21135926e-01 1.14313018e+00 7.75019526e-01
    -4.05834675e-01 4.95722622e-01 7.02798128e-01 9.10392180e-02
    1.16796899e+00 9.56502259e-01 7.31110394e-01 6.27722323e-01
    1.36915374e+00 4.33054566e-01 -4.19480294e-01 -4.21134025e-01
    -7.71063566e-02 2.08680421e-01 1.58179307e+00 6.70966387e-01
    -5.62269725e-02 1.05868769e+00 1.23337805e+00 -1.36891842e-01
    1.38256466e+00 -3.14935952e-01 1.25945449e+00 1.19755721e+00
    3.14375877e-01 -2.35770762e-01 1.50175214e+00 7.15710223e-01
    1.55908436e-01 -4.58409101e-01 -7.04886485e-03 1.84043264e+00
    1.39140987e+00 1.03157115e+00 -6.31999135e-01 3.75571340e-01
    1.04826009e+00 7.63315618e-01 2.96660274e-01 1.40654778e+00
    -4.01726663e-01 -7.84572363e-01 2.87798513e-02 -2.12558359e-02
    8.93200397e-01 1.30569935e+00 1.36036515e+00 1.64242506e+00
    1.66877198e+00 -6.71195924e-01 1.70289159e+00 1.40914392e+00
    -2.21060157e-01 -9.04573798e-02 -6.85269296e-01 1.04821432e+00
    -6.59835815e-01 3.41902494e-01 9.69073594e-01 4.94928882e-02
    7.54975915e-01 -5.28831244e-01 2.27162078e-01 -1.97676748e-01
    -5.83686531e-01 1.76979840e+00 1.81474555e+00 1.55615652e+00
    9.93729949e-01 1.53746939e+00 1.70153952e+00 1.81519318e+00
    7.70268917e-01 6.30271137e-01 4.37814742e-01 1.70834768e+00
    -2.93215394e-01 1.03345320e-01 -8.41787875e-01 3.56183380e-01
    1.51978815e+00 8.19385886e-01 2.56092221e-01 -4.41768557e-01
    9.32924569e-01 -1.99731901e-01 -1.22611322e-01 6.60574436e-01
    -5.04182100e-01 1.05288541e+00 -7.06453502e-01 1.62177634e+00
    3.51475388e-01 1.07294321e+00 9.62685168e-01 6.22618914e-01
    4.55943078e-01 7.56219149e-01 1.13094199e+00 -5.14059782e-01
    8.21089327e-01 -6.75100923e-01 8.87476742e-01 -9.46345180e-02
    4.54976052e-01 8.39724362e-01 -1.07718289e-01 1.01947606e-01
    1.61352658e+00 -2.04691872e-01 4.26922627e-02 4.60761309e-01
    -7.48043880e-02 5.15729427e-01 1.43208534e-01 1.71097255e+00
    1.84157491e+00 -5.35353422e-01 1.05378419e-01 3.91523242e-01
    -6.06306136e-01 2.99727082e-01 8.64346981e-01 7.86751509e-02
    1.17927492e+00 -3.42166871e-01 -1.56670243e-01 1.29168880e+00
    -4.25747007e-01 1.12028098e+00 -2.00519383e-01 1.15746987e+00
    -6.29105031e-01 1.03776073e+00 2.57297844e-01 1.49849772e+00
    4.18340921e-01 2.13092029e-01 4.77357149e-01 6.12278223e-01
    3.59623998e-01 1.80791572e-01 1.64622688e+00 8.10540736e-01
    1.25967443e+00 1.44012868e+00 3.72745305e-01 -3.18888612e-02
    1.14007747e+00 -6.72694109e-03 1.52148342e+00 1.08557016e-01
    8.96973729e-01 -6.67703271e-01 -3.52667391e-01 1.55256367e+00
    8.12618256e-01 -7.01868594e-01 1.47201991e+00 1.41000301e-01
    -1.43913314e-01 1.73465455e+00 -6.16833448e-01 -1.61717176e-01
    -3.34246069e-01 -1.19783863e-01 5.71101189e-01 1.49159920e+00
    -2.79128402e-01 5.42715073e-01 2.02689707e-01 -6.07455134e-01
    -1.22467160e-01 1.47990072e+00 -6.65015697e-01 8.23743343e-01
    1.61273968e+00 9.05054629e-01 -6.23553991e-01 1.43944299e+00
    -7.82808423e-01 -1.08614333e-01 -7.00638771e-01 2.72544235e-01
    1.32120669e+00 2.44094625e-01 1.53352380e-01 1.35441422e+00
    1.45591486e+00 2.05146343e-01 1.95273906e-01 9.27656412e-01
    -5.14908254e-01 1.68399954e+00 2.43648216e-01 3.22191834e-01
    -1.05570555e-01 1.32981837e+00 -2.45396141e-02 8.94999981e-01
    1.55746543e+00 -4.29757953e-01 -3.22924882e-01 6.27935350e-01
    -3.97526473e-01 1.40864480e+00 2.82135099e-01 -5.12487829e-01
    9.76290941e-01 9.14564133e-02 -8.01071301e-02 1.62832046e+00
    -1.71515793e-01 -4.84097809e-01 1.54073262e+00 -6.85831308e-01
    1.39062250e+00 7.91957676e-01 1.22556484e+00 1.26603818e+00
    -2.27780312e-01 8.29177856e-01 -3.35945904e-01 -4.80605513e-01
    -2.54720002e-01 1.27195275e+00 -5.49912751e-01 7.54112780e-01
    1.77784276e+00 8.19078609e-02 5.69227636e-01 -1.43502161e-01
    -3.84495527e-01 -6.14951909e-01 1.17215598e+00 2.56473392e-01
    1.56072700e+00 3.52682918e-01 -5.70893586e-01 2.36441299e-01
    -1.99585378e-01 1.18019097e-01 2.31586054e-01 5.66636622e-01
    1.03068995e+00 -7.21635997e-01 5.19144416e-01 -7.45348871e-01
    1.17999375e+00 4.40105200e-01 1.64298391e+00 -2.66243285e-03
    1.04432750e+00 2.75780827e-01 9.71123695e-01 1.04257631e+00
    6.34099305e-01 -4.19614613e-01 1.22663617e+00 -4.03992474e-01
    -9.46927518e-02 -3.44654113e-01 2.92403072e-01 3.08278650e-01
    6.54716432e-01 6.63913608e-01 1.36953276e-02 1.50213182e+00
    6.01574719e-01 4.94703501e-01 -3.31016690e-01 8.62340152e-01
    -6.36799932e-01 -1.51522204e-01 -1.40529409e-01 -7.69752443e-01
    9.80456233e-01 -1.44999623e-01 1.24766886e+00 -3.85021120e-01
    1.02943838e+00 1.41053009e+00 5.34150183e-01 8.90933096e-01
    4.49994266e-01 -4.32362229e-01 -3.64718288e-01 1.28860211e+00
    1.80426669e+00 1.78271997e+00 3.85957807e-01 1.28332913e-01
    -5.15340567e-01 -1.50303571e-02 6.74815059e-01 -2.34519970e-02
    1.54623330e+00 1.39127398e+00 -8.46595287e-01 -5.94539046e-01
    1.39962852e+00 1.75814903e+00 5.02994299e-01 1.44436523e-01
    1.08770713e-01 -8.19165468e-01 3.29662971e-02 -7.48315573e-01
    1.20865464e+00 7.51188993e-01 -7.57169962e-01 1.72480035e+00
    9.17390138e-02 5.07776380e-01 -2.36681521e-01 -1.40167966e-01
    1.86760974e+00 1.48666000e+00 6.11718237e-01 3.49689811e-01
    1.52983379e+00 1.31626165e+00 9.66064930e-01 -3.37756157e-01
    1.63297689e+00 -2.46543348e-01 5.91500223e-01 9.60295618e-01
    1.06258166e+00 -4.32378948e-01 -1.67203069e-01 1.14795424e-01
    5.18943429e-01 1.36043191e+00 -1.05498694e-02 1.60688460e-01
    -2.56169140e-01 5.66720784e-01 3.76989573e-01 5.10947168e-01
    1.52220416e+00 -3.98853451e-01 8.57062042e-01 1.23365068e+00
    6.39585972e-01 1.22147314e-01 5.60536027e-01 -1.57725021e-01
    -2.55037844e-01 6.28131866e-01 -5.04656732e-01 5.00484891e-02
    1.66001952e+00 1.69387841e+00 4.97750565e-02 7.09367275e-01
    1.11997020e+00 9.58822966e-01 1.42372441e+00 4.54869837e-01
    2.07651466e-01 4.62314397e-01 3.50070119e-01 9.35974479e-01
    -1.12546861e-01 -1.81137294e-01 -4.99053001e-01 1.18190193e+00
    5.55026233e-01 5.25770187e-01 2.27412302e-02 7.27896035e-01
    4.16812867e-01 1.07614368e-01 -4.79309559e-01 -5.00278711e-01
    -1.39236853e-01 -3.01075369e-01 3.82587582e-01 1.55019128e+00
    -2.22455427e-01 9.83326912e-01 6.66599214e-01 5.57203352e-01
    2.10510164e-01 4.93789107e-01 -3.74502242e-01 3.47171485e-01
    -3.51227298e-02 6.96633935e-01 1.09794962e+00 -9.55050439e-02
    1.06611657e+00 1.07321870e+00 9.90023017e-01 4.32528913e-01
    -3.09856385e-01 1.63966990e+00 -1.02841631e-02 -3.87856156e-01
    -7.76377618e-01 1.66240430e+00 -1.13017477e-01 -3.50452423e-01
    3.88350725e-01 -1.18234284e-01 1.15005052e+00 1.27689528e+00
    5.35812736e-01 -8.45028907e-02 1.68591225e+00 9.98938978e-02
    5.44931233e-01 -5.59620440e-01 9.40304160e-01 1.21883340e-01
    -6.34340227e-01 -6.81443691e-01 6.82592273e-01 -1.14095554e-01
    3.43974084e-01 -3.76170516e-01 1.64338744e+00 1.93404126e+00
    9.64041770e-01 1.09419453e+00 -3.24480712e-01 1.40556127e-01
    3.78630608e-01 5.93194902e-01 9.09364641e-01 -7.55880237e-01
    -4.58568990e-01 -7.49022961e-02 -5.55254817e-01 8.64256024e-01
    8.70136023e-01 7.44571984e-01 8.96400332e-01 1.85105288e+00
    3.95152777e-01 1.00199461e+00 -4.08670545e-01 -2.14470401e-01
    3.46269339e-01 -2.52250850e-01 1.08612299e+00 4.52556640e-01
    8.94968450e-01 9.11096632e-01 -1.04228683e-01 -7.01122761e-01
    8.19807112e-01 1.28162539e+00 1.40648615e+00 -2.61490643e-01
    1.63518953e+00 -5.72021365e-01 6.24406219e-01 9.00078952e-01
    1.41003382e+00 1.61278927e+00 7.00129867e-01 -3.62829089e-01
    7.50699878e-01 6.12714589e-01 5.28681517e-01 8.54158163e-01
    6.72085822e-01 1.22395766e+00 1.43240571e+00 7.52359927e-01
    -4.64683950e-01 1.69080999e-02 -6.46669328e-01 1.71019244e+00
    1.57578781e-01 1.10536242e+00 1.20522749e+00 1.56302190e+00
    -4.15552109e-02 -8.47663581e-02 -4.39006329e-01 -1.19046867e-01
    5.10895491e-01 2.09734470e-01 -5.53672731e-01 -1.26095027e-01
    6.40954554e-01 1.73737228e-01 3.64768654e-01 1.63202488e+00
    -6.37036800e-01 1.15355873e+00 8.43708038e-01 1.70517123e+00
    9.63054478e-01 -4.77732778e-01 1.67583454e+00 -6.18623085e-02
    1.08857304e-01 5.08588970e-01 1.28388441e+00 4.36212599e-01
    9.92345750e-01 1.46293974e+00 -2.86742955e-01 1.22989666e+00
    8.19348633e-01 4.32094336e-01 9.54535663e-01 5.01741648e-01
    1.54925987e-01 1.44719124e+00 -3.48842472e-01 1.42706645e+00
    9.34495449e-01 -8.38261247e-02 2.84237504e-01 8.74841884e-02
    -1.22635076e-02 5.69225371e-01 -4.33412850e-01 6.57754987e-02
    1.03402114e+00 6.35371685e-01 1.71325207e+00 6.28144801e-01
    -4.41861153e-02 1.65663827e-02 1.00410795e+00 1.48907304e+00
    -4.22370136e-01 -1.42291024e-01 1.01601112e+00 1.13269126e+00
    -8.47421408e-01 5.40252984e-01 9.59681332e-01 1.24877584e+00
    -1.77190989e-01 -4.21291322e-01 -2.48202652e-01 1.12564147e+00
    9.65757608e-01 3.65853369e-01 1.64336765e+00 3.81196231e-01
    1.69150889e-01 1.34334552e+00 1.63323963e+00 1.53147340e+00
    1.09238759e-01 1.57054555e+00 -5.05665004e-01 1.38268030e+00
    -1.86164230e-02 -3.17020327e-01 1.45706856e+00 7.34890878e-01
    -7.75849521e-01 1.54826987e+00 1.13801944e+00 1.03931472e-01
    1.25506585e-02 1.45546067e+00 5.94886422e-01 -7.77424574e-02
    1.56617093e+00 1.43723726e-01 3.64977926e-01 7.91705012e-01
    1.13023746e+00 1.39625204e+00 -2.32455954e-01 -8.87254402e-02
    1.54017901e+00 -6.39438093e-01 7.10475802e-01 1.09096907e-01
    2.57757425e-01 -6.04716897e-01 3.81048143e-01 4.34615761e-01
    -7.82217085e-03 -7.51735330e-01 -5.18536828e-02 8.92442405e-01
    1.56197357e+00 1.52619028e+00 -2.09362909e-01 1.66859353e+00
    1.50277030e+00 5.45356452e-01 8.03164601e-01 2.88686365e-01
    8.00227702e-01 1.33260274e+00 6.93354726e-01 6.70790911e-01
    -2.23822713e-01 -2.50464737e-01 1.72431839e+00 -2.35708892e-01
    1.68340552e+00 4.94944960e-01 -5.57279944e-01 1.50628078e+00
    5.07405639e-01 6.21500432e-01 -2.25600645e-01 -2.89424360e-01
    1.46763921e+00 2.12905571e-01 1.12138793e-01 5.46349883e-01
    1.52891195e+00 1.05412412e+00 1.20498657e+00 -6.18432403e-01
    -5.80439448e-01 -2.04442851e-02 4.51572180e-01 3.68007123e-02
    8.86233032e-01 -5.67778796e-02 -2.89982200e-01 1.79487109e+00
    -4.26779121e-01 6.16548061e-01 3.41743827e-01 1.54353273e+00
    3.08291286e-01 4.57379431e-01 -3.82067531e-01 2.62298822e-01
    -5.00839114e-01 1.13844395e+00 1.13530052e+00 1.68900752e+00
    -5.80730438e-01 1.08136952e+00 1.58918357e+00 1.42632973e+00
    1.24930847e+00 1.75070488e+00 7.33181685e-02 1.67069757e+00
    -3.72566581e-01 1.19710661e-01 3.53652507e-01 1.04190338e+00
    1.33123264e-01 -1.40305787e-01 -1.28457889e-01 1.15027213e+00
    9.82425034e-01 1.57501483e+00 -3.01180542e-01 1.57318795e+00
    4.32983428e-01 -8.14279318e-01 1.07218218e+00 -7.15423167e-01
    -6.23755813e-01 -8.02924037e-01 4.89737481e-01 4.43061501e-01
    2.52132982e-01 6.56083107e-01 1.60897684e+00 1.29403353e+00
    -1.00902095e-01 1.29180598e+00 1.27219391e+00 -2.49946132e-01
    -3.80864382e-01 1.38325822e+00 2.67194748e-01 1.03589213e+00
    9.89700377e-01 3.92687291e-01 5.52374184e-01 -2.00458214e-01
    7.20487475e-01 -1.96404815e-01 7.87212610e-01 -6.71853840e-01
    -6.39996171e-01 6.99783564e-01 1.64067852e+00 -6.68266773e-01
    -5.95658243e-01 3.31276178e-01 1.28035891e+00 1.57263088e+00
    -1.50359184e-01 1.75887465e+00 -4.19485629e-01 -3.82553458e-01
    1.04155922e+00 3.63398641e-01 -7.36650407e-01 1.69345284e+00
    1.33941948e+00 5.89245498e-01 1.49205792e+00 1.01451290e+00
    -4.32867765e-01 1.39323187e+00 -3.88757914e-01 1.19806848e-01
    2.18896762e-01 -7.64847696e-01 4.97863293e-01 9.90287006e-01
    1.52353251e+00 -5.63730896e-01 7.89491117e-01 6.87513292e-01
    -4.61518466e-01 2.05002412e-01 8.34802568e-01 1.41063583e+00
    9.21788931e-01 -5.45219243e-01 7.00992048e-01 7.72486687e-01
    1.58482051e+00 -4.51327354e-01 1.55411077e+00 8.16602767e-01
    1.07413459e+00 -4.70437825e-01 -5.06194711e-01 -2.40481094e-01
    -3.56851369e-01 1.48826528e+00 1.99957356e-01 1.51623702e+00
    1.59108102e+00 1.40817440e+00 -1.17838115e-01 -6.18704379e-01
    -4.31558602e-02 1.83135211e+00 -2.42197081e-01 -6.22677147e-01
    2.91285291e-02 2.03191742e-01 2.27378935e-01 3.89257342e-01
    2.99510986e-01 5.13529718e-01 -6.48768723e-01 1.25769508e+00
    1.62897038e+00 3.23995233e-01 1.55001545e+00 4.39308852e-01
    1.17441869e+00 -3.38158011e-03 1.36539304e+00 1.61094761e+00
    -7.48976052e-01 1.24266827e+00 6.24426484e-01 9.43365693e-01
    1.10638452e+00 1.12811518e+00 -4.20601130e-01 1.17974412e+00
    -1.01179734e-01 1.74936199e+00 -4.87941384e-01 -3.65242004e-01
    -5.34399688e-01 6.67354345e-01 -6.25556409e-01 4.64885205e-01
    -1.70562923e-01 1.79831254e+00 -1.58811525e-01 -1.78504571e-01
    -6.12168871e-02 9.62504566e-01 2.73459285e-01 1.76691079e+00
    7.74352431e-01 1.76502657e+00 7.09029138e-02 2.24657282e-01
    -5.09552777e-01 1.25632834e+00 -1.80424631e-01 2.72703283e-02
    -5.61235905e-01 -4.88277256e-01 3.15445364e-01 -6.05881810e-01
    1.83269465e+00 -3.09285432e-01 -2.63138980e-01 -1.58160701e-01
    -4.04714912e-01 -5.31571150e-01 7.50055373e-01 -6.11065030e-01
    4.53178525e-01 3.56835306e-01 1.29051149e+00 1.11924587e-02
    -7.42192686e-01 -2.79317260e-01 -2.59722143e-01 3.89884621e-01
    1.31381655e+00 6.51498377e-01 -2.88663596e-01 1.24202311e+00
    1.57851517e+00 4.62406337e-01 1.37764132e+00 1.05836570e+00
    3.45172375e-01 8.37070346e-02 -5.61504662e-01 4.74475920e-01
    3.88264507e-02 4.40322518e-01 6.98278099e-02 -1.79704174e-01
    -1.77026078e-01 1.26192355e+00 -7.42032349e-01 4.11094010e-01
    -4.47147906e-01 8.90554667e-01 -6.01308107e-01 5.96258283e-01
    -3.87468666e-01 1.23619640e+00 2.38613650e-01 2.08475724e-01
    1.56435966e+00 4.61259216e-01 1.37399387e+00 -2.56628633e-01
    1.39843428e+00 7.37572491e-01 6.73067123e-02 1.03163576e+00
    1.16010773e+00 1.34485853e+00 1.09035432e+00 5.35405055e-02
    -1.74516797e-01 1.70972979e+00 8.90982822e-02 -1.53346583e-01
    1.74625024e-01 -4.19991881e-01 4.04777765e-01 3.77934128e-01
    4.15439308e-01 1.31671262e+00 7.35978663e-01 6.39277756e-01
    3.02866161e-01 1.27767718e+00 1.07839584e+00 -1.95322298e-02
    1.56721139e+00 1.31128156e+00 6.27355993e-01 -7.12599456e-01
    3.74639481e-01 2.81853199e-01 4.10784543e-01 9.99408439e-02
    8.06740701e-01 5.70031524e-01 2.72777885e-01 1.35050297e+00
    1.83832502e+00 -5.46735749e-02 1.69271976e-01 8.70683908e-01
    1.41742265e+00 1.60829449e+00 8.07914019e-01 6.11977756e-01
    2.83558011e-01 -1.63332239e-01 6.24448061e-01 9.62755740e-01
    5.26937693e-02 3.44740033e-01 -6.18367016e-01 1.49896598e+00
    9.94999111e-01 2.23542023e-02 6.51854455e-01 1.14129663e+00
    -6.43148661e-01 -5.27754605e-01 4.02381092e-01 1.90989137e-01
    -5.03050327e-01 1.67007434e+00 1.02403633e-01 1.32663822e+00
    1.38388276e+00 -5.20423472e-01 -1.73437193e-01 7.59690464e-01
    1.47790536e-01 7.96874523e-01 -1.59790784e-01 1.39652896e+00
    5.60169876e-01 2.49126405e-02 7.94393420e-01 3.04188550e-01
    8.61652553e-01 -3.08454007e-01 6.88221455e-01 2.00873092e-01
    -1.72640070e-01 1.67196560e+00 5.16204357e-01 1.78530014e+00
    1.45784998e+00 3.64520818e-01 7.58286595e-01 1.33832419e+00
    6.64143562e-01 4.67849672e-01 1.81356013e+00 -2.70910561e-01
    1.92642808e+00 1.71466398e+00 7.71691501e-01 3.45448017e-01
    -2.67202735e-01 1.64580524e+00 1.52311647e+00 1.42127216e+00
    1.68489134e+00 -1.51406586e-01 4.97623801e-01 9.59610194e-02
    9.63360429e-01 5.15218258e-01 -2.63048023e-01 -1.57254502e-01
    1.70727938e-01 4.95426059e-01 -5.49231470e-01 7.18791723e-01
    5.62886000e-01 -5.22028029e-01 1.29186630e+00 3.19056287e-02
    9.20035362e-01 -5.35104275e-01 1.77188528e+00 1.34905291e+00
    1.38973802e-01 3.60971957e-01 5.56390025e-02 4.82786804e-01
    1.28542352e+00 1.13538432e+00 5.17130852e-01 3.70153397e-01
    1.29630470e+00 9.90697742e-01 1.61481297e+00 1.27008390e+00
    -7.12604821e-01 1.09282827e+00 1.46922028e+00 5.49110807e-02
    1.18776512e+00 5.85320918e-03 8.11034083e-01 1.70530736e+00
    1.87267557e-01 -6.01168990e-01 -5.91931045e-01 3.08547355e-02
    5.23985207e-01 1.31917536e+00 4.08649445e-02 3.45756233e-01
    -2.82097399e-01 4.27645117e-01 5.37364185e-01 -3.24417464e-02
    1.91603625e+00 -5.55620670e-01 -3.40629518e-01 3.39646816e-01
    1.69485641e+00 -3.82294357e-01 1.28645694e+00 8.96968603e-01
    -3.87313962e-01 -6.47569478e-01 1.07683790e+00 -2.62222439e-02
    1.58518612e+00 4.08647627e-01 -2.53510624e-01 7.69528866e-01
    -5.75957954e-01 -4.71290261e-01 7.66048253e-01 1.09850657e+00
    1.50469053e+00 -5.91155849e-02 2.29835376e-01 -1.58617198e-01
    -3.45241070e-01 1.57804644e+00 1.32964939e-01 5.73660851e-01
    1.31960571e+00 7.11205542e-01 -7.38909304e-01 2.00761452e-01
    1.17635393e+00 8.22747409e-01 -7.36628473e-01 -3.45692247e-01
    7.03397155e-01 4.87441421e-01 7.73435831e-01 1.44622302e+00
    1.34366190e+00 1.27659869e+00 7.56140530e-01 -4.06056732e-01
    9.54049587e-01 8.67920637e-01 1.45785832e+00 4.74479467e-01
    -1.03087828e-01 1.33226049e+00 9.75534797e-01 1.71036136e+00
    7.36340821e-01 -5.70310354e-02 -3.69474858e-01 1.68418181e+00
    -5.77776670e-01 7.69537210e-01 4.52752501e-01 5.65357864e-01
    1.57919496e-01 2.49745011e-01 3.44894528e-02 1.13851213e+00
    -4.80754405e-01 1.19135547e+00 1.61959600e+00 1.11332285e+00
    1.10150945e+00 1.63489485e+00 -3.96936864e-01 -6.78682864e-01
    8.43709588e-01 4.76525068e-01 -5.83379269e-01 5.62576711e-01
    1.92475781e-01 2.77112395e-01 1.74902332e+00 2.55962521e-01
    -6.17533088e-01 -7.95439303e-01 1.67036653e+00 9.34693336e-01
    -4.08245772e-01 -4.01897252e-01 1.62192523e+00 1.63722622e+00
    6.03627980e-01 8.55769634e-01 -3.34169805e-01 8.92826676e-01
    -3.01017016e-01 7.92142808e-01 -2.78995454e-01 8.92459512e-01
    9.40651119e-01 1.73431039e-01 -1.46664996e-02 3.14289838e-01
    5.92425108e-01 -6.33793414e-01 3.62085104e-01 2.73533672e-01
    2.61719227e-01 2.20502932e-02 -7.44026899e-01 1.25474119e+00
    1.38565451e-01 1.63249600e+00 -7.65935361e-01 4.73937690e-02
    1.22274470e+00 8.39509666e-02 7.74075329e-01 1.77108502e+00
    8.63500595e-01 1.53843069e+00 1.37039042e+00 4.60646749e-01
    -3.32638294e-01 -2.60483444e-01 7.22865224e-01 1.36672080e+00
    1.46644330e+00 -3.20897102e-01 4.05380018e-02 -4.79422063e-02
    -5.31994760e-01 4.22320455e-01 7.41961360e-01 3.82796824e-01
    6.90784812e-01 5.22573769e-01 1.13197672e+00 1.79279506e+00
    1.01605248e+00 1.19300508e+00 1.62554920e+00 -4.38845813e-01
    1.50279248e+00 6.50756478e-01 5.60795069e-01 1.34419054e-01
    2.67151333e-02 3.01917464e-01 1.45840633e+00 1.68026376e+00
    -1.29697695e-01 5.71856722e-02 1.11695123e+00 3.98176640e-01
    -7.53367484e-01 -1.56778887e-01 6.99529469e-01 2.71291137e-01
    1.33810043e+00 1.08833933e+00 -6.28036439e-01 -2.13498339e-01
    5.75691342e-01 -6.35600209e-01 1.79861152e+00 9.80859637e-01
    6.65248454e-01 -1.65144220e-01 3.52220953e-01 1.34454024e+00
    9.88869786e-01 -2.68428653e-01 1.69076645e+00 -1.31710544e-01
    1.22709525e+00 1.01052833e+00 4.25569326e-01 8.04766774e-01
    1.69992399e+00 1.01414549e+00 1.53684959e-01 8.88451695e-01
    1.07675266e+00 -8.51630941e-02 1.55107272e+00 9.12288785e-01
    -6.75797090e-03 6.84819400e-01 2.53859609e-01 1.12492120e+00
    1.60827172e+00 3.09251603e-02 3.39453310e-01 8.54771554e-01
    8.46614659e-01 -2.92099535e-01 1.01554036e+00 -2.01082870e-01
    4.50658381e-01 1.65202916e+00 2.96873059e-02 -6.08486354e-01
    1.24429151e-01 4.98702228e-01 -2.21810695e-02 8.55302453e-01
    3.95967454e-01 -7.58708894e-01 8.16072762e-01 1.61996633e-02
    1.17240214e+00 1.45545232e+00 -4.62973624e-01 9.49424148e-01
    4.31198813e-02 9.19621468e-01 -1.36233360e-01 4.70898211e-01
    1.49877697e-01 1.24348629e+00 -4.96244542e-02 -6.50075674e-02
    8.60629976e-02 7.33370006e-01 1.05964684e+00 -1.10465333e-01
    1.55686057e+00 1.53617764e+00 1.28312147e+00 -7.19813883e-01
    3.47082943e-01 -2.58513212e-01 9.28702235e-01 3.58994842e-01
    1.36009884e+00 2.85871953e-01 5.10254145e-01 2.78080821e-01
    1.63409543e+00 4.75075155e-01 -5.71549237e-01 1.29803932e+00
    4.68758643e-01 -3.83778840e-01 8.74061644e-01 -2.69230187e-01
    9.32578027e-01 9.25492048e-01 1.63256407e+00 -1.30325288e-01
    1.08076048e+00 1.59349430e+00 1.72559345e+00 -5.03621995e-01
    2.72836685e-01 -5.46483874e-01 6.90873981e-01 1.35493970e+00
    -5.02862036e-01 1.76149511e+00 -9.80370566e-02 4.84118350e-02
    1.62751317e-01 4.20579799e-02 6.83015406e-01 -2.42556915e-01
    5.21518946e-01 1.10372055e+00 4.59461613e-03 1.02214384e+00
    -6.41124427e-01 -2.33906403e-01 -5.50157726e-01 2.17823505e-01
    1.49172556e+00 -1.30834773e-01 7.77763605e-01 -2.04249665e-01
    -5.38874008e-02 1.63021564e+00 3.52153003e-01 1.07437778e+00
    -6.36406362e-01 5.16534090e-01 3.38868707e-01 9.63536859e-01
    -2.23307405e-02 1.12854064e+00 6.77858889e-01 1.55316040e-01
    1.21982491e+00 1.37506080e+00 8.26955318e-01 -2.23959863e-01
    -2.13037841e-02 9.21519756e-01 1.79459691e+00 9.60038677e-02
    -1.18096255e-01 6.97594136e-02 8.35494399e-01 -2.05804691e-01
    1.30390429e+00 2.15301856e-01 8.71730268e-01 1.72976482e+00
    -3.79588962e-01 6.30913258e-01 1.72140390e-01 -2.14497328e-01
    9.73200917e-01 5.85238159e-01 1.76857054e+00 -4.48432684e-01
    7.66712248e-01 -5.93941212e-01 4.23457921e-01 1.91515124e+00
    -1.18304469e-01 -4.15900886e-01 -6.35233521e-02 -6.74082279e-01
    -8.61049443e-02 9.71228722e-03 -5.68110704e-01 4.86681700e-01
    7.32111514e-01 1.03872097e+00 9.71351981e-01 1.37186432e+00
    2.84799159e-01 -5.10039866e-01 8.29415441e-01 1.23243272e-01
    1.65281153e+00 1.42613554e+00 1.36227643e+00 1.03738284e+00
    3.77462238e-01 5.35731912e-02 1.37490594e+00 -1.80000752e-01
    1.17002153e+00 1.31662214e+00 -2.59033650e-01 1.69839859e+00
    6.67501450e-01 1.75704503e+00 3.43138814e-01 1.03639352e+00
    6.83380783e-01 2.52177835e-01 1.10420704e+00 -3.09543461e-01
    4.80293900e-01 -7.31275737e-01 6.95014536e-01 6.22140944e-01
    1.49286211e+00 -5.83542407e-01 1.61078429e+00 6.75531685e-01
    -5.63117981e-01 -2.15678513e-01 5.26025951e-01 7.85432696e-01
    -7.08800256e-01 -1.97552130e-01 1.49179518e+00 9.92768049e-01
    1.64200866e+00 7.56405234e-01 9.70525384e-01 -1.30289763e-01
    -2.63177365e-01 7.44938016e-01 4.57269937e-01 1.26704788e+00
    9.92335677e-02 9.60359991e-01 3.56573075e-01 1.57301641e+00
    7.29331017e-01 1.15967894e+00 1.21228385e+00 1.44382310e+00
    -8.10876116e-02 9.62259829e-01 -1.31102115e-01 -4.83653307e-01
    1.43412566e+00 1.33827066e+00 9.79111254e-01 -2.13212073e-01
    2.31576011e-01 -7.72805214e-01 -3.69101346e-01 1.32180882e+00
    -5.98894060e-01 2.88194388e-01 -2.19419092e-01 1.50628877e+00
    -5.08504748e-01 1.23821270e+00 -2.21460447e-01 6.32928908e-01
    -3.73362899e-01 1.09345488e-01 1.05209112e+00 1.25260830e-01
    1.58134115e+00 4.78445776e-02 2.44612858e-01 1.22955632e+00
    7.97946379e-02 1.43559957e+00 1.42575669e+00 -2.21907154e-01
    1.29483318e+00 7.96188653e-01 1.22411287e+00 -2.87412792e-01
    2.98583061e-01 -5.32772064e-01 -5.61644062e-02 -5.60084045e-01
    7.13601112e-01 6.25211060e-01 -6.78849101e-01 9.27270591e-01
    6.48836493e-01 1.48714399e+00 1.26963007e+00 5.93058407e-01
    1.39616692e+00 1.49879992e+00 6.98715389e-01 1.26584435e+00
    5.22378564e-01 -2.39798918e-01 5.31807005e-01 1.56174481e+00
    -4.96390611e-01 -5.02087057e-01 2.88610905e-01 7.19424605e-01
    -7.12953925e-01 1.78269839e+00 8.03864598e-01 1.52415562e+00
    1.29635525e+00 1.63238049e+00 6.89824998e-01 1.49115288e+00
    -3.79347146e-01 -1.20819598e-01 -1.79341525e-01 -4.58508849e-01
    1.70178026e-01 -2.56461650e-01 1.67993498e+00 -2.10266694e-01
    1.70612681e+00 4.46933091e-01 -4.15087461e-01 7.53557459e-02
    -2.81359050e-02 -1.48961335e-01 1.75220716e+00 5.75998947e-02
    2.43805826e-01 1.18144143e+00 1.15694523e+00 3.02489966e-01
    -2.22044334e-01 3.00797343e-01 1.60252005e-01 -1.19018227e-01
    8.09896886e-01 4.32178378e-01 -3.63372326e-01 1.33150208e+00
    4.70261782e-01 4.97731775e-01 3.09488028e-01 2.52920598e-01
    8.82338558e-04 1.66444933e+00 1.66849542e+00 1.07248044e+00
    3.42350960e-01 -8.50003958e-01 -3.80824834e-01 1.94795460e-01
    -7.70789981e-01 6.82327092e-01 -3.11812311e-01 1.17188835e+00
    -7.44890869e-01 8.55099022e-01 8.82178605e-01 1.44697678e+00
    1.46393418e+00 9.45973217e-01 1.41402447e+00 2.16768071e-01
    6.30215824e-01 1.88660976e-02 5.07347763e-01 1.24689293e+00
    1.65691519e+00 3.87668624e-05 1.49878204e+00 1.03589749e+00
    1.26144004e+00 2.81344116e-01 -3.53820503e-01 -2.13976771e-01
    1.10045826e+00 1.70044482e-01 7.59924173e-01 -4.27427262e-01
    -3.20117660e-02 2.15040699e-01 3.59695256e-01 1.45260823e+00
    1.42804325e+00 -2.02617794e-01 -2.16905743e-01 3.06019694e-01
    -3.22453111e-01 1.13580728e+00 2.09363133e-01 1.36248457e+00
    1.01622641e+00 1.44612050e+00 -5.99763811e-01 1.31887734e-01
    -6.67367816e-01 5.52804947e-01 9.15023386e-01 9.80338335e-01
    2.73467869e-01 1.07673621e+00 2.54647076e-01 5.30450404e-01
    1.72697949e+00 1.30281222e+00 1.05680048e+00 1.54364264e+00
    -6.76835597e-01 6.17727563e-02 -6.70291066e-01 -5.73243260e-01
    3.95610899e-01 -1.15856364e-01 -6.81132436e-01 9.14677441e-01
    6.51297152e-01 -8.10171366e-01 8.29090595e-01 5.67590296e-01
    -1.79576755e-01 1.03309727e+00 1.11484930e-01 9.28590477e-01
    6.89084828e-01 6.28694236e-01 2.63253659e-01 3.87642235e-01
    1.40921831e+00 9.51766372e-01 5.65083146e-01 -3.78961951e-01
    7.66178012e-01 7.05454648e-01 6.43840313e-01 4.46851969e-01
    9.27540958e-01 -6.12073243e-01 8.08852673e-01 5.84515035e-01
    7.67793298e-01 -2.67772555e-01 3.58744413e-01 1.61361504e+00
    1.66768706e+00 1.84996843e-01 5.94431460e-01 5.06110966e-01
    -2.74340183e-01 1.20462573e+00 -6.76408172e-01 5.56619763e-01
    -4.77965415e-01 5.60085535e-01 1.67764509e+00 2.56384939e-01
    -5.63420057e-01 9.37341869e-01 1.50641811e+00 1.27275968e+00
    1.74529359e-01 1.76457250e+00 -4.75437641e-01 -6.25135362e-01
    7.22356558e-01 4.80189323e-01 1.48585546e+00 1.47424865e+00
    2.28026547e-02 -4.66198832e-01 7.06772566e-01 1.47706795e+00
    1.23676801e+00 -4.29433912e-01 7.71061420e-01 1.20539761e+00
    1.48060286e+00 -6.96800590e-01 1.09928763e+00 -3.12090904e-01
    7.29628131e-02 6.33573055e-01 -8.38607922e-02 -7.34880567e-01
    7.60234356e-01 -7.29957640e-01 9.93007183e-01 -2.84514725e-01
    -5.35887897e-01 -6.31009927e-03 7.16705799e-01 2.89674461e-01
    -7.79226422e-01 1.06290579e+00 9.42462206e-01 1.63900352e+00
    -9.29179132e-01 1.60186291e-01 9.94990349e-01 1.51822042e+00
    -2.01200023e-01 1.42640114e+00 1.05642927e+00 1.10207450e+00
    1.22562218e+00 -5.03785133e-01 -3.84359568e-01 1.32098365e+00
    8.17184389e-01 1.00525856e+00 1.54699004e+00 -4.96536195e-01
    1.23953652e+00 -5.01919270e-01 -1.91350594e-01 -6.47654474e-01
    -2.79991984e-01 1.20867038e+00 -4.35119569e-01 5.18596828e-01
    3.09157789e-01 1.34753382e+00 4.27301645e-01 -2.07354918e-01
    9.56855953e-01 6.77384675e-01 -5.42092860e-01 2.52420366e-01
    -5.19985676e-01 -1.06209718e-01 1.29589498e+00 1.00614882e+00
    1.10596466e+00 2.53473539e-02 2.66107202e-01 6.51331842e-01
    3.28889638e-01 2.87826359e-02 1.41915655e+00 5.23290515e-01
    1.70483097e-01 1.28929174e+00 -8.24791253e-01 3.93219948e-01
    3.25614423e-01 9.59057450e-01 -3.72549683e-01 7.55118430e-02
    1.50932693e+00 1.71470121e-01 1.21247005e+00 -4.36376154e-01
    3.06740224e-01 1.32782960e+00 1.38695920e+00 4.56997424e-01
    4.31511074e-01 1.65800285e+00 2.84653038e-01 1.21303856e+00
    1.36977637e+00 -2.61631578e-01 -3.72016102e-01 7.44721115e-01
    1.10127115e+00 -5.30187368e-01 -5.23211002e-01 1.94229156e-01
    -4.94863659e-01 1.40306902e+00 -4.99974517e-03 -3.20087075e-01
    -2.18283042e-01 2.36016542e-01 8.09982479e-01 1.61463940e+00
    -7.49508262e-01 5.63898563e-01 8.01359177e-01 1.48211569e-01
    1.34440625e+00 1.33945918e+00 5.54344952e-01 1.33495820e+00
    1.76949000e+00 3.36217701e-01 1.33118963e+00 -4.01179940e-01
    1.81441927e+00 1.06794834e+00 1.08421791e+00 1.56442022e+00
    4.50350732e-01 -4.07906830e-01 -5.15268981e-01 1.61175525e+00
    5.20070970e-01 -9.64619517e-02 8.12555194e-01 -2.92879995e-03
    5.86076260e-01 1.39388764e+00 1.56668806e+00 -7.89423585e-01
    1.81219935e-01 -2.34499946e-01 6.49157882e-01 1.33703232e+00
    1.06692731e+00 -5.10586858e-01 1.88587978e-01 4.65281278e-01
    2.47670203e-01 6.75025582e-01 4.73636568e-01 -3.11534911e-01
    1.13181591e+00 1.27625608e+00 5.90519607e-01 1.47059035e+00
    -7.07864761e-02 -5.00065327e-01 1.28873658e+00 2.44959429e-01
    1.03628433e+00 -1.42045125e-01 1.17193246e+00 1.41524062e-01
    7.62270167e-02 -4.51304287e-01 1.34063292e+00 -5.62894523e-01
    -2.56844342e-01 1.29941761e+00 -3.51041481e-02 3.08973826e-02
    1.31197929e+00 1.41315114e+00 -3.67956311e-01 5.17581522e-01
    1.47362918e-01 1.70518327e+00 4.85104531e-01 -4.26651537e-01
    1.21372116e+00 8.63694191e-01 -6.84139431e-01 2.01411143e-01
    -2.87650943e-01 -4.72147405e-01 -6.54780984e-01 -3.44358146e-01
    1.15174115e+00 1.32826674e+00 5.21402717e-01 1.49157178e+00
    8.09964418e-01 1.35022151e+00 1.15327799e+00 1.41058302e+00
    1.56363428e+00 1.16682827e+00 1.07274222e+00 -3.71213555e-01
    -5.97528577e-01 2.60520279e-01 5.23709178e-01 -1.06198393e-01
    9.13221300e-01 7.65832841e-01 8.01365376e-01 1.24615443e+00
    1.10591137e+00 5.82391739e-01 1.17020547e+00 2.35669896e-01
    3.86906803e-01 -1.20570190e-01 -1.23973787e-01 8.68479431e-01
    6.53656721e-01 -1.13566361e-01 -7.97345936e-01 -5.31943321e-01
    1.47456872e+00 4.19883192e-01 7.27614090e-02 1.16284424e-03
    -2.47946098e-01 1.91971198e-01 -5.20994902e-01 1.45921922e+00
    2.09331706e-01 1.17684126e+00 5.39259613e-01 1.37812960e+00
    8.16395998e-01 -1.42776564e-01 4.29665357e-01 8.71506929e-01
    1.17294717e+00 1.50051320e+00 1.73476279e-01 -8.07367206e-01
    -5.39599776e-01 1.72804189e+00 8.03659618e-01 -1.13834798e-01
    1.49413514e+00 2.33639583e-01 1.76033354e+00 1.42857838e+00
    4.02475715e-01 -2.93474764e-01 -9.73044708e-02 3.74330103e-01
    1.13569486e+00 7.89643452e-02 2.32982144e-01 1.43474162e-01
    8.42966318e-01 8.29847008e-02 1.19085419e+00 6.93669200e-01
    4.76096660e-01 1.06058526e+00 -1.02587193e-01 2.36823067e-01
    4.94365126e-01 1.31059334e-01 1.37602174e+00 1.66281569e+00
    1.69116664e+00 6.39357805e-01 1.19895780e+00 -5.63292205e-01
    3.81089717e-01 8.57757390e-01 1.24635124e+00 1.01970017e+00
    -5.56735218e-01 4.76217240e-01 -5.88158406e-02 -5.01492083e-01
    6.36334598e-01 1.44118059e+00 5.69718003e-01 9.15488824e-02
    -7.84933805e-01 1.26767778e+00 2.51716971e-01 1.26297677e+00
    7.58845389e-01 1.59954011e+00 -9.87546667e-02 8.56111273e-02
    3.22259873e-01 1.19637311e+00 1.84357584e-01 -1.96507901e-01
    2.58754194e-03 1.51448059e+00 1.45279217e+00 -5.26786327e-01
    -4.27613437e-01 8.06085020e-02 1.70214593e+00 1.55368721e+00
    -1.69690028e-01 6.63412988e-01 1.64782655e+00 -2.64521707e-02
    -5.18846989e-01 1.51953351e+00 1.40457153e+00 3.63219142e-01
    9.93586063e-01 1.26094317e+00 -4.91094321e-01 1.17110634e+00
    -5.00591278e-01 -2.21244693e-01 1.85921147e-01 1.71413040e+00
    2.59162098e-01 1.02574682e+00 1.08317053e+00 4.28916454e-01
    2.33498394e-01 1.65477288e+00 3.86523664e-01 1.74748208e-02
    -4.43797141e-01 1.27504611e+00 -1.88943639e-01 -3.69066179e-01
    1.39959002e+00 -3.04497778e-01 1.34340417e+00 1.25431240e+00
    9.19622600e-01 1.37380600e+00 1.02719533e+00 1.75207779e-02
    -9.83414352e-02 -3.13570380e-01 5.88690758e-01 -4.58722524e-02
    1.18590152e+00 1.06621695e+00 1.53028119e+00 -4.34172302e-02
    -2.00837612e-01 8.03215861e-01 -3.05163085e-01 6.31328672e-03
    -1.78738192e-01 7.79835343e-01 9.97971773e-01 2.09987044e+00
    1.46717632e+00 1.06016874e+00 -1.47510871e-01 8.37757528e-01
    5.86898148e-01 -6.54344916e-01 1.12478566e+00 1.18526113e+00
    1.70575523e+00 5.88420510e-01 4.65592593e-01 5.98193221e-02
    1.64975584e+00 -4.03340347e-03 -5.61321020e-01 1.70082772e+00
    6.69215992e-02 -7.53928781e-01 -2.08991826e-01 1.09444773e+00
    4.89804924e-01 1.25291204e+00 -7.86619663e-01 -5.31406552e-02
    1.47483945e+00 7.69599974e-01 -3.33405972e-01 1.37087002e-01
    -6.83273137e-01 1.59179902e+00 9.53486443e-01 -1.06556125e-01
    9.07904863e-01 -6.69516981e-01 -4.33084935e-01 -1.75992846e-01
    1.45548272e+00 4.75537300e-01 3.51906151e-01 7.58075655e-01
    7.78558776e-02 4.77192029e-02 1.60178578e+00 -1.07524306e-01
    1.21416152e+00 -4.23614562e-01 1.05732620e+00 -3.93653959e-01
    4.02405381e-01 -7.57606149e-01 1.38110971e+00 8.61807785e-04
    7.17015088e-01 -2.75377303e-01 -6.93481505e-01 1.08674550e+00
    6.73338652e-01 -4.14958328e-01 -3.42108868e-02 1.67600155e+00
    5.33852398e-01 1.51382697e+00 6.11980021e-01 6.88452899e-01
    7.68636167e-01 7.03208566e-01 1.20417905e+00 -1.47130042e-01
    -2.04251692e-01 3.60697031e-01 -6.49417192e-02 6.48007393e-02
    1.04655957e+00 1.75744748e+00 1.86856121e-01 1.54608560e+00
    1.55446127e-01 -6.51650250e-01 -4.00817513e-01 1.06506526e-01
    1.13920915e+00 1.78218985e+00 4.27592099e-01 -5.56805491e-01
    7.96193123e-01 1.44125319e+00 1.40973568e+00 8.65986288e-01
    1.75833130e+00 1.65836573e+00 -3.98277551e-01 1.20434511e+00
    -8.34798992e-01 -4.71293956e-01 -1.67843223e-01 1.22797453e+00
    5.23149490e-01 -7.20546782e-01 1.49435210e+00 4.90183681e-01
    1.93843693e-01 -2.93010771e-01 -3.09552670e-01 -1.91949993e-01
    1.83462548e+00 2.98304051e-01 3.30288500e-01 -2.80654669e-01
    3.09929699e-01 -3.44160438e-01 -3.53047997e-02 3.16206962e-01
    1.75684714e+00 -4.85509396e-01 1.52615845e-01 3.51636969e-02
    6.86557770e-01 2.35785231e-01 1.23389184e+00 1.23267388e+00
    -1.50922582e-01 -6.79828972e-02 -2.70142802e-03 -6.65408015e-01
    9.64507699e-01 4.83039647e-01 -4.01224047e-01 1.18885887e+00
    4.55393583e-01 1.77646577e+00 -4.47322696e-01 1.24598704e-01
    -4.73223120e-01 1.37343705e+00 -1.39773235e-01 -1.63657352e-01
    1.70727894e-01 1.63784277e+00 1.04217261e-01 6.21897876e-02
    1.22313058e+00 7.97820762e-02 8.15398633e-01 7.59945333e-01
    1.03268015e+00 -7.29383230e-01 1.68016744e+00 2.67259836e-01
    2.53504992e-01 -5.23055159e-03 -5.64238131e-01 -4.72419947e-01
    -2.27186859e-01 -7.54985809e-01 3.89319122e-01 3.59614640e-01
    2.60856718e-01 1.37065625e+00 -7.99334794e-02 7.97986329e-01
    1.33596301e+00 1.00721382e-02 1.34390080e+00 -6.92095757e-01
    9.83653545e-01 1.45644903e+00 -8.38828266e-01 -7.23610371e-02
    -6.02924526e-01 1.20303774e+00 9.39419448e-01 8.68295908e-01
    1.13931286e+00 8.77660751e-01 1.69524562e+00 -2.50903547e-01
    1.48737550e+00 -3.81642342e-01 6.07158780e-01 -5.51266491e-01
    1.26479495e+00 4.67350692e-01 -5.70336342e-01 8.27259839e-01
    -1.86651841e-01 -6.29797637e-01 7.50816524e-01 -5.06452471e-02
    1.17459819e-01 4.67836052e-01 -5.10949433e-01 1.62934875e+00
    -7.64550492e-02 -6.71982288e-01 6.19100749e-01 1.64333546e+00
    1.07820094e+00 -3.32880616e-01 -4.72641289e-01 1.17750965e-01
    -4.33474898e-01 8.47867131e-01 4.38927293e-01 8.77164841e-01
    5.83729625e-01 5.53251326e-01 4.56651092e-01 1.59664601e-01
    4.39499110e-01 1.23281693e+00 1.54894435e+00 9.33787286e-01
    -4.01060104e-01 4.08665717e-01 1.34945107e+00 1.62641275e+00
    -4.65721577e-01 8.37079883e-01 1.50640357e+00 7.68951058e-01
    -4.57692146e-03 1.27958548e+00 5.28688014e-01 7.86614478e-01
    3.22369099e-01 -3.72075558e-01 1.06640506e+00 -5.67177415e-01
    1.18541807e-01 5.97238600e-01 1.49368405e+00 1.84270835e+00
    1.47641075e+00 -6.96154311e-02 -3.79884541e-01 7.44305909e-01
    1.20118701e+00 1.59172213e+00 -1.17156006e-01 1.97491109e-01
    -2.84042388e-01 6.15998387e-01 -3.82667892e-02 -4.31767315e-01
    -3.13036531e-01 -1.56647936e-01 -2.10388541e-01 6.58922970e-01
    -9.22070518e-02 3.71319950e-02 9.26860511e-01 -5.57544231e-01
    1.69729316e+00 1.64940989e+00 9.96660590e-01 1.78040957e+00
    -3.29791099e-01 1.87139738e+00 1.56499898e+00 1.42550838e+00
    9.70733941e-01 7.37091780e-01 -9.08710901e-03 1.05382538e+00
    1.59759164e+00 1.12803113e+00 1.42169988e+00 4.63698089e-01
    7.54207075e-01 6.75870061e-01 5.38352430e-01 -1.94864035e-01
    5.23371026e-02 1.44170046e+00 9.21928406e-01 -1.97802573e-01
    3.58291358e-01 1.00986683e+00 2.48101220e-01 -2.45264590e-01
    -5.29754579e-01 -5.64420581e-01 1.32828355e+00 2.53094584e-01
    -1.49823368e-01 1.25172210e+00 1.65621746e+00 1.54669964e+00
    7.26878703e-01 4.57484663e-01 1.72620094e+00 7.98320353e-01
    -1.20848678e-01 5.16533554e-01 1.15974486e+00 1.10761940e-01
    7.39515305e-01 1.12959957e+00 7.90176094e-01 -1.97364852e-01
    1.40530419e+00 2.84081817e-01 8.35472167e-01 -4.38852221e-01
    9.76857781e-01 9.20215011e-01 1.18699467e+00 2.17555597e-01
    -6.79452896e-01 5.65656960e-01 -6.92351833e-02 -1.48908734e-01
    5.05222619e-01 6.63481653e-01 -1.97257236e-01 1.06093431e+00
    -1.77464426e-01 2.09200859e-01 -1.27200603e-01 -2.08703518e-01
    6.22027040e-01 8.58812749e-01 -4.44395363e-01 8.08178961e-01
    1.33160210e+00 -6.19335799e-03 5.36183417e-01 -5.36239624e-01
    5.07519245e-01 1.03714228e+00 1.54217899e+00 1.63289142e+00
    1.04683900e+00 -1.69693828e-01 7.31019020e-01 -1.17420502e-01
    2.04725474e-01 6.22983515e-01 1.75381601e+00 1.66326189e+00
    9.62711573e-01 -5.91706574e-01 5.89982986e-01 -2.32702419e-01
    -7.30252206e-01 -5.66461459e-02 5.27334452e-01 8.58554125e-01
    8.16265285e-01 -8.74208510e-02 -5.84000945e-01 1.06670499e+00
    1.61821747e+00 4.08925265e-01 8.38826776e-01 -5.89895189e-01
    1.26819050e+00 1.53931725e+00 -4.70530316e-02 1.83083916e+00
    3.15370768e-01 1.01324022e+00 2.90759187e-02 1.02536845e+00
    1.55472720e+00 5.88664174e-01 7.44167686e-01 8.43761861e-01
    1.38676369e+00 1.17706907e+00 1.15729117e+00 7.75701106e-01
    -1.82610959e-01 8.78022075e-01 1.62655723e+00 1.53202367e+00
    3.71289760e-01 8.71921957e-01 1.06657362e+00 -5.91012061e-01
    4.69046354e-01 1.60808659e+00 1.51001251e+00 1.33095789e+00
    6.43941343e-01 -1.49124026e-01 5.61996639e-01 1.18498504e+00
    1.62679768e+00 1.58671081e-01 1.03401649e+00 1.24181986e+00
    1.11541319e+00 3.37566197e-01 4.30691004e-01 6.01157486e-01
    3.71084660e-01 6.29605472e-01 3.90916586e-01 -4.62340623e-01
    8.04471850e-01 1.33146346e+00 1.47346735e-01 1.84632516e+00
    2.88209468e-01 -5.93489185e-02 -4.74744141e-01 1.30365729e+00
    7.44013011e-01 2.09383190e-01 1.78990042e+00 3.15592706e-01
    1.59061897e+00 5.18799782e-01 1.64541793e+00 1.18026972e+00
    1.21568191e+00 2.07765147e-01 1.91035390e-01 1.04518890e+00
    -4.36048359e-01 9.07928407e-01 -7.37155914e-01 7.51692653e-01
    1.09813109e-01 1.25724816e+00 -1.76328704e-01 -4.02741909e-01
    -5.79282999e-01 1.69966352e+00 9.51140225e-01 6.96775913e-01
    -2.79457092e-01 -6.94747627e-01 1.36457598e+00 -1.05183885e-01
    1.58983719e+00 1.06750286e+00 1.17586422e+00 -3.13663125e-01
    1.11722326e+00 1.23083341e+00 -4.66526628e-01 1.19697559e+00
    7.70284772e-01 1.30884671e+00 4.43277270e-01 4.45834100e-01
    -6.19214356e-01 1.55978620e+00 1.22225809e+00 -2.61548132e-01
    1.56398988e+00 -2.77971476e-01 9.35139000e-01 1.57649845e-01
    1.21831727e+00 -4.41501081e-01 3.54293883e-01 7.37886071e-01
    -3.98550421e-01 1.57087505e+00 2.11222753e-01 8.76002133e-01
    7.70285010e-01 -3.81058037e-01 -6.59033656e-01 -5.00303149e-01
    1.03802574e+00 9.81122732e-01 5.61076880e-01 1.60575426e+00
    -2.28565112e-01 1.16809523e+00 1.00411475e+00 -3.02945077e-01
    6.91253245e-01 -2.90305585e-01 1.78416401e-01 -5.51958382e-01
    7.07686603e-01 8.32909167e-01 1.75908458e+00 -4.98499274e-01
    5.75253069e-01 1.70275486e+00 1.20173216e+00 -5.07199913e-02
    4.72763449e-01 7.34378934e-01 9.74925101e-01 4.63155568e-01
    -5.53736866e-01 1.50023603e+00 8.99784386e-01 5.29388070e-01
    1.53505814e+00 2.94010371e-01 1.29933405e+00 -5.58855891e-01
    1.47587109e+00 -4.94597763e-01 -9.03562456e-02 1.13711166e+00
    7.63890147e-01 7.19150841e-01 4.60293591e-01 5.47822177e-01
    -8.00750792e-01 1.62868738e+00 5.30660152e-01 2.36163330e+00
    1.34065282e+00 -4.02712941e-01 7.08832920e-01 1.31067133e+00
    1.68390796e-01 1.29176366e+00 -7.05782771e-01 1.32309747e+00
    1.66970134e+00 -6.27382100e-01 1.13890290e+00 6.49495184e-01
    2.30717301e-01 9.10450101e-01 6.16661072e-01 -1.64952874e-01
    6.92700982e-01 1.02324927e+00 1.20477235e+00 2.82817334e-01
    7.23338068e-01 5.41253537e-02 1.37845969e+00 2.74050504e-01
    1.61641550e+00 1.12933362e+00 -4.76664126e-01 -1.09871805e-01
    1.15551054e+00 -6.44139767e-01 -5.35719693e-01 -6.72145009e-01
    1.13494980e+00 9.08208787e-01 -7.37653196e-01 -1.63608551e-01
    1.32993674e+00 -6.10901475e-01 1.41422141e+00 1.68902194e+00
    -3.45800817e-01 3.29071850e-01 1.25849867e+00 6.01412773e-01
    3.24057460e-01 5.90004027e-01 1.49246037e+00 1.08948815e+00
    3.47628951e-01 -5.04118979e-01 1.01428711e+00 5.17094374e-01
    9.19539869e-01 1.19712436e+00 7.77497649e-01 1.70758843e+00
    8.02610934e-01 6.22073412e-01 5.85609198e-01 6.30604684e-01
    -4.08673227e-01 8.23144674e-01 1.10369456e+00 1.00096536e+00
    9.73398447e-01 1.42176914e+00 -7.57766008e-01 1.09573603e-01
    -3.90056521e-01 1.67978358e+00 2.36904144e-01 1.23333657e+00
    -6.89828813e-01 -2.78381526e-01 4.04046588e-02 7.44209468e-01
    1.37570322e+00 1.37320757e-01 1.53913534e+00 7.92761922e-01
    2.85164833e-01 -5.02389133e-01 9.32048832e-04 1.35679173e+00
    -1.35695502e-01 -4.10140574e-01 1.31716514e+00 1.39287651e+00
    1.73323512e+00 -3.96367759e-02 -6.44686639e-01 6.77561998e-01
    5.06749690e-01 8.25608909e-01 -7.92352736e-01 1.58497715e+00
    -7.66978145e-01 4.86693569e-02 -4.67393726e-01 1.34180462e+00
    9.72509742e-01 5.50415933e-01 9.60424915e-02 -5.55610240e-01
    1.48598552e+00 -5.75718403e-01 8.33317935e-02 -5.75439632e-01
    -4.60344940e-01 -3.67848039e-01 -5.72878644e-02 1.38660896e+00
    -4.10623312e-01 1.04318666e+00 -7.68803000e-01 -1.41194150e-01
    8.30533445e-01 8.83269846e-01 1.39165175e+00 8.83480251e-01
    1.10489118e+00 1.56742537e+00 -6.71616077e-01 -1.93402469e-01
    1.13184655e+00 1.68337727e+00 5.88574767e-01 6.28400981e-01
    1.11349869e+00 1.26212895e+00 -1.83591083e-01 -1.02939725e-01
    -6.17642581e-01 1.72379339e+00 -7.51616776e-01 1.05504334e+00
    6.18319094e-01 1.34684205e+00 1.64053226e+00 1.00534868e+00
    5.28592169e-01 2.00747754e-02 3.33068013e-01 -2.39484891e-01
    1.27910459e+00 4.77098674e-01 5.27361155e-01 9.65864062e-01
    -6.38624549e-01 -1.41181976e-01 1.63268828e+00 9.84343290e-01
    -6.32192135e-01 -2.49145880e-01 8.32750127e-02 4.91415560e-02
    1.05166316e+00 5.20992398e-01 2.58295625e-01 1.51742470e+00
    8.93016279e-01 -3.06925416e-01 5.51609583e-02 1.37446535e+00
    1.65121698e+00 -4.32100631e-02 1.12159944e+00 7.90012360e-01
    -8.11965287e-01 7.06180573e-01 4.33221459e-01 -8.22287381e-01
    7.82208264e-01 1.51732111e+00 1.56590617e+00 1.73533723e-01
    1.09488010e-01 -2.44709644e-02 1.68720293e+00 9.15448248e-01
    1.34229779e+00 6.80730879e-01 1.15871131e+00 1.21184933e+00
    -1.41595155e-01 5.13836622e-01 4.26629096e-01 3.74060124e-01
    2.63140351e-01 8.34458411e-01 1.77707970e+00 2.05047071e-01
    -5.52779973e-01 1.20850766e+00 1.32609165e+00 -6.61456168e-01
    -8.20909743e-04 -5.89203179e-01 -1.64506882e-01 3.68762404e-01
    1.56782138e+00 4.08894241e-01 -3.49146992e-01 -4.68866140e-01
    3.96313131e-01 5.99828005e-01 -1.73793584e-01 1.18101859e+00
    4.87203807e-01 -6.08559728e-01 4.77392823e-01 9.75391828e-03
    1.54030240e+00 1.43246448e+00 1.12273502e+00 -2.57621646e-01
    5.63360572e-01 6.21680796e-01 -4.26575631e-01 -5.55993855e-01
    -6.50748253e-01 2.64075547e-01 -4.50017266e-02 -4.26551908e-01
    -3.20346177e-01 2.82175303e-01 3.68035018e-01 2.12500691e-01
    -4.00091469e-01 4.69297677e-01 4.26735878e-01 -2.63793647e-01
    5.49685299e-01 1.61345112e+00 2.40287557e-02 2.29172736e-01
    3.04231256e-01 9.98620629e-01 1.66428578e+00 -4.76400793e-01
    2.10471526e-01 1.08182883e+00 4.95361499e-02 3.11413873e-02
    -4.12702709e-01 9.56593454e-01 -2.95739084e-01 1.04831302e+00
    1.01343381e+00 4.22841549e-01 -2.56582648e-01 1.15691257e+00
    1.46882296e+00 5.36485970e-01 1.56747353e+00 1.80967581e+00
    5.76611638e-01 -4.31679338e-02 6.97110116e-01 9.02686596e-01
    6.34350717e-01 6.55246019e-01 -5.90232462e-02 1.28416371e+00
    2.64775038e-01 -4.61978823e-01 -6.81510031e-01 -8.48969162e-01
    7.54640341e-01 -3.62875879e-01 -1.09102339e-01 1.55946088e+00
    5.60187280e-01 6.20593786e-01 -5.14876485e-01 1.06993508e+00
    6.84403032e-02 -6.58451855e-01 1.12081742e+00 6.23792887e-01
    -3.50743294e-01 2.12930981e-02 1.64680612e+00 6.02208138e-01
    1.16385007e+00 5.13796449e-01 6.12895906e-01 2.38666505e-01
    1.19684136e+00 6.71112776e-01 1.08761370e+00 -1.78799242e-01
    6.35030866e-01 1.06049895e+00 -4.03550088e-01 -8.41308594e-01
    1.49426675e+00 -8.11552882e-01 1.63726950e+00 -6.74949527e-01
    1.08300221e+00 1.28641164e+00 -3.02789479e-01 1.99918330e-01
    1.09511197e+00 7.55978227e-01 1.15639675e+00 -5.75051367e-01
    2.61536717e-01 3.78360808e-01 -1.30738735e-01 -2.33867630e-01
    1.19143367e-01 1.53052962e+00 4.77092594e-01 -5.81641018e-01
    7.20034480e-01 -8.93454701e-02 7.28652477e-02 -5.31305134e-01
    -7.55292624e-02 1.51031733e+00 1.16532147e-01 6.89335287e-01
    1.53414309e+00 1.74402356e+00 -3.92827690e-01 -5.28077662e-01
    -1.97171196e-01 1.50174618e+00 1.33975518e+00 8.52490544e-01
    -2.19883444e-03 1.05660367e+00 -4.18644160e-01 1.32611084e+00
    7.30032742e-01 -8.80636871e-02 -1.44526437e-01 6.70513272e-01
    4.58547860e-01 4.12036508e-01 -6.21302307e-01 5.44092536e-01
    2.57818669e-01 3.24761301e-01 1.55651295e+00 9.91649389e-01
    5.21427691e-01 -6.76289022e-01 1.33964074e+00 -3.52943957e-01
    1.52727866e+00 1.32733250e+00 1.46726680e+00 7.90905833e-01
    -6.77358449e-01 1.40337205e+00 6.54587388e-01 3.32266539e-01
    2.35104531e-01 1.72273111e+00 1.59489834e+00 1.00615489e+00
    -7.28258252e-01 8.17259192e-01 1.54750675e-01 -4.39767122e-01
    3.02386105e-01 5.28913081e-01 1.08626246e+00 1.56373692e+00
    2.44810715e-01 2.55798072e-01 5.69344386e-02 -4.40629870e-02
    -6.21008277e-01 -5.10826721e-05 8.71114731e-02 1.27804923e+00
    -5.23773674e-03 3.67824584e-01 1.15097177e+00 -2.57642806e-01
    6.25418901e-01 7.91104019e-01 -6.82595074e-01 -4.56677616e-01
    -5.83978117e-01 -5.03134072e-01 6.33720398e-01 1.02127409e+00
    1.26434970e+00 9.02518868e-01 1.50518015e-01 -4.29906696e-01
    1.18527794e+00 2.96129405e-01 1.10127676e+00 -2.18020856e-01
    -4.67116803e-01 -1.35779558e-02 -3.52499560e-02 -5.93620479e-01
    1.26940846e+00 -3.68664593e-01 -3.96412164e-01 1.22483766e+00
    1.60949695e+00 1.13134480e+00 4.69606608e-01 -2.83431679e-01
    8.18200186e-02 -6.37662232e-01 3.37225199e-01 3.82920466e-02
    4.45799559e-01 9.77405965e-01 1.28909302e+00 -5.67380264e-02
    -7.70007432e-01 1.48277235e+00 -5.53361118e-01 1.00245810e+00
    1.60053265e+00 5.26777089e-01 8.05732727e-01 1.53614771e+00
    -2.19803657e-02 1.06835973e+00 6.95807815e-01 -7.86299944e-01
    1.21951759e+00 2.14947954e-01 8.99432898e-01 -7.66511858e-01
    9.74591263e-03 1.26284397e+00 9.80816841e-01 1.48285210e+00
    1.64692414e+00 1.09206593e+00 8.61368418e-01 -6.40992522e-01
    -4.02177013e-02 7.14145720e-01 1.03240621e+00 -6.79187775e-01
    1.50998759e+00 1.01667178e+00 -2.06605673e-01 5.05567253e-01
    -2.91721761e-01 -1.66079655e-01 1.16170144e+00 8.26800168e-01
    -5.53766429e-01 2.86681950e-01 1.21813476e+00 -2.85241663e-01
    -1.35267600e-01 1.49565041e+00 -3.20520885e-02 -1.77115388e-02
    6.25347137e-01 8.16986740e-01 -6.04268789e-01 1.32543540e+00
    -7.43007183e-01 1.01647627e+00 8.42263579e-01 -3.13338079e-02
    1.70056880e+00 -6.94933057e-01 5.48042953e-01 -3.77828360e-01
    1.82502902e+00 5.65287948e-01 -2.78402537e-01 9.99129117e-01
    5.04903555e-01 1.82399559e+00 1.93094745e-01 8.61481905e-01
    -7.20586836e-01 -3.64750147e-01 6.89078987e-01 3.79675210e-01
    2.89979160e-01 -8.21129978e-01 -4.76105928e-01 5.36549330e-01
    1.14464748e+00 -2.55008340e-01 -2.49806806e-01 1.05842364e+00
    1.10474491e+00 -2.69716561e-01 -4.32631448e-02 1.85740173e+00
    -2.23229364e-01 4.57575768e-01 6.70822144e-01 1.11509514e+00
    7.31107533e-01 1.08726072e+00 1.63289189e+00 -8.08128268e-02
    4.34029549e-01 1.89905658e-01 -2.24944696e-01 8.71896923e-01
    1.36604202e+00 3.68754119e-02 1.16181159e+00 -2.16306567e-01
    1.00998986e+00 -1.03856422e-01 -8.38589575e-03 3.70006800e-01
    1.46657491e+00 -7.72451162e-01 -1.13189012e-01 -2.12206826e-01
    1.14581323e+00 1.56402814e+00 4.33289737e-01 -4.29364622e-01
    7.02356517e-01 -8.86477381e-02 -4.90096778e-01 -2.77229607e-01
    -7.30233133e-01 3.21933985e-01 1.59420574e+00 5.19596696e-01
    6.35348439e-01 1.71901953e+00 4.93359596e-01 8.66106212e-01
    -2.21875772e-01 3.70475173e-01 1.78734958e-02 1.71649420e+00
    8.11711490e-01 4.91306365e-01 -6.61777377e-01 -1.44292533e-01
    -4.65277612e-01 1.00526476e+00 8.14676464e-01 -7.13964701e-01
    1.14393651e+00 -4.13379788e-01 8.89661551e-01 2.79338300e-01
    -4.22254987e-02 1.51972532e+00 1.31237042e+00 5.13639688e-01
    5.58349729e-01 1.55831516e+00 2.06365809e-01 7.09616721e-01
    4.33059126e-01 -9.78117511e-02 7.18972743e-01 2.67185926e-01
    -1.92611590e-01 3.24681550e-01 1.04019426e-01 1.46076322e+00
    -2.89158523e-01 9.44063365e-02 4.04336780e-01 3.07016850e-01
    1.51057541e-01 3.81827295e-01 9.15407360e-01 1.28567910e+00
    1.10519910e+00 6.38811350e-01 1.41621292e+00 1.33392060e+00
    -6.20947957e-01 -1.25312433e-01 -1.54583936e-03 -7.55014241e-01
    9.34678972e-01 4.84193712e-01 1.44974756e+00 3.16049725e-01
    -4.89131421e-01 1.70498264e+00 4.95772719e-01 -5.24225593e-01
    4.23003823e-01 3.15949291e-01 -5.13938189e-01 2.64187545e-01
    1.05209351e+00 -3.98080081e-01 -3.28966379e-01 8.67587864e-01
    2.35103294e-02 1.61235833e+00 1.30489385e+00 1.68837440e+00
    -6.02408409e-01 7.29865789e-01 9.72041309e-01 1.04116857e+00
    1.10066760e+00 6.94982052e-01 1.02804756e+00 -2.66969442e-01
    -3.44577014e-01 1.66580176e+00 7.12126791e-01 -2.24225760e-01
    5.77323616e-01 -1.23585702e-03 1.79869533e+00 1.69859385e+00
    5.35289526e-01 1.65033057e-01 1.11218941e+00 1.58023357e+00
    1.69629872e+00 -4.84561414e-01 -7.23132014e-01 1.13362394e-01
    -6.15967870e-01 3.34854200e-02 5.39292037e-01 9.81283367e-01
    1.34056234e+00 3.14930230e-01 1.91225111e-01 -3.47829983e-02
    6.99888766e-01 3.80350798e-01 3.17096621e-01 -3.82064223e-01
    1.71728885e+00 -4.52079713e-01 -3.94741714e-01 1.29036283e+00
    6.72085643e-01 1.08076259e-01 -6.48091063e-02 5.50222807e-02
    1.82338917e+00 5.82877815e-01 6.72099292e-01 -9.84807834e-02
    1.23331606e+00 -4.51490700e-01 1.30948752e-01 8.98567438e-01
    5.92071414e-01 -5.58732450e-01 8.09675455e-01 1.29593968e+00
    -4.43824679e-01 1.22719049e+00 3.82906109e-01 2.12878808e-01
    1.77572846e-01 1.60318565e+00 4.12496477e-01 1.57481086e+00
    6.31440818e-01 1.17752254e+00 1.46705437e+00 6.44701540e-01
    1.47365749e+00 -3.89934301e-01 8.91028345e-01 1.12857640e+00
    4.25332993e-01 -4.28870618e-01 2.62012452e-01 3.08260411e-01
    1.55894411e+00 1.31094897e+00 -1.32164478e-01 1.31930673e+00
    1.07469594e+00 1.31036627e+00 -7.17039645e-01 9.93390679e-02
    1.50859213e+00 -1.14087835e-01 5.21037221e-01 -6.02789819e-01
    1.61143720e+00 6.73003197e-01 -5.01740515e-01 4.50788170e-01
    -6.84164643e-01 4.97054428e-01 -5.20563006e-01 -6.59055710e-01
    1.60791874e+00 6.31884217e-01 -3.23354453e-01 9.43688676e-02
    1.05736756e+00 3.83401126e-01 -5.75386703e-01 3.40476155e-01
    1.53545487e+00 -1.36283100e-01 -2.22628400e-01 -4.76897061e-01
    1.47675729e+00 1.46295631e+00 -7.43015826e-01 1.63652694e+00
    5.18908203e-01 1.38958895e+00 1.49469471e+00 -7.41806030e-01
    -2.39060074e-01 4.07844037e-01 1.26832262e-01 -4.39897150e-01
    1.00301957e+00 1.02538288e+00 4.58061606e-01 1.43764541e-01
    1.53092921e+00 7.89770067e-01 3.78989488e-01 -7.24057853e-01
    1.26292050e+00 4.99181479e-01 1.44380379e+00 3.42030168e-01
    1.68095160e+00 7.79953003e-01 1.08473659e+00 1.41095388e+00
    2.70830780e-01 7.22702861e-01 -7.34381616e-01 9.24573183e-01
    -3.27089518e-01 6.85641319e-02 7.63487637e-01 -6.60892546e-01
    6.61153793e-01 8.42781186e-01 1.27668762e+00 -1.75348788e-01
    5.34810960e-01 -2.42660150e-01 -1.01080447e-01 -1.17373988e-01
    1.39153183e-01 1.05809259e+00 -4.59604293e-01 4.32595491e-01
    6.44091368e-01 -6.60942674e-01 1.98669457e+00 8.01307142e-01
    -2.67900348e-01 1.25361955e+00 -3.11138332e-01 8.04250121e-01
    -8.69400427e-02 -4.72493261e-01 -6.12550318e-01 1.03359711e+00
    5.30722797e-01 8.20023835e-01 9.99023795e-01 9.69079286e-02
    1.01562738e+00 -1.04569033e-01 4.97873932e-01 3.29598516e-01
    1.08218014e-01 6.86591506e-01 1.36574554e+00 1.33096969e+00
    1.57484984e+00 5.42382061e-01 -6.85891747e-01 1.72724462e+00
    -6.70514882e-01 2.22280016e-03 -3.43513012e-01 7.71915674e-01
    -2.55874604e-01 1.37312317e+00 1.30990669e-02 1.54407334e+00
    7.35199213e-01 7.71632910e-01 6.07468903e-01 -1.88312069e-01
    1.67271924e+00 1.31187642e+00 1.11005616e+00 2.21861884e-01
    -7.49403179e-01 1.06477618e+00 1.56531763e+00 9.16248143e-01
    3.04952353e-01 1.52255356e+00 -5.05643487e-01 -2.08433047e-01
    5.10264859e-02 9.93883833e-02 -5.83177805e-01 -4.11164612e-01
    1.29703879e+00 1.77934556e-03 5.31856894e-01 1.61708748e+00
    1.07612991e+00 9.17652011e-01 -3.08677971e-01 1.74066019e+00
    -2.23556623e-01 6.00428879e-01 -4.82067347e-01 6.94590926e-01
    1.74373853e+00 -1.43905774e-01 -4.46040541e-01 7.80334651e-01
    1.84182629e-01 9.28418517e-01 7.10400164e-01 7.76629269e-01
    5.78608096e-01 3.34068060e-01 7.77056932e-01 -7.29426503e-01
    1.42849946e+00 1.09238148e+00 7.64087200e-01 1.48023820e+00
    8.93203378e-01 -4.83451515e-01 -5.60314178e-01 1.79921579e+00
    1.16604674e+00 1.82026780e+00 -2.30801255e-01 3.79177809e-01
    5.98763287e-01 9.34030652e-01 6.62299335e-01 -2.63159275e-01
    4.28697109e-01 1.53835034e+00 1.67028379e+00 -3.67794901e-01
    3.72516155e-01 1.41391301e+00 -4.04578954e-01 1.31963122e+00
    1.00865197e+00 -7.61274576e-01 -3.55334699e-01 1.04529357e+00
    1.22409594e+00 -7.14571416e-01 1.38482165e+00 6.37661099e-01
    6.50362074e-01 -1.61262989e-01 1.68257475e+00 -5.53637147e-01
    1.49101272e-01 7.26199001e-02 -8.24313611e-02 7.47589290e-01
    1.47377515e+00 6.17765665e-01 3.42256039e-01 1.82181108e+00
    -2.04474375e-01 -3.42421383e-01 -5.53406596e-01 6.99273884e-01
    1.44202030e+00 -4.87224847e-01 1.67477858e+00 1.38835919e+00
    8.36822152e-01 9.62807164e-02 9.62704346e-02 -1.36865810e-01
    -6.78343624e-02 1.73070490e+00 1.52568638e-01 1.62541854e+00
    5.34428358e-01 1.58410716e+00 -4.12627727e-01 1.57692873e+00
    -3.84694785e-01 1.32413104e-01 3.04124564e-01 -6.81101143e-01
    9.66687679e-01 7.75499046e-01 1.00695920e+00 -4.02555168e-01
    -2.96781391e-01 -4.46241423e-02 1.59344983e+00 4.97480184e-01
    -4.22416538e-01 8.92871797e-01 7.72772491e-01 8.38552475e-01
    2.92493030e-02 1.21343601e+00 1.09220958e+00 1.17703164e+00
    -2.30471089e-01 1.30719423e-01 -7.36019015e-01 2.09030896e-01
    1.47457564e+00 1.46812940e+00 1.37078643e+00 1.15498388e+00
    1.73277915e+00 -3.31524104e-01 1.19466186e+00 -2.93091804e-01
    -1.69210151e-01 2.23438576e-01 -1.43982515e-01 4.15011287e-01
    7.18931377e-01 1.37503302e+00 2.74480790e-01 1.51486799e-01
    1.61952412e+00 7.76525438e-01 8.04923356e-01 6.15438879e-01
    1.43202305e+00 5.79461873e-01 5.75528741e-01 7.08439231e-01
    1.64046597e+00 -6.48947537e-01 4.79445785e-01 -9.28145945e-02
    1.84047377e+00 2.59431928e-01 4.71826077e-01 3.89038891e-01
    3.05464685e-01 1.79919612e+00 9.36407804e-01 -2.01709315e-01
    1.52419597e-01 1.63440907e+00 -1.45333335e-01 -1.80523008e-01
    1.37093508e+00 -3.74042422e-01 7.79627636e-02 1.57365620e+00
    8.45159352e-01 1.63224375e+00 -1.42480992e-02 1.70730293e-01
    -6.70324743e-01 1.11873603e+00 1.06769538e+00 9.19889450e-01
    6.30765855e-01 -3.58637124e-01 7.13626981e-01 3.58591229e-01
    -2.53953189e-01 -1.63610488e-01 7.26245821e-01 4.79796141e-01
    1.01521716e-01 -2.53479958e-01 -6.28674269e-01 1.76435649e-01
    4.65885490e-01 -7.72215128e-02 1.71380353e+00 8.93803716e-01
    1.69742334e+00 8.64183605e-01 1.65605319e+00 1.18249941e+00
    6.90151453e-01 9.96033549e-01 -6.15599215e-01 -1.69207901e-01
    -4.69670087e-01 1.82810271e+00 1.43706393e+00 2.32313722e-01
    1.20697200e+00 3.43845397e-01 6.11707829e-02 4.70739245e-01
    -7.07792222e-01 7.84416199e-01 -2.04366669e-01 1.49243867e+00
    -4.31667477e-01 -6.53447032e-01 -2.51051396e-01 2.17519832e+00
    1.75754786e+00 1.56972337e+00 1.57271540e+00 1.56307161e+00
    1.53528190e+00 1.31261241e+00 1.23553145e+00 -1.79693758e-01
    1.78439093e+00 7.57807851e-01 6.74552977e-01 9.82396603e-01
    1.24587595e+00 7.83502638e-01 1.54100215e+00 5.18973947e-01
    1.00102258e+00 1.64286351e+00 5.98374724e-01 -5.54084659e-01
    -2.02539787e-01 1.07696855e+00 -3.89843792e-01 1.31658363e+00
    -3.85450900e-01 8.37573946e-01 6.25026464e-01 4.59627211e-01
    1.42823732e+00 2.93384075e-01 3.30023944e-01 1.70810625e-01
    -4.98962253e-01 -6.27165893e-03 -5.04524112e-01 -2.44840249e-01
    1.79277018e-01 1.45601630e+00 1.67488098e+00 7.92043090e-01
    1.25316846e+00 1.36013484e+00 -1.28337726e-01 -1.53996736e-01
    1.06128168e+00 -8.09975803e-01 9.58457112e-01 1.71456528e+00
    6.48252130e-01 -4.52626944e-01 3.42830330e-01 4.11039561e-01
    1.40884423e+00 5.92065528e-02 1.02299023e+00 1.05939098e-01
    8.99617076e-01 -2.50668347e-01 -8.70258659e-02 6.32826447e-01
    -1.78617790e-01 3.26447189e-01 -1.96482137e-01 1.54002905e+00
    9.36593592e-01 -5.39663099e-02 -6.05154753e-01 4.30815130e-01
    5.56801260e-01 -2.77456850e-01 3.19646031e-01 1.16917479e+00
    -7.95613170e-01 3.99116844e-01 -2.14929149e-01 1.53636336e+00
    1.62675929e+00 1.33919179e+00 -6.05026424e-01 -1.90430865e-01
    -6.02491319e-01 9.74593580e-01 1.63524732e-01 2.72143692e-01
    -5.00843339e-02 1.00908339e+00 -4.69545834e-02 -3.85300636e-01
    3.73078920e-02 9.83577728e-01 -3.82859148e-02 9.80672359e-01
    -5.69510423e-02 -6.63042963e-01 7.22251356e-01 -4.48051170e-02
    -4.76854555e-02 1.22404826e+00 -5.56294978e-01 7.83397481e-02
    1.35668904e-01 1.21504724e+00 -2.02825844e-01 1.10245407e+00
    -2.83506870e-01 4.02586937e-01 1.06372678e+00 1.68503940e+00
    1.64698029e+00 -6.77637041e-01 3.60321820e-01 1.30495965e+00
    -6.03186131e-01 4.66277450e-02 1.38081491e+00 9.33479741e-02
    1.47255257e-01 -1.70946047e-01 3.94039154e-01 1.86493540e+00
    1.35239828e+00 -2.68518656e-01 1.74094701e+00 1.18990803e+00
    -4.07682098e-02 1.14943719e+00 -6.07984066e-01 -4.03849334e-01
    6.27544463e-01 3.71618211e-01 1.55986011e+00 7.97330379e-01
    -4.29732978e-01 -5.71419358e-01 3.23873341e-01 1.51335227e+00
    -4.19000655e-01 -4.17717963e-01 -1.31152153e-01 -3.41313690e-01
    1.74530745e+00 6.81516767e-01 4.08680171e-01 7.40331948e-01
    1.68233025e+00 -5.30453213e-02 1.81150511e-01 -3.30570608e-01
    1.51166904e+00 -6.31452560e-01 -2.43918225e-01 6.40295446e-01
    1.81376553e+00 -6.84874207e-02 -5.04302740e-01 4.51202482e-01
    5.00944614e-01 8.92773747e-01 -2.06716716e-01 1.11666203e+00
    1.24147809e+00 4.59129214e-01 1.15683043e+00 1.07739139e+00
    -6.05784118e-01 1.58401084e+00 -2.02104375e-01 -5.11705577e-01
    8.50910366e-01 2.08609536e-01 -4.33876872e-01 7.83021986e-01
    1.03509200e+00 1.11190982e-01 1.53981888e+00 1.48663771e+00
    3.90259236e-01 4.44258690e-01 7.93860018e-01 7.61545300e-01
    1.89881459e-01 4.44728404e-01 1.14859951e+00 2.48349388e-03
    1.66444051e+00 9.38439131e-01 -2.67848581e-01 1.12495637e+00
    5.29364824e-01 -6.57901049e-01 7.99776554e-01 8.01312685e-01
    6.64487064e-01 -2.05886722e-01 -6.82076812e-02 1.70997873e-01
    -5.63289165e-01 -6.46014512e-01 1.00165391e+00 1.15068388e+00
    5.65287530e-01 -9.61025134e-02 1.21333909e+00 1.31024098e+00
    -1.66708246e-01 -1.17364369e-01 9.77912545e-01 -6.50334835e-01
    1.29525471e+00 -6.63930783e-04 7.03620076e-01 1.18445241e+00
    -5.42352349e-02 -4.61066216e-01 1.23621905e+00 -5.98565675e-02
    5.67821741e-01 4.66831714e-01 -2.17139367e-02 8.63666832e-01
    2.13495359e-01 1.47456419e+00 1.23129380e+00 9.45004404e-01
    -4.61634517e-01 5.55665493e-01 -2.82927662e-01 -4.11417931e-01
    -6.75467730e-01 3.97631973e-01 8.01860616e-02 1.36433542e+00
    4.32105958e-02 1.64484179e+00 1.49513030e+00 -3.62509966e-01
    -1.46103576e-01 1.61263955e+00 -3.25082213e-01 -3.58022675e-02
    -4.09492433e-01 -3.17200661e-01 1.62907648e+00 -4.64786470e-01
    -2.49041557e-01 1.10749102e+00 1.29349709e+00 1.56385577e+00
    5.04226267e-01 6.89396441e-01 1.20369077e+00 -2.62214780e-01
    6.92869246e-01 1.48921764e+00 -2.78159648e-01 6.20577395e-01
    1.87294579e+00 -3.34044099e-01 4.54185098e-01 1.26997209e+00
    -7.26733327e-01 -7.84552470e-02 1.42265737e+00 6.96067691e-01
    2.06540897e-01 -5.64334430e-02 1.38644886e+00 1.53576255e+00
    1.08650613e+00 1.70726693e+00 -7.18102455e-01 6.08116627e-01
    -1.62807658e-01 -1.14883929e-01 1.15191650e+00 -3.18137288e-01
    7.06812799e-01 2.02511832e-01 5.29311188e-02 1.52134454e+00
    -5.26681066e-01 1.02501571e+00 5.64085722e-01 1.27553332e+00
    9.39222693e-01 1.26820922e+00 5.59878647e-01 3.73929769e-01
    1.06980658e+00 1.52433145e+00 2.07002118e-01 -6.15014970e-01
    -3.05554956e-01 2.79454708e-01 6.44228160e-01 1.54711163e+00
    6.50896668e-01 1.21913064e+00 1.27099955e+00 1.54380834e+00
    8.75485837e-01 1.25624269e-01 -4.99980778e-01 5.19113183e-01
    8.38918447e-01 1.77997768e+00 -3.91821563e-02 -4.39136893e-01
    3.87949981e-02 1.35852587e+00 1.47215438e+00 1.37721825e+00
    1.06540132e+00 1.98576912e-01 3.42262596e-01 2.86563516e-01
    -6.10329568e-01 1.38942349e+00 7.85160959e-01 1.14627147e+00
    -4.58487242e-01 -2.37609908e-01 1.35081089e+00 1.70971143e+00
    -4.42886472e-01 9.81091857e-01 9.73028421e-01 1.55046308e+00
    1.76303506e+00 1.03350759e+00 1.07716918e+00 4.38440681e-01
    1.52118468e+00 8.77128780e-01 1.81343883e-01 1.40875161e+00
    1.38913035e-01 1.37333286e+00 2.68143117e-01 1.76728809e+00
    -1.59000307e-01 1.46714628e+00 1.07109487e+00 -1.77007553e-03
    7.33601272e-01 1.72839725e+00 -3.43231708e-01 -3.65822732e-01
    1.40970564e+00 3.49439621e-01 1.18517649e+00 -3.39771658e-01
    7.28632689e-01 -9.98681039e-02 -5.10364413e-01 1.31068027e+00
    -9.24425013e-03 1.41188383e+00 1.05581284e+00 1.83458582e-01
    -6.87356412e-01 -1.97935849e-01 8.72734308e-01 1.23700273e+00
    4.87708867e-01 -8.10673237e-01 -2.69963473e-01 5.60433209e-01
    1.28095853e+00 -5.83205998e-01 6.24615610e-01 9.78318810e-01
    1.12022728e-01 1.10357475e+00 3.67648363e-01 4.91008669e-01
    8.55734885e-01 -3.31239462e-01 -1.25450402e-01 7.23965347e-01
    1.75247622e+00 1.73703110e+00 -4.66931164e-01 -7.66466618e-01
    1.51025844e+00 5.53385206e-02 9.73872244e-01 -7.79392719e-02
    1.45573413e+00 -2.51724333e-01 1.33864367e+00 -1.47516415e-01
    2.93750495e-01 7.51745403e-01 7.57253230e-01 1.09620821e+00
    -6.34945750e-01 -2.26752058e-01 -7.29763269e-01 -2.17735901e-01
    -3.38231593e-01 2.72124320e-01 1.79267502e+00 1.08662987e+00
    1.70399928e+00 6.59063995e-01 -2.97476619e-01 2.67076422e-03
    6.97561502e-01 1.57633877e+00 -5.17059445e-01 1.57831192e+00
    4.69280392e-01 -4.35025096e-01 4.91667271e-01 1.21325664e-01
    3.41889501e-01 -1.18037522e-01 5.83225965e-01 7.21958101e-01
    1.40507400e+00 1.39093482e+00 2.64107615e-01 -4.86558378e-01
    -7.07867205e-01 1.74496734e+00 6.30655587e-01 4.98856992e-01
    1.93086296e-01 7.07308292e-01 -1.71292111e-01 8.12708855e-01
    1.41831100e+00 -8.75020400e-02 1.72876108e+00 1.12968838e+00
    1.53661954e+00 -2.07565308e-01 1.65377164e+00 1.02283514e+00
    -5.29537380e-01 9.85033035e-01 -4.38130647e-01 1.29113960e+00
    -6.40831113e-01 1.20492625e+00 1.94366232e-01 5.89994729e-01
    -3.66928339e-01 7.15668797e-01 5.50524294e-01 -4.29775536e-01
    -3.12252827e-02 1.12521672e+00 9.70535874e-01 -1.22433051e-01
    1.15309799e+00 -7.37184286e-01 1.68231678e+00 1.68657064e+00
    1.48790315e-01 1.06930375e+00 1.56794178e+00 1.63962007e+00
    2.50708044e-01 6.80815935e-01 -3.53706419e-01 9.91169691e-01
    1.46606255e+00 -8.50335360e-02 1.10742033e+00 1.18970931e+00
    1.41942963e-01 -8.35482031e-03 -4.17717904e-01 1.70131421e+00
    1.74641728e+00 1.27995205e+00 1.60689318e+00 2.20253453e-01
    1.53181326e+00 1.57962307e-01 -1.31371543e-01 4.82161552e-01
    1.46921962e-01 1.65976429e+00 -1.60825178e-01 -3.14267904e-01
    -6.34967506e-01 -3.91790062e-01 7.17503846e-01 -4.35617387e-01
    6.37368798e-01 -4.39199030e-01 -2.53654420e-01 1.91095054e+00
    1.20944560e-01 1.30366039e+00 1.05171907e+00 -4.38295782e-01
    -4.25543487e-02 1.68045044e+00 7.59521782e-01 -2.02515185e-01
    1.79755479e-01 1.06817341e+00 6.73636854e-01 4.20078903e-01
    3.36019278e-01 1.60912740e+00 1.73876750e+00 1.55207598e+00
    2.01018244e-01 3.75597656e-01 8.75239432e-01 -6.84914768e-01
    1.77644849e+00 1.63329497e-01 1.53655255e+00 -7.28755832e-01
    6.96106791e-01 1.60281575e+00 1.17547333e+00 4.35908437e-01
    1.28361130e+00 7.78431058e-01 6.46728396e-01 2.95157880e-01
    -8.22424531e-01 -1.03593074e-01 9.86451745e-01 8.20819080e-01
    1.15748811e+00 1.16606444e-01 -6.34307146e-01 1.28542495e+00
    -8.40849653e-02 1.70298350e+00 7.93045163e-01 1.57503200e+00
    -2.36789808e-01 1.27238967e-02 1.53951931e+00 -7.00121760e-01
    1.28834450e+00 -5.42432964e-01 5.21415710e-01 -4.62435521e-02
    1.29342389e+00 2.89828688e-01 -4.26252410e-02 2.81834006e-01
    8.64566803e-01 8.99195135e-01 -4.05635655e-01 7.47998476e-01
    1.32417965e+00 1.72059751e+00 -4.98605072e-01 1.48338950e+00
    5.60791731e-01 4.12577361e-01 -8.26147273e-02 1.92173123e-01
    1.34622800e+00 1.02324677e+00 6.40203893e-01 -3.61757874e-02
    8.39381814e-01 -6.89104080e-01 -3.82441022e-02 1.98983327e-01
    1.27386558e+00 -2.47003376e-01 1.38382125e+00 9.14585650e-01
    -2.40504891e-01 1.11147606e+00 -3.69482011e-01 6.05816066e-01
    2.85247415e-01 -2.21996889e-01 1.50572801e+00 -7.00647295e-01
    1.46946609e+00 9.83145833e-02 1.09419787e+00 7.29129195e-01
    1.32545367e-01 -5.69149613e-01 8.34667921e-01 7.97077000e-01
    -4.46405679e-01 3.47364575e-01 -3.53124350e-01 -9.05439109e-02
    1.18709791e+00 -4.38922644e-01 1.43219662e+00 6.98359728e-01
    -1.39656410e-01 1.40582383e+00 1.69837272e+00 1.58686638e+00
    2.87253737e-01 4.58164781e-01 1.48305714e-01 -5.94827414e-01
    -5.18340647e-01 1.74048436e+00 8.25563431e-01 1.38194346e+00
    -4.11421627e-01 4.01686758e-01 1.42242336e+00 1.68366146e+00
    6.77909970e-01 1.29761970e+00 -3.52261990e-01 9.65865016e-01
    7.40308464e-01 1.17893720e+00 6.63613617e-01 1.31318212e+00
    1.14775932e+00 -1.58729956e-01 -5.11603892e-01 1.24435663e+00
    4.20079947e-01 -4.78627682e-01 1.41236711e+00 -5.16043246e-01
    -6.14575967e-02 3.38858396e-01 7.62889564e-01 3.06825787e-01
    5.34583390e-01 9.40089941e-01 8.92601728e-01 -4.41186428e-01
    -5.65093160e-01 2.76714057e-01 1.10398591e+00 1.40898719e-01
    8.90796304e-01 -4.48553950e-01 1.22917473e+00 6.98783457e-01
    1.46752775e+00 2.48353556e-01 5.68934321e-01 1.31572902e+00
    1.34031534e+00 -1.37251735e-01 1.18704975e+00 5.88687241e-01
    1.06220770e+00 1.52436912e+00 2.87926048e-01 7.26606786e-01
    -1.45834282e-01 9.60751951e-01 1.70771158e+00 -2.74786264e-01
    2.28340402e-02 1.71233690e+00 1.13114548e+00 -4.28081602e-01
    4.42803860e-01 2.53318846e-01 5.82708418e-01 -3.83837759e-01
    2.57908553e-01 2.21863851e-01 -7.78491616e-01 -6.52277946e-01
    1.21860862e+00 3.23174685e-01 1.13550115e+00 4.41352308e-01
    -5.66635989e-02 1.62938678e+00 -2.14755669e-01 -6.42019808e-01
    1.74550879e+00 -2.46220499e-01 -1.47158995e-01 4.44603235e-01
    -6.43426180e-01 -4.16439354e-01 -7.02719152e-01 7.83161402e-01
    -4.97386187e-01 1.24550343e+00 -4.39965785e-01 -6.74149215e-01
    -5.99979401e-01 -2.25649700e-01 -2.47651652e-01 8.26874852e-01
    -3.57136101e-01 1.41309774e+00 2.32443303e-01 2.83829063e-01
    1.33826160e+00 1.54315889e+00 1.33725679e+00 -1.06873363e-01
    -7.26846397e-01 5.05324244e-01 7.61886656e-01 -5.71527004e-01
    1.55513036e+00 1.70394409e+00 9.69863057e-01 -5.27801216e-01
    5.43872714e-01 9.80849087e-01 -4.02220488e-01 1.74006152e+00
    1.10347021e+00 1.51955098e-01 4.95905250e-01 8.16651106e-01
    1.45707762e+00 -5.91102727e-02 -3.81605387e-01 5.02437055e-01
    1.50201988e+00 1.74194455e+00 -6.51238203e-01 -5.77825606e-01
    -2.05174923e-01 9.98712122e-01 -2.04792470e-01 1.47765493e+00
    3.64197731e-01 7.69664394e-03 2.70228446e-01 3.11554402e-01
    6.25831664e-01 2.85074511e-03 9.73269939e-01 -7.48521313e-02
    -2.36546233e-01 2.05742400e-02 1.22938287e+00 6.02203846e-01
    -3.72183532e-01 -4.89591390e-01 4.27301601e-02 1.50759709e+00
    -6.83652461e-01 1.30766705e-01 1.11855650e+00 1.67970061e+00
    7.72214293e-01 -7.57123053e-01 1.08310986e+00 -2.99723506e-01
    4.20039028e-01 1.66556627e-01 -4.29051191e-01 -3.84072661e-01
    1.77510607e+00 1.82974875e+00 7.26079047e-01 1.43669534e+00
    1.77302337e+00 1.53674746e+00 6.75186992e-01 -7.94545770e-01
    -6.47275448e-01 -8.21350157e-01 7.15044081e-01 1.29768825e+00
    -7.42850825e-02 -4.50225323e-01 -4.49484020e-01 1.17451847e+00
    -4.76625234e-01 1.49006283e+00 5.58113396e-01 2.83874243e-01
    -6.91657603e-01 8.19620550e-01 7.53442943e-01 9.44679618e-01
    1.03633225e+00 -5.64983785e-01 9.23295796e-01 9.07459557e-01
    1.76505148e+00 1.56515467e+00 8.96233413e-03 -6.78704321e-01
    5.11939883e-01 1.69852400e+00 -8.35395604e-03 -4.18269902e-01
    5.44163287e-01 1.38597906e+00 1.73928964e+00 -2.00591668e-01
    3.51472408e-01 5.28454781e-01 -5.39121568e-01 7.96633303e-01
    6.58073664e-01 4.94694710e-01 -2.01910764e-01 1.20282030e+00
    5.33217907e-01 -2.72658676e-01 1.71496999e+00 7.49975502e-01
    -4.89529282e-01 2.32481584e-01 1.65576652e-01 -2.85706341e-01
    5.24639130e-01 1.67911482e+00 5.14302492e-01 1.00572360e+00
    3.04147035e-01 -4.79479164e-01 9.02571201e-01 5.47724128e-01
    1.83022034e+00 4.65284348e-01 -4.17169742e-02 -5.32542646e-01
    -3.97963464e-01 1.50094187e+00 -5.42223334e-01 8.33848953e-01
    -4.92328823e-01 1.10044777e+00 9.00307119e-01 -7.94248879e-01
    5.01977980e-01 -7.18475059e-02 8.30452383e-01 -2.80733973e-01
    1.07956290e+00 1.51199067e+00 -1.13189265e-01 2.20745742e-01
    6.46930456e-01 -4.37900931e-01 1.65321815e+00 4.20160532e-01
    9.01996672e-01 1.09039164e+00 -2.96604425e-01 2.59231925e-01
    5.55657506e-01 1.30272782e+00 3.61263663e-01 3.54003459e-01
    1.44905996e+00 1.77299470e-01 1.53680658e+00 5.07592618e-01
    4.13129717e-01 1.25573385e+00 6.53452277e-02 1.59867013e+00
    1.16806412e+00 8.04545283e-01 7.89644778e-01 -1.50769521e-02
    4.13274735e-01 1.33724177e+00 1.88192934e-01 9.75141644e-01
    -4.38396245e-01 1.56402040e+00 -2.78064758e-01 -7.36177385e-01
    1.29683697e+00 7.20094144e-02 8.12948823e-01 4.88146059e-02
    1.80382192e+00 6.22677088e-01 5.33895314e-01 1.78882658e-01
    -4.54002976e-01 -4.54457492e-01 -4.22599286e-01 1.08768678e+00
    -2.88937122e-01 7.56164253e-01 1.30457234e+00 1.38365254e-01
    9.98728216e-01 1.07808030e+00 9.25807595e-01 1.85937083e+00
    1.03170741e+00 1.42082489e+00 -2.79459178e-01 8.19558144e-01
    -1.20363601e-01 8.93053412e-01 1.42002141e+00 -6.95195258e-01
    5.86413026e-01 1.42665184e+00 -7.48226404e-01 6.67369366e-01
    -4.08918411e-01 2.44103387e-01 1.13971961e+00 1.02893591e+00
    -2.34462887e-01 -5.28160036e-01 -8.56231302e-02 -7.72672117e-01
    1.18273664e+00 -1.28581867e-01 1.73777390e+00 1.17056632e+00
    1.71585453e+00 6.68114424e-01 9.91144538e-01 9.49428082e-01
    1.64485180e+00 -6.67452276e-01 1.06330168e+00 5.31091020e-02
    1.33750892e+00 1.20441926e+00 1.29997027e+00 8.61694872e-01
    1.49520469e+00 3.10604125e-01 8.18553865e-02 -1.73424557e-02
    -4.63005602e-02 7.34858990e-01 3.46509106e-02 -6.57784820e-01
    -6.26703501e-01 1.59935057e+00 -1.19695246e-01 -3.65613401e-01
    5.22385716e-01 1.12924170e+00 1.10269988e+00 1.10406327e+00
    4.66510296e-01 -2.65984476e-01 3.79563868e-01 4.32656765e-01
    4.50877041e-01 1.74190223e+00 -6.49133921e-01 -3.87564115e-02
    1.13468373e+00 1.48477912e+00 7.61455536e-01 1.46484494e+00
    3.32632005e-01 -7.16209650e-01 1.55887675e+00 8.15377891e-01
    5.96296906e-01 1.17755282e+00 5.48531294e-01 5.82988381e-01
    1.07043004e+00 -3.70956540e-01 6.59937203e-01 -2.93989956e-01
    3.12937707e-01 1.54206944e+00 6.72707319e-01 1.41122043e+00
    -4.23663139e-01 -2.34374940e-01 1.19142270e+00 1.56295955e+00
    1.44666302e+00 7.58368224e-02 6.56185389e-01 -4.45528775e-01
    7.48274863e-01 4.47206348e-01 3.60968381e-01 3.98299843e-01
    1.73475158e+00 9.84565020e-02 1.70698750e+00 1.18603051e+00
    1.62008321e+00 -4.10524309e-02 7.84630716e-01 -4.29069996e-02
    -5.60084224e-01 1.38400507e+00 6.64536893e-01 6.90374434e-01
    -6.38631880e-01 -6.41485512e-01 6.80920541e-01 1.73066747e+00
    1.46058571e+00 -3.36814284e-01 -6.34388924e-01 1.69435084e+00
    -4.72654402e-01 6.45588189e-02 -5.62222660e-01 9.40664887e-01
    2.19384030e-01 1.83287427e-01 1.44611537e-01 7.48950779e-01
    5.29023886e-01 9.68472481e-01 1.63523185e+00 6.58195198e-01
    1.88412356e+00 9.76952732e-01 -4.48429361e-02 4.43032414e-01
    -7.04312086e-01 -4.31967884e-01 1.12092686e+00 1.74796700e-01
    1.07973421e+00 -9.09819901e-02 -7.30782986e-01 5.28533340e-01
    -4.86480802e-01 -7.08153784e-01 9.06163752e-01 1.24446595e+00
    1.13328409e+00 1.92227334e-01 -6.70930088e-01 2.65338123e-01
    1.58948815e+00 7.36142337e-01 2.41833225e-01 5.60325861e-01
    3.57242972e-01 9.63281631e-01 -7.75265634e-01 -2.48514906e-01
    5.87882876e-01 1.73090592e-01 -2.53925532e-01 1.60112154e+00
    1.59163868e+00 -1.93058193e-01 8.10311198e-01 4.22988474e-01
    6.27304256e-01 -7.24456489e-01 6.16978765e-01 9.77520525e-01
    8.41422975e-01 6.73634231e-01 -8.56921256e-01 2.54575551e-01
    1.73740759e-02 8.82400870e-01 -6.03925884e-01 1.36663258e+00
    -1.50219515e-01 1.17014205e+00 4.90782619e-01 3.44210654e-01
    -1.18587099e-01 -3.06434929e-01 2.43261799e-01 -1.03299230e-01
    4.57792252e-01 8.91714036e-01 2.08851069e-01 1.29827368e+00
    4.82838899e-02 8.80196631e-01 1.09939493e-01 1.31492719e-01
    1.00798404e+00 1.48586428e+00 -9.81683750e-03 7.45021760e-01
    1.56632471e+00 -1.33228898e-01 1.79328871e+00 5.79159856e-01
    -3.12410116e-01 4.80084091e-01 -1.44415423e-01 -4.98394489e-01
    -5.61951280e-01 8.57080579e-01 -5.80079734e-01 4.05047596e-01
    1.33084846e+00 8.06717217e-01 1.58468604e+00 -7.93775976e-01
    1.33711803e+00 1.23452437e+00 -3.74950111e-01 5.85587680e-01
    -5.40550172e-01 -9.41218659e-02 9.08779323e-01 -2.04465225e-01
    1.44419575e+00 1.14251268e+00 -4.86810468e-02 -7.71626309e-02
    -6.65874958e-01 2.80873477e-01 1.38218951e+00 8.77606690e-01
    7.24673808e-01 1.62659311e+00 2.68345445e-01 -5.95091403e-01
    -5.55678904e-01 1.21286893e+00 7.31169999e-01 1.32902086e+00
    6.10728025e-01 -7.13709891e-02 -5.96893191e-01 4.43091661e-01
    1.27612710e+00 4.69258517e-01 -4.98898715e-01 8.86756554e-03
    4.54134680e-02 7.98174202e-01 1.12163238e-01 1.47867060e+00
    -1.72816157e-01 1.58359993e+00 1.54000366e+00 2.24211752e-01
    -1.87406510e-01 1.35595047e+00 4.05802466e-02 -3.26335490e-01
    -1.31212547e-01 -2.96621591e-01 5.19442737e-01 5.77770174e-01
    3.15211654e-01 6.34843171e-01 1.28706765e+00 8.99527609e-01
    -7.06374824e-01 8.04075152e-02 1.16588140e+00 1.12256551e+00
    -2.37749100e-01 1.33538854e+00 4.42714691e-01 -2.35202610e-02
    1.64956495e-01 4.76068646e-01 8.13833833e-01 -4.82929759e-02
    5.62203586e-01 3.68763119e-01 4.40483503e-02 1.73828554e+00
    -1.14673242e-01 -7.03861356e-01 -6.78538382e-01 7.29732096e-01
    1.11157417e+00 4.09516513e-01 1.07521331e+00 3.21658105e-01
    8.80824387e-01 1.37932718e+00 3.77579987e-01 1.16826129e+00
    -5.80870509e-01 -5.32643795e-01 1.12820303e+00 2.59584516e-01
    -9.03073996e-02 1.12832284e+00 -9.18532386e-02 1.67262876e+00
    1.37013090e+00 1.21432590e+00 7.17608690e-01 1.29964679e-01
    1.04344475e+00 -5.53420007e-01 -3.65390539e-01 1.35045171e+00
    1.23942590e+00 -6.73573256e-01 -4.44360673e-01 1.45917869e+00
    1.27452421e+00 1.45769790e-01 5.51195517e-02 1.78764510e+00
    -4.67700928e-01 1.52572620e+00 1.47139430e+00 2.51894090e-02
    1.29671407e+00 1.51702356e+00 -4.72210377e-01 1.52313054e+00
    1.14182699e+00 2.39965007e-01 -1.19318731e-01 1.28292274e+00
    1.19634795e+00 -4.17291492e-01 1.06004584e+00 -8.04674745e-01
    -6.43979371e-01 1.37902641e+00 4.15413231e-01 -1.01768589e-02
    8.92050028e-01 -7.50772297e-01 1.53127456e+00 -3.39264125e-01
    4.92066920e-01 -6.81831896e-01 -2.63880998e-01 1.27041209e+00
    1.63565600e+00 -7.10393265e-02 1.47038543e+00 -2.14435875e-01
    1.33551168e+00 1.03373520e-01 4.03133482e-01 -6.14841640e-01
    3.33679855e-01 5.80915570e-01 4.85886604e-01 8.63701925e-02
    9.25080121e-01 1.08236420e+00 1.78933752e+00 1.46989405e+00
    5.84488094e-01 4.47654039e-01 1.05986297e+00 1.22849143e+00
    5.39985061e-01 -5.43637037e-01 -4.17920053e-01 -5.79788923e-01
    1.67664006e-01 1.24370921e+00 -2.85791963e-01 3.71708035e-01
    1.48716128e+00 1.71624446e+00 1.41158879e+00 2.26862431e-01
    1.60428393e+00 9.34738755e-01 9.85505641e-01 -3.62532526e-01
    5.65668821e-01 7.95381010e-01 9.30151403e-01 2.48960567e+00
    1.77827609e+00 1.50115526e+00 1.52129769e-01 4.05246556e-01
    1.77875447e+00 9.90442932e-01 1.07308626e-01 1.02712572e+00
    1.01083195e+00 1.06549549e+00 4.76617992e-01 1.03841829e+00
    -4.05855089e-01 -7.82101303e-02 -7.36130714e-01 7.29831040e-01
    1.61048067e+00 1.17427874e+00 1.46939051e+00 1.53181279e+00
    8.80314827e-01 1.41052115e+00 -7.15807736e-01 4.36154544e-01
    -2.41010621e-01 1.44229531e+00 1.73720956e+00 -9.08333734e-02
    1.49983990e+00 1.41080534e+00 1.49178886e+00 1.33256376e+00
    -5.13597488e-01 -7.90965199e-01 -7.44768143e-01 1.28287542e+00
    1.18679655e+00 -2.56701540e-02 9.32697713e-01 -5.72059333e-01
    1.77222669e+00 3.88478458e-01 -2.37216592e-01 -2.00805087e-02
    1.08891499e+00 1.21950090e+00 1.69929373e+00 6.03533804e-01
    -5.12346506e-01 -6.40407383e-01 6.57068431e-01 2.30423629e-01
    5.91178462e-02 -6.73325777e-01 1.56759453e+00 -4.38185632e-01
    -3.51095498e-01 9.38023508e-01 -1.49439171e-01 1.14511192e+00
    -4.69851159e-02 1.00898635e+00 6.04891002e-01 1.66288927e-01
    1.89839542e-01 1.43823814e+00 -2.06569627e-01 -4.82483000e-01
    4.97978121e-01 8.01290154e-01 6.99774683e-01 -3.10922652e-01
    6.92761958e-01 7.80211985e-01 1.75521600e+00 6.22885346e-01
    1.73787618e+00 6.04824685e-02 -6.66121542e-01 -6.98904037e-01
    1.51202476e+00 1.48748004e+00 -9.66504887e-02 7.03416646e-01
    1.90177396e-01 1.64941728e+00 7.42197335e-01 5.94336271e-01
    1.72778654e+00 -4.11100745e-01 -4.17565703e-01 6.54900432e-01
    -5.47552288e-01 8.72574091e-01 -6.37771487e-01 -4.39671785e-01
    -4.35048461e-01 -7.95944154e-01 5.49720645e-01 3.89277518e-01
    2.05752611e-01 1.68872392e+00 1.44141269e+00 4.11126405e-01
    6.23695493e-01 -7.22893178e-01 -1.12800233e-01 7.64318347e-01
    -2.34566808e-01 1.05473614e+00 1.10935724e+00 -7.14258194e-01
    6.77172661e-01 4.90287691e-01 1.18422961e+00 3.88012469e-01
    8.61867487e-01 1.66942418e-01 -3.15083951e-01 2.69983947e-01
    3.68291855e-01 2.97979593e-01 1.61408722e-01 1.17068803e+00
    1.49438095e+00 1.54903078e+00 5.98963976e-01 1.65129089e+00
    1.03272043e-01 4.93880995e-02 4.07391876e-01 1.64184630e+00
    3.65268700e-02 -2.52523750e-01 -2.12933660e-01 -4.36417103e-01
    1.67714727e+00 1.35952628e+00 -4.05924171e-01 5.62204540e-01
    1.60107464e-01 1.50453150e+00 8.30237031e-01 1.30539238e+00
    5.35075963e-01 1.66172814e+00 7.83676386e-01 5.38535595e-01
    2.18170896e-01 1.80643201e+00 1.73999143e+00 5.76195002e-01
    -3.50601435e-01 2.14894757e-01 1.42685246e+00 1.12863517e+00
    1.59590781e+00 -4.89655852e-01 2.27693141e-01 7.22660124e-02
    -5.01363754e-01 9.91108000e-01 9.29764926e-01 -4.79159206e-01
    -6.25753820e-01 1.11086160e-01 1.07337475e+00 3.92023832e-01
    1.44976282e+00 -2.63000011e-01 1.54634520e-01 -2.73457199e-01
    -2.02133164e-01 6.57436028e-02 -4.11868542e-01 -4.52500910e-01
    -1.44411564e-01 -1.68161482e-01 1.82077110e+00 -4.08481777e-01
    -3.91557783e-01 3.62908691e-01 1.23434210e+00 3.99472445e-01
    8.43041897e-01 -4.57766384e-01 3.00742269e-01 -5.37323117e-01
    3.53201449e-01 5.49440265e-01 -2.91657425e-03 3.82510632e-01
    1.00637329e+00 -3.91291946e-01 1.07282087e-01 1.05110407e+00
    1.26397848e+00 -2.99407810e-01 -9.57989618e-02 -7.47650981e-01
    -2.76310533e-01 8.00397336e-01 6.86692178e-01 -4.49223906e-01
    -6.52002931e-01 3.32287133e-01 1.12649366e-01 8.48938048e-01
    1.35683548e+00 5.62551022e-01 -2.36719921e-01 1.60409474e+00
    -5.70836604e-01 6.05713129e-01 -4.11586195e-01 -5.97911961e-02
    -1.44950137e-01 -4.38714147e-01 -7.00472653e-01 1.43286717e+00
    1.42154753e+00 8.83082271e-01 -5.48904240e-01 5.60569942e-01
    7.96856403e-01 -6.21647656e-01 1.65830338e+00 -6.30867481e-01
    1.64636946e+00 1.51995003e+00 1.35518253e+00 -3.27714294e-01
    -2.03245535e-01 -7.28816986e-01 -2.37089068e-01 1.64400721e+00
    1.69870973e+00 1.10620511e+00 1.21165848e+00 1.26027954e+00
    1.75518215e+00 1.59134924e+00 -1.83001384e-01 6.99474216e-01
    1.49720788e+00 -2.97220260e-01 1.36721659e+00 4.68993783e-01
    5.63799500e-01 1.18941176e+00 -5.92088997e-01 -3.40097010e-01
    -1.18350044e-01 1.21251345e-01 5.37573755e-01 1.68956816e+00
    4.38634962e-01 -1.00029312e-01 7.90106535e-01 4.57816005e-01
    1.24928439e+00 2.91947275e-01 4.77704793e-01 1.63177979e+00
    1.69276285e+00 1.57580137e+00 1.09815991e+00 9.29231524e-01
    1.22565591e+00 3.53749633e-01 -2.10946500e-01 1.65832841e+00
    1.40076327e+00 1.41628242e+00 4.39927906e-01 -6.68697894e-01
    -3.72225910e-01 8.74044657e-01 -1.75691992e-01 1.10610199e+00
    4.06432182e-01 3.30988497e-01 -9.25736129e-02 -5.08095324e-01
    -8.61409903e-02 -1.70478016e-01 6.43315613e-02 7.98556864e-01
    2.37447232e-01 6.01077795e-01 1.78463113e+00 6.40324175e-01
    1.77303597e-01 -1.87559068e-01 1.17414510e+00 1.60013580e+00
    1.53095317e+00 6.64488554e-01 1.40480053e+00 8.24151993e-01
    1.42131373e-01 -4.67253059e-01 -6.28286481e-01 -5.78783512e-01
    -2.88413852e-01 2.79610932e-01 4.56338704e-01 1.87607527e+00
    4.84507591e-01 -3.65333557e-01 1.03197902e-01 1.77667773e+00
    1.67966616e+00 -1.78513974e-01 -4.35890257e-01 5.63072264e-01
    1.04935825e+00 2.80915827e-01 1.64796305e+00 7.50831783e-01
    1.76423728e+00 1.15620315e+00 2.97412544e-01 -5.41300416e-01
    1.42511141e+00 1.18887234e+00 8.89132917e-01 -7.24642754e-01
    1.26559627e+00 1.35470366e+00 1.14283562e+00 8.37967277e-01
    1.23882258e+00 6.13641977e-01 1.46929729e+00 4.30370063e-01
    1.40905964e+00 -3.63808990e-01 -2.79182315e-01 -5.23181677e-01
    6.15761399e-01 1.47086072e+00 -7.27522612e-01 -4.43483651e-01
    1.03910732e+00 -1.85987264e-01 3.10772717e-01 1.43089998e+00
    7.45782375e-01 6.60533428e-01 1.50250423e+00 1.71363366e+00
    1.28794658e+00 1.72806120e+00 1.15594065e+00 -7.16020405e-01
    1.15838146e+00 1.59211874e+00 -7.22455442e-01 1.22374499e+00
    -3.74248654e-01 -3.64793211e-01 1.77702427e+00 1.41020191e+00
    1.14187002e+00 1.03680885e+00 -6.89997852e-01 1.70556843e+00
    1.01707160e+00 9.05589283e-01 1.66392326e+00 1.78673953e-01
    -3.49144965e-01 1.17255676e+00 -1.30014166e-01 1.82380721e-01
    3.70488107e-01 -6.09500289e-01 -4.27934647e-01 1.36083448e+00
    5.93128324e-01 -3.32213432e-01 9.39190567e-01 -3.60676080e-01
    -4.91767168e-01 -2.38473386e-01 -3.66570622e-01 -5.48742652e-01
    3.87160569e-01 -2.52175301e-01 -2.26088330e-01 -8.59421268e-02
    4.19287682e-01 -3.46599966e-01 2.51149833e-01 8.31254959e-01
    1.43349123e+00 5.68047106e-01 1.32999063e+00 1.46948934e+00
    -6.05540693e-01 -7.61050433e-02 4.14731234e-01 -6.00647807e-01
    1.21931517e+00 1.07524753e+00 6.45479739e-01 -7.49868572e-01
    -3.15584600e-01 7.28905678e-01 1.61630166e+00 3.98775339e-01
    -1.10247582e-02 1.45471787e+00 4.08898652e-01 -3.10005099e-01
    1.62794268e+00 8.93591583e-01 -1.80011481e-01 -4.89643335e-01
    1.22394502e+00 1.18473625e+00 3.24900717e-01 1.68156123e+00
    1.14963758e+00 -4.71500039e-01 4.26504970e-01 3.43199104e-01
    1.66780531e+00 -1.85937688e-01 1.20600808e+00 4.66395527e-01
    -1.21345609e-01 7.60932922e-01 2.31198579e-01 1.52330995e+00
    3.09455574e-01 -7.45101599e-03 8.02801177e-02 1.26952243e+00
    -7.80419648e-01 1.32103276e+00 1.66003346e+00 -1.42302275e-01
    4.62438524e-01 1.19782329e+00 8.35446775e-01 -3.81360322e-01
    5.46705484e-01 2.67236531e-01 1.36879504e+00 4.06666070e-01
    -7.23724186e-01 3.31735581e-01 1.18161619e+00 7.76244625e-02
    1.56765854e+00 1.09703638e-01 7.20167994e-01 1.60462618e+00
    -2.79088974e-01 8.70854259e-01 9.37749326e-01 3.65544647e-01
    3.81240249e-01 1.33833504e+00 8.81649137e-01 8.50687772e-02
    7.76518047e-01 1.55587769e+00 -3.31084281e-01 7.64026165e-01
    1.71693647e+00 1.33362198e+00 7.66872942e-01 7.79140711e-01
    9.39839900e-01 7.02192485e-02 -2.05324411e-01 -4.83370215e-01
    1.47292864e+00 1.28594792e+00 -6.23039901e-01 1.13027382e+00
    6.29124567e-02 3.27227890e-01 4.28455889e-01 -7.46002853e-01
    1.67418849e+00 -3.80810916e-01 1.22098374e+00 3.69078308e-01
    3.69942218e-01 1.38819110e+00 1.69387293e+00 1.41872728e+00
    -6.32806182e-01 1.11969244e+00 2.49270108e-02 1.43314683e+00
    1.04284978e+00 1.84329200e+00 -5.61213732e-01 -3.24209720e-01
    -6.45423591e-01 -2.53995329e-01 1.51932812e+00 5.61166406e-01
    7.27162838e-01 -3.76044899e-01 1.85665739e+00 2.54448175e-01
    -2.61341482e-01 2.70415515e-01 -8.69090855e-02 8.02526236e-01
    -4.00873512e-01 5.01835585e-01 1.19124401e+00 1.04426235e-01
    4.38425720e-01 4.88005608e-01 1.53119779e+00 -7.03878284e-01
    -5.56919217e-01 -3.42464089e-01 -5.26378453e-01 7.59600699e-01
    1.42901480e+00 1.50034380e+00 3.91508132e-01 -4.75667536e-01
    -2.50117987e-01 -5.48965812e-01 1.19170165e+00 1.06047058e+00
    4.39079791e-01 -7.14029670e-01 4.17705446e-01 1.20522058e+00
    -4.61930364e-01 -1.11491039e-01 1.77675068e+00 5.26333869e-01
    6.36005878e-01 -6.61796808e-01 -2.96802133e-01 -2.41162870e-02
    8.08636248e-01 7.41974533e-01 7.97904193e-01 7.06973553e-01
    -2.80340999e-01 1.60841489e+00 8.59194770e-02 8.30350459e-01
    1.35803676e+00 9.72547591e-01 3.43237668e-01 1.87134850e+00
    -4.81728017e-01 2.66154498e-01 -1.75030828e-01 9.51603651e-01
    2.57476389e-01 -4.79900360e-01 2.54162364e-02 1.67303398e-01
    3.64624560e-01 9.13407840e-03 1.23681355e+00 -3.33900154e-01
    1.41708815e+00 -4.68824476e-01 7.07846105e-01 -4.94952649e-02
    -5.27016342e-01 9.07504022e-01 -3.24404798e-02 9.80426788e-01
    2.71685749e-01 -4.69268560e-01 -7.13696957e-01 -1.52257368e-01
    -5.50362945e-01 -1.52856454e-01 9.59276855e-01 4.28834736e-01
    9.74298418e-02 1.01144627e-01 -7.65499175e-01 1.66915381e+00
    1.08059907e+00 1.28256726e+00 8.12825382e-01 9.95336235e-01
    6.12282097e-01 1.29178941e+00 -4.29314286e-01 1.75050408e-01
    1.05437791e+00 1.63482881e+00 -5.58238566e-01 1.00452864e+00
    -1.13641471e-02 -4.48652506e-01 2.06820726e-01 -4.94403213e-01
    1.06486130e+00 1.62196779e+00 6.37429833e-01 -3.95266443e-01
    -2.69265532e-01 6.58601105e-01 8.69894207e-01 8.36152792e-01
    9.78583395e-01 5.18901646e-01 1.25095952e+00 -3.22407968e-02
    -3.67585272e-01 9.13867176e-01 -1.71308629e-02 1.71298349e+00
    -4.05560762e-01 -3.26277405e-01 1.94326743e-01 -6.57626271e-01
    -2.65954405e-01 1.25646555e+00 1.22920156e+00 -4.57002014e-01
    6.72901094e-01 -5.37660956e-01 1.29391503e+00 7.13522434e-01
    2.35806286e-01 -3.07481941e-02 1.46727991e+00 1.74751079e+00
    1.03258097e+00 9.86758113e-01 1.88473296e+00 2.02527434e-01
    -4.40373898e-01 -2.70584285e-01 -7.22047165e-02 -3.54802571e-02
    1.76247823e+00 7.31645226e-01 8.87204260e-02 1.06078136e+00
    -6.77053392e-01 2.93792546e-01 1.40077800e-01 2.39660412e-01
    7.28164017e-01 2.50429232e-02 6.78526819e-01 1.19675457e+00
    1.45424798e-01 3.47636014e-01 -4.87253457e-01 1.34083080e+00
    1.36990356e+00 6.24247432e-01 1.65597224e+00 1.45401824e+00
    5.84078014e-01 -4.16039139e-01 -2.81077683e-01 -2.04177782e-01
    -5.50671816e-01 1.83811200e+00 -4.27699387e-02 -4.41921860e-01
    3.33098859e-01 1.16930056e+00 1.07337224e+00 -2.10073233e-01
    1.30582321e+00 1.19434607e+00 8.87610972e-01 1.63467669e+00
    1.70164275e+00 -7.63869822e-01 1.70135510e+00 1.67770576e+00
    7.10781038e-01 4.71231416e-02 1.46886265e+00 1.57199558e-02
    6.85249150e-01 1.13561463e+00 -5.47299564e-01 1.86082736e-01
    1.47405219e+00 -1.84531868e-01 1.66671157e+00 4.56798971e-01
    1.50684035e+00 5.98835468e-01 3.61138046e-01 1.67396843e+00
    1.62173080e+00 -6.29948258e-01 1.56130826e+00 8.80393028e-01
    -5.79385996e-01 1.29942763e+00 -3.99281442e-01 -5.97225368e-01
    1.17665574e-01 2.89366357e-02 1.55307508e+00 -2.53575832e-01
    -1.39150232e-01 5.07888615e-01 1.19539964e+00 1.74868429e+00
    -2.90330619e-01 5.15496433e-01 5.03093779e-01 3.05041298e-02
    1.78615713e+00 1.14123893e+00 2.22515669e-02 5.60326755e-01
    1.65474248e+00 7.05810547e-01 4.18369882e-02 -6.42498612e-01
    -4.40902263e-01 -3.20696831e-01 1.13792837e+00 1.73168495e-01
    9.08928037e-01 -5.06651223e-01 -1.12420179e-01 1.44711280e+00
    9.60477233e-01 3.28617305e-01 -4.72701222e-01 9.18601692e-01
    -4.98975515e-02 1.39656413e+00 5.47052979e-01 1.48502147e+00
    -4.81266201e-01 -6.16760671e-01 1.24480641e+00 5.56355059e-01
    3.24890345e-01 -7.56396770e-01 7.20682085e-01 -5.45662701e-01
    4.66525182e-02 -5.77312768e-01 -3.21966976e-01 8.47084463e-01
    -6.40347600e-02 3.06956112e-01 1.18637562e+00 2.19431877e-01
    8.82046759e-01 1.23117149e+00 -1.43984398e-02 9.10641491e-01
    -4.56211895e-01 1.48220348e+00 6.82115376e-01 -3.22377980e-01
    -2.89635593e-03 8.96017492e-01 4.74342227e-01 2.64543176e-01
    1.64715648e+00 1.08152904e-01 5.35412729e-01 9.36122060e-01
    2.90376633e-01 1.73029625e+00 1.47786057e+00 1.32171226e+00
    -4.14048433e-01 1.08679295e+00 -8.55199695e-01 7.19290972e-01
    1.59722912e+00 -5.66111088e-01 6.00319862e-01 6.79212809e-01
    1.35704935e+00 -4.05966282e-01 2.02285349e-01 4.60525870e-01
    -2.30853446e-02 -4.25291717e-01 9.58391070e-01 9.00980651e-01
    1.64498106e-01 1.10676312e+00 6.38437271e-01 1.39881504e+00
    1.45525539e+00 -5.23901343e-01 -2.91696310e-01 7.02972591e-01
    -3.48617792e-01 7.94157088e-01 4.57970619e-01 -8.04822564e-01
    7.14035809e-01 7.68949568e-01 -1.32229283e-01 -2.70238847e-01
    1.09135365e+00 1.14285326e+00 1.72942436e+00 -1.24953657e-01
    7.69056737e-01 7.98740745e-01 6.46830976e-01 1.00228417e+00
    -3.27633977e-01 3.40905130e-01 -4.37570363e-01 -1.57685373e-02
    2.61155874e-01 1.19847858e+00 1.45516372e+00 1.05288994e+00
    4.97151643e-01 -6.58816516e-01 3.19639772e-01 6.59141004e-01
    1.31285024e+00 3.97340477e-01 -6.32667780e-01 -3.07733685e-01
    7.71171927e-01 1.19370699e-01 2.80993074e-01 3.21788937e-01
    7.38207281e-01 1.40942121e+00 1.10900509e+00 5.97242415e-01
    -3.73343706e-01 5.20949006e-01 1.59874701e+00 7.92247355e-02
    9.79845703e-01 1.41053200e+00 1.68891799e+00 3.30086589e-01
    2.79328316e-01 1.69866633e+00 -5.97754598e-01 -5.90961277e-01
    1.48283160e+00 2.52669483e-01 1.37087017e-01 -5.15240788e-01
    1.64701450e+00 1.42960942e+00 5.19455858e-02 -3.91765833e-01
    3.44206154e-01 1.17039442e+00 -5.39887965e-01 3.29166114e-01
    -5.89051068e-01 -5.85788846e-01 8.47551674e-02 9.62102413e-01
    9.42836404e-01 1.03769124e+00 3.13649029e-01 8.95861924e-01
    8.31556320e-01 1.09736121e+00 7.65152812e-01 1.53924480e-01
    -3.02504838e-01 1.31217027e+00 1.52365193e-01 5.17372668e-01
    5.69535196e-01 -3.12105626e-01 -6.78917229e-01 1.59746134e+00
    -7.69252658e-01 -7.63782859e-01 1.63175738e+00 7.87608266e-01
    2.04887167e-01 -2.51689088e-03 3.97879332e-01 1.80932701e-01
    -5.20013928e-01 1.16973341e+00 5.57938695e-01 9.77448761e-01
    1.11375913e-01 1.49961126e+00 3.35773975e-01 -3.51107746e-01
    1.00843191e+00 3.72115612e-01 -1.13090761e-01 -1.61331341e-01
    3.40946972e-01 -7.05286086e-01 1.37680638e+00 7.26650715e-01
    4.13083047e-01 -1.80355728e-01 2.96170991e-02 -1.34150228e-02
    1.52745903e+00 -3.16151261e-01 1.06016302e+00 2.90445209e-01
    4.01344627e-01 9.78315592e-01 -1.07956380e-01 4.47686672e-01
    -1.39885619e-01 7.58027613e-01 8.67978036e-01 6.13113523e-01
    -4.15967315e-01 8.52899432e-01 1.68224797e-01 1.12751865e+00
    1.50311422e+00 -6.70939684e-01 -6.71104848e-01 3.43126863e-01
    7.81284451e-01 6.04910254e-01 2.76555210e-01 5.33157170e-01
    1.62368226e+00 1.37727845e+00 1.31385779e+00 1.38161993e+00
    2.81737208e-01 1.23175144e+00 1.66893923e+00 -1.29665583e-01
    -3.43208462e-01 7.67442226e-01 3.86607617e-01 7.10520446e-01
    1.64882272e-01 -3.55651140e-01 -2.49278501e-01 4.40849736e-02
    1.49424922e+00 -5.54823101e-01 4.95793402e-01 -7.78417110e-01
    6.15744710e-01 1.13150418e+00 1.59615421e+00 1.15755296e+00
    -4.21579421e-01 8.98713529e-01 8.99372101e-01 6.65403187e-01
    9.60904121e-01 1.03798497e+00 1.84579626e-01 6.62376359e-02
    -4.08112019e-01 1.00057399e+00 7.43681192e-01 -3.04429121e-02
    -1.03473082e-01 1.15399110e+00 2.21489847e-01 -1.09435596e-01
    1.39224470e+00 1.82385397e+00 8.31878260e-02 -1.79627433e-01
    1.75795102e+00 2.02198192e-01 -9.01975632e-02 -3.44121963e-01
    1.22615957e+00 1.38536811e+00 5.05131364e-01 1.38879001e+00
    6.33896068e-02 2.89880246e-01 7.93941990e-02 -3.76161605e-01
    -3.60776223e-02 1.42414939e+00 1.08955491e+00 2.16520756e-01
    2.50777215e-01 6.06699109e-01 6.49016201e-01 -6.72070682e-01
    -5.56648374e-01 4.26197469e-01 -8.04445893e-02 1.51068926e+00
    -5.14714360e-01 -1.63034990e-01 1.17199588e+00 1.23279408e-01
    8.79067898e-01 -4.80037719e-01 1.05087304e+00 1.60303617e+00
    -3.53898466e-01 1.35940647e+00 -1.45317867e-01 2.23202252e+00
    1.16488290e+00 1.89689183e+00 1.78277183e+00 7.09539354e-02
    1.45697784e+00 5.30354023e-01 1.72549844e+00 1.08033285e-01
    -9.21526328e-02 -7.18567073e-01 8.46831024e-01 1.10516798e+00
    1.19426095e+00 3.26261163e-01 8.61750662e-01 4.02451634e-01
    6.85349524e-01 4.80870634e-01 5.79460740e-01 7.21479475e-01
    1.32198524e+00 1.12584758e+00 1.46977448e+00 6.64874673e-01
    5.36924779e-01 1.15072465e+00 8.76007676e-01 -7.78265223e-02
    1.59794796e+00 1.06552756e+00 6.23927176e-01 5.30814767e-01
    4.26103324e-01 -1.61012813e-01 6.86963618e-01 1.21695316e+00
    6.09628320e-01 1.89608634e-02 -3.68593663e-01 1.05589342e+00
    1.23445439e+00 -7.04097450e-01 -2.82195866e-01 1.53554058e+00
    -4.89526659e-01 4.60570663e-01 1.46077371e+00 5.86687803e-01
    2.74211287e-01 5.84528923e-01 -5.79797447e-01 1.72720206e+00
    5.42263508e-01 1.13171899e+00 5.98798739e-03 5.95325708e-01
    1.25654066e+00 1.03834689e+00 -4.37695980e-01 1.02108326e-02
    7.79642105e-01 5.82462847e-01 -2.18505800e-01 -4.91820216e-01
    -3.85873884e-01 1.78816187e+00 -7.54320696e-02 8.31131697e-01
    1.00326359e+00 1.73031712e+00 -8.03839415e-02 4.59142655e-01
    7.99965084e-01 -5.41795373e-01 5.48119545e-01 1.51259995e+00
    6.72684550e-01 1.49776888e+00 9.21113849e-01 -7.79456019e-01
    -7.11072862e-01 1.58727825e+00 7.46133387e-01 -3.30455750e-01
    6.50197506e-01 8.63134861e-01 7.69697011e-01 1.13664532e+00
    -7.17872322e-01 6.17999673e-01 -6.33229196e-01 1.92127302e-01
    8.35603952e-01 1.77730381e-01 -6.04940206e-02 6.62956476e-01
    1.30029440e+00 -1.26883149e-01 8.15608084e-01 1.03214264e+00
    -1.84973761e-01 1.23270564e-01 1.29923296e+00 4.32649814e-02
    1.71545434e+00 -7.02356458e-01 1.32225379e-01 1.06919301e+00
    -7.38881469e-01 6.13325201e-02 2.96295613e-01 8.71053755e-01
    1.19872141e+00 -1.13074720e-01 1.10954547e+00 7.46146142e-01
    1.14673364e+00 -5.75095378e-02 9.69861209e-01 1.56177688e+00
    -7.74776995e-01 6.75417900e-01 -6.61091924e-01 1.64272082e+00
    1.67780161e+00 4.05086190e-01 1.56127203e+00 3.04854631e-01
    3.43054563e-01 1.30458057e+00 1.77315986e+00 4.08264130e-01
    1.12824619e+00 2.05187976e-01 -1.69578448e-01 7.42380738e-01
    1.38124597e+00 -7.32137680e-01 1.43767262e+00 1.42549324e+00
    -2.68393576e-01 1.50095475e+00 -4.89694148e-01 5.23257554e-01
    -2.65402514e-02 8.16703022e-01 -4.49106991e-01 -2.05663741e-01
    -6.39601827e-01 -1.05078071e-02 1.69709766e+00 1.76166177e+00
    -2.67009050e-01 7.33584583e-01 -8.13267946e-01 1.33227682e+00
    3.52652341e-01 7.15042353e-01 1.12912774e+00 1.08741224e+00
    1.51249874e+00 6.10938668e-01 1.64455485e+00 -4.70687479e-01
    5.90114474e-01 -6.08551130e-02 1.09127045e+00 9.81108606e-01
    -4.49233502e-01 6.54225588e-01 1.30953515e+00 -1.97094634e-01
    4.62079525e-01 -5.01728594e-01 1.49179411e+00 5.63092306e-02
    -4.83190924e-01 1.50943434e+00 1.52126133e+00 4.53020215e-01
    9.88493443e-01 1.47901022e+00 7.04176724e-01 1.06939602e+00
    1.17791343e+00 -6.61005855e-01 1.58782971e+00 -5.89518130e-01
    1.54819918e+00 -2.93212801e-01 -4.52456683e-01 1.63716054e+00
    2.68998276e-02 1.30467236e+00 6.71192467e-01 7.42956698e-01
    -1.15771867e-01 1.62060618e+00 1.15888393e+00 -8.74920636e-02
    1.12858224e+00 1.41311002e+00 9.84374225e-01 -5.19078195e-01
    2.44063929e-01 2.04549953e-01 4.17372704e-01 -6.33159995e-01
    1.34518743e+00 -1.32445410e-01 2.86323875e-01 -3.97122622e-01
    1.74794888e+00 -1.48110896e-01 -2.07219459e-02 1.52093804e+00
    2.23957047e-01 -6.13767505e-01 -6.06042445e-01 5.13673425e-01
    1.00481488e-01 1.25239623e+00 1.04936361e+00 -5.66832542e-01
    1.61629772e+00 1.50839865e-01 5.85073769e-01 1.51077247e+00
    2.36461923e-01 -4.10290390e-01 5.00357091e-01 -5.56565762e-01
    1.01525640e+00 -1.60174876e-01 1.67204416e+00 1.70980752e+00
    1.04633547e-01 1.09749806e+00 1.21377468e+00 -7.41889253e-02
    4.72741634e-01 6.83540881e-01 -4.10738379e-01 4.64303523e-01
    -1.90545872e-01 1.69970167e+00 -1.83235392e-01 -1.29229248e-01
    -4.17118847e-01 -1.65604725e-01 1.12335372e+00 1.02704060e+00
    1.12798131e+00 4.48090047e-01 7.36094356e-01 3.04123193e-01
    -4.11197484e-01 1.82707036e+00 -3.65911990e-01 1.61137903e+00
    1.03980923e+00 -7.11989939e-01 3.16252381e-01 -7.57708311e-01
    -6.65805563e-02 -2.77314723e-01 1.49300110e+00 -5.53580403e-01
    8.91324580e-01 -4.80997294e-01 1.65184423e-01 -1.60905465e-01
    9.34525669e-01 -5.89946210e-01 7.36397922e-01 -8.26325476e-01
    1.23303562e-01 1.01714206e+00 6.56868875e-01 1.38412631e+00
    1.16944253e+00 1.13906860e+00 -3.48343849e-01 -6.57317322e-03
    2.40403578e-01 9.93607938e-01 6.68855727e-01 1.47848332e+00
    -2.68370770e-02 -1.46895722e-01 -4.47857141e-01 3.96656603e-01
    1.28216076e+00 -1.99182481e-01 6.21593058e-01 -2.60488719e-01
    4.66641068e-01 6.49962127e-01 -5.09803295e-01 4.32123654e-02
    1.21950090e+00 1.80481935e+00 1.59315383e+00 2.47608528e-01
    -2.61544943e-01 1.87403318e-02 -4.93882030e-01 2.44280517e-01
    -1.83943272e-01 1.10397005e+00 1.13110793e+00 1.01416223e-01
    1.13360333e+00 1.16662216e+00 2.78407216e-01 1.56951499e+00
    9.55663562e-01 -4.38435435e-01 -4.17211279e-02 1.41379976e+00
    2.97525108e-01 2.91187078e-01 -6.91866994e-01 -6.77607536e-01
    -1.90819949e-02 5.69208860e-01 1.34348774e+00 -6.81796193e-01
    1.46276474e+00 1.04248142e+00 1.34276509e+00 9.15413201e-01
    7.84584582e-01 -7.39539981e-01 -8.03954601e-01 9.12799895e-01
    8.12879384e-01 1.47984433e+00 6.22065902e-01 2.78566658e-01
    1.80330098e-01 5.13000965e-01 1.18180180e+00 2.37654466e-02
    1.34001911e-01 1.61145103e+00 1.50296569e+00 -2.49918804e-01
    1.35634160e+00 4.20017034e-01 6.51108325e-01 -5.67531049e-01
    1.88511536e-01 1.57019007e+00 -1.61298931e-01 1.62663996e+00
    1.70228755e+00 -5.00665903e-01 1.70044172e+00 5.29305995e-01
    -8.33727866e-02 9.15701151e-01 1.71437776e+00 1.47260725e-01
    -6.80362284e-01 1.60045552e+00 -5.79804718e-01 1.46421123e+00
    1.35667360e+00 4.47607636e-01 1.65571260e+00 -1.78768232e-01
    1.40071821e+00 -8.09923530e-01 -1.38128236e-01 -5.17748594e-02
    -3.07673573e-01 1.39410019e+00 1.35990632e+00 1.68602288e+00
    1.39630628e+00 2.62603045e-01 -3.27562124e-01 1.02696180e+00
    -6.54261529e-01 1.30579090e+00 1.69753730e-01 1.13336444e-01
    9.05640721e-01 -7.90357292e-01 1.36794734e+00 4.38744634e-01
    5.06873094e-02 8.57124567e-01 1.12416804e+00 1.63979399e+00
    1.41499472e+00 -2.57989138e-01 1.66850662e+00 6.27915144e-01
    1.07818365e+00 1.65090752e+00 6.70098841e-01 -9.92242172e-02
    5.12136752e-03 -6.96686089e-01 -4.20247734e-01 5.90133429e-01
    1.66287661e-01 -3.25686812e-01 8.14158559e-01 3.47109199e-01
    3.12560648e-01 7.49608636e-01 5.19433498e-01 -3.33354712e-01
    -1.26166850e-01 2.47886285e-01 3.10483545e-01 -6.23419344e-01
    9.50271726e-01 -4.56007481e-01 1.61005533e+00 4.82800186e-01
    -3.69275242e-01 1.20026243e+00 1.33204329e+00 -3.25560480e-01
    -5.03154874e-01 1.15318179e+00 9.43291485e-01 -7.96709239e-01
    4.05165344e-01 -8.70089352e-01 4.35362935e-01 7.48805523e-01
    7.59151340e-01 -6.26508534e-01 1.88049972e-02 -5.89865863e-01
    -4.49958682e-01 3.94023806e-01 2.06520543e-01 1.52404094e+00
    5.36800802e-01 8.31261158e-01 -7.95688152e-01 6.89563155e-01
    1.72720289e+00 8.25413585e-01 1.05657232e+00 4.16349858e-01
    1.94248203e-02 2.06040964e-01 -3.11637133e-01 1.02862918e+00
    -4.16097194e-01 1.03853548e+00 7.54351392e-02 -6.99891970e-02
    1.65915561e+00 -3.78166676e-01 2.14015283e-02 -1.26783550e-01
    1.67181253e+00 -4.13572863e-02 -9.15079266e-02 -1.56608507e-01
    1.91311046e-01 -1.79673135e-01 7.35360742e-01 7.70475447e-01
    3.37494723e-02 1.00083172e-01 1.00638501e-01 6.85730934e-01
    1.83352089e+00 4.91652071e-01 1.08380163e+00 -3.63485903e-01
    7.17235804e-01 -6.35950327e-01 -2.16159523e-01 6.23633623e-01
    2.51565725e-01 2.34648332e-01 1.69609988e+00 2.47430936e-01
    -6.61678374e-01 3.96596283e-01 2.85616517e-01 -3.16182077e-01
    3.62835914e-01 -5.19343674e-01 -6.24052107e-01 1.82165825e+00
    -1.90092325e-02 9.98362601e-01 1.31854773e+00 -2.11132973e-01
    1.19626737e+00 1.88959152e-01 5.69247723e-01 -4.89357769e-01
    1.08069396e+00 -3.85007292e-01 -1.01249844e-01 8.75953317e-01
    1.00829385e-01 4.39229727e-01 6.66161776e-01 1.43730676e+00
    1.00518155e+00 1.01110625e+00 1.00857902e+00 1.27752364e+00
    1.03665316e+00 -8.41994345e-01 1.05518413e+00 5.02186716e-01
    7.81932771e-01 3.21915418e-01 6.83362484e-02 -1.21170104e-01
    1.25678015e+00 1.38128197e+00 -6.49207294e-01 1.20041811e+00
    -5.76126933e-01 -6.78596318e-01 5.81668735e-01 1.34697485e+00
    1.63032913e+00 6.58872664e-01 -2.53476556e-02 1.54447711e+00
    -3.61160100e-01 4.31330979e-01 1.22161806e+00 1.23438203e+00
    -7.47215509e-01 1.14139247e+00 1.17675257e+00 -2.15101227e-01
    4.97743785e-01 1.24208438e+00 8.11038017e-01 1.57419968e+00
    1.41355801e+00 -1.49435643e-02 -3.62803526e-02 2.39656447e-03
    8.63110304e-01 -1.58358768e-01 1.15780890e+00 1.12866092e+00
    8.87848735e-01 6.98203981e-01 -2.98242688e-01 -2.92183340e-01
    -2.80111432e-01 -5.90885997e-01 -6.76472306e-01 1.77599490e+00
    -5.15917480e-01 -2.63765872e-01 8.41927886e-01 3.39116365e-01
    -6.17600143e-01 2.87711352e-01 -7.03145981e-01 1.48618114e+00
    1.70450047e-01 5.61970696e-02 -6.03522897e-01 -6.52682722e-01
    1.64297783e+00 -3.73769313e-01 1.77229655e+00 -2.85072505e-01
    1.34816039e+00 -7.83636808e-01 1.51130462e+00 1.26349938e+00
    4.26195502e-01 -5.15739858e-01 1.62005877e+00 1.45711267e+00
    1.53872049e+00 -5.22293091e-01 1.53792620e+00 -7.37148225e-01
    5.66622242e-02 1.23028398e+00 1.32591653e+00 8.56754005e-01
    1.07071841e+00 8.77502501e-01 2.79668003e-01 5.00406742e-01
    -2.16184661e-01 -5.19034266e-01 -4.75356102e-01 2.23573931e-02
    -4.76021677e-01 1.73154640e+00 1.04050887e+00 6.36724055e-01
    1.22055948e+00 4.83309388e-01 1.23561025e+00 1.66216350e+00
    8.24776530e-01 9.35112953e-01 6.87441289e-01 6.46984756e-01
    5.29399574e-01 8.09374571e-01 6.66330695e-01 7.80525804e-01
    6.82408929e-01 1.75723660e+00 4.38603073e-01 -4.87396121e-01
    7.53157496e-01 6.44059300e-01 -5.68706155e-01 6.67052090e-01
    1.10368097e+00 1.48186946e+00 4.91461962e-01 1.50723958e+00
    2.57127434e-01 1.44640182e-03 1.79308265e-01 1.60176086e+00
    1.57801497e+00 2.01117814e-01 1.27529287e+00 -7.56329477e-01
    6.13802746e-02 4.30977345e-01 2.41977796e-01 -3.55763733e-01
    1.19781113e+00 1.16823840e+00 1.36589265e+00 -4.80787426e-01
    1.56414449e+00 1.05725837e+00 7.62282312e-01 -1.89198568e-01
    -3.61850470e-01 4.53294545e-01 1.82784188e+00 -5.78969903e-02
    -3.50436062e-01 7.50928894e-02 1.37524605e+00 3.66361141e-01
    2.76014566e-01 1.05356503e+00 6.31123781e-01 8.46292794e-01
    -3.81765187e-01 -1.54516503e-01 1.75995719e+00 1.45147288e+00
    3.63712758e-01 1.48919356e+00 6.30721509e-01 4.34333570e-02
    -2.37491757e-01 -3.69693935e-01 1.45727050e+00 1.45895684e+00
    -1.86739370e-01 -4.68052298e-01 9.03528094e-01 -3.53938758e-01
    2.35522196e-01 1.10897458e+00 8.43342364e-01 9.06391323e-01
    8.69305789e-01 8.44750106e-01 1.15338993e+00 2.26850837e-01
    1.52855253e+00 4.14073884e-01 9.19456482e-01 9.83816326e-01
    5.73443353e-01 -6.57630861e-01 1.76758409e+00 4.12956178e-01
    1.45960867e+00 4.41064447e-01 1.00319922e+00 -4.94857460e-01
    9.14412022e-01 7.13525832e-01 7.61027277e-01 1.27646065e+00
    1.49102509e+00 9.17152882e-01 1.52026737e+00 1.72054803e+00
    -4.66321528e-01 1.04532564e+00 6.15554333e-01 1.23148191e+00
    -6.25272334e-01 2.21130148e-01 -5.29170036e-01 1.04721397e-01
    -4.19539995e-02 -3.66029263e-01 -1.11208886e-01 1.24373889e+00
    -6.28352046e-01 1.98585376e-01 8.92756641e-01 -1.21264599e-01
    4.04866755e-01 -3.09978664e-01 -3.12676489e-01 -4.88626540e-01
    6.47349775e-01 7.19913423e-01 7.96049714e-01 2.82996327e-01
    -2.47187898e-01 -2.49462932e-01 1.09388971e+00 -2.06496015e-01
    -5.28235035e-03 4.65365261e-01 -4.89529371e-02 2.69028991e-01
    6.25682831e-01 -3.80188286e-01 -5.92936635e-01 -3.66339058e-01
    1.08625829e+00 9.48977828e-01 -4.74444032e-01 -4.47396696e-01
    4.53437299e-01 1.11513042e+00 1.36671376e+00 1.20711696e+00
    1.04126012e+00 9.86435473e-01 -2.55489677e-01 1.61221075e+00
    8.03565025e-01 1.21331125e-01 1.31500459e+00 1.47602355e+00
    1.74817979e+00 7.28792399e-02 1.76386583e+00 -5.94094753e-01
    3.63295153e-02 1.37189972e+00 -2.80281126e-01 1.38890743e+00
    -1.90246224e-01 -4.56814855e-01 8.69320750e-01 1.53910482e+00
    1.65634441e+00 -2.99605094e-02 -7.29495764e-01 5.32884657e-01
    1.02618134e+00 -7.18214929e-01 -5.43900907e-01 -5.34697354e-01
    1.59897029e+00 -2.16948822e-01 1.78479862e+00 -1.68667749e-01
    4.09958005e-01 5.84072433e-02 1.18813276e+00 1.70314169e+00
    1.01697707e+00 7.42199063e-01 1.40717292e+00 -3.24880570e-01
    1.80893093e-01 5.93467891e-01 3.58151972e-01 9.83639598e-01
    -2.24807948e-01 -3.57909590e-01 1.23798609e+00 5.06841242e-01
    3.21879566e-01 1.91067159e-01 1.14178705e+00 -7.68221080e-01
    1.70654070e+00 1.63339961e+00 9.45147753e-01 1.69136894e+00
    1.12558281e+00 9.44711804e-01 7.74701118e-01 -6.11378670e-01
    -3.29517722e-01 1.09370112e+00 -2.05592662e-01 -1.86984882e-01
    5.74694693e-01 9.69211280e-01 -6.06160939e-01 1.65033686e+00
    5.81952274e-01 1.74011886e-01 1.34602475e+00 8.34014177e-01
    -1.80249885e-01 1.47449613e+00 -8.05490911e-01 2.17745788e-02
    1.50473058e+00 -1.65080667e-01 1.07177341e+00 8.37848008e-01
    -1.23159111e-01 1.08971608e+00 1.76627681e-01 5.68791687e-01
    -1.24132663e-01 1.29742980e+00 8.91696453e-01 2.51897097e-01
    -6.09405994e-01 8.28116119e-01 1.00727701e+00 6.61462188e-01
    -1.27809927e-01 3.07450920e-01 -7.61633515e-01 -6.30562007e-01
    5.58264136e-01 -6.42733097e-01 1.57557631e+00 1.41117942e+00
    1.30332768e-01 1.62071615e-01 3.46140206e-01 -4.53076571e-01
    1.55090046e+00 5.37114255e-02 -5.10131478e-01 3.03793520e-01
    6.43414855e-01 1.65650487e+00 -4.05180424e-01 8.13138008e-01
    7.15986550e-01 6.25594676e-01 4.19737965e-01 2.69178152e-01
    -1.46729359e-02 6.80062175e-02 -5.75311720e-01 1.65394211e+00
    1.00980544e+00 -5.29990315e-01 4.92708921e-01 9.36786890e-01
    -2.12203667e-01 5.25110483e-01 1.53564191e+00 5.91137111e-01
    8.52508426e-01 8.25097442e-01 -2.67572135e-01 4.99737293e-01
    -2.82304883e-01 7.45016456e-01 1.72455692e+00 1.48736072e+00
    7.09689021e-01 5.32748103e-01 1.57498047e-01 -2.70930797e-01
    -3.74238819e-01 3.99043411e-01 -8.38587046e-01 1.46796346e+00
    1.55225265e+00 1.05360046e-01 5.68325043e-01 2.21286062e-02
    -4.27354246e-01 1.31134272e-01 3.79910231e-01 -6.17965579e-01
    1.54362214e+00 -4.11073357e-01 2.52586991e-01 -8.96008492e-01
    -3.66930738e-02 1.61765385e+00 4.22765404e-01 6.53674960e-01
    2.32535332e-01 2.70699382e-01 1.01211512e+00 1.63241637e+00
    5.99349976e-01 1.23264921e+00 7.95471430e-01 -3.34470570e-01
    1.13861591e-01 9.85719085e-01 -6.71383023e-01 1.65217495e+00
    1.32848442e+00 9.68319774e-01 1.77304077e+00 1.31734502e+00
    -7.44871378e-01 -1.09527558e-01 -6.78519785e-01 -2.12353900e-01
    9.57198679e-01 9.35954928e-01 1.69966495e+00 -6.87986434e-01
    -2.42695302e-01 1.61343801e+00 2.78112059e-03 -2.63388544e-01
    1.65882957e+00 1.04614891e-01 -3.91031891e-01 8.73441041e-01
    -6.90165937e-01 -5.40982448e-02 1.54867101e+00 1.66323841e+00
    -3.72789681e-01 -2.39040349e-02 -4.64425027e-01 -3.27633739e-01
    3.14772725e-01 1.24260926e+00 1.44357836e+00 2.46917427e-01
    1.64366150e+00 -6.22198641e-01 1.22567677e+00 1.06186002e-01
    -5.94823122e-01 3.99092972e-01 -2.23481476e-01 3.38175714e-01
    6.13751002e-02 -5.19886017e-01 1.11483121e+00 -6.69630885e-01
    1.72775531e+00 -2.55532712e-01 -2.76137024e-01 1.56696033e+00
    1.04523636e-01 1.63269505e-01 1.06635475e+00 8.22738528e-01
    1.50257242e+00 7.33327746e-01 3.43580455e-01 8.89845669e-01
    -3.94000351e-01 -9.54583436e-02 6.79977000e-01 9.67338830e-02
    4.50959474e-01 1.25752878e+00 -5.12804866e-01 6.84366643e-01
    2.93221295e-01 1.85633957e-01 7.15041161e-01 1.71229017e+00
    3.68551314e-02 4.47356284e-01 -5.92941165e-01 1.47278321e+00
    8.86820078e-01 3.22884738e-01 -1.97144851e-01 -2.95071639e-02
    1.12877083e+00 7.06826568e-01 6.74352050e-01 -2.63935417e-01
    5.74810565e-01 2.60452300e-01 2.41693050e-01 -9.92214382e-02
    -7.29928493e-01 -7.23356366e-01 -6.97304308e-01 1.58105743e+00
    -4.18616086e-01 -3.37920159e-01 1.17607248e+00 7.14109778e-01
    -5.29991150e-01 1.80663919e+00 1.08484417e-01 -5.77843845e-01
    -7.17951417e-01 9.21470761e-01 1.67922401e+00 1.55003381e+00
    1.86944795e+00 -3.09551686e-01 2.33758911e-02 1.26743376e+00
    1.75075781e+00 1.39845812e+00 -6.38477206e-01 2.53744692e-01
    3.57804805e-01 9.68341768e-01 1.63812876e+00 1.73588872e+00
    8.93182456e-01 1.00675869e+00 -4.68481958e-01 -2.28632361e-01
    6.18857682e-01 -6.07384801e-01 1.13349819e+00 -2.96050131e-01
    5.73183596e-01 1.32452774e+00 -5.16236611e-02 6.13398552e-01
    4.38092619e-01 1.49931395e+00 6.27951145e-01 9.60495174e-01
    6.38752639e-01 1.30627382e+00 -4.09345508e-01 4.44413543e-01
    1.84824213e-01 6.83477163e-01 1.65295267e+00 1.70351481e+00
    3.71344000e-01 -5.93345575e-02 -9.67359319e-02 1.33387947e+00
    1.20865011e+00 1.72569290e-01 -7.41761386e-01 1.48579299e-01
    -3.78777593e-01 1.67127764e+00 5.51011562e-02 -4.16439950e-01
    1.29380238e+00 -2.77612597e-01 2.28687264e-02 7.85404205e-01
    4.59516883e-01 8.65922451e-01 3.97644371e-01 1.43260169e+00
    3.73184472e-01 -4.14048672e-01 1.07841790e+00 1.37917864e+00
    1.13139987e+00 2.27557480e-01 -6.12650633e-01 9.80124533e-01
    1.31762540e+00 1.56547308e+00 1.11422539e+00 9.57100451e-01
    1.24501431e+00 7.16889203e-01 1.69256556e+00 8.44773233e-01
    7.10471988e-01 1.48838592e+00 1.28258538e+00 1.42060518e+00
    6.18509650e-02 5.36380291e-01 1.35354078e+00 3.74369293e-01
    9.70605910e-01 -7.05065012e-01 -2.60600746e-01 -1.56930834e-01
    1.23436439e+00 -7.65901864e-01 -2.22297505e-01 1.72586417e+00
    1.17940128e+00 -3.53999794e-01 9.19556797e-01 1.59164882e+00
    -6.14449322e-01 6.88934743e-01 -8.11043441e-01 1.43790257e+00
    2.94064045e-01 9.85482037e-01 1.66200972e+00 2.52741963e-01
    1.01898260e-01 -8.34141970e-01 -5.16902544e-02 2.42272109e-01
    1.60860479e+00 2.22148016e-01 -1.24489121e-01 7.46134520e-01
    6.01137877e-01 -3.25099289e-01 2.53066365e-02 1.67317843e+00
    -3.19411576e-01 3.55474949e-01 -1.58344239e-01 4.23982382e-01
    9.63311851e-01 1.12688601e+00 1.74912417e+00 8.55923414e-01
    1.13706446e+00 -3.32368225e-01 -3.95980142e-02 1.11300874e+00
    -6.98702559e-02 -6.25857651e-01 -3.03907514e-01 1.70055902e+00
    1.49494684e+00 3.90921623e-01 2.11327985e-01 5.64290345e-01
    1.36273324e+00 1.26102924e-01 1.14448643e+00 1.60220206e+00
    1.62144887e+00 1.05785656e+00 -8.49657357e-02 2.43769586e-01
    1.14464998e+00 1.51984096e+00 -7.21797943e-01 -4.13494408e-01
    7.40332842e-01 1.82642663e+00 5.27708888e-01 1.19337535e+00
    1.03200316e+00 1.76112759e+00 1.35424626e+00 1.48821378e+00
    1.77273482e-01 -3.68112683e-01 8.41721613e-03 -4.90192235e-01
    -1.27422750e-01 3.95517021e-01 2.71482021e-01 1.22141564e+00
    1.39187145e+00 1.11667037e-01 1.51523519e+00 1.23543704e+00
    1.31661379e+00 6.71887398e-02 1.99786589e-01 3.01584303e-01
    9.20379281e-01 1.08605146e+00 -6.71503305e-01 9.23390329e-01
    -1.05863728e-01 3.88940781e-01 -5.65362275e-01 1.51730299e+00
    1.39052927e+00 8.71415794e-01 2.69498438e-01 1.46296120e+00
    1.63268304e+00 -6.95913494e-01 1.78423429e+00 6.96237087e-01
    -4.87790219e-02 1.67014563e+00 2.90259898e-01 1.37849522e+00
    1.35135567e+00 4.04606581e-01 3.33079726e-01 1.06616068e+00
    5.37641086e-02 -2.19076201e-01 -1.09924868e-01 8.44827831e-01
    4.07616973e-01 -5.94730377e-01 8.60649228e-01 1.01646221e+00
    3.62077892e-01 8.21120560e-01 1.05568862e+00 8.98705661e-01
    8.62897038e-01 1.78337967e+00 1.01282024e+00 1.11858559e+00
    -2.08875433e-01 1.06434548e+00 5.36368549e-01 -4.89306092e-01
    -2.60335296e-01 1.61866307e+00 4.96507496e-01 1.15588200e+00
    7.69511223e-01 -1.13596156e-01 -2.31561452e-01 1.60674083e+00
    8.64077359e-02 1.82790959e+00 9.31899786e-01 3.37897658e-01
    -6.27054453e-01 5.69600701e-01 2.57789016e-01 1.61169684e+00
    1.04115093e+00 7.99380183e-01 1.41522622e+00 5.26961744e-01
    1.64183521e+00 -3.02688241e-01 1.24026108e+00 -1.74776211e-01
    -4.73052382e-01 2.62260854e-01 -2.84825042e-02 4.19976205e-01
    6.39070272e-01 1.41992855e+00 1.63861823e+00 8.51940811e-01
    -4.21167731e-01 1.64244771e+00 5.81644237e-01 9.56150234e-01
    8.78871858e-01 -2.12766811e-01 1.21630895e+00 -4.68464009e-02
    -5.94392240e-01 7.56219387e-01 1.45525825e+00 2.13783646e+00
    1.24606800e+00 -4.85667080e-01 1.80374336e+00 4.04616654e-01
    -3.08621258e-01 1.56976402e+00 1.39881110e+00 5.37723422e-01
    1.51771319e+00 1.10151720e+00 1.34715557e+00 7.47060418e-01
    -5.65487564e-01 -7.35261023e-01 1.32152188e+00 6.10336542e-01
    -5.30905604e-01 7.87837029e-01 -6.63057625e-01 4.16579656e-02
    4.48127717e-01 8.32285643e-01 8.71746778e-01 9.93365943e-01
    6.22380137e-01 1.25053346e+00 3.97449702e-01 1.11276937e+00
    -2.24116072e-01 1.44699550e+00 7.37426579e-01 6.64777279e-01
    8.84103417e-01 -5.65570593e-01 -7.18101501e-01 -4.14549112e-01
    3.64608616e-01 9.37063575e-01 4.30488199e-01 1.12039888e+00
    8.29313621e-02 8.78527641e-01 4.31508303e-01 4.06518131e-01
    1.02516949e+00 1.08225606e-01 1.85935706e-01 8.20056736e-01
    1.69372010e+00 1.07780313e+00 7.66131639e-01 6.77801892e-02
    1.42147183e+00 1.53634837e-02 1.64729428e+00 1.30285633e+00
    1.01811469e+00 -2.70139009e-01 9.92956758e-01 -4.30177003e-02
    6.47467613e-01 2.65077949e-01 1.55801857e+00 -4.77672547e-01
    1.55672121e+00 1.81705439e+00 -3.50899398e-01 7.76731193e-01
    -5.18457830e-01 3.51843655e-01 -5.20830393e-01 1.19405055e+00
    -2.37477809e-01 -8.50093007e-01 6.76898539e-01 7.06904590e-01
    2.99071193e-01 3.47108811e-01 8.90507281e-01 7.63959408e-01
    1.75806928e+00 5.65595686e-01 -6.17094636e-01 1.64152062e+00
    1.64046144e+00 1.00343263e+00 -1.36211127e-01 4.27452177e-01
    -1.87803507e-02 4.95592296e-01 6.15565002e-01 1.77135289e+00
    1.79186749e+00 5.54751992e-01 7.04107821e-01 5.52332222e-01
    -5.53093433e-01 -5.32776892e-01 -2.27317005e-01 3.78786772e-01
    -8.70196894e-02 8.86833251e-01 5.42812824e-01 -5.99749625e-01
    6.93177223e-01 -6.44465089e-01 -2.47913688e-01 -6.41327441e-01
    -2.05764949e-01 2.68875342e-02 -4.83519733e-01 1.00231540e+00
    -6.83255732e-01 1.46577597e+00 1.61324099e-01 1.49167991e+00
    1.32936805e-01 -1.73535600e-01 -7.38421917e-01 1.76507980e-01
    4.52797234e-01 1.13877845e+00 1.04449081e+00 2.52436280e-01
    1.47111845e+00 1.60493875e+00 1.17961800e+00 7.68867195e-01
    -1.47832781e-01 8.82052362e-01 1.19244337e+00 1.30744910e+00
    9.96816278e-01 9.64329600e-01 -2.03284770e-01 8.13794136e-01
    -2.77262032e-01 -6.52508736e-01 3.16449016e-01 9.56351697e-01
    1.29559028e+00 3.24495941e-01 -4.30368483e-01 -6.01208389e-01
    -6.78612590e-01 -2.63085574e-01 1.59455931e+00 -4.71117646e-01
    1.46837020e+00 -5.41713059e-01 2.56096810e-01 1.01199925e+00
    3.34700882e-01 1.39781857e+00 2.46897504e-01 -3.70218188e-01
    1.36570930e+00 -4.95499998e-01 8.26494515e-01 -2.65251696e-01
    1.86762616e-01 -3.29268843e-01 9.83886302e-01 7.22246170e-01
    1.13919520e+00 -4.73299831e-01 7.36951232e-01 1.21091509e+00
    1.60538566e+00 1.22049248e+00 6.96614742e-01 7.63590693e-01
    1.34111822e+00 7.26364255e-01 -1.55520588e-01 1.27209187e+00
    9.85232949e-01 3.43040973e-01 4.85682189e-01 -7.87247241e-01
    1.11309981e+00 2.75033675e-02 -2.27064982e-01 -7.56280959e-01
    3.47124040e-01 -6.03387475e-01 -2.44548187e-01 -5.11650324e-01
    1.58928788e+00 2.35743836e-01 -5.84599137e-01 -1.77260768e-02
    -4.35139149e-01 4.28458661e-01 1.71122777e+00 5.24962187e-01
    8.40232611e-01 -6.29865408e-01 4.98766541e-01 1.38094640e+00
    6.99423194e-01 -4.91798729e-01 -5.34653425e-01 -4.28563446e-01
    9.05137539e-01 -4.31990415e-01 1.65623021e+00 4.77007776e-01
    -4.73739296e-01 1.17078149e+00 1.60634071e-01 8.80966365e-01
    -2.15701863e-01 8.22315574e-01 -2.89344579e-01 1.86786354e-01
    1.41249406e+00 4.01128680e-01 2.12287977e-01 -1.07156016e-01
    -1.41961113e-01 -1.88558742e-01 1.85067809e+00 1.82148755e+00
    -6.51938200e-01 1.06383550e+00 5.52240252e-01 5.45139331e-03
    -5.88568807e-01 -1.62726089e-01 9.02654886e-01 -2.06259251e-01
    1.81947720e+00 2.36756667e-01 -5.69552004e-01 3.13716948e-01
    1.53732634e+00 -3.22842240e-01 1.82898259e+00 -5.47286987e-01
    9.78647411e-01 9.52246964e-01 1.45652366e+00 6.82840407e-01
    1.56381631e+00 -8.29821527e-01 1.70387661e+00 1.06354833e+00
    -5.91837585e-01 -7.84809232e-01 -6.37350157e-02 1.35747170e+00
    4.50555384e-01 1.46467519e+00 3.82403582e-01 2.15879273e+00
    1.49373567e+00 5.68235278e-01 4.33373958e-01 -6.55346096e-01
    1.80694973e+00 1.12176037e+00 2.94859838e-02 -1.32301390e-01
    -3.10873508e-01 -5.40197015e-01 1.42099655e+00 1.16467130e+00
    6.73405826e-01 5.57568252e-01 1.20816994e+00 9.95163679e-01
    3.16543996e-01 5.83064914e-01 1.32671311e-01 1.30539894e+00
    2.97793388e-01 -8.24878871e-01 1.64208984e+00 1.21403825e+00
    -7.37119794e-01 -9.14051235e-02 2.98811764e-01 5.61195835e-02
    -5.92192113e-01 7.07676709e-02 6.08741760e-01 1.53414667e+00
    1.69668086e-02 1.40645027e+00 1.73464251e+00 6.40346050e-01
    1.80857629e-01 6.24358714e-01 6.27791226e-01 -2.74206430e-01
    -7.76314259e-01 4.43078309e-01 2.67879665e-01 1.16719675e+00
    7.92989314e-01 2.78437257e-01 1.48192763e+00 -4.34537977e-01
    -2.44426429e-02 7.17624903e-01 1.56354040e-01 1.25390482e+00
    1.17114475e-02 3.89134705e-01 -1.27080500e-01 1.22543883e+00
    -7.40377605e-02 -6.36421978e-01 6.52447224e-01 1.25336599e+00
    1.67176294e+00 1.65834105e+00 -8.19810450e-01 -7.91450202e-01
    -5.39460301e-01 4.04948443e-01 1.07511604e+00 -4.59734410e-01
    5.87653935e-01 -2.32071474e-01 1.20448768e+00 1.07132566e+00
    -3.06611925e-01 9.63438928e-01 -2.83624113e-01 1.61339629e+00
    -4.75963384e-01 1.05002582e-01 6.44744813e-01 1.14556527e+00
    -2.78779976e-02 1.72521210e+00 9.87052202e-01 -6.15448892e-01
    9.44640636e-01 1.57380390e+00 1.58448946e+00 5.74374795e-01
    1.25118196e+00 -4.39135224e-01 8.91651928e-01 4.99769211e-01
    8.88127834e-02 2.83393621e-01 -3.27437043e-01 1.78002739e+00
    -3.23684663e-01 1.91367745e-01 6.96154535e-01 1.46336782e+00
    9.46545422e-01 1.55570900e+00 -3.02799121e-02 9.89315748e-01
    1.60480595e+00 -4.22405005e-01 5.69007635e-01 1.22632289e+00
    4.76909131e-01 1.28054106e+00 1.48169339e+00 -6.28231525e-01
    -5.02216399e-01 9.56823468e-01 3.13036770e-01 1.20694697e+00
    -7.48576164e-01 1.77985525e+00 -6.19373500e-01 5.57077646e-01
    5.29651165e-01 -2.46009439e-01 2.98722357e-01 1.13518214e+00
    2.50924200e-01 -2.21603177e-02 1.10708892e+00 -6.56962752e-01
    2.41896898e-01 9.20576930e-01 2.72049695e-01 9.46763933e-01
    9.66841877e-01 1.47972262e+00 -4.77634631e-02 -6.92433715e-01
    1.62411153e+00 1.11545873e+00 1.20025158e+00 1.03674519e+00
    1.41387618e+00 1.78785610e+00 1.65023565e+00 3.19019288e-01
    -5.35081506e-01 1.79355234e-01 -5.20716429e-01 -3.31769258e-01
    1.44844449e+00 -6.76715255e-01 8.84859711e-02 1.57477212e+00
    -6.28931746e-02 1.82081163e+00 5.59766114e-01 1.74089789e+00
    2.21944511e-01 1.70814955e+00 -6.13464475e-01 3.93480361e-01
    4.19881672e-01 -4.33953196e-01 -4.59242135e-01 3.01892191e-01
    -2.62276858e-01 1.05639279e+00 8.30437601e-01 7.21148908e-01
    1.53868139e+00 9.19179380e-01 -6.28714323e-01 2.92804360e-01
    5.24748743e-01 1.45320058e+00 7.10679412e-01 1.26743302e-01
    8.73374939e-01 -6.51523352e-01 -5.26355803e-01 1.71721995e+00
    -5.81905425e-01 1.12939191e+00 7.19617546e-01 6.85842276e-01
    1.05921462e-01 1.61048269e+00 1.58705866e+00 8.39855909e-01
    2.02597439e-01 2.78892666e-02 8.89728487e-01 1.04056680e+00
    1.81080967e-01 1.59105039e+00 4.73326087e-01 -1.00589432e-01
    1.33336580e+00 1.80599749e+00 1.29113901e+00 1.68092340e-01
    3.26118290e-01 1.68796134e+00 1.79462671e+00 -5.57593226e-01
    1.20395899e+00 7.52716064e-01 1.59372282e+00 -7.60060310e-01
    -9.57235172e-02 1.39069593e+00 -6.38730168e-01 5.74986637e-01
    1.72083330e+00 1.39493629e-01 1.97627902e-01 4.25971240e-01
    1.18267763e+00 1.61297321e+00 6.62409246e-01 -3.27621341e-01
    -4.32312965e-01 5.32189429e-01 3.66507173e-01 1.06006491e+00
    -5.00181735e-01 4.14102465e-01 6.86021149e-01 5.23187637e-01
    1.52783966e+00 1.65224135e-01 3.50599885e-01 -9.35623199e-02
    1.67848337e+00 -7.00730741e-01 1.12373328e+00 -3.43715131e-01
    9.88815963e-01 5.39112091e-01 6.14401162e-01 4.58929628e-01
    1.22079909e+00 -6.16270542e-01 -4.68736053e-01 1.45537889e+00
    -7.18501806e-01 1.74975181e+00 1.52992225e+00 -1.27273887e-01
    -4.28451359e-01 9.28719521e-01 1.14973855e+00 2.61745185e-01
    -5.88782847e-01 7.30508149e-01 -4.05671149e-01 8.62721682e-01
    1.49483883e+00 8.71625125e-01 4.67235655e-01 -3.64288092e-01
    2.62576312e-01 1.17368567e+00 -5.10105610e-01 1.65861702e+00
    8.22567761e-01 6.23174012e-01 1.19923520e+00 3.00205536e-02
    -9.72691253e-02 -2.59196550e-01 1.32313132e+00 -1.10150442e-01
    1.54604828e+00 8.93806100e-01 -6.29773676e-01 1.04637885e+00
    1.00116539e+00 1.41251111e+00 -7.59975016e-01 -3.68531168e-01
    1.49799812e+00 -5.88132799e-01 -5.09269953e-01 3.63487184e-01
    -3.98993343e-01 7.46218264e-01 8.27400982e-01 4.02834862e-01
    2.11068049e-01 1.54829693e+00 -1.45990565e-01 7.86685169e-01
    -3.47524107e-01 1.70909479e-01 -6.84663177e-01 1.43344140e+00
    6.14084244e-01 -1.21095210e-01 1.73432052e+00 -1.36690319e-01
    1.35057139e+00 2.39683285e-01 1.50238156e+00 4.20702338e-01
    1.25362432e+00 1.31482899e+00 1.01832640e+00 -4.42818284e-01
    1.66192520e+00 3.45146924e-01 1.66642439e+00 6.74449742e-01
    8.34777772e-01 1.16598822e-01 1.50121534e+00 1.07694936e+00
    3.20549428e-01 6.07732475e-01 1.68543980e-02 -4.01352137e-01
    1.59590030e+00 -6.12928569e-01 1.00654221e+00 -7.54212737e-01
    4.65900481e-01 1.17777205e+00 1.11684024e+00 1.09144008e+00
    1.55869341e+00 8.38849008e-01 1.30109048e+00 1.49460733e+00
    1.53150928e+00 5.12783587e-01 1.97621226e-01 1.26350510e+00
    -5.39722621e-01 8.98447573e-01 -6.62834525e-01 1.61903107e+00
    5.97099423e-01 4.15030330e-01 1.55652773e+00 -7.06456542e-01
    1.10307968e+00 1.22005701e+00 9.59273934e-01 -3.84704441e-01
    1.30127335e+00 -4.40349817e-01 1.68045294e+00 8.94378304e-01
    1.46746385e+00 3.50391120e-02 -6.16497219e-01 1.08822250e+00
    -2.40554377e-01 9.12646472e-01 -8.07699412e-02 1.10640776e+00
    1.26941025e+00 -1.39991790e-01 -5.42298794e-01 9.75605726e-01
    1.25734651e+00 1.60440242e+00 -6.37015820e-01 9.61535871e-01
    1.37191164e+00 1.74838591e+00 8.73062968e-01 -7.51287222e-01
    -6.56339645e-01 1.44635963e+00 1.42543316e-01 -4.59343135e-01
    1.10373771e+00 1.00583136e+00 1.27065599e+00 6.93691194e-01
    -7.43203044e-01 1.10479343e+00 -3.72199297e-01 1.69084585e+00
    1.35301602e+00 1.03630364e+00 6.89827263e-01 1.56032574e+00
    -8.96593928e-02 1.04974270e+00 -5.01954734e-01 7.09757209e-01
    -4.22240168e-01 -2.81534433e-01 8.73542488e-01 -6.90148413e-01
    6.71664596e-01 -6.09476209e-01 1.00269698e-01 7.13858247e-01
    2.08506305e-02 -3.23246151e-01 5.71517050e-01 1.28230214e+00
    -7.37183571e-01 8.76245368e-03 -2.82598138e-01 1.30004835e+00
    -6.33716583e-01 4.03523706e-02 3.48554462e-01 -3.38856459e-01
    -6.98055089e-01 -3.20249975e-01 7.21872985e-01 1.44372940e+00
    1.48614931e+00 -5.17658591e-01 5.16617775e-01 1.08896744e+00
    6.62939847e-01 4.64971930e-01 1.47163177e+00 -1.22729957e-01
    1.36611176e+00 -2.29240432e-01 -8.66505921e-01 2.74592608e-01
    1.66053736e+00 5.77175379e-01 -8.57598066e-01 4.75502640e-01
    1.53097200e+00 1.04829597e+00 4.52306569e-01 -6.13162458e-01
    1.38453424e+00 8.85916471e-01 1.40735984e+00 -4.02192593e-01
    4.43247527e-01 -3.96436840e-01 7.38655850e-02 -4.58990306e-01
    -5.81465006e-01 7.13058233e-01 -2.13498712e-01 3.62827688e-01
    -6.53608322e-01 1.69633782e+00 2.17432588e-01 -1.53901741e-01
    -5.98441660e-01 1.39587498e+00 2.66100973e-01 4.12016302e-01
    -5.08405983e-01 3.40451866e-01 -7.80591890e-02 -4.37678695e-02
    -3.67952324e-02 1.19234383e+00 1.09822512e+00 -3.28950197e-01
    1.10767221e+00 1.44546986e+00 9.17789102e-01 -5.26152968e-01
    -3.39090675e-01 -4.23220813e-01 8.34331989e-01 -5.00147581e-01
    3.49799156e-01 7.45888591e-01 5.74954629e-01 1.04329050e+00
    3.20802987e-01 1.12044431e-01 -1.70857623e-01 -5.41002154e-01
    1.56930494e+00 5.42274535e-01 -2.03818291e-01 -5.73143601e-01
    1.51903975e+00 -1.10547476e-01 6.64257944e-01 7.35711634e-01
    -4.04332489e-01 1.10247469e+00 -4.07585800e-01 -5.05968451e-01
    -2.25825742e-01 -4.83904213e-01 -4.29506272e-01 8.21953595e-01
    -8.16057563e-01 1.59446347e+00 6.67730346e-02 1.65887535e+00
    1.43469906e+00 -7.08679974e-01 -8.22426230e-02 6.53803349e-01
    1.34713590e+00 -7.18679845e-01 1.39730525e+00 1.75171256e+00
    -8.00212026e-02 6.22044861e-01 1.78800058e+00 6.31675243e-01
    -1.09584063e-01 -1.04328617e-01 7.69355834e-01 8.67402732e-01
    -5.04102767e-01 -2.68454880e-01 -6.76377177e-01 7.27137387e-01
    -7.35538423e-01 -1.54918477e-01 9.48709399e-02 7.99716115e-01
    -7.09433138e-01 1.49873936e+00 2.12710351e-01 -7.29180053e-02
    -4.71094728e-01 2.71081150e-01 9.72629726e-01 7.90688217e-01
    7.37158805e-02 5.63323677e-01 1.47230220e+00 -1.98219433e-01
    -1.92902789e-01 1.71313453e+00 1.42046130e+00 -3.47660452e-01
    2.89101247e-02 -4.44726169e-01 1.57549953e+00 -3.57557803e-01
    -4.54971433e-01 -5.52484274e-01 1.39264405e+00 6.40796840e-01
    1.13145411e+00 6.73344076e-01 9.51543391e-01 1.14639096e-01
    7.76903749e-01 1.05880901e-01 1.17585433e+00 -6.19657516e-01
    1.58085084e+00 1.42991590e+00 1.65743101e+00 6.44149065e-01
    1.30361128e+00 -5.09537280e-01 8.14532995e-01 -2.54878223e-01
    8.20171654e-01 -1.65360808e-01 4.68251139e-01 1.63946867e+00
    1.04998022e-01 3.28805059e-01 3.72475207e-01 -1.24865055e-01
    1.28410888e+00 -1.49776399e-01 8.20346773e-01 1.79532039e+00
    1.25925016e+00 -4.94713277e-01 -8.15501958e-02 7.45951757e-02
    9.43620622e-01 1.12342036e+00 1.52455103e+00 3.02061230e-01
    9.03474629e-01 1.09972417e+00 1.53004706e+00 1.78059429e-01
    5.84492087e-01 8.91257584e-01 -6.67831242e-01 -2.69592106e-01
    -4.77099448e-01 1.72011483e+00 1.73626649e+00 -6.96894944e-01
    1.44631517e+00 -2.25856334e-01 1.90586030e-01 -4.13437963e-01
    1.52351213e+00 -2.73348987e-01 -5.84944308e-01 7.32983470e-01
    8.01189840e-01 -7.25981772e-01 -3.46760154e-01 6.43426776e-01
    -3.20194513e-01 -6.87110662e-01 1.19630516e+00 2.64485478e-01
    -2.12523952e-01 -3.28208864e-01 8.39747071e-01 -2.54227892e-02
    1.47199023e+00 4.71279114e-01 -3.98596823e-01 9.11144078e-01
    -1.24116100e-01 -2.72926450e-01 2.06565872e-01 -7.34588623e-01
    1.11219823e+00 9.91735756e-01 -2.41108984e-01 1.54473591e+00
    4.14631516e-01 3.78777027e-01 3.23651105e-01 -1.08185835e-01
    1.17742874e-01 1.36430264e+00 1.29192197e+00 -7.33048260e-01
    1.39789712e+00 1.46309352e+00 -4.29308206e-01 -5.74394405e-01
    3.00654739e-01 -6.74531400e-01 1.72826695e+00 1.71104240e+00
    -6.01886690e-01 -2.98603177e-01 4.03441548e-01 -4.57862824e-01
    3.86229634e-01 -3.07750583e-01 9.79646564e-01 1.30123091e+00
    1.74970508e-01 8.55298042e-01 -3.20936799e-01 1.01831985e+00
    1.20997310e+00 2.34992161e-01 3.03206295e-01 7.61809587e-01
    -2.59492248e-01 -1.09682433e-01 -3.75091821e-01 -2.61197090e-01
    1.85333624e-01 1.29120362e+00 -7.41676390e-01 1.68192661e+00
    3.31304580e-01 1.68409717e+00 -7.24628687e-01 9.20505822e-01
    2.18841866e-01 8.73802781e-01 1.19922727e-01 7.55869687e-01
    9.19667244e-01 1.48469651e+00 4.05341059e-01 3.42007875e-01
    -4.16975394e-02 1.70315158e+00 4.09757286e-01 1.54471827e+00
    2.57143408e-01 1.45925796e+00 5.14101624e-01 1.49150515e+00
    -4.71638925e-02 -1.41179144e-01 4.11418587e-01 1.42008495e+00
    -3.38487118e-01 1.19376028e+00 2.06975326e-01 1.39395845e+00
    7.70041719e-02 1.29558003e+00 -4.96814251e-02 -7.07245052e-01
    1.56659317e+00 7.48124480e-01 -7.17383921e-01 4.33898389e-01
    -3.77930433e-01 1.02550149e+00 5.34974456e-01 -3.89803767e-01
    7.38188088e-01 7.43216336e-01 -4.86947179e-01 -5.86615503e-01
    -5.69189824e-02 1.00005877e+00 7.03198552e-01 1.73844516e+00
    -4.88943696e-01 -3.53270441e-01 -3.21411103e-01 -7.20498919e-01
    1.28405464e+00 -3.18268239e-01 8.26709509e-01 1.23238933e+00
    4.25590277e-02 1.60479724e+00 7.90767431e-01 2.57466644e-01
    4.27990079e-01 1.53510773e+00 -5.97533166e-01 7.12319553e-01
    -4.91885483e-01 1.03498709e+00 1.06765032e+00 -1.17247872e-01
    -5.93619883e-01 1.98988631e-01 1.53723657e+00 1.28094327e+00
    -5.25215566e-01 1.66699755e+00 5.03909230e-01 1.39055860e+00
    7.06026316e-01 1.52732730e+00 1.64561272e+00 8.47048998e-01
    -2.89168924e-01 1.15371788e+00 1.83542705e+00 6.34509385e-01
    1.71935201e+00 3.60489577e-01 4.78894234e-01 1.76137120e-01
    6.13157928e-01 1.26054913e-01 1.70171022e+00 -1.38331711e-01
    7.23788559e-01 1.05584753e+00 1.13090863e-02 1.78663087e+00
    1.30789053e+00 5.71433187e-01 3.38940054e-01 1.50893962e+00
    1.79011345e+00 1.86794126e+00 -5.33042431e-01 -7.50395954e-01
    -1.51531935e-01 1.43458560e-01 5.16290776e-03 -2.75017861e-02
    4.90448207e-01 9.92267013e-01 9.55664039e-01 8.92111897e-01
    1.38992834e+00 1.45886505e+00 -5.34530729e-02 1.90319955e-01
    1.62612095e-01 -8.77742469e-03 -7.45905638e-01 1.72114027e+00
    1.69365048e+00 1.46349108e+00 -8.06731343e-01 8.21393549e-01
    -3.37278038e-01 -4.63176817e-01 3.39656166e-04 -5.18633664e-01
    1.49804127e+00 1.39532697e+00 -1.87020212e-01 1.42531610e+00
    3.08988512e-01 -2.71896005e-01 -1.33810550e-01 9.58661497e-01
    -4.37242538e-01 1.75042319e+00 2.37227172e-01 -5.06228983e-01
    1.41546392e+00 -8.75168219e-02 1.17183435e+00 3.00076693e-01
    -6.75745308e-01 4.38211888e-01 1.43701935e+00 5.49582131e-02
    1.16129565e+00 -2.78949857e-01 7.85671830e-01 9.00118768e-01
    1.09889460e+00 7.62127876e-01 -3.54578719e-02 3.50646973e-01
    -3.51903975e-01 1.42719662e+00 1.62677443e+00 1.58587787e-02
    6.56828225e-01 -5.88754192e-02 1.70799601e+00 1.71659434e+00
    5.08325174e-02 3.39637488e-01 1.91560507e-01 -6.06550932e-01
    -3.49969417e-01 2.74825484e-01 -6.02887750e-01 -4.56295401e-01
    -7.26975501e-01 3.88890028e-01 -6.68942034e-01 -1.61216304e-01
    1.04416215e+00 7.32268393e-01 -2.82157958e-01 1.11074913e+00
    -5.37622809e-01 2.05944866e-01 -3.54854435e-01 -3.02296489e-01
    8.03482533e-01 6.71259105e-01 1.14207578e+00 1.18768297e-01
    -2.78560311e-01 6.28191173e-01 -5.92883587e-01 1.27264738e+00
    1.65941453e+00 4.55887705e-01 5.52957892e-01 3.69765013e-01
    -2.61362940e-01 4.29790884e-01 1.70033646e+00 1.71433568e+00
    -6.80629492e-01 1.19585860e+00 1.31840277e+00 6.24383509e-01
    -4.62661028e-01 7.36574888e-01 8.01277101e-01 1.17178738e+00
    1.26891184e+00 1.70488989e+00 5.45201659e-01 3.12944144e-01
    3.31685990e-01 -5.40956557e-02 -6.81580245e-01 4.96395707e-01
    1.74218404e+00 1.18708038e+00 1.65783477e+00 -3.02303761e-01
    -7.76871085e-01 1.72513068e+00 3.88000071e-01 1.55878723e-01
    -7.09066570e-01 -9.20412466e-02 3.81896168e-01 1.77128756e+00
    -2.70035297e-01 6.78103387e-01 -3.71569693e-02 -1.48987174e-01
    -1.04408726e-01 -3.03697675e-01 1.02989101e+00 1.73827267e+00
    8.40235829e-01 1.31641817e+00 -1.83714956e-01 5.70823140e-02
    6.27671421e-01 4.82274294e-01 -4.78942513e-01 -6.96852744e-01
    1.35582221e+00 1.00556481e+00 1.43606663e+00 -3.82260919e-01
    1.74373007e+00 4.93346006e-01 -6.08477332e-02 -4.88500893e-02
    -2.87740409e-01 1.77492833e+00 -4.79250669e-01 3.35706949e-01
    1.77552152e+00 -2.05074653e-01 1.11260509e+00 5.28771579e-02
    1.71550405e+00 1.04003108e+00 4.67249006e-01 1.26093471e+00
    1.99115604e-01 4.68301028e-01 1.52456415e+00 8.50789368e-01
    2.70413220e-01 -7.23149419e-01 6.41203463e-01 1.33246374e+00
    7.85647690e-01 -6.78450644e-01 1.61667895e+00 5.50476491e-01
    5.80518305e-01 7.00499117e-01 9.63493705e-01 -2.81413168e-01
    -1.24984980e-01 3.10503393e-01 2.79148705e-02 1.01998532e+00
    4.23177779e-01 -8.05537224e-01 1.44477880e+00 1.60095978e+00
    1.76094222e+00 6.03990778e-02 -8.14911425e-01 -2.78062642e-01
    1.78470540e+00 1.28734434e+00 2.10892498e-01 1.41208529e+00
    -6.27227306e-01 -2.03896947e-02 1.43994915e+00 -4.55056578e-01
    1.39549339e+00 1.01976705e+00 1.21120203e+00 1.21304178e+00
    -3.32427144e-01 -5.66089630e-01 5.48908293e-01 1.65568352e+00
    -1.59323081e-01 3.30395699e-01 1.69670200e+00 5.11300385e-01
    1.18261552e+00 1.08170545e+00 -2.43781850e-01 3.54454666e-01
    9.43777025e-01 1.42360032e+00 4.16283965e-01 3.59615713e-01
    1.13271928e+00 1.25552759e-01 1.85393786e+00 -1.30688339e-01
    -4.31755930e-01 1.78731370e+00 1.44212973e+00 -5.44492781e-01
    1.28333044e+00 7.23555207e-01 4.08052742e-01 -3.71287353e-02
    -1.46818221e-01 7.74121642e-01 9.63568389e-01 -5.59456289e-01
    1.01709318e+00 -4.95111376e-01 1.13569331e+00 2.28666767e-01
    2.85455287e-01 7.25040555e-01 -4.52193797e-01 1.32275373e-01
    3.40061754e-01 -6.65386975e-01 -3.48516315e-01 -1.73537899e-02
    -3.02287221e-01 2.55893737e-01 1.73017251e+00 4.61392850e-01
    9.30989027e-01 1.59127951e+00 7.93419719e-01 1.01518071e+00
    7.38214195e-01 1.73063147e+00 8.52408111e-01 1.91370285e+00
    -1.90828800e-01 1.82676518e+00 1.54024780e+00 -2.68531311e-02
    1.73085439e+00 -4.00382131e-01 -1.90678820e-01 6.22361362e-01
    7.50393689e-01 1.26105201e+00 -3.22235584e-01 1.62237501e+00
    3.89751971e-01 5.86252928e-01 -4.59191710e-01 1.73841012e+00
    1.65813243e+00 1.35640371e+00 1.58246017e+00 1.65137291e+00
    1.58422923e+00 9.04497564e-01 1.07897747e+00 1.80218136e+00
    1.37150526e+00 1.74524653e+00 1.65084168e-01 1.82193732e+00
    1.31332135e+00 9.29377198e-01 1.10061812e+00 -2.09633455e-01
    -8.82050022e-03 1.08005691e+00 1.86947480e-01 2.56057084e-01
    7.45494068e-02 7.55480587e-01 1.33574739e-01 -4.42606449e-01
    7.74653256e-01 1.61294866e+00 1.22735453e+00 -1.32085666e-01
    -6.72512829e-01 -2.52037942e-01 7.67720103e-01 3.14921737e-01
    2.40405396e-01 1.16973186e+00 3.36931378e-01 2.57342786e-01
    1.18139088e+00 7.34862685e-01 -1.60538167e-01 -1.59762636e-01
    1.85837880e-01 6.79062366e-01 -4.19299901e-01 6.97637796e-01
    1.90025783e+00 -3.30159031e-02 -6.38140365e-02 4.60725874e-02
    1.32540977e+00 3.00716311e-01 1.64526927e+00 1.49676955e+00
    1.40096283e+00 5.06691158e-01 7.83584058e-01 6.78991735e-01
    8.51127565e-01 -4.25530672e-02 1.82866955e+00 -3.05307657e-01
    9.30881262e-01 4.76109803e-01 8.13247502e-01 -6.01592958e-01
    1.19816864e+00 7.61926055e-01 1.65060270e+00 1.06201661e+00
    1.62807018e-01 1.04433823e+00 1.40321147e+00 -4.62885052e-01
    7.73912668e-01 1.91461653e-01 7.19730377e-01 -1.27344340e-01
    -5.83763361e-01 1.55117249e+00 1.73997509e+00 1.50831103e+00
    1.56190479e+00 7.73260474e-01 1.71507573e+00 2.30812714e-01
    5.21243095e-01 6.88332319e-01 1.39856124e+00 6.97388649e-02
    1.66846931e+00 1.27831149e+00 2.73748666e-01 9.41860139e-01
    2.98423439e-01 4.65040088e-01 9.56774652e-02 9.00968254e-01
    -5.14809012e-01 6.99347138e-01 1.79731071e+00 -4.40774113e-01
    4.87188935e-01 -5.87634742e-02 1.46143830e+00 -7.94818029e-02
    1.21655977e+00 8.85581076e-01 4.33621228e-01 2.42338240e-01
    2.32198611e-01 1.83967113e+00 1.24215528e-01 -2.19748542e-01
    7.79051930e-02 -3.59985262e-01 1.13703966e+00 3.52905750e-01
    5.54063618e-01 -1.32602319e-01 1.65313685e+00 1.78141522e+00
    1.49468493e+00 1.24944913e+00 -5.34682155e-01 -4.78925884e-01
    3.54234010e-01 1.58153117e+00 1.70798469e+00 7.22720385e-01
    -4.66179281e-01 3.48569781e-01 1.03830981e+00 1.67334712e+00
    7.71690547e-01 5.82562089e-01 9.80783045e-01 1.91127193e+00
    -9.63052213e-02 2.60396004e-01 1.50131083e+00 -3.38469148e-01
    3.15732867e-01 1.75899073e-01 -5.07530808e-01 1.38404918e+00
    -3.31341088e-01 1.10065067e+00 3.50788593e-01 1.48699522e-01
    1.06363106e+00 2.74385303e-01 -5.27231395e-01 1.39441109e+00
    7.68849552e-01 -2.75428683e-01 1.66065955e+00 7.84502685e-01
    9.17417347e-01 8.04740667e-01 8.32735240e-01 1.48842967e+00
    7.88509369e-01 1.35457838e+00 6.83104515e-01 7.42465198e-01
    3.13456804e-01 1.57711983e+00 1.20898604e+00 1.41521752e+00
    1.57530591e-01 1.24434650e+00 4.83493268e-01 -3.91538501e-01
    1.05434597e+00 1.93510413e+00 5.18595517e-01 -4.14493322e-01
    -2.43701991e-02 4.44107056e-02 2.12236121e-02 -3.90239805e-01
    2.85758138e-01 1.67545450e+00 -4.08245444e-01 3.03122431e-01
    3.63057077e-01 -3.87310237e-01 -4.92976665e-01 1.29471064e+00
    5.17772615e-01 1.03884566e+00 1.71551275e+00 1.81149924e+00
    1.32998693e+00 4.70763445e-01 -5.48265219e-01 -3.79746854e-01
    3.20764124e-01 9.22096055e-03 1.92658424e-01 1.50346851e+00
    -4.54643995e-01 9.38789070e-01 9.45818946e-02 -1.61781609e-01
    9.14832890e-01 -8.09366032e-02 6.23762786e-01 -3.49629313e-01
    -5.07260859e-01 1.83642983e+00 1.04859066e+00 8.15517545e-01
    1.08526361e+00 1.39059082e-01 -2.77162910e-01 -4.98273760e-01
    8.27696100e-02 1.14838314e+00 1.38256836e+00 1.43302608e+00
    1.00750124e+00 -4.73486841e-01 1.27700329e+00 -4.72850919e-01
    -2.62343407e-01 -6.31602168e-01 1.22871228e-01 7.47313559e-01
    1.53717554e+00 1.50766158e+00 1.41069368e-01 5.31927228e-01
    8.36899102e-01 6.57394290e-01 -2.76576519e-01 4.07729149e-01
    8.14800262e-01 1.13722050e+00 -1.77762985e-01 1.97738850e+00
    1.85348678e+00 -3.46091866e-01 7.07580745e-01 1.32600904e+00
    1.84643459e+00 1.99560916e+00 7.82397151e-01 3.15551341e-01
    2.25720465e-01 1.17265821e+00 3.87040555e-01 2.21740082e-01
    5.10556877e-01 7.05087900e-01 9.93022025e-02 1.12754333e+00
    6.63753450e-01 8.25743556e-01 1.55575001e+00 6.81793332e-01
    -5.03359199e-01 1.37272954e+00 8.94342482e-01 -5.27122378e-01
    7.96072304e-01 -4.52911943e-01 2.85842955e-01 1.17577863e+00
    1.30602765e+00 1.88701510e+00 1.02820325e+00 1.33108985e+00
    8.73237923e-02 3.95733595e-01 7.94466853e-01 -2.73511648e-01
    3.58254671e-01 -2.73461461e-01 1.08740008e+00 9.70379353e-01
    -2.27187946e-01 3.61856848e-01 1.28204942e+00 2.45551541e-01
    3.66847605e-01 1.94344759e+00 -3.77722800e-01 5.37402570e-01
    1.09870994e+00 1.50577879e+00 2.45441571e-01 1.82220805e+00
    1.54702187e-01 2.88553059e-01 1.88378835e+00 -1.39308318e-01
    1.31535470e+00 1.14095819e+00 6.71855688e-01 -3.01433563e-01
    -1.94696397e-01 4.77769136e-01 7.03821108e-02 6.30292475e-01
    2.03533983e+00 1.94750059e+00 -3.62337232e-01 -1.30840644e-01
    1.52701426e+00 1.78611827e+00 9.92801011e-01 5.55478036e-01
    8.68702829e-01 1.64151883e+00 7.03395963e-01 2.14769468e-01
    1.51630902e+00 -4.82952416e-01 1.58570099e+00 6.35545015e-01
    2.87367553e-01 8.14741552e-01 2.00040531e+00 3.95518839e-01
    -3.70320261e-01 4.95771736e-01 1.82171547e+00 1.96236312e+00
    8.21093023e-01 1.84189010e+00 1.78756809e+00 -1.46193162e-01
    7.15402067e-02 5.99426985e-01 1.83853030e+00 -5.46694696e-01
    1.55415511e+00 1.06644952e+00 4.17083532e-01 1.50700688e+00
    1.56821954e+00 3.11906129e-01 9.01480615e-01 2.77049337e-02
    1.24251783e+00 1.05994470e-01 1.10042405e+00 5.93485892e-01
    1.74419391e+00 1.59296679e+00 5.96314557e-02 5.07405475e-02
    1.51696134e+00 1.01112974e+00 1.78291345e+00 3.58965307e-01
    1.43533683e+00 -3.18526268e-01 1.93411648e+00 6.07254565e-01
    6.90926313e-02 4.47611183e-01 5.18348336e-01 9.21013713e-01
    1.72535527e+00 1.95800412e+00 7.12512791e-01 9.82551157e-01
    -4.25677419e-01 1.49381542e+00 1.17548919e+00 1.93666410e+00
    2.35103592e-01 8.14136088e-01 1.88953102e+00 5.06381765e-02
    8.30792367e-01 1.40854430e+00 1.46132159e+00 -4.77090120e-01
    1.04258406e+00 -2.61021316e-01 1.48534083e+00 1.87025487e+00
    1.01582479e+00 1.31148458e+00 6.96097970e-01 1.23054966e-01
    5.13015866e-01 8.20174873e-01 4.79544133e-01 6.49462759e-01
    7.41363108e-01 8.22881043e-01 3.35794836e-01 1.32438886e+00
    1.14657295e+00 3.86229157e-01 -2.10501581e-01 1.17601395e+00
    -4.40018654e-01 -5.17567515e-01 -4.41637307e-01 1.15078509e+00
    2.94768870e-01 5.72367787e-01 -2.97970492e-02 -4.71561730e-01
    1.30611408e+00 4.63018805e-01 1.76011825e+00 8.25022161e-01
    1.41534293e+00 9.48871434e-01 3.91467899e-01 3.70249569e-01
    -3.83489251e-01 1.04449403e+00 -1.84851307e-02 1.85189211e+00
    -1.88538462e-01 -1.30117029e-01 1.82692075e+00 -2.27954730e-01
    1.36887121e+00 4.22641903e-01 1.67084181e+00 2.23262876e-01
    7.23592937e-01 1.80911124e+00 -4.58179355e-01 1.00012474e-01
    1.56159985e+00 8.30703557e-01 -2.17051119e-01 1.41567159e+00
    -1.12033069e-01 -3.92372221e-01 -8.79117176e-02 1.74166131e+00
    1.85239557e-02 1.83275902e+00 4.76559311e-01 1.90998590e+00
    5.68321884e-01 -3.52701217e-01 7.13901758e-01 9.58380401e-01
    -3.18170935e-01 1.10538268e+00 1.14443994e+00 4.57035512e-01
    1.46709502e+00 1.13562906e+00 -1.66934535e-01 -1.61901981e-01
    1.14581037e+00 3.59697729e-01 1.34475338e+00 -3.04103225e-01
    1.46443164e+00 1.89454770e+00 6.90006733e-01 3.76580864e-01
    9.74115193e-01 2.87219554e-01 5.17482340e-01 -3.05856258e-01
    6.44555569e-01 1.46489775e+00 1.83897221e+00 5.59442103e-01
    -2.76114434e-01 1.08705032e+00 1.01300824e+00 1.41446188e-01
    -3.34070951e-01 9.15731370e-01 8.84096205e-01 3.13425452e-01
    1.71344864e+00 1.08444643e+00 1.25809193e+00 1.42603540e+00
    2.99099654e-01 -2.46701747e-01 1.56435442e+00 -5.09722352e-01
    3.49659383e-01 -1.17508836e-01 9.71203268e-01 1.72110116e+00
    1.34375751e+00 1.67033041e+00 4.40818578e-01 1.89885664e+00
    2.21322393e+00 1.57310784e+00 1.74039197e+00 7.69154131e-02
    1.65285468e-01 3.58914547e-02 3.84869277e-01 1.77137315e+00
    5.69838583e-01 9.27752852e-01 1.25187361e+00 9.87489402e-01
    1.29258382e+00 7.64823198e-01 2.30024066e-02 6.46363676e-01
    1.12202084e+00 1.37004793e+00 1.54525244e+00 6.55325472e-01
    1.50877321e+00 2.34393620e+00 1.11810945e-01 2.36952400e+00
    2.95127302e-01 1.59874272e+00 2.09254241e+00 2.16467381e+00
    1.12421739e+00 7.29918405e-02 1.12554467e+00 1.38830598e-02
    6.18452787e-01 5.29990256e-01 1.55857503e+00 1.54073203e+00
    2.22124219e+00 1.23375678e+00 5.55988014e-01 1.63349104e+00
    1.24559298e-01 1.91613150e+00 2.29935503e+00 1.47302794e+00
    4.97045040e-01 2.29643822e+00 3.68221253e-01 6.62475407e-01
    8.96963775e-01 2.74134755e-01 1.71388483e+00 2.02879095e+00
    2.04422498e+00 1.58947301e+00 1.39776063e+00 6.21124268e-01
    2.15160418e+00 2.72584379e-01 1.19642794e+00 2.27999043e+00
    4.37914282e-01 1.36763000e+00 5.45177050e-02 7.07668722e-01
    2.53055239e+00 1.71062136e+00 2.49146295e+00 1.95289803e+00
    4.70126241e-01 1.18887949e+00 2.03803182e+00 4.51959550e-01
    1.60150051e-01 5.96089303e-01 1.98521149e+00 1.11052155e+00
    1.26500344e+00 1.23076773e+00 1.18636894e+00 4.55095530e-01
    1.35559011e+00 1.21580708e+00 9.50556099e-02 4.91502672e-01
    7.58527279e-01 2.80010968e-01 8.23757350e-01 7.24284828e-01
    1.30831170e+00 2.48501992e+00 2.02884364e+00 1.36818206e+00
    1.14977860e+00 2.26926637e+00 1.01875819e-01 1.34055197e+00
    2.02337906e-01 5.71266353e-01 2.24071527e+00 2.02869511e+00
    1.29432094e+00 7.41496980e-01 1.37258947e+00 6.74293339e-01
    1.53478897e+00 7.51164079e-01 1.37986970e+00 1.40484416e+00
    2.18503094e+00 1.00656772e+00 1.39555454e+00 5.03838003e-01
    1.55155993e+00 1.71262860e-01 1.63875198e+00 2.12612200e+00
    1.42204857e+00 1.92339575e+00 1.64156759e+00 1.92126048e+00
    1.61694443e+00 8.07322800e-01 1.39226049e-01 1.28278947e+00
    1.10382771e+00 2.07997251e+00 5.14086902e-01 1.31971610e+00
    8.11111927e-01 3.32493405e-03 1.28364563e+00 1.79032445e+00
    1.60088837e+00 1.56966722e+00 9.98923123e-01 3.44606042e-01
    1.56905115e+00 1.12349772e+00 2.58591503e-01 1.82748878e+00
    1.00104451e+00 6.44157231e-01 1.40480888e+00 1.52104294e+00
    1.81785190e+00 8.42084289e-02 2.53556156e+00 1.30154085e+00
    1.33503631e-01 9.34995234e-01 1.05807996e+00 6.77646697e-01
    4.15216386e-01 2.04183555e+00 6.77761436e-01 3.53677362e-01
    2.63004422e-01 8.08826536e-02 2.44834900e+00 2.54365087e+00
    4.03972082e-02 2.35739422e+00 2.43523073e+00 7.03161657e-01
    1.47796261e+00 1.15557539e+00 1.87001026e+00 6.51598498e-02
    2.46892071e+00 9.89163458e-01 3.21305543e-01 9.39488292e-01
    4.14151922e-02 2.68743902e-01 6.09311879e-01 2.26432419e+00
    2.39882731e+00 9.43052173e-01 1.78428984e+00 1.82065141e+00
    2.25114417e+00 4.81347501e-01 1.61221683e+00 6.32874668e-01
    1.59807515e+00 1.87388337e+00 2.02438235e+00 2.54300594e+00
    2.53041506e+00 5.30934632e-01 9.17267740e-01 3.47366095e-01
    8.97667527e-01 2.17346525e+00 6.58576965e-01 8.45005512e-02
    4.81690019e-01 1.39812303e+00 1.13007939e+00 2.93724149e-01
    2.26229882e+00 2.51719069e+00 2.54738498e+00 2.32829356e+00
    1.88842320e+00 1.06166661e+00 8.15492451e-01 9.96972382e-01
    1.45263106e-01 1.98988155e-01 4.56155330e-01 7.72833347e-01
    1.68644392e+00 1.97228730e+00 2.83648014e-01 4.55809057e-01
    4.27733213e-02 2.43751645e-01 1.07285666e+00 1.78811681e+00
    1.95778799e+00 1.35652885e-01 1.62656724e+00 1.86267042e+00
    1.93486810e+00 1.05845988e+00 1.56534004e+00 1.27409205e-01
    1.18723065e-01 7.95744300e-01 9.95335102e-01 1.89161694e+00
    2.21540070e+00 1.13938951e+00 2.46964717e+00 2.27160513e-01
    2.19208455e+00 2.21552253e+00 2.28178954e+00 4.00320262e-01
    2.49803424e+00 1.67712057e+00 1.66356957e+00 5.73575497e-01
    1.80936205e+00 1.47786689e+00 1.42295316e-01 4.93140072e-01
    1.22828007e+00 3.34879547e-01 1.75605702e+00 6.97961450e-01</data></your_img>
</opencv_storage>
