<?xml version="1.0"?>
<opencv_storage>
<g>1.5500000000000000e+00</g>
<r>3</r>
<L2_diff>1.5808722430914411e+01</L2_diff>
<filter-type>0</filter-type>
<circular>1</circular>
<test_img type_id="opencv-matrix">
  <rows>128</rows>
  <cols>256</cols>
  <dt>f</dt>
  <data>
    1.33348942e-01 7.51951218e-01 7.89721727e-01 4.50035840e-01
    2.01085150e-01 2.12181509e-01 6.59469604e-01 6.58851266e-01
    9.18525159e-01 8.00792694e-01 3.30014557e-01 4.61203068e-01
    6.03373647e-01 8.09496284e-01 4.99290586e-01 6.53066993e-01
    9.77552116e-01 5.51391721e-01 1.07187897e-01 9.09165025e-01
    2.43891478e-01 1.22634977e-01 3.32624167e-01 8.99120212e-01
    2.46210396e-02 9.92915154e-01 1.73221529e-01 9.77135360e-01
    9.21666622e-01 8.86917591e-01 4.18851495e-01 3.88600588e-01
    5.19738495e-01 8.13917518e-01 9.10897493e-01 2.69407749e-01
    2.52113342e-01 3.43931377e-01 7.63352275e-01 1.12479627e-02
    7.71731019e-01 7.40061939e-01 4.11831439e-02 9.90279913e-01
    8.18571746e-02 3.93564373e-01 5.15873611e-01 5.84560871e-01
    9.34735179e-01 6.16276562e-01 2.81861544e-01 1.85318977e-01
    2.89073706e-01 9.07084346e-01 6.34437561e-01 4.73108590e-01
    9.72386003e-02 7.56368279e-01 4.04266119e-01 3.14095765e-01
    9.00183141e-01 2.92852521e-03 6.12945318e-01 3.76659304e-01
    9.17367101e-01 3.85631770e-01 3.84515703e-01 6.79206610e-01
    4.15836841e-01 9.45000052e-01 3.81855458e-01 3.01821738e-01
    8.91034245e-01 4.85757321e-01 4.78142381e-01 4.82361972e-01
    7.48052478e-01 8.62034142e-01 3.88098359e-02 4.92162377e-01
    4.16967273e-03 3.98318917e-01 1.81500077e-01 9.86425281e-01
    8.20081830e-01 3.67560029e-01 7.11810112e-01 6.89527631e-01
    8.49732876e-01 3.82257640e-01 2.28780091e-01 9.70422626e-02
    9.08012390e-01 2.04638332e-01 1.91034943e-01 4.61196780e-01
    1.94197029e-01 8.23669314e-01 5.67489445e-01 9.29767311e-01
    4.36320990e-01 2.68506587e-01 7.27316737e-02 4.00940210e-01
    4.18519944e-01 4.61966068e-01 9.16977167e-01 7.01239109e-01
    3.20794225e-01 8.00012052e-01 6.27883911e-01 7.64597774e-01
    4.16996568e-01 5.26217997e-01 8.45508814e-01 2.29032189e-01
    6.10440373e-01 8.00473392e-02 6.86801434e-01 6.51727319e-02
    9.47784901e-01 4.58007127e-01 9.00702596e-01 7.45881200e-01
    3.57242256e-01 2.00846523e-01 6.84969842e-01 6.21492565e-01
    2.20790386e-01 8.48797917e-01 3.32665682e-01 6.01518452e-02
    1.66616142e-02 4.50822890e-01 7.39231586e-01 4.05774951e-01
    8.36480737e-01 9.84087408e-01 7.93714821e-01 9.88780081e-01
    1.77758217e-01 9.30583000e-01 3.19038659e-01 7.64912963e-01
    1.79352134e-01 7.06449449e-02 3.63795757e-01 7.08081067e-01
    8.07329893e-01 7.81322956e-01 5.30926824e-01 1.76165253e-01
    5.42695045e-01 7.63733029e-01 7.22819626e-01 3.64025474e-01
    7.93078065e-01 1.94026887e-01 6.90902948e-01 9.16393876e-01
    2.23102123e-01 9.14669275e-01 2.63213038e-01 3.70145291e-01
    1.48993790e-01 3.31642747e-01 5.61151326e-01 9.18979168e-01
    5.03102541e-01 8.18034410e-01 1.26534820e-01 8.24380994e-01
    9.93349314e-01 3.83540481e-01 5.67062855e-01 9.07282531e-02
    7.96697021e-01 7.26114511e-01 7.18629479e-01 6.16258144e-01
    8.66529167e-01 7.00408638e-01 1.81236476e-01 6.99978113e-01
    8.54714036e-01 7.38746166e-01 5.89926839e-02 9.61451411e-01
    1.35393262e-01 8.62779915e-01 5.07655203e-01 8.65142405e-01
    5.44070959e-01 4.47712898e-01 6.34574890e-01 9.31445837e-01
    5.79375684e-01 9.50369656e-01 1.34684503e-01 4.01020020e-01
    8.71568084e-01 6.13169909e-01 1.65559351e-01 6.27763867e-01
    5.05910277e-01 7.60932207e-01 9.06810760e-01 8.60428631e-01
    3.71613324e-01 2.05486536e-01 3.09859514e-02 7.87651300e-01
    5.16164780e-01 9.74554479e-01 3.23251069e-01 8.19602370e-01
    1.69146180e-01 8.30194771e-01 3.00603032e-01 9.45404589e-01
    4.62188691e-01 1.98075473e-02 8.56761634e-01 3.88357699e-01
    1.66129917e-01 9.11126137e-01 8.19284201e-01 5.61956465e-02
    8.95954251e-01 7.86812723e-01 3.80050480e-01 9.00958598e-01
    8.30119193e-01 3.50652814e-01 4.47983623e-01 6.12524927e-01
    8.75037432e-01 9.17605162e-01 7.76208818e-01 4.87813264e-01
    7.92244673e-01 4.82458055e-01 4.95344102e-01 8.01459849e-01
    2.74525642e-01 9.85332668e-01 6.37692988e-01 7.74773479e-01
    9.20901597e-02 6.46456301e-01 6.89609826e-01 1.73708737e-01
    9.68734145e-01 2.18812644e-01 3.43908370e-01 9.14616346e-01
    5.71723521e-01 6.74360633e-01 5.44535697e-01 6.87215745e-01
    5.58484912e-01 6.27343774e-01 2.50324488e-01 8.62588882e-02
    9.31360602e-01 5.47267854e-01 4.70507503e-01 9.90901887e-01
    9.54510033e-01 7.42698014e-02 9.68566775e-01 2.13037014e-01
    3.67301881e-01 3.18741620e-01 4.28751111e-01 8.39271188e-01
    7.92954445e-01 7.91073799e-01 9.77149606e-01 5.97855151e-02
    8.32559526e-01 2.50690430e-01 4.85564888e-01 4.63888854e-01
    1.06533945e-01 8.02466631e-01 4.61511403e-01 4.24718261e-02
    5.49863756e-01 4.55444038e-01 7.96768427e-01 4.95884269e-01
    2.97467351e-01 7.70571947e-01 1.92907453e-03 6.75465822e-01
    9.62815404e-01 5.36242008e-01 8.85741472e-01 7.89098859e-01
    8.91891539e-01 8.01589966e-01 9.66054797e-01 8.83584976e-01
    7.12816358e-01 9.53468919e-01 7.08300352e-01 3.79717857e-01
    7.92765021e-01 9.36036587e-01 1.44802421e-01 8.46270442e-01
    5.73059976e-01 8.60209703e-01 8.70145202e-01 2.92599589e-01
    2.16982901e-01 1.66575342e-01 6.45669103e-02 8.47670078e-01
    4.50906098e-01 8.69832456e-01 4.74177957e-01 9.71599996e-01
    4.86101091e-01 1.32050365e-01 9.65161085e-01 6.17178977e-01
    4.73845035e-01 9.36388969e-04 4.09221113e-01 7.75740683e-01
    7.58994281e-01 3.97867888e-01 5.28949857e-01 8.51131678e-01
    2.64822185e-01 9.01138961e-01 9.11778033e-01 1.95209384e-01
    5.86690187e-01 4.83544976e-01 5.86555362e-01 8.67087007e-01
    4.03499126e-01 8.78031373e-01 3.32311809e-01 3.59308153e-01
    5.98057210e-02 1.70843780e-01 8.26952457e-01 3.96806061e-01
    6.37516022e-01 4.88883644e-01 9.35086846e-01 6.33723736e-01
    9.39590335e-01 1.47444069e-01 6.08965039e-01 7.41724133e-01
    3.28897923e-01 9.84466791e-01 8.19248855e-01 5.10217786e-01
    3.93351316e-02 3.23181748e-01 1.60775751e-01 8.37609410e-01
    5.43557227e-01 1.36536658e-02 5.06024837e-01 2.10238725e-01
    2.43023485e-01 6.67271614e-01 3.97050619e-01 3.72892797e-01
    1.18225336e-01 3.92713726e-01 7.97635913e-01 7.57276714e-02
    7.74998903e-01 9.90460396e-01 2.10181266e-01 4.44225073e-01
    8.22657645e-01 8.47461700e-01 4.43957299e-01 3.76821280e-01
    9.52434897e-01 5.38518667e-01 3.04114491e-01 3.24733377e-01
    1.32585108e-01 8.03625524e-01 5.22055924e-01 4.31905150e-01
    6.63543820e-01 5.39311349e-01 9.21748996e-01 2.91025281e-01
    1.59260720e-01 2.43962348e-01 4.33683336e-01 7.08302557e-01
    9.69543457e-02 6.08594775e-01 3.23776424e-01 6.82118535e-02
    9.93911266e-01 4.92514759e-01 4.35793698e-01 6.19141638e-01
    4.29944932e-01 1.04942352e-01 3.67081761e-02 6.61800265e-01
    4.23584402e-01 7.57446170e-01 4.95110929e-01 9.52300429e-01
    5.65219581e-01 3.10835242e-03 6.80424571e-02 3.81980687e-01
    9.72950518e-01 4.16036069e-01 1.85230017e-01 6.28514171e-01
    7.41028547e-01 7.05048084e-01 2.78292596e-01 2.48482108e-01
    4.59970623e-01 7.04908669e-01 6.78036809e-01 3.21642041e-01
    3.16874743e-01 2.42848516e-01 5.60903251e-01 2.68718421e-01
    4.22517657e-01 9.89520669e-01 8.24981809e-01 5.13242006e-01
    3.60114098e-01 2.56089628e-01 2.54038990e-01 9.76535678e-01
    8.80761862e-01 7.96633363e-01 9.23646033e-01 6.08235359e-01
    4.05273139e-01 6.09769464e-01 2.14794695e-01 1.89310908e-01
    1.36677086e-01 7.63248563e-01 6.43182456e-01 9.95060205e-01
    7.07715094e-01 6.39125288e-01 6.35932207e-01 2.43572682e-01
    8.82730186e-02 4.13785487e-01 8.31064582e-01 2.30781525e-01
    5.54585457e-01 9.17057753e-01 3.39652777e-01 3.09664726e-01
    9.42236185e-01 6.21966660e-01 6.48289561e-01 3.63421917e-01
    9.87725079e-01 5.15320361e-01 7.13075221e-01 1.56704009e-01
    2.45199353e-01 9.17836905e-01 1.54376864e-01 2.64299750e-01
    3.31348926e-01 4.30513918e-02 1.30994827e-01 8.50596368e-01
    3.79643917e-01 2.31033236e-01 6.00525379e-01 1.12092286e-01
    4.79485035e-01 8.79456401e-01 2.11435884e-01 9.92486477e-01
    3.39203596e-01 2.18469024e-01 5.93639731e-01 4.31089193e-01
    9.62411046e-01 8.74943495e-01 8.75380278e-01 3.04993927e-01
    7.88788855e-01 6.59104168e-01 2.39458978e-01 9.19202566e-01
    9.97910857e-01 9.85043406e-01 3.45538586e-01 2.92745888e-01
    9.19266343e-02 7.53670037e-01 9.31291759e-01 2.10064173e-01
    8.15478206e-01 6.91062331e-01 2.83598244e-01 7.23071277e-01
    1.37187153e-01 5.82966566e-01 9.62992191e-01 8.51359367e-02
    5.91466784e-01 6.80535734e-02 6.47659183e-01 4.88603622e-01
    7.57357359e-01 4.47736144e-01 2.24306822e-01 5.94198823e-01
    6.68504894e-01 2.34774232e-01 2.21617460e-01 1.18501991e-01
    2.00306296e-01 8.91504288e-01 1.80440307e-01 4.13106471e-01
    9.61068273e-01 4.50101882e-01 3.20536822e-01 5.16028106e-01
    9.12140846e-01 2.01830178e-01 5.48126101e-02 5.71406960e-01
    5.96635759e-01 8.46271634e-01 9.04747784e-01 4.18139309e-01
    8.06436419e-01 9.05725658e-01 7.09719956e-01 4.79666084e-01
    9.54750776e-01 9.88084674e-01 1.26376748e-02 5.68336785e-01
    4.58220661e-01 6.70388341e-01 9.31980789e-01 8.65336776e-01
    7.29119956e-01 8.02685738e-01 6.62121773e-01 2.05134600e-01
    2.07375288e-01 2.17310965e-01 9.01665628e-01 4.89203542e-01
    3.01073700e-01 1.89412713e-01 1.29625529e-01 2.48162478e-01
    5.63121676e-01 8.85110617e-01 6.81013584e-01 3.24377179e-01
    6.86990380e-01 4.23829317e-01 1.00498885e-01 9.02192652e-01
    4.89063591e-01 9.55407023e-01 8.55329990e-01 2.50299931e-01
    9.89263535e-01 4.28921908e-01 9.08666551e-01 8.69840205e-01
    7.57711530e-02 7.74331748e-01 8.52279902e-01 9.38210964e-01
    6.51319563e-01 4.59236175e-01 4.09981966e-01 4.72928017e-01
    3.66658807e-01 4.35331047e-01 5.59070289e-01 1.99433565e-02
    9.05977428e-01 4.95974779e-01 7.87857950e-01 4.47112113e-01
    7.71993756e-01 1.18221730e-01 8.29243302e-01 2.47285515e-01
    6.54312849e-01 4.42055076e-01 7.90852785e-01 4.24809963e-01
    8.00122857e-01 4.47669625e-01 9.10355687e-01 7.30866551e-01
    9.31475818e-01 8.21701705e-01 5.96239030e-01 7.55783379e-01
    8.02836895e-01 8.22144508e-01 5.97014189e-01 3.15043092e-01
    2.16262907e-01 4.25179362e-01 5.00830173e-01 1.28643781e-01
    5.53583026e-01 2.65917033e-01 6.21955097e-01 3.50096285e-01
    7.54234016e-01 5.64255595e-01 9.65482831e-01 9.37006950e-01
    5.02167940e-01 2.94123679e-01 7.85355330e-01 5.73127627e-01
    7.11644709e-01 2.70281494e-01 9.73306477e-01 2.48843223e-01
    5.79732299e-01 9.82163668e-01 2.27448344e-03 5.39449275e-01
    2.96958536e-01 8.58475447e-01 6.77310824e-01 7.67876506e-01
    8.69651556e-01 2.42583007e-01 8.07209015e-02 1.78024381e-01
    9.33922827e-02 5.79647839e-01 3.64165902e-02 1.40795946e-01
    8.59625459e-01 7.86479473e-01 1.70744956e-02 2.23907530e-01
    3.81397784e-01 5.50865650e-01 8.93774629e-01 2.76733935e-01
    1.37669235e-01 6.59316421e-01 5.47929704e-02 6.12235248e-01
    9.53257084e-01 3.47498953e-01 1.70288235e-01 6.96854949e-01
    8.94971073e-01 9.54845905e-01 2.59200931e-02 4.74056214e-01
    1.75834447e-01 7.36229777e-01 8.66135180e-01 3.59232605e-01
    6.15702033e-01 7.52015173e-01 2.66700268e-01 7.07694888e-01
    4.48312640e-01 4.66290683e-01 1.65782213e-01 1.26883596e-01
    8.71311307e-01 4.24881995e-01 7.45352983e-01 4.38256115e-01
    5.30348182e-01 4.88820016e-01 9.67772722e-01 8.37306142e-01
    5.49009264e-01 8.64241600e-01 8.93044710e-01 5.64289629e-01
    4.52242851e-01 5.08475125e-01 3.66198957e-01 4.40417886e-01
    8.18403304e-01 2.16999710e-01 1.07380390e-01 3.75883669e-01
    6.46515310e-01 9.73262429e-01 1.80039555e-01 7.20398724e-01
    7.73209870e-01 5.12290776e-01 6.92074358e-01 3.15907151e-01
    1.35792017e-01 5.02028644e-01 8.06471586e-01 5.24907410e-01
    7.91673720e-01 9.52720344e-01 9.29631591e-01 7.40832925e-01
    3.28600705e-01 8.47196817e-01 7.89421082e-01 4.70865995e-01
    5.37975132e-01 9.54385996e-01 1.27529800e-01 4.38950956e-01
    8.40369344e-01 7.07692623e-01 6.91143930e-01 8.75058889e-01
    7.09007740e-01 3.32994819e-01 8.35824490e-01 5.74861228e-01
    8.95448923e-01 4.91216153e-01 7.11017489e-01 1.62606031e-01
    3.56827319e-01 7.21283078e-01 8.21504295e-02 8.02721143e-01
    5.29375017e-01 3.19100082e-01 7.78625607e-02 1.74375176e-01
    7.57126212e-01 4.45104301e-01 7.53877461e-02 3.71894836e-02
    1.04475796e-01 1.03346884e-01 8.95265579e-01 8.90972018e-01
    3.12704772e-01 4.53376472e-02 1.33876711e-01 6.90705478e-02
    5.65978050e-01 9.54109311e-01 7.74435282e-01 2.80373961e-01
    7.08558857e-02 6.75168037e-01 4.49485898e-01 1.90255046e-02
    5.95723391e-01 1.60835177e-01 5.08471429e-01 1.56734973e-01
    6.17673695e-01 7.18267620e-01 5.40274918e-01 7.54027247e-01
    7.19538212e-01 7.16149092e-01 6.51013136e-01 7.01112032e-01
    3.47454071e-01 7.51116574e-01 5.09785533e-01 6.47550702e-01
    6.13037944e-01 2.96688914e-01 6.16226077e-01 8.19263935e-01
    3.40271682e-01 8.87887776e-01 1.85001820e-01 3.70722800e-01
    7.84557462e-01 3.00849736e-01 2.52911747e-01 4.05000836e-01
    8.19181204e-02 6.26526773e-02 4.75174963e-01 9.35694993e-01
    6.61354840e-01 3.70065689e-01 1.31191581e-01 3.59619260e-01
    3.30413103e-01 5.51144004e-01 3.44561756e-01 1.81030661e-01
    5.57991564e-01 8.58257294e-01 6.16599023e-02 2.40151316e-01
    8.79859686e-01 5.45760393e-01 9.14263129e-01 9.74573135e-01
    5.68986833e-02 5.77399254e-01 7.10003257e-01 6.03059530e-01
    4.77421880e-01 6.36125863e-01 5.26354015e-01 5.46109140e-01
    2.44882733e-01 5.04397690e-01 3.38371545e-01 6.38082147e-01
    9.70872045e-01 2.22966552e-01 3.37095916e-01 7.64301181e-01
    7.51210570e-01 6.57582641e-01 7.42364526e-02 7.81591237e-01
    6.80323362e-01 7.79459000e-01 5.47526956e-01 6.31043196e-01
    9.38782096e-01 2.28495032e-01 4.65962946e-01 8.89723301e-01
    1.82692111e-01 7.07675397e-01 9.18171167e-01 7.78489590e-01
    7.00719535e-01 8.74575973e-01 1.96894944e-01 4.49653834e-01
    7.58268952e-01 4.88290966e-01 6.90041900e-01 7.52644062e-01
    9.08967435e-01 6.99284196e-01 5.47043562e-01 6.31105959e-01
    1.81818068e-01 6.38899326e-01 8.15588474e-01 3.86074632e-01
    6.58274889e-01 7.72303224e-01 4.63347346e-01 5.89307845e-01
    9.65615034e-01 3.67773324e-01 3.91164482e-01 5.61887980e-01
    6.43286228e-01 1.81535780e-01 2.06238300e-01 3.40341121e-01
    2.37736583e-01 3.55402231e-01 2.92862803e-01 4.74469155e-01
    1.14444107e-01 8.93080831e-01 6.08587682e-01 9.67252851e-01
    9.22312140e-01 9.52589750e-01 9.14555252e-01 5.74186742e-01
    1.05616778e-01 5.53561151e-01 1.26963288e-01 7.49428868e-01
    6.62847161e-01 7.47523189e-01 6.04443014e-01 7.29901671e-01
    4.93811876e-01 5.59720576e-01 3.82929325e-01 6.01590157e-01
    9.89311576e-01 4.60308015e-01 6.56768322e-01 9.86819685e-01
    2.85335481e-01 1.89408571e-01 9.66384292e-01 2.36566722e-01
    5.22644162e-01 7.96253979e-01 3.00889671e-01 9.75881159e-01
    6.35695755e-02 8.25301647e-01 2.06495523e-02 4.52671468e-01
    6.61359251e-01 5.56879818e-01 6.05874121e-01 9.35281098e-01
    3.25691342e-01 9.47490811e-01 7.55856156e-01 3.17701519e-01
    1.02218479e-01 2.94736564e-01 6.99745595e-01 8.13538194e-01
    8.73874664e-01 5.02408385e-01 8.90975595e-01 1.27831310e-01
    1.61062956e-01 1.55995429e-01 3.19874883e-02 3.69040012e-01
    8.54421020e-01 2.23434508e-01 9.27830458e-01 3.34062636e-01
    6.46723747e-01 8.03935409e-01 2.56942838e-01 7.53163159e-01
    9.39493775e-02 4.34074998e-02 7.61077166e-01 4.87520188e-01
    2.44722724e-01 3.86654317e-01 5.79135656e-01 5.59807360e-01
    2.22097993e-01 8.67859602e-01 2.58712798e-01 2.92539984e-01
    6.25423908e-01 3.06033552e-01 8.78545403e-01 4.32279825e-01
    3.93489510e-01 4.48758900e-02 7.64399469e-02 1.45607591e-02
    6.53857648e-01 3.49435329e-01 2.43779004e-01 9.83887315e-01
    3.14589560e-01 6.25798523e-01 3.68539035e-01 6.44287705e-01
    9.51858997e-01 1.92433089e-01 7.99903274e-01 7.73757100e-01
    7.30118632e-01 4.29275006e-01 9.24098611e-01 5.26485860e-01
    1.00675821e-02 5.57389855e-03 7.71696448e-01 7.59617984e-01
    1.49279654e-01 3.12919378e-01 7.13845193e-02 1.66650712e-02
    6.57336116e-02 2.60005951e-01 2.76166201e-01 9.64658976e-01
    4.44163978e-01 4.56369400e-01 2.76176691e-01 6.72316611e-01
    5.06536365e-02 7.18231916e-01 5.85538328e-01 9.66863513e-01
    1.21698320e-01 8.03199530e-01 9.36699986e-01 2.35781878e-01
    3.39166999e-01 2.73533583e-01 6.42244816e-01 9.65266943e-01
    1.27549261e-01 5.05171180e-01 2.14543879e-01 2.85978019e-01
    8.97271156e-01 5.35864830e-01 4.90760118e-01 9.07111526e-01
    8.32736313e-01 2.25088716e-01 9.29022908e-01 8.28435779e-01
    4.20218408e-01 5.63726962e-01 8.12830448e-01 1.68470681e-01
    3.51149440e-01 5.19842505e-01 2.38603622e-01 6.79837286e-01
    4.85986143e-01 1.00015610e-01 6.54614508e-01 6.70908809e-01
    1.78041160e-01 5.78485191e-01 3.67650509e-01 3.70369256e-02
    5.20510316e-01 7.08371401e-01 2.52397120e-01 8.56436849e-01
    1.74852103e-01 9.34571624e-01 8.47506404e-01 2.20581412e-01
    8.12874258e-01 9.45162177e-01 7.05951512e-01 1.83789968e-01
    7.58277774e-02 9.70381379e-01 9.95974064e-01 1.83883399e-01
    7.49061584e-01 8.87397170e-01 5.75886548e-01 3.38271767e-01
    9.14532661e-01 3.20557952e-01 1.38034940e-01 1.87870860e-03
    4.43546683e-01 9.58314776e-01 1.40041113e-04 8.66478384e-02
    3.13827991e-01 1.34020925e-01 8.32269311e-01 6.10962868e-01
    4.15083796e-01 1.83438540e-01 7.32523263e-01 5.85631728e-01
    2.52252698e-01 1.54642493e-01 5.85878313e-01 6.98502600e-01
    8.56535733e-02 3.59490842e-01 9.73436296e-01 1.64057642e-01
    2.62432694e-02 5.54452419e-01 9.67153013e-02 3.50174129e-01
    6.15650117e-01 9.60177779e-01 7.65435159e-01 7.06794322e-01
    7.78330088e-01 1.78067267e-01 6.17485523e-01 1.42927587e-01
    4.89887953e-01 2.03476012e-01 6.36139274e-01 8.80972981e-01
    2.10790068e-01 1.37876272e-02 3.40382040e-01 6.37578964e-01
    8.13496351e-01 3.87912869e-01 3.70779157e-01 8.80507588e-01
    6.20935917e-01 8.74210238e-01 2.74345279e-02 6.93588853e-01
    2.96877563e-01 1.53411657e-01 8.57810020e-01 7.04902589e-01
    4.45396304e-01 2.83069372e-01 7.87407160e-04 2.44093508e-01
    1.95302665e-01 5.31177580e-01 7.13399947e-02 9.34961200e-01
    8.79872561e-01 2.15006173e-01 8.61470461e-01 3.41024935e-01
    2.78170586e-01 5.90535820e-01 6.60257041e-02 6.29929781e-01
    9.34542060e-01 7.80235529e-01 9.83886957e-01 6.21048272e-01
    9.52750444e-01 8.94193769e-01 7.34390080e-01 2.92686403e-01
    1.74878299e-01 1.20095134e-01 8.39693666e-01 5.49264073e-01
    7.22879171e-02 7.07796514e-01 1.26766175e-01 7.36259758e-01
    3.61179471e-01 1.34406686e-02 3.91692221e-01 7.55586147e-01
    3.98779005e-01 4.75723267e-01 5.25484324e-01 6.47736073e-01
    9.21300650e-01 4.56005335e-04 3.93368542e-01 4.75243598e-01
    9.80505943e-01 8.44073951e-01 6.51921272e-01 8.47231388e-01
    8.04679334e-01 3.56722891e-01 9.33020353e-01 1.64522976e-01
    8.86272490e-01 5.26315928e-01 7.19185531e-01 5.08264840e-01
    2.59773165e-01 8.06567907e-01 5.48842251e-02 1.40390843e-01
    2.14081556e-01 8.14962983e-02 5.76501608e-01 8.93246114e-01
    3.06209624e-02 6.70200169e-01 4.34775472e-01 6.54984832e-01
    6.71353102e-01 1.26642555e-01 9.55572724e-01 2.98596203e-01
    1.79495722e-01 9.81452465e-02 6.07754767e-01 4.36470300e-01
    9.65091228e-01 5.34323990e-01 8.43680739e-01 4.37514126e-01
    1.33580297e-01 8.06378365e-01 2.45892495e-01 9.78275061e-01
    5.08596182e-01 2.16897488e-01 9.80737865e-01 7.23650157e-01
    3.65036726e-02 3.35456610e-01 1.89292997e-01 1.20937824e-01
    9.18646097e-01 7.61829138e-01 4.52950150e-01 3.91559541e-01
    3.17294925e-01 3.15997332e-01 5.50089717e-01 4.49007392e-01
    3.48860025e-02 8.57033968e-01 2.22206056e-01 1.25790209e-01
    4.07620937e-01 9.05203700e-01 4.38633680e-01 5.32692671e-01
    7.52642393e-01 1.61229670e-01 9.79865193e-01 7.86183000e-01
    5.74182808e-01 3.08770537e-02 1.65921152e-01 9.63347852e-01
    9.24234211e-01 2.55502939e-01 1.84024870e-02 6.52487993e-01
    6.06356978e-01 1.76649272e-01 1.40554696e-01 2.40473539e-01
    9.62386489e-01 9.54074025e-01 7.88011134e-01 4.78364229e-01
    9.35851991e-01 4.91199255e-01 5.22570729e-01 1.15656227e-01
    2.94215411e-01 8.69603157e-01 9.64952946e-01 7.54416823e-01
    5.27877212e-02 9.26258981e-01 7.56147861e-01 1.98283881e-01
    6.05113626e-01 7.28891850e-01 1.49169832e-01 5.55498302e-01
    6.32757843e-01 4.94410127e-01 3.72400314e-01 2.54804611e-01
    6.65962934e-01 8.60219002e-02 3.71874392e-01 6.91069841e-01
    4.43326503e-01 7.32295752e-01 1.22502238e-01 9.34400976e-01
    7.52977550e-01 4.97047991e-01 8.90709639e-01 8.77969027e-01
    4.49919194e-01 1.18753254e-01 8.06085110e-01 8.16569626e-02
    3.27501595e-01 2.51943171e-01 7.60632753e-01 5.11487722e-01
    2.43927062e-01 8.59993219e-01 4.28767651e-01 3.15437019e-01
    2.00451910e-01 1.34825408e-01 9.19100046e-01 7.98087418e-02
    2.47393578e-01 3.19901586e-01 6.21613264e-01 3.58350128e-01
    1.03521347e-02 1.49564981e-01 3.86791736e-01 1.28797323e-01
    6.05165958e-01 9.65817928e-01 8.67062449e-01 6.36899352e-01
    5.56362331e-01 2.08281606e-01 8.79276872e-01 5.55963457e-01
    4.41938579e-01 8.74709964e-01 7.74561882e-01 2.99359560e-01
    9.32025433e-01 5.67987144e-01 5.34973919e-01 6.15698278e-01
    9.02701735e-01 5.69362164e-01 6.56916618e-01 1.63342118e-01
    8.31352711e-01 6.70737684e-01 1.42458707e-01 3.93667638e-01
    7.02993453e-01 5.07731974e-01 1.71149224e-01 5.96820235e-01
    4.63730037e-01 6.82299614e-01 7.23028302e-01 3.35080475e-01
    3.41885328e-01 3.69239450e-02 4.65143442e-01 7.76950121e-01
    3.86211514e-01 6.39287710e-01 1.36542380e-01 7.62453556e-01
    8.16803634e-01 7.60775447e-01 5.23371518e-01 1.90715969e-01
    6.82018578e-01 3.68934751e-01 4.89613533e-01 9.65517998e-01
    5.58546841e-01 4.27984089e-01 7.96254516e-01 7.71319389e-01
    1.18108690e-01 5.18316209e-01 4.78290021e-02 4.81371522e-01
    2.73391604e-01 7.46263564e-02 8.75326216e-01 4.35065210e-01
    6.43336415e-01 9.96176958e-01 9.54305887e-01 4.58338588e-01
    5.22260070e-02 3.00794065e-01 8.52420688e-01 9.00655627e-01
    6.81858897e-01 6.63773358e-01 6.98757708e-01 2.73838431e-01
    3.05312157e-01 1.38094902e-01 2.60722995e-01 5.18603861e-01
    1.59309685e-01 2.15393901e-02 6.35833800e-01 4.24262941e-01
    7.68693089e-01 6.19115531e-02 6.63933396e-01 3.87172103e-02
    2.50733763e-01 9.05601621e-01 5.74471533e-01 6.66266680e-01
    9.80641246e-02 5.12717247e-01 1.07152194e-01 2.21172780e-01
    5.55530071e-01 9.80585814e-03 7.38430917e-01 5.68827569e-01
    9.60793793e-02 5.13980329e-01 4.02889967e-01 1.03711873e-01
    6.33912146e-01 4.46624905e-01 9.43314433e-01 2.01162338e-01
    3.71239722e-01 8.19851279e-01 7.62449741e-01 5.07564068e-01
    8.44743013e-01 8.30923915e-01 3.30583274e-01 7.70276308e-01
    7.31713176e-01 4.43467170e-01 9.05445397e-01 3.00220430e-01
    8.83693099e-01 1.12422109e-02 4.48790282e-01 5.18415213e-01
    8.22042167e-01 6.96950495e-01 1.36924386e-01 8.41065168e-01
    4.96270597e-01 5.56740046e-01 9.60214019e-01 3.39637697e-01
    8.58871579e-01 5.46904206e-01 5.19384921e-01 7.77752519e-01
    6.98200583e-01 1.41210586e-01 3.60327840e-01 3.22876155e-01
    3.06217819e-01 5.09486556e-01 6.85191989e-01 4.14055616e-01
    4.33147013e-01 7.71009803e-01 7.91308582e-01 3.64015162e-01
    5.98539114e-01 8.37836027e-01 6.67644501e-01 7.46253014e-01
    3.32301974e-01 9.85696077e-01 6.39784932e-02 3.75272244e-01
    4.90988076e-01 4.72977281e-01 6.36474490e-01 9.39305127e-02
    8.06210876e-01 2.56459594e-01 5.09418249e-01 1.23243868e-01
    6.95813954e-01 8.25632751e-01 2.58360267e-01 6.65681362e-02
    3.64262819e-01 8.93921852e-02 1.79108679e-02 6.37319446e-01
    4.58382785e-01 3.72200489e-01 3.96096528e-01 9.17661905e-01
    4.51651484e-01 7.55953252e-01 3.39535177e-02 3.19098175e-01
    8.24831009e-01 9.97262597e-01 4.60064352e-01 9.71520066e-01
    6.72410607e-01 9.57712770e-01 1.12426281e-01 1.28869712e-01
    8.74311507e-01 1.09308004e-01 9.52240109e-01 3.45668077e-01
    3.06431949e-02 4.35958952e-01 2.32734263e-01 5.35785615e-01
    1.13125801e-01 1.25742227e-01 6.86910748e-02 3.62769604e-01
    2.92694271e-02 8.95544767e-01 3.56533468e-01 5.88129282e-01
    5.41741610e-01 6.59886599e-01 8.79159570e-03 3.50592852e-01
    5.03037870e-01 2.50075161e-01 6.58102989e-01 6.34541154e-01
    5.37479818e-01 6.69253290e-01 8.04232180e-01 8.32707167e-01
    4.84998524e-02 6.10418856e-01 6.78521395e-03 5.78337431e-01
    9.01005745e-01 7.25180030e-01 8.42844129e-01 8.09983730e-01
    2.17624217e-01 4.09863710e-01 9.62768435e-01 6.91109598e-02
    1.55087262e-01 6.92516565e-03 5.13255060e-01 3.41415286e-01
    7.19406605e-01 4.53520715e-01 6.98370755e-01 1.05040669e-01
    6.90446377e-01 9.96368289e-01 3.30077320e-01 1.05672568e-01
    9.53961134e-01 9.63819981e-01 2.43231416e-01 4.10886973e-01
    3.50844800e-01 9.11489308e-01 8.68779421e-01 2.82986462e-02
    2.81421632e-01 1.06796116e-01 9.58230972e-01 1.21052682e-01
    7.66782045e-01 5.07025301e-01 1.13719791e-01 9.03356969e-02
    1.15967870e-01 2.65655696e-01 5.72950125e-01 4.76700306e-01
    9.51129556e-01 3.57155770e-01 6.70163810e-01 6.48487806e-01
    9.48283911e-01 7.31507838e-01 1.31115407e-01 3.32202613e-01
    5.67803144e-01 4.19095069e-01 8.24660063e-01 7.18922496e-01
    6.03386819e-01 1.11216068e-01 5.03553450e-01 7.27819800e-02
    6.23703301e-02 3.50279033e-01 3.99371922e-01 3.76688957e-01
    4.97384340e-01 1.83931410e-01 5.90239584e-01 4.48478162e-02
    5.22826016e-01 2.96022803e-01 8.56680870e-02 7.75816023e-01
    8.71490717e-01 2.50923574e-01 3.02687347e-01 4.57110196e-01
    7.71854997e-01 3.99392247e-01 2.47738957e-01 4.38017070e-01
    5.11943400e-01 4.16137695e-01 9.34265733e-01 1.04928493e-01
    9.26651537e-01 6.84430778e-01 4.72532362e-01 6.36687040e-01
    3.56304169e-01 4.36744273e-01 4.41802412e-01 1.40396357e-02
    1.97936743e-01 9.25004005e-01 9.95626569e-01 5.58336377e-02
    5.71655333e-02 7.90624022e-01 1.99961215e-01 3.08201790e-01
    4.99636978e-01 8.80951583e-01 4.60115880e-01 1.25871897e-01
    7.66949296e-01 4.72930402e-01 1.02875173e-01 1.59098595e-01
    9.69010472e-01 2.21731424e-01 3.92192602e-02 5.78246176e-01
    8.21642876e-01 3.82412016e-01 8.92079413e-01 4.65731442e-01
    2.61486530e-01 9.91049409e-01 8.89175534e-02 1.60018414e-01
    9.05132771e-01 3.78189981e-02 9.88944054e-01 6.31622970e-01
    1.82395577e-01 3.52142721e-01 1.70263439e-01 7.29978383e-01
    7.73993850e-01 3.01318735e-01 1.57615155e-01 1.01489604e-01
    9.39443588e-01 6.08548820e-02 8.02144766e-01 7.98566639e-02
    9.05544877e-01 2.91825831e-01 1.48471296e-01 5.38582087e-01
    3.47432196e-02 5.95555663e-01 3.27525079e-01 5.78513622e-01
    4.14642692e-02 4.82753336e-01 7.05129743e-01 6.72604918e-01
    1.35845065e-01 5.81073701e-01 3.44817758e-01 8.22794139e-01
    3.12863171e-01 7.47827470e-01 4.12212253e-01 3.04964483e-01
    3.24285835e-01 8.10336471e-02 2.28530943e-01 4.83070880e-01
    9.71705914e-01 3.39339077e-01 9.15560961e-01 2.15784431e-01
    5.40342748e-01 4.38227624e-01 3.70716572e-01 2.77194917e-01
    3.05504203e-02 7.90732741e-01 2.03293651e-01 1.98782951e-01
    5.07645428e-01 2.17691034e-01 6.52233183e-01 7.70684183e-02
    1.37641430e-01 9.26362157e-01 1.59979761e-02 9.71916080e-01
    9.40853298e-01 7.34760702e-01 3.72242928e-01 6.27065778e-01
    1.82265967e-01 4.15249348e-01 8.54578614e-01 2.43277788e-01
    1.21978521e-01 2.44553655e-01 6.60927296e-02 1.21221274e-01
    4.05724436e-01 9.39070463e-01 1.92699671e-01 9.89401460e-01
    3.26282859e-01 8.67595077e-01 1.28180623e-01 7.10483670e-01
    3.79614949e-01 5.14884174e-01 3.91164631e-01 6.88285470e-01
    8.46982360e-01 3.44390273e-01 2.57833034e-01 8.32794309e-01
    8.75158608e-01 6.61510825e-01 6.28005326e-01 4.57184374e-01
    7.14890838e-01 9.40293074e-01 8.83716226e-01 4.24102962e-01
    7.46140778e-02 2.88063586e-01 9.10915494e-01 2.64968455e-01
    4.26946193e-01 8.45827341e-01 5.78639448e-01 3.61956984e-01
    7.42238998e-01 7.51657188e-01 9.70482826e-01 5.92468739e-01
    5.56408107e-01 2.94192016e-01 9.29694057e-01 7.09375441e-01
    1.32221162e-01 1.78229302e-01 9.23346281e-01 7.43953586e-01
    7.88603425e-02 9.47738409e-01 7.63365746e-01 2.79608130e-01
    7.08381593e-01 2.12500155e-01 6.94803238e-01 8.50815773e-01
    5.41288018e-01 3.38342190e-02 2.55045235e-01 1.90775275e-01
    7.57808685e-01 6.59669340e-01 1.19501680e-01 4.85868007e-01
    4.41547722e-01 2.88585544e-01 6.36277914e-01 3.74509871e-01
    1.44817501e-01 9.76755381e-01 1.08299851e-01 2.42880732e-01
    3.11595589e-01 4.02946353e-01 8.38925958e-01 9.35412049e-02
    6.77843213e-01 8.10686350e-01 9.48349535e-02 3.14600408e-01
    7.63868213e-01 8.57716024e-01 5.19009829e-01 5.38496375e-02
    6.04766607e-01 2.45365858e-01 5.84565520e-01 3.14710319e-01
    5.22169352e-01 6.92465246e-01 1.18854672e-01 9.88738239e-02
    3.59565735e-01 5.24519622e-01 7.83337057e-02 6.88828111e-01
    3.40217888e-01 5.99412203e-01 4.02532160e-01 5.11784673e-01
    5.55460572e-01 8.60778809e-01 9.18051839e-01 6.72717094e-01
    2.41345882e-01 6.34694338e-01 2.06229031e-01 6.70213044e-01
    6.61107898e-01 8.63960624e-01 9.76974130e-01 9.46033597e-02
    5.27219892e-01 3.10103953e-01 5.13139307e-01 1.48626536e-01
    5.19864619e-01 1.47921950e-01 1.93737090e-01 2.09938467e-01
    7.81589627e-01 1.55529022e-01 8.21366906e-01 2.56671190e-01
    9.71182883e-02 8.69682729e-02 3.80085737e-01 8.31390977e-01
    3.58781278e-01 5.29882312e-02 9.09669638e-01 6.29627526e-01
    9.99779820e-01 4.89767998e-01 4.26558048e-01 1.44136578e-01
    9.02901411e-01 8.90209556e-01 9.29770708e-01 1.01583004e-02
    6.97079003e-02 1.77425593e-01 7.03120470e-01 1.27921492e-01
    6.94723129e-01 6.50606155e-01 1.33961439e-03 2.34549165e-01
    2.87196338e-01 2.63003469e-01 6.05904222e-01 3.27418506e-01
    2.16153860e-02 1.06589794e-02 5.86245179e-01 5.06880462e-01
    8.31951916e-01 2.34491825e-01 7.45263934e-01 2.76589096e-01
    3.41199577e-01 7.37564266e-02 2.96677947e-01 3.83215576e-01
    2.86330819e-01 2.76381969e-02 9.77034032e-01 7.91483879e-01
    2.84813404e-01 7.12614179e-01 2.54522234e-01 9.67346966e-01
    4.55026299e-01 9.22769308e-01 4.15428281e-02 7.33299017e-01
    5.72425723e-01 4.42459822e-01 7.72143722e-01 2.11607695e-01
    7.31537461e-01 2.02535182e-01 9.44226682e-01 1.37183666e-01
    2.53972173e-01 3.85576218e-01 9.51807499e-02 1.69259816e-01
    5.79587162e-01 7.97494948e-02 8.60726953e-01 4.57686186e-02
    4.27920848e-01 8.32397938e-01 4.64507341e-02 7.17801690e-01
    8.81620944e-01 9.30793881e-02 3.97766411e-01 3.65360796e-01
    2.38814622e-01 3.23491275e-01 6.21045649e-01 7.22566247e-01
    5.97050130e-01 5.84840536e-01 1.55457556e-02 7.30083406e-01
    8.40007126e-01 1.09593511e-01 2.18639791e-01 4.56383049e-01
    2.75162399e-01 3.28031123e-01 6.75579906e-01 1.08773857e-01
    5.89341223e-02 7.76517034e-01 2.33072579e-01 9.38040018e-01
    2.83214152e-01 6.09483063e-01 2.30767101e-01 8.12988520e-01
    3.73500705e-01 9.94695783e-01 6.74942672e-01 2.45159775e-01
    8.28987598e-01 1.14124060e-01 7.51612604e-01 1.46028399e-03
    2.74972320e-01 7.29557276e-01 2.02345848e-03 9.31472301e-01
    1.12560689e-01 7.85733283e-01 4.33877528e-01 3.52602541e-01
    9.26034808e-01 2.27229148e-01 2.36266851e-03 9.26944196e-01
    9.91576254e-01 1.91384554e-01 8.84343743e-01 1.53185666e-01
    1.79682821e-01 8.88302505e-01 1.60445869e-02 8.95203292e-01
    4.19845998e-01 9.25754726e-01 1.00154877e-02 6.82515621e-01
    7.58871853e-01 3.91751230e-01 3.05867761e-01 2.40227848e-01
    8.58416438e-01 3.11017036e-01 2.58176476e-01 4.40348953e-01
    5.99435389e-01 5.10460138e-01 6.78819001e-01 6.97318733e-01
    7.31134355e-01 8.17655563e-01 1.15586489e-01 5.19160330e-01
    8.73183250e-01 5.44427931e-01 7.25046158e-01 7.98933864e-01
    7.93504357e-01 4.27920967e-01 9.30901110e-01 5.44137657e-01
    8.26371074e-01 8.27928185e-01 8.10970783e-01 7.21092939e-01
    7.26603806e-01 2.66100645e-01 7.99213350e-02 4.01183307e-01
    4.64043140e-01 7.98080802e-01 1.79519564e-01 2.32149899e-01
    6.95159435e-02 7.37303138e-01 5.38869202e-02 9.33614612e-01
    4.56077129e-01 4.68439817e-01 8.50257814e-01 5.54928124e-01
    7.88081169e-01 2.71408260e-02 1.11302435e-01 2.71816850e-02
    1.90226227e-01 2.99072772e-01 8.90955687e-01 9.85660911e-01
    2.80529171e-01 9.18553591e-01 6.30340993e-01 5.06729007e-01
    1.33784652e-01 4.82960075e-01 3.57708037e-02 6.44911051e-01
    2.03035235e-01 8.08976471e-01 6.85596526e-01 5.31824350e-01
    5.52540064e-01 6.08944893e-01 3.49886626e-01 2.46101618e-03
    2.32023537e-01 4.92101908e-01 8.13929558e-01 5.40914416e-01
    1.87826931e-01 4.33900952e-02 7.70711899e-03 6.43643141e-01
    6.30834103e-02 8.52652669e-01 9.22041416e-01 2.53993362e-01
    5.34960926e-01 4.55129504e-01 1.72246099e-01 5.21495283e-01
    3.62141430e-01 8.08209121e-01 2.14683414e-02 5.14307261e-01
    5.03007710e-01 1.50333911e-01 4.24837232e-01 4.87219810e-01
    5.67679942e-01 3.43322456e-01 9.03093159e-01 2.34863371e-01
    8.65463257e-01 6.24268889e-01 6.15816236e-01 2.41115123e-01
    7.04344988e-01 1.37521148e-01 1.41702086e-01 5.97461164e-01
    5.04745364e-01 2.06309825e-01 1.13500983e-01 1.43723845e-01
    8.78375292e-01 8.22291434e-01 3.77896667e-01 9.42557931e-01
    4.45443451e-01 2.17642099e-01 6.59752786e-02 4.60748345e-01
    5.50740123e-01 9.13722217e-02 6.93611324e-01 5.57876468e-01
    5.96190751e-01 6.08817637e-01 1.88198686e-03 3.05698574e-01
    6.10173702e-01 1.60465181e-01 6.66070640e-01 5.97074270e-01
    6.61324382e-01 9.40856397e-01 6.20490313e-03 5.78207850e-01
    2.45856494e-01 8.69168282e-01 8.49138498e-01 1.71197504e-01
    4.89914119e-01 5.04843056e-01 8.94272923e-01 8.51518810e-02
    2.75967896e-01 2.24021435e-01 7.74590909e-01 6.72614157e-01
    1.86960548e-01 1.68345898e-01 1.42977089e-01 9.62151229e-01
    9.56404924e-01 5.64352870e-01 6.78130925e-01 9.75226641e-01
    1.15859985e-01 2.31973886e-01 5.58441758e-01 9.77118850e-01
    5.59235156e-01 7.53771424e-01 7.73811579e-01 1.12111479e-01
    6.19252861e-01 7.51251817e-01 6.76530957e-01 9.96515632e-01
    2.38635212e-01 3.10806245e-01 9.40967679e-01 1.60091907e-01
    5.13496280e-01 6.68372989e-01 2.04721957e-01 2.27288812e-01
    7.00554609e-01 1.87510759e-01 9.27731276e-01 6.74900174e-01
    3.05439413e-01 5.24336398e-01 3.10136139e-01 4.57283735e-01
    8.91581059e-01 9.76763844e-01 8.44947457e-01 2.72128016e-01
    4.77793843e-01 2.22129881e-01 2.58322239e-01 6.29168153e-01
    7.53471851e-02 9.94380713e-01 3.64938021e-01 8.27881932e-01
    3.68128836e-01 1.25702232e-01 1.13141835e-01 3.46601009e-05
    8.03649068e-01 9.82830286e-01 4.62966949e-01 5.18667758e-01
    8.17567825e-01 4.61987436e-01 7.35874772e-01 8.62018228e-01
    6.12979174e-01 6.65653944e-01 5.78457415e-02 6.85789704e-01
    9.60028052e-01 1.82886481e-01 2.45928586e-01 6.61197007e-01
    9.80667830e-01 3.41794461e-01 9.46927905e-01 5.69196582e-01
    5.24103701e-01 9.20792937e-01 1.44191504e-01 8.84592175e-01
    4.55360144e-01 6.77936018e-01 5.02119601e-01 2.96503961e-01
    3.12923431e-01 3.23165476e-01 9.21439528e-01 7.86314428e-01
    1.23083323e-01 7.65799999e-01 2.40113616e-01 1.93462014e-01
    6.03755116e-01 7.35118508e-01 7.49072134e-01 8.22723627e-01
    6.94013119e-01 5.55189788e-01 7.12550044e-01 1.83280021e-01
    7.88786829e-01 6.97212458e-01 9.66444492e-01 4.76230145e-01
    4.37382132e-01 6.67371273e-01 9.15473342e-01 9.44252014e-01
    1.46816254e-01 6.82560980e-01 2.85955071e-01 2.62794435e-01
    5.56912124e-01 1.48057669e-01 2.36814559e-01 2.71883667e-01
    2.87095636e-01 6.14654124e-02 2.06191152e-01 5.81025958e-01
    8.14556777e-02 7.94537485e-01 2.84680426e-01 4.60977584e-01
    6.26895189e-01 4.69482869e-01 6.16950572e-01 7.16037273e-01
    1.63363218e-02 1.47472620e-01 7.09457040e-01 1.94140136e-01
    4.53594029e-01 1.69999897e-02 5.47644675e-01 5.82377970e-01
    1.77132785e-02 9.36016738e-02 4.10515845e-01 1.28027439e-01
    4.68241096e-01 7.16360748e-01 7.76363373e-01 2.39488482e-01
    1.72074288e-01 9.84077990e-01 3.02392423e-01 4.72264171e-01
    4.58736122e-02 8.49028230e-02 9.27425623e-01 3.70604873e-01
    2.25064546e-01 2.89051920e-01 1.12900436e-01 7.84287274e-01
    7.19424605e-01 8.70992780e-01 4.21380401e-02 8.73941898e-01
    2.91693419e-01 9.50114429e-02 2.42174000e-01 9.01535511e-01
    9.93676007e-01 3.87592018e-02 2.78731167e-01 2.67731786e-01
    9.09950495e-01 4.62288082e-01 9.57556546e-01 4.80472982e-01
    2.07877219e-01 5.05833626e-01 3.27450693e-01 8.72851491e-01
    1.85275108e-01 3.82649362e-01 4.49269623e-01 1.49331421e-01
    3.91328752e-01 1.74642622e-01 3.06845307e-01 9.03888583e-01
    2.46837616e-01 1.28126562e-01 4.40639585e-01 4.62695837e-01
    6.45354688e-02 6.14051938e-01 4.08301175e-01 3.80999714e-01
    9.85731184e-02 6.90983772e-01 3.37241650e-01 4.59538192e-01
    6.89495921e-01 7.89077878e-01 2.45152026e-01 6.91123068e-01
    1.30851984e-01 3.67622018e-01 8.54109168e-01 2.60894895e-02
    6.76803589e-02 2.96948314e-01 9.05790687e-01 7.47022748e-01
    6.49244845e-01 6.68454766e-01 1.42557263e-01 4.42204058e-01
    1.83207512e-01 3.44133496e-01 1.12993807e-01 4.98232931e-01
    4.98421788e-02 4.74381715e-01 9.47128892e-01 4.63415980e-02
    6.46061957e-01 3.08425963e-01 6.57695293e-01 8.92795265e-01
    6.48683071e-01 9.24366355e-01 3.44151169e-01 6.41592741e-01
    8.06782246e-01 2.99217105e-02 5.36816835e-01 6.70744658e-01
    1.88013256e-01 8.78917217e-01 7.57149100e-01 9.64352012e-01
    5.64644516e-01 5.17093420e-01 6.83932662e-01 4.77948874e-01
    4.91234809e-01 5.64920425e-01 5.28526783e-01 4.84128475e-01
    8.22363138e-01 9.57882762e-01 2.12550491e-01 9.48962212e-01
    3.82390618e-01 5.17700970e-01 4.64413553e-01 3.80254894e-01
    9.29915130e-01 7.39031613e-01 4.88808185e-01 5.15014529e-02
    5.95118403e-01 3.08682621e-02 9.65982556e-01 4.30656761e-01
    8.88215303e-01 8.58599663e-01 9.91541803e-01 7.38897622e-01
    3.89517903e-01 2.30263144e-01 1.90544039e-01 7.85581708e-01
    8.77681851e-01 8.67765546e-01 2.69330263e-01 3.25835109e-01
    6.15733624e-01 6.19821727e-01 1.80263817e-02 7.69183815e-01
    1.04808062e-01 6.94049776e-01 6.19925857e-01 2.03601420e-01
    7.54038692e-01 9.29206729e-01 6.15294278e-01 1.92031860e-02
    5.66090345e-01 3.59218627e-01 2.04520822e-02 8.99432838e-01
    7.14781344e-01 3.69415730e-01 1.44363850e-01 4.80700791e-01
    7.95773745e-01 6.99344754e-01 3.05415571e-01 5.37672639e-01
    5.64807415e-01 8.10378909e-01 8.44149411e-01 8.32366526e-01
    5.44416010e-02 9.04503584e-01 7.92121768e-01 4.44885135e-01
    8.79845977e-01 3.67853880e-01 7.02506423e-01 2.76913404e-01
    1.55632108e-01 4.73246455e-01 7.07280755e-01 7.77830839e-01
    2.01713502e-01 8.44172299e-01 5.96988857e-01 3.14937115e-01
    8.20523202e-01 3.83262604e-01 3.07380497e-01 1.41206086e-01
    4.49056327e-02 7.19117403e-01 6.64227486e-01 6.96041763e-01
    6.95746779e-01 3.56563687e-01 8.07632685e-01 9.72186387e-01
    2.29636163e-01 4.75146174e-02 4.52637494e-01 3.11653376e-01
    1.43222660e-01 9.32087302e-01 2.77115911e-01 7.03749955e-02
    6.92981482e-01 3.40771317e-01 8.90099287e-01 6.82876527e-01
    1.63870156e-01 5.40335715e-01 8.06438148e-01 8.08418036e-01
    8.21188748e-01 3.46306592e-01 6.44973397e-01 6.84665442e-01
    5.36947012e-01 1.34804785e-01 2.11361140e-01 3.80081058e-01
    8.18522811e-01 2.43721515e-01 4.90744710e-02 2.56642371e-01
    5.10748506e-01 9.00514305e-01 5.22088945e-01 4.54077482e-01
    9.91341054e-01 2.29399204e-01 1.96403116e-01 1.66546226e-01
    2.42333978e-01 6.03198767e-01 5.80529869e-01 9.51799691e-01
    1.28393829e-01 7.50318766e-01 7.68437088e-01 9.41707492e-01
    8.10796261e-01 6.02491260e-01 3.89932871e-01 7.11782396e-01
    5.75581551e-01 3.22105885e-01 1.70217186e-01 2.86184460e-01
    3.84073257e-02 6.44767165e-01 3.95687371e-01 5.58917642e-01
    5.61686099e-01 6.51127994e-01 4.68185842e-02 6.06966913e-02
    5.20425558e-01 6.68003380e-01 3.31192821e-01 3.51467490e-01
    9.27351356e-01 1.76546276e-01 8.33377123e-01 5.80875099e-01
    6.69036448e-01 8.18519711e-01 1.05381489e-01 4.91690129e-01
    9.29181457e-01 2.89543331e-01 4.16432798e-01 8.21431994e-01
    6.80981874e-01 5.69071174e-01 7.57600904e-01 8.16367388e-01
    2.05149055e-02 1.64954752e-01 7.70698488e-02 1.54064268e-01
    5.52305579e-01 4.04278547e-01 1.07245028e-01 5.20493805e-01
    6.76405907e-01 9.38140035e-01 8.61812472e-01 2.27522224e-01
    3.22187603e-01 5.55087030e-02 2.82819211e-01 4.24663723e-01
    8.67919385e-01 5.31048000e-01 3.40211034e-01 2.12186575e-03
    3.79330605e-01 2.96707392e-01 6.00709617e-01 3.69310617e-01
    4.42286462e-01 6.26779318e-01 6.19439721e-01 4.93238598e-01
    1.69068098e-01 7.25245953e-01 8.32750201e-01 7.08401382e-01
    9.80683923e-01 2.40242392e-01 8.68511260e-01 5.53382337e-01
    9.93294597e-01 9.10905719e-01 8.61778736e-01 6.32074833e-01
    6.48204684e-02 9.74660397e-01 7.55797088e-01 9.08296943e-01
    2.73447335e-02 9.21073437e-01 1.65327311e-01 1.21341109e-01
    8.86443615e-01 8.75778377e-01 8.24781179e-01 2.97738731e-01
    7.06129432e-01 7.47644663e-01 6.63018882e-01 1.56933963e-01
    6.39650762e-01 9.53590035e-01 1.64317966e-01 1.19527638e-01
    3.83905977e-01 3.33554745e-02 6.43504500e-01 4.92582321e-01
    4.83682275e-01 3.38529468e-01 4.65655148e-01 9.41756845e-01
    5.69720805e-01 6.25386715e-01 6.53147101e-02 6.53644443e-01
    8.67770076e-01 6.27124667e-01 7.15110242e-01 2.69093692e-01
    1.04006231e-02 6.46245480e-03 6.98118806e-01 5.32524586e-01
    3.36309433e-01 9.77522016e-01 8.96883667e-01 8.29409778e-01
    9.87664819e-01 5.76674819e-01 6.74730659e-01 8.66670668e-01
    8.43177438e-01 1.92770362e-01 7.37598956e-01 8.24876368e-01
    6.17154002e-01 3.80683810e-01 8.14419568e-01 5.18592596e-02
    6.48878217e-01 1.90178901e-01 7.58509159e-01 8.76714706e-01
    6.30630195e-01 2.98359215e-01 6.60260856e-01 8.76034856e-01
    9.27818298e-01 4.18526232e-01 3.67090046e-01 2.58080959e-01
    7.99281836e-01 5.83256245e-01 6.28722548e-01 2.04198033e-01
    6.48334682e-01 5.17730713e-01 7.91989684e-01 9.55264151e-01
    7.30159283e-01 9.51054454e-01 8.04382145e-01 5.03360808e-01
    4.56091464e-01 9.03705478e-01 9.88699198e-01 3.70652527e-01
    1.22853994e-01 2.80662537e-01 4.00814563e-01 4.57573682e-01
    3.32740217e-01 1.28420532e-01 9.25616980e-01 6.05190277e-01
    6.72489047e-01 5.98686814e-01 8.25877070e-01 6.66479468e-02
    6.68955028e-01 4.54874545e-01 7.47980595e-01 2.52737075e-01
    2.02623010e-01 3.57461810e-01 3.64206910e-01 8.76424015e-01
    4.67536807e-01 8.30658555e-01 5.34638703e-01 1.57053143e-01
    8.73833239e-01 6.26266778e-01 2.48878837e-01 7.34930754e-01
    8.76597345e-01 5.89730561e-01 3.49820137e-01 7.50873864e-01
    7.47846723e-01 6.63284540e-01 5.48096061e-01 8.02685499e-01
    3.71021777e-01 3.62676680e-02 8.44573498e-01 5.76380908e-01
    7.50637472e-01 6.95041358e-01 2.80615807e-01 8.03766012e-01
    4.55545008e-01 1.83634400e-01 9.48103905e-01 1.51007980e-01
    8.39988112e-01 1.37442976e-01 3.57627690e-01 7.46343732e-01
    6.73784494e-01 8.81075919e-01 9.20969605e-01 4.52706724e-01
    9.62469816e-01 5.49878299e-01 5.49878418e-01 7.95069575e-01
    9.28089857e-01 5.21758378e-01 3.22905540e-01 4.61477339e-02
    7.97773421e-01 4.21894640e-01 7.15141356e-01 5.32518387e-01
    8.11876059e-01 6.99468493e-01 4.74078178e-01 6.48792505e-01
    3.63309383e-01 3.00060660e-01 5.30395925e-01 3.82891625e-01
    1.74992025e-01 9.14182067e-02 1.75444394e-01 7.34784842e-01
    7.86221564e-01 1.44596636e-01 5.71633577e-01 6.83438063e-01
    2.07656115e-01 2.42313206e-01 2.60549009e-01 9.54289556e-01
    8.35913718e-02 8.49113584e-01 6.04367137e-01 3.56084198e-01
    3.46730351e-01 4.49944288e-01 6.93210900e-01 4.95427281e-01
    8.71671557e-01 1.82878166e-01 6.21358395e-01 4.46852148e-02
    8.16113114e-01 6.23111367e-01 2.91497201e-01 2.20084995e-01
    5.81602216e-01 9.11462307e-01 8.37986469e-01 2.61140317e-01
    4.71028477e-01 5.10969579e-01 3.50089550e-01 3.13096046e-02
    7.27005124e-01 1.49409086e-01 3.79437298e-01 9.25636768e-01
    9.57931161e-01 9.72917199e-01 8.37249875e-01 2.28825212e-02
    6.12239897e-01 7.46968687e-01 8.57002139e-02 3.42406034e-02
    2.27511168e-01 6.49521291e-01 4.36045140e-01 5.95771253e-01
    7.88361788e-01 7.87588656e-01 2.64055014e-01 5.81554353e-01
    9.11994278e-01 3.48201692e-01 3.30924809e-01 2.60993004e-01
    6.30639672e-01 2.84455955e-01 2.44363934e-01 7.93546796e-01
    3.34959149e-01 3.49794090e-01 9.67336655e-01 6.84810281e-01
    4.03810024e-01 9.66515541e-01 9.41820443e-01 9.13462758e-01
    5.79051435e-01 1.17336154e-01 6.09096706e-01 8.23312163e-01
    7.19218671e-01 6.46325231e-01 9.34222102e-01 8.02754462e-01
    2.24400699e-01 3.74191105e-02 9.34460998e-01 9.48106289e-01
    4.81135964e-01 9.75641072e-01 4.01696980e-01 4.94396478e-01
    2.96721041e-01 7.18659639e-01 9.09654200e-02 7.99802065e-01
    8.22845340e-01 7.16609120e-01 8.56501222e-01 5.81456721e-01
    2.13060737e-01 5.40026784e-01 5.45210958e-01 6.73611522e-01
    4.43257064e-01 4.37277317e-01 1.91113085e-01 1.15204662e-01
    9.06927705e-01 6.07900918e-01 3.19858283e-01 5.39769590e-01
    1.45836115e-01 6.41977549e-01 6.71616554e-01 5.91216505e-01
    4.27377880e-01 5.32679379e-01 4.65254456e-01 5.98842502e-02
    3.11427891e-01 9.22697783e-01 1.70677722e-01 9.27794218e-01
    2.19601750e-01 8.62498403e-01 5.14451981e-01 2.32217401e-01
    1.40708387e-01 4.69215542e-01 5.45029581e-01 2.25693285e-02
    1.65439457e-01 4.82183576e-01 4.82950896e-01 6.36130750e-01
    1.56839192e-02 7.28131950e-01 1.66039675e-01 1.22426480e-01
    1.96191698e-01 4.44604456e-01 5.40820539e-01 8.86821866e-01
    9.46395755e-01 1.81760192e-01 7.03251541e-01 9.16937709e-01
    6.53329670e-01 6.07920408e-01 1.90174341e-01 4.43901032e-01
    4.55260038e-01 2.47971267e-01 2.88950652e-01 2.42964238e-01
    8.67193699e-01 4.02997851e-01 9.50745940e-02 5.05204856e-01
    9.59395170e-01 3.00965190e-01 2.43250430e-01 6.30954802e-01
    1.41391546e-01 1.13976300e-01 2.42512792e-01 5.18533289e-01
    4.01330113e-01 1.04465693e-01 2.22605467e-03 9.02971745e-01
    1.70722365e-01 3.34502399e-01 8.35502982e-01 7.79816985e-01
    9.00943279e-01 7.64332294e-01 7.90037692e-01 2.27947086e-01
    1.81453019e-01 7.61051178e-01 7.81408668e-01 6.26160979e-01
    3.27995270e-01 8.28978419e-02 8.69472265e-01 9.28012729e-01
    1.33183897e-01 1.30953908e-01 5.31895399e-01 3.07220221e-01
    1.72088057e-01 8.23882341e-01 2.78226495e-01 1.62150979e-01
    9.61089611e-01 8.78938913e-01 2.68957347e-01 8.01855087e-01
    3.78434867e-01 5.80266237e-01 3.38821530e-01 6.72234535e-01
    2.52882659e-01 2.99312592e-01 5.83972394e-01 1.80799097e-01
    3.89948905e-01 6.33379698e-01 2.24485993e-02 9.39902544e-01
    2.96177566e-01 7.31523216e-01 8.95645380e-01 3.89715910e-01
    9.24626112e-01 5.20197928e-01 8.72122049e-01 7.28367627e-01
    1.15423530e-01 3.31188321e-01 6.34250402e-01 6.41027629e-01
    5.48083544e-01 5.76087117e-01 1.70329720e-01 7.05819130e-01
    1.08783275e-01 4.81719553e-01 8.86585712e-01 9.36770678e-01
    7.68828034e-01 7.26378262e-02 2.73685813e-01 4.62706923e-01
    6.85283899e-01 5.30835688e-02 5.91164827e-02 1.48776025e-01
    9.81997609e-01 3.96210849e-01 9.61075902e-01 3.07514668e-01
    8.48988652e-01 1.75278902e-01 3.57618868e-01 7.14875460e-01
    1.45361692e-01 7.27507412e-01 7.34205365e-01 4.48521376e-02
    8.56054425e-01 5.52108824e-01 6.51504457e-01 8.22988391e-01
    7.35876262e-01 1.57277584e-01 7.57251918e-01 8.38709831e-01
    7.69584894e-01 9.70253050e-02 2.29753971e-01 8.91563773e-01
    7.99938023e-01 4.73636359e-01 7.09120631e-02 4.92295921e-02
    6.62687302e-01 5.05480468e-01 4.93744612e-01 3.74133050e-01
    6.76951587e-01 4.03022379e-01 2.56282449e-01 4.80745852e-01
    9.71858561e-01 8.12789321e-01 1.11828208e-01 4.89821702e-01
    8.98497283e-01 1.85679495e-01 4.18169498e-02 3.62096906e-01
    8.68675232e-01 2.88386226e-01 4.53140259e-01 1.20731801e-01
    1.74520314e-01 1.09798342e-01 1.33993447e-01 1.55418128e-01
    7.65936732e-01 2.78597265e-01 7.26996183e-01 7.03372955e-01
    4.86539096e-01 5.19506693e-01 4.55030143e-01 3.68830621e-01
    5.81156254e-01 4.10106301e-01 3.97943318e-01 5.15228212e-02
    5.15647888e-01 3.31943750e-01 7.45740354e-01 1.10183954e-01
    5.07678330e-01 5.39821982e-02 7.21464932e-01 3.82642031e-01
    1.51085615e-01 6.89957142e-02 7.93599784e-02 2.96090901e-01
    4.55460399e-01 9.42202806e-01 8.66310835e-01 3.38312715e-01
    8.75479043e-01 4.14156914e-03 9.01151478e-01 4.90429103e-02
    4.84506011e-01 2.62628108e-01 8.16731155e-02 1.13427371e-01
    9.26564693e-01 6.59691453e-01 4.78368253e-01 9.50048149e-01
    6.97810769e-01 3.37111950e-02 1.68481082e-01 4.10350025e-01
    8.79098773e-01 5.07919192e-01 8.57140720e-01 7.20121145e-01
    9.67414260e-01 6.95462525e-01 7.64023185e-01 2.36876339e-01
    5.11743426e-01 2.04266518e-01 2.75266498e-01 9.81200337e-01
    3.09909761e-01 4.38088953e-01 3.06955338e-01 1.18329048e-01
    4.94524896e-01 3.95317703e-01 7.97507763e-01 2.16775030e-01
    6.78296447e-01 3.57628763e-01 8.82461190e-01 6.22694373e-01
    8.71233940e-01 3.89961869e-01 1.27371401e-01 4.27179664e-01
    2.16988266e-01 7.32273042e-01 9.92156446e-01 6.74541771e-01
    5.15912890e-01 4.55332607e-01 8.97979856e-01 4.53932554e-01
    1.83242559e-01 9.12815332e-03 7.93370903e-02 2.49245495e-01
    6.79623723e-01 6.31875575e-01 6.87198699e-01 9.82244849e-01
    8.03367138e-01 5.83445370e-01 4.09793854e-02 1.30287647e-01
    6.83888495e-01 5.22036552e-02 5.77470839e-01 4.71355438e-01
    2.68077791e-01 5.93648434e-01 5.21441996e-02 4.11157846e-01
    6.18960321e-01 7.36838341e-01 6.73300326e-02 5.66186070e-01
    2.43163943e-01 7.35804975e-01 2.19213456e-01 7.43283808e-01
    7.85832882e-01 3.96383554e-01 6.91433489e-01 1.65557623e-01
    9.77355242e-01 8.78720045e-01 2.94613421e-01 9.00204599e-01
    4.54934716e-01 6.55559838e-01 8.50817919e-01 9.62102056e-01
    9.16474819e-01 2.20160812e-01 8.12730193e-02 5.99951625e-01
    7.92004585e-01 7.24925041e-01 1.46648705e-01 6.34012699e-01
    1.69560134e-01 8.41420531e-01 2.68876404e-01 9.41887975e-01
    2.60572731e-01 4.52668816e-01 7.55132556e-01 3.70488107e-01
    5.14667809e-01 8.16545844e-01 7.85103381e-01 6.32002950e-02
    7.55147278e-01 3.92834961e-01 1.08171105e-02 1.15411371e-01
    4.86679822e-01 8.97655785e-02 4.09345239e-01 5.29504716e-01
    6.33191228e-01 1.82278752e-02 5.07908642e-01 8.01248431e-01
    3.97959530e-01 2.03330010e-01 8.58268976e-01 6.15044534e-01
    3.63138676e-01 8.20544481e-01 8.85542989e-01 3.92847478e-01
    4.09523427e-01 6.46114111e-01 8.33769441e-01 1.65786743e-01
    1.81416005e-01 3.92998934e-01 9.79783297e-01 1.37492150e-01
    9.48315501e-01 4.94230092e-01 3.63642603e-01 8.68263364e-01
    3.36897612e-01 9.10494208e-01 8.49417806e-01 9.17958021e-02
    9.82280374e-01 6.47140563e-01 8.74691606e-02 2.51784623e-02
    9.29285705e-01 2.30687648e-01 6.63546026e-02 5.04616499e-01
    7.89301991e-01 8.81554782e-02 3.92114490e-01 7.43826628e-01
    7.39843011e-01 6.24319911e-01 5.07088065e-01 8.83294463e-01
    8.94049585e-01 5.56538999e-01 7.52440631e-01 4.01597798e-01
    9.01233613e-01 2.99660057e-01 2.92728990e-01 8.19811106e-01
    1.92242146e-01 8.64356995e-01 2.43406743e-01 6.77351952e-02
    7.89445996e-01 9.39335823e-01 2.40563750e-01 6.09561443e-01
    4.57495898e-01 4.72913086e-02 9.30075049e-01 8.62742126e-01
    7.21350193e-01 2.27861792e-01 3.97794873e-01 1.21777117e-01
    6.44358993e-01 8.50112736e-01 4.47373033e-01 3.60376954e-01
    4.34279740e-01 2.94582009e-01 4.05365109e-01 9.67068732e-01
    5.38643301e-02 7.08484173e-01 9.71660972e-01 2.83066094e-01
    9.84358370e-01 2.93862224e-01 8.01984549e-01 2.27515727e-01
    4.87209648e-01 2.49867707e-01 9.43849921e-01 3.10347110e-01
    2.63206601e-01 4.35795814e-01 1.27523959e-01 8.52475166e-01
    6.20948255e-01 7.09581971e-01 8.43930602e-01 5.95094442e-01
    6.55780315e-01 2.95847952e-02 7.13135898e-01 2.32725918e-01
    2.01106995e-01 8.31188560e-02 8.95923853e-01 2.61842728e-01
    5.81352472e-01 2.75167763e-01 8.23843658e-01 7.22309351e-02
    6.57389760e-01 1.40659213e-02 6.29732728e-01 2.41572022e-01
    4.61163014e-01 9.13756967e-01 9.53944921e-01 4.53838706e-03
    4.39589739e-01 7.87381768e-01 1.83508009e-01 7.01435208e-02
    3.00199509e-01 8.01617742e-01 6.55731738e-01 2.19159216e-01
    1.26732886e-02 6.76483214e-01 1.93659097e-01 9.74325359e-01
    7.03549981e-01 6.56214714e-01 2.86073118e-01 8.92094493e-01
    2.88243711e-01 5.66964149e-02 8.77048492e-01 8.42044353e-01
    5.68877041e-01 9.78550851e-01 6.11109436e-01 5.38010657e-01
    7.26847053e-01 7.15843439e-01 8.50989223e-01 9.74852443e-02
    1.03828520e-01 3.56920063e-01 7.86866724e-01 8.54996264e-01
    7.49997079e-01 5.46048999e-01 9.33841705e-01 4.89285201e-01
    4.58894968e-01 2.93803185e-01 5.83469272e-01 7.76540160e-01
    2.03455180e-01 4.99309838e-01 6.18491292e-01 4.79407668e-01
    7.07396865e-01 2.60954797e-02 9.62459683e-01 8.91927838e-01
    6.70276940e-01 5.46586037e-01 2.90752620e-01 7.01246262e-01
    8.81039143e-01 2.32538283e-02 3.83052766e-01 3.26163828e-01
    1.45601690e-01 6.65741861e-01 9.78311300e-02 7.47530282e-01
    7.94741154e-01 9.99425113e-01 2.42908478e-01 3.74613434e-01
    6.74161196e-01 7.46714473e-01 8.36220086e-02 4.61867332e-01
    4.62873757e-01 9.14734840e-01 5.30747116e-01 5.04018903e-01
    9.37276483e-01 5.14359355e-01 1.38095915e-02 2.72200406e-01
    9.63429570e-01 2.23161966e-01 6.77465618e-01 7.25653827e-01
    3.20470631e-01 9.71338034e-01 1.15225643e-01 9.71887350e-01
    6.26242042e-01 4.04202402e-01 7.40463614e-01 2.01131582e-01
    1.96386188e-01 1.53102785e-01 6.72762811e-01 2.61824548e-01
    5.80821335e-02 5.32229245e-02 6.84429765e-01 2.03621805e-01
    7.70700693e-01 1.56268805e-01 2.62673140e-01 4.65534270e-01
    5.91048896e-02 2.36821055e-01 4.15492624e-01 8.71880174e-01
    6.98473394e-01 3.11109722e-01 7.66741514e-01 1.84576511e-02
    3.36923778e-01 9.68035579e-01 3.59372437e-01 3.23222071e-01
    2.80044615e-01 9.54490900e-03 2.77052820e-01 7.24523067e-01
    2.88598806e-01 3.65514636e-01 7.47128725e-01 8.46141756e-01
    2.75864094e-01 8.78381133e-01 8.56998086e-01 9.20734823e-01
    5.07740378e-01 3.25547636e-01 8.89766753e-01 6.38726354e-01
    6.22047246e-01 7.23544478e-01 1.07025862e-01 9.29717660e-01
    7.96098113e-01 1.17800951e-01 5.82531154e-01 7.64620543e-01
    6.86236978e-01 8.53426933e-01 3.39461565e-01 4.47372496e-01
    8.48056793e-01 4.15452123e-02 2.93838143e-01 9.76447225e-01
    6.82894289e-01 8.79130006e-01 5.52837729e-01 6.37683749e-01
    7.06064224e-01 7.76174486e-01 7.82013416e-01 4.78755176e-01
    1.53373539e-01 8.73836458e-01 9.92031097e-01 4.34356421e-01
    6.33261442e-01 4.54532772e-01 6.76231384e-02 5.56072056e-01
    6.08747721e-01 6.11865640e-01 8.47107649e-01 3.44918489e-01
    8.35992634e-01 3.18956554e-01 8.08657885e-01 8.30648839e-01
    3.26126873e-01 2.78547287e-01 4.42146420e-01 4.88736451e-01
    1.33755684e-01 5.85744202e-01 5.98025084e-01 6.96801841e-02
    6.47549033e-02 1.83629304e-01 1.84940398e-01 3.79459649e-01
    1.13446623e-01 7.09216237e-01 5.23999631e-02 6.02459431e-01
    7.40644634e-02 7.19585061e-01 9.75721180e-02 1.03571951e-01
    6.61890805e-01 3.61443758e-01 5.78813672e-01 5.17755508e-01
    8.79653811e-01 4.07043695e-01 9.18590784e-01 5.94973087e-01
    7.56550312e-01 1.58668011e-01 5.11606395e-01 8.86612833e-01
    3.53466958e-01 1.34282798e-01 6.02663398e-01 3.03576589e-01
    6.65274620e-01 2.42070436e-01 4.23265368e-01 8.63148808e-01
    8.79498959e-01 8.86898875e-01 3.10238600e-02 4.41330194e-01
    7.56945968e-01 3.67380381e-02 7.37155914e-01 4.37167346e-01
    4.95538771e-01 2.53663421e-01 8.06911707e-01 9.34915543e-01
    5.36092162e-01 4.71985519e-01 2.36090451e-01 9.19796348e-01
    6.08373523e-01 8.95609736e-01 4.39445496e-01 5.70585489e-01
    8.22974443e-02 5.85547805e-01 2.65134633e-01 1.27894580e-02
    8.77182841e-01 6.29183471e-01 8.25418591e-01 2.16661215e-01
    9.34629798e-01 2.47000605e-01 6.90630019e-01 4.25550044e-01
    7.87169516e-01 3.60431910e-01 1.45745575e-01 5.09544551e-01
    7.82989979e-01 8.87781143e-01 4.08769995e-01 8.50858092e-01
    2.79429168e-01 3.58645737e-01 3.13302130e-01 9.95819807e-01
    1.09111249e-01 2.11268038e-01 1.41966552e-01 2.03323364e-02
    2.19432145e-01 4.21917975e-01 6.65695548e-01 3.08496147e-01
    6.26593947e-01 3.19128513e-01 7.32612491e-01 2.24604309e-02
    5.80728054e-01 4.94131267e-01 8.58121812e-02 2.79050112e-01
    1.86300427e-01 6.53883815e-01 8.24217200e-01 4.83297169e-01
    1.86595231e-01 6.87805116e-01 5.31292856e-01 3.23412985e-01
    1.30453467e-01 9.48202491e-01 6.69669986e-01 7.86212087e-01
    7.40543365e-01 9.59201694e-01 7.60019124e-02 1.31838560e-01
    6.06155396e-03 1.83282346e-01 3.36327374e-01 6.20856822e-01
    3.82378578e-01 3.63507867e-03 7.34897733e-01 5.53138256e-01
    9.79952931e-01 9.49755609e-02 8.50733638e-01 6.67129576e-01
    4.88813460e-01 5.30754983e-01 7.13617682e-01 5.67909598e-01
    7.13272095e-02 3.12889695e-01 4.92417216e-02 6.20061934e-01
    7.64442086e-02 2.77419329e-01 4.61743921e-01 2.28985757e-01
    8.67500126e-01 4.45033550e-01 8.51365268e-01 6.67772830e-01
    8.86486650e-01 1.45497561e-01 5.83990753e-01 2.92635977e-01
    4.64383751e-01 8.13764334e-01 9.96980667e-01 1.25093192e-01
    7.55303741e-01 2.65811414e-01 6.05989516e-01 3.51355731e-01
    2.36007184e-01 5.14314473e-02 2.64727175e-01 1.99741811e-01
    5.46046913e-01 3.67343187e-01 8.38900089e-01 5.36559641e-01
    3.41288179e-01 7.83645034e-01 1.46796167e-01 4.17054743e-01
    1.55347586e-02 8.53979588e-01 2.71004617e-01 7.23005533e-01
    8.30993533e-01 5.03977716e-01 3.42707217e-01 4.26920593e-01
    3.31281036e-01 8.45580399e-01 5.66980243e-01 8.16542029e-01
    8.06749284e-01 7.26265252e-01 4.07197118e-01 1.15104318e-02
    2.60391831e-02 6.67686224e-01 6.78863645e-01 7.28526711e-01
    1.78680718e-01 1.31481588e-01 8.06480110e-01 8.17357540e-01
    5.83771884e-01 4.15422916e-02 2.38023937e-01 9.20607686e-01
    6.18710697e-01 2.93548614e-01 5.21798432e-01 7.67677844e-01
    5.75966597e-01 5.45003533e-01 2.57163852e-01 1.05811715e-01
    4.31188881e-01 7.61411309e-01 5.07697105e-01 1.03676349e-01
    2.55169630e-01 5.55157065e-01 5.62513351e-01 6.44002676e-01
    5.76867938e-01 1.88557476e-01 8.47186983e-01 4.93967921e-01
    5.99759817e-01 2.18391895e-01 1.13036513e-01 9.06388581e-01
    2.08829641e-02 4.88132358e-01 5.53748608e-01 6.72427058e-01
    1.60769343e-01 7.38437951e-01 2.64380574e-01 4.04455632e-01
    1.59565747e-01 4.11806464e-01 1.59702837e-01 9.39303994e-01
    4.36450541e-01 2.38571763e-02 3.91759664e-01 4.75796640e-01
    7.15402842e-01 7.36926258e-01 7.60170221e-02 2.58190572e-01
    8.01322699e-01 9.69076753e-01 7.61945248e-01 4.43003476e-02
    2.25738138e-01 3.08433175e-01 7.88345337e-01 2.95787275e-01
    9.32790756e-01 5.73365331e-01 4.24351692e-01 9.67284083e-01
    4.26088482e-01 9.75936532e-01 7.84695864e-01 2.49758601e-01
    9.61821795e-01 6.40824556e-01 8.47649455e-01 8.26926351e-01
    8.76689672e-01 7.91066825e-01 6.33658230e-01 2.25828439e-01
    9.09801424e-02 1.47878945e-01 9.77439880e-01 3.67776811e-01
    9.15801048e-01 6.53391123e-01 3.10161710e-01 5.66037595e-01
    3.93179029e-01 9.77023125e-01 8.62525582e-01 3.11554134e-01
    5.22695363e-01 5.03074408e-01 7.45236158e-01 1.18834257e-01
    1.62981153e-01 4.18210119e-01 1.19365543e-01 4.80383635e-01
    4.45868611e-01 2.38515288e-01 8.38572621e-01 6.86132312e-02
    7.76074529e-02 7.27976680e-01 2.46101737e-01 8.77219081e-01
    4.84755605e-01 3.26517522e-02 1.20054126e-01 9.26266193e-01
    6.28828526e-01 5.99425077e-01 7.02202320e-02 5.23194730e-01
    9.41710711e-01 7.00050652e-01 8.64833713e-01 5.00739813e-02
    6.43795192e-01 6.54255390e-01 8.04930568e-01 9.71930087e-01
    4.67099249e-01 1.36212707e-02 2.83210039e-01 5.05180955e-01
    6.69877291e-01 2.25186467e-01 9.95322108e-01 9.09194589e-01
    8.86910915e-01 8.88316154e-01 1.90077841e-01 5.40092885e-02
    3.87842655e-02 6.38158083e-01 4.31911975e-01 3.47146690e-02
    9.99809504e-02 2.34092176e-02 1.62076801e-01 6.90071821e-01
    8.30192566e-01 3.73783708e-02 7.07872510e-01 5.46315491e-01
    3.24465811e-01 3.81562471e-01 6.28150582e-01 1.46109909e-01
    6.77135110e-01 9.84225631e-01 2.62409419e-01 4.36749727e-01
    4.93801475e-01 7.14609027e-03 1.33273780e-01 7.98366964e-02
    9.72859859e-02 8.24606299e-01 5.80651045e-01 6.09967589e-01
    1.20941281e-01 3.52555335e-01 6.52000308e-02 9.66837525e-01
    1.70149118e-01 9.33205247e-01 4.81937528e-02 2.24753827e-01
    2.71613419e-01 6.05536401e-01 6.13579750e-02 9.02873516e-01
    5.11529207e-01 7.47870982e-01 5.36595285e-02 9.68190849e-01
    6.98607564e-01 5.82921565e-01 2.89777577e-01 2.28741199e-01
    2.64093399e-01 7.05981255e-02 8.01523745e-01 1.11465663e-01
    9.96395767e-01 3.65421891e-01 8.86951268e-01 1.13375008e-01
    8.84333849e-01 6.74289644e-01 9.81115222e-01 6.04153693e-01
    4.44639832e-01 2.22418636e-01 8.97841275e-01 6.34702563e-01
    3.14489335e-01 5.74040413e-01 5.02784491e-01 5.62930763e-01
    5.37840009e-01 9.36519742e-01 9.72881913e-03 6.54505253e-01
    7.57742941e-01 5.15886068e-01 4.78508651e-01 7.08313406e-01
    9.00362432e-01 2.71794736e-01 1.10931426e-01 8.97236645e-01
    8.51429701e-01 2.24831402e-01 1.28695369e-01 2.54261971e-01
    4.47341323e-01 3.59556168e-01 9.28903520e-02 7.34160006e-01
    6.11736596e-01 8.15125465e-01 7.85999775e-01 1.54948235e-03
    6.97736025e-01 1.92681193e-01 6.64725065e-01 8.22401106e-01
    9.45550859e-01 8.92932296e-01 1.42691672e-01 6.15406156e-01
    7.39150226e-01 8.58476162e-01 7.77882576e-01 5.74272335e-01
    3.21834803e-01 9.98324633e-01 5.87611258e-01 7.77766109e-01
    6.55435026e-02 7.48547256e-01 3.40134084e-01 2.82478154e-01
    3.02068889e-01 8.52052152e-01 8.98484826e-01 4.24109161e-01
    7.49003589e-01 8.95216942e-01 5.26646972e-01 5.01882076e-01
    7.48837650e-01 9.40568924e-01 1.06967032e-01 6.64555728e-01
    2.37015098e-01 2.94559121e-01 7.71041512e-01 6.60647273e-01
    1.36110872e-01 6.42025769e-01 4.87407476e-01 3.61191720e-01
    1.69084549e-01 8.15705180e-01 8.60806465e-01 7.28012502e-01
    3.28304112e-01 8.74252021e-01 4.65491891e-01 2.70586133e-01
    6.98499680e-01 9.49426055e-01 8.42612147e-01 4.76052284e-01
    7.66240835e-01 6.91033661e-01 1.35191858e-01 8.52522135e-01
    5.27114272e-01 1.65256560e-02 9.66638207e-01 1.07669532e-01
    7.80937850e-01 5.27002692e-01 8.57910752e-01 3.62148702e-01
    7.10333288e-02 6.61803246e-01 9.33309436e-01 6.65628016e-02
    1.91906691e-01 3.69571596e-01 7.91199088e-01 8.81480634e-01
    5.99014163e-02 3.59058380e-01 5.42816043e-01 3.97472262e-01
    7.49171138e-01 9.79130566e-01 2.94672549e-01 2.59642988e-01
    9.82279420e-01 5.75012445e-01 2.71165669e-01 4.20539260e-01
    5.16804099e-01 9.10612226e-01 7.07671762e-01 9.15156901e-01
    3.29439014e-01 1.22509867e-01 3.59646380e-01 1.25366747e-02
    7.56375492e-01 1.88810408e-01 6.73034728e-01 4.16064620e-01
    1.00159883e-01 3.09642971e-01 6.04724824e-01 2.52771169e-01
    3.29684705e-01 4.10681486e-01 8.84364843e-02 4.19138253e-01
    9.31972504e-01 9.03112650e-01 5.92150271e-01 6.93832636e-01
    3.68442655e-01 8.51177871e-01 3.06520164e-01 7.23432064e-01
    5.78496575e-01 8.53291988e-01 3.22226226e-01 4.42789346e-01
    9.28383827e-01 4.00793374e-01 6.98053360e-01 4.96899664e-01
    9.51138139e-02 5.81564248e-01 7.29462326e-01 2.24006385e-01
    4.20885324e-01 8.53526890e-01 2.85390943e-01 3.05827141e-01
    8.49213719e-01 2.81408668e-01 8.36124063e-01 7.11512923e-01
    1.29963398e-01 7.27161765e-01 9.51594234e-01 1.98650062e-02
    8.09218764e-01 7.81901836e-01 9.62683678e-01 4.33815271e-01
    9.33093548e-01 2.34274507e-01 9.53169286e-01 1.59385800e-02
    4.89187837e-02 7.17548311e-01 4.98335510e-01 4.91690695e-01
    8.15232515e-01 4.26670492e-01 4.74997580e-01 2.39693820e-02
    2.42660254e-01 6.42544806e-01 9.76370096e-01 8.03247333e-01
    1.08942091e-02 4.84919786e-01 3.72522712e-01 7.64300942e-01
    8.26095283e-01 2.55453825e-01 2.05458701e-02 3.14376235e-01
    8.44563067e-01 8.20697725e-01 7.63727605e-01 3.05598617e-01
    1.15420222e-01 1.79146290e-01 2.76504487e-01 1.96512729e-01
    3.14827621e-01 6.74703658e-01 1.11921251e-01 8.36987019e-01
    4.60035235e-01 4.67395753e-01 7.11989045e-01 8.87140214e-01
    8.12099636e-01 7.75957584e-01 2.73657113e-01 4.99645710e-01
    5.46207488e-01 5.26250720e-01 6.01101875e-01 4.14631426e-01
    3.40046823e-01 2.84642667e-01 1.63171917e-01 9.18896079e-01
    1.36881202e-01 4.23561454e-01 7.07195938e-01 3.26550126e-01
    4.30644780e-01 8.63609791e-01 6.84437752e-01 1.69869035e-01
    1.64289176e-01 5.82641006e-01 2.25189328e-02 4.88519490e-01
    6.27791286e-01 5.61953783e-01 8.96187007e-01 2.69503355e-01
    3.21527719e-02 6.01153553e-01 9.11161900e-01 4.13108766e-01
    8.71345520e-01 4.33345944e-01 8.69239211e-01 7.08471477e-01
    9.29634333e-01 5.29079914e-01 2.43147641e-01 7.37601876e-01
    4.02719051e-01 1.92857713e-01 5.39618134e-01 1.59954727e-01
    7.15712965e-01 8.70033979e-01 9.15642619e-01 2.80319333e-01
    4.88479465e-01 8.53312254e-01 8.81543756e-01 4.25309062e-01
    2.36530930e-01 8.27982903e-01 9.05080795e-01 3.44055653e-01
    7.75274038e-02 7.36647844e-03 6.13697231e-01 3.71852934e-01
    2.76289582e-01 7.73948431e-03 1.37289643e-01 1.07655227e-02
    3.52191269e-01 8.90055299e-01 5.65138042e-01 2.19154507e-01
    6.37243629e-01 7.62584329e-01 5.74581683e-01 5.26852489e-01
    3.30563188e-01 2.13568419e-01 7.85502076e-01 1.36005878e-02
    9.73871946e-01 3.59356552e-01 1.92079872e-01 5.85871041e-01
    4.06537056e-01 2.62033820e-01 9.57254410e-01 8.70542407e-01
    8.56169522e-01 8.08423996e-01 4.48881805e-01 7.63430238e-01
    2.81808257e-01 2.42389619e-01 7.02124476e-01 7.43552089e-01
    7.23404884e-01 3.95921618e-01 1.77600741e-01 6.98832631e-01
    6.19875371e-01 6.39582753e-01 4.29668337e-01 9.03275013e-01
    1.89312309e-01 9.84415054e-01 9.98973250e-02 5.84865332e-01
    5.19215465e-02 1.72129512e-01 6.62434161e-01 8.66674066e-01
    9.13785696e-01 3.34718794e-01 6.05689466e-01 4.29018617e-01
    4.89080995e-01 1.60605669e-01 8.49386632e-01 1.79648101e-02
    4.26510692e-01 5.71466804e-01 2.78583020e-01 8.82833302e-02
    5.86222708e-01 5.13816476e-02 1.85297668e-01 6.38981998e-01
    9.46226358e-01 6.07498288e-01 7.27190495e-01 9.37951565e-01
    6.78656876e-01 5.04557610e-01 4.76810306e-01 7.78539777e-01
    9.04180646e-01 5.43955147e-01 2.07422942e-01 5.37659943e-01
    2.16452688e-01 4.09611166e-01 3.11629117e-01 9.93835151e-01
    6.61489189e-01 8.90764594e-01 8.17740917e-01 8.69641364e-01
    1.59796476e-01 3.70008409e-01 9.99277234e-01 1.28104776e-01
    5.48879147e-01 8.32565427e-01 7.51336396e-01 5.44697046e-02
    6.32234395e-01 2.82694101e-02 7.81497240e-01 4.05646890e-01
    5.04520357e-01 6.05773926e-03 6.13539815e-02 3.69958192e-01
    2.96631873e-01 2.71140873e-01 9.92837667e-01 5.56102812e-01
    8.13861310e-01 8.79972219e-01 6.99400663e-01 8.23554993e-01
    6.34258032e-01 4.51865345e-01 4.93406117e-01 7.79862404e-01
    6.37198746e-01 7.37973869e-01 2.69127786e-01 8.41637969e-01
    7.92481899e-02 6.62221372e-01 6.13561034e-01 5.63307822e-01
    9.95613575e-01 9.95746255e-01 2.50504464e-01 2.67729342e-01
    6.08975947e-01 6.84215307e-01 2.85171568e-01 4.68839139e-01
    4.85719293e-01 5.24789095e-03 5.61901867e-01 6.87132597e-01
    4.07324106e-01 3.46532732e-01 9.29428577e-01 2.91005343e-01
    1.29531324e-01 8.85230541e-01 3.54236215e-01 3.59910011e-01
    7.87687361e-01 1.24664307e-01 2.75543630e-01 5.05356729e-01
    2.13549614e-01 8.37639093e-01 2.38455981e-01 4.88144338e-01
    7.75593460e-01 7.04835176e-01 3.21781397e-01 2.72219628e-01
    2.37143546e-01 4.85642552e-02 8.72884393e-01 5.96782446e-01
    1.58659220e-01 1.06821567e-01 7.16585040e-01 6.47233129e-01
    4.22901332e-01 2.18687266e-01 6.14165068e-01 3.00031036e-01
    6.23806238e-01 9.78617370e-02 9.12580252e-01 9.32832897e-01
    8.30507874e-01 7.43672371e-01 9.27665830e-02 4.40124393e-01
    4.15664315e-02 5.29483914e-01 6.20822072e-01 5.21489799e-01
    4.38764185e-01 8.66377354e-01 6.04560077e-01 9.58277702e-01
    8.80942643e-02 5.37550271e-01 5.94441295e-01 4.36569542e-01
    9.11621571e-01 1.18789941e-01 4.42015231e-01 3.83565754e-01
    6.83151841e-01 8.40532303e-01 7.34978616e-02 2.48590618e-01
    6.92439973e-01 2.02833563e-01 1.45564348e-01 3.00503910e-01
    2.11620033e-01 7.41663277e-02 4.18909490e-02 4.73161578e-01
    5.51934659e-01 2.93970823e-01 7.91449308e-01 2.22198784e-01
    1.86828703e-01 7.87122846e-01 2.54918993e-01 4.96605217e-01
    2.55271435e-01 7.57292092e-01 2.74393082e-01 2.38107055e-01
    4.63818729e-01 1.95933640e-01 9.52322006e-01 5.95139265e-02
    4.73320812e-01 4.09752399e-01 7.76161194e-01 1.57636046e-01
    4.39677179e-01 8.70836258e-01 4.47457135e-02 1.16797388e-02
    3.29580963e-01 5.22607446e-01 3.32845211e-01 4.06862766e-01
    9.02593911e-01 6.93064928e-01 9.62332189e-02 6.82700872e-02
    4.40380424e-01 4.85148370e-01 5.97646177e-01 8.88798654e-01
    1.52646273e-01 2.72839665e-02 6.65530264e-01 1.96778268e-01
    1.66541040e-01 8.51144016e-01 9.25353765e-01 5.48050702e-01
    4.81364489e-01 2.42682397e-02 4.37306762e-01 9.80534554e-01
    7.48518109e-01 6.29773676e-01 9.41938281e-01 5.27231276e-01
    7.58106351e-01 1.57737017e-01 5.31203210e-01 1.69933200e-01
    2.58277476e-01 6.86452448e-01 8.46042871e-01 1.36222839e-01
    3.40744436e-01 8.02827954e-01 2.17695832e-01 7.77824640e-01
    8.29298913e-01 6.60084903e-01 6.74351335e-01 8.82047534e-01
    8.83135557e-01 1.40143096e-01 9.96619701e-01 7.98506200e-01
    3.49763632e-02 7.46774375e-01 3.95655632e-03 7.56287456e-01
    3.49495232e-01 1.55147344e-01 1.37169659e-01 9.05941486e-01
    8.81233096e-01 6.85380042e-01 6.94999874e-01 9.15896535e-01
    2.12572992e-01 2.56655335e-01 2.21215904e-01 8.44034553e-01
    7.90493190e-01 3.48969698e-01 8.45354438e-01 7.02394843e-01
    6.80294633e-03 4.18850422e-01 3.79741192e-01 9.31945860e-01
    7.60194004e-01 2.79532611e-01 3.22256684e-01 2.32181638e-01
    6.34951591e-01 8.89323413e-01 7.68497705e-01 6.78773701e-01
    6.48640275e-01 9.01502669e-01 3.50505471e-01 5.28577387e-01
    8.86499166e-01 2.45815635e-01 6.48234546e-01 7.34494448e-01
    3.41933072e-01 3.00910771e-01 3.69173110e-01 2.92974234e-01
    1.73995525e-01 1.17769033e-01 4.17090982e-01 7.72800565e-01
    7.34504282e-01 4.16620374e-02 4.26551700e-03 4.76774871e-02
    8.45612407e-01 6.75116181e-01 1.49857014e-01 3.85271817e-01
    5.65169036e-01 1.83415204e-01 3.05448413e-01 1.95158124e-01
    8.76754224e-01 8.23140264e-01 4.58750099e-01 2.68587649e-01
    7.45051503e-01 4.82827276e-01 1.16744012e-01 2.29340404e-01
    5.10619104e-01 7.77899504e-01 3.74395192e-01 7.12244213e-02
    1.31139070e-01 5.29872179e-02 3.87452602e-01 4.16439950e-01
    2.26485431e-02 8.05583835e-01 8.99235308e-01 5.18935084e-01
    9.62213218e-01 1.92200541e-01 2.65028775e-01 3.68122995e-01
    8.29414666e-01 9.00990486e-01 4.96276915e-01 3.14551175e-01
    8.75717163e-01 4.65767354e-01 9.31655169e-02 7.83014297e-01
    9.94033456e-01 5.03306448e-01 1.28434002e-01 2.91334867e-01
    5.71552813e-02 7.04152405e-01 9.77769256e-01 1.88303292e-02
    9.32538629e-01 1.47100270e-01 4.77247685e-01 9.62136984e-01
    9.52219844e-01 1.66675806e-01 7.83266366e-01 2.18337983e-01
    1.49261683e-01 1.95031315e-01 7.94317782e-01 8.44042540e-01
    5.01700878e-01 9.43848133e-01 4.22349870e-02 4.60753262e-01
    6.83251143e-01 1.55382156e-01 5.04902899e-01 9.85564232e-01
    6.84588313e-01 8.00843954e-01 1.96182549e-01 3.06426942e-01
    8.05157602e-01 6.81180358e-02 3.06538999e-01 2.55580246e-02
    3.43720078e-01 6.03691518e-01 3.55888009e-01 2.62145042e-01
    5.14379084e-01 5.55289984e-01 6.44639730e-02 1.26979917e-01
    9.33637261e-01 4.04196441e-01 9.14659858e-01 7.41865575e-01
    2.22870767e-01 2.11840302e-01 5.19836843e-02 6.36417866e-01
    3.38501096e-01 9.98067379e-01 9.70353901e-01 4.78920937e-02
    1.60990924e-01 7.26076365e-01 9.32448506e-02 3.87006521e-01
    6.20170593e-01 2.99970031e-01 2.05279171e-01 5.43834925e-01
    9.60391104e-01 9.63481307e-01 6.01646900e-01 1.19461030e-01
    4.11601782e-01 5.12248039e-01 9.31790709e-01 5.84272981e-01
    3.44837189e-01 4.25319999e-01 8.19813550e-01 5.36526263e-01
    4.54690337e-01 5.47828197e-01 7.45898187e-01 4.62005913e-01
    2.72501022e-01 2.25318551e-01 6.66645825e-01 6.52875245e-01
    4.42581445e-01 6.00894451e-01 9.15049016e-02 6.08741403e-01
    6.74313784e-01 4.78404462e-01 3.23011220e-01 3.59910429e-02
    1.48561329e-01 6.91472411e-01 3.07787299e-01 6.76419377e-01
    6.28028154e-01 7.61256695e-01 9.28104281e-01 7.55926669e-02
    1.65780693e-01 1.01312697e-02 5.23190558e-01 5.82712173e-01
    2.54479349e-01 6.30375683e-01 8.16773295e-01 4.54362452e-01
    7.42666245e-01 9.56174135e-02 1.67358160e-01 7.46904314e-01
    8.17636013e-01 6.10950708e-01 2.25930423e-01 8.72471333e-01
    9.57878113e-01 9.80240226e-01 8.53215158e-01 6.41854405e-01
    7.43812859e-01 9.39358234e-01 3.52338433e-01 4.91250455e-01
    5.28262377e-01 9.73154783e-01 1.29054129e-01 7.98740029e-01
    5.78248143e-01 9.05171633e-02 6.73629284e-01 9.34016109e-01
    9.59729433e-01 8.59478474e-01 5.05581260e-01 5.37991643e-01
    5.49017668e-01 2.09739268e-01 8.42961729e-01 6.26777589e-01
    7.30389059e-02 6.63430691e-01 9.61202502e-01 6.66629851e-01
    3.13842893e-01 7.20815659e-01 8.06847692e-01 1.60030812e-01
    7.99659252e-01 2.61587620e-01 9.81678069e-01 3.07362139e-01
    2.77473509e-01 7.30303943e-01 5.37209213e-01 3.62356722e-01
    3.87903631e-01 3.12937081e-01 6.26806378e-01 8.18484962e-01
    6.46830261e-01 2.32294261e-01 8.29562545e-01 3.49741280e-01
    2.20376074e-01 8.16266954e-01 2.56243587e-01 9.56510127e-01
    2.96263695e-01 2.91202486e-01 1.68141574e-01 3.02824318e-01
    1.30784988e-01 1.66289091e-01 9.50981140e-01 6.62048459e-02
    3.63900661e-02 6.41056061e-01 4.11679029e-01 7.62669921e-01
    2.23414123e-01 7.62279749e-01 8.40425491e-05 2.10450172e-01
    5.83927691e-01 6.03550434e-01 2.62932897e-01 2.04643667e-01
    2.71892846e-01 8.35680068e-02 1.55849934e-01 7.34813690e-01
    9.41134810e-01 5.20470142e-01 5.47261715e-01 1.74404263e-01
    3.45694214e-01 6.69443309e-01 4.37128425e-01 6.80596948e-01
    7.44515657e-03 9.46211040e-01 6.06211364e-01 3.51901352e-01
    2.68995762e-01 4.77834314e-01 7.36540854e-01 3.75686109e-01
    9.93253946e-01 6.31744862e-01 8.42894435e-01 8.50051284e-01
    7.81799555e-01 8.42951715e-01 9.16990697e-01 6.39072657e-01
    8.06002021e-01 5.40685356e-01 2.99342275e-02 6.38414323e-02
    1.42067313e-01 8.45906138e-01 8.79082918e-01 5.26281178e-01
    5.43554306e-01 6.36347234e-02 8.86880994e-01 3.75657260e-01
    8.12377393e-01 6.95146918e-01 9.72683609e-01 6.71471357e-02
    4.14062589e-01 2.89459646e-01 9.49101269e-01 6.66450560e-01
    7.78915048e-01 8.84474754e-01 3.48976851e-01 7.08983660e-01
    8.83289516e-01 9.00676906e-01 1.67331457e-01 5.34657240e-02
    6.21847749e-01 6.01210833e-01 6.75637603e-01 5.05523145e-01
    8.81639063e-01 1.89421743e-01 3.84455383e-01 8.54818344e-01
    2.25993782e-01 8.60126734e-01 7.67844319e-02 5.35865366e-01
    8.95953298e-01 2.60662317e-01 5.86000741e-01 4.11527276e-01
    6.40816510e-01 9.51921463e-01 2.28168815e-01 1.84642822e-01
    8.00614893e-01 6.22404993e-01 8.52120042e-01 1.78615153e-02
    5.73352933e-01 6.73906028e-01 9.74193931e-01 4.72180605e-01
    6.76967502e-01 6.97785616e-03 9.62019205e-01 3.78188431e-01
    4.31303382e-02 5.53820491e-01 3.08067650e-01 8.12560320e-04
    5.75265884e-01 3.81337941e-01 4.78562444e-01 4.67284292e-01
    3.76893431e-01 4.58604723e-01 5.93563378e-01 9.34897542e-01
    6.53088689e-02 5.06798983e-01 1.22011751e-01 4.47679281e-01
    6.05710864e-01 2.77327240e-01 6.19166791e-02 2.58969665e-02
    8.99498343e-01 7.14116693e-01 4.44961399e-01 6.73319399e-01
    3.15289736e-01 7.26857722e-01 5.51282227e-01 8.64351928e-01
    2.73942471e-01 6.32080913e-01 1.38825804e-01 1.45227313e-02
    1.34726524e-01 5.07920563e-01 3.71975541e-01 2.25254178e-01
    7.44088650e-01 9.58618641e-01 2.16301233e-01 1.69746101e-01
    4.49713349e-01 5.09923398e-01 9.43762541e-01 9.45419073e-04
    8.62253070e-01 9.49064732e-01 1.66840971e-01 5.61125159e-01
    6.35960996e-01 4.26686883e-01 9.68561471e-01 6.36980236e-02
    9.82278824e-01 8.73091817e-02 6.27024651e-01 8.74833941e-01
    7.86001086e-01 9.07781422e-01 4.33104694e-01 8.74217272e-01
    3.37302387e-02 2.67087817e-02 4.34837013e-01 1.06399000e-01
    7.41741419e-01 7.66786695e-01 5.87117076e-02 7.79500127e-01
    7.26257801e-01 2.52462566e-01 2.59509861e-01 9.74885702e-01
    8.91362786e-01 5.81436753e-02 9.20812607e-01 1.01156414e-01
    4.45301652e-01 9.87448215e-01 9.51506138e-01 6.71955347e-02
    4.78373915e-01 8.95962954e-01 2.01795638e-01 3.68346572e-01
    8.14182460e-02 3.05027246e-01 3.08247268e-01 9.94835496e-02
    9.35035348e-01 1.40389144e-01 3.72895539e-01 1.07082963e-01
    7.05064416e-01 1.75530344e-01 7.08652198e-01 7.82542944e-01
    9.87054408e-01 2.04448551e-01 6.19590282e-01 8.98570895e-01
    9.52905416e-01 4.53703105e-01 5.35429478e-01 3.40636492e-01
    6.84499860e-01 8.19857180e-01 3.35517168e-01 6.64312661e-01
    1.47547692e-01 2.58166939e-01 5.74186921e-01 6.98448837e-01
    9.76899147e-01 4.45052803e-01 7.50823021e-01 3.31667066e-01
    2.59097874e-01 1.23644322e-01 1.39120966e-01 6.61943316e-01
    3.84477496e-01 4.44346905e-01 6.11034036e-01 1.92042381e-01
    8.50676298e-02 1.51141316e-01 5.01052141e-01 6.71921074e-01
    8.29720855e-01 9.88882542e-01 8.71218681e-01 8.50060225e-01
    5.60341716e-01 8.09765816e-01 1.56165898e-01 5.36700428e-01
    1.91719741e-01 5.15323699e-01 3.21860731e-01 9.52149391e-01
    3.30292940e-01 9.54786658e-01 7.22399116e-01 4.27051187e-01
    2.03291357e-01 5.55585802e-01 2.93801069e-01 4.92243767e-01
    9.91958976e-01 6.75625563e-01 4.17332411e-01 3.28527510e-01
    2.02049255e-01 1.35631144e-01 7.11470842e-01 5.55403650e-01
    6.19286716e-01 5.48863292e-01 9.02865231e-01 8.04768801e-01
    1.24956071e-01 9.85306382e-01 7.24825323e-01 6.13734424e-02
    1.52911097e-01 6.99177206e-01 3.91247749e-01 4.26003695e-01
    7.15422988e-01 7.39174128e-01 4.87317950e-01 4.92841214e-01
    9.26862836e-01 9.47501063e-02 2.08193660e-02 5.96754193e-01
    6.38341308e-02 7.23507583e-01 3.58808488e-01 4.33612913e-01
    6.68079615e-01 4.49236155e-01 7.88270235e-01 1.74852520e-01
    3.89056623e-01 9.81269717e-01 4.54076976e-01 7.57936954e-01
    6.98315620e-01 3.36029649e-01 6.68601632e-01 4.26663220e-01
    5.87356091e-03 6.74529612e-01 8.96670341e-01 9.05180573e-01
    2.03536481e-01 5.67204535e-01 7.78679073e-01 9.16520715e-01
    7.88296819e-01 9.72959876e-01 2.64075398e-01 4.92019653e-02
    2.69467354e-01 9.91863608e-01 6.23424649e-01 1.19896948e-01
    9.88812149e-01 6.44968867e-01 5.16012549e-01 1.80564165e-01
    2.08043993e-01 5.29177547e-01 2.74428934e-01 1.33652210e-01
    7.16066360e-01 5.01363873e-01 7.71756053e-01 4.80631053e-01
    7.65586257e-01 4.97067511e-01 1.14026248e-01 2.92359114e-01
    4.60291982e-01 9.82177138e-01 8.48512650e-01 4.86533731e-01
    7.37861991e-01 8.24749231e-01 4.41726565e-01 9.48246121e-01
    6.97534144e-01 1.71864361e-01 7.27623284e-01 8.01131725e-01
    7.66874909e-01 8.78488302e-01 1.33192569e-01 2.29915172e-01
    4.53135610e-01 5.69815099e-01 5.60458601e-01 8.49083543e-01
    3.99696529e-01 3.75596106e-01 8.45012546e-01 2.22530991e-01
    2.34543085e-02 6.53302550e-01 4.69448268e-02 4.26337123e-03
    8.66476417e-01 6.40609264e-02 3.31131518e-02 4.82040107e-01
    4.92612869e-01 9.52775359e-01 7.22097695e-01 3.76299560e-01
    4.52026784e-01 7.29896247e-01 8.78401101e-02 6.51643753e-01
    1.43377006e-01 4.94739413e-01 4.29417014e-01 4.02699620e-01
    8.32703710e-02 3.82772297e-01 8.53232026e-01 2.25533307e-01
    5.01229882e-01 1.92249924e-01 7.75687337e-01 3.36493015e-01
    8.96514654e-01 1.31362170e-01 5.16206861e-01 3.24935555e-01
    9.70034122e-01 1.75530016e-01 4.53024417e-01 3.07852387e-01
    1.04363948e-01 5.23114800e-01 8.50387216e-01 5.80952466e-01
    4.98733103e-01 1.89187080e-01 8.89565170e-01 8.05007339e-01
    9.36952829e-01 8.24070752e-01 9.09203112e-01 5.87272406e-01
    8.43795538e-01 8.59880805e-01 1.78250402e-01 6.84810281e-02
    7.93221354e-01 1.45764023e-01 2.59469181e-01 2.14807421e-01
    4.57218587e-02 5.53462088e-01 8.54927599e-01 2.84075230e-01
    6.95064962e-02 1.19645447e-01 7.42411256e-01 7.86197305e-01
    6.51987314e-01 3.48721713e-01 9.50036347e-02 7.40093589e-01
    8.01284730e-01 4.42149132e-01 8.97608519e-01 6.80512309e-01
    8.30656409e-01 7.03161359e-02 8.39650631e-01 8.21055293e-01
    3.24856222e-01 6.13260448e-01 9.25704718e-01 3.37210655e-01
    5.09277403e-01 2.63096333e-01 9.54526544e-01 8.31945181e-01
    9.93384361e-01 1.95910990e-01 4.04910862e-01 5.98722160e-01
    6.37073517e-01 9.22329545e-01 3.59689683e-01 3.69647741e-01
    2.38962620e-01 9.49750423e-01 2.25274920e-01 8.04005861e-01
    6.38457894e-01 6.87505901e-01 7.17993021e-01 2.28363127e-01
    2.72454917e-01 5.04589140e-01 3.39149356e-01 1.51614398e-01
    1.40137762e-01 8.24446499e-01 7.65679359e-01 3.20222437e-01
    6.78241014e-01 3.08459640e-01 1.93365157e-01 4.91654694e-01
    6.92884982e-01 5.10788441e-01 1.85251683e-01 8.14315081e-01
    1.45953894e-01 2.06572831e-01 6.85213566e-01 9.04726624e-01
    3.30917835e-02 8.35699201e-01 2.37017691e-01 9.58790779e-01
    8.99244308e-01 2.69052386e-02 1.97744817e-01 7.08718836e-01
    7.77183056e-01 5.04880905e-01 3.40762585e-01 7.36395299e-01
    1.39867336e-01 2.20434517e-01 7.23864317e-01 9.26105380e-02
    2.20061868e-01 5.29991090e-01 8.91962051e-02 8.72462749e-01
    1.35879755e-01 1.21896237e-01 7.75326252e-01 5.46590805e-01
    6.57263398e-01 6.43716633e-01 9.90560412e-01 4.58612144e-02
    9.63203788e-01 3.20998788e-01 7.72386372e-01 6.26914501e-02
    1.81481600e-01 9.93602633e-01 4.76895899e-01 3.90215307e-01
    2.58463264e-01 7.46644557e-01 5.11764586e-01 8.70905638e-01
    2.06367373e-01 4.69266474e-01 9.75832105e-01 8.10685992e-01
    9.33127761e-01 4.18816060e-01 9.27427590e-01 5.32259464e-01
    5.40888309e-01 6.20467961e-01 5.39056361e-01 9.58375216e-01
    7.72520304e-01 2.59101391e-01 7.95111060e-01 1.02309495e-01
    8.19521546e-01 7.51658440e-01 7.94226527e-01 3.64515036e-01
    8.05196762e-02 5.33980012e-01 1.77432328e-01 7.21287131e-02
    9.64077473e-01 3.43049407e-01 6.45743132e-01 7.95794606e-01
    5.20459473e-01 7.52590895e-01 6.10349000e-01 6.18333101e-01
    5.94918013e-01 9.23330188e-01 5.64556777e-01 8.21106911e-01
    2.50769556e-02 3.91405076e-01 7.78531551e-01 4.68843967e-01
    3.83534700e-01 8.28111887e-01 6.52800083e-01 7.62304068e-01
    6.84226871e-01 3.75700235e-01 9.57344055e-01 1.38376951e-01
    9.83668506e-01 2.82827914e-01 1.44601882e-01 3.89532089e-01
    3.70631069e-01 1.00547820e-01 4.98343945e-01 8.09014082e-01
    3.29823822e-01 2.24132180e-01 5.72679460e-01 3.64443004e-01
    4.82330412e-01 1.37290329e-01 5.31756818e-01 6.03539169e-01
    5.65081596e-01 3.10669243e-01 6.83271766e-01 7.44398236e-01
    8.61311555e-01 5.27566195e-01 8.22815537e-01 4.09207493e-01
    9.05483544e-01 1.87750667e-01 4.95516479e-01 7.41320968e-01
    2.45496333e-02 1.16960973e-01 6.13443434e-01 8.13457012e-01
    9.74177718e-01 5.91397643e-01 4.21904922e-02 8.89528036e-01
    8.89760852e-01 8.24150205e-01 8.58291030e-01 9.21750426e-01
    6.00091040e-01 4.82500702e-01 6.81674421e-01 3.44202310e-01
    6.39999449e-01 3.83980572e-01 8.10025215e-01 1.68679357e-02
    4.44942981e-01 3.30088735e-02 6.01759851e-02 2.49020696e-01
    5.75314999e-01 9.78293359e-01 3.88525516e-01 4.48049843e-01
    7.34823942e-02 6.17775321e-03 2.88820267e-01 8.58489811e-01
    8.58359039e-01 6.80956900e-01 4.34440076e-01 9.65640783e-01
    3.34354728e-01 2.23607510e-01 3.99087667e-01 7.27929831e-01
    3.32683891e-01 5.25027752e-01 5.79103231e-01 4.23519254e-01
    8.61993015e-01 6.94313109e-01 7.26495683e-01 9.64259744e-01
    9.36890841e-02 2.60720015e-01 3.69843096e-01 3.04873109e-01
    3.73011529e-01 6.80555284e-01 2.07851917e-01 4.09184188e-01
    4.65318173e-01 9.62948442e-01 4.19656932e-02 8.61271381e-01
    8.57962072e-02 4.57970202e-01 4.01663482e-01 1.72189683e-01
    5.66457629e-01 1.28910422e-01 4.27449733e-01 3.89795333e-01
    7.37336874e-01 5.07542551e-01 1.92735493e-01 9.25280690e-01
    5.56536019e-01 8.54716063e-01 9.90605235e-01 3.26270878e-01
    9.48082447e-01 5.42542219e-01 3.79260391e-01 1.73062742e-01
    9.14515734e-01 7.19410360e-01 3.36737037e-02 6.58550262e-01
    4.24079716e-01 5.33260167e-01 7.93071389e-01 1.10905170e-01
    9.98293579e-01 4.71032560e-02 7.76970804e-01 1.74970478e-01
    9.65703964e-01 5.99897504e-01 5.54469407e-01 6.43242896e-02
    8.94228756e-01 9.72717285e-01 5.79629540e-01 9.34954107e-01
    9.11117792e-01 7.23109007e-01 3.26229811e-01 7.87372828e-01
    1.75766200e-01 7.61266649e-02 9.41764712e-01 6.01963043e-01
    1.46627426e-03 2.27468878e-01 1.53995514e-01 3.28083932e-01
    2.71864414e-01 6.40123725e-01 1.77847058e-01 6.47687018e-01
    9.55381989e-01 2.24372238e-01 1.59545243e-02 6.10449016e-02
    5.75417221e-01 8.62486124e-01 3.03772062e-01 2.72283852e-02
    5.24768829e-01 8.09391618e-01 6.53685689e-01 7.50254095e-01
    1.43244296e-01 2.08393693e-01 3.42070460e-01 3.68774831e-01
    5.61287165e-01 9.72823858e-01 2.49666274e-01 5.73209643e-01
    7.72808790e-01 8.73015940e-01 1.55595809e-01 3.81671965e-01
    7.09061444e-01 6.43795609e-01 8.71100724e-01 6.53938115e-01
    9.33937192e-01 7.73696601e-02 5.02817869e-01 8.93499017e-01
    3.06781173e-01 9.96335685e-01 5.43722034e-01 6.43222928e-01
    3.63534629e-01 7.19946086e-01 7.58162856e-01 3.79623055e-01
    7.81820774e-01 4.76910889e-01 9.41023231e-02 7.34184325e-01
    9.66177464e-01 3.30678880e-01 2.09878087e-01 9.68754649e-01
    2.52305269e-01 3.37702632e-01 7.39742875e-01 4.63459611e-01
    4.07547653e-01 1.34784520e-01 6.26311064e-01 6.54114366e-01
    7.77605772e-02 6.64782643e-01 7.18332469e-01 8.58361483e-01
    6.63893461e-01 1.27032787e-01 1.39183611e-01 4.94625568e-02
    9.79429781e-01 4.41669285e-01 1.81488484e-01 7.48833656e-01
    8.59983921e-01 9.91185069e-01 2.79427230e-01 5.97640157e-01
    7.71386266e-01 1.30621582e-01 1.46761149e-01 2.53320038e-01
    1.36281490e-01 7.72651136e-01 4.72282469e-01 1.23607695e-01
    1.62315220e-01 9.95788932e-01 9.45586503e-01 8.26679170e-01
    8.99614692e-02 6.88106418e-02 4.78544235e-01 8.83629680e-01
    7.31814027e-01 9.24949765e-01 1.32919610e-01 5.20108819e-01
    5.54295778e-02 6.56019568e-01 5.42007148e-01 4.81076241e-02
    9.34427261e-01 6.00745082e-01 6.47787571e-01 1.09341145e-01
    4.00269330e-01 5.36991954e-01 4.30698633e-01 8.68946314e-01
    1.00581944e-02 6.42709494e-01 2.19783276e-01 8.77615213e-01
    9.54997778e-01 9.06543612e-01 1.92310721e-01 7.25124717e-01
    6.50746882e-01 4.14166152e-01 7.97137737e-01 2.54168868e-01
    6.09797239e-01 9.02415514e-01 2.27474570e-01 6.12702310e-01
    9.87159371e-01 8.32505524e-01 2.12889999e-01 3.25193703e-02
    1.37771070e-01 1.34009123e-03 2.64509857e-01 8.36367011e-01
    5.37955940e-01 4.60891843e-01 9.94917095e-01 5.75175583e-01
    4.35126245e-01 1.82203650e-02 1.77513629e-01 8.80534649e-01
    1.18054926e-01 6.77553058e-01 4.25796509e-02 7.36644626e-01
    8.86451244e-01 6.80691957e-01 1.89382046e-01 2.56406754e-01
    2.89002895e-01 7.93708086e-01 5.48698723e-01 1.02917999e-01
    5.00801980e-01 4.88348514e-01 3.50884795e-01 8.26041579e-01
    4.92608756e-01 5.34059763e-01 1.73979193e-01 2.64862895e-01
    3.86963725e-01 6.15220845e-01 8.35067570e-01 8.57770741e-02
    7.45004416e-02 6.87132120e-01 7.44534612e-01 1.37612551e-01
    9.73738611e-01 9.82983589e-01 4.09316599e-01 9.08015490e-01
    2.62451053e-01 3.74146223e-01 4.78858978e-01 9.30955648e-01
    3.99014324e-01 6.74713254e-01 5.99615872e-02 2.65176356e-01
    3.69682550e-01 8.38792205e-01 9.80163097e-01 7.31921256e-01
    3.25956941e-02 6.99243784e-01 9.41507101e-01 7.80326724e-01
    4.02280211e-01 4.23754305e-01 2.45392323e-04 5.43831646e-01
    6.26482248e-01 2.91364938e-01 5.16056597e-01 6.32702470e-01
    9.46624577e-01 5.48027754e-01 9.63435292e-01 7.11616039e-01
    2.18337893e-01 4.66779143e-01 2.47834027e-01 6.14981115e-01
    9.23157752e-01 2.32562363e-01 2.78901756e-01 6.75116658e-01
    4.90299344e-01 9.01004910e-01 9.63362455e-01 9.65827942e-01
    5.93388259e-01 5.55540025e-02 9.67175961e-01 1.26365632e-01
    8.17440152e-02 1.42669350e-01 9.19026375e-01 1.66136831e-01
    2.38749087e-01 1.93471491e-01 5.45658946e-01 7.02541471e-01
    4.91289079e-01 7.11558104e-01 2.10929334e-01 3.77170861e-01
    9.00643110e-01 5.28121710e-01 6.87315524e-01 9.44436431e-01
    5.05868196e-01 2.24619150e-01 4.64654535e-01 4.05188978e-01
    6.98907018e-01 1.83344394e-01 6.77892566e-02 6.09731257e-01
    8.96863163e-01 1.16955131e-01 6.48296118e-01 6.57343566e-01
    5.61713278e-01 8.65081787e-01 4.17512178e-01 5.92987955e-01
    3.35009277e-01 5.73067367e-02 3.93244445e-01 7.73987472e-02
    3.25197637e-01 8.98821414e-01 7.73724020e-01 8.27240705e-01
    9.42800403e-01 3.17207873e-01 5.56602716e-01 6.08227491e-01
    3.95772159e-01 8.63347888e-01 5.82215846e-01 2.00448930e-02
    6.02350712e-01 8.95755649e-01 2.67734319e-01 9.99882340e-01
    4.40663517e-01 1.46073252e-01 3.65747213e-02 7.69743919e-01
    8.03424835e-01 6.08083963e-01 6.43955827e-01 8.26533139e-01
    9.84269023e-01 3.26580942e-01 4.98447418e-01 7.78239489e-01
    7.96174407e-01 3.89791369e-01 1.13022089e-01 2.13429183e-01
    9.88986731e-01 7.26348758e-01 7.51686454e-01 1.66386455e-01
    7.42579281e-01 1.65036738e-01 9.33272123e-01 7.07933426e-01
    5.55531561e-01 9.65771079e-02 8.84094536e-01 2.77124107e-01
    7.07460582e-01 4.30133760e-01 9.36898112e-01 6.75333619e-01
    9.53533411e-01 9.08962011e-01 6.64866030e-01 9.25713897e-01
    4.30909067e-01 4.17233288e-01 8.08019876e-01 1.67379677e-01
    3.68884087e-01 5.84900200e-01 6.17913187e-01 7.10064232e-01
    1.54206574e-01 6.56098545e-01 7.70988166e-02 2.55783498e-02
    6.86610937e-02 8.12525034e-01 3.79834473e-01 2.72384107e-01
    5.00112832e-01 6.01801634e-01 5.62691391e-02 2.25578904e-01
    1.14581913e-01 7.82634377e-01 8.09694052e-01 1.50887668e-02
    1.96123004e-01 4.01088476e-01 6.11838400e-02 8.51137042e-02
    1.80622041e-01 1.52714878e-01 4.85950768e-01 1.51451647e-01
    2.88649738e-01 2.05876410e-01 1.09323651e-01 4.80711788e-01
    2.63214111e-01 2.56140351e-01 8.32113624e-02 2.63148695e-01
    3.34870875e-01 6.16359890e-01 1.53397739e-01 3.52525771e-01
    6.48003936e-01 9.43203926e-01 6.12052202e-01 3.88962746e-01
    7.93472946e-01 8.72319341e-01 5.03903866e-01 9.64957714e-01
    5.39296508e-01 8.93509328e-01 6.00437701e-01 5.26933730e-01
    9.28714335e-01 9.04165387e-01 6.37157023e-01 2.32208401e-01
    3.86822999e-01 1.71772242e-02 1.90504462e-01 1.09353304e-01
    5.90046108e-01 1.52620465e-01 9.80205655e-01 7.08399713e-01
    8.87907088e-01 2.81466246e-01 2.70686895e-01 9.15213168e-01
    1.60250634e-01 3.73350561e-01 9.79928970e-01 2.66311765e-01
    9.19741869e-01 9.30392981e-01 7.35154212e-01 4.14147347e-01
    7.28003740e-01 4.37343299e-01 1.13695979e-01 4.97588366e-01
    6.61062837e-01 5.98057449e-01 9.00385141e-01 1.71772838e-02
    9.05168891e-01 6.30337000e-02 6.64282441e-01 4.67735231e-02
    7.31348753e-01 5.51332355e-01 2.84176767e-01 4.18083012e-01
    6.14312649e-01 8.37165534e-01 5.28093457e-01 4.13088083e-01
    3.96586090e-01 8.46599638e-02 2.48333275e-01 2.13245094e-01
    2.82009542e-02 7.59297967e-01 6.11273348e-01 5.73500693e-01
    4.82010961e-01 6.93541646e-01 3.68020266e-01 5.59693098e-01
    7.21381307e-01 6.97921872e-01 1.99551135e-01 7.25754738e-01
    5.67043960e-01 8.70571613e-01 5.26989222e-01 8.63640904e-01
    9.96706367e-01 6.65790141e-01 5.43082356e-01 7.20023334e-01
    4.33965355e-01 9.84053969e-01 7.08982289e-01 6.79082334e-01
    8.40855837e-01 1.03597760e-01 6.85796738e-01 1.30264372e-01
    8.33422780e-01 4.99551982e-01 4.57667440e-01 9.42049980e-01
    4.00322765e-01 5.04032969e-01 5.45730412e-01 1.24315023e-01
    7.42701352e-01 8.26869369e-01 9.35191214e-02 3.54474336e-01
    9.24759746e-01 3.16868901e-01 3.20820928e-01 2.05279589e-02
    2.13398188e-01 2.03941077e-01 3.06438714e-01 2.60420114e-01
    5.39115429e-01 4.71612453e-01 8.51947963e-02 8.67133856e-01
    5.27478397e-01 5.61923921e-01 6.23685718e-01 4.55658972e-01
    6.71965063e-01 7.32818186e-01 8.48014712e-01 3.29547465e-01
    8.15563560e-01 2.84387052e-01 6.77539468e-01 7.76218295e-01
    4.12227452e-01 6.21172428e-01 9.46899474e-01 8.26732874e-01
    6.36883259e-01 6.04683220e-01 6.82605386e-01 3.21462274e-01
    3.31411898e-01 2.67167032e-01 1.13289714e-01 5.36652744e-01
    4.28894728e-01 1.68889046e-01 9.61405039e-03 3.30458522e-01
    8.52116942e-03 2.22782344e-01 5.43465495e-01 1.62847042e-02
    3.42246503e-01 7.87246764e-01 2.29375362e-02 9.82003570e-01
    7.33187437e-01 7.87549019e-01 4.90012139e-01 8.05039644e-01
    8.75861347e-01 1.40745819e-01 5.89954734e-01 7.58066654e-01
    3.45272034e-01 2.07860887e-01 7.73228586e-01 8.22463274e-01
    3.06087464e-01 7.24146128e-01 7.35493302e-01 1.40958846e-01
    2.74190962e-01 5.59091628e-01 2.92945743e-01 3.95329595e-01
    3.31666648e-01 2.90532410e-02 8.31118584e-01 6.44712567e-01
    5.80875278e-02 3.78523588e-01 4.77576286e-01 9.62188959e-01
    4.69057024e-01 8.36893797e-01 3.60457003e-02 6.70353293e-01
    2.29691327e-01 8.51316810e-01 1.55446470e-01 1.36465520e-01
    9.15812135e-01 3.94763410e-01 5.71368158e-01 4.95200038e-01
    1.23646379e-01 2.73170292e-01 9.48539138e-01 8.83898377e-01
    1.17550701e-01 6.72927380e-01 1.39877111e-01 3.93160284e-02
    1.67635083e-03 3.95846426e-01 5.76969624e-01 3.32373381e-01
    2.76615322e-02 6.25248015e-01 3.92529219e-01 9.78210032e-01
    9.67348278e-01 2.94027925e-02 8.62656116e-01 6.94619715e-02
    1.13471866e-01 1.77793145e-01 7.54332662e-01 7.55423188e-01
    8.65704000e-01 2.35137999e-01 3.05026650e-01 9.79926646e-01
    7.54774928e-01 3.73312533e-02 9.03680801e-01 4.71179634e-01
    6.98188484e-01 2.77953386e-01 2.41763324e-01 7.77892709e-01
    6.70760572e-02 4.50932086e-02 7.08646774e-01 9.71254289e-01
    1.78035349e-01 7.27583289e-01 1.81662351e-01 1.52270794e-02
    9.13507104e-01 5.63498557e-01 2.87921757e-01 3.30777168e-01
    5.81541538e-01 1.08360827e-01 7.43371248e-03 9.10380304e-01
    3.85787785e-01 3.61940414e-01 9.33694243e-01 9.50716496e-01
    7.82562196e-02 3.05843055e-01 6.37746394e-01 3.03688914e-01
    3.39133233e-01 6.78162396e-01 1.25516742e-01 3.81939471e-01
    4.17509556e-01 9.26362276e-01 7.88611293e-01 1.32321894e-01
    3.75683427e-01 2.05879062e-01 4.24122274e-01 3.98382604e-01
    6.37933016e-02 8.30892980e-01 9.85917151e-02 9.86326218e-01
    9.50922668e-02 9.40650582e-01 6.31256938e-01 9.30585146e-01
    2.47956038e-01 8.52209687e-01 2.98890352e-01 6.17430210e-01
    4.50396955e-01 3.60678136e-01 7.95082152e-01 8.97082925e-01
    4.86077189e-01 5.87833822e-01 4.73913193e-01 7.78080821e-02
    5.57315648e-01 8.60617816e-01 9.61147308e-01 9.96934772e-01
    5.52291274e-01 9.21570778e-01 6.63938880e-01 8.65315676e-01
    9.39503908e-01 5.87751985e-01 2.85101086e-01 4.29674894e-01
    5.22861421e-01 8.05776119e-01 2.46766090e-01 3.61935496e-01
    7.04583526e-01 7.44462550e-01 8.04138303e-01 2.20047534e-02
    4.18966115e-02 4.59858835e-01 6.38276100e-01 5.22027373e-01
    9.66937304e-01 4.40305650e-01 2.79258192e-01 3.11336368e-01
    6.33839309e-01 9.84512806e-01 2.96272427e-01 2.00811863e-01
    3.79026532e-02 1.21681988e-01 9.97375965e-01 6.04394376e-01
    6.86944783e-01 8.85894895e-01 4.58128005e-01 4.61272597e-02
    1.18857473e-01 1.99722707e-01 3.50030780e-01 6.21942163e-01
    1.56294912e-01 4.48263496e-01 8.41191828e-01 1.71381950e-01
    2.40198314e-01 1.90488607e-01 7.05629826e-01 1.60253912e-01
    3.26529741e-02 1.24879092e-01 8.77382040e-01 6.58970356e-01
    2.11961448e-01 5.82560241e-01 2.32243359e-01 7.04938352e-01
    3.08901310e-01 3.67065221e-01 3.27803195e-01 5.28297126e-01
    3.80999804e-01 4.64543730e-01 7.73341537e-01 8.57489228e-01
    7.20403731e-01 9.55080807e-01 7.84934998e-01 2.00038761e-01
    7.38238335e-01 5.28338850e-01 6.46236777e-01 5.45615137e-01
    2.44129628e-01 5.91212094e-01 7.49298930e-01 4.82953638e-01
    5.57530642e-01 3.65275204e-01 8.34344983e-01 8.88804674e-01
    5.12745619e-01 9.59686935e-02 3.24063778e-01 1.83135211e-01
    4.92406219e-01 9.12340820e-01 2.31370628e-01 4.13124412e-01
    8.73997450e-01 4.19941604e-01 8.20626616e-01 1.37597829e-01
    4.34857816e-01 4.75313604e-01 7.40587473e-01 1.92895770e-01
    1.44722641e-01 6.15538418e-01 5.96491754e-01 8.57913494e-03
    6.69597447e-01 9.92705524e-01 3.52371335e-02 2.08155423e-01
    8.61108720e-01 6.54799581e-01 4.96254653e-01 8.69241476e-01
    4.86634403e-01 7.22492158e-01 5.10036051e-01 9.09789562e-01
    3.46210629e-01 3.89723569e-01 3.92100304e-01 6.50702894e-01
    9.64417458e-01 3.34345937e-01 7.02692151e-01 8.43226910e-02
    3.51337433e-01 1.99937940e-01 8.29085231e-01 1.62681550e-01
    3.40229154e-01 9.80725050e-01 6.35790825e-01 6.46853089e-01
    5.81667542e-01 8.51095676e-01 3.70925069e-02 2.75958359e-01
    1.96561486e-01 2.20557362e-01 3.95504773e-01 4.89276946e-01
    5.82339227e-01 1.98913991e-01 5.06607831e-01 9.73803997e-01
    4.80263531e-01 1.98343664e-01 1.70557410e-01 5.24931908e-01
    2.17210025e-01 6.47665381e-01 4.48732227e-01 3.92287761e-01
    7.59321690e-01 4.54552501e-01 6.61917210e-01 6.62005126e-01
    8.17509890e-02 3.00761998e-01 3.69423181e-01 2.39261061e-01
    4.94283050e-01 7.65256763e-01 8.73187780e-01 8.43311608e-01
    5.59872448e-01 4.71892029e-01 7.69629955e-01 5.98895133e-01
    3.89613628e-01 7.78358757e-01 8.13727319e-01 5.42102754e-01
    3.27786833e-01 6.55850470e-02 5.58409691e-01 4.85169262e-01
    6.17437303e-01 1.90213293e-01 4.13721293e-01 1.06619626e-01
    8.36035371e-01 6.23973906e-01 8.30915451e-01 7.73562074e-01
    7.17205763e-01 6.45478964e-02 2.44895518e-01 6.93774998e-01
    6.27984285e-01 3.54460061e-01 8.07871819e-01 2.44814336e-01
    1.75289422e-01 8.10086727e-02 9.46355760e-02 8.52264464e-01
    9.09152865e-01 1.21213406e-01 2.95132935e-01 1.10161364e-01
    5.62213004e-01 8.29879165e-01 9.74193096e-01 4.25499052e-01
    9.92498934e-01 3.89741957e-01 9.17753279e-01 3.28066051e-01
    2.45143235e-01 2.07531989e-01 6.65141642e-01 3.49914163e-01
    9.66593504e-01 9.96443510e-01 3.72814536e-01 7.73171782e-01
    5.94268978e-01 5.17460406e-02 9.26728725e-01 5.56506455e-01
    1.68527395e-01 5.17016172e-01 4.37396884e-01 5.03291011e-01
    9.71103907e-01 4.24318314e-01 6.64582014e-01 8.26723218e-01
    4.36146498e-01 4.88744795e-01 4.89136964e-01 2.35061675e-01
    9.11986709e-01 1.43747658e-01 6.90660119e-01 4.00221556e-01
    5.53810358e-01 7.69762099e-02 9.96648669e-01 7.19300807e-02
    7.05134869e-02 1.05640471e-01 3.05082142e-01 4.14634347e-02
    8.09694767e-01 7.45468557e-01 2.84845531e-01 4.29229200e-01
    6.31184340e-01 4.23836112e-01 2.11447686e-01 8.80610466e-01
    4.40928191e-01 4.58364308e-01 6.08235002e-02 1.53315932e-01
    7.33734131e-01 2.91922390e-01 5.27871251e-01 7.55148292e-01
    7.17604578e-01 2.56712854e-01 3.14631879e-01 7.18835235e-01
    9.49831307e-02 6.19394898e-01 3.51981729e-01 7.52449989e-01
    3.80042702e-01 1.91794842e-01 9.82941687e-01 6.76277280e-01
    4.45403934e-01 1.00160509e-01 5.73884606e-01 3.55053365e-01
    5.97608268e-01 9.21823502e-01 6.06159508e-01 1.56865388e-01
    6.53766274e-01 6.05521679e-01 4.54540431e-01 3.76547873e-02
    4.61548448e-01 5.21085680e-01 1.01355404e-01 8.98838639e-01
    1.49453163e-01 1.96365654e-01 6.50328875e-01 6.00541294e-01
    7.48344183e-01 4.16885734e-01 1.50255471e-01 7.65732944e-01
    8.95244002e-01 3.84826064e-01 8.17174375e-01 9.22099948e-01
    1.27407372e-01 1.91103488e-01 3.13044608e-01 6.60415113e-01
    5.42517483e-01 6.78689897e-01 4.44995731e-01 6.22819424e-01
    9.86139894e-01 4.36903238e-01 3.86730373e-01 8.91797781e-01
    5.08842409e-01 2.34087884e-01 4.72313344e-01 7.40930617e-01
    2.84376115e-01 8.99113655e-01 7.70234942e-01 7.91155100e-02
    3.03862572e-01 5.30270219e-01 1.87036961e-01 8.25276136e-01
    6.17023051e-01 2.69826144e-01 9.40685511e-01 9.28160191e-01
    4.14201289e-01 2.09638894e-01 8.35645556e-01 2.30638176e-01
    6.97518885e-02 3.96906734e-01 1.36312753e-01 2.96837538e-01
    1.62576437e-01 2.62254328e-01 2.50729203e-01 6.36167049e-01
    4.33176309e-01 4.72924232e-01 2.41608500e-01 9.33522940e-01
    1.31182224e-01 3.96095157e-01 3.82704407e-01 9.53498185e-01
    4.15797591e-01 4.33196127e-02 9.80991960e-01 9.16941881e-01
    5.27552187e-01 3.22861522e-01 7.10973918e-01 4.19403672e-01
    4.85301256e-01 5.01010478e-01 6.75824523e-01 2.33312994e-01
    4.94462222e-01 3.01611662e-01 1.03880376e-01 5.47226429e-01
    8.88801217e-01 2.99196362e-01 7.33675241e-01 1.93354905e-01
    4.06787813e-01 6.76627994e-01 2.47224718e-01 4.07698452e-02
    9.23027575e-01 6.95182025e-01 2.48411834e-01 3.30988824e-01
    1.21573687e-01 2.01666415e-01 4.47115600e-01 2.04587370e-01
    7.98919201e-01 4.93105590e-01 3.29441369e-01 1.28906459e-01
    5.80466747e-01 7.37127781e-01 3.56565416e-02 1.40477657e-01
    4.98290777e-01 3.17215621e-01 3.46485972e-01 4.13588256e-01
    2.71432549e-01 5.41999936e-03 5.25423706e-01 5.26166975e-01
    2.72010893e-01 3.53031039e-01 3.77880424e-01 4.98343855e-01
    9.17184711e-01 7.13307202e-01 7.55165815e-02 9.81932998e-01
    6.48173630e-01 4.24324036e-01 1.82741106e-01 4.24258381e-01
    8.43119025e-01 4.41328138e-01 5.48503160e-01 1.26384914e-01
    5.96263051e-01 3.54855716e-01 2.59748995e-01 6.16048455e-01
    5.28970599e-01 9.56688285e-01 3.46476376e-01 6.86775088e-01
    6.71744049e-02 9.91457224e-01 7.13511646e-01 5.51701605e-01
    8.14916015e-01 6.99822426e-01 9.95573997e-01 7.81666160e-01
    2.66776800e-01 2.99166620e-01 7.89592385e-01 4.02686954e-01
    2.41110235e-01 6.18021727e-01 7.18902647e-01 3.11274529e-01
    1.70685530e-01 9.83116686e-01 8.67585897e-01 7.50415266e-01
    8.45548391e-01 5.54814935e-03 9.49641883e-01 2.29413211e-01
    4.05034989e-01 6.03666067e-01 9.61238563e-01 6.79553509e-01
    2.76924670e-01 6.58835530e-01 4.21448171e-01 8.63793373e-01
    7.51053810e-01 1.33048773e-01 2.44551390e-01 2.12261468e-01
    4.53784764e-02 1.60016596e-01 7.65202641e-01 8.51246417e-02
    9.03152704e-01 4.61641222e-01 7.26553082e-01 7.89875627e-01
    6.15623474e-01 5.85345030e-01 7.00088978e-01 3.47522497e-02
    8.39697182e-01 8.29597116e-01 4.54044342e-03 6.79014266e-01
    7.83212304e-01 7.44448543e-01 2.70595551e-01 3.06956470e-02
    7.10439801e-01 7.73278356e-01 2.14054734e-01 2.13085681e-01
    9.27560270e-01 1.38020337e-01 6.54737413e-01 8.47915053e-01
    2.30716258e-01 7.46983528e-01 3.55882347e-02 3.94743711e-01
    6.44099712e-01 3.64985406e-01 6.06701612e-01 3.11512053e-01
    7.68340290e-01 7.38834739e-01 9.20221269e-01 2.12467223e-01
    6.96781278e-03 3.35238725e-01 1.60493284e-01 3.57182562e-01
    9.28689480e-01 7.93783128e-01 5.37445545e-02 2.20529020e-01
    8.83576989e-01 9.00982261e-01 8.30216467e-01 6.54627919e-01
    3.93610328e-01 7.31797934e-01 8.09743881e-01 7.44217873e-01
    2.15182871e-01 2.87267566e-02 1.59132183e-01 5.75255513e-01
    6.00341797e-01 3.34730923e-01 2.36441851e-01 5.85871935e-02
    7.76178956e-01 2.39323705e-01 1.21540546e-01 9.30276334e-01
    9.40423310e-02 1.73405141e-01 7.31450081e-01 9.02060509e-01
    4.91137236e-01 1.92617267e-01 9.98904824e-01 8.29408526e-01
    1.63444310e-01 1.82221413e-01 8.19721937e-01 1.28304034e-01
    3.61093342e-01 5.43871045e-01 1.06858015e-02 6.66334271e-01
    7.27723718e-01 8.25435042e-01 7.74990559e-01 5.95856130e-01
    9.15155172e-01 4.92703825e-01 3.69366765e-01 4.00400579e-01
    8.03299189e-01 2.41081119e-02 3.48106891e-01 8.35924387e-01
    8.76263380e-01 4.78839397e-01 2.92283356e-01 8.94830346e-01
    7.88843155e-01 4.41365242e-02 9.23555136e-01 3.98077101e-01
    9.93270278e-01 3.74751687e-01 2.43468583e-02 4.11401033e-01
    2.74508625e-01 8.85585308e-01 6.61537468e-01 4.05713201e-01
    6.27011657e-02 1.24956220e-01 2.17165977e-01 6.13510609e-01
    1.12838328e-01 2.43956208e-01 4.00162697e-01 8.83942783e-01
    8.05878937e-01 5.66736877e-01 9.85323668e-01 4.97747749e-01
    9.37756777e-01 9.94326472e-02 5.98897934e-02 9.83278215e-01
    2.23845512e-01 8.37456703e-01 7.87219703e-01 6.96152568e-01
    6.60408080e-01 8.76428783e-02 2.58758962e-01 5.50930381e-01
    7.95641899e-01 7.66441464e-01 1.03479296e-01 5.90949595e-01
    7.38681257e-01 9.99367237e-03 5.14963984e-01 6.33680522e-01
    8.34221363e-01 9.79775608e-01 2.91869640e-01 9.98124719e-01
    8.45895529e-01 7.55995870e-01 1.22034520e-01 5.16021430e-01
    5.93549371e-01 9.82433856e-01 7.13816166e-01 9.20784891e-01
    6.61897421e-01 6.09113336e-01 3.10033560e-01 5.95046878e-01
    4.90726113e-01 6.13016367e-01 3.58198166e-01 7.95723438e-01
    3.26743960e-01 6.06042325e-01 7.25874007e-01 5.41229546e-01
    2.55134404e-01 6.46928430e-01 6.60880506e-02 8.31490993e-01
    5.63704848e-01 2.62029082e-01 4.25067902e-01 4.64693755e-01
    3.71553540e-01 8.97245824e-01 8.45781267e-02 2.86352754e-01
    1.27881348e-01 2.56754249e-01 2.50842035e-01 8.31559181e-01
    1.24076456e-01 5.25419831e-01 9.10968721e-01 8.80920291e-01
    4.54095602e-02 9.96317625e-01 8.43337297e-01 9.43439960e-01
    5.56059599e-01 3.97116542e-02 9.58659649e-02 8.45650315e-01
    7.75312543e-01 9.19806063e-02 7.90645838e-01 7.33337104e-01
    5.21088481e-01 4.55921024e-01 4.40921485e-01 9.47378933e-01
    8.21246803e-02 4.79916036e-01 5.86738050e-01 3.16543937e-01
    1.38936996e-01 3.74010980e-01 9.96323347e-01 8.66824150e-01
    3.42139423e-01 4.85544175e-01 1.76064193e-01 2.61843115e-01
    9.46298599e-01 6.13547862e-01 7.54691362e-01 5.72171152e-01
    9.71341014e-01 6.77651048e-01 5.96140385e-01 3.17739785e-01
    5.42994976e-01 7.91315794e-01 7.96939135e-01 1.74855322e-01
    2.17928827e-01 2.10098982e-01 2.11546332e-01 3.37765932e-01
    5.32221973e-01 9.27406430e-01 7.12853193e-01 8.94701242e-01
    7.90800571e-01 7.54493654e-01 9.21572447e-01 3.05093199e-01
    6.42944574e-01 2.41567105e-01 1.36077821e-01 4.85108674e-01
    8.51893127e-01 2.53952384e-01 3.60321701e-01 6.84626460e-01
    2.51073241e-02 9.00983930e-01 8.40502143e-01 2.73172677e-01
    7.57861257e-01 4.89209503e-01 4.05977607e-01 8.76209736e-01
    1.24591202e-01 8.54923189e-01 5.15141428e-01 6.98145628e-01
    5.03508747e-02 7.63311505e-01 4.52938139e-01 2.88616776e-01
    2.38908201e-01 3.23314518e-01 1.54985189e-02 3.40389788e-01
    1.63665682e-01 1.13635659e-02 5.70782602e-01 9.24768209e-01
    9.24119532e-01 5.85209966e-01 8.69163156e-01 6.44597292e-01
    2.27643281e-01 6.94408655e-01 6.91009343e-01 3.16589564e-01
    1.46381438e-01 9.71700251e-02 2.42637098e-02 4.89031702e-01
    6.65022254e-01 3.39702666e-01 5.51544964e-01 7.96866417e-02
    1.27105623e-01 1.45936877e-01 2.43300259e-01 2.97343969e-01
    5.57394385e-01 6.72469854e-01 9.18394566e-01 5.84730983e-01
    6.23575330e-01 1.55511498e-03 3.63526493e-01 1.77832842e-01
    7.50308394e-01 6.43602133e-01 8.23320568e-01 7.22205818e-01
    3.13989639e-01 5.60499907e-01 7.96234846e-01 2.79696167e-01
    9.97212827e-01 4.24221098e-01 2.71495223e-01 6.75213635e-02
    2.59319127e-01 1.25874728e-01 3.04521948e-01 9.78922546e-02
    4.36605245e-01 5.94070256e-01 5.45528650e-01 8.87786388e-01
    1.45426542e-01 2.88717449e-01 5.59840202e-02 8.36063027e-01
    9.77715671e-01 6.10447347e-01 1.42572284e-01 3.88728440e-01
    3.20353210e-02 8.71747971e-01 7.39794374e-01 8.20507050e-01
    9.69524622e-01 7.05552220e-01 1.98250562e-01 5.99115968e-01
    4.84481961e-01 9.94191468e-02 5.67431509e-01 8.00356030e-01
    7.34078646e-01 8.31139088e-01 6.53238893e-01 2.08373517e-01
    8.70258093e-01 5.49460649e-02 5.77497303e-01 6.55553460e-01
    4.41647828e-01 1.21972859e-01 1.25088602e-01 9.03112531e-01
    8.87192905e-01 6.98528647e-01 2.77718008e-01 6.30442917e-01
    7.73648739e-01 9.91995513e-01 6.66448355e-01 5.07993996e-02
    4.72748488e-01 1.70961797e-01 7.27485538e-01 4.91659999e-01
    9.14561987e-01 9.24211860e-01 9.04093742e-01 1.58360749e-01
    3.84338498e-02 1.30318999e-01 4.38443214e-01 3.17341924e-01
    6.59210443e-01 2.10167766e-02 8.77990484e-01 4.43526477e-01
    5.08408546e-02 3.15752983e-01 2.18306184e-02 5.55121422e-01
    8.75462294e-01 1.81143820e-01 5.45855105e-01 2.57038474e-01
    4.23008621e-01 8.65029931e-01 8.00025761e-02 1.33765668e-01
    6.02654219e-01 2.60755241e-01 4.71841693e-02 3.81198525e-03
    5.42988002e-01 3.34748983e-01 2.92638898e-01 3.88287157e-01
    5.18715203e-01 6.57673657e-01 3.57525349e-02 2.88140893e-01
    8.04224491e-01 1.89652413e-01 5.10321438e-01 5.90549469e-01
    2.29664445e-02 9.38233554e-01 9.00046110e-01 8.18590403e-01
    3.47604156e-01 8.94085467e-02 9.99602675e-01 8.67962420e-01
    5.24915397e-01 7.57822752e-01 2.61220932e-02 8.99418831e-01
    3.79695147e-01 1.54743403e-01 1.45595878e-01 2.96794891e-01
    2.54490972e-01 1.79839820e-01 4.79513139e-01 8.65737200e-02
    6.07360244e-01 7.43296862e-01 3.56762469e-01 1.02833152e-01
    7.88443208e-01 5.68244636e-01 2.15820968e-02 8.04069042e-01
    2.65591085e-01 4.71701175e-01 4.41179037e-01 8.65743518e-01
    3.92659187e-01 2.97083795e-01 6.63622856e-01 6.25294745e-02
    5.72909713e-01 7.63612628e-01 6.19702578e-01 1.72156185e-01
    6.54853582e-01 5.49937725e-01 1.71623200e-01 6.23389423e-01
    9.57006574e-01 8.94824505e-01 7.14576006e-01 9.71494436e-01
    8.13140869e-01 5.55959940e-02 7.68718600e-01 5.24581313e-01
    1.99142516e-01 4.36264187e-01 6.24092877e-01 5.68575382e-01
    8.49109650e-01 2.79830456e-01 1.14454776e-01 5.40432751e-01
    5.55240512e-01 3.93906534e-01 5.63209355e-01 3.44194710e-01
    9.86439228e-01 2.20239639e-01 6.65916383e-01 1.58217609e-01
    3.64504099e-01 7.24095941e-01 7.32718468e-01 1.41318887e-01
    3.82872373e-01 6.35555983e-02 3.69250894e-01 3.32024395e-02
    2.05702662e-01 3.67684245e-01 4.87511247e-01 3.26818079e-01
    8.10930610e-01 7.78712392e-01 7.16791809e-01 1.20609343e-01
    9.39100027e-01 3.04322779e-01 8.98694396e-02 8.34910154e-01
    5.89717925e-01 3.61564934e-01 3.15017313e-01 5.32731056e-01
    7.25638509e-01 3.97567898e-01 3.00809503e-01 7.80676901e-02
    2.59514600e-01 2.48772264e-01 6.61605358e-01 6.00932896e-01
    2.80976683e-01 9.26955640e-01 7.11726010e-01 1.64871663e-01
    2.53583431e-01 1.93645954e-02 8.50712657e-01 8.31204414e-01
    4.71962392e-02 1.82184488e-01 2.53816456e-01 3.80879074e-01
    3.11790437e-01 9.87682879e-01 5.55948377e-01 2.21329927e-02
    4.03511703e-01 9.41254854e-01 5.59639037e-02 5.98000109e-01
    8.73500109e-02 7.42653668e-01 1.91575527e-01 2.12200999e-01
    2.23395646e-01 1.08215302e-01 7.38932252e-01 3.28857273e-01
    8.11676741e-01 9.01305199e-01 9.84964967e-02 1.39607817e-01
    1.43550634e-02 5.62817276e-01 2.61620343e-01 1.38705373e-01
    3.56680751e-02 4.84468341e-02 1.81936622e-02 7.84670711e-01
    9.57529128e-01 1.06120288e-01 2.65418589e-01 1.35267824e-01
    5.28468370e-01 7.78013587e-01 9.89687443e-02 4.92704511e-01
    4.55636680e-01 5.45681000e-01 7.83920228e-01 1.75738186e-01
    8.20243537e-01 4.25212204e-01 1.83078378e-01 1.04812205e-01
    2.72337168e-01 7.27697194e-01 4.11241174e-01 6.38445735e-01
    7.11064339e-02 7.07983673e-02 1.38433367e-01 5.13020992e-01
    2.72313774e-01 5.83905578e-02 4.46038038e-01 3.74540329e-01
    3.36398005e-01 9.17383432e-01 3.74050677e-01 8.07306170e-02
    6.33501887e-01 4.63521063e-01 1.01387203e-01 6.20657206e-02
    7.18957663e-01 9.82229710e-02 3.42202544e-01 8.32746387e-01
    7.06226230e-01 4.37481463e-01 8.89475584e-01 5.28118074e-01
    3.63274962e-01 4.01816487e-01 6.84313715e-01 8.18851233e-01
    9.60564613e-01 2.16866285e-01 9.51237082e-01 7.52262950e-01
    3.09210002e-01 7.57072926e-01 3.71101439e-01 6.94911480e-02
    4.74704623e-01 3.64083529e-01 3.54984552e-01 4.43378747e-01
    7.32965350e-01 5.96279383e-01 2.11454839e-01 2.45620161e-01
    9.42195296e-01 7.68762946e-01 2.40368903e-01 7.50306606e-01
    6.11877441e-01 1.02347136e-01 1.86069608e-01 5.42119920e-01
    6.02068365e-01 5.24907470e-01 2.67691016e-02 3.96517426e-01
    8.33180189e-01 2.76739329e-01 2.43561149e-01 2.22072870e-01
    1.66082025e-01 7.67000318e-01 6.12520039e-01 3.34360242e-01
    2.41552770e-01 1.08150661e-01 1.98003113e-01 8.77883732e-02
    6.37370646e-01 1.58244550e-01 4.06349272e-01 7.67911136e-01
    6.20801747e-01 4.69481617e-01 7.13497460e-01 6.02746844e-01
    2.71944821e-01 2.58679181e-01 5.81613421e-01 5.24229407e-01
    2.19884396e-01 5.22387981e-01 6.36501312e-01 8.11016858e-01
    6.33945286e-01 9.22003090e-01 1.65026546e-01 8.56993854e-01
    6.82651877e-01 1.19961470e-01 5.02580822e-01 9.33966398e-01
    7.70501077e-01 5.17672777e-01 8.46088767e-01 4.80303407e-01
    8.13734591e-01 3.68027359e-01 3.84167343e-01 2.03135490e-01
    9.36165690e-01 8.86053085e-01 2.33719200e-01 7.01541901e-01
    4.62508172e-01 7.63583779e-01 9.42382395e-01 2.25810051e-01
    3.68284553e-01 6.83717728e-01 3.45000237e-01 9.66269374e-01
    5.75770140e-01 2.95162797e-01 8.55655968e-02 7.73976922e-01
    5.36303401e-01 4.03293729e-01 4.32350367e-01 5.18865347e-01
    5.69394112e-01 4.86826092e-01 7.89193869e-01 2.52612919e-01
    3.29361945e-01 8.71898592e-01 7.27870107e-01 4.45399195e-01
    5.27497351e-01 6.79360271e-01 6.99730277e-01 4.32242572e-01
    6.49350166e-01 6.40255511e-01 2.07789928e-01 6.50296092e-01
    7.90278316e-01 5.12241066e-01 6.32046700e-01 6.10722303e-01
    4.61986274e-01 5.56917965e-01 5.43935061e-01 7.61581302e-01
    3.13261449e-02 8.95643830e-01 1.78138286e-01 8.13129425e-01
    6.25648022e-01 7.74580240e-01 3.17498207e-01 3.24517280e-01
    2.84639299e-02 8.89994800e-02 6.80739880e-01 2.48209804e-01
    1.19848996e-01 7.89490223e-01 6.56865597e-01 2.73535669e-01
    3.74234140e-01 9.76806879e-01 9.28349137e-01 8.30906928e-02
    3.64866346e-01 9.87236917e-01 4.51019257e-01 9.31787133e-01
    5.71811199e-03 9.25412655e-01 9.71596062e-01 2.45961368e-01
    9.71479297e-01 2.89365947e-01 4.05377179e-01 5.23971915e-01
    9.20355022e-02 6.52991533e-01 2.33202577e-01 5.72809100e-01
    3.37999225e-01 9.50487971e-01 5.20277977e-01 5.80080807e-01
    2.96447158e-01 4.20323193e-01 5.21079183e-01 6.18195355e-01
    4.15073752e-01 8.34412217e-01 6.56784832e-01 5.69437921e-01
    4.61476445e-01 7.48936892e-01 4.09257084e-01 3.55313659e-01
    2.14713693e-01 2.65714943e-01 9.10508871e-01 2.43231654e-02
    7.48218834e-01 3.58188450e-01 7.17300355e-01 3.68571907e-01
    3.49058688e-01 9.60346341e-01 4.57209080e-01 8.22175682e-01
    4.85369474e-01 2.44518548e-01 6.30109608e-02 5.01778305e-01
    7.93700993e-01 3.78884614e-01 5.71467698e-01 9.78876352e-02
    1.42688721e-01 9.82336044e-01 3.77479345e-01 7.02229261e-01
    6.75549746e-01 3.32937837e-01 9.08663988e-01 2.52883911e-01
    3.92504573e-01 8.03868473e-02 4.39676285e-01 6.26942158e-01
    4.10126030e-01 9.45344687e-01 1.76306754e-01 3.26336026e-02
    9.11094129e-01 5.15987635e-01 2.72638202e-02 3.26054394e-01
    8.35811257e-01 5.06976604e-01 7.97220707e-01 5.25757015e-01
    5.99468291e-01 3.63407135e-01 9.28026974e-01 4.85584408e-01
    2.40955114e-01 7.01496363e-01 2.34758288e-01 9.88998592e-01
    8.38723421e-01 6.33281827e-01 2.53004253e-01 8.88474464e-01
    6.20759726e-02 5.86407006e-01 4.08543736e-01 4.07896489e-01
    3.41677904e-01 8.06313992e-01 5.23524344e-01 7.32618749e-01
    7.90554166e-01 4.21012759e-01 2.66015232e-02 8.49575162e-01
    6.25401735e-04 9.25612688e-01 7.75506616e-01 5.77928305e-01
    2.09094942e-01 1.40181512e-01 8.94108891e-01 3.53617042e-01
    7.31987834e-01 8.78639221e-01 5.48608065e-01 3.95759046e-01
    2.71875769e-01 1.77991271e-01 9.15896535e-01 1.00222349e-01
    4.05474246e-01 2.03185648e-01 2.24890202e-01 4.89168078e-01
    7.12178707e-01 6.35841608e-01 7.71165013e-01 2.72682667e-01
    4.94258374e-01 6.20985389e-01 7.70185113e-01 4.81218636e-01
    6.54487193e-01 8.24585199e-01 2.55505443e-01 7.45806634e-01
    4.95249599e-01 9.93299305e-01 8.10337722e-01 1.91577375e-01
    3.45929980e-01 7.26149976e-01 6.69704735e-01 4.97948736e-01
    9.19035077e-01 8.77636790e-01 2.31419206e-02 8.64822984e-01
    1.00654304e-01 5.12972772e-02 4.13304269e-01 6.66333675e-01
    2.22147971e-01 3.44326138e-01 3.52111399e-01 6.65790319e-01
    9.93265331e-01 8.70498240e-01 4.90773618e-02 8.59267712e-02
    1.10951304e-01 1.70786649e-01 3.34541768e-01 2.56178617e-01
    1.47053540e-01 7.91260242e-01 7.11735487e-01 6.15122557e-01
    3.04992676e-01 1.22725099e-01 5.59272170e-01 3.22538108e-01
    3.28035295e-01 2.97466636e-01 5.73977292e-01 5.12876987e-01
    5.40299892e-01 3.92185628e-01 3.95977974e-01 6.33796573e-01
    1.56838298e-02 8.19158554e-02 9.37719941e-02 6.38627410e-02
    6.93800151e-01 7.90315390e-01 9.65071261e-01 5.29246926e-02
    9.44381833e-01 5.15853465e-02 6.33069873e-01 1.89475626e-01
    1.92286044e-01 9.15659666e-01 1.37959152e-01 5.97830653e-01
    1.64042175e-01 7.71916866e-01 5.52445292e-01 6.03444517e-01
    2.08764017e-01 7.64980793e-01 6.69846416e-01 9.45201278e-01
    4.77966160e-01 9.44540799e-02 1.28665030e-01 2.48319030e-01
    8.96633863e-01 5.65964699e-01 1.69296890e-01 8.33756030e-01
    7.78308392e-01 7.17399001e-01 8.64348531e-01 2.95269847e-01
    1.55440509e-01 4.94079888e-02 4.94544595e-01 7.99867213e-01
    2.99337268e-01 8.65778923e-01 5.14159441e-01 5.66933334e-01
    2.03418672e-01 4.24025714e-01 9.11222339e-01 2.23267823e-01
    3.42308670e-01 2.70892173e-01 9.06745553e-01 8.66785467e-01
    6.52503133e-01 6.26877010e-01 5.87932229e-01 4.97764528e-01
    8.58853340e-01 7.19139814e-01 9.17723060e-01 2.65188456e-01
    4.05378997e-01 4.16539371e-01 8.95037293e-01 9.86787438e-01
    3.48119259e-01 4.20026690e-01 6.46299303e-01 9.68884230e-01
    2.12304860e-01 3.37302625e-01 5.68448305e-01 4.09346044e-01
    3.24791670e-03 7.95972645e-02 6.75827146e-01 9.29923773e-01
    1.11405611e-01 7.80703068e-01 6.69133663e-03 3.75205874e-02
    5.72959483e-01 2.80199587e-01 6.89517379e-01 6.92392409e-01
    9.48125184e-01 2.78255463e-01 1.35455877e-01 6.72683597e-01
    7.20130980e-01 3.72152925e-01 9.21058953e-02 7.73133934e-02
    1.29756123e-01 6.72889292e-01 7.78722107e-01 2.15085387e-01
    6.18403554e-01 6.39767408e-01 7.84310579e-01 6.79816961e-01
    8.88041139e-01 1.19321465e-01 4.07487452e-01 3.57994139e-01
    7.39787877e-01 6.34960234e-02 2.64477104e-01 2.33391553e-01
    2.27605224e-01 5.62610149e-01 4.36835051e-01 9.57539558e-01
    9.48940992e-01 8.07373047e-01 2.55276501e-01 8.00239742e-01
    6.56915486e-01 8.63094807e-01 5.68001568e-01 9.96859729e-01
    8.32746387e-01 5.77978313e-01 7.33290672e-01 1.54040426e-01
    6.61475182e-01 2.82242656e-01 7.78695941e-01 9.58662987e-01
    4.73298013e-01 6.05059445e-01 1.05695963e-01 7.70294487e-01
    9.39631104e-01 9.74786639e-01 3.97499174e-01 9.63038325e-01
    8.54356766e-01 1.82115883e-01 2.85480142e-01 3.17379177e-01
    4.47015822e-01 4.90968496e-01 3.86013627e-01 8.87516201e-01
    8.71311188e-01 1.24183804e-01 1.37118578e-01 6.48176789e-01
    4.89232957e-01 9.42812800e-01 2.19391584e-01 8.51566434e-01
    2.75476873e-02 4.45495427e-01 6.05932713e-01 9.82024729e-01
    5.60348749e-01 1.55787915e-01 4.72004831e-01 6.10290766e-02
    3.62761617e-02 7.06060529e-02 8.74390304e-02 5.14440060e-01
    2.61795878e-01 1.96902275e-01 6.43951952e-01 6.04022026e-01
    9.17389870e-01 2.82054752e-01 2.40893304e-01 3.42100441e-01
    9.45588231e-01 6.14256859e-01 8.62993240e-01 8.89579654e-02
    5.48613667e-01 1.47788554e-01 7.96977878e-02 1.89786553e-01
    8.61014962e-01 2.17612088e-01 1.01353973e-01 9.66199517e-01
    9.02883828e-01 9.88228023e-02 5.05115449e-01 1.60568684e-01
    6.50680900e-01 4.67852265e-01 3.65866393e-01 3.98626924e-02
    4.31929320e-01 9.32877243e-01 2.49396533e-01 5.72903514e-01
    2.59812564e-01 7.78394103e-01 9.10610437e-01 7.10213125e-01
    6.81364775e-01 4.45723534e-02 2.15327829e-01 2.20714718e-01
    8.48551154e-01 9.42533135e-01 2.61572778e-01 5.54098010e-01
    6.57895505e-02 5.83051622e-01 8.59978616e-01 3.97901595e-01
    7.27792382e-02 6.90552831e-01 9.13672686e-01 2.13044375e-01
    7.72820055e-01 5.92305601e-01 6.69541657e-02 3.00990880e-01
    1.26526058e-01 5.91954172e-01 5.59347749e-01 3.17363411e-01
    4.31052446e-01 5.31231940e-01 6.62105680e-01 3.92056048e-01
    4.01927680e-01 5.88337004e-01 8.53129625e-01 3.41701150e-01
    4.10992533e-01 1.96990013e-01 7.18718290e-01 1.53016508e-01
    1.05535090e-01 7.64197707e-02 4.11851645e-01 3.67959321e-01
    6.55545771e-01 5.71295381e-01 5.10598600e-01 1.70978278e-01
    9.55085278e-01 1.83242381e-01 2.97379911e-01 9.57031608e-01
    1.77761346e-01 9.29339468e-01 8.17229152e-02 5.11431217e-01
    8.15039873e-03 1.95008814e-02 8.82598281e-01 9.10030603e-01
    1.41769320e-01 4.62614089e-01 3.06971550e-01 5.51227868e-01
    5.19652903e-01 6.84101582e-01 2.49463618e-01 8.89919758e-01
    6.50083542e-01 9.80305791e-01 4.34343904e-01 8.96725595e-01
    9.28191185e-01 8.80553484e-01 3.32767159e-01 3.14091146e-02
    5.10657430e-01 5.93140721e-03 2.09349513e-01 8.31768155e-01
    1.24282718e-01 1.21013314e-01 5.38142502e-01 1.06527179e-01
    6.19894028e-01 9.00682569e-01 9.08935070e-03 1.89873874e-01
    4.14692521e-01 1.29370749e-01 2.31941909e-01 6.11015677e-01
    5.14431775e-01 5.65742016e-01 7.19571650e-01 5.61750650e-01
    5.70086777e-01 4.63871121e-01 4.95736092e-01 2.47676313e-01
    3.58521670e-01 4.66811180e-01 4.11544204e-01 9.04944539e-01
    1.88488156e-01 2.31703490e-01 2.17527568e-01 4.17540550e-01
    7.63106167e-01 4.76789117e-01 4.00705278e-01 1.47912413e-01
    6.41752720e-01 8.28161001e-01 7.11700678e-01 7.45441973e-01
    4.53172654e-01 5.93491077e-01 9.78482306e-01 1.60476476e-01
    9.15419757e-01 9.78977442e-01 9.34769511e-01 4.36845034e-01
    4.88764971e-01 3.06098878e-01 9.36699688e-01 6.48072660e-02
    5.46023607e-01 7.90353537e-01 4.37690854e-01 1.38408601e-01
    8.38193357e-01 2.50494480e-01 1.56591117e-01 7.72255361e-01
    9.15059745e-02 8.98023903e-01 6.53227508e-01 4.37597513e-01
    3.18627238e-01 4.33836341e-01 7.98265934e-02 2.66955286e-01
    8.89955163e-01 9.57042813e-01 8.17600727e-01 4.41226125e-01
    8.38038623e-01 6.99748397e-01 6.16430879e-01 6.18055701e-01
    6.71262324e-01 7.16590941e-01 3.42743516e-01 6.06884301e-01
    7.40248322e-01 6.29253626e-01 7.88561821e-01 5.42064607e-01
    5.64327717e-01 5.44112146e-01 5.84817946e-01 9.99461889e-01
    9.00451303e-01 8.51590872e-01 3.53426099e-01 3.08554977e-01
    7.40833163e-01 5.02768874e-01 7.00089574e-01 4.59005713e-01
    2.44087368e-01 6.51140809e-01 6.11179650e-01 6.29291832e-01
    1.97823912e-01 6.52674019e-01 3.45468313e-01 7.38014579e-02
    3.07139397e-01 3.09978783e-01 1.76544935e-01 9.07186627e-01
    6.55029535e-01 8.28508079e-01 5.92198074e-01 6.22625768e-01
    1.42202824e-01 7.42286444e-01 2.37098902e-01 1.06838584e-01
    2.11322039e-01 6.51558816e-01 7.30206370e-01 8.34405422e-02
    3.99224401e-01 2.63353527e-01 1.40100569e-01 4.56917942e-01
    1.14451706e-01 5.35874844e-01 9.96838093e-01 9.16314960e-01
    5.10436356e-01 2.54290193e-01 8.74207318e-02 4.65189695e-01
    6.36932015e-01 3.68988335e-01 4.96330947e-01 9.20786262e-01
    1.13626242e-01 5.43129504e-01 1.63243383e-01 8.95827830e-01
    5.43463588e-01 3.52581114e-01 1.08497500e-01 2.74510980e-02
    3.90232593e-01 5.07605731e-01 9.54013109e-01 2.64444172e-01
    9.61418986e-01 9.24312472e-02 4.83608246e-02 3.53976965e-01
    1.25383139e-02 9.52354968e-01 7.80942798e-01 3.49559307e-01
    1.14135742e-01 6.07300043e-01 6.56722128e-01 6.87750041e-01
    4.71403718e-01 4.49847519e-01 1.31609827e-01 3.06995243e-01
    1.68028891e-01 4.92159784e-01 6.59484029e-01 3.64224613e-01
    2.52397567e-01 5.33166528e-01 6.09571457e-01 2.15737522e-01
    3.47560436e-01 1.30834877e-01 2.14100450e-01 1.09429926e-01
    4.83816803e-01 7.79770136e-01 5.52066565e-01 2.42736340e-02
    2.47895747e-01 1.25908613e-01 1.77998960e-01 3.50661099e-01
    2.33934522e-02 9.41931427e-01 5.22537053e-01 2.31973976e-01
    9.30534601e-01 4.78419065e-02 5.49483299e-01 7.20932543e-01
    9.82367218e-01 7.10826039e-01 2.69831091e-01 5.51909506e-01
    6.99686050e-01 4.65303153e-01 9.39049959e-01 7.76212692e-01
    9.94604290e-01 7.83195972e-01 8.09037685e-01 5.97050726e-01
    2.95489132e-01 1.66044533e-02 9.52657998e-01 2.21005082e-03
    3.04778427e-01 6.94687009e-01 4.13443506e-01 3.60326529e-01
    6.55031145e-01 2.60762513e-01 9.49472189e-04 2.49721259e-01
    4.70153987e-02 1.12297833e-01 4.74016309e-01 7.90899515e-01
    6.10383093e-01 2.23621011e-01 7.19666958e-01 2.74133384e-01
    2.33902633e-02 4.70777154e-01 4.34355438e-02 2.61236638e-01
    1.03377014e-01 5.44700444e-01 5.74215174e-01 1.88309610e-01
    3.32112432e-01 6.94791436e-01 4.57833499e-01 8.37681651e-01
    6.57628775e-01 5.91685355e-01 3.78641099e-01 9.97459948e-01
    5.14986336e-01 5.98526776e-01 1.56637818e-01 9.26542521e-01
    5.00361919e-01 2.18898356e-01 2.18874067e-01 1.99659944e-01
    4.45108473e-01 5.94605565e-01 5.67856312e-01 4.72609013e-01
    9.44964886e-01 9.54966426e-01 1.21310890e-01 4.81181592e-01
    1.98673964e-01 6.17202818e-02 5.46839595e-01 2.82692492e-01
    9.17584538e-01 4.71253484e-01 7.02651739e-02 3.94541293e-01
    2.32410133e-02 7.65064597e-01 5.01392841e-01 2.73743898e-01
    9.27255213e-01 2.89071202e-01 8.01849365e-01 9.58302259e-01
    2.00471103e-01 3.07765901e-02 6.17437840e-01 7.31088459e-01
    1.16656035e-01 4.89678174e-01 8.23837817e-01 6.52900815e-01
    9.41346169e-01 2.36936152e-01 8.52452278e-01 9.45561111e-01
    5.40410399e-01 2.98672408e-01 2.51010031e-01 3.82075906e-01
    9.43576574e-01 6.84589326e-01 1.76716983e-01 7.08306909e-01
    4.06789005e-01 5.84998310e-01 1.52546823e-01 9.69862342e-01
    8.36811781e-01 3.65774632e-02 8.59008372e-01 5.95931530e-01
    3.99943322e-01 8.54615748e-01 3.31576079e-01 5.71795583e-01
    2.17111170e-01 8.88859510e-01 9.21416104e-01 8.80272090e-02
    3.09611499e-01 7.06791282e-01 8.58535111e-01 9.90540743e-01
    3.61503124e-01 6.33188605e-01 8.05942237e-01 1.90537542e-01
    7.80848861e-01 8.44969690e-01 6.47438645e-01 8.96312952e-01
    2.70483494e-01 7.10907578e-01 2.10247070e-01 2.56475389e-01
    9.11547124e-01 8.02670956e-01 9.47800398e-01 3.10204208e-01
    8.17163527e-01 7.25736320e-01 1.10260665e-01 2.17104942e-01
    6.27815604e-01 8.39971006e-02 6.75367236e-01 9.91648018e-01
    3.35225463e-02 3.60410929e-01 1.07226908e-01 4.48307276e-01
    9.93235946e-01 5.60737908e-01 4.14754510e-01 4.53746319e-01
    8.93240571e-01 9.11932707e-01 4.79507178e-01 8.52299929e-01
    4.84857470e-01 2.87173420e-01 5.14269590e-01 6.41728342e-01
    5.79881966e-01 9.49142873e-01 9.28426266e-01 9.40279722e-01
    1.07122660e-01 7.05932140e-01 2.63575971e-01 2.58327365e-01
    4.19631600e-01 1.87909365e-01 4.24013883e-01 8.68395925e-01
    3.16490412e-01 7.89592922e-01 8.31631064e-01 8.92704606e-01
    3.95901799e-01 4.35745835e-01 7.61235595e-01 8.20948601e-01
    2.30446458e-03 7.46049643e-01 1.59790218e-01 4.04387534e-01
    9.88439918e-01 5.67932844e-01 9.01760340e-01 5.48715293e-01
    3.74321610e-01 5.45379043e-01 6.97695613e-01 6.91793203e-01
    2.09293455e-01 2.91278720e-01 7.69221127e-01 4.62010592e-01
    7.93340921e-01 8.96506071e-01 5.32262325e-01 5.19076288e-01
    2.73366392e-01 7.40353465e-01 8.36062193e-01 3.28308403e-01
    2.91111976e-01 6.94263816e-01 7.38709688e-01 6.14095747e-01
    3.25590432e-01 7.44319916e-01 9.46885347e-01 9.59610581e-01
    1.46987647e-01 2.59572059e-01 6.73681796e-01 9.06819522e-01
    8.38636279e-01 5.21508932e-01 7.97397912e-01 9.99853015e-01
    4.07860518e-01 3.02451193e-01 2.34357357e-01 7.85740495e-01
    8.62241387e-02 9.15170670e-01 4.08082426e-01 5.99380374e-01
    7.92379975e-01 1.04822576e-01 7.68488646e-03 7.09956408e-01
    1.60549223e-01 5.81670344e-01 3.49394798e-01 4.39675033e-01
    3.55656624e-01 8.40051174e-01 3.07390094e-02 5.45341909e-01
    8.36082041e-01 6.48882508e-01 4.76718515e-01 4.85047281e-01
    6.62574947e-01 7.99062848e-01 8.50228369e-01 7.39046812e-01
    3.09206426e-01 7.96442866e-01 9.37085629e-01 5.67139506e-01
    8.97418618e-01 4.45767283e-01 6.25633955e-01 9.48613286e-01
    1.84365094e-01 3.00713420e-01 6.45587146e-02 1.45378441e-01
    6.13314033e-01 4.68989938e-01 1.22690022e-01 9.72497761e-01
    7.81901479e-01 4.83306557e-01 4.15888220e-01 1.91848904e-01
    9.28516746e-01 4.94884253e-01 9.62364495e-01 9.24728513e-01
    5.26077390e-01 6.90656304e-01 1.44359767e-02 6.15264177e-01
    6.37384534e-01 3.29417765e-01 7.65011191e-01 3.95150781e-01
    9.45590973e-01 6.94806933e-01 6.39606118e-02 3.58128190e-01
    9.04835880e-01 9.67487216e-01 7.63368905e-01 9.00470614e-02
    8.40694129e-01 2.63315916e-01 8.16663742e-01 2.67692983e-01
    9.35928583e-01 8.19343567e-01 9.11447644e-01 7.31076300e-01
    6.46083474e-01 9.95759845e-01 6.13764226e-01 6.35917187e-02
    9.14305329e-01 8.07982743e-01 3.21185291e-02 5.66378236e-02
    4.75927949e-01 1.55838728e-02 3.01623404e-01 7.82411337e-01
    6.97553873e-01 3.31688851e-01 5.54307401e-01 8.75840902e-01
    9.71106529e-01 5.55066764e-01 9.84499812e-01 5.77784777e-01
    9.95968342e-01 3.63538355e-01 3.24672341e-01 5.21592915e-01
    6.32644475e-01 2.43005097e-01 9.31680322e-01 5.79760671e-01
    6.57036066e-01 4.33675706e-01 3.54866028e-01 9.04122472e-01
    7.10255444e-01 5.06217718e-01 3.77678305e-01 3.82512659e-01
    2.69999564e-01 5.74835598e-01 4.80943471e-01 4.87575442e-01
    3.50126207e-01 5.89841723e-01 5.90267658e-01 7.84520805e-01
    7.82450080e-01 9.27359045e-01 3.51817906e-01 3.25806201e-01
    3.26094627e-02 6.84538841e-01 8.14860344e-01 1.09353215e-01
    9.74833369e-01 5.11077344e-02 9.37783957e-01 2.74693906e-01
    3.49278182e-01 9.76091385e-01 6.25855803e-01 5.05474925e-01
    2.51741171e-01 9.52067971e-01 1.90669626e-01 9.17314649e-01
    2.85292655e-01 6.43134952e-01 8.88260007e-01 6.52579546e-01
    6.81588054e-01 3.66141200e-01 4.96043891e-01 6.95438445e-01
    2.46241540e-01 3.91134739e-01 8.89158428e-01 6.16427660e-01
    9.15586352e-01 8.19896162e-02 8.31810474e-01 4.65859234e-01
    7.65262187e-01 8.91816318e-01 7.56585419e-01 6.80191278e-01
    1.48111194e-01 5.85156679e-01 9.09896612e-01 6.30379617e-01
    5.53343773e-01 9.24686849e-01 1.39745176e-01 8.76080275e-01
    1.02724284e-01 5.87321997e-01 9.80226099e-01 2.06515491e-01
    1.16547465e-01 4.54405218e-01 3.88433337e-01 9.87995744e-01
    8.49820971e-01 3.94907534e-01 7.32994556e-01 9.10667062e-01
    1.95737690e-01 4.44877803e-01 2.68734694e-01 5.75755239e-02
    3.60484958e-01 2.60907531e-01 7.44529307e-01 2.97116071e-01
    4.77270663e-01 1.05750293e-01 7.01027811e-01 3.21622252e-01
    9.51956213e-01 3.60512972e-01 6.85570359e-01 4.68513370e-03
    7.82768965e-01 3.42900485e-01 8.27581525e-01 8.47698689e-01
    1.07106507e-01 9.99065876e-01 1.95725828e-01 4.45639789e-02
    9.54561949e-01 3.06375504e-01 3.41342241e-01 7.45127320e-01
    8.67617846e-01 8.73836875e-01 7.22712278e-01 2.31423050e-01
    6.64695382e-01 6.75163448e-01 6.87214732e-01 3.85691941e-01
    4.50989217e-01 8.58383656e-01 5.73591292e-01 2.62883365e-01
    5.34324765e-01 2.58467615e-01 1.44584924e-01 6.18800819e-01
    9.19734836e-01 5.38678586e-01 2.90361762e-01 2.33448148e-02
    3.53281021e-01 4.37887430e-01 9.54360247e-01 9.41325188e-01
    2.49183774e-01 8.76300097e-01 1.93599373e-01 8.26320648e-01
    5.32350421e-01 8.08171690e-01 9.32198763e-01 6.41055048e-01
    7.03007400e-01 8.09656739e-01 6.87555850e-01 2.88124263e-01
    6.87614560e-01 5.81092894e-01 6.22512698e-02 1.61428571e-01
    2.64657319e-01 2.18713880e-02 7.86816776e-02 3.55132550e-01
    5.76074362e-01 6.58641338e-01 8.35533500e-01 1.12816393e-01
    9.52085853e-03 6.59191132e-01 4.35986221e-02 8.91800165e-01
    2.88940728e-01 6.39733672e-01 4.43548590e-01 5.90393186e-01
    2.81081170e-01 3.01351488e-01 2.25086302e-01 5.66757739e-01
    1.76709026e-01 3.57751697e-01 6.25728369e-01 3.15130949e-01
    1.19640172e-01 6.68901205e-02 3.37528855e-01 8.17074299e-01
    4.17370707e-01 4.61035103e-01 9.67572570e-01 6.88000500e-01
    6.65153921e-01 5.21631360e-01 7.85142660e-01 4.35417473e-01
    6.26017451e-01 4.52888280e-01 2.13619411e-01 7.92072654e-01
    2.34291077e-01 3.48439395e-01 3.32325488e-01 2.17519373e-01
    9.54625130e-01 8.70784879e-01 2.62036175e-01 7.03315020e-01
    7.53969431e-01 5.95425367e-02 6.17886841e-01 1.52229309e-01
    8.87633324e-01 2.81884730e-01 3.44166666e-01 9.42284405e-01
    9.08611476e-01 4.59536761e-01 9.67265368e-01 1.36875600e-01
    3.48348796e-01 1.81139380e-01 4.36052322e-01 6.15245998e-01
    1.63324922e-01 4.76706803e-01 3.30870688e-01 3.19370657e-01
    6.76133871e-01 3.34284604e-02 3.91709089e-01 6.36530161e-01
    6.40887439e-01 5.78425825e-01 1.42704278e-01 8.92189384e-01
    4.59457278e-01 2.85593510e-01 9.25311685e-01 6.77716553e-01
    3.67870510e-01 6.79132044e-01 2.52206743e-01 1.60185665e-01
    2.05070049e-01 2.60965049e-01 1.71223104e-01 1.14471197e-01
    4.38970804e-01 3.10442746e-01 4.81747448e-01 9.00029182e-01
    9.60594416e-01 6.84540272e-02 6.00807130e-01 4.10055161e-01
    5.49314737e-01 1.80446863e-01 6.18650079e-01 9.08958316e-01
    3.19723248e-01 6.12117589e-01 4.36171889e-02 4.30008829e-01
    2.23635942e-01 8.12061310e-01 6.84965253e-01 4.84397739e-01
    1.05539769e-01 2.27096349e-01 8.45010042e-01 6.45497680e-01
    5.55791020e-01 7.40654349e-01 8.67053807e-01 1.49769366e-01
    1.33847922e-01 1.51846349e-01 4.04930890e-01 2.67403692e-01
    5.73981285e-01 1.66776836e-01 6.82940543e-01 8.72038960e-01
    5.42494476e-01 3.42010140e-01 2.97561288e-01 4.51772273e-01
    4.41570282e-01 1.84645921e-01 5.51237166e-01 3.58513623e-01
    3.65459561e-01 1.78015858e-01 3.56342256e-01 9.97553289e-01
    9.06579792e-02 7.13858485e-01 1.01809800e-01 6.56268597e-02
    6.71433926e-01 6.78750277e-02 8.73782396e-01 3.62368047e-01
    6.98662400e-01 7.92681456e-01 1.69864893e-02 7.02422619e-01
    8.28361154e-01 4.75614607e-01 4.67355847e-01 7.15312958e-01
    7.92022705e-01 8.33486140e-01 1.49100125e-02 6.83519483e-01
    9.57408905e-01 9.52208996e-01 1.87499762e-01 2.17439085e-01
    1.99447304e-01 9.93204594e-01 6.57914102e-01 9.40630317e-01
    4.40913618e-01 9.76156592e-02 4.97455508e-01 2.21195936e-01
    7.96768188e-01 4.91625190e-01 9.26204443e-01 3.51274759e-01
    8.73686314e-01 5.86825073e-01 8.38914633e-01 4.18721139e-02
    2.42791325e-01 8.08779597e-01 7.32195854e-01 8.55026424e-01
    5.61135530e-01 2.06877083e-01 9.57757235e-01 1.26022398e-01
    4.82342988e-01 4.21947122e-01 2.74021775e-01 6.39477313e-01
    5.70302486e-01 8.33596110e-01 8.73329043e-01 3.98904860e-01
    2.87991166e-01 3.55736971e-01 4.05225158e-01 4.97829407e-01
    9.87037420e-01 3.31326604e-01 3.18670630e-01 8.32800448e-01
    7.75250912e-01 8.55998695e-02 5.82099378e-01 8.70372295e-01
    9.15978909e-01 3.56711328e-01 9.76638913e-01 5.54906487e-01
    4.82270777e-01 9.55275297e-01 7.00997531e-01 9.96033609e-01
    9.44904208e-01 8.26647282e-01 3.18482846e-01 4.44319457e-01
    4.02484119e-01 1.55847162e-01 7.71367908e-01 7.40702212e-01
    1.76771045e-01 8.24281693e-01 7.80463398e-01 2.56100416e-01
    8.38136673e-02 4.63374853e-01 5.25805950e-01 9.26142097e-01
    7.80630827e-01 3.03856492e-01 3.48511457e-01 2.09098101e-01
    5.23964286e-01 5.61828613e-02 3.46230388e-01 1.26201779e-01
    7.23369837e-01 9.02718425e-01 7.57562160e-01 7.98331738e-01
    5.15660524e-01 1.56049371e-01 2.75976658e-01 8.13168764e-01
    9.62779284e-01 2.28157014e-01 5.94015479e-01 3.99416953e-01
    7.98391819e-01 1.78125978e-01 2.26339072e-01 3.66848171e-01
    2.29527682e-01 9.39932704e-01 8.52552354e-02 8.18002462e-01
    2.40663260e-01 4.12815779e-01 2.39403605e-01 6.53355420e-01
    9.74143624e-01 4.39371109e-01 9.67518449e-01 6.57315195e-01
    8.28940153e-01 7.53355920e-01 8.58663142e-01 8.58876348e-01
    7.65089631e-01 7.32438982e-01 2.81180382e-01 9.70570445e-01
    1.74101621e-01 5.67757785e-02 8.15768957e-01 7.18159676e-01
    3.17106247e-01 1.10396147e-01 6.57220244e-01 8.32268834e-01
    5.91720402e-01 1.38377011e-01 8.17492008e-01 4.71471071e-01
    6.54661655e-03 1.57783151e-01 6.30343378e-01 6.68717921e-02
    1.48481339e-01 7.69999743e-01 1.22992545e-01 3.77074242e-01
    5.67514658e-01 3.27116787e-01 5.77766895e-01 7.12941527e-01
    5.26355505e-02 2.17705071e-02 7.10826874e-01 6.54047310e-01
    8.74671757e-01 2.93743402e-01 3.96611750e-01 3.82506192e-01
    4.23888683e-01 4.77675915e-01 3.92020881e-01 7.12193847e-01
    9.13147569e-01 3.84710997e-01 8.94382000e-01 3.59626651e-01
    5.90475321e-01 6.13994837e-01 3.21083724e-01 2.39210755e-01
    3.48352641e-01 4.09197807e-02 8.72053266e-01 8.01353216e-01
    6.11305654e-01 1.47949100e-01 9.75622773e-01 7.26089776e-01
    9.58386064e-01 9.27145302e-01 4.89218384e-01 9.79418337e-01
    2.57944763e-02 6.40946031e-02 6.29502773e-01 1.87550664e-01
    2.38015294e-01 5.24871469e-01 3.30317110e-01 9.14646745e-01
    8.67359400e-01 3.32908988e-01 2.55864978e-01 5.50966203e-01
    9.67481613e-01 2.30854332e-01 9.22354519e-01 3.78474176e-01
    1.43337935e-01 8.04323554e-01 5.65349102e-01 9.15756524e-02
    9.35609221e-01 8.96312952e-01 7.01341450e-01 4.97712612e-01
    3.34517628e-01 2.01676875e-01 1.68180317e-01 7.04328060e-01
    7.46984601e-01 6.52926147e-01 2.77956396e-01 6.72307491e-01
    9.59511399e-01 5.01331925e-01 5.31158030e-01 6.01532459e-02
    6.63798392e-01 7.57521868e-01 6.74221396e-01 3.53128493e-01
    2.59896517e-02 6.01957977e-01 5.50190330e-01 7.85032213e-02
    2.33352423e-01 3.96931171e-02 5.34856617e-01 9.07009602e-01
    1.67633891e-02 4.53194976e-01 1.29746258e-01 1.19331837e-01
    3.30793023e-01 7.37223387e-01 7.50439763e-02 1.09409571e-01
    1.86887354e-01 7.46330678e-01 8.27149510e-01 1.12256825e-01
    8.19079161e-01 3.05783868e-01 4.25173789e-01 1.33080095e-01
    7.59002268e-02 2.78719813e-01 2.25182593e-01 3.09707582e-01
    9.78330851e-01 5.38703144e-01 8.75236869e-01 5.83548844e-02
    4.76405025e-01 8.46062422e-01 5.15701294e-01 9.84751523e-01
    9.94354486e-01 9.46488380e-02 8.60339403e-01 6.48202062e-01
    5.68734646e-01 2.91261613e-01 1.46000504e-01 6.90503716e-01
    3.54532063e-01 8.25218916e-01 4.41404104e-01 3.46604705e-01
    9.75755930e-01 3.75058860e-01 6.44544065e-01 7.57062554e-01
    3.29686999e-02 5.69948375e-01 6.45638108e-01 3.98754328e-01
    2.84607887e-01 2.26460695e-01 1.03050888e-01 6.49556875e-01
    9.53154087e-01 4.00509834e-01 4.71573114e-01 4.11045551e-01
    2.02149481e-01 4.73888159e-01 5.88586390e-01 3.26716274e-01
    2.72207856e-01 5.52595556e-01 8.16848159e-01 3.70107383e-01
    5.83586991e-02 8.93855691e-01 1.15932912e-01 6.74603581e-02
    2.92444170e-01 1.40431434e-01 9.72581089e-01 9.19897676e-01
    5.83446562e-01 4.10243988e-01 6.10566318e-01 2.36424625e-01
    6.75382435e-01 3.07673097e-01 6.86725676e-02 1.43709451e-01
    6.72521889e-02 6.19600773e-01 4.96752918e-01 2.63528526e-01
    9.62597430e-01 9.46242571e-01 3.91663581e-01 6.55003309e-01
    3.82411420e-01 4.67083871e-01 7.09951937e-01 1.86409950e-01
    9.85964298e-01 6.95285082e-01 1.78838134e-01 5.40773273e-01
    9.10297275e-01 1.68283880e-01 2.11441845e-01 2.44375765e-01
    4.16752011e-01 7.35847950e-01 2.42500454e-01 7.45545924e-01
    3.37385267e-01 8.43401015e-01 4.16126311e-01 5.39857745e-02
    6.39061630e-01 7.40924716e-01 2.67629534e-01 1.34914845e-01
    4.26650167e-01 4.42553967e-01 8.72237206e-01 1.44997239e-01
    6.27660871e-01 7.12766409e-01 2.13001072e-01 9.35252249e-01
    3.46842140e-01 8.49597216e-01 3.54975283e-01 4.82240021e-02
    4.74968612e-01 1.37269527e-01 1.69046849e-01 8.98242295e-01
    7.61509240e-02 4.47866291e-01 4.21152353e-01 2.82293975e-01
    7.35530138e-01 8.86441588e-01 7.46632159e-01 5.87274551e-01
    5.55040240e-02 5.86077750e-01 7.56808043e-01 7.32014537e-01
    1.08468235e-01 6.10711932e-01 8.42719793e-01 2.61598647e-01
    5.86755395e-01 3.09964746e-01 6.21916354e-01 4.51585591e-01
    4.97607797e-01 7.40040243e-02 3.95726770e-01 3.38542938e-01
    4.28598255e-01 9.05152142e-01 8.87003660e-01 7.39774823e-01
    1.98248506e-01 6.04738355e-01 5.06498277e-01 6.34140253e-01
    5.76172471e-01 6.10108912e-01 3.65662873e-01 1.55949175e-01
    6.02409661e-01 8.75901759e-01 3.64841491e-01 2.62506247e-01
    4.93681073e-01 7.36713111e-01 2.42618144e-01 5.83160639e-01
    2.05099076e-01 2.55417526e-01 6.87496364e-01 3.36081356e-01
    5.13980269e-01 1.47092372e-01 9.89825606e-01 9.09224272e-01
    1.02680445e-01 5.35624623e-01 7.54426122e-01 9.60675359e-01
    6.28378451e-01 8.75508666e-01 8.59231114e-01 1.40475035e-02
    5.89408040e-01 1.15259469e-01 6.92046762e-01 2.25227177e-01
    4.93069887e-01 6.68391526e-01 2.82910466e-01 5.56431830e-01
    8.12661886e-01 5.08589566e-01 3.00270975e-01 8.60875010e-01
    5.49271226e-01 5.65832675e-01 3.57838333e-01 3.49792838e-01
    8.79331470e-01 2.22786248e-01 5.75747669e-01 4.09486800e-01
    4.87191468e-01 9.37096298e-01 1.58402920e-02 8.82821679e-01
    5.63161373e-01 4.13966477e-02 4.06614453e-01 4.01845813e-01
    1.21353716e-01 9.07541275e-01 1.28946036e-01 1.88032091e-01
    8.38289618e-01 9.06086922e-01 6.88291490e-01 2.89840430e-01
    9.77450848e-01 6.07461035e-02 6.58445477e-01 7.38433003e-03
    5.77641010e-01 6.43567562e-01 4.67625082e-01 4.30943131e-01
    9.92058814e-01 9.26533580e-01 6.22645319e-01 5.91997683e-01
    5.21526814e-01 8.41053724e-01 6.35239720e-01 4.64064837e-01
    7.59580731e-01 9.17499065e-01 5.27721941e-01 4.13500547e-01
    6.72513366e-01 7.73413718e-01 2.43221343e-01 7.44400978e-01
    6.20030165e-02 3.77550036e-01 4.09358621e-01 2.75425792e-01
    3.90881926e-01 5.49580932e-01 1.80283964e-01 8.55973601e-01
    4.12290841e-01 1.48192972e-01 3.73829007e-01 7.66512871e-01
    3.85755122e-01 7.17272818e-01 6.66027367e-01 5.28564394e-01
    3.35046887e-01 5.07448554e-01 9.04301643e-01 4.91188526e-01
    4.62165177e-02 8.78120184e-01 6.80996418e-01 5.82073450e-01
    9.23278511e-01 7.29185045e-01 4.85758275e-01 4.65238422e-01
    4.59224880e-02 7.80383587e-01 2.00524718e-01 7.91560233e-01
    8.95477414e-01 3.87633979e-01 5.80548942e-02 1.39548451e-01
    2.70411313e-01 6.10635042e-01 4.09230292e-02 4.39166903e-01
    5.85579753e-01 8.09312344e-01 5.82418144e-01 1.57871932e-01
    9.35139596e-01 2.91717112e-01 2.95684040e-02 9.03334796e-01
    1.16155446e-01 5.11129260e-01 7.34679401e-01 7.98399210e-01
    1.75968766e-01 6.65148497e-01 7.64930725e-01 1.24906570e-01
    6.43861115e-01 7.57607698e-01 2.66604722e-01 6.23999655e-01
    6.68033183e-01 3.86863112e-01 5.03241003e-01 4.27803159e-01
    8.96154225e-01 4.42544103e-01 5.01651049e-01 2.86214828e-01
    9.05756056e-02 7.72764742e-01 5.73670089e-01 3.34597051e-01
    6.95479751e-01 1.31495923e-01 9.15853262e-01 1.48526043e-01
    6.29439235e-01 1.97034180e-02 3.31272513e-01 9.21385765e-01
    6.37528896e-01 7.21176982e-01 4.08030748e-02 2.40031272e-01
    7.87552834e-01 1.12575591e-02 4.77901489e-01 2.25970745e-02
    2.69607574e-01 3.34559977e-02 2.39573985e-01 2.16361254e-01
    8.70574832e-01 2.58105576e-01 3.65338326e-01 7.56310821e-01
    4.88534927e-01 6.21129990e-01 2.40967751e-01 8.39329720e-01
    2.98682153e-01 8.40588927e-01 3.50015819e-01 7.58772612e-01
    5.34506619e-01 3.97410423e-01 6.40317082e-01 5.89999199e-01
    3.79105538e-01 1.52692258e-01 4.40461665e-01 3.24460208e-01
    3.49979997e-02 3.21771830e-01 1.24332309e-01 5.41608930e-01
    3.94765437e-02 4.13381755e-02 8.48238170e-01 4.75115806e-01
    1.00975811e-01 5.29127598e-01 7.33212233e-02 1.78849697e-02
    8.26733470e-01 9.69789267e-01 1.95431858e-01 3.72903258e-01
    8.61908436e-01 2.61496663e-01 3.15323651e-01 4.28047091e-01
    2.79513896e-01 7.69687533e-01 5.16463220e-02 1.56554699e-01
    7.49039888e-01 7.64306843e-01 5.84306598e-01 2.26638108e-01
    5.10319054e-01 1.78461909e-01 6.89505935e-01 6.60573602e-01
    7.75043905e-01 4.40782934e-01 2.16572821e-01 9.40185905e-01
    6.56994462e-01 5.58572233e-01 1.55612856e-01 1.29019618e-02
    4.90080506e-01 2.68059045e-01 8.30892980e-01 9.01659787e-01
    9.10434127e-01 9.90964770e-01 2.70575225e-01 3.49925041e-01
    9.51575279e-01 9.33625698e-02 5.93866348e-01 3.99689078e-01
    7.84478307e-01 7.55145252e-01 4.01824504e-01 7.29910731e-01
    1.46599293e-01 2.51863658e-01 2.49233156e-01 7.12493241e-01
    9.80957091e-01 2.58696973e-01 3.29315484e-01 5.68902850e-01
    7.53529131e-01 8.41700733e-01 3.98141056e-01 9.58084702e-01
    2.25824118e-02 3.77430618e-02 8.04856181e-01 7.88384438e-01
    5.09530723e-01 8.09733987e-01 6.40240192e-01 7.90073991e-01
    9.27316546e-01 5.46996236e-01 6.16615415e-01 4.19633687e-01
    2.31804073e-01 5.17983913e-01 7.01832891e-01 2.71728575e-01
    6.81889534e-01 1.97038591e-01 2.04753935e-01 6.39239252e-01
    6.29463017e-01 4.38680649e-01 5.58376610e-01 1.85283571e-01
    2.67885685e-01 7.27863014e-02 1.47257179e-01 7.96047330e-01
    4.91120577e-01 7.92042434e-01 8.76154661e-01 4.41434503e-01
    1.88670397e-01 2.29425848e-01 3.82295251e-02 3.79125237e-01
    4.82691467e-01 4.95611429e-02 2.44825631e-01 8.46276104e-01
    7.38284111e-01 6.78346038e-01 3.21579695e-01 7.47006953e-01
    9.93410349e-02 6.39861941e-01 1.34524852e-01 9.78858352e-01
    4.04905617e-01 7.21472323e-01 6.69552326e-01 6.53541684e-02
    3.49192917e-02 6.22961879e-01 3.33400190e-01 8.36226106e-01
    9.03894424e-01 9.03007150e-01 9.69686031e-01 5.69008291e-01
    5.43781281e-01 3.79791081e-01 4.20249164e-01 5.60388088e-01
    4.86547500e-01 5.66365004e-01 7.76762366e-01 2.89133370e-01
    7.75754452e-05 5.53382456e-01 3.42205852e-01 8.04886281e-01
    6.40946150e-01 2.96793342e-01 6.88784361e-01 8.72585833e-01
    1.12414181e-01 8.43078077e-01 4.62949604e-01 1.78688526e-01
    4.33332145e-01 7.55209148e-01 8.24942946e-01 7.85686851e-01
    9.69208717e-01 3.97084236e-01 2.86608040e-01 9.22994018e-01
    8.63754630e-01 9.63076234e-01 2.34821767e-01 8.20814908e-01
    8.70962560e-01 6.05407953e-01 9.32056069e-01 1.92950040e-01
    4.09317672e-01 5.67177296e-01 3.07951629e-01 9.88796949e-01
    8.71762574e-01 8.98726285e-02 9.66478348e-01 6.13744438e-01
    8.31015944e-01 7.14814842e-01 3.10991108e-02 8.70387852e-02
    2.63023555e-01 7.65836716e-01 6.91834807e-01 7.71862388e-01
    6.95421576e-01 1.05052173e-01 5.37246227e-01 7.91268468e-01
    4.68905598e-01 5.70167065e-01 5.63948512e-01 2.19056100e-01
    2.26556361e-02 7.15774775e-01 6.23705983e-01 7.56917357e-01
    2.74362296e-01 2.89880931e-01 6.40598655e-01 2.92717338e-01
    1.48637295e-02 9.22817588e-01 8.71904254e-01 7.05362678e-01
    5.67044377e-01 2.84543037e-01 8.43369484e-01 6.57073617e-01
    8.33180070e-01 2.78461069e-01 5.30330896e-01 4.18956578e-02
    5.96100032e-01 7.07277775e-01 9.36667860e-01 1.40601367e-01
    6.38182104e-01 7.71024704e-01 4.37134296e-01 5.32920480e-01
    6.41123772e-01 7.12162316e-01 5.68695247e-01 6.90409303e-01
    5.84435880e-01 8.63474905e-02 1.38439596e-01 1.61223710e-01
    3.80167514e-01 7.68157482e-01 5.83344460e-01 4.51573908e-01
    1.12663031e-01 6.70073986e-01 6.68398261e-01 4.29105759e-02
    9.76297379e-01 7.45361865e-01 3.23026240e-01 2.50942409e-02
    7.76416898e-01 6.49876893e-01 3.61921191e-01 5.81450224e-01
    6.55003965e-01 4.13907945e-01 9.62569475e-01 8.58022571e-02
    6.89440429e-01 1.46027267e-01 1.90020978e-01 5.44356048e-01
    7.53810644e-01 3.18721533e-01 9.01401043e-02 7.99065113e-01
    1.59026891e-01 8.66859734e-01 2.00953007e-01 4.64193285e-01
    4.96143103e-02 3.63730401e-01 5.53571105e-01 3.61892849e-01
    7.19613135e-01 5.45049250e-01 4.29264903e-01 5.03046691e-01
    3.33957672e-01 8.38396788e-01 6.35666788e-01 7.91329741e-01
    9.20554161e-01 4.10321474e-01 9.91378427e-02 2.28042632e-01
    4.21568453e-01 6.60629392e-01 3.04419279e-01 5.69805086e-01
    7.60049403e-01 4.20407325e-01 3.12970221e-01 5.38666487e-01
    3.81604940e-01 9.82525826e-01 3.17819148e-01 2.71916926e-01
    3.48189354e-01 6.23264909e-02 1.69447333e-01 8.15111518e-01
    1.68601483e-01 9.66725469e-01 8.66602600e-01 5.42487383e-01
    8.38125467e-01 3.19455683e-01 6.20109797e-01 5.87218821e-01
    5.72248042e-01 8.24334383e-01 1.58037245e-02 5.34717023e-01
    3.27459306e-01 7.41679072e-01 1.35768533e-01 4.79681492e-01
    7.96404600e-01 2.60473251e-01 1.80033714e-01 5.80875695e-01
    2.63352096e-02 7.07611620e-01 7.69337654e-01 5.40436149e-01
    2.13594228e-01 4.75850672e-01 3.60595942e-01 2.23774105e-01
    5.70595205e-01 6.60732687e-01 8.80782366e-01 9.04089630e-01
    6.72117174e-01 2.34568238e-01 7.75570273e-01 9.87188756e-01
    6.31723642e-01 5.96125245e-01 1.67558730e-01 5.73712647e-01
    7.46304631e-01 6.65779710e-01 8.77878189e-01 8.50881755e-01
    6.66770339e-01 8.13103855e-01 3.02247256e-01 5.25929332e-02
    4.15399373e-02 5.49525917e-01 1.79002643e-01 9.38545108e-01
    4.06317741e-01 6.92968965e-01 8.45184207e-01 4.46891695e-01
    2.46320337e-01 5.79173565e-02 7.44903147e-01 4.10395861e-01
    5.42788327e-01 7.06869066e-02 9.09658909e-01 3.82727742e-01
    8.14148843e-01 3.70730460e-02 8.80965710e-01 9.38870311e-01
    8.04400146e-01 5.11175573e-01 6.36859834e-02 6.43004000e-01
    8.07052553e-01 7.96677172e-01 6.61457837e-01 6.43732965e-01
    5.65843463e-01 9.61106956e-01 8.09979737e-01 5.91359019e-01
    6.47594213e-01 2.29783446e-01 2.32180506e-01 1.12661690e-01
    3.39118958e-01 7.97186494e-01 8.98610771e-01 5.29915631e-01
    3.41878653e-01 3.13741684e-01 4.56523150e-01 8.96443427e-02
    5.68568170e-01 7.38045335e-01 1.68439209e-01 8.96327794e-02
    6.79139555e-01 2.42521793e-01 9.40124273e-01 3.55126828e-01
    7.01918840e-01 6.44021332e-01 3.65155816e-01 9.34518695e-01
    6.41358435e-01 8.94739270e-01 1.81303144e-01 8.36582065e-01
    7.55421281e-01 8.09456408e-01 5.71713209e-01 1.88296586e-01
    8.34992647e-01 9.43807185e-01 5.60310721e-01 3.29123855e-01
    1.13576770e-01 3.35463375e-01 3.27494144e-02 6.90284371e-02
    8.39168191e-01 6.08351648e-01 4.92158681e-01 2.35239089e-01
    7.90635347e-01 3.00461590e-01 4.67643142e-03 5.31542420e-01
    9.91959691e-01 9.83146906e-01 5.61765254e-01 3.34811687e-01
    8.23558211e-01 1.36570513e-01 5.09863436e-01 4.87605363e-01
    9.98225212e-02 2.50893235e-02 1.00959241e-02 1.25923157e-02
    7.14538097e-02 2.11156309e-02 3.54545474e-01 3.71075988e-01
    8.27362418e-01 2.24923462e-01 9.54518437e-01 4.24148679e-01
    5.39470315e-01 7.78167367e-01 8.67213309e-01 2.59557068e-01
    6.71617389e-02 4.74593103e-01 6.99256659e-01 2.76751369e-01
    3.41208130e-01 2.10214466e-01 7.31267929e-01 3.51833880e-01
    4.02268052e-01 1.92660719e-01 3.54178071e-01 8.77123475e-01
    5.55663645e-01 6.52424216e-01 7.96358228e-01 9.73685741e-01
    3.29954177e-01 5.93050182e-01 4.47527319e-01 4.61180866e-01
    8.87981355e-02 1.73966259e-01 9.81676221e-01 8.78415287e-01
    3.86795551e-01 6.81626022e-01 8.31433654e-01 2.38505960e-01
    4.93902951e-01 8.77835870e-01 7.04322815e-01 7.05397427e-02
    3.95861685e-01 3.34114730e-01 1.14313543e-01 1.36703819e-01
    9.53329206e-01 1.85549080e-01 2.74089038e-01 1.35938138e-01
    7.20429718e-02 3.51087540e-01 5.61122656e-01 9.01747644e-01
    7.70635128e-01 7.43007123e-01 4.23495531e-01 1.40378326e-01
    4.83639002e-01 4.77380276e-01 3.30665290e-01 1.07412636e-02
    1.89784497e-01 4.94705528e-01 8.00508618e-01 6.84350133e-01
    4.93439794e-01 9.93628979e-01 1.01583004e-02 8.28136683e-01
    4.40467834e-01 5.44663012e-01 7.40293384e-01 3.32976222e-01
    7.64827251e-01 9.91522789e-01 5.07227600e-01 5.80443084e-01
    8.32432210e-01 6.89008713e-01 2.26350576e-01 5.88784993e-01
    9.25393105e-01 2.01445967e-01 4.89908606e-01 7.82130122e-01
    2.53276497e-01 7.57854223e-01 3.43378216e-01 8.43085408e-01
    2.04231471e-01 3.39968622e-01 3.45365465e-01 4.05729741e-01
    3.43347192e-01 1.62478685e-02 7.62922287e-01 7.41135597e-01
    5.32569468e-01 3.38034868e-01 9.46950436e-01 9.80534792e-01
    1.44971132e-01 8.86691809e-01 6.48551941e-01 1.57907158e-01
    3.95039141e-01 4.09737766e-01 7.31534123e-01 7.75056481e-01
    1.80872858e-01 9.57444906e-01 3.53297651e-01 6.38133347e-01
    4.06134784e-01 1.98517501e-01 5.72335899e-01 2.64374554e-01
    8.13994229e-01 2.42681026e-01 7.29259014e-01 5.57776093e-01
    5.72479665e-01 9.30119693e-01 4.63416845e-01 5.70866942e-01
    7.53106236e-01 9.03774202e-02 6.04558527e-01 7.22116828e-02
    1.36566043e-01 4.20873404e-01 4.00490880e-01 6.39655590e-01
    6.73071861e-01 3.83696020e-01 9.85963702e-01 3.80932152e-01
    4.83705819e-01 4.28566158e-01 9.21288729e-01 4.78909492e-01
    8.51828277e-01 1.55897856e-01 1.28239065e-01 9.50425386e-01
    5.51033318e-02 6.58112168e-01 8.20236444e-01 8.49943161e-01
    3.36548746e-01 6.00964129e-01 8.95134032e-01 7.23655939e-01
    2.74669647e-01 3.04512084e-01 4.74871069e-01 3.02068353e-01
    4.15830016e-01 1.98899031e-01 4.38556850e-01 4.42045331e-01
    5.52460372e-01 3.54249299e-01 5.06970465e-01 7.64361203e-01
    6.50489390e-01 6.46010995e-01 3.75732601e-01 4.92916793e-01
    4.46639508e-01 2.26875335e-01 3.89008671e-01 9.25705910e-01
    1.62697583e-01 5.53799510e-01 9.89178181e-01 1.84537530e-01
    8.73196602e-01 2.56820410e-01 7.85484552e-01 6.80970550e-01
    3.95081252e-01 3.35730255e-01 3.19690824e-01 2.47005522e-02
    1.88963592e-01 5.20259500e-01 6.33843064e-01 6.01853967e-01
    6.74626112e-01 1.06784165e-01 3.29335451e-01 2.46119380e-01
    5.07171094e-01 2.80854285e-01 5.00366390e-01 8.60307932e-01
    1.20507509e-01 4.38861638e-01 4.95357841e-01 8.32796216e-01
    3.33680868e-01 7.04656780e-01 8.74156475e-01 6.46473825e-01
    9.24390852e-02 5.47271967e-01 1.69499516e-02 8.65632892e-01
    4.30466712e-01 9.10797119e-01 2.94867247e-01 6.30271673e-01
    8.12883735e-01 4.94981110e-01 9.35757995e-01 8.24973047e-01
    7.26727545e-01 3.64461899e-01 9.22049582e-02 4.99128461e-01
    5.33890486e-01 4.41114247e-01 7.48500705e-01 5.23077548e-02
    1.12482578e-01 1.43388391e-01 1.13040149e-01 8.75658095e-01
    1.65714473e-01 6.06002688e-01 6.99771047e-01 5.40538728e-01
    2.44666100e-01 8.51291537e-01 8.86641145e-01 9.62781549e-01
    9.15030062e-01 4.90422904e-01 5.53544164e-02 6.70583248e-01
    5.12381732e-01 1.24391913e-02 6.11449242e-01 3.47145975e-01
    4.58984733e-01 1.70178533e-01 8.46429825e-01 2.11493790e-01
    4.17836249e-01 9.74746108e-01 9.75038469e-01 2.89987683e-01
    2.07181215e-01 5.83017170e-01 7.00389206e-01 9.41489577e-01
    6.20848238e-01 9.21759009e-01 4.48912889e-01 2.70532489e-01
    7.76051939e-01 5.25454819e-01 4.03458834e-01 7.72111237e-01
    4.73844409e-02 2.69336581e-01 4.89689410e-02 9.89073157e-01
    5.97408891e-01 4.20498401e-01 3.73844206e-01 4.11432981e-01
    2.61883140e-02 2.30012625e-01 9.72847521e-01 2.26927429e-01
    7.90546775e-01 1.04484737e-01 5.20393431e-01 5.84499359e-01
    2.89661944e-01 3.91444385e-01 1.79165363e-01 5.09719849e-02
    9.72019792e-01 5.90754986e-01 5.14098883e-01 8.83670568e-01
    5.63400984e-01 2.96391845e-01 1.40211731e-01 1.67599320e-03
    3.10884863e-01 1.81671321e-01 3.02325249e-01 4.60995138e-01
    6.86135054e-01 6.98258638e-01 2.23611593e-01 4.09416020e-01
    8.38711262e-02 9.68120813e-01 4.89241123e-01 9.02403235e-01
    1.67183101e-01 1.31108165e-01 5.50217628e-01 7.54444897e-01
    9.37436640e-01 2.21156329e-01 5.38511515e-01 9.69894350e-01
    6.89762712e-01 4.56609726e-02 2.98208833e-01 5.70044577e-01
    5.98494828e-01 9.15722489e-01 1.08482182e-01 5.46721995e-01
    5.63181162e-01 6.20835006e-01 3.12055767e-01 5.53674698e-01
    7.71681070e-01 8.94231975e-01 8.47624719e-01 5.58193505e-01
    7.26072431e-01 9.22508240e-01 6.45218611e-01 6.16368115e-01
    5.33652067e-01 6.19463623e-01 4.78539944e-01 1.35140091e-01
    2.67771661e-01 4.47377235e-01 8.87759566e-01 9.95413065e-01
    1.61297381e-01 1.62082732e-01 9.77528095e-02 8.45632195e-01
    7.21886933e-01 1.92811280e-01 7.52204657e-01 2.37736940e-01
    9.67878103e-01 7.54418731e-01 8.86131346e-01 4.67628002e-01
    6.77673578e-01 6.97588921e-02 9.24656034e-01 3.85156304e-01
    2.17153817e-01 4.45934236e-01 2.94832289e-01 9.58505630e-01
    1.45279646e-01 1.57283843e-02 2.97225058e-01 9.09228921e-01
    6.24445617e-01 7.16800690e-01 7.71970093e-01 1.74091518e-01
    2.28926390e-01 6.12622321e-01 2.16174513e-01 6.20081127e-02
    9.45363820e-01 7.78173864e-01 8.86363029e-01 2.03044534e-01
    5.18745184e-01 5.71100295e-01 5.43595195e-01 6.90890431e-01
    1.40675902e-02 9.88166451e-01 7.17595756e-01 5.01357496e-01
    5.62691689e-03 4.91390496e-01 5.76524734e-01 6.03716791e-01
    9.57153320e-01 3.26424718e-01 5.62105596e-01 1.32664353e-01
    7.25301802e-02 3.00521284e-01 9.21965361e-01 6.54849708e-01
    8.23331237e-01 2.95996308e-01 3.75895619e-01 4.44600135e-01
    3.76033187e-02 4.00755078e-01 1.43069357e-01 1.16616517e-01
    1.52385324e-01 4.77259010e-01 9.23360705e-01 6.17879808e-01
    9.82478678e-01 7.55315423e-01 5.35622239e-01 5.39657533e-01
    7.64877856e-01 6.18537545e-01 8.75715971e-01 7.18268275e-01
    5.43104708e-01 2.32437402e-01 6.53796613e-01 4.38523442e-01
    1.90764368e-01 8.05050790e-01 7.02100575e-01 8.77116024e-01
    4.27621841e-01 5.88822603e-01 5.98142147e-02 4.05091345e-02
    5.02811074e-02 3.01973701e-01 1.41190112e-01 7.10478783e-01
    6.00091577e-01 7.49001801e-01 9.12269711e-01 9.97958422e-01
    9.67438102e-01 7.96228707e-01 2.33568728e-01 3.53336036e-01
    4.85292554e-01 2.25385040e-01 1.65845871e-01 9.12753642e-01
    3.72453213e-01 9.55645084e-01 4.66509640e-01 4.16959018e-01
    7.93121934e-01 5.72125256e-01 7.17513025e-01 8.18569839e-01
    3.85495305e-01 5.18271446e-01 9.63448167e-01 4.08363670e-01
    8.19482565e-01 5.71709812e-01 4.49933112e-01 2.42516041e-01
    5.20483792e-01 2.38893390e-01 3.50100935e-01 1.19918942e-01
    9.68866825e-01 7.87544847e-01 7.21988857e-01 4.82412994e-01
    8.13902318e-01 1.31115705e-01 1.33983642e-01 2.02142835e-01
    2.92431325e-01 1.55763119e-01 3.61952215e-01 3.92466187e-02
    2.43768990e-01 7.53682613e-01 6.26011729e-01 6.58327997e-01
    5.27479470e-01 5.40446401e-01 9.32511330e-01 5.21723151e-01
    6.33271575e-01 7.51893640e-01 5.04791141e-02 5.36180854e-01
    2.02391744e-02 3.21265638e-01 5.29679358e-02 8.05393577e-01
    6.07874334e-01 2.40486771e-01 8.99999976e-01 9.50639248e-01
    2.09443957e-01 3.51149440e-01 1.93510145e-01 6.82053566e-01
    7.46710062e-01 9.49536860e-01 3.04786801e-01 2.48406410e-01
    9.66789842e-01 9.95964229e-01 1.40545309e-01 5.82953274e-01
    8.40521812e-01 4.85110283e-03 3.28490734e-01 3.32622826e-01
    2.26138055e-01 8.32311511e-01 9.48047876e-01 2.40013570e-01
    2.21500635e-01 7.57283449e-01 6.70032084e-01 5.57645977e-01
    2.04716921e-01 2.25574613e-01 7.35808134e-01 4.14732695e-01
    1.21896327e-01 8.71384084e-01 6.23910427e-01 4.54413295e-02
    5.07222533e-01 5.87642372e-01 1.26701325e-01 4.98753965e-01
    4.11765754e-01 1.03662610e-02 4.90063697e-01 8.05060983e-01
    9.41112697e-01 2.69566715e-01 6.84852600e-02 6.45425141e-01
    6.47898912e-01 8.26819777e-01 3.26030791e-01 2.24473655e-01
    1.28135234e-01 6.88405633e-01 1.23584390e-01 9.82310891e-01
    5.53615391e-02 9.20069218e-01 2.40530044e-01 2.04872876e-01
    6.26377463e-01 8.29896927e-01 6.42889142e-02 5.63541651e-02
    3.35451275e-01 6.52218103e-01 6.69672906e-01 2.99391329e-01
    3.46846521e-01 4.62907612e-01 8.96392107e-01 9.37211454e-01
    9.67140555e-01 6.29425526e-01 2.52719462e-01 9.50005531e-01
    2.91366100e-01 8.27064812e-02 5.09580672e-02 8.21113586e-04
    9.48103309e-01 8.01176906e-01 2.67559290e-01 2.41479307e-01
    6.25318170e-01 3.66031349e-01 8.34983706e-01 4.04048622e-01
    6.38882279e-01 5.49179673e-01 4.82240707e-01 5.19544661e-01
    1.75893188e-01 5.52104712e-01 7.86066532e-01 1.91197395e-01
    8.72353017e-01 7.57442832e-01 8.26156080e-01 8.95381689e-01
    4.14872766e-02 1.53563142e-01 5.36117315e-01 8.17913711e-02
    9.91616607e-01 6.37661755e-01 8.83782983e-01 8.16934407e-01
    8.80796254e-01 7.20574558e-01 4.31818336e-01 6.12426043e-01
    8.00515413e-02 2.34389782e-01 3.88308465e-01 6.47226870e-01
    7.50938058e-02 4.81694341e-02 9.59214270e-02 3.41121316e-01
    2.17198402e-01 9.13907528e-01 8.06790590e-01 3.82644445e-01
    5.64656436e-01 9.60523009e-01 2.65905350e-01 6.13714755e-02
    2.92658806e-01 1.55689865e-01 1.16234988e-01 6.22028410e-02
    7.60353208e-02 9.21452224e-01 6.50587201e-01 6.32901788e-01
    1.60939902e-01 4.65986162e-01 6.31745279e-01 3.07090878e-01
    6.01408482e-01 7.90538073e-01 4.80944216e-02 1.79517984e-01
    3.35241258e-02 8.92143726e-01 8.68540406e-01 7.50898957e-01
    2.17333049e-01 9.53054607e-01 1.89939141e-03 7.26759434e-04
    6.36678636e-02 3.92914236e-01 3.85008812e-01 3.36136639e-01
    3.60787213e-01 5.89390516e-01 4.14712161e-01 3.45555425e-01
    1.73281342e-01 1.24458820e-01 6.98897004e-01 8.88186455e-01
    6.78267837e-01 6.72463894e-01 7.01073587e-01 2.43099958e-01
    3.17259431e-02 8.40448380e-01 1.19505882e-01 2.69404471e-01
    5.35974801e-01 4.70139414e-01 3.82678300e-01 5.43374419e-01
    8.32285881e-01 6.64410770e-01 6.74911022e-01 1.44479632e-01
    2.03165710e-01 3.61253262e-01 2.41414398e-01 6.51075363e-01
    6.17871463e-01 2.36108243e-01 7.90317893e-01 7.07332909e-01
    3.76252323e-01 9.06609893e-01 3.26532334e-01 3.20261180e-01
    5.27395666e-01 8.08157444e-01 8.12376142e-01 3.11193168e-01
    4.93196994e-01 1.32738113e-01 7.79579639e-01 5.26358664e-01
    2.68947691e-01 5.29644191e-01 5.01661181e-01 7.01109111e-01
    6.78976536e-01 4.23918903e-01 8.78262699e-01 5.20969927e-01
    3.82057458e-01 3.58309120e-01 3.96219045e-01 3.85637283e-02
    2.55589068e-01 6.16953611e-01 7.79119432e-02 7.85620093e-01
    7.99874067e-02 2.53944129e-01 5.90380907e-01 9.10902143e-01
    3.40219855e-01 6.82897210e-01 1.86172307e-01 9.11717117e-02
    9.42067742e-01 4.45206761e-02 6.72831297e-01 2.91911066e-01
    8.76775384e-01 4.82947677e-01 1.04350448e-01 3.97735536e-01
    5.56846559e-02 5.57816744e-01 3.30980241e-01 6.46698296e-01
    3.79792869e-01 7.38222480e-01 6.56696081e-01 1.27480686e-01
    4.87177312e-01 7.96885073e-01 1.48805290e-01 1.78611010e-01
    6.33249998e-01 2.98310250e-01 4.68636811e-01 6.68288231e-01
    5.54822862e-01 3.70866835e-01 1.78419948e-01 2.39712745e-01
    4.48853612e-01 8.81476998e-01 9.23509002e-01 2.32709467e-01
    2.16217071e-01 8.15321028e-01 2.14303732e-01 9.56712008e-01
    9.56851184e-01 1.33987069e-02 8.68076503e-01 2.74505615e-01
    8.25048447e-01 9.08098578e-01 3.44394922e-01 2.68895835e-01
    1.48849875e-01 6.03248179e-01 1.14448041e-01 8.14129710e-01
    9.02714968e-01 1.29649043e-03 1.84080780e-01 7.59969473e-01
    6.17767036e-01 3.55439454e-01 4.70882356e-02 8.77595961e-01
    2.03469068e-01 1.35845065e-01 4.27636832e-01 1.43316239e-01
    6.32273555e-01 3.31971496e-01 4.82339472e-01 8.33273232e-01
    5.42878687e-01 1.54050708e-01 6.72542930e-01 7.59178698e-01
    6.29822969e-01 8.98605108e-01 8.42477322e-01 7.92568266e-01
    6.18833423e-01 8.96495700e-01 6.37826145e-01 3.53596389e-01
    7.19295919e-01 8.48663747e-02 9.86985564e-01 8.16040993e-01
    9.61142957e-01 1.52426064e-01 7.76467562e-01 9.30071235e-01
    5.68976104e-02 4.40749168e-01 3.40805560e-01 1.56894922e-02
    5.32916605e-01 2.03359067e-01 6.04376197e-01 5.46200871e-01
    1.14711285e-01 3.06810886e-01 2.18633354e-01 2.39402503e-01
    3.70889634e-01 1.56823993e-01 9.80115175e-01 2.66753793e-01
    2.18917012e-01 2.50432312e-01 7.58998156e-01 9.55178618e-01
    7.21490264e-01 1.54211968e-01 6.21186078e-01 2.79107004e-01
    3.16947043e-01 9.40101802e-01 5.68757713e-01 8.22070599e-01
    9.47524846e-01 7.45490789e-02 8.12701941e-01 6.77438319e-01
    1.97094351e-01 7.72314310e-01 4.97954547e-01 2.79817104e-01
    4.63838637e-01 7.23791897e-01 8.56010318e-01 2.79630929e-01
    2.04292238e-01 4.69770283e-01 7.94898510e-01 4.68420565e-01
    5.98094523e-01 9.94407177e-01 9.34933901e-01 9.78903770e-01
    8.79664779e-01 1.37656599e-01 6.91170394e-01 3.79353493e-01
    1.35377139e-01 1.70420080e-01 7.40435660e-01 1.82813942e-01
    3.94914269e-01 8.23953032e-01 4.20997292e-01 4.70947325e-02
    6.57564700e-01 2.26409733e-01 9.44164217e-01 4.87298310e-01
    9.53037620e-01 4.88301396e-01 9.07621443e-01 4.21276987e-01
    6.82090282e-01 2.47972846e-01 7.66947687e-01 6.65073037e-01
    1.71618283e-01 3.44154239e-02 5.36861002e-01 8.78131390e-02
    7.55649805e-01 9.15610075e-01 1.57448590e-01 3.71424228e-01
    6.33646011e-01 9.01585221e-02 1.60145432e-01 5.52519083e-01
    7.27512002e-01 9.19398785e-01 7.79357851e-02 1.19557232e-01
    2.35337555e-01 7.74213672e-01 8.38693857e-01 7.66355515e-01
    1.27813458e-01 4.27619547e-01 2.99804866e-01 5.73422849e-01
    5.64958632e-01 8.95711005e-01 9.29440141e-01 1.98705405e-01
    8.65093827e-01 9.63240504e-01 8.81008625e-01 5.02235830e-01
    4.78531927e-01 5.37565410e-01 3.84199083e-01 7.01708674e-01
    5.84816217e-01 2.77241170e-01 8.92424285e-01 2.16055721e-01
    1.60135120e-01 3.22133660e-01 2.41446435e-01 2.46567845e-01
    8.57286572e-01 4.18605506e-01 5.82348645e-01 4.34331894e-01
    9.53533292e-01 2.40614176e-01 2.48544246e-01 3.08680236e-01
    9.21733856e-01 5.07492006e-01 2.51791000e-01 6.46944284e-01
    7.43402302e-01 9.85709429e-01 3.56779337e-01 4.37721729e-01
    8.27926219e-01 2.92074084e-01 1.37911141e-01 2.16221482e-01
    7.44668722e-01 8.82984638e-01 2.56186068e-01 3.25345248e-01
    8.42602015e-01 7.72015691e-01 1.27032697e-02 9.38256741e-01
    5.98762751e-01 3.80909503e-01 6.55617595e-01 6.12723410e-01
    2.07244694e-01 4.88425791e-02 4.30960268e-01 4.70225871e-01
    5.21360040e-01 1.67872190e-01 3.22617888e-01 7.59408057e-01
    8.00523520e-01 2.09678769e-01 1.00730360e-02 8.16699266e-02
    9.85048175e-01 8.13870728e-01 7.82909572e-01 1.67131275e-01
    3.58653694e-01 4.10414040e-01 4.48159248e-01 6.64471865e-01
    9.11803365e-01 9.58896637e-01 7.23974645e-01 9.76091802e-01
    3.88661623e-01 4.56843227e-01 5.58701456e-01 4.95208621e-01
    3.90234888e-02 5.86266041e-01 7.29894936e-02 6.63792551e-01
    7.16662288e-01 5.38951159e-01 3.94956082e-01 1.56031549e-02
    9.88863766e-01 6.66238308e-01 1.25803858e-01 3.27096522e-01
    8.55427980e-02 9.45297897e-01 9.78850365e-01 1.07250810e-02
    7.74621367e-01 2.64459878e-01 2.43347794e-01 2.11016834e-01
    8.31188679e-01 6.40544653e-01 5.49434662e-01 5.87819755e-01
    3.80109847e-02 6.39459491e-01 1.87758386e-01 4.52469856e-01
    2.39711761e-01 9.91180420e-01 6.39267862e-02 4.01585698e-01
    3.32487434e-01 4.05425638e-01 2.07068324e-02 2.06530303e-01
    1.70828938e-01 7.40891993e-01 2.74129599e-01 9.27380919e-01
    2.42049545e-01 7.39144087e-01 9.62831497e-01 2.60380507e-02
    6.43441975e-01 1.69832617e-01 4.42888528e-01 3.70641917e-01
    1.86109513e-01 3.92118067e-01 5.42362690e-01 4.49653894e-01
    3.60484719e-02 2.33097970e-01 3.04698557e-01 3.70799601e-02
    9.58372951e-01 5.45649171e-01 2.61024237e-01 3.42937171e-01
    5.71747243e-01 8.18183899e-01 9.13142920e-01 5.11694252e-02
    6.63241267e-01 9.64571476e-01 6.98152721e-01 6.79284573e-01
    6.16218925e-01 3.87496978e-01 8.18652391e-01 8.77887845e-01
    3.52724075e-01 4.65387583e-01 5.18061936e-01 7.10800648e-01
    7.03264236e-01 3.82462502e-01 6.50105953e-01 2.19614714e-01
    6.59946799e-01 5.34505248e-01 3.32114518e-01 8.78373921e-01
    9.87511277e-02 5.54679215e-01 7.24543631e-01 8.88679326e-01
    1.46599561e-01 4.89763856e-01 9.66710210e-01 6.69368923e-01
    4.24020320e-01 5.31521618e-01 8.64675939e-01 9.62163389e-01
    2.57842362e-01 3.95351917e-01 8.43989372e-01 3.70982528e-01
    7.24286973e-01 3.40528786e-01 3.84231001e-01 8.91118646e-01
    5.93587399e-01 6.84205294e-01 6.74618185e-01 4.38694656e-02
    1.15910351e-01 1.30390286e-01 4.37133491e-01 9.02129948e-01
    7.59038687e-01 1.50766671e-02 2.17639834e-01 5.72879016e-02
    3.72042000e-01 6.86776340e-01 8.65707517e-01 8.68111312e-01
    6.43622577e-02 1.02429450e-01 5.06744623e-01 6.14824176e-01
    9.01248097e-01 7.06054568e-01 3.12093496e-01 8.84396791e-01
    5.79429150e-01 9.15551662e-01 5.16729891e-01 7.01831460e-01
    5.41308582e-01 9.77562368e-02 7.82434642e-01 2.23889410e-01
    7.60822654e-01 8.07947636e-01 5.55426955e-01 2.56509781e-01
    6.60765409e-01 5.77606261e-02 8.89845908e-01 1.68160975e-01
    5.41286767e-02 2.44826972e-01 5.43616056e-01 8.53871107e-01
    9.61026788e-01 7.59113371e-01 6.54323280e-01 4.22002017e-01
    5.15918493e-01 1.19910330e-01 5.00823617e-01 4.15043950e-01
    7.94977069e-01 8.76488924e-01 1.93291634e-01 9.55535293e-01
    2.28698224e-01 9.92833138e-01 6.11462295e-01 4.01494205e-02
    1.08891815e-01 9.08551812e-01 4.65031952e-01 4.17195648e-01
    1.15847528e-01 3.97649080e-01 2.19993740e-01 6.32286966e-01
    1.20783538e-01 4.20766562e-01 3.84769738e-02 5.26303649e-01
    4.05248076e-01 6.54692948e-01 9.67115283e-01 8.25866461e-01
    3.84525120e-01 8.95919383e-01 5.01895726e-01 8.40750992e-01
    6.03281796e-01 6.76859677e-01 6.70299232e-01 7.59255707e-01
    5.92493355e-01 9.96245444e-02 6.45672500e-01 5.36688566e-02
    9.53042924e-01 4.64699864e-01 8.37754250e-01 3.70270610e-01
    4.16708827e-01 3.16050559e-01 3.64719391e-01 2.26287097e-01
    9.39088404e-01 4.89228904e-01 5.10243893e-01 1.44008458e-01
    9.02889669e-02 8.49470496e-02 1.77905530e-01 7.36581445e-01
    9.18472826e-01 2.98647583e-01 1.26761734e-01 9.23881650e-01
    4.65864152e-01 4.93934453e-01 7.76504755e-01 3.11159164e-01
    2.59008586e-01 7.95170546e-01 2.05965251e-01 1.42235816e-01
    9.32014823e-01 7.96847224e-01 2.05789506e-02 8.94733906e-01
    2.65260667e-01 2.66322017e-01 7.83819199e-01 1.57194853e-01
    6.73808098e-01 7.28735209e-01 2.64331520e-01 9.49938059e-01
    1.67222261e-01 9.65965092e-02 5.27587771e-01 2.86957741e-01
    2.32406646e-01 9.81571376e-02 4.50598300e-01 4.80688840e-01
    9.62078452e-01 7.48250067e-01 9.53986108e-01 6.63190901e-01
    5.48611522e-01 8.19132566e-01 3.77005100e-01 8.70066762e-01
    9.19333696e-01 9.46003437e-01 9.00691390e-01 8.53066206e-01
    8.61805379e-01 2.26459593e-01 3.54622513e-01 5.09439766e-01
    2.77860463e-02 4.38738585e-01 9.81393576e-01 1.78123772e-01
    2.70694643e-01 7.90998459e-01 1.14998221e-02 1.73119992e-01
    4.12744761e-01 9.10994053e-01 4.56674218e-01 9.81334627e-01
    9.15853620e-01 6.66231632e-01 4.14764643e-01 5.58709145e-01
    9.19491947e-02 7.28723168e-01 8.10363531e-01 3.58607620e-01
    6.95426345e-01 5.43659866e-01 9.76311624e-01 7.74598777e-01
    2.38728076e-01 1.55609250e-02 5.00096619e-01 3.67598444e-01
    6.18186474e-01 1.59117848e-01 5.05018532e-01 5.81076562e-01
    4.07561958e-02 2.73354858e-01 4.54470009e-01 5.04725814e-01
    3.03454876e-01 8.70113492e-01 4.56832379e-01 2.65633374e-01
    5.69776654e-01 2.18521565e-01 7.18282402e-01 6.21143043e-01
    3.30526710e-01 9.52461004e-01 5.83460927e-03 4.36460644e-01
    2.08160937e-01 4.57805037e-01 9.51383889e-01 1.41100615e-01
    3.50054562e-01 2.37677813e-01 9.23496962e-01 4.13845539e-01
    8.00838947e-01 1.30224228e-02 8.59182477e-01 8.28531623e-01
    3.51868033e-01 5.86879313e-01 9.53574300e-01 7.65407681e-02
    2.04734027e-01 5.20171642e-01 2.22502589e-01 8.60741436e-02
    8.45797062e-01 4.33816522e-01 1.09631389e-01 9.96676803e-01
    5.80799758e-01 2.18775064e-01 3.69601548e-01 2.99314916e-01
    7.78377295e-01 3.99532497e-01 7.48753667e-01 3.01035702e-01
    2.29543477e-01 3.71633708e-01 5.78100562e-01 4.24751848e-01
    6.62160397e-01 1.61525488e-01 2.70377696e-01 1.43640637e-02
    8.94944549e-01 7.16472208e-01 2.40378886e-01 1.74099028e-01
    7.60912895e-01 2.09624678e-01 2.39204466e-01 9.96145964e-01
    5.07600009e-02 5.78379631e-03 5.99963129e-01 4.77612734e-01
    2.23298192e-01 7.72280395e-02 8.09130847e-01 3.13367724e-01
    1.04960650e-01 9.08770919e-01 2.33116359e-01 4.46276218e-01
    3.97378862e-01 5.67724466e-01 7.92484879e-01 2.90170938e-01
    7.76413381e-02 3.41519117e-01 9.55942750e-01 4.88517314e-01
    8.28477859e-01 1.07657880e-01 5.71965516e-01 5.92628598e-01
    5.82928121e-01 6.21641576e-02 4.38628495e-01 3.86198044e-01
    2.00407296e-01 7.79610157e-01 3.71731758e-01 1.17515445e-01
    4.75670755e-01 3.26078236e-01 1.89491004e-01 7.46389389e-01
    2.07094193e-01 3.64868343e-02 1.27734989e-01 2.92337835e-01
    4.74960268e-01 3.77520591e-01 6.13420427e-01 8.23719859e-01
    2.80146599e-01 5.38656175e-01 2.89236605e-02 9.21008110e-01
    7.58861423e-01 9.28758860e-01 6.36405349e-01 6.47259772e-01
    4.15574551e-01 2.68469304e-01 3.86351049e-01 2.75291264e-01
    3.11515093e-01 5.58008254e-01 1.95720941e-01 9.50529933e-01
    7.54098713e-01 4.16343987e-01 4.31368113e-01 7.00853586e-01
    8.24826479e-01 7.89070964e-01 1.09785825e-01 6.13763213e-01
    6.31101668e-01 6.01324320e-01 4.52902794e-01 6.34900749e-01
    7.15295434e-01 7.36678183e-01 2.89052725e-04 3.08097601e-01
    8.53920579e-01 5.79876602e-01 6.27532244e-01 3.46714020e-01
    1.74242765e-01 1.45100534e-01 3.53037953e-01 2.19919503e-01
    6.50615513e-01 8.40856671e-01 4.19327855e-01 8.07144344e-01
    1.63967580e-01 9.45194960e-01 8.03849339e-01 4.63053256e-01
    2.70774215e-01 5.89646518e-01 9.09882367e-01 1.87272727e-01
    7.75865197e-01 1.53267145e-01 2.46982276e-01 6.12037539e-01
    4.66553092e-01 5.27879417e-01 7.83801973e-01 1.82100087e-01
    6.93929970e-01 6.46169543e-01 7.12621331e-01 3.80100518e-01
    3.59604478e-01 9.83388186e-01 7.10979700e-02 9.42561865e-01
    2.11975455e-01 9.21596169e-01 7.17453361e-01 2.90023685e-02
    4.50424850e-01 7.62713373e-01 8.83466840e-01 3.32620203e-01
    8.96633029e-01 2.71581709e-02 8.16038132e-01 3.60662133e-01
    8.51417542e-01 4.62298781e-01 7.40899563e-01 6.64818108e-01
    5.04059196e-02 1.81532115e-01 1.00110918e-01 7.66249299e-01
    3.30961108e-01 9.44117904e-02 6.13883972e-01 6.27915978e-01
    8.29199910e-01 2.88840830e-02 7.32490182e-01 7.12173462e-01
    8.69910836e-01 1.73310846e-01 8.02381516e-01 4.07294571e-01
    4.36920196e-01 1.77510828e-01 9.20998931e-01 1.71470910e-01
    9.58849072e-01 7.80691981e-01 5.00067294e-01 5.61796665e-01
    1.74484998e-01 4.28757966e-02 6.86732650e-01 8.70372415e-01
    9.13656950e-02 2.54881859e-01 9.55028653e-01 2.82149613e-01
    2.17561245e-01 4.54781085e-01 7.02275813e-01 4.05873448e-01
    1.81165874e-01 2.49414504e-01 5.29139698e-01 3.87553215e-01
    4.72630382e-01 2.33674347e-01 5.53942680e-01 2.93665975e-01
    1.43916279e-01 1.72504663e-01 3.59664679e-01 4.08185005e-01
    7.94499278e-01 6.97645843e-02 1.37124389e-01 7.99458861e-01
    3.17375064e-02 9.01182950e-01 9.61971462e-01 4.58159029e-01
    8.16588104e-01 3.09838355e-01 3.15269321e-01 4.78166819e-01
    5.00626564e-01 4.54314083e-01 1.12990409e-01 6.43675685e-01
    9.94764268e-01 3.17250133e-01 6.12488031e-01 5.72305083e-01
    9.28590059e-01 8.70833755e-01 3.65045786e-01 8.64383340e-01
    9.66382921e-02 3.81041825e-01 5.46892285e-01 2.22279131e-02
    8.85999560e-01 2.43799835e-01 7.10363507e-01 1.10145032e-01
    9.14935470e-02 1.74083292e-01 5.81268013e-01 8.75595212e-02
    8.45904708e-01 1.86534524e-01 4.00199831e-01 6.60859168e-01
    7.05986917e-01 9.86114144e-01 7.23569095e-02 3.08871150e-01
    1.32416487e-01 7.07470655e-01 6.81473494e-01 2.17793703e-01
    3.80917042e-01 9.71607089e-01 4.01070803e-01 8.54556918e-01
    2.22452104e-01 5.36561608e-02 1.35891765e-01 6.46248698e-01
    2.62086630e-01 1.74030602e-01 6.81540370e-01 7.26594925e-01
    6.38101578e-01 2.20643222e-01 9.81816649e-01 3.69156122e-01
    3.21940273e-01 1.50390565e-01 4.16076601e-01 9.09034789e-01
    7.41893768e-01 4.56364036e-01 8.56484354e-01 3.16784918e-01
    2.26466119e-01 4.54325914e-01 5.52802086e-02 3.08166564e-01
    3.28298062e-01 6.97941840e-01 8.84495020e-01 8.24880421e-01
    7.15867102e-01 3.05791080e-01 3.72797459e-01 6.51807487e-01
    4.39133137e-01 4.25226867e-01 4.51117754e-01 8.91262293e-03
    3.03706229e-01 7.19818354e-01 5.10669768e-01 8.38876843e-01
    1.38556242e-01 5.13780892e-01 4.72671211e-01 6.32370591e-01
    9.04319406e-01 1.59684271e-01 4.40704942e-01 4.75332320e-01
    9.51130152e-01 3.15067917e-01 9.57665324e-01 6.07779324e-01
    4.33953881e-01 7.28064001e-01 2.67653763e-02 8.44330609e-01
    5.79600573e-01 6.87089205e-01 2.89202660e-01 3.90499592e-01
    2.71270156e-01 4.75484252e-01 6.56668663e-01 6.99198008e-01
    9.62776065e-01 9.86560464e-01 1.92880630e-02 2.12089539e-01
    9.13239837e-01 5.50289810e-01 5.71813643e-01 3.35542262e-02
    4.34866518e-01 8.28909397e-01 3.79136920e-01 7.19435096e-01
    1.19154632e-01 1.66580677e-02 3.21301520e-01 5.02029061e-01
    6.26746237e-01 8.64276290e-01 7.09788740e-01 5.38038313e-02
    7.47614026e-01 1.25556290e-01 6.73949599e-01 8.44019473e-01
    2.24070370e-01 8.82330418e-01 9.50399399e-01 2.26273268e-01
    6.40159249e-02 4.08646464e-01 1.32132471e-02 9.39818621e-02
    2.83095539e-02 2.94034362e-01 8.03944528e-01 9.81526136e-01
    7.46798277e-01 9.69839096e-01 4.19832647e-01 1.72560006e-01
    3.17792714e-01 9.69679654e-02 3.54739130e-01 2.17329949e-01
    3.60322684e-01 1.29606992e-01 8.32711458e-01 2.77752519e-01
    9.44812238e-01 5.58843970e-01 9.05033231e-01 1.05302453e-01
    4.03480411e-01 8.46933901e-01 5.52725017e-01 8.97607803e-01
    5.41263640e-01 6.54025018e-01 4.37093228e-01 8.49924982e-01
    6.84416771e-01 4.49885458e-01 6.95135176e-01 5.36345243e-02
    1.97514832e-01 4.74011391e-01 5.24498820e-02 3.81478548e-01
    3.42903435e-01 5.42807341e-01 1.72919333e-01 6.67336524e-01
    8.80029202e-01 6.88948512e-01 9.47892308e-01 7.63185382e-01
    4.53092366e-01 3.88967872e-01 3.86927992e-01 9.91558909e-01
    7.08863914e-01 2.79347122e-01 1.20170474e-01 9.67085660e-02
    4.33539093e-01 5.74137270e-01 9.74302888e-02 6.04147196e-01
    4.48027849e-01 2.80403256e-01 7.55001783e-01 9.56807792e-01
    3.81020337e-01 5.46053588e-01 4.56585050e-01 9.08923924e-01
    5.07815778e-01 6.54172122e-01 9.19008255e-03 7.07783997e-02
    3.42707932e-01 9.15530324e-01 3.08149517e-01 6.50972784e-01
    9.19168055e-01 9.47513819e-01 2.71606863e-01 1.87654972e-01
    5.33426762e-01 8.01383436e-01 3.96695912e-01 3.11288953e-01
    7.78637946e-01 9.54769552e-02 2.35277444e-01 1.62385434e-01
    5.41800499e-01 1.79563046e-01 7.02301621e-01 5.64587474e-01
    2.47799605e-01 4.44746614e-01 1.58992738e-01 5.23158550e-01
    8.54715109e-01 7.81908154e-01 7.72423446e-02 7.45733619e-01
    3.42751145e-01 1.73827052e-01 5.52196205e-01 5.54858088e-01
    3.20280254e-01 6.51288986e-01 8.29362869e-02 4.64887649e-01
    5.58635294e-01 6.62832618e-01 3.00980896e-01 1.40347272e-01
    3.32364291e-01 2.07229674e-01 1.70545965e-01 3.58124524e-01
    6.60692632e-01 9.47758675e-01 7.89151311e-01 5.57126999e-02
    4.05233115e-01 8.97424519e-01 6.48905873e-01 5.06501734e-01
    3.67162108e-01 2.72501647e-01 9.75461364e-01 3.97194713e-01
    5.01021266e-01 4.37835604e-01 1.64201260e-02 8.58864129e-01
    8.26608419e-01 1.27049744e-01 8.33435833e-01 6.64028049e-01
    1.02691531e-01 1.72684044e-01 4.86166179e-01 1.65909946e-01
    8.24833095e-01 3.31186891e-01 3.52714181e-01 1.95543587e-01
    8.51461947e-01 1.01426542e-02 1.77828074e-01 8.69770348e-01
    4.16306496e-01 2.23304451e-01 1.67713732e-01 7.75117874e-01
    2.68222690e-01 1.20048404e-01 1.12081498e-01 8.02047372e-01
    9.99262691e-01 5.23789287e-01 6.14647329e-01 9.40063477e-01
    7.38965750e-01 1.08476818e-01 8.17658067e-01 6.03690624e-01
    1.59293592e-01 7.97134519e-01 3.03903520e-01 8.72908473e-01
    1.49340749e-01 6.55776262e-03 6.93294585e-01 7.34458685e-01
    1.67432427e-03 4.07771349e-01 1.92019373e-01 9.49717760e-01
    7.91052759e-01 6.35099828e-01 3.43281060e-01 9.70028937e-02
    8.40027153e-01 1.76145613e-01 8.93872917e-01 1.52049482e-01
    8.87480855e-01 2.80024111e-02 9.14854467e-01 9.88307238e-01
    4.43650186e-02 2.48715371e-01 2.18468904e-02 3.27864200e-01
    3.16391379e-01 4.77438062e-01 3.10341984e-01 3.66145790e-01
    9.59360242e-01 3.41484338e-01 1.22151256e-01 8.06749463e-02
    9.75446165e-01 2.23324656e-01 1.02246523e-01 4.28809136e-01
    8.22177291e-01 4.42652404e-01 5.71068048e-01 7.85393834e-01
    7.07652092e-01 1.09699607e-01 7.98185468e-01 3.54342878e-01
    3.32969368e-01 5.80879092e-01 4.70487207e-01 4.11844254e-01
    2.60392666e-01 8.31889451e-01 1.11787528e-01 3.14649940e-03
    1.25802755e-01 2.54139245e-01 1.69665575e-01 2.15026379e-01
    6.87562764e-01 6.14038169e-01 2.41676867e-01 7.08530605e-01
    4.00112510e-01 5.46903491e-01 4.46965992e-02 3.39289367e-01
    1.48685306e-01 3.24776769e-03 9.04321909e-01 9.48353827e-01
    6.32199407e-01 9.47237015e-02 5.32607317e-01 7.28372097e-01
    2.07820088e-01 6.28845215e-01 6.23131037e-01 7.93263316e-01
    9.96846080e-01 4.41499949e-02 3.25575948e-01 7.49078333e-01
    4.77324069e-01 5.79104483e-01 9.99587893e-01 8.80906582e-01
    6.68063283e-01 4.00613785e-01 8.37815523e-01 3.02275866e-01
    2.89665759e-01 7.22222865e-01 4.60101724e-01 5.60782433e-01
    3.42531681e-01 1.93863541e-01 2.63691545e-02 7.65303135e-01
    2.44888663e-02 3.73843193e-01 9.97824550e-01 8.99267852e-01
    6.86354041e-01 5.52695453e-01 5.07204115e-01 8.69089723e-01
    8.15785050e-01 4.19113040e-01 6.26513422e-01 5.17742157e-01
    1.93190724e-01 8.36403728e-01 9.34893608e-01 5.06629169e-01
    6.30898476e-01 7.12261498e-01 6.65627360e-01 3.31301630e-01
    6.86475515e-01 8.03214431e-01 2.09929347e-01 6.50914013e-02
    1.43185019e-01 8.75255764e-02 4.09392089e-01 5.39875627e-02
    5.76155603e-01 8.56191695e-01 8.75597477e-01 1.30672842e-01
    6.71944261e-01 2.45802701e-01 2.55657464e-01 7.92533755e-01
    9.57718253e-01 9.74946737e-01 9.64498878e-01 6.96125627e-01
    4.26342398e-01 2.06649601e-01 7.80123532e-01 7.53089249e-01
    5.41513681e-01 7.94760346e-01 3.71021986e-01 6.83220327e-01
    2.37629592e-01 8.74258161e-01 6.12358451e-02 4.89774764e-01
    6.79497242e-01 7.47539341e-01 8.44001532e-01 4.31890398e-01
    1.18137807e-01 2.17251778e-02 2.60792732e-01 7.11227894e-01
    1.64384305e-01 7.31524527e-02 3.56742382e-01 4.63015229e-01
    8.36291313e-01 6.98105574e-01 8.52778316e-01 6.64785802e-02
    8.54320765e-01 6.75136805e-01 2.81858444e-01 4.59122509e-01
    8.10182393e-02 8.66872430e-01 9.58016276e-01 3.78032118e-01
    4.22679752e-01 2.45250016e-01 7.61110544e-01 9.18072343e-01
    5.09913146e-01 2.95076609e-01 6.21528327e-01 8.01363707e-01
    9.81131077e-01 1.07779413e-01 3.44927490e-01 8.12902451e-01
    4.21147108e-01 6.03440762e-01 7.87160456e-01 1.08960301e-01
    7.66986012e-01 7.43602574e-01 8.44173133e-02 7.06155062e-01
    8.91521573e-03 1.99369460e-01 6.91454768e-01 1.27220243e-01
    3.09491456e-01 3.43612015e-01 7.90194094e-01 5.65681458e-01
    6.88207865e-01 2.48855352e-02 4.74861562e-01 5.97815335e-01
    1.58426046e-01 9.61052418e-01 1.01289690e-01 5.22703528e-01
    9.07817483e-03 6.39672339e-01 9.60020423e-01 2.94651657e-01
    2.96083689e-02 6.52765155e-01 4.38565016e-01 2.57621557e-01
    1.80102676e-01 4.19781893e-01 7.21856475e-01 7.10632384e-01
    9.71965551e-01 5.49865484e-01 3.20679784e-01 8.56007576e-01
    9.87429380e-01 9.56527114e-01 8.75299573e-02 8.81593585e-01
    4.98771697e-01 1.62512958e-02 2.97944546e-02 2.85704374e-01
    9.62381124e-01 4.41610932e-01 1.52034909e-01 6.08675957e-01
    7.68570423e-01 2.08131671e-01 3.25614691e-01 3.40396166e-03
    3.48666310e-01 3.77810776e-01 4.40253466e-01 6.26996219e-01
    6.25664353e-01 2.81755686e-01 2.35355139e-01 6.11571848e-01
    7.97214091e-01 4.88460064e-02 5.86525202e-02 3.63651097e-01
    4.55703169e-01 5.04079938e-01 5.31118155e-01 4.17766988e-01
    7.17799008e-01 5.23428321e-01 2.39040583e-01 1.16248161e-01
    9.25628185e-01 5.29395938e-02 8.99558783e-01 1.48225933e-01
    3.76875460e-01 4.96978879e-01 3.04904014e-01 1.51349545e-01
    2.50084698e-02 1.85261607e-01 6.30706191e-01 7.81090319e-01
    6.49966121e-01 2.45738268e-01 9.05819356e-01 7.65069485e-01
    5.11886477e-02 6.75749302e-01 7.69880652e-01 9.20238733e-01
    7.61213064e-01 5.94860017e-02 7.11035192e-01 5.82113624e-01
    7.44635165e-01 1.99008286e-02 6.62709653e-01 6.35069251e-01
    9.26935256e-01 9.50238109e-01 3.72955710e-01 8.48953009e-01
    3.50661695e-01 9.36763525e-01 5.38540840e-01 8.82489800e-01
    6.19564533e-01 4.43078578e-02 7.10521817e-01 1.57801092e-01
    5.07648706e-01 6.13858759e-01 1.85252726e-02 8.52906883e-01
    9.63779092e-02 7.68183827e-01 1.99778795e-01 9.76634681e-01
    3.70535314e-01 1.33419871e-01 5.23305237e-01 4.91237611e-01
    1.23202085e-01 2.26898104e-01 3.58302802e-01 6.34902775e-01
    1.90871686e-01 8.21055770e-02 2.69130766e-01 8.30813169e-01
    5.10395527e-01 5.90922892e-01 5.61717451e-02 3.53966296e-01
    3.07150900e-01 6.65899813e-02 2.19361633e-01 6.40948176e-01
    5.14301538e-01 7.57610321e-01 8.53890300e-01 2.02171236e-01
    9.46024299e-01 9.26882625e-01 5.84973037e-01 6.40577078e-02
    8.73323202e-01 2.32630461e-01 8.82995427e-02 2.83220977e-01
    9.53879118e-01 7.91612685e-01 1.54994816e-01 7.91372716e-01
    5.22041321e-01 1.19532377e-01 3.23207259e-01 6.68379664e-01
    2.99713194e-01 2.32048601e-01 6.55978382e-01 8.61176252e-01
    6.24820054e-01 6.71026528e-01 1.38006538e-01 6.61463499e-01
    1.61415696e-01 8.47575665e-01 5.86828411e-01 9.82300758e-01
    3.51835251e-01 1.59584165e-01 1.12976462e-01 2.04325914e-01
    1.72682196e-01 8.18120420e-01 3.39677691e-01 8.02779913e-01
    3.13280076e-01 2.35958159e-01 9.34797227e-01 1.53460145e-01
    8.44489574e-01 2.47935861e-01 8.31305683e-01 6.31374598e-01
    3.50485355e-01 2.77330041e-01 1.78640544e-01 4.44139898e-01
    8.37031007e-02 5.80102265e-01 9.54517722e-03 7.71758914e-01
    5.89255571e-01 5.06804645e-01 2.73694813e-01 2.43128687e-01
    9.02985334e-01 6.13996267e-01 3.23719025e-01 9.62310314e-01
    7.74677336e-01 8.69988441e-01 5.25407314e-01 4.24602121e-01
    5.67490041e-01 8.07522953e-01 6.69761181e-01 8.77076089e-02
    7.53058791e-02 8.79075527e-01 7.42890298e-01 7.35079050e-02
    2.07117409e-01 7.65550733e-01 8.14697742e-01 3.28555703e-01
    9.17177618e-01 7.78838336e-01 6.15438521e-01 7.12677360e-01
    7.65857577e-01 3.36703777e-01 7.80868590e-01 3.21304500e-02
    3.71983349e-02 7.40349770e-01 4.35899198e-01 9.68847632e-01
    7.03610539e-01 3.72969449e-01 2.28496790e-01 2.22298980e-01
    9.86671090e-01 4.03813481e-01 7.11839437e-01 6.09563470e-01
    6.05614007e-01 7.43128419e-01 4.71352935e-01 6.36301756e-01
    2.29667693e-01 3.66036892e-02 2.45382488e-01 8.51108730e-02
    3.24793786e-01 5.63683152e-01 7.33316779e-01 3.50226671e-01
    9.52328742e-01 7.36257315e-01 1.29065782e-01 1.87099069e-01
    6.53243423e-01 8.87674570e-01 5.97559333e-01 2.47490078e-01
    3.01405013e-01 9.32109237e-01 6.41987443e-01 4.42983836e-01
    8.39687824e-01 6.26703084e-01 4.72140253e-01 9.54367757e-01
    5.07212877e-01 8.98122787e-01 1.95710182e-01 8.59525740e-01
    2.03613907e-01 8.29340458e-01 5.02895355e-01 2.35273302e-01
    4.10154343e-01 3.60927969e-01 7.81342387e-02 6.46290362e-01
    7.09247708e-01 5.47460020e-01 8.67978096e-01 6.02250755e-01
    4.23249364e-01 4.57275480e-01 3.75538170e-01 3.80902559e-01
    2.58727908e-01 8.31118464e-01 3.99833620e-01 7.60084510e-01
    4.26683187e-01 8.60552907e-01 7.15314150e-02 3.47530365e-01
    8.93261433e-01 3.48872423e-01 3.67845446e-01 5.76804340e-01
    2.90921032e-02 7.81151533e-01 8.75017464e-01 5.26470125e-01
    1.43858969e-01 4.45879400e-01 7.61634469e-01 7.11692631e-01
    7.71738470e-01 6.41125441e-01 3.33600521e-01 5.05701482e-01
    3.22785169e-01 8.40933919e-01 9.70517635e-01 3.79008055e-03
    9.28059936e-01 2.15821296e-01 6.65852010e-01 7.98463881e-01
    4.58453834e-01 1.89727813e-01 6.69852495e-01 3.05289567e-01
    1.62355572e-01 1.25106275e-02 8.15263033e-01 1.30088121e-01
    2.76276022e-01 1.39670461e-01 8.74480128e-01 8.93719792e-01
    4.25911307e-01 7.15137780e-01 4.34513927e-01 3.28433394e-01
    3.41985106e-01 2.78929174e-01 3.48402977e-01 1.50210917e-01
    7.37078667e-01 9.53995764e-01 1.88321352e-01 1.76410407e-01
    5.19509912e-01 7.38944232e-01 1.04345679e-02 6.85760140e-01
    6.77362502e-01 4.52922612e-01 7.94357419e-01 1.74717993e-01
    7.32247591e-01 4.35825229e-01 6.22662246e-01 7.98017621e-01
    4.79730457e-01 4.84020799e-01 3.56877625e-01 9.19371963e-01
    5.02927423e-01 5.33382356e-01 9.72516000e-01 3.70567739e-01
    7.08067596e-01 7.35378921e-01 3.20027471e-02 9.81967449e-01
    8.40775609e-01 1.19022697e-01 4.52404261e-01 2.88780332e-01
    3.34642559e-01 9.49465752e-01 5.73706627e-01 1.02755457e-01
    3.06309819e-01 5.63809693e-01 3.81403536e-01 2.88493514e-01
    5.47764599e-01 2.96715647e-01 9.07252431e-01 7.38442242e-01
    5.72885454e-01 1.32367313e-01 3.54278594e-01 7.67824888e-01
    7.69110918e-01 8.60948682e-01 2.53627658e-01 7.81308651e-01
    3.83764505e-01 1.94684774e-01 2.31546462e-02 3.69040906e-01
    3.48618418e-01 7.21219301e-01 4.09421444e-01 9.48383451e-01
    2.43572563e-01 7.72917807e-01 9.36983943e-01 8.63719881e-01
    4.55707312e-02 9.86655653e-01 1.94934845e-01 9.48563814e-01
    4.65898603e-01 1.78629905e-01 3.69613856e-01 1.18265808e-01
    4.52740520e-01 8.79585683e-01 5.69726527e-02 1.56727642e-01
    1.47727996e-01 7.70975709e-01 8.84492218e-01 1.34466678e-01
    6.75432563e-01 6.28947377e-01 7.43372262e-01 2.39406228e-02
    3.97572964e-01 5.75934708e-01 7.76679516e-01 3.39489877e-01
    6.21246815e-01 7.35280633e-01 6.74165547e-01 6.26531899e-01
    7.65540659e-01 1.29234761e-01 7.21332848e-01 7.33395755e-01
    7.62047052e-01 9.07403171e-01 4.72822070e-01 3.66460204e-01
    9.60571289e-01 3.34912658e-01 9.87546384e-01 8.34207416e-01
    1.34422719e-01 5.65101743e-01 4.52717841e-01 8.87888789e-01
    1.11654401e-01 4.84664351e-01 6.92259848e-01 5.93509674e-01
    3.72230351e-01 4.54752624e-01 8.63152087e-01 6.21157706e-01
    2.88979143e-01 8.07941616e-01 7.58663416e-01 7.91561902e-01
    7.94947863e-01 9.77740526e-01 2.16860116e-01 8.25971425e-01
    7.83367157e-02 4.85201865e-01 8.95314574e-01 1.81547016e-01
    4.27666426e-01 2.74913907e-01 7.31584430e-01 5.58334351e-01
    3.91953886e-02 2.55677879e-01 1.84904426e-01 6.86618567e-01
    4.28644657e-01 1.54567212e-01 8.50827456e-01 7.01402664e-01
    8.97990048e-01 8.19017112e-01 7.13621080e-02 4.38920081e-01
    3.73780489e-01 3.76862288e-01 3.26112747e-01 9.72425461e-01
    2.38660187e-01 3.68372798e-01 8.80986929e-01 3.77222538e-01
    8.90136659e-01 4.47055429e-01 9.14995432e-01 8.93573761e-01
    1.06245607e-01 9.56692100e-02 1.42216980e-01 6.14175797e-01
    1.29884630e-01 8.16485882e-01 5.28681338e-01 4.29967523e-01
    8.60839248e-01 2.95760751e-01 7.59649515e-01 2.15206176e-01
    4.01655257e-01 9.50324297e-01 3.24322820e-01 8.61874819e-01
    8.33330750e-02 5.50729156e-01 8.93527269e-01 1.96509749e-01
    4.12453562e-01 3.18175375e-01 6.21704578e-01 6.55865908e-01
    7.35248208e-01 1.66723460e-01 3.81621778e-01 3.56933951e-01
    3.53192776e-01 9.70910430e-01 9.18442309e-01 9.03551698e-01
    2.28570163e-01 9.93436813e-01 4.76234406e-01 4.08906639e-01
    8.43228936e-01 9.20486212e-01 6.39886856e-01 6.42822385e-02
    1.92107558e-02 5.36360741e-02 3.43181938e-01 5.23826420e-01
    2.05377877e-01 7.03220069e-01 8.13413024e-01 6.95503294e-01
    9.82813537e-02 3.31711829e-01 4.26232606e-01 4.62763518e-01
    6.60245776e-01 6.32330775e-01 5.67636371e-01 2.74164915e-01
    9.47835565e-01 6.71317577e-01 8.70351374e-01 2.14283377e-01
    9.36836839e-01 1.68373406e-01 3.81431431e-01 2.64186263e-02
    3.66894007e-02 3.48495573e-01 2.67461658e-01 4.96781349e-01
    6.98514760e-01 9.36630428e-01 4.24873263e-01 9.28242803e-01
    8.19275856e-01 8.06449831e-01 6.39767289e-01 9.53973532e-01
    2.22496986e-01 3.85289907e-01 3.61760855e-01 2.37233907e-01
    4.13674235e-01 4.27836686e-01 8.74445915e-01 8.04978728e-01
    5.57767987e-01 3.15287709e-02 9.99777615e-02 3.49495053e-01
    4.73737508e-01 9.40868497e-01 4.84454423e-01 7.34500170e-01
    5.27226806e-01 3.21691751e-01 4.94858623e-03 6.29877031e-01
    1.10316455e-01 7.91548491e-01 3.63601089e-01 4.27174032e-01
    7.14952052e-01 6.58405006e-01 1.27002090e-01 1.93344712e-01
    6.31454587e-01 9.90096748e-01 7.95143187e-01 4.48602647e-01
    1.51922524e-01 1.49300724e-01 8.88588667e-01 4.36532795e-01
    7.89994299e-01 8.94585609e-01 1.49245620e-01 3.10813785e-02
    4.51492220e-01 5.98579228e-01 4.99572873e-01 7.42263317e-01
    2.37204134e-02 4.68536109e-01 1.35324657e-01 3.61192644e-01
    6.66876435e-01 1.91540062e-01 6.30731225e-01 4.76433009e-01
    4.39657688e-01 4.86368179e-01 2.25586325e-01 7.24539459e-01
    8.73811185e-01 8.64222825e-01 5.17277777e-01 7.28422225e-01
    8.18400681e-01 1.16471410e-01 3.76369119e-01 9.22811925e-02
    5.00922620e-01 7.50280857e-01 7.76728630e-01 5.67334712e-01
    8.00931573e-01 7.87899137e-01 2.94110894e-01 6.50344133e-01
    3.81686687e-01 7.72548795e-01 6.61374092e-01 6.75460041e-01
    9.20390964e-01 4.14793223e-01 3.49388480e-01 9.11261678e-01
    3.24567020e-01 4.72185373e-01 7.65897691e-01 8.31817329e-01
    7.87995815e-01 1.88559294e-03 3.42564285e-02 4.00828511e-01
    6.73666835e-01 2.28730381e-01 6.34822607e-01 8.58186007e-01
    3.01449239e-01 7.64675260e-01 1.08702272e-01 7.52627552e-02
    7.57909238e-01 8.92503619e-01 7.79807568e-04 9.93561864e-01
    5.77811599e-01 2.13675559e-01 4.29636180e-01 9.67951894e-01
    2.33192503e-01 8.21012735e-01 8.24350655e-01 3.05429310e-01
    7.32505560e-01 7.50727952e-02 8.82401347e-01 7.53308952e-01
    4.33062851e-01 9.07072067e-01 1.65126622e-01 6.31818771e-01
    1.00285918e-01 9.57097650e-01 1.47234678e-01 3.66404742e-01
    2.18807667e-01 7.53029466e-01 1.93837434e-01 1.86108083e-01
    3.99279714e-01 5.64279735e-01 6.86637938e-01 6.28199816e-01
    6.57481790e-01 9.19838786e-01 7.07419693e-01 5.59104145e-01
    6.79815173e-01 2.75225937e-02 8.85840535e-01 7.86959291e-01
    7.45662332e-01 4.55146432e-02 6.02687120e-01 6.42474115e-01
    6.37057364e-01 4.35176849e-01 5.68725228e-01 3.28499734e-01
    2.06537753e-01 9.64344263e-01 5.40411770e-02 3.80059630e-01
    9.24526751e-01 7.23740518e-01 3.50455672e-01 8.16695571e-01
    8.76073718e-01 4.00829434e-01 3.56147856e-01 3.78812790e-01
    9.04979646e-01 3.31855059e-01 9.27351236e-01 6.62985623e-01
    3.49991977e-01 2.43068904e-01 4.47494179e-01 9.36625838e-01
    4.17364150e-01 2.19956696e-01 1.86874181e-01 3.74427110e-01
    6.67265117e-01 6.56664848e-01 4.92027462e-01 9.66440976e-01
    6.65226579e-01 9.23585892e-01 3.72848511e-01 2.02080429e-01
    2.21097529e-01 1.80345178e-02 9.97579575e-01 5.33093989e-01
    9.93604302e-01 6.00053430e-01 2.80490905e-01 6.74275458e-02
    5.99059105e-01 2.00377166e-01 7.30866432e-01 5.94370067e-01
    1.64730906e-01 3.28469753e-01 9.37036633e-01 2.81899095e-01
    7.01477230e-01 4.00927573e-01 3.84558529e-01 8.10854793e-01
    2.72586644e-02 8.92002463e-01 3.93626988e-02 6.12913072e-02
    6.82906985e-01 6.66595995e-02 3.91995072e-01 1.11611485e-02
    1.59130394e-02 3.07918787e-01 7.82295644e-01 8.90439749e-01
    2.13274837e-01 3.26204091e-01 2.69070357e-01 6.33358300e-01
    2.87592888e-01 2.07837760e-01 8.59884441e-01 5.75273573e-01
    5.17493248e-01 3.56475592e-01 3.86985540e-02 9.95986819e-01
    7.53069758e-01 6.95839047e-01 4.97715443e-01 7.25688577e-01
    4.12349820e-01 8.82008374e-02 6.34985685e-01 1.67763829e-01
    5.89802086e-01 2.40649879e-01 6.95059419e-01 2.67289996e-01
    6.10752225e-01 5.60721576e-01 5.33871293e-01 1.65719360e-01
    4.57042217e-01 8.81509483e-01 9.39393044e-01 1.51070178e-01
    4.80536193e-01 6.46818757e-01 2.08337277e-01 4.41344172e-01
    2.66803026e-01 1.56262368e-01 4.86272663e-01 3.75126451e-01
    2.27128327e-01 9.45161581e-01 7.50070989e-01 8.44670832e-01
    1.86190248e-01 5.63825965e-01 9.18971539e-01 3.87633622e-01
    1.84990764e-02 4.76703435e-01 4.43012327e-01 4.28927094e-01
    4.17205989e-02 4.34063196e-01 3.16270024e-01 9.33164060e-02
    3.30888331e-01 9.02878344e-01 4.01601493e-01 9.73328829e-01
    6.17718101e-01 9.48888838e-01 6.12185240e-01 8.66395354e-01
    9.85264778e-02 5.91823280e-01 2.16317326e-01 3.02670062e-01
    6.76006019e-01 7.23552227e-01 6.23212636e-01 9.58920419e-02
    7.17646182e-02 9.06213760e-01 8.77961993e-01 3.66695553e-01
    8.39286804e-01 6.02607965e-01 4.57198322e-02 9.65859771e-01
    8.10133457e-01 2.93646038e-01 6.58668280e-01 8.12881231e-01
    4.87170607e-01 2.11626917e-01 2.15611666e-01 2.05014139e-01
    2.12668329e-01 1.26919091e-01 3.47706676e-03 4.18851852e-01
    5.61297536e-01 4.71381187e-01 9.72763300e-02 2.76657283e-01
    9.12350535e-01 9.27522779e-01 1.93716943e-01 2.76120067e-01
    4.63441789e-01 6.21919632e-01 7.63778329e-01 4.32993442e-01
    5.50958574e-01 5.96556544e-01 1.25507265e-01 7.83537030e-01
    7.61207938e-01 2.93107867e-01 9.26754832e-01 5.46365798e-01
    2.44101733e-01 2.28291124e-01 2.50537664e-01 6.51460648e-01
    4.17097032e-01 3.32054019e-01 3.56635600e-01 4.33275431e-01
    1.81563854e-01 7.81003833e-02 1.97466314e-01 5.85600734e-03
    6.24794900e-01 6.55139983e-01 1.27747089e-01 3.62690985e-02
    7.31546104e-01 5.72500706e-01 8.65906239e-01 8.14672470e-01
    1.60717070e-02 7.87558317e-01 9.69416797e-01 6.66704714e-01
    4.96010512e-01 4.18967426e-01 6.60420418e-01 5.29992878e-01
    3.25455368e-02 6.59326673e-01 2.97308922e-01 8.82574081e-01
    4.65437979e-01 7.45258987e-01 4.92416143e-01 7.80129135e-02
    3.50596845e-01 7.32397437e-01 7.24540710e-01 8.34852755e-01
    3.99529278e-01 4.31515038e-01 4.25133795e-01 8.31243396e-02
    3.78015876e-01 4.63986546e-01 8.57064128e-01 3.86677504e-01
    2.78618157e-01 5.37103295e-01 8.50774646e-02 9.15945351e-01
    7.09076762e-01 4.96209353e-01 1.35109276e-01 7.87945986e-01
    4.14697647e-01 6.52598739e-02 9.25979733e-01 1.64270610e-01
    3.61614525e-02 6.23345315e-01 2.66196966e-01 8.08590651e-01
    9.11722541e-01 7.94548452e-01 1.95544183e-01 9.65942025e-01
    1.28120452e-01 4.56298351e-01 7.04788685e-01 5.15552640e-01
    8.10169756e-01 8.57040286e-01 3.77739072e-02 7.49614239e-01
    3.27646852e-01 4.62385893e-01 8.33767295e-01 7.45113492e-02
    1.49474710e-01 7.53446877e-01 4.69579101e-01 4.06371593e-01
    2.53454983e-01 7.26082563e-01 3.57116640e-01 2.61329412e-01
    3.20831954e-01 6.51122272e-01 7.34642148e-02 6.54638767e-01
    2.08403170e-01 8.12823892e-01 1.64069533e-01 7.51542330e-01
    3.14541161e-02 2.53512323e-01 3.75463665e-01 6.77102208e-01
    3.15377444e-01 9.89049673e-01 5.08701384e-01 2.19828278e-01
    7.51315892e-01 9.22121763e-01 9.52827752e-01 4.52925682e-01
    2.37095654e-01 9.09814179e-01 3.41718853e-01 3.35074902e-01
    2.45685548e-01 6.22818470e-01 9.49645758e-01 3.15989971e-01
    8.57290864e-01 3.08140278e-01 7.27863431e-01 7.12047100e-01
    6.69015110e-01 1.19441360e-01 8.58807266e-01 9.52966690e-01
    1.01123631e-01 2.95086265e-01 3.34451318e-01 6.67796373e-01
    7.34946072e-01 7.03322172e-01 9.87723291e-01 8.23321342e-02
    1.28430098e-01 8.17065358e-01 5.61722994e-01 1.97211623e-01
    7.32025683e-01 7.46815503e-01 7.66247153e-01 4.76419926e-02
    9.23782170e-01 1.79920197e-02 8.02865505e-01 2.09840238e-02
    3.23095590e-01 2.00386852e-01 9.20753777e-02 8.33510399e-01
    6.28859043e-01 8.30314636e-01 4.39054817e-01 2.76353419e-01
    4.40189689e-01 7.13096499e-01 5.72341084e-01 6.34082258e-02
    2.87134051e-01 4.69651014e-01 1.12862945e-01 9.11730051e-01
    9.85004306e-01 4.41436946e-01 3.86797428e-01 8.97233188e-02
    3.96505207e-01 6.50685191e-01 1.56133235e-01 3.33525717e-01
    4.82334793e-02 3.98731261e-01 1.54717594e-01 1.03186965e-01
    3.15030336e-01 7.16305435e-01 9.72182631e-01 2.39133805e-01
    3.21055323e-01 4.53526080e-02 6.23263776e-01 5.83134532e-01
    7.89463997e-01 9.72229242e-01 6.04049683e-01 2.15278655e-01
    1.25758916e-01 4.06960428e-01 7.96192169e-01 2.09711850e-01
    6.99174166e-01 6.69732511e-01 1.59867674e-01 4.55760717e-01
    4.30295885e-01 3.31077993e-01 2.04783976e-02 1.29171401e-01
    5.20873368e-01 7.45581627e-01 8.61469567e-01 5.08859038e-01
    1.96283042e-01 4.56977814e-01 9.50022578e-01 8.17931116e-01
    1.53679579e-01 3.48075360e-01 7.65897572e-01 4.27621603e-03
    5.60469568e-01 6.19725704e-01 8.02961588e-01 1.64988816e-01
    7.97637582e-01 6.39095306e-01 1.15932405e-01 2.60862917e-01
    2.36298740e-01 4.86096680e-01 5.82776725e-01 8.30932558e-01
    8.88421774e-01 2.88810164e-01 6.22508407e-01 6.78553164e-01
    4.56206352e-01 7.87742317e-01 9.32446778e-01 4.53270108e-01
    8.20264280e-01 8.91150713e-01 3.18068743e-01 8.83346796e-02
    3.58814478e-01 9.12617803e-01 3.60044301e-01 6.99959338e-01
    9.24259424e-04 7.87303329e-01 2.47776598e-01 7.21807539e-01
    7.84619153e-02 8.11534524e-01 6.63067162e-01 2.62100667e-01
    4.71026480e-01 3.70551944e-01 5.80191612e-02 7.94862807e-02
    3.23763579e-01 4.99751836e-01 7.88549542e-01 9.90577221e-01
    1.30704165e-01 5.19336164e-02 5.39284348e-01 5.89572966e-01
    5.07273197e-01 6.98645115e-01 4.89148319e-01 7.58097827e-01
    4.75041807e-01 7.02848077e-01 4.68153358e-01 4.01907265e-02
    4.08750266e-01 6.17449403e-01 8.01872253e-01 9.02801394e-01
    6.53217614e-01 5.50449848e-01 5.34011781e-01 1.24057472e-01
    2.52902269e-01 9.85503852e-01 6.17056072e-01 1.13160491e-01
    9.76195514e-01 6.28985763e-01 4.01777059e-01 3.32989663e-01
    4.52510983e-01 7.42111325e-01 3.16213965e-01 6.71647131e-01
    7.48236179e-01 1.90368742e-01 9.32253063e-01 7.32551932e-01
    6.21070504e-01 4.93644923e-01 2.77404070e-01 3.29360992e-01
    6.61714435e-01 3.68870974e-01 4.72044855e-01 6.54857516e-01
    7.62052655e-01 7.17108607e-01 3.66443813e-01 5.91954827e-01
    6.11177921e-01 7.55415559e-01 8.45073760e-01 6.21775985e-02
    5.27755499e-01 4.10303533e-01 9.75156367e-01 7.17240632e-01
    5.63852251e-01 5.39553285e-01 9.43146765e-01 2.34752148e-01
    7.20687509e-01 9.83795047e-01 6.31307483e-01 6.64234161e-04
    7.85660148e-01 7.22048700e-01 7.10574389e-01 1.88979506e-02
    5.22840023e-03 3.53704959e-01 8.15472901e-01 2.75364697e-01
    5.64312816e-01 2.63783753e-01 1.19159132e-01 3.58492762e-01
    7.08019197e-01 2.71421611e-01 4.61747110e-01 8.94662261e-01
    4.64240372e-01 6.32399559e-01 8.98378849e-01 6.37703300e-01
    1.33771330e-01 8.92292559e-02 9.97174859e-01 3.37468863e-01
    7.94942081e-02 7.69809246e-01 5.56537390e-01 6.14185691e-01
    6.61026299e-01 1.67888701e-02 1.55964285e-01 2.74889618e-01
    9.04200673e-01 7.89538026e-03 2.11927891e-02 6.04706407e-02
    9.38934088e-01 5.85343480e-01 3.47965062e-02 2.71618128e-01
    9.06750560e-03 5.29811263e-01 8.88687730e-01 5.97519279e-01
    5.25492370e-01 2.83362597e-01 3.84404212e-01 5.56744218e-01
    8.81922722e-01 1.69837862e-01 1.62560046e-01 9.87837136e-01
    5.43996751e-01 3.32131147e-01 3.64375532e-01 4.46105242e-01
    7.24059582e-01 1.65159822e-01 4.01932985e-01 4.05821621e-01
    1.12875521e-01 2.29740143e-03 8.10414553e-01 5.89407682e-02
    1.26097232e-01 8.42841625e-01 3.15494597e-01 5.43450236e-01
    1.44612789e-01 4.97725427e-01 9.38867569e-01 1.66739464e-01
    5.75148046e-01 6.61825001e-01 7.96635151e-01 2.61287183e-01
    7.11930573e-01 5.10917127e-01 9.64539170e-01 2.34096795e-01
    1.42464548e-01 3.25716674e-01 1.98814034e-01 8.43867183e-01
    4.98699516e-01 5.85630894e-01 8.27578425e-01 1.76001877e-01
    5.43025732e-02 3.35955024e-02 5.80495119e-01 7.73687661e-02
    2.03742206e-01 6.75829887e-01 3.78236473e-01 9.09247756e-01
    7.31522202e-01 8.32056999e-03 2.95183599e-01 1.91695511e-01
    8.39438438e-02 6.83638215e-01 7.99202919e-01 9.81915355e-01
    6.32244289e-01 7.54169464e-01 1.08979255e-01 7.14300036e-01
    9.83489275e-01 7.91942179e-02 9.25922990e-01 6.68501854e-02
    7.98773170e-01 7.28040218e-01 4.93971348e-01 3.27162534e-01
    1.19970888e-01 2.78773487e-01 7.80613184e-01 1.08469963e-01
    7.17251718e-01 1.08374685e-01 2.22664088e-01 1.80730551e-01
    6.86879396e-01 3.96835357e-01 8.64411414e-01 4.76859093e-01
    8.82341623e-01 5.56223750e-01 4.30298448e-01 5.00139236e-01
    2.59565800e-01 3.80343199e-01 6.48208618e-01 3.10873151e-01
    2.74044842e-01 2.33757704e-01 3.64370912e-01 3.12739909e-01
    3.14110845e-01 9.69624698e-01 5.80503583e-01 6.89380050e-01
    1.25608146e-02 8.39324236e-01 9.96042848e-01 5.15706003e-01
    1.49899065e-01 8.55427086e-01 7.90731192e-01 8.08391809e-01
    7.68256187e-01 9.09958124e-01 3.34255934e-01 9.17797029e-01
    7.45096028e-01 6.75603271e-01 4.77496773e-01 9.74862337e-01
    5.90031147e-01 1.49907857e-01 1.14119768e-01 1.75359190e-01
    2.58406013e-01 5.92593729e-01 6.45618439e-02 1.24184728e-01
    1.16478801e-02 6.38468623e-01 3.70244622e-01 4.18439031e-01
    9.75347757e-01 3.59381378e-01 6.84372902e-01 9.83878911e-01
    4.08525765e-02 9.20726180e-01 3.31068814e-01 5.74868381e-01
    9.38213468e-01 9.28456664e-01 3.88575077e-01 4.03214991e-02
    3.03664625e-01 3.17689538e-01 1.29144490e-02 3.67847085e-03
    1.47844821e-01 4.72717404e-01 7.85129666e-02 4.92227077e-01
    8.90707672e-02 9.01269317e-01 5.26622772e-01 5.89797795e-01
    7.91366816e-01 6.87277317e-02 7.71819592e-01 4.32617188e-01
    3.70042801e-01 6.77659750e-01 2.26613104e-01 3.36217761e-01
    1.35645866e-01 3.93679321e-01 8.03001165e-01 4.15383041e-01
    8.04840386e-01 8.13153207e-01 8.48060071e-01 1.37656868e-01
    1.68421417e-01 5.06494999e-01 4.09062833e-01 5.10075212e-01
    8.59691143e-01 2.15224773e-01 8.41597319e-01 8.27279866e-01
    5.03384352e-01 3.70434463e-01 2.45044708e-01 3.51284623e-01
    4.34038222e-01 7.47511923e-01 6.18178546e-01 3.53135824e-01
    4.56001878e-01 1.84474260e-01 7.35474348e-01 3.61103892e-01
    7.75033355e-01 5.92841148e-01 9.20184731e-01 1.65247947e-01
    4.33131218e-01 7.01773286e-01 5.83143592e-01 1.71111405e-01
    7.77912378e-01 3.79098743e-01 5.92473447e-01 1.83670700e-01
    6.60330653e-01 5.58820844e-01 7.98698545e-01 6.01378262e-01
    3.67479324e-01 6.02407157e-02 9.57548261e-01 9.43384290e-01
    1.14328265e-02 7.48104453e-02 8.64713609e-01 4.01301086e-01
    4.03637946e-01 3.11632097e-01 4.59139526e-01 9.52522039e-01
    1.59891427e-01 6.12545192e-01 9.61719096e-01 8.80736530e-01
    3.46794724e-02 3.56099784e-01 2.40832955e-01 8.65956783e-01
    9.66628194e-02 7.86150813e-01 4.04053032e-01 1.25607342e-01
    8.40408683e-01 6.37411892e-01 9.60168362e-01 3.88401181e-01
    5.61785102e-01 6.37160659e-01 1.56181067e-01 3.85453969e-01
    8.89352441e-01 8.40968072e-01 6.97729886e-01 2.02543914e-01
    6.39144540e-01 3.33106995e-01 1.23348981e-01 1.45916939e-01
    3.24280024e-01 9.05113816e-01 9.26622152e-02 3.73491913e-01
    8.65966618e-01 2.22296119e-02 8.60480189e-01 4.15563375e-01
    8.98555517e-01 2.04082996e-01 2.14108407e-01 3.86468977e-01
    3.19646031e-01 2.90534794e-02 3.86590600e-01 8.32370400e-01
    5.85934043e-01 1.91000104e-02 5.45539260e-02 8.50558460e-01
    2.23771363e-01 8.08641434e-01 7.39164472e-01 2.52393842e-01
    5.60447872e-02 1.73536807e-01 8.06055188e-01 6.85674548e-01
    4.31912720e-01 8.70094001e-02 6.63079917e-02 9.19902444e-01
    8.63848329e-02 4.35508966e-01 8.40346217e-01 8.11985612e-01
    4.59295809e-01 7.48125315e-01 1.37050867e-01 9.13416505e-01
    6.53191805e-01 3.19513857e-01 1.00552082e-01 8.20754707e-01
    9.64574575e-01 2.13550419e-01 7.46748745e-01 6.12799942e-01
    5.83118379e-01 4.31003273e-02 7.20050633e-01 3.54202211e-01
    7.87013769e-01 2.94793278e-01 6.25482261e-01 8.31940353e-01
    8.29613924e-01 2.64790654e-03 6.97865605e-01 8.51004124e-01
    4.34199572e-01 7.67863393e-02 8.94781470e-01 5.08842230e-01
    6.73191667e-01 3.08890820e-01 4.83925104e-01 6.91053271e-01
    1.72045320e-01 4.81634378e-01 9.07120168e-01 6.02136731e-01
    9.70595598e-01 9.16739941e-01 5.12049735e-01 8.20938349e-01
    8.30976963e-02 3.25344652e-01 2.59938955e-01 5.55047750e-01
    3.09552044e-01 4.77211148e-01 4.89906818e-01 5.00264168e-01
    1.78918272e-01 3.15097213e-01 7.55265057e-01 3.89041543e-01
    7.49971032e-01 7.67699838e-01 7.40170717e-01 5.85230052e-01
    4.03532296e-01 4.58106816e-01 8.88585031e-01 8.42060566e-01
    7.10624993e-01 4.13792998e-01 9.65906441e-01 4.91983831e-01
    2.00511575e-01 3.40293765e-01 2.05874085e-01 1.38748705e-01
    2.34018356e-01 2.53286958e-01 1.64869279e-01 8.11976671e-01
    2.69185126e-01 1.39660001e-01 5.95296979e-01 5.16208827e-01
    3.86368334e-02 4.84730989e-01 3.52289438e-01 6.40239537e-01
    6.55113816e-01 1.81813240e-02 3.00434887e-01 3.00310314e-01
    3.49510998e-01 1.45262033e-01 9.84695315e-01 4.45810258e-01
    2.01161951e-01 6.11144125e-01 7.46216476e-02 6.41390562e-01
    3.96156669e-01 7.20087290e-02 7.16430724e-01 1.69872999e-01
    5.69527328e-01 8.49665165e-01 4.42895114e-01 2.48390138e-02
    6.46855056e-01 4.30567861e-02 6.01598024e-01 6.77025616e-02
    8.78787339e-02 8.49194050e-01 3.29470873e-01 9.79439855e-01
    8.30982566e-01 8.64896774e-01 2.97848225e-01 7.98777342e-02
    9.62893665e-02 1.71104103e-01 6.70029521e-01 6.43028677e-01
    4.19633418e-01 2.95944721e-01 8.96975577e-01 1.87977791e-01
    7.73342371e-01 1.47284180e-01 3.68560970e-01 5.79649806e-02
    5.80014467e-01 1.09721690e-01 4.42335784e-01 2.99779415e-01
    1.04511678e-02 7.93918490e-01 4.12289947e-01 3.14044833e-01
    6.31012678e-01 6.37803376e-01 1.46326751e-01 8.97989392e-01
    2.54935682e-01 6.89906955e-01 9.20432687e-01 7.54282415e-01
    4.46433961e-01 9.18096066e-01 4.78997231e-01 2.62009054e-01
    9.95575070e-01 9.92357969e-01 7.51153588e-01 7.82050490e-02
    2.99862027e-01 4.44154114e-01 5.89484453e-01 5.41287899e-01
    7.05559850e-02 5.27084768e-01 6.04268670e-01 2.73468792e-02
    1.16071671e-01 8.33249867e-01 5.18896401e-01 9.61676240e-01
    7.33005941e-01 5.36166608e-01 1.40448898e-01 7.55842388e-01
    3.68596315e-02 2.76179314e-01 9.68923867e-02 4.71752137e-01
    2.22765267e-01 2.96108067e-01 4.77454990e-01 9.13311243e-01
    4.09421563e-01 6.29200459e-01 5.83654642e-02 6.41274810e-01
    4.72318530e-01 6.46468163e-01 4.56182420e-01 4.63698417e-01
    6.76010787e-01 8.40851128e-01 5.37155569e-01 5.65188944e-01
    9.08291340e-01 2.85620689e-02 9.42327917e-01 9.30898309e-01
    2.84402370e-01 7.28689253e-01 8.93108606e-01 7.07941532e-01
    4.93687600e-01 3.41968715e-01 7.73108125e-01 7.82464385e-01
    9.18860376e-01 5.73158562e-02 8.44978213e-01 1.82121992e-02
    5.62893212e-01 1.68329448e-01 7.13645101e-01 2.61482954e-01
    8.30735087e-01 1.12862140e-01 7.67130613e-01 8.31378281e-01
    1.12707466e-01 3.85616779e-01 4.22422796e-01 7.05260038e-02
    1.70684844e-01 9.93717790e-01 4.17265147e-01 3.35246027e-01
    1.94137603e-01 9.61180449e-01 8.37969661e-01 7.27014720e-01
    3.56318057e-02 4.36511159e-01 9.30182815e-01 5.45892775e-01
    4.38782483e-01 9.96950030e-01 3.82723510e-02 9.06443655e-01
    4.31208014e-01 9.58426416e-01 8.74075651e-01 2.62023449e-01
    7.83615887e-01 2.66319811e-01 2.78510928e-01 5.86047828e-01
    3.38918775e-01 2.20716387e-01 5.05658686e-01 1.30793691e-01
    9.06982422e-01 4.40519929e-01 3.33360791e-01 9.28521633e-01
    9.37053680e-01 5.24046957e-01 1.04886591e-02 9.35947239e-01
    7.99740911e-01 7.78568864e-01 5.04800856e-01 9.01488781e-01
    4.89449859e-01 7.39068806e-01 6.27745867e-01 1.65556967e-01
    6.15900815e-01 5.41417599e-01 4.92905885e-01 8.56222212e-02
    2.53018737e-01 7.67668605e-01 9.08277273e-01 2.07418919e-01
    7.83270001e-01 9.99692321e-01 2.46183664e-01 1.74869895e-02
    1.29010528e-01 2.94070065e-01 5.22469997e-01 7.64240623e-02
    3.69837344e-01 8.36599112e-01 7.86888361e-01 3.54169488e-01
    7.95569897e-01 4.92444396e-01 4.01373655e-01 5.29967725e-01
    1.10350937e-01 3.28481793e-01 3.83695662e-01 3.16925138e-01
    9.24231291e-01 5.28966486e-01 4.09718990e-01 5.01780093e-01
    7.11476147e-01 7.62270689e-01 5.38590372e-01 3.50541115e-01
    4.57740068e-01 8.08366418e-01 9.38689709e-01 5.79796791e-01
    4.97791797e-01 4.92961943e-01 1.56047076e-01 4.47293460e-01
    2.84778029e-01 6.68229520e-01 3.65176857e-01 9.35916424e-01
    4.95314151e-01 2.42982000e-01 7.91686654e-01 7.71000147e-01
    1.80403560e-01 6.76736951e-01 9.26794112e-01 9.95194912e-01
    2.62458980e-01 3.62534583e-01 9.74692702e-01 3.06952834e-01
    7.55417466e-01 9.60616350e-01 5.05097985e-01 8.66195858e-02
    3.16941440e-01 3.56777608e-01 3.99353623e-01 7.61274576e-01
    8.38433981e-01 6.78676903e-01 2.72215068e-01 6.47426546e-02
    1.34484619e-01 1.65936649e-02 1.63062692e-01 1.17087364e-02
    7.54720509e-01 2.18132019e-01 2.19791740e-01 4.45439190e-01
    4.81233120e-01 5.33403456e-02 5.42103529e-01 7.77004778e-01
    8.50377083e-01 7.92871714e-01 9.74068522e-01 1.98728830e-01
    4.59384739e-01 1.86372846e-01 4.85758901e-01 7.19077349e-01
    4.29315954e-01 6.23659253e-01 8.56303573e-02 5.41283906e-01
    3.56488585e-01 3.43147129e-01 3.97904247e-01 4.98503625e-01
    1.88139915e-01 8.11211824e-01 8.41125011e-01 1.70151681e-01
    6.46368861e-02 5.99933982e-01 9.37708497e-01 6.51321709e-02
    3.94422084e-01 6.87199950e-01 6.48190677e-01 7.13277817e-01
    7.73031592e-01 9.49882269e-01 8.26302767e-02 2.17431664e-01
    1.80754721e-01 3.90450597e-01 2.72766292e-01 3.34479451e-01
    5.74926317e-01 7.03060627e-01 9.79232192e-01 4.43369389e-01
    7.37542272e-01 8.37826073e-01 3.31945539e-01 2.72995830e-01
    3.50228846e-01 2.72319376e-01 3.29480350e-01 3.93544406e-01
    5.12645245e-02 2.13101208e-01 4.20871794e-01 5.45776248e-01
    8.14616919e-01 2.10352838e-01 9.14421141e-01 1.67879939e-01
    1.05068952e-01 3.61081004e-01 9.03050303e-01 1.00978822e-01
    4.46818173e-01 1.03258014e-01 1.37081265e-01 7.48974919e-01
    3.23641300e-02 4.37004268e-02 6.17196560e-01 1.66840583e-01
    1.74297035e-01 2.13195384e-02 7.53125906e-01 2.65775025e-01
    8.34054291e-01 8.56832802e-01 3.64702284e-01 5.07706583e-01
    1.47400349e-01 6.94384098e-01 2.31882036e-01 5.29910862e-01
    9.55834687e-02 5.84620357e-01 4.23613667e-01 4.26588356e-02
    4.95494008e-01 9.50722754e-01 1.67990535e-01 3.27687979e-01
    9.28166568e-01 7.37457454e-01 9.08181131e-01 1.58712715e-01
    3.60366583e-01 6.78088248e-01 3.60164642e-02 7.02059567e-01
    2.34731048e-01 2.89652795e-01 8.64544630e-01 7.67350376e-01
    8.21246803e-02 3.34619582e-02 9.68343496e-01 1.00839227e-01
    8.31950784e-01 6.20777011e-01 3.20611298e-01 9.40805256e-01
    5.94809890e-01 5.64485192e-01 8.90047550e-01 2.17628330e-01
    8.83888006e-02 3.90220702e-01 7.99945891e-02 3.73806208e-01
    2.32406825e-01 8.94239902e-01 1.33674890e-01 8.33625317e-01
    5.90653419e-01 9.15942729e-01 4.87756401e-01 5.92145979e-01
    8.85452569e-01 5.54631829e-01 6.14529788e-01 9.65523899e-01
    8.01566958e-01 2.78240204e-01 3.60862970e-01 7.87588716e-01
    9.71070826e-02 3.56238097e-01 6.25763893e-01 1.88383102e-01
    3.76195431e-01 4.28496420e-01 1.20559275e-01 9.14293587e-01
    1.77230865e-01 2.13322341e-02 6.77525461e-01 8.51441264e-01
    2.57781029e-01 4.41907018e-01 4.46441472e-01 1.77467287e-01
    9.96242046e-01 3.65781784e-02 8.33456218e-01 6.50870919e-01
    1.48545176e-01 4.89614069e-01 4.95054573e-01 3.69932353e-02
    5.74910820e-01 5.00565767e-03 8.06436837e-01 6.92579508e-01
    5.37090778e-01 3.33371282e-01 7.53391683e-01 8.18614364e-01
    8.34103405e-01 9.03947473e-01 9.34922218e-01 1.21018946e-01
    1.15243584e-01 7.35642970e-01 1.96385026e-01 8.43130827e-01
    5.25362134e-01 4.44119692e-01 8.47238481e-01 7.92277336e-01
    9.39140320e-01 6.69718623e-01 6.98606372e-01 8.21906269e-01
    3.63312721e-01 6.05019629e-01 5.66637635e-01 9.85859275e-01
    1.76388711e-01 6.49881005e-01 3.77610207e-01 9.04361069e-01
    9.57559466e-01 4.97379661e-01 2.48988301e-01 1.84385270e-01
    1.02777541e-01 6.98704481e-01 4.36231792e-01 5.64842522e-01
    5.79614401e-01 1.61909193e-01 6.62776411e-01 2.97737122e-02
    1.39799029e-01 8.70100737e-01 8.84039283e-01 4.39525396e-01
    6.84466481e-01 3.76098067e-01 9.32037294e-01 1.29105240e-01
    8.97761583e-01 4.70099390e-01 1.18647218e-02 9.72754478e-01
    1.41975582e-01 2.70911247e-01 3.39744568e-01 7.54474342e-01
    2.62170136e-01 3.84848207e-01 3.40598434e-01 7.15252876e-01
    8.75325322e-01 7.10078478e-02 2.16800272e-01 4.10541028e-01
    7.32408166e-02 1.85282439e-01 3.35209131e-01 1.84227139e-01
    1.06711894e-01 4.20786083e-01 9.62708235e-01 8.51947546e-01
    2.04382122e-01 1.99729323e-01 7.95985579e-01 2.97139585e-01
    8.12983751e-01 1.69213593e-01 1.06587827e-01 8.96694601e-01
    4.31818962e-01 8.38642359e-01 7.72844672e-01 9.10712481e-01
    8.81753683e-01 6.97743654e-01 7.09383249e-01 1.03286594e-01
    1.49227053e-01 3.46109867e-01 3.16924393e-01 7.32823849e-01
    9.36684728e-01 6.92489028e-01 2.23682642e-01 4.89710838e-01
    2.50415653e-01 6.94204569e-01 6.44341111e-02 1.49030685e-01
    5.13307333e-01 8.66360307e-01 6.20898783e-01 7.27735639e-01
    8.79745364e-01 9.26550508e-01 4.71485555e-01 9.16915774e-01
    8.56380641e-01 4.44888413e-01 3.76731783e-01 9.93452191e-01
    7.14637935e-01 6.92088723e-01 4.26518023e-01 5.89738846e-01
    8.55271220e-02 6.24970794e-01 8.12336862e-01 5.95816433e-01
    8.95049095e-01 6.39992833e-01 4.91889238e-01 6.62841082e-01
    2.73694456e-01 8.78527403e-01 4.61758673e-02 4.48375851e-01
    1.66940778e-01 1.74639076e-01 2.23105550e-02 6.17993116e-01
    9.87452269e-01 9.31165516e-01 8.87649536e-01 5.93088150e-01
    8.31825197e-01 3.35225612e-01 4.26713556e-01 2.98458815e-01
    9.08257723e-01 2.39168227e-01 4.03683841e-01 2.03241497e-01
    6.54302061e-01 8.27779591e-01 9.10510719e-02 9.57551956e-01
    6.91502154e-01 4.28373516e-02 2.79801786e-02 5.87722778e-01
    1.41818225e-02 8.19388270e-01 3.83553088e-01 9.78131890e-01
    3.20254028e-01 6.60650074e-01 9.70343053e-01 7.79055715e-01
    8.00765455e-01 7.15853572e-02 3.72047842e-01 9.94206786e-01
    6.90459728e-01 3.79346907e-01 7.44056463e-01 7.64756739e-01
    8.34869385e-01 3.98514032e-01 3.09921056e-01 7.32955694e-01
    6.01795793e-01 7.17953265e-01 9.89397049e-01 9.69776034e-01
    9.31292951e-01 2.49926150e-01 2.93554366e-02 9.88568544e-01
    5.02820611e-01 3.78912270e-01 5.13214469e-01 1.12770617e-01
    2.30849266e-01 2.01189727e-01 6.35193050e-01 4.22463238e-01
    7.36473083e-01 2.20440060e-01 5.10693908e-01 5.43116152e-01
    6.31868064e-01 5.40299475e-01 1.10788465e-01 4.58795726e-01
    6.62496209e-01 1.76645428e-01 2.25809276e-01 6.80084646e-01
    2.78454632e-01 6.70818090e-01 4.11420226e-01 2.04907238e-01
    5.35687804e-01 7.68395424e-01 5.69527745e-01 8.91420126e-01
    6.47055507e-01 9.13343012e-01 6.41440749e-02 5.77001035e-01
    1.95705175e-01 3.84582132e-01 3.92204165e-01 9.93741751e-02
    2.65657067e-01 6.47452950e-01 4.85854656e-01 1.25937402e-01
    9.11102057e-01 3.27282518e-01 6.80053651e-01 3.49059612e-01
    6.44027114e-01 1.32847935e-01 8.34496617e-01 9.58783507e-01
    1.55703276e-01 8.66981268e-01 5.21837056e-01 9.54128027e-01
    2.34656721e-01 7.72030771e-01 7.05834746e-01 9.54433560e-01
    3.96547914e-01 3.84028196e-01 9.86354947e-01 8.41281116e-01
    9.70147014e-01 1.55520439e-01 4.08329040e-01 5.57368398e-02
    1.95491195e-01 3.42003942e-01 2.71383166e-01 7.93953300e-01
    3.60807955e-01 5.93547761e-01 1.78205043e-01 5.65198600e-01
    9.17149067e-01 6.47798598e-01 3.10591459e-01 6.49656355e-02
    3.09127688e-01 8.76253366e-01 1.85325354e-01 1.78835928e-01
    7.02508211e-01 9.50515270e-04 3.12668830e-01 5.73646009e-01
    9.13254261e-01 8.33851099e-03 9.39941525e-01 6.44108713e-01
    1.00994080e-01 8.86753023e-01 1.10857815e-01 9.37796831e-02
    8.22992802e-01 4.28963542e-01 1.22791111e-01 8.10472608e-01
    9.24406171e-01 3.88354659e-01 3.05031538e-02 7.58432031e-01
    4.70458627e-01 5.55946827e-01 6.27265096e-01 3.76353800e-01
    8.62281919e-01 6.10564351e-02 3.38626981e-01 3.51535290e-01
    7.66906142e-01 4.31107223e-01 8.78850937e-01 4.91675735e-02
    1.79257005e-01 6.84908748e-01 1.99142843e-01 4.67035621e-01
    5.20640016e-01 6.73496008e-01 8.61162424e-01 1.68507904e-01
    9.37138617e-01 4.14817095e-01 1.98975027e-01 5.88148355e-01
    7.16731191e-01 5.83286583e-02 6.17440879e-01 6.91826522e-01
    5.70924461e-01 4.90760803e-03 1.90241814e-01 5.10028720e-01
    2.84269750e-02 2.07388163e-01 6.20143414e-01 9.79671121e-01
    9.68196332e-01 9.82557535e-01 8.24468493e-01 3.38490188e-01
    5.93498051e-01 3.21578443e-01 8.58032584e-01 3.63687098e-01
    4.52500284e-01 8.45254064e-02 6.06220424e-01 4.55760568e-01
    6.17548525e-02 3.44452202e-01 7.87559152e-01 1.20387375e-01
    8.95879745e-01 2.23725170e-01 9.87688661e-01 6.16012514e-02
    8.14560473e-01 6.85567498e-01 7.69252658e-01 6.46357358e-01
    1.09374762e-01 7.90339410e-02 5.10787487e-01 6.60596550e-01
    3.22658002e-01 9.37254786e-01 9.98971164e-01 4.49753702e-02
    1.28254026e-01 7.17159867e-01 9.61315274e-01 1.22087538e-01
    6.58916116e-01 9.12083030e-01 1.05679691e-01 7.72689223e-01
    9.01771784e-01 2.25523323e-01 1.65316254e-01 8.18960905e-01
    5.24250269e-02 1.04692578e-02 4.87511039e-01 7.21462488e-01
    7.78692067e-02 2.33740091e-01 7.04040587e-01 1.88515991e-01
    7.88866043e-01 7.34534860e-02 2.19317377e-01 6.18551910e-01
    2.94022053e-01 4.28919613e-01 8.53101730e-01 3.05983722e-01
    1.92425072e-01 5.37513793e-02 4.72675085e-01 3.70775402e-01
    2.39787608e-01 8.69483829e-01 9.37825084e-01 3.68620217e-01
    3.27473879e-02 7.43177891e-01 7.96024561e-01 2.67243743e-01
    2.63710320e-01 7.82435656e-01 6.51996613e-01 4.00750369e-01
    2.53151953e-02 9.95274246e-01 1.04574621e-01 4.40320909e-01
    5.58004260e-01 3.07802141e-01 2.02685297e-02 4.40260649e-01
    3.91896248e-01 2.36755282e-01 4.77178842e-01 4.91303682e-01
    7.01327085e-01 4.96076018e-01 9.63407636e-01 2.29446441e-01
    1.53321117e-01 8.63509715e-01 9.27032948e-01 2.66174138e-01
    5.73875487e-01 5.14019966e-01 7.36166954e-01 7.02969849e-01
    4.85464931e-01 9.42824483e-01 7.47646689e-01 1.58365399e-01
    8.66133332e-01 5.76687634e-01 4.01610047e-01 9.17119265e-01
    1.08636469e-01 2.01654047e-01 1.18440926e-01 5.71560860e-01
    1.55388802e-01 9.67326760e-02 9.59013939e-01 5.86892605e-01
    4.87699926e-01 3.14163268e-02 7.41562665e-01 9.78340209e-02
    1.01105362e-01 2.09530294e-01 9.40205097e-01 4.13921863e-01
    8.51763189e-02 8.13391864e-01 1.66797668e-01 5.44552922e-01
    3.92804056e-01 9.23179686e-02 5.91951907e-01 1.18522525e-01
    1.02934808e-01 2.73650169e-01 7.28480279e-01 5.28835654e-02
    6.56884909e-01 2.09207118e-01 7.84666479e-01 5.91084898e-01
    2.78813124e-01 6.22217894e-01 5.36754489e-01 1.61464930e-01
    6.72304392e-01 3.97051930e-01 5.22254527e-01 8.13793004e-01
    8.48927557e-01 8.11237574e-01 9.96344805e-01 2.79187649e-01
    2.33748555e-02 8.93085897e-01 4.15952265e-01 1.23944163e-01
    4.42712873e-01 6.02689385e-01 3.45116585e-01 5.75982273e-01
    9.79460478e-01 9.20372665e-01 9.06842589e-01 8.09462309e-01
    2.34779805e-01 5.39653480e-01 8.46651971e-01 8.47062945e-01
    8.03629875e-01 4.98700321e-01 8.29381287e-01 8.83640051e-01
    1.23672426e-01 3.69360626e-01 1.76507294e-01 6.00898385e-01
    3.59116256e-01 3.37766975e-01 1.31544650e-01 9.26135182e-01
    6.47185624e-01 1.63816482e-01 2.06426382e-02 6.00946844e-02
    1.79947615e-02 2.33862698e-02 8.77721310e-02 2.37950742e-01
    4.83915687e-01 4.09828424e-01 1.82610482e-01 8.44483972e-01
    3.04164529e-01 3.94953907e-01 5.98931253e-01 3.78389060e-01
    3.10382754e-01 6.31893158e-01 7.33994424e-01 3.79337072e-01
    3.26465368e-01 1.09300882e-01 1.65301532e-01 5.17548561e-01
    2.22187579e-01 8.76313448e-03 6.62490964e-01 7.97586620e-01
    2.97486633e-01 5.85967958e-01 6.27898574e-01 5.92327476e-01
    1.61505252e-01 8.02079439e-02 3.02579284e-01 6.56973600e-01
    4.09484506e-02 7.55177379e-01 5.66517949e-01 1.52677357e-01
    1.15969151e-01 5.29820740e-01 1.51565671e-01 5.13631105e-01
    8.03103924e-01 4.66568768e-01 7.40414023e-01 2.59620070e-01
    7.87121892e-01 2.68971264e-01 1.35569692e-01 7.37908542e-01
    4.07646537e-01 2.97356725e-01 9.78775144e-01 5.56842387e-02
    9.03501391e-01 3.81728947e-01 2.04563797e-01 5.95101058e-01
    6.45064712e-01 1.31359100e-02 1.17698371e-01 5.12100041e-01
    7.23193169e-01 3.44860256e-01 5.96470416e-01 3.74729514e-01
    8.62290859e-01 9.58631754e-01 3.80725265e-01 7.78101623e-01
    3.63403291e-01 7.07439184e-01 7.44080663e-01 7.32328773e-01
    9.21078503e-01 3.79909277e-01 1.20547205e-01 2.10361183e-01
    2.09560841e-01 9.44365382e-01 1.65999740e-01 4.67735022e-01
    8.25275779e-01 4.06930119e-01 2.35625386e-01 3.42921615e-01
    8.91938567e-01 2.45550275e-03 9.13431168e-01 1.05058134e-01
    6.90179467e-01 9.77080941e-01 9.08064961e-01 5.93014181e-01
    5.77162504e-02 6.32995129e-01 8.80490065e-01 1.10301793e-01
    3.67348611e-01 9.78685260e-01 6.45754874e-01 2.77869195e-01
    6.00984633e-01 4.97528851e-01 8.09855819e-01 7.33820438e-01
    1.22785896e-01 7.13876069e-01 7.47795939e-01 5.10551512e-01
    7.98115373e-01 3.18021119e-01 4.67247963e-01 7.91179419e-01
    1.73708409e-01 5.84937215e-01 4.93492097e-01 5.03695071e-01
    6.63368523e-01 9.76759195e-01 4.30921882e-01 5.49718678e-01
    7.06065536e-01 7.42777586e-02 8.73089433e-01 3.77458215e-01
    9.42797244e-01 4.86105531e-01 8.25238466e-01 4.48307872e-01
    1.35270923e-01 3.08064580e-01 9.94028211e-01 3.75969350e-01
    5.89197934e-01 2.96657681e-01 1.52316689e-03 7.24591136e-01
    5.10400057e-01 9.32476223e-02 7.52725780e-01 8.58555675e-01
    2.13863879e-01 7.37891853e-01 3.95105928e-01 8.38150382e-01
    9.93723571e-02 4.48975265e-01 8.04962277e-01 8.66776705e-01
    8.25432718e-01 6.44911766e-01 6.39886975e-01 6.25373721e-01
    6.99895859e-01 1.96204066e-01 5.35366535e-01 8.06462526e-01
    6.52742743e-01 3.30681980e-01 3.27819169e-01 6.51296377e-02
    1.86938971e-01 7.96181619e-01 5.04787564e-02 6.08305454e-01
    2.54124165e-01 6.92675829e-01 7.69738913e-01 1.92608804e-01
    4.11992431e-01 1.72813743e-01 1.21600688e-01 8.49269629e-01
    6.31435812e-01 9.61701334e-01 8.10615063e-01 5.73010921e-01
    5.30603826e-01 2.36471742e-01 6.92960739e-01 6.03180289e-01
    5.29844642e-01 8.84666979e-01 4.84054446e-01 3.39522481e-01
    4.75907445e-01 5.67367733e-01 7.40441382e-02 9.95129049e-02
    8.34399283e-01 2.86723822e-01 5.01409411e-01 4.95994359e-01
    2.77527422e-01 3.24821979e-01 8.36471200e-01 1.49105489e-02
    3.07199478e-01 2.92251199e-01 8.13733876e-01 6.69987857e-01
    6.78190351e-01 7.24495292e-01 3.79180253e-01 8.68587852e-01
    5.30054867e-01 8.69379878e-01 7.27348506e-01 9.89015579e-01
    2.74817050e-01 7.96733141e-01 2.82341808e-01 7.32643008e-02
    6.47604883e-01 8.16211104e-02 4.52080816e-01 7.16346562e-01
    4.94928479e-01 7.50713825e-01 9.76374805e-01 1.93716526e-01
    3.16377163e-01 5.04212201e-01 4.68705535e-01 2.97250956e-01
    6.00403607e-01 7.57608712e-02 1.51808262e-02 9.10285592e-01
    6.46181107e-01 5.95730662e-01 1.59169257e-01 4.66485143e-01
    2.43690759e-01 7.00604796e-01 3.19397002e-01 2.33804017e-01
    8.59309673e-01 6.69212699e-01 5.88182509e-01 5.04616261e-01
    5.78788400e-01 1.29667699e-01 8.66158128e-01 6.59967363e-02
    4.40060645e-01 2.63997167e-01 3.36939275e-01 6.11710012e-01
    1.15910828e-01 9.96988952e-01 8.06233048e-01 9.99623775e-01
    8.83462429e-01 5.72699487e-01 4.42673475e-01 9.97630358e-02
    1.74589813e-01 7.65904486e-01 6.78683698e-01 4.28848088e-01
    5.26117921e-01 2.17775971e-01 8.41001630e-01 3.23616266e-01
    9.78368878e-01 8.59273255e-01 4.70660537e-01 6.56483889e-01
    8.75068307e-02 2.47364491e-01 2.53212899e-01 7.11005330e-01
    8.59507024e-02 8.62064600e-01 1.03257120e-01 7.05215037e-01
    8.37951422e-01 3.75898957e-01 5.62808514e-01 7.57372439e-01
    1.10006928e-02 9.70406413e-01 4.75625366e-01 3.29414427e-01
    4.38776702e-01 6.17263675e-01 9.02909815e-01 3.23210537e-01
    4.41319346e-01 9.16950643e-01 7.97832131e-01 3.38247806e-01
    7.73589671e-01 2.99673080e-02 9.22428489e-01 1.00711405e-01
    2.21199721e-01 8.01843226e-01 3.60227495e-01 1.50157422e-01
    3.42059016e-01 6.81968093e-01 2.26095319e-03 6.79291427e-01
    7.21471071e-01 5.23277283e-01 4.47555840e-01 1.75325096e-01
    1.64351463e-01 6.68232203e-01 9.02756810e-01 7.37065494e-01
    3.28451902e-01 2.42835760e-01 3.72687459e-01 7.57592559e-01
    8.98666382e-01 6.29421055e-01 4.05302525e-01 7.00229764e-01
    8.80114019e-01 7.93506503e-01 5.67160666e-01 9.61446285e-01
    3.02526951e-01 6.59455538e-01 2.49119699e-01 5.79709470e-01
    4.22274858e-01 5.37508726e-03 2.85056293e-01 2.14428872e-01
    8.03271294e-01 2.69475400e-01 6.65243387e-01 8.60347271e-01
    3.47834527e-02 1.00826859e-01 6.08528793e-01 5.96234620e-01
    7.68879652e-02 3.67787391e-01 7.82425761e-01 1.96255714e-01
    5.57440996e-01 2.65431106e-01 7.52996624e-01 4.75601912e-01
    4.41768378e-01 2.39562988e-03 5.45057535e-01 6.36717379e-01
    3.98680568e-03 5.58787584e-03 1.31324470e-01 7.99856424e-01
    7.03987122e-01 7.89251506e-01 5.92368603e-01 3.76042485e-01
    8.90531898e-01 6.14598393e-01 1.29147053e-01 9.20090199e-01
    9.56892967e-01 4.92408574e-01 4.14116085e-01 1.40615314e-01
    9.82171893e-01 1.39616847e-01 3.53139877e-01 7.98787296e-01
    5.99860132e-01 1.73908621e-01 1.03825152e-01 1.08237833e-01
    6.62459433e-02 4.25980568e-01 5.09229481e-01 6.69797182e-01
    4.17087257e-01 2.88378954e-01 2.62331486e-01 7.83797204e-02
    6.75794184e-01 2.13840723e-01 3.64799857e-01 8.20507169e-01
    6.94774985e-02 4.82176781e-01 4.38145220e-01 6.65999949e-01
    3.88552308e-01 1.69097215e-01 2.46312946e-01 2.98166811e-01
    6.26410365e-01 9.29414153e-01 1.02925867e-01 1.00269765e-01
    7.98852801e-01 7.68256783e-02 9.09264088e-01 3.75183761e-01
    5.27120769e-01 2.42427111e-01 8.34278107e-01 8.95003438e-01
    4.50762808e-01 4.29795831e-01 3.17580760e-01 5.92612624e-01
    8.58320355e-01 5.49818456e-01 9.30879712e-02 5.18479526e-01
    3.42713386e-01 6.73085332e-01 5.17970622e-02 6.50849223e-01
    8.10778618e-01 7.54822373e-01 3.65209639e-01 6.88478708e-01
    4.05699700e-01 9.44400549e-01 4.73411798e-01 7.22015500e-01
    9.80347276e-01 8.54268074e-02 2.85260379e-01 6.05600178e-01
    8.61159325e-01 1.91584498e-01 1.35419965e-01 9.84021664e-01
    9.14758086e-01 8.72591615e-01 7.46241987e-01 5.99653721e-01
    6.66288853e-01 3.84948611e-01 2.76618898e-01 1.58340007e-01
    7.17674375e-01 7.45859802e-01 8.37335408e-01 9.64413524e-01
    8.18827450e-02 7.48686492e-02 6.27763391e-01 7.35947192e-01
    5.89594960e-01 3.08305025e-04 3.23569238e-01 5.29602885e-01
    1.41409010e-01 9.58292842e-01 2.83025146e-01 8.37836146e-01
    9.78694081e-01 8.06404352e-02 4.73057866e-01 1.83499992e-01
    6.44167066e-01 5.91024816e-01 9.80053782e-01 2.66356945e-01
    4.81960416e-01 4.27355617e-01 9.45609212e-01 3.22359800e-02
    5.81542730e-01 1.91579610e-01 7.72643328e-01 4.20094848e-01
    1.65299237e-01 9.53028917e-01 9.91438568e-01 3.11108768e-01
    6.33577883e-01 1.08705997e-01 6.65040314e-01 2.03839421e-01
    4.83749032e-01 7.99383879e-01 8.84157062e-01 6.08080387e-01
    7.13863492e-01 9.88845825e-02 9.34083819e-01 9.85126972e-01
    3.65909278e-01 6.33348227e-01 5.10674715e-02 3.17199022e-01
    8.02073121e-01 1.31895602e-01 7.29331315e-01 6.83824718e-02
    4.90178972e-01 2.13181764e-01 1.21880740e-01 7.76491880e-01
    1.05641723e-01 4.02701020e-01 4.37270463e-01 1.94025069e-01
    9.14382100e-01 5.44163346e-01 1.35084182e-01 4.12395954e-01
    7.97664046e-01 2.36903042e-01 4.39771950e-01 1.55074328e-01
    5.74182630e-01 9.80896652e-01 1.43987477e-01 6.03724003e-01
    2.23366827e-01 4.66717124e-01 7.10591733e-01 9.19198990e-01
    6.66390061e-01 1.28717542e-01 7.30930865e-01 5.48574626e-01
    4.06703264e-01 7.63163328e-01 6.81187153e-01 5.68902016e-01
    5.35703897e-02 3.19050014e-01 6.29630685e-01 3.07846725e-01
    1.44155294e-01 8.39907944e-01 3.44380677e-01 1.75261557e-01
    9.96275604e-01 5.89452624e-01 1.87412739e-01 6.95528150e-01
    3.48832667e-01 2.98136294e-01 1.33162737e-02 6.98789299e-01
    6.02501571e-01 4.23811853e-01 9.85121012e-01 3.87813091e-01
    6.51481271e-01 4.18403745e-02 2.43675798e-01 4.91245389e-02
    2.75720239e-01 1.46852672e-01 4.11089092e-01 5.52714229e-01
    1.42319590e-01 3.38276595e-01 8.52257729e-01 6.46572232e-01
    6.26743734e-01 9.99377847e-01 4.26432341e-01 2.58411467e-01
    3.39168489e-01 9.12578702e-02 4.89269704e-01 7.79343247e-01
    5.11411130e-01 6.93341851e-01 5.73426187e-01 1.15952075e-01
    1.80034220e-01 7.88303375e-01 4.33421314e-01 1.88019454e-01
    6.42627358e-01 6.75738454e-02 3.03969979e-02 2.52276719e-01
    9.77064073e-01 4.99394715e-01 1.10894561e-01 3.07383418e-01
    1.28189325e-01 1.05582267e-01 3.02884609e-01 1.57814234e-01
    4.67656404e-01 1.96105033e-01 2.15333104e-01 9.48255181e-01
    5.39246142e-01 4.69419479e-01 5.06568253e-02 6.17598653e-01
    6.31139874e-02 3.02986383e-01 3.57689291e-01 5.08724153e-02
    8.54152203e-01 1.60613745e-01 3.91817540e-01 3.06046963e-01
    8.46987486e-01 6.60762548e-01 4.09536600e-01 1.71703786e-01
    6.13215625e-01 9.70700681e-02 4.23793733e-01 1.90131575e-01
    1.53877258e-01 6.19665384e-01 8.88347030e-01 4.22228873e-02
    5.67751646e-01 8.43812466e-01 3.41790557e-01 8.06735516e-01
    6.64720237e-02 8.74618292e-01 9.22463477e-01 5.35108566e-01
    5.41321039e-01 9.89015818e-01 4.54246789e-01 6.46238983e-01
    9.08363581e-01 7.74407148e-01 9.38503385e-01 7.76671767e-01
    9.88961518e-01 1.11674994e-01 8.87261927e-01 5.06173670e-02
    2.59046197e-01 7.52305150e-01 7.02037811e-01 9.52669978e-02
    1.85151011e-01 2.66486734e-01 1.44824088e-01 2.93585628e-01
    6.72087669e-02 4.13667619e-01 6.85289443e-01 4.56082433e-01
    9.62316513e-01 6.56620204e-01 5.36007285e-01 9.12134707e-01
    2.53955424e-02 8.39375556e-01 8.05359781e-01 8.53981197e-01
    8.13761830e-01 9.78382528e-02 7.20787883e-01 5.20304978e-01
    9.84272361e-02 5.10087907e-01 6.89325213e-01 4.53875721e-01
    9.20521915e-01 7.00080395e-03 2.84515560e-01 9.12133873e-01
    5.86259663e-01 1.23768181e-01 5.83815277e-01 3.50823522e-01
    8.95519614e-01 2.08669245e-01 6.58474982e-01 1.09630346e-01
    7.58978248e-01 6.31385863e-01 3.79846931e-01 4.20873523e-01
    4.66060847e-01 2.83576131e-01 3.41280907e-01 1.19204968e-01
    9.93276000e-01 3.63600820e-01 8.72631729e-01 9.37426746e-01
    5.97401083e-01 1.15194321e-01 6.75229073e-01 4.94876742e-01
    8.49628568e-01 8.88149619e-01 2.29860514e-01 6.79238081e-01
    2.77171493e-01 2.91518986e-01 9.62280631e-01 8.65481019e-01
    8.39385748e-01 5.04208922e-01 1.75238252e-01 6.10934973e-01
    8.31933916e-02 7.10703909e-01 6.27345026e-01 4.75839138e-01
    3.34560871e-04 2.23348111e-01 3.77238661e-01 1.98605657e-01
    7.21109152e-01 2.30847597e-02 9.25426483e-01 6.44100666e-01
    5.38449168e-01 7.51300931e-01 2.96898246e-01 7.62902379e-01
    3.73793960e-01 1.18137002e-02 2.32342362e-01 3.03528905e-01
    8.55462313e-01 6.99538469e-01 4.43498015e-01 2.82360137e-01
    7.78404832e-01 1.08360618e-01 8.45857680e-01 3.90142024e-01
    2.76794314e-01 4.11885321e-01 9.15985048e-01 1.13260061e-01
    6.78856313e-01 1.62777513e-01 5.33713758e-01 5.37334979e-02
    3.72060418e-01 5.26374817e-01 1.59083217e-01 5.28554678e-01
    3.33098799e-01 8.19679141e-01 3.38825792e-01 6.08152390e-01
    6.56574667e-01 7.82115221e-01 2.73395061e-01 8.80100369e-01
    4.64077264e-01 8.04358482e-01 6.41778469e-01 8.85650992e-01
    5.80513477e-02 9.51889873e-01 3.67178947e-01 1.09050512e-01
    2.91535795e-01 6.52130663e-01 8.14561069e-01 9.77193832e-01
    3.83490801e-01 6.57849848e-01 9.47769284e-02 3.21092904e-02
    9.85592306e-01 9.68514621e-01 3.51568341e-01 6.75340652e-01
    1.18122518e-01 6.56948686e-01 8.74670029e-01 7.82234311e-01
    7.16419220e-01 8.29905868e-01 2.92348862e-01 4.76925820e-01
    8.55808675e-01 4.88163292e-01 5.95151424e-01 9.03342247e-01
    4.96104151e-01 6.95070684e-01 9.83639956e-02 2.41233796e-01
    8.79886687e-01 6.49290681e-01 6.02529585e-01 9.91073012e-01
    1.56219304e-02 7.75140285e-01 6.80456281e-01 5.38601696e-01
    7.58889914e-02 9.70145702e-01 4.18903500e-01 1.94487870e-02
    9.93967772e-01 2.39901543e-02 9.14446235e-01 5.33683002e-01
    1.40943915e-01 9.90878940e-01 1.25985652e-01 7.46204555e-01
    1.83482766e-02 6.58400118e-01 9.32567477e-01 8.80650878e-01
    4.36329663e-01 5.81846476e-01 7.61836469e-02 9.26099896e-01
    7.10536718e-01 2.17627317e-01 4.91046607e-01 7.09777534e-01
    4.16691601e-01 2.08572239e-01 4.29712117e-01 3.22217286e-01
    9.21574593e-01 1.31461233e-01 4.22687352e-01 9.10225511e-01
    2.44229615e-01 8.77484798e-01 2.20373571e-01 9.88518119e-01
    2.16256291e-01 8.67321372e-01 8.68067384e-01 1.55772418e-01
    1.81801945e-01 2.91665196e-01 8.50437045e-01 9.92205620e-01
    7.30781615e-01 4.16032702e-01 7.77681708e-01 8.98855925e-01
    7.27194965e-01 6.71730816e-01 5.12934506e-01 8.80720377e-01
    5.28822303e-01 7.47562408e-01 6.61016405e-02 3.83009791e-01
    3.58673126e-01 8.84064436e-01 6.61483109e-02 7.52792358e-01
    1.32475555e-01 6.65216267e-01 6.92400336e-02 8.67185593e-02
    8.29013586e-01 3.80451083e-02 9.32691693e-01 5.60376585e-01
    1.31808668e-01 9.99717355e-01 6.05864882e-01 7.70619750e-01
    6.99809194e-01 7.69665837e-01 2.39489973e-01 7.49380052e-01
    9.83498931e-01 8.94776940e-01 2.90362835e-02 9.03280735e-01
    8.68374586e-01 1.62938148e-01 5.28351963e-01 3.49471271e-01
    2.77122408e-01 2.22466260e-01 1.16854995e-01 5.63068926e-01
    5.97769439e-01 4.68342781e-01 5.85282147e-01 3.35364759e-01
    9.79167640e-01 3.89546692e-01 4.19849277e-01 1.16253018e-01
    9.77338552e-02 1.52991652e-01 2.82367706e-01 2.16407329e-01
    6.91169798e-02 8.35109472e-01 7.87473917e-02 4.30378854e-01
    4.48562175e-01 9.77927983e-01 7.80947089e-01 9.64995742e-01
    5.11380374e-01 4.44323927e-01 1.30965501e-01 3.27225506e-01
    1.51292890e-01 3.36075813e-01 8.92195404e-02 9.83821869e-01
    4.74818885e-01 2.94268131e-04 2.96311349e-01 2.26217210e-02
    6.00636840e-01 2.61718214e-01 3.49057764e-01 5.61938286e-01
    2.13645548e-01 9.57122684e-01 7.37107635e-01 1.32555664e-02
    6.07034206e-01 2.72366226e-01 7.48811364e-02 7.46952295e-01
    9.91395116e-01 4.86121237e-01 1.45888180e-01 8.12326193e-01
    5.35507798e-02 2.88823247e-03 1.07498467e-01 4.30096060e-01
    1.39975369e-01 2.53170133e-01 9.51640725e-01 5.38683295e-01
    5.81269383e-01 1.35364830e-01 6.59087121e-01 5.50543308e-01
    5.08406281e-01 9.62311387e-01 8.95185828e-01 5.12650013e-01
    5.48111022e-01 5.65868080e-01 3.97189856e-02 4.70607698e-01
    7.24006832e-01 8.46545696e-01 2.71630287e-01 9.15974915e-01
    8.85743737e-01 6.30893588e-01 5.07750034e-01 7.62144029e-01
    4.81972843e-01 7.47079551e-01 6.27081931e-01 6.75168633e-03
    1.32066309e-02 6.75683856e-01 2.32199997e-01 9.06227052e-01
    1.88212961e-01 3.74596953e-01 5.23078024e-01 7.31845498e-01
    9.17730212e-01 8.98589134e-01 9.16952431e-01 9.72899258e-01
    6.30475163e-01 1.59802288e-01 2.50621855e-01 2.07265049e-01
    3.75933588e-01 9.01222587e-01 5.31759024e-01 7.47983515e-01
    1.24822408e-01 8.26850295e-01 6.80046439e-01 3.55819345e-01
    7.33208776e-01 9.45372105e-01 3.56939495e-01 4.42608297e-01
    7.39407539e-02 1.14709258e-01 7.93676734e-01 1.10523850e-01
    3.62901390e-02 7.87622392e-01 9.52382088e-01 4.92971361e-01
    6.29610837e-01 1.13560230e-01 7.03157425e-01 5.82404792e-01
    2.28693575e-01 2.56581366e-01 3.22478831e-01 5.18159032e-01
    2.81431675e-01 1.20226532e-01 4.85340297e-01 1.20936573e-01
    9.13172126e-01 3.67023706e-01 3.95682603e-01 8.44581246e-01
    3.00596744e-01 1.08240992e-01 3.49171311e-01 7.98409224e-01
    3.57079208e-02 6.36052012e-01 6.74849868e-01 5.87088287e-01
    6.76621616e-01 2.11857259e-02 8.21331561e-01 5.40917039e-01
    5.78154922e-01 2.55227447e-01 4.33416367e-02 3.74549299e-01
    2.09108144e-01 5.93386889e-02 6.44602537e-01 5.35075307e-01
    1.39921844e-01 1.86739653e-01 5.14308572e-01 2.10706890e-02
    5.88942468e-02 9.52231169e-01 7.29340315e-03 2.00384140e-01
    5.79708338e-01 4.30261910e-01 8.31916749e-01 2.24677444e-01
    8.18690836e-01 8.78108382e-01 7.63013482e-01 4.41441894e-01
    6.92458510e-01 8.88221860e-02 5.80724776e-01 3.97791296e-01
    9.72385645e-01 3.63628268e-01 5.68254292e-02 8.91099453e-01
    2.18193740e-01 9.89245594e-01 8.37742567e-01 4.66150314e-01
    6.45703316e-01 5.73612332e-01 8.95825028e-03 4.77564752e-01
    2.36676604e-01 7.51980543e-01 1.00565225e-01 1.73812509e-02
    6.15460694e-01 9.60192084e-01 2.49005437e-01 5.45729399e-01
    6.34058118e-02 2.65613407e-01 3.00498247e-01 6.20525956e-01
    5.92978477e-01 4.35898602e-01 6.52049661e-01 5.50251484e-01
    4.44989711e-01 9.71604884e-02 5.45620739e-01 8.62745285e-01
    5.91396987e-01 6.62048519e-01 5.57986498e-02 4.19188976e-01
    2.77702868e-01 3.78388315e-01 8.72869372e-01 6.37291193e-01
    1.98581040e-01 6.82820559e-01 7.80918002e-01 6.67240441e-01
    5.65297306e-02 7.26431906e-01 1.35263503e-01 4.16501552e-01
    9.81992483e-01 3.94755900e-01 5.30170560e-01 2.20444411e-01
    1.44206822e-01 4.46252167e-01 8.27184856e-01 2.25047886e-01
    4.95266706e-01 7.32632637e-01 7.88887858e-01 7.64355361e-02
    6.26589715e-01 8.18306327e-01 3.32274258e-01 2.49029666e-01
    7.10712254e-01 3.04111958e-01 6.63670003e-01 1.98753834e-01
    2.80014575e-02 5.86796820e-01 3.49921942e-01 8.07389498e-01
    5.24836421e-01 5.33659101e-01 9.58733678e-01 6.47566438e-01
    4.17437375e-01 9.27368104e-02 8.69715035e-01 1.33092165e-01
    4.03387189e-01 2.54317969e-01 9.73851204e-01 8.83837163e-01
    6.06862366e-01 9.35016870e-01 5.43756306e-01 4.12861973e-01
    4.87064689e-01 3.76122445e-01 3.13204646e-01 2.67492533e-01
    6.59362555e-01 7.18623102e-02 2.76492566e-01 4.80636001e-01
    8.97098541e-01 1.13552213e-01 6.30061924e-01 2.58624822e-01
    1.13156587e-01 7.45607495e-01 4.42130238e-01 8.02979469e-02
    1.54709339e-01 1.67998165e-01 7.04793274e-01 9.70458150e-01
    9.47719574e-01 3.88133317e-01 7.52429843e-01 9.66883302e-01
    3.33631545e-01 3.98487061e-01 8.74131083e-01 7.21117556e-01
    6.80634201e-01 4.93519187e-01 5.27295351e-01 5.61174273e-01
    8.62581432e-01 3.05156708e-01 2.56749630e-01 8.71974111e-01
    9.47654068e-01 6.86909974e-01 9.80013609e-03 8.24546099e-01
    1.91189051e-02 6.25300407e-01 7.58468866e-01 5.56312382e-01
    3.15061450e-01 1.18249655e-02 8.83214295e-01 8.39346886e-01
    3.22558284e-01 5.66659212e-01 9.16740298e-03 4.98345196e-01
    2.22933114e-01 3.35886002e-01 5.38208723e-01 6.13318563e-01
    1.86048269e-01 3.34474206e-01 5.76090813e-03 4.01102364e-01
    8.43760014e-01 1.65350795e-01 5.11209428e-01 2.94253528e-01
    9.57943797e-01 6.39591634e-01 7.46162236e-01 7.45154202e-01
    6.25854850e-01 5.04887640e-01 2.01657593e-01 9.90922093e-01
    9.37384427e-01 3.06259662e-01 5.29727936e-01 2.97682524e-01
    4.14388418e-01 8.64532351e-01 6.15150928e-01 8.30605149e-01
    6.86666667e-02 4.09123480e-01 1.74304754e-01 9.87329960e-01
    6.28170133e-01 1.86885208e-01 9.41926599e-01 4.45382297e-01
    4.19268250e-01 6.98216558e-01 2.99215317e-04 3.36033404e-01
    8.92328262e-01 1.11593276e-01 8.55518878e-02 4.18361425e-02
    6.28403544e-01 9.83922899e-01 5.36678553e-01 6.21539652e-02
    9.32199121e-01 8.59503984e-01 8.45483005e-01 3.70893449e-01
    8.63145828e-01 9.34992909e-01 1.00329340e-01 2.98865706e-01
    2.60735154e-01 2.19541103e-01 3.37484479e-01 7.43668556e-01
    8.90422225e-01 5.66329002e-01 3.73412549e-01 3.49567831e-02
    1.48404181e-01 8.20078373e-01 1.41352415e-02 6.90836906e-01
    7.91327119e-01 2.62467504e-01 2.59247720e-02 4.50278670e-01
    1.43152475e-01 7.82876432e-01 5.14584482e-01 1.56887263e-01
    1.94392413e-01 2.09272683e-01 9.42569017e-01 1.82364255e-01
    5.20702302e-02 6.90118670e-02 8.12411547e-01 3.70956451e-01
    6.10090733e-01 8.90744686e-01 1.59356475e-01 8.45161080e-01
    6.17784977e-01 1.19895607e-01 7.97886252e-02 8.75432432e-01
    6.39834583e-01 6.30110860e-01 1.96930170e-02 2.45988309e-01
    5.74174464e-01 8.72628570e-01 7.13061213e-01 8.59779418e-01
    9.37328815e-01 4.66482818e-01 5.83286285e-01 8.60649168e-01
    9.23047900e-01 5.01570940e-01 3.02200377e-01 7.35307455e-01
    9.70047951e-01 7.74228811e-01 3.51300389e-01 1.65497750e-01
    8.07202697e-01 1.70336425e-01 3.62203300e-01 6.93618774e-01
    4.10006046e-02 8.68349493e-01 8.77508521e-02 3.29910278e-01
    1.61574572e-01 6.69849753e-01 9.84351397e-01 9.61674452e-02
    7.85544753e-01 3.00699174e-01 8.32671762e-01 8.10633421e-01
    1.32173866e-01 7.72265315e-01 2.34825104e-01 8.05156112e-01
    1.73289508e-01 9.77214456e-01 3.09154570e-01 6.12413168e-01
    2.40842134e-01 9.42177296e-01 9.82755065e-01 5.14844835e-01
    9.20155823e-01 1.24339640e-01 6.39852107e-01 6.36389911e-01
    5.10628641e-01 1.18520737e-01 7.75618553e-01 7.12845623e-02
    1.42311394e-01 9.77824926e-01 1.92619383e-01 1.38363719e-01
    3.04082125e-01 8.51260960e-01 6.76640928e-01 5.32985985e-01
    5.97558975e-01 1.43363982e-01 1.28627837e-01 4.24851924e-01
    1.06451094e-01 1.63322687e-02 2.27044523e-02 3.98505658e-01
    4.00074452e-01 3.93426210e-01 2.82245576e-02 7.14379787e-01
    1.37387902e-01 1.74953610e-01 1.19866520e-01 6.14062846e-02
    4.49514747e-01 6.58997953e-01 1.01844370e-02 3.20011318e-01
    1.73100263e-01 8.13232005e-01 8.72711837e-01 3.40530276e-02
    8.39094758e-01 5.90357482e-01 4.71142828e-02 6.61012530e-03
    4.17954564e-01 9.67093349e-01 5.35563946e-01 2.85872996e-01
    1.08312726e-01 9.33793902e-01 3.68497729e-01 1.89360380e-02
    9.84600365e-01 2.22377211e-01 3.35998833e-01 1.01120949e-01
    1.29951507e-01 5.26751757e-01 2.32353956e-01 2.32725143e-02
    1.34570479e-01 3.18222404e-01 4.38006252e-01 6.10376060e-01
    6.35081232e-01 1.27305865e-01 3.02084655e-01 1.62809640e-01
    5.98481417e-01 4.75255996e-01 1.36832297e-02 9.49027181e-01
    4.18079913e-01 6.24498010e-01 3.42203468e-01 7.87952900e-01
    4.56156403e-01 4.00199592e-01 9.34567571e-01 2.59842664e-01
    9.57634270e-01 6.45558774e-01 6.37117028e-01 7.74596095e-01
    8.55090976e-01 5.75397730e-01 4.24067765e-01 7.45928764e-01
    5.47041178e-01 4.26810086e-02 4.20735449e-01 3.78500909e-01
    3.73958051e-01 2.96860486e-01 1.75846875e-01 5.53429008e-01
    3.47708493e-01 5.69601715e-01 3.64220321e-01 7.32023656e-01
    3.39451730e-01 3.81974399e-01 3.86361957e-01 5.14035523e-01
    8.75732303e-01 7.29897618e-01 9.49362993e-01 6.02841496e-01
    4.23473150e-01 4.24472332e-01 2.18648404e-01 8.43472004e-01
    6.54077411e-01 1.01702183e-01 5.34266233e-01 4.08332616e-01
    5.51856279e-01 8.41886282e-01 3.92514884e-01 2.13998795e-01
    7.99702764e-01 5.19120693e-01 7.25194812e-01 4.22977656e-01
    1.41803324e-01 6.72902822e-01 3.56118351e-01 7.81887770e-02
    6.53744519e-01 9.73053813e-01 8.11930656e-01 7.95515180e-02
    3.00742328e-01 8.66959691e-01 8.80482495e-02 2.69684404e-01
    5.01988888e-01 4.50018346e-01 9.85940993e-02 6.11364722e-01
    4.78263825e-01 2.19079673e-01 8.96944761e-01 3.14988136e-01
    4.54922974e-01 7.95747399e-01 1.40768468e-01 4.20457214e-01
    7.75434971e-01 4.67568815e-01 3.04253846e-01 6.10584855e-01
    5.04185617e-01 8.99565458e-01 8.64656925e-01 6.25359714e-02
    6.09607995e-02 3.86690497e-02 1.77249134e-01 3.94921243e-01
    1.82014048e-01 2.94068992e-01 5.37421405e-02 7.07946479e-01
    7.47762680e-01 3.97381186e-02 2.78266460e-01 7.84943938e-01
    4.71908450e-02 4.55862552e-01 9.28153336e-01 1.05427623e-01
    2.73194671e-01 3.19763124e-01 6.40657723e-01 1.51122302e-01
    9.03087020e-01 8.21724176e-01 7.63032556e-01 7.43489027e-01
    3.61504555e-01 8.50277126e-01 1.28146470e-01 6.95581198e-01
    2.64101237e-01 4.79701579e-01 4.54573035e-01 1.44249648e-01
    1.83114737e-01 2.66399324e-01 5.44974089e-01 6.60803914e-02
    3.71850133e-02 3.85496914e-02 8.09827447e-02 6.46884918e-01
    2.17823982e-02 1.69463992e-01 2.55264014e-01 4.90104675e-01
    1.18207186e-01 4.74057406e-01 3.70650589e-02 5.84755182e-01
    2.26704180e-02 5.11362851e-02 8.58828425e-01 1.84176326e-01
    5.31240940e-01 6.55634642e-01 8.96658301e-02 4.18252289e-01
    1.06984973e-01 2.03294218e-01 4.33746248e-01 8.63158107e-01
    4.28527921e-01 2.40020454e-01 2.25238413e-01 8.51402998e-01
    2.80761361e-01 2.86756158e-02 7.49384463e-01 1.34122431e-01
    2.59004056e-01 4.71738964e-01 5.36803365e-01 6.86886013e-01
    9.53063607e-01 7.54066706e-01 1.79717630e-01 5.56144238e-01
    8.39606881e-01 5.74398398e-01 2.46554434e-01 4.38755661e-01
    1.02077097e-01 5.47387004e-01 9.63110685e-01 6.54035687e-01
    9.26527858e-01 3.47759783e-01 3.59536797e-01 6.76124394e-01
    8.86221051e-01 8.24531317e-01 1.95097387e-01 3.44538152e-01
    1.15974605e-01 2.79541820e-01 6.79968178e-01 3.89324963e-01
    6.95002079e-03 3.84010941e-01 7.12934434e-01 2.17391521e-01
    3.92752469e-01 6.54662430e-01 3.65623474e-01 4.39419031e-01
    6.02564931e-01 4.63884294e-01 4.30960596e-01 2.36529768e-01
    9.53470767e-02 2.07979500e-01 1.73238486e-01 5.38451493e-01
    4.34480518e-01 2.83665776e-01 5.55776417e-01 2.72321045e-01
    5.82205713e-01 9.92681742e-01 3.36435735e-02 7.59235799e-01
    2.14493126e-01 3.33994478e-01 1.84106380e-01 7.62704015e-01
    7.19615042e-01 4.64740962e-01 3.37022901e-01 6.79999113e-01
    9.19756532e-01 3.62837732e-01 6.26779675e-01 7.27870107e-01
    9.37161505e-01 4.93792653e-01 1.80647552e-01 9.80374217e-03
    8.88371468e-03 9.08478975e-01 9.47533369e-01 1.98450446e-01
    6.60880089e-01 8.47656250e-01 1.34574205e-01 8.34546447e-01
    7.15279102e-01 8.11968684e-01 1.05714917e-01 1.01415813e-02
    7.26565480e-01 4.26583350e-01 1.79243356e-01 4.08587962e-01
    3.87757421e-02 2.40042597e-01 9.21378851e-01 5.53004801e-01
    4.39489067e-01 9.02471662e-01 6.52752519e-02 8.86051893e-01
    5.57565749e-01 3.20275128e-01 7.24616766e-01 5.00278652e-01
    8.93347859e-02 8.38544965e-03 9.78469491e-01 5.14110506e-01
    5.94234467e-02 6.29098117e-02 8.02214384e-01 1.67993456e-01
    1.97192550e-01 6.61720514e-01 8.32861364e-01 9.78490949e-01
    2.06473172e-01 8.91379833e-01 4.25506473e-01 9.22044218e-01
    6.58244729e-01 2.72467434e-01 4.64253694e-01 9.73744392e-01
    6.53196871e-01 5.42896867e-01 1.94778621e-01 4.85729188e-01
    5.08800328e-01 4.25554156e-01 3.92093092e-01 7.55530298e-01
    3.67038608e-01 4.78502542e-01 6.71660423e-01 4.84911174e-01
    5.06238818e-01 7.19132066e-01 4.47038829e-01 8.51751924e-01
    6.98096991e-01 2.73221135e-01 7.43580580e-01 8.72907043e-02
    5.15548527e-01 1.23957366e-01 8.68985593e-01 8.22377384e-01
    2.34123647e-01 6.41493440e-01 3.11344206e-01 5.46493769e-01
    7.69997239e-01 3.22858661e-01 3.02633226e-01 3.07881296e-01
    8.94186020e-01 8.26884091e-01 7.90515900e-01 4.56515551e-01
    4.06306386e-01 9.67277765e-01 3.42824340e-01 6.92494273e-01
    4.35707390e-01 8.28167975e-01 6.05478466e-01 2.18832195e-02
    4.08021480e-01 2.23955542e-01 4.49236214e-01 3.95224363e-01
    3.97889882e-01 8.88543725e-02 4.22626734e-04 5.33005834e-01
    2.16582388e-01 3.13967705e-01 6.77679777e-01 7.32233942e-01
    4.93228197e-01 7.98166990e-01 5.78380466e-01 7.42035747e-01
    3.23092878e-01 4.80827510e-01 1.65268838e-01 6.72156274e-01
    1.59626186e-01 3.16873491e-01 4.29121435e-01 7.50201225e-01
    4.21674490e-01 2.30247825e-01 4.95066464e-01 5.16450584e-01
    9.57310557e-01 8.99234116e-02 2.20846415e-01 2.63691127e-01
    7.67717540e-01 2.61533618e-01 8.00297618e-01 4.19848144e-01
    2.04414994e-01 8.50997090e-01 3.42626274e-01 8.46326590e-01
    6.80335343e-01 5.19316077e-01 4.69165206e-01 7.18261838e-01
    6.20176435e-01 4.96143520e-01 9.94510710e-01 6.79627180e-01
    2.28464097e-01 6.76727891e-01 9.08142686e-01 9.06087339e-01
    7.58469939e-01 8.58187437e-01 2.73022979e-01 9.15806234e-01
    8.92494857e-01 9.71283913e-01 9.02512372e-01 7.57726848e-01
    5.37644982e-01 7.79602945e-01 2.50692189e-01 1.00616336e-01
    8.22248995e-01 2.38774002e-01 8.41394544e-01 7.74011016e-02
    9.04234052e-01 4.75168407e-01 2.72982299e-01 2.22221643e-01
    2.76505530e-01 8.61780345e-02 6.54649615e-01 5.28433800e-01
    7.89914370e-01 2.79222548e-01 7.03719378e-01 2.82466918e-01
    3.12214941e-01 9.09525156e-01 8.41987073e-01 6.19711459e-01
    8.06850791e-01 3.30455065e-01 2.41501898e-01 1.65197939e-01
    4.28778321e-01 5.38344085e-01 8.03632140e-01 7.60400891e-01
    2.57495731e-01 7.97441006e-01 9.78211939e-01 7.69885302e-01
    2.84467041e-01 2.23940492e-01 2.62075663e-01 8.10185313e-01
    7.83229113e-01 1.52493268e-01 7.79208660e-01 6.66189194e-01
    6.84026003e-01 1.89542055e-01 4.69311148e-01 1.76712751e-01
    7.97796369e-01 7.55286574e-01 9.39020276e-01 2.30659157e-01
    4.47407573e-01 3.07993472e-01 3.91183853e-01 2.48077601e-01
    5.90013146e-01 6.96043849e-01 2.91957080e-01 5.67129850e-01
    3.41518641e-01 7.86218286e-01 4.20850813e-01 1.26286447e-01
    6.71334624e-01 8.86697888e-01 4.47636366e-01 8.59017193e-01
    3.66196603e-01 3.02776337e-01 5.76885462e-01 5.95630229e-01
    6.64956689e-01 2.58639216e-01 9.12643313e-01 2.65164673e-02
    3.27141762e-01 1.05131656e-01 6.62165821e-01 3.25074106e-01
    7.90448070e-01 1.66503131e-01 1.63392574e-01 1.94320887e-01
    3.60831052e-01 6.58173800e-01 3.21937621e-01 7.75628507e-01
    6.21242106e-01 2.65644312e-01 7.42095411e-01 7.20316648e-01
    2.41736382e-01 2.88747370e-01 2.04807997e-01 8.52968931e-01
    5.17646134e-01 6.40315711e-01 8.27979326e-01 5.00905395e-01
    2.12699711e-01 2.32106566e-01 6.09023988e-01 3.89128923e-02
    9.02894378e-01 2.97573388e-01 9.25033092e-01 9.30147707e-01
    9.36697900e-01 2.91618109e-02 4.30273682e-01 8.05011153e-01
    7.30628490e-01 3.15038711e-01 6.30054951e-01 4.24998790e-01
    6.30764663e-01 7.31674790e-01 6.97164655e-01 5.10904610e-01
    8.91944170e-01 1.94616824e-01 3.23007405e-02 9.95883763e-01
    5.43023884e-01 9.30340767e-01 4.34272051e-01 5.43519378e-01
    5.69271445e-02 5.89952767e-02 9.80247438e-01 9.43089545e-01
    7.48685956e-01 7.60202467e-01 9.29952443e-01 4.41292852e-01
    2.32931703e-01 6.70507193e-01 8.88051629e-01 1.72624469e-01
    9.50279951e-01 6.18227124e-02 4.20089990e-01 5.37794054e-01
    8.36013556e-01 4.44949418e-01 3.26422453e-01 1.39613003e-01
    6.86162472e-01 4.32987809e-02 8.06173682e-03 8.58145714e-01
    3.11375618e-01 2.43734509e-01 2.10280716e-02 7.89245963e-01
    8.38924825e-01 1.26373887e-01 2.80947268e-01 1.22970641e-01
    7.26309776e-01 7.08374083e-01 8.68736506e-01 1.00005865e-02
    2.40790039e-01 5.26640058e-01 8.11986268e-01 7.54941702e-01
    8.23250175e-01 2.90248811e-01 7.54777193e-01 1.75210774e-01
    7.08025992e-01 9.59266067e-01 1.21382892e-01 5.90146661e-01
    1.15458190e-01 1.16871774e-01 1.00201577e-01 5.22680104e-01
    3.04259360e-01 2.33708084e-01 9.28089738e-01 7.84346581e-01
    8.47921848e-01 3.69383633e-01 3.61489505e-01 7.55267143e-01
    6.79582775e-01 7.98629820e-02 8.81406903e-01 6.26518011e-01
    9.74392414e-01 2.23977953e-01 3.69132638e-01 8.81283939e-01
    3.80848646e-02 7.39543974e-01 3.82776558e-02 3.59228194e-01
    7.35748291e-01 7.14196861e-02 8.17783117e-01 6.23022556e-01
    7.27781892e-01 8.72512341e-01 1.60810232e-01 9.40884948e-01
    5.44246435e-01 7.14447975e-01 2.88201630e-01 6.82982743e-01
    9.00426388e-01 4.41499531e-01 7.11950898e-01 7.23953605e-01
    8.17931533e-01 1.25272393e-01 9.17162657e-01 4.05238569e-02
    6.47084832e-01 9.34129953e-01 7.63951004e-01 4.66682911e-02
    4.48248386e-02 5.44668913e-01 1.12453401e-01 5.69622517e-01
    4.29759264e-01 8.28686595e-01 1.93553478e-01 7.89210856e-01
    9.87207353e-01 1.69577897e-01 3.94826323e-01 3.48191202e-01
    1.30480766e-01 4.01906967e-02 4.42693383e-01 4.94082689e-01
    7.58898199e-01 8.93349767e-01 6.72734737e-01 2.95146704e-01
    4.45380628e-01 3.13377500e-01 3.86383951e-01 6.91281557e-01
    6.20464921e-01 4.50718313e-01 7.82041371e-01 5.34817517e-01
    3.50769341e-01 8.06709886e-01 6.70283854e-01 8.22063446e-01
    7.86954641e-01 7.34690666e-01 6.16941094e-01 4.22995269e-01
    6.26718760e-01 7.04983354e-01 6.61459684e-01 7.76327968e-01
    6.53322518e-01 3.21857333e-02 1.41826093e-01 5.46599329e-01
    9.92208719e-01 3.83902192e-02 9.33674991e-01 5.69078326e-02
    3.03507447e-01 6.39068842e-01 3.95997316e-01 7.35154629e-01
    4.13182914e-01 5.38213670e-01 4.22519326e-01 1.53511137e-01
    9.91408825e-01 6.49817288e-01 6.61272824e-01 4.18694496e-01
    3.39698166e-01 4.07857805e-01 6.08909070e-01 4.62905794e-01
    2.04890877e-01 6.18718863e-01 8.24213982e-01 8.36266577e-01
    6.55030966e-01 5.52844405e-01 8.80249977e-01 8.90418470e-01
    6.42080426e-01 2.71290839e-01 9.19438004e-02 7.40455985e-02
    8.25939000e-01 2.13798285e-01 3.36793184e-01 6.81923568e-01
    5.82670748e-01 8.10150027e-01 7.50898957e-01 1.53073370e-02
    2.58601129e-01 3.04020494e-01 2.77432919e-01 2.89778292e-01
    3.29057992e-01 8.53405058e-01 1.83309793e-01 1.48479432e-01
    3.81508410e-01 8.19223642e-01 1.92624956e-01 8.32801759e-01
    4.02491599e-01 3.64058197e-01 5.09760916e-01 8.92234802e-01
    7.63595581e-01 8.72742891e-01 5.00911117e-01 9.64283109e-01
    8.95000696e-02 6.69097602e-02 6.20257020e-01 9.59541202e-01
    7.39868939e-01 2.05880314e-01 4.61508185e-01 7.30557978e-01
    2.50298917e-01 8.11067343e-01 4.38425511e-01 8.62759471e-01
    5.41900158e-01 2.81529486e-01 7.97444582e-01 1.88923120e-01
    9.94416714e-01 6.39472604e-01 2.51844198e-01 5.51048696e-01
    2.86797881e-01 7.54010975e-01 9.34807897e-01 7.01229572e-01
    2.03811556e-01 8.85319710e-01 6.27309918e-01 1.84893906e-02
    5.34548104e-01 3.12758118e-01 5.18131554e-01 4.90177274e-01
    2.89741695e-01 7.79791415e-01 2.09076434e-01 2.72225052e-01
    9.62063670e-01 1.34724915e-01 8.63900006e-01 8.63592625e-01
    5.79023898e-01 6.58189952e-02 8.34563196e-01 2.58555591e-01
    8.08477283e-01 8.68818521e-01 1.13665968e-01 1.57384068e-01
    9.87351954e-01 6.11929536e-01 2.82709122e-01 8.20226669e-01
    9.99157310e-01 8.96969080e-01 3.62807155e-01 2.51559585e-01
    8.16966295e-01 7.94937313e-01 9.62313533e-01 6.62859559e-01
    3.96564126e-01 1.75286025e-01 4.17507917e-01 3.10506642e-01
    2.56183952e-01 3.73903483e-01 7.36159980e-01 1.70685023e-01
    8.34247828e-01 6.76714122e-01 3.93021882e-01 3.35755944e-01
    3.74377370e-02 8.73237967e-01 7.67653644e-01 5.71511865e-01
    7.40187526e-01 9.75317836e-01 2.21611619e-01 1.47374064e-01
    7.67585278e-01 1.35274649e-01 9.71852541e-01 5.01964688e-01
    4.20942008e-01 5.67111373e-01 1.00063056e-01 7.66938329e-01
    2.52650708e-01 4.77343500e-02 9.67834949e-01 4.86539066e-01
    8.02235842e-01 8.32370400e-01 1.98968440e-01 2.71318197e-01
    8.88303041e-01 5.78283310e-01 7.51494050e-01 8.11868370e-01
    2.86666155e-02 7.52923548e-01 2.28076875e-01 5.77153921e-01
    1.27633274e-01 5.23023129e-01 3.54667068e-01 9.10681844e-01
    9.62353468e-01 3.53708863e-03 5.67187846e-01 7.09776282e-02
    9.28034306e-01 9.58245754e-01 1.79538131e-02 6.97543025e-01
    1.94502324e-01 8.61535907e-01 2.58638680e-01 3.61353099e-01
    2.77123809e-01 8.72343898e-01 7.73507118e-01 2.83904076e-01
    2.25062966e-02 8.57990265e-01 4.88128722e-01 8.67258906e-01
    3.38874280e-01 4.14042056e-01 7.06827044e-02 2.36477286e-01
    5.78392684e-01 4.75855917e-01 1.70561671e-02 7.84163415e-01
    4.35805947e-01 9.07245755e-01 8.66347790e-01 9.78253305e-01
    6.73216283e-01 8.72188210e-01 4.49726433e-01 2.07940787e-01
    2.74837315e-01 1.94717199e-01 7.96324432e-01 1.53567791e-02
    7.51535952e-01 3.65901947e-01 5.57743847e-01 9.34732199e-01
    3.26479733e-01 1.08026534e-01 1.88774288e-01 8.15348983e-01
    6.79150343e-01 4.57928747e-01 4.35352325e-01 1.61676943e-01
    6.09001219e-01 8.35753918e-01 7.19057322e-02 3.41899812e-01
    8.30597997e-01 3.00402641e-01 8.90239954e-01 3.24561208e-01
    2.80701131e-01 5.26952803e-01 5.79704285e-01 7.90007949e-01
    8.57425570e-01 7.23095477e-01 6.98396862e-02 7.78262973e-01
    2.68010020e-01 6.15874827e-02 8.89645755e-01 1.39022499e-01
    6.95122540e-01 1.36797875e-01 4.49833661e-01 9.04535770e-01
    3.66746664e-01 3.98293912e-01 8.74408185e-02 7.15263307e-01
    5.63687682e-01 3.54566127e-01 6.02157652e-01 4.38972950e-01
    2.11279154e-01 7.92247057e-01 3.94381106e-01 6.18123472e-01
    4.06074643e-01 5.55010974e-01 8.28408659e-01 6.41538799e-01
    1.03032351e-01 3.17462385e-01 9.55572963e-01 8.65730166e-01
    4.90532458e-01 1.94987983e-01 1.47394150e-01 9.11428511e-01
    9.01776969e-01 3.24316710e-01 1.31792843e-01 5.45159340e-01
    2.79137641e-01 1.17163271e-01 9.58364010e-01 8.13001871e-01
    3.24586362e-01 3.31036329e-01 2.04824388e-01 7.72695541e-01
    7.33240008e-01 3.36888731e-01 8.54801416e-01 6.48077607e-01
    4.72678721e-01 9.29875553e-01 5.69037378e-01 3.64011407e-01
    6.32472038e-01 8.31597507e-01 8.24606180e-01 9.53604400e-01
    6.82022929e-01 8.81055355e-01 6.89613342e-01 2.17869103e-01
    8.80969882e-01 8.06593418e-01 1.77953005e-01 8.64373744e-01
    4.76106375e-01 8.52243721e-01 1.12543404e-01 7.20431387e-01
    1.80628270e-01 4.02585596e-01 5.68727374e-01 1.18490189e-01
    3.89990270e-01 8.65713954e-01 1.37281030e-01 7.60344744e-01
    9.44154203e-01 8.32724690e-01 6.74545467e-01 6.82534277e-01
    8.59969854e-02 1.00379765e-01 6.77503824e-01 5.03737688e-01
    6.68046951e-01 9.81129885e-01 8.70311737e-01 2.54426628e-01
    8.70387077e-01 9.47034121e-01 4.08687055e-01 9.70994353e-01
    2.96552658e-01 8.48209381e-01 4.91460890e-01 2.70360112e-02
    5.62413394e-01 4.44104433e-01 7.98456550e-01 7.24773645e-01
    7.55105615e-01 1.71817899e-01 4.72575426e-02 3.84167016e-01
    9.85829711e-01 8.83216977e-01 2.60525823e-01 7.42645741e-01
    5.47174335e-01 2.79840171e-01 8.79780054e-01 5.65577149e-02
    9.28862989e-02 8.76412511e-01 8.07011247e-01 6.13804758e-01
    1.29469097e-01 9.71215129e-01 9.44608808e-01 8.21778595e-01
    7.75782645e-01 6.23700678e-01 9.33019161e-01 9.51834321e-01
    9.36353445e-01 7.49419451e-01 5.65733135e-01 4.45308268e-01
    9.81337428e-01 4.19798434e-01 4.21185255e-01 6.29521668e-01
    2.25984156e-02 3.82092178e-01 6.78959906e-01 7.88511276e-01
    9.27421451e-01 2.96599388e-01 8.66348147e-01 5.67565203e-01
    1.95212364e-01 7.24665582e-01 2.31375128e-01 4.64386344e-02
    8.31509531e-02 4.74889815e-01 3.85135084e-01 2.73161829e-02
    2.35602558e-01 8.15358162e-02 6.38332248e-01 8.86902928e-01
    6.92860126e-01 3.11689317e-01 5.92452586e-01 1.82015866e-01
    6.42557979e-01 8.22627783e-01 3.24814737e-01 1.30314857e-01
    8.10434461e-01 3.11106265e-01 9.07900333e-01 3.71796727e-01
    8.58788610e-01 5.47247291e-01 1.27833813e-01 9.22988653e-01
    3.64776015e-01 6.46554768e-01 5.11581779e-01 2.46280968e-01
    9.23757255e-02 1.67098582e-01 9.38940644e-01 4.95986998e-01
    7.90820539e-01 8.59939694e-01 9.13335800e-01 9.55614448e-03
    1.89442039e-02 5.28793931e-01 6.89193606e-01 2.16495395e-01
    2.07776576e-01 3.49225760e-01 2.94714510e-01 8.38408172e-02
    1.94033325e-01 3.52139056e-01 8.33379984e-01 6.66471601e-01
    9.82406259e-01 1.46102130e-01 6.77932084e-01 5.87753892e-01
    7.70441175e-01 4.64091688e-01 2.55696267e-01 6.79569960e-01
    4.51201111e-01 3.18451345e-01 2.80915976e-01 4.97653157e-01
    4.57013220e-01 6.21108532e-01 6.51992798e-01 7.88595855e-01
    1.30918980e-01 8.89920533e-01 1.81291580e-01 3.11353266e-01
    6.72462583e-03 9.61273789e-01 4.03605640e-01 7.47111738e-02
    4.65262860e-01 1.32773817e-02 9.95118618e-01 9.29445386e-01
    6.89327717e-01 6.54286623e-01 3.20873499e-01 4.02864963e-01
    1.07402980e-01 7.31513321e-01 5.48261821e-01 7.32139826e-01
    2.19126642e-01 9.83968735e-01 3.64314467e-01 1.64653152e-01
    2.87067086e-01 3.54703337e-01 7.44505107e-01 6.77422822e-01
    5.69971204e-01 3.47544193e-01 3.33763182e-01 6.64421678e-01
    8.33633184e-01 9.76222634e-01 2.30162472e-01 3.43382120e-01
    3.66466552e-01 5.38090825e-01 9.16617215e-02 2.67047286e-01
    7.16303587e-01 6.75193429e-01 7.11192012e-01 2.65116006e-01
    4.84196067e-01 7.16357827e-01 8.04796219e-02 6.65659666e-01
    8.59310150e-01 2.51862675e-01 9.64736938e-02 7.83025742e-01
    2.25874186e-02 7.58986533e-01 1.14815265e-01 6.44218922e-03
    6.74916446e-01 6.11189842e-01 7.76810169e-01 1.84328765e-01
    7.33693600e-01 2.81058520e-01 7.74384379e-01 3.50753665e-01
    9.76425409e-03 2.27064669e-01 1.80378139e-01 9.08481002e-01
    1.08444154e-01 9.91690516e-01 2.87796557e-02 4.80503559e-01
    1.77159965e-01 4.06346381e-01 1.12527072e-01 4.75894779e-01
    3.73619795e-03 3.70596111e-01 4.98768687e-02 6.37729287e-01
    7.22307146e-01 8.18195283e-01 6.20897949e-01 5.46334684e-01
    3.97558063e-01 8.78439784e-01 2.81843632e-01 7.91988492e-01
    5.88717341e-01 2.09775567e-02 7.03199863e-01 1.77698880e-01
    6.77046776e-01 3.93450260e-04 6.57824993e-01 8.23405981e-02
    9.98042226e-01 2.95223981e-01 4.79183316e-01 7.50478208e-02
    1.00245625e-01 9.87991691e-02 8.52906585e-01 5.43187559e-01
    4.42385256e-01 6.55531883e-01 2.88628072e-01 3.57175767e-01
    8.87879133e-01 8.43096375e-01 6.81894302e-01 7.76476860e-02
    1.51874483e-01 7.96017468e-01 2.33530462e-01 9.98402238e-01
    3.38556707e-01 6.10275865e-02 7.94707835e-02 4.64197189e-01
    4.50760663e-01 6.74057007e-03 2.69554555e-01 1.05237365e-01
    1.28074110e-01 7.74350703e-01 7.01275945e-01 7.79064655e-01
    9.87426281e-01 6.73345268e-01 1.52472109e-01 3.47594619e-01
    7.98388302e-01 3.68433833e-01 9.12688196e-01 3.33256423e-01
    4.06136453e-01 8.34476471e-01 2.96397865e-01 4.41462696e-01
    2.88709521e-01 5.30722558e-01 4.61081833e-01 4.42047626e-01
    8.05602193e-01 1.44972116e-01 9.55955982e-01 8.13986421e-01
    1.41954690e-01 6.93468332e-01 4.48528051e-01 4.18641657e-01
    5.72363496e-01 3.90141547e-01 9.41229820e-01 1.08810574e-01
    2.42309570e-02 4.11775887e-01 7.02955127e-01 6.49744987e-01
    2.79660493e-01 5.12840688e-01 4.28514481e-02 5.64717531e-01
    5.49244881e-01 3.78331989e-01 2.41011471e-01 9.19299066e-01
    6.92831039e-01 4.49979663e-01 1.35127753e-01 8.96335602e-01
    9.19464707e-01 7.58293152e-01 7.13085413e-01 3.12815905e-01
    2.90035069e-01 4.71526295e-01 5.18098474e-02 1.72982931e-01
    4.47607934e-01 6.67006016e-01 7.50899494e-01 6.46026134e-01
    3.33144963e-01 4.92327780e-01 2.70237982e-01 9.80058670e-01
    1.64036334e-01 8.16049814e-01 5.15800714e-02 8.08231950e-01
    5.54349363e-01 3.81307513e-01 1.16509706e-01 7.94437289e-01
    4.59453970e-01 3.57877612e-01 9.35787082e-01 3.96771133e-01
    4.62176561e-01 7.96014071e-01 4.76843446e-01 5.47166705e-01
    8.83926153e-02 3.43850195e-01 8.53153706e-01 8.98101211e-01
    8.72569263e-01 9.66404319e-01 8.89653862e-02 8.37769330e-01
    8.60614777e-01 3.60988915e-01 5.57605326e-02 3.59911323e-01
    4.01804984e-01 5.89797735e-01 9.99432623e-01 5.12938678e-01
    7.69769311e-01 1.96273625e-02 6.44547284e-01 1.16841227e-01
    8.36854458e-01 5.48431277e-01 3.53921920e-01 1.08827621e-01
    2.09163129e-01 3.37708473e-01 5.96461236e-01 7.53440440e-01
    2.20255405e-01 2.63929874e-01 2.74955601e-01 1.37209266e-01
    1.62613153e-01 9.95512724e-01 8.74901652e-01 1.80977404e-01
    4.42221999e-01 5.38915098e-01 2.63917357e-01 8.29852700e-01
    8.99071813e-01 6.35259748e-01 8.67676377e-01 9.17376697e-01
    8.18363070e-01 2.72281915e-01 5.25774717e-01 1.77530438e-01
    3.79683882e-01 4.76348281e-01 3.46884549e-01 2.43080705e-01
    2.58284599e-01 8.01755846e-01 4.52510715e-02 5.14173508e-02
    1.88062459e-01 1.00229979e-02 7.40093708e-01 4.00459021e-01
    5.14174104e-01 9.34342265e-01 6.37576580e-01 1.55499578e-01
    8.48718584e-01 6.45240843e-01 7.18433022e-01 8.19531024e-01
    8.98674726e-01 2.03432947e-01 8.66081476e-01 8.15068364e-01
    9.13258374e-01 5.06885886e-01 4.31720018e-02 2.39684492e-01
    9.52279568e-01 8.11878741e-01 4.29102778e-01 9.32554603e-02
    8.18616748e-02 2.17211455e-01 6.96833432e-02 9.71954048e-01
    2.60363191e-01 9.94279563e-01 6.93837881e-01 2.13184983e-01
    7.20323205e-01 4.55256432e-01 2.32426405e-01 3.72688353e-01
    4.31290150e-01 4.88396317e-01 8.31710219e-01 6.93237126e-01
    9.32948589e-01 4.29690331e-01 3.10391456e-01 8.62248659e-01
    5.04416764e-01 4.73459035e-01 7.65221536e-01 3.95992577e-01
    2.63072789e-01 4.64669734e-01 9.65519845e-02 6.73421204e-01
    5.22652030e-01 1.13710880e-01 8.77234995e-01 7.12501347e-01
    5.99330902e-01 5.71451306e-01 2.53914416e-01 6.97119713e-01
    3.55471134e-01 2.11269945e-01 2.13376522e-01 7.48563051e-01
    6.70840263e-01 2.48217136e-01 4.14246023e-01 7.43177533e-02
    9.45018828e-01 5.61050355e-01 1.30197763e-01 7.44698942e-02
    7.62604773e-02 8.97713959e-01 6.98943317e-01 6.05128348e-01
    3.13586652e-01 9.63829041e-01 1.66020036e-01 6.46021962e-01
    6.46277070e-01 2.85625309e-01 5.09739220e-02 6.67507470e-01
    3.18782151e-01 3.04557860e-01 9.53478217e-01 2.66547918e-01
    3.61213356e-01 1.99577302e-01 2.20289618e-01 6.11831009e-01
    9.14087951e-01 4.76390004e-01 8.54803145e-01 4.80709374e-01
    5.03875375e-01 2.07247138e-02 8.58037233e-01 5.62821209e-01
    5.43480158e-01 5.65018475e-01 8.48707557e-03 9.20758545e-02
    8.11294079e-01 9.26680207e-01 3.77213806e-01 6.58982992e-01
    3.67267340e-01 6.89399958e-01 6.88873053e-01 3.58385623e-01
    6.15180850e-01 2.41131306e-01 8.36960912e-01 5.94609618e-01
    8.51367116e-02 3.01690429e-01 5.83802462e-01 1.68494523e-01
    7.79370666e-01 7.64855802e-01 6.90060258e-01 1.63367778e-01
    7.89205670e-01 6.59901679e-01 2.87162304e-01 1.42961144e-01
    9.64172244e-01 3.48566711e-01 1.96856707e-01 4.34766322e-01
    5.51338911e-01 3.54920954e-01 1.57919466e-01 8.77999902e-01
    5.85902333e-02 8.60598683e-02 8.39033127e-01 9.78644371e-01
    2.17201531e-01 4.39869165e-01 2.82497168e-01 5.35514057e-01
    3.78655136e-01 8.62286389e-01 3.01217675e-01 3.97395343e-01
    8.90499651e-01 6.55409873e-01 2.65527070e-02 9.87582326e-01
    5.07869303e-01 4.41765994e-01 4.32982981e-01 2.67882943e-01
    7.72410095e-01 6.48809016e-01 5.71625531e-01 2.29567945e-01
    9.42089319e-01 7.84112155e-01 9.38981593e-01 4.43193287e-01
    3.01052034e-01 5.03116250e-01 9.84261870e-01 6.01186514e-01
    2.45177269e-01 7.33018279e-01 8.55334401e-01 2.05999255e-01
    9.74018395e-01 3.97191077e-01 2.13354439e-01 3.13680798e-01
    9.80126798e-01 1.28459334e-01 7.43564010e-01 8.13243270e-01
    7.99279869e-01 4.36503142e-01 7.92464495e-01 6.59714699e-01
    3.41564059e-01 9.71603632e-01 3.09992045e-01 9.53569114e-02
    3.76966715e-01 6.19094610e-01 7.09085345e-01 9.19354022e-01
    2.25861758e-01 3.85524035e-01 2.58155286e-01 4.27132964e-01
    9.49640870e-01 1.55733854e-01 9.38693047e-01 2.67888606e-02
    2.10593760e-01 3.33117485e-01 6.80594087e-01 8.61181617e-02
    3.27980578e-01 8.57027769e-01 1.80803210e-01 3.76084507e-01
    3.54423225e-01 9.14928317e-02 7.63109624e-02 2.72902012e-01
    6.14381254e-01 2.93349475e-01 8.14498425e-01 3.62836182e-01
    7.82816410e-01 8.10702443e-01 2.62617528e-01 9.01016116e-01
    1.72513574e-01 3.83325011e-01 4.11894917e-02 4.09954667e-01
    7.86265492e-01 8.87165070e-01 6.48201585e-01 3.85350883e-02
    6.16603017e-01 7.87462890e-01 5.58835030e-01 3.03533405e-01
    2.61922598e-01 6.44138515e-01 5.50154090e-01 3.33992481e-01
    2.85667181e-03 5.76113760e-01 5.33013225e-01 9.01814938e-01
    5.57921886e-01 1.09680027e-01 3.44373107e-01 2.06484497e-02
    7.10446298e-01 5.70779979e-01 8.28525543e-01 2.41787374e-01
    9.16232228e-01 1.03736520e-02 5.91420949e-01 4.22460437e-02
    7.17944682e-01 2.17639446e-01 2.81520635e-01 3.50272417e-01
    6.40538514e-01 4.55300033e-01 6.73102498e-01 3.52744699e-01
    5.12827277e-01 9.71058309e-02 1.01404637e-01 8.27035546e-01
    7.63337731e-01 6.35476828e-01 6.89025760e-01 5.15933454e-01
    1.64300799e-01 7.77902722e-01 1.69641495e-01 1.73043728e-01
    3.30916345e-01 5.96787751e-01 5.05962968e-03 4.33319807e-03
    4.10552770e-01 1.61529303e-01 4.49148208e-01 2.91046292e-01
    1.32468313e-01 8.01006913e-01 6.90051317e-02 1.32676780e-01
    5.84058940e-01 8.12162042e-01 2.39261478e-01 6.27902150e-01
    9.89283562e-01 1.41771883e-01 7.31570899e-01 7.38372266e-01
    9.27608967e-01 6.69447660e-01 8.63268495e-01 9.15321887e-01
    5.17091632e-01 2.00161785e-01 4.45643395e-01 9.39176321e-01
    5.82149863e-01 3.91894877e-01 4.68789577e-01 4.33136225e-01
    7.35042214e-01 7.43450880e-01 9.01473284e-01 5.23274958e-01
    9.96464014e-01 2.42163926e-01 5.96671760e-01 2.62095332e-01
    6.39673591e-01 8.57986093e-01 2.95342147e-01 3.78492773e-02
    3.31020653e-01 3.19468379e-01 2.01997817e-01 1.11317664e-01
    9.14722085e-01 5.16282022e-02 9.95004714e-01 1.88556492e-01
    1.98797941e-01 1.91298306e-01 1.93244845e-01 1.63458019e-01
    4.23616350e-01 7.46191144e-01 7.16979623e-01 7.78849483e-01
    3.00140530e-01 8.76088738e-01 1.12000525e-01 9.53202248e-01
    8.55867803e-01 5.73475361e-01 1.23694271e-01 4.80694473e-01
    3.45903426e-01 1.20454997e-01 9.81088519e-01 5.01455903e-01
    1.46452248e-01 5.21986246e-01 7.99337208e-01 4.69171345e-01
    9.18409407e-01 5.27085841e-01 2.75676757e-01 2.25447327e-01
    9.21747029e-01 2.99558908e-01 5.52288413e-01 4.78067130e-01
    8.52756619e-01 5.45202553e-01 4.00528312e-03 1.31297082e-01
    4.78081703e-01 2.86756277e-01 6.75293922e-01 4.53129768e-01
    3.73694181e-01 9.79113996e-01 7.94225454e-01 8.48301947e-01
    2.03082889e-01 3.29104275e-01 5.19783795e-01 6.60112917e-01
    8.40059459e-01 1.42753124e-02 9.76227522e-01 4.06113535e-01
    4.35563922e-01 2.61142492e-01 5.98115325e-02 6.63889349e-02
    6.86830342e-01 6.27532542e-01 7.20072210e-01 2.79385269e-01
    2.28446126e-02 3.20629716e-01 3.87057602e-01 7.67583907e-01
    7.97255993e-01 9.64932561e-01 3.67423505e-01 2.27239013e-01
    4.37286109e-01 8.07457268e-02 4.92964089e-01 2.73736238e-01
    4.98191208e-01 3.29867005e-02 5.20243108e-01 5.34383655e-02
    9.48663592e-01 2.75645792e-01 8.50728989e-01 3.81734222e-01
    7.33986080e-01 5.91186106e-01 5.12821674e-01 1.16696656e-01
    5.65895855e-01 1.56697243e-01 4.85173672e-01 6.72456384e-01
    5.82803667e-01 3.50381196e-01 1.78493738e-01 5.12533247e-01
    7.66714334e-01 9.72765088e-02 7.90386558e-01 9.60365593e-01
    6.83218718e-01 9.35093760e-02 1.54385269e-01 3.77903223e-01
    2.58211195e-01 3.65947187e-02 3.72575581e-01 8.00404310e-01
    5.88335097e-01 7.71757841e-01 5.56865633e-02 5.41043639e-01
    8.97386551e-01 6.34952426e-01 2.43783772e-01 1.92290157e-01
    9.93168116e-01 8.75139892e-01 9.17100906e-03 5.67608595e-01
    6.50691092e-01 1.40446067e-01 7.53800571e-02 9.83081102e-01
    8.02919865e-01 1.55068636e-02 4.08933252e-01 8.61890316e-01
    6.32185221e-01 6.84548974e-01 4.30561364e-01 6.86949492e-01
    5.49327850e-01 8.60815167e-01 3.19870234e-01 3.10692936e-01
    8.04397166e-02 7.74633288e-02 5.15161574e-01 6.32036686e-01
    7.41371393e-01 8.42716515e-01 1.30082607e-01 1.26225770e-01
    8.39181542e-02 8.41074586e-02 1.33625627e-01 7.66582727e-01
    8.92939806e-01 1.70040220e-01 4.08318639e-03 2.34436899e-01
    2.87960917e-01 3.55032444e-01 7.15163589e-01 1.58111900e-01
    3.76368672e-01 9.10894275e-01 6.29194021e-01 2.01666921e-01
    7.12230921e-01 8.04087400e-01 6.86186373e-01 3.71586621e-01
    4.43942368e-01 6.17767811e-01 3.92317384e-01 8.00542057e-01
    3.72067392e-02 1.54861748e-01 9.84799862e-03 2.26245940e-01
    9.88463581e-01 8.73382866e-01 4.99760479e-01 4.06609535e-01
    3.89304429e-01 6.54605985e-01 2.10816294e-01 7.15679526e-02
    8.33092391e-01 3.34370434e-01 3.69932234e-01 3.65356505e-01
    8.99741054e-01 1.43311650e-01 8.12519193e-01 6.43183112e-01
    1.91120356e-01 6.64355457e-02 7.14459240e-01 8.38185310e-01
    3.22532505e-01 4.14483756e-01 8.70872021e-01 3.06742787e-01
    9.73040998e-01 5.70808768e-01 6.14465594e-01 1.55909270e-01
    7.39710152e-01 9.59704399e-01 5.23553431e-01 1.04260325e-01
    8.45755339e-01 5.84888875e-01 6.36792481e-02 5.54762781e-01
    1.65807128e-01 5.90421200e-01 5.66445708e-01 1.04331821e-01
    2.85185456e-01 6.28088236e-01 7.53693283e-01 5.30625522e-01
    2.35058784e-01 8.22246850e-01 4.56034213e-01 2.43034065e-02
    5.59571326e-01 1.40790135e-01 4.37432975e-01 8.82903993e-01
    5.84005892e-01 7.80245364e-01 8.00945580e-01 9.70885396e-01
    8.43742609e-01 5.71982205e-01 5.77687919e-02 4.53086495e-01
    9.21479940e-01 7.62192249e-01 5.33376992e-01 9.42821741e-01
    4.36565697e-01 4.60628629e-01 2.92705566e-01 6.06587768e-01
    1.94804519e-01 3.96651328e-02 1.56096041e-01 5.31455874e-02
    8.44474852e-01 5.35987079e-01 3.68196607e-01 6.74992561e-01
    3.66846323e-01 5.95832229e-01 5.36614180e-01 1.78932637e-01
    5.99851966e-01 8.63591909e-01 5.64359784e-01 9.36502814e-02
    6.20863736e-01 5.34780145e-01 6.41995192e-01 5.21549046e-01
    8.21562648e-01 8.09552848e-01 6.25416040e-01 1.79425120e-01
    3.61372530e-02 8.08264494e-01 7.33021379e-01 9.13434505e-01
    1.30281299e-01 4.04927999e-01 2.06700236e-01 1.61009789e-01
    6.46825731e-02 8.95750761e-01 1.43252254e-01 9.17551279e-01
    9.59817410e-01 5.20421863e-01 4.93219733e-01 9.18056548e-01
    4.25510496e-01 9.02842879e-01 1.65064245e-01 7.21100092e-01
    7.15994239e-01 4.23827171e-02 4.44183320e-01 4.24641252e-01
    2.23750651e-01 2.61380285e-01 7.63937831e-01 7.31488109e-01
    9.96443629e-01 9.46873665e-01 7.00469553e-01 4.02271658e-01
    8.15670609e-01 7.80883074e-01 4.51284409e-01 6.57283962e-01
    5.21435618e-01 4.94727314e-01 1.38542533e-01 2.30243146e-01
    9.95498240e-01 9.54841375e-01 3.35040569e-01 6.97022378e-02
    3.93289030e-01 7.83126116e-01 4.25920039e-01 7.93175817e-01
    6.59302354e-01 2.26729840e-01 3.44258696e-01 8.26806188e-01
    7.56678820e-01 7.96496332e-01 8.04436982e-01 2.12621063e-01
    3.87066573e-01 5.02098739e-01 6.25249863e-01 7.41668284e-01
    9.14209366e-01 9.41325247e-01 9.71993387e-01 4.02420163e-01
    6.83917165e-01 9.90124881e-01 4.93396223e-02 9.68613327e-01
    6.29573822e-01 8.40393782e-01 1.31355613e-01 4.06268120e-01
    7.18523383e-01 9.02368605e-01 7.73966908e-01 3.68679166e-01
    4.85956818e-01 8.92317295e-03 8.59405696e-01 8.60888958e-01
    8.20392013e-01 2.34975427e-01 7.06233680e-02 8.76253068e-01
    8.09538484e-01 3.38096321e-01 1.32858664e-01 5.91916621e-01
    3.96002293e-01 2.42645979e-01 2.16729611e-01 9.80060697e-01
    7.12413907e-01 5.85024178e-01 6.05308294e-01 5.42851985e-02
    4.54750448e-01 1.53192639e-01 7.01929212e-01 5.94703257e-01
    2.16812432e-01 4.29122746e-01 2.84179807e-01 9.57042515e-01
    4.15436387e-01 5.58658183e-01 5.11485696e-01 2.02869594e-01
    6.76239014e-01 9.39213693e-01 9.05333519e-01 6.35427892e-01
    3.64018917e-01 4.70450878e-01 2.25758731e-01 4.49555606e-01
    7.32606530e-01 4.49006826e-01 5.85079908e-01 8.01291347e-01
    7.73309708e-01 5.97590208e-01 4.55190837e-01 6.84710383e-01
    3.80166769e-01 1.21499538e-01 6.53404117e-01 7.02832401e-01
    4.92061168e-01 2.73413360e-01 9.94148850e-02 9.63163197e-01
    5.41053712e-02 8.69101822e-01 2.79493332e-01 7.38292038e-02
    5.32221198e-01 9.37122583e-01 4.94890988e-01 9.50070918e-01
    1.15897804e-01 7.06686080e-02 3.29557240e-01 1.86450928e-01
    1.77278340e-01 4.12422866e-01 8.13919425e-01 3.06899279e-01
    8.21619391e-01 2.87041306e-01 2.97638863e-01 7.47179925e-01
    5.67174911e-01 3.04085553e-01 2.05152333e-02 5.15873909e-01
    7.05767214e-01 7.77934432e-01 9.03741837e-01 1.27177805e-01
    2.79843867e-01 1.28173709e-01 9.95731711e-01 2.97885001e-01
    8.56547892e-01 4.43109721e-01 2.01418906e-01 3.67313087e-01
    4.34585512e-01 9.14932191e-02 7.04915881e-01 9.15521860e-01
    3.78352463e-01 5.86601198e-01 6.55820251e-01 7.30972409e-01
    3.40529084e-02 9.92454648e-01 7.65111387e-01 7.79535949e-01
    6.49148643e-01 2.80218840e-01 4.95537609e-01 4.53531981e-01
    7.64480114e-01 5.10943532e-02 3.28182608e-01 1.70945764e-01
    1.02692783e-01 5.28840959e-01 6.75814629e-01 9.45228934e-01
    2.57337213e-01 6.81908429e-01 3.72365028e-01 5.20706415e-01
    2.00309426e-01 7.04748690e-01 4.91116136e-01 7.12516129e-01
    4.79522437e-01 1.61786079e-02 9.37744200e-01 6.62347555e-01
    6.23769283e-01 9.36130762e-01 3.14562947e-01 1.42998397e-01
    2.90940762e-01 8.13722670e-01 9.37286735e-01 4.27678794e-01
    2.63999134e-01 4.66281295e-01 4.42842126e-01 9.58212733e-01
    3.98570001e-02 9.06489372e-01 9.25801635e-01 7.38703191e-01
    2.12406278e-01 9.89315033e-01 5.67800224e-01 2.52768755e-01
    4.48241740e-01 4.08185363e-01 3.98310065e-01 4.71500665e-01
    4.75358814e-01 4.33741421e-01 5.25891304e-01 6.18463695e-01
    9.54933226e-01 4.21483815e-02 9.74699736e-01 9.47788000e-01
    9.69847918e-01 8.67930114e-01 4.46919650e-01 1.21893615e-01
    7.59037137e-01 3.70504022e-01 1.74070388e-01 6.70648873e-01
    2.67514050e-01 8.48288298e-01 1.75820470e-01 9.42912698e-01
    5.98565459e-01 5.99671304e-01 7.46242702e-01 4.09767032e-03
    2.17626989e-02 1.68278396e-01 3.57510328e-01 4.87000674e-01
    2.99841762e-02 3.82945120e-01 3.08199763e-01 5.61338663e-01
    5.74900150e-01 1.18224025e-02 7.60048151e-01 1.94425106e-01
    9.98500586e-01 8.44822764e-01 1.19249165e-01 8.39057148e-01
    9.84579623e-02 7.30756879e-01 6.13595963e-01 3.94503027e-01
    7.29224980e-02 4.67200577e-02 9.65393782e-01 6.37572706e-02
    5.22502542e-01 1.51145160e-02 7.61174798e-01 4.28023577e-01
    9.40855861e-01 7.65507460e-01 7.57665038e-01 4.87025023e-01
    2.01924056e-01 3.46511424e-01 6.37435734e-01 1.28870010e-01
    7.63567686e-02 8.66776824e-01 8.21406126e-01 3.25357854e-01
    7.58488059e-01 6.60473466e-01 3.76394421e-01 7.28117466e-01
    7.09210098e-01 2.20106542e-02 8.58414531e-01 3.88696551e-01
    6.20936453e-01 3.86146307e-01 6.97678328e-01 8.26797664e-01
    6.93889260e-01 7.00906634e-01 4.45814133e-01 9.61727858e-01
    2.98681378e-01 9.83346105e-01 2.06920624e-01 2.42609859e-01
    8.32682610e-01 3.64832997e-01 8.62986445e-02 4.98409659e-01
    1.10778868e-01 6.73570395e-01 1.84653997e-02 6.76146448e-01
    8.34869385e-01 1.27551198e-01 5.47015011e-01 8.05682898e-01
    1.42494947e-01 3.70505869e-01 8.89227033e-01 1.96731091e-01
    9.20276046e-01 5.68854570e-01 4.31232452e-02 8.49762678e-01
    6.21148169e-01 1.13442510e-01 4.63163346e-01 7.75565505e-01
    4.34085995e-01 6.45943284e-01 2.15744734e-01 7.98609257e-01
    9.62108016e-01 3.48456085e-01 8.24405789e-01 9.44345772e-01
    8.46617579e-01 5.18841565e-01 6.59923673e-01 7.49936819e-01
    2.69272923e-02 3.01897526e-02 6.52451515e-01 6.95214272e-01
    3.95893872e-01 6.15603447e-01 4.34655935e-01 3.31106275e-01
    9.65501308e-01 4.38306034e-02 4.44071412e-01 4.54869479e-01
    9.06776190e-01 6.51929557e-01 4.46924210e-01 9.43726778e-01
    7.11988509e-01 8.47388983e-01 2.24291086e-01 9.16865945e-01
    7.41387010e-01 6.56307340e-01 8.83559585e-01 3.82968217e-01
    2.65883327e-01 2.82481134e-01 7.30778337e-01 4.08348501e-01
    8.80554855e-01 7.00069368e-02 8.90850186e-01 4.70455438e-01
    9.82579589e-01 5.02063990e-01 5.46873689e-01 4.62208807e-01
    5.63414872e-01 5.15745461e-01 2.18229473e-01 2.48135805e-01
    3.29676956e-01 9.70775187e-02 3.43727976e-01 6.01834416e-01
    3.02670121e-01 2.39559263e-01 5.32311380e-01 7.24147677e-01
    7.24370718e-01 8.42525244e-01 2.74043918e-01 1.23412430e-01
    5.12714982e-01 4.17244941e-01 7.79311776e-01 4.35603648e-01
    4.67612147e-02 6.53050303e-01 5.52508235e-02 6.42936468e-01
    3.19672614e-01 2.24376768e-01 3.68887633e-01 1.61355019e-01
    3.51258159e-01 8.40904832e-01 8.91020596e-01 6.36081994e-01
    4.76189673e-01 6.59473300e-01 5.23893833e-02 4.21976775e-01
    7.68013895e-01 4.15401489e-01 4.34264600e-01 5.49130678e-01
    2.98963219e-01 1.71346515e-01 4.23056960e-01 2.84729093e-01
    6.34262741e-01 3.45714092e-02 5.78722954e-02 3.80494952e-01
    4.01292771e-01 7.24965096e-01 5.55637479e-03 2.73404986e-01
    8.99042845e-01 4.55485761e-01 2.17255175e-01 2.62215286e-01
    9.71085310e-01 9.99694824e-01 8.88285518e-01 4.89410460e-01
    4.53726888e-01 2.45081097e-01 9.87895012e-01 2.63091862e-01
    9.37122703e-01 6.08658195e-01 5.32959700e-01 2.48999953e-01
    1.40466213e-01 4.68515843e-01 6.67834640e-01 3.38807344e-01
    3.72927248e-01 2.66261190e-01 8.45299542e-01 3.32415640e-01
    3.53926301e-01 5.84846735e-01 4.55083847e-02 8.61621201e-02
    4.72871363e-01 4.02632535e-01 7.19232380e-01 4.49469686e-03
    9.29524243e-01 5.50999582e-01 3.92627418e-02 8.60480189e-01
    2.86677182e-01 7.93103278e-02 3.72706890e-01 7.42865026e-01
    5.67685068e-01 1.89416707e-01 5.82683921e-01 9.30788338e-01
    7.72043943e-01 7.98755109e-01 5.40991426e-01 1.11014545e-01
    1.99140757e-01 6.99924290e-01 7.35026598e-01 9.45958495e-01
    8.63833129e-02 6.01091266e-01 3.65971029e-01 9.31768894e-01
    9.14531231e-01 2.84002602e-01 8.74895751e-01 1.62490189e-01
    9.94666696e-01 2.77708650e-01 6.51960552e-01 3.20279479e-01
    3.42886150e-01 5.26607394e-01 9.82542455e-01 3.01292896e-01
    8.23253989e-02 6.64454460e-01 1.40609354e-01 4.02531445e-01
    6.72324777e-01 1.25345170e-01 4.03121203e-01 5.22291422e-01
    9.67357039e-01 1.93861157e-01 6.06943190e-01 2.01301813e-01
    4.08389300e-01 4.12568450e-03 8.87445569e-01 3.32122147e-02
    2.25906760e-01 1.30568147e-02 1.99341297e-01 7.02792287e-01
    4.40550029e-01 3.87173712e-01 3.08527350e-01 4.64234501e-01
    5.22843421e-01 2.17342436e-01 3.97912383e-01 4.47131693e-01
    9.13784981e-01 7.99197316e-01 2.57489085e-02 5.02442718e-02
    6.02905571e-01 7.27588713e-01 7.88600564e-01 8.23580027e-01
    1.13861442e-01 7.98887908e-01 5.67272961e-01 3.62236917e-01
    7.60022163e-01 3.13690901e-02 5.35772324e-01 5.20922124e-01
    5.31321406e-01 7.94645250e-01 8.75226498e-01 4.00972068e-01
    9.95809257e-01 7.57716656e-01 2.25766093e-01 8.84711981e-01
    7.43750632e-02 4.13515031e-01 9.74061191e-02 7.43750811e-01
    4.09693927e-01 6.53405309e-01 3.85969371e-01 2.30632871e-01
    8.97675633e-01 7.32167363e-01 5.25491059e-01 6.62460268e-01
    8.12391818e-01 7.53633678e-02 1.53206140e-01 2.65809715e-01
    4.52579588e-01 6.39581680e-02 2.74928272e-01 7.81145453e-01
    8.55699003e-01 3.71729314e-01 3.94964814e-02 3.94964933e-01
    9.04931009e-01 8.76570880e-01 8.17977726e-01 9.53133702e-01
    7.36192822e-01 8.63222122e-01 3.75000656e-01 1.73795581e-01
    6.67685866e-01 4.88597542e-01 3.65464091e-02 5.17815948e-01
    5.80664575e-01 8.52573633e-01 2.53181100e-01 5.95649600e-01
    6.71922863e-01 1.69241518e-01 5.18483460e-01 4.53657150e-01
    3.33200902e-01 7.73225546e-01 2.87207276e-01 6.14554822e-01
    6.67997181e-01 7.02505708e-01 9.89048600e-01 4.88450348e-01
    3.72905940e-01 1.36195183e-01 1.76263571e-01 8.56853843e-01
    3.69639724e-01 3.57637703e-01 8.43024015e-01 7.60984898e-01
    7.84730792e-01 9.27182555e-01 6.23690784e-01 6.13348544e-01
    3.00100029e-01 9.54553306e-01 1.64257139e-01 3.77692521e-01
    7.09680080e-01 3.50183666e-01 7.17808604e-02 4.41457808e-01
    5.86258352e-01 5.25535464e-01 8.37926984e-01 9.87788081e-01
    8.82494748e-02 2.80065835e-02 8.94797087e-01 9.71210301e-02
    3.69479239e-01 3.37548852e-01 6.01672828e-02 1.50415301e-01
    6.76029444e-01 3.54060233e-02 5.80589175e-01 6.18732095e-01
    5.81464529e-01 9.32214379e-01 6.86722755e-01 1.80120021e-01
    1.02249086e-01 6.40917897e-01 1.31552309e-01 7.35183895e-01
    8.54586959e-01 9.69278455e-01 7.01920092e-02 7.31076956e-01
    7.69944549e-01 6.48677051e-01 6.14769757e-01 3.66553366e-01
    1.34397537e-01 7.25487769e-02 2.52791315e-01 2.01275110e-01
    5.31613588e-01 1.25762284e-01 6.13883734e-01 8.17307711e-01
    4.33545887e-01 6.81577623e-01 3.06060463e-01 4.52760011e-01
    3.91243041e-01 9.26413059e-01 7.16560900e-01 1.32378817e-01
    4.04496282e-01 9.87661064e-01 7.78163373e-01 2.89675415e-01
    1.14006937e-01 4.13664281e-01 4.42836702e-01 2.23723233e-01
    9.87731814e-01 3.28262746e-01 4.07387495e-01 2.64510751e-01
    2.48356223e-01 5.33196867e-01 4.24600691e-01 3.30364466e-01
    1.76164597e-01 4.13239926e-01 5.56420803e-01 5.87703407e-01
    1.78140432e-01 3.99345964e-01 2.54665762e-01 9.86504436e-01
    9.82972026e-01 8.73528421e-01 8.42934728e-01 3.13388288e-01
    9.53127027e-01 5.38732052e-01 7.31900096e-01 4.05280679e-01
    1.41230255e-01 4.22523707e-01 4.82321978e-01 6.09552860e-03
    1.43843234e-01 5.80768287e-02 3.25931489e-01 5.76796055e-01
    1.21122211e-01 6.82332933e-01 8.67212057e-01 1.22341424e-01
    7.85438478e-01 1.51257277e-01 1.37937784e-01 6.97855473e-01
    7.05652595e-01 4.46661592e-01 4.72968966e-01 8.28803182e-02
    6.40158236e-01 6.60021484e-01 7.04807997e-01 9.97681141e-01
    6.89966321e-01 3.44076931e-01 5.19205630e-02 3.39011252e-01
    4.98475492e-01 4.81711030e-02 9.25949156e-01 6.71441972e-01
    2.39833891e-02 7.59003460e-02 6.38165772e-02 6.64161086e-01
    9.82383668e-01 7.24202812e-01 3.15202773e-01 7.93767571e-01
    3.21135759e-01 7.24756718e-01 3.04871976e-01 3.75408709e-01
    4.64074880e-01 5.02267897e-01 7.06315875e-01 9.38838959e-01
    5.77859342e-01 8.91206622e-01 1.59440815e-01 5.98976791e-01
    5.02566695e-01 3.23090315e-01 8.74570310e-02 2.02867419e-01
    4.40117270e-01 4.47321534e-02 9.01148617e-01 9.91386414e-01
    1.78488106e-01 3.89534235e-02 8.87056053e-01 4.20102000e-01
    9.26941991e-01 5.67724407e-01 2.71053791e-01 6.89233243e-01
    7.10704267e-01 7.00662076e-01 8.75393629e-01 3.23618412e-01
    7.76087701e-01 5.05309880e-01 9.58965659e-01 5.56738675e-02
    9.82724428e-01 6.59447551e-01 2.45796531e-01 3.43212247e-01
    7.67371356e-01 9.15224552e-01 7.52078056e-01 5.16012013e-02
    5.82055748e-01 1.04039818e-01 7.06216991e-01 3.21789622e-01
    2.90295303e-01 7.36157894e-01 5.14951110e-01 4.15532887e-02
    6.77187443e-02 7.06972957e-01 9.95468497e-01 2.24314302e-01
    6.54009461e-01 4.78570014e-01 7.21951723e-01 5.31224549e-01
    9.37016368e-01 5.64034939e-01 3.24109316e-01 2.63466626e-01
    4.74392205e-01 4.89828050e-01 5.29830158e-01 1.51163042e-01
    1.99159980e-03 4.49030280e-01 4.91508782e-01 9.25649703e-01
    4.06549275e-01 4.83809710e-02 4.41913038e-01 5.55647790e-01
    9.74463701e-01 7.71311164e-01 8.73830855e-01 8.33199978e-01
    9.47786331e-01 2.02521980e-01 9.16418433e-01 8.82552266e-01
    1.44228399e-01 5.98840475e-01 6.67495728e-01 9.50080395e-01
    9.59300101e-01 4.08103496e-01 4.43741977e-01 9.01786864e-01
    8.53421926e-01 2.63806492e-01 2.86102533e-01 5.82153440e-01
    7.93921471e-01 9.21633005e-01 6.68378115e-01 8.37299824e-01
    8.55798244e-01 4.85062003e-02 3.35850239e-01 1.39862776e-01
    3.43813241e-01 7.80994654e-01 5.45838237e-01 5.54539204e-01
    8.38857651e-01 2.63354778e-02 3.14265847e-01 4.06243354e-01
    3.19526911e-01 4.23019350e-01 7.05831647e-01 6.55027270e-01
    7.09454536e-01 5.02234697e-01 5.15494645e-01 2.04918146e-01
    5.23692429e-01 9.39861834e-01 4.27123785e-01 8.74550581e-01
    1.50376558e-01 9.92316902e-02 4.05361861e-01 6.91804886e-02
    8.39429915e-01 9.03806806e-01 1.56585574e-02 6.61403894e-01
    8.30815077e-01 2.69058108e-01 9.37707603e-01 5.98166585e-02
    7.42612064e-01 5.47921300e-01 1.17168665e-01 6.87823176e-01
    4.28375691e-01 9.58788872e-01 3.76767218e-01 9.66155708e-01
    4.55523103e-01 4.67412561e-01 4.72316265e-01 2.51246870e-01
    1.51180923e-02 9.62758660e-01 7.78948247e-01 2.74147481e-01
    7.60581970e-01 7.61295676e-01 2.00935781e-01 2.27949858e-01
    9.72407699e-01 1.76828951e-01 2.64084399e-01 2.11288065e-01
    4.26949739e-01 2.23440140e-01 2.44416475e-01 5.80541790e-02
    4.54703152e-01 8.92950714e-01 3.87954473e-01 2.14192599e-01
    4.87815946e-01 9.95795012e-01 8.78326774e-01 1.59350455e-01
    8.24349761e-01 9.51065183e-01 1.87394291e-01 1.38572216e-01
    5.73936522e-01 2.39927649e-01 4.79914308e-01 9.23279643e-01
    3.63561034e-01 1.65714383e-01 7.99907148e-01 2.09570825e-01
    4.14516985e-01 9.24234390e-01 8.30168486e-01 2.30707824e-01
    2.07143396e-01 7.84910560e-01 3.82009625e-01 3.17349136e-02
    4.22731310e-01 4.80743855e-01 5.11478782e-02 3.69013250e-02
    9.43912685e-01 1.07743591e-01 3.15886915e-01 8.70663881e-01
    3.98235738e-01 3.99511427e-01 7.29301453e-01 9.94484723e-02
    8.39795828e-01 7.67398059e-01 3.85696292e-01 9.06734824e-01
    5.94254971e-01 2.38363206e-01 6.63124621e-02 6.23400211e-02
    3.74311090e-01 8.54645014e-01 8.52479100e-01 1.82785332e-01
    8.66496205e-01 6.88962698e-01 8.93698275e-01 5.61798096e-01
    1.05038583e-01 4.38261658e-01 9.66301143e-01 9.44485664e-01
    1.17746264e-01 3.98122549e-01 4.37280715e-01 2.61496305e-01
    3.26408863e-01 2.66188562e-01 2.12666303e-01 5.85307539e-01
    5.38867116e-01 1.44576848e-01 4.00133908e-01 3.16841066e-01
    1.17993951e-01 9.83131170e-01 8.88973534e-01 9.38194990e-01
    5.97309291e-01 5.61361194e-01 2.99185693e-01 9.44115937e-01
    3.92859757e-01 1.67002976e-02 9.83886003e-01 5.83173454e-01
    8.27211916e-01 4.66981709e-01 6.56857848e-01 1.07930005e-01
    5.74806213e-01 7.10778892e-01 3.50859016e-01 5.58912039e-01
    9.98414755e-01 7.42643893e-01 2.57192373e-01 1.10221833e-01
    9.93872523e-01 7.42106318e-01 1.03597790e-01 1.09519929e-01
    9.87614214e-01 2.09730536e-01 4.47722912e-01 4.84034479e-01
    4.82286334e-01 9.36072588e-01 4.24736947e-01 7.91033208e-02
    4.54075009e-01 2.57217050e-01 7.61471033e-01 2.91762680e-01
    2.78290302e-01 8.88958395e-01 8.98243189e-02 6.31771207e-01
    6.22869015e-01 3.86570692e-01 2.53903031e-01 1.02822423e-01
    8.78210187e-01 8.54971051e-01 7.11336493e-01 9.07768250e-01
    6.39626980e-02 9.58936930e-01 2.24203944e-01 3.61689568e-01
    6.05213642e-03 8.00063491e-01 8.26065600e-01 9.20958996e-01
    6.02898240e-01 2.10017860e-02 4.30864096e-03 2.31737137e-01
    8.58097076e-02 2.95421839e-01 4.59363133e-01 9.19017315e-01
    9.28801596e-01 5.06168723e-01 8.18065226e-01 7.13977396e-01
    3.20847750e-01 4.63116467e-01 3.26900244e-01 1.41671091e-01
    5.70945382e-01 4.56413627e-02 6.90005183e-01 1.62801296e-01
    3.38906467e-01 5.58062434e-01 2.02345222e-01 8.40006709e-01
    1.10203445e-01 7.77893543e-01 9.58406091e-01 5.62986135e-01
    9.42776442e-01 6.73169732e-01 1.53475702e-01 9.42468107e-01
    5.68987906e-01 3.21013927e-01 8.56475115e-01 4.09748375e-01
    4.65995729e-01 5.81329942e-01 4.20880139e-01 1.75208598e-01
    5.27687907e-01 1.30891979e-01 6.52892888e-01 3.02966595e-01
    2.62515247e-02 9.51492071e-01 3.04654777e-01 4.14965183e-01
    1.82806462e-01 9.14696157e-01 1.06624782e-01 8.29849482e-01
    2.89032906e-01 1.68296337e-01 2.05679417e-01 8.71516943e-01
    5.54724693e-01 3.98500562e-01 6.25963509e-01 1.56237334e-01
    8.41138840e-01 3.42089474e-01 5.15436649e-01 5.84232390e-01
    2.29257673e-01 7.42499471e-01 8.08760285e-01 9.63815272e-01
    2.07188934e-01 2.87373662e-02 1.30847394e-02 7.99757719e-01
    3.86931300e-02 1.97956800e-01 2.37031370e-01 7.40405977e-01
    7.28823185e-01 1.27621174e-01 1.94311708e-01 6.19605064e-01
    3.24387610e-01 5.64634264e-01 1.26757979e-01 7.34782398e-01
    4.97693181e-01 9.50554848e-01 4.54953849e-01 4.55054641e-03
    3.15708607e-01 6.06097698e-01 4.34687167e-01 9.15476680e-01
    3.71177077e-01 8.56423438e-01 6.96709752e-01 6.21877015e-02
    2.62745559e-01 9.72073793e-01 3.37526560e-01 1.00821793e-01
    3.41542214e-01 8.35832953e-01 1.91286415e-01 3.24285120e-01
    6.05862200e-01 9.13520336e-01 7.68100142e-01 2.41018295e-01
    3.74151826e-01 3.97827864e-01 6.17817223e-01 9.45227027e-01
    8.82057428e-01 2.50236273e-01 7.25159526e-01 7.94078887e-01
    3.20138335e-01 7.30853081e-01 6.38664961e-01 6.17195368e-01
    5.00383973e-03 2.03973234e-01 2.16807723e-02 4.51698631e-01
    6.51784778e-01 4.83652085e-01 5.35905182e-01 9.33547378e-01
    9.62882280e-01 8.96097660e-01 7.13764966e-01 3.25426251e-01
    6.60341918e-01 2.83646166e-01 1.92968726e-01 2.54622042e-01
    5.61810553e-01 8.26714933e-02 1.80409253e-01 2.32903689e-01
    3.46017689e-01 1.14929020e-01 6.14966810e-01 6.45637691e-01
    4.56246138e-02 9.43177760e-01 5.54536879e-02 5.87882638e-01
    7.20995009e-01 6.30739450e-01 3.39033186e-01 3.28471959e-01
    3.56289178e-01 8.95496607e-01 6.65396094e-01 1.50343478e-02
    3.86536986e-01 2.49522746e-01 9.52947557e-01 5.76189578e-01
    4.07181829e-01 5.08055270e-01 6.81652546e-01 1.62178427e-01
    6.16648018e-01 6.04845583e-01 7.14951694e-01 6.76173627e-01
    6.60390973e-01 2.51245111e-01 6.81171358e-01 9.97585535e-01
    6.30478740e-01 6.73974156e-01 7.66849637e-01 9.49033380e-01
    1.09998673e-01 7.23285556e-01 3.76568377e-01 6.34765029e-01
    7.84866929e-01 2.43011564e-01 1.88029915e-01 3.66229355e-01
    4.08209443e-01 9.85122800e-01 6.73690498e-01 6.09309614e-01
    3.52180153e-01 8.06955099e-01 8.94523621e-01 3.22749436e-01
    8.40705514e-01 7.82855630e-01 2.62073040e-01 8.80847692e-01
    1.71768814e-01 6.60846293e-01 4.28431153e-01 1.78971648e-01
    2.17949063e-01 4.86620545e-01 7.34079719e-01 7.42199302e-01
    8.38867426e-01 7.86579967e-01 8.22979331e-01 8.39901447e-01
    4.98231411e-01 5.32326579e-01 8.08753610e-01 9.09790874e-01
    2.66891718e-01 7.45220542e-01 5.37452757e-01 1.23667508e-01
    2.10567355e-01 7.69680858e-01 4.60336208e-01 4.71424878e-01
    9.17771697e-01 6.75615430e-01 9.18101072e-01 3.50645125e-01
    7.74625063e-01 7.67236471e-01 6.39473259e-01 2.70005703e-01
    4.46453869e-01 5.73170185e-01 5.35009861e-01 2.60965347e-01
    7.58811235e-01 2.01670200e-01 3.94962698e-01 5.15560508e-02
    4.02447850e-01 7.42626667e-01 2.70180404e-01 4.30724621e-01
    8.38524997e-01 9.96010542e-01 1.30674779e-01 9.86618400e-01
    8.60139847e-01 6.54200435e-01 9.97493505e-01 1.23899221e-01
    1.30134374e-01 9.87561226e-01 9.85103309e-01 7.55869985e-01
    2.81048357e-01 2.77750134e-01 8.97997081e-01 7.16428339e-01
    6.53138161e-02 8.77108455e-01 9.08042669e-01 6.84507012e-01
    5.92809319e-01 9.92116630e-02 1.24320418e-01 4.15793777e-01
    7.24976718e-01 6.09421551e-01 5.84400892e-01 2.50871778e-02
    1.12647027e-01 8.65417480e-01 9.47456241e-01 3.44222784e-02
    4.30664837e-01 9.59965110e-01 4.64643180e-01 1.07539594e-02
    7.87017822e-01 3.18365604e-01 9.43765044e-02 9.57628727e-01
    6.01582229e-02 3.29745591e-01 6.36231184e-01 8.40559363e-01
    8.08721066e-01 5.61468303e-01 2.56926417e-02 7.45512128e-01
    2.48598993e-01 4.36097264e-01 3.13573837e-01 7.48549223e-01
    7.48278141e-01 2.74006784e-01 2.90268600e-01 8.83928418e-01
    4.50475007e-01 9.49993253e-01 6.55535460e-01 3.04051518e-01
    7.82326460e-01 4.42211717e-01 5.60275257e-01 2.43214607e-01
    9.21081424e-01 1.30434245e-01 3.41391772e-01 3.03290308e-01
    4.99041051e-01 9.30064321e-01 8.52381110e-01 9.78331864e-02
    1.96340263e-01 2.41687685e-01 3.95864904e-01 7.80567408e-01
    6.72399998e-01 1.23485744e-01 1.48284703e-01 9.52436030e-02
    2.50570506e-01 8.91545117e-01 1.76096559e-02 7.51143754e-01
    6.12601757e-01 3.63436908e-01 2.86332607e-01 1.26483738e-02
    5.43571055e-01 1.80813074e-02 4.69542205e-01 5.77882707e-01
    6.86343312e-02 2.27280855e-02 9.27420855e-01 3.84791464e-01
    8.10198188e-01 8.08192730e-01 3.95541638e-01 5.04948735e-01
    7.16182709e-01 9.74998772e-01 2.85760850e-01 9.99474943e-01
    4.73880231e-01 6.12002850e-01 4.90976900e-01 7.63136029e-01
    9.31868196e-01 8.39825392e-01 8.39579284e-01 8.77950072e-01
    2.60193646e-02 6.01859868e-01 8.43034387e-01 1.66581213e-01
    4.85375881e-01 6.50270224e-01 9.36688304e-01 2.29142308e-01
    8.71324241e-02 2.61442363e-01 4.22516316e-01 5.01533806e-01
    6.79395676e-01 2.44480073e-02 4.98102993e-01 9.73172009e-01
    4.46999401e-01 1.85614675e-01 8.18115711e-01 1.82431221e-01
    6.59319818e-01 4.24329877e-01 1.26393527e-01 7.39292383e-01
    6.19956374e-01 8.64570141e-02 7.52665639e-01 4.44522411e-01
    5.85317731e-01 8.91503811e-01 3.91256064e-01 2.72526652e-01
    9.59289551e-01 9.55939531e-01 5.66165626e-01 9.66384411e-01
    5.48695028e-01 5.85078716e-01 9.15578604e-01 9.83407736e-01
    5.84405661e-01 7.74857521e-01 8.65265667e-01 1.24800295e-01
    6.54511452e-01 3.12075675e-01 3.46955597e-01 8.93120408e-01
    3.02317679e-01 7.97920704e-01 1.65728569e-01 5.75722039e-01
    6.70539439e-02 3.52999449e-01 6.69579506e-02 2.15806007e-01
    9.58094835e-01 9.39948916e-01 9.60616946e-01 7.00506449e-01
    4.71093267e-01 1.13911510e-01 6.27611518e-01 2.76040703e-01
    1.68569446e-01 2.65461564e-01 8.70420456e-01 7.62587309e-01
    3.62642288e-01 6.38251543e-01 4.15844381e-01 5.30141413e-01
    9.79033411e-01 1.51734412e-01 5.26558936e-01 4.62723434e-01
    9.69981194e-01 4.36603159e-01 2.88383573e-01 8.02416325e-01
    8.74581337e-01 6.69471741e-01 6.64559722e-01 7.36079693e-01
    1.70244485e-01 4.53422159e-01 5.08764923e-01 1.01556867e-01
    3.69053185e-01 8.85511339e-01 2.32525736e-01 8.91436636e-02
    1.07580423e-01 1.82547450e-01 6.20292246e-01 8.90736759e-01
    6.30797088e-01 6.96042418e-01 8.73511434e-01 8.94627869e-02
    5.27275324e-01 1.23495698e-01 2.06837982e-01 5.89037180e-01
    9.97920334e-02 2.91144729e-01 5.91494203e-01 3.49140704e-01
    5.15554368e-01 5.52316129e-01 9.17350590e-01 6.06667876e-01
    5.80940247e-01 5.34326851e-01 1.73168927e-01 1.41515136e-01
    8.05737853e-01 5.82804680e-01 5.99398255e-01 5.44793248e-01
    5.16250074e-01 2.42118567e-01 4.90305573e-01 2.34706998e-01
    1.15141839e-01 7.31972575e-01 4.15267527e-01 8.81822109e-02
    1.11852616e-01 5.14502048e-01 7.96638429e-01 2.23226875e-01
    2.78664708e-01 2.12990761e-01 1.32211268e-01 9.88796294e-01
    6.10956848e-01 8.62264872e-01 6.26952171e-01 2.32076347e-02
    2.88284719e-02 7.83390403e-01 7.42272437e-01 6.40084028e-01
    9.37074959e-01 8.24352860e-01 9.41680670e-02 4.52595383e-01
    8.46608877e-01 1.97156936e-01 8.00445199e-01 2.48291761e-01
    1.16716892e-01 1.88898057e-01 4.58009601e-01 3.81840944e-01
    8.41933012e-01 9.26650286e-01 3.82444918e-01 1.84652239e-01
    3.75967324e-01 8.70955825e-01 4.36264932e-01 7.34017372e-01
    7.88754523e-01 1.81462079e-01 5.18207133e-01 6.92687035e-01
    9.94842708e-01 7.27052331e-01 2.16511875e-01 1.91118807e-01
    4.59221810e-01 8.07063639e-01 4.92623001e-01 2.10054368e-01
    6.28793836e-01 4.67036754e-01 6.43110037e-01 4.15546238e-01
    5.00672340e-01 8.28752518e-01 3.20716470e-01 6.79387569e-01
    8.73338699e-01 8.41507912e-02 4.55044448e-01 7.35243917e-01
    3.86688203e-01 3.35036755e-01 8.20779085e-01 5.24958611e-01
    5.89062333e-01 1.38501465e-01 9.02928650e-01 2.23247021e-01
    4.36943889e-01 5.43141961e-01 4.38855380e-01 9.04668808e-01
    3.42828214e-01 5.72018862e-01 3.92832279e-01 3.88182908e-01
    8.28669429e-01 3.84757042e-01 8.45703840e-01 1.98077917e-01
    9.10632491e-01 9.43004727e-01 1.30671859e-01 8.33525121e-01
    6.10062540e-01 4.64418858e-01 7.48256028e-01 1.08758956e-01
    8.95057082e-01 7.72045016e-01 4.04695541e-01 1.99944288e-01
    4.93686587e-01 6.40297830e-02 2.96014130e-01 8.28225970e-01
    3.26410711e-01 5.64965606e-03 1.76044643e-01 9.75060701e-01
    2.98755944e-01 1.44432068e-01 7.04548359e-01 5.07849097e-01
    7.17083395e-01 3.21136326e-01 3.30972672e-03 5.18146336e-01
    5.37124872e-02 8.94517124e-01 8.79004896e-02 8.47089708e-01
    4.86083269e-01 3.93269360e-02 3.46947134e-01 7.43274689e-01
    6.62077248e-01 4.27539587e-01 4.43180174e-01 8.17865729e-01
    7.94604242e-01 8.30491662e-01 7.53751397e-02 1.41765773e-02
    5.03036141e-01 8.63098025e-01 6.03746533e-01 7.02417254e-01
    3.28224242e-01 3.92555773e-01 5.94268441e-02 6.64842844e-01
    1.76581711e-01 1.73646808e-01 4.23665106e-01 1.46187603e-01
    6.26259565e-01 5.20498395e-01 4.54593867e-01 7.22414494e-01
    1.26914799e-01 3.97016197e-01 4.94973689e-01 6.74715281e-01
    8.11174929e-01 1.65954769e-01 4.31118250e-01 7.40958869e-01
    7.32317150e-01 4.24438953e-01 4.65682358e-01 8.44084501e-01
    9.16197956e-01 6.43531561e-01 1.57692105e-01 6.17356598e-02
    3.88512194e-01 5.82931638e-01 7.15852141e-01 6.18826926e-01
    1.34653687e-01 5.21991730e-01 2.00820178e-01 9.78708267e-01
    1.76242679e-01 1.31910563e-01 6.95926189e-01 4.99483049e-01
    8.17109525e-01 3.35585892e-01 1.81124806e-01 3.99069190e-01
    7.77112365e-01 6.12615645e-02 4.79376018e-01 2.32509673e-02
    9.25482392e-01 1.33971989e-01 4.76838052e-01 2.25714236e-01
    1.04502469e-01 2.94871926e-02 2.69124508e-02 8.58949661e-01
    3.65228117e-01 6.67455614e-01 7.51621723e-01 1.19435161e-01
    7.92316079e-01 9.04727578e-01 7.62848318e-01 3.26282293e-01
    8.36759508e-02 3.17022443e-01 8.20124984e-01 9.85091925e-01
    6.63681328e-01 3.57629478e-01 5.33381164e-01 2.72527218e-01
    9.65501010e-01 2.55527794e-02 6.17448986e-01 3.92880678e-01
    3.07108700e-01 4.35948551e-01 6.55818880e-01 2.57368177e-01
    9.42529678e-01 6.89930081e-01 1.76745772e-01 5.18664181e-01
    8.97031426e-01 2.01165557e-01 5.75227499e-01 5.40648937e-01
    7.34164774e-01 3.69140625e-01 9.77709770e-01 4.17884290e-02
    6.80113137e-01 5.15745878e-01 7.90747762e-01 1.90710843e-01
    6.45267367e-01 5.08827329e-01 2.88397580e-01 6.65944099e-01
    9.62269664e-01 1.52442664e-01 9.48858440e-01 4.59175617e-01
    1.62815511e-01 1.81053579e-02 1.91285461e-01 9.94268119e-01
    4.21144873e-01 8.27906549e-01 6.88159406e-01 9.15098846e-01
    8.70735288e-01 3.08559060e-01 2.65318215e-01 7.28874564e-01
    2.53147364e-01 2.70720005e-01 8.87220323e-01 3.16681921e-01
    8.18181038e-01 4.18037593e-01 1.54333681e-01 5.60592413e-02
    2.74732292e-01 2.84295648e-01 9.97296333e-01 3.87143612e-01
    2.02917904e-01 2.10540324e-01 7.39375949e-01 6.57346010e-01
    1.63228542e-01 5.05030751e-01 7.41764128e-01 4.90171045e-01
    4.50186342e-01 1.13145232e-01 1.56298220e-01 6.06769443e-01
    1.52134180e-01 3.66883695e-01 3.36453438e-01 4.54454482e-01
    7.31709182e-01 3.93591255e-01 5.13725877e-01 7.88258672e-01
    8.07013929e-01 3.37433219e-01 7.98374891e-01 2.88744032e-01
    9.70228076e-01 3.65141034e-01 1.14689201e-01 1.80278838e-01
    8.65675867e-01 1.69256598e-01 8.64565134e-01 1.63826168e-01
    4.06012893e-01 8.38656306e-01 4.12833482e-01 6.60790563e-01
    5.16949356e-01 8.03159952e-01 5.51565409e-01 7.94730306e-01
    6.49099827e-01 1.39085233e-01 7.93542743e-01 3.02879035e-01
    8.23955297e-01 1.08138323e-01 4.78258073e-01 8.68163824e-01
    9.84948575e-02 5.72882116e-01 9.88274515e-02 3.77163291e-01
    4.36953694e-01 3.01615149e-01 2.91409373e-01 6.39115691e-01
    3.10468674e-03 3.36622298e-01 2.14705765e-02 7.97765136e-01
    1.34291947e-01 4.94443387e-01 7.21493244e-01 8.46082866e-01
    1.93339258e-01 3.69665623e-02 1.75614148e-01 9.21491325e-01
    7.53384829e-01 6.84386492e-02 3.95992190e-01 3.72970104e-01
    2.00942338e-01 4.23044413e-01 6.47493005e-01 7.26185203e-01
    9.31273580e-01 9.64721382e-01 8.22413862e-02 5.21240115e-01
    3.24006677e-02 6.04706347e-01 5.30548632e-01 3.16115916e-01
    4.26195621e-01 4.43361342e-01 3.81574273e-01 5.28302252e-01
    8.49636436e-01 2.42360651e-01 7.35046983e-01 1.81813955e-01
    8.05696130e-01 7.56655693e-01 9.77843881e-01 7.05764294e-01
    7.91111171e-01 2.02146947e-01 1.50696933e-02 7.12248087e-02
    6.66008055e-01 6.46453083e-01 9.96610880e-01 1.88371181e-01
    9.30199325e-02 9.50868130e-01 6.87552571e-01 2.62363821e-01
    6.50402009e-02 6.53447509e-01 8.21879804e-02 3.34392130e-01
    5.29048264e-01 1.06720626e-02 4.87499416e-01 1.35862857e-01
    8.86361361e-01 1.91000074e-01 1.82521701e-01 3.86683047e-02
    7.75999129e-02 6.48787677e-01 2.23659784e-01 5.20443320e-01
    3.69381249e-01 6.86823010e-01 4.98224825e-01 1.74281180e-01
    9.94554996e-01 5.53320289e-01 6.27957582e-01 2.05728084e-01
    4.87381071e-01 4.01188135e-01 1.89046890e-01 7.63207912e-01
    4.04755980e-01 2.05481648e-02 3.85624588e-01 7.39022136e-01
    9.84819174e-01 9.06767130e-01 5.28540373e-01 2.95163393e-01
    6.04660630e-01 1.74505204e-01 3.87922227e-01 5.95503211e-01
    8.96098495e-01 7.58740306e-01 4.09922332e-01 8.54232609e-01
    5.23215175e-01 6.34491324e-01 8.60495687e-01 9.35672522e-01
    1.40840977e-01 1.02032751e-01 4.10670042e-02 3.69540840e-01
    9.72280920e-01 9.32249904e-01 6.55622780e-02 1.36179596e-01
    3.71122986e-01 6.11866236e-01 3.36994380e-01 7.39372492e-01
    2.71475643e-01 1.27081752e-01 9.54149485e-01 6.84144258e-01
    1.71944678e-01 7.26392150e-01 6.43881261e-02 3.25487554e-02
    8.51702869e-01 1.86164469e-01 8.15275729e-01 4.60296661e-01
    4.73794043e-02 8.94266665e-01 4.93609607e-01 3.79471421e-01
    9.81638551e-01 4.11665291e-01 4.14338082e-01 6.28403664e-01
    3.88115972e-01 9.04546022e-01 7.11251855e-01 7.51801968e-01
    2.49094397e-01 9.86245930e-01 5.37454605e-01 1.22660607e-01
    9.36686695e-01 6.11232221e-02 9.24020708e-02 3.66373897e-01
    3.02610695e-01 2.37254947e-01 8.81331682e-01 9.39618587e-01
    8.47505927e-02 5.61768055e-01 4.65116084e-01 8.18921208e-01
    6.48214698e-01 3.51930708e-01 8.90443802e-01 4.20432866e-01
    3.25496495e-01 8.77520919e-01 9.54112649e-01 8.17951560e-01
    3.30415010e-01 4.35766637e-01 8.68267179e-01 9.21780348e-01
    2.69515932e-01 6.34729624e-01 4.18002665e-01 8.20029736e-01
    1.94291711e-01 3.92182767e-02 9.81630802e-01 4.36824977e-01
    7.31947005e-01 4.91011441e-02 6.86722815e-01 5.09453654e-01
    4.07851398e-01 3.06736231e-01 1.64361030e-01 4.45412517e-01
    9.25750911e-01 3.40839565e-01 2.89727509e-01 3.42268407e-01
    6.85176134e-01 2.99467564e-01 6.86574161e-01 7.67871618e-01
    7.03504443e-01 6.78827345e-01 6.53555095e-02 5.85410237e-01
    1.70120180e-01 8.67260695e-01 2.15714723e-01 1.93378001e-01
    2.78067350e-01 8.40492368e-01 2.82833576e-02 4.69436556e-01
    1.14690065e-02 6.38216734e-01 5.62182426e-01 3.22599322e-01
    2.26813555e-01 6.56460166e-01 4.25398856e-01 7.62599826e-01
    2.94872761e-01 7.22464502e-01 4.97278422e-01 6.45674348e-01
    5.73951304e-01 6.84130847e-01 7.89314628e-01 1.54173255e-01
    3.81670713e-01 7.81858444e-01 1.45596296e-01 3.04375410e-01
    4.09822226e-01 9.85713363e-01 2.21811295e-01 7.86841094e-01
    2.82790661e-01 2.58525372e-01 7.69314647e-01 8.57868433e-01
    7.13426650e-01 4.58607674e-01 9.62368250e-01 6.05787575e-01
    7.75796473e-01 1.06844604e-02 7.58587420e-02 1.29802138e-01
    5.78914583e-01 8.84016097e-01 9.59288657e-01 5.92574537e-01
    9.58194256e-01 1.87256724e-01 3.11833501e-01 6.03663683e-01
    3.86612952e-01 1.80876553e-01 8.23507309e-02 4.76299554e-01
    8.25195909e-01 1.29143596e-02 5.78650594e-01 9.14957643e-01
    8.26320052e-01 9.66458201e-01 1.25275433e-01 3.85549039e-01
    1.82980090e-01 7.66428769e-01 8.02466869e-01 6.69024587e-02
    5.86348593e-01 9.11771178e-01 5.97077370e-01 3.18129480e-01
    2.94991821e-01 8.82373810e-01 3.19905281e-02 3.05595100e-01
    3.74525756e-01 8.10872197e-01 1.99052155e-01 1.92674905e-01
    6.64474666e-01 3.32439870e-01 5.26500285e-01 3.61402541e-01
    8.04729939e-01 3.73432040e-01 2.29623049e-01 8.43053520e-01
    1.99969471e-01 5.01585305e-01 5.43689430e-01 5.11558950e-01
    4.95525420e-01 9.51802492e-01 4.72085267e-01 7.32241988e-01
    2.36005366e-01 5.04102767e-01 6.65582955e-01 9.04005587e-01
    7.03158021e-01 1.55402362e-01 5.53138852e-01 1.08038962e-01
    4.89782572e-01 2.51314104e-01 3.31792951e-01 4.81791198e-02
    9.13764715e-01 1.79972351e-02 7.02851832e-01 2.88948059e-01
    5.48524559e-01 4.91632819e-02 6.06081545e-01 7.73107648e-01
    5.15320420e-01 2.97652245e-01 8.86968255e-01 1.61498874e-01
    2.96821743e-01 8.75179589e-01 4.49463278e-01 7.32087970e-01
    8.31469774e-01 3.03763032e-01 7.58211911e-01 8.16831589e-01
    2.17837721e-01 9.13533926e-01 2.71721065e-01 8.26301873e-02
    6.13026559e-01 9.67795610e-01 9.46542144e-01 8.94889653e-01
    7.26993680e-01 7.77791262e-01 9.34266567e-01 6.17268264e-01
    8.70265067e-01 3.58002484e-01 2.78541327e-01 1.40524209e-02
    2.70012587e-01 8.03075314e-01 1.93572342e-01 3.74944896e-01
    4.06121969e-01 9.78773117e-01 1.11250579e-02 2.67106235e-01
    4.29336846e-01 7.88551152e-01 1.79662585e-01 4.68615294e-02
    3.97230834e-01 4.36504126e-01 9.50640738e-02 1.64489150e-02
    3.90880793e-01 5.95287919e-01 2.74613202e-01 5.79000711e-01
    2.38244951e-01 3.20078254e-01 3.61111760e-01 9.98177886e-01
    4.85479832e-02 9.85101759e-01 5.58309674e-01 6.22494221e-01
    8.89446139e-01 7.29796052e-01 4.37475562e-01 4.60005522e-01
    5.27108014e-01 1.85135663e-01 5.34630954e-01 7.67727673e-01
    1.02973223e-01 4.52309996e-01 5.00242412e-02 4.97624099e-01
    3.91643345e-02 1.04438156e-01 4.48859334e-02 8.80304337e-01
    2.47861266e-01 1.10219717e-01 4.68728453e-01 7.53902197e-01
    9.56949353e-01 8.96658421e-01 6.54715478e-01 9.95549262e-02
    9.89938021e-01 8.78378868e-01 7.75729954e-01 4.63353992e-01
    8.14568698e-02 4.82449979e-01 4.07021999e-01 5.55285990e-01
    8.85632753e-01 2.99910307e-01 6.04120851e-01 5.65706849e-01
    8.09127331e-01 5.76044321e-01 3.61111462e-02 4.08119291e-01
    5.56834280e-01 2.78285921e-01 6.68333769e-02 1.94733828e-01
    2.82728672e-01 8.14461768e-01 6.55530691e-01 6.64383650e-01
    2.34921694e-01 7.01458931e-01 5.22344887e-01 6.89422131e-01
    7.36990154e-01 6.93990648e-01 7.61586845e-01 1.42866105e-01
    8.60373735e-01 1.28380299e-01 4.55334067e-01 7.69533455e-01
    5.87263703e-01 3.17103744e-01 2.20662028e-01 6.08209491e-01
    6.27751291e-01 1.14467025e-01 7.31023192e-01 4.07958955e-01
    5.69023252e-01 3.25601250e-01 7.30426431e-01 5.30544817e-01
    9.84319448e-01 7.87905931e-01 3.65132928e-01 7.79756010e-01
    1.74551904e-01 8.88649106e-01 3.52093875e-01 7.61163116e-01
    1.35380030e-01 7.30537295e-01 1.03300631e-01 9.05336916e-01
    4.80062842e-01 5.67160010e-01 9.64790523e-01 1.63562357e-01
    9.38737154e-01 8.04474235e-01 2.83351541e-01 1.46839917e-01
    8.85936260e-01 1.94181174e-01 1.90928727e-01 9.76076365e-01
    1.08804256e-01 9.31023598e-01 4.54562992e-01 3.15377295e-01
    8.20458591e-01 1.01705134e-01 8.30255747e-01 2.33592421e-01
    8.70540142e-01 4.97828364e-01 3.48104596e-01 5.20245552e-01
    2.07989275e-01 8.30426455e-01 4.73941952e-01 2.66307354e-01
    4.68367875e-01 7.95857906e-02 6.66058064e-03 7.79971778e-02
    1.78729504e-01 5.30045927e-01 1.77459449e-01 1.78632140e-03
    1.48321658e-01 9.18271184e-01 6.87592924e-01 6.16385937e-01
    6.06624603e-01 9.06974077e-03 9.28547263e-01 9.13025260e-01
    1.70668781e-01 1.40395343e-01 6.86088383e-01 8.77408147e-01
    1.68967366e-01 5.25593519e-01 3.84523243e-01 3.80556107e-01
    1.25476271e-01 8.80060792e-01 3.39574218e-01 2.35274166e-01
    2.66010165e-01 3.46791267e-01 2.62791574e-01 3.06240737e-01
    8.96925509e-01 7.24597931e-01 8.16297114e-01 9.10842180e-01
    8.34763527e-01 6.41673923e-01 6.14688933e-01 6.08763814e-01
    3.81914079e-02 1.92288220e-01 8.10866952e-02 1.33836269e-01
    5.58009326e-01 4.50029343e-01 4.93495762e-02 1.26009971e-01
    9.89436805e-02 5.29909730e-01 9.90967035e-01 6.49614036e-02
    4.20565397e-01 5.29564023e-01 5.58774531e-01 7.08127975e-01
    7.41599202e-02 9.96677756e-01 9.00422573e-01 2.32755721e-01
    9.71222162e-01 9.56654429e-01 4.68157470e-01 8.85193408e-01
    9.37517881e-01 6.83435977e-01 8.64000320e-01 3.90061647e-01
    4.60991949e-01 6.94391429e-02 4.06076670e-01 9.87269282e-01
    8.49629879e-01 1.72994852e-01 1.64884418e-01 1.94537640e-02
    7.26151466e-01 2.84317732e-02 5.90760410e-01 6.76227570e-01
    9.54230070e-01 9.16005611e-01 3.06080878e-02 8.77154827e-01
    1.50329411e-01 9.12450254e-01 4.11522388e-01 8.94031882e-01
    9.25107718e-01 7.78499603e-01 1.79274350e-01 9.90957737e-01
    3.77125114e-01 8.30882490e-01 3.98666203e-01 2.57833272e-01
    5.42735696e-01 8.02366734e-01 5.98423839e-01 1.52646184e-01
    8.90438199e-01 6.20541334e-01 7.54140019e-02 9.15243506e-01
    9.53386128e-02 4.33689594e-01 9.55709457e-01 6.03862405e-02
    4.18215722e-01 4.77108896e-01 7.69730449e-01 3.68087083e-01
    5.32520294e-01 6.10002220e-01 1.10443175e-01 3.31847578e-01
    1.75304174e-01 8.09693336e-01 8.72839332e-01 1.39497489e-01
    4.18841273e-01 4.10874516e-01 2.25940645e-01 7.20750093e-01
    2.30339170e-02 8.08222771e-01 3.00647527e-01 6.68353319e-01
    2.61736333e-01 9.61849809e-01 9.29247022e-01 6.22396350e-01
    8.00923705e-01 1.29826337e-01 3.86347532e-01 9.56112921e-01
    5.94244957e-01 2.32366264e-01 3.07992220e-01 8.91434073e-01
    7.84572721e-01 1.02991760e-02 4.15121764e-01 3.87229323e-01
    5.70512056e-01 1.96327209e-01 2.63253212e-01 9.52312291e-01
    7.26881027e-02 6.69128299e-01 9.69544649e-02 9.46021199e-01
    8.58545423e-01 3.05737853e-02 5.15637994e-02 8.43217969e-02
    7.62922347e-01 7.51925111e-01 8.51060212e-01 8.15338016e-01
    1.27463609e-01 1.57769889e-01 3.52665782e-01 6.39034867e-01
    1.29143029e-01 2.30451524e-01 8.25992465e-01 4.97405231e-01
    1.93857670e-01 2.12090462e-01 5.85953534e-01 7.77436256e-01
    2.76969910e-01 7.47156858e-01 1.47969067e-01 6.60011709e-01
    1.35116696e-01 5.61626673e-01 4.68858004e-01 1.19438678e-01
    9.76729870e-01 7.79660344e-01 8.43510687e-01 1.97219074e-01
    3.21297884e-01 2.99338460e-01 7.77092576e-01 9.13787484e-01
    5.19242465e-01 4.22228962e-01 4.79851365e-02 5.95726609e-01
    5.92540145e-01 7.93467224e-01 2.40425080e-01 8.20456147e-02
    9.54710305e-01 8.11176181e-01 3.08513939e-02 7.70849109e-01
    7.43753910e-01 2.45036334e-01 9.86034632e-01 4.17847335e-02
    7.00071454e-01 4.35908169e-01 4.97832268e-01 4.46252078e-01
    3.76070619e-01 4.65634584e-01 8.86890769e-01 7.69045472e-01
    5.61065733e-01 2.66705453e-02 1.37900323e-01 9.27037537e-01
    2.37115622e-01 2.86949456e-01 1.72250539e-01 9.24773693e-01
    9.88877058e-01 4.90571141e-01 1.32495522e-01 2.67751157e-01
    6.32765770e-01 8.42005849e-01 4.09466475e-01 3.43711615e-01
    5.44191658e-01 6.18013263e-01 5.49404979e-01 7.43294060e-02
    8.48252654e-01 7.38351643e-01 6.11033559e-01 8.91316056e-01
    3.05796593e-01 9.32920873e-01 6.16181016e-01 6.10935926e-01
    9.22029734e-01 1.24293923e-01 6.66759014e-01 9.97667313e-01
    6.39354765e-01 1.32986754e-01 7.14579284e-01 8.81283104e-01
    5.44543028e-01 5.86213052e-01 8.38733196e-01 8.78187537e-01
    7.84876347e-01 9.65376377e-01 3.24156910e-01 4.54732537e-01
    1.60345674e-01 6.73795044e-02 4.27756935e-01 7.57332802e-01
    4.97952819e-01 6.31171227e-01 8.96254897e-01 6.90456152e-01
    4.32070255e-01 6.30031645e-01 5.70859194e-01 3.63972068e-01
    8.21284771e-01 7.43015468e-01 4.71085131e-01 9.65382457e-01
    8.86573195e-01 7.44526088e-01 2.90236503e-01 3.38719189e-02
    2.59679496e-01 9.91070747e-01 2.12264329e-01 9.86104608e-01
    3.35509717e-01 3.61433029e-01 2.98410416e-01 8.79902124e-01
    1.36582196e-01 9.37387943e-02 3.84607732e-01 5.47474563e-01
    9.25833285e-02 5.01871347e-01 9.73007798e-01 6.61029756e-01
    8.45628381e-01 8.46015334e-01 8.01165402e-02 2.33862102e-01
    8.56413543e-01 5.52644849e-01 6.08247042e-01 9.08877850e-02
    1.27366930e-01 6.57638311e-01 6.20374084e-03 2.33007193e-01
    7.20487893e-01 1.78365976e-01 2.83604503e-01 6.20769858e-01
    6.53651118e-01 4.98882949e-01 8.91318738e-01 4.01166975e-01
    7.09936380e-01 1.02581084e-01 7.07534552e-02 1.45706654e-01
    9.95501757e-01 2.66907066e-01 6.47180200e-01 5.99491239e-01
    3.55491221e-01 1.03893965e-01 7.19628096e-01 7.78823972e-01
    5.71381271e-01 9.57891345e-02 3.80114824e-01 4.89471465e-01
    8.69820356e-01 4.91365343e-01 9.56202865e-01 6.68426275e-01
    6.03860378e-01 6.49770021e-01 8.74156654e-01 3.36064070e-01
    5.56437075e-01 8.66758108e-01 7.22021282e-01 9.82448220e-01
    2.41320610e-01 8.89974773e-01 1.53291613e-01 9.69859958e-01
    8.10868561e-01 9.16053057e-01 9.55526114e-01 3.77787650e-01
    5.34717739e-01 6.16119027e-01 3.50229621e-01 9.64615345e-02
    3.37385833e-01 9.89511132e-01 6.42444432e-01 3.60013843e-02
    9.91820216e-01 2.14856267e-02 7.40728498e-01 5.80818295e-01
    2.19320029e-01 8.56428146e-01 2.64328957e-01 7.29578555e-01
    7.19118237e-01 9.45382357e-01 6.28501892e-01 1.94986165e-01
    9.12918746e-02 7.28550196e-01 9.21660900e-01 8.50175500e-01
    6.84565723e-01 7.94318795e-01 1.37699783e-01 9.06022906e-01
    8.96815777e-01 1.59975052e-01 7.67264426e-01 7.86494613e-02
    3.67932141e-01 4.85802710e-01 2.80468464e-01 1.25707597e-01
    1.30886257e-01 3.73213351e-01 7.52174377e-01 7.78095782e-01
    7.00579524e-01 4.94394362e-01 4.03567851e-01 6.63842559e-02
    5.21953464e-01 1.74901158e-01 4.49002206e-01 6.74517393e-01
    9.93992209e-01 5.42654574e-01 4.65976000e-01 1.47979528e-01
    3.27209860e-01 5.63828707e-01 1.45392507e-01 8.67350936e-01
    6.39692068e-01 8.41062307e-01 7.24988580e-02 5.08331597e-01
    3.72855544e-01 7.43574262e-01 7.25134075e-01 3.60120744e-01
    4.63862866e-01 7.26963282e-01 1.87153518e-02 7.56520152e-01
    5.82289755e-01 3.42289984e-01 9.64602232e-01 3.68405432e-01
    6.03574157e-01 4.81586099e-01 4.31112140e-01 9.09117460e-01
    6.70422435e-01 2.68752873e-02 1.30397677e-01 4.46151137e-01
    9.41011667e-01 9.55891490e-01 5.25932252e-01 3.79491687e-01
    2.91522771e-01 9.03545380e-01 3.11940014e-01 9.19749618e-01
    1.34337962e-01 3.09525788e-01 4.23880935e-01 7.34403074e-01
    8.46784830e-01 8.54532719e-01 7.29369104e-01 9.02766466e-01
    4.56784934e-01 1.73461646e-01 3.57138157e-01 4.46618229e-01
    3.65789175e-01 2.46370167e-01 5.82678378e-01 3.83382142e-01
    9.82276499e-01 6.50538146e-01 9.45951104e-01 9.69662547e-01
    9.96400893e-01 5.20604372e-01 8.46515715e-01 9.54384208e-01
    8.94263089e-02 4.18447554e-02 6.54676259e-01 8.01469445e-01
    3.21711659e-01 4.24519122e-01 4.29301351e-01 4.33209836e-01
    9.14845586e-01 7.93603182e-01 3.05608332e-01 3.23639452e-01
    7.47905672e-01 6.83982670e-02 3.64433587e-01 6.00526094e-01
    4.55642670e-01 9.30216372e-01 9.35758114e-01 8.61365795e-01
    1.58120662e-01 3.85403037e-02 9.27260995e-01 5.33581614e-01
    1.31408423e-01 9.37386751e-02 5.50602138e-01 5.91881216e-01
    6.60508513e-01 2.04904079e-01 1.99260116e-01 8.92460465e-01
    4.97216225e-01 9.50883329e-01 9.56404209e-02 3.56351733e-02
    8.43552232e-01 3.84822458e-01 3.02422762e-01 9.81313467e-01
    3.51034999e-01 5.86168766e-02 9.50977087e-01 8.77050579e-01
    9.80405569e-01 2.97900677e-01 5.59794605e-02 9.65089560e-01
    7.47223914e-01 7.65849352e-01 9.29509342e-01 1.15511656e-01
    6.39128506e-01 6.42306566e-01 1.72314078e-01 8.54873538e-01
    8.20621967e-01 4.33210850e-01 2.29719609e-01 4.13407922e-01
    3.93438429e-01 8.59402299e-01 5.73183179e-01 5.50609946e-01
    4.34495270e-01 2.41903156e-01 2.04620928e-01 6.27504885e-02
    1.55505985e-01 5.75055122e-01 9.05331135e-01 4.05042052e-01
    9.93312299e-01 1.25371456e-01 4.24321562e-01 5.81193686e-01
    2.96285421e-01 9.38335180e-01 1.78805947e-01 4.00888622e-01
    4.91161078e-01 1.09998763e-01 1.05596006e-01 6.32070422e-01
    7.03938186e-01 3.99427950e-01 9.22548413e-01 3.01054478e-01
    9.69680429e-01 2.30567753e-01 5.62276304e-01 3.29075933e-01
    6.16463065e-01 9.05392170e-01 7.51086950e-01 4.83859777e-02
    4.21416819e-01 8.21641684e-01 1.26818627e-01 4.36199635e-01
    1.85801208e-01 8.40134203e-01 6.27663374e-01 8.48162532e-01
    6.78230286e-01 7.01085389e-01 9.40696418e-01 6.84344351e-01
    1.25840276e-01 4.47588354e-01 3.94615531e-02 6.45229518e-01
    3.14033687e-01 4.96207446e-01 9.82087731e-01 8.65560591e-01
    4.44844723e-01 1.03173137e-01 2.12585032e-01 2.72767067e-01
    2.27447242e-01 2.10025311e-02 7.05006659e-01 9.20582116e-01
    2.60434151e-02 3.39157343e-01 4.13719594e-01 2.86495745e-01
    5.41549861e-01 2.76453137e-01 9.34103251e-01 5.75661361e-02
    6.73475742e-01 8.04467559e-01 3.89222145e-01 3.75177443e-01
    6.54901743e-01 8.74860406e-01 7.84596562e-01 3.42380971e-01
    5.23439825e-01 5.44225574e-02 3.44399214e-01 8.42666447e-01
    7.87910938e-01 9.91629124e-01 5.01805484e-01 5.69722950e-02
    2.74475068e-01 5.63584983e-01 1.79299176e-01 3.94544482e-01
    1.01290226e-01 6.27090454e-01 3.37126076e-01 2.61935353e-01
    9.09110308e-01 9.17575359e-01 6.09751344e-01 6.51652813e-01
    4.38436568e-02 6.98325455e-01 5.88561118e-01 3.47203970e-01
    5.98684132e-01 9.75210607e-01 9.86367762e-02 5.57890236e-01
    9.42100108e-01 2.77709544e-01 7.01266825e-02 4.72092569e-01
    5.42652667e-01 8.21871161e-01 8.87564182e-01 3.11803937e-01
    3.80520046e-01 8.89893293e-01 6.28586709e-01 4.84379977e-01
    7.18162656e-01 8.64532590e-01 4.74183321e-01 9.17129040e-01
    1.54962629e-01 5.71135521e-01 4.66134042e-01 3.39443386e-02
    2.99231350e-01 4.01805341e-02 2.66552359e-01 4.05999750e-01
    4.63843435e-01 8.09303761e-01 5.38711607e-01 8.42286468e-01
    7.09998369e-01 6.16215825e-01 6.61617994e-01 5.97576857e-01
    9.73520875e-02 7.09931433e-01 5.59582293e-01 5.76948762e-01
    2.82319009e-01 1.80851012e-01 5.18425763e-01 1.75648481e-01
    8.56749296e-01 9.52140570e-01 9.34910417e-01 1.11686558e-01
    1.74374670e-01 6.24718130e-01 5.54408133e-02 8.56291890e-01
    3.51669282e-01 7.63727546e-01 2.51243114e-02 9.67060566e-01
    2.14828461e-01 5.00499785e-01 5.70798814e-01 9.28003907e-01
    4.05992746e-01 3.75074327e-01 5.89789450e-01 7.09838569e-01
    1.81060761e-01 3.78009439e-01 5.75358510e-01 3.10578823e-01
    8.03290844e-01 8.99465680e-02 5.98463118e-01 4.82058823e-01
    6.67002857e-01 4.18981552e-01 1.13599628e-01 1.96739852e-01
    5.65398991e-01 1.10473692e-01 6.16699457e-02 9.33621526e-01
    7.67184019e-01 7.53209829e-01 4.31809127e-01 6.92601442e-01
    3.85955036e-01 5.98516524e-01 9.27316606e-01 9.40619707e-01
    9.93203044e-01 5.72179973e-01 4.22202319e-01 8.13575983e-01
    2.20219910e-01 3.89630109e-01 2.40023434e-02 6.00231707e-01
    4.44851607e-01 9.60395873e-01 2.50598073e-01 6.10520720e-01
    7.21040547e-01 9.76303577e-01 1.84823275e-01 9.67764497e-01
    6.19299293e-01 1.10200047e-02 5.13429821e-01 7.73381829e-01
    4.69552219e-01 6.95965350e-01 8.95703375e-01 3.03146243e-01
    1.77680075e-01 1.09843284e-01 3.47345144e-01 4.67030108e-01
    1.55239135e-01 7.76006281e-02 4.90825683e-01 2.50811100e-01
    6.74031675e-01 4.30991471e-01 6.37784481e-01 1.91714615e-01
    9.55926061e-01 5.89231849e-01 3.53936791e-01 4.41307008e-01
    8.74215186e-01 5.23585200e-01 7.22929657e-01 6.33208752e-01
    9.43093300e-01 1.64686918e-01 8.62494409e-02 9.34704304e-01
    4.78003114e-01 4.78890717e-01 6.67996764e-01 5.94784975e-01
    5.87747097e-01 7.05108225e-01 8.61984491e-02 3.00268710e-01
    8.90872359e-01 6.84999645e-01 3.66986394e-01 8.10985327e-01
    2.67765880e-01 7.51963556e-01 3.82936567e-01 5.68519175e-01
    7.91330278e-01 4.45942521e-01 2.38428563e-01 6.04369164e-01
    3.92437339e-01 8.82567465e-01 6.21963859e-01 6.49498582e-01
    3.91547859e-01 5.82305968e-01 8.22113395e-01 1.64987683e-01
    7.16703176e-01 9.99099731e-01 7.03035057e-01 3.80677313e-01
    6.05262816e-01 5.40528893e-01 8.28817189e-02 6.15237355e-01
    2.16950178e-01 2.42156178e-01 4.57944870e-02 7.59900212e-02
    4.55224812e-01 4.11913097e-02 7.89366245e-01 8.03186953e-01
    4.64639306e-01 1.27794206e-01 3.10717940e-01 6.59558773e-02
    1.07003033e-01 4.91626948e-01 6.20903730e-01 9.74792361e-01
    2.52176821e-01 4.23080325e-01 3.95311236e-01 4.97690946e-01
    3.96743178e-01 7.59871960e-01 3.14298689e-01 3.37629616e-02
    1.76610142e-01 6.42586350e-02 1.22716993e-01 7.71348357e-01
    9.79338944e-01 8.81238639e-01 7.23251104e-01 3.42561126e-01
    9.71761227e-01 5.84145367e-01 1.67177230e-01 3.74168932e-01
    6.92344010e-01 1.93417490e-01 6.26471281e-01 2.81872153e-02
    1.17348552e-01 6.36644900e-01 8.95935297e-01 1.01172447e-01
    9.95962977e-01 6.17580056e-01 1.52338952e-01 9.63662624e-01
    3.61475646e-01 9.16812539e-01 4.46330160e-01 4.15410340e-01
    3.78188014e-01 9.29917872e-01 8.54978442e-01 6.91315532e-03
    1.77751929e-01 1.87900871e-01 1.48013681e-01 8.12734365e-01
    5.97193778e-01 8.22870016e-01 9.72701490e-01 7.88159668e-02
    8.88227463e-01 1.85583323e-01 9.14921522e-01 3.97882104e-01
    4.02164578e-01 4.28047329e-01 5.05558848e-01 6.27817512e-01
    9.51292753e-01 6.23783886e-01 8.47256303e-01 5.75758696e-01
    6.38932467e-01 8.67964149e-01 5.38075924e-01 6.76063180e-01
    9.21135068e-01 2.70174205e-01 3.96665394e-01 2.33735263e-01
    9.57180500e-01 5.10114849e-01 1.68976068e-01 3.18412244e-01
    6.71231508e-01 1.74662977e-01 5.90277493e-01 2.08454967e-01
    7.07147777e-01 1.72272682e-01 8.04688156e-01 5.29435515e-01
    6.71666682e-01 1.93513632e-02 6.51893973e-01 4.65383798e-01
    8.11376035e-01 9.27876413e-01 2.26912826e-01 6.01199567e-01
    1.89824581e-01 9.45016325e-01 4.25732523e-01 7.44527578e-02
    2.37651229e-01 7.10286617e-01 9.62314487e-01 4.19317126e-01
    2.35566765e-01 8.37452769e-01 2.46682167e-01 6.43729389e-01
    6.70723855e-01 8.48607898e-01 3.09486449e-01 9.09194052e-02
    1.31522566e-01 4.13068831e-02 4.30082083e-01 6.47026718e-01
    4.75761414e-01 5.37556350e-01 5.60521722e-01 3.34288836e-01
    7.08454490e-01 9.32981133e-01 8.50073576e-01 7.49299824e-01
    2.69025147e-01 8.09979916e-01 7.24283695e-01 3.61941993e-01
    1.88868165e-01 6.74667716e-01 5.35238922e-01 4.51032370e-01
    1.77213401e-01 5.37984431e-01 1.74869567e-01 2.05636293e-01
    6.75132513e-01 6.75182045e-01 7.71059752e-01 4.05190706e-01
    2.71669924e-02 8.33599091e-01 7.86119461e-01 9.11079943e-02
    1.97531492e-01 3.82827371e-01 1.15750909e-01 4.50245500e-01
    9.83185053e-01 5.31913340e-01 7.23971665e-01 2.71303177e-01
    3.34734768e-01 4.92875814e-01 5.74148774e-01 5.15430331e-01
    2.02415645e-01 7.37609506e-01 6.32029235e-01 6.77358449e-01
    9.29078102e-01 9.42984521e-02 4.64561403e-01 2.73588300e-01
    6.40573978e-01 3.72114480e-01 8.54177356e-01 2.91195005e-01
    2.69339830e-01 7.18633473e-01 3.40581536e-02 5.58414698e-01
    7.68221736e-01 9.46224689e-01 2.87081242e-01 2.23617584e-01
    6.83677554e-01 9.60248291e-01 5.03143847e-01 2.36684382e-02
    4.45590764e-01 7.06879914e-01 6.06947303e-01 6.93347037e-01
    5.40812075e-01 2.97898233e-01 9.91366327e-01 8.20192814e-01
    4.43081200e-01 1.73048794e-01 8.24194431e-01 2.50897139e-01
    9.88443375e-01 3.50876868e-01 3.18298280e-01 9.39732552e-01
    4.15708095e-01 9.83645320e-02 2.60009170e-01 4.67833281e-01
    2.13688433e-01 8.06328893e-01 5.38907707e-01 5.50588727e-01
    3.71681809e-01 6.45397902e-01 6.63977444e-01 2.81776011e-01
    7.18663037e-02 3.78741980e-01 4.93123829e-02 8.55546117e-01
    8.54808807e-01 4.79054451e-03 5.01150787e-01 5.91437638e-01
    7.56703258e-01 6.32717490e-01 4.86254722e-01 2.77775586e-01
    3.39785069e-01 4.91894364e-01 9.69915152e-01 4.53702420e-01
    7.06470490e-01 3.89002532e-01 6.14253104e-01 4.50268835e-01
    2.23574311e-01 5.65910459e-01 8.34042311e-01 2.60821283e-01
    3.13036352e-01 4.05118883e-01 3.69775683e-01 4.02889550e-02
    3.34049702e-01 3.30998182e-01 1.87001526e-02 5.65722466e-01
    9.01956439e-01 4.07169402e-01 4.82432544e-02 6.83015168e-01
    6.37381315e-01 8.48094702e-01 8.88262272e-01 5.92096329e-01
    4.14572984e-01 4.03230697e-01 1.08661026e-01 1.70815468e-01
    5.95747948e-01 5.02303541e-01 6.29226089e-01 6.85146213e-01
    9.71871853e-01 8.91793132e-01 2.43594527e-01 9.60471213e-01
    4.83022541e-01 9.04136240e-01 7.62740016e-01 5.51955640e-01
    7.94965029e-01 2.99218476e-01 6.58208430e-01 9.69262242e-01
    5.89771688e-01 4.40522969e-01 7.55649805e-02 2.27551669e-01
    8.85827243e-02 3.46662283e-01 8.82585347e-01 5.87187529e-01
    9.87585306e-01 3.42262089e-01 8.54916573e-02 1.83168203e-01
    9.14727688e-01 8.49743783e-01 3.38309437e-01 2.71423399e-01
    4.08915371e-01 9.49698329e-01 5.25091767e-01 1.36784852e-01
    1.81931108e-01 5.01439214e-01 9.84878600e-01 6.32717729e-01
    9.71153140e-01 5.82996070e-01 6.05367601e-01 3.29079270e-01
    8.26955497e-01 4.20365363e-01 4.58298177e-01 5.97722054e-01
    2.75195211e-01 8.03242326e-01 4.70902264e-01 1.57766253e-01
    4.00104463e-01 9.19258118e-01 1.04552358e-01 3.70676547e-01
    7.17172265e-01 3.38842958e-01 2.73889720e-01 1.72451854e-01
    1.61859095e-02 3.21465135e-02 4.78784859e-01 9.74414587e-01
    1.25861228e-01 2.47212529e-01 3.86941582e-01 5.80573797e-01
    4.99496549e-01 5.46180606e-01 5.67680597e-03 6.90032363e-01
    3.34739506e-01 9.44909573e-01 6.46180093e-01 5.38481534e-01
    9.59883869e-01 5.06249487e-01 8.65071535e-01 6.27599001e-01
    8.21706891e-01 4.19905186e-01 5.76804936e-01 6.45805538e-01
    1.12789094e-01 1.47915244e-01 1.85024768e-01 4.36648250e-01
    2.93260962e-01 7.67076135e-01 7.21650898e-01 7.83332705e-01
    3.37495059e-01 1.81038529e-01 2.65277147e-01 9.82458293e-02
    4.64421153e-01 3.60770643e-01 1.54158235e-01 8.72480631e-01
    7.56916523e-01 7.71246135e-01 8.01069975e-01 2.00251251e-01
    1.20149851e-02 1.05562389e-01 6.45590603e-01 6.70510113e-01
    3.64298820e-01 4.70039219e-01 6.87421620e-01 9.57395554e-01
    6.43894434e-01 4.63926524e-01 6.85174048e-01 6.28800869e-01
    6.88241303e-01 9.33917463e-01 8.51897955e-01 3.51495922e-01
    8.74303341e-01 6.74521565e-01 9.22461867e-01 8.03642273e-02
    8.97319794e-01 5.96113026e-01 3.92213047e-01 2.88487613e-01
    4.39699262e-01 5.83283424e-01 9.18687701e-01 4.01165724e-01
    3.25460494e-01 6.36544943e-01 5.91003835e-01 6.34685457e-01
    9.54318523e-01 6.85552657e-01 5.26358306e-01 6.94141865e-01
    1.51084810e-01 3.63509595e-01 2.78240442e-01 5.94716072e-01
    7.05907643e-01 9.07525659e-01 1.58411115e-01 8.72278571e-01
    1.31264657e-01 5.92008948e-01 4.19741660e-01 5.02744436e-01
    5.50535917e-02 3.84328783e-01 9.92600024e-01 7.70362258e-01
    2.35007524e-01 2.35583961e-01 5.45663536e-01 2.34255791e-01
    7.69614577e-01 8.50435257e-01 5.72622657e-01 8.84451628e-01
    1.69720948e-01 1.84375435e-01 2.30321169e-01 3.06257874e-01
    2.15833783e-02 2.49366760e-02 5.76313198e-01 9.79407966e-01
    9.04520869e-01 3.11485350e-01 3.99989724e-01 1.56884938e-01
    2.71514058e-03 7.00297654e-02 8.62789452e-02 5.30506551e-01
    4.59191561e-01 4.15420055e-01 1.71557218e-01 6.06227338e-01
    3.51845622e-01 2.42224753e-01 4.54506576e-02 7.96424150e-01
    1.15722299e-01 9.10753131e-01 2.58524805e-01 9.94395018e-01
    2.09354907e-01 1.08367145e-01 9.24262762e-01 3.93921405e-01
    9.71708655e-01 9.99432981e-01 5.52614272e-01 6.92633748e-01
    3.67208004e-01 3.22804034e-01 8.01728964e-01 8.90883207e-01
    1.10239983e-01 9.42852139e-01 2.72488892e-01 5.16640186e-01
    5.24284601e-01 8.32085967e-01 5.96791208e-01 8.22525501e-01
    9.34066534e-01 4.58122522e-01 3.99703085e-02 8.45371068e-01
    5.72400987e-02 6.78023398e-02 6.57042563e-01 1.05855525e-01
    9.60022211e-01 2.05149293e-01 8.93604338e-01 7.85209835e-02
    6.56142592e-01 4.07066435e-01 3.74454379e-01 7.65049398e-01
    8.52782428e-01 8.81023645e-01 7.28337288e-01 2.94721127e-03
    4.94419426e-01 4.49938089e-01 8.61788988e-02 5.04618406e-01
    3.07257921e-01 5.79382777e-02 1.70251697e-01 4.83472556e-01
    8.27218652e-01 7.13722527e-01 9.96183395e-01 5.21634579e-01
    2.39095986e-02 3.64062995e-01 9.21425760e-01 4.50200796e-01
    5.16982555e-01 2.71315575e-01 7.57645845e-01 6.90235496e-02
    8.42825711e-01 8.48798811e-01 4.37291145e-01 4.46736813e-04
    9.66534257e-01 5.30300438e-02 5.86910367e-01 1.75535679e-03
    2.77986884e-01 3.55681956e-01 7.65959501e-01 8.49253237e-01
    7.98183322e-01 3.71037155e-01 5.50589561e-01 2.52740920e-01
    7.09852576e-01 6.43034935e-01 5.79238772e-01 5.31748176e-01
    3.13084304e-01 7.76523948e-01 6.23658061e-01 7.78839588e-02
    9.64881182e-01 6.60985649e-01 8.23388159e-01 6.15278602e-01
    4.90983814e-01 3.35789323e-02 3.81083548e-01 5.99910617e-01
    8.20699871e-01 5.00160456e-01 3.31938654e-01 6.50677800e-01
    5.77545524e-01 6.66125774e-01 2.15811253e-01 5.39666951e-01
    5.77004135e-01 1.09662682e-01 9.14820373e-01 7.40604401e-02
    2.47250348e-01 7.73167729e-01 7.23546565e-01 4.42140996e-02
    7.22419500e-01 5.27111828e-01 7.68174291e-01 3.35788488e-01
    9.25983846e-01 2.69755006e-01 2.99803942e-01 1.57167137e-01
    1.59657121e-01 6.57567799e-01 2.74258554e-01 9.33600545e-01
    3.91759872e-01 4.29111123e-02 4.20337856e-01 5.79718947e-01
    8.95596445e-01 1.97754651e-01 2.55176902e-01 2.20257103e-01
    7.47983992e-01 4.39532012e-01 4.31694508e-01 6.23760223e-02
    4.34777498e-01 7.56013453e-01 4.64003354e-01 9.27084208e-01
    9.55889523e-02 7.21143782e-01 5.40746331e-01 4.61509198e-01
    1.12485975e-01 1.70746446e-02 8.87176752e-01 4.63828027e-01
    8.75681520e-01 1.76689088e-01 4.99012798e-01 2.91128993e-01
    2.48188734e-01 9.41803753e-01 1.60043508e-01 6.70386195e-01
    1.54349238e-01 8.34813833e-01 4.94340450e-01 5.44094622e-01
    1.18105441e-01 9.25300777e-01 1.92236006e-02 3.07348490e-01
    4.30648059e-01 5.24496198e-01 5.67970157e-01 6.92833841e-01
    9.56699431e-01 8.41127992e-01 7.52047420e-01 4.09971416e-01
    5.39120317e-01 7.75140524e-03 8.20970297e-01 8.54755223e-01
    6.21334374e-01 2.70801157e-01 4.18316782e-01 3.42622399e-01
    3.63376886e-01 4.75016296e-01 3.16875577e-01 9.46224749e-01
    2.18139231e-01 1.25438750e-01 4.90507007e-01 7.51797557e-01
    4.76682752e-01 1.73280030e-01 7.43740439e-01 4.28953171e-01
    9.35063124e-01 7.82562315e-01 5.86706758e-01 7.03242421e-02
    4.58392829e-01 6.06381357e-01 6.23592198e-01 3.39688957e-01
    5.92510104e-01 9.95210290e-01 9.13898945e-01 8.77847672e-01
    1.06432885e-01 5.09464979e-01 5.54295778e-01 7.52744079e-03
    6.70173764e-02 7.44282842e-01 7.75264800e-02 7.68240571e-01
    2.78998315e-02 3.36631954e-01 5.21580756e-01 1.59104645e-01
    5.66170454e-01 7.01252699e-01 3.16083312e-01 1.84100091e-01
    6.23011291e-01 1.65203780e-01 4.28750396e-01 5.67709386e-01
    3.32267463e-01 8.12009454e-01 8.57843399e-01 5.17144799e-01
    9.19876695e-01 8.33440125e-01 5.61895788e-01 8.69141281e-01
    8.00703168e-02 2.97198564e-01 2.15378553e-01 9.66873050e-01
    2.22118199e-01 8.97853732e-01 9.32946444e-01 7.75565267e-01
    1.38146073e-01 7.41176486e-01 5.11842728e-01 4.14480358e-01
    8.20502937e-01 9.90607142e-01 4.64057684e-01 2.88650095e-02
    4.79262710e-01 6.87803268e-01 8.05565000e-01 7.28376269e-01
    1.32627606e-01 8.26898575e-01 2.46970028e-01 8.65637958e-01
    4.25394624e-01 9.62867141e-01 5.45961559e-01 5.70001483e-01
    9.13206220e-01 4.33865994e-01 1.42030835e-01 9.74649668e-01
    7.48303592e-01 4.95129466e-01 5.54902852e-01 5.47378480e-01
    3.91728938e-01 7.07165599e-01 3.53598714e-01 2.91047424e-01
    7.44306684e-01 9.44418073e-01 4.17931587e-01 9.40930486e-01
    2.71278322e-01 8.38942885e-01 3.15285802e-01 7.87132442e-01
    4.85480160e-01 6.19282365e-01 8.60804439e-01 4.56086755e-01
    1.45777762e-01 6.41427338e-01 6.96338773e-01 8.84195387e-01
    7.47763991e-01 2.95901120e-01 6.97792530e-01 8.77187550e-01
    9.44415629e-01 1.52722508e-01 4.96758968e-01 9.41066444e-02
    7.97643185e-01 5.74016988e-01 1.45076603e-01 7.51938939e-01
    5.46866238e-01 1.50243700e-01 6.86968565e-01 1.45023316e-01
    2.89982855e-01 1.32983774e-01 9.35641289e-01 9.92518008e-01
    1.16021335e-01 6.05565548e-01 8.21579099e-02 9.93774831e-02
    6.16894960e-01 9.47362125e-01 6.41483903e-01 7.85208225e-01
    5.20755768e-01 2.81780511e-01 5.04022062e-01 2.42203802e-01
    7.06299067e-01 9.25286770e-01 1.93797648e-01 3.78994197e-01
    5.75522721e-01 1.91338241e-01 4.53888655e-01 7.43933916e-01
    1.88528985e-01 1.99778050e-01 4.09651935e-01 3.54428351e-01
    1.14575058e-01 9.17535484e-01 8.90062213e-01 8.02583992e-01
    3.96104038e-01 8.06450844e-01 3.52521062e-01 9.64086473e-01
    5.47723055e-01 4.64040220e-01 2.61781484e-01 2.02018887e-01
    2.48618990e-01 5.25618911e-01 3.39829504e-01 1.07751578e-01
    6.66900158e-01 3.12857151e-01 5.86549342e-01 9.33725357e-01
    8.98800492e-02 2.15440899e-01 3.06385398e-01 3.32684100e-01
    4.97005850e-01 9.39904571e-01 9.61617589e-01 7.05950618e-01
    1.52561814e-01 9.95739520e-01 3.04878891e-01 6.01288140e-01
    1.47179365e-01 8.19334626e-01 8.24142337e-01 5.28097689e-01
    9.81747448e-01 3.53355229e-01 5.13650835e-01 4.70834017e-01
    2.49462694e-01 9.67032552e-01 8.19783807e-01 2.32407540e-01
    2.67021000e-01 5.67480981e-01 7.46213794e-01 2.50538409e-01
    1.27630115e-01 2.32645720e-01 1.76018566e-01 7.17263877e-01
    4.45031971e-01 8.35814178e-02 6.10236406e-01 6.65757656e-01
    4.32917416e-01 4.85025704e-01 6.24376833e-01 2.37537473e-01
    8.71176243e-01 7.76106119e-03 7.10552752e-01 6.01059198e-01
    3.16444337e-02 4.35694575e-01 7.08664775e-01 4.92123932e-01
    8.26069593e-01 5.73267460e-01 4.52683389e-01 9.29547310e-01
    5.98761678e-01 5.83131611e-01 3.28229129e-01 2.74990380e-01
    3.45951855e-01 2.22482055e-01 4.36858267e-01 4.34574962e-01
    3.94754618e-01 8.88470948e-01 1.74711943e-02 4.39359456e-01
    3.92119169e-01 2.46836394e-01 6.77084327e-01 8.88487399e-02
    2.99123347e-01 6.75485969e-01 4.56295907e-01 8.10561776e-01
    5.43709695e-01 8.76403928e-01 5.02893746e-01 2.92081714e-01
    9.10501361e-01 5.78452766e-01 6.23090506e-01 3.11786473e-01
    4.82948452e-01 1.69011831e-01 8.26101065e-01 7.57774711e-01
    4.43752915e-01 2.22138464e-01 3.63616318e-01 4.71854746e-01
    2.46833146e-01 5.33147573e-01 9.25026178e-01 7.08957136e-01
    1.93779826e-01 4.44823205e-02 8.25387478e-01 9.73243713e-01
    7.23327637e-01 6.30437374e-01 5.12280762e-01 4.69462931e-01
    4.68630582e-01 9.89821792e-01 3.11070681e-01 9.28579807e-01
    1.20304525e-01 2.85018146e-01 3.83928120e-02 2.93264776e-01
    6.50890112e-01 7.78806090e-01 6.75473392e-01 2.86467463e-01
    5.51086426e-01 2.97246397e-01 9.51157272e-01 4.38573182e-01
    9.54718232e-01 6.63072824e-01 4.38834727e-02 6.85557902e-01
    3.43218088e-01 6.13855302e-01 4.99321729e-01 4.74887520e-01
    7.09485948e-01 2.66270041e-01 6.98741436e-01 2.31651306e-01
    1.15877807e-01 3.03874254e-01 2.78189361e-01 8.85188758e-01
    4.71733660e-01 1.07183486e-01 4.78868902e-01 7.17275262e-01
    4.55218792e-01 1.09196961e-01 5.90229630e-01 8.30987573e-01
    6.79966390e-01 7.37516940e-01 8.97716761e-01 5.21999598e-03
    9.61835384e-01 2.45289356e-01 3.72109473e-01 5.82447648e-03
    4.16110307e-01 8.19737732e-01 2.09349364e-01 2.74462849e-01
    8.92431796e-01 5.95287561e-01 7.31591463e-01 1.76572800e-01
    1.29915416e-01 7.67295718e-01 4.34430242e-02 9.87260342e-01
    4.20469761e-01 8.37601423e-01 2.87217736e-01 1.18572712e-02
    2.37798721e-01 1.06480926e-01 5.18966794e-01 1.93188429e-01
    1.85004592e-01 2.40974635e-01 4.37321365e-02 2.98564136e-02
    5.14682949e-01 6.21488869e-01 7.64811039e-03 4.08429682e-01
    2.96823651e-01 7.95729160e-01 8.02388549e-01 7.08100319e-01
    7.21181035e-01 7.21810162e-02 7.05487847e-01 5.83610356e-01
    6.50389075e-01 7.24632084e-01 2.73843199e-01 8.35972369e-01
    9.73496795e-01 6.37647867e-01 5.10704637e-01 9.68822122e-01
    3.14029157e-01 9.32125568e-01 5.27604997e-01 2.65350521e-01
    2.13797987e-02 8.38267744e-01 8.76130104e-01 6.83657825e-01
    3.92159104e-01 8.04358840e-01 2.05742836e-01 2.43497401e-01
    5.20076156e-01 3.84288907e-01 6.73351169e-01 9.30412769e-01
    6.08889699e-01 8.61415863e-01 1.00531816e-01 9.47242737e-01
    9.72023964e-01 1.57628775e-01 6.02163911e-01 5.18398166e-01
    2.45931447e-01 8.49020183e-02 8.97885799e-01 4.61592257e-01
    5.86511135e-01 3.33558112e-01 3.43708843e-01 8.96385550e-01
    4.02043670e-01 7.64576316e-01 3.34756196e-01 8.64065409e-01
    3.12761456e-01 8.54962230e-01 4.53571469e-01 2.42158800e-01
    8.36090207e-01 8.76724720e-04 2.72654474e-01 2.98372477e-01
    7.39009142e-01 9.57284212e-01 1.69178665e-01 6.64815843e-01
    6.91997647e-01 4.64446813e-01 4.46196198e-02 8.69856536e-01
    3.24580848e-01 5.87508678e-02 4.80054498e-01 2.05318183e-01
    7.45633483e-01 3.99089098e-01 6.92141950e-01 6.84665918e-01
    1.71009004e-02 5.84430099e-02 2.73288548e-01 1.93460941e-01
    7.84024060e-01 6.47227883e-01 4.25180286e-01 2.11531013e-01
    8.51292074e-01 7.82793760e-02 9.19434190e-01 4.28187013e-01
    8.43439698e-01 5.01961470e-01 4.75486815e-02 9.19458449e-01
    5.58161139e-02 7.61481345e-01 2.94177741e-01 6.94300234e-02
    5.42450964e-01 3.26220810e-01 8.28155935e-01 8.87601376e-02
    1.37239933e-01 9.49516535e-01 8.87471139e-01 8.36054623e-01
    4.14809585e-01 2.66787738e-01 2.27516830e-01 3.98165852e-01
    4.57682163e-01 8.21131825e-01 7.24478245e-01 4.02616143e-01
    7.50055194e-01 4.59641159e-01 3.44198346e-01 8.37160707e-01
    9.68562126e-01 9.15522397e-01 9.85594153e-01 5.00261664e-01
    6.20908439e-01 3.29974860e-01 6.24121130e-01 7.08459735e-01
    3.65331352e-01 1.93631023e-01 2.01403141e-01 4.81793940e-01
    9.86730695e-01 5.06017864e-01 4.57280219e-01 2.00960606e-01
    1.83743954e-01 9.18284535e-01 8.83294821e-01 5.06546378e-01
    2.22934186e-02 2.08999097e-01 1.19476497e-01 5.25927722e-01
    7.78707504e-01 1.76846683e-02 7.05479383e-01 3.37904990e-01
    1.89058751e-01 7.30963588e-01 6.03615642e-02 2.07962900e-01
    5.46726346e-01 1.00283325e-02 7.35736787e-01 6.54994547e-02
    7.56667852e-01 1.69158757e-01 7.70215988e-01 6.96123362e-01
    1.03502840e-01 4.17570978e-01 6.30242705e-01 5.70250034e-01
    5.67541778e-01 1.10797554e-01 3.96384329e-01 9.21258330e-01
    2.90968478e-01 8.56805801e-01 7.60522187e-01 6.42078519e-01
    3.96046937e-02 1.23377681e-01 2.33172208e-01 4.49593455e-01
    7.87252307e-01 5.18356919e-01 8.13572288e-01 3.27351809e-01
    1.83320314e-01 8.87058973e-01 9.35670555e-01 4.50545698e-01
    1.45518720e-01 2.10424781e-01 1.55062079e-01 5.59808552e-01
    7.03735948e-01 1.76757038e-01 9.36382055e-01 4.53185409e-01
    7.05546141e-01 5.64975679e-01 2.91759849e-01 4.77255583e-01
    9.24384892e-02 6.63530469e-01 4.41113025e-01 1.01140946e-01
    8.77386093e-01 4.12523210e-01 3.04835886e-01 6.32348180e-01
    5.82869411e-01 2.06450105e-01 4.10068244e-01 4.68790531e-05
    2.13995278e-01 1.42201841e-01 6.23942018e-01 5.95916510e-01
    1.64706409e-02 5.84153712e-01 2.42628455e-01 8.91835988e-02
    4.05045182e-01 5.95484853e-01 2.56029189e-01 3.50280792e-01
    3.14136207e-01 7.25335360e-01 8.04833531e-01 1.58630490e-01
    8.41179669e-01 5.30520737e-01 4.52320933e-01 3.25430453e-01
    2.88927883e-01 1.87890440e-01 8.63052607e-01 2.59098768e-01
    9.59336162e-01 2.08611816e-01 4.87420470e-01 6.16625309e-01
    8.53287935e-01 9.79643643e-01 3.23607624e-01 2.08756685e-01
    8.56510520e-01 1.95218027e-02 6.88527226e-02 4.02376205e-01
    6.22754872e-01 3.63337874e-01 9.90707517e-01 8.96651506e-01
    9.96893764e-01 4.99589741e-01 5.66118181e-01 3.96011353e-01
    3.38108301e-01 3.79321277e-01 7.52546489e-01 6.44943118e-03
    4.48958576e-02 2.84722865e-01 9.37256932e-01 5.09820580e-02
    5.83344102e-01 4.17225957e-01 1.66649282e-01 9.89415288e-01
    1.72671735e-01 8.52886200e-01 6.02817416e-01 2.64557540e-01
    6.24733984e-01 7.02985764e-01 3.96416217e-01 5.09928405e-01
    4.47966367e-01 7.84515083e-01 6.92016721e-01 4.50716853e-01
    2.80349255e-02 3.78129184e-01 3.51204097e-01 5.02357304e-01
    5.64801693e-03 6.59993351e-01 1.59402877e-01 5.01659155e-01
    5.94407082e-01 1.28439963e-01 8.66292596e-01 9.34154987e-01
    5.78933477e-01 1.58124328e-01 9.91698444e-01 9.72607732e-02
    5.48662364e-01 9.60565567e-01 6.80287063e-01 7.94856548e-01
    6.24532998e-01 2.31378645e-01 9.20756996e-01 4.17323709e-02
    9.94676709e-01 4.86364722e-01 2.19677359e-01 5.82569599e-01
    8.72110724e-01 7.78864503e-01 6.05430782e-01 1.31694406e-01
    1.41756892e-01 7.49101937e-01 2.00559855e-01 5.42656660e-01
    1.21150315e-01 3.15754116e-02 9.30217505e-02 5.32468796e-01
    8.70824695e-01 4.33142483e-01 4.25584137e-01 2.58368462e-01
    2.68739402e-01 8.33854198e-01 7.38013148e-01 8.09858203e-01
    5.75923622e-02 4.36007977e-02 3.75615716e-01 7.47083426e-01
    8.28912258e-01 6.29506469e-01 2.77376264e-01 6.49227977e-01
    4.72600102e-01 7.62664080e-01 3.50314349e-01 6.31651700e-01
    8.97280276e-02 6.20031655e-01 3.01431060e-01 7.71288037e-01
    6.69267178e-01 3.87802958e-01 5.86126626e-01 9.31416035e-01
    3.01945388e-01 9.29040968e-01 1.97811395e-01 5.53962350e-01
    9.69863534e-01 8.45727801e-01 1.48576885e-01 8.88269007e-01
    7.61554241e-02 7.69644260e-01 3.65785807e-01 1.45974398e-01
    7.63237476e-03 6.99399590e-01 9.41121876e-02 5.36884427e-01
    4.88743573e-01 7.55188346e-01 6.75187111e-01 3.48019660e-01
    3.69964063e-01 5.68693697e-01 1.63106948e-01 8.80973041e-01
    8.92001688e-02 8.60242963e-01 6.84304595e-01 2.90990531e-01
    9.99938488e-01 7.11549520e-02 5.49163103e-01 5.19480824e-01
    9.95304585e-01 8.89919758e-01 1.33079559e-01 5.45296967e-02
    7.31623232e-01 3.86714339e-01 9.35918331e-01 8.35238099e-01
    5.55647969e-01 4.59414899e-01 2.29310989e-03 6.21062279e-01
    1.28151238e-01 1.92192167e-01 1.81866437e-01 9.93960977e-01
    4.39047873e-01 4.69269961e-01 5.34942925e-01 6.75875425e-01
    4.77928847e-01 9.24091578e-01 1.77922666e-01 7.07127154e-01
    1.84404850e-02 1.18962795e-01 1.45759284e-01 5.26690125e-01
    6.48774981e-01 7.65875041e-01 2.77233481e-01 5.83872736e-01
    7.97152519e-01 1.27595782e-01 4.77360517e-01 6.61427617e-01
    8.86545360e-01 4.53527451e-01 2.15060115e-02 5.96807122e-01
    4.22902465e-01 1.46827817e-01 8.92281234e-02 1.53927684e-01
    8.11918676e-01 4.29123342e-01 1.84564620e-01 9.26456630e-01
    7.61640906e-01 9.74943757e-01 7.02949405e-01 5.46245217e-01
    1.81457102e-01 9.39802051e-01 7.19859719e-01 9.04116035e-01
    8.67950082e-01 4.21690345e-01 4.48946416e-01 1.85199767e-01
    3.02399874e-01 4.04600948e-01 5.84128261e-01 1.33946896e-01
    6.00634634e-01 1.18107855e-01 3.09621990e-01 3.75000596e-01
    7.23801374e-01 9.27740395e-01 3.82006049e-01 4.06125516e-01
    9.61713910e-01 2.89014101e-01 5.56695163e-02 5.61394155e-01
    2.40577877e-01 6.83179498e-01 5.32016695e-01 5.68082869e-01
    1.68054700e-01 4.13868845e-01 9.12098110e-01 7.85990357e-01
    2.84174860e-01 8.44075084e-01 8.29246283e-01 4.50533956e-01
    8.09229136e-01 3.73641372e-01 7.65400767e-01 2.41007239e-01
    1.69603437e-01 5.58639526e-01 4.79592979e-02 4.21536267e-01
    2.03276873e-01 5.95546365e-01 7.38774359e-01 9.88727093e-01
    8.47577810e-01 9.39471722e-01 7.78526068e-02 9.10455585e-01
    7.26908088e-01 1.98532462e-01 2.13938504e-01 9.72701609e-02
    4.59126592e-01 1.43739283e-02 7.84722209e-01 1.22771204e-01
    2.13136911e-01 5.02759874e-01 5.87376177e-01 2.89647728e-01
    6.76231682e-01 7.20034897e-01 3.57519329e-01 3.47829282e-01
    3.61064672e-01 9.91870463e-01 6.43524528e-02 7.65304685e-01
    7.71596193e-01 7.81858683e-01 7.27448821e-01 8.61558199e-01
    1.43063962e-02 3.35523784e-02 1.55919135e-01 6.28264844e-02
    6.24249756e-01 4.17524815e-01 6.68669403e-01 3.63644242e-01
    1.50720298e-01 3.60607922e-01 4.94723201e-01 2.90183127e-01
    6.36759639e-01 6.70809567e-01 5.33729136e-01 9.76891637e-01
    8.13882589e-01 6.83659077e-01 1.39160246e-01 3.76672000e-01
    3.47865641e-01 8.45297098e-01 6.58096373e-01 1.53549492e-01
    7.05061674e-01 9.50556815e-01 8.26338708e-01 5.01333714e-01
    2.27182597e-01 2.41326958e-01 4.37329024e-01 1.86950296e-01
    3.52131665e-01 7.58766472e-01 3.37410510e-01 4.73994195e-01
    1.80038959e-01 2.44724751e-01 9.02733088e-01 1.48342639e-01
    8.88317287e-01 9.01927948e-02 2.94767588e-01 6.57317340e-01
    9.69209671e-01 2.96182811e-01 2.75299102e-01 5.41200280e-01
    5.84620833e-02 1.37702227e-02 1.35614812e-01 6.86468363e-01
    8.32222402e-02 7.96632767e-02 9.13310528e-01 6.02849364e-01
    5.58228374e-01 4.86357421e-01 6.48537755e-01 1.41206384e-01
    3.39875728e-01 8.45483184e-01 6.67290986e-02 7.71846056e-01
    3.75124514e-02 1.84422433e-01 8.24492455e-01 2.86757171e-01
    8.75367224e-01 1.13452196e-01 6.41995192e-01 4.84075248e-02
    6.43127203e-01 9.84710336e-01 5.05411208e-01 9.70585346e-01
    5.04095376e-01 9.81736898e-01 8.03489566e-01 5.28282404e-01
    2.28944689e-01 2.73639828e-01 1.33474916e-01 5.79726338e-01
    7.88418055e-02 5.10126948e-01 1.26134336e-01 1.41910911e-01
    8.26820135e-01 5.91536939e-01 4.31637883e-01 2.27322340e-01
    4.49748933e-02 6.66902363e-02 2.24030733e-01 9.26148176e-01
    3.80975068e-01 1.86469793e-01 4.90206182e-02 8.23816001e-01
    2.99342066e-01 4.88759339e-01 2.87562430e-01 2.67599165e-01
    7.21580267e-01 4.05910790e-01 5.37044466e-01 9.39537942e-01
    1.59187317e-02 2.80418605e-01 5.79449415e-01 2.46346086e-01
    1.06009841e-03 7.89890766e-01 7.49206662e-01 4.49036390e-01
    1.40695423e-01 3.11916679e-01 3.02554369e-01 1.38523877e-01
    9.38547254e-01 7.33081996e-01 4.59010541e-01 2.10951746e-01
    3.54205251e-01 1.64783061e-01 3.55579019e-01 9.20608282e-01
    2.63978541e-01 6.09415054e-01 6.02663577e-01 2.26107240e-02
    6.31816387e-02 9.99915302e-01 3.82502437e-01 5.58552265e-01
    9.44440842e-01 4.00943816e-01 2.44599611e-01 5.73817611e-01
    8.58032703e-01 2.85862297e-01 3.70268971e-01 1.18275285e-02
    5.23197949e-01 1.67577386e-01 5.48438489e-01 8.73753786e-01
    5.83650827e-01 9.35328007e-01 6.83389008e-01 2.43798792e-02
    5.78343987e-01 3.38981897e-01 6.39552355e-01 6.64555728e-02
    6.78358674e-01 2.88822651e-01 8.08190167e-01 6.66900396e-01
    1.14515126e-02 4.59803283e-01 5.97326458e-01 2.58944154e-01
    3.53141367e-01 4.98301506e-01 6.37423456e-01 1.79259896e-01
    7.17097700e-01 8.20698023e-01 6.66835308e-01 9.45792437e-01
    4.06804383e-01 1.79226786e-01 6.17128611e-01 9.07470226e-01
    6.75899506e-01 2.49987543e-02 2.72416055e-01 5.06219566e-01
    7.49983013e-01 1.97689176e-01 5.12926221e-01 7.61681437e-01
    9.13694799e-01 6.91223025e-01 4.93863225e-01 5.31063616e-01
    4.85254288e-01 3.14878911e-01 3.20266962e-01 2.63235211e-01
    2.03615010e-01 8.62081885e-01 8.14157963e-01 6.62690759e-01
    3.56310010e-02 6.97689533e-01 2.75553793e-01 6.12122238e-01
    4.14274931e-02 7.12797344e-01 7.26203203e-01 5.29037714e-01
    5.31584859e-01 3.69882941e-01 5.17417908e-01 4.55169201e-01
    4.53150243e-01 3.33672464e-01 6.70476675e-01 4.25982088e-01
    2.57675111e-01 4.28315520e-01 8.26048017e-01 3.39313805e-01
    6.66673720e-01 7.95292139e-01 2.05283433e-01 4.86317903e-01
    4.75963533e-01 5.24294138e-01 6.53701484e-01 1.48336142e-01
    4.15623367e-01 8.77285361e-01 8.08844090e-01 5.55537820e-01
    7.99944878e-01 9.54132438e-01 1.87164515e-01 8.66664410e-01
    7.62859702e-01 3.34908664e-02 8.16017091e-02 2.90762365e-01
    7.33087122e-01 9.32509899e-02 5.94288528e-01 6.97692394e-01
    7.34618247e-01 4.19806421e-01 3.62338573e-01 9.06623244e-01
    4.78399217e-01 9.70360398e-01 5.35573542e-01 6.98531032e-01
    5.36781669e-01 4.45491731e-01 6.59392953e-01 5.49947619e-01
    8.26878905e-01 6.41856968e-01 9.70943570e-01 8.33104253e-01
    5.97690701e-01 4.32060808e-01 2.95356095e-01 1.38421685e-01
    5.32647967e-01 5.78771591e-01 3.63868535e-01 3.15840006e-01
    9.22817051e-01 3.92234683e-01 2.71250010e-01 1.19798928e-01
    7.94714093e-01 6.22186959e-02 5.97556949e-01 2.09721923e-01
    3.20842862e-01 9.51509774e-02 6.39117897e-01 1.84149325e-01
    5.19198954e-01 8.99156272e-01 3.88365984e-02 7.62158632e-03
    3.54380429e-01 7.16143250e-02 2.13292867e-01 7.98074245e-01
    6.10303760e-01 7.88164020e-01 4.06495541e-01 4.26636636e-01
    1.38193071e-01 4.56297815e-01 1.22718036e-01 6.06432855e-02
    1.38576627e-02 4.17724550e-02 2.05621451e-01 8.32531571e-01
    3.56897116e-01 7.11348772e-01 3.99114132e-01 9.23522890e-01
    3.29519212e-02 6.35557890e-01 8.16363931e-01 3.90333474e-01
    5.55345058e-01 2.14352608e-01 5.58316529e-01 4.40505028e-01
    4.86352563e-01 5.67222059e-01 7.88225174e-01 4.34357464e-01
    1.09765828e-02 9.55206335e-01 9.94759798e-02 1.76469713e-01
    5.88984609e-01 2.59471953e-01 6.13814533e-01 1.76110327e-01
    3.03014576e-01 5.82409263e-01 8.96233141e-01 1.46227062e-01
    9.99672294e-01 7.05708623e-01 9.14637208e-01 2.77470767e-01
    9.56972063e-01 6.79294884e-01 3.43473077e-01 8.61827254e-01
    4.47232217e-01 5.86033046e-01 8.87190819e-01 1.21892869e-01
    3.93741608e-01 9.58809912e-01 5.35755455e-01 2.57891476e-01
    7.97037244e-01 7.26159453e-01 1.43230021e-01 2.16082215e-01
    7.04679906e-01 7.39329696e-01 7.88430989e-01 6.11484170e-01
    2.89000601e-01 8.15885484e-01 1.64478362e-01 5.61498761e-01
    4.08950448e-01 9.45176303e-01 6.62858069e-01 6.72342896e-01
    3.50209266e-01 6.22834027e-01 3.79582345e-02 3.02091718e-01
    7.82085419e-01 3.06189209e-01 2.85434812e-01 7.09491551e-01
    7.82716036e-01 9.14230227e-01 7.65334964e-01 1.98698997e-01
    4.21535075e-01 6.07996345e-01 7.47236729e-01 5.03223717e-01
    7.88791060e-01 6.19038463e-01 1.95667595e-01 4.02599394e-01
    9.03860927e-01 8.42660546e-01 4.23194736e-01 5.18191159e-01
    9.28354919e-01 3.53884757e-01 1.23829007e-01 1.92762703e-01
    7.68554330e-01 5.63806713e-01 1.45238131e-01 8.41676712e-01
    7.50924349e-01 5.79482198e-01 8.86002779e-01 3.65491033e-01
    2.12305933e-01 4.51333553e-01 8.90822530e-01 9.84484196e-01
    6.58293664e-02 2.49775767e-01 4.83438700e-01 1.73865348e-01
    3.81805629e-01 4.21477556e-02 9.71825540e-01 3.37456644e-01
    6.61291480e-01 4.92344916e-01 5.34616172e-01 9.32815194e-01
    4.37450856e-01 5.08475065e-01 4.36843932e-02 3.81637394e-01
    4.73515481e-01 7.95620322e-01 2.67547071e-02 3.76572669e-01
    4.22823370e-01 5.93124330e-02 6.28440857e-01 9.40345407e-01
    1.06729269e-02 7.18207836e-01 8.70637894e-02 4.34878826e-01
    5.87932706e-01 9.00079727e-01 6.40234709e-01 3.12009931e-01
    6.81078911e-01 6.90768242e-01 1.37922972e-01 8.10989976e-01
    6.31371617e-01 1.34904623e-01 3.75691026e-01 7.76681066e-01
    4.12881076e-02 8.46823812e-01 6.03918910e-01 3.32231969e-01
    1.85717732e-01 5.72880030e-01 7.62836635e-01 8.07021379e-01
    9.32294607e-01 7.58442402e-01 6.08566523e-01 2.41092265e-01
    4.23025787e-02 6.55494452e-01 4.30350274e-01 5.84090352e-01
    1.66014820e-01 6.42631054e-01 2.79951453e-01 9.17039394e-01
    1.75067216e-01 4.78530645e-01 6.84150219e-01 1.07164174e-01
    9.46036398e-01 7.03548789e-01 2.83674628e-01 5.56419075e-01
    6.82024956e-02 3.76479715e-01 2.63841331e-01 2.16931134e-01
    3.34701538e-01 2.18684912e-01 2.32764751e-01 3.49291861e-02
    2.18834460e-01 6.67455077e-01 7.16998577e-01 4.10594255e-01
    3.96981418e-01 7.45471001e-01 6.81895018e-03 4.27748084e-01
    3.53227854e-01 1.79061800e-01 4.37558353e-01 2.11304933e-01
    5.76527476e-01 8.46671462e-02 3.19121689e-01 1.61159545e-01
    8.59221458e-01 5.72052062e-01 1.45335883e-01 6.50607407e-01
    8.79605412e-01 4.77300823e-01 4.74856257e-01 6.06011927e-01
    6.21251106e-01 8.83858204e-01 8.24913919e-01 1.74071997e-01
    6.12931788e-01 7.91202426e-01 8.65557313e-01 2.74066389e-01
    8.96242261e-03 3.38408589e-01 7.72259235e-01 7.53813148e-01
    8.47615540e-01 6.24640703e-01 4.18315530e-02 6.00392342e-01
    8.19425941e-01 1.37525678e-01 4.16605473e-02 6.28917217e-01
    3.91780436e-01 2.63351798e-01 6.21230781e-01 3.91494334e-01
    7.51392722e-01 3.54041159e-02 2.45786637e-01 5.73073089e-01
    1.15064174e-01 7.31645584e-01 9.90443110e-01 1.15763456e-01
    8.89229774e-03 6.96627855e-01 4.90015388e-01 2.09339112e-01
    2.75822848e-01 7.06914365e-01 9.81949985e-01 8.28534126e-01
    7.89667964e-02 4.02305454e-01 6.05672300e-01 9.71013129e-01
    9.35375452e-01 3.07750106e-02 1.30613446e-01 5.98213494e-01
    8.86342287e-01 8.91620636e-01 6.52448535e-01 6.03216529e-01
    3.70160788e-01 3.70799720e-01 8.63047302e-01 5.21426082e-01
    5.32374740e-01 9.84903455e-01 6.44113421e-01 8.89754891e-01
    2.77909249e-01 5.60575783e-01 5.39745510e-01 2.56009310e-01
    4.17145252e-01 3.82126868e-01 1.82385743e-02 8.31337631e-01
    3.38878095e-01 7.11118937e-01 5.24039328e-01 7.35902309e-01
    5.59951246e-01 1.84689701e-01 8.04426014e-01 2.70003945e-01
    9.07531679e-02 9.96938050e-02 7.86584377e-01 2.43253767e-01
    9.99364614e-01 9.03888464e-01 3.61942172e-01 6.48935676e-01
    8.47612619e-01 6.62173212e-01 6.57238126e-01 5.58645844e-01
    3.40323031e-01 6.42008901e-01 3.38013619e-01 2.07200021e-01
    1.74250305e-01 6.35335386e-01 6.93394840e-02 4.93180752e-03
    1.70229077e-01 1.31540209e-01 5.90313733e-01 5.29428542e-01
    7.96163201e-01 4.76314634e-01 6.44637585e-01 9.82046962e-01
    9.80141878e-01 2.09998012e-01 5.37479758e-01 7.95310616e-01
    8.36873531e-01 2.58247167e-01 1.54861152e-01 3.54468763e-01
    9.22692537e-01 7.00398088e-01 4.98464972e-01 5.75206459e-01
    2.10409224e-01 2.79952228e-01 7.94966817e-02 8.04888606e-02
    7.59964943e-01 8.19798112e-01 8.47807407e-01 2.12202549e-01
    6.60209775e-01 4.14670140e-01 5.81519485e-01 4.20454890e-01
    6.10525608e-02 2.08865404e-01 9.30536747e-01 2.99266309e-01
    2.49061972e-01 2.42653430e-01 6.91081285e-01 7.04754770e-01
    4.95277733e-01 5.51157355e-01 2.37152278e-01 5.62231839e-01
    2.29815662e-01 8.26469898e-01 9.96267855e-01 8.18979800e-01
    9.23024774e-01 7.22211599e-01 2.47995168e-01 7.76176214e-01
    8.21187854e-01 6.91147208e-01 4.22361374e-01 6.95079029e-01
    5.07849395e-01 7.00324178e-01 9.73174453e-01 6.46157682e-01
    7.71254659e-01 3.15826297e-01 3.67388546e-01 3.15575600e-01
    6.70396090e-01 4.64822203e-01 1.98822379e-01 4.61090893e-01
    3.32194060e-01 7.82436013e-01 3.27838778e-01 4.51765358e-01
    8.67882490e-01 4.89282012e-02 3.60446215e-01 7.95822203e-01
    1.60117924e-01 2.38998741e-01 6.42425656e-01 2.22471654e-01
    8.80680919e-01 4.22848433e-01 9.99153852e-01 5.48887610e-01
    6.58116460e-01 1.59579188e-01 1.28644288e-01 4.46436018e-01
    1.86886013e-01 6.83736086e-01 7.64535308e-01 3.74161303e-01
    3.35246503e-01 5.86752892e-01 4.63159293e-01 1.87428951e-01
    6.78012133e-01 4.35179532e-01 8.11896682e-01 6.24126196e-02
    2.57542253e-01 8.00892830e-01 3.84455919e-03 8.33584309e-01
    4.78602856e-01 9.93314147e-01 8.11892986e-01 5.26018262e-01
    9.57111299e-01 4.47983474e-01 7.94920981e-01 6.69227600e-01
    3.09193254e-01 4.01716799e-01 9.66805696e-01 1.89917535e-01
    5.00061214e-01 2.49349087e-01 1.20206952e-01 3.88543010e-01
    9.25280571e-01 9.18761134e-01 7.51173913e-01 3.78896952e-01
    6.92940235e-01 7.17933714e-01 8.34405303e-01 1.36781037e-01
    1.21688128e-01 9.29682314e-01 7.36973464e-01 4.75785583e-01
    1.18773550e-01 2.32843250e-01 2.14812785e-01 2.43783593e-01
    1.61854118e-01 4.59278405e-01 8.19034934e-01 2.28250176e-01
    8.24579716e-01 9.44059312e-01 1.60814553e-01 6.30518019e-01
    5.26851416e-03 2.52502799e-01 3.00697774e-01 8.00550818e-01
    5.30659735e-01 3.43846738e-01 4.34411556e-01 1.90713555e-01
    9.62095618e-01 4.69783604e-01 4.98245358e-02 5.50735891e-01
    1.14275396e-01 1.21849090e-01 7.78384566e-01 3.99621308e-01
    1.34402126e-01 3.23615193e-01 2.01007009e-01 2.98449695e-01
    2.60068297e-01 9.51539338e-01 1.88964009e-01 9.69901264e-01
    1.32206500e-01 4.89093363e-01 9.17701602e-01 4.16456819e-01
    9.73106861e-01 9.89911854e-02 7.84028411e-01 1.73200428e-01
    4.86477613e-01 6.31149411e-01 2.21185386e-02 3.72192264e-02
    6.66927814e-01 6.99281096e-02 7.71882653e-01 9.47597027e-01
    1.73648119e-01 6.47588253e-01 7.33785987e-01 5.15983284e-01
    5.70854247e-01 1.86022073e-01 5.61761618e-01 7.31136084e-01
    2.90706635e-01 3.08553755e-01 4.52697217e-01 8.75870585e-02
    2.35852987e-01 2.40267307e-01 3.94558609e-02 7.04576373e-02
    4.61972654e-01 3.01861823e-01 3.90881032e-01 1.03404254e-01
    5.81622541e-01 7.68553317e-02 1.25013024e-01 1.99759930e-01
    2.57846475e-01 7.09160388e-01 3.11527252e-02 3.48648548e-01
    5.90160012e-01 1.63415402e-01 7.70293176e-01 5.17342746e-01
    9.48037863e-01 8.87381494e-01 7.20224679e-02 7.21969962e-01
    7.21743464e-01 6.05219126e-01 6.47368073e-01 5.86384177e-01
    2.42817998e-02 2.63620108e-01 7.67099977e-01 8.27745974e-01
    9.44240689e-01 6.29803956e-01 4.87758487e-01 7.16944635e-02
    2.48176754e-01 4.13322359e-01 1.25153840e-01 7.94262648e-01
    7.27947056e-02 3.29067469e-01 5.28325140e-01 7.84839213e-01
    9.44255710e-01 4.36886400e-01 3.06863278e-01 4.18747544e-01
    8.49633574e-01 3.04972470e-01 5.95083356e-01 5.32861590e-01
    1.61250889e-01 8.84492874e-01 8.72516572e-01 1.00700736e-01
    6.40198588e-01 6.37639403e-01 1.13768041e-01 8.05296302e-01
    5.72857141e-01 8.26432467e-01 7.67094135e-01 5.60466468e-01
    1.50206566e-01 1.41438544e-01 8.84970129e-01 5.77682197e-01
    7.81408250e-02 8.54103804e-01 7.93370545e-01 9.38042700e-01
    4.21006620e-01 9.38189507e-01 4.83652353e-01 5.92744887e-01
    7.87225664e-01 8.86905074e-01 3.57347131e-01 6.94374204e-01
    3.94287705e-03 3.35044146e-01 9.40660596e-01 9.15818632e-01
    5.25604427e-01 8.45093489e-01 9.18368578e-01 4.19633090e-02
    5.20834446e-01 6.74814939e-01 9.53554988e-01 5.42124629e-01
    3.09069157e-02 6.08880937e-01 7.42633462e-01 4.16317582e-03
    1.98021859e-01 6.45396590e-01 9.87033725e-01 6.05438352e-01
    9.59083617e-01 8.33894432e-01 6.94889188e-01 2.57491350e-01
    5.65231025e-01 6.60185337e-01 8.55543613e-02 9.71220374e-01
    7.48487413e-01 7.72403777e-02 4.81127650e-01 9.83930945e-01
    1.20689660e-01 6.93759501e-01 1.01301372e-01 5.81430972e-01
    6.99085295e-01 6.08260214e-01 4.98013556e-01 4.01729316e-01
    2.68082082e-01 5.67003548e-01 5.23647845e-01 1.13418251e-01
    8.65939498e-01 6.27250910e-01 2.03222483e-01 3.70975018e-01
    2.10197777e-01 4.92644131e-01 8.91748428e-01 8.04612875e-01
    7.76599884e-01 7.27757812e-03 8.66325974e-01 1.47674680e-01
    6.43332481e-01 6.79725230e-01 4.12740707e-01 1.39157563e-01
    3.04845005e-01 4.32517380e-01 3.93542051e-01 2.48986155e-01
    3.81892920e-01 1.27478629e-01 8.90972018e-01 3.88475239e-01
    7.50178397e-01 1.24262393e-01 3.18921506e-02 5.05265296e-02
    9.59147632e-01 4.35500115e-01 3.72919381e-01 2.54882514e-01
    4.98136640e-01 8.47832680e-01 2.20569611e-01 6.12881780e-02
    7.13452697e-02 9.68381763e-01 8.24079335e-01 6.25078201e-01
    9.21980917e-01 8.95298779e-01 3.53844523e-01 6.85876608e-01
    1.29965693e-01 5.38588762e-01 8.42741728e-01 7.32910573e-01
    5.59054971e-01 3.41592133e-01 6.50684357e-01 1.14277005e-03
    6.69302583e-01 4.16169614e-01 8.30065191e-01 6.70240760e-01
    1.29816711e-01 6.05198562e-01 3.47493052e-01 8.33350062e-01
    8.77077341e-01 8.85549545e-01 1.95682943e-01 9.96027291e-01
    4.19409484e-01 9.31485951e-01 9.44963574e-01 2.54130304e-01
    9.44844782e-02 2.80320823e-01 5.51873028e-01 2.65131593e-01
    7.90681839e-02 5.48822761e-01 4.34259444e-01 7.74153888e-01
    5.58004856e-01 4.98580396e-01 1.97355211e-01 6.09782040e-02
    3.16638261e-01 4.34342593e-01 8.03951621e-02 5.97181022e-01
    9.76502657e-01 2.80620217e-01 4.60036993e-01 2.63842285e-01
    1.35835052e-01 4.94203329e-01 6.13783896e-01 2.25629121e-01
    9.00339723e-01 7.36109257e-01 8.91485810e-02 7.50778556e-01
    5.75396001e-01 8.40210080e-01 2.62209773e-02 8.15847874e-01
    5.17505288e-01 8.50233555e-01 6.77208304e-01 8.43716979e-01
    3.91768217e-01 8.92989874e-01 3.04212570e-01 6.79818571e-01
    1.36284530e-02 6.57661080e-01 6.94321871e-01 7.12966323e-01
    2.89122343e-01 3.14327121e-01 9.27100182e-01 4.90940869e-01
    8.74010503e-01 6.30708575e-01 5.93439460e-01 6.34560645e-01
    7.82049298e-02 6.92257762e-01 1.70420408e-02 9.48241472e-01
    6.14472032e-01 8.15518796e-02 2.50742197e-01 8.31827879e-01
    4.81252372e-01 3.12915981e-01 1.58689916e-01 8.93867135e-01
    7.50707984e-01 4.66014057e-01 9.91929293e-01 1.61888123e-01
    6.84328079e-01 4.90092933e-02 8.08748007e-01 5.53241014e-01
    4.71625686e-01 9.75011110e-01 3.31116974e-01 7.21937001e-01
    2.89707899e-01 8.25164378e-01 4.87556070e-01 9.09481227e-01
    6.44950390e-01 7.71057248e-01 6.96574688e-01 8.48659039e-01
    5.97918630e-01 5.92698753e-01 4.62431759e-01 1.38957322e-01
    6.45946443e-01 4.81250495e-01 2.41590917e-01 8.67181420e-01
    8.20337772e-01 9.25900817e-01 3.98614705e-01 5.78933656e-02
    7.16779232e-01 7.83962369e-01 5.20165145e-01 5.84605038e-01
    8.08520913e-01 6.07515812e-01 7.21958101e-01 8.75448287e-01
    3.69744182e-01 8.50466013e-01 4.06605035e-01 9.12080050e-01
    3.60965490e-01 2.49821842e-01 4.41489071e-01 5.67146957e-01
    1.85754180e-01 5.74511528e-01 4.12642747e-01 8.25155139e-01
    6.21674657e-01 8.49799871e-01 3.23616952e-01 3.80115926e-01
    4.12890911e-01 3.27943474e-01 9.49632883e-01 3.38731527e-01
    9.94167209e-01 4.85676527e-03 6.97127223e-01 3.38457227e-01
    2.12023854e-01 3.00169647e-01 2.22224206e-01 1.61194831e-01
    2.55214214e-01 6.40422940e-01 4.77828681e-02 7.73175657e-01
    6.12326205e-01 4.00875956e-01 2.97501296e-01 7.17748344e-01
    6.10140502e-01 4.30087745e-01 3.59048367e-01 2.71203637e-01
    2.69257158e-01 7.56351948e-01 3.32970589e-01 7.14173198e-01
    2.30753481e-01 7.30449915e-01 8.73794794e-01 5.37661850e-01
    5.74024320e-01 3.47043395e-01 6.00045621e-01 2.20598251e-01
    1.28969610e-01 3.87754470e-01 2.43210167e-01 1.86083913e-01
    6.48999333e-01 6.37330353e-01 7.45462477e-01 9.83125448e-01
    7.58314431e-01 8.29498172e-02 1.98958457e-01 8.26494455e-01
    2.23189145e-01 7.85652637e-01 2.25469530e-01 6.19514346e-01
    1.03495777e-01 6.36696339e-01 8.10521483e-01 9.70289528e-01
    1.51169866e-01 1.43942595e-01 7.87033141e-02 7.78068900e-01
    6.23932660e-01 9.14588928e-01 6.11204922e-01 6.85567439e-01
    7.21465766e-01 3.72725725e-01 9.72804904e-01 6.59543037e-01
    2.61391044e-01 9.32126045e-02 2.25036651e-01 4.73378599e-01
    8.95822465e-01 2.85211444e-01 1.68343157e-01 6.95674598e-01
    8.94187391e-02 8.29663575e-01 5.23562133e-02 7.66570210e-01
    2.12768406e-01 9.46633816e-01 4.61685985e-01 9.62977290e-01
    3.66443098e-01 4.66109872e-01 7.94362485e-01 7.79686093e-01
    7.28202283e-01 3.49971801e-01 6.74026310e-02 6.81699693e-01
    1.56929493e-02 4.64834422e-01 4.44762528e-01 3.29902798e-01
    3.71450484e-01 5.96316814e-01 7.78094172e-01 1.40659809e-01
    6.85706735e-01 8.59413862e-01 2.61368215e-01 1.50833040e-01
    6.34501934e-01 5.82667887e-02 7.06779301e-01 6.06612623e-01
    9.65401888e-01 4.59327728e-01 7.34288692e-01 3.34219635e-01
    3.19416523e-01 2.43021280e-01 8.54689598e-01 2.58638859e-02
    7.63650835e-01 6.80203736e-01 4.51494336e-01 4.11029100e-01
    6.02781415e-01 6.15792215e-01 1.33316904e-01 7.20728159e-01
    5.68498373e-02 9.04832006e-01 6.39571786e-01 6.63492918e-01
    7.05332458e-01 9.51693296e-01 3.94347996e-01 9.54969525e-01
    1.28380090e-01 6.18546605e-01 3.52696866e-01 9.09019947e-01
    4.19137448e-01 4.44937110e-01 4.39238548e-03 8.91873360e-01
    8.53574872e-01 3.33987713e-01 8.83703649e-01 6.55415058e-01
    5.62930226e-01 1.85526520e-01 4.20630753e-01 7.50311553e-01
    8.50696683e-01 3.63582015e-01 5.55105448e-01 4.83336568e-01
    1.38941497e-01 1.99644834e-01 1.15212858e-01 4.15125787e-01
    8.08624804e-01 5.98004937e-01 9.00831997e-01 3.90125215e-02
    9.04816926e-01 5.23976266e-01 8.35213602e-01 3.25967014e-01
    6.59360826e-01 7.04424024e-01 7.92658627e-02 9.45370793e-01
    8.21248651e-01 9.88324463e-01 1.47367716e-01 2.06876397e-02
    1.99208707e-01 2.44719863e-01 9.19875205e-01 1.37546271e-01
    1.71776235e-01 4.34429497e-01 2.80403554e-01 3.97377908e-02
    3.73720229e-01 5.38680732e-01 5.86483777e-01 9.66940939e-01
    9.99721527e-01 1.74017191e-01 7.76568651e-01 9.19313908e-01
    8.39530826e-01 8.00936699e-01 1.06956244e-01 7.67144263e-02
    8.40052783e-01 2.33598471e-01 5.28755486e-01 7.35899031e-01
    1.24609053e-01 7.55417705e-01 7.43263721e-01 4.67245936e-01
    6.93459392e-01 3.19727898e-01 8.66410255e-01 1.67737693e-01
    7.84531057e-01 2.13352740e-02 6.82308614e-01 2.91375399e-01
    6.92421079e-01 9.92471695e-01 5.18719256e-01 2.63064086e-01
    9.82406437e-02 7.38946259e-01 3.25322807e-01 2.62396634e-02
    7.61016369e-01 5.18127024e-01 7.52651393e-02 1.79597437e-01
    1.46906912e-01 2.43384421e-01 2.48939753e-01 2.31550485e-01
    3.12142491e-01 1.70195103e-01 9.00940657e-01 1.60760880e-01
    3.78170758e-01 8.20313275e-01 6.53103530e-01 3.40571463e-01
    9.94703054e-01 1.89937681e-01 6.42219305e-01 6.93290472e-01
    9.62632179e-01 6.25837028e-01 1.61744773e-01 7.49865711e-01
    6.98203802e-01 6.28808737e-02 7.84812748e-01 4.94400203e-01
    1.43545389e-01 9.48086083e-01 4.08687502e-01 1.14162862e-02
    8.44592035e-01 2.26319343e-01 3.27765226e-01 7.31354713e-01
    4.90791798e-01 6.67102516e-01 3.04493606e-01 8.86568785e-01
    9.88188028e-01 2.00679868e-01 3.25766295e-01 5.68097532e-01
    5.12807012e-01 6.36391819e-01 9.48064029e-01 2.73439497e-01
    5.51529825e-02 8.00318718e-01 9.06832933e-01 6.70552194e-01
    9.71158504e-01 7.27777600e-01 2.29798645e-01 1.44370675e-01
    6.04564130e-01 5.76040149e-03 1.32408410e-01 5.89853048e-01
    8.52052569e-01 2.74850190e-01 3.96183699e-01 8.54006410e-01
    9.44569170e-01 1.73283607e-01 7.79875100e-01 4.32025224e-01
    1.98952377e-01 7.57878423e-01 9.39446628e-01 5.63475013e-01
    6.63199365e-01 8.78260851e-01 3.17509234e-01 6.26988828e-01
    8.02285671e-01 1.50686771e-01 2.94189572e-01 9.90111291e-01
    6.60678148e-02 4.95403826e-01 7.38781869e-01 9.65372562e-01
    3.90641391e-02 2.72172511e-01 4.88974452e-02 1.86134577e-02
    2.11974651e-01 5.63164949e-01 3.99244547e-01 3.57795686e-01
    8.76150012e-01 9.47409451e-01 8.54624629e-01 7.28659749e-01
    5.47826171e-01 7.41076946e-01 3.51596594e-01 8.78774285e-01
    3.42770040e-01 3.72111201e-02 9.40867960e-01 3.76457185e-01
    6.04931414e-02 2.99405128e-01 8.95635128e-01 8.04584980e-01
    8.99909079e-01 7.78282583e-01 8.68754983e-01 4.15379435e-01
    8.58219802e-01 9.05961990e-01 1.48229003e-01 1.95973903e-01
    9.34394479e-01 9.54410672e-01 5.04925132e-01 2.05225408e-01
    5.54317892e-01 7.26693153e-01 5.49120009e-02 7.19394326e-01
    4.44286942e-01 4.20585781e-01 5.17067552e-01 2.44511962e-02
    8.60101461e-01 8.05323243e-01 5.49816251e-01 7.90131450e-01
    9.85060215e-01 3.31377506e-01 9.82706070e-01 5.46680510e-01
    7.75046825e-01 1.25196666e-01 4.73828137e-01 9.94734049e-01
    3.11996758e-01 5.16125023e-01 3.89738828e-01 7.31093168e-01
    9.71452236e-01 6.17025793e-01 6.21042967e-01 9.85451579e-01
    5.53951442e-01 5.72689176e-01 5.26405096e-01 1.08679861e-01
    8.35589230e-01 5.43058872e-01 6.06211543e-01 7.01769233e-01
    3.36468339e-01 5.87588429e-01 6.34357810e-01 6.82807267e-01
    4.39829230e-01 2.00733602e-01 1.63307756e-01 6.14438415e-01
    6.13292933e-01 3.96157771e-01 1.42264843e-01 5.49320161e-01
    2.95266211e-02 2.48277098e-01 9.49286520e-02 9.12713051e-01
    8.10492337e-02 6.38018191e-01 6.17254376e-01 4.09177393e-01
    3.93094331e-01 3.41649652e-01 5.47669470e-01 9.29809391e-01
    7.39679158e-01 1.06332362e-01 1.01688504e-03 1.99746519e-01
    5.78569651e-01 5.18148601e-01 4.74843085e-02 2.18963981e-01
    8.17405581e-01 7.94294000e-01 1.69331223e-01 7.36864805e-01
    1.46634132e-01 6.81549788e-01 3.36420238e-01 9.33806062e-01
    8.85124087e-01 9.99862790e-01 2.46883720e-01 1.07697010e-01
    9.56323743e-01 9.23104763e-01 8.39100957e-01 3.79756868e-01
    1.58751667e-01 8.69769454e-01 2.58438498e-01 1.81066900e-01
    7.74697781e-01 3.12783957e-01 5.71618497e-01 3.24274778e-01
    6.51153743e-01 9.66978073e-01 1.35959029e-01 1.94375783e-01
    1.67758197e-01 8.56049776e-01 7.80061245e-01 9.97691989e-01
    3.47862422e-01 1.97973937e-01 2.67616808e-02 2.51998216e-01
    4.34346408e-01 2.56771088e-01 4.06916678e-01 6.68387771e-01
    5.10072827e-01 6.87481999e-01 2.77628571e-01 1.20765388e-01
    4.51973677e-02 2.99642473e-01 4.50101525e-01 4.20970917e-02
    2.10438490e-01 9.60986018e-02 5.97090244e-01 4.01503265e-01
    8.68082404e-01 3.86108160e-02 4.41549659e-01 9.92882311e-01
    1.21580034e-01 1.52879238e-01 4.12706137e-01 8.35021019e-01
    2.63647199e-01 1.50978267e-01 4.11404461e-01 4.21943426e-01
    7.93825805e-01 6.05905414e-01 8.24548185e-01 6.60361707e-01
    3.97128999e-01 4.22300220e-01 4.27834809e-01 3.24180901e-01
    7.15599298e-01 2.38289297e-01 1.24876946e-01 1.04450256e-01
    4.23429489e-01 2.06474721e-01 8.19803417e-01 5.63906908e-01
    5.37343204e-01 9.69044387e-01 4.46800321e-01 6.66885376e-01
    4.50257808e-01 6.18440151e-01 6.55005038e-01 8.15818727e-01
    8.39111328e-01 7.27720022e-01 4.90058154e-01 9.57286298e-01
    7.13068068e-01 9.34591234e-01 9.55260038e-01 2.36606002e-01
    6.84865117e-01 3.68670523e-02 6.39157712e-01 1.34071499e-01
    9.08785820e-01 9.82893884e-01 3.99364442e-01 6.41842365e-01
    2.89506346e-01 8.63642812e-01 5.38360059e-01 5.52507997e-01
    7.69207835e-01 1.06413215e-01 2.69191265e-02 1.50494903e-01
    5.32867789e-01 5.15332103e-01 4.41175610e-01 4.58788037e-01
    4.67132479e-01 9.79078531e-01 5.56540132e-01 3.85303736e-01
    5.21713197e-01 9.93532300e-01 3.28800708e-01 5.96929193e-01
    8.44002664e-02 7.79185772e-01 4.33009803e-01 9.27806795e-01
    3.85526836e-01 6.06559634e-01 2.03291297e-01 6.05187953e-01
    1.64029717e-01 8.18301678e-01 8.11461210e-01 9.56000984e-02
    7.88684011e-01 5.52851021e-01 2.20126033e-01 2.81445801e-01
    3.62181842e-01 5.74730694e-01 9.10930037e-02 3.56501698e-01
    3.48731220e-01 3.91638815e-01 7.65950978e-02 2.31278867e-01
    3.21990132e-01 5.62869728e-01 7.86755919e-01 6.68232203e-01
    8.11144531e-01 3.68331313e-01 7.69967735e-01 5.20392835e-01
    9.05193985e-01 6.74241364e-01 1.72115028e-01 5.23864210e-01
    3.55486274e-01 9.95488107e-01 4.67304468e-01 2.05918014e-01
    3.84047538e-01 1.78924352e-01 6.09520435e-01 7.13731289e-01
    6.68200254e-01 8.14093351e-01 3.69050205e-01 6.23520136e-01
    7.52469420e-01 1.54604554e-01 5.59898913e-01 9.49286342e-01
    5.29472709e-01 7.68955469e-01 1.17657214e-01 6.97761238e-01
    7.51276612e-02 7.06511497e-01 6.16371095e-01 5.19095242e-01
    8.18090916e-01 5.06821930e-01 5.13020158e-01 8.92535269e-01
    1.53366625e-01 1.29618764e-01 6.56470239e-01 1.79057986e-01
    7.02535272e-01 5.69909215e-01 2.88026154e-01 5.00948787e-01
    2.78623879e-01 8.48802328e-02 6.41952574e-01 5.92812836e-01
    6.61964178e-01 9.68021810e-01 1.42040431e-01 2.04947501e-01
    3.79538447e-01 3.77100408e-01 8.18367600e-01 8.36217999e-01
    5.14864326e-01 5.60512185e-01 6.93485856e-01 7.15510845e-01
    2.45496243e-01 2.36971200e-01 1.94021642e-01 8.16641450e-01
    9.59633291e-01 8.74990940e-01 2.94766724e-02 3.43669146e-01
    2.90479362e-02 8.36198449e-01 6.88436031e-01 4.21181113e-01
    1.95618659e-01 6.24896407e-01 3.00437391e-01 7.42970705e-01
    8.90878439e-01 1.26403898e-01 1.22894883e-01 8.25139880e-02
    1.55166358e-01 3.17831635e-01 1.30205274e-01 6.77928925e-02
    5.11358142e-01 5.81699848e-01 6.77997589e-01 9.97389853e-02
    9.98396575e-02 7.15600848e-01 3.09728205e-01 2.79301435e-01
    3.07308674e-01 2.20163524e-01 1.50256366e-01 7.44620085e-01
    7.81961679e-02 5.22185385e-01 3.14450771e-01 4.16599274e-01
    2.25894541e-01 9.60929990e-01 4.33364928e-01 3.95001233e-01
    1.10582709e-01 7.96866059e-01 4.32901621e-01 4.81372446e-01
    2.10799336e-01 3.73440981e-02 3.71655047e-01 9.28614736e-02
    4.78458464e-01 9.05565977e-01 2.12722808e-01 1.18531048e-01
    6.57507479e-01 2.64475852e-01 5.47809184e-01 1.17878646e-01
    2.76531249e-01 5.23709774e-01 3.36900055e-01 9.71776366e-01
    4.30188775e-02 6.22953653e-01 9.90072429e-01 5.20475507e-01
    6.06619120e-01 1.72791779e-02 2.95332670e-01 5.20968795e-01
    2.63699800e-01 7.21212626e-01 2.00974077e-01 8.21029544e-01
    8.26348722e-01 4.90842015e-01 9.41776931e-01 6.46300018e-02
    2.94241130e-01 7.50509918e-01 3.94736141e-01 7.40126908e-01
    4.75505114e-01 8.34298670e-01 1.49056762e-01 6.79214954e-01
    7.32407987e-01 1.10880882e-01 3.73554289e-01 5.15702486e-01
    1.45540804e-01 1.32379532e-01 2.45986938e-01 6.54087901e-01
    1.93636537e-01 2.95361966e-01 3.27925205e-01 8.82839680e-01
    1.05635822e-02 6.70717955e-02 2.32084692e-02 7.11445689e-01
    1.64394498e-01 3.53915066e-01 3.22414994e-01 8.83871794e-01
    1.67417347e-01 8.06310773e-01 1.68240786e-01 3.03525597e-01
    5.25619686e-02 8.95856500e-01 1.39778465e-01 5.29172957e-01
    3.85578454e-01 1.92324221e-01 1.51046693e-01 7.15877116e-01
    7.96423197e-01 3.45918059e-01 2.76210845e-01 6.82446718e-01
    3.89317542e-01 2.43768603e-01 8.16163063e-01 9.73345518e-01
    1.39807880e-01 7.98034012e-01 2.52942294e-01 6.93825781e-01
    9.58612025e-01 2.33174294e-01 5.92597663e-01 5.22504151e-02
    7.33704805e-01 9.47647154e-01 4.66590464e-01 3.43234122e-01
    6.58687949e-03 7.15878963e-01 3.32091957e-01 1.84361488e-01
    5.69344163e-01 7.63677835e-01 6.81119859e-02 4.68189806e-01
    1.07658178e-01 6.76043332e-02 8.89691114e-01 9.04011488e-01
    9.89248157e-02 5.83600819e-01 7.19280660e-01 9.23037767e-01
    5.42848706e-01 5.71889579e-02 6.62490964e-01 6.93132043e-01
    6.63921833e-01 9.51909006e-01 2.54867196e-01 6.68714523e-01
    4.28220898e-01 8.49596143e-01 4.58185822e-01 7.32835174e-01
    2.50922441e-02 2.72057831e-01 1.59536868e-01 7.65495896e-02
    3.22539628e-01 1.42906934e-01 9.54511166e-01 3.79740119e-01
    2.38761723e-01 1.95687026e-01 5.52176237e-02 2.52506614e-01
    5.30966341e-01 2.19131798e-01 7.20188737e-01 3.44737232e-01
    8.96961153e-01 5.57821035e-01 2.49554545e-01 7.63387859e-01
    4.35730398e-01 7.60840476e-02 9.73941088e-01 8.55691612e-01
    5.83125591e-01 3.91587108e-01 5.65813184e-01 7.83863425e-01
    2.60682046e-01 5.56348145e-01 8.50238383e-01 2.82345414e-01
    1.67150944e-01 6.87471926e-02 5.25003493e-01 6.39454246e-01
    9.61614728e-01 4.11768436e-01 2.06421793e-01 2.81373858e-02
    6.51702046e-01 3.68277282e-01 9.79755044e-01 8.69228482e-01
    1.29692227e-01 6.13955140e-01 7.88985848e-01 6.53844595e-01
    4.18007791e-01 7.08633780e-01 7.19054699e-01 3.13959897e-01
    2.44160622e-01 1.79716498e-01 6.29062533e-01 6.14250302e-02
    5.74126065e-01 5.77188373e-01 6.42110467e-01 6.39317989e-01
    1.10788316e-01 2.73194909e-02 9.22951102e-01 1.28102034e-01
    9.04006958e-01 9.71723080e-01 6.61410689e-01 7.15687454e-01
    5.01174510e-01 2.79153734e-01 6.55973971e-01 9.75592434e-02
    8.92993033e-01 8.41819644e-01 1.44566894e-01 7.39562631e-01
    5.51708996e-01 1.19234830e-01 6.41763926e-01 9.56409156e-01
    6.21640861e-01 4.34985042e-01 6.09580517e-01 1.81778818e-01
    6.62339509e-01 1.64537430e-01 9.10923064e-01 6.52914941e-01
    1.60409659e-01 6.38196826e-01 9.17709112e-01 3.68933558e-01
    9.78424549e-02 7.15965450e-01 5.41304708e-01 4.10147846e-01
    6.08852804e-01 9.64961648e-01 4.68997955e-02 3.00830424e-01
    5.53174376e-01 7.32110143e-01 1.31268203e-01 2.49146372e-01
    4.77063119e-01 2.93753028e-01 8.18884730e-01 2.25021631e-01
    4.79131609e-01 7.25138545e-01 3.81199718e-02 7.32283592e-01
    5.54603219e-01 5.24767101e-01 4.42412168e-01 4.60926443e-01
    4.24969971e-01 7.49756694e-01 5.95443010e-01 2.89094388e-01
    9.82117414e-01 8.25253487e-01 1.15774542e-01 9.63126540e-01
    5.82271516e-01 7.14286804e-01 5.28701544e-01 5.76449573e-01
    1.06539905e-01 6.39828980e-01 2.44906545e-01 8.76189113e-01
    2.04227656e-01 7.66946495e-01 1.86696380e-01 8.15381646e-01
    3.62653315e-01 7.68243194e-01 1.04155391e-01 9.63180542e-01
    6.89791858e-01 3.31294179e-01 2.41808683e-01 2.27382421e-01
    6.00117624e-01 7.25499749e-01 9.44433808e-02 8.63713384e-01
    7.87364900e-01 4.33069885e-01 9.14552569e-01 2.02056766e-01
    8.10619235e-01 7.65340924e-02 8.18208694e-01 5.56387603e-01
    5.20687878e-01 9.90661979e-02 2.58319914e-01 6.72876358e-01
    5.66791296e-01 7.17646480e-02 5.47220945e-01 7.75841117e-01
    9.53097820e-01 3.32311153e-01 1.35745049e-01 5.25685906e-01
    9.61646914e-01 4.61033255e-01 6.07633054e-01 3.31109941e-01
    4.22178984e-01 8.26162219e-01 4.65254873e-01 5.31288445e-01
    6.03137910e-01 2.35088944e-01 8.46229851e-01 5.89392006e-01
    1.50128305e-02 7.46412754e-01 6.44136667e-01 5.56865990e-01
    5.98395050e-01 3.52331877e-01 7.70648837e-01 1.61374867e-01
    6.78499162e-01 9.24539328e-01 7.94327259e-02 2.06456333e-01
    6.47185564e-01 5.77713132e-01 7.75822282e-01 8.00062895e-01
    3.67016912e-01 4.23761666e-01 6.67062283e-01 1.59606338e-02
    5.22027016e-02 8.14672768e-01 3.76189321e-01 7.77442455e-01
    1.23295397e-01 4.94739532e-01 8.75538468e-01 7.47440934e-01
    8.88965130e-02 5.77796161e-01 2.09391057e-01 1.19058430e-01
    8.10751319e-03 1.23843580e-01 3.04018974e-01 1.04039073e-01
    4.03439105e-01 6.49811387e-01 6.20736778e-02 6.38479829e-01
    7.87848115e-01 5.44778585e-01 7.28273630e-01 5.40280044e-01
    5.11999309e-01 8.60278308e-01 1.05074078e-01 1.75792575e-01
    4.15886045e-02 5.04671037e-01 7.82078862e-01 1.78578347e-01
    6.50005341e-01 7.05335319e-01 5.50439596e-01 5.72537959e-01
    7.74495244e-01 4.51856315e-01 8.74313951e-01 5.15087366e-01
    2.57704735e-01 9.99017537e-01 6.59274101e-01 1.24153197e-01
    8.48253667e-01 2.96107650e-01 5.66085756e-01 7.77473927e-01
    9.27074790e-01 8.56694341e-01 1.77053303e-01 7.43291497e-01
    1.13956124e-01 9.22391772e-01 8.39194417e-01 3.52442950e-01
    8.35676789e-02 1.44678593e-01 6.80865049e-01 8.76284122e-01
    7.64209867e-01 3.09995115e-01 7.65694857e-01 4.58916426e-02
    9.65786338e-01 4.84429687e-01 3.96278739e-01 4.71684992e-01
    3.11542392e-01 8.78316164e-01 1.50257617e-01 4.30464506e-01
    1.74829274e-01 7.50030220e-01 6.15406156e-01 2.66195655e-01
    1.40267491e-01 1.82213157e-01 1.70180678e-01 1.57372087e-01
    8.17311645e-01 6.94176495e-01 7.80244291e-01 7.82665610e-01
    6.83389664e-01 8.69201124e-01 1.27717406e-01 2.74230838e-02
    4.92143631e-03 9.84416604e-01 3.31875801e-01 1.71578735e-01
    1.52868152e-01 4.67232585e-01 1.43290579e-01 7.43621588e-01
    6.99135065e-02 1.22471660e-01 2.10164309e-01 5.22969902e-01
    1.75389200e-01 5.06340086e-01 4.96168405e-01 1.76004767e-02
    7.80997872e-01 7.86865652e-02 6.66087270e-01 2.34828532e-01
    4.86572742e-01 9.29670691e-01 1.40282840e-01 4.01510507e-01
    5.99960148e-01 4.21209693e-01 2.89977461e-01 4.77749527e-01
    9.02216315e-01 4.85168844e-01 6.13277555e-01 7.81062245e-01
    1.63208008e-01 6.87815368e-01 2.79032588e-01 1.26295030e-01
    3.70622933e-01 7.15429366e-01 3.62902075e-01 6.87918305e-01
    8.44861388e-01 9.04700279e-01 5.31191349e-01 1.38965249e-02
    6.93578720e-01 8.32186580e-01 9.02509570e-01 9.59132552e-01
    1.88992441e-01 5.10128081e-01 8.15644622e-01 5.68985820e-01
    4.09390390e-01 3.14047992e-01 1.77894592e-01 8.85291159e-01
    9.10554051e-01 4.33503687e-01 3.76167953e-01 3.38607907e-01
    9.07371998e-01 3.55500311e-01 1.32593662e-01 6.96548462e-01
    9.77845550e-01 9.47148979e-01 7.67456651e-01 2.19258785e-01
    9.88041043e-01 8.36596727e-01 5.37395477e-01 4.99209762e-02
    7.24992394e-01 4.22915816e-02 2.00029969e-01 1.94191605e-01
    2.22059667e-01 3.64555895e-01 7.13793635e-01 4.85346287e-01
    1.55533135e-01 4.97706145e-01 8.17632258e-01 3.15944225e-01
    1.76988244e-01 4.43288773e-01 6.50584519e-01 5.86134791e-02
    7.63910890e-01 5.93144596e-01 4.37334746e-01 8.14333797e-01
    1.96256846e-01 2.61926532e-01 9.13656831e-01 4.51288044e-01
    9.19554830e-01 9.49029684e-01 4.52997595e-01 6.96927011e-01
    7.07223535e-01 7.48212039e-01 2.81306386e-01 6.37415171e-01
    7.94008017e-01 8.65700483e-01 2.37230957e-01 9.81457233e-02
    4.02986825e-01 9.97974336e-01 3.39170039e-01 9.54077244e-02
    3.67363572e-01 4.48870778e-01 2.85209656e-01 6.09605372e-01
    1.96293741e-01 9.06912804e-01 6.05092943e-02 4.92119461e-01
    4.75755602e-01 6.09249413e-01 5.03850400e-01 8.20847034e-01
    5.29019773e-01 7.63828397e-01 4.48870480e-01 1.59098387e-01
    9.83668804e-01 7.21307814e-01 6.88332677e-01 8.43630672e-01
    2.33290434e-01 9.07756388e-01 3.88906151e-01 7.01553822e-02
    8.93229246e-01 4.39123571e-01 8.60178590e-01 9.69654441e-01
    8.17662597e-01 5.28644145e-01 8.66379738e-01 2.38829255e-02
    1.68358952e-01 4.20969397e-01 9.25906062e-01 1.94253623e-01
    1.18277371e-02 7.31934190e-01 7.07405508e-01 2.94826090e-01
    5.22375762e-01 4.34680223e-01 7.47384846e-01 7.53292561e-01
    5.93553782e-02 6.83394849e-01 2.86803424e-01 3.94135833e-01
    1.73652500e-01 4.91549253e-01 8.52110684e-02 8.78970265e-01
    7.23052025e-01 1.89028323e-01 2.78820813e-01 4.45254654e-01
    9.83782172e-01 3.99021655e-01 5.15129387e-01 2.99744636e-01
    2.70431906e-01 9.21155155e-01 3.83604884e-01 1.25069261e-01
    4.46284384e-01 3.96848679e-01 6.36640787e-02 9.92891788e-01
    2.41451710e-01 9.91749763e-01 5.18690228e-01 5.58950007e-01
    6.75550997e-01 3.62751156e-01 7.43088245e-01 2.60584712e-01
    9.06020641e-01 3.02819312e-02 9.48964059e-02 8.38548958e-01
    8.13204408e-01 4.51614797e-01 4.11549807e-02 5.05909503e-01
    6.39444292e-01 3.79754454e-01 7.54775524e-01 5.35703838e-01
    9.04676795e-01 9.13962424e-01 9.39579606e-01 7.32510388e-01
    6.24222577e-01 2.80195415e-01 3.14028591e-01 7.28404939e-01
    8.49488139e-01 7.57973552e-01 6.87910616e-01 7.38498986e-01
    1.71629906e-01 2.98405707e-01 6.50529742e-01 8.24731469e-01
    1.22527599e-01 1.37020469e-01 5.91814816e-02 9.09608126e-01
    1.38926595e-01 2.57524252e-01 5.83582520e-01 6.14754677e-01
    1.13615483e-01 3.11406672e-01 5.83168089e-01 6.16769373e-01
    5.01526773e-01 2.58707404e-01 4.98100698e-01 5.47082782e-01
    8.77561450e-01 8.07568192e-01 7.82816529e-01 7.36508846e-01
    9.72583890e-03 4.45032150e-01 5.03678024e-01 4.22824323e-02
    9.77387428e-01 3.13110083e-01 4.17611361e-01 8.90698433e-01
    3.47395331e-01 6.77337527e-01 8.31897676e-01 5.93407452e-01
    9.53299642e-01 7.83405066e-01 3.87691855e-02 1.85934007e-01
    8.13772202e-01 3.86546314e-01 2.29159564e-01 3.57086957e-01
    6.86832368e-01 5.38640141e-01 8.94352496e-02 1.96943581e-02
    7.47707367e-01 1.70292675e-01 7.44161248e-01 4.57887471e-01
    7.27791846e-01 6.08165503e-01 1.11174524e-01 5.34517527e-01
    9.27714825e-01 7.90220022e-01 5.96658230e-01 2.83731699e-01
    2.90922523e-01 4.57623124e-01 3.97902131e-02 9.19128895e-01
    4.04496014e-01 5.45515418e-01 7.63929784e-01 8.84512007e-01
    9.07855988e-01 3.12059999e-01 3.23111564e-01 3.56254458e-01
    7.22306967e-01 4.72657800e-01 2.72875011e-01 7.42159724e-01
    7.21122921e-02 4.77564067e-01 7.84239590e-01 4.44649816e-01
    7.80702353e-01 8.98999870e-01 3.32723916e-01 1.99914396e-01
    4.90262777e-01 6.56345367e-01 6.14012003e-01 2.69643068e-02
    1.15974814e-01 2.33214349e-01 2.56195694e-01 2.28544116e-01
    6.94624484e-02 1.77242160e-01 2.43689358e-01 6.94256008e-01
    9.81923997e-01 4.34531212e-01 3.01732421e-01 7.53991306e-01
    3.60782504e-01 9.78889346e-01 5.24297476e-01 8.55193555e-01
    3.71980727e-01 6.21121645e-01 6.50287271e-01 5.46226025e-01
    8.56500387e-01 6.32238388e-03 9.21474457e-01 9.38302100e-01
    9.69294310e-01 2.24269122e-01 5.29697537e-03 7.57484674e-01
    4.63055074e-02 9.92931247e-01 9.62752283e-01 7.17943847e-01
    4.52286005e-03 5.87174833e-01 5.49004853e-01 6.30024672e-01
    9.87684608e-01 2.89355457e-01 1.13159359e-01 9.25644875e-01
    1.98305935e-01 9.88971174e-01 8.67872834e-02 2.11422145e-01
    9.38897312e-01 1.06866658e-01 7.56069422e-01 6.48421407e-01
    7.15798974e-01 6.04052842e-01 2.70038098e-01 1.38154805e-01
    4.94135022e-01 1.33955151e-01 6.86191082e-01 2.82540172e-01
    6.62954271e-01 5.45060992e-01 6.03161454e-02 6.85148597e-01
    6.60838544e-01 3.41271162e-01 4.86823350e-01 4.50695843e-01
    4.27173615e-01 7.32396007e-01 5.83734214e-01 4.11581635e-01
    3.93782169e-01 2.21433759e-01 2.75320202e-01 1.20205015e-01
    3.65898430e-01 2.45990008e-01 2.51994431e-02 9.05507803e-01
    4.69461501e-01 3.02442372e-01 4.06963408e-01 4.49455380e-02
    8.41203570e-01 4.35321301e-01 1.83537304e-02 2.84662962e-01
    4.31921065e-01 7.55177498e-01 5.84928632e-01 3.81761789e-02
    9.04102445e-01 5.47008395e-01 1.06853098e-01 3.18463385e-01
    4.16773021e-01 6.92762733e-01 2.98228681e-01 3.74119759e-01
    5.15046954e-01 4.41581011e-01 8.15566182e-01 2.87646413e-01
    8.56254339e-01 7.05509901e-01 9.24823105e-01 5.24235487e-01
    1.72468632e-01 3.25145483e-01 4.29518789e-01 8.11741650e-01
    7.62525558e-01 1.78668350e-01 8.77268732e-01 9.20570374e-01
    7.80975401e-01 6.69808865e-01 9.95858610e-01 1.57123268e-01
    1.73419088e-01 4.59637642e-01 9.64351892e-01 5.96564531e-01
    6.14598930e-01 7.65335560e-02 1.57417417e-01 1.51876211e-01
    1.43428296e-01 2.57212043e-01 2.07840383e-01 4.19542879e-01
    7.92942166e-01 8.69682431e-03 6.96874499e-01 5.93315482e-01
    8.59418750e-01 2.91013956e-01 3.25083911e-01 3.45252872e-01
    2.44894713e-01 2.60586679e-01 2.01537043e-01 8.22229147e-01
    8.82849157e-01 3.11326623e-01 6.76509976e-01 9.89005446e-01
    7.70615935e-01 8.23606968e-01 9.17007267e-01 2.72129655e-01
    3.27193052e-01 6.47639275e-01 4.63796020e-01 8.91510606e-01
    7.99201488e-01 5.75419903e-01 2.66797543e-02 3.44885826e-01
    3.55559409e-01 2.97441125e-01 7.48209178e-01 5.42649567e-01
    2.78072685e-01 9.44819510e-01 1.00738883e-01 5.63591719e-02
    1.88684464e-02 7.76083589e-01 4.60160106e-01 6.86498880e-01
    4.44895029e-01 3.32752287e-01 7.41991818e-01 4.49964672e-01
    2.72208691e-01 2.58376688e-01 1.37412131e-01 6.88341856e-01
    4.09249604e-01 7.98839092e-01 9.44117486e-01 5.27090907e-01
    9.56691265e-01 3.64847541e-01 5.95220089e-01 7.22521782e-01
    4.30699587e-02 8.82866859e-01 6.48225844e-02 9.76215541e-01
    6.85864091e-01 7.65393853e-01 5.16099632e-01 5.61001897e-01
    2.92302251e-01 8.60958815e-01 1.61990106e-01 5.80068827e-02
    3.86092544e-01 1.47898436e-01 1.39591038e-01 5.93028963e-02
    3.13699722e-01 8.40329051e-01 3.55355561e-01 5.47608852e-01
    4.64631706e-01 1.27290159e-01 1.04199976e-01 7.31181026e-01
    7.24846005e-01 3.08572173e-01 5.06090999e-01 1.24423534e-01
    8.62111688e-01 5.36508620e-01 7.77339339e-01 9.55790222e-01
    1.99850738e-01 4.71328139e-01 5.88331342e-01 2.16927707e-01
    3.21231127e-01 1.55594945e-03 3.24160278e-01 2.52552032e-02
    7.36220062e-01 7.21228600e-01 9.57418263e-01 7.70571768e-01
    7.87731707e-02 7.90054083e-01 6.54514313e-01 2.39905387e-01
    5.93072474e-01 4.15365577e-01 5.96768439e-01 8.03044677e-01
    4.58802700e-01 3.03570092e-01 1.09530836e-01 2.20026612e-01
    5.84465563e-02 6.56138659e-01 7.14564919e-01 2.00320363e-01
    4.51382577e-01 2.91354448e-01 1.00228280e-01 1.63326234e-01
    4.25262332e-01 7.51548111e-01 8.50848436e-01 9.50057387e-01
    2.88370430e-01 4.01934445e-01 4.98770893e-01 5.73179662e-01
    3.19661379e-01 9.07155395e-01 6.90758824e-01 4.91970181e-02
    5.25025845e-01 2.03152448e-01 3.64957541e-01 4.85019207e-01
    8.73697281e-01 1.23083532e-01 4.16329503e-01 2.59114414e-01
    8.23937058e-01 8.25928748e-02 4.18352693e-01 9.80047822e-01
    6.99139416e-01 6.37750506e-01 1.32543504e-01 7.62754083e-01
    4.16858524e-01 2.84643769e-01 2.40972877e-01 2.61970043e-01
    4.04191017e-02 9.67136383e-01 9.43321586e-02 8.55186224e-01
    1.94793731e-01 6.47268832e-01 5.64728975e-01 8.82149220e-01
    2.25194901e-01 7.81023145e-01 2.96118528e-01 3.54351103e-01
    3.79653126e-01 8.21750522e-01 4.86200809e-01 5.33342898e-01
    6.48799837e-01 9.64367270e-01 4.27163392e-01 8.26825976e-01
    9.53744650e-01 2.05141187e-01 6.08253360e-01 8.49955559e-01
    3.59605163e-01 6.20250404e-01 4.52386826e-01 7.78317153e-02
    5.01166344e-01 4.68859881e-01 9.80829060e-01 6.52834535e-01
    9.04935777e-01 1.76623285e-01 2.14202106e-02 8.40374053e-01
    5.58766842e-01 4.89772975e-01 4.90882397e-01 7.93052971e-01
    2.55712569e-01 5.67781508e-01 6.11725688e-01 7.01463103e-01
    7.13431537e-02 2.24488854e-01 7.18266547e-01 5.50025582e-01
    1.16662383e-01 5.94514608e-01 8.25465918e-01 5.68070114e-01
    1.92609578e-01 4.95193034e-01 8.73417974e-01 5.30313194e-01
    4.46225524e-01 4.60945547e-01 1.19838029e-01 8.32149804e-01
    4.82363045e-01 6.70027971e-01 4.78853434e-01 8.87119651e-01
    7.34657645e-02 4.71964777e-01 4.68863606e-01 6.57643080e-02
    9.46048796e-02 6.23752117e-01 8.91650438e-01 8.36232066e-01
    9.33858573e-01 1.18102580e-01 5.98584294e-01 7.68459439e-01
    7.94505119e-01 8.92388105e-01 6.37427568e-01 5.50631940e-01
    7.40559816e-01 5.23968160e-01 6.67876720e-01 8.37625146e-01
    7.65803456e-02 6.54075503e-01 4.36702371e-02 5.96853673e-01
    9.43001747e-01 3.51291537e-01 2.55658686e-01 2.72889972e-01
    4.19684649e-02 8.86769652e-01 4.40904438e-01 5.06967306e-03
    5.44992328e-01 6.05392218e-01 4.30610567e-01 4.03756499e-02
    5.66084087e-01 1.98384225e-02 3.51864994e-02 5.00371635e-01
    5.92345595e-01 8.84455085e-01 5.53273797e-01 3.60371083e-01
    4.80995059e-01 5.52088797e-01 1.22817099e-01 1.27229095e-01
    7.69673586e-01 4.75879371e-01 1.51241809e-01 8.58812928e-01
    2.64013529e-01 1.06253564e-01 4.48252827e-01 4.10811305e-01
    2.15820849e-01 5.50160050e-01 1.90610409e-01 7.84696341e-02
    4.50779378e-01 4.72169518e-01 8.12051773e-01 8.52264762e-01
    3.56340349e-01 5.70237637e-04 4.40332204e-01 8.63483071e-01
    6.96872473e-02 2.09788501e-01 5.05504727e-01 3.75540197e-01
    4.20945346e-01 4.62475240e-01 6.91076279e-01 4.27273184e-01
    9.52318788e-01 1.87728286e-01 3.23006272e-01 7.51334548e-01
    7.97746062e-01 9.09288883e-01 5.91410398e-01 2.39274591e-01
    3.10219347e-01 1.42218590e-01 8.22680891e-02 6.80952609e-01
    7.32494771e-01 7.14241564e-01 4.10431266e-01 2.87577212e-01
    5.40448248e-01 3.41338217e-01 5.31321585e-01 3.36370885e-01
    2.86690474e-01 3.93971443e-01 4.30460274e-01 3.77636135e-01
    5.82109928e-01 2.79800534e-01 9.50855970e-01 8.27152431e-02
    8.44140887e-01 5.71153522e-01 4.86514926e-01 5.02952754e-01
    6.78854823e-01 4.08439338e-01 1.79504365e-01 9.86918807e-01
    2.84751713e-01 1.75413221e-01 2.98543572e-02 3.87715995e-02
    3.93691272e-01 1.10258251e-01 5.64286113e-01 8.10587525e-01
    7.90129185e-01 7.70383716e-01 8.77634943e-01 8.39844704e-01
    1.36686862e-02 3.70820284e-01 6.36232674e-01 4.64190692e-01
    7.61462092e-01 9.55376029e-01 3.07002783e-01 5.29804111e-01
    8.88296008e-01 1.56645805e-01 3.55651557e-01 6.11354768e-01
    7.60152340e-02 8.91305149e-01 1.43496275e-01 6.07971787e-01
    3.44576150e-01 5.15925884e-01 2.94938684e-01 3.63300234e-01
    7.96142697e-01 7.17821002e-01 9.53082561e-01 1.88665539e-01
    6.35287762e-01 3.67413551e-01 7.39244163e-01 3.58895451e-01
    6.13670230e-01 9.42031026e-01 9.08077478e-01 4.67223674e-01
    8.87634754e-01 6.78602040e-01 6.30248487e-01 2.01780289e-01
    1.41755939e-01 1.29266769e-01 3.21899444e-01 3.68261665e-01
    6.97258055e-01 2.47662663e-01 6.70039177e-01 3.44748676e-01
    9.65860307e-01 1.42847896e-01 1.42598897e-01 6.42320514e-01
    1.14907563e-01 1.87132448e-01 5.68836689e-01 8.04422140e-01
    4.55343187e-01 5.50925016e-01 5.80027044e-01 9.26588893e-01
    5.48929095e-01 3.73711646e-01 2.56205976e-01 7.79790878e-02
    1.49476111e-01 8.48071456e-01 9.97938037e-01 4.61873055e-01
    5.15926123e-01 3.96432042e-01 3.42200577e-01 6.49468720e-01
    5.23742616e-01 6.11401558e-01 2.13234663e-01 8.07143092e-01
    4.67005372e-03 2.54600167e-01 7.52457321e-01 7.47995377e-02
    2.39970565e-01 2.71468222e-01 6.04673088e-01 9.00965571e-01
    4.09393430e-01 8.70819211e-01 8.69251490e-01 9.28676009e-01
    3.89517099e-01 8.58312249e-01 6.74590826e-01 4.07939196e-01
    1.30425602e-01 6.36905253e-01 5.67571878e-01 4.30593044e-01
    6.60746813e-01 3.35880578e-01 5.51843464e-01 1.42884284e-01
    6.91971898e-01 1.43721551e-01 6.62271500e-01 9.09855008e-01
    9.70412493e-01 9.61685181e-01 7.61828661e-01 8.14002752e-01
    6.77671254e-01 4.43551540e-01 2.77303994e-01 7.04128146e-01
    4.77263451e-01 8.46584737e-02 8.01996946e-01 1.35475188e-01
    8.90434027e-01 9.12156165e-01 8.68934989e-01 7.03201771e-01
    5.61278880e-01 9.40598726e-01 2.77277827e-02 9.73064721e-01
    3.33547801e-01 9.43462968e-01 2.14601427e-01 7.72924125e-01
    4.26226079e-01 4.42756653e-01 3.06755245e-01 3.68561506e-01
    2.29739815e-01 8.94455791e-01 2.87383318e-01 8.20734024e-01
    1.21738911e-02 6.08779788e-01 4.76938933e-01 2.10455000e-01
    4.96688485e-01 6.01484179e-01 1.28537625e-01 7.55589128e-01
    9.52475667e-01 2.33991325e-01 4.48688418e-01 9.30069685e-02
    1.07627600e-01 1.36009514e-01 2.05589890e-01 2.70613730e-02
    5.84167242e-03 1.82433248e-01 5.95043957e-01 7.81440318e-01
    5.51745176e-01 9.43254769e-01 6.34228408e-01 9.92128968e-01
    8.30592275e-01 1.60196483e-01 2.51332045e-01 4.19483453e-01
    7.00420380e-01 2.20407635e-01 6.57500267e-01 1.56129271e-01
    2.37129837e-01 1.96823269e-01 4.51268673e-01 7.23200083e-01
    4.93239641e-01 7.23904371e-01 2.64502555e-01 7.82818198e-01
    3.58146489e-01 7.37780213e-01 8.04539561e-01 1.28408879e-01
    4.60214883e-01 9.19261873e-02 8.45047355e-01 2.72199512e-01
    6.32129312e-01 9.25833464e-01 3.91543329e-01 2.45610416e-01
    8.15115035e-01 1.27035439e-01 6.08410358e-01 7.52380729e-01
    1.88287407e-01 8.46737981e-01 5.27758241e-01 3.50289792e-01
    9.06088710e-01 1.54019177e-01 3.14271957e-01 5.47511578e-01
    5.13180733e-01 6.43321753e-01 1.63108706e-01 3.16917539e-01
    6.58169985e-01 1.58755332e-01 5.79436362e-01 6.29666567e-01
    4.11609113e-02 1.33566737e-01 1.22848600e-01 4.60142344e-01
    8.42806697e-01 6.93659842e-01 1.09542966e-01 1.39331460e-01
    2.76518732e-01 6.08703494e-01 2.51160383e-01 6.01359725e-01
    9.52508867e-01 4.84923244e-01 4.04448360e-01 4.68451858e-01
    6.65649533e-01 6.00270271e-01 8.72469127e-01 1.25208408e-01
    2.26683080e-01 9.12685573e-01 2.10331351e-01 2.03507274e-01
    3.25369418e-01 5.89008510e-01 2.39879906e-01 2.24853247e-01
    9.79389310e-01 6.53531849e-02 6.88627064e-02 9.81217086e-01
    7.80271649e-01 7.72926688e-01 4.07128900e-01 6.85548186e-02
    9.65428054e-02 2.78600305e-01 2.81099766e-01 1.30618870e-01
    4.03292447e-01 3.20432335e-01 6.31110072e-01 1.03370547e-01
    6.61575794e-03 8.71176481e-01 7.43969381e-01 5.22455275e-01
    4.75403666e-01 4.74114925e-01 3.21569145e-01 5.40516973e-01
    3.17068636e-01 5.81607282e-01 7.77382553e-01 9.06132162e-01
    9.82018113e-01 5.80621243e-01 6.57969415e-01 7.10958183e-01
    7.12434530e-01 3.89065474e-01 6.66921735e-01 1.88367009e-01
    3.81737113e-01 8.27310205e-01 7.21645117e-01 2.76299357e-01
    5.59809268e-01 6.71100318e-02 8.18366408e-01 4.65723604e-01
    5.38436472e-01 8.09520721e-01 1.64332092e-01 9.32739735e-01
    1.93879843e-01 7.72236407e-01 8.42860341e-01 4.78714496e-01
    1.30472243e-01 4.87373918e-01 6.91893697e-02 4.49372679e-01
    3.76973838e-01 1.56171292e-01 5.55546820e-01 7.68034101e-01
    9.00017023e-02 8.40602517e-02 9.46879029e-01 1.33784592e-01
    5.58524728e-02 7.09155202e-02 3.97526056e-01 8.16276431e-01
    7.99889922e-01 3.69438261e-01 3.37047577e-01 6.74082816e-01
    8.67493391e-01 9.28241253e-01 8.12766612e-01 7.88598299e-01
    6.79554403e-01 3.41065735e-01 8.00678015e-01 1.99061900e-01
    1.19107664e-01 3.97326380e-01 7.19483256e-01 7.48699665e-01
    8.57239008e-01 1.66022211e-01 2.76745319e-01 2.06357121e-01
    1.54903531e-03 3.08224320e-01 8.22715461e-02 6.88211799e-01
    3.51616502e-01 3.46539795e-01 6.45146072e-02 3.54482740e-01
    2.93458521e-01 9.95105505e-02 9.94895697e-01 3.10593545e-02
    7.51883745e-01 3.33796382e-01 9.16104913e-02 4.05888498e-01
    1.70631409e-02 7.76944220e-01 9.26672518e-01 4.01378274e-02
    9.22279954e-01 6.54371321e-01 2.40678608e-01 4.37045604e-01
    3.73548269e-02 1.59943819e-01 7.65536845e-01 4.96947736e-01
    7.32159913e-01 2.49514401e-01 8.36723983e-01 1.89298093e-01
    2.01209128e-01 1.00803941e-01 8.98915887e-01 6.47939086e-01
    8.39253604e-01 2.93814898e-01 7.27148771e-01 2.20778316e-01
    7.80298352e-01 5.35242677e-01 8.93401206e-02 9.61340606e-01
    1.41738206e-01 5.06175935e-01 1.06553435e-01 3.54051679e-01
    4.12846625e-01 1.82100356e-01 8.43692124e-02 9.21157718e-01
    8.79805207e-01 1.36799484e-01 5.24901628e-01 4.88660812e-01
    3.30275297e-03 6.19300485e-01 2.71462142e-01 4.75214750e-01
    5.98196328e-01 7.87143230e-01 1.79306775e-01 3.91609818e-01
    2.08887279e-01 9.69356775e-01 4.32242334e-01 9.48671043e-01
    9.87275600e-01 6.17912412e-01 9.20338929e-02 2.68729210e-01
    5.88944852e-02 2.43375421e-01 8.96373868e-01 6.55715346e-01
    6.89340234e-02 5.53058088e-02 2.51163423e-01 6.62958801e-01
    9.03494954e-02 6.96578920e-01 2.21423864e-01 3.46059680e-01
    3.29515994e-01 2.29993463e-01 8.44357550e-01 1.78643763e-01
    3.34381580e-01 4.32442755e-01 4.51049328e-01 3.41449738e-01
    1.76852345e-02 8.17410409e-01 8.09198081e-01 2.80448794e-02
    8.01235318e-01 6.69510901e-01 2.39614815e-01 5.04457712e-01
    7.62980282e-01 8.62983644e-01 6.41991079e-01 6.60215616e-01
    1.86910689e-01 4.60731208e-01 2.38655329e-01 2.38127440e-01
    6.55151963e-01 8.81441593e-01 7.16438532e-01 8.75569224e-01
    6.64687574e-01 8.35273147e-01 3.08310032e-01 8.59081745e-03
    1.01744980e-01 5.04992247e-01 5.97736835e-02 4.67377007e-01
    1.49926603e-01 8.97892356e-01 1.88492239e-01 9.73825574e-01
    9.50850427e-01 9.25227404e-02 7.78624654e-01 6.37145340e-01
    8.51105511e-01 4.87460822e-01 5.03495395e-01 1.16978526e-01
    4.80069101e-01 8.03868055e-01 4.26861376e-01 6.62479401e-01
    9.87299144e-01 2.69487262e-01 4.50197339e-01 9.77359414e-02
    6.57804489e-01 3.02418768e-02 2.21397370e-01 5.78928173e-01
    8.50061178e-01 5.97968519e-01 8.68362248e-01 6.46265626e-01
    2.02005684e-01 3.24053645e-01 4.95276988e-01 2.07386136e-01
    7.15520501e-01 6.10237241e-01 7.14746594e-01 9.43922877e-01
    8.94199252e-01 8.68212461e-01 9.41836715e-01 8.07300806e-01
    9.04899061e-01 4.70645487e-01 2.41039634e-01 2.74708688e-01
    6.85320675e-01 4.90960777e-01 2.81049341e-01 8.02181482e-01
    6.10069633e-01 5.32950580e-01 6.38018250e-01 7.60656893e-01
    4.42434788e-01 8.03844631e-02 7.64256954e-01 7.79388130e-01
    6.47233963e-01 6.83069229e-03 6.26807332e-01 6.05794609e-01
    6.34631217e-02 7.59428144e-01 4.77950692e-01 2.67141700e-01
    6.89501762e-01 1.67950988e-01 9.10949230e-01 6.29353881e-01
    6.12685859e-01 6.15274608e-01 8.50546896e-01 7.01197803e-01
    5.98103702e-02 3.92276138e-01 6.45635068e-01 8.71822238e-01
    2.01439857e-03 7.65249252e-01 1.04080975e-01 9.86900330e-02
    7.04580128e-01 7.09484398e-01 2.94207990e-01 4.64544982e-01
    7.05790520e-02 3.35254073e-02 3.81887853e-01 8.34322274e-02
    2.48016030e-01 4.26806152e-01 1.11803114e-01 9.94967580e-01
    7.73696542e-01 4.72425789e-01 2.47832417e-01 2.59710252e-02
    4.86692131e-01 3.15155983e-01 2.85067171e-01 3.99907112e-01
    9.52787161e-01 6.33042455e-01 1.05872184e-01 9.92926538e-01
    4.87334251e-01 7.62363315e-01 6.50167465e-03 3.53381217e-01
    4.93420720e-01 8.91999781e-01 1.04250938e-01 7.20069468e-01
    2.60990500e-01 3.64325523e-01 7.89301872e-01 7.33590126e-03
    8.27659845e-01 3.26792121e-01 4.88509089e-01 5.34086823e-01
    5.56382477e-01 4.19912934e-02 7.22501993e-01 4.21541214e-01
    5.58683038e-01 7.72683501e-01 9.96942759e-01 4.92709368e-01
    6.88586891e-01 4.43820328e-01 9.54000235e-01 8.06091309e-01
    2.42172211e-01 5.26326358e-01 3.99183661e-01 3.65320444e-01
    3.99647325e-01 3.26886356e-01 5.98810732e-01 2.60797054e-01
    1.00398749e-01 4.64926362e-01 1.84350550e-01 5.36525488e-01
    2.56212860e-01 3.48375738e-01 9.38441157e-02 4.41741318e-01
    2.49826699e-01 7.28570700e-01 3.95236909e-02 5.01457691e-01
    8.76200497e-01 6.26430571e-01 8.82936597e-01 1.80252999e-01
    5.76733708e-01 8.62593770e-01 5.15910864e-01 8.23441267e-01
    5.44196010e-01 4.88817304e-01 1.09519333e-01 8.25888634e-01
    3.53776455e-01 7.33901501e-01 9.09800053e-01 6.26963377e-01
    5.26185095e-01 8.54364932e-01 9.26641405e-01 6.83724940e-01
    3.65463853e-01 2.01140940e-01 3.43328685e-01 9.97078180e-01
    3.27337027e-01 1.07319325e-01 5.08763909e-01 9.81945395e-01
    7.78106570e-01 4.64674860e-01 5.56237578e-01 4.11069900e-01
    9.84358788e-02 7.90069938e-01 7.75859058e-02 5.83943963e-01
    4.35594618e-01 8.28346372e-01 2.30119616e-01 3.23427230e-01
    7.65531361e-02 3.04810762e-01 1.24091387e-01 1.61465824e-01
    5.33306122e-01 3.20707917e-01 1.35456324e-01 7.54587889e-01
    5.71835577e-01 7.40630388e-01 1.93334281e-01 5.32237887e-01
    9.28157330e-01 9.82338071e-01 8.33614945e-01 3.91586006e-01
    5.63139319e-01 7.16628730e-02 3.01954448e-01 6.72048450e-01
    1.34529918e-01 6.64151669e-01 4.15899128e-01 9.52139318e-01
    2.45137095e-01 6.11555159e-01 7.20239460e-01 7.70881653e-01
    7.23036766e-01 5.49266756e-01 4.68119830e-01 7.33930171e-01
    1.80570751e-01 3.25469315e-01 2.51197636e-01 1.07418031e-01
    7.50778615e-02 5.94542623e-01 1.32531106e-01 8.56296062e-01
    5.12503386e-01 7.68914819e-01 4.18315083e-01 3.16671848e-01
    6.39944375e-02 8.70655894e-01 6.99021578e-01 1.39818490e-02
    9.08491492e-01 6.77642643e-01 6.26233041e-01 3.38845551e-01
    1.07934386e-01 9.48578238e-01 6.06765985e-01 5.00103772e-01
    7.75295138e-01 2.39593744e-01 1.08297884e-01 6.30291522e-01
    8.13876271e-01 6.45183206e-01 5.85089862e-01 6.74667001e-01
    2.52365947e-01 6.61470115e-01 9.38827813e-01 6.85149252e-01
    3.54860902e-01 5.53129077e-01 5.43496788e-01 1.48873776e-01
    2.19022602e-01 3.45028341e-01 9.26273882e-01 8.19648981e-01
    4.98840809e-02 2.47367561e-01 1.51417643e-01 2.23285228e-01
    5.13154626e-01 4.84262377e-01 8.29635859e-02 9.90020037e-02
    5.58982372e-01 5.37707627e-01 3.30116749e-02 7.59285569e-01
    2.45927274e-02 5.46448410e-01 3.49352062e-02 7.74050653e-01
    4.64267135e-02 9.07370567e-01 4.58751738e-01 5.84030688e-01
    6.75431490e-01 4.24307704e-01 7.88704038e-01 4.36944872e-01
    1.77625149e-01 8.59634280e-01 5.59244633e-01 7.04202831e-01
    5.13828337e-01 8.75150442e-01 7.36490846e-01 9.88785386e-01
    3.53066325e-02 9.41359520e-01 6.70149922e-03 3.48057330e-01
    9.36183333e-01 5.59250772e-01 9.21023130e-01 7.29478002e-01
    6.74627244e-01 1.44345999e-01 4.36617672e-01 1.74572140e-01
    7.08636403e-01 6.19871795e-01 3.40553224e-01 9.82710719e-01
    3.19668472e-01 2.55136013e-01 1.18078738e-01 8.69481802e-01
    3.65607649e-01 8.78999472e-01 8.31354260e-02 7.20579147e-01
    8.92922878e-02 1.64866269e-01 3.32597673e-01 4.26091075e-01
    1.62236869e-01 5.39788008e-02 6.66009784e-01 4.47547644e-01
    2.07486808e-01 2.38085747e-01 6.66180134e-01 3.42306018e-01
    6.21405303e-01 9.13371742e-02 5.95043421e-01 4.90934014e-01
    8.35175872e-01 1.65637642e-01 1.30732030e-01 9.68099535e-02
    6.50111079e-01 6.00700974e-01 6.25591874e-01 4.14887130e-01
    9.53829229e-01 1.27509028e-01 1.79030925e-01 3.83261561e-01
    7.14953184e-01 7.75226414e-01 5.29306233e-02 7.61041522e-01
    6.02490604e-02 2.14531392e-01 1.22396052e-02 6.72299147e-01
    3.71459424e-02 8.07883263e-01 3.55463862e-01 1.72106832e-01
    1.68389529e-01 8.58597457e-01 6.43599033e-01 8.24870467e-02
    1.68619961e-01 4.47770655e-02 6.33509755e-01 9.63101387e-01
    9.85369742e-01 4.97402430e-01 7.10307360e-01 1.59987211e-02
    7.36334980e-01 4.58688527e-01 2.56399214e-01 8.64732265e-01
    9.88900363e-01 5.18434823e-01 8.72402668e-01 7.22048104e-01
    5.02340674e-01 1.61677301e-01 5.22316456e-01 1.16979837e-01
    8.86399508e-01 6.98367953e-02 2.00325996e-01 4.96725231e-01
    9.05677199e-01 4.67272401e-01 6.65092647e-01 4.06288743e-01
    7.27054596e-01 2.66749233e-01 2.14104533e-01 8.99340630e-01
    9.49870825e-01 3.31182301e-01 2.83912718e-01 4.96964186e-01
    9.68820572e-01 4.39016610e-01 5.74750483e-01 3.11219811e-01
    9.42689776e-02 5.13602674e-01 1.24498188e-01 2.98111796e-01
    9.69568610e-01 4.92335856e-02 5.50293088e-01 1.71216190e-01
    9.45406616e-01 8.15186620e-01 3.02338898e-01 2.60052145e-01
    1.57192856e-01 8.72471452e-01 2.00728357e-01 3.52058709e-02
    4.50225621e-01 8.75248790e-01 1.93393350e-01 9.17502224e-01
    6.51508570e-01 9.86842871e-01 6.30853057e-01 8.70349288e-01
    1.15861952e-01 9.37842846e-01 3.95820677e-01 6.72190666e-01
    2.79541045e-01 7.58881390e-01 4.96643275e-01 2.07722485e-02
    8.61074924e-01 1.58346891e-02 5.05956233e-01 3.93443704e-02
    6.39256954e-01 2.76943475e-01 7.08843291e-01 3.97575140e-01
    4.58706796e-01 6.07508361e-01 4.61731553e-01 2.61896670e-01
    1.51286960e-01 9.69141901e-01 6.70970559e-01 7.28575826e-01
    5.89859426e-01 6.51352584e-01 5.05896688e-01 6.58310175e-01
    4.99583781e-01 6.58320189e-01 1.50326312e-01 6.43755376e-01
    4.40199316e-01 7.86365032e-01 2.64501572e-02 7.44162679e-01
    4.74903107e-01 2.41369158e-01 8.60732734e-01 9.63732302e-02
    5.51430166e-01 4.74707723e-01 7.09476769e-02 7.81588376e-01
    8.53997111e-01 4.73938018e-01 2.82350630e-01 4.97963369e-01
    6.31922662e-01 9.66881037e-01 7.83266127e-02 7.11364686e-01
    5.71280479e-01 5.45693576e-01 1.97268546e-01 8.83760154e-02
    5.00806749e-01 9.43121314e-03 8.20595384e-01 5.69889665e-01
    5.80422759e-01 3.69054854e-01 1.63019329e-01 6.47513986e-01
    2.33967036e-01 2.24990964e-01 2.45290935e-01 2.49393165e-01
    1.60056710e-01 5.08997381e-01 1.76286787e-01 6.30218029e-01
    7.96866000e-01 8.12330663e-01 2.84134775e-01 9.00368214e-01
    8.54479373e-02 6.49217367e-01 8.20459247e-01 5.42098701e-01
    6.78873956e-01 3.52220923e-01 9.62996721e-01 7.16959536e-02
    2.33593971e-01 2.39570022e-01 4.29232925e-01 7.30815232e-01
    9.71547723e-01 8.57288599e-01 5.09917021e-01 9.05161679e-01
    7.04453468e-01 3.02033603e-01 7.21173882e-02 3.92940640e-02
    8.15337539e-01 1.15174443e-01 6.73035264e-01 6.33668840e-01
    4.56264675e-01 2.36988306e-01 3.09618711e-01 6.31081223e-01
    7.23874867e-02 2.60485888e-01 8.79867077e-02 5.74539006e-01
    4.05831099e-01 1.32633179e-01 5.95294237e-02 4.50757653e-01
    7.77833581e-01 1.05867356e-01 8.63347650e-01 1.00026399e-01
    6.24399960e-01 2.71079242e-02 8.50677490e-01 9.40158188e-01
    8.36098611e-01 3.51115793e-01 8.78106236e-01 4.89338785e-01
    3.66441131e-01 9.26031113e-01 9.84663963e-01 8.42259943e-01
    2.87339866e-01 1.75250113e-01 7.13232160e-03 4.77543563e-01
    8.16328526e-01 2.82889009e-01 1.83464587e-02 1.41688257e-01
    1.58006608e-01 8.19763303e-01 8.80767822e-01 9.69345272e-02
    3.26054811e-01 5.44422865e-01 9.99321461e-01 8.33592713e-02
    9.90920842e-01 7.71706879e-01 4.70621884e-01 1.50494844e-01
    7.75426805e-01 4.07703787e-01 1.58976674e-01 9.99961436e-01
    5.14648795e-01 2.00713933e-01 4.64989364e-01 6.95913553e-01
    2.99939632e-01 6.07855082e-01 9.87250507e-01 5.03975391e-01
    6.28998280e-01 6.38072073e-01 7.41904914e-01 3.10699582e-01
    6.87005818e-02 7.02007294e-01 3.59800220e-01 8.86500955e-01
    3.95177782e-01 9.53902841e-01 4.76570606e-01 6.23655796e-01
    3.75354022e-01 6.87164783e-01 2.59590447e-02 8.42629790e-01
    8.99899721e-01 2.72970676e-01 3.18168402e-01 3.03349376e-01
    4.55359161e-01 2.10509688e-01 5.01904726e-01 4.09026355e-01
    3.34778190e-01 6.10298574e-01 7.40039349e-01 3.76803517e-01
    3.92705292e-01 8.60199094e-01 1.33036494e-01 2.52252162e-01
    8.82988214e-01 4.78890508e-01 8.30706835e-01 5.04022241e-01
    9.74235237e-01 4.11822617e-01 9.88746405e-01 7.29595959e-01
    6.59679353e-01 8.14247966e-01 8.88328433e-01 8.86647344e-01
    2.30798841e-01 7.79990017e-01 7.77321696e-01 3.82013917e-01
    2.14659065e-01 2.99086064e-01 2.83305705e-01 3.72339845e-01
    8.84469867e-01 9.84217405e-01 4.13107812e-01 6.46730661e-01
    3.03274155e-01 5.42105794e-01 8.26041877e-01 4.28867906e-01
    7.85017550e-01 8.62898052e-01 2.23760724e-01 8.65383267e-01
    8.11494708e-01 1.15553647e-01 2.96164870e-01 1.00763917e-01
    3.61535639e-01 2.32542068e-01 4.54411119e-01 7.71544576e-01
    1.16380423e-01 2.71102726e-01 9.29578543e-01 3.78993839e-01
    8.33007336e-01 6.31307125e-01 3.05576116e-01 6.37934089e-01
    8.29103947e-01 1.51005268e-01 5.19131362e-01 7.20258594e-01
    7.68774509e-01 8.79487514e-01 1.33430064e-01 4.49478239e-01
    9.79282618e-01 6.47662997e-01 1.63733006e-01 2.20067680e-01
    7.99673915e-01 7.15820611e-01 8.75730515e-02 1.20808780e-01
    2.77999043e-02 9.61806178e-01 4.24608916e-01 8.23963344e-01
    6.82467282e-01 3.76482189e-01 5.28786898e-01 8.75744820e-01
    3.78519446e-01 3.36536765e-03 3.18015724e-01 8.62353206e-01
    7.48351693e-01 3.87141615e-01 2.42118686e-01 3.46844971e-01
    8.80127549e-01 5.93913615e-01 6.95063531e-01 6.00411117e-01
    2.11423337e-02 8.56410563e-01 7.22520530e-01 5.19937813e-01
    4.91457999e-01 6.99864566e-01 4.97027755e-01 1.82457268e-02
    7.74482608e-01 5.16952097e-01 5.15884936e-01 4.76610541e-01
    7.60451078e-01 8.18102956e-01 6.93167269e-01 1.49356455e-01
    6.52209044e-01 6.72417581e-02 8.41730297e-01 3.93953472e-01
    1.63045019e-01 5.09862363e-01 1.16286516e-01 6.10889375e-01
    7.85917521e-01 4.16147590e-01 8.16507220e-01 7.85303235e-01
    7.33517110e-01 4.65270072e-01 6.72899306e-01 7.02377915e-01
    5.50710440e-01 3.83808404e-01 2.12999642e-01 6.17972016e-03
    5.33843040e-01 4.72524852e-01 7.78961897e-01 4.72017288e-01
    5.00404239e-02 9.52126801e-01 4.08789992e-01 4.69913840e-01
    1.68067783e-01 4.25032556e-01 5.12214482e-01 8.44711065e-01
    2.89910734e-02 8.06105256e-01 8.02215815e-01 2.22207069e-01
    5.82741022e-01 6.82950795e-01 2.26854265e-01 1.51709467e-01
    4.16074067e-01 5.68131626e-01 5.04301429e-01 1.47448480e-02
    9.95282233e-02 8.35331202e-01 1.32803589e-01 7.13067651e-01
    4.34795529e-01 2.57219821e-01 5.30954957e-01 6.59944236e-01
    1.28170282e-01 5.80610037e-01 9.47801948e-01 8.31418037e-01
    4.96978551e-01 5.20793498e-02 1.35859609e-01 3.33049834e-01
    6.08104944e-01 7.69400120e-01 8.60291421e-02 2.22404033e-01
    6.76897526e-01 9.85018730e-01 9.84707236e-01 6.88278139e-01
    1.47501081e-01 9.56483245e-01 4.63080168e-01 7.29239106e-01
    7.10720062e-01 8.99862766e-01 5.12852252e-01 5.88787377e-01
    5.30708671e-01 9.40319896e-01 4.56450164e-01 3.83835733e-01
    2.23843873e-01 8.99268866e-01 8.37593317e-01 2.90557265e-01
    2.45517075e-01 8.76961708e-01 6.92677379e-01 5.67846298e-01
    4.89558905e-01 9.24290895e-01 3.27614397e-01 4.48143035e-01
    7.19485641e-01 4.26959664e-01 9.10856485e-01 8.49454045e-01
    9.10515189e-01 3.78930390e-01 6.03763878e-01 8.00096393e-01
    5.96422315e-01 3.93316239e-01 5.07259429e-01 8.25056195e-01
    8.43935311e-01 1.18453652e-01 9.36253309e-01 8.53960216e-02
    5.05282760e-01 3.89339358e-01 3.93227220e-01 8.72491896e-01
    6.31999135e-01 6.73460841e-01 9.40113485e-01 3.54868054e-01
    6.32095933e-01 4.37398016e-01 3.21383655e-01 4.72396880e-01
    8.43275070e-01 3.57755899e-01 1.47199631e-03 6.09319806e-01
    3.42927635e-01 6.56762183e-01 5.62107563e-03 8.00093651e-01
    8.12268138e-01 3.72633278e-01 6.27871752e-01 9.60547090e-01
    1.16682470e-01 5.86224079e-01 7.59950876e-02 6.91932201e-01
    4.77446258e-01 1.44152373e-01 6.57745123e-01 6.42403126e-01
    1.28047556e-01 4.98062372e-02 5.08119762e-01 7.85423815e-01
    4.63785321e-01 7.61727989e-01 5.21404862e-01 7.67941236e-01
    1.96172327e-01 1.43379658e-01 2.52510875e-01 8.63968253e-01
    8.19276452e-01 2.49786347e-01 6.16857052e-01 7.20352530e-02
    5.40620208e-01 4.46375012e-01 7.69026995e-01 2.24268764e-01
    2.34616160e-01 2.33360827e-02 5.40571332e-01 2.99841434e-01
    4.96416807e-01 6.19535446e-01 5.05592048e-01 6.33949816e-01
    5.35320997e-01 7.87544966e-01 5.26908159e-01 5.26902795e-01
    8.97527814e-01 8.05064082e-01 9.02857542e-01 9.58085179e-01
    3.46055031e-02 7.28716135e-01 8.98760378e-01 9.81598854e-01
    6.75874889e-01 1.36855960e-01 1.46835357e-01 4.36700106e-01
    7.03499198e-01 5.71118891e-01 5.50209045e-01 5.86563349e-03
    8.93824220e-01 5.40251255e-01 9.89157319e-01 6.26785636e-01
    1.54949516e-01 7.85541356e-01 5.49049497e-01 9.75008011e-01
    2.56857127e-01 7.57611990e-02 7.71320105e-01 6.27613246e-01
    6.97069645e-01 3.66288245e-01 5.33537149e-01 6.26513720e-01
    7.79216766e-01 1.95142388e-01 9.06563282e-01 7.66753554e-01
    6.71312273e-01 7.17808783e-01 1.34915501e-01 1.30605966e-01
    5.64879298e-01 3.29388678e-01 3.46667171e-01 5.09886801e-01
    7.53154278e-01 9.60233212e-01 2.58235216e-01 9.64803696e-01
    6.10966027e-01 3.03274333e-01 5.20780802e-01 9.60608482e-01
    8.97207022e-01 7.12855756e-02 8.02613020e-01 5.16848028e-01
    9.19393301e-01 9.97135639e-01 6.65321231e-01 3.91631782e-01
    1.93823367e-01 3.09366286e-01 6.20133877e-01 1.54263735e-01
    2.93931365e-01 7.32260048e-01 8.16341758e-01 6.13983035e-01
    5.74136972e-02 7.20340192e-01 2.33675569e-01 1.72880888e-01
    2.70022273e-01 7.99892545e-01 7.96245933e-01 7.78342605e-01
    4.67154205e-01 3.90220076e-01 4.81372952e-01 6.08498871e-01
    3.34452987e-01 4.48411703e-01 2.59076178e-01 7.45252371e-01
    1.73549324e-01 7.42644072e-01 8.04441214e-01 6.20556653e-01
    4.14518028e-01 9.27738667e-01 6.25660360e-01 1.68121159e-02
    6.57991171e-01 2.66154647e-01 2.83588082e-01 7.01375723e-01
    3.10688049e-01 7.53108621e-01 3.47264141e-01 6.85847104e-01
    2.28686929e-01 9.00351405e-01 5.13245821e-01 9.46140528e-01
    5.12462854e-01 1.21268094e-01 5.43589890e-01 5.19998491e-01
    1.64078772e-02 9.03636575e-01 2.81616151e-02 7.96857357e-01
    6.29949689e-01 7.07556605e-02 8.46768081e-01 5.74756980e-01
    2.37315893e-01 7.15658665e-01 5.87572217e-01 5.91613173e-01
    1.85875565e-01 5.13307452e-01 5.53388119e-01 2.72852778e-01
    2.20862746e-01 7.69366264e-01 7.70068467e-01 2.41880685e-01
    6.36533856e-01 6.44263327e-02 4.48215425e-01 2.97529399e-02
    6.39401317e-01 9.10311937e-01 7.21172869e-01 1.30402237e-01
    4.87165928e-01 7.18481362e-01 1.11812741e-01 8.23118091e-02
    1.16292775e-01 1.95475519e-01 9.46841359e-01 2.13736117e-01
    6.56964302e-01 9.63024020e-01 6.44479394e-01 5.25755823e-01
    7.72974491e-02 1.65867180e-01 4.49958146e-02 9.46054220e-01
    9.49693084e-01 4.09477115e-01 9.48452115e-01 7.87375450e-01
    4.36176836e-01 8.44242096e-01 2.20002264e-01 7.14460552e-01
    6.14771962e-01 9.86740470e-01 4.48152483e-01 7.25837648e-01
    3.49091709e-01 8.42002153e-01 8.12489986e-01 1.14077419e-01
    4.10023302e-01 3.07843208e-01 9.61115241e-01 7.92514682e-01
    1.85542405e-02 8.76305819e-01 6.77461624e-01 4.36375201e-01
    6.98120296e-02 6.41136050e-01 2.81066298e-02 3.38704348e-01
    3.46768022e-01 1.31408930e-01 5.31364143e-01 2.86138177e-01
    3.36676717e-01 7.21325040e-01 4.66686755e-01 9.78842378e-01
    9.41579580e-01 8.38272691e-01 9.58285809e-01 6.55226290e-01
    3.77474129e-01 2.95631707e-01 9.20003176e-01 4.03773725e-01
    4.63059604e-01 6.45751357e-01 2.61349112e-01 1.91237152e-01
    5.75935662e-01 4.76370335e-01 9.39719021e-01 5.74645519e-01
    8.84209692e-01 1.14177763e-01 5.94408989e-01 8.57748270e-01
    1.83163017e-01 9.40937161e-01 1.10489607e-01 8.41193199e-01
    5.97313166e-01 2.88406730e-01 3.23255658e-02 3.66383672e-01
    6.15440011e-02 6.28427029e-01 1.63710833e-01 6.07842088e-01
    8.85761976e-02 5.62667251e-02 3.16693187e-02 6.15584075e-01
    7.28306949e-01 7.46236563e-01 2.34521389e-01 7.45417058e-01
    4.30334419e-01 2.04048663e-01 3.52253258e-01 1.31072551e-01
    4.21654731e-01 3.37510079e-01 7.71854997e-01 7.67938614e-01
    6.18983805e-02 4.27028894e-01 2.00797379e-01 5.73401392e-01
    2.12033868e-01 6.10158086e-01 3.16931278e-01 8.30179751e-01
    4.41137642e-01 4.32746261e-01 2.07646251e-01 2.12589502e-02
    3.99180710e-01 6.79667652e-01 9.87581730e-01 4.55848157e-01
    6.20175958e-01 7.16414332e-01 4.86272037e-01 1.99335575e-01
    1.79620922e-01 8.24244618e-01 6.22191906e-01 3.21215332e-01
    6.27817631e-01 2.65070230e-01 2.73015261e-01 6.69483483e-01
    1.28065348e-02 5.41888237e-01 8.46141696e-01 2.22910255e-01
    2.00502574e-01 5.37601113e-01 9.15156484e-01 4.29948151e-01
    9.16746497e-01 5.25813162e-01 7.16990232e-01 8.78420174e-01
    7.04941690e-01 6.81592703e-01 1.83011293e-01 4.31777030e-01
    1.67789400e-01 1.91318482e-01 8.88611436e-01 2.44739801e-01
    6.55860066e-01 7.43690133e-01 2.54109979e-01 5.57528913e-01
    2.62974203e-01 4.75040913e-01 2.67716974e-01 6.29043460e-01
    5.18159509e-01 6.49732947e-01 9.91405964e-01 8.18675458e-01
    7.39536941e-01 5.96971512e-02 7.28704035e-02 7.40607381e-01
    2.25478470e-01 4.90210056e-02 7.13338017e-01 8.50398839e-01
    4.42059845e-01 3.06208968e-01 9.47239757e-01 6.77764416e-02
    2.99126267e-01 9.36437726e-01 5.04447937e-01 8.92052650e-01
    8.30061913e-01 6.96471989e-01 7.64373541e-01 7.56705165e-01
    6.32259130e-01 6.16714120e-01 1.71409398e-01 8.31290126e-01
    9.64555621e-01 1.87234432e-01 1.67318970e-01 1.87563449e-01
    6.27212167e-01 9.04321671e-01 9.25060868e-01 3.19716990e-01
    5.97592592e-01 1.34183735e-01 2.58709073e-01 2.88136065e-01
    9.67098355e-01 6.64739251e-01 5.37815690e-02 7.97511339e-01
    7.56580532e-02 9.36339021e-01 4.61227775e-01 1.56038284e-01
    7.71523714e-02 6.50329888e-01 7.23837495e-01 5.15218735e-01
    5.32973945e-01 6.14283979e-02 7.74123609e-01 2.33448088e-01
    8.17390919e-01 1.76741242e-01 3.09480250e-01 8.40564132e-01
    2.10389495e-02 4.06497657e-01 9.88861680e-01 7.12232351e-01
    2.66364902e-01 4.30929780e-01 1.52351975e-01 9.14632559e-01
    6.66607141e-01 2.92581081e-01 4.80860174e-02 6.03311360e-01
    1.44221187e-01 8.21428895e-01 5.74509442e-01 3.67568433e-01
    6.26901269e-01 5.85680604e-02 1.28529757e-01 2.11479962e-01
    7.32901573e-01 4.05810088e-01 4.60359246e-01 6.35527968e-01
    5.13182998e-01 7.77607083e-01 2.37915903e-01 6.43643141e-02
    6.70963764e-01 6.24231219e-01 6.42714977e-01 5.31109571e-01
    6.26546979e-01 9.37762558e-01 3.65147829e-01 3.12844276e-01
    9.62008357e-01 9.76085544e-01 4.05646890e-01 3.60105217e-01
    7.43805349e-01 6.49612188e-01 7.17310309e-01 6.66085660e-01
    7.46823251e-01 2.57682234e-01 4.79648143e-01 7.81555772e-02
    7.68054605e-01 4.10167068e-01 4.47311997e-02 9.41376567e-01
    7.70963192e-01 7.55258441e-01 8.65098059e-01 2.92868286e-01
    8.39902997e-01 9.10434365e-01 7.49154985e-02 5.03637254e-01
    6.25740707e-01 4.96843636e-01 3.36888373e-01 7.77208209e-01
    6.10669553e-01 9.56881583e-01 7.14105725e-01 5.82574427e-01
    9.82273936e-01 2.30974555e-01 3.55915695e-01 5.20881057e-01
    4.85880136e-01 6.76367283e-02 3.72845352e-01 4.60968137e-01
    1.64175183e-01 1.69312358e-02 7.76460767e-01 2.79588401e-02
    5.65035939e-01 3.28709543e-01 6.52645588e-01 4.84617025e-01
    9.52971578e-01 7.69994855e-01 5.67227066e-01 9.19321597e-01
    5.12328923e-01 3.91120315e-01 1.65552676e-01 1.37930512e-02
    8.29902172e-01 5.32037437e-01 7.54423738e-01 8.12773705e-02
    3.44612062e-01 8.25115502e-01 5.65958738e-01 8.25307965e-01
    7.83566356e-01 3.52976263e-01 7.16653466e-01 7.71037698e-01
    4.67507422e-01 8.10629249e-01 2.37644911e-02 5.18908739e-01
    4.30264533e-01 9.40789819e-01 6.30686283e-01 9.91370082e-01
    6.53171062e-01 1.64673865e-01 3.31932902e-02 9.10445809e-01
    1.93510920e-01 2.90527821e-01 9.41098928e-02 7.59017289e-01
    6.44170821e-01 5.63858628e-01 5.06046414e-02 6.28202081e-01
    9.38897610e-01 6.26583338e-01 1.08409226e-02 2.89212346e-01
    8.50741506e-01 4.82781231e-01 2.48560637e-01 5.42027652e-01
    9.96376872e-02 7.40055978e-01 6.61232352e-01 4.09372151e-01
    5.14582396e-01 6.59508705e-02 8.38987470e-01 2.11951435e-02
    3.74913812e-01 5.66549063e-01 5.45189857e-01 5.35704315e-01
    5.61814368e-01 5.05456924e-02 1.07633919e-01 5.53607881e-01
    4.63860184e-01 1.95658863e-01 9.47710037e-01 2.29978591e-01
    6.64388418e-01 2.07362503e-01 7.33088851e-01 4.34515238e-01
    6.72686756e-01 4.40032125e-01 3.41720164e-01 6.92893267e-01
    9.31227326e-01 3.65689099e-01 5.95225096e-01 8.51258755e-01
    7.41356015e-02 2.35782653e-01 5.68170607e-01 2.15230882e-02
    4.65104669e-01 6.03821278e-02 6.75360560e-01 2.94218391e-01
    3.98262203e-01 2.91934758e-01 3.67273629e-01 6.36819839e-01
    7.66683578e-01 3.00887197e-01 9.14530337e-01 8.37687850e-01
    7.96189070e-01 5.07003784e-01 7.26560712e-01 7.03869462e-02
    5.89243531e-01 1.43579662e-01 2.31216043e-01 4.73213136e-01
    9.74387765e-01 6.10046387e-01 4.99402136e-01 3.67826462e-01
    1.01520538e-01 9.82709467e-01 1.02153122e-01 9.87186730e-01
    3.19203913e-01 6.23089075e-02 2.78903544e-01 9.08553004e-01
    9.11098361e-01 9.71610069e-01 9.01437402e-02 4.76855397e-01
    5.32259643e-02 2.12025940e-02 5.02334714e-01 2.50544846e-02
    1.30225927e-01 6.38232589e-01 2.67718911e-01 8.95020127e-01
    4.73013461e-01 5.96363127e-01 7.20550001e-01 8.41260314e-01
    2.30417252e-02 7.87296712e-01 1.16180271e-01 3.14094007e-01
    1.16434693e-02 8.62585127e-01 1.52722239e-01 8.79225016e-01
    2.06897229e-01 5.91963410e-01 1.11577988e-01 2.84276962e-01
    9.71327901e-01 1.99931115e-01 5.02823353e-01 6.39924109e-01
    4.89777625e-02 1.46055073e-01 8.94305468e-01 5.06917059e-01
    4.64963913e-01 5.38068593e-01 1.97256565e-01 4.64465559e-01
    2.25978613e-01 3.43664229e-01 4.30131674e-01 3.72854441e-01
    4.82730359e-01 6.33999944e-01 3.57255369e-01 8.07708263e-01
    8.49112809e-01 8.45428884e-01 5.64454794e-01 7.91307449e-01
    4.59220886e-01 8.54027867e-01 8.05699706e-01 5.08409083e-01
    9.07739997e-01 3.18726242e-01 1.94544464e-01 7.33934283e-01
    6.63572848e-01 9.89182293e-01 6.75885916e-01 4.38324481e-01
    4.05983269e-01 5.90931952e-01 4.07843828e-01 1.82846576e-01
    6.97346687e-01 3.44624221e-01 4.15794969e-01 9.81556773e-01
    3.57032418e-02 5.27409673e-01 6.56814694e-01 3.85057211e-01
    1.31802678e-01 1.27104819e-01 4.29848552e-01 3.73042315e-01
    2.65752047e-01 6.51708364e-01 3.26676100e-01 2.65306562e-01
    4.31188226e-01 1.07248127e-02 1.27985954e-01 5.05238056e-01
    7.86812663e-01 4.21786308e-01 9.83978808e-01 8.32706690e-01
    4.83558029e-01 2.09944844e-02 9.51986074e-01 2.36869127e-01
    6.73915625e-01 5.73896170e-02 6.22916877e-01 1.39559805e-01
    2.28508264e-01 4.78884697e-01 7.22119331e-01 9.17157888e-01
    9.63648915e-01 9.47616100e-02 8.13967109e-01 1.46735340e-01
    9.15668964e-01 8.69573057e-01 8.00960064e-01 7.98884392e-01
    1.98908687e-01 1.96564376e-01 7.90620506e-01 3.03154409e-01
    6.04651272e-01 7.35572815e-01 8.42911482e-01 2.23336339e-01
    5.35249352e-01 9.12341475e-03 1.30433470e-01 9.04407263e-01
    7.35519230e-01 3.26749384e-01 5.04340172e-01 4.19736743e-01
    1.74021035e-01 7.60708630e-01 1.24243200e-01 4.04820621e-01
    3.21527362e-01 5.97408354e-01 4.84157443e-01 8.00545394e-01
    3.56872886e-01 5.12769341e-01 2.77667940e-01 4.33190197e-01
    9.69320357e-01 8.99054408e-02 1.54968292e-01 1.82213783e-02
    2.36923069e-01 1.53082460e-01 1.86594635e-01 6.78893209e-01
    5.59259653e-01 1.55671239e-02 5.91453075e-01 1.99524105e-01
    5.77255905e-01 1.14767969e-01 9.91612852e-01 4.94485945e-01
    6.45625830e-01 8.98334146e-01 8.83567572e-01 3.76111299e-01
    3.28459740e-02 2.90391862e-01 2.71178067e-01 9.47195172e-01
    3.40766966e-01 3.64947915e-01 5.55591285e-02 5.84770799e-01
    7.32744455e-01 1.71286374e-01 9.78004932e-01 8.67251396e-01
    3.68752778e-01 9.60044265e-02 8.06641102e-01 1.99906975e-01
    2.54678726e-03 9.35222268e-01 5.99466503e-01 7.87901223e-01
    8.84048343e-01 5.36185443e-01 5.88648677e-01 5.92565536e-01
    6.62666857e-01 2.25658298e-01 9.37058091e-01 4.54402566e-02
    8.39190304e-01 6.91853881e-01 6.22341871e-01 8.98390412e-01
    8.77296746e-01 9.30930138e-01 8.69022846e-01 8.12258542e-01
    1.46441609e-01 3.83628130e-01 2.42580950e-01 7.64216304e-01
    4.37486410e-01 7.99081802e-01 1.61694974e-01 7.11472094e-01
    9.59407926e-01 9.61081684e-02 8.19710016e-01 6.42265141e-01
    9.87426996e-01 1.49222344e-01 2.49675184e-01 3.98483008e-01
    2.26788998e-01 1.40758872e-01 4.29623693e-01 4.17011380e-01
    7.93791056e-01 3.07993054e-01 1.43253565e-01 1.60966605e-01
    8.26674461e-01 9.22394991e-01 5.05318046e-01 6.27710700e-01
    6.68254554e-01 4.17929560e-01 4.06642914e-01 6.05339110e-01
    4.38831449e-01 1.58580065e-01 3.16623330e-01 4.42043543e-01
    6.93072677e-02 1.37087494e-01 6.52004659e-01 2.88457036e-01
    9.22316015e-02 1.05512947e-01 3.02271843e-02 5.60358167e-01
    5.07147729e-01 1.89316124e-01 5.46607673e-02 1.18731290e-01
    1.50083423e-01 9.77519989e-01 5.72944641e-01 9.64059234e-01
    2.72898674e-02 3.87886465e-01 7.96914399e-01 6.92467809e-01
    7.59080231e-01 9.09328163e-02 7.34196365e-01 6.47532046e-01
    1.79552466e-01 4.90220726e-01 6.46465003e-01 4.43121791e-02
    5.37889361e-01 2.98983753e-02 3.38722527e-01 4.13778305e-01
    8.42519403e-01 8.31372857e-01 7.76896000e-01 7.55745173e-03
    5.57632923e-01 9.76094067e-01 5.15882611e-01 1.73070699e-01
    1.60825729e-01 4.58218694e-01 5.59163749e-01 4.04516876e-01
    7.38393664e-01 3.45888823e-01 4.09121513e-02 4.79056329e-01
    2.56106257e-03 2.65045255e-01 3.74454319e-01 8.64916563e-01
    5.43182671e-01 3.64407361e-01 3.55674326e-01 3.07741225e-01
    9.83101964e-01 4.50391650e-01 1.95913166e-01 4.01803106e-01
    6.61492229e-01 5.21222949e-01 5.27477920e-01 5.76755702e-01
    9.87491965e-01 9.71770644e-01 1.20486587e-01 5.15806854e-01
    6.67631030e-02 7.72687674e-01 7.65425801e-01 5.28535426e-01
    1.24368817e-01 4.31103557e-01 3.61844480e-01 6.71427727e-01
    2.54936814e-02 6.21313214e-01 9.59897459e-01 3.74951422e-01
    5.93759477e-01 3.52317125e-01 7.57805347e-01 4.93527919e-01
    9.96720433e-01 2.87415326e-01 2.47162163e-01 6.80132627e-01
    2.88047940e-01 9.27088380e-01 1.65125549e-01 6.51252747e-01
    5.04449248e-01 2.14226991e-01 5.30081809e-01 2.42460132e-01
    9.19452369e-01 9.29220796e-01 6.06150627e-01 3.57740164e-01
    3.40580374e-01 7.86460042e-01 2.44095683e-01 8.73633027e-01
    9.71970141e-01 2.27086395e-01 7.90082812e-01 5.69892526e-01
    1.30373389e-01 2.56732941e-01 9.18183446e-01 7.72452950e-01
    5.78596771e-01 6.72538042e-01 2.88548887e-01 5.23321211e-01
    8.77333045e-01 7.50316262e-01 2.51376450e-01 1.85555279e-01
    3.75928313e-01 5.73113561e-02 3.49764079e-01 2.40975916e-01
    8.32508266e-01 2.42524981e-01 9.34518576e-02 2.43154377e-01
    8.08666706e-01 9.21491623e-01 9.05448258e-01 9.83253717e-01
    7.92296708e-01 9.04121995e-02 9.09415960e-01 2.27250516e-01
    4.79414552e-01 4.75087166e-02 6.06587172e-01 1.46536887e-01
    6.16662145e-01 6.07168913e-01 6.53363943e-01 3.75556409e-01
    5.77763557e-01 2.91719437e-01 3.09993416e-01 9.80229557e-01
    1.78877711e-01 4.67713028e-01 8.03974152e-01 2.42567599e-01
    2.54746616e-01 4.09785956e-01 9.66469824e-01 7.30442762e-01
    5.75814724e-01 7.27898657e-01 4.29953098e-01 7.30563402e-02
    8.66736412e-01 6.99108362e-01 1.28791034e-02 7.25498736e-01
    6.81768477e-01 7.24437416e-01 5.96170068e-01 7.89510131e-01
    1.20981127e-01 8.15313458e-02 7.66049623e-02 2.40959257e-01
    4.20595229e-01 1.70940191e-01 7.38414645e-01 9.43222880e-01
    6.46744668e-01 1.25634044e-01 8.21079016e-01 3.89214635e-01
    1.91056579e-01 7.93999255e-01 5.18117845e-01 2.83587158e-01
    5.60738087e-01 9.86889541e-01 8.37413669e-02 7.05410719e-01
    4.63200390e-01 9.03650820e-01 6.12067223e-01 8.15052986e-02
    2.58601010e-01 9.06625748e-01 4.45436656e-01 1.68479294e-01
    5.02589464e-01 1.28668696e-01 5.97251713e-01 4.10926878e-01
    3.14255238e-01 4.05347645e-01 7.39383399e-01 8.31164539e-01
    4.77219760e-01 8.35874438e-01 5.49306571e-02 2.94673115e-01
    2.90382862e-01 2.87472606e-01 9.34546053e-01 8.87603402e-01
    5.26831210e-01 5.11010110e-01 1.68587923e-01 3.88753712e-02
    8.19113612e-01 5.65613747e-01 1.36185586e-01 2.25523114e-01
    1.12064779e-02 4.02324885e-01 4.09929097e-01 9.14602041e-01
    4.76419955e-01 5.58763742e-03 3.86383802e-01 9.86447453e-01
    9.73055363e-01 5.88156581e-02 8.33534002e-01 3.15730274e-01
    2.93919086e-01 9.42779481e-01 7.40615249e-01 7.87857413e-01
    9.39088523e-01 2.87408710e-01 6.16943717e-01 7.02847838e-01
    9.18833971e-01 4.46531236e-01 2.29534894e-01 8.87223065e-01
    7.58088648e-01 2.74319410e-01 5.91481984e-01 6.32368922e-01
    1.50497913e-01 5.02902508e-01 2.61972457e-01 5.66015899e-01
    4.00605977e-01 5.12583971e-01 3.91766548e-01 5.17814279e-01
    9.88181651e-01 4.09926474e-01 9.21877444e-01 2.36781836e-01
    1.77991986e-01 3.20321321e-03 1.51524633e-01 3.15630138e-01
    9.28097010e-01 9.18176293e-01 7.02767968e-02 3.83443534e-01
    7.29150891e-01 9.02928650e-01 3.70715201e-01 1.52704775e-01
    3.08237135e-01 9.49110150e-01 6.68647766e-01 1.76886588e-01
    4.95041639e-01 9.43560600e-01 6.15028620e-01 2.45140851e-01
    9.45667267e-01 2.36091435e-01 1.32840514e-01 2.20423222e-01
    7.34675765e-01 3.21077406e-01 8.38901222e-01 4.99017209e-01
    4.35748279e-01 7.99049020e-01 2.75431216e-01 3.00155461e-01
    4.74860638e-01 1.19724214e-01 1.03858382e-01 9.12430525e-01
    2.25514561e-01 2.13201940e-02 7.08143830e-01 4.46184963e-01
    4.12092298e-01 6.88521564e-02 7.63922095e-01 4.52295661e-01
    9.91885066e-01 1.20201021e-01 1.69070899e-01 1.53688043e-01
    3.15192640e-02 3.21099758e-02 1.37104362e-01 8.99450958e-01
    5.23769855e-01 7.18522072e-02 4.49177206e-01 1.78040564e-01
    2.20529288e-01 6.64757252e-01 1.98036700e-01 2.14171231e-01
    7.80867100e-01 3.57787400e-01 5.56580544e-01 3.55498344e-01
    2.27784872e-01 5.70046604e-01 2.81215250e-01 6.61333084e-01
    3.61596227e-01 7.38461077e-01 6.20033264e-01 4.33488131e-01
    9.54741240e-01 9.03887153e-01 1.70849651e-01 3.69008243e-01
    8.37273479e-01 1.83996826e-01 6.06388509e-01 9.81924534e-01
    9.12883520e-01 6.33806586e-01 4.52355862e-01 1.58037394e-01
    5.85696816e-01 2.28529572e-01 6.71881318e-01 4.46560532e-01
    9.90061641e-01 4.77326214e-02 6.24169946e-01 2.27906644e-01
    3.53749394e-01 5.91295123e-01 7.43041098e-01 3.25855076e-01
    8.41066122e-01 7.90569901e-01 4.67256695e-01 3.70128155e-01
    6.44287527e-01 9.97937679e-01 6.62174106e-01 8.20581198e-01
    1.53088212e-01 9.19670105e-01 8.61643314e-01 8.08877766e-01
    5.91260612e-01 4.22760367e-01 4.90487665e-01 4.49373811e-01
    3.99827838e-01 5.53915143e-01 1.39576197e-03 1.99352205e-02
    7.17859089e-01 4.50904787e-01 6.58701122e-01 9.28861201e-02
    3.54112864e-01 5.37811697e-01 8.78736317e-01 2.53224462e-01
    6.31833911e-01 6.51414752e-01 3.42334330e-01 1.58212543e-01
    6.40905321e-01 1.53820544e-01 1.26216739e-01 8.38382840e-01
    8.60051751e-01 2.76433080e-01 9.83786702e-01 6.88560724e-01
    6.15790427e-01 8.48247349e-01 6.78812146e-01 2.15191513e-01
    6.24423742e-01 8.40983033e-01 3.12450528e-01 9.28059816e-01
    5.15431464e-02 4.94622886e-01 1.21909171e-01 5.79602480e-01
    2.44349957e-01 7.14230835e-01 9.15268660e-01 8.99942398e-01
    7.81983078e-01 9.31908607e-01 2.79358983e-01 3.44759822e-02
    4.79194105e-01 7.61161685e-01 1.31744057e-01 1.22413874e-01
    1.86824948e-01 5.77775002e-01 6.17906213e-01 2.44174272e-01
    5.11777699e-01 7.97514200e-01 1.28938913e-01 9.88671482e-02
    5.77690601e-01 4.64467108e-02 5.76443434e-01 2.91666329e-01
    4.49758261e-01 6.53403223e-01 5.18387794e-01 3.04539025e-01
    3.27161163e-01 1.80795312e-01 5.99696040e-01 7.62738347e-01
    3.83025587e-01 5.60017049e-01 1.68766737e-01 8.71013999e-01
    2.28225350e-01 5.36872327e-01 8.39511991e-01 1.57960087e-01
    2.09828287e-01 8.67419302e-01 4.93761003e-01 6.66398764e-01
    2.58160889e-01 7.61721432e-01 2.38210618e-01 4.82461035e-01
    5.20032823e-01 7.88902402e-01 1.02185369e-01 8.12765360e-01
    8.93456638e-02 7.11962819e-01 3.63041699e-01 9.42019820e-02
    1.97311193e-01 9.34376955e-01 7.71513700e-01 8.69532883e-01
    7.14857399e-01 9.22300160e-01 5.18619359e-01 1.46525204e-01
    5.47878623e-01 1.31510407e-01 7.59699821e-01 6.10562086e-01
    6.03004694e-01 5.81751883e-01 7.15360403e-01 7.25965917e-01
    2.11164862e-01 4.37606573e-02 3.91080767e-01 1.54737294e-01
    3.24221432e-01 7.01685607e-01 4.31655645e-01 9.09103513e-01
    2.77813315e-01 9.99915600e-01 2.49279261e-01 9.60333347e-01
    9.01383042e-01 1.65170103e-01 9.21014071e-01 7.48337388e-01
    1.99195325e-01 9.68675256e-01 1.27967477e-01 6.46356821e-01
    9.87855315e-01 8.04534793e-01 5.67856312e-01 5.24767041e-01
    8.17321718e-01 9.26635623e-01 7.82203555e-01 2.46914476e-01
    2.67115414e-01 6.16958141e-02 3.03144872e-01 4.35091138e-01
    1.60036087e-01 4.73331183e-01 4.69363421e-01 2.66349077e-01
    7.57121503e-01 3.98127556e-01 5.80894589e-01 9.70193386e-01
    1.74285799e-01 3.98685724e-01 1.68659776e-01 4.48022008e-01
    6.82997465e-01 9.14344788e-01 7.19466388e-01 2.66032994e-01
    6.18740022e-01 5.70620120e-01 5.42613864e-01 2.71004528e-01
    5.94083786e-01 6.81450665e-01 7.60330915e-01 1.83581501e-01
    3.10552388e-01 1.87284172e-01 7.64453053e-01 3.23028207e-01
    5.47681928e-01 7.21087515e-01 3.61191779e-01 7.03858674e-01
    7.10596204e-01 5.39781153e-02 1.58598125e-02 2.70490617e-01
    8.08636189e-01 1.09684795e-01 4.55790073e-01 7.20754862e-01
    2.64964044e-01 7.99313307e-01 4.78102624e-01 2.98128158e-01
    3.57622504e-02 7.21716344e-01 7.92336106e-01 1.07997745e-01
    8.35345030e-01 7.07835615e-01 5.67450881e-01 2.22684145e-01
    5.54132462e-03 9.32302058e-01 9.62804735e-01 4.62008119e-01
    7.96304584e-01 7.93820322e-01 9.47010636e-01 4.14020896e-01
    5.19713342e-01 3.16986024e-01 5.61979473e-01 3.42149228e-01
    1.03312612e-01 3.86821270e-01 2.56063163e-01 3.15053105e-01
    3.29853714e-01 2.52798796e-01 4.95596409e-01 9.92737174e-01
    9.23454583e-01 4.30015922e-01 5.42488217e-01 6.69249892e-01
    4.23060685e-01 4.25897360e-01 5.62099695e-01 1.05234534e-01
    8.32221031e-01 2.94235110e-01 6.27954602e-02 5.44878006e-01
    4.86506611e-01 3.59203577e-01 1.51814938e-01 7.12353706e-01
    5.79045236e-01 4.40606773e-01 5.61139286e-01 4.92297143e-01
    2.53993809e-01 4.91410911e-01 7.63131976e-02 3.69186968e-01
    4.30017531e-01 6.58720970e-01 5.27088642e-01 1.16195560e-01
    3.29509377e-01 1.60881191e-01 9.76058245e-01 8.93930495e-01
    4.16963726e-01 2.52916276e-01 8.52386951e-01 7.32104182e-02
    1.83133513e-01 6.15699112e-01 7.25157619e-01 1.11325383e-02
    1.56159818e-01 4.76930499e-01 6.44590497e-01 8.02019119e-01
    7.24929273e-01 3.15024763e-01 9.26560879e-01 5.81167817e-01
    3.23428005e-01 1.81593269e-01 1.36350930e-01 6.79693043e-01
    5.46873152e-01 4.08017546e-01 7.24898100e-01 9.51700509e-01
    4.95321065e-01 8.60000849e-01 6.06911063e-01 8.80355239e-02
    6.07424617e-01 1.53403044e-01 6.24301076e-01 3.29172969e-01
    7.17596710e-01 9.16851521e-01 8.16830933e-01 4.96604711e-01
    4.83545363e-01 4.71355945e-01 5.54851830e-01 9.39203024e-01
    6.81652069e-01 2.66987205e-01 5.50539732e-01 2.44270742e-01
    3.14884543e-01 1.54143155e-01 6.07218981e-01 2.24641293e-01
    3.67819965e-01 6.05880082e-01 5.71673036e-01 4.52401638e-02
    8.51039648e-01 5.21972120e-01 1.62936419e-01 3.15391302e-01
    3.02206904e-01 4.55530077e-01 3.69391918e-01 3.53450477e-02
    7.35376775e-02 9.87699628e-01 2.02730507e-01 9.27884221e-01
    8.62305522e-01 3.41952324e-01 6.45521164e-01 1.69414282e-01
    8.42764974e-01 8.50672007e-01 6.41951799e-01 6.90587103e-01
    7.77231216e-01 6.45630598e-01 2.21841037e-01 8.30238342e-01
    5.31293511e-01 7.65235424e-01 1.71644270e-01 3.61190677e-01
    1.03834033e-01 9.40726042e-01 7.73174763e-01 1.61837339e-01
    1.81659669e-01 5.18448651e-02 4.80275244e-01 8.38216543e-01
    9.89185214e-01 6.41434431e-01 8.54058266e-01 9.61439252e-01
    6.58652186e-02 4.94258732e-01 8.75777960e-01 5.88103294e-01
    4.58232820e-01 3.51047754e-01 5.96733630e-01 1.07755929e-01
    5.36277294e-01 4.57018733e-01 2.28911668e-01 7.28555024e-01
    2.05303013e-01 2.73972780e-01 9.89627838e-01 5.69165230e-01
    5.14175892e-02 5.97686052e-01 5.08265495e-01 6.20673954e-01
    5.35683692e-01 5.11455894e-01 2.28029490e-01 8.29493344e-01
    9.98038948e-01 9.46428478e-02 5.54318428e-01 1.17777884e-01
    1.59554303e-01 7.75134563e-02 4.03029948e-01 9.37795281e-01
    1.44759357e-01 2.26600766e-01 5.05997121e-01 7.37341166e-01
    4.49118674e-01 1.59156710e-01 1.14622712e-01 1.71536684e-01
    5.31439066e-01 3.53849351e-01 3.91709179e-01 5.89864731e-01
    7.22919226e-01 9.76274967e-01 5.17290235e-01 1.60556406e-01
    9.89642560e-01 3.75347733e-01 6.14913106e-01 8.94272745e-01
    4.20794487e-01 3.97125274e-01 4.42132235e-01 5.51942587e-01
    5.30455887e-01 8.98770809e-01 9.36511278e-01 9.01003480e-01
    4.49535668e-01 7.16291428e-01 7.62030303e-01 1.02509588e-01
    2.71862566e-01 4.84544039e-02 2.38156497e-01 7.52837062e-01
    7.92355537e-01 9.85204458e-01 2.60840654e-02 3.59925896e-01
    6.68175578e-01 4.47070837e-01 8.57721567e-01 6.92641854e-01
    3.09739709e-01 9.84898388e-01 4.40360457e-01 2.13707596e-01
    9.89004850e-01 4.82385278e-01 8.15391898e-01 3.86852592e-01
    9.42525029e-01 2.92329967e-01 6.30740821e-02 6.70952618e-01
    6.84912801e-01 1.18074268e-01 5.03223836e-01 2.16310292e-01
    9.68417048e-01 3.02528560e-01 1.67849064e-01 5.24878860e-01
    5.39996743e-01 1.47535235e-01 8.46819878e-02 8.60252857e-01
    8.65112245e-02 7.87390053e-01 2.60883301e-01 3.55673850e-01
    2.54791766e-01 7.45114684e-01 2.30202109e-01 6.83723390e-01
    3.42566103e-01 3.34564447e-01 8.78708124e-01 8.70579481e-02
    7.51194596e-01 7.37572670e-01 1.41649306e-01 7.42111444e-01
    2.54513025e-02 4.89308029e-01 3.81100297e-01 7.67577112e-01
    2.60349333e-01 5.32100677e-01 6.10163271e-01 7.94249177e-02
    1.92804724e-01 4.08127248e-01 5.23119032e-01 2.97606051e-01
    9.73738253e-01 7.73633420e-01 8.74786675e-01 4.58972156e-01
    4.15131450e-02 1.90924644e-01 9.57271934e-01 2.09113002e-01
    9.25350785e-01 7.90815353e-01 5.82587361e-01 5.68120778e-02
    9.13128376e-01 4.14053261e-01 8.14554751e-01 3.48785698e-01
    1.18480533e-01 3.06299061e-01 1.29292369e-01 2.22804666e-01
    3.57020736e-01 1.61794126e-02 3.41980368e-01 3.21819097e-01
    3.19182456e-01 6.73230886e-02 1.32167011e-01 4.86044973e-01
    8.05621445e-01 1.34426236e-01 2.29398012e-02 1.81900114e-01
    2.71730185e-01 1.64528102e-01 8.73481452e-01 2.99287856e-01
    5.22568643e-01 9.58551228e-01 7.20681727e-01 1.85472518e-01
    8.18210959e-01 5.56208313e-01 8.45415235e-01 2.72715956e-01
    7.93735862e-01 4.29623246e-01 4.34771657e-01 7.56004333e-01
    2.76274264e-01 1.11178428e-01 9.15326893e-01 2.52147704e-01
    5.92754245e-01 8.00772667e-01 3.41589749e-02 5.83665729e-01
    8.14427376e-01 1.72808737e-01 3.48970324e-01 2.39235848e-01
    1.93794250e-01 7.82600284e-01 1.99240565e-01 2.07282901e-01
    4.24565703e-01 1.83676749e-01 5.98461032e-01 1.51042610e-01
    4.50934917e-01 3.96494508e-01 7.37563610e-01 9.82710183e-01
    8.32031369e-02 4.03218687e-01 6.21044517e-01 1.55282706e-01
    2.85411239e-01 3.62845659e-01 1.84699208e-01 8.92298400e-01
    4.87455606e-01 6.05461121e-01 7.29959607e-01 8.66669655e-01
    9.61998105e-01 1.33725762e-01 9.28677917e-01 9.93300378e-01
    6.28300071e-01 9.43221688e-01 9.57937181e-01 6.05730593e-01
    7.89942503e-01 5.56165516e-01 6.12342298e-01 6.50102019e-01
    6.21423244e-01 8.91295612e-01 9.33794260e-01 5.19211948e-01
    6.07321620e-01 4.06644970e-01 1.49002552e-01 3.11393082e-01
    1.34729445e-02 6.03199422e-01 5.65443039e-01 7.55236149e-01
    2.73523778e-01 7.99222052e-01 6.94213808e-02 2.51947880e-01
    8.27562213e-01 7.99138248e-02 1.10810041e-01 5.85451841e-01
    7.66580343e-01 1.84622496e-01 7.67629385e-01 9.75778759e-01
    6.46986365e-01 7.71382809e-01 2.68956035e-01 4.31943595e-01
    7.90200949e-01 6.70999467e-01 7.94876218e-01 2.08041281e-01
    4.34233636e-01 9.87811685e-01 8.97758186e-01 4.87471849e-01
    5.99919856e-01 6.66029692e-01 6.17784858e-01 6.31340027e-01
    9.58512783e-01 2.67685354e-02 7.97187626e-01 4.84581620e-01
    4.60693538e-02 8.01422000e-02 5.97836733e-01 2.74169922e-01
    5.96913099e-01 3.61783236e-01 6.28757238e-01 1.58759058e-01
    8.15580845e-01 1.05907530e-01 6.96854115e-01 5.51106393e-01
    6.70480549e-01 5.50125360e-01 5.26079297e-01 6.77236319e-02
    9.97244358e-01 8.36965621e-01 5.53503513e-01 8.90694261e-01
    2.03508735e-02 2.54794300e-01 6.10046566e-01 2.43590415e-01
    9.36292648e-01 6.83247387e-01 9.26559567e-01 8.89949322e-01
    3.03774297e-01 3.08095574e-01 9.43757892e-02 7.36069679e-03
    8.53280365e-01 8.81097317e-01 3.48606199e-01 5.80550194e-01
    9.55177903e-01 3.00927758e-02 9.41574574e-01 4.80826765e-01
    5.79110742e-01 9.09322023e-01 6.80356622e-01 4.00671422e-01
    9.93708670e-02 4.41611737e-01 2.03584135e-01 8.97483230e-01
    7.39934921e-01 4.23424631e-01 2.49234021e-01 1.97921395e-01
    9.99785244e-01 6.93367600e-01 5.87729454e-01 8.70120823e-02
    5.41994214e-01 4.89501506e-01 1.22528464e-01 9.19025183e-01
    4.97334480e-01 7.10088968e-01 5.49742281e-01 9.97394621e-01
    1.84732050e-01 9.68250632e-01 8.98275495e-01 9.15861368e-01
    6.82149291e-01 5.56339681e-01 1.29987866e-01 7.95902848e-01
    4.87908840e-01 3.92331421e-01 6.54477835e-01 6.23483360e-01
    2.56989419e-01 9.30042803e-01 8.06304097e-01 9.27742839e-01
    8.83019924e-01 8.93389344e-01 4.72001225e-01 2.81385928e-01
    2.51970232e-01 1.25896901e-01 8.29066455e-01 4.60047513e-01
    5.86801410e-01 4.91176844e-02 4.06429112e-01 3.28941107e-01
    1.40639573e-01 9.16391969e-01 8.85938883e-01 8.33044052e-01
    3.46067309e-01 9.80111599e-01 9.31086004e-01 6.96637392e-01
    5.75114489e-01 7.41793990e-01 1.22360110e-01 1.66844070e-01
    1.79336160e-01 7.69830704e-01 7.57521749e-01 2.50214338e-01
    3.96254897e-01 5.04941046e-02 6.75940454e-01 3.88098717e-01
    1.18927240e-01 6.87397599e-01 4.97668505e-01 1.82833791e-01
    2.49226838e-01 9.65994298e-02 9.82682467e-01 9.65285480e-01
    3.44362140e-01 4.12161171e-01 5.64179361e-01 9.97667909e-02
    4.06336516e-01 2.70167410e-01 1.56350613e-01 8.88326466e-01
    9.86860693e-01 5.30323029e-01 7.79415369e-02 6.66425765e-01
    4.76228595e-01 5.27022898e-01 1.05500489e-01 9.15729046e-01
    5.37859619e-01 7.72954464e-01 9.22036886e-01 5.37088811e-01
    3.28357518e-01 2.69946784e-01 5.10385215e-01 2.72615433e-01
    9.71920967e-01 4.90635574e-01 2.91828811e-01 5.91155887e-03
    6.65825069e-01 3.45023215e-01 5.80326319e-01 9.78401124e-01
    4.56840217e-01 7.77945161e-01 7.48057902e-01 4.64731663e-01
    3.43885541e-01 7.13394761e-01 1.28139138e-01 4.71494496e-01
    6.46153152e-01 2.24527180e-01 4.56715792e-01 4.13796127e-01
    5.66197395e-01 1.41560435e-01 4.27872032e-01 5.30497909e-01
    6.45457804e-01 5.39836287e-02 7.05407202e-01 9.88637507e-02
    2.35866129e-01 6.98019266e-01 1.89447433e-01 9.86705542e-01
    1.88138425e-01 6.71214223e-01 6.03616238e-01 8.85155559e-01
    9.60184455e-01 3.31237167e-01 3.37419987e-01 1.27776861e-01
    6.78728461e-01 3.65694553e-01 8.23194623e-01 9.27638531e-01
    8.06026876e-01 5.28028965e-01 2.01106012e-01 2.82661676e-01
    3.27623099e-01 4.61461723e-01 1.73653662e-01 3.55518222e-01
    9.69282985e-02 4.89753872e-01 8.38387609e-01 8.38612676e-01
    8.01265955e-01 2.93164849e-02 1.68626308e-02 5.91136515e-01
    7.79800117e-01 9.55165029e-01 1.30305529e-01 3.42444479e-02
    3.32134426e-01 9.10956502e-01 7.23826110e-01 1.12010837e-01
    5.18075109e-01 4.79159832e-01 3.41117382e-01 2.45567858e-01
    9.45987463e-01 2.22308934e-01 7.27632046e-01 9.16871488e-01
    6.18137300e-01 1.47118598e-01 5.23541749e-01 3.63085091e-01
    2.89033353e-01 6.33937538e-01 5.91910303e-01 3.59896421e-01
    9.88190770e-01 7.80296326e-01 6.17916763e-01 2.63828039e-02
    9.99851108e-01 6.13032520e-01 7.19789863e-02 9.47233915e-01
    8.15611720e-01 7.08589852e-01 4.37171459e-02 7.86702871e-01
    5.79058945e-01 9.77321923e-01 6.82819545e-01 7.80366063e-01
    9.96666729e-01 9.58685279e-01 6.46976233e-01 2.38671362e-01
    3.27296317e-01 3.78150642e-01 4.16465104e-01 8.38038206e-01
    9.43170309e-01 4.20343786e-01 9.97225881e-01 8.45994890e-01
    9.03607845e-01 6.64127469e-02 7.85983801e-01 6.49508536e-01
    7.79498994e-01 7.49422431e-01 1.61277473e-01 9.48266208e-01
    9.00069892e-01 9.24192965e-01 7.32376933e-01 7.07642913e-01
    2.95859575e-01 9.24807608e-01 8.72166157e-01 1.39531791e-02
    2.19998598e-01 1.35851592e-01 1.03503376e-01 1.01374835e-01
    6.23747408e-02 3.25485766e-02 8.64673197e-01 1.49705589e-01
    2.56126821e-01 7.68816352e-01 9.72880781e-01 3.27813029e-02
    4.59295720e-01 3.79515499e-01 4.76195395e-01 7.25175560e-01
    7.38058925e-01 5.33309698e-01 6.11667812e-01 1.85718805e-01
    6.94419503e-01 5.30758023e-01 8.16734970e-01 6.60572290e-01
    4.45768207e-01 2.05217004e-02 6.38868213e-01 7.11544394e-01
    7.95234263e-01 5.49824536e-01 4.66921329e-02 9.70017552e-01
    1.02482617e-01 7.02845812e-01 8.21022272e-01 6.19356215e-01
    6.04677141e-01 8.34529519e-01 6.42027378e-01 6.36694908e-01
    8.73414695e-01 5.29774606e-01 8.77480209e-02 4.22717094e-01
    6.34025931e-01 5.24698555e-01 8.67906094e-01 9.90858316e-01
    7.60596216e-01 8.47921073e-02 2.69652843e-01 7.54059613e-01
    3.89129162e-01 8.49901319e-01 5.85002899e-01 4.14991975e-02
    8.26483011e-01 5.86903334e-01 5.62011480e-01 1.42464727e-01
    4.16798890e-01 1.36734426e-01 1.79157197e-01 4.88418669e-01
    4.71361130e-01 4.06440496e-02 9.65107381e-01 6.78060710e-01
    5.93678832e-01 8.47372115e-01 4.01420027e-01 5.42429328e-01
    4.64726567e-01 3.69271338e-01 6.85842395e-01 2.36817598e-02
    8.71618271e-01 4.89045501e-01 2.30557501e-01 3.87010962e-01
    3.23029637e-01 2.47323692e-01 9.65053439e-01 6.16293848e-01
    2.36497372e-01 5.81305444e-01 3.12227219e-01 8.43211412e-01
    4.56169188e-01 6.86181188e-01 4.91236627e-01 9.83684182e-01
    1.63176060e-02 1.13296926e-01 1.92367256e-01 2.04222113e-01
    1.37804270e-01 9.31727588e-01 6.44115746e-01 8.23218822e-01
    6.43657744e-02 7.29490697e-01 6.45670891e-01 7.71822095e-01
    6.03477061e-01 4.30776596e-01 2.56291389e-01 9.50564623e-01
    2.21085310e-01 1.36248410e-01 8.07164550e-01 9.79625940e-01
    6.46686316e-01 6.33873820e-01 9.47531402e-01 5.52556813e-01
    3.44792783e-01 2.93593645e-01 4.11908031e-01 5.70592165e-01
    3.66730094e-01 5.44446051e-01 2.04347223e-01 7.17520416e-01
    9.52297568e-01 5.66083908e-01 6.45854592e-01 7.90431499e-01
    9.79170918e-01 7.53269494e-01 9.69391167e-02 2.68667758e-01
    4.16866243e-01 2.32420713e-01 8.39264750e-01 4.35938388e-01
    5.02306819e-01 6.98852897e-01 4.52211976e-01 6.83086693e-01
    9.13481653e-01 6.03608489e-01 2.01982468e-01 5.08111060e-01
    1.46060169e-01 9.96287704e-01 4.26592588e-01 9.21125114e-02
    5.53022265e-01 7.02404737e-01 7.68521309e-01 6.41933978e-01
    1.81359529e-01 8.86295915e-01 8.23114991e-01 3.34086716e-01
    6.09871924e-01 7.45078921e-01 2.53812075e-01 5.76348543e-01
    4.51717287e-01 5.36592603e-01 1.96208030e-01 5.47183752e-02
    5.26462674e-01 2.14079797e-01 9.38882887e-01 9.48115349e-01
    5.70278108e-01 9.21018600e-01 9.88770008e-01 5.73759675e-01
    6.62038922e-01 5.10077953e-01 9.76020336e-01 3.67460430e-01
    6.27931952e-01 8.54182124e-01 7.51177669e-02 4.83893782e-01
    2.87384212e-01 9.24699962e-01 6.27477288e-01 6.65868461e-01
    1.44951612e-01 3.40849698e-01 1.11277610e-01 1.74307227e-01
    5.50150752e-01 1.60585701e-01 3.87573719e-01 3.51243377e-01
    5.02827466e-01 8.08159947e-01 8.56185436e-01 4.64780301e-01
    6.76755667e-01 4.01421279e-01 3.93651485e-01 9.47625637e-02
    1.93963140e-01 8.06546807e-01 3.99474680e-01 7.79613972e-01
    5.01001358e-01 7.47225404e-01 5.23651838e-02 4.20243144e-02
    9.53324914e-01 8.71537328e-02 4.50183868e-01 5.39578199e-01
    5.72723091e-01 5.24830997e-01 1.96670622e-01 6.43554091e-01
    9.89390910e-01 5.77350736e-01 8.51835012e-01 8.37042868e-01
    8.53624046e-01 7.99848437e-01 1.35167450e-01 4.43344712e-01
    3.81635070e-01 5.30653596e-02 1.50292963e-01 6.11363471e-01
    9.39023495e-01 3.98525745e-01 4.59641039e-01 9.30727720e-01
    9.89890456e-01 2.18753099e-01 6.74619973e-01 4.12334263e-01
    8.67356598e-01 5.11202395e-01 9.40644741e-02 7.19980597e-01
    1.95910424e-01 3.03682506e-01 4.75508004e-01 9.35387194e-01
    7.54416108e-01 4.72142011e-01 8.98702860e-01 9.79038060e-01
    2.78567582e-01 8.99584055e-01 3.53530407e-01 2.07540244e-01
    2.76181728e-01 5.64954042e-01 2.41064370e-01 9.08907115e-01
    1.93114579e-02 7.76646733e-01 7.67737508e-01 3.10271502e-01
    9.15347219e-01 1.53721601e-01 3.49932313e-02 1.63438290e-01
    2.83966064e-01 4.26605016e-01 3.31161022e-01 2.94010699e-01
    3.75162005e-01 1.30727202e-01 1.54474348e-01 4.03839350e-03
    3.56189847e-01 1.60526872e-01 9.95081663e-01 1.66151762e-01
    4.43458557e-03 5.01219511e-01 2.90262371e-01 2.88103640e-01
    9.04914737e-01 6.00081205e-01 6.69249713e-01 3.42418373e-01
    5.71722686e-01 1.04591399e-01 9.73323822e-01 2.28725076e-01
    5.86403072e-01 3.50017488e-01 5.36071658e-01 3.61290962e-01
    8.12322259e-01 1.31146699e-01 2.22148001e-01 7.29510784e-02
    9.41279888e-01 6.39318824e-01 1.64852917e-01 2.51041472e-01
    9.25161958e-01 5.04447043e-01 7.76706576e-01 4.41895038e-01
    1.81054324e-01 3.14274549e-01 1.00278229e-01 2.24271983e-01
    6.85577631e-01 6.28137350e-01 5.03566802e-01 1.90311521e-01
    5.41232228e-02 3.46082449e-03 3.90046805e-01 5.47580600e-01
    6.77940845e-01 6.80503726e-01 2.63350189e-01 5.77266693e-01
    2.34754592e-01 7.60621071e-01 7.21316099e-01 2.24243939e-01
    7.58721590e-01 6.45057082e-01 4.43408281e-01 8.55931818e-01
    1.26648515e-01 3.82254481e-01 8.28488708e-01 9.49926376e-02
    4.91932809e-01 7.30097294e-02 2.85461545e-02 8.69065404e-01
    3.28795969e-01 1.55030161e-01 4.46864933e-01 3.70817840e-01
    1.49440587e-01 3.48170698e-01 2.00274467e-01 7.73370564e-01
    1.86844766e-01 6.27182901e-01 4.52721000e-01 8.57170165e-01
    2.26377934e-01 5.53947449e-01 5.50565362e-01 2.03988224e-01
    3.07227015e-01 7.46630609e-01 1.95530444e-01 5.75321078e-01
    3.32207799e-01 2.40032464e-01 9.92617369e-01 8.67848873e-01
    6.77263677e-01 4.32238311e-01 3.16149473e-01 4.90195990e-01
    2.67130315e-01 5.32630205e-01 3.67537618e-01 2.41411984e-01
    4.47471529e-01 9.98549342e-01 5.44894993e-01 2.93781519e-01
    8.46160054e-01 5.96105754e-02 4.38535094e-01 2.64272988e-01
    6.42916143e-01 5.76267540e-01 2.76662707e-01 7.28527367e-01
    3.32620919e-01 8.09829235e-01 1.43427104e-01 9.42473292e-01
    9.48126078e-01 2.28581429e-02 9.94417548e-01 7.60537982e-01
    2.87811756e-02 2.97732472e-01 2.69491613e-01 9.89375412e-02
    1.36530399e-02 2.61034250e-01 3.03415358e-02 3.45617682e-01
    1.81675345e-01 4.73300576e-01 9.52188730e-01 8.12254310e-01
    5.29344380e-01 4.23453361e-01 3.89946669e-01 2.22109467e-01
    4.57947135e-01 3.78283978e-01 3.44620407e-01 4.43376809e-01
    9.80585098e-01 2.98120856e-01 5.26533961e-01 5.26421010e-01
    1.09207988e-01 5.86657703e-01 2.14514673e-01 8.57534528e-01
    2.43153274e-01 2.73750424e-01 4.85416085e-01 2.20656961e-01
    8.77084613e-01 4.70937014e-01 2.81575412e-01 2.35043854e-01
    1.92968965e-01 9.54981208e-01 7.71175504e-01 1.85572088e-01
    6.74691796e-03 8.97800803e-01 5.47391474e-01 1.24749094e-01
    9.26810384e-01 1.76541835e-01 9.02425706e-01 5.96115291e-02
    7.26653695e-01 8.68003845e-01 8.94780755e-01 9.61994529e-02
    2.46112049e-02 4.19387400e-01 6.44855559e-01 8.64297748e-02
    4.69927311e-01 7.82573462e-01 4.14376259e-02 2.72423297e-01
    5.45598388e-01 1.22944027e-01 9.42136645e-01 1.24307156e-01
    5.93326092e-01 6.50419474e-01 1.59325480e-01 2.51875252e-01
    1.48194760e-01 4.32437241e-01 5.47402501e-01 2.36798733e-01
    3.13025177e-01 6.85351014e-01 5.27426302e-01 2.48111546e-01
    9.46473241e-01 5.36357045e-01 1.71437919e-01 4.44990188e-01
    1.34617269e-01 7.02055752e-01 2.69645065e-01 3.44346285e-01
    3.30243260e-01 7.81665146e-02 2.09431559e-01 6.08920515e-01
    5.09008169e-02 7.17480540e-01 8.19325686e-01 3.56223702e-01
    5.30180216e-01 1.44337475e-01 7.08005846e-01 2.99414694e-01
    2.94419229e-01 7.31643021e-01 2.47479409e-01 1.68701410e-01
    7.37988174e-01 2.40009725e-01 8.95200014e-01 2.31403083e-01
    2.17406750e-01 5.23986340e-01 7.68925786e-01 7.12879777e-01
    8.33220184e-02 2.32594669e-01 9.40271020e-01 6.21826768e-01
    8.79586220e-01 5.38228035e-01 3.84086370e-03 8.00735414e-01
    2.24115312e-01 5.64784467e-01 8.11672330e-01 7.52097368e-01
    8.72365952e-01 4.89883721e-01 3.59819502e-01 7.19774246e-01
    4.84148026e-01 7.37055421e-01 5.05246580e-01 5.54896891e-02
    2.00469643e-01 2.40395993e-01 3.91756892e-02 2.04106808e-01
    6.02432728e-01 2.16072202e-02 6.58960462e-01 4.27752316e-01
    5.35958290e-01 6.77062035e-01 8.57809782e-01 9.47059095e-01
    1.40300095e-01 7.03950822e-02 1.23645812e-01 3.58236313e-01
    1.80691361e-01 7.15920746e-01 3.43882650e-01 5.55127800e-01
    8.91469121e-01 3.75017732e-01 5.94251871e-01 3.93715620e-01
    6.44799590e-01 1.03559017e-01 4.31318432e-01 4.72375393e-01
    8.98934305e-01 8.20352972e-01 7.59508610e-01 5.97083986e-01
    3.81416082e-01 8.67568135e-01 5.01787126e-01 9.15265322e-01
    7.62145758e-01 1.49207622e-01 7.50990450e-01 8.69958818e-01
    9.89195466e-01 1.13530457e-01 2.22426116e-01 6.83468342e-01
    1.37538970e-01 7.92616844e-01 1.58584833e-01 6.18170738e-01
    4.66255844e-01 8.99184644e-02 3.44863981e-01 1.83134794e-01
    1.72350258e-01 3.70706975e-01 2.46485710e-01 9.03452754e-01
    7.90973842e-01 7.59925008e-01 9.45215344e-01 7.88109362e-01
    4.31241781e-01 1.71786696e-01 3.85882199e-01 9.73111033e-01
    5.26160419e-01 7.40804255e-01 8.22891891e-02 7.60819852e-01
    9.75307703e-01 3.65429223e-01 2.01449335e-01 4.21107233e-01
    1.21187329e-01 4.34796304e-01 2.19233334e-02 6.08772933e-01
    8.61075878e-01 6.74182355e-01 8.79257023e-02 6.72488093e-01
    1.36074841e-01 7.63658524e-01 3.37112784e-01 1.18562549e-01
    5.76789618e-01 3.28774929e-01 7.40265250e-01 8.31458330e-01
    1.98169589e-01 9.86469269e-01 3.23777914e-01 5.33919096e-01
    9.95651603e-01 3.27355266e-02 5.95311582e-01 9.56611335e-01
    2.86813378e-02 6.27750874e-01 3.91287744e-01 1.03325039e-01
    6.97381496e-01 6.57499313e-01 1.75126165e-01 8.06001544e-01
    7.20947266e-01 4.48773980e-01 6.69702530e-01 2.81571746e-01
    8.07744145e-01 4.65842426e-01 1.89201504e-01 6.58944607e-01
    7.01742411e-01 1.47066534e-01 9.57615733e-01 5.91618896e-01
    4.08309609e-01 3.35450977e-01 5.83184659e-02 4.22733009e-01
    3.82234991e-01 1.77062273e-01 3.22722197e-02 4.68933880e-01
    4.43175137e-01 5.41042686e-01 7.05805600e-01 6.24000549e-01
    8.36287618e-01 8.06203663e-01 1.10322654e-01 5.92320800e-01
    1.99724048e-01 1.07722938e-01 7.99781442e-01 7.40478873e-01
    3.28361392e-02 7.88238049e-01 7.96510220e-01 8.57437134e-01
    7.91040063e-01 3.21899056e-01 7.33005285e-01 5.25219738e-01
    6.28035903e-01 9.84310329e-01 4.22844052e-01 6.88032746e-01
    2.08332211e-01 3.14424574e-01 4.69376445e-02 8.38581324e-01
    7.63288319e-01 1.43232793e-01 9.74927247e-02 4.61645335e-01
    9.70803499e-01 2.42924780e-01 8.86455715e-01 1.93583578e-01
    4.30828720e-01 6.31615877e-01 5.71202576e-01 5.73452592e-01
    8.06307077e-01 5.67187488e-01 9.68795657e-01 9.51678872e-01
    6.37914777e-01 3.55434299e-01 4.96714532e-01 9.74390447e-01
    9.56756353e-01 1.49602711e-01 5.84905684e-01 7.60970116e-01
    4.30557489e-01 6.97016358e-01 9.05205011e-01 4.09504801e-01
    7.66404152e-01 4.24163103e-01 4.28868413e-01 8.31726074e-01
    5.85942149e-01 6.90079212e-01 4.57041889e-01 1.78909093e-01
    3.53998572e-01 9.58502531e-01 3.83754611e-01 4.76735711e-01
    1.17558450e-01 7.39285469e-01 7.98364401e-01 6.41704202e-01
    6.33924365e-01 2.14539409e-01 2.03853279e-01 1.92421734e-01
    5.43077528e-01 6.59897327e-01 8.48186970e-01 9.54311252e-01
    1.99590296e-01 8.03592205e-01 6.33436978e-01 3.71270329e-01
    6.27115726e-01 4.59633589e-01 6.87634945e-01 3.05840075e-01
    5.42923868e-01 2.94867754e-01 3.45894575e-01 6.57446325e-01
    5.61386585e-01 5.01435161e-01 9.97558773e-01 1.02530181e-01
    1.98520511e-01 9.63672817e-01 5.35396218e-01 6.42644644e-01
    4.54137087e-01 9.85757291e-01 8.69439721e-01 7.67976165e-01
    3.56297135e-01 8.91761839e-01 1.99812025e-01 9.52538848e-01
    2.78107822e-01 6.07583821e-01 8.15722167e-01 9.77079570e-02
    5.18798470e-01 8.24454188e-01 9.83065486e-01 6.22519135e-01
    5.22995055e-01 3.49375010e-02 4.05897737e-01 5.54859161e-01
    9.04507518e-01 8.60239744e-01 7.36185670e-01 8.78848493e-01
    7.10014820e-01 8.98457229e-01 2.21982479e-01 3.56696844e-02
    6.63790047e-01 7.97207236e-01 4.68674302e-02 7.19610035e-01
    6.66265547e-01 9.57604349e-01 6.18846297e-01 4.18743342e-01
    8.78383338e-01 1.22644514e-01 6.23926342e-01 1.85635835e-01
    9.79628325e-01 8.00770879e-01 9.44775343e-03 2.45145112e-01
    7.58016527e-01 7.77131140e-01 5.58988631e-01 5.53876936e-01
    2.86868095e-01 7.33458400e-02 6.77747965e-01 9.37337637e-01
    7.85420418e-01 1.02972120e-01 2.83119231e-01 4.58511919e-01
    5.26119053e-01 6.79826379e-01 5.74217141e-01 6.42389238e-01
    4.13654029e-01 1.54516548e-01 7.96028614e-01 8.74003232e-01
    5.18622994e-02 4.85256940e-01 1.41823113e-01 4.23337370e-01
    1.43945843e-01 2.61058569e-01 4.83010679e-01 9.51179862e-01
    8.27726841e-01 2.76155025e-01 2.09052026e-01 7.81947196e-01
    2.05086350e-01 3.42929482e-01 1.22220784e-01 3.37327123e-02
    9.96382236e-01 5.34618378e-01 9.51086879e-02 7.16454268e-01
    8.75103891e-01 7.92425275e-01 1.02195442e-02 6.52784526e-01
    1.31763220e-02 1.52097583e-01 6.10403061e-01 7.64474869e-01
    4.46264207e-01 7.17417717e-01 3.21269572e-01 4.94920850e-01
    4.92468417e-01 5.31904817e-01 3.25797677e-01 7.07548618e-01
    5.23646891e-01 6.83039725e-01 7.19293833e-01 9.85096574e-01
    3.11727822e-02 6.02189004e-01 3.66252899e-01 6.11117005e-01
    2.97901452e-01 3.09079230e-01 2.82486796e-01 6.86142921e-01
    5.55941164e-02 8.82724226e-02 6.32982969e-01 3.94033015e-01
    2.60529220e-02 8.08741689e-01 9.58420992e-01 8.30591500e-01
    2.76045173e-01 9.66057897e-01 8.83348584e-01 7.42492080e-02
    4.73175675e-01 9.00292993e-01 2.79160678e-01 6.14435971e-01
    8.44375491e-01 2.96525598e-01 9.46705461e-01 8.26290548e-01
    1.08307004e-02 7.91857541e-02 7.02350736e-01 4.63459224e-01
    5.50543845e-01 2.48994052e-01 1.60101563e-01 4.39947844e-02
    9.62818027e-01 2.08973885e-04 4.15875345e-01 9.37212467e-01
    7.11818337e-02 6.59922659e-02 9.46704268e-01 5.90073526e-01
    4.69890028e-01 7.87067592e-01 6.03924990e-01 5.33998847e-01
    2.30316907e-01 9.72489238e-01 7.21689105e-01 2.84158587e-02
    1.43464267e-01 2.64259577e-01 9.92375910e-02 2.73521543e-02
    2.06930965e-01 6.17124736e-02 5.10936618e-01 2.82903314e-02
    2.71055698e-01 9.67694640e-01 6.59310520e-01 5.59438646e-01
    2.81077862e-01 6.51057720e-01 7.89222956e-01 1.17288649e-01
    3.20999444e-01 3.72914582e-01 6.33605063e-01 5.94651341e-01
    3.93779933e-01 9.90638673e-01 7.29120553e-01 8.55820417e-01
    6.60977483e-01 1.30863905e-01 7.05965102e-01 1.50911123e-01
    7.02689469e-01 8.51060748e-01 8.11002254e-01 8.39351416e-02
    5.89443088e-01 1.11200660e-01 5.45381665e-01 3.69447470e-01
    9.20586944e-01 5.74283540e-01 3.12111408e-01 6.18153870e-01
    8.80045474e-01 2.40750164e-01 8.66765380e-02 4.94394332e-01
    7.67937005e-02 3.80284846e-01 8.86016250e-01 9.80302095e-01
    2.25450397e-01 6.00955963e-01 6.20586038e-01 6.78783834e-01
    7.16511846e-01 5.98553896e-01 4.12673056e-02 4.11371589e-01
    3.98022473e-01 9.92608190e-01 7.69426346e-01 6.76283181e-01
    1.13971770e-01 3.34095359e-02 5.03871381e-01 2.69314945e-01
    1.85066909e-01 9.13242817e-01 6.62739277e-01 4.68174636e-01
    7.59662986e-01 2.80555636e-01 3.93074274e-01 9.26798940e-01
    7.75456667e-01 1.53360814e-01 8.73933673e-01 5.60502172e-01
    7.16592431e-01 6.37441158e-01 4.76709038e-01 9.23733830e-01
    7.18622148e-01 2.90580988e-01 9.81756628e-01 8.59851837e-01
    3.40749264e-01 4.96640980e-01 5.28961718e-02 2.83705771e-01
    7.53306746e-01 4.17232931e-01 9.38520312e-01 7.84413934e-01
    6.22033417e-01 4.48747396e-01 1.40633523e-01 8.40768337e-01
    2.47442633e-01 8.68322849e-01 6.67083502e-01 8.63633156e-01
    7.62883663e-01 1.12838149e-01 1.91748977e-01 9.80495632e-01
    6.45328164e-01 2.20762223e-01 8.18667412e-01 8.40108633e-01
    1.99863076e-01 9.85701978e-02 3.51070702e-01 8.20808172e-01
    6.89025819e-02 2.08099753e-01 2.65987098e-01 3.16956758e-01
    5.87813139e-01 9.67031837e-01 3.26706767e-01 6.30725503e-01
    8.40101004e-01 7.21860170e-01 8.94357920e-01 8.99761200e-01
    1.59064800e-01 1.97666913e-01 3.54886949e-02 7.26497650e-01
    7.07661986e-01 1.28735512e-01 6.95727527e-01 6.83293819e-01
    9.09323215e-01 9.17852163e-01 7.92252064e-01 4.50408190e-01
    8.42351973e-01 4.05776978e-01 8.45055282e-02 4.40901220e-01
    5.53604245e-01 8.95111799e-01 1.11769617e-01 2.93764979e-01
    8.05953264e-01 7.62498915e-01 6.78671300e-01 5.30036390e-01
    5.60942352e-01 1.30152524e-01 8.68982911e-01 6.23592377e-01
    6.39401078e-02 5.30640781e-02 8.52490485e-01 1.19314820e-01
    6.73543453e-01 8.36085200e-01 7.66260624e-02 4.43792194e-01
    5.82543433e-01 8.86985064e-02 3.31107825e-01 9.80323255e-02
    2.43208140e-01 4.55615878e-01 1.95106149e-01 2.61589885e-01
    6.49668157e-01 9.30454135e-01 2.44077086e-01 8.21082711e-01
    2.80873537e-01 9.93155479e-01 9.22361970e-01 5.53504050e-01
    5.92286408e-01 6.38284564e-01 1.73075497e-01 8.78610015e-01
    6.81523442e-01 7.22626865e-01 5.91078222e-01 3.35482061e-01
    1.49562627e-01 1.32991403e-01 7.04866648e-03 9.53277349e-01
    2.47819901e-01 2.51620144e-01 5.75602472e-01 8.18843722e-01
    8.38616490e-01 1.08881652e-01 9.50716972e-01 4.73244041e-01
    1.77742004e-01 5.65297067e-01 1.39129579e-01 5.96594036e-01
    4.98620480e-01 3.85722041e-01 8.55707824e-01 5.40963531e-01
    4.75273728e-02 4.68118995e-01 6.30836964e-01 5.75226367e-01
    8.58470261e-01 5.27318895e-01 4.16207314e-01 1.80723280e-01
    3.21527123e-02 1.16043091e-01 4.74722385e-01 1.06660753e-01
    6.22152567e-01 8.42690706e-01 1.41710639e-02 9.49311733e-01
    7.53199577e-01 3.26534331e-01 1.26889050e-02 4.47807014e-02
    2.51757294e-01 2.38202393e-01 3.93159926e-01 5.74936926e-01
    7.74418116e-01 8.16436768e-01 4.87926662e-01 3.54612201e-01
    5.32985568e-01 1.32095248e-01 6.41568601e-02 8.39160681e-01
    4.68638778e-01 9.69379961e-01 3.35570365e-01 2.22702354e-01
    3.92381519e-01 8.41051698e-01 1.78945720e-01 1.54179811e-01
    1.47462904e-01 2.99426615e-02 6.89014614e-01 5.05670309e-02
    9.04510677e-01 8.57675672e-01 8.46469998e-01 6.74145818e-02
    8.07958245e-01 1.74691260e-01 4.51679081e-01 7.36478925e-01
    5.45008481e-01 9.92974758e-01 7.08367825e-02 6.44736230e-01
    4.36968327e-01 4.99518394e-01 3.35172951e-01 3.74429435e-01
    8.91625762e-01 6.02146745e-01 2.22097516e-01 9.87974882e-01
    3.00664932e-01 4.77090716e-01 1.44257843e-02 2.17795044e-01
    5.48111320e-01 1.22287214e-01 8.84940088e-01 9.93186235e-02
    9.76310968e-01 3.13891768e-01 4.79146570e-01 1.43196344e-01
    4.12186593e-01 2.74115801e-01 1.66280895e-01 4.68247771e-01
    6.05675340e-01 2.82087922e-02 7.60462999e-01 4.48695719e-01
    5.69429398e-02 6.71871901e-01 3.67863476e-02 3.40486705e-01
    1.80321038e-01 4.49517190e-01 1.07811987e-01 1.44858539e-01
    6.47727132e-01 4.47236598e-02 6.37734830e-01 8.93314481e-01
    7.61121035e-01 3.61905396e-01 1.91801548e-01 9.42711294e-01
    3.80841047e-01 2.20502585e-01 3.58350635e-01 6.97751105e-01
    3.34815681e-01 7.86553264e-01 6.48093581e-01 4.28846240e-01
    6.69286191e-01 1.06288016e-01 1.39955550e-01 2.76070297e-01
    8.42858434e-01 2.59250641e-01 4.42863226e-01 7.73670912e-01
    8.32302272e-01 2.48304993e-01 2.67993510e-01 9.29484010e-01
    3.98994088e-02 6.25605047e-01 8.62975240e-01 8.08455229e-01
    3.84183943e-01 1.04352206e-01 3.02813381e-01 7.52543688e-01
    6.00324214e-01 1.91975862e-01 5.36228180e-01 3.62117827e-01
    1.05375648e-01 2.69015133e-01 1.45516694e-02 8.08437765e-02
    4.86052454e-01 8.89505625e-01 8.25034320e-01 1.60551041e-01
    7.62693644e-01 4.94381249e-01 4.13331866e-01 8.30864906e-03
    1.33192837e-01 1.66530728e-01 9.85443473e-01 8.56876373e-01
    2.38192081e-01 2.65426368e-01 6.06738806e-01 4.45918202e-01
    7.34440744e-01 3.55161190e-01 4.28423762e-01 7.85851359e-01
    6.72557354e-02 7.00243771e-01 4.43026721e-02 9.57118273e-02
    1.20368481e-01 3.71483475e-01 7.17025161e-01 7.65376449e-01
    3.37850988e-01 8.59148324e-01 2.34927237e-01 5.86480200e-01
    2.42718369e-01 5.73248267e-01 9.49617028e-02 2.51583993e-01
    9.22518373e-01 7.94754267e-01 1.54342830e-01 8.24409962e-01
    2.40540236e-01 4.22276914e-01 3.99877131e-01 6.60339355e-01
    9.20140624e-01 3.70427668e-01 5.54817021e-02 7.68868923e-01
    5.60903847e-01 5.30075610e-01 3.70141119e-01 8.33165050e-01
    9.06594157e-01 3.11716825e-01 9.17324185e-01 3.50576043e-01
    2.25010693e-01 2.86665380e-01 2.54268885e-01 8.65790367e-01
    9.25103605e-01 4.54391122e-01 4.62515652e-01 3.87028933e-01
    1.69242293e-01 8.25810611e-01 5.41723788e-01 5.22810221e-03
    2.59947658e-01 2.12585717e-01 5.44796288e-01 6.16254926e-01
    7.19632566e-01 8.74320984e-01 7.80828834e-01 6.47224069e-01
    5.12127101e-01 2.84608781e-01 7.78597474e-01 2.14370877e-01
    1.19972229e-01 4.99582499e-01 2.60930359e-02 8.82347822e-01
    8.45752299e-01 7.08221316e-01 8.58893991e-01 6.10784829e-01
    6.34892225e-01 9.61570442e-02 2.69216478e-01 8.20772052e-02
    9.70331669e-01 8.67560863e-01 7.63745606e-02 2.80533016e-01
    3.08815539e-01 4.66929853e-01 2.82261848e-01 9.26500440e-01
    1.14977360e-04 7.25929141e-01 5.36006689e-01 4.13114607e-01
    8.62350464e-01 2.27762163e-02 1.53586537e-01 4.41437960e-03
    6.57587349e-02 6.14287317e-01 9.58568573e-01 1.60855055e-02
    2.17363775e-01 1.54734224e-01 3.73826534e-01 1.00539029e-02
    7.89935470e-01 1.87104136e-01 7.33530760e-01 7.35466063e-01
    7.82610178e-01 8.55212688e-01 1.54880881e-02 9.78885651e-01
    9.32139158e-01 5.07132411e-01 2.46469468e-01 1.40770078e-01
    7.54843831e-01 5.78062236e-01 9.20810461e-01 6.88212454e-01
    7.27847815e-02 8.16301703e-01 9.51341748e-01 3.38510245e-01
    9.15804863e-01 1.06331676e-01 1.74273551e-01 7.18399584e-02
    3.48575234e-01 1.94634408e-01 3.98773253e-01 3.42043102e-01
    9.03377533e-01 5.27301371e-01 1.47083640e-01 3.06660116e-01
    2.67709851e-01 2.10746765e-01 1.10128760e-01 6.17174506e-01
    7.08268166e-01 1.44827068e-02 8.15869629e-01 6.10725701e-01
    5.73364496e-01 4.33590531e-01 7.19444573e-01 2.36700773e-02
    7.37690806e-01 9.78555262e-01 9.14546132e-01 6.55240595e-01
    7.27296770e-01 5.85701704e-01 4.81172860e-01 7.99501121e-01
    3.45254302e-01 3.12350214e-01 9.11885381e-01 4.71282154e-01
    5.55067956e-01 8.14636588e-01 3.52961093e-01 5.20675004e-01
    8.43086362e-01 3.70124936e-01 9.11948681e-01 3.61314505e-01
    8.59647155e-01 7.64466524e-01 9.60696101e-01 5.42514026e-02
    8.30651641e-01 4.96347845e-02 8.62245619e-01 3.76766086e-01
    1.68041676e-01 3.68255079e-01 7.63751626e-01 1.41525865e-01
    4.62805301e-01 7.13647485e-01 1.49079800e-01 2.31921881e-01
    5.54654777e-01 3.96878868e-01 8.52545381e-01 4.98227447e-01
    1.97985083e-01 7.16296434e-01 7.08587289e-01 4.55148906e-01
    2.98088938e-01 5.98209202e-02 3.42261046e-01 8.81014943e-01
    1.19911939e-01 9.96443391e-01 2.73885071e-01 7.40548968e-01
    7.08976924e-01 3.11254025e-01 6.52509153e-01 8.21721554e-01
    7.49226809e-01 2.28943914e-01 9.03631866e-01 8.88119996e-01
    5.90592623e-03 6.01123750e-01 5.22761941e-02 3.15645248e-01
    4.48966831e-01 4.32157218e-01 3.79623592e-01 1.49041951e-01
    8.30273628e-01 3.16051960e-01 9.76149797e-01 4.59149957e-01
    6.25625253e-01 1.49051130e-01 1.39424890e-01 5.57413936e-01
    2.80187845e-01 6.23719156e-01 2.07300544e-01 1.88493282e-01
    5.46385288e-01 3.13991785e-01 4.23577994e-01 5.89989066e-01
    5.00044763e-01 1.44249380e-01 2.95351714e-01 9.03959036e-01
    6.88775539e-01 2.72743046e-01 8.73465419e-01 5.25276899e-01
    7.59824038e-01 8.83361697e-01 1.93268031e-01 2.44411826e-01
    9.29591417e-01 8.05501103e-01 1.04356080e-01 5.02198875e-01
    1.49753988e-01 7.89894760e-02 8.68925452e-01 4.88447189e-01
    4.25088406e-02 1.56971097e-01 5.35630584e-02 9.49375272e-01
    8.87703061e-01 5.72340190e-01 6.30751848e-02 4.91556793e-01
    2.98674911e-01 6.63609982e-01 4.31989253e-01 3.22164625e-01
    8.92917812e-01 7.63852835e-01 1.40759319e-01 4.74350274e-01
    8.16013813e-01 1.95444912e-01 7.23152995e-01 9.99965310e-01
    1.58066571e-01 8.03210974e-01 5.65428138e-02 1.45673662e-01
    5.99929750e-01 2.55977571e-01 5.04731297e-01 9.82146502e-01
    4.65897024e-01 1.32853031e-01 7.71419764e-01 4.70506996e-01
    4.98635650e-01 3.99380505e-01 3.86311918e-01 5.95538914e-02
    8.54736030e-01 6.38033509e-01 6.71548724e-01 8.09601307e-01
    7.47824788e-01 3.88290733e-01 9.69164371e-01 7.33729780e-01
    4.30525601e-01 8.40553999e-01 5.36777437e-01 5.18068790e-01
    8.90538394e-01 2.91030109e-01 1.53379083e-01 2.18859911e-02
    4.83243823e-01 2.28078723e-01 5.37152886e-01 9.51884151e-01
    6.57021999e-02 7.09369659e-01 9.71880317e-01 7.45203793e-02
    1.58951104e-01 6.96599603e-01 4.81419891e-01 9.85359669e-01
    3.03152204e-02 6.10620379e-01 9.91463602e-01 2.44364619e-01
    3.56216371e-01 8.49662602e-01 6.80546463e-01 2.95075357e-01
    5.53668201e-01 1.29667073e-01 1.22150928e-01 4.50875729e-01
    9.79935408e-01 1.75851882e-02 1.04170322e-01 7.86018968e-02
    1.36155397e-01 7.35020280e-01 1.84754133e-01 2.10534960e-01
    7.70425916e-01 4.98777330e-01 9.43725884e-01 2.58840799e-01
    7.64662981e-01 9.10438895e-02 3.93058985e-01 1.72454536e-01
    3.42822075e-03 8.23283732e-01 9.89365041e-01 1.71286821e-01
    2.37309068e-01 1.53999209e-01 8.39880168e-01 9.41732943e-01
    8.20711613e-01 6.08474135e-01 7.23086476e-01 8.32417965e-01
    1.01316154e-01 6.67680144e-01 4.98157918e-01 6.49613142e-03
    6.44620061e-01 2.78357387e-01 2.73245394e-01 8.35888743e-01
    6.45718575e-01 8.35168600e-01 4.38368440e-01 6.22678995e-01
    1.31877840e-01 5.27495265e-01 5.26794851e-01 5.88729978e-02
    2.91933537e-01 2.03854740e-01 2.42945433e-01 6.35025144e-01
    9.58429158e-01 4.00983483e-01 6.75875783e-01 6.19004965e-01
    3.60814601e-01 5.78944802e-01 5.25958717e-01 7.66196907e-01
    2.55236506e-01 2.84935296e-01 7.29129732e-01 9.69541788e-01
    1.73528492e-02 2.92659044e-01 7.11083472e-01 6.60880208e-02
    4.97355640e-01 1.45469844e-01 7.34552383e-01 6.46216094e-01
    7.06865251e-01 6.15459025e-01 2.12668478e-01 4.17159975e-01
    1.19969845e-02 2.43952572e-02 2.03709006e-01 8.90191138e-01
    9.85415220e-01 8.93711805e-01 6.57917261e-01 3.60889882e-01
    2.81185418e-01 8.98289502e-01 8.64067733e-01 9.08163726e-01
    8.30092549e-01 8.63255739e-01 7.53867745e-01 9.51981544e-01
    9.82832313e-01 5.96661568e-02 8.26093078e-01 8.92627001e-01
    1.56940371e-01 8.12950253e-01 9.13558781e-01 8.59156132e-01
    7.80375898e-02 3.23223174e-02 3.95369291e-01 1.35257095e-01
    5.38496137e-01 7.06361949e-01 7.37338185e-01 8.71494770e-01
    5.20843267e-02 4.77544814e-01 8.18696856e-01 5.27099609e-01
    7.38456666e-01 1.55597121e-01 6.68213964e-01 2.19999760e-01
    9.62657750e-01 6.00053251e-01 8.43753219e-02 4.62364852e-01
    9.80662346e-01 5.16733646e-01 3.60744119e-01 5.96717477e-01
    7.76621819e-01 1.02662981e-01 1.08644664e-02 2.50672996e-01
    2.33349800e-01 2.50797212e-01 5.47359884e-01 5.07633150e-01
    6.41273081e-01 9.40752327e-01 6.38207078e-01 8.08233142e-01
    6.19065583e-01 6.97090745e-01 7.04658210e-01 9.86715913e-01
    8.57184887e-01 8.10444593e-01 4.55719829e-02 5.60660541e-01
    3.79758835e-01 6.05465233e-01 5.87132215e-01 8.20985198e-01
    1.39474720e-01 1.76468909e-01 5.57650208e-01 8.49807441e-01
    3.98049355e-02 7.90306330e-01 9.62796330e-01 3.81729394e-01
    4.83161688e-01 7.32181072e-02 9.78777409e-01 4.89584208e-01
    2.18438566e-01 2.68483162e-03 4.96474892e-01 8.63343835e-01
    9.90138292e-01 2.66892999e-01 2.48425901e-02 6.36644363e-01
    6.67966545e-01 7.88084447e-01 1.79656178e-01 6.71805263e-01
    7.27107644e-01 5.56863010e-01 2.39375144e-01 7.15086579e-01
    4.73451465e-01 4.32164818e-01 8.82819414e-01 5.88840365e-01
    1.30750448e-01 8.66385341e-01 1.48489445e-01 6.73151255e-01
    1.70124918e-01 7.56734967e-01 1.04090542e-01 8.92264128e-01
    5.51239967e-01 8.03267717e-01 8.89867246e-01 8.37833524e-01
    3.52665186e-02 6.53204620e-02 6.11212611e-01 2.28352547e-01
    2.19694406e-01 5.10784626e-01 1.83836401e-01 4.06110555e-01
    1.96071923e-01 2.78649449e-01 5.57524443e-01 1.98938251e-02
    8.11640739e-01 8.10043097e-01 7.38007426e-01 1.37822628e-01
    7.44036138e-02 2.61739522e-01 2.06789613e-01 9.12795722e-01
    9.17767406e-01 8.53439331e-01 3.39694381e-01 4.69247699e-01
    5.03901362e-01 1.15453690e-01 6.12944126e-01 4.41493541e-01
    1.55866772e-01 3.03031504e-02 5.74725032e-01 7.31317401e-01
    5.82157135e-01 1.22252196e-01 6.61348999e-01 8.01162004e-01
    8.50659609e-01 2.23578185e-01 2.61146456e-01 8.94680858e-01
    9.42416072e-01 7.02649236e-01 3.05551231e-01 7.86284328e-01
    6.05801284e-01 9.76810575e-01 3.22047114e-01 2.51194537e-02
    6.32163644e-01 3.96876693e-01 2.23904401e-01 9.61081743e-01
    9.21188116e-01 4.04848754e-01 3.29279602e-01 4.08841103e-01
    8.23125362e-01 5.27056456e-01 6.89402938e-01 8.89625251e-01
    7.83697128e-01 7.82440543e-01 6.44879937e-01 6.45682931e-01
    2.51066983e-01 3.05791020e-01 6.75803483e-01 1.83206916e-01
    5.80469549e-01 6.66808307e-01 6.36633992e-01 4.77769285e-01
    4.41888183e-01 3.87651443e-01 9.23526525e-01 3.41725826e-01
    1.06841356e-01 4.62350160e-01 2.70651788e-01 7.95716763e-01
    9.72348332e-01 1.42470986e-01 2.37190127e-01 3.35177422e-01
    2.96741366e-01 5.81212044e-02 1.80825949e-01 3.05595875e-01
    5.83633304e-01 8.96018147e-01 5.51776409e-01 6.76230490e-01
    7.48245478e-01 2.45147139e-01 3.79538417e-01 1.77316070e-02
    2.17796326e-01 4.50196862e-01 3.41319263e-01 5.82957268e-01
    1.67167425e-01 5.39338589e-03 9.91165400e-01 8.03646266e-01
    4.61266518e-01 8.81079137e-01 5.99695086e-01 4.83475327e-01
    4.85410929e-01 9.13349390e-01 8.56703401e-01 2.26328760e-01
    7.65925944e-01 4.73635226e-01 2.41251618e-01 2.47395754e-01
    5.73934555e-01 5.20249605e-02 8.47662210e-01 3.35604131e-01
    5.83527803e-01 7.24893153e-01 6.58860683e-01 9.25862312e-01
    9.57444370e-01 6.33966804e-01 5.72523832e-01 6.88591301e-01
    2.83533335e-02 2.52628148e-01 1.27843589e-01 7.29030550e-01
    6.19511127e-01 4.63401705e-01 6.82834446e-01 6.67775035e-01
    9.47012246e-01 6.43348217e-01 9.73313808e-01 2.79338449e-01
    2.90191770e-01 9.06658292e-01 6.98665023e-01 3.66521597e-01
    9.09194589e-01 8.84143770e-01 1.62876219e-01 3.41981530e-01
    4.14169341e-01 8.65719557e-01 1.94668025e-01 7.92388082e-01
    3.92651886e-01 9.23956394e-01 7.29229748e-02 1.19024217e-01
    9.92116034e-01 2.03696758e-01 2.19666898e-01 4.88393068e-01
    9.81946528e-01 3.45054924e-01 2.19708234e-01 3.70465159e-01
    5.46414435e-01 5.70617139e-01 1.38178468e-03 9.45658684e-02
    2.61606574e-01 4.27321136e-01 9.76979971e-01 7.87730575e-01
    9.00866151e-01 4.92978990e-01 5.74582875e-01 7.34989703e-01
    2.84393609e-01 6.55590773e-01 7.04554856e-01 5.38895726e-01
    8.37383807e-01 4.55555946e-01 8.93339932e-01 5.21755636e-01
    1.41641855e-01 1.58250093e-01 8.02148223e-01 2.32543647e-02
    2.90729761e-01 6.32937789e-01 6.37256861e-01 8.29311609e-01
    2.53763199e-02 6.93811655e-01 3.29441220e-01 7.66423345e-01
    3.24263752e-01 5.19668818e-01 4.23790365e-01 3.09427857e-01
    3.13567638e-01 6.90431118e-01 3.87750059e-01 6.46598339e-01
    4.74528253e-01 8.98561597e-01 3.95169795e-01 1.20311260e-01
    3.85064602e-01 1.62480056e-01 7.29652643e-01 6.34921074e-01
    1.72692180e-01 1.34134740e-01 6.79454982e-01 8.21133137e-01
    1.73529178e-01 3.62356305e-02 4.73875970e-01 4.90321159e-01
    2.64480412e-02 2.45151907e-01 2.14783370e-01 1.43530965e-03
    3.41029674e-01 7.05483258e-01 5.94367027e-01 2.98947930e-01
    7.04539180e-01 7.07549930e-01 3.07945520e-01 4.43917453e-01
    5.10752141e-01 6.39595151e-01 7.26197958e-02 4.60511595e-01
    5.54114699e-01 7.96734869e-01 5.84982932e-01 2.21304536e-01
    6.53832018e-01 5.65643191e-01 6.87106609e-01 8.52202356e-01
    2.96275020e-01 5.10213494e-01 1.60218388e-01 7.85402060e-01
    6.56419218e-01 5.93921781e-01 3.37441027e-01 9.99039233e-01
    8.65471303e-01 8.49868059e-01 2.43403316e-01 1.50178045e-01
    5.66312373e-01 6.63312197e-01 7.46623635e-01 3.88686746e-01
    2.44441628e-02 4.87939566e-01 6.17705524e-01 3.50674897e-01
    9.80978012e-01 7.26998091e-01 3.39865685e-04 2.29862452e-01
    7.43008256e-01 9.05753434e-01 4.24467444e-01 8.96188498e-01
    8.99006367e-01 7.35814214e-01 4.45944399e-01 7.12272823e-01
    1.35538012e-01 3.85385066e-01 6.37325823e-01 3.85863781e-02
    5.49666643e-01 6.81950927e-01 9.84199762e-01 6.23491645e-01
    6.90988779e-01 5.23282290e-01 8.25141013e-01 2.88849115e-01
    2.49190331e-01 3.30050826e-01 4.68329489e-02 2.84631550e-02
    3.28314513e-01 7.36064315e-01 7.52792239e-01 4.26288843e-02
    1.79893404e-01 1.14529431e-01 6.89873397e-01 1.79532170e-02
    6.28805161e-01 1.12381339e-01 8.72847676e-01 9.80590343e-01
    9.32457089e-01 6.26015663e-01 7.79272318e-01 8.16154778e-02
    8.17698121e-01 4.25761014e-01 7.01843739e-01 1.85168892e-01
    5.60143590e-01 9.51510966e-02 5.48078597e-01 2.51263231e-01
    8.13887000e-01 3.63337874e-01 3.87363374e-01 2.02168435e-01
    8.25241029e-01 7.33141303e-01 2.31552184e-01 5.03308415e-01
    5.58671057e-01 6.57413781e-01 4.23994094e-01 5.13845682e-01
    7.13031054e-01 4.66678798e-01 5.50807357e-01 4.89712417e-01
    6.76259518e-01 3.01962256e-01 1.79779321e-01 2.07174063e-01
    5.51570714e-01 2.52298832e-01 9.19270694e-01 5.72603226e-01
    9.56099272e-01 5.59183359e-01 8.05599451e-01 9.32636976e-01
    8.46571684e-01 6.75977051e-01 5.21293163e-01 7.97550797e-01
    4.39492762e-01 4.31222260e-01 3.47420990e-01 6.42013192e-01
    2.67977357e-01 7.58085489e-01 4.25624847e-01 7.46225238e-01
    1.58572495e-02 7.18720138e-01 5.31991720e-01 5.56577682e-01
    9.12601888e-01 1.97026908e-01 1.08550221e-01 5.21810055e-01
    7.17164874e-01 7.48094141e-01 4.05188918e-01 5.15514433e-01
    7.09336281e-01 5.37310302e-01 2.22152323e-01 5.09023368e-01
    2.21214354e-01 7.63257742e-02 8.97578716e-01 1.26268595e-01
    9.64018404e-02 1.44501150e-01 5.74661911e-01 4.78319705e-01
    4.19346690e-02 2.70671368e-01 3.33255589e-01 5.29739559e-01
    1.22972488e-01 1.26510918e-01 1.35992408e-01 9.79579329e-01
    1.29832417e-01 4.20287549e-01 2.91740239e-01 5.72755098e-01
    7.89448380e-01 6.10480905e-01 2.64880359e-02 2.30724365e-01
    5.02907932e-01 5.68325579e-01 6.29512012e-01 5.39138734e-01
    4.62040067e-01 5.27025044e-01 6.40123427e-01 8.50805998e-01
    9.70361233e-02 5.83263218e-01 2.51302361e-01 6.74547195e-01
    2.70315945e-01 6.30379379e-01 7.91297555e-01 8.48022938e-01
    4.06330764e-01 8.89905572e-01 5.32473326e-02 7.93112814e-01
    5.49851000e-01 4.96715218e-01 5.85749865e-01 8.64137769e-01
    9.94497955e-01 7.77805209e-01 6.83665037e-01 9.25237656e-01
    1.09731495e-01 8.10949564e-01 3.61134171e-01 2.69487858e-01
    6.84441030e-01 5.75405419e-01 3.22093070e-01 5.99196672e-01
    9.51211095e-01 8.92033577e-01 7.59164989e-01 4.68229771e-01
    7.98249602e-01 3.41613680e-01 5.67165613e-02 4.25721407e-02
    1.77977592e-01 5.33082902e-01 9.32318926e-01 7.25601733e-01
    6.48061812e-01 4.58194792e-01 8.31566215e-01 6.34720027e-01
    2.20432013e-01 5.29774249e-01 6.35798931e-01 7.08731413e-02
    8.21262956e-01 5.97787201e-01 5.95846295e-01 6.47571921e-01
    6.33884430e-01 1.73488170e-01 7.78137147e-02 8.18075120e-01
    3.69400084e-01 5.82672358e-01 4.32015747e-01 3.22081447e-02
    9.36507821e-01 3.20376158e-02 9.66013074e-01 2.38366127e-02
    3.92059475e-01 2.92150021e-01 3.76617938e-01 1.91063315e-01
    7.90092349e-01 2.69546926e-01 2.31996953e-01 6.83346152e-01
    5.53300202e-01 1.89466476e-01 9.85102892e-01 6.10766828e-01
    9.19345975e-01 3.49574387e-02 2.80328631e-01 3.53022635e-01
    5.33543766e-01 1.16275251e-02 7.82498837e-01 8.37861180e-01
    2.43145049e-01 3.27449799e-01 6.01215422e-01 9.67205524e-01
    2.88540632e-01 6.02000356e-02 5.25881469e-01 5.49489617e-01
    5.52421093e-01 4.38369811e-02 9.30908144e-01 7.24185050e-01
    4.48723376e-01 8.79517317e-01 7.44013906e-01 1.87289596e-01
    8.69589686e-01 8.41977179e-01 4.79228735e-01 8.27321768e-01
    8.85169744e-01 2.92801201e-01 5.14423907e-01 4.81124431e-01
    8.25227559e-01 6.50583267e-01 7.65321851e-02 1.93902016e-01
    2.04421997e-01 3.31800461e-01 3.52346718e-01 3.19181502e-01
    7.71853268e-01 4.20878440e-01 7.87077665e-01 3.72021973e-01
    2.59095132e-01 5.59633493e-01 5.90168655e-01 9.67235446e-01
    8.76345873e-01 6.52169347e-01 9.29209650e-01 1.99586123e-01
    9.60375071e-01 5.65672576e-01 4.78909731e-01 5.57298839e-01
    6.94178522e-01 6.74129069e-01 2.05852687e-01 8.15221906e-01
    9.51334119e-01 3.76157105e-01 2.31562883e-01 9.37340379e-01
    5.25253415e-01 9.32297289e-01 9.01311398e-01 9.37433660e-01
    6.49548411e-01 6.93880439e-01 5.77990711e-01 3.73675883e-01
    5.69326043e-01 1.59874231e-01 9.88617480e-01 5.79285622e-01
    8.44423294e-01 5.65070450e-01 5.77619970e-02 9.44869280e-01
    2.10616142e-01 8.66617739e-01 4.90960479e-01 3.39962602e-01
    4.60556805e-01 6.23064041e-01 3.83990407e-01 8.59066010e-01
    9.49487984e-02 1.37874186e-02 3.33152056e-01 5.85820496e-01
    2.71497935e-01 6.12719893e-01 8.29048812e-01 8.83988321e-01
    5.43385267e-01 2.64726669e-01 5.72155714e-01 7.60203958e-01
    9.62992013e-02 4.43385184e-01 1.32601649e-01 4.17082757e-01
    4.35334116e-01 5.10369182e-01 3.85701954e-02 5.63864112e-01
    6.99245572e-01 7.63705015e-01 9.54537153e-01 3.33183765e-01
    3.74669850e-01 4.53581691e-01 1.20867193e-01 5.19448519e-01
    9.52792287e-01 4.35999393e-01 5.19268334e-01 2.64711857e-01
    7.43718505e-01 2.23302305e-01 9.65776205e-01 6.22853518e-01
    2.42321461e-01 9.57128763e-01 6.28948867e-01 9.36120391e-01
    7.22181916e-01 8.28950763e-01 7.66807556e-01 1.73754364e-01
    7.38613129e-01 5.37065148e-01 3.36509347e-01 3.27182561e-01
    6.47070587e-01 3.91956866e-02 6.69932306e-01 4.62106794e-01
    2.69573033e-01 9.41627622e-01 6.29236400e-01 4.27343190e-01
    5.83920956e-01 6.19863272e-01 2.98632503e-01 8.28409314e-01
    2.98943400e-01 6.88221812e-01 8.57868910e-01 2.20617324e-01
    6.71804428e-01 4.78048623e-01 2.09778219e-01 6.43217206e-01
    7.50812352e-01 5.35652280e-01 5.73127449e-01 2.68451273e-02
    1.71895266e-01 2.17489392e-01 2.53755152e-01 2.72879303e-02
    1.68741971e-01 2.61906564e-01 7.86561906e-01 7.81604707e-01
    4.51599002e-01 2.41778731e-01 8.90930176e-01 4.95591879e-01
    7.33001113e-01 5.45005322e-01 1.68031305e-01 8.71426702e-01
    7.97047496e-01 3.56430709e-02 1.19397163e-01 8.58180463e-01
    8.67890120e-01 4.62910235e-02 5.38310230e-01 7.02258468e-01
    5.83238423e-01 5.33038676e-01 5.43860316e-01 9.08686876e-01
    3.21739554e-01 1.36404395e-01 8.09830427e-03 5.83536863e-01
    4.32600081e-02 8.40177774e-01 9.73193645e-01 2.05743849e-01
    5.24319828e-01 7.97902346e-02 7.41631925e-01 6.17447913e-01
    9.93779063e-01 8.71593237e-01 1.61131144e-01 1.97881013e-01
    7.38026679e-01 8.88003111e-01 5.64522207e-01 6.01264000e-01
    9.66866851e-01 6.69715166e-01 7.60752916e-01 8.45290005e-01
    1.66858852e-01 2.25171924e-01 4.55318183e-01 9.66850996e-01
    9.07530308e-01 5.40939510e-01 3.73544753e-01 5.00311255e-01
    5.19917965e-01 3.69282156e-01 7.69844413e-01 6.18312716e-01
    1.29918426e-01 2.73746729e-01 8.45076919e-01 1.14505917e-01
    1.10331684e-01 7.37885535e-01 2.62565613e-01 1.66478842e-01
    1.76431268e-01 8.25620651e-01 6.69923246e-01 4.37347740e-01
    4.72993672e-01 5.84975839e-01 2.93633491e-01 5.62413812e-01
    6.17560089e-01 3.61631781e-01 5.44457734e-01 7.01029539e-01
    5.91806412e-01 5.47340572e-01 3.40425819e-01 2.03186661e-01
    7.04874575e-01 4.36262608e-01 4.31847185e-01 6.62052155e-01
    3.69044751e-01 9.39356446e-01 9.25499558e-01 7.88810849e-01
    4.78976816e-01 4.22786474e-01 9.22759891e-01 7.07665741e-01
    7.04184234e-01 3.74054790e-01 7.77701378e-01 7.21873343e-01
    4.60357934e-01 9.49620426e-01 1.91904306e-02 9.32444334e-01
    6.47036910e-01 7.87216842e-01 7.78542638e-01 7.90736794e-01
    4.69550490e-03 8.84781182e-02 3.74132991e-02 6.30887508e-01
    5.80148995e-01 8.90832245e-02 5.54269910e-01 3.83586526e-01
    1.13288462e-01 1.16063923e-01 5.77197134e-01 3.52919579e-01
    3.49042296e-01 8.51798773e-01 9.54704642e-01 8.82397652e-01
    5.00396669e-01 4.67216551e-01 7.21809387e-01 4.22588110e-01
    3.87308896e-02 3.87127131e-01 3.54361951e-01 7.15041995e-01
    5.23848474e-01 5.41204453e-01 2.70442247e-01 8.71834397e-01
    4.82039452e-01 2.49169916e-01 3.78911346e-01 6.53067231e-02
    4.77829933e-01 4.31571245e-01 6.90386295e-01 1.79443181e-01
    1.25448287e-01 5.54302037e-01 9.09545541e-01 6.35842562e-01
    4.67013419e-02 4.31532621e-01 1.27123326e-01 6.34130120e-01
    5.36729574e-01 8.53833854e-01 8.66130829e-01 6.08088791e-01
    6.29252493e-02 5.25184333e-01 9.88407135e-01 3.79873306e-01
    6.36444330e-01 2.94245332e-01 1.56838059e-01 5.20924926e-01
    2.88491726e-01 7.07818151e-01 2.17025429e-01 4.46675003e-01
    5.60177863e-01 8.69906247e-02 3.77489150e-01 2.62186408e-01
    2.53377080e-01 8.73721123e-01 7.89028645e-01 3.27391028e-01
    5.68112373e-01 6.84830070e-01 5.57306170e-01 9.85212564e-01
    4.38806057e-01 6.52222335e-01 1.36535227e-01 5.77208042e-01
    1.07103199e-01 6.32632852e-01 5.62105834e-01 6.89225554e-01
    5.35758615e-01 2.40665257e-01 9.48025107e-01 9.33779895e-01
    2.38544405e-01 3.58918607e-01 8.04000795e-02 4.34639812e-01
    2.60929585e-01 4.59891021e-01 8.58850121e-01 4.32876229e-01
    3.32305551e-01 6.26284182e-01 6.60338879e-01 7.05277681e-01
    5.49749196e-01 5.95109582e-01 2.95123100e-01 6.83268785e-01
    4.35753465e-02 5.59855759e-01 9.31026936e-02 4.75995660e-01
    4.51317221e-01 1.27401948e-03 7.02776194e-01 5.14935434e-01
    4.31495339e-01 1.26227260e-01 6.27560794e-01 7.55850554e-01
    8.56395602e-01 7.08088875e-01 7.81828523e-01 2.53949285e-01
    5.07768989e-01 6.47797823e-01 6.14766777e-02 7.77268052e-01
    3.56932759e-01 7.84090638e-01 7.36616254e-02 7.59712219e-01
    8.41647267e-01 5.13126135e-01 3.15527618e-02 2.02211350e-01
    5.43133676e-01 3.43997478e-02 6.55220747e-01 9.37493086e-01
    2.13163584e-01 6.70849085e-02 8.42176259e-01 2.75650471e-01
    3.06923062e-01 7.00355887e-01 8.99854541e-01 1.79899186e-01
    6.59981847e-01 8.83803368e-02 3.57113242e-01 8.04004192e-01
    8.31361234e-01 2.71542788e-01 2.33459711e-01 4.91866887e-01
    9.63850379e-01 3.16593587e-01 2.74373651e-01 7.87371576e-01
    7.45414972e-01 5.74149728e-01 9.07037258e-01 7.57199407e-01
    4.23785985e-01 5.22497058e-01 1.29673928e-01 5.36879897e-01
    3.66797626e-01 1.09414726e-01 3.40541720e-01 3.30639184e-02
    1.84701383e-02 7.71249533e-01 6.87668443e-01 6.48383498e-02
    2.78441787e-01 2.00525463e-01 8.53454828e-01 6.54731035e-01
    1.67748362e-01 7.18186438e-01 9.86473978e-01 2.54459977e-02
    9.02076006e-01 7.88792193e-01 1.35601431e-01 5.47877729e-01
    9.50597525e-01 8.52011323e-01 8.87689590e-01 8.52980912e-01
    3.13843369e-01 7.91514814e-01 4.82461989e-01 7.94942975e-02
    7.35393107e-01 6.26327097e-01 7.83040881e-01 3.37208450e-01
    3.59628379e-01 7.17914581e-01 3.06607783e-02 2.02455699e-01
    1.13634914e-01 9.94205713e-01 7.11773396e-01 1.68217391e-01
    3.60680372e-01 8.11826587e-02 2.35795975e-03 1.04732513e-01
    9.29454207e-01 2.56789148e-01 8.19151998e-01 4.43834931e-01
    2.29688466e-01 9.59934950e-01 6.43854558e-01 6.04683578e-01
    2.97462225e-01 1.25804067e-01 7.76207626e-01 8.58071327e-01
    3.83047670e-01 6.00746930e-01 5.75544119e-01 8.99543047e-01
    4.70993668e-01 8.93468618e-01 8.15691173e-01 1.35160446e-01
    7.89083242e-01 8.43307614e-01 4.66826499e-01 1.83015108e-01
    6.75220430e-01 5.98693669e-01 9.08084869e-01 6.29994512e-01
    2.92043716e-01 6.37825668e-01 5.45014679e-01 4.36913729e-01
    2.64224768e-01 1.16946697e-01 2.83280313e-02 4.68187392e-01
    8.28430474e-01 8.46315682e-01 3.21572632e-01 2.94820726e-01
    3.79923195e-01 4.19862270e-01 2.22344697e-02 2.44296312e-01
    8.63417685e-02 9.47007477e-01 9.05727983e-01 8.08127046e-01
    6.86067939e-01 4.75284517e-01 7.90908933e-01 5.23221493e-01
    9.37671542e-01 9.90471244e-01 3.68794680e-01 9.80838239e-02
    2.40727276e-01 9.80095565e-02 9.02910352e-01 8.24153125e-02
    2.74752289e-01 2.60188550e-01 7.75074601e-01 9.89700198e-01
    9.80631948e-01 2.64374495e-01 1.14402741e-01 9.73968744e-01
    5.68906844e-01 3.05310905e-01 2.82417834e-01 6.28837585e-01
    9.55537856e-02 4.08352911e-02 8.27899218e-01 8.96242082e-01
    8.28523636e-01 7.80773818e-01 3.92533481e-01 1.44779086e-02
    8.50041628e-01 5.02403975e-01 8.49260330e-01 3.44717622e-01
    3.19831431e-01 2.52658606e-01 2.88166404e-02 9.47823405e-01
    7.37617970e-01 1.52711302e-01 4.74612772e-01 1.29128695e-01
    4.93067056e-01 9.97667551e-01 8.80626917e-01 3.57273877e-01
    5.02246082e-01 3.44060659e-01 1.51930302e-01 7.83663869e-01
    4.53279018e-01 2.73757875e-02 8.15132856e-01 7.06364274e-01
    2.96794236e-01 6.47992671e-01 4.58554149e-01 3.38344455e-01
    9.66321349e-01 6.36267304e-01 5.06467402e-01 5.84367394e-01
    3.21692705e-01 2.13704407e-02 8.35891604e-01 7.12472081e-01
    4.50989008e-02 1.01903856e-01 4.10300881e-01 6.35963738e-01
    3.66762698e-01 8.33771408e-01 2.75834799e-01 5.00987470e-01
    2.92864144e-01 1.57142401e-01 3.41408253e-02 4.42015201e-01
    9.06468093e-01 5.84358573e-01 5.13612390e-01 4.61973846e-02
    5.69417000e-01 7.98316896e-02 6.61506653e-01 9.77321744e-01
    6.57229960e-01 8.81804824e-01 7.75867045e-01 7.78939128e-02
    9.16752100e-01 8.83913815e-01 9.42531705e-01 5.61317980e-01
    3.59276533e-01 9.88008022e-01 3.42977673e-01 9.47581649e-01
    2.79191136e-03 2.06888139e-01 2.85141736e-01 1.08628333e-01
    2.75261402e-01 1.44196332e-01 7.37902701e-01 3.91651928e-01
    7.14426577e-01 1.61868215e-01 8.96866918e-01 1.02742046e-01
    8.79619479e-01 3.17561507e-01 2.32771367e-01 4.93831575e-01
    3.06098044e-01 1.72315419e-01 4.31065291e-01 9.91708994e-01
    3.67708623e-01 1.84364200e-01 7.79059887e-01 5.21681964e-01
    1.45837426e-01 7.37968385e-01 9.53091621e-01 1.15367174e-01
    4.97841418e-01 4.15993243e-01 1.52115434e-01 7.29495287e-03
    4.98833716e-01 2.87256479e-01 1.40716046e-01 5.51805615e-01
    5.11161149e-01 9.89187241e-01 7.48194635e-01 7.38606036e-01
    6.56062484e-01 7.21665323e-01 3.83435249e-01 9.74673867e-01
    8.14177394e-01 6.42506063e-01 5.26786566e-01 7.54646301e-01
    1.74212515e-01 5.46044886e-01 7.87712336e-02 5.24497330e-01
    7.75822520e-01 2.26742297e-01 6.29979491e-01 7.50357866e-01
    1.41940027e-01 9.32924509e-01 5.31574488e-01 2.81927228e-01
    2.35064059e-01 9.91073549e-02 4.38435078e-01 3.37583601e-01
    9.67926264e-01 5.19706845e-01 7.73660064e-01 1.10585332e-01
    4.82635587e-01 2.94768393e-01 6.53755903e-01 1.71459794e-01
    7.63634980e-01 3.54817182e-01 7.38450289e-01 2.51202524e-01
    8.45121920e-01 3.35218310e-01 5.63576818e-01 4.98019367e-01
    3.17518651e-01 8.65707159e-01 9.61836934e-01 6.45414293e-02
    5.26131332e-01 2.74794489e-01 6.91287875e-01 9.70360637e-01
    3.07808280e-01 5.60055614e-01 5.06216407e-01 9.07184482e-01
    5.71584702e-03 4.32668597e-01 1.25856549e-01 9.22156632e-01
    8.95057678e-01 3.95579129e-01 3.62989664e-01 4.12945092e-01
    3.86253536e-01 1.81585521e-01 9.77009892e-01 7.22659230e-01
    8.15116763e-02 8.61578822e-01 2.98839390e-01 7.74191141e-01
    8.80968571e-01 2.95106828e-01 3.34700465e-01 4.82477546e-02
    4.58329678e-01 5.78619003e-01 8.44375193e-01 7.47884154e-01
    4.88128483e-01 2.85542548e-01 9.15086627e-01 2.92658865e-01
    6.25501215e-01 3.26655328e-01 4.93984789e-01 6.83339834e-01
    6.25800490e-01 6.53488398e-01 2.93995738e-02 6.51657879e-02
    2.22050130e-01 3.79712582e-01 4.97045159e-01 1.60520703e-01
    5.95405877e-01 1.86595261e-01 2.83714890e-01 9.44703817e-03
    5.60507894e-01 7.70828485e-01 9.75721955e-01 2.30985254e-01
    3.11464548e-01 3.93283039e-01 2.84682006e-01 4.22094107e-01
    3.72697353e-01 9.17411447e-02 7.12304115e-02 4.39851403e-01
    9.00424719e-01 9.65956926e-01 7.48522162e-01 5.46962798e-01
    9.00910735e-01 2.28426009e-01 7.32302547e-01 5.71045220e-01
    9.61693227e-01 8.05232763e-01 2.22482681e-02 8.47030163e-01
    3.98168713e-01 4.27997977e-01 6.04567528e-01 2.74486214e-01
    2.15697259e-01 7.04902291e-01 2.50257254e-01 2.85022527e-01
    3.16001773e-02 7.06500113e-01 5.88448107e-01 2.32565105e-01
    9.18861747e-01 2.51269519e-01 4.79465991e-01 5.71521580e-01
    4.87225741e-01 5.88878751e-01 8.76104832e-02 7.06945062e-01
    8.61752868e-01 6.74914420e-01 5.05887389e-01 5.47837615e-02
    8.74038815e-01 9.46670771e-02 7.83331990e-01 6.42449915e-01
    2.84615576e-01 2.20784754e-01 5.77027261e-01 6.28233790e-01
    2.04167813e-01 2.33941913e-01 1.55696541e-01 1.22159660e-01
    1.13637984e-01 2.43370116e-01 9.73850965e-01 7.32722640e-01
    9.27170038e-01 7.82183826e-01 4.99497086e-01 9.10232306e-01
    4.20541346e-01 4.39298242e-01 2.49084949e-01 9.53293920e-01
    1.36346132e-01 1.01480514e-01 6.11967564e-01 7.93316007e-01
    8.42534900e-01 7.31461406e-01 5.70930541e-01 8.44806910e-01
    9.04275239e-01 4.31571901e-02 9.43123937e-01 3.14362586e-01
    6.86162412e-02 6.48028016e-01 6.56953156e-02 3.92382383e-01
    3.39636832e-01 2.94672221e-01 5.18614292e-01 4.32919383e-01
    6.01479232e-01 4.25974667e-01 6.38497472e-01 2.15144783e-01
    2.51056880e-01 1.92461938e-01 3.55471134e-01 7.22562432e-01
    9.47709858e-01 9.66492653e-01 9.36036229e-01 9.88488495e-02
    1.18436217e-02 5.95859289e-01 9.33452487e-01 6.51549995e-01
    7.55318761e-01 1.67434484e-01 8.69414091e-01 7.76176333e-01
    4.62753057e-01 1.82194918e-01 5.94649673e-01 5.36572516e-01
    4.34357375e-01 9.33771133e-02 9.92447734e-01 3.13110411e-01
    1.87051386e-01 9.58385587e-01 6.37573779e-01 3.25394869e-01
    6.18123174e-01 7.06140697e-01 8.85948360e-01 3.95364851e-01
    3.04483414e-01 4.04409826e-01 5.80259144e-01 7.15318680e-01
    6.65956736e-02 9.88898039e-01 9.68078852e-01 9.31166172e-01
    2.85682440e-01 9.29808736e-01 1.89937264e-01 1.80501759e-01
    4.07181263e-01 7.41152167e-01 6.63730979e-01 4.37914968e-01
    1.63710773e-01 2.05109268e-01 3.71483564e-01 6.26184762e-01
    9.67127740e-01 7.30691969e-01 4.18472081e-01 3.48620534e-01
    8.02060008e-01 4.49681997e-01 5.79381108e-01 8.67172003e-01
    3.29142094e-01 4.79089558e-01 1.40802294e-01 1.74965084e-01
    3.63842249e-01 4.57258850e-01 7.50284195e-01 9.01089668e-01
    9.90921855e-02 7.65331984e-01 8.12010765e-01 3.61041427e-01
    9.65571165e-01 2.72557855e-01 6.23272955e-01 6.00845635e-01
    6.27667785e-01 3.64182472e-01 4.38714504e-01 7.92007685e-01
    4.09739107e-01 8.26050639e-02 3.20138365e-01 4.04985994e-01
    3.71673346e-01 1.34323180e-01 9.78338897e-01 9.95114446e-03
    9.60089564e-01 4.81133997e-01 5.85599244e-02 7.03238487e-01
    2.40205616e-01 3.71625960e-01 6.41388714e-01 8.57666731e-01
    5.68948686e-02 9.20811057e-01 2.07974404e-01 7.44250596e-01
    5.35144687e-01 7.19942331e-01 5.40114045e-01 8.06965351e-01
    2.96752244e-01 6.62540793e-02 4.68097508e-01 7.51467705e-01
    2.02390850e-01 9.93783653e-01 3.83941472e-01 9.36217606e-01
    6.94358706e-01 2.74165928e-01 8.88999820e-01 3.20019007e-01
    5.08762240e-01 8.29970062e-01 4.02142286e-01 7.87883401e-01
    4.75782335e-01 7.33568907e-01 3.01551700e-01 8.50806117e-01
    1.74414515e-01 6.81674778e-01 7.34945834e-02 4.45319980e-01
    6.95361793e-02 5.21379173e-01 3.49355519e-01 6.65114522e-01
    6.44150853e-01 3.46778184e-01 6.75870836e-01 3.20060402e-01
    2.34789282e-01 4.65212226e-01 2.80995339e-01 9.92203593e-01
    6.09937012e-01 3.76216412e-01 8.44131708e-02 4.43509310e-01
    6.39289916e-01 8.07730675e-01 4.01099265e-01 3.20690870e-01
    1.30999327e-01 1.17498845e-01 5.87741077e-01 2.36845404e-01
    6.51457667e-01 5.31860590e-02 3.28812003e-01 7.89232790e-01
    1.15866244e-01 7.18358815e-01 6.16716683e-01 2.23785937e-02
    5.07391155e-01 6.13096893e-01 4.96995032e-01 6.35585666e-01
    8.95202398e-01 4.28350151e-01 5.17405450e-01 7.34816432e-01
    6.23675585e-01 1.67078078e-01 5.80870807e-01 8.02348733e-01
    7.07290351e-01 3.55042815e-01 5.09734452e-02 9.35011983e-01
    7.34715998e-01 1.15760177e-01 7.17341423e-01 8.25490713e-01
    1.79375023e-01 9.38485861e-01 5.84159970e-01 3.45887810e-01
    1.51754320e-02 4.90769923e-01 2.22719759e-01 5.09752750e-01
    8.91858220e-01 5.75772524e-01 3.41854572e-01 9.30791616e-01
    3.06191206e-01 3.28724355e-01 4.15998131e-01 6.55788302e-01
    4.26650345e-01 1.16431385e-01 6.21902049e-02 6.45206332e-01
    2.89619565e-01 3.43284249e-01 2.83399045e-01 1.34961635e-01
    5.08344829e-01 1.59466892e-01 5.86500227e-01 3.30367386e-02
    5.90710342e-01 7.21468627e-01 2.85575062e-01 2.71102965e-01
    2.35037804e-02 9.70263124e-01 6.10808194e-01 7.39462972e-01
    2.51257896e-01 5.36671162e-01 4.36012924e-01 5.95956624e-01
    9.57567334e-01 1.81658894e-01 8.77158523e-01 2.19679952e-01
    4.89023328e-03 3.38339925e-01 8.00602317e-01 8.86186421e-01
    4.20532882e-01 4.60993052e-02 8.33872676e-01 5.86489558e-01
    8.19972634e-01 3.95048946e-01 8.44004393e-01 7.62465358e-01
    1.96849912e-01 7.61914492e-01 5.35303116e-01 7.47268915e-01
    1.99979156e-01 9.15717781e-01 2.23811448e-01 5.05962849e-01
    2.73343325e-02 2.23642886e-02 5.10665059e-01 9.63809133e-01
    6.56403840e-01 7.34098792e-01 2.62897074e-01 4.89035577e-01
    5.66792846e-01 6.05100989e-01 4.12959576e-01 1.01941824e-03
    1.73716754e-01 1.49622202e-01 2.15693951e-01 2.47763097e-02
    6.73564672e-01 8.63498211e-01 4.01501238e-01 5.54436505e-01
    2.85510868e-01 7.42744088e-01 1.50547504e-01 1.22790337e-02
    6.72815323e-01 8.09662938e-01 2.64458895e-01 9.77863312e-01
    3.11085045e-01 5.89780271e-01 7.89835274e-01 7.05687761e-01
    5.62888265e-01 4.06240970e-01 4.44442213e-01 7.01889813e-01
    1.47681296e-01 7.54044056e-01 6.45955086e-01 2.82590866e-01
    8.79517555e-01 6.30468130e-04 7.87087440e-01 7.26467848e-01
    1.17874056e-01 5.35611212e-01 3.26580465e-01 7.50093579e-01
    7.53993571e-01 1.13038540e-01 3.28196466e-01 2.22460002e-01
    8.95983577e-01 1.92939341e-02 2.40131855e-01 8.52679610e-02
    5.19196928e-01 9.02847052e-01 4.12574917e-01 9.14854407e-01
    2.36095667e-01 1.06204689e-01 5.19973934e-02 9.36697483e-01
    4.80219424e-02 1.73046768e-01 9.02066469e-01 3.47414911e-01
    2.38572210e-01 6.60084963e-01 7.12511897e-01 3.68921041e-01
    2.96828270e-01 2.20014840e-01 2.15624452e-01 9.32072639e-01
    6.20871544e-01 6.06153905e-02 3.14973623e-01 2.02032417e-01
    8.12026858e-01 9.34357941e-02 6.65396154e-02 9.67618704e-01
    6.22591496e-01 9.81985211e-01 8.37033927e-01 3.83510441e-01
    5.61344802e-01 3.30267161e-01 3.37626636e-02 6.80857241e-01
    4.57614601e-01 5.85779548e-01 8.30666423e-01 5.79425573e-01
    6.74039721e-01 6.89128995e-01 1.00966364e-01 3.99088711e-01
    5.17462611e-01 1.26649559e-01 7.18229234e-01 6.96034849e-01
    4.50563967e-01 4.70283419e-01 8.88252854e-02 5.43563962e-01
    4.80221242e-01 1.06744677e-01 7.99699664e-01 9.05721068e-01
    6.42352402e-02 4.32151824e-01 8.41891289e-01 4.43019569e-02
    2.62478113e-01 4.35103327e-01 9.97410893e-01 6.10490501e-01
    3.67101014e-01 5.49971759e-01 3.34257782e-02 9.14496660e-01
    5.32109559e-01 6.55119956e-01 3.56739581e-01 2.69462407e-01
    4.95277941e-01 9.04147983e-01 3.09204638e-01 4.70501065e-01
    6.26370907e-01 8.50934863e-01 7.94638515e-01 8.69350076e-01
    9.10227180e-01 1.88349575e-01 7.07551837e-02 3.78471226e-01
    4.55425739e-01 8.89054477e-01 1.28923744e-01 8.08110118e-01
    7.94005990e-01 9.46435928e-01 4.93645400e-01 7.54117370e-01
    5.03582954e-02 4.02144223e-01 4.74233925e-02 3.87975693e-01
    6.63437128e-01 4.66187358e-01 4.83626217e-01 4.08844680e-01
    6.47399127e-01 6.11459076e-01 9.73785758e-01 7.17961073e-01
    1.53773099e-01 1.06718153e-01 9.66484427e-01 2.21568435e-01
    7.49010205e-01 1.23731017e-01 1.77576274e-01 1.86054587e-01
    9.75021422e-01 8.62241387e-01 3.35458100e-01 8.93009007e-02
    5.48500717e-02 8.70027065e-01 7.60589004e-01 7.65824556e-01
    7.85386324e-01 1.11302733e-03 7.31575429e-01 3.00822705e-01
    5.47952831e-01 4.30190533e-01 6.56233788e-01 4.03323591e-01
    2.64290571e-01 2.58559644e-01 3.04591417e-01 1.42590046e-01
    1.51627541e-01 4.25962538e-01 9.04170632e-01 2.90475190e-02
    6.18212283e-01 8.95026922e-01 2.89800763e-03 8.32199037e-01
    8.61051381e-01 9.10550475e-01 7.34728932e-01 9.42780375e-01
    6.65187240e-02 7.93722630e-01 4.76018608e-01 6.38993502e-01
    6.23561263e-01 4.05419409e-01 2.45214731e-01 7.07991064e-01
    8.00503790e-02 1.05755508e-01 8.29857051e-01 2.49495983e-01
    7.23688126e-01 3.26317906e-01 6.56558216e-01 4.70669240e-01
    4.29203719e-01 3.86220336e-01 5.24315774e-01 1.15503609e-01
    6.68788791e-01 7.78582692e-01 2.73069263e-01 3.14512283e-01
    6.11168087e-01 1.45027071e-01 2.10602701e-01 8.61733019e-01
    7.37809777e-01 4.36714351e-01 5.16733289e-01 4.69437659e-01
    7.90602684e-01 1.13259435e-01 7.46774912e-01 8.81015480e-01
    8.57744932e-01 8.38142276e-01 6.01180792e-01 6.03947520e-01
    9.78033364e-01 9.38133836e-01 9.16193247e-01 7.84939051e-01
    1.17926419e-01 5.27089238e-02 6.11216664e-01 5.64728975e-01
    1.23073071e-01 1.45235151e-01 8.52344632e-01 7.74252176e-01
    1.46894246e-01 4.16623473e-01 1.29839778e-02 3.56104195e-01
    6.63693130e-01 9.86787796e-01 1.55168712e-01 9.75844860e-02
    6.91348016e-01 2.06633151e-01 8.21268082e-01 4.42747444e-01
    2.55173713e-01 7.85670400e-01 1.06002331e-01 1.49101764e-01
    4.59145367e-01 7.88322926e-01 5.24832785e-01 5.62013149e-01
    9.55315113e-01 3.10355127e-02 9.43392634e-01 1.40398443e-01
    4.32001412e-01 8.32802951e-02 1.83839530e-01 7.49218464e-01
    3.39359760e-01 5.87783694e-01 9.45265889e-02 5.37446678e-01
    2.67254591e-01 9.84882772e-01 8.88050795e-01 4.34301645e-01
    6.81305945e-01 7.54308224e-01 3.31975818e-01 2.17592269e-01
    7.44876862e-01 6.12371981e-01 7.16412723e-01 4.01697457e-01
    1.94243044e-01 2.81067014e-01 5.04026890e-01 6.63578987e-01
    4.21630502e-01 1.87717378e-02 9.07379031e-01 9.26285863e-01
    1.30229175e-01 7.97840953e-03 3.36458981e-01 3.15376461e-01
    8.16838145e-01 3.88352364e-01 4.82914090e-01 9.23623025e-01
    7.59450078e-01 4.03746456e-01 1.79510444e-01 9.04963851e-01
    5.81834197e-01 6.76085055e-01 6.81173325e-01 1.89518988e-01
    2.18128204e-01 4.93213177e-01 2.08677620e-01 6.32222295e-01
    8.83716583e-01 2.15979248e-01 5.95650673e-01 4.54794854e-01
    7.79134631e-01 5.57770729e-01 7.91975558e-01 8.25854361e-01
    1.89136386e-01 1.94129646e-01 1.57240868e-01 2.24730551e-01
    8.69315743e-01 3.15829396e-01 4.26783204e-01 7.29187548e-01
    5.26841462e-01 6.72900558e-01 2.65952647e-01 3.16229641e-01
    3.89911681e-01 2.88825125e-01 9.54830408e-01 3.27373445e-01
    8.38177800e-01 1.99177951e-01 3.33857119e-01 2.91065335e-01
    9.88368094e-02 7.03979611e-01 2.71957219e-01 2.22740620e-01
    5.36013186e-01 7.02793598e-01 9.43794131e-01 5.41741729e-01
    4.10742164e-02 2.41327614e-01 4.03134584e-01 4.17154133e-02
    6.25825167e-01 3.64063799e-01 1.19820237e-03 6.34365261e-01
    7.62635231e-01 8.47406149e-01 6.73147082e-01 6.05041504e-01
    2.25975752e-01 4.74481463e-01 6.34917796e-01 7.02654958e-01
    2.28344411e-01 3.27257276e-01 6.43796802e-01 9.40821826e-01
    9.22750115e-01 6.97654426e-01 5.99311352e-01 5.87558746e-01
    4.31889772e-01 7.52129912e-01 7.27346420e-01 9.31922436e-01
    8.22810769e-01 9.06080008e-01 1.32134289e-01 3.02374363e-01
    7.42946088e-01 7.26093233e-01 5.17802656e-01 7.60877430e-01
    9.18476343e-01 7.49204040e-01 7.40342915e-01 8.65755320e-01
    4.49967086e-02 1.57125533e-01 4.17410493e-01 9.76255178e-01
    2.03223765e-01 5.46389103e-01 3.27075809e-01 1.77452832e-01
    5.63073814e-01 8.12706053e-02 7.84015775e-01 1.50959671e-01
    1.48457885e-01 8.42278361e-01 4.08346593e-01 8.24392736e-01
    5.64287663e-01 9.15712714e-02 5.22299707e-01 1.39558434e-01
    1.93093657e-01 3.67451906e-01 7.02798784e-01 1.39604837e-01
    3.10289651e-01 4.89300996e-01 5.92008710e-01 7.14614570e-01
    7.87413418e-01 1.42424375e-01 7.35603452e-01 8.48002791e-01
    6.28222704e-01 9.26553369e-01 4.18117374e-01 7.07618475e-01
    4.73080516e-01 8.80710721e-01 2.24753231e-01 3.31660330e-01
    5.85229695e-01 3.43405306e-01 2.10809946e-01 3.40632498e-01
    5.06965041e-01 1.90825522e-01 6.68647289e-02 2.90236473e-01
    3.72725070e-01 8.59926939e-01 2.44554400e-01 8.87356102e-02
    9.24130261e-01 6.95079267e-02 9.54714298e-01 6.61763847e-01
    6.03865147e-01 4.20088142e-01 8.72860551e-01 9.07553732e-02
    1.48505867e-01 9.55148816e-01 5.96208274e-01 9.14117992e-02
    2.69367695e-02 4.86915529e-01 6.43001437e-01 6.00066960e-01
    6.03745818e-01 8.35478425e-01 9.09868836e-01 4.60259587e-01
    3.11183631e-01 8.35105538e-01 9.07651067e-01 6.34882510e-01
    5.68846285e-01 5.90208590e-01 6.32573366e-01 4.94194806e-01
    8.16457570e-02 3.83806348e-01 8.79986167e-01 7.06455708e-01
    5.82049310e-01 4.23021913e-01 4.86286521e-01 6.86487079e-01
    2.62082338e-01 1.74849033e-01 6.36175036e-01 7.15013623e-01
    7.54798949e-01 5.34959078e-01 2.33396888e-01 9.83651400e-01
    4.24712896e-02 6.45382643e-01 9.29585695e-01 2.39884585e-01
    9.01258230e-01 1.63436145e-01 9.65953588e-01 9.52654898e-01
    1.98765963e-01 9.29832458e-06 5.90664864e-01 1.03969842e-01
    3.29830945e-01 8.85634065e-01 5.02316058e-01 5.15703797e-01
    1.73957974e-01 8.17865133e-03 4.51345354e-01 9.92540896e-01
    6.37853384e-01 2.95367748e-01 8.07322204e-01 1.70861155e-01
    2.13872224e-01 8.86464059e-01 3.46249193e-01 6.89316511e-01
    8.54435265e-02 1.52740061e-01 3.90390158e-02 2.08836138e-01
    6.66926503e-01 7.01529503e-01 6.80252552e-01 7.59769320e-01
    7.63235986e-01 3.64815712e-01 1.56288445e-01 7.59079456e-01
    1.42149836e-01 8.76259923e-01 3.50130916e-01 9.40141082e-03
    9.31897044e-01 3.73010814e-01 6.52445793e-01 1.53146684e-02
    6.19208038e-01 4.30172384e-01 8.45762134e-01 2.73968875e-01
    6.35496914e-01 9.64184880e-01 5.88313758e-01 8.05479646e-01
    8.77219915e-01 6.20805085e-01 4.12411213e-01 1.40071988e-01
    8.75278413e-02 6.35000944e-01 9.14704800e-01 2.12152004e-02
    1.30134970e-01 9.34947729e-02 2.27378905e-01 8.15983593e-01
    8.44861627e-01 1.35763615e-01 3.34026456e-01 7.04227328e-01
    6.39783740e-01 1.93817317e-01 6.90644622e-01 6.91121817e-03
    9.69897509e-01 9.02979851e-01 4.17300612e-01 4.51747388e-01
    8.47495973e-01 2.41148263e-01 9.30480719e-01 7.33985126e-01
    1.32688433e-01 4.23692822e-01 1.22315466e-01 6.98133707e-02
    3.02042782e-01 8.62409353e-01 5.21163046e-01 6.06774569e-01
    8.02648306e-01 8.59855413e-01 4.46654052e-01 5.73019028e-01
    3.29688787e-02 5.89202821e-01 1.76135272e-01 5.39768636e-01
    7.70905197e-01 1.99243158e-01 7.54110575e-01 4.48392510e-01
    2.11774915e-01 4.37079370e-02 7.47137666e-01 8.90143871e-01
    3.85145247e-02 7.31668830e-01 5.77671587e-01 7.91225433e-01
    6.76087737e-01 1.52253062e-01 6.15318596e-01 8.64645004e-01
    3.54748547e-01 2.65708804e-01 1.17696822e-01 8.04487705e-01
    5.40084481e-01 8.32621396e-01 4.25568044e-01 1.86753333e-01
    2.81530142e-01 5.70383489e-01 6.18244052e-01 8.77941370e-01
    9.91501093e-01 8.88395309e-01 9.33873892e-01 7.43932545e-01
    7.78035760e-01 2.95156479e-01 5.18768668e-01 1.54210418e-01
    1.67903274e-01 9.42498088e-01 8.26784313e-01 4.98065561e-01
    4.05370861e-01 3.30146790e-01 1.45107359e-01 6.73292637e-01
    8.49886298e-01 7.35986948e-01 7.79671669e-02 9.73271370e-01
    3.99952233e-02 2.38139749e-01 7.13396668e-01 4.03864264e-01
    5.88636279e-01 9.61750627e-01 5.98316431e-01 7.91947246e-01
    7.36002326e-01 5.59456944e-02 7.26031065e-01 9.64356065e-01
    3.69603068e-01 6.09457195e-01 3.68792087e-01 3.21853280e-01
    7.38970995e-01 7.22851694e-01 1.26858145e-01 5.03829479e-01
    9.00633991e-01 3.41422319e-01 4.63186741e-01 7.57631540e-01
    2.26240039e-01 7.75758624e-02 5.28399050e-01 6.63973391e-01
    6.03059828e-01 7.29372859e-01 1.34219259e-01 4.45586622e-01
    1.82246566e-01 5.20714700e-01 5.54837584e-01 1.70202374e-01
    1.64398849e-01 6.31679535e-01 4.52116877e-01 2.32448936e-01
    8.54522586e-02 4.09797847e-01 7.14300394e-01 9.26030874e-02
    3.52350891e-01 5.68985820e-01 6.57298505e-01 1.72983468e-01
    9.28758979e-01 4.75302249e-01 6.89395905e-01 8.98604393e-01
    2.07542241e-01 6.12319767e-01 5.04695773e-02 5.59164584e-02
    1.25829756e-01 1.37250125e-01 1.44883871e-01 4.85093117e-01
    5.98262012e-01 5.07984638e-01 6.35422468e-01 1.14208013e-01
    2.25323468e-01 3.33564520e-01 9.68531668e-02 7.54078031e-01
    2.73915857e-01 1.19607270e-01 2.60136962e-01 4.72607881e-01
    7.59037375e-01 7.87191153e-01 4.69567657e-01 6.26395345e-01
    5.43752134e-01 2.32809275e-01 8.27873111e-01 1.15952075e-01
    9.43329334e-02 7.02216804e-01 7.68346488e-02 9.58302975e-01
    6.16746306e-01 8.57811570e-01 1.61297917e-01 6.81051910e-01
    8.63427401e-01 4.08147216e-01 8.16265643e-01 5.36109507e-01
    4.97483075e-01 1.93322778e-01 4.16511297e-01 5.52656174e-01
    4.55809236e-02 5.41604221e-01 3.40416431e-01 5.94186008e-01
    1.48347378e-01 8.18798900e-01 2.91273475e-01 1.16122335e-01
    9.65064764e-03 5.49665630e-01 2.03012466e-01 6.77276433e-01
    1.39059126e-01 3.40275943e-01 1.13733351e-01 7.73573279e-01
    6.27366424e-01 5.77065766e-01 7.63999462e-01 6.08242571e-01
    9.05162811e-01 2.58694351e-01 2.39398956e-01 1.60431027e-01
    5.49341679e-01 1.31711006e-01 4.69308525e-01 6.78920686e-01
    4.32062745e-02 6.58234000e-01 7.02606559e-01 9.88417268e-01
    7.32944071e-01 6.42860830e-02 3.82130384e-01 6.16533041e-01
    8.85996938e-01 7.11506248e-01 8.70528877e-01 8.02541018e-01
    4.55630541e-01 2.82257676e-01 6.72708452e-01 7.51032412e-01
    9.94330645e-01 8.54968071e-01 7.74131656e-01 3.70397657e-01
    9.43969369e-01 1.45725876e-01 4.84231919e-01 8.66745353e-01
    6.36260629e-01 7.66995549e-01 3.19960773e-01 6.95051491e-01
    5.93099773e-01 4.43503320e-01 8.84879470e-01 8.98716927e-01
    5.09217262e-01 3.13490629e-03 2.01285124e-01 9.80003655e-01
    4.99225676e-01 7.53979325e-01 8.51891935e-02 8.05517435e-01
    9.63312984e-02 4.58539367e-01 9.43783224e-01 7.79192328e-01
    6.51657224e-01 5.59200287e-01 4.66793627e-01 5.94966948e-01
    7.27614045e-01 4.09360588e-01 6.64053798e-01 2.66466677e-01
    5.33083439e-01 7.33101130e-01 7.61670291e-01 9.44158435e-03
    6.41348004e-01 3.04081380e-01 3.35467637e-01 3.73478502e-01
    8.74826491e-01 9.23958659e-01 3.41825366e-01 6.17957711e-02
    6.33625388e-02 7.61916161e-01 1.28153235e-01 5.32030821e-01
    3.17897230e-01 5.30680597e-01 6.29063547e-01 7.34847903e-01
    7.06965566e-01 5.85069954e-02 7.75808334e-01 6.30898476e-01
    5.80948532e-01 9.74913955e-01 2.54024267e-02 7.40889609e-01
    4.09269452e-01 3.33199888e-01 9.44856763e-01 9.34244156e-01
    5.29728949e-01 2.99634606e-01 5.08649766e-01 8.21894169e-01
    1.26612127e-01 9.42817807e-01 5.62384427e-02 8.26395333e-01
    1.22331381e-02 6.11807048e-01 9.34208870e-01 5.62723756e-01
    6.59422994e-01 3.72481346e-02 6.47890091e-01 8.97692144e-01
    2.67119110e-01 5.60417175e-01 4.37816352e-01 2.17408806e-01
    4.47549075e-01 8.95351052e-01 2.23696202e-01 1.52237415e-02
    7.24328637e-01 7.36300528e-01 8.17918241e-01 9.96955931e-02
    3.72784048e-01 1.95077628e-01 8.25424790e-01 5.72893620e-01
    3.51243496e-01 7.22167730e-01 3.62754226e-01 6.90695167e-01
    6.86837316e-01 9.28165436e-01 7.70727992e-02 3.01354766e-01
    5.83627760e-01 3.78115475e-01 8.48645747e-01 5.30776858e-01
    4.48383331e-01 9.25272942e-01 9.52246428e-01 1.37448251e-01
    5.30939937e-01 6.31872892e-01 4.92978036e-01 2.01309919e-01
    6.70658469e-01 6.74798787e-02 7.67580032e-01 1.48767322e-01
    1.54620498e-01 7.85515726e-01 3.82758558e-01 7.05532551e-01
    1.31594151e-01 3.12364459e-01 9.42847967e-01 7.70747900e-01
    7.35315621e-01 6.83404565e-01 4.53317136e-01 9.18316841e-02
    6.85311556e-01 1.56848997e-01 5.18692315e-01 3.81216407e-01
    5.57843864e-01 5.79458773e-01 5.37424624e-01 7.90553451e-01
    3.20367873e-01 8.28196526e-01 9.11374688e-01 2.95755267e-03
    7.82789469e-01 9.53779519e-02 3.61798584e-01 4.47114706e-01
    9.93698835e-02 2.20137715e-01 3.40652227e-01 2.93560892e-01
    5.30660689e-01 2.72045135e-02 2.45219111e-01 7.23894835e-01
    3.14346373e-01 8.39250267e-01 6.78483546e-01 4.67123300e-01
    3.20091248e-02 1.85951769e-01 9.26607549e-01 6.36191249e-01
    3.42322618e-01 1.55963510e-01 7.04811454e-01 1.45191908e-01
    2.93870896e-01 7.40872145e-01 4.54463601e-01 5.21580398e-01
    8.21360111e-01 9.01482344e-01 2.34779716e-01 4.41179603e-01
    3.51637363e-01 2.54586935e-01 5.14291346e-01 7.71290481e-01
    4.81726915e-01 8.95596266e-01 9.68910217e-01 4.07146364e-01
    3.52616668e-01 9.75498617e-01 1.96369022e-01 2.90961623e-01
    5.59501529e-01 1.18175805e-01 1.15436822e-01 9.23095942e-01
    3.48528445e-01 7.35048354e-02 3.77205729e-01 2.19937801e-01
    1.44353569e-01 7.75306821e-01 3.04726660e-01 4.60692555e-01
    9.31829095e-01 9.92544770e-01 1.44092441e-02 2.20576823e-01
    8.47907066e-01 7.45758533e-01 8.86439085e-01 5.10559618e-01
    6.96348190e-01 3.29110265e-01 4.88734394e-01 5.12054026e-01
    9.31959271e-01 4.81157601e-01 6.87168300e-01 4.04808700e-01
    7.71707058e-01 5.51554024e-01 7.13275790e-01 9.90878701e-01
    2.04705536e-01 7.48151302e-01 8.76218319e-01 9.93058205e-01
    9.18506026e-01 5.80447853e-01 3.83175611e-02 5.54519176e-01
    4.52261895e-01 7.30586171e-01 4.80948448e-01 1.31259590e-01
    4.38652456e-01 6.27003908e-01 3.24225783e-01 3.53940904e-01
    4.19814825e-01 6.02661490e-01 6.88053608e-01 7.17342198e-01
    3.22766036e-01 4.43172455e-01 6.52757525e-01 9.01903749e-01
    7.59524822e-01 5.73813200e-01 9.40409541e-01 8.40227604e-01
    2.68892825e-01 6.99653983e-01 6.95657432e-02 1.25832558e-01
    5.44989288e-01 1.90167934e-01 7.65341818e-01 9.68463123e-01
    9.05136824e-01 8.94503534e-01 5.49121737e-01 3.59586209e-01
    5.90815187e-01 5.46985447e-01 5.95604420e-01 3.90725493e-01
    7.79235423e-01 9.21090722e-01 3.69449437e-01 9.10792112e-01
    9.53691542e-01 6.72543168e-01 4.95409101e-01 2.09648192e-01
    9.04162407e-01 5.55610955e-01 7.32617259e-01 8.78482103e-01
    7.66336679e-01 5.32890260e-01 8.80884528e-01 9.63718891e-01
    2.31673807e-01 6.00775599e-01 8.88132989e-01 2.37197340e-01
    4.11468089e-01 9.45651948e-01 9.47273612e-01 9.31128502e-01
    5.17137647e-02 2.36531436e-01 6.90806746e-01 6.54970944e-01
    4.39653426e-01 8.62892568e-01 2.90895045e-01 2.07134545e-01
    5.59130251e-01 6.89465106e-02 1.38381720e-01 5.37562966e-01
    6.85891628e-01 8.86936665e-01 2.16500849e-01 6.92660093e-01
    9.70531940e-01 3.47099483e-01 6.46372676e-01 7.90059447e-01
    3.64901990e-01 5.88484645e-01 2.28246033e-01 7.86810100e-01
    4.44267571e-01 4.06686634e-01 5.51282287e-01 3.76854539e-01
    7.65171230e-01 3.54004860e-01 5.89437187e-01 9.18762386e-01
    5.35024524e-01 4.15397525e-01 1.67895347e-01 1.71463370e-01
    1.79736257e-01 3.66400063e-01 5.69331348e-02 6.20124817e-01
    1.53056741e-01 2.94693410e-01 8.77393007e-01 3.17715645e-01
    7.51037836e-01 3.96123052e-01 5.28466880e-01 5.05063176e-01
    5.50113440e-01 3.29870522e-01 6.66731358e-01 6.72375560e-01
    8.86733592e-01 5.82323730e-01 9.66784477e-01 7.61441827e-01
    3.50581110e-01 3.00632149e-01 2.82591313e-01 5.22152543e-01
    9.30238128e-01 5.56427658e-01 7.90919065e-02 7.41467655e-01
    8.83705378e-01 6.26779199e-01 1.88887835e-01 9.73566651e-01
    5.24331033e-02 5.57448506e-01 5.35501301e-01 5.01581132e-02
    3.08251977e-02 3.32961023e-01 4.83335495e-01 3.15888703e-01
    7.55882740e-01 9.52672958e-01 2.60955870e-01 7.34071136e-01
    8.95864725e-01 9.68799293e-01 2.80786097e-01 8.68962824e-01
    2.36610204e-01 2.38360256e-01 5.24285793e-01 6.04512930e-01
    3.49729598e-01 6.83547795e-01 6.48846626e-01 6.95240736e-01
    9.02372718e-01 8.34796309e-01 2.69766331e-01 4.09070969e-01
    6.54634178e-01 2.56284863e-01 5.70374668e-01 6.73679709e-01
    6.61164045e-01 4.70586985e-01 3.13522011e-01 4.88140732e-01
    9.88749146e-01 9.80784059e-01 6.06235683e-01 9.52676058e-01
    5.03435016e-01 9.56922352e-01 5.47956347e-01 9.44320679e-01
    4.55976665e-01 5.96228719e-01 6.30714715e-01 3.75142813e-01
    8.81185412e-01 5.72542846e-01 8.55077744e-01 9.56918836e-01
    7.67453313e-01 1.81825787e-01 8.95858526e-01 8.07121098e-02
    2.59501636e-01 3.45307887e-02 6.47511959e-01 7.85655975e-01
    4.74541485e-01 5.46133041e-01 7.60114908e-01 2.16489017e-01
    3.57524037e-01 8.75902057e-01 9.98663902e-01 6.39774203e-01
    1.97657079e-01 9.21370089e-01 8.11812699e-01 2.95756936e-01
    1.07652128e-01 7.13171065e-02 4.44622070e-01 4.35581058e-01
    6.67277277e-01 1.35195911e-01 1.06924772e-03 8.09932232e-01
    5.90445399e-01 5.09372890e-01 1.71818227e-01 1.10895842e-01
    9.17553782e-01 8.72271895e-01 5.59621274e-01 2.42726177e-01
    1.02580965e-01 7.28805423e-01 2.42981493e-01 7.92333782e-01
    8.99657369e-01 5.57928503e-01 7.42485285e-01 4.95649248e-01
    3.03843468e-01 2.11401463e-01 1.10661626e-01 2.45101154e-02
    9.48963046e-01 3.52502763e-02 1.55641139e-01 9.94651914e-01</data></test_img>
<my_img type_id="opencv-matrix">
  <rows>128</rows>
  <cols>256</cols>
  <dt>f</dt>
  <data>
    -4.19868469e-01 1.15071297e+00 1.21562088e+00 3.76385033e-01
    -2.90215492e-01 -2.57241666e-01 8.99202406e-01 8.77331436e-01
    1.56078219e+00 1.24465942e+00 6.10807538e-02 3.88260305e-01
    7.26661742e-01 1.28311241e+00 4.93912160e-01 8.72508168e-01
    1.67394471e+00 5.20073771e-01 -5.94043076e-01 1.45772290e+00
    -2.63645351e-01 -5.47264457e-01 -3.25259566e-02 1.48932242e+00
    -6.78186178e-01 1.76772797e+00 -3.26598167e-01 1.74808598e+00
    1.59544897e+00 1.53583109e+00 3.11638117e-01 2.06277430e-01
    5.25318444e-01 1.28990555e+00 1.53873944e+00 -1.11301124e-01
    -1.62998796e-01 4.41184640e-02 1.09380877e+00 -8.19732666e-01
    1.05931842e+00 9.67953622e-01 -8.11745405e-01 1.63350689e+00
    -6.51322842e-01 1.36382639e-01 4.39764023e-01 6.47827029e-01
    1.53095865e+00 6.77977502e-01 -2.53926933e-01 -4.75147903e-01
    -1.82345748e-01 1.43822074e+00 7.40331471e-01 3.08507800e-01
    -5.92527032e-01 1.12399030e+00 2.26722598e-01 7.10564852e-03
    1.47715688e+00 -8.08344781e-01 7.62175679e-01 1.45637214e-01
    1.51794028e+00 1.24094725e-01 9.41985846e-02 8.68067861e-01
    1.81992829e-01 1.50978088e+00 8.42392445e-02 -1.30347311e-01
    1.36319304e+00 3.31655920e-01 2.82206595e-01 3.28662753e-01
    1.02884126e+00 1.35058951e+00 -7.48154521e-01 4.02323902e-01
    -8.59331727e-01 1.36728823e-01 -3.78957242e-01 1.67003667e+00
    1.18279791e+00 5.34898639e-02 9.49285626e-01 9.37039614e-01
    1.42730904e+00 1.61412120e-01 -2.19868064e-01 -5.11904240e-01
    1.57876587e+00 -2.20995009e-01 -2.70036221e-01 3.41228068e-01
    -3.25188041e-01 1.25724173e+00 6.05295241e-01 1.50976133e+00
    2.56706119e-01 -1.48894370e-01 -6.40066981e-01 1.82146370e-01
    2.27209687e-01 3.08927536e-01 1.42045021e+00 8.99474442e-01
    -1.19209588e-01 1.10614848e+00 7.29892075e-01 1.08808887e+00
    2.03881085e-01 5.26997209e-01 1.36027217e+00 -1.66936219e-01
    8.55875194e-01 -4.76675034e-01 1.10930347e+00 -4.68399882e-01
    1.76852727e+00 5.21605432e-01 1.61678255e+00 1.14259982e+00
    7.98848271e-02 -3.73633325e-01 8.59137297e-01 6.88243210e-01
    -3.85645330e-01 1.25779700e+00 1.42395496e-03 -6.53130054e-01
    -7.28240132e-01 3.61238599e-01 1.04735005e+00 2.06941485e-01
    1.28325284e+00 1.65903831e+00 1.13785768e+00 1.61639810e+00
    -4.46620733e-01 1.51533079e+00 -1.62343383e-02 1.12960529e+00
    -4.15800631e-01 -6.55063391e-01 9.93260145e-02 1.00880027e+00
    1.32679129e+00 1.22350621e+00 5.25092185e-01 -3.25028211e-01
    6.17956758e-01 1.21688223e+00 1.11924529e+00 1.82844341e-01
    1.27688074e+00 -1.94797754e-01 9.90424454e-01 1.57562375e+00
    -2.56387591e-01 1.48358655e+00 -1.88680172e-01 1.08830512e-01
    -4.64272529e-01 4.99782562e-02 6.02292895e-01 1.57128596e+00
    4.84679699e-01 1.27017176e+00 -5.18766284e-01 1.24269652e+00
    1.69816792e+00 1.53095663e-01 5.84129512e-01 -5.98607719e-01
    1.21768618e+00 1.01357067e+00 1.02815938e+00 7.73600340e-01
    1.43513691e+00 9.81582105e-01 -3.62842202e-01 9.70534384e-01
    1.37529540e+00 1.09232175e+00 -6.50622249e-01 1.60434937e+00
    -5.18906295e-01 1.34480309e+00 3.81408513e-01 1.28253531e+00
    4.26982582e-01 1.87877893e-01 6.64812863e-01 1.51837564e+00
    6.62657976e-01 1.65338016e+00 -3.85490060e-01 3.13091993e-01
    1.48661065e+00 8.43878567e-01 -3.13828140e-01 8.22441995e-01
    5.38946509e-01 1.20540583e+00 1.59380555e+00 1.47972941e+00
    2.29872227e-01 -1.91202044e-01 -6.54279530e-01 1.22846842e+00
    4.97061014e-01 1.63942945e+00 -3.59548330e-02 1.20796585e+00
    -4.73088980e-01 1.24740732e+00 -8.39791298e-02 1.53986907e+00
    3.36690187e-01 -7.35870957e-01 1.40350747e+00 2.24153221e-01
    -3.23043257e-01 1.58143890e+00 1.41432524e+00 -5.01213193e-01
    1.56134462e+00 1.31274056e+00 2.90947735e-01 1.58600688e+00
    1.41189551e+00 1.21261358e-01 2.58935988e-01 7.34764993e-01
    1.39959431e+00 1.50670266e+00 1.15693283e+00 4.31388080e-01
    1.20420301e+00 4.82228279e-01 4.79791045e-01 1.25251436e+00
    -1.04423642e-01 1.71376848e+00 7.98003316e-01 1.23012388e+00
    -5.11702120e-01 8.82108569e-01 1.00720227e+00 -2.96380758e-01
    1.69634259e+00 -1.73823178e-01 1.03263378e-01 1.51679015e+00
    6.72434092e-01 9.29628134e-01 5.51483274e-01 9.40874815e-01
    6.02144957e-01 7.82220960e-01 -1.87932312e-01 -6.25834584e-01
    1.57567549e+00 5.86841583e-01 4.22491252e-01 1.74647141e+00
    1.64415109e+00 -5.71351707e-01 1.73376942e+00 -2.14955986e-01
    1.26016080e-01 -4.25754786e-02 2.43587255e-01 1.30645299e+00
    1.20641780e+00 1.19977808e+00 1.62243187e+00 -6.15228236e-01
    1.37112999e+00 -1.17840469e-01 4.56507981e-01 3.86055231e-01
    -5.16878247e-01 1.28893900e+00 3.48539054e-01 -7.32484102e-01
    5.66685319e-01 3.59671891e-01 1.22115088e+00 4.24351513e-01
    -6.94097877e-02 1.12269783e+00 -8.49150121e-01 8.39846313e-01
    1.50573301e+00 4.02488530e-01 1.29681301e+00 1.07271039e+00
    1.38995600e+00 1.15963483e+00 1.56965423e+00 1.40267587e+00
    1.00492179e+00 1.59719872e+00 9.03304994e-01 6.24524951e-02
    1.14156961e+00 1.55104065e+00 -4.68844414e-01 1.26607561e+00
    5.94378829e-01 1.37654567e+00 1.43076444e+00 -3.42389941e-02
    -2.64510512e-01 -3.95590246e-01 -6.26402199e-01 1.37069082e+00
    3.34418595e-01 1.37712502e+00 3.52011085e-01 1.68000650e+00
    4.25026894e-01 -4.93342370e-01 1.63487053e+00 7.22371817e-01
    3.10719252e-01 -9.28091407e-01 8.19069147e-02 1.04722714e+00
    1.01506758e+00 1.24645412e-01 4.67070580e-01 1.28806043e+00
    -2.04507053e-01 1.41468406e+00 1.47347224e+00 -3.53693992e-01
    5.95007360e-01 3.54593635e-01 6.42018497e-01 1.41412258e+00
    2.66027808e-01 1.40943027e+00 2.90439725e-02 1.52004242e-01
    -5.91185927e-01 -2.90638536e-01 1.36074328e+00 2.16154575e-01
    8.34279478e-01 4.21740413e-01 1.55298662e+00 7.76662648e-01
    1.53892481e+00 -4.58120793e-01 7.34990120e-01 1.07211661e+00
    1.91550851e-02 1.65489471e+00 1.20138741e+00 4.34905648e-01
    -8.10432494e-01 -1.01505160e-01 -4.67241466e-01 1.28212547e+00
    5.34058392e-01 -7.98168778e-01 4.71204281e-01 -2.52850115e-01
    -1.16733670e-01 9.61654305e-01 2.80960143e-01 2.30062842e-01
    -4.08997625e-01 3.07024002e-01 1.33249331e+00 -5.90587795e-01
    1.15196109e+00 1.69268203e+00 -3.16750407e-01 2.67589271e-01
    1.18886912e+00 1.27459371e+00 3.21689785e-01 1.74528182e-01
    1.66057992e+00 6.09504223e-01 -4.17217016e-02 1.35405064e-02
    -5.12804627e-01 1.16951931e+00 4.42481756e-01 1.99287832e-01
    8.03322077e-01 5.17835796e-01 1.52548742e+00 -5.04969954e-02
    -4.21752423e-01 -1.86693907e-01 2.94888616e-01 1.00087190e+00
    -4.93833423e-01 7.49756277e-01 -3.21882963e-02 -6.22685194e-01
    1.74670243e+00 5.09973347e-01 3.70060027e-01 8.19301724e-01
    3.76383483e-01 -3.89523834e-01 -6.28033161e-01 9.60701883e-01
    2.87059784e-01 1.13025212e+00 4.33722615e-01 1.61634600e+00
    5.92067182e-01 -8.16140354e-01 -6.41303957e-01 2.01938152e-01
    1.69809985e+00 2.91654885e-01 -3.32663178e-01 7.91351557e-01
    1.12218046e+00 9.95116949e-01 -1.16380095e-01 -1.91108823e-01
    3.42997968e-01 9.63944852e-01 9.22713637e-01 -6.90221786e-05
    1.49487853e-02 -1.93740964e-01 6.15724266e-01 -1.31474435e-01
    2.52822638e-01 1.72006881e+00 1.28653002e+00 4.71030235e-01
    6.85232282e-02 -2.01787710e-01 -2.49498427e-01 1.57124519e+00
    1.28590870e+00 1.08187485e+00 1.40194297e+00 6.77159965e-01
    2.02831149e-01 7.74107873e-01 -1.88997149e-01 -2.28990585e-01
    -3.81939918e-01 1.21533370e+00 8.77044320e-01 1.74952054e+00
    1.02600360e+00 8.61719310e-01 8.75612080e-01 -1.34283960e-01
    -5.42882323e-01 3.16610694e-01 1.36790967e+00 -1.79080784e-01
    6.18116796e-01 1.48032653e+00 1.48740411e-02 -6.29592538e-02
    1.49761915e+00 6.86495543e-01 7.54886389e-01 1.02630258e-02
    1.66166663e+00 4.89739954e-01 9.84035075e-01 -4.05591458e-01
    -1.56762838e-01 1.54197526e+00 -3.42888206e-01 -5.34518361e-02
    7.04103112e-02 -6.21572912e-01 -4.00763780e-01 1.39018774e+00
    2.09349573e-01 -2.10275710e-01 6.30478024e-01 -5.88038087e-01
    3.58420253e-01 1.39869118e+00 -2.87367344e-01 1.74455893e+00
    3.89580727e-02 -2.13566780e-01 7.23460674e-01 2.78193116e-01
    1.64400244e+00 1.44073009e+00 1.41550446e+00 5.08275032e-02
    1.30023599e+00 9.56432402e-01 -9.95147824e-02 1.64548814e+00
    1.80056095e+00 1.75966859e+00 8.88749361e-02 -7.48957992e-02
    -5.82452655e-01 1.05649424e+00 1.49149418e+00 -3.32986772e-01
    1.22464752e+00 9.15813386e-01 -9.90428329e-02 9.97521877e-01
    -4.49698031e-01 6.56855285e-01 1.66222310e+00 -6.02689922e-01
    6.96045995e-01 -6.29421175e-01 8.94582868e-01 4.53897357e-01
    1.11617243e+00 3.03711474e-01 -2.45118856e-01 7.07203686e-01
    9.24603224e-01 -1.61447763e-01 -2.17908919e-01 -4.05843228e-01
    -1.92476630e-01 1.55497336e+00 -3.13710243e-01 2.43922830e-01
    1.62257099e+00 3.31110895e-01 -5.13484478e-02 4.28092897e-01
    1.45894599e+00 -2.82999218e-01 -6.79846048e-01 5.94181895e-01
    6.96982682e-01 1.30355597e+00 1.45098984e+00 1.78550839e-01
    1.09855914e+00 1.34775782e+00 8.54376018e-01 2.80541062e-01
    1.56717753e+00 1.65274227e+00 -8.48800242e-01 6.25623405e-01
    3.95939231e-01 9.32284296e-01 1.51868021e+00 1.33708429e+00
    1.01896143e+00 1.25031257e+00 8.72334182e-01 -3.58820558e-01
    -3.24352801e-01 -2.29684114e-01 1.54726124e+00 5.07959723e-01
    -1.08261704e-02 -2.96890199e-01 -4.27411169e-01 -1.34300828e-01
    6.43256247e-01 1.41586542e+00 8.65730464e-01 -1.83594227e-03
    9.21427250e-01 2.36422896e-01 -5.83502531e-01 1.44315696e+00
    3.47678721e-01 1.50712121e+00 1.23880863e+00 -3.03192139e-01
    1.60465717e+00 2.22681940e-01 1.43638384e+00 1.36218929e+00
    -6.69908106e-01 1.11206877e+00 1.37374628e+00 1.59493732e+00
    7.81045616e-01 3.17223191e-01 1.74987733e-01 3.79471123e-01
    1.31639898e-01 2.45291054e-01 5.95332384e-01 -7.28009701e-01
    1.52544570e+00 4.99667525e-01 1.24495423e+00 3.12971592e-01
    1.12788057e+00 -5.92078805e-01 1.24302411e+00 -2.10629225e-01
    8.35997939e-01 3.31887245e-01 1.25677288e+00 3.18215013e-01
    1.28114653e+00 3.28072488e-01 1.49294949e+00 1.02976072e+00
    1.50161481e+00 1.21065474e+00 6.61589742e-01 1.09704852e+00
    1.23321676e+00 1.28625214e+00 7.39454448e-01 4.11171913e-02
    -1.44269466e-01 3.89561534e-01 6.08637810e-01 -3.59788746e-01
    7.28640795e-01 1.52567625e-02 9.06465888e-01 1.28815293e-01
    1.14686131e+00 6.25003517e-01 1.63704252e+00 1.53446436e+00
    4.06587183e-01 -1.07839882e-01 1.19581962e+00 6.53885543e-01
    1.01535583e+00 -1.05324388e-01 1.64527702e+00 -2.24834383e-01
    5.61974943e-01 1.56731892e+00 -9.20901418e-01 4.41994429e-01
    -1.56780243e-01 1.28819513e+00 8.67856979e-01 1.16695881e+00
    1.39318657e+00 -2.10924625e-01 -6.22312665e-01 -3.54997665e-01
    -4.95172203e-01 6.83898985e-01 -7.57163286e-01 -4.59462464e-01
    1.39608872e+00 1.24189401e+00 -7.27846265e-01 -2.03545511e-01
    2.23747313e-01 6.99088097e-01 1.56173182e+00 2.96330452e-03
    -4.15002316e-01 9.19490755e-01 -6.56162620e-01 7.83837378e-01
    1.61739326e+00 8.05972219e-02 -4.03014213e-01 9.87545609e-01
    1.46801281e+00 1.61646676e+00 -7.83631325e-01 3.50474000e-01
    -3.74875724e-01 1.03472471e+00 1.32216430e+00 6.54605627e-02
    7.40821064e-01 1.09415817e+00 -1.00434959e-01 1.00561976e+00
    3.77651930e-01 4.21048045e-01 -3.77774835e-01 -4.91310269e-01
    1.39952111e+00 2.71494150e-01 1.07273722e+00 2.77970791e-01
    5.27500510e-01 4.18317735e-01 1.62024236e+00 1.28603196e+00
    4.94059324e-01 1.32644486e+00 1.37849438e+00 5.95696509e-01
    3.39705884e-01 4.98395503e-01 1.34459972e-01 3.78476620e-01
    1.31253672e+00 -2.22074807e-01 -5.63325584e-01 1.04634345e-01
    8.07268679e-01 1.65671635e+00 -3.57415825e-01 1.02983451e+00
    1.17192388e+00 5.40057778e-01 9.94963646e-01 2.64908671e-02
    -4.40788656e-01 4.44626808e-01 1.20112360e+00 4.86004233e-01
    1.12806845e+00 1.54759383e+00 1.51025414e+00 1.01361942e+00
    1.70223117e-02 1.40606070e+00 1.23400760e+00 4.59316194e-01
    6.43244088e-01 1.66313243e+00 -4.08414841e-01 4.05808747e-01
    1.37056410e+00 1.07455230e+00 1.05317736e+00 1.49260831e+00
    1.08808875e+00 9.55606699e-02 1.27002203e+00 5.99017978e-01
    1.40966082e+00 3.94955873e-01 9.47440505e-01 -4.00131404e-01
    7.21566677e-02 1.02970362e+00 -6.21128559e-01 1.18797040e+00
    4.67047691e-01 -3.61302495e-02 -6.69502497e-01 -3.65308315e-01
    1.16630125e+00 4.02722359e-01 -4.79999602e-01 -5.62863410e-01
    -4.38421607e-01 -4.69022334e-01 1.52152181e+00 1.45403683e+00
    4.86642122e-03 -6.99214995e-01 -5.00988781e-01 -6.76336408e-01
    6.13396287e-01 1.60161710e+00 1.14640856e+00 -1.36324048e-01
    -6.24189496e-01 9.21042442e-01 3.65451038e-01 -7.76376486e-01
    7.32940316e-01 -3.53946894e-01 5.84780157e-01 -3.49643707e-01
    8.16973925e-01 1.06674671e+00 6.41021371e-01 1.16235352e+00
    1.11943555e+00 1.12110579e+00 9.49398994e-01 1.12166715e+00
    2.08878338e-01 1.20457911e+00 5.44635773e-01 8.34645033e-01
    7.08027840e-01 -1.18581712e-01 6.43004000e-01 1.17023385e+00
    -2.03692913e-03 1.44744420e+00 -3.55162650e-01 7.90178180e-02
    1.19526863e+00 -5.91694117e-02 -1.86075747e-01 1.71799898e-01
    -6.90183103e-01 -7.37527370e-01 3.37326407e-01 1.50823438e+00
    8.70963037e-01 1.15611672e-01 -5.21291673e-01 9.98523831e-02
    9.91722345e-02 6.58395290e-01 8.03100467e-02 -3.25752437e-01
    6.50055408e-01 1.45041585e+00 -5.96621633e-01 -2.27256596e-01
    1.41856027e+00 6.17241800e-01 1.59060740e+00 1.77389085e+00
    -5.81400096e-01 7.49156237e-01 1.10807776e+00 8.14430177e-01
    4.71544445e-01 8.10562730e-01 4.93032217e-01 5.78536391e-01
    -1.97316647e-01 4.55362558e-01 5.34865260e-02 8.10665846e-01
    1.64803314e+00 -2.83717096e-01 -2.42868066e-02 1.05486369e+00
    1.03774118e+00 8.54052305e-01 -6.52112961e-01 1.17005324e+00
    9.23236370e-01 1.17276669e+00 6.27265215e-01 8.43859017e-01
    1.55180395e+00 -2.48695135e-01 3.28906775e-01 1.43970942e+00
    -3.24376315e-01 9.60286975e-01 1.51942718e+00 1.20107079e+00
    1.00589204e+00 1.45232487e+00 -2.64765382e-01 2.93799162e-01
    1.08737254e+00 3.73349845e-01 8.86306226e-01 1.09520125e+00
    1.52675748e+00 9.96163428e-01 6.82190716e-01 8.60159695e-01
    -2.97160715e-01 8.42731774e-01 1.26240802e+00 1.53779268e-01
    8.14108849e-01 1.07614720e+00 3.39903831e-01 6.98474586e-01
    1.69180858e+00 1.56594872e-01 2.42689490e-01 6.89830661e-01
    9.67075825e-01 -2.33919650e-01 -1.56062186e-01 1.37800634e-01
    -1.03634179e-01 2.09104955e-01 4.34872508e-02 4.36668873e-01
    -4.79190558e-01 1.48900700e+00 7.52614141e-01 1.62907803e+00
    1.48639917e+00 1.60231435e+00 1.53100514e+00 6.80744648e-01
    -5.33060908e-01 6.34886622e-01 -4.94697094e-01 1.09270239e+00
    8.16296399e-01 1.02014208e+00 6.62548423e-01 9.82036173e-01
    3.82667243e-01 5.67765176e-01 1.47903681e-01 7.32748926e-01
    1.70393658e+00 3.53806257e-01 8.60394835e-01 1.71422863e+00
    2.44213343e-02 -2.87247747e-01 1.65729809e+00 -1.78323328e-01
    5.58147013e-01 1.26713228e+00 5.59377670e-03 1.69632781e+00
    -5.97511828e-01 1.41503870e+00 -6.58274531e-01 4.70516562e-01
    9.46879268e-01 6.79680049e-01 7.83242822e-01 1.63130534e+00
    2.88968086e-02 1.62325931e+00 1.08952308e+00 1.71188712e-02
    -5.44241786e-01 -5.77464700e-02 9.60468769e-01 1.25278044e+00
    1.45819294e+00 5.12852013e-01 1.46702862e+00 -4.52080339e-01
    -3.71538073e-01 -3.82221520e-01 -6.93253160e-01 1.43579185e-01
    1.39788318e+00 -2.01375782e-01 1.55846858e+00 4.59179878e-02
    8.19026947e-01 1.25410604e+00 -1.50539935e-01 1.11533761e+00
    -5.56076527e-01 -6.98601723e-01 1.12385201e+00 4.28560019e-01
    -2.36464202e-01 1.25683486e-01 5.73207796e-01 5.67653120e-01
    -2.53567219e-01 1.42459154e+00 -1.18333161e-01 5.50889969e-03
    8.54638577e-01 6.08155727e-02 1.44599843e+00 3.02880704e-01
    1.82078660e-01 -7.14912713e-01 -6.46756470e-01 -8.27318609e-01
    8.05649340e-01 8.12643170e-02 -1.93766415e-01 1.68779564e+00
    -2.72205472e-02 7.47685850e-01 1.04127049e-01 8.06426942e-01
    1.55183792e+00 -3.80053073e-01 1.19506252e+00 1.13031566e+00
    1.06701624e+00 3.25411499e-01 1.55563831e+00 5.74731410e-01
    -7.46228397e-01 -7.94827282e-01 1.19739509e+00 1.17814994e+00
    -3.98485988e-01 6.02807999e-02 -5.31649232e-01 -6.85946286e-01
    -5.57757199e-01 -8.42068195e-02 -1.24255002e-01 1.60384345e+00
    2.70850718e-01 3.21481586e-01 -1.55516922e-01 9.21638966e-01
    -6.84254587e-01 1.04639304e+00 6.94308043e-01 1.63944912e+00
    -5.25556684e-01 1.24130726e+00 1.54029942e+00 -2.05834687e-01
    7.56135583e-02 -5.87220788e-02 9.18580651e-01 1.73261487e+00
    -4.09112930e-01 5.49122751e-01 -2.12081790e-01 -7.13356137e-02
    1.51778364e+00 5.71220934e-01 4.08032775e-01 1.46430266e+00
    1.32989025e+00 -2.19468355e-01 1.58077359e+00 1.30508065e+00
    3.13488424e-01 7.07188189e-01 1.35184455e+00 -3.50079179e-01
    1.41276598e-01 5.98134279e-01 -8.45183134e-02 9.84682262e-01
    4.80740845e-01 -5.16790688e-01 9.06333983e-01 9.23677325e-01
    -2.94216990e-01 7.26880610e-01 2.13371038e-01 -6.18081927e-01
    6.31650448e-01 1.10573292e+00 -8.73028040e-02 1.38148308e+00
    -3.67442876e-01 1.54583931e+00 1.31708097e+00 -2.77325749e-01
    1.27158427e+00 1.62698364e+00 1.01569116e+00 -3.64655077e-01
    -5.86745620e-01 1.67365527e+00 1.73222566e+00 -3.81158799e-01
    1.04369831e+00 1.38351703e+00 6.24695659e-01 1.06662512e-02
    1.51966226e+00 -3.02538276e-02 -5.08739650e-01 -8.26887786e-01
    3.83223593e-01 1.66205120e+00 -8.19604218e-01 -5.95984161e-01
    1.45846605e-02 -4.12371516e-01 1.37533844e+00 7.14462519e-01
    2.54837811e-01 -2.79257566e-01 1.14344645e+00 8.03068459e-01
    -5.86447120e-02 -3.02650392e-01 8.31115007e-01 1.08447337e+00
    -4.96172607e-01 1.69393659e-01 1.70755124e+00 -3.32196534e-01
    -7.17769325e-01 6.18069947e-01 -5.12717724e-01 1.06941760e-01
    7.66697466e-01 1.60396600e+00 1.10717344e+00 9.45745766e-01
    1.14599800e+00 -3.46483767e-01 7.75575697e-01 -4.47809458e-01
    4.41652358e-01 -2.99966872e-01 8.46491694e-01 1.48546410e+00
    -3.00154388e-01 -7.91017771e-01 2.19239593e-02 8.09746027e-01
    1.26012063e+00 1.42369330e-01 9.90660787e-02 1.42711127e+00
    7.63747990e-01 1.41279674e+00 -7.21759617e-01 8.99172664e-01
    -9.13804770e-02 -4.69506115e-01 1.33987999e+00 9.90620315e-01
    3.86136889e-01 -4.84415889e-02 -6.70011938e-01 -1.09263599e-01
    -2.30350554e-01 6.00780249e-01 -6.03000879e-01 1.59692824e+00
    1.42924654e+00 -3.21684659e-01 1.39031553e+00 9.39798951e-02
    -3.34719419e-02 7.65122116e-01 -5.72024524e-01 8.78326952e-01
    1.71866989e+00 1.29904985e+00 1.81505179e+00 8.74026060e-01
    1.72881746e+00 1.58461928e+00 1.17178440e+00 1.10717416e-02
    -2.93006301e-01 -4.47737277e-01 1.36477709e+00 5.74702203e-01
    -6.55934095e-01 9.99096453e-01 -4.81905937e-01 1.10077024e+00
    1.10246301e-01 -7.49770164e-01 1.95709050e-01 1.14309633e+00
    1.84513569e-01 3.72754037e-01 4.88866091e-01 8.05755138e-01
    1.50494456e+00 -8.58577788e-01 1.55122459e-01 3.73335540e-01
    1.67279673e+00 1.34259188e+00 8.71112883e-01 1.38164616e+00
    1.36877298e+00 1.74410284e-01 1.61879838e+00 -3.28668922e-01
    1.50228667e+00 5.89834332e-01 1.06551147e+00 5.42842150e-01
    -7.21966624e-02 1.36865067e+00 -5.55853724e-01 -3.30685973e-01
    -1.87496960e-01 -5.26286602e-01 6.75215364e-01 1.50856543e+00
    -7.14022398e-01 9.05432880e-01 2.76272237e-01 8.79519045e-01
    9.14837718e-01 -4.53574240e-01 1.62813687e+00 -3.75025272e-02
    -2.97016859e-01 -5.01107335e-01 7.71172106e-01 3.71383369e-01
    1.71331561e+00 6.25806510e-01 1.41760099e+00 3.48213911e-01
    -4.08198476e-01 1.30797172e+00 -1.74694002e-01 1.68708420e+00
    4.70768094e-01 -2.68220961e-01 1.69556737e+00 1.03354859e+00
    -7.10908771e-01 3.23836803e-02 -3.45521212e-01 -5.40912986e-01
    1.48294234e+00 1.06539762e+00 2.45202959e-01 1.08902335e-01
    -4.27684188e-02 -1.06511116e-02 6.17036462e-01 3.87316585e-01
    -6.53436780e-01 1.46111417e+00 -2.12201893e-01 -4.30071712e-01
    2.81998277e-01 1.54138529e+00 3.19767714e-01 5.28956115e-01
    1.08664727e+00 -3.66487294e-01 1.70842981e+00 1.17228138e+00
    6.22190058e-01 -7.84671903e-01 -4.01729345e-01 1.64145482e+00
    1.52996433e+00 -1.78062379e-01 -7.48765171e-01 8.60624790e-01
    7.91653812e-01 -3.07575911e-01 -4.37413692e-01 -1.72683835e-01
    1.64124656e+00 1.61585307e+00 1.24169612e+00 4.93436038e-01
    1.65147483e+00 5.79167068e-01 6.62673473e-01 -3.82985771e-01
    5.38477898e-02 1.49983215e+00 1.66059065e+00 1.10155165e+00
    -6.97816432e-01 1.58126163e+00 1.13718235e+00 -2.31002152e-01
    7.83801138e-01 1.12073731e+00 -3.54959667e-01 6.58514738e-01
    8.32118928e-01 5.09590626e-01 1.60586894e-01 -1.13669336e-01
    9.47318375e-01 -5.14576435e-01 2.24033117e-01 1.02959132e+00
    4.03816104e-01 1.12759781e+00 -4.24103469e-01 1.61385655e+00
    1.17101884e+00 4.88977909e-01 1.45655763e+00 1.42572415e+00
    3.70128274e-01 -4.58463788e-01 1.28934753e+00 -5.96293271e-01
    1.02133155e-01 -7.50601888e-02 1.21966290e+00 5.49378753e-01
    -1.19768322e-01 1.46077776e+00 4.15075541e-01 5.53016663e-02
    -2.42698908e-01 -3.96838486e-01 1.61929870e+00 -5.16893744e-01
    -4.26278114e-02 1.35051131e-01 9.01373267e-01 2.37420857e-01
    -6.57357156e-01 -3.36546004e-01 2.29260981e-01 -4.84973162e-01
    7.07100093e-01 1.62081349e+00 1.37035561e+00 8.06096554e-01
    6.48050129e-01 -2.49439657e-01 1.45289791e+00 5.92847109e-01
    3.67021143e-01 1.44951594e+00 1.19607091e+00 -4.93384600e-02
    1.56313598e+00 6.24078095e-01 5.71018100e-01 7.87419319e-01
    1.55731392e+00 6.74901724e-01 8.80831242e-01 -3.59262794e-01
    1.42732489e+00 9.97910976e-01 -4.04233187e-01 2.06007183e-01
    1.03535247e+00 5.75718582e-01 -2.50811458e-01 7.34531879e-01
    4.13417816e-01 1.01468015e+00 1.16472816e+00 1.83100045e-01
    1.75836623e-01 -6.33029222e-01 4.99685049e-01 1.26652789e+00
    2.51199067e-01 8.75592232e-01 -4.34492201e-01 1.20223606e+00
    1.31128716e+00 1.14495695e+00 5.58656216e-01 -3.27694327e-01
    9.17200148e-01 8.51404667e-02 3.68628442e-01 1.57700884e+00
    5.55170596e-01 2.85066545e-01 1.25590575e+00 1.15714312e+00
    -5.07140815e-01 5.15613317e-01 -6.42140031e-01 4.94716942e-01
    -9.28735733e-02 -6.16302490e-01 1.42837441e+00 3.15733135e-01
    8.36311698e-01 1.70161819e+00 1.57197452e+00 3.31605315e-01
    -6.97953582e-01 -9.07857418e-02 1.34398556e+00 1.40205777e+00
    8.84395123e-01 8.51779163e-01 9.35448647e-01 -9.44362879e-02
    5.46765327e-02 -3.68918866e-01 3.88664603e-02 6.39713228e-01
    -2.97813535e-01 -6.82516158e-01 8.47894251e-01 3.04030120e-01
    1.17359543e+00 -6.92133129e-01 8.61510038e-01 -6.90580130e-01
    -1.16466880e-01 1.53108788e+00 6.92046940e-01 9.01307940e-01
    -4.91271585e-01 5.54962575e-01 -4.92533416e-01 -1.84410095e-01
    6.76028430e-01 -7.22793639e-01 1.16612828e+00 7.13613093e-01
    -4.86775130e-01 5.67473948e-01 2.54325509e-01 -5.54670334e-01
    7.82760918e-01 3.27665627e-01 1.58388722e+00 -2.68210828e-01
    1.18705809e-01 1.26317692e+00 1.11762702e+00 4.93842185e-01
    1.29565775e+00 1.27563512e+00 -9.23365355e-03 1.13485026e+00
    1.03265703e+00 2.79429555e-01 1.45210958e+00 -7.99422264e-02
    1.42415011e+00 -8.05771887e-01 3.24474037e-01 5.16724169e-01
    1.36159599e+00 1.01653194e+00 -4.44810718e-01 1.33790898e+00
    4.78996158e-01 6.31281137e-01 1.63871765e+00 6.58835769e-02
    1.40492868e+00 6.57478631e-01 5.91197252e-01 1.23007584e+00
    9.94101822e-01 -3.94949645e-01 1.10954940e-01 2.83414125e-02
    -3.28243375e-02 4.84350324e-01 9.25345540e-01 2.73774445e-01
    3.14082980e-01 1.23208499e+00 1.27903759e+00 1.97600663e-01
    8.16148877e-01 1.43320572e+00 9.70789194e-01 1.20938921e+00
    1.28996432e-01 1.77593374e+00 -5.80961108e-01 1.87921941e-01
    4.75492954e-01 4.45784390e-01 8.23468745e-01 -5.57753861e-01
    1.25982678e+00 -1.32984221e-01 5.37391543e-01 -4.48935807e-01
    1.01850379e+00 1.33116865e+00 -1.01979613e-01 -6.05998039e-01
    1.60969913e-01 -5.67166448e-01 -7.76081324e-01 7.93423831e-01
    3.45951498e-01 1.38254285e-01 2.06724107e-01 1.56034577e+00
    4.05804574e-01 1.22415543e+00 -6.36153460e-01 1.11322641e-01
    1.39144444e+00 1.82435393e+00 4.15800273e-01 1.69553041e+00
    8.91175807e-01 1.65091825e+00 -5.06487846e-01 -4.93386388e-01
    1.38447690e+00 -5.71081519e-01 1.61092687e+00 1.04269743e-01
    -7.22602069e-01 3.06545734e-01 -1.72110140e-01 6.24731839e-01
    -4.28478122e-01 -4.37478155e-01 -6.19191468e-01 1.32260740e-01
    -7.51762211e-01 1.44187403e+00 8.83200169e-02 7.17526674e-01
    6.11007035e-01 9.65571582e-01 -6.70600832e-01 2.04587996e-01
    5.69746614e-01 -7.91348815e-02 9.07462001e-01 8.22893381e-01
    5.61827362e-01 9.57293808e-01 1.28926718e+00 1.42226493e+00
    -6.03864789e-01 8.56437504e-01 -6.68963492e-01 7.77803838e-01
    1.57187450e+00 1.17275274e+00 1.42906928e+00 1.36879480e+00
    -1.43049717e-01 3.65619004e-01 1.77663577e+00 -5.05001247e-01
    -3.14226389e-01 -6.97491586e-01 5.95780969e-01 1.27213538e-01
    1.12622309e+00 4.68315005e-01 1.04580212e+00 -5.09561539e-01
    1.01962781e+00 1.78720021e+00 7.81278014e-02 -5.12320399e-01
    1.68738818e+00 1.72845638e+00 -1.00531280e-01 3.09696555e-01
    1.85614645e-01 1.64992034e+00 1.56813776e+00 -6.57438755e-01
    -1.23479366e-02 -4.34991896e-01 1.73316121e+00 -4.11132753e-01
    1.23552823e+00 5.52591503e-01 -4.31554794e-01 -5.06324589e-01
    -4.56283212e-01 -1.01550519e-01 6.70014739e-01 3.85880768e-01
    1.58229792e+00 8.56609941e-02 8.68960857e-01 8.21354628e-01
    1.61584735e+00 1.04090500e+00 -4.81541842e-01 7.50797987e-03
    6.48428798e-01 2.79539645e-01 1.34866023e+00 1.06354761e+00
    7.66955078e-01 -5.05065560e-01 5.20488799e-01 -5.71856141e-01
    -5.82380950e-01 1.11008048e-01 2.17958927e-01 1.93569839e-01
    5.95660448e-01 -2.30797321e-01 7.58593142e-01 -6.44975722e-01
    6.16894186e-01 5.97338080e-02 -4.53807503e-01 1.18857300e+00
    1.45901299e+00 -1.00109577e-01 5.14272451e-02 4.20719981e-01
    1.19544554e+00 2.14045048e-01 -1.09167159e-01 3.61440659e-01
    5.34991086e-01 2.84871578e-01 1.59123600e+00 -4.72736508e-01
    1.60585582e+00 9.40012991e-01 4.13851917e-01 8.35442841e-01
    1.02157652e-01 3.15604568e-01 3.01213682e-01 -8.03855419e-01
    -2.93897748e-01 1.59088373e+00 1.77133584e+00 -6.36404097e-01
    -6.30511463e-01 1.25311553e+00 -2.17055500e-01 8.15284848e-02
    5.20410359e-01 1.47007227e+00 3.94421995e-01 -4.63828206e-01
    1.14313507e+00 3.59272301e-01 -6.25996113e-01 -4.29526538e-01
    1.64992416e+00 -2.77849197e-01 -7.50144720e-01 5.73550403e-01
    1.21248722e+00 1.31359398e-01 1.39558125e+00 3.64877701e-01
    -9.42808986e-02 1.78828585e+00 -4.14070249e-01 -2.64429986e-01
    1.60966921e+00 -5.96198797e-01 1.80419254e+00 8.85787666e-01
    -2.66649276e-01 1.19260669e-01 -3.33315641e-01 1.12180948e+00
    1.24298143e+00 -1.48354769e-02 -3.71100128e-01 -5.32220185e-01
    1.64148700e+00 -5.93257904e-01 1.26938939e+00 -5.56414962e-01
    1.56508863e+00 -6.59608841e-03 -3.40771675e-01 6.39374912e-01
    -6.57498300e-01 7.84131944e-01 7.99240470e-02 6.95320964e-01
    -6.82313204e-01 4.76871908e-01 1.00766718e+00 9.88253713e-01
    -4.30240035e-01 6.94221437e-01 1.02356851e-01 1.31101489e+00
    -6.98174834e-02 1.07970214e+00 2.02924609e-01 -5.74207306e-02
    -9.70858335e-03 -6.66957617e-01 -2.71400750e-01 3.75635922e-01
    1.61765587e+00 -2.41460800e-02 1.47787440e+00 -2.96100795e-01
    5.93043625e-01 3.11151266e-01 1.40739560e-01 -9.55658555e-02
    -6.91200674e-01 1.22718883e+00 -2.97729194e-01 -2.80269325e-01
    5.15418470e-01 -2.20071077e-01 9.06515956e-01 -5.83557010e-01
    -4.44022477e-01 1.63203704e+00 -7.62081861e-01 1.68103027e+00
    1.60207272e+00 1.08602536e+00 1.65500581e-01 8.17539454e-01
    -3.62355977e-01 2.76206493e-01 1.40889430e+00 -1.18633389e-01
    -4.42835271e-01 -1.28619432e-01 -5.75036168e-01 -3.78464967e-01
    3.55619431e-01 1.70517004e+00 -2.25299716e-01 1.78525352e+00
    7.18610883e-02 1.46462131e+00 -4.70327884e-01 1.02557254e+00
    1.82099879e-01 5.42050719e-01 2.53501534e-01 1.04338002e+00
    1.46101713e+00 1.56222820e-01 -5.14442921e-02 1.38970280e+00
    1.50473964e+00 9.31531787e-01 7.89511085e-01 3.36812854e-01
    1.01312661e+00 1.57471204e+00 1.43379402e+00 2.76158512e-01
    -5.88488817e-01 6.90597296e-03 1.58050418e+00 -6.29515648e-02
    3.41063142e-01 1.42852366e+00 7.29259610e-01 1.85785413e-01
    1.12008905e+00 1.15036631e+00 1.72780788e+00 7.60196745e-01
    6.21558785e-01 -5.92325926e-02 1.57483625e+00 1.05015087e+00
    -4.15738016e-01 -3.05713803e-01 1.63682628e+00 1.21932149e+00
    -4.54278469e-01 1.70929050e+00 1.21415329e+00 -4.08416390e-02
    1.03254843e+00 -2.57774413e-01 9.89998579e-01 1.42786694e+00
    6.76775336e-01 -5.68891168e-01 1.67512298e-02 -1.50514841e-01
    1.25984228e+00 1.01573706e+00 -4.25828099e-01 4.64071155e-01
    3.11792672e-01 -2.92577744e-02 8.53506863e-01 2.18928158e-01
    -4.08278584e-01 1.73329997e+00 -4.82266575e-01 -1.57308519e-01
    -5.56331873e-03 2.83297896e-01 1.35944247e+00 -5.47179699e-01
    9.28582430e-01 1.30695069e+00 -5.18430233e-01 7.67293572e-02
    1.19634342e+00 1.44572341e+00 6.17888987e-01 -5.68648577e-01
    7.68675387e-01 -1.34276450e-01 6.89591944e-01 -4.27883267e-02
    5.44690728e-01 9.74693418e-01 -4.84996200e-01 -5.37909627e-01
    1.64681792e-01 6.01411581e-01 -5.27341127e-01 1.00394964e+00
    1.51387990e-01 8.60041499e-01 3.88116241e-01 5.89899421e-01
    6.88261449e-01 1.49018049e+00 1.64036345e+00 1.03442144e+00
    -6.82609677e-02 8.85749519e-01 -1.86492503e-01 9.80969846e-01
    9.49663460e-01 1.45615852e+00 1.72296107e+00 -5.69873452e-01
    5.45450509e-01 6.00439310e-03 5.12533367e-01 -4.43796843e-01
    4.99300420e-01 -4.86922264e-01 -3.67674351e-01 -3.72496903e-01
    1.11062384e+00 -4.96759653e-01 1.25445962e+00 -1.94787920e-01
    -5.93694210e-01 -6.26438737e-01 1.59112334e-01 1.30905461e+00
    1.53740525e-01 -6.72767818e-01 1.51325321e+00 8.15998554e-01
    1.83079970e+00 5.01155019e-01 3.32597554e-01 -4.29067552e-01
    1.53876758e+00 1.51465559e+00 1.65551901e+00 -7.67674685e-01
    -5.64391255e-01 -3.07582200e-01 1.07122898e+00 -3.97328168e-01
    1.03427637e+00 8.80726516e-01 -7.24962950e-01 -1.75947189e-01
    -4.61177230e-02 -1.28789902e-01 7.14044929e-01 2.73855925e-02
    -7.59545863e-01 -8.23125720e-01 6.45668209e-01 4.38615382e-01
    1.27704120e+00 -2.04151630e-01 1.09769225e+00 -1.26294792e-01
    7.34475851e-02 -5.45243680e-01 6.47766590e-02 2.49767482e-01
    -1.38510466e-02 -6.63708985e-01 1.79188991e+00 1.31967306e+00
    -6.57343864e-03 1.02565229e+00 -1.25044644e-01 1.69129610e+00
    3.65301847e-01 1.55139804e+00 -7.09614277e-01 1.07613540e+00
    6.81965768e-01 3.29540730e-01 1.14713168e+00 -3.44773889e-01
    1.00240636e+00 -3.22884917e-01 1.54060078e+00 -4.37943757e-01
    -9.09479856e-02 2.55676210e-01 -3.90112787e-01 -2.36984700e-01
    7.70756602e-01 -5.03190398e-01 1.45734143e+00 -6.27435088e-01
    3.55374098e-01 1.35709870e+00 -6.40097976e-01 1.09689605e+00
    1.52594256e+00 -5.44178247e-01 2.29390502e-01 1.33153200e-01
    -1.86083078e-01 1.81226134e-02 7.69020438e-01 1.02365971e+00
    7.33219922e-01 6.88676953e-01 -7.05390573e-01 1.12464225e+00
    1.40674138e+00 -4.41826671e-01 -1.61499321e-01 4.09687281e-01
    -3.37901115e-02 8.39157701e-02 9.26078618e-01 -4.76117820e-01
    -6.62270606e-01 1.14604163e+00 -2.21809089e-01 1.57073927e+00
    -1.30841613e-01 7.31773138e-01 -2.37173736e-01 1.25156260e+00
    1.39886558e-01 1.68544912e+00 8.73046398e-01 -2.40790009e-01
    1.26427925e+00 -5.94715536e-01 1.07054329e+00 -8.20283532e-01
    -7.15484619e-02 1.08470678e+00 -7.52246141e-01 1.61329877e+00
    -4.31524158e-01 1.24563146e+00 3.29191864e-01 1.38102353e-01
    1.59014606e+00 -1.95858061e-01 -7.44780779e-01 1.59279644e+00
    1.76493955e+00 -2.24601626e-01 1.49029517e+00 -3.56545210e-01
    -3.04291159e-01 1.49449253e+00 -7.41702497e-01 1.50320077e+00
    2.47788072e-01 1.57926798e+00 -7.38153160e-01 1.01775432e+00
    1.20793867e+00 2.57618904e-01 3.22918892e-02 -9.73681211e-02
    1.49225628e+00 8.44283700e-02 -1.07832134e-01 3.35883260e-01
    7.42141426e-01 5.48002362e-01 9.45351481e-01 9.95894969e-01
    1.09657168e+00 1.33395386e+00 -4.35581714e-01 6.35517538e-01
    1.53181958e+00 6.38481021e-01 1.09651279e+00 1.22892308e+00
    1.25909543e+00 2.89463699e-01 1.50723338e+00 5.23213267e-01
    1.29280210e+00 1.31471467e+00 1.27212548e+00 1.05432844e+00
    1.10210001e+00 -3.73995304e-02 -5.55797696e-01 2.53024101e-01
    3.73765647e-01 1.24757504e+00 -3.61649394e-01 -2.15960920e-01
    -6.30735159e-01 1.09187961e+00 -6.14663184e-01 1.64683080e+00
    3.85870814e-01 4.24730480e-01 1.40968370e+00 6.65556967e-01
    1.27876282e+00 -6.69407189e-01 -4.33225572e-01 -6.03626132e-01
    -1.97230011e-01 1.52379274e-02 1.50131345e+00 1.72372866e+00
    -1.06676519e-01 1.49342632e+00 7.66398311e-01 4.76171553e-01
    -4.43500072e-01 4.93754208e-01 -6.23126566e-01 9.07994568e-01
    -2.35814512e-01 1.32486284e+00 9.56974089e-01 5.41415751e-01
    5.65626323e-01 7.43636906e-01 9.99975204e-02 -7.37886965e-01
    -1.87539637e-01 4.90043998e-01 1.31640911e+00 5.98906100e-01
    -3.28095555e-01 -6.36489928e-01 -7.87159562e-01 8.26371074e-01
    -6.36859298e-01 1.40343475e+00 1.58002710e+00 -7.70619512e-02
    6.14799559e-01 4.11578536e-01 -3.03246468e-01 5.55878937e-01
    1.91142797e-01 1.35303497e+00 -7.07278013e-01 4.97309387e-01
    5.34763336e-01 -3.66754442e-01 3.31822455e-01 4.88310575e-01
    7.13017225e-01 1.71446919e-01 1.58699763e+00 -1.47813439e-01
    1.48899364e+00 9.29100335e-01 9.02550995e-01 -1.28748953e-01
    1.05209613e+00 -3.56022596e-01 -3.39916855e-01 8.44163120e-01
    5.97083092e-01 -1.77604377e-01 -3.91201198e-01 -3.50999802e-01
    1.52006102e+00 1.36784649e+00 2.25398839e-01 1.64359498e+00
    3.79978001e-01 -1.74363613e-01 -5.49198031e-01 4.28905249e-01
    6.27550781e-01 -6.15674913e-01 9.25843596e-01 5.39738357e-01
    6.20154381e-01 6.28618360e-01 -8.62117887e-01 -6.22192025e-02
    7.46342957e-01 -4.17693824e-01 9.02738094e-01 7.44325757e-01
    9.47349906e-01 1.59117866e+00 -7.85334051e-01 6.90464437e-01
    -1.13886714e-01 1.42372668e+00 1.36477160e+00 -3.79209906e-01
    4.79270935e-01 5.16683578e-01 1.55491233e+00 -5.57787895e-01
    2.76833773e-03 -1.47000909e-01 1.27819538e+00 1.03544974e+00
    -2.31831998e-01 -3.25239211e-01 -3.54699284e-01 1.69076705e+00
    1.65693057e+00 6.06961191e-01 8.40431571e-01 1.60604107e+00
    -5.85919976e-01 -3.12526226e-01 5.22951663e-01 1.60487819e+00
    5.78988314e-01 1.13827050e+00 1.21368992e+00 -5.14348805e-01
    7.75278211e-01 1.18014884e+00 1.03398049e+00 1.81500816e+00
    -1.30245328e-01 6.18128777e-02 1.68570948e+00 -2.77787089e-01
    5.92912734e-01 9.22219217e-01 -2.61483312e-01 -2.20228493e-01
    9.68286455e-01 -3.13327402e-01 1.56768227e+00 9.19845164e-01
    -8.78095627e-04 5.53221285e-01 -2.39285827e-02 2.94933438e-01
    1.43265867e+00 1.66599488e+00 1.30080438e+00 -8.18306804e-02
    4.68400240e-01 -1.71084702e-01 9.25600529e-04 8.68155420e-01
    -5.67187846e-01 1.78665209e+00 1.41643703e-01 1.33719146e+00
    1.64080203e-01 -4.72314030e-01 -4.63095486e-01 -7.61691630e-01
    1.29989707e+00 1.71934819e+00 3.97108138e-01 5.63529909e-01
    1.32135177e+00 4.21395063e-01 1.14296412e+00 1.45592844e+00
    8.17906260e-01 9.13572431e-01 -6.02938056e-01 1.02686679e+00
    1.70400929e+00 -2.96153396e-01 -1.07612014e-01 9.38777804e-01
    1.80943537e+00 1.42059743e-01 1.61105108e+00 6.70246124e-01
    5.29762089e-01 1.48484397e+00 -4.70193237e-01 1.39943635e+00
    2.90633857e-01 9.25484598e-01 4.68944013e-01 -7.62595534e-02
    2.48384476e-03 -1.54508948e-02 1.51704133e+00 1.15671909e+00
    -5.41989923e-01 1.08601975e+00 -1.97726846e-01 -3.02681297e-01
    7.69582510e-01 1.09607828e+00 1.16348481e+00 1.36146140e+00
    1.06235027e+00 6.45520329e-01 1.03255308e+00 -2.80104429e-01
    1.25292206e+00 9.87587333e-01 1.66972208e+00 4.14312363e-01
    3.56089175e-01 9.62532461e-01 1.55200183e+00 1.64576292e+00
    -3.83309633e-01 9.78549004e-01 -6.90560341e-02 -1.14798188e-01
    6.06346607e-01 -4.26015109e-01 -1.90386355e-01 -4.75374460e-02
    -1.41257048e-03 -5.66177309e-01 -2.22360969e-01 7.89592206e-01
    -4.38303828e-01 1.36956930e+00 1.60493255e-02 4.45969582e-01
    8.92626464e-01 5.08052886e-01 8.37823987e-01 1.09187019e+00
    -6.75984025e-01 -3.61103833e-01 1.08333540e+00 -2.23171949e-01
    4.32277799e-01 -7.23421872e-01 6.30276740e-01 6.63941979e-01
    -7.06943274e-01 -5.51274538e-01 1.99928284e-01 -5.16537666e-01
    4.00943041e-01 1.02550840e+00 1.20282984e+00 -1.81358695e-01
    -3.21396589e-01 1.79261589e+00 4.33170199e-02 4.66740608e-01
    -6.37666345e-01 -5.32130301e-01 1.57549810e+00 1.78803205e-01
    -1.86329901e-01 -3.93869281e-02 -4.62923706e-01 1.23655939e+00
    1.04744148e+00 1.47988927e+00 -6.26190305e-01 1.48770452e+00
    4.82192636e-02 -4.72066641e-01 -6.72552586e-02 1.61861622e+00
    1.80785155e+00 -6.83682621e-01 -6.38649464e-02 -1.08451128e-01
    1.50916791e+00 3.57844412e-01 1.63885021e+00 4.59133387e-01
    -2.32139468e-01 5.24097741e-01 7.85843134e-02 1.45137417e+00
    -3.04395288e-01 2.00447142e-01 3.50480855e-01 -4.03468430e-01
    1.81539536e-01 -3.33002299e-01 2.39166617e-02 1.57306552e+00
    -1.09104812e-01 -4.15900052e-01 3.74635935e-01 4.20883358e-01
    -6.29189253e-01 8.22408199e-01 2.34465241e-01 1.26760364e-01
    -5.78440428e-01 9.42429006e-01 6.43135905e-02 4.21246350e-01
    9.99467552e-01 1.26203692e+00 -1.04573786e-01 1.00443542e+00
    -4.09799188e-01 2.47691870e-01 1.41491127e+00 -7.50547409e-01
    -6.06953621e-01 -1.25159621e-02 1.54951549e+00 1.15718615e+00
    9.37768698e-01 1.01415992e+00 -3.28620344e-01 4.08254981e-01
    -2.49065012e-01 1.89695835e-01 -4.40447748e-01 4.85581875e-01
    -6.46020114e-01 4.52814281e-01 1.68040681e+00 -5.72217226e-01
    9.61912036e-01 9.33019519e-02 9.65179563e-01 1.54000032e+00
    9.20089483e-01 1.60497653e+00 1.22033894e-01 8.87692153e-01
    1.32333982e+00 -6.07147932e-01 6.70077741e-01 1.01283717e+00
    -2.54450589e-01 1.41739535e+00 1.10252881e+00 1.59130752e+00
    5.49093187e-01 4.19356406e-01 8.71037304e-01 3.84473622e-01
    4.52381909e-01 6.22033596e-01 5.55011511e-01 4.48958099e-01
    1.32681000e+00 1.61054373e+00 -2.76555240e-01 1.62942088e+00
    2.07118571e-01 5.00239372e-01 3.55740547e-01 1.51945829e-01
    1.60084891e+00 1.10849237e+00 5.08636296e-01 -6.35046005e-01
    8.08773339e-01 -6.37927771e-01 1.75393152e+00 3.98149371e-01
    1.53961074e+00 1.41912091e+00 1.77338076e+00 1.08438921e+00
    1.93834841e-01 -2.47399986e-01 -3.84535193e-01 1.14418244e+00
    1.38490701e+00 1.34870994e+00 -1.44968569e-01 -6.16145134e-03
    7.84635186e-01 8.44274402e-01 -6.69238448e-01 1.21224856e+00
    -4.92618918e-01 1.06053734e+00 9.23316061e-01 -2.12673187e-01
    1.17641616e+00 1.61531639e+00 7.99108028e-01 -6.92564189e-01
    6.81704581e-01 8.59849453e-02 -7.42552340e-01 1.49059939e+00
    1.01351810e+00 1.78992569e-01 -4.04036045e-01 4.45141256e-01
    1.28672361e+00 1.01723969e+00 -1.66687369e-02 5.20568848e-01
    6.05312943e-01 1.24955821e+00 1.28620982e+00 1.29145515e+00
    -6.44540608e-01 1.50417984e+00 1.26693606e+00 3.39204729e-01
    1.43887830e+00 1.62956059e-01 9.89673555e-01 -7.51459599e-02
    -3.73858958e-01 4.20604169e-01 1.06715107e+00 1.23002529e+00
    -2.24075437e-01 1.36177111e+00 7.12431550e-01 1.96709037e-02
    1.30063415e+00 1.55826330e-01 -3.75798345e-02 -4.68015790e-01
    -6.90963387e-01 9.67683375e-01 8.80544901e-01 1.01464844e+00
    9.79787290e-01 1.27684355e-01 1.29292345e+00 1.71684074e+00
    -9.09653306e-02 -6.13632441e-01 3.38067651e-01 4.01287675e-02
    -4.32064325e-01 1.54852843e+00 -9.37037468e-02 -6.62469447e-01
    9.21220481e-01 9.44741368e-02 1.47736335e+00 9.47346449e-01
    -3.45851094e-01 5.52866518e-01 1.23074877e+00 1.22301424e+00
    1.25278115e+00 3.63595486e-02 8.51383209e-01 9.52468991e-01
    5.90246797e-01 -4.03166652e-01 -1.80968165e-01 2.54071891e-01
    1.39072227e+00 -1.54548764e-01 -6.48638725e-01 -8.73130560e-02
    5.53052604e-01 1.52660954e+00 5.54143071e-01 3.55102837e-01
    1.77033007e+00 -1.59294665e-01 -2.75355041e-01 -3.30879629e-01
    -1.53774858e-01 7.59636462e-01 6.85972273e-01 1.64396691e+00
    -4.93243694e-01 1.09874034e+00 1.16216743e+00 1.66985893e+00
    1.36555457e+00 8.47176194e-01 3.10133338e-01 1.16796708e+00
    8.72061849e-01 1.86787844e-01 -2.46216595e-01 7.69120455e-03
    -6.04037046e-01 9.35165048e-01 2.87724257e-01 6.97942674e-01
    7.20500767e-01 9.30225790e-01 -5.96244931e-01 -5.75994551e-01
    5.87410927e-01 9.11299050e-01 3.47134471e-02 3.00139785e-02
    1.57804608e+00 -3.66562068e-01 1.25984764e+00 6.09671950e-01
    9.08897519e-01 1.31790543e+00 -4.68530029e-01 4.78406191e-01
    1.60014701e+00 2.98928022e-02 3.61461520e-01 1.36786866e+00
    9.81235981e-01 7.11513638e-01 1.18501306e+00 1.35460520e+00
    -6.95219815e-01 -3.44249666e-01 -5.75706959e-01 -3.83646011e-01
    5.89914739e-01 2.07870185e-01 -5.26731551e-01 5.22850394e-01
    9.69877422e-01 1.64634311e+00 1.46315122e+00 -1.66422904e-01
    3.57031822e-02 -7.14769244e-01 -9.66258645e-02 2.16413617e-01
    1.32950926e+00 4.70636427e-01 3.63714695e-02 -7.91517913e-01
    1.83535457e-01 -3.22842002e-02 7.62662351e-01 1.52739108e-01
    3.38664412e-01 7.93704033e-01 7.93663561e-01 4.91212428e-01
    -3.78857404e-01 1.06561947e+00 1.36032343e+00 1.05603266e+00
    1.74514997e+00 -1.66771412e-01 1.45615101e+00 6.58993900e-01
    1.78097951e+00 1.62147737e+00 1.43381357e+00 8.41230631e-01
    -6.12372696e-01 1.67550349e+00 1.09538937e+00 1.52258766e+00
    -7.35339701e-01 1.57735264e+00 -3.64200801e-01 -4.86331254e-01
    1.50129223e+00 1.53363168e+00 1.34796798e+00 -5.40930629e-02
    1.01080835e+00 1.13627887e+00 9.24737930e-01 -3.34705174e-01
    9.23327327e-01 1.72931850e+00 -2.56945670e-01 -3.79732579e-01
    2.74966419e-01 -6.05990589e-01 8.74547124e-01 4.55644786e-01
    4.37207758e-01 6.59986138e-02 4.09457088e-01 1.67013359e+00
    7.24014521e-01 8.83128166e-01 -5.86920619e-01 9.12392676e-01
    1.46333981e+00 8.56585801e-01 1.10699463e+00 -2.01117396e-02
    -6.48748696e-01 -6.06227219e-01 1.16349339e+00 7.31512845e-01
    1.62374437e-01 1.71398473e+00 1.51021600e+00 1.29743981e+00
    1.66757417e+00 5.89863658e-01 8.63985360e-01 1.38801980e+00
    1.34776807e+00 -3.43467325e-01 1.03914309e+00 1.27496648e+00
    7.65327036e-01 1.13685012e-01 1.24705100e+00 -6.61162972e-01
    8.70875716e-01 -3.23777854e-01 1.11338496e+00 1.40300393e+00
    8.13658357e-01 -2.59113908e-02 9.05396402e-01 1.43103552e+00
    1.59860468e+00 3.02599430e-01 2.02014863e-01 -8.47442746e-02
    1.24481463e+00 6.65344894e-01 8.04351449e-01 -2.82101333e-01
    8.16366136e-01 4.49984670e-01 1.15172648e+00 1.58231735e+00
    1.01360524e+00 1.56526482e+00 1.18423319e+00 4.40676332e-01
    3.53857756e-01 1.50599897e+00 1.77522397e+00 1.91486716e-01
    -4.69793648e-01 -2.34044790e-02 3.28740716e-01 4.01659667e-01
    7.89512992e-02 -4.84318465e-01 1.51391602e+00 7.44126916e-01
    9.04076338e-01 6.69892490e-01 1.28302574e+00 -6.78961813e-01
    8.48524153e-01 3.56081903e-01 1.09717441e+00 -1.63914502e-01
    -2.72266448e-01 1.18398607e-01 1.27077699e-01 1.38834298e+00
    3.54432285e-01 1.28762150e+00 5.05466223e-01 -4.45553958e-01
    1.40199995e+00 7.77341425e-01 -1.44705474e-01 1.06592405e+00
    1.44039035e+00 7.18816221e-01 9.57760811e-02 1.14658833e+00
    1.15199494e+00 9.50958014e-01 6.93412900e-01 1.32020319e+00
    2.24127591e-01 -6.48400784e-01 1.38677907e+00 7.32188702e-01
    1.12929511e+00 9.80311036e-01 -8.90477300e-02 1.24869692e+00
    3.70984137e-01 -3.82310182e-01 1.60360718e+00 -3.67428035e-01
    1.33098221e+00 -4.60676670e-01 1.16592228e-01 1.09161067e+00
    1.01457572e+00 1.45787144e+00 1.49954796e+00 3.59850228e-01
    1.64154673e+00 5.54746866e-01 6.08852565e-01 1.18403339e+00
    1.53895688e+00 5.50053120e-01 2.52631903e-02 -6.86209321e-01
    1.24996650e+00 2.13714719e-01 9.49518621e-01 4.98983085e-01
    1.21219850e+00 9.18329537e-01 4.15867627e-01 8.61691654e-01
    1.40192270e-01 1.35692954e-02 6.16912782e-01 2.33621597e-01
    -2.94332474e-01 -6.00573540e-01 -3.80499333e-01 1.09607029e+00
    1.20768011e+00 -4.80688691e-01 6.20840549e-01 8.90222013e-01
    -2.64221907e-01 -1.27316892e-01 -1.21179640e-01 1.69851494e+00
    -5.03597617e-01 1.41873515e+00 7.85400689e-01 1.51763141e-01
    6.40687346e-02 3.02913427e-01 9.37003076e-01 4.59319890e-01
    1.46061754e+00 -2.88305253e-01 8.52181971e-01 -5.80573797e-01
    1.47885966e+00 9.33424592e-01 6.12375140e-02 -1.61921382e-01
    7.87676632e-01 1.60666955e+00 1.41047597e+00 -7.92168379e-02
    4.76215422e-01 5.83692610e-01 2.01053679e-01 -6.18868411e-01
    1.16878331e+00 -3.40721816e-01 2.33247399e-01 1.57819200e+00
    1.72143364e+00 1.72817492e+00 1.34969831e+00 -7.54154623e-01
    8.15083444e-01 1.16287875e+00 -4.96615112e-01 -6.44591093e-01
    -1.48851693e-01 9.76060271e-01 4.40988541e-01 8.01475823e-01
    1.27626848e+00 1.31404185e+00 -5.23006916e-02 7.91398406e-01
    1.61451769e+00 1.66897476e-01 1.02570891e-01 -6.79664612e-02
    8.12670946e-01 -9.59358215e-02 -2.13933766e-01 1.20057297e+00
    8.65143538e-02 1.56378090e-01 1.75851130e+00 1.04187417e+00
    2.94501066e-01 1.69397545e+00 1.64930773e+00 1.50770044e+00
    6.44859076e-01 -5.70423841e-01 7.20492423e-01 1.29293132e+00
    1.01528323e+00 8.26176584e-01 1.58540058e+00 1.20209265e+00
    -2.61591733e-01 -7.40166664e-01 1.58403993e+00 1.67183506e+00
    4.21349227e-01 1.70664549e+00 3.04571569e-01 5.45168757e-01
    2.46215463e-02 1.05995369e+00 -5.39730668e-01 1.28159845e+00
    1.32024086e+00 1.07120621e+00 1.39776325e+00 6.73648894e-01
    -2.54586101e-01 5.57766557e-01 5.50757289e-01 9.19547498e-01
    3.24990630e-01 3.23815882e-01 -3.12104881e-01 -4.96885687e-01
    1.54508758e+00 8.48133683e-01 7.57714510e-02 5.80555558e-01
    -3.98898661e-01 8.80616546e-01 9.66100395e-01 7.69254208e-01
    3.74334931e-01 6.27988219e-01 4.81220961e-01 -5.49764276e-01
    8.11017156e-02 1.66489398e+00 -3.03825587e-01 1.60842180e+00
    -1.94767833e-01 1.43072486e+00 5.58539808e-01 -1.21854901e-01
    -3.62013340e-01 5.03063679e-01 6.34637833e-01 -6.84003353e-01
    -3.18942398e-01 4.82669652e-01 5.01824915e-01 8.98324490e-01
    -6.58880413e-01 1.22546530e+00 -2.31283724e-01 -3.44721645e-01
    -2.32972145e-01 3.49234581e-01 5.93854010e-01 1.43157303e+00
    1.51671338e+00 -4.61745650e-01 9.08919334e-01 1.50930452e+00
    8.34866524e-01 6.77392304e-01 -4.02643085e-01 2.87631392e-01
    3.47676635e-01 -2.17583299e-01 -9.19870734e-02 -1.64757133e-01
    1.44610298e+00 2.59964287e-01 -5.45514464e-01 5.06230712e-01
    1.68622136e+00 1.08268261e-02 -1.45194232e-01 8.22102845e-01
    -4.22008812e-01 -4.89574313e-01 -1.29963994e-01 5.41304171e-01
    1.89593375e-01 -5.93954027e-01 -8.34634304e-01 1.49026775e+00
    -4.33091611e-01 -6.33865595e-02 1.22819901e+00 1.10967469e+00
    1.42850256e+00 1.08834171e+00 1.11534154e+00 -2.60416210e-01
    -3.49325836e-01 1.16022432e+00 1.25290561e+00 8.58875215e-01
    3.03367972e-02 -5.39491832e-01 1.49693847e+00 1.59695840e+00
    -4.29997683e-01 -4.80865896e-01 5.01816511e-01 -5.69105148e-04
    -3.29637527e-01 1.27537584e+00 -1.02227032e-01 -4.56947088e-01
    1.60736489e+00 1.46307921e+00 -1.00108564e-01 1.23761773e+00
    1.85626507e-01 6.91221178e-01 7.80742764e-02 8.78039360e-01
    -2.19781339e-01 -1.03840351e-01 5.76575458e-01 -4.58841860e-01
    9.80745554e-02 7.25098312e-01 -8.26676965e-01 1.51069975e+00
    -1.36848092e-01 9.87698436e-01 1.41805983e+00 1.40036404e-01
    1.54483688e+00 5.70899904e-01 1.50234485e+00 1.11973166e+00
    -4.24489439e-01 8.40830803e-02 8.39030683e-01 8.79885077e-01
    5.75571060e-01 6.47948682e-01 -3.93375576e-01 9.49118435e-01
    -5.28418183e-01 3.83120060e-01 1.42976809e+00 1.59769011e+00
    1.11517572e+00 -6.44323885e-01 -9.19138193e-02 3.78237903e-01
    1.03200769e+00 -6.65193439e-01 -6.76185846e-01 -4.23012495e-01
    1.70745683e+00 1.88365757e-01 1.66153407e+00 -4.38336730e-02
    1.36285484e+00 -3.28401417e-01 1.68435931e-01 1.06375051e+00
    -3.97028476e-01 1.01976204e+00 1.01000047e+00 -7.09111214e-01
    1.34732342e+00 5.13509572e-01 8.22632790e-01 1.25447154e+00
    1.06036758e+00 -3.81850898e-01 1.14667702e+00 1.35200584e+00
    1.17942691e+00 -6.15143895e-01 -2.36828327e-01 1.46427321e+00
    1.24121952e+00 3.62942338e-01 -6.40751541e-01 -6.95681334e-01
    8.89003932e-01 5.07527530e-01 4.46120441e-01 1.72920763e-01
    9.79708731e-01 2.64563680e-01 -1.06246233e-01 4.76188242e-01
    1.70754671e+00 1.29841232e+00 -4.58122045e-01 5.10365725e-01
    1.56807923e+00 -2.50310332e-01 -5.72795510e-01 2.46962488e-01
    1.60683489e+00 7.08639622e-02 4.63944614e-01 -4.08922255e-01
    -2.27489084e-01 -4.21627998e-01 -3.59804839e-01 -3.25199306e-01
    1.24574947e+00 1.65846348e-02 1.20299983e+00 1.13701057e+00
    6.18751109e-01 6.93475604e-01 5.08553803e-01 2.49353528e-01
    8.37591588e-01 3.75259995e-01 3.08037460e-01 -6.01707280e-01
    6.18391573e-01 1.84333444e-01 1.23407376e+00 -4.00263011e-01
    5.99513471e-01 -5.17575860e-01 1.17629766e+00 2.76996255e-01
    -3.68604720e-01 -5.31068861e-01 -5.37309647e-01 4.38562036e-02
    4.23565090e-01 1.64104664e+00 1.41989231e+00 1.20232105e-01
    1.45234466e+00 -7.78494537e-01 1.49173546e+00 -6.87790692e-01
    4.82985914e-01 -7.26480484e-02 -5.26511788e-01 -4.51924890e-01
    1.60177064e+00 8.68093789e-01 4.53584731e-01 1.57864332e+00
    9.47765052e-01 -7.91332185e-01 -4.02627170e-01 1.85465693e-01
    1.38798833e+00 4.26999629e-01 1.36112905e+00 9.72528458e-01
    1.62309265e+00 9.20067191e-01 1.14855433e+00 -1.32233322e-01
    4.91865814e-01 -2.91953564e-01 -5.59551716e-02 1.75998378e+00
    2.59577036e-02 3.00026000e-01 -5.14139533e-02 -5.01254678e-01
    4.46534872e-01 1.91238999e-01 1.19590509e+00 -2.77323127e-01
    9.33262169e-01 1.04145408e-01 1.42852783e+00 8.18023145e-01
    1.46285641e+00 2.25064754e-01 -4.78485316e-01 2.94142246e-01
    -2.34722972e-01 1.13782001e+00 1.77175045e+00 8.93058538e-01
    5.10923684e-01 3.59064341e-01 1.50451779e+00 3.88204694e-01
    -2.85063386e-01 -7.38585472e-01 -5.34206748e-01 -9.27553773e-02
    9.95553136e-01 9.28334951e-01 9.67057347e-01 1.69895768e+00
    1.23582149e+00 6.82429016e-01 -6.97551668e-01 -4.27142560e-01
    9.61240232e-01 -5.76712728e-01 7.14130700e-01 4.46404874e-01
    -6.87042475e-02 7.62965441e-01 -6.14936292e-01 2.96256483e-01
    8.31556022e-01 1.19442332e+00 -5.46631396e-01 7.25384414e-01
    -1.68445945e-01 1.06933808e+00 -2.24188805e-01 1.04457688e+00
    1.08134222e+00 1.01466417e-01 8.60915542e-01 -4.15556371e-01
    1.64838994e+00 1.36081970e+00 -1.15145683e-01 1.45657790e+00
    3.32484901e-01 8.20030391e-01 1.33322489e+00 1.66616893e+00
    1.55017960e+00 -2.38417327e-01 -5.99885702e-01 7.35030591e-01
    1.23681378e+00 1.05401516e+00 -4.56346542e-01 7.88452268e-01
    -3.90719831e-01 1.32817090e+00 -9.68059897e-02 1.57309985e+00
    -1.74558461e-01 3.09066772e-01 1.08133578e+00 1.28496885e-01
    4.70184982e-01 1.18865561e+00 1.13496935e+00 -7.21296191e-01
    1.07637727e+00 1.71115994e-01 -8.23738337e-01 -5.19392848e-01
    4.31236744e-01 -5.18029332e-01 3.61932635e-01 6.45617068e-01
    8.49131525e-01 -6.92158103e-01 5.66602707e-01 1.31014204e+00
    2.60769963e-01 -3.07952166e-01 1.32114744e+00 7.50409961e-01
    1.33605301e-01 1.26988149e+00 1.40612936e+00 1.01138532e-01
    1.77909493e-01 8.42702091e-01 1.32830071e+00 -3.91670942e-01
    -3.15830082e-01 2.41781712e-01 1.75858283e+00 -4.26459700e-01
    1.60887265e+00 4.47734058e-01 6.80671930e-02 1.32249844e+00
    -1.27023458e-03 1.43470585e+00 1.29808605e+00 -6.22681320e-01
    1.64298916e+00 7.87730277e-01 -6.41215742e-01 -8.15019011e-01
    1.51733232e+00 -2.11434841e-01 -6.01027727e-01 4.92519975e-01
    1.24861300e+00 -5.48784375e-01 2.11224735e-01 1.16669464e+00
    1.08872437e+00 7.80967355e-01 4.78812814e-01 1.40136087e+00
    1.47210371e+00 6.11740053e-01 1.09983230e+00 2.16576755e-01
    1.46019423e+00 -4.87037301e-02 -2.25763321e-02 1.32458186e+00
    -2.08548754e-01 1.42258096e+00 -1.51697695e-01 -6.10835791e-01
    1.22304869e+00 1.60641336e+00 -1.65176213e-01 7.14432240e-01
    3.71629775e-01 -6.83612823e-01 1.60673285e+00 1.41256440e+00
    1.04435349e+00 -3.05788577e-01 1.31730795e-01 -5.64682007e-01
    7.77085304e-01 1.27506697e+00 3.05605173e-01 7.51009583e-02
    3.27679276e-01 -1.59897208e-02 2.91721761e-01 1.72357607e+00
    -6.13916993e-01 9.92539346e-01 1.69729543e+00 -5.59202433e-02
    1.73645711e+00 -6.10906482e-02 1.25613141e+00 -1.96268141e-01
    4.74736452e-01 -1.34301186e-01 1.61769724e+00 5.28149605e-02
    -4.79151607e-02 3.60691190e-01 -4.60477501e-01 1.37584078e+00
    7.84889221e-01 9.99317288e-01 1.36070466e+00 7.30184317e-01
    9.21786427e-01 -6.61821067e-01 1.14605677e+00 -6.94132447e-02
    -9.92683768e-02 -4.47371542e-01 1.60052919e+00 -5.67722917e-02
    8.04219782e-01 -3.46119404e-02 1.33929157e+00 -5.71668446e-01
    9.19670701e-01 -7.10249841e-01 8.89595866e-01 -1.02242589e-01
    5.22859693e-01 1.67731571e+00 1.73945975e+00 -7.03430235e-01
    4.30670619e-01 1.31797695e+00 -2.47154981e-01 -5.65725267e-01
    6.49397969e-02 1.37580752e+00 9.94343758e-01 -1.19651973e-01
    -6.60941541e-01 1.05860186e+00 -1.98739916e-01 1.78803468e+00
    1.04687476e+00 9.56484735e-01 -1.65934563e-02 1.52292013e+00
    -2.35529542e-02 -6.00225210e-01 1.44395399e+00 1.37766874e+00
    6.70747578e-01 1.69678354e+00 7.56737828e-01 5.27566791e-01
    1.05381215e+00 1.02939773e+00 1.39357042e+00 -5.47703087e-01
    -5.47859788e-01 7.11212158e-02 1.24370885e+00 1.34682739e+00
    1.09951949e+00 5.33254683e-01 1.55452168e+00 3.88486803e-01
    3.20903301e-01 -1.32675469e-01 6.21478796e-01 1.05079591e+00
    -3.83269548e-01 3.78028572e-01 7.33537912e-01 4.04644310e-01
    9.36504900e-01 -7.80322909e-01 1.67984831e+00 1.51905525e+00
    9.29587305e-01 5.75355530e-01 -5.59659600e-02 1.01281297e+00
    1.46613050e+00 -7.35381842e-01 1.60364032e-01 1.28548145e-02
    -3.99570704e-01 8.97846282e-01 -5.72001278e-01 1.11450016e+00
    1.25916409e+00 1.76896238e+00 -1.87109411e-01 1.25066519e-01
    9.00279939e-01 1.10693645e+00 -5.98593950e-01 3.43796849e-01
    3.80147278e-01 1.53781772e+00 5.86037815e-01 5.07722318e-01
    1.64463627e+00 5.37353814e-01 -7.50965297e-01 -9.96065140e-02
    1.63780546e+00 -2.15531230e-01 8.73701036e-01 9.97413456e-01
    -4.35688496e-02 1.63579130e+00 -5.36130607e-01 1.71460533e+00
    8.23383689e-01 3.23598802e-01 1.13373530e+00 -2.19343483e-01
    -2.34026432e-01 -3.20634663e-01 9.62052703e-01 -8.24465752e-02
    -5.94781220e-01 -5.49597263e-01 1.05123425e+00 -1.63619280e-01
    1.19586551e+00 -3.70237559e-01 -8.31768513e-02 3.66263688e-01
    -7.44623065e-01 -3.00516367e-01 1.71961367e-01 1.38702178e+00
    9.64487135e-01 -5.25878668e-02 1.13252795e+00 -7.51766324e-01
    9.88249183e-02 1.66487432e+00 1.52970076e-01 1.04039311e-01
    -2.64092088e-02 -7.41918981e-01 -6.08287454e-02 1.05774021e+00
    -6.34116530e-02 1.03584349e-01 1.01712990e+00 1.29529190e+00
    -1.64222658e-01 1.37317681e+00 1.37115431e+00 1.54025388e+00
    4.85821784e-01 3.54691148e-02 1.45406723e+00 8.49092960e-01
    7.74508417e-01 9.78893638e-01 -5.92268109e-01 1.46647000e+00
    1.13627243e+00 -5.54654479e-01 6.21431053e-01 1.09893727e+00
    9.16394472e-01 1.39227462e+00 1.59662664e-01 4.25158560e-01
    1.37631226e+00 -6.57474577e-01 5.54857254e-02 1.76612520e+00
    9.98402834e-01 1.43271625e+00 5.75004399e-01 8.34835470e-01
    1.04765666e+00 1.18105733e+00 1.17481458e+00 3.38273406e-01
    -4.61535126e-01 1.42538786e+00 1.72944212e+00 2.61544287e-01
    7.82467961e-01 3.39479506e-01 -5.88458776e-01 6.33365989e-01
    7.37654507e-01 7.29664266e-01 1.30059314e+00 1.32460594e-02
    1.28634548e+00 -4.48073149e-02 1.20264935e+00 1.27104783e+00
    -1.11734271e-02 -1.64992511e-01 2.17329621e-01 3.48171532e-01
    -5.39340615e-01 6.62316740e-01 7.25335658e-01 -6.27040923e-01
    -5.87752938e-01 -2.66978115e-01 -2.81212598e-01 2.49228358e-01
    -5.01303196e-01 9.88212049e-01 -6.87960505e-01 6.74392104e-01
    -6.27475977e-01 1.02484298e+00 -5.81418753e-01 -5.23114324e-01
    9.00977015e-01 1.30513191e-01 7.34556735e-01 5.74746847e-01
    1.54071951e+00 2.67299056e-01 1.56953406e+00 7.14988351e-01
    1.12496948e+00 -3.98657382e-01 4.94496465e-01 1.41353202e+00
    1.14189386e-01 -4.59256560e-01 7.88694143e-01 1.46666765e-02
    9.38642919e-01 -1.99800551e-01 2.56034851e-01 1.36991465e+00
    1.42429292e+00 1.40452385e+00 -7.20984459e-01 2.97196031e-01
    1.14771724e+00 -6.77669048e-01 1.14049029e+00 3.46530437e-01
    4.61558461e-01 -2.25509286e-01 1.23663211e+00 1.57679152e+00
    5.58155894e-01 3.83331537e-01 -1.78868353e-01 1.58504188e+00
    7.98585832e-01 1.51604748e+00 3.13266993e-01 6.97022200e-01
    -5.58883011e-01 7.03676462e-01 -1.28296614e-01 -7.67352343e-01
    1.45848525e+00 8.19634616e-01 1.35489345e+00 -1.94868505e-01
    1.68191218e+00 -6.84845448e-02 1.10568976e+00 4.26392078e-01
    1.40367341e+00 2.32269585e-01 -3.24305415e-01 5.60516834e-01
    1.31562209e+00 1.55225134e+00 3.20744574e-01 1.45268822e+00
    2.36994028e-03 1.99951172e-01 1.18139982e-01 1.83379793e+00
    -3.69148046e-01 -1.03132844e-01 -3.39656889e-01 -6.40381992e-01
    -1.04295194e-01 4.13737059e-01 1.02661192e+00 7.68273473e-02
    9.16595817e-01 1.98844910e-01 1.22843766e+00 -6.02803171e-01
    8.17041814e-01 6.27680123e-01 -4.29287791e-01 5.09359241e-02
    -2.30141848e-01 9.76290464e-01 1.37604618e+00 4.77780163e-01
    -2.87528247e-01 1.00633597e+00 5.56355298e-01 2.12631822e-02
    -4.64274615e-01 1.61752725e+00 9.10929024e-01 1.18505573e+00
    1.11130524e+00 1.67253304e+00 -5.66529930e-01 -4.57538009e-01
    -8.02128255e-01 -3.61744165e-01 9.64623690e-02 7.36072481e-01
    1.45974100e-01 -8.45697165e-01 1.04383862e+00 5.52348733e-01
    1.62235761e+00 -6.84100866e-01 1.28793788e+00 7.68652618e-01
    3.19102108e-01 4.32130575e-01 9.63316321e-01 6.19730473e-01
    -6.89099312e-01 -6.46424294e-02 -6.67654037e-01 8.33085179e-01
    -5.46939015e-01 -5.30420542e-02 4.48593318e-01 -1.28152907e-01
    1.50354886e+00 4.00761187e-01 1.40993118e+00 9.44220006e-01
    1.53082490e+00 -4.20105636e-01 6.84134781e-01 -6.08382225e-02
    3.86059999e-01 1.25308132e+00 1.68118048e+00 -5.67761183e-01
    1.07719636e+00 -1.32066190e-01 7.34552920e-01 1.06196523e-01
    -1.73222125e-01 -6.52557313e-01 -5.05716801e-02 -2.09743619e-01
    6.59334838e-01 1.59037292e-01 1.30811691e+00 5.46941221e-01
    1.20770931e-03 1.14688241e+00 -5.44593036e-01 1.78007305e-01
    -8.34810734e-01 1.33651340e+00 -1.28535271e-01 1.07903147e+00
    1.33445680e+00 5.91627240e-01 1.31914020e-01 3.76393378e-01
    1.15946174e-01 1.41871214e+00 6.81872904e-01 1.33508039e+00
    1.29958344e+00 1.13588893e+00 3.05700600e-01 -6.67064726e-01
    -6.88099802e-01 9.68160570e-01 9.90227997e-01 1.04976892e+00
    -4.06688541e-01 -5.40276289e-01 1.19209623e+00 1.26916742e+00
    6.85311377e-01 -7.07690358e-01 -1.91140234e-01 1.57666755e+00
    8.39076042e-01 -1.66733265e-02 6.05014265e-01 1.28320050e+00
    7.68571854e-01 6.58071399e-01 -8.29392076e-02 -4.62989420e-01
    3.68358910e-01 1.18159652e+00 4.56138432e-01 -5.44851184e-01
    -1.64587438e-01 6.00647032e-01 6.63806975e-01 8.62198651e-01
    6.87394321e-01 -2.87667453e-01 1.35514450e+00 5.04179358e-01
    7.56211638e-01 -2.83828378e-01 -5.46938539e-01 1.45844924e+00
    -7.73164570e-01 4.64988351e-01 6.16771758e-01 9.30290639e-01
    -3.47158372e-01 1.16036880e+00 1.49725080e-02 3.54241550e-01
    -3.37792814e-01 3.34068179e-01 -2.80035317e-01 1.66929698e+00
    3.70848656e-01 -7.63718665e-01 1.61201656e-01 4.35409546e-01
    1.06551087e+00 1.09135985e+00 -6.30037189e-01 -2.23493755e-01
    1.19861722e+00 1.64198256e+00 1.09528816e+00 -7.62423635e-01
    -2.78010786e-01 -5.69114089e-02 1.22793889e+00 -3.69995236e-02
    1.57436895e+00 6.71152771e-01 2.51192331e-01 1.60289371e+00
    2.83012152e-01 1.66028905e+00 1.17249608e+00 -1.79055750e-01
    1.60849857e+00 7.53463387e-01 1.28477705e+00 1.21387911e+00
    1.37871861e+00 1.20248032e+00 8.31799805e-01 -2.04990745e-01
    -4.99008507e-01 -3.44105989e-01 1.75326514e+00 2.22097456e-01
    1.55119634e+00 8.50173056e-01 -2.70490646e-02 6.07621908e-01
    1.78097785e-01 1.68592811e+00 1.34530473e+00 -2.24111676e-02
    5.37496090e-01 4.78089333e-01 1.15704846e+00 -3.98552626e-01
    -2.34250098e-01 3.88877034e-01 -3.82195890e-01 5.01300335e-01
    4.32259917e-01 -1.08147442e-01 1.39466310e+00 -6.11301064e-01
    -5.50315976e-01 1.09100366e+00 -8.97738934e-02 1.48505020e+00
    4.66205657e-01 -7.26239502e-01 -5.02325416e-01 1.56160128e+00
    8.20509911e-01 7.07117021e-01 -6.01150811e-01 5.18538773e-01
    1.62342048e+00 1.00334930e+00 1.42221200e+00 -6.82205617e-01
    8.08180749e-01 7.91901112e-01 1.23648322e+00 1.67707348e+00
    3.92091930e-01 -7.79364467e-01 -7.79931545e-02 4.86701906e-01
    9.35504854e-01 -2.18908370e-01 1.70444298e+00 1.51939273e+00
    1.46839166e+00 1.47411823e+00 -3.09740156e-01 -6.82703078e-01
    -6.90816522e-01 8.33668649e-01 3.41413379e-01 -6.65591955e-01
    -4.66462970e-01 -6.42246068e-01 -2.29136318e-01 1.10334015e+00
    1.48891926e+00 -6.00037932e-01 1.11436081e+00 6.96339607e-01
    1.60250723e-01 2.56245494e-01 8.87913764e-01 -3.22124153e-01
    1.03427005e+00 1.82140350e+00 -2.61730552e-02 4.06894624e-01
    6.24851286e-01 -6.01198971e-01 -3.33539754e-01 -4.63088125e-01
    -4.10175115e-01 1.47745466e+00 8.67652535e-01 8.81761074e-01
    -3.64422202e-01 2.84931123e-01 -4.69136715e-01 1.79930973e+00
    -2.45632678e-01 1.70975804e+00 -5.27047813e-01 -6.89442158e-02
    1.60425901e-03 8.69581759e-01 -5.48935711e-01 1.56685710e+00
    5.39422512e-01 1.12563276e+00 -7.20549107e-01 1.59247816e+00
    9.13363397e-01 6.10284209e-01 -1.55543923e-01 -2.95445800e-01
    -1.46118701e-01 -6.17809772e-01 1.27819657e+00 -4.93931413e-01
    1.75534344e+00 1.53506041e-01 1.53274202e+00 -5.33981562e-01
    1.45041966e+00 8.81533384e-01 1.65630221e+00 6.76977098e-01
    2.60198057e-01 -3.67349148e-01 1.39642453e+00 6.80722177e-01
    -1.12893343e-01 5.74691176e-01 4.54191506e-01 6.09460473e-01
    5.07754683e-01 1.53776979e+00 -7.59218872e-01 8.97298932e-01
    1.17408454e+00 5.29617250e-01 4.98004794e-01 1.10228252e+00
    1.60470963e+00 -2.56053805e-02 -4.46156293e-01 1.54138708e+00
    1.46257627e+00 -2.09300280e-01 -4.60471481e-01 -1.64747477e-01
    3.16337109e-01 7.47096539e-02 -6.21373892e-01 9.72953558e-01
    6.94372833e-01 1.25356507e+00 1.17909849e+00 -7.70544410e-01
    9.99668717e-01 -3.04622203e-01 9.80933070e-01 1.39293528e+00
    1.68764055e+00 1.52008748e+00 -4.35628653e-01 7.66457915e-01
    1.05732083e+00 1.37742352e+00 1.10200548e+00 6.27176106e-01
    -2.79755592e-02 1.70381975e+00 6.93451047e-01 1.22329402e+00
    -6.24556422e-01 1.18792140e+00 9.09041762e-02 -2.64376402e-03
    4.70114946e-02 1.44193745e+00 1.53708291e+00 3.50515425e-01
    1.16233718e+00 1.55699575e+00 5.91218054e-01 5.50450504e-01
    1.15274405e+00 1.66033173e+00 -4.87537205e-01 8.95003796e-01
    -2.18534529e-01 -6.21962547e-02 1.15346277e+00 8.85595322e-01
    -4.56276715e-01 8.44808578e-01 4.50364649e-01 1.34099007e-01
    -3.48157853e-01 1.28085232e+00 1.44143558e+00 1.12743878e+00
    6.56170845e-02 1.43912864e+00 3.86784911e-01 -1.21440947e-01
    9.75105941e-01 1.57235122e+00 1.23164630e+00 3.43814969e-01
    1.08651686e+00 9.20350790e-01 -4.54785973e-01 1.33751953e+00
    5.37057877e-01 -7.48108804e-01 1.63982880e+00 -5.16806245e-01
    1.18687439e+00 4.98043120e-01 1.37733054e+00 7.77839422e-02
    -6.21254385e-01 9.15949464e-01 1.60929513e+00 -6.08109176e-01
    -2.65280068e-01 2.05785334e-01 1.32480693e+00 1.54848075e+00
    -5.99824905e-01 1.53026998e-01 6.31326020e-01 2.34855115e-01
    1.13780618e+00 1.65287733e+00 -1.15142643e-01 -1.64053857e-01
    1.71064043e+00 6.69935524e-01 -1.30673110e-01 1.80550039e-01
    4.75701153e-01 1.49328279e+00 9.60994005e-01 1.48151457e+00
    1.14808083e-02 -5.48114717e-01 1.22533739e-01 -7.69900143e-01
    1.10177803e+00 -3.31277311e-01 8.45153570e-01 1.46282554e-01
    -5.54874539e-01 -6.27073646e-02 6.93137825e-01 -1.83130324e-01
    4.49067354e-03 1.95728242e-01 -6.20441079e-01 1.77674949e-01
    1.54740572e+00 1.49469805e+00 7.41334260e-01 9.81668770e-01
    1.98972404e-01 1.46059299e+00 5.76397777e-02 1.13177729e+00
    7.33893454e-01 1.37773180e+00 3.50705385e-02 3.29286575e-01
    1.57769585e+00 2.63061464e-01 9.64567721e-01 4.56467330e-01
    -5.46770096e-01 7.00741410e-01 1.11206901e+00 -1.51960433e-01
    3.79955769e-01 1.47959721e+00 3.57103944e-02 9.41022038e-02
    1.48800766e+00 4.12029624e-02 1.41333604e+00 1.05970228e+00
    -3.95787597e-01 1.10081053e+00 1.69269478e+00 -7.20862091e-01
    1.24960208e+00 1.17582226e+00 1.63808715e+00 3.12461495e-01
    1.63394499e+00 -1.67462230e-01 1.69004583e+00 -6.97177589e-01
    -5.74420691e-01 1.13008285e+00 5.26284158e-01 4.57411289e-01
    1.26265717e+00 2.51041174e-01 4.21300590e-01 -7.61095703e-01
    -2.00375974e-01 8.25183749e-01 1.67590094e+00 1.22061491e+00
    -7.88051844e-01 4.02706265e-01 1.02461278e-01 1.11201203e+00
    1.29491484e+00 -1.44375324e-01 -7.34133363e-01 -2.12360620e-02
    1.34797502e+00 1.28750753e+00 1.17559528e+00 -1.23555064e-02
    -4.80480641e-01 -2.95041621e-01 3.73037457e-02 -1.67828143e-01
    1.59040868e-01 1.01434302e+00 -4.24518108e-01 1.43692970e+00
    4.59177673e-01 4.21322823e-01 1.04815197e+00 1.52828789e+00
    1.34856832e+00 1.26843524e+00 -7.16334581e-03 5.62615037e-01
    7.61034310e-01 7.28536248e-01 8.32389593e-01 3.54684174e-01
    1.85220599e-01 6.34879470e-02 -2.37086236e-01 1.63810086e+00
    -3.67667019e-01 4.53851700e-01 1.16537738e+00 1.77568257e-01
    4.37400579e-01 1.54410195e+00 1.08772194e+00 -2.17671812e-01
    -2.88348794e-01 7.94967890e-01 -6.53025150e-01 5.01234472e-01
    8.37617159e-01 6.51999295e-01 1.43130040e+00 -1.82842851e-01
    -7.98741400e-01 6.05062187e-01 1.36624122e+00 1.11645043e-01
    1.33566999e+00 2.54486382e-01 1.38418722e+00 9.93141174e-01
    1.57366490e+00 5.82847595e-01 -8.96902680e-02 1.07141757e+00
    2.19151974e-01 -3.47295076e-01 5.26777446e-01 -4.65112984e-01
    9.36933458e-01 1.29907501e+00 1.48774457e+00 -1.48147702e-01
    3.95236433e-01 1.35332644e+00 1.47556210e+00 2.91150630e-01
    -2.25400746e-01 1.28520787e+00 1.53744531e+00 1.26475334e-01
    -5.61179638e-01 -7.70830929e-01 8.30857515e-01 2.05135286e-01
    -5.29938340e-02 -7.70609736e-01 -4.58768845e-01 -7.58454025e-01
    1.63501918e-01 1.50127494e+00 6.65077925e-01 -2.27770567e-01
    8.06751549e-01 1.13112485e+00 6.24539077e-01 4.43076015e-01
    -1.88791156e-02 -2.78028190e-01 1.20068550e+00 -7.08245456e-01
    1.73775601e+00 1.35797739e-01 -2.38530695e-01 7.57044494e-01
    2.68019438e-01 -1.15561247e-01 1.61123443e+00 1.38722754e+00
    1.36497617e+00 1.28595281e+00 3.11001241e-01 1.13272071e+00
    -1.43293858e-01 -2.35082030e-01 9.45443392e-01 1.07786870e+00
    1.00195634e+00 2.40241349e-01 -3.48114938e-01 1.04510987e+00
    8.25317562e-01 8.94505143e-01 3.40552926e-01 1.54508638e+00
    -2.93500632e-01 1.73753679e+00 -5.12902617e-01 7.52893984e-01
    -6.25869274e-01 -2.77753443e-01 9.53276873e-01 1.44298017e+00
    1.55295300e+00 7.54383802e-02 7.74352491e-01 3.17228913e-01
    4.66189861e-01 -3.47988188e-01 1.38741112e+00 -7.06100702e-01
    3.39982748e-01 6.83063447e-01 -6.26462698e-03 -5.08424580e-01
    7.22153187e-01 -6.25176787e-01 -3.04651946e-01 8.10843408e-01
    1.58420527e+00 6.80422008e-01 9.44560766e-01 1.50728977e+00
    8.24744463e-01 3.88116062e-01 3.66887391e-01 1.12352204e+00
    1.48447251e+00 5.81813812e-01 -3.00612092e-01 5.79539239e-01
    -2.37792969e-01 2.22531319e-01 -1.53601170e-02 1.66276801e+00
    8.48774314e-01 1.47852707e+00 1.27430749e+00 1.40551448e+00
    -3.61474574e-01 1.97939873e-01 1.84714484e+00 -3.87174368e-01
    6.33849621e-01 1.34952188e+00 1.13854551e+00 -6.53288245e-01
    8.38959455e-01 -7.60266960e-01 1.14104533e+00 2.14070380e-01
    5.06834686e-01 -7.67513752e-01 -6.81500614e-01 3.79545093e-02
    -1.21029913e-01 -1.83874130e-01 1.64748561e+00 5.36185205e-01
    1.20640969e+00 1.35445642e+00 9.35392976e-01 1.27672338e+00
    8.05424035e-01 3.43886375e-01 3.94274473e-01 1.11127388e+00
    8.22187126e-01 1.06773257e+00 -1.23138487e-01 1.31382036e+00
    -6.41347885e-01 8.47806811e-01 7.06769407e-01 5.58019161e-01
    1.71980095e+00 1.72999346e+00 -1.06057465e-01 -6.34906292e-02
    8.33363414e-01 1.07705855e+00 3.44171524e-02 4.91152763e-01
    5.24377525e-01 -7.44494140e-01 6.69689953e-01 9.88550425e-01
    2.69451976e-01 1.79518223e-01 1.61002624e+00 -3.34727764e-02
    -4.24703002e-01 1.51832366e+00 1.92686439e-01 2.20656872e-01
    1.31239963e+00 -3.66616011e-01 5.09423614e-02 6.13123596e-01
    -1.17524087e-01 1.44588113e+00 -1.07795954e-01 5.11117160e-01
    1.27946913e+00 1.04127884e+00 1.02655947e-01 -7.17587471e-02
    -1.95589244e-01 -6.60847306e-01 1.43969226e+00 7.28860497e-01
    -3.39140832e-01 -4.94439751e-01 1.08986449e+00 9.06301558e-01
    3.60957801e-01 -1.98567986e-01 7.74186373e-01 -6.98308349e-02
    7.28426218e-01 -6.32402658e-01 1.48956656e+00 1.52354050e+00
    1.29863465e+00 1.07703471e+00 -5.81995070e-01 3.21216047e-01
    -6.84697211e-01 5.66269517e-01 7.62096882e-01 4.91275430e-01
    3.33312273e-01 1.45372200e+00 7.92357683e-01 1.65815663e+00
    -5.56501150e-01 5.93842864e-01 7.85191059e-01 3.64469349e-01
    1.55918884e+00 -4.77240652e-01 4.16497409e-01 2.72290111e-01
    1.04803705e+00 1.38918447e+00 -5.83592534e-01 -1.09026492e-01
    1.00156224e+00 -2.81682193e-01 -4.43503231e-01 -1.10258460e-02
    -2.21184969e-01 -5.67664623e-01 -6.23617053e-01 4.93299305e-01
    7.37165451e-01 9.91855264e-02 1.30881071e+00 -1.48962140e-01
    -2.33627081e-01 1.28543258e+00 -6.63110018e-02 5.33617198e-01
    -8.06564689e-02 1.26411247e+00 1.93369985e-02 -7.46344328e-02
    5.11365175e-01 -1.63223773e-01 1.75572085e+00 -5.23085594e-01
    5.03827274e-01 3.67390931e-01 1.26888371e+00 -3.30769688e-01
    3.89455974e-01 1.48573136e+00 -6.75255775e-01 -8.01558912e-01
    4.82434034e-03 4.65599120e-01 -5.17655611e-02 1.51381016e-01
    1.44498587e+00 9.22894001e-01 -5.80831528e-01 -6.21084511e-01
    3.44104707e-01 4.95080352e-01 8.28475296e-01 1.49149704e+00
    -3.78514022e-01 -7.11152017e-01 8.70037079e-01 -3.39356840e-01
    -4.56471503e-01 1.22514105e+00 1.49382186e+00 5.42332053e-01
    3.64135146e-01 -7.58759916e-01 3.18629384e-01 1.70827818e+00
    1.10839868e+00 8.09841156e-01 1.65850663e+00 6.14201009e-01
    1.21638477e+00 -3.09244186e-01 6.62944376e-01 -2.62937874e-01
    -8.61618519e-02 9.62861717e-01 1.38220906e+00 -4.45564508e-01
    1.12733781e-01 1.27764463e+00 -2.20143676e-01 1.19122481e+00
    1.30097079e+00 8.53442311e-01 8.77035081e-01 1.34908366e+00
    1.39783597e+00 -4.63764966e-01 1.72990131e+00 1.29653645e+00
    -6.40411794e-01 1.14773512e+00 -6.79783523e-01 1.20168924e+00
    1.04805946e-01 -3.79435867e-01 -4.80784297e-01 1.46365452e+00
    1.39088535e+00 9.22155440e-01 9.21796501e-01 1.49795055e+00
    -3.53444397e-01 -2.21820116e-01 -3.01392138e-01 1.32264113e+00
    1.15699995e+00 6.87801242e-02 1.32526207e+00 1.00702190e+00
    -7.82842696e-01 2.69566774e-01 1.22703373e-01 1.54814208e+00
    1.10532796e+00 -9.16478634e-02 1.43015981e-02 -1.88611031e-01
    8.55226398e-01 1.53892696e+00 1.21168756e+00 9.49589014e-01
    8.43161523e-01 1.50464547e+00 9.08799767e-02 5.30853212e-01
    1.44900656e+00 -1.66103125e-01 8.47770452e-01 1.08544970e+00
    6.73293471e-02 -4.18044925e-02 1.72763646e-01 -3.53266001e-02
    -3.61641079e-01 -4.92921114e-01 2.41246104e-01 1.12563920e+00
    1.01245904e+00 -7.95153677e-01 -8.99826884e-01 -7.75100231e-01
    1.26604116e+00 8.38178813e-01 -4.53337789e-01 1.55114114e-01
    6.75218582e-01 -2.90285587e-01 1.95116401e-02 -2.60808140e-01
    1.49788117e+00 1.34233403e+00 3.98166835e-01 -1.55815780e-01
    1.09736133e+00 4.60532963e-01 -4.55956787e-01 -1.79876149e-01
    5.60810566e-01 1.27806437e+00 2.84873068e-01 -5.26019335e-01
    -4.24297482e-01 -6.59609497e-01 2.06638575e-01 2.62132406e-01
    -7.24811852e-01 1.21476245e+00 1.46508718e+00 5.28487504e-01
    1.69682193e+00 -2.77025074e-01 -1.13823295e-01 8.63296986e-02
    1.28493738e+00 1.44021595e+00 3.85837257e-01 -6.60796762e-02
    1.36321092e+00 2.64471531e-01 -6.62960052e-01 1.13252938e+00
    1.67457342e+00 4.38574970e-01 -5.78868508e-01 -1.62370563e-01
    -6.60546064e-01 9.74652052e-01 1.67408013e+00 -7.87546575e-01
    1.53879964e+00 -4.66165602e-01 3.72224510e-01 1.58971357e+00
    1.62808275e+00 -3.78015637e-01 1.24510550e+00 -2.18184769e-01
    -3.59980196e-01 -2.07653195e-01 1.30067277e+00 1.41404867e+00
    5.39309323e-01 1.62344313e+00 -6.73292100e-01 3.84965360e-01
    9.18214381e-01 -3.74645412e-01 4.72594917e-01 1.69654560e+00
    9.67746556e-01 1.29627228e+00 -2.10292280e-01 1.22341752e-01
    1.39007795e+00 -4.85375226e-01 1.32785261e-01 -6.07707560e-01
    1.97307885e-01 8.44161630e-01 1.71764195e-01 -8.31313729e-02
    5.98716557e-01 6.71471655e-01 -5.49043477e-01 -4.28389668e-01
    1.60034263e+00 2.82988906e-01 1.57342362e+00 1.12572122e+00
    -1.71031594e-01 -1.87171519e-01 -5.85537195e-01 8.94306719e-01
    1.56601608e-01 1.79987800e+00 1.69778693e+00 -6.72178805e-01
    -4.15133148e-01 1.01312304e+00 -5.67897439e-01 1.56513870e-01
    7.89175212e-01 -2.98122764e-02 -2.81203747e-01 5.64883888e-01
    1.65160584e+00 1.64000058e+00 6.80227041e-01 -5.70307672e-01
    2.20928729e-01 5.05098224e-01 1.59578228e+00 6.90747917e-01
    9.79055762e-02 3.22157621e-01 1.36894703e+00 6.30245328e-01
    4.16034460e-01 6.35002792e-01 1.19446123e+00 4.69385743e-01
    -7.61598349e-03 -1.84828520e-01 9.36063766e-01 9.14466441e-01
    3.88548672e-01 7.28139460e-01 -5.86045742e-01 7.51280785e-01
    9.42690253e-01 4.12672520e-01 3.11874747e-02 -7.14246571e-01
    -3.89013290e-01 1.03604376e+00 1.80647969e-02 9.41234410e-01
    8.39452028e-01 1.20345974e+00 1.64302540e+00 -5.04684150e-01
    -2.84626067e-01 -6.18084013e-01 6.80948794e-01 8.37658763e-01
    -2.03354359e-02 9.19490635e-01 1.38024247e+00 4.89183903e-01
    1.19965076e+00 -4.32341993e-01 -2.84867227e-01 1.18941927e+00
    1.40450311e+00 8.48215342e-01 -2.09219038e-01 1.38462424e+00
    1.61158347e+00 1.66158378e+00 1.32075191e+00 7.78398275e-01
    1.07286108e+00 1.56175470e+00 5.75684905e-02 4.44451034e-01
    5.37752271e-01 1.67294502e+00 -4.52070594e-01 1.20203114e+00
    6.69941545e-01 -5.53192258e-01 8.67302835e-01 1.51506138e+00
    1.55338824e+00 1.24704361e+00 4.20068800e-01 5.14592409e-01
    5.15693367e-01 -2.96853542e-01 1.32102978e+00 7.58119166e-01
    -6.48804247e-01 8.37512493e-01 1.62880981e+00 8.91769528e-01
    8.29809904e-03 1.07572103e+00 1.32958555e+00 -2.99754113e-01
    1.28977728e+00 -1.13650560e-01 1.73849046e+00 1.78517103e-02
    -4.56939340e-02 1.10333872e+00 5.96350491e-01 1.43754661e-01
    1.79203272e-01 -3.12796831e-02 7.57932723e-01 1.18873644e+00
    7.77209044e-01 -2.34694123e-01 1.29519701e+00 1.28366470e-01
    -2.23296463e-01 1.26141477e+00 -9.17335749e-02 1.68868601e+00
    -4.41031456e-02 -4.64481711e-02 -3.90592456e-01 -4.33442593e-02
    -4.98574704e-01 -4.11657482e-01 1.53794360e+00 -7.21043050e-01
    -8.30838799e-01 7.21341610e-01 1.60136521e-01 1.10770214e+00
    -2.64306962e-01 1.15797377e+00 -7.92350769e-01 -2.10580587e-01
    7.45715559e-01 8.06016862e-01 -1.24416709e-01 -2.78259635e-01
    -1.43575311e-01 -5.99421978e-01 -4.02151555e-01 1.08540201e+00
    1.60300350e+00 5.56389570e-01 5.97505569e-01 -3.39490831e-01
    7.91360736e-02 9.19150174e-01 2.92250156e-01 8.94275308e-01
    -7.71712363e-01 1.65588665e+00 7.45568752e-01 1.01406574e-01
    -1.22979581e-01 4.30027187e-01 1.14009738e+00 1.73045695e-01
    1.71077180e+00 8.24060082e-01 1.34112811e+00 1.32499409e+00
    1.10538793e+00 1.19807029e+00 1.37193155e+00 7.13117242e-01
    1.12930703e+00 4.53560650e-01 -8.17204475e-01 -6.96532130e-01
    -4.05966669e-01 1.40758824e+00 1.45745373e+00 5.57675898e-01
    6.33968592e-01 -6.32087231e-01 1.43974185e+00 7.02498555e-02
    1.24263978e+00 9.97910619e-01 1.74958801e+00 -5.79864323e-01
    3.45099449e-01 6.19747639e-02 1.76747060e+00 9.62242365e-01
    1.20875716e+00 1.41863525e+00 6.66591525e-02 9.86692309e-01
    1.44756258e+00 1.45543838e+00 -3.74781013e-01 -6.42433465e-01
    8.29739094e-01 7.63929307e-01 9.33552504e-01 4.67938244e-01
    1.42374253e+00 -3.72530758e-01 8.60375166e-02 1.31966209e+00
    -2.76729226e-01 1.29148507e+00 -6.98757112e-01 5.17307699e-01
    1.44594622e+00 -1.45444036e-01 6.29047275e-01 1.98458433e-01
    8.67985487e-01 1.66215348e+00 -1.83224618e-01 -3.14618170e-01
    1.27804935e+00 8.32914293e-01 1.39917111e+00 -7.50196338e-01
    7.14570880e-01 9.39286172e-01 1.72902107e+00 4.20690835e-01
    9.34781969e-01 -7.20697641e-01 1.70714402e+00 1.96826279e-01
    -6.42959297e-01 6.42190993e-01 9.49114561e-03 -7.40497172e-01
    6.71038151e-01 2.25734949e-01 4.24336612e-01 3.97953570e-01
    1.86937273e-01 4.21936512e-01 7.67126143e-01 1.66156530e+00
    -5.74240804e-01 5.67555189e-01 -4.01893526e-01 4.50479388e-01
    8.28005373e-01 -3.39188576e-02 -5.83896577e-01 -6.90649152e-01
    1.58204126e+00 1.06900001e+00 3.70923817e-01 9.02828991e-01
    -1.42382979e-02 1.06715417e+00 6.20924950e-01 1.39882255e+00
    -6.83308840e-02 8.73799503e-01 -3.33266020e-01 -6.48957551e-01
    -3.53211820e-01 5.60474813e-01 1.80206537e-01 -2.13729441e-01
    1.07754827e+00 1.59310532e+00 -2.86965132e-01 -4.32225585e-01
    3.26911390e-01 5.04380405e-01 1.60836244e+00 -8.10830474e-01
    1.43750739e+00 1.66122150e+00 -3.26929510e-01 6.34303451e-01
    8.32293391e-01 3.09241772e-01 1.70713699e+00 -6.35643601e-01
    1.69312048e+00 -6.17338061e-01 7.95049965e-01 1.41454434e+00
    1.18875909e+00 1.49334693e+00 3.24387968e-01 1.46660113e+00
    -6.40613675e-01 -7.11294770e-01 3.47824812e-01 -4.50402528e-01
    1.15512729e+00 1.15385771e+00 -6.47234917e-01 1.19247818e+00
    1.08577669e+00 -1.61268473e-01 -1.73394561e-01 1.64295554e+00
    1.45886946e+00 -6.60159409e-01 1.53654265e+00 -5.57516694e-01
    3.60663831e-01 1.78808999e+00 1.70225334e+00 -5.32723725e-01
    5.17795444e-01 1.59738290e+00 -1.68454707e-01 2.28251040e-01
    -5.30085802e-01 3.47599983e-02 4.26660776e-02 -4.77484137e-01
    1.68083215e+00 -3.49892288e-01 2.18939304e-01 -4.57080394e-01
    1.10541523e+00 -2.57822096e-01 1.05630064e+00 1.16996908e+00
    1.68640494e+00 -3.28645408e-01 7.02817559e-01 1.41682124e+00
    1.55906403e+00 2.62916028e-01 4.57251728e-01 2.25893259e-02
    8.94390881e-01 1.26005971e+00 5.64490557e-02 8.91359806e-01
    -3.84250015e-01 -1.00038588e-01 6.11141503e-01 9.37436163e-01
    1.63226795e+00 2.02813685e-01 1.04346883e+00 -3.94789577e-02
    -2.38913476e-01 -5.16325951e-01 -4.51748043e-01 8.27335298e-01
    1.50386810e-01 2.72524118e-01 7.45885491e-01 -3.18336427e-01
    -5.73383808e-01 -4.03505147e-01 5.30753732e-01 9.57052648e-01
    1.31542957e+00 1.70053649e+00 1.42481780e+00 1.34719849e+00
    6.25517011e-01 1.27850056e+00 -3.92381728e-01 5.55552304e-01
    -3.66384447e-01 4.56574082e-01 -2.22772360e-02 1.52359080e+00
    2.54989862e-02 1.66007924e+00 1.06515098e+00 3.75978231e-01
    -2.13465393e-01 6.59134805e-01 5.32798767e-02 5.57542622e-01
    1.77508759e+00 1.01836252e+00 3.22763264e-01 8.17130804e-02
    -2.53738523e-01 -4.31955636e-01 1.00123024e+00 6.04772985e-01
    7.36060321e-01 5.60723424e-01 1.50698876e+00 1.28708088e+00
    -4.43180501e-01 1.78041863e+00 1.11325431e+00 -5.30158520e-01
    -2.90959269e-01 1.10880160e+00 2.86550879e-01 3.79855514e-01
    1.08820093e+00 1.16580248e+00 5.21813214e-01 5.47415257e-01
    1.64015651e+00 -4.88866270e-01 -7.39137590e-01 7.40763724e-01
    -6.40845656e-01 1.02472579e+00 5.44301271e-02 2.15969443e-01
    8.58311057e-01 3.42813611e-01 1.15654159e+00 -4.03703153e-01
    1.56695127e-01 1.67559934e+00 3.81201744e-01 1.12284112e+00
    9.46659744e-01 7.02872872e-02 9.18235600e-01 2.81176150e-01
    -8.06809425e-01 8.41527343e-01 1.41550982e+00 1.45914364e+00
    -3.44829261e-01 5.42433143e-01 1.08433485e+00 1.48045516e+00
    1.21345532e+00 1.70571458e+00 -1.05085731e-01 -6.61565065e-01
    -5.31976223e-02 1.72818589e+00 7.30706573e-01 -5.87347627e-01
    1.65651083e+00 8.12100291e-01 5.28936505e-01 -3.28391552e-01
    -1.78998232e-01 6.63985014e-01 2.39573717e-02 -4.19808060e-01
    1.05406630e+00 4.44485009e-01 1.15507603e+00 3.90887797e-01
    1.15966392e+00 4.53976512e-01 -4.70907062e-01 -5.89436293e-03
    4.50145185e-01 1.73570359e+00 1.38870919e+00 4.32787359e-01
    1.07832730e+00 1.26589751e+00 2.52031147e-01 1.58129859e+00
    9.45829690e-01 -4.22742188e-01 9.77997184e-01 1.19692397e+00
    1.11712754e+00 1.41706705e+00 -5.54223537e-01 -2.79426038e-01
    3.41882825e-01 6.45921707e-01 6.11213684e-01 1.32827044e+00
    2.06652045e-01 1.78183675e-01 1.34922063e+00 -2.48345435e-01
    -7.00708032e-01 8.62922490e-01 -6.49909854e-01 -7.84727812e-01
    1.39436436e+00 -5.95258832e-01 -6.87887132e-01 4.28464890e-01
    4.82436955e-01 1.63564610e+00 1.05827224e+00 2.10279047e-01
    3.57088625e-01 1.09565043e+00 -5.76085210e-01 8.80062461e-01
    -4.22019601e-01 4.91839290e-01 3.36979985e-01 2.73055017e-01
    -5.30748308e-01 2.49752700e-01 1.43533182e+00 -9.71749425e-02
    5.91040373e-01 -2.57601440e-01 1.25069690e+00 1.30060434e-01
    1.59973240e+00 -3.55622917e-01 6.08792841e-01 8.01079273e-02
    1.75164413e+00 -2.42963344e-01 4.38674986e-01 7.55334496e-02
    -4.50744271e-01 6.12527311e-01 1.48197079e+00 7.86743462e-01
    5.54987431e-01 -2.60273516e-01 1.45494151e+00 1.23464870e+00
    1.54483140e+00 1.20244229e+00 1.44766331e+00 6.08508289e-01
    1.30418563e+00 1.36612558e+00 -3.66850317e-01 -6.70274138e-01
    1.24596465e+00 -4.08051372e-01 -1.32083595e-01 -3.11960399e-01
    -7.23499000e-01 6.02378309e-01 1.42290914e+00 -4.55933809e-02
    -6.19654655e-01 -5.18955350e-01 1.12647820e+00 1.23438001e+00
    8.72413695e-01 8.53139758e-02 -5.26479959e-01 1.12953353e+00
    1.35747504e+00 3.92304301e-01 1.55355835e+00 1.06528592e+00
    1.42087007e+00 -5.94931901e-01 1.38465381e+00 1.30613351e+00
    5.65058589e-02 7.52759337e-01 1.50979352e+00 4.62865829e-03
    4.58936334e-01 -1.62944198e-01 1.60637188e+00 1.28021610e+00
    1.74597430e+00 -2.60177284e-01 2.68727183e-01 7.92929530e-01
    8.98775816e-01 1.64343429e+00 2.41922200e-01 2.48649657e-01
    -1.13046527e-01 1.69831896e+00 -1.30992055e-01 1.32552028e+00
    9.21142399e-01 1.05022669e+00 1.09732747e+00 -1.29052699e-01
    4.40740585e-03 5.52092314e-01 1.03004038e-01 -4.17340040e-01
    -4.77832317e-01 1.26224422e+00 1.05877638e+00 -3.00450325e-02
    9.18506622e-01 -3.97237539e-02 -3.70714605e-01 4.49738204e-01
    9.45195854e-01 5.23406863e-01 -3.00375223e-01 1.26918960e+00
    -4.16328251e-01 -2.44944930e-01 8.97535443e-01 1.48359227e+00
    -7.55497456e-01 1.23584497e+00 -2.02445805e-01 1.65651035e+00
    1.47430193e+00 -6.81796432e-01 -2.39169478e-01 1.01829028e+00
    1.18800461e+00 4.20486152e-01 3.99621129e-02 1.04221725e+00
    -4.58232373e-01 -2.52658069e-01 1.05148172e+00 -5.67091048e-01
    -2.81510890e-01 4.72506464e-01 -5.98604143e-01 1.37372303e+00
    -5.16678691e-01 -5.33723116e-01 1.17078114e+00 5.78222156e-01
    8.36206138e-01 7.93186426e-01 1.68891954e+00 -7.34941602e-01
    1.65637708e+00 7.12423325e-02 1.21154356e+00 -5.51496506e-01
    -2.67999351e-01 1.78642344e+00 4.98590946e-01 3.24499965e-01
    -6.98251128e-02 1.21320760e+00 6.01400018e-01 1.51989436e+00
    -1.81152523e-01 4.85634506e-01 1.72187722e+00 1.29718769e+00
    1.57433629e+00 2.70016432e-01 1.60651946e+00 5.91475487e-01
    6.18253767e-01 8.63780737e-01 6.41825795e-01 1.75817347e+00
    1.29830837e+00 -9.94157791e-03 1.35345745e+00 -4.01352376e-01
    1.38715065e+00 1.20901442e+00 1.29853058e+00 1.91326320e-01
    -5.18906891e-01 6.37615502e-01 -3.28442961e-01 -5.86375356e-01
    1.67796445e+00 1.15058362e-01 8.29402685e-01 1.18334210e+00
    4.78035569e-01 1.11893213e+00 6.87984705e-01 7.00189471e-01
    6.14561677e-01 1.49267662e+00 5.78666508e-01 1.22670448e+00
    -8.37120891e-01 1.71835184e-01 1.17786109e+00 3.92537832e-01
    1.50619745e-01 1.25897968e+00 8.20417225e-01 1.12099493e+00
    9.13599133e-01 8.99298191e-02 1.56789398e+00 -5.00983238e-01
    1.69386148e+00 -7.99025893e-02 -4.51810330e-01 1.30899131e-01
    1.22485399e-01 -6.25731349e-01 3.64116192e-01 1.15364337e+00
    -1.56263113e-02 -2.48040199e-01 6.83790207e-01 1.70591056e-01
    5.51921427e-01 -3.18348587e-01 6.83060467e-01 7.65733004e-01
    6.68896139e-01 -9.48685408e-03 9.24284220e-01 1.07026458e+00
    1.41177762e+00 5.22348046e-01 1.31503940e+00 2.62682796e-01
    1.53917801e+00 -3.33304018e-01 4.18252468e-01 1.03789401e+00
    -7.59353757e-01 -5.19415021e-01 7.40336299e-01 1.27673328e+00
    1.70801735e+00 7.24713326e-01 -7.27974534e-01 1.45409369e+00
    1.46091008e+00 1.30133820e+00 1.34406257e+00 1.52454734e+00
    7.65028894e-01 4.82971907e-01 9.85668182e-01 7.57667422e-02
    8.50369096e-01 2.37378180e-01 1.32584870e+00 -7.28286982e-01
    4.24424350e-01 -6.57027543e-01 -5.29477715e-01 -1.05034709e-01
    6.77554429e-01 1.74487281e+00 2.23388314e-01 3.53791833e-01
    -5.93137503e-01 -7.99549341e-01 -4.98731732e-02 1.46162152e+00
    1.39882743e+00 9.86753881e-01 3.26523066e-01 1.68683910e+00
    5.22046685e-02 -2.09538221e-01 2.04349697e-01 1.03849435e+00
    5.89710474e-02 5.36314368e-01 6.83155000e-01 3.57381344e-01
    1.45673227e+00 1.01148534e+00 1.13379169e+00 1.71621728e+00
    -4.52189744e-01 -5.03959656e-02 2.13810444e-01 1.02308989e-02
    1.84469640e-01 9.85289335e-01 -2.32209802e-01 3.07317257e-01
    4.67891991e-01 1.74012578e+00 -5.96642375e-01 1.50576472e+00
    -4.86170590e-01 4.28696990e-01 1.91761017e-01 -4.09839451e-01
    5.96619487e-01 -5.39207995e-01 2.46580780e-01 1.15415454e-01
    1.05892444e+00 5.00796795e-01 -3.02410573e-01 1.51768208e+00
    6.49243236e-01 1.39081168e+00 1.73984504e+00 -1.00082755e-02
    1.62223220e+00 5.97514212e-01 2.28460610e-01 -3.23291123e-01
    1.53411818e+00 1.02688408e+00 -7.01469421e-01 8.62333119e-01
    2.52508998e-01 5.31513870e-01 1.24037397e+00 -4.84507322e-01
    1.82407379e+00 -6.40343070e-01 1.21864319e+00 -2.52112061e-01
    1.73315501e+00 7.04734385e-01 6.12775326e-01 -6.80378318e-01
    1.46998262e+00 1.64180827e+00 5.95635295e-01 1.49529338e+00
    1.44103491e+00 9.58982527e-01 -2.40130424e-02 1.13539755e+00
    -3.69828284e-01 -5.72922587e-01 1.64246368e+00 8.15554917e-01
    -7.03117013e-01 -1.11280262e-01 -2.72402465e-01 1.59976900e-01
    -4.26105261e-02 8.78109276e-01 -2.72076190e-01 9.33866203e-01
    1.72838831e+00 -1.24543190e-01 -6.93689287e-01 -5.40390491e-01
    7.80464828e-01 1.44795203e+00 -2.09897757e-02 -7.67096937e-01
    4.55296218e-01 1.19507957e+00 7.69606590e-01 1.06634760e+00
    -4.37738091e-01 -2.90752947e-01 1.41718388e-02 1.41437173e-01
    5.90137601e-01 1.65682197e+00 -1.86315536e-01 6.06288970e-01
    1.12305510e+00 1.39719248e+00 -4.99263614e-01 1.05621338e-01
    9.37113285e-01 7.34301150e-01 1.40426230e+00 8.77821505e-01
    1.58418047e+00 -5.29856503e-01 5.72395802e-01 1.53962970e+00
    4.70766425e-02 1.73113465e+00 6.04029894e-01 8.25998545e-01
    1.10249102e-01 9.90804732e-01 1.11161482e+00 1.43173635e-01
    1.11418533e+00 3.06025147e-01 -5.93556583e-01 1.01407528e+00
    1.62492061e+00 2.40284204e-02 -2.46453941e-01 1.71537220e+00
    -1.25776529e-01 5.76992035e-02 1.11081564e+00 3.91754568e-01
    2.77315021e-01 -3.71479273e-01 8.62051487e-01 9.50373948e-01
    -5.27459323e-01 9.32022572e-01 1.06873345e+00 1.42628586e+00
    9.06992614e-01 -4.01081622e-01 -3.37153941e-01 -5.72777271e-01
    1.83040845e+00 4.39082623e-01 -2.78587490e-01 1.14150047e+00
    1.37197614e+00 1.70480537e+00 -6.21759892e-02 7.21424162e-01
    1.19771791e+00 -3.75347286e-01 -3.46856654e-01 -3.21122408e-02
    -3.09143126e-01 1.29849410e+00 5.27122319e-01 -3.65607560e-01
    -3.20982128e-01 1.80868459e+00 1.67613101e+00 1.35675478e+00
    -4.87213075e-01 -5.44699490e-01 4.78057742e-01 1.52966428e+00
    1.13017654e+00 1.64124048e+00 -4.39457148e-01 4.94126558e-01
    -6.64718568e-01 9.00363386e-01 5.58337986e-01 -7.11293399e-01
    1.52033460e+00 6.84659064e-01 7.96644986e-01 -5.99333704e-01
    1.10866487e-01 5.31420052e-01 2.65108883e-01 1.37251091e+00
    -8.48272204e-01 7.72333741e-01 -2.94972420e-01 1.39578986e+00
    1.58888555e+00 1.43515825e+00 -3.88242185e-01 1.00923467e+00
    8.28407228e-01 2.36683667e-01 1.20893109e+00 -2.20280707e-01
    7.17445195e-01 1.42811322e+00 -3.14803123e-01 6.75118864e-01
    1.66106832e+00 1.29001343e+00 -2.32990086e-01 -6.80138707e-01
    -3.70732307e-01 -7.14670122e-01 -4.21187878e-02 1.32639480e+00
    5.64487696e-01 3.01615179e-01 1.66258717e+00 6.10764205e-01
    3.18416953e-01 -7.71822870e-01 -3.32996577e-01 1.45411420e+00
    -4.50576603e-01 9.49194074e-01 -7.00487852e-01 1.06325722e+00
    1.44754350e+00 9.63195324e-01 -2.81407297e-01 -1.12209976e-01
    -1.35082603e-02 1.26202965e+00 5.75287461e-01 -5.22303462e-01
    4.60543215e-01 4.01489198e-01 3.43478322e-02 1.26396871e+00
    4.38083291e-01 5.84316552e-01 -3.39787275e-01 -1.37180686e-01
    2.30551362e-01 8.55323076e-01 1.39671230e+00 -5.06289661e-01
    -5.12188435e-01 9.93921697e-01 1.18572652e+00 -4.15686995e-01
    1.65250242e+00 1.73177147e+00 2.63095081e-01 1.51258409e+00
    -1.07777536e-01 1.62528574e-01 4.22064602e-01 1.62686598e+00
    2.36854196e-01 9.69780207e-01 -6.07286036e-01 -6.90820217e-02
    1.43523574e-01 1.38989329e+00 1.71881509e+00 1.03266239e+00
    -7.62858927e-01 9.13171709e-01 1.55206704e+00 1.21325898e+00
    2.25528598e-01 2.83069789e-01 -7.31567442e-01 6.56983912e-01
    9.16147411e-01 4.93888855e-02 6.27961218e-01 9.07507360e-01
    1.69777346e+00 6.86271906e-01 1.72746944e+00 1.11083484e+00
    -1.63380146e-01 4.75489676e-01 -7.30424523e-02 8.91605556e-01
    1.64098835e+00 -1.54007554e-01 -1.01600230e-01 8.73621941e-01
    3.80092144e-01 1.39119720e+00 1.55540919e+00 1.53919995e+00
    6.58753216e-01 -6.91445529e-01 1.67545199e+00 -5.02095103e-01
    -5.50551176e-01 -4.15879130e-01 1.58900654e+00 -3.64409536e-01
    -1.46483660e-01 -2.84368336e-01 6.67360902e-01 1.04778981e+00
    4.89276946e-01 1.03609991e+00 -2.50491858e-01 1.58393800e-01
    1.51185560e+00 5.37953258e-01 9.72651243e-01 1.64532638e+00
    5.81385136e-01 -1.60453022e-01 4.46315587e-01 3.34450245e-01
    1.08569014e+00 -3.13687176e-01 -5.98165154e-01 7.30117977e-01
    1.48331571e+00 -5.60061336e-01 7.60863721e-01 7.73339152e-01
    5.56900740e-01 1.33242941e+00 2.34422863e-01 6.86719298e-01
    8.62154365e-02 -5.72837353e-01 2.83353865e-01 -4.99491185e-01
    1.42675638e-01 1.60634553e+00 1.30395710e+00 1.45345354e+00
    1.69085383e+00 7.15820789e-02 6.91190481e-01 8.31800580e-01
    2.93059647e-01 1.49310827e+00 7.30560839e-01 -6.61899269e-01
    8.51885140e-01 1.55869842e+00 -7.28349090e-02 1.77029526e+00
    3.08897316e-01 -4.29548651e-01 -7.20069587e-01 1.18875408e+00
    1.31085181e+00 7.76517332e-01 8.22921574e-01 1.32447970e+00
    1.68337440e+00 2.12129354e-02 4.28958774e-01 1.11268353e+00
    1.17832208e+00 1.64714456e-01 -5.96154153e-01 -3.30766857e-01
    1.61967897e+00 9.50995028e-01 1.10437202e+00 -3.71224403e-01
    1.09293628e+00 -3.19953829e-01 1.67334199e+00 1.08509779e+00
    7.02363372e-01 -5.34919262e-01 1.49032474e+00 -9.82183218e-02
    9.83236551e-01 2.44871676e-01 1.56091261e+00 8.80531073e-01
    1.53328538e+00 1.39325047e+00 8.53312850e-01 1.49916005e+00
    2.48088300e-01 2.28255689e-01 1.25036609e+00 -3.52545172e-01
    1.49690092e-01 6.61414683e-01 7.87523687e-01 1.04019356e+00
    -3.53135616e-01 9.91175711e-01 -4.67970490e-01 -6.19501233e-01
    -4.86910164e-01 1.35018134e+00 2.23082542e-01 -7.24503398e-02
    4.63915825e-01 7.48047054e-01 -6.07273877e-01 -2.01996446e-01
    -4.33077097e-01 1.23040080e+00 1.25689399e+00 -7.67706275e-01
    -3.41043413e-01 1.75432980e-01 -6.50695264e-01 -6.27068818e-01
    -3.19184422e-01 -3.27500939e-01 4.91337597e-01 -3.19716066e-01
    6.89973235e-02 -1.78484678e-01 -4.23291296e-01 4.98672009e-01
    -1.09601617e-01 -9.54896808e-02 -5.49707234e-01 -9.05770063e-02
    1.40747547e-01 8.47275734e-01 -3.29929233e-01 1.94699705e-01
    9.25013661e-01 1.67943764e+00 7.64354289e-01 1.38764381e-01
    1.21020234e+00 1.44349599e+00 4.62617457e-01 1.63466394e+00
    5.45395195e-01 1.45933461e+00 7.08836675e-01 5.19013405e-01
    1.52351213e+00 1.52509284e+00 8.28900874e-01 -2.11687982e-01
    1.49426341e-01 -7.67654538e-01 -3.45522583e-01 -5.83748162e-01
    6.19486094e-01 -5.26595831e-01 1.60474467e+00 9.73706603e-01
    1.42569232e+00 -1.04925573e-01 -1.20651007e-01 1.52034712e+00
    -3.61591250e-01 1.21600330e-01 1.63820350e+00 -1.45456076e-01
    1.52636766e+00 1.59553921e+00 1.13779235e+00 3.28876436e-01
    1.16162694e+00 4.19088185e-01 -4.09782648e-01 4.86164749e-01
    8.88133466e-01 6.80210054e-01 1.46619523e+00 -7.80650854e-01
    1.53703570e+00 -6.51175737e-01 9.37009811e-01 -6.18387043e-01
    1.13905454e+00 6.35205269e-01 -7.60231018e-02 2.49330759e-01
    7.51939118e-01 1.33693814e+00 5.47630489e-01 2.48482883e-01
    2.21400559e-01 -5.62421620e-01 -1.87186420e-01 -2.38178015e-01
    -7.33422756e-01 1.08450651e+00 7.14654982e-01 6.29992545e-01
    3.95666122e-01 9.68491971e-01 1.43280983e-01 6.14064932e-01
    1.07816553e+00 1.03281188e+00 -2.45762110e-01 1.15625715e+00
    7.75951564e-01 1.48828506e+00 6.32045388e-01 1.45827723e+00
    1.74607468e+00 9.47850287e-01 6.12640023e-01 1.04259896e+00
    3.06866825e-01 1.73749673e+00 1.02342319e+00 1.00248384e+00
    1.36888397e+00 -5.08366525e-01 9.60495412e-01 -4.34217006e-01
    1.30415237e+00 4.70978260e-01 3.43004882e-01 1.54018927e+00
    1.43171191e-01 3.99210155e-01 5.21336496e-01 -5.17842054e-01
    1.04172707e+00 1.25381494e+00 -5.33065915e-01 1.57608747e-01
    1.65203309e+00 9.22256112e-02 1.29603028e-01 -6.18677735e-01
    -1.36008680e-01 -1.89721763e-01 6.73438311e-02 -4.02689576e-02
    6.49657547e-01 4.61995006e-01 -5.42683482e-01 1.47356963e+00
    5.61233401e-01 5.92193246e-01 7.02235401e-01 2.61208892e-01
    8.01717043e-01 9.31074321e-01 1.21254516e+00 -1.00320816e-01
    1.18241823e+00 -1.50874972e-01 9.01696920e-01 1.12627125e+00
    2.66900420e-01 7.98563540e-01 1.64117479e+00 1.34960663e+00
    8.68760943e-01 7.74206877e-01 1.01468027e+00 7.20899701e-02
    8.36008787e-02 -7.23997951e-02 -4.85831290e-01 6.13479853e-01
    3.37919831e-01 -3.49423081e-01 -7.31137514e-01 9.37889814e-02
    -7.00870216e-01 -1.75698638e-01 6.20985150e-01 -6.85723722e-01
    1.80101871e-01 1.25653183e+00 -6.82713807e-01 1.72084379e+00
    1.10019755e+00 1.21260619e+00 4.05929744e-01 1.18336618e+00
    1.34778595e+00 -5.12034178e-01 6.76189840e-01 1.10859621e+00
    6.13224506e-02 -2.27663457e-01 1.24034834e+00 1.41647518e+00
    8.22484493e-02 1.12755823e+00 1.17642093e+00 -3.14154595e-01
    -4.92826104e-02 6.39211833e-01 -4.36405540e-02 2.39351749e-01
    7.54002333e-02 -6.75567329e-01 1.32966948e+00 9.19317007e-01
    -5.46025753e-01 2.66526282e-01 4.85819876e-01 1.71239853e+00
    4.00821269e-01 1.38051283e+00 -6.77813232e-01 9.75540340e-01
    -1.36272013e-01 1.40973997e+00 -3.91355306e-01 -4.18034583e-01
    1.50956202e+00 1.70779467e-01 5.65970719e-01 3.38810086e-01
    -5.68423092e-01 -1.57268524e-01 1.51212168e+00 1.35226345e+00
    -5.98129869e-01 8.33695114e-01 -4.38857585e-01 -6.92703664e-01
    -7.97286749e-01 2.73970008e-01 7.56308079e-01 1.10776007e-01
    -6.83878183e-01 7.53429115e-01 1.60276234e-01 1.58943701e+00
    1.56211376e+00 -8.39640200e-01 1.33580804e+00 -6.54747784e-01
    -5.65308988e-01 -4.17804569e-01 1.16576266e+00 1.13116670e+00
    1.41247594e+00 -1.98796034e-01 -3.04294229e-02 1.69333649e+00
    1.13829899e+00 -7.51177490e-01 1.50953722e+00 4.47528601e-01
    1.02711773e+00 3.14542651e-02 -6.18164539e-02 1.28192282e+00
    -5.00917554e-01 -6.01677060e-01 1.05386353e+00 1.71505988e+00
    -3.53217453e-01 1.08125746e+00 -2.73989290e-01 -6.96333051e-01
    1.62325883e+00 7.07867205e-01 -1.92338824e-02 1.00932896e-01
    7.02777565e-01 -5.29361606e-01 -7.55456328e-01 1.49829555e+00
    1.92061245e-01 1.74730718e-01 1.59143615e+00 1.67107570e+00
    -4.86099064e-01 6.31815195e-02 9.35811996e-01 9.19855237e-02
    1.31198525e-01 1.03600478e+00 -3.84756505e-01 2.49162197e-01
    3.86654675e-01 1.65065074e+00 1.30635667e+00 -3.46795559e-01
    2.46648848e-01 -1.73438430e-01 3.22162092e-01 1.79341674e-01
    -6.44888103e-01 1.31776261e+00 -5.63687384e-01 1.69494867e+00
    -5.66681743e-01 1.60560536e+00 8.07873309e-01 1.57684338e+00
    -1.85832798e-01 1.37845719e+00 -4.70852256e-02 7.42048264e-01
    3.04391026e-01 8.57470036e-02 1.18304181e+00 1.43724608e+00
    4.03251767e-01 6.45210505e-01 3.99329722e-01 -5.69736362e-01
    6.70815587e-01 1.45023251e+00 1.71488428e+00 1.77920628e+00
    6.47558212e-01 1.52889061e+00 8.54306161e-01 1.41997325e+00
    1.59928226e+00 7.07396150e-01 -2.92865038e-02 3.77489567e-01
    6.12784624e-01 1.34323096e+00 -1.12082839e-01 1.20367169e-01
    9.92823958e-01 1.04337549e+00 1.19983220e+00 -7.83869743e-01
    -7.11178720e-01 3.24809313e-01 8.61687303e-01 6.04146659e-01
    1.74696589e+00 3.65962148e-01 -7.22283721e-02 -3.52323055e-03
    8.45251381e-01 1.72280526e+00 -3.85744572e-02 -2.73207009e-01
    -6.69142127e-01 -4.33425546e-01 1.78808355e+00 8.01316082e-01
    9.72606122e-01 1.41613197e+00 3.24117124e-01 -7.10488021e-01
    -5.29425263e-01 -3.25555980e-01 4.28434014e-02 7.45179236e-01
    -3.71263057e-01 3.77584040e-01 1.37813652e+00 -2.98122138e-01
    -1.01822019e-01 -2.72266477e-01 1.02838182e+00 -4.27540541e-01
    -7.79991329e-01 -5.00093460e-01 1.44402742e+00 8.90227616e-01
    -2.52543449e-01 7.41042435e-01 -1.14931285e-01 1.11051321e+00
    4.67127562e-02 1.74699128e-01 5.55245280e-02 5.99707365e-01
    1.71146750e-01 3.54897261e-01 1.15253639e+00 1.33226204e+00
    9.63156462e-01 1.54997349e+00 1.09772468e+00 -3.31502259e-01
    1.05506277e+00 5.20195842e-01 8.90181780e-01 6.74668431e-01
    -4.62393761e-02 8.63925517e-01 1.26730371e+00 6.04250193e-01
    7.73431540e-01 2.44568884e-01 1.41730046e+00 1.58151841e+00
    5.97575068e-01 -4.85363126e-01 7.18778372e-02 -2.50640720e-01
    5.11676490e-01 1.55880189e+00 -2.54503012e-01 1.87438190e-01
    1.35393834e+00 1.85988307e-01 1.20783043e+00 -5.57433009e-01
    1.89776421e-01 3.26244116e-01 1.03307509e+00 -3.75897139e-01
    -4.67284530e-01 6.97212636e-01 6.99245036e-01 -7.37347782e-01
    9.42630231e-01 1.76762128e+00 -6.41436696e-01 -1.92198217e-01
    1.49166751e+00 9.62202013e-01 5.01948655e-01 1.46492267e+00
    5.14507234e-01 1.09392643e+00 5.64295352e-01 1.59601998e+00
    1.79854631e-01 2.99974144e-01 2.80559897e-01 9.70045090e-01
    1.80282044e+00 1.39661372e-01 1.07097745e+00 -5.35726786e-01
    1.49810135e-01 -2.51787901e-01 1.27614307e+00 -4.37065244e-01
    2.25213766e-02 1.67121744e+00 8.14887285e-01 8.45507681e-01
    6.85869753e-01 1.44003630e+00 -6.19068980e-01 8.52030516e-03
    -2.41156697e-01 -2.07671046e-01 2.79277265e-01 5.27473450e-01
    7.08871603e-01 -2.93838263e-01 5.05773962e-01 1.74104583e+00
    4.88307714e-01 -2.56416857e-01 -3.43001306e-01 6.23905122e-01
    -1.56430483e-01 9.15592432e-01 3.85670900e-01 2.49720335e-01
    1.14904892e+00 3.96736383e-01 9.05035853e-01 9.38480616e-01
    -5.05613446e-01 1.05000138e-02 1.45808041e-01 -1.80942774e-01
    4.40663874e-01 1.11125350e+00 1.35079885e+00 1.24112988e+00
    5.75769842e-01 3.82575631e-01 1.12112916e+00 6.61518753e-01
    1.59129560e-01 1.16431379e+00 1.30745256e+00 5.73407233e-01
    4.23634052e-02 -5.80054641e-01 7.11390078e-01 4.90760803e-01
    8.04495513e-01 -3.61912251e-01 2.20267653e-01 -6.32837415e-01
    1.21874666e+00 6.45660043e-01 1.22026587e+00 1.10252631e+00
    9.75389957e-01 -7.04849005e-01 -1.48517549e-01 9.76268053e-01
    8.22868466e-01 1.29767001e-01 1.27385199e+00 -1.75482154e-01
    -3.33525091e-01 -6.43447876e-01 -5.46045840e-01 1.43850541e+00
    1.58104432e+00 -3.50294709e-01 1.23283088e-01 -3.78619403e-01
    7.81702399e-01 1.40831947e+00 1.73465204e+00 3.49941909e-01
    1.77282381e+00 2.37017572e-01 1.59831119e+00 1.25477493e-01
    -4.85833883e-02 -1.32982850e-01 1.00069535e+00 2.04178810e-01
    1.75546718e+00 1.83102965e+00 2.59151220e-01 1.21824980e+00
    7.86683440e-01 -5.44264555e-01 1.60208285e+00 7.06160307e-01
    -2.26810247e-01 6.40035927e-01 4.75579917e-01 6.48564398e-01
    1.79869890e+00 4.66410875e-01 1.06089139e+00 1.46060920e+00
    4.63418186e-01 5.58199048e-01 5.56816995e-01 -6.58016205e-02
    1.65270519e+00 -3.09002578e-01 1.01886308e+00 2.39776373e-01
    6.64167643e-01 -5.48301458e-01 1.78269672e+00 -6.08255982e-01
    -5.80183983e-01 -4.98845756e-01 -1.62935853e-02 -6.67976260e-01
    1.27615094e+00 1.12738872e+00 -5.16625643e-02 2.80599117e-01
    8.12933445e-01 3.14798534e-01 -2.46418238e-01 1.46843815e+00
    3.45950127e-01 3.92217159e-01 -5.77436626e-01 -3.14032197e-01
    1.16492152e+00 3.57359052e-02 5.93964159e-01 1.16236734e+00
    1.06935906e+00 -1.82950735e-01 -5.09176254e-02 1.04639125e+00
    -5.45820534e-01 8.14864278e-01 1.65341854e-01 1.20760739e+00
    2.57993877e-01 -2.09916413e-01 1.75874996e+00 8.99436116e-01
    3.23740005e-01 -5.93252242e-01 6.17009461e-01 8.13599825e-02
    7.13348389e-01 1.51255059e+00 7.95123339e-01 -3.32940370e-01
    9.26355422e-01 7.52256393e-01 3.15105140e-01 -7.40423501e-01
    3.92173529e-01 5.44050574e-01 -5.11022210e-01 1.52180338e+00
    -3.46528739e-01 -1.79614186e-01 9.66023684e-01 8.51328492e-01
    1.19460034e+00 2.67572284e-01 -4.12704855e-01 1.17260599e+00
    1.48065400e+00 1.70432687e-01 1.24648237e+00 1.52135396e+00
    -4.39947397e-01 -2.69110113e-01 1.09052658e-02 9.42359507e-01
    6.56983733e-01 9.43472803e-01 3.37045431e-01 7.46482790e-01
    1.65800035e+00 3.14798951e-01 1.86972797e-01 1.47247088e+00
    5.17772973e-01 -1.36972845e-01 5.21370173e-01 1.22674727e+00
    3.93252969e-02 1.60105610e+00 1.26566601e+00 -4.80574608e-01
    1.88020468e-02 5.39621830e-01 -3.31140250e-01 1.22949839e+00
    6.82831407e-01 -1.97533071e-01 1.50879145e+00 1.54495788e+00
    2.71551967e-01 -2.55454302e-01 1.40618289e+00 -9.82796550e-02
    -4.95335013e-01 3.41980159e-01 -3.34498256e-01 7.84022212e-02
    -2.95127034e-01 -7.81574249e-02 -9.58417654e-02 9.13810730e-01
    3.77146006e-01 4.44324851e-01 -1.73174977e-01 1.62816298e+00
    -4.47001219e-01 1.70330882e-01 6.63603544e-02 1.50402200e+00
    1.51723146e-01 -8.12604368e-01 1.58064055e+00 1.40222287e+00
    4.13375139e-01 -6.47424459e-02 9.56840396e-01 1.96598828e-01
    4.05559063e-01 4.39848185e-01 9.33056116e-01 -1.38757586e-01
    4.93488729e-01 1.06178522e-02 -4.49215829e-01 6.84794128e-01
    1.55265284e+00 4.66991663e-02 1.10168386e+00 -2.27773517e-01
    3.18092763e-01 9.84314322e-01 -1.10800266e-01 -6.21642351e-01
    1.65016985e+00 1.09434307e+00 -9.04105306e-02 1.57629132e-01
    -3.69197935e-01 -1.95927858e-01 4.31667209e-01 -2.17985034e-01
    1.29798317e+00 5.19513845e-01 3.38813066e-02 -4.75560576e-01
    6.75493836e-01 1.06169271e+00 -7.13803113e-01 -4.50202584e-01
    4.60248351e-01 4.84432578e-02 1.25517607e-01 2.98438966e-01
    -1.05547130e-01 -7.90178597e-01 5.58783174e-01 5.70023596e-01
    -1.24651015e-01 7.78264999e-02 1.51115716e-01 5.06393373e-01
    1.56428421e+00 1.04395199e+00 -5.73666811e-01 1.79425526e+00
    9.30103481e-01 3.63861978e-01 -2.64648259e-01 3.67437363e-01
    1.39670229e+00 3.65210176e-01 6.05643630e-01 -4.49092746e-01
    7.80878663e-01 1.28509223e-01 -1.54146194e-01 7.38130748e-01
    4.83346879e-01 1.60220563e+00 2.73746848e-02 8.26802611e-01
    -6.97689891e-01 1.68254209e+00 9.70683575e-01 5.59906244e-01
    1.24222755e+00 9.90912139e-01 1.80563152e+00 1.22299957e+00
    -5.60613871e-02 6.05302453e-02 1.33257604e+00 3.08731377e-01
    -1.51472390e-01 7.52995968e-01 1.02342606e+00 -8.86660814e-02
    -4.62153405e-01 1.58736706e+00 1.32761788e+00 1.03754818e+00
    1.29979908e+00 -8.51675808e-01 1.63147807e+00 -2.23722339e-01
    2.46283472e-01 7.69675970e-01 1.68944705e+00 9.46999431e-01
    -6.25323653e-02 8.77511203e-01 3.50675225e-01 1.50937080e+00
    1.16778409e+00 -3.31766695e-01 -3.81726623e-02 -1.39624357e-01
    -5.45664907e-01 -2.96555340e-01 1.20416296e+00 -5.22199154e-01
    1.53507829e+00 4.25672770e-01 1.10978889e+00 1.28864932e+00
    8.96642625e-01 8.57348144e-01 1.11458921e+00 -5.63499629e-01
    1.45868230e+00 1.43341780e+00 -6.46165013e-01 9.67238605e-01
    1.23490334e+00 1.18015623e+00 -8.80274177e-02 -6.47288144e-01
    1.12348223e+00 1.26048112e+00 -1.01269245e-01 -7.44652748e-02
    1.73787928e+00 -2.61305004e-01 1.02295470e+00 1.53201222e+00
    -1.75883174e-02 1.25466299e+00 -5.72889924e-01 3.22098672e-01
    9.76100385e-01 2.58596599e-01 8.03192854e-01 -1.78572536e-02
    1.16924572e+00 1.10617912e+00 1.57237482e+00 -2.52074301e-01
    -7.55030096e-01 5.06995916e-02 -4.11760330e-01 1.29801750e-01
    1.54972768e+00 1.22227263e+00 -6.80572569e-01 -2.69334018e-01
    1.46751499e+00 1.56494832e+00 1.36241889e+00 9.13299918e-01
    2.47815251e-01 1.10579515e+00 1.35438704e+00 1.22436011e+00
    -1.64027095e-01 -6.25956655e-01 -3.27120900e-01 7.05741704e-01
    7.77962565e-01 4.84476686e-02 -2.20323980e-01 -6.09977484e-01
    1.18906569e+00 -1.74543381e-01 -4.52924758e-01 1.62033606e+00
    -5.22710025e-01 -3.21696371e-01 1.08305788e+00 1.45345163e+00
    4.52448905e-01 -3.16709340e-01 1.74472511e+00 1.31944335e+00
    -3.61328810e-01 -3.68736416e-01 1.34322572e+00 -4.40324813e-01
    1.59224808e-01 5.92489779e-01 -8.15894425e-01 8.32786560e-01
    1.05268025e+00 1.28902054e+00 1.19769692e+00 7.34745681e-01
    1.55881643e+00 5.27140200e-01 2.03061819e-01 2.87038922e-01
    1.31243610e+00 -7.50693798e-01 5.97822666e-02 1.32421565e+00
    1.39732575e+00 3.74381185e-01 -1.21542335e-01 1.42787743e+00
    1.19349146e+00 -6.91849113e-01 1.55552816e+00 2.79069483e-01
    1.81218123e+00 2.06283867e-01 -7.03236580e-01 2.66191423e-01
    -8.93444419e-02 1.48302257e+00 8.85636568e-01 2.61180878e-01
    -5.88705897e-01 -3.95167559e-01 -9.50335264e-02 9.19700444e-01
    -3.56819689e-01 -5.57577610e-03 3.73909831e-01 1.60542357e+00
    1.32721484e+00 6.36325657e-01 1.73512733e+00 4.36744034e-01
    1.55058408e+00 -5.81309795e-01 -6.91007435e-01 1.70989609e+00
    -1.79872453e-01 1.36395335e+00 1.28588891e+00 1.08129120e+00
    1.00096440e+00 -4.31063235e-01 2.62119770e-02 8.01341951e-01
    1.41195679e+00 1.28843582e+00 -4.04445708e-01 8.42736006e-01
    1.18874466e+00 -7.19002843e-01 5.19241810e-01 8.27231824e-01
    1.33981776e+00 1.67244649e+00 -1.29313350e-01 1.66210508e+00
    1.30507040e+00 1.06917405e+00 -5.56704044e-01 4.30629551e-01
    6.07903361e-01 1.63984799e+00 9.40974176e-01 1.44824862e+00
    7.90781617e-01 6.65506184e-01 -5.97019792e-02 7.51954556e-01
    4.70638633e-01 7.98240125e-01 1.89558029e-01 1.33468580e+00
    1.28755271e-01 8.39242339e-01 1.07269883e+00 6.30246520e-01
    -6.43267035e-02 9.19356585e-01 -5.57697058e-01 1.42319560e+00
    7.46041298e-01 2.05744505e-02 3.74846637e-01 4.78706181e-01
    2.38649070e-01 1.56459093e+00 -5.14779925e-01 -2.72921920e-02
    -4.29880500e-01 -7.13717937e-02 -1.21821105e-01 1.34410036e+00
    -4.91001457e-01 5.18807650e-01 1.50551307e+00 1.40530682e+00
    -7.47455537e-01 1.69161963e+00 1.32511449e+00 1.58629274e+00
    5.84806025e-01 -7.03163683e-01 -5.34001350e-01 1.38988543e+00
    1.16885364e+00 -5.81943154e-01 1.22815502e+00 1.11030734e+00
    5.11905670e-01 3.60764384e-01 3.59633803e-01 1.71012306e+00
    -4.92167950e-01 5.26588202e-01 7.90640473e-01 1.27655089e-01
    -3.81477416e-01 2.15261042e-01 1.77334666e+00 1.46626687e+00
    1.71225071e-01 5.11034310e-01 -2.96584487e-01 -9.51120257e-02
    1.59833920e+00 7.78657377e-01 1.10315251e+00 5.43723941e-01
    1.58955812e+00 8.70997071e-01 6.77295744e-01 -1.26388669e-02
    5.80510795e-01 1.27175891e+00 1.33129644e+00 -2.72768080e-01
    -1.21938288e-01 -1.21099710e-01 -1.33995771e-01 1.50967240e-01
    5.66523612e-01 1.52794039e+00 9.98956442e-01 1.39118505e+00
    1.12328017e+00 1.03246248e+00 1.51695561e+00 -2.09475756e-02
    8.87847066e-01 -1.48540378e-01 -3.63168538e-01 5.09946108e-01
    1.43566060e+00 -1.17298186e-01 1.42202079e-01 9.34599638e-01
    -7.39286065e-01 1.45419252e+00 1.35965729e+00 -3.42009068e-02
    1.10127521e+00 4.87821519e-01 2.83009410e-01 1.45680976e+00
    -4.20661002e-01 1.39991152e+00 5.16598880e-01 9.98968244e-01
    -6.80621684e-01 1.13511026e+00 3.69046807e-01 -1.40588284e-02
    -1.07264280e-01 1.12259746e-01 -7.03322411e-01 1.56220973e-01
    -3.41276944e-01 -7.56085932e-01 6.71544909e-01 1.49793410e+00
    1.51651037e+00 7.09529281e-01 1.37537169e+00 8.74231517e-01
    -1.43134892e-01 1.00557184e+00 1.05900621e+00 1.37054265e-01
    -3.13712060e-01 -4.20923293e-01 -6.41777217e-01 5.70616603e-01
    1.04709840e+00 1.88755810e-01 7.32907832e-01 -4.78815734e-01
    -3.53630722e-01 -2.93672323e-01 -9.24224257e-02 -6.13272190e-03
    6.88153744e-01 9.93936777e-01 1.65054178e+00 8.15011024e-01
    9.28152800e-01 -6.90929234e-01 2.36602128e-01 -2.25720704e-01
    1.16900194e+00 8.70643139e-01 1.28857207e+00 1.01467848e+00
    -8.65489244e-03 6.39376879e-01 1.20403636e+00 -9.90360975e-02
    1.76711941e+00 3.20703328e-01 -1.30953789e-02 -4.82760489e-01
    1.16986036e-03 -3.33144069e-01 8.99270177e-02 -4.57033515e-01
    3.82063270e-01 7.27696538e-01 6.06044292e-01 1.52700686e+00
    -3.66638064e-01 1.64508820e-03 -5.98616183e-01 1.41573238e+00
    1.78024304e+00 8.23290586e-01 -4.05919164e-01 1.69687212e-01
    -7.13053524e-01 1.44166088e+00 1.09592843e+00 1.28640854e+00
    1.65560555e+00 9.39358950e-01 -2.72486925e-01 7.49042034e-01
    4.48491156e-01 -5.51018119e-01 5.98110497e-01 1.19826257e+00
    1.08656418e+00 1.31567860e+00 8.81399453e-01 -2.84756780e-01
    1.41447568e+00 -6.17072582e-01 6.99608028e-01 8.98386955e-01
    3.51871371e-01 -5.32925963e-01 -5.18151343e-01 1.50167310e+00
    1.44091761e+00 9.66952384e-01 -1.13402665e-01 7.76187241e-01
    1.19936132e+00 1.77090597e+00 9.46831405e-01 -5.72020710e-01
    5.15419066e-01 -2.67349333e-01 1.14962935e+00 5.07988036e-01
    1.58759332e+00 1.61631441e+00 1.56812024e+00 -3.20828021e-01
    -6.04021311e-01 -3.14116091e-01 5.47267079e-01 2.39212334e-01
    1.10292554e+00 -5.26845157e-01 1.63763535e+00 5.09311497e-01
    -5.70051789e-01 5.98889589e-03 -7.10626185e-01 6.09575748e-01
    1.38629413e+00 -3.58245254e-01 5.61338127e-01 -1.52899384e-01
    3.29693198e-01 1.45481205e+00 -4.95417178e-01 -3.22127193e-01
    8.38352263e-01 5.40733337e-04 -5.31691909e-01 -6.07249975e-01
    7.16055512e-01 1.27195239e-01 2.85354257e-02 2.99512029e-01
    5.98409832e-01 9.07464027e-01 -7.41082311e-01 -7.70406723e-02
    1.22561157e+00 -3.81465465e-01 3.89164090e-01 6.01232827e-01
    -8.01645041e-01 1.54851365e+00 1.44467795e+00 1.24839497e+00
    3.33055258e-02 -5.71022272e-01 1.73559678e+00 1.38291740e+00
    5.23980498e-01 1.11894751e+00 -7.33617365e-01 1.60122430e+00
    2.55684853e-01 -3.20636511e-01 -3.11429530e-01 7.70310163e-02
    -4.37666178e-02 -2.29193300e-01 4.29000676e-01 -5.71224093e-01
    7.87068963e-01 1.09619319e+00 1.10746741e-01 -5.03795624e-01
    1.24559665e+00 7.39935338e-01 -6.82936907e-01 1.31024194e+00
    -4.52249050e-02 4.90639031e-01 4.21812356e-01 1.49335313e+00
    3.01274300e-01 8.08703303e-02 9.81834650e-01 -5.62312067e-01
    7.10207343e-01 1.15592194e+00 7.64266014e-01 -4.10871446e-01
    7.96666503e-01 5.49368143e-01 -3.93592983e-01 7.37340033e-01
    1.58315825e+00 1.45264947e+00 1.00375628e+00 1.64809608e+00
    1.20596337e+00 -7.43178785e-01 1.10270834e+00 5.05725384e-01
    -3.42683494e-01 2.74859965e-01 7.98216522e-01 7.18244672e-01
    1.46874213e+00 1.85554028e-02 -3.89607310e-01 7.00489044e-01
    6.94225252e-01 2.97521830e-01 6.97693884e-01 1.20545447e-01
    1.80332422e+00 -1.76016331e-01 9.44591641e-01 -3.48531783e-01
    1.28437400e-01 1.05146623e+00 1.03214622e+00 -5.56257129e-01
    8.27676058e-02 -7.22696841e-01 5.45799136e-02 -8.04651380e-01
    -3.40093672e-01 1.31441593e-01 4.67910230e-01 3.37982774e-02
    1.32338500e+00 1.24034059e+00 1.08080435e+00 -4.70578492e-01
    1.57124352e+00 -7.08473325e-02 -6.23267412e-01 1.22257471e+00
    5.87498903e-01 -1.72937512e-02 -8.63342881e-02 5.01839876e-01
    1.04241443e+00 2.13191092e-01 3.57204676e-03 -5.64412117e-01
    -6.99359775e-02 -8.80703926e-02 9.20814276e-01 7.26637006e-01
    -9.03147459e-02 1.50948870e+00 1.02629566e+00 -3.47357869e-01
    -2.18287706e-01 -7.24069655e-01 1.42129290e+00 1.36587119e+00
    -6.07994199e-01 -3.08783442e-01 -1.42903090e-01 1.61556721e-01
    -5.39523959e-02 1.70003295e+00 6.02011323e-01 -7.23723054e-01
    3.04516494e-01 1.69495296e+00 -5.97386777e-01 8.12226653e-01
    -5.35022736e-01 1.11479354e+00 -2.87832499e-01 -2.93491781e-01
    -2.40806282e-01 -4.61239725e-01 1.10443687e+00 9.27311182e-02
    1.35083306e+00 1.52930331e+00 -4.67451483e-01 -3.44214082e-01
    -6.81832671e-01 7.35359371e-01 -3.86454463e-02 -2.96218604e-01
    -5.50780177e-01 -5.52090704e-01 -6.37155294e-01 1.31976199e+00
    1.75602293e+00 -4.35935289e-01 -7.08666444e-02 -4.29644972e-01
    6.26216531e-01 1.27622950e+00 -4.20391679e-01 6.04471684e-01
    5.60282409e-01 7.19265878e-01 1.35562754e+00 -2.06447691e-01
    1.38962054e+00 3.56185377e-01 -3.10115695e-01 -5.46369910e-01
    -6.16750717e-02 1.10665536e+00 2.54687250e-01 8.34043503e-01
    -6.09328508e-01 -5.73967099e-01 -3.33299249e-01 6.81288421e-01
    7.23901391e-02 -4.54373837e-01 5.21014094e-01 3.38075042e-01
    2.29324102e-01 1.66367579e+00 2.55792141e-01 -4.76056993e-01
    9.27494407e-01 4.88896549e-01 -4.20126617e-01 -5.10066748e-01
    1.15455639e+00 -4.43478495e-01 1.51688099e-01 1.35168934e+00
    1.05027270e+00 3.50554109e-01 1.50341868e+00 5.73192358e-01
    1.40481770e-01 2.26609588e-01 1.00490940e+00 1.33967829e+00
    1.70184016e+00 -2.32138693e-01 1.61127377e+00 1.09665358e+00
    -2.21221447e-02 1.08753037e+00 1.11728907e-01 -6.68623209e-01
    3.87143433e-01 1.22524679e-01 1.04811430e-01 3.31192255e-01
    1.07536328e+00 6.48121953e-01 -3.67822111e-01 -2.61017144e-01
    1.49627924e+00 1.04344821e+00 -2.82377183e-01 1.02767384e+00
    7.65732229e-01 -5.02395451e-01 -2.84262210e-01 6.83174014e-01
    8.45586598e-01 6.02271974e-01 -6.70910180e-01 2.54034400e-01
    1.38371825e+00 -9.92530584e-03 -8.57896209e-02 -1.29233062e-01
    -2.32421070e-01 1.35028028e+00 1.00883579e+00 2.74940431e-01
    3.30520868e-02 -3.13063681e-01 -9.72915292e-02 -3.72971803e-01
    9.78845716e-01 -3.27430457e-01 3.63500774e-01 1.24441957e+00
    8.18198800e-01 4.71349120e-01 1.05480504e+00 7.81734526e-01
    -3.11989784e-02 -9.31232572e-02 7.75268853e-01 6.76487565e-01
    -1.63900614e-01 6.48125470e-01 9.38150048e-01 1.44888234e+00
    9.57642674e-01 1.63474596e+00 -3.02436739e-01 1.50875616e+00
    1.02862167e+00 -4.42654163e-01 4.58990812e-01 1.57002509e+00
    1.13755429e+00 4.54567730e-01 1.22470009e+00 3.22078824e-01
    1.20442259e+00 8.15169811e-02 1.39943123e-01 -3.02248597e-01
    1.55230844e+00 1.47106886e+00 -2.24315763e-01 9.79149699e-01
    3.65766764e-01 1.14192557e+00 1.61220622e+00 -1.19023681e-01
    2.46415257e-01 1.04141891e+00 2.05145478e-01 1.79482710e+00
    7.62868166e-01 5.41045070e-02 -5.49714804e-01 1.20618224e+00
    6.38147235e-01 2.57150888e-01 3.37966502e-01 5.80717385e-01
    7.01530635e-01 5.25676250e-01 1.27430999e+00 -1.06524110e-01
    7.23330379e-02 1.46326566e+00 1.11553144e+00 4.02487576e-01
    6.18454337e-01 1.00685120e+00 1.03918934e+00 3.87502015e-01
    9.16213095e-01 8.61099005e-01 -2.76242256e-01 8.21542263e-01
    1.15229201e+00 4.33913589e-01 7.52457082e-01 6.64291143e-01
    2.71202981e-01 5.38686812e-01 4.99231339e-01 1.07091355e+00
    -7.96598673e-01 1.39251304e+00 -4.16882426e-01 1.20753431e+00
    7.18967497e-01 1.12944627e+00 8.73684883e-04 5.46903014e-02
    -6.92359149e-01 -5.02091467e-01 1.03849280e+00 -7.89827108e-02
    -4.32489693e-01 1.26954961e+00 8.95555198e-01 -9.04672742e-02
    1.78000808e-01 1.70175982e+00 1.56859970e+00 -5.79243898e-01
    1.30900085e-01 1.73010492e+00 3.19773555e-01 1.48054528e+00
    -8.55814576e-01 1.48295617e+00 1.57917166e+00 -2.69815266e-01
    1.62634265e+00 -5.35917282e-02 2.78200388e-01 5.43440819e-01
    -5.05393863e-01 9.40962076e-01 -1.58774793e-01 6.75519109e-01
    3.01067829e-02 1.56415415e+00 4.67254400e-01 5.94925523e-01
    -1.46530032e-01 1.46166742e-01 4.16250110e-01 7.00287461e-01
    2.30946243e-01 1.31014299e+00 8.83272350e-01 6.59715891e-01
    4.09213662e-01 1.16550303e+00 2.35439837e-01 3.70610356e-02
    -3.29843819e-01 -2.33534157e-01 1.45519185e+00 -7.74481416e-01
    1.04387403e+00 1.35288894e-01 1.10960364e+00 2.31564879e-01
    1.67781234e-01 1.72143555e+00 4.08007860e-01 1.32653403e+00
    4.05973792e-01 -2.02812552e-01 -6.87378109e-01 4.77943838e-01
    1.24178624e+00 2.46347487e-01 7.07782805e-01 -4.47825670e-01
    -3.62239927e-01 1.75240302e+00 1.99352980e-01 9.84900773e-01
    9.10750747e-01 9.59362984e-02 1.51375067e+00 -1.44402683e-01
    2.45048344e-01 -5.60507774e-01 4.09506202e-01 9.01881218e-01
    3.48822653e-01 1.72184193e+00 -2.49822199e-01 -5.55730104e-01
    1.65944564e+00 6.34020567e-01 -6.35706425e-01 1.12474144e-01
    1.42140007e+00 5.83214223e-01 1.26403236e+00 5.62049568e-01
    7.65861928e-01 1.88382208e-01 1.64750218e+00 5.17534137e-01
    -9.32900906e-02 1.05095017e+00 -1.03169501e-01 1.81378269e+00
    1.37612200e+00 8.39781344e-01 -1.61573946e-01 1.43270779e+00
    -6.41837358e-01 6.88044906e-01 2.06720293e-01 2.14672565e-01
    3.57153416e-02 1.28025639e+00 6.26161575e-01 1.22630262e+00
    1.38282442e+00 4.51936901e-01 -5.56630909e-01 1.57104683e+00
    -6.25464678e-01 1.70373273e+00 1.29598129e+00 8.03427994e-01
    -1.30853117e-01 -3.15762490e-01 1.59095478e+00 2.52870202e-01
    1.21348023e+00 1.55872834e+00 6.72728240e-01 2.25257337e-01
    -7.43187070e-02 -3.09692502e-01 1.54600811e+00 -5.54588318e-01
    2.05385566e-01 -2.94346571e-01 -1.90181017e-01 4.64273810e-01
    1.01904941e+00 7.69170880e-01 1.09511554e+00 -1.81418777e-01
    3.82134616e-01 6.77825630e-01 1.07867408e+00 3.65842164e-01
    8.58335018e-01 1.31143904e+00 -1.19289339e-01 1.13440084e+00
    4.95769441e-01 1.69398999e+00 1.17115188e+00 -3.88707757e-01
    4.74977493e-03 9.40038979e-01 8.07201684e-01 3.64934623e-01
    1.51781130e+00 1.44705558e+00 -7.40337789e-01 1.45597696e+00
    -4.57529038e-01 -6.09302402e-01 3.34825933e-01 9.58532155e-01
    -1.42757416e-01 1.80640578e-01 1.81039572e-01 1.00495076e+00
    1.88067782e+00 1.59495449e+00 -4.37385380e-01 -3.83500367e-01
    -3.11447352e-01 -1.67215198e-01 2.32535958e-01 6.05136156e-03
    -2.84570277e-01 1.26572728e+00 1.10360336e+00 8.17447186e-01
    -1.26010180e-03 -4.42805350e-01 6.26654744e-01 2.17074156e-02
    8.17088485e-02 -3.36709023e-02 7.02412844e-01 5.91216624e-01
    6.11769795e-01 2.89675415e-01 2.99165547e-01 9.64426398e-01
    -6.29378676e-01 -5.13290644e-01 -4.88778353e-01 -5.35860419e-01
    1.04665470e+00 1.22198117e+00 1.59015560e+00 -7.39227355e-01
    1.53860164e+00 -7.99123824e-01 6.16095662e-01 -4.66001898e-01
    -3.87666076e-01 1.47228885e+00 -4.72015798e-01 7.01229692e-01
    -4.06321168e-01 1.19500375e+00 5.84786952e-01 7.22999513e-01
    -3.05177987e-01 1.11223865e+00 8.84499311e-01 1.67909551e+00
    5.00417650e-01 -4.69444752e-01 -3.73622626e-01 -3.38455439e-02
    1.58069050e+00 7.52533853e-01 -3.16909313e-01 1.36184788e+00
    1.21538782e+00 1.03141332e+00 1.39751673e+00 -2.54603028e-02
    -3.91688496e-01 -6.27308488e-01 4.80962694e-01 1.25887668e+00
    -3.57619524e-02 1.41790819e+00 5.58069587e-01 6.80492580e-01
    -2.47279346e-01 3.39002788e-01 1.56582236e+00 -1.79737270e-01
    9.29224491e-02 -1.27294958e-01 1.45873868e+00 1.33577454e+00
    7.39902437e-01 6.72293067e-01 5.84519863e-01 3.20871949e-01
    1.21603954e+00 8.92303824e-01 1.38699841e+00 -2.48083949e-01
    9.82440114e-02 1.53201103e-01 1.41528296e+00 1.63269627e+00
    1.81211829e-02 2.24142551e-01 8.52690876e-01 1.69690323e+00
    -2.47027099e-01 9.98908877e-02 7.32446134e-01 2.94067502e-01
    -7.76729107e-01 -5.84236801e-01 9.13594484e-01 1.53375983e+00
    -5.44690669e-01 1.16269541e+00 -8.13032687e-01 -7.02794969e-01
    6.34025872e-01 -9.41914916e-02 9.39942181e-01 8.74103844e-01
    1.56302834e+00 -1.30510569e-01 -5.14978051e-01 8.81527841e-01
    1.04320359e+00 1.84087276e-01 -4.88660812e-01 -5.72686672e-01
    -4.24514621e-01 9.70065176e-01 1.19693530e+00 -2.51274347e-01
    7.57008314e-01 7.80711770e-01 1.17048788e+00 8.99164319e-01
    1.42484999e+00 -5.52399814e-01 1.78169489e-01 8.81918669e-02
    1.11347175e+00 -6.41334653e-01 -9.89549160e-02 -1.84663832e-01
    -1.64921165e-01 6.99775159e-01 3.17298472e-01 1.57434177e+00
    1.56185007e+00 1.18478703e+00 -2.05773890e-01 1.19363284e+00
    8.14873457e-01 1.38064647e+00 6.86414599e-01 1.81354165e+00
    1.33978021e+00 7.13510990e-01 1.06454635e+00 -4.29863632e-01
    8.48815858e-01 -1.09766126e-01 1.11821949e+00 1.64488554e+00
    4.14419353e-01 8.38088632e-01 -4.65971887e-01 1.24510908e+00
    1.66297603e+00 1.73687887e+00 2.69096196e-01 1.68374395e+00
    1.36958933e+00 -2.91488975e-01 -5.27758002e-02 2.70754695e-02
    3.89196217e-01 4.94412839e-01 2.67132103e-01 1.56993628e+00
    1.53210163e+00 -3.72866690e-01 -3.52177173e-01 1.00047970e+00
    5.38456261e-01 1.69020200e+00 -1.82544708e-01 1.40842438e+00
    -6.93617880e-01 3.78648818e-01 7.31217563e-01 1.70151353e+00
    6.36160254e-01 -3.78505170e-01 4.49706793e-01 -5.86489081e-01
    -6.32503033e-01 -5.51856279e-01 -4.55811918e-01 6.28284454e-01
    -5.31444550e-02 -2.13583469e-01 8.99303854e-01 7.64954865e-01
    1.59294796e+00 -4.65865135e-02 -1.76235974e-01 1.19938016e-01
    1.63433647e+00 8.39161634e-01 1.52129865e+00 -4.11676705e-01
    7.56603181e-01 -2.46255606e-01 -4.45885539e-01 -1.31036609e-01
    1.53516459e+00 -9.67423916e-02 -4.12930876e-01 1.78822684e+00
    1.64237547e+00 -4.19025987e-01 6.04233086e-01 -2.05656201e-01
    1.02362001e+00 5.34773648e-01 2.37747073e-01 -6.69735730e-01
    3.51643264e-01 1.61385226e+00 -1.78178549e-01 6.24542654e-01
    -2.04305947e-01 1.13429117e+00 1.52214861e+00 9.80789423e-01
    9.05217648e-01 -7.47477055e-01 -3.17185938e-01 -2.85136223e-01
    1.33473027e+00 1.54279482e+00 -1.78805411e-01 5.98539233e-01
    -6.21179998e-01 7.03664005e-01 1.41512954e+00 2.19753563e-01
    -5.86143792e-01 9.28972840e-01 1.44447756e+00 -3.16204846e-01
    1.10801995e+00 6.10768735e-01 -7.22385764e-01 -1.52891159e-01
    -5.10047793e-01 7.25774050e-01 6.41962051e-01 6.34077191e-02
    3.85779381e-01 6.31981373e-01 1.00103664e+00 2.93088555e-01
    3.31975877e-01 7.93634355e-01 1.46532083e+00 1.86134994e-01
    3.99248421e-01 -1.48762584e-01 1.22288775e+00 -2.54319847e-01
    -3.48013341e-01 -4.22542453e-01 4.29398954e-01 2.93441534e-01
    1.02544498e+00 7.46784151e-01 6.06190085e-01 -3.05457622e-01
    1.68121743e+00 -2.72044212e-01 -8.39078426e-03 1.69762409e+00
    -2.43158430e-01 1.66127813e+00 -4.70126748e-01 6.37148738e-01
    -7.07229376e-01 -6.46142602e-01 1.55716896e+00 1.65181303e+00
    -3.26153338e-01 4.52235043e-01 5.12875319e-02 7.11090744e-01
    6.03259265e-01 9.46011782e-01 -2.12406218e-01 1.41947854e+00
    8.24490428e-01 1.63053823e+00 1.72275782e-01 1.39131749e+00
    1.52744961e+00 1.42513263e+00 8.31495523e-02 -7.06861377e-01
    5.02856016e-01 -7.27820933e-01 -2.46023118e-01 1.33068860e+00
    -4.96493101e-01 -5.18370509e-01 5.78900278e-01 -4.39463973e-01
    8.95748913e-01 1.61619329e+00 -6.17269993e-01 -1.34337306e-01
    3.78530145e-01 -3.57668787e-01 -1.42928898e-01 7.84061432e-01
    5.52536190e-01 6.44689858e-01 1.02942753e+00 6.61630809e-01
    6.85673177e-01 4.40133572e-01 5.24635375e-01 -1.29183948e-01
    1.08824015e-01 3.92935812e-01 2.78327703e-01 1.52570367e+00
    -2.78033942e-01 -1.84166133e-01 -2.12776661e-01 3.29654217e-01
    1.19517779e+00 4.20759261e-01 1.93080306e-01 -4.70696092e-01
    7.64082909e-01 1.21407413e+00 9.13671374e-01 9.37836885e-01
    1.91728234e-01 5.75103998e-01 1.49554348e+00 -5.44576049e-01
    1.37956095e+00 1.56811810e+00 1.49335217e+00 2.10988522e-01
    3.81031811e-01 -4.23646569e-02 1.57644534e+00 -6.29086912e-01
    5.77422261e-01 1.23478389e+00 3.79354358e-01 -4.23792660e-01
    1.34954619e+00 -1.49428725e-01 -4.09378141e-01 1.12879705e+00
    -5.91619611e-01 1.45923245e+00 8.18068445e-01 2.76747942e-01
    -2.40187645e-02 3.11323106e-01 -5.81447482e-01 -1.78913832e-01
    1.42724919e+00 1.61153245e+00 1.25677788e+00 3.01736116e-01
    1.33279169e+00 1.00416315e+00 8.30677748e-01 8.03535700e-01
    9.44685519e-01 1.05017185e+00 6.19118214e-02 7.17913866e-01
    1.06186092e+00 7.70656586e-01 1.21267331e+00 6.05118096e-01
    6.51710927e-01 5.69294572e-01 6.71077311e-01 1.74319041e+00
    1.51551580e+00 1.35047007e+00 9.90198851e-02 -2.27608085e-02
    1.11905527e+00 4.97083724e-01 9.61494029e-01 2.82668889e-01
    -2.67274499e-01 7.69691467e-01 6.64696753e-01 7.28053331e-01
    -3.80947769e-01 7.93597162e-01 5.92486262e-02 -5.78238249e-01
    -3.91873121e-02 -4.95344400e-03 -3.61672878e-01 1.47785902e+00
    8.31227243e-01 1.28312981e+00 6.20501220e-01 7.33614743e-01
    -4.70444024e-01 1.13075697e+00 -1.92380309e-01 -4.92466062e-01
    -2.41983712e-01 8.85262251e-01 1.12321162e+00 -5.39715111e-01
    2.39767194e-01 -4.86426353e-02 -3.69037360e-01 4.48305488e-01
    -3.91952604e-01 6.48661971e-01 1.82252121e+00 1.60418761e+00
    5.72274923e-01 -9.61553454e-02 -5.39063454e-01 4.76400256e-01
    8.52676213e-01 1.63583875e-01 4.80880499e-01 1.54085445e+00
    -5.26151419e-01 5.62148929e-01 -4.56186533e-01 1.46825862e+00
    6.12977266e-01 1.58257127e-01 -4.60886627e-01 -6.43731236e-01
    2.85840690e-01 5.78731656e-01 1.75559974e+00 4.02110815e-03
    1.73383391e+00 -4.68244284e-01 -6.12683952e-01 1.48941636e-01
    -7.20888555e-01 1.65423679e+00 1.16356564e+00 8.08820128e-02
    -5.48093677e-01 7.39364862e-01 8.99481237e-01 1.03210044e+00
    4.43647265e-01 4.26639259e-01 -3.75295669e-01 1.22543991e-01
    -2.55886823e-01 5.93173862e-01 1.00502276e+00 2.56499171e-01
    -2.12398171e-02 6.78889334e-01 8.84415925e-01 -7.78708458e-02
    2.40580916e-01 -3.39537084e-01 -1.22569203e-01 -4.62310195e-01
    5.25614798e-01 1.27612662e+00 6.65638328e-01 -6.97457314e-01
    -1.51470065e-01 -4.71534073e-01 -2.98662782e-01 8.71130228e-02
    -7.72634566e-01 1.56435776e+00 5.12988627e-01 -2.18479395e-01
    1.57026231e+00 -7.05130458e-01 5.81677020e-01 1.05323446e+00
    1.73244166e+00 1.02079678e+00 -1.07868910e-01 6.00005567e-01
    1.00617933e+00 3.55029762e-01 1.51383805e+00 1.09637904e+00
    1.65807939e+00 1.09909463e+00 1.19188356e+00 6.28903389e-01
    -5.74889183e-02 -7.25656509e-01 1.68423462e+00 -7.14041650e-01
    7.43817091e-02 1.05702853e+00 3.88815284e-01 2.37742722e-01
    9.81060505e-01 -7.12239742e-02 -7.57914722e-01 -9.03995633e-02
    -6.01415098e-01 -4.41768050e-01 5.22757232e-01 1.32196045e+00
    9.26225364e-01 -4.10180688e-02 1.21548045e+00 6.65227771e-02
    -6.05623424e-01 4.73009765e-01 -6.15189672e-01 -1.04336798e-01
    -5.23053527e-01 6.06650770e-01 6.84334934e-01 -2.91094303e-01
    1.13962471e-01 1.04603648e+00 4.45443332e-01 1.41848207e+00
    9.12782192e-01 7.44289339e-01 2.12321758e-01 1.80981374e+00
    5.42615175e-01 7.38898814e-01 -3.61161739e-01 1.63763201e+00
    5.22810698e-01 -2.51938581e-01 -3.03817987e-01 -3.43280792e-01
    2.90794373e-01 5.91943324e-01 4.75682318e-01 2.97604322e-01
    1.58018708e+00 1.62950289e+00 -4.69931215e-01 4.39070225e-01
    -2.47779191e-01 -5.38674712e-01 6.54722750e-01 -6.98773265e-02
    1.56197333e+00 4.36052144e-01 -5.59530020e-01 3.21030021e-01
    -6.34743273e-01 1.26393008e+00 6.39597058e-01 6.61208034e-02
    1.66648912e+00 3.56007218e-02 1.30887389e+00 1.69639516e+00
    -2.29038537e-01 -6.72771156e-01 7.98989654e-01 1.09899974e+00
    -4.51882482e-01 5.06933928e-01 1.35862398e+00 9.02182102e-01
    1.59721732e+00 -1.75401509e-01 1.44655037e+00 1.66516805e+00
    6.64949536e-01 1.41133070e-02 -9.32794213e-02 2.42077053e-01
    1.65181494e+00 9.52151299e-01 -3.99824709e-01 9.33509946e-01
    1.41519070e-01 5.62307298e-01 -5.10478258e-01 1.50359106e+00
    1.16807187e+00 -8.29863548e-01 1.20947671e+00 6.15555167e-01
    1.10749662e-01 1.26642227e+00 -3.70572805e-02 5.58398545e-01
    -3.09109032e-01 1.44969988e+00 1.52078652e+00 -5.98081231e-01
    -5.55710793e-02 1.02038217e+00 1.43984175e+00 1.72684991e+00
    1.13972127e-01 8.31640303e-01 1.26823747e+00 -3.08155477e-01
    1.18056941e+00 1.32525694e+00 8.17462802e-01 1.47061479e+00
    -1.53375685e-01 1.01717806e+00 -2.80336857e-01 -2.28495002e-01
    1.46878731e+00 1.19202280e+00 1.54881620e+00 -7.42263794e-02
    1.23061728e+00 1.05827546e+00 -4.68917429e-01 -1.99458599e-01
    8.57111514e-01 -5.13422608e-01 9.75224316e-01 1.73763013e+00
    -7.28215277e-01 1.01023018e-01 -5.29362023e-01 3.50375295e-01
    1.71868265e+00 5.81351638e-01 2.37842977e-01 3.62074673e-01
    1.50531244e+00 1.52014756e+00 4.33951080e-01 1.37305498e+00
    4.84666705e-01 -5.87402582e-02 4.73644316e-01 7.46803701e-01
    5.65607846e-01 1.52665067e+00 1.45077193e+00 1.47816360e+00
    -6.11293316e-01 9.00411606e-01 -2.12046564e-01 -1.44640386e-01
    2.09741950e-01 -3.58926177e-01 2.48144269e-01 1.34821522e+00
    -4.01093960e-02 1.19164610e+00 1.24293101e+00 1.43334889e+00
    2.01786518e-01 3.40547562e-01 1.12155271e+00 1.30582595e+00
    -7.92243421e-01 1.08930278e+00 -3.82374287e-01 2.47250795e-01
    1.72486210e+00 7.25996196e-01 1.59277129e+00 6.72484756e-01
    2.73789823e-01 6.76585674e-01 1.04374409e+00 1.01109624e+00
    -2.53576636e-01 -8.41265917e-02 1.11636853e+00 3.74651730e-01
    1.20057333e+00 1.47781646e+00 5.39044559e-01 5.11278510e-01
    -1.38321221e-01 1.08521342e+00 1.30074143e+00 2.88369656e-02
    -3.13754082e-02 1.02082372e+00 1.12360239e+00 8.54974985e-01
    9.64395404e-02 1.17153645e+00 1.73171043e+00 1.74617767e+00
    -3.84470105e-01 -6.75765872e-02 9.58864212e-01 1.53503907e+00
    1.34974015e+00 5.08435369e-01 1.16896534e+00 1.70711625e+00
    1.65649652e-01 -8.40817690e-02 -2.10476041e-01 1.23871970e+00
    -5.64367056e-01 1.59205580e+00 3.24232876e-01 8.44480097e-01
    1.29884160e+00 -4.17640686e-01 -6.86228216e-01 1.09499860e+00
    -3.13749373e-01 7.48407483e-01 1.66832626e-01 4.59142208e-01
    2.34839261e-01 1.45032859e+00 -6.09830320e-01 6.64267659e-01
    1.44277883e+00 9.73318160e-01 4.94604170e-01 4.91181910e-01
    9.23799932e-01 1.30061293e+00 1.45331073e+00 1.11522603e+00
    1.12081170e-02 1.25249779e+00 1.63454652e+00 6.73624277e-01
    1.47278786e+00 3.09538126e-01 7.62050986e-01 1.59420991e+00
    -3.51960361e-01 -9.04740095e-02 -6.86057806e-01 -4.85320926e-01
    7.32815504e-01 3.27901781e-01 -5.71101665e-01 1.59575987e+00
    1.12784231e+00 3.59122813e-01 2.16684043e-01 -3.87418211e-01
    1.56206226e+00 4.71953809e-01 1.70178723e+00 1.60592008e+00
    5.87786555e-01 1.02272916e+00 -6.58756614e-01 8.54569018e-01
    9.05418277e-01 5.01254201e-02 1.16258764e+00 2.68442988e-01
    1.66659260e+00 1.02164459e+00 -5.67477107e-01 1.83603644e-01
    1.63970315e+00 1.80359650e+00 1.27720892e+00 -4.50240701e-01
    1.45050776e+00 -4.19894457e-02 1.35095000e+00 -4.98254895e-02
    1.64877176e+00 1.33419824e+00 1.55101454e+00 1.08474338e+00
    8.97986770e-01 1.78679717e+00 8.12469959e-01 -5.99856615e-01
    1.56623411e+00 1.31703448e+00 -6.37941718e-01 -5.72899878e-01
    4.96839941e-01 -7.18172312e-01 1.31649375e-02 1.24549198e+00
    1.01008093e+00 1.91761255e-02 5.34378469e-01 1.35701489e+00
    1.61842465e+00 5.04681587e-01 1.53810215e+00 5.50423086e-01
    1.68033636e+00 1.10020995e-01 3.41935754e-02 5.26857853e-01
    8.40515792e-01 -6.46780133e-02 1.66453934e+00 7.39634573e-01
    9.39653337e-01 3.78029525e-01 2.08546460e-01 1.66937244e+00
    1.15687394e+00 6.36560917e-01 3.44603539e-01 3.56410623e-01
    4.36764956e-03 7.78699458e-01 4.89821017e-01 4.84418154e-01
    1.35480225e-01 7.38507152e-01 7.23834097e-01 1.22550333e+00
    1.22383451e+00 1.61985087e+00 1.58999026e-01 7.39061236e-02
    -7.25982487e-01 9.48197007e-01 1.33496785e+00 -4.68569964e-01
    1.76131964e+00 -6.09300196e-01 1.65995526e+00 -2.52327323e-02
    1.50919378e-01 1.70829511e+00 7.55466104e-01 4.45475876e-01
    -2.28848875e-01 1.53383136e+00 -3.79697502e-01 1.42354202e+00
    -1.70827687e-01 7.62858152e-01 1.31464243e+00 7.62888670e-01
    8.46492350e-01 3.02699208e-02 3.91156077e-01 8.81417453e-01
    -2.27873981e-01 1.81949556e-01 1.43941259e+00 7.27789402e-01
    1.46050024e+00 -6.19076014e-01 1.32030511e+00 3.52414548e-01
    1.11453557e+00 1.46694279e+00 1.12681973e+00 9.63240325e-01
    -4.25468117e-01 6.56654239e-01 1.50306082e+00 8.02461505e-01
    6.02366090e-01 1.56166244e+00 -4.66427684e-01 1.37716246e+00
    -5.59729338e-01 6.85738683e-01 1.66071796e+00 -3.30682278e-01
    -5.13845861e-01 3.74125719e-01 2.49798298e-01 1.75536764e+00
    1.39783573e+00 2.60081649e-01 1.13762343e+00 1.54656649e+00
    -2.90836602e-01 3.12857807e-01 -1.08995557e-01 -6.35697842e-01
    1.36641979e-01 -1.92967415e-01 1.08907700e+00 -1.05692744e-02
    4.99439776e-01 -4.65180963e-01 1.07670569e+00 9.11089778e-02
    1.76322842e+00 1.68950379e-01 9.45718288e-01 -8.42452407e-01
    1.08894968e+00 -3.99950743e-02 1.15336013e+00 1.20188141e+00
    -6.02731764e-01 1.65311682e+00 -3.72688413e-01 -6.80891097e-01
    1.57645142e+00 -4.74373698e-02 2.68278122e-02 1.02000606e+00
    1.34700704e+00 1.39753628e+00 9.60020483e-01 -2.55948365e-01
    8.78568172e-01 9.50663447e-01 9.71557558e-01 2.45477974e-01
    3.93425226e-01 1.43024278e+00 7.32386589e-01 -4.49381471e-02
    6.25078857e-01 -1.66032910e-02 -3.13691735e-01 8.82045031e-01
    1.69458103e+00 6.67084634e-01 9.94312763e-03 -6.82121873e-01
    1.04931414e-01 2.96816111e-01 1.59202528e+00 1.57207775e+00
    -2.01901495e-01 1.42978764e+00 -3.28754961e-01 1.32489073e+00
    5.62350035e-01 1.28563035e+00 1.56980097e+00 8.64351153e-01
    1.04756212e+00 1.34346938e+00 1.01451433e+00 1.90381408e-02
    1.03001189e+00 7.80414224e-01 -5.03783405e-01 -2.75902092e-01
    -6.42431974e-02 -6.88907802e-01 -5.58315277e-01 1.25919998e-01
    6.88370228e-01 8.55502427e-01 1.27946472e+00 -5.49660683e-01
    -8.31478477e-01 8.39570522e-01 -7.08975375e-01 1.47689521e+00
    -5.92169166e-02 8.30806911e-01 3.91836107e-01 8.09820175e-01
    -7.28243589e-03 8.10239911e-02 -1.46073997e-01 7.15389729e-01
    -2.68816411e-01 1.73331559e-01 8.81480575e-01 1.55384064e-01
    -3.44991624e-01 -5.02198219e-01 1.73392355e-01 1.38855219e+00
    3.73088837e-01 4.61494625e-01 1.68380141e+00 9.50770915e-01
    8.80031645e-01 5.67184627e-01 1.26172864e+00 3.29117477e-01
    8.01919222e-01 3.78991425e-01 -2.08224654e-01 1.26821494e+00
    -2.28759825e-01 2.32298374e-02 -1.41612887e-02 -2.93465018e-01
    1.59961796e+00 1.36492777e+00 -1.69845939e-01 9.63263988e-01
    1.12342834e+00 -7.03655720e-01 7.32343733e-01 -4.50841367e-01
    1.42973900e+00 -1.28097832e-01 7.06520677e-02 1.54865468e+00
    1.56588924e+00 4.14376020e-01 1.73145533e+00 -3.73048753e-01
    1.51371658e-01 -2.82139838e-01 4.13532794e-01 8.13617826e-01
    -3.31951588e-01 4.23325896e-01 6.50058985e-02 8.91264081e-02
    9.92633343e-01 -6.49310708e-01 3.04252803e-01 9.25240993e-01
    9.54228997e-01 7.60103226e-01 -3.53643745e-01 1.56868052e+00
    4.59399581e-01 -1.46526098e-03 1.59252214e+00 9.92356777e-01
    1.94786906e-01 9.65218723e-01 -1.67244077e-01 -4.07073438e-01
    -2.54992247e-01 -8.29793215e-02 -3.32795560e-01 -4.64158922e-01
    3.56114268e-01 3.56067419e-02 4.72961247e-01 1.50023341e+00
    1.62325919e+00 -6.80788159e-01 6.89655244e-01 2.33193040e-01
    5.81324458e-01 -3.76781881e-01 6.99585140e-01 1.45403063e+00
    -3.79342437e-02 6.47923827e-01 -8.69160235e-01 1.75174236e-01
    -3.08563590e-01 1.23550034e+00 9.54261124e-01 4.32170391e-01
    -5.18034816e-01 -1.28090858e-01 1.42467499e+00 9.01503265e-01
    7.15050340e-01 1.18077934e+00 1.51799083e+00 -2.64373660e-01
    -3.43157202e-01 -2.97103316e-01 3.82877946e-01 3.70520353e-03
    7.16108739e-01 -3.07064056e-01 9.73953485e-01 1.47075212e+00
    6.17642581e-01 7.01839924e-02 -7.27967024e-02 3.15748096e-01
    3.15245867e-01 -3.09120268e-01 6.21997476e-01 1.34936631e-01
    1.09701157e-01 -3.60074461e-01 1.73518538e-01 1.78316569e+00
    -5.15374720e-01 1.03376234e+00 -5.39296210e-01 -5.84827304e-01
    9.91749883e-01 -5.86572945e-01 1.40611470e+00 1.08054161e-01
    9.45089757e-01 1.18089759e+00 -7.77361631e-01 9.08165276e-01
    1.21763325e+00 3.41703713e-01 2.45786309e-01 9.46452141e-01
    1.17080951e+00 1.25557828e+00 -8.23547184e-01 8.80568206e-01
    1.62386155e+00 1.65384424e+00 -3.17634821e-01 -2.84017086e-01
    -3.66645753e-01 1.71251845e+00 8.57477844e-01 1.53078151e+00
    2.64214098e-01 -5.97414613e-01 4.44869757e-01 -2.58522093e-01
    1.15805221e+00 3.66035759e-01 1.49879026e+00 4.28204536e-02
    1.40630579e+00 6.82621896e-01 1.31185675e+00 -7.60412455e-01
    -1.87839806e-01 1.26771140e+00 1.02784371e+00 1.29113245e+00
    5.62417924e-01 -3.17111433e-01 1.66563594e+00 -4.88790214e-01
    3.97013128e-01 2.78970659e-01 -5.43988347e-02 8.68233562e-01
    7.10084915e-01 1.36717868e+00 1.46864104e+00 2.80085802e-01
    -6.85799122e-03 9.25384164e-02 2.27923810e-01 4.76140618e-01
    1.76419580e+00 7.17307925e-02 6.31688237e-02 1.36264777e+00
    1.29032242e+00 -5.29740572e-01 7.01963842e-01 1.37574744e+00
    1.46993685e+00 5.05197644e-02 1.57683587e+00 4.84212875e-01
    3.81762326e-01 1.56886077e+00 9.62816954e-01 1.81134582e+00
    1.60540628e+00 1.31570816e+00 1.63159966e-02 2.93687284e-01
    2.02172875e-01 -3.95803392e-01 1.09616005e+00 1.06411457e+00
    -3.31634134e-01 1.39422715e+00 1.27020252e+00 -3.41050625e-02
    -4.82922494e-01 4.95463848e-01 6.74560308e-01 1.69616687e+00
    1.26892769e+00 9.91538167e-02 2.00283349e-01 -1.95647597e-01
    6.51195884e-01 -5.87526917e-01 1.23657703e-01 -4.41512465e-01
    1.03669560e+00 1.48330355e+00 1.10818195e+00 1.21970367e+00
    5.00344157e-01 -3.98241490e-01 -1.10490441e-01 1.29553306e+00
    1.67600751e+00 -1.80615187e-01 6.96763098e-01 2.33467877e-01
    1.29258633e+00 -2.75800407e-01 -1.79459989e-01 1.85293853e-01
    -1.87765181e-01 1.67490029e+00 -4.94907737e-01 1.34820485e+00
    -1.63771331e-01 2.71902442e-01 -1.83161259e-01 8.49216819e-01
    1.65557361e+00 2.84651637e-01 1.60471213e+00 8.52349401e-01
    1.25497103e+00 1.08479977e+00 1.36775744e+00 1.39723802e+00
    1.13828135e+00 1.05921304e+00 -5.83499074e-02 1.75473690e+00
    -2.99422473e-01 -5.15472293e-01 1.36985469e+00 1.11196446e+00
    8.56363773e-02 -4.45803225e-01 9.75642681e-01 1.47592139e+00
    8.27103436e-01 -3.36744934e-01 1.39742696e+00 4.99436080e-01
    -7.06642866e-01 -3.56717408e-01 7.95983374e-01 -6.50901675e-01
    -4.59653020e-01 1.17131603e+00 -4.53436732e-01 1.65647089e-01
    6.39917970e-01 3.14866304e-02 6.98046684e-01 1.03339207e+00
    -7.35978365e-01 -8.55336308e-01 8.96668494e-01 7.94141293e-01
    1.37788582e+00 -1.32145584e-01 1.71660721e-01 1.76168084e-01
    3.08750153e-01 4.08482730e-01 1.81457043e-01 9.66599166e-01
    1.47872794e+00 1.09786272e-01 1.44303167e+00 4.92879748e-02
    7.26516068e-01 7.79768050e-01 9.44016576e-02 -1.04600012e-01
    1.62960052e-01 -6.58053875e-01 1.53028870e+00 1.29520702e+00
    8.02059591e-01 -4.50358719e-01 1.67166352e+00 1.10922515e+00
    1.69288146e+00 1.57054365e+00 4.71874714e-01 1.72957349e+00
    -6.80569410e-01 -6.04976714e-01 8.01105976e-01 -3.08705211e-01
    -1.76941514e-01 5.69540024e-01 4.25558686e-02 1.57458460e+00
    1.47041142e+00 9.15043950e-02 -1.35110557e-01 5.99679410e-01
    1.68910837e+00 -1.68895185e-01 1.56208599e+00 1.75313354e-01
    -4.00429696e-01 1.27464151e+00 6.82911932e-01 -5.59589744e-01
    1.58643842e+00 1.46140623e+00 9.77662325e-01 4.40565586e-01
    4.78557348e-02 -3.01308572e-01 -4.21520561e-01 9.47402894e-01
    1.07061112e+00 7.66119421e-01 -2.36062765e-01 8.16442490e-01
    1.56749535e+00 4.24336851e-01 5.15643001e-01 -7.06329763e-01
    8.60129356e-01 1.15706611e+00 8.90917361e-01 8.24838877e-02
    -7.08719969e-01 7.95760572e-01 7.07988024e-01 -4.69206572e-01
    -8.62206817e-02 -5.67294180e-01 7.15538144e-01 1.63486004e+00
    -7.08766460e-01 3.92716050e-01 -4.58137959e-01 -4.51305807e-01
    8.95320177e-02 1.09151232e+00 -6.34876013e-01 -5.65912366e-01
    -3.36850464e-01 1.09741926e+00 1.28764939e+00 -5.35008311e-01
    1.25098753e+00 -3.04788351e-02 3.61450553e-01 -3.99511248e-01
    -5.03757536e-01 -1.51593685e-02 -1.46489382e-01 1.04043305e-01
    1.83093774e+00 6.58232450e-01 1.46653771e+00 -6.30955815e-01
    4.02841508e-01 1.32438326e+00 4.94423330e-01 1.63874507e+00
    1.65429473e+00 -6.08630002e-01 1.29265952e+00 8.17370832e-01
    6.51270568e-01 -6.67392612e-02 -4.29398179e-01 9.67878878e-01
    1.20114267e-01 1.35220051e+00 3.63459051e-01 7.65705705e-02
    1.61612129e+00 1.45331204e-01 8.13256085e-01 1.04139757e+00
    -8.08250844e-01 5.48378944e-01 7.71086097e-01 1.72476768e-01
    -1.79414690e-01 -3.21607709e-01 -5.83267570e-01 7.98267782e-01
    1.59197724e+00 1.96815670e-01 3.66638720e-01 1.72791183e-01
    -3.00522685e-01 4.07357514e-01 6.78153455e-01 -2.29827166e-02
    -1.39868677e-01 5.98948896e-01 1.35333228e+00 1.81454360e-01
    -6.32331729e-01 1.53304553e+00 -3.90001506e-01 -5.23931026e-01
    7.21600652e-02 -3.26303929e-01 1.79470110e+00 1.66746151e+00
    8.15228403e-01 2.90277362e-01 7.97450542e-01 -1.59598172e-01
    9.90066588e-01 3.40352058e-02 -5.51651835e-01 -3.63265008e-01
    -4.73731607e-01 8.71587336e-01 5.31120896e-01 -1.36222303e-01
    1.61441851e+00 1.57868624e+00 1.12533689e-01 7.40183532e-01
    1.33173108e-01 3.24750125e-01 9.53067601e-01 -3.16060007e-01
    1.67475915e+00 9.52696085e-01 -3.83579761e-01 5.22392333e-01
    1.48539615e+00 -3.90200198e-01 -3.38243663e-01 -2.25933850e-01
    2.44129300e-01 1.11510170e+00 -1.43672109e-01 1.17817879e+00
    1.27615273e-01 1.43139231e+00 3.45756471e-01 -5.68137467e-01
    8.77993107e-01 1.16666627e+00 -5.43813109e-02 -3.90521377e-01
    4.08872902e-01 4.24475193e-01 1.50569093e+00 -3.62020582e-01
    8.18312466e-01 1.02170467e+00 -2.77298808e-01 1.54159570e+00
    3.54264379e-02 1.32735324e+00 5.85039258e-02 -6.94150805e-01
    4.13056731e-01 -4.27696079e-01 -3.89778405e-01 1.48478270e+00
    -5.92474997e-01 3.86180818e-01 2.92579174e-01 -5.93941808e-02
    1.05695057e+00 1.51228034e+00 1.18173838e+00 7.57057726e-01
    -6.42506659e-01 6.96018696e-01 1.12196493e+00 1.04899812e+00
    -5.76849580e-01 6.85476780e-01 1.25674486e+00 -1.83178186e-01
    6.39999032e-01 -7.46085048e-02 7.45028615e-01 3.31247568e-01
    4.50729311e-01 -6.14062548e-01 2.35617220e-01 1.49435759e-01
    3.56111348e-01 1.62977672e+00 1.55308127e+00 1.14932823e+00
    -2.41426587e-01 7.84232080e-01 5.43153644e-01 9.08887804e-01
    7.27269948e-01 7.89615810e-01 2.00348020e-01 -3.31426919e-01
    7.61535704e-01 1.43872952e+00 8.87331367e-02 -1.90882266e-01
    3.77605379e-01 1.01379371e+00 -2.23654091e-01 6.33415103e-01
    -3.63645732e-01 -1.93168700e-01 9.48231280e-01 6.09267354e-02
    4.52134490e-01 -5.16946435e-01 1.65491438e+00 1.50185752e+00
    -5.50948501e-01 5.37171423e-01 1.13776004e+00 1.70458996e+00
    8.66743445e-01 1.45419228e+00 1.41375589e+00 -7.62529790e-01
    7.02973127e-01 -5.35828352e-01 9.48244512e-01 -2.54808307e-01
    4.76656795e-01 9.17159021e-01 -1.35106444e-02 6.72237217e-01
    1.32521391e+00 5.12519717e-01 3.25544477e-02 1.41169381e+00
    5.90442240e-01 5.46347857e-01 3.85609269e-02 9.12367702e-02
    1.46399927e+00 -2.39659250e-01 6.93870664e-01 2.93950558e-01
    5.14339149e-01 1.62599111e+00 -7.52287447e-01 1.44240105e+00
    6.17493808e-01 -7.01397598e-01 2.04668701e-01 2.47199476e-01
    -4.52302545e-01 1.53159678e+00 -4.66834217e-01 -3.35548282e-01
    1.36285079e+00 1.55803108e+00 9.64398861e-01 -4.59464788e-02
    1.73572326e+00 -6.07045233e-01 9.37551737e-01 -7.52769470e-01
    6.86807096e-01 8.35877717e-01 3.94445539e-01 2.69556999e-01
    1.69685149e+00 1.50608683e+00 6.95108652e-01 6.05139494e-01
    4.26515579e-01 1.20545661e+00 6.55704618e-01 2.80660927e-01
    1.06397533e+00 1.47811091e+00 4.99065399e-01 1.91657364e-01
    8.79688442e-01 1.20171428e+00 -1.94558203e-01 1.09301782e+00
    -6.08711839e-01 2.39188790e-01 3.75946283e-01 4.64621782e-02
    2.95088828e-01 7.23749816e-01 -2.14223415e-01 1.49165356e+00
    2.91129112e-01 -4.21373427e-01 1.19674027e-01 1.18062651e+00
    1.91627860e-01 1.00784755e+00 8.57119322e-01 4.94780302e-01
    6.50793910e-02 5.42190969e-01 1.52264023e+00 4.67796862e-01
    -6.47544503e-01 1.49002755e+00 1.04674268e+00 7.45791316e-01
    1.64508104e+00 1.14273357e+00 5.30207634e-01 4.73090351e-01
    -5.85513651e-01 1.25032234e+00 -2.65923321e-01 1.21448493e+00
    1.44607055e+00 1.28694177e-01 -6.98170781e-01 -5.20332038e-01
    -1.94371521e-01 7.26328790e-01 -7.49769747e-01 3.18231702e-01
    7.13004589e-01 1.27650380e+00 7.06085861e-01 -3.44819039e-01
    1.62479401e+00 6.35302067e-03 -6.65997744e-01 1.52654016e+00
    -5.09367049e-01 5.30416250e-01 1.08060992e+00 1.20357752e+00
    -4.08256620e-01 8.26939106e-01 1.12904418e+00 -4.81415421e-01
    8.21412861e-01 1.07863319e+00 -1.25621140e-01 7.76531339e-01
    8.72976005e-01 1.66740179e-01 4.53317761e-01 2.20254719e-01
    1.50587201e+00 3.76327097e-01 5.32187164e-01 -3.67782712e-02
    -5.32275558e-01 1.21327591e+00 7.41147041e-01 1.03352487e-01
    1.00717902e+00 -4.14922625e-01 1.63269663e+00 -3.38681430e-01
    8.97509992e-01 -6.22586906e-01 1.70237899e-01 1.65942717e+00
    9.33390200e-01 1.08123374e+00 -6.23433292e-01 -1.05891049e-01
    1.29076135e+00 -7.27236271e-01 4.98394787e-01 -6.49242282e-01
    6.87994361e-02 -6.18996799e-01 -1.17676735e-01 -2.19833314e-01
    1.43535733e+00 -1.37457550e-01 6.63901567e-02 1.02784276e+00
    4.03572202e-01 7.20712125e-01 -2.79755652e-01 1.27939570e+00
    -1.23061359e-01 1.26232195e+00 -1.06464624e-02 1.02996016e+00
    4.98676956e-01 1.83605075e-01 7.52509117e-01 6.51656866e-01
    1.79031730e-01 -3.45237315e-01 3.91388118e-01 1.02900386e-01
    -6.59320295e-01 1.17366016e-01 -3.78294379e-01 6.99064374e-01
    -6.28180981e-01 -6.14953637e-01 1.46267664e+00 5.30468524e-01
    -3.79921079e-01 6.50079489e-01 -5.66786468e-01 -7.15704441e-01
    1.30721664e+00 1.65088820e+00 -3.20448488e-01 8.24822187e-02
    1.35195410e+00 -1.52765989e-01 -1.00591779e-02 3.24244857e-01
    -5.90996742e-02 1.18968391e+00 -6.50559425e-01 -3.58201236e-01
    1.16059732e+00 1.21154284e+00 7.10811019e-01 -1.73660219e-01
    5.30553639e-01 -2.69232243e-01 1.03476882e+00 9.66480553e-01
    1.25100756e+00 3.79957914e-01 -2.14845955e-01 1.59296179e+00
    8.62816036e-01 6.01104617e-01 -4.69764173e-01 -8.28246534e-01
    3.88962686e-01 -1.75581932e-01 1.28431010e+00 1.45033216e+00
    1.48144031e+00 1.73557627e+00 -7.45765567e-02 1.66408598e-01
    1.67872941e+00 -4.74149644e-01 7.89582849e-01 2.56281912e-01
    1.21245623e+00 1.14795089e+00 2.91477263e-01 1.13679171e+00
    -3.62717658e-01 -1.26156330e-01 -8.09032321e-02 1.09688282e+00
    1.72827721e+00 -1.30994380e-01 4.30817008e-02 6.61202252e-01
    1.13027692e+00 1.36536884e+00 2.63693631e-01 1.67939043e+00
    -7.60518789e-01 -6.94984376e-01 1.26859164e+00 1.21855068e+00
    4.53015029e-01 1.15655684e+00 7.36750901e-01 1.14724970e+00
    1.48566759e+00 5.11975706e-01 7.36784935e-01 2.45639265e-01
    -1.88561440e-01 5.27216673e-01 1.01258457e+00 -9.61807370e-02
    9.24165606e-01 -3.33565116e-01 -2.86796868e-01 8.20136786e-01
    8.52944553e-01 3.85109901e-01 7.63990283e-01 -1.81461364e-01
    9.90772247e-03 -5.20754337e-01 -3.21429074e-01 1.24995661e+00
    4.11612153e-01 1.07965064e+00 1.31753671e+00 2.79839158e-01
    -3.43298554e-01 -2.42296517e-01 -6.68235958e-01 2.63062835e-01
    5.24065018e-01 -5.98002493e-01 -1.45688951e-01 1.38282049e+00
    1.07967448e+00 9.19483602e-01 -2.65907049e-02 1.14509869e+00
    -5.08275986e-01 8.79316747e-01 -4.18278039e-01 1.70904911e+00
    2.70288527e-01 1.09501028e+00 9.25699651e-01 -6.19749784e-01
    -6.83218241e-01 7.94605136e-01 8.06838870e-02 1.34214747e+00
    1.51808035e+00 1.48071957e+00 1.65676856e+00 6.04266286e-01
    5.50241590e-01 1.20427847e-01 2.02477038e-01 5.53961277e-01
    3.87209475e-01 5.91566205e-01 1.11502993e+00 -8.05963278e-02
    -7.77654529e-01 6.43607438e-01 7.69348145e-02 1.23841298e+00
    8.23173940e-01 7.84009695e-03 9.60937083e-01 1.40566850e+00
    -4.94589001e-01 1.43044901e+00 4.99326468e-01 -2.00659215e-01
    3.93936276e-01 1.24997926e+00 1.45782804e+00 1.34203517e+00
    1.72839379e+00 2.30041504e-01 -8.52963328e-02 1.59215987e+00
    1.40987754e+00 1.64410186e+00 -2.28310227e-01 1.26922464e+00
    1.45775414e+00 7.84437537e-01 1.58727920e+00 -2.77456313e-01
    2.71093965e-01 6.71880960e-01 3.53403091e-02 1.75928593e+00
    1.50290322e+00 -5.05482256e-01 1.75266254e+00 8.62204611e-01
    1.43211174e+00 1.12945735e+00 -6.73053801e-01 -5.71346819e-01
    -1.19024456e-01 1.11206841e+00 9.23907936e-01 1.09944367e+00
    8.98972988e-01 -5.42042613e-01 5.65123677e-01 1.23635077e+00
    4.42607045e-01 7.01349139e-01 6.71559334e-01 -1.70840859e-01
    -6.81104302e-01 1.11710691e+00 8.70049238e-01 1.18759680e+00
    -7.64923692e-02 2.20536590e-02 9.16016817e-01 -2.02294588e-02
    -7.70260215e-01 1.52372003e+00 1.42922974e+00 1.05380750e+00
    6.68931901e-01 -1.15153551e-01 1.35232210e+00 8.66120338e-01
    1.34504771e+00 -6.95245862e-02 5.32743871e-01 -7.25888729e-01
    7.57105052e-01 1.06660879e+00 1.64785337e+00 -4.17652696e-01
    8.80137026e-01 1.23512053e+00 3.78404677e-01 6.40194595e-01
    9.24777210e-01 1.13229346e+00 8.02723050e-01 1.06094527e+00
    7.85858512e-01 -4.35346246e-01 -3.31730485e-01 -3.21058661e-01
    2.19217777e-01 1.13419604e+00 6.89326644e-01 3.84652615e-01
    -4.99406606e-01 9.10832644e-01 9.55840290e-01 -5.85441768e-01
    1.89847755e+00 1.23531771e+00 1.05403364e-01 -6.59695029e-01
    1.24140382e+00 8.84494483e-01 6.32290244e-02 5.85845113e-01
    8.10342848e-01 1.75630689e-01 1.53079724e+00 -6.72211707e-01
    8.66788030e-01 -5.13538003e-01 -3.92962307e-01 5.18236339e-01
    1.08422709e+00 1.03850961e-02 -6.21151149e-01 1.20253503e+00
    -4.02412564e-01 1.45842242e+00 -2.12526917e-01 4.65964794e-01
    -6.03006601e-01 2.31539845e-01 7.15844214e-01 2.33108044e-01
    1.07926595e+00 6.21544540e-01 3.39390635e-01 5.36584914e-01
    1.44906521e-01 1.39007759e+00 8.48376453e-01 1.26193476e+00
    1.55988562e+00 2.48932362e-01 -5.10640621e-01 -2.09830701e-01
    3.12874079e-01 9.52341318e-01 2.82030106e-02 7.46459961e-01
    1.22966528e+00 3.40599239e-01 4.95343208e-02 6.47891462e-01
    2.52549529e-01 1.81275082e+00 8.55072141e-02 -1.38419271e-02
    1.60242438e-01 -5.11518955e-01 -2.79316008e-01 1.34735310e+00
    -3.29899848e-01 1.68630719e+00 1.41572785e+00 5.55135965e-01
    1.28889346e+00 -3.47161293e-02 7.02565551e-01 6.32768452e-01
    6.04396343e-01 1.25081205e+00 -8.00706387e-01 5.00790954e-01
    -5.33705950e-03 1.10587764e+00 -4.32826519e-01 4.67323244e-01
    1.26290536e+00 -5.65959811e-02 -2.61937648e-01 7.34752357e-01
    -7.07045019e-01 1.05349064e+00 1.23179841e+00 6.36447549e-01
    -1.97725058e-01 4.47999597e-01 2.09093094e-01 -1.34166420e-01
    6.98334932e-01 9.26790237e-01 1.47958612e+00 1.53393626e+00
    9.39046502e-01 -1.58296585e-01 1.22990191e+00 1.76667905e+00
    8.22812796e-01 7.54139900e-01 -3.37776065e-01 6.82202101e-01
    1.03874612e+00 7.87560582e-01 1.34436584e+00 1.27435410e+00
    8.20539773e-01 1.21108830e+00 -5.22668958e-02 -6.55511141e-01
    -6.58581257e-01 6.24807775e-01 -2.88965374e-01 1.60407829e+00
    2.11343169e-01 9.47326839e-01 1.33651888e+00 3.55916977e-01
    -1.12137139e-01 -5.81016064e-01 1.23873210e+00 3.72337878e-01
    6.83450341e-01 -5.49859524e-01 1.58955610e+00 1.54459536e-01
    1.19291842e+00 -8.55222523e-01 1.31631136e+00 1.52171052e+00
    1.20861435e+00 4.45881784e-01 -6.14524126e-01 9.08031523e-01
    1.32212603e+00 1.29622841e+00 9.06986177e-01 8.75377893e-01
    6.70415998e-01 1.66965377e+00 1.27319348e+00 7.96331227e-01
    9.15672064e-01 -1.34224057e-01 -1.53611422e-01 -5.17584741e-01
    5.59551716e-02 1.24266076e+00 1.44708300e+00 5.31300306e-01
    8.75760913e-02 -5.49441576e-03 3.97075474e-01 -5.36293209e-01
    6.88955009e-01 1.08744657e+00 -3.77949864e-01 -6.18997931e-01
    9.10133958e-01 -2.07285047e-01 1.55447841e+00 4.40375805e-02
    9.53402877e-01 8.11215580e-01 7.31260777e-02 1.55755210e+00
    8.52965236e-01 1.49563122e+00 -3.60737205e-01 1.32074451e+00
    1.13630128e+00 1.33156073e+00 6.91933751e-01 -3.08428228e-01
    1.37449694e+00 1.71852636e+00 7.49864578e-01 1.77614391e-01
    -4.23450172e-01 1.67582929e-01 -6.09521031e-01 -5.23906946e-01
    1.39186764e+00 7.81099677e-01 4.29046810e-01 -1.69668555e-01
    1.19543958e+00 -6.72413111e-02 -8.23829830e-01 4.92684901e-01
    1.71973813e+00 1.70154703e+00 5.71184695e-01 2.87885070e-02
    1.31125402e+00 -4.49577332e-01 5.40325701e-01 4.68300641e-01
    -4.87629890e-01 -6.76987171e-01 -6.90691948e-01 -6.76545024e-01
    -5.21319628e-01 -6.56963706e-01 1.48477256e-01 1.72415853e-01
    1.34128225e+00 -2.28356957e-01 1.62158537e+00 2.54441679e-01
    5.58500051e-01 1.22282600e+00 1.47178102e+00 -6.35166764e-02
    -5.50347328e-01 4.91492927e-01 1.07444382e+00 6.93857670e-04
    1.33426309e-01 -1.99328244e-01 1.13485432e+00 1.44054890e-01
    2.30659187e-01 -2.75741935e-01 1.25832736e-01 1.42289090e+00
    5.71090043e-01 7.95985579e-01 1.21706152e+00 1.71189892e+00
    2.91458368e-02 6.58837795e-01 3.48404229e-01 3.78236949e-01
    -5.72029829e-01 -3.61876488e-01 1.67134881e+00 1.42199302e+00
    2.67452419e-01 1.03242195e+00 1.40886724e+00 -9.93604660e-02
    5.61689079e-01 1.55694032e+00 1.10044801e+00 -5.22962093e-01
    3.27035964e-01 2.02145755e-01 -3.11846882e-01 -2.96986938e-01
    1.77310443e+00 -1.37271255e-01 6.08654618e-02 -3.62693131e-01
    -5.64431190e-01 5.97280264e-02 6.30702078e-01 1.51688719e+00
    1.17804337e+00 1.10759974e+00 3.26286376e-01 -3.27061802e-01
    6.45164013e-01 5.48329353e-01 1.39742553e-01 -6.93764508e-01
    -2.70351559e-01 4.83602405e-01 1.19602442e+00 8.40887964e-01
    4.58793163e-01 1.70376813e+00 -8.43310416e-01 1.26609552e+00
    2.73451149e-01 5.45008123e-01 1.03590441e+00 -1.85104012e-02
    1.10798705e+00 1.70511448e+00 4.33130145e-01 6.25661254e-01
    1.26624978e+00 9.41136420e-01 -2.00481296e-01 7.17111588e-01
    1.59429121e+00 -1.92430973e-01 5.52466631e-01 1.31414151e+00
    -7.44578242e-02 1.19341087e+00 1.30537391e-01 1.39418006e+00
    -2.13307619e-01 8.95341039e-02 1.12347364e-01 2.76159883e-01
    9.12697315e-02 -7.42242217e-01 1.18757784e+00 1.08164144e+00
    5.89326739e-01 1.10610783e-01 1.65281904e+00 1.76467323e+00
    -3.62499863e-01 1.53624558e+00 9.36415076e-01 -3.14116567e-01
    2.95682669e-01 3.45001221e-01 1.13958025e+00 1.27438343e+00
    -2.66895086e-01 1.75357533e+00 1.92073882e-01 8.92310858e-01
    2.91894555e-01 -2.49506354e-01 6.75563455e-01 -1.29822612e-01
    1.28102982e+00 -1.68249607e-01 1.03997087e+00 6.14206195e-01
    6.56628788e-01 1.60754967e+00 4.09194708e-01 6.43860936e-01
    1.12473583e+00 -5.21972299e-01 7.68387675e-01 -5.72447419e-01
    -4.24132586e-01 3.20998192e-01 2.42413402e-01 8.07184458e-01
    8.87480497e-01 2.02971041e-01 1.75062823e+00 1.93420351e-01
    4.64818835e-01 3.09868872e-01 1.62460494e+00 4.83443737e-01
    1.37419462e+00 -3.89564425e-01 -4.67964113e-01 1.62706351e+00
    -6.36947155e-01 9.13744628e-01 1.34120119e+00 1.41867733e+00
    8.12731981e-02 7.34970510e-01 1.48285675e+00 1.04036832e+00
    -1.68021083e-01 -1.36364579e-01 3.07388604e-01 -1.38661563e-01
    1.87233448e-01 -3.51726890e-01 2.68035948e-01 3.00495863e-01
    6.17340088e-01 1.09383821e-01 5.28233349e-01 1.17308426e+00
    8.61799002e-01 8.66595030e-01 1.68804705e-01 4.96039093e-01
    4.16014433e-01 -1.51400387e-01 2.82918274e-01 1.66074300e+00
    -3.10869694e-01 6.65894628e-01 1.76672530e+00 -3.63683194e-01
    1.34995294e+00 -2.41516948e-01 1.12678385e+00 9.24188972e-01
    2.40684330e-01 6.60225153e-02 9.24090743e-02 -6.08399868e-01
    -2.35608548e-01 5.64179122e-01 8.17511737e-01 7.43552685e-01
    9.64803517e-01 -4.92317885e-01 3.91805172e-02 -9.09822583e-02
    5.80575943e-01 2.82778144e-02 5.46723783e-01 1.39402509e+00
    -5.01716137e-01 3.19625974e-01 4.21263635e-01 1.28896189e+00
    4.74947691e-03 9.52398121e-01 1.42200112e+00 8.57141614e-01
    -5.27266800e-01 6.13118768e-01 -7.59251118e-01 1.39578938e+00
    2.95986056e-01 1.50384259e+00 -8.48082900e-02 7.47995496e-01
    1.25012803e+00 4.56164658e-01 1.54493570e+00 1.30652499e+00
    1.08956766e+00 1.77021205e-01 -5.56578934e-01 4.61186886e-01
    5.84106445e-01 3.86532128e-01 1.13483930e+00 -6.44951999e-01
    -4.80139405e-01 -3.47748458e-01 -4.25252706e-01 1.52540708e+00
    -3.02590549e-01 8.34018469e-01 1.05234623e+00 6.41763031e-01
    -1.52420998e-01 1.39417613e+00 1.42098427e+00 1.66182685e+00
    1.48033786e+00 3.86138380e-01 -7.13003874e-01 8.64884079e-01
    5.08596241e-01 -7.33436525e-01 7.24084616e-01 1.00467026e-01
    4.01297629e-01 -3.60210478e-01 1.36216199e+00 -2.92543530e-01
    2.55012810e-01 1.70070243e+00 1.73286676e+00 3.25704813e-02
    -1.78080142e-01 7.96766996e-01 1.08895397e+00 1.67572892e+00
    8.69762778e-01 1.62231088e+00 3.87972534e-01 -5.41434884e-02
    1.25506794e+00 6.45008922e-01 3.48603547e-01 1.28232765e+00
    -5.81267476e-01 -1.48908496e-02 -5.84123313e-01 1.78252709e+00
    7.73821771e-01 3.41911852e-01 2.13430583e-01 2.73349047e-01
    -7.41696179e-01 -2.12518871e-01 1.69210935e+00 -2.61257768e-01
    1.11885118e+00 -6.35957599e-01 4.72791374e-01 6.63325608e-01
    -1.13234937e-01 1.07240736e-01 -3.67377222e-01 -6.89745426e-01
    1.66644597e+00 6.80271864e-01 4.69573915e-01 1.43599176e+00
    6.93038762e-01 3.02333832e-02 -3.68008584e-01 -7.20672369e-01
    7.56748915e-02 -2.38471121e-01 5.98320961e-02 4.47715044e-01
    1.01772213e+00 1.07710552e+00 -1.02035105e-01 3.49348128e-01
    -4.91640449e-01 1.80817699e+00 5.86777210e-01 1.58072281e+00
    -3.32988143e-01 -5.01559377e-01 5.98101556e-01 1.12782729e+00
    1.55600715e+00 -2.87620306e-01 5.60416877e-01 1.72767401e+00
    1.11874473e+00 -5.76767385e-01 6.85555935e-02 7.66240120e-01
    8.14473093e-01 1.61087358e+00 -5.03551245e-01 5.54502368e-01
    6.50115192e-01 7.95839131e-01 -1.69953704e-02 5.86221337e-01
    1.13960767e+00 1.47043300e+00 1.33013308e+00 5.62901855e-01
    9.85132098e-01 1.48950231e+00 7.68052042e-01 7.08468020e-01
    4.64407027e-01 7.14103460e-01 3.99967372e-01 -4.73781228e-01
    -1.21908844e-01 3.97578061e-01 1.55241728e+00 1.83155143e+00
    -3.30624193e-01 -3.55714530e-01 -5.34091473e-01 1.39290488e+00
    1.09232485e+00 -3.21498454e-01 1.15101016e+00 -1.69594884e-01
    1.70128632e+00 1.17837405e+00 1.54915047e+00 4.29146767e-01
    9.79854405e-01 -5.89075685e-01 1.58212543e+00 1.92999303e-01
    -2.26087213e-01 3.31619084e-01 -2.99233198e-02 1.68602061e+00
    -3.71416837e-01 -6.72145307e-01 3.53348851e-02 1.62220478e+00
    8.72159004e-01 1.13202357e+00 1.24143291e+00 -3.00454557e-01
    -1.45679593e-01 8.20439994e-01 -2.45594084e-01 -6.35206699e-01
    1.62722921e+00 1.23622680e+00 1.47218466e+00 -2.67932594e-01
    5.36329925e-01 7.30115652e-01 6.28798604e-01 9.81292665e-01
    -7.49276221e-01 1.78143859e+00 1.06589019e+00 5.34313917e-01
    -7.60231137e-01 5.03689647e-01 6.73660934e-01 7.03986764e-01
    1.59306026e+00 2.93208957e-02 6.42604411e-01 -4.73761320e-01
    -6.30969644e-01 -5.44115901e-02 1.61297441e+00 9.16387618e-01
    1.29328716e+00 -5.29727340e-02 1.61141574e-01 3.35049152e-01
    -6.77311659e-01 2.30495095e-01 -4.05598462e-01 -4.67724830e-01
    -3.86758864e-01 3.99055243e-01 1.54237080e+00 7.66611159e-01
    1.66376352e+00 1.04236555e+00 4.95531559e-01 5.15182197e-01
    1.14583278e+00 7.88524747e-01 1.45604229e+00 1.07707906e+00
    6.36525571e-01 -1.68542206e-01 9.05118942e-01 3.34916472e-01
    -3.11323047e-01 1.26047969e+00 9.62195814e-01 1.46811438e+00
    3.69080722e-01 7.81329453e-01 -5.53209841e-01 -5.81625581e-01
    -5.91123402e-01 4.31414247e-02 -3.69201332e-01 9.77332890e-01
    6.63268805e-01 1.03889894e+00 1.45058727e+00 1.74393153e+00
    1.68553782e+00 1.22628427e+00 -1.01149440e-01 2.33393073e-01
    5.36150396e-01 -1.45163536e-01 -3.44940335e-01 1.58299232e+00
    2.28292465e-01 1.65312576e+00 3.91049743e-01 3.01786840e-01
    1.24138546e+00 7.13612437e-01 1.04718328e+00 1.24666929e+00
    1.41319454e-01 4.86237228e-01 1.57710540e+00 1.76238120e-01
    1.17720830e+00 5.35308480e-01 2.65504181e-01 -2.25749493e-01
    5.07126987e-01 -1.71861291e-01 1.14762366e-01 -4.65899616e-01
    1.73086858e+00 1.24625170e+00 1.05906320e+00 4.47880745e-01
    1.30835116e+00 -4.20525193e-01 -4.36868012e-01 -2.29815781e-01
    8.09192657e-03 -3.38461846e-01 1.31635308e-01 -7.25782752e-01
    -1.75071716e-01 1.16305995e+00 7.88615048e-01 8.71799588e-01
    5.54568768e-01 6.28191531e-01 1.63345456e+00 5.60874403e-01
    8.31202745e-01 1.16416204e+00 -6.28346324e-01 6.04289412e-01
    -7.28818417e-01 3.09614539e-02 -6.73694313e-01 1.29419446e+00
    7.23646522e-01 -2.19529450e-01 1.48391080e+00 1.62370586e+00
    -2.12291777e-01 1.56084836e-01 -3.20689678e-01 9.84203756e-01
    1.16542017e+00 1.66135359e+00 1.70968771e-02 -1.69218957e-01
    1.68724728e+00 1.77795529e+00 -3.84478241e-01 7.86394119e-01
    1.44375014e+00 -6.65156543e-01 1.58148348e-01 1.17327631e-01
    -1.33585632e-01 1.40030611e+00 1.67249250e+00 -1.59392059e-01
    -2.07404017e-01 1.18321633e+00 1.02885687e+00 7.27227092e-01
    -2.06979215e-01 -1.46740615e-01 1.16564131e+00 2.86253870e-01
    -4.37477440e-01 1.46493745e+00 8.32835257e-01 -6.40777469e-01
    5.08175433e-01 7.10819721e-01 -4.17634398e-01 4.74404156e-01
    1.70689523e-01 -8.55949104e-01 4.16304469e-01 1.22082090e+00
    1.57448685e+00 -1.87833309e-01 -6.55027032e-01 8.40504766e-01
    8.56347382e-01 1.30268860e+00 1.59531832e-02 -2.31696427e-01
    -4.04516697e-01 1.02456081e+00 -3.88614774e-01 1.80732417e+00
    -5.59488952e-01 1.65231156e+00 -1.05963826e-01 -1.87865555e-01
    9.00143206e-01 1.42409229e+00 -5.12600482e-01 -5.62469661e-01
    1.42323613e-01 1.03212523e+00 1.07764101e+00 5.69265485e-02
    1.35681093e-01 3.78913343e-01 1.51023161e+00 1.61515427e+00
    1.62526560e+00 7.29557872e-01 -2.02261925e-01 1.65076804e+00
    5.15221357e-02 -5.16557217e-01 -5.95506132e-01 -7.23165870e-01
    1.67762542e+00 1.30620801e+00 -9.63851213e-02 -1.99501097e-01
    8.18078637e-01 1.34539902e-01 1.33160901e+00 2.14402735e-01
    8.02956641e-01 5.82158864e-01 4.23234403e-01 4.84460711e-01
    -3.74505937e-01 5.70760489e-01 1.14019132e+00 -3.65821838e-01
    1.34606779e+00 1.05937946e+00 1.27330148e+00 1.44323993e+00
    -7.32659578e-01 -3.70844483e-01 6.34512424e-01 -5.03156006e-01
    1.80143929e+00 8.60067427e-01 1.48019779e+00 1.31903100e+00
    1.47666025e+00 1.02055132e+00 3.21124911e-01 7.72447467e-01
    -5.81594110e-01 -1.68158710e-01 2.55220652e-01 8.77976596e-01
    -5.90095699e-01 -6.95442319e-01 -5.71873605e-01 4.67348695e-02
    -2.66964376e-01 1.51890731e+00 1.28620934e+00 2.47439861e-01
    7.09264576e-01 1.72478521e+00 -5.37633896e-02 -5.37143111e-01
    1.36770010e-02 -3.19335192e-01 -4.74527031e-01 -6.03329539e-01
    -5.35073757e-01 1.61677814e+00 8.61462355e-01 8.11746359e-01
    -3.99978280e-01 4.17114735e-01 7.81674206e-01 -2.79008150e-02
    7.39791751e-01 1.28549242e+00 -6.16509974e-01 -2.96104699e-01
    -6.65834010e-01 1.60982132e+00 1.49612904e+00 1.20481670e+00
    -1.82309508e-01 1.71023464e+00 -7.53751814e-01 -7.96411276e-01
    -6.75133407e-01 2.10150838e-01 1.72739327e-01 3.59404087e-03
    6.62428737e-02 6.69538200e-01 2.96896815e-01 8.91836286e-02
    -3.90222430e-01 -4.95050132e-01 1.01945925e+00 1.49774957e+00
    9.76419628e-01 9.39814091e-01 1.03663433e+00 -1.37275994e-01
    -6.66639268e-01 1.32537913e+00 -5.06875694e-01 -1.34653449e-01
    5.39538622e-01 3.62989187e-01 1.38876736e-01 5.56090176e-01
    1.33844471e+00 9.21676219e-01 9.49686766e-01 -3.93847555e-01
    -2.48364747e-01 1.63018465e-01 -1.78525388e-01 8.39926362e-01
    7.49874473e-01 -2.13933468e-01 1.17705190e+00 1.00924087e+00
    1.99292362e-01 1.55232620e+00 9.67085958e-02 7.30516911e-02
    5.79430759e-01 1.28874540e+00 1.32462108e+00 -2.84513831e-02
    4.11265552e-01 -5.04175186e-01 1.16367507e+00 5.70439100e-01
    -8.83366466e-02 5.23496866e-01 5.35595059e-01 1.06817186e+00
    9.86744940e-01 3.09363663e-01 1.45417356e+00 5.59055686e-01
    2.49602139e-01 1.15405262e-01 2.27346480e-01 -6.76703691e-01
    -1.13202393e-01 8.10547411e-01 -5.87841094e-01 1.15322125e+00
    -6.52177274e-01 -2.21289277e-01 6.35520041e-01 1.43073058e+00
    -5.54494858e-02 8.35874081e-01 -3.74907553e-01 -5.63331664e-01
    1.64400077e+00 -6.13707423e-01 1.00033379e+00 2.74482369e-02
    1.52998853e+00 4.92640376e-01 -4.83241171e-01 2.63385773e-01
    -6.07103825e-01 6.72986507e-01 8.99317861e-02 9.16673601e-01
    2.50248134e-01 1.17189014e+00 9.04411376e-01 -4.66082513e-01
    5.09961247e-01 1.30587876e+00 -3.64449263e-01 -2.93531209e-01
    8.46872151e-01 4.21049595e-02 4.66906667e-01 9.31922615e-01
    6.60402536e-01 2.02153504e-01 -3.00034255e-01 -1.30911291e-01
    3.86308849e-01 1.49776506e+00 1.60487819e+00 -1.13963902e-01
    -2.22117841e-01 1.29258370e+00 -2.08307147e-01 1.69153678e+00
    1.72245514e+00 -7.08840430e-01 1.38233447e+00 -7.95732141e-02
    1.34850502e+00 1.55441201e+00 9.75044370e-02 -1.12291455e-01
    -3.58682960e-01 8.24212253e-01 -3.86637956e-01 1.41485989e+00
    1.61605859e+00 -6.45868719e-01 -1.76298827e-01 1.22564602e+00
    9.07038391e-01 2.06592858e-01 -5.83734870e-01 1.51272905e+00
    -2.08399296e-01 -3.82684529e-01 4.12860870e-01 -3.33297670e-01
    8.81225288e-01 1.21611953e-01 5.12264311e-01 1.34054780e+00
    6.47596538e-01 -3.42906773e-01 9.41088796e-01 1.17391157e+00
    8.01164865e-01 1.47730374e+00 1.41044450e+00 1.23270893e+00
    7.13030934e-01 1.44921136e+00 8.34547818e-01 1.33926928e-01
    1.07756209e+00 -6.11433983e-01 1.71308088e+00 1.28535557e+00
    1.64490151e+00 -4.22056913e-01 1.17202199e+00 1.59369922e+00
    -5.90529203e-01 3.83570611e-01 1.80068314e-01 -6.45704448e-01
    6.68297112e-01 -1.69777930e-01 8.19053710e-01 7.20279038e-01
    -3.51475418e-01 1.41501725e-01 -7.38245249e-02 -8.09353590e-02
    2.13342547e-01 -2.69253701e-01 1.82953012e+00 -7.14691281e-02
    -2.50145376e-01 -2.13485718e-01 1.14063478e+00 1.66959476e+00
    1.01917601e+00 -4.55268025e-01 7.58444607e-01 -3.85084152e-02
    1.22853398e-01 1.68833280e+00 7.40846753e-01 1.38240540e+00
    1.66464877e+00 -5.46004891e-01 1.30919719e+00 9.30788517e-01
    -2.63842642e-01 1.17068648e+00 4.59704399e-01 -1.35954082e-01
    3.28909159e-01 1.00181007e+00 1.32128036e+00 -1.68059289e-01
    -3.35982323e-01 3.18957210e-01 1.15083146e+00 3.28430593e-01
    6.26255214e-01 1.64912200e+00 1.53062856e+00 1.63433552e+00
    1.38544154e+00 -4.44036245e-01 9.86093104e-01 2.22460270e-01
    -3.98923308e-01 -3.63139868e-01 1.09529591e+00 -3.04652810e-01
    2.62647152e-01 1.33848190e+00 3.21637094e-01 -6.59102261e-01
    9.03889716e-01 -1.75229967e-01 1.70428133e+00 4.77282763e-01
    1.64256537e+00 4.38256443e-01 1.50414014e+00 2.60301888e-01
    9.33451295e-01 -1.96232855e-01 1.19524527e+00 9.64858770e-01
    -3.18070561e-01 -6.43909931e-01 6.16666257e-01 -5.30265272e-01
    1.16395998e+00 1.56431746e+00 -3.94657373e-01 2.05052018e-01
    9.16961730e-01 -4.21336949e-01 -2.81972706e-01 6.89520180e-01
    1.11174893e+00 1.61711049e+00 -6.18344188e-01 -5.20883679e-01
    -2.22621799e-01 1.21443415e+00 1.39629650e+00 1.20265532e+00
    -4.09251481e-01 4.59826589e-01 9.73154306e-02 7.71612823e-01
    7.32778609e-01 1.54320371e+00 1.60230470e+00 -3.13329339e-01
    1.34670925e+00 1.63254285e+00 1.41450655e+00 3.88448656e-01
    3.35532248e-01 5.02646446e-01 1.88855231e-01 9.67411697e-01
    6.36948943e-01 -1.16348565e-01 1.50132704e+00 -2.03951180e-01
    -3.03983152e-01 1.00830615e-01 -9.12284851e-02 -8.23186636e-02
    1.49112439e+00 3.21835697e-01 7.46874750e-01 3.52181852e-01
    1.66265404e+00 -1.74567699e-01 -1.55146420e-01 -2.08656788e-02
    1.55281281e+00 4.90900636e-01 -1.77122831e-01 8.27200472e-01
    1.07407081e+00 1.68671620e+00 8.04970860e-02 3.06128502e-01
    1.31986368e+00 -4.78720665e-02 -4.72988844e-01 -2.07338691e-01
    1.17795026e+00 1.52119136e+00 -8.31327438e-02 7.93727040e-02
    1.36432612e+00 1.20773351e+00 -7.39976883e-01 1.56468201e+00
    6.72528982e-01 1.36748374e-01 8.46242726e-01 8.09223592e-01
    -2.22724795e-01 -6.48804069e-01 3.91867161e-01 5.26207745e-01
    6.22000337e-01 -3.13031286e-01 6.65095448e-02 1.19523239e+00
    1.34293175e+00 -2.29989827e-01 -7.52970874e-01 -5.67402959e-01
    1.75119162e+00 1.30262625e+00 1.20500994e+00 -4.20605451e-01
    6.97560906e-02 2.00800478e-01 3.05394828e-01 8.33381951e-01
    1.43201637e+00 1.55755043e+00 1.00266099e+00 1.68806005e+00
    2.20271170e-01 4.15372670e-01 6.77672684e-01 5.56545913e-01
    -6.18092418e-01 7.46372044e-01 -5.58367074e-01 9.54472721e-01
    1.10859418e+00 6.82303190e-01 2.90899813e-01 -6.39321804e-01
    1.85707235e+00 1.03337526e+00 -3.93764317e-01 9.50916409e-02
    -4.70692784e-01 1.73604381e+00 1.82406640e+00 -6.49167955e-01
    1.27269936e+00 -8.28206539e-04 -9.21275616e-02 -2.44110405e-01
    1.33966625e+00 8.54789376e-01 5.89537323e-01 6.96204484e-01
    -7.13170826e-01 8.61553550e-01 -2.65541345e-01 4.21039879e-01
    -1.97068274e-01 1.73083711e+00 -5.79748511e-01 3.13816011e-01
    1.38206184e-01 2.97725916e-01 -7.40550995e-01 -2.29488194e-01
    -3.17442983e-01 1.11300647e+00 -1.18620396e-01 1.53141522e+00
    -1.61207497e-01 1.10643053e+00 1.71285057e+00 -6.53024495e-01
    9.02305067e-01 -2.64802396e-01 4.56813633e-01 2.35432088e-01
    -1.81381911e-01 3.26134205e-01 7.22719669e-01 4.81555879e-01
    -5.90788901e-01 -1.03310883e-01 1.17393434e-01 -5.53504944e-01
    1.74296153e+00 6.58304930e-01 -9.23208594e-02 6.99571967e-02
    6.88730538e-01 1.29628634e+00 1.48436105e+00 -6.99814379e-01
    8.47544670e-01 1.62913847e+00 1.01777101e+00 9.53374505e-01
    7.29741335e-01 1.77692354e-01 1.35529590e+00 1.51408768e+00
    1.64838672e-01 3.88263404e-01 5.23720264e-01 1.04517853e+00
    1.00752783e+00 1.53412998e-01 8.47922921e-01 -1.95755839e-01
    9.71175492e-01 6.43024862e-01 1.75499797e-01 1.56799400e+00
    -4.14762318e-01 7.33128130e-01 1.12676191e+00 1.56508088e+00
    -3.14668119e-01 5.70080578e-01 1.79981816e+00 9.92083073e-01
    3.34910035e-01 6.54896975e-01 1.52515805e+00 1.72669482e+00
    -1.37826741e-01 1.65146589e-01 1.37117171e+00 2.09307551e-01
    1.06533849e+00 4.73104119e-02 1.81783199e-01 1.53997827e+00
    8.38888645e-01 1.01369333e+00 9.80802000e-01 -6.26627207e-01
    -4.68226850e-01 -4.31791514e-01 3.24132204e-01 1.50611925e+00
    1.15546966e+00 -7.69849420e-01 -2.52219617e-01 -6.81369185e-01
    1.21143520e-01 9.21731651e-01 1.39029646e+00 1.37437558e+00
    -6.36132956e-01 -5.37593007e-01 5.01429379e-01 7.91437984e-01
    1.48484147e+00 1.00184107e+00 4.84359264e-03 1.44539142e+00
    6.51865005e-01 1.55321956e+00 5.59773028e-01 1.06090748e+00
    6.60743475e-01 -5.09082556e-01 1.24454260e+00 -1.77770555e-01
    1.20533347e+00 1.29147816e+00 6.46312118e-01 -1.51865482e-01
    8.83926690e-01 -6.33788824e-01 1.54574823e+00 -3.29130948e-01
    -6.27204776e-01 -1.84620500e-01 5.93275428e-01 1.39057899e+00
    1.64292860e+00 1.11196065e+00 8.97237539e-01 3.19809079e-01
    5.58275104e-01 -4.69580710e-01 4.88485575e-01 2.71261692e-01
    1.24456000e+00 1.45391560e+00 -3.21987480e-01 1.68270397e+00
    -1.21451378e-01 1.87198651e+00 8.77259374e-01 -5.97038269e-01
    -4.55997050e-01 1.63308644e+00 4.26433206e-01 2.88247883e-01
    -5.02469540e-01 2.79613614e-01 -1.92828238e-01 8.58985305e-01
    -4.71514791e-01 3.58932436e-01 -6.35529280e-01 5.88238716e-01
    2.64041483e-01 8.96936595e-01 1.64930558e+00 1.26368332e+00
    1.16520345e-01 1.45142376e+00 4.36493933e-01 1.24461818e+00
    6.36089683e-01 8.59843075e-01 8.98315132e-01 1.09545314e+00
    6.70483649e-01 -5.49125075e-01 9.02217627e-01 -5.79603016e-01
    1.77631402e+00 5.35653651e-01 1.49514627e+00 2.71525621e-01
    4.27597404e-01 8.96506906e-02 2.10111380e-01 -1.78385139e-01
    1.61783147e+00 4.42343950e-01 4.69965398e-01 -5.18395543e-01
    -6.40459061e-01 -6.57543957e-01 -4.38751072e-01 9.89429116e-01
    1.47165227e+00 -8.61440897e-02 -5.14968812e-01 1.54510140e+00
    3.85861516e-01 4.58070457e-01 1.13478565e+00 2.41248608e-02
    -6.07681274e-02 1.28533804e+00 -2.29400814e-01 -3.95149142e-01
    1.57029986e+00 1.29338813e+00 -7.00491369e-01 1.47590876e+00
    -1.40300393e-01 -1.04422808e-01 1.22789764e+00 -2.90981203e-01
    9.90655363e-01 1.08065224e+00 -5.95291853e-02 1.71701241e+00
    -3.03874671e-01 -5.31598151e-01 5.35562396e-01 -4.77694869e-02
    -1.30280852e-01 -5.19778550e-01 3.53348196e-01 4.01662886e-01
    1.66512632e+00 1.11622119e+00 1.62680531e+00 8.28228116e-01
    5.21852255e-01 1.22369897e+00 1.32050812e-01 1.35848355e+00
    1.45671248e+00 1.49593019e+00 1.44685483e+00 1.36023355e+00
    1.41991937e+00 -1.91635251e-01 1.39472961e-01 5.64363956e-01
    -6.30617201e-01 3.73857260e-01 1.76425409e+00 -2.52530009e-01
    6.29311800e-03 1.37292385e+00 -6.18218601e-01 -2.04405159e-01
    4.31530237e-01 1.71602654e+00 4.84633505e-01 1.79299974e+00
    1.63725519e+00 9.91646111e-01 3.75573516e-01 7.14907289e-01
    -4.99708354e-01 1.14859581e+00 1.30940294e+00 1.23057485e-01
    1.00305939e+00 6.21024072e-01 1.70950401e+00 1.19281125e+00
    -1.60117805e-01 -6.48923874e-01 5.87318122e-01 2.48328626e-01
    8.17363858e-01 -3.37784231e-01 5.87609708e-01 7.89464772e-01
    -6.27267599e-01 -7.17054605e-02 3.33005667e-01 5.01938879e-01
    -3.91169786e-02 1.37751865e+00 2.86337972e-01 -1.77402556e-01
    6.50648057e-01 -2.42218792e-01 1.06948602e+00 8.86329293e-01
    1.64969087e-01 1.78011799e+00 -6.21341765e-01 4.67707098e-01
    -6.21860623e-02 5.38909018e-01 1.79982185e+00 -2.89438695e-01
    2.60862768e-01 -6.54148459e-02 1.70872450e+00 4.18961287e-01
    1.36418056e+00 -6.87893927e-01 1.44690847e+00 1.30221319e+00
    1.25228107e-01 6.82690799e-01 1.58180070e+00 -6.23312950e-01
    -3.13275456e-01 5.10495484e-01 -1.97581410e-01 -5.55764914e-01
    1.34837675e+00 3.09744179e-01 -4.71863985e-01 1.80027390e+00
    7.17049360e-01 -2.55873084e-01 1.47223473e-01 -1.95000768e-02
    1.22048318e+00 2.28433907e-01 1.12651610e+00 3.57642174e-02
    -1.08658552e-01 2.37427413e-01 8.24568689e-01 3.99410725e-01
    9.94058430e-01 -2.89797574e-01 -3.22207808e-02 -6.82128072e-01
    1.55561328e+00 1.11133599e+00 -6.95415735e-02 -2.86821872e-01
    1.17631102e+00 -2.16720581e-01 -9.67288017e-02 1.79257882e+00
    -6.82240725e-01 -8.47755730e-01 7.44644880e-01 4.73589957e-01
    -1.90425336e-01 -6.12116992e-01 1.25374019e+00 4.73601818e-02
    -4.41384256e-01 1.55353451e+00 -1.74565792e-01 3.45776498e-01
    1.92665577e-01 6.48396313e-01 1.22558939e+00 -7.51696825e-02
    -5.83634138e-01 6.09194040e-02 1.65996194e+00 4.78085041e-01
    1.33733499e+00 -5.01058578e-01 7.12702632e-01 7.44910657e-01
    7.39477932e-01 -5.90710819e-01 3.66440117e-01 2.55054832e-01
    -2.86872327e-01 1.20452952e+00 1.64926708e-01 -4.74006057e-01
    4.29675102e-01 7.61460066e-02 -2.44656533e-01 1.21040285e+00
    -1.59734905e-01 -6.33835495e-01 -4.22798902e-01 9.52893496e-03
    4.86399412e-01 2.22274661e-01 8.49760175e-01 1.37070775e+00
    -2.26364136e-02 6.74271047e-01 -6.11603260e-01 1.63454449e+00
    1.19866681e+00 1.54339492e+00 7.77571917e-01 8.07708561e-01
    2.19139755e-01 -1.73338711e-01 1.70651495e-01 -9.67394710e-02
    3.74686122e-02 6.52783990e-01 -2.77499795e-01 1.64000010e+00
    1.14707303e+00 2.84888029e-01 2.98438549e-01 1.02340853e+00
    1.38005829e+00 1.35656595e+00 -4.00083989e-01 8.94422472e-01
    8.92837107e-01 8.47902477e-01 3.93974662e-01 8.73877585e-01
    1.03711152e+00 1.13319039e+00 -7.66863048e-01 4.34695482e-02
    1.39729357e+00 7.56181479e-01 8.55746210e-01 1.33202136e-01
    -3.04810256e-01 -3.61944586e-01 1.04297519e-01 -2.38342643e-01
    8.27943504e-01 1.32579505e+00 2.28105962e-01 1.14804184e+00
    -5.03995657e-01 1.53914833e+00 1.22840250e+00 3.36463213e-01
    -1.51866376e-01 6.86524987e-01 1.56635690e+00 -2.65494406e-01
    1.28823829e+00 -2.94119895e-01 -3.57898474e-02 8.98378491e-01
    5.70077121e-01 6.53725445e-01 1.31166935e+00 -2.39518583e-01
    1.05142832e+00 9.00177956e-01 1.01490045e+00 1.34840488e-01
    7.73384571e-02 1.64933753e+00 -7.23706722e-01 1.49676418e+00
    -3.43021810e-01 1.47720838e+00 9.48589087e-01 -7.70803690e-01
    3.44824553e-01 1.17310214e+00 1.42394161e+00 7.32053518e-02
    1.57040179e+00 -6.72748804e-01 1.31094277e+00 1.00219667e-01
    1.30409503e+00 3.78759027e-01 1.09545946e+00 8.59190106e-01
    -7.04628110e-01 -3.16044390e-01 -4.75125104e-01 1.27314734e+00
    1.47625923e-01 -4.90523696e-01 8.52499068e-01 8.98958862e-01
    1.37912011e+00 -7.34324396e-01 1.06374812e+00 1.03958368e+00
    1.49039102e+00 -3.22933167e-01 1.26946545e+00 2.35531449e-01
    3.64083588e-01 -3.26447695e-01 1.54076219e+00 -4.18174833e-01
    1.57435310e+00 1.14540398e+00 4.82335269e-01 6.08729899e-01
    -3.94374788e-01 -7.45465219e-01 9.36999977e-01 1.43519258e+00
    -5.39816499e-01 -1.30676925e-01 1.65414202e+00 -1.78158283e-02
    -1.46128953e-01 4.30683196e-01 1.05661130e+00 3.24960470e-01
    -2.27234036e-01 -1.52500868e-02 6.51314437e-01 2.73751080e-01
    4.97736692e-01 -9.25589204e-02 6.69928432e-01 -1.69929862e-02
    -3.96703541e-01 -3.07677060e-01 1.92293167e-01 3.24373543e-01
    1.29326212e+00 -5.20706296e-01 -4.03631806e-01 1.24600649e+00
    -6.81691170e-01 1.53934407e+00 1.65501094e+00 3.77853930e-01
    1.29683089e+00 8.41323137e-02 1.03258014e-01 5.09021997e-01
    5.19684494e-01 4.11556065e-01 -4.18033034e-01 9.32330549e-01
    1.80142403e+00 6.13449812e-02 7.59802103e-01 6.84089363e-01
    1.55537868e+00 1.40019846e+00 8.31665397e-02 1.37295127e+00
    -5.40302634e-01 1.82345808e-01 6.34703457e-01 -6.23701274e-01
    1.57381868e+00 -3.26243043e-02 1.16898584e+00 -3.75755727e-01
    -3.78439069e-01 -1.89994276e-01 8.61708939e-01 -4.15459394e-01
    1.52468383e+00 -2.15981871e-01 3.38710070e-01 1.03502369e+00
    1.10315192e+00 1.75812864e+00 -5.90997279e-01 -6.05125427e-02
    -4.52710986e-01 9.71693933e-01 8.68477583e-01 -2.96761215e-01
    9.92219448e-02 1.62244666e+00 2.23848701e-01 1.36294246e+00
    -2.52955437e-01 -6.58594608e-01 -3.78643751e-01 9.18796659e-01
    -6.57764673e-02 -3.22649717e-01 1.01741278e+00 1.11165118e+00
    8.58563244e-01 -2.49501407e-01 1.72183585e+00 1.84343517e-01
    1.10754073e-01 -3.73744905e-01 4.02035236e-01 1.64271748e+00
    1.21691239e+00 4.78918314e-01 1.48513865e+00 8.72253776e-02
    -1.45557523e-01 4.20208931e-01 -5.63528299e-01 5.21895885e-02
    6.15622997e-02 1.01037788e+00 1.53489125e+00 1.34900606e+00
    1.03687859e+00 -4.94672656e-02 1.83912873e-01 9.36846852e-01
    3.94276798e-01 3.03328812e-01 3.52933288e-01 -7.50670612e-01
    7.26026297e-03 1.02150679e+00 5.03170013e-01 1.28977513e+00
    -5.22589922e-01 4.66493547e-01 3.93632054e-01 7.97458470e-01
    1.53618145e+00 -3.84896666e-01 3.56148183e-01 4.45445955e-01
    1.66099834e+00 4.53988314e-02 1.67582893e+00 7.88135290e-01
    3.73367906e-01 1.12540674e+00 -6.60556555e-01 1.45331597e+00
    7.34312832e-01 1.01939809e+00 -5.97125292e-03 2.47117102e-01
    -1.05209887e-01 4.50588286e-01 9.42018628e-01 1.08298922e+00
    1.77774668e+00 1.80740607e+00 -6.73485219e-01 -1.42842531e-01
    1.63768601e+00 6.70919061e-01 7.36251950e-01 -6.41628146e-01
    3.79752696e-01 1.41805816e+00 2.58154929e-01 1.09267306e+00
    -4.70047802e-01 -8.22014511e-01 -7.25861788e-02 3.77808690e-01
    6.91500545e-01 1.31755257e+00 9.76091266e-01 -6.59404516e-01
    1.12441897e+00 -4.85010445e-01 9.10333931e-01 1.34395182e+00
    -2.47139394e-01 1.41942382e+00 1.56731796e+00 -1.94579601e-01
    -5.47274292e-01 4.00361240e-01 -6.34098768e-01 -4.24996197e-01
    -6.20882273e-01 8.40475559e-02 1.29519963e+00 1.72678459e+00
    1.09095955e+00 1.69939816e+00 2.92618215e-01 -3.15061033e-01
    3.26134562e-02 -4.90678072e-01 1.73563480e-01 -2.09474504e-01
    1.48666263e-01 -4.54685003e-01 1.27966821e+00 -1.62317991e-01
    1.50690615e+00 5.15841842e-01 1.38703990e+00 -7.03311980e-01
    6.66458607e-02 1.21522152e+00 5.18655717e-01 1.37863338e+00
    4.86338079e-01 8.26409519e-01 3.41698408e-01 1.41373992e+00
    1.04902363e+00 4.60364461e-01 1.12549281e+00 -5.26881754e-01
    -1.44758523e-01 4.89357471e-01 -5.87652385e-01 2.39720225e-01
    1.27202213e-01 6.13427699e-01 -3.70938808e-01 8.65296066e-01
    1.37677670e+00 8.51665258e-01 1.46096539e+00 9.91437912e-01
    2.01191306e-01 6.99784160e-02 5.14914393e-02 1.64660525e+00
    1.00208545e+00 -4.33657765e-02 -4.87142712e-01 -5.00328302e-01
    3.92955661e-01 7.48813808e-01 -4.73943770e-01 7.71886766e-01
    3.15982282e-01 -6.24840260e-02 1.16613293e+00 1.64375377e+00
    1.57448530e-01 5.95120490e-01 3.86516809e-01 1.61508775e+00
    5.82977295e-01 9.31581676e-01 -6.91011548e-01 -5.00280023e-01
    1.65645182e-01 1.56739271e+00 8.51881504e-03 8.86733055e-01
    1.59884119e+00 1.61256778e+00 -1.34818196e-01 -3.87556344e-01
    5.39217651e-01 1.19295764e+00 1.52660906e-01 -8.78782868e-02
    1.11803412e+00 -5.97396016e-01 -1.66127145e-01 -3.90436679e-01
    5.51725507e-01 -3.89904171e-01 9.61585343e-01 6.28192842e-01
    -1.72385097e-01 3.41258287e-01 -3.91919404e-01 5.84345758e-01
    1.44895077e+00 1.24226737e+00 -5.56843460e-01 1.15176332e+00
    1.44179165e-01 -2.34876126e-01 7.03476071e-01 7.09534883e-01
    1.02560580e-01 9.57603693e-01 -5.08163869e-01 4.20990944e-01
    6.57590926e-01 9.34991956e-01 1.25992298e-02 -3.86177242e-01
    8.76584649e-02 -2.06943214e-01 -3.67508620e-01 6.77223206e-02
    8.55051637e-01 1.59982038e+00 1.16902232e+00 -6.77267611e-01
    2.13999808e-01 1.57452655e+00 9.79595482e-01 6.08115554e-01
    2.32358217e-01 2.59474516e-02 1.82848847e+00 3.47425878e-01
    5.66451967e-01 3.91806185e-01 -7.14893460e-01 1.44381046e+00
    1.29441738e+00 -4.91714805e-01 1.27964807e+00 8.63113701e-01
    -5.29707372e-01 -3.73466939e-01 4.36745703e-01 -3.15994263e-01
    1.39260054e+00 1.55795753e-01 2.42815971e-01 -1.99810117e-01
    1.54601192e+00 -5.95041096e-01 -1.39079213e-01 1.59496713e+00
    4.43909287e-01 -1.15530372e-01 -2.55992115e-01 1.29941344e+00
    -4.83964682e-02 -4.87605035e-01 -5.52669525e-01 1.14633465e+00
    1.70292807e+00 4.80499446e-01 6.89683735e-01 1.55485010e+00
    1.04837930e+00 -5.15275717e-01 1.36319435e+00 7.98958540e-01
    -3.65447730e-01 1.27470899e+00 7.37010241e-02 1.53118551e+00
    -3.10603619e-01 -7.06437588e-01 1.07319820e+00 1.18103158e+00
    -7.13921547e-01 2.61515081e-01 -2.82599866e-01 1.67018914e+00
    1.27755785e+00 8.71139288e-01 1.97438955e-01 -4.45501566e-01
    1.46825778e+00 -2.57286668e-01 1.53708577e+00 -3.53917062e-01
    1.50705194e+00 -6.89530492e-01 1.57179654e+00 1.73204494e+00
    -7.03735471e-01 -1.63177133e-01 -6.92588687e-01 4.83315587e-02
    9.58085060e-03 4.03789520e-01 1.09372735e-02 2.15376377e-01
    1.73354936e+00 9.50236917e-02 -4.65790331e-01 -5.61753392e-01
    1.73081172e+00 -1.81295156e-01 -5.02443790e-01 2.93549597e-01
    1.28435051e+00 3.35401833e-01 6.80957973e-01 1.24695754e+00
    1.04752064e+00 -4.87965316e-01 1.28887558e+00 1.58231497e-01
    1.06783807e-01 7.05762684e-01 4.07792628e-01 2.77770162e-01
    -8.89333487e-02 1.35596204e+00 -4.70120072e-01 -6.86330855e-01
    -3.68274152e-01 -5.56862354e-03 -2.59895921e-01 -1.43926620e-01
    1.01377177e+00 8.12511563e-01 -1.44801080e-01 1.06426883e+00
    2.73666263e-01 6.36789799e-01 -6.53851867e-01 1.34701192e-01
    -3.57567430e-01 -7.58458972e-01 1.52964985e+00 1.67021608e+00
    8.48227262e-01 -4.70585525e-01 6.41147971e-01 1.13146591e+00
    -2.32620120e-01 7.53002465e-01 6.99988842e-01 1.15995383e+00
    1.66323173e+00 -7.62183964e-01 -2.69562006e-03 1.12438881e+00
    4.25004005e-01 6.67945087e-01 1.71871710e+00 1.40920246e+00
    8.81480634e-01 1.89700305e-01 1.25660157e+00 5.00947237e-03
    5.59639931e-03 1.17740560e+00 5.03673255e-01 7.43058026e-01
    1.35190785e-01 -1.91133261e-01 -7.13884473e-01 1.16355419e+00
    -7.52946317e-01 1.36139870e-01 1.74530613e+00 1.52526045e+00
    9.53903079e-01 6.58537805e-01 5.48646986e-01 1.44840777e+00
    1.31141758e+00 2.97918499e-01 7.86849737e-01 5.11543572e-01
    -3.47716242e-01 1.29420662e+00 1.50277853e+00 3.79387915e-01
    6.97995722e-01 9.28915262e-01 8.31374288e-01 -3.84171009e-02
    8.62405717e-01 1.20370317e+00 -2.65637577e-01 -6.46703482e-01
    -4.05990511e-01 -5.23832798e-01 3.42529893e-01 -5.76862574e-01
    7.74472237e-01 1.44309652e+00 1.51146472e+00 -4.01059717e-01
    9.48858202e-01 -1.64698064e-01 -1.68832779e-01 1.17680192e+00
    1.57063460e+00 1.58752239e+00 1.52175200e+00 8.59010577e-01
    1.64372921e-01 -3.68882477e-01 1.07656157e+00 1.04413235e+00
    5.44990063e-01 1.23575330e+00 1.23019397e-01 9.60781395e-01
    -1.39744461e-01 1.49267268e+00 -5.67042112e-01 4.69496369e-01
    9.08352852e-01 1.12345397e+00 1.39534545e+00 3.15752625e-01
    -5.10636508e-01 -7.60221601e-01 -1.07538223e-01 1.11519170e+00
    -2.93383062e-01 -5.59604168e-01 1.63615823e-01 4.73179936e-01
    1.39763641e+00 9.96005833e-01 1.35006452e+00 -6.65490866e-01
    1.37252355e+00 8.96676779e-01 -9.94729400e-02 3.13648105e-01
    -6.21317983e-01 1.35555816e+00 1.58510804e+00 9.25099254e-02
    2.15254068e-01 -2.25842774e-01 1.19516373e+00 1.56833971e+00
    5.34347594e-01 -1.83274150e-02 8.31387758e-01 1.27689266e+00
    1.73938513e+00 -5.21182239e-01 8.51208568e-02 1.30416858e+00
    3.12592804e-01 7.74162769e-01 1.24123490e+00 -4.79720712e-01
    1.23777604e+00 1.23366475e+00 -4.44924772e-01 1.13600922e+00
    -6.62567019e-01 -1.52567387e-01 1.09469557e+00 -3.81260812e-01
    4.35683727e-02 1.41064227e-01 1.28664494e+00 7.14169323e-01
    9.95241702e-01 -6.74705267e-01 4.13181722e-01 7.01626837e-01
    -4.20395106e-01 1.62583828e+00 -5.83140612e-01 5.33517957e-01
    -8.10624480e-01 8.72902632e-01 1.74774468e+00 2.85860896e-02
    -6.62800550e-01 9.49744880e-01 4.18847561e-01 -5.12790680e-02
    -2.77218699e-01 2.97845304e-01 1.06559110e+00 1.04437852e+00
    1.66704369e+00 5.66733301e-01 -2.25366354e-02 1.37034774e+00
    1.75289488e+00 1.64192605e+00 -5.72380543e-01 1.47980881e+00
    5.50562561e-01 -6.72828913e-01 -6.27794206e-01 -2.08038092e-03
    1.79104197e+00 4.82602239e-01 -2.09316343e-01 9.12022531e-01
    1.32364845e+00 -1.41566634e-01 1.36105895e-01 -6.94739103e-01
    1.21880770e-01 1.44600689e-01 2.72870421e-01 6.99164569e-01
    7.15688288e-01 -1.38217747e-01 -2.48140633e-01 7.70509064e-01
    1.24594879e+00 -6.08171284e-01 -5.14395535e-01 2.71267056e-01
    4.79229152e-01 6.01510584e-01 7.05279171e-01 4.18520093e-01
    1.16043293e+00 6.37229323e-01 -9.33116078e-02 -4.27185982e-01
    1.58922982e+00 -6.64638638e-01 1.49479604e+00 -3.88477385e-01
    2.22048521e-01 5.19231081e-01 9.33362246e-02 -2.89494157e-01
    -5.85297644e-01 -2.05118328e-01 8.78096700e-01 1.24681950e+00
    9.25906360e-01 -1.17581129e-01 1.56002593e+00 1.17488527e+00
    -6.76722765e-01 9.31074917e-01 1.22062278e+00 1.56089997e+00
    1.14504695e+00 -6.51068270e-01 1.02179670e+00 7.60636985e-01
    1.21971679e+00 -6.82465732e-01 9.66948271e-01 9.41475272e-01
    1.67726994e+00 1.72432876e+00 2.23738849e-01 1.38983810e+00
    1.14643157e-01 1.59555364e+00 5.95323563e-01 1.49952388e+00
    7.79649913e-01 -6.93906963e-01 1.01096153e+00 -3.80443603e-01
    5.33336103e-01 7.84451604e-01 -7.66506910e-01 1.39966512e+00
    -5.12431383e-01 1.19063067e+00 -2.38786101e-01 1.76981294e+00
    2.55627930e-01 -2.87331194e-01 6.77637339e-01 6.09921396e-01
    -3.78675073e-01 -1.37156129e-01 2.02166378e-01 9.28865612e-01
    -2.24780887e-01 -5.16744137e-01 -3.51774693e-02 1.44418406e+00
    6.24890447e-01 8.08758676e-01 -5.96852899e-01 2.21538782e-01
    7.22131133e-02 -5.33982515e-01 -1.70972943e-01 8.77066791e-01
    5.17541587e-01 1.09877563e+00 1.28084016e+00 -3.69055033e-01
    1.52559960e+00 1.49174285e+00 6.62460446e-01 -6.25008583e-01
    1.39867949e+00 -2.26668596e-01 -5.99336684e-01 -1.04713798e-01
    1.62217093e+00 1.20057893e+00 -4.57879901e-01 1.28631961e+00
    6.06951833e-01 -3.65172595e-01 1.57737553e-01 1.01005924e+00
    1.29089355e-02 -1.23661041e-01 8.56882393e-01 1.36800265e+00
    7.62887478e-01 8.65237415e-01 -4.69108045e-01 8.84298563e-01
    -4.05859977e-01 1.39438879e+00 7.45804250e-01 1.74174082e+00
    1.38278127e-01 -3.62846792e-01 -4.83098269e-01 -2.40910888e-01
    -3.55591387e-01 1.29425192e+00 2.30907798e-02 1.16744685e+00
    -4.99695539e-02 -2.18742132e-01 1.55650449e+00 -4.42832440e-01
    1.28457630e+00 -2.11061835e-01 1.31772137e+00 7.97661781e-01
    8.65275264e-02 -5.02336621e-02 -2.72729099e-01 4.04306293e-01
    -5.05458653e-01 7.29403555e-01 -7.38583207e-01 1.22588336e+00
    7.01889932e-01 4.61672843e-01 -1.63203716e-01 -2.76143491e-01
    1.39596796e+00 6.67961419e-01 -1.40705884e-01 1.51762486e+00
    1.05634880e+00 1.34501207e+00 4.62818801e-01 2.34597087e-01
    6.16587520e-01 1.28608656e+00 9.17993724e-01 -5.36765516e-01
    -5.55587113e-01 1.53327298e+00 1.18572116e+00 -5.83555043e-01
    -2.81301558e-01 1.18713665e+00 1.33458853e+00 9.53425169e-02
    1.53067255e+00 1.18601799e+00 8.08714151e-01 1.11853385e+00
    1.25571918e+00 1.08915567e-01 1.20257044e+00 -6.65148795e-01
    -6.96211338e-01 1.05565393e+00 2.21003413e-01 1.54987979e+00
    9.25624430e-01 1.12337112e-01 -2.31938958e-01 -2.81258285e-01
    1.70822144e+00 2.10793018e-01 1.00611246e+00 7.15965271e-01
    6.97123945e-01 1.06308520e+00 5.01628995e-01 8.85513902e-01
    -1.37984991e-01 -6.27241611e-01 -6.86647296e-02 -4.94793117e-01
    1.07556522e-01 6.34688020e-01 1.05913496e+00 1.10926688e-01
    1.63265491e+00 1.08506525e+00 -4.66149062e-01 -3.22105110e-01
    9.27701354e-01 1.57928705e+00 8.47219765e-01 -6.27769232e-02
    7.91264772e-02 1.71233749e+00 1.00288296e+00 4.46750641e-01
    1.44549274e+00 9.00364995e-01 5.39531469e-01 1.76242948e+00
    5.76042950e-01 1.57598829e+00 -2.71506697e-01 1.39612103e+00
    -2.54960775e-01 1.31709266e+00 4.23287451e-01 -2.04358280e-01
    2.14707077e-01 1.84231699e-01 -5.05755901e-01 9.17218149e-01
    1.05814648e+00 6.61279261e-01 1.49088192e+00 7.97074676e-01
    3.15010190e-01 3.72538269e-01 1.56100094e-01 1.97159410e-01
    -1.30398750e-01 1.32705641e+00 2.14592576e-01 1.16573012e+00
    3.82306278e-01 1.45005500e+00 -5.62355340e-01 1.40348732e-01
    1.56865656e+00 1.89629436e-01 2.43730187e-01 7.43713856e-01
    -5.99828362e-01 1.31607723e+00 1.60926819e+00 6.81239545e-01
    -2.80671418e-01 4.61691916e-01 1.22211754e+00 1.10153353e+00
    1.22432590e+00 8.51913810e-01 2.40401626e-02 4.31823671e-01
    -4.80432510e-02 1.30162334e+00 1.64444923e+00 -7.74593234e-01
    1.59396970e+00 -1.55121088e-01 1.02625728e+00 1.36054707e+00
    4.89316702e-01 -1.90832227e-01 1.05438137e+00 1.10035300e-01
    -3.04298639e-01 -6.84338808e-01 1.38273811e+00 -4.01184976e-01
    -7.86849856e-02 -4.58474874e-01 1.42635798e+00 1.51733673e+00
    3.40350807e-01 1.06288385e+00 3.96624684e-01 1.30351067e-01
    1.93944812e-01 3.33685279e-02 1.72258377e-01 -3.66935939e-01
    1.12653840e+00 1.67804384e+00 -2.87415892e-01 -3.48344773e-01
    4.84558642e-01 1.03917122e+00 -7.82919705e-01 9.06284332e-01
    8.79336476e-01 2.83924758e-01 1.15237641e+00 -3.54626596e-01
    1.13166761e+00 3.38385940e-01 8.35467517e-01 1.32284868e+00
    5.13611495e-01 5.50476015e-01 1.75261676e-01 1.57204056e+00
    4.99931157e-01 5.59214175e-01 1.66939473e+00 1.70338452e-01
    1.00029099e+00 1.08746243e+00 -7.12919354e-01 1.74196184e+00
    1.41984916e+00 -4.17275071e-01 3.76883268e-01 -2.00898647e-02
    8.34859610e-02 1.65176296e+00 7.20354080e-01 -4.74487007e-01
    5.28144240e-02 7.83966839e-01 2.88875639e-01 7.56507516e-02
    6.84110761e-01 -1.04641318e-02 1.53486657e+00 1.12993395e+00
    6.95372641e-01 -4.28678632e-01 1.43737078e-01 1.23976052e+00
    1.24678564e+00 1.46877289e+00 -1.11496568e-01 1.26915228e+00
    2.48583555e-01 -2.02740699e-01 -6.62534475e-01 1.95583224e-01
    1.35625839e-01 1.02919376e+00 1.75233006e-01 1.53587699e+00
    -2.81391323e-01 1.08072841e+00 1.53524852e+00 1.36858368e+00
    -7.31080055e-01 1.68869460e+00 -3.27181637e-01 1.57812643e+00
    3.67494106e-01 -3.60584855e-01 1.04497433e-01 -4.29128051e-01
    4.40020621e-01 1.57463264e+00 -4.96293992e-01 -2.69389480e-01
    -3.56466025e-01 1.25796604e+00 1.45287704e+00 -4.92401242e-01
    8.76643956e-01 7.42955744e-01 1.05464745e+00 -7.67561972e-01
    1.80643559e-01 6.74205422e-01 1.20561886e+00 6.75673485e-02
    7.66861618e-01 1.05506063e+00 9.14227605e-01 7.76437759e-01
    1.12620997e+00 -5.01616001e-01 9.75560427e-01 9.90955532e-01
    1.10670686e+00 1.47994494e+00 3.77351463e-01 8.73999596e-02
    1.59060347e+00 4.63461280e-02 1.73995399e+00 1.30609488e+00
    -4.46285695e-01 7.02826381e-01 4.47459757e-01 1.57285595e+00
    -4.27149922e-01 4.98964429e-01 1.04510391e+00 8.11398447e-01
    1.75341785e-01 3.44142437e-01 1.34519291e+00 6.72521710e-01
    -1.74967408e-01 1.14792204e+00 9.72196341e-01 1.09343910e+00
    1.11281371e+00 1.62518573e+00 -2.92626262e-01 1.29013729e+00
    -6.10085368e-01 4.65958595e-01 1.50412226e+00 -2.55870193e-01
    3.75516713e-01 2.38002539e-02 1.19206262e+00 7.19596863e-01
    -6.30993962e-01 -6.29649162e-02 -2.54963875e-01 1.02417660e+00
    3.18003356e-01 -3.76975179e-01 1.40131497e+00 1.05433261e+00
    1.58627415e+00 1.35481238e+00 -6.00788951e-01 3.73411179e-01
    1.58053815e-01 1.38134420e-01 -4.07757759e-02 1.59645700e+00
    -2.50516236e-01 1.14761055e-01 1.43015456e+00 1.24731064e-01
    1.46468568e+00 3.31004083e-01 1.53333592e+00 1.47083557e+00
    -5.37300408e-01 -5.42130709e-01 -3.08186531e-01 8.63348901e-01
    -3.39934856e-01 1.39338517e+00 6.63971663e-01 4.10111964e-01
    1.48977852e+00 -3.21839452e-02 1.14516735e+00 -2.47643411e-01
    2.22833037e-01 1.63146734e+00 -9.88006592e-04 1.36563253e+00
    -5.56823909e-01 6.82611227e-01 1.56318712e+00 -2.52080500e-01
    3.17343712e-01 1.14941001e-01 9.22911525e-01 9.62443948e-01
    1.14580369e+00 -2.87824303e-01 2.90138185e-01 1.96676791e-01
    1.60670877e-01 1.74310863e+00 1.57532811e+00 1.53810430e+00
    -1.58917010e-01 1.80364788e+00 4.33675170e-01 2.95066416e-01
    1.36278450e+00 1.62009430e+00 9.37743425e-01 -5.73681056e-01
    -7.13314831e-01 -5.69449961e-01 1.71575546e-01 6.23746336e-01
    -2.19561577e-01 1.01596379e+00 1.29840136e+00 1.01891446e+00
    -5.44078469e-01 3.25649381e-02 2.76359975e-01 4.02978718e-01
    9.62522447e-01 8.51788938e-01 6.62994683e-01 -8.43532085e-02
    1.69138908e+00 9.84984159e-01 1.50691807e+00 -2.03811228e-01
    1.68840337e+00 -2.53636867e-01 3.39121163e-01 -5.92913508e-01
    -5.36887050e-01 2.34346032e-01 7.90601969e-03 5.75045526e-01
    1.04975772e+00 1.59140944e+00 2.41911948e-01 1.48718786e+00
    1.18635607e+00 1.16723502e+00 7.98340201e-01 1.64317513e+00
    -1.69495046e-01 3.06328356e-01 2.66486943e-01 -5.32235503e-02
    3.99205804e-01 4.20073509e-01 1.56247365e+00 1.35661960e+00
    6.79189086e-01 -6.35171771e-01 -4.52911884e-01 1.35630548e-01
    3.99179578e-01 1.58952677e+00 4.11240697e-01 1.07774663e+00
    5.48521161e-01 2.81490684e-02 -7.44112790e-01 8.74841750e-01
    -4.45454627e-01 1.29779994e+00 1.73117518e-01 2.84884572e-01
    9.95424628e-01 8.55665624e-01 -5.11585593e-01 -3.29587251e-01
    7.82544374e-01 1.71360731e+00 1.25636768e+00 3.70652974e-01
    -3.66445869e-01 -4.00034606e-01 1.45182812e+00 3.54175270e-01
    1.29267049e+00 1.50980043e+00 -3.68518084e-01 -6.51796818e-01
    4.04536784e-01 8.15368772e-01 4.96472418e-01 1.09518492e+00
    -7.24210560e-01 3.80264819e-01 -4.88407850e-01 1.37318671e-01
    9.02875960e-01 -2.57866502e-01 8.46572876e-01 4.93151367e-01
    4.57482100e-01 6.13308311e-01 -1.01221800e-01 1.17597914e+00
    1.53390598e+00 1.52553332e+00 6.30940199e-01 1.14882350e+00
    1.37115157e+00 -3.68769616e-01 2.78517723e-01 -4.36991274e-01
    5.45279026e-01 1.15226722e+00 1.22545254e+00 7.16777503e-01
    1.31258357e+00 1.29035139e+00 4.63297367e-02 9.80459273e-01
    2.68300593e-01 1.23132539e+00 9.23285544e-01 9.83360171e-01
    1.59490883e+00 3.29951108e-01 1.32595360e-01 1.55078197e+00
    5.82790971e-02 3.70274544e-01 1.09572935e+00 1.22754264e+00
    1.07288861e+00 -8.96182775e-01 -7.82455802e-01 1.86283529e-01
    8.91593099e-01 -2.50159919e-01 7.96821356e-01 1.38492811e+00
    -2.63252258e-02 1.15470409e+00 -5.46430111e-01 -5.62822402e-01
    1.19235635e+00 1.55384326e+00 -7.13276863e-01 1.79118252e+00
    7.05112636e-01 -1.95452750e-01 2.92017221e-01 1.63529289e+00
    -2.25094438e-01 1.25359321e+00 1.27676570e+00 -6.74837232e-02
    1.00814629e+00 -6.47537410e-01 1.42225337e+00 1.07087982e+00
    2.39384055e-01 1.47270751e+00 -3.80950660e-01 7.90064275e-01
    -5.87065279e-01 1.61853743e+00 -4.55938548e-01 8.79480839e-02
    -2.48297155e-01 1.10512984e+00 -3.02729487e-01 -3.15354794e-01
    2.00806379e-01 6.64896309e-01 1.01102519e+00 7.95030832e-01
    8.71253431e-01 1.58546460e+00 1.07943535e+00 7.14227319e-01
    9.69514906e-01 -7.05957532e-01 1.50025916e+00 1.28507185e+00
    1.11995542e+00 -7.09528983e-01 6.78481996e-01 7.39290297e-01
    7.29110003e-01 2.18109012e-01 5.08051693e-01 -7.70089626e-02
    -3.59352171e-01 1.61196542e+00 -7.04251409e-01 1.26500189e-01
    1.52122760e+00 1.04910779e+00 8.99328589e-02 1.31896687e+00
    1.49436808e+00 3.41977477e-01 2.30300546e-01 2.81717360e-01
    1.62161207e+00 1.53178513e-01 1.67755687e+00 9.75922644e-01
    1.41140938e-01 -1.20192766e-01 3.97204220e-01 1.65360665e+00
    3.65487397e-01 -1.83822930e-01 -2.76446670e-01 2.20652997e-01
    9.24760640e-01 8.66255522e-01 4.32781577e-01 1.64852357e+00
    8.82856190e-01 1.55793619e+00 1.64034843e-01 -2.97342956e-01
    -2.25503922e-01 -7.53649712e-01 1.74393988e+00 5.54540753e-01
    1.70204449e+00 7.24334955e-01 3.84588242e-02 -5.18557191e-01
    8.34665000e-01 -1.91911757e-01 1.18367124e+00 8.28465998e-01
    -2.98782617e-01 4.73194718e-02 1.57455063e+00 -9.11827087e-02
    9.63362575e-01 1.96376920e-01 1.35428727e-01 1.24177027e+00
    -7.14493990e-01 1.51672840e+00 -6.35323584e-01 -6.32972360e-01
    9.76056159e-01 -5.53533912e-01 3.15359652e-01 -7.08191097e-01
    -7.01522946e-01 3.09732556e-02 1.28883421e+00 1.52438235e+00
    -2.43067682e-01 2.72125602e-02 -1.09312773e-01 8.30021024e-01
    -3.82744670e-02 -2.27641642e-01 1.42432070e+00 7.38850355e-01
    5.56976199e-01 1.67108178e-01 -6.14084601e-01 1.82407355e+00
    1.17155433e+00 1.06614375e+00 5.70004284e-01 1.11476195e+00
    3.02285612e-01 -5.61670303e-01 7.93548048e-01 -3.57222944e-01
    6.63527787e-01 -2.43409336e-01 9.41448212e-01 -1.16863668e-01
    8.07174206e-01 6.81325376e-01 5.74248254e-01 -3.62911224e-01
    4.27585304e-01 1.53479624e+00 1.67999434e+00 -3.73941213e-01
    5.14807403e-01 9.50433910e-01 -1.31114721e-01 4.27831590e-01
    -2.67994404e-03 -3.03065062e-01 5.26229858e-01 1.85411751e-01
    -2.22402453e-01 1.56938982e+00 1.04898000e+00 1.23477542e+00
    -4.48861986e-01 5.55420935e-01 1.53441751e+00 2.43732929e-01
    -6.39388084e-01 5.83891273e-01 5.46451211e-01 4.98591065e-01
    -5.01384258e-01 4.87384856e-01 1.66996121e-01 -4.41855788e-01
    1.26177192e-01 1.59392834e+00 3.16554844e-01 1.71973550e+00
    7.73239553e-01 1.62539864e+00 7.68789113e-01 1.44036555e+00
    -5.23640096e-01 7.55959630e-01 -1.60100579e-01 7.28234053e-02
    1.01582050e+00 1.14537168e+00 8.36287439e-01 -5.25714099e-01
    -6.15075290e-01 1.50510097e+00 1.42934787e+00 1.25763953e-01
    1.30911052e+00 7.32544005e-01 -6.85982049e-01 1.64317143e+00
    1.28742933e+00 -5.22210598e-02 8.76675665e-01 1.30484462e+00
    5.19868672e-01 -1.92495048e-01 -1.75640404e-01 -2.02608109e-01
    -2.26107359e-01 -4.18726385e-01 -7.98124194e-01 2.49165654e-01
    6.19532347e-01 3.79166782e-01 -6.10914707e-01 -8.46631527e-02
    1.55093217e+00 1.63035083e+00 -2.43870437e-01 -1.25471950e-02
    5.10973513e-01 9.37522829e-01 1.26732814e+00 4.29706514e-01
    7.08809137e-01 8.17780256e-01 -3.75219256e-01 1.26651478e+00
    1.21600366e+00 7.21098781e-02 1.67489004e+00 7.10150421e-01
    -9.35417414e-02 -1.74606442e-01 -1.06384397e-01 9.40714777e-01
    3.04129660e-01 1.00599587e-01 1.62097156e-01 3.70275199e-01
    -2.85228491e-01 -5.73982298e-01 -3.16974103e-01 -7.62055933e-01
    8.21326256e-01 9.19824958e-01 -4.66589957e-01 -7.24637628e-01
    1.06863022e+00 6.46726012e-01 1.35704947e+00 1.16702104e+00
    -8.80828261e-01 1.14633834e+00 1.64695406e+00 8.98904443e-01
    4.78159130e-01 3.04648399e-01 9.26462173e-01 6.15917385e-01
    -6.77873552e-01 9.04551566e-01 -5.36161065e-02 1.49079943e+00
    4.17901516e-01 1.17307103e+00 5.22405148e-01 -5.42830050e-01
    1.49662018e-01 1.13907743e+00 1.04816079e+00 1.32265806e+00
    2.15718746e-01 2.88392603e-01 2.86591947e-01 -6.01619959e-01
    1.50417447e-01 3.98818195e-01 1.38861656e+00 1.72775030e-01
    -1.24695122e-01 5.46188951e-01 -5.82512677e-01 1.52252555e+00
    9.60572660e-01 4.36910808e-01 -4.76980656e-01 1.16229367e+00
    2.46943772e-01 -6.40102029e-01 1.56258988e+00 -3.92442107e-01
    -7.58107424e-01 7.49836802e-01 -1.26071870e-01 1.19751644e+00
    1.42629409e+00 1.15950274e+00 -2.85437346e-01 1.71337736e+00
    -4.60948437e-01 3.75277162e-01 1.04038954e+00 6.03353500e-01
    1.32245743e+00 1.37661576e+00 -7.18991041e-01 1.05823922e+00
    -2.18732357e-02 3.32976103e-01 1.23821902e+00 -6.75852716e-01
    -4.38461781e-01 1.12503862e+00 3.93694818e-01 2.34735906e-01
    -1.47778988e-01 1.10434330e+00 1.42117083e-01 -1.08179510e-01
    4.83039618e-02 9.76687372e-01 -4.82778013e-01 9.79104757e-01
    -1.65608704e-01 1.36130500e+00 -2.93434292e-01 1.19166279e+00
    -7.07752347e-01 -1.48462832e-01 1.33348227e-01 8.98884892e-01
    2.89854407e-02 1.73344350e+00 5.06911635e-01 -1.86534226e-01
    1.11813486e+00 1.56652236e+00 1.66191339e+00 3.79713356e-01
    -1.59504354e-01 1.53240561e+00 8.95626545e-02 8.28961730e-02
    -1.55418098e-01 7.65290141e-01 1.59670973e+00 -1.07151866e-02
    1.36836672e+00 -2.87768841e-02 1.13547182e+00 1.10254145e+00
    1.00347543e+00 -3.83503169e-01 1.48100185e+00 1.70558798e+00
    -4.68635321e-01 -3.63289714e-02 3.77069712e-02 9.05079603e-01
    1.04611731e+00 1.00111997e+00 1.71532071e+00 -6.20678782e-01
    -4.39286262e-01 1.31640255e+00 6.52834535e-01 -3.16889346e-01
    1.05800807e+00 1.14403319e+00 1.26050019e+00 -6.31674826e-01
    1.63700485e+00 -6.49491310e-01 1.36037433e+00 -6.86984181e-01
    4.47188616e-02 -3.07599545e-01 -5.68273425e-01 1.30781627e+00
    7.89061069e-01 1.33925450e+00 3.50499094e-01 -1.35785341e-02
    3.89119625e-01 1.06263638e+00 7.46257246e-01 -5.53306222e-01
    -2.04060674e-02 4.58887517e-01 -4.70910758e-01 1.53612816e+00
    1.74920487e+00 3.38082552e-01 1.50579154e-01 -5.78141034e-01
    1.74252033e-01 8.32134366e-01 -3.93993467e-01 7.72996545e-02
    -6.04514718e-01 3.05930376e-01 -3.55987906e-01 -5.05109429e-01
    4.66579795e-02 1.09483957e+00 1.75337195e+00 -1.93586707e-01
    5.20194769e-02 -6.00187361e-01 9.05851126e-01 7.69851327e-01
    1.26441240e+00 1.70840096e+00 7.78028965e-01 -2.82503545e-01
    -5.49679279e-01 1.38910949e-01 1.10606599e+00 -4.22053039e-01
    8.35442603e-01 8.16387296e-01 -4.03227568e-01 3.94625723e-01
    3.79388988e-01 1.90608919e-01 -5.49938023e-01 -2.93129444e-01
    6.89086556e-01 1.27858067e+00 1.58088839e+00 6.56392694e-01
    -1.63037837e-01 5.21839619e-01 1.76657104e+00 1.38534963e+00
    -3.76033872e-01 1.08015418e-01 1.18707681e+00 -7.42527068e-01
    6.44628525e-01 7.96541452e-01 1.26454973e+00 -3.51016223e-01
    1.27495146e+00 8.70971978e-01 -5.06930590e-01 -1.21613026e-01
    -1.84524477e-01 4.52050328e-01 7.07382500e-01 1.34354854e+00
    1.47434378e+00 -1.67768002e-02 8.13431740e-01 9.47592914e-01
    4.36574459e-01 1.27533937e+00 1.59574986e+00 3.91144097e-01
    1.37446952e+00 1.58175230e+00 1.28262699e-01 -4.78012592e-01
    1.75884426e-01 1.63777137e+00 1.77626431e-01 1.01431882e+00
    -7.83014476e-01 1.21943116e+00 -1.76553786e-01 1.08031464e+00
    -5.88422954e-01 1.33535457e+00 9.45610046e-01 -5.44561148e-02
    5.45408785e-01 3.25137496e-01 -5.21557271e-01 -4.83706176e-01
    1.24020398e-01 5.46810508e-01 1.27718079e+00 1.74576354e+00
    -4.18443352e-01 -5.78788400e-01 6.74155951e-01 7.91687250e-01
    5.68148375e-01 1.04209757e+00 5.09177029e-01 1.20804036e+00
    4.63487506e-01 1.04953647e+00 4.61006224e-01 -6.52335405e-01
    2.75322437e-01 7.93119490e-01 1.21150732e+00 1.48175764e+00
    8.77110958e-01 6.26268029e-01 5.90635717e-01 -4.62738544e-01
    -1.37561858e-01 1.75245070e+00 8.24612379e-01 -5.37803590e-01
    1.64613235e+00 8.22036445e-01 2.63540566e-01 1.08265638e-01
    3.99220109e-01 1.13650322e+00 5.55297732e-02 9.80547488e-01
    1.13741040e+00 -2.95851856e-01 1.56377709e+00 1.10886550e+00
    8.15976620e-01 5.41187584e-01 -2.06623673e-02 1.01698041e-01
    9.60643351e-01 2.51991510e-01 4.32466447e-01 8.86511803e-01
    1.16709590e+00 1.03049719e+00 1.46906435e-01 6.69814587e-01
    7.40858912e-01 1.14641809e+00 1.34704363e+00 -6.73820794e-01
    4.99993801e-01 2.06792116e-01 1.69801319e+00 9.83997881e-01
    5.59810162e-01 5.40711582e-01 1.58075976e+00 -2.36422420e-01
    1.04277349e+00 1.70139825e+00 8.15220118e-01 -7.90560186e-01
    1.15509248e+00 9.89374399e-01 9.86912131e-01 -8.60546649e-01
    -9.22844172e-01 9.41944122e-03 1.25930023e+00 -7.61156678e-02
    6.43138051e-01 -1.03467584e-01 -4.30550098e-01 2.22530484e-01
    1.06312239e+00 -1.11689568e-01 3.59840274e-01 1.40803385e+00
    3.06783795e-01 7.55605996e-01 1.39761996e+00 7.70788014e-01
    -4.94994938e-01 -5.83059072e-01 1.74665308e+00 6.46848083e-02
    -6.04363143e-01 1.19219708e+00 6.46348655e-01 8.08128476e-01
    9.36094642e-01 -6.42658651e-01 -2.73308128e-01 5.39357662e-02
    1.63402748e+00 -6.59042478e-01 -6.05292857e-01 -5.16423047e-01
    1.66142750e+00 7.58222342e-01 -7.00122535e-01 -7.07617402e-02
    -7.15771079e-01 5.44420302e-01 1.48213792e+00 7.74652421e-01
    5.34346104e-01 -4.93659973e-02 2.11112082e-01 6.39294863e-01
    1.51584780e+00 -3.32728058e-01 -3.20295244e-01 1.78138626e+00
    6.19037509e-01 4.36569452e-02 1.45283639e-01 3.47308397e-01
    1.03606462e+00 -4.17674720e-01 2.55607486e-01 2.53738880e-01
    -4.85911578e-01 -7.59784460e-01 1.28351831e+00 -6.25508666e-01
    -4.52755004e-01 1.35358739e+00 1.35605335e-02 5.90608180e-01
    -4.82393384e-01 4.50083315e-01 1.55388379e+00 -4.29899514e-01
    6.43708646e-01 8.53204489e-01 1.21758986e+00 -1.66240633e-01
    9.85892773e-01 5.35706997e-01 1.76182258e+00 -1.39376760e-01
    -3.34976673e-01 1.30992591e-01 -1.73877776e-01 1.43293440e+00
    5.14449894e-01 7.00636625e-01 1.33426547e+00 -3.41297448e-01
    -6.44704521e-01 -6.79063082e-01 7.32468963e-01 -5.39542437e-01
    -2.16062188e-01 9.79246616e-01 2.50615776e-01 1.61282706e+00
    1.13253403e+00 -7.12313235e-01 2.02603340e-02 -3.10811967e-01
    -5.69399595e-01 9.24787104e-01 1.18323255e+00 1.68509316e+00
    7.65066743e-01 1.09213758e+00 -4.81862277e-01 1.06419873e+00
    1.80365372e+00 -4.77079868e-01 1.62898445e+00 -5.71780205e-01
    1.29280472e+00 1.09194517e+00 5.32063127e-01 6.27103448e-02
    -4.45217997e-01 1.39355659e-02 1.33337319e+00 -3.96393776e-01
    1.16787422e+00 -4.08251941e-01 -1.22179449e-01 -3.21843773e-01
    9.16748822e-01 1.44164979e-01 1.31789184e+00 2.85875142e-01
    1.29890645e+00 5.19997120e-01 3.00802648e-01 5.50866365e-01
    -1.97500587e-02 3.33017409e-01 1.04150844e+00 1.66965961e-01
    3.36385369e-02 -7.68365264e-02 2.23653972e-01 7.31126666e-02
    5.42519689e-02 1.77046394e+00 7.62399912e-01 1.03243482e+00
    -7.33150244e-01 1.36895525e+00 1.77956963e+00 5.73062599e-01
    -4.00003195e-01 1.40932989e+00 1.21433902e+00 1.27453136e+00
    1.20109320e+00 1.56909871e+00 5.33237457e-02 1.54851627e+00
    1.08751941e+00 9.11644042e-01 4.00353551e-01 1.65738261e+00
    6.45870268e-01 -4.46990013e-01 -5.45033813e-01 -3.66975754e-01
    -1.13743961e-01 7.38274395e-01 -6.50314808e-01 -4.67465013e-01
    -6.94692492e-01 9.42438364e-01 2.48667359e-01 3.62600982e-01
    1.75656962e+00 2.31246293e-01 9.99315143e-01 1.74157953e+00
    -6.99646592e-01 1.54081428e+00 2.75784731e-03 6.82163358e-01
    1.63173270e+00 1.66948962e+00 2.90550768e-01 -5.61189353e-01
    1.53285503e-01 2.08865881e-01 -6.17019534e-01 -6.84271157e-01
    -3.68653148e-01 4.18927848e-01 -5.98731577e-01 4.18631971e-01
    -5.60612202e-01 1.53903174e+00 6.05634212e-01 7.87465513e-01
    1.32134533e+00 -5.45239747e-01 1.22837651e+00 3.85094225e-01
    2.08171248e-01 9.98372197e-01 -1.31905735e-01 1.15757167e-01
    -3.99171054e-01 2.78117061e-01 1.24190962e+00 2.60965765e-01
    1.26415181e+00 1.27158260e+00 1.36165786e+00 -4.81727988e-01
    -4.12990600e-01 4.73111093e-01 2.69948065e-01 4.87185061e-01
    1.35687721e+00 -2.47538388e-01 1.40755200e+00 1.36844897e+00
    5.52130342e-01 1.78053737e-01 -1.61451161e-01 1.34139717e-01
    3.07677388e-01 1.07240927e+00 7.32915998e-01 7.60741830e-02
    3.15724075e-01 -3.44355911e-01 1.06485248e+00 1.46572530e-01
    1.19123411e+00 7.65090406e-01 1.55460238e+00 -3.49613994e-01
    3.62701118e-01 1.01453876e+00 7.07441568e-01 -3.63892436e-01
    1.19739056e+00 2.06614852e-01 7.31722951e-01 -3.27222496e-01
    8.72216046e-01 6.12041116e-01 1.25709677e+00 7.19537914e-01
    1.02379441e-01 -6.51351988e-01 1.66561198e+00 1.62389278e+00
    -7.26671875e-01 -5.42778254e-01 1.45420146e+00 2.84397602e-01
    2.51026809e-01 -2.29057670e-02 3.65791082e-01 1.54645848e+00
    -5.23878694e-01 6.67726219e-01 1.59870768e+00 1.43402457e+00
    -7.27769554e-01 1.23610377e-01 -1.22695148e-01 1.52915943e+00
    -4.49799120e-01 1.26120532e+00 2.58263290e-01 -4.99405682e-01
    1.33513486e+00 8.31615388e-01 1.62408960e+00 1.72816515e-01
    6.48537278e-01 8.43292177e-01 -3.66238773e-01 1.99557662e-01
    1.45237446e+00 1.35327840e+00 9.81939077e-01 -2.74459600e-01
    8.52768958e-01 1.19096458e-01 -4.19590652e-01 -3.29950392e-01
    8.31493139e-02 1.57652795e+00 -4.89275634e-01 2.23784268e-01
    1.41912162e+00 -7.19905555e-01 1.40064979e+00 2.89390206e-01
    1.55662060e+00 -2.69091129e-01 -2.15554118e-01 2.65115380e-01
    4.60073352e-02 -6.86136961e-01 2.31940985e-01 1.36750495e+00
    7.74853945e-01 -7.05289304e-01 -5.91971815e-01 1.44853783e+00
    -1.50250077e-01 1.30675054e+00 1.10206509e+00 -1.41003430e-01
    -6.47095561e-01 -3.87799352e-01 1.30131173e+00 9.63178515e-01
    3.25320780e-01 -5.23047447e-01 -5.82776546e-01 1.58164644e+00
    -5.37772596e-01 3.14851224e-01 1.34707224e+00 1.28181100e+00
    3.52440894e-01 1.08850610e+00 -4.81290847e-01 1.52153277e+00
    8.61194015e-01 -1.94205046e-02 -5.66126168e-01 1.24610209e+00
    1.63598824e+00 -2.12200522e-01 1.18014193e+00 8.11652124e-01
    7.89606631e-01 -6.02646887e-01 1.15238750e+00 2.02986121e-01
    1.27743435e+00 -1.79327726e-02 8.67544830e-01 1.36784875e+00
    1.39632595e+00 -7.01770723e-01 1.07708335e+00 1.47502756e+00
    4.17692661e-01 -5.35875440e-01 1.57337260e+00 5.69595397e-01
    9.51830149e-01 -8.41969252e-03 4.34171677e-01 9.27347243e-01
    -3.60686362e-01 3.93776357e-01 1.46755338e+00 7.08501577e-01
    1.63560820e+00 1.50814033e+00 5.47826171e-01 1.34652734e+00
    -4.69841748e-01 1.93542302e-01 -5.61237335e-03 7.51946509e-01
    9.70769525e-02 4.83278155e-01 5.14952838e-01 4.90820467e-01
    -3.47156167e-01 2.20183134e-02 1.17712939e+00 2.32987702e-01
    1.17043447e+00 1.22569013e+00 1.19109416e+00 7.07396865e-01
    2.24539757e-01 3.53844225e-01 1.46626711e+00 1.29498637e+00
    9.57462907e-01 2.04977155e-01 1.72562885e+00 5.54350257e-01
    -1.64464831e-01 2.09469557e-01 -1.11344039e-01 -3.19891781e-01
    -9.00509953e-02 -3.95857692e-02 -2.79326975e-01 1.33336377e+00
    -7.02710152e-02 -3.42976719e-01 7.99879193e-01 5.69311202e-01
    -6.80565715e-01 4.64956343e-01 1.38697565e-01 8.70910823e-01
    8.79865885e-01 -7.51543224e-01 -4.93504405e-02 -4.81631160e-02
    8.26562643e-02 -4.24913108e-01 1.71185303e+00 3.27584386e-01
    -3.19314301e-01 7.49600410e-01 -6.01821482e-01 8.52846980e-01
    1.94586158e-01 -6.13887727e-01 1.02114511e+00 -3.25051963e-01
    7.25058258e-01 1.40829682e+00 3.45168710e-01 -6.83648288e-01
    9.41308320e-01 -5.51987052e-01 8.62022460e-01 -5.27401686e-01
    -4.88336027e-01 1.46709788e+00 9.64815021e-02 1.74033856e+00
    1.31997895e+00 1.41161704e+00 -6.21320605e-02 -5.74489176e-01
    -5.35026252e-01 -2.74267137e-01 9.84599352e-01 9.48178649e-01
    4.22426105e-01 1.67581022e-01 1.66380203e+00 -1.95514083e-01
    1.24265289e+00 -3.61428678e-01 1.80634677e-01 -6.54860377e-01
    6.94861650e-01 -4.80240077e-01 4.08135295e-01 7.89153576e-02
    -6.60060585e-01 1.35466361e+00 3.71079206e-01 1.47456467e-01
    9.45202768e-01 9.44188774e-01 -3.04368764e-01 1.56696808e+00
    -7.51189590e-02 1.06019080e+00 1.55965018e+00 1.12014604e+00
    3.75719249e-01 1.54805899e+00 4.37650442e-01 -1.60695255e-01
    1.67999709e+00 1.71957159e+00 1.13829732e+00 -6.61038339e-01
    -1.02085173e-01 3.00068259e-01 7.16553867e-01 5.94360411e-01
    -6.07825220e-01 5.57132423e-01 7.74566650e-01 -6.79882646e-01
    -5.00729442e-01 1.32351506e+00 5.30015647e-01 1.64967418e+00
    1.05067110e+00 5.66086888e-01 -4.32761610e-01 1.17868865e+00
    -6.57111049e-01 -2.93935537e-02 -4.82135087e-01 4.78100896e-01
    -1.33885205e-01 3.46506834e-02 4.79005814e-01 1.56489992e+00
    2.96346784e-01 8.64912748e-01 -5.80276370e-01 8.79574478e-01
    4.28451657e-01 8.94479573e-01 4.41601515e-01 4.01385069e-01
    9.30709422e-01 1.34114885e+00 6.26259089e-01 6.57216907e-01
    1.54531288e+00 -6.93524778e-01 1.63585830e+00 1.61343479e+00
    -4.58381176e-02 1.03010440e+00 1.49715328e+00 9.66186821e-01
    3.58843088e-01 5.78105450e-03 1.11624241e+00 1.16366363e+00
    1.52365565e+00 -6.35213852e-01 1.38828206e+00 -6.48219228e-01
    7.45210350e-01 -2.77178675e-01 1.08298039e+00 -1.26654387e-01
    1.30605936e+00 -5.08033097e-01 1.12528062e+00 1.25246668e+00
    -5.66282868e-01 1.59300506e-01 2.68872619e-01 -6.55181170e-01
    -4.08411384e-01 1.71550727e+00 2.63351619e-01 5.91418743e-02
    -3.24575216e-01 1.69699907e+00 1.39351702e+00 1.16738558e+00
    -6.37694657e-01 3.99607599e-01 1.67639232e+00 7.19360173e-01
    3.61372948e-01 1.79111874e+00 -6.92468226e-01 1.54794121e+00
    3.81922603e-01 1.69505644e+00 1.51797199e+00 1.08449459e-02
    1.32251000e+00 1.62312388e-02 6.46699667e-02 8.43789101e-01
    2.08512723e-01 -1.50279701e-01 5.74522436e-01 -3.81118923e-01
    1.59683990e+00 3.78303051e-01 7.05031157e-02 1.59233522e+00
    1.60145092e+00 5.28521299e-01 -7.14592457e-01 1.62716079e+00
    1.26988757e+00 1.24622393e+00 5.65633595e-01 1.58349609e+00
    5.13912380e-01 1.12269616e+00 8.14965129e-01 -3.66685897e-01
    7.60409951e-01 5.55668056e-01 4.37400579e-01 -5.70095241e-01
    -1.71622157e-01 1.13715935e+00 1.49327636e+00 -3.30634296e-01
    1.16070175e+00 1.75065696e+00 -1.36796415e-01 -7.08098471e-01
    -3.78458411e-01 3.03576589e-02 6.42669201e-01 -5.21669209e-01
    2.12300897e-01 1.35355628e+00 1.24712920e+00 1.28524423e-01
    1.30201817e+00 5.47629774e-01 3.38228106e-01 6.32024407e-01
    -3.86935830e-01 1.24308765e-01 2.75488794e-01 1.00009501e-01
    1.61243999e+00 5.64000547e-01 2.88285077e-01 4.74658549e-01
    1.03868639e+00 1.11906743e+00 5.24901450e-01 6.30193949e-02
    3.27875972e-01 1.22150600e+00 1.59652615e+00 7.08120883e-01
    5.48981130e-01 5.88577747e-01 -3.00537556e-01 4.56748962e-01
    3.04919481e-03 9.38172519e-01 1.68287575e-01 1.59527802e+00
    4.57542181e-01 -1.67682111e-01 1.23308992e+00 1.19858527e+00
    -2.79353321e-01 9.68980014e-01 1.65647757e+00 1.75126767e+00
    -1.22675717e-01 1.25261664e-01 1.70859492e+00 -4.36804891e-02
    1.12540126e+00 1.61482143e+00 5.33910453e-01 -5.26567936e-01
    1.02326214e-01 2.03134596e-01 3.27192068e-01 1.18592596e+00
    1.39029551e+00 9.98920143e-01 -3.95208001e-02 -6.08541191e-01
    -4.27710384e-01 -6.63926959e-01 -2.77323723e-01 -6.97885036e-01
    1.17007351e+00 -1.88614607e-01 -1.69052720e-01 3.65477562e-01
    4.20672476e-01 -6.95825696e-01 5.52047551e-01 1.15329051e+00
    1.32452106e+00 1.19178414e+00 1.67702246e+00 -2.91468203e-01
    3.49687874e-01 -3.30295593e-01 4.33080316e-01 1.04725885e+00
    2.91841209e-01 7.98649192e-01 -5.86790323e-01 6.20202303e-01
    1.88174725e-01 1.20463848e-01 2.37732530e-01 4.99039173e-01
    -2.64560461e-01 1.36617219e+00 1.43323278e+00 -3.50847334e-01
    -6.16524398e-01 7.70362854e-01 1.61117673e+00 -6.16731763e-01
    1.64546490e-01 9.35526848e-01 8.18166614e-01 1.01653564e+00
    1.19905996e+00 1.71825361e+00 -5.04278898e-01 -1.18207216e-01
    -1.93358988e-01 3.89821172e-01 7.56698251e-02 1.78597689e-01
    7.26696491e-01 1.04744279e+00 1.70669723e+00 3.18662405e-01
    1.07051492e+00 1.33129716e+00 1.04019165e-01 -1.83805823e-02
    1.74503148e-01 -3.60924006e-03 1.22688770e-01 3.16365242e-01
    -5.40906787e-01 -1.47738397e-01 3.73079419e-01 6.55735731e-01
    1.32737613e+00 -1.75682187e-01 1.52921200e+00 -4.22242582e-01
    -5.46599269e-01 1.08655989e-01 1.50796485e+00 -5.39741874e-01
    2.99427748e-01 -5.47150731e-01 -4.12305295e-01 1.07467544e+00
    -7.66098797e-01 -7.16720104e-01 7.73816705e-01 -3.73818189e-01
    -3.39472860e-01 -7.38978565e-01 1.13559151e+00 -9.93230939e-02
    1.32096648e+00 1.36838782e+00 1.28213525e-01 4.98993576e-01
    -4.20630217e-01 9.83358622e-01 -1.65785015e-01 6.26265466e-01
    -4.72612828e-01 7.90115535e-01 3.74129415e-01 -6.05293453e-01
    5.89828491e-01 1.72031581e+00 -2.95356661e-01 7.69840479e-02
    1.61174917e+00 1.11755610e+00 1.57042551e+00 -3.78748089e-01
    1.14443004e-01 9.46810067e-01 -6.71297491e-01 9.57957923e-01
    -2.39522755e-01 -9.90230441e-02 1.41264987e+00 1.14313889e+00
    -5.93785942e-01 -7.20941007e-01 1.69815755e+00 -5.06776333e-01
    1.34534323e+00 7.86183715e-01 4.95672822e-02 1.54469299e+00
    6.45177722e-01 5.78579724e-01 1.42418396e+00 -2.62372375e-01
    -5.86029589e-01 2.26959467e-01 -4.99746710e-01 2.97512352e-01
    -5.76905608e-02 1.60517192e+00 -3.76350760e-01 1.36633539e+00
    7.08843172e-01 1.52712035e+00 4.01131272e-01 6.40512228e-01
    1.41783988e+00 5.88964939e-01 7.37881064e-01 1.61128902e+00
    1.17984819e+00 -1.39281809e-01 1.00949168e-01 1.16350508e+00
    -5.83328605e-01 1.33943498e-01 8.56609702e-01 -1.99680030e-01
    2.49770761e-01 3.79031539e-01 -3.86729300e-01 1.62795401e+00
    -3.39286238e-01 -7.65740037e-01 8.87232423e-01 1.35495567e+00
    -1.06576085e-01 3.73433530e-01 4.41574454e-01 -1.71829581e-01
    1.91638207e+00 -5.40247381e-01 1.52894533e+00 1.03866148e+00
    -2.65247583e-01 5.18983424e-01 5.14904499e-01 -6.38497651e-01
    7.30241597e-01 -7.49614716e-01 1.27720678e+00 1.00569463e+00
    6.19767010e-01 1.06443286e-01 1.20531249e+00 1.38813519e+00
    1.40117168e+00 1.58436871e+00 1.66330171e+00 -4.13099796e-01
    -4.67988938e-01 1.13267648e+00 -2.98637390e-01 1.35585701e+00
    5.39757788e-01 3.10519099e-01 1.35745323e+00 1.24042082e+00
    1.55964732e+00 8.86690795e-01 9.36338484e-01 1.22084808e+00
    7.49747753e-02 7.27836609e-01 6.74370050e-01 1.75546300e+00
    -2.75149494e-01 9.28775132e-01 2.46349752e-01 1.56335330e+00
    1.70164108e+00 4.88646448e-01 -1.15941703e-01 -2.79512078e-01
    -4.55658227e-01 1.09266496e+00 4.60675299e-01 7.36845016e-01
    8.12963426e-01 -2.97982574e-01 9.69514787e-01 -6.62096918e-01
    -4.03309822e-01 1.43320942e+00 1.49945331e+00 3.21547151e-01
    9.50439394e-01 1.05351865e-01 1.52487481e+00 -5.18365383e-01
    1.40083933e+00 2.77236640e-01 -8.61500144e-01 1.62362015e+00
    -4.56157386e-01 -7.57357478e-02 7.94869661e-02 1.18612838e+00
    -9.29914713e-02 1.86445534e-01 9.08192396e-02 1.05564022e+00
    1.46089232e+00 -5.74129522e-01 -2.01426148e-01 3.19696367e-01
    -5.29539883e-01 -2.59537458e-01 1.71613038e-01 -2.98749864e-01
    -5.13670564e-01 2.77417660e-01 1.69313622e+00 1.36186981e+00
    -2.58594036e-01 -3.18001270e-01 1.27925324e+00 2.89273262e-03
    1.32922578e+00 -3.20210993e-01 -4.21216071e-01 1.53119183e+00
    3.53349447e-01 1.41076064e+00 1.27846336e+00 1.62691665e+00
    1.55413008e+00 1.10839319e+00 1.12721682e+00 -4.43404734e-01
    -3.70820761e-01 1.16123557e-01 3.12947035e-02 1.07171035e+00
    1.54899788e+00 9.09844995e-01 -2.84933150e-01 3.98011208e-01
    -2.13815749e-01 9.07991350e-01 -6.85091376e-01 -4.29594517e-01
    4.81848955e-01 1.40281868e+00 7.89900362e-01 1.09415448e+00
    1.50688779e+00 1.63884878e+00 4.69146788e-01 1.66244054e+00
    1.53129911e+00 4.57422733e-01 2.63921320e-01 1.82505918e+00
    1.12988997e+00 1.09281838e+00 4.15111661e-01 7.64925599e-01
    -5.33995450e-01 8.42229784e-01 1.30739093e+00 7.46088266e-01
    1.46251273e+00 8.27126741e-01 4.58116591e-01 9.12571132e-01
    -1.62099600e-02 1.56872785e+00 -5.88378251e-01 4.69241679e-01
    -2.20891833e-01 -1.88155800e-01 -5.90454638e-01 8.71417463e-01
    1.77287936e+00 1.62849069e+00 1.46793652e+00 6.86546206e-01
    1.30240428e+00 2.95430422e-02 3.37877631e-01 2.47105956e-02
    1.59341180e+00 -9.83079672e-02 3.15916538e-01 -1.43372416e-01
    1.00545669e+00 1.42189360e+00 -4.72948313e-01 1.71927094e+00
    1.04703486e+00 -5.79070210e-01 -7.25765288e-01 6.74273252e-01
    -7.72387981e-01 1.28023958e+00 1.63720250e-01 1.67404556e+00
    -6.05391264e-02 8.43304098e-01 1.69347191e+00 1.15388107e+00
    1.19203413e+00 -6.61130786e-01 1.46041036e-01 1.75829780e+00
    9.89324331e-01 1.64111793e-01 1.07731867e+00 1.15244198e+00
    1.31953728e+00 1.77322268e-01 -3.61120105e-02 1.05865169e+00
    7.34028220e-01 1.05922055e+00 1.76382971e+00 1.73011398e+00
    1.63227701e+00 -7.14468956e-02 -6.19030416e-01 1.80529881e+00
    6.04249239e-01 2.70544827e-01 6.28751218e-01 -4.00979728e-01
    -1.32636011e-01 -2.24247158e-01 8.90917301e-01 3.36875975e-01
    1.11207736e+00 -2.18638659e-01 5.38704157e-01 5.81882596e-01
    7.91806996e-01 5.78511178e-01 -4.80512917e-01 3.78023207e-01
    9.12578046e-01 -3.34316373e-01 -1.79346263e-01 9.77202058e-01
    -6.20119572e-02 8.87193739e-01 2.70695686e-01 -3.32521856e-01
    4.79556382e-01 1.08699059e+00 5.80930412e-01 1.40269816e+00
    8.05201113e-01 1.52477849e+00 -5.72516203e-01 7.81455994e-01
    -1.76252276e-01 3.01757634e-01 3.01422298e-01 -4.88530636e-01
    -1.03840828e-01 8.35031152e-01 3.94966781e-01 -5.69491506e-01
    1.44220400e+00 -3.55957150e-02 8.64013851e-01 1.34044290e-02
    7.79964983e-01 -5.12344897e-01 1.30076528e+00 1.59445214e+00
    -4.23915505e-01 1.45511150e+00 5.87886155e-01 1.73667979e+00
    -1.45630658e-01 1.25056684e+00 1.12516046e+00 1.73048449e+00
    2.09503770e-01 1.26522303e-01 1.64486623e+00 1.34565401e+00
    1.70606065e+00 -3.75135660e-01 3.40305328e-01 -4.90530550e-01
    -9.24775600e-02 2.81831980e-01 8.94083381e-02 1.39200222e+00
    2.85263360e-01 8.01927924e-01 -2.77654201e-01 7.00176060e-01
    1.56999934e+00 8.84037673e-01 7.89672136e-03 -6.22182727e-01
    -3.65889072e-03 1.44363534e+00 -3.03530395e-01 -2.84520507e-01
    1.00642753e+00 -7.76308417e-01 4.54967022e-02 7.04618931e-01
    1.54720533e+00 -7.17600048e-01 1.58686948e+00 8.72725070e-01
    -5.20570040e-01 1.43115449e+00 -5.16170859e-01 -5.24783075e-01
    1.26568580e+00 2.97289789e-01 -5.19540429e-01 1.23450184e+00
    1.54719424e+00 1.99930668e-01 -6.90557539e-01 1.16660237e+00
    4.68747854e-01 6.71698391e-01 8.52536976e-01 2.19672024e-01
    1.47998583e+00 -6.06576145e-01 1.51329041e-01 1.76345110e-01
    1.25729084e+00 4.14454401e-01 1.58572376e+00 -6.00764275e-01
    -2.15272993e-01 1.03523827e+00 -2.49887347e-01 4.26669061e-01
    5.37529528e-01 8.82811069e-01 1.42579389e+00 -3.83375853e-01
    1.58401847e+00 2.28522539e-01 -3.13920975e-01 6.70126319e-01
    9.84144211e-01 -7.21169412e-01 7.02093422e-01 9.35799599e-01
    6.58552706e-01 -7.30139375e-01 -2.42255479e-01 6.18018389e-01
    -6.56856775e-01 -2.38578916e-01 8.08599651e-01 1.75986505e+00
    1.71644068e+00 1.76679063e+00 1.35002029e+00 1.32952929e-01
    8.21939290e-01 1.26754045e-01 1.52871406e+00 2.09598601e-01
    3.85270238e-01 -5.52101851e-01 8.17320943e-01 3.96105826e-01
    -5.88431060e-01 8.47693682e-02 1.27340794e+00 -4.08081770e-01
    1.57772565e+00 -1.65187597e-01 1.83191466e+00 -5.89125276e-01
    1.33250856e+00 1.00428462e+00 1.25374889e+00 9.34439957e-01
    -3.99081588e-01 -4.74275947e-01 6.40185952e-01 1.01501393e+00
    1.35861635e-01 1.67808044e+00 1.82710099e+00 -6.45179510e-01
    -4.32140350e-01 1.03597879e+00 1.64324379e+00 -5.02751648e-01
    8.68175983e-01 1.51790595e+00 -5.28798163e-01 1.17354035e+00
    1.49280691e+00 -2.11493433e-01 -3.78317863e-01 1.30602384e+00
    -6.59896076e-01 -7.68539786e-01 4.46954548e-01 1.05942178e+00
    -5.80698550e-01 -2.12170899e-01 9.94816244e-01 -3.32730025e-01
    1.24616480e+00 -5.29298544e-01 -1.42631233e-01 8.29098821e-01
    4.73906398e-02 3.70794952e-01 1.47688687e+00 6.68166876e-02
    -2.83137411e-01 -6.19127750e-01 4.78662610e-01 2.22419500e-01
    -8.45878720e-02 1.54197431e+00 1.66398263e+00 2.39060640e-01
    -6.46178246e-01 1.16611409e+00 1.28479958e+00 -1.30550444e-01
    -1.70827806e-01 1.13886142e+00 7.98614979e-01 1.50273323e-01
    -8.01683068e-01 1.69869816e+00 -4.88514781e-01 3.95573676e-01
    7.31631517e-01 6.52469397e-02 -6.45897448e-01 4.72891629e-01
    3.08049679e-01 -1.13783181e-01 4.89041209e-01 5.15307486e-01
    1.07651329e+00 5.57030082e-01 1.66086936e+00 -2.13821828e-01
    -3.76932502e-01 1.40618062e+00 1.55214119e+00 -1.40017271e-01
    5.93315065e-01 4.69846904e-01 1.08861327e+00 9.67092156e-01
    4.36327040e-01 1.59729242e+00 1.13987339e+00 -3.59716296e-01
    1.41968060e+00 6.46713734e-01 1.87639058e-01 1.50032210e+00
    -5.61987996e-01 -3.66969645e-01 -5.69092155e-01 6.36924088e-01
    -4.19376105e-01 -5.44211745e-01 1.67836928e+00 7.48929799e-01
    4.86584485e-01 -6.33768916e-01 1.18223166e+00 -4.57973957e-01
    -4.41686004e-01 -1.70496345e-01 1.69930220e+00 3.69728088e-01
    -4.97721076e-01 1.35787725e+00 -2.84773260e-01 6.94167018e-01
    2.72448599e-01 -5.09319365e-01 7.84221113e-01 -4.52264071e-01
    -5.19815922e-01 -9.15704966e-02 1.06974423e+00 -6.76689148e-01
    8.78380775e-01 -2.71403790e-01 1.23408782e+00 7.36307979e-01
    -3.78422141e-02 7.85915315e-01 5.92236757e-01 -4.13530022e-01
    8.75682712e-01 1.54808640e-01 4.75790083e-01 1.18048739e+00
    1.33276749e+00 1.27425575e+00 1.80988812e+00 -7.79765844e-03
    -6.21607423e-01 1.58980298e+00 3.87493253e-01 -4.01925206e-01
    3.87887836e-01 7.55282938e-01 9.01818275e-02 6.31737530e-01
    1.66049588e+00 1.52334380e+00 1.47606874e+00 1.22194099e+00
    -2.47937858e-01 5.36631346e-01 1.32927203e+00 1.30685568e+00
    1.18476808e+00 4.67370272e-01 1.31533313e+00 1.49560523e+00
    -5.05620480e-01 1.86537981e-01 -2.86505848e-01 8.05917203e-01
    1.05118334e-01 1.56361461e-02 -5.24623036e-01 1.56951594e+00
    8.45750511e-01 -3.63351494e-01 -6.93160653e-01 -5.24748683e-01
    -5.84311366e-01 -5.68330348e-01 -4.27525610e-01 -6.52393103e-02
    5.67315221e-01 3.24803352e-01 -2.79493004e-01 1.36968017e+00
    -3.99027467e-02 2.01635242e-01 6.94147468e-01 1.38738513e-01
    -3.55055332e-02 7.67262280e-01 1.03391814e+00 1.65131271e-01
    7.30538368e-03 -5.32425761e-01 -3.87161165e-01 5.21566868e-01
    -2.23554969e-01 -7.25672364e-01 8.90070438e-01 1.25954556e+00
    -1.35582089e-02 6.98487103e-01 7.98734009e-01 7.06566513e-01
    -4.38825279e-01 -5.84769607e-01 -6.30219579e-02 8.53964925e-01
    -6.96135998e-01 1.14623201e+00 7.06131876e-01 -3.63294870e-01
    -4.54212040e-01 6.30435169e-01 -3.67527932e-01 5.59728980e-01
    1.33478999e+00 4.58246350e-01 1.19205809e+00 -4.36133146e-02
    1.30189168e+00 1.60101056e-02 -3.26417744e-01 1.16193318e+00
    3.34666789e-01 3.40889096e-02 1.73559451e+00 -6.24144912e-01
    1.51143312e+00 1.44649625e-01 -2.59944558e-01 7.21325219e-01
    8.66154432e-01 -7.70176291e-01 -4.70522463e-01 5.30276239e-01
    1.05960977e+00 5.47388196e-02 6.61304116e-01 1.32284522e-01
    1.39135671e+00 1.66978776e+00 1.96240902e-01 1.24523008e+00
    1.56952918e-01 1.01354551e+00 1.10112381e+00 1.11632752e+00
    1.56144452e+00 2.08139241e-01 -4.43790764e-01 -2.04671681e-01
    -1.77825809e-01 1.68315601e+00 -2.71421283e-01 4.70431685e-01
    1.32952869e+00 2.58337736e-01 -1.48760259e-01 1.25686646e-01
    1.55954313e+00 -7.54562199e-01 1.59805799e+00 -4.37852174e-01
    1.03733432e+00 1.75378418e+00 1.58529496e+00 7.21976459e-01
    -6.13500535e-01 8.53660822e-01 1.51963460e+00 -4.41520423e-01
    2.45123804e-01 1.81629014e+00 9.61492479e-01 -1.47640705e-02
    8.05355787e-01 5.11912525e-01 1.28689134e+00 1.05673480e+00
    -5.11982679e-01 9.57942247e-01 1.01341856e+00 4.36834931e-01
    1.15908027e+00 -5.83398342e-02 3.44063044e-01 1.17140496e+00
    -3.83751094e-01 7.12490141e-01 4.31019306e-01 5.08021832e-01
    9.12603557e-01 1.69502211e+00 3.28589678e-01 6.33674204e-01
    1.01981306e+00 -6.25941336e-01 1.38882267e+00 1.30191565e-01
    1.61916590e+00 4.91066635e-01 1.39709687e+00 4.00918603e-01
    -3.16833973e-01 1.38265550e-01 1.90709352e+00 3.24590564e-01
    7.97168434e-01 7.43478537e-02 -6.33916140e-01 1.17998564e+00
    5.88216543e-01 -4.75733608e-01 1.14840698e+00 1.45467257e+00
    -2.11316049e-01 1.17084885e+00 2.78207779e-01 1.36003339e+00
    -5.81502914e-01 3.04945409e-01 1.18431592e+00 1.34330297e+00
    1.23236918e+00 7.86329269e-01 8.65585685e-01 8.87799740e-01
    1.10262752e+00 -2.00414956e-01 6.71795607e-01 1.38344431e+00
    9.96601880e-01 1.21150792e-01 1.14802599e-01 -5.30219138e-01
    -2.06929713e-01 1.34340847e+00 -6.13637686e-01 7.88280785e-01
    -9.01427865e-02 1.01688683e+00 1.20192659e+00 -2.56594986e-01
    2.57634461e-01 -3.31714660e-01 -4.14512187e-01 1.41012716e+00
    8.48807037e-01 1.63822782e+00 1.28527284e+00 6.91856980e-01
    5.36699891e-01 -2.66669154e-01 8.92124355e-01 6.49333477e-01
    4.92007494e-01 1.34808564e+00 3.37389171e-01 3.91294956e-02
    4.13282990e-01 6.53590500e-01 -5.86760163e-01 -5.22076070e-01
    1.32257962e+00 -5.08553386e-02 4.87943828e-01 4.65456843e-01
    -5.71696758e-02 7.38846660e-02 1.38696671e+00 -6.99503005e-01
    5.77291846e-02 4.33726907e-02 1.37935233e+00 1.03076780e+00
    1.00522208e+00 1.12693036e+00 2.98589766e-01 1.49771261e+00
    5.86855590e-01 1.44568133e+00 1.05039275e+00 1.70878315e+00
    -1.14315629e-01 1.18266833e+00 -7.34094977e-02 -5.85108578e-01
    9.17739093e-01 -5.46198010e-01 4.04233873e-01 1.03829646e+00
    4.72290277e-01 1.11268473e+00 1.64516902e+00 -3.99955869e-01
    -3.88886929e-02 4.89991665e-01 4.30844247e-01 1.48928761e-02
    7.95597911e-01 -5.00311911e-01 -6.45685673e-01 1.60187328e+00
    9.33549762e-01 7.91353285e-01 -3.54168802e-01 3.71300519e-01
    -2.34238803e-01 9.29955125e-01 -2.62165070e-02 -2.82132804e-01
    1.29823256e+00 8.32249999e-01 6.74469829e-01 4.67580855e-01
    6.66510582e-01 -4.54191774e-01 1.44763374e+00 -5.28975785e-01
    3.76114488e-01 -4.44883704e-02 1.63866103e-01 8.56844783e-01
    -4.81965452e-01 1.72386885e+00 1.23587132e+00 1.80011213e+00
    1.48949552e+00 7.24271476e-01 4.27599549e-01 -3.93506974e-01
    -1.59071028e-01 1.31343806e+00 1.05735326e+00 4.06585157e-01
    6.23335540e-01 -1.94428623e-01 1.38830483e+00 3.95750403e-02
    1.70563185e+00 1.42867827e+00 4.34771299e-01 9.08509016e-01
    -5.40931463e-01 -1.35367572e-01 -1.04609489e-01 1.08052623e+00
    -5.31542897e-01 1.46050549e+00 -4.58674848e-01 1.09376180e+00
    1.41831493e+00 2.64619589e-01 6.93792820e-01 1.17633820e+00
    -7.42776871e-01 1.66897488e+00 3.77487063e-01 8.88448954e-03
    2.32415736e-01 7.48277724e-01 1.47091329e+00 -2.22444534e-04
    3.27582061e-01 1.53834128e+00 1.26877522e+00 1.04834199e-01
    1.18900180e+00 -7.01925933e-01 1.54619122e+00 -5.34775972e-01
    -1.67489350e-01 1.30171347e+00 1.93802655e-01 -3.13339472e-01
    1.73245668e-01 1.07624900e+00 -6.71045840e-01 1.02026713e+00
    1.14746165e+00 6.35063410e-01 3.79808545e-01 -3.16811383e-01
    -3.68544102e-01 9.13984656e-01 1.56595373e+00 1.12689686e+00
    8.40464830e-02 -1.49824083e-01 2.21015573e-01 1.20805550e+00
    1.53927422e+00 7.98536360e-01 1.96982145e-01 9.81683493e-01
    1.44731545e+00 1.23774648e+00 6.51807606e-01 1.70176721e+00
    5.40161133e-03 8.89234185e-01 -1.54940009e-01 7.43808985e-01
    3.20084751e-01 -7.17104137e-01 -4.45264578e-03 -1.86190128e-01
    1.34773517e+00 -1.54168010e-02 1.01510358e+00 1.50737035e+00
    -6.53339624e-01 -4.96313125e-01 8.41341078e-01 7.99665272e-01
    -5.01552820e-01 2.11292386e-01 1.26886892e+00 -2.10491896e-01
    7.17787147e-01 -4.90314960e-02 1.20084858e+00 4.21442628e-01
    3.58865798e-01 -7.74070740e-01 6.32751942e-01 8.46994698e-01
    -7.53655732e-01 -7.34216273e-01 -4.05789047e-01 1.24714828e+00
    1.02222681e+00 1.24971712e+00 7.14688659e-01 1.40377045e-01
    1.43939245e+00 7.11424470e-01 -5.35255075e-01 1.50272131e+00
    1.55699110e+00 3.97577524e-01 2.16688931e-01 -4.90605682e-01
    1.68299699e+00 -4.25289869e-01 8.21061134e-02 1.25559330e+00
    7.33580589e-01 -3.80205423e-01 -5.40042400e-01 -5.49787283e-01
    -6.67523384e-01 1.93965316e-01 4.25904334e-01 8.68115604e-01
    2.75906086e-01 -1.59258246e-02 -1.97876692e-02 -5.05662918e-01
    1.09454787e+00 -9.86217260e-02 3.07391167e-01 1.46664453e+00
    -4.86441523e-01 5.61251104e-01 4.46861744e-01 1.00760460e+00
    2.99073637e-01 -2.60414630e-01 -1.18741512e-01 4.01767492e-02
    8.14181983e-01 1.61448109e+00 -4.90267098e-01 -5.42141616e-01
    1.16420865e+00 -6.76259398e-01 1.44562602e+00 8.80480409e-02
    4.67598081e-01 -2.64495790e-01 1.32262230e+00 1.54699755e+00
    4.20900881e-01 3.09245169e-01 4.46818471e-02 7.85733879e-01
    1.46856475e+00 6.30477488e-01 -5.42050600e-01 6.01452589e-01
    1.70816541e-01 1.01566517e+00 -6.37673259e-01 8.84262085e-01
    1.30662584e+00 1.17190289e+00 1.41195953e-01 9.75862145e-01
    2.03999281e-01 1.59742153e+00 4.23079789e-01 1.05973983e+00
    1.69798768e+00 -6.41246676e-01 -8.57043862e-02 7.53293931e-01
    1.35613656e+00 -3.67570698e-01 -5.18753648e-01 1.65317047e+00
    1.51113915e+00 1.34281862e+00 1.04142880e+00 7.40083456e-01
    9.23331320e-01 1.69194996e-01 -1.02514327e-01 -4.17962044e-01
    9.78841901e-01 1.05299377e+00 1.30054641e+00 1.60739756e+00
    -6.02292895e-01 -6.08278275e-01 8.33822846e-01 1.15239477e+00
    7.90819645e-01 -7.03911543e-01 1.21770024e-01 6.67783856e-01
    -3.72347355e-01 1.70595026e+00 2.04797983e-02 1.41261148e+00
    1.71895146e+00 -5.88913560e-01 3.92108738e-01 -3.50222617e-01
    8.06434155e-01 6.53852582e-01 1.67721295e+00 -1.04174614e-01
    5.20296812e-01 3.55818033e-01 1.69661498e+00 -6.35954976e-01
    7.55893826e-01 -2.65002787e-01 1.14484572e+00 1.62924290e-01
    -4.19252306e-01 1.60289693e+00 1.70788670e+00 -3.37738991e-02
    8.27907801e-01 -4.58425701e-01 9.83175635e-01 -2.25447834e-01
    5.24878204e-01 1.33486176e+00 1.55185914e+00 7.83803582e-01
    1.03177452e+00 -5.39566636e-01 1.58473110e+00 1.66756284e+00
    7.79299736e-02 7.66441464e-01 -6.92963719e-01 4.20629978e-03
    1.23734260e+00 -4.51073259e-01 1.10181165e+00 -5.40620089e-01
    5.02489030e-01 -1.59744442e-01 -4.13647026e-01 1.26897287e+00
    -4.81115013e-01 2.32224524e-01 3.23171675e-01 -2.56381184e-01
    1.56489110e+00 7.02011168e-01 -3.12426567e-01 4.26728606e-01
    1.45963919e+00 -2.76034474e-02 4.59045589e-01 -2.69846827e-01
    7.12160528e-01 1.71745896e+00 -4.27451491e-01 7.29610860e-01
    -2.35046506e-01 4.21675801e-01 1.02060592e+00 1.60121584e+00
    9.77474034e-01 -3.83807540e-01 1.14568591e+00 7.11244762e-01
    3.11173975e-01 1.21648705e+00 1.00853205e+00 7.09296465e-01
    -6.27500355e-01 6.04406595e-02 7.96139896e-01 2.60800123e-03
    -4.02865320e-01 1.32707906e+00 4.26211953e-02 -3.72856706e-01
    1.69873023e+00 7.09827721e-01 -3.24626982e-01 9.82829571e-01
    1.35605216e-01 1.18174553e-02 -6.98184490e-01 1.04617584e+00
    8.06900859e-01 3.67980301e-01 1.75973725e+00 2.18507648e-01
    9.49410856e-01 -6.31298542e-01 -9.49880481e-02 -5.93269050e-01
    -5.11680841e-02 -3.23935777e-01 3.39779735e-01 6.76555872e-01
    -3.53243738e-01 1.25793278e-01 1.38343191e+00 8.82462680e-01
    7.88527369e-01 1.76971745e+00 3.31193924e-01 -9.08802748e-02
    1.03021860e-01 -5.42019784e-01 5.05380392e-01 1.23620379e+00
    5.21064579e-01 9.37070608e-01 6.07658684e-01 -5.27849317e-01
    -3.35193396e-01 1.22002733e+00 3.07428658e-01 -2.79773921e-01
    8.93264949e-01 -5.86207509e-01 -6.89719737e-01 -1.04338527e-01
    1.71393859e+00 5.23959160e-01 -4.70606863e-01 1.70882940e-02
    -4.33160961e-01 -4.68091726e-01 8.36812854e-02 -2.57888377e-01
    5.07616103e-01 -2.03740358e-01 -1.24356329e-01 1.76616728e+00
    7.33103275e-01 5.34673989e-01 -5.62838554e-01 8.83472383e-01
    -4.90594327e-01 1.04454279e-01 2.31931090e-01 -5.85178137e-01
    1.48419869e+00 -2.74262279e-01 3.35108995e-01 6.53153658e-02
    1.46027601e+00 9.73254085e-01 3.08575630e-01 -3.59868020e-01
    7.86088169e-01 -4.99954879e-01 2.96693563e-01 -3.33880663e-01
    -4.10991579e-01 7.64651895e-01 1.42489791e+00 -7.44237840e-01
    5.43989599e-01 1.26674461e+00 3.55825424e-02 1.21388888e+00
    -6.30823255e-01 1.50147486e+00 1.60865748e+00 6.61437809e-01
    7.05707908e-01 1.82218158e+00 4.72391248e-01 9.19214308e-01
    1.56537485e+00 1.15782142e+00 1.60622227e+00 1.20198321e+00
    1.78619480e+00 -4.34744388e-01 1.61223567e+00 -5.24860442e-01
    6.97474480e-02 1.30959177e+00 1.19903111e+00 -3.59804690e-01
    -1.56292439e-01 6.25608563e-02 -2.68589556e-01 9.02667642e-02
    -5.82980692e-01 2.94831574e-01 9.28737342e-01 3.70726168e-01
    1.59942508e+00 8.36595178e-01 5.71185231e-01 1.49390924e+00
    -8.22134972e-01 1.27811980e+00 1.21924901e+00 1.35270357e+00
    1.23553562e+00 -5.90546966e-01 1.05938339e+00 6.29719555e-01
    -4.59437668e-01 5.32551587e-01 1.01916957e+00 4.52385068e-01
    1.63784158e+00 -7.30083227e-01 -4.82208729e-02 1.61070132e+00
    7.89922237e-01 -4.22450840e-01 6.93087876e-01 6.82790875e-02
    1.47253287e+00 -2.63507307e-01 8.65110338e-01 -5.02666235e-01
    1.12761009e+00 8.23793769e-01 2.25994587e-01 3.16330075e-01
    4.32857454e-01 -9.27522182e-02 6.19522333e-02 -4.69051719e-01
    1.72377801e+00 1.03879929e-01 1.39526153e+00 1.53680992e+00
    7.09756017e-01 -5.51485002e-01 8.87710273e-01 5.02876818e-01
    1.44791293e+00 1.52201772e+00 -1.61826193e-01 9.35689569e-01
    -1.04875028e-01 -6.10426068e-02 1.62821889e+00 1.34942770e+00
    1.30990434e+00 4.81401861e-01 -3.08370084e-01 8.33579183e-01
    -5.12906432e-01 1.11880124e+00 8.94196153e-01 5.21229565e-01
    -7.25750685e-01 -1.48353875e-01 2.55474567e-01 -2.17648923e-01
    1.05493236e+00 -7.46473730e-01 1.53787088e+00 8.06833565e-01
    5.15979171e-01 1.04262233e+00 -9.10555124e-02 1.12024474e+00
    2.10776865e-01 -7.13289738e-01 -1.06126964e-01 8.21411014e-02
    1.50353384e+00 1.10138381e+00 4.10543025e-01 -8.74560475e-02
    1.22585130e+00 -5.09869158e-01 1.37629282e+00 1.95297003e-01
    -9.07511711e-02 2.93142140e-01 1.60727668e+00 -4.82082039e-01
    1.01485670e+00 -2.86759049e-01 6.56587839e-01 -6.08489335e-01
    1.80818915e-01 5.56920469e-01 -3.92933279e-01 5.03502429e-01
    -1.89061761e-02 1.22166800e+00 2.01847553e-02 7.31694460e-01
    8.68251920e-01 1.22977662e+00 -3.10494304e-02 1.56017470e+00
    4.98982131e-01 1.41703176e+00 9.72635090e-01 1.61365509e+00
    -5.10690928e-01 1.74470067e+00 2.52234817e-01 -3.80543292e-01
    4.37050462e-02 1.04617381e+00 1.48058140e+00 1.90329313e+00
    4.19926882e-01 1.06621444e+00 -4.06863213e-01 -5.46414971e-01
    1.79213452e+00 1.73960066e+00 1.73959911e-01 9.57359731e-01
    -4.69738126e-01 9.29641843e-01 1.46439528e+00 1.28099024e+00
    1.09821463e+00 1.39735293e+00 3.13735008e-02 5.32552958e-01
    1.45827329e+00 5.25472045e-01 7.89021254e-01 1.59218073e+00
    5.05627096e-01 1.02467406e+00 -5.22236347e-01 -1.41941369e-01
    1.48195386e+00 8.74878526e-01 7.10813224e-01 1.71083593e+00
    -7.88967311e-01 1.16825080e+00 9.26183462e-01 5.72772563e-01
    -5.81737339e-01 1.69378114e+00 3.16915452e-01 -6.97156429e-01
    1.79305840e+00 -6.28030777e-01 1.59238696e+00 5.77193379e-01
    -3.63633782e-01 1.77310991e+00 -4.20144230e-01 1.17763996e+00
    -7.57991254e-01 9.23006237e-01 1.62738323e+00 1.48032475e+00
    3.72936487e-01 7.33515143e-01 -6.12903714e-01 1.60347533e+00
    1.02579486e+00 -1.66310132e-01 5.54243207e-01 1.09825313e+00
    3.37783098e-01 -2.08004236e-01 3.63777220e-01 9.57518220e-02
    1.57076049e+00 -4.93920952e-01 2.26817787e-01 1.48174834e+00
    -1.88891351e-01 1.44679046e+00 -2.44476974e-01 1.75901628e+00
    -1.81504846e-01 1.49702668e+00 1.51994002e+00 -2.76976228e-01
    -2.36321747e-01 7.22829700e-02 1.45789504e+00 1.81817424e+00
    1.12884343e+00 3.34372044e-01 1.28883815e+00 1.63745165e+00
    1.16505647e+00 1.00514150e+00 6.00680709e-01 1.58687079e+00
    6.74209118e-01 1.21876097e+00 -5.66384792e-01 2.63466239e-01
    2.41010904e-01 1.56405962e+00 -5.41827440e-01 1.21070981e+00
    -3.29193473e-01 1.04693675e+00 -4.90655124e-01 -4.89903092e-01
    1.43700862e+00 -6.08874500e-01 1.63263714e+00 6.28470957e-01
    -4.72431391e-01 1.77853227e+00 7.48528063e-01 1.14636326e+00
    9.95373905e-01 1.15641785e+00 -2.32408404e-01 1.07894158e+00
    1.65416026e+00 1.47701716e+00 -7.09151983e-01 1.48541069e+00
    1.44991267e+00 -3.05026621e-01 5.86066604e-01 1.72295034e-01
    -1.62715912e-02 -1.95507467e-01 -4.29766595e-01 6.56258106e-01
    7.24869311e-01 3.79211068e-01 6.96063697e-01 4.83984947e-02
    1.75144637e+00 2.74212718e-01 4.32946384e-01 -3.33404899e-01
    -3.35277498e-01 -2.14545220e-01 1.37767196e-01 -5.66993952e-02
    -4.84626353e-01 1.46275210e+00 -4.73360896e-01 3.70346546e-01
    3.88628364e-01 1.70563865e+00 1.17273784e+00 1.67311442e+00
    4.30795074e-01 2.64868855e-01 -5.00670850e-01 -4.63950634e-03
    -4.91028994e-01 -2.54104137e-02 -6.19497657e-01 1.68446159e+00
    3.74245405e-01 -8.37806463e-01 -4.14168239e-02 -6.75675035e-01
    7.98776150e-01 -1.44850552e-01 1.01264179e-01 6.88645601e-01
    -2.21434832e-01 1.64148772e+00 1.08230376e+00 -6.96657419e-01
    8.35792184e-01 -4.68304157e-02 -5.85558295e-01 1.11078155e+00
    1.73169327e+00 4.62370694e-01 -4.34596568e-01 1.30553925e+00
    -6.38491094e-01 -7.78530777e-01 -4.50374603e-01 3.89638007e-01
    -3.64346772e-01 -1.32828832e-01 1.63447571e+00 5.99472165e-01
    6.95585966e-01 -4.84724343e-01 8.05824697e-01 5.02990663e-01
    4.32614923e-01 1.55750620e+00 1.38660753e+00 4.82819378e-01
    6.40952885e-01 6.88848555e-01 -6.57031059e-01 4.06410694e-01
    1.03674364e+00 1.37021303e+00 -1.24367833e-01 1.49861383e+00
    1.44225669e+00 8.20520878e-01 5.62159181e-01 1.23503315e+00
    5.23303270e-01 1.22388732e+00 8.53797734e-01 -7.10474670e-01
    -7.44024754e-01 9.31241989e-01 -1.78627253e-01 1.54628515e+00
    -3.60866010e-01 1.31026804e-01 4.89191711e-01 1.03886247e+00
    1.49335647e+00 1.43045235e+00 1.49691081e+00 1.68347287e+00
    8.66091311e-01 -3.40751261e-01 -6.58782125e-02 -1.55128121e-01
    3.10859442e-01 1.63597202e+00 6.71972275e-01 1.15367782e+00
    -3.82423639e-01 1.36519778e+00 9.88189459e-01 1.27407908e-01
    1.06731963e+00 1.62284219e+00 1.47455096e-01 3.24025869e-01
    -5.60181975e-01 -4.31803405e-01 1.30812311e+00 -4.54966456e-01
    -6.55064225e-01 1.24099541e+00 1.64746034e+00 4.32802081e-01
    7.44004369e-01 -5.84121346e-01 9.35446143e-01 6.65745616e-01
    -2.24354446e-01 -1.31828129e-01 5.55253625e-02 5.77537119e-01
    -3.28407288e-02 -3.87857229e-01 4.81789768e-01 -4.31046158e-01
    1.62562084e+00 2.22548366e-01 3.14770043e-01 1.46390939e+00
    4.07596231e-02 -3.80853444e-01 2.43206799e-01 1.36478984e+00
    -5.43486834e-01 9.42994595e-01 1.04088783e+00 8.22962105e-01
    9.96471465e-01 -6.84950054e-01 1.37251341e+00 6.11424744e-01
    6.96662903e-01 -1.11724794e-01 -6.66319966e-01 2.17152059e-01
    -2.11908221e-01 -6.02929711e-01 8.90603125e-01 6.36372089e-01
    -4.00496215e-01 -2.74169236e-01 5.38524985e-01 -6.98819697e-01
    -6.34093881e-01 1.66385818e+00 -7.75320411e-01 -2.89189160e-01
    6.74336374e-01 2.87054718e-01 1.26636815e+00 -2.72750318e-01
    1.22346950e+00 1.37863946e+00 1.11467028e+00 3.01869810e-01
    9.55015600e-01 -6.02515638e-01 6.90120459e-01 2.22973049e-01
    1.72751784e+00 2.08643854e-01 -6.26353502e-01 1.46675909e+00
    -1.69607699e-01 1.76596618e+00 1.40067387e+00 4.50596213e-01
    8.44185531e-01 7.12582946e-01 -7.28363872e-01 4.72721279e-01
    -1.42837048e-01 1.17971015e+00 -5.43086886e-01 -7.28449762e-01
    7.89256990e-01 1.74491668e+00 -9.46342349e-02 6.53999507e-01
    -6.17777407e-01 -9.31432247e-02 1.18607879e-02 8.19807649e-01
    6.90052569e-01 2.73481607e-01 8.35358441e-01 5.81629395e-01
    3.53343427e-01 -5.12924075e-01 6.33448780e-01 1.49641991e+00
    8.39868605e-01 1.02033508e+00 -4.81014431e-01 4.39936817e-01
    5.27868867e-02 3.14150393e-01 1.54228282e+00 9.22512412e-01
    -2.32769668e-01 1.00988293e+00 1.29811716e+00 1.03133035e+00
    -5.67794621e-01 1.13348913e+00 -3.77644062e-01 4.20004249e-01
    1.81657195e+00 3.06871831e-01 6.31432056e-01 -1.22162998e-01
    -2.94619679e-01 4.63050485e-01 1.40449333e+00 -9.71152782e-02
    6.30647779e-01 1.22597873e+00 1.37058926e+00 -5.01730442e-01
    9.19491351e-01 1.35615444e+00 8.31640959e-02 -1.74123287e-01
    1.00980198e+00 -3.00052166e-02 8.82637739e-01 -3.00830424e-01
    -6.93345547e-01 7.04970181e-01 3.89692783e-02 1.21162081e+00
    4.97419775e-01 5.33679366e-01 1.64771152e+00 8.31356764e-01
    2.77177334e-01 -4.89993632e-01 1.45933008e+00 -3.85655880e-01
    3.22435200e-01 -8.93668532e-02 1.76638699e+00 1.49721003e+00
    7.49350131e-01 1.57519579e+00 5.87574065e-01 2.39909112e-01
    4.70164597e-01 2.09988892e-01 1.22935295e-01 3.54332328e-02
    1.08034515e+00 -4.40707147e-01 1.14244342e-01 5.95080197e-01
    1.61372113e+00 -3.77705544e-01 9.27959621e-01 -6.23840690e-02
    -4.46133852e-01 1.12495720e+00 3.41035008e-01 -5.48788071e-01
    -4.34971660e-01 -3.91598344e-01 1.00376058e+00 1.67883027e+00
    1.60047817e+00 1.45556748e-01 1.11406851e+00 1.69563484e+00
    9.11830068e-02 2.47222543e-01 1.46066165e+00 1.12112963e+00
    1.04403067e+00 4.84131455e-01 5.76106906e-01 6.75826311e-01
    1.40149558e+00 -5.68084717e-02 -1.51842654e-01 1.43636811e+00
    1.64833498e+00 9.46058810e-01 -8.08829665e-01 1.29366064e+00
    -7.55043149e-01 8.03221881e-01 1.13747692e+00 6.49673700e-01
    5.00198603e-02 -7.15301037e-01 1.57066107e+00 1.48504710e+00
    1.36993706e-01 6.90515161e-01 -7.49765635e-01 5.15829921e-01
    -2.14111924e-01 2.89934874e-03 5.03053546e-01 6.62652135e-01
    -3.88854295e-01 -5.44989109e-02 -8.92069221e-01 1.83206081e-01
    1.35969806e+00 -3.67898673e-01 5.08086801e-01 -5.67467213e-02
    1.63992333e+00 8.23763669e-01 1.08432221e+00 1.08697534e+00
    7.59068608e-01 4.79753911e-01 -2.70833552e-01 1.78228760e+00
    1.65439880e+00 6.58136606e-02 5.71288884e-01 1.92568898e-02
    2.86022007e-01 1.42647815e+00 8.04451466e-01 1.36905944e+00
    -6.45951271e-01 2.21329093e-01 -3.79558116e-01 1.68501759e+00
    7.62399316e-01 -3.90490144e-01 1.52704358e+00 2.86503136e-01
    3.14076066e-01 1.01176548e+00 -6.98041737e-01 2.05682814e-01
    1.64821017e+00 -3.33657950e-01 -4.22329903e-01 -6.15951717e-01
    9.02954459e-01 1.74822569e+00 5.74798286e-01 -6.69360161e-01
    1.54819095e+00 1.40390134e+00 1.40213335e+00 1.56638622e-01
    1.47913933e+00 1.67343831e+00 -4.40482080e-01 1.57784224e-02
    -1.10509634e-01 -2.39871740e-01 6.74362779e-02 1.06730115e+00
    1.41468740e+00 5.80831647e-01 1.06010556e-01 -7.14231551e-01
    -4.41000938e-01 1.28474927e+00 -7.74641633e-01 9.69334960e-01
    1.21352625e+00 -9.00803208e-02 -7.49021053e-01 3.70292783e-01
    -3.60996902e-01 1.28519404e+00 6.26551151e-01 -2.81395704e-01
    -2.21921444e-01 -1.38523400e-01 1.75829196e+00 -2.05462068e-01
    -5.12946367e-01 -5.24700463e-01 1.38252282e+00 2.81148612e-01
    8.59720647e-01 1.56346631e+00 -2.94498503e-01 1.41435790e+00
    8.37085843e-01 -4.33431208e-01 -5.56259334e-01 1.49773264e+00
    8.86060178e-01 8.16547573e-01 -7.34555662e-01 -1.47602260e-01
    6.79410815e-01 1.47237170e+00 1.04721320e+00 1.42266309e+00
    1.62664676e+00 4.33085144e-01 7.30122983e-01 1.41105807e+00
    1.53462946e+00 4.47840214e-01 -1.01964951e-01 1.00320172e+00
    1.57146657e+00 1.05830777e+00 4.08137441e-02 -3.87413830e-01
    1.27718520e+00 -3.68775845e-01 1.52237296e-01 1.03314734e+00
    -6.03734612e-01 1.50760412e+00 -5.58164477e-01 4.34058905e-03
    -3.39451045e-01 9.34497237e-01 1.75094724e+00 -5.06758392e-01
    1.21063840e+00 3.91875505e-02 1.39655387e+00 1.35058784e+00
    -3.82568359e-01 1.23936224e+00 -1.88870072e-01 1.30237222e+00
    -3.31724912e-01 1.80297899e+00 6.12080097e-02 8.21319997e-01
    -1.65427804e-01 1.64103055e+00 1.73039126e+00 5.29100418e-01
    1.49712384e+00 -5.19380927e-01 8.33187699e-01 8.32794845e-01
    5.48022807e-01 -4.37292725e-01 1.25847816e+00 -4.81635809e-01
    -2.94911504e-01 1.81840897e+00 -1.63084060e-01 -3.12041819e-01
    7.75055289e-02 1.47134721e+00 9.99609113e-01 6.14832878e-01
    7.58721590e-01 -3.96503299e-01 -4.08181995e-01 4.02071536e-01
    -4.58501697e-01 -7.01530337e-01 -6.96970284e-01 3.15754950e-01
    2.88703263e-01 2.87728429e-01 -6.95174515e-01 1.09327435e+00
    -3.35006088e-01 -2.42476583e-01 -4.17881459e-01 -5.16289115e-01
    5.05541742e-01 1.04034138e+00 -6.41439438e-01 7.61337280e-02
    -2.60535568e-01 1.32124019e+00 1.45915771e+00 -7.37660587e-01
    1.31544709e+00 7.12534547e-01 -6.57146692e-01 -7.97368824e-01
    3.23552549e-01 1.68123436e+00 5.15546918e-01 -9.01291370e-02
    -5.46982884e-01 1.55423284e+00 1.50193155e-01 -7.82765687e-01
    1.70695519e+00 -1.76622450e-01 4.87654805e-02 -5.24432540e-01
    -4.36445564e-01 5.34912705e-01 -2.08756447e-01 -7.95209467e-01
    -5.40123641e-01 -5.92380762e-02 2.68073261e-01 6.93356872e-01
    8.13798070e-01 -4.33357596e-01 9.49841142e-02 -2.43069887e-01
    9.33442891e-01 5.68522274e-01 -5.76589048e-01 1.77757835e+00
    3.77497435e-01 9.05243158e-01 1.74579322e-01 1.26099086e+00
    3.63681853e-01 1.69883728e-01 1.53662562e+00 -1.36059701e-01
    1.55477965e+00 7.91736782e-01 8.11384261e-01 1.16624689e+00
    1.35072863e+00 6.14345193e-01 2.61493266e-01 1.14166403e+00
    6.47902727e-01 -6.39442027e-01 3.39209080e-01 2.65604675e-01
    2.80150592e-01 1.28407478e-02 -3.22060913e-01 6.46701336e-01
    8.07466507e-02 5.80359280e-01 1.08608723e-01 1.04040706e+00
    5.14638424e-02 1.56196177e-01 1.42535448e-01 4.89510655e-01
    1.43775296e+00 1.08417368e+00 1.67394829e+00 8.26864123e-01
    3.54302585e-01 3.65291834e-01 -9.73875523e-02 1.50972104e+00
    1.00463796e+00 -4.88299459e-01 5.68054378e-01 2.74799764e-01
    6.21636748e-01 1.31038797e+00 1.57989919e-01 -3.30644906e-01
    1.21058655e+00 4.87533391e-01 9.94537473e-01 2.66258538e-01
    -4.29776490e-01 9.48514163e-01 1.15788519e-01 -6.01019502e-01
    8.61670375e-01 1.67883563e+00 1.26176405e+00 -5.78985393e-01
    -4.48324680e-02 1.43207479e+00 -5.57589412e-01 -4.72979546e-02
    5.53787529e-01 4.43462193e-01 -5.33045709e-01 7.79951513e-01
    4.04913247e-01 -2.38711178e-01 1.46900594e+00 9.00667906e-03
    3.02312493e-01 1.18059850e+00 -4.60709065e-01 2.54112303e-01
    1.15082169e+00 3.54661345e-01 -6.84077740e-02 7.51426160e-01
    5.34040809e-01 1.52416253e+00 1.50185895e+00 -4.85417545e-01
    -4.69434381e-01 -5.35470605e-01 -2.00965643e-01 3.18090320e-01
    -2.05005109e-01 1.75662637e-02 -6.69689238e-01 9.95676458e-01
    1.10803080e+00 -6.82981908e-01 -4.25555110e-02 1.20926142e+00
    -5.96560836e-01 4.93341684e-01 1.67985141e+00 -4.52529192e-01
    -3.66345644e-02 2.64657140e-02 8.48652959e-01 -4.45129305e-01
    1.41725838e+00 1.23280001e+00 1.09126616e+00 1.07300687e+00
    9.61997509e-02 1.35190678e+00 -4.90752250e-01 9.78804350e-01
    -1.54472530e-01 4.29810405e-01 3.15186381e-01 -4.25626338e-01
    -2.84643441e-01 -4.86957431e-02 7.03543007e-01 -5.24179280e-01
    -6.26607656e-01 -5.59264898e-01 -4.52784061e-01 9.82958734e-01
    -6.12028122e-01 -2.91075081e-01 -3.24842930e-02 5.69886386e-01
    -4.29417729e-01 4.87451851e-01 -6.16517901e-01 7.47044802e-01
    -6.87360823e-01 -6.23581052e-01 1.43503237e+00 -2.40575284e-01
    6.18256986e-01 8.70361984e-01 -5.45764983e-01 3.17718446e-01
    -4.90686625e-01 -2.18234122e-01 3.39084089e-01 1.43648219e+00
    3.34089041e-01 -1.59098804e-01 -1.98885858e-01 1.37515712e+00
    -1.27287567e-01 -7.80194938e-01 1.03459024e+00 -5.38715959e-01
    -2.43382812e-01 2.65256703e-01 4.67746198e-01 8.97345781e-01
    1.60661936e+00 1.06828773e+00 -3.56337786e-01 6.42927051e-01
    1.37907147e+00 7.23406434e-01 -1.96805477e-01 2.13610113e-01
    -5.63845634e-01 5.43294847e-01 1.59191418e+00 8.36208582e-01
    1.48165584e+00 8.66906643e-02 1.15406394e-01 9.61673260e-01
    1.51114464e+00 1.37851453e+00 -2.72798359e-01 1.50531292e-01
    -4.40158427e-01 7.62838125e-02 1.01125550e+00 2.70388544e-01
    -7.57420123e-01 1.89572036e-01 1.01430643e+00 -2.65072525e-01
    1.00263417e-01 8.08433115e-01 1.20022058e-01 3.08314621e-01
    7.63957679e-01 4.28486645e-01 3.39003086e-01 -1.09504044e-01
    -4.66956675e-01 -2.15369403e-01 -2.89616972e-01 6.31637394e-01
    3.13289225e-01 -4.91802096e-02 6.21322215e-01 -1.25842273e-01
    6.44353807e-01 1.70520258e+00 -7.12871373e-01 1.19481707e+00
    -2.30532825e-01 7.76330829e-02 -3.00891519e-01 1.22493529e+00
    1.09438777e+00 4.39093947e-01 6.18656874e-02 9.71212208e-01
    1.61058807e+00 1.87478781e-01 8.21718991e-01 1.10734582e+00
    1.71027327e+00 6.22508466e-01 -2.13212937e-01 -7.12040603e-01
    -7.00128138e-01 1.56235313e+00 1.63597012e+00 -3.56796622e-01
    7.78815389e-01 1.27361095e+00 -5.16713738e-01 1.24385071e+00
    9.67636526e-01 1.18756449e+00 -6.59209430e-01 -8.58988822e-01
    9.94922578e-01 1.97394788e-01 -3.80056292e-01 2.07826018e-01
    -6.99245095e-01 -1.12500370e-01 1.58684254e+00 6.54687941e-01
    4.04131055e-01 1.52926421e+00 -5.99283814e-01 1.44567037e+00
    5.69512665e-01 -1.70953870e-02 1.02355599e+00 4.62482333e-01
    -5.27246416e-01 -6.95546091e-01 1.86731696e+00 7.03708649e-01
    -4.13152397e-01 -4.37163472e-01 1.46506548e+00 -1.98900789e-01
    -1.94940686e-01 9.93316591e-01 1.38661468e+00 1.68907976e+00
    -2.88920641e-01 1.40150166e+00 2.39487648e-01 1.55913925e+00
    8.42443347e-01 -1.36597753e-01 4.07405078e-01 1.69898427e+00
    8.65945935e-01 5.65342188e-01 -3.10216576e-01 4.85158443e-01
    5.69486737e-01 3.30846786e-01 2.59060204e-01 1.21028841e+00
    2.53755927e-01 5.07690310e-01 9.50104952e-01 4.71859038e-01
    5.06466210e-01 9.80974793e-01 3.10199499e-01 1.31912756e+00
    9.24021304e-01 -1.30319953e-01 1.05482244e+00 -6.11444592e-01
    5.09618640e-01 -4.29916531e-01 1.51939261e+00 1.42898488e+00
    -1.03301525e-01 9.62664008e-01 1.81758106e-01 7.83011854e-01
    1.29607153e+00 6.29057884e-02 -3.11663151e-02 5.58984280e-03
    1.48397470e+00 1.25822449e+00 1.16351461e+00 3.08977425e-01
    2.22444177e-01 1.65107536e+00 5.20966053e-02 9.73453581e-01
    3.50824237e-01 1.38093340e+00 7.64453232e-01 -7.16144800e-01
    2.53359199e-01 -2.08692551e-01 3.48979533e-01 2.32131183e-01
    2.24209964e-01 -5.17932832e-01 -7.64615238e-01 6.45236552e-01
    -1.62656069e-01 1.05370164e-01 9.59296405e-01 1.07482004e+00
    4.04187024e-01 1.20800757e+00 5.99669158e-01 1.04741502e+00
    -6.20795488e-02 3.56317520e-01 -3.99297237e-01 9.10048008e-01
    -4.05419916e-01 9.31823254e-03 2.39058912e-01 1.08469677e+00
    2.91644096e-01 -1.97236717e-01 5.63623309e-01 6.65789962e-01
    1.79259324e+00 -3.91090959e-01 -7.95029402e-02 5.54913282e-03
    1.28397834e+00 -9.84817147e-02 1.19261456e+00 2.53804326e-01
    -2.98599839e-01 1.38208199e+00 8.98446441e-02 1.35672927e+00
    1.01976633e+00 6.63919032e-01 4.91800666e-01 1.08238173e+00
    8.18804085e-01 4.53963339e-01 1.71799088e+00 8.84490788e-01
    -3.12027216e-01 8.52356613e-01 1.48483229e+00 1.50843120e+00
    1.13711023e+00 1.41142392e+00 -8.87080431e-02 1.59147573e+00
    1.53325343e+00 1.73238111e+00 1.51164830e+00 1.17692864e+00
    6.41250074e-01 1.26639307e+00 -4.53876257e-02 -4.61165130e-01
    1.38958216e+00 -3.33716273e-02 1.52817178e+00 -4.27645683e-01
    1.66606760e+00 5.32323718e-01 5.45457602e-02 -8.09721947e-02
    8.27491283e-04 -4.90550458e-01 9.80047643e-01 6.76980853e-01
    1.32461071e+00 3.68154049e-02 1.12259936e+00 9.46676731e-02
    1.41123414e-01 1.59546149e+00 1.41578436e+00 8.64064753e-01
    1.31534576e+00 1.15988612e-01 -1.54646873e-01 -3.47541332e-01
    3.08857381e-01 5.95406711e-01 1.29048812e+00 1.14309406e+00
    -1.64010763e-01 1.18763876e+00 1.65589380e+00 1.13841021e+00
    -1.17298901e-01 -3.54521513e-01 -1.96167529e-01 1.22076488e+00
    1.20171118e+00 -4.33791161e-01 1.20121539e+00 9.39906657e-01
    1.02757454e+00 -2.43627816e-01 3.98088276e-01 -4.31121200e-01
    1.21775174e+00 1.05581295e+00 1.50506866e+00 -2.60586381e-01
    2.77650833e-01 1.42836571e-03 2.10618138e-01 -1.32617474e-01
    7.78261662e-01 1.09092760e+00 1.12742186e-02 7.42838502e-01
    1.58447683e-01 1.39747465e+00 3.91033888e-01 -3.52478743e-01
    9.79738593e-01 1.53454852e+00 3.67565632e-01 1.38426137e+00
    5.09610176e-02 -1.00355208e-01 6.48652613e-01 6.91849947e-01
    9.03427064e-01 -1.12596035e-01 1.57417989e+00 -6.43712401e-01
    1.43340290e-01 -4.71964657e-01 9.43495989e-01 7.11249113e-02
    1.24044228e+00 -3.30306381e-01 -3.63834620e-01 -2.93691516e-01
    1.32445872e-01 9.19495106e-01 8.87033939e-02 1.27160800e+00
    8.29793692e-01 -5.76776266e-02 1.15265894e+00 1.12097859e+00
    -1.18718505e-01 -2.76278257e-02 -2.63582408e-01 1.39419317e+00
    5.75247705e-01 8.86801600e-01 1.34664607e+00 5.21534979e-01
    -1.55205667e-01 -6.11388683e-02 8.75461221e-01 -6.33720875e-01
    1.58012891e+00 -1.61476135e-02 1.59760475e+00 1.55739331e+00
    1.50843191e+00 -7.72028625e-01 2.60805488e-01 1.19545984e+00
    1.04225767e+00 -6.17572665e-02 6.88483357e-01 1.92587554e-01
    7.62778342e-01 9.95707572e-01 9.47909951e-01 4.95723248e-01
    1.50688148e+00 -2.07499295e-01 -6.51893675e-01 1.77370787e+00
    6.36904895e-01 1.58722293e+00 3.12717378e-01 5.47654688e-01
    -7.46673942e-01 -6.83070600e-01 1.68226767e+00 1.61277711e+00
    1.14496613e+00 1.19876921e+00 1.70359230e+00 5.03657639e-01
    -2.91418433e-02 1.05491841e+00 1.63010573e+00 -2.46157706e-01
    1.68187332e+00 -5.92550576e-01 2.75899172e-01 5.28375447e-01
    1.34239841e+00 3.11078787e-01 2.62117982e-02 -4.14186090e-01
    9.17880058e-01 -7.45301664e-01 -8.09766829e-01 1.33711624e+00
    -8.15498233e-02 -2.88755417e-01 -8.33079040e-01 1.20499527e+00
    1.36931968e+00 -4.47818875e-01 -5.05036712e-02 -4.54073846e-01
    1.13231599e+00 1.05009949e+00 1.43093181e+00 -7.47282803e-01
    -1.88114226e-01 4.75542307e-01 1.23807812e+00 1.05914712e+00
    1.26782489e+00 -6.71477318e-02 1.10489202e+00 -3.76706183e-01
    1.02011096e+00 1.72325468e+00 -3.63290787e-01 8.35017264e-01
    -4.23156977e-01 -3.97790462e-01 -3.88554335e-01 6.90953076e-01
    9.36943889e-02 -1.66517794e-01 1.55418992e+00 1.21425390e+00
    1.35155964e+00 8.82813334e-02 7.40983486e-02 1.06494987e+00
    8.96253824e-01 -6.30660713e-01 1.40344048e+00 7.76632369e-01
    1.71751785e+00 -1.66157961e-01 1.66204631e-01 1.49018252e+00
    -6.45289540e-01 1.16130877e+00 -6.33743525e-01 2.10921526e-01
    1.16791975e+00 -4.82633531e-01 1.42510724e+00 9.55372274e-01
    1.18919349e+00 1.56750762e+00 -3.43684345e-01 1.58661139e+00
    5.28464973e-01 9.44497049e-01 -1.95300221e-01 8.48090947e-01
    1.37445509e+00 2.29150355e-01 1.00267386e+00 1.02792478e+00
    1.28493834e+00 -4.67968822e-01 1.49006009e+00 -7.09148288e-01
    8.80644321e-01 1.57164550e+00 1.22447872e+00 -5.58700442e-01
    -5.31134784e-01 7.83958614e-01 -3.27734292e-01 8.34177852e-01
    4.69429851e-01 1.40713477e+00 -3.00000995e-01 1.21889329e+00
    1.72663331e+00 -3.66155595e-01 1.82256162e-01 8.30292702e-02
    -4.09067988e-01 -5.95503628e-01 4.06766832e-01 4.89754081e-01
    1.16568589e+00 1.46115744e+00 8.64026248e-01 -1.08653009e-01
    2.32034087e-01 -1.01449907e-01 1.16406918e-01 9.15065587e-01
    7.53046513e-01 3.50807607e-01 1.16439879e+00 5.96214950e-01
    1.19359195e-01 1.29943681e+00 9.28203106e-01 1.33062720e+00
    1.27022731e+00 1.14655018e+00 8.56279612e-01 3.49123478e-01
    8.70053113e-01 1.11640739e+00 1.05895293e+00 1.35465240e+00
    1.03061962e+00 -5.78070164e-01 -2.70885468e-01 7.64881134e-01
    1.86943555e+00 -5.93886256e-01 1.68581402e+00 -5.28798461e-01
    9.01942849e-02 9.71728742e-01 3.15816104e-01 1.21045065e+00
    3.69409978e-01 6.23615861e-01 2.99306393e-01 -3.70056331e-01
    1.71668720e+00 8.69020402e-01 8.77232611e-01 2.61172712e-01
    3.47179770e-02 2.48516798e-01 7.72753477e-01 3.79214227e-01
    -2.86164343e-01 7.37270772e-01 1.29141784e+00 1.36784554e+00
    8.74158561e-01 5.19715786e-01 1.40729487e+00 1.44513202e+00
    8.44460547e-01 -1.34822488e-01 -5.61596036e-01 -6.00300074e-01
    1.37660718e+00 -1.92649841e-01 7.13813901e-02 8.97234678e-01
    7.06262529e-01 1.21671093e+00 1.06053138e+00 -7.96594679e-01
    -1.86115801e-01 -8.56328011e-03 -1.03559315e-01 -8.08359385e-02
    5.27219176e-02 1.44327211e+00 -2.80308396e-01 -3.52111846e-01
    2.35614359e-01 1.45416403e+00 -2.00947762e-01 1.44095492e+00
    3.00298512e-01 1.79285169e-01 5.11643827e-01 1.45497060e+00
    1.06325841e+00 1.34224224e+00 4.35261548e-01 1.60613489e+00
    -5.61102450e-01 -6.00007296e-01 8.41212332e-01 1.73141789e+00
    1.20210767e+00 -1.99597418e-01 4.39843833e-01 1.11298060e+00
    -1.24888718e-01 1.31989384e+00 3.67400050e-01 1.43938208e+00
    6.21532500e-01 -1.94123387e-02 1.30923080e+00 -2.13549376e-01
    1.78413725e+00 8.98540974e-01 -1.07476115e-01 6.96443856e-01
    2.77185440e-03 1.13270593e+00 1.56987023e+00 1.00830126e+00
    -2.67193019e-01 1.48378968e+00 8.09125662e-01 -7.17583656e-01
    6.74101114e-01 1.55119538e-01 6.34317875e-01 5.24185419e-01
    2.47860551e-02 1.20518470e+00 -2.62850106e-01 -1.57727838e-01
    1.53257680e+00 -5.57379663e-01 1.32223415e+00 1.27984273e+00
    6.04507625e-01 -7.24395633e-01 1.18525386e+00 -2.45565057e-01
    1.22482824e+00 1.33405375e+00 -5.40947020e-01 -3.92449647e-01
    1.74891686e+00 8.43456089e-01 -2.58337855e-02 1.30661750e+00
    1.80071938e+00 1.50634336e+00 1.29707158e-01 -1.99772358e-01
    1.19893146e+00 1.20170856e+00 1.61854219e+00 8.78064930e-01
    2.38461614e-01 -3.08198005e-01 3.71985435e-01 1.39403820e-01
    -1.90779567e-02 2.89419353e-01 1.22491765e+00 -2.62648493e-01
    1.36018300e+00 9.66493785e-01 2.17385471e-01 4.71854210e-02
    -7.17285275e-01 1.38003087e+00 1.12573957e+00 6.59114718e-01
    1.08203697e+00 1.65868473e+00 -2.37001777e-01 -4.30749148e-01
    1.14684343e+00 -4.95704085e-01 1.67009306e+00 5.48260748e-01
    3.73870492e-01 7.63396800e-01 -4.36173469e-01 1.23585522e+00
    -2.07715034e-02 -5.86976647e-01 1.68995929e+00 4.59852755e-01
    1.23252058e+00 1.26229072e+00 -2.99293339e-01 -1.55535638e-01
    1.46285820e+00 6.88213766e-01 1.10929585e+00 1.26395297e+00
    -7.03214169e-01 1.18698084e+00 -1.24864221e-01 7.65389085e-01
    -3.87391150e-01 6.52816415e-01 2.69314647e-01 1.65584803e+00
    1.76206243e+00 -7.31728792e-01 6.37755036e-01 -6.17756665e-01
    1.53188252e+00 1.55660355e+00 -8.10970306e-01 8.92790616e-01
    -3.60590816e-01 1.35453176e+00 -2.05681205e-01 7.84875751e-02
    -6.90683126e-02 1.47283268e+00 1.21363187e+00 -2.40036845e-02
    -6.57864571e-01 1.50040901e+00 5.69562674e-01 1.55839992e+00
    2.26837158e-01 4.51485753e-01 -4.29175943e-01 -6.26552105e-03
    8.33474934e-01 5.69057405e-01 -6.70431554e-01 1.22278285e+00
    2.78476119e-01 1.44540596e+00 1.28562212e+00 1.59314036e+00
    8.05204332e-01 1.32793891e+00 2.99587488e-01 -2.98005462e-01
    -7.94602633e-02 -2.60438025e-01 1.23185968e+00 -7.38449633e-01
    1.17768860e+00 1.87293351e-01 7.37270653e-01 1.72436643e+00
    1.94911182e-01 -3.09174210e-01 -1.06874049e-01 1.49132359e+00
    1.11844957e+00 4.87366855e-01 3.55249882e-01 -3.15594733e-01
    8.04113269e-01 1.36472273e+00 -5.98763883e-01 9.16766524e-02
    1.37600601e+00 4.52194214e-02 1.49178493e+00 -7.25328922e-03
    -1.19884193e-01 4.47395563e-01 5.78899741e-01 1.11696208e+00
    1.23895979e+00 9.00053144e-01 -7.03882217e-01 1.11481500e+00
    -1.71424448e-01 -6.76989317e-01 1.39034665e+00 -4.60598707e-01
    9.61335003e-01 -4.85500813e-01 3.20879221e-01 1.48500741e+00
    1.37664199e-01 2.28835046e-01 -5.46674013e-01 1.06446147e+00
    7.10942268e-01 1.98533893e-01 8.78097117e-01 4.87398565e-01
    -8.12910795e-02 1.38627028e+00 4.05383945e-01 9.48516667e-01
    4.05636787e-01 7.75515914e-01 1.44783640e+00 9.80660200e-01
    -3.70209634e-01 1.82735920e-01 1.79659951e+00 1.55445671e+00
    5.47580123e-01 -2.59753734e-01 -4.06927347e-01 1.55445993e+00
    1.47015810e+00 2.72747874e-02 -4.65987891e-01 6.22005403e-01
    -7.80133605e-02 -4.32690233e-01 1.71696997e+00 1.30654597e+00
    5.84663749e-02 7.25246072e-02 -2.25740433e-01 1.24183321e+00
    1.08182263e+00 -3.83135080e-02 1.34524870e+00 8.25350106e-01
    3.99430513e-01 1.49567342e+00 6.38262510e-01 1.17294073e-01
    8.60278964e-01 1.34917188e+00 1.28294396e+00 1.57386160e+00
    9.70200598e-01 1.39984298e+00 9.21712160e-01 -2.52938330e-01
    1.46122122e+00 1.32171142e+00 -3.46073389e-01 1.37895811e+00
    4.11180198e-01 1.42241204e+00 -4.63138103e-01 1.08601856e+00
    -2.90845960e-01 3.65109622e-01 7.78533161e-01 -3.58548611e-01
    2.94793069e-01 1.47970772e+00 -4.14644092e-01 1.16204381e+00
    1.60406113e+00 1.28564835e+00 9.07173872e-01 9.15137708e-01
    -5.64484715e-01 -5.01001716e-01 1.00328946e+00 5.61035454e-01
    9.96547759e-01 1.75537622e+00 1.45502746e+00 -1.12055659e-01
    1.45132709e+00 1.64588130e+00 2.78970659e-01 1.71116352e+00
    1.20594501e-02 1.43298841e+00 5.26031196e-01 -6.54712617e-01
    6.60023272e-01 3.58512402e-01 1.25979614e+00 1.08205521e+00
    1.16248345e+00 -4.04704541e-01 -7.43629575e-01 1.26199961e-01
    1.66896558e+00 1.41303301e+00 -1.49661303e-01 1.07997990e+00
    6.64985955e-01 3.00732255e-02 1.54248762e+00 -5.71869612e-01
    -4.78974432e-01 1.43618965e+00 1.27712750e+00 7.16181278e-01
    -6.04868174e-01 1.53830922e+00 1.49635434e+00 1.16872287e+00
    1.09654784e+00 6.68168724e-01 1.45817506e+00 1.57419503e+00
    1.58648288e+00 1.05005765e+00 6.02859795e-01 3.44570816e-01
    1.72721946e+00 2.94504523e-01 2.64969409e-01 7.82367170e-01
    -7.45339751e-01 1.27791882e-01 8.43797565e-01 1.10483646e+00
    1.44160295e+00 -1.05113328e-01 1.33771586e+00 6.11467659e-01
    -2.97369659e-01 1.08148551e+00 -1.12909675e-01 -5.58081746e-01
    -4.81174052e-01 5.19715309e-01 2.93514192e-01 -6.41376555e-01
    -1.69838190e-01 -5.95689833e-01 8.29609931e-01 1.42082930e+00
    9.77628469e-01 -2.61217356e-03 7.34306514e-01 -2.84205824e-01
    8.90432656e-01 1.34484386e+00 7.37845302e-02 -4.15723711e-01
    1.30649018e+00 -2.72691250e-04 1.54890752e+00 2.62797475e-01
    1.52097106e+00 7.35374391e-01 -3.48014921e-01 1.63695705e+00
    2.63762355e-01 9.41830158e-01 5.26033640e-01 -1.52110457e-01
    -5.42356730e-01 -4.04065967e-01 1.59555781e+00 4.07519817e-01
    1.21241903e+00 1.40296328e+00 1.52727246e+00 -7.86492288e-01
    -7.24072516e-01 6.35467887e-01 1.07256794e+00 -1.48080409e-01
    -1.80629909e-01 2.33888984e-01 1.30684972e-01 -4.29073781e-01
    -1.67223781e-01 1.79439902e-01 1.34327602e+00 9.22733366e-01
    1.66690540e+00 -5.03324807e-01 8.62137914e-01 6.13503098e-01
    1.13365507e+00 3.45779896e-01 -1.94352448e-01 9.14428353e-01
    3.77250791e-01 5.93327284e-02 -3.35735679e-02 5.18823802e-01
    4.51933503e-01 8.90924931e-01 1.00774026e+00 1.36740196e+00
    -3.04057598e-01 1.64379692e+00 -1.67159647e-01 1.58031881e-01
    -6.44746661e-01 1.74543118e+00 2.62516737e-01 -6.12154543e-01
    3.27112556e-01 -8.70824695e-01 1.59661913e+00 1.42956710e+00
    8.32828701e-01 7.67731845e-01 -4.61922884e-02 1.84424222e-01
    -5.10270357e-01 1.12042975e+00 6.33225262e-01 1.12270355e+00
    -1.45696461e-01 1.79424047e+00 2.48647749e-01 -2.54713297e-01
    6.40342236e-02 2.78019905e-01 1.24226701e+00 1.06023574e+00
    7.89385080e-01 1.79826379e-01 8.51755142e-02 9.54640150e-01
    1.36373973e+00 1.70945978e+00 -2.06202805e-01 6.68614507e-02
    1.30545914e-01 5.74548006e-01 -6.24309242e-01 -2.12096572e-01
    9.40148175e-01 7.84334660e-01 8.70978057e-01 -2.30086267e-01
    2.90393054e-01 8.91644716e-01 -6.74090505e-01 8.34682822e-01
    1.34679413e+00 -1.81075513e-01 -6.14875019e-01 1.21472359e+00
    -7.15259254e-01 1.10620427e+00 -5.31615853e-01 -8.00552547e-01
    9.06622231e-01 7.30497241e-01 1.14292550e+00 -3.75008702e-01
    1.09459329e+00 -4.85325456e-02 1.23010421e+00 1.84752166e-01
    -6.49872303e-01 -1.07935011e-01 -1.80821866e-01 1.61449194e+00
    -4.07472134e-01 1.83158374e+00 -6.62895799e-01 4.93184626e-01
    -2.41969287e-01 3.66187274e-01 -3.82062852e-01 5.09130597e-01
    -7.35388875e-01 1.69662178e-01 -6.87742889e-01 8.31412256e-01
    9.93944764e-01 1.28443730e+00 7.78610826e-01 6.40640676e-01
    2.38241315e-01 1.50774527e+00 -3.17137837e-02 1.21529734e+00
    6.58028483e-01 -7.76621521e-01 9.70390260e-01 -3.36283565e-01
    8.98052692e-01 -9.13799286e-01 8.39945316e-01 -6.03860617e-01
    1.76195300e+00 -6.67244792e-02 4.63240802e-01 -5.80740929e-01
    -4.74835247e-01 -5.48204541e-01 1.32209826e+00 4.98435259e-01
    3.18743944e-01 7.77982533e-01 -1.44910336e-01 6.45413399e-02
    1.46997440e+00 1.43010461e+00 9.56412137e-01 -6.15933180e-01
    -4.04242039e-01 1.27628326e+00 -1.75832212e-01 1.78394818e+00
    9.95469093e-02 -5.40841579e-01 -5.18463373e-01 4.79075611e-01
    4.15436983e-01 -7.32065201e-01 -9.61117744e-02 -5.36679745e-01
    -5.05176008e-01 1.11631179e+00 9.35253203e-01 1.12760639e+00
    1.70966411e+00 9.12800014e-01 -3.92781407e-01 1.03586435e-01
    1.26808071e+00 1.27510309e-01 1.48860681e+00 5.57422638e-04
    1.84197783e-01 1.28165507e+00 -7.01916814e-02 3.03964734e-01
    -5.62816858e-02 5.82729340e-01 4.05044198e-01 3.65830600e-01
    1.25691056e+00 -4.27565366e-01 1.62478280e+00 1.26571214e+00
    -4.21909004e-01 9.34387386e-01 2.98020124e-01 2.13886559e-01
    6.10160828e-01 1.68761849e-01 1.62121367e+00 -5.07587552e-01
    -6.80937648e-01 3.17569256e-01 1.06804514e+00 9.47197258e-01
    -1.24010444e-02 4.99572515e-01 -6.65331423e-01 6.21966839e-01
    5.17241776e-01 6.01869226e-02 -2.82680809e-01 1.42918110e+00
    8.87027025e-01 2.16646314e-01 -5.73734999e-01 1.42345536e+00
    1.52822065e+00 1.04467916e+00 9.60424006e-01 1.00837350e-02
    -5.36121130e-02 4.00512874e-01 -6.75426066e-01 -3.88522238e-01
    3.58961582e-01 8.77076447e-01 1.01026273e+00 7.31582761e-01
    -8.87545943e-02 3.59476805e-01 -2.17383742e-01 1.63050652e+00
    -4.03891981e-01 1.28577602e+00 -6.06623054e-01 1.36039889e+00
    6.84945643e-01 2.42036462e-01 -4.52306181e-01 1.26386118e+00
    3.80649567e-01 9.79143977e-02 1.55561352e+00 1.77964449e-01
    3.94949377e-01 1.24349570e+00 4.65444446e-01 6.82280838e-01
    -4.81508017e-01 1.59739494e-01 1.45371771e+00 1.56518626e+00
    1.49576139e+00 1.70085382e+00 -5.36983371e-01 1.44983459e+00
    1.49933004e+00 2.52380788e-01 -5.24255872e-01 2.06447959e-01
    3.73706162e-01 8.39207888e-01 1.82511532e+00 5.77477038e-01
    1.24389815e+00 -7.38024473e-01 8.75689030e-01 -5.23802340e-01
    1.33402514e+00 6.01501107e-01 9.95588899e-02 -5.24953842e-01
    -2.17015266e-01 1.55716717e-01 8.25194895e-01 1.21235895e+00
    -1.42682314e-01 4.37138677e-02 8.69481564e-02 -3.17955911e-01
    -2.57081389e-01 1.81581330e+00 1.47580564e+00 -2.83256739e-01
    3.08772504e-01 5.10632217e-01 -1.31687939e-01 1.28099680e+00
    1.50355935e+00 8.13829184e-01 1.38677430e+00 1.53699887e+00
    1.30814123e+00 -7.96457529e-02 5.56714177e-01 -3.34528357e-01
    2.03733504e-01 4.55186605e-01 1.58653617e-01 -8.79534483e-02
    -5.28829098e-02 1.35234761e+00 -5.62384963e-01 -5.29914439e-01
    -1.81741863e-01 -6.61257923e-01 1.16374302e+00 2.56087959e-01
    5.00325680e-01 1.52014494e+00 7.09724903e-01 -5.43462753e-01
    1.23224437e+00 7.27827609e-01 9.41559553e-01 1.22536433e+00
    1.48502612e+00 -2.44090736e-01 1.43907249e+00 1.31078434e+00
    1.59762430e+00 5.73784649e-01 -5.98966897e-01 -9.62413549e-02
    1.73311567e+00 1.42491710e+00 4.15626764e-01 -4.51473475e-01
    -4.88175273e-01 -1.60520136e-01 -5.81091940e-01 1.73899579e+00
    -1.16571486e-01 1.77475929e+00 9.87509966e-01 -2.67997801e-01
    1.03126216e+00 3.62431288e-01 -2.78678656e-01 6.10061884e-02
    2.10324585e-01 3.10257733e-01 1.20349455e+00 9.03591692e-01
    1.47752929e+00 2.28015900e-01 -2.05137134e-02 1.38178480e+00
    5.03973961e-01 4.35683370e-01 1.15538383e+00 2.76710272e-01
    -6.80680871e-02 3.62551987e-01 -5.66127062e-01 8.96691382e-01
    5.16097367e-01 -5.67716122e-01 1.36748314e+00 9.67427194e-01
    7.42470145e-01 7.05405772e-01 -8.92531276e-02 1.07957339e+00
    2.18471050e-01 -1.67441428e-01 -1.53258264e-01 1.16598761e+00
    9.82369363e-01 -7.24405050e-02 3.12312245e-01 -5.16571522e-01
    1.74580610e+00 8.15588653e-01 -2.62541890e-01 -4.39743251e-01
    -4.98144507e-01 1.56994772e+00 1.02263951e+00 7.93609560e-01
    -1.28148198e-02 1.65660214e+00 -4.07109052e-01 8.88864398e-01
    8.56670558e-01 -2.47841477e-02 -6.22771680e-01 9.07988846e-01
    9.70816612e-03 2.90894508e-03 1.64895797e+00 -8.91203284e-02
    1.31856382e-01 -3.60563576e-01 -2.37641037e-01 7.73164868e-01
    1.57553649e+00 4.09185827e-01 1.43903673e+00 4.38928425e-01
    5.21589577e-01 -7.65621960e-01 1.32921410e+00 5.44539869e-01
    5.83918691e-01 5.84512711e-01 -8.30484927e-01 -5.86471498e-01
    1.27838087e+00 1.62868178e+00 1.56500578e-01 8.37604642e-01
    9.93127227e-02 9.64756250e-01 9.83422041e-01 1.38639808e-01
    7.88701117e-01 -9.73454118e-02 1.41587281e+00 8.11546624e-01
    -5.04334509e-01 -1.91313028e-03 6.84497714e-01 -3.83649826e-01
    1.13417935e+00 1.06640172e+00 8.65940094e-01 -4.61829126e-01
    1.18832350e+00 8.59242916e-01 -8.09585452e-02 -4.20069188e-01
    1.67192018e+00 1.02363586e-01 -3.49612772e-01 2.57978499e-01
    5.53784907e-01 5.13295531e-02 -4.32201922e-01 1.40660739e+00
    -6.76063299e-01 -5.52954018e-01 1.35912490e+00 1.73504472e+00
    -2.11061239e-01 3.18622947e-01 -1.00077271e-01 5.54132819e-01
    1.65159643e-01 1.34839892e+00 -7.27751255e-02 1.59532368e-01
    1.43400776e+00 8.59653175e-01 -7.14961052e-01 1.74187124e+00
    5.40173888e-01 3.63338232e-01 3.35760772e-01 -5.85349798e-02
    1.21868026e+00 8.36801767e-01 6.45622194e-01 -2.53318131e-01
    1.50195694e+00 1.10175753e+00 1.50980163e+00 2.27510750e-01
    -1.11007154e-01 3.76066208e-01 1.62641454e+00 7.12244689e-01
    -1.66365206e-01 9.93737936e-01 1.34214687e+00 -2.47788548e-01
    1.71473968e+00 2.19974220e-01 -2.53968060e-01 -2.63111591e-02
    1.70998335e+00 -5.28610110e-01 9.47251201e-01 1.12047958e+00
    1.07471871e+00 1.83377147e-01 1.08423364e+00 7.97696412e-01
    5.54370284e-02 1.71296811e+00 7.12187886e-02 -4.34395730e-01
    2.47969151e-01 8.62662017e-01 1.07130361e+00 1.57820463e+00
    -2.16032445e-01 1.49622262e-01 -1.71759844e-01 2.56222486e-01
    1.62655878e+00 -4.17280763e-01 1.61602664e+00 -6.86013818e-01
    -1.87293649e-01 1.16200328e-01 1.00913250e+00 -5.09931922e-01
    1.04544222e-01 1.45133555e+00 -2.70337164e-01 2.77750432e-01
    1.95315838e-01 -4.52637732e-01 -4.83691514e-01 -1.43816471e-02
    8.96269143e-01 5.87369204e-02 1.34041715e+00 2.01649964e-01
    1.29414272e+00 1.32499743e+00 -8.27394724e-02 1.51705146e+00
    -3.25030118e-01 2.24318504e-01 -6.31857574e-01 2.91040480e-01
    1.29171753e+00 1.59797025e+00 9.53241050e-01 -6.24761760e-01
    8.38020265e-01 1.32005405e+00 7.46532857e-01 5.59997559e-02
    -3.50915194e-02 9.13990498e-01 6.65440917e-01 1.25958323e-01
    -7.80623198e-01 6.61982894e-01 5.80405951e-01 1.49343598e+00
    6.70846641e-01 -4.76964712e-01 1.10078812e-01 -6.88604951e-01
    1.09780800e+00 7.37783492e-01 1.37095022e+00 -1.38228238e-01
    1.59633231e+00 -7.19804943e-01 7.73470044e-01 -6.05678201e-01
    1.13655651e+00 -1.28000617e-01 4.41929102e-02 2.10529685e-01
    9.69882607e-01 4.87021327e-01 1.00158930e+00 1.09543920e-01
    4.92997289e-01 -6.15839779e-01 -6.40820861e-01 1.17702711e+00
    1.03475714e+00 7.29745984e-01 9.04663205e-01 4.83887315e-01
    -3.63205284e-01 1.25918937e+00 -2.83002883e-01 -2.90129036e-01
    1.18432581e-01 8.09894621e-01 -6.98450983e-01 -6.87131584e-01
    3.67588878e-01 -2.40087777e-01 4.76179242e-01 5.47401905e-02
    -3.22680950e-01 1.36770129e+00 -5.57461441e-01 -3.79846931e-01
    7.15325594e-01 1.29841447e+00 -1.68213964e-01 7.70368159e-01
    1.68825388e+00 -4.47697610e-01 9.94416595e-01 1.01283038e+00
    1.48010182e+00 7.67007113e-01 1.26146901e+00 1.45038772e+00
    4.09880579e-01 -3.73435080e-01 2.97494054e-01 1.57265973e+00
    6.94230616e-01 2.43448973e-01 4.26631451e-01 3.89846623e-01
    1.13707614e+00 1.07891345e+00 1.50466108e+00 5.36902964e-01
    1.74727964e+00 -2.35342622e-01 6.60754740e-01 -1.68629527e-01
    8.76284242e-01 1.46257317e+00 3.54112983e-02 -6.17377162e-01
    1.59710348e-01 1.27318740e-01 -1.83524311e-01 -4.49577719e-01
    1.59292531e+00 -5.81111670e-01 1.82872200e+00 -1.97772622e-01
    -1.51615500e-01 -1.19563401e-01 -1.08250201e-01 -2.14202702e-01
    3.96388650e-01 1.19453251e+00 1.10025012e+00 1.25432873e+00
    3.51488590e-04 1.47302496e+00 -4.86375660e-01 1.74512470e+00
    1.43804693e+00 7.28273928e-01 -4.03815508e-01 4.69253778e-01
    1.24674261e-01 -4.29053754e-01 1.75452089e+00 5.67897618e-01
    -3.36304992e-01 5.25139630e-01 1.26947904e+00 4.30257022e-01
    1.60400200e+00 5.52348256e-01 -5.53576350e-02 -2.57925987e-01
    1.54533970e+00 -6.48885965e-02 5.37523150e-01 3.21441114e-01
    1.34756851e+00 5.09368241e-01 -8.43610823e-01 -4.91845757e-01
    4.01159585e-01 -3.74082327e-02 8.78370881e-01 2.63532162e-01
    7.44285583e-02 1.63419795e+00 1.19285917e+00 1.33497810e+00
    -3.10340881e-01 8.73138905e-02 5.87722123e-01 9.80261922e-01
    1.44652927e+00 -6.99761689e-01 1.72822809e+00 2.70603120e-01
    3.18624914e-01 -1.80914938e-01 -7.38129616e-01 -7.07759738e-01
    9.26834285e-01 7.67037272e-01 1.01379013e+00 -9.48141813e-02
    -7.10825741e-01 6.34089112e-02 1.88319445e-01 1.15535760e+00
    1.23444366e+00 1.64637446e+00 1.28942907e-01 -2.16648519e-01
    3.25676441e-01 -5.51242173e-01 4.79239821e-01 -8.03701282e-02
    4.84770656e-01 -7.50981390e-01 4.46690381e-01 -7.10418880e-01
    1.59727597e+00 -1.76113307e-01 1.33035779e+00 1.52881861e-01
    1.06660402e+00 7.29584396e-01 5.23942590e-01 -4.88272369e-01
    6.90093517e-01 -3.86273921e-01 4.46786106e-01 9.57073867e-01
    7.14850128e-01 9.24456120e-02 -3.68807763e-01 4.77878153e-01
    1.08435249e+00 -6.42199159e-01 1.12800574e+00 1.54427385e+00
    8.34326982e-01 -6.63646519e-01 -4.80053246e-01 1.42731786e-01
    -1.52580917e-01 -7.61914313e-01 1.44270420e-01 1.29065061e+00
    7.42049336e-01 1.16952968e+00 -6.60586536e-01 5.62772334e-01
    1.47731984e+00 7.49577224e-01 -3.27883303e-01 -4.40274984e-01
    1.59404707e+00 1.31786537e+00 -8.94480228e-01 6.03890955e-01
    8.64283860e-01 -3.91302854e-01 -5.41902125e-01 1.80220103e+00
    1.29110730e+00 -6.90398872e-01 3.01587880e-01 1.41561389e+00
    8.22024047e-01 9.14227664e-01 2.71380007e-01 9.41132605e-01
    6.25919878e-01 1.43061495e+00 1.09424949e-01 1.00489557e-01
    -4.61045384e-01 -4.88634497e-01 5.86773872e-01 8.77353549e-01
    1.16203547e+00 1.39853573e+00 -4.06960249e-01 -3.52760643e-01
    -4.92726386e-01 -4.63556290e-01 -3.67795259e-01 1.23246205e+00
    1.57673502e+00 -2.82204092e-01 -7.45837569e-01 -1.59621239e-01
    1.44364834e-02 1.98213100e-01 1.09403014e+00 -3.31066638e-01
    2.59381354e-01 1.61248076e+00 9.43406403e-01 -1.73432410e-01
    1.13814545e+00 1.39566386e+00 1.03885305e+00 1.95493340e-01
    3.99103999e-01 8.86927068e-01 3.04519415e-01 1.30885005e+00
    -6.14904225e-01 -3.18876088e-01 -7.00018644e-01 -1.75006986e-01
    1.70129907e+00 1.42038298e+00 5.14867842e-01 2.46034145e-01
    2.44036734e-01 8.94213080e-01 -2.07616150e-01 -5.37205994e-01
    1.43017685e+00 1.33248985e-01 2.15947866e-01 1.88939631e-01
    1.60580814e+00 -3.41348529e-01 1.36517930e+00 9.38641191e-01
    -1.98881567e-01 -5.03219604e-01 1.15894794e+00 1.44096947e+00
    1.33681655e-01 3.40320528e-01 1.47971392e+00 -2.20975876e-02
    1.66057611e+00 5.74862003e-01 6.68308139e-01 -5.36046624e-01
    9.83870864e-01 1.56905031e+00 4.87285852e-01 -5.72400808e-01
    1.37712955e+00 7.78304517e-01 -5.23242831e-01 7.26793528e-01
    -2.51960814e-01 8.57997298e-01 7.69321203e-01 -4.17651147e-01
    6.50848746e-02 9.53720629e-01 1.25922036e+00 6.70203865e-01
    -7.99952745e-02 1.41805267e+00 4.59420979e-01 -6.60849094e-01
    6.59787655e-01 -4.10354942e-01 3.19568396e-01 1.42589450e+00
    6.41832113e-01 1.14219201e+00 1.15157580e+00 1.59449434e+00
    1.26324010e+00 5.38197994e-01 -7.57343531e-01 3.01110625e-01
    1.48681927e+00 1.10742545e+00 5.51749587e-01 1.62434769e+00
    3.37416649e-01 4.02709305e-01 -2.98936963e-02 8.25516820e-01
    -2.51376599e-01 -7.24691153e-01 -4.41451818e-01 -6.97594404e-01
    1.34387732e+00 5.19808590e-01 7.51144290e-02 8.74430954e-01
    1.53492332e-01 7.65729487e-01 6.26051128e-01 -2.85537094e-01
    8.14762354e-01 1.48598576e+00 7.22281754e-01 -4.73596156e-01
    8.90092254e-01 6.89899027e-01 9.68716323e-01 6.92642868e-01
    1.47679639e+00 1.49988198e+00 1.01818013e+00 -1.86366469e-01
    -5.78358054e-01 1.35672140e+00 1.13563704e+00 1.59157073e+00
    -4.53167588e-01 2.32599795e-01 -2.78916955e-01 -3.21909010e-01
    -6.10141873e-01 1.51282716e+00 -3.92299145e-01 1.52558398e+00
    1.66883314e+00 5.80105901e-01 4.86871719e-01 1.61042929e+00
    3.79419506e-01 1.49664092e+00 -3.23281288e-01 1.06883967e+00
    1.10178196e+00 -6.57907903e-01 4.03820932e-01 2.73606658e-01
    -1.81654871e-01 -9.74200964e-02 1.15242672e+00 1.03850484e+00
    1.78879309e+00 1.61116314e+00 1.00931263e+00 2.30233073e-01
    1.30096030e+00 1.25135303e+00 3.42179775e-01 7.94304132e-01
    4.41607654e-01 3.62372518e-01 -4.95018482e-01 -2.69466758e-01
    1.68296480e+00 1.64109981e+00 1.05950713e-01 -5.54363966e-01
    3.21382642e-01 1.30983591e+00 3.78371537e-01 1.32141531e+00
    9.47940767e-01 -2.31914520e-01 3.80255580e-02 1.27030158e+00
    1.11249995e+00 1.18361712e+00 1.21548951e+00 -2.70914674e-01
    2.03920364e-01 5.08041739e-01 7.93695152e-01 1.07283926e+00
    1.52873182e+00 1.58041406e+00 1.67283392e+00 2.45041013e-01
    9.42813158e-01 1.71979666e+00 -6.82680786e-01 1.66931105e+00
    7.87123144e-01 1.26423526e+00 -5.85985601e-01 1.69927120e-01
    9.97340441e-01 1.41388357e+00 1.11403239e+00 9.17072892e-02
    4.06361103e-01 -7.89807141e-01 1.38798380e+00 1.41313863e+00
    1.33407378e+00 -1.98371768e-01 -6.06104612e-01 1.49222374e+00
    1.32012963e+00 5.84672093e-02 -4.75145996e-01 7.12911606e-01
    1.92724645e-01 -2.06404984e-01 -2.71630883e-01 1.66299677e+00
    1.00910378e+00 6.67333603e-01 7.35297501e-01 -6.28552496e-01
    3.95707488e-01 -4.09347922e-01 1.01572633e+00 7.88140655e-01
    -1.98234200e-01 2.91048288e-01 -7.53322244e-02 1.62721634e+00
    2.60271668e-01 5.86186171e-01 3.66896093e-01 -3.66497397e-01
    8.33751500e-01 1.50007379e+00 1.41531181e+00 7.56310403e-01
    1.09543383e-01 4.24829960e-01 -2.13035643e-01 3.98556650e-01
    1.06786609e+00 3.50573957e-01 6.80903018e-01 1.19992507e+00
    1.13908339e+00 6.41481578e-01 2.91652679e-01 9.36163783e-01
    2.09475517e-01 -4.04756844e-01 9.81836021e-01 1.10568666e+00
    5.81773221e-01 1.07249022e-02 -4.91734207e-01 1.72792518e+00
    -5.99591255e-01 1.45755863e+00 -8.13972950e-03 -4.68308866e-01
    6.89445317e-01 1.76290512e+00 5.95725477e-01 1.74655187e+00
    -3.48979086e-01 -5.03037333e-01 9.80350375e-02 -2.73155510e-01
    -2.48093456e-01 3.60469818e-01 1.34902000e+00 4.66570854e-02
    1.39980960e+00 2.41781473e-02 6.96763992e-02 1.19632077e+00
    7.39827752e-01 8.49489570e-02 -6.91968501e-01 5.28945744e-01
    1.03120065e+00 1.26779020e+00 1.57111382e+00 -4.47172821e-01
    -9.08786058e-03 -3.85332465e-01 1.79682708e+00 1.22527480e-02
    1.38615108e+00 3.56344938e-01 -2.23951817e-01 1.49330914e-01
    3.65535140e-01 -5.10177732e-01 1.08356631e+00 1.64207876e+00
    2.94548690e-01 7.95142412e-01 9.83902037e-01 1.15033913e+00
    -5.76114357e-01 1.84622622e+00 1.27479410e+00 1.28493595e+00
    9.89790618e-01 2.00365186e-02 5.74307323e-01 4.36875641e-01
    1.21955705e+00 -6.47006750e-01 4.53866720e-02 -3.96171898e-01
    -5.32822728e-01 4.97665286e-01 8.47664952e-01 1.50913858e+00
    -2.02718258e-01 8.87240291e-01 1.00290716e-01 4.49716091e-01
    -3.13154638e-01 1.04949665e+00 5.66349149e-01 1.10268831e+00
    5.20981014e-01 -6.29343510e-01 1.70266390e+00 9.96150434e-01
    9.28882957e-01 1.73008072e+00 1.51905715e-01 -2.77278841e-01
    1.00616693e-01 1.44512665e+00 1.75201440e+00 4.14624095e-01
    -5.39203286e-02 4.64934826e-01 3.60740721e-01 1.61758709e+00
    -7.76646733e-01 1.41067207e+00 1.42549372e+00 9.70158219e-01
    -4.08277452e-01 1.55775368e+00 5.45946836e-01 -2.14336395e-01
    2.74270356e-01 1.96330905e-01 1.79114223e-01 3.98016155e-01
    4.30342555e-01 2.88550138e-01 5.49235165e-01 8.30229700e-01
    1.64288950e+00 -7.65849292e-01 1.61206532e+00 1.54490328e+00
    1.64455044e+00 1.33748007e+00 2.39957511e-01 -5.33177137e-01
    1.17423713e+00 1.85026884e-01 -3.20439637e-01 9.35534120e-01
    -4.38480377e-02 1.43857133e+00 -2.96343029e-01 1.64401746e+00
    8.28855515e-01 8.41687262e-01 1.23403764e+00 -6.61322296e-01
    -5.79507411e-01 -1.62625879e-01 3.03890586e-01 5.52860081e-01
    -6.30191445e-01 2.34441936e-01 4.88082767e-02 6.95977151e-01
    7.05575645e-01 -7.43661523e-01 1.16028416e+00 -2.22310394e-01
    1.77867556e+00 1.39348841e+00 -4.84258652e-01 1.29579484e+00
    -5.47878385e-01 1.11669815e+00 7.82359421e-01 2.62236774e-01
    -5.75938225e-01 -7.00561047e-01 1.69699264e+00 -6.07109129e-01
    5.82471728e-01 -7.27595925e-01 1.21109724e+00 3.20156276e-01
    1.66050017e+00 1.17757988e+00 1.11561000e+00 3.82511914e-01
    -2.81587183e-01 6.00402951e-02 8.27948570e-01 -4.64451194e-01
    -5.68438649e-01 1.46825230e+00 1.32434440e+00 -1.69063210e-02
    1.08978820e+00 8.16691220e-01 1.16217792e-01 1.00296521e+00
    9.57150817e-01 -7.46361256e-01 1.42185736e+00 1.92152083e-01
    8.20495427e-01 2.06100643e-01 9.87005770e-01 1.35201812e+00
    9.65062737e-01 9.43791449e-01 2.96482503e-01 1.60605252e+00
    -3.98874879e-02 1.68290389e+00 -3.09420228e-01 -1.74960136e-01
    1.35148740e+00 1.54270172e-01 -5.39848685e-01 4.84000862e-01
    -4.94678408e-01 9.38013434e-01 -7.47155368e-01 9.54498649e-01
    1.34389877e+00 -4.66164321e-01 5.86921871e-01 1.27685428e+00
    -4.40715998e-01 8.88905525e-02 1.38112044e+00 -3.23033094e-01
    1.51914263e+00 5.95661998e-01 -7.44510889e-01 1.33405304e+00
    7.69834042e-01 -5.47001481e-01 3.48369598e-01 1.18662512e+00
    3.41569006e-01 8.44030619e-01 -2.58848190e-01 1.24870157e+00
    1.67686760e+00 6.11862540e-02 1.26972771e+00 1.59817207e+00
    1.33054662e+00 5.14603734e-01 9.07423854e-01 1.13449168e+00
    -6.86464012e-01 -7.00099111e-01 9.15647626e-01 1.07858038e+00
    2.87990332e-01 8.03107917e-01 3.67766023e-01 1.42251611e-01
    1.71340394e+00 -7.10499287e-01 2.87959278e-01 3.21309090e-01
    1.50920033e+00 8.23537111e-01 2.00545311e-01 1.53353858e+00
    9.39390123e-01 1.28281522e+00 -3.15090716e-01 1.43953431e+00
    1.06043673e+00 9.00191844e-01 1.45229888e+00 2.07666755e-01
    -1.14876747e-01 -6.16582036e-02 1.07013059e+00 2.15568542e-01
    1.42327499e+00 -6.66944146e-01 1.44156086e+00 4.10649836e-01
    1.71426177e+00 5.33651233e-01 6.97908521e-01 4.81002927e-01
    7.55686104e-01 6.24049544e-01 -1.61511719e-01 -9.79581475e-02
    1.10974133e-01 -4.84441340e-01 1.63176537e-01 8.68674159e-01
    8.68214965e-02 -4.32522893e-02 6.96105480e-01 1.20495248e+00
    1.22197223e+00 1.49997449e+00 -4.98604774e-03 -3.83790642e-01
    6.18996620e-01 3.68301451e-01 1.21437931e+00 3.15142035e-01
    -6.46373630e-01 8.87612581e-01 -6.20028138e-01 8.97482991e-01
    9.54455733e-02 -1.31366432e-01 2.00439513e-01 -3.61176580e-01
    1.52348340e-01 1.44599879e+00 1.57140040e+00 8.75701964e-01
    5.12868881e-01 9.97568250e-01 -5.96387863e-01 3.50616157e-01
    1.19577444e+00 2.98851967e-01 3.74888301e-01 6.49470210e-01
    6.22858405e-02 -2.36559778e-01 4.08509851e-01 6.51704073e-02
    9.78240132e-01 -5.81772983e-01 -5.19652009e-01 2.40034699e-01
    3.18606794e-01 1.13739121e+00 -6.75100625e-01 -4.39986587e-02
    1.58543313e+00 4.04647052e-01 -1.97277308e-01 -1.01613939e-01
    1.69175673e+00 1.70336509e+00 1.44682908e+00 3.91217649e-01
    3.24538589e-01 -2.37978637e-01 1.62970948e+00 -2.36881614e-01
    1.52469325e+00 6.97750270e-01 4.92039800e-01 -2.18780637e-01
    -4.42600101e-01 4.75227952e-01 1.05498493e+00 1.87248766e-01
    2.57730246e-01 5.05887270e-02 1.48818684e+00 1.62640512e-01
    2.28214324e-01 8.04839611e-01 -5.77723384e-01 -4.87840235e-01
    5.02236605e-01 3.21666002e-01 1.13521981e+00 -6.95269227e-01
    1.59982562e+00 6.73631012e-01 -6.56133711e-01 1.35388589e+00
    -1.37252808e-01 -6.88571572e-01 1.15635395e-02 1.00144053e+00
    4.99451935e-01 -4.70738977e-01 5.90058923e-01 1.49843001e+00
    1.07774067e+00 1.17019784e+00 5.15915513e-01 -5.48087835e-01
    -3.20106864e-01 9.32391763e-01 1.05494523e+00 1.62310290e+00
    -5.96956849e-01 6.46145105e-01 2.71242261e-02 1.50081205e+00
    1.50799704e+00 -1.48229361e-01 1.34525406e+00 -4.54098463e-01
    1.75173759e+00 -6.74648881e-02 8.51542354e-01 -2.56502628e-02
    1.05819523e-01 5.86146891e-01 1.73939049e+00 -2.83004642e-02
    -5.16389310e-01 1.00152850e+00 -2.90836483e-01 3.50661576e-01
    1.06903052e+00 -2.82540053e-01 4.18489873e-01 6.60610020e-01
    1.77749443e+00 -2.58310318e-01 8.07373106e-01 -2.24954605e-01
    2.77679384e-01 -7.78252542e-01 1.44496131e+00 -7.09047377e-01
    -2.33281672e-01 -7.62372553e-01 -3.37604702e-01 9.00512099e-01
    2.67935574e-01 1.98235035e-01 -1.04236007e-02 3.86560559e-01
    5.08592725e-01 -2.79787302e-01 2.23926485e-01 3.58301401e-01
    1.55906534e+00 1.25029802e+00 -6.66800916e-01 -6.19225025e-01
    8.00484598e-01 1.08957934e+00 1.20346761e+00 1.23792815e+00
    -5.04013717e-01 1.24031627e+00 6.54477894e-01 1.13389611e-01
    1.18316102e+00 -6.54385328e-01 6.13289237e-01 5.04067600e-01
    5.21694839e-01 1.16263735e+00 1.40764260e+00 1.91880941e-01
    1.70163727e+00 1.15269649e+00 -1.76369011e-01 1.45936358e+00
    -5.86687565e-01 2.63954282e-01 -5.72681248e-01 1.14375448e+00
    2.24665642e-01 8.24952602e-01 1.54905796e-01 -2.26788461e-01
    1.50077093e+00 1.05601668e+00 4.97895896e-01 9.06080008e-01
    1.27885842e+00 -6.08653784e-01 -4.11999285e-01 -1.48478210e-01
    3.48890424e-01 -6.69773042e-01 -1.54761553e-01 1.18368578e+00
    1.37852669e+00 1.34560585e-01 -7.03650594e-01 2.13104963e-01
    1.51731682e+00 1.40063512e+00 1.20975161e+00 1.57541227e+00
    1.05109048e+00 1.35982931e+00 1.30256712e-01 -3.80211204e-01
    9.08313632e-01 4.26391840e-01 -6.95252776e-01 5.73144376e-01
    7.42627859e-01 1.40164149e+00 -1.28677964e-01 7.76838422e-01
    9.71285403e-01 -3.61066580e-01 5.28671384e-01 4.01145637e-01
    7.26758838e-02 1.21463144e+00 6.16353750e-03 8.71214986e-01
    1.02052617e+00 1.07884598e+00 1.84033298e+00 6.01795495e-01
    2.81850100e-01 -3.77065063e-01 -2.78099507e-01 1.48944283e+00
    1.88856959e-01 7.04898238e-02 1.26157117e+00 1.07832360e+00
    1.16333175e+00 1.51407361e+00 6.40153050e-01 6.95514083e-01
    -1.18106127e-01 1.55700874e+00 -4.77565557e-01 4.43925858e-02
    9.24285710e-01 8.09310675e-02 -6.65373981e-01 3.08212519e-01
    6.95961952e-01 5.39635062e-01 1.33324194e+00 1.68631351e+00
    -6.08768225e-01 -7.90799797e-01 1.43539095e+00 -5.90612948e-01
    2.09590912e-01 1.41882181e-01 -5.05902350e-01 -2.88113147e-01
    1.01346731e+00 -6.30622923e-01 7.37609088e-01 8.17023695e-01
    7.43948877e-01 1.61666536e+00 9.93019700e-01 -2.25015402e-01
    -4.53558385e-01 9.29491103e-01 -3.49846721e-01 1.20490837e+00
    1.53289795e+00 1.81884551e+00 -5.30129910e-01 1.17111635e+00
    1.30035162e+00 9.52440619e-01 7.68715143e-01 9.89593863e-02
    -4.86854255e-01 -6.46548629e-01 -1.56557202e-01 -2.97349393e-01
    5.62298179e-01 -4.37298506e-01 7.87719548e-01 1.28195083e+00
    3.30769062e-01 9.86326873e-01 4.53264713e-02 4.10121858e-01
    2.79440701e-01 1.65157890e+00 1.07324064e+00 -4.05903071e-01
    2.73493946e-01 1.76782656e+00 1.24741828e+00 9.90957022e-03
    -3.84003013e-01 4.05882716e-01 4.60184515e-01 -1.03651881e-01
    1.83629096e+00 1.45622313e-01 3.38043749e-01 -8.42645168e-02
    -9.94827151e-02 6.49336994e-01 3.97082686e-01 1.00750387e-01
    -2.85527438e-01 2.81364918e-01 6.47397280e-01 7.23716199e-01
    -3.57906967e-01 1.31586790e-01 -1.92889869e-01 1.63441277e+00
    1.65245271e+00 1.34215164e+00 1.23580337e+00 -1.14598095e-01
    1.56521678e+00 4.98411477e-01 9.95189309e-01 1.48406923e-01
    -4.83253777e-01 3.14137697e-01 5.29978931e-01 -7.19986379e-01
    -3.65861416e-01 -5.21826029e-01 1.15007818e-01 7.61682749e-01
    -3.88259739e-01 1.02685809e+00 1.52654672e+00 -4.01020497e-01
    1.26855302e+00 -3.28647673e-01 -3.59567255e-01 1.03386521e+00
    1.00626254e+00 3.79929483e-01 4.40194368e-01 -5.98038554e-01
    8.01281512e-01 8.51912379e-01 9.50121641e-01 1.73448658e+00
    8.97829354e-01 9.67526436e-03 -7.05095172e-01 2.80456543e-02
    4.03120518e-01 -7.32740402e-01 1.49550605e+00 8.70391965e-01
    -7.68192172e-01 -6.51400089e-01 -6.29167914e-01 9.31029081e-01
    1.71363473e+00 1.00556612e+00 -6.61979914e-02 1.17918539e+00
    2.82179713e-02 1.02058363e+00 -6.89858198e-02 1.25051498e-01
    4.18153822e-01 5.31517863e-01 1.00697100e+00 1.54882264e+00
    6.82015061e-01 1.50902259e+00 -3.67681503e-01 7.51515210e-01
    5.43701112e-01 1.12656891e-01 -4.47182357e-01 -1.89468503e-01
    4.30230856e-01 -5.17181158e-01 1.63091254e+00 1.82376873e+00
    -2.49727637e-01 -6.67854905e-01 1.52248693e+00 3.29939485e-01
    1.60028970e+00 6.60694778e-01 -1.12363100e-01 9.52483892e-01
    1.01912904e+00 1.01281118e+00 1.40539002e+00 -4.66092229e-02
    1.14681959e+00 4.88841355e-01 1.64615989e+00 -6.51467323e-01
    1.68684125e+00 8.72456670e-01 -1.66516781e-01 8.18954110e-02
    1.18021142e+00 1.55767608e+00 1.18739522e+00 -6.21630073e-01
    7.17504501e-01 -5.23900449e-01 9.69286740e-01 -5.63749075e-02
    -7.49440193e-02 1.05637908e+00 4.79544699e-01 -7.33298838e-01
    -5.98974228e-01 1.04932594e+00 1.78935647e+00 -2.41767883e-01
    8.58156443e-01 3.87297571e-01 1.02586067e+00 5.31701267e-01
    1.56685162e+00 6.56693339e-01 6.53009415e-02 -1.31120145e-01
    4.26050365e-01 4.68597889e-01 5.31411111e-01 -3.89395058e-01
    -8.50479126e-01 2.73595333e-01 3.92813385e-01 1.51891351e+00
    2.22037673e-01 -7.24761188e-01 2.64682114e-01 6.26485467e-01
    1.67749000e+00 1.15026689e+00 1.42806053e+00 1.29825437e+00
    1.61956286e+00 -3.13881814e-01 1.47561383e+00 1.43002677e+00
    -4.59951103e-01 6.63990557e-01 8.20061564e-01 1.56837761e+00
    1.58339047e+00 1.53803468e-01 2.08397388e-01 1.39827275e+00
    1.32550120e+00 -1.69512928e-01 -1.15309954e-01 6.70321345e-01
    1.22609019e+00 1.53476369e+00 9.19739306e-01 1.38899827e+00
    1.44555640e+00 -6.33561373e-01 1.04781866e-01 -3.60053629e-01
    1.43055022e-01 1.21922445e+00 6.11271501e-01 6.78882957e-01
    1.38879251e+00 -6.75222218e-01 8.26008916e-02 3.66868615e-01
    1.39535844e-01 3.81725073e-01 1.10384548e+00 1.00697327e+00
    1.12004995e+00 5.46771646e-01 5.95765412e-01 -1.68944657e-01
    5.72874069e-01 1.58092582e+00 2.24346101e-01 1.38640594e+00
    -4.58804965e-01 -6.18621945e-01 7.26189017e-02 -6.98606730e-01
    1.26075578e+00 1.42928565e+00 -8.71363401e-01 7.56060064e-01
    1.22398055e+00 -1.21535122e-01 1.53731036e+00 -6.76851988e-01
    1.08434677e+00 6.23673141e-01 -4.44862664e-01 9.72571909e-01
    3.11812520e-01 1.67516446e+00 1.92484498e-01 1.71359015e+00
    4.32197332e-01 4.68546391e-01 5.22062123e-01 -5.08863926e-02
    -6.90666854e-01 1.70234275e+00 1.23731065e+00 -6.42799139e-02
    1.18010998e+00 1.14983225e+00 -2.88131714e-01 -1.54597819e-01
    1.71355402e+00 -3.27871174e-01 -9.12806392e-02 -1.95830107e-01
    4.03592467e-01 -1.14288032e-01 -1.13808513e-01 -5.70612848e-01
    4.57127035e-01 1.55860329e+00 1.90762162e-01 -2.81046987e-01
    4.01477039e-01 1.71900737e+00 1.47112083e+00 -3.57429057e-01
    1.34391165e+00 1.67825389e+00 -2.93422818e-01 -4.11158442e-01
    7.22176194e-01 -1.51137412e-01 4.80665803e-01 1.59115243e+00
    2.08282471e-01 -2.95705825e-01 1.29497945e+00 -2.11832106e-01
    3.25405419e-01 1.63849556e+00 1.44706476e+00 -7.40281343e-02
    -1.06974602e-01 1.38350129e+00 3.24754715e-01 -5.91338933e-01
    3.96192908e-01 5.18726468e-01 -6.15993023e-01 -6.83816075e-01
    1.65026343e+00 -4.45556730e-01 1.14021957e-01 1.46155167e+00
    2.55746484e-01 2.34643936e-01 1.07675672e+00 -5.32168627e-01
    1.31616294e+00 1.06513369e+00 1.56842470e-01 1.45115733e+00
    6.84676886e-01 -2.42181361e-01 -7.03352869e-01 -7.18806982e-01
    1.20118737e-01 1.31456292e+00 1.31001079e+00 -4.07691717e-01
    1.36489654e+00 9.52580690e-01 1.55450928e+00 6.77141309e-01
    -4.95467782e-01 4.06111121e-01 1.71818399e+00 1.66129673e+00
    -3.96269083e-01 2.76329398e-01 4.14402843e-01 -5.87804914e-02
    9.43610668e-02 -5.01413345e-02 -1.88133717e-01 7.16994941e-01
    5.72027802e-01 -4.20979232e-01 2.54319310e-01 -9.99331474e-04
    -5.10900617e-01 1.72836041e+00 1.48506820e+00 1.63703477e+00
    7.10638523e-01 6.08802497e-01 -2.69165039e-02 1.59763229e+00
    1.39707446e-01 -8.38338375e-01 1.62693143e+00 6.46978974e-01
    1.26201725e+00 3.28067183e-01 8.62884402e-01 -5.31567454e-01
    6.35502458e-01 9.28546906e-01 -1.51982307e-02 5.51013529e-01
    1.74741316e+00 1.06855226e+00 -1.55230343e-01 -5.22072673e-01
    1.79082203e+00 1.17361498e+00 -4.85558122e-01 -5.46653748e-01
    1.72543216e+00 -2.25577593e-01 3.86115313e-01 4.80520010e-01
    5.02530396e-01 1.67739582e+00 4.42080915e-01 -4.43196803e-01
    4.99698997e-01 5.39208055e-02 1.32111824e+00 9.76637006e-02
    6.54746294e-02 1.51931036e+00 -5.05282223e-01 8.78673851e-01
    8.17709208e-01 1.54114425e-01 -1.95619404e-01 -6.17627621e-01
    1.41042089e+00 1.36976302e+00 9.65132117e-01 1.45287609e+00
    -6.12376153e-01 1.67072868e+00 -1.58415437e-01 1.55921757e-01
    -7.58666635e-01 1.28092718e+00 1.32590711e+00 1.54554117e+00
    7.57650197e-01 -7.58226752e-01 -7.50062346e-01 -2.03839242e-01
    -6.01284742e-01 -5.30623794e-02 3.47184062e-01 1.47845626e+00
    1.57756615e+00 5.11101723e-01 1.30824351e+00 1.03828776e+00
    8.57518911e-02 4.54565227e-01 1.12052619e-01 -4.26850587e-01
    6.67615056e-01 -6.99010849e-01 9.83573198e-01 -3.60551059e-01
    5.75078130e-02 6.72114551e-01 -2.01678693e-01 1.40001726e+00
    -4.59484279e-01 1.24225569e+00 1.65352201e+00 6.96075141e-01
    1.57089138e+00 8.71215761e-01 -4.31873977e-01 1.61913395e+00
    6.54558778e-01 -1.43637061e-02 1.36264956e+00 3.03137898e-01
    4.23435748e-01 7.06890225e-01 3.10615122e-01 -3.09356630e-01
    6.19925022e-01 -4.46467608e-01 8.47245872e-01 -1.69980526e-02
    -7.38284409e-01 1.58825541e+00 -8.29889774e-02 2.23641813e-01
    -3.66183937e-01 1.48454237e+00 -5.96763372e-01 1.26758146e+00
    -8.48812461e-02 -4.03213859e-01 -3.05295825e-01 1.42437363e+00
    6.44547522e-01 2.15130270e-01 7.97021806e-01 -3.85919929e-01
    1.38686347e+00 1.01731598e-01 5.49749494e-01 7.42356122e-01
    -1.63788378e-01 1.11429620e+00 1.29088151e+00 1.70163274e+00
    -2.18406379e-01 -6.50248468e-01 -6.81860566e-01 1.35480821e+00
    -5.90153515e-01 -1.80646539e-01 -7.12120533e-02 1.23963284e+00
    1.17302537e+00 -4.03211862e-01 -2.02131689e-01 9.09776807e-01
    9.95651484e-02 6.59941673e-01 -5.13714552e-01 1.06004095e+00
    4.71967220e-01 1.60306668e+00 2.65511572e-01 -8.01392913e-01
    5.82045317e-03 7.38881886e-01 2.48663485e-01 1.44163656e+00
    7.93657303e-02 1.38623571e+00 9.07892108e-01 -6.90673113e-01
    -1.40171289e-01 1.72029257e+00 1.46912098e-01 -4.94708240e-01
    1.25763535e-01 1.39786935e+00 -2.32127577e-01 1.02083266e-01
    8.49999487e-01 1.63408148e+00 1.26486766e+00 -1.16424203e-01
    2.07322657e-01 2.23613858e-01 8.01772594e-01 1.62003374e+00
    1.46201849e+00 -1.72698975e-01 1.04852629e+00 1.27047586e+00
    5.21590114e-02 1.05192566e+00 8.16529751e-01 7.91570544e-01
    -7.32222140e-01 -2.28271186e-01 -7.38996446e-01 3.97384405e-01
    9.34791982e-01 5.03068030e-01 5.52597940e-01 1.56891036e+00
    1.64667392e+00 1.49493980e+00 1.04746580e+00 5.40121198e-02
    9.11335647e-01 -3.87316942e-03 -2.46169686e-01 -1.03115141e-01
    6.79551303e-01 -5.50695300e-01 -2.90538877e-01 -1.40242457e-01
    1.87266350e-01 -4.21924055e-01 8.36388469e-01 9.11345720e-01
    -6.10417306e-01 1.72282553e+00 -5.47288179e-01 8.16228211e-01
    1.19961095e+00 9.59417701e-01 2.09168971e-01 1.69924796e-01
    2.22345948e-01 1.58612037e+00 9.56210852e-01 -7.48958945e-01
    2.39534140e-01 -6.63200021e-02 1.72625422e+00 6.93799376e-01
    2.83382416e-01 5.08026004e-01 9.49826479e-01 -3.71051818e-01
    7.29454875e-01 6.48953080e-01 1.00532150e+00 8.55136812e-01
    8.50858986e-01 -2.06020534e-01 8.64191294e-01 1.66897082e+00
    7.73138642e-01 8.30252588e-01 1.08571768e+00 1.52749360e+00
    -5.79139471e-01 1.02620864e+00 1.97620094e-01 8.33914638e-01
    1.21804845e+00 -1.13703668e-01 -2.59875059e-01 1.66521192e-01
    2.94682860e-01 1.75137508e+00 1.00162268e+00 8.33866894e-01
    1.44110560e-01 1.29922318e+00 1.55203664e+00 5.64975739e-02
    1.36655664e+00 1.20391798e+00 -8.97545218e-02 1.46517289e+00
    -3.40772659e-01 9.19844389e-01 3.62630844e-01 -2.50770181e-01
    -1.92716777e-01 4.40000892e-01 1.09841788e+00 1.09528232e+00
    1.29983497e+00 1.11943400e+00 1.20268416e+00 1.28871107e+00
    4.20571208e-01 4.97973919e-01 1.22992134e+00 1.51755762e+00
    -1.27199650e-01 1.05990314e+00 5.09249687e-01 -4.98186350e-01
    -2.11138546e-01 1.22330999e+00 4.04967844e-01 4.34325099e-01
    1.61316228e+00 1.02853894e+00 1.61523235e+00 8.20622444e-02
    1.20056438e+00 1.24094355e+00 9.13551629e-01 -2.29961276e-02
    4.21322107e-01 7.46874809e-01 7.12848186e-01 -1.39206052e-02
    1.22552562e+00 -1.54385149e-01 3.00184011e-01 -5.92426658e-01
    3.26031864e-01 1.11376274e+00 -9.77129936e-02 3.38122129e-01
    1.35347819e+00 1.72218108e+00 -4.85094100e-01 1.64468551e+00
    1.36851406e+00 8.80497813e-01 1.71303356e+00 -5.29236615e-01
    -4.60164070e-01 1.71139097e+00 1.73976350e+00 1.11741126e+00
    -1.12411737e-01 -1.28907442e-01 1.43646264e+00 9.87454116e-01
    -6.20029688e-01 1.44248402e+00 1.56825376e+00 9.75286186e-01
    7.20800102e-01 -5.48225522e-01 -5.18642783e-01 1.84634447e-01
    1.02074289e+00 7.31261015e-01 6.97338760e-01 -7.06725836e-01
    -4.14355397e-01 1.50408959e+00 1.72831154e+00 -6.57872915e-01
    3.56265843e-01 1.65347958e+00 3.76611173e-01 -7.52594769e-01
    1.19807851e+00 5.21440506e-02 -4.91373956e-01 1.68817377e+00
    -5.71137130e-01 1.48718059e-01 8.51354241e-01 1.41838086e+00
    1.25004900e+00 6.19522154e-01 -7.18067110e-01 1.13804603e+00
    -1.46677434e-01 3.16017210e-01 5.84518909e-03 1.17074847e+00
    1.15647888e+00 -8.42697620e-02 -2.46728659e-02 1.48157215e+00
    4.02188957e-01 1.63646019e+00 8.43992829e-01 -2.38543749e-02
    1.19641662e+00 2.83691525e-01 5.74868262e-01 -2.07323015e-01
    1.51250434e+00 -4.98024642e-01 -2.96038389e-03 -9.23843980e-02
    4.38935161e-01 1.54391956e+00 1.32513082e+00 -5.63626945e-01
    -3.01938593e-01 -2.13746190e-01 2.10353136e-01 1.19181430e+00
    9.51933265e-01 -4.33055401e-01 -3.54359657e-01 -4.52791333e-01
    -2.08070874e-02 1.56535506e+00 -6.29044592e-01 1.23362613e+00
    8.89343381e-01 2.57610023e-01 5.31132817e-02 -6.41010165e-01
    7.08255708e-01 -6.47979319e-01 5.24455845e-01 7.99073637e-01
    -5.14716506e-01 -6.53197169e-01 1.65702415e+00 3.03023100e-01
    1.32541180e+00 1.26036978e+00 1.76359177e-01 4.63428319e-01
    1.00144076e+00 1.67965293e+00 -1.53598011e-01 1.75526559e+00
    4.52766418e-01 7.90595293e-01 4.28851306e-01 1.08381057e+00
    1.50794601e+00 1.33023465e+00 1.24436569e+00 1.32885122e+00
    -8.15161705e-01 7.15087295e-01 1.36767936e+00 -3.59737039e-01
    4.88847494e-01 9.35882628e-01 1.68947577e+00 -1.04623199e-01
    -4.46830451e-01 2.05992460e-02 3.93487573e-01 5.71725249e-01
    9.86388922e-01 -7.21441031e-01 4.70515966e-01 1.66773772e+00
    3.41644526e-01 -3.36804599e-01 1.27346277e+00 -2.86896020e-01
    9.44940448e-01 3.30582321e-01 -4.26840574e-01 1.14826643e+00
    8.69835079e-01 -4.79097217e-01 1.16309762e+00 4.08010125e-01
    7.65881240e-01 1.53579283e+00 1.65960014e-01 -1.35976911e-01
    1.61019254e+00 1.59911990e+00 5.93453944e-01 1.62644792e+00
    5.55238068e-01 6.98322892e-01 1.56668520e+00 1.73611510e+00
    7.31854618e-01 1.23685861e+00 1.48704708e+00 -3.75181973e-01
    1.01781929e+00 1.27005517e-01 1.97728455e-01 1.60367656e+00
    8.31182599e-02 1.38645160e+00 -2.30196834e-01 8.22057307e-01
    -4.68996763e-01 2.30078638e-01 -5.45312166e-01 -1.86466515e-01
    1.69512773e+00 1.61709690e+00 1.62323916e+00 9.03688669e-01
    3.64045203e-01 -4.50103581e-01 8.76699150e-01 -1.06418252e-01
    -3.50567132e-01 -1.28520072e-01 1.45975113e+00 1.20355487e+00
    9.70284939e-02 7.39037216e-01 2.43030488e-01 5.22565126e-01
    1.69591713e+00 -4.37359422e-01 4.93804514e-01 3.46105814e-01
    1.69286203e+00 2.84917831e-01 -1.15460277e-01 1.17750740e+00
    1.37210524e+00 8.84457409e-01 8.98960650e-01 1.06772900e+00
    -3.80569726e-01 3.90338242e-01 5.21652341e-01 -5.57093143e-01
    1.39975786e-01 1.44401622e+00 -1.78237915e-01 -5.27805924e-01
    -5.26951194e-01 -3.26069593e-01 8.49743545e-01 1.49791765e+00
    8.44580233e-01 9.76369977e-01 1.45377922e+00 -5.55627167e-01
    5.62767744e-01 -4.60841805e-01 -2.11443782e-01 7.73231506e-01
    -4.92232740e-01 -6.22808337e-02 7.42684126e-01 9.58111882e-02
    4.57103193e-01 5.08863270e-01 1.42883658e+00 6.78923666e-01
    6.28997505e-01 4.98700321e-01 -4.04851556e-01 -4.26114470e-01
    1.26234722e+00 6.80945218e-01 6.81343138e-01 5.81127524e-01
    5.75311601e-01 -1.09150767e-01 4.69240844e-01 -1.70630336e-01
    -4.43125695e-01 1.15444660e+00 3.28562975e-01 -5.66587329e-01
    -4.91988868e-01 6.09812737e-01 1.30757236e+00 -1.64450169e-01
    -8.77326727e-03 -1.89017117e-01 -3.56015593e-01 1.80815458e+00
    8.24573219e-01 1.51770258e+00 8.79644275e-01 -6.71397209e-01
    -6.38782859e-01 1.21121645e+00 1.08700109e+00 8.56816053e-01
    1.57917202e+00 1.26079106e+00 -6.12141609e-01 2.65155435e-01
    1.32966352e+00 -2.54889488e-01 1.22303438e+00 -1.88042223e-01
    -4.48087007e-01 -2.64956951e-01 4.27650511e-01 1.66685939e-01
    1.30725682e+00 1.52943623e+00 1.46300793e-01 -3.87265205e-01
    1.14307404e-01 1.40481019e+00 3.70974004e-01 1.11588776e+00
    1.22339141e+00 -3.62292796e-01 4.99165356e-01 9.37182248e-01
    1.74111903e+00 1.06493509e+00 -2.37151682e-01 -2.71809638e-01
    4.91724730e-01 1.37734926e+00 5.98934650e-01 -1.59610748e-01
    8.94819379e-01 4.59811091e-01 8.89841914e-01 3.10049891e-01
    4.89102781e-01 1.33661604e+00 4.21881080e-02 9.15694356e-01
    1.44065046e+00 -5.28667092e-01 3.71475935e-01 1.14244533e+00
    1.93598986e-01 7.98172951e-02 1.37238669e+00 6.49409652e-01
    8.00496876e-01 -3.55877340e-01 1.57165194e+00 -1.35382593e-01
    3.91574740e-01 6.23111188e-01 3.45519662e-01 1.49980831e+00
    7.27791786e-02 6.56815767e-01 1.65021837e-01 1.48015976e-01
    1.27604473e+00 1.11267209e-01 1.28324175e+00 -3.33135009e-01
    1.45257282e+00 1.55414414e+00 -5.27261853e-01 1.25214922e+00
    7.09730923e-01 3.53286088e-01 1.05856776e+00 -5.50648868e-01
    1.45642519e+00 1.10110569e+00 2.32276917e-01 -2.79734671e-01
    5.16942322e-01 -5.78914344e-01 4.42475677e-02 1.45077467e+00
    2.08513975e-01 -6.98891580e-01 -2.37558097e-01 1.78198195e+00
    5.98127842e-02 -3.18155080e-01 1.09790599e+00 6.25403345e-01
    1.16117907e+00 1.22326732e-01 -6.95355952e-01 6.24038577e-01
    -5.96091986e-01 1.53294444e+00 -5.53911865e-01 1.43861032e+00
    4.89028990e-01 -6.82154894e-01 7.45697021e-02 1.09832740e+00
    9.05449867e-01 3.21906090e-01 2.82604694e-01 1.31384003e+00
    1.26763129e+00 1.36024547e+00 -6.21870399e-01 -8.59507382e-01
    4.11681056e-01 1.38158679e+00 6.33720636e-01 8.91132474e-01
    -3.44799757e-02 1.80009127e-01 -6.22321606e-01 9.31785345e-01
    -2.90363133e-01 -2.50284046e-01 3.98810565e-01 -3.07040602e-01
    8.87504578e-01 6.41605437e-01 4.41057980e-01 1.10829353e+00
    -4.58484203e-01 2.25160718e-01 4.88718390e-01 9.44722235e-01
    1.28476167e+00 -3.65635723e-01 2.86550581e-01 1.11527467e+00
    1.09491181e+00 2.92464137e-01 4.14291084e-01 1.39687467e+00
    1.60456610e+00 9.36467588e-01 -3.20657909e-01 -5.28532743e-01
    2.85289526e-01 7.23075390e-01 9.79791582e-01 7.35183895e-01
    -5.15974045e-01 4.54808295e-01 -3.87857795e-01 1.63588786e+00
    -4.00205255e-01 -4.53500003e-01 1.01585639e+00 5.23888648e-01
    1.33265829e+00 1.11574829e-01 -2.45406717e-01 3.61615121e-01
    1.35796833e+00 -4.96785522e-01 5.52027941e-01 -5.84565878e-01
    1.70026684e+00 -3.07302505e-01 5.49506366e-01 -8.27564001e-02
    -3.87596160e-01 -5.89268327e-01 -6.36418879e-01 1.46794558e+00
    1.90771878e-01 9.23322737e-01 1.09869003e+00 -5.61620951e-01
    1.15828407e+00 1.53531528e+00 1.19306982e+00 1.35021806e-02
    -5.79252541e-01 -1.80431604e-02 1.31046486e+00 1.75727546e+00
    8.81628156e-01 5.11611700e-02 5.60508370e-01 -1.14322841e-01
    1.68375134e+00 -7.11660862e-01 7.87384212e-01 2.00959682e-01
    1.92071199e-02 2.84991562e-01 8.23270500e-01 -2.00530231e-01
    1.51857066e+00 8.88057113e-01 -4.15366769e-01 4.61707950e-01
    1.44873309e+00 -3.03297818e-01 6.22935355e-01 5.39503038e-01
    1.04160106e+00 1.22442424e-01 1.71148181e+00 -7.01539159e-01
    9.27151561e-01 5.21982968e-01 1.25668561e+00 -2.95140415e-01
    8.60674441e-01 4.89486814e-01 -1.47692561e-02 9.11378980e-01
    1.67603779e+00 -3.79255116e-01 1.69930720e+00 4.69457984e-01
    -3.31104040e-01 -7.55993783e-01 -2.77104229e-01 1.75823927e+00
    2.21620977e-01 1.17631841e+00 7.98701346e-01 1.43615317e+00
    1.34297729e+00 -8.33926201e-02 -2.03823686e-01 1.04273093e+00
    -1.30920947e-01 -9.29720402e-02 1.44273734e+00 6.61677122e-03
    1.35087323e+00 3.36654186e-01 -3.94762039e-01 -6.44679189e-01
    -4.61079478e-02 8.16208124e-03 1.81444359e+00 1.73499703e-01
    -2.70262659e-01 -1.81580782e-01 1.14853632e+00 9.09708858e-01
    -3.69727939e-01 4.84109521e-01 1.13842511e+00 4.83021140e-01
    3.77720833e-01 -4.47308064e-01 -3.74265075e-01 7.89613783e-01
    -3.59612912e-01 1.21150315e-01 5.70821762e-03 3.31843495e-01
    1.02286935e+00 1.64449453e-01 4.78335321e-01 1.17035174e+00
    1.25973773e+00 1.55233324e-01 1.26787186e+00 -4.02061939e-02
    1.73555994e+00 1.89042330e-01 -4.56466258e-01 -3.52510184e-01
    1.35313344e+00 -4.14309323e-01 1.36677933e+00 -4.20331240e-01
    1.64640129e-01 1.28559995e+00 2.64399290e-01 8.96150231e-01
    5.08092165e-01 1.19636166e+00 5.40601790e-01 1.19224536e+00
    8.34081411e-01 -4.47984725e-01 1.21844506e+00 1.02891326e-02
    1.39719880e+00 -4.05075371e-01 5.64737499e-01 1.56155157e+00
    -4.06503022e-01 7.96438158e-01 -4.51440752e-01 2.59022951e-01
    3.44526172e-01 -1.35946870e-02 -6.04936481e-02 7.99792111e-01
    -8.20982754e-01 4.36045527e-02 -7.88419306e-01 1.25647569e+00
    -4.57261145e-01 4.99152899e-01 1.09855843e+00 1.46402574e+00
    -1.75614119e-01 -5.70496976e-01 -2.16256440e-01 1.70414877e+00
    1.25539577e+00 -5.01908898e-01 2.98534572e-01 1.96880639e-01
    -2.28932261e-01 3.00377250e-01 8.34880590e-01 1.04255247e+00
    1.58645630e+00 1.64717686e+00 -6.02914512e-01 5.29938757e-01
    -7.20450819e-01 7.58003354e-01 5.45126081e-01 -5.37000299e-02
    2.49338210e-01 3.10630620e-01 1.67129278e-01 5.62342763e-01
    1.37901044e+00 -2.16683447e-01 1.10728407e+00 -3.06758434e-01
    1.30801594e+00 1.14838135e+00 1.73904562e+00 1.07324123e+00
    1.33559847e+00 -2.32782662e-01 -6.89964831e-01 -5.60898721e-01
    9.48205650e-01 9.12221432e-01 1.78850281e+00 -2.32860565e-01
    -4.92670685e-01 1.68903160e+00 1.01016045e+00 -6.32023215e-02
    -6.10143900e-01 8.89701605e-01 -6.04231477e-01 1.07870102e-01
    6.03049338e-01 -7.43590593e-01 4.30369675e-01 -4.55212265e-01
    1.47413301e+00 -2.99572349e-01 -3.74899238e-01 -7.13487208e-01
    -5.92638791e-01 9.12496328e-01 -2.39228964e-01 4.56239522e-01
    7.92620778e-02 9.13319409e-01 3.56237471e-01 -4.82741475e-01
    1.63378310e+00 5.88321269e-01 8.11776638e-01 -2.50662565e-01
    4.93395627e-01 3.39881778e-01 -1.88290805e-01 1.23623967e+00
    2.86089122e-01 -6.93330407e-01 2.27586925e-01 1.12080264e+00
    1.71276093e+00 1.53137600e+00 5.78793645e-01 -4.58300114e-04
    8.11951697e-01 -2.88805336e-01 2.24845707e-01 7.71184087e-01
    1.50902534e+00 1.12403345e+00 2.45148778e-01 1.38752961e+00
    5.40354133e-01 8.55393887e-01 1.45162344e+00 1.69613707e+00
    -3.56046826e-01 -5.20432234e-01 -7.38757610e-01 1.14964545e-01
    1.63792253e+00 1.51192594e+00 -7.07625747e-01 -4.71530795e-01
    1.30727589e-01 7.87960947e-01 8.60950351e-02 1.13364935e+00
    -6.32653236e-02 -4.37211275e-01 1.68909788e+00 1.07726669e+00
    -1.99181437e-01 1.20277977e+00 -5.09356380e-01 -5.51479101e-01
    1.50516760e+00 -1.74760699e-01 1.42360938e+00 5.12849092e-01
    -5.44928551e-01 1.59229004e+00 5.04334509e-01 2.00565338e-01
    1.70218408e+00 2.05272913e-01 1.93819284e-01 7.07968593e-01
    1.18442595e-01 1.50857842e+00 1.02964437e+00 1.10074651e+00
    -1.72776103e-01 1.68792140e+00 5.78926027e-01 -4.63749290e-01
    1.57272458e+00 -6.77848816e-01 -5.45591474e-01 1.40930772e-01
    -2.92767882e-02 -2.05117047e-01 1.42465854e+00 1.56382084e+00
    -6.16449714e-01 5.52398920e-01 3.11163425e-01 1.24384689e+00
    7.99073517e-01 4.89130616e-02 1.42949343e+00 2.71058083e-01
    5.59480190e-02 1.44238305e+00 1.58510995e+00 1.22290826e+00
    -2.58303285e-02 2.27205634e-01 1.34708714e+00 1.41932464e+00
    -2.27314234e-01 7.40150154e-01 2.40284383e-01 1.25807095e+00
    -3.35001796e-01 -7.52100885e-01 1.74661160e+00 3.46976817e-01
    1.11032391e+00 -6.34461522e-01 1.03988135e+00 6.21813834e-01
    3.43955696e-01 1.33174658e-03 -3.40620667e-01 3.67419124e-01
    1.52662373e+00 -2.83449888e-02 -1.94392681e-01 -3.01067829e-02
    8.51656973e-01 -1.09904170e-01 8.68720412e-01 1.12283063e+00
    9.87194538e-01 9.59485590e-01 -6.11885190e-01 7.47558594e-01
    -2.74414331e-01 1.49872136e+00 -1.86465979e-01 -2.46569246e-01
    -4.18486595e-02 1.41720450e+00 -6.79961801e-01 3.86297822e-01
    -7.51867473e-01 8.87162983e-01 6.95325375e-01 8.33728909e-02
    -2.24369943e-01 8.80174875e-01 3.36758852e-01 1.16260111e+00
    -4.05286551e-02 1.04460907e+00 4.48214948e-01 8.71411741e-01
    6.84808016e-01 8.88701856e-01 1.11307251e+00 -4.84162211e-01
    1.01790905e-01 1.11491656e+00 -4.94352847e-01 -6.99138641e-02
    2.46142626e-01 1.79565382e+00 -1.77057862e-01 1.25547552e+00
    -1.06990337e-03 -8.54732394e-02 1.19125521e+00 1.36009610e+00
    9.85300899e-01 3.32635880e-01 1.61846399e+00 7.04256654e-01
    1.12277412e+00 -8.10870111e-01 -5.96873045e-01 -4.85679209e-01
    6.49225950e-01 1.39061427e+00 1.58674765e+00 6.90309465e-01
    1.64223838e+00 -2.95558780e-01 1.87498927e-02 7.94379592e-01
    2.92906463e-01 -2.18184263e-01 -4.57908511e-01 5.63501418e-01
    1.43216717e+00 -6.42411530e-01 7.61509836e-01 1.60521793e+00
    1.32675457e+00 1.64594746e+00 -5.21115839e-01 1.43591285e-01
    -3.52960229e-01 1.15425539e+00 1.23320162e+00 -6.13096178e-01
    7.45080948e-01 1.60029125e+00 7.89883614e-01 1.42011940e-01
    9.67084169e-02 1.61460900e+00 -5.42461753e-01 1.38824880e-01
    2.68561482e-01 1.38162696e+00 -2.54449785e-01 -3.21926683e-01
    8.73093426e-01 -5.60969114e-03 4.73884523e-01 8.95683169e-02
    1.23845983e+00 1.27964318e-01 -2.16173947e-01 1.34585106e+00
    -2.95841575e-01 4.71484840e-01 5.48746645e-01 4.21856523e-01
    4.26397204e-01 1.60453832e+00 4.34949517e-01 1.11803555e+00
    -1.69351757e-01 4.90879416e-01 9.70582545e-01 1.55953944e+00
    1.07031858e+00 -3.82859677e-01 6.75245404e-01 -4.11547542e-01
    6.09504819e-01 -7.99547434e-02 1.17375195e-01 -6.41285956e-01
    1.58167374e+00 -7.22887099e-01 9.89423871e-01 -7.23710060e-02
    6.00225210e-01 -6.47921324e-01 7.79017210e-01 1.19762409e+00
    5.08936703e-01 -3.99605036e-02 1.42938793e+00 -3.76032233e-01
    -1.72088146e-02 1.43756866e+00 3.27031195e-01 1.07459092e+00
    1.34591460e+00 2.00180411e-02 1.13635528e+00 1.29571879e+00
    -1.96530402e-01 1.59684396e+00 -1.18081927e-01 -6.46505952e-01
    6.88806713e-01 1.62563705e+00 1.50085735e+00 1.32760680e+00
    9.33521032e-01 1.13654172e+00 1.56152463e+00 7.89002061e-01
    1.44567275e+00 1.89776778e-01 -2.46161222e-03 -6.98110044e-01
    -7.36653805e-03 1.34249008e+00 -2.59468406e-01 1.89374626e-01
    2.64725029e-01 1.73838603e+00 -7.59533703e-01 -8.05580616e-02
    3.71448696e-01 1.28440762e+00 -2.94516385e-01 -6.30986154e-01
    2.08426356e-01 2.89335191e-01 -5.85404992e-01 -8.00339937e-01
    1.77185595e-01 7.45090187e-01 -4.38865423e-02 8.03122342e-01
    -6.97370768e-02 1.00913584e-01 1.59491062e-01 1.79244637e+00
    -6.70640886e-01 1.67805457e+00 5.61196268e-01 7.49375284e-01
    1.40662074e+00 1.05479777e+00 2.83058584e-01 3.66355538e-01
    5.24376810e-01 -3.40859205e-01 5.80379486e-01 1.26536083e+00
    -3.99927378e-01 4.73185539e-01 -5.64958334e-01 5.98552406e-01
    -5.89667797e-01 -3.86648655e-01 -5.47233701e-01 1.57162321e+00
    -3.69836092e-02 -4.09883797e-01 4.70021188e-01 1.18968749e+00
    1.62614429e+00 1.43416429e+00 7.82030523e-01 -6.36562109e-01
    1.64584756e+00 1.43048012e+00 1.16664469e+00 3.70806217e-01
    -6.17405176e-01 4.07806098e-01 2.45974243e-01 6.54641509e-01
    1.46926022e+00 -5.09454012e-02 7.79484093e-01 6.89362645e-01
    1.30500209e+00 6.93126678e-01 -6.92672491e-01 2.55578339e-01
    6.62761450e-01 -1.14590466e-01 -6.31798804e-01 -2.81518549e-01
    -7.49018192e-02 1.27887464e+00 8.44169140e-01 8.75328422e-01
    -1.88740373e-01 9.61021602e-01 4.53966975e-01 8.66453588e-01
    9.71192300e-01 8.41794491e-01 1.04630780e+00 -5.70386291e-01
    1.25966334e+00 -5.63352168e-01 3.43629599e-01 1.15546656e+00
    7.22391903e-01 -4.24283743e-03 -1.79025054e-01 8.19992661e-01
    8.47331405e-01 -4.93424773e-01 1.10418022e+00 3.22833121e-01
    7.16277778e-01 2.71924734e-02 1.09950876e+00 6.04612052e-01
    1.71409726e+00 1.16619515e+00 2.98613906e-02 1.12184167e+00
    -4.01835561e-01 1.41939688e+00 5.29907346e-02 1.14682841e+00
    -4.32186961e-01 1.12760830e+00 -4.54220027e-01 1.60412264e+00
    5.60846925e-01 7.65983522e-01 1.75792074e+00 -2.68627077e-01
    1.70010865e+00 1.35498023e+00 6.67923689e-03 -3.98052871e-01
    1.50316596e+00 -2.41255075e-01 -2.54797578e-01 1.73534167e+00
    -5.45731485e-01 1.54841375e+00 3.71367037e-01 -2.39253044e-03
    1.26073408e+00 -5.81267118e-01 1.26865458e+00 -2.08858848e-01
    1.41228735e+00 3.91571462e-01 -3.46356630e-02 4.56042767e-01
    -3.10274959e-01 1.26027203e+00 3.76045287e-01 -1.08736455e-01
    4.24017847e-01 -4.99943286e-01 -7.04618394e-01 -5.33665538e-01
    -2.41116405e-01 6.17046356e-01 -3.33098322e-01 -7.95437932e-01
    -4.20342952e-01 1.52235126e+00 9.16139543e-01 7.32758164e-01
    7.10110366e-01 -7.84576178e-01 1.57174873e+00 1.48018789e+00
    -4.04871225e-01 -5.18254519e-01 8.56074989e-01 1.37776303e+00
    -4.26776886e-01 5.10412097e-01 1.79670930e-01 2.20432639e-01
    -3.96649212e-01 1.56016529e+00 2.19900072e-01 -4.72706556e-03
    6.61490560e-02 2.69098461e-01 -2.38788128e-03 9.09209847e-02
    1.54285467e+00 1.02975893e+00 1.23468363e+00 1.48914337e+00
    1.32914948e+00 8.69621933e-01 8.12052906e-01 8.02621782e-01
    -6.13206387e-01 -2.01378316e-01 -5.02765596e-01 -3.31897140e-01
    7.49179840e-01 5.02818167e-01 -5.04049778e-01 -3.18478227e-01
    -4.06527728e-01 7.01069236e-01 1.83143330e+00 -5.72176814e-01
    3.00642252e-01 5.55711567e-01 6.01711094e-01 9.87196922e-01
    -6.22820497e-01 1.68929267e+00 1.43521023e+00 -2.49270260e-01
    1.63598084e+00 1.60481215e+00 3.57498467e-01 1.38627148e+00
    1.56893122e+00 9.52507794e-01 1.44863248e+00 2.46198952e-01
    4.32693005e-01 -6.22720957e-01 2.80857623e-01 1.74154663e+00
    1.38353729e+00 -3.89297873e-01 -3.51083219e-01 -7.08772182e-01
    1.16176844e+00 -6.75737143e-01 7.32518792e-01 9.24496710e-01
    1.65280914e+00 1.54735398e+00 -7.36288130e-01 1.41561675e+00
    -4.41956341e-01 1.52787614e+00 2.49984264e-01 1.47146010e+00
    1.51748049e+00 1.15268993e+00 -3.99217933e-01 1.70610118e+00
    1.74684584e-01 1.34697461e+00 2.38596082e-01 -1.10292554e-01
    6.48333430e-01 1.29535174e+00 7.48846591e-01 -3.92660022e-01
    1.51988888e+00 8.42965722e-01 -6.19349599e-01 1.47375429e+00
    -6.12713337e-01 2.54308820e-01 1.53663838e+00 -7.79780030e-01
    1.55343473e-01 3.64973664e-01 1.13202548e+00 1.61556542e-01
    6.17881358e-01 8.44705522e-01 -4.12789881e-01 1.54792607e-01
    -2.89078653e-01 1.32607234e+00 1.43953681e+00 -4.38035756e-01
    3.02652955e-01 2.85886228e-01 -2.05546141e-01 1.07842875e+00
    -6.70501292e-01 1.32855892e+00 1.75338984e-03 9.24359858e-01
    -1.55067682e-01 1.61933041e+00 1.49970865e+00 7.22065568e-01
    1.21655083e+00 -4.21154827e-01 2.70630002e-01 1.77191997e+00
    8.26974928e-01 -8.37881565e-02 5.64064384e-02 1.55101967e+00
    1.23620093e+00 -7.87305653e-01 2.26181269e-01 2.03379691e-01
    6.52607381e-01 -2.35701442e-01 -7.82641172e-02 1.70824158e+00
    -5.60549378e-01 9.81157064e-01 -4.74165320e-01 1.74655199e+00
    1.55667591e+00 -6.08398914e-01 -5.85227907e-01 -4.84692097e-01
    1.21544623e+00 1.22471797e+00 1.46108556e+00 1.32006407e+00
    -4.21668321e-01 -3.37696582e-01 1.55034840e-01 8.96695912e-01
    -4.70561415e-01 -2.26711273e-01 1.26411748e+00 4.42230880e-01
    -3.41988355e-01 -2.50801623e-01 6.74051940e-01 1.15830469e+00
    -1.30249023e-01 1.09543300e+00 -4.22487080e-01 8.99875879e-01
    -4.36460078e-01 6.62208378e-01 4.69887733e-01 -4.11607713e-01
    1.75918484e+00 1.24490547e+00 1.40745211e+00 -2.68628120e-01
    6.78123832e-02 -3.08510065e-02 1.20200896e+00 1.57718027e+00
    5.60717762e-01 3.13187540e-01 -6.65776134e-01 7.18849063e-01
    7.06492007e-01 1.15564680e+00 -2.82756269e-01 -7.14503884e-01
    1.48941433e+00 1.09578300e+00 -8.63999426e-01 9.94854152e-01
    9.62846816e-01 -2.78909624e-01 1.69051099e+00 -6.74309134e-01
    1.03806102e+00 3.25092554e-01 5.35516381e-01 3.93255234e-01
    1.91924989e-01 3.70676577e-01 1.42254686e+00 1.18213713e+00
    6.52436852e-01 -7.50391841e-01 -4.29094851e-01 1.59626627e+00
    -1.94946706e-01 -9.24832225e-02 -4.38544124e-01 1.47890401e+00
    1.63827944e+00 3.84245098e-01 -5.23895383e-01 -1.32651508e-01
    8.22894633e-01 1.37618566e+00 3.13276708e-01 1.85661256e-01
    7.04285085e-01 8.53099585e-01 6.83281481e-01 -5.15962720e-01
    1.45250893e+00 1.16972232e+00 8.10950756e-01 1.49949837e+00
    2.20992565e-02 1.61783552e+00 7.86310732e-01 7.56136417e-01
    1.50548279e+00 -5.04973531e-01 9.23382759e-01 1.77699041e+00
    8.15075934e-01 -4.97792065e-01 1.01883674e+00 1.47317219e+00
    5.95900536e-01 6.22268498e-01 1.20957315e+00 1.37582707e+00
    1.19947731e+00 1.63448739e+00 7.23588467e-03 3.77990603e-01
    -3.67399186e-01 -5.61747193e-01 3.44572365e-01 1.16356301e+00
    5.19629002e-01 8.50525439e-01 1.49221158e+00 9.45264101e-01
    3.04055929e-01 7.96501040e-01 6.47307158e-01 1.22209191e-01
    1.29298437e+00 1.12544823e+00 4.53238249e-01 1.67992687e+00
    1.48893881e+00 1.07873511e+00 -8.88756514e-02 -7.25404322e-01
    -1.77554488e-01 1.71438026e+00 -2.59686887e-01 1.74795222e+00
    1.07283890e-01 2.02670038e-01 7.66334534e-02 1.63324118e+00
    -2.56348014e-01 -3.70350718e-01 3.36919546e-01 7.37069428e-01
    -4.84174311e-01 4.80714560e-01 1.61075044e+00 8.27523530e-01
    1.32813954e+00 1.34860349e+00 -6.01438761e-01 -2.01691747e-01
    1.42720890e+00 6.90514624e-01 8.02704036e-01 -4.65339243e-01
    -3.93432945e-01 1.00091410e+00 -6.43968344e-01 -6.31861091e-02
    1.18879151e+00 -1.71859592e-01 5.05540967e-02 8.76136243e-01
    9.24551606e-01 4.98742521e-01 1.46081889e+00 2.18195140e-01
    1.00458741e+00 -5.91733992e-01 -6.63084090e-01 -4.54156488e-01
    1.73779023e+00 -1.09128475e-01 8.19523513e-01 6.69835567e-01
    9.61109400e-02 -4.94368762e-01 1.12656713e+00 1.24749303e+00
    7.04083383e-01 -5.65383852e-01 1.81324065e-01 4.29932296e-01
    1.38602448e+00 3.49154711e-01 1.59862077e+00 8.82711053e-01
    8.13569129e-01 8.89479995e-01 1.42492962e+00 1.84316635e-02
    6.26696467e-01 1.43317795e+00 1.02822864e+00 1.67038929e+00
    -2.19734788e-01 1.46061039e+00 -4.08270746e-01 1.64809775e+00
    1.22076046e+00 1.53182530e+00 1.61202788e+00 1.65485919e-01
    6.13189876e-01 8.35356355e-01 1.62698865e-01 -4.93736088e-01
    1.45387828e-01 1.80237424e+00 9.04067338e-01 -6.37619674e-01
    1.79255652e+00 -6.70863330e-01 1.08659863e+00 6.21517658e-01
    -3.00162315e-01 1.29971576e+00 -2.64759421e-01 8.84177387e-01
    8.76016319e-01 1.49462342e+00 7.00997531e-01 -3.60775858e-01
    -5.83999395e-01 1.05537438e+00 1.59241652e+00 1.40664530e+00
    1.06736279e+00 1.33232832e+00 -3.91508907e-01 1.53806078e+00
    1.52326632e+00 -3.48931074e-01 1.17080152e+00 -5.66749334e-01
    2.26760209e-01 5.44339061e-01 -2.56752968e-03 -3.98960829e-01
    -4.44191456e-01 1.68367147e-01 1.08894718e+00 1.11919034e+00
    9.47908401e-01 5.05624473e-01 3.16918850e-01 -4.91390228e-01
    6.41456127e-01 -2.34724104e-01 4.33577120e-01 1.00446641e+00
    1.76556945e+00 5.35656035e-01 3.08589935e-01 -4.52001959e-01
    -9.93424654e-03 6.61739349e-01 -4.22031224e-01 1.42647529e+00
    8.36493790e-01 1.37820005e+00 -5.97655058e-01 5.59390187e-01
    2.41230428e-01 1.15263367e+00 1.08185720e+00 1.69248164e-01
    4.04586315e-01 1.12160277e+00 -7.04358220e-01 1.10071123e+00
    6.82361305e-01 9.29293633e-02 1.67387331e+00 1.72057867e-01
    6.99009418e-01 3.85846794e-01 2.64479816e-01 1.49240410e+00
    8.60664606e-01 -7.38797724e-01 -5.09864092e-01 3.24719071e-01
    1.59172201e+00 1.64810216e+00 5.36839426e-01 2.03567743e-01
    -3.54461074e-02 1.56413913e+00 6.47253394e-02 1.61806893e+00
    -4.02170271e-01 5.81743121e-02 3.39279830e-01 1.11139321e+00
    1.37538970e+00 1.39277947e+00 1.09631717e+00 1.55688524e+00
    4.10283029e-01 -3.09939563e-01 1.23908877e-01 3.56277227e-01
    1.12675309e-01 -2.51569748e-01 5.95385015e-01 7.39449859e-02
    1.56735265e+00 7.35169411e-01 1.53396165e+00 1.58394384e+00
    1.64640832e+00 4.49055135e-01 1.34260464e+00 1.66552234e+00
    -5.11109471e-01 -6.56966865e-01 9.54094708e-01 1.36992002e+00
    1.30114496e-01 3.27019393e-01 3.07843089e-01 3.62426519e-01
    1.57316720e+00 1.22346330e+00 7.97843933e-03 8.96059871e-02
    1.15270185e+00 -5.68203449e-01 1.13434851e-01 7.01925039e-01
    3.17792892e-01 1.52746010e+00 1.53134906e+00 1.38306475e+00
    -4.11777705e-01 -6.82786465e-01 1.60491204e+00 6.36889398e-01
    -4.02774334e-01 -5.46323597e-01 6.23764753e-01 7.49854624e-01
    9.08743441e-01 -2.34264135e-01 -2.93333113e-01 1.48306048e+00
    4.98239338e-01 1.64145672e+00 -5.79782784e-01 -7.29074955e-01
    1.27372575e+00 1.35593355e-01 -5.51369190e-02 1.68505478e+00
    3.35007310e-02 -7.20447540e-01 1.59351373e+00 1.43461394e+00
    1.70591807e+00 -1.10669434e-01 -7.81909108e-01 1.59749770e+00
    1.12298346e+00 1.14052486e+00 1.57365465e+00 -4.61870015e-01
    8.70805025e-01 9.19378996e-01 -2.96046853e-01 1.38118970e+00
    1.31217015e+00 3.29407871e-01 -2.46060550e-01 2.39873230e-01
    1.92131698e-01 1.38742554e+00 7.03370214e-01 6.50336683e-01
    3.52737308e-01 -1.07257903e-01 -2.02908576e-01 -6.01731956e-01
    -3.49715203e-01 6.67231917e-01 1.48547339e+00 2.17282772e-01
    1.69456697e+00 -4.84914124e-01 2.98200667e-01 7.15094626e-01
    1.24295950e-02 1.66250980e+00 -2.44301528e-01 3.89767110e-01
    6.28044426e-01 -3.60261858e-01 -3.89233172e-01 9.03489649e-01
    1.06918788e+00 2.13923931e-01 1.48662269e+00 -1.21336579e-01
    1.62867260e+00 -2.65451550e-01 5.96656024e-01 -5.06424904e-03
    7.96631515e-01 1.55558085e+00 1.13688517e+00 -6.14918709e-01
    3.48523676e-01 1.42127633e+00 -3.62051487e-01 4.03332889e-01
    -2.00608313e-01 1.48470688e+00 9.02202666e-01 1.41239333e+00
    9.33214545e-01 9.96671140e-01 1.60570049e+00 9.40478444e-01
    -4.62999940e-01 2.92483032e-01 -7.29558766e-01 8.35720778e-01
    -8.36992264e-03 4.32928741e-01 1.63328540e+00 1.31579232e+00
    3.16018701e-01 -4.98833477e-01 -1.71104372e-01 -4.27672267e-02
    -1.64567530e-01 -7.22996950e-01 1.03712499e+00 1.56499481e+00
    -7.17573762e-01 7.03251362e-03 2.56703794e-01 -7.70276189e-02
    6.42827570e-01 -8.20292234e-02 1.56211400e+00 -7.06302047e-01
    9.09395099e-01 1.26675868e+00 2.05113173e-01 1.68813348e-01
    8.68852496e-01 1.43377352e+00 1.21053243e+00 4.53181863e-02
    4.79456484e-01 -6.94565773e-01 5.42944670e-03 1.33128405e+00
    1.24685502e+00 1.76599407e+00 5.25138974e-01 -6.18633568e-01
    -2.83896327e-02 6.97526932e-01 -3.06429416e-01 2.42255747e-01
    -5.29944897e-01 8.38301718e-01 2.90813446e-02 -2.20559835e-01
    1.43208957e+00 1.46022177e+00 6.45213902e-01 7.19276249e-01
    -8.28949511e-01 8.70415270e-01 6.13382161e-01 4.08939719e-02
    7.10396171e-01 1.68418336e+00 -4.86484468e-01 6.97819769e-01
    1.69224572e+00 1.65365338e-02 -5.58410704e-01 4.46283937e-01
    6.22068882e-01 1.38535547e+00 1.49313200e+00 5.28523922e-02
    2.66762376e-01 1.59512043e+00 9.11812246e-01 5.45206845e-01
    1.07263088e+00 1.45053601e+00 3.91175568e-01 1.47914600e+00
    -4.36087728e-01 6.88632965e-01 4.71762896e-01 -6.08587623e-01
    3.74028087e-02 -5.96735716e-01 -3.26511860e-02 2.90977359e-01
    3.90989363e-01 1.19017327e+00 4.97626901e-01 1.33802700e+00
    9.68077958e-01 7.77991772e-01 8.88219595e-01 7.53623962e-01
    -5.33785701e-01 1.04253507e+00 6.59986496e-01 7.34996259e-01
    -3.23188305e-03 -2.98593760e-01 5.04936159e-01 -3.41600776e-01
    1.38797760e+00 1.64683795e+00 1.61356854e+00 -5.53557396e-01
    -3.63869846e-01 8.38248312e-01 -6.45050406e-01 1.38746786e+00
    3.30623388e-02 1.08152175e+00 -7.77965724e-01 1.63668883e+00
    -2.93336034e-01 5.00927508e-01 6.68597877e-01 1.63132215e+00
    2.75970459e-01 2.31814861e-01 7.50791728e-01 1.05994940e+00
    -3.02330285e-01 2.22825468e-01 7.06019163e-01 7.25618601e-02
    1.30668962e+00 -5.07034123e-01 8.05303454e-01 4.83348191e-01
    9.48662162e-01 3.38512123e-01 -4.49940562e-01 -2.42395997e-01
    7.02302814e-01 -4.86851066e-01 -6.45583272e-01 1.58654785e+00
    1.11303067e+00 1.04014266e+00 2.13291764e-01 8.88789237e-01
    9.04433727e-02 6.46329761e-01 1.50952888e+00 1.51830006e+00
    1.64015698e+00 5.79868674e-01 2.17043877e-01 1.27918673e+00
    -2.05652952e-01 2.07340777e-01 -6.90162063e-01 8.26362312e-01
    4.27146316e-01 1.69647586e+00 -1.71794355e-01 7.69635379e-01
    1.02788091e+00 1.69313669e+00 -3.18654835e-01 1.69964361e+00
    7.77977884e-01 -7.41024077e-01 4.66167152e-01 1.12889767e+00
    3.20623398e-01 9.06223178e-01 1.41170871e+00 -4.37654257e-02
    -3.85801941e-01 -5.22168994e-01 1.12244904e-01 4.36312973e-01
    -3.77440721e-01 -6.34254575e-01 4.31198835e-01 -1.57988071e-01
    9.29045916e-01 2.93124080e-01 7.76812851e-01 -3.36171657e-01
    1.61965513e+00 6.65327251e-01 2.94729471e-02 2.53828466e-01
    1.32276225e+00 4.63940680e-01 9.90358829e-01 7.78651118e-01
    1.53191638e+00 -4.41985279e-01 -6.05690420e-01 1.59119940e+00
    4.17297304e-01 3.28516185e-01 7.83267379e-01 6.34289026e-01
    6.65721416e-01 9.16777730e-01 -6.22237086e-01 -2.17930675e-02
    1.51519167e+00 9.99027908e-01 1.78636789e-01 1.28540969e+00
    -6.12163544e-02 1.15754271e+00 1.78409994e-01 6.55972719e-01
    1.25818300e+00 4.09877777e-01 -9.70944166e-02 8.10034394e-01
    2.35542536e-01 1.52137709e+00 8.56353521e-01 9.02684033e-01
    2.60633528e-01 7.08828270e-01 1.29952776e+00 -3.51733714e-01
    1.01195049e+00 1.75277829e+00 9.87667739e-01 1.53585851e-01
    7.46738791e-01 6.22325659e-01 -5.33119440e-01 9.10061836e-01
    -7.62906075e-02 -1.72324181e-02 -4.97841358e-01 -4.88429695e-01
    4.45956826e-01 -6.59906149e-01 1.19243193e+00 1.19999707e+00
    3.64684880e-01 -5.13252556e-01 -2.03336477e-02 -6.49467468e-01
    -4.91087675e-01 4.90760326e-01 7.85174489e-01 1.72663033e+00
    -1.39578879e-01 3.43107879e-01 2.81006753e-01 5.31877995e-01
    3.11939001e-01 1.26543629e+00 9.25493240e-02 -6.48164093e-01
    -3.16252977e-01 -6.04184628e-01 -4.53194082e-01 1.17829657e+00
    1.71335673e+00 1.40781963e+00 1.02677941e+00 7.60742426e-02
    1.68229151e+00 6.68663621e-01 -4.21576351e-01 7.32866526e-02
    9.55034196e-01 -2.67230034e-01 8.62727582e-01 -6.82272077e-01
    -4.51522768e-01 8.57898116e-01 1.52948356e+00 -5.28413653e-01
    1.73588014e+00 6.97159052e-01 -4.44306016e-01 1.59993041e+00
    1.02863908e-01 1.51212859e+00 2.58085787e-01 1.55582547e-01
    1.23144090e-01 1.56552231e+00 1.36101389e+00 -7.93101668e-01
    -3.75203878e-01 -3.03013712e-01 -3.92038971e-01 1.28613496e+00
    6.82459593e-01 1.29161334e+00 1.66371155e+00 -5.82039416e-01
    1.52699208e+00 -2.54542083e-01 1.58524251e+00 2.79158056e-01
    3.48703146e-01 3.57683241e-01 5.65047741e-01 8.60637367e-01
    1.63209033e+00 8.48523200e-01 1.36116505e+00 6.00141287e-01
    7.96994984e-01 1.35578620e+00 5.04865468e-01 8.55579734e-01
    1.45393169e+00 -1.83825612e-01 1.46946728e-01 -2.39865005e-01
    1.62802792e+00 5.00138283e-01 -3.49545628e-01 6.17386103e-02
    9.68187153e-01 -2.69464731e-01 7.72045314e-01 -2.16595113e-01
    1.04788160e+00 -2.81958878e-01 1.29579139e+00 6.07957840e-01
    1.00764346e+00 -6.26057565e-01 9.62590992e-01 4.82133925e-01
    1.26939511e+00 1.54916263e+00 -2.95422077e-01 6.11575127e-01
    -4.03167993e-01 1.57234526e+00 3.02308857e-01 -5.54888487e-01
    -1.42677128e-01 1.08413541e+00 1.74667907e+00 3.12526524e-01
    -1.86540306e-01 1.28880048e+00 -1.95855200e-01 8.63523364e-01
    9.13111389e-01 1.39882588e+00 1.59807801e-02 -5.20725906e-01
    -4.41263765e-01 -6.76001310e-01 3.26781392e-01 8.86563599e-01
    4.39003825e-01 5.49329162e-01 5.46315491e-01 -1.96771026e-02
    9.43085074e-01 1.51135659e+00 1.30731225e+00 1.00246620e+00
    -1.76284850e-01 1.29999614e+00 1.08396196e+00 1.56838596e-01
    -3.51261616e-01 9.23787236e-01 5.90357184e-01 3.97044539e-01
    -3.33896756e-01 6.17667556e-01 -3.33504885e-01 -2.14283526e-01
    9.51675653e-01 9.81153369e-01 1.18243551e+00 2.64628232e-01
    -7.02163935e-01 1.38605392e+00 1.26095080e+00 -4.87942040e-01
    -2.38776624e-01 2.45691001e-01 -4.37075317e-01 3.74563813e-01
    1.71136057e+00 5.89396000e-01 1.10021985e+00 -4.44994569e-02
    1.19713247e-01 4.86007392e-01 6.97758257e-01 5.59223950e-01
    -2.94223964e-01 1.02602839e+00 7.56081760e-01 8.94553661e-01
    1.50576508e+00 -6.22160196e-01 3.26125264e-01 -1.99120581e-01
    7.39726365e-01 3.81281376e-02 1.28385782e+00 -7.06307888e-02
    -8.47948790e-02 1.06786489e+00 -6.51270032e-01 7.25303292e-01
    1.27338600e+00 1.66948342e+00 -7.33584762e-02 -2.30655670e-01
    9.23419535e-01 1.69234669e+00 5.17363548e-01 -6.77547276e-01
    3.68941426e-01 1.06809092e+00 7.40960538e-01 9.51987922e-01
    5.26190460e-01 -8.88853073e-02 1.68517661e+00 1.29764605e+00
    3.44219685e-01 -3.00027400e-01 1.39744401e+00 -4.01597619e-02
    1.82936573e+00 1.38408840e-01 8.59999061e-02 1.67970157e+00
    3.33652556e-01 -4.83425647e-01 -1.63029373e-01 3.67844105e-01
    -2.78074682e-01 1.18874145e+00 4.89411652e-01 5.21097124e-01
    2.78222561e-03 7.60451496e-01 8.25556517e-01 -1.22852623e-01
    -6.94746375e-01 6.83968663e-02 -7.31823683e-01 1.36074352e+00
    1.32998002e+00 -9.12260473e-01 3.05171132e-01 5.90471685e-01
    1.06456518e+00 7.18748927e-01 3.65618587e-01 -1.24752462e-01
    4.85129356e-02 4.41668987e-01 1.64418471e+00 3.01493168e-01
    9.62849736e-01 1.49601102e-01 7.30271041e-01 3.36047411e-01
    -2.11163759e-01 7.02832520e-01 1.38268983e+00 -7.12053180e-02
    3.85545492e-02 2.67127633e-01 1.75522327e-01 -6.75963581e-01
    1.00278199e-01 7.87858367e-02 -7.50635564e-01 6.53523624e-01
    1.49051571e+00 2.35486746e-01 -6.75288081e-01 9.19823408e-01
    8.05438817e-01 1.36517310e+00 1.48217893e+00 8.12917113e-01
    3.86450708e-01 3.53502154e-01 -3.81530166e-01 -2.58236557e-01
    8.18134427e-01 5.42947173e-01 8.33638370e-01 9.77021933e-01
    1.72749639e+00 1.48626816e+00 -1.75847590e-01 1.62325859e+00
    4.42719638e-01 1.49310803e+00 1.08603048e+00 5.77901304e-01
    1.17267466e+00 -2.75348425e-02 9.14290130e-01 1.73023820e+00
    7.99813569e-01 4.36921597e-01 -5.26418686e-01 -1.44889057e-01
    -5.23729324e-01 1.19839132e-01 1.50188220e+00 7.50376046e-01
    1.78760040e+00 8.84391069e-02 -5.30490637e-01 -2.60744035e-01
    1.62599444e+00 1.40812683e+00 7.63028860e-02 -1.30218923e-01
    2.83659041e-01 1.69076824e+00 6.18650675e-01 -4.00875866e-01
    -2.82947451e-01 5.22981048e-01 1.74928451e+00 8.17138612e-01
    1.67324364e+00 6.29091382e-01 7.10277379e-01 -2.85513997e-02
    1.27301621e+00 2.73825765e-01 3.19271803e-01 6.25620902e-01
    -1.38854980e-01 1.24418569e+00 4.11239266e-01 -3.91569018e-01
    1.98494315e-01 1.58449233e+00 -4.54563946e-01 1.88642621e-01
    1.04513693e+00 8.18556547e-02 -8.78244638e-02 -3.26796472e-01
    -7.13354111e-01 -6.74567521e-01 4.57999408e-01 1.70336306e+00
    -4.01022404e-01 -1.51814878e-01 2.21672714e-01 7.00233459e-01
    4.60088849e-01 6.25752449e-01 -7.89904177e-01 9.21354294e-01
    2.92618275e-02 1.53278100e+00 7.77757704e-01 5.05315661e-01
    1.56713748e+00 4.36001718e-01 1.32560515e+00 7.37593353e-01
    1.26813364e+00 2.54179299e-01 6.82975709e-01 8.76166642e-01
    -3.94444048e-01 -2.95859665e-01 -2.19332725e-01 3.86631548e-01
    2.10742354e-02 1.23914051e+00 1.06701028e+00 1.25818408e+00
    1.84241056e-01 -2.06472605e-01 2.92784572e-02 -4.07496721e-01
    4.54099417e-01 1.71438158e-01 -4.21396166e-01 1.33618593e+00
    1.09299958e+00 1.16472912e+00 1.28293753e+00 -2.38393903e-01
    -7.13581085e-01 -4.45333511e-01 9.60574806e-01 9.66978848e-01
    1.23220444e-01 3.48091364e-01 9.13526595e-01 1.62297833e+00
    8.07250917e-01 3.84668291e-01 9.57435071e-01 8.46906543e-01
    9.81264412e-01 1.62619889e+00 1.42875504e+00 1.25385642e-01
    1.43897700e+00 8.83352458e-01 1.45405912e+00 -7.00768352e-01
    1.40039241e+00 6.42902136e-01 1.52766168e-01 -1.45668328e-01
    2.70042479e-01 7.19127238e-01 1.58127427e+00 2.43409932e-01
    -1.44304037e-02 8.00574422e-01 6.89144552e-01 8.28746796e-01
    1.63877964e+00 9.89163578e-01 5.64125597e-01 1.02206814e+00
    -3.60118836e-01 1.98598444e-01 -6.66334033e-02 7.51231194e-01
    1.00987601e+00 1.56563163e+00 -3.21235448e-01 1.51854539e+00
    -3.63537699e-01 8.22001100e-01 3.80780339e-01 5.72184622e-01
    -5.94029844e-01 2.72172034e-01 1.82550573e+00 1.25599062e+00
    -9.40728188e-02 -1.28608048e-01 6.68017805e-01 -1.25423014e-01
    1.16009247e+00 1.34707832e+00 6.46811903e-01 1.42435145e+00
    -4.15450186e-01 -3.86662871e-01 -2.73923397e-01 -9.31814909e-02
    -8.45303476e-01 -8.43488991e-01 6.11319065e-01 1.68940830e+00
    1.54901481e+00 3.43155861e-02 2.77781367e-01 -2.81062901e-01
    -6.69305205e-01 -5.72552323e-01 -6.11735225e-01 5.13785720e-01
    3.54026198e-01 2.78357208e-01 -3.57036650e-01 7.77572870e-01
    1.25254869e-01 -7.96898007e-02 -6.43866777e-01 1.21195531e+00
    -5.60968578e-01 1.45073676e+00 -1.99166417e-01 1.70478427e+00
    -3.02095413e-01 -5.12784481e-01 1.63949728e+00 3.24899137e-01
    1.80070484e+00 1.82082033e+00 7.31403887e-01 1.08883286e+00
    2.69273639e-01 1.31861269e-01 1.28406096e+00 1.52439904e+00
    -5.01475275e-01 1.58662343e+00 -1.52936578e-01 4.46988761e-01
    4.36349452e-01 1.26508594e+00 6.50560915e-01 1.27442455e+00
    1.51027274e+00 3.03328276e-01 -7.31430411e-01 1.34046364e+00
    -6.85094178e-01 -6.90883040e-01 7.71904469e-01 -5.91156006e-01
    1.63507366e+00 -3.08338284e-01 1.44418466e+00 -5.98060369e-01
    8.74162734e-01 2.22668469e-01 1.39828861e-01 1.11195135e+00
    1.33986616e+00 1.42227626e+00 1.04564583e+00 -8.01562488e-01
    4.94039416e-01 4.14372087e-01 -5.24922132e-01 5.51008284e-01
    3.43904495e-02 -6.14250720e-01 -2.99787164e-01 4.59249437e-01
    1.35408163e+00 1.03458714e+00 1.74438381e+00 5.37907898e-01
    -7.47219622e-01 9.36433077e-02 1.52614570e+00 2.91501939e-01
    5.10694861e-01 -1.09469712e-01 1.12475467e+00 -5.52213728e-01
    1.46432638e+00 1.48783290e+00 4.79197264e-01 -6.65787697e-01
    1.79475892e+00 -5.51646829e-01 7.84025073e-01 -7.18413472e-01
    5.42950630e-03 1.70237482e-01 1.17050409e+00 1.34580207e+00
    1.23058319e+00 1.07055783e-01 5.48749030e-01 -1.92304492e-01
    9.13578331e-01 8.12603295e-01 6.66157782e-01 5.90757489e-01
    6.73335791e-02 1.25310040e+00 8.33936334e-01 -5.30448973e-01
    1.70306349e+00 9.47484910e-01 1.36048532e+00 8.25167418e-01
    4.98909831e-01 -7.02396035e-01 1.98638022e-01 7.86540508e-01
    1.34069657e+00 4.89224434e-01 1.37878656e-02 8.26905489e-01
    7.00485051e-01 9.45696354e-01 -2.17630267e-01 5.96681654e-01
    6.80388093e-01 -4.68942344e-01 1.55243361e+00 -6.14076495e-01
    -1.50215745e-01 1.17910457e+00 1.06781518e+00 -6.61486268e-01
    1.06846249e+00 6.18986309e-01 1.16726565e+00 4.55141068e-04
    1.56462932e+00 -7.47330785e-02 1.90043449e-03 -3.60092878e-01
    -3.80972266e-01 9.70155358e-01 3.14440727e-02 1.66586673e+00
    2.63918281e-01 -6.49066746e-01 3.26871216e-01 7.43883073e-01
    1.52508187e+00 -2.78904974e-01 -1.44268095e-01 -2.38438725e-01
    1.18082023e+00 3.25021565e-01 3.16954136e-01 -6.32802546e-01
    2.96187282e-01 1.14816892e+00 3.62617254e-01 1.51850021e+00
    -5.92706382e-01 9.80290890e-01 5.57014167e-01 3.79324853e-01
    -5.38073123e-01 -7.79299200e-01 1.41398132e+00 3.60785306e-01
    1.43339658e+00 -3.57379317e-01 4.98121440e-01 3.43617797e-02
    -4.03967500e-02 1.73957205e+00 -2.56493241e-01 1.03885651e+00
    -2.97666550e-01 1.44257700e+00 5.10486722e-01 6.65055871e-01
    -4.00551826e-01 1.64367366e+00 -6.57770932e-01 8.89680982e-02
    3.43805254e-01 5.67742407e-01 6.13818705e-01 8.84659648e-01
    1.61331630e+00 1.34916186e+00 1.15635896e+00 3.02511454e-01
    6.59006655e-01 -6.61815584e-01 1.43223453e+00 1.48692584e+00
    8.01024616e-01 -1.52232528e-01 2.10657299e-01 4.55027819e-03
    4.55724597e-02 3.77492547e-01 -2.92060971e-02 1.61300492e+00
    -2.59605885e-01 -4.80188251e-01 4.90260899e-01 1.12778640e+00
    3.97714257e-01 -4.13912714e-01 1.00989521e+00 1.94343269e-01
    1.53820229e+00 1.14915025e+00 6.77882254e-01 -6.57642066e-01
    3.56737733e-01 8.03053319e-01 8.57579529e-01 9.73026752e-02
    6.93695843e-01 1.72601509e+00 1.49436033e+00 1.43321609e+00
    -5.38765550e-01 5.60972810e-01 6.63272321e-01 -7.16995895e-01
    -5.59439421e-01 1.19681931e+00 -5.38078964e-01 1.21875453e+00
    -7.11933494e-01 1.03596807e-01 5.81874490e-01 -3.29878032e-01
    7.20716178e-01 1.06151509e+00 1.11590326e-01 -2.50590563e-01
    8.69703174e-01 -2.45162457e-01 4.29762006e-01 7.82099247e-01
    1.96419001e-01 1.37368476e+00 1.48657870e+00 5.92575312e-01
    1.51165915e+00 1.28858411e+00 5.85381806e-01 1.37790060e+00
    -6.54736757e-01 -9.00712609e-02 -2.88008690e-01 1.65456438e+00
    -2.47910619e-01 1.46592367e+00 1.57761693e+00 1.22050571e+00
    -3.41400415e-01 1.18711495e+00 5.97608566e-01 3.78294408e-01
    1.43477845e+00 1.80032372e+00 3.83445263e-01 -7.56666601e-01
    4.09741461e-01 9.92179990e-01 1.25471711e+00 1.08903790e+00
    -4.46526229e-01 1.38613164e+00 -1.48754179e-01 1.37704301e+00
    2.05045700e-01 1.59373856e+00 5.34573793e-01 6.52969122e-01
    1.54799938e+00 3.52228820e-01 -3.37034345e-01 1.82018709e+00
    1.24812341e+00 5.67915976e-01 7.40984499e-01 6.97939217e-01
    3.45950782e-01 1.13196003e+00 1.73900008e-01 6.31129742e-03
    1.08098793e+00 1.56207347e+00 1.89292431e-01 1.48639202e+00
    -2.27813125e-01 1.25481534e+00 -1.06060445e-01 1.18442881e+00
    3.88581812e-01 7.54652858e-01 1.37625408e+00 3.18851113e-01
    -4.73691046e-01 7.98827708e-01 9.06404257e-01 1.42058802e+00
    1.10982275e+00 -3.11898589e-02 1.01128030e+00 1.48506308e+00
    1.65138054e+00 -3.80115688e-01 4.87891734e-01 -5.81795931e-01
    1.21572423e+00 6.43901885e-01 -4.07621622e-01 1.13917255e+00
    6.34946048e-01 -3.65558088e-01 1.01095414e+00 -3.72716963e-01
    -1.58990622e-02 -4.50385183e-01 1.63340378e+00 1.76648641e+00
    -4.42288458e-01 8.06475699e-01 -5.35010815e-01 -4.87810642e-01
    8.12175393e-01 1.60229743e+00 8.23484421e-01 1.15100467e+00
    5.04976332e-01 -9.47847366e-02 4.58216131e-01 -1.28487527e-01
    1.10216451e+00 1.67564178e+00 -1.27286524e-01 3.08820307e-01
    8.02658260e-01 -1.67733520e-01 4.78522301e-01 1.20974422e+00
    -1.99288279e-01 -2.11562276e-01 2.72064149e-01 1.01462185e-01
    -5.27309358e-01 1.47961497e+00 1.39085019e+00 1.15595818e+00
    5.76130748e-02 1.17455149e+00 4.34136391e-02 1.69341040e+00
    6.76959276e-01 4.91588175e-01 -2.60822177e-02 -1.22458518e-01
    -1.34354830e-02 6.72175884e-01 1.77100718e-01 -4.40233201e-01
    9.70548987e-01 3.52864861e-02 7.35918820e-01 1.65793180e+00
    -4.82472956e-01 -1.89815581e-01 5.39261103e-03 6.47416115e-02
    5.17886698e-01 1.65074921e+00 1.65231705e+00 1.00396764e+00
    -4.00042027e-01 1.77308452e+00 -2.76718140e-02 7.19129622e-01
    -4.35004592e-01 1.29864573e+00 1.31281984e+00 5.51465333e-01
    1.72482717e+00 1.94367349e-01 5.41053593e-01 3.76914024e-01
    -1.47370338e-01 1.73284531e+00 1.36395836e+00 -1.10900700e-01
    -6.46868944e-02 7.69349396e-01 1.25376487e+00 -5.83959222e-02
    -3.88349771e-01 -1.48068845e-01 -2.68061221e-01 1.12088144e+00
    3.88212919e-01 -5.36176264e-01 7.97179759e-01 9.00258839e-01
    3.78117740e-01 4.16797876e-01 7.67642438e-01 -2.00908720e-01
    1.38452148e+00 -7.84025252e-01 9.96902227e-01 6.92505956e-01
    -7.49138772e-01 2.45059967e-01 9.92353320e-01 4.80827630e-01
    1.31672668e+00 6.60199523e-01 3.41227114e-01 1.56688285e+00
    7.61527717e-01 7.06814945e-01 7.93787241e-02 -1.91724300e-03
    1.83003247e-01 -1.36526346e-01 4.48227823e-01 4.44828808e-01
    3.19080412e-01 1.59449673e+00 -6.52023137e-01 4.31644201e-01
    3.27201605e-01 -5.03120422e-02 1.06082988e+00 -4.38806772e-01
    6.80583715e-02 9.87125099e-01 3.71393442e-01 1.22756505e+00
    5.75939775e-01 1.42884183e+00 4.89949107e-01 -6.26572967e-02
    1.53067207e+00 7.17616916e-01 8.77134562e-01 5.39651513e-02
    4.10906374e-01 -4.23260897e-01 1.27040529e+00 1.11247337e+00
    3.00901711e-01 -2.57551074e-01 1.18461847e-01 4.35378253e-01
    -1.61341846e-01 5.45889974e-01 1.55624974e+00 9.74395335e-01
    -3.58434647e-01 -7.81545579e-01 1.19757891e+00 1.58705437e+00
    1.01822531e+00 7.96399474e-01 5.14978409e-01 3.74286413e-01
    3.91341746e-01 1.77916288e+00 4.16323543e-02 1.57682920e+00
    -5.20420969e-01 -8.19739103e-02 -7.17894793e-01 -4.82246876e-02
    8.61469269e-01 1.25359976e+00 9.86168385e-01 -7.44044781e-04
    6.82462156e-01 6.25106096e-02 1.70163202e+00 3.74426007e-01
    1.64809906e+00 9.49761689e-01 -6.35505736e-01 9.98070598e-01
    1.50802851e-01 8.35874736e-01 5.67176521e-01 4.79995906e-01
    1.05287266e+00 -1.12516880e-02 1.08853984e+00 -1.27791107e-01
    -3.83486688e-01 7.28524327e-02 2.34866142e-03 1.52220857e+00
    3.61522317e-01 -5.70747733e-01 3.73764217e-01 9.89315629e-01
    2.91783869e-01 -5.68372250e-01 6.97931588e-01 1.34456480e+00
    9.85744178e-01 1.11823249e+00 1.53491092e+00 -7.17123926e-01
    1.77538872e+00 -8.72218013e-02 2.37790287e-01 -6.87349319e-01
    3.86862934e-01 1.34619272e+00 -2.66247511e-01 -1.38590991e-01
    1.47280645e+00 7.51258850e-01 1.05086982e+00 -3.28526676e-01
    -4.64515537e-01 1.21158004e+00 -6.77505672e-01 1.66652584e+00
    1.52458847e-01 1.23473978e+00 -1.70369387e-01 -8.20868254e-01
    -2.03161359e-01 -5.25124907e-01 5.68157256e-01 -2.07754135e-01
    -2.12275267e-01 -1.01842105e-01 -5.84582686e-01 -6.42624199e-01
    6.52814627e-01 9.27768588e-01 -6.81335032e-01 3.26925635e-01
    -2.36088037e-02 1.23568046e+00 1.22437942e+00 9.47773039e-01
    9.83642280e-01 -6.39485955e-01 9.34369445e-01 7.05036104e-01
    8.60509753e-01 1.06506276e+00 -6.84969425e-02 1.33973837e+00
    1.66933179e+00 8.44049215e-01 4.83769178e-01 1.64766002e+00
    7.16507435e-03 1.60547471e+00 5.84445298e-01 -5.38209081e-02
    -6.56611562e-01 1.42443323e+00 1.54429376e+00 1.02017140e+00
    2.48190939e-01 1.30423260e+00 -1.96086109e-01 -1.29334986e-01
    5.76522231e-01 2.30054379e-01 9.77231562e-01 1.63323009e+00
    7.94973016e-01 1.40799046e+00 -4.78529334e-01 1.68707085e+00
    1.75646782e+00 -3.20340604e-01 8.26237738e-01 6.05032563e-01
    -1.05957866e-01 -5.61992526e-01 1.49083054e+00 3.47495735e-01
    7.00957119e-01 4.01228070e-02 5.44392467e-02 1.52842760e+00
    2.93099165e-01 1.25054812e+00 2.00280607e-01 1.49661481e+00
    1.16029799e-01 1.49154353e+00 4.44436491e-01 -1.18995845e-01
    1.39127374e+00 -7.89246321e-01 -1.50321007e-01 -1.26527488e-01
    1.00044823e+00 1.52853596e+00 -4.85892296e-01 7.57291317e-01
    8.03557754e-01 2.99888849e-01 -7.59356320e-01 1.42492402e+00
    7.88269639e-02 -5.85490346e-01 4.81545031e-01 -1.75550699e-01
    1.20991564e+00 3.20470214e-01 1.05793703e+00 1.01836586e+00
    -6.87852502e-01 -5.72347820e-01 -2.84560919e-02 -2.12781370e-01
    1.28994131e+00 9.18063879e-01 2.93423772e-01 -2.51738787e-01
    1.37180257e+00 -5.95944405e-01 1.49555159e+00 2.79538274e-01
    1.33024430e+00 5.13044059e-01 -6.73769236e-01 1.55672479e+00
    -6.26313925e-01 1.17902517e+00 -3.77431512e-02 -6.21025801e-01
    6.01822257e-01 1.11154318e-01 1.34341455e+00 -6.01633191e-01
    -4.40171838e-01 1.66213536e+00 1.50697017e+00 1.39044559e+00
    2.88565099e-01 -4.09110785e-02 -1.16439402e-01 3.03609192e-01
    4.44268167e-01 1.35592461e+00 1.13004851e+00 3.30117941e-01
    1.19379938e+00 4.39589620e-01 1.13919377e-01 1.35776997e+00
    1.75894940e+00 1.54116404e+00 1.69172335e+00 4.64300454e-01
    7.59842277e-01 6.89134598e-02 8.09576213e-01 9.95058656e-01
    1.14349902e-01 -3.33960831e-01 -2.61051655e-01 4.85202074e-01
    1.74552703e+00 5.12848973e-01 4.03046310e-01 -2.56555915e-01
    -2.89968222e-01 1.57894754e+00 1.49423158e+00 5.66692889e-01
    -6.56834364e-01 -1.75464451e-01 -3.88243943e-01 6.68859839e-01
    1.29360271e+00 -6.14248872e-01 1.08784091e+00 2.01066852e-01
    -1.68192834e-01 1.22954786e+00 -4.63075310e-01 -1.03704333e-01
    7.13811159e-01 -6.65204287e-01 1.11595511e+00 -6.32452726e-01
    1.13518190e+00 -3.96989644e-01 1.15596211e+00 9.72906411e-01
    -5.24189234e-01 2.89086103e-01 8.71017337e-01 7.03533530e-01
    6.22895122e-01 -5.68183064e-01 1.90539956e-01 1.53978038e+00
    -8.58747363e-02 1.36188877e+00 1.10268903e+00 8.41358185e-01
    -7.09152102e-01 -5.31802535e-01 -2.39780486e-01 2.96508133e-01
    1.12060261e+00 4.10916805e-01 1.16255236e+00 -6.71860576e-02
    -3.59108359e-01 1.45875859e+00 1.61388314e+00 3.69560003e-01
    -3.89027625e-01 -1.69531703e-01 -3.24047953e-01 6.60603583e-01
    9.69557524e-01 -3.60630393e-01 1.56197000e+00 3.40482354e-01
    9.84143555e-01 6.82050884e-01 -2.75553465e-02 4.80669796e-01
    -4.97037530e-01 9.83408689e-01 4.18462873e-01 -4.55176532e-01
    1.48634100e+00 3.42857480e-01 5.16951680e-02 8.85240436e-01
    7.99203932e-01 -1.55999839e-01 3.65780234e-01 -7.00446904e-01
    -1.80294871e-01 -3.04453194e-01 9.16684985e-01 8.24777305e-01
    -6.34687603e-01 7.89369345e-01 -6.90796375e-02 -4.77794588e-01
    2.37988174e-01 7.40084589e-01 -1.46454751e-01 1.03328943e-01
    -9.80049372e-03 1.03637230e+00 1.26628685e+00 -3.41150343e-01
    1.40311217e+00 5.77057481e-01 3.88850212e-01 7.16112256e-02
    3.70840430e-02 -2.45006144e-01 1.45782852e+00 -7.90106058e-02
    1.75544965e+00 -2.34213769e-01 4.40089524e-01 7.21220493e-01
    1.34771705e+00 1.71793306e+00 2.57461071e-02 -2.38019168e-01
    1.39259005e+00 -7.06007838e-01 -6.22346938e-01 2.03392386e-01
    6.89748108e-01 2.32694745e-02 1.62778425e+00 1.46627808e+00
    1.76119924e+00 5.35180509e-01 7.19003558e-01 3.23519170e-01
    2.21461117e-01 2.82521427e-01 1.23171163e+00 -6.81086779e-01
    -5.46120226e-01 6.83885217e-02 1.70048571e+00 -6.04873002e-01
    7.11084425e-01 2.84047604e-01 -3.85275722e-01 1.68543828e+00
    -3.95572901e-01 1.36198163e+00 6.87131464e-01 -1.37233317e-01
    7.55783021e-01 9.96721029e-01 2.12843120e-01 4.71507311e-01
    2.86855042e-01 1.18091559e+00 9.57012832e-01 3.47784996e-01
    -7.35505223e-01 1.74684227e-01 1.07185304e-01 5.45157909e-01
    -7.01193631e-01 9.56964731e-01 -3.06903541e-01 5.34798265e-01
    7.57684886e-01 -4.22722697e-01 1.46165740e+00 1.61592102e+00
    6.80154324e-01 -3.92583936e-01 1.74605107e+00 -5.37399471e-01
    5.98245800e-01 1.62829995e+00 9.59699035e-01 1.27824783e+00
    8.40614438e-01 -1.39300585e-01 1.62739003e+00 -6.29952312e-01
    1.78481102e+00 4.47272480e-01 -2.32095182e-01 6.73547745e-01
    1.43917298e+00 1.20544887e+00 7.76277304e-01 -3.86859119e-01
    -3.40697199e-01 1.20727062e+00 -1.61092997e-01 6.56115830e-01
    -4.02583122e-01 -6.43768311e-01 -4.81932938e-01 6.03533864e-01
    1.48756409e+00 3.37965906e-01 2.64421105e-01 -1.91476405e-01
    -1.54703379e-01 1.27019691e+00 1.02349555e+00 1.19192576e+00
    -7.23408699e-01 -6.77522123e-01 1.76768780e-01 1.17674923e+00
    1.40058470e+00 8.93898785e-01 -3.40508819e-02 9.34675395e-01
    4.66175020e-01 1.19054234e+00 1.49699450e-01 8.41853917e-01
    -5.40960073e-01 8.27960432e-01 2.27482319e-02 1.25841212e+00
    9.92183149e-01 2.30966210e-01 7.00456560e-01 1.60079348e+00
    -2.85369754e-02 1.55438066e+00 -3.62500489e-01 6.13618255e-01
    1.69969845e+00 1.43551600e+00 -3.78612548e-01 1.52092576e+00
    -5.26116490e-01 1.24644113e+00 1.62998438e-01 -4.29062843e-01
    -7.66263366e-01 1.07272649e+00 -4.91959870e-01 5.59284210e-01
    4.64612424e-01 1.17964602e+00 1.00399399e+00 1.60143912e-01
    1.71054780e-01 7.14012206e-01 -2.87798077e-01 1.53329206e+00
    -5.13943911e-01 1.40891457e+00 9.74289119e-01 -1.36455894e-02
    1.76978135e+00 -6.30771041e-01 5.40671170e-01 4.68502820e-01
    1.74852967e+00 1.41221488e+00 -5.34067869e-01 -7.42292464e-01
    9.97245193e-01 1.78228915e-01 1.57263052e+00 1.28215849e+00
    5.70242286e-01 3.24925601e-01 -7.68440247e-01 8.56580973e-01
    -4.12259966e-01 -2.58766413e-01 -2.61695743e-01 1.81852067e+00
    4.13858593e-01 4.81053054e-01 6.27234817e-01 1.01167321e+00
    4.65606630e-01 1.60466790e+00 -2.69199491e-01 1.11487663e+00
    -6.54574811e-01 -3.39803606e-01 -3.20575118e-01 6.89887106e-01
    1.02574897e+00 1.30435312e+00 6.23396039e-02 8.00922930e-01
    1.30308032e+00 -4.09766197e-01 4.44015503e-01 8.99284124e-01
    1.48386967e+00 3.42082620e-01 -7.30875969e-01 7.28023767e-01
    3.04902613e-01 -4.05115843e-01 -5.37339270e-01 -3.71976435e-01
    1.26205587e+00 2.76757360e-01 -3.11718732e-01 1.57753468e+00
    1.15583611e+00 1.72195292e+00 1.01180458e+00 6.55379355e-01
    -3.03202897e-01 1.60591316e+00 1.05103040e+00 1.49087977e+00
    1.33399940e+00 1.65935278e-01 2.12134242e-01 -4.47785020e-01
    -9.81276035e-02 2.00031281e-01 6.91236675e-01 -4.51405525e-01
    7.66453147e-01 -4.20213550e-01 7.97928572e-02 2.25992739e-01
    1.06103158e+00 1.58985949e+00 1.77938700e-01 2.36313283e-01
    1.66870022e+00 -1.97106600e-02 -6.53749168e-01 6.45680606e-01
    -1.55257583e-01 1.02339578e+00 6.46559834e-01 7.03544438e-01
    -3.24752361e-01 3.55596840e-01 1.63847625e+00 1.30728698e+00
    5.75031042e-02 1.48723674e+00 1.46790767e+00 4.74466801e-01
    1.38047647e+00 2.98631430e-01 1.26142526e+00 -9.22386646e-02
    -2.65352756e-01 7.29703486e-01 -5.46666682e-01 3.79977107e-01
    -2.44944811e-01 7.82811165e-01 1.10989690e+00 1.76279736e+00
    1.36138248e+00 1.54466176e+00 -6.47946000e-01 1.52957237e+00
    1.09026599e+00 -2.60924399e-01 -1.97982132e-01 -5.04779220e-01
    4.98581469e-01 -6.50076389e-01 1.27080703e+00 -4.31114048e-01
    -1.69483542e-01 4.94038880e-01 6.68162346e-01 -1.32258713e-01
    8.69198740e-01 1.04387534e+00 9.59854722e-02 6.54482841e-02
    8.37559700e-02 1.71787167e+00 -6.63203418e-01 1.09436035e+00
    1.05382240e+00 1.07406950e+00 9.51101065e-01 1.38793445e+00
    -6.94849372e-01 -6.19702697e-01 -2.47466147e-01 -4.79477018e-01
    9.98448014e-01 4.49926496e-01 1.04899991e+00 2.51800776e-01
    -2.52009094e-01 2.42181063e-01 5.83186865e-01 1.51666999e-02
    8.44463110e-01 9.45517361e-01 5.80020905e-01 1.67544484e+00
    1.29927516e+00 9.88358855e-01 -4.21246111e-01 2.29408085e-01
    1.47642076e-01 1.42812467e+00 9.36675429e-01 -3.95539701e-01
    9.62158501e-01 1.62911081e+00 1.32836473e+00 5.05488813e-01
    -1.90080047e-01 -1.16559744e-01 3.66430044e-01 -2.08721697e-01
    2.33949959e-01 1.26469564e+00 2.01262653e-01 5.21007240e-01
    -2.71070004e-01 -1.03105783e-01 1.55297422e+00 -4.02230859e-01
    1.43956995e+00 -6.31133735e-01 -1.12431765e-01 8.10614884e-01
    1.60160530e+00 -9.56756473e-02 -8.90297890e-02 6.29536927e-01
    -6.01325750e-01 -7.04461992e-01 -3.78296286e-01 1.02752423e+00
    -5.39423943e-01 -5.95577240e-01 1.51916981e+00 7.37452149e-01
    6.57135010e-01 5.10682285e-01 9.40048993e-01 -3.23607415e-01
    1.70186460e-01 1.46392012e+00 -5.23633838e-01 1.25107634e+00
    -6.42880917e-01 -3.15552831e-01 1.32625687e+00 -4.98737693e-02
    1.48160815e+00 -4.62493449e-01 8.05919528e-01 -7.34219372e-01
    8.15535009e-01 1.67102885e+00 4.41274822e-01 1.61741018e+00
    4.02003050e-01 1.70957875e+00 1.27130556e+00 6.12918496e-01
    -1.52689457e-01 -1.13185048e-02 -3.97046059e-01 7.68104553e-01
    -5.17843783e-01 5.81275642e-01 -4.08674806e-01 -3.91476601e-01
    1.31766689e+00 7.30549812e-01 3.18118453e-01 -1.71346009e-01
    -6.53634489e-01 -6.22420967e-01 -2.51379728e-01 1.56508756e+00
    1.33178592e-01 -3.47002566e-01 -7.52073824e-01 1.28893828e+00
    -4.29323912e-02 4.90623951e-01 -5.66198230e-02 -9.54716206e-02
    1.06797123e+00 2.80681193e-01 5.57613611e-01 1.57319283e+00
    -7.64186442e-01 1.58605576e-02 7.52620876e-01 -1.88696742e-01
    -7.87625551e-01 1.26295090e+00 1.19380665e+00 4.02779281e-01
    -4.46470529e-01 1.91218853e-02 1.66709423e-02 -4.24599826e-01
    1.59865117e+00 1.04147935e+00 3.64533603e-01 -2.58015156e-01
    7.70819187e-02 -4.13094074e-01 4.61020470e-02 1.47869146e+00
    -1.68639779e-01 6.69203222e-01 6.32250607e-01 -8.19578588e-01
    -6.92223668e-01 1.72639799e+00 1.51061237e-01 5.96754014e-01
    1.57376397e+00 1.81032956e-01 -1.74218953e-01 7.13012218e-01
    1.45601761e+00 -1.60905719e-02 2.06943512e-01 -6.90241158e-01
    6.26515925e-01 -2.79732943e-01 6.38607562e-01 1.47762012e+00
    7.35702038e-01 1.59864426e+00 1.00797594e+00 -6.43383861e-01
    7.67262220e-01 1.84505701e-01 9.32771862e-01 -4.97738421e-01
    1.11216366e+00 7.66481757e-02 1.41973424e+00 1.00907624e+00
    -6.73370063e-01 4.74864662e-01 8.22453022e-01 -6.42391443e-02
    1.83199406e-01 5.06180525e-01 8.80434513e-01 -2.85080194e-01
    1.11399913e+00 1.33889127e+00 9.60381866e-01 1.67285776e+00
    2.64045119e-01 -3.26025456e-01 7.89019048e-01 1.50442529e+00
    9.51180398e-01 -6.76568687e-01 -9.03177857e-02 5.35724521e-01
    1.13721991e+00 -2.98085809e-01 4.85853136e-01 1.07451522e+00
    1.38472140e+00 8.39448631e-01 3.31146419e-01 4.26534534e-01
    3.53644490e-01 -2.36114860e-02 1.95813179e-02 -1.13259077e-01
    -2.52243936e-01 1.46047640e+00 1.37633157e+00 9.93185878e-01
    -6.50468230e-01 1.03744876e+00 -6.14669919e-02 7.89485037e-01
    -6.73843801e-01 1.02118206e+00 1.00923669e+00 5.05991876e-01
    5.23164570e-01 1.51487648e-01 5.10972559e-01 3.29984546e-01
    3.39229524e-01 1.07473671e-01 9.95771945e-01 3.62443268e-01
    -2.70727277e-02 4.46071506e-01 1.48003161e+00 2.13966608e-01
    1.01862025e+00 1.35504508e+00 -1.68296516e-01 5.55337250e-01
    5.35122573e-01 6.92596853e-01 1.06124866e+00 -2.31648803e-01
    3.97316635e-01 1.56375229e+00 1.33071291e+00 6.78133905e-01
    1.26304460e+00 1.59527755e+00 -3.58432502e-01 1.43016624e+00
    1.23995626e+00 -6.48401320e-01 -4.94162381e-01 2.10366845e-02
    1.21622431e+00 -4.34911579e-01 7.93890834e-01 1.04007876e+00
    1.16465354e+00 2.85497129e-01 7.87970424e-02 1.44020760e+00
    3.52503002e-01 1.65702760e+00 5.08905292e-01 9.41703081e-01
    5.20887256e-01 3.31822276e-01 8.66960406e-01 5.56965709e-01
    1.21023428e+00 7.54338145e-01 1.61487770e+00 1.32753026e+00
    8.07209611e-01 3.97291839e-01 1.09300435e-01 -2.82203496e-01
    7.46869862e-01 8.49248409e-01 2.85205901e-01 1.38693333e-01
    1.70881867e+00 3.23206127e-01 4.22208309e-02 -3.82376015e-01
    1.27771759e+00 -5.83032429e-01 7.72132277e-01 -2.25745201e-01
    8.96334052e-02 -5.00411928e-01 8.65130305e-01 -2.57639289e-01
    6.04375839e-01 1.55162406e+00 -6.42492533e-01 -7.67890811e-01
    8.65452290e-02 -5.89681923e-01 -2.29725778e-01 1.26964605e+00
    8.16294670e-01 1.30926096e+00 3.01475525e-01 4.05971408e-01
    -3.42627943e-01 4.88678217e-01 -3.68757308e-01 -5.77948034e-01
    -7.63512433e-01 -6.69658065e-01 -2.87971437e-01 1.31203496e+00
    4.93942499e-02 9.12732601e-01 1.19999349e-01 1.48080063e+00
    -7.88910687e-01 7.58388638e-01 1.26210761e+00 2.06046522e-01
    6.39518142e-01 -2.11327672e-01 6.64456427e-01 3.65053952e-01
    4.81919646e-01 6.42089248e-01 1.19430029e+00 2.93689728e-01
    -7.69336760e-01 1.68074477e+00 -4.87031788e-01 -2.73736417e-01
    7.57603526e-01 -6.11281991e-02 8.45758140e-01 -2.73302287e-01
    2.38432288e-02 6.86728299e-01 1.49148798e+00 -4.09164697e-01
    1.77596951e+00 1.01095307e+00 1.46609986e+00 -1.72839224e-01
    1.60638440e+00 8.94087136e-01 4.54314351e-02 1.35317779e+00
    3.05925488e-01 7.33192503e-01 1.51400924e+00 -4.21244174e-01
    2.65888393e-01 1.72023225e+00 6.39155984e-01 -5.82490563e-02
    1.32031155e+00 1.13741302e+00 -3.56417030e-01 -1.72317445e-01
    1.04015267e+00 1.11770678e+00 1.22864032e+00 8.10937703e-01
    -5.39011955e-02 1.27227771e+00 -4.19903398e-01 6.32548749e-01
    2.32111573e-01 1.61746931e+00 8.50273252e-01 9.51035380e-01
    1.35140479e-01 8.62105429e-01 -6.79768801e-01 -9.49668884e-03
    1.22366714e+00 3.31237316e-02 -7.61700273e-02 9.95233357e-01
    1.21036482e+00 1.65229845e+00 1.26674175e+00 -2.51542926e-01
    3.31807554e-01 8.34059417e-01 1.22424579e+00 5.68527758e-01
    1.20675886e+00 7.64593720e-01 -3.07082325e-01 1.95409775e-01
    1.46544564e+00 1.28537643e+00 2.15442896e-01 5.03029704e-01
    1.54016113e+00 7.37979412e-02 -5.44249892e-01 -3.79137218e-01
    1.08600974e+00 5.65867245e-01 -5.37697911e-01 1.28405023e+00
    1.06051099e+00 6.39346600e-01 1.41077971e+00 1.06502056e-01
    -3.20020676e-01 2.90302932e-01 1.44078207e+00 1.71649110e+00
    -5.80545187e-01 -9.87347364e-02 5.17317235e-01 -2.45870411e-01
    2.87555456e-01 -5.83130538e-01 1.76535344e+00 1.25484467e-01
    9.22314465e-01 4.62895989e-01 6.23864353e-01 1.66439795e+00
    4.06299770e-01 6.22685969e-01 -6.11349106e-01 2.96390474e-01
    5.42919159e-01 1.31809807e+00 -6.16083622e-01 2.25239754e-01
    3.27430725e-01 -5.78284025e-01 8.79736483e-01 1.69270253e+00
    -6.80921733e-01 1.09779716e+00 -4.77839261e-01 4.16555762e-01
    8.39699030e-01 1.58325982e+00 9.07203019e-01 8.52081180e-02
    9.83156919e-01 9.86869216e-01 -4.50291038e-01 1.24487245e+00
    8.30733776e-01 -4.01955307e-01 1.80889904e-01 1.22064066e+00
    -6.63821638e-01 1.35908806e+00 7.03408062e-01 -4.23304439e-02
    -4.60892648e-01 5.46156526e-01 1.03086245e+00 1.12999201e+00
    1.53180313e+00 1.14947164e+00 8.03653717e-01 -1.45471156e-01
    -6.35743439e-01 9.34008718e-01 3.98320138e-01 7.76418149e-01
    -3.38515729e-01 8.85520458e-01 -6.13266826e-02 1.54071426e+00
    -3.56036335e-01 4.06412065e-01 8.66912484e-01 -5.73739529e-01
    1.54093623e+00 9.93381441e-01 -9.37541127e-02 5.81648171e-01
    -6.51100159e-01 2.26219475e-01 -4.38308716e-02 -1.41328514e-01
    1.59323215e-01 -1.04474366e-01 -4.12020087e-02 -5.69357693e-01
    -1.41516626e-01 9.91429090e-01 1.08703327e+00 3.21382701e-01
    3.01683426e-01 1.21471751e+00 -6.32441759e-01 4.47704792e-01
    2.26602793e-01 -2.22062051e-01 3.80234718e-01 -1.92599893e-01
    7.25532591e-01 -5.85615873e-01 2.11261511e-02 -3.33302051e-01
    1.51017439e+00 7.54090011e-01 -3.26321572e-01 9.16156292e-01
    1.56130350e+00 5.03765225e-01 4.52434599e-01 7.74573386e-01
    8.20820928e-01 1.42515016e+00 1.21690130e+00 -4.40653145e-01
    6.95331395e-01 1.19410563e+00 1.35671043e+00 -1.40836656e-01
    -8.00579667e-01 1.03532016e-01 1.19381404e+00 1.11115193e+00
    1.29875183e+00 7.25245714e-01 -7.25496531e-01 7.33961821e-01
    1.34013867e+00 -4.24793422e-01 -6.06741488e-01 8.77142191e-01
    2.72403419e-01 -6.69304729e-02 8.26080501e-01 2.37547219e-01
    1.21388662e+00 -6.63813710e-01 -5.88492751e-02 7.74126172e-01
    -4.45340276e-01 1.15860319e+00 1.79011798e+00 -4.60901350e-01
    -6.80537939e-01 1.03951263e+00 4.95229900e-01 -2.00959504e-01
    -2.15205550e-02 1.08370996e+00 1.80544007e+00 1.35932028e+00
    -5.59083462e-01 2.85478771e-01 8.19575608e-01 1.73851717e+00
    1.66719913e+00 -6.22036338e-01 -3.93408924e-01 8.48101377e-01
    1.60252690e+00 1.62636662e+00 1.01844394e+00 8.46057296e-01
    1.89956665e-01 2.22920179e-01 1.42905688e+00 5.51937640e-01
    5.63858867e-01 1.67762625e+00 8.29814434e-01 1.45241880e+00
    -9.34686661e-02 6.52313173e-01 6.07471764e-01 -1.09457314e-01
    3.10369551e-01 1.94206953e-01 -7.13035583e-01 1.34459281e+00
    6.26609921e-02 9.74892378e-01 4.78858173e-01 1.02099180e+00
    6.17231846e-01 -3.03435355e-01 1.30533719e+00 -4.73849177e-02
    -5.01456320e-01 -4.42533702e-01 1.30364823e+00 -8.79744887e-02
    1.83031499e+00 1.51481426e+00 1.44465029e-01 8.74724448e-01
    1.37115061e+00 8.93668354e-01 8.11222076e-01 5.34067929e-01
    1.70943141e-02 7.79935002e-01 2.25237608e-02 -3.20304692e-01
    -3.92667890e-01 8.41290772e-01 -6.03126168e-01 -7.58899271e-01
    -3.36258501e-01 -4.07997549e-01 7.55789220e-01 5.95343411e-01
    1.28565621e+00 4.55975115e-01 8.71470213e-01 1.73372114e+00
    1.67512035e+00 -2.81180680e-01 5.66705525e-01 1.26650071e+00
    1.34819245e+00 -1.23533547e-01 -4.25854594e-01 1.38193846e-01
    1.55657887e+00 9.84219551e-01 4.23141301e-01 6.84209883e-01
    -2.25034297e-01 -1.42376423e-02 -5.92278004e-01 -5.99958062e-01
    1.12945688e+00 1.29080689e+00 1.31156349e+00 -3.18435907e-01
    8.39893758e-01 2.99188793e-01 7.64461756e-01 3.14779043e-01
    -5.87632060e-01 -1.55439615e-01 1.69656110e+00 5.41893840e-02
    -1.60702348e-01 -1.98367298e-01 9.51641321e-01 9.87568319e-01
    4.46336329e-01 5.89073777e-01 -1.99037015e-01 6.91462815e-01
    -1.63063049e-01 1.34249914e+00 1.72169924e+00 1.25094247e+00
    1.48888969e+00 9.84366477e-01 -2.72363722e-01 1.11378479e+00
    1.22813296e+00 9.14264917e-01 2.19471455e-01 9.21762586e-01
    4.09446537e-01 9.43364084e-01 1.66682959e+00 8.61329794e-01
    1.20605254e+00 2.98551917e-02 2.09370315e-01 1.00599587e-01
    9.82154429e-01 4.29453135e-01 -2.59158850e-01 4.14985657e-01
    4.71821427e-02 1.17124951e+00 2.23722458e-02 3.70547354e-01
    1.46736670e+00 -5.75199723e-01 1.71397030e-01 1.31730032e+00
    -3.02759230e-01 -1.14929974e-01 9.20903087e-01 -1.97972000e-01
    1.47756600e+00 3.27924371e-01 1.78395009e+00 6.76530600e-01
    9.45890546e-01 -3.65773737e-01 -4.15067375e-01 3.90320539e-01
    -2.34658718e-01 9.93454516e-01 1.17861319e+00 1.98661685e-01
    8.18136334e-02 6.98767781e-01 3.78125072e-01 -3.35161150e-01
    9.63462234e-01 3.48519504e-01 1.26482248e+00 -6.39081001e-01
    -1.66996062e-01 1.18394470e+00 -8.98248136e-01 1.17655087e+00
    2.62791276e-01 1.59007287e+00 1.15091634e+00 4.35766637e-01
    1.60209143e+00 3.60485494e-01 1.26052737e+00 9.05865073e-01
    2.11611390e-02 2.60675490e-01 1.72890115e+00 -2.33701646e-01
    5.09262919e-01 -1.06539309e-01 -4.37364459e-01 2.32978940e-01
    1.58631039e+00 1.56105113e+00 1.05855536e+00 1.55963123e-01
    9.03734565e-01 1.05810666e+00 1.32679081e+00 -4.79849994e-01
    -5.01063704e-01 1.64340186e+00 1.15394437e+00 5.31358182e-01
    -4.33286488e-01 -1.19859695e-01 -1.27451360e-01 -6.46054745e-02
    -3.08114171e-01 4.25777018e-01 1.31886506e+00 -1.36371970e-01
    1.41180527e+00 1.72668529e+00 -2.60179132e-01 9.34552670e-01
    -6.85357094e-01 -5.62403798e-02 4.99939919e-03 1.30265856e+00
    5.89774668e-01 6.13957047e-02 2.83629954e-01 -2.70697504e-01
    1.76133418e+00 4.59639728e-01 -6.41615212e-01 6.15022600e-01
    -4.39175934e-01 -4.11353439e-01 1.19030237e+00 2.12503731e-01
    -4.21528310e-01 2.13888288e-02 -3.28865707e-01 -8.23231339e-02
    -1.92282259e-01 1.64256299e+00 -3.66218001e-01 1.62002611e+00
    -4.95729774e-01 4.71653819e-01 1.54082727e+00 2.37345815e-01
    1.59551501e+00 -5.87899029e-01 1.20603061e+00 -3.05970758e-01
    5.30690074e-01 8.86058211e-01 -6.07249200e-01 -5.68233907e-01
    9.96013641e-01 -5.62432170e-01 1.17816985e+00 1.63984632e+00
    -2.74287969e-01 8.95476460e-01 1.17655587e+00 6.31526589e-01
    7.64584839e-01 -1.73530579e-01 7.59259522e-01 1.17296696e+00
    8.14016461e-02 8.18194151e-02 4.61946726e-01 -4.80943024e-01
    -1.07041895e-01 -1.03453040e-01 -5.75333774e-01 -5.38021207e-01
    4.48876083e-01 3.21732163e-02 2.83296704e-01 -4.49073881e-01
    7.82160103e-01 -5.32413125e-01 -4.42695975e-01 -2.11844981e-01
    -4.15943265e-02 1.11869121e+00 -6.15653455e-01 1.58441722e-01
    7.56714761e-01 -3.06183904e-01 1.21076417e+00 5.92195690e-01
    1.66800237e+00 1.48640501e+00 -5.61573505e-01 1.06830287e+00
    1.09367275e+00 8.26811671e-01 8.91813219e-01 7.58122504e-01
    -6.90044999e-01 -1.13230646e-01 1.19155121e+00 1.30934811e+00
    1.57011330e+00 7.55694866e-01 3.61123264e-01 -6.74532294e-01
    -2.22924352e-01 2.20552504e-01 -4.77929115e-01 1.22185755e+00
    -6.06230259e-01 6.39396906e-02 5.62840819e-01 1.21966171e+00
    1.64705539e+00 2.85893500e-01 -2.75683999e-02 2.47310698e-01
    1.34157145e+00 -5.24156094e-02 6.33838832e-01 4.43142653e-01
    -4.55373615e-01 1.37731504e+00 1.36173570e+00 -5.92487812e-01
    8.14418852e-01 8.76391530e-01 -4.63311732e-01 1.29522979e+00
    7.32177079e-01 1.40787160e+00 1.23259711e+00 6.75112724e-01
    -3.62482518e-01 -4.16184723e-01 1.45945907e+00 6.70841932e-01
    -6.51388943e-01 1.36022913e+00 1.21231008e+00 1.62060142e+00
    2.91644812e-01 1.62340331e+00 4.36713636e-01 7.64259696e-01
    1.20947897e+00 1.49602389e+00 9.55265760e-02 9.99240279e-01
    -7.12652624e-01 1.32377446e-01 1.61685181e+00 1.54952264e+00
    5.21451414e-01 1.33284092e+00 1.49393773e+00 -7.75081336e-01
    4.90196466e-01 9.65839088e-01 1.72332573e+00 6.58430636e-01
    -6.16201520e-01 9.10475910e-01 1.26337218e+00 -6.77792668e-01
    -2.68023074e-01 8.17122281e-01 1.69144011e+00 7.13028908e-01
    1.59898460e+00 1.28280926e+00 9.41598535e-01 -1.07021451e-01
    6.93548441e-01 9.24454570e-01 -5.95268905e-01 1.64119124e+00
    1.03806901e+00 -6.35988474e-01 3.41091633e-01 1.67299044e+00
    -5.45101881e-01 9.33740675e-01 -5.87063909e-01 6.37314856e-01
    8.91380489e-01 6.76561534e-01 4.13994014e-01 1.81060493e-01
    -1.29040956e-01 6.26712799e-01 5.66308796e-01 -4.43146855e-01
    1.47160149e+00 8.06825995e-01 -2.94847488e-01 1.35958672e-01
    -2.29443610e-01 4.41833854e-01 1.46017671e+00 1.23282993e+00
    1.17280316e+00 -7.34413207e-01 1.44238174e+00 -3.72428805e-01
    9.30585444e-01 1.02533221e+00 3.49241972e-01 -3.78825665e-01
    3.01869512e-02 3.72686386e-01 2.83403873e-01 -7.68860579e-02
    2.49985874e-01 -4.32735384e-01 1.51179743e+00 2.18702674e-01
    1.15707493e+00 -4.75849360e-01 -7.11000741e-01 -6.68156147e-01
    1.64162910e+00 3.15723419e-01 1.65443897e-01 -1.43810868e-01
    5.05091727e-01 1.39742553e+00 -2.04139650e-01 -5.89247167e-01
    -5.94136357e-01 1.64269376e+00 1.21036422e+00 6.80497408e-01
    1.42605543e+00 1.35919809e+00 -2.83290148e-02 8.26116979e-01
    -5.30604005e-01 5.95205724e-01 1.35684681e+00 1.04793668e+00
    6.17701709e-01 7.51183629e-02 9.19200420e-01 -7.01386273e-01
    9.51944292e-01 3.71513367e-01 1.42423236e+00 1.01204848e+00
    -3.60483080e-01 8.09191883e-01 7.19082952e-02 1.34270310e+00
    1.39047050e+00 1.50578284e+00 -2.88882196e-01 1.72773743e+00
    2.99228728e-01 1.68516231e+00 1.74583387e+00 3.43152881e-02
    -4.38506037e-01 9.05948281e-02 7.97685623e-01 5.37020564e-02
    -4.60170805e-01 6.91645861e-01 3.41014564e-01 1.25612092e+00
    7.10192621e-01 5.76498330e-01 -2.01849163e-01 -5.37392616e-01
    1.06846690e-01 4.38530445e-01 -4.84964728e-01 8.45740080e-01
    1.81127906e+00 -9.99629498e-04 4.15766120e-01 -3.34384441e-02
    -3.15664917e-01 5.17063260e-01 7.93016851e-01 -2.35832393e-01
    1.53575087e+00 1.14583278e+00 -5.77127755e-01 1.10667217e+00
    6.86421275e-01 1.35006261e+00 -7.67636538e-01 1.22381186e+00
    4.47495639e-01 1.36044192e+00 8.77919257e-01 1.31164157e+00
    1.67236745e-01 1.51566935e+00 1.24372840e-02 9.67040420e-01
    -7.83983171e-01 8.47365141e-01 9.80776012e-01 1.04134142e+00
    -1.77797675e-02 4.14680839e-02 1.63657379e+00 5.32259226e-01
    1.48135543e+00 8.29030275e-01 6.94486678e-01 8.23942006e-01
    -5.58074832e-01 9.76484418e-01 -6.74993575e-01 1.72690845e+00
    8.93796146e-01 -3.85818154e-01 2.67755389e-02 1.49927330e+00
    6.31086051e-01 1.43902421e-01 -2.24483490e-01 1.63421524e+00
    1.22077155e+00 4.91664827e-01 1.90426326e+00 -2.19903141e-01
    1.08932769e+00 -5.54565251e-01 1.39288723e+00 7.68744111e-01
    5.28388143e-01 1.76250005e+00 6.05759621e-02 1.10941124e+00
    3.27631235e-02 1.41520607e+00 5.24647713e-01 1.61121750e+00
    9.01192904e-01 1.26547241e+00 1.03636980e+00 1.44979382e+00
    7.82055080e-01 7.67883480e-01 4.41182137e-01 -3.99149626e-01
    8.99249077e-01 5.02315342e-01 -1.63116574e-01 1.43428206e+00
    1.28548396e+00 1.52095485e+00 1.74588084e-01 -7.05744445e-01
    9.45706189e-01 1.09902883e+00 4.23526585e-01 6.24000311e-01
    1.20116770e+00 7.21226573e-01 1.02528155e+00 1.40046966e+00
    1.48803055e-01 1.38428760e+00 2.24655151e-01 1.52908874e+00
    1.60324872e-01 -1.77549422e-01 3.21379423e-01 6.35976374e-01
    -3.55330825e-01 6.64648890e-01 2.11789727e-01 1.21627069e+00
    7.38912225e-01 1.34243774e+00 1.00725889e-02 1.83994293e-01
    2.69332170e-01 8.22746754e-02 1.68275416e+00 1.01260006e-01
    1.78588426e+00 -7.38881648e-01 9.85807776e-01 4.90304828e-02
    -2.71541715e-01 -7.23518729e-02 -2.82903492e-01 -4.40813690e-01
    -2.46947706e-01 7.82850623e-01 -7.23854840e-01 1.18397832e+00
    7.77563810e-01 2.61319458e-01 -2.76880860e-02 1.08064973e+00
    7.68961251e-01 3.50602031e-01 1.26557469e-01 -7.26772547e-02
    -3.03049088e-02 1.21716022e+00 1.12241626e-01 1.06048548e+00
    -1.88360929e-01 1.04541707e+00 1.36906719e+00 4.87700403e-01
    6.02196097e-01 8.67289901e-02 8.06957185e-01 -2.02305377e-01
    -3.91979277e-01 3.15545499e-01 -5.41707277e-02 -2.49880522e-01
    8.39319766e-01 7.52766788e-01 1.04434609e+00 1.64553189e+00
    1.06816077e+00 -6.42524540e-01 -3.22084367e-01 1.35993135e+00
    -1.75212562e-01 1.22018313e+00 -2.44070411e-01 7.53548324e-01
    -6.03544116e-01 7.72085488e-01 1.18784666e+00 1.61721945e+00
    -4.76122200e-01 -4.57516611e-01 -6.53185546e-01 1.11319947e+00
    6.90284193e-01 1.44218135e+00 6.92632973e-01 8.93643081e-01
    9.80552852e-01 1.00334644e-01 1.69752610e+00 9.35319126e-01
    -7.23722577e-02 -5.31231761e-01 -1.97565794e-01 4.34431255e-01
    1.50858617e+00 -5.45679331e-02 -3.68400276e-01 9.64205325e-01
    -5.72592378e-01 1.35112083e+00 -6.67699039e-01 1.19539201e+00
    -1.94048941e-01 1.65390301e+00 4.36685503e-01 1.68464267e+00
    1.62232876e-01 4.37843084e-01 1.26948237e+00 1.25751889e+00
    1.11196220e+00 1.13026977e-01 -5.85855424e-01 9.64562058e-01
    -7.00984776e-01 4.11558032e-01 3.37086678e-01 5.74840307e-02
    1.73955858e-01 7.35000312e-01 1.20262694e+00 -4.50953364e-01
    9.69676495e-01 1.43997884e+00 -1.01255357e-01 -3.97819877e-01
    8.16995680e-01 -6.72795117e-01 9.35968399e-01 6.61269128e-01
    1.54981279e+00 2.70530581e-01 9.57102776e-01 -5.90854287e-02
    -6.29783273e-02 -1.84240222e-01 1.36717701e+00 -7.57392466e-01
    1.15405250e+00 9.59809244e-01 4.36627507e-01 3.53187799e-01
    8.14981699e-01 8.95260274e-01 -3.59758586e-01 1.14219308e+00
    -5.37612438e-01 1.56868768e+00 8.24427068e-01 9.07413125e-01
    9.64030445e-01 1.68724060e+00 1.95577025e-01 1.60970628e+00
    -4.51171845e-01 8.60874593e-01 1.94332778e-01 1.68571258e+00
    3.50163579e-01 4.87002611e-01 -6.21564865e-01 1.61415792e+00
    1.49715066e+00 1.50387943e-01 1.46754611e+00 9.66449976e-01
    7.10171700e-01 -2.30245292e-01 3.72768223e-01 1.24820340e+00
    1.47658610e+00 2.83468962e-01 7.43873358e-01 5.99413395e-01
    -2.90265471e-01 -1.74429357e-01 -4.59578335e-01 3.59443367e-01
    1.39523005e+00 7.75364459e-01 1.49597096e+00 -7.21858740e-01
    1.52945077e+00 5.94928503e-01 1.32002091e+00 -1.38717890e-03
    8.93822968e-01 1.00659013e+00 -6.17127478e-01 1.56565094e+00
    1.23976207e+00 1.73122323e+00 -4.26098466e-01 -7.49607801e-01
    -2.79694140e-01 -1.13370240e-01 1.63339996e+00 -3.55823755e-01
    -3.19473863e-01 3.17156136e-01 -4.52157855e-02 -6.36953831e-01
    2.15904832e-01 5.99925876e-01 7.44678855e-01 1.71321416e+00
    1.77983260e+00 -3.44937444e-01 1.13328612e+00 1.52799630e+00
    1.36179340e+00 1.23443890e+00 -4.62646812e-01 -5.19803166e-01
    1.41686296e+00 -2.68629193e-02 6.92481518e-01 1.22428489e+00
    -3.26574683e-01 1.22702479e+00 1.24608636e+00 5.15098631e-01
    1.02901721e+00 8.32130909e-02 1.52194607e+00 -2.51205891e-01
    1.31984568e+00 -6.68597639e-01 1.05680943e+00 8.05102587e-02
    1.06938004e+00 1.80473018e+00 5.33462346e-01 -1.02147698e-01
    -4.94331211e-01 1.14862704e+00 5.14638424e-02 -6.94120646e-01
    1.15306997e+00 5.82769394e-01 -5.61629474e-01 -2.86457270e-01
    -3.91385853e-01 -1.23549938e-01 -9.66816545e-02 -1.39038682e-01
    7.32391477e-02 -2.55227149e-01 1.57180738e+00 -3.11033666e-01
    2.26427674e-01 1.32097173e+00 8.70987058e-01 7.69261122e-02
    1.69248581e+00 -4.05097723e-01 7.50339806e-01 8.86189461e-01
    1.56506181e+00 7.43903637e-01 -4.69279647e-01 1.03676677e+00
    9.67492282e-01 -6.47650778e-01 1.18783808e+00 4.77877736e-01
    -3.83682340e-01 1.64350438e+00 2.62134373e-01 -7.45227218e-01
    1.34301186e+00 -2.01621890e-01 2.05547810e-02 9.86513853e-01
    4.14502621e-01 8.91884744e-01 -4.79511023e-02 1.48273313e+00
    1.73778045e+00 -2.62378991e-01 1.09517753e-01 6.91839039e-01
    5.41680396e-01 8.63747835e-01 1.60657287e+00 -1.36886895e-01
    -6.93984151e-01 1.17832971e+00 1.43331885e+00 8.43347728e-01
    1.57631791e+00 1.01384044e+00 -2.29177415e-01 -3.88594747e-01
    7.60006487e-01 -7.49436378e-01 -4.30187851e-01 7.61556685e-01
    1.40619493e+00 -6.56003356e-02 2.21618772e-01 1.41245890e+00
    1.69660282e+00 -2.70009696e-01 1.23665762e+00 3.10277283e-01
    -2.71886051e-01 1.12777853e+00 1.56542671e+00 5.92578828e-01
    8.51627588e-01 1.49036384e+00 1.44712389e-01 9.01641011e-01
    1.38433814e+00 -2.35711902e-01 1.21972561e-01 1.83017850e+00
    -6.38286173e-01 3.93229067e-01 1.01059222e+00 1.58194995e+00
    -7.67812848e-01 -1.30304694e-01 -6.76491618e-01 -6.66475475e-01
    -1.76423848e-01 7.00540841e-01 2.40465164e-01 1.12112343e-01
    1.36656189e+00 1.60572910e+00 1.36267269e+00 1.08413482e+00
    5.93965411e-01 1.12190270e+00 9.76176262e-02 1.43430591e+00
    4.66698408e-02 -7.58860826e-01 1.55357850e+00 1.24920547e-01
    -6.88514948e-01 -7.17946887e-02 1.47502255e+00 1.27517462e+00
    1.54644358e+00 1.20118082e+00 1.44650650e+00 2.92358339e-01
    1.40520096e+00 1.50869811e+00 -4.20726031e-01 -3.15690041e-01
    1.56186247e+00 1.65655828e+00 4.69355464e-01 -2.75408566e-01
    6.60149634e-01 1.07721567e+00 -6.19163752e-01 1.06596494e+00
    3.61362755e-01 2.92587042e-01 5.35291612e-01 -7.17384756e-01
    1.41091609e+00 1.25419688e+00 6.18070960e-01 1.19855332e+00
    1.73430943e+00 5.61158657e-02 1.71347857e+00 5.80148339e-01
    1.18400466e+00 -4.80603606e-01 4.15130556e-01 1.74204504e+00
    1.28234029e-02 5.27488410e-01 2.23498464e-01 1.07880139e+00
    1.66595328e+00 7.24613607e-01 6.90533459e-01 1.62387300e+00
    5.28170526e-01 5.72643280e-01 4.26867008e-01 -6.39168859e-01
    1.27182353e+00 5.62624574e-01 6.89662039e-01 9.15389538e-01
    3.22984457e-02 6.79489017e-01 8.82794440e-01 1.02792466e+00
    4.33938086e-01 -1.24412596e-01 -2.37563789e-01 8.99037480e-01
    9.14919734e-01 3.11186075e-01 -4.00104672e-01 6.20117366e-01
    -7.46336341e-01 -1.00579083e-01 -5.63226283e-01 1.50639749e+00
    -5.87418020e-01 8.74886155e-01 8.38358879e-01 3.66440654e-01
    2.17866659e-01 1.60560131e-01 7.25793839e-01 1.66166830e+00
    1.16977978e+00 -4.71755236e-01 -8.24895084e-01 -2.26554036e-01
    7.09773898e-01 5.53637028e-01 -6.54842198e-01 -1.76589966e-01
    1.32488823e+00 1.31453860e+00 -3.17689270e-01 1.17917717e+00
    -3.24191213e-01 1.03332210e+00 6.49784207e-02 1.64990354e+00
    1.58257055e+00 1.83327913e+00 -1.40111089e-01 -5.11221528e-01
    1.68173933e+00 1.66056788e+00 1.38319755e+00 1.95658624e-01
    -3.49113047e-01 1.46527839e+00 -1.23423338e-01 -3.34954560e-01
    1.13868797e+00 1.05040073e-02 6.20012879e-01 9.10156965e-03
    8.71801019e-01 1.71736419e+00 -3.91109794e-01 -2.39586502e-01
    -3.49641412e-01 1.40436447e+00 1.20639384e+00 1.75351524e+00
    1.19632185e-01 -3.12016010e-01 -7.10861623e-01 -1.38003290e-01
    2.73182750e-01 -1.76590025e-01 1.43380404e-01 8.03535223e-01
    4.70310748e-01 8.97638619e-01 -5.75369000e-02 -4.17247534e-01
    -6.20179355e-01 1.46898031e-01 5.15776873e-01 -5.45296192e-01
    -1.09113932e-01 -4.73269880e-01 8.60883057e-01 3.44896495e-01
    1.47422075e+00 -6.31983519e-01 4.38188612e-01 1.86534071e+00
    -3.32204223e-01 -2.79201716e-01 4.01286542e-01 1.49782634e+00
    -2.47520208e-03 -3.05502892e-01 3.07522833e-01 3.44278514e-01
    1.30159616e+00 8.26723218e-01 1.33951008e+00 9.57798719e-01
    2.61912405e-01 3.61227334e-01 3.50437105e-01 9.84883308e-02
    1.11863708e+00 -8.11186433e-02 -3.63444388e-01 -4.05499488e-01
    3.83070230e-01 -1.33123696e-01 1.36697340e+00 6.79034948e-01
    6.08306110e-01 1.66039574e+00 3.01033735e-01 8.81526828e-01
    2.86128640e-01 6.77898645e-01 7.93973386e-01 1.22349441e+00
    1.26760674e+00 9.87355590e-01 3.47366750e-01 1.55368090e+00
    9.96026337e-01 1.57234168e+00 1.61374533e+00 -1.82672739e-01
    1.01994276e+00 -6.47517264e-01 8.50875556e-01 -4.32037085e-01
    1.49024034e+00 1.68561733e+00 1.84978426e-01 7.37279892e-01
    -1.34434819e-01 1.34400821e+00 5.04405797e-01 5.72808504e-01
    1.10708702e+00 -5.86542249e-01 -7.42362976e-01 -4.48285818e-01
    5.29615521e-01 5.17013848e-01 3.06275785e-01 3.69744420e-01
    3.92891765e-01 1.70238376e+00 6.08690083e-01 1.92464828e-01
    4.91135716e-01 1.76456392e+00 7.61258602e-02 8.02437544e-01
    -5.64310372e-01 1.23972523e+00 3.68702829e-01 1.64999604e+00
    2.21222579e-01 7.65504777e-01 -2.88152158e-01 7.46125877e-01
    -3.59692931e-01 1.31862640e+00 1.27288532e+00 -5.81927359e-01
    1.22408783e+00 6.03773654e-01 -2.44565308e-01 -7.63837695e-02
    9.56377983e-02 7.07054198e-01 -4.67661560e-01 1.74631476e-01
    1.91235662e-01 3.16687703e-01 -5.17211735e-01 -1.53653145e-01
    -9.02384520e-03 5.46671629e-01 1.11641741e+00 8.17290902e-01
    1.22280717e+00 1.39364064e-01 1.17517185e+00 6.38269961e-01
    1.65185189e+00 1.04469073e+00 -2.60604143e-01 5.91513634e-01
    1.19320810e-01 1.80263066e+00 4.23246741e-01 -2.16056049e-01
    2.08663821e-01 -3.09992552e-01 7.69768476e-01 1.02973318e+00
    9.01313961e-01 1.25955534e+00 1.18480504e-01 7.83252120e-01
    1.09853506e+00 -4.07270759e-01 6.38198018e-01 1.63412547e+00
    5.63205004e-01 1.14519632e+00 -5.09105563e-01 9.98949587e-01
    -6.11257672e-01 9.78428245e-01 7.50410378e-01 5.02081156e-01
    1.27900720e+00 5.16830444e-01 4.83925343e-01 1.46365190e+00
    -3.87488902e-01 -4.53970373e-01 8.88331234e-01 -3.18987668e-01
    1.02105594e+00 6.87377930e-01 -4.59758639e-02 4.92146850e-01
    -6.72826767e-02 -5.61058640e-01 8.68063092e-01 7.15476513e-01
    9.29796815e-01 1.72306252e+00 -3.58407527e-01 -2.25786388e-01
    2.22667396e-01 1.85095310e-01 1.30099082e+00 1.35664558e+00
    5.18668175e-01 6.12988234e-01 9.57793236e-01 9.98375237e-01
    -2.16995716e-01 -2.72934675e-01 -4.31144327e-01 1.18762219e+00
    1.55950093e+00 1.34916759e+00 -8.04211497e-01 -7.17693567e-03
    -7.63971865e-01 1.29836142e+00 8.88066411e-01 2.19675958e-01
    -3.28218281e-01 7.73656905e-01 1.08117461e-02 1.14271533e+00
    1.55594838e+00 -3.18605602e-01 -3.65195066e-01 -4.57599461e-01
    -2.75830001e-01 1.03125334e-01 -3.98976624e-01 -5.42662442e-01
    4.93368924e-01 7.47771263e-01 9.13451195e-01 -5.48323870e-01
    -5.03453732e-01 1.06927085e+00 3.18860412e-02 2.08084583e-02
    -2.57114172e-02 -1.89701498e-01 -3.53228211e-01 1.13282061e+00
    -5.44824243e-01 5.67315578e-01 -4.24599648e-03 3.43993783e-01
    -1.43444061e-01 1.71260846e+00 3.32411647e-01 2.80317247e-01
    -4.76300210e-01 1.29256344e+00 3.42581868e-01 5.03172994e-01
    -1.72488213e-01 -5.95145464e-01 1.53173268e-01 -5.16698599e-01
    5.31899452e-01 1.57022548e+00 -2.51310349e-01 -4.83546466e-01
    9.11723852e-01 -2.59855390e-02 6.52698457e-01 -4.58676666e-01
    -4.56823111e-02 5.82445502e-01 8.08923841e-02 1.66985869e+00
    -7.02007473e-01 8.01639676e-01 1.68341291e+00 5.53407669e-01
    8.13024640e-01 -6.52994692e-01 5.28053045e-02 6.07777297e-01
    -6.37400746e-02 1.08686829e+00 -2.69726932e-01 1.29672813e+00
    1.30745864e+00 4.31154013e-01 1.59278381e+00 -6.34724081e-01
    -7.16662407e-02 1.08140230e+00 1.20475411e-01 1.00093496e+00
    3.95937800e-01 1.29647005e+00 -3.92361969e-01 9.70206678e-01
    1.11295986e+00 -3.56468379e-01 3.00619185e-01 6.35945559e-01
    -3.14934075e-01 -4.21311796e-01 -6.15555048e-02 9.28815246e-01
    -3.36419940e-01 -7.76378512e-02 3.57042551e-02 1.47575986e+00
    -7.09307611e-01 -5.81058025e-01 -6.60585999e-01 1.11439633e+00
    -3.26343417e-01 1.41566277e-01 4.93287444e-02 1.48863006e+00
    -3.35999221e-01 1.32374263e+00 -3.24504584e-01 8.77797604e-02
    -5.62441766e-01 1.60798216e+00 -3.13131124e-01 6.66203380e-01
    3.12007487e-01 -1.64793938e-01 -2.71028608e-01 1.18642306e+00
    1.36970985e+00 2.23188579e-01 1.40589476e-03 1.01572549e+00
    2.69784272e-01 -1.58111036e-01 1.27373481e+00 1.68022799e+00
    -5.10329425e-01 1.11443019e+00 -2.83587992e-01 8.34888041e-01
    1.50938368e+00 -3.54807436e-01 5.23664415e-01 -8.08280408e-01
    1.00768197e+00 1.58223331e+00 3.64902973e-01 7.88406134e-02
    -7.09671557e-01 1.10966444e+00 9.17562842e-02 -2.81368554e-01
    6.42195106e-01 1.14483404e+00 -6.52268827e-01 3.23989332e-01
    -5.82850575e-01 -6.51176631e-01 1.43547773e+00 1.49367237e+00
    -5.70151567e-01 6.68225467e-01 1.05230141e+00 1.55023241e+00
    5.67441940e-01 -6.38355970e-01 8.90783131e-01 1.00736427e+00
    9.27198946e-01 1.63950551e+00 -1.53217614e-01 9.14256573e-01
    2.68683314e-01 1.40023351e+00 4.03253913e-01 1.14616513e+00
    -7.12009847e-01 -2.81236172e-02 -2.98429459e-01 -4.94232357e-01
    9.51123834e-02 -4.22009617e-01 1.61217439e+00 1.73485160e-01
    -1.79190874e-01 -2.71853387e-01 -6.68103278e-01 -1.61541700e-01
    6.08245432e-01 -1.87997460e-01 1.09304523e+00 1.61984086e-01
    1.54419279e+00 7.40358531e-01 -1.84081197e-02 1.27012587e+00
    4.49565351e-01 -4.76596534e-01 1.77304220e+00 1.45327425e+00
    6.76514566e-01 1.44274831e-01 5.91754138e-01 1.17405391e+00
    -1.06325924e-01 6.67573035e-01 1.40461397e+00 3.80955935e-02
    -2.30232835e-01 -4.98656899e-01 6.21485770e-01 8.60892057e-01
    1.67322564e+00 3.12167048e-01 -2.00203419e-01 -6.35133684e-01
    9.25684214e-01 2.18650222e-01 1.75947738e+00 1.43306696e+00
    -4.70389307e-01 7.34787047e-01 1.17489469e+00 8.24424684e-01
    2.06676781e-01 9.78727579e-01 1.03850365e+00 7.71987438e-03
    -1.90319598e-01 -3.94495875e-01 7.76863992e-01 -6.37671113e-01
    6.68758869e-01 6.98700070e-01 8.68596375e-01 8.56994092e-01
    -4.70070690e-01 -6.51266158e-01 1.57142556e+00 -4.52082962e-01
    1.53673220e+00 1.72019982e+00 9.12841320e-01 1.04852891e+00
    4.78448927e-01 -9.25126672e-02 8.35259795e-01 -5.80357075e-01
    1.45346463e+00 1.34695292e+00 -4.32753533e-01 1.05854058e+00
    6.14581764e-01 -4.52994376e-01 8.99180591e-01 1.67982864e+00
    8.08518171e-01 3.14075649e-01 7.93725908e-01 -2.93266803e-01
    8.93647373e-01 -4.28986192e-01 1.50778711e+00 8.54398727e-01
    -4.17671978e-01 7.50608623e-01 1.42901587e+00 7.39824176e-02
    -5.88675857e-01 9.55947340e-01 5.08443594e-01 2.00101554e-01
    7.60136485e-01 1.68057203e+00 -7.20774293e-01 -4.01107669e-02
    6.12715840e-01 1.08319592e+00 -4.10771430e-01 -1.13242269e-01
    4.80904758e-01 1.05090559e-01 1.38337421e+00 -9.17689800e-02
    5.52859366e-01 1.16738117e+00 -6.14546180e-01 1.16855025e+00
    6.38058245e-01 6.35312617e-01 3.42763126e-01 4.03986335e-01
    3.23059916e-01 1.12460089e+00 7.40259409e-01 9.16159153e-03
    1.64718866e+00 1.29758167e+00 -5.15491903e-01 1.63321948e+00
    7.32982576e-01 1.04900861e+00 5.36651492e-01 7.39886343e-01
    -4.69372004e-01 8.55877280e-01 -1.77355051e-01 1.45798755e+00
    -2.96355188e-01 1.16969275e+00 -3.13649714e-01 1.34423435e+00
    2.05946445e-01 1.24790990e+00 -5.53881168e-01 1.68544269e+00
    1.02536106e+00 9.32334065e-02 -1.72580779e-01 -2.04575121e-01
    7.76922345e-01 1.17800653e+00 -4.67296362e-01 1.46905959e+00
    1.26441574e+00 3.52879286e-01 1.58660340e+00 -2.72786200e-01
    1.27091646e+00 -5.85681915e-01 1.29015779e+00 6.87975168e-01
    6.21795714e-01 -4.42600310e-01 -3.39242816e-02 9.99696553e-01
    7.09911823e-01 -5.75300157e-01 5.96307635e-01 1.18391657e+00
    1.66136456e+00 8.26418996e-02 -4.13451791e-01 5.86189985e-01
    1.66223884e+00 3.53177071e-01 6.76969588e-01 -6.02964759e-02
    2.22750366e-01 1.23260140e+00 3.54606748e-01 5.27805090e-01
    7.54093707e-01 -9.53298807e-02 1.46206927e+00 7.58187413e-01
    -7.05972791e-01 1.13325393e+00 9.48790252e-01 6.97064340e-01
    7.06322730e-01 7.67374039e-02 1.18029642e+00 -3.32611889e-01
    1.01283550e+00 1.64393151e+00 -5.05971313e-01 -1.51797473e-01
    9.57161784e-01 7.66125977e-01 1.24884820e+00 1.31118131e+00
    2.23144650e-01 3.98110867e-01 1.02459455e+00 -5.70161581e-01
    -4.68915939e-01 1.48862970e+00 3.66352499e-01 1.34556079e+00
    -3.20042700e-01 6.24591529e-01 1.57148957e+00 1.25471473e+00
    -4.23448920e-01 8.36343765e-01 -1.30009592e-01 -3.67110789e-01
    -6.79050446e-01 -4.24105942e-01 2.52617598e-02 -5.00140905e-01
    2.02187717e-01 7.81233191e-01 -7.31542945e-01 7.74658978e-01
    1.16572726e+00 5.07573903e-01 9.47120309e-01 4.95354414e-01
    4.84635711e-01 1.40007722e+00 -5.25252521e-01 -3.41598004e-01
    -6.20690346e-01 5.62516034e-01 1.25501716e+00 -2.85150945e-01
    8.72922003e-01 1.01956677e+00 6.13388062e-01 6.23548806e-01
    1.14589250e+00 3.28373730e-01 1.40334654e+00 5.14595807e-01
    -1.71984076e-01 1.71477795e+00 8.69538665e-01 -5.11833549e-01
    1.34151530e+00 -4.13641334e-02 6.17873549e-01 1.21283865e+00
    1.56598687e+00 1.37796807e+00 -3.76062214e-01 1.06539989e+00
    -5.53253055e-01 1.56257856e+00 1.34899807e+00 1.59382105e-01
    -5.52518725e-01 -3.29995215e-01 1.06651676e+00 1.56303048e+00
    1.23367083e+00 4.58484888e-03 1.15368354e+00 -6.86447263e-01
    1.67584622e+00 4.45019126e-01 1.89479232e-01 4.00857329e-01
    6.32027388e-02 1.48902059e+00 -3.46578032e-01 3.87617826e-01
    -2.95052141e-01 1.22271669e+00 9.01204467e-01 -5.37234545e-03
    -3.03547084e-01 -1.95631206e-01 -2.62840867e-01 -2.83762574e-01
    1.32775235e+00 9.62217987e-01 1.15639925e+00 1.16271710e+00
    9.54797685e-01 1.43852234e+00 -4.57249254e-01 -6.49842322e-01
    -6.75884366e-01 1.80526590e+00 1.09363616e-01 -3.35487038e-01
    -3.85068536e-01 4.21170592e-01 -3.81026417e-01 1.15583873e+00
    -5.65301955e-01 -3.88166755e-01 -1.98182821e-01 5.55764854e-01
    -3.22432786e-01 5.04121840e-01 4.76194024e-01 -7.33844757e-01
    1.18849337e+00 -5.89098155e-01 9.07423556e-01 -2.15562880e-01
    4.03417647e-01 1.49013948e+00 -5.12733817e-01 2.01709867e-01
    7.37800241e-01 2.88523495e-01 -6.76109195e-02 3.96023035e-01
    1.50032687e+00 4.49758470e-01 7.41804361e-01 1.15702677e+00
    -3.67581844e-01 9.91620362e-01 -2.91136503e-02 -4.15836483e-01
    2.18490005e-01 1.08543801e+00 1.61942661e-01 9.55933094e-01
    1.36515474e+00 1.50101280e+00 5.42093158e-01 -8.06410074e-01
    9.50986087e-01 1.34454799e+00 1.57560408e+00 1.69425595e+00
    -2.78192878e-01 5.19334614e-01 1.33303356e+00 7.07757831e-01
    2.29619563e-01 -7.69784451e-02 -4.07277346e-01 1.43636572e+00
    1.49403882e+00 2.43535221e-01 6.07630610e-02 2.55284905e-02
    1.49775600e+00 6.26550317e-02 -5.26981413e-01 9.36700642e-01
    1.66180921e+00 1.61577702e+00 1.10778928e+00 -2.45400131e-01
    1.71802998e+00 1.36981380e+00 6.40244126e-01 -6.05734766e-01
    1.14150012e+00 -5.15729368e-01 -1.61800385e-01 -1.23846531e-01
    -8.25667381e-02 2.65938580e-01 1.14860821e+00 5.43591619e-01
    -3.68214607e-01 5.49367607e-01 1.27394652e+00 5.98323345e-03
    -3.31102759e-01 3.27872992e-01 8.74585509e-01 -6.03496015e-01
    1.08868277e+00 7.17308879e-01 3.26213896e-01 1.27017236e+00
    -2.27900565e-01 -7.90652633e-02 1.56286955e+00 4.43071306e-01
    1.61501646e+00 1.65181231e+00 3.31333220e-01 9.56173420e-01
    9.35210705e-01 1.05248260e+00 -1.41903460e-01 8.20830047e-01
    1.23095608e+00 1.45088267e+00 -2.37304151e-01 -5.29575586e-01
    2.98819065e-01 1.80624890e+00 8.15200806e-02 -5.27206123e-01
    1.74889266e-01 4.50956464e-01 -1.30857825e-02 7.93522358e-01
    -2.71708488e-01 1.55999231e+00 -5.89907527e-01 4.77979362e-01
    4.01221871e-01 7.57239580e-01 4.65146840e-01 1.35922003e+00
    6.17180526e-01 1.22342920e+00 4.10440385e-01 -3.28402072e-01
    1.73746085e+00 1.06324744e+00 9.16743040e-01 1.32815325e+00
    -1.77007794e-01 1.57762778e+00 2.46408463e-01 -5.15909433e-01
    1.54101944e+00 3.49197984e-01 1.38732004e+00 1.59961176e+00
    1.24642563e+00 5.25812626e-01 1.41194558e+00 -7.26564884e-01
    -2.89083421e-01 4.29997385e-01 1.74551082e+00 -1.63944364e-01
    -6.61731005e-01 1.15009308e+00 1.13393903e+00 3.75978351e-02
    4.91374135e-01 2.46044278e-01 1.07121062e+00 1.15058744e+00
    -6.00707114e-01 1.01375794e+00 2.46466398e-02 3.50295603e-01
    -2.21997499e-01 5.74757278e-01 -4.80345339e-01 1.54432869e+00
    1.14117384e+00 -2.06271410e-01 2.66472697e-02 5.07237911e-01
    1.87462354e+00 3.72900307e-01 6.53175414e-01 6.44288063e-02
    -1.30550265e-02 1.64556623e+00 2.59135783e-01 -3.69406670e-01
    4.53973472e-01 3.48616719e-01 -5.13687134e-01 1.85410190e+00
    -8.33975077e-02 1.79288507e+00 5.76725364e-01 6.68528438e-01
    9.10883725e-01 9.18727517e-02 1.03242588e+00 -1.76173747e-01
    1.48682570e+00 -7.93199658e-01 -6.60751104e-01 1.27993441e+00
    1.25052834e+00 3.51100028e-01 -6.73913121e-01 5.09661913e-01
    9.10215557e-01 2.59132624e-01 1.18780041e+00 6.21644735e-01
    1.53336906e+00 1.56718302e+00 1.63042116e+00 1.07161450e+00
    8.10425162e-01 -5.91721535e-02 1.71751976e-02 1.10473514e+00
    1.38258290e+00 1.13623250e+00 9.73808289e-01 1.09455061e+00
    -3.59044641e-01 -2.34649181e-02 8.48381937e-01 1.35085046e+00
    -4.69184726e-01 -4.31988537e-01 -6.69435143e-01 1.48675084e+00
    -4.63342667e-01 -1.04621232e-01 6.80819869e-01 8.03051293e-01
    -4.98565525e-01 8.51197243e-02 8.17739666e-01 9.05955970e-01
    5.76465487e-01 -8.59752893e-02 5.17421007e-01 6.47962868e-01
    1.47321272e+00 1.28291142e+00 1.18361926e+00 1.08156347e+00
    -6.84266925e-01 4.20819521e-01 5.87794840e-01 -5.50571442e-01
    1.83723640e+00 2.07432806e-01 4.73481953e-01 1.63745070e+00
    2.85095036e-01 1.11031365e+00 1.45487690e+00 8.42601418e-01
    1.69038522e+00 1.19718099e+00 -7.22662330e-01 -3.83923948e-01
    1.24390793e+00 1.72949612e-01 -2.33794034e-01 1.29606128e-01
    9.98251379e-01 6.06837988e-01 -5.50330102e-01 -7.41532505e-01
    1.11691546e+00 -3.55505675e-01 1.15481067e+00 4.38204467e-01
    1.14846373e+00 8.73693466e-01 -4.58479553e-01 5.83713233e-01
    1.60287476e+00 1.20796323e+00 7.29713202e-01 -7.73352385e-02
    -7.13722706e-02 4.03444052e-01 -6.71302855e-01 1.56684864e+00
    2.30996907e-01 5.48311651e-01 1.11028957e+00 1.43730927e+00
    1.54377532e+00 4.70827818e-02 7.26634264e-02 1.34526014e-01
    1.06113553e+00 4.38812613e-01 -6.52446747e-02 1.11191010e+00
    -5.72759926e-01 4.79029000e-01 1.27957535e+00 4.10506248e-01
    1.26966214e+00 1.56640601e+00 1.36919141e-01 -2.30190158e-01
    5.07180929e-01 9.09172714e-01 8.07142854e-01 -6.95347726e-01
    -4.73634958e-01 -1.60717905e-01 -8.06028247e-02 -1.86745465e-01
    -6.00332141e-01 -3.57285112e-01 -1.68099344e-01 9.75580871e-01
    1.65771818e+00 2.50756025e-01 -5.33175468e-02 1.13009000e+00
    1.39776111e-01 1.66679215e+00 4.96879756e-01 1.39227605e+00
    1.51910841e-01 7.78825283e-01 8.42515469e-01 6.11841083e-01
    1.42086446e+00 -7.28188515e-01 1.55540454e+00 1.66414571e+00
    1.73021412e+00 -1.34431899e-01 -6.72788858e-01 1.21563661e+00
    -5.53134441e-01 1.93240988e+00 1.79109645e+00 1.21089315e+00
    -6.38207018e-01 8.29887748e-01 7.34249890e-01 8.73610437e-01
    1.74684644e+00 -1.74347758e-02 -5.60087323e-01 1.53046715e+00
    -3.08271229e-01 1.71581066e+00 -5.34591854e-01 -2.19821930e-01
    1.56921315e+00 -4.87629831e-01 1.15761602e+00 8.40170383e-01
    1.07908404e+00 7.81698108e-01 -6.99234605e-02 -3.87609363e-01
    4.84197617e-01 -4.68787968e-01 9.26083446e-01 -1.18381977e-01
    8.08843374e-01 4.87720549e-01 -7.20594347e-01 9.48770046e-01
    8.97413850e-01 1.27311468e-01 4.46141899e-01 4.04526532e-01
    4.07846391e-01 1.18893862e+00 7.80697346e-01 3.79321039e-01
    3.01899314e-01 -1.07790828e-01 1.65998936e-03 -4.15120721e-01
    1.73189580e-01 -1.11993194e-01 -7.00150192e-01 1.53853762e+00
    4.09624279e-01 -2.21766829e-02 2.35144258e-01 -5.93910694e-01
    1.40802693e+00 3.88908744e-01 -6.97283506e-01 -2.34156847e-03
    3.36250484e-01 1.12944639e+00 6.20981395e-01 -7.53662705e-01
    1.50642753e+00 6.46045923e-01 -4.95079905e-01 7.79893398e-02
    3.07396710e-01 1.00455642e+00 -1.50114894e-02 1.13005519e-01
    4.77735460e-01 3.04929435e-01 1.28642559e+00 -4.30807471e-02
    1.45236754e+00 1.11912918e+00 1.70123029e+00 6.45319521e-01
    -2.75808632e-01 1.18508518e-01 4.11362827e-01 1.35108221e+00
    1.12347889e+00 -3.79541069e-01 1.41646028e+00 1.57159996e+00
    1.24252224e+00 9.77664649e-01 1.81518626e+00 -2.86809862e-01
    -2.61212766e-01 4.76759136e-01 1.74925041e+00 7.92228460e-01
    8.49662960e-01 -4.85036254e-01 -2.81484336e-01 -2.30835736e-01
    -2.56491184e-01 3.31177711e-02 -1.34698927e-01 3.46909642e-01
    1.26529908e+00 -7.41665423e-01 9.71635520e-01 7.51741171e-01
    1.45024014e+00 5.56359291e-02 1.63223088e-01 2.49547362e-01
    -1.37504339e-02 1.86774135e-02 -1.66776657e-01 1.40231955e+00
    1.48314619e+00 -1.38213038e-02 8.95939887e-01 1.69914865e+00
    1.16001999e+00 1.25272870e+00 1.45796776e+00 -1.22809887e-01
    6.01431131e-02 8.86291564e-01 4.24016595e-01 1.50972843e+00
    1.32203150e+00 7.45887160e-01 -6.72759831e-01 1.25750721e-01
    1.34544909e-01 9.09113884e-03 1.17611098e+00 6.47895098e-01
    -1.01835132e-02 1.67256844e+00 -5.03705740e-01 -6.29802465e-01
    -7.60350406e-01 1.14166331e+00 3.48318994e-01 9.16349232e-01
    3.02690506e-01 3.67198586e-02 1.09249592e+00 4.16758716e-01
    -9.40709710e-02 -1.46936536e-01 -4.88677800e-01 8.76446664e-01
    1.81108296e-01 1.19323695e+00 1.53245378e+00 5.35521448e-01
    1.63973260e+00 1.96401298e-01 8.46528172e-01 1.17787552e+00
    -5.70625305e-01 1.50373602e+00 -5.86379647e-01 1.72813702e+00
    9.58715975e-01 1.15699434e+00 5.02523839e-01 6.22072756e-01
    2.27128863e-02 1.44979918e+00 -3.02665025e-01 -5.25538325e-01
    2.95531631e-01 -2.53681362e-01 -2.69716084e-01 -5.13798833e-01
    1.75862730e-01 1.47304440e+00 2.16234863e-01 7.06312716e-01
    4.16985631e-01 -4.85296309e-01 -5.60313761e-01 1.00054169e+00
    1.01713789e+00 -1.16434097e-02 4.99469995e-01 -4.52805191e-01
    1.43880939e+00 6.13991022e-01 1.22624588e+00 1.68514156e+00
    -2.63839185e-01 4.09355819e-01 7.52861381e-01 -1.59845054e-01
    1.24832988e-01 -6.48440659e-01 1.22556150e-01 -6.80781662e-01
    1.17591083e+00 1.12612271e+00 1.72515440e+00 1.24590218e+00
    -5.50907135e-01 1.28017211e+00 9.35058773e-01 -1.47558272e-01
    7.34773219e-01 2.68961072e-01 7.26615310e-01 1.25162673e+00
    4.18007195e-01 3.88388634e-02 -4.76790518e-01 -1.94618285e-01
    -6.03628516e-01 9.11824703e-01 1.03570509e+00 -2.78349698e-01
    3.84556413e-01 4.97913361e-03 -4.86936599e-01 -3.20163041e-01
    3.53628814e-01 1.20131588e+00 1.43964863e+00 1.66503978e+00
    -1.33739114e-02 2.59642780e-01 5.26966333e-01 7.07161486e-01
    4.44563627e-02 1.55976796e+00 1.04473078e+00 -6.42370641e-01
    5.81423223e-01 -2.92815149e-01 1.43781483e-01 4.45486367e-01
    1.39784122e+00 -5.51950932e-01 2.20814109e-01 -1.87094629e-01
    1.26729155e+00 -6.42885804e-01 2.23227143e-01 1.68841839e+00
    9.77260709e-01 8.07144046e-01 -4.51664925e-01 1.19255519e+00
    3.10723484e-01 -1.55403018e-02 -1.60190761e-01 -3.64603996e-02
    -5.96123457e-01 1.80613911e+00 -4.09346342e-01 1.49702406e+00
    -1.56616449e-01 1.06078899e+00 7.69290626e-01 1.61910844e+00
    -1.19795859e-01 1.27537894e+00 3.82338762e-02 1.24367714e-01
    1.50538445e-01 1.29225206e+00 3.35729659e-01 4.81854141e-01
    7.86573708e-01 1.59307766e+00 2.71358907e-01 1.29128504e+00
    1.56141543e+00 -2.86755502e-01 7.30784237e-01 1.30256200e+00
    1.20108187e-01 7.71319509e-01 3.45465660e-01 -6.04066193e-01
    4.39078569e-01 3.20804834e-01 1.65067291e+00 8.08619082e-01
    1.40183246e+00 -4.82916713e-01 -8.37509811e-01 1.33166003e+00
    6.04134500e-01 4.44671512e-01 4.06286120e-01 1.23277771e+00
    -7.97061920e-02 7.38743186e-01 8.09358299e-01 1.11879992e+00
    -5.25303185e-01 -1.23961508e-01 1.10844183e+00 6.70821905e-01
    -4.69638079e-01 7.85033941e-01 1.34400797e+00 7.23686516e-01
    -2.34345257e-01 5.43296039e-01 1.48558581e+00 6.89307630e-01
    4.40034449e-01 4.73641276e-01 -4.47115391e-01 1.37401843e+00
    4.51962113e-01 9.05777454e-01 3.23347449e-01 1.39481235e+00
    -6.28621995e-01 4.29866850e-01 4.24461067e-01 -5.76179445e-01
    -5.18544197e-01 8.50500584e-01 1.52209592e+00 1.31717527e+00
    1.57136106e+00 -5.00344694e-01 7.33945131e-01 1.17069578e+00
    1.26375246e+00 1.54086423e+00 9.08820629e-01 6.54686451e-01
    1.09694052e+00 5.65873861e-01 9.69557285e-01 1.37796581e+00
    -6.22004092e-01 8.47570837e-01 -7.04050839e-01 7.50354588e-01
    1.65492666e+00 1.54623389e-01 -9.87002254e-02 -4.55437303e-02
    -6.30367935e-01 1.55194652e+00 4.01882768e-01 -7.40868032e-01
    6.67552292e-01 8.44991624e-01 4.06532645e-01 -5.57117462e-01
    7.82074809e-01 -6.00573242e-01 -6.10486984e-01 4.93927717e-01
    7.28583455e-01 1.46008921e+00 5.92776000e-01 1.44346356e-01
    4.64740217e-01 7.11349726e-01 -3.60866547e-01 -3.14238578e-01
    1.32539010e+00 5.61704338e-01 -3.01990628e-01 1.46530104e+00
    -1.11487448e-01 -5.21564603e-01 3.11646879e-01 2.14621544e-01
    -2.64335513e-01 5.57771802e-01 -3.51252347e-01 -5.88366747e-01
    3.69395852e-01 4.41702724e-01 1.32819498e+00 1.43454933e+00
    2.00121343e-01 -7.29878724e-01 3.95534277e-01 1.47625470e+00
    -5.53300261e-01 -2.02391028e-01 5.48661053e-01 2.41542697e-01
    3.76718938e-01 4.58680332e-01 1.01938939e+00 3.43732297e-01
    1.66664147e+00 -2.81375408e-01 2.18515396e-02 1.10682178e+00
    1.22870183e+00 1.53159046e+00 7.28257060e-01 -1.22356653e-01
    -7.37118721e-03 -4.18546587e-01 -6.11464322e-01 8.68786931e-01
    1.01783609e+00 9.57816482e-01 1.49666369e-01 -1.22708023e-01
    4.94059861e-01 6.16028905e-02 5.86677074e-01 1.25356793e-01
    -7.64727592e-04 2.02697098e-01 2.98390865e-01 1.55622900e-01
    6.23832226e-01 -1.30866349e-01 1.53393841e+00 -6.66804314e-01
    1.38809943e+00 6.86451375e-01 5.25954008e-01 6.22363627e-01
    1.05297208e+00 4.22900319e-01 -1.70368791e-01 1.87088060e+00
    1.14910662e-01 -2.00782359e-01 -6.04623973e-01 -5.59846938e-01
    2.65793264e-01 -4.87936467e-01 6.39007568e-01 1.24594045e+00
    1.21509433e+00 1.21303415e+00 1.47916412e+00 1.39731336e+00
    -6.98276639e-01 2.29400873e-01 8.93458664e-01 4.48601186e-01
    1.17521477e+00 1.65111423e+00 5.61304688e-02 6.64745629e-01
    1.58571577e+00 -2.65904576e-01 2.18640685e-01 8.60314369e-01
    -4.44407344e-01 1.60691977e+00 -3.12000006e-01 8.60608816e-01
    1.75350785e-01 5.92975259e-01 1.08002424e-02 1.56373143e-01
    1.23903811e+00 1.01022542e+00 1.61464238e+00 -3.21941346e-01
    8.69445443e-01 1.96968615e-01 1.11476898e+00 1.88049853e-01
    8.27984750e-01 1.69032860e+00 1.56518602e+00 4.51805890e-01
    1.56214797e+00 1.07405782e+00 8.99074614e-01 -1.70039594e-01
    -3.44191223e-01 -3.42649102e-01 1.49215817e-01 2.07186341e-01
    1.03741717e+00 -1.21011138e-01 9.64085758e-01 1.22402668e-01
    1.69683778e+00 -4.13482755e-01 -3.62626851e-01 8.78787637e-01
    -4.63570893e-01 -3.31226110e-01 6.57086849e-01 1.22484827e+00
    2.97363818e-01 4.95304108e-01 5.98403513e-01 1.50923705e+00
    5.78592837e-01 9.82892513e-02 -1.72204614e-01 -5.80841541e-01
    -3.85288000e-01 1.35809231e+00 1.77295709e+00 4.15649414e-01
    5.75294852e-01 2.55529761e-01 8.78843665e-02 9.41724122e-01
    6.15236282e-01 8.47200692e-01 -1.39588416e-01 1.36132908e+00
    -6.57718778e-01 1.29862428e-02 1.21317124e+00 -4.70867366e-01
    -8.50766301e-02 -1.11991763e-02 8.21265459e-01 1.53311074e+00
    2.61892915e-01 1.42661595e+00 1.36088216e+00 1.52643561e+00
    1.51051939e-01 1.34909463e+00 9.19018090e-01 2.28791177e-01
    -4.92913365e-01 8.50664556e-01 6.57036126e-01 2.69822836e-01
    9.40614581e-01 8.75815749e-02 6.38939738e-01 -4.18933123e-01
    9.30128694e-01 -5.12946844e-01 8.16371620e-01 1.41087103e+00
    1.52478063e+00 1.49022722e+00 1.01477337e+00 1.22073555e+00
    8.87016654e-01 3.26416016e-01 -1.38205469e-01 9.99830365e-01
    4.77788448e-01 -5.03570557e-01 1.31587458e+00 -3.25366378e-01
    1.57558084e+00 1.66000342e+00 1.53605938e+00 1.10480559e+00
    7.09588528e-01 1.70168614e+00 -6.59865320e-01 1.77198100e+00
    1.45235956e-01 1.71331954e+00 -2.01491177e-01 1.29400229e+00
    3.62178802e-01 4.16468978e-01 -1.08774304e-02 1.43458903e-01
    -2.48603642e-01 1.46356058e+00 -1.76668525e-01 1.21506238e+00
    -7.98388004e-01 8.00102174e-01 4.54811871e-01 -1.82792902e-01
    5.03782451e-01 7.99375474e-01 -3.99223804e-01 1.12737870e+00
    1.63194036e+00 -1.79796040e-01 3.50778878e-01 -5.15049636e-01
    -4.55538779e-01 -4.00692612e-01 -1.84027672e-01 -6.74394071e-01
    -7.70338774e-01 -2.92268932e-01 7.52640963e-01 1.23148143e+00
    5.95594883e-01 1.58567894e+00 8.03113103e-01 1.75395679e+00
    1.36872816e+00 -3.08153033e-01 -8.91409516e-02 3.64843249e-01
    1.08914733e+00 -1.25548184e-01 9.81388569e-01 -3.16270530e-01
    -1.02709711e-01 -2.05797732e-01 4.70341861e-01 1.19207549e+00
    6.27766311e-01 1.22334635e+00 -1.35747790e-02 1.26841950e+00
    1.95086598e-01 1.10873103e+00 1.24460685e+00 -4.55122113e-01
    3.80234003e-01 -4.95577276e-01 1.40857005e+00 -3.68589759e-02
    8.90895247e-01 1.62403655e+00 2.37505376e-01 -1.75421894e-01
    1.23714018e+00 -4.91100460e-01 7.23509789e-01 1.11240125e+00
    -3.05082560e-01 1.31955862e+00 5.42580724e-01 1.08145595e-01
    1.49320114e+00 -4.37436819e-01 -1.20493770e-02 6.15007997e-01
    5.76586485e-01 8.80335271e-01 -3.08713347e-01 1.04378581e-01
    9.88231242e-01 -2.87968576e-01 7.66082585e-01 9.31917787e-01
    -5.47817826e-01 -3.48929107e-01 -3.71244162e-01 5.05900800e-01
    1.44142437e+00 1.06998682e+00 -4.73934740e-01 -3.85548025e-01
    -2.77168155e-02 8.19167614e-01 -7.96310306e-02 8.53247404e-01
    1.68910718e+00 4.92672622e-01 2.59714186e-01 3.65830660e-01
    8.62989604e-01 6.35243237e-01 1.31109571e+00 -5.80103159e-01
    -3.21009219e-01 1.48783302e+00 -2.81677306e-01 -2.51610219e-01
    5.83150387e-02 6.88481390e-01 -1.83129847e-01 -2.29444802e-01
    1.62865555e+00 -6.82427049e-01 -6.94102645e-01 1.67478108e+00
    1.26331222e+00 1.22980404e+00 3.37835193e-01 -4.79244202e-01
    -4.04494762e-01 9.45276618e-02 7.57859945e-02 -3.60960513e-01
    3.70722473e-01 1.19263411e-01 8.84766698e-01 -4.34490949e-01
    -7.34746397e-01 1.44745398e+00 1.13307524e+00 5.43748617e-01
    4.19817507e-01 4.51150298e-01 6.97942376e-02 6.18417740e-01
    4.61086035e-02 7.18372464e-01 1.20139623e+00 1.52762437e+00
    1.71340966e+00 6.28790677e-01 8.72297525e-01 1.04765654e+00
    1.06960392e+00 2.66923547e-01 9.73044813e-01 -2.60906249e-01
    2.82781422e-01 1.41984510e+00 1.12752676e+00 -2.06283927e-02
    6.73048198e-01 -5.92944622e-01 1.30745900e+00 4.10572708e-01
    5.48749089e-01 1.23415208e+00 -4.18838263e-01 1.58421779e+00
    -2.32604861e-01 1.25424600e+00 1.40929866e+00 5.19761145e-01
    -3.56740922e-01 5.68265855e-01 -5.33322036e-01 4.26842868e-01
    2.58459985e-01 -2.69029945e-01 6.89593554e-01 1.25041866e+00
    -4.80444968e-01 -4.65864360e-01 1.76302743e+00 -3.72166634e-01
    -5.94408989e-01 -5.72256744e-01 2.74662852e-01 1.31377482e+00
    1.27105665e+00 1.33407414e-01 1.02156341e-01 9.41925406e-01
    1.43649638e+00 1.53192675e+00 1.24042249e+00 1.11958957e+00
    8.35003614e-01 -4.23028469e-02 1.16514897e+00 -3.28885555e-01
    -5.07096767e-01 1.84325278e-01 1.03404427e+00 1.12959433e+00
    1.39916897e+00 -3.84385288e-01 -5.94614148e-02 -2.30079412e-01
    -7.37884820e-01 5.53920865e-02 -5.42101204e-01 1.08169758e+00
    1.70359671e-01 1.50299311e-01 -5.40792704e-01 1.88666463e-01
    5.68463206e-02 -4.07917827e-01 1.80021834e+00 -5.79575360e-01
    1.21681452e+00 1.47806227e-01 -4.76766527e-01 2.74445355e-01
    -7.32350767e-01 1.16850591e+00 1.47442436e+00 -7.52251387e-01
    1.47711861e+00 7.87336409e-01 -2.11639822e-01 2.78237879e-01
    -7.31291056e-01 -3.78797084e-01 1.11818838e+00 4.38374817e-01
    1.12418497e+00 -1.47060633e-01 1.36309731e+00 -2.96691477e-01
    -2.84235358e-01 -5.68695128e-01 1.44985056e+00 7.79091954e-01
    1.24466312e+00 -1.43800139e-01 9.83191252e-01 -2.56146729e-01
    1.16452062e+00 5.66168070e-01 -5.98042786e-01 1.65285325e+00
    -4.29591298e-01 5.22195816e-01 -4.86589640e-01 2.24842072e-01
    3.51417065e-01 -2.45077461e-01 -4.85582054e-01 1.65853405e+00
    1.52471972e+00 -3.71996701e-01 5.85456014e-01 5.16225457e-01
    -6.92978442e-01 8.90239418e-01 -5.01459241e-02 5.27942121e-01
    7.95178711e-01 1.30421543e+00 -3.19583505e-01 2.17598081e-01
    -2.76367962e-01 1.66577685e+00 2.24959254e-01 1.58093691e+00
    1.69932914e+00 8.38119984e-01 -5.30005991e-01 -5.83297610e-02
    -5.93660831e-01 -1.01998866e-01 1.58917356e+00 9.16752577e-01
    -5.92945337e-01 -5.95142245e-01 -1.20703042e-01 9.70196664e-01
    -4.86141860e-01 1.00313354e+00 -1.60067379e-01 1.30890369e-01
    3.11864018e-02 -1.98701799e-01 1.33410096e+00 -3.44403893e-01
    2.86607146e-02 2.44919360e-01 3.10745418e-01 8.73132348e-02
    -6.92645133e-01 1.36885595e+00 1.33277655e+00 -6.57521784e-01
    1.35044456e+00 1.03569674e+00 -9.46611762e-02 5.45141876e-01
    1.22199750e+00 1.50190115e+00 9.86796379e-01 1.04879665e+00
    -1.74568802e-01 5.62834740e-01 -6.11546040e-02 -1.14673018e-01
    9.29443419e-01 1.44856691e+00 9.84306037e-01 1.42657018e+00
    8.97044182e-01 1.38619924e+00 5.27735949e-02 -6.92649603e-01
    -4.23642069e-01 6.16105378e-01 -5.53079963e-01 4.38206196e-01
    -4.19756532e-01 1.51542437e+00 -3.14075470e-01 1.67928314e+00
    1.62907934e+00 -5.77445626e-01 1.18514919e+00 8.28120053e-01
    1.31628418e+00 3.87814581e-01 4.69604611e-01 -4.69788879e-01
    4.89955187e-01 1.30099356e+00 4.08373773e-01 1.06737590e+00
    1.92095470e+00 7.58103728e-02 4.76062238e-01 -4.12592053e-01
    1.02842450e+00 -5.90973437e-01 -1.31790161e-01 7.87935257e-01
    1.44101310e+00 8.12306345e-01 1.44957638e+00 8.98741901e-01
    -2.40859449e-01 6.35436177e-02 4.80576932e-01 -2.26534128e-01
    1.04332256e+00 7.87098467e-01 1.00119460e+00 1.51300323e+00
    1.40367973e+00 1.29762220e+00 1.46178603e+00 1.11294007e+00
    1.36638260e+00 3.39250743e-01 -2.37770379e-01 -1.09308243e-01
    9.44231391e-01 4.29390550e-01 -7.17131495e-02 1.24357903e+00
    6.83775842e-01 4.99391615e-01 7.43387341e-01 1.09220004e+00
    3.52703869e-01 -5.85291624e-01 1.20091176e+00 1.28651774e+00
    9.83475447e-01 -6.32574975e-01 9.44095254e-01 8.58163059e-01
    -4.84398007e-01 1.26685619e+00 5.37664950e-01 1.32911205e-02
    1.03076792e+00 -3.33544999e-01 1.56532502e+00 7.84232020e-01
    7.23677278e-01 7.54163861e-01 1.37615871e+00 1.00000560e+00
    -6.58118308e-01 1.93412423e-01 8.39833915e-01 1.43795109e+00
    -7.94304371e-01 1.09985900e+00 -5.34051061e-01 -4.89901364e-01
    1.06792331e+00 1.11192191e+00 4.02708650e-02 4.64796603e-01
    -5.22806406e-01 -6.09392047e-01 2.48652935e-01 -5.17676771e-01
    -1.23726726e-01 3.07061315e-01 -4.97813046e-01 1.78137755e+00
    1.17204189e+00 3.92519832e-01 -1.82118297e-01 -7.12326884e-01
    5.62766314e-01 1.34209156e-01 5.42467833e-03 3.23509455e-01
    1.71938622e+00 9.06724751e-01 -4.56353396e-01 1.82672834e+00
    5.32260418e-01 1.27706504e+00 -6.81768298e-01 2.13584661e-01
    5.76773882e-01 1.61071789e+00 -3.79515797e-01 1.13737869e+00
    -6.18091822e-02 1.61147237e-01 1.27452672e+00 -7.61228859e-01
    1.32900214e+00 -8.35555792e-03 4.46280539e-01 5.40789545e-01
    6.04677975e-01 -7.59007871e-01 9.77079213e-01 1.45557702e-01
    5.09434521e-01 1.03798759e+00 1.65907264e+00 3.99481535e-01
    9.07259285e-01 2.86907673e-01 1.61980498e+00 1.24864221e+00
    -1.93345845e-01 5.10511041e-01 2.36722887e-01 1.87002182e-01
    2.94185817e-01 1.31711662e-01 8.00693214e-01 1.39445066e-02
    -4.30029064e-01 4.69721437e-01 -2.27859199e-01 6.43525124e-01
    -5.30046821e-02 2.18027234e-01 -4.95162070e-01 4.46187556e-01
    -6.90105557e-02 1.15769958e+00 -5.98777115e-01 5.05254567e-01
    1.45974326e+00 7.76487470e-01 1.37438750e+00 -3.86686921e-01
    5.67997932e-01 1.28862047e+00 4.78546381e-01 1.23770261e+00
    5.47343850e-01 4.27730203e-01 -5.76222956e-01 1.27301228e+00
    1.50332987e-01 1.07970691e+00 1.53960001e+00 8.23996961e-01
    5.40496588e-01 1.34967375e+00 1.49993157e+00 8.43227446e-01
    2.77239084e-03 -4.06085849e-01 -3.10551524e-02 1.69403005e+00
    -3.31952572e-02 -5.69436431e-01 4.54261541e-01 1.69009137e+00
    1.17293668e+00 3.78328264e-01 5.98601758e-01 3.12528491e-01
    -5.01757979e-01 1.23834777e+00 -5.64857602e-01 7.21171260e-01
    3.54905307e-01 1.38446057e+00 -1.74484968e-01 8.22692513e-02
    -5.42243898e-01 7.90348649e-02 -4.25393671e-01 -3.02145123e-01
    5.97664773e-01 1.01478875e-01 -4.33193266e-01 1.15271664e+00
    6.10467851e-01 1.06668019e+00 -3.88329983e-01 4.99575555e-01
    1.51482511e+00 1.73767114e+00 1.34570551e+00 2.64286876e-01
    6.75933540e-01 -5.50252974e-01 6.53406382e-02 9.59865034e-01
    -4.37347561e-01 9.51986611e-01 2.85676897e-01 1.71511388e+00
    -7.86777735e-02 7.93243706e-01 1.12034738e+00 1.23776829e+00
    1.04776406e+00 6.49867415e-01 3.81482840e-01 1.07907879e+00
    -3.33271444e-01 1.80268884e-02 -1.64895475e-01 -4.63711530e-01
    -5.39789319e-01 8.14493954e-01 -3.84835392e-01 1.46829247e+00
    6.12903595e-01 1.31411719e+00 3.44535172e-01 7.88460374e-02
    -5.57535827e-01 1.49825263e+00 1.10159945e+00 -6.52357101e-01
    1.58837223e+00 1.08260846e+00 8.67366254e-01 1.06215894e-01
    -4.86459851e-01 1.61467469e+00 7.12729752e-01 4.74909902e-01
    1.16958427e+00 -1.19169116e-01 -4.63194817e-01 8.68711889e-01
    1.36536908e+00 9.61492240e-01 7.89408088e-01 9.74658847e-01
    -1.21089458e-01 9.70239103e-01 1.67221332e+00 1.00392842e+00
    1.66767478e-01 6.41691327e-01 6.20701671e-01 -4.01053607e-01
    -2.58162081e-01 8.63220096e-02 1.61522365e+00 1.35596442e+00
    -5.63863873e-01 -8.22233558e-02 -2.90336758e-01 -7.12140799e-02
    6.72173500e-01 5.78106642e-01 -4.52016592e-01 -4.03381586e-01
    7.63800859e-01 6.82046652e-01 -6.24875724e-01 1.21916413e+00
    -7.02155888e-01 6.18341088e-01 -7.56194592e-01 1.18871689e+00
    -6.52384877e-01 1.51376975e+00 3.42611551e-01 6.82444811e-01
    8.88168931e-01 2.78134346e-01 1.13706493e+00 1.80018663e-01
    -4.39873844e-01 1.29979086e+00 5.21852016e-01 8.75327706e-01
    3.90322864e-01 1.39404976e+00 1.04498529e+00 1.69849861e+00
    -7.26609290e-01 1.58228648e+00 -7.51416028e-01 1.23097181e-01
    1.55915689e+00 6.08317733e-01 1.54936743e+00 1.06825066e+00
    9.73647594e-01 -3.95704150e-01 3.58341634e-01 -2.80231774e-01
    1.08821821e+00 8.35907459e-01 1.31124139e-01 1.72442031e+00
    6.90792799e-02 -9.80390906e-02 -4.53937054e-01 1.47861135e+00
    1.64409041e-01 1.44741583e+00 -5.69406629e-01 1.00419605e+00
    -6.28507197e-01 -3.97530705e-01 7.99433589e-02 3.07545245e-01
    -3.84093374e-01 -6.67390525e-01 8.97200286e-01 3.63382995e-01
    -2.92340875e-01 -2.63933837e-01 8.55197132e-01 8.19171071e-02
    8.02262962e-01 -5.24821699e-01 7.60816634e-01 5.35038054e-01
    1.43828309e+00 -2.30878234e-01 -3.51813048e-01 -4.02246416e-01
    9.66899931e-01 8.18044662e-01 8.61995935e-01 3.56910110e-01
    1.69150281e+00 -4.07340735e-01 -2.85114437e-01 2.76998162e-01
    1.13124204e+00 1.27914894e+00 -6.30268097e-01 1.21529889e+00
    -5.74973464e-01 -1.63923025e-01 -6.96067274e-01 1.00355196e+00
    -6.28658056e-01 1.37739587e+00 1.91144884e-01 -2.47233063e-01
    -2.39649475e-01 1.54182291e+00 1.02676141e+00 -4.32639360e-01
    -2.61160642e-01 -6.31615877e-01 8.93786073e-01 1.69587004e+00
    1.74952841e+00 4.55634117e-01 1.01997399e+00 -7.83792913e-01
    1.06486452e+00 2.97890484e-01 -2.51213253e-01 1.23286819e+00
    1.56157207e+00 3.80191922e-01 1.32826841e+00 9.63697731e-01
    4.24554944e-01 -4.19308841e-01 5.46260774e-01 -4.87676978e-01
    1.45291781e+00 -6.13811553e-01 -2.32327759e-01 5.20137072e-01
    1.58159423e+00 4.69875515e-01 9.67922330e-01 3.54243279e-01
    1.13790846e+00 -8.03650618e-02 -1.73736215e-01 1.54090190e+00
    1.69320321e+00 1.22801065e-01 -3.27599645e-02 5.54859459e-01
    1.75266552e+00 4.10438418e-01 7.81911492e-01 2.31609344e-02
    -5.06864190e-01 5.12725711e-01 -5.32278240e-01 -5.08716106e-02
    1.60681915e+00 -7.46447086e-01 6.09413505e-01 -3.80636096e-01
    1.62247753e+00 1.30002248e+00 -5.08891940e-02 -1.61796033e-01
    -3.88166249e-01 1.39684653e+00 -3.02575767e-01 -6.97294414e-01
    3.36729109e-01 1.41528249e+00 -3.36409152e-01 1.47434902e+00
    7.74399102e-01 1.63041544e+00 7.12178886e-01 1.36925912e+00
    -5.72619557e-01 1.54282606e+00 1.70909166e-01 9.08580363e-01
    -9.97624993e-02 1.09739101e+00 4.14978147e-01 -7.38789618e-01
    1.38174820e+00 -8.01823795e-01 4.57519352e-01 -7.10806727e-01
    8.46669197e-01 -5.86805940e-02 1.02039671e+00 2.74356306e-01
    4.62409616e-01 8.76052499e-01 4.26012874e-01 -7.27673173e-02
    -3.62576634e-01 1.75550640e+00 9.27503288e-01 1.07764280e+00
    6.72358155e-01 8.40708375e-01 4.29764211e-01 8.39040458e-01
    4.20440972e-01 8.93553257e-01 -4.31404442e-01 8.67262602e-01
    3.72164786e-01 1.31516373e+00 -6.24235094e-01 1.17590153e+00
    4.70160544e-01 -6.83913827e-02 1.49039006e+00 -4.22542453e-01
    7.29850054e-01 4.86168623e-01 -4.78514999e-01 1.32522845e+00
    1.43350518e+00 4.85042751e-01 -5.28094172e-02 4.76850331e-01
    8.15943539e-01 1.66231441e+00 -6.10885024e-01 1.07454491e+00
    7.01662719e-01 6.38473690e-01 -2.22515404e-01 -4.76588428e-01
    5.56064606e-01 -6.34381950e-01 1.34843242e+00 7.18381882e-01
    7.62595773e-01 2.01689720e-01 -2.96337426e-01 9.47990060e-01
    -1.50363863e-01 -8.79645944e-02 -1.00654662e-01 -1.05217159e-01
    -3.43657523e-01 5.03840923e-01 -3.79075885e-01 7.99838305e-01
    1.22416186e+00 1.32886338e+00 -3.48892212e-02 1.53048635e+00
    -5.07659853e-01 9.51908350e-01 1.34706724e+00 5.94717026e-01
    9.24589694e-01 1.20826423e-01 1.67509007e+00 -6.36299729e-01
    -2.15826392e-01 -2.14213729e-01 2.64757395e-01 1.01822376e+00
    1.62559700e+00 1.35852671e+00 5.18123925e-01 1.54629707e+00
    1.11167455e+00 4.70833182e-02 -5.11979640e-01 -5.51132560e-01
    1.42645192e+00 -3.82294327e-01 1.02542150e+00 9.02427435e-01
    4.70622122e-01 -1.06141686e-01 2.16815472e-02 8.59199047e-01
    -5.94415963e-01 -1.10297620e-01 -6.01796031e-01 7.02879071e-01
    2.66440928e-01 -4.46108729e-01 -6.93321407e-01 2.96860635e-01
    1.10122728e+00 -6.02903605e-01 1.26562703e+00 -7.22161889e-01
    6.58487558e-01 -8.36569667e-01 1.28023219e+00 1.49414134e+00
    1.23319936e+00 6.74370527e-02 1.42598248e+00 4.41222787e-01
    1.43431723e-01 1.56072950e+00 1.75335848e+00 1.40765846e+00
    -8.76378417e-02 -3.78497303e-01 -7.84012496e-01 4.09245193e-01
    1.30470228e+00 -6.58882260e-02 -7.40604103e-01 -3.83285344e-01
    -3.00862134e-01 1.34970164e+00 1.50401425e+00 -5.48715234e-01
    6.43460751e-02 6.19628549e-01 1.75016403e+00 -5.99904537e-01
    1.70183313e+00 1.12818384e+00 4.09171581e-01 -4.52594250e-01
    1.11868453e+00 2.27510333e-01 -3.70844156e-01 1.78270054e+00
    5.24404228e-01 -2.86095798e-01 3.87087524e-01 9.86789823e-01
    -6.67568445e-02 6.90157235e-01 1.66547775e+00 4.97656524e-01
    8.05169761e-01 8.48718941e-01 1.14392328e+00 1.00212812e-01
    -5.03672004e-01 1.14019823e+00 2.23928332e-01 1.62027311e+00
    3.20964575e-01 1.69933403e+00 4.63940203e-01 9.05802310e-01
    2.39219546e-01 1.03560114e+00 -6.81359768e-01 1.44690084e+00
    1.60810423e+00 1.12591982e-02 7.87618756e-02 7.79054761e-02
    4.70924139e-01 -1.20361447e-01 6.10253811e-01 3.89071345e-01
    1.76621377e-01 9.06107783e-01 1.18272448e+00 2.76762247e-01
    3.17277133e-01 1.51573312e+00 -2.92508662e-01 -4.99588251e-03
    1.55598950e+00 5.00596404e-01 1.42725420e+00 5.35662830e-01
    1.74033904e+00 2.32992411e-01 1.70715010e+00 1.01444757e+00
    8.43781590e-01 1.17375135e+00 1.35836637e+00 1.28140676e+00
    -3.54157805e-01 1.05313337e+00 1.09723711e+00 8.56104493e-02
    -3.37618887e-01 -9.86268520e-02 -8.10968876e-02 1.51812971e-01
    1.46234179e+00 1.73355734e+00 3.47318411e-01 9.53625560e-01
    1.05295420e-01 7.05130577e-01 1.41928363e+00 4.33958888e-01
    1.31163299e+00 1.43099880e+00 -1.48854196e-01 1.43820524e+00
    1.29613733e+00 -4.98959213e-01 -7.60021806e-02 -5.39179742e-01
    1.70738399e-01 -1.53647363e-01 4.65601802e-01 1.23185968e+00
    -3.83607239e-01 -4.98266816e-02 1.58820796e+00 2.02177286e-01
    1.31234550e+00 7.69507885e-01 -1.40687823e-02 8.10355425e-01
    1.32766128e+00 -3.88933867e-01 5.09749591e-01 1.02691340e+00
    1.16141546e+00 1.40879321e+00 -5.21041393e-01 3.47949564e-01
    1.67756689e+00 8.47040415e-01 -3.78825128e-01 -2.38462508e-01
    1.24975538e+00 1.08034873e+00 -5.56401253e-01 -4.38679099e-01
    -7.28839159e-01 1.64265561e+00 2.58647263e-01 1.28754878e+00
    8.80004346e-01 1.08174145e-01 4.86491919e-01 1.46078801e+00
    1.82803094e-01 -7.68475831e-01 4.33070064e-02 1.47127366e+00
    1.18379927e+00 2.81319857e-01 -1.23448670e-01 1.82247162e-01
    1.57235599e+00 8.56998682e-01 1.04825735e+00 8.08521807e-01
    -6.88958406e-01 1.46812773e+00 1.07945704e+00 5.31461358e-01
    4.34449971e-01 9.55425084e-01 4.06598508e-01 -7.76242733e-01
    1.12456107e+00 5.21082222e-01 5.16141593e-01 4.36947763e-01
    1.21114111e+00 1.43105221e+00 1.08934999e+00 -3.16470683e-01
    9.15503263e-01 -5.50814331e-01 1.39063513e+00 2.61529684e-01
    -3.74323964e-01 4.60332930e-01 -5.02517700e-01 7.66273618e-01
    1.16832161e+00 2.57276297e-01 1.25999641e+00 1.19835687e+00
    1.08630836e+00 4.21033084e-01 9.23542500e-01 1.04782915e+00
    6.56074941e-01 2.22090602e-01 -2.11605966e-01 -7.15664089e-01
    6.04703724e-01 5.22568524e-01 1.22708297e+00 4.55341518e-01
    -6.20831251e-01 1.68376493e+00 3.23937714e-01 4.77104902e-01
    -3.09271634e-01 4.43112016e-01 6.19166195e-01 1.47203422e+00
    -6.40895665e-01 1.29838085e+00 1.24866045e+00 -2.05157042e-01
    7.06633866e-01 1.01447463e+00 -1.48329794e-01 -3.29893440e-01
    3.69772851e-01 7.98078418e-01 5.68082213e-01 -7.34915972e-01
    -5.46519876e-01 1.32069206e+00 -4.56184506e-01 9.79709327e-01
    2.80441403e-01 -1.69335067e-01 5.38957238e-01 8.45088959e-01
    -4.95184571e-01 6.65711820e-01 1.66606688e+00 1.36831665e+00
    5.66347837e-01 -6.19285464e-01 -3.66634816e-01 1.60423338e-01
    8.66759062e-01 1.22186673e+00 -5.41157365e-01 -2.18474388e-01
    9.60007131e-01 1.74645090e+00 1.71141577e+00 9.36489046e-01
    -4.48957771e-01 1.63131642e+00 3.38950336e-01 1.07361913e+00
    1.01175213e+00 1.47564554e+00 4.64565814e-01 6.64600432e-01
    4.83411968e-01 1.53910673e+00 2.69565642e-01 4.27660942e-02
    -3.44232082e-01 1.39275420e+00 1.24832058e+00 -1.44374490e-01
    -2.58974850e-01 1.41362214e+00 9.46506441e-01 6.36373937e-01
    4.32462633e-01 1.54625678e+00 5.09708524e-02 3.75512242e-01
    1.00439966e+00 2.47713506e-01 1.53416848e+00 1.39748859e+00
    1.56665015e+00 2.10501432e-01 7.94270039e-01 1.32336903e+00
    8.33448291e-01 2.52072573e-01 5.43046057e-01 1.29913545e+00
    1.37748075e+00 -4.96074706e-01 1.58079600e+00 -5.93745172e-01
    4.70240176e-01 1.44902408e-01 1.88897431e-01 1.35084438e+00
    7.38541603e-01 8.75851929e-01 1.60876131e+00 1.40546858e-01
    8.30814719e-01 3.58072400e-01 8.61167312e-02 4.95901287e-01
    1.39282846e+00 1.16629720e-01 -7.93155491e-01 8.12845111e-01
    8.04905891e-02 8.94768000e-01 -7.31133819e-01 1.34395409e+00
    1.39127064e+00 3.09878647e-01 8.99474502e-01 1.82945395e+00
    -3.79437387e-01 7.37448514e-01 -5.70497155e-01 1.05109859e+00
    4.63879108e-01 -3.64110798e-01 9.04090703e-01 9.36431825e-01
    -3.60826731e-01 -5.69439888e-01 5.38937926e-01 1.27399743e+00
    4.59838271e-01 1.21955633e+00 5.72762430e-01 1.19346595e+00
    -2.66642392e-01 -3.69671375e-01 -1.37587547e-01 1.47840047e+00
    1.36028612e+00 -7.31313825e-02 8.95804107e-01 -5.01119852e-01
    6.51480734e-01 3.90641809e-01 1.22929788e+00 -2.13706911e-01
    -1.68609560e-01 -7.61328101e-01 5.77806294e-01 -5.34270406e-02
    4.72847939e-01 7.28296340e-01 4.55054462e-01 7.20424891e-01
    5.02670050e-01 1.10671043e+00 4.78008330e-01 4.80290174e-01
    1.43317866e+00 1.21573007e+00 1.48720968e+00 1.63357687e+00
    -7.08685458e-01 1.05424047e+00 1.53624582e+00 1.72920060e+00
    9.78743076e-01 -3.83773386e-01 -3.55033845e-01 4.16943789e-01
    1.08509374e+00 6.78855240e-01 6.84554517e-01 -7.44374156e-01
    1.50988472e+00 6.02747798e-01 1.72505283e+00 8.40811253e-01
    -3.29397321e-01 1.26884568e+00 7.27016330e-01 1.80650425e+00
    7.06851482e-03 -4.98282075e-01 1.22215080e+00 8.68034363e-01
    9.96413827e-01 1.06149316e-01 5.44876993e-01 7.60372281e-01
    1.14897597e+00 -3.18486542e-01 1.47112560e+00 1.13881421e+00
    8.91411901e-01 9.82932985e-01 -5.42158723e-01 -4.75909382e-01
    6.30049706e-01 4.91687059e-02 1.06489897e-01 5.46191216e-01
    1.16995525e+00 1.75277579e+00 -8.93908739e-02 1.70448637e+00
    7.69850552e-01 -4.64887619e-02 4.66845691e-01 1.59211087e+00
    1.39140081e+00 -6.88927531e-01 1.17891312e+00 4.94576097e-01
    1.54050493e+00 1.76344979e+00 9.33081508e-01 2.84664631e-01
    -2.24185824e-01 9.78127718e-02 8.81535113e-01 -2.87390590e-01
    8.21996927e-02 1.22278023e+00 1.36857724e+00 8.48308086e-01
    -5.88659108e-01 1.09325910e+00 -1.75312698e-01 -3.41945767e-01
    -1.03064597e-01 1.23457623e+00 1.20232224e+00 1.17829442e+00
    3.71910453e-01 1.83162153e-01 3.82865727e-01 7.35237360e-01
    8.09404850e-02 4.41444099e-01 -7.33960867e-02 1.14072633e+00
    -3.33790421e-01 1.16471505e+00 1.27265573e+00 8.07608187e-01
    2.24811733e-01 1.51610661e+00 7.90463805e-01 -7.62452245e-01
    8.23146880e-01 -1.60770655e-01 -1.27535939e-01 9.56342101e-01
    -3.43332291e-02 1.09400296e+00 5.25743365e-02 9.89065588e-01
    -1.94117546e-01 1.52394164e+00 5.40243804e-01 1.67462516e+00
    5.69899261e-01 -3.62008423e-01 6.40755415e-01 6.15731895e-01
    -6.71574771e-01 1.58011007e+00 -6.43845320e-01 1.30664873e+00
    8.52403581e-01 -4.86988902e-01 1.44504738e+00 7.58147657e-01
    -1.11937523e-01 1.07057142e+00 7.35011995e-01 7.59065092e-01
    -3.10842574e-01 5.72504401e-01 6.67863488e-01 -6.46610856e-02
    -1.71629310e-01 1.23481500e+00 1.19174457e+00 -1.95172727e-01
    7.98547626e-01 -6.74939692e-01 3.24637294e-01 -7.59893060e-01
    8.32881272e-01 1.53464758e+00 1.07938242e+00 -4.59261209e-01
    4.59988296e-01 1.06667686e+00 -4.15233880e-01 -4.95171010e-01
    -3.59434485e-01 -2.16614902e-01 1.71289134e+00 -1.42782331e-01
    9.75532055e-01 1.67777836e+00 8.32611382e-01 4.69765067e-01
    -6.48806810e-01 -3.89869988e-01 -7.00519681e-01 1.61443853e+00
    1.63731468e+00 2.65920222e-01 1.61892629e+00 1.24801922e+00
    3.20775032e-01 1.32986593e+00 -2.84353435e-01 9.79910731e-01
    7.04585493e-01 1.69587445e+00 3.04471433e-01 9.80616391e-01
    5.44016957e-02 1.33646631e+00 1.26317096e+00 -5.37332833e-01
    1.80537701e-01 -2.68131495e-02 1.62998390e+00 1.18566489e+00
    -7.89714515e-01 1.39273548e+00 9.29613113e-01 3.66226971e-01
    -6.33897185e-01 8.12158287e-01 -7.14211404e-01 7.99618363e-02
    1.21778727e-01 -4.06091571e-01 6.02099657e-01 2.15167403e-02
    1.98949695e-01 1.12542367e+00 4.89812851e-01 1.73359823e+00
    1.63074875e+00 1.34745443e+00 1.62890363e+00 8.42548966e-01
    1.46448433e-01 -9.72101688e-02 1.53160369e+00 1.86942637e-01
    3.50932956e-01 8.31195652e-01 -1.17736876e-01 -2.62183189e-01
    6.94061518e-01 4.54972386e-01 1.64549875e+00 7.09983170e-01
    1.46694875e+00 -5.01840651e-01 6.97477341e-01 1.41493332e+00
    -3.34359527e-01 1.60267627e+00 -4.67397779e-01 1.43772316e+00
    8.07633519e-01 6.37398958e-02 -6.45066738e-01 2.59221196e-01
    -5.56309223e-01 8.21185291e-01 -3.75387043e-01 8.24565351e-01
    -5.46247482e-01 -6.22234941e-01 -6.89276576e-01 8.63007963e-01
    1.12578344e+00 1.19436812e+00 -1.61146343e-01 1.15844417e+00
    3.84971917e-01 -2.03463197e-01 1.67256951e-01 -3.93393219e-01
    3.36064100e-01 1.64481103e-01 1.24333346e+00 1.25026989e+00
    -5.49941659e-01 3.86885166e-01 -1.41649902e-01 8.09562802e-01
    -2.00441003e-01 7.74173021e-01 6.04845881e-02 1.31063628e+00
    3.51012230e-01 2.72614479e-01 -3.22445810e-01 -7.84706593e-01
    1.97013497e-01 8.33240926e-01 1.66200030e+00 2.49250829e-01
    6.87085807e-01 9.14573848e-01 3.64120066e-01 -3.30768108e-01
    -3.63778800e-01 1.26667511e+00 7.69498289e-01 8.10909271e-03
    8.01391602e-01 -1.22703493e-01 -8.25356841e-02 9.23396468e-01
    -7.15326250e-01 6.28345788e-01 1.41205978e+00 -1.42471790e-01
    -2.19088376e-01 5.54257929e-01 1.56344128e+00 2.68769145e-01
    1.51604891e+00 5.17423093e-01 1.01202559e+00 1.45934343e+00
    1.07897925e+00 1.00997853e+00 -1.83215141e-01 4.63654518e-01
    -1.86364800e-01 -1.97688192e-01 1.52943349e+00 -1.01388454e-01
    9.21092689e-01 1.11498022e+00 -1.61473215e-01 5.79390764e-01
    -1.47161722e-01 4.12342966e-01 -1.52069330e-01 7.81623840e-01
    4.99456763e-01 8.09214950e-01 1.67901182e+00 1.32036781e+00
    1.13625073e+00 -5.82767606e-01 -5.49033046e-01 1.14943326e+00
    -1.31689370e-01 -5.49873352e-01 1.04507184e+00 1.37943006e+00
    3.39061737e-01 -2.56969929e-02 1.59421229e+00 -6.46159470e-01
    -1.07683778e-01 1.56109309e+00 4.79411483e-01 1.47065401e+00
    1.32678151e+00 1.00066066e+00 1.19928300e+00 1.22819364e+00
    9.06360686e-01 8.40813041e-01 -2.77663052e-01 1.41829538e+00
    1.77106297e+00 -1.96415722e-01 -2.89796740e-01 -2.38403499e-01
    8.89357328e-01 1.58312297e+00 1.63100910e+00 6.74364567e-02
    7.62521267e-01 -4.19444740e-01 -1.14762247e-01 6.58971071e-03
    1.72918153e+00 9.37557042e-01 -6.54078960e-01 1.25137365e+00
    -5.57202876e-01 1.69444680e+00 4.33750033e-01 -3.71461600e-01
    -5.73208392e-01 9.41075146e-01 1.08291757e+00 5.47954202e-01
    5.49454510e-01 -6.80710554e-01 1.16584122e+00 -2.13029981e-01
    1.24184418e+00 -3.93305808e-01 -6.47364259e-02 1.28613877e+00
    -8.18405747e-01 1.49393201e-01 1.61725092e+00 9.63290393e-01
    -1.48235261e-01 2.69929528e-01 -4.08693135e-01 1.58526409e+00
    9.76344764e-01 6.01654053e-02 -6.01305544e-01 8.29933524e-01
    -3.48348647e-01 1.36823654e+00 7.57850289e-01 2.20884502e-01
    8.83257389e-01 -5.28662086e-01 -3.94424587e-01 -1.64992988e-01
    1.14158511e+00 2.71649361e-01 3.81517470e-01 8.24014723e-01
    4.93929863e-01 1.23251128e+00 -1.63643718e-01 -6.36219263e-01
    9.27826107e-01 8.29686642e-01 8.57030869e-01 5.52600086e-01
    7.69876003e-01 1.55612302e+00 1.25593424e-01 -3.83806229e-03
    1.70450020e+00 1.72801065e+00 2.82900274e-01 1.35596216e-01
    1.14794540e+00 9.14988458e-01 1.12637734e+00 9.63958979e-01
    1.23375750e+00 -7.30535984e-02 4.92731452e-01 -5.48524022e-01
    1.20655155e+00 2.22328186e-01 -7.07260847e-01 1.51708245e+00
    1.10877728e+00 1.08067393e+00 1.37508309e+00 -9.49851274e-02
    1.31884611e+00 1.47470331e+00 -6.72431350e-01 4.56188440e-01
    7.73959756e-01 4.06869173e-01 -6.59060478e-03 1.13198137e+00
    6.88663661e-01 1.61639166e+00 9.97816920e-01 6.32626772e-01
    1.68867588e+00 -1.80289745e-01 1.30296111e-01 5.41285992e-01
    4.14064169e-01 -6.34413779e-01 1.21286452e-01 3.19045722e-01
    -4.38161522e-01 -8.09084654e-01 1.17091417e+00 -6.64224803e-01
    6.82756126e-01 8.44345689e-02 9.42241073e-01 5.00263333e-01
    1.69916451e+00 1.26648343e+00 7.07144678e-01 1.63721979e+00
    6.60476089e-01 3.02563429e-01 -2.46581197e-01 -7.08077192e-01
    1.37722230e+00 6.00762784e-01 1.14370608e+00 -6.28096700e-01
    7.68966079e-02 1.25309420e+00 6.42906547e-01 1.24924421e+00
    1.14762723e+00 4.99009490e-02 1.00633180e+00 1.18191957e+00
    3.77309859e-01 1.26692080e+00 -7.31599450e-01 5.31606257e-01
    2.85955966e-01 1.61161399e+00 7.55299807e-01 1.73758364e+00
    8.41181159e-01 -3.72071087e-01 -6.73152089e-01 1.59643745e+00
    -2.65160501e-01 5.47146201e-02 -5.11107922e-01 1.25895286e+00
    8.97066653e-01 6.70415044e-01 -6.65016711e-01 8.81652951e-01
    1.63227057e+00 8.54434013e-01 -7.35708416e-01 2.94818878e-02
    1.42763782e+00 4.84216034e-01 -1.79655790e-01 5.65865099e-01
    -5.31983733e-01 1.07855487e+00 9.14479256e-01 2.66241133e-01
    5.29837608e-01 -5.62546372e-01 1.40474534e+00 -6.82603717e-01
    2.15371013e-01 6.87043667e-01 6.93752050e-01 6.92174673e-01
    7.09557354e-01 -6.22623861e-01 -4.47201043e-01 6.60570085e-01
    4.37241316e-01 -2.89199769e-01 1.58268642e+00 -2.59847343e-01
    8.41979265e-01 -3.93220663e-01 9.93320107e-01 2.01842248e-01
    8.12642813e-01 2.28163362e-01 -1.18756890e-02 9.35913861e-01
    1.54141355e+00 7.15703964e-02 6.53241992e-01 1.30143464e+00
    -6.79259181e-01 -2.37825871e-01 6.02666080e-01 -7.83305705e-01
    3.91881466e-01 -6.07857704e-01 9.86317098e-01 4.71838713e-02
    3.04909050e-01 -1.29655004e-02 2.24773884e-01 8.43818009e-01
    1.17366052e+00 -1.56558752e-02 1.56034517e+00 1.38518858e+00
    1.29554260e+00 5.50624907e-01 1.19818544e+00 -4.71232593e-01
    8.63562226e-01 -3.36431623e-01 -1.91105664e-01 4.52531397e-01
    1.70418286e+00 7.51731515e-01 4.50697839e-01 7.94671774e-02
    -5.84462285e-01 1.69484973e+00 -5.74911356e-01 1.67953253e+00
    -3.82634401e-02 -7.22417831e-01 -1.42208278e-01 1.52749908e+00
    1.58430076e+00 1.75042033e+00 -4.71067637e-01 5.24007618e-01
    -5.22942960e-01 -6.13395214e-01 5.60451686e-01 -6.78545594e-01
    -4.00039583e-01 8.51895094e-01 -9.56281424e-02 1.50227535e+00
    3.71362627e-01 7.20434606e-01 1.02020073e+00 1.31903696e+00
    -7.44666159e-01 1.21727180e+00 -4.83963132e-01 8.86830091e-02
    -6.96757913e-01 1.46010494e+00 -3.37049276e-01 1.53363729e+00
    -1.85707808e-01 8.29581022e-01 -4.34191972e-01 -1.24313235e-02
    1.76655138e+00 -2.16730714e-01 5.49483001e-01 8.63950312e-01
    -6.53343558e-01 -4.07871932e-01 1.50733829e+00 5.44357002e-01
    4.44685638e-01 6.25656962e-01 -2.50515521e-01 4.24818397e-01
    -1.36963308e-01 2.13839054e-01 3.97828221e-01 2.26802468e-01
    4.67387259e-01 8.81398857e-01 1.38775289e-01 1.25595474e+00
    1.31672609e+00 1.29360139e+00 5.96265674e-01 1.19409657e+00
    3.37287009e-01 1.33480191e+00 1.23784351e+00 4.73301351e-01
    1.46847475e+00 -4.74691391e-02 -3.66554916e-01 1.04934824e+00
    8.81960750e-01 1.68703675e+00 9.05751288e-01 3.53052199e-01
    2.93900490e-01 8.07533383e-01 2.97341824e-01 -2.38505900e-01
    1.07714629e+00 1.74847186e-01 3.53663683e-01 1.77572143e+00
    -6.41243339e-01 6.48448467e-01 9.42535579e-01 2.33359396e-01
    -4.37626839e-01 -4.59721565e-01 3.09652448e-01 1.38424873e-01
    -1.21745110e-01 9.12641525e-01 9.02259946e-02 -8.49288106e-02
    3.60064805e-01 -6.92249179e-01 -3.98992270e-01 5.27070463e-01
    1.19898415e+00 2.44211733e-01 1.70203912e+00 1.28771019e+00
    4.38549757e-01 -7.28927016e-01 1.66591167e+00 -1.53890312e-01
    1.01716661e+00 -5.40367603e-01 9.52864766e-01 -3.36874127e-01
    -9.55016017e-02 4.72205877e-01 1.05684829e+00 1.53170669e+00
    1.65836716e+00 -6.30334616e-01 1.22920489e+00 -5.15430927e-01
    1.47102618e+00 1.36857629e+00 1.18507695e+00 1.12858677e+00
    -3.75211775e-01 -4.10289705e-01 1.08723140e+00 -1.45646453e-01
    6.34536922e-01 9.53788817e-01 1.23988724e+00 -3.16843212e-01
    4.57786143e-01 -8.18442106e-01 -4.96947885e-01 1.47005177e+00
    1.09579408e+00 1.20188415e-01 5.47077060e-01 3.35922539e-01
    -3.24364752e-01 1.17842078e+00 -4.62067723e-01 2.29810655e-01
    1.88809633e-02 7.34514952e-01 4.70364451e-01 1.32518733e+00
    2.00573802e-01 6.13135636e-01 -2.89183855e-03 3.57686162e-01
    1.70501602e+00 -5.16995370e-01 -3.66792321e-01 -6.89809203e-01
    -9.68216658e-02 -3.53495628e-01 -2.45841682e-01 9.71184731e-01
    6.73411012e-01 -7.38264203e-01 7.02649713e-01 -3.41886282e-01
    6.49662375e-01 -5.61357856e-01 1.70264447e+00 3.98775399e-01
    8.02452803e-01 1.45614457e+00 1.41626549e+00 1.70913279e-01
    -7.25849092e-01 -3.94054651e-02 -6.24271035e-02 1.65783525e+00
    6.82678223e-02 1.65762722e-01 -6.79086566e-01 7.12501287e-01
    1.03151298e+00 -3.85287791e-01 1.69657373e+00 1.44099891e+00
    1.57246232e-01 -4.67668235e-01 1.30211616e+00 -1.53725505e-01
    -7.09792137e-01 1.63501287e+00 7.75803328e-01 1.31424892e+00
    1.52337146e+00 6.52190268e-01 7.64738977e-01 7.91020095e-01
    9.44633663e-01 -1.65796518e-01 1.57382703e+00 -7.07811952e-01
    1.31782937e+00 9.13270056e-01 7.97305763e-01 1.51983953e+00
    1.43426371e+00 1.61575413e+00 1.47835660e+00 1.32499790e+00
    -3.66234154e-01 2.41351664e-01 -6.06438518e-02 1.31998539e+00
    4.43053126e-01 1.33869720e+00 -2.37606019e-01 1.14587998e+00
    1.76051521e+00 -4.89463091e-01 1.31707096e+00 8.90463829e-01
    1.76109040e+00 -4.61484462e-01 -1.61181748e-01 2.00605989e-01
    -2.46985972e-01 -4.94372725e-01 2.06993222e-01 1.97107613e-01
    1.17185283e+00 -1.11459553e-01 -5.28128088e-01 -4.87461835e-01
    1.21931052e+00 1.51033509e+00 4.51679230e-01 7.77204514e-01
    9.24079299e-01 3.06846142e-01 3.09293926e-01 8.34032774e-01
    4.04442489e-01 -3.50074619e-01 6.74140453e-02 3.08093548e-01
    -6.51801705e-01 -4.76526529e-01 8.76092553e-01 -2.21946836e-02
    -5.17251313e-01 -4.93259162e-01 -6.05399847e-01 7.78894424e-01
    6.52684867e-01 -2.21945852e-01 -6.44476652e-01 -4.72609907e-01
    -3.99353325e-01 1.72624671e+00 6.20730579e-01 1.58424878e+00
    -7.78553188e-01 1.60454035e-01 1.20916009e+00 9.20587957e-01
    1.06156206e+00 -6.43745184e-01 1.03321850e+00 8.63486409e-01
    -2.86846817e-01 5.08240879e-01 9.73395348e-01 -5.68262935e-01
    7.19479680e-01 -6.25684381e-01 1.26447797e-01 3.18292022e-01
    1.42773128e+00 1.34142375e+00 1.22018480e+00 -7.26274133e-01
    6.51867032e-01 1.74185550e+00 5.18483102e-01 -3.72315913e-01
    -3.69265407e-01 4.10544872e-01 6.52694821e-01 3.26198280e-01
    1.14349866e+00 1.71378255e-01 -5.86919367e-01 5.26615918e-01
    -6.92730129e-01 -1.79523230e-03 2.41789997e-01 1.50287771e+00
    6.85426891e-01 2.19866574e-01 2.03905463e-01 3.39648128e-02
    1.74514413e+00 3.97161484e-01 -2.63440639e-01 2.90483534e-01
    9.57822978e-01 6.05986357e-01 6.24136329e-01 7.72828102e-01
    1.84561265e+00 1.84653568e+00 -3.80104244e-01 5.89383900e-01
    -6.15289330e-01 1.20396829e+00 1.15323520e+00 4.95776296e-01
    -5.56778669e-01 2.29598641e-01 6.13301992e-02 8.79580319e-01
    -7.58340597e-01 7.35985756e-01 1.65387666e+00 1.38623238e-01
    6.89058959e-01 8.49464536e-02 1.11157155e+00 4.57726896e-01
    1.75173140e+00 -7.82516599e-02 -1.44360602e-01 1.01543450e+00
    3.00154686e-02 1.69061685e+00 -2.70364344e-01 1.02275801e+00
    6.45982325e-01 -1.31544173e-01 6.66586399e-01 -7.67577291e-02
    1.67401433e+00 1.69909716e+00 8.50916862e-01 1.99531615e-01
    1.48316205e-01 1.26790500e+00 -1.41941786e-01 1.40041924e+00
    1.67120969e+00 -2.11061299e-01 1.23362756e+00 6.45127952e-01
    -4.63714212e-01 -1.34871364e-01 1.57452321e+00 1.15849638e+00
    6.29423976e-01 8.49656224e-01 -8.98696184e-02 4.76216316e-01
    1.45497453e+00 1.11561239e+00 -1.33286238e-01 -2.67124921e-01
    2.77737319e-01 -5.34790277e-01 2.70441771e-01 -8.37873816e-02
    1.45683777e+00 -9.83021259e-02 -5.43362856e-01 -1.95529580e-01
    1.26515532e+00 1.49162054e+00 1.50836527e+00 1.67282486e+00
    1.21544909e+00 -5.68442404e-01 1.53277612e+00 -2.67104149e-01
    3.86053860e-01 -7.49904633e-01 6.61915660e-01 -5.21468520e-01
    7.12028623e-01 6.63268328e-01 8.20400119e-01 1.51791275e-01
    6.10736787e-01 -7.73317814e-02 -5.86330891e-03 1.68629742e+00
    -3.26726645e-01 4.35629606e-01 1.28204203e+00 -1.36341810e-01
    -1.44117057e-01 2.44282663e-01 1.64232147e+00 1.01514351e+00
    6.39989436e-01 1.01420176e+00 2.82458007e-01 -5.56694031e-01
    1.48463631e+00 1.08195400e+00 -6.80718064e-01 1.09500337e+00
    9.74803090e-01 1.10784793e+00 7.55194426e-01 1.27892601e+00
    -3.83420914e-01 -4.84421134e-01 -4.79679525e-01 -9.60664749e-02
    3.48453045e-01 -3.05673748e-01 1.08949268e+00 1.56063080e+00
    8.26303601e-01 -5.25056899e-01 1.28342128e+00 1.93393707e-01
    -3.08263749e-01 1.24723697e+00 5.39268374e-01 -4.38690186e-02
    6.31693065e-01 1.73551440e+00 -5.80857038e-01 9.99651492e-01
    3.48704457e-01 1.48554218e+00 6.99761689e-01 -6.20116115e-01
    -2.14324057e-01 1.47809863e+00 3.15797031e-01 -3.77745539e-01
    4.90767300e-01 -4.06972617e-01 7.68016696e-01 3.48352313e-01
    3.89999747e-02 2.42010236e-01 1.10301971e+00 1.37562323e+00
    4.57289577e-01 1.41222465e+00 -5.83307922e-01 2.11718082e-02
    -3.90709043e-02 -3.52449417e-02 1.58354080e+00 1.45971620e+00
    5.58002710e-01 4.70173597e-01 -3.37688327e-01 -6.80073380e-01
    1.29185474e+00 6.82211220e-01 -3.98469210e-01 -1.95666850e-01
    -7.15843320e-01 2.68639266e-01 3.47405136e-01 1.68170094e+00
    4.94778216e-01 -7.15990126e-01 2.93880045e-01 1.80326259e+00
    1.76773536e+00 -6.13698781e-01 1.31434941e+00 2.75915861e-02
    -5.24387956e-02 1.53164840e+00 1.07764149e+00 1.19233942e+00
    1.59855545e+00 -8.78229141e-02 7.28163183e-01 9.95124876e-01
    1.56446457e+00 2.71278799e-01 -2.70227730e-01 1.38458633e+00
    1.07895207e+00 -1.02256358e-01 6.69431150e-01 7.58297622e-01
    -3.96725595e-01 5.20012617e-01 -5.76793551e-02 7.30818808e-01
    2.72762656e-01 5.47733545e-01 2.74699628e-01 5.39245307e-01
    1.72372031e+00 2.20784307e-01 1.55779052e+00 -1.33463323e-01
    -2.54837483e-01 -7.23139346e-01 -3.01575184e-01 1.56310976e-01
    1.74508500e+00 1.65902948e+00 -5.91925740e-01 1.86533988e-01
    1.05868423e+00 1.54934704e+00 7.33754039e-02 -5.06895065e-01
    -9.53623056e-02 1.56888223e+00 8.65008354e-01 -3.99328262e-01
    3.43229175e-01 1.51231170e+00 7.08943486e-01 -1.88028634e-01
    1.63807797e+00 -1.57869518e-01 -3.53628665e-01 -1.32753134e-01
    1.20644915e+00 9.53716636e-02 1.37152290e+00 5.10407031e-01
    3.71011376e-01 1.25899982e+00 -4.29390669e-02 3.34529877e-02
    4.64802384e-01 -3.88695210e-01 -4.50540960e-01 1.58139312e+00
    -1.54394805e-01 -6.50222361e-01 1.06755292e+00 4.57205892e-01
    3.04191887e-01 -5.73941171e-01 1.20185041e+00 3.97857964e-01
    1.76523077e+00 -4.33137655e-01 -3.36197942e-01 -3.40022355e-01
    -6.46741986e-01 -6.44210100e-01 -3.65585685e-01 1.53452635e+00
    5.98631322e-01 -5.40408552e-01 4.17313397e-01 -2.51525849e-01
    -1.33944213e-01 1.01055384e+00 -1.86168492e-01 -1.46245420e-01
    1.33978415e+00 2.88803101e-01 7.66450822e-01 2.02502549e-01
    -2.00500727e-01 7.01195598e-01 -4.36832309e-02 8.56382668e-01
    6.98934197e-02 1.02262688e+00 7.34489501e-01 3.02541852e-01
    1.63281512e+00 1.44042563e+00 -3.69216323e-01 1.23590350e-01
    1.30279565e+00 -3.59197617e-01 7.18315721e-01 1.71480739e+00
    1.57196712e+00 8.31215441e-01 3.75918806e-01 -3.31458569e-01
    7.80759811e-01 -1.20645642e-01 9.99072492e-01 4.61786449e-01
    1.86267412e+00 -5.67927539e-01 8.93377721e-01 -1.08907640e-01
    2.64295101e-01 8.36609840e-01 1.22618890e+00 1.28072083e-01
    1.43298459e+00 1.29152548e+00 4.14333761e-01 7.95448422e-02
    8.06167126e-01 1.70954192e+00 8.63934219e-01 1.27339900e+00
    -4.15468544e-01 1.55400825e+00 1.42982924e+00 1.25666356e+00
    6.58743978e-01 2.10295498e-01 4.26658392e-01 3.05775821e-01
    2.43109643e-01 6.20620131e-01 -7.43617654e-01 -6.68965280e-01
    1.16731238e+00 4.58424449e-01 1.02260804e+00 -4.60425079e-01
    2.18476772e-01 6.30036712e-01 1.46247780e+00 -1.64669216e-01
    8.11826825e-01 7.88488567e-01 2.87992954e-02 -4.59454745e-01
    8.12030613e-01 -4.24780935e-01 -4.82319295e-01 1.28867686e+00
    1.37756324e+00 -1.51730955e-01 1.65744352e+00 8.69074941e-01
    7.23276019e-01 1.29918694e+00 9.19115424e-01 -2.10196793e-01
    8.00076067e-01 1.39162016e+00 7.92769790e-02 1.61766112e+00
    -6.19035542e-01 5.07652044e-01 -4.53694165e-01 7.44781792e-01
    -1.50550306e-01 1.00547242e+00 1.49493849e+00 1.47077465e+00
    1.21422231e+00 1.56582212e+00 -1.08566284e-01 -6.90460801e-01
    4.92267668e-01 1.23313010e+00 -4.12980735e-01 -4.84933794e-01
    -3.19792479e-01 6.90630198e-01 8.05185795e-01 -1.32541597e-01
    5.99628389e-01 1.34908485e+00 -3.22633207e-01 -4.22337860e-01
    8.13625038e-01 -5.71540892e-01 7.25610137e-01 -4.32761908e-02
    3.72707248e-01 8.30999076e-01 5.03795207e-01 -5.08131385e-02
    1.29360557e-02 -3.45007896e-01 7.04016507e-01 1.16075110e+00
    1.66136146e-01 6.41025484e-01 -3.77530038e-01 1.42065716e+00
    -2.36107647e-01 5.56430936e-01 1.25732005e+00 -4.53900576e-01
    -3.67684484e-01 1.35530257e+00 3.77581894e-01 8.08816433e-01
    -1.99095130e-01 1.13348675e+00 -1.95342004e-01 4.73041177e-01
    5.11360407e-01 1.16187215e+00 -5.72111726e-01 1.24384582e+00
    -6.15530849e-01 1.00718474e+00 1.20345712e-01 -5.67615390e-01
    -2.87463784e-01 1.58860636e+00 1.12743425e+00 1.39292979e+00
    9.96458173e-01 1.44131351e+00 4.76128161e-01 -4.86114860e-01
    5.32609284e-01 -4.82497871e-01 1.11195946e+00 7.11262643e-01
    7.51152694e-01 7.02395022e-01 1.11622667e+00 1.19549465e+00
    -1.56351745e-01 -5.65651059e-01 3.92751753e-01 -2.69184202e-01
    1.57811582e-01 1.05974412e+00 3.14112723e-01 1.54265749e+00
    -9.01429057e-02 1.67314076e+00 -1.48029387e-01 1.66377091e+00
    1.51286530e+00 -4.03917372e-01 1.50789452e+00 1.10242546e+00
    -2.80114830e-01 1.58048129e+00 -5.60212314e-01 7.38824069e-01
    1.65125060e+00 1.21328759e+00 5.88839531e-01 4.65837419e-01
    1.27224946e+00 1.55869794e+00 1.24388838e+00 -8.07212591e-02
    -6.88579679e-02 -5.93985736e-01 4.46033478e-02 3.36356163e-01
    -3.52988064e-01 4.21087325e-01 4.10191238e-01 -4.91915345e-02
    1.19857872e+00 2.43832827e-01 7.45817840e-01 1.79508543e+00
    -2.16297030e-01 3.00693631e-01 -3.53236735e-01 3.26087594e-01
    9.24484789e-01 1.55691528e+00 9.28159118e-01 -2.46871293e-01
    6.62811637e-01 5.67278504e-01 5.20251870e-01 -1.56134486e-01
    6.39304936e-01 8.72354567e-01 1.09127188e+00 -3.44715625e-01
    3.36635113e-02 -2.66919494e-01 1.25676155e+00 1.20981336e-01
    7.35907316e-01 1.13743985e+00 1.99279666e-01 1.05918264e+00
    1.08505034e+00 -6.34296894e-01 -7.12292373e-01 -5.78297973e-02
    1.31227899e+00 -4.14790869e-01 4.57305193e-01 1.12482953e+00
    1.09156370e-02 1.38798547e+00 5.36052704e-01 1.21835411e-01
    -6.10778272e-01 1.14547706e+00 1.32453561e+00 -4.78294134e-01
    1.36187100e+00 1.06946874e+00 6.95898116e-01 -1.42523468e-01
    -7.28279650e-01 1.64236021e+00 1.73880410e+00 4.24107432e-01
    1.26429379e+00 1.29116702e+00 1.67540348e+00 3.51014376e-01
    6.44059241e-01 1.54316723e-01 7.79966354e-01 2.34396040e-01
    -3.84862661e-01 3.48917484e-01 -1.19106770e-02 7.10303783e-02
    2.52867341e-02 -1.44650459e-01 4.60226297e-01 1.69618595e+00
    1.47426629e+00 2.29092479e-01 5.28558671e-01 8.87917340e-01
    2.59044051e-01 1.95458412e-01 5.78805268e-01 -5.74707031e-01
    1.25042582e+00 -1.21337950e-01 -6.91007137e-01 5.73366463e-01
    4.88407850e-01 1.51357949e-01 -3.79354984e-01 1.08315969e+00
    7.63778031e-01 3.90225172e-01 7.03041971e-01 5.51636755e-01
    -6.39392138e-02 5.10635734e-01 -5.73505580e-01 1.86120510e-01
    4.17294860e-01 9.68981504e-01 6.43687546e-01 -4.36991870e-01
    1.15539491e-01 -3.04836929e-01 1.72261357e+00 1.42110670e+00
    2.02788591e-01 -2.27121770e-01 1.32475615e+00 -6.48989439e-01
    -3.55062485e-01 7.75380552e-01 1.08321655e+00 -7.58532763e-01
    -4.17055190e-01 3.94422233e-01 8.60329092e-01 1.23352373e+00
    1.07650661e+00 3.54809761e-02 1.63404143e+00 7.70336509e-01
    1.67236507e-01 -2.26921678e-01 -3.11925650e-01 1.04945064e+00
    6.89982772e-01 2.96522498e-01 1.06699896e+00 1.59795952e+00
    4.68949139e-01 1.34876513e+00 7.41827071e-01 -5.86623967e-01
    7.47703314e-01 -3.92269015e-01 8.25829089e-01 -2.87299752e-02
    9.85429108e-01 1.43419504e+00 1.18648076e+00 3.34871292e-01
    3.45767677e-01 2.97619224e-01 5.94678223e-01 1.65012527e+00
    9.64370728e-01 -3.13069820e-02 7.25439668e-01 -1.08517408e-01
    6.59283996e-02 -3.39592159e-01 7.75969684e-01 -1.63092852e-01
    1.48661256e-01 7.23276138e-01 6.16913795e-01 -6.93684220e-01
    1.38433754e+00 5.25115550e-01 -4.24252838e-01 -8.44210386e-03
    1.94718838e-02 4.45572555e-01 1.84181869e-01 -7.00081706e-01
    -5.77682257e-01 1.79216790e+00 -2.03984976e-01 1.65241909e+00
    1.50201213e+00 1.94684863e-01 9.89636660e-01 -2.51332462e-01
    1.47184587e+00 1.45540047e+00 8.99566650e-01 1.00876915e+00
    1.24119496e+00 8.58087122e-01 -2.33134985e-01 1.32419109e+00
    5.91232300e-01 1.16322088e+00 -3.65892112e-01 1.23195648e-01
    -5.76144338e-01 1.57353568e+00 1.11342263e+00 -4.26389158e-01
    -3.59651923e-01 -6.83980703e-01 3.67399096e-01 1.31324553e+00
    1.67502058e+00 8.06344986e-01 1.30455303e+00 1.54048467e+00
    -7.24155188e-01 4.02284265e-01 1.39590287e+00 6.78677082e-01
    3.20429683e-01 1.76813006e-02 6.76537275e-01 -5.63578248e-01
    5.11804581e-01 3.28275323e-01 -2.09244132e-01 1.03815389e+00
    -2.69449770e-01 -1.18887842e-01 1.67433953e+00 6.14000440e-01
    -7.47039318e-01 5.63622177e-01 3.80609214e-01 6.81647062e-01
    4.75012600e-01 4.54511881e-01 -2.68088937e-01 1.27288866e+00
    1.74257016e+00 -5.12121975e-01 6.94855869e-01 -3.81084800e-01
    -3.09084445e-01 -5.15039384e-01 3.79470527e-01 1.72453904e+00
    -3.17947298e-01 -1.34850562e-01 5.34500778e-01 1.14049745e+00
    4.01245952e-01 -4.08149272e-01 -4.47846025e-01 -3.00284773e-01
    6.26640618e-01 1.59472227e-01 2.34200418e-01 7.57260442e-01
    1.12658167e+00 1.66348195e+00 4.81862426e-01 -4.63664711e-01
    1.66548753e+00 1.08138025e-01 6.93688393e-01 1.37145245e+00
    2.20751047e-01 1.71002030e-01 3.36397350e-01 6.46052659e-01
    5.78434110e-01 1.53910422e+00 1.65648890e+00 1.53473020e+00
    4.16090131e-01 1.06505370e+00 1.21196985e+00 -4.08457339e-01
    1.39094591e-02 -6.04674459e-01 -1.12658083e-01 1.24336255e+00
    1.36985469e+00 1.79605806e+00 -7.29678690e-01 7.98779130e-02
    8.73917282e-01 3.65760565e-01 1.30014896e+00 8.53451788e-01
    -9.00927782e-02 1.64380467e+00 2.70495594e-01 -2.96015620e-01
    1.67781544e+00 4.02163744e-01 1.29966927e+00 2.07997561e-01
    1.68891788e+00 4.28086519e-02 -5.03642142e-01 1.02114105e+00
    1.05422223e+00 -4.65799421e-01 5.01521111e-01 -2.56117284e-01
    1.71142197e+00 -1.97472572e-02 -3.53073776e-01 5.88740885e-01
    6.27971530e-01 -3.16955030e-01 -4.60542232e-01 1.46527708e+00
    -4.43442971e-01 1.34462476e+00 -1.46034360e-02 2.76222169e-01
    -4.10090089e-02 1.19971824e+00 -7.79769421e-02 1.00319862e+00
    1.31132364e-01 1.44496918e-01 1.50785649e+00 -4.60868746e-01
    1.20027244e+00 1.15475392e+00 -3.50801796e-01 1.15941739e+00
    -7.17413545e-01 5.10865450e-01 2.18464196e-01 1.23176014e+00
    -2.55409479e-02 7.07286298e-01 8.80546868e-01 -4.39338565e-01
    -1.74397022e-01 3.90772223e-01 6.80244565e-01 9.36532021e-03
    1.65068495e+00 1.18515348e+00 1.43448639e+00 3.56669068e-01
    -7.48337030e-01 -3.60628724e-01 1.63648355e+00 -2.19442666e-01
    1.60888267e+00 1.19648743e+00 6.72177672e-01 -6.77662849e-01
    1.48510790e+00 1.96624279e-01 1.25394952e+00 1.00363910e-01
    -4.32079762e-01 4.84400988e-02 -3.93252462e-01 -1.31428838e-01
    2.19891429e-01 -6.87656343e-01 1.26371264e-01 1.02212369e-01
    9.63175893e-02 -6.06088638e-01 -4.54568148e-01 4.67200756e-01
    1.33476233e+00 -3.90317976e-01 -6.78253055e-01 -3.01970094e-01
    -2.67892480e-02 -2.98514843e-01 1.48110247e+00 -5.39208055e-02
    5.07592976e-01 1.62104940e+00 1.01800466e+00 -3.68366599e-01
    1.24105322e+00 5.96133590e-01 1.35290146e+00 -1.07135713e-01
    1.20454502e+00 2.85012662e-01 3.51284742e-01 1.17110395e+00
    -2.73225307e-02 -4.53734010e-01 1.60958219e+00 -8.07433128e-02
    8.28892291e-01 1.34193540e+00 -6.05187178e-01 7.94498205e-01
    1.37375021e+00 -2.71349788e-01 1.31582618e-01 -1.72995448e-01
    -2.60226518e-01 1.19574094e+00 -2.56832242e-01 -2.27099299e-01
    3.31901550e-01 -2.58732826e-01 7.81891525e-01 -4.58054423e-01
    3.32848251e-01 1.40994787e-01 9.96498168e-01 1.57810140e+00
    -6.68512881e-01 1.42065883e-01 7.75755167e-01 -3.64725560e-01
    -5.40875196e-02 2.10500121e-01 -2.36554980e-01 1.49938238e+00
    4.84034479e-01 7.99340725e-01 1.11224747e+00 1.45417714e+00
    1.65370417e+00 -4.78401691e-01 1.53608537e+00 1.73644876e+00
    8.40910614e-01 1.60709381e+00 1.63959062e+00 7.37424314e-01
    1.28316379e+00 7.39910185e-01 8.09687674e-01 8.56687069e-01
    8.07143271e-01 1.52453041e+00 1.65060258e+00 5.79495549e-01
    8.23085070e-01 3.56452525e-01 -3.00733536e-01 9.58821177e-02
    -6.62023902e-01 8.02327871e-01 6.80529058e-01 1.16164374e+00
    -6.14628792e-02 1.26889312e+00 -5.98473907e-01 -1.06161594e-01
    1.40368962e+00 -5.23448527e-01 -4.79349732e-01 7.37118721e-01
    1.15045190e+00 -3.14974815e-01 1.10826397e+00 1.63297868e+00
    8.27385366e-01 1.15098965e+00 -1.72416925e-01 2.74137676e-01
    1.17329192e+00 9.00919855e-01 1.17687583e+00 -3.46985042e-01
    2.43458986e-01 1.66500258e+00 1.46956134e+00 4.12358880e-01
    6.87275648e-01 8.67623806e-01 7.59654701e-01 7.94308186e-01
    1.63071036e+00 -7.27934957e-01 1.29580736e+00 4.47187185e-01
    -6.86336994e-01 -6.32496417e-01 6.84857011e-01 -1.15318537e-01
    6.51656151e-01 -9.36675072e-03 7.28110194e-01 -4.35942054e-01
    1.25222516e+00 -5.43984294e-01 9.40140188e-01 5.68930686e-01
    8.93968880e-01 6.22972727e-01 5.96608341e-01 -5.47731400e-01
    1.83173025e+00 1.45363712e+00 7.94395924e-01 1.65893376e+00
    -5.65350354e-01 1.70977712e-02 8.94786060e-01 -5.73049784e-02
    1.67986846e+00 9.59395111e-01 1.61205101e+00 1.49372077e+00
    -2.07964182e-02 -7.45689869e-03 -5.53794026e-01 -7.56373107e-01
    1.43429399e+00 1.43346906e+00 8.44843984e-02 6.61959171e-01
    1.61386704e+00 -7.50574708e-01 1.54909968e+00 3.39895248e-01
    6.33447707e-01 1.47304714e+00 9.36446846e-01 2.46964514e-01
    -5.28078198e-01 3.38502526e-01 -2.63000429e-01 1.46513391e+00
    1.09274089e+00 2.43487895e-01 -1.90893710e-01 -2.74347544e-01
    1.77593851e+00 9.59227860e-01 7.02795923e-01 -5.42712271e-01
    6.28596544e-01 4.26741123e-01 -5.46772838e-01 1.46486831e+00
    4.14501667e-01 1.00792980e+00 4.95498836e-01 1.65522373e+00
    -3.55316281e-01 1.63683152e+00 1.46260166e+00 1.52233911e+00
    9.41374063e-01 6.49818242e-01 -4.05451953e-01 1.30403709e+00
    5.46168327e-01 3.06296229e-01 9.77513015e-01 8.39294970e-01
    -1.09850883e-01 1.54108119e+00 1.21894860e+00 1.54215443e+00
    1.45524061e+00 1.47261739e+00 4.34811592e-01 5.68801165e-03
    -1.00243866e-01 -4.12509173e-01 1.38782823e+00 4.36801910e-01
    8.22825134e-01 -5.35360694e-01 3.42619419e-01 2.13327527e-01
    -3.05162340e-01 1.63331783e+00 1.56673658e+00 1.36613965e+00
    1.08796895e-01 1.77506888e+00 1.61261678e+00 1.06944609e+00
    7.60296762e-01 1.20034170e+00 -3.70382488e-01 -3.01214069e-01
    -3.45175862e-01 1.23331499e+00 1.17015171e+00 -9.52428579e-02
    3.01792681e-01 -5.44141233e-01 1.07187152e+00 3.69943440e-01
    -3.69220704e-01 1.11239707e+00 6.22972369e-01 -2.65197337e-01
    -1.65003896e-01 -5.57298124e-01 1.70146430e+00 1.65946198e+00
    3.01603079e-02 1.83173001e-01 6.07369006e-01 -5.29274940e-01
    2.75476575e-01 -1.40691996e-01 -4.33750600e-01 1.44591761e+00
    1.69311047e+00 5.16970515e-01 -6.05295837e-01 9.04036880e-01
    4.83437419e-01 6.14332557e-01 -4.50146466e-01 1.64791465e+00
    6.91314697e-01 1.25183058e+00 1.63887513e+00 6.97456837e-01
    1.62661016e-01 -5.01003861e-02 5.58086634e-01 -3.92273068e-02
    1.78435516e+00 5.26688457e-01 -2.84969807e-04 -7.47044265e-01
    9.75682080e-01 1.71426177e-01 7.50163555e-01 1.70254040e+00
    3.74992132e-01 1.19922042e+00 1.10548615e+00 3.56366634e-01
    1.70293450e-02 9.71969068e-01 -4.89744246e-01 3.77494752e-01
    8.02808940e-01 -2.38683760e-01 3.95290196e-01 2.83785164e-01
    6.88119113e-01 -4.05912369e-01 3.42845857e-01 6.14962637e-01
    9.22409534e-01 -5.93661964e-01 1.08377516e+00 -4.48700488e-01
    -1.20747685e-01 1.05177474e+00 -2.79477328e-01 1.74828041e+00
    -2.36631066e-01 9.58017588e-01 8.03644955e-01 1.54840517e+00
    1.73883617e+00 1.26847684e-01 1.08498693e-01 -5.61557174e-01
    8.32643807e-01 -2.17568874e-03 1.14749122e+00 1.38620925e+00
    1.11462557e+00 4.04720366e-01 -3.34746540e-01 -6.27951026e-02
    3.82748246e-02 4.30768907e-01 -3.08132082e-01 1.02922559e-01
    -5.32772660e-01 4.62644041e-01 1.35533690e+00 1.35929990e+00
    1.22526288e+00 -7.56286502e-01 -7.96286404e-01 7.08111823e-01
    1.23725343e+00 1.66424131e+00 -4.69389200e-01 -7.26912558e-01
    1.16895556e-01 1.66242063e+00 1.11215186e+00 -5.00312448e-01
    5.47194779e-01 4.69152927e-01 1.42369807e-01 -1.27097845e-01
    1.66156971e+00 -1.42122209e-01 1.13718271e+00 1.59411514e+00
    8.50008368e-01 -3.72188002e-01 5.44750690e-01 1.37128532e-01
    -4.20013666e-02 8.29002917e-01 7.29507565e-01 1.59730434e-01
    1.78906703e+00 1.26031065e+00 8.27511013e-01 -6.83628917e-01
    1.76548171e+00 7.83977270e-01 -6.41052544e-01 1.57329106e+00
    1.26925325e+00 9.82750833e-01 -7.48404860e-01 1.17278218e+00
    6.16994798e-01 1.65296674e+00 8.47138226e-01 1.06050503e+00
    1.61253023e+00 1.52607203e+00 7.52868056e-01 -2.67214477e-01
    -5.84185719e-02 1.16438448e-01 2.45026946e-01 1.30735493e+00
    1.58511353e+00 3.02921414e-01 1.81585717e+00 1.38248074e+00
    1.47982252e+00 -7.07352042e-01 1.13946724e+00 8.32107961e-01
    1.09846663e+00 9.74614561e-01 -4.76246774e-01 1.53765273e+00
    1.40723586e+00 1.44504273e+00 9.24935281e-01 8.84577751e-01
    -1.14331365e-01 1.52878857e+00 1.42344451e+00 -7.09125161e-01
    -1.43979609e-01 -3.02538246e-01 -3.55815470e-01 -3.77553463e-01
    -4.79243875e-01 -5.64130306e-01 1.54478574e+00 -3.00759226e-01
    -4.92569804e-02 1.21004200e+00 1.73958611e+00 -6.60166383e-01
    4.40640986e-01 2.18665719e-01 4.49698806e-01 1.07443619e+00
    1.15268791e+00 5.89964151e-01 7.85785615e-01 -3.31573874e-01
    9.47485864e-01 5.15048087e-01 1.24275732e+00 7.99031496e-01
    2.82704055e-01 -8.14441502e-01 8.07042003e-01 1.01995683e+00
    1.24278331e+00 6.16377950e-01 -6.52393937e-01 1.66135764e+00
    -5.37687719e-01 9.60366845e-01 1.26204383e+00 7.99436390e-01
    7.45957136e-01 1.31346047e+00 8.52330804e-01 8.77155185e-01
    1.46994615e+00 5.37795424e-01 -6.07585430e-01 2.35680938e-01
    7.54753888e-01 5.09349942e-01 1.31321299e+00 1.68019676e+00
    1.16242433e+00 -6.02385998e-01 -1.18962109e-01 1.16751957e+00
    2.33775795e-01 1.42106032e+00 7.42613316e-01 -6.32564783e-01
    1.39884186e+00 8.01650941e-01 7.29819059e-01 -3.77070487e-01
    2.97266066e-01 -4.64986652e-01 -3.64703983e-01 4.49676394e-01
    4.04325426e-01 -7.08970726e-01 1.66487837e+00 9.91231441e-01
    7.51949430e-01 1.39607596e+00 2.46671259e-01 6.02025270e-01
    4.50193763e-01 2.44778514e-01 1.00902033e+00 -6.05088413e-01
    1.52323556e+00 5.50870895e-01 -1.02821231e-01 2.43879437e-01
    3.62825990e-02 -9.11991596e-02 1.68721890e+00 8.41893137e-01
    -1.31818652e-01 7.84173071e-01 8.71336460e-02 1.39761198e+00
    3.14957261e-01 9.74238217e-01 4.51508880e-01 1.69782376e+00
    -7.55647004e-01 -4.39550757e-01 -2.17849076e-01 -1.26133382e-01
    -3.54710490e-01 1.69183874e+00 9.83143628e-01 1.32903779e+00
    -6.90097272e-01 1.03113341e+00 8.28722715e-01 1.15835524e+00
    7.01684594e-01 2.45557308e-01 -1.21063292e-01 1.70249963e+00
    -1.35488451e-01 -4.45585847e-01 1.27084208e+00 1.73072290e+00
    8.66286099e-01 8.27554405e-01 1.67630935e+00 6.51903391e-01
    1.76813424e-01 4.54747081e-02 3.33885014e-01 7.71243334e-01
    2.28970885e-01 6.49241745e-01 -2.24740803e-01 1.13463187e+00
    1.73342967e+00 7.09090769e-01 9.15770471e-01 1.31657147e+00
    1.82361996e+00 1.26649451e+00 -4.01023626e-01 1.15219355e-02
    4.33536351e-01 -2.15495825e-02 1.48520851e+00 3.84660542e-01
    5.44533432e-01 1.02403235e+00 3.87454689e-01 9.41025257e-01
    1.50742316e+00 7.37530291e-01 -2.54441321e-01 5.05081415e-01
    -4.38760430e-01 1.75466752e+00 3.27732563e-01 -5.72148204e-01
    5.83892107e-01 9.53832746e-01 1.15574455e+00 8.46468091e-01
    -3.15724403e-01 1.47683930e+00 1.34514606e+00 1.40917838e-01
    8.26322675e-01 1.15634966e+00 -1.12191260e-01 7.00438738e-01
    4.38408315e-01 6.18707597e-01 -2.46713877e-01 -5.91912806e-01
    6.15767777e-01 -2.06702232e-01 1.61498213e+00 1.53811884e+00
    5.78897417e-01 1.46705294e+00 1.64354372e+00 5.44132710e-01
    7.84201086e-01 4.07181799e-01 1.66873622e+00 1.65003717e-01
    8.06459725e-01 1.39876580e+00 -5.89572012e-01 4.26860273e-01
    -5.78291416e-02 1.54858398e+00 7.95284271e-01 8.93298924e-01
    -4.45732385e-01 6.51481152e-02 -5.02632260e-01 -3.14330488e-01
    6.89552426e-01 -3.05921227e-01 2.33235240e-01 1.04153514e-01
    5.42813301e-01 1.34439766e+00 1.41028023e+00 3.74402344e-01
    8.96085560e-01 2.11644948e-01 2.54230022e-01 -5.46381831e-01
    -2.87304997e-01 1.30267572e+00 2.29566097e-01 1.19804132e+00
    4.93591428e-01 1.07148290e+00 -7.08307862e-01 -7.33189464e-01
    1.58715689e+00 -6.11816168e-01 3.08438838e-01 5.95543265e-01
    7.30906785e-01 5.86966395e-01 -2.49400079e-01 8.80641162e-01
    1.73246062e+00 6.84175134e-01 1.32425737e+00 1.27593541e+00
    1.33993018e+00 1.18349934e+00 -5.22846818e-01 2.81356633e-01
    1.03919804e-01 -7.32284963e-01 -5.40783525e-01 6.22638285e-01
    1.44406533e+00 7.22556114e-02 2.73208439e-01 1.47914898e+00
    1.62791717e+00 -3.17326486e-01 8.93954277e-01 2.28574932e-01
    1.37953269e+00 4.97157753e-01 -5.18979549e-01 1.02869940e+00
    -2.78198630e-01 -5.43939471e-02 4.09699619e-01 1.63027978e+00
    1.08430803e+00 2.85134256e-01 1.38710713e+00 1.57730103e+00
    -2.29581654e-01 1.34576142e+00 -7.15731978e-02 -3.84311080e-01
    -1.48909926e-01 6.29730701e-01 -1.65724754e-01 1.59265912e+00
    -6.66842759e-01 1.28972042e+00 1.26786864e+00 7.36302137e-02
    1.64454830e+00 -3.21596473e-01 -6.08924627e-01 -2.81835347e-01
    4.05778289e-02 3.74087155e-01 1.28201246e-01 4.20578718e-02
    2.94426501e-01 -3.85405481e-01 -3.39041293e-01 -7.66666055e-01
    1.69397473e-01 -3.33561927e-01 1.78629494e+00 -3.82570565e-01
    -7.97009110e-01 4.72000897e-01 -2.24180818e-02 -7.93367028e-02
    1.51548636e+00 6.91205144e-01 8.97314131e-01 1.01776242e-01
    6.71813071e-01 -5.60980797e-01 1.68289292e+00 -2.56225109e-01
    6.87203228e-01 9.23007727e-02 5.58082163e-01 1.76511049e-01
    1.34637332e+00 -4.36449230e-01 -1.95839763e-01 -5.45579612e-01
    1.62975717e+00 8.18426609e-01 -4.24371004e-01 -2.44328082e-01
    1.46085882e+00 4.39074457e-01 1.06226540e+00 2.85441935e-01
    -3.42246294e-01 -4.43175435e-02 -5.72863638e-01 -1.90987706e-01
    9.76528704e-01 8.49604666e-01 5.19021392e-01 -2.25844294e-01
    -5.60597062e-01 -6.65260911e-01 3.21672201e-01 6.84360683e-01
    9.82834101e-01 9.35513973e-01 -1.61818385e-01 6.54796720e-01
    -2.36362398e-01 1.09473586e+00 1.00334597e+00 -1.92211866e-01
    1.15457511e+00 8.56284857e-01 3.72508526e-01 1.41469288e+00
    -4.26307559e-01 2.77523339e-01 1.37041128e+00 -4.24421638e-01
    5.46473086e-01 -5.32399237e-01 -6.22674227e-01 1.48085976e+00
    6.04280233e-02 -3.25970232e-01 3.87127578e-01 2.67437577e-01
    -2.90333122e-01 2.52958477e-01 -1.41396999e-01 1.30464745e+00
    -3.02781165e-01 8.59625101e-01 3.73385310e-01 1.40143907e+00
    -1.89869404e-01 7.11082101e-01 6.97723091e-01 -1.11966729e-01
    9.12455320e-02 1.22000885e+00 -1.95786536e-01 6.52697146e-01
    -2.64203548e-02 -2.28654981e-01 1.71552706e+00 1.42866588e+00
    9.23971057e-01 2.99802780e-01 6.46585822e-02 5.48623562e-01
    -1.40771270e-02 5.73673546e-01 1.25851035e-01 -1.73964322e-01
    3.49847198e-01 1.77695251e+00 6.72311604e-01 1.47438049e-03
    1.47176862e+00 -5.27711451e-01 4.15735781e-01 -1.73034072e-02
    9.28527772e-01 6.97730303e-01 -4.59809303e-02 1.12424719e+00
    1.13478720e-01 1.30042124e+00 -3.97187293e-01 1.67350292e+00
    1.71448469e+00 -6.39443338e-01 1.84531915e+00 1.25545526e+00
    -5.46345770e-01 1.50288761e-01 1.21008158e-02 -4.58220899e-01
    -7.10600197e-01 -9.44775939e-02 -7.06275582e-01 6.85676932e-02
    -3.62116843e-01 4.00459707e-01 1.64507985e+00 1.28847563e+00
    5.72389126e-01 3.15378487e-01 2.33277380e-01 -2.20973849e-01
    3.87385249e-01 1.59233570e-01 1.11382246e-01 3.53557169e-01
    1.75035119e+00 3.14736366e-03 6.12880349e-01 6.40407026e-01
    -4.22614664e-01 7.96925128e-01 -1.60952389e-01 1.48025632e+00
    -3.67622375e-02 6.62374496e-03 5.40688455e-01 -1.18421018e-01
    1.55216551e+00 4.86854434e-01 -1.30279660e-02 -2.18438447e-01
    -3.47525358e-01 1.58995950e+00 1.11210406e+00 -4.16665405e-01
    -8.60034525e-01 1.40456176e+00 5.80224633e-01 -4.30789798e-01
    1.58615565e+00 -3.15753669e-01 1.50203764e+00 -6.74267173e-01
    1.02712536e+00 1.35781944e+00 1.44044268e+00 -5.67821264e-01
    -7.67735958e-01 2.70547271e-01 8.72723222e-01 -5.26081622e-01
    4.92358685e-01 1.25495172e+00 -6.81708872e-01 -1.18625462e-01
    6.01548612e-01 -4.60480094e-01 1.59218752e+00 -5.37461042e-01
    6.60229385e-01 8.32048774e-01 -3.53534400e-01 -1.16852939e-01
    -3.94632846e-01 3.54293168e-01 6.54100358e-01 -1.39252841e-01
    5.64029813e-02 9.69590724e-01 5.60058057e-01 -1.25703990e-01
    1.66768444e+00 6.12246513e-01 -3.31044495e-01 3.94603908e-01
    -3.60908777e-01 1.03148890e+00 -6.31539226e-02 1.05499983e-01
    4.28982973e-02 -5.92016399e-01 -3.00102353e-01 6.85665905e-01
    -6.95320547e-01 9.94791687e-01 1.24359858e+00 8.40066671e-02
    5.22292793e-01 -4.77479190e-01 9.23825979e-01 -1.15648270e-01
    -1.72503650e-01 9.49349999e-01 -2.59027898e-01 -4.54074621e-01
    1.01703942e+00 -2.22892582e-01 1.48521769e+00 -2.13200450e-01
    -2.71772683e-01 5.50931573e-01 1.22859061e+00 1.05287647e+00
    -5.83973885e-01 -2.55058348e-01 1.57388592e+00 8.39118123e-01
    1.42777753e+00 4.84213352e-01 -8.97065818e-01 1.12323308e+00
    -3.61619055e-01 5.22027016e-01 1.10325527e+00 1.00408638e+00
    1.36621046e+00 4.18054104e-01 1.05257034e-01 1.08935952e+00
    4.78861630e-01 1.14633393e+00 5.41603148e-01 -6.11516953e-01
    -1.92814767e-01 -1.20207608e-01 -6.33710027e-01 -2.44316399e-01
    7.93982387e-01 -6.98049963e-01 9.22524929e-01 3.48912835e-01
    6.76013768e-01 9.77735221e-01 1.46635115e+00 1.65732002e+00
    -3.78695190e-01 -5.37145495e-01 -4.28210914e-01 1.25944018e-01
    -2.94336915e-01 1.06128585e+00 1.60215259e-01 6.51392937e-01
    1.50303245e+00 1.47390664e-01 7.34625340e-01 2.37941682e-01
    8.66456330e-01 -5.63133597e-01 3.18161786e-01 3.83976161e-01
    1.50549650e+00 1.31702614e+00 1.13402116e+00 7.82638490e-01
    2.50301003e-01 1.42881942e+00 5.13919890e-01 1.57619619e+00
    1.13409936e+00 -4.54899460e-01 1.05112934e+00 1.33747363e+00
    1.64870954e+00 -5.62855542e-01 -3.26186717e-01 9.45865929e-01
    -4.11964983e-01 1.22711658e+00 -3.90647560e-01 8.44538987e-01
    4.52168763e-01 -4.61843729e-01 1.50109410e-01 -2.21211106e-01
    -2.49544412e-01 2.74688840e-01 -5.47863841e-02 1.60958755e+00
    1.26571274e+00 1.17495227e+00 1.61895001e+00 1.20128918e+00
    2.95230925e-01 -3.69049579e-01 1.74444139e-01 1.72800446e+00
    5.70489883e-01 1.09699655e+00 -5.07787645e-01 1.18166924e+00
    1.72506571e+00 2.05442846e-01 -2.52051473e-01 3.63556087e-01
    -4.29627925e-01 3.21818054e-01 -6.98408544e-01 7.90281236e-01
    1.40590608e+00 9.89399433e-01 -5.38382232e-01 1.01117182e+00
    -3.29585880e-01 1.31124389e+00 1.75989091e-01 -4.13003862e-01
    6.57375276e-01 3.87023687e-02 1.08475590e+00 1.32608998e+00
    -2.69847333e-01 1.81138229e+00 1.41576290e-01 7.41878927e-01
    1.87857831e+00 -5.79815984e-01 8.38266850e-01 1.66237795e+00
    -7.53276706e-01 7.93254614e-01 2.10803688e-01 -4.63999599e-01
    1.01700783e+00 9.15029526e-01 -2.52601385e-01 1.38407993e+00
    1.16294158e+00 3.91000450e-01 9.00116444e-01 -5.18955588e-02
    1.29162109e+00 3.97484004e-01 -2.69658625e-01 8.90370548e-01
    1.03680730e+00 -3.82489979e-01 1.64057612e+00 7.03926027e-01
    2.21255481e-01 -4.93705273e-03 -6.74255073e-01 2.61989713e-01
    1.69692576e-01 -3.57495338e-01 -7.42106915e-01 4.09173608e-01
    3.60164285e-01 6.04909122e-01 1.05050182e+00 8.46743941e-01
    1.44236696e+00 1.38731575e+00 -4.36775565e-01 7.60034919e-01
    -2.53766298e-01 -4.96958554e-01 1.26150024e+00 1.08259737e+00
    -7.27151871e-01 1.23170805e+00 1.28579092e+00 1.42682600e+00
    1.28267825e+00 7.74554610e-02 1.11059201e+00 5.82002282e-01
    8.32004011e-01 1.71475720e+00 3.44191551e-01 9.65443552e-01
    -2.22276926e-01 7.98960924e-02 -6.16346419e-01 1.41814423e+00
    1.21898365e+00 -3.76190484e-01 -4.52989161e-01 4.69881237e-01
    1.77707660e+00 -8.68219137e-02 1.53416491e+00 -1.99535638e-01
    3.86786938e-01 8.38133574e-01 6.74289882e-01 6.17274821e-01
    1.18471313e+00 5.73953688e-01 1.58414936e+00 1.51472938e+00
    7.12246954e-01 -9.52416658e-03 4.09719050e-01 1.69361281e+00
    1.65964437e+00 -3.91617507e-01 6.99613452e-01 1.15571284e+00
    3.27454686e-01 9.88880038e-01 1.52414703e+00 2.68487155e-01
    1.17689490e+00 3.30386758e-01 3.83657098e-01 1.43931627e+00
    8.50450337e-01 1.10323763e+00 4.61593032e-01 -2.77659655e-01
    2.06913352e-01 1.74139023e+00 2.31879532e-01 4.39408958e-01
    -4.93164599e-01 1.12400091e+00 1.33684647e+00 9.18811142e-01
    8.64459872e-01 -2.20487475e-01 -2.46777534e-01 -2.84746259e-01
    6.14585042e-01 8.52549195e-01 1.32783103e+00 1.63976526e+00
    -2.50606954e-01 1.26627553e+00 8.06423903e-01 1.58919036e-01
    8.65279436e-01 4.05802906e-01 1.00246990e+00 3.61615419e-03
    6.00183964e-01 1.75953507e-02 1.24133170e-01 8.89841437e-01
    6.50973380e-01 4.82005417e-01 1.74254739e+00 -5.10724008e-01
    -2.99341321e-01 1.62077689e+00 4.96064126e-01 8.03082168e-01
    2.86584258e-01 1.63675964e+00 1.34014595e+00 1.11130881e+00
    8.16382170e-02 1.47123861e+00 -2.75927901e-01 1.63490260e+00
    -1.14812911e-01 7.65178680e-01 1.31539476e+00 -5.29431105e-01
    5.65785825e-01 1.28890061e+00 1.70716715e+00 8.42830300e-01
    4.97913480e-01 -7.85799980e-01 1.23581707e-01 4.85227764e-01
    1.36500525e+00 1.26915109e+00 9.05322790e-01 1.35232711e+00
    9.66437638e-01 1.47949934e+00 -2.17993081e-01 -6.33156478e-01
    9.56028759e-01 1.29102051e+00 -6.44608319e-01 1.05302715e+00
    9.45989609e-01 1.66940451e+00 8.03938925e-01 2.72260308e-01
    1.50168538e+00 -4.50713843e-01 8.34778488e-01 -2.53255606e-01
    1.80614257e+00 1.30864453e+00 -6.73193395e-01 -1.26509905e-01
    1.20934701e+00 1.30549347e+00 7.02754319e-01 6.45169497e-01
    -2.09707022e-03 -5.63156843e-01 1.03838825e+00 1.67088366e+00
    1.23083222e+00 -5.24429858e-01 -4.12546992e-02 3.82905185e-01
    5.50923049e-01 8.98859203e-01 6.55288517e-01 7.95098126e-01
    2.40360975e-01 -3.89069468e-01 1.26168847e+00 1.51739144e+00
    -5.85100234e-01 4.58516598e-01 -3.70826215e-01 3.58595967e-01
    -3.93021286e-01 -1.26796663e-01 3.95147562e-01 1.59500957e+00
    1.32613039e+00 -9.24519300e-02 -2.90309727e-01 1.23894548e+00
    -1.88402593e-01 1.29908919e-01 -4.30707723e-01 -6.26322150e-01
    1.86169553e+00 7.30320156e-01 -4.40782040e-01 1.15336156e+00
    1.57399964e+00 1.36749673e+00 -6.06968820e-01 9.99896228e-01
    -7.03926027e-01 -3.45659703e-01 8.14132750e-01 1.16772854e+00
    3.42192292e-01 1.01118112e+00 -1.75225735e-02 4.92325008e-01
    4.80656922e-01 5.49543083e-01 9.90900993e-02 1.05340219e+00
    5.60103774e-01 1.00328362e+00 1.04848790e+00 1.78157556e+00
    -6.70835018e-01 7.51026273e-01 1.92093134e-01 8.37544858e-01
    4.72486019e-02 1.42212272e-01 4.44329977e-02 1.12220716e+00
    -4.80181336e-01 -3.95322561e-01 9.45004940e-01 2.86401391e-01
    -7.70671368e-01 1.22305417e+00 1.58858776e+00 1.29096842e+00
    -9.14912820e-02 1.72312713e+00 1.54242373e+00 -4.51992989e-01
    4.98544157e-01 1.60878611e+00 -2.53367424e-03 7.75766730e-01
    1.34543514e+00 -5.02485633e-02 1.64399815e+00 1.41593790e+00
    -7.21941531e-01 -5.51219583e-01 1.08075786e+00 4.69307959e-01
    7.06867754e-01 -1.17582083e-01 -3.77116561e-01 -6.22160077e-01
    1.72504449e+00 -7.57080793e-01 3.31342340e-01 1.59055769e+00
    -5.93804717e-01 -6.19796395e-01 1.58219862e+00 6.78344131e-01
    3.61012995e-01 1.12514091e+00 6.94203794e-01 4.97626662e-01
    -2.95398891e-01 1.59676278e+00 9.53624308e-01 -7.81591177e-01
    -4.83720303e-01 -1.45644307e-01 -5.48103094e-01 -7.15616763e-01
    -1.99282408e-01 -5.49576938e-01 5.86836040e-01 -6.36991143e-01
    -3.62941027e-02 1.74019146e+00 9.58284974e-01 6.52887821e-01
    -8.68281126e-02 8.84411693e-01 1.25056195e+00 -4.99072105e-01
    4.81273532e-02 1.65926278e-01 8.34329128e-01 7.41311014e-01
    2.07939386e-01 1.70215201e+00 1.09063125e+00 1.38196564e+00
    9.14582670e-01 -4.28685337e-01 1.03700900e+00 -3.77819806e-01
    1.04442167e+00 1.40739441e+00 1.34342349e+00 -4.86067474e-01
    8.55450034e-01 -3.54618758e-01 7.40488887e-01 3.06002736e-01
    1.69935524e+00 7.38821089e-01 2.35513449e-02 7.26988316e-01
    1.34925687e+00 -2.78581142e-01 -6.84081137e-01 3.25914383e-01
    -7.64807224e-01 9.08851624e-03 1.34079134e+00 1.64731479e+00
    -2.78961837e-01 6.81958556e-01 7.25492060e-01 9.11250412e-01
    1.03905988e+00 7.52195954e-01 -6.73205376e-01 2.68318832e-01
    2.33357251e-01 1.80282557e+00 1.27225077e+00 1.03621626e+00
    -3.91720712e-01 -6.10039234e-01 5.85845530e-01 -4.21698689e-02
    -2.54259169e-01 1.59984469e+00 9.58563030e-01 4.38928366e-01
    1.15078759e+00 -6.70710206e-02 2.88700163e-01 1.66532111e+00
    1.24427152e+00 -3.74236882e-01 1.44882238e+00 6.71173632e-01
    1.06599391e+00 7.91784585e-01 3.57267797e-01 1.54078579e+00
    1.04225779e+00 -3.60114574e-02 1.70066500e+00 1.41221380e+00
    1.38522327e-01 5.28703153e-01 -6.06748521e-01 -3.46454978e-02
    1.14722848e+00 3.49600852e-01 1.66215992e+00 1.25632215e+00
    8.17504883e-01 3.68427753e-01 -4.13909644e-01 1.38526630e+00
    -1.83343291e-01 1.40081561e+00 8.85217130e-01 1.42442369e+00
    1.13115549e+00 -5.34018993e-01 -3.30446333e-01 1.71992934e+00
    8.68614376e-01 -1.94490314e-01 1.35082448e+00 1.41045904e+00
    -2.29355335e-01 -4.47171539e-01 1.85936809e-01 1.37333703e+00
    -5.72716594e-01 -2.44940877e-01 -7.10586309e-02 9.70270634e-02
    6.94793284e-01 1.64559746e+00 -2.30778456e-02 7.30199933e-01
    1.23751855e+00 9.31025505e-01 1.35044611e+00 1.45451665e+00
    -4.02587324e-01 -2.71827877e-01 -6.66946948e-01 1.13261294e+00
    1.05871451e+00 -4.64814067e-01 9.47715759e-01 9.18107390e-01
    1.50083745e+00 1.48094177e+00 1.19118226e+00 3.40505123e-01
    1.38648295e+00 2.35506415e-01 -5.93165278e-01 3.71255636e-01
    7.10239470e-01 1.52660835e+00 -4.71421331e-01 -2.52523422e-02
    1.32922530e+00 1.27801168e+00 1.01661265e+00 6.13729477e-01
    7.12456107e-01 -4.03645664e-01 1.51937270e+00 8.68881583e-01
    -6.03288412e-01 -6.51158392e-01 1.39314628e+00 -5.10367811e-01
    9.16116714e-01 1.27718949e+00 -6.46009445e-01 2.52231538e-01
    6.34634256e-01 -5.82834840e-01 8.72672200e-02 -4.53819096e-01
    -5.37594557e-02 4.38125312e-01 -1.89667702e-01 -2.51033902e-02
    9.12400305e-01 1.58534408e+00 -2.03547299e-01 1.25774312e+00
    -6.25970960e-02 1.76666236e+00 1.56481338e+00 6.94308043e-01
    8.29454601e-01 8.90777469e-01 -2.69177824e-01 1.55043399e+00
    1.05115461e+00 1.23079109e+00 8.61748040e-01 2.33065724e-01
    -2.11658686e-01 -2.77243078e-01 -6.13258481e-01 1.76545191e+00
    -1.28983974e-01 -1.40761614e-01 6.57979906e-01 1.26264119e+00
    1.32512796e+00 -5.22240281e-01 1.63026476e+00 4.87587750e-01
    -2.63880312e-01 7.08589971e-01 -3.10029566e-01 8.06805789e-01
    4.96061683e-01 2.45315611e-01 1.38223350e+00 6.24531388e-01
    -6.66099727e-01 3.55531931e-01 8.01756680e-01 7.09097624e-01
    1.43912804e+00 6.56806231e-01 3.58585894e-01 -1.88150674e-01
    -5.37510991e-01 -3.04718494e-01 5.77861965e-01 -4.33586717e-01
    7.99441576e-01 1.33833480e+00 -8.12130511e-01 1.56722033e+00
    1.07966578e+00 7.67886639e-04 -7.48639107e-01 -6.16254091e-01
    -1.32988036e-01 -1.25974715e-01 2.71575451e-01 6.97662890e-01
    1.21694350e+00 1.31549835e+00 5.10789037e-01 2.32083797e-01
    6.36285126e-01 -4.27616000e-01 -5.90373278e-01 1.37700045e+00
    4.70322847e-01 1.70402384e+00 5.98144531e-02 -1.78043127e-01
    2.87691891e-01 1.40251601e+00 -2.70805359e-01 -4.18427259e-01
    -4.15584892e-01 -7.20891595e-01 8.97886217e-01 -7.30179787e-01
    1.45199883e+00 1.32427835e+00 1.31258225e+00 -6.81382656e-01
    1.21110594e+00 -3.94349396e-01 3.25449765e-01 1.08280659e+00
    5.74400961e-01 1.74020839e+00 -6.14582479e-01 8.63015234e-01
    3.94096017e-01 5.54831624e-01 1.34580791e-01 2.62817085e-01
    1.59980452e+00 8.85872781e-01 -9.28015113e-02 1.78287566e+00
    -7.11059570e-03 4.42633390e-01 -7.21673369e-01 -2.62580991e-01
    5.66505969e-01 -5.31009197e-01 1.44339395e+00 -5.42758465e-01
    1.69955838e+00 -5.40603995e-02 4.40996468e-01 -4.29312348e-01
    2.71645308e-01 -5.85830808e-02 -3.17836225e-01 4.32133436e-01
    8.36028039e-01 -6.60418689e-01 1.24418163e+00 4.65690136e-01
    -5.20121098e-01 1.05468488e+00 -5.74666977e-01 2.15697348e-01
    -2.04123288e-01 4.15696084e-01 -4.75735545e-01 -4.15864021e-01
    8.13406646e-01 -6.95688844e-01 7.78894067e-01 1.41379833e+00
    1.03425324e+00 8.40353966e-03 -4.02549207e-01 1.55987942e+00
    1.26183629e-01 -2.76683033e-01 7.38087296e-02 9.82231796e-01
    8.44758749e-02 1.25086188e+00 9.10132229e-01 3.19335759e-01
    9.14165318e-01 -4.80402738e-01 -3.48846108e-01 -3.98176908e-03
    1.44376302e+00 -4.87913489e-02 4.51410115e-01 1.30582333e+00
    1.46081972e+00 -2.44315863e-02 1.63882375e-02 1.67774439e+00
    -6.43660426e-01 8.19793761e-01 1.47677863e+00 1.34161425e+00
    2.24594712e-01 -5.11830449e-01 -1.04022026e-02 1.16383004e+00
    7.75373399e-01 -3.28791887e-01 4.99060392e-01 8.38007331e-02
    -5.36008716e-01 -1.11462712e-01 -7.86816418e-01 -5.97641349e-01
    4.66432810e-01 1.53226614e+00 1.37034988e+00 -3.28734189e-01
    1.19532025e+00 5.78013361e-01 3.76641214e-01 -6.68832719e-01
    -4.14628088e-01 -3.54242921e-01 1.69025481e+00 1.37166190e+00
    -2.53261507e-01 -1.77624047e-01 6.88307226e-01 3.24719667e-01
    1.05654621e+00 1.37569726e-01 3.21169496e-01 1.25889349e+00
    -5.80002725e-01 1.05843699e+00 -5.91304421e-01 -4.69433010e-01
    -4.28782672e-01 2.63465405e-01 1.10850549e+00 1.22093821e+00
    9.30746794e-02 1.38737059e+00 -1.85890138e-01 7.52222598e-01
    -1.91542983e-01 6.58674240e-01 -5.82151830e-01 -2.14952290e-01
    1.47925973e+00 1.14817214e+00 -5.23348689e-01 1.24366879e+00
    -2.09023118e-01 2.49217153e-01 2.27524757e-01 9.22030270e-01
    1.56798458e+00 1.43723845e-01 -6.74758673e-01 1.13707352e+00
    6.38634026e-01 5.08960128e-01 1.23674870e-01 1.31139553e+00
    1.53204036e+00 -1.08523369e-02 1.52490389e+00 1.14102304e-01
    -1.53535545e-01 -4.96260524e-02 -1.17883921e-01 1.41949129e+00
    1.58719802e+00 4.16607976e-01 4.02675331e-01 1.71291471e-01
    -3.48992646e-01 1.30890477e+00 6.25131965e-01 -7.42945611e-01
    -1.04137421e-01 -2.40732551e-01 6.27939045e-01 7.83162355e-01
    1.05650496e+00 1.38484144e+00 1.16046810e+00 7.81473100e-01
    4.70229983e-01 -6.88133240e-02 1.21032178e+00 -1.74784362e-01
    -3.92057061e-01 5.38718343e-01 -6.37449324e-01 1.52780032e+00
    1.37448144e+00 1.00646996e+00 1.35354733e+00 7.31554210e-01
    8.36605787e-01 -5.39320588e-01 -1.10757828e-01 -5.12082279e-01
    1.78304863e+00 1.46805525e+00 -5.18399179e-01 1.10663772e-02
    9.00499821e-02 5.39142907e-01 1.95812583e-02 1.67179167e+00
    -6.77540421e-01 1.13273501e+00 6.46864235e-01 3.03250253e-01
    1.37484598e+00 -7.76434064e-01 -4.46716309e-01 -8.18701565e-01
    -6.58088148e-01 7.69495666e-01 1.65782166e+00 -6.63100362e-01
    -1.37831926e-01 -3.20247531e-01 2.84074843e-01 -6.70650125e-01
    1.22701144e+00 -2.82794923e-01 1.04456151e+00 1.08839130e+00
    1.18371987e+00 1.31633759e+00 -8.21805477e-01 1.69992578e+00
    1.59721053e+00 5.61769485e-01 -1.21259153e-01 -3.48721534e-01
    1.26730835e+00 8.53060305e-01 1.71112323e+00 1.03561187e+00
    -5.74373126e-01 1.30821049e+00 1.62846613e+00 5.13638854e-02
    1.52840590e+00 -5.35685301e-01 -2.82406896e-01 -5.20538568e-01
    1.37942493e-01 -2.19361424e-01 3.07954311e-01 1.61623657e-01
    1.59170389e+00 6.26377761e-01 -3.05451423e-01 1.62045479e-01
    2.84129381e-03 -2.04158723e-01 -4.79808956e-01 8.18594396e-01
    1.07205784e+00 -7.42415726e-01 1.28596294e+00 8.12736690e-01
    7.59279788e-01 3.88184667e-01 1.10658753e+00 -7.58821130e-01
    1.06510222e+00 1.67733526e+00 1.45471144e+00 8.02021146e-01
    9.79943335e-01 6.27341270e-01 3.89724314e-01 1.19214749e+00
    2.36406922e-02 -3.35296988e-02 1.48053586e+00 4.16179240e-01
    6.06675684e-01 1.26990962e+00 1.03497744e-01 5.32330453e-01
    1.37402463e+00 1.65606260e-01 1.49996829e+00 1.04347587e-01
    1.39138055e+00 1.18147969e+00 1.67163968e+00 -6.74202383e-01
    1.31646824e+00 -6.63825750e-01 1.43968034e+00 1.62689507e-01
    -3.96981210e-01 9.69766974e-02 1.10018325e+00 -4.99592215e-01
    3.29776525e-01 9.15548742e-01 -4.53963995e-01 -2.29562461e-01
    6.39347553e-01 2.72947013e-01 1.46543026e+00 5.19953847e-01
    -1.93804264e-01 1.09255004e+00 1.08954787e+00 4.33539987e-01
    3.52728963e-02 -5.46496391e-01 1.84687018e-01 1.55905938e+00
    -3.75149935e-01 1.77933455e+00 -6.10241890e-02 1.11301565e+00
    9.44076836e-01 -5.95300794e-02 8.07191968e-01 1.23152041e+00
    1.00214994e+00 -3.26087952e-01 1.39878523e+00 1.43633342e+00
    -7.93534160e-01 7.00717390e-01 -6.88274622e-01 4.59467769e-02
    3.98302794e-01 3.71117115e-01 2.38643408e-01 -3.73437285e-01
    1.34873962e+00 4.19801474e-02 1.78941560e+00 4.60520923e-01
    8.86092901e-01 -3.37794274e-01 -3.40941131e-01 7.37735271e-01
    3.10349464e-02 8.84440124e-01 -1.61316633e-01 -2.25548804e-01
    6.31155789e-01 -1.62833929e-03 3.44178021e-01 7.80339003e-01
    5.07153094e-01 -4.40237612e-01 -4.44253683e-02 1.53580856e+00
    9.76236522e-01 -1.40022516e-01 1.36432743e+00 5.12969553e-01
    1.14043164e+00 1.43818045e+00 -3.24874908e-01 -1.72498643e-01
    1.57267380e+00 1.27446139e+00 -5.25109768e-01 4.71132994e-01
    -4.12457168e-01 -5.72735488e-01 1.46388459e+00 5.03773630e-01
    -7.08773434e-01 -4.27401602e-01 -7.22607851e-01 1.56375289e+00
    1.37935936e+00 5.68521380e-01 -7.42713869e-01 4.16728854e-01
    -6.85938597e-02 9.31751370e-01 3.28871787e-01 9.80221629e-02
    1.56097972e+00 1.23608160e+00 -3.32044423e-01 5.09613514e-01
    1.35253572e+00 -1.92412794e-01 1.08093452e+00 1.78033400e+00
    -3.86271566e-01 1.22183692e+00 -6.84516728e-01 -4.20364559e-01
    6.95391834e-01 -1.87265098e-01 4.14758801e-01 1.62143278e+00
    2.94385433e-01 -5.50925314e-01 1.06239200e+00 3.39265227e-01
    4.67439651e-01 1.94400609e-01 1.97392762e-01 -6.03017926e-01
    1.37462592e+00 7.95095861e-01 8.38432372e-01 1.15890896e+00
    1.02483165e+00 4.40512896e-02 1.51790357e+00 9.55011606e-01
    2.27225959e-01 1.26767385e+00 5.28132796e-01 5.33891201e-01
    1.54936647e+00 -3.36970687e-02 -3.88563126e-01 -7.45501518e-01
    4.29917514e-01 -2.08333313e-01 5.44526517e-01 1.54691231e+00
    -6.48700297e-01 1.00557876e+00 1.70569921e+00 -5.57374477e-01
    -3.66576403e-01 1.01076531e+00 4.91083860e-01 1.74543309e+00
    -6.97420239e-01 7.43932843e-01 1.72903156e+00 -2.01853096e-01
    9.01542306e-02 1.38160717e+00 9.85789299e-01 5.78722358e-02
    7.25785375e-01 -3.78153682e-01 -3.73195350e-01 4.75489736e-01
    1.78404069e+00 -6.88809216e-01 -5.15481949e-01 -5.69085598e-01
    -3.96025509e-01 1.12046552e+00 -3.14098597e-01 -2.11980522e-01
    1.23731852e+00 5.07136583e-01 1.65550673e+00 -7.87866116e-02
    1.22505283e+00 -4.72376287e-01 2.72216618e-01 -2.98566282e-01
    -6.99324727e-01 1.36375451e+00 1.79558253e+00 -3.10767949e-01
    -1.86452031e-01 -4.01216447e-01 1.32771778e+00 1.56795204e+00
    1.26320839e+00 7.27663338e-01 1.02819574e+00 1.36252022e+00
    -4.77186233e-01 9.76661444e-01 5.92276216e-01 -6.94008470e-01
    8.51343036e-01 -6.90601468e-02 -1.13960207e-01 1.32060647e+00
    8.07935894e-01 1.26265466e+00 2.49781489e-01 7.64746547e-01
    -4.45918471e-01 5.84551692e-01 5.89474440e-01 -5.65077484e-01
    3.82035971e-02 -1.32603407e-01 -4.31143045e-02 8.62827837e-01
    1.68035269e+00 2.25950718e-01 9.17695165e-01 7.84353018e-01
    1.18661940e-01 6.94074571e-01 6.26798332e-01 1.24385881e+00
    -6.18908405e-02 2.84733772e-02 1.17730236e+00 1.79649222e+00
    -6.38251722e-01 9.00779963e-02 1.20659828e+00 -4.26315606e-01
    6.18837833e-01 -3.44672531e-01 1.14061093e+00 9.11386728e-01
    1.06372452e+00 7.75168419e-01 -2.50267982e-01 3.20973933e-01
    -6.85619116e-01 -6.78237557e-01 -2.20989823e-01 1.47164106e+00
    1.70683646e+00 1.45898759e+00 8.06788564e-01 4.94454503e-02
    -1.65449321e-01 1.40674841e+00 1.31063914e+00 1.40601933e+00
    1.19738734e+00 1.30338287e+00 1.03767788e+00 1.63296199e+00
    1.69611239e+00 -6.20281339e-01 1.36007619e+00 1.51751542e+00
    -3.30553085e-01 1.31683767e+00 1.50491428e+00 1.37524331e+00
    -6.21518016e-01 -7.34604597e-01 2.05597878e-01 -4.84226137e-01
    5.86014807e-01 1.02616489e+00 1.11675608e+00 1.42127526e+00
    -6.67653203e-01 3.92603278e-01 1.24708414e+00 4.58858848e-01
    1.00127411e+00 -5.19673824e-01 8.55127871e-01 -2.85176933e-01
    1.66120267e+00 7.57975042e-01 -5.28361499e-01 3.89788270e-01
    1.76077175e+00 5.53853452e-01 1.81657374e-01 7.81395555e-01
    1.23351502e+00 -4.37166840e-01 -6.40239298e-01 -3.56178284e-02
    -7.29337335e-02 -8.31012130e-02 6.66210473e-01 5.84729552e-01
    8.52400482e-01 1.62993658e+00 8.48757803e-01 1.25516462e+00
    7.23250866e-01 9.41400886e-01 9.29004908e-01 1.70973134e+00
    1.39088821e+00 1.25710440e+00 -6.66663289e-01 7.03866124e-01
    2.30428398e-01 8.40953469e-01 7.82581210e-01 1.35132563e+00
    -3.75692219e-01 -2.91222543e-01 7.41593361e-01 1.48606777e+00
    -5.99184752e-01 1.30939126e+00 1.76844859e+00 2.62513161e-01
    5.15282094e-01 -5.72135270e-01 1.76236653e+00 5.09998322e-01
    -2.38953769e-01 -8.32134485e-01 5.05482554e-01 1.44453061e+00
    1.71871316e+00 -1.73069835e-01 -7.85026908e-01 8.31662834e-01
    9.03594434e-01 1.14541101e+00 -4.14903164e-01 8.88757825e-01
    1.04326046e+00 6.20717824e-01 -2.06675470e-01 1.04822493e+00
    4.33891594e-01 3.45133007e-01 1.49375033e+00 7.32524872e-01
    -4.31486040e-01 1.46698809e+00 -3.49741131e-01 1.02183437e+00
    -3.43030006e-01 1.13104796e+00 -5.54580808e-01 1.43537450e+00
    5.16875088e-01 1.13922954e+00 1.35055447e+00 1.29727364e+00
    -7.27059126e-01 -5.74154258e-01 8.34850669e-01 -8.95440578e-02
    -9.51093435e-02 6.27211988e-01 -1.88313752e-01 3.75809550e-01
    -2.22642154e-01 3.90970707e-03 6.37276411e-01 -7.36591458e-01
    1.33905494e+00 1.32098007e+00 1.12370420e+00 -4.04403985e-01
    -5.98006666e-01 -1.19432926e-01 -3.01286638e-01 1.46518421e+00
    1.47350907e+00 1.34695268e+00 4.56444621e-02 4.11331415e-01
    5.12570202e-01 -5.03568172e-01 8.05042028e-01 3.67062807e-01
    -4.28810716e-01 -7.71621227e-01 5.85205317e-01 9.60198820e-01
    6.00503266e-01 -6.26778483e-01 7.61030316e-01 1.16626716e+00
    1.30817974e+00 -2.87818372e-01 -1.42299592e-01 1.51888275e+00
    1.69225740e+00 1.03822076e+00 2.88205743e-02 1.24940658e+00
    7.75495589e-01 1.73210859e+00 8.43065977e-03 -8.01058829e-01
    8.24091196e-01 2.22079575e-01 -2.12428629e-01 1.67466760e+00
    1.53071833e+00 2.48470783e-01 8.91895890e-02 2.55924940e-01
    1.30004787e+00 5.34749687e-01 9.56230998e-01 1.46507621e+00
    1.20482779e+00 1.21860850e+00 8.97149146e-01 9.26667035e-01
    -9.69460011e-02 3.19957733e-02 9.89156902e-01 -2.49636889e-01
    7.54478037e-01 9.65977252e-01 8.61258090e-01 4.63340878e-01
    4.12177145e-01 2.62330472e-01 1.57572746e+00 9.51509476e-02
    -5.21399498e-01 3.67610216e-01 -8.88279676e-02 1.24488246e+00
    1.71435976e+00 -3.46261114e-01 -1.05894029e-01 1.54352903e-01
    7.80637860e-02 -5.69916010e-01 -2.37600148e-01 5.63402176e-02
    7.02885032e-01 1.49025249e+00 6.13696575e-01 8.96283150e-01
    1.08938766e+00 -2.04135537e-01 1.44182026e-01 -7.45215297e-01
    -1.96565628e-01 3.87476563e-01 1.68538749e-01 7.81230927e-01
    -3.42811584e-01 -7.46500194e-01 1.74402547e+00 1.26058483e+00
    3.54576826e-01 1.37840533e+00 6.32580161e-01 3.82556558e-01
    4.53982890e-01 1.55720377e+00 1.41191387e+00 -1.52895629e-01
    1.23206282e+00 5.41051269e-01 -4.61962223e-02 -1.36020720e-01
    7.22474337e-01 -6.43991649e-01 1.38476086e+00 1.07360125e-01
    7.34836519e-01 1.08512902e+00 1.00659037e+00 1.67187738e+00
    1.74459147e+00 9.26362514e-01 7.87128747e-01 1.11514366e+00
    -5.58637500e-01 -1.62671804e-02 -2.89973885e-01 1.27441204e+00
    9.29900646e-01 4.58665490e-01 9.68494475e-01 8.91920269e-01
    1.60924339e+00 8.03990901e-01 1.61702323e+00 -8.35258961e-02
    -1.04494691e-02 1.53824043e+00 1.03010941e+00 1.66980147e-01
    1.54373896e+00 1.49665523e+00 -4.02052999e-01 3.94296050e-02
    2.36052036e-01 1.38593876e+00 -3.28841805e-01 1.15649176e+00
    9.35226083e-02 1.46851015e+00 -7.00100780e-01 -5.35355151e-01
    1.67709231e+00 -3.42105091e-01 -2.94243872e-01 4.10470665e-01
    1.68129659e+00 2.46518254e-02 -3.31732512e-01 5.44689894e-02
    5.10934234e-01 5.98101616e-01 -8.55331779e-01 -6.18110657e-01
    -1.27484262e-01 2.90412426e-01 1.70285225e+00 1.18724465e+00
    1.48548865e+00 4.26231980e-01 6.17788434e-01 1.00307202e+00
    -1.08717144e-01 8.28509629e-01 9.98413861e-01 5.70297241e-01
    1.38241589e+00 4.32360351e-01 1.57961082e+00 5.91259181e-01
    -3.46677840e-01 -3.11672628e-01 1.35142303e+00 -6.44862592e-01
    1.73912644e-02 9.35436606e-01 9.39685285e-01 1.41269863e+00
    -6.19296610e-01 1.05358911e+00 1.29817486e-01 1.24448538e+00
    1.05085969e-02 5.25167167e-01 2.74508834e-01 -3.48803997e-02
    -8.97343159e-02 8.79050076e-01 8.80791545e-02 8.14953864e-01
    4.14520025e-01 1.48588729e+00 2.11332262e-01 -4.48519558e-01
    2.29453862e-01 -3.02678555e-01 1.15062070e+00 8.59892130e-01
    -3.04197818e-01 -4.10275459e-01 1.03543711e+00 1.38766479e+00
    -2.80004501e-01 -6.50270164e-01 5.14495730e-01 5.50820112e-01
    -6.32307410e-01 -9.97297168e-02 -1.68439031e-01 -7.09838748e-01
    1.21091366e-01 9.94762063e-01 7.61369944e-01 3.85252237e-02
    1.03581738e+00 1.03382015e+00 8.04638863e-03 3.77807856e-01
    5.31441569e-01 8.04966807e-01 -6.82426333e-01 3.51413190e-01
    5.94294608e-01 1.21546745e+00 6.55650556e-01 -2.43542850e-01
    8.66080403e-01 6.79778218e-01 9.93018985e-01 1.39291215e+00
    2.05041170e-02 6.15258992e-01 -2.47365952e-01 1.35459948e+00
    9.22620773e-01 7.08183944e-01 5.07506132e-02 1.71321535e+00
    1.30925381e+00 1.24932063e+00 -2.92687774e-01 -4.49164093e-01
    6.68508172e-01 9.90411282e-01 1.20804429e+00 3.50401938e-01
    -5.69815397e-01 5.78341305e-01 9.08724964e-01 2.12685585e-01
    1.76522088e+00 1.12902248e+00 -7.83230722e-01 -1.79971218e-01
    1.12124193e+00 1.52196145e+00 3.05792451e-01 1.51657879e+00
    1.50655890e+00 1.10383761e+00 3.59392285e-01 1.01884079e+00
    -4.40285683e-01 2.01141775e-01 8.17602813e-01 -6.90560102e-01
    6.34004176e-01 9.34226334e-01 1.72488165e+00 7.97120392e-01
    9.09103155e-01 4.98560429e-01 1.29175282e+00 -1.12511754e-01
    -2.07572937e-01 -3.18339467e-02 -7.65791476e-01 -7.72577763e-01
    -3.44502926e-03 9.98153090e-01 1.09944057e+00 -6.70195043e-01
    -2.94970751e-01 -4.81299579e-01 1.02430332e+00 -7.02594161e-01
    8.48683655e-01 -4.49528247e-01 1.44900870e+00 1.69513047e+00
    1.63386822e+00 8.17389667e-01 1.19504261e+00 -5.52676082e-01
    1.25372338e+00 2.99849808e-01 1.04424846e+00 -3.07683706e-01
    6.45835042e-01 -5.35768867e-01 5.92773736e-01 -1.59527063e-01
    1.27462983e+00 1.10918880e-01 2.12047279e-01 -2.47539401e-01
    1.31155956e+00 1.08154058e+00 -1.76570296e-01 5.15273929e-01
    6.81371808e-01 8.92499626e-01 2.87713826e-01 5.46025634e-01
    1.09427333e+00 4.60363865e-01 6.27566516e-01 4.45906281e-01
    9.21939075e-01 -3.20421457e-02 -2.94263840e-01 -2.19687819e-01
    6.77395880e-01 -2.30946541e-02 1.68153691e+00 7.86977053e-01
    1.78291035e+00 7.00202346e-01 1.34114361e+00 1.62352800e+00
    1.36823905e+00 9.23066378e-01 5.46400666e-01 1.22103119e+00
    3.31558228e-01 2.92946696e-01 1.07466757e-01 8.60000014e-01
    -6.65081739e-02 1.18543053e+00 3.80014896e-01 1.19713688e+00
    -7.24409640e-01 1.06118512e+00 5.62533200e-01 6.22265279e-01
    1.50759304e+00 -3.58778715e-01 -6.11593246e-01 4.96300101e-01
    1.06954134e+00 1.15416229e+00 2.83689201e-01 6.03684127e-01
    1.08142674e+00 6.97079659e-01 -1.14230394e-01 4.83093560e-01
    -2.03570783e-01 -6.00144565e-01 1.47086334e+00 -4.65276629e-01
    -5.79091668e-01 -4.79784369e-01 7.17399538e-01 4.45267856e-01
    -6.84091806e-01 -6.26890063e-02 1.34627342e-01 7.10062087e-01
    -3.04951370e-01 -3.20351273e-01 -2.50446528e-01 1.91984534e+00
    -3.28422993e-01 3.40862513e-01 -4.84470725e-02 6.29141867e-01
    1.19278622e+00 7.13480175e-01 -7.62713552e-01 -1.83840156e-01
    5.39492488e-01 6.55901134e-01 8.24885845e-01 5.77466428e-01
    3.66932690e-01 5.39315641e-01 7.94254959e-01 1.32815719e+00
    -5.58750212e-01 6.96457267e-01 -1.56662524e-01 8.76586676e-01
    -1.95839465e-01 7.15183616e-01 1.14175963e+00 1.32130146e+00
    1.84288979e-01 1.41815281e+00 -7.10700572e-01 1.16024542e+00
    5.71488380e-01 3.94176066e-01 6.10405743e-01 1.30258346e+00
    1.63957524e+00 1.12381673e+00 8.99074793e-01 1.48932731e+00
    -5.58909416e-01 1.23132360e+00 1.00127637e-01 -1.43137455e-01
    8.98938775e-01 6.06948376e-01 -4.25590277e-02 6.65782928e-01
    1.57496047e+00 1.42537010e+00 1.11051631e+00 3.63328636e-01
    1.24523520e+00 1.23583794e-01 -6.02038622e-01 -6.55783296e-01
    -2.90262848e-01 5.78916728e-01 1.65568781e+00 1.11707640e+00
    8.92204821e-01 4.71026361e-01 1.39767230e+00 8.65985096e-01
    -1.65418744e-01 5.84910035e-01 8.62451911e-01 -5.95762849e-01
    1.23905587e+00 6.93942010e-01 7.07238972e-01 8.30890954e-01
    7.33733535e-01 -4.32625383e-01 -7.00652599e-01 1.24523079e+00
    1.55174792e-01 6.91553414e-01 3.38901281e-01 -6.42997146e-01
    1.68205595e+00 -5.72851360e-01 1.80284929e+00 -6.73421562e-01
    2.85007417e-01 1.85441375e-02 2.68122554e-01 -2.39436746e-01
    1.28663754e+00 -4.19045687e-02 -8.89124274e-02 1.04745507e+00
    7.22705483e-01 -2.24532366e-01 1.84681427e+00 9.02773559e-01
    1.64979923e+00 -6.72821462e-01 -2.38977075e-02 1.61796987e-01
    6.02190673e-01 -7.64766097e-01 1.16797519e+00 1.31431961e+00
    -2.09279954e-01 -4.91598845e-02 6.04473352e-01 1.57571709e+00
    -1.65413141e-01 -7.41257250e-01 4.47182059e-01 5.49152195e-01
    5.86789191e-01 -6.37256026e-01 1.62186861e+00 1.10301864e+00
    4.34264839e-01 1.57061625e+00 1.23089051e+00 -1.64847314e-01
    1.47439098e+00 1.33403873e+00 4.00912106e-01 1.27671778e+00
    1.35367990e+00 -1.52103961e-01 3.97559583e-01 3.84926260e-01
    1.34294629e+00 9.46577132e-01 -5.15289128e-01 -1.71527326e-01
    -1.42625451e-01 1.31985545e-01 1.81834579e-01 7.75584579e-02
    1.20615458e+00 2.97108293e-01 1.17693317e+00 1.16772830e-01
    -8.27436447e-02 6.87207580e-01 7.73073792e-01 1.71751475e+00
    1.47095108e+00 9.18113410e-01 1.64755213e+00 -2.57279277e-01
    1.69596076e+00 6.61333680e-01 4.04636919e-01 6.15906596e-01
    9.52767491e-01 8.62900555e-01 -2.87538767e-01 1.24937272e+00
    1.55220985e+00 1.27432108e-01 -2.01121628e-01 1.56214595e+00
    5.02849817e-01 1.51456118e+00 1.41664195e+00 1.56560135e+00
    8.06942225e-01 8.46780539e-01 6.25245452e-01 1.22472644e-01
    6.61997020e-01 -3.61385137e-01 1.77330327e+00 7.44192362e-01
    1.43521619e+00 7.28442609e-01 -5.67254424e-01 1.64953494e+00
    -2.01955080e-01 1.43111801e+00 4.40737844e-01 8.42047930e-02
    3.39186728e-01 7.97167361e-01 2.48755217e-01 1.45277095e+00
    -4.89974260e-01 -6.99837446e-01 6.95141554e-02 7.00728655e-01
    -1.12495661e-01 7.24661112e-01 1.29966259e+00 1.42609966e+00
    5.48905075e-01 -1.32408559e-01 6.94563508e-01 1.16896546e+00
    -5.07720709e-01 3.45172942e-01 -4.30909961e-01 3.06112111e-01
    3.75740469e-01 5.61216533e-01 -6.64373875e-01 6.25511408e-01
    9.64596093e-01 1.13601780e+00 1.66673279e+00 9.01386142e-02
    2.16860592e-01 4.36699748e-01 -3.78265023e-01 6.17520571e-01
    1.73727524e+00 3.82073641e-01 6.06157064e-01 -1.17034554e-01
    1.06567156e+00 -2.72198677e-01 1.63810754e+00 7.32966065e-01
    -2.60408878e-01 1.55473900e+00 7.35072553e-01 1.54798770e+00
    1.02436268e+00 1.32274354e+00 1.18941236e+00 -2.92127848e-01
    1.10072720e+00 6.24169290e-01 1.05005145e-01 7.23903775e-02
    8.64620209e-01 -7.10697114e-01 8.61202598e-01 3.70475054e-01
    -7.15518594e-02 1.62588060e+00 8.48540306e-01 3.72020841e-01
    7.50236869e-01 8.95171404e-01 8.44835639e-02 1.33343160e+00
    3.72091532e-02 1.01616025e+00 1.40367234e+00 -2.03178287e-01
    8.91571820e-01 3.71373534e-01 -2.56134152e-01 8.04430962e-01
    1.04415989e+00 5.42759120e-01 7.02326417e-01 -6.05124652e-01
    -2.30201900e-01 -1.31693482e-01 1.47293806e-02 -5.53409696e-01
    -2.77678937e-01 -1.10099137e-01 1.17916608e+00 1.15251362e+00
    3.39969873e-01 -2.06776977e-01 1.48140800e+00 5.28706849e-01
    1.15435553e+00 6.19679987e-01 -3.28591079e-01 1.46866870e+00
    1.25717127e+00 -6.71797514e-01 -4.76724714e-01 1.39833236e+00
    1.46349287e+00 -6.22869730e-01 5.78835368e-01 9.74663019e-01
    6.05482817e-01 4.64193225e-01 5.16086757e-01 1.47720647e+00
    -4.83845472e-02 -4.83712047e-01 -8.18921685e-01 6.55410647e-01
    -7.03706563e-01 1.30441296e+00 1.63146091e+00 -3.15947056e-01
    4.55814123e-01 -6.46229327e-01 1.03563976e+00 7.04708338e-01
    1.67666078e+00 1.36369002e+00 -4.65004653e-01 -3.41521859e-01
    9.95037854e-01 1.37022018e+00 5.41999161e-01 6.30800307e-01
    1.56582904e+00 8.36038113e-01 1.07169795e+00 1.32705402e+00
    -3.60505223e-01 -1.64343357e-01 4.34383750e-01 1.75205636e+00
    1.60235536e+00 6.29271924e-01 2.27413893e-01 5.26959240e-01
    5.63492835e-01 2.32554376e-01 1.23397779e+00 8.24259341e-01
    -3.93129170e-01 -5.26508689e-02 1.41991818e+00 -4.60465968e-01
    -5.34187913e-01 1.07749724e+00 -1.34406030e-01 -3.63818735e-01
    -3.85878026e-01 1.27530432e+00 8.51546586e-01 2.87793994e-01
    4.31771338e-01 7.21763372e-01 6.45422935e-03 7.13112891e-01
    8.56530905e-01 2.62705743e-01 7.27187276e-01 1.06160164e+00
    8.22764993e-01 6.89435065e-01 1.79701447e-01 -1.95713460e-01
    1.05706966e+00 3.64229321e-01 3.96524787e-01 9.45348859e-01
    1.84025884e-01 1.63109303e+00 1.65418983e+00 1.31364703e+00
    4.96456087e-01 2.73004949e-01 1.57430601e+00 1.05115294e+00
    1.02380240e+00 1.39801502e-01 1.14606094e+00 1.02052641e+00
    3.43647659e-01 1.56143904e+00 -8.65100563e-01 1.49028301e+00
    7.50202656e-01 1.13804555e+00 1.12189531e+00 1.20051217e+00
    -7.92331576e-01 -5.27572691e-01 -6.64044440e-01 8.77491355e-01
    7.38863707e-01 -4.93824065e-01 6.96521103e-01 2.73961902e-01
    -4.83163357e-01 -5.15727460e-01 6.49793088e-01 8.00743103e-02
    3.11774015e-03 1.29562211e+00 1.56415522e+00 1.44746602e+00
    5.45257986e-01 5.07365942e-01 1.17763209e+00 4.49846804e-01
    -5.13239682e-01 3.21960926e-01 2.14525938e-01 1.12247527e+00
    6.20105565e-01 6.32868648e-01 -7.72652030e-02 1.42973506e+00
    4.32284892e-01 -1.31110311e-01 1.89854801e-01 -6.15423203e-01
    4.29675341e-01 3.20259690e-01 1.01921296e+00 -3.12545031e-01
    -4.40098941e-01 6.49840057e-01 1.52001667e+00 8.08130205e-01
    -7.16957927e-01 2.40899861e-01 -4.69609171e-01 7.93209076e-01
    4.92027998e-01 1.33835423e+00 1.42276442e+00 7.58399785e-01
    -6.54885530e-01 4.86292005e-01 1.65622711e+00 1.54302716e-01
    7.79038966e-01 -1.44718885e-01 -4.44843382e-01 5.00489116e-01
    -7.43033886e-02 1.02763295e+00 -1.96034670e-01 4.12345171e-01
    6.94478989e-01 -5.05497456e-01 2.34658957e-01 -6.69575930e-02
    -9.60996151e-02 1.42663813e+00 1.18027472e+00 3.41532230e-02
    6.45282149e-01 9.82745469e-01 7.10940778e-01 1.83232701e+00
    4.64591205e-01 9.92968202e-01 -3.69665474e-01 7.18649924e-01
    -4.95487362e-01 8.05553913e-01 6.05139792e-01 9.07792091e-01
    5.31707168e-01 -1.81362510e-01 1.63155079e+00 1.59323835e+00
    -2.00269878e-01 8.83685946e-02 -5.99946082e-01 2.81946182e-01
    -1.63305402e-01 3.69803250e-01 1.37264359e+00 2.81035662e-01
    9.96106863e-03 7.81579137e-01 9.10679579e-01 1.04079366e+00
    6.55079603e-01 7.58722425e-01 3.74430418e-02 1.02703118e+00
    -6.26537681e-01 6.77348197e-01 -5.05196154e-01 4.16829288e-01
    3.48913431e-01 -8.33417833e-01 9.81683969e-01 5.02054393e-01
    2.81780481e-01 -5.17329872e-01 7.82536268e-01 1.14140296e+00
    1.41510856e+00 1.05134225e+00 1.23226666e+00 -1.06781960e-01
    5.15563011e-01 9.02473271e-01 -5.85495412e-01 1.24565482e+00
    1.36414409e-01 1.22283757e+00 -6.09615624e-01 1.16966796e+00
    1.40545166e+00 5.30044973e-01 -7.05363512e-01 -2.36796200e-01
    6.17263436e-01 -6.17010295e-01 9.92129028e-01 1.63362706e+00
    -1.71088755e-01 -5.51092625e-01 1.41155183e+00 -1.66913867e-02
    4.19461727e-03 9.57990050e-01 1.51479208e+00 -3.34935725e-01
    8.62923443e-01 -5.82944334e-01 1.37850881e-01 1.34116149e+00
    1.42353857e+00 -2.98367143e-02 -9.98085737e-02 5.90589046e-01
    1.72721958e+00 3.64143848e-02 -1.14929199e-01 1.16969562e+00
    1.08856857e+00 6.25040352e-01 1.46355712e+00 1.14122820e+00
    3.18929493e-01 5.29220104e-01 -4.15653050e-01 6.29548669e-01
    1.84349120e-01 -4.43695307e-01 1.37467325e-01 -6.46453321e-01
    -6.46535873e-01 1.26856971e+00 1.02833247e+00 -5.72972953e-01
    -8.71420503e-02 -2.83590257e-01 1.36937237e+00 8.81405532e-01
    -3.73508096e-01 1.04011726e+00 1.72962356e+00 -7.18149662e-01
    1.51465392e+00 1.20439804e+00 -4.89255488e-01 5.56252420e-01
    1.52126932e+00 1.28963137e+00 1.37905693e+00 1.28046095e+00
    -5.38437963e-02 1.16517663e+00 3.35131764e-01 -6.21899247e-01
    1.01141942e+00 7.27968156e-01 1.09020889e+00 -7.45972395e-02
    -2.12061405e-02 9.35522437e-01 -8.16554487e-01 -3.40050340e-01
    -5.24994969e-01 1.80653405e+00 1.09040737e+00 -2.54522711e-01
    2.29479253e-01 -5.35090089e-01 -7.38216102e-01 -5.18795550e-01
    1.53824139e+00 -1.06305718e-01 1.29558849e+00 3.37718666e-01
    -1.76002860e-01 1.68583143e+00 9.25787032e-01 8.29287827e-01
    -1.03589892e-02 -4.32773232e-01 1.21281290e+00 1.42487574e+00
    1.75329745e-01 7.43451476e-01 6.69825852e-01 1.48357320e+00
    4.55475330e-01 1.52283466e+00 1.37586784e+00 -3.33762705e-01
    1.33436918e+00 1.48274207e+00 5.28428674e-01 -2.63831973e-01
    1.06671119e+00 8.35911512e-01 1.62728071e+00 8.79007161e-01
    4.99218702e-03 8.90988946e-01 6.93128109e-01 3.63034904e-01
    -8.50290656e-02 -4.75717604e-01 -6.63182795e-01 4.73568380e-01
    1.38918614e+00 1.37530708e+00 5.60250282e-02 -1.67548656e-03
    2.22914815e-01 3.12444925e-01 -7.08036780e-01 -1.62422121e-01
    -5.77849090e-01 1.59020162e+00 1.42914796e+00 1.19870400e+00
    8.55123997e-01 3.24294686e-01 1.14289141e+00 4.92162585e-01
    1.54593122e+00 1.74441242e+00 1.47698879e-01 -5.21093249e-01
    -1.53255582e-01 -4.96866703e-01 1.56617796e+00 -5.06668925e-01
    -8.02776217e-02 -1.44450247e-01 1.19056487e+00 1.74086690e+00
    1.68362749e+00 -1.65243447e-01 -5.45340180e-01 1.70698357e+00
    7.23399878e-01 6.92560077e-02 3.39750648e-02 9.23193574e-01
    -3.89961451e-01 -5.89400768e-01 1.37934875e+00 1.55850148e+00
    1.36830091e+00 1.21536040e+00 2.11143374e-01 -8.06173563e-01
    1.36781836e+00 4.86452162e-01 1.37552464e+00 8.19116831e-02
    1.92995071e-02 -1.60460949e-01 -6.85552359e-01 1.63908398e+00
    1.12115312e+00 -3.79654944e-01 3.92443180e-01 -5.16137600e-01
    3.79965842e-01 1.59381413e+00 1.34525490e+00 -1.71205997e-02
    3.09245586e-01 -1.88714862e-02 -4.53923285e-01 1.15736461e+00
    3.25251222e-01 -7.46652544e-01 1.26412463e+00 1.01959670e+00
    -6.52020574e-02 8.02168131e-01 3.76825809e-01 8.89778733e-02
    1.69882333e+00 8.85529935e-01 6.00779593e-01 8.23667288e-01
    1.19091630e-01 -6.50998950e-01 1.42217851e+00 1.06736016e+00
    -6.22892201e-01 -5.15795827e-01 2.22893953e-01 8.38743687e-01
    1.59658968e-01 1.39586008e+00 3.71346474e-02 6.30308270e-01
    1.14490151e-01 -2.40817219e-01 -5.85396647e-01 4.01623666e-01
    1.57507849e+00 7.17181027e-01 5.18040836e-01 -6.90171480e-01
    6.46818578e-01 -5.78347564e-01 9.26011741e-01 1.73051763e+00
    8.97461772e-01 1.45029759e+00 1.16760957e+00 -6.14614248e-01
    1.51162815e+00 1.43297601e+00 1.54156244e+00 5.64040899e-01
    4.69793677e-02 1.69830465e+00 7.97519088e-02 1.62478149e+00
    -7.57481098e-01 -2.36584246e-01 1.53613091e-03 -4.77267891e-01
    -9.32234526e-02 -4.20079827e-01 1.14445615e+00 1.98020458e-01
    1.00495791e+00 -4.12185192e-01 1.50605869e+00 -5.06908536e-01
    1.45208740e+00 -4.85361814e-02 -2.30080485e-01 4.70781803e-01
    -2.09487677e-02 -3.73916209e-01 2.64820457e-01 1.73659551e+00
    1.36243701e-01 -3.07218134e-01 1.22736955e+00 5.85136950e-01
    -3.82617921e-01 1.14554238e+00 1.66086268e+00 -4.21776354e-01
    5.71356714e-01 3.14755440e-01 -3.54801565e-01 -7.11215138e-01
    5.11900902e-01 1.55957341e-02 -3.68533313e-01 6.16049588e-01
    5.42948782e-01 1.75873733e+00 1.15836775e+00 1.17274249e+00
    9.32066977e-01 1.06868172e+00 2.62577534e-01 1.77651238e+00
    1.32713497e+00 8.68531227e-01 5.79810917e-01 1.19804454e+00
    -2.59174615e-01 6.60358846e-01 -5.03136754e-01 6.57604277e-01
    1.25809240e+00 -1.65625453e-01 8.37365746e-01 1.12798047e+00
    -4.05256689e-01 1.58548284e+00 5.66709101e-01 -7.40391016e-03
    -9.78939533e-02 -4.88251805e-01 4.19368684e-01 1.44692302e-01
    1.72820425e+00 6.18917465e-01 1.26454020e+00 -4.37295049e-01
    5.60505748e-01 6.38501048e-02 9.94576097e-01 -2.39779830e-01
    1.18330550e+00 1.30566418e-01 1.08305562e+00 -1.78737879e-01
    1.32633495e+00 4.22912836e-02 6.23615623e-01 4.62459743e-01
    -1.81872845e-02 1.38873506e+00 1.62789178e+00 -6.82639837e-01
    3.81813169e-01 -2.56158650e-01 8.08928490e-01 1.53292966e+00
    -1.19812250e-01 5.31513512e-01 3.64387155e-01 1.47932923e+00
    -8.43954802e-01 2.30961442e-01 -6.08658910e-01 1.40574801e+00
    1.32551277e+00 1.06126368e-01 1.97179317e-02 2.03640163e-01
    1.86592460e-01 -2.65887111e-01 1.72972012e+00 1.11673701e+00
    -5.54605842e-01 1.39904642e+00 -3.48903537e-02 1.15014040e+00
    1.39634466e+00 -1.37863755e-02 5.77546954e-02 -6.46785736e-01
    4.42132592e-01 7.25970805e-01 1.45652306e+00 1.20711112e+00
    4.99140203e-01 -1.58029795e-03 1.58593583e+00 -1.72268152e-02
    7.95215786e-01 2.94402838e-02 4.83694077e-01 9.45065439e-01
    8.57211351e-01 9.28739786e-01 -6.17153466e-01 -4.93753254e-01
    -7.45618343e-02 3.07698190e-01 6.05396390e-01 -3.17907572e-01
    8.63766074e-01 -2.27292418e-01 1.85759068e-02 -7.43897617e-01
    6.42105341e-01 1.17487478e+00 1.71183944e+00 -2.51476347e-01
    -5.68809509e-02 1.35808766e-01 -9.98753309e-02 2.88641632e-01
    1.77678645e-01 -5.72917223e-01 -5.88456035e-01 3.87455463e-01
    1.57694054e+00 1.73739588e+00 1.17891026e+00 6.45507753e-01
    1.53704429e+00 -2.10219562e-01 1.01380301e+00 6.28536642e-01
    1.59643364e+00 1.18138170e+00 -7.85962164e-01 1.33525443e+00
    1.87864900e-01 3.20040584e-01 7.50936925e-01 -9.59861279e-02
    -2.11277306e-01 1.05688715e+00 -9.48714614e-02 -1.01423264e-03
    -6.72868669e-01 1.04476535e+00 7.99812257e-01 -1.39296472e-01
    1.54634666e+00 -1.68185353e-01 4.18786287e-01 6.80083752e-01
    4.85664666e-01 7.42354035e-01 -5.11125028e-01 1.07908559e+00
    1.51275802e+00 9.94895875e-01 5.35104215e-01 -6.28066778e-01
    1.44422388e+00 -5.57029128e-01 1.21507025e+00 8.28218997e-01
    -5.07054329e-02 -1.98740780e-01 7.25084126e-01 8.52546215e-01
    -2.48079538e-01 -2.01138794e-01 -3.33889782e-01 -4.44205076e-01
    -4.79265690e-01 -1.74128175e-01 1.64577329e+00 1.02623391e+00
    1.48274541e+00 1.05400205e+00 3.79146576e-01 1.41678929e+00
    1.32802308e-01 2.30611801e-01 -2.18030870e-01 1.56038773e+00
    -5.62210083e-01 -6.29007578e-01 7.01318383e-01 1.20016861e+00
    1.30396771e+00 9.82531130e-01 6.35585546e-01 1.38782454e+00
    1.52812994e+00 -6.48271859e-01 1.69105053e+00 1.27225220e-01
    -5.29818237e-01 9.77124155e-01 -5.07149458e-01 3.00661862e-01
    1.60498977e-01 2.38874555e-02 5.19310594e-01 3.52824330e-01
    7.64763236e-01 3.67112339e-01 9.72123921e-01 -6.94656968e-02
    1.92479491e-02 -1.20164126e-01 2.42637694e-01 1.13234377e+00
    1.66291523e+00 1.67807627e+00 1.57722378e+00 -5.72869420e-01
    -8.04692149e-01 7.31697798e-01 1.61599088e+00 9.16291952e-01
    1.17807579e+00 -3.59433681e-01 1.41864991e+00 1.18337679e+00
    3.73132408e-01 -3.28478038e-01 6.76000357e-01 4.85453308e-01
    2.27759242e-01 -5.99298120e-01 1.70030272e+00 -3.32553387e-02
    -3.36925864e-01 1.63697863e+00 8.76599729e-01 6.63991570e-02
    7.99712121e-01 1.07804585e+00 1.57796741e+00 2.58404970e-01
    3.25817466e-02 2.91009903e-01 7.81668544e-01 1.11684775e+00
    -5.88951111e-01 1.67599952e+00 1.68971157e+00 1.60908294e+00
    -5.83678484e-02 1.54191267e+00 -3.53028178e-01 -3.34470600e-01
    2.70047009e-01 1.12424123e+00 9.19702232e-01 3.46857309e-01
    -3.39761913e-01 -2.36696184e-01 1.75368965e-01 8.44411552e-01
    1.72654152e+00 1.11631393e+00 3.36845219e-01 1.72544241e-01
    1.31652331e+00 4.42583144e-01 7.54615545e-01 1.44360471e+00
    6.87302947e-02 4.21983838e-01 -4.52273667e-01 -3.36177051e-01
    1.14831507e-01 3.47520769e-01 1.12913489e+00 1.54013515e+00
    -5.23046732e-01 1.15715563e+00 1.27620101e+00 1.46863341e-01
    1.72782040e+00 -6.05186820e-02 8.68799150e-01 8.21660757e-01
    8.60122085e-01 1.90726042e-01 3.71238232e-01 1.22154760e+00
    2.49852955e-01 -6.28000200e-01 9.94545221e-03 2.99283147e-01
    2.09296405e-01 -4.32387352e-01 1.78788900e+00 -6.64748967e-01
    1.74118543e+00 5.26345134e-01 -5.61513364e-01 1.07620645e+00
    -4.34185863e-02 2.65488148e-01 9.54063118e-01 1.50508010e+00
    -6.10781193e-01 1.57132888e+00 -2.66619563e-01 1.03828633e+00
    4.97554779e-01 9.75883663e-01 5.17233253e-01 1.20678496e+00
    -7.36612678e-02 -6.26290321e-01 4.15082991e-01 1.10916603e+00
    -3.82850468e-01 1.62241054e+00 8.34322572e-02 1.48847878e+00
    8.69584382e-01 -1.93835974e-01 1.34360170e+00 -2.06161141e-02
    4.33658957e-01 1.25254083e+00 1.18181109e-01 1.09988391e+00
    3.00162792e-01 1.02351260e+00 -1.08775437e-01 1.34306002e+00
    -3.83251697e-01 9.41349566e-01 -6.28589392e-01 3.59665751e-01
    -6.49182498e-01 4.95922983e-01 7.06589222e-02 8.87071729e-01
    8.35084617e-01 1.29104972e-01 9.26235557e-01 6.84844255e-02
    -1.28251314e-01 4.38701749e-01 1.52933002e-02 1.81981409e+00
    8.12361658e-01 2.51250148e-01 -5.23734450e-01 3.75431180e-01
    8.45751643e-01 1.25605619e+00 2.37872899e-01 2.42491961e-02
    -4.26564157e-01 -4.39240873e-01 8.04205120e-01 -5.02504706e-02
    1.02890849e+00 -5.04621267e-01 1.76564634e-01 1.29615903e+00
    -3.73377681e-01 1.15213490e+00 8.73717666e-01 -7.15561628e-01
    5.13503373e-01 7.96601653e-01 5.05411386e-01 8.06258678e-01
    1.44921327e+00 2.46931255e-01 5.16598105e-01 1.07748568e+00
    7.85460413e-01 -3.90703291e-01 6.71860993e-01 1.28186536e+00
    1.07952249e+00 1.92279696e-01 -5.68167686e-01 1.69839740e+00
    1.18155026e+00 -4.20010775e-01 1.01583815e+00 1.28935862e+00
    -3.76433641e-01 1.54755163e+00 6.49687469e-01 7.12490082e-02
    -7.66008615e-01 5.22562683e-01 -1.52818263e-01 5.75437307e-01
    1.56505442e+00 7.92389691e-01 1.78834736e-01 1.68708134e+00
    6.95489645e-02 1.10409558e-01 3.75628591e-01 9.54596639e-01
    3.13935816e-01 -4.67907310e-01 -6.03090525e-01 9.03790951e-01
    -1.74000263e-02 1.01978540e-01 -3.26976776e-02 -4.05813485e-01
    5.50659120e-01 -3.81667256e-01 6.78907335e-01 -7.22024560e-01
    6.91085815e-01 1.04822409e+00 -3.68335247e-02 -1.04301512e-01
    -6.79463565e-01 1.79006243e+00 8.84257257e-01 1.20723653e+00
    -6.18853569e-02 6.51034474e-01 4.47630405e-01 8.23511779e-01
    1.71996510e+00 -2.66124964e-01 1.44988632e+00 -2.18774080e-01
    -8.27140152e-01 -2.17056274e-03 1.21779394e+00 1.41607308e+00
    1.76908314e-01 -7.35085070e-01 1.32128537e+00 6.73124194e-01
    1.21384382e+00 1.43177330e-01 1.32663655e+00 1.16065383e+00
    -2.93399036e-01 1.09871173e+00 5.79808116e-01 1.18018913e+00
    -2.21804440e-01 1.63435674e+00 -9.92549062e-02 6.32603824e-01
    -6.20298862e-01 -6.20943666e-01 6.33850813e-01 1.77072191e+00
    9.47083294e-01 1.11274290e+00 -1.46850169e-01 4.67825890e-01
    6.66528821e-01 7.77311087e-01 3.38494003e-01 -6.75986171e-01
    -2.30238438e-01 -3.01741898e-01 -1.78403080e-01 -7.11670518e-01
    9.26840782e-01 1.37425709e+00 1.87481582e-01 5.70208490e-01
    -1.06016397e-01 1.09766090e+00 -4.00983900e-01 -7.56588995e-01
    9.28830743e-01 1.23063278e+00 -1.72268093e-01 1.62599564e+00
    -7.88158774e-02 6.61917448e-01 1.15476203e+00 9.30355787e-01
    5.53701460e-01 1.90637946e-01 3.12290609e-01 9.79254901e-01
    -4.31256980e-01 1.12500370e+00 8.82527649e-01 -5.11633754e-02
    1.44552112e+00 -7.29337335e-01 1.30578578e+00 1.10746479e+00
    -4.64734972e-01 5.89472532e-01 1.29442871e-01 1.21534276e+00
    1.19200325e+00 -5.12745380e-01 8.99559855e-02 -1.66892886e-01
    1.54967368e+00 -7.42376983e-01 -1.79028630e-01 -5.52463412e-01
    5.73094249e-01 1.54373384e+00 2.58275270e-01 1.54725516e+00
    -1.61392212e-01 -4.95961517e-01 -6.40727639e-01 1.65212727e+00
    -5.97377121e-01 -2.49477714e-01 1.61865687e+00 1.95000410e-01
    -9.84034538e-02 9.82486367e-01 1.10154343e+00 1.86416447e-01
    -2.17114091e-02 -2.46645272e-01 -2.74730504e-01 1.58406663e+00
    7.69692659e-01 -6.73599005e-01 1.32221580e-02 -2.47112036e-01
    1.25870800e+00 -5.88010371e-01 -6.65011942e-01 1.64840055e+00
    7.72047937e-01 1.66227531e+00 1.31786370e+00 2.23235607e-01
    6.56680405e-01 8.64207149e-02 -6.82852209e-01 9.40416992e-01
    3.70782316e-01 6.77808046e-01 1.32746506e+00 7.46014953e-01
    9.67512190e-01 9.98017013e-01 -4.48992312e-01 3.20021570e-01
    6.22898340e-01 -3.69943738e-01 1.11661088e+00 1.06458759e+00
    5.04715264e-01 5.40921688e-01 -4.27473813e-01 7.02679515e-01
    4.79556561e-01 -4.68441665e-01 1.26657057e+00 1.42673969e+00
    -7.21760809e-01 2.20208704e-01 1.27735806e+00 -7.53694475e-01
    -1.90473557e-01 2.81577051e-01 1.73115170e+00 7.36678839e-01
    4.39063907e-02 5.06677389e-01 -7.98095465e-01 1.43897009e+00
    4.56339180e-01 8.14085364e-01 6.26087189e-04 -1.57511055e-01
    3.92995894e-01 1.43359590e+00 -1.03963494e-01 3.24406326e-01
    7.29219556e-01 1.35309410e+00 1.19614732e+00 1.41334891e+00
    1.52816105e+00 -2.58919716e-01 -5.94071984e-01 2.10042059e-01
    3.65121245e-01 1.47107601e+00 -4.42182958e-01 1.26961887e+00
    1.20648503e+00 1.63608837e+00 4.26749706e-01 1.15940285e+00
    -6.26043677e-01 2.30396450e-01 -6.03944778e-01 2.52123356e-01
    9.34235036e-01 4.67017531e-01 4.75994587e-01 2.72246122e-01
    8.58655334e-01 7.34237194e-01 1.67730498e+00 1.00362182e+00
    -3.72395307e-01 -4.83649284e-01 1.75731397e+00 -8.49425793e-02
    1.28513563e+00 -2.93992639e-01 -1.48456365e-01 -1.99019492e-01
    1.86276174e+00 1.56141758e+00 2.06052065e-01 -4.97494340e-01
    -6.10594332e-01 1.47303569e+00 1.20201182e+00 1.17347634e+00
    1.20895576e+00 -8.01550925e-01 1.10529232e+00 1.51968002e-02
    6.37293279e-01 3.33439410e-01 9.16327477e-01 3.08772027e-01
    -1.60288811e-03 -7.45362043e-03 1.31581843e-01 -2.85284519e-01
    -2.66781241e-01 3.97136152e-01 1.51246357e+00 -7.22402096e-01
    7.67561674e-01 1.44411385e+00 -8.16633821e-01 1.29915786e+00
    1.37986326e+00 1.58861911e+00 1.10570836e+00 1.60838735e+00
    -6.00602031e-01 1.28480542e+00 4.45494711e-01 8.84025574e-01
    8.18718672e-01 2.64712751e-01 -6.48155212e-02 1.11006069e+00
    -5.41263878e-01 -4.34510380e-01 1.41548800e+00 -3.53017449e-02
    1.17251134e+00 1.15203321e-01 9.36519742e-01 4.70759928e-01
    3.72610033e-01 1.94955170e-01 4.93560374e-01 -5.36822081e-01
    8.89039993e-01 1.19745743e+00 -5.51136136e-02 1.74493790e-02
    7.61730552e-01 -4.02134538e-01 -2.28364229e-01 1.46431184e+00
    1.12516069e+00 3.32679808e-01 6.08370662e-01 4.76910651e-01
    1.28444791e+00 -4.76475775e-01 1.07130063e+00 1.41350365e+00
    1.30773878e+00 1.24061394e+00 6.73866093e-01 6.53333604e-01
    1.56626081e+00 1.48406124e+00 1.49245453e+00 1.18176091e+00
    -5.89810848e-01 -7.40743279e-01 7.08590686e-01 6.33913994e-01
    -4.64651465e-01 -4.59944010e-01 1.37464321e+00 1.23750901e+00
    -3.71551096e-01 3.65528762e-01 -6.39062047e-01 2.26117074e-01
    9.68421102e-01 1.79958987e+00 -2.94400722e-01 -4.58509684e-01
    9.93218839e-01 -2.65009403e-01 1.25761652e+00 3.32691193e-01
    -1.38418734e-01 1.21919966e+00 -4.68621373e-01 -3.02458763e-01
    5.13855040e-01 1.32583213e+00 6.34903133e-01 6.72270298e-01
    1.64508367e+00 -7.58927643e-01 1.53609884e+00 -5.20454347e-01
    2.64683485e-01 -6.11962378e-01 -3.43599945e-01 1.08763158e+00
    5.66177368e-02 6.47226453e-01 -6.50417030e-01 4.55429375e-01
    -2.42061913e-01 1.60424352e+00 1.35486019e+00 1.91797853e-01
    8.41216743e-01 1.06713772e+00 1.97827816e-04 -2.79728591e-01
    1.08104789e+00 7.31796503e-01 1.02588701e+00 1.75653100e-01
    -3.83051068e-01 -8.96480083e-02 5.03432930e-01 8.66861463e-01
    2.61255622e-01 -7.77275920e-01 1.56067050e+00 1.62013876e+00
    -4.55582529e-01 -7.93217182e-01 1.19236946e-01 7.23491907e-02
    1.33683908e+00 2.15783477e-01 4.60436940e-01 1.60400033e+00
    1.19697857e+00 2.60953605e-01 -3.26370299e-01 1.54234099e+00
    7.45420456e-01 9.94143903e-01 9.96013939e-01 -2.44720310e-01
    -1.64266586e-01 5.30144572e-01 -1.94131255e-01 8.69865596e-01
    1.49505782e+00 -1.94615424e-01 7.48272359e-01 3.85054111e-01
    1.18517959e+00 5.97189009e-01 1.18653131e+00 1.31113887e+00
    -3.34733248e-01 -3.23473275e-01 -4.07154500e-01 -1.98569655e-01
    1.39617133e+00 -2.94456482e-02 2.29493320e-01 1.02458954e+00
    5.25536478e-01 9.04966533e-01 -1.01763010e-01 9.88084674e-02
    2.62581408e-01 4.70873117e-02 1.73898029e+00 1.02945685e-01
    1.39422929e+00 -2.63791561e-01 1.01955056e-01 3.41446400e-02
    -4.93538231e-01 1.02696443e+00 -2.97986865e-02 -1.70719445e-01
    6.19277596e-01 1.01683593e+00 1.62800491e+00 5.97507894e-01
    -6.29352331e-01 -1.28092706e-01 2.95989335e-01 -6.16778791e-01
    8.42761219e-01 1.49541080e-01 -7.93843210e-01 7.61285782e-01
    1.06529474e+00 1.28899050e+00 8.44010830e-01 6.67262375e-01
    -2.81829834e-01 4.07010555e-01 8.12428534e-01 1.01112270e+00
    -2.45684206e-01 6.82193041e-03 8.42607975e-01 1.60379481e+00
    1.51427889e+00 9.74388719e-01 6.49560630e-01 6.75130725e-01
    2.31345773e-01 1.01447177e+00 9.22911346e-01 1.46120965e+00
    1.16988492e+00 1.43989098e+00 -5.39667308e-01 -6.03833199e-02
    1.07681155e+00 1.09582639e+00 5.18256545e-01 1.15816855e+00
    1.50410175e+00 1.04960608e+00 1.02787006e+00 1.35872793e+00
    -7.60621369e-01 -4.28173780e-01 2.23538518e-01 1.73804581e+00
    -2.27084398e-01 6.14152253e-01 9.68153477e-02 -2.83527285e-01
    7.04635322e-01 -5.29611707e-01 1.21255064e+00 -4.13586348e-01
    -4.32046443e-01 1.31430471e+00 2.10270703e-01 1.24662519e+00
    6.39583468e-01 -5.34548521e-01 6.21154964e-01 -3.01059663e-01
    -1.44494444e-01 3.10944736e-01 1.16666830e+00 -3.14386517e-01
    1.49897099e-01 5.69766700e-01 8.39211941e-01 1.07099080e+00
    1.24916029e+00 -3.91310960e-01 1.13026917e+00 1.36575639e+00
    7.95910060e-01 1.54281378e+00 3.11059475e-01 1.03247142e+00
    4.28642750e-01 1.46264124e+00 -1.98411942e-01 9.07220244e-02
    7.57778704e-01 1.36872947e-01 -1.64907575e-01 1.62870049e-01
    5.97974777e-01 -2.11095303e-01 -5.87633133e-01 2.12728977e-03
    2.06360400e-01 1.42714226e+00 -1.03792727e-01 -5.04632175e-01
    1.59194148e+00 -5.28653264e-01 1.67009068e+00 9.15569007e-01
    7.83950806e-01 2.98968852e-01 1.39337909e+00 -5.48711181e-01
    -3.92710865e-01 1.70727205e+00 8.33149850e-01 -4.62451011e-01
    -6.50859058e-01 5.72191536e-01 9.58943605e-01 8.40409935e-01
    8.24852049e-01 1.37985873e+00 1.54742980e+00 4.26125705e-01
    9.16069746e-02 1.36374176e+00 1.53333044e+00 8.53139818e-01
    6.75315559e-01 7.52054513e-01 8.58176291e-01 4.28564727e-01
    -5.73858619e-01 2.29128540e-01 1.48831987e+00 1.06677115e+00
    7.12858021e-01 2.84821749e-01 4.95405197e-01 1.00296593e+00
    -1.04960263e-01 -3.65873396e-01 7.68721521e-01 9.72571313e-01
    1.02396464e+00 4.51700211e-01 -2.90911794e-01 1.60656917e+00
    -8.34912539e-01 7.22727001e-01 1.49671054e+00 -2.13402987e-01
    1.41134799e+00 -4.39558029e-01 1.61967456e+00 1.64262545e+00
    -2.78964281e-01 -8.33173752e-01 6.81264102e-01 -4.88937587e-01
    7.52938390e-02 1.54650807e+00 5.59641063e-01 6.01836324e-01
    -2.99060583e-01 -7.13140011e-01 4.33145523e-01 1.77856457e+00
    8.37768912e-01 -4.55147028e-02 1.22061324e+00 -3.68653178e-01
    -2.60700941e-01 1.47359085e+00 1.45064652e-01 1.04114544e+00
    -4.64726895e-01 -3.24404776e-01 -6.41803980e-01 -2.43455470e-01
    8.83492768e-01 9.40978765e-01 8.44308615e-01 1.04352379e+00
    1.11075783e+00 1.26102805e-01 -3.97068471e-01 1.14571941e+00
    -4.29664969e-01 1.42613578e+00 7.16806054e-02 -8.26303422e-01
    1.50568628e+00 7.52581358e-02 7.92655706e-01 -8.31873000e-01
    7.35578239e-01 2.52368867e-01 1.28835642e+00 -1.66865408e-01
    7.82774568e-01 1.57103145e+00 6.31856322e-01 1.13764715e+00
    1.30108547e+00 7.41514444e-01 2.15554416e-01 -4.89086032e-01
    -6.04550600e-01 8.18761349e-01 1.59323239e+00 -6.69418752e-01
    -4.51968521e-01 -5.65406859e-01 -1.82492435e-01 1.32875991e+00
    1.37002754e+00 -4.79282409e-01 2.19271779e-02 1.01868379e+00
    8.95663142e-01 -2.88465500e-01 9.88673389e-01 -7.21494555e-01
    1.76548886e+00 1.61909747e+00 3.39207649e-01 4.13459361e-01
    1.42504776e+00 -1.43087626e-01 1.59248722e+00 1.08847141e+00
    -4.65786189e-01 3.05158377e-01 -4.58811462e-01 -5.72886407e-01
    -8.43781233e-03 1.40699661e+00 5.24309576e-01 7.68330872e-01
    1.24928236e+00 1.38957405e+00 3.55313420e-01 7.02766120e-01
    -7.17291951e-01 6.75557077e-01 -3.79284889e-01 5.46066284e-01
    1.15435982e+00 -3.05517137e-01 1.14314890e+00 4.10742640e-01
    -2.02807844e-01 -6.10653222e-01 1.21906328e+00 1.52832782e+00
    -6.59896255e-01 1.08684301e+00 7.01313674e-01 1.29038882e+00
    9.74874020e-01 -3.76582414e-01 8.56159985e-01 1.48835421e+00
    1.69481277e-01 -7.27802515e-02 -4.78744030e-01 1.25410628e+00
    5.73774934e-01 1.32671118e+00 2.80897558e-01 -2.96624511e-01
    -8.99403691e-02 6.63771987e-01 7.80535877e-01 1.41549051e+00
    1.65681076e+00 1.40414000e+00 1.50889337e+00 1.05134463e+00
    1.13124228e+00 -5.38421869e-02 4.90888238e-01 -4.07123446e-01
    -3.84847760e-01 1.57262778e+00 1.30411553e+00 4.67344403e-01
    1.87772632e-01 3.86449099e-02 -5.21508336e-01 8.57378364e-01
    1.29367507e+00 9.81766820e-01 -7.16681480e-01 1.57699680e+00
    -8.25078189e-01 -2.50589371e-01 9.39531446e-01 2.04836667e-01
    6.62924588e-01 1.64548945e+00 6.93693519e-01 1.21504605e+00
    1.04175830e+00 -6.92439020e-01 9.76601720e-01 1.58645976e+00
    5.43010235e-02 6.84414089e-01 6.33358359e-02 3.24522853e-02
    1.10105205e+00 1.02815068e+00 -4.51912254e-01 5.55608809e-01
    1.56404638e+00 1.51763558e-01 3.74489069e-01 1.11153150e+00
    -2.49752104e-01 -6.34815335e-01 4.96704340e-01 8.19868147e-01
    6.77858710e-01 1.03690767e+00 -4.41007137e-01 4.23968554e-01
    -2.37691075e-01 6.20983303e-01 7.14235246e-01 -2.80354440e-01
    -2.74371922e-01 9.00363088e-01 4.38869417e-01 -1.92362607e-01
    -5.85846901e-01 2.57076204e-01 1.04473424e+00 -5.64141035e-01
    7.55181909e-02 6.09246254e-01 8.69095802e-01 -3.70784491e-01
    1.54057622e+00 3.95994902e-01 9.49841678e-01 1.52557647e+00
    -2.24242687e-01 8.45490098e-01 -5.36319017e-01 -5.17623782e-01
    -3.45741570e-01 -2.98662663e-01 -3.57152969e-01 5.17934501e-01
    8.11540604e-01 5.37405014e-01 8.93223047e-01 -4.38052118e-01
    -2.33373046e-01 8.52476954e-02 -5.40480494e-01 1.09667420e+00
    -1.06329322e-01 -5.31496763e-01 -2.47085273e-01 3.60871077e-01
    1.11136448e+00 1.21899939e+00 4.49177027e-01 8.50575387e-01
    6.35245085e-01 -9.41484571e-02 1.40539575e+00 -4.28380013e-01
    -5.14598548e-01 1.03125346e+00 -5.84193170e-01 1.69021273e+00
    8.54377925e-01 1.41477346e+00 -3.63264889e-01 9.93522584e-01
    1.41619229e+00 2.99263597e-01 1.33597517e+00 5.50475895e-01
    4.51339781e-01 -2.94661701e-01 2.57854164e-01 6.23668909e-01
    -6.95832133e-01 5.34991860e-01 6.05808496e-02 7.22530425e-01
    -4.37011063e-01 1.24575162e+00 -1.15838110e-01 -5.75635731e-01
    -8.49276841e-01 5.27385771e-01 -3.42316747e-01 8.53872001e-01
    -5.55583000e-01 -6.54280186e-02 -6.00821555e-01 1.09678876e+00
    6.83728874e-01 5.82504392e-01 1.09288990e+00 7.51665890e-01
    1.54245901e+00 -1.06366992e-01 -1.59771383e-01 -2.98237771e-01
    6.90055072e-01 -3.51417959e-01 5.03441036e-01 1.01083350e+00
    -6.68192029e-01 9.34139371e-01 1.03321123e+00 1.73514223e+00
    1.05489397e+00 -6.77651048e-01 1.13133490e-01 7.40022898e-01
    1.40594006e+00 9.74954188e-01 1.39387107e+00 1.23011935e+00
    3.85837615e-01 -7.66288042e-02 8.99792135e-01 1.09024358e+00
    1.68085861e+00 1.28929806e+00 1.04930496e+00 4.62713838e-02
    1.55368340e+00 -4.45167422e-01 3.97477984e-01 1.38741946e+00
    8.37469101e-01 1.17319822e+00 -4.01961803e-03 9.46265340e-01
    6.50308192e-01 2.84959853e-01 1.39076900e+00 1.42730784e+00
    4.33002591e-01 -8.68629694e-01 -3.77741694e-01 1.61031997e+00
    4.03373182e-01 1.03222275e+00 -6.47982597e-01 1.17678201e+00
    -6.53714478e-01 3.23686302e-01 1.57707191e+00 1.15804267e+00
    8.42491090e-01 6.05403543e-01 4.18688715e-01 7.75091171e-01
    1.09070373e+00 2.49423027e-01 9.52894092e-01 -5.88926077e-02
    5.73160589e-01 1.03943622e+00 1.10181606e+00 -7.76419342e-01
    8.88260722e-01 -2.95131207e-02 7.43810534e-02 2.11971879e-01
    1.52891684e+00 1.69320893e+00 1.64526641e-01 -5.81964731e-01
    -5.87845266e-01 1.16608334e+00 -4.48266685e-01 5.70477366e-01
    -2.97260284e-03 5.60867071e-01 8.16641450e-01 1.09375441e+00
    9.88663495e-01 -6.77701592e-01 1.14408493e+00 8.14956069e-01
    6.71057463e-01 1.67200983e+00 -6.84603274e-01 1.18539524e+00
    2.91338980e-01 9.04289484e-02 1.61750054e+00 1.59367251e+00
    6.02324367e-01 5.78254461e-03 5.61943591e-01 1.39176786e+00
    -3.91575307e-01 1.71140611e+00 -5.49274325e-01 1.35549188e+00
    -7.54547179e-01 7.40198731e-01 1.55828238e+00 6.49754167e-01
    8.74372661e-01 -6.98891342e-01 9.04877484e-01 1.53175843e+00
    -6.86009526e-02 6.90061748e-01 3.18327248e-01 -2.46798575e-01
    3.47181797e-01 1.47866952e+00 -2.22042799e-01 -7.56743789e-01
    1.02740932e+00 1.10062957e+00 1.31475568e+00 -5.54086745e-01
    1.16342723e-01 -3.32307488e-01 1.26928365e+00 6.42359376e-01
    7.98090696e-02 1.03182912e+00 1.02333844e-01 9.65433896e-01
    9.46665168e-01 1.56983030e+00 -5.73110223e-01 5.61755896e-03
    6.96439743e-01 2.01915205e-01 1.31739902e+00 5.25876701e-01
    2.88191080e-01 1.47461247e+00 1.51904321e+00 -5.29841661e-01
    4.63477135e-01 7.62522578e-01 3.97899985e-01 -2.89574325e-01
    8.91218007e-01 -6.60111547e-01 1.08690846e+00 -4.76052225e-01
    -4.53315675e-01 1.15283728e+00 7.83355236e-02 9.09264922e-01
    -5.48625708e-01 -6.59629703e-02 1.53917384e+00 1.16709566e+00
    1.09875250e+00 9.51839447e-01 3.85505140e-01 -5.13414621e-01
    9.96935546e-01 -3.35139692e-01 5.26091099e-01 1.43501878e-01
    5.60991883e-01 6.05823874e-01 4.82500553e-01 1.09700871e+00
    -1.09223545e-01 1.21302772e+00 1.44260097e+00 -7.78520942e-01
    1.26260197e+00 -4.73892212e-01 2.20924556e-01 4.35621560e-01
    -4.68902141e-01 -1.66505575e-01 1.32767618e-01 -8.17661285e-02
    5.17254233e-01 -7.23771751e-01 -1.55360222e-01 1.06256247e+00
    1.77968144e-02 1.34061956e+00 9.45987940e-01 3.97372186e-01
    -7.37976193e-01 -3.41581821e-01 1.55647659e+00 8.23329687e-01
    1.02249444e-01 -3.19695741e-01 1.11050594e+00 -3.27168226e-01
    7.41540194e-02 1.23832536e+00 4.49575126e-01 6.23791099e-01
    1.40383911e+00 1.56686020e+00 -8.83523226e-02 4.17535067e-01
    1.01837456e-01 -8.74856114e-02 5.49956381e-01 1.15577197e+00
    4.74694014e-01 1.47873604e+00 1.57142472e+00 2.22335160e-01
    7.65292645e-02 1.69258213e+00 -2.49126077e-01 -4.91359830e-02
    6.43305421e-01 -4.22425359e-01 -4.70566899e-01 1.56251144e+00
    5.81296682e-02 -6.53075814e-01 1.01645648e-01 -2.68521249e-01
    -4.32875931e-01 1.12567115e+00 -6.58485293e-02 3.66761088e-01
    1.53395808e+00 1.73954153e+00 -7.84020126e-01 -3.00334275e-01
    1.33965921e+00 1.06958055e+00 1.42649901e+00 5.09707868e-01
    9.55153048e-01 3.76045704e-03 4.46863055e-01 5.01703858e-01
    1.57191288e+00 3.81808817e-01 8.94464850e-01 1.70144677e-01
    1.09022284e+00 5.30496895e-01 9.47160721e-01 1.65689015e+00
    -3.66541445e-01 9.92538869e-01 1.36163163e+00 1.68170297e+00
    1.48238754e+00 6.59976959e-01 -7.12132215e-01 6.71607077e-01
    4.50276911e-01 1.13052702e+00 4.84790564e-01 -3.67444158e-01
    4.12769318e-01 8.92661154e-01 9.76600647e-02 1.50164366e-01
    2.96677113e-01 7.84108818e-01 9.87291873e-01 1.01510644e+00
    1.03771091e-02 2.88042605e-01 7.78836846e-01 1.42152214e+00
    1.02020884e+00 5.39451659e-01 1.48146224e+00 1.23979616e+00
    -1.86381221e-01 9.08015549e-01 -7.02442229e-01 -5.69876015e-01
    4.84049678e-01 -4.44440454e-01 9.80073333e-01 1.52553248e+00
    1.39594221e+00 1.41411185e+00 5.48361599e-01 6.92563653e-02
    7.26165891e-01 6.18968070e-01 7.34514415e-01 2.32861459e-01
    1.18733096e+00 1.54643965e+00 1.25063002e-01 1.48379898e+00
    1.60373664e+00 8.45961571e-01 3.69436145e-01 -3.54143500e-01
    1.41631269e+00 5.34233332e-01 9.88090098e-01 1.33387256e+00
    1.05795217e+00 4.78424013e-01 1.36794400e+00 1.58103585e+00
    -2.92155266e-01 6.99387908e-01 1.46231174e+00 -1.99654222e-01
    2.27021813e-01 1.56382084e+00 1.62645578e+00 1.58576143e+00
    -7.38282442e-01 -2.85023272e-01 8.94274235e-01 8.60847771e-01
    3.85675907e-01 1.39991808e+00 -4.17730808e-02 -2.25713670e-01
    7.21044600e-01 -5.27608752e-01 -3.88423085e-01 5.71068406e-01
    9.63788211e-01 1.44824827e+00 -2.29443491e-01 9.55653846e-01
    1.65795088e+00 7.17854500e-02 8.30325007e-01 1.17894554e+00
    8.03188682e-02 6.20936751e-01 -3.26600730e-01 1.13099980e+00
    2.39394009e-01 1.47395194e-01 5.79680562e-01 1.57250941e-01
    1.12950158e+00 1.11023128e-01 7.05232680e-01 1.57639754e+00
    6.45803034e-01 3.54249477e-01 -2.34892786e-01 -2.33992100e-01
    -2.25660533e-01 2.44993091e-01 -5.54004848e-01 8.10673296e-01
    -4.25832480e-01 -9.54253078e-02 1.41751862e+00 -3.01158428e-03
    1.08387303e+00 1.85298860e-01 5.69128513e-01 5.02577245e-01
    6.33766413e-01 6.63186312e-02 8.71668220e-01 8.91217530e-01
    1.45122576e+00 6.74913883e-01 1.65158582e+00 1.11459148e+00
    5.12787104e-02 -4.26846147e-02 -7.94288516e-02 5.18025100e-01
    1.52267027e+00 6.03082597e-01 -6.28361404e-01 1.10376525e+00
    1.50946414e+00 8.38889301e-01 -3.22283894e-01 1.71024501e+00
    -6.31080210e-01 6.73827171e-01 6.18106604e-01 -6.44555330e-01
    -7.07478285e-01 1.11293197e-01 4.17607129e-01 -4.13620472e-03
    1.08101559e+00 1.53954554e+00 -2.15771854e-01 1.03950226e+00
    1.43613529e+00 1.65652299e+00 -1.40645504e-01 1.42138600e+00
    -1.99842811e-01 -2.15685070e-01 4.60274100e-01 6.51088536e-01
    2.29185820e-02 9.01411712e-01 7.70184457e-01 9.06547606e-01
    1.43301082e+00 1.26496673e+00 -1.57165110e-01 2.46895730e-01
    8.97709787e-01 -1.45346522e-01 6.70098841e-01 9.46647227e-01
    9.23366845e-01 4.58631396e-01 4.26942110e-03 4.09452736e-01
    1.65589452e+00 1.61148858e+00 6.24570608e-01 1.48027658e+00
    3.12909067e-01 1.50209808e+00 4.64343131e-01 1.56822240e+00
    3.79952967e-01 7.82917678e-01 9.04388666e-01 2.67877221e-01
    1.52205849e+00 7.22913086e-01 1.43803930e+00 1.62969375e+00
    1.13745522e+00 -3.33133280e-01 1.47674000e+00 -5.94269037e-01
    -1.20533943e-01 -6.93588257e-01 8.64200175e-01 1.20063114e+00
    3.77250612e-01 5.63137233e-01 1.09496939e+00 -3.03156435e-01
    5.28058410e-02 1.42461467e+00 1.75972438e+00 8.41387153e-01
    -2.61114001e-01 1.63316870e+00 1.31328297e+00 1.53903961e-02
    -4.30629641e-01 -5.50595522e-01 4.48998511e-01 4.20866132e-01
    9.23930645e-01 -3.93167198e-01 -7.41478086e-01 1.24776936e+00
    7.46761441e-01 4.73684251e-01 -4.85434622e-01 -5.74255347e-01
    1.51354289e+00 1.40244865e+00 6.42172873e-01 -1.85507476e-01
    -5.44112563e-01 1.12127018e+00 -1.43775105e-01 1.23167443e+00
    1.48424292e+00 6.12036645e-01 1.03742599e+00 4.70561147e-01
    6.17229939e-03 -2.62316227e-01 -5.07689238e-01 -7.21533418e-01
    1.59375858e+00 -6.85752094e-01 -4.15420949e-01 1.66939998e+00</data></my_img>
<your_img type_id="opencv-matrix">
  <rows>128</rows>
  <cols>256</cols>
  <dt>f</dt>
  <data>
    -4.19868469e-01 1.15071297e+00 1.21562088e+00 3.76385093e-01
    -2.90215462e-01 -2.57241637e-01 8.99202347e-01 8.77331376e-01
    1.56078207e+00 1.24465954e+00 6.10807315e-02 3.88260275e-01
    7.26661682e-01 1.28311253e+00 4.93912160e-01 8.72508109e-01
    1.67394471e+00 5.20073771e-01 -5.94043076e-01 1.45772290e+00
    -2.63645351e-01 -5.47264457e-01 -3.25259380e-02 1.48932242e+00
    -6.78186178e-01 1.76772809e+00 -3.26598167e-01 1.74808598e+00
    1.59544909e+00 1.53583109e+00 3.11638087e-01 2.06277400e-01
    5.25318503e-01 1.28990543e+00 1.53873932e+00 -1.11301146e-01
    -1.62998796e-01 4.41184714e-02 1.09380877e+00 -8.19732606e-01
    1.05931842e+00 9.67953622e-01 -8.11745405e-01 1.63350689e+00
    -6.51322782e-01 1.36382654e-01 4.39764023e-01 6.47826970e-01
    1.53095865e+00 6.77977562e-01 -2.53926933e-01 -4.75147933e-01
    -1.82345748e-01 1.43822086e+00 7.40331471e-01 3.08507860e-01
    -5.92527032e-01 1.12399030e+00 2.26722687e-01 7.10562011e-03
    1.47715688e+00 -8.08344781e-01 7.62175679e-01 1.45637214e-01
    1.51794028e+00 1.24094740e-01 9.41985399e-02 8.68067861e-01
    1.81992874e-01 1.50978088e+00 8.42392892e-02 -1.30347341e-01
    1.36319292e+00 3.31655890e-01 2.82206595e-01 3.28662753e-01
    1.02884138e+00 1.35058951e+00 -7.48154521e-01 4.02323902e-01
    -8.59331787e-01 1.36728853e-01 -3.78957272e-01 1.67003667e+00
    1.18279791e+00 5.34898378e-02 9.49285567e-01 9.37039673e-01
    1.42730892e+00 1.61412135e-01 -2.19868034e-01 -5.11904240e-01
    1.57876587e+00 -2.20994994e-01 -2.70036221e-01 3.41228127e-01
    -3.25188041e-01 1.25724161e+00 6.05295181e-01 1.50976145e+00
    2.56706089e-01 -1.48894340e-01 -6.40066981e-01 1.82146400e-01
    2.27209747e-01 3.08927536e-01 1.42045009e+00 8.99474442e-01
    -1.19209602e-01 1.10614848e+00 7.29892015e-01 1.08808887e+00
    2.03881055e-01 5.26997209e-01 1.36027205e+00 -1.66936204e-01
    8.55875134e-01 -4.76675004e-01 1.10930347e+00 -4.68399823e-01
    1.76852727e+00 5.21605432e-01 1.61678267e+00 1.14259970e+00
    7.98848420e-02 -3.73633295e-01 8.59137237e-01 6.88243151e-01
    -3.85645300e-01 1.25779712e+00 1.42394309e-03 -6.53130054e-01
    -7.28240132e-01 3.61238629e-01 1.04735005e+00 2.06941441e-01
    1.28325284e+00 1.65903831e+00 1.13785768e+00 1.61639798e+00
    -4.46620703e-01 1.51533091e+00 -1.62343495e-02 1.12960529e+00
    -4.15800601e-01 -6.55063391e-01 9.93260369e-02 1.00880015e+00
    1.32679129e+00 1.22350621e+00 5.25092185e-01 -3.25028241e-01
    6.17956698e-01 1.21688235e+00 1.11924517e+00 1.82844341e-01
    1.27688074e+00 -1.94797754e-01 9.90424395e-01 1.57562375e+00
    -2.56387591e-01 1.48358655e+00 -1.88680187e-01 1.08830549e-01
    -4.64272529e-01 4.99782898e-02 6.02292895e-01 1.57128584e+00
    4.84679610e-01 1.27017176e+00 -5.18766284e-01 1.24269652e+00
    1.69816792e+00 1.53095618e-01 5.84129512e-01 -5.98607719e-01
    1.21768618e+00 1.01357067e+00 1.02815926e+00 7.73600399e-01
    1.43513691e+00 9.81582165e-01 -3.62842232e-01 9.70534384e-01
    1.37529540e+00 1.09232163e+00 -6.50622189e-01 1.60434937e+00
    -5.18906295e-01 1.34480309e+00 3.81408542e-01 1.28253531e+00
    4.26982552e-01 1.87877968e-01 6.64812863e-01 1.51837552e+00
    6.62657917e-01 1.65338016e+00 -3.85490090e-01 3.13092023e-01
    1.48661065e+00 8.43878567e-01 -3.13828140e-01 8.22441995e-01
    5.38946450e-01 1.20540583e+00 1.59380567e+00 1.47972941e+00
    2.29872242e-01 -1.91202059e-01 -6.54279590e-01 1.22846842e+00
    4.97061044e-01 1.63942945e+00 -3.59547958e-02 1.20796573e+00
    -4.73088980e-01 1.24740720e+00 -8.39791000e-02 1.53986907e+00
    3.36690247e-01 -7.35870898e-01 1.40350747e+00 2.24153221e-01
    -3.23043257e-01 1.58143890e+00 1.41432512e+00 -5.01213193e-01
    1.56134474e+00 1.31274056e+00 2.90947735e-01 1.58600700e+00
    1.41189563e+00 1.21261358e-01 2.58936048e-01 7.34764993e-01
    1.39959431e+00 1.50670266e+00 1.15693295e+00 4.31388110e-01
    1.20420313e+00 4.82228339e-01 4.79791075e-01 1.25251424e+00
    -1.04423642e-01 1.71376860e+00 7.98003376e-01 1.23012388e+00
    -5.11702120e-01 8.82108510e-01 1.00720227e+00 -2.96380758e-01
    1.69634259e+00 -1.73823208e-01 1.03263363e-01 2.33227158e+00
    6.72434151e-01 9.29628134e-01 5.51483333e-01 9.40874755e-01
    6.02144957e-01 7.82220960e-01 -1.87932298e-01 -6.25834584e-01
    1.57567549e+00 5.86841524e-01 4.22491193e-01 1.74647129e+00
    1.64415121e+00 -5.71351647e-01 1.73376942e+00 -2.14955971e-01
    1.26016080e-01 -4.25754786e-02 2.43587211e-01 1.30645311e+00
    1.20641780e+00 1.19977808e+00 1.62243199e+00 -6.15228236e-01
    1.37112999e+00 -1.17840491e-01 4.56508011e-01 3.86055261e-01
    -5.16878247e-01 1.28893888e+00 3.48538995e-01 -7.32484102e-01
    5.66685319e-01 3.59671861e-01 1.22115076e+00 4.24351484e-01
    -6.94097951e-02 1.12269795e+00 -8.49150062e-01 8.39846313e-01
    1.50573313e+00 4.02488530e-01 1.29681301e+00 1.07271051e+00
    1.38995600e+00 1.15963471e+00 1.56965423e+00 1.40267587e+00
    1.00492191e+00 1.59719872e+00 9.03304994e-01 6.24524988e-02
    1.14156961e+00 1.55104077e+00 -4.68844384e-01 1.26607561e+00
    5.94378769e-01 1.37654555e+00 1.43076456e+00 -3.42390239e-02
    -2.64510542e-01 -3.95590276e-01 -6.26402199e-01 1.37069082e+00
    3.34418595e-01 1.37712514e+00 3.52011114e-01 1.68000650e+00
    4.25026953e-01 -4.93342370e-01 1.63487065e+00 7.22371757e-01
    3.10719222e-01 -9.28091347e-01 8.19068477e-02 1.04722726e+00
    1.01506758e+00 1.24645449e-01 4.67070580e-01 1.28806031e+00
    -2.04507008e-01 1.41468406e+00 1.47347236e+00 -3.53694022e-01
    5.95007360e-01 3.54593545e-01 6.42018437e-01 1.41412246e+00
    2.66027808e-01 1.40943027e+00 2.90439911e-02 1.52004212e-01
    -5.91185927e-01 -2.90638506e-01 1.36074317e+00 2.16154531e-01
    8.34279418e-01 4.21740383e-01 1.55298662e+00 7.76662648e-01
    1.53892481e+00 -4.58120763e-01 7.34990120e-01 1.07211661e+00
    1.91551019e-02 1.65489471e+00 1.20138741e+00 4.34905678e-01
    -8.10432553e-01 -1.01505116e-01 -4.67241436e-01 1.28212535e+00
    5.34058332e-01 -7.98168778e-01 4.71204281e-01 -2.52850115e-01
    -1.16733700e-01 9.61654305e-01 2.80960143e-01 2.30062827e-01
    -4.08997595e-01 3.07023942e-01 1.33249342e+00 -5.90587795e-01
    1.15196109e+00 1.69268191e+00 -3.16750377e-01 2.67589331e-01
    1.18886924e+00 1.27459359e+00 3.21689725e-01 1.74528137e-01
    1.66057992e+00 6.09504223e-01 -4.17217016e-02 1.35404915e-02
    -5.12804627e-01 1.16951931e+00 4.42481816e-01 1.99287757e-01
    8.03322077e-01 5.17835855e-01 1.52548718e+00 -5.04970290e-02
    -4.21752453e-01 -1.86693937e-01 2.94888556e-01 1.00087190e+00
    -4.93833423e-01 7.49756217e-01 -3.21883149e-02 -6.22685194e-01
    1.74670243e+00 5.09973288e-01 3.70060056e-01 8.19301724e-01
    3.76383454e-01 -3.89523834e-01 -6.28033161e-01 9.60701883e-01
    2.87059784e-01 1.13025212e+00 4.33722675e-01 1.61634588e+00
    5.92067182e-01 -8.16140354e-01 -6.41303957e-01 2.01938123e-01
    1.69809985e+00 2.91654855e-01 -3.32663149e-01 7.91351616e-01
    1.12218034e+00 9.95116889e-01 -1.16380066e-01 -1.91108838e-01
    3.42997938e-01 9.63944912e-01 9.22713578e-01 -6.90340967e-05
    1.49487555e-02 -1.93740964e-01 6.15724266e-01 -1.31474465e-01
    2.52822697e-01 1.72006869e+00 1.28653014e+00 4.71030295e-01
    6.85231909e-02 -2.01787710e-01 -2.49498412e-01 1.57124519e+00
    1.28590858e+00 1.08187485e+00 1.40194297e+00 6.77160025e-01
    2.02831075e-01 7.74107933e-01 -1.88997135e-01 -2.28990570e-01
    -3.81939888e-01 1.21533382e+00 8.77044320e-01 1.74952054e+00
    1.02600360e+00 8.61719370e-01 8.75612140e-01 -1.34283945e-01
    -5.42882323e-01 3.16610694e-01 1.36790967e+00 -1.79080755e-01
    6.18116796e-01 1.48032665e+00 1.48740765e-02 -6.29592687e-02
    1.49761915e+00 6.86495543e-01 7.54886389e-01 1.02630705e-02
    1.66166663e+00 4.89740014e-01 9.84035075e-01 -4.05591458e-01
    -1.56762809e-01 1.54197514e+00 -3.42888176e-01 -5.34518398e-02
    7.04102889e-02 -6.21572852e-01 -4.00763780e-01 1.39018774e+00
    2.09349588e-01 -2.10275710e-01 6.30477965e-01 -5.88038087e-01
    3.58420193e-01 1.39869118e+00 -2.87367374e-01 1.74455905e+00
    3.89580391e-02 -2.13566780e-01 7.23460674e-01 2.78193057e-01
    1.64400256e+00 1.44073021e+00 1.41550446e+00 5.08275032e-02
    1.30023599e+00 9.56432343e-01 -9.95147824e-02 1.64548826e+00
    1.80056083e+00 1.75966871e+00 8.88748914e-02 7.46502042e-01
    -5.82452595e-01 1.05649436e+00 1.49149418e+00 -3.32986772e-01
    1.22464752e+00 9.15813386e-01 -9.90428329e-02 9.97521877e-01
    -4.49698061e-01 6.56855285e-01 1.66222310e+00 -6.02689922e-01
    6.96045935e-01 -6.29421115e-01 8.94582927e-01 4.53897297e-01
    1.11617243e+00 3.03711414e-01 -2.45118827e-01 7.07203627e-01
    9.24603224e-01 -1.61447763e-01 -2.17908919e-01 -4.05843228e-01
    -1.92476630e-01 1.55497336e+00 -3.13710272e-01 2.43922830e-01
    1.62257099e+00 3.31110924e-01 -5.13484925e-02 4.28092867e-01
    1.45894599e+00 -2.82999218e-01 -6.79846048e-01 5.94181895e-01
    6.96982682e-01 1.30355608e+00 1.45098996e+00 1.78550884e-01
    1.09855902e+00 1.34775782e+00 8.54376018e-01 2.80541122e-01
    1.56717765e+00 1.65274227e+00 -8.48800242e-01 6.25623405e-01
    3.95939261e-01 9.32284236e-01 1.51868033e+00 1.33708441e+00
    1.01896131e+00 1.25031257e+00 8.72334182e-01 -3.58820558e-01
    -3.24352771e-01 -2.29684085e-01 1.54726136e+00 5.07959664e-01
    -1.08261779e-02 -2.96890229e-01 -4.27411169e-01 -1.34300843e-01
    6.43256187e-01 1.41586530e+00 8.65730405e-01 -1.83592434e-03
    9.21427250e-01 2.36422896e-01 -5.83502531e-01 1.44315696e+00
    3.47678691e-01 1.50712121e+00 1.23880851e+00 -3.03192139e-01
    1.60465705e+00 2.22681940e-01 1.43638372e+00 1.36218941e+00
    -6.69908106e-01 1.11206877e+00 1.37374616e+00 1.59493744e+00
    7.81045675e-01 3.17223251e-01 1.74987733e-01 3.79471123e-01
    1.31639913e-01 2.45291039e-01 5.95332384e-01 -7.28009760e-01
    1.52544582e+00 4.99667555e-01 1.24495423e+00 3.12971592e-01
    1.12788057e+00 -5.92078805e-01 1.24302423e+00 -2.10629195e-01
    8.35997939e-01 3.31887275e-01 1.25677299e+00 3.18214983e-01
    1.28114653e+00 3.28072459e-01 1.49294937e+00 1.02976072e+00
    1.50161469e+00 1.21065474e+00 6.61589682e-01 1.09704852e+00
    1.23321676e+00 1.28625214e+00 7.39454448e-01 4.11172174e-02
    -1.44269451e-01 3.89561504e-01 6.08637869e-01 -3.59788716e-01
    7.28640795e-01 1.52567495e-02 9.06465828e-01 1.28815264e-01
    1.14686143e+00 6.25003576e-01 1.63704240e+00 1.53446436e+00
    4.06587094e-01 -1.07839860e-01 1.19581962e+00 6.53885484e-01
    1.01535571e+00 -1.05324395e-01 1.64527702e+00 -2.24834397e-01
    5.61974943e-01 1.56731892e+00 -9.20901418e-01 4.41994369e-01
    -1.56780273e-01 1.28819513e+00 8.67857039e-01 1.16695893e+00
    1.39318645e+00 -2.10924640e-01 -6.22312605e-01 -3.54997694e-01
    -4.95172143e-01 6.83899045e-01 -7.57163286e-01 -4.59462434e-01
    1.39608860e+00 1.24189389e+00 -7.27846205e-01 -2.03545541e-01
    2.23747298e-01 6.99088097e-01 1.56173182e+00 2.96327029e-03
    -4.15002316e-01 9.19490755e-01 -6.56162620e-01 7.83837378e-01
    1.61739314e+00 8.05972293e-02 -4.03014213e-01 9.87545550e-01
    1.46801281e+00 1.61646676e+00 -7.83631325e-01 3.50473970e-01
    -3.74875724e-01 1.03472471e+00 1.32216430e+00 6.54605255e-02
    7.40821004e-01 1.09415817e+00 -1.00434914e-01 1.00561988e+00
    3.77651989e-01 4.21048015e-01 -3.77774835e-01 -4.91310239e-01
    1.39952111e+00 2.71494120e-01 1.07273722e+00 2.77970731e-01
    5.27500451e-01 4.18317676e-01 1.62024236e+00 1.28603196e+00
    4.94059294e-01 1.32644475e+00 1.37849426e+00 5.95696568e-01
    3.39705914e-01 4.98395503e-01 1.34459987e-01 3.78476650e-01
    1.31253672e+00 -2.22074792e-01 -5.63325524e-01 1.04634345e-01
    8.07268679e-01 1.65671647e+00 -3.57415825e-01 1.02983451e+00
    1.17192388e+00 5.40057719e-01 9.94963646e-01 2.64908988e-02
    -4.40788627e-01 4.44626808e-01 1.20112360e+00 4.86004263e-01
    1.12806833e+00 1.54759383e+00 1.51025403e+00 1.01361954e+00
    1.70222875e-02 1.40606070e+00 1.23400748e+00 4.59316194e-01
    6.43244147e-01 1.66313231e+00 -4.08414811e-01 4.05808747e-01
    1.37056422e+00 1.07455218e+00 1.05317736e+00 1.49260819e+00
    1.08808875e+00 9.55606848e-02 1.27002203e+00 5.99017978e-01
    1.40966070e+00 3.94955933e-01 9.47440505e-01 -4.00131375e-01
    7.21566752e-02 1.02970350e+00 -6.21128500e-01 1.18797052e+00
    4.67047662e-01 -3.61302719e-02 -6.69502497e-01 -3.65308344e-01
    1.16630125e+00 4.02722359e-01 -4.79999602e-01 -5.62863410e-01
    -4.38421607e-01 -4.69022363e-01 1.52152181e+00 2.27197862e+00
    4.86641983e-03 -6.99214995e-01 -5.00988781e-01 -6.76336408e-01
    6.13396347e-01 1.60161722e+00 1.14640856e+00 -1.36324048e-01
    -6.24189496e-01 9.21042442e-01 3.65450948e-01 -7.76376426e-01
    7.32940257e-01 -3.53946894e-01 5.84780157e-01 -3.49643707e-01
    8.16973925e-01 1.06674671e+00 6.41021371e-01 1.16235352e+00
    1.11943567e+00 1.12110579e+00 9.49398935e-01 1.12166715e+00
    2.08878309e-01 1.20457923e+00 5.44635773e-01 8.34645033e-01
    7.08027899e-01 -1.18581757e-01 6.43004060e-01 1.17023385e+00
    -2.03688885e-03 1.44744408e+00 -3.55162621e-01 7.90178403e-02
    1.19526863e+00 -5.91694154e-02 -1.86075732e-01 1.71799883e-01
    -6.90183163e-01 -7.37527430e-01 3.37326437e-01 1.50823426e+00
    8.70963037e-01 1.15611665e-01 -5.21291673e-01 9.98524129e-02
    9.91722420e-02 6.58395290e-01 8.03100690e-02 -3.25752437e-01
    6.50055408e-01 1.45041585e+00 -5.96621692e-01 -2.27256641e-01
    1.41856027e+00 6.17241740e-01 1.59060729e+00 1.77389085e+00
    -5.81400096e-01 7.49156177e-01 1.10807788e+00 8.14430237e-01
    4.71544385e-01 8.10562670e-01 4.93032157e-01 5.78536332e-01
    -1.97316632e-01 4.55362529e-01 5.34865148e-02 8.10665786e-01
    1.64803314e+00 -2.83717096e-01 -2.42867768e-02 1.05486369e+00
    1.03774130e+00 8.54052246e-01 -6.52113020e-01 1.17005324e+00
    9.23236370e-01 1.17276669e+00 6.27265215e-01 8.43859017e-01
    1.55180383e+00 -2.48695150e-01 3.28906804e-01 1.43970942e+00
    -3.24376315e-01 9.60287035e-01 1.51942718e+00 1.20107079e+00
    1.00589216e+00 1.45232475e+00 -2.64765382e-01 2.93799162e-01
    1.08737242e+00 3.73349845e-01 8.86306226e-01 1.09520125e+00
    1.52675736e+00 9.96163368e-01 6.82190716e-01 8.60159755e-01
    -2.97160685e-01 8.42731714e-01 1.26240802e+00 1.53779253e-01
    8.14108908e-01 1.07614720e+00 3.39903861e-01 6.98474586e-01
    1.69180846e+00 1.56594887e-01 2.42689475e-01 6.89830661e-01
    9.67075825e-01 -2.33919621e-01 -1.56062171e-01 1.37800664e-01
    -1.03634208e-01 2.09104925e-01 4.34872545e-02 4.36668873e-01
    -4.79190528e-01 1.48900700e+00 7.52614141e-01 1.62907803e+00
    1.48639905e+00 1.60231435e+00 1.53100514e+00 6.80744648e-01
    -5.33060849e-01 6.34886622e-01 -4.94697094e-01 1.09270227e+00
    8.16296399e-01 1.02014220e+00 6.62548363e-01 9.82036233e-01
    3.82667243e-01 5.67765176e-01 1.47903681e-01 7.32748926e-01
    1.70393658e+00 3.53806257e-01 8.60394776e-01 1.71422887e+00
    2.44213268e-02 -2.87247717e-01 1.65729821e+00 -1.78323314e-01
    5.58147013e-01 1.26713216e+00 5.59380511e-03 1.69632769e+00
    -5.97511768e-01 1.41503870e+00 -6.58274531e-01 4.70516562e-01
    9.46879268e-01 6.79679990e-01 7.83242881e-01 1.63130534e+00
    2.88968179e-02 1.62325943e+00 1.08952296e+00 1.71188414e-02
    -5.44241786e-01 -5.77464700e-02 9.60468829e-01 1.25278044e+00
    1.45819294e+00 5.12852013e-01 1.46702874e+00 -4.52080309e-01
    -3.71538073e-01 -3.82221550e-01 -6.93253160e-01 1.43579215e-01
    1.39788318e+00 -2.01375782e-01 1.55846858e+00 4.59179543e-02
    8.19026887e-01 1.25410604e+00 -1.50539920e-01 1.11533761e+00
    -5.56076527e-01 -6.98601663e-01 1.12385201e+00 4.28560019e-01
    -2.36464173e-01 1.25683486e-01 5.73207796e-01 5.67653179e-01
    -2.53567219e-01 1.42459142e+00 -1.18333176e-01 5.50884614e-03
    8.54638517e-01 6.08155653e-02 1.44599831e+00 3.02880734e-01
    1.82078630e-01 -7.14912713e-01 -6.46756470e-01 -8.27318609e-01
    8.05649281e-01 8.12643021e-02 -1.93766400e-01 1.68779576e+00
    -2.72205360e-02 7.47685850e-01 1.04127057e-01 8.06426942e-01
    1.55183804e+00 -3.80053103e-01 1.19506240e+00 1.13031566e+00
    1.06701636e+00 3.25411528e-01 1.55563819e+00 5.74731410e-01
    -7.46228337e-01 -7.94827282e-01 1.19739509e+00 1.17814994e+00
    -3.98485988e-01 6.02807626e-02 -5.31649232e-01 -6.85946286e-01
    -5.57757199e-01 -8.42068121e-02 -1.24254979e-01 1.60384345e+00
    2.70850658e-01 3.21481586e-01 -1.55516908e-01 9.21638966e-01
    -6.84254587e-01 1.04639316e+00 6.94308102e-01 1.63944900e+00
    -5.25556684e-01 1.24130726e+00 1.54029953e+00 -2.05834717e-01
    7.56135732e-02 -5.87221049e-02 9.18580651e-01 1.73261476e+00
    -4.09112930e-01 5.49122751e-01 -2.12081775e-01 7.29243934e-01
    1.51778376e+00 5.71220934e-01 4.08032775e-01 1.46430266e+00
    1.32989013e+00 -2.19468325e-01 1.58077371e+00 1.30508077e+00
    3.13488454e-01 7.07188249e-01 1.35184455e+00 -3.50079179e-01
    1.41276628e-01 5.98134279e-01 -8.45182985e-02 9.84682262e-01
    4.80740905e-01 -5.16790688e-01 9.06334043e-01 9.23677325e-01
    -2.94216990e-01 7.26880610e-01 2.13370994e-01 -6.18081927e-01
    6.31650507e-01 1.10573304e+00 -8.73028040e-02 1.38148308e+00
    -3.67442876e-01 1.54583919e+00 1.31708086e+00 -2.77325720e-01
    1.27158439e+00 1.62698364e+00 1.01569116e+00 -3.64655107e-01
    -5.86745620e-01 1.67365527e+00 1.73222554e+00 -3.81158799e-01
    1.04369843e+00 1.38351715e+00 6.24695599e-01 1.06662493e-02
    1.51966238e+00 -3.02537978e-02 -5.08739650e-01 -8.26887846e-01
    3.83223623e-01 1.66205132e+00 -8.19604218e-01 -5.95984161e-01
    1.45846512e-02 -4.12371516e-01 1.37533844e+00 7.14462578e-01
    2.54837781e-01 -2.79257566e-01 1.14344645e+00 8.03068459e-01
    -5.86447343e-02 -3.02650392e-01 8.31115007e-01 1.08447349e+00
    -4.96172637e-01 1.69393599e-01 1.70755112e+00 -3.32196563e-01
    -7.17769325e-01 6.18069947e-01 -5.12717783e-01 1.06941730e-01
    7.66697466e-01 1.60396600e+00 1.10717332e+00 9.45745766e-01
    1.14599800e+00 -3.46483797e-01 7.75575697e-01 -4.47809458e-01
    4.41652328e-01 -2.99966872e-01 8.46491635e-01 1.48546398e+00
    -3.00154418e-01 -7.91017771e-01 2.19239183e-02 8.09746027e-01
    1.26012063e+00 1.42369315e-01 9.90660936e-02 1.42711127e+00
    7.63748050e-01 1.41279662e+00 -7.21759617e-01 8.99172664e-01
    -9.13804770e-02 -4.69506115e-01 1.33987999e+00 9.90620375e-01
    3.86136949e-01 -4.84415814e-02 -6.70011938e-01 -1.09263599e-01
    -2.30350524e-01 6.00780308e-01 -6.03000879e-01 1.59692836e+00
    1.42924654e+00 -3.21684659e-01 1.39031553e+00 9.39799026e-02
    -3.34719010e-02 7.65122175e-01 -5.72024524e-01 8.78326893e-01
    1.71867001e+00 1.29904985e+00 1.81505179e+00 8.74026060e-01
    1.72881746e+00 1.58461928e+00 1.17178428e+00 1.10717416e-02
    -2.93006271e-01 -4.47737277e-01 1.36477697e+00 5.74702144e-01
    -6.55934036e-01 9.99096513e-01 -4.81905967e-01 1.10077024e+00
    1.10246323e-01 -7.49770164e-01 1.95709035e-01 1.14309633e+00
    1.84513554e-01 3.72754037e-01 4.88866091e-01 8.05755138e-01
    1.50494468e+00 -8.58577788e-01 1.55122459e-01 3.73335570e-01
    1.67279673e+00 1.34259188e+00 8.71112883e-01 1.38164616e+00
    1.36877298e+00 1.74410328e-01 1.61879838e+00 -3.28668892e-01
    1.50228667e+00 5.89834273e-01 1.06551147e+00 5.42842150e-01
    -7.21966773e-02 1.36865067e+00 -5.55853665e-01 -3.30685943e-01
    -1.87496960e-01 -5.26286602e-01 6.75215364e-01 1.50856543e+00
    -7.14022398e-01 9.05432880e-01 2.76272207e-01 8.79519105e-01
    9.14837718e-01 -4.53574240e-01 1.62813699e+00 -3.75025161e-02
    -2.97016859e-01 -5.01107335e-01 7.71172106e-01 3.71383339e-01
    1.71331561e+00 6.25806510e-01 1.41760111e+00 3.48213911e-01
    -4.08198476e-01 1.30797172e+00 -1.74694002e-01 1.68708420e+00
    4.70768064e-01 -2.68220961e-01 1.69556725e+00 1.03354847e+00
    -7.10908771e-01 3.23837288e-02 -3.45521212e-01 -5.40912986e-01
    1.48294234e+00 1.06539762e+00 2.45202973e-01 1.08902380e-01
    -4.27684337e-02 -1.06511461e-02 6.17036462e-01 3.87316585e-01
    -6.53436840e-01 1.46111417e+00 -2.12201878e-01 -4.30071712e-01
    2.81998307e-01 1.54138529e+00 3.19767743e-01 5.28956175e-01
    1.08664739e+00 -3.66487294e-01 1.70842969e+00 1.17228127e+00
    6.22190058e-01 -7.84671903e-01 -4.01729375e-01 1.64145482e+00
    1.52996433e+00 -1.78062335e-01 -7.48765171e-01 8.60624790e-01
    7.91653812e-01 -3.07575881e-01 -4.37413663e-01 -1.72683820e-01
    1.64124656e+00 1.61585307e+00 1.24169588e+00 4.93435949e-01
    1.65147483e+00 5.79167068e-01 6.62673414e-01 -3.82985771e-01
    5.38477525e-02 1.49983227e+00 1.66059065e+00 1.10155165e+00
    -6.97816432e-01 1.58126163e+00 1.13718247e+00 -2.31002107e-01
    7.83801079e-01 1.12073743e+00 -3.54959667e-01 6.58514678e-01
    8.32118869e-01 5.09590566e-01 1.60586908e-01 -1.13669351e-01
    9.47318375e-01 -5.14576435e-01 2.24033117e-01 1.02959132e+00
    4.03816134e-01 1.12759781e+00 -4.24103439e-01 2.38272238e+00
    1.17101896e+00 4.88977909e-01 1.45655763e+00 1.42572415e+00
    3.70128304e-01 -4.58463818e-01 1.28934753e+00 -5.96293271e-01
    1.02133140e-01 -7.50602111e-02 1.21966302e+00 5.49378812e-01
    -1.19768314e-01 1.46077776e+00 4.15075511e-01 5.53016886e-02
    -2.42698953e-01 -3.96838486e-01 1.61929858e+00 -5.16893744e-01
    -4.26278561e-02 1.35051101e-01 9.01373327e-01 2.37420827e-01
    -6.57357156e-01 -3.36545974e-01 2.29260981e-01 -4.84973192e-01
    7.07100093e-01 1.62081337e+00 1.37035573e+00 8.06096613e-01
    6.48050129e-01 -2.49439642e-01 1.45289791e+00 5.92847109e-01
    3.67021143e-01 1.44951582e+00 1.19607079e+00 -4.93384637e-02
    1.56313598e+00 6.24078095e-01 5.71018040e-01 7.87419379e-01
    1.55731392e+00 6.74901724e-01 8.80831242e-01 -3.59262794e-01
    1.42732489e+00 9.97910917e-01 -4.04233217e-01 2.06007153e-01
    1.03535247e+00 5.75718641e-01 -2.50811428e-01 7.34531879e-01
    4.13417816e-01 1.01468027e+00 1.16472805e+00 1.83100015e-01
    1.75836608e-01 -6.33029163e-01 4.99685079e-01 1.26652801e+00
    2.51199037e-01 8.75592232e-01 -4.34492171e-01 1.20223606e+00
    1.31128705e+00 1.14495695e+00 5.58656216e-01 -3.27694297e-01
    9.17200089e-01 8.51404890e-02 3.68628442e-01 1.57700884e+00
    5.55170536e-01 2.85066575e-01 1.25590587e+00 1.15714312e+00
    -5.07140815e-01 5.15613317e-01 -6.42140031e-01 4.94717002e-01
    -9.28735659e-02 -6.16302431e-01 1.42837441e+00 3.15733194e-01
    8.36311758e-01 1.70161831e+00 1.57197452e+00 3.31605285e-01
    -6.97953641e-01 -9.07857567e-02 1.34398568e+00 1.40205777e+00
    8.84395123e-01 8.51779163e-01 9.35448706e-01 -9.44363028e-02
    5.46765402e-02 -3.68918896e-01 3.88664529e-02 6.39713287e-01
    -2.97813535e-01 -6.82516158e-01 8.47894311e-01 3.04030061e-01
    1.17359543e+00 -6.92133129e-01 8.61510098e-01 -6.90580130e-01
    -1.16466872e-01 1.53108776e+00 6.92046940e-01 9.01308000e-01
    -4.91271615e-01 5.54962575e-01 -4.92533445e-01 -1.84410080e-01
    6.76028430e-01 -7.22793639e-01 1.16612828e+00 7.13613153e-01
    -4.86775160e-01 5.67473888e-01 2.54325539e-01 -5.54670334e-01
    7.82760978e-01 3.27665627e-01 1.58388722e+00 -2.68210828e-01
    1.18705779e-01 1.26317692e+00 1.11762702e+00 4.93842155e-01
    1.29565775e+00 1.27563512e+00 -9.23365913e-03 1.13485026e+00
    1.03265703e+00 2.79429585e-01 1.45210958e+00 -7.99422711e-02
    1.42414999e+00 -8.05771887e-01 3.24474007e-01 5.16724169e-01
    1.36159587e+00 1.01653206e+00 -4.44810748e-01 1.33790898e+00
    4.78996128e-01 6.31281078e-01 1.63871777e+00 6.58836141e-02
    1.40492857e+00 6.57478631e-01 5.91197252e-01 1.23007584e+00
    9.94101822e-01 -3.94949645e-01 1.10954925e-01 2.83414219e-02
    -3.28243077e-02 4.84350294e-01 9.25345480e-01 2.73774475e-01
    3.14083010e-01 1.23208499e+00 1.27903759e+00 1.97600633e-01
    8.16148937e-01 1.43320584e+00 9.70789194e-01 1.20938921e+00
    1.28996417e-01 1.77593362e+00 -5.80961108e-01 1.87921956e-01
    4.75492895e-01 4.45784301e-01 8.23468745e-01 -5.57753861e-01
    1.25982690e+00 -1.32984236e-01 5.37391603e-01 -4.48935837e-01
    1.01850379e+00 1.33116853e+00 -1.01979606e-01 -6.05998039e-01
    1.60969913e-01 -5.67166507e-01 -7.76081324e-01 7.93423772e-01
    3.45951527e-01 1.38254300e-01 2.06724107e-01 1.56034577e+00
    4.05804604e-01 1.22415531e+00 -6.36153400e-01 1.11322641e-01
    1.39144433e+00 1.82435405e+00 4.15800244e-01 1.69553041e+00
    8.91175807e-01 1.65091836e+00 -5.06487846e-01 -4.93386358e-01
    1.38447690e+00 -5.71081519e-01 1.61092699e+00 1.04269750e-01
    -7.22602069e-01 3.06545794e-01 -1.72110140e-01 6.24731779e-01
    -4.28478122e-01 -4.37478125e-01 -6.19191468e-01 1.32260770e-01
    -7.51762211e-01 1.44187403e+00 8.83200318e-02 7.17526674e-01
    6.11007035e-01 9.65571642e-01 -6.70600832e-01 2.04587951e-01
    5.69746673e-01 -7.91348889e-02 9.07462060e-01 8.22893441e-01
    5.61827362e-01 9.57293808e-01 1.28926730e+00 1.42226493e+00
    -6.03864849e-01 8.56437564e-01 -6.68963432e-01 7.77803898e-01
    1.57187438e+00 1.17275274e+00 1.42906940e+00 1.36879480e+00
    -1.43049732e-01 3.65619063e-01 1.77663577e+00 -5.05001187e-01
    -3.14226419e-01 -6.97491586e-01 5.95780969e-01 8.70608985e-01
    1.12622297e+00 4.68315005e-01 1.04580212e+00 -5.09561598e-01
    1.01962793e+00 1.78720033e+00 7.81278163e-02 -5.12320399e-01
    1.68738818e+00 1.72845626e+00 -1.00531280e-01 3.09696525e-01
    1.85614675e-01 1.64992046e+00 1.56813765e+00 -6.57438755e-01
    -1.23479050e-02 -4.34991896e-01 1.73316109e+00 -4.11132783e-01
    1.23552811e+00 5.52591503e-01 -4.31554824e-01 -5.06324589e-01
    -4.56283212e-01 -1.01550534e-01 6.70014679e-01 3.85880738e-01
    1.58229780e+00 8.56609717e-02 8.68960857e-01 8.21354687e-01
    1.61584735e+00 1.04090488e+00 -4.81541842e-01 7.50798592e-03
    6.48428798e-01 2.79539645e-01 1.34866035e+00 1.06354773e+00
    7.66955018e-01 -5.05065560e-01 5.20488799e-01 -5.71856141e-01
    -5.82380950e-01 1.11008011e-01 2.17958942e-01 1.93569809e-01
    5.95660388e-01 -2.30797321e-01 7.58593142e-01 -6.44975722e-01
    6.16894245e-01 5.97338080e-02 -4.53807503e-01 1.18857300e+00
    1.45901310e+00 -1.00109532e-01 5.14272377e-02 4.20719951e-01
    1.19544542e+00 2.14045048e-01 -1.09167203e-01 3.61440688e-01
    5.34991026e-01 2.84871548e-01 1.59123600e+00 -4.72736508e-01
    1.60585570e+00 9.40012932e-01 4.13851947e-01 8.35442841e-01
    1.02157608e-01 3.15604597e-01 3.01213712e-01 -8.03855360e-01
    -2.93897748e-01 1.59088397e+00 1.77133596e+00 -6.36404037e-01
    -6.30511403e-01 1.25311542e+00 -2.17055529e-01 8.15284997e-02
    5.20410359e-01 1.47007215e+00 3.94421965e-01 -4.63828206e-01
    1.14313507e+00 3.59272301e-01 -6.25996172e-01 -4.29526538e-01
    1.64992428e+00 -2.77849227e-01 -7.50144720e-01 5.73550403e-01
    1.21248734e+00 1.31359413e-01 1.39558136e+00 3.64877701e-01
    -9.42809135e-02 1.78828597e+00 -4.14070278e-01 -2.64429986e-01
    1.60966921e+00 -5.96198857e-01 1.80419254e+00 8.85787666e-01
    -2.66649276e-01 1.19260691e-01 -3.33315641e-01 1.12180960e+00
    1.24298143e+00 -1.48354815e-02 -3.71100157e-01 -5.32220185e-01
    1.64148688e+00 -5.93257964e-01 1.26938939e+00 -5.56414962e-01
    1.56508863e+00 -6.59609446e-03 -3.40771645e-01 6.39374852e-01
    -6.57498300e-01 7.84131885e-01 7.99240619e-02 6.95320964e-01
    -6.82313204e-01 4.76871878e-01 1.00766718e+00 9.88253772e-01
    -4.30240035e-01 6.94221437e-01 1.02356881e-01 1.31101501e+00
    -6.98174536e-02 1.07970226e+00 2.02924579e-01 -5.74207045e-02
    -9.70853399e-03 -6.66957617e-01 -2.71400779e-01 3.75635982e-01
    1.61765599e+00 -2.41460707e-02 1.47787428e+00 -2.96100795e-01
    5.93043625e-01 3.11151296e-01 1.40739515e-01 -9.55658108e-02
    -6.91200674e-01 1.22718894e+00 -2.97729194e-01 -2.80269295e-01
    5.15418530e-01 -2.20071062e-01 9.06515896e-01 -5.83557010e-01
    -4.44022477e-01 1.63203716e+00 -7.62081861e-01 1.68103039e+00
    1.60207272e+00 1.08602536e+00 1.65500611e-01 8.17539454e-01
    -3.62355977e-01 2.76206523e-01 1.40889442e+00 -1.18633404e-01
    -4.42835242e-01 -1.28619447e-01 -5.75036168e-01 -3.78464967e-01
    3.55619431e-01 1.70517004e+00 -2.25299701e-01 1.78525341e+00
    7.18610734e-02 1.46462131e+00 -4.70327854e-01 1.02557254e+00
    1.82099894e-01 5.42050660e-01 2.53501564e-01 1.04338002e+00
    1.46101701e+00 1.56222865e-01 -5.14442474e-02 1.38970280e+00
    1.50473964e+00 9.31531787e-01 7.89511085e-01 3.36812913e-01
    1.01312673e+00 1.57471216e+00 1.43379390e+00 2.76158541e-01
    -5.88488817e-01 6.90596411e-03 1.58050418e+00 -6.29515499e-02
    3.41063142e-01 1.42852378e+00 7.29259610e-01 1.85785398e-01
    1.12008905e+00 1.15036631e+00 1.72780788e+00 7.60196805e-01
    6.21558845e-01 -5.92326298e-02 1.57483613e+00 1.05015099e+00
    -4.15738046e-01 -3.05713832e-01 1.63682628e+00 1.21932149e+00
    -4.54278469e-01 1.70929050e+00 1.21415329e+00 -4.08416279e-02
    1.03254831e+00 -2.57774442e-01 9.89998519e-01 1.42786705e+00
    6.76775336e-01 -5.68891168e-01 1.67512093e-02 -1.50514871e-01
    1.25984228e+00 1.01573718e+00 -4.25828099e-01 4.64071184e-01
    3.11792731e-01 -2.92577408e-02 8.53506863e-01 2.18928158e-01
    -4.08278555e-01 1.73329997e+00 -4.82266575e-01 -1.57308519e-01
    -5.56333829e-03 2.83297956e-01 1.35944247e+00 -5.47179639e-01
    9.28582370e-01 1.30695069e+00 -5.18430233e-01 7.67293796e-02
    1.19634354e+00 1.44572353e+00 6.17888927e-01 1.37316570e-01
    7.68675447e-01 -1.34276479e-01 6.89591944e-01 -4.27883230e-02
    5.44690669e-01 9.74693358e-01 -4.84996229e-01 -5.37909627e-01
    1.64681777e-01 6.01411581e-01 -5.27341127e-01 1.00394952e+00
    1.51387975e-01 8.60041440e-01 3.88116300e-01 5.89899361e-01
    6.88261390e-01 1.49018061e+00 1.64036334e+00 1.03442144e+00
    -6.82609901e-02 8.85749519e-01 -1.86492503e-01 9.80969787e-01
    9.49663520e-01 1.45615864e+00 1.72296095e+00 -5.69873452e-01
    5.45450449e-01 6.00437215e-03 5.12533426e-01 -4.43796813e-01
    4.99300420e-01 -4.86922294e-01 -3.67674321e-01 -3.72496963e-01
    1.11062372e+00 -4.96759623e-01 1.25445974e+00 -1.94787920e-01
    -5.93694210e-01 -6.26438677e-01 1.59112319e-01 1.30905449e+00
    1.53740540e-01 -6.72767818e-01 1.51325321e+00 8.15998554e-01
    1.83079982e+00 5.01155019e-01 3.32597584e-01 -4.29067552e-01
    1.53876746e+00 1.51465571e+00 1.65551889e+00 -7.67674685e-01
    -5.64391255e-01 -3.07582170e-01 1.07122898e+00 -3.97328198e-01
    1.03427637e+00 8.80726516e-01 -7.24962890e-01 -1.75947160e-01
    -4.61177379e-02 -1.28789857e-01 7.14044929e-01 2.73856260e-02
    -7.59545803e-01 -8.23125720e-01 6.45668149e-01 4.38615382e-01
    1.27704132e+00 -2.04151601e-01 1.09769225e+00 -1.26294762e-01
    7.34476149e-02 -5.45243680e-01 6.47766963e-02 2.49767482e-01
    -1.38510820e-02 -6.63708985e-01 1.79188991e+00 1.31967306e+00
    -6.57346705e-03 1.02565217e+00 -1.25044659e-01 1.69129622e+00
    3.65301847e-01 1.55139816e+00 -7.09614277e-01 1.07613540e+00
    6.81965828e-01 3.29540759e-01 1.14713168e+00 -3.44773889e-01
    1.00240636e+00 -3.22884917e-01 1.54060078e+00 -4.37943757e-01
    -9.09479558e-02 2.55676180e-01 -3.90112758e-01 -2.36984715e-01
    7.70756662e-01 -5.03190398e-01 1.45734131e+00 -6.27435029e-01
    3.55374068e-01 1.35709858e+00 -6.40097976e-01 1.09689605e+00
    1.52594244e+00 -5.44178247e-01 2.29390457e-01 1.33153245e-01
    -1.86083019e-01 1.81225725e-02 7.69020379e-01 1.02365959e+00
    7.33219922e-01 6.88676894e-01 -7.05390573e-01 1.12464225e+00
    1.40674150e+00 -4.41826642e-01 -1.61499307e-01 4.09687310e-01
    -3.37900966e-02 8.39157775e-02 9.26078677e-01 -4.76117820e-01
    -6.62270606e-01 1.14604163e+00 -2.21809104e-01 1.57073927e+00
    -1.30841628e-01 7.31773138e-01 -2.37173736e-01 1.25156248e+00
    1.39886558e-01 1.68544924e+00 8.73046398e-01 -2.40790009e-01
    1.26427937e+00 -5.94715536e-01 1.07054329e+00 -8.20283532e-01
    -7.15484619e-02 1.08470678e+00 -7.52246082e-01 1.61329877e+00
    -4.31524158e-01 1.24563146e+00 3.29191834e-01 1.38102382e-01
    1.59014618e+00 -1.95858076e-01 -7.44780719e-01 1.59279644e+00
    1.76493967e+00 -2.24601656e-01 1.49029493e+00 -3.56545240e-01
    -3.04291129e-01 1.49449265e+00 -7.41702497e-01 1.50320065e+00
    2.47788057e-01 1.57926798e+00 -7.38153219e-01 1.01775432e+00
    1.20793867e+00 2.57618934e-01 3.22918966e-02 -9.73681435e-02
    1.49225628e+00 8.44283774e-02 -1.07832089e-01 3.35883200e-01
    7.42141366e-01 5.48002303e-01 9.45351422e-01 9.95895028e-01
    1.09657168e+00 1.33395386e+00 -4.35581684e-01 6.35517538e-01
    1.53181946e+00 6.38481021e-01 1.09651279e+00 1.22892320e+00
    1.25909555e+00 2.89463729e-01 1.50723326e+00 5.23213267e-01
    1.29280221e+00 1.31471467e+00 1.27212548e+00 1.05432844e+00
    1.10210001e+00 -3.73994820e-02 -5.55797696e-01 2.53024131e-01
    3.73765588e-01 1.24757516e+00 -3.61649394e-01 -2.15960905e-01
    -6.30735159e-01 1.09187961e+00 -6.14663184e-01 1.64683080e+00
    3.85870844e-01 4.24730450e-01 1.40968382e+00 6.65556967e-01
    1.27876282e+00 -6.69407189e-01 -4.33225602e-01 -6.03626132e-01
    -1.97229981e-01 1.52379079e-02 1.50131345e+00 1.72372854e+00
    -1.06676526e-01 1.49342632e+00 7.66398311e-01 4.76171583e-01
    -4.43500102e-01 4.93754238e-01 -6.23126566e-01 9.07994568e-01
    -2.35814497e-01 1.32486284e+00 9.56974149e-01 5.41415811e-01
    5.65626323e-01 7.43636906e-01 9.99974981e-02 -7.37886965e-01
    -1.87539622e-01 4.90043938e-01 1.31640911e+00 5.98906159e-01
    -3.28095526e-01 -6.36489928e-01 -7.87159562e-01 8.26371133e-01
    -6.36859298e-01 1.40343487e+00 1.58002710e+00 -7.70619884e-02
    6.14799500e-01 4.11578506e-01 -3.03246468e-01 1.32981300e+00
    1.91142797e-01 1.35303497e+00 -7.07278013e-01 4.97309387e-01
    5.34763336e-01 -3.66754413e-01 3.31822455e-01 4.88310575e-01
    7.13017285e-01 1.71446919e-01 1.58699775e+00 -1.47813424e-01
    1.48899364e+00 9.29100335e-01 9.02550936e-01 -1.28748953e-01
    1.05209613e+00 -3.56022596e-01 -3.39916855e-01 8.44163120e-01
    5.97083092e-01 -1.77604347e-01 -3.91201228e-01 -3.50999802e-01
    1.52006114e+00 1.36784637e+00 2.25398794e-01 1.64359498e+00
    3.79977971e-01 -1.74363628e-01 -5.49198031e-01 4.28905249e-01
    6.27550721e-01 -6.15674913e-01 9.25843656e-01 5.39738357e-01
    6.20154321e-01 6.28618360e-01 -8.62117887e-01 -6.22192211e-02
    7.46343017e-01 -4.17693824e-01 9.02738094e-01 7.44325817e-01
    9.47349906e-01 1.59117877e+00 -7.85334051e-01 6.90464497e-01
    -1.13886699e-01 1.42372656e+00 1.36477160e+00 -3.79209906e-01
    4.79270875e-01 5.16683519e-01 1.55491221e+00 -5.57787895e-01
    2.76836893e-03 -1.47000939e-01 1.27819538e+00 1.03544974e+00
    -2.31832013e-01 -3.25239182e-01 -3.54699254e-01 1.69076693e+00
    1.65693057e+00 6.06961191e-01 8.40431571e-01 1.60604119e+00
    -5.85919917e-01 -3.12526256e-01 5.22951663e-01 1.60487819e+00
    5.78988373e-01 1.13827050e+00 1.21368992e+00 -5.14348805e-01
    7.75278211e-01 1.18014884e+00 1.03398049e+00 1.81500816e+00
    -1.30245343e-01 6.18128553e-02 1.68570971e+00 -2.77787119e-01
    5.92912793e-01 9.22219276e-01 -2.61483312e-01 -2.20228449e-01
    9.68286455e-01 -3.13327402e-01 1.56768215e+00 9.19845164e-01
    -8.78107559e-04 5.53221226e-01 -2.39285827e-02 2.94933379e-01
    1.43265867e+00 1.66599500e+00 1.30080426e+00 -8.18306729e-02
    4.68400270e-01 -1.71084732e-01 9.25634813e-04 8.68155420e-01
    -5.67187846e-01 1.78665221e+00 1.41643703e-01 1.33719146e+00
    1.64080247e-01 -4.72314060e-01 -4.63095516e-01 -7.61691630e-01
    1.29989707e+00 1.71934819e+00 3.97108138e-01 5.63529909e-01
    1.32135189e+00 4.21395093e-01 1.14296401e+00 1.45592833e+00
    8.17906260e-01 9.13572490e-01 -6.02938056e-01 1.02686679e+00
    1.70400941e+00 -2.96153396e-01 -1.07612006e-01 9.38777864e-01
    1.80943549e+00 1.42059758e-01 1.61105108e+00 6.70246124e-01
    5.29762149e-01 1.48484397e+00 -4.70193267e-01 1.39943624e+00
    2.90633917e-01 9.25484538e-01 4.68944103e-01 -7.62595385e-02
    2.48387153e-03 -1.54508855e-02 1.51704121e+00 1.15671921e+00
    -5.41989923e-01 1.08601975e+00 -1.97726876e-01 -3.02681267e-01
    7.69582450e-01 1.09607828e+00 1.16348469e+00 1.36146152e+00
    1.06235015e+00 6.45520329e-01 1.03255308e+00 -2.80104429e-01
    1.25292206e+00 9.87587392e-01 1.66972220e+00 4.14312422e-01
    3.56089234e-01 9.62532461e-01 1.55200195e+00 1.64576304e+00
    -3.83309633e-01 9.78549004e-01 -6.90560490e-02 -1.14798144e-01
    6.06346548e-01 -4.26015079e-01 -1.90386340e-01 -4.75374535e-02
    -1.41254219e-03 -5.66177309e-01 -2.22360969e-01 7.89592266e-01
    -4.38303858e-01 1.36956930e+00 1.60493068e-02 4.45969522e-01
    8.92626464e-01 5.08052886e-01 8.37823987e-01 1.09187019e+00
    -6.75984025e-01 -3.61103803e-01 1.08333540e+00 -2.23171920e-01
    4.32277858e-01 -7.23421872e-01 6.30276740e-01 6.63941979e-01
    -7.06943333e-01 -5.51274538e-01 1.99928284e-01 -5.16537607e-01
    4.00943011e-01 1.02550840e+00 1.20282984e+00 -1.81358680e-01
    -3.21396559e-01 1.79261577e+00 4.33170050e-02 4.66740668e-01
    -6.37666345e-01 -5.32130241e-01 1.57549810e+00 1.78803176e-01
    -1.86329886e-01 -3.93869281e-02 -4.62923706e-01 1.23655939e+00
    1.04744160e+00 1.47988915e+00 -6.26190305e-01 1.48770452e+00
    4.82192412e-02 -4.72066641e-01 -6.72552586e-02 1.61861622e+00
    1.80785155e+00 -6.83682621e-01 -6.38649613e-02 -1.08451150e-01
    1.50916791e+00 3.57844442e-01 1.63885021e+00 4.59133327e-01
    -2.32139498e-01 5.24097741e-01 7.85842910e-02 1.45137429e+00
    -3.04395288e-01 2.00447112e-01 3.50480855e-01 -4.03468460e-01
    1.81539506e-01 -3.33002299e-01 2.39166226e-02 1.57306552e+00
    -1.09104767e-01 -4.15900081e-01 3.74635845e-01 4.20883328e-01
    -6.29189253e-01 8.22408140e-01 2.34465241e-01 1.26760349e-01
    -5.78440428e-01 9.42428946e-01 6.43136054e-02 4.21246290e-01
    9.99467611e-01 1.26203692e+00 -1.04573801e-01 1.76236379e+00
    -4.09799159e-01 2.47691840e-01 1.41491139e+00 -7.50547409e-01
    -6.06953621e-01 -1.25159146e-02 1.54951549e+00 1.15718603e+00
    9.37768757e-01 1.01415992e+00 -3.28620315e-01 4.08254981e-01
    -2.49065042e-01 1.89695820e-01 -4.40447748e-01 4.85581845e-01
    -6.46020114e-01 4.52814251e-01 1.68040681e+00 -5.72217286e-01
    9.61912096e-01 9.33019519e-02 9.65179622e-01 1.54000020e+00
    9.20089543e-01 1.60497665e+00 1.22033909e-01 8.87692213e-01
    1.32333970e+00 -6.07147932e-01 6.70077801e-01 1.01283717e+00
    -2.54450619e-01 1.41739547e+00 1.10252881e+00 1.59130752e+00
    5.49093187e-01 4.19356346e-01 8.71037245e-01 3.84473592e-01
    4.52381968e-01 6.22033536e-01 5.55011511e-01 4.48958158e-01
    1.32680988e+00 1.61054385e+00 -2.76555240e-01 1.62942088e+00
    2.07118616e-01 5.00239313e-01 3.55740577e-01 1.51945844e-01
    1.60084903e+00 1.10849237e+00 5.08636296e-01 -6.35046005e-01
    8.08773339e-01 -6.37927830e-01 1.75393164e+00 3.98149401e-01
    1.53961062e+00 1.41912103e+00 1.77338064e+00 1.08438921e+00
    1.93834886e-01 -2.47399971e-01 -3.84535193e-01 1.14418232e+00
    1.38490713e+00 1.34870994e+00 -1.44968584e-01 -6.16143364e-03
    7.84635246e-01 8.44274402e-01 -6.69238448e-01 1.21224856e+00
    -4.92618948e-01 1.06053746e+00 9.23316061e-01 -2.12673172e-01
    1.17641628e+00 1.61531615e+00 7.99108088e-01 -6.92564189e-01
    6.81704640e-01 8.59849155e-02 -7.42552340e-01 1.49059927e+00
    1.01351810e+00 1.78992540e-01 -4.04036045e-01 4.45141226e-01
    1.28672361e+00 1.01723969e+00 -1.66687481e-02 5.20568788e-01
    6.05313003e-01 1.24955809e+00 1.28620982e+00 1.29145503e+00
    -6.44540608e-01 1.50417972e+00 1.26693594e+00 3.39204699e-01
    1.43887830e+00 1.62956074e-01 9.89673555e-01 -7.51459450e-02
    -3.73858929e-01 4.20604229e-01 1.06715107e+00 1.23002529e+00
    -2.24075451e-01 1.36177111e+00 7.12431550e-01 1.96709521e-02
    1.30063403e+00 1.55826330e-01 -3.75798158e-02 -4.68015790e-01
    -6.90963328e-01 9.67683315e-01 8.80544901e-01 1.01464844e+00
    9.79787230e-01 1.27684385e-01 1.29292357e+00 1.71684086e+00
    -9.09653455e-02 -6.13632500e-01 3.38067651e-01 4.01287824e-02
    -4.32064354e-01 1.54852843e+00 -9.37037170e-02 -6.62469447e-01
    9.21220541e-01 9.44741145e-02 1.47736335e+00 9.47346449e-01
    -3.45851094e-01 5.52866578e-01 1.23074877e+00 1.22301424e+00
    1.25278115e+00 3.63595933e-02 8.51383209e-01 9.52469051e-01
    5.90246737e-01 -4.03166652e-01 -1.80968121e-01 2.54071891e-01
    1.39072239e+00 -1.54548749e-01 -6.48638666e-01 -8.73130485e-02
    5.53052604e-01 1.52660966e+00 5.54143071e-01 3.55102807e-01
    1.77032995e+00 -1.59294665e-01 -2.75355071e-01 -3.30879629e-01
    -1.53774843e-01 7.59636462e-01 6.85972214e-01 1.64396691e+00
    -4.93243694e-01 1.09874034e+00 1.16216743e+00 1.66985893e+00
    1.36555457e+00 8.47176135e-01 3.10133338e-01 1.16796720e+00
    8.72061849e-01 1.86787829e-01 -2.46216595e-01 7.69123901e-03
    -6.04037046e-01 9.35165048e-01 2.87724257e-01 6.97942615e-01
    7.20500827e-01 9.30225730e-01 -5.96244931e-01 -5.75994611e-01
    5.87410927e-01 9.11299050e-01 3.47134769e-02 3.00139897e-02
    1.57804608e+00 -3.66562039e-01 1.25984776e+00 6.09672010e-01
    9.08897519e-01 1.31790555e+00 -4.68530059e-01 4.78406191e-01
    1.60014701e+00 2.98928022e-02 3.61461550e-01 1.36786854e+00
    9.81236041e-01 7.11513638e-01 1.18501318e+00 1.35460520e+00
    -6.95219815e-01 -3.44249666e-01 -5.75706899e-01 -3.83646011e-01
    5.89914739e-01 2.07870245e-01 -5.26731551e-01 5.22850394e-01
    9.69877422e-01 1.64634323e+00 1.46315110e+00 -1.66422889e-01
    3.57032120e-02 -7.14769244e-01 -9.66258273e-02 2.16413558e-01
    1.32950938e+00 4.70636457e-01 3.63714322e-02 -7.91517913e-01
    1.83535472e-01 -3.22841629e-02 7.62662292e-01 1.52739137e-01
    3.38664383e-01 7.93704033e-01 7.93663621e-01 4.91212457e-01
    -3.78857374e-01 1.06561947e+00 1.36032355e+00 1.05603266e+00
    1.74514985e+00 -1.66771397e-01 1.45615089e+00 6.58993900e-01
    1.78097939e+00 1.62147737e+00 1.43381357e+00 8.41230690e-01
    -6.12372696e-01 1.67550349e+00 1.09538937e+00 1.52258778e+00
    -7.35339701e-01 1.57735264e+00 -3.64200830e-01 3.09419841e-01
    1.50129223e+00 1.53363168e+00 1.34796786e+00 -5.40930666e-02
    1.01080823e+00 1.13627887e+00 9.24737930e-01 -3.34705174e-01
    9.23327327e-01 1.72931838e+00 -2.56945670e-01 -3.79732549e-01
    2.74966449e-01 -6.05990589e-01 8.74547124e-01 4.55644816e-01
    4.37207729e-01 6.59985915e-02 4.09457117e-01 1.67013359e+00
    7.24014580e-01 8.83128226e-01 -5.86920679e-01 9.12392676e-01
    1.46333981e+00 8.56585741e-01 1.10699463e+00 -2.01117322e-02
    -6.48748636e-01 -6.06227160e-01 1.16349339e+00 7.31512845e-01
    1.62374452e-01 1.71398485e+00 1.51021600e+00 1.29743969e+00
    1.66757405e+00 5.89863718e-01 8.63985360e-01 1.38801980e+00
    1.34776819e+00 -3.43467295e-01 1.03914297e+00 1.27496648e+00
    7.65326977e-01 1.13685034e-01 1.24705112e+00 -6.61162972e-01
    8.70875716e-01 -3.23777884e-01 1.11338496e+00 1.40300405e+00
    8.13658357e-01 -2.59113554e-02 9.05396402e-01 1.43103564e+00
    1.59860468e+00 3.02599430e-01 2.02014863e-01 -8.47442895e-02
    1.24481463e+00 6.65344954e-01 8.04351449e-01 -2.82101333e-01
    8.16366136e-01 4.49984670e-01 1.15172648e+00 1.58231735e+00
    1.01360524e+00 1.56526482e+00 1.18423331e+00 4.40676361e-01
    3.53857726e-01 1.50599885e+00 1.77522385e+00 1.91486716e-01
    -4.69793618e-01 -2.34044772e-02 3.28740776e-01 4.01659667e-01
    7.89512843e-02 -4.84318435e-01 1.51391613e+00 7.44126976e-01
    9.04076338e-01 6.69892490e-01 1.28302562e+00 -6.78961813e-01
    8.48524153e-01 3.56081903e-01 1.09717441e+00 -1.63914457e-01
    -2.72266507e-01 1.18398570e-01 1.27077699e-01 1.38834310e+00
    3.54432225e-01 1.28762150e+00 5.05466223e-01 -4.45553958e-01
    1.40199983e+00 7.77341366e-01 -1.44705504e-01 1.06592405e+00
    1.44039047e+00 7.18816280e-01 9.57761258e-02 1.14658833e+00
    1.15199494e+00 9.50957954e-01 6.93412840e-01 1.32020319e+00
    2.24127606e-01 -6.48400784e-01 1.38677907e+00 7.32188761e-01
    1.12929511e+00 9.80311036e-01 -8.90477374e-02 1.24869704e+00
    3.70984107e-01 -3.82310182e-01 1.60360718e+00 -3.67428064e-01
    1.33098233e+00 -4.60676700e-01 1.16592258e-01 1.09161067e+00
    1.01457560e+00 1.45787132e+00 1.49954784e+00 3.59850258e-01
    1.64154673e+00 5.54746926e-01 6.08852565e-01 1.18403339e+00
    1.53895700e+00 5.50053060e-01 2.52631791e-02 -6.86209321e-01
    1.24996650e+00 2.13714734e-01 9.49518621e-01 4.98983115e-01
    1.21219862e+00 9.18329537e-01 4.15867597e-01 8.61691713e-01
    1.40192270e-01 1.35692935e-02 6.16912723e-01 2.33621582e-01
    -2.94332445e-01 -6.00573540e-01 -3.80499333e-01 1.09607029e+00
    1.20768011e+00 -4.80688721e-01 6.20840490e-01 8.90221953e-01
    -2.64221907e-01 -1.27316937e-01 -1.21179655e-01 1.69851506e+00
    -5.03597617e-01 1.41873527e+00 7.85400748e-01 1.51763111e-01
    6.40687570e-02 3.02913427e-01 9.37003076e-01 4.59319919e-01
    1.46061742e+00 -2.88305223e-01 8.52181971e-01 -5.80573797e-01
    1.47885966e+00 9.33424652e-01 6.12375364e-02 -1.61921382e-01
    7.87676632e-01 1.60666966e+00 1.41047585e+00 -7.92168081e-02
    4.76215422e-01 5.83692610e-01 2.01053709e-01 -6.18868411e-01
    1.16878331e+00 -3.40721816e-01 2.33247399e-01 1.57819200e+00
    1.72143364e+00 1.72817481e+00 1.34969831e+00 -7.54154623e-01
    8.15083504e-01 1.16287887e+00 -4.96615112e-01 -6.44591093e-01
    -1.48851693e-01 9.76060271e-01 4.40988541e-01 8.01475823e-01
    1.27626848e+00 1.31404185e+00 -5.23006544e-02 7.91398406e-01
    1.61451769e+00 1.66897491e-01 1.02570906e-01 -6.79664910e-02
    8.12670887e-01 -9.59357768e-02 -2.13933811e-01 1.20057297e+00
    8.65143538e-02 1.56378075e-01 1.75851130e+00 1.04187405e+00
    2.94501096e-01 1.69397545e+00 1.64930785e+00 1.50770044e+00
    6.44859016e-01 -5.70423841e-01 7.20492482e-01 1.29293132e+00
    1.01528323e+00 8.26176584e-01 1.58540058e+00 1.20209265e+00
    -2.61591733e-01 -7.40166664e-01 1.58404005e+00 1.67183518e+00
    4.21349168e-01 1.70664549e+00 3.04571599e-01 5.45168698e-01
    2.46215686e-02 1.05995369e+00 -5.39730728e-01 1.28159845e+00
    1.32024086e+00 1.07120621e+00 1.39776313e+00 6.73648894e-01
    -2.54586071e-01 5.57766616e-01 5.50757229e-01 9.19547439e-01
    3.24990600e-01 3.23815942e-01 -3.12104881e-01 2.93771893e-01
    1.54508746e+00 8.48133743e-01 7.57714882e-02 5.80555499e-01
    -3.98898691e-01 8.80616546e-01 9.66100454e-01 7.69254208e-01
    3.74334931e-01 6.27988219e-01 4.81220961e-01 -5.49764276e-01
    8.11017081e-02 1.66489398e+00 -3.03825617e-01 1.60842192e+00
    -1.94767818e-01 1.43072486e+00 5.58539808e-01 -1.21854924e-01
    -3.62013340e-01 5.03063738e-01 6.34637833e-01 -6.84003353e-01
    -3.18942428e-01 4.82669622e-01 5.01824856e-01 8.98324490e-01
    -6.58880413e-01 1.22546542e+00 -2.31283724e-01 -3.44721645e-01
    -2.32972160e-01 3.49234521e-01 5.93854010e-01 1.43157315e+00
    1.51671338e+00 -4.61745650e-01 9.08919275e-01 1.50930452e+00
    8.34866464e-01 6.77392364e-01 -4.02643085e-01 2.87631363e-01
    3.47676635e-01 -2.17583314e-01 -9.19870362e-02 -1.64757147e-01
    1.44610286e+00 2.59964317e-01 -5.45514524e-01 5.06230712e-01
    1.68622136e+00 1.08267935e-02 -1.45194277e-01 8.22102785e-01
    -4.22008842e-01 -4.89574313e-01 -1.29963994e-01 5.41304171e-01
    1.89593345e-01 -5.93954027e-01 -8.34634304e-01 1.49026775e+00
    -4.33091640e-01 -6.33865446e-02 1.22819901e+00 1.10967481e+00
    1.42850268e+00 1.08834171e+00 1.11534142e+00 -2.60416210e-01
    -3.49325806e-01 1.16022432e+00 1.25290549e+00 8.58875275e-01
    3.03367861e-02 -5.39491832e-01 1.49693859e+00 1.59695840e+00
    -4.29997653e-01 -4.80865896e-01 5.01816511e-01 -5.69120049e-04
    -3.29637498e-01 1.27537596e+00 -1.02227040e-01 -4.56947088e-01
    1.60736489e+00 1.46307921e+00 -1.00108586e-01 1.23761773e+00
    1.85626522e-01 6.91221237e-01 7.80742764e-02 8.78039300e-01
    -2.19781339e-01 -1.03840388e-01 5.76575398e-01 -4.58841890e-01
    9.80745554e-02 7.25098312e-01 -8.26676965e-01 1.51069975e+00
    -1.36848077e-01 9.87698436e-01 1.41805983e+00 1.40036449e-01
    1.54483676e+00 5.70899904e-01 1.50234485e+00 1.11973166e+00
    -4.24489439e-01 8.40830505e-02 8.39030683e-01 8.79885077e-01
    5.75571060e-01 6.47948623e-01 -3.93375546e-01 9.49118435e-01
    -5.28418243e-01 3.83120060e-01 1.42976797e+00 1.59768999e+00
    1.11517584e+00 -6.44323826e-01 -9.19138044e-02 3.78237873e-01
    1.03200769e+00 -6.65193439e-01 -6.76185846e-01 -4.23012465e-01
    1.70745695e+00 1.88365698e-01 1.66153407e+00 -4.38336655e-02
    1.36285484e+00 -3.28401417e-01 1.68435931e-01 1.06375051e+00
    -3.97028446e-01 1.01976216e+00 1.01000035e+00 -7.09111214e-01
    1.34732342e+00 5.13509631e-01 8.22632730e-01 1.25447142e+00
    1.06036758e+00 -3.81850868e-01 1.14667702e+00 1.35200596e+00
    1.17942703e+00 -6.15143895e-01 -2.36828357e-01 1.46427333e+00
    1.24121952e+00 3.62942308e-01 -6.40751541e-01 -6.95681334e-01
    8.89003992e-01 5.07527471e-01 4.46120501e-01 1.72920749e-01
    9.79708731e-01 2.64563680e-01 -1.06246218e-01 4.76188213e-01
    1.70754671e+00 1.29841220e+00 -4.58122045e-01 5.10365725e-01
    1.56807923e+00 -2.50310302e-01 -5.72795570e-01 2.46962458e-01
    1.60683501e+00 7.08639398e-02 4.63944584e-01 -4.08922255e-01
    -2.27489054e-01 -4.21628028e-01 -3.59804869e-01 -3.25199306e-01
    1.24574935e+00 1.65846273e-02 1.20299983e+00 1.13701057e+00
    6.18751109e-01 6.93475604e-01 5.08553863e-01 2.49353558e-01
    8.37591529e-01 3.75259936e-01 3.08037460e-01 -6.01707220e-01
    6.18391633e-01 1.84333399e-01 1.23407376e+00 -4.00263041e-01
    5.99513471e-01 -5.17575860e-01 1.17629766e+00 2.76996255e-01
    -3.68604720e-01 -5.31068861e-01 -5.37309647e-01 4.38561998e-02
    4.23565060e-01 1.64104652e+00 1.41989231e+00 1.20232128e-01
    1.45234478e+00 -7.78494537e-01 1.49173558e+00 -6.87790692e-01
    4.82985914e-01 -7.26480410e-02 -5.26511788e-01 -4.51924920e-01
    1.60177052e+00 8.68093789e-01 4.53584701e-01 1.57864332e+00
    9.47764993e-01 -7.91332185e-01 -4.02627170e-01 1.85465723e-01
    1.38798833e+00 4.26999658e-01 1.36112916e+00 9.72528398e-01
    1.62309277e+00 9.20067251e-01 1.14855444e+00 -1.32233292e-01
    4.91865844e-01 -2.91953593e-01 -5.59551939e-02 1.75998366e+00
    2.59576570e-02 3.00025970e-01 -5.14139608e-02 -5.01254737e-01
    4.46534812e-01 1.91239044e-01 1.19590521e+00 -2.77323127e-01
    9.33262110e-01 1.04145452e-01 1.42852771e+00 8.18023205e-01
    1.46285641e+00 2.25064754e-01 -4.78485316e-01 1.08930814e+00
    -2.34722957e-01 1.13782001e+00 1.77175045e+00 8.93058479e-01
    5.10923684e-01 3.59064370e-01 1.50451779e+00 3.88204664e-01
    -2.85063386e-01 -7.38585472e-01 -5.34206688e-01 -9.27553773e-02
    9.95553136e-01 9.28334951e-01 9.67057347e-01 1.69895780e+00
    1.23582160e+00 6.82429016e-01 -6.97551668e-01 -4.27142590e-01
    9.61240232e-01 -5.76712787e-01 7.14130700e-01 4.46404845e-01
    -6.87042251e-02 7.62965441e-01 -6.14936292e-01 2.96256483e-01
    8.31555963e-01 1.19442332e+00 -5.46631396e-01 7.25384414e-01
    -1.68445975e-01 1.06933796e+00 -2.24188790e-01 1.04457688e+00
    1.08134234e+00 1.01466380e-01 8.60915601e-01 -4.15556371e-01
    1.64838994e+00 1.36081982e+00 -1.15145706e-01 1.45657790e+00
    3.32484901e-01 8.20030391e-01 1.33322489e+00 1.66616893e+00
    1.55017948e+00 -2.38417327e-01 -5.99885702e-01 7.35030651e-01
    1.23681390e+00 1.05401504e+00 -4.56346571e-01 7.88452327e-01
    -3.90719831e-01 1.32817101e+00 -9.68060344e-02 1.57309997e+00
    -1.74558505e-01 3.09066832e-01 1.08133578e+00 1.28496930e-01
    4.70184952e-01 1.18865550e+00 1.13496923e+00 -7.21296191e-01
    1.07637727e+00 1.71116024e-01 -8.23738337e-01 -5.19392848e-01
    4.31236744e-01 -5.18029332e-01 3.61932576e-01 6.45617068e-01
    8.49131525e-01 -6.92158103e-01 5.66602647e-01 1.31014192e+00
    2.60769904e-01 -3.07952166e-01 1.32114732e+00 7.50409961e-01
    1.33605272e-01 1.26988149e+00 1.40612948e+00 1.01138502e-01
    1.77909553e-01 8.42702031e-01 1.32830083e+00 -3.91670972e-01
    -3.15830052e-01 2.41781697e-01 1.75858283e+00 -4.26459700e-01
    1.60887265e+00 4.47734118e-01 6.80671707e-02 1.32249856e+00
    -1.27021072e-03 1.43470597e+00 1.29808605e+00 -6.22681320e-01
    1.64298928e+00 7.87730217e-01 -6.41215742e-01 -8.15019071e-01
    1.51733243e+00 -2.11434856e-01 -6.01027727e-01 4.92520064e-01
    1.24861300e+00 -5.48784375e-01 2.11224735e-01 1.16669464e+00
    1.08872437e+00 7.80967414e-01 4.78812784e-01 1.40136087e+00
    1.47210371e+00 6.11740053e-01 1.09983230e+00 2.16576725e-01
    1.46019423e+00 -4.87037562e-02 -2.25763265e-02 1.32458198e+00
    -2.08548769e-01 1.42258096e+00 -1.51697695e-01 -6.10835731e-01
    1.22304869e+00 1.60641348e+00 -1.65176168e-01 7.14432180e-01
    3.71629804e-01 -6.83612764e-01 1.60673273e+00 1.41256440e+00
    1.04435349e+00 -3.05788606e-01 1.31730869e-01 -5.64681947e-01
    7.77085304e-01 1.27506685e+00 3.05605233e-01 7.51009881e-02
    3.27679336e-01 -1.59897096e-02 2.91721731e-01 1.72357607e+00
    -6.13916993e-01 9.92539346e-01 1.69729531e+00 -5.59202805e-02
    1.73645699e+00 -6.10905960e-02 1.25613141e+00 -1.96268097e-01
    4.74736512e-01 -1.34301186e-01 1.61769736e+00 5.28149754e-02
    -4.79151905e-02 3.60691160e-01 -4.60477501e-01 1.37584078e+00
    7.84889221e-01 9.99317288e-01 1.36070466e+00 7.30184317e-01
    9.21786427e-01 -6.61821067e-01 1.14605677e+00 -6.94132522e-02
    -9.92684141e-02 -4.47371542e-01 1.60052931e+00 -5.67723140e-02
    8.04219782e-01 -3.46119665e-02 1.33929181e+00 -5.71668446e-01
    9.19670701e-01 -7.10249841e-01 8.89595866e-01 -1.02242596e-01
    5.22859693e-01 1.67731583e+00 1.73945987e+00 -7.03430235e-01
    4.30670679e-01 1.31797695e+00 -2.47155011e-01 -5.65725207e-01
    6.49398044e-02 1.37580740e+00 9.94343758e-01 -1.19651988e-01
    -6.60941482e-01 1.05860186e+00 -1.98739916e-01 1.78803468e+00
    1.04687464e+00 9.56484795e-01 -1.65934451e-02 1.52292001e+00
    -2.35529710e-02 -6.00225210e-01 1.44395411e+00 1.37766886e+00
    6.70747519e-01 1.69678366e+00 7.56737828e-01 5.27566850e-01
    1.05381215e+00 1.02939773e+00 1.39357042e+00 -5.47703087e-01
    -5.47859728e-01 7.11211860e-02 1.24370885e+00 1.34682751e+00
    1.09951949e+00 5.33254683e-01 1.55452168e+00 3.88486832e-01
    3.20903242e-01 -1.32675484e-01 6.21478856e-01 1.05079591e+00
    -3.83269548e-01 3.78028542e-01 7.33537853e-01 4.04644251e-01
    9.36504900e-01 -7.80322850e-01 1.67984819e+00 1.51905525e+00
    9.29587305e-01 5.75355530e-01 -5.59659600e-02 1.01281297e+00
    1.46613061e+00 -7.35381842e-01 1.60364047e-01 1.28548145e-02
    -3.99570704e-01 8.97846341e-01 -5.72001278e-01 1.11450016e+00
    1.25916421e+00 1.76896226e+00 -1.87109411e-01 9.55264270e-01
    9.00279880e-01 1.10693645e+00 -5.98593950e-01 3.43796849e-01
    3.80147219e-01 1.53781772e+00 5.86037874e-01 5.07722318e-01
    1.64463639e+00 5.37353873e-01 -7.50965297e-01 -9.96065214e-02
    1.63780546e+00 -2.15531215e-01 8.73701096e-01 9.97413456e-01
    -4.35688421e-02 1.63579118e+00 -5.36130607e-01 1.71460533e+00
    8.23383689e-01 3.23598713e-01 1.13373542e+00 -2.19343439e-01
    -2.34026417e-01 -3.20634663e-01 9.62052703e-01 -8.24465603e-02
    -5.94781220e-01 -5.49597263e-01 1.05123425e+00 -1.63619295e-01
    1.19586551e+00 -3.70237589e-01 -8.31768662e-02 3.66263747e-01
    -7.44623065e-01 -3.00516397e-01 1.71961397e-01 1.38702178e+00
    9.64487076e-01 -5.25878258e-02 1.13252795e+00 -7.51766324e-01
    9.88248736e-02 1.66487420e+00 1.52970105e-01 1.04039259e-01
    -2.64092218e-02 -7.41918921e-01 -6.08287416e-02 1.05774009e+00
    -6.34116232e-02 1.03584364e-01 1.01713002e+00 1.29529202e+00
    -1.64222658e-01 1.37317681e+00 1.37115431e+00 1.54025388e+00
    4.85821784e-01 3.54691073e-02 1.45406723e+00 8.49092901e-01
    7.74508417e-01 9.78893638e-01 -5.92268109e-01 1.46647000e+00
    1.13627231e+00 -5.54654539e-01 6.21431053e-01 1.09893715e+00
    9.16394472e-01 1.39227450e+00 1.59662679e-01 4.25158560e-01
    1.37631226e+00 -6.57474577e-01 5.54857291e-02 1.76612532e+00
    9.98402834e-01 1.43271637e+00 5.75004458e-01 8.34835529e-01
    1.04765666e+00 1.18105733e+00 1.17481458e+00 3.38273406e-01
    -4.61535156e-01 1.42538798e+00 1.72944212e+00 2.61544257e-01
    7.82467961e-01 3.39479536e-01 -5.88458776e-01 6.33365929e-01
    7.37654567e-01 7.29664207e-01 1.30059314e+00 1.32460417e-02
    1.28634560e+00 -4.48073260e-02 1.20264947e+00 1.27104795e+00
    -1.11734327e-02 -1.64992481e-01 2.17329651e-01 3.48171532e-01
    -5.39340615e-01 6.62316740e-01 7.25335658e-01 -6.27040923e-01
    -5.87752938e-01 -2.66978115e-01 -2.81212628e-01 2.49228343e-01
    -5.01303196e-01 9.88212109e-01 -6.87960505e-01 6.74392104e-01
    -6.27476037e-01 1.02484310e+00 -5.81418753e-01 -5.23114324e-01
    9.00977075e-01 1.30513176e-01 7.34556675e-01 5.74746907e-01
    1.54071939e+00 2.67298996e-01 1.56953406e+00 7.14988291e-01
    1.12496960e+00 -3.98657352e-01 4.94496465e-01 1.41353190e+00
    1.14189424e-01 -4.59256589e-01 7.88694143e-01 1.46666188e-02
    9.38642919e-01 -1.99800536e-01 2.56034881e-01 1.36991453e+00
    1.42429292e+00 1.40452373e+00 -7.20984459e-01 2.97196090e-01
    1.14771712e+00 -6.77669048e-01 1.14049029e+00 3.46530467e-01
    4.61558491e-01 -2.25509256e-01 1.23663211e+00 1.57679152e+00
    5.58155894e-01 3.83331507e-01 -1.78868368e-01 1.58504188e+00
    7.98585773e-01 1.51604748e+00 3.13266933e-01 6.97022200e-01
    -5.58883011e-01 7.03676462e-01 -1.28296629e-01 -7.67352283e-01
    1.45848536e+00 8.19634676e-01 1.35489357e+00 -1.94868565e-01
    1.68191206e+00 -6.84845001e-02 1.10568988e+00 4.26392049e-01
    1.40367341e+00 2.32269570e-01 -3.24305445e-01 5.60516894e-01
    1.31562197e+00 1.55225146e+00 3.20744544e-01 1.45268822e+00
    2.36993423e-03 1.99951187e-01 1.18139945e-01 1.83379793e+00
    -3.69148046e-01 -1.03132851e-01 -3.39656889e-01 -6.40381992e-01
    -1.04295187e-01 4.13737088e-01 1.02661192e+00 7.68273473e-02
    9.16595817e-01 1.98844910e-01 1.22843766e+00 -6.02803230e-01
    8.17041814e-01 6.27680123e-01 -4.29287791e-01 5.09359092e-02
    -2.30141848e-01 9.76290524e-01 1.37604618e+00 4.77780133e-01
    -2.87528247e-01 1.00633609e+00 5.56355298e-01 2.12631896e-02
    -4.64274615e-01 1.61752725e+00 9.10929084e-01 1.18505561e+00
    1.11130524e+00 1.67253304e+00 -5.66529930e-01 -4.57538009e-01
    -8.02128255e-01 -3.61744165e-01 9.64623988e-02 7.36072540e-01
    1.45974144e-01 -8.45697224e-01 1.04383862e+00 5.52348733e-01
    1.62235761e+00 -6.84100866e-01 1.28793776e+00 7.68652558e-01
    3.19102138e-01 4.32130545e-01 9.63316381e-01 6.19730473e-01
    -6.89099252e-01 -6.46424666e-02 -6.67654037e-01 8.33085179e-01
    -5.46939075e-01 -5.30420616e-02 4.48593348e-01 -1.28152907e-01
    1.50354898e+00 4.00761127e-01 1.40993118e+00 9.44220066e-01
    1.53082490e+00 -4.20105666e-01 6.84134781e-01 -6.08381853e-02
    3.86059970e-01 1.25308144e+00 1.68118048e+00 3.18987638e-01
    1.07719624e+00 -1.32066205e-01 7.34552860e-01 1.06196508e-01
    -1.73222154e-01 -6.52557313e-01 -5.05717210e-02 -2.09743619e-01
    6.59334838e-01 1.59037307e-01 1.30811691e+00 5.46941161e-01
    1.20771083e-03 1.14688241e+00 -5.44593036e-01 1.78007349e-01
    -8.34810793e-01 1.33651328e+00 -1.28535286e-01 1.07903147e+00
    1.33445680e+00 5.91627300e-01 1.31914034e-01 3.76393437e-01
    1.15946196e-01 1.41871226e+00 6.81872904e-01 1.33508039e+00
    1.29958344e+00 1.13588893e+00 3.05700630e-01 -6.67064726e-01
    -6.88099802e-01 9.68160570e-01 9.90227938e-01 1.04976892e+00
    -4.06688541e-01 -5.40276289e-01 1.19209611e+00 1.26916754e+00
    6.85311437e-01 -7.07690358e-01 -1.91140190e-01 1.57666743e+00
    8.39076042e-01 -1.66733749e-02 6.05014324e-01 1.28320038e+00
    7.68571854e-01 6.58071339e-01 -8.29391554e-02 -4.62989420e-01
    3.68358880e-01 1.18159652e+00 4.56138402e-01 -5.44851184e-01
    -1.64587453e-01 6.00647032e-01 6.63806975e-01 8.62198710e-01
    6.87394321e-01 -2.87667453e-01 1.35514450e+00 5.04179358e-01
    7.56211698e-01 -2.83828348e-01 -5.46938539e-01 1.45844913e+00
    -7.73164570e-01 4.64988351e-01 6.16771758e-01 9.30290639e-01
    -3.47158372e-01 1.16036880e+00 1.49725061e-02 3.54241610e-01
    -3.37792844e-01 3.34068120e-01 -2.80035347e-01 1.66929686e+00
    3.70848656e-01 -7.63718665e-01 1.61201626e-01 4.35409576e-01
    1.06551087e+00 1.09135973e+00 -6.30037189e-01 -2.23493740e-01
    1.19861722e+00 1.64198267e+00 1.09528816e+00 -7.62423635e-01
    -2.78010786e-01 -5.69114499e-02 1.22793889e+00 -3.69995460e-02
    1.57436907e+00 6.71152830e-01 2.51192302e-01 1.60289371e+00
    2.83012062e-01 1.66028905e+00 1.17249608e+00 -1.79055750e-01
    1.60849869e+00 7.53463387e-01 1.28477705e+00 1.21387923e+00
    1.37871861e+00 1.20248020e+00 8.31799746e-01 -2.04990759e-01
    -4.99008536e-01 -3.44105989e-01 1.75326526e+00 2.22097442e-01
    1.55119646e+00 8.50173056e-01 -2.70490739e-02 6.07621908e-01
    1.78097799e-01 1.68592799e+00 1.34530473e+00 -2.24111788e-02
    5.37496090e-01 4.78089303e-01 1.15704834e+00 -3.98552626e-01
    -2.34250084e-01 3.88877004e-01 -3.82195890e-01 5.01300395e-01
    4.32259917e-01 -1.08147442e-01 1.39466298e+00 -6.11301124e-01
    -5.50315976e-01 1.09100366e+00 -8.97738636e-02 1.48505008e+00
    4.66205627e-01 -7.26239502e-01 -5.02325356e-01 1.56160128e+00
    8.20509911e-01 7.07117021e-01 -6.01150811e-01 5.18538713e-01
    1.62342048e+00 1.00334918e+00 1.42221189e+00 -6.82205617e-01
    8.08180749e-01 7.91901052e-01 1.23648322e+00 1.67707348e+00
    3.92091930e-01 -7.79364467e-01 -7.79931471e-02 4.86701846e-01
    9.35504854e-01 -2.18908355e-01 1.70444298e+00 1.51939273e+00
    1.46839154e+00 1.47411823e+00 -3.09740126e-01 -6.82703078e-01
    -6.90816581e-01 8.33668590e-01 3.41413319e-01 -6.65591955e-01
    -4.66462970e-01 -6.42246127e-01 -2.29136333e-01 1.10334015e+00
    1.48891926e+00 -6.00037992e-01 1.11436081e+00 6.96339548e-01
    1.60250708e-01 2.56245464e-01 8.87913704e-01 -3.22124183e-01
    1.03426993e+00 1.82140338e+00 -2.61730850e-02 4.06894624e-01
    6.24851286e-01 -6.01198971e-01 -3.33539754e-01 -4.63088095e-01
    -4.10175145e-01 1.47745466e+00 8.67652476e-01 8.81761134e-01
    -3.64422202e-01 2.84931123e-01 -4.69136715e-01 1.79930973e+00
    -2.45632678e-01 1.70975792e+00 -5.27047813e-01 -6.89442456e-02
    1.60429929e-03 8.69581759e-01 -5.48935711e-01 1.56685710e+00
    5.39422512e-01 1.12563276e+00 -7.20549107e-01 1.59247828e+00
    9.13363338e-01 6.10284269e-01 -1.55543968e-01 -2.95445800e-01
    -1.46118701e-01 -6.17809772e-01 1.27819669e+00 -4.93931442e-01
    1.75534344e+00 1.53506070e-01 1.53274202e+00 -5.33981562e-01
    1.45041955e+00 8.81533444e-01 1.65630209e+00 6.76977098e-01
    2.60197967e-01 -3.67349148e-01 1.39642465e+00 6.80722177e-01
    -1.12893343e-01 5.74691176e-01 4.54191506e-01 6.09460473e-01
    5.07754683e-01 1.53776968e+00 -7.59218872e-01 8.97298992e-01
    1.17408454e+00 5.29617310e-01 4.98004794e-01 1.10228252e+00
    1.60470974e+00 -2.56053396e-02 -4.46156323e-01 1.54138708e+00
    1.46257639e+00 -2.09300295e-01 -4.60471481e-01 -1.64747417e-01
    3.16337109e-01 7.47096613e-02 -6.21373892e-01 1.87210798e+00
    6.94372892e-01 1.25356507e+00 1.17909849e+00 -7.70544410e-01
    9.99668658e-01 -3.04622203e-01 9.80933070e-01 1.39293516e+00
    1.68764055e+00 1.52008760e+00 -4.35628653e-01 7.66457856e-01
    1.05732083e+00 1.37742364e+00 1.10200536e+00 6.27176106e-01
    -2.79755630e-02 1.70381987e+00 6.93451047e-01 1.22329414e+00
    -6.24556422e-01 1.18792140e+00 9.09041837e-02 -2.64375657e-03
    4.70115282e-02 1.44193733e+00 1.53708291e+00 3.50515425e-01
    1.16233718e+00 1.55699563e+00 5.91218114e-01 5.50450444e-01
    1.15274405e+00 1.66033173e+00 -4.87537205e-01 8.95003796e-01
    -2.18534499e-01 -6.21962659e-02 1.15346277e+00 8.85595322e-01
    -4.56276715e-01 8.44808638e-01 4.50364679e-01 1.34099036e-01
    -3.48157853e-01 1.28085220e+00 1.44143558e+00 1.12743878e+00
    6.56170920e-02 1.43912852e+00 3.86784911e-01 -1.21440932e-01
    9.75105941e-01 1.57235122e+00 1.23164642e+00 3.43814969e-01
    1.08651686e+00 9.20350790e-01 -4.54785973e-01 1.33751965e+00
    5.37057877e-01 -7.48108804e-01 1.63982880e+00 -5.16806245e-01
    1.18687439e+00 4.98043180e-01 1.37733066e+00 7.77839497e-02
    -6.21254385e-01 9.15949464e-01 1.60929513e+00 -6.08109176e-01
    -2.65280098e-01 2.05785349e-01 1.32480705e+00 1.54848087e+00
    -5.99824905e-01 1.53026983e-01 6.31326020e-01 2.34855175e-01
    1.13780606e+00 1.65287733e+00 -1.15142658e-01 -1.64053902e-01
    1.71064043e+00 6.69935465e-01 -1.30673096e-01 1.80550113e-01
    4.75701123e-01 1.49328291e+00 9.60993946e-01 1.48151457e+00
    1.14808455e-02 -5.48114717e-01 1.22533709e-01 -7.69900143e-01
    1.10177791e+00 -3.31277341e-01 8.45153630e-01 1.46282539e-01
    -5.54874480e-01 -6.27073795e-02 6.93137825e-01 -1.83130354e-01
    4.49067820e-03 1.95728257e-01 -6.20441079e-01 1.77674890e-01
    1.54740572e+00 1.49469805e+00 7.41334260e-01 9.81668830e-01
    1.98972374e-01 1.46059299e+00 5.76398112e-02 1.13177729e+00
    7.33893394e-01 1.37773192e+00 3.50705497e-02 3.29286546e-01
    1.57769585e+00 2.63061464e-01 9.64567721e-01 4.56467330e-01
    -5.46770096e-01 7.00741410e-01 1.11206901e+00 -1.51960462e-01
    3.79955769e-01 1.47959709e+00 3.57103795e-02 9.41022411e-02
    1.48800778e+00 4.12029661e-02 1.41333604e+00 1.05970216e+00
    -3.95787567e-01 1.10081053e+00 1.69269466e+00 -7.20862091e-01
    1.24960208e+00 1.17582226e+00 1.63808727e+00 3.12461495e-01
    1.63394487e+00 -1.67462274e-01 1.69004583e+00 -6.97177589e-01
    -5.74420631e-01 1.13008285e+00 5.26284158e-01 4.57411349e-01
    1.26265728e+00 2.51041234e-01 4.21300560e-01 -7.61095703e-01
    -2.00375959e-01 8.25183749e-01 1.67590094e+00 1.22061491e+00
    -7.88051844e-01 4.02706265e-01 1.02461256e-01 1.11201203e+00
    1.29491472e+00 -1.44375339e-01 -7.34133363e-01 -2.12360658e-02
    1.34797513e+00 1.28750765e+00 1.17559528e+00 -1.23555334e-02
    -4.80480641e-01 -2.95041651e-01 3.73037271e-02 -1.67828113e-01
    1.59040853e-01 1.01434302e+00 -4.24518138e-01 1.43692970e+00
    4.59177643e-01 4.21322852e-01 1.04815209e+00 1.52828789e+00
    1.34856820e+00 1.26843524e+00 -7.16329506e-03 5.62614977e-01
    7.61034310e-01 7.28536248e-01 8.32389653e-01 3.54684204e-01
    1.85220614e-01 6.34879470e-02 -2.37086251e-01 1.63810098e+00
    -3.67667019e-01 4.53851700e-01 1.16537726e+00 1.77568242e-01
    4.37400579e-01 1.54410183e+00 1.08772194e+00 -2.17671797e-01
    -2.88348794e-01 7.94967830e-01 -6.53025210e-01 5.01234531e-01
    8.37617218e-01 6.51999235e-01 1.43130028e+00 -1.82842851e-01
    -7.98741400e-01 6.05062187e-01 1.36624098e+00 1.11645088e-01
    1.33566999e+00 2.54486322e-01 1.38418722e+00 9.93141174e-01
    1.57366490e+00 5.82847655e-01 -8.96902680e-02 1.07141757e+00
    2.19152018e-01 -3.47295076e-01 5.26777446e-01 -4.65112954e-01
    9.36933398e-01 1.29907501e+00 1.48774457e+00 -1.48147732e-01
    3.95236433e-01 1.35332644e+00 1.47556221e+00 2.91150659e-01
    -2.25400776e-01 1.28520775e+00 1.53744531e+00 1.26475304e-01
    -5.61179698e-01 -7.70830929e-01 8.30857575e-01 2.05135331e-01
    -5.29938713e-02 -7.70609736e-01 -4.58768815e-01 -7.58454025e-01
    1.63501918e-01 1.50127506e+00 6.65077865e-01 -2.27770552e-01
    8.06751490e-01 1.13112485e+00 6.24539137e-01 1.34347379e+00
    -1.88791063e-02 -2.78028160e-01 1.20068550e+00 -7.08245456e-01
    1.73775613e+00 1.35797769e-01 -2.38530681e-01 7.57044494e-01
    2.68019438e-01 -1.15561254e-01 1.61123443e+00 1.38722742e+00
    1.36497617e+00 1.28595269e+00 3.11001301e-01 1.13272071e+00
    -1.43293887e-01 -2.35082030e-01 9.45443332e-01 1.07786870e+00
    1.00195634e+00 2.40241289e-01 -3.48114938e-01 1.04510987e+00
    8.25317621e-01 8.94505143e-01 3.40552926e-01 1.54508626e+00
    -2.93500662e-01 1.73753679e+00 -5.12902558e-01 7.52894044e-01
    -6.25869274e-01 -2.77753413e-01 9.53276932e-01 1.44298017e+00
    1.55295300e+00 7.54384175e-02 7.74352491e-01 3.17228913e-01
    4.66189891e-01 -3.47988188e-01 1.38741112e+00 -7.06100762e-01
    3.39982778e-01 6.83063447e-01 -6.26463909e-03 -5.08424580e-01
    7.22153187e-01 -6.25176728e-01 -3.04651976e-01 8.10843408e-01
    1.58420515e+00 6.80422008e-01 9.44560766e-01 1.50728977e+00
    8.24744403e-01 3.88116002e-01 3.66887331e-01 1.12352204e+00
    1.48447251e+00 5.81813753e-01 -3.00612092e-01 5.79539239e-01
    -2.37792954e-01 2.22531334e-01 -1.53601319e-02 1.66276813e+00
    8.48774374e-01 1.47852707e+00 1.27430749e+00 1.40551448e+00
    -3.61474603e-01 1.97939888e-01 1.84714472e+00 -3.87174398e-01
    6.33849561e-01 1.34952188e+00 1.13854539e+00 -6.53288305e-01
    8.38959396e-01 -7.60266960e-01 1.14104533e+00 2.14070350e-01
    5.06834626e-01 -7.67513752e-01 -6.81500614e-01 3.79544906e-02
    -1.21029869e-01 -1.83874115e-01 1.64748549e+00 5.36185145e-01
    1.20640981e+00 1.35445654e+00 9.35392976e-01 1.27672338e+00
    8.05424094e-01 3.43886375e-01 3.94274473e-01 1.11127388e+00
    8.22187126e-01 1.06773257e+00 -1.23138472e-01 1.31382036e+00
    -6.41347826e-01 8.47806752e-01 7.06769347e-01 5.58019102e-01
    1.71980107e+00 1.72999346e+00 -1.06057465e-01 -6.34905919e-02
    8.33363414e-01 1.07705855e+00 3.44171412e-02 4.91152734e-01
    5.24377584e-01 -7.44494140e-01 6.69689953e-01 9.88550425e-01
    2.69451976e-01 1.79518208e-01 1.61002636e+00 -3.34727764e-02
    -4.24703002e-01 1.51832366e+00 1.92686394e-01 2.20656916e-01
    1.31239951e+00 -3.66615981e-01 5.09423576e-02 6.13123596e-01
    -1.17524073e-01 1.44588113e+00 -1.07795954e-01 5.11117220e-01
    1.27946913e+00 1.04127896e+00 1.02655910e-01 -7.17587471e-02
    -1.95589274e-01 -6.60847306e-01 1.43969238e+00 7.28860497e-01
    -3.39140832e-01 -4.94439721e-01 1.08986461e+00 9.06301498e-01
    3.60957831e-01 -1.98568016e-01 7.74186432e-01 -6.98308125e-02
    7.28426218e-01 -6.32402658e-01 1.48956668e+00 1.52354050e+00
    1.29863477e+00 1.07703471e+00 -5.81995070e-01 3.21216047e-01
    -6.84697211e-01 5.66269517e-01 7.62096882e-01 4.91275489e-01
    3.33312273e-01 1.45372200e+00 7.92357683e-01 1.65815663e+00
    -5.56501150e-01 5.93842924e-01 7.85191059e-01 3.64469379e-01
    1.55918896e+00 -4.77240682e-01 4.16497380e-01 2.72290140e-01
    1.04803705e+00 1.38918459e+00 -5.83592534e-01 -1.09026462e-01
    1.00156224e+00 -2.81682193e-01 -4.43503231e-01 -1.10258190e-02
    -2.21184939e-01 -5.67664623e-01 -6.23617053e-01 4.93299276e-01
    7.37165451e-01 9.91855338e-02 1.30881071e+00 -1.48962125e-01
    -2.33627066e-01 1.28543258e+00 -6.63110241e-02 5.33617139e-01
    -8.06564614e-02 1.26411247e+00 1.93369687e-02 -7.46344253e-02
    5.11365235e-01 -1.63223773e-01 1.75572097e+00 -5.23085594e-01
    5.03827274e-01 3.67390960e-01 1.26888371e+00 -3.30769658e-01
    3.89455914e-01 1.48573124e+00 -6.75255775e-01 -8.01558912e-01
    4.82434314e-03 4.65599090e-01 -5.17655648e-02 1.51381075e-01
    1.44498587e+00 9.22894061e-01 -5.80831528e-01 -6.21084511e-01
    3.44104707e-01 4.95080322e-01 8.28475296e-01 1.49149704e+00
    -3.78514022e-01 -7.11152017e-01 8.70037079e-01 -3.39356810e-01
    -4.56471473e-01 1.22514093e+00 1.49382198e+00 5.42332113e-01
    3.64135116e-01 -7.58759856e-01 3.18629384e-01 1.70827818e+00
    1.10839868e+00 8.09841216e-01 1.65850651e+00 6.14201009e-01
    1.21638489e+00 -3.09244186e-01 6.62944317e-01 -2.62937874e-01
    -8.61618221e-02 9.62861717e-01 1.38220906e+00 -4.45564479e-01
    1.12733752e-01 1.27764475e+00 -2.20143735e-01 1.19122493e+00
    1.30097091e+00 8.53442371e-01 8.77035081e-01 2.24922132e+00
    1.39783609e+00 -4.63764966e-01 1.72990131e+00 1.29653656e+00
    -6.40411794e-01 1.14773512e+00 -6.79783523e-01 1.20168936e+00
    1.04805976e-01 -3.79435897e-01 -4.80784297e-01 1.46365452e+00
    1.39088523e+00 9.22155499e-01 9.21796501e-01 1.49795043e+00
    -3.53444397e-01 -2.21820101e-01 -3.01392138e-01 1.32264113e+00
    1.15700006e+00 6.87801093e-02 1.32526219e+00 1.00702190e+00
    -7.82842696e-01 2.69566745e-01 1.22703373e-01 1.54814208e+00
    1.10532796e+00 -9.16478336e-02 1.43016009e-02 -1.88611060e-01
    8.55226398e-01 1.53892684e+00 1.21168756e+00 9.49588954e-01
    8.43161523e-01 1.50464559e+00 9.08799767e-02 5.30853152e-01
    1.44900656e+00 -1.66103140e-01 8.47770452e-01 1.08544970e+00
    6.73293024e-02 -4.18045335e-02 1.72763646e-01 -3.53266373e-02
    -3.61641109e-01 -4.92921114e-01 2.41246030e-01 1.12563908e+00
    1.01245892e+00 -7.95153677e-01 -8.99826884e-01 -7.75100231e-01
    1.26604104e+00 8.38178754e-01 -4.53337759e-01 1.55114099e-01
    6.75218523e-01 -2.90285558e-01 1.95116475e-02 -2.60808140e-01
    1.49788129e+00 1.34233403e+00 3.98166776e-01 -1.55815765e-01
    1.09736133e+00 4.60532993e-01 -4.55956787e-01 -1.79876134e-01
    5.60810506e-01 1.27806437e+00 2.84873068e-01 -5.26019335e-01
    -4.24297482e-01 -6.59609497e-01 2.06638560e-01 2.62132436e-01
    -7.24811912e-01 1.21476245e+00 1.46508718e+00 5.28487444e-01
    1.69682181e+00 -2.77025074e-01 -1.13823324e-01 8.63297507e-02
    1.28493738e+00 1.44021606e+00 3.85837257e-01 -6.60796538e-02
    1.36321092e+00 2.64471591e-01 -6.62960052e-01 1.13252938e+00
    1.67457354e+00 4.38575000e-01 -5.78868508e-01 -1.62370533e-01
    -6.60546064e-01 9.74652052e-01 1.67408013e+00 -7.87546515e-01
    1.53879964e+00 -4.66165602e-01 3.72224450e-01 1.58971357e+00
    1.62808275e+00 -3.78015667e-01 1.24510550e+00 -2.18184784e-01
    -3.59980196e-01 -2.07653210e-01 1.30067277e+00 1.41404867e+00
    5.39309263e-01 1.62344325e+00 -6.73292100e-01 3.84965360e-01
    9.18214440e-01 -3.74645412e-01 4.72594917e-01 1.69654560e+00
    9.67746496e-01 1.29627216e+00 -2.10292250e-01 1.22341752e-01
    1.39007795e+00 -4.85375196e-01 1.32785231e-01 -6.07707560e-01
    1.97307900e-01 8.44161689e-01 1.71764195e-01 -8.31313729e-02
    5.98716557e-01 6.71471715e-01 -5.49043417e-01 -4.28389668e-01
    1.60034263e+00 2.82988906e-01 1.57342350e+00 1.12572110e+00
    -1.71031624e-01 -1.87171519e-01 -5.85537195e-01 8.94306719e-01
    1.56601653e-01 1.79987800e+00 1.69778693e+00 -6.72178805e-01
    -4.15133119e-01 1.01312304e+00 -5.67897439e-01 1.56513855e-01
    7.89175212e-01 -2.98122671e-02 -2.81203747e-01 5.64883888e-01
    1.65160584e+00 1.64000070e+00 6.80227041e-01 -5.70307672e-01
    2.20928743e-01 5.05098283e-01 1.59578240e+00 6.90747917e-01
    9.79056060e-02 3.22157621e-01 1.36894715e+00 6.30245268e-01
    4.16034520e-01 6.35002792e-01 1.19446123e+00 4.69385654e-01
    -7.61599699e-03 -1.84828550e-01 9.36063766e-01 9.14466441e-01
    3.88548642e-01 7.28139520e-01 -5.86045682e-01 7.51280785e-01
    9.42690194e-01 4.12672549e-01 3.11874952e-02 -7.14246571e-01
    -3.89013261e-01 1.03604376e+00 1.80647839e-02 9.41234469e-01
    8.39452028e-01 1.20345974e+00 1.64302540e+00 -5.04684150e-01
    -2.84626067e-01 -6.18084013e-01 6.80948794e-01 8.37658763e-01
    -2.03354303e-02 9.19490635e-01 1.38024235e+00 4.89183873e-01
    1.19965065e+00 -4.32342023e-01 -2.84867197e-01 1.18941939e+00
    1.40450311e+00 8.48215401e-01 -2.09219068e-01 1.38462412e+00
    1.61158347e+00 1.66158378e+00 1.32075191e+00 7.78398275e-01
    1.07286108e+00 1.56175458e+00 5.75684831e-02 4.44451064e-01
    5.37752271e-01 1.67294490e+00 -4.52070594e-01 1.20203125e+00
    6.69941604e-01 -5.53192198e-01 8.67302775e-01 1.51506150e+00
    1.55338836e+00 1.24704349e+00 4.20068771e-01 5.14592350e-01
    5.15693307e-01 -2.96853572e-01 1.32102978e+00 7.58119226e-01
    -6.48804247e-01 8.37512493e-01 1.62880969e+00 8.91769528e-01
    8.29809904e-03 1.07572091e+00 1.32958567e+00 -2.99754143e-01
    1.28977716e+00 -1.13650568e-01 1.73849058e+00 1.78516991e-02
    -4.56939116e-02 1.10333884e+00 5.96350491e-01 1.43754661e-01
    1.79203257e-01 -3.12797017e-02 7.57932723e-01 2.08713675e+00
    7.77209044e-01 -2.34694108e-01 1.29519701e+00 1.28366441e-01
    -2.23296449e-01 1.26141477e+00 -9.17335823e-02 1.68868613e+00
    -4.41031270e-02 -4.64481525e-02 -3.90592426e-01 -4.33442369e-02
    -4.98574734e-01 -4.11657512e-01 1.53794360e+00 -7.21042991e-01
    -8.30838799e-01 7.21341670e-01 1.60136491e-01 1.10770226e+00
    -2.64306962e-01 1.15797377e+00 -7.92350829e-01 -2.10580558e-01
    7.45715618e-01 8.06016862e-01 -1.24416694e-01 -2.78259605e-01
    -1.43575341e-01 -5.99421978e-01 -4.02151555e-01 1.08540201e+00
    1.60300350e+00 5.56389570e-01 5.97505569e-01 -3.39490861e-01
    7.91360363e-02 9.19150114e-01 2.92250246e-01 8.94275248e-01
    -7.71712363e-01 1.65588653e+00 7.45568752e-01 1.01406582e-01
    -1.22979566e-01 4.30027217e-01 1.14009726e+00 1.73045695e-01
    1.71077180e+00 8.24060082e-01 1.34112799e+00 1.32499409e+00
    1.10538805e+00 1.19807029e+00 1.37193167e+00 7.13117301e-01
    1.12930691e+00 4.53560621e-01 -8.17204475e-01 -6.96532130e-01
    -4.05966669e-01 1.40758824e+00 1.45745361e+00 5.57675838e-01
    6.33968651e-01 -6.32087231e-01 1.43974185e+00 7.02498481e-02
    1.24263990e+00 9.97910619e-01 1.74958801e+00 -5.79864323e-01
    3.45099479e-01 6.19747378e-02 1.76747060e+00 9.62242365e-01
    1.20875716e+00 1.41863513e+00 6.66591227e-02 9.86692369e-01
    1.44756258e+00 1.45543826e+00 -3.74781013e-01 -6.42433465e-01
    8.29739153e-01 7.63929307e-01 9.33552563e-01 4.67938185e-01
    1.42374253e+00 -3.72530729e-01 8.60375240e-02 1.31966221e+00
    -2.76729256e-01 1.29148507e+00 -6.98757172e-01 5.17307758e-01
    1.44594634e+00 -1.45444006e-01 6.29047275e-01 1.98458374e-01
    8.67985487e-01 1.66215360e+00 -1.83224633e-01 -3.14618200e-01
    1.27804935e+00 8.32914352e-01 1.39917099e+00 -7.50196397e-01
    7.14570880e-01 9.39286232e-01 1.72902107e+00 4.20690805e-01
    9.34782028e-01 -7.20697641e-01 1.70714390e+00 1.96826264e-01
    -6.42959297e-01 6.42190933e-01 9.49111395e-03 -7.40497172e-01
    6.71038151e-01 2.25734934e-01 4.24336553e-01 3.97953570e-01
    1.86937317e-01 4.21936512e-01 7.67126143e-01 1.66156554e+00
    -5.74240804e-01 5.67555189e-01 -4.01893526e-01 4.50479448e-01
    8.28005373e-01 -3.39188129e-02 -5.83896577e-01 -6.90649211e-01
    1.58204126e+00 1.06899989e+00 3.70923877e-01 9.02828991e-01
    -1.42383128e-02 1.06715417e+00 6.20924890e-01 1.39882255e+00
    -6.83308989e-02 8.73799562e-01 -3.33266050e-01 -6.48957551e-01
    -3.53211790e-01 5.60474813e-01 1.80206507e-01 -2.13729426e-01
    1.07754838e+00 1.59310544e+00 -2.86965162e-01 -4.32225615e-01
    3.26911360e-01 5.04380465e-01 1.60836232e+00 -8.10830474e-01
    1.43750751e+00 1.66122162e+00 -3.26929539e-01 6.34303510e-01
    8.32293391e-01 3.09241772e-01 1.70713699e+00 -6.35643661e-01
    1.69312048e+00 -6.17338061e-01 7.95049965e-01 1.41454434e+00
    1.18875909e+00 1.49334681e+00 3.24387968e-01 1.46660125e+00
    -6.40613675e-01 -7.11294770e-01 3.47824812e-01 -4.50402528e-01
    1.15512729e+00 1.15385771e+00 -6.47234976e-01 1.19247806e+00
    1.08577669e+00 -1.61268473e-01 -1.73394561e-01 1.64295542e+00
    1.45886934e+00 -6.60159409e-01 1.53654265e+00 -5.57516634e-01
    3.60663742e-01 1.78809011e+00 1.70225346e+00 -5.32723725e-01
    5.17795384e-01 1.59738278e+00 -1.68454707e-01 2.28251085e-01
    -5.30085802e-01 3.47599983e-02 4.26660813e-02 -4.77484107e-01
    1.68083227e+00 -3.49892318e-01 2.18939289e-01 -4.57080394e-01
    1.10541523e+00 -2.57822126e-01 1.05630064e+00 1.16996908e+00
    1.68640494e+00 -3.28645408e-01 7.02817559e-01 1.41682124e+00
    1.55906415e+00 2.62915969e-01 4.57251787e-01 2.25893073e-02
    8.94390821e-01 1.26005971e+00 5.64490668e-02 8.91359866e-01
    -3.84250015e-01 -1.00038558e-01 6.11141503e-01 9.37436223e-01
    1.63226783e+00 2.02813745e-01 1.04346883e+00 -3.94789204e-02
    -2.38913476e-01 -5.16325891e-01 -4.51748073e-01 8.27335238e-01
    1.50386810e-01 2.72524089e-01 7.45885432e-01 -3.18336427e-01
    -5.73383808e-01 -4.03505176e-01 5.30753672e-01 9.57052708e-01
    1.31542957e+00 1.70053637e+00 1.42481780e+00 1.34719849e+00
    6.25517011e-01 1.27850056e+00 -3.92381728e-01 5.55552304e-01
    -3.66384447e-01 4.56574023e-01 -2.22772453e-02 2.42798090e+00
    2.54989769e-02 1.66007936e+00 1.06515086e+00 3.75978202e-01
    -2.13465407e-01 6.59134865e-01 5.32798655e-02 5.57542622e-01
    1.77508759e+00 1.01836252e+00 3.22763264e-01 8.17130730e-02
    -2.53738523e-01 -4.31955636e-01 1.00123036e+00 6.04772985e-01
    7.36060321e-01 5.60723484e-01 1.50698876e+00 1.28708088e+00
    -4.43180501e-01 1.78041852e+00 1.11325431e+00 -5.30158579e-01
    -2.90959269e-01 1.10880160e+00 2.86550879e-01 3.79855514e-01
    1.08820081e+00 1.16580260e+00 5.21813214e-01 5.47415257e-01
    1.64015663e+00 -4.88866299e-01 -7.39137590e-01 7.40763783e-01
    -6.40845656e-01 1.02472579e+00 5.44301271e-02 2.15969503e-01
    8.58311057e-01 3.42813671e-01 1.15654159e+00 -4.03703153e-01
    1.56695142e-01 1.67559922e+00 3.81201714e-01 1.12284112e+00
    9.46659684e-01 7.02872947e-02 9.18235660e-01 2.81176120e-01
    -8.06809425e-01 8.41527402e-01 1.41550994e+00 1.45914364e+00
    -3.44829261e-01 5.42433143e-01 1.08433485e+00 1.48045516e+00
    1.21345532e+00 1.70571458e+00 -1.05085745e-01 -6.61565065e-01
    -5.31976186e-02 1.72818577e+00 7.30706513e-01 -5.87347686e-01
    1.65651083e+00 8.12100291e-01 5.28936505e-01 -3.28391552e-01
    -1.78998232e-01 6.63984954e-01 2.39573978e-02 -4.19808030e-01
    1.05406630e+00 4.44484949e-01 1.15507603e+00 3.90887797e-01
    1.15966380e+00 4.53976542e-01 -4.70907032e-01 -5.89438993e-03
    4.50145185e-01 1.73570359e+00 1.38870919e+00 4.32787329e-01
    1.07832730e+00 1.26589751e+00 2.52031147e-01 1.58129859e+00
    9.45829749e-01 -4.22742188e-01 9.77997124e-01 1.19692409e+00
    1.11712754e+00 1.41706705e+00 -5.54223597e-01 -2.79426038e-01
    3.41882855e-01 6.45921648e-01 6.11213744e-01 1.32827032e+00
    2.06652001e-01 1.78183690e-01 1.34922063e+00 -2.48345450e-01
    -7.00708032e-01 8.62922549e-01 -6.49909854e-01 -7.84727812e-01
    1.39436436e+00 -5.95258772e-01 -6.87887132e-01 4.28464860e-01
    4.82437015e-01 1.63564622e+00 1.05827224e+00 2.10279062e-01
    3.57088596e-01 1.09565043e+00 -5.76085210e-01 8.80062521e-01
    -4.22019631e-01 4.91839319e-01 3.36979985e-01 2.73054957e-01
    -5.30748367e-01 2.49752700e-01 1.43533182e+00 -9.71749946e-02
    5.91040313e-01 -2.57601470e-01 1.25069702e+00 1.30060419e-01
    1.59973240e+00 -3.55622917e-01 6.08792901e-01 8.01079050e-02
    1.75164413e+00 -2.42963344e-01 4.38674986e-01 7.55334571e-02
    -4.50744271e-01 6.12527251e-01 1.48197091e+00 7.86743522e-01
    5.54987431e-01 -2.60273546e-01 1.45494151e+00 1.23464870e+00
    1.54483128e+00 1.20244229e+00 1.44766331e+00 6.08508229e-01
    1.30418575e+00 1.36612558e+00 -3.66850287e-01 -6.70274198e-01
    1.24596477e+00 -4.08051372e-01 -1.32083610e-01 -3.11960429e-01
    -7.23499000e-01 6.02378309e-01 1.42290914e+00 -4.55933399e-02
    -6.19654655e-01 -5.18955350e-01 1.12647831e+00 1.23438001e+00
    8.72413754e-01 8.53139386e-02 -5.26479959e-01 1.12953353e+00
    1.35747492e+00 3.92304301e-01 1.55355823e+00 1.06528604e+00
    1.42086995e+00 -5.94931901e-01 1.38465381e+00 1.30613351e+00
    5.65058216e-02 7.52759278e-01 1.50979340e+00 4.62865550e-03
    4.58936274e-01 -1.62944183e-01 1.60637188e+00 1.28021610e+00
    1.74597430e+00 -2.60177255e-01 2.68727243e-01 7.92929530e-01
    8.98775816e-01 1.64343417e+00 2.41922200e-01 2.48649657e-01
    -1.13046512e-01 1.69831896e+00 -1.30992010e-01 1.32552028e+00
    9.21142459e-01 1.05022657e+00 1.09732747e+00 -1.29052699e-01
    4.40740865e-03 5.52092314e-01 1.03004023e-01 -4.17340010e-01
    -4.77832317e-01 1.26224422e+00 1.05877638e+00 -3.00450586e-02
    9.18506563e-01 -3.97237875e-02 -3.70714605e-01 4.49738264e-01
    9.45195913e-01 5.23406863e-01 -3.00375223e-01 1.26918948e+00
    -4.16328281e-01 -2.44944945e-01 8.97535503e-01 1.48359239e+00
    -7.55497456e-01 1.23584497e+00 -2.02445760e-01 1.65651035e+00
    1.47430193e+00 -6.81796432e-01 -2.39169493e-01 1.01829028e+00
    1.18800461e+00 4.20486212e-01 3.99621055e-02 1.04221737e+00
    -4.58232373e-01 -2.52658099e-01 1.05148160e+00 -5.67091048e-01
    -2.81510860e-01 4.72506493e-01 -5.98604143e-01 1.37372291e+00
    -5.16678631e-01 -5.33723116e-01 1.17078125e+00 5.78222156e-01
    8.36206138e-01 7.93186367e-01 1.68891966e+00 1.16946094e-01
    1.65637708e+00 7.12423250e-02 1.21154356e+00 -5.51496506e-01
    -2.67999351e-01 1.78642344e+00 4.98590916e-01 3.24499935e-01
    -6.98251352e-02 1.21320760e+00 6.01399958e-01 1.51989424e+00
    -1.81152493e-01 4.85634476e-01 1.72187722e+00 1.29718769e+00
    1.57433629e+00 2.70016372e-01 1.60651934e+00 5.91475427e-01
    6.18253767e-01 8.63780797e-01 6.41825736e-01 1.75817347e+00
    1.29830849e+00 -9.94159002e-03 1.35345733e+00 -4.01352406e-01
    1.38715076e+00 1.20901453e+00 1.29853070e+00 1.91326320e-01
    -5.18906891e-01 6.37615502e-01 -3.28442961e-01 -5.86375356e-01
    1.67796445e+00 1.15058355e-01 8.29402685e-01 1.18334222e+00
    4.78035539e-01 1.11893225e+00 6.87984705e-01 7.00189471e-01
    6.14561677e-01 1.49267662e+00 5.78666508e-01 1.22670436e+00
    -8.37120891e-01 1.71835214e-01 1.17786109e+00 3.92537832e-01
    1.50619775e-01 1.25897968e+00 8.20417225e-01 1.12099493e+00
    9.13599133e-01 8.99298117e-02 1.56789386e+00 -5.00983238e-01
    1.69386160e+00 -7.99026191e-02 -4.51810330e-01 1.30899116e-01
    1.22485377e-01 -6.25731349e-01 3.64116162e-01 1.15364337e+00
    -1.56262834e-02 -2.48040229e-01 6.83790207e-01 1.70591056e-01
    5.51921368e-01 -3.18348616e-01 6.83060467e-01 7.65733063e-01
    6.68896198e-01 -9.48686339e-03 9.24284279e-01 1.07026446e+00
    1.41177773e+00 5.22348046e-01 1.31503940e+00 2.62682825e-01
    1.53917801e+00 -3.33304048e-01 4.18252498e-01 1.03789389e+00
    -7.59353757e-01 -5.19415021e-01 7.40336299e-01 1.27673340e+00
    1.70801723e+00 7.24713266e-01 -7.27974534e-01 1.45409369e+00
    1.46091020e+00 1.30133808e+00 1.34406269e+00 1.52454734e+00
    7.65028834e-01 4.82971877e-01 9.85668182e-01 7.57667273e-02
    8.50369155e-01 2.37378165e-01 1.32584858e+00 -7.28286922e-01
    4.24424380e-01 -6.57027543e-01 -5.29477715e-01 -1.05034724e-01
    6.77554369e-01 1.74487281e+00 2.23388299e-01 3.53791803e-01
    -5.93137443e-01 -7.99549341e-01 -4.98731472e-02 1.46162164e+00
    1.39882743e+00 9.86753881e-01 3.26523036e-01 1.68683910e+00
    5.22046387e-02 -2.09538192e-01 2.04349771e-01 1.03849435e+00
    5.89710623e-02 5.36314309e-01 6.83155060e-01 3.57381374e-01
    1.45673215e+00 1.01148546e+00 1.13379169e+00 1.71621740e+00
    -4.52189744e-01 -5.03960028e-02 2.13810444e-01 1.02308821e-02
    1.84469670e-01 9.85289395e-01 -2.32209802e-01 3.07317227e-01
    4.67891991e-01 1.74012578e+00 -5.96642375e-01 1.50576460e+00
    -4.86170590e-01 4.28696960e-01 1.91760972e-01 -4.09839451e-01
    5.96619487e-01 -5.39208055e-01 2.46580765e-01 1.15415469e-01
    1.05892456e+00 5.00796735e-01 -3.02410573e-01 1.51768196e+00
    6.49243295e-01 1.39081180e+00 1.73984504e+00 -1.00082727e-02
    1.62223232e+00 5.97514153e-01 2.28460640e-01 -3.23291093e-01
    1.53411829e+00 1.02688420e+00 -7.01469421e-01 8.62333119e-01
    2.52509028e-01 5.31513870e-01 1.24037409e+00 -4.84507322e-01
    1.82407379e+00 -6.40343130e-01 1.21864319e+00 -2.52112031e-01
    1.73315501e+00 7.04734325e-01 6.12775266e-01 -6.80378318e-01
    1.46998286e+00 1.64180815e+00 5.95635235e-01 1.49529350e+00
    1.44103491e+00 9.58982468e-01 -2.40130182e-02 1.13539743e+00
    -3.69828314e-01 -5.72922587e-01 1.64246368e+00 8.15554857e-01
    -7.03117013e-01 -1.11280292e-01 -2.72402465e-01 1.59976929e-01
    -4.26105261e-02 8.78109276e-01 -2.72076160e-01 9.33866143e-01
    1.72838843e+00 -1.24543220e-01 -6.93689287e-01 -5.40390491e-01
    7.80464888e-01 1.44795203e+00 -2.09897775e-02 -7.67096937e-01
    4.55296248e-01 1.19507957e+00 7.69606590e-01 1.06634760e+00
    -4.37738091e-01 -2.90752918e-01 1.41718443e-02 1.41437188e-01
    5.90137541e-01 1.65682197e+00 -1.86315566e-01 6.06288970e-01
    1.12305510e+00 1.39719260e+00 -4.99263644e-01 1.05621323e-01
    9.37113345e-01 7.34301150e-01 1.40426230e+00 8.77821505e-01
    1.58418047e+00 -5.29856503e-01 5.72395802e-01 1.53962958e+00
    4.70766425e-02 1.73113465e+00 6.04029894e-01 8.25998545e-01
    1.10249117e-01 9.90804732e-01 1.11161482e+00 1.43173635e-01
    1.11418533e+00 3.06025147e-01 -5.93556583e-01 1.01407540e+00
    1.62492061e+00 2.40283962e-02 -2.46453986e-01 1.71537232e+00
    -1.25776500e-01 5.76992035e-02 1.11081564e+00 1.18182206e+00
    2.77314961e-01 -3.71479273e-01 8.62051487e-01 9.50373948e-01
    -5.27459264e-01 9.32022512e-01 1.06873345e+00 1.42628586e+00
    9.06992614e-01 -4.01081651e-01 -3.37153941e-01 -5.72777271e-01
    1.83040845e+00 4.39082593e-01 -2.78587520e-01 1.14150035e+00
    1.37197602e+00 1.70480537e+00 -6.21759631e-02 7.21424103e-01
    1.19771802e+00 -3.75347316e-01 -3.46856624e-01 -3.21122482e-02
    -3.09143126e-01 1.29849398e+00 5.27122319e-01 -3.65607560e-01
    -3.20982128e-01 1.80868447e+00 1.67613101e+00 1.35675466e+00
    -4.87213105e-01 -5.44699490e-01 4.78057712e-01 1.52966440e+00
    1.13017642e+00 1.64124048e+00 -4.39457148e-01 4.94126588e-01
    -6.64718568e-01 9.00363386e-01 5.58337986e-01 -7.11293459e-01
    1.52033448e+00 6.84659064e-01 7.96644986e-01 -5.99333704e-01
    1.10866517e-01 5.31420052e-01 2.65108883e-01 1.37251091e+00
    -8.48272264e-01 7.72333741e-01 -2.94972390e-01 1.39578986e+00
    1.58888555e+00 1.43515813e+00 -3.88242185e-01 1.00923467e+00
    8.28407288e-01 2.36683592e-01 1.20893109e+00 -2.20280692e-01
    7.17445254e-01 1.42811310e+00 -3.14803094e-01 6.75118804e-01
    1.66106820e+00 1.29001355e+00 -2.32990071e-01 -6.80138767e-01
    -3.70732278e-01 -7.14670122e-01 -4.21187319e-02 1.32639468e+00
    5.64487696e-01 3.01615119e-01 1.66258717e+00 6.10764265e-01
    3.18416923e-01 -7.71822870e-01 -3.32996547e-01 1.45411444e+00
    -4.50576603e-01 9.49194074e-01 -7.00487852e-01 1.06325710e+00
    1.44754350e+00 9.63195324e-01 -2.81407267e-01 -1.12209946e-01
    -1.35082258e-02 1.26202965e+00 5.75287461e-01 -5.22303462e-01
    4.60543245e-01 4.01489168e-01 3.43478657e-02 1.26396871e+00
    4.38083351e-01 5.84316552e-01 -3.39787275e-01 -1.37180701e-01
    2.30551362e-01 8.55323017e-01 1.39671230e+00 -5.06289661e-01
    -5.12188375e-01 9.93921697e-01 1.18572652e+00 -4.15686995e-01
    1.65250242e+00 1.73177135e+00 2.63095111e-01 1.51258409e+00
    -1.07777528e-01 1.62528545e-01 4.22064543e-01 1.62686598e+00
    2.36854136e-01 9.69780207e-01 -6.07286096e-01 -6.90820590e-02
    1.43523589e-01 1.38989329e+00 1.71881509e+00 1.03266251e+00
    -7.62858927e-01 9.13171709e-01 1.55206692e+00 1.21325910e+00
    2.25528628e-01 2.83069789e-01 -7.31567442e-01 6.56983912e-01
    9.16147411e-01 4.93888669e-02 6.27961218e-01 9.07507360e-01
    1.69777334e+00 6.86271966e-01 1.72746956e+00 1.11083496e+00
    -1.63380146e-01 4.75489736e-01 -7.30424672e-02 8.91605496e-01
    1.64098823e+00 -1.54007569e-01 -1.01600192e-01 8.73621941e-01
    3.80092144e-01 1.39119709e+00 1.55540931e+00 1.53919995e+00
    6.58753216e-01 -6.91445529e-01 1.67545211e+00 -5.02095103e-01
    -5.50551176e-01 -4.15879130e-01 1.58900654e+00 -3.64409536e-01
    -1.46483690e-01 -2.84368306e-01 6.67360902e-01 1.04778981e+00
    4.89276975e-01 1.03609991e+00 -2.50491887e-01 1.58393815e-01
    1.51185572e+00 5.37953258e-01 9.72651243e-01 1.64532650e+00
    5.81385076e-01 -1.60453007e-01 4.46315587e-01 3.34450275e-01
    1.08569014e+00 -3.13687146e-01 -5.98165154e-01 7.30117977e-01
    1.48331559e+00 -5.60061336e-01 7.60863721e-01 7.73339093e-01
    5.56900740e-01 1.33242941e+00 2.34422922e-01 6.86719298e-01
    8.62153992e-02 -5.72837353e-01 2.83353895e-01 -4.99491185e-01
    1.42675638e-01 1.60634553e+00 1.30395710e+00 1.45345366e+00
    1.69085395e+00 7.15820938e-02 6.91190481e-01 8.31800580e-01
    2.93059587e-01 1.49310827e+00 7.30560839e-01 -6.61899328e-01
    8.51885140e-01 1.55869842e+00 -7.28348792e-02 1.77029526e+00
    3.08897376e-01 -4.29548651e-01 -7.20069587e-01 1.18875420e+00
    1.31085193e+00 7.76517332e-01 8.22921574e-01 1.32447958e+00
    1.68337440e+00 2.12129764e-02 4.28958744e-01 1.11268353e+00
    1.17832196e+00 1.64714441e-01 -5.96154153e-01 -3.30766857e-01
    1.61967897e+00 9.50995088e-01 1.10437202e+00 -3.71224403e-01
    1.09293628e+00 -3.19953829e-01 1.67334199e+00 1.08509779e+00
    7.02363372e-01 -5.34919262e-01 1.49032474e+00 -9.82182920e-02
    9.83236551e-01 2.44871646e-01 1.56091261e+00 8.80531013e-01
    1.53328538e+00 1.39325035e+00 8.53312910e-01 1.49916017e+00
    2.48088330e-01 2.28255644e-01 1.25036597e+00 -3.52545172e-01
    1.49690092e-01 6.61414742e-01 7.87523687e-01 1.81066382e+00
    -3.53135616e-01 9.91175771e-01 -4.67970520e-01 -6.19501233e-01
    -4.86910164e-01 1.35018146e+00 2.23082542e-01 -7.24503770e-02
    4.63915795e-01 7.48047054e-01 -6.07273877e-01 -2.01996446e-01
    -4.33077067e-01 1.23040080e+00 1.25689387e+00 -7.67706275e-01
    -3.41043442e-01 1.75432920e-01 -6.50695264e-01 -6.27068818e-01
    -3.19184393e-01 -3.27500939e-01 4.91337538e-01 -3.19716096e-01
    6.89973235e-02 -1.78484648e-01 -4.23291266e-01 4.98672009e-01
    -1.09601587e-01 -9.54896733e-02 -5.49707234e-01 -9.05769914e-02
    1.40747488e-01 8.47275734e-01 -3.29929233e-01 1.94699705e-01
    9.25013661e-01 1.67943776e+00 7.64354348e-01 1.38764352e-01
    1.21020246e+00 1.44349599e+00 4.62617397e-01 1.63466406e+00
    5.45395195e-01 1.45933449e+00 7.08836734e-01 5.19013464e-01
    1.52351213e+00 1.52509296e+00 8.28900933e-01 -2.11688027e-01
    1.49426326e-01 -7.67654538e-01 -3.45522612e-01 -5.83748102e-01
    6.19486094e-01 -5.26595831e-01 1.60474467e+00 9.73706663e-01
    1.42569232e+00 -1.04925573e-01 -1.20651007e-01 1.52034700e+00
    -3.61591250e-01 1.21600337e-01 1.63820350e+00 -1.45456135e-01
    1.52636766e+00 1.59553921e+00 1.13779235e+00 3.28876466e-01
    1.16162694e+00 4.19088185e-01 -4.09782648e-01 4.86164749e-01
    8.88133466e-01 6.80210114e-01 1.46619523e+00 -7.80650854e-01
    1.53703570e+00 -6.51175737e-01 9.37009752e-01 -6.18386984e-01
    1.13905454e+00 6.35205269e-01 -7.60230944e-02 2.49330774e-01
    7.51939178e-01 1.33693826e+00 5.47630489e-01 2.48482823e-01
    2.21400604e-01 -5.62421620e-01 -1.87186450e-01 -2.38177985e-01
    -7.33422697e-01 1.08450651e+00 7.14654982e-01 6.29992485e-01
    3.95666063e-01 9.68491971e-01 1.43280968e-01 6.14064991e-01
    1.07816541e+00 1.03281188e+00 -2.45762095e-01 1.15625715e+00
    7.75951624e-01 1.48828506e+00 6.32045448e-01 1.45827723e+00
    1.74607468e+00 9.47850287e-01 6.12639964e-01 1.04259908e+00
    3.06866854e-01 1.73749673e+00 1.02342319e+00 1.00248384e+00
    1.36888385e+00 -5.08366525e-01 9.60495412e-01 -4.34216976e-01
    1.30415225e+00 4.70978230e-01 3.43004823e-01 1.54018939e+00
    1.43171266e-01 3.99210185e-01 5.21336496e-01 -5.17842054e-01
    1.04172707e+00 1.25381482e+00 -5.33065915e-01 1.57608718e-01
    1.65203309e+00 9.22255889e-02 1.29603028e-01 -6.18677735e-01
    -1.36008680e-01 -1.89721748e-01 6.73438311e-02 -4.02689017e-02
    6.49657607e-01 4.61994946e-01 -5.42683423e-01 1.47356951e+00
    5.61233461e-01 5.92193186e-01 7.02235460e-01 2.61208951e-01
    8.01717043e-01 9.31074381e-01 1.21254528e+00 -1.00320846e-01
    1.18241811e+00 -1.50875002e-01 9.01696980e-01 1.12627113e+00
    2.66900450e-01 7.98563540e-01 1.64117479e+00 1.34960663e+00
    8.68761003e-01 7.74206877e-01 1.01468027e+00 7.20899627e-02
    8.36008787e-02 -7.23997653e-02 -4.85831290e-01 6.13479853e-01
    3.37919801e-01 -3.49423110e-01 -7.31137514e-01 9.37889889e-02
    -7.00870275e-01 -1.75698668e-01 6.20985210e-01 -6.85723722e-01
    1.80101886e-01 1.25653183e+00 -6.82713747e-01 1.72084367e+00
    1.10019743e+00 1.21260619e+00 4.05929774e-01 1.18336606e+00
    1.34778607e+00 -5.12034118e-01 6.76189840e-01 1.10859621e+00
    6.13224246e-02 -2.27663457e-01 1.24034834e+00 1.41647506e+00
    8.22484344e-02 1.12755811e+00 1.17642093e+00 -3.14154595e-01
    -4.92826290e-02 6.39211833e-01 -4.36405949e-02 2.39351735e-01
    7.54002184e-02 -6.75567329e-01 1.32966959e+00 9.19316947e-01
    -5.46025753e-01 2.66526222e-01 4.85819817e-01 1.71239853e+00
    4.00821209e-01 1.38051283e+00 -6.77813232e-01 9.75540340e-01
    -1.36272013e-01 1.40973997e+00 -3.91355306e-01 -4.18034613e-01
    1.50956202e+00 1.70779422e-01 5.65970719e-01 3.38810116e-01
    -5.68423092e-01 -1.57268509e-01 1.51212156e+00 1.35226345e+00
    -5.98129928e-01 8.33695173e-01 -4.38857615e-01 -6.92703664e-01
    -7.97286689e-01 2.73970008e-01 7.56308079e-01 1.10775985e-01
    -6.83878183e-01 7.53429174e-01 1.60276249e-01 1.58943701e+00
    1.56211364e+00 -8.39640141e-01 1.33580816e+00 -6.54747725e-01
    -5.65308988e-01 -4.17804599e-01 1.16576254e+00 1.13116670e+00
    1.41247582e+00 -1.98796079e-01 -3.04294229e-02 1.69333649e+00
    1.13829899e+00 -7.51177490e-01 1.50953710e+00 1.20150805e+00
    1.02711785e+00 3.14542688e-02 -6.18164875e-02 1.28192294e+00
    -5.00917554e-01 -6.01677060e-01 1.05386353e+00 1.71505988e+00
    -3.53217423e-01 1.08125746e+00 -2.73989290e-01 -6.96333051e-01
    1.62325859e+00 7.07867205e-01 -1.92339011e-02 1.00932918e-01
    7.02777565e-01 -5.29361606e-01 -7.55456328e-01 1.49829543e+00
    1.92061245e-01 1.74730688e-01 1.59143615e+00 1.67107558e+00
    -4.86099064e-01 6.31815642e-02 9.35812056e-01 9.19855386e-02
    1.31198511e-01 1.03600478e+00 -3.84756505e-01 2.49162152e-01
    3.86654735e-01 1.65065074e+00 1.30635667e+00 -3.46795529e-01
    2.46648863e-01 -1.73438475e-01 3.22162062e-01 1.79341614e-01
    -6.44888103e-01 1.31776273e+00 -5.63687384e-01 1.69494855e+00
    -5.66681743e-01 1.60560536e+00 8.07873249e-01 1.57684350e+00
    -1.85832813e-01 1.37845707e+00 -4.70852032e-02 7.42048264e-01
    3.04390997e-01 8.57470408e-02 1.18304181e+00 1.43724620e+00
    4.03251797e-01 6.45210505e-01 3.99329662e-01 -5.69736362e-01
    6.70815647e-01 1.45023251e+00 1.71488428e+00 1.77920628e+00
    6.47558212e-01 1.52889073e+00 8.54306102e-01 1.41997325e+00
    1.59928226e+00 7.07396090e-01 -2.92865019e-02 3.77489626e-01
    6.12784624e-01 1.34323108e+00 -1.12082839e-01 1.20367177e-01
    9.92824018e-01 1.04337549e+00 1.19983232e+00 -7.83869684e-01
    -7.11178780e-01 3.24809253e-01 8.61687362e-01 6.04146600e-01
    1.74696577e+00 3.65962178e-01 -7.22283572e-02 -3.52322613e-03
    8.45251441e-01 1.72280538e+00 -3.85744907e-02 -2.73207009e-01
    -6.69142187e-01 -4.33425575e-01 1.78808355e+00 8.01316142e-01
    9.72606122e-01 1.41613197e+00 3.24117184e-01 -7.10488081e-01
    -5.29425323e-01 -3.25555980e-01 4.28434350e-02 7.45179176e-01
    -3.71263057e-01 3.77584040e-01 1.37813663e+00 -2.98122138e-01
    -1.01821959e-01 -2.72266448e-01 1.02838182e+00 -4.27540570e-01
    -7.79991269e-01 -5.00093460e-01 1.44402742e+00 8.90227616e-01
    -2.52543479e-01 7.41042435e-01 -1.14931248e-01 1.11051321e+00
    4.67127673e-02 1.74699128e-01 5.55245355e-02 5.99707305e-01
    1.71146721e-01 3.54897261e-01 1.15253651e+00 1.33226192e+00
    9.63156521e-01 1.54997349e+00 1.09772468e+00 -3.31502259e-01
    1.05506265e+00 5.20195842e-01 8.90181780e-01 6.74668431e-01
    -4.62394133e-02 8.63925457e-01 1.26730382e+00 6.04250252e-01
    7.73431599e-01 2.44568840e-01 1.41730046e+00 1.58151841e+00
    5.97575068e-01 -4.85363126e-01 7.18778595e-02 -2.50640750e-01
    5.11676490e-01 1.55880177e+00 -2.54502982e-01 1.87438145e-01
    1.35393834e+00 1.85988292e-01 1.20783043e+00 -5.57432950e-01
    1.89776421e-01 3.26244086e-01 1.03307509e+00 -3.75897110e-01
    -4.67284530e-01 6.97212577e-01 6.99244976e-01 -7.37347841e-01
    9.42630231e-01 1.76762128e+00 -6.41436756e-01 -1.92198217e-01
    1.49166751e+00 9.62202072e-01 5.01948595e-01 1.46492267e+00
    5.14507294e-01 1.09392643e+00 5.64295352e-01 1.59601998e+00
    1.79854631e-01 2.99974173e-01 2.80559957e-01 9.70045090e-01
    1.80282044e+00 1.39661342e-01 1.07097745e+00 -5.35726786e-01
    1.49810135e-01 -2.51787901e-01 1.27614295e+00 -4.37065244e-01
    2.25214008e-02 1.67121744e+00 8.14887285e-01 8.45507741e-01
    6.85869694e-01 1.44003618e+00 -6.19068980e-01 8.52032937e-03
    -2.41156682e-01 -2.07671031e-01 2.79277295e-01 5.27473390e-01
    7.08871543e-01 -2.93838322e-01 5.05773962e-01 1.74104595e+00
    4.88307774e-01 -2.56416857e-01 -3.43001276e-01 6.23905182e-01
    -1.56430513e-01 9.15592432e-01 3.85670900e-01 2.49720365e-01
    1.14904892e+00 3.96736354e-01 9.05035853e-01 9.38480616e-01
    -5.05613446e-01 1.04999868e-02 1.45808041e-01 -1.80942759e-01
    4.40663874e-01 1.11125350e+00 1.35079885e+00 1.24112999e+00
    5.75769782e-01 3.82575631e-01 1.12112916e+00 6.61518753e-01
    1.59129560e-01 1.16431379e+00 1.30745268e+00 5.73407233e-01
    4.23633717e-02 -5.80054641e-01 7.11390078e-01 4.90760773e-01
    8.04495454e-01 -3.61912251e-01 2.20267624e-01 -6.32837415e-01
    1.21874642e+00 6.45660043e-01 1.22026575e+00 1.10252631e+00
    9.75389898e-01 -7.04849005e-01 -1.48517594e-01 9.76267993e-01
    8.22868407e-01 1.29767001e-01 1.27385199e+00 -1.75482199e-01
    -3.33525091e-01 -6.43447876e-01 -5.46045840e-01 2.17327428e+00
    1.58104432e+00 -3.50294679e-01 1.23283088e-01 -3.78619403e-01
    7.81702459e-01 1.40831947e+00 1.73465204e+00 3.49941939e-01
    1.77282369e+00 2.37017557e-01 1.59831119e+00 1.25477508e-01
    -4.85833883e-02 -1.32982835e-01 1.00069535e+00 2.04178810e-01
    1.75546718e+00 1.83102965e+00 2.59151250e-01 1.21824980e+00
    7.86683500e-01 -5.44264555e-01 1.60208285e+00 7.06160307e-01
    -2.26810277e-01 6.40035987e-01 4.75579917e-01 6.48564458e-01
    1.79869878e+00 4.66410905e-01 1.06089139e+00 1.46060908e+00
    4.63418186e-01 5.58198988e-01 5.56816936e-01 -6.58015832e-02
    1.65270519e+00 -3.09002608e-01 1.01886320e+00 2.39776447e-01
    6.64167643e-01 -5.48301518e-01 1.78269672e+00 -6.08255923e-01
    -5.80183983e-01 -4.98845756e-01 -1.62935667e-02 -6.67976201e-01
    1.27615106e+00 1.12738883e+00 -5.16625568e-02 2.80599087e-01
    8.12933445e-01 3.14798564e-01 -2.46418238e-01 1.46843815e+00
    3.45950127e-01 3.92217189e-01 -5.77436626e-01 -3.14032197e-01
    1.16492152e+00 3.57359201e-02 5.93964100e-01 1.16236734e+00
    1.06935918e+00 -1.82950720e-01 -5.09176627e-02 1.04639125e+00
    -5.45820534e-01 8.14864218e-01 1.65341899e-01 1.20760739e+00
    2.57993907e-01 -2.09916428e-01 1.75875008e+00 8.99436057e-01
    3.23740065e-01 -5.93252242e-01 6.17009461e-01 8.13599825e-02
    7.13348389e-01 1.51255071e+00 7.95123339e-01 -3.32940370e-01
    9.26355422e-01 7.52256393e-01 3.15105140e-01 -7.40423501e-01
    3.92173499e-01 5.44050574e-01 -5.11022270e-01 1.52180350e+00
    -3.46528709e-01 -1.79614216e-01 9.66023624e-01 8.51328492e-01
    1.19460046e+00 2.67572314e-01 -4.12704855e-01 1.17260611e+00
    1.48065400e+00 1.70432702e-01 1.24648237e+00 1.52135396e+00
    -4.39947397e-01 -2.69110084e-01 1.09052984e-02 9.42359507e-01
    6.56983674e-01 9.43472803e-01 3.37045401e-01 7.46482849e-01
    1.65800035e+00 3.14798862e-01 1.86972797e-01 1.47247088e+00
    5.17772913e-01 -1.36972874e-01 5.21370232e-01 1.22674727e+00
    3.93253043e-02 1.60105610e+00 1.26566601e+00 -4.80574608e-01
    1.88020524e-02 5.39621830e-01 -3.31140250e-01 1.22949851e+00
    6.82831466e-01 -1.97533026e-01 1.50879133e+00 1.54495788e+00
    2.71551996e-01 -2.55454242e-01 1.40618289e+00 -9.82796997e-02
    -4.95335013e-01 3.41980189e-01 -3.34498227e-01 7.84022361e-02
    -2.95127034e-01 -7.81574398e-02 -9.58417878e-02 9.13810730e-01
    3.77146006e-01 4.44324791e-01 -1.73175007e-01 1.62816310e+00
    -4.47001219e-01 1.70330867e-01 6.63603321e-02 1.50402200e+00
    1.51723102e-01 -8.12604308e-01 1.58064055e+00 1.40222287e+00
    4.13375109e-01 -6.47424608e-02 9.56840396e-01 1.96598828e-01
    4.05559093e-01 4.39848214e-01 9.33056056e-01 -1.38757557e-01
    4.93488699e-01 1.06178522e-02 -4.49215829e-01 6.84794128e-01
    1.55265284e+00 4.66991886e-02 1.10168386e+00 -2.27773532e-01
    3.18092763e-01 9.84314322e-01 -1.10800251e-01 -6.21642351e-01
    1.65016961e+00 1.09434307e+00 -9.04105082e-02 1.57629147e-01
    -3.69197935e-01 -1.95927858e-01 4.31667179e-01 -2.17985079e-01
    1.29798341e+00 5.19513845e-01 3.38813215e-02 -4.75560576e-01
    6.75493896e-01 1.06169271e+00 -7.13803172e-01 -4.50202584e-01
    4.60248411e-01 4.84432876e-02 1.25517637e-01 2.98438966e-01
    -1.05547093e-01 -7.90178597e-01 5.58783233e-01 5.70023537e-01
    -1.24651007e-01 7.78264776e-02 1.51115716e-01 5.06393313e-01
    1.56428432e+00 1.04395199e+00 -5.73666811e-01 1.79425538e+00
    9.30103481e-01 3.63862008e-01 -2.64648288e-01 3.67437392e-01
    1.39670229e+00 3.65210235e-01 6.05643630e-01 -4.49092746e-01
    7.80878723e-01 1.28509209e-01 -1.54146209e-01 7.38130748e-01
    4.83346850e-01 1.60220563e+00 2.73746848e-02 8.26802552e-01
    -6.97689950e-01 1.68254209e+00 9.70683634e-01 5.59906244e-01
    1.24222755e+00 9.90912139e-01 1.80563152e+00 1.22299957e+00
    -5.60613982e-02 6.05302081e-02 1.33257592e+00 3.08731347e-01
    -1.51472360e-01 7.52996027e-01 1.02342606e+00 -8.86660516e-02
    -4.62153405e-01 1.58736718e+00 1.32761812e+00 1.03754807e+00
    1.29979908e+00 -8.51675749e-01 1.63147807e+00 -2.23722354e-01
    2.46283516e-01 7.69675970e-01 1.68944705e+00 9.46999490e-01
    -6.25323728e-02 8.77511203e-01 3.50675225e-01 2.20267320e+00
    1.16778409e+00 -3.31766695e-01 -3.81726548e-02 -1.39624372e-01
    -5.45664907e-01 -2.96555310e-01 1.20416296e+00 -5.22199154e-01
    1.53507841e+00 4.25672859e-01 1.10978889e+00 1.28864932e+00
    8.96642625e-01 8.57348204e-01 1.11458921e+00 -5.63499629e-01
    1.45868242e+00 1.43341780e+00 -6.46165013e-01 9.67238665e-01
    1.23490334e+00 1.18015623e+00 -8.80274475e-02 -6.47288144e-01
    1.12348211e+00 1.26048112e+00 -1.01269245e-01 -7.44652748e-02
    1.73787928e+00 -2.61305034e-01 1.02295470e+00 1.53201234e+00
    -1.75883360e-02 1.25466299e+00 -5.72889864e-01 3.22098672e-01
    9.76100385e-01 2.58596659e-01 8.03192854e-01 -1.78572740e-02
    1.16924572e+00 1.10617912e+00 1.57237482e+00 -2.52074331e-01
    -7.55030096e-01 5.06995916e-02 -4.11760360e-01 1.29801780e-01
    1.54972768e+00 1.22227263e+00 -6.80572569e-01 -2.69334048e-01
    1.46751499e+00 1.56494832e+00 1.36241889e+00 9.13299978e-01
    2.47815236e-01 1.10579515e+00 1.35438693e+00 1.22436011e+00
    -1.64027095e-01 -6.25956655e-01 -3.27120870e-01 7.05741704e-01
    7.77962506e-01 4.84476611e-02 -2.20323980e-01 -6.09977484e-01
    1.18906569e+00 -1.74543366e-01 -4.52924728e-01 1.62033629e+00
    -5.22710025e-01 -3.21696371e-01 1.08305788e+00 1.45345151e+00
    4.52448934e-01 -3.16709340e-01 1.74472511e+00 1.31944346e+00
    -3.61328781e-01 -3.68736386e-01 1.34322560e+00 -4.40324813e-01
    1.59224764e-01 5.92489719e-01 -8.15894425e-01 8.32786620e-01
    1.05268013e+00 1.28902054e+00 1.19769681e+00 7.34745681e-01
    1.55881655e+00 5.27140200e-01 2.03061819e-01 2.87038893e-01
    1.31243598e+00 -7.50693798e-01 5.97822852e-02 1.32421553e+00
    1.39732587e+00 3.74381155e-01 -1.21542379e-01 1.42787731e+00
    1.19349158e+00 -6.91849113e-01 1.55552816e+00 2.79069394e-01
    1.81218112e+00 2.06283912e-01 -7.03236580e-01 2.66191453e-01
    -8.93444568e-02 1.48302245e+00 8.85636568e-01 2.61180878e-01
    -5.88705897e-01 -3.95167530e-01 -9.50335115e-02 9.19700444e-01
    -3.56819659e-01 -5.57575095e-03 3.73909891e-01 1.60542357e+00
    1.32721484e+00 6.36325657e-01 1.73512733e+00 4.36744064e-01
    1.55058408e+00 -5.81309795e-01 -6.91007376e-01 1.70989597e+00
    -1.79872409e-01 1.36395335e+00 1.28588891e+00 1.08129132e+00
    1.00096440e+00 -4.31063265e-01 2.62120198e-02 8.01342010e-01
    1.41195691e+00 1.28843582e+00 -4.04445708e-01 8.42736006e-01
    1.18874466e+00 -7.19002843e-01 5.19241810e-01 8.27231824e-01
    1.33981776e+00 1.67244637e+00 -1.29313350e-01 1.66210508e+00
    1.30507028e+00 1.06917417e+00 -5.56704044e-01 4.30629522e-01
    6.07903361e-01 1.63984799e+00 9.40974236e-01 1.44824851e+00
    7.90781617e-01 6.65506184e-01 -5.97019531e-02 7.51954556e-01
    4.70638633e-01 7.98240066e-01 1.89558029e-01 1.33468580e+00
    1.28755242e-01 8.39242339e-01 1.07269883e+00 6.30246580e-01
    -6.43267184e-02 9.19356585e-01 -5.57697117e-01 1.42319572e+00
    7.46041358e-01 2.05744896e-02 3.74846667e-01 4.78706211e-01
    2.38649055e-01 1.56459105e+00 -5.14779925e-01 -2.72921808e-02
    -4.29880500e-01 -7.13718235e-02 -1.21821091e-01 1.34410024e+00
    -4.91001427e-01 5.18807590e-01 1.50551319e+00 1.40530694e+00
    -7.47455537e-01 1.69161975e+00 1.32511449e+00 1.58629262e+00
    5.84806085e-01 -7.03163624e-01 -5.34001350e-01 1.38988543e+00
    1.16885364e+00 -5.81943154e-01 1.22815502e+00 1.11030722e+00
    5.11905670e-01 3.60764384e-01 3.59633744e-01 1.71012294e+00
    -4.92167950e-01 5.26588202e-01 7.90640414e-01 1.27655119e-01
    -3.81477416e-01 2.15260997e-01 1.77334654e+00 1.46626699e+00
    1.71225041e-01 5.11034369e-01 -2.96584517e-01 -9.51120108e-02
    1.59833932e+00 7.78657377e-01 1.10315251e+00 5.43723941e-01
    1.58955812e+00 8.70997012e-01 6.77295804e-01 -1.26388725e-02
    5.80510736e-01 1.27175903e+00 1.33129632e+00 -2.72768110e-01
    -1.21938273e-01 -1.21099748e-01 -1.33995786e-01 1.50967196e-01
    5.66523612e-01 1.52794051e+00 9.98956501e-01 1.39118505e+00
    1.12328017e+00 1.03246248e+00 1.51695573e+00 -2.09475569e-02
    8.87847126e-01 -1.48540393e-01 -3.63168567e-01 5.09946048e-01
    1.43566048e+00 -1.17298186e-01 1.42202079e-01 9.34599638e-01
    -7.39286065e-01 1.45419252e+00 1.35965729e+00 6.96590304e-01
    1.10127509e+00 4.87821579e-01 2.83009380e-01 1.45680964e+00
    -4.20661002e-01 1.39991152e+00 5.16598821e-01 9.98968303e-01
    -6.80621684e-01 1.13511026e+00 3.69046867e-01 -1.40588405e-02
    -1.07264280e-01 1.12259746e-01 -7.03322411e-01 1.56220987e-01
    -3.41276914e-01 -7.56085932e-01 6.71544969e-01 1.49793422e+00
    1.51651025e+00 7.09529340e-01 1.37537169e+00 8.74231517e-01
    -1.43134862e-01 1.00557184e+00 1.05900621e+00 1.37054309e-01
    -3.13712031e-01 -4.20923263e-01 -6.41777217e-01 5.70616603e-01
    1.04709840e+00 1.88755795e-01 7.32907832e-01 -4.78815734e-01
    -3.53630722e-01 -2.93672323e-01 -9.24224406e-02 -6.13269070e-03
    6.88153744e-01 9.93936837e-01 1.65054190e+00 8.15011084e-01
    9.28152800e-01 -6.90929234e-01 2.36602142e-01 -2.25720733e-01
    1.16900182e+00 8.70643139e-01 1.28857207e+00 1.01467848e+00
    -8.65491666e-03 6.39376879e-01 1.20403636e+00 -9.90361050e-02
    1.76711929e+00 3.20703417e-01 -1.30954143e-02 -4.82760459e-01
    1.16989017e-03 -3.33144039e-01 8.99269953e-02 -4.57033545e-01
    3.82063299e-01 7.27696598e-01 6.06044292e-01 1.52700698e+00
    -3.66638064e-01 1.64510612e-03 -5.98616183e-01 1.41573250e+00
    1.78024292e+00 8.23290527e-01 -4.05919164e-01 1.69687167e-01
    -7.13053524e-01 1.44166088e+00 1.09592831e+00 1.28640854e+00
    1.65560532e+00 9.39358890e-01 -2.72486925e-01 7.49042034e-01
    4.48491096e-01 -5.51018119e-01 5.98110497e-01 1.19826257e+00
    1.08656418e+00 1.31567848e+00 8.81399453e-01 -2.84756780e-01
    1.41447556e+00 -6.17072582e-01 6.99608028e-01 8.98386896e-01
    3.51871341e-01 -5.32926023e-01 -5.18151343e-01 1.50167298e+00
    1.44091749e+00 9.66952384e-01 -1.13402650e-01 7.76187241e-01
    1.19936121e+00 1.77090609e+00 9.46831346e-01 -5.72020710e-01
    5.15419126e-01 -2.67349303e-01 1.14962935e+00 5.07987976e-01
    1.58759344e+00 1.61631441e+00 1.56812036e+00 -3.20828050e-01
    -6.04021311e-01 -3.14116091e-01 5.47267139e-01 2.39212289e-01
    1.10292554e+00 -5.26845157e-01 1.63763547e+00 5.09311497e-01
    -5.70051849e-01 5.98886609e-03 -7.10626125e-01 6.09575748e-01
    1.38629425e+00 -3.58245254e-01 5.61338186e-01 -1.52899325e-01
    3.29693258e-01 1.45481217e+00 -4.95417148e-01 -3.22127193e-01
    8.38352323e-01 5.40734851e-04 -5.31691909e-01 -6.07249975e-01
    7.16055572e-01 1.27195224e-01 2.85354443e-02 2.99512029e-01
    5.98409891e-01 9.07463968e-01 -7.41082251e-01 -7.70406723e-02
    1.22561157e+00 -3.81465435e-01 3.89164031e-01 6.01232827e-01
    -8.01645041e-01 1.54851365e+00 1.44467783e+00 1.24839497e+00
    3.33055817e-02 -5.71022213e-01 1.73559666e+00 1.38291728e+00
    5.23980558e-01 1.11894739e+00 -7.33617365e-01 1.60122418e+00
    2.55684882e-01 -3.20636511e-01 -3.11429560e-01 7.70310089e-02
    -4.37666439e-02 -2.29193330e-01 4.29000676e-01 -5.71224093e-01
    7.87068963e-01 1.09619319e+00 1.10746719e-01 -5.03795624e-01
    1.24559665e+00 7.39935279e-01 -6.82936907e-01 1.31024206e+00
    -4.52249050e-02 4.90639061e-01 4.21812356e-01 1.49335313e+00
    3.01274300e-01 8.08703527e-02 9.81834590e-01 -5.62312067e-01
    7.10207343e-01 1.15592182e+00 7.64266014e-01 -4.10871476e-01
    7.96666563e-01 5.49368083e-01 -3.93592954e-01 7.37340093e-01
    1.58315825e+00 1.45264959e+00 1.00375628e+00 1.64809597e+00
    1.20596325e+00 -7.43178725e-01 1.10270834e+00 5.05725384e-01
    -3.42683464e-01 2.74859905e-01 7.98216522e-01 7.18244672e-01
    1.46874213e+00 1.85553916e-02 -3.89607340e-01 7.00489104e-01
    6.94225252e-01 2.97521830e-01 6.97693944e-01 1.20545439e-01
    1.80332434e+00 -1.76016316e-01 9.44591641e-01 -3.48531783e-01
    1.28437430e-01 1.05146623e+00 1.03214622e+00 -5.56257188e-01
    8.27675685e-02 -7.22696781e-01 5.45799062e-02 -8.04651380e-01
    -3.40093672e-01 1.31441578e-01 4.67910230e-01 3.37982625e-02
    1.32338500e+00 1.24034059e+00 1.08080435e+00 -4.70578462e-01
    1.57124341e+00 -7.08473176e-02 -6.23267472e-01 1.22257471e+00
    5.87498903e-01 -1.72937214e-02 -8.63342509e-02 5.01839817e-01
    1.04241455e+00 2.13191092e-01 3.57207353e-03 -5.64412117e-01
    -6.99359849e-02 -8.80704001e-02 9.20814335e-01 7.26636946e-01
    -9.03147683e-02 1.50948870e+00 1.02629554e+00 4.20422733e-01
    -2.18287706e-01 -7.24069655e-01 1.42129290e+00 1.36587119e+00
    -6.07994199e-01 -3.08783442e-01 -1.42903090e-01 1.61556706e-01
    -5.39524257e-02 1.70003295e+00 6.02011323e-01 -7.23722994e-01
    3.04516464e-01 1.69495296e+00 -5.97386777e-01 8.12226593e-01
    -5.35022676e-01 1.11479354e+00 -2.87832469e-01 -2.93491781e-01
    -2.40806237e-01 -4.61239755e-01 1.10443687e+00 9.27311108e-02
    1.35083318e+00 1.52930343e+00 -4.67451513e-01 -3.44214112e-01
    -6.81832671e-01 7.35359430e-01 -3.86454463e-02 -2.96218604e-01
    -5.50780177e-01 -5.52090704e-01 -6.37155235e-01 1.31976199e+00
    1.75602305e+00 -4.35935289e-01 -7.08666593e-02 -4.29644972e-01
    6.26216471e-01 1.27622950e+00 -4.20391679e-01 6.04471624e-01
    5.60282350e-01 7.19265878e-01 1.35562742e+00 -2.06447661e-01
    1.38962066e+00 3.56185377e-01 -3.10115665e-01 -5.46369910e-01
    -6.16750792e-02 1.10665536e+00 2.54687190e-01 8.34043503e-01
    -6.09328508e-01 -5.73967099e-01 -3.33299220e-01 6.81288362e-01
    7.23901391e-02 -4.54373837e-01 5.21014035e-01 3.38075042e-01
    2.29324102e-01 1.66367567e+00 2.55792141e-01 -4.76056993e-01
    9.27494466e-01 4.88896549e-01 -4.20126587e-01 -5.10066748e-01
    1.15455639e+00 -4.43478525e-01 1.51688129e-01 1.35168934e+00
    1.05027270e+00 3.50554168e-01 1.50341880e+00 5.73192298e-01
    1.40481800e-01 2.26609528e-01 1.00490940e+00 1.33967841e+00
    1.70184004e+00 -2.32138693e-01 1.61127365e+00 1.09665358e+00
    -2.21221838e-02 1.08753037e+00 1.11728907e-01 -6.68623149e-01
    3.87143463e-01 1.22524723e-01 1.04811423e-01 3.31192225e-01
    1.07536328e+00 6.48121893e-01 -3.67822081e-01 -2.61017144e-01
    1.49627936e+00 1.04344821e+00 -2.82377183e-01 1.02767384e+00
    7.65732229e-01 -5.02395451e-01 -2.84262210e-01 6.83174074e-01
    8.45586538e-01 6.02271914e-01 -6.70910180e-01 2.54034370e-01
    1.38371813e+00 -9.92535520e-03 -8.57896060e-02 -1.29233018e-01
    -2.32421055e-01 1.35028028e+00 1.00883579e+00 2.74940401e-01
    3.30520906e-02 -3.13063681e-01 -9.72915515e-02 -3.72971803e-01
    9.78845716e-01 -3.27430427e-01 3.63500774e-01 1.24441957e+00
    8.18198800e-01 4.71349120e-01 1.05480492e+00 7.81734526e-01
    -3.11989672e-02 -9.31232795e-02 7.75268853e-01 6.76487565e-01
    -1.63900584e-01 6.48125529e-01 9.38150048e-01 1.44888222e+00
    9.57642674e-01 1.63474596e+00 -3.02436739e-01 1.50875604e+00
    1.02862179e+00 -4.42654163e-01 4.58990872e-01 1.57002521e+00
    1.13755429e+00 4.54567701e-01 1.22470021e+00 3.22078884e-01
    1.20442259e+00 8.15169588e-02 1.39943123e-01 -3.02248538e-01
    1.55230844e+00 1.47106874e+00 -2.24315792e-01 9.79149699e-01
    3.65766823e-01 1.14192557e+00 1.61220610e+00 -1.19023696e-01
    2.46415257e-01 1.04141891e+00 2.05145463e-01 1.79482710e+00
    7.62868226e-01 5.41044548e-02 -5.49714863e-01 1.20618224e+00
    6.38147235e-01 2.57150888e-01 3.37966532e-01 5.80717385e-01
    7.01530695e-01 5.25676250e-01 1.27431011e+00 -1.06524117e-01
    7.23330453e-02 1.46326566e+00 1.11553156e+00 4.02487606e-01
    6.18454278e-01 1.00685120e+00 1.03918922e+00 3.87502044e-01
    9.16213155e-01 8.61099005e-01 -2.76242256e-01 8.21542323e-01
    1.15229201e+00 4.33913618e-01 7.52457082e-01 6.64291143e-01
    2.71203071e-01 5.38686752e-01 4.99231309e-01 1.07091355e+00
    -7.96598673e-01 1.39251316e+00 -4.16882455e-01 1.20753419e+00
    7.18967497e-01 1.12944639e+00 8.73693847e-04 5.46903014e-02
    -6.92359149e-01 -5.02091467e-01 1.03849280e+00 -7.89826959e-02
    -4.32489663e-01 1.26954973e+00 8.95555198e-01 -9.04673114e-02
    1.78000778e-01 1.70175970e+00 1.56859982e+00 -5.79243898e-01
    1.30900055e-01 1.73010492e+00 3.19773495e-01 1.48054540e+00
    -8.55814576e-01 1.48295617e+00 1.57917166e+00 -2.69815296e-01
    1.62634254e+00 -5.35916910e-02 2.78200418e-01 5.43440878e-01
    -5.05393922e-01 9.40962136e-01 -1.58774838e-01 6.75519109e-01
    3.01067792e-02 1.56415403e+00 4.67254460e-01 5.94925463e-01
    -1.46530062e-01 1.46166667e-01 4.16250110e-01 7.00287461e-01
    2.30946243e-01 1.31014311e+00 8.83272350e-01 6.59715891e-01
    4.09213662e-01 1.16550303e+00 2.35439852e-01 3.70610058e-02
    -3.29843819e-01 -2.33534113e-01 1.45519197e+00 6.20240718e-02
    1.04387391e+00 1.35288909e-01 1.10960364e+00 2.31564879e-01
    1.67781234e-01 1.72143567e+00 4.08007860e-01 1.32653403e+00
    4.05973822e-01 -2.02812552e-01 -6.87378168e-01 4.77943778e-01
    1.24178636e+00 2.46347457e-01 7.07782865e-01 -4.47825670e-01
    -3.62239927e-01 1.75240290e+00 1.99352950e-01 9.84900832e-01
    9.10750747e-01 9.59363058e-02 1.51375067e+00 -1.44402668e-01
    2.45048314e-01 -5.60507774e-01 4.09506142e-01 9.01881158e-01
    3.48822594e-01 1.72184181e+00 -2.49822184e-01 -5.55730045e-01
    1.65944552e+00 6.34020567e-01 -6.35706425e-01 1.12474129e-01
    1.42139995e+00 5.83214223e-01 1.26403236e+00 5.62049568e-01
    7.65861988e-01 1.88382223e-01 1.64750230e+00 5.17534137e-01
    -9.32901353e-02 1.05095017e+00 -1.03169516e-01 1.81378257e+00
    1.37612200e+00 8.39781344e-01 -1.61573976e-01 1.43270779e+00
    -6.41837358e-01 6.88044906e-01 2.06720248e-01 2.14672491e-01
    3.57153341e-02 1.28025639e+00 6.26161635e-01 1.22630274e+00
    1.38282454e+00 4.51936930e-01 -5.56630909e-01 1.57104683e+00
    -6.25464678e-01 1.70373261e+00 1.29598117e+00 8.03427935e-01
    -1.30853131e-01 -3.15762490e-01 1.59095490e+00 2.52870172e-01
    1.21348023e+00 1.55872834e+00 6.72728240e-01 2.25257367e-01
    -7.43186995e-02 -3.09692532e-01 1.54600811e+00 -5.54588258e-01
    2.05385655e-01 -2.94346541e-01 -1.90181002e-01 4.64273840e-01
    1.01904953e+00 7.69170940e-01 1.09511542e+00 -1.81418806e-01
    3.82134646e-01 6.77825570e-01 1.07867408e+00 3.65842164e-01
    8.58335018e-01 1.31143880e+00 -1.19289331e-01 1.13440084e+00
    4.95769411e-01 1.69399011e+00 1.17115200e+00 -3.88707727e-01
    4.74978099e-03 9.40038979e-01 8.07201624e-01 3.64934593e-01
    1.51781130e+00 1.44705546e+00 -7.40337789e-01 1.45597684e+00
    -4.57529068e-01 -6.09302402e-01 3.34825963e-01 9.58532095e-01
    -1.42757401e-01 1.80640548e-01 1.81039587e-01 1.00495076e+00
    1.88067770e+00 1.59495449e+00 -4.37385410e-01 -3.83500338e-01
    -3.11447322e-01 -1.67215198e-01 2.32535958e-01 6.05136156e-03
    -2.84570277e-01 1.26572728e+00 1.10360348e+00 8.17447186e-01
    -1.26008096e-03 -4.42805350e-01 6.26654744e-01 2.17074174e-02
    8.17088485e-02 -3.36708911e-02 7.02412844e-01 5.91216624e-01
    6.11769855e-01 2.89675415e-01 2.99165577e-01 9.64426458e-01
    -6.29378676e-01 -5.13290644e-01 -4.88778353e-01 -5.35860419e-01
    1.04665458e+00 1.22198105e+00 1.59015560e+00 -7.39227355e-01
    1.53860176e+00 -7.99123764e-01 6.16095662e-01 -4.66001898e-01
    -3.87666047e-01 1.47228885e+00 -4.72015828e-01 7.01229692e-01
    -4.06321198e-01 1.19500375e+00 5.84786892e-01 7.22999454e-01
    -3.05177927e-01 1.11223865e+00 8.84499371e-01 1.67909551e+00
    5.00417709e-01 -4.69444722e-01 -3.73622596e-01 -3.38455215e-02
    1.58069062e+00 7.52533793e-01 -3.16909313e-01 1.36184788e+00
    1.21538782e+00 1.03141332e+00 1.39751685e+00 -2.54602619e-02
    -3.91688496e-01 -6.27308547e-01 4.80962694e-01 1.25887668e+00
    -3.57619151e-02 1.41790819e+00 5.58069587e-01 6.80492520e-01
    -2.47279301e-01 3.39002788e-01 1.56582236e+00 -1.79737285e-01
    9.29224044e-02 -1.27294943e-01 1.45873857e+00 1.33577466e+00
    7.39902437e-01 6.72293067e-01 5.84519923e-01 3.20871949e-01
    1.21603942e+00 8.92303824e-01 1.38699853e+00 -2.48083964e-01
    9.82440338e-02 1.53201118e-01 1.41528296e+00 1.63269615e+00
    1.81211438e-02 2.24142596e-01 8.52690935e-01 1.69690335e+00
    -2.47027069e-01 9.98908952e-02 7.32446074e-01 2.94067472e-01
    -7.76729047e-01 -5.84236801e-01 9.13594484e-01 1.53375971e+00
    -5.44690669e-01 1.16269541e+00 -8.13032687e-01 -7.02794969e-01
    6.34025872e-01 -9.41914991e-02 9.39942241e-01 8.74103785e-01
    1.56302845e+00 -1.30510598e-01 -5.14978051e-01 8.81527901e-01
    1.04320371e+00 1.84087321e-01 -4.88660783e-01 -5.72686672e-01
    -4.24514592e-01 9.70065236e-01 1.19693530e+00 -2.51274377e-01
    7.57008255e-01 7.80711770e-01 1.17048776e+00 8.99164319e-01
    1.42484999e+00 -5.52399814e-01 1.78169489e-01 8.81918296e-02
    1.11347175e+00 -6.41334653e-01 -9.89548787e-02 -1.84663802e-01
    -1.64921150e-01 6.99775159e-01 3.17298472e-01 1.57434165e+00
    1.56185007e+00 1.18478703e+00 -2.05773875e-01 2.04061127e+00
    8.14873397e-01 1.38064647e+00 6.86414659e-01 1.81354165e+00
    1.33978021e+00 7.13511050e-01 1.06454647e+00 -4.29863632e-01
    8.48815799e-01 -1.09766118e-01 1.11821949e+00 1.64488554e+00
    4.14419383e-01 8.38088572e-01 -4.65971857e-01 1.24510908e+00
    1.66297603e+00 1.73687899e+00 2.69096196e-01 1.68374383e+00
    1.36958933e+00 -2.91488945e-01 -5.27758189e-02 2.70754993e-02
    3.89196277e-01 4.94412839e-01 2.67132074e-01 1.56993616e+00
    1.53210163e+00 -3.72866660e-01 -3.52177143e-01 1.00047970e+00
    5.38456261e-01 1.69020188e+00 -1.82544708e-01 1.40842426e+00
    -6.93617880e-01 3.78648758e-01 7.31217504e-01 1.70151353e+00
    6.36160314e-01 -3.78505141e-01 4.49706763e-01 -5.86489081e-01
    -6.32502973e-01 -5.51856279e-01 -4.55811918e-01 6.28284395e-01
    -5.31444177e-02 -2.13583529e-01 8.99303913e-01 7.64954865e-01
    1.59294784e+00 -4.65864725e-02 -1.76235914e-01 1.19938053e-01
    1.63433659e+00 8.39161634e-01 1.52129865e+00 -4.11676705e-01
    7.56603181e-01 -2.46255606e-01 -4.45885539e-01 -1.31036595e-01
    1.53516459e+00 -9.67424288e-02 -4.12930876e-01 1.78822672e+00
    1.64237535e+00 -4.19025987e-01 6.04233027e-01 -2.05656201e-01
    1.02362001e+00 5.34773648e-01 2.37747058e-01 -6.69735789e-01
    3.51643234e-01 1.61385226e+00 -1.78178594e-01 6.24542594e-01
    -2.04305947e-01 1.13429117e+00 1.52214861e+00 9.80789363e-01
    9.05217648e-01 -7.47477055e-01 -3.17185938e-01 -2.85136193e-01
    1.33473015e+00 1.54279470e+00 -1.78805411e-01 5.98539233e-01
    -6.21179998e-01 7.03664005e-01 1.41512954e+00 2.19753578e-01
    -5.86143792e-01 9.28972900e-01 1.44447744e+00 -3.16204786e-01
    1.10802007e+00 6.10768735e-01 -7.22385764e-01 -1.52891174e-01
    -5.10047793e-01 7.25774050e-01 6.41962051e-01 6.34077191e-02
    3.85779351e-01 6.31981373e-01 1.00103652e+00 2.93088526e-01
    3.31975877e-01 7.93634355e-01 1.46532071e+00 1.86134964e-01
    3.99248421e-01 -1.48762569e-01 1.22288775e+00 -2.54319847e-01
    -3.48013341e-01 -4.22542483e-01 4.29398984e-01 2.93441504e-01
    1.02544498e+00 7.46784151e-01 6.06190085e-01 -3.05457622e-01
    1.68121743e+00 -2.72044241e-01 -8.39076936e-03 1.69762397e+00
    -2.43158430e-01 1.66127813e+00 -4.70126748e-01 6.37148738e-01
    -7.07229435e-01 -6.46142602e-01 1.55716908e+00 1.65181291e+00
    -3.26153368e-01 4.52235043e-01 5.12875728e-02 7.11090744e-01
    6.03259325e-01 9.46011782e-01 -2.12406233e-01 1.41947842e+00
    8.24490428e-01 1.63053823e+00 1.72275737e-01 1.39131761e+00
    1.52744949e+00 1.42513263e+00 8.31495076e-02 -7.06861377e-01
    5.02855957e-01 -7.27820933e-01 -2.46023118e-01 1.33068848e+00
    -4.96493101e-01 -5.18370569e-01 5.78900218e-01 -4.39463973e-01
    8.95748973e-01 1.61619329e+00 -6.17269993e-01 -1.34337291e-01
    3.78530145e-01 -3.57668787e-01 -1.42928898e-01 7.84061432e-01
    5.52536130e-01 6.44689918e-01 1.02942753e+00 6.61630809e-01
    6.85673177e-01 4.40133601e-01 5.24635434e-01 -1.29183918e-01
    1.08823970e-01 3.92935783e-01 2.78327674e-01 1.52570355e+00
    -2.78033942e-01 -1.84166178e-01 -2.12776676e-01 3.29654276e-01
    1.19517779e+00 4.20759320e-01 1.93080291e-01 -4.70696062e-01
    7.64082909e-01 1.21407425e+00 9.13671374e-01 9.37836945e-01
    1.91728190e-01 5.75103998e-01 1.49554348e+00 -5.44576049e-01
    1.37956107e+00 1.56811810e+00 1.49335217e+00 2.10988581e-01
    3.81031841e-01 -4.23646644e-02 1.57644534e+00 -6.29086912e-01
    5.77422202e-01 1.23478377e+00 3.79354388e-01 -4.23792630e-01
    1.34954631e+00 -1.49428740e-01 -4.09378141e-01 1.12879717e+00
    -5.91619611e-01 1.45923257e+00 8.18068445e-01 2.76747882e-01
    -2.40187757e-02 3.11323047e-01 -5.81447423e-01 -1.78913891e-01
    1.42724931e+00 1.61153233e+00 1.25677800e+00 3.01736146e-01
    1.33279181e+00 1.00416315e+00 8.30677807e-01 8.03535640e-01
    9.44685519e-01 1.05017185e+00 6.19118363e-02 7.17913866e-01
    1.06186092e+00 7.70656586e-01 1.21267343e+00 6.05118155e-01
    6.51710927e-01 5.69294572e-01 6.71077311e-01 1.74319041e+00
    1.51551569e+00 1.35047007e+00 9.90199298e-02 -2.27608103e-02
    1.11905527e+00 4.97083724e-01 9.61494088e-01 2.82668948e-01
    -2.67274529e-01 7.69691408e-01 6.64696693e-01 1.60469413e+00
    -3.80947769e-01 7.93597102e-01 5.92486560e-02 -5.78238249e-01
    -3.91873233e-02 -4.95347381e-03 -3.61672908e-01 1.47785902e+00
    8.31227243e-01 1.28312969e+00 6.20501161e-01 7.33614743e-01
    -4.70443994e-01 1.13075697e+00 -1.92380324e-01 -4.92466033e-01
    -2.41983742e-01 8.85262311e-01 1.12321162e+00 -5.39715111e-01
    2.39767238e-01 -4.86426204e-02 -3.69037330e-01 4.48305458e-01
    -3.91952604e-01 6.48662031e-01 1.82252121e+00 1.60418761e+00
    5.72274923e-01 -9.61553827e-02 -5.39063454e-01 4.76400226e-01
    8.52676213e-01 1.63583875e-01 4.80880439e-01 1.54085445e+00
    -5.26151419e-01 5.62148988e-01 -4.56186503e-01 1.46825862e+00
    6.12977207e-01 1.58257157e-01 -4.60886598e-01 -6.43731236e-01
    2.85840690e-01 5.78731656e-01 1.75559962e+00 4.02114820e-03
    1.73383391e+00 -4.68244314e-01 -6.12683952e-01 1.48941636e-01
    -7.20888555e-01 1.65423679e+00 1.16356564e+00 8.08819979e-02
    -5.48093677e-01 7.39364862e-01 8.99481297e-01 1.03210044e+00
    4.43647176e-01 4.26639259e-01 -3.75295639e-01 1.22544013e-01
    -2.55886823e-01 5.93173802e-01 1.00502276e+00 2.56499201e-01
    -2.12398283e-02 6.78889334e-01 8.84415865e-01 -7.78708458e-02
    2.40580902e-01 -3.39537084e-01 -1.22569174e-01 -4.62310195e-01
    5.25614858e-01 1.27612674e+00 6.65638387e-01 -6.97457314e-01
    -1.51470050e-01 -4.71534103e-01 -2.98662812e-01 8.71130303e-02
    -7.72634506e-01 1.56435788e+00 5.12988627e-01 -2.18479455e-01
    1.57026231e+00 -7.05130517e-01 5.81677020e-01 1.05323446e+00
    1.73244178e+00 1.02079678e+00 -1.07868887e-01 6.00005567e-01
    1.00617933e+00 3.55029732e-01 1.51383805e+00 1.09637904e+00
    1.65807927e+00 1.09909475e+00 1.19188368e+00 6.28903449e-01
    -5.74889109e-02 -7.25656509e-01 1.68423462e+00 -7.14041650e-01
    7.43817016e-02 1.05702853e+00 3.88815194e-01 2.37742707e-01
    9.81060445e-01 -7.12240040e-02 -7.57914662e-01 -9.03995335e-02
    -6.01415038e-01 -4.41768050e-01 5.22757292e-01 1.32196045e+00
    9.26225424e-01 -4.10180576e-02 1.21548045e+00 6.65228069e-02
    -6.05623484e-01 4.73009735e-01 -6.15189672e-01 -1.04336828e-01
    -5.23053527e-01 6.06650770e-01 6.84334993e-01 -2.91094303e-01
    1.13962464e-01 1.04603648e+00 4.45443302e-01 1.41848218e+00
    9.12782252e-01 7.44289339e-01 2.12321788e-01 1.80981386e+00
    5.42615175e-01 7.38898754e-01 -3.61161768e-01 1.63763189e+00
    5.22810698e-01 -2.51938581e-01 -3.03818017e-01 -3.43280792e-01
    2.90794402e-01 5.91943324e-01 4.75682348e-01 2.97604322e-01
    1.58018720e+00 1.62950277e+00 -4.69931245e-01 4.39070165e-01
    -2.47779191e-01 -5.38674712e-01 6.54722691e-01 -6.98772967e-02
    1.56197333e+00 4.36052173e-01 -5.59530079e-01 3.21030051e-01
    -6.34743273e-01 1.26393008e+00 6.39597118e-01 6.61208034e-02
    1.66648912e+00 3.56006846e-02 1.30887389e+00 1.69639516e+00
    -2.29038551e-01 -6.72771156e-01 7.98989654e-01 1.09899962e+00
    -4.51882511e-01 5.06933868e-01 1.35862398e+00 9.02182102e-01
    1.59721720e+00 -1.75401494e-01 1.44655049e+00 1.66516817e+00
    6.64949536e-01 1.41133200e-02 -9.32794139e-02 2.42077097e-01
    1.65181494e+00 9.52151358e-01 -3.99824679e-01 9.33509946e-01
    1.41519114e-01 5.62307298e-01 -5.10478258e-01 1.50359094e+00
    1.16807187e+00 -8.29863489e-01 1.20947659e+00 6.15555108e-01
    1.10749632e-01 1.26642215e+00 -3.70572992e-02 5.58398485e-01
    -3.09109032e-01 1.44969988e+00 1.52078652e+00 -5.98081172e-01
    -5.55710793e-02 1.02038217e+00 1.43984175e+00 1.72684991e+00
    1.13972135e-01 8.31640303e-01 1.26823747e+00 -3.08155477e-01
    1.18056941e+00 1.32525706e+00 8.17462802e-01 1.47061479e+00
    -1.53375670e-01 1.01717794e+00 -2.80336857e-01 -2.28495046e-01
    1.46878731e+00 1.19202292e+00 1.54881608e+00 -7.42264092e-02
    1.23061740e+00 1.05827534e+00 -4.68917459e-01 -1.99458599e-01
    8.57111573e-01 -5.13422668e-01 9.75224316e-01 1.73763013e+00
    -7.28215277e-01 1.01022966e-01 -5.29362023e-01 3.50375265e-01
    1.71868277e+00 5.81351638e-01 2.37843007e-01 3.62074643e-01
    1.50531244e+00 1.52014744e+00 4.33951110e-01 1.37305498e+00
    4.84666735e-01 -5.87402843e-02 4.73644346e-01 7.46803701e-01
    5.65607846e-01 1.52665079e+00 1.45077193e+00 2.39771318e+00
    -6.11293316e-01 9.00411606e-01 -2.12046549e-01 -1.44640371e-01
    2.09741920e-01 -3.58926207e-01 2.48144269e-01 1.34821522e+00
    -4.01093960e-02 1.19164598e+00 1.24293113e+00 1.43334889e+00
    2.01786503e-01 3.40547532e-01 1.12155271e+00 1.30582595e+00
    -7.92243421e-01 1.08930278e+00 -3.82374257e-01 2.47250766e-01
    1.72486210e+00 7.25996256e-01 1.59277141e+00 6.72484696e-01
    2.73789823e-01 6.76585674e-01 1.04374409e+00 1.01109624e+00
    -2.53576636e-01 -8.41265917e-02 1.11636853e+00 3.74651700e-01
    1.20057333e+00 1.47781658e+00 5.39044559e-01 5.11278510e-01
    -1.38321221e-01 1.08521342e+00 1.30074155e+00 2.88369600e-02
    -3.13754305e-02 1.02082360e+00 1.12360239e+00 8.54974926e-01
    9.64395031e-02 1.17153656e+00 1.73171031e+00 1.74617767e+00
    -3.84470135e-01 -6.75766021e-02 9.58864152e-01 1.53503895e+00
    1.34974003e+00 5.08435309e-01 1.16896522e+00 1.70711625e+00
    1.65649638e-01 -8.40817913e-02 -2.10476011e-01 1.23871982e+00
    -5.64367056e-01 1.59205592e+00 3.24232876e-01 8.44480038e-01
    1.29884171e+00 -4.17640656e-01 -6.86228216e-01 1.09499872e+00
    -3.13749373e-01 7.48407543e-01 1.66832611e-01 4.59142208e-01
    2.34839290e-01 1.45032871e+00 -6.09830320e-01 6.64267659e-01
    1.44277883e+00 9.73318100e-01 4.94604170e-01 4.91181940e-01
    9.23799872e-01 1.30061281e+00 1.45331085e+00 1.11522603e+00
    1.12080965e-02 1.25249779e+00 1.63454652e+00 6.73624277e-01
    1.47278786e+00 3.09538096e-01 7.62050927e-01 1.59420991e+00
    -3.51960331e-01 -9.04740319e-02 -6.86057866e-01 -4.85320926e-01
    7.32815504e-01 3.27901691e-01 -5.71101606e-01 1.59575987e+00
    1.12784231e+00 3.59122783e-01 2.16684088e-01 -3.87418240e-01
    1.56206214e+00 4.71953839e-01 1.70178711e+00 1.60592008e+00
    5.87786615e-01 1.02272904e+00 -6.58756614e-01 8.54568958e-01
    9.05418277e-01 5.01254424e-02 1.16258776e+00 2.68442929e-01
    1.66659260e+00 1.02164459e+00 -5.67477107e-01 1.83603644e-01
    1.63970304e+00 1.80359626e+00 1.27720892e+00 -4.50240731e-01
    1.45050776e+00 -4.19894084e-02 1.35095000e+00 -4.98255156e-02
    1.64877176e+00 1.33419824e+00 1.55101442e+00 1.08474338e+00
    8.97986710e-01 1.78679717e+00 8.12469959e-01 -5.99856555e-01
    1.56623411e+00 1.31703460e+00 -6.37941718e-01 -5.72899878e-01
    4.96839970e-01 -7.18172312e-01 1.31649300e-02 1.24549186e+00
    1.01008093e+00 1.91760771e-02 5.34378469e-01 1.35701478e+00
    1.61842453e+00 5.04681528e-01 1.53810215e+00 5.50423026e-01
    1.68033636e+00 1.10020995e-01 3.41935903e-02 5.26857853e-01
    8.40515733e-01 -6.46780431e-02 1.66453922e+00 7.39634573e-01
    9.39653337e-01 3.78029466e-01 2.08546460e-01 1.66937256e+00
    1.15687394e+00 6.36560917e-01 3.44603539e-01 3.56410593e-01
    4.36761091e-03 7.78699398e-01 4.89821017e-01 4.84418154e-01
    1.35480210e-01 7.38507211e-01 7.23834157e-01 1.22550333e+00
    1.22383440e+00 1.61985087e+00 1.58998981e-01 7.39061236e-02
    -7.25982487e-01 9.48197007e-01 1.33496773e+00 -4.68569964e-01
    1.76131976e+00 -6.09300196e-01 1.65995514e+00 -2.52327286e-02
    1.50919348e-01 1.70829523e+00 7.55466163e-01 4.45475906e-01
    -2.28848904e-01 1.53383148e+00 -3.79697472e-01 1.42354202e+00
    -1.70827702e-01 7.62858152e-01 1.31464231e+00 7.62888670e-01
    8.46492350e-01 3.02699395e-02 3.91156107e-01 8.81417453e-01
    -2.27873996e-01 1.81949511e-01 1.43941259e+00 7.27789342e-01
    1.46050024e+00 -6.19076014e-01 1.32030523e+00 3.52414489e-01
    1.11453557e+00 1.46694291e+00 1.12681973e+00 9.63240325e-01
    -4.25468117e-01 6.56654179e-01 1.50306082e+00 8.02461505e-01
    6.02366090e-01 1.56166255e+00 -4.66427654e-01 1.37716246e+00
    -5.59729278e-01 6.85738683e-01 1.66071796e+00 -3.30682248e-01
    -5.13845861e-01 3.74125779e-01 2.49798313e-01 1.75536764e+00
    1.39783585e+00 2.60081708e-01 1.13762343e+00 1.54656649e+00
    -2.90836632e-01 3.12857777e-01 -1.08995542e-01 -6.35697842e-01
    1.36641949e-01 -1.92967400e-01 1.08907700e+00 -1.05692418e-02
    4.99439746e-01 -4.65180933e-01 1.07670557e+00 9.11089852e-02
    1.76322854e+00 1.68950379e-01 9.45718229e-01 -8.42452407e-01
    1.08894980e+00 -3.99950743e-02 1.15336013e+00 2.16163158e+00
    -6.02731764e-01 1.65311694e+00 -3.72688413e-01 -6.80891097e-01
    1.57645130e+00 -4.74373512e-02 2.68278047e-02 1.02000606e+00
    1.34700704e+00 1.39753616e+00 9.60020542e-01 -2.55948395e-01
    8.78568172e-01 9.50663388e-01 9.71557558e-01 2.45477960e-01
    3.93425256e-01 1.43024278e+00 7.32386589e-01 -4.49381731e-02
    6.25078797e-01 -1.66033078e-02 -3.13691765e-01 8.82044971e-01
    1.69458115e+00 6.67084575e-01 9.94314533e-03 -6.82121873e-01
    1.04931384e-01 2.96816140e-01 1.59202528e+00 1.57207775e+00
    -2.01901525e-01 1.42978752e+00 -3.28754932e-01 1.32489073e+00
    5.62350094e-01 1.28563035e+00 1.56980085e+00 8.64351094e-01
    1.04756212e+00 1.34346938e+00 1.01451433e+00 1.90381370e-02
    1.03001177e+00 7.80414283e-01 -5.03783464e-01 -2.75902092e-01
    -6.42431900e-02 -6.88907802e-01 -5.58315337e-01 1.25919953e-01
    6.88370287e-01 8.55502486e-01 1.27946460e+00 -5.49660683e-01
    -8.31478477e-01 8.39570463e-01 -7.08975375e-01 1.47689509e+00
    -5.92169240e-02 8.30806911e-01 3.91836107e-01 8.09820235e-01
    -7.28246849e-03 8.10240433e-02 -1.46074012e-01 7.15389669e-01
    -2.68816411e-01 1.73331559e-01 8.81480634e-01 1.55384064e-01
    -3.44991624e-01 -5.02198219e-01 1.73392370e-01 1.38855219e+00
    3.73088866e-01 4.61494625e-01 1.68380141e+00 9.50770855e-01
    8.80031586e-01 5.67184567e-01 1.26172864e+00 3.29117417e-01
    8.01919281e-01 3.78991395e-01 -2.08224654e-01 1.26821506e+00
    -2.28759855e-01 2.32298020e-02 -1.41612934e-02 -2.93465048e-01
    1.59961820e+00 1.36492765e+00 -1.69845939e-01 9.63263929e-01
    1.12342834e+00 -7.03655720e-01 7.32343674e-01 -4.50841337e-01
    1.42973900e+00 -1.28097877e-01 7.06520975e-02 1.54865479e+00
    1.56588912e+00 4.14376050e-01 1.73145521e+00 -3.73048753e-01
    1.51371613e-01 -2.82139838e-01 4.13532764e-01 8.13617826e-01
    -3.31951588e-01 4.23325837e-01 6.50059208e-02 8.91263708e-02
    9.92633402e-01 -6.49310708e-01 3.04252833e-01 9.25240993e-01
    9.54228997e-01 7.60103226e-01 -3.53643745e-01 1.56868064e+00
    4.59399521e-01 -1.46525202e-03 1.59252214e+00 9.92356777e-01
    1.94786876e-01 9.65218723e-01 -1.67244077e-01 -4.07073438e-01
    -2.54992187e-01 -8.29793289e-02 -3.32795590e-01 -4.64158922e-01
    3.56114209e-01 3.56067196e-02 4.72961187e-01 1.50023341e+00
    1.62325919e+00 -6.80788159e-01 6.89655185e-01 2.33192980e-01
    5.81324518e-01 -3.76781911e-01 6.99585140e-01 1.45403063e+00
    -3.79342064e-02 6.47923827e-01 -8.69160235e-01 1.75174162e-01
    -3.08563620e-01 1.23550034e+00 9.54261124e-01 4.32170391e-01
    -5.18034816e-01 -1.28090858e-01 1.42467499e+00 9.01503265e-01
    7.15050340e-01 1.18077934e+00 1.51799107e+00 -2.64373630e-01
    -3.43157202e-01 -2.97103345e-01 3.82877886e-01 3.70521843e-03
    7.16108799e-01 -3.07064086e-01 9.73953545e-01 1.47075212e+00
    6.17642641e-01 7.01839924e-02 -7.27967322e-02 3.15748096e-01
    3.15245837e-01 -3.09120297e-01 6.21997416e-01 1.34936646e-01
    1.09701119e-01 -3.60074490e-01 1.73518524e-01 1.78316581e+00
    -5.15374720e-01 1.03376234e+00 -5.39296210e-01 -5.84827304e-01
    9.91749883e-01 -5.86572945e-01 1.40611470e+00 1.08054176e-01
    9.45089757e-01 1.18089759e+00 -7.77361631e-01 9.08165336e-01
    1.21763337e+00 3.41703802e-01 2.45786309e-01 9.46452141e-01
    1.17080963e+00 1.25557840e+00 -8.23547184e-01 8.80568266e-01
    1.62386155e+00 1.65384412e+00 -3.17634821e-01 -2.84017056e-01
    -3.66645783e-01 1.71251845e+00 8.57477844e-01 1.53078151e+00
    2.64214128e-01 -5.97414613e-01 4.44869787e-01 -2.58522093e-01
    1.15805233e+00 3.66035789e-01 1.49879014e+00 4.28204611e-02
    1.40630591e+00 6.82621896e-01 1.31185675e+00 -7.60412455e-01
    -1.87839776e-01 1.26771140e+00 1.02784371e+00 1.29113245e+00
    5.62417984e-01 -3.17111462e-01 1.66563594e+00 -4.88790214e-01
    3.97013098e-01 2.78970629e-01 -5.43988273e-02 8.68233621e-01
    7.10084915e-01 1.36717856e+00 1.46864104e+00 2.80085832e-01
    -6.85800752e-03 9.25384015e-02 2.27923870e-01 4.76140648e-01
    1.76419592e+00 7.17308149e-02 6.31688386e-02 1.36264765e+00
    1.29032242e+00 -5.29740572e-01 7.01963842e-01 1.37574756e+00
    1.46993685e+00 5.05197309e-02 1.57683599e+00 1.41501153e+00
    3.81762385e-01 1.56886077e+00 9.62817013e-01 1.81134570e+00
    1.60540628e+00 1.31570792e+00 1.63159594e-02 2.93687344e-01
    2.02172875e-01 -3.95803422e-01 1.09616005e+00 1.06411469e+00
    -3.31634134e-01 1.39422727e+00 1.27020252e+00 -3.41050997e-02
    -4.82922494e-01 4.95463938e-01 6.74560308e-01 1.69616687e+00
    1.26892781e+00 9.91538540e-02 2.00283304e-01 -1.95647582e-01
    6.51195943e-01 -5.87526917e-01 1.23657703e-01 -4.41512465e-01
    1.03669572e+00 1.48330343e+00 1.10818183e+00 1.21970379e+00
    5.00344098e-01 -3.98241490e-01 -1.10490456e-01 1.29553318e+00
    1.67600751e+00 -1.80615231e-01 6.96763098e-01 2.33467877e-01
    1.29258633e+00 -2.75800407e-01 -1.79460019e-01 1.85293838e-01
    -1.87765211e-01 1.67490017e+00 -4.94907737e-01 1.34820485e+00
    -1.63771361e-01 2.71902442e-01 -1.83161214e-01 8.49216819e-01
    1.65557373e+00 2.84651548e-01 1.60471201e+00 8.52349401e-01
    1.25497103e+00 1.08479977e+00 1.36775756e+00 1.39723790e+00
    1.13828135e+00 1.05921304e+00 -5.83498739e-02 1.75473690e+00
    -2.99422503e-01 -5.15472353e-01 1.36985457e+00 1.11196446e+00
    8.56363550e-02 -4.45803195e-01 9.75642622e-01 1.47592127e+00
    8.27103376e-01 -3.36744964e-01 1.39742684e+00 4.99436110e-01
    -7.06642866e-01 -3.56717408e-01 7.95983374e-01 -6.50901675e-01
    -4.59653020e-01 1.17131603e+00 -4.53436732e-01 1.65647060e-01
    6.39917970e-01 3.14866193e-02 6.98046684e-01 1.03339207e+00
    -7.35978365e-01 -8.55336308e-01 8.96668553e-01 7.94141233e-01
    1.37788594e+00 -1.32145554e-01 1.71660751e-01 1.76168069e-01
    3.08750123e-01 4.08482701e-01 1.81457058e-01 9.66599166e-01
    1.47872794e+00 1.09786235e-01 1.44303179e+00 4.92879786e-02
    7.26516128e-01 7.79768050e-01 9.44016576e-02 -1.04600035e-01
    1.62960038e-01 -6.58053875e-01 1.53028870e+00 1.29520702e+00
    8.02059591e-01 -4.50358719e-01 1.67166352e+00 1.10922527e+00
    1.69288158e+00 1.57054353e+00 4.71874774e-01 1.72957337e+00
    -6.80569410e-01 -6.04976714e-01 8.01105917e-01 -3.08705240e-01
    -1.76941529e-01 5.69539964e-01 4.25558835e-02 1.57458448e+00
    1.47041142e+00 9.15044248e-02 -1.35110542e-01 5.99679410e-01
    1.68910837e+00 -1.68895155e-01 1.56208599e+00 1.75313339e-01
    -4.00429696e-01 1.27464151e+00 6.82911873e-01 -5.59589803e-01
    1.58643842e+00 1.46140623e+00 9.77662325e-01 4.40565586e-01
    4.78557162e-02 -3.01308542e-01 -4.21520561e-01 9.47402835e-01
    1.07061100e+00 7.66119421e-01 -2.36062750e-01 8.16442490e-01
    1.56749535e+00 4.24336880e-01 5.15643001e-01 -7.06329763e-01
    8.60129416e-01 1.15706611e+00 8.90917420e-01 8.24838877e-02
    -7.08719969e-01 7.95760572e-01 7.07988024e-01 -4.69206572e-01
    -8.62206742e-02 -5.67294180e-01 7.15538144e-01 1.63486004e+00
    -7.08766520e-01 3.92716050e-01 -4.58137989e-01 -4.51305836e-01
    8.95320252e-02 1.09151232e+00 -6.34876013e-01 -5.65912426e-01
    -3.36850464e-01 1.09741914e+00 1.28764939e+00 -5.35008252e-01
    1.25098741e+00 -3.04788388e-02 3.61450583e-01 -3.99511218e-01
    -5.03757536e-01 -1.51593415e-02 -1.46489352e-01 1.04043327e-01
    1.83093786e+00 6.58232450e-01 1.46653771e+00 -6.30955875e-01
    4.02841538e-01 1.32438314e+00 4.94423330e-01 1.63874519e+00
    1.65429461e+00 -6.08629942e-01 1.29265940e+00 8.17370892e-01
    6.51270509e-01 -6.67392462e-02 -4.29398149e-01 9.67878819e-01
    1.20114237e-01 1.35220051e+00 3.63459110e-01 7.65705928e-02
    1.61612141e+00 1.45331204e-01 8.13256145e-01 1.04139745e+00
    -8.08250844e-01 5.48379004e-01 7.71086037e-01 1.72476783e-01
    -1.79414675e-01 -3.21607709e-01 -5.83267570e-01 7.98267722e-01
    1.59197724e+00 1.96815640e-01 3.66638720e-01 1.72791153e-01
    -3.00522655e-01 4.07357544e-01 6.78153455e-01 -2.29827184e-02
    -1.39868706e-01 5.98948896e-01 1.35333240e+00 1.81454390e-01
    -6.32331729e-01 1.53304565e+00 -3.90001506e-01 -5.23930967e-01
    7.21601024e-02 -3.26303929e-01 1.79470110e+00 1.66746140e+00
    8.15228462e-01 2.90277362e-01 7.97450542e-01 -1.59598187e-01
    9.90066648e-01 3.40351909e-02 -5.51651835e-01 -3.63265038e-01
    -4.73731637e-01 8.71587396e-01 5.31120896e-01 -1.36222288e-01
    1.61441839e+00 1.57868612e+00 1.12533718e-01 1.67025840e+00
    1.33173108e-01 3.24750125e-01 9.53067541e-01 -3.16060007e-01
    1.67475903e+00 9.52696025e-01 -3.83579761e-01 5.22392392e-01
    1.48539603e+00 -3.90200168e-01 -3.38243663e-01 -2.25933835e-01
    2.44129255e-01 1.11510170e+00 -1.43672079e-01 1.17817879e+00
    1.27615273e-01 1.43139219e+00 3.45756501e-01 -5.68137467e-01
    8.77993047e-01 1.16666627e+00 -5.43812923e-02 -3.90521377e-01
    4.08872843e-01 4.24475163e-01 1.50569105e+00 -3.62020582e-01
    8.18312407e-01 1.02170455e+00 -2.77298808e-01 1.54159570e+00
    3.54264639e-02 1.32735324e+00 5.85039295e-02 -6.94150805e-01
    4.13056701e-01 -4.27696079e-01 -3.89778435e-01 1.48478270e+00
    -5.92474937e-01 3.86180788e-01 2.92579204e-01 -5.93941696e-02
    1.05695045e+00 1.51228034e+00 1.18173850e+00 7.57057667e-01
    -6.42506659e-01 6.96018696e-01 1.12196493e+00 1.04899812e+00
    -5.76849580e-01 6.85476720e-01 1.25674474e+00 -1.83178186e-01
    6.39998972e-01 -7.46084750e-02 7.45028555e-01 3.31247568e-01
    4.50729281e-01 -6.14062548e-01 2.35617206e-01 1.49435803e-01
    3.56111348e-01 1.62977684e+00 1.55308115e+00 1.14932811e+00
    -2.41426617e-01 7.84232080e-01 5.43153584e-01 9.08887744e-01
    7.27269948e-01 7.89615870e-01 2.00347990e-01 -3.31426919e-01
    7.61535704e-01 1.43872941e+00 8.87331516e-02 -1.90882266e-01
    3.77605438e-01 1.01379359e+00 -2.23654047e-01 6.33415103e-01
    -3.63645703e-01 -1.93168700e-01 9.48231220e-01 6.09267317e-02
    4.52134520e-01 -5.16946375e-01 1.65491438e+00 1.50185752e+00
    -5.50948441e-01 5.37171364e-01 1.13776004e+00 1.70459008e+00
    8.66743505e-01 1.45419228e+00 1.41375601e+00 -7.62529850e-01
    7.02973127e-01 -5.35828352e-01 9.48244512e-01 -2.54808307e-01
    4.76656735e-01 9.17159021e-01 -1.35106761e-02 6.72237158e-01
    1.32521391e+00 5.12519717e-01 3.25544439e-02 1.41169393e+00
    5.90442181e-01 5.46347857e-01 3.85609195e-02 9.12368223e-02
    1.46399927e+00 -2.39659265e-01 6.93870664e-01 2.93950558e-01
    5.14339089e-01 1.62599123e+00 -7.52287507e-01 1.44240117e+00
    6.17493808e-01 -7.01397598e-01 2.04668641e-01 2.47199431e-01
    -4.52302575e-01 1.53159690e+00 -4.66834217e-01 -3.35548252e-01
    1.36285079e+00 1.55803120e+00 9.64398861e-01 -4.59465273e-02
    1.73572338e+00 -6.07045233e-01 9.37551677e-01 -7.52769470e-01
    6.86807096e-01 8.35877717e-01 3.94445539e-01 2.69556999e-01
    1.69685161e+00 1.50608695e+00 6.95108652e-01 6.05139494e-01
    4.26515639e-01 1.20545661e+00 6.55704677e-01 2.80660897e-01
    1.06397533e+00 1.47811103e+00 4.99065369e-01 1.91657349e-01
    8.79688442e-01 1.20171440e+00 -1.94558173e-01 1.09301794e+00
    -6.08711839e-01 2.39188790e-01 3.75946283e-01 4.64621782e-02
    2.95088828e-01 7.23749876e-01 -2.14223415e-01 1.49165368e+00
    2.91129082e-01 -4.21373427e-01 1.19674042e-01 1.18062651e+00
    1.91627905e-01 1.00784755e+00 8.57119381e-01 4.94780242e-01
    6.50793910e-02 5.42190969e-01 1.52264023e+00 4.67796922e-01
    -6.47544563e-01 1.49002743e+00 1.04674256e+00 7.45791316e-01
    1.64508116e+00 1.14273357e+00 5.30207634e-01 4.73090351e-01
    -5.85513651e-01 1.25032222e+00 -2.65923321e-01 1.21448481e+00
    1.44607067e+00 1.28694192e-01 -6.98170781e-01 -5.20332038e-01
    -1.94371507e-01 7.26328731e-01 -7.49769747e-01 3.18231791e-01
    7.13004589e-01 1.27650392e+00 7.06085801e-01 -3.44819069e-01
    1.62479401e+00 6.35300856e-03 -6.65997684e-01 1.52654016e+00
    -5.09367049e-01 5.30416191e-01 1.08060992e+00 1.20357752e+00
    -4.08256650e-01 8.26939166e-01 1.12904418e+00 -4.81415421e-01
    8.21412861e-01 1.07863319e+00 -1.25621155e-01 7.76531279e-01
    8.72976005e-01 1.66740164e-01 4.53317821e-01 2.20254764e-01
    1.50587213e+00 3.76327097e-01 5.32187164e-01 -3.67782563e-02
    -5.32275558e-01 1.21327603e+00 7.41147041e-01 1.03352495e-01
    1.00717902e+00 -4.14922625e-01 1.63269663e+00 -3.38681459e-01
    8.97510052e-01 -6.22586906e-01 1.70237884e-01 1.65942705e+00
    9.33390200e-01 1.08123374e+00 -6.23433292e-01 -1.05891027e-01
    1.29076123e+00 -7.27236271e-01 4.98394817e-01 -6.49242282e-01
    6.87994659e-02 -6.18996799e-01 -1.17676690e-01 -2.19833314e-01
    1.43535733e+00 -1.37457520e-01 6.63901642e-02 1.92859256e+00
    4.03572232e-01 7.20712125e-01 -2.79755622e-01 1.27939570e+00
    -1.23061344e-01 1.26232195e+00 -1.06464382e-02 1.02996027e+00
    4.98676926e-01 1.83605060e-01 7.52509117e-01 6.51656866e-01
    1.79031685e-01 -3.45237345e-01 3.91388088e-01 1.02900416e-01
    -6.59320295e-01 1.17365986e-01 -3.78294379e-01 6.99064314e-01
    -6.28180981e-01 -6.14953637e-01 1.46267664e+00 5.30468464e-01
    -3.79921049e-01 6.50079489e-01 -5.66786468e-01 -7.15704441e-01
    1.30721664e+00 1.65088820e+00 -3.20448518e-01 8.24822038e-02
    1.35195410e+00 -1.52765974e-01 -1.00591686e-02 3.24244857e-01
    -5.90996966e-02 1.18968379e+00 -6.50559425e-01 -3.58201236e-01
    1.16059732e+00 1.21154273e+00 7.10811079e-01 -1.73660249e-01
    5.30553579e-01 -2.69232243e-01 1.03476894e+00 9.66480613e-01
    1.25100756e+00 3.79957885e-01 -2.14845970e-01 1.59296179e+00
    8.62816036e-01 6.01104617e-01 -4.69764173e-01 -8.28246534e-01
    3.88962656e-01 -1.75581932e-01 1.28431022e+00 1.45033216e+00
    1.48144019e+00 1.73557627e+00 -7.45765120e-02 1.66408628e-01
    1.67872941e+00 -4.74149644e-01 7.89582789e-01 2.56281912e-01
    1.21245623e+00 1.14795077e+00 2.91477293e-01 1.13679171e+00
    -3.62717658e-01 -1.26156300e-01 -8.09032172e-02 1.09688270e+00
    1.72827733e+00 -1.30994365e-01 4.30817381e-02 6.61202192e-01
    1.13027692e+00 1.36536896e+00 2.63693571e-01 1.67939043e+00
    -7.60518849e-01 -6.94984376e-01 1.26859176e+00 1.21855080e+00
    4.53015059e-01 1.15655684e+00 7.36750901e-01 1.14724970e+00
    1.48566759e+00 5.11975765e-01 7.36784935e-01 2.45639309e-01
    -1.88561469e-01 5.27216733e-01 1.01258457e+00 -9.61807221e-02
    9.24165606e-01 -3.33565116e-01 -2.86796868e-01 8.20136786e-01
    8.52944553e-01 3.85109872e-01 7.63990343e-01 -1.81461364e-01
    9.90773458e-03 -5.20754337e-01 -3.21429104e-01 1.24995661e+00
    4.11612153e-01 1.07965076e+00 1.31753683e+00 2.79839128e-01
    -3.43298525e-01 -2.42296547e-01 -6.68236017e-01 2.63062835e-01
    5.24065018e-01 -5.98002493e-01 -1.45688966e-01 1.38282049e+00
    1.07967436e+00 9.19483662e-01 -2.65907049e-02 1.14509869e+00
    -5.08275926e-01 8.79316747e-01 -4.18278068e-01 1.70904922e+00
    2.70288557e-01 1.09501028e+00 9.25699651e-01 -6.19749784e-01
    -6.83218300e-01 7.94605076e-01 8.06838721e-02 1.34214735e+00
    1.51808047e+00 1.48071957e+00 1.65676856e+00 6.04266286e-01
    5.50241649e-01 1.20427877e-01 2.02477008e-01 5.53961277e-01
    3.87209505e-01 5.91566205e-01 1.11502993e+00 -8.05963203e-02
    -7.77654529e-01 6.43607378e-01 7.69348070e-02 1.23841298e+00
    8.23174000e-01 7.84013420e-03 9.60937083e-01 1.40566862e+00
    -4.94589031e-01 1.43044901e+00 4.99326468e-01 -2.00659230e-01
    3.93936336e-01 1.24997938e+00 1.45782804e+00 1.34203517e+00
    1.72839379e+00 2.30041534e-01 -8.52963552e-02 1.59215975e+00
    1.40987766e+00 1.64410186e+00 -2.28310227e-01 1.26922476e+00
    1.45775425e+00 7.84437478e-01 1.58727908e+00 -2.77456343e-01
    2.71093935e-01 6.71881020e-01 3.53402868e-02 1.75928605e+00
    1.50290322e+00 -5.05482256e-01 1.75266266e+00 8.62204552e-01
    1.43211186e+00 1.12945735e+00 -6.73053801e-01 -5.71346819e-01
    -1.19024493e-01 1.11206841e+00 9.23907936e-01 1.09944379e+00
    8.98973048e-01 -5.42042673e-01 5.65123677e-01 1.23635077e+00
    4.42607105e-01 7.01349199e-01 6.71559334e-01 -1.70840845e-01
    -6.81104302e-01 1.11710691e+00 8.70049179e-01 1.18759680e+00
    -7.64923692e-02 2.20536739e-02 9.16016817e-01 -2.02294718e-02
    -7.70260215e-01 1.52372003e+00 1.42922986e+00 1.05380738e+00
    6.68931961e-01 -1.15153551e-01 1.35232210e+00 8.66120338e-01
    1.34504771e+00 -6.95246011e-02 5.32743871e-01 -7.25888789e-01
    7.57105112e-01 1.06660879e+00 1.64785337e+00 -4.17652667e-01
    8.80136967e-01 1.23512053e+00 3.78404677e-01 6.40194535e-01
    9.24777210e-01 1.13229334e+00 8.02722991e-01 1.06094515e+00
    7.85858512e-01 -4.35346246e-01 -3.31730515e-01 -3.21058631e-01
    2.19217792e-01 1.13419592e+00 6.89326704e-01 3.84652644e-01
    -4.99406606e-01 9.10832703e-01 9.55840290e-01 -5.85441768e-01
    1.89847767e+00 1.23531771e+00 1.05403341e-01 -6.59695029e-01
    1.24140382e+00 8.84494543e-01 6.32290319e-02 1.48269808e+00
    8.10342848e-01 1.75630733e-01 1.53079736e+00 -6.72211707e-01
    8.66788030e-01 -5.13538003e-01 -3.92962307e-01 5.18236339e-01
    1.08422720e+00 1.03850756e-02 -6.21151149e-01 1.20253503e+00
    -4.02412564e-01 1.45842230e+00 -2.12526962e-01 4.65964764e-01
    -6.03006542e-01 2.31539845e-01 7.15844214e-01 2.33108044e-01
    1.07926595e+00 6.21544600e-01 3.39390635e-01 5.36584914e-01
    1.44906536e-01 1.39007771e+00 8.48376453e-01 1.26193464e+00
    1.55988574e+00 2.48932406e-01 -5.10640562e-01 -2.09830701e-01
    3.12874079e-01 9.52341259e-01 2.82030329e-02 7.46459961e-01
    1.22966540e+00 3.40599298e-01 4.95343134e-02 6.47891462e-01
    2.52549529e-01 1.81275070e+00 8.55072364e-02 -1.38419475e-02
    1.60242468e-01 -5.11519015e-01 -2.79316008e-01 1.34735310e+00
    -3.29899848e-01 1.68630731e+00 1.41572773e+00 5.55135906e-01
    1.28889346e+00 -3.47160958e-02 7.02565551e-01 6.32768393e-01
    6.04396403e-01 1.25081193e+00 -8.00706327e-01 5.00790954e-01
    -5.33707906e-03 1.10587776e+00 -4.32826549e-01 4.67323273e-01
    1.26290536e+00 -5.65960146e-02 -2.61937648e-01 7.34752417e-01
    -7.07045019e-01 1.05349064e+00 1.23179829e+00 6.36447489e-01
    -1.97725043e-01 4.47999567e-01 2.09093079e-01 -1.34166420e-01
    6.98334873e-01 9.26790237e-01 1.47958612e+00 1.53393626e+00
    9.39046502e-01 -1.58296600e-01 1.22990191e+00 1.76667905e+00
    8.22812796e-01 7.54139900e-01 -3.37776065e-01 6.82202101e-01
    1.03874612e+00 7.87560523e-01 1.34436595e+00 1.27435398e+00
    8.20539773e-01 1.21108830e+00 -5.22668660e-02 -6.55511141e-01
    -6.58581257e-01 6.24807715e-01 -2.88965374e-01 1.60407829e+00
    2.11343095e-01 9.47326839e-01 1.33651888e+00 3.55916947e-01
    -1.12137146e-01 -5.81016123e-01 1.23873210e+00 3.72337818e-01
    6.83450401e-01 -5.49859524e-01 1.58955622e+00 1.54459581e-01
    1.19291830e+00 -8.55222523e-01 1.31631124e+00 1.52171052e+00
    1.20861435e+00 4.45881844e-01 -6.14524126e-01 9.08031523e-01
    1.32212591e+00 1.29622841e+00 9.06986177e-01 8.75377893e-01
    6.70416057e-01 1.66965365e+00 1.27319360e+00 7.96331286e-01
    9.15672004e-01 -1.34224102e-01 -1.53611392e-01 -5.17584682e-01
    5.59551492e-02 1.24266088e+00 1.44708300e+00 5.31300306e-01
    8.75760466e-02 -5.49443066e-03 3.97075504e-01 -5.36293149e-01
    6.88954949e-01 1.08744657e+00 -3.77949864e-01 -6.18997991e-01
    9.10133898e-01 -2.07285017e-01 1.55447841e+00 4.40375544e-02
    9.53402877e-01 8.11215639e-01 7.31260702e-02 1.55755198e+00
    8.52965295e-01 1.49563110e+00 -3.60737175e-01 1.32074451e+00
    1.13630128e+00 1.33156073e+00 6.91933751e-01 -3.08428228e-01
    1.37449694e+00 1.71852648e+00 7.49864519e-01 1.77614391e-01
    -4.23450172e-01 1.67582944e-01 -6.09521031e-01 -5.23906946e-01
    1.39186740e+00 7.81099677e-01 4.29046810e-01 -1.69668555e-01
    1.19543946e+00 -6.72413111e-02 -8.23829830e-01 4.92684811e-01
    1.71973825e+00 1.70154715e+00 5.71184695e-01 2.87885126e-02
    1.31125402e+00 -4.49577302e-01 5.40325761e-01 4.68300641e-01
    -4.87629890e-01 -6.76987171e-01 -6.90692008e-01 -6.76545024e-01
    -5.21319628e-01 -6.56963706e-01 1.48477256e-01 1.72415838e-01
    1.34128225e+00 -2.28356913e-01 1.62158549e+00 2.54441708e-01
    5.58500051e-01 1.22282600e+00 1.47178102e+00 -6.35167211e-02
    -5.50347328e-01 4.91492838e-01 1.07444382e+00 6.93844282e-04
    1.33426309e-01 -1.99328244e-01 1.13485420e+00 1.44054890e-01
    2.30659202e-01 -2.75741935e-01 1.25832766e-01 1.42289102e+00
    5.71090102e-01 7.95985579e-01 1.21706140e+00 1.71189880e+00
    2.91458443e-02 6.58837795e-01 3.48404229e-01 3.78236920e-01
    -5.72029829e-01 -3.61876488e-01 1.67134869e+00 1.42199302e+00
    2.67452389e-01 1.03242195e+00 1.40886724e+00 -9.93604511e-02
    5.61689019e-01 1.55694032e+00 1.10044801e+00 -5.22962093e-01
    3.27035934e-01 2.02145755e-01 -3.11846912e-01 -2.96986908e-01
    1.77310443e+00 -1.37271240e-01 6.08654805e-02 -3.62693131e-01
    -5.64431190e-01 5.97280152e-02 6.30702019e-01 1.51688707e+00
    1.17804337e+00 1.10759962e+00 3.26286376e-01 -3.27061772e-01
    6.45163953e-01 5.48329294e-01 1.39742523e-01 -6.93764508e-01
    -2.70351559e-01 4.83602494e-01 1.19602442e+00 1.74509287e+00
    4.58793193e-01 1.70376813e+00 -8.43310416e-01 1.26609564e+00
    2.73451090e-01 5.45008183e-01 1.03590429e+00 -1.85104162e-02
    1.10798705e+00 1.70511460e+00 4.33130205e-01 6.25661254e-01
    1.26624978e+00 9.41136420e-01 -2.00481296e-01 7.17111528e-01
    1.59429121e+00 -1.92430973e-01 5.52466631e-01 1.31414139e+00
    -7.44578540e-02 1.19341075e+00 1.30537376e-01 1.39418006e+00
    -2.13307634e-01 8.95340890e-02 1.12347394e-01 2.76159823e-01
    9.12697315e-02 -7.42242277e-01 1.18757784e+00 1.08164144e+00
    5.89326739e-01 1.10610798e-01 1.65281904e+00 1.76467311e+00
    -3.62499833e-01 1.53624558e+00 9.36415136e-01 -3.14116597e-01
    2.95682609e-01 3.45001221e-01 1.13958025e+00 1.27438343e+00
    -2.66895115e-01 1.75357544e+00 1.92073852e-01 8.92310858e-01
    2.91894555e-01 -2.49506369e-01 6.75563455e-01 -1.29822597e-01
    1.28102982e+00 -1.68249667e-01 1.03997087e+00 6.14206195e-01
    6.56628788e-01 1.60754967e+00 4.09194648e-01 6.43860936e-01
    1.12473583e+00 -5.21972358e-01 7.68387735e-01 -5.72447419e-01
    -4.24132615e-01 3.20998162e-01 2.42413327e-01 8.07184458e-01
    8.87480497e-01 2.02971041e-01 1.75062823e+00 1.93420321e-01
    4.64818835e-01 3.09868932e-01 1.62460482e+00 4.83443767e-01
    1.37419462e+00 -3.89564395e-01 -4.67964113e-01 1.62706363e+00
    -6.36947155e-01 9.13744569e-01 1.34120107e+00 1.41867733e+00
    8.12732130e-02 7.34970450e-01 1.48285675e+00 1.04036832e+00
    -1.68021083e-01 -1.36364624e-01 3.07388633e-01 -1.38661548e-01
    1.87233508e-01 -3.51726919e-01 2.68035948e-01 3.00495863e-01
    6.17340088e-01 1.09383866e-01 5.28233349e-01 1.17308426e+00
    8.61799061e-01 8.66595030e-01 1.68804675e-01 4.96039063e-01
    4.16014403e-01 -1.51400402e-01 2.82918334e-01 1.66074288e+00
    -3.10869694e-01 6.65894628e-01 1.76672518e+00 -3.63683224e-01
    1.34995282e+00 -2.41516933e-01 1.12678361e+00 9.24188972e-01
    2.40684360e-01 6.60225451e-02 9.24090743e-02 -6.08399928e-01
    -2.35608533e-01 5.64179122e-01 8.17511678e-01 7.43552744e-01
    9.64803517e-01 -4.92317915e-01 3.91805172e-02 -9.09822956e-02
    5.80575883e-01 2.82777976e-02 5.46723723e-01 1.39402509e+00
    -5.01716197e-01 3.19625944e-01 4.21263635e-01 1.28896201e+00
    4.74945595e-03 9.52398121e-01 1.42200112e+00 8.57141554e-01
    -5.27266800e-01 6.13118708e-01 -7.59251058e-01 1.39578938e+00
    2.95986056e-01 1.50384259e+00 -8.48082528e-02 7.47995496e-01
    1.25012791e+00 4.56164718e-01 1.54493570e+00 1.30652487e+00
    1.08956754e+00 1.77021205e-01 -5.56578934e-01 4.61186886e-01
    5.84106445e-01 3.86532128e-01 1.13483930e+00 -6.44951999e-01
    -4.80139405e-01 -3.47748488e-01 -4.25252706e-01 1.52540708e+00
    -3.02590549e-01 8.34018528e-01 1.05234623e+00 6.41763031e-01
    -1.52421013e-01 1.39417601e+00 1.42098439e+00 1.66182685e+00
    1.48033798e+00 3.86138350e-01 -7.13003874e-01 8.64884079e-01
    5.08596241e-01 -7.33436525e-01 7.24084675e-01 1.00466982e-01
    4.01297569e-01 -3.60210478e-01 1.36216211e+00 -2.92543530e-01
    2.55012870e-01 1.70070231e+00 1.73286664e+00 3.25705223e-02
    -1.78080156e-01 7.96767056e-01 1.08895397e+00 1.67572904e+00
    8.69762778e-01 1.62231088e+00 3.87972593e-01 -5.41434772e-02
    1.25506783e+00 6.45008922e-01 3.48603517e-01 1.28232777e+00
    -5.81267416e-01 -1.48908822e-02 -5.84123313e-01 1.78252721e+00
    7.73821712e-01 3.41911912e-01 2.13430554e-01 2.73349136e-01
    -7.41696239e-01 -2.12518871e-01 1.69210935e+00 -2.61257768e-01
    1.11885130e+00 -6.35957658e-01 4.72791374e-01 6.63325608e-01
    -1.13234937e-01 1.07240759e-01 -3.67377251e-01 -6.89745426e-01
    1.66644585e+00 6.80271804e-01 4.69573885e-01 1.43599164e+00
    6.93038821e-01 3.02334242e-02 -3.68008584e-01 -7.20672369e-01
    7.56749064e-02 -2.38471106e-01 5.98320849e-02 4.47715044e-01
    1.01772201e+00 1.07710552e+00 -1.02035083e-01 3.49348128e-01
    -4.91640419e-01 1.80817711e+00 5.86777151e-01 1.58072293e+00
    -3.32988173e-01 -5.01559377e-01 5.98101556e-01 1.12782729e+00
    1.55600727e+00 -2.87620306e-01 5.60416877e-01 1.72767401e+00
    1.11874473e+00 -5.76767385e-01 6.85555935e-02 7.66240180e-01
    8.14473152e-01 1.61087358e+00 -5.03551245e-01 1.39414108e+00
    6.50115192e-01 7.95839071e-01 -1.69953797e-02 5.86221337e-01
    1.13960779e+00 1.47043288e+00 1.33013308e+00 5.62901855e-01
    9.85132158e-01 1.48950231e+00 7.68052101e-01 7.08467960e-01
    4.64407027e-01 7.14103401e-01 3.99967402e-01 -4.73781228e-01
    -1.21908858e-01 3.97578090e-01 1.55241740e+00 1.83155131e+00
    -3.30624163e-01 -3.55714530e-01 -5.34091473e-01 1.39290488e+00
    1.09232473e+00 -3.21498424e-01 1.15101027e+00 -1.69594899e-01
    1.70128644e+00 1.17837393e+00 1.54915035e+00 4.29146796e-01
    9.79854345e-01 -5.89075685e-01 1.58212531e+00 1.92999288e-01
    -2.26087213e-01 3.31619114e-01 -2.99233142e-02 1.68602073e+00
    -3.71416837e-01 -6.72145307e-01 3.53348777e-02 1.62220478e+00
    8.72159004e-01 1.13202357e+00 1.24143302e+00 -3.00454557e-01
    -1.45679593e-01 8.20439935e-01 -2.45594129e-01 -6.35206699e-01
    1.62722921e+00 1.23622668e+00 1.47218454e+00 -2.67932564e-01
    5.36329985e-01 7.30115652e-01 6.28798604e-01 9.81292665e-01
    -7.49276221e-01 1.78143847e+00 1.06589019e+00 5.34313977e-01
    -7.60231137e-01 5.03689587e-01 6.73660934e-01 7.03986764e-01
    1.59306014e+00 2.93208808e-02 6.42604411e-01 -4.73761290e-01
    -6.30969644e-01 -5.44116274e-02 1.61297429e+00 9.16387558e-01
    1.29328704e+00 -5.29727787e-02 1.61141574e-01 3.35049182e-01
    -6.77311599e-01 2.30495125e-01 -4.05598462e-01 -4.67724860e-01
    -3.86758894e-01 3.99055243e-01 1.54237068e+00 7.66611159e-01
    1.66376364e+00 1.04236555e+00 4.95531559e-01 5.15182137e-01
    1.14583278e+00 7.88524747e-01 1.45604241e+00 1.07707918e+00
    6.36525512e-01 -1.68542221e-01 9.05118942e-01 3.34916502e-01
    -3.11323017e-01 1.26047969e+00 9.62195754e-01 1.46811438e+00
    3.69080693e-01 7.81329513e-01 -5.53209841e-01 -5.81625581e-01
    -5.91123402e-01 4.31414470e-02 -3.69201362e-01 9.77332950e-01
    6.63268805e-01 1.03889906e+00 1.45058727e+00 1.74393141e+00
    1.68553782e+00 1.22628427e+00 -1.01149403e-01 2.33393103e-01
    5.36150396e-01 -1.45163521e-01 -3.44940305e-01 1.58299232e+00
    2.28292510e-01 1.65312576e+00 3.91049713e-01 3.01786810e-01
    1.24138546e+00 7.13612437e-01 1.04718328e+00 1.24666941e+00
    1.41319454e-01 4.86237198e-01 1.57710540e+00 1.76238105e-01
    1.17720842e+00 5.35308540e-01 2.65504152e-01 -2.25749493e-01
    5.07126987e-01 -1.71861306e-01 1.14762373e-01 -4.65899646e-01
    1.73086858e+00 1.24625182e+00 1.05906320e+00 4.47880775e-01
    1.30835116e+00 -4.20525163e-01 -4.36868042e-01 -2.29815826e-01
    8.09193403e-03 -3.38461846e-01 1.31635308e-01 -7.25782752e-01
    -1.75071701e-01 1.16305995e+00 7.88615048e-01 8.71799529e-01
    5.54568768e-01 6.28191531e-01 1.63345456e+00 5.60874403e-01
    8.31202745e-01 1.16416204e+00 -6.28346324e-01 6.04289412e-01
    -7.28818417e-01 3.09614055e-02 -6.73694313e-01 1.29419458e+00
    7.23646462e-01 -2.19529465e-01 1.48391080e+00 1.62370598e+00
    -2.12291777e-01 1.56084865e-01 -3.20689708e-01 9.84203756e-01
    1.16542017e+00 1.66135359e+00 1.70968510e-02 -1.69218928e-01
    1.68724728e+00 1.77795529e+00 -3.84478271e-01 7.86394119e-01
    1.44375026e+00 -6.65156543e-01 1.58148319e-01 1.17327623e-01
    -1.33585647e-01 1.40030611e+00 1.67249238e+00 -1.59392089e-01
    -2.07403988e-01 1.18321633e+00 1.02885687e+00 7.27227151e-01
    -2.06979200e-01 -1.46740630e-01 1.16564131e+00 2.86253929e-01
    -4.37477440e-01 1.46493745e+00 8.32835257e-01 -6.40777469e-01
    5.08175433e-01 7.10819721e-01 -4.17634398e-01 4.74404216e-01
    1.70689493e-01 -8.55949044e-01 4.16304469e-01 1.22082078e+00
    1.57448673e+00 -1.87833250e-01 -6.55027092e-01 8.40504766e-01
    8.56347442e-01 1.30268884e+00 1.59532037e-02 -2.31696457e-01
    -4.04516697e-01 1.02456081e+00 -3.88614774e-01 1.80732405e+00
    -5.59488952e-01 1.65231144e+00 -1.05963804e-01 -1.87865525e-01
    9.00143206e-01 1.42409217e+00 -5.12600482e-01 -5.62469661e-01
    1.42323598e-01 1.03212523e+00 1.07764101e+00 5.69265746e-02
    1.35681123e-01 3.78913313e-01 1.51023149e+00 1.61515427e+00
    1.62526560e+00 7.29557931e-01 -2.02261910e-01 1.65076792e+00
    5.15221395e-02 -5.16557276e-01 -5.95506191e-01 -7.23165929e-01
    1.67762554e+00 1.30620801e+00 -9.63851139e-02 6.15772247e-01
    8.18078637e-01 1.34539887e-01 1.33160889e+00 2.14402735e-01
    8.02956700e-01 5.82158864e-01 4.23234433e-01 4.84460711e-01
    -3.74505967e-01 5.70760548e-01 1.14019132e+00 -3.65821838e-01
    1.34606779e+00 1.05937946e+00 1.27330148e+00 1.44323981e+00
    -7.32659519e-01 -3.70844483e-01 6.34512424e-01 -5.03156006e-01
    1.80143917e+00 8.60067427e-01 1.48019779e+00 1.31903088e+00
    1.47666025e+00 1.02055132e+00 3.21124852e-01 7.72447526e-01
    -5.81594050e-01 -1.68158710e-01 2.55220681e-01 8.77976537e-01
    -5.90095699e-01 -6.95442319e-01 -5.71873605e-01 4.67348620e-02
    -2.66964346e-01 1.51890743e+00 1.28620923e+00 2.47439846e-01
    7.09264517e-01 1.72478521e+00 -5.37633672e-02 -5.37143111e-01
    1.36769954e-02 -3.19335222e-01 -4.74527001e-01 -6.03329539e-01
    -5.35073698e-01 1.61677825e+00 8.61462295e-01 8.11746299e-01
    -3.99978310e-01 4.17114705e-01 7.81674206e-01 -2.79008560e-02
    7.39791751e-01 1.28549242e+00 -6.16509974e-01 -2.96104729e-01
    -6.65834069e-01 1.60982132e+00 1.49612904e+00 1.20481682e+00
    -1.82309493e-01 1.71023464e+00 -7.53751874e-01 -7.96411276e-01
    -6.75133407e-01 2.10150823e-01 1.72739342e-01 3.59408860e-03
    6.62428737e-02 6.69538260e-01 2.96896815e-01 8.91836286e-02
    -3.90222430e-01 -4.95050162e-01 1.01945925e+00 1.49774957e+00
    9.76419568e-01 9.39814091e-01 1.03663433e+00 -1.37275979e-01
    -6.66639268e-01 1.32537913e+00 -5.06875753e-01 -1.34653434e-01
    5.39538622e-01 3.62989157e-01 1.38876751e-01 5.56090236e-01
    1.33844471e+00 9.21676159e-01 9.49686766e-01 -3.93847555e-01
    -2.48364717e-01 1.63018465e-01 -1.78525388e-01 8.39926362e-01
    7.49874473e-01 -2.13933453e-01 1.17705202e+00 1.00924087e+00
    1.99292362e-01 1.55232620e+00 9.67085958e-02 7.30516985e-02
    5.79430699e-01 1.28874540e+00 1.32462108e+00 -2.84513719e-02
    4.11265582e-01 -5.04175186e-01 1.16367519e+00 5.70439100e-01
    -8.83366168e-02 5.23496866e-01 5.35595119e-01 1.06817186e+00
    9.86745000e-01 3.09363723e-01 1.45417356e+00 5.59055686e-01
    2.49602154e-01 1.15405299e-01 2.27346465e-01 -6.76703691e-01
    -1.13202386e-01 8.10547411e-01 -5.87841094e-01 1.15322125e+00
    -6.52177274e-01 -2.21289292e-01 6.35519981e-01 1.43073058e+00
    -5.54494821e-02 8.35874140e-01 -3.74907523e-01 -5.63331664e-01
    1.64400089e+00 -6.13707423e-01 1.00033391e+00 2.74482258e-02
    1.52998865e+00 4.92640346e-01 -4.83241141e-01 2.63385803e-01
    -6.07103825e-01 6.72986507e-01 8.99317861e-02 9.16673601e-01
    2.50248134e-01 1.17189014e+00 9.04411435e-01 -4.66082484e-01
    5.09961247e-01 1.30587864e+00 -3.64449263e-01 -2.93531179e-01
    8.46872211e-01 4.21049334e-02 4.66906637e-01 9.31922615e-01
    6.60402596e-01 2.02153489e-01 -3.00034225e-01 -1.30911306e-01
    3.86308849e-01 1.49776518e+00 1.60487819e+00 -1.13963887e-01
    -2.22117826e-01 1.29258358e+00 -2.08307147e-01 1.69153666e+00
    1.72245514e+00 -7.08840430e-01 1.38233435e+00 -7.95732215e-02
    1.34850514e+00 1.55441201e+00 9.75044519e-02 -1.12291485e-01
    -3.58682960e-01 8.24212193e-01 -3.86637956e-01 1.41485989e+00
    1.61605847e+00 -6.45868659e-01 -1.76298827e-01 1.22564614e+00
    9.07038391e-01 2.06592917e-01 -5.83734870e-01 1.51272905e+00
    -2.08399251e-01 -3.82684499e-01 4.12860930e-01 -3.33297670e-01
    8.81225348e-01 1.21611938e-01 5.12264311e-01 1.34054792e+00
    6.47596538e-01 -3.42906773e-01 9.41088855e-01 1.17391157e+00
    8.01164806e-01 1.47730362e+00 1.41044462e+00 1.23270905e+00
    7.13030934e-01 1.44921124e+00 8.34547877e-01 1.33926883e-01
    1.07756209e+00 -6.11433983e-01 1.71308076e+00 1.28535569e+00
    1.64490139e+00 -4.22056943e-01 1.17202199e+00 1.59369922e+00
    -5.90529203e-01 3.83570582e-01 1.80068284e-01 -6.45704389e-01
    6.68297052e-01 -1.69777915e-01 8.19053769e-01 7.20278978e-01
    -3.51475388e-01 1.41501725e-01 -7.38244727e-02 -8.09353739e-02
    2.13342533e-01 -2.69253701e-01 1.82953000e+00 -7.14691356e-02
    -2.50145376e-01 -2.13485673e-01 1.14063478e+00 1.66959476e+00
    1.01917601e+00 -4.55267996e-01 7.58444548e-01 -3.85084078e-02
    1.22853406e-01 1.68833280e+00 7.40846753e-01 1.38240528e+00
    1.66464889e+00 -5.46004891e-01 1.30919731e+00 1.72746766e+00
    -2.63842613e-01 1.17068648e+00 4.59704399e-01 -1.35954112e-01
    3.28909159e-01 1.00181007e+00 1.32128036e+00 -1.68059289e-01
    -3.35982293e-01 3.18957180e-01 1.15083146e+00 3.28430593e-01
    6.26255274e-01 1.64912212e+00 1.53062868e+00 1.63433552e+00
    1.38544154e+00 -4.44036245e-01 9.86093044e-01 2.22460255e-01
    -3.98923308e-01 -3.63139868e-01 1.09529603e+00 -3.04652810e-01
    2.62647122e-01 1.33848202e+00 3.21637124e-01 -6.59102261e-01
    9.03889716e-01 -1.75229996e-01 1.70428133e+00 4.77282763e-01
    1.64256537e+00 4.38256443e-01 1.50414002e+00 2.60301888e-01
    9.33451355e-01 -1.96232840e-01 1.19524515e+00 9.64858830e-01
    -3.18070561e-01 -6.43909931e-01 6.16666257e-01 -5.30265272e-01
    1.16395998e+00 1.56431735e+00 -3.94657403e-01 2.05052063e-01
    9.16961789e-01 -4.21336919e-01 -2.81972677e-01 6.89520180e-01
    1.11174905e+00 1.61711037e+00 -6.18344188e-01 -5.20883739e-01
    -2.22621813e-01 1.21443415e+00 1.39629662e+00 1.20265532e+00
    -4.09251481e-01 4.59826499e-01 9.73154530e-02 7.71612763e-01
    7.32778668e-01 1.54320359e+00 1.60230470e+00 -3.13329339e-01
    1.34670925e+00 1.63254285e+00 1.41450655e+00 3.88448626e-01
    3.35532188e-01 5.02646446e-01 1.88855216e-01 9.67411757e-01
    6.36948943e-01 -1.16348535e-01 1.50132692e+00 -2.03951135e-01
    -3.03983152e-01 1.00830607e-01 -9.12284628e-02 -8.23186636e-02
    1.49112451e+00 3.21835637e-01 7.46874750e-01 3.52181852e-01
    1.66265392e+00 -1.74567714e-01 -1.55146375e-01 -2.08656434e-02
    1.55281270e+00 4.90900636e-01 -1.77122861e-01 8.27200472e-01
    1.07407081e+00 1.68671620e+00 8.04970786e-02 3.06128442e-01
    1.31986380e+00 -4.78720069e-02 -4.72988874e-01 -2.07338676e-01
    1.17795026e+00 1.52119136e+00 -8.31327587e-02 7.93727338e-02
    1.36432612e+00 1.20773351e+00 -7.39976883e-01 1.56468189e+00
    6.72529042e-01 1.36748329e-01 8.46242785e-01 8.09223592e-01
    -2.22724825e-01 -6.48804009e-01 3.91867131e-01 5.26207745e-01
    6.22000337e-01 -3.13031256e-01 6.65095747e-02 1.19523239e+00
    1.34293187e+00 -2.29989842e-01 -7.52970934e-01 -5.67403018e-01
    1.75119174e+00 1.30262637e+00 1.20500994e+00 -4.20605451e-01
    6.97561055e-02 2.00800508e-01 3.05394828e-01 8.33381891e-01
    1.43201637e+00 1.55755043e+00 1.00266099e+00 1.68806005e+00
    2.20271170e-01 4.15372640e-01 6.77672684e-01 5.56545913e-01
    -6.18092418e-01 7.46372044e-01 -5.58367014e-01 9.54472661e-01
    1.10859418e+00 6.82303131e-01 2.90899813e-01 -6.39321864e-01
    1.85707235e+00 1.03337526e+00 -3.93764287e-01 9.50916633e-02
    -4.70692754e-01 1.73604381e+00 1.82406640e+00 -6.49167955e-01
    1.27269936e+00 -8.28209508e-04 -9.21275392e-02 -2.44110405e-01
    1.33966625e+00 8.54789376e-01 5.89537263e-01 6.96204543e-01
    -7.13170826e-01 8.61553609e-01 -2.65541345e-01 4.21039909e-01
    -1.97068304e-01 1.73083699e+00 -5.79748452e-01 3.13815951e-01
    1.38206214e-01 2.97725856e-01 -7.40551054e-01 -2.29488179e-01
    -3.17442954e-01 1.11300647e+00 -1.18620351e-01 1.53141510e+00
    -1.61207512e-01 1.10643053e+00 1.71285057e+00 -6.53024435e-01
    9.02305067e-01 -2.64802366e-01 4.56813574e-01 2.35432088e-01
    -1.81381866e-01 3.26134205e-01 7.22719669e-01 4.81555879e-01
    -5.90788901e-01 -1.03310890e-01 1.17393486e-01 -5.53504944e-01
    1.74296153e+00 6.58304989e-01 -9.23208594e-02 6.99572042e-02
    6.88730478e-01 1.29628623e+00 1.48436117e+00 -6.99814379e-01
    8.47544670e-01 1.62913859e+00 1.01777101e+00 9.53374505e-01
    7.29741335e-01 1.77692339e-01 1.35529602e+00 1.51408756e+00
    1.64838672e-01 3.88263404e-01 5.23720264e-01 1.04517865e+00
    1.00752783e+00 1.53413013e-01 8.47922921e-01 -1.95755824e-01
    9.71175551e-01 6.43024921e-01 1.75499827e-01 1.56799412e+00
    -4.14762348e-01 7.33128071e-01 1.12676191e+00 1.56508088e+00
    -3.14668119e-01 5.70080638e-01 1.79981816e+00 9.92083132e-01
    3.34910005e-01 6.54896915e-01 1.52515805e+00 1.72669482e+00
    -1.37826696e-01 1.65146619e-01 1.37117183e+00 2.09307566e-01
    1.06533849e+00 4.73103859e-02 1.81783155e-01 1.53997827e+00
    8.38888645e-01 1.01369345e+00 9.80802000e-01 -6.26627207e-01
    -4.68226850e-01 -4.31791544e-01 3.24132204e-01 2.30043125e+00
    1.15546954e+00 -7.69849360e-01 -2.52219617e-01 -6.81369126e-01
    1.21143498e-01 9.21731591e-01 1.39029658e+00 1.37437546e+00
    -6.36132956e-01 -5.37593067e-01 5.01429379e-01 7.91437984e-01
    1.48484135e+00 1.00184107e+00 4.84360475e-03 1.44539142e+00
    6.51865065e-01 1.55321968e+00 5.59773088e-01 1.06090748e+00
    6.60743475e-01 -5.09082556e-01 1.24454260e+00 -1.77770585e-01
    1.20533347e+00 1.29147804e+00 6.46312177e-01 -1.51865482e-01
    8.83926690e-01 -6.33788824e-01 1.54574823e+00 -3.29130948e-01
    -6.27204776e-01 -1.84620515e-01 5.93275487e-01 1.39057899e+00
    1.64292860e+00 1.11196077e+00 8.97237480e-01 3.19809109e-01
    5.58275104e-01 -4.69580740e-01 4.88485575e-01 2.71261662e-01
    1.24455988e+00 1.45391548e+00 -3.21987480e-01 1.68270397e+00
    -1.21451385e-01 1.87198651e+00 8.77259314e-01 -5.97038209e-01
    -4.55997050e-01 1.63308656e+00 4.26433265e-01 2.88247913e-01
    -5.02469540e-01 2.79613584e-01 -1.92828208e-01 8.58985364e-01
    -4.71514821e-01 3.58932406e-01 -6.35529280e-01 5.88238716e-01
    2.64041543e-01 8.96936655e-01 1.64930546e+00 1.26368344e+00
    1.16520293e-01 1.45142365e+00 4.36493903e-01 1.24461830e+00
    6.36089683e-01 8.59843075e-01 8.98315072e-01 1.09545314e+00
    6.70483649e-01 -5.49125075e-01 9.02217686e-01 -5.79603016e-01
    1.77631390e+00 5.35653591e-01 1.49514616e+00 2.71525651e-01
    4.27597404e-01 8.96506906e-02 2.10111350e-01 -1.78385139e-01
    1.61783147e+00 4.42343980e-01 4.69965369e-01 -5.18395543e-01
    -6.40459001e-01 -6.57543898e-01 -4.38751072e-01 9.89429116e-01
    1.47165239e+00 -8.61440897e-02 -5.14968812e-01 1.54510152e+00
    3.85861516e-01 4.58070487e-01 1.13478553e+00 2.41248850e-02
    -6.07681796e-02 1.28533804e+00 -2.29400784e-01 -3.95149171e-01
    1.57029998e+00 1.29338813e+00 -7.00491428e-01 1.47590876e+00
    -1.40300438e-01 -1.04422823e-01 1.22789752e+00 -2.90981233e-01
    9.90655303e-01 1.08065224e+00 -5.95292225e-02 1.71701241e+00
    -3.03874671e-01 -5.31598151e-01 5.35562336e-01 -4.77694906e-02
    -1.30280882e-01 -5.19778550e-01 3.53348196e-01 4.01662916e-01
    1.66512632e+00 1.11622119e+00 1.62680519e+00 8.28228056e-01
    5.21852195e-01 1.22369897e+00 1.32050782e-01 1.35848355e+00
    1.45671237e+00 1.49593019e+00 1.44685495e+00 1.36023366e+00
    1.41991937e+00 -1.91635266e-01 1.39472961e-01 5.64363897e-01
    -6.30617201e-01 3.73857319e-01 1.76425397e+00 -2.52530009e-01
    6.29314920e-03 1.37292397e+00 -6.18218601e-01 -2.04405144e-01
    4.31530178e-01 1.71602666e+00 4.84633446e-01 1.79299974e+00
    1.63725507e+00 9.91646111e-01 3.75573486e-01 7.14907229e-01
    -4.99708325e-01 1.14859593e+00 1.30940294e+00 1.23057447e-01
    1.00305951e+00 6.21024072e-01 1.70950389e+00 1.19281137e+00
    -1.60117805e-01 -6.48923874e-01 5.87318122e-01 2.48328641e-01
    8.17363858e-01 -3.37784201e-01 5.87609768e-01 7.89464772e-01
    -6.27267659e-01 -7.17054158e-02 3.33005726e-01 5.01938879e-01
    -3.91169526e-02 1.37751877e+00 2.86337942e-01 -1.77402556e-01
    6.50648057e-01 -2.42218807e-01 1.06948602e+00 8.86329293e-01
    1.64969072e-01 1.78011811e+00 -6.21341765e-01 4.67707098e-01
    -6.21860884e-02 5.38908958e-01 1.79982185e+00 -2.89438695e-01
    2.60862768e-01 -6.54148385e-02 1.70872450e+00 4.18961346e-01
    1.36418068e+00 -6.87893927e-01 1.44690835e+00 1.30221331e+00
    1.25228092e-01 6.82690859e-01 1.58180070e+00 -6.23312950e-01
    -3.13275456e-01 5.10495484e-01 -1.97581410e-01 -5.55764914e-01
    1.34837663e+00 3.09744149e-01 -4.71863955e-01 1.80027401e+00
    7.17049360e-01 -2.55873084e-01 1.47223428e-01 -1.95000973e-02
    1.22048318e+00 2.28433892e-01 1.12651598e+00 3.57641988e-02
    -1.08658530e-01 2.37427443e-01 8.24568748e-01 3.99410695e-01
    9.94058430e-01 -2.89797574e-01 -3.22208256e-02 -6.82128072e-01
    1.55561328e+00 1.11133599e+00 -6.95415959e-02 -2.86821902e-01
    1.17631102e+00 -2.16720581e-01 -9.67288315e-02 1.79257894e+00
    -6.82240725e-01 -8.47755790e-01 7.44644821e-01 4.73590016e-01
    -1.90425321e-01 -6.12116992e-01 1.25374019e+00 4.73601706e-02
    -4.41384256e-01 1.55353451e+00 -1.74565807e-01 3.45776558e-01
    1.92665547e-01 6.48396313e-01 1.22558951e+00 7.39935875e-01
    -5.83634138e-01 6.09194227e-02 1.65996194e+00 4.78085011e-01
    1.33733511e+00 -5.01058519e-01 7.12702632e-01 7.44910657e-01
    7.39477873e-01 -5.90710819e-01 3.66440177e-01 2.55054861e-01
    -2.86872298e-01 1.20452952e+00 1.64926708e-01 -4.74006027e-01
    4.29675043e-01 7.61459619e-02 -2.44656548e-01 1.21040285e+00
    -1.59734860e-01 -6.33835495e-01 -4.22798902e-01 9.52897687e-03
    4.86399323e-01 2.22274706e-01 8.49760115e-01 1.37070775e+00
    -2.26364173e-02 6.74270988e-01 -6.11603260e-01 1.63454461e+00
    1.19866681e+00 1.54339504e+00 7.77571976e-01 8.07708502e-01
    2.19139680e-01 -1.73338711e-01 1.70651510e-01 -9.67395157e-02
    3.74686047e-02 6.52783990e-01 -2.77499825e-01 1.64000022e+00
    1.14707303e+00 2.84887999e-01 2.98438549e-01 1.02340853e+00
    1.38005841e+00 1.35656583e+00 -4.00083989e-01 8.94422531e-01
    8.92837167e-01 8.47902417e-01 3.93974692e-01 8.73877585e-01
    1.03711152e+00 1.13319039e+00 -7.66863048e-01 4.34695259e-02
    1.39729369e+00 7.56181479e-01 8.55746210e-01 1.33202121e-01
    -3.04810286e-01 -3.61944586e-01 1.04297519e-01 -2.38342628e-01
    8.27943504e-01 1.32579494e+00 2.28106037e-01 1.14804196e+00
    -5.03995597e-01 1.53914833e+00 1.22840238e+00 3.36463243e-01
    -1.51866406e-01 6.86525047e-01 1.56635702e+00 -2.65494406e-01
    1.28823841e+00 -2.94119895e-01 -3.57898101e-02 8.98378432e-01
    5.70077121e-01 6.53725505e-01 1.31166947e+00 -2.39518598e-01
    1.05142832e+00 9.00177896e-01 1.01490033e+00 1.34840444e-01
    7.73384869e-02 1.64933753e+00 -7.23706722e-01 1.49676418e+00
    -3.43021810e-01 1.47720838e+00 9.48589146e-01 -7.70803690e-01
    3.44824523e-01 1.17310214e+00 1.42394149e+00 7.32053071e-02
    1.57040191e+00 -6.72748804e-01 1.31094265e+00 1.00219615e-01
    1.30409515e+00 3.78759086e-01 1.09545934e+00 8.59190166e-01
    -7.04628110e-01 -3.16044420e-01 -4.75125134e-01 1.27314723e+00
    1.47625968e-01 -4.90523726e-01 8.52499008e-01 8.98958802e-01
    1.37912011e+00 -7.34324396e-01 1.06374812e+00 1.03958368e+00
    1.49039102e+00 -3.22933197e-01 1.26946545e+00 2.35531434e-01
    3.64083618e-01 -3.26447725e-01 1.54076231e+00 -4.18174833e-01
    1.57435322e+00 1.14540398e+00 4.82335240e-01 6.08729839e-01
    -3.94374818e-01 -7.45465219e-01 9.36999977e-01 1.43519247e+00
    -5.39816499e-01 -1.30676895e-01 1.65414214e+00 -1.78158712e-02
    -1.46128953e-01 4.30683166e-01 1.05661130e+00 3.24960411e-01
    -2.27234051e-01 -1.52501091e-02 6.51314437e-01 2.73751080e-01
    4.97736692e-01 -9.25589427e-02 6.69928491e-01 -1.69930048e-02
    -3.96703541e-01 -3.07677060e-01 1.92293167e-01 3.24373543e-01
    1.29326224e+00 -5.20706236e-01 -4.03631806e-01 1.24600661e+00
    -6.81691170e-01 1.53934407e+00 1.65501094e+00 3.77853960e-01
    1.29683089e+00 8.41323137e-02 1.03258021e-01 5.09021997e-01
    5.19684494e-01 4.11556035e-01 -4.18033063e-01 9.32330489e-01
    1.80142391e+00 6.13449812e-02 7.59802103e-01 6.84089363e-01
    1.55537868e+00 1.40019834e+00 8.31665248e-02 1.37295115e+00
    -5.40302694e-01 1.82345778e-01 6.34703457e-01 -6.23701274e-01
    1.57381880e+00 -3.26242819e-02 1.16898572e+00 -3.75755727e-01
    -3.78439069e-01 -1.89994290e-01 8.61708999e-01 -4.15459394e-01
    1.52468371e+00 -2.15981856e-01 3.38710040e-01 1.03502369e+00
    1.10315192e+00 1.75812864e+00 -5.90997279e-01 -6.05125502e-02
    -4.52711016e-01 9.71693873e-01 8.68477583e-01 -2.96761245e-01
    9.92219597e-02 1.62244654e+00 2.23848641e-01 1.36294258e+00
    -2.52955437e-01 -6.58594608e-01 -3.78643721e-01 9.18796599e-01
    -6.57764599e-02 -3.22649717e-01 1.01741278e+00 1.11165118e+00
    8.58563244e-01 -2.49501377e-01 1.72183585e+00 1.84343517e-01
    1.10754035e-01 -3.73744875e-01 4.02035236e-01 1.64271748e+00
    1.21691239e+00 4.78918374e-01 1.48513877e+00 8.72253627e-02
    -1.45557508e-01 4.20208931e-01 -5.63528299e-01 5.21896258e-02
    6.15623146e-02 1.01037788e+00 1.53489113e+00 1.34900606e+00
    1.03687859e+00 -4.94672656e-02 1.83912888e-01 9.36846793e-01
    3.94276828e-01 3.03328782e-01 3.52933258e-01 -7.50670612e-01
    7.26023456e-03 1.02150667e+00 5.03169954e-01 1.28977525e+00
    -5.22589922e-01 4.66493517e-01 3.93632114e-01 1.61254501e+00
    1.53618133e+00 -3.84896636e-01 3.56148124e-01 4.45445925e-01
    1.66099834e+00 4.53988276e-02 1.67582881e+00 7.88135350e-01
    3.73367935e-01 1.12540662e+00 -6.60556555e-01 1.45331609e+00
    7.34312832e-01 1.01939809e+00 -5.97125432e-03 2.47117102e-01
    -1.05209902e-01 4.50588316e-01 9.42018569e-01 1.08298910e+00
    1.77774656e+00 1.80740607e+00 -6.73485219e-01 -1.42842546e-01
    1.63768601e+00 6.70919061e-01 7.36251950e-01 -6.41628146e-01
    3.79752696e-01 1.41805804e+00 2.58154958e-01 1.09267318e+00
    -4.70047772e-01 -8.22014570e-01 -7.25862235e-02 3.77808660e-01
    6.91500545e-01 1.31755257e+00 9.76091266e-01 -6.59404516e-01
    1.12441897e+00 -4.85010475e-01 9.10333991e-01 1.34395194e+00
    -2.47139364e-01 1.41942382e+00 1.56731808e+00 -1.94579616e-01
    -5.47274292e-01 4.00361270e-01 -6.34098768e-01 -4.24996197e-01
    -6.20882273e-01 8.40475410e-02 1.29519951e+00 1.72678471e+00
    1.09095955e+00 1.69939816e+00 2.92618245e-01 -3.15061033e-01
    3.26134786e-02 -4.90678102e-01 1.73563495e-01 -2.09474474e-01
    1.48666292e-01 -4.54685003e-01 1.27966821e+00 -1.62318021e-01
    1.50690615e+00 5.15841782e-01 1.38704002e+00 -7.03311980e-01
    6.66459203e-02 1.21522141e+00 5.18655777e-01 1.37863338e+00
    4.86338049e-01 8.26409459e-01 3.41698349e-01 1.41373992e+00
    1.04902363e+00 4.60364431e-01 1.12549281e+00 -5.26881754e-01
    -1.44758537e-01 4.89357501e-01 -5.87652385e-01 2.39720225e-01
    1.27202183e-01 6.13427699e-01 -3.70938808e-01 8.65296125e-01
    1.37677681e+00 8.51665258e-01 1.46096539e+00 9.91437852e-01
    2.01191321e-01 6.99784309e-02 5.14914580e-02 1.64660513e+00
    1.00208533e+00 -4.33657989e-02 -4.87142682e-01 -5.00328302e-01
    3.92955661e-01 7.48813808e-01 -4.73943740e-01 7.71886706e-01
    3.15982252e-01 -6.24839813e-02 1.16613293e+00 1.64375389e+00
    1.57448530e-01 5.95120549e-01 3.86516839e-01 1.61508775e+00
    5.82977355e-01 9.31581736e-01 -6.91011548e-01 -5.00280023e-01
    1.65645137e-01 1.56739271e+00 8.51879735e-03 8.86732996e-01
    1.59884119e+00 1.61256766e+00 -1.34818196e-01 -3.87556314e-01
    5.39217710e-01 1.19295752e+00 1.52660847e-01 -8.78782570e-02
    1.11803401e+00 -5.97395957e-01 -1.66127160e-01 -3.90436709e-01
    5.51725447e-01 -3.89904171e-01 9.61585343e-01 6.28192842e-01
    -1.72385097e-01 3.41258258e-01 -3.91919374e-01 5.84345698e-01
    1.44895077e+00 1.24226737e+00 -5.56843460e-01 1.15176332e+00
    1.44179180e-01 -2.34876141e-01 7.03476012e-01 7.09534883e-01
    1.02560580e-01 9.57603753e-01 -5.08163869e-01 4.20990884e-01
    6.57590926e-01 9.34991896e-01 1.25992419e-02 -3.86177272e-01
    8.76585022e-02 -2.06943199e-01 -3.67508620e-01 6.77223131e-02
    8.55051637e-01 1.59982038e+00 1.16902244e+00 -6.77267551e-01
    2.13999882e-01 1.57452655e+00 9.79595542e-01 6.08115613e-01
    2.32358232e-01 2.59474665e-02 1.82848835e+00 3.47425908e-01
    5.66451967e-01 3.91806185e-01 -7.14893460e-01 1.44381046e+00
    1.29441738e+00 -4.91714805e-01 1.27964807e+00 8.63113701e-01
    -5.29707372e-01 -3.73466909e-01 4.36745673e-01 -3.15994263e-01
    1.39260042e+00 1.55795753e-01 2.42816001e-01 -1.99810117e-01
    1.54601192e+00 -5.95041096e-01 -1.39079198e-01 1.59496713e+00
    4.43909258e-01 -1.15530364e-01 -2.55992115e-01 1.29941356e+00
    -4.83964644e-02 -4.87605035e-01 -5.52669585e-01 1.14633465e+00
    1.70292819e+00 4.80499417e-01 6.89683676e-01 1.55484998e+00
    1.04837930e+00 -5.15275717e-01 1.36319423e+00 7.98958540e-01
    -3.65447730e-01 1.27470911e+00 7.37010390e-02 1.53118551e+00
    -3.10603619e-01 -7.06437647e-01 1.07319820e+00 1.18103158e+00
    -7.13921547e-01 2.61515021e-01 -2.82599866e-01 1.67018902e+00
    1.27755797e+00 8.71139288e-01 1.97439000e-01 -4.45501536e-01
    1.46825767e+00 -2.57286668e-01 1.53708565e+00 -3.53917062e-01
    1.50705194e+00 -6.89530432e-01 1.57179666e+00 1.73204494e+00
    -7.03735471e-01 -1.63177118e-01 -6.92588627e-01 4.83315289e-02
    9.58083384e-03 4.03789520e-01 1.09372903e-02 2.15376392e-01
    1.73354936e+00 9.50236991e-02 -4.65790361e-01 -5.61753392e-01
    1.73081172e+00 -1.81295156e-01 -5.02443790e-01 2.93549597e-01
    1.28435040e+00 3.35401773e-01 6.80957973e-01 2.00275421e+00
    1.04752064e+00 -4.87965286e-01 1.28887546e+00 1.58231512e-01
    1.06783837e-01 7.05762684e-01 4.07792568e-01 2.77770162e-01
    -8.89333561e-02 1.35596216e+00 -4.70120072e-01 -6.86330855e-01
    -3.68274152e-01 -5.56865614e-03 -2.59895951e-01 -1.43926620e-01
    1.01377165e+00 8.12511563e-01 -1.44801095e-01 1.06426883e+00
    2.73666203e-01 6.36789858e-01 -6.53851867e-01 1.34701192e-01
    -3.57567400e-01 -7.58459032e-01 1.52964973e+00 1.67021608e+00
    8.48227262e-01 -4.70585525e-01 6.41147912e-01 1.13146591e+00
    -2.32620090e-01 7.53002405e-01 6.99988842e-01 1.15995395e+00
    1.66323161e+00 -7.62183964e-01 -2.69563496e-03 1.12438881e+00
    4.25004095e-01 6.67945147e-01 1.71871686e+00 1.40920258e+00
    8.81480575e-01 1.89700276e-01 1.25660157e+00 5.00947377e-03
    5.59636950e-03 1.17740560e+00 5.03673255e-01 7.43058026e-01
    1.35190785e-01 -1.91133276e-01 -7.13884473e-01 1.16355431e+00
    -7.52946258e-01 1.36139885e-01 1.74530613e+00 1.52526045e+00
    9.53903139e-01 6.58537805e-01 5.48646986e-01 1.44840765e+00
    1.31141758e+00 2.97918528e-01 7.86849678e-01 5.11543512e-01
    -3.47716242e-01 1.29420674e+00 1.50277865e+00 3.79387975e-01
    6.97995722e-01 9.28915322e-01 8.31374228e-01 -3.84170674e-02
    8.62405658e-01 1.20370317e+00 -2.65637547e-01 -6.46703541e-01
    -4.05990511e-01 -5.23832738e-01 3.42529893e-01 -5.76862574e-01
    7.74472237e-01 1.44309652e+00 1.51146472e+00 -4.01059687e-01
    9.48858261e-01 -1.64698109e-01 -1.68832749e-01 1.17680192e+00
    1.57063448e+00 1.58752227e+00 1.52175200e+00 8.59010518e-01
    1.64372906e-01 -3.68882477e-01 1.07656157e+00 1.04413235e+00
    5.44990122e-01 1.23575330e+00 1.23019360e-01 9.60781395e-01
    -1.39744490e-01 1.49267280e+00 -5.67042112e-01 4.69496340e-01
    9.08352792e-01 1.12345397e+00 1.39534557e+00 3.15752625e-01
    -5.10636508e-01 -7.60221601e-01 -1.07538261e-01 1.11519170e+00
    -2.93383032e-01 -5.59604168e-01 1.63615808e-01 4.73179907e-01
    1.39763629e+00 9.96005774e-01 1.35006452e+00 -6.65490806e-01
    1.37252355e+00 8.96676779e-01 -9.94729549e-02 3.13648105e-01
    -6.21317983e-01 1.35555816e+00 1.58510816e+00 9.25098956e-02
    2.15253994e-01 -2.25842804e-01 1.19516373e+00 1.56833971e+00
    5.34347594e-01 -1.83274262e-02 8.31387699e-01 1.27689254e+00
    1.73938513e+00 -5.21182239e-01 8.51208270e-02 1.30416858e+00
    3.12592804e-01 7.74162829e-01 1.24123490e+00 -4.79720712e-01
    1.23777592e+00 1.23366475e+00 -4.44924742e-01 1.13600910e+00
    -6.62567079e-01 -1.52567327e-01 1.09469557e+00 -3.81260842e-01
    4.35683429e-02 1.41064212e-01 1.28664494e+00 7.14169323e-01
    9.95241702e-01 -6.74705267e-01 4.13181752e-01 7.01626837e-01
    -4.20395106e-01 1.62583828e+00 -5.83140671e-01 5.33518016e-01
    -8.10624540e-01 8.72902691e-01 1.74774456e+00 2.85860859e-02
    -6.62800550e-01 9.49744880e-01 4.18847650e-01 -5.12790643e-02
    -2.77218729e-01 2.97845244e-01 1.06559122e+00 1.04437852e+00
    1.66704381e+00 5.66733360e-01 -2.25366298e-02 1.37034762e+00
    1.75289512e+00 1.64192617e+00 -5.72380543e-01 1.47980893e+00
    5.50562501e-01 -6.72828913e-01 -6.27794147e-01 -2.08036602e-03
    1.79104209e+00 4.82602149e-01 -2.09316373e-01 9.12022531e-01
    1.32364857e+00 -1.41566634e-01 1.36105910e-01 -6.94739103e-01
    1.21880822e-01 1.44600719e-01 2.72870451e-01 6.99164569e-01
    7.15688288e-01 -1.38217762e-01 -2.48140618e-01 7.70509064e-01
    1.24594867e+00 -6.08171284e-01 -5.14395535e-01 2.71267027e-01
    4.79229152e-01 6.01510525e-01 7.05279231e-01 4.18520093e-01
    1.16043293e+00 6.37229323e-01 -9.33116525e-02 -4.27186012e-01
    1.58922994e+00 -6.64638638e-01 1.49479592e+00 -3.88477355e-01
    2.22048506e-01 5.19231021e-01 9.33362171e-02 -2.89494127e-01
    -5.85297704e-01 -2.05118328e-01 8.78096640e-01 1.24681962e+00
    9.25906360e-01 -1.17581137e-01 1.56002593e+00 1.17488527e+00
    -6.76722825e-01 9.31074917e-01 1.22062278e+00 1.56089985e+00
    1.14504683e+00 -6.51068270e-01 1.02179670e+00 7.60636926e-01
    1.21971679e+00 -6.82465732e-01 9.66948330e-01 9.41475272e-01
    1.67726982e+00 1.72432876e+00 2.23738879e-01 1.38983810e+00
    1.14643164e-01 1.59555376e+00 5.95323563e-01 2.25034904e+00
    7.79649913e-01 -6.93906903e-01 1.01096153e+00 -3.80443603e-01
    5.33336163e-01 7.84451604e-01 -7.66506910e-01 1.39966512e+00
    -5.12431383e-01 1.19063067e+00 -2.38786146e-01 1.76981294e+00
    2.55627900e-01 -2.87331164e-01 6.77637398e-01 6.09921455e-01
    -3.78675073e-01 -1.37156099e-01 2.02166408e-01 9.28865612e-01
    -2.24780917e-01 -5.16744196e-01 -3.51774693e-02 1.44418406e+00
    6.24890506e-01 8.08758676e-01 -5.96852899e-01 2.21538812e-01
    7.22131133e-02 -5.33982515e-01 -1.70972988e-01 8.77066731e-01
    5.17541528e-01 1.09877551e+00 1.28084004e+00 -3.69055063e-01
    1.52559972e+00 1.49174285e+00 6.62460506e-01 -6.25008643e-01
    1.39867938e+00 -2.26668581e-01 -5.99336684e-01 -1.04713842e-01
    1.62217104e+00 1.20057893e+00 -4.57879931e-01 1.28631973e+00
    6.06951833e-01 -3.65172595e-01 1.57737538e-01 1.01005924e+00
    1.29089598e-02 -1.23661056e-01 8.56882393e-01 1.36800265e+00
    7.62887478e-01 8.65237474e-01 -4.69108045e-01 8.84298563e-01
    -4.05860007e-01 1.39438891e+00 7.45804310e-01 1.74174094e+00
    1.38278127e-01 -3.62846792e-01 -4.83098298e-01 -2.40910918e-01
    -3.55591357e-01 1.29425180e+00 2.30907798e-02 1.16744673e+00
    -4.99695316e-02 -2.18742162e-01 1.55650437e+00 -4.42832440e-01
    1.28457642e+00 -2.11061805e-01 1.31772137e+00 7.97661781e-01
    8.65275040e-02 -5.02336696e-02 -2.72729069e-01 4.04306233e-01
    -5.05458653e-01 7.29403555e-01 -7.38583207e-01 1.22588336e+00
    7.01889873e-01 4.61672843e-01 -1.63203701e-01 -2.76143491e-01
    1.39596808e+00 6.67961359e-01 -1.40705884e-01 1.51762497e+00
    1.05634892e+00 1.34501195e+00 4.62818772e-01 2.34597087e-01
    6.16587579e-01 1.28608644e+00 9.17993784e-01 -5.36765516e-01
    -5.55587113e-01 1.53327310e+00 1.18572104e+00 -5.83555102e-01
    -2.81301528e-01 1.18713665e+00 1.33458829e+00 9.53425542e-02
    1.53067255e+00 1.18601799e+00 8.08714151e-01 1.11853385e+00
    1.25571930e+00 1.08915560e-01 1.20257056e+00 -6.65148795e-01
    -6.96211398e-01 1.05565393e+00 2.21003428e-01 1.54987979e+00
    9.25624490e-01 1.12337120e-01 -2.31938928e-01 -2.81258285e-01
    1.70822144e+00 2.10793063e-01 1.00611246e+00 7.15965271e-01
    6.97124004e-01 1.06308520e+00 5.01628995e-01 8.85513902e-01
    -1.37984946e-01 -6.27241552e-01 -6.86646998e-02 -4.94793147e-01
    1.07556514e-01 6.34688079e-01 1.05913496e+00 1.10926688e-01
    1.63265502e+00 1.08506513e+00 -4.66149062e-01 -3.22105139e-01
    9.27701294e-01 1.57928717e+00 8.47219765e-01 -6.27769455e-02
    7.91264921e-02 1.71233749e+00 1.00288284e+00 4.46750641e-01
    1.44549274e+00 9.00364935e-01 5.39531469e-01 1.76242948e+00
    5.76042891e-01 1.57598829e+00 -2.71506727e-01 1.39612114e+00
    -2.54960775e-01 1.31709266e+00 4.23287421e-01 -2.04358295e-01
    2.14707091e-01 1.84231669e-01 -5.05755842e-01 9.17218208e-01
    1.05814648e+00 6.61279321e-01 1.49088192e+00 7.97074676e-01
    3.15010190e-01 3.72538269e-01 1.56100094e-01 1.97159424e-01
    -1.30398750e-01 1.32705641e+00 2.14592576e-01 1.16573012e+00
    3.82306278e-01 1.45005512e+00 -5.62355340e-01 1.40348703e-01
    1.56865644e+00 1.89629450e-01 2.43730217e-01 7.43713856e-01
    -5.99828422e-01 1.31607723e+00 1.60926807e+00 6.81239545e-01
    -2.80671448e-01 4.61691916e-01 1.22211754e+00 1.10153353e+00
    1.22432590e+00 8.51913869e-01 2.40402110e-02 4.31823701e-01
    -4.80432361e-02 1.30162334e+00 1.64444935e+00 -7.74593234e-01
    1.59396970e+00 -1.55121073e-01 1.02625740e+00 1.36054695e+00
    4.89316761e-01 -1.90832242e-01 1.05438137e+00 1.10035270e-01
    -3.04298639e-01 -6.84338748e-01 1.38273799e+00 -4.01184976e-01
    -7.86849782e-02 -4.58474904e-01 1.42635787e+00 1.51733673e+00
    3.40350777e-01 1.06288385e+00 3.96624655e-01 1.30351081e-01
    1.93944782e-01 3.33685242e-02 1.72258332e-01 -3.66935939e-01
    1.12653840e+00 1.67804384e+00 -2.87415922e-01 -3.48344773e-01
    4.84558642e-01 1.03917134e+00 -7.82919705e-01 9.06284332e-01
    8.79336417e-01 2.83924758e-01 1.15237653e+00 -3.54626626e-01
    1.13166749e+00 3.38385940e-01 8.35467517e-01 1.32284856e+00
    5.13611555e-01 5.50476015e-01 1.75261706e-01 1.57204056e+00
    4.99931127e-01 5.59214115e-01 1.66939473e+00 9.44947720e-01
    1.00029099e+00 1.08746243e+00 -7.12919295e-01 1.74196196e+00
    1.41984916e+00 -4.17275071e-01 3.76883268e-01 -2.00898927e-02
    8.34859684e-02 1.65176296e+00 7.20354080e-01 -4.74487007e-01
    5.28144501e-02 7.83966839e-01 2.88875639e-01 7.56507292e-02
    6.84110820e-01 -1.04641225e-02 1.53486657e+00 1.12993395e+00
    6.95372701e-01 -4.28678632e-01 1.43737033e-01 1.23976052e+00
    1.24678576e+00 1.46877301e+00 -1.11496530e-01 1.26915228e+00
    2.48583555e-01 -2.02740654e-01 -6.62534475e-01 1.95583239e-01
    1.35625824e-01 1.02919376e+00 1.75233006e-01 1.53587699e+00
    -2.81391323e-01 1.08072853e+00 1.53524840e+00 1.36858356e+00
    -7.31080055e-01 1.68869460e+00 -3.27181607e-01 1.57812631e+00
    3.67494076e-01 -3.60584885e-01 1.04497470e-01 -4.29128081e-01
    4.40020591e-01 1.57463264e+00 -4.96293992e-01 -2.69389510e-01
    -3.56466055e-01 1.25796616e+00 1.45287704e+00 -4.92401212e-01
    8.76644015e-01 7.42955744e-01 1.05464745e+00 -7.67561972e-01
    1.80643529e-01 6.74205422e-01 1.20561886e+00 6.75673708e-02
    7.66861618e-01 1.05506051e+00 9.14227605e-01 7.76437700e-01
    1.12620997e+00 -5.01615942e-01 9.75560427e-01 9.90955532e-01
    1.10670686e+00 1.47994494e+00 3.77351552e-01 8.73999596e-02
    1.59060359e+00 4.63461354e-02 1.73995399e+00 1.30609477e+00
    -4.46285695e-01 7.02826440e-01 4.47459728e-01 1.57285583e+00
    -4.27149922e-01 4.98964459e-01 1.04510391e+00 8.11398447e-01
    1.75341770e-01 3.44142407e-01 1.34519279e+00 6.72521651e-01
    -1.74967438e-01 1.14792192e+00 9.72196400e-01 1.09343910e+00
    1.11281371e+00 1.62518561e+00 -2.92626292e-01 1.29013729e+00
    -6.10085368e-01 4.65958625e-01 1.50412214e+00 -2.55870193e-01
    3.75516772e-01 2.38002334e-02 1.19206274e+00 7.19596922e-01
    -6.30993903e-01 -6.29649237e-02 -2.54963875e-01 1.02417648e+00
    3.18003327e-01 -3.76975209e-01 1.40131497e+00 1.05433261e+00
    1.58627427e+00 1.35481238e+00 -6.00789011e-01 3.73411149e-01
    1.58053786e-01 1.38134405e-01 -4.07757610e-02 1.59645712e+00
    -2.50516236e-01 1.14761069e-01 1.43015444e+00 1.24731094e-01
    1.46468568e+00 3.31004024e-01 1.53333592e+00 1.47083557e+00
    -5.37300408e-01 -5.42130709e-01 -3.08186561e-01 8.63348901e-01
    -3.39934856e-01 1.39338529e+00 6.63971722e-01 4.10111934e-01
    1.48977852e+00 -3.21839675e-02 1.14516747e+00 -2.47643396e-01
    2.22832993e-01 1.63146734e+00 -9.88030457e-04 1.36563253e+00
    -5.56823909e-01 6.82611227e-01 1.56318700e+00 -2.52080500e-01
    3.17343652e-01 1.14941046e-01 9.22911525e-01 9.62443948e-01
    1.14580369e+00 -2.87824273e-01 2.90138185e-01 1.96676806e-01
    1.60670877e-01 1.74310875e+00 1.57532811e+00 1.53810418e+00
    -1.58916995e-01 1.80364788e+00 4.33675081e-01 2.95066386e-01
    1.36278450e+00 1.62009442e+00 9.37743425e-01 -5.73681056e-01
    -7.13314891e-01 -5.69449961e-01 1.71575531e-01 6.23746336e-01
    -2.19561577e-01 1.01596379e+00 1.29840136e+00 1.01891446e+00
    -5.44078469e-01 3.25649418e-02 2.76359916e-01 4.02978778e-01
    9.62522447e-01 8.51788938e-01 6.62994742e-01 -8.43532234e-02
    1.69138908e+00 9.84984100e-01 1.50691795e+00 -2.03811198e-01
    1.68840337e+00 -2.53636867e-01 3.39121133e-01 -5.92913508e-01
    -5.36886990e-01 2.34346017e-01 7.90601037e-03 5.75045526e-01
    1.04975772e+00 1.59140933e+00 2.41911918e-01 1.48718774e+00
    1.18635595e+00 1.16723502e+00 7.98340201e-01 1.64317513e+00
    -1.69495061e-01 3.06328326e-01 2.66486913e-01 -5.32235503e-02
    3.99205804e-01 4.20073539e-01 1.56247354e+00 1.35661960e+00
    6.79189146e-01 -6.35171771e-01 -4.52911854e-01 1.35630518e-01
    3.99179518e-01 1.58952665e+00 4.11240667e-01 1.07774651e+00
    5.48521221e-01 2.81490721e-02 -7.44112790e-01 8.74841809e-01
    -4.45454627e-01 1.29779994e+00 1.73117489e-01 2.84884542e-01
    9.95424628e-01 8.55665624e-01 -5.11585593e-01 -3.29587251e-01
    7.82544315e-01 1.71360731e+00 1.25636780e+00 3.70652974e-01
    -3.66445899e-01 -4.00034636e-01 1.45182812e+00 3.54175299e-01
    1.29267061e+00 1.50980043e+00 -3.68518054e-01 -6.51796818e-01
    4.04536754e-01 8.15368772e-01 4.96472359e-01 1.09518492e+00
    -7.24210560e-01 3.80264819e-01 -4.88407850e-01 9.21041250e-01
    9.02875960e-01 -2.57866532e-01 8.46572876e-01 4.93151337e-01
    4.57482100e-01 6.13308311e-01 -1.01221800e-01 1.17597902e+00
    1.53390598e+00 1.52553332e+00 6.30940199e-01 1.14882338e+00
    1.37115169e+00 -3.68769616e-01 2.78517723e-01 -4.36991304e-01
    5.45279026e-01 1.15226722e+00 1.22545254e+00 7.16777444e-01
    1.31258357e+00 1.29035139e+00 4.63297181e-02 9.80459273e-01
    2.68300563e-01 1.23132539e+00 9.23285544e-01 9.83360171e-01
    1.59490871e+00 3.29951137e-01 1.32595360e-01 1.55078185e+00
    5.82791194e-02 3.70274544e-01 1.09572923e+00 1.22754252e+00
    1.07288861e+00 -8.96182775e-01 -7.82455802e-01 1.86283484e-01
    8.91593099e-01 -2.50159860e-01 7.96821356e-01 1.38492811e+00
    -2.63252072e-02 1.15470397e+00 -5.46430111e-01 -5.62822402e-01
    1.19235635e+00 1.55384326e+00 -7.13276863e-01 1.79118264e+00
    7.05112636e-01 -1.95452750e-01 2.92017221e-01 1.63529301e+00
    -2.25094482e-01 1.25359321e+00 1.27676570e+00 -6.74837232e-02
    1.00814641e+00 -6.47537410e-01 1.42225337e+00 1.07087994e+00
    2.39384085e-01 1.47270739e+00 -3.80950660e-01 7.90064275e-01
    -5.87065279e-01 1.61853755e+00 -4.55938518e-01 8.79481062e-02
    -2.48297170e-01 1.10512984e+00 -3.02729487e-01 -3.15354794e-01
    2.00806320e-01 6.64896250e-01 1.01102519e+00 7.95030892e-01
    8.71253490e-01 1.58546460e+00 1.07943535e+00 7.14227319e-01
    9.69514847e-01 -7.05957532e-01 1.50025928e+00 1.28507161e+00
    1.11995542e+00 -7.09528983e-01 6.78482056e-01 7.39290237e-01
    7.29110003e-01 2.18109056e-01 5.08051693e-01 -7.70089328e-02
    -3.59352171e-01 1.61196542e+00 -7.04251409e-01 1.26500234e-01
    1.52122760e+00 1.04910767e+00 8.99328664e-02 1.31896687e+00
    1.49436796e+00 3.41977447e-01 2.30300546e-01 2.81717390e-01
    1.62161207e+00 1.53178543e-01 1.67755687e+00 9.75922585e-01
    1.41140968e-01 -1.20192803e-01 3.97204190e-01 1.65360677e+00
    3.65487337e-01 -1.83822945e-01 -2.76446640e-01 2.20652997e-01
    9.24760640e-01 8.66255581e-01 4.32781577e-01 1.64852369e+00
    8.82856190e-01 1.55793619e+00 1.64034873e-01 -2.97342956e-01
    -2.25503951e-01 -7.53649712e-01 1.74393988e+00 5.54540753e-01
    1.70204461e+00 7.24335015e-01 3.84588018e-02 -5.18557131e-01
    8.34664941e-01 -1.91911772e-01 1.18367124e+00 8.28465998e-01
    -2.98782617e-01 4.73195240e-02 1.57455063e+00 -9.11826789e-02
    9.63362515e-01 1.96376905e-01 1.35428727e-01 1.24177027e+00
    -7.14493990e-01 1.51672840e+00 -6.35323584e-01 -6.32972419e-01
    9.76056218e-01 -5.53533852e-01 3.15359652e-01 -7.08191097e-01
    -7.01522946e-01 3.09732370e-02 1.28883421e+00 1.52438235e+00
    -2.43067667e-01 2.72125527e-02 -1.09312735e-01 8.30020964e-01
    -3.82744558e-02 -2.27641597e-01 1.42432058e+00 7.38850415e-01
    5.56976259e-01 1.67108208e-01 -6.14084601e-01 1.82407355e+00
    1.17155421e+00 1.06614375e+00 5.70004344e-01 1.11476195e+00
    3.02285522e-01 -5.61670244e-01 7.93548107e-01 -3.57222915e-01
    6.63527787e-01 -2.43409336e-01 9.41448152e-01 -1.16863646e-01
    8.07174146e-01 6.81325436e-01 5.74248314e-01 -3.62911195e-01
    4.27585334e-01 1.53479624e+00 1.67999434e+00 -3.73941243e-01
    5.14807343e-01 9.50433910e-01 -1.31114721e-01 4.27831620e-01
    -2.67999480e-03 -3.03065032e-01 5.26229918e-01 1.85411736e-01
    -2.22402468e-01 1.56938994e+00 1.04898012e+00 1.23477542e+00
    -4.48861986e-01 5.55420935e-01 1.53441751e+00 2.43732929e-01
    -6.39388084e-01 5.83891213e-01 5.46451151e-01 4.98591095e-01
    -5.01384199e-01 4.87384886e-01 1.66996092e-01 -4.41855758e-01
    1.26177192e-01 1.59392822e+00 3.16554785e-01 1.71973562e+00
    7.73239553e-01 1.62539864e+00 7.68789113e-01 1.44036555e+00
    -5.23640096e-01 7.55959690e-01 -1.60100549e-01 7.28233680e-02
    1.01582062e+00 1.14537168e+00 8.36287379e-01 -5.25714099e-01
    -6.15075290e-01 1.50510085e+00 1.42934787e+00 1.25763923e-01
    1.30911052e+00 7.32544005e-01 -6.85982049e-01 1.64317143e+00
    1.28742933e+00 -5.22210561e-02 8.76675725e-01 1.30484462e+00
    5.19868672e-01 -1.92495063e-01 -1.75640404e-01 -2.02608168e-01
    -2.26107359e-01 -4.18726355e-01 -7.98124194e-01 2.49165669e-01
    6.19532347e-01 3.79166752e-01 -6.10914707e-01 7.05476046e-01
    1.55093205e+00 1.63035071e+00 -2.43870452e-01 -1.25471558e-02
    5.10973513e-01 9.37522829e-01 1.26732814e+00 4.29706544e-01
    7.08809078e-01 8.17780316e-01 -3.75219256e-01 1.26651478e+00
    1.21600366e+00 7.21098334e-02 1.67489016e+00 7.10150361e-01
    -9.35417488e-02 -1.74606398e-01 -1.06384344e-01 9.40714777e-01
    3.04129660e-01 1.00599602e-01 1.62097126e-01 3.70275199e-01
    -2.85228521e-01 -5.73982358e-01 -3.16974074e-01 -7.62055933e-01
    8.21326196e-01 9.19824898e-01 -4.66589987e-01 -7.24637628e-01
    1.06863034e+00 6.46726072e-01 1.35704947e+00 1.16702104e+00
    -8.80828261e-01 1.14633846e+00 1.64695418e+00 8.98904502e-01
    4.78159130e-01 3.04648429e-01 9.26462233e-01 6.15917444e-01
    -6.77873552e-01 9.04551566e-01 -5.36160953e-02 1.49079955e+00
    4.17901486e-01 1.17307103e+00 5.22405148e-01 -5.42830050e-01
    1.49662033e-01 1.13907754e+00 1.04816079e+00 1.32265806e+00
    2.15718761e-01 2.88392574e-01 2.86591947e-01 -6.01619899e-01
    1.50417417e-01 3.98818225e-01 1.38861656e+00 1.72774985e-01
    -1.24695115e-01 5.46188951e-01 -5.82512736e-01 1.52252555e+00
    9.60572660e-01 4.36910778e-01 -4.76980627e-01 1.16229355e+00
    2.46943742e-01 -6.40101969e-01 1.56259000e+00 -3.92442137e-01
    -7.58107424e-01 7.49836802e-01 -1.26071870e-01 1.19751644e+00
    1.42629397e+00 1.15950274e+00 -2.85437346e-01 1.71337736e+00
    -4.60948408e-01 3.75277191e-01 1.04038954e+00 6.03353500e-01
    1.32245731e+00 1.37661576e+00 -7.18990982e-01 1.05823922e+00
    -2.18732320e-02 3.32976103e-01 1.23821914e+00 -6.75852656e-01
    -4.38461781e-01 1.12503850e+00 3.93694848e-01 2.34735861e-01
    -1.47779018e-01 1.10434330e+00 1.42117068e-01 -1.08179517e-01
    4.83039431e-02 9.76687431e-01 -4.82778043e-01 9.79104817e-01
    -1.65608719e-01 1.36130500e+00 -2.93434292e-01 1.19166279e+00
    -7.07752347e-01 -1.48462817e-01 1.33348227e-01 8.98884892e-01
    2.89853942e-02 1.73344350e+00 5.06911635e-01 -1.86534286e-01
    1.11813486e+00 1.56652248e+00 1.66191328e+00 3.79713356e-01
    -1.59504354e-01 1.53240561e+00 8.95626843e-02 8.28961879e-02
    -1.55418143e-01 7.65290141e-01 1.59670973e+00 -1.07151866e-02
    1.36836672e+00 -2.87768990e-02 1.13547182e+00 1.10254157e+00
    1.00347543e+00 -3.83503199e-01 1.48100173e+00 1.70558786e+00
    -4.68635291e-01 -3.63289788e-02 3.77069600e-02 9.05079603e-01
    1.04611731e+00 1.00111997e+00 1.71532071e+00 -6.20678723e-01
    -4.39286232e-01 1.31640255e+00 6.52834535e-01 -3.16889316e-01
    1.05800807e+00 1.14403319e+00 1.26050007e+00 -6.31674826e-01
    1.63700485e+00 -6.49491310e-01 1.36037433e+00 -6.86984181e-01
    4.47188690e-02 -3.07599485e-01 -5.68273425e-01 1.30781627e+00
    7.89061010e-01 1.33925438e+00 3.50499064e-01 -1.35785388e-02
    3.89119625e-01 1.06263638e+00 7.46257186e-01 -5.53306222e-01
    -2.04060283e-02 4.58887488e-01 -4.70910788e-01 1.53612816e+00
    1.74920487e+00 3.38082552e-01 1.50579154e-01 -5.78141034e-01
    1.74252048e-01 8.32134306e-01 -3.93993467e-01 7.72996619e-02
    -6.04514718e-01 3.05930346e-01 -3.55987936e-01 -5.05109370e-01
    4.66579497e-02 1.09483957e+00 1.75337195e+00 -1.93586722e-01
    5.20195030e-02 -6.00187361e-01 9.05851066e-01 7.69851267e-01
    1.26441216e+00 1.70840096e+00 7.78028905e-01 -2.82503515e-01
    -5.49679339e-01 1.38910979e-01 1.10606587e+00 -4.22053069e-01
    8.35442603e-01 8.16387296e-01 -4.03227538e-01 3.94625694e-01
    3.79388958e-01 1.90608934e-01 -5.49938023e-01 -2.93129414e-01
    6.89086616e-01 1.27858067e+00 1.58088851e+00 6.56392753e-01
    -1.63037851e-01 5.21839559e-01 1.76657104e+00 1.38534963e+00
    -3.76033872e-01 1.08015396e-01 1.18707669e+00 -7.42527068e-01
    6.44628465e-01 7.96541393e-01 1.26454973e+00 -3.51016223e-01
    1.27495146e+00 8.70971978e-01 -5.06930530e-01 -1.21613018e-01
    -1.84524491e-01 4.52050328e-01 7.07382500e-01 1.34354842e+00
    1.47434366e+00 -1.67768039e-02 8.13431799e-01 9.47592914e-01
    4.36574519e-01 1.27533937e+00 1.59574986e+00 3.91144156e-01
    1.37446964e+00 1.58175230e+00 1.28262758e-01 -4.78012621e-01
    1.75884455e-01 1.63777149e+00 1.77626416e-01 1.01431894e+00
    -7.83014536e-01 1.21943116e+00 -1.76553786e-01 1.84060919e+00
    -5.88422954e-01 1.33535469e+00 9.45610046e-01 -5.44561259e-02
    5.45408785e-01 3.25137526e-01 -5.21557271e-01 -4.83706176e-01
    1.24020420e-01 5.46810508e-01 1.27718079e+00 1.74576354e+00
    -4.18443352e-01 -5.78788400e-01 6.74155891e-01 7.91687250e-01
    5.68148315e-01 1.04209745e+00 5.09177089e-01 1.20804036e+00
    4.63487506e-01 1.04953659e+00 4.61006224e-01 -6.52335465e-01
    2.75322407e-01 7.93119431e-01 1.21150720e+00 1.48175764e+00
    8.77110898e-01 6.26268029e-01 5.90635657e-01 -4.62738544e-01
    -1.37561888e-01 1.75245070e+00 8.24612379e-01 -5.37803590e-01
    1.64613235e+00 8.22036505e-01 2.63540596e-01 1.08265609e-01
    3.99220109e-01 1.13650310e+00 5.55298105e-02 9.80547547e-01
    1.13741028e+00 -2.95851827e-01 1.56377697e+00 1.10886550e+00
    8.15976620e-01 5.41187584e-01 -2.06623487e-02 1.01698056e-01
    9.60643351e-01 2.51991570e-01 4.32466447e-01 8.86511743e-01
    1.16709590e+00 1.03049719e+00 1.46906421e-01 6.69814587e-01
    7.40858853e-01 1.14641809e+00 1.34704375e+00 -6.73820794e-01
    4.99993801e-01 2.06792086e-01 1.69801307e+00 9.83997881e-01
    5.59810102e-01 5.40711522e-01 1.58075976e+00 -2.36422434e-01
    1.04277337e+00 1.70139813e+00 8.15220118e-01 -7.90560186e-01
    1.15509236e+00 9.89374399e-01 9.86912191e-01 -8.60546589e-01
    -9.22844172e-01 9.41948779e-03 1.25930035e+00 -7.61156604e-02
    6.43138111e-01 -1.03467561e-01 -4.30550098e-01 2.22530499e-01
    1.06312227e+00 -1.11689538e-01 3.59840244e-01 1.40803385e+00
    3.06783766e-01 7.55605936e-01 1.39761996e+00 7.70787954e-01
    -4.94994938e-01 -5.83059072e-01 1.74665296e+00 6.46848455e-02
    -6.04363084e-01 1.19219708e+00 6.46348596e-01 8.08128417e-01
    9.36094642e-01 -6.42658651e-01 -2.73308128e-01 5.39357923e-02
    1.63402736e+00 -6.59042478e-01 -6.05292857e-01 -5.16423047e-01
    1.66142750e+00 7.58222401e-01 -7.00122535e-01 -7.07617626e-02
    -7.15771079e-01 5.44420362e-01 1.48213780e+00 7.74652481e-01
    5.34346104e-01 -4.93660197e-02 2.11112067e-01 6.39294863e-01
    1.51584768e+00 -3.32728028e-01 -3.20295244e-01 1.78138614e+00
    6.19037449e-01 4.36569229e-02 1.45283625e-01 3.47308397e-01
    1.03606451e+00 -4.17674720e-01 2.55607426e-01 2.53738880e-01
    -4.85911608e-01 -7.59784400e-01 1.28351831e+00 -6.25508666e-01
    -4.52755034e-01 1.35358727e+00 1.35604795e-02 5.90608180e-01
    -4.82393354e-01 4.50083286e-01 1.55388367e+00 -4.29899484e-01
    6.43708706e-01 8.53204429e-01 1.21758962e+00 -1.66240633e-01
    9.85892713e-01 5.35706997e-01 1.76182246e+00 -1.39376789e-01
    -3.34976643e-01 1.30992636e-01 -1.73877776e-01 1.43293428e+00
    5.14449894e-01 7.00636685e-01 1.33426535e+00 -3.41297477e-01
    -6.44704521e-01 -6.79063022e-01 7.32469022e-01 -5.39542437e-01
    -2.16062233e-01 9.79246616e-01 2.50615805e-01 1.61282694e+00
    1.13253415e+00 -7.12313235e-01 2.02603582e-02 -3.10811967e-01
    -5.69399595e-01 9.24787104e-01 1.18323255e+00 1.68509316e+00
    7.65066803e-01 1.09213758e+00 -4.81862307e-01 1.06419873e+00
    1.80365372e+00 -4.77079868e-01 1.62898457e+00 -5.71780205e-01
    1.29280460e+00 1.09194517e+00 5.32063127e-01 6.27103224e-02
    -4.45218027e-01 1.39355557e-02 1.33337319e+00 -3.96393746e-01
    1.16787422e+00 -4.08251941e-01 -1.22179449e-01 -3.21843743e-01
    9.16748822e-01 1.44165009e-01 1.31789184e+00 2.85875171e-01
    1.29890645e+00 5.19997060e-01 3.00802648e-01 5.50866306e-01
    -1.97500363e-02 3.33017379e-01 1.04150844e+00 1.66965947e-01
    3.36385220e-02 -7.68365562e-02 2.23653987e-01 7.31126443e-02
    5.42519838e-02 1.77046382e+00 7.62399912e-01 1.03243482e+00
    -7.33150244e-01 1.36895514e+00 1.77956951e+00 5.73062539e-01
    -4.00003225e-01 1.40932989e+00 1.21433902e+00 1.27453125e+00
    1.20109320e+00 1.56909847e+00 5.33237383e-02 1.54851627e+00
    1.08751953e+00 9.11644042e-01 4.00353521e-01 1.65738261e+00
    6.45870268e-01 -4.46989983e-01 -5.45033813e-01 -3.66975754e-01
    -1.13743946e-01 7.38274395e-01 -6.50314808e-01 -4.67465013e-01
    -6.94692492e-01 9.42438304e-01 2.48667315e-01 3.62600893e-01
    1.75656962e+00 2.31246293e-01 9.99315143e-01 1.74157965e+00
    -6.99646592e-01 1.54081428e+00 2.75787408e-03 1.46591437e+00
    1.63173270e+00 1.66948962e+00 2.90550768e-01 -5.61189353e-01
    1.53285518e-01 2.08865911e-01 -6.17019534e-01 -6.84271157e-01
    -3.68653148e-01 4.18927819e-01 -5.98731577e-01 4.18632001e-01
    -5.60612261e-01 1.53903174e+00 6.05634153e-01 7.87465572e-01
    1.32134533e+00 -5.45239687e-01 1.22837651e+00 3.85094196e-01
    2.08171278e-01 9.98372197e-01 -1.31905720e-01 1.15757145e-01
    -3.99171054e-01 2.78117031e-01 1.24190962e+00 2.60965794e-01
    1.26415181e+00 1.27158260e+00 1.36165798e+00 -4.81727988e-01
    -4.12990570e-01 4.73111153e-01 2.69948035e-01 4.87185001e-01
    1.35687733e+00 -2.47538418e-01 1.40755200e+00 1.36844897e+00
    5.52130342e-01 1.78053781e-01 -1.61451116e-01 1.34139687e-01
    3.07677388e-01 1.07240939e+00 7.32915938e-01 7.60741904e-02
    3.15724015e-01 -3.44355941e-01 1.06485248e+00 1.46572545e-01
    1.19123423e+00 7.65090406e-01 1.55460238e+00 -3.49613994e-01
    3.62701178e-01 1.01453876e+00 7.07441509e-01 -3.63892436e-01
    1.19739068e+00 2.06614837e-01 7.31722951e-01 -3.27222466e-01
    8.72216046e-01 6.12041116e-01 1.25709689e+00 7.19537914e-01
    1.02379426e-01 -6.51351988e-01 1.66561186e+00 1.62389290e+00
    -7.26671875e-01 -5.42778254e-01 1.45420146e+00 2.84397542e-01
    2.51026869e-01 -2.29057409e-02 3.65791023e-01 1.54645848e+00
    -5.23878694e-01 6.67726219e-01 1.59870768e+00 1.43402457e+00
    -7.27769554e-01 1.23610355e-01 -1.22695155e-01 1.52915955e+00
    -4.49799091e-01 1.26120520e+00 2.58263320e-01 -4.99405682e-01
    1.33513498e+00 8.31615448e-01 1.62408960e+00 1.72816530e-01
    6.48537338e-01 8.43292177e-01 -3.66238743e-01 1.99557662e-01
    1.45237446e+00 1.35327840e+00 9.81939137e-01 -2.74459600e-01
    8.52768958e-01 1.19096480e-01 -4.19590622e-01 -3.29950392e-01
    8.31492916e-02 1.57652807e+00 -4.89275664e-01 2.23784283e-01
    1.41912174e+00 -7.19905555e-01 1.40064979e+00 2.89390117e-01
    1.55662060e+00 -2.69091129e-01 -2.15554148e-01 2.65115440e-01
    4.60072942e-02 -6.86136961e-01 2.31940940e-01 1.36750495e+00
    7.74853945e-01 -7.05289304e-01 -5.91971815e-01 1.44853783e+00
    -1.50250033e-01 1.30675054e+00 1.10206509e+00 -1.41003415e-01
    -6.47095561e-01 -3.87799352e-01 1.30131173e+00 9.63178515e-01
    3.25320721e-01 -5.23047507e-01 -5.82776546e-01 1.58164644e+00
    -5.37772536e-01 3.14851195e-01 1.34707224e+00 1.28181088e+00
    3.52440864e-01 1.08850622e+00 -4.81290847e-01 1.52153265e+00
    8.61194074e-01 -1.94205008e-02 -5.66126168e-01 1.24610198e+00
    1.63598824e+00 -2.12200567e-01 1.18014193e+00 8.11652184e-01
    7.89606690e-01 -6.02646887e-01 1.15238762e+00 2.02986121e-01
    1.27743447e+00 -1.79327726e-02 8.67544830e-01 1.36784887e+00
    1.39632595e+00 -7.01770723e-01 1.07708323e+00 1.47502732e+00
    4.17692602e-01 -5.35875440e-01 1.57337260e+00 5.69595337e-01
    9.51830149e-01 -8.41966830e-03 4.34171647e-01 9.27347302e-01
    -3.60686392e-01 3.93776357e-01 1.46755350e+00 7.08501577e-01
    1.63560820e+00 1.50814033e+00 5.47826231e-01 1.34652722e+00
    -4.69841778e-01 1.93542302e-01 -5.61238965e-03 7.51946509e-01
    9.70769152e-02 4.83278155e-01 5.14952898e-01 4.90820438e-01
    -3.47156197e-01 2.20183171e-02 1.17712939e+00 2.32987687e-01
    1.17043447e+00 1.22569013e+00 1.19109416e+00 7.07396865e-01
    2.24539816e-01 3.53844255e-01 1.46626711e+00 1.29498637e+00
    9.57462907e-01 2.04977185e-01 1.72562885e+00 5.54350197e-01
    -1.64464802e-01 2.09469557e-01 -1.11344062e-01 -3.19891781e-01
    -9.00509953e-02 -3.95857766e-02 -2.79326946e-01 1.33336389e+00
    -7.02709928e-02 -3.42976749e-01 7.99879253e-01 5.69311261e-01
    -6.80565715e-01 4.64956284e-01 1.38697535e-01 8.70910823e-01
    8.79865885e-01 -7.51543283e-01 -4.93504405e-02 -4.81631160e-02
    8.26562569e-02 -4.24913108e-01 1.71185315e+00 3.27584386e-01
    -3.19314331e-01 7.49600410e-01 -6.01821482e-01 8.52846920e-01
    1.94586098e-01 -6.13887727e-01 1.02114511e+00 -3.25051963e-01
    7.25058198e-01 1.40829682e+00 3.45168769e-01 -6.83648229e-01
    9.41308379e-01 -5.51987052e-01 8.62022400e-01 -5.27401686e-01
    -4.88336027e-01 1.46709788e+00 9.64814872e-02 1.74033856e+00
    1.31997907e+00 1.41161704e+00 -6.21320307e-02 2.03688219e-01
    -5.35026252e-01 -2.74267137e-01 9.84599411e-01 9.48178589e-01
    4.22426045e-01 1.67581022e-01 1.66380203e+00 -1.95514083e-01
    1.24265289e+00 -3.61428648e-01 1.80634648e-01 -6.54860377e-01
    6.94861650e-01 -4.80240107e-01 4.08135295e-01 7.89153874e-02
    -6.60060644e-01 1.35466337e+00 3.71079147e-01 1.47456437e-01
    9.45202768e-01 9.44188833e-01 -3.04368764e-01 1.56696820e+00
    -7.51189739e-02 1.06019092e+00 1.55965018e+00 1.12014604e+00
    3.75719219e-01 1.54805899e+00 4.37650442e-01 -1.60695225e-01
    1.67999721e+00 1.71957159e+00 1.13829732e+00 -6.61038339e-01
    -1.02085203e-01 3.00068200e-01 7.16553807e-01 5.94360352e-01
    -6.07825220e-01 5.57132423e-01 7.74566650e-01 -6.79882646e-01
    -5.00729442e-01 1.32351506e+00 5.30015647e-01 1.64967418e+00
    1.05067110e+00 5.66086948e-01 -4.32761610e-01 1.17868865e+00
    -6.57111049e-01 -2.93935649e-02 -4.82135087e-01 4.78100836e-01
    -1.33885220e-01 3.46506760e-02 4.79005814e-01 1.56489980e+00
    2.96346843e-01 8.64912748e-01 -5.80276370e-01 8.79574418e-01
    4.28451687e-01 8.94479632e-01 4.41601455e-01 4.01385039e-01
    9.30709481e-01 1.34114897e+00 6.26259089e-01 6.57216847e-01
    1.54531276e+00 -6.93524778e-01 1.63585830e+00 1.61343467e+00
    -4.58381213e-02 1.03010440e+00 1.49715316e+00 9.66186821e-01
    3.58843088e-01 5.78102749e-03 1.11624241e+00 1.16366363e+00
    1.52365577e+00 -6.35213852e-01 1.38828182e+00 -6.48219168e-01
    7.45210350e-01 -2.77178675e-01 1.08298039e+00 -1.26654431e-01
    1.30605924e+00 -5.08033097e-01 1.12528062e+00 1.25246668e+00
    -5.66282868e-01 1.59300476e-01 2.68872648e-01 -6.55181170e-01
    -4.08411384e-01 1.71550727e+00 2.63351619e-01 5.91418929e-02
    -3.24575186e-01 1.69699907e+00 1.39351690e+00 1.16738558e+00
    -6.37694657e-01 3.99607539e-01 1.67639232e+00 7.19360232e-01
    3.61372948e-01 1.79111886e+00 -6.92468226e-01 1.54794121e+00
    3.81922632e-01 1.69505644e+00 1.51797211e+00 1.08449655e-02
    1.32251000e+00 1.62312202e-02 6.46699443e-02 8.43789101e-01
    2.08512723e-01 -1.50279745e-01 5.74522436e-01 -3.81118923e-01
    1.59683990e+00 3.78303051e-01 7.05031306e-02 1.59233534e+00
    1.60145104e+00 5.28521359e-01 -7.14592457e-01 1.62716091e+00
    1.26988757e+00 1.24622381e+00 5.65633595e-01 1.58349609e+00
    5.13912320e-01 1.12269616e+00 8.14965129e-01 -3.66685867e-01
    7.60409892e-01 5.55668056e-01 4.37400639e-01 -5.70095241e-01
    -1.71622112e-01 1.13715935e+00 1.49327636e+00 -3.30634326e-01
    1.16070175e+00 1.75065708e+00 -1.36796385e-01 -7.08098531e-01
    -3.78458411e-01 3.03576868e-02 6.42669141e-01 -5.21669209e-01
    2.12300867e-01 1.35355628e+00 1.24712920e+00 1.28524423e-01
    1.30201828e+00 5.47629714e-01 3.38228106e-01 6.32024467e-01
    -3.86935860e-01 1.24308810e-01 2.75488764e-01 1.00009464e-01
    1.61243999e+00 5.64000547e-01 2.88285017e-01 4.74658549e-01
    1.03868639e+00 1.11906743e+00 5.24901450e-01 6.30194023e-02
    3.27876002e-01 1.22150600e+00 1.59652615e+00 7.08120942e-01
    5.48981071e-01 5.88577807e-01 -3.00537586e-01 4.56749022e-01
    3.04922322e-03 9.38172519e-01 1.68287590e-01 1.59527802e+00
    4.57542241e-01 -1.67682111e-01 1.23308992e+00 1.19858539e+00
    -2.79353291e-01 9.68979955e-01 1.65647769e+00 1.75126779e+00
    -1.22675724e-01 1.25261620e-01 1.70859480e+00 -4.36805151e-02
    1.12540114e+00 1.61482143e+00 5.33910453e-01 -5.26567936e-01
    1.02326207e-01 2.03134596e-01 3.27192008e-01 1.18592596e+00
    1.39029539e+00 9.98920143e-01 -3.95207778e-02 -6.08541191e-01
    -4.27710384e-01 -6.63926959e-01 -2.77323723e-01 -6.97885036e-01
    1.17007363e+00 -1.88614592e-01 -1.69052720e-01 3.65477502e-01
    4.20672476e-01 -6.95825756e-01 5.52047551e-01 1.15329051e+00
    1.32452106e+00 1.19178414e+00 1.67702234e+00 -2.91468173e-01
    3.49687874e-01 -3.30295593e-01 4.33080286e-01 1.04725885e+00
    2.91841269e-01 7.98649192e-01 -5.86790264e-01 6.20202363e-01
    1.88174725e-01 1.20463863e-01 2.37732515e-01 4.99039233e-01
    -2.64560461e-01 1.36617219e+00 1.43323267e+00 -3.50847304e-01
    -6.16524398e-01 7.70362854e-01 1.61117673e+00 -6.16731763e-01
    1.64546520e-01 9.35526848e-01 8.18166614e-01 1.81885839e+00
    1.19906008e+00 1.71825361e+00 -5.04278898e-01 -1.18207194e-01
    -1.93358973e-01 3.89821172e-01 7.56698400e-02 1.78597674e-01
    7.26696551e-01 1.04744279e+00 1.70669723e+00 3.18662375e-01
    1.07051492e+00 1.33129716e+00 1.04019158e-01 -1.83805563e-02
    1.74503133e-01 -3.60926846e-03 1.22688740e-01 3.16365212e-01
    -5.40906787e-01 -1.47738427e-01 3.73079389e-01 6.55735672e-01
    1.32737625e+00 -1.75682172e-01 1.52921188e+00 -4.22242552e-01
    -5.46599269e-01 1.08655989e-01 1.50796485e+00 -5.39741874e-01
    2.99427778e-01 -5.47150731e-01 -4.12305266e-01 1.07467544e+00
    -7.66098797e-01 -7.16720104e-01 7.73816705e-01 -3.73818219e-01
    -3.39472890e-01 -7.38978565e-01 1.13559151e+00 -9.93231088e-02
    1.32096648e+00 1.36838782e+00 1.28213510e-01 4.98993635e-01
    -4.20630187e-01 9.83358622e-01 -1.65784985e-01 6.26265466e-01
    -4.72612828e-01 7.90115535e-01 3.74129415e-01 -6.05293453e-01
    5.89828432e-01 1.72031569e+00 -2.95356691e-01 7.69839957e-02
    1.61174905e+00 1.11755598e+00 1.57042551e+00 -3.78748119e-01
    1.14443034e-01 9.46810067e-01 -6.71297491e-01 9.57957983e-01
    -2.39522710e-01 -9.90230665e-02 1.41264975e+00 1.14313889e+00
    -5.93785942e-01 -7.20941007e-01 1.69815743e+00 -5.06776333e-01
    1.34534323e+00 7.86183715e-01 4.95672561e-02 1.54469311e+00
    6.45177722e-01 5.78579664e-01 1.42418385e+00 -2.62372375e-01
    -5.86029649e-01 2.26959497e-01 -4.99746740e-01 2.97512352e-01
    -5.76905534e-02 1.60517192e+00 -3.76350760e-01 1.36633539e+00
    7.08843172e-01 1.52712035e+00 4.01131243e-01 6.40512228e-01
    1.41783988e+00 5.88964939e-01 7.37881124e-01 1.61128902e+00
    1.17984807e+00 -1.39281854e-01 1.00949138e-01 1.16350508e+00
    -5.83328664e-01 1.33943498e-01 8.56609762e-01 -1.99680045e-01
    2.49770701e-01 3.79031539e-01 -3.86729330e-01 1.62795401e+00
    -3.39286238e-01 -7.65740037e-01 8.87232363e-01 1.35495567e+00
    -1.06576070e-01 3.73433560e-01 4.41574514e-01 -1.71829596e-01
    1.91638207e+00 -5.40247381e-01 1.52894545e+00 1.03866136e+00
    -2.65247583e-01 5.18983424e-01 5.14904499e-01 -6.38497651e-01
    7.30241597e-01 -7.49614716e-01 1.27720678e+00 1.00569451e+00
    6.19767010e-01 1.06443286e-01 1.20531249e+00 1.38813519e+00
    1.40117168e+00 1.58436871e+00 1.66330171e+00 -4.13099825e-01
    -4.67988908e-01 1.13267660e+00 -2.98637420e-01 1.35585701e+00
    5.39757788e-01 3.10519129e-01 1.35745323e+00 1.24042070e+00
    1.55964744e+00 8.86690795e-01 9.36338484e-01 1.22084820e+00
    7.49747679e-02 7.27836609e-01 6.74369991e-01 1.75546312e+00
    -2.75149524e-01 9.28775191e-01 2.46349752e-01 1.56335342e+00
    1.70164084e+00 4.88646388e-01 -1.15941688e-01 -2.79512048e-01
    -4.55658227e-01 1.09266496e+00 4.60675240e-01 7.36845076e-01
    8.12963426e-01 -2.97982544e-01 9.69514787e-01 -6.62096918e-01
    -4.03309792e-01 1.43320942e+00 1.49945331e+00 3.21547180e-01
    9.50439334e-01 1.05351880e-01 1.52487481e+00 -5.18365383e-01
    1.40083921e+00 2.77236581e-01 -8.61500144e-01 1.62362027e+00
    -4.56157357e-01 -7.57357329e-02 7.94869661e-02 1.18612838e+00
    -9.29914787e-02 1.86445534e-01 9.08192471e-02 1.05564010e+00
    1.46089244e+00 -5.74129522e-01 -2.01426193e-01 3.19696337e-01
    -5.29539883e-01 -2.59537458e-01 1.71613023e-01 -2.98749864e-01
    -5.13670623e-01 2.77417690e-01 1.69313622e+00 1.36186981e+00
    -2.58594066e-01 -3.18001240e-01 1.27925336e+00 2.89277593e-03
    1.32922578e+00 -3.20211023e-01 -4.21216071e-01 1.53119183e+00
    3.53349417e-01 1.41076052e+00 1.27846336e+00 1.62691665e+00
    1.55412996e+00 1.10839319e+00 1.12721682e+00 -4.43404764e-01
    -3.70820761e-01 1.16123527e-01 3.12946774e-02 1.07171035e+00
    1.54899788e+00 9.09845054e-01 -2.84933180e-01 3.98011237e-01
    -2.13815749e-01 9.07991409e-01 -6.85091436e-01 -4.29594517e-01
    4.81848925e-01 1.40281880e+00 7.89900362e-01 1.09415448e+00
    1.50688779e+00 1.63884878e+00 4.69146818e-01 1.66244054e+00
    1.53129911e+00 4.57422733e-01 2.63921291e-01 1.82505918e+00
    1.12988997e+00 1.09281838e+00 4.15111631e-01 7.64925599e-01
    -5.33995450e-01 8.42229843e-01 1.30739093e+00 7.46088207e-01
    1.46251285e+00 8.27126682e-01 4.58116621e-01 1.69024479e+00
    -1.62099712e-02 1.56872785e+00 -5.88378191e-01 4.69241649e-01
    -2.20891818e-01 -1.88155800e-01 -5.90454638e-01 8.71417463e-01
    1.77287948e+00 1.62849057e+00 1.46793640e+00 6.86546206e-01
    1.30240417e+00 2.95430236e-02 3.37877572e-01 2.47106459e-02
    1.59341180e+00 -9.83079374e-02 3.15916568e-01 -1.43372461e-01
    1.00545657e+00 1.42189360e+00 -4.72948343e-01 1.71927094e+00
    1.04703486e+00 -5.79070151e-01 -7.25765288e-01 6.74273252e-01
    -7.72387981e-01 1.28023958e+00 1.63720235e-01 1.67404568e+00
    -6.05391227e-02 8.43304098e-01 1.69347203e+00 1.15388107e+00
    1.19203413e+00 -6.61130786e-01 1.46041036e-01 1.75829780e+00
    9.89324272e-01 1.64111808e-01 1.07731867e+00 1.15244198e+00
    1.31953728e+00 1.77322268e-01 -3.61120105e-02 1.05865157e+00
    7.34028220e-01 1.05922043e+00 1.76382959e+00 1.73011386e+00
    1.63227689e+00 -7.14469254e-02 -6.19030416e-01 1.80529892e+00
    6.04249179e-01 2.70544797e-01 6.28751278e-01 -4.00979728e-01
    -1.32635981e-01 -2.24247187e-01 8.90917301e-01 3.36875975e-01
    1.11207736e+00 -2.18638659e-01 5.38704157e-01 5.81882536e-01
    7.91807055e-01 5.78511178e-01 -4.80512887e-01 3.78023177e-01
    9.12577987e-01 -3.34316343e-01 -1.79346293e-01 9.77202058e-01
    -6.20119236e-02 8.87193799e-01 2.70695686e-01 -3.32521856e-01
    4.79556382e-01 1.08699059e+00 5.80930352e-01 1.40269804e+00
    8.05201113e-01 1.52477837e+00 -5.72516263e-01 7.81455934e-01
    -1.76252291e-01 3.01757604e-01 3.01422298e-01 -4.88530606e-01
    -1.03840828e-01 8.35031092e-01 3.94966751e-01 -5.69491565e-01
    1.44220424e+00 -3.55956927e-02 8.64013851e-01 1.34043973e-02
    7.79964983e-01 -5.12344837e-01 1.30076528e+00 1.59445214e+00
    -4.23915476e-01 1.45511150e+00 5.87886095e-01 1.73667979e+00
    -1.45630702e-01 1.25056684e+00 1.12516034e+00 1.73048449e+00
    2.09503740e-01 1.26522347e-01 1.64486623e+00 1.34565401e+00
    1.70606077e+00 -3.75135660e-01 3.40305358e-01 -4.90530550e-01
    -9.24775824e-02 2.81831980e-01 8.94083306e-02 1.39200222e+00
    2.85263360e-01 8.01927924e-01 -2.77654171e-01 7.00176060e-01
    1.56999934e+00 8.84037614e-01 7.89671857e-03 -6.22182786e-01
    -3.65887582e-03 1.44363534e+00 -3.03530365e-01 -2.84520537e-01
    1.00642765e+00 -7.76308417e-01 4.54966910e-02 7.04618990e-01
    1.54720545e+00 -7.17600048e-01 1.58686948e+00 8.72725070e-01
    -5.20570040e-01 1.43115449e+00 -5.16170800e-01 -5.24783075e-01
    1.26568580e+00 2.97289789e-01 -5.19540429e-01 1.23450172e+00
    1.54719436e+00 1.99930683e-01 -6.90557539e-01 1.16660225e+00
    4.68747854e-01 6.71698391e-01 8.52536917e-01 2.19671994e-01
    1.47998583e+00 -6.06576145e-01 1.51329026e-01 1.76345095e-01
    1.25729084e+00 4.14454430e-01 1.58572388e+00 -6.00764275e-01
    -2.15273008e-01 1.03523827e+00 -2.49887303e-01 4.26669061e-01
    5.37529528e-01 8.82811010e-01 1.42579401e+00 -3.83375853e-01
    1.58401847e+00 2.28522554e-01 -3.13921005e-01 6.70126379e-01
    9.84144270e-01 -7.21169472e-01 7.02093422e-01 9.35799599e-01
    6.58552706e-01 -7.30139434e-01 -2.42255509e-01 6.18018389e-01
    -6.56856775e-01 -2.38578945e-01 8.08599651e-01 1.75986516e+00
    1.71644056e+00 1.76679051e+00 1.35002041e+00 1.32952914e-01
    8.21939290e-01 1.26754031e-01 1.52871418e+00 2.09598601e-01
    3.85270268e-01 -5.52101910e-01 8.17320943e-01 3.96105796e-01
    -5.88431060e-01 8.47693384e-02 1.27340806e+00 -4.08081770e-01
    1.57772565e+00 -1.65187612e-01 1.83191466e+00 -5.89125276e-01
    1.33250856e+00 1.00428462e+00 1.25374901e+00 9.34439957e-01
    -3.99081558e-01 -4.74275947e-01 6.40185893e-01 1.01501393e+00
    1.35861620e-01 1.67808056e+00 1.82710111e+00 -6.45179510e-01
    -4.32140350e-01 1.03597879e+00 1.64324367e+00 -5.02751648e-01
    8.68175983e-01 1.51790595e+00 -5.28798163e-01 1.17354023e+00
    1.49280691e+00 -2.11493403e-01 -3.78317893e-01 1.30602384e+00
    -6.59896076e-01 -7.68539786e-01 4.46954638e-01 1.05942178e+00
    -5.80698550e-01 -2.12170884e-01 9.94816244e-01 -3.32730055e-01
    1.24616480e+00 -5.29298544e-01 -1.42631233e-01 8.29098821e-01
    4.73906845e-02 3.70794982e-01 1.47688699e+00 6.68166801e-02
    -2.83137441e-01 -6.19127750e-01 4.78662640e-01 9.45477247e-01
    -8.45878646e-02 1.54197419e+00 1.66398275e+00 2.39060611e-01
    -6.46178186e-01 1.16611421e+00 1.28479958e+00 -1.30550414e-01
    -1.70827791e-01 1.13886154e+00 7.98614979e-01 1.50273383e-01
    -8.01683068e-01 1.69869816e+00 -4.88514811e-01 3.95573616e-01
    7.31631577e-01 6.52468950e-02 -6.45897448e-01 4.72891569e-01
    3.08049679e-01 -1.13783188e-01 4.89041179e-01 5.15307426e-01
    1.07651329e+00 5.57030141e-01 1.66086960e+00 -2.13821843e-01
    -3.76932502e-01 1.40618062e+00 1.55214119e+00 -1.40017271e-01
    5.93315065e-01 4.69846874e-01 1.08861327e+00 9.67092216e-01
    4.36327040e-01 1.59729230e+00 1.13987339e+00 -3.59716326e-01
    1.41968060e+00 6.46713734e-01 1.87639028e-01 1.50032210e+00
    -5.61988056e-01 -3.66969615e-01 -5.69092155e-01 6.36924088e-01
    -4.19376135e-01 -5.44211745e-01 1.67836916e+00 7.48929799e-01
    4.86584485e-01 -6.33768916e-01 1.18223166e+00 -4.57973927e-01
    -4.41685975e-01 -1.70496315e-01 1.69930232e+00 3.69728088e-01
    -4.97721076e-01 1.35787714e+00 -2.84773260e-01 6.94166958e-01
    2.72448629e-01 -5.09319365e-01 7.84221053e-01 -4.52264071e-01
    -5.19815922e-01 -9.15704742e-02 1.06974423e+00 -6.76689088e-01
    8.78380835e-01 -2.71403760e-01 1.23408782e+00 7.36307979e-01
    -3.78421992e-02 7.85915375e-01 5.92236698e-01 -4.13529992e-01
    8.75682712e-01 1.54808626e-01 4.75790054e-01 1.18048739e+00
    1.33276737e+00 1.27425575e+00 1.80988824e+00 -7.79761840e-03
    -6.21607423e-01 1.58980310e+00 3.87493253e-01 -4.01925206e-01
    3.87887865e-01 7.55282938e-01 9.01818201e-02 6.31737590e-01
    1.66049600e+00 1.52334380e+00 1.47606874e+00 1.22194099e+00
    -2.47937813e-01 5.36631286e-01 1.32927203e+00 1.30685556e+00
    1.18476820e+00 4.67370242e-01 1.31533313e+00 1.49560523e+00
    -5.05620480e-01 1.86537951e-01 -2.86505848e-01 8.05917203e-01
    1.05118349e-01 1.56361386e-02 -5.24623036e-01 1.56951582e+00
    8.45750451e-01 -3.63351494e-01 -6.93160653e-01 -5.24748743e-01
    -5.84311366e-01 -5.68330348e-01 -4.27525610e-01 -6.52392879e-02
    5.67315280e-01 3.24803293e-01 -2.79493004e-01 1.36968029e+00
    -3.99027690e-02 2.01635256e-01 6.94147468e-01 1.38738513e-01
    -3.55055444e-02 7.67262280e-01 1.03391814e+00 1.65131256e-01
    7.30538089e-03 -5.32425761e-01 -3.87161136e-01 5.21566868e-01
    -2.23554969e-01 -7.25672424e-01 8.90070498e-01 1.25954556e+00
    -1.35582481e-02 6.98487043e-01 7.98734069e-01 7.06566453e-01
    -4.38825250e-01 -5.84769607e-01 -6.30219951e-02 8.53964925e-01
    -6.96135938e-01 1.14623201e+00 7.06131935e-01 -3.63294899e-01
    -4.54212040e-01 6.30435228e-01 -3.67527932e-01 5.59728920e-01
    1.33479011e+00 4.58246380e-01 1.19205809e+00 -4.36133333e-02
    1.30189168e+00 1.60100777e-02 -3.26417774e-01 1.16193318e+00
    3.34666759e-01 3.40889134e-02 1.73559451e+00 -6.24144912e-01
    1.51143312e+00 1.44649625e-01 -2.59944528e-01 7.21325278e-01
    8.66154492e-01 -7.70176232e-01 -4.70522463e-01 5.30276179e-01
    1.05960977e+00 5.47388569e-02 6.61304176e-01 1.32284537e-01
    1.39135683e+00 1.66978776e+00 1.96240962e-01 1.24523008e+00
    1.56952873e-01 1.01354563e+00 1.10112369e+00 1.11632752e+00
    1.56144464e+00 2.08139256e-01 -4.43790764e-01 -2.04671681e-01
    -1.77825794e-01 1.68315601e+00 -2.71421313e-01 4.70431626e-01
    1.32952857e+00 2.58337736e-01 -1.48760244e-01 1.25686690e-01
    1.55954301e+00 -7.54562199e-01 1.59805810e+00 -4.37852144e-01
    1.03733432e+00 1.75378406e+00 1.58529508e+00 7.21976459e-01
    -6.13500535e-01 8.53660822e-01 1.51963460e+00 -4.41520423e-01
    2.45123804e-01 1.81629014e+00 9.61492538e-01 -1.47640258e-02
    8.05355847e-01 5.11912525e-01 1.28689134e+00 1.05673480e+00
    -5.11982679e-01 9.57942188e-01 1.01341856e+00 4.36834931e-01
    1.15908039e+00 -5.83398491e-02 3.44063014e-01 1.17140496e+00
    -3.83751094e-01 7.12490141e-01 4.31019276e-01 5.08021832e-01
    9.12603617e-01 1.69502199e+00 3.28589618e-01 6.33674204e-01
    1.01981306e+00 -6.25941336e-01 1.38882279e+00 1.30191550e-01
    1.61916590e+00 4.91066664e-01 1.39709687e+00 4.00918633e-01
    -3.16833973e-01 1.38265595e-01 1.90709352e+00 3.24590564e-01
    7.97168374e-01 7.43477941e-02 -6.33916140e-01 1.84770739e+00
    5.88216603e-01 -4.75733638e-01 1.14840686e+00 1.45467257e+00
    -2.11316049e-01 1.17084885e+00 2.78207809e-01 1.36003327e+00
    -5.81502974e-01 3.04945379e-01 1.18431580e+00 1.34330285e+00
    1.23236918e+00 7.86329210e-01 8.65585625e-01 8.87799740e-01
    1.10262752e+00 -2.00414971e-01 6.71795607e-01 1.38344431e+00
    9.96601820e-01 1.21150769e-01 1.14802606e-01 -5.30219138e-01
    -2.06929743e-01 1.34340847e+00 -6.13637686e-01 7.88280725e-01
    -9.01427865e-02 1.01688683e+00 1.20192659e+00 -2.56594986e-01
    2.57634401e-01 -3.31714660e-01 -4.14512157e-01 1.41012716e+00
    8.48807037e-01 1.63822770e+00 1.28527284e+00 6.91857040e-01
    5.36699891e-01 -2.66669184e-01 8.92124355e-01 6.49333417e-01
    4.92007554e-01 1.34808564e+00 3.37389112e-01 3.91294733e-02
    4.13282961e-01 6.53590500e-01 -5.86760163e-01 -5.22076070e-01
    1.32257950e+00 -5.08553535e-02 4.87943798e-01 4.65456843e-01
    -5.71696907e-02 7.38846734e-02 1.38696671e+00 -6.99503064e-01
    5.77291399e-02 4.33726944e-02 1.37935245e+00 1.03076780e+00
    1.00522208e+00 1.12693036e+00 2.98589796e-01 1.49771261e+00
    5.86855650e-01 1.44568121e+00 1.05039275e+00 1.70878315e+00
    -1.14315614e-01 1.18266821e+00 -7.34094679e-02 -5.85108519e-01
    9.17739093e-01 -5.46198010e-01 4.04233903e-01 1.03829634e+00
    4.72290188e-01 1.11268473e+00 1.64516902e+00 -3.99955869e-01
    -3.88886668e-02 4.89991695e-01 4.30844247e-01 1.48928557e-02
    7.95597911e-01 -5.00311911e-01 -6.45685673e-01 1.60187328e+00
    9.33549762e-01 7.91353285e-01 -3.54168802e-01 3.71300459e-01
    -2.34238803e-01 9.29955184e-01 -2.62165349e-02 -2.82132804e-01
    1.29823267e+00 8.32249939e-01 6.74469829e-01 4.67580914e-01
    6.66510582e-01 -4.54191774e-01 1.44763374e+00 -5.28975785e-01
    3.76114517e-01 -4.44884039e-02 1.63866088e-01 8.56844723e-01
    -4.81965452e-01 1.72386885e+00 1.23587108e+00 1.80011225e+00
    1.48949552e+00 7.24271536e-01 4.27599579e-01 -3.93506944e-01
    -1.59071043e-01 1.31343806e+00 1.05735338e+00 4.06585187e-01
    6.23335600e-01 -1.94428593e-01 1.38830483e+00 3.95750552e-02
    1.70563185e+00 1.42867827e+00 4.34771299e-01 9.08509076e-01
    -5.40931463e-01 -1.35367543e-01 -1.04609467e-01 1.08052623e+00
    -5.31542957e-01 1.46050549e+00 -4.58674848e-01 1.09376180e+00
    1.41831481e+00 2.64619589e-01 6.93792820e-01 1.17633820e+00
    -7.42776930e-01 1.66897476e+00 3.77487004e-01 8.88452213e-03
    2.32415706e-01 7.48277664e-01 1.47091317e+00 -2.22450501e-04
    3.27582121e-01 1.53834128e+00 1.26877522e+00 1.04834229e-01
    1.18900180e+00 -7.01925933e-01 1.54619122e+00 -5.34775972e-01
    -1.67489350e-01 1.30171359e+00 1.93802625e-01 -3.13339472e-01
    1.73245654e-01 1.07624900e+00 -6.71045840e-01 1.02026713e+00
    1.14746165e+00 6.35063469e-01 3.79808486e-01 -3.16811413e-01
    -3.68544102e-01 9.13984656e-01 1.56595373e+00 1.12689686e+00
    8.40464607e-02 -1.49824068e-01 2.21015573e-01 1.20805538e+00
    1.53927422e+00 7.98536301e-01 1.96982145e-01 9.81683493e-01
    1.44731534e+00 1.23774648e+00 6.51807547e-01 1.70176721e+00
    5.40158758e-03 8.89234126e-01 -1.54939964e-01 7.43808925e-01
    3.20084691e-01 -7.17104137e-01 -4.45266953e-03 -1.86190158e-01
    1.34773517e+00 -1.54167889e-02 1.01510370e+00 1.50737035e+00
    -6.53339624e-01 -4.96313125e-01 8.41341138e-01 7.99665332e-01
    -5.01552820e-01 2.11292386e-01 1.26886880e+00 -2.10491866e-01
    7.17787087e-01 -4.90314551e-02 1.20084870e+00 4.21442598e-01
    3.58865827e-01 -7.74070740e-01 6.32751942e-01 8.46994698e-01
    -7.53655732e-01 -7.34216273e-01 -4.05789077e-01 1.24714816e+00
    1.02222681e+00 1.24971712e+00 7.14688718e-01 1.40377060e-01
    1.43939245e+00 7.11424410e-01 -5.35255134e-01 1.50272131e+00
    1.55699110e+00 3.97577554e-01 2.16688886e-01 -4.90605682e-01
    1.68299711e+00 -4.25289869e-01 8.21061358e-02 1.25559318e+00
    7.33580649e-01 -3.80205452e-01 -5.40042400e-01 -5.49787283e-01
    -6.67523384e-01 1.93965361e-01 4.25904274e-01 8.68115664e-01
    2.75906026e-01 -1.59258656e-02 -1.97877027e-02 -5.05662978e-01
    1.09454787e+00 -9.86217484e-02 3.07391196e-01 1.46664453e+00
    -4.86441553e-01 5.61251104e-01 4.46861684e-01 1.69829988e+00
    2.99073637e-01 -2.60414630e-01 -1.18741490e-01 4.01767567e-02
    8.14181983e-01 1.61448109e+00 -4.90267068e-01 -5.42141616e-01
    1.16420877e+00 -6.76259458e-01 1.44562578e+00 8.80480409e-02
    4.67598110e-01 -2.64495820e-01 1.32262230e+00 1.54699755e+00
    4.20900851e-01 3.09245169e-01 4.46818136e-02 7.85733938e-01
    1.46856475e+00 6.30477488e-01 -5.42050540e-01 6.01452589e-01
    1.70816556e-01 1.01566517e+00 -6.37673259e-01 8.84262145e-01
    1.30662572e+00 1.17190278e+00 1.41195908e-01 9.75862145e-01
    2.03999266e-01 1.59742141e+00 4.23079818e-01 1.05973983e+00
    1.69798768e+00 -6.41246676e-01 -8.57043415e-02 7.53293931e-01
    1.35613668e+00 -3.67570698e-01 -5.18753648e-01 1.65317047e+00
    1.51113915e+00 1.34281862e+00 1.04142880e+00 7.40083456e-01
    9.23331261e-01 1.69195026e-01 -1.02514334e-01 -4.17962044e-01
    9.78841901e-01 1.05299389e+00 1.30054629e+00 1.60739756e+00
    -6.02292895e-01 -6.08278275e-01 8.33822787e-01 1.15239465e+00
    7.90819585e-01 -7.03911543e-01 1.21770047e-01 6.67783856e-01
    -3.72347325e-01 1.70595026e+00 2.04797573e-02 1.41261137e+00
    1.71895146e+00 -5.88913500e-01 3.92108768e-01 -3.50222617e-01
    8.06434095e-01 6.53852522e-01 1.67721295e+00 -1.04174577e-01
    5.20296872e-01 3.55818033e-01 1.69661486e+00 -6.35954976e-01
    7.55893767e-01 -2.65002787e-01 1.14484572e+00 1.62924275e-01
    -4.19252306e-01 1.60289693e+00 1.70788646e+00 -3.37738469e-02
    8.27907801e-01 -4.58425671e-01 9.83175695e-01 -2.25447819e-01
    5.24878144e-01 1.33486187e+00 1.55185914e+00 7.83803582e-01
    1.03177452e+00 -5.39566696e-01 1.58473110e+00 1.66756284e+00
    7.79299736e-02 7.66441524e-01 -6.92963719e-01 4.20629513e-03
    1.23734272e+00 -4.51073259e-01 1.10181165e+00 -5.40620089e-01
    5.02489030e-01 -1.59744427e-01 -4.13647026e-01 1.26897287e+00
    -4.81115013e-01 2.32224464e-01 3.23171616e-01 -2.56381184e-01
    1.56489122e+00 7.02011168e-01 -3.12426567e-01 4.26728636e-01
    1.45963919e+00 -2.76034512e-02 4.59045589e-01 -2.69846827e-01
    7.12160528e-01 1.71745884e+00 -4.27451462e-01 7.29610920e-01
    -2.35046491e-01 4.21675771e-01 1.02060580e+00 1.60121584e+00
    9.77473974e-01 -3.83807510e-01 1.14568591e+00 7.11244762e-01
    3.11174035e-01 1.21648705e+00 1.00853193e+00 7.09296405e-01
    -6.27500355e-01 6.04406893e-02 7.96139836e-01 2.60801008e-03
    -4.02865350e-01 1.32707906e+00 4.26211730e-02 -3.72856736e-01
    1.69873023e+00 7.09827721e-01 -3.24626952e-01 9.82829630e-01
    1.35605186e-01 1.18174609e-02 -6.98184431e-01 1.04617584e+00
    8.06900859e-01 3.67980331e-01 1.75973725e+00 2.18507633e-01
    9.49410796e-01 -6.31298542e-01 -9.49880481e-02 -5.93268991e-01
    -5.11680767e-02 -3.23935777e-01 3.39779794e-01 6.76555872e-01
    -3.53243738e-01 1.25793293e-01 1.38343203e+00 8.82462621e-01
    7.88527369e-01 1.76971745e+00 3.31193924e-01 -9.08802822e-02
    1.03021815e-01 -5.42019725e-01 5.05380392e-01 1.23620379e+00
    5.21064579e-01 9.37070668e-01 6.07658684e-01 -5.27849317e-01
    -3.35193396e-01 1.22002733e+00 3.07428628e-01 -2.79773891e-01
    8.93264949e-01 -5.86207509e-01 -6.89719737e-01 -1.04338564e-01
    1.71393847e+00 5.23959100e-01 -4.70606863e-01 1.70882866e-02
    -4.33160990e-01 -4.68091697e-01 8.36812854e-02 -2.57888377e-01
    5.07616103e-01 -2.03740343e-01 -1.24356337e-01 1.76616728e+00
    7.33103335e-01 5.34673989e-01 -5.62838554e-01 8.83472383e-01
    -4.90594327e-01 1.04454286e-01 2.31931046e-01 -5.85178137e-01
    1.48419857e+00 -2.74262309e-01 3.35108995e-01 6.53153434e-02
    1.46027589e+00 9.73254085e-01 3.08575630e-01 -3.59867990e-01
    7.86088169e-01 -4.99954849e-01 2.96693534e-01 -3.33880633e-01
    -4.10991579e-01 7.64651835e-01 1.42489779e+00 -7.44237781e-01
    5.43989658e-01 1.26674473e+00 3.55825163e-02 1.21388876e+00
    -6.30823255e-01 1.50147498e+00 1.60865748e+00 6.61437750e-01
    7.05707848e-01 1.82218158e+00 4.72391158e-01 9.19214308e-01
    1.56537497e+00 1.15782130e+00 1.60622215e+00 1.20198321e+00
    1.78619492e+00 -4.34744388e-01 1.61223567e+00 -5.24860442e-01
    6.97474107e-02 1.30959177e+00 1.19903111e+00 -3.59804690e-01
    -1.56292394e-01 6.25608861e-02 -2.68589586e-01 7.48643339e-01
    -5.82980692e-01 2.94831544e-01 9.28737402e-01 3.70726138e-01
    1.59942520e+00 8.36595178e-01 5.71185291e-01 1.49390924e+00
    -8.22135031e-01 1.27811992e+00 1.21924889e+00 1.35270345e+00
    1.23553586e+00 -5.90546966e-01 1.05938351e+00 6.29719555e-01
    -4.59437668e-01 5.32551587e-01 1.01916957e+00 4.52385038e-01
    1.63784158e+00 -7.30083287e-01 -4.82208654e-02 1.61070132e+00
    7.89922237e-01 -4.22450870e-01 6.93087816e-01 6.82790726e-02
    1.47253287e+00 -2.63507307e-01 8.65110338e-01 -5.02666175e-01
    1.12761009e+00 8.23793769e-01 2.25994572e-01 3.16330075e-01
    4.32857484e-01 -9.27522257e-02 6.19522296e-02 -4.69051719e-01
    1.72377801e+00 1.03879936e-01 1.39526165e+00 1.53680980e+00
    7.09756017e-01 -5.51485002e-01 8.87710214e-01 5.02876818e-01
    1.44791305e+00 1.52201784e+00 -1.61826193e-01 9.35689628e-01
    -1.04874983e-01 -6.10425770e-02 1.62821889e+00 1.34942770e+00
    1.30990446e+00 4.81401861e-01 -3.08370084e-01 8.33579183e-01
    -5.12906492e-01 1.11880124e+00 8.94196212e-01 5.21229625e-01
    -7.25750685e-01 -1.48353904e-01 2.55474538e-01 -2.17648938e-01
    1.05493224e+00 -7.46473730e-01 1.53787088e+00 8.06833625e-01
    5.15979230e-01 1.04262233e+00 -9.10554677e-02 1.12024474e+00
    2.10776880e-01 -7.13289797e-01 -1.06126964e-01 8.21410418e-02
    1.50353372e+00 1.10138381e+00 4.10543025e-01 -8.74560326e-02
    1.22585118e+00 -5.09869158e-01 1.37629282e+00 1.95297047e-01
    -9.07511562e-02 2.93142229e-01 1.60727680e+00 -4.82082039e-01
    1.01485670e+00 -2.86759049e-01 6.56587780e-01 -6.08489335e-01
    1.80818915e-01 5.56920409e-01 -3.92933309e-01 5.03502429e-01
    -1.89061780e-02 1.22166800e+00 2.01847889e-02 7.31694400e-01
    8.68251920e-01 1.22977662e+00 -3.10494006e-02 1.56017470e+00
    4.98982131e-01 1.41703176e+00 9.72635150e-01 1.61365509e+00
    -5.10690928e-01 1.74470055e+00 2.52234817e-01 -3.80543262e-01
    4.37050983e-02 1.04617381e+00 1.48058128e+00 1.90329325e+00
    4.19926912e-01 1.06621444e+00 -4.06863213e-01 -5.46414912e-01
    1.79213440e+00 1.73960078e+00 1.73959911e-01 9.57359791e-01
    -4.69738096e-01 9.29641843e-01 1.46439517e+00 1.28099024e+00
    1.09821451e+00 1.39735281e+00 3.13735008e-02 5.32552898e-01
    1.45827341e+00 5.25471985e-01 7.89021194e-01 1.59218073e+00
    5.05627155e-01 1.02467394e+00 -5.22236347e-01 -1.41941324e-01
    1.48195398e+00 8.74878526e-01 7.10813284e-01 1.71083581e+00
    -7.88967311e-01 1.16825080e+00 9.26183403e-01 5.72772563e-01
    -5.81737339e-01 1.69378126e+00 3.16915482e-01 -6.97156429e-01
    1.79305828e+00 -6.28030777e-01 1.59238696e+00 5.77193320e-01
    -3.63633752e-01 1.77310991e+00 -4.20144230e-01 1.17763996e+00
    -7.57991254e-01 9.23006296e-01 1.62738323e+00 1.48032475e+00
    3.72936517e-01 7.33515143e-01 -6.12903714e-01 1.60347533e+00
    1.02579486e+00 -1.66310102e-01 5.54243147e-01 1.09825313e+00
    3.37783128e-01 -2.08004236e-01 3.63777161e-01 9.57518220e-02
    1.57076061e+00 -4.93920982e-01 2.26817802e-01 1.48174846e+00
    -1.88891366e-01 1.44679058e+00 -2.44476959e-01 1.75901628e+00
    -1.81504831e-01 1.49702668e+00 1.51994002e+00 -2.76976258e-01
    -2.36321732e-01 7.22829700e-02 1.45789504e+00 1.81817412e+00
    1.12884343e+00 3.34372014e-01 1.28883815e+00 1.63745177e+00
    1.16505659e+00 1.00514150e+00 6.00680649e-01 1.58687079e+00
    6.74209058e-01 1.21876109e+00 -5.66384792e-01 2.63466239e-01
    2.41010919e-01 1.56405973e+00 -5.41827440e-01 1.21070981e+00
    -3.29193503e-01 1.04693675e+00 -4.90655124e-01 -4.89903122e-01
    1.43700862e+00 -6.08874500e-01 1.63263714e+00 6.28470957e-01
    -4.72431391e-01 1.77853239e+00 7.48528004e-01 1.14636326e+00
    9.95373845e-01 1.15641785e+00 -2.32408419e-01 1.07894158e+00
    1.65416038e+00 1.47701716e+00 -7.09151924e-01 1.48541057e+00
    1.44991255e+00 -3.05026621e-01 5.86066544e-01 1.72295019e-01
    -1.62715744e-02 -1.95507422e-01 -4.29766625e-01 6.56258166e-01
    7.24869370e-01 3.79211128e-01 6.96063757e-01 4.83984761e-02
    1.75144637e+00 2.74212718e-01 4.32946414e-01 -3.33404899e-01
    -3.35277468e-01 -2.14545235e-01 1.37767181e-01 -5.66993952e-02
    -4.84626383e-01 1.46275198e+00 -4.73360926e-01 1.09746611e+00
    3.88628393e-01 1.70563877e+00 1.17273796e+00 1.67311442e+00
    4.30795074e-01 2.64868855e-01 -5.00670850e-01 -4.63947654e-03
    -4.91028965e-01 -2.54104007e-02 -6.19497657e-01 1.68446171e+00
    3.74245435e-01 -8.37806463e-01 -4.14168499e-02 -6.75675035e-01
    7.98776090e-01 -1.44850597e-01 1.01264164e-01 6.88645601e-01
    -2.21434832e-01 1.64148772e+00 1.08230376e+00 -6.96657360e-01
    8.35792124e-01 -4.68304381e-02 -5.85558295e-01 1.11078155e+00
    1.73169315e+00 4.62370694e-01 -4.34596539e-01 1.30553913e+00
    -6.38491035e-01 -7.78530777e-01 -4.50374603e-01 3.89638096e-01
    -3.64346772e-01 -1.32828847e-01 1.63447571e+00 5.99472106e-01
    6.95585907e-01 -4.84724373e-01 8.05824697e-01 5.02990603e-01
    4.32614863e-01 1.55750608e+00 1.38660753e+00 4.82819378e-01
    6.40952885e-01 6.88848555e-01 -6.57031119e-01 4.06410694e-01
    1.03674364e+00 1.37021315e+00 -1.24367855e-01 1.49861383e+00
    1.44225681e+00 8.20520878e-01 5.62159181e-01 1.23503315e+00
    5.23303270e-01 1.22388732e+00 8.53797734e-01 -7.10474670e-01
    -7.44024754e-01 9.31241989e-01 -1.78627267e-01 1.54628515e+00
    -3.60866010e-01 1.31026790e-01 4.89191681e-01 1.03886247e+00
    1.49335635e+00 1.43045223e+00 1.49691081e+00 1.68347275e+00
    8.66091311e-01 -3.40751290e-01 -6.58782125e-02 -1.55128136e-01
    3.10859472e-01 1.63597202e+00 6.71972275e-01 1.15367782e+00
    -3.82423639e-01 1.36519766e+00 9.88189459e-01 1.27407879e-01
    1.06731963e+00 1.62284219e+00 1.47455126e-01 3.24025899e-01
    -5.60181975e-01 -4.31803375e-01 1.30812311e+00 -4.54966456e-01
    -6.55064225e-01 1.24099529e+00 1.64746034e+00 4.32802081e-01
    7.44004369e-01 -5.84121346e-01 9.35446084e-01 6.65745616e-01
    -2.24354446e-01 -1.31828189e-01 5.55253699e-02 5.77537119e-01
    -3.28407511e-02 -3.87857199e-01 4.81789798e-01 -4.31046128e-01
    1.62562084e+00 2.22548321e-01 3.14770043e-01 1.46390939e+00
    4.07596380e-02 -3.80853415e-01 2.43206799e-01 1.36478984e+00
    -5.43486834e-01 9.42994595e-01 1.04088795e+00 8.22962165e-01
    9.96471524e-01 -6.84950113e-01 1.37251353e+00 6.11424685e-01
    6.96662962e-01 -1.11724764e-01 -6.66320026e-01 2.17152044e-01
    -2.11908221e-01 -6.02929711e-01 8.90603125e-01 6.36372149e-01
    -4.00496215e-01 -2.74169236e-01 5.38524985e-01 -6.98819697e-01
    -6.34093881e-01 1.66385818e+00 -7.75320411e-01 -2.89189130e-01
    6.74336374e-01 2.87054718e-01 1.26636815e+00 -2.72750288e-01
    1.22346938e+00 1.37863958e+00 1.11467028e+00 3.01869780e-01
    9.55015540e-01 -6.02515638e-01 6.90120459e-01 2.22973049e-01
    1.72751784e+00 2.08643883e-01 -6.26353502e-01 1.46675909e+00
    -1.69607669e-01 1.76596606e+00 1.40067387e+00 4.50596243e-01
    8.44185472e-01 7.12582946e-01 -7.28363872e-01 4.72721249e-01
    -1.42837033e-01 1.17971015e+00 -5.43086827e-01 -7.28449762e-01
    7.89256990e-01 1.74491668e+00 -9.46342498e-02 6.53999567e-01
    -6.17777407e-01 -9.31431800e-02 1.18608195e-02 8.19807649e-01
    6.90052569e-01 2.73481637e-01 8.35358441e-01 5.81629395e-01
    3.53343397e-01 -5.12924075e-01 6.33448839e-01 1.49641991e+00
    8.39868546e-01 1.02033508e+00 -4.81014401e-01 4.39936787e-01
    5.27868308e-02 3.14150423e-01 1.54228282e+00 9.22512412e-01
    -2.32769623e-01 1.00988293e+00 1.29811716e+00 1.03133035e+00
    -5.67794621e-01 1.13348901e+00 -3.77644092e-01 4.20004278e-01
    1.81657195e+00 3.06871802e-01 6.31432116e-01 -1.22163035e-01
    -2.94619679e-01 4.63050455e-01 1.40449345e+00 -9.71152857e-02
    6.30647719e-01 1.22597873e+00 1.37058914e+00 -5.01730442e-01
    9.19491291e-01 1.35615456e+00 8.31640959e-02 -1.74123242e-01
    1.00980198e+00 -3.00052408e-02 8.82637739e-01 -3.00830424e-01
    -6.93345606e-01 7.04970121e-01 3.89692634e-02 1.21162081e+00
    4.97419775e-01 5.33679426e-01 1.64771163e+00 8.31356704e-01
    2.77177334e-01 -4.89993602e-01 1.45933008e+00 -3.85655850e-01
    3.22435260e-01 -8.93668458e-02 1.76638710e+00 1.49721014e+00
    7.49350131e-01 1.57519567e+00 5.87574065e-01 2.39909112e-01
    4.70164567e-01 2.09988877e-01 1.22935288e-01 3.54332104e-02
    1.08034515e+00 -4.40707147e-01 1.14244334e-01 5.95080197e-01
    1.61372125e+00 -3.77705544e-01 9.27959621e-01 6.59493268e-01
    -4.46133852e-01 1.12495720e+00 3.41035038e-01 -5.48788071e-01
    -4.34971631e-01 -3.91598344e-01 1.00376070e+00 1.67883027e+00
    1.60047817e+00 1.45556733e-01 1.11406851e+00 1.69563496e+00
    9.11829621e-02 2.47222513e-01 1.46066165e+00 1.12112963e+00
    1.04403067e+00 4.84131545e-01 5.76106906e-01 6.75826311e-01
    1.40149570e+00 -5.68084866e-02 -1.51842639e-01 1.43636823e+00
    1.64833486e+00 9.46058810e-01 -8.08829606e-01 1.29366076e+00
    -7.55043149e-01 8.03221881e-01 1.13747692e+00 6.49673641e-01
    5.00198528e-02 -7.15301037e-01 1.57066095e+00 1.48504698e+00
    1.36993736e-01 6.90515220e-01 -7.49765635e-01 5.15829980e-01
    -2.14111924e-01 2.89934571e-03 5.03053546e-01 6.62652135e-01
    -3.88854265e-01 -5.44989072e-02 -8.92069280e-01 1.83206052e-01
    1.35969806e+00 -3.67898703e-01 5.08086741e-01 -5.67466915e-02
    1.63992333e+00 8.23763669e-01 1.08432221e+00 1.08697522e+00
    7.59068608e-01 4.79753971e-01 -2.70833552e-01 1.78228760e+00
    1.65439880e+00 6.58137053e-02 5.71288884e-01 1.92568842e-02
    2.86022007e-01 1.42647827e+00 8.04451466e-01 1.36905932e+00
    -6.45951331e-01 2.21329123e-01 -3.79558116e-01 1.68501759e+00
    7.62399316e-01 -3.90490115e-01 1.52704346e+00 2.86503106e-01
    3.14076096e-01 1.01176536e+00 -6.98041797e-01 2.05682784e-01
    1.64821017e+00 -3.33657950e-01 -4.22329873e-01 -6.15951777e-01
    9.02954459e-01 1.74822569e+00 5.74798346e-01 -6.69360161e-01
    1.54819083e+00 1.40390122e+00 1.40213323e+00 1.56638622e-01
    1.47913921e+00 1.67343843e+00 -4.40482080e-01 1.57784391e-02
    -1.10509686e-01 -2.39871755e-01 6.74363226e-02 1.06730115e+00
    1.41468740e+00 5.80831587e-01 1.06010549e-01 -7.14231551e-01
    -4.41000938e-01 1.28474927e+00 -7.74641633e-01 9.69334960e-01
    1.21352613e+00 -9.00803432e-02 -7.49021053e-01 3.70292753e-01
    -3.60996902e-01 1.28519404e+00 6.26551151e-01 -2.81395704e-01
    -2.21921444e-01 -1.38523415e-01 1.75829172e+00 -2.05462053e-01
    -5.12946427e-01 -5.24700463e-01 1.38252270e+00 2.81148612e-01
    8.59720647e-01 1.56346631e+00 -2.94498503e-01 1.41435802e+00
    8.37085783e-01 -4.33431208e-01 -5.56259334e-01 1.49773264e+00
    8.86060119e-01 8.16547573e-01 -7.34555721e-01 -1.47602230e-01
    6.79410875e-01 1.47237182e+00 1.04721320e+00 1.42266321e+00
    1.62664676e+00 4.33085114e-01 7.30122983e-01 1.41105807e+00
    1.53462946e+00 4.47840214e-01 -1.01964980e-01 1.00320184e+00
    1.57146657e+00 1.05830777e+00 4.08137590e-02 -3.87413830e-01
    1.27718532e+00 -3.68775874e-01 1.52237266e-01 1.03314722e+00
    -6.03734672e-01 1.50760424e+00 -5.58164477e-01 4.34055924e-03
    -3.39451045e-01 9.34497237e-01 1.75094724e+00 -5.06758392e-01
    1.21063852e+00 3.91875505e-02 1.39655387e+00 1.35058784e+00
    -3.82568359e-01 1.23936224e+00 -1.88870028e-01 1.30237222e+00
    -3.31724882e-01 1.80297899e+00 6.12080209e-02 8.21319997e-01
    -1.65427759e-01 1.64103067e+00 1.73039138e+00 5.29100478e-01
    1.49712372e+00 -5.19380927e-01 8.33187640e-01 8.32794845e-01
    5.48022747e-01 -4.37292725e-01 1.25847805e+00 -4.81635779e-01
    -2.94911504e-01 1.81840897e+00 -1.63084090e-01 -3.12041849e-01
    7.75055215e-02 1.47134733e+00 9.99609053e-01 6.14832819e-01
    7.58721650e-01 -3.96503299e-01 -4.08182025e-01 4.02071595e-01
    -4.58501667e-01 -7.01530337e-01 -6.96970284e-01 3.15754890e-01
    2.88703263e-01 2.87728369e-01 -6.95174515e-01 1.09327424e+00
    -3.35006088e-01 -2.42476612e-01 -4.17881429e-01 -5.16289115e-01
    5.05541742e-01 1.04034138e+00 -6.41439438e-01 7.61337355e-02
    -2.60535598e-01 1.32124019e+00 1.45915771e+00 -7.37660587e-01
    1.31544709e+00 7.12534487e-01 -6.57146752e-01 -7.97368824e-01
    3.23552579e-01 1.68123436e+00 5.15546858e-01 -9.01291370e-02
    -5.46982825e-01 1.55423284e+00 1.50193155e-01 -7.82765687e-01
    1.70695508e+00 -1.76622450e-01 4.87654582e-02 -5.24432480e-01
    -4.36445594e-01 5.34912705e-01 -2.08756447e-01 -7.95209408e-01
    -5.40123641e-01 -5.92380650e-02 2.68073261e-01 6.93356872e-01
    8.13798070e-01 -4.33357596e-01 9.49841067e-02 -2.43069872e-01
    9.33442950e-01 5.68522334e-01 -5.76589048e-01 1.77757823e+00
    3.77497405e-01 9.05243099e-01 1.74579322e-01 2.00927997e+00
    3.63681853e-01 1.69883668e-01 1.53662574e+00 -1.36059716e-01
    1.55477953e+00 7.91736782e-01 8.11384201e-01 1.16624689e+00
    1.35072875e+00 6.14345193e-01 2.61493236e-01 1.14166415e+00
    6.47902668e-01 -6.39442027e-01 3.39209110e-01 2.65604675e-01
    2.80150592e-01 1.28407553e-02 -3.22060913e-01 6.46701396e-01
    8.07466730e-02 5.80359280e-01 1.08608685e-01 1.04040706e+00
    5.14638312e-02 1.56196162e-01 1.42535418e-01 4.89510685e-01
    1.43775296e+00 1.08417368e+00 1.67394841e+00 8.26864064e-01
    3.54302585e-01 3.65291774e-01 -9.73875076e-02 1.50972104e+00
    1.00463796e+00 -4.88299459e-01 5.68054438e-01 2.74799705e-01
    6.21636808e-01 1.31038797e+00 1.57989979e-01 -3.30644906e-01
    1.21058667e+00 4.87533420e-01 9.94537473e-01 2.66258538e-01
    -4.29776520e-01 9.48514163e-01 1.15788527e-01 -6.01019561e-01
    8.61670315e-01 1.67883563e+00 1.26176405e+00 -5.78985333e-01
    -4.48324531e-02 1.43207479e+00 -5.57589412e-01 -4.72979248e-02
    5.53787589e-01 4.43462223e-01 -5.33045709e-01 7.79951572e-01
    4.04913247e-01 -2.38711193e-01 1.46900606e+00 9.00672097e-03
    3.02312434e-01 1.18059850e+00 -4.60709065e-01 2.54112363e-01
    1.15082157e+00 3.54661405e-01 -6.84077963e-02 7.51426160e-01
    5.34040749e-01 1.52416241e+00 1.50185895e+00 -4.85417604e-01
    -4.69434381e-01 -5.35470665e-01 -2.00965673e-01 3.18090290e-01
    -2.05005124e-01 1.75662991e-02 -6.69689238e-01 9.95676458e-01
    1.10803080e+00 -6.82981908e-01 -4.25554812e-02 1.20926142e+00
    -5.96560836e-01 4.93341714e-01 1.67985141e+00 -4.52529162e-01
    -3.66345346e-02 2.64657326e-02 8.48652899e-01 -4.45129305e-01
    1.41725838e+00 1.23279977e+00 1.09126616e+00 1.07300687e+00
    9.61997434e-02 1.35190678e+00 -4.90752250e-01 9.78804290e-01
    -1.54472500e-01 4.29810375e-01 3.15186441e-01 -4.25626338e-01
    -2.84643441e-01 -4.86957207e-02 7.03543007e-01 -5.24179280e-01
    -6.26607656e-01 -5.59264898e-01 -4.52784061e-01 9.82958794e-01
    -6.12028122e-01 -2.91075051e-01 -3.24843265e-02 5.69886386e-01
    -4.29417700e-01 4.87451941e-01 -6.16517901e-01 7.47044802e-01
    -6.87360883e-01 -6.23581111e-01 1.43503237e+00 -2.40575299e-01
    6.18256927e-01 8.70361984e-01 -5.45765042e-01 3.17718446e-01
    -4.90686625e-01 -2.18234107e-01 3.39084148e-01 1.43648231e+00
    3.34088981e-01 -1.59098759e-01 -1.98885813e-01 1.37515712e+00
    -1.27287582e-01 -7.80194938e-01 1.03459036e+00 -5.38716018e-01
    -2.43382841e-01 2.65256673e-01 4.67746228e-01 8.97345722e-01
    1.60661948e+00 1.06828773e+00 -3.56337786e-01 6.42927051e-01
    1.37907135e+00 7.23406374e-01 -1.96805447e-01 2.13610038e-01
    -5.63845634e-01 5.43294907e-01 1.59191418e+00 8.36208582e-01
    1.48165584e+00 8.66906494e-02 1.15406349e-01 9.61673319e-01
    1.51114476e+00 1.37851453e+00 -2.72798359e-01 1.50531262e-01
    -4.40158397e-01 7.62838349e-02 1.01125550e+00 2.70388544e-01
    -7.57420063e-01 1.89572051e-01 1.01430643e+00 -2.65072495e-01
    1.00263372e-01 8.08433056e-01 1.20022081e-01 3.08314562e-01
    7.63957620e-01 4.28486645e-01 3.39003056e-01 -1.09504037e-01
    -4.66956675e-01 -2.15369374e-01 -2.89616942e-01 6.31637454e-01
    3.13289255e-01 -4.91801724e-02 6.21322155e-01 -1.25842288e-01
    6.44353747e-01 1.70520246e+00 -7.12871373e-01 1.19481707e+00
    -2.30532825e-01 7.76330754e-02 -3.00891548e-01 1.22493529e+00
    1.09438777e+00 4.39093918e-01 6.18657358e-02 9.71212268e-01
    1.61058819e+00 1.87478736e-01 8.21718991e-01 1.10734594e+00
    1.71027315e+00 6.22508466e-01 -2.13212937e-01 -7.12040603e-01
    -7.00128138e-01 1.56235325e+00 1.63597000e+00 -3.56796622e-01
    7.78815389e-01 1.27361107e+00 -5.16713738e-01 1.24385071e+00
    9.67636466e-01 1.18756449e+00 -6.59209430e-01 -8.58988822e-01
    9.94922578e-01 1.97394818e-01 -3.80056322e-01 2.07826003e-01
    -6.99245095e-01 -1.12500399e-01 1.58684242e+00 6.54687941e-01
    4.04130995e-01 1.52926421e+00 -5.99283814e-01 1.44567049e+00
    5.69512725e-01 -1.70953926e-02 1.02355611e+00 4.62482303e-01
    -5.27246416e-01 -6.95546091e-01 1.86731696e+00 7.03708708e-01
    -4.13152426e-01 -4.37163442e-01 1.46506548e+00 -1.98900774e-01
    -1.94940671e-01 9.93316531e-01 1.38661468e+00 2.49515200e+00
    -2.88920671e-01 1.40150166e+00 2.39487618e-01 1.55913937e+00
    8.42443347e-01 -1.36597767e-01 4.07405019e-01 1.69898427e+00
    8.65945935e-01 5.65342128e-01 -3.10216546e-01 4.85158473e-01
    5.69486678e-01 3.30846757e-01 2.59060204e-01 1.21028841e+00
    2.53755927e-01 5.07690310e-01 9.50104952e-01 4.71859038e-01
    5.06466269e-01 9.80974853e-01 3.10199529e-01 1.31912744e+00
    9.24021304e-01 -1.30319968e-01 1.05482244e+00 -6.11444592e-01
    5.09618640e-01 -4.29916501e-01 1.51939261e+00 1.42898488e+00
    -1.03301570e-01 9.62664068e-01 1.81758136e-01 7.83011854e-01
    1.29607141e+00 6.29057959e-02 -3.11663449e-02 5.58982510e-03
    1.48397481e+00 1.25822461e+00 1.16351473e+00 3.08977336e-01
    2.22444132e-01 1.65107548e+00 5.20966053e-02 9.73453522e-01
    3.50824237e-01 1.38093340e+00 7.64453173e-01 -7.16144800e-01
    2.53359258e-01 -2.08692566e-01 3.48979473e-01 2.32131153e-01
    2.24209934e-01 -5.17932832e-01 -7.64615238e-01 6.45236611e-01
    -1.62656069e-01 1.05370201e-01 9.59296465e-01 1.07482004e+00
    4.04186994e-01 1.20800757e+00 5.99669158e-01 1.04741502e+00
    -6.20795190e-02 3.56317550e-01 -3.99297237e-01 9.10047948e-01
    -4.05419946e-01 9.31825954e-03 2.39058971e-01 1.08469689e+00
    2.91644126e-01 -1.97236761e-01 5.63623309e-01 6.65789962e-01
    1.79259336e+00 -3.91090959e-01 -7.95029402e-02 5.54909697e-03
    1.28397834e+00 -9.84816998e-02 1.19261456e+00 2.53804326e-01
    -2.98599809e-01 1.38208210e+00 8.98446441e-02 1.35672927e+00
    1.01976633e+00 6.63919091e-01 4.91800636e-01 1.08238173e+00
    8.18804145e-01 4.53963399e-01 1.71799076e+00 8.84490788e-01
    -3.12027216e-01 8.52356613e-01 1.48483229e+00 1.50843120e+00
    1.13711023e+00 1.41142404e+00 -8.87080580e-02 1.59147561e+00
    1.53325343e+00 1.73238111e+00 1.51164830e+00 1.17692864e+00
    6.41250074e-01 1.26639307e+00 -4.53875810e-02 -4.61165130e-01
    1.38958204e+00 -3.33716646e-02 1.52817178e+00 -4.27645683e-01
    1.66606748e+00 5.32323718e-01 5.45457453e-02 -8.09721723e-02
    8.27485346e-04 -4.90550458e-01 9.80047703e-01 6.76980853e-01
    1.32461059e+00 3.68154421e-02 1.12259936e+00 9.46676210e-02
    1.41123414e-01 1.59546137e+00 1.41578436e+00 8.64064753e-01
    1.31534564e+00 1.15988620e-01 -1.54646888e-01 -3.47541362e-01
    3.08857381e-01 5.95406651e-01 1.29048800e+00 1.14309394e+00
    -1.64010748e-01 1.18763876e+00 1.65589368e+00 1.13841021e+00
    -1.17298931e-01 -3.54521543e-01 -1.96167529e-01 1.22076488e+00
    1.20171130e+00 -4.33791131e-01 1.20121539e+00 9.39906657e-01
    1.02757454e+00 -2.43627802e-01 3.98088336e-01 -4.31121200e-01
    1.21775186e+00 1.05581284e+00 1.50506866e+00 -2.60586351e-01
    2.77650863e-01 1.42835383e-03 2.10618153e-01 -1.32617429e-01
    7.78261602e-01 1.09092772e+00 1.12741906e-02 7.42838562e-01
    1.58447623e-01 1.39747465e+00 3.91033858e-01 -3.52478713e-01
    9.79738593e-01 1.53454852e+00 3.67565662e-01 1.38426137e+00
    5.09609915e-02 -1.00355208e-01 6.48652673e-01 6.91849947e-01
    9.03427005e-01 -1.12596020e-01 1.57417989e+00 -6.43712401e-01
    1.43340290e-01 -4.71964657e-01 9.43496048e-01 7.11249337e-02
    1.24044216e+00 -3.30306411e-01 -3.63834620e-01 -2.93691546e-01
    1.32445872e-01 9.19495106e-01 8.87034088e-02 1.27160800e+00
    8.29793692e-01 -5.76776713e-02 1.15265894e+00 1.12097859e+00
    -1.18718512e-01 -2.76277903e-02 -2.63582349e-01 1.39419305e+00
    5.75247705e-01 8.86801600e-01 1.34664619e+00 5.21535039e-01
    -1.55205652e-01 -6.11388572e-02 8.75461221e-01 -6.33720815e-01
    1.58012915e+00 -1.61476266e-02 1.59760487e+00 1.55739319e+00
    1.50843203e+00 -7.72028685e-01 2.60805488e-01 1.19545984e+00
    1.04225767e+00 -6.17572628e-02 6.88483357e-01 1.92587569e-01
    7.62778282e-01 9.95707631e-01 9.47909892e-01 4.95723277e-01
    1.50688148e+00 -2.07499295e-01 -6.51893675e-01 1.77370799e+00
    6.36904895e-01 1.58722281e+00 3.12717378e-01 5.47654748e-01
    -7.46674001e-01 -6.83070600e-01 1.68226779e+00 1.61277711e+00
    1.14496613e+00 1.19876921e+00 1.70359242e+00 5.03657579e-01
    -2.91418638e-02 1.05491841e+00 1.63010573e+00 -2.46157706e-01
    1.68187320e+00 -5.92550576e-01 2.75899202e-01 1.37137485e+00
    1.34239852e+00 3.11078757e-01 2.62118187e-02 -4.14186090e-01
    9.17880118e-01 -7.45301604e-01 -8.09766769e-01 1.33711624e+00
    -8.15498233e-02 -2.88755417e-01 -8.33079040e-01 1.20499516e+00
    1.36931968e+00 -4.47818875e-01 -5.05036339e-02 -4.54073846e-01
    1.13231599e+00 1.05009949e+00 1.43093181e+00 -7.47282803e-01
    -1.88114256e-01 4.75542367e-01 1.23807812e+00 1.05914712e+00
    1.26782489e+00 -6.71477467e-02 1.10489213e+00 -3.76706213e-01
    1.02011096e+00 1.72325480e+00 -3.63290787e-01 8.35017264e-01
    -4.23156977e-01 -3.97790462e-01 -3.88554335e-01 6.90953076e-01
    9.36943814e-02 -1.66517794e-01 1.55418980e+00 1.21425402e+00
    1.35155952e+00 8.82813483e-02 7.40983784e-02 1.06494987e+00
    8.96253824e-01 -6.30660713e-01 1.40344036e+00 7.76632309e-01
    1.71751785e+00 -1.66157991e-01 1.66204616e-01 1.49018240e+00
    -6.45289540e-01 1.16130877e+00 -6.33743525e-01 2.10921511e-01
    1.16791975e+00 -4.82633561e-01 1.42510724e+00 9.55372214e-01
    1.18919349e+00 1.56750762e+00 -3.43684345e-01 1.58661127e+00
    5.28465033e-01 9.44497108e-01 -1.95300221e-01 8.48090947e-01
    1.37445509e+00 2.29150325e-01 1.00267386e+00 1.02792466e+00
    1.28493834e+00 -4.67968822e-01 1.49006021e+00 -7.09148347e-01
    8.80644262e-01 1.57164538e+00 1.22447860e+00 -5.58700442e-01
    -5.31134784e-01 7.83958614e-01 -3.27734292e-01 8.34177852e-01
    4.69429851e-01 1.40713465e+00 -3.00000966e-01 1.21889341e+00
    1.72663319e+00 -3.66155624e-01 1.82256177e-01 8.30293149e-02
    -4.09067959e-01 -5.95503569e-01 4.06766862e-01 4.89754111e-01
    1.16568577e+00 1.46115756e+00 8.64026308e-01 -1.08652987e-01
    2.32034102e-01 -1.01449892e-01 1.16406932e-01 9.15065646e-01
    7.53046572e-01 3.50807607e-01 1.16439879e+00 5.96214950e-01
    1.19359180e-01 1.29943681e+00 9.28203046e-01 1.33062732e+00
    1.27022731e+00 1.14655018e+00 8.56279671e-01 3.49123448e-01
    8.70053113e-01 1.11640739e+00 1.05895293e+00 1.35465240e+00
    1.03061962e+00 -5.78070223e-01 -2.70885438e-01 7.64881134e-01
    1.86943555e+00 -5.93886256e-01 1.68581390e+00 -5.28798461e-01
    9.01942253e-02 9.71728742e-01 3.15816075e-01 1.21045065e+00
    3.69410008e-01 6.23615861e-01 2.99306393e-01 -3.70056301e-01
    1.71668720e+00 8.69020402e-01 8.77232611e-01 2.61172742e-01
    3.47179957e-02 2.48516813e-01 7.72753417e-01 3.79214227e-01
    -2.86164314e-01 7.37270832e-01 1.29141784e+00 1.36784565e+00
    8.74158502e-01 5.19715846e-01 1.40729487e+00 1.44513190e+00
    8.44460487e-01 -1.34822503e-01 -5.61596036e-01 -6.00300133e-01
    1.37660718e+00 -1.92649826e-01 7.13813901e-02 8.97234678e-01
    7.06262529e-01 1.21671081e+00 1.06053138e+00 -7.96594679e-01
    -1.86115831e-01 -8.56332667e-03 -1.03559330e-01 -8.08359161e-02
    5.27219661e-02 1.44327199e+00 -2.80308396e-01 -3.52111876e-01
    2.35614374e-01 1.45416415e+00 -2.00947747e-01 1.44095492e+00
    3.00298512e-01 1.79285139e-01 5.11643887e-01 1.45497072e+00
    1.06325841e+00 1.34224224e+00 4.35261518e-01 1.60613501e+00
    -5.61102390e-01 -6.00007296e-01 8.41212332e-01 1.73141789e+00
    1.20210755e+00 -1.99597403e-01 4.39843804e-01 1.11298072e+00
    -1.24888688e-01 1.31989384e+00 3.67400080e-01 1.43938196e+00
    6.21532500e-01 -1.94123462e-02 1.30923069e+00 -2.13549331e-01
    1.78413737e+00 8.98540974e-01 -1.07476093e-01 6.96443856e-01
    2.77186790e-03 1.13270605e+00 1.56987023e+00 1.00830138e+00
    -2.67193019e-01 1.48378980e+00 8.09125721e-01 -7.17583656e-01
    6.74101114e-01 1.55119509e-01 6.34317935e-01 5.24185419e-01
    2.47861091e-02 1.20518482e+00 -2.62850076e-01 -1.57727838e-01
    1.53257692e+00 -5.57379663e-01 1.32223415e+00 1.27984262e+00
    6.04507685e-01 -7.24395633e-01 1.18525386e+00 -2.45565042e-01
    1.22482824e+00 1.33405375e+00 -5.40947020e-01 -3.92449617e-01
    1.74891698e+00 8.43456149e-01 -2.58338209e-02 1.30661750e+00
    1.80071950e+00 1.50634336e+00 1.29707143e-01 -1.99772343e-01
    1.19893146e+00 1.20170856e+00 1.61854208e+00 8.78064930e-01
    2.38461539e-01 -3.08198035e-01 3.71985465e-01 1.39403835e-01
    -1.90779343e-02 2.89419323e-01 1.22491765e+00 -2.62648463e-01
    1.36018288e+00 9.66493845e-01 2.17385411e-01 8.56177628e-01
    -7.17285275e-01 1.38003087e+00 1.12573957e+00 6.59114718e-01
    1.08203685e+00 1.65868461e+00 -2.37001762e-01 -4.30749148e-01
    1.14684343e+00 -4.95704055e-01 1.67009294e+00 5.48260689e-01
    3.73870462e-01 7.63396800e-01 -4.36173439e-01 1.23585522e+00
    -2.07715183e-02 -5.86976647e-01 1.68995917e+00 4.59852755e-01
    1.23252058e+00 1.26229060e+00 -2.99293339e-01 -1.55535609e-01
    1.46285832e+00 6.88213706e-01 1.10929585e+00 1.26395297e+00
    -7.03214169e-01 1.18698084e+00 -1.24864213e-01 7.65389085e-01
    -3.87391120e-01 6.52816355e-01 2.69314677e-01 1.65584803e+00
    1.76206231e+00 -7.31728733e-01 6.37755036e-01 -6.17756665e-01
    1.53188252e+00 1.55660343e+00 -8.10970306e-01 8.92790616e-01
    -3.60590786e-01 1.35453188e+00 -2.05681190e-01 7.84876049e-02
    -6.90683052e-02 1.47283256e+00 1.21363199e+00 -2.40037050e-02
    -6.57864571e-01 1.50040889e+00 5.69562674e-01 1.55839992e+00
    2.26837158e-01 4.51485753e-01 -4.29175943e-01 -6.26550755e-03
    8.33474934e-01 5.69057465e-01 -6.70431554e-01 1.22278285e+00
    2.78476149e-01 1.44540596e+00 1.28562224e+00 1.59314036e+00
    8.05204332e-01 1.32793903e+00 2.99587488e-01 -2.98005462e-01
    -7.94602931e-02 -2.60438055e-01 1.23185980e+00 -7.38449574e-01
    1.17768860e+00 1.87293336e-01 7.37270653e-01 1.72436643e+00
    1.94911167e-01 -3.09174180e-01 -1.06874079e-01 1.49132359e+00
    1.11844969e+00 4.87366855e-01 3.55249852e-01 -3.15594733e-01
    8.04113209e-01 1.36472273e+00 -5.98763883e-01 9.16766599e-02
    1.37600601e+00 4.52194028e-02 1.49178505e+00 -7.25328457e-03
    -1.19884178e-01 4.47395593e-01 5.78899682e-01 1.11696219e+00
    1.23895979e+00 9.00053203e-01 -7.03882158e-01 1.11481500e+00
    -1.71424434e-01 -6.76989377e-01 1.39034665e+00 -4.60598737e-01
    9.61334944e-01 -4.85500813e-01 3.20879191e-01 1.48500741e+00
    1.37664199e-01 2.28835091e-01 -5.46674073e-01 1.06446147e+00
    7.10942328e-01 1.98533893e-01 8.78097177e-01 4.87398535e-01
    -8.12911019e-02 1.38627028e+00 4.05383915e-01 9.48516607e-01
    4.05636728e-01 7.75515914e-01 1.44783640e+00 9.80660141e-01
    -3.70209664e-01 1.82735935e-01 1.79659951e+00 1.55445659e+00
    5.47580183e-01 -2.59753734e-01 -4.06927347e-01 1.55445993e+00
    1.47015822e+00 2.72748191e-02 -4.65987921e-01 6.22005463e-01
    -7.80133978e-02 -4.32690233e-01 1.71697009e+00 1.30654597e+00
    5.84663749e-02 7.25246593e-02 -2.25740433e-01 1.24183321e+00
    1.08182263e+00 -3.83135155e-02 1.34524870e+00 8.25350046e-01
    3.99430543e-01 1.49567342e+00 6.38262570e-01 1.17294073e-01
    8.60278964e-01 1.34917176e+00 1.28294396e+00 1.57386160e+00
    9.70200539e-01 1.39984286e+00 9.21712160e-01 -2.52938271e-01
    1.46122110e+00 1.32171142e+00 -3.46073389e-01 1.37895811e+00
    4.11180198e-01 1.42241192e+00 -4.63138133e-01 1.08601856e+00
    -2.90845931e-01 3.65109563e-01 7.78533161e-01 -3.58548611e-01
    2.94793069e-01 1.47970772e+00 -4.14644122e-01 1.16204381e+00
    1.60406113e+00 1.28564847e+00 9.07173872e-01 9.15137708e-01
    -5.64484775e-01 -5.01001656e-01 1.00328934e+00 5.61035454e-01
    9.96547818e-01 1.75537634e+00 1.45502734e+00 -1.12055652e-01
    1.45132720e+00 1.64588130e+00 2.78970569e-01 1.71116340e+00
    1.20594893e-02 1.43298852e+00 5.26031137e-01 -6.54712617e-01
    6.60023272e-01 3.58512402e-01 1.25979626e+00 1.08205521e+00
    1.16248345e+00 -4.04704571e-01 -7.43629575e-01 1.26199961e-01
    1.66896570e+00 1.41303313e+00 -1.49661332e-01 1.07997990e+00
    6.64985955e-01 3.00732255e-02 1.54248762e+00 -5.71869552e-01
    -4.78974432e-01 1.43618977e+00 1.27712750e+00 7.16181338e-01
    -6.04868174e-01 1.53830934e+00 1.49635434e+00 1.16872287e+00
    1.09654772e+00 6.68168783e-01 1.45817518e+00 1.57419515e+00
    1.58648288e+00 1.05005777e+00 6.02859855e-01 3.44570845e-01
    1.72721946e+00 2.94504583e-01 2.64969409e-01 7.82367170e-01
    -7.45339751e-01 1.27791882e-01 8.43797505e-01 1.10483646e+00
    1.44160295e+00 -1.05113365e-01 1.33771598e+00 6.11467719e-01
    -2.97369659e-01 1.08148539e+00 -1.12909697e-01 -5.58081746e-01
    -4.81174082e-01 5.19715369e-01 2.93514192e-01 -6.41376555e-01
    -1.69838160e-01 -5.95689774e-01 8.29609990e-01 2.26160240e+00
    9.77628410e-01 -2.61212001e-03 7.34306455e-01 -2.84205794e-01
    8.90432656e-01 1.34484386e+00 7.37845376e-02 -4.15723711e-01
    1.30649006e+00 -2.72688281e-04 1.54890740e+00 2.62797475e-01
    1.52097106e+00 7.35374391e-01 -3.48014921e-01 1.63695717e+00
    2.63762355e-01 9.41830158e-01 5.26033700e-01 -1.52110472e-01
    -5.42356730e-01 -4.04065967e-01 1.59555793e+00 4.07519877e-01
    1.21241903e+00 1.40296316e+00 1.52727246e+00 -7.86492288e-01
    -7.24072516e-01 6.35467827e-01 1.07256794e+00 -1.48080379e-01
    -1.80629924e-01 2.33888984e-01 1.30684957e-01 -4.29073781e-01
    -1.67223811e-01 1.79439887e-01 1.34327590e+00 9.22733366e-01
    1.66690540e+00 -5.03324807e-01 8.62137854e-01 6.13503098e-01
    1.13365507e+00 3.45779955e-01 -1.94352403e-01 9.14428353e-01
    3.77250761e-01 5.93326911e-02 -3.35735157e-02 5.18823802e-01
    4.51933533e-01 8.90924931e-01 1.00774014e+00 1.36740208e+00
    -3.04057598e-01 1.64379692e+00 -1.67159632e-01 1.58031851e-01
    -6.44746602e-01 1.74543130e+00 2.62516767e-01 -6.12154543e-01
    3.27112526e-01 -8.70824754e-01 1.59661925e+00 1.42956710e+00
    8.32828701e-01 7.67731845e-01 -4.61922996e-02 1.84424251e-01
    -5.10270417e-01 1.12042975e+00 6.33225322e-01 1.12270355e+00
    -1.45696461e-01 1.79424059e+00 2.48647764e-01 -2.54713327e-01
    6.40341789e-02 2.78019935e-01 1.24226701e+00 1.06023574e+00
    7.89385021e-01 1.79826364e-01 8.51755589e-02 9.54640150e-01
    1.36373985e+00 1.70945978e+00 -2.06202835e-01 6.68614134e-02
    1.30545899e-01 5.74548006e-01 -6.24309301e-01 -2.12096572e-01
    9.40148234e-01 7.84334660e-01 8.70978057e-01 -2.30086267e-01
    2.90393025e-01 8.91644716e-01 -6.74090505e-01 8.34682763e-01
    1.34679413e+00 -1.81075528e-01 -6.14875019e-01 1.21472359e+00
    -7.15259314e-01 1.10620427e+00 -5.31615913e-01 -8.00552487e-01
    9.06622231e-01 7.30497181e-01 1.14292538e+00 -3.75008702e-01
    1.09459341e+00 -4.85325828e-02 1.23010421e+00 1.84752211e-01
    -6.49872243e-01 -1.07935011e-01 -1.80821866e-01 1.61449206e+00
    -4.07472104e-01 1.83158374e+00 -6.62895799e-01 4.93184566e-01
    -2.41969302e-01 3.66187334e-01 -3.82062852e-01 5.09130538e-01
    -7.35388875e-01 1.69662178e-01 -6.87742889e-01 8.31412196e-01
    9.93944824e-01 1.28443730e+00 7.78610826e-01 6.40640676e-01
    2.38241285e-01 1.50774527e+00 -3.17137651e-02 1.21529734e+00
    6.58028543e-01 -7.76621580e-01 9.70390320e-01 -3.36283594e-01
    8.98052633e-01 -9.13799345e-01 8.39945316e-01 -6.03860617e-01
    1.76195300e+00 -6.67244419e-02 4.63240743e-01 -5.80740929e-01
    -4.74835277e-01 -5.48204541e-01 1.32209837e+00 4.98435289e-01
    3.18743914e-01 7.77982533e-01 -1.44910365e-01 6.45413473e-02
    1.46997452e+00 1.43010473e+00 9.56412137e-01 -6.15933120e-01
    -4.04242039e-01 1.27628326e+00 -1.75832227e-01 1.78394818e+00
    9.95469093e-02 -5.40841579e-01 -5.18463373e-01 4.79075581e-01
    4.15436983e-01 -7.32065201e-01 -9.61117595e-02 -5.36679685e-01
    -5.05176008e-01 1.11631191e+00 9.35253203e-01 1.12760639e+00
    1.70966423e+00 9.12800074e-01 -3.92781377e-01 1.03586443e-01
    1.26808083e+00 1.27510279e-01 1.48860681e+00 5.57461404e-04
    1.84197739e-01 1.28165519e+00 -7.01916814e-02 3.03964674e-01
    -5.62816486e-02 5.82729340e-01 4.05044138e-01 3.65830600e-01
    1.25691068e+00 -4.27565366e-01 1.62478268e+00 1.26571202e+00
    -4.21909004e-01 9.34387326e-01 2.98020154e-01 2.13886544e-01
    6.10160828e-01 1.68761864e-01 1.62121379e+00 -5.07587552e-01
    -6.80937648e-01 3.17569226e-01 1.06804526e+00 9.47197258e-01
    -1.24010351e-02 4.99572486e-01 -6.65331423e-01 6.21966839e-01
    5.17241776e-01 6.01869226e-02 -2.82680809e-01 1.42918110e+00
    8.87027085e-01 2.16646269e-01 -5.73734999e-01 1.42345536e+00
    1.52822065e+00 1.04467916e+00 9.60423946e-01 1.00837471e-02
    -5.36121465e-02 4.00512815e-01 -6.75426066e-01 -3.88522267e-01
    3.58961582e-01 8.77076387e-01 1.01026273e+00 7.31582761e-01
    -8.87545794e-02 3.59476775e-01 -2.17383787e-01 1.63050663e+00
    -4.03891981e-01 1.28577590e+00 -6.06623113e-01 1.36039877e+00
    6.84945583e-01 2.42036492e-01 -4.52306181e-01 1.26386130e+00
    3.80649596e-01 9.79144424e-02 1.55561340e+00 1.01176643e+00
    3.94949347e-01 1.24349570e+00 4.65444386e-01 6.82280838e-01
    -4.81507987e-01 1.59739509e-01 1.45371771e+00 1.56518626e+00
    1.49576128e+00 1.70085394e+00 -5.36983371e-01 1.44983459e+00
    1.49933004e+00 2.52380788e-01 -5.24255931e-01 2.06447959e-01
    3.73706192e-01 8.39207888e-01 1.82511532e+00 5.77476978e-01
    1.24389815e+00 -7.38024473e-01 8.75689030e-01 -5.23802340e-01
    1.33402503e+00 6.01501167e-01 9.95589420e-02 -5.24953902e-01
    -2.17015281e-01 1.55716732e-01 8.25194836e-01 1.21235895e+00
    -1.42682299e-01 4.37138528e-02 8.69481564e-02 -3.17955911e-01
    -2.57081389e-01 1.81581318e+00 1.47580564e+00 -2.83256769e-01
    3.08772475e-01 5.10632217e-01 -1.31687909e-01 1.28099680e+00
    1.50355935e+00 8.13829124e-01 1.38677430e+00 1.53699875e+00
    1.30814111e+00 -7.96457306e-02 5.56714177e-01 -3.34528327e-01
    2.03733519e-01 4.55186665e-01 1.58653617e-01 -8.79534855e-02
    -5.28828800e-02 1.35234761e+00 -5.62384963e-01 -5.29914439e-01
    -1.81741834e-01 -6.61257982e-01 1.16374290e+00 2.56087989e-01
    5.00325620e-01 1.52014482e+00 7.09724903e-01 -5.43462813e-01
    1.23224425e+00 7.27827609e-01 9.41559553e-01 1.22536421e+00
    1.48502612e+00 -2.44090736e-01 1.43907249e+00 1.31078446e+00
    1.59762442e+00 5.73784649e-01 -5.98966897e-01 -9.62413698e-02
    1.73311579e+00 1.42491710e+00 4.15626764e-01 -4.51473475e-01
    -4.88175243e-01 -1.60520121e-01 -5.81091940e-01 1.73899591e+00
    -1.16571456e-01 1.77475941e+00 9.87509906e-01 -2.67997801e-01
    1.03126216e+00 3.62431258e-01 -2.78678626e-01 6.10061847e-02
    2.10324630e-01 3.10257763e-01 1.20349455e+00 9.03591692e-01
    1.47752941e+00 2.28015870e-01 -2.05136705e-02 1.38178480e+00
    5.03973961e-01 4.35683340e-01 1.15538371e+00 2.76710212e-01
    -6.80681095e-02 3.62551987e-01 -5.66127002e-01 8.96691322e-01
    5.16097367e-01 -5.67716122e-01 1.36748314e+00 9.67427194e-01
    7.42470086e-01 7.05405712e-01 -8.92530754e-02 1.07957339e+00
    2.18471035e-01 -1.67441443e-01 -1.53258249e-01 1.16598761e+00
    9.82369363e-01 -7.24405423e-02 3.12312275e-01 -5.16571581e-01
    1.74580622e+00 8.15588713e-01 -2.62541920e-01 -4.39743251e-01
    -4.98144507e-01 1.56994784e+00 1.02263939e+00 7.93609619e-01
    -1.28148291e-02 1.65660214e+00 -4.07109052e-01 8.88864398e-01
    8.56670558e-01 -2.47841794e-02 -6.22771680e-01 9.07988846e-01
    9.70816612e-03 2.90894206e-03 1.64895785e+00 -8.91203508e-02
    1.31856352e-01 -3.60563576e-01 -2.37641066e-01 7.73164809e-01
    1.57553661e+00 4.09185797e-01 1.43903673e+00 4.38928455e-01
    5.21589577e-01 -7.65622020e-01 1.32921410e+00 5.44539809e-01
    5.83918691e-01 5.84512711e-01 -8.30484927e-01 -5.86471498e-01
    1.27838087e+00 1.62868178e+00 1.56500548e-01 8.37604702e-01
    9.93127301e-02 9.64756310e-01 9.83422101e-01 1.38639808e-01
    7.88701117e-01 -9.73454565e-02 1.41587281e+00 8.11546624e-01
    -5.04334509e-01 -1.91312435e-03 6.84497654e-01 -3.83649826e-01
    1.13417947e+00 1.06640160e+00 8.65940094e-01 -4.61829096e-01
    1.18832338e+00 8.59242976e-01 -8.09585601e-02 -4.20069188e-01
    1.67192030e+00 1.02363601e-01 -3.49612802e-01 2.57978469e-01
    5.53784966e-01 5.13295494e-02 -4.32201922e-01 1.40660751e+00
    -6.76063240e-01 -5.52954018e-01 1.35912490e+00 1.73504460e+00
    -2.11061224e-01 3.18622887e-01 -1.00077301e-01 5.54132760e-01
    1.65159687e-01 1.34839892e+00 -7.27751330e-02 1.59532353e-01
    1.43400776e+00 8.59653234e-01 -7.14961052e-01 1.74187136e+00
    5.40173948e-01 3.63338262e-01 3.35760832e-01 -5.85350282e-02
    1.21868026e+00 8.36801827e-01 6.45622253e-01 -2.53318131e-01
    1.50195682e+00 1.10175765e+00 1.50980175e+00 2.27510706e-01
    -1.11007161e-01 3.76066208e-01 1.62641466e+00 7.12244689e-01
    -1.66365206e-01 9.93737936e-01 1.34214687e+00 -2.47788563e-01
    1.71473956e+00 2.19974175e-01 -2.53968060e-01 -2.63111629e-02
    1.70998335e+00 -5.28610051e-01 9.47251201e-01 1.12047970e+00
    1.07471859e+00 1.83377132e-01 1.08423376e+00 7.97696471e-01
    5.54370210e-02 1.71296799e+00 7.12187588e-02 -4.34395730e-01
    2.47969151e-01 8.62662017e-01 1.07130373e+00 1.57820463e+00
    -2.16032460e-01 1.49622276e-01 -1.71759859e-01 1.08918905e+00
    1.62655890e+00 -4.17280793e-01 1.61602664e+00 -6.86013758e-01
    -1.87293604e-01 1.16200335e-01 1.00913250e+00 -5.09931922e-01
    1.04544170e-01 1.45133567e+00 -2.70337164e-01 2.77750432e-01
    1.95315838e-01 -4.52637732e-01 -4.83691514e-01 -1.43816667e-02
    8.96269143e-01 5.87369390e-02 1.34041703e+00 2.01649949e-01
    1.29414272e+00 1.32499731e+00 -8.27394947e-02 1.51705134e+00
    -3.25030118e-01 2.24318460e-01 -6.31857574e-01 2.91040480e-01
    1.29171753e+00 1.59797025e+00 9.53240991e-01 -6.24761760e-01
    8.38020205e-01 1.32005405e+00 7.46532857e-01 5.59997335e-02
    -3.50915305e-02 9.13990557e-01 6.65440917e-01 1.25958353e-01
    -7.80623198e-01 6.61982834e-01 5.80406010e-01 1.49343610e+00
    6.70846641e-01 -4.76964682e-01 1.10078849e-01 -6.88605011e-01
    1.09780800e+00 7.37783492e-01 1.37095034e+00 -1.38228208e-01
    1.59633231e+00 -7.19805002e-01 7.73470044e-01 -6.05678201e-01
    1.13655651e+00 -1.28000602e-01 4.41928878e-02 2.10529670e-01
    9.69882548e-01 4.87021357e-01 1.00158930e+00 1.09543897e-01
    4.92997289e-01 -6.15839779e-01 -6.40820861e-01 1.17702723e+00
    1.03475714e+00 7.29746044e-01 9.04663205e-01 4.83887285e-01
    -3.63205254e-01 1.25918925e+00 -2.83002883e-01 -2.90129066e-01
    1.18432574e-01 8.09894681e-01 -6.98451042e-01 -6.87131524e-01
    3.67588848e-01 -2.40087777e-01 4.76179272e-01 5.47401607e-02
    -3.22680980e-01 1.36770129e+00 -5.57461500e-01 -3.79846931e-01
    7.15325594e-01 1.29841459e+00 -1.68213978e-01 7.70368099e-01
    1.68825388e+00 -4.47697580e-01 9.94416535e-01 1.01283038e+00
    1.48010182e+00 7.67007053e-01 1.26146901e+00 1.45038748e+00
    4.09880638e-01 -3.73435080e-01 2.97493994e-01 1.57265985e+00
    6.94230616e-01 2.43448973e-01 4.26631391e-01 3.89846534e-01
    1.13707602e+00 1.07891345e+00 1.50466120e+00 5.36902905e-01
    1.74727976e+00 -2.35342592e-01 6.60754740e-01 -1.68629497e-01
    8.76284301e-01 1.46257317e+00 3.54113169e-02 -6.17377162e-01
    1.59710303e-01 1.27318755e-01 -1.83524311e-01 -4.49577719e-01
    1.59292543e+00 -5.81111610e-01 1.82872212e+00 -1.97772592e-01
    -1.51615530e-01 -1.19563416e-01 -1.08250201e-01 -2.14202702e-01
    3.96388680e-01 1.19453251e+00 1.10025001e+00 1.25432873e+00
    3.51504976e-04 1.47302508e+00 -4.86375660e-01 1.74512470e+00
    1.43804681e+00 7.28273928e-01 -4.03815538e-01 4.69253749e-01
    1.24674238e-01 -4.29053724e-01 1.75452089e+00 5.67897618e-01
    -3.36304992e-01 5.25139630e-01 1.26947904e+00 4.30257022e-01
    1.60400212e+00 5.52348316e-01 -5.53576648e-02 -2.57925957e-01
    1.54533982e+00 -6.48885891e-02 5.37523210e-01 3.21441114e-01
    1.34756851e+00 5.09368241e-01 -8.43610823e-01 -4.91845757e-01
    4.01159555e-01 -3.74082774e-02 8.78370881e-01 2.63532192e-01
    7.44285733e-02 1.63419795e+00 1.19285917e+00 1.33497822e+00
    -3.10340911e-01 8.73138979e-02 5.87722182e-01 9.80261922e-01
    1.44652927e+00 -6.99761689e-01 1.72822821e+00 2.70603180e-01
    3.18624914e-01 -1.80914924e-01 -7.38129616e-01 -7.07759738e-01
    9.26834285e-01 7.67037332e-01 1.01379001e+00 -9.48142111e-02
    -7.10825741e-01 6.34088814e-02 1.88319430e-01 1.15535760e+00
    1.23444366e+00 1.64637446e+00 1.28942907e-01 -2.16648504e-01
    3.25676501e-01 -5.51242232e-01 4.79239881e-01 -8.03701282e-02
    4.84770715e-01 -7.50981390e-01 4.46690321e-01 -7.10418880e-01
    1.59727597e+00 -1.76113293e-01 1.33035767e+00 1.52881846e-01
    1.06660402e+00 7.29584336e-01 5.23942590e-01 -4.88272369e-01
    6.90093517e-01 -3.86273921e-01 4.46786106e-01 9.57073927e-01
    7.14850128e-01 9.24455598e-02 -3.68807763e-01 4.77878153e-01
    1.08435261e+00 -6.42199159e-01 1.12800574e+00 1.54427397e+00
    8.34326923e-01 -6.63646519e-01 -4.80053246e-01 1.42731786e-01
    -1.52580917e-01 -7.61914372e-01 1.44270360e-01 1.29065084e+00
    7.42049336e-01 1.16952968e+00 -6.60586536e-01 5.62772274e-01
    1.47731972e+00 7.49577224e-01 -3.27883273e-01 -4.40274984e-01
    1.59404707e+00 1.31786537e+00 -8.94480228e-01 6.03891015e-01
    8.64283800e-01 -3.91302884e-01 -5.41902125e-01 1.80220091e+00
    1.29110718e+00 -6.90398872e-01 3.01587880e-01 1.41561401e+00
    8.22023988e-01 9.14227724e-01 2.71379977e-01 1.75172114e+00
    6.25919819e-01 1.43061507e+00 1.09424897e-01 1.00489609e-01
    -4.61045414e-01 -4.88634527e-01 5.86773872e-01 8.77353549e-01
    1.16203535e+00 1.39853573e+00 -4.06960219e-01 -3.52760643e-01
    -4.92726386e-01 -4.63556290e-01 -3.67795289e-01 1.23246205e+00
    1.57673490e+00 -2.82204121e-01 -7.45837510e-01 -1.59621254e-01
    1.44365104e-02 1.98213071e-01 1.09403002e+00 -3.31066638e-01
    2.59381384e-01 1.61248076e+00 9.43406403e-01 -1.73432410e-01
    1.13814557e+00 1.39566374e+00 1.03885293e+00 1.95493340e-01
    3.99104029e-01 8.86927009e-01 3.04519385e-01 1.30884993e+00
    -6.14904225e-01 -3.18876117e-01 -7.00018585e-01 -1.75006956e-01
    1.70129895e+00 1.42038286e+00 5.14867842e-01 2.46034205e-01
    2.44036734e-01 8.94213080e-01 -2.07616195e-01 -5.37205994e-01
    1.43017685e+00 1.33249000e-01 2.15947896e-01 1.88939586e-01
    1.60580814e+00 -3.41348559e-01 1.36517918e+00 9.38641191e-01
    -1.98881581e-01 -5.03219604e-01 1.15894794e+00 1.44096947e+00
    1.33681655e-01 3.40320587e-01 1.47971404e+00 -2.20976230e-02
    1.66057599e+00 5.74862003e-01 6.68308139e-01 -5.36046624e-01
    9.83870864e-01 1.56905031e+00 4.87285912e-01 -5.72400808e-01
    1.37712955e+00 7.78304517e-01 -5.23242831e-01 7.26793528e-01
    -2.51960814e-01 8.57997239e-01 7.69321203e-01 -4.17651147e-01
    6.50848746e-02 9.53720689e-01 1.25922036e+00 6.70203924e-01
    -7.99952820e-02 1.41805255e+00 4.59420979e-01 -6.60849094e-01
    6.59787714e-01 -4.10354942e-01 3.19568396e-01 1.42589438e+00
    6.41832173e-01 1.14219201e+00 1.15157568e+00 1.59449422e+00
    1.26324010e+00 5.38197935e-01 -7.57343531e-01 3.01110566e-01
    1.48681927e+00 1.10742545e+00 5.51749587e-01 1.62434757e+00
    3.37416679e-01 4.02709335e-01 -2.98936740e-02 8.25516760e-01
    -2.51376599e-01 -7.24691153e-01 -4.41451788e-01 -6.97594345e-01
    1.34387732e+00 5.19808590e-01 7.51143843e-02 8.74431014e-01
    1.53492317e-01 7.65729487e-01 6.26051188e-01 -2.85537124e-01
    8.14762294e-01 1.48598576e+00 7.22281754e-01 -4.73596126e-01
    8.90092313e-01 6.89898968e-01 9.68716383e-01 6.92642868e-01
    1.47679639e+00 1.49988210e+00 1.01818025e+00 -1.86366469e-01
    -5.78357995e-01 1.35672128e+00 1.13563704e+00 1.59157073e+00
    -4.53167558e-01 2.32599765e-01 -2.78916955e-01 -3.21909010e-01
    -6.10141873e-01 1.51282728e+00 -3.92299145e-01 1.52558410e+00
    1.66883314e+00 5.80105960e-01 4.86871719e-01 1.61042941e+00
    3.79419506e-01 1.49664080e+00 -3.23281288e-01 1.06883967e+00
    1.10178196e+00 -6.57907903e-01 4.03820962e-01 2.73606658e-01
    -1.81654871e-01 -9.74200964e-02 1.15242672e+00 1.03850496e+00
    1.78879309e+00 1.61116302e+00 1.00931275e+00 2.30233058e-01
    1.30096030e+00 1.25135303e+00 3.42179835e-01 7.94304073e-01
    4.41607714e-01 3.62372577e-01 -4.95018482e-01 -2.69466758e-01
    1.68296468e+00 1.64109981e+00 1.05950758e-01 -5.54363966e-01
    3.21382642e-01 1.30983603e+00 3.78371567e-01 1.32141542e+00
    9.47940767e-01 -2.31914535e-01 3.80255729e-02 1.27030146e+00
    1.11249995e+00 1.18361700e+00 1.21548939e+00 -2.70914644e-01
    2.03920364e-01 5.08041799e-01 7.93695092e-01 1.07283938e+00
    1.52873182e+00 1.58041406e+00 1.67283404e+00 2.45040968e-01
    9.42813158e-01 1.71979666e+00 -6.82680786e-01 1.66931105e+00
    7.87123203e-01 1.26423526e+00 -5.85985601e-01 1.69927165e-01
    9.97340441e-01 1.41388357e+00 1.11403239e+00 9.17073339e-02
    4.06361133e-01 -7.89807141e-01 1.38798380e+00 1.41313875e+00
    1.33407378e+00 -1.98371768e-01 -6.06104612e-01 1.49222374e+00
    1.32012963e+00 5.84672466e-02 -4.75145966e-01 7.12911606e-01
    1.92724675e-01 -2.06404954e-01 -2.71630913e-01 1.66299677e+00
    1.00910366e+00 6.67333603e-01 7.35297441e-01 -6.28552496e-01
    3.95707488e-01 -4.09347951e-01 1.01572633e+00 7.88140655e-01
    -1.98234200e-01 2.91048318e-01 -7.53322318e-02 1.62721646e+00
    2.60271728e-01 5.86186230e-01 3.66896123e-01 -3.66497368e-01
    8.33751500e-01 1.50007379e+00 1.41531193e+00 7.56310344e-01
    1.09543368e-01 4.24830019e-01 -2.13035658e-01 3.98556620e-01
    1.06786609e+00 3.50573957e-01 6.80903077e-01 1.19992507e+00
    1.13908339e+00 6.41481638e-01 2.91652650e-01 1.74601150e+00
    2.09475502e-01 -4.04756844e-01 9.81836021e-01 1.10568655e+00
    5.81773221e-01 1.07249096e-02 -4.91734207e-01 1.72792518e+00
    -5.99591315e-01 1.45755863e+00 -8.13970901e-03 -4.68308896e-01
    6.89445376e-01 1.76290524e+00 5.95725417e-01 1.74655187e+00
    -3.48979115e-01 -5.03037333e-01 9.80350599e-02 -2.73155540e-01
    -2.48093486e-01 3.60469788e-01 1.34902000e+00 4.66570556e-02
    1.39980960e+00 2.41781063e-02 6.96764067e-02 1.19632065e+00
    7.39827812e-01 8.49489793e-02 -6.91968501e-01 5.28945744e-01
    1.03120077e+00 1.26779020e+00 1.57111394e+00 -4.47172821e-01
    -9.08790715e-03 -3.85332495e-01 1.79682696e+00 1.22527434e-02
    1.38615108e+00 3.56344938e-01 -2.23951861e-01 1.49330944e-01
    3.65535140e-01 -5.10177791e-01 1.08356631e+00 1.64207876e+00
    2.94548631e-01 7.95142412e-01 9.83902097e-01 1.15033901e+00
    -5.76114357e-01 1.84622622e+00 1.27479410e+00 1.28493607e+00
    9.89790618e-01 2.00364850e-02 5.74307323e-01 4.36875671e-01
    1.21955705e+00 -6.47006691e-01 4.53866385e-02 -3.96171868e-01
    -5.32822669e-01 4.97665256e-01 8.47664952e-01 1.50913846e+00
    -2.02718243e-01 8.87240350e-01 1.00290686e-01 4.49716091e-01
    -3.13154668e-01 1.04949665e+00 5.66349149e-01 1.10268843e+00
    5.20980954e-01 -6.29343569e-01 1.70266378e+00 9.96150434e-01
    9.28882957e-01 1.73008084e+00 1.51905671e-01 -2.77278841e-01
    1.00616708e-01 1.44512653e+00 1.75201440e+00 4.14624065e-01
    -5.39203249e-02 4.64934856e-01 3.60740721e-01 1.61758697e+00
    -7.76646674e-01 1.41067195e+00 1.42549384e+00 9.70158279e-01
    -4.08277452e-01 1.55775380e+00 5.45946836e-01 -2.14336395e-01
    2.74270326e-01 1.96330890e-01 1.79114223e-01 3.98016214e-01
    4.30342555e-01 2.88550168e-01 5.49235165e-01 8.30229700e-01
    1.64288938e+00 -7.65849352e-01 1.61206532e+00 1.54490328e+00
    1.64455056e+00 1.33748007e+00 2.39957497e-01 -5.33177137e-01
    1.17423713e+00 1.85026929e-01 -3.20439637e-01 9.35534120e-01
    -4.38480899e-02 1.43857145e+00 -2.96343029e-01 1.64401746e+00
    8.28855515e-01 8.41687262e-01 1.23403764e+00 -6.61322296e-01
    -5.79507411e-01 -1.62625849e-01 3.03890586e-01 5.52860081e-01
    -6.30191445e-01 2.34441936e-01 4.88082431e-02 6.95977092e-01
    7.05575585e-01 -7.43661523e-01 1.16028416e+00 -2.22310409e-01
    1.77867556e+00 1.39348841e+00 -4.84258682e-01 1.29579484e+00
    -5.47878385e-01 1.11669815e+00 7.82359362e-01 2.62236714e-01
    -5.75938225e-01 -7.00561047e-01 1.69699275e+00 -6.07109070e-01
    5.82471728e-01 -7.27595925e-01 1.21109736e+00 3.20156306e-01
    1.66050005e+00 1.17757988e+00 1.11561000e+00 3.82511914e-01
    -2.81587183e-01 6.00403361e-02 8.27948570e-01 -4.64451194e-01
    -5.68438649e-01 1.46825230e+00 1.32434440e+00 -1.69063248e-02
    1.08978832e+00 8.16691279e-01 1.16217792e-01 1.00296509e+00
    9.57150817e-01 -7.46361256e-01 1.42185748e+00 1.92152113e-01
    8.20495427e-01 2.06100658e-01 9.87005830e-01 1.35201800e+00
    9.65062678e-01 9.43791449e-01 2.96482503e-01 1.60605264e+00
    -3.98874953e-02 1.68290377e+00 -3.09420258e-01 -1.74960136e-01
    1.35148740e+00 1.54270187e-01 -5.39848685e-01 4.84000891e-01
    -4.94678438e-01 9.38013434e-01 -7.47155368e-01 9.54498708e-01
    1.34389877e+00 -4.66164321e-01 5.86921871e-01 1.27685440e+00
    -4.40716028e-01 8.88905600e-02 1.38112044e+00 -3.23033094e-01
    1.51914251e+00 5.95661998e-01 -7.44510889e-01 1.33405292e+00
    7.69833982e-01 -5.47001481e-01 3.48369628e-01 1.18662512e+00
    3.41568977e-01 8.44030559e-01 -2.58848220e-01 1.24870145e+00
    1.67686772e+00 6.11862168e-02 1.26972771e+00 1.59817207e+00
    1.33054674e+00 5.14603734e-01 9.07423794e-01 1.13449180e+00
    -6.86464012e-01 -7.00099111e-01 9.15647626e-01 1.07858038e+00
    2.87990332e-01 8.03107858e-01 3.67765933e-01 1.42251596e-01
    1.71340394e+00 -7.10499287e-01 2.87959218e-01 3.21309149e-01
    1.50920033e+00 8.23537111e-01 2.00545281e-01 1.53353858e+00
    9.39390063e-01 1.28281510e+00 -3.15090686e-01 1.43953431e+00
    1.06043673e+00 9.00191784e-01 1.45229876e+00 2.07666785e-01
    -1.14876747e-01 -6.16582260e-02 1.07013059e+00 2.15568468e-01
    1.42327487e+00 -6.66944206e-01 1.44156086e+00 1.19966137e+00
    1.71426165e+00 5.33651233e-01 6.97908521e-01 4.81002867e-01
    7.55686104e-01 6.24049485e-01 -1.61511764e-01 -9.79581475e-02
    1.10974096e-01 -4.84441370e-01 1.63176551e-01 8.68674219e-01
    8.68214741e-02 -4.32523191e-02 6.96105540e-01 1.20495260e+00
    1.22197223e+00 1.49997449e+00 -4.98607289e-03 -3.83790672e-01
    6.18996561e-01 3.68301421e-01 1.21437931e+00 3.15142065e-01
    -6.46373630e-01 8.87612522e-01 -6.20028138e-01 8.97482991e-01
    9.54455584e-02 -1.31366432e-01 2.00439528e-01 -3.61176580e-01
    1.52348340e-01 1.44599867e+00 1.57140040e+00 8.75702024e-01
    5.12868881e-01 9.97568190e-01 -5.96387923e-01 3.50616217e-01
    1.19577444e+00 2.98851907e-01 3.74888211e-01 6.49470210e-01
    6.22858293e-02 -2.36559778e-01 4.08509910e-01 6.51704073e-02
    9.78240073e-01 -5.81773043e-01 -5.19652009e-01 2.40034714e-01
    3.18606794e-01 1.13739121e+00 -6.75100625e-01 -4.39986736e-02
    1.58543324e+00 4.04647112e-01 -1.97277278e-01 -1.01613909e-01
    1.69175673e+00 1.70336521e+00 1.44682896e+00 3.91217649e-01
    3.24538618e-01 -2.37978637e-01 1.62970948e+00 -2.36881614e-01
    1.52469313e+00 6.97750330e-01 4.92039829e-01 -2.18780637e-01
    -4.42600131e-01 4.75227952e-01 1.05498493e+00 1.87248781e-01
    2.57730216e-01 5.05887233e-02 1.48818684e+00 1.62640482e-01
    2.28214294e-01 8.04839551e-01 -5.77723384e-01 -4.87840205e-01
    5.02236605e-01 3.21665972e-01 1.13521993e+00 -6.95269227e-01
    1.59982574e+00 6.73630953e-01 -6.56133711e-01 1.35388577e+00
    -1.37252852e-01 -6.88571572e-01 1.15635721e-02 1.00144041e+00
    4.99451935e-01 -4.70738977e-01 5.90058923e-01 1.49843001e+00
    1.07774067e+00 1.17019796e+00 5.15915513e-01 -5.48087835e-01
    -3.20106864e-01 9.32391703e-01 1.05494535e+00 1.62310290e+00
    -5.96956789e-01 6.46145165e-01 2.71242522e-02 1.50081217e+00
    1.50799716e+00 -1.48229346e-01 1.34525406e+00 -4.54098463e-01
    1.75173771e+00 -6.74648955e-02 8.51542294e-01 -2.56502535e-02
    1.05819531e-01 5.86146832e-01 1.73939061e+00 -2.83004697e-02
    -5.16389310e-01 1.00152862e+00 -2.90836453e-01 3.50661635e-01
    1.06903052e+00 -2.82540023e-01 4.18489814e-01 6.60610020e-01
    1.77749455e+00 -2.58310348e-01 8.07373047e-01 -2.24954620e-01
    2.77679414e-01 -7.78252602e-01 1.44496143e+00 -7.09047377e-01
    -2.33281687e-01 -7.62372494e-01 -3.37604702e-01 9.00512099e-01
    2.67935544e-01 1.98235050e-01 -1.04235653e-02 3.86560559e-01
    5.08592665e-01 -2.79787362e-01 2.23926499e-01 3.58301401e-01
    1.55906522e+00 1.25029802e+00 -6.66800916e-01 -6.19225085e-01
    8.00484598e-01 1.08957946e+00 1.20346749e+00 1.23792803e+00
    -5.04013717e-01 1.24031627e+00 6.54477894e-01 1.13389596e-01
    1.18316102e+00 -6.54385269e-01 6.13289237e-01 5.04067659e-01
    5.21694839e-01 1.16263723e+00 1.40764260e+00 1.91880897e-01
    1.70163739e+00 1.15269649e+00 -1.76369011e-01 1.45936358e+00
    -5.86687565e-01 2.63954192e-01 -5.72681248e-01 1.14375448e+00
    2.24665686e-01 8.24952543e-01 1.54905796e-01 -2.26788491e-01
    1.50077105e+00 1.05601668e+00 4.97895926e-01 9.06079948e-01
    1.27885842e+00 -6.08653784e-01 -4.11999285e-01 -1.48478225e-01
    3.48890334e-01 -6.69773042e-01 -1.54761538e-01 1.18368578e+00
    1.37852681e+00 1.34560570e-01 -7.03650534e-01 2.13104978e-01
    1.51731694e+00 1.40063512e+00 1.20975161e+00 1.57541215e+00
    1.05109048e+00 1.35982931e+00 1.30256712e-01 -3.80211204e-01
    9.08313692e-01 4.26391810e-01 -6.95252776e-01 5.73144376e-01
    7.42627859e-01 1.40164149e+00 -1.28677964e-01 7.76838422e-01
    9.71285403e-01 -3.61066610e-01 5.28671384e-01 4.01145607e-01
    7.26758838e-02 1.21463144e+00 6.16352120e-03 8.71214986e-01
    1.02052605e+00 1.07884598e+00 1.84033287e+00 6.01795554e-01
    2.81850100e-01 -3.77065092e-01 -2.78099507e-01 1.48944271e+00
    1.88856959e-01 7.04897866e-02 1.26157117e+00 1.07832360e+00
    1.16333163e+00 1.51407361e+00 6.40152991e-01 6.95514143e-01
    -1.18106149e-01 1.55700886e+00 -4.77565557e-01 4.43925783e-02
    9.24285769e-01 8.09310600e-02 -6.65374041e-01 3.08212548e-01
    6.95961952e-01 5.39635062e-01 1.33324206e+00 1.68631351e+00
    -6.08768225e-01 -7.90799797e-01 1.43539095e+00 2.47658625e-01
    2.09590942e-01 1.41882226e-01 -5.05902350e-01 -2.88113147e-01
    1.01346731e+00 -6.30622923e-01 7.37609148e-01 8.17023635e-01
    7.43948877e-01 1.61666536e+00 9.93019700e-01 -2.25015402e-01
    -4.53558356e-01 9.29491103e-01 -3.49846750e-01 1.20490837e+00
    1.53289783e+00 1.81884539e+00 -5.30129969e-01 1.17111635e+00
    1.30035162e+00 9.52440560e-01 7.68715203e-01 9.89593863e-02
    -4.86854225e-01 -6.46548629e-01 -1.56557202e-01 -2.97349423e-01
    5.62298119e-01 -4.37298536e-01 7.87719607e-01 1.28195095e+00
    3.30769002e-01 9.86326873e-01 4.53264639e-02 4.10121828e-01
    2.79440731e-01 1.65157878e+00 1.07324052e+00 -4.05903101e-01
    2.73493916e-01 1.76782656e+00 1.24741828e+00 9.90955997e-03
    -3.84003043e-01 4.05882746e-01 4.60184515e-01 -1.03651874e-01
    1.83629096e+00 1.45622358e-01 3.38043690e-01 -8.42645094e-02
    -9.94826928e-02 6.49336934e-01 3.97082746e-01 1.00750357e-01
    -2.85527438e-01 2.81364858e-01 6.47397220e-01 7.23716259e-01
    -3.57906967e-01 1.31586745e-01 -1.92889839e-01 1.63441277e+00
    1.65245271e+00 1.34215164e+00 1.23580348e+00 -1.14598095e-01
    1.56521690e+00 4.98411417e-01 9.95189309e-01 1.48406893e-01
    -4.83253777e-01 3.14137638e-01 5.29978871e-01 -7.19986379e-01
    -3.65861416e-01 -5.21826029e-01 1.15007773e-01 7.61682689e-01
    -3.88259739e-01 1.02685797e+00 1.52654660e+00 -4.01020527e-01
    1.26855290e+00 -3.28647703e-01 -3.59567225e-01 1.03386509e+00
    1.00626242e+00 3.79929483e-01 4.40194339e-01 -5.98038554e-01
    8.01281512e-01 8.51912379e-01 9.50121582e-01 1.73448646e+00
    8.97829413e-01 9.67527367e-03 -7.05095232e-01 2.80456394e-02
    4.03120458e-01 -7.32740402e-01 1.49550605e+00 8.70391965e-01
    -7.68192172e-01 -6.51400089e-01 -6.29167914e-01 9.31029081e-01
    1.71363473e+00 1.00556612e+00 -6.61980063e-02 1.17918539e+00
    2.82179862e-02 1.02058363e+00 -6.89858496e-02 1.25051498e-01
    4.18153763e-01 5.31517804e-01 1.00697100e+00 1.54882252e+00
    6.82015002e-01 1.50902271e+00 -3.67681503e-01 7.51515150e-01
    5.43701112e-01 1.12656899e-01 -4.47182387e-01 -1.89468503e-01
    4.30230826e-01 -5.17181218e-01 1.63091254e+00 1.82376873e+00
    -2.49727622e-01 -6.67854905e-01 1.52248693e+00 3.29939485e-01
    1.60028970e+00 6.60694778e-01 -1.12363063e-01 9.52483892e-01
    1.01912892e+00 1.01281118e+00 1.40539002e+00 -4.66092452e-02
    1.14681947e+00 4.88841295e-01 1.64616001e+00 -6.51467323e-01
    1.68684125e+00 8.72456670e-01 -1.66516781e-01 8.18954259e-02
    1.18021142e+00 1.55767596e+00 1.18739522e+00 -6.21630073e-01
    7.17504501e-01 -5.23900390e-01 9.69286680e-01 -5.63749298e-02
    -7.49440044e-02 1.05637908e+00 4.79544640e-01 -7.33298838e-01
    -5.98974168e-01 1.04932594e+00 1.78935647e+00 -2.41767898e-01
    8.58156443e-01 3.87297601e-01 1.02586067e+00 5.31701267e-01
    1.56685174e+00 6.56693399e-01 6.53009415e-02 -1.31120160e-01
    4.26050365e-01 4.68597829e-01 5.31411111e-01 -3.89395028e-01
    -8.50479066e-01 2.73595393e-01 3.92813385e-01 1.51891363e+00
    2.22037718e-01 -7.24761188e-01 2.64682114e-01 6.26485467e-01
    1.67749012e+00 1.15026677e+00 1.42806065e+00 1.29825437e+00
    1.61956286e+00 -3.13881814e-01 1.47561371e+00 1.43002665e+00
    -4.59951103e-01 6.63990557e-01 8.20061564e-01 1.56837761e+00
    1.58339059e+00 1.53803438e-01 2.08397314e-01 1.39827275e+00
    1.32550132e+00 -1.69512898e-01 -1.15309961e-01 6.70321405e-01
    1.22609031e+00 1.53476369e+00 9.19739306e-01 1.38899815e+00
    1.44555640e+00 -6.33561313e-01 1.04781859e-01 -3.60053658e-01
    1.43055022e-01 1.21922445e+00 6.11271441e-01 6.78882897e-01
    1.38879263e+00 -6.75222218e-01 8.26009288e-02 3.66868675e-01
    1.39535815e-01 3.81725103e-01 1.10384548e+00 1.00697315e+00
    1.12004995e+00 5.46771586e-01 5.95765471e-01 -1.68944672e-01
    5.72874010e-01 1.58092582e+00 2.24346071e-01 1.38640583e+00
    -4.58804965e-01 -6.18622005e-01 7.26189688e-02 -6.98606730e-01
    1.26075578e+00 1.42928565e+00 -8.71363401e-01 7.56060004e-01
    1.22398055e+00 -1.21535107e-01 1.53731036e+00 -6.76851988e-01
    1.08434677e+00 6.23673141e-01 -4.44862664e-01 9.72571969e-01
    3.11812550e-01 1.67516434e+00 1.92484498e-01 2.46369696e+00
    4.32197362e-01 4.68546391e-01 5.22062123e-01 -5.08864336e-02
    -6.90666854e-01 1.70234287e+00 1.23731077e+00 -6.42799065e-02
    1.18011010e+00 1.14983213e+00 -2.88131744e-01 -1.54597819e-01
    1.71355414e+00 -3.27871174e-01 -9.12806541e-02 -1.95830077e-01
    4.03592408e-01 -1.14288054e-01 -1.13808468e-01 -5.70612788e-01
    4.57126975e-01 1.55860329e+00 1.90762132e-01 -2.81046987e-01
    4.01477009e-01 1.71900737e+00 1.47112095e+00 -3.57429087e-01
    1.34391177e+00 1.67825401e+00 -2.93422818e-01 -4.11158472e-01
    7.22176194e-01 -1.51137441e-01 4.80665833e-01 1.59115231e+00
    2.08282501e-01 -2.95705825e-01 1.29497945e+00 -2.11832091e-01
    3.25405478e-01 1.63849556e+00 1.44706488e+00 -7.40281194e-02
    -1.06974609e-01 1.38350141e+00 3.24754685e-01 -5.91338933e-01
    3.96192938e-01 5.18726468e-01 -6.15993083e-01 -6.83816075e-01
    1.65026331e+00 -4.45556700e-01 1.14021949e-01 1.46155155e+00
    2.55746484e-01 2.34643921e-01 1.07675672e+00 -5.32168567e-01
    1.31616306e+00 1.06513369e+00 1.56842485e-01 1.45115721e+00
    6.84676826e-01 -2.42181331e-01 -7.03352869e-01 -7.18806982e-01
    1.20118707e-01 1.31456280e+00 1.31001079e+00 -4.07691747e-01
    1.36489642e+00 9.52580690e-01 1.55450916e+00 6.77141368e-01
    -4.95467782e-01 4.06111151e-01 1.71818399e+00 1.66129673e+00
    -3.96269083e-01 2.76329368e-01 4.14402813e-01 -5.87805063e-02
    9.43610445e-02 -5.01413271e-02 -1.88133717e-01 7.16994882e-01
    5.72027743e-01 -4.20979261e-01 2.54319251e-01 -9.99355339e-04
    -5.10900617e-01 1.72836053e+00 1.48506832e+00 1.63703489e+00
    7.10638523e-01 6.08802557e-01 -2.69165449e-02 1.59763217e+00
    1.39707372e-01 -8.38338375e-01 1.62693155e+00 6.46979034e-01
    1.26201713e+00 3.28067124e-01 8.62884343e-01 -5.31567454e-01
    6.35502458e-01 9.28546906e-01 -1.51982382e-02 5.51013470e-01
    1.74741316e+00 1.06855226e+00 -1.55230373e-01 -5.22072673e-01
    1.79082203e+00 1.17361510e+00 -4.85558152e-01 -5.46653748e-01
    1.72543216e+00 -2.25577578e-01 3.86115253e-01 4.80519980e-01
    5.02530396e-01 1.67739582e+00 4.42080885e-01 -4.43196803e-01
    4.99698997e-01 5.39208204e-02 1.32111824e+00 9.76636857e-02
    6.54746294e-02 1.51931047e+00 -5.05282164e-01 8.78673792e-01
    8.17709208e-01 1.54114425e-01 -1.95619360e-01 -6.17627561e-01
    1.41042089e+00 1.36976302e+00 9.65132058e-01 1.45287609e+00
    -6.12376153e-01 1.67072868e+00 -1.58415422e-01 1.55921787e-01
    -7.58666635e-01 1.28092730e+00 1.32590711e+00 1.54554117e+00
    7.57650197e-01 -7.58226752e-01 -7.50062346e-01 -2.03839228e-01
    -6.01284683e-01 -5.30624017e-02 3.47184062e-01 1.47845626e+00
    1.57756627e+00 5.11101723e-01 1.30824351e+00 1.03828776e+00
    8.57518911e-02 4.54565257e-01 1.12052612e-01 -4.26850587e-01
    6.67615116e-01 -6.99010849e-01 9.83573198e-01 -3.60551089e-01
    5.75078055e-02 6.72114551e-01 -2.01678693e-01 1.40001714e+00
    -4.59484309e-01 1.24225569e+00 1.65352190e+00 6.96075201e-01
    1.57089138e+00 8.71215820e-01 -4.31873977e-01 1.61913407e+00
    6.54558778e-01 -1.43637089e-02 1.36264956e+00 3.03137928e-01
    4.23435718e-01 7.06890225e-01 3.10615152e-01 -3.09356630e-01
    6.19925022e-01 -4.46467608e-01 8.47245872e-01 -1.69980861e-02
    -7.38284349e-01 1.58825541e+00 -8.29889774e-02 2.23641783e-01
    -3.66183907e-01 1.48454249e+00 -5.96763432e-01 1.26758134e+00
    -8.48812312e-02 -4.03213829e-01 -3.05295795e-01 1.42437363e+00
    6.44547582e-01 2.15130270e-01 7.97021806e-01 -3.85919899e-01
    1.38686335e+00 1.01731613e-01 5.49749434e-01 7.42356122e-01
    -1.63788378e-01 1.11429620e+00 1.29088140e+00 1.70163286e+00
    -2.18406335e-01 -6.50248468e-01 -6.81860566e-01 1.35480821e+00
    -5.90153515e-01 -1.80646539e-01 -7.12120533e-02 1.23963284e+00
    1.17302525e+00 -4.03211892e-01 -2.02131689e-01 9.09776866e-01
    9.95651186e-02 6.59941614e-01 -5.13714552e-01 1.06004083e+00
    4.71967220e-01 1.60306668e+00 2.65511572e-01 -8.01392913e-01
    5.82046062e-03 7.38881826e-01 2.48663455e-01 1.44163668e+00
    7.93657303e-02 1.38623559e+00 9.07892108e-01 -6.90673113e-01
    -1.40171275e-01 1.72029269e+00 1.46912083e-01 -4.94708210e-01
    1.25763550e-01 1.39786935e+00 -2.32127592e-01 8.26927066e-01
    8.49999547e-01 1.63408148e+00 1.26486766e+00 -1.16424225e-01
    2.07322672e-01 2.23613873e-01 8.01772535e-01 1.62003374e+00
    1.46201861e+00 -1.72698930e-01 1.04852629e+00 1.27047586e+00
    5.21590561e-02 1.05192566e+00 8.16529810e-01 7.91570485e-01
    -7.32222140e-01 -2.28271231e-01 -7.38996446e-01 3.97384375e-01
    9.34791982e-01 5.03067970e-01 5.52598000e-01 1.56891036e+00
    1.64667380e+00 1.49493992e+00 1.04746580e+00 5.40121049e-02
    9.11335647e-01 -3.87314567e-03 -2.46169671e-01 -1.03115141e-01
    6.79551244e-01 -5.50695300e-01 -2.90538877e-01 -1.40242487e-01
    1.87266365e-01 -4.21924025e-01 8.36388409e-01 9.11345661e-01
    -6.10417306e-01 1.72282553e+00 -5.47288179e-01 8.16228211e-01
    1.19961095e+00 9.59417701e-01 2.09168985e-01 1.69924811e-01
    2.22345933e-01 1.58612025e+00 9.56210792e-01 -7.48958945e-01
    2.39534125e-01 -6.63199872e-02 1.72625422e+00 6.93799317e-01
    2.83382475e-01 5.08026004e-01 9.49826419e-01 -3.71051788e-01
    7.29454935e-01 6.48953080e-01 1.00532162e+00 8.55136752e-01
    8.50858927e-01 -2.06020489e-01 8.64191234e-01 1.66897094e+00
    7.73138702e-01 8.30252528e-01 1.08571768e+00 1.52749360e+00
    -5.79139471e-01 1.02620864e+00 1.97620094e-01 8.33914697e-01
    1.21804845e+00 -1.13703683e-01 -2.59875059e-01 1.66521162e-01
    2.94682860e-01 1.75137520e+00 1.00162268e+00 8.33866835e-01
    1.44110546e-01 1.29922330e+00 1.55203664e+00 5.64975664e-02
    1.36655664e+00 1.20391798e+00 -8.97545069e-02 1.46517277e+00
    -3.40772688e-01 9.19844449e-01 3.62630785e-01 -2.50770181e-01
    -1.92716792e-01 4.40000862e-01 1.09841788e+00 1.09528244e+00
    1.29983497e+00 1.11943388e+00 1.20268416e+00 1.28871107e+00
    4.20571297e-01 4.97973979e-01 1.22992146e+00 1.51755762e+00
    -1.27199650e-01 1.05990303e+00 5.09249687e-01 -4.98186350e-01
    -2.11138546e-01 1.22330999e+00 4.04967874e-01 4.34325129e-01
    1.61316240e+00 1.02853894e+00 1.61523235e+00 8.20622295e-02
    1.20056438e+00 1.24094367e+00 9.13551629e-01 -2.29961425e-02
    4.21322048e-01 7.46874809e-01 7.12848246e-01 -1.39206154e-02
    1.22552562e+00 -1.54385120e-01 3.00184041e-01 -5.92426658e-01
    3.26031864e-01 1.11376274e+00 -9.77130011e-02 3.38122159e-01
    1.35347819e+00 1.72218108e+00 -4.85094130e-01 1.64468539e+00
    1.36851406e+00 8.80497813e-01 1.71303356e+00 -5.29236615e-01
    -4.60164070e-01 1.71139085e+00 1.73976350e+00 1.11741126e+00
    -1.12411723e-01 -1.28907457e-01 1.43646252e+00 9.87454116e-01
    -6.20029688e-01 1.44248390e+00 1.56825364e+00 9.75286186e-01
    7.20800042e-01 -5.48225522e-01 -5.18642783e-01 1.84634447e-01
    1.02074289e+00 7.31261075e-01 6.97338820e-01 -7.06725836e-01
    -4.14355427e-01 1.50408959e+00 1.72831154e+00 -6.57872915e-01
    3.56265843e-01 1.65347946e+00 3.76611203e-01 -7.52594769e-01
    1.19807839e+00 5.21440357e-02 -4.91373956e-01 1.68817377e+00
    -5.71137130e-01 1.48718089e-01 8.51354182e-01 1.41838086e+00
    1.25004900e+00 6.19522095e-01 -7.18067110e-01 1.13804603e+00
    -1.46677420e-01 3.16017181e-01 5.84519515e-03 1.17074859e+00
    1.15647888e+00 -8.42697620e-02 -2.46728491e-02 1.48157215e+00
    4.02188897e-01 1.63646030e+00 8.43992889e-01 -2.38543954e-02
    1.19641662e+00 2.83691496e-01 5.74868262e-01 -2.07323030e-01
    1.51250422e+00 -4.98024642e-01 -2.96040322e-03 -9.23843905e-02
    4.38935190e-01 1.54391956e+00 1.32513082e+00 -5.63626945e-01
    -3.01938653e-01 -2.13746235e-01 2.10353076e-01 1.19181418e+00
    9.51933265e-01 -4.33055431e-01 -3.54359627e-01 -4.52791303e-01
    -2.08070986e-02 1.56535494e+00 -6.29044592e-01 1.23362613e+00
    8.89343381e-01 2.57609993e-01 5.31133190e-02 -6.41010165e-01
    7.08255768e-01 -6.47979319e-01 5.24455845e-01 7.99073696e-01
    -5.14716506e-01 -6.53197169e-01 1.65702415e+00 3.03023100e-01
    1.32541168e+00 1.26036978e+00 1.76359147e-01 4.63428348e-01
    1.00144076e+00 1.67965305e+00 -1.53597981e-01 1.75526571e+00
    4.52766389e-01 7.90595233e-01 4.28851277e-01 1.08381057e+00
    1.50794601e+00 1.33023453e+00 1.24436581e+00 1.32885134e+00
    -8.15161705e-01 7.15087235e-01 1.36767936e+00 -3.59737009e-01
    4.88847524e-01 9.35882628e-01 1.68947566e+00 5.84312916e-01
    -4.46830481e-01 2.05992814e-02 3.93487513e-01 5.71725190e-01
    9.86388922e-01 -7.21441031e-01 4.70516026e-01 1.66773772e+00
    3.41644496e-01 -3.36804599e-01 1.27346289e+00 -2.86896020e-01
    9.44940388e-01 3.30582380e-01 -4.26840574e-01 1.14826643e+00
    8.69835079e-01 -4.79097247e-01 1.16309774e+00 4.08010125e-01
    7.65881240e-01 1.53579283e+00 1.65960044e-01 -1.35976881e-01
    1.61019242e+00 1.59911966e+00 5.93453944e-01 1.62644804e+00
    5.55238068e-01 6.98322892e-01 1.56668532e+00 1.73611510e+00
    7.31854677e-01 1.23685861e+00 1.48704720e+00 -3.75182003e-01
    1.01781929e+00 1.27005503e-01 1.97728470e-01 1.60367656e+00
    8.31182376e-02 1.38645160e+00 -2.30196819e-01 8.22057247e-01
    -4.68996763e-01 2.30078653e-01 -5.45312107e-01 -1.86466470e-01
    1.69512773e+00 1.61709702e+00 1.62323904e+00 9.03688610e-01
    3.64045203e-01 -4.50103611e-01 8.76699150e-01 -1.06418237e-01
    -3.50567162e-01 -1.28520042e-01 1.45975125e+00 1.20355487e+00
    9.70285386e-02 7.39037216e-01 2.43030429e-01 5.22565126e-01
    1.69591701e+00 -4.37359452e-01 4.93804544e-01 3.46105844e-01
    1.69286203e+00 2.84917742e-01 -1.15460232e-01 1.17750740e+00
    1.37210524e+00 8.84457409e-01 8.98960650e-01 1.06772900e+00
    -3.80569696e-01 3.90338242e-01 5.21652400e-01 -5.57093143e-01
    1.39975801e-01 1.44401610e+00 -1.78237915e-01 -5.27805924e-01
    -5.26951194e-01 -3.26069593e-01 8.49743545e-01 1.49791765e+00
    8.44580293e-01 9.76369917e-01 1.45377922e+00 -5.55627167e-01
    5.62767804e-01 -4.60841805e-01 -2.11443767e-01 7.73231506e-01
    -4.92232770e-01 -6.22808412e-02 7.42684126e-01 9.58112180e-02
    4.57103193e-01 5.08863270e-01 1.42883670e+00 6.78923726e-01
    6.28997505e-01 4.98700321e-01 -4.04851526e-01 -4.26114500e-01
    1.26234734e+00 6.80945218e-01 6.81343198e-01 5.81127584e-01
    5.75311601e-01 -1.09150775e-01 4.69240874e-01 -1.70630336e-01
    -4.43125695e-01 1.15444672e+00 3.28562975e-01 -5.66587329e-01
    -4.91988868e-01 6.09812677e-01 1.30757236e+00 -1.64450139e-01
    -8.77325702e-03 -1.89017132e-01 -3.56015593e-01 1.80815470e+00
    8.24573219e-01 1.51770246e+00 8.79644275e-01 -6.71397209e-01
    -6.38782859e-01 1.21121645e+00 1.08700109e+00 8.56815994e-01
    1.57917202e+00 1.26079094e+00 -6.12141609e-01 2.65155464e-01
    1.32966352e+00 -2.54889488e-01 1.22303438e+00 -1.88042223e-01
    -4.48087037e-01 -2.64956981e-01 4.27650481e-01 1.66685939e-01
    1.30725670e+00 1.52943635e+00 1.46300748e-01 -3.87265235e-01
    1.14307374e-01 1.40481031e+00 3.70973915e-01 1.11588776e+00
    1.22339153e+00 -3.62292796e-01 4.99165386e-01 9.37182248e-01
    1.74111891e+00 1.06493509e+00 -2.37151727e-01 -2.71809667e-01
    4.91724730e-01 1.37734926e+00 5.98934650e-01 -1.59610748e-01
    8.94819379e-01 4.59811091e-01 8.89841914e-01 3.10049891e-01
    4.89102781e-01 1.33661604e+00 4.21881415e-02 9.15694356e-01
    1.44065058e+00 -5.28667092e-01 3.71475965e-01 1.14244521e+00
    1.93599001e-01 7.98173025e-02 1.37238681e+00 6.49409592e-01
    8.00496876e-01 -3.55877370e-01 1.57165194e+00 -1.35382622e-01
    3.91574740e-01 6.23111188e-01 3.45519632e-01 1.49980831e+00
    7.27791339e-02 6.56815827e-01 1.65021792e-01 1.48015961e-01
    1.27604485e+00 1.11267187e-01 1.28324187e+00 -3.33134979e-01
    1.45257294e+00 1.55414402e+00 -5.27261853e-01 1.25214922e+00
    7.09730864e-01 3.53286058e-01 1.05856764e+00 -5.50648928e-01
    1.45642507e+00 1.10110557e+00 2.32276961e-01 -2.79734731e-01
    5.16942322e-01 -5.78914344e-01 4.42476012e-02 1.45077467e+00
    2.08513975e-01 -6.98891580e-01 -2.37558112e-01 1.78198195e+00
    5.98128065e-02 -3.18155080e-01 1.09790599e+00 6.25403345e-01
    1.16117907e+00 1.22326739e-01 -6.95355952e-01 6.24038517e-01
    -5.96091986e-01 1.53294444e+00 -5.53911865e-01 1.43861043e+00
    4.89028990e-01 -6.82154894e-01 7.45697170e-02 1.09832752e+00
    9.05449808e-01 3.21906090e-01 2.82604694e-01 1.31383991e+00
    1.26763129e+00 1.36024535e+00 -6.21870399e-01 -8.59507382e-01
    4.11681086e-01 1.38158667e+00 6.33720636e-01 8.91132414e-01
    -3.44799571e-02 1.80009142e-01 -6.22321606e-01 9.31785345e-01
    -2.90363103e-01 -2.50284046e-01 3.98810595e-01 3.72778386e-01
    8.87504578e-01 6.41605496e-01 4.41057980e-01 1.10829341e+00
    -4.58484232e-01 2.25160718e-01 4.88718331e-01 9.44722235e-01
    1.28476167e+00 -3.65635723e-01 2.86550581e-01 1.11527467e+00
    1.09491181e+00 2.92464107e-01 4.14291114e-01 1.39687467e+00
    1.60456610e+00 9.36467588e-01 -3.20657909e-01 -5.28532743e-01
    2.85289556e-01 7.23075330e-01 9.79791582e-01 7.35183895e-01
    -5.15974045e-01 4.54808325e-01 -3.87857795e-01 1.63588774e+00
    -4.00205255e-01 -4.53500003e-01 1.01585639e+00 5.23888648e-01
    1.33265829e+00 1.11574836e-01 -2.45406702e-01 3.61615151e-01
    1.35796833e+00 -4.96785492e-01 5.52027881e-01 -5.84565878e-01
    1.70026684e+00 -3.07302475e-01 5.49506426e-01 -8.27563703e-02
    -3.87596190e-01 -5.89268327e-01 -6.36418939e-01 1.46794558e+00
    1.90771893e-01 9.23322678e-01 1.09869003e+00 -5.61620951e-01
    1.15828407e+00 1.53531528e+00 1.19306982e+00 1.35021489e-02
    -5.79252481e-01 -1.80432014e-02 1.31046498e+00 1.75727546e+00
    8.81628156e-01 5.11611812e-02 5.60508370e-01 -1.14322841e-01
    1.68375134e+00 -7.11660802e-01 7.87384152e-01 2.00959668e-01
    1.92071367e-02 2.84991562e-01 8.23270500e-01 -2.00530276e-01
    1.51857066e+00 8.88057113e-01 -4.15366739e-01 4.61707920e-01
    1.44873309e+00 -3.03297848e-01 6.22935295e-01 5.39502978e-01
    1.04160106e+00 1.22442409e-01 1.71148181e+00 -7.01539159e-01
    9.27151620e-01 5.21983027e-01 1.25668561e+00 -2.95140415e-01
    8.60674500e-01 4.89486814e-01 -1.47693055e-02 9.11378980e-01
    1.67603791e+00 -3.79255086e-01 1.69930720e+00 4.69457984e-01
    -3.31104070e-01 -7.55993843e-01 -2.77104199e-01 1.75823927e+00
    2.21620992e-01 1.17631841e+00 7.98701346e-01 1.43615317e+00
    1.34297729e+00 -8.33926201e-02 -2.03823701e-01 1.04273093e+00
    -1.30920917e-01 -9.29719955e-02 1.44273722e+00 6.61671441e-03
    1.35087323e+00 3.36654276e-01 -3.94762009e-01 -6.44679189e-01
    -4.61079404e-02 8.16208869e-03 1.81444371e+00 1.73499689e-01
    -2.70262688e-01 -1.81580797e-01 1.14853632e+00 9.09708858e-01
    -3.69727939e-01 4.84109491e-01 1.13842499e+00 4.83021051e-01
    3.77720773e-01 -4.47308034e-01 -3.74265075e-01 7.89613783e-01
    -3.59612942e-01 1.21150285e-01 5.70818782e-03 3.31843555e-01
    1.02286923e+00 1.64449424e-01 4.78335291e-01 1.17035174e+00
    1.25973785e+00 1.55233368e-01 1.26787186e+00 -4.02062275e-02
    1.73555994e+00 1.89042345e-01 -4.56466258e-01 -3.52510184e-01
    1.35313344e+00 -4.14309323e-01 1.36677933e+00 -4.20331270e-01
    1.64640069e-01 1.28559983e+00 2.64399260e-01 8.96150291e-01
    5.08092165e-01 1.19636166e+00 5.40601790e-01 1.19224548e+00
    8.34081471e-01 -4.47984695e-01 1.21844506e+00 1.02891447e-02
    1.39719892e+00 -4.05075401e-01 5.64737499e-01 1.56155157e+00
    -4.06502992e-01 7.96438098e-01 -4.51440722e-01 2.59022981e-01
    3.44526172e-01 -1.35946851e-02 -6.04936555e-02 7.99792111e-01
    -8.20982754e-01 4.36045602e-02 -7.88419306e-01 1.25647569e+00
    -4.57261175e-01 4.99152929e-01 1.09855855e+00 1.46402574e+00
    -1.75614104e-01 -5.70496976e-01 -2.16256455e-01 1.70414865e+00
    1.25539589e+00 -5.01908898e-01 2.98534602e-01 1.96880654e-01
    -2.28932247e-01 3.00377250e-01 8.34880590e-01 1.04255247e+00
    1.58645642e+00 1.64717674e+00 -6.02914512e-01 5.29938817e-01
    -7.20450819e-01 7.58003414e-01 5.45126140e-01 -5.37000671e-02
    2.49338254e-01 3.10630679e-01 1.67129263e-01 5.62342763e-01
    1.37901056e+00 -2.16683447e-01 1.10728407e+00 -3.06758434e-01
    1.30801594e+00 1.14838135e+00 1.73904562e+00 1.07324111e+00
    1.33559847e+00 -2.32782662e-01 -6.89964831e-01 -5.60898721e-01
    9.48205650e-01 9.12221372e-01 1.78850281e+00 -2.32860535e-01
    -4.92670715e-01 1.68903172e+00 1.01016045e+00 -6.32022917e-02
    -6.10143900e-01 8.89701605e-01 -6.04231477e-01 1.07870124e-01
    6.03049338e-01 -7.43590593e-01 4.30369675e-01 -4.55212295e-01
    1.47413301e+00 -2.99572319e-01 -3.74899238e-01 -7.13487267e-01
    -5.92638791e-01 9.12496388e-01 -2.39228964e-01 4.56239581e-01
    7.92620704e-02 9.13319349e-01 3.56237382e-01 -4.82741475e-01
    1.63378310e+00 5.88321269e-01 8.11776698e-01 -2.50662506e-01
    4.93395656e-01 3.39881748e-01 -1.88290790e-01 1.94618022e+00
    2.86089152e-01 -6.93330467e-01 2.27586910e-01 1.12080264e+00
    1.71276093e+00 1.53137612e+00 5.78793645e-01 -4.58322465e-04
    8.11951637e-01 -2.88805336e-01 2.24845707e-01 7.71184027e-01
    1.50902534e+00 1.12403345e+00 2.45148793e-01 1.38752961e+00
    5.40354133e-01 8.55393946e-01 1.45162356e+00 1.69613707e+00
    -3.56046796e-01 -5.20432234e-01 -7.38757610e-01 1.14964537e-01
    1.63792253e+00 1.51192594e+00 -7.07625806e-01 -4.71530795e-01
    1.30727559e-01 7.87961006e-01 8.60950425e-02 1.13364947e+00
    -6.32653087e-02 -4.37211275e-01 1.68909788e+00 1.07726657e+00
    -1.99181452e-01 1.20277977e+00 -5.09356320e-01 -5.51479101e-01
    1.50516760e+00 -1.74760729e-01 1.42360950e+00 5.12849092e-01
    -5.44928551e-01 1.59229004e+00 5.04334450e-01 2.00565323e-01
    1.70218408e+00 2.05272883e-01 1.93819299e-01 7.07968533e-01
    1.18442588e-01 1.50857830e+00 1.02964437e+00 1.10074651e+00
    -1.72776088e-01 1.68792140e+00 5.78926027e-01 -4.63749260e-01
    1.57272470e+00 -6.77848756e-01 -5.45591474e-01 1.40930742e-01
    -2.92768292e-02 -2.05117092e-01 1.42465854e+00 1.56382096e+00
    -6.16449773e-01 5.52398860e-01 3.11163425e-01 1.24384713e+00
    7.99073577e-01 4.89130281e-02 1.42949331e+00 2.71057993e-01
    5.59480190e-02 1.44238317e+00 1.58511007e+00 1.22290814e+00
    -2.58303080e-02 2.27205589e-01 1.34708726e+00 1.41932464e+00
    -2.27314249e-01 7.40150154e-01 2.40284428e-01 1.25807095e+00
    -3.35001767e-01 -7.52100885e-01 1.74661160e+00 3.46976846e-01
    1.11032391e+00 -6.34461462e-01 1.03988135e+00 6.21813834e-01
    3.43955725e-01 1.33177335e-03 -3.40620667e-01 3.67419153e-01
    1.52662373e+00 -2.83449497e-02 -1.94392681e-01 -3.01067922e-02
    8.51656914e-01 -1.09904185e-01 8.68720412e-01 1.12283063e+00
    9.87194479e-01 9.59485590e-01 -6.11885190e-01 7.47558653e-01
    -2.74414331e-01 1.49872136e+00 -1.86465979e-01 -2.46569246e-01
    -4.18486409e-02 1.41720462e+00 -6.79961801e-01 3.86297822e-01
    -7.51867473e-01 8.87163043e-01 6.95325434e-01 8.33729208e-02
    -2.24369958e-01 8.80174816e-01 3.36758822e-01 1.16260111e+00
    -4.05286178e-02 1.04460907e+00 4.48214948e-01 8.71411741e-01
    6.84808016e-01 8.88701856e-01 1.11307251e+00 -4.84162241e-01
    1.01790898e-01 1.11491656e+00 -4.94352877e-01 -6.99138641e-02
    2.46142596e-01 1.79565382e+00 -1.77057877e-01 1.25547552e+00
    -1.06988696e-03 -8.54732394e-02 1.19125521e+00 1.36009598e+00
    9.85300899e-01 3.32635880e-01 1.61846399e+00 7.04256594e-01
    1.12277400e+00 -8.10870171e-01 -5.96873045e-01 -4.85679209e-01
    6.49225950e-01 1.39061427e+00 1.58674765e+00 6.90309405e-01
    1.64223838e+00 -2.95558780e-01 1.87498927e-02 7.94379592e-01
    2.92906463e-01 -2.18184233e-01 -4.57908541e-01 5.63501418e-01
    1.43216729e+00 -6.42411530e-01 7.61509836e-01 1.60521793e+00
    1.32675445e+00 1.64594734e+00 -5.21115839e-01 1.43591255e-01
    -3.52960229e-01 1.15425539e+00 1.23320174e+00 -6.13096178e-01
    7.45080948e-01 1.60029113e+00 7.89883614e-01 1.42011940e-01
    9.67084244e-02 1.61460912e+00 -5.42461753e-01 1.38824880e-01
    2.68561482e-01 1.38162708e+00 -2.54449815e-01 -3.21926653e-01
    8.73093367e-01 -5.60974330e-03 4.73884583e-01 8.95683095e-02
    1.23845983e+00 1.27964333e-01 -2.16173962e-01 1.34585106e+00
    -2.95841575e-01 4.71484900e-01 5.48746586e-01 4.21856523e-01
    4.26397145e-01 1.60453832e+00 4.34949458e-01 1.11803555e+00
    -1.69351742e-01 4.90879476e-01 9.70582545e-01 1.55953956e+00
    1.07031858e+00 -3.82859677e-01 6.75245345e-01 -4.11547512e-01
    6.09504759e-01 -7.99547508e-02 1.17375195e-01 -6.41285956e-01
    1.58167362e+00 -7.22887158e-01 9.89423811e-01 -7.23709762e-02
    6.00225151e-01 -6.47921383e-01 7.79017270e-01 1.19762421e+00
    5.08936644e-01 -3.99605148e-02 1.42938793e+00 -3.76032263e-01
    -1.72087681e-02 1.43756866e+00 3.27031165e-01 1.07459104e+00
    1.34591472e+00 2.00180598e-02 1.13635528e+00 1.29571879e+00
    -1.96530417e-01 1.59684408e+00 -1.18081965e-01 -6.46505892e-01
    6.88806713e-01 1.62563705e+00 1.50085735e+00 1.32760680e+00
    9.33521032e-01 1.13654172e+00 1.56152451e+00 7.89002001e-01
    1.44567287e+00 1.89776763e-01 -2.46159290e-03 3.58336717e-02
    -7.36653665e-03 1.34249008e+00 -2.59468377e-01 1.89374626e-01
    2.64725029e-01 1.73838592e+00 -7.59533703e-01 -8.05580243e-02
    3.71448725e-01 1.28440762e+00 -2.94516385e-01 -6.30986094e-01
    2.08426371e-01 2.89335191e-01 -5.85404992e-01 -8.00339937e-01
    1.77185640e-01 7.45090246e-01 -4.38865423e-02 8.03122282e-01
    -6.97371066e-02 1.00913599e-01 1.59491107e-01 1.79244637e+00
    -6.70640886e-01 1.67805457e+00 5.61196208e-01 7.49375284e-01
    1.40662086e+00 1.05479777e+00 2.83058584e-01 3.66355568e-01
    5.24376869e-01 -3.40859205e-01 5.80379546e-01 1.26536071e+00
    -3.99927348e-01 4.73185539e-01 -5.64958334e-01 5.98552465e-01
    -5.89667857e-01 -3.86648685e-01 -5.47233760e-01 1.57162321e+00
    -3.69835757e-02 -4.09883827e-01 4.70021188e-01 1.18968761e+00
    1.62614429e+00 1.43416417e+00 7.82030582e-01 -6.36562109e-01
    1.64584756e+00 1.43048024e+00 1.16664469e+00 3.70806217e-01
    -6.17405236e-01 4.07806069e-01 2.45974302e-01 6.54641509e-01
    1.46926033e+00 -5.09454198e-02 7.79484153e-01 6.89362705e-01
    1.30500221e+00 6.93126619e-01 -6.92672491e-01 2.55578279e-01
    6.62761509e-01 -1.14590459e-01 -6.31798804e-01 -2.81518549e-01
    -7.49018043e-02 1.27887452e+00 8.44169199e-01 8.75328362e-01
    -1.88740417e-01 9.61021602e-01 4.53966916e-01 8.66453528e-01
    9.71192241e-01 8.41794431e-01 1.04630780e+00 -5.70386291e-01
    1.25966334e+00 -5.63352108e-01 3.43629628e-01 1.15546644e+00
    7.22391903e-01 -4.24286444e-03 -1.79025039e-01 8.19992661e-01
    8.47331345e-01 -4.93424773e-01 1.10418022e+00 3.22833061e-01
    7.16277838e-01 2.71924902e-02 1.09950876e+00 6.04612052e-01
    1.71409738e+00 1.16619527e+00 2.98613515e-02 1.12184155e+00
    -4.01835561e-01 1.41939700e+00 5.29907793e-02 1.14682841e+00
    -4.32186961e-01 1.12760830e+00 -4.54220027e-01 1.60412252e+00
    5.60846925e-01 7.65983522e-01 1.75792074e+00 -2.68627077e-01
    1.70010865e+00 1.35498023e+00 6.67917868e-03 -3.98052871e-01
    1.50316596e+00 -2.41255030e-01 -2.54797578e-01 1.73534155e+00
    -5.45731485e-01 1.54841363e+00 3.71367067e-01 -2.39254232e-03
    1.26073396e+00 -5.81267118e-01 1.26865447e+00 -2.08858892e-01
    1.41228747e+00 3.91571432e-01 -3.46356146e-02 4.56042737e-01
    -3.10275018e-01 1.26027191e+00 3.76045287e-01 -1.08736448e-01
    4.24017847e-01 -4.99943316e-01 -7.04618335e-01 -5.33665538e-01
    -2.41116405e-01 6.17046356e-01 -3.33098322e-01 -7.95437932e-01
    -4.20342952e-01 1.52235126e+00 9.16139543e-01 7.32758164e-01
    7.10110366e-01 -7.84576237e-01 1.57174873e+00 1.48018801e+00
    -4.04871225e-01 -5.18254519e-01 8.56074929e-01 1.37776303e+00
    -4.26776886e-01 5.10412097e-01 1.79670930e-01 2.20432594e-01
    -3.96649212e-01 1.56016541e+00 2.19900087e-01 -4.72703716e-03
    6.61490783e-02 2.69098431e-01 -2.38786638e-03 9.09209624e-02
    1.54285455e+00 1.02975893e+00 1.23468351e+00 1.48914337e+00
    1.32914937e+00 8.69621933e-01 8.12052965e-01 8.02621722e-01
    -6.13206387e-01 -2.01378301e-01 -5.02765596e-01 -3.31897110e-01
    7.49179840e-01 5.02818167e-01 -5.04049778e-01 -3.18478197e-01
    -4.06527698e-01 7.01069236e-01 1.83143330e+00 -5.72176814e-01
    3.00642192e-01 5.55711567e-01 6.01711094e-01 9.87196982e-01
    -6.22820497e-01 1.68929279e+00 1.43521023e+00 -2.49270245e-01
    1.63598073e+00 1.60481203e+00 3.57498497e-01 1.38627160e+00
    1.56893122e+00 9.52507794e-01 1.44863248e+00 2.46198937e-01
    4.32693005e-01 -6.22721016e-01 2.80857593e-01 1.74154675e+00
    1.38353741e+00 -3.89297843e-01 -3.51083219e-01 -7.08772182e-01
    1.16176844e+00 -6.75737143e-01 7.32518733e-01 9.24496710e-01
    1.65280914e+00 1.54735410e+00 -7.36288130e-01 1.41561663e+00
    -4.41956341e-01 1.52787614e+00 2.49984294e-01 1.47146010e+00
    1.51748037e+00 1.15268993e+00 -3.99217933e-01 1.70610106e+00
    1.74684569e-01 1.34697461e+00 2.38596052e-01 -1.10292532e-01
    6.48333490e-01 1.29535162e+00 7.48846531e-01 -3.92660022e-01
    1.51988876e+00 8.42965722e-01 -6.19349539e-01 1.47375429e+00
    -6.12713337e-01 2.54308760e-01 1.53663826e+00 -7.79779971e-01
    1.55343413e-01 3.64973664e-01 1.13202548e+00 1.61556557e-01
    6.17881358e-01 8.44705522e-01 -4.12789881e-01 8.46211314e-01
    -2.89078653e-01 1.32607234e+00 1.43953681e+00 -4.38035727e-01
    3.02652925e-01 2.85886288e-01 -2.05546096e-01 1.07842886e+00
    -6.70501292e-01 1.32855880e+00 1.75336446e-03 9.24359798e-01
    -1.55067682e-01 1.61933041e+00 1.49970877e+00 7.22065628e-01
    1.21655083e+00 -4.21154857e-01 2.70629972e-01 1.77191997e+00
    8.26974988e-01 -8.37881342e-02 5.64064011e-02 1.55101955e+00
    1.23620093e+00 -7.87305593e-01 2.26181298e-01 2.03379720e-01
    6.52607441e-01 -2.35701442e-01 -7.82641098e-02 1.70824170e+00
    -5.60549378e-01 9.81157124e-01 -4.74165320e-01 1.74655199e+00
    1.55667591e+00 -6.08398974e-01 -5.85227907e-01 -4.84692127e-01
    1.21544635e+00 1.22471797e+00 1.46108568e+00 1.32006383e+00
    -4.21668351e-01 -3.37696552e-01 1.55034870e-01 8.96695912e-01
    -4.70561445e-01 -2.26711288e-01 1.26411748e+00 4.42230850e-01
    -3.41988355e-01 -2.50801593e-01 6.74051940e-01 1.15830469e+00
    -1.30249023e-01 1.09543300e+00 -4.22487050e-01 8.99875879e-01
    -4.36460078e-01 6.62208378e-01 4.69887793e-01 -4.11607713e-01
    1.75918484e+00 1.24490535e+00 1.40745211e+00 -2.68628120e-01
    6.78123981e-02 -3.08509879e-02 1.20200896e+00 1.57718039e+00
    5.60717762e-01 3.13187480e-01 -6.65776074e-01 7.18849063e-01
    7.06492007e-01 1.15564680e+00 -2.82756299e-01 -7.14503884e-01
    1.48941445e+00 1.09578288e+00 -8.63999426e-01 9.94854152e-01
    9.62846816e-01 -2.78909624e-01 1.69051099e+00 -6.74309134e-01
    1.03806102e+00 3.25092554e-01 5.35516441e-01 3.93255234e-01
    1.91925004e-01 3.70676607e-01 1.42254698e+00 1.18213713e+00
    6.52436852e-01 -7.50391841e-01 -4.29094851e-01 1.59626615e+00
    -1.94946691e-01 -9.24832001e-02 -4.38544095e-01 1.47890401e+00
    1.63827944e+00 3.84245127e-01 -5.23895383e-01 -1.32651448e-01
    8.22894633e-01 1.37618554e+00 3.13276708e-01 1.85661271e-01
    7.04285026e-01 8.53099585e-01 6.83281481e-01 -5.15962720e-01
    1.45250893e+00 1.16972244e+00 8.10950756e-01 1.49949825e+00
    2.20992006e-02 1.61783552e+00 7.86310673e-01 7.56136477e-01
    1.50548279e+00 -5.04973590e-01 9.23382759e-01 1.77699041e+00
    8.15075934e-01 -4.97792065e-01 1.01883674e+00 1.47317219e+00
    5.95900536e-01 6.22268558e-01 1.20957315e+00 1.37582707e+00
    1.19947720e+00 1.63448739e+00 7.23588001e-03 3.77990633e-01
    -3.67399216e-01 -5.61747134e-01 3.44572425e-01 1.16356301e+00
    5.19629002e-01 8.50525439e-01 1.49221158e+00 9.45264101e-01
    3.04055959e-01 7.96500981e-01 6.47307098e-01 1.22209176e-01
    1.29298437e+00 1.12544823e+00 4.53238189e-01 1.67992687e+00
    1.48893869e+00 1.07873499e+00 -8.88756141e-02 -7.25404263e-01
    -1.77554473e-01 1.71438015e+00 -2.59686857e-01 1.74795234e+00
    1.07283913e-01 2.02670068e-01 7.66334161e-02 1.63324130e+00
    -2.56348044e-01 -3.70350748e-01 3.36919546e-01 7.37069428e-01
    -4.84174311e-01 4.80714589e-01 1.61075032e+00 8.27523470e-01
    1.32813954e+00 1.34860349e+00 -6.01438761e-01 -2.01691717e-01
    1.42720890e+00 6.90514565e-01 8.02704096e-01 -4.65339243e-01
    -3.93432915e-01 1.00091422e+00 -6.43968344e-01 -6.31861240e-02
    1.18879139e+00 -1.71859577e-01 5.05540967e-02 8.76136243e-01
    9.24551606e-01 4.98742580e-01 1.46081901e+00 2.18195140e-01
    1.00458729e+00 -5.91734052e-01 -6.63084090e-01 -4.54156518e-01
    1.73779035e+00 -1.09128468e-01 8.19523454e-01 6.69835567e-01
    9.61109251e-02 -4.94368762e-01 1.12656701e+00 1.24749303e+00
    7.04083443e-01 -5.65383852e-01 1.81324035e-01 4.29932296e-01
    1.38602448e+00 3.49154711e-01 1.59862077e+00 8.82711112e-01
    8.13569188e-01 8.89479995e-01 1.42492950e+00 1.84316598e-02
    6.26696408e-01 1.43317795e+00 1.02822864e+00 1.67038918e+00
    -2.19734758e-01 1.46061051e+00 -4.08270717e-01 1.64809775e+00
    1.22076035e+00 1.53182530e+00 1.61202788e+00 1.65485933e-01
    6.13189816e-01 8.35356295e-01 1.62698850e-01 -4.93736088e-01
    1.45387813e-01 1.80237412e+00 9.04067338e-01 -6.37619674e-01
    1.79255652e+00 -6.70863330e-01 1.08659852e+00 6.21517718e-01
    -3.00162345e-01 1.29971576e+00 -2.64759421e-01 8.84177327e-01
    8.76016259e-01 1.49462330e+00 7.00997472e-01 -3.60775858e-01
    -5.83999395e-01 1.05537438e+00 1.59241664e+00 2.16794753e+00
    1.06736279e+00 1.33232832e+00 -3.91508937e-01 1.53806067e+00
    1.52326620e+00 -3.48931074e-01 1.17080152e+00 -5.66749334e-01
    2.26760253e-01 5.44339001e-01 -2.56752828e-03 -3.98960829e-01
    -4.44191456e-01 1.68367088e-01 1.08894718e+00 1.11919034e+00
    9.47908342e-01 5.05624473e-01 3.16918820e-01 -4.91390258e-01
    6.41456068e-01 -2.34724104e-01 4.33577091e-01 1.00446641e+00
    1.76556957e+00 5.35656035e-01 3.08589876e-01 -4.52001929e-01
    -9.93426610e-03 6.61739349e-01 -4.22031254e-01 1.42647541e+00
    8.36493790e-01 1.37820005e+00 -5.97655058e-01 5.59390187e-01
    2.41230443e-01 1.15263355e+00 1.08185720e+00 1.69248149e-01
    4.04586256e-01 1.12160277e+00 -7.04358220e-01 1.10071123e+00
    6.82361364e-01 9.29293558e-02 1.67387331e+00 1.72057867e-01
    6.99009418e-01 3.85846823e-01 2.64479876e-01 1.49240410e+00
    8.60664606e-01 -7.38797724e-01 -5.09864092e-01 3.24719071e-01
    1.59172201e+00 1.64810216e+00 5.36839366e-01 2.03567743e-01
    -3.54461074e-02 1.56413925e+00 6.47253096e-02 1.61806893e+00
    -4.02170300e-01 5.81743084e-02 3.39279860e-01 1.11139309e+00
    1.37538970e+00 1.39277935e+00 1.09631717e+00 1.55688524e+00
    4.10282999e-01 -3.09939533e-01 1.23908892e-01 3.56277257e-01
    1.12675317e-01 -2.51569718e-01 5.95385015e-01 7.39449859e-02
    1.56735265e+00 7.35169411e-01 1.53396153e+00 1.58394372e+00
    1.64640844e+00 4.49055195e-01 1.34260464e+00 1.66552234e+00
    -5.11109471e-01 -6.56966865e-01 9.54094768e-01 1.36991990e+00
    1.30114511e-01 3.27019453e-01 3.07843089e-01 3.62426519e-01
    1.57316720e+00 1.22346330e+00 7.97848869e-03 8.96060020e-02
    1.15270197e+00 -5.68203449e-01 1.13434844e-01 7.01925039e-01
    3.17792892e-01 1.52746022e+00 1.53134906e+00 1.38306499e+00
    -4.11777675e-01 -6.82786405e-01 1.60491192e+00 6.36889398e-01
    -4.02774304e-01 -5.46323657e-01 6.23764753e-01 7.49854624e-01
    9.08743382e-01 -2.34264150e-01 -2.93333083e-01 1.48306036e+00
    4.98239279e-01 1.64145672e+00 -5.79782784e-01 -7.29074955e-01
    1.27372575e+00 1.35593340e-01 -5.51369488e-02 1.68505478e+00
    3.35007496e-02 -7.20447600e-01 1.59351361e+00 1.43461382e+00
    1.70591819e+00 -1.10669427e-01 -7.81909108e-01 1.59749782e+00
    1.12298334e+00 1.14052498e+00 1.57365465e+00 -4.61870015e-01
    8.70805025e-01 9.19378936e-01 -2.96046883e-01 1.38118970e+00
    1.31217015e+00 3.29407811e-01 -2.46060565e-01 2.39873260e-01
    1.92131668e-01 1.38742554e+00 7.03370214e-01 6.50336683e-01
    3.52737308e-01 -1.07257910e-01 -2.02908576e-01 -6.01731956e-01
    -3.49715203e-01 6.67231858e-01 1.48547328e+00 2.17282802e-01
    1.69456697e+00 -4.84914094e-01 2.98200697e-01 7.15094686e-01
    1.24296304e-02 1.66250968e+00 -2.44301513e-01 3.89767051e-01
    6.28044426e-01 -3.60261828e-01 -3.89233172e-01 9.03489649e-01
    1.06918788e+00 2.13923976e-01 1.48662257e+00 -1.21336564e-01
    1.62867260e+00 -2.65451550e-01 5.96655965e-01 -5.06426999e-03
    7.96631515e-01 1.55558085e+00 1.13688505e+00 -6.14918709e-01
    3.48523736e-01 1.42127645e+00 -3.62051517e-01 4.03332829e-01
    -2.00608298e-01 1.48470676e+00 9.02202666e-01 1.41239333e+00
    9.33214605e-01 9.96671140e-01 1.60570061e+00 9.40478444e-01
    -4.62999940e-01 2.92483032e-01 -7.29558766e-01 8.35720718e-01
    -8.36992264e-03 4.32928741e-01 1.63328540e+00 1.31579232e+00
    3.16018730e-01 -4.98833507e-01 -1.71104372e-01 -4.27672789e-02
    -1.64567485e-01 -7.22996950e-01 1.03712511e+00 1.56499493e+00
    -7.17573762e-01 7.03247497e-03 2.56703854e-01 -7.70276487e-02
    6.42827570e-01 -8.20292458e-02 1.56211400e+00 -7.06302106e-01
    9.09395158e-01 1.26675868e+00 2.05113217e-01 1.68813363e-01
    8.68852496e-01 1.43377340e+00 1.21053243e+00 4.53182012e-02
    4.79456484e-01 -6.94565833e-01 5.42947045e-03 1.33128405e+00
    1.24685502e+00 1.76599395e+00 5.25139034e-01 -6.18633509e-01
    -2.83896197e-02 6.97526991e-01 -3.06429386e-01 2.42255777e-01
    -5.29944837e-01 8.38301659e-01 2.90813781e-02 -2.20559850e-01
    1.43208945e+00 1.46022189e+00 6.45213902e-01 7.19276249e-01
    -8.28949511e-01 8.70415270e-01 6.13382161e-01 4.08939347e-02
    7.10396171e-01 1.68418336e+00 -4.86484468e-01 1.42262006e+00
    1.69224584e+00 1.65365208e-02 -5.58410704e-01 4.46283937e-01
    6.22068942e-01 1.38535547e+00 1.49313188e+00 5.28524108e-02
    2.66762346e-01 1.59512031e+00 9.11812246e-01 5.45206845e-01
    1.07263088e+00 1.45053601e+00 3.91175538e-01 1.47914600e+00
    -4.36087757e-01 6.88632905e-01 4.71762925e-01 -6.08587623e-01
    3.74027938e-02 -5.96735775e-01 -3.26512083e-02 2.90977329e-01
    3.90989333e-01 1.19017327e+00 4.97626930e-01 1.33802688e+00
    9.68077958e-01 7.77991831e-01 8.88219595e-01 7.53623962e-01
    -5.33785701e-01 1.04253507e+00 6.59986496e-01 7.34996319e-01
    -3.23190098e-03 -2.98593760e-01 5.04936099e-01 -3.41600806e-01
    1.38797760e+00 1.64683795e+00 1.61356854e+00 -5.53557396e-01
    -3.63869876e-01 8.38248253e-01 -6.45050406e-01 1.38746786e+00
    3.30623686e-02 1.08152163e+00 -7.77965724e-01 1.63668895e+00
    -2.93336004e-01 5.00927508e-01 6.68597877e-01 1.63132203e+00
    2.75970429e-01 2.31814861e-01 7.50791669e-01 1.05994928e+00
    -3.02330256e-01 2.22825497e-01 7.06019163e-01 7.25618675e-02
    1.30668974e+00 -5.07034123e-01 8.05303454e-01 4.83348221e-01
    9.48662162e-01 3.38512063e-01 -4.49940592e-01 -2.42395997e-01
    7.02302754e-01 -4.86851066e-01 -6.45583272e-01 1.58654785e+00
    1.11303079e+00 1.04014266e+00 2.13291690e-01 8.88789237e-01
    9.04434025e-02 6.46329761e-01 1.50952888e+00 1.51829994e+00
    1.64015687e+00 5.79868734e-01 2.17043832e-01 1.27918673e+00
    -2.05652922e-01 2.07340792e-01 -6.90162063e-01 8.26362252e-01
    4.27146256e-01 1.69647586e+00 -1.71794355e-01 7.69635379e-01
    1.02788091e+00 1.69313669e+00 -3.18654805e-01 1.69964361e+00
    7.77977884e-01 -7.41024077e-01 4.66167122e-01 1.12889779e+00
    3.20623398e-01 9.06223178e-01 1.41170883e+00 -4.37653810e-02
    -3.85801911e-01 -5.22168994e-01 1.12244941e-01 4.36312944e-01
    -3.77440751e-01 -6.34254634e-01 4.31198835e-01 -1.57988116e-01
    9.29045916e-01 2.93124080e-01 7.76812911e-01 -3.36171657e-01
    1.61965525e+00 6.65327311e-01 2.94729471e-02 2.53828526e-01
    1.32276213e+00 4.63940680e-01 9.90358889e-01 7.78651118e-01
    1.53191650e+00 -4.41985279e-01 -6.05690420e-01 1.59119928e+00
    4.17297274e-01 3.28516126e-01 7.83267319e-01 6.34289026e-01
    6.65721416e-01 9.16777730e-01 -6.22237027e-01 -2.17930675e-02
    1.51519179e+00 9.99027967e-01 1.78636789e-01 1.28540981e+00
    -6.12163469e-02 1.15754282e+00 1.78410009e-01 6.55972779e-01
    1.25818312e+00 4.09877777e-01 -9.70944017e-02 8.10034335e-01
    2.35542491e-01 1.52137709e+00 8.56353521e-01 9.02684033e-01
    2.60633498e-01 7.08828270e-01 1.29952788e+00 -3.51733685e-01
    1.01195049e+00 1.75277841e+00 9.87667739e-01 1.53585836e-01
    7.46738732e-01 6.22325599e-01 -5.33119440e-01 9.10061836e-01
    -7.62906298e-02 -1.72324330e-02 -4.97841358e-01 -4.88429666e-01
    4.45956856e-01 -6.59906209e-01 1.19243205e+00 1.19999707e+00
    3.64684939e-01 -5.13252556e-01 -2.03336664e-02 -6.49467528e-01
    -4.91087675e-01 4.90760267e-01 7.85174429e-01 1.72663021e+00
    -1.39578909e-01 3.43107939e-01 2.81006753e-01 5.31878054e-01
    3.11938971e-01 1.26543629e+00 9.25493613e-02 -6.48164153e-01
    -3.16252977e-01 -6.04184628e-01 -4.53194052e-01 1.17829657e+00
    1.71335685e+00 1.40781963e+00 1.02677953e+00 7.60742202e-02
    1.68229151e+00 6.68663561e-01 -4.21576321e-01 7.32866451e-02
    9.55034256e-01 -2.67230034e-01 8.62727642e-01 -6.82272077e-01
    -4.51522768e-01 8.57898176e-01 1.52948344e+00 -5.28413594e-01
    1.73588014e+00 6.97159052e-01 -4.44306046e-01 1.59993029e+00
    1.02863923e-01 1.51212847e+00 2.58085847e-01 1.55582517e-01
    1.23144098e-01 1.56552219e+00 1.36101377e+00 -7.93101668e-01
    -3.75203878e-01 -3.03013712e-01 -3.92038971e-01 1.28613496e+00
    6.82459652e-01 1.29161334e+00 1.66371143e+00 -5.82039416e-01
    1.52699196e+00 -2.54542083e-01 1.58524263e+00 2.79158086e-01
    3.48703116e-01 3.57683241e-01 5.65047741e-01 8.60637426e-01
    1.63209045e+00 8.48523259e-01 1.36116505e+00 6.00141227e-01
    7.96994925e-01 1.35578620e+00 5.04865468e-01 8.55579734e-01
    1.45393181e+00 -1.83825642e-01 1.46946669e-01 -2.39864990e-01
    1.62802804e+00 5.00138342e-01 -3.49545598e-01 8.11951220e-01
    9.68187153e-01 -2.69464701e-01 7.72045314e-01 -2.16595113e-01
    1.04788160e+00 -2.81958908e-01 1.29579151e+00 6.07957840e-01
    1.00764346e+00 -6.26057565e-01 9.62590933e-01 4.82133865e-01
    1.26939511e+00 1.54916263e+00 -2.95422077e-01 6.11575127e-01
    -4.03168023e-01 1.57234514e+00 3.02308917e-01 -5.54888546e-01
    -1.42677128e-01 1.08413541e+00 1.74667907e+00 3.12526494e-01
    -1.86540321e-01 1.28880060e+00 -1.95855200e-01 8.63523424e-01
    9.13111389e-01 1.39882576e+00 1.59807689e-02 -5.20725906e-01
    -4.41263795e-01 -6.76001310e-01 3.26781452e-01 8.86563659e-01
    4.39003825e-01 5.49329162e-01 5.46315551e-01 -1.96771063e-02
    9.43085074e-01 1.51135635e+00 1.30731225e+00 1.00246620e+00
    -1.76284850e-01 1.29999614e+00 1.08396196e+00 1.56838626e-01
    -3.51261586e-01 9.23787236e-01 5.90357244e-01 3.97044569e-01
    -3.33896756e-01 6.17667615e-01 -3.33504915e-01 -2.14283481e-01
    9.51675653e-01 9.81153309e-01 1.18243551e+00 2.64628291e-01
    -7.02163994e-01 1.38605404e+00 1.26095080e+00 -4.87942040e-01
    -2.38776624e-01 2.45691001e-01 -4.37075347e-01 3.74563843e-01
    1.71136057e+00 5.89396000e-01 1.10021985e+00 -4.44994606e-02
    1.19713217e-01 4.86007422e-01 6.97758257e-01 5.59223890e-01
    -2.94223934e-01 1.02602839e+00 7.56081760e-01 8.94553661e-01
    1.50576496e+00 -6.22160196e-01 3.26125294e-01 -1.99120596e-01
    7.39726424e-01 3.81281003e-02 1.28385770e+00 -7.06308261e-02
    -8.47948566e-02 1.06786489e+00 -6.51269972e-01 7.25303292e-01
    1.27338612e+00 1.66948342e+00 -7.33584538e-02 -2.30655685e-01
    9.23419476e-01 1.69234657e+00 5.17363548e-01 -6.77547336e-01
    3.68941456e-01 1.06809092e+00 7.40960479e-01 9.51987982e-01
    5.26190519e-01 -8.88853073e-02 1.68517661e+00 1.29764593e+00
    3.44219685e-01 -3.00027430e-01 1.39744401e+00 -4.01597694e-02
    1.82936573e+00 1.38408855e-01 8.59999508e-02 1.67970169e+00
    3.33652616e-01 -4.83425647e-01 -1.63029328e-01 3.67844194e-01
    -2.78074682e-01 1.18874145e+00 4.89411622e-01 5.21097183e-01
    2.78221676e-03 7.60451555e-01 8.25556457e-01 -1.22852579e-01
    -6.94746375e-01 6.83968365e-02 -7.31823742e-01 1.36074364e+00
    1.32998013e+00 -9.12260532e-01 3.05171102e-01 5.90471745e-01
    1.06456506e+00 7.18748987e-01 3.65618527e-01 -1.24752484e-01
    4.85129431e-02 4.41668987e-01 1.64418483e+00 3.01493168e-01
    9.62849796e-01 1.49601102e-01 7.30270982e-01 3.36047441e-01
    -2.11163774e-01 7.02832460e-01 1.38268983e+00 -7.12053329e-02
    3.85545827e-02 2.67127603e-01 1.75522313e-01 -6.75963521e-01
    1.00278214e-01 7.87858367e-02 -7.50635564e-01 6.53523684e-01
    1.49051571e+00 2.35486820e-01 -6.75288081e-01 9.19823349e-01
    8.05438817e-01 1.36517298e+00 1.48217893e+00 8.12917113e-01
    3.86450738e-01 3.53502125e-01 -3.81530166e-01 -2.58236557e-01
    8.18134367e-01 5.42947233e-01 8.33638430e-01 9.77021933e-01
    1.72749650e+00 1.48626828e+00 -1.75847605e-01 1.62325859e+00
    4.42719698e-01 1.49310803e+00 1.08603048e+00 5.77901304e-01
    1.17267454e+00 -2.75348164e-02 9.14290071e-01 1.73023820e+00
    7.99813569e-01 4.36921567e-01 -5.26418746e-01 -1.44889027e-01
    -5.23729324e-01 1.19839147e-01 1.50188208e+00 7.50376046e-01
    1.78760040e+00 8.84390697e-02 -5.30490637e-01 -2.60744035e-01
    1.62599456e+00 1.40812683e+00 7.63028935e-02 -1.30218953e-01
    2.83659101e-01 1.69076824e+00 6.18650675e-01 -4.00875896e-01
    -2.82947481e-01 5.22981107e-01 1.74928451e+00 8.17138553e-01
    1.67324376e+00 6.29091382e-01 7.10277438e-01 -2.85513941e-02
    1.27301610e+00 2.73825735e-01 3.19271743e-01 6.25620842e-01
    -1.38854980e-01 1.24418581e+00 4.11239266e-01 -3.91569018e-01
    1.98494256e-01 1.58449244e+00 -4.54563946e-01 1.88642636e-01
    1.04513693e+00 8.18556324e-02 -8.78244564e-02 -3.26796472e-01
    -7.13354111e-01 -6.74567521e-01 4.57999408e-01 1.70336306e+00
    -4.01022404e-01 -1.51814893e-01 2.21672714e-01 7.00233519e-01
    4.60088849e-01 6.25752449e-01 -7.89904177e-01 9.21354294e-01
    2.92618778e-02 1.53278100e+00 7.77757764e-01 5.05315661e-01
    1.56713748e+00 4.36001688e-01 1.32560515e+00 7.37593353e-01
    1.26813352e+00 2.54179269e-01 6.82975650e-01 1.64680409e+00
    -3.94444078e-01 -2.95859694e-01 -2.19332755e-01 3.86631519e-01
    2.10742764e-02 1.23914051e+00 1.06701028e+00 1.25818408e+00
    1.84241086e-01 -2.06472605e-01 2.92784348e-02 -4.07496721e-01
    4.54099387e-01 1.71438143e-01 -4.21396196e-01 1.33618581e+00
    1.09299958e+00 1.16472912e+00 1.28293753e+00 -2.38393888e-01
    -7.13581085e-01 -4.45333511e-01 9.60574806e-01 9.66978788e-01
    1.23220429e-01 3.48091304e-01 9.13526535e-01 1.62297845e+00
    8.07250917e-01 3.84668320e-01 9.57435071e-01 8.46906543e-01
    9.81264353e-01 1.62619889e+00 1.42875516e+00 1.25385597e-01
    1.43897700e+00 8.83352458e-01 1.45405924e+00 -7.00768352e-01
    1.40039229e+00 6.42902136e-01 1.52766123e-01 -1.45668298e-01
    2.70042509e-01 7.19127178e-01 1.58127427e+00 2.43409961e-01
    -1.44304428e-02 8.00574422e-01 6.89144552e-01 8.28746796e-01
    1.63877964e+00 9.89163578e-01 5.64125657e-01 1.02206814e+00
    -3.60118836e-01 1.98598444e-01 -6.66333959e-02 7.51231194e-01
    1.00987601e+00 1.56563163e+00 -3.21235448e-01 1.51854527e+00
    -3.63537729e-01 8.22001100e-01 3.80780309e-01 5.72184622e-01
    -5.94029844e-01 2.72172004e-01 1.82550573e+00 1.25599062e+00
    -9.40728188e-02 -1.28608048e-01 6.68017745e-01 -1.25422999e-01
    1.16009247e+00 1.34707832e+00 6.46811903e-01 1.42435157e+00
    -4.15450156e-01 -3.86662871e-01 -2.73923367e-01 -9.31814611e-02
    -8.45303476e-01 -8.43488932e-01 6.11319065e-01 1.68940818e+00
    1.54901481e+00 3.43156233e-02 2.77781427e-01 -2.81062901e-01
    -6.69305205e-01 -5.72552323e-01 -6.11735225e-01 5.13785779e-01
    3.54026198e-01 2.78357178e-01 -3.57036650e-01 7.77572870e-01
    1.25254929e-01 -7.96897560e-02 -6.43866777e-01 1.21195519e+00
    -5.60968578e-01 1.45073676e+00 -1.99166417e-01 1.70478427e+00
    -3.02095413e-01 -5.12784421e-01 1.63949740e+00 3.24899167e-01
    1.80070472e+00 1.82082033e+00 7.31403947e-01 1.08883297e+00
    2.69273639e-01 1.31861269e-01 1.28406107e+00 1.52439904e+00
    -5.01475275e-01 1.58662343e+00 -1.52936608e-01 4.46988732e-01
    4.36349452e-01 1.26508594e+00 6.50560915e-01 1.27442455e+00
    1.51027298e+00 3.03328276e-01 -7.31430411e-01 1.34046364e+00
    -6.85094118e-01 -6.90883040e-01 7.71904409e-01 -5.91156006e-01
    1.63507366e+00 -3.08338314e-01 1.44418466e+00 -5.98060369e-01
    8.74162734e-01 2.22668469e-01 1.39828861e-01 1.11195135e+00
    1.33986616e+00 1.42227614e+00 1.04564583e+00 -8.01562488e-01
    4.94039446e-01 4.14372116e-01 -5.24922132e-01 5.51008344e-01
    3.43904346e-02 -6.14250779e-01 -2.99787164e-01 4.59249496e-01
    1.35408151e+00 1.03458714e+00 1.74438369e+00 5.37907958e-01
    -7.47219622e-01 9.36433077e-02 1.52614570e+00 2.91501939e-01
    5.10694861e-01 -1.09469727e-01 1.12475467e+00 -5.52213728e-01
    1.46432638e+00 1.48783290e+00 4.79197294e-01 -6.65787697e-01
    1.79475904e+00 -5.51646829e-01 7.84025013e-01 -7.18413472e-01
    5.42954076e-03 1.70237467e-01 1.17050409e+00 1.34580207e+00
    1.23058319e+00 1.07055746e-01 5.48749030e-01 -1.92304477e-01
    9.13578331e-01 8.12603295e-01 6.66157782e-01 5.90757489e-01
    6.73335716e-02 1.25310040e+00 8.33936334e-01 -5.30448973e-01
    1.70306337e+00 9.47484970e-01 1.36048520e+00 8.25167418e-01
    4.98909861e-01 -7.02395976e-01 1.98637992e-01 7.86540568e-01
    1.34069657e+00 4.89224404e-01 1.37878582e-02 8.26905429e-01
    7.00485051e-01 9.45696414e-01 -2.17630267e-01 5.96681654e-01
    6.80388093e-01 -4.68942374e-01 1.55243349e+00 -6.14076495e-01
    -1.50215790e-01 1.17910457e+00 1.06781518e+00 -6.61486268e-01
    1.06846249e+00 6.18986249e-01 1.16726565e+00 4.55105299e-04
    1.56462932e+00 -7.47330710e-02 1.90040166e-03 -3.60092908e-01
    -3.80972266e-01 9.70155418e-01 3.14441137e-02 1.66586685e+00
    2.63918310e-01 -6.49066746e-01 3.26871246e-01 7.43883073e-01
    1.52508175e+00 -2.78904945e-01 -1.44268110e-01 -2.38438785e-01
    1.18082035e+00 3.25021625e-01 3.16954136e-01 -6.32802546e-01
    2.96187282e-01 1.14816892e+00 3.62617224e-01 1.51850021e+00
    -5.92706382e-01 9.80290890e-01 5.57014167e-01 3.79324913e-01
    -5.38073123e-01 -7.79299200e-01 1.41398132e+00 3.60785335e-01
    1.43339658e+00 -3.57379317e-01 4.98121440e-01 7.42378950e-01
    -4.03967723e-02 1.73957193e+00 -2.56493241e-01 1.03885651e+00
    -2.97666579e-01 1.44257689e+00 5.10486722e-01 6.65055871e-01
    -4.00551826e-01 1.64367366e+00 -6.57770932e-01 8.89680609e-02
    3.43805283e-01 5.67742407e-01 6.13818765e-01 8.84659708e-01
    1.61331618e+00 1.34916174e+00 1.15635896e+00 3.02511483e-01
    6.59006655e-01 -6.61815584e-01 1.43223464e+00 1.48692584e+00
    8.01024616e-01 -1.52232483e-01 2.10657239e-01 4.55029029e-03
    4.55724485e-02 3.77492547e-01 -2.92060412e-02 1.61300504e+00
    -2.59605885e-01 -4.80188251e-01 4.90260929e-01 1.12778652e+00
    3.97714287e-01 -4.13912743e-01 1.00989521e+00 1.94343269e-01
    1.53820240e+00 1.14915025e+00 6.77882314e-01 -6.57642066e-01
    3.56737763e-01 8.03053260e-01 8.57579529e-01 9.73026827e-02
    6.93695903e-01 1.72601497e+00 1.49436021e+00 1.43321609e+00
    -5.38765550e-01 5.60972810e-01 6.63272262e-01 -7.16995895e-01
    -5.59439421e-01 1.19681931e+00 -5.38078964e-01 1.21875453e+00
    -7.11933494e-01 1.03596792e-01 5.81874490e-01 -3.29878032e-01
    7.20716178e-01 1.06151497e+00 1.11590341e-01 -2.50590563e-01
    8.69703114e-01 -2.45162427e-01 4.29762095e-01 7.82099307e-01
    1.96418971e-01 1.37368476e+00 1.48657858e+00 5.92575252e-01
    1.51165915e+00 1.28858423e+00 5.85381806e-01 1.37790060e+00
    -6.54736698e-01 -9.00712535e-02 -2.88008660e-01 1.65456438e+00
    -2.47910634e-01 1.46592379e+00 1.57761669e+00 1.22050571e+00
    -3.41400415e-01 1.18711507e+00 5.97608626e-01 3.78294379e-01
    1.43477845e+00 1.80032384e+00 3.83445233e-01 -7.56666601e-01
    4.09741431e-01 9.92179990e-01 1.25471723e+00 1.08903778e+00
    -4.46526229e-01 1.38613164e+00 -1.48754150e-01 1.37704313e+00
    2.05045745e-01 1.59373844e+00 5.34573734e-01 6.52969182e-01
    1.54799950e+00 3.52228820e-01 -3.37034345e-01 1.82018721e+00
    1.24812329e+00 5.67915976e-01 7.40984499e-01 6.97939217e-01
    3.45950752e-01 1.13196003e+00 1.73900023e-01 6.31127646e-03
    1.08098793e+00 1.56207347e+00 1.89292431e-01 1.48639202e+00
    -2.27813125e-01 1.25481534e+00 -1.06060430e-01 1.18442869e+00
    3.88581842e-01 7.54652917e-01 1.37625396e+00 3.18851113e-01
    -4.73691076e-01 7.98827767e-01 9.06404257e-01 1.42058790e+00
    1.10982275e+00 -3.11898477e-02 1.01128042e+00 1.48506296e+00
    1.65138042e+00 -3.80115688e-01 4.87891793e-01 -5.81795931e-01
    1.21572423e+00 6.43901885e-01 -4.07621652e-01 1.13917243e+00
    6.34946048e-01 -3.65558088e-01 1.01095414e+00 -3.72716963e-01
    -1.58990584e-02 -4.50385183e-01 1.63340378e+00 1.76648641e+00
    -4.42288458e-01 8.06475639e-01 -5.35010874e-01 -4.87810671e-01
    8.12175333e-01 1.60229743e+00 8.23484480e-01 1.15100467e+00
    5.04976332e-01 -9.47847739e-02 4.58216131e-01 -1.28487542e-01
    1.10216451e+00 1.67564178e+00 -1.27286494e-01 3.08820307e-01
    8.02658260e-01 -1.67733520e-01 4.78522271e-01 1.20974422e+00
    -1.99288279e-01 -2.11562276e-01 2.72064149e-01 1.01462126e-01
    -5.27309358e-01 1.47961509e+00 1.39085031e+00 1.15595818e+00
    5.76130450e-02 1.17455161e+00 4.34136316e-02 1.69341028e+00
    6.76959276e-01 4.91588235e-01 -2.60822009e-02 -1.22458540e-01
    -1.34354997e-02 6.72175884e-01 1.77100718e-01 -4.40233201e-01
    9.70549047e-01 3.52864638e-02 7.35918820e-01 1.65793192e+00
    -4.82472926e-01 -1.89815551e-01 5.39261382e-03 6.47416338e-02
    5.17886758e-01 1.65074921e+00 1.65231705e+00 1.00396764e+00
    -4.00041997e-01 1.77308464e+00 -2.76717898e-02 7.19129562e-01
    -4.35004592e-01 1.29864573e+00 1.31281984e+00 5.51465392e-01
    1.72482729e+00 1.94367394e-01 5.41053534e-01 3.76914024e-01
    -1.47370309e-01 1.73284519e+00 1.36395836e+00 -1.10900708e-01
    -6.46869242e-02 7.69349396e-01 1.25376487e+00 -5.83958849e-02
    -3.88349771e-01 -1.48068815e-01 -2.68061191e-01 1.12088144e+00
    3.88212860e-01 -5.36176264e-01 7.97179759e-01 9.00258839e-01
    3.78117770e-01 4.16797847e-01 7.67642379e-01 -2.00908750e-01
    1.38452137e+00 -7.84025252e-01 9.96902168e-01 6.92505896e-01
    -7.49138772e-01 2.45059967e-01 9.92353320e-01 4.80827600e-01
    1.31672668e+00 6.60199463e-01 3.41227114e-01 1.56688285e+00
    7.61527717e-01 7.06814945e-01 7.93787092e-02 7.01225460e-01
    1.83003232e-01 -1.36526331e-01 4.48227763e-01 4.44828868e-01
    3.19080442e-01 1.59449673e+00 -6.52023137e-01 4.31644261e-01
    3.27201635e-01 -5.03120199e-02 1.06082988e+00 -4.38806742e-01
    6.80583864e-02 9.87125099e-01 3.71393442e-01 1.22756517e+00
    5.75939775e-01 1.42884195e+00 4.89949107e-01 -6.26573265e-02
    1.53067207e+00 7.17616916e-01 8.77134562e-01 5.39651662e-02
    4.10906434e-01 -4.23260897e-01 1.27040529e+00 1.11247337e+00
    3.00901651e-01 -2.57551134e-01 1.18461847e-01 4.35378283e-01
    -1.61341816e-01 5.45889974e-01 1.55624962e+00 9.74395335e-01
    -3.58434647e-01 -7.81545579e-01 1.19757891e+00 1.58705437e+00
    1.01822531e+00 7.96399415e-01 5.14978468e-01 3.74286473e-01
    3.91341716e-01 1.77916288e+00 4.16323282e-02 1.57682920e+00
    -5.20420909e-01 -8.19739252e-02 -7.17894733e-01 -4.82246876e-02
    8.61469269e-01 1.25359988e+00 9.86168385e-01 -7.44061195e-04
    6.82462156e-01 6.25105724e-02 1.70163202e+00 3.74426037e-01
    1.64809918e+00 9.49761689e-01 -6.35505736e-01 9.98070657e-01
    1.50802851e-01 8.35874796e-01 5.67176580e-01 4.79995936e-01
    1.05287266e+00 -1.12516824e-02 1.08853984e+00 -1.27791122e-01
    -3.83486688e-01 7.28524402e-02 2.34866887e-03 1.52220869e+00
    3.61522347e-01 -5.70747733e-01 3.73764247e-01 9.89315569e-01
    2.91783810e-01 -5.68372250e-01 6.97931588e-01 1.34456480e+00
    9.85744238e-01 1.11823261e+00 1.53491104e+00 -7.17123926e-01
    1.77538884e+00 -8.72217864e-02 2.37790257e-01 -6.87349319e-01
    3.86862934e-01 1.34619260e+00 -2.66247511e-01 -1.38590947e-01
    1.47280657e+00 7.51258790e-01 1.05086982e+00 -3.28526676e-01
    -4.64515567e-01 1.21158004e+00 -6.77505672e-01 1.66652596e+00
    1.52458832e-01 1.23473978e+00 -1.70369416e-01 -8.20868254e-01
    -2.03161359e-01 -5.25124848e-01 5.68157256e-01 -2.07754135e-01
    -2.12275237e-01 -1.01842113e-01 -5.84582686e-01 -6.42624199e-01
    6.52814627e-01 9.27768528e-01 -6.81335092e-01 3.26925635e-01
    -2.36088317e-02 1.23568034e+00 1.22437942e+00 9.47773039e-01
    9.83642280e-01 -6.39485955e-01 9.34369385e-01 7.05036163e-01
    8.60509813e-01 1.06506288e+00 -6.84969649e-02 1.33973825e+00
    1.66933179e+00 8.44049156e-01 4.83769149e-01 1.64766002e+00
    7.16507435e-03 1.60547471e+00 5.84445357e-01 -5.38209230e-02
    -6.56611502e-01 1.42443311e+00 1.54429364e+00 1.02017140e+00
    2.48190925e-01 1.30423260e+00 -1.96086138e-01 -1.29335016e-01
    5.76522291e-01 2.30054393e-01 9.77231622e-01 1.63322997e+00
    7.94973016e-01 1.40799046e+00 -4.78529334e-01 1.68707085e+00
    1.75646782e+00 -3.20340604e-01 8.26237798e-01 6.05032623e-01
    -1.05957858e-01 -5.61992526e-01 1.49083066e+00 3.47495735e-01
    7.00957060e-01 4.01228331e-02 5.44392094e-02 1.52842772e+00
    2.93099165e-01 1.25054812e+00 2.00280622e-01 1.49661481e+00
    1.16029799e-01 1.49154365e+00 4.44436461e-01 -1.18995838e-01
    1.39127374e+00 -7.89246321e-01 -1.50321007e-01 -1.26527473e-01
    1.00044823e+00 1.52853584e+00 -4.85892296e-01 7.57291257e-01
    8.03557754e-01 2.99888819e-01 -7.59356320e-01 1.42492402e+00
    7.88269714e-02 -5.85490346e-01 4.81545031e-01 -1.75550684e-01
    1.20991576e+00 3.20470214e-01 1.05793703e+00 1.01836586e+00
    -6.87852502e-01 -5.72347820e-01 -2.84561291e-02 -2.12781370e-01
    1.28994131e+00 9.18063819e-01 2.93423802e-01 -2.51738816e-01
    1.37180269e+00 -5.95944405e-01 1.49555147e+00 2.79538304e-01
    1.33024442e+00 5.13044059e-01 -6.73769236e-01 1.55672479e+00
    -6.26313925e-01 1.17902505e+00 -3.77431810e-02 -6.21025860e-01
    6.01822197e-01 1.11154310e-01 1.34341455e+00 -6.01633251e-01
    -4.40171838e-01 1.66213536e+00 1.50697005e+00 1.39044571e+00
    2.88565159e-01 -4.09111083e-02 -1.16439372e-01 3.03609163e-01
    4.44268227e-01 1.35592473e+00 1.13004851e+00 3.30117911e-01
    1.19379950e+00 4.39589620e-01 1.13919415e-01 1.35776985e+00
    1.75894940e+00 1.54116404e+00 1.69172323e+00 4.64300513e-01
    7.59842277e-01 6.89134374e-02 8.09576213e-01 9.95058656e-01
    1.14349887e-01 -3.33960801e-01 -2.61051655e-01 4.85202104e-01
    1.74552691e+00 5.12848973e-01 4.03046340e-01 -2.56555945e-01
    -2.89968222e-01 1.57894754e+00 1.49423158e+00 1.29169321e+00
    -6.56834424e-01 -1.75464466e-01 -3.88243914e-01 6.68859839e-01
    1.29360259e+00 -6.14248931e-01 1.08784103e+00 2.01066837e-01
    -1.68192849e-01 1.22954786e+00 -4.63075310e-01 -1.03704348e-01
    7.13811159e-01 -6.65204227e-01 1.11595511e+00 -6.32452726e-01
    1.13518202e+00 -3.96989644e-01 1.15596211e+00 9.72906470e-01
    -5.24189234e-01 2.89086103e-01 8.71017396e-01 7.03533530e-01
    6.22895122e-01 -5.68183064e-01 1.90539867e-01 1.53978026e+00
    -8.58747512e-02 1.36188889e+00 1.10268903e+00 8.41358185e-01
    -7.09152102e-01 -5.31802475e-01 -2.39780456e-01 2.96508193e-01
    1.12060237e+00 4.10916805e-01 1.16255236e+00 -6.71860650e-02
    -3.59108359e-01 1.45875871e+00 1.61388314e+00 3.69559944e-01
    -3.89027625e-01 -1.69531718e-01 -3.24047953e-01 6.60603583e-01
    9.69557464e-01 -3.60630393e-01 1.56197000e+00 3.40482324e-01
    9.84143615e-01 6.82050884e-01 -2.75553502e-02 4.80669856e-01
    -4.97037530e-01 9.83408749e-01 4.18462813e-01 -4.55176532e-01
    1.48634112e+00 3.42857391e-01 5.16951457e-02 8.85240376e-01
    7.99203873e-01 -1.55999839e-01 3.65780264e-01 -7.00446904e-01
    -1.80294856e-01 -3.04453224e-01 9.16684926e-01 8.24777365e-01
    -6.34687603e-01 7.89369404e-01 -6.90795779e-02 -4.77794617e-01
    2.37988204e-01 7.40084589e-01 -1.46454722e-01 1.03328928e-01
    -9.80047602e-03 1.03637230e+00 1.26628685e+00 -3.41150343e-01
    1.40311217e+00 5.77057481e-01 3.88850152e-01 7.16112182e-02
    3.70840281e-02 -2.45006129e-01 1.45782840e+00 -7.90106207e-02
    1.75544965e+00 -2.34213799e-01 4.40089524e-01 7.21220553e-01
    1.34771705e+00 1.71793318e+00 2.57461183e-02 -2.38019168e-01
    1.39259005e+00 -7.06007838e-01 -6.22346938e-01 2.03392416e-01
    6.89748049e-01 2.32694633e-02 1.62778413e+00 1.46627796e+00
    1.76119924e+00 5.35180569e-01 7.19003558e-01 3.23519170e-01
    2.21461102e-01 2.82521427e-01 1.23171151e+00 -6.81086779e-01
    -5.46120226e-01 6.83885366e-02 1.70048571e+00 -6.04872942e-01
    7.11084366e-01 2.84047604e-01 -3.85275722e-01 1.68543816e+00
    -3.95572931e-01 1.36198175e+00 6.87131524e-01 -1.37233287e-01
    7.55783021e-01 9.96720970e-01 2.12843075e-01 4.71507341e-01
    2.86855042e-01 1.18091559e+00 9.57012892e-01 3.47784936e-01
    -7.35505164e-01 1.74684256e-01 1.07185297e-01 5.45157909e-01
    -7.01193631e-01 9.56964731e-01 -3.06903541e-01 5.34798265e-01
    7.57684946e-01 -4.22722727e-01 1.46165740e+00 1.61592102e+00
    6.80154383e-01 -3.92583936e-01 1.74605095e+00 -5.37399471e-01
    5.98245859e-01 1.62830007e+00 9.59699035e-01 1.27824807e+00
    8.40614498e-01 -1.39300555e-01 1.62738991e+00 -6.29952312e-01
    1.78481102e+00 4.47272450e-01 -2.32095167e-01 6.73547804e-01
    1.43917286e+00 1.20544887e+00 7.76277304e-01 -3.86859089e-01
    -3.40697229e-01 1.20727062e+00 -1.61093026e-01 6.56115830e-01
    -4.02583152e-01 -6.43768311e-01 -4.81932908e-01 6.03533804e-01
    1.48756409e+00 3.37965935e-01 2.64421135e-01 -1.91476405e-01
    -1.54703379e-01 1.27019680e+00 1.02349555e+00 1.19192588e+00
    -7.23408699e-01 -6.77522123e-01 1.76768810e-01 1.17674935e+00
    1.40058482e+00 8.93898726e-01 -3.40508670e-02 9.34675455e-01
    4.66175020e-01 1.19054246e+00 1.49699420e-01 8.41853976e-01
    -5.40960073e-01 8.27960491e-01 2.27482133e-02 1.25841212e+00
    9.92183149e-01 2.30966166e-01 7.00456500e-01 1.60079348e+00
    -2.85370201e-02 1.55438054e+00 -3.62500489e-01 6.13618255e-01
    1.69969857e+00 1.43551600e+00 -3.78612518e-01 1.52092588e+00
    -5.26116490e-01 1.24644101e+00 1.62998438e-01 -4.29062843e-01
    -7.66263425e-01 1.07272661e+00 -4.91959870e-01 5.59284270e-01
    4.64612365e-01 1.17964613e+00 1.00399399e+00 1.60143867e-01
    1.71054751e-01 7.14012146e-01 -2.87798107e-01 1.53329206e+00
    -5.13943911e-01 1.40891457e+00 9.74289060e-01 -1.36455875e-02
    1.76978135e+00 -6.30771041e-01 5.40671170e-01 4.68502760e-01
    1.74852955e+00 1.41221476e+00 -5.34067869e-01 -7.42292464e-01
    9.97245193e-01 1.78228945e-01 1.57263052e+00 1.28215861e+00
    5.70242286e-01 3.24925661e-01 -7.68440247e-01 8.56580973e-01
    -4.12259966e-01 -2.58766443e-01 -2.61695772e-01 1.81852067e+00
    4.13858652e-01 4.81053114e-01 6.27234757e-01 1.72348237e+00
    4.65606660e-01 1.60466778e+00 -2.69199491e-01 1.11487663e+00
    -6.54574811e-01 -3.39803636e-01 -3.20575088e-01 6.89887106e-01
    1.02574897e+00 1.30435312e+00 6.23396076e-02 8.00922871e-01
    1.30308020e+00 -4.09766197e-01 4.44015533e-01 8.99284184e-01
    1.48386967e+00 3.42082620e-01 -7.30875969e-01 7.28023708e-01
    3.04902583e-01 -4.05115843e-01 -5.37339270e-01 -3.71976435e-01
    1.26205587e+00 2.76757360e-01 -3.11718762e-01 1.57753468e+00
    1.15583599e+00 1.72195280e+00 1.01180458e+00 6.55379415e-01
    -3.03202868e-01 1.60591304e+00 1.05103040e+00 1.49087965e+00
    1.33399928e+00 1.65935323e-01 2.12134182e-01 -4.47784990e-01
    -9.81275514e-02 2.00031251e-01 6.91236615e-01 -4.51405555e-01
    7.66453147e-01 -4.20213550e-01 7.97928944e-02 2.25992739e-01
    1.06103170e+00 1.58985960e+00 1.77938715e-01 2.36313269e-01
    1.66870022e+00 -1.97107065e-02 -6.53749228e-01 6.45680547e-01
    -1.55257568e-01 1.02339578e+00 6.46559775e-01 7.03544497e-01
    -3.24752390e-01 3.55596811e-01 1.63847625e+00 1.30728710e+00
    5.75030968e-02 1.48723674e+00 1.46790767e+00 4.74466771e-01
    1.38047647e+00 2.98631459e-01 1.26142514e+00 -9.22386572e-02
    -2.65352786e-01 7.29703546e-01 -5.46666682e-01 3.79977137e-01
    -2.44944796e-01 7.82811105e-01 1.10989690e+00 1.76279736e+00
    1.36138260e+00 1.54466188e+00 -6.47945940e-01 1.52957237e+00
    1.09026587e+00 -2.60924369e-01 -1.97982162e-01 -5.04779220e-01
    4.98581529e-01 -6.50076389e-01 1.27080703e+00 -4.31114018e-01
    -1.69483528e-01 4.94038790e-01 6.68162286e-01 -1.32258698e-01
    8.69198799e-01 1.04387534e+00 9.59854871e-02 6.54482692e-02
    8.37559924e-02 1.71787167e+00 -6.63203418e-01 1.09436023e+00
    1.05382240e+00 1.07406950e+00 9.51101065e-01 1.38793445e+00
    -6.94849372e-01 -6.19702697e-01 -2.47466147e-01 -4.79476988e-01
    9.98448014e-01 4.49926436e-01 1.04899991e+00 2.51800746e-01
    -2.52009094e-01 2.42181063e-01 5.83186924e-01 1.51667129e-02
    8.44463050e-01 9.45517361e-01 5.80020964e-01 1.67544496e+00
    1.29927528e+00 9.88358915e-01 -4.21246141e-01 2.29408100e-01
    1.47642121e-01 1.42812479e+00 9.36675429e-01 -3.95539701e-01
    9.62158501e-01 1.62911081e+00 1.32836473e+00 5.05488753e-01
    -1.90080032e-01 -1.16559759e-01 3.66430104e-01 -2.08721727e-01
    2.33949959e-01 1.26469564e+00 2.01262638e-01 5.21007240e-01
    -2.71070004e-01 -1.03105806e-01 1.55297434e+00 -4.02230889e-01
    1.43956983e+00 -6.31133735e-01 -1.12431809e-01 8.10614884e-01
    1.60160530e+00 -9.56756473e-02 -8.90297741e-02 6.29536927e-01
    -6.01325750e-01 -7.04461992e-01 -3.78296286e-01 1.02752423e+00
    -5.39423943e-01 -5.95577240e-01 1.51916993e+00 7.37452149e-01
    6.57135069e-01 5.10682344e-01 9.40048993e-01 -3.23607415e-01
    1.70186445e-01 1.46392024e+00 -5.23633838e-01 1.25107634e+00
    -6.42880917e-01 -3.15552801e-01 1.32625675e+00 -4.98737916e-02
    1.48160815e+00 -4.62493449e-01 8.05919528e-01 -7.34219372e-01
    8.15535009e-01 1.67102873e+00 4.41274822e-01 1.61741006e+00
    4.02003080e-01 1.70957863e+00 1.27130556e+00 6.12918437e-01
    -1.52689457e-01 -1.13185104e-02 -3.97046059e-01 7.68104553e-01
    -5.17843723e-01 5.81275642e-01 -4.08674777e-01 -3.91476601e-01
    1.31766701e+00 7.30549812e-01 3.18118393e-01 -1.71346024e-01
    -6.53634489e-01 -6.22420967e-01 -2.51379758e-01 1.56508756e+00
    1.33178562e-01 -3.47002536e-01 -7.52073824e-01 1.28893816e+00
    -4.29324135e-02 4.90623951e-01 -5.66198006e-02 -9.54716280e-02
    1.06797123e+00 2.80681133e-01 5.57613552e-01 1.57319272e+00
    -7.64186502e-01 1.58605613e-02 7.52620876e-01 -1.88696787e-01
    -7.87625551e-01 1.26295090e+00 1.19380653e+00 4.02779281e-01
    -4.46470559e-01 1.91219188e-02 1.66709572e-02 -4.24599856e-01
    1.59865117e+00 1.04147935e+00 3.64533544e-01 -2.58015186e-01
    7.70819038e-02 -4.13094074e-01 4.61020395e-02 1.47869146e+00
    -1.68639764e-01 6.69203222e-01 6.32250547e-01 -8.19578588e-01
    -6.92223668e-01 1.72639811e+00 1.51061237e-01 5.96754014e-01
    1.57376385e+00 1.81033000e-01 -1.74218953e-01 7.13012218e-01
    1.45601749e+00 -1.60905290e-02 2.06943512e-01 -6.90241158e-01
    6.26515985e-01 -2.79732943e-01 6.38607502e-01 2.22807217e+00
    7.35701978e-01 1.59864402e+00 1.00797606e+00 -6.43383920e-01
    7.67262161e-01 1.84505701e-01 9.32771802e-01 -4.97738451e-01
    1.11216366e+00 7.66481459e-02 1.41973424e+00 1.00907624e+00
    -6.73370063e-01 4.74864662e-01 8.22453022e-01 -6.42391592e-02
    1.83199406e-01 5.06180525e-01 8.80434453e-01 -2.85080194e-01
    1.11399913e+00 1.33889127e+00 9.60381866e-01 1.67285752e+00
    2.64045149e-01 -3.26025456e-01 7.89018989e-01 1.50442541e+00
    9.51180398e-01 -6.76568687e-01 -9.03178006e-02 5.35724461e-01
    1.13722003e+00 -2.98085839e-01 4.85853165e-01 1.07451522e+00
    1.38472140e+00 8.39448690e-01 3.31146359e-01 4.26534623e-01
    3.53644550e-01 -2.36114822e-02 1.95813663e-02 -1.13259070e-01
    -2.52243936e-01 1.46047652e+00 1.37633157e+00 9.93185878e-01
    -6.50468290e-01 1.03744876e+00 -6.14669956e-02 7.89485097e-01
    -6.73843801e-01 1.02118206e+00 1.00923669e+00 5.05991817e-01
    5.23164570e-01 1.51487634e-01 5.10972500e-01 3.29984546e-01
    3.39229584e-01 1.07473679e-01 9.95771945e-01 3.62443238e-01
    -2.70727240e-02 4.46071506e-01 1.48003161e+00 2.13966593e-01
    1.01862025e+00 1.35504520e+00 -1.68296501e-01 5.55337250e-01
    5.35122633e-01 6.92596853e-01 1.06124866e+00 -2.31648803e-01
    3.97316605e-01 1.56375229e+00 1.33071291e+00 6.78133905e-01
    1.26304448e+00 1.59527755e+00 -3.58432472e-01 1.43016613e+00
    1.23995626e+00 -6.48401320e-01 -4.94162381e-01 2.10366882e-02
    1.21622431e+00 -4.34911579e-01 7.93890893e-01 1.04007876e+00
    1.16465354e+00 2.85497129e-01 7.87970349e-02 1.44020772e+00
    3.52503002e-01 1.65702748e+00 5.08905351e-01 9.41703022e-01
    5.20887256e-01 3.31822217e-01 8.66960406e-01 5.56965709e-01
    1.21023428e+00 7.54338086e-01 1.61487770e+00 1.32753026e+00
    8.07209611e-01 3.97291899e-01 1.09300472e-01 -2.82203525e-01
    7.46869922e-01 8.49248469e-01 2.85205871e-01 1.38693318e-01
    1.70881867e+00 3.23206067e-01 4.22208495e-02 -3.82376045e-01
    1.27771747e+00 -5.83032370e-01 7.72132277e-01 -2.25745142e-01
    8.96334127e-02 -5.00411987e-01 8.65130365e-01 -2.57639289e-01
    6.04375839e-01 1.55162406e+00 -6.42492473e-01 -7.67890811e-01
    8.65452290e-02 -5.89681923e-01 -2.29725748e-01 1.26964617e+00
    8.16294670e-01 1.30926085e+00 3.01475555e-01 4.05971408e-01
    -3.42627943e-01 4.88678187e-01 -3.68757337e-01 -5.77948034e-01
    -7.63512433e-01 -6.69658065e-01 -2.87971437e-01 1.31203485e+00
    4.93942685e-02 9.12732661e-01 1.19999282e-01 1.48080063e+00
    -7.88910687e-01 7.58388698e-01 1.26210773e+00 2.06046507e-01
    6.39518082e-01 -2.11327702e-01 6.64456427e-01 3.65053982e-01
    4.81919587e-01 6.42089248e-01 1.19430029e+00 2.93689728e-01
    -7.69336760e-01 1.68074465e+00 -4.87031788e-01 -2.73736447e-01
    7.57603467e-01 -6.11281656e-02 8.45758200e-01 -2.73302257e-01
    2.38431878e-02 6.86728239e-01 1.49148798e+00 -4.09164697e-01
    1.77596962e+00 1.01095307e+00 1.46609974e+00 -1.72839224e-01
    1.60638440e+00 8.94087195e-01 4.54314165e-02 1.35317791e+00
    3.05925488e-01 7.33192444e-01 1.51400936e+00 -4.21244174e-01
    2.65888453e-01 1.72023213e+00 6.39156044e-01 -5.82490675e-02
    1.32031155e+00 1.13741302e+00 -3.56417000e-01 -1.72317445e-01
    1.04015267e+00 1.11770678e+00 1.22864032e+00 8.10937643e-01
    -5.39011881e-02 1.27227771e+00 -4.19903368e-01 6.32548749e-01
    2.32111558e-01 1.61746931e+00 8.50273252e-01 9.51035321e-01
    1.35140508e-01 8.62105429e-01 -6.79768741e-01 -9.49667674e-03
    1.22366714e+00 3.31237838e-02 -7.61700273e-02 9.95233357e-01
    1.21036482e+00 1.65229833e+00 1.26674187e+00 -2.51542956e-01
    3.31807524e-01 8.34059358e-01 1.22424579e+00 5.68527699e-01
    1.20675886e+00 7.64593780e-01 -3.07082355e-01 1.95409730e-01
    1.46544564e+00 1.28537643e+00 2.15442851e-01 5.03029764e-01
    1.54016101e+00 7.37979040e-02 -5.44249892e-01 -3.79137218e-01
    1.08600974e+00 5.65867305e-01 -5.37697971e-01 1.28405023e+00
    1.06051111e+00 6.39346600e-01 1.41077960e+00 1.06502086e-01
    -3.20020646e-01 2.90302902e-01 1.44078219e+00 1.71649122e+00
    -5.80545247e-01 -9.87347588e-02 5.17317295e-01 -2.45870396e-01
    2.87555426e-01 -5.83130538e-01 1.76535332e+00 8.60514462e-01
    9.22314465e-01 4.62895930e-01 6.23864353e-01 1.66439784e+00
    4.06299740e-01 6.22685969e-01 -6.11349046e-01 2.96390474e-01
    5.42919219e-01 1.31809819e+00 -6.16083622e-01 2.25239709e-01
    3.27430725e-01 -5.78284025e-01 8.79736483e-01 1.69270265e+00
    -6.80921733e-01 1.09779716e+00 -4.77839261e-01 4.16555822e-01
    8.39699030e-01 1.58325982e+00 9.07203019e-01 8.52080882e-02
    9.83156919e-01 9.86869276e-01 -4.50291038e-01 1.24487245e+00
    8.30733776e-01 -4.01955307e-01 1.80889890e-01 1.22064054e+00
    -6.63821697e-01 1.35908806e+00 7.03408122e-01 -4.23304513e-02
    -4.60892648e-01 5.46156585e-01 1.03086245e+00 1.12999201e+00
    1.53180313e+00 1.14947164e+00 8.03653717e-01 -1.45471111e-01
    -6.35743439e-01 9.34008718e-01 3.98320198e-01 7.76418149e-01
    -3.38515729e-01 8.85520458e-01 -6.13266751e-02 1.54071426e+00
    -3.56036365e-01 4.06412095e-01 8.66912544e-01 -5.73739529e-01
    1.54093611e+00 9.93381500e-01 -9.37541053e-02 5.81648171e-01
    -6.51100218e-01 2.26219460e-01 -4.38308641e-02 -1.41328499e-01
    1.59323201e-01 -1.04474381e-01 -4.12020050e-02 -5.69357693e-01
    -1.41516596e-01 9.91429150e-01 1.08703327e+00 3.21382731e-01
    3.01683426e-01 1.21471751e+00 -6.32441819e-01 4.47704822e-01
    2.26602793e-01 -2.22062036e-01 3.80234718e-01 -1.92599937e-01
    7.25532532e-01 -5.85615873e-01 2.11261772e-02 -3.33302021e-01
    1.51017427e+00 7.54090071e-01 -3.26321572e-01 9.16156232e-01
    1.56130350e+00 5.03765225e-01 4.52434540e-01 7.74573386e-01
    8.20820868e-01 1.42515004e+00 1.21690142e+00 -4.40653175e-01
    6.95331454e-01 1.19410563e+00 1.35671043e+00 -1.40836671e-01
    -8.00579607e-01 1.03532009e-01 1.19381404e+00 1.11115193e+00
    1.29875183e+00 7.25245714e-01 -7.25496531e-01 7.33961761e-01
    1.34013867e+00 -4.24793452e-01 -6.06741428e-01 8.77142191e-01
    2.72403419e-01 -6.69304505e-02 8.26080441e-01 2.37547189e-01
    1.21388662e+00 -6.63813651e-01 -5.88492975e-02 7.74126172e-01
    -4.45340276e-01 1.15860331e+00 1.79011786e+00 -4.60901320e-01
    -6.80537939e-01 1.03951263e+00 4.95229900e-01 -2.00959504e-01
    -2.15205494e-02 1.08370996e+00 1.80543995e+00 1.35932040e+00
    -5.59083521e-01 2.85478741e-01 8.19575608e-01 1.73851717e+00
    1.66719913e+00 -6.22036338e-01 -3.93408924e-01 8.48101377e-01
    1.60252690e+00 1.62636673e+00 1.01844394e+00 8.46057296e-01
    1.89956695e-01 2.22920150e-01 1.42905688e+00 5.51937699e-01
    5.63858807e-01 1.67762637e+00 8.29814434e-01 1.45241892e+00
    -9.34686735e-02 6.52313113e-01 6.07471764e-01 -1.09457314e-01
    3.10369611e-01 1.94206968e-01 -7.13035583e-01 1.34459281e+00
    6.26609698e-02 9.74892318e-01 4.78858203e-01 1.02099180e+00
    6.17231846e-01 -3.03435355e-01 1.30533731e+00 -4.73849326e-02
    -5.01456320e-01 -4.42533702e-01 1.30364823e+00 -8.79745260e-02
    1.83031511e+00 1.51481414e+00 1.44465014e-01 8.74724448e-01
    1.37115049e+00 8.93668354e-01 8.11222076e-01 5.34067869e-01
    1.70943104e-02 7.79934943e-01 2.25237589e-02 -3.20304692e-01
    -3.92667860e-01 8.41290772e-01 -6.03126228e-01 -7.58899271e-01
    -3.36258471e-01 -4.07997519e-01 7.55789161e-01 5.95343351e-01
    1.28565621e+00 4.55975085e-01 8.71470213e-01 1.73372114e+00
    1.67512035e+00 -2.81180650e-01 5.66705525e-01 1.26650071e+00
    1.34819245e+00 -1.23533554e-01 -4.25854564e-01 1.38193890e-01
    1.55657899e+00 9.84219491e-01 4.23141360e-01 6.84209883e-01
    -2.25034326e-01 -1.42376246e-02 -5.92278004e-01 -5.99958003e-01
    1.12945688e+00 1.29080701e+00 1.31156337e+00 -3.18435907e-01
    8.39893758e-01 2.99188823e-01 7.64461815e-01 3.14778984e-01
    -5.87632120e-01 -1.55439630e-01 1.69656098e+00 5.41893542e-02
    -1.60702378e-01 -1.98367313e-01 9.51641381e-01 9.87568319e-01
    4.46336389e-01 5.89073718e-01 -1.99036971e-01 6.91462874e-01
    -1.63063079e-01 1.34249926e+00 1.72169924e+00 1.25094247e+00
    1.48888958e+00 9.84366536e-01 -2.72363782e-01 1.11378479e+00
    1.22813308e+00 9.14264858e-01 2.19471514e-01 9.21762586e-01
    4.09446597e-01 9.43364024e-01 1.66682971e+00 8.61329794e-01
    1.20605254e+00 2.98552103e-02 2.09370360e-01 1.00599594e-01
    9.82154489e-01 4.29453105e-01 -2.59158850e-01 1.17578173e+00
    4.71821837e-02 1.17124951e+00 2.23722365e-02 3.70547414e-01
    1.46736658e+00 -5.75199723e-01 1.71397015e-01 1.31730032e+00
    -3.02759230e-01 -1.14929967e-01 9.20903146e-01 -1.97971955e-01
    1.47756600e+00 3.27924341e-01 1.78395021e+00 6.76530540e-01
    9.45890486e-01 -3.65773737e-01 -4.15067375e-01 3.90320480e-01
    -2.34658718e-01 9.93454456e-01 1.17861307e+00 1.98661655e-01
    8.18135887e-02 6.98767722e-01 3.78125131e-01 -3.35161179e-01
    9.63462174e-01 3.48519474e-01 1.26482248e+00 -6.39081001e-01
    -1.66996047e-01 1.18394482e+00 -8.98248196e-01 1.17655098e+00
    2.62791306e-01 1.59007287e+00 1.15091646e+00 4.35766578e-01
    1.60209143e+00 3.60485554e-01 1.26052725e+00 9.05865133e-01
    2.11611465e-02 2.60675490e-01 1.72890115e+00 -2.33701617e-01
    5.09262860e-01 -1.06539339e-01 -4.37364429e-01 2.32978955e-01
    1.58631051e+00 1.56105113e+00 1.05855536e+00 1.55963123e-01
    9.03734565e-01 1.05810678e+00 1.32679093e+00 -4.79850024e-01
    -5.01063704e-01 1.64340186e+00 1.15394437e+00 5.31358123e-01
    -4.33286488e-01 -1.19859710e-01 -1.27451345e-01 -6.46054819e-02
    -3.08114171e-01 4.25776958e-01 1.31886494e+00 -1.36371940e-01
    1.41180527e+00 1.72668529e+00 -2.60179132e-01 9.34552610e-01
    -6.85357094e-01 -5.62403947e-02 4.99942293e-03 1.30265868e+00
    5.89774668e-01 6.13956973e-02 2.83629954e-01 -2.70697504e-01
    1.76133418e+00 4.59639668e-01 -6.41615212e-01 6.15022600e-01
    -4.39175934e-01 -4.11353409e-01 1.19030237e+00 2.12503687e-01
    -4.21528280e-01 2.13888548e-02 -3.28865737e-01 -8.23231339e-02
    -1.92282245e-01 1.64256310e+00 -3.66218030e-01 1.62002611e+00
    -4.95729804e-01 4.71653789e-01 1.54082716e+00 2.37345845e-01
    1.59551513e+00 -5.87899029e-01 1.20603061e+00 -3.05970758e-01
    5.30690134e-01 8.86058152e-01 -6.07249141e-01 -5.68233907e-01
    9.96013582e-01 -5.62432170e-01 1.17816973e+00 1.63984632e+00
    -2.74287939e-01 8.95476460e-01 1.17655587e+00 6.31526530e-01
    7.64584780e-01 -1.73530608e-01 7.59259462e-01 1.17296696e+00
    8.14016759e-02 8.18194449e-02 4.61946696e-01 -4.80943024e-01
    -1.07041873e-01 -1.03453033e-01 -5.75333774e-01 -5.38021207e-01
    4.48876113e-01 3.21731940e-02 2.83296645e-01 -4.49073881e-01
    7.82160103e-01 -5.32413125e-01 -4.42696005e-01 -2.11844996e-01
    -4.15942967e-02 1.11869121e+00 -6.15653455e-01 1.58441693e-01
    7.56714702e-01 -3.06183934e-01 1.21076429e+00 5.92195690e-01
    1.66800237e+00 1.48640490e+00 -5.61573446e-01 1.06830287e+00
    1.09367275e+00 8.26811731e-01 8.91813219e-01 7.58122444e-01
    -6.90045059e-01 -1.13230653e-01 1.19155109e+00 1.30934799e+00
    1.57011330e+00 7.55694926e-01 3.61123204e-01 -6.74532354e-01
    -2.22924337e-01 2.20552534e-01 -4.77929115e-01 1.22185755e+00
    -6.06230259e-01 6.39396757e-02 5.62840819e-01 1.21966183e+00
    1.64705539e+00 2.85893530e-01 -2.75683589e-02 2.47310713e-01
    1.34157133e+00 -5.24155870e-02 6.33838773e-01 4.43142623e-01
    -4.55373615e-01 1.37731493e+00 1.36173582e+00 -5.92487812e-01
    8.14418852e-01 8.76391530e-01 -4.63311732e-01 1.29522967e+00
    7.32177079e-01 1.40787160e+00 1.23259711e+00 6.75112784e-01
    -3.62482518e-01 -4.16184723e-01 1.45945907e+00 6.70841932e-01
    -6.51388943e-01 1.36022913e+00 1.21231008e+00 1.62060142e+00
    2.91644782e-01 1.62340319e+00 4.36713547e-01 7.64259756e-01
    1.20947886e+00 1.49602389e+00 9.55266133e-02 9.99240339e-01
    -7.12652683e-01 1.32377490e-01 1.61685181e+00 1.54952276e+00
    5.21451414e-01 1.33284104e+00 1.49393773e+00 -7.75081336e-01
    4.90196437e-01 9.65839028e-01 1.72332573e+00 6.58430636e-01
    -6.16201520e-01 9.10475910e-01 1.26337218e+00 -6.77792728e-01
    -2.68023103e-01 8.17122340e-01 1.69143999e+00 7.13028908e-01
    1.59898460e+00 1.28280926e+00 9.41598594e-01 -1.07021421e-01
    6.93548381e-01 9.24454510e-01 -5.95268905e-01 1.64119136e+00
    1.03806901e+00 -6.35988474e-01 3.41091603e-01 1.67299044e+00
    -5.45101881e-01 9.33740675e-01 -5.87063909e-01 6.37314856e-01
    8.91380489e-01 6.76561534e-01 4.13994044e-01 1.81060508e-01
    -1.29040971e-01 6.26712739e-01 5.66308796e-01 -4.43146855e-01
    1.47160149e+00 8.06826055e-01 -2.94847488e-01 9.45986271e-01
    -2.29443580e-01 4.41833854e-01 1.46017683e+00 1.23282993e+00
    1.17280304e+00 -7.34413207e-01 1.44238174e+00 -3.72428805e-01
    9.30585444e-01 1.02533221e+00 3.49241972e-01 -3.78825635e-01
    3.01869158e-02 3.72686356e-01 2.83403933e-01 -7.68860877e-02
    2.49985889e-01 -4.32735354e-01 1.51179743e+00 2.18702674e-01
    1.15707493e+00 -4.75849390e-01 -7.11000741e-01 -6.68156147e-01
    1.64162910e+00 3.15723479e-01 1.65443882e-01 -1.43810838e-01
    5.05091727e-01 1.39742565e+00 -2.04139605e-01 -5.89247167e-01
    -5.94136357e-01 1.64269388e+00 1.21036422e+00 6.80497408e-01
    1.42605531e+00 1.35919809e+00 -2.83289850e-02 8.26117039e-01
    -5.30604005e-01 5.95205665e-01 1.35684681e+00 1.04793656e+00
    6.17701709e-01 7.51183480e-02 9.19200420e-01 -7.01386273e-01
    9.51944292e-01 3.71513277e-01 1.42423224e+00 1.01204848e+00
    -3.60483080e-01 8.09191942e-01 7.19083175e-02 1.34270310e+00
    1.39047050e+00 1.50578296e+00 -2.88882196e-01 1.72773755e+00
    2.99228787e-01 1.68516219e+00 1.74583399e+00 3.43153328e-02
    -4.38506007e-01 9.05947909e-02 7.97685564e-01 5.37020564e-02
    -4.60170805e-01 6.91645920e-01 3.41014564e-01 1.25612092e+00
    7.10192680e-01 5.76498270e-01 -2.01849192e-01 -5.37392676e-01
    1.06846653e-01 4.38530445e-01 -4.84964758e-01 8.45740080e-01
    1.81127894e+00 -9.99617623e-04 4.15766150e-01 -3.34384292e-02
    -3.15664947e-01 5.17063260e-01 7.93016791e-01 -2.35832423e-01
    1.53575087e+00 1.14583278e+00 -5.77127755e-01 1.10667217e+00
    6.86421275e-01 1.35006261e+00 -7.67636538e-01 1.22381175e+00
    4.47495639e-01 1.36044192e+00 8.77919316e-01 1.31164157e+00
    1.67236745e-01 1.51566935e+00 1.24372570e-02 9.67040479e-01
    -7.83983171e-01 8.47365081e-01 9.80775952e-01 1.04134142e+00
    -1.77797563e-02 4.14680876e-02 1.63657367e+00 5.32259166e-01
    1.48135531e+00 8.29030275e-01 6.94486678e-01 8.23942006e-01
    -5.58074832e-01 9.76484478e-01 -6.74993575e-01 1.72690845e+00
    8.93796086e-01 -3.85818154e-01 2.67755315e-02 1.49927342e+00
    6.31085992e-01 1.43902421e-01 -2.24483505e-01 1.63421524e+00
    1.22077155e+00 4.91664767e-01 1.90426326e+00 -2.19903141e-01
    1.08932769e+00 -5.54565310e-01 1.39288723e+00 7.68744111e-01
    5.28388083e-01 1.76250017e+00 6.05759360e-02 1.10941112e+00
    3.27631161e-02 1.41520607e+00 5.24647653e-01 1.61121738e+00
    9.01192904e-01 1.26547241e+00 1.03636980e+00 1.44979382e+00
    7.82055020e-01 7.67883420e-01 4.41182107e-01 -3.99149597e-01
    8.99249136e-01 5.02315402e-01 -1.63116574e-01 1.43428218e+00
    1.28548408e+00 1.52095485e+00 1.74588129e-01 -7.05744445e-01
    9.45706189e-01 1.09902883e+00 4.23526555e-01 6.24000311e-01
    1.20116782e+00 7.21226513e-01 1.02528155e+00 1.40046978e+00
    1.48803055e-01 1.38428760e+00 2.24655136e-01 1.52908874e+00
    1.60324886e-01 -1.77549422e-01 3.21379393e-01 6.35976434e-01
    -3.55330855e-01 6.64648831e-01 2.11789697e-01 1.21627069e+00
    7.38912165e-01 1.34243786e+00 1.00725815e-02 1.83994249e-01
    2.69332200e-01 8.22746828e-02 1.68275416e+00 1.01259977e-01
    1.78588426e+00 -7.38881648e-01 9.85807776e-01 4.90304902e-02
    -2.71541744e-01 -7.23518953e-02 -2.82903492e-01 -4.40813690e-01
    -2.46947721e-01 7.82850623e-01 -7.23854840e-01 1.18397844e+00
    7.77563870e-01 2.61319399e-01 -2.76881121e-02 1.08064973e+00
    7.68961310e-01 3.50601941e-01 1.26557454e-01 -7.26772696e-02
    -3.03049181e-02 1.21716034e+00 1.12241633e-01 1.06048560e+00
    -1.88360959e-01 1.04541707e+00 1.36906719e+00 4.87700433e-01
    6.02196038e-01 8.67289752e-02 8.06957185e-01 -2.02305362e-01
    -3.91979277e-01 3.15545499e-01 -5.41707389e-02 -2.49880522e-01
    8.39319706e-01 7.52766788e-01 1.04434609e+00 1.64553177e+00
    1.06816089e+00 -6.42524540e-01 -3.22084367e-01 1.35993135e+00
    -1.75212592e-01 1.22018325e+00 -2.44070396e-01 7.53548324e-01
    -6.03544116e-01 7.72085428e-01 1.18784678e+00 1.61721945e+00
    -4.76122171e-01 -4.57516640e-01 -6.53185546e-01 1.11319947e+00
    6.90284133e-01 1.44218135e+00 6.92632973e-01 8.93643081e-01
    9.80552912e-01 1.00334629e-01 1.69752598e+00 9.35319185e-01
    -7.23722652e-02 -5.31231761e-01 -1.97565824e-01 1.20711541e+00
    1.50858617e+00 -5.45679815e-02 -3.68400276e-01 9.64205265e-01
    -5.72592318e-01 1.35112083e+00 -6.67699039e-01 1.19539201e+00
    -1.94048971e-01 1.65390301e+00 4.36685503e-01 1.68464267e+00
    1.62232876e-01 4.37843084e-01 1.26948249e+00 1.25751889e+00
    1.11196220e+00 1.13026954e-01 -5.85855424e-01 9.64562118e-01
    -7.00984776e-01 4.11558062e-01 3.37086737e-01 5.74840344e-02
    1.73955843e-01 7.35000372e-01 1.20262682e+00 -4.50953364e-01
    9.69676435e-01 1.43997872e+00 -1.01255380e-01 -3.97819847e-01
    8.16995740e-01 -6.72795117e-01 9.35968399e-01 6.61269069e-01
    1.54981279e+00 2.70530552e-01 9.57102776e-01 -5.90854213e-02
    -6.29783422e-02 -1.84240192e-01 1.36717713e+00 -7.57392466e-01
    1.15405250e+00 9.59809303e-01 4.36627537e-01 3.53187770e-01
    8.14981759e-01 8.95260215e-01 -3.59758556e-01 1.14219308e+00
    -5.37612438e-01 1.56868768e+00 8.24427128e-01 9.07413125e-01
    9.64030385e-01 1.68724060e+00 1.95577070e-01 1.60970628e+00
    -4.51171875e-01 8.60874593e-01 1.94332778e-01 1.68571270e+00
    3.50163609e-01 4.87002581e-01 -6.21564865e-01 1.61415803e+00
    1.49715066e+00 1.50387973e-01 1.46754622e+00 9.66449976e-01
    7.10171640e-01 -2.30245262e-01 3.72768164e-01 1.24820340e+00
    1.47658622e+00 2.83468962e-01 7.43873358e-01 5.99413335e-01
    -2.90265471e-01 -1.74429327e-01 -4.59578305e-01 3.59443367e-01
    1.39522994e+00 7.75364459e-01 1.49597108e+00 -7.21858740e-01
    1.52945077e+00 5.94928503e-01 1.32002103e+00 -1.38716400e-03
    8.93822908e-01 1.00659025e+00 -6.17127478e-01 1.56565094e+00
    1.23976195e+00 1.73122311e+00 -4.26098466e-01 -7.49607801e-01
    -2.79694140e-01 -1.13370240e-01 1.63339996e+00 -3.55823725e-01
    -3.19473863e-01 3.17156106e-01 -4.52157781e-02 -6.36953831e-01
    2.15904832e-01 5.99925876e-01 7.44678915e-01 1.71321404e+00
    1.77983248e+00 -3.44937414e-01 1.13328612e+00 1.52799630e+00
    1.36179340e+00 1.23443878e+00 -4.62646812e-01 -5.19803166e-01
    1.41686285e+00 -2.68629398e-02 6.92481577e-01 1.22428477e+00
    -3.26574683e-01 1.22702479e+00 1.24608636e+00 5.15098572e-01
    1.02901733e+00 8.32131132e-02 1.52194619e+00 -2.51205862e-01
    1.31984580e+00 -6.68597698e-01 1.05680943e+00 8.05102512e-02
    1.06938004e+00 1.80473030e+00 5.33462286e-01 -1.02147736e-01
    -4.94331211e-01 1.14862692e+00 5.14638647e-02 -6.94120646e-01
    1.15306997e+00 5.82769394e-01 -5.61629474e-01 -2.86457241e-01
    -3.91385853e-01 -1.23549961e-01 -9.66816843e-02 -1.39038682e-01
    7.32391700e-02 -2.55227178e-01 1.57180762e+00 -3.11033666e-01
    2.26427689e-01 1.32097173e+00 8.70987117e-01 7.69261122e-02
    1.69248581e+00 -4.05097723e-01 7.50339866e-01 8.86189520e-01
    1.56506181e+00 7.43903637e-01 -4.69279647e-01 1.03676677e+00
    9.67492282e-01 -6.47650778e-01 1.18783820e+00 4.77877766e-01
    -3.83682311e-01 1.64350450e+00 2.62134373e-01 -7.45227218e-01
    1.34301186e+00 -2.01621905e-01 2.05547847e-02 9.86513913e-01
    4.14502591e-01 8.91884744e-01 -4.79510874e-02 1.48273325e+00
    1.73778033e+00 -2.62378961e-01 1.09517798e-01 6.91839039e-01
    5.41680455e-01 8.63747776e-01 1.60657287e+00 -1.36886835e-01
    -6.93984210e-01 1.17832971e+00 1.43331885e+00 8.43347669e-01
    1.57631791e+00 1.01384032e+00 -2.29177400e-01 -3.88594776e-01
    7.60006487e-01 -7.49436378e-01 -4.30187881e-01 7.61556745e-01
    1.40619493e+00 -6.56003356e-02 2.21618772e-01 1.41245890e+00
    1.69660294e+00 -2.70009667e-01 1.23665750e+00 3.10277313e-01
    -2.71886051e-01 1.12777853e+00 1.56542671e+00 5.92578828e-01
    8.51627588e-01 1.49036384e+00 1.44712374e-01 9.01641011e-01
    1.38433814e+00 -2.35711887e-01 1.21972583e-01 1.83017850e+00
    -6.38286173e-01 3.93229038e-01 1.01059222e+00 1.58195007e+00
    -7.67812788e-01 -1.30304649e-01 -6.76491618e-01 -6.66475475e-01
    -1.76423818e-01 7.00540781e-01 2.40465224e-01 1.12112299e-01
    1.36656189e+00 1.60572910e+00 1.36267257e+00 1.08413470e+00
    5.93965471e-01 1.12190282e+00 9.76176262e-02 1.43430567e+00
    4.66698036e-02 -7.58860826e-01 1.55357850e+00 1.24920517e-01
    -6.88514948e-01 -7.17946738e-02 1.47502267e+00 1.27517450e+00
    1.54644358e+00 1.20118082e+00 1.44650662e+00 1.05921757e+00
    1.40520084e+00 1.50869811e+00 -4.20726001e-01 -3.15690011e-01
    1.56186235e+00 1.65655816e+00 4.69355494e-01 -2.75408566e-01
    6.60149574e-01 1.07721567e+00 -6.19163752e-01 1.06596506e+00
    3.61362725e-01 2.92586952e-01 5.35291672e-01 -7.17384756e-01
    1.41091609e+00 1.25419688e+00 6.18070960e-01 1.19855332e+00
    1.73430955e+00 5.61158508e-02 1.71347880e+00 5.80148339e-01
    1.18400466e+00 -4.80603606e-01 4.15130585e-01 1.74204516e+00
    1.28234476e-02 5.27488351e-01 2.23498449e-01 1.07880139e+00
    1.66595328e+00 7.24613667e-01 6.90533459e-01 1.62387300e+00
    5.28170526e-01 5.72643280e-01 4.26867038e-01 -6.39168859e-01
    1.27182353e+00 5.62624633e-01 6.89662039e-01 9.15389478e-01
    3.22984532e-02 6.79489017e-01 8.82794499e-01 1.02792478e+00
    4.33938116e-01 -1.24412566e-01 -2.37563759e-01 8.99037480e-01
    9.14919734e-01 3.11186075e-01 -4.00104702e-01 6.20117366e-01
    -7.46336341e-01 -1.00579090e-01 -5.63226283e-01 1.50639749e+00
    -5.87418020e-01 8.74886215e-01 8.38358819e-01 3.66440684e-01
    2.17866719e-01 1.60560161e-01 7.25793898e-01 1.66166830e+00
    1.16977978e+00 -4.71755236e-01 -8.24895084e-01 -2.26554066e-01
    7.09773898e-01 5.53637028e-01 -6.54842198e-01 -1.76589921e-01
    1.32488823e+00 1.31453848e+00 -3.17689300e-01 1.17917717e+00
    -3.24191213e-01 1.03332198e+00 6.49784207e-02 1.64990354e+00
    1.58257043e+00 1.83327901e+00 -1.40111104e-01 -5.11221588e-01
    1.68173933e+00 1.66056788e+00 1.38319767e+00 1.95658609e-01
    -3.49113047e-01 1.46527839e+00 -1.23423345e-01 -3.34954560e-01
    1.13868797e+00 1.05040343e-02 6.20012879e-01 9.10157524e-03
    8.71801078e-01 1.71736419e+00 -3.91109794e-01 -2.39586473e-01
    -3.49641383e-01 1.40436447e+00 1.20639384e+00 1.75351524e+00
    1.19632177e-01 -3.12016010e-01 -7.10861623e-01 -1.38003305e-01
    2.73182809e-01 -1.76590011e-01 1.43380433e-01 8.03535163e-01
    4.70310658e-01 8.97638679e-01 -5.75369000e-02 -4.17247534e-01
    -6.20179296e-01 1.46898016e-01 5.15776932e-01 -5.45296192e-01
    -1.09113961e-01 -4.73269910e-01 8.60883057e-01 3.44896555e-01
    1.47422063e+00 -6.31983519e-01 4.38188612e-01 1.86534071e+00
    -3.32204223e-01 -2.79201686e-01 4.01286602e-01 1.49782622e+00
    -2.47519161e-03 -3.05502862e-01 3.07522863e-01 3.44278485e-01
    1.30159628e+00 8.26723218e-01 1.33950996e+00 9.57798660e-01
    2.61912376e-01 3.61227334e-01 3.50437105e-01 9.84883532e-02
    1.11863697e+00 -8.11186582e-02 -3.63444388e-01 -4.05499518e-01
    3.83070290e-01 -1.33123711e-01 1.36697352e+00 6.79034889e-01
    6.08306110e-01 1.66039586e+00 3.01033705e-01 8.81526828e-01
    2.86128670e-01 6.77898586e-01 7.93973386e-01 1.22349441e+00
    1.26760685e+00 9.87355590e-01 3.47366720e-01 1.55368090e+00
    9.96026337e-01 1.57234168e+00 1.61374533e+00 -1.82672694e-01
    1.01994264e+00 -6.47517323e-01 8.50875556e-01 -4.32037085e-01
    1.49024034e+00 1.68561733e+00 1.84978426e-01 7.37279892e-01
    -1.34434819e-01 1.34400821e+00 5.04405797e-01 5.72808504e-01
    1.10708690e+00 -5.86542308e-01 -7.42362916e-01 -4.48285788e-01
    5.29615581e-01 5.17013907e-01 3.06275755e-01 3.69744420e-01
    3.92891735e-01 1.70238376e+00 6.08690143e-01 1.92464858e-01
    4.91135716e-01 1.76456392e+00 7.61258751e-02 8.02437544e-01
    -5.64310372e-01 1.23972523e+00 3.68702859e-01 1.64999592e+00
    2.21222579e-01 7.65504777e-01 -2.88152158e-01 7.46125937e-01
    -3.59692901e-01 1.31862640e+00 1.27288532e+00 -5.81927359e-01
    1.22408783e+00 6.03773654e-01 -2.44565323e-01 -7.63837695e-02
    9.56377536e-02 7.07054138e-01 -4.67661589e-01 1.74631491e-01
    1.91235706e-01 3.16687703e-01 -5.17211735e-01 -1.53653190e-01
    -9.02387220e-03 5.46671689e-01 1.11641753e+00 8.17290902e-01
    1.22280717e+00 1.39364049e-01 1.17517185e+00 6.38269961e-01
    1.65185189e+00 1.04469073e+00 -2.60604173e-01 5.91513693e-01
    1.19320847e-01 1.80263078e+00 4.23246682e-01 -2.16056034e-01
    2.08663791e-01 -3.09992552e-01 7.69768536e-01 1.02973306e+00
    9.01314020e-01 1.25955534e+00 1.18480504e-01 7.83252180e-01
    1.09853518e+00 -4.07270730e-01 6.38197958e-01 1.63412535e+00
    5.63205004e-01 1.14519632e+00 -5.09105563e-01 1.77929115e+00
    -6.11257672e-01 9.78428245e-01 7.50410318e-01 5.02081096e-01
    1.27900720e+00 5.16830444e-01 4.83925313e-01 1.46365190e+00
    -3.87488931e-01 -4.53970373e-01 8.88331234e-01 -3.18987697e-01
    1.02105606e+00 6.87377870e-01 -4.59758379e-02 4.92146790e-01
    -6.72826618e-02 -5.61058640e-01 8.68063033e-01 7.15476513e-01
    9.29796815e-01 1.72306252e+00 -3.58407527e-01 -2.25786388e-01
    2.22667426e-01 1.85095325e-01 1.30099094e+00 1.35664558e+00
    5.18668175e-01 6.12988293e-01 9.57793176e-01 9.98375237e-01
    -2.16995701e-01 -2.72934645e-01 -4.31144327e-01 1.18762219e+00
    1.55950093e+00 1.34916747e+00 -8.04211497e-01 -7.17692543e-03
    -7.63971865e-01 1.29836130e+00 8.88066411e-01 2.19675988e-01
    -3.28218281e-01 7.73656905e-01 1.08117433e-02 1.14271533e+00
    1.55594838e+00 -3.18605602e-01 -3.65195066e-01 -4.57599461e-01
    -2.75830001e-01 1.03125356e-01 -3.98976654e-01 -5.42662442e-01
    4.93368864e-01 7.47771204e-01 9.13451195e-01 -5.48323810e-01
    -5.03453791e-01 1.06927097e+00 3.18860821e-02 2.08084714e-02
    -2.57114265e-02 -1.89701483e-01 -3.53228241e-01 1.13282061e+00
    -5.44824243e-01 5.67315519e-01 -4.24603373e-03 3.43993843e-01
    -1.43444076e-01 1.71260846e+00 3.32411587e-01 2.80317217e-01
    -4.76300240e-01 1.29256344e+00 3.42581898e-01 5.03172994e-01
    -1.72488227e-01 -5.95145404e-01 1.53173268e-01 -5.16698599e-01
    5.31899452e-01 1.57022548e+00 -2.51310319e-01 -4.83546436e-01
    9.11723852e-01 -2.59855762e-02 6.52698457e-01 -4.58676666e-01
    -4.56822738e-02 5.82445502e-01 8.08923542e-02 1.66985869e+00
    -7.02007473e-01 8.01639616e-01 1.68341291e+00 5.53407609e-01
    8.13024580e-01 -6.52994692e-01 5.28052785e-02 6.07777238e-01
    -6.37401119e-02 1.08686841e+00 -2.69726932e-01 1.29672813e+00
    1.30745864e+00 4.31154013e-01 1.59278381e+00 -6.34724081e-01
    -7.16662258e-02 1.08140242e+00 1.20475456e-01 1.00093496e+00
    3.95937830e-01 1.29646993e+00 -3.92361969e-01 9.70206738e-01
    1.11295974e+00 -3.56468409e-01 3.00619155e-01 6.35945559e-01
    -3.14934045e-01 -4.21311796e-01 -6.15554973e-02 9.28815246e-01
    -3.36419970e-01 -7.76378140e-02 3.57042179e-02 1.47575986e+00
    -7.09307611e-01 -5.81058025e-01 -6.60585940e-01 1.11439633e+00
    -3.26343387e-01 1.41566277e-01 4.93287332e-02 1.48863006e+00
    -3.35999221e-01 1.32374263e+00 -3.24504584e-01 8.77797306e-02
    -5.62441766e-01 1.60798204e+00 -3.13131124e-01 6.66203380e-01
    3.12007517e-01 -1.64793923e-01 -2.71028578e-01 1.18642294e+00
    1.36970973e+00 2.23188594e-01 1.40590523e-03 1.01572549e+00
    2.69784302e-01 -1.58111051e-01 1.27373469e+00 1.68022788e+00
    -5.10329425e-01 1.11443019e+00 -2.83587992e-01 8.34887981e-01
    1.50938368e+00 -3.54807466e-01 5.23664415e-01 -8.08280408e-01
    1.00768197e+00 1.58223319e+00 3.64903003e-01 7.88406208e-02
    -7.09671557e-01 1.10966456e+00 9.17563140e-02 -2.81368583e-01
    6.42195046e-01 1.14483404e+00 -6.52268827e-01 3.23989332e-01
    -5.82850516e-01 -6.51176631e-01 1.43547773e+00 1.49367237e+00
    -5.70151508e-01 6.68225467e-01 1.05230129e+00 1.55023229e+00
    5.67441881e-01 -6.38355970e-01 8.90783131e-01 1.00736427e+00
    9.27198946e-01 1.63950551e+00 -1.53217599e-01 9.14256573e-01
    2.68683314e-01 1.40023375e+00 4.03253973e-01 1.14616513e+00
    -7.12009907e-01 -2.81236079e-02 -2.98429430e-01 -4.94232386e-01
    9.51124132e-02 -4.22009617e-01 1.61217451e+00 1.73485145e-01
    -1.79190859e-01 -2.71853358e-01 -6.68103278e-01 -1.61541685e-01
    6.08245373e-01 -1.87997475e-01 1.09304523e+00 1.61984086e-01
    1.54419267e+00 7.40358531e-01 -1.84081532e-02 1.27012575e+00
    4.49565381e-01 -4.76596564e-01 1.77304208e+00 1.45327437e+00
    6.76514566e-01 1.44274846e-01 5.91754138e-01 1.17405391e+00
    -1.06325917e-01 6.67572975e-01 1.40461385e+00 3.80955562e-02
    -2.30232820e-01 -4.98656869e-01 6.21485710e-01 8.60892117e-01
    1.67322576e+00 3.12167048e-01 -2.00203463e-01 -6.35133684e-01
    9.25684214e-01 2.18650252e-01 1.75947726e+00 1.43306696e+00
    -4.70389277e-01 7.34787047e-01 1.17489457e+00 8.24424744e-01
    2.06676781e-01 9.78727579e-01 1.03850365e+00 7.71988928e-03
    -1.90319613e-01 -3.94495875e-01 7.76864052e-01 1.56633824e-01
    6.68758929e-01 6.98700070e-01 8.68596375e-01 8.56994152e-01
    -4.70070690e-01 -6.51266158e-01 1.57142544e+00 -4.52082962e-01
    1.53673220e+00 1.72019994e+00 9.12841320e-01 1.04852891e+00
    4.78448927e-01 -9.25126225e-02 8.35259736e-01 -5.80357075e-01
    1.45346463e+00 1.34695303e+00 -4.32753503e-01 1.05854058e+00
    6.14581704e-01 -4.52994406e-01 8.99180651e-01 1.67982864e+00
    8.08518171e-01 3.14075708e-01 7.93725848e-01 -2.93266833e-01
    8.93647313e-01 -4.28986222e-01 1.50778711e+00 8.54398787e-01
    -4.17671978e-01 7.50608563e-01 1.42901587e+00 7.39824325e-02
    -5.88675857e-01 9.55947399e-01 5.08443594e-01 2.00101569e-01
    7.60136485e-01 1.68057215e+00 -7.20774293e-01 -4.01107706e-02
    6.12715781e-01 1.08319592e+00 -4.10771430e-01 -1.13242231e-01
    4.80904728e-01 1.05090559e-01 1.38337433e+00 -9.17689949e-02
    5.52859426e-01 1.16738117e+00 -6.14546180e-01 1.16855025e+00
    6.38058245e-01 6.35312617e-01 3.42763096e-01 4.03986275e-01
    3.23059857e-01 1.12460089e+00 7.40259409e-01 9.16163623e-03
    1.64718878e+00 1.29758179e+00 -5.15491903e-01 1.63321948e+00
    7.32982576e-01 1.04900861e+00 5.36651552e-01 7.39886343e-01
    -4.69372004e-01 8.55877280e-01 -1.77355066e-01 1.45798755e+00
    -2.96355158e-01 1.16969287e+00 -3.13649744e-01 1.34423435e+00
    2.05946431e-01 1.24790990e+00 -5.53881168e-01 1.68544257e+00
    1.02536118e+00 9.32333842e-02 -1.72580749e-01 -2.04575136e-01
    7.76922405e-01 1.17800653e+00 -4.67296332e-01 1.46905959e+00
    1.26441574e+00 3.52879375e-01 1.58660340e+00 -2.72786200e-01
    1.27091634e+00 -5.85681915e-01 1.29015768e+00 6.87975168e-01
    6.21795654e-01 -4.42600280e-01 -3.39243114e-02 9.99696553e-01
    7.09911883e-01 -5.75300157e-01 5.96307635e-01 1.18391657e+00
    1.66136456e+00 8.26418623e-02 -4.13451761e-01 5.86189985e-01
    1.66223884e+00 3.53177160e-01 6.76969528e-01 -6.02964684e-02
    2.22750306e-01 1.23260117e+00 3.54606748e-01 5.27805090e-01
    7.54093707e-01 -9.53299031e-02 1.46206939e+00 7.58187413e-01
    -7.05972791e-01 1.13325393e+00 9.48790312e-01 6.97064281e-01
    7.06322670e-01 7.67374411e-02 1.18029642e+00 -3.32611859e-01
    1.01283550e+00 1.64393163e+00 -5.05971313e-01 -1.51797444e-01
    9.57161844e-01 7.66125977e-01 1.24884820e+00 1.31118131e+00
    2.23144636e-01 3.98110867e-01 1.02459455e+00 -5.70161581e-01
    -4.68915939e-01 1.48862982e+00 3.66352499e-01 1.34556079e+00
    -3.20042700e-01 6.24591470e-01 1.57148957e+00 1.25471473e+00
    -4.23448950e-01 8.36343765e-01 -1.30009577e-01 -3.67110789e-01
    -6.79050446e-01 -4.24105972e-01 2.52617113e-02 -5.00140965e-01
    2.02187732e-01 7.81233191e-01 -7.31542945e-01 7.74659038e-01
    1.16572726e+00 5.07573903e-01 9.47120309e-01 4.95354354e-01
    4.84635711e-01 1.40007734e+00 -5.25252521e-01 -3.41598004e-01
    -6.20690346e-01 5.62516034e-01 1.25501716e+00 -2.85150945e-01
    8.72922003e-01 1.01956677e+00 6.13388062e-01 6.23548806e-01
    1.14589250e+00 3.28373700e-01 1.40334666e+00 5.14595866e-01
    -1.71984062e-01 1.71477795e+00 8.69538605e-01 -5.11833549e-01
    1.34151530e+00 -4.13641259e-02 6.17873609e-01 1.21283877e+00
    1.56598711e+00 1.37796819e+00 -3.76062244e-01 1.06539977e+00
    -5.53253114e-01 1.56257856e+00 1.34899807e+00 1.59382105e-01
    -5.52518725e-01 -3.29995185e-01 1.06651688e+00 1.56303036e+00
    1.23367083e+00 4.58483677e-03 1.15368354e+00 -6.86447263e-01
    1.67584622e+00 4.45019215e-01 1.89479232e-01 4.00857359e-01
    6.32027388e-02 1.48902047e+00 -3.46578062e-01 3.87617826e-01
    -2.95052111e-01 1.22271669e+00 9.01204407e-01 -5.37231425e-03
    -3.03547084e-01 -1.95631176e-01 -2.62840897e-01 -2.83762574e-01
    1.32775247e+00 9.62217987e-01 1.15639925e+00 1.16271710e+00
    9.54797745e-01 1.43852222e+00 -4.57249284e-01 -6.49842322e-01
    -6.75884366e-01 1.80526602e+00 1.09363586e-01 -3.35487038e-01
    -3.85068566e-01 4.21170592e-01 -3.81026417e-01 1.15583873e+00
    -5.65301955e-01 -3.88166755e-01 -1.98182866e-01 5.55764854e-01
    -3.22432816e-01 5.04121780e-01 4.76193964e-01 -7.33844757e-01
    1.18849337e+00 -5.89098155e-01 9.07423496e-01 -2.15562850e-01
    4.03417706e-01 1.49013948e+00 -5.12733877e-01 1.02385175e+00
    7.37800181e-01 2.88523465e-01 -6.76109344e-02 3.96023065e-01
    1.50032699e+00 4.49758440e-01 7.41804302e-01 1.15702665e+00
    -3.67581874e-01 9.91620421e-01 -2.91136447e-02 -4.15836483e-01
    2.18489945e-01 1.08543801e+00 1.61942646e-01 9.55933094e-01
    1.36515462e+00 1.50101280e+00 5.42093158e-01 -8.06410074e-01
    9.50986087e-01 1.34454799e+00 1.57560408e+00 1.69425607e+00
    -2.78192848e-01 5.19334674e-01 1.33303356e+00 7.07757831e-01
    2.29619503e-01 -7.69784302e-02 -4.07277346e-01 1.43636560e+00
    1.49403882e+00 2.43535191e-01 6.07630424e-02 2.55284756e-02
    1.49775600e+00 6.26550168e-02 -5.26981413e-01 9.36700583e-01
    1.66180921e+00 1.61577713e+00 1.10778928e+00 -2.45400146e-01
    1.71803010e+00 1.36981368e+00 6.40244126e-01 -6.05734766e-01
    1.14150012e+00 -5.15729368e-01 -1.61800385e-01 -1.23846523e-01
    -8.25667530e-02 2.65938550e-01 1.14860821e+00 5.43591678e-01
    -3.68214607e-01 5.49367666e-01 1.27394640e+00 5.98327676e-03
    -3.31102729e-01 3.27872992e-01 8.74585509e-01 -6.03496015e-01
    1.08868277e+00 7.17308819e-01 3.26213866e-01 1.27017236e+00
    -2.27900550e-01 -7.90652409e-02 1.56286967e+00 4.43071306e-01
    1.61501646e+00 1.65181243e+00 3.31333220e-01 9.56173420e-01
    9.35210645e-01 1.05248249e+00 -1.41903490e-01 8.20830107e-01
    1.23095620e+00 1.45088267e+00 -2.37304166e-01 -5.29575586e-01
    2.98819065e-01 1.80624890e+00 8.15200657e-02 -5.27206123e-01
    1.74889252e-01 4.50956404e-01 -1.30857918e-02 7.93522358e-01
    -2.71708488e-01 1.55999243e+00 -5.89907467e-01 4.77979362e-01
    4.01221901e-01 7.57239580e-01 4.65146810e-01 1.35922015e+00
    6.17180467e-01 1.22342920e+00 4.10440415e-01 -3.28402072e-01
    1.73746097e+00 1.06324744e+00 9.16743040e-01 1.32815325e+00
    -1.77007765e-01 1.57762778e+00 2.46408507e-01 -5.15909433e-01
    1.54101956e+00 3.49197924e-01 1.38731992e+00 1.59961176e+00
    1.24642563e+00 5.25812566e-01 1.41194570e+00 -7.26564884e-01
    -2.89083421e-01 4.29997414e-01 1.74551082e+00 -1.63944349e-01
    -6.61731005e-01 1.15009308e+00 1.13393891e+00 3.75978164e-02
    4.91374135e-01 2.46044323e-01 1.07121062e+00 1.15058744e+00
    -6.00707114e-01 1.01375794e+00 2.46466156e-02 3.50295603e-01
    -2.21997485e-01 5.74757218e-01 -4.80345339e-01 1.54432857e+00
    1.14117396e+00 -2.06271425e-01 2.66472735e-02 5.07237911e-01
    1.87462354e+00 3.72900367e-01 6.53175473e-01 6.44288510e-02
    -1.30550284e-02 1.64556623e+00 2.59135753e-01 -3.69406670e-01
    4.53973502e-01 3.48616749e-01 -5.13687134e-01 1.85410178e+00
    -8.33974779e-02 1.79288507e+00 5.76725364e-01 6.68528438e-01
    9.10883725e-01 9.18727666e-02 1.03242588e+00 -1.76173747e-01
    1.48682582e+00 -7.93199658e-01 -6.60751104e-01 1.27993429e+00
    1.25052822e+00 3.51100028e-01 -6.73913062e-01 5.09661913e-01
    9.10215557e-01 2.59132624e-01 1.18780029e+00 6.21644795e-01
    1.53336906e+00 1.56718326e+00 1.63042128e+00 1.07161450e+00
    8.10425162e-01 -5.91721013e-02 1.71751697e-02 1.10473502e+00
    1.38258302e+00 1.13623238e+00 9.73808229e-01 1.09455061e+00
    -3.59044671e-01 -2.34649219e-02 8.48381996e-01 1.35085046e+00
    -4.69184697e-01 -4.31988508e-01 -6.69435084e-01 1.48675096e+00
    -4.63342637e-01 -1.04621239e-01 6.80819869e-01 8.03051293e-01
    -4.98565525e-01 8.51197466e-02 8.17739666e-01 9.05955970e-01
    5.76465547e-01 -8.59752372e-02 5.17421007e-01 6.47962809e-01
    1.47321260e+00 1.28291130e+00 1.18361914e+00 1.08156359e+00
    -6.84266925e-01 4.20819461e-01 5.87794840e-01 -5.50571442e-01
    1.83723640e+00 2.07432747e-01 4.73481953e-01 1.63745070e+00
    2.85095006e-01 1.11031377e+00 1.45487690e+00 8.42601478e-01
    1.69038510e+00 1.19718099e+00 -7.22662389e-01 -3.83923918e-01
    1.24390793e+00 1.72949597e-01 -2.33794034e-01 1.29606113e-01
    9.98251379e-01 6.06837928e-01 -5.50330102e-01 -7.41532505e-01
    1.11691558e+00 -3.55505705e-01 1.15481079e+00 4.38204527e-01
    1.14846385e+00 8.73693466e-01 -4.58479553e-01 5.83713233e-01
    1.60287476e+00 1.20796311e+00 7.29713142e-01 -7.73352161e-02
    -7.13722184e-02 4.03443992e-01 -6.71302855e-01 1.56684875e+00
    2.30996922e-01 5.48311710e-01 1.11028957e+00 2.25550556e+00
    1.54377544e+00 4.70827483e-02 7.26634040e-02 1.34526014e-01
    1.06113565e+00 4.38812524e-01 -6.52447268e-02 1.11190999e+00
    -5.72759926e-01 4.79029000e-01 1.27957535e+00 4.10506278e-01
    1.26966214e+00 1.56640601e+00 1.36919126e-01 -2.30190143e-01
    5.07180929e-01 9.09172714e-01 8.07142854e-01 -6.95347726e-01
    -4.73634988e-01 -1.60717919e-01 -8.06028545e-02 -1.86745495e-01
    -6.00332141e-01 -3.57285142e-01 -1.68099329e-01 9.75580871e-01
    1.65771806e+00 2.50755966e-01 -5.33174984e-02 1.13008988e+00
    1.39776155e-01 1.66679204e+00 4.96879816e-01 1.39227617e+00
    1.51910812e-01 7.78825283e-01 8.42515469e-01 6.11841083e-01
    1.42086446e+00 -7.28188515e-01 1.55540454e+00 1.66414559e+00
    1.73021412e+00 -1.34431899e-01 -6.72788918e-01 1.21563661e+00
    -5.53134441e-01 1.93240976e+00 1.79109645e+00 1.21089315e+00
    -6.38207018e-01 8.29887688e-01 7.34249830e-01 8.73610497e-01
    1.74684644e+00 -1.74347628e-02 -5.60087323e-01 1.53046715e+00
    -3.08271229e-01 1.71581054e+00 -5.34591854e-01 -2.19821900e-01
    1.56921303e+00 -4.87629831e-01 1.15761602e+00 8.40170383e-01
    1.07908404e+00 7.81698108e-01 -6.99234679e-02 -3.87609333e-01
    4.84197587e-01 -4.68787938e-01 9.26083505e-01 -1.18381977e-01
    8.08843374e-01 4.87720519e-01 -7.20594347e-01 9.48770046e-01
    8.97413790e-01 1.27311468e-01 4.46141899e-01 4.04526591e-01
    4.07846361e-01 1.18893862e+00 7.80697286e-01 3.79321098e-01
    3.01899254e-01 -1.07790843e-01 1.65998633e-03 -4.15120751e-01
    1.73189580e-01 -1.11993156e-01 -7.00150192e-01 1.53853774e+00
    4.09624249e-01 -2.21766829e-02 2.35144287e-01 -5.93910635e-01
    1.40802693e+00 3.88908803e-01 -6.97283566e-01 -2.34161457e-03
    3.36250514e-01 1.12944651e+00 6.20981455e-01 -7.53662705e-01
    1.50642765e+00 6.46045983e-01 -4.95079905e-01 7.79893473e-02
    3.07396680e-01 1.00455654e+00 -1.50115043e-02 1.13005541e-01
    4.77735460e-01 3.04929346e-01 1.28642547e+00 -4.30807285e-02
    1.45236754e+00 1.11912918e+00 1.70123017e+00 6.45319581e-01
    -2.75808603e-01 1.18508533e-01 4.11362857e-01 1.35108209e+00
    1.12347901e+00 -3.79541069e-01 1.41646028e+00 1.57159972e+00
    1.24252224e+00 9.77664649e-01 1.81518626e+00 -2.86809891e-01
    -2.61212736e-01 4.76759166e-01 1.74925029e+00 7.92228460e-01
    8.49663019e-01 -4.85036254e-01 -2.81484365e-01 -2.30835736e-01
    -2.56491184e-01 3.31177898e-02 -1.34698927e-01 3.46909642e-01
    1.26529908e+00 -7.41665423e-01 9.71635520e-01 7.51741171e-01
    1.45024014e+00 5.56359477e-02 1.63223058e-01 2.49547347e-01
    -1.37504116e-02 1.86774489e-02 -1.66776672e-01 1.40231967e+00
    1.48314619e+00 -1.38213485e-02 8.95939946e-01 1.69914865e+00
    1.16001999e+00 1.25272870e+00 1.45796800e+00 -1.22809917e-01
    6.01430945e-02 8.86291504e-01 4.24016535e-01 1.50972831e+00
    1.32203150e+00 7.45887101e-01 -6.72759831e-01 1.25750735e-01
    1.34544924e-01 9.09111369e-03 1.17611110e+00 6.47895098e-01
    -1.01835076e-02 1.67256832e+00 -5.03705740e-01 -6.29802525e-01
    -7.60350406e-01 1.14166319e+00 3.48318994e-01 9.16349292e-01
    3.02690446e-01 3.67198661e-02 1.09249592e+00 4.16758716e-01
    -9.40709859e-02 -1.46936536e-01 -4.88677800e-01 8.76446724e-01
    1.81108281e-01 1.19323695e+00 1.53245378e+00 5.35521507e-01
    1.63973260e+00 1.96401283e-01 8.46528172e-01 1.17787552e+00
    -5.70625305e-01 1.50373602e+00 -5.86379647e-01 1.72813714e+00
    9.58715916e-01 1.15699434e+00 5.02523780e-01 6.22072697e-01
    2.27128919e-02 1.44979906e+00 -3.02665025e-01 -5.25538325e-01
    2.95531601e-01 -2.53681332e-01 -2.69716084e-01 -5.13798833e-01
    1.75862774e-01 1.47304428e+00 2.16234893e-01 7.06312716e-01
    4.16985601e-01 -4.85296339e-01 -5.60313761e-01 1.00054169e+00
    1.01713789e+00 -1.16434302e-02 4.99470055e-01 -4.52805221e-01
    1.43880939e+00 6.13991022e-01 1.22624588e+00 1.68514156e+00
    -2.63839185e-01 4.09355819e-01 7.52861321e-01 -1.59845084e-01
    1.24832988e-01 -6.48440599e-01 1.22556120e-01 -6.80781662e-01
    1.17591083e+00 1.12612283e+00 1.72515452e+00 1.24590230e+00
    -5.50907135e-01 1.28017199e+00 9.35058832e-01 -1.47558257e-01
    7.34773159e-01 2.68961161e-01 7.26615310e-01 2.04776382e+00
    4.18007135e-01 3.88388224e-02 -4.76790518e-01 -1.94618315e-01
    -6.03628516e-01 9.11824763e-01 1.03570509e+00 -2.78349727e-01
    3.84556413e-01 4.97912010e-03 -4.86936629e-01 -3.20163012e-01
    3.53628844e-01 1.20131588e+00 1.43964875e+00 1.66503990e+00
    -1.33738769e-02 2.59642780e-01 5.26966393e-01 7.07161427e-01
    4.44564037e-02 1.55976796e+00 1.04473078e+00 -6.42370641e-01
    5.81423223e-01 -2.92815149e-01 1.43781528e-01 4.45486367e-01
    1.39784122e+00 -5.51950932e-01 2.20814079e-01 -1.87094644e-01
    1.26729155e+00 -6.42885804e-01 2.23227099e-01 1.68841839e+00
    9.77260649e-01 8.07144105e-01 -4.51664925e-01 1.19255519e+00
    3.10723454e-01 -1.55403037e-02 -1.60190776e-01 -3.64603810e-02
    -5.96123457e-01 1.80613911e+00 -4.09346312e-01 1.49702406e+00
    -1.56616464e-01 1.06078899e+00 7.69290566e-01 1.61910856e+00
    -1.19795851e-01 1.27537906e+00 3.82338874e-02 1.24367677e-01
    1.50538459e-01 1.29225218e+00 3.35729688e-01 4.81854230e-01
    7.86573708e-01 1.59307778e+00 2.71358907e-01 1.29128492e+00
    1.56141555e+00 -2.86755532e-01 7.30784297e-01 1.30256188e+00
    1.20108210e-01 7.71319449e-01 3.45465690e-01 -6.04066253e-01
    4.39078629e-01 3.20804924e-01 1.65067291e+00 8.08619142e-01
    1.40183246e+00 -4.82916743e-01 -8.37509811e-01 1.33166003e+00
    6.04134500e-01 4.44671571e-01 4.06286120e-01 1.23277783e+00
    -7.97061771e-02 7.38743186e-01 8.09358299e-01 1.11880004e+00
    -5.25303245e-01 -1.23961523e-01 1.10844183e+00 6.70821905e-01
    -4.69638050e-01 7.85034001e-01 1.34400797e+00 7.23686457e-01
    -2.34345257e-01 5.43295979e-01 1.48558581e+00 6.89307630e-01
    4.40034479e-01 4.73641306e-01 -4.47115362e-01 1.37401831e+00
    4.51962113e-01 9.05777454e-01 3.23347449e-01 1.39481235e+00
    -6.28621995e-01 4.29866880e-01 4.24461067e-01 -5.76179445e-01
    -5.18544197e-01 8.50500584e-01 1.52209592e+00 1.31717539e+00
    1.57136106e+00 -5.00344694e-01 7.33945131e-01 1.17069578e+00
    1.26375234e+00 1.54086411e+00 9.08820689e-01 6.54686391e-01
    1.09694052e+00 5.65873861e-01 9.69557226e-01 1.37796581e+00
    -6.22004092e-01 8.47570777e-01 -7.04050899e-01 7.50354648e-01
    1.65492666e+00 1.54623389e-01 -9.87002701e-02 -4.55437601e-02
    -6.30367994e-01 1.55194652e+00 4.01882768e-01 -7.40867972e-01
    6.67552233e-01 8.44991624e-01 4.06532705e-01 -5.57117462e-01
    7.82074809e-01 -6.00573242e-01 -6.10486925e-01 4.93927717e-01
    7.28583455e-01 1.46008933e+00 5.92776060e-01 1.44346341e-01
    4.64740276e-01 7.11349726e-01 -3.60866576e-01 -3.14238578e-01
    1.32539010e+00 5.61704338e-01 -3.01990628e-01 1.46530104e+00
    -1.11487500e-01 -5.21564603e-01 3.11646849e-01 2.14621544e-01
    -2.64335483e-01 5.57771802e-01 -3.51252347e-01 -5.88366747e-01
    3.69395852e-01 4.41702724e-01 1.32819486e+00 1.43454921e+00
    2.00121358e-01 -7.29878783e-01 3.95534307e-01 1.47625458e+00
    -5.53300261e-01 -2.02391028e-01 5.48660994e-01 2.41542727e-01
    3.76718938e-01 4.58680302e-01 1.01938939e+00 3.43732387e-01
    1.66664159e+00 -2.81375438e-01 2.18515340e-02 1.10682178e+00
    1.22870195e+00 1.53159034e+00 7.28257060e-01 -1.22356668e-01
    -7.37116626e-03 -4.18546587e-01 -6.11464322e-01 8.68786991e-01
    1.01783609e+00 9.57816422e-01 1.49666369e-01 -1.22708060e-01
    4.94059801e-01 6.16028979e-02 5.86677015e-01 1.25356764e-01
    -7.64721655e-04 2.02697054e-01 2.98390925e-01 1.55622855e-01
    6.23832166e-01 -1.30866393e-01 1.53393853e+00 -6.66804314e-01
    1.38809943e+00 6.86451375e-01 5.25953948e-01 6.22363687e-01
    1.05297208e+00 4.22900289e-01 -1.70368776e-01 1.87088048e+00
    1.14910640e-01 -2.00782329e-01 -6.04623973e-01 -5.59846938e-01
    2.65793353e-01 -4.87936497e-01 6.39007568e-01 1.24594045e+00
    1.21509445e+00 1.21303415e+00 1.47916400e+00 1.39731336e+00
    -6.98276639e-01 2.29400843e-01 8.93458664e-01 4.48601186e-01
    1.17521477e+00 1.65111423e+00 5.61304688e-02 6.64745688e-01
    1.58571565e+00 -2.65904546e-01 2.18640640e-01 8.60314310e-01
    -4.44407314e-01 1.60691977e+00 -3.12000006e-01 8.60608876e-01
    1.75350800e-01 5.92975259e-01 1.08002350e-02 1.56373098e-01
    1.23903823e+00 1.01022542e+00 1.61464250e+00 4.81097132e-01
    8.69445443e-01 1.96968630e-01 1.11476910e+00 1.88049808e-01
    8.27984810e-01 1.69032872e+00 1.56518602e+00 4.51805949e-01
    1.56214786e+00 1.07405782e+00 8.99074614e-01 -1.70039564e-01
    -3.44191223e-01 -3.42649132e-01 1.49215847e-01 2.07186341e-01
    1.03741717e+00 -1.21011183e-01 9.64085758e-01 1.22402623e-01
    1.69683778e+00 -4.13482785e-01 -3.62626880e-01 8.78787696e-01
    -4.63570863e-01 -3.31226110e-01 6.57086909e-01 1.22484815e+00
    2.97363758e-01 4.95304048e-01 5.98403513e-01 1.50923693e+00
    5.78592896e-01 9.82892364e-02 -1.72204643e-01 -5.80841541e-01
    -3.85287970e-01 1.35809243e+00 1.77295697e+00 4.15649384e-01
    5.75294852e-01 2.55529791e-01 8.78843963e-02 9.41724122e-01
    6.15236342e-01 8.47200751e-01 -1.39588401e-01 1.36132908e+00
    -6.57718778e-01 1.29862530e-02 1.21317136e+00 -4.70867395e-01
    -8.50766152e-02 -1.11991912e-02 8.21265459e-01 1.53311074e+00
    2.61892825e-01 1.42661607e+00 1.36088216e+00 1.52643561e+00
    1.51051924e-01 1.34909475e+00 9.19018090e-01 2.28791177e-01
    -4.92913365e-01 8.50664496e-01 6.57036126e-01 2.69822925e-01
    9.40614641e-01 8.75815228e-02 6.38939798e-01 -4.18933123e-01
    9.30128634e-01 -5.12946844e-01 8.16371620e-01 1.41087091e+00
    1.52478063e+00 1.49022722e+00 1.01477349e+00 1.22073567e+00
    8.87016654e-01 3.26416016e-01 -1.38205498e-01 9.99830365e-01
    4.77788448e-01 -5.03570557e-01 1.31587470e+00 -3.25366378e-01
    1.57558084e+00 1.66000330e+00 1.53605926e+00 1.10480559e+00
    7.09588468e-01 1.70168626e+00 -6.59865320e-01 1.77198100e+00
    1.45235941e-01 1.71331954e+00 -2.01491162e-01 1.29400229e+00
    3.62178802e-01 4.16468948e-01 -1.08773978e-02 1.43458888e-01
    -2.48603642e-01 1.46356058e+00 -1.76668525e-01 1.21506250e+00
    -7.98388004e-01 8.00102174e-01 4.54811871e-01 -1.82792917e-01
    5.03782451e-01 7.99375474e-01 -3.99223834e-01 1.12737870e+00
    1.63194025e+00 -1.79796070e-01 3.50778818e-01 -5.15049636e-01
    -4.55538809e-01 -4.00692612e-01 -1.84027627e-01 -6.74394071e-01
    -7.70338774e-01 -2.92268902e-01 7.52640963e-01 1.23148143e+00
    5.95594823e-01 1.58567894e+00 8.03113103e-01 1.75395668e+00
    1.36872816e+00 -3.08153033e-01 -8.91409740e-02 3.64843220e-01
    1.08914733e+00 -1.25548199e-01 9.81388509e-01 -3.16270560e-01
    -1.02709688e-01 -2.05797747e-01 4.70341831e-01 1.19207549e+00
    6.27766252e-01 1.22334635e+00 -1.35747846e-02 1.26841950e+00
    1.95086539e-01 1.10873103e+00 1.24460685e+00 -4.55122113e-01
    3.80233943e-01 -4.95577276e-01 1.40857005e+00 -3.68589535e-02
    8.90895247e-01 1.62403655e+00 2.37505361e-01 -1.75421894e-01
    1.23714018e+00 -4.91100430e-01 7.23509729e-01 1.11240125e+00
    -3.05082560e-01 1.31955862e+00 5.42580724e-01 1.08145572e-01
    1.49320126e+00 -4.37436849e-01 -1.20493788e-02 6.15007997e-01
    5.76586425e-01 8.80335271e-01 -3.08713377e-01 1.04378566e-01
    9.88231301e-01 -2.87968546e-01 7.66082644e-01 9.31917787e-01
    -5.47817826e-01 -3.48929107e-01 -3.71244133e-01 5.05900800e-01
    1.44142437e+00 1.06998682e+00 -4.73934770e-01 -3.85548025e-01
    -2.77168415e-02 8.19167614e-01 -7.96310604e-02 8.53247404e-01
    1.68910730e+00 4.92672622e-01 2.59714156e-01 3.65830749e-01
    8.62989604e-01 6.35243177e-01 1.31109560e+00 -5.80103159e-01
    -3.21009219e-01 1.48783302e+00 -2.81677276e-01 -2.51610219e-01
    5.83150722e-02 6.88481331e-01 -1.83129847e-01 -2.29444772e-01
    1.62865555e+00 -6.82427108e-01 -6.94102585e-01 1.67478096e+00
    1.26331222e+00 1.22980416e+00 3.37835222e-01 -4.79244173e-01
    -4.04494792e-01 9.45276320e-02 7.57860318e-02 -3.60960484e-01
    3.70722443e-01 1.19263455e-01 8.84766757e-01 -4.34490949e-01
    -7.34746397e-01 1.44745409e+00 1.13307536e+00 5.43748558e-01
    4.19817507e-01 4.51150298e-01 6.97942525e-02 6.18417740e-01
    4.61085737e-02 7.18372405e-01 1.20139611e+00 1.52762449e+00
    1.71340978e+00 6.28790736e-01 8.72297525e-01 1.04765654e+00
    1.06960380e+00 2.66923547e-01 9.73044753e-01 -2.60906249e-01
    2.82781422e-01 1.41984499e+00 1.12752676e+00 -2.06283890e-02
    6.73048198e-01 -5.92944622e-01 1.30745888e+00 4.10572648e-01
    5.48749089e-01 1.23415208e+00 -4.18838263e-01 2.37848639e+00
    -2.32604831e-01 1.25424588e+00 1.40929866e+00 5.19761145e-01
    -3.56740952e-01 5.68265915e-01 -5.33322096e-01 4.26842868e-01
    2.58459985e-01 -2.69029945e-01 6.89593613e-01 1.25041866e+00
    -4.80444998e-01 -4.65864331e-01 1.76302755e+00 -3.72166663e-01
    -5.94408989e-01 -5.72256744e-01 2.74662852e-01 1.31377482e+00
    1.27105665e+00 1.33407399e-01 1.02156356e-01 9.41925406e-01
    1.43649638e+00 1.53192687e+00 1.24042249e+00 1.11958945e+00
    8.35003555e-01 -4.23028469e-02 1.16514897e+00 -3.28885525e-01
    -5.07096767e-01 1.84325248e-01 1.03404427e+00 1.12959445e+00
    1.39916885e+00 -3.84385288e-01 -5.94613999e-02 -2.30079412e-01
    -7.37884879e-01 5.53921051e-02 -5.42101204e-01 1.08169758e+00
    1.70359701e-01 1.50299311e-01 -5.40792763e-01 1.88666478e-01
    5.68463132e-02 -4.07917827e-01 1.80021846e+00 -5.79575360e-01
    1.21681452e+00 1.47806212e-01 -4.76766497e-01 2.74445295e-01
    -7.32350767e-01 1.16850591e+00 1.47442436e+00 -7.52251387e-01
    1.47711861e+00 7.87336469e-01 -2.11639792e-01 2.78237879e-01
    -7.31291056e-01 -3.78797084e-01 1.11818826e+00 4.38374847e-01
    1.12418497e+00 -1.47060603e-01 1.36309719e+00 -2.96691477e-01
    -2.84235358e-01 -5.68695068e-01 1.44985044e+00 7.79091954e-01
    1.24466312e+00 -1.43800169e-01 9.83191311e-01 -2.56146729e-01
    1.16452062e+00 5.66168010e-01 -5.98042786e-01 1.65285313e+00
    -4.29591298e-01 5.22195816e-01 -4.86589611e-01 2.24842042e-01
    3.51417035e-01 -2.45077491e-01 -4.85582054e-01 1.65853393e+00
    1.52471960e+00 -3.71996701e-01 5.85456014e-01 5.16225457e-01
    -6.92978382e-01 8.90239418e-01 -5.01458757e-02 5.27942121e-01
    7.95178711e-01 1.30421531e+00 -3.19583505e-01 2.17598110e-01
    -2.76367992e-01 1.66577697e+00 2.24959269e-01 1.58093691e+00
    1.69932914e+00 8.38119984e-01 -5.30005991e-01 -5.83297461e-02
    -5.93660831e-01 -1.01998836e-01 1.58917367e+00 9.16752577e-01
    -5.92945278e-01 -5.95142305e-01 -1.20703049e-01 9.70196664e-01
    -4.86141860e-01 1.00313354e+00 -1.60067365e-01 1.30890355e-01
    3.11863627e-02 -1.98701799e-01 1.33410108e+00 -3.44403863e-01
    2.86606960e-02 2.44919330e-01 3.10745418e-01 8.73132497e-02
    -6.92645133e-01 1.36885595e+00 1.33277655e+00 -6.57521784e-01
    1.35044467e+00 1.03569674e+00 -9.46611539e-02 5.45141876e-01
    1.22199750e+00 1.50190127e+00 9.86796439e-01 1.04879665e+00
    -1.74568832e-01 5.62834799e-01 -6.11546226e-02 -1.14673033e-01
    9.29443479e-01 1.44856691e+00 9.84306097e-01 1.42657018e+00
    8.97044122e-01 1.38619924e+00 5.27735986e-02 -6.92649543e-01
    -4.23642099e-01 6.16105378e-01 -5.53079963e-01 4.38206196e-01
    -4.19756532e-01 1.51542449e+00 -3.14075470e-01 1.67928326e+00
    1.62907946e+00 -5.77445686e-01 1.18514931e+00 8.28120112e-01
    1.31628406e+00 3.87814611e-01 4.69604641e-01 -4.69788879e-01
    4.89955217e-01 1.30099356e+00 4.08373713e-01 1.06737590e+00
    1.92095470e+00 7.58103877e-02 4.76062238e-01 -4.12591994e-01
    1.02842462e+00 -5.90973437e-01 -1.31790116e-01 7.87935197e-01
    1.44101310e+00 8.12306285e-01 1.44957638e+00 8.98741901e-01
    -2.40859464e-01 6.35436401e-02 4.80576992e-01 -2.26534143e-01
    1.04332244e+00 7.87098408e-01 1.00119460e+00 1.51300323e+00
    1.40367973e+00 1.29762220e+00 1.46178615e+00 1.11293995e+00
    1.36638272e+00 3.39250743e-01 -2.37770423e-01 -1.09308220e-01
    9.44231391e-01 4.29390520e-01 -7.17131197e-02 1.24357903e+00
    6.83775842e-01 4.99391675e-01 7.43387341e-01 1.09220004e+00
    3.52703810e-01 -5.85291564e-01 1.20091176e+00 1.28651774e+00
    9.83475447e-01 -6.32574975e-01 9.44095194e-01 8.58163118e-01
    -4.84398007e-01 1.26685619e+00 5.37664890e-01 1.32911010e-02
    1.03076780e+00 -3.33545029e-01 1.56532502e+00 7.84231961e-01
    7.23677278e-01 7.54163802e-01 1.37615883e+00 1.00000560e+00
    -6.58118308e-01 1.93412453e-01 8.39833856e-01 1.43795109e+00
    -7.94304430e-01 1.09985900e+00 -5.34051061e-01 -4.89901334e-01
    1.06792319e+00 1.11192179e+00 4.02708724e-02 4.64796543e-01
    -5.22806406e-01 -6.09392107e-01 2.48652950e-01 -5.17676711e-01
    -1.23726733e-01 3.07061344e-01 -4.97813076e-01 1.78137755e+00
    1.17204189e+00 3.92519772e-01 -1.82118297e-01 6.62261173e-02
    5.62766314e-01 1.34209141e-01 5.42469928e-03 3.23509514e-01
    1.71938634e+00 9.06724691e-01 -4.56353396e-01 1.82672846e+00
    5.32260418e-01 1.27706492e+00 -6.81768298e-01 2.13584691e-01
    5.76773882e-01 1.61071777e+00 -3.79515827e-01 1.13737869e+00
    -6.18092194e-02 1.61147267e-01 1.27452660e+00 -7.61228859e-01
    1.32900226e+00 -8.35556351e-03 4.46280509e-01 5.40789485e-01
    6.04677975e-01 -7.59007871e-01 9.77079272e-01 1.45557731e-01
    5.09434581e-01 1.03798771e+00 1.65907252e+00 3.99481505e-01
    9.07259285e-01 2.86907643e-01 1.61980498e+00 1.24864221e+00
    -1.93345904e-01 5.10511041e-01 2.36722842e-01 1.87002197e-01
    2.94185847e-01 1.31711647e-01 8.00693154e-01 1.39444619e-02
    -4.30029064e-01 4.69721407e-01 -2.27859199e-01 6.43525124e-01
    -5.30046932e-02 2.18027234e-01 -4.95162100e-01 4.46187496e-01
    -6.90105334e-02 1.15769958e+00 -5.98777115e-01 5.05254507e-01
    1.45974326e+00 7.76487529e-01 1.37438762e+00 -3.86686921e-01
    5.67997932e-01 1.28862059e+00 4.78546351e-01 1.23770249e+00
    5.47343850e-01 4.27730203e-01 -5.76222956e-01 1.27301240e+00
    1.50333002e-01 1.07970691e+00 1.53960001e+00 8.23997021e-01
    5.40496588e-01 1.34967375e+00 1.49993157e+00 8.43227446e-01
    2.77240272e-03 -4.06085849e-01 -3.10551506e-02 1.69403017e+00
    -3.31952423e-02 -5.69436371e-01 4.54261452e-01 1.69009137e+00
    1.17293668e+00 3.78328264e-01 5.98601818e-01 3.12528461e-01
    -5.01757979e-01 1.23834789e+00 -5.64857662e-01 7.21171260e-01
    3.54905307e-01 1.38446057e+00 -1.74484998e-01 8.22692439e-02
    -5.42243898e-01 7.90348351e-02 -4.25393671e-01 -3.02145094e-01
    5.97664773e-01 1.01478912e-01 -4.33193266e-01 1.15271676e+00
    6.10467911e-01 1.06668019e+00 -3.88329983e-01 4.99575585e-01
    1.51482499e+00 1.73767126e+00 1.34570551e+00 2.64286876e-01
    6.75933540e-01 -5.50252974e-01 6.53406680e-02 9.59865034e-01
    -4.37347531e-01 9.51986670e-01 2.85676837e-01 1.71511400e+00
    -7.86777735e-02 7.93243706e-01 1.12034726e+00 1.23776829e+00
    1.04776406e+00 6.49867415e-01 3.81482869e-01 1.07907879e+00
    -3.33271474e-01 1.80268884e-02 -1.64895460e-01 -4.63711500e-01
    -5.39789319e-01 8.14493895e-01 -3.84835362e-01 1.46829247e+00
    6.12903655e-01 1.31411719e+00 3.44535232e-01 7.88459927e-02
    -5.57535887e-01 1.49825251e+00 1.10159945e+00 -6.52357101e-01
    1.58837235e+00 1.08260846e+00 8.67366254e-01 1.06215879e-01
    -4.86459851e-01 1.61467469e+00 7.12729752e-01 4.74909872e-01
    1.16958427e+00 -1.19169123e-01 -4.63194817e-01 8.68711829e-01
    1.36536920e+00 9.61492240e-01 7.89408147e-01 9.74658906e-01
    -1.21089488e-01 9.70239162e-01 1.67221320e+00 1.00392830e+00
    1.66767448e-01 6.41691327e-01 6.20701611e-01 -4.01053578e-01
    -2.58162051e-01 8.63220096e-02 1.61522377e+00 1.35596442e+00
    -5.63863873e-01 -8.22233558e-02 -2.90336728e-01 -7.12140724e-02
    6.72173500e-01 5.78106701e-01 -4.52016592e-01 -4.03381616e-01
    7.63800919e-01 6.82046711e-01 -6.24875724e-01 1.21916425e+00
    -7.02155888e-01 6.18341088e-01 -7.56194651e-01 1.18871689e+00
    -6.52384877e-01 1.51376987e+00 3.42611521e-01 6.82444870e-01
    8.88168991e-01 2.78134346e-01 1.13706505e+00 1.80018708e-01
    -4.39873844e-01 1.29979086e+00 5.21852016e-01 8.75327647e-01
    3.90322924e-01 1.39404976e+00 1.04498541e+00 1.69849849e+00
    -7.26609290e-01 1.58228660e+00 -7.51416028e-01 1.23097181e-01
    1.55915689e+00 6.08317733e-01 1.54936743e+00 1.06825066e+00
    9.73647535e-01 -3.95704150e-01 3.58341634e-01 -2.80231804e-01
    1.08821833e+00 8.35907459e-01 1.31124139e-01 1.72442031e+00
    6.90792799e-02 -9.80390906e-02 -4.53937054e-01 1.47861135e+00
    1.64409071e-01 1.44741583e+00 -5.69406629e-01 1.00419605e+00
    -6.28507197e-01 -3.97530735e-01 7.99433514e-02 3.07545274e-01
    -3.84093344e-01 -6.67390525e-01 8.97200346e-01 3.63383055e-01
    -2.92340875e-01 -2.63933837e-01 8.55197132e-01 8.19171295e-02
    8.02262962e-01 -5.24821699e-01 7.60816693e-01 5.35038054e-01
    1.43828297e+00 -2.30878234e-01 -3.51813018e-01 -4.02246445e-01
    9.66899931e-01 8.18044603e-01 8.61995876e-01 3.56910110e-01
    1.69150281e+00 -4.07340705e-01 -2.85114467e-01 9.77316976e-01
    1.13124204e+00 1.27914894e+00 -6.30268157e-01 1.21529901e+00
    -5.74973464e-01 -1.63923025e-01 -6.96067274e-01 1.00355196e+00
    -6.28658056e-01 1.37739587e+00 1.91144869e-01 -2.47233078e-01
    -2.39649490e-01 1.54182279e+00 1.02676141e+00 -4.32639360e-01
    -2.61160672e-01 -6.31615877e-01 8.93786073e-01 1.69587004e+00
    1.74952829e+00 4.55634087e-01 1.01997399e+00 -7.83792913e-01
    1.06486452e+00 2.97890395e-01 -2.51213282e-01 1.23286831e+00
    1.56157219e+00 3.80191892e-01 1.32826841e+00 9.63697731e-01
    4.24555004e-01 -4.19308841e-01 5.46260834e-01 -4.87677008e-01
    1.45291781e+00 -6.13811553e-01 -2.32327789e-01 5.20137072e-01
    1.58159423e+00 4.69875515e-01 9.67922330e-01 3.54243279e-01
    1.13790846e+00 -8.03650394e-02 -1.73736244e-01 1.54090202e+00
    1.69320321e+00 1.22801080e-01 -3.27599756e-02 5.54859519e-01
    1.75266564e+00 4.10438329e-01 7.81911492e-01 2.31609587e-02
    -5.06864190e-01 5.12725711e-01 -5.32278240e-01 -5.08716106e-02
    1.60681915e+00 -7.46447086e-01 6.09413505e-01 -3.80636126e-01
    1.62247753e+00 1.30002248e+00 -5.08892387e-02 -1.61796033e-01
    -3.88166249e-01 1.39684653e+00 -3.02575767e-01 -6.97294414e-01
    3.36729109e-01 1.41528249e+00 -3.36409181e-01 1.47434902e+00
    7.74399161e-01 1.63041556e+00 7.12178946e-01 1.36925912e+00
    -5.72619557e-01 1.54282606e+00 1.70909211e-01 9.08580422e-01
    -9.97624993e-02 1.09739101e+00 4.14978117e-01 -7.38789618e-01
    1.38174808e+00 -8.01823795e-01 4.57519293e-01 -7.10806727e-01
    8.46669197e-01 -5.86805567e-02 1.02039671e+00 2.74356306e-01
    4.62409616e-01 8.76052499e-01 4.26012874e-01 -7.27673247e-02
    -3.62576663e-01 1.75550640e+00 9.27503288e-01 1.07764280e+00
    6.72358155e-01 8.40708375e-01 4.29764181e-01 8.39040518e-01
    4.20440942e-01 8.93553317e-01 -4.31404471e-01 8.67262661e-01
    3.72164786e-01 1.31516361e+00 -6.24235094e-01 1.17590153e+00
    4.70160544e-01 -6.83913529e-02 1.49038994e+00 -4.22542483e-01
    7.29850054e-01 4.86168683e-01 -4.78515029e-01 1.32522857e+00
    1.43350518e+00 4.85042721e-01 -5.28094359e-02 4.76850301e-01
    8.15943539e-01 1.66231453e+00 -6.10884964e-01 1.07454479e+00
    7.01662779e-01 6.38473749e-01 -2.22515374e-01 -4.76588428e-01
    5.56064665e-01 -6.34381950e-01 1.34843230e+00 7.18381882e-01
    7.62595832e-01 2.01689720e-01 -2.96337456e-01 9.47990000e-01
    -1.50363892e-01 -8.79645795e-02 -1.00654639e-01 -1.05217174e-01
    -3.43657523e-01 5.03840864e-01 -3.79075915e-01 7.99838245e-01
    1.22416174e+00 1.32886338e+00 -3.48892175e-02 1.53048623e+00
    -5.07659793e-01 9.51908410e-01 1.34706712e+00 5.94717085e-01
    9.24589694e-01 1.20826416e-01 1.67508996e+00 -6.36299729e-01
    -2.15826377e-01 -2.14213729e-01 2.64757425e-01 1.01822376e+00
    1.62559688e+00 1.35852671e+00 5.18123865e-01 1.54629707e+00
    1.11167443e+00 4.70832735e-02 -5.11979640e-01 -5.51132560e-01
    1.42645192e+00 -3.82294327e-01 1.02542150e+00 9.02427435e-01
    4.70622152e-01 -1.06141679e-01 2.16815323e-02 8.59199047e-01
    -5.94415963e-01 -1.10297620e-01 -6.01795971e-01 7.02879131e-01
    2.66440928e-01 -4.46108729e-01 -6.93321407e-01 2.96860576e-01
    1.10122728e+00 -6.02903545e-01 1.26562715e+00 -7.22161889e-01
    6.58487499e-01 -8.36569726e-01 1.28023219e+00 1.49414122e+00
    1.23319936e+00 6.74370602e-02 1.42598259e+00 4.41222757e-01
    1.43431738e-01 1.56072950e+00 1.75335848e+00 1.40765858e+00
    -8.76378790e-02 -3.78497332e-01 -7.84012496e-01 4.09245163e-01
    1.30470228e+00 -6.58882856e-02 -7.40604103e-01 -3.83285314e-01
    -3.00862134e-01 1.34970164e+00 1.50401437e+00 -5.48715234e-01
    6.43460378e-02 6.19628608e-01 1.75016391e+00 -5.99904537e-01
    1.70183325e+00 1.12818384e+00 4.09171641e-01 -4.52594250e-01
    1.11868453e+00 2.27510363e-01 -3.70844156e-01 1.78270042e+00
    5.24404228e-01 -2.86095828e-01 3.87087554e-01 9.86789823e-01
    -6.67568967e-02 6.90157175e-01 1.66547787e+00 4.97656465e-01
    8.05169761e-01 8.48718941e-01 1.14392328e+00 1.00212812e-01
    -5.03672004e-01 1.14019835e+00 2.23928347e-01 1.62027311e+00
    3.20964634e-01 1.69933414e+00 4.63940203e-01 9.05802310e-01
    2.39219546e-01 1.03560114e+00 -6.81359768e-01 2.14870596e+00
    1.60810423e+00 1.12592205e-02 7.87618980e-02 7.79054835e-02
    4.70924139e-01 -1.20361485e-01 6.10253870e-01 3.89071405e-01
    1.76621377e-01 9.06107724e-01 1.18272436e+00 2.76762217e-01
    3.17277193e-01 1.51573312e+00 -2.92508662e-01 -4.99588391e-03
    1.55598938e+00 5.00596404e-01 1.42725432e+00 5.35662830e-01
    1.74033904e+00 2.32992411e-01 1.70714998e+00 1.01444757e+00
    8.43781650e-01 1.17375135e+00 1.35836637e+00 1.28140664e+00
    -3.54157835e-01 1.05313337e+00 1.09723711e+00 8.56104642e-02
    -3.37618917e-01 -9.86268297e-02 -8.10969397e-02 1.51812986e-01
    1.46234179e+00 1.73355734e+00 3.47318381e-01 9.53625619e-01
    1.05295405e-01 7.05130577e-01 1.41928375e+00 4.33958888e-01
    1.31163299e+00 1.43099868e+00 -1.48854181e-01 1.43820524e+00
    1.29613721e+00 -4.98959213e-01 -7.60021806e-02 -5.39179742e-01
    1.70738384e-01 -1.53647378e-01 4.65601802e-01 1.23185968e+00
    -3.83607239e-01 -4.98267077e-02 1.58820796e+00 2.02177256e-01
    1.31234562e+00 7.69507945e-01 -1.40687656e-02 8.10355484e-01
    1.32766116e+00 -3.88933897e-01 5.09749651e-01 1.02691340e+00
    1.16141546e+00 1.40879321e+00 -5.21041393e-01 3.47949564e-01
    1.67756689e+00 8.47040415e-01 -3.78825158e-01 -2.38462552e-01
    1.24975538e+00 1.08034885e+00 -5.56401193e-01 -4.38679099e-01
    -7.28839159e-01 1.64265561e+00 2.58647263e-01 1.28754866e+00
    8.80004346e-01 1.08174145e-01 4.86491948e-01 1.46078801e+00
    1.82803124e-01 -7.68475890e-01 4.33070064e-02 1.47127378e+00
    1.18379927e+00 2.81319827e-01 -1.23448685e-01 1.82247147e-01
    1.57235610e+00 8.56998622e-01 1.04825735e+00 8.08521807e-01
    -6.88958406e-01 1.46812773e+00 1.07945693e+00 5.31461358e-01
    4.34449911e-01 9.55425084e-01 4.06598508e-01 -7.76242733e-01
    1.12456107e+00 5.21082163e-01 5.16141593e-01 4.36947793e-01
    1.21114111e+00 1.43105221e+00 1.08934999e+00 -3.16470653e-01
    9.15503263e-01 -5.50814331e-01 1.39063501e+00 2.61529684e-01
    -3.74323964e-01 4.60332841e-01 -5.02517700e-01 7.66273677e-01
    1.16832161e+00 2.57276356e-01 1.25999641e+00 1.19835699e+00
    1.08630836e+00 4.21033084e-01 9.23542440e-01 1.04782927e+00
    6.56074882e-01 2.22090617e-01 -2.11606011e-01 -7.15664029e-01
    6.04703724e-01 5.22568524e-01 1.22708309e+00 4.55341548e-01
    -6.20831251e-01 1.68376482e+00 3.23937744e-01 4.77104902e-01
    -3.09271604e-01 4.43112075e-01 6.19166136e-01 1.47203422e+00
    -6.40895665e-01 1.29838085e+00 1.24866056e+00 -2.05157042e-01
    7.06633925e-01 1.01447463e+00 -1.48329824e-01 -3.29893470e-01
    3.69772822e-01 7.98078477e-01 5.68082154e-01 -7.34916031e-01
    -5.46519876e-01 1.32069218e+00 -4.56184536e-01 9.79709327e-01
    2.80441314e-01 -1.69335067e-01 5.38957238e-01 8.45089018e-01
    -4.95184571e-01 6.65711880e-01 1.66606700e+00 1.36831665e+00
    5.66347778e-01 -6.19285524e-01 -3.66634846e-01 1.60423338e-01
    8.66759002e-01 1.22186673e+00 -5.41157365e-01 -2.18474388e-01
    9.60007191e-01 1.74645102e+00 1.71141565e+00 9.36488986e-01
    -4.48957741e-01 1.63131642e+00 3.38950306e-01 1.07361901e+00
    1.01175213e+00 1.47564554e+00 4.64565814e-01 6.64600432e-01
    4.83411968e-01 1.53910673e+00 2.69565642e-01 4.27661203e-02
    -3.44232082e-01 1.39275420e+00 1.24832046e+00 -1.44374505e-01
    -2.58974880e-01 1.41362226e+00 9.46506500e-01 6.36373937e-01
    4.32462633e-01 1.54625690e+00 5.09708598e-02 3.75512272e-01
    1.00439966e+00 2.47713476e-01 1.53416848e+00 1.39748847e+00
    1.56665015e+00 2.10501462e-01 7.94270098e-01 1.32336903e+00
    8.33448350e-01 2.52072573e-01 5.43046117e-01 1.29913545e+00
    1.37748075e+00 -4.96074736e-01 1.58079600e+00 -5.93745172e-01
    4.70240206e-01 1.44902363e-01 1.88897401e-01 1.35084450e+00
    7.38541603e-01 8.75851989e-01 1.60876143e+00 1.40546843e-01
    8.30814719e-01 3.58072430e-01 8.61166939e-02 4.95901287e-01
    1.39282835e+00 1.16629742e-01 -7.93155491e-01 8.12845111e-01
    8.04906189e-02 8.94768059e-01 -7.31133819e-01 1.34395409e+00
    1.39127064e+00 3.09878677e-01 8.99474561e-01 1.82945383e+00
    -3.79437387e-01 7.37448514e-01 -5.70497155e-01 1.05109870e+00
    4.63879138e-01 -3.64110827e-01 9.04090762e-01 1.63812792e+00
    -3.60826761e-01 -5.69439888e-01 5.38937867e-01 1.27399743e+00
    4.59838271e-01 1.21955633e+00 5.72762370e-01 1.19346583e+00
    -2.66642362e-01 -3.69671404e-01 -1.37587562e-01 1.47840035e+00
    1.36028612e+00 -7.31313974e-02 8.95804048e-01 -5.01119852e-01
    6.51480734e-01 3.90641779e-01 1.22929800e+00 -2.13706940e-01
    -1.68609530e-01 -7.61328101e-01 5.77806234e-01 -5.34270294e-02
    4.72847998e-01 7.28296340e-01 4.55054492e-01 7.20424891e-01
    5.02670050e-01 1.10671043e+00 4.78008360e-01 4.80290115e-01
    1.43317878e+00 1.21573007e+00 1.48720980e+00 1.63357699e+00
    -7.08685458e-01 1.05424047e+00 1.53624594e+00 1.72920072e+00
    9.78743136e-01 -3.83773386e-01 -3.55033815e-01 4.16943789e-01
    1.08509386e+00 6.78855181e-01 6.84554517e-01 -7.44374156e-01
    1.50988460e+00 6.02747798e-01 1.72505271e+00 8.40811312e-01
    -3.29397321e-01 1.26884568e+00 7.27016270e-01 1.80650425e+00
    7.06851622e-03 -4.98282105e-01 1.22215080e+00 8.68034363e-01
    9.96413887e-01 1.06149361e-01 5.44876933e-01 7.60372221e-01
    1.14897597e+00 -3.18486571e-01 1.47112560e+00 1.13881421e+00
    8.91411841e-01 9.82932985e-01 -5.42158723e-01 -4.75909382e-01
    6.30049706e-01 4.91686948e-02 1.06489927e-01 5.46191275e-01
    1.16995513e+00 1.75277591e+00 -8.93908367e-02 1.70448625e+00
    7.69850552e-01 -4.64887284e-02 4.66845721e-01 1.59211087e+00
    1.39140093e+00 -6.88927531e-01 1.17891312e+00 4.94576067e-01
    1.54050493e+00 1.76344967e+00 9.33081567e-01 2.84664631e-01
    -2.24185839e-01 9.78127643e-02 8.81535113e-01 -2.87390590e-01
    8.21997225e-02 1.22278023e+00 1.36857736e+00 8.48308027e-01
    -5.88659108e-01 1.09325910e+00 -1.75312728e-01 -3.41945767e-01
    -1.03064582e-01 1.23457623e+00 1.20232224e+00 1.17829442e+00
    3.71910483e-01 1.83162108e-01 3.82865757e-01 7.35237360e-01
    8.09405223e-02 4.41444188e-01 -7.33960643e-02 1.14072645e+00
    -3.33790421e-01 1.16471517e+00 1.27265573e+00 8.07608128e-01
    2.24811673e-01 1.51610649e+00 7.90463805e-01 -7.62452245e-01
    8.23146939e-01 -1.60770670e-01 -1.27535924e-01 9.56342101e-01
    -3.43331955e-02 1.09400296e+00 5.25743365e-02 9.89065647e-01
    -1.94117546e-01 1.52394164e+00 5.40243804e-01 1.67462504e+00
    5.69899201e-01 -3.62008423e-01 6.40755475e-01 6.15731895e-01
    -6.71574771e-01 1.58010995e+00 -6.43845320e-01 1.30664885e+00
    8.52403522e-01 -4.86988902e-01 1.44504750e+00 7.58147657e-01
    -1.11937515e-01 1.07057130e+00 7.35011995e-01 7.59065092e-01
    -3.10842603e-01 5.72504401e-01 6.67863429e-01 -6.46610782e-02
    -1.71629310e-01 1.23481500e+00 1.19174457e+00 -1.95172712e-01
    7.98547626e-01 -6.74939692e-01 3.24637294e-01 -7.59893060e-01
    8.32881272e-01 1.53464758e+00 1.07938242e+00 -4.59261239e-01
    4.59988296e-01 1.06667686e+00 -4.15233880e-01 -4.95171010e-01
    -3.59434456e-01 -2.16614902e-01 1.71289146e+00 -1.42782301e-01
    9.75532055e-01 1.67777824e+00 8.32611322e-01 4.69765007e-01
    -6.48806810e-01 -3.89869958e-01 -7.00519681e-01 1.61443853e+00
    1.63731468e+00 2.65920162e-01 1.61892629e+00 1.24801910e+00
    3.20775062e-01 1.32986605e+00 -2.84353465e-01 9.79910791e-01
    7.04585433e-01 1.69587445e+00 3.04471344e-01 9.80616391e-01
    5.44016734e-02 1.33646643e+00 1.26317108e+00 -5.37332833e-01
    1.80537701e-01 -2.68131606e-02 1.62998390e+00 1.18566489e+00
    -7.89714515e-01 1.39273548e+00 9.29613054e-01 3.66226971e-01
    -6.33897185e-01 8.12158346e-01 -7.14211404e-01 7.99617991e-02
    1.21778719e-01 -4.06091571e-01 6.02099657e-01 2.15167552e-02
    1.98949665e-01 1.12542367e+00 4.89812881e-01 1.73359835e+00
    1.63074863e+00 1.34745443e+00 1.62890375e+00 8.42549026e-01
    1.46448389e-01 -9.72101241e-02 1.53160381e+00 1.86942637e-01
    3.50932956e-01 8.31195652e-01 -1.17736861e-01 -2.62183189e-01
    6.94061518e-01 4.54972386e-01 1.64549875e+00 7.09983170e-01
    1.46694875e+00 -5.01840711e-01 6.97477341e-01 1.41493344e+00
    -3.34359527e-01 1.60267627e+00 -4.67397779e-01 1.43772316e+00
    8.07633519e-01 6.37399107e-02 -6.45066738e-01 2.59221226e-01
    -5.56309223e-01 8.21185350e-01 -3.75387043e-01 8.24565291e-01
    -5.46247482e-01 -6.22234941e-01 -6.89276576e-01 1.56973934e+00
    1.12578344e+00 1.19436812e+00 -1.61146328e-01 1.15844429e+00
    3.84971946e-01 -2.03463241e-01 1.67256951e-01 -3.93393219e-01
    3.36064190e-01 1.64481089e-01 1.24333346e+00 1.25026977e+00
    -5.49941599e-01 3.86885166e-01 -1.41649961e-01 8.09562802e-01
    -2.00441033e-01 7.74173081e-01 6.04845993e-02 1.31063628e+00
    3.51012260e-01 2.72614449e-01 -3.22445810e-01 -7.84706533e-01
    1.97013497e-01 8.33240926e-01 1.66200030e+00 2.49250889e-01
    6.87085807e-01 9.14573908e-01 3.64120096e-01 -3.30768138e-01
    -3.63778770e-01 1.26667511e+00 7.69498289e-01 8.10910761e-03
    8.01391542e-01 -1.22703470e-01 -8.25356767e-02 9.23396468e-01
    -7.15326250e-01 6.28345847e-01 1.41205966e+00 -1.42471746e-01
    -2.19088346e-01 5.54257870e-01 1.56344140e+00 2.68769085e-01
    1.51604903e+00 5.17423093e-01 1.01202559e+00 1.45934343e+00
    1.07897925e+00 1.00997853e+00 -1.83215126e-01 4.63654488e-01
    -1.86364785e-01 -1.97688222e-01 1.52943349e+00 -1.01388469e-01
    9.21092749e-01 1.11498010e+00 -1.61473230e-01 5.79390764e-01
    -1.47161677e-01 4.12342906e-01 -1.52069345e-01 7.81623900e-01
    4.99456823e-01 8.09214950e-01 1.67901170e+00 1.32036793e+00
    1.13625085e+00 -5.82767606e-01 -5.49033046e-01 1.14943326e+00
    -1.31689385e-01 -5.49873352e-01 1.04507184e+00 1.37942994e+00
    3.39061737e-01 -2.56970339e-02 1.59421241e+00 -6.46159530e-01
    -1.07683763e-01 1.56109321e+00 4.79411453e-01 1.47065413e+00
    1.32678139e+00 1.00066066e+00 1.19928300e+00 1.22819364e+00
    9.06360626e-01 8.40813041e-01 -2.77663082e-01 1.41829538e+00
    1.77106285e+00 -1.96415752e-01 -2.89796740e-01 -2.38403529e-01
    8.89357388e-01 1.58312297e+00 1.63100886e+00 6.74364194e-02
    7.62521207e-01 -4.19444710e-01 -1.14762254e-01 6.58967812e-03
    1.72918165e+00 9.37557101e-01 -6.54078960e-01 1.25137365e+00
    -5.57202876e-01 1.69444668e+00 4.33750123e-01 -3.71461570e-01
    -5.73208392e-01 9.41075146e-01 1.08291757e+00 5.47954261e-01
    5.49454510e-01 -6.80710554e-01 1.16584122e+00 -2.13029966e-01
    1.24184418e+00 -3.93305808e-01 -6.47364110e-02 1.28613877e+00
    -8.18405747e-01 1.49393231e-01 1.61725080e+00 9.63290393e-01
    -1.48235261e-01 2.69929469e-01 -4.08693135e-01 1.58526409e+00
    9.76344764e-01 6.01654202e-02 -6.01305544e-01 8.29933584e-01
    -3.48348647e-01 1.36823666e+00 7.57850289e-01 2.20884487e-01
    8.83257389e-01 -5.28662145e-01 -3.94424617e-01 -1.64993033e-01
    1.14158523e+00 2.71649420e-01 3.81517440e-01 8.24014783e-01
    4.93929863e-01 1.23251116e+00 -1.63643762e-01 -6.36219263e-01
    9.27826047e-01 8.29686701e-01 8.57030928e-01 5.52600145e-01
    7.69876003e-01 1.55612302e+00 1.25593454e-01 -3.83807113e-03
    1.70450008e+00 1.72801054e+00 2.82900244e-01 1.35596186e-01
    1.14794552e+00 9.14988458e-01 1.12637734e+00 9.63958979e-01
    1.23375738e+00 -7.30535910e-02 4.92731422e-01 -5.48524022e-01
    1.20655155e+00 2.22328231e-01 -7.07260847e-01 1.51708233e+00
    1.10877740e+00 1.08067393e+00 1.37508309e+00 -9.49851424e-02
    1.31884599e+00 1.47470343e+00 -6.72431290e-01 4.56188381e-01
    7.73959816e-01 4.06869113e-01 -6.59060478e-03 1.13198137e+00
    6.88663661e-01 1.61639178e+00 9.97816920e-01 6.32626772e-01
    1.68867576e+00 -1.80289701e-01 1.30296126e-01 5.41285992e-01
    4.14064139e-01 -6.34413779e-01 1.21286467e-01 3.19045693e-01
    -4.38161492e-01 -8.09084594e-01 1.17091417e+00 -6.64224803e-01
    6.82756126e-01 8.44345987e-02 9.42241132e-01 5.00263333e-01
    1.69916451e+00 1.26648343e+00 7.07144678e-01 1.63721991e+00
    6.60476029e-01 3.02563488e-01 -2.46581167e-01 -7.08077192e-01
    1.37722230e+00 6.00762844e-01 1.14370608e+00 -6.28096700e-01
    7.68965930e-02 1.25309432e+00 6.42906547e-01 1.24924421e+00
    1.14762723e+00 4.99009788e-02 1.00633180e+00 1.18191946e+00
    3.77309889e-01 1.26692080e+00 -7.31599450e-01 5.31606257e-01
    2.85955995e-01 1.61161411e+00 7.55299807e-01 1.73758364e+00
    8.41181159e-01 -3.72071087e-01 -6.73152089e-01 1.59643734e+00
    -2.65160471e-01 5.47146201e-02 -5.11107862e-01 1.25895286e+00
    8.97066653e-01 6.70415044e-01 -6.65016711e-01 8.81652892e-01
    1.63227069e+00 8.54434073e-01 -7.35708416e-01 7.37491488e-01
    1.42763782e+00 4.84216094e-01 -1.79655835e-01 5.65865040e-01
    -5.31983733e-01 1.07855487e+00 9.14479315e-01 2.66241193e-01
    5.29837668e-01 -5.62546372e-01 1.40474534e+00 -6.82603657e-01
    2.15371042e-01 6.87043607e-01 6.93752050e-01 6.92174673e-01
    7.09557414e-01 -6.22623861e-01 -4.47201014e-01 6.60570025e-01
    4.37241346e-01 -2.89199799e-01 1.58268642e+00 -2.59847313e-01
    8.41979265e-01 -3.93220663e-01 9.93320107e-01 2.01842234e-01
    8.12642813e-01 2.28163421e-01 -1.18756741e-02 9.35913920e-01
    1.54141343e+00 7.15703815e-02 6.53242052e-01 1.30143464e+00
    -6.79259181e-01 -2.37825871e-01 6.02666140e-01 -7.83305764e-01
    3.91881496e-01 -6.07857704e-01 9.86317098e-01 4.71838415e-02
    3.04909050e-01 -1.29654957e-02 2.24773899e-01 8.43817949e-01
    1.17366052e+00 -1.56558771e-02 1.56034505e+00 1.38518846e+00
    1.29554272e+00 5.50624847e-01 1.19818544e+00 -4.71232593e-01
    8.63562226e-01 -3.36431652e-01 -1.91105664e-01 4.52531397e-01
    1.70418298e+00 7.51731515e-01 4.50697869e-01 7.94671625e-02
    -5.84462285e-01 1.69484961e+00 -5.74911356e-01 1.67953253e+00
    -3.82634103e-02 -7.22417831e-01 -1.42208308e-01 1.52749908e+00
    1.58430076e+00 1.75042045e+00 -4.71067667e-01 5.24007678e-01
    -5.22942960e-01 -6.13395214e-01 5.60451686e-01 -6.78545535e-01
    -4.00039554e-01 8.51895094e-01 -9.56281200e-02 1.50227523e+00
    3.71362686e-01 7.20434606e-01 1.02020073e+00 1.31903696e+00
    -7.44666159e-01 1.21727192e+00 -4.83963132e-01 8.86830091e-02
    -6.96757913e-01 1.46010494e+00 -3.37049246e-01 1.53363729e+00
    -1.85707808e-01 8.29581022e-01 -4.34191942e-01 -1.24313654e-02
    1.76655149e+00 -2.16730714e-01 5.49483061e-01 8.63950312e-01
    -6.53343558e-01 -4.07871932e-01 1.50733829e+00 5.44356942e-01
    4.44685608e-01 6.25656903e-01 -2.50515550e-01 4.24818367e-01
    -1.36963353e-01 2.13839054e-01 3.97828251e-01 2.26802424e-01
    4.67387289e-01 8.81398916e-01 1.38775259e-01 1.25595474e+00
    1.31672609e+00 1.29360127e+00 5.96265733e-01 1.19409657e+00
    3.37287068e-01 1.33480179e+00 1.23784351e+00 4.73301381e-01
    1.46847463e+00 -4.74690869e-02 -3.66554916e-01 1.04934824e+00
    8.81960750e-01 1.68703675e+00 9.05751288e-01 3.53052199e-01
    2.93900460e-01 8.07533383e-01 2.97341794e-01 -2.38505900e-01
    1.07714629e+00 1.74847171e-01 3.53663594e-01 1.77572143e+00
    -6.41243339e-01 6.48448527e-01 9.42535579e-01 2.33359411e-01
    -4.37626839e-01 -4.59721565e-01 3.09652448e-01 1.38424888e-01
    -1.21745132e-01 9.12641525e-01 9.02259871e-02 -8.49287808e-02
    3.60064805e-01 -6.92249179e-01 -3.98992240e-01 5.27070463e-01
    1.19898427e+00 2.44211733e-01 1.70203912e+00 1.28771019e+00
    4.38549697e-01 -7.28927016e-01 1.66591167e+00 -1.53890297e-01
    1.01716661e+00 -5.40367603e-01 9.52864766e-01 -3.36874157e-01
    -9.55015868e-02 4.72205848e-01 1.05684829e+00 1.53170681e+00
    1.65836716e+00 -6.30334616e-01 1.22920501e+00 -5.15430927e-01
    1.47102618e+00 1.36857641e+00 1.18507707e+00 1.12858677e+00
    -3.75211805e-01 -4.10289735e-01 1.08723140e+00 -1.45646438e-01
    6.34536982e-01 9.53788817e-01 1.23988712e+00 -3.16843212e-01
    4.57786202e-01 -8.18442106e-01 -4.96947914e-01 1.47005200e+00
    1.09579408e+00 1.20188423e-01 5.47077000e-01 3.35922509e-01
    -3.24364722e-01 1.17842066e+00 -4.62067664e-01 2.29810625e-01
    1.88809391e-02 7.34515011e-01 4.70364451e-01 1.32518744e+00
    2.00573832e-01 6.13135636e-01 -2.89179827e-03 3.57686162e-01
    1.70501602e+00 -5.16995430e-01 -3.66792351e-01 -6.89809203e-01
    -9.68216211e-02 -3.53495628e-01 -2.45841667e-01 9.71184731e-01
    6.73410952e-01 -7.38264203e-01 7.02649772e-01 -3.41886222e-01
    6.49662435e-01 -5.61357856e-01 1.70264447e+00 3.98775429e-01
    8.02452803e-01 1.45614445e+00 1.41626549e+00 1.70913279e-01
    -7.25849092e-01 -3.94054949e-02 -6.24270737e-02 1.65783536e+00
    6.82677776e-02 1.65762722e-01 -6.79086566e-01 7.12501287e-01
    1.03151298e+00 -3.85287791e-01 1.69657362e+00 1.44099891e+00
    1.57246232e-01 -4.67668265e-01 1.30211604e+00 -1.53725490e-01
    -7.09792078e-01 1.63501275e+00 7.75803387e-01 1.31424892e+00
    1.52337146e+00 6.52190268e-01 7.64738977e-01 1.51104212e+00
    9.44633663e-01 -1.65796518e-01 1.57382703e+00 -7.07811952e-01
    1.31782937e+00 9.13270056e-01 7.97305763e-01 1.51983964e+00
    1.43426359e+00 1.61575425e+00 1.47835672e+00 1.32499790e+00
    -3.66234183e-01 2.41351604e-01 -6.06438629e-02 1.31998527e+00
    4.43053097e-01 1.33869720e+00 -2.37606063e-01 1.14587998e+00
    1.76051509e+00 -4.89463061e-01 1.31707108e+00 8.90463829e-01
    1.76109040e+00 -4.61484432e-01 -1.61181733e-01 2.00606018e-01
    -2.46985957e-01 -4.94372725e-01 2.06993222e-01 1.97107583e-01
    1.17185283e+00 -1.11459523e-01 -5.28128088e-01 -4.87461865e-01
    1.21931052e+00 1.51033497e+00 4.51679230e-01 7.77204573e-01
    9.24079299e-01 3.06846201e-01 3.09293956e-01 8.34032774e-01
    4.04442430e-01 -3.50074619e-01 6.74140304e-02 3.08093458e-01
    -6.51801705e-01 -4.76526529e-01 8.76092553e-01 -2.21946444e-02
    -5.17251253e-01 -4.93259162e-01 -6.05399847e-01 7.78894424e-01
    6.52684867e-01 -2.21945867e-01 -6.44476652e-01 -4.72609937e-01
    -3.99353325e-01 1.72624671e+00 6.20730639e-01 1.58424866e+00
    -7.78553128e-01 1.60454035e-01 1.20916009e+00 9.20587897e-01
    1.06156194e+00 -6.43745184e-01 1.03321850e+00 8.63486409e-01
    -2.86846846e-01 5.08240879e-01 9.73395348e-01 -5.68262875e-01
    7.19479620e-01 -6.25684321e-01 1.26447782e-01 3.18292081e-01
    1.42773128e+00 1.34142375e+00 1.22018480e+00 -7.26274133e-01
    6.51867032e-01 1.74185550e+00 5.18483102e-01 -3.72315943e-01
    -3.69265407e-01 4.10544902e-01 6.52694821e-01 3.26198339e-01
    1.14349866e+00 1.71378270e-01 -5.86919367e-01 5.26615977e-01
    -6.92730129e-01 -1.79521437e-03 2.41789952e-01 1.50287771e+00
    6.85426831e-01 2.19866529e-01 2.03905433e-01 3.39647867e-02
    1.74514401e+00 3.97161514e-01 -2.63440609e-01 2.90483564e-01
    9.57823038e-01 6.05986416e-01 6.24136329e-01 7.72828043e-01
    1.84561265e+00 1.84653568e+00 -3.80104214e-01 5.89383900e-01
    -6.15289271e-01 1.20396829e+00 1.15323532e+00 4.95776296e-01
    -5.56778669e-01 2.29598626e-01 6.13301694e-02 8.79580319e-01
    -7.58340597e-01 7.35985756e-01 1.65387678e+00 1.38623208e-01
    6.89058900e-01 8.49464908e-02 1.11157143e+00 4.57726896e-01
    1.75173128e+00 -7.82516375e-02 -1.44360602e-01 1.01543450e+00
    3.00154798e-02 1.69061685e+00 -2.70364374e-01 1.02275801e+00
    6.45982265e-01 -1.31544158e-01 6.66586399e-01 -7.67576918e-02
    1.67401433e+00 1.69909704e+00 8.50916862e-01 1.99531615e-01
    1.48316190e-01 1.26790488e+00 -1.41941786e-01 1.40041924e+00
    1.67120957e+00 -2.11061329e-01 1.23362768e+00 6.45127952e-01
    -4.63714242e-01 -1.34871364e-01 1.57452321e+00 1.15849626e+00
    6.29423976e-01 8.49656224e-01 -8.98696333e-02 4.76216316e-01
    1.45497453e+00 1.11561239e+00 -1.33286253e-01 -2.67124921e-01
    2.77737290e-01 -5.34790277e-01 2.70441771e-01 -8.37874040e-02
    1.45683765e+00 -9.83021110e-02 -5.43362856e-01 -1.95529565e-01
    1.26515520e+00 1.49162054e+00 1.50836539e+00 1.67282474e+00
    1.21544909e+00 -5.68442404e-01 1.53277612e+00 -2.67104149e-01
    3.86053830e-01 -7.49904633e-01 6.61915660e-01 -5.21468461e-01
    7.12028623e-01 6.63268387e-01 8.20400119e-01 1.51791289e-01
    6.10736728e-01 -7.73317665e-02 -5.86331356e-03 1.68629742e+00
    -3.26726675e-01 4.35629636e-01 1.28204191e+00 -1.36341825e-01
    -1.44117013e-01 2.44282648e-01 1.64232147e+00 1.01514351e+00
    6.39989436e-01 1.01420176e+00 2.82458037e-01 -5.56694031e-01
    1.48463631e+00 1.08195412e+00 -6.80718005e-01 1.09500349e+00
    9.74803030e-01 1.10784781e+00 7.55194485e-01 1.27892601e+00
    -3.83420914e-01 -4.84421134e-01 -4.79679525e-01 -9.60664749e-02
    3.48453015e-01 -3.05673778e-01 1.08949268e+00 1.56063068e+00
    8.26303601e-01 -5.25056899e-01 1.28342140e+00 1.93393677e-01
    -3.08263749e-01 1.24723697e+00 5.39268434e-01 -4.38690148e-02
    6.31693006e-01 1.73551440e+00 -5.80857038e-01 9.99651492e-01
    3.48704368e-01 1.48554218e+00 6.99761629e-01 -6.20116055e-01
    -2.14324072e-01 1.47809863e+00 3.15797091e-01 -3.77745569e-01
    4.90767330e-01 -4.06972617e-01 7.68016636e-01 3.48352373e-01
    3.90000045e-02 2.42010310e-01 1.10301971e+00 1.37562311e+00
    4.57289636e-01 1.41222477e+00 -5.83307922e-01 7.51416445e-01
    -3.90709080e-02 -3.52449343e-02 1.58354080e+00 1.45971620e+00
    5.58002770e-01 4.70173568e-01 -3.37688327e-01 -6.80073380e-01
    1.29185486e+00 6.82211161e-01 -3.98469210e-01 -1.95666894e-01
    -7.15843320e-01 2.68639207e-01 3.47405136e-01 1.68170106e+00
    4.94778156e-01 -7.15990186e-01 2.93880105e-01 1.80326271e+00
    1.76773524e+00 -6.13698781e-01 1.31434941e+00 2.75915973e-02
    -5.24387695e-02 1.53164828e+00 1.07764149e+00 1.19233942e+00
    1.59855545e+00 -8.78229141e-02 7.28163242e-01 9.95124876e-01
    1.56446457e+00 2.71278709e-01 -2.70227700e-01 1.38458633e+00
    1.07895207e+00 -1.02256358e-01 6.69431090e-01 7.58297682e-01
    -3.96725595e-01 5.20012558e-01 -5.76793998e-02 7.30818808e-01
    2.72762597e-01 5.47733545e-01 2.74699628e-01 5.39245248e-01
    1.72372043e+00 2.20784292e-01 1.55779064e+00 -1.33463338e-01
    -2.54837483e-01 -7.23139346e-01 -3.01575184e-01 1.56311005e-01
    1.74508488e+00 1.65902936e+00 -5.91925740e-01 1.86533988e-01
    1.05868423e+00 1.54934704e+00 7.33754039e-02 -5.06895125e-01
    -9.53623503e-02 1.56888223e+00 8.65008354e-01 -3.99328262e-01
    3.43229204e-01 1.51231158e+00 7.08943427e-01 -1.88028634e-01
    1.63807786e+00 -1.57869533e-01 -3.53628665e-01 -1.32753089e-01
    1.20644915e+00 9.53716412e-02 1.37152290e+00 5.10407090e-01
    3.71011376e-01 1.25899994e+00 -4.29390930e-02 3.34530175e-02
    4.64802444e-01 -3.88695210e-01 -4.50540930e-01 1.58139312e+00
    -1.54394820e-01 -6.50222361e-01 1.06755280e+00 4.57205981e-01
    3.04191858e-01 -5.73941171e-01 1.20185041e+00 3.97857994e-01
    1.76523077e+00 -4.33137655e-01 -3.36197942e-01 -3.40022355e-01
    -6.46741986e-01 -6.44210100e-01 -3.65585655e-01 1.53452635e+00
    5.98631322e-01 -5.40408552e-01 4.17313457e-01 -2.51525819e-01
    -1.33944184e-01 1.01055396e+00 -1.86168447e-01 -1.46245420e-01
    1.33978415e+00 2.88803071e-01 7.66450822e-01 2.02502549e-01
    -2.00500757e-01 7.01195538e-01 -4.36832309e-02 8.56382668e-01
    6.98934346e-02 1.02262688e+00 7.34489441e-01 3.02541852e-01
    1.63281512e+00 1.44042552e+00 -3.69216293e-01 1.23590335e-01
    1.30279565e+00 -3.59197646e-01 7.18315721e-01 1.71480727e+00
    1.57196724e+00 8.31215501e-01 3.75918746e-01 -3.31458539e-01
    7.80759752e-01 -1.20645680e-01 9.99072492e-01 4.61786509e-01
    1.86267412e+00 -5.67927480e-01 8.93377781e-01 -1.08907610e-01
    2.64295131e-01 8.36609781e-01 1.22618902e+00 1.28072053e-01
    1.43298459e+00 1.29152536e+00 4.14333761e-01 7.95448199e-02
    8.06167066e-01 1.70954192e+00 8.63934278e-01 1.27339900e+00
    -4.15468514e-01 1.55400825e+00 1.42982912e+00 1.25666356e+00
    6.58744037e-01 2.10295498e-01 4.26658422e-01 3.05775791e-01
    2.43109673e-01 6.20620191e-01 -7.43617594e-01 -6.68965340e-01
    1.16731238e+00 4.58424419e-01 1.02260804e+00 -4.60425109e-01
    2.18476772e-01 6.30036771e-01 1.46247792e+00 -1.64669216e-01
    8.11826825e-01 7.88488507e-01 2.87993364e-02 -4.59454745e-01
    8.12030613e-01 -4.24780935e-01 -4.82319325e-01 1.28867686e+00
    1.37756324e+00 -1.51731014e-01 1.65744364e+00 8.69074941e-01
    7.23276079e-01 1.29918706e+00 9.19115424e-01 -2.10196808e-01
    8.00076127e-01 1.39162016e+00 7.92769715e-02 1.61766112e+00
    -6.19035542e-01 5.07652044e-01 -4.53694165e-01 7.44781792e-01
    -1.50550306e-01 1.00547254e+00 1.49493861e+00 1.47077465e+00
    1.21422231e+00 1.56582212e+00 -1.08566277e-01 -6.90460801e-01
    4.92267728e-01 1.23313010e+00 -4.12980705e-01 -4.84933764e-01
    -3.19792509e-01 6.90630198e-01 8.05185854e-01 -1.32541552e-01
    5.99628389e-01 1.34908485e+00 -3.22633237e-01 -4.22337860e-01
    8.13625038e-01 -5.71540892e-01 7.25610137e-01 -4.32761647e-02
    3.72707188e-01 8.30999017e-01 5.03795147e-01 -5.08130938e-02
    1.29360836e-02 -3.45007867e-01 7.04016507e-01 1.16075122e+00
    1.66136101e-01 6.41025484e-01 -3.77530038e-01 1.42065716e+00
    -2.36107633e-01 5.56430995e-01 1.25731993e+00 -4.53900605e-01
    -3.67684513e-01 1.35530245e+00 3.77581894e-01 8.08816373e-01
    -1.99095145e-01 1.13348675e+00 -1.95342004e-01 4.73041177e-01
    5.11360407e-01 1.16187215e+00 -5.72111726e-01 1.24384582e+00
    -6.15530849e-01 1.00718486e+00 1.20345697e-01 2.40215048e-01
    -2.87463784e-01 1.58860624e+00 1.12743437e+00 1.39292979e+00
    9.96458173e-01 1.44131374e+00 4.76128161e-01 -4.86114889e-01
    5.32609344e-01 -4.82497841e-01 1.11195946e+00 7.11262643e-01
    7.51152635e-01 7.02394962e-01 1.11622667e+00 1.19549465e+00
    -1.56351745e-01 -5.65651059e-01 3.92751724e-01 -2.69184202e-01
    1.57811582e-01 1.05974412e+00 3.14112782e-01 1.54265749e+00
    -9.01429132e-02 1.67314088e+00 -1.48029402e-01 1.66377091e+00
    1.51286542e+00 -4.03917342e-01 1.50789464e+00 1.10242546e+00
    -2.80114830e-01 1.58048141e+00 -5.60212314e-01 7.38824010e-01
    1.65125060e+00 1.21328759e+00 5.88839591e-01 4.65837389e-01
    1.27224946e+00 1.55869794e+00 1.24388850e+00 -8.07212964e-02
    -6.88579381e-02 -5.93985677e-01 4.46033143e-02 3.36356163e-01
    -3.52988094e-01 4.21087295e-01 4.10191208e-01 -4.91915494e-02
    1.19857872e+00 2.43832797e-01 7.45817900e-01 1.79508543e+00
    -2.16297030e-01 3.00693572e-01 -3.53236765e-01 3.26087534e-01
    9.24484789e-01 1.55691516e+00 9.28159118e-01 -2.46871263e-01
    6.62811697e-01 5.67278445e-01 5.20251930e-01 -1.56134531e-01
    6.39304936e-01 8.72354567e-01 1.09127188e+00 -3.44715625e-01
    3.36635634e-02 -2.66919523e-01 1.25676167e+00 1.20981328e-01
    7.35907316e-01 1.13743985e+00 1.99279651e-01 1.05918264e+00
    1.08505046e+00 -6.34296894e-01 -7.12292373e-01 -5.78298382e-02
    1.31227899e+00 -4.14790869e-01 4.57305163e-01 1.12482953e+00
    1.09156445e-02 1.38798547e+00 5.36052644e-01 1.21835411e-01
    -6.10778272e-01 1.14547694e+00 1.32453561e+00 -4.78294134e-01
    1.36187100e+00 1.06946862e+00 6.95898056e-01 -1.42523468e-01
    -7.28279650e-01 1.64236021e+00 1.73880410e+00 4.24107432e-01
    1.26429379e+00 1.29116690e+00 1.67540348e+00 3.51014435e-01
    6.44059300e-01 1.54316694e-01 7.79966354e-01 2.34396055e-01
    -3.84862632e-01 3.48917484e-01 -1.19106667e-02 7.10303336e-02
    2.52867453e-02 -1.44650474e-01 4.60226327e-01 1.69618583e+00
    1.47426629e+00 2.29092523e-01 5.28558612e-01 8.87917340e-01
    2.59044081e-01 1.95458457e-01 5.78805268e-01 -5.74707031e-01
    1.25042582e+00 -1.21337943e-01 -6.91007137e-01 5.73366523e-01
    4.88407791e-01 1.51357919e-01 -3.79354954e-01 1.08315969e+00
    7.63778031e-01 3.90225112e-01 7.03041911e-01 5.51636696e-01
    -6.39392287e-02 5.10635734e-01 -5.73505640e-01 1.86120525e-01
    4.17294800e-01 9.68981504e-01 6.43687546e-01 -4.36991870e-01
    1.15539514e-01 -3.04836899e-01 1.72261357e+00 1.42110682e+00
    2.02788621e-01 -2.27121785e-01 1.32475603e+00 -6.48989439e-01
    -3.55062515e-01 7.75380611e-01 1.08321655e+00 -7.58532763e-01
    -4.17055190e-01 3.94422174e-01 8.60329092e-01 1.23352361e+00
    1.07650661e+00 3.54809612e-02 1.63404143e+00 7.70336509e-01
    1.67236492e-01 -2.26921678e-01 -3.11925679e-01 1.04945064e+00
    6.89982831e-01 2.96522498e-01 1.06699908e+00 1.59795964e+00
    4.68949199e-01 1.34876502e+00 7.41827130e-01 -5.86623967e-01
    7.47703314e-01 -3.92269015e-01 8.25829089e-01 -2.87299603e-02
    9.85429049e-01 1.43419492e+00 1.18648076e+00 3.34871262e-01
    3.45767677e-01 2.97619194e-01 5.94678223e-01 1.65012515e+00
    9.64370668e-01 -3.13069485e-02 7.25439668e-01 -1.08517446e-01
    6.59283847e-02 -3.39592159e-01 7.75969684e-01 -1.63092867e-01
    1.48661271e-01 7.23276138e-01 6.16913736e-01 -6.93684220e-01
    1.38433766e+00 5.25115490e-01 -4.24252838e-01 -8.44209176e-03
    1.94718633e-02 4.45572585e-01 1.84181914e-01 -7.00081706e-01
    -5.77682257e-01 1.79216778e+00 -2.03984976e-01 1.65241897e+00
    1.50201213e+00 1.94684908e-01 9.89636660e-01 -2.51332462e-01
    1.47184587e+00 1.45540059e+00 8.99566650e-01 1.00876927e+00
    1.24119508e+00 8.58087182e-01 -2.33134970e-01 1.32419097e+00
    5.91232300e-01 1.16322088e+00 -3.65892082e-01 1.23195618e-01
    -5.76144338e-01 1.57353568e+00 1.11342263e+00 -4.26389188e-01
    -3.59651953e-01 -6.83980703e-01 3.67399096e-01 1.31324553e+00
    1.67502058e+00 8.06345046e-01 1.30455303e+00 1.54048455e+00
    -7.24155188e-01 4.02284265e-01 1.39590287e+00 6.78677142e-01
    3.20429653e-01 1.76812951e-02 6.76537335e-01 -5.63578308e-01
    5.11804581e-01 3.28275323e-01 -2.09244102e-01 1.85781527e+00
    -2.69449770e-01 -1.18887849e-01 1.67433953e+00 6.14000440e-01
    -7.47039318e-01 5.63622177e-01 3.80609214e-01 6.81647003e-01
    4.75012660e-01 4.54511851e-01 -2.68088937e-01 1.27288866e+00
    1.74257016e+00 -5.12121975e-01 6.94855869e-01 -3.81084800e-01
    -3.09084475e-01 -5.15039384e-01 3.79470468e-01 1.72453904e+00
    -3.17947298e-01 -1.34850621e-01 5.34500837e-01 1.14049745e+00
    4.01245981e-01 -4.08149242e-01 -4.47846025e-01 -3.00284803e-01
    6.26640618e-01 1.59472227e-01 2.34200463e-01 7.57260442e-01
    1.12658167e+00 1.66348195e+00 4.81862426e-01 -4.63664681e-01
    1.66548777e+00 1.08138084e-01 6.93688333e-01 1.37145245e+00
    2.20751077e-01 1.71002015e-01 3.36397290e-01 6.46052718e-01
    5.78434110e-01 1.53910422e+00 1.65648890e+00 1.53473020e+00
    4.16090161e-01 1.06505370e+00 1.21196997e+00 -4.08457309e-01
    1.39094684e-02 -6.04674399e-01 -1.12658113e-01 1.24336255e+00
    1.36985469e+00 1.79605806e+00 -7.29678690e-01 7.98778906e-02
    8.73917222e-01 3.65760595e-01 1.30014884e+00 8.53451729e-01
    -9.00927782e-02 1.64380467e+00 2.70495564e-01 -2.96015620e-01
    1.67781544e+00 4.02163714e-01 1.29966915e+00 2.07997575e-01
    1.68891788e+00 4.28086333e-02 -5.03642142e-01 1.02114105e+00
    1.05422223e+00 -4.65799391e-01 5.01521111e-01 -2.56117254e-01
    1.71142185e+00 -1.97472777e-02 -3.53073746e-01 5.88740826e-01
    6.27971470e-01 -3.16955030e-01 -4.60542232e-01 1.46527708e+00
    -4.43442941e-01 1.34462476e+00 -1.46034556e-02 2.76222199e-01
    -4.10089940e-02 1.19971824e+00 -7.79769644e-02 1.00319850e+00
    1.31132364e-01 1.44496903e-01 1.50785649e+00 -4.60868716e-01
    1.20027244e+00 1.15475404e+00 -3.50801766e-01 1.15941739e+00
    -7.17413545e-01 5.10865450e-01 2.18464226e-01 1.23176014e+00
    -2.55409144e-02 7.07286358e-01 8.80546927e-01 -4.39338595e-01
    -1.74397022e-01 3.90772164e-01 6.80244565e-01 9.36528761e-03
    1.65068507e+00 1.18515348e+00 1.43448639e+00 3.56669039e-01
    -7.48336971e-01 -3.60628694e-01 1.63648355e+00 -2.19442666e-01
    1.60888267e+00 1.19648743e+00 6.72177732e-01 -6.77662849e-01
    1.48510790e+00 1.96624234e-01 1.25394952e+00 1.00363910e-01
    -4.32079792e-01 4.84401062e-02 -3.93252462e-01 -1.31428823e-01
    2.19891429e-01 -6.87656343e-01 1.26371279e-01 1.02212325e-01
    9.63175967e-02 -6.06088698e-01 -4.54568148e-01 4.67200756e-01
    1.33476233e+00 -3.90318006e-01 -6.78253055e-01 -3.01970094e-01
    -2.67892554e-02 -2.98514843e-01 1.48110247e+00 -5.39207868e-02
    5.07592976e-01 1.62104928e+00 1.01800466e+00 -3.68366629e-01
    1.24105322e+00 5.96133649e-01 1.35290146e+00 -1.07135721e-01
    1.20454514e+00 2.85012603e-01 3.51284713e-01 1.17110395e+00
    -2.73224991e-02 -4.53734010e-01 1.60958219e+00 -8.07432830e-02
    8.28892291e-01 1.34193540e+00 -6.05187178e-01 7.94498146e-01
    1.37375009e+00 -2.71349788e-01 1.31582603e-01 -1.72995418e-01
    -2.60226518e-01 1.19574094e+00 -2.56832272e-01 -2.27099255e-01
    3.31901520e-01 -2.58732855e-01 7.81891584e-01 -4.58054423e-01
    3.32848310e-01 1.40994847e-01 9.96498108e-01 1.57810152e+00
    -6.68512881e-01 1.42065853e-01 7.75755167e-01 -3.64725590e-01
    -5.40875122e-02 2.10500136e-01 -2.36554965e-01 1.49938250e+00
    4.84034449e-01 7.99340665e-01 1.11224735e+00 1.45417702e+00
    1.65370417e+00 -4.78401691e-01 1.53608537e+00 1.73644865e+00
    8.40910554e-01 1.60709393e+00 1.63959074e+00 7.37424314e-01
    1.28316391e+00 7.39910185e-01 8.09687614e-01 8.56687069e-01
    8.07143211e-01 1.52453041e+00 1.65060258e+00 5.79495549e-01
    8.23085070e-01 3.56452584e-01 -3.00733536e-01 9.58821103e-02
    -6.62023902e-01 8.02327812e-01 6.80529058e-01 1.16164374e+00
    -6.14628755e-02 1.26889300e+00 -5.98473907e-01 -1.06161579e-01
    1.40368962e+00 -5.23448527e-01 -4.79349732e-01 7.37118721e-01
    1.15045190e+00 -3.14974815e-01 1.10826397e+00 1.63297856e+00
    8.27385426e-01 1.15098965e+00 -1.72416925e-01 2.74137676e-01
    1.17329180e+00 9.00919914e-01 1.17687583e+00 -3.46985042e-01
    2.43459016e-01 1.66500270e+00 1.46956146e+00 4.12358880e-01
    6.87275648e-01 8.67623806e-01 7.59654760e-01 7.94308186e-01
    1.63071024e+00 -7.27934957e-01 1.29580748e+00 1.23568308e+00
    -6.86336935e-01 -6.32496417e-01 6.84856951e-01 -1.15318529e-01
    6.51656210e-01 -9.36677027e-03 7.28110135e-01 -4.35942054e-01
    1.25222516e+00 -5.43984294e-01 9.40140188e-01 5.68930626e-01
    8.93968880e-01 6.22972786e-01 5.96608400e-01 -5.47731400e-01
    1.83173025e+00 1.45363712e+00 7.94395924e-01 1.65893388e+00
    -5.65350354e-01 1.70977879e-02 8.94786060e-01 -5.73049933e-02
    1.67986846e+00 9.59395111e-01 1.61205101e+00 1.49372077e+00
    -2.07964387e-02 -7.45687773e-03 -5.53794026e-01 -7.56373167e-01
    1.43429399e+00 1.43346906e+00 8.44843611e-02 6.61959231e-01
    1.61386693e+00 -7.50574708e-01 1.54909956e+00 3.39895308e-01
    6.33447707e-01 1.47304714e+00 9.36446846e-01 2.46964440e-01
    -5.28078139e-01 3.38502496e-01 -2.63000429e-01 1.46513379e+00
    1.09274089e+00 2.43487954e-01 -1.90893695e-01 -2.74347544e-01
    1.77593863e+00 9.59227860e-01 7.02795863e-01 -5.42712271e-01
    6.28596604e-01 4.26741183e-01 -5.46772778e-01 1.46486831e+00
    4.14501697e-01 1.00792992e+00 4.95498806e-01 1.65522385e+00
    -3.55316252e-01 1.63683152e+00 1.46260178e+00 1.52233911e+00
    9.41374004e-01 6.49818182e-01 -4.05451953e-01 1.30403721e+00
    5.46168327e-01 3.06296200e-01 9.77513015e-01 8.39294910e-01
    -1.09850861e-01 1.54108119e+00 1.21894860e+00 1.54215431e+00
    1.45524061e+00 1.47261727e+00 4.34811592e-01 5.68797439e-03
    -1.00243814e-01 -4.12509173e-01 1.38782811e+00 4.36801881e-01
    8.22825134e-01 -5.35360694e-01 3.42619389e-01 2.13327482e-01
    -3.05162340e-01 1.63331771e+00 1.56673670e+00 1.36613953e+00
    1.08796932e-01 1.77506900e+00 1.61261678e+00 1.06944597e+00
    7.60296702e-01 1.20034170e+00 -3.70382488e-01 -3.01214069e-01
    -3.45175862e-01 1.23331511e+00 1.17015171e+00 -9.52428803e-02
    3.01792622e-01 -5.44141233e-01 1.07187140e+00 3.69943440e-01
    -3.69220704e-01 1.11239707e+00 6.22972369e-01 -2.65197337e-01
    -1.65003881e-01 -5.57298064e-01 1.70146430e+00 1.65946198e+00
    3.01602967e-02 1.83173031e-01 6.07369006e-01 -5.29274940e-01
    2.75476605e-01 -1.40691951e-01 -4.33750629e-01 1.44591761e+00
    1.69311047e+00 5.16970515e-01 -6.05295777e-01 9.04036939e-01
    4.83437479e-01 6.14332497e-01 -4.50146466e-01 1.64791477e+00
    6.91314757e-01 1.25183058e+00 1.63887501e+00 6.97456896e-01
    1.62660986e-01 -5.01003973e-02 5.58086634e-01 -3.92272584e-02
    1.78435504e+00 5.26688457e-01 -2.84962356e-04 -7.47044265e-01
    9.75682080e-01 1.71426192e-01 7.50163496e-01 1.70254040e+00
    3.74992192e-01 1.19922054e+00 1.10548615e+00 3.56366605e-01
    1.70293301e-02 9.71969068e-01 -4.89744246e-01 3.77494782e-01
    8.02808940e-01 -2.38683760e-01 3.95290166e-01 2.83785224e-01
    6.88119173e-01 -4.05912399e-01 3.42845917e-01 6.14962697e-01
    9.22409475e-01 -5.93661964e-01 1.08377528e+00 -4.48700488e-01
    -1.20747678e-01 1.05177474e+00 -2.79477328e-01 1.74828029e+00
    -2.36631081e-01 9.58017647e-01 8.03644955e-01 1.54840529e+00
    1.73883617e+00 1.26847669e-01 1.08498737e-01 -5.61557174e-01
    8.32643807e-01 -2.17570807e-03 1.14749110e+00 1.38620913e+00
    1.11462569e+00 4.04720426e-01 -3.34746480e-01 -6.27951249e-02
    3.82748432e-02 4.30768907e-01 -3.08132052e-01 1.02922566e-01
    -5.32772660e-01 4.62644011e-01 1.35533690e+00 1.35930002e+00
    1.22526288e+00 -7.56286502e-01 -7.96286345e-01 7.08111823e-01
    1.23725343e+00 1.66424131e+00 -4.69389200e-01 -7.26912558e-01
    1.16895534e-01 1.66242051e+00 1.11215186e+00 -5.00312388e-01
    5.47194779e-01 4.69152957e-01 1.42369792e-01 -1.27097860e-01
    1.66156983e+00 -1.42122209e-01 1.13718271e+00 1.59411526e+00
    8.50008368e-01 -3.72188002e-01 5.44750631e-01 1.37128547e-01
    -4.20013443e-02 8.29002917e-01 7.29507565e-01 1.59730405e-01
    1.78906703e+00 1.26031065e+00 8.27510953e-01 -6.83628917e-01
    1.76548171e+00 7.83977270e-01 -6.41052604e-01 1.57329106e+00
    1.26925313e+00 9.82750893e-01 -7.48404860e-01 1.17278218e+00
    6.16994798e-01 1.65296674e+00 8.47138226e-01 1.06050503e+00
    1.61253035e+00 1.52607191e+00 7.52868116e-01 -2.67214507e-01
    -5.84185794e-02 1.16438493e-01 2.45026976e-01 1.30735481e+00
    1.58511353e+00 3.02921414e-01 1.81585705e+00 2.15728688e+00
    1.47982252e+00 -7.07352042e-01 1.13946724e+00 8.32107961e-01
    1.09846675e+00 9.74614561e-01 -4.76246774e-01 1.53765261e+00
    1.40723586e+00 1.44504273e+00 9.24935222e-01 8.84577811e-01
    -1.14331365e-01 1.52878857e+00 1.42344451e+00 -7.09125221e-01
    -1.43979624e-01 -3.02538276e-01 -3.55815440e-01 -3.77553463e-01
    -4.79243875e-01 -5.64130306e-01 1.54478574e+00 -3.00759196e-01
    -4.92569879e-02 1.21004212e+00 1.73958611e+00 -6.60166442e-01
    4.40640986e-01 2.18665734e-01 4.49698806e-01 1.07443631e+00
    1.15268791e+00 5.89964211e-01 7.85785556e-01 -3.31573904e-01
    9.47485864e-01 5.15048027e-01 1.24275732e+00 7.99031496e-01
    2.82704026e-01 -8.14441442e-01 8.07042003e-01 1.01995683e+00
    1.24278343e+00 6.16377950e-01 -6.52393878e-01 1.66135764e+00
    -5.37687659e-01 9.60366786e-01 1.26204395e+00 7.99436390e-01
    7.45957136e-01 1.31346047e+00 8.52330744e-01 8.77155244e-01
    1.46994627e+00 5.37795484e-01 -6.07585430e-01 2.35680968e-01
    7.54753947e-01 5.09349883e-01 1.31321299e+00 1.68019676e+00
    1.16242433e+00 -6.02385938e-01 -1.18962087e-01 1.16751957e+00
    2.33775795e-01 1.42106056e+00 7.42613316e-01 -6.32564783e-01
    1.39884186e+00 8.01650941e-01 7.29819000e-01 -3.77070487e-01
    2.97266126e-01 -4.64986652e-01 -3.64703983e-01 4.49676335e-01
    4.04325396e-01 -7.08970726e-01 1.66487837e+00 9.91231441e-01
    7.51949489e-01 1.39607608e+00 2.46671230e-01 6.02025270e-01
    4.50193733e-01 2.44778484e-01 1.00902033e+00 -6.05088413e-01
    1.52323544e+00 5.50870895e-01 -1.02821201e-01 2.43879393e-01
    3.62825915e-02 -9.11991745e-02 1.68721890e+00 8.41893137e-01
    -1.31818652e-01 7.84173071e-01 8.71336162e-02 1.39761186e+00
    3.14957291e-01 9.74238217e-01 4.51508939e-01 1.69782364e+00
    -7.55647004e-01 -4.39550757e-01 -2.17849091e-01 -1.26133353e-01
    -3.54710519e-01 1.69183886e+00 9.83143628e-01 1.32903790e+00
    -6.90097272e-01 1.03113341e+00 8.28722715e-01 1.15835512e+00
    7.01684535e-01 2.45557263e-01 -1.21063292e-01 1.70249963e+00
    -1.35488495e-01 -4.45585847e-01 1.27084219e+00 1.73072302e+00
    8.66286039e-01 8.27554464e-01 1.67630923e+00 6.51903450e-01
    1.76813409e-01 4.54747006e-02 3.33885044e-01 7.71243274e-01
    2.28970900e-01 6.49241805e-01 -2.24740833e-01 1.13463187e+00
    1.73342967e+00 7.09090769e-01 9.15770411e-01 1.31657171e+00
    1.82362008e+00 1.26649451e+00 -4.01023626e-01 1.15219383e-02
    4.33536351e-01 -2.15496197e-02 1.48520851e+00 3.84660572e-01
    5.44533432e-01 1.02403235e+00 3.87454689e-01 9.41025198e-01
    1.50742328e+00 7.37530291e-01 -2.54441351e-01 5.05081475e-01
    -4.38760400e-01 1.75466776e+00 3.27732563e-01 -5.72148144e-01
    5.83892047e-01 9.53832686e-01 1.15574455e+00 8.46468031e-01
    -3.15724432e-01 1.47683930e+00 1.34514606e+00 1.40917838e-01
    8.26322675e-01 1.15634966e+00 -1.12191275e-01 7.00438797e-01
    4.38408315e-01 6.18707597e-01 -2.46713847e-01 -5.91912806e-01
    6.15767777e-01 -2.06702232e-01 1.61498213e+00 1.53811884e+00
    5.78897357e-01 1.46705282e+00 1.64354372e+00 5.44132650e-01
    7.84201026e-01 4.07181799e-01 1.66873622e+00 1.65003717e-01
    8.06459785e-01 1.39876568e+00 -5.89572012e-01 4.26860243e-01
    -5.78291491e-02 1.54858375e+00 7.95284212e-01 8.93298924e-01
    -4.45732355e-01 6.51480928e-02 -5.02632260e-01 -3.14330459e-01
    6.89552486e-01 -3.05921257e-01 2.33235270e-01 1.04153536e-01
    5.42813361e-01 1.34439766e+00 1.41028023e+00 3.74402374e-01
    8.96085560e-01 2.11644903e-01 2.54230052e-01 -5.46381891e-01
    -2.87305027e-01 1.30267584e+00 2.29566127e-01 1.19804132e+00
    4.93591428e-01 1.07148290e+00 -7.08307862e-01 -7.33189464e-01
    1.58715689e+00 -6.11816108e-01 3.08438808e-01 5.95543325e-01
    7.30906844e-01 5.86966395e-01 -2.49400094e-01 8.80641103e-01
    1.73246062e+00 6.84175074e-01 1.32425737e+00 1.27593541e+00
    1.33993018e+00 1.18349934e+00 -5.22846818e-01 2.81356603e-01
    1.03919797e-01 -7.32284963e-01 -5.40783584e-01 6.22638226e-01
    1.44406545e+00 7.22556859e-02 2.73208380e-01 1.47914898e+00
    1.62791705e+00 -3.17326486e-01 8.93954277e-01 2.28574917e-01
    1.37953269e+00 4.97157782e-01 -5.18979549e-01 1.83595049e+00
    -2.78198659e-01 -5.43939248e-02 4.09699619e-01 1.63027966e+00
    1.08430803e+00 2.85134286e-01 1.38710725e+00 1.57730103e+00
    -2.29581654e-01 1.34576142e+00 -7.15732127e-02 -3.84311050e-01
    -1.48909926e-01 6.29730701e-01 -1.65724784e-01 1.59265900e+00
    -6.66842759e-01 1.28972042e+00 1.26786864e+00 7.36301914e-02
    1.64454842e+00 -3.21596503e-01 -6.08924627e-01 -2.81835347e-01
    4.05778550e-02 3.74087095e-01 1.28201261e-01 4.20578271e-02
    2.94426501e-01 -3.85405481e-01 -3.39041263e-01 -7.66666055e-01
    1.69397429e-01 -3.33561897e-01 1.78629494e+00 -3.82570565e-01
    -7.97009110e-01 4.72000867e-01 -2.24180855e-02 -7.93366954e-02
    1.51548636e+00 6.91205204e-01 8.97314191e-01 1.01776235e-01
    6.71813011e-01 -5.60980797e-01 1.68289292e+00 -2.56225139e-01
    6.87203228e-01 9.23008099e-02 5.58082163e-01 1.76511064e-01
    1.34637332e+00 -4.36449200e-01 -1.95839778e-01 -5.45579612e-01
    1.62975705e+00 8.18426669e-01 -4.24371034e-01 -2.44328067e-01
    1.46085870e+00 4.39074427e-01 1.06226540e+00 2.85441875e-01
    -3.42246324e-01 -4.43175882e-02 -5.72863638e-01 -1.90987736e-01
    9.76528704e-01 8.49604666e-01 5.19021451e-01 -2.25844264e-01
    -5.60597062e-01 -6.65260911e-01 3.21672201e-01 6.84360743e-01
    9.82834101e-01 9.35514033e-01 -1.61818385e-01 6.54796720e-01
    -2.36362427e-01 1.09473586e+00 1.00334609e+00 -1.92211866e-01
    1.15457511e+00 8.56284916e-01 3.72508436e-01 1.41469276e+00
    -4.26307529e-01 2.77523339e-01 1.37041140e+00 -4.24421638e-01
    5.46473145e-01 -5.32399237e-01 -6.22674227e-01 1.48085999e+00
    6.04279712e-02 -3.25970203e-01 3.87127519e-01 2.67437577e-01
    -2.90333092e-01 2.52958477e-01 -1.41396999e-01 1.30464745e+00
    -3.02781165e-01 8.59625161e-01 3.73385340e-01 1.40143919e+00
    -1.89869359e-01 7.11082160e-01 6.97723150e-01 -1.11966759e-01
    9.12455171e-02 1.22000885e+00 -1.95786536e-01 6.52697086e-01
    -2.64203697e-02 -2.28654966e-01 1.71552718e+00 1.42866600e+00
    9.23971057e-01 2.99802780e-01 6.46585822e-02 5.48623562e-01
    -1.40771493e-02 5.73673606e-01 1.25851035e-01 -1.73964381e-01
    3.49847227e-01 1.77695251e+00 6.72311604e-01 1.47437898e-03
    1.47176862e+00 -5.27711511e-01 4.15735841e-01 -1.73034258e-02
    9.28527772e-01 6.97730303e-01 -4.59808782e-02 1.12424719e+00
    1.13478713e-01 1.30042136e+00 -3.97187263e-01 1.67350292e+00
    1.71448469e+00 -6.39443398e-01 1.84531927e+00 1.25545526e+00
    -5.46345711e-01 1.50288731e-01 1.21008288e-02 -4.58220869e-01
    -7.10600197e-01 -9.44775566e-02 -7.06275582e-01 6.85677305e-02
    -3.62116873e-01 4.00459737e-01 1.64507973e+00 1.28847563e+00
    5.72389126e-01 3.15378487e-01 2.33277380e-01 -2.20973864e-01
    3.87385309e-01 1.59233555e-01 1.11382224e-01 3.53557199e-01
    1.75035107e+00 3.14737554e-03 6.12880349e-01 6.40407026e-01
    -4.22614664e-01 7.96925128e-01 -1.60952359e-01 1.48025632e+00
    -3.67622487e-02 6.62373891e-03 5.40688515e-01 -1.18421011e-01
    1.55216551e+00 4.86854494e-01 -1.30279195e-02 -2.18438491e-01
    -3.47525358e-01 1.58995950e+00 1.11210406e+00 -4.16665435e-01
    -8.60034525e-01 1.40456188e+00 5.80224574e-01 -4.30789828e-01
    1.58615589e+00 -3.15753698e-01 1.50203753e+00 -6.74267173e-01
    1.02712536e+00 1.35781932e+00 1.44044280e+00 -5.67821264e-01
    -7.67735898e-01 2.70547271e-01 8.72723222e-01 -5.26081622e-01
    4.92358655e-01 1.25495172e+00 -6.81708872e-01 -1.18625432e-01
    6.01548612e-01 -4.60480064e-01 1.59218752e+00 -5.37461042e-01
    6.60229385e-01 8.32048714e-01 -3.53534400e-01 -1.16852917e-01
    -3.94632846e-01 3.54293108e-01 6.54100358e-01 -1.39252827e-01
    5.64029627e-02 9.69590664e-01 5.60057998e-01 -1.25704020e-01
    1.66768444e+00 6.12246454e-01 -3.31044525e-01 3.94603908e-01
    -3.60908777e-01 1.03148890e+00 -6.31539077e-02 1.05499968e-01
    4.28983271e-02 -5.92016399e-01 -3.00102383e-01 6.85665846e-01
    -6.95320547e-01 9.94791627e-01 1.24359846e+00 8.40066671e-02
    5.22292733e-01 -4.77479190e-01 9.23825920e-01 -1.15648285e-01
    -1.72503650e-01 9.49349940e-01 -2.59027928e-01 -4.54074591e-01
    1.01703942e+00 -2.22892553e-01 1.48521757e+00 -2.13200480e-01
    -2.71772653e-01 5.50931513e-01 1.22859061e+00 1.81784344e+00
    -5.83973885e-01 -2.55058318e-01 1.57388604e+00 8.39118063e-01
    1.42777753e+00 4.84213382e-01 -8.97065818e-01 1.12323296e+00
    -3.61619085e-01 5.22026956e-01 1.10325539e+00 1.00408638e+00
    1.36621058e+00 4.18054163e-01 1.05257057e-01 1.08935952e+00
    4.78861690e-01 1.14633393e+00 5.41603088e-01 -6.11516953e-01
    -1.92814723e-01 -1.20207645e-01 -6.33709967e-01 -2.44316414e-01
    7.93982327e-01 -6.98049963e-01 9.22524869e-01 3.48912776e-01
    6.76013768e-01 9.77735281e-01 1.46635127e+00 1.65732002e+00
    -3.78695220e-01 -5.37145495e-01 -4.28210914e-01 1.25944033e-01
    -2.94336915e-01 1.06128585e+00 1.60215273e-01 6.51392937e-01
    1.50303233e+00 1.47390679e-01 7.34625340e-01 2.37941697e-01
    8.66456330e-01 -5.63133597e-01 3.18161815e-01 3.83976072e-01
    1.50549650e+00 1.31702614e+00 1.13402116e+00 7.82638490e-01
    2.50301003e-01 1.42881954e+00 5.13919830e-01 1.57619607e+00
    1.13409936e+00 -4.54899490e-01 1.05112934e+00 1.33747363e+00
    1.64870942e+00 -5.62855542e-01 -3.26186717e-01 9.45865989e-01
    -4.11964983e-01 1.22711658e+00 -3.90647560e-01 8.44538927e-01
    4.52168733e-01 -4.61843699e-01 1.50109366e-01 -2.21211091e-01
    -2.49544382e-01 2.74688810e-01 -5.47863618e-02 1.60958743e+00
    1.26571286e+00 1.17495227e+00 1.61895013e+00 1.20128918e+00
    2.95230865e-01 -3.69049579e-01 1.74444109e-01 1.72800446e+00
    5.70489943e-01 1.09699655e+00 -5.07787645e-01 1.18166924e+00
    1.72506583e+00 2.05442816e-01 -2.52051443e-01 3.63556117e-01
    -4.29627925e-01 3.21818084e-01 -6.98408544e-01 7.90281236e-01
    1.40590596e+00 9.89399433e-01 -5.38382232e-01 1.01117182e+00
    -3.29585880e-01 1.31124377e+00 1.75989047e-01 -4.13003832e-01
    6.57375276e-01 3.87024060e-02 1.08475590e+00 1.32608998e+00
    -2.69847333e-01 1.81138229e+00 1.41576260e-01 7.41878927e-01
    1.87857831e+00 -5.79815984e-01 8.38266790e-01 1.66237795e+00
    -7.53276706e-01 7.93254614e-01 2.10803717e-01 -4.63999569e-01
    1.01700795e+00 9.15029526e-01 -2.52601355e-01 1.38407981e+00
    1.16294158e+00 3.91000420e-01 9.00116384e-01 -5.18955067e-02
    1.29162121e+00 3.97484034e-01 -2.69658595e-01 8.90370548e-01
    1.03680718e+00 -3.82490009e-01 1.64057624e+00 7.03926086e-01
    2.21255422e-01 -4.93704807e-03 -6.74255073e-01 2.61989713e-01
    1.69692606e-01 -3.57495338e-01 -7.42106915e-01 4.09173667e-01
    3.60164315e-01 6.04909122e-01 1.05050170e+00 8.46743941e-01
    1.44236708e+00 1.38731587e+00 -4.36775595e-01 7.60034859e-01
    -2.53766268e-01 -4.96958524e-01 1.26150012e+00 1.08259737e+00
    -7.27151871e-01 1.23170817e+00 1.28579104e+00 1.42682576e+00
    1.28267837e+00 7.74554610e-02 1.11059201e+00 5.82002282e-01
    8.32004011e-01 1.71475708e+00 3.44191581e-01 9.65443611e-01
    -2.22276911e-01 7.98961148e-02 -6.16346419e-01 1.41814423e+00
    1.21898353e+00 -3.76190454e-01 -4.52989161e-01 4.69881296e-01
    1.77707660e+00 -8.68219063e-02 1.53416502e+00 -1.99535638e-01
    3.86786908e-01 8.38133574e-01 6.74289882e-01 6.17274821e-01
    1.18471324e+00 5.73953748e-01 1.58414924e+00 1.51472938e+00
    7.12247014e-01 -9.52414889e-03 4.09719050e-01 1.69361281e+00
    1.65964437e+00 -3.91617477e-01 6.99613512e-01 1.15571284e+00
    3.27454656e-01 9.88880098e-01 1.52414703e+00 2.68487155e-01
    1.17689502e+00 3.30386758e-01 3.83657068e-01 1.43931627e+00
    8.50450397e-01 1.10323763e+00 4.61593062e-01 -2.77659684e-01
    2.06913352e-01 1.74139035e+00 2.31879517e-01 4.39408958e-01
    -4.93164599e-01 1.12400091e+00 1.33684635e+00 9.18811083e-01
    8.64459813e-01 -2.20487475e-01 -2.46777579e-01 -2.84746230e-01
    6.14585102e-01 8.52549195e-01 1.32783103e+00 1.63976538e+00
    -2.50606924e-01 1.26627564e+00 8.06423903e-01 1.58919036e-01
    8.65279496e-01 4.05802935e-01 1.00246990e+00 3.61613929e-03
    6.00183904e-01 1.75953377e-02 1.24133192e-01 8.89841437e-01
    6.50973320e-01 4.82005388e-01 1.74254739e+00 -5.10724008e-01
    -2.99341321e-01 1.62077677e+00 4.96064126e-01 8.03082108e-01
    2.86584228e-01 1.63675952e+00 1.34014595e+00 1.11130893e+00
    8.16382170e-02 1.47123849e+00 -2.75927871e-01 1.63490248e+00
    -1.14812903e-01 7.65178740e-01 1.31539488e+00 2.49155283e-01
    5.65785885e-01 1.28890061e+00 1.70716703e+00 8.42830241e-01
    4.97913510e-01 -7.85799980e-01 1.23581767e-01 4.85227764e-01
    1.36500525e+00 1.26915097e+00 9.05322790e-01 1.35232723e+00
    9.66437638e-01 1.47949934e+00 -2.17993081e-01 -6.33156478e-01
    9.56028700e-01 1.29102051e+00 -6.44608319e-01 1.05302715e+00
    9.45989668e-01 1.66940451e+00 8.03938985e-01 2.72260338e-01
    1.50168538e+00 -4.50713873e-01 8.34778547e-01 -2.53255606e-01
    1.80614269e+00 1.30864453e+00 -6.73193395e-01 -1.26509935e-01
    1.20934713e+00 1.30549347e+00 7.02754319e-01 6.45169556e-01
    -2.09702994e-03 -5.63156784e-01 1.03838837e+00 1.67088377e+00
    1.23083210e+00 -5.24429858e-01 -4.12547216e-02 3.82905155e-01
    5.50922990e-01 8.98859262e-01 6.55288577e-01 7.95098186e-01
    2.40360960e-01 -3.89069468e-01 1.26168847e+00 1.51739144e+00
    -5.85100293e-01 4.58516628e-01 -3.70826215e-01 3.58595937e-01
    -3.93021315e-01 -1.26796663e-01 3.95147622e-01 1.59500945e+00
    1.32613039e+00 -9.24519300e-02 -2.90309757e-01 1.23894536e+00
    -1.88402608e-01 1.29908949e-01 -4.30707723e-01 -6.26322091e-01
    1.86169541e+00 7.30320215e-01 -4.40782011e-01 1.15336156e+00
    1.57399964e+00 1.36749673e+00 -6.06968820e-01 9.99896288e-01
    -7.03926027e-01 -3.45659703e-01 8.14132750e-01 1.16772854e+00
    3.42192233e-01 1.01118100e+00 -1.75226033e-02 4.92325038e-01
    4.80656981e-01 5.49543023e-01 9.90900695e-02 1.05340219e+00
    5.60103714e-01 1.00328362e+00 1.04848778e+00 1.78157556e+00
    -6.70835018e-01 7.51026273e-01 1.92093149e-01 8.37544799e-01
    4.72486056e-02 1.42212287e-01 4.44329754e-02 1.12220728e+00
    -4.80181336e-01 -3.95322561e-01 9.45005000e-01 2.86401331e-01
    -7.70671427e-01 1.22305417e+00 1.58858776e+00 1.29096842e+00
    -9.14912894e-02 1.72312713e+00 1.54242361e+00 -4.51992989e-01
    4.98544186e-01 1.60878611e+00 -2.53362069e-03 7.75766730e-01
    1.34543526e+00 -5.02485558e-02 1.64399815e+00 1.41593802e+00
    -7.21941531e-01 -5.51219583e-01 1.08075786e+00 4.69307989e-01
    7.06867814e-01 -1.17582098e-01 -3.77116561e-01 -6.22160017e-01
    1.72504461e+00 -7.57080793e-01 3.31342340e-01 1.59055769e+00
    -5.93804717e-01 -6.19796395e-01 1.58219862e+00 6.78344071e-01
    3.61013055e-01 1.12514091e+00 6.94203734e-01 4.97626662e-01
    -2.95398921e-01 1.59676266e+00 9.53624308e-01 -7.81591237e-01
    -4.83720273e-01 -1.45644322e-01 -5.48103094e-01 -7.15616763e-01
    -1.99282438e-01 -5.49576938e-01 5.86836040e-01 -6.36991143e-01
    -3.62941101e-02 1.74019146e+00 9.58284914e-01 6.52887821e-01
    -8.68281052e-02 8.84411693e-01 1.25056183e+00 -4.99072075e-01
    4.81273830e-02 1.65926278e-01 8.34329188e-01 7.41311014e-01
    2.07939386e-01 1.70215213e+00 1.09063125e+00 1.38196576e+00
    9.14582610e-01 -4.28685367e-01 1.03700900e+00 -3.77819806e-01
    1.04442167e+00 1.40739441e+00 1.34342360e+00 -4.86067444e-01
    8.55450034e-01 -3.54618728e-01 7.40488946e-01 3.06002736e-01
    1.69935524e+00 7.38821030e-01 2.35513542e-02 7.26988316e-01
    1.34925675e+00 -2.78581142e-01 -6.84081137e-01 3.25914323e-01
    -7.64807165e-01 9.08850692e-03 1.34079134e+00 1.64731479e+00
    -2.78961807e-01 6.81958556e-01 7.25492060e-01 9.11250472e-01
    1.03906000e+00 7.52195954e-01 -6.73205376e-01 2.68318892e-01
    2.33357251e-01 1.80282569e+00 1.27225077e+00 1.03621626e+00
    -3.91720742e-01 -6.10039234e-01 5.85845470e-01 -4.21698838e-02
    -2.54259169e-01 1.59984457e+00 9.58563030e-01 4.38928396e-01
    1.15078759e+00 -6.70710206e-02 2.88700193e-01 1.66532111e+00
    1.24427164e+00 -3.74236882e-01 1.44882238e+00 6.71173692e-01
    1.06599391e+00 7.91784585e-01 3.57267857e-01 1.54078591e+00
    1.04225779e+00 -3.60114574e-02 1.70066488e+00 1.41221380e+00
    1.38522372e-01 5.28703094e-01 -6.06748521e-01 -3.46455052e-02
    1.14722848e+00 3.49600822e-01 1.66215980e+00 1.25632203e+00
    8.17504883e-01 3.68427813e-01 -4.13909644e-01 1.38526618e+00
    -1.83343306e-01 1.40081549e+00 8.85217190e-01 1.42442369e+00
    1.13115537e+00 -5.34018934e-01 -3.30446303e-01 1.71992922e+00
    8.68614376e-01 -1.94490343e-01 1.35082448e+00 1.41045904e+00
    -2.29355291e-01 -4.47171569e-01 1.85936809e-01 2.09306073e+00
    -5.72716594e-01 -2.44940877e-01 -7.10586384e-02 9.70270410e-02
    6.94793284e-01 1.64559746e+00 -2.30778214e-02 7.30199933e-01
    1.23751867e+00 9.31025505e-01 1.35044611e+00 1.45451653e+00
    -4.02587324e-01 -2.71827877e-01 -6.66947007e-01 1.13261306e+00
    1.05871451e+00 -4.64814037e-01 9.47715759e-01 9.18107450e-01
    1.50083745e+00 1.48094165e+00 1.19118226e+00 3.40505153e-01
    1.38648283e+00 2.35506445e-01 -5.93165278e-01 3.71255636e-01
    7.10239470e-01 1.52660835e+00 -4.71421301e-01 -2.52523161e-02
    1.32922530e+00 1.27801168e+00 1.01661265e+00 6.13729477e-01
    7.12456107e-01 -4.03645664e-01 1.51937282e+00 8.68881524e-01
    -6.03288352e-01 -6.51158392e-01 1.39314628e+00 -5.10367811e-01
    9.16116655e-01 1.27718937e+00 -6.46009445e-01 2.52231538e-01
    6.34634197e-01 -5.82834840e-01 8.72672424e-02 -4.53819096e-01
    -5.37594706e-02 4.38125283e-01 -1.89667732e-01 -2.51033474e-02
    9.12400365e-01 1.58534408e+00 -2.03547299e-01 1.25774300e+00
    -6.25971258e-02 1.76666236e+00 1.56481326e+00 6.94307983e-01
    8.29454601e-01 8.90777528e-01 -2.69177824e-01 1.55043387e+00
    1.05115461e+00 1.23079121e+00 8.61748040e-01 2.33065769e-01
    -2.11658671e-01 -2.77243048e-01 -6.13258421e-01 1.76545203e+00
    -1.28983974e-01 -1.40761644e-01 6.57979906e-01 1.26264119e+00
    1.32512796e+00 -5.22240281e-01 1.63026464e+00 4.87587720e-01
    -2.63880312e-01 7.08589911e-01 -3.10029596e-01 8.06805849e-01
    4.96061683e-01 2.45315626e-01 1.38223350e+00 6.24531388e-01
    -6.66099727e-01 3.55531931e-01 8.01756680e-01 7.09097564e-01
    1.43912816e+00 6.56806290e-01 3.58585864e-01 -1.88150674e-01
    -5.37510991e-01 -3.04718524e-01 5.77861965e-01 -4.33586746e-01
    7.99441576e-01 1.33833468e+00 -8.12130511e-01 1.56722033e+00
    1.07966578e+00 7.67919410e-04 -7.48639107e-01 -6.16254091e-01
    -1.32988051e-01 -1.25974685e-01 2.71575511e-01 6.97662950e-01
    1.21694362e+00 1.31549847e+00 5.10789037e-01 2.32083768e-01
    6.36285126e-01 -4.27616030e-01 -5.90373337e-01 1.37700057e+00
    4.70322847e-01 1.70402384e+00 5.98144829e-02 -1.78043157e-01
    2.87691861e-01 1.40251589e+00 -2.70805389e-01 -4.18427289e-01
    -4.15584862e-01 -7.20891595e-01 8.97886276e-01 -7.30179846e-01
    1.45199871e+00 1.32427824e+00 1.31258214e+00 -6.81382656e-01
    1.21110606e+00 -3.94349396e-01 3.25449765e-01 1.08280671e+00
    5.74401021e-01 1.74020839e+00 -6.14582479e-01 8.63015234e-01
    3.94095987e-01 5.54831624e-01 1.34580806e-01 2.62817115e-01
    1.59980452e+00 8.85872781e-01 -9.28015262e-02 1.78287554e+00
    -7.11055100e-03 4.42633390e-01 -7.21673369e-01 -2.62581021e-01
    5.66505969e-01 -5.31009197e-01 1.44339395e+00 -5.42758465e-01
    1.69955838e+00 -5.40603921e-02 4.40996438e-01 -4.29312348e-01
    2.71645278e-01 -5.85830696e-02 -3.17836255e-01 4.32133436e-01
    8.36028039e-01 -6.60418689e-01 1.24418163e+00 4.65690106e-01
    -5.20121098e-01 1.05468488e+00 -5.74666977e-01 2.15697378e-01
    -2.04123303e-01 4.15696084e-01 -4.75735605e-01 -4.15864050e-01
    8.13406646e-01 -6.95688844e-01 7.78894067e-01 1.41379833e+00
    1.03425324e+00 8.40351544e-03 -4.02549237e-01 1.55987954e+00
    1.26183629e-01 -2.76683062e-01 7.38087744e-02 9.82231796e-01
    8.44758898e-02 1.25086188e+00 9.10132170e-01 3.19335729e-01
    9.14165318e-01 -4.80402768e-01 -3.48846138e-01 -3.98177374e-03
    1.44376314e+00 -4.87913340e-02 4.51410145e-01 1.30582333e+00
    1.46081984e+00 -2.44316272e-02 1.63882431e-02 1.67774439e+00
    -6.43660426e-01 8.19793701e-01 1.47677875e+00 1.34161413e+00
    2.24594712e-01 -5.11830449e-01 -1.04021830e-02 1.16382992e+00
    7.75373399e-01 -3.28791887e-01 4.99060452e-01 8.38007405e-02
    -5.36008716e-01 -1.11462697e-01 -7.86816418e-01 -5.97641289e-01
    4.66432780e-01 1.53226626e+00 1.37034988e+00 -3.28734159e-01
    1.19532025e+00 5.78013301e-01 3.76641273e-01 -6.68832779e-01
    -4.14628088e-01 -3.54242891e-01 1.69025493e+00 1.37166190e+00
    -2.53261536e-01 -1.77624077e-01 6.88307166e-01 3.24719697e-01
    1.05654621e+00 1.37569696e-01 3.21169555e-01 1.25889337e+00
    -5.80002725e-01 1.05843699e+00 -5.91304421e-01 -4.69433010e-01
    -4.28782642e-01 2.63465434e-01 1.10850549e+00 1.95170999e+00
    9.30747092e-02 1.38737047e+00 -1.85890168e-01 7.52222598e-01
    -1.91542998e-01 6.58674300e-01 -5.82151830e-01 -2.14952245e-01
    1.47925985e+00 1.14817202e+00 -5.23348689e-01 1.24366879e+00
    -2.09023133e-01 2.49217123e-01 2.27524742e-01 9.22030330e-01
    1.56798470e+00 1.43723801e-01 -6.74758673e-01 1.13707352e+00
    6.38634086e-01 5.08960128e-01 1.23674847e-01 1.31139553e+00
    1.53204048e+00 -1.08522968e-02 1.52490389e+00 1.14102319e-01
    -1.53535560e-01 -4.96260598e-02 -1.17883891e-01 1.41949141e+00
    1.58719790e+00 4.16607946e-01 4.02675360e-01 1.71291515e-01
    -3.48992676e-01 1.30890477e+00 6.25131905e-01 -7.42945611e-01
    -1.04137406e-01 -2.40732536e-01 6.27939105e-01 7.83162296e-01
    1.05650485e+00 1.38484144e+00 1.16046810e+00 7.81473100e-01
    4.70230073e-01 -6.88133687e-02 1.21032178e+00 -1.74784377e-01
    -3.92057091e-01 5.38718402e-01 -6.37449324e-01 1.52780044e+00
    1.37448132e+00 1.00646996e+00 1.35354745e+00 7.31554210e-01
    8.36605787e-01 -5.39320588e-01 -1.10757843e-01 -5.12082279e-01
    1.78304875e+00 1.46805513e+00 -5.18399179e-01 1.10663474e-02
    9.00499523e-02 5.39142966e-01 1.95812974e-02 1.67179179e+00
    -6.77540421e-01 1.13273501e+00 6.46864295e-01 3.03250283e-01
    1.37484598e+00 -7.76434064e-01 -4.46716338e-01 -8.18701625e-01
    -6.58088207e-01 7.69495606e-01 1.65782166e+00 -6.63100362e-01
    -1.37831882e-01 -3.20247531e-01 2.84074813e-01 -6.70650125e-01
    1.22701156e+00 -2.82794893e-01 1.04456151e+00 1.08839130e+00
    1.18371999e+00 1.31633747e+00 -8.21805477e-01 1.69992578e+00
    1.59721053e+00 5.61769485e-01 -1.21259116e-01 -3.48721504e-01
    1.26730835e+00 8.53060246e-01 1.71112323e+00 1.03561187e+00
    -5.74373066e-01 1.30821037e+00 1.62846625e+00 5.13638556e-02
    1.52840590e+00 -5.35685301e-01 -2.82406867e-01 -5.20538568e-01
    1.37942493e-01 -2.19361454e-01 3.07954311e-01 1.61623657e-01
    1.59170389e+00 6.26377821e-01 -3.05451393e-01 1.62045464e-01
    2.84133991e-03 -2.04158694e-01 -4.79808956e-01 8.18594456e-01
    1.07205784e+00 -7.42415726e-01 1.28596306e+00 8.12736750e-01
    7.59279728e-01 3.88184637e-01 1.10658753e+00 -7.58821130e-01
    1.06510222e+00 1.67733502e+00 1.45471156e+00 8.02021146e-01
    9.79943335e-01 6.27341270e-01 3.89724314e-01 1.19214749e+00
    2.36406960e-02 -3.35297212e-02 1.48053598e+00 4.16179240e-01
    6.06675744e-01 1.26990974e+00 1.03497781e-01 5.32330453e-01
    1.37402475e+00 1.65606290e-01 1.49996841e+00 1.04347594e-01
    1.39138043e+00 1.18147981e+00 1.67163968e+00 -6.74202383e-01
    1.31646824e+00 -6.63825750e-01 1.43968034e+00 1.62689522e-01
    -3.96981210e-01 9.69766974e-02 1.10018325e+00 -4.99592245e-01
    3.29776555e-01 9.15548742e-01 -4.53963965e-01 -2.29562476e-01
    6.39347494e-01 2.72947043e-01 1.46543038e+00 5.19953847e-01
    -1.93804264e-01 1.09255016e+00 1.08954787e+00 4.33539957e-01
    3.52729000e-02 -5.46496391e-01 1.84687003e-01 1.55905950e+00
    -3.75149906e-01 1.77933431e+00 -6.10241629e-02 1.11301577e+00
    9.44076836e-01 -5.95300831e-02 8.07191908e-01 1.23152053e+00
    1.00214994e+00 -3.26087952e-01 1.39878535e+00 1.43633354e+00
    -7.93534160e-01 7.00717449e-01 -6.88274682e-01 4.59467322e-02
    3.98302853e-01 3.71117055e-01 2.38643408e-01 -3.73437315e-01
    1.34873962e+00 4.19801138e-02 1.78941560e+00 4.60520893e-01
    8.86092842e-01 -3.37794244e-01 -3.40941161e-01 7.37735271e-01
    3.10349055e-02 8.84440064e-01 -1.61316618e-01 -2.25548819e-01
    6.31155729e-01 -1.62829459e-03 3.44178021e-01 7.80339003e-01
    5.07153094e-01 -4.40237582e-01 -4.44253534e-02 1.53580868e+00
    9.76236582e-01 -1.40022546e-01 1.36432731e+00 5.12969553e-01
    1.14043164e+00 1.43818045e+00 -3.24874908e-01 -1.72498628e-01
    1.57267392e+00 1.27446139e+00 -5.25109828e-01 4.71133024e-01
    -4.12457138e-01 -5.72735488e-01 1.46388447e+00 5.03773570e-01
    -7.08773434e-01 -4.27401602e-01 -7.22607851e-01 1.56375277e+00
    1.37935936e+00 5.68521380e-01 -7.42713869e-01 4.16728854e-01
    -6.85938150e-02 9.31751430e-01 3.28871727e-01 9.80221927e-02
    1.56097984e+00 1.23608160e+00 -3.32044423e-01 5.09613514e-01
    1.35253561e+00 -1.92412809e-01 1.08093452e+00 2.54991150e+00
    -3.86271596e-01 1.22183692e+00 -6.84516728e-01 -4.20364559e-01
    6.95391774e-01 -1.87265083e-01 4.14758831e-01 1.62143278e+00
    2.94385463e-01 -5.50925314e-01 1.06239200e+00 3.39265198e-01
    4.67439711e-01 1.94400564e-01 1.97392792e-01 -6.03017926e-01
    1.37462592e+00 7.95095921e-01 8.38432431e-01 1.15890884e+00
    1.02483165e+00 4.40512709e-02 1.51790345e+00 9.55011606e-01
    2.27225900e-01 1.26767397e+00 5.28132737e-01 5.33891201e-01
    1.54936659e+00 -3.36970389e-02 -3.88563126e-01 -7.45501518e-01
    4.29917455e-01 -2.08333284e-01 5.44526517e-01 1.54691243e+00
    -6.48700297e-01 1.00557876e+00 1.70569909e+00 -5.57374418e-01
    -3.66576374e-01 1.01076519e+00 4.91083860e-01 1.74543297e+00
    -6.97420239e-01 7.43932903e-01 1.72903168e+00 -2.01853082e-01
    9.01542604e-02 1.38160717e+00 9.85789239e-01 5.78722395e-02
    7.25785375e-01 -3.78153682e-01 -3.73195320e-01 4.75489765e-01
    1.78404069e+00 -6.88809216e-01 -5.15482008e-01 -5.69085538e-01
    -3.96025509e-01 1.12046564e+00 -3.14098597e-01 -2.11980522e-01
    1.23731840e+00 5.07136583e-01 1.65550661e+00 -7.87866041e-02
    1.22505283e+00 -4.72376317e-01 2.72216678e-01 -2.98566312e-01
    -6.99324787e-01 1.36375451e+00 1.79558265e+00 -3.10767978e-01
    -1.86452031e-01 -4.01216447e-01 1.32771778e+00 1.56795216e+00
    1.26320827e+00 7.27663338e-01 1.02819574e+00 1.36252010e+00
    -4.77186203e-01 9.76661444e-01 5.92276275e-01 -6.94008470e-01
    8.51342976e-01 -6.90601468e-02 -1.13960169e-01 1.32060659e+00
    8.07935894e-01 1.26265466e+00 2.49781400e-01 7.64746487e-01
    -4.45918441e-01 5.84551692e-01 5.89474380e-01 -5.65077484e-01
    3.82035486e-02 -1.32603362e-01 -4.31142524e-02 8.62827837e-01
    1.68035281e+00 2.25950718e-01 9.17695224e-01 7.84353077e-01
    1.18661977e-01 6.94074512e-01 6.26798272e-01 1.24385881e+00
    -6.18908256e-02 2.84733269e-02 1.17730236e+00 1.79649222e+00
    -6.38251781e-01 9.00780261e-02 1.20659828e+00 -4.26315606e-01
    6.18837833e-01 -3.44672531e-01 1.14061093e+00 9.11386788e-01
    1.06372440e+00 7.75168478e-01 -2.50267982e-01 3.20973963e-01
    -6.85619116e-01 -6.78237617e-01 -2.20989823e-01 1.47164106e+00
    1.70683658e+00 1.45898771e+00 8.06788623e-01 4.94454727e-02
    -1.65449366e-01 1.40674841e+00 1.31063914e+00 1.40601921e+00
    1.19738734e+00 1.30338299e+00 1.03767776e+00 1.63296199e+00
    1.69611228e+00 -6.20281339e-01 1.36007607e+00 1.51751554e+00
    -3.30553055e-01 1.31683779e+00 1.50491428e+00 1.37524331e+00
    -6.21518075e-01 -7.34604537e-01 2.05597848e-01 -4.84226108e-01
    5.86014867e-01 1.02616501e+00 1.11675596e+00 1.42127514e+00
    -6.67653263e-01 3.92603338e-01 1.24708414e+00 4.58858818e-01
    1.00127411e+00 -5.19673824e-01 8.55127871e-01 -2.85176903e-01
    1.66120267e+00 7.57975101e-01 -5.28361559e-01 3.89788240e-01
    1.76077175e+00 5.53853452e-01 1.81657359e-01 7.81395555e-01
    1.23351502e+00 -4.37166840e-01 -6.40239298e-01 -3.56177986e-02
    -7.29337186e-02 -8.31011683e-02 6.66210473e-01 5.84729493e-01
    8.52400482e-01 1.62993658e+00 8.48757803e-01 1.25516450e+00
    7.23250926e-01 9.41400826e-01 9.29004908e-01 1.70973134e+00
    1.39088821e+00 1.25710452e+00 -6.66663289e-01 7.03866124e-01
    2.30428413e-01 8.40953469e-01 7.82581210e-01 1.35132563e+00
    -3.75692189e-01 -2.91222543e-01 7.41593361e-01 1.48606777e+00
    -5.99184752e-01 1.30939114e+00 1.76844871e+00 2.62513131e-01
    5.15282094e-01 -5.72135270e-01 1.76236641e+00 5.09998262e-01
    -2.38953739e-01 -8.32134485e-01 5.05482554e-01 1.44453049e+00
    1.71871305e+00 -1.73069865e-01 -7.85026908e-01 8.31662834e-01
    9.03594434e-01 1.14541090e+00 -4.14903164e-01 8.88757825e-01
    1.04326046e+00 6.20717824e-01 -2.06675470e-01 1.04822481e+00
    4.33891594e-01 3.45133036e-01 1.49375045e+00 7.32524872e-01
    -4.31486040e-01 1.46698809e+00 -3.49741131e-01 1.02183437e+00
    -3.43030035e-01 1.13104784e+00 -5.54580808e-01 1.43537450e+00
    5.16875088e-01 1.13922966e+00 1.35055459e+00 1.29727364e+00
    -7.27059186e-01 -5.74154317e-01 8.34850669e-01 -8.95440429e-02
    -9.51093435e-02 6.27211928e-01 -1.88313738e-01 3.75809491e-01
    -2.22642154e-01 3.90973547e-03 6.37276411e-01 5.07292524e-02
    1.33905506e+00 1.32097995e+00 1.12370420e+00 -4.04403985e-01
    -5.98006666e-01 -1.19432926e-01 -3.01286668e-01 1.46518409e+00
    1.47350907e+00 1.34695280e+00 4.56444956e-02 4.11331445e-01
    5.12570202e-01 -5.03568232e-01 8.05042028e-01 3.67062867e-01
    -4.28810745e-01 -7.71621227e-01 5.85205257e-01 9.60198820e-01
    6.00503266e-01 -6.26778483e-01 7.61030257e-01 1.16626716e+00
    1.30817974e+00 -2.87818372e-01 -1.42299622e-01 1.51888263e+00
    1.69225729e+00 1.03822076e+00 2.88205724e-02 1.24940634e+00
    7.75495589e-01 1.73210859e+00 8.43063556e-03 -8.01058829e-01
    8.24091196e-01 2.22079560e-01 -2.12428659e-01 1.67466760e+00
    1.53071833e+00 2.48470768e-01 8.91896114e-02 2.55924910e-01
    1.30004776e+00 5.34749746e-01 9.56230998e-01 1.46507609e+00
    1.20482779e+00 1.21860850e+00 8.97149146e-01 9.26666975e-01
    -9.69460383e-02 3.19957808e-02 9.89156902e-01 -2.49636859e-01
    7.54478037e-01 9.65977252e-01 8.61258149e-01 4.63340908e-01
    4.12177145e-01 2.62330413e-01 1.57572734e+00 9.51509476e-02
    -5.21399498e-01 3.67610276e-01 -8.88279602e-02 1.24488246e+00
    1.71435988e+00 -3.46261144e-01 -1.05893984e-01 1.54352903e-01
    7.80637786e-02 -5.69916010e-01 -2.37600163e-01 5.63402474e-02
    7.02885032e-01 1.49025238e+00 6.13696516e-01 8.96283150e-01
    1.08938766e+00 -2.04135552e-01 1.44182026e-01 -7.45215297e-01
    -1.96565628e-01 3.87476534e-01 1.68538749e-01 7.81230927e-01
    -3.42811584e-01 -7.46500194e-01 1.74402547e+00 1.26058471e+00
    3.54576856e-01 1.37840533e+00 6.32580101e-01 3.82556528e-01
    4.53982919e-01 1.55720365e+00 1.41191375e+00 -1.52895659e-01
    1.23206282e+00 5.41051209e-01 -4.61962335e-02 -1.36020735e-01
    7.22474277e-01 -6.43991649e-01 1.38476086e+00 1.07360080e-01
    7.34836578e-01 1.08512902e+00 1.00659025e+00 1.67187750e+00
    1.74459136e+00 9.26362574e-01 7.87128747e-01 1.11514366e+00
    -5.58637440e-01 -1.62671525e-02 -2.89973885e-01 1.27441204e+00
    9.29900587e-01 4.58665460e-01 9.68494475e-01 8.91920209e-01
    1.60924327e+00 8.03990901e-01 1.61702311e+00 -8.35259035e-02
    -1.04495268e-02 1.53824043e+00 1.03010929e+00 1.66980118e-01
    1.54373908e+00 1.49665523e+00 -4.02052969e-01 3.94296199e-02
    2.36052036e-01 1.38593876e+00 -3.28841776e-01 1.15649188e+00
    9.35226008e-02 1.46851015e+00 -7.00100839e-01 -5.35355151e-01
    1.67709243e+00 -3.42105061e-01 -2.94243842e-01 4.10470665e-01
    1.68129659e+00 2.46517751e-02 -3.31732541e-01 5.44689707e-02
    5.10934234e-01 5.98101616e-01 -8.55331779e-01 -6.18110657e-01
    -1.27484247e-01 2.90412456e-01 1.70285225e+00 1.18724465e+00
    1.48548853e+00 4.26232010e-01 6.17788374e-01 1.00307202e+00
    -1.08717158e-01 8.28509569e-01 9.98413861e-01 5.70297182e-01
    1.38241589e+00 4.32360291e-01 1.57961071e+00 5.91259181e-01
    -3.46677840e-01 -3.11672628e-01 1.35142314e+00 -6.44862592e-01
    1.73912384e-02 9.35436547e-01 9.39685225e-01 1.41269863e+00
    -6.19296610e-01 1.05358911e+00 1.29817471e-01 1.24448538e+00
    1.05085997e-02 5.25167167e-01 2.74508774e-01 -3.48803885e-02
    -8.97343606e-02 8.79050016e-01 8.80791023e-02 8.14953864e-01
    4.14520085e-01 1.48588729e+00 2.11332291e-01 -4.48519558e-01
    2.29453832e-01 -3.02678555e-01 1.15062070e+00 8.59892130e-01
    -3.04197788e-01 -4.10275459e-01 1.03543699e+00 1.38766479e+00
    -2.80004472e-01 -6.50270164e-01 5.14495790e-01 5.50820053e-01
    -6.32307410e-01 -9.97297391e-02 -1.68439060e-01 -7.09838748e-01
    1.21091366e-01 9.94762063e-01 7.61369884e-01 3.85252312e-02
    1.03581738e+00 1.03382027e+00 8.04636907e-03 3.77807856e-01
    5.31441510e-01 8.04966867e-01 -6.82426333e-01 3.51413161e-01
    5.94294608e-01 1.21546745e+00 6.55650556e-01 -2.43542865e-01
    8.66080403e-01 6.79778218e-01 9.93018985e-01 1.39291215e+00
    2.05041263e-02 6.15258932e-01 -2.47365937e-01 1.35459960e+00
    9.22620714e-01 7.08183944e-01 5.07506132e-02 1.71321535e+00
    1.30925381e+00 1.24932051e+00 -2.92687744e-01 -4.49164093e-01
    6.68508112e-01 9.90411341e-01 1.20804429e+00 3.50401908e-01
    -5.69815397e-01 5.78341305e-01 9.08725023e-01 2.12685555e-01
    1.76522088e+00 1.12902248e+00 -7.83230722e-01 5.86149275e-01
    1.12124193e+00 1.52196157e+00 3.05792481e-01 1.51657879e+00
    1.50655901e+00 1.10383761e+00 3.59392226e-01 1.01884079e+00
    -4.40285683e-01 2.01141760e-01 8.17602813e-01 -6.90560102e-01
    6.34004176e-01 9.34226394e-01 1.72488165e+00 7.97120333e-01
    9.09103155e-01 4.98560399e-01 1.29175282e+00 -1.12511739e-01
    -2.07572907e-01 -3.18339914e-02 -7.65791535e-01 -7.72577822e-01
    -3.44500993e-03 9.98153150e-01 1.09944069e+00 -6.70195103e-01
    -2.94970751e-01 -4.81299579e-01 1.02430332e+00 -7.02594161e-01
    8.48683655e-01 -4.49528277e-01 1.44900870e+00 1.69513035e+00
    1.63386822e+00 8.17389667e-01 1.19504273e+00 -5.52676022e-01
    1.25372326e+00 2.99849778e-01 1.04424834e+00 -3.07683706e-01
    6.45835042e-01 -5.35768867e-01 5.92773795e-01 -1.59527078e-01
    1.27462983e+00 1.10918865e-01 2.12047294e-01 -2.47539371e-01
    1.31155956e+00 1.08154058e+00 -1.76570296e-01 5.15273988e-01
    6.81371808e-01 8.92499566e-01 2.87713796e-01 5.46025574e-01
    1.09427333e+00 4.60363865e-01 6.27566516e-01 4.45906281e-01
    9.21939075e-01 -3.20421383e-02 -2.94263840e-01 -2.19687775e-01
    6.77395821e-01 -2.30947062e-02 1.68153691e+00 7.86977053e-01
    1.78291035e+00 7.00202227e-01 1.34114361e+00 1.62352788e+00
    1.36823916e+00 9.23066318e-01 5.46400666e-01 1.22103119e+00
    3.31558168e-01 2.92946696e-01 1.07466765e-01 8.60000074e-01
    -6.65081888e-02 1.18543053e+00 3.80014896e-01 1.19713700e+00
    -7.24409640e-01 1.06118512e+00 5.62533259e-01 6.22265279e-01
    1.50759304e+00 -3.58778745e-01 -6.11593246e-01 4.96300101e-01
    1.06954134e+00 1.15416229e+00 2.83689231e-01 6.03684127e-01
    1.08142674e+00 6.97079718e-01 -1.14230439e-01 4.83093500e-01
    -2.03570813e-01 -6.00144565e-01 1.47086334e+00 -4.65276629e-01
    -5.79091668e-01 -4.79784369e-01 7.17399597e-01 4.45267856e-01
    -6.84091806e-01 -6.26890436e-02 1.34627312e-01 7.10062027e-01
    -3.04951400e-01 -3.20351273e-01 -2.50446528e-01 1.91984546e+00
    -3.28423023e-01 3.40862542e-01 -4.84470762e-02 6.29141867e-01
    1.19278610e+00 7.13480175e-01 -7.62713492e-01 -1.83840185e-01
    5.39492428e-01 6.55901134e-01 8.24885905e-01 5.77466369e-01
    3.66932720e-01 5.39315581e-01 7.94255018e-01 1.32815731e+00
    -5.58750212e-01 6.96457207e-01 -1.56662509e-01 8.76586616e-01
    -1.95839465e-01 7.15183616e-01 1.14175975e+00 1.32130158e+00
    1.84289038e-01 1.41815281e+00 -7.10700572e-01 1.16024554e+00
    5.71488440e-01 3.94176006e-01 6.10405803e-01 1.30258346e+00
    1.63957536e+00 1.12381673e+00 8.99074733e-01 1.48932743e+00
    -5.58909416e-01 1.23132360e+00 1.00127675e-01 -1.43137485e-01
    8.98938775e-01 6.06948376e-01 -4.25590202e-02 6.65782988e-01
    1.57496035e+00 1.42537010e+00 1.11051631e+00 3.63328636e-01
    1.24523520e+00 1.23583771e-01 -6.02038622e-01 -6.55783296e-01
    -2.90262848e-01 5.78916728e-01 1.65568781e+00 1.11707640e+00
    8.92204821e-01 4.71026361e-01 1.39767230e+00 8.65985036e-01
    -1.65418789e-01 5.84909976e-01 8.62451971e-01 -5.95762849e-01
    1.23905575e+00 6.93942070e-01 7.07238913e-01 8.30890954e-01
    7.33733535e-01 -4.32625383e-01 -7.00652599e-01 1.24523079e+00
    1.55174777e-01 6.91553354e-01 3.38901311e-01 -6.42997205e-01
    1.68205595e+00 -5.72851360e-01 1.80284929e+00 -6.73421621e-01
    2.85007387e-01 1.85441282e-02 2.68122554e-01 -2.39436790e-01
    1.28663754e+00 -4.19045985e-02 -8.89124796e-02 1.04745507e+00
    7.22705543e-01 -2.24532396e-01 1.84681416e+00 9.02773499e-01
    1.64979923e+00 -6.72821522e-01 -2.38977037e-02 1.61797017e-01
    6.02190673e-01 -7.64766097e-01 1.16797507e+00 1.31431985e+00
    -2.09279969e-01 -4.91598770e-02 6.04473352e-01 1.57571709e+00
    -1.65413156e-01 -7.41257250e-01 4.47182089e-01 5.49152195e-01
    5.86789250e-01 -6.37256026e-01 1.62186861e+00 1.10301864e+00
    4.34264928e-01 1.57061613e+00 1.23089039e+00 -1.64847314e-01
    1.47439098e+00 1.33403873e+00 4.00912106e-01 1.27671790e+00
    1.35367990e+00 -1.52103961e-01 3.97559643e-01 3.84926200e-01
    1.34294629e+00 9.46577191e-01 -5.15289068e-01 -1.71527326e-01
    -1.42625481e-01 1.31985560e-01 1.81834593e-01 7.75584877e-02
    1.20615447e+00 2.97108293e-01 1.17693305e+00 9.48656023e-01
    -8.27436522e-02 6.87207580e-01 7.73073852e-01 1.71751463e+00
    1.47095108e+00 9.18113410e-01 1.64755213e+00 -2.57279307e-01
    1.69596064e+00 6.61333680e-01 4.04636979e-01 6.15906596e-01
    9.52767491e-01 8.62900615e-01 -2.87538737e-01 1.24937272e+00
    1.55220997e+00 1.27432108e-01 -2.01121613e-01 1.56214583e+00
    5.02849817e-01 1.51456118e+00 1.41664183e+00 1.56560135e+00
    8.06942225e-01 8.46780539e-01 6.25245392e-01 1.22472592e-01
    6.61997080e-01 -3.61385167e-01 1.77330327e+00 7.44192362e-01
    1.43521631e+00 7.28442609e-01 -5.67254424e-01 1.64953482e+00
    -2.01955065e-01 1.43111789e+00 4.40737873e-01 8.42048079e-02
    3.39186728e-01 7.97167361e-01 2.48755231e-01 1.45277095e+00
    -4.89974290e-01 -6.99837446e-01 6.95141852e-02 7.00728655e-01
    -1.12495646e-01 7.24661112e-01 1.29966259e+00 1.42609966e+00
    5.48905134e-01 -1.32408530e-01 6.94563568e-01 1.16896546e+00
    -5.07720709e-01 3.45172971e-01 -4.30909961e-01 3.06112051e-01
    3.75740528e-01 5.61216533e-01 -6.64373815e-01 6.25511408e-01
    9.64596093e-01 1.13601780e+00 1.66673291e+00 9.01385918e-02
    2.16860592e-01 4.36699778e-01 -3.78264993e-01 6.17520511e-01
    1.73727524e+00 3.82073671e-01 6.06157124e-01 -1.17034547e-01
    1.06567156e+00 -2.72198707e-01 1.63810766e+00 7.32966006e-01
    -2.60408878e-01 1.55473900e+00 7.35072553e-01 1.54798782e+00
    1.02436256e+00 1.32274365e+00 1.18941236e+00 -2.92127848e-01
    1.10072720e+00 6.24169290e-01 1.05005182e-01 7.23903999e-02
    8.64620149e-01 -7.10697114e-01 8.61202538e-01 3.70474994e-01
    -7.15518743e-02 1.62588060e+00 8.48540306e-01 3.72020870e-01
    7.50236928e-01 8.95171463e-01 8.44835937e-02 1.33343160e+00
    3.72091234e-02 1.01616025e+00 1.40367222e+00 -2.03178287e-01
    8.91571879e-01 3.71373564e-01 -2.56134182e-01 8.04431021e-01
    1.04415977e+00 5.42759180e-01 7.02326417e-01 -6.05124652e-01
    -2.30201915e-01 -1.31693482e-01 1.47293732e-02 -5.53409755e-01
    -2.77678937e-01 -1.10099182e-01 1.17916620e+00 1.15251350e+00
    3.39969844e-01 -2.06777006e-01 1.48140788e+00 5.28706849e-01
    1.15435565e+00 6.19679928e-01 -3.28591049e-01 1.46866870e+00
    1.25717127e+00 -6.71797514e-01 -4.76724684e-01 1.39833236e+00
    1.46349287e+00 -6.22869730e-01 5.78835428e-01 9.74663019e-01
    6.05482876e-01 4.64193225e-01 5.16086757e-01 1.47720635e+00
    -4.83845398e-02 -4.83712077e-01 -8.18921685e-01 6.55410707e-01
    -7.03706503e-01 1.30441284e+00 1.63146102e+00 -3.15947086e-01
    4.55814153e-01 -6.46229327e-01 1.03563976e+00 7.04708278e-01
    1.67666090e+00 1.36368990e+00 -4.65004623e-01 -3.41521889e-01
    9.95037913e-01 1.37022018e+00 5.41999102e-01 6.30800366e-01
    1.56582916e+00 8.36038113e-01 1.07169795e+00 1.32705414e+00
    -3.60505193e-01 -1.64343372e-01 4.34383690e-01 1.75205636e+00
    1.60235536e+00 6.29271924e-01 2.27413833e-01 5.26959300e-01
    5.63492894e-01 2.32554361e-01 1.23397768e+00 8.24259281e-01
    -3.93129170e-01 -5.26508242e-02 1.41991830e+00 -4.60465997e-01
    -5.34187913e-01 1.07749712e+00 -1.34406015e-01 -3.63818735e-01
    -3.85878026e-01 1.27530432e+00 8.51546586e-01 2.87793964e-01
    4.31771368e-01 7.21763372e-01 6.45420980e-03 7.13112891e-01
    8.56530964e-01 2.62705743e-01 7.27187335e-01 1.06160164e+00
    8.22764933e-01 6.89435065e-01 1.79701418e-01 -1.95713460e-01
    1.05706966e+00 3.64229292e-01 3.96524727e-01 9.45348799e-01
    1.84025899e-01 1.63109291e+00 1.65418971e+00 1.31364691e+00
    4.96456116e-01 2.73005009e-01 1.57430589e+00 1.05115294e+00
    1.02380240e+00 1.39801502e-01 1.14606094e+00 1.02052641e+00
    3.43647629e-01 1.56143904e+00 -8.65100563e-01 1.49028301e+00
    7.50202715e-01 1.13804555e+00 1.12189519e+00 1.20051205e+00
    -7.92331576e-01 -5.27572691e-01 -6.64044440e-01 8.77491415e-01
    7.38863707e-01 -4.93824065e-01 6.96521103e-01 2.73961902e-01
    -4.83163387e-01 -5.15727460e-01 6.49793148e-01 8.00743103e-02
    3.11773713e-03 1.29562211e+00 1.56415522e+00 1.44746602e+00
    5.45257986e-01 5.07365942e-01 1.17763209e+00 4.49846864e-01
    -5.13239682e-01 3.21960896e-01 2.14525938e-01 1.12247527e+00
    6.20105565e-01 6.32868588e-01 -7.72651508e-02 2.22317767e+00
    4.32284892e-01 -1.31110355e-01 1.89854756e-01 -6.15423203e-01
    4.29675400e-01 3.20259720e-01 1.01921308e+00 -3.12545031e-01
    -4.40098941e-01 6.49840117e-01 1.52001667e+00 8.08130205e-01
    -7.16957927e-01 2.40899861e-01 -4.69609141e-01 7.93209076e-01
    4.92027938e-01 1.33835423e+00 1.42276430e+00 7.58399785e-01
    -6.54885530e-01 4.86292005e-01 1.65622711e+00 1.54302701e-01
    7.79038966e-01 -1.44718915e-01 -4.44843382e-01 5.00489175e-01
    -7.43033811e-02 1.02763295e+00 -1.96034640e-01 4.12345171e-01
    6.94478989e-01 -5.05497456e-01 2.34659001e-01 -6.69575855e-02
    -9.60995853e-02 1.42663813e+00 1.18027472e+00 3.41532268e-02
    6.45282090e-01 9.82745469e-01 7.10940719e-01 1.83232689e+00
    4.64591175e-01 9.92968142e-01 -3.69665474e-01 7.18649864e-01
    -4.95487362e-01 8.05553854e-01 6.05139792e-01 9.07792032e-01
    5.31707168e-01 -1.81362525e-01 1.63155079e+00 1.59323823e+00
    -2.00269848e-01 8.83686095e-02 -5.99946022e-01 2.81946123e-01
    -1.63305417e-01 3.69803250e-01 1.37264359e+00 2.81035662e-01
    9.96106863e-03 7.81579137e-01 9.10679579e-01 1.04079366e+00
    6.55079544e-01 7.58722365e-01 3.74430530e-02 1.02703106e+00
    -6.26537681e-01 6.77348137e-01 -5.05196095e-01 4.16829228e-01
    3.48913461e-01 -8.33417833e-01 9.81683910e-01 5.02054453e-01
    2.81780541e-01 -5.17329872e-01 7.82536268e-01 1.14140296e+00
    1.41510856e+00 1.05134225e+00 1.23226666e+00 -1.06781937e-01
    5.15563071e-01 9.02473271e-01 -5.85495412e-01 1.24565482e+00
    1.36414394e-01 1.22283757e+00 -6.09615624e-01 1.16966796e+00
    1.40545177e+00 5.30044913e-01 -7.05363512e-01 -2.36796230e-01
    6.17263436e-01 -6.17010355e-01 9.92129087e-01 1.63362706e+00
    -1.71088725e-01 -5.51092625e-01 1.41155195e+00 -1.66914053e-02
    4.19464568e-03 9.57990050e-01 1.51479208e+00 -3.34935725e-01
    8.62923443e-01 -5.82944334e-01 1.37850881e-01 1.34116149e+00
    1.42353868e+00 -2.98367292e-02 -9.98085439e-02 5.90589046e-01
    1.72721958e+00 3.64143923e-02 -1.14929192e-01 1.16969562e+00
    1.08856857e+00 6.25040412e-01 1.46355724e+00 1.14122820e+00
    3.18929523e-01 5.29220045e-01 -4.15653020e-01 6.29548669e-01
    1.84349075e-01 -4.43695337e-01 1.37467310e-01 -6.46453321e-01
    -6.46535933e-01 1.26856983e+00 1.02833247e+00 -5.72972953e-01
    -8.71420279e-02 -2.83590198e-01 1.36937237e+00 8.81405532e-01
    -3.73508096e-01 1.04011726e+00 1.72962344e+00 -7.18149662e-01
    1.51465380e+00 1.20439816e+00 -4.89255458e-01 5.56252420e-01
    1.52126932e+00 1.28963125e+00 1.37905705e+00 1.28046095e+00
    -5.38438261e-02 1.16517663e+00 3.35131854e-01 -6.21899247e-01
    1.01141942e+00 7.27968156e-01 1.09020877e+00 -7.45972395e-02
    -2.12061610e-02 9.35522437e-01 -8.16554487e-01 -3.40050340e-01
    -5.24994969e-01 1.80653405e+00 1.09040737e+00 -2.54522681e-01
    2.29479223e-01 -5.35090029e-01 -7.38216102e-01 -5.18795550e-01
    1.53824139e+00 -1.06305711e-01 1.29558849e+00 3.37718666e-01
    -1.76002845e-01 1.68583155e+00 9.25787032e-01 8.29287887e-01
    -1.03589892e-02 -4.32773232e-01 1.21281278e+00 1.42487562e+00
    1.75329790e-01 7.43451416e-01 6.69825792e-01 1.48357332e+00
    4.55475330e-01 1.52283478e+00 1.37586784e+00 -3.33762705e-01
    1.33436918e+00 1.48274207e+00 5.28428733e-01 -2.63831973e-01
    1.06671107e+00 8.35911453e-01 1.62728083e+00 8.79007220e-01
    4.99220658e-03 8.90989006e-01 6.93128109e-01 3.63034904e-01
    -8.50290582e-02 -4.75717604e-01 -6.63182795e-01 4.73568380e-01
    1.38918602e+00 1.37530720e+00 5.60250729e-02 -1.67548063e-03
    2.22914845e-01 3.12444925e-01 -7.08036780e-01 -1.62422165e-01
    -5.77849090e-01 1.59020162e+00 1.42914796e+00 1.19870389e+00
    8.55124056e-01 3.24294627e-01 1.14289141e+00 4.92162585e-01
    1.54593110e+00 1.74441242e+00 1.47698894e-01 -5.21093309e-01
    -1.53255582e-01 -4.96866673e-01 1.56617808e+00 -5.06668925e-01
    -8.02776292e-02 -1.44450247e-01 1.19056487e+00 1.74086690e+00
    1.68362737e+00 -1.65243447e-01 -5.45340121e-01 1.70698333e+00
    7.23399878e-01 6.92560226e-02 3.39750722e-02 9.23193574e-01
    -3.89961451e-01 -5.89400768e-01 1.37934875e+00 1.55850148e+00
    1.36830091e+00 1.21536040e+00 2.11143404e-01 3.69186662e-02
    1.36781836e+00 4.86452222e-01 1.37552464e+00 8.19116980e-02
    1.92994736e-02 -1.60460919e-01 -6.85552359e-01 1.63908398e+00
    1.12115312e+00 -3.79654974e-01 3.92443240e-01 -5.16137600e-01
    3.79965872e-01 1.59381402e+00 1.34525502e+00 -1.71206295e-02
    3.09245616e-01 -1.88714601e-02 -4.53923285e-01 1.15736461e+00
    3.25251251e-01 -7.46652544e-01 1.26412463e+00 1.01959670e+00
    -6.52020946e-02 8.02168131e-01 3.76825839e-01 8.89778659e-02
    1.69882333e+00 8.85529995e-01 6.00779653e-01 8.23667288e-01
    1.19091645e-01 -6.50998950e-01 1.42217839e+00 1.06736004e+00
    -6.22892201e-01 -5.15795767e-01 2.22893953e-01 8.38743687e-01
    1.59658954e-01 1.39586020e+00 3.71346399e-02 6.30308270e-01
    1.14490144e-01 -2.40817219e-01 -5.85396588e-01 4.01623696e-01
    1.57507861e+00 7.17181087e-01 5.18040895e-01 -6.90171480e-01
    6.46818519e-01 -5.78347504e-01 9.26011741e-01 1.73051786e+00
    8.97461832e-01 1.45029747e+00 1.16760969e+00 -6.14614308e-01
    1.51162815e+00 1.43297601e+00 1.54156256e+00 5.64040899e-01
    4.69793454e-02 1.69830477e+00 7.97519013e-02 1.62478149e+00
    -7.57481098e-01 -2.36584231e-01 1.53613091e-03 -4.77267861e-01
    -9.32234675e-02 -4.20079827e-01 1.14445615e+00 1.98020458e-01
    1.00495791e+00 -4.12185192e-01 1.50605869e+00 -5.06908536e-01
    1.45208740e+00 -4.85361665e-02 -2.30080515e-01 4.70781803e-01
    -2.09487621e-02 -3.73916239e-01 2.64820486e-01 1.73659551e+00
    1.36243671e-01 -3.07218105e-01 1.22736967e+00 5.85136950e-01
    -3.82617921e-01 1.14554238e+00 1.66086268e+00 -4.21776354e-01
    5.71356714e-01 3.14755440e-01 -3.54801595e-01 -7.11215198e-01
    5.11900961e-01 1.55957537e-02 -3.68533343e-01 6.16049528e-01
    5.42948782e-01 1.75873733e+00 1.15836775e+00 1.17274249e+00
    9.32066977e-01 1.06868172e+00 2.62577534e-01 1.77651250e+00
    1.32713497e+00 8.68531227e-01 5.79810977e-01 1.19804454e+00
    -2.59174585e-01 6.60358846e-01 -5.03136754e-01 6.57604337e-01
    1.25809240e+00 -1.65625393e-01 8.37365746e-01 1.12798047e+00
    -4.05256659e-01 1.58548272e+00 5.66709042e-01 -7.40393531e-03
    -9.78939533e-02 -4.88251805e-01 4.19368654e-01 1.44692346e-01
    1.72820437e+00 6.18917465e-01 1.26454031e+00 -4.37295020e-01
    5.60505688e-01 6.38500974e-02 9.94576097e-01 -2.39779830e-01
    1.18330550e+00 1.30566418e-01 1.08305562e+00 -1.78737849e-01
    1.32633483e+00 4.22912985e-02 6.23615563e-01 4.62459683e-01
    -1.81872360e-02 1.38873506e+00 1.62789178e+00 -6.82639837e-01
    3.81813198e-01 -2.56158680e-01 8.08928490e-01 1.53292978e+00
    -1.19812250e-01 5.31513512e-01 3.64387184e-01 1.47932923e+00
    -8.43954802e-01 2.30961516e-01 -6.08658969e-01 1.40574813e+00
    1.32551289e+00 1.06126294e-01 1.97179113e-02 2.03640133e-01
    1.86592504e-01 -2.65887111e-01 1.72972012e+00 1.11673701e+00
    -5.54605782e-01 1.39904630e+00 -3.48903351e-02 1.15014040e+00
    1.39634454e+00 -1.37864007e-02 5.77546842e-02 -6.46785736e-01
    4.42132622e-01 7.25970864e-01 1.45652306e+00 1.20711112e+00
    4.99140263e-01 -1.58033078e-03 1.58593583e+00 -1.72268339e-02
    7.95215845e-01 2.94402577e-02 4.83694106e-01 9.45065498e-01
    8.57211411e-01 9.28739727e-01 -6.17153466e-01 -4.93753254e-01
    -7.45618865e-02 3.07698190e-01 6.05396390e-01 -3.17907602e-01
    8.63766015e-01 -2.27292418e-01 1.85759161e-02 -7.43897557e-01
    6.42105281e-01 1.17487478e+00 1.71183956e+00 -2.51476347e-01
    -5.68809062e-02 1.35808736e-01 -9.98753235e-02 2.88641632e-01
    1.77678645e-01 -5.72917223e-01 -5.88456035e-01 3.87455374e-01
    1.57694066e+00 1.73739600e+00 1.17891037e+00 6.45507812e-01
    1.53704441e+00 -2.10219592e-01 1.01380301e+00 6.28536642e-01
    1.59643364e+00 1.18138182e+00 -7.85962164e-01 1.33525443e+00
    1.87864915e-01 3.20040673e-01 7.50936925e-01 -9.59861353e-02
    -2.11277351e-01 1.05688715e+00 -9.48714390e-02 -1.01420132e-03
    -6.72868669e-01 1.04476535e+00 7.99812257e-01 -1.39296472e-01
    1.54634666e+00 -1.68185368e-01 4.18786317e-01 6.80083752e-01
    4.85664636e-01 7.42354095e-01 -5.11125028e-01 1.07908559e+00
    1.51275814e+00 9.94895875e-01 5.35104215e-01 -6.28066778e-01
    1.44422400e+00 -5.57029188e-01 1.21507025e+00 1.63824725e+00
    -5.07054254e-02 -1.98740765e-01 7.25084066e-01 8.52546155e-01
    -2.48079538e-01 -2.01138794e-01 -3.33889782e-01 -4.44205105e-01
    -4.79265690e-01 -1.74128190e-01 1.64577329e+00 1.02623379e+00
    1.48274541e+00 1.05400205e+00 3.79146636e-01 1.41678941e+00
    1.32802337e-01 2.30611771e-01 -2.18030915e-01 1.56038785e+00
    -5.62210083e-01 -6.29007578e-01 7.01318383e-01 1.20016849e+00
    1.30396771e+00 9.82531130e-01 6.35585487e-01 1.38782454e+00
    1.52813005e+00 -6.48271918e-01 1.69105041e+00 1.27225250e-01
    -5.29818237e-01 9.77124155e-01 -5.07149458e-01 3.00661892e-01
    1.60498977e-01 2.38874182e-02 5.19310534e-01 3.52824360e-01
    7.64763236e-01 3.67112339e-01 9.72123921e-01 -6.94657192e-02
    1.92479268e-02 -1.20164104e-01 2.42637679e-01 1.13234377e+00
    1.66291535e+00 1.67807627e+00 1.57722378e+00 -5.72869420e-01
    -8.04692209e-01 7.31697857e-01 1.61599076e+00 9.16291893e-01
    1.17807579e+00 -3.59433681e-01 1.41864991e+00 1.18337679e+00
    3.73132378e-01 -3.28478038e-01 6.76000297e-01 4.85453278e-01
    2.27759227e-01 -5.99298120e-01 1.70030272e+00 -3.32553908e-02
    -3.36925894e-01 1.63697863e+00 8.76599729e-01 6.63991794e-02
    7.99712181e-01 1.07804585e+00 1.57796729e+00 2.58404970e-01
    3.25817429e-02 2.91009843e-01 7.81668484e-01 1.11684787e+00
    -5.88951111e-01 1.67599964e+00 1.68971157e+00 1.60908294e+00
    -5.83678596e-02 1.54191267e+00 -3.53028178e-01 -3.34470600e-01
    2.70047009e-01 1.12424123e+00 9.19702291e-01 3.46857369e-01
    -3.39761913e-01 -2.36696154e-01 1.75368965e-01 8.44411552e-01
    1.72654152e+00 1.11631393e+00 3.36845160e-01 1.72544256e-01
    1.31652331e+00 4.42583203e-01 7.54615486e-01 1.44360459e+00
    6.87302947e-02 4.21983838e-01 -4.52273697e-01 -3.36177081e-01
    1.14831492e-01 3.47520828e-01 1.12913489e+00 1.54013515e+00
    -5.23046732e-01 1.15715575e+00 1.27620101e+00 1.46863371e-01
    1.72782040e+00 -6.05186485e-02 8.68799150e-01 8.21660817e-01
    8.60122085e-01 1.90726057e-01 3.71238261e-01 1.22154760e+00
    2.49852940e-01 -6.28000200e-01 9.94543266e-03 2.99283206e-01
    2.09296420e-01 -4.32387352e-01 1.78788900e+00 -6.64748967e-01
    1.74118555e+00 5.26345193e-01 -5.61513424e-01 1.07620633e+00
    -4.34186049e-02 2.65488118e-01 9.54063118e-01 1.50508022e+00
    -6.10781133e-01 1.57132888e+00 -2.66619503e-01 1.03828621e+00
    4.97554839e-01 9.75883603e-01 5.17233253e-01 1.20678496e+00
    -7.36612529e-02 -6.26290321e-01 4.15082961e-01 1.10916615e+00
    -3.82850468e-01 1.62241054e+00 8.34322423e-02 1.48847878e+00
    8.69584322e-01 -1.93836033e-01 1.34360170e+00 -2.06161086e-02
    4.33658928e-01 1.25254083e+00 1.18181080e-01 1.09988403e+00
    3.00162852e-01 1.02351260e+00 -1.08775422e-01 1.34305990e+00
    -3.83251727e-01 9.41349626e-01 -6.28589392e-01 3.59665722e-01
    -6.49182498e-01 4.95922983e-01 7.06589073e-02 8.87071729e-01
    8.35084617e-01 1.29104927e-01 9.26235497e-01 6.84844702e-02
    -1.28251344e-01 4.38701719e-01 1.52932648e-02 1.81981409e+00
    8.12361717e-01 2.51250148e-01 -5.23734510e-01 3.75431120e-01
    8.45751643e-01 1.25605631e+00 2.37872973e-01 2.42491718e-02
    -4.26564157e-01 -4.39240873e-01 8.04205179e-01 -5.02504967e-02
    1.02890837e+00 -5.04621267e-01 1.76564649e-01 1.29615903e+00
    -3.73377651e-01 1.15213478e+00 8.73717666e-01 -7.15561628e-01
    5.13503373e-01 7.96601713e-01 5.05411386e-01 8.06258738e-01
    1.44921327e+00 2.46931255e-01 5.16598165e-01 1.07748568e+00
    7.85460353e-01 -3.90703261e-01 6.71860933e-01 1.28186524e+00
    1.07952249e+00 1.92279711e-01 -5.68167686e-01 1.69839752e+00
    1.18155026e+00 -4.20010805e-01 1.01583815e+00 1.28935874e+00
    -3.76433611e-01 1.54755175e+00 6.49687409e-01 7.12489858e-02
    -7.66008615e-01 5.22562683e-01 -1.52818277e-01 5.75437248e-01
    1.56505454e+00 7.92389631e-01 1.78834766e-01 1.68708122e+00
    6.95489272e-02 1.10409521e-01 3.75628620e-01 9.54596639e-01
    3.13935846e-01 -4.67907310e-01 -6.03090525e-01 9.03790891e-01
    -1.74000524e-02 1.01978540e-01 -3.26976590e-02 -4.05813485e-01
    5.50659120e-01 -3.81667256e-01 6.78907394e-01 -7.22024560e-01
    6.91085815e-01 1.04822409e+00 -3.68335359e-02 6.91312551e-01
    -6.79463565e-01 1.79006243e+00 8.84257257e-01 1.20723641e+00
    -6.18853271e-02 6.51034474e-01 4.47630376e-01 8.23511720e-01
    1.71996498e+00 -2.66124994e-01 1.44988632e+00 -2.18774080e-01
    -8.27140152e-01 -2.17055972e-03 1.21779394e+00 1.41607296e+00
    1.76908299e-01 -7.35085070e-01 1.32128525e+00 6.73124194e-01
    1.21384370e+00 1.43177375e-01 1.32663655e+00 1.16065371e+00
    -2.93399006e-01 1.09871173e+00 5.79808176e-01 1.18018913e+00
    -2.21804395e-01 1.63435674e+00 -9.92548987e-02 6.32603824e-01
    -6.20298862e-01 -6.20943666e-01 6.33850813e-01 1.77072191e+00
    9.47083294e-01 1.11274290e+00 -1.46850228e-01 4.67825830e-01
    6.66528821e-01 7.77311146e-01 3.38493973e-01 -6.75986171e-01
    -2.30238423e-01 -3.01741868e-01 -1.78403050e-01 -7.11670578e-01
    9.26840842e-01 1.37425709e+00 1.87481582e-01 5.70208490e-01
    -1.06016427e-01 1.09766090e+00 -4.00983930e-01 -7.56588936e-01
    9.28830802e-01 1.23063266e+00 -1.72268048e-01 1.62599552e+00
    -7.88159147e-02 6.61917388e-01 1.15476191e+00 9.30355787e-01
    5.53701460e-01 1.90638021e-01 3.12290639e-01 9.79254961e-01
    -4.31256980e-01 1.12500370e+00 8.82527649e-01 -5.11633419e-02
    1.44552112e+00 -7.29337394e-01 1.30578578e+00 1.10746479e+00
    -4.64734972e-01 5.89472473e-01 1.29442856e-01 1.21534264e+00
    1.19200313e+00 -5.12745440e-01 8.99559781e-02 -1.66892916e-01
    1.54967368e+00 -7.42376924e-01 -1.79028586e-01 -5.52463353e-01
    5.73094249e-01 1.54373395e+00 2.58275211e-01 1.54725504e+00
    -1.61392182e-01 -4.95961487e-01 -6.40727639e-01 1.65212715e+00
    -5.97377121e-01 -2.49477729e-01 1.61865664e+00 1.95000425e-01
    -9.84034911e-02 9.82486308e-01 1.10154343e+00 1.86416462e-01
    -2.17114296e-02 -2.46645242e-01 -2.74730504e-01 1.58406651e+00
    7.69692719e-01 -6.73599005e-01 1.32222008e-02 -2.47112066e-01
    1.25870800e+00 -5.88010371e-01 -6.65011942e-01 1.64840055e+00
    7.72047937e-01 1.66227543e+00 1.31786370e+00 2.23235562e-01
    6.56680405e-01 8.64207074e-02 -6.82852209e-01 9.40417051e-01
    3.70782375e-01 6.77808106e-01 1.32746506e+00 7.46014893e-01
    9.67512250e-01 9.98017073e-01 -4.48992312e-01 3.20021570e-01
    6.22898340e-01 -3.69943738e-01 1.11661088e+00 1.06458747e+00
    5.04715323e-01 5.40921748e-01 -4.27473783e-01 7.02679455e-01
    4.79556501e-01 -4.68441635e-01 1.26657057e+00 1.42673969e+00
    -7.21760809e-01 2.20208704e-01 1.27735817e+00 -7.53694475e-01
    -1.90473601e-01 2.81576991e-01 1.73115182e+00 7.36678839e-01
    4.39063832e-02 5.06677389e-01 -7.98095465e-01 1.43897009e+00
    4.56339210e-01 8.14085424e-01 6.26099121e-04 -1.57511041e-01
    3.92995894e-01 1.43359590e+00 -1.03963479e-01 3.24406326e-01
    7.29219556e-01 1.35309410e+00 1.19614720e+00 1.41334891e+00
    1.52816105e+00 -2.58919716e-01 -5.94071984e-01 2.10042059e-01
    3.65121305e-01 1.47107601e+00 -4.42182988e-01 1.26961887e+00
    1.20648515e+00 1.63608837e+00 4.26749736e-01 1.15940297e+00
    -6.26043618e-01 2.30396464e-01 -6.03944778e-01 2.52123326e-01
    9.34234977e-01 4.67017502e-01 4.75994617e-01 2.72246152e-01
    8.58655274e-01 7.34237134e-01 1.67730510e+00 1.00362170e+00
    -3.72395277e-01 -4.83649254e-01 1.75731409e+00 -8.49425867e-02
    1.28513563e+00 -2.93992639e-01 -1.48456350e-01 -1.99019507e-01
    1.86276186e+00 1.56141770e+00 2.06052095e-01 -4.97494310e-01
    -6.10594332e-01 1.47303569e+00 1.20201182e+00 1.17347634e+00
    1.20895565e+00 -8.01550865e-01 1.10529232e+00 1.51968226e-02
    6.37293279e-01 3.33439469e-01 9.16327477e-01 3.08772027e-01
    -1.60288368e-03 -7.45363673e-03 1.31581828e-01 -2.85284489e-01
    -2.66781241e-01 3.97136122e-01 1.51246333e+00 -7.22402096e-01
    7.67561734e-01 1.44411385e+00 -8.16633761e-01 1.29915786e+00
    1.37986326e+00 1.58861911e+00 1.10570836e+00 1.60838735e+00
    -6.00602090e-01 1.28480530e+00 4.45494741e-01 8.84025574e-01
    8.18718672e-01 2.64712840e-01 -6.48155063e-02 1.11006069e+00
    -5.41263878e-01 -4.34510380e-01 1.41548789e+00 -3.53016928e-02
    1.17251134e+00 1.15203366e-01 9.36519802e-01 4.70759958e-01
    3.72610092e-01 1.94955185e-01 4.93560344e-01 -5.36822081e-01
    8.89039993e-01 1.19745743e+00 -5.51136285e-02 8.02006304e-01
    7.61730552e-01 -4.02134538e-01 -2.28364229e-01 1.46431184e+00
    1.12516081e+00 3.32679808e-01 6.08370662e-01 4.76910621e-01
    1.28444803e+00 -4.76475775e-01 1.07130063e+00 1.41350365e+00
    1.30773878e+00 1.24061394e+00 6.73866153e-01 6.53333664e-01
    1.56626058e+00 1.48406136e+00 1.49245453e+00 1.18176091e+00
    -5.89810908e-01 -7.40743279e-01 7.08590746e-01 6.33913934e-01
    -4.64651465e-01 -4.59944010e-01 1.37464321e+00 1.23750913e+00
    -3.71551067e-01 3.65528792e-01 -6.39061987e-01 2.26117119e-01
    9.68421102e-01 1.79958999e+00 -2.94400752e-01 -4.58509684e-01
    9.93218839e-01 -2.65009403e-01 1.25761664e+00 3.32691133e-01
    -1.38418719e-01 1.21919978e+00 -4.68621373e-01 -3.02458793e-01
    5.13855040e-01 1.32583213e+00 6.34903133e-01 6.72270358e-01
    1.64508367e+00 -7.58927643e-01 1.53609872e+00 -5.20454288e-01
    2.64683485e-01 -6.11962318e-01 -3.43599975e-01 1.08763158e+00
    5.66176996e-02 6.47226453e-01 -6.50416970e-01 4.55429375e-01
    -2.42061898e-01 1.60424352e+00 1.35486019e+00 1.91797853e-01
    8.41216743e-01 1.06713760e+00 1.97863585e-04 -2.79728621e-01
    1.08104789e+00 7.31796503e-01 1.02588701e+00 1.75653145e-01
    -3.83051068e-01 -8.96479860e-02 5.03432930e-01 8.66861522e-01
    2.61255652e-01 -7.77275980e-01 1.56067050e+00 1.62013888e+00
    -4.55582529e-01 -7.93217182e-01 1.19236901e-01 7.23492056e-02
    1.33683908e+00 2.15783522e-01 4.60436970e-01 1.60400033e+00
    1.19697857e+00 2.60953635e-01 -3.26370299e-01 1.54234111e+00
    7.45420516e-01 9.94143903e-01 9.96013939e-01 -2.44720295e-01
    -1.64266571e-01 5.30144513e-01 -1.94131210e-01 8.69865596e-01
    1.49505782e+00 -1.94615424e-01 7.48272359e-01 3.85054111e-01
    1.18517959e+00 5.97189009e-01 1.18653131e+00 1.31113887e+00
    -3.34733218e-01 -3.23473245e-01 -4.07154471e-01 -1.98569670e-01
    1.39617133e+00 -2.94456817e-02 2.29493394e-01 1.02458954e+00
    5.25536418e-01 9.04966593e-01 -1.01763003e-01 9.88084674e-02
    2.62581378e-01 4.70873192e-02 1.73898029e+00 1.02945723e-01
    1.39422929e+00 -2.63791531e-01 1.01955041e-01 3.41446623e-02
    -4.93538231e-01 1.02696443e+00 -2.97987293e-02 -1.70719415e-01
    6.19277656e-01 1.01683593e+00 1.62800491e+00 5.97507954e-01
    -6.29352331e-01 -1.28092721e-01 2.95989305e-01 -6.16778851e-01
    8.42761278e-01 1.49541095e-01 -7.93843210e-01 7.61285782e-01
    1.06529474e+00 1.28899050e+00 8.44010830e-01 6.67262316e-01
    -2.81829834e-01 4.07010615e-01 8.12428534e-01 1.01112282e+00
    -2.45684192e-01 6.82197511e-03 8.42608035e-01 1.60379481e+00
    1.51427889e+00 9.74388719e-01 6.49560630e-01 6.75130725e-01
    2.31345713e-01 1.01447165e+00 9.22911346e-01 1.46120977e+00
    1.16988492e+00 1.43989098e+00 -5.39667308e-01 -6.03833273e-02
    1.07681155e+00 1.09582639e+00 5.18256545e-01 1.15816867e+00
    1.50410175e+00 1.04960608e+00 1.02786994e+00 1.35872781e+00
    -7.60621369e-01 -4.28173810e-01 2.23538548e-01 1.73804581e+00
    -2.27084398e-01 6.14152253e-01 9.68153104e-02 -2.83527285e-01
    7.04635322e-01 -5.29611707e-01 1.21255052e+00 -4.13586348e-01
    -4.32046473e-01 1.31430483e+00 2.10270658e-01 1.24662519e+00
    6.39583528e-01 -5.34548521e-01 6.21154964e-01 -3.01059633e-01
    -1.44494429e-01 3.10944766e-01 1.16666830e+00 -3.14386517e-01
    1.49897113e-01 5.69766760e-01 8.39211941e-01 1.07099068e+00
    1.24916017e+00 -3.91310990e-01 1.13026917e+00 1.36575639e+00
    7.95910001e-01 1.54281354e+00 3.11059505e-01 1.03247142e+00
    4.28642720e-01 1.46264124e+00 -1.98411927e-01 9.07220468e-02
    7.57778764e-01 1.36872932e-01 -1.64907545e-01 1.62870049e-01
    5.97974777e-01 -2.11095288e-01 -5.87633133e-01 2.12731515e-03
    2.06360385e-01 1.42714226e+00 -1.03792734e-01 -5.04632175e-01
    1.59194160e+00 -5.28653204e-01 1.67009068e+00 9.15569007e-01
    7.83950865e-01 2.98968792e-01 1.39337921e+00 -5.48711181e-01
    -3.92710805e-01 1.70727217e+00 8.33149791e-01 -4.62450981e-01
    -6.50859058e-01 5.72191477e-01 9.58943605e-01 8.40409875e-01
    8.24852049e-01 1.37985873e+00 1.54742968e+00 4.26125705e-01
    9.16069746e-02 1.36374164e+00 1.53333068e+00 8.53139818e-01
    6.75315499e-01 7.52054453e-01 8.58176351e-01 1.26019681e+00
    -5.73858678e-01 2.29128554e-01 1.48831987e+00 1.06677115e+00
    7.12858021e-01 2.84821749e-01 4.95405197e-01 1.00296605e+00
    -1.04960270e-01 -3.65873396e-01 7.68721461e-01 9.72571313e-01
    1.02396464e+00 4.51700181e-01 -2.90911734e-01 1.60656917e+00
    -8.34912598e-01 7.22727001e-01 1.49671054e+00 -2.13403001e-01
    1.41134799e+00 -4.39558059e-01 1.61967456e+00 1.64262545e+00
    -2.78964311e-01 -8.33173752e-01 6.81264102e-01 -4.88937587e-01
    7.52938166e-02 1.54650819e+00 5.59641004e-01 6.01836324e-01
    -2.99060613e-01 -7.13140011e-01 4.33145523e-01 1.77856445e+00
    8.37768912e-01 -4.55147326e-02 1.22061312e+00 -3.68653148e-01
    -2.60700911e-01 1.47359085e+00 1.45064652e-01 1.04114544e+00
    -4.64726925e-01 -3.24404776e-01 -6.41803980e-01 -2.43455470e-01
    8.83492708e-01 9.40978765e-01 8.44308555e-01 1.04352379e+00
    1.11075783e+00 1.26102805e-01 -3.97068471e-01 1.14571941e+00
    -4.29664969e-01 1.42613578e+00 7.16806054e-02 -8.26303422e-01
    1.50568616e+00 7.52581432e-02 7.92655647e-01 -8.31873059e-01
    7.35578299e-01 2.52368867e-01 1.28835642e+00 -1.66865423e-01
    7.82774568e-01 1.57103157e+00 6.31856382e-01 1.13764703e+00
    1.30108547e+00 7.41514385e-01 2.15554416e-01 -4.89086032e-01
    -6.04550600e-01 8.18761289e-01 1.59323251e+00 -6.69418752e-01
    -4.51968551e-01 -5.65406859e-01 -1.82492420e-01 1.32875991e+00
    1.37002754e+00 -4.79282409e-01 2.19271593e-02 1.01868379e+00
    8.95663142e-01 -2.88465470e-01 9.88673329e-01 -7.21494555e-01
    1.76548874e+00 1.61909735e+00 3.39207619e-01 4.13459361e-01
    1.42504776e+00 -1.43087611e-01 1.59248734e+00 1.08847153e+00
    -4.65786189e-01 3.05158377e-01 -4.58811462e-01 -5.72886467e-01
    -8.43779743e-03 1.40699661e+00 5.24309576e-01 7.68330872e-01
    1.24928236e+00 1.38957417e+00 3.55313361e-01 7.02766061e-01
    -7.17291951e-01 6.75557137e-01 -3.79284889e-01 5.46066284e-01
    1.15435970e+00 -3.05517137e-01 1.14314878e+00 4.10742640e-01
    -2.02807799e-01 -6.10653281e-01 1.21906328e+00 1.52832770e+00
    -6.59896314e-01 1.08684289e+00 7.01313674e-01 1.29038882e+00
    9.74874020e-01 -3.76582444e-01 8.56159925e-01 1.48835433e+00
    1.69481263e-01 -7.27802515e-02 -4.78744030e-01 1.25410628e+00
    5.73774934e-01 1.32671142e+00 2.80897528e-01 -2.96624541e-01
    -8.99403989e-02 6.63771987e-01 7.80535817e-01 1.41549051e+00
    1.65681088e+00 1.40414000e+00 1.50889337e+00 1.05134463e+00
    1.13124228e+00 -5.38421720e-02 4.90888238e-01 -4.07123446e-01
    -3.84847730e-01 1.57262778e+00 1.30411553e+00 4.67344373e-01
    1.87772632e-01 3.86449434e-02 -5.21508396e-01 8.57378364e-01
    1.29367507e+00 9.81766820e-01 -7.16681480e-01 1.57699680e+00
    -8.25078189e-01 -2.50589371e-01 9.39531446e-01 2.04836741e-01
    6.62924647e-01 1.64548957e+00 6.93693578e-01 1.21504605e+00
    1.04175842e+00 -6.92439020e-01 9.76601779e-01 1.58645988e+00
    5.43010309e-02 6.84414089e-01 6.33358434e-02 3.24523188e-02
    1.10105205e+00 1.02815068e+00 -4.51912224e-01 5.55608869e-01
    1.56404614e+00 1.51763543e-01 3.74489009e-01 1.11153150e+00
    -2.49752119e-01 -6.34815335e-01 4.96704340e-01 8.19868088e-01
    6.77858710e-01 1.03690755e+00 -4.41007137e-01 4.23968613e-01
    -2.37691090e-01 6.20983362e-01 7.14235306e-01 -2.80354440e-01
    -2.74371892e-01 9.00363028e-01 4.38869387e-01 -1.92362562e-01
    -5.85846901e-01 2.57076263e-01 1.04473424e+00 -5.64141035e-01
    7.55181909e-02 6.09246314e-01 8.69095802e-01 -3.70784491e-01
    1.54057622e+00 3.95994902e-01 9.49841619e-01 1.52557647e+00
    -2.24242687e-01 8.45490038e-01 -5.36319017e-01 -5.17623842e-01
    -3.45741570e-01 -2.98662663e-01 -3.57152969e-01 5.17934501e-01
    8.11540604e-01 5.37405014e-01 8.93223107e-01 -4.38052118e-01
    -2.33373016e-01 8.52476805e-02 -5.40480435e-01 1.09667420e+00
    -1.06329300e-01 -5.31496763e-01 -2.47085303e-01 3.60871047e-01
    1.11136448e+00 1.21899939e+00 4.49177057e-01 8.50575387e-01
    6.35245085e-01 -9.41484198e-02 1.40539587e+00 -4.28380013e-01
    -5.14598548e-01 1.03125346e+00 -5.84193110e-01 1.69021261e+00
    8.54377866e-01 1.41477358e+00 -3.63264859e-01 9.93522584e-01
    1.41619229e+00 2.99263597e-01 1.33597505e+00 1.36707926e+00
    4.51339722e-01 -2.94661701e-01 2.57854193e-01 6.23668849e-01
    -6.95832193e-01 5.34991860e-01 6.05808720e-02 7.22530484e-01
    -4.37011093e-01 1.24575162e+00 -1.15838110e-01 -5.75635731e-01
    -8.49276841e-01 5.27385831e-01 -3.42316747e-01 8.53872001e-01
    -5.55583060e-01 -6.54280335e-02 -6.00821614e-01 1.09678864e+00
    6.83728874e-01 5.82504392e-01 1.09288990e+00 7.51665831e-01
    1.54245913e+00 -1.06367014e-01 -1.59771353e-01 -2.98237801e-01
    6.90055072e-01 -3.51417929e-01 5.03441095e-01 1.01083338e+00
    -6.68192089e-01 9.34139371e-01 1.03321123e+00 1.73514223e+00
    1.05489397e+00 -6.77651107e-01 1.13133505e-01 7.40022838e-01
    1.40594006e+00 9.74954188e-01 1.39387119e+00 1.23011923e+00
    3.85837644e-01 -7.66288042e-02 8.99792135e-01 1.09024358e+00
    1.68085849e+00 1.28929806e+00 1.04930484e+00 4.62713502e-02
    1.55368340e+00 -4.45167452e-01 3.97477984e-01 1.38741958e+00
    8.37469041e-01 1.17319822e+00 -4.01960919e-03 9.46265340e-01
    6.50308132e-01 2.84959763e-01 1.39076900e+00 1.42730772e+00
    4.33002621e-01 -8.68629694e-01 -3.77741665e-01 1.61031997e+00
    4.03373122e-01 1.03222287e+00 -6.47982538e-01 1.17678201e+00
    -6.53714478e-01 3.23686302e-01 1.57707202e+00 1.15804267e+00
    8.42491090e-01 6.05403483e-01 4.18688774e-01 7.75091231e-01
    1.09070373e+00 2.49423012e-01 9.52894032e-01 -5.88925853e-02
    5.73160648e-01 1.03943622e+00 1.10181618e+00 -7.76419342e-01
    8.88260782e-01 -2.95130908e-02 7.43810385e-02 2.11971864e-01
    1.52891695e+00 1.69320893e+00 1.64526656e-01 -5.81964731e-01
    -5.87845266e-01 1.16608322e+00 -4.48266715e-01 5.70477366e-01
    -2.97261332e-03 5.60867071e-01 8.16641450e-01 1.09375441e+00
    9.88663554e-01 -6.77701592e-01 1.14408481e+00 8.14956069e-01
    6.71057463e-01 1.67200983e+00 -6.84603274e-01 1.18539524e+00
    2.91338950e-01 9.04289186e-02 1.61750066e+00 1.59367251e+00
    6.02324307e-01 5.78252086e-03 5.61943591e-01 1.39176774e+00
    -3.91575307e-01 1.71140623e+00 -5.49274325e-01 1.35549188e+00
    -7.54547179e-01 7.40198731e-01 1.55828226e+00 6.49754167e-01
    8.74372602e-01 -6.98891342e-01 9.04877484e-01 1.53175843e+00
    -6.86009601e-02 6.90061748e-01 3.18327218e-01 -2.46798575e-01
    3.47181797e-01 1.47866952e+00 -2.22042799e-01 -7.56743848e-01
    1.02740932e+00 1.10062957e+00 1.31475580e+00 -5.54086745e-01
    1.16342731e-01 -3.32307458e-01 1.26928377e+00 6.42359376e-01
    7.98090696e-02 1.03182924e+00 1.02333836e-01 9.65433896e-01
    9.46665108e-01 1.56983042e+00 -5.73110223e-01 5.61752031e-03
    6.96439803e-01 2.01915160e-01 1.31739891e+00 5.25876760e-01
    2.88191050e-01 1.47461247e+00 1.51904321e+00 -5.29841661e-01
    4.63477135e-01 7.62522519e-01 3.97899956e-01 -2.89574325e-01
    8.91218007e-01 -6.60111606e-01 1.08690858e+00 -4.76052254e-01
    -4.53315675e-01 1.15283740e+00 7.83355311e-02 9.09264922e-01
    -5.48625708e-01 -6.59629703e-02 1.53917384e+00 1.16709566e+00
    1.09875250e+00 9.51839447e-01 3.85505170e-01 -5.13414621e-01
    9.96935606e-01 -3.35139692e-01 5.26091039e-01 1.43501922e-01
    5.60991943e-01 6.05823874e-01 4.82500613e-01 1.09700859e+00
    -1.09223552e-01 1.21302772e+00 1.44260097e+00 -7.78520942e-01
    1.26260197e+00 -4.73892212e-01 2.20924556e-01 4.35621589e-01
    -4.68902171e-01 -1.66505575e-01 1.32767588e-01 -8.17661211e-02
    5.17254293e-01 -7.23771751e-01 -1.55360237e-01 1.06256247e+00
    1.77968591e-02 1.34061968e+00 9.45987880e-01 3.97372216e-01
    -7.37976193e-01 -3.41581821e-01 1.55647671e+00 8.23329747e-01
    1.02249444e-01 -3.19695771e-01 1.11050594e+00 -3.27168226e-01
    7.41539970e-02 1.23832548e+00 4.49575156e-01 6.23791158e-01
    1.40383899e+00 1.56686020e+00 -8.83522779e-02 4.17535096e-01
    1.01837434e-01 -8.74856338e-02 5.49956381e-01 1.15577197e+00
    4.74693984e-01 1.47873592e+00 1.57142484e+00 2.22335145e-01
    7.65292570e-02 1.69258213e+00 -2.49126077e-01 -4.91359830e-02
    6.43305480e-01 -4.22425359e-01 -4.70566928e-01 1.56251132e+00
    5.81297018e-02 -6.53075814e-01 1.01645663e-01 -2.68521279e-01
    -4.32875931e-01 1.12567115e+00 -6.58485591e-02 3.66761059e-01
    1.53395808e+00 1.73954153e+00 -7.84020126e-01 5.62470913e-01
    2.16216302e+00 1.90168428e+00 2.26041961e+00 1.30192697e+00
    1.77568793e+00 8.39231193e-01 1.24627268e+00 1.30573773e+00
    2.37649608e+00 1.22695184e+00 1.75227916e+00 1.03226221e+00
    1.96785295e+00 1.40646279e+00 1.81885326e+00 2.52674079e+00
    5.21999121e-01 1.90778577e+00 2.23435664e+00 2.53229833e+00
    2.34219027e+00 1.48014200e+00 9.77097824e-02 1.41402388e+00
    1.15326786e+00 1.86299479e+00 1.22641850e+00 3.34711969e-01
    1.11856377e+00 1.59885991e+00 8.26775730e-01 9.02549326e-01
    1.07052779e+00 1.53678679e+00 1.75453675e+00 1.82922256e+00
    8.23053420e-01 1.13008976e+00 1.66453171e+00 2.29985452e+00
    1.93678832e+00 1.46322370e+00 2.39804435e+00 2.14258051e+00
    6.85676694e-01 1.78411770e+00 1.77392647e-01 3.20873022e-01
    1.38972270e+00 4.84928221e-01 1.95162165e+00 2.46958089e+00
    2.30809879e+00 2.28098392e+00 1.40026045e+00 9.16944861e-01
    1.50657868e+00 1.39481294e+00 1.51879132e+00 9.96349990e-01
    1.98705029e+00 2.34878135e+00 9.42096055e-01 2.32251978e+00
    2.43191338e+00 1.71498513e+00 1.26329327e+00 5.34602880e-01
    2.30561423e+00 1.41680789e+00 1.86817396e+00 2.24012947e+00
    1.95415854e+00 1.35887015e+00 2.24625564e+00 2.45748329e+00
    5.90768218e-01 1.53197777e+00 2.26473904e+00 6.04853213e-01
    1.04924357e+00 2.41141248e+00 2.41554761e+00 2.37437773e+00
    1.31870106e-01 6.03155136e-01 1.76155722e+00 1.67017591e+00
    1.12111628e+00 2.20037603e+00 7.41782367e-01 5.28193116e-01
    1.42578208e+00 1.75813600e-01 3.52873385e-01 1.37078559e+00
    1.74902368e+00 2.26168847e+00 5.52077174e-01 1.76628327e+00
    2.47485638e+00 8.85103703e-01 1.64825034e+00 2.01465154e+00
    9.30500090e-01 1.50063586e+00 5.82027376e-01 2.00636578e+00
    1.13288236e+00 1.03705096e+00 1.40576982e+00 9.60979044e-01
    1.95118666e+00 9.02712405e-01 1.50306487e+00 2.34284401e+00
    1.36431253e+00 1.05926371e+00 4.28133130e-01 4.37231600e-01
    4.58327442e-01 9.34320152e-01 1.45179495e-01 1.58131826e+00
    3.90294701e-01 7.51468182e-01 2.23735213e+00 8.10174882e-01
    1.91514647e+00 1.01011384e+00 1.34759057e+00 1.28791106e+00
    1.40278924e+00 8.41169834e-01 1.70016491e+00 1.71455765e+00
    2.26117063e+00 1.48492551e+00 2.46530032e+00 1.94167662e+00
    8.93981814e-01 7.66611993e-01 7.20607877e-01 1.33148897e+00
    2.37210727e+00 1.41889048e+00 2.01684356e-01 1.89074254e+00
    2.25344872e+00 1.59828699e+00 4.81663972e-01 2.48259497e+00
    1.33704409e-01 1.42149365e+00 1.36552835e+00 1.27903193e-01
    7.86042511e-02 8.49050581e-01 1.23250556e+00 8.05516183e-01
    1.92750096e+00 2.42931604e+00 6.65437460e-01 1.87188137e+00
    2.28445506e+00 2.47043824e+00 7.16004550e-01 2.21585512e+00
    6.03356004e-01 6.07818663e-01 1.33692873e+00 1.54150796e+00
    8.91810477e-01 1.74304688e+00 1.65455890e+00 1.77286386e+00
    2.30105042e+00 2.12873054e+00 6.87904119e-01 1.04313099e+00
    1.66931713e+00 6.53526425e-01 1.45445538e+00 1.71788323e+00
    1.68596828e+00 1.19999683e+00 7.99481153e-01 1.24475884e+00
    2.52131033e+00 2.50099945e+00 1.54590094e+00 2.42932391e+00
    1.28375924e+00 2.44015193e+00 1.39728868e+00 2.40801764e+00
    1.16274047e+00 1.52038324e+00 1.60832250e+00 9.56614196e-01
    2.24702287e+00 1.45998430e+00 2.18044829e+00 2.44014311e+00
    1.95700598e+00 4.63655770e-01 2.28443933e+00 2.05815881e-01
    6.61729157e-01 8.80535096e-02 1.65115547e+00 2.00342274e+00
    1.21008074e+00 1.39263928e+00 1.93829298e+00 5.52047014e-01
    9.11686301e-01 2.23355031e+00 2.54659295e+00 1.63142419e+00
    5.04025578e-01 2.34949374e+00 2.07012248e+00 7.54180193e-01
    2.74512917e-01 1.81858629e-01 1.13378632e+00 1.11073172e+00
    1.70155704e+00 3.44749570e-01 2.72658165e-03 2.06532717e+00
    1.50563574e+00 1.29890084e+00 4.38136488e-01 2.82784402e-01
    2.33976221e+00 2.22429323e+00 1.42703426e+00 6.18951738e-01
    2.61581451e-01 1.85845387e+00 6.19602799e-01 2.02045107e+00
    2.29412627e+00 1.42271769e+00 1.89333749e+00 1.26390553e+00
    7.74800837e-01 5.39073706e-01 2.82187134e-01 6.25007972e-02
    2.41985583e+00 8.98882076e-02 3.96884918e-01 2.53636241e+00</data></your_img>
</opencv_storage>
