<?xml version="1.0"?>
<opencv_storage>
<g>1.9199999999999999e+00</g>
<r>4</r>
<L2_diff>1.8810824650254464e+01</L2_diff>
<filter-type>0</filter-type>
<circular>1</circular>
<test_img type_id="opencv-matrix">
  <rows>128</rows>
  <cols>256</cols>
  <dt>f</dt>
  <data>
    2.65870154e-01 7.32487857e-01 9.84564841e-01 6.98835552e-02
    3.28299314e-01 1.21488690e-01 9.93913293e-01 2.06345081e-01
    1.04755074e-01 3.90166134e-01 6.55113220e-01 2.73355335e-01
    5.16254842e-01 7.28067935e-01 2.65469372e-01 5.49069643e-01
    5.87794244e-01 9.71883118e-01 5.65780699e-01 1.60953224e-01
    5.88525832e-01 1.55787826e-01 8.85658860e-01 9.69141126e-01
    7.65887976e-01 4.35967714e-01 6.16856754e-01 8.91419053e-01
    3.57193053e-01 6.52087331e-02 1.21659815e-01 5.51414251e-01
    6.28961444e-01 5.76028168e-01 3.04877758e-01 7.65008926e-01
    8.12286913e-01 7.54127443e-01 7.18061566e-01 1.27523184e-01
    9.07328606e-01 1.32647812e-01 1.51830465e-01 5.23144901e-02
    3.59824896e-01 6.57631159e-02 8.55072021e-01 2.45174140e-01
    1.93269938e-01 3.47696543e-02 5.28412819e-01 6.35510385e-01
    9.58334148e-01 3.26129496e-01 9.32255268e-01 2.39568233e-01
    4.65940475e-01 1.59712642e-01 1.15824103e-01 4.42864031e-01
    1.89234316e-01 6.39032364e-01 6.33153379e-01 5.61506689e-01
    6.45482719e-01 1.27351671e-01 8.40185642e-01 9.51241732e-01
    5.18479824e-01 2.60822892e-01 9.95859802e-01 9.54216361e-01
    4.94806260e-01 3.58913362e-01 9.64291513e-01 4.65751499e-01
    8.63230348e-01 3.09177995e-01 5.99988639e-01 9.90342855e-01
    1.54482543e-01 2.48034477e-01 7.35097766e-01 2.09984034e-01
    2.66106665e-01 6.17330670e-01 3.40935946e-01 3.09315264e-01
    8.41219783e-01 6.15608990e-01 6.21880651e-01 4.30595875e-01
    1.72486752e-01 5.06737232e-02 7.36977518e-01 4.01303589e-01
    8.28589082e-01 3.28500688e-01 2.72032022e-02 3.61612976e-01
    4.89218146e-01 4.40592080e-01 9.54883575e-01 3.10562789e-01
    1.73246294e-01 8.91146421e-01 1.98868722e-01 2.26368606e-02
    8.21097732e-01 6.71231031e-01 7.07561851e-01 8.22247267e-01
    1.60935104e-01 7.17397928e-01 8.70015085e-01 7.86556661e-01
    7.34810591e-01 1.37336254e-02 8.52212965e-01 7.47260451e-01
    3.13097149e-01 1.92298263e-01 6.77686334e-02 8.88533592e-01
    9.91768777e-01 5.26504993e-01 9.54566002e-01 6.35799885e-01
    1.78500116e-02 9.38550830e-01 5.61205328e-01 8.36939931e-01
    9.54011917e-01 1.11555755e-01 1.87192976e-01 6.89950883e-02
    6.65267885e-01 9.78672922e-01 4.04540062e-01 5.52375674e-01
    1.94002956e-01 1.94841892e-01 7.66089320e-01 2.75721073e-01
    2.20398188e-01 6.67164207e-01 1.88290119e-01 6.17464185e-02
    1.09544367e-01 1.31955624e-01 3.64356756e-01 1.04345441e-01
    6.04382038e-01 9.88017499e-01 1.65169001e-01 2.73586988e-01
    6.31061435e-01 1.62983835e-02 9.79984403e-01 4.66571450e-01
    9.02747631e-01 1.73383057e-02 4.19935197e-01 9.50420022e-01
    8.31341147e-02 6.76306129e-01 9.00844693e-01 9.23878849e-02
    6.77314699e-01 8.44094515e-01 6.94115639e-01 5.43296814e-01
    8.70724916e-02 8.18111598e-02 5.16085207e-01 3.10161114e-01
    8.02086949e-01 2.04693794e-01 4.82734740e-01 2.15654790e-01
    3.68510544e-01 2.27172494e-01 4.75927174e-01 2.04352081e-01
    7.68312156e-01 1.60387814e-01 4.57789123e-01 8.24814260e-01
    6.14655852e-01 7.28327632e-01 4.50944543e-01 8.83266330e-01
    4.86205339e-01 8.66550803e-01 1.23121828e-01 2.83610731e-01
    5.91328144e-01 1.46998644e-01 1.31316602e-01 5.86907864e-01
    7.99393773e-01 5.42193949e-01 5.10207772e-01 9.34112668e-01
    1.91843659e-01 1.86901152e-01 7.82756746e-01 9.42945004e-01
    2.05981284e-01 1.01915061e-01 2.37176120e-01 6.53105021e-01
    3.31950128e-01 4.93229628e-01 2.92626321e-01 2.67705739e-01
    9.30698514e-01 2.98976481e-01 8.48115265e-01 9.21917319e-01
    3.74663800e-01 4.33288813e-02 7.96147287e-02 4.14363384e-01
    5.36515653e-01 3.82178485e-01 8.02157164e-01 9.56519604e-01
    7.06971288e-01 1.94288731e-01 2.90933251e-03 6.22919500e-01
    7.28640556e-02 4.02705222e-01 5.88422537e-01 8.01686347e-02
    9.65515614e-01 7.15551257e-01 9.28542018e-01 5.65277457e-01
    4.08498555e-01 9.76055503e-01 5.60520649e-01 5.96894026e-02
    5.27597249e-01 1.40342116e-02 4.13967311e-01 9.87174809e-01
    3.11894000e-01 9.39325333e-01 4.68205333e-01 9.69057739e-01
    7.53087997e-01 5.86923420e-01 2.45610774e-02 3.27031404e-01
    3.27526450e-01 8.29334974e-01 6.29415512e-01 9.80369389e-01
    7.32603133e-01 7.87026107e-01 1.01507008e-02 2.72064805e-02
    2.14931250e-01 1.29629374e-01 1.82195157e-01 8.36738944e-01
    2.43248999e-01 8.74873936e-01 6.50299251e-01 1.36933029e-01
    7.90062904e-01 1.76086843e-01 6.16076708e-01 4.47866797e-01
    2.31734514e-01 8.01678300e-01 5.18711329e-01 2.69722611e-01
    8.75988126e-01 6.09845579e-01 6.46142602e-01 9.53229547e-01
    1.38966888e-01 8.92761350e-01 6.85067892e-01 2.11618632e-01
    5.37519574e-01 4.55856323e-02 1.16665393e-01 5.78450620e-01
    4.54322815e-01 2.19655126e-01 2.53407776e-01 4.39883709e-01
    4.88952905e-01 7.04008102e-01 8.21065307e-01 5.11732161e-01
    1.85405493e-01 2.45705783e-01 3.28923583e-01 3.10722351e-01
    6.77281678e-01 9.12948787e-01 1.61663532e-01 7.84976423e-01
    5.14096379e-01 5.82421362e-01 9.97330427e-01 3.10654342e-02
    8.89487922e-01 7.24019468e-01 4.11883146e-01 5.53012371e-01
    3.64309371e-01 2.12461442e-01 5.72007716e-01 2.88572609e-02
    4.24913108e-01 1.14966214e-01 9.82988954e-01 4.94264513e-01
    9.05944943e-01 4.35852557e-01 8.63734663e-01 7.22048581e-01
    4.88123298e-02 6.62994742e-01 5.04752159e-01 9.47059989e-01
    2.40799040e-01 5.51795244e-01 2.26128280e-01 1.65087223e-01
    6.08776808e-01 1.82404250e-01 8.39699984e-01 8.54477048e-01
    1.86915308e-01 4.44150597e-01 9.31830645e-01 2.06260294e-01
    1.60266727e-01 5.46829402e-02 5.63002467e-01 8.54290485e-01
    7.33356118e-01 8.29297006e-02 7.89776623e-01 7.22981095e-01
    3.05218995e-01 8.37615848e-01 6.39613509e-01 1.53082311e-02
    8.95042956e-01 6.94883704e-01 7.76722312e-01 8.69137645e-01
    3.17386985e-02 3.14527303e-01 6.52465999e-01 9.25632834e-01
    3.71299148e-01 4.16820347e-01 3.12726676e-01 8.23967695e-01
    1.31970346e-02 6.03752732e-01 2.96059430e-01 8.01252723e-01
    1.37875289e-01 6.84077382e-01 3.26023012e-01 6.22859657e-01
    5.78827381e-01 9.95613694e-01 1.11661583e-01 2.90197134e-03
    9.92528379e-01 2.65844941e-01 6.89196885e-01 3.64463657e-01
    5.79972267e-02 5.91561317e-01 2.26402104e-01 4.88216221e-01
    7.67834425e-01 2.15630502e-01 7.76235700e-01 6.60636306e-01
    9.14276898e-01 5.22976279e-01 5.03992498e-01 6.92311585e-01
    8.67141724e-01 3.45823705e-01 4.13069993e-01 4.66740698e-01
    9.74396110e-01 9.64301646e-01 5.49784124e-01 8.78227234e-01
    9.53339517e-01 1.95853770e-01 9.08241391e-01 4.43316609e-01
    5.67921162e-01 4.79178011e-01 4.24443960e-01 8.05710912e-01
    6.10617161e-01 3.42427194e-01 6.98325038e-03 2.56502986e-01
    9.62529540e-01 4.32848632e-01 5.79766393e-01 9.42719340e-01
    4.21983033e-01 3.55354965e-01 9.98324752e-01 4.78051990e-01
    8.18251312e-01 1.22443736e-02 9.77524817e-02 3.38504076e-01
    5.82081854e-01 4.65448499e-02 5.03872991e-01 7.56074846e-01
    8.96564484e-01 1.47655904e-01 4.64443535e-01 2.32935280e-01
    3.67558002e-01 8.41667175e-01 5.91311634e-01 6.78288698e-01
    8.02051604e-01 1.57223254e-01 9.18184876e-01 1.95852399e-01
    4.22167271e-01 3.42117041e-01 4.97408211e-02 3.01699102e-01
    3.66024971e-01 7.52884746e-01 1.66043639e-03 5.81600547e-01
    2.48566568e-01 1.85703665e-01 1.17541850e-01 2.58156925e-01
    5.22828519e-01 5.08604586e-01 3.86718929e-01 5.10687053e-01
    7.83745646e-02 6.48877621e-01 4.03391719e-01 4.80945200e-01
    2.29322255e-01 1.34300530e-01 4.79201943e-01 2.36319572e-01
    4.47739035e-01 6.98273361e-01 7.86800146e-01 7.33064234e-01
    8.28406811e-01 5.59066117e-01 4.30158049e-01 9.95516896e-01
    7.08954513e-01 4.28750753e-01 3.91489267e-03 7.67035127e-01
    8.76202941e-01 2.77363718e-01 4.32494164e-01 1.62748396e-02
    3.76477182e-01 5.07242739e-01 5.70184946e-01 3.66471410e-01
    5.44821680e-01 5.60510159e-03 3.35415602e-01 7.76550770e-02
    3.43792439e-02 3.89787674e-01 6.29112005e-01 2.32166320e-01
    6.29813254e-01 6.96835339e-01 8.82553458e-01 8.23496461e-01
    9.10724878e-01 2.73507833e-03 3.53692979e-01 8.93042922e-01
    6.98947191e-01 3.59139562e-01 3.50765884e-02 6.09901488e-01
    3.60038728e-01 3.75141293e-01 1.53365642e-01 6.93157136e-01
    1.82287097e-02 5.46667755e-01 9.75448370e-01 9.26102400e-01
    3.14420640e-01 5.22175133e-01 5.59787750e-01 9.78041530e-01
    6.64442062e-01 2.62434065e-01 6.92332506e-01 5.77167571e-02
    2.58575022e-01 3.49748015e-01 7.67171979e-01 2.28708714e-01
    6.29574776e-01 7.85086155e-01 1.12076432e-01 2.79392630e-01
    5.87847054e-01 4.22151208e-01 8.42624307e-01 5.33384323e-01
    2.31295288e-01 2.82942593e-01 1.82792544e-02 2.68633127e-01
    2.72794813e-01 6.64376616e-01 9.52557206e-01 5.03737688e-01
    6.61557972e-01 5.74930906e-01 7.22423196e-01 8.42832029e-01
    6.38357520e-01 6.10318482e-01 9.74743068e-01 7.89287686e-02
    5.13556302e-01 6.22369349e-01 6.87681317e-01 9.83855009e-01
    3.59457433e-01 9.21369493e-02 7.33411193e-01 9.47144747e-01
    7.49421418e-02 4.31303233e-01 7.30653524e-01 2.51564920e-01
    3.96218896e-01 7.09048092e-01 1.65442437e-01 5.86684287e-01
    8.52275074e-01 1.55821294e-01 5.18139899e-02 4.38109219e-01
    8.46684098e-01 3.00522357e-01 6.14757717e-01 7.33041763e-02
    3.74746501e-01 5.01095116e-01 5.95635712e-01 4.94253039e-01
    7.76776373e-02 2.39997059e-01 4.55797791e-01 7.00652242e-01
    5.33128202e-01 3.15444052e-01 6.09218717e-01 2.52455920e-01
    7.81659245e-01 3.40797305e-01 8.40340734e-01 8.77248287e-01
    4.34726477e-04 1.42394304e-02 8.91859770e-01 3.21014315e-01
    5.98640680e-01 7.74229646e-01 5.14836311e-01 8.87811542e-01
    3.95651132e-01 2.49446899e-01 3.39375973e-01 9.35554266e-01
    2.65450358e-01 2.46809721e-01 2.07942218e-01 5.05109370e-01
    3.12169373e-01 1.37933493e-02 1.49538100e-01 7.20288992e-01
    1.16204590e-01 8.45979095e-01 1.91687971e-01 9.64256406e-01
    1.00203753e-01 2.60853648e-01 1.11482650e-01 1.31030232e-01
    5.71013927e-01 5.72393417e-01 2.93173641e-01 6.65867627e-02
    6.83725476e-01 8.20464373e-01 3.21827352e-01 7.51287639e-02
    6.21161461e-01 4.89329219e-01 3.76012474e-01 9.12295580e-02
    3.24345529e-02 4.26571667e-02 7.88877726e-01 4.93535697e-01
    5.50611675e-01 7.77394772e-01 6.04810476e-01 6.35157883e-01
    8.45391035e-01 3.69771123e-02 1.50142103e-01 6.36383593e-01
    7.31727719e-01 7.88470745e-01 7.57960439e-01 5.21045446e-01
    4.63411659e-01 3.60003382e-01 8.88535142e-01 5.64140320e-01
    3.17225099e-01 8.67040277e-01 7.71090806e-01 3.16206336e-01
    7.33100355e-01 5.73422968e-01 9.05637383e-01 8.12426329e-01
    7.07405925e-01 4.42142189e-02 4.44907755e-01 6.33475780e-01
    3.37415427e-01 1.43968761e-01 8.35422158e-01 9.03952479e-01
    4.96762842e-01 6.14082158e-01 5.47525406e-01 5.80039024e-01
    7.84074426e-01 1.29835874e-01 4.71995652e-01 6.31485224e-01
    7.97800124e-01 1.89076424e-01 7.43886113e-01 6.84996009e-01
    3.04248571e-01 3.33683044e-01 2.91597575e-01 3.31479192e-01
    5.41951180e-01 7.44468153e-01 8.60064387e-01 7.03891039e-01
    2.81800330e-01 7.14961886e-02 9.65240836e-01 3.70714247e-01
    1.60602182e-01 4.93311822e-01 8.76543522e-01 7.10249782e-01
    4.41526890e-01 7.56257176e-01 4.12447512e-01 7.60686517e-01
    3.10306787e-01 7.62527049e-01 9.46447253e-01 4.71102208e-01
    4.62866604e-01 8.46364975e-01 9.18082833e-01 4.17329162e-01
    8.26909482e-01 8.69048595e-01 3.72569680e-01 8.55166435e-01
    5.64588070e-01 2.05863446e-01 5.54444134e-01 7.60286093e-01
    1.30692512e-01 9.66935754e-01 9.27923799e-01 7.71471500e-01
    8.88730645e-01 3.20084393e-01 7.32548535e-02 8.63444328e-01
    4.41394269e-01 5.88083088e-01 9.15219724e-01 9.75899398e-02
    8.72925282e-01 3.44573677e-01 1.64139003e-01 3.05686951e-01
    2.75240481e-01 6.96485996e-01 8.24134648e-02 5.81857443e-01
    4.16769117e-01 3.98948014e-01 5.64826727e-01 6.84545636e-01
    6.79725647e-01 2.78792441e-01 2.14545876e-01 9.06979144e-01
    3.59708130e-01 1.10298246e-01 3.69900465e-02 9.25325274e-01
    4.65946853e-01 8.64192545e-01 4.89855915e-01 8.13894093e-01
    4.82987523e-01 9.90584493e-01 6.52531922e-01 7.32466340e-01
    2.18390435e-01 9.32472467e-01 5.30055285e-01 2.70888329e-01
    7.56228507e-01 1.18037045e-01 9.11460102e-01 9.22912002e-01
    4.93373692e-01 2.67665505e-01 9.92682397e-01 1.20508075e-01
    7.97675610e-01 5.69265604e-01 2.56668210e-01 3.82890314e-01
    7.03838825e-01 1.58720613e-01 3.02981079e-01 1.09395087e-01
    4.21611845e-01 4.37928885e-01 3.18720698e-01 7.71596432e-01
    3.73508155e-01 2.83125639e-02 4.03592974e-01 6.46799207e-01
    8.87676716e-01 7.47351408e-01 6.49578571e-01 1.32113636e-01
    5.62015474e-01 8.36738169e-01 3.00518721e-01 4.56324518e-02
    6.54423356e-01 6.08943820e-01 7.20585704e-01 1.54173076e-02
    9.98467088e-01 2.79657304e-01 3.30256075e-01 2.51172036e-01
    5.54415166e-01 9.20447469e-01 6.31242037e-01 1.26876444e-01
    8.53009939e-01 8.55524659e-01 6.82084024e-01 6.69213176e-01
    7.31609881e-01 3.12793255e-03 2.66133130e-01 4.75810528e-01
    6.19316339e-01 1.05386078e-01 7.57777810e-01 4.39292490e-01
    1.96369410e-01 5.92405140e-01 9.79306400e-01 4.25890118e-01
    1.99861884e-01 1.70090795e-01 4.85372961e-01 1.57636732e-01
    4.27775383e-01 1.76433742e-01 8.70085776e-01 3.46759021e-01
    1.47507191e-02 1.54149026e-01 3.11586887e-01 5.90535700e-01
    8.45482469e-01 7.01932311e-01 3.21848005e-01 6.35511518e-01
    2.76147544e-01 8.25767398e-01 8.89528811e-01 3.82613063e-01
    6.74550712e-01 1.89375609e-01 5.69012880e-01 3.07593018e-01
    6.41362906e-01 4.62159246e-01 1.94804579e-01 8.76005769e-01
    9.94757414e-02 8.66317511e-01 1.96303338e-01 9.29402173e-01
    6.42029047e-01 5.69449604e-01 8.23655605e-01 2.85064042e-01
    7.71280408e-01 1.78543627e-02 9.33779359e-01 9.28403854e-01
    4.31570053e-01 1.11979336e-01 9.81768370e-01 1.64012611e-01
    3.63115251e-01 9.84906673e-01 6.02375031e-01 4.88160014e-01
    4.30294871e-01 3.95474076e-01 1.45822644e-01 2.40501463e-01
    4.54278409e-01 8.81149888e-01 5.63250363e-01 8.34453344e-01
    7.40084887e-01 5.51717043e-01 3.94997716e-01 2.51928568e-01
    5.27597308e-01 7.24608898e-01 3.85535300e-01 9.34817433e-01
    8.18381011e-02 5.00536382e-01 4.93294001e-02 5.12120426e-01
    9.43448901e-01 4.36851233e-01 6.12159312e-01 3.58207673e-01
    3.47114325e-01 6.75945103e-01 2.60133326e-01 3.02539438e-01
    4.26658154e-01 6.34089530e-01 9.98235583e-01 6.67766213e-01
    4.50570613e-01 5.05066454e-01 2.11309075e-01 1.53364271e-01
    4.76646274e-01 3.63561094e-01 3.87734175e-02 5.59287071e-02
    7.24763215e-01 5.80392063e-01 1.25147641e-01 2.67257750e-01
    9.52398300e-01 7.33931065e-01 5.76237977e-01 7.65505672e-01
    9.75939751e-01 4.58894670e-01 8.59470725e-01 9.51730967e-01
    1.49284840e-01 7.24651217e-02 4.20547068e-01 6.40575767e-01
    6.42615318e-01 7.00866222e-01 1.30256474e-01 1.00943446e-01
    4.72002000e-01 2.16994613e-01 6.30859435e-01 6.77443326e-01
    9.07851458e-02 6.23140037e-02 2.88192153e-01 9.21666503e-01
    7.20956206e-01 9.86965895e-02 3.28009188e-01 3.27268362e-01
    9.46381152e-01 9.72595692e-01 7.89952397e-01 1.38147771e-01
    1.73259526e-01 3.60480011e-01 5.80281556e-01 5.91825366e-01
    9.86263871e-01 5.50419092e-04 4.49315667e-01 2.03050345e-01
    2.36417055e-01 1.68155044e-01 2.97265172e-01 3.64074707e-01
    2.04272777e-01 4.34086800e-01 7.97343612e-01 2.54102260e-01
    3.63685548e-01 9.46831405e-02 5.62394440e-01 9.83303308e-01
    5.58479548e-01 8.49277675e-02 7.43023157e-01 9.44153666e-02
    2.64109761e-01 3.95099282e-01 6.49630904e-01 9.72370267e-01
    1.22775614e-01 9.60132360e-01 8.21142435e-01 3.19018722e-01
    3.50400686e-01 6.45922899e-01 4.25415933e-01 7.51102269e-01
    2.49707311e-01 5.30725837e-01 7.91195035e-03 3.12179446e-01
    1.65580034e-01 6.47152185e-01 3.95436734e-01 8.37257445e-01
    4.84761387e-01 7.39704728e-01 1.64198279e-02 8.82616341e-01
    5.65950572e-01 4.14096892e-01 3.59996498e-01 6.13112450e-02
    6.35327697e-01 1.87799037e-02 3.69595975e-01 9.54979658e-01
    1.37324125e-01 8.65965605e-01 3.10716271e-01 9.41018343e-01
    4.98419940e-01 7.73938715e-01 1.31691545e-01 4.49738532e-01
    8.43189240e-01 2.40877807e-01 2.50941515e-02 4.15529311e-01
    8.84389281e-01 3.85983735e-01 6.40890658e-01 6.42897964e-01
    8.46592426e-01 4.33937907e-02 4.20654714e-01 1.80629998e-01
    8.67136240e-01 3.49871576e-01 5.51550806e-01 4.76633310e-01
    2.89285541e-01 2.10580736e-01 6.97959542e-01 8.81719232e-01
    4.65275675e-01 5.15439391e-01 3.37114573e-01 9.12332833e-01
    7.19351649e-01 5.61953008e-01 4.91561502e-01 2.83339918e-01
    5.00536919e-01 4.72506016e-01 1.07815325e-01 5.17553985e-01
    5.92163503e-02 9.14208055e-01 1.94288462e-01 6.04455471e-01
    4.61004972e-01 1.96661055e-01 8.41731668e-01 4.84909475e-01
    8.76241922e-03 9.45997298e-01 4.53149885e-01 2.32490957e-01
    3.96279693e-02 7.19428599e-01 8.00985634e-01 3.94631654e-01
    5.55871665e-01 9.28860068e-01 9.30021644e-01 2.26290524e-01
    2.09082007e-01 7.03517616e-01 7.70147681e-01 5.47854066e-01
    7.82231688e-01 5.66782892e-01 9.92295265e-01 6.22268319e-02
    5.85229218e-01 7.36562133e-01 1.15728408e-01 8.01310539e-02
    8.47782373e-01 7.12828517e-01 2.78081805e-01 9.33506966e-01
    5.95104873e-01 6.51557565e-01 1.46260887e-01 3.07171643e-01
    7.28206933e-01 8.42228055e-01 7.85310864e-01 2.99391150e-02
    4.52584416e-01 8.31334829e-01 2.46439785e-01 7.83820271e-01
    2.61025548e-01 5.65627515e-01 7.92412996e-01 7.95675993e-01
    5.19397557e-02 1.10721767e-01 8.85652781e-01 9.73228991e-01
    1.99382186e-01 9.58825648e-02 9.88751411e-01 2.50319928e-01
    6.45020485e-01 9.24960196e-01 8.06253910e-01 8.06165278e-01
    3.18768829e-01 9.78175640e-01 6.61691248e-01 2.28135258e-01
    7.83143342e-02 8.98854434e-01 3.76361072e-01 3.31449211e-01
    8.97153020e-01 4.65526015e-01 8.64272177e-01 6.52408302e-01
    7.72792995e-02 1.03615940e-01 9.81001258e-01 9.30890739e-01
    8.45791101e-01 9.72402990e-01 8.51106524e-01 5.66272795e-01
    3.90230238e-01 4.91976589e-01 4.68752354e-01 8.69935155e-01
    3.28155696e-01 9.29753065e-01 3.88038069e-01 2.74250984e-01
    8.91955853e-01 6.80738986e-01 7.67685652e-01 8.01615417e-01
    8.46143723e-01 3.46915066e-01 4.03061807e-02 8.09818864e-01
    9.85340774e-01 5.87453365e-01 6.19361162e-01 5.95615029e-01
    2.05489695e-01 9.76255536e-01 4.79343325e-01 7.65433848e-01
    7.33313799e-01 1.09060854e-01 2.41315544e-01 4.51523572e-01
    2.23020226e-01 9.81440067e-01 4.89813089e-01 2.95967937e-01
    8.01508427e-01 3.19842100e-02 1.02183312e-01 5.06114602e-01
    7.34256744e-01 9.05590177e-01 7.08499849e-01 3.39655846e-01
    6.78049386e-01 6.06839955e-02 9.05230045e-02 9.51832592e-01
    4.50962603e-01 6.40450835e-01 6.59146547e-01 5.09476662e-01
    4.37812716e-01 3.38251889e-02 3.82308364e-02 1.82515293e-01
    3.01938593e-01 2.20118731e-01 3.89662385e-02 4.34371024e-01
    8.88417900e-01 8.18121433e-02 8.04608166e-01 4.58009899e-01
    4.89475608e-01 4.87680286e-01 2.58929014e-01 2.61634469e-01
    4.25397754e-02 5.34852743e-01 1.47222370e-01 8.86418879e-01
    9.29496229e-01 5.16407251e-01 1.70585513e-03 5.42743742e-01
    2.82158256e-01 6.32304549e-01 5.85920572e-01 9.56550837e-01
    3.38476181e-01 8.21751654e-02 3.39649439e-01 6.34854436e-01
    6.68651402e-01 2.82885253e-01 2.15462953e-01 2.27178872e-01
    3.25573683e-02 7.28583694e-01 8.12651515e-02 4.69020247e-01
    5.73776186e-01 9.55248237e-01 6.17336094e-01 7.57246852e-01
    6.61705613e-01 2.93685198e-01 6.15824938e-01 8.28605175e-01
    3.56244683e-01 1.49033010e-01 7.56370485e-01 4.00557071e-01
    4.77401584e-01 2.82346547e-01 3.88300061e-01 6.30684972e-01
    2.86857605e-01 9.93313015e-01 4.65882421e-01 4.82468188e-01
    1.79525226e-01 1.15455955e-01 5.25015116e-01 3.33781779e-01
    9.06903148e-01 8.98796916e-01 6.32738352e-01 8.31541657e-01
    7.55106449e-01 9.82748806e-01 3.07306111e-01 4.97557372e-01
    3.49976122e-02 2.11969912e-01 3.48700047e-01 6.32955432e-01
    3.74878764e-01 5.39784074e-01 9.26485956e-02 5.92236757e-01
    4.20972943e-01 1.91909939e-01 3.89416635e-01 3.81060123e-01
    9.66660261e-01 3.44876170e-01 4.56562430e-01 6.54902220e-01
    1.45264477e-01 1.91047519e-01 1.92023426e-01 6.35924518e-01
    4.73957688e-01 2.34762639e-01 2.08242148e-01 3.50100607e-01
    6.14793301e-02 8.10502648e-01 9.86289978e-01 5.13502419e-01
    9.39240992e-01 7.57591128e-01 4.72950339e-02 4.55466241e-01
    6.03502214e-01 9.76022303e-01 4.12365079e-01 2.01014072e-01
    6.96753323e-01 3.05392921e-01 8.98846626e-01 2.19542414e-01
    3.13400805e-01 4.08224761e-01 1.13460600e-01 5.26594043e-01
    4.48633939e-01 7.33366907e-01 2.63126284e-01 9.56051111e-01
    1.37039155e-01 5.76016307e-03 1.44866914e-01 9.13304329e-01
    6.10998392e-01 7.04834700e-01 4.51872677e-01 4.75391150e-02
    3.12654018e-01 7.53875494e-01 9.69424844e-01 1.50225043e-01
    2.32982934e-01 8.49265754e-02 4.75951999e-01 1.15175843e-02
    4.72197205e-01 9.14741993e-01 7.03954697e-01 8.09880137e-01
    3.20882678e-01 7.15194225e-01 8.17907989e-01 7.04489470e-01
    8.62337947e-01 1.29926920e-01 4.01749223e-01 1.56958967e-01
    7.71383882e-01 8.39507580e-03 7.50533104e-01 7.99939513e-01
    2.85406172e-01 4.24747378e-01 5.95977545e-01 6.17062807e-01
    9.90007758e-01 8.33091974e-01 7.03074276e-01 4.13638294e-01
    2.99226880e-01 3.50140005e-01 4.52530056e-01 2.96495080e-01
    3.39409411e-01 9.95432436e-02 5.47283232e-01 7.92230487e-01
    1.82846934e-01 6.78189635e-01 6.81993663e-02 8.27077031e-01
    9.44398880e-01 8.93866658e-01 1.41446650e-01 7.94525146e-01
    9.06929970e-01 4.62991029e-01 6.59836829e-01 2.41508991e-01
    3.73555183e-01 5.68428814e-01 3.85492772e-01 8.13059926e-01
    4.23496306e-01 5.18690526e-01 3.03823948e-01 2.03684151e-01
    6.26367033e-02 8.71061325e-01 2.98357606e-01 9.36199665e-01
    4.73141074e-02 4.67243224e-01 3.57547164e-01 3.70818496e-01
    1.48540080e-01 5.94243765e-01 7.40747690e-01 8.65698695e-01
    6.65250421e-01 9.29114223e-01 7.63766110e-01 8.79015386e-01
    6.65936053e-01 1.43289089e-01 4.83436882e-02 4.88734245e-03
    7.40060091e-01 8.62066507e-01 6.93871260e-01 9.88022625e-01
    6.97389305e-01 8.00910234e-01 1.20691270e-01 9.29737926e-01
    9.65423226e-01 7.82646298e-01 8.55606198e-01 7.58732677e-01
    4.65908855e-01 5.22036016e-01 3.72070521e-01 2.82648325e-01
    6.08485341e-02 9.94737446e-02 5.68431795e-01 6.50037885e-01
    6.43827021e-02 1.53909683e-01 7.09633589e-01 3.94312501e-01
    6.96777463e-01 1.51113570e-02 9.59858596e-01 8.02911043e-01
    5.54757357e-01 7.46280789e-01 1.16880327e-01 2.43233740e-01
    2.14570254e-01 5.07443845e-02 1.93678468e-01 8.14119875e-02
    5.93372524e-01 8.88771713e-01 3.52188498e-01 5.60952842e-01
    1.70767426e-01 3.42273504e-01 3.75313938e-01 3.53537858e-01
    9.53262985e-01 8.53125334e-01 3.20924878e-01 6.35483265e-01
    8.24324787e-01 5.45835197e-01 6.01971269e-01 9.04803991e-01
    3.41101289e-02 1.65953189e-01 2.37184733e-01 9.18748498e-01
    8.02974463e-01 8.44777167e-01 8.58824253e-02 9.97570992e-01
    3.39526832e-02 3.28524053e-01 1.36137307e-02 6.45106316e-01
    8.78505111e-01 7.74471521e-01 7.93145597e-02 1.24189764e-01
    3.11299175e-01 1.89947456e-01 7.19177127e-02 7.58796990e-01
    5.07366061e-02 4.70209837e-01 2.13804007e-01 8.23814452e-01
    1.43205255e-01 5.21764874e-01 1.29442960e-01 8.23995829e-01
    8.25471044e-01 8.11416149e-01 4.03065234e-01 7.48424292e-01
    8.60392988e-01 8.16474915e-01 7.10708201e-01 5.60322464e-01
    9.10209179e-01 2.03496605e-01 8.33510220e-01 6.26690745e-01
    6.99117661e-01 6.18457019e-01 2.64284313e-02 4.82746661e-01
    7.85885453e-02 6.15128040e-01 9.53865111e-01 9.86199379e-01
    6.57704055e-01 5.85248172e-01 2.91976899e-01 5.45410395e-01
    9.52244222e-01 3.56713235e-02 1.19840592e-01 8.83067369e-01
    2.11411119e-02 9.63089168e-01 2.88748741e-02 3.05197537e-01
    1.49875909e-01 9.40620899e-01 3.43486547e-01 8.27692568e-01
    3.76577854e-01 2.56613970e-01 8.43899965e-01 9.21180725e-01
    7.00532198e-02 5.29948354e-01 2.60891199e-01 6.71423912e-01
    5.64068735e-01 4.61246878e-01 5.46109378e-01 5.95458388e-01
    9.99971151e-01 8.76234293e-01 9.87723827e-01 5.64970970e-02
    7.15085745e-01 1.59413517e-01 2.07479388e-01 4.03425992e-02
    6.29464924e-01 7.20713556e-01 8.46477151e-01 3.38357598e-01
    6.66846871e-01 8.43193650e-01 5.59528112e-01 8.14957917e-01
    9.27120626e-01 3.88103604e-01 9.97883260e-01 1.35095358e-01
    6.49918914e-02 9.97621953e-01 6.24424636e-01 4.34924901e-01
    7.49254167e-01 3.52458179e-01 3.82554591e-01 7.98362613e-01
    4.10713911e-01 4.83621091e-01 6.07450008e-01 5.01917303e-01
    9.91596580e-02 3.63573551e-01 2.10176498e-01 6.36251986e-01
    1.96638674e-01 6.72613382e-01 1.12981498e-02 2.86916971e-01
    2.78438687e-01 8.12297940e-01 4.86893922e-01 7.07677245e-01
    2.51640558e-01 4.92456436e-01 3.14078331e-01 8.32459688e-01
    6.39168680e-01 8.00667226e-01 9.73798692e-01 3.00609887e-01
    3.76198471e-01 4.40467596e-02 3.88065040e-01 5.77744722e-01
    8.16414118e-01 9.69734371e-01 4.77033198e-01 3.91998649e-01
    9.01344121e-01 4.42142904e-01 4.53029633e-01 5.93883932e-01
    6.37176335e-01 7.90602922e-01 7.50863075e-01 8.45310748e-01
    6.85854614e-01 7.57795215e-01 3.02878022e-02 9.14286256e-01
    5.14486670e-01 8.83706808e-02 1.63249493e-01 9.85095561e-01
    9.79854643e-01 8.51872802e-01 8.42173696e-01 6.96494102e-01
    7.31080770e-01 3.70069683e-01 5.77026963e-01 9.60267901e-01
    6.51780725e-01 5.01700342e-02 8.48276854e-01 1.49688274e-01
    6.13144457e-01 6.46035552e-01 7.14154720e-01 8.38699698e-01
    2.11657286e-01 4.69631195e-01 5.91225088e-01 2.19067216e-01
    6.21776462e-01 7.50060439e-01 9.45926428e-01 8.91493559e-01
    3.92481387e-01 9.26416039e-01 2.54766643e-01 8.58296156e-02
    3.81206185e-01 6.11268699e-01 5.00662744e-01 3.94407243e-01
    4.54569221e-01 6.08496726e-01 3.65067184e-01 4.67887163e-01
    1.21507287e-01 7.44081318e-01 9.59411263e-03 5.17945230e-01
    9.35569704e-02 2.82723129e-01 2.01890975e-01 4.84709978e-01
    1.39668643e-01 7.37298012e-01 7.08092570e-01 9.90901828e-01
    2.09172755e-01 2.43174255e-01 5.59040725e-01 8.08894992e-01
    4.34369087e-01 6.48435235e-01 1.81303471e-01 2.60388553e-01
    2.20091671e-01 7.96663702e-01 1.94115013e-01 2.93797761e-01
    2.79848158e-01 4.80699033e-01 8.04505467e-01 3.12309086e-01
    2.19386816e-02 4.28634852e-01 1.73342884e-01 9.46662664e-01
    9.60762262e-01 9.74915981e-01 5.98300159e-01 7.81259894e-01
    9.01920557e-01 4.96756673e-01 4.75668311e-02 5.21435201e-01
    8.95690739e-01 7.31161237e-01 5.89011729e-01 7.88064837e-01
    5.52881360e-01 4.31482404e-01 5.23594797e-01 5.23400605e-01
    3.67314398e-01 9.83482063e-01 7.83851027e-01 9.76162553e-01
    4.15053010e-01 7.70077288e-01 8.45992088e-01 3.17114055e-01
    9.43820953e-01 4.37894583e-01 9.65064287e-01 1.98976129e-01
    3.09415936e-01 3.33641469e-01 3.49214375e-01 7.31210828e-01
    8.28160644e-01 5.90707719e-01 8.40825677e-01 5.42747080e-01
    4.77888405e-01 2.19652116e-01 3.19970518e-01 3.73814374e-01
    1.14450842e-01 5.93138576e-01 1.62166238e-01 8.65316153e-01
    2.79680789e-01 9.10911381e-01 6.59960687e-01 4.10296470e-01
    3.07927608e-01 4.17262554e-01 6.28197968e-01 9.04210210e-01
    1.46992415e-01 1.36045665e-01 9.29646432e-01 9.65251684e-01
    5.29981256e-02 8.11510563e-01 5.82363605e-01 6.62025094e-01
    7.98852742e-01 1.02087200e-01 1.99399620e-01 6.76909626e-01
    4.41545248e-02 5.91043174e-01 3.89331400e-01 1.49250239e-01
    5.79098582e-01 5.62901556e-01 3.18363786e-01 8.21654797e-02
    6.28761530e-01 6.23650253e-01 5.57575583e-01 5.25627255e-01
    5.42380631e-01 1.08882666e-01 1.76232189e-01 1.64861441e-01
    8.44091594e-01 9.39399362e-01 1.77879423e-01 2.64261723e-01
    2.27418244e-01 6.12836480e-01 4.04445708e-01 3.32475990e-01
    8.07479978e-01 2.52461910e-01 6.46903992e-01 9.25541222e-02
    6.05446398e-02 2.89904416e-01 2.05633044e-02 8.01851094e-01
    3.96616191e-01 6.54239893e-01 9.43011940e-01 6.87491357e-01
    3.25835288e-01 6.44250989e-01 7.51186311e-01 8.57462883e-01
    3.52379739e-01 1.52822822e-01 3.67928803e-01 5.72724104e-01
    5.08531034e-02 9.00567412e-01 8.42891455e-01 9.45461392e-02
    9.99257982e-01 6.71932817e-01 9.40271854e-01 5.34098446e-02
    4.83987868e-01 6.87481463e-01 8.40856433e-01 9.82804179e-01
    1.69871449e-01 2.69641757e-01 1.17820859e-01 8.31305981e-01
    4.13453072e-01 1.43224835e-01 9.16971505e-01 8.05773735e-01
    3.22454870e-02 8.96801353e-02 4.81195331e-01 5.45109332e-01
    5.44281900e-01 1.72423393e-01 3.51849973e-01 9.55950081e-01
    7.40630984e-01 9.81300831e-01 5.56933165e-01 6.44370675e-01
    2.87856966e-01 5.65429986e-01 5.88016927e-01 3.43397319e-01
    3.70229304e-01 9.54072356e-01 9.47068512e-01 5.98162413e-01
    8.82761478e-02 8.47078562e-01 5.45708895e-01 5.27157009e-01
    1.92534417e-01 7.70079017e-01 7.99619555e-02 9.96745586e-01
    9.80657041e-01 2.43691295e-01 3.07187438e-01 9.21859741e-01
    2.68707484e-01 9.13740873e-01 2.78705835e-01 3.98245633e-01
    2.29396164e-01 8.49312246e-02 8.14608335e-01 9.60273504e-01
    5.51378429e-01 1.78688675e-01 9.55730915e-01 1.31256402e-01
    5.61343133e-01 4.88495052e-01 6.61877215e-01 7.34352112e-01
    5.25406122e-01 4.28207815e-02 7.90471077e-01 4.40034866e-01
    8.15483332e-01 1.12572819e-01 3.02461892e-01 5.86568415e-02
    7.12360740e-01 6.16581500e-01 3.56314898e-01 1.70921087e-02
    9.51682031e-02 5.10060132e-01 1.19218230e-01 8.25089991e-01
    4.33698356e-01 9.09210205e-01 1.57569379e-01 2.89431751e-01
    6.96780920e-01 2.13261276e-01 8.21608007e-02 7.56073475e-01
    3.35127652e-01 5.34957230e-01 6.94435120e-01 7.30289221e-02
    1.03793502e-01 2.29348093e-01 9.24293995e-01 4.04983640e-01
    6.60994172e-01 5.00138998e-02 4.20193672e-02 5.49243152e-01
    2.97910035e-01 9.64759827e-01 3.82569313e-01 4.12270427e-03
    2.07610577e-01 1.41497910e-01 3.43870342e-01 8.08444619e-01
    7.16266632e-01 3.21055412e-01 6.06898844e-01 1.69118494e-01
    3.60527039e-02 8.73453498e-01 4.99544531e-01 9.39541459e-01
    4.04547185e-01 1.03890479e-01 4.63336945e-01 7.03787148e-01
    5.63225389e-01 1.01683140e-02 2.81614184e-01 6.12328827e-01
    8.21490169e-01 5.66346765e-01 2.42926151e-01 5.52554786e-01
    5.45116246e-01 5.13346255e-01 9.68780458e-01 4.54702497e-01
    5.98201156e-01 4.30245876e-01 6.67404890e-01 8.31634879e-01
    5.61704755e-01 2.32240736e-01 3.37189645e-01 7.67374635e-01
    2.22826064e-01 6.55986845e-01 4.97998536e-01 6.88833475e-01
    5.51771164e-01 9.87575233e-01 5.21908879e-01 5.83129108e-01
    7.64782310e-01 4.44432646e-01 6.13807857e-01 4.70964044e-01
    7.38414884e-01 1.03449821e-01 2.14632183e-01 3.28835189e-01
    2.91733146e-01 2.04167962e-02 7.65990734e-01 7.21381485e-01
    9.12664533e-01 2.21591145e-01 9.55455899e-02 2.07230061e-01
    3.07400912e-01 2.90012687e-01 4.29377079e-01 6.11673176e-01
    3.10150594e-01 6.78364038e-01 4.46859181e-01 2.56301820e-01
    5.54347336e-02 3.95566225e-04 8.13395023e-01 7.50734329e-01
    7.03567982e-01 6.46804571e-02 9.03111935e-01 5.40939450e-01
    3.92196894e-01 4.67149764e-01 6.90997005e-01 6.28669500e-01
    6.98661685e-01 3.19917828e-01 9.85143065e-01 8.67948651e-01
    5.54405332e-01 1.51240826e-03 6.45898402e-01 5.05819917e-01
    5.89749932e-01 2.20290363e-01 9.64119017e-01 6.60500824e-02
    5.06228924e-01 7.28677511e-01 2.10911572e-01 5.78544796e-01
    2.76368976e-01 2.31302291e-01 5.84207177e-01 7.90864468e-01
    6.70607209e-01 2.46671736e-01 5.75026393e-01 1.55429244e-02
    3.22056293e-01 5.26286602e-01 7.71990418e-02 9.73697603e-02
    5.88566124e-01 4.11850065e-01 3.11875045e-02 4.45655346e-01
    2.08135158e-01 4.07188416e-01 7.52422035e-01 8.82889330e-01
    8.24952126e-03 9.63736534e-01 5.85018396e-01 2.86915958e-01
    4.16192412e-01 9.27231193e-01 4.00142282e-01 1.04551077e-01
    4.52258021e-01 5.65318584e-01 7.31495380e-01 3.71699452e-01
    4.43671227e-01 8.25250447e-02 8.51191819e-01 8.76638949e-01
    7.11098373e-01 7.76555061e-01 1.91526413e-02 2.68263847e-01
    9.02627528e-01 9.94548917e-01 2.43494719e-01 7.20148027e-01
    2.26559013e-01 4.02031779e-01 1.73420817e-01 4.22096133e-01
    3.79878521e-01 6.30918384e-01 9.54961538e-01 1.82727933e-01
    9.83336866e-02 6.86534762e-01 6.65687203e-01 4.44158971e-01
    2.15552360e-01 4.58575130e-01 8.93583119e-01 9.66260552e-01
    3.09455782e-01 4.49528426e-01 7.53822684e-01 9.38805163e-01
    2.90473819e-01 6.67764187e-01 8.90095413e-01 5.38911641e-01
    9.15852070e-01 2.86673367e-01 6.50348902e-01 9.41277146e-01
    5.36189973e-01 1.88241154e-01 1.04478002e-02 8.77501369e-02
    5.26060820e-01 4.68468368e-02 8.48593354e-01 4.72958982e-02
    6.47456527e-01 5.53027451e-01 8.47235620e-02 6.86052263e-01
    2.29722530e-01 6.44489229e-02 4.67517674e-02 6.83686674e-01
    6.08393550e-01 4.35956120e-01 6.68359280e-01 7.92054057e-01
    4.49454397e-01 6.06257975e-01 7.69148707e-01 5.66695273e-01
    5.77684760e-01 1.09015077e-01 9.60068107e-01 4.97972280e-01
    6.99735701e-01 3.31486225e-01 1.87402010e-01 3.00438881e-01
    6.59595132e-01 8.61373544e-01 5.91102421e-01 8.76512170e-01
    4.68675792e-01 1.33681297e-01 4.94059891e-01 5.25044203e-02
    4.89766598e-02 6.02055907e-01 9.02915955e-01 2.36401707e-01
    5.75076103e-01 1.45400017e-01 7.71652102e-01 5.82259595e-01
    8.84482741e-01 7.65308261e-01 5.41648507e-01 6.87360168e-02
    2.77860940e-01 5.36839962e-01 4.38147843e-01 3.10798347e-01
    6.61894739e-01 7.83191383e-01 4.22156751e-01 1.50831133e-01
    9.57910776e-01 8.16560745e-01 3.22802216e-01 7.75703073e-01
    8.94039810e-01 3.30183864e-01 6.62221074e-01 4.69462365e-01
    1.41987622e-01 9.18858886e-01 3.67909372e-01 1.69634521e-02
    5.61579347e-01 1.81234419e-01 2.65911818e-01 2.91951895e-01
    8.51321518e-01 3.52654845e-01 2.10518926e-01 1.44473851e-01
    6.96013272e-02 2.26600677e-01 6.66027844e-01 3.07471722e-01
    9.19899404e-01 8.47813129e-01 9.87833083e-01 8.57888937e-01
    7.94601202e-01 6.30919933e-02 7.73949981e-01 3.22517067e-01
    7.97212601e-01 8.84587526e-01 5.66110373e-01 6.04977071e-01
    7.61368632e-01 2.09369957e-01 7.63946772e-03 1.65300697e-01
    8.61647844e-01 7.76947439e-02 2.65215099e-01 4.51237887e-01
    2.33330846e-01 8.88605952e-01 9.87676382e-01 9.60721672e-02
    5.68271458e-01 1.37141973e-01 1.13019347e-01 5.48319519e-01
    1.77376360e-01 1.30728841e-01 4.43599224e-02 1.86316639e-01
    6.84670985e-01 2.67516315e-01 9.67378795e-01 7.17625976e-01
    1.66995525e-01 8.31282020e-01 1.90476894e-01 3.82843494e-01
    8.60532820e-02 5.22576690e-01 2.76982784e-02 7.92599440e-01
    1.72708094e-01 6.39826417e-01 5.43597579e-01 1.75205797e-01
    3.44369918e-01 5.04213512e-01 1.86090052e-01 1.00578904e-01
    1.43221110e-01 7.72864640e-01 4.60566312e-01 5.66131532e-01
    5.22193253e-01 8.65141988e-01 3.68688613e-01 2.71996379e-01
    7.86713302e-01 5.88875353e-01 3.83673340e-01 8.63070786e-02
    7.94376731e-01 7.08767235e-01 3.51749837e-01 1.67265892e-01
    5.80325842e-01 7.98911214e-01 8.66775274e-01 5.99157989e-01
    6.62644506e-01 6.87023699e-01 1.32078499e-01 2.10572153e-01
    4.31475937e-02 1.94049001e-01 7.95509934e-01 1.59735471e-01
    8.64185691e-02 7.20973849e-01 1.53849721e-01 7.40937829e-01
    3.33440661e-01 8.89365554e-01 5.02545655e-01 1.99464381e-01
    2.38782942e-01 2.58419037e-01 1.19843274e-01 5.15841782e-01
    7.94581175e-01 5.31459510e-01 9.16144609e-01 6.78038299e-01
    9.60203350e-01 7.14685977e-01 6.23125792e-01 9.02231634e-01
    5.03549159e-01 8.02977562e-01 8.00219476e-02 4.24743116e-01
    7.85241961e-01 6.34682596e-01 3.14862609e-01 8.95958066e-01
    9.46933389e-01 7.40164101e-01 9.41106141e-01 3.63765121e-01
    3.13512444e-01 1.27813518e-01 7.21287370e-01 5.64494729e-01
    8.37462068e-01 9.20814514e-01 5.64247310e-01 7.98105478e-01
    6.35734797e-01 8.51569474e-02 5.24587393e-01 8.54556620e-01
    2.83896685e-01 7.93765366e-01 8.54845345e-01 5.47031701e-01
    5.36582768e-02 1.80720717e-01 1.85650945e-01 5.29682696e-01
    4.01306480e-01 2.73019105e-01 5.60134888e-01 3.13515365e-02
    7.88340569e-01 2.04479694e-03 5.71155548e-01 6.01292729e-01
    5.88766873e-01 3.79796952e-01 5.81752121e-01 7.90156364e-01
    3.02257419e-01 3.99068862e-01 5.63700020e-01 2.09990919e-01
    8.19404066e-01 7.95072198e-01 4.79751825e-01 3.37057710e-01
    2.33104825e-02 8.99901390e-01 5.00246584e-01 8.64807069e-01
    5.77729344e-02 2.78699696e-01 4.56560135e-01 2.39635289e-01
    1.36278510e-01 4.71316546e-01 3.98468941e-01 7.05454111e-01
    8.73815715e-02 5.29724121e-01 6.04111850e-01 2.20518112e-01
    4.40015227e-01 4.35359240e-01 3.21391702e-01 6.54160082e-01
    1.47990316e-01 7.79768169e-01 4.45115268e-01 4.15731102e-01
    3.16041589e-01 4.30998921e-01 1.80690527e-01 4.72759992e-01
    6.31771684e-01 5.50421178e-01 5.35022140e-01 7.58332253e-01
    8.06103706e-01 3.46957862e-01 9.95159626e-01 8.97625387e-02
    3.16433907e-02 3.65200013e-01 3.01825523e-01 1.71835989e-01
    3.62802744e-01 1.01815611e-01 5.63858271e-01 2.84645140e-01
    4.75450754e-01 9.11327422e-01 3.72724861e-01 1.10399604e-01
    1.62423164e-01 1.82927161e-01 1.06283724e-02 5.65903425e-01
    7.72884667e-01 4.29778636e-01 4.05891240e-01 2.80577123e-01
    4.63687807e-01 6.15071774e-01 4.07185495e-01 1.37526751e-01
    7.35399723e-01 7.72407055e-02 7.09800303e-01 3.85863125e-01
    7.47103274e-01 8.69347453e-01 9.70848680e-01 6.84234977e-01
    6.98403120e-02 9.88368392e-02 6.14592075e-01 8.74373674e-01
    4.66904044e-01 2.84632266e-01 6.53826177e-01 6.35647297e-01
    1.89947009e-01 4.37222391e-01 3.54206353e-01 5.70774972e-02
    2.75242090e-01 7.18783557e-01 3.57672513e-01 7.84898520e-01
    8.15940738e-01 2.04777718e-01 5.20308971e-01 7.64952540e-01
    5.48640847e-01 9.54774737e-01 9.83172119e-01 3.54791045e-01
    7.10340083e-01 4.52778041e-01 9.57663000e-01 7.83233225e-01
    4.08526897e-01 6.18073106e-01 8.59149218e-01 9.42617655e-03
    3.20425630e-03 3.79712492e-01 7.64008641e-01 5.46027005e-01
    3.27669382e-02 6.76734984e-01 9.45107341e-01 7.48418927e-01
    9.46152687e-01 8.56247544e-01 3.09349895e-02 7.18462825e-01
    4.26665723e-01 3.92399967e-01 3.09849799e-01 2.62383521e-01
    4.11085457e-01 3.17913353e-01 9.96196985e-01 6.24030173e-01
    6.62078083e-01 2.01666951e-01 3.50442827e-01 5.58553100e-01
    3.48871052e-01 1.05428666e-01 4.40221339e-01 1.16433263e-01
    3.59431356e-01 7.10495234e-01 9.71669078e-01 2.04225272e-01
    2.88447201e-01 3.18668127e-01 6.03122711e-01 7.00021088e-02
    8.10083032e-01 8.54257226e-01 7.77096927e-01 4.98117119e-01
    2.20120847e-02 9.89241719e-01 9.44184005e-01 6.74808502e-01
    1.08608305e-01 8.51535678e-01 4.85728294e-01 8.24602962e-01
    7.57005751e-01 2.42045611e-01 2.00210810e-02 9.90904331e-01
    1.21039838e-01 4.09312904e-01 2.34137744e-01 4.67069268e-01
    8.74004543e-01 4.21100676e-01 8.08706701e-01 8.43305171e-01
    2.78850198e-02 8.48638654e-01 7.58447647e-01 5.30664027e-01
    1.61526710e-01 1.87814623e-01 1.81004465e-01 9.18054879e-01
    3.90648246e-02 4.27942574e-02 6.18504465e-01 2.86236405e-02
    9.83672500e-01 8.29167902e-01 4.12671775e-01 2.04475224e-02
    4.33446467e-01 3.88957500e-01 5.88776529e-01 5.89392126e-01
    5.05897403e-02 9.95318890e-01 7.82689452e-03 9.46559787e-01
    7.95476973e-01 9.03346181e-01 5.49102008e-01 1.08089417e-01
    5.36378026e-01 9.70300555e-01 1.72096878e-01 9.30053115e-01
    2.90435463e-01 3.55096400e-01 6.39954269e-01 3.45251262e-01
    2.26285845e-01 1.76083088e-01 1.07533842e-01 7.33958125e-01
    3.18355680e-01 8.75926614e-01 7.06057310e-01 7.39268482e-01
    1.36061013e-02 4.64808047e-02 3.86936516e-01 1.57801896e-01
    1.73135966e-01 6.09919429e-01 9.90058005e-01 5.57151318e-01
    4.01846319e-01 9.49350715e-01 1.21344924e-01 7.96938181e-01
    1.67813838e-01 8.20527494e-01 7.34373689e-01 3.70811909e-01
    6.20902479e-02 9.01285410e-01 7.17861533e-01 6.42404735e-01
    9.61858153e-01 8.11668992e-01 6.90552711e-01 7.11017728e-01
    3.81554365e-02 4.97119308e-01 9.41401005e-01 9.39667463e-01
    6.93212748e-01 6.76357031e-01 7.31103003e-01 2.54288524e-01
    3.07900310e-01 9.25473571e-01 3.10892344e-01 9.68216717e-01
    7.12769568e-01 5.75458765e-01 8.65827858e-01 2.20349550e-01
    5.57142019e-01 7.82802761e-01 9.07249689e-01 9.40444171e-01
    7.47503519e-01 5.25384784e-01 6.24307752e-01 9.68740046e-01
    5.95288336e-01 4.18129742e-01 8.86214554e-01 5.85408151e-01
    3.31565946e-01 9.67649221e-02 4.76483315e-01 5.96957088e-01
    1.58863962e-02 3.80255520e-01 9.45412278e-01 6.93117082e-01
    8.51998091e-01 4.88007128e-01 8.38165581e-01 3.87288719e-01
    5.08449793e-01 4.98399466e-01 8.95163119e-02 9.97974873e-01
    3.55153203e-01 4.93343472e-02 5.89241326e-01 4.79259640e-01
    2.98525155e-01 2.39376336e-01 6.58933580e-01 6.05693519e-01
    9.72225785e-01 2.47788697e-01 8.91057372e-01 2.26199657e-01
    5.77063382e-01 9.54639375e-01 6.11678720e-01 5.60765862e-02
    8.60785484e-01 8.07088017e-02 7.86243021e-01 9.19325113e-01
    8.23272765e-01 9.87105072e-01 1.00506842e-01 8.08505237e-01
    6.55913472e-01 5.07826328e-01 1.75672650e-01 6.43293142e-01
    4.80066240e-02 2.85001904e-01 1.03590399e-01 9.00673032e-01
    9.52191830e-01 8.84820819e-01 6.58533633e-01 3.50698590e-01
    3.21076989e-01 7.64267802e-01 1.98026836e-01 9.67985034e-01
    1.93769097e-01 1.21116370e-01 7.44126141e-01 2.38432407e-01
    2.87334502e-01 7.31891632e-01 7.86940098e-01 4.71228719e-01
    3.36258650e-01 3.20041180e-01 2.33888835e-01 8.66686940e-01
    1.18412673e-02 1.67040437e-01 8.66622925e-01 8.98152351e-01
    6.64470077e-01 6.19863868e-01 9.12021995e-01 3.68242919e-01
    2.17387080e-01 4.30232465e-01 9.21451926e-01 1.22766078e-01
    2.64346391e-01 7.47417867e-01 3.31454575e-02 4.69729394e-01
    9.22006130e-01 5.35889864e-02 3.46739292e-02 1.63345188e-01
    1.90920770e-01 4.36001509e-01 6.02730989e-01 8.01477849e-01
    6.70835614e-01 4.42587584e-01 3.65220428e-01 3.85898381e-01
    6.88931167e-01 8.32371414e-02 3.17739367e-01 9.81949687e-01
    2.74352998e-01 1.23318434e-01 2.82245398e-01 3.43836665e-01
    3.48948449e-01 8.37557733e-01 6.93139315e-01 8.30849051e-01
    9.53477681e-01 3.39816451e-01 9.06160951e-01 9.71876025e-01
    3.17331433e-01 7.78376460e-01 9.78813231e-01 2.24231929e-01
    6.90725505e-01 3.42510939e-01 1.82290524e-01 9.06563997e-02
    7.24478245e-01 4.54002678e-01 2.63675630e-01 3.74927461e-01
    1.72116578e-01 3.36229295e-01 9.04180050e-01 9.09531057e-01
    4.09435183e-01 7.18744814e-01 7.54549921e-01 8.64667535e-01
    8.15234780e-01 2.85518348e-01 7.06006527e-01 6.61550164e-01
    5.47471285e-01 5.00603676e-01 1.67332053e-01 8.16597342e-02
    6.46349609e-01 5.87069213e-01 8.96580815e-01 5.21874428e-03
    4.27250981e-01 3.88159543e-01 9.81927991e-01 3.27361822e-02
    1.53576434e-01 1.96444929e-01 1.22349709e-01 6.43590510e-01
    3.88323039e-01 9.41267610e-03 6.97670281e-02 6.48079395e-01
    3.17256153e-01 7.41316497e-01 6.15761459e-01 7.12802470e-01
    5.79843104e-01 3.95926476e-01 8.54129791e-01 5.75444639e-01
    3.17191213e-01 2.57340670e-02 1.39174163e-01 8.86873245e-01
    5.06532848e-01 1.81493998e-01 2.60950416e-01 7.83965290e-01
    7.24923074e-01 3.95187199e-01 6.17978156e-01 8.69083464e-01
    8.98407221e-01 1.22863501e-01 6.78435981e-01 3.01459789e-01
    5.96808672e-01 6.73858702e-01 4.57826138e-01 1.15702599e-01
    8.14103484e-02 3.12273800e-01 5.57572007e-01 8.51239026e-01
    4.70048308e-01 8.59475493e-01 3.75264317e-01 7.54225969e-01
    2.85125703e-01 4.27331686e-01 3.11058462e-01 2.88323402e-01
    3.58730942e-01 2.11324900e-01 4.47750807e-01 7.89331675e-01
    6.50647283e-03 3.11064839e-01 1.60658091e-01 5.07898092e-01
    3.83828163e-01 8.86465192e-01 5.78946233e-01 1.58571392e-01
    5.47103643e-01 7.22856164e-01 6.92870259e-01 9.12343860e-01
    6.58605397e-01 3.72636229e-01 4.08073962e-02 2.17466712e-01
    5.19271076e-01 4.96169031e-02 7.33046591e-01 7.30293453e-01
    6.73725128e-01 1.07065141e-02 7.79118836e-02 9.19844151e-01
    6.97718084e-01 7.97002673e-01 9.38801944e-01 5.06768286e-01
    2.74137795e-01 4.13587034e-01 9.43676710e-01 1.76681846e-01
    8.14724088e-01 8.31258893e-02 7.98525453e-01 7.92438984e-01
    2.49163687e-01 9.26323295e-01 5.51090539e-02 2.22452164e-01
    6.76768899e-01 7.10774899e-01 3.42722446e-01 7.37774611e-01
    9.36003566e-01 9.77555990e-01 8.26004148e-03 9.70460296e-01
    2.75570840e-01 4.50058579e-01 3.46831173e-01 6.07803285e-01
    4.71665770e-01 9.00223553e-02 4.10758644e-01 4.10943270e-01
    7.40292668e-02 6.24628246e-01 8.75344396e-01 3.35176587e-01
    3.29973340e-01 4.25456047e-01 5.70726573e-01 6.21773005e-02
    8.42570961e-02 7.55093455e-01 7.38460422e-01 6.39766753e-02
    4.04853225e-02 5.61428308e-01 6.19642258e-01 2.76734143e-01
    7.02308118e-02 9.16559279e-01 6.32154942e-01 5.60563266e-01
    7.65757442e-01 2.64814198e-02 1.99975371e-01 6.45256341e-01
    4.19997871e-02 5.47969759e-01 3.44262779e-01 8.26713085e-01
    6.94897711e-01 6.85649097e-01 9.28575873e-01 3.57598364e-01
    4.51616734e-01 7.36687899e-01 2.85901517e-01 1.15433127e-01
    3.41893911e-01 2.98014343e-01 1.24827325e-02 8.24091554e-01
    1.83263749e-01 6.93803310e-01 4.82737899e-01 2.37642825e-01
    4.24935222e-02 8.54658604e-01 8.88451219e-01 2.94892430e-01
    8.26688707e-01 4.10213172e-01 1.69789135e-01 2.86739647e-01
    9.61441040e-01 3.68502498e-01 3.99901360e-01 4.11026090e-01
    4.87000048e-02 7.51167834e-01 3.11763436e-01 1.50757998e-01
    7.11854398e-02 2.84789979e-01 1.30003601e-01 2.63680995e-01
    6.15060806e-01 1.06827915e-01 9.83336270e-01 5.87345421e-01
    7.76189744e-01 8.41113627e-01 1.48473024e-01 3.13013375e-01
    4.49446440e-01 2.68157780e-01 1.90042585e-01 1.45707518e-01
    1.86642975e-01 3.57570171e-01 6.12999141e-01 3.39650512e-02
    5.75223088e-01 3.28289390e-01 1.41700298e-01 7.17029095e-01
    1.25406176e-01 2.04601020e-01 4.59698737e-01 5.75696766e-01
    7.90907502e-01 7.05685258e-01 1.34236664e-01 8.73344779e-01
    8.97707045e-02 4.73773777e-02 4.79785919e-01 5.16594410e-01
    1.07109040e-01 5.34977913e-01 2.81834304e-02 4.88075078e-01
    5.21607161e-01 8.58100057e-02 2.39165545e-01 1.29472286e-01
    4.31495488e-01 9.95721221e-02 9.94863153e-01 3.82562160e-01
    8.35525990e-01 3.58734429e-02 5.44248760e-01 3.70969594e-01
    1.29308224e-01 9.37126040e-01 1.36967897e-02 1.20716691e-01
    5.56566417e-01 4.14950520e-01 9.40226912e-01 1.74637765e-01
    5.97415328e-01 7.94018328e-01 4.47252333e-01 5.43199062e-01
    7.45925426e-01 5.56427836e-01 3.95232439e-02 2.66178906e-01
    8.83697271e-01 9.43178654e-01 5.55945814e-01 1.52269691e-01
    8.22194993e-01 7.98949599e-02 4.21293378e-02 4.70615327e-01
    5.40243208e-01 2.43610144e-01 4.32838380e-01 6.00062907e-01
    7.16894686e-01 4.01050746e-01 6.49876893e-01 7.25377023e-01
    4.76152271e-01 1.01402819e-01 6.74270391e-01 6.12889886e-01
    7.27441072e-01 8.71050358e-02 2.11096019e-01 2.28530824e-01
    7.49255478e-01 3.27746242e-01 1.62290126e-01 1.64034396e-01
    1.29301608e-01 6.99416101e-02 3.65348458e-01 1.49878323e-01
    5.72341681e-02 8.17242503e-01 9.23071861e-01 3.31121564e-01
    8.28669310e-01 1.65783465e-02 2.00413525e-01 5.98730505e-01
    3.75341535e-01 5.47491550e-01 2.84280449e-01 6.38004661e-01
    7.88365006e-01 5.04685938e-02 3.54463816e-01 7.56777287e-01
    8.03696513e-02 8.74360383e-01 7.50055909e-03 8.37427378e-03
    8.06960821e-01 4.84623343e-01 5.60051918e-01 4.15681809e-01
    2.04616487e-01 8.75245929e-02 2.92632937e-01 5.97361028e-01
    5.56302607e-01 9.80438590e-02 6.14738822e-01 5.10653317e-01
    6.15588725e-02 5.76717436e-01 2.72469491e-01 8.07103276e-01
    9.99111354e-01 9.22252059e-01 9.78393197e-01 5.26511610e-01
    6.98291838e-01 3.46178174e-01 9.41103101e-01 4.72984582e-01
    4.65800494e-01 1.59678251e-01 4.01040316e-01 4.48226064e-01
    7.35356510e-01 2.88221985e-01 1.74239278e-02 2.03721613e-01
    4.65864301e-01 3.84980351e-01 6.90981567e-01 3.88351560e-01
    7.44320989e-01 7.04226255e-01 7.63128519e-01 5.50096929e-01
    9.94213104e-01 9.88780022e-01 9.13936019e-01 3.94037306e-01
    2.46518880e-01 9.01272655e-01 6.32690310e-01 7.77811468e-01
    8.74422193e-01 2.06573784e-01 8.07561576e-02 4.48693514e-01
    3.25948536e-01 1.01043522e-01 5.73953986e-02 9.05381441e-01
    3.34556222e-01 7.09904194e-01 4.83387560e-01 5.09445190e-01
    2.60744572e-01 8.44817102e-01 3.04653943e-01 6.02788806e-01
    3.67068201e-01 2.05018759e-01 2.77045906e-01 2.20180690e-01
    3.38288426e-01 5.63207030e-01 6.96904123e-01 8.23969126e-01
    2.93969929e-01 3.39835644e-01 7.19539762e-01 5.70608377e-02
    8.78166080e-01 7.66620576e-01 1.15964353e-01 9.50042069e-01
    9.39260960e-01 6.71661556e-01 8.51529539e-01 2.56541908e-01
    3.13458264e-01 1.33287668e-01 5.23739696e-01 9.50597048e-01
    8.14810514e-01 5.50631642e-01 2.81537771e-01 1.03545785e-02
    8.35209489e-01 4.71947074e-01 9.72360432e-01 6.09125018e-01
    6.55140042e-01 3.30541730e-01 6.55760765e-01 8.91057491e-01
    3.31678003e-01 7.99646378e-01 3.06754231e-01 5.94204068e-01
    3.53992343e-01 3.34420443e-01 6.16960108e-01 7.79236078e-01
    9.84592319e-01 1.72260582e-01 5.66324830e-01 1.01721019e-01
    7.22623110e-01 6.74654663e-01 8.24671388e-01 4.53085601e-02
    6.75981462e-01 3.69222105e-01 1.85965449e-01 5.94423831e-01
    8.50872397e-01 3.27275693e-02 7.01146007e-01 8.22824836e-01
    5.10740399e-01 3.79596025e-01 2.83989489e-01 8.21833968e-01
    5.22240162e-01 3.07980925e-01 9.17610168e-01 3.52909625e-01
    6.60892367e-01 1.50132358e-01 9.23126936e-04 8.52460265e-01
    1.07740253e-01 2.69809604e-01 7.65394270e-01 6.97136521e-01
    8.59762669e-01 7.97797203e-01 8.51167262e-01 9.80295897e-01
    5.88815093e-01 8.93554389e-02 7.69565940e-01 7.85401702e-01
    4.00294244e-01 4.18242365e-01 3.95962864e-01 7.39123464e-01
    3.20970118e-01 1.53607339e-01 5.26014566e-01 6.94707334e-01
    1.19835556e-01 1.75567180e-01 7.06105053e-01 2.68561125e-01
    2.54947841e-01 8.02932143e-01 4.04223621e-01 9.07757044e-01
    2.45363533e-01 9.78188813e-01 1.03233814e-01 3.69010091e-01
    7.79234231e-01 8.57085228e-01 7.07262278e-01 7.56567717e-01
    4.48411435e-01 1.60509467e-01 3.57897818e-01 2.19917595e-01
    9.75567281e-01 3.71178567e-01 5.59060395e-01 1.58804953e-01
    3.73535782e-01 8.63865733e-01 4.45096135e-01 6.81641400e-01
    1.03828579e-01 3.22405308e-01 7.36658871e-01 9.08759475e-01
    3.38485569e-01 2.74539948e-01 7.78537989e-01 6.99105263e-02
    1.41479433e-01 8.15526426e-01 6.01190150e-01 4.27716911e-01
    7.01446831e-02 6.36519432e-01 8.84637296e-01 6.44286990e-01
    2.10527122e-01 2.91928470e-01 1.55751586e-01 5.09801388e-01
    6.62594378e-01 2.71076858e-01 6.93864882e-01 6.20373964e-01
    1.51799649e-01 9.69080925e-01 3.10353935e-01 5.77208757e-01
    3.69417369e-02 7.22550750e-01 2.26045042e-01 9.45348442e-01
    9.93260741e-01 3.52560282e-01 6.42676532e-01 2.92588592e-01
    8.57708871e-01 4.39586431e-01 3.89451176e-01 7.45588481e-01
    4.81811315e-01 9.01928186e-01 2.01304197e-01 8.73188555e-01
    6.64712131e-01 1.50374234e-01 9.36326146e-01 8.66640568e-01
    7.53515184e-01 6.14819169e-01 9.45380986e-01 4.42109883e-01
    2.93634534e-01 6.06215060e-01 4.93218035e-01 7.94431806e-01
    5.88184416e-01 7.93000281e-01 3.77765238e-01 7.00269818e-01
    3.64411235e-01 1.17134690e-01 8.58228624e-01 8.08041990e-01
    3.69621485e-01 6.64315581e-01 9.19586301e-01 7.65222311e-01
    7.90928304e-02 3.58525127e-01 1.18662834e-01 9.49978948e-01
    3.92436504e-01 5.97824216e-01 5.18062949e-01 7.12729156e-01
    7.16343939e-01 8.83347869e-01 3.17083091e-01 3.20318520e-01
    9.58475828e-01 3.30646336e-02 1.22423768e-02 2.53556669e-01
    1.79248750e-01 5.59537709e-01 9.73617435e-01 6.49177611e-01
    8.32048059e-01 7.56618977e-01 5.66915631e-01 4.45618957e-01
    6.54988647e-01 6.80667818e-01 4.83110249e-02 9.90553081e-01
    1.66492730e-01 4.53867018e-01 3.24430645e-01 5.67709267e-01
    3.40884864e-01 4.87699658e-01 5.27222097e-01 9.13245559e-01
    5.98344505e-01 9.72505927e-01 6.81175292e-01 9.78366733e-01
    1.69758767e-01 8.63986611e-01 4.22647715e-01 1.42958760e-01
    6.46265864e-01 3.69193792e-01 4.23659623e-01 4.66643244e-01
    7.25918472e-01 2.08201528e-01 9.02569473e-01 5.57088852e-01
    5.52454054e-01 2.76909024e-01 4.78715777e-01 3.90358806e-01
    6.13449872e-01 6.69165790e-01 5.44557452e-01 3.17150354e-02
    9.36132669e-02 8.26189637e-01 1.41114473e-01 2.50380278e-01
    1.29404306e-01 8.66542101e-01 5.07597625e-02 1.08160079e-02
    3.54417264e-01 2.78949201e-01 8.24933290e-01 5.73234916e-01
    6.19992197e-01 2.18534082e-01 7.04122424e-01 4.38728034e-02
    1.59809679e-01 7.17909992e-01 4.67147142e-01 2.62974203e-01
    9.34489965e-01 1.49807036e-02 6.83216810e-01 1.94164515e-01
    4.56317246e-01 2.90557623e-01 6.95195436e-01 9.24256623e-01
    2.46352166e-01 7.73496687e-01 1.93250477e-01 6.11219823e-01
    5.21917641e-01 1.32243931e-01 1.57586217e-01 6.66093826e-01
    7.64539540e-01 9.17590559e-02 3.72642010e-01 9.02484775e-01
    2.00999945e-01 2.45388001e-01 2.07218051e-01 5.00407219e-01
    1.27093941e-01 9.94396329e-01 8.69002402e-01 7.01701403e-01
    5.17360866e-01 9.48709249e-02 3.37921679e-02 6.82601333e-01
    3.82960111e-01 4.56633031e-01 1.61612034e-01 1.39243275e-01
    2.68676519e-01 6.75458193e-01 1.08097225e-01 4.90170389e-01
    9.29689407e-01 7.67667890e-02 9.48190212e-01 5.76028466e-01
    9.44648266e-01 3.22096229e-01 7.78828740e-01 9.59327459e-01
    4.68758136e-01 1.88065439e-01 3.11116993e-01 6.27670825e-01
    7.51422644e-02 5.74973285e-01 6.84085727e-01 2.09033787e-02
    1.68110788e-01 2.41590500e-01 8.92190933e-01 8.52620900e-02
    9.73732471e-01 2.75489479e-01 1.99239880e-01 9.58920121e-01
    6.49243951e-01 4.00651991e-02 8.55085254e-01 8.19820762e-01
    3.39440525e-01 1.60309315e-01 6.12385869e-01 6.32864237e-01
    1.89993232e-01 6.35875106e-01 3.89836639e-01 1.96581334e-01
    5.69457769e-01 7.39866197e-02 1.33800179e-01 4.15005565e-01
    8.30055952e-01 2.93013513e-01 7.30692983e-01 3.69068295e-01
    9.91577029e-01 1.76770002e-01 2.19664991e-01 2.67713308e-01
    5.19092619e-01 6.45938575e-01 3.45711946e-01 4.25114304e-01
    9.72530067e-01 3.07341933e-01 1.76433742e-01 6.01885438e-01
    8.74306560e-01 4.39410716e-01 3.74589801e-01 2.04509497e-02
    8.45114946e-01 9.33033109e-01 8.31557035e-01 9.63346243e-01
    7.51334429e-03 6.32561028e-01 9.36356187e-03 9.16723132e-01
    6.06583357e-01 5.66670358e-01 7.07183421e-01 2.53631532e-01
    8.16703200e-01 7.81784475e-01 5.28614998e-01 7.81039000e-01
    3.95376921e-01 2.22961128e-01 6.70935571e-01 6.90491319e-01
    6.89505756e-01 2.61532813e-01 4.86765206e-02 4.13906336e-01
    6.58318639e-01 9.91572142e-01 9.04168785e-02 8.54047835e-02
    8.42064023e-01 5.35785496e-01 9.67866659e-01 4.46729451e-01
    5.01233935e-02 8.68266284e-01 8.94306540e-01 1.78286761e-01
    7.47217298e-01 2.13222712e-01 1.11685634e-01 3.03409994e-02
    4.58875239e-01 4.35267925e-01 6.15196109e-01 5.49139261e-01
    8.87936175e-01 2.31465131e-01 6.32018447e-01 3.38424206e-01
    2.49616325e-01 9.79867220e-01 1.69998556e-01 6.16827011e-01
    4.71634567e-01 3.84721160e-01 4.69570726e-01 8.05404425e-01
    1.04244351e-01 2.77751207e-01 2.12383717e-01 7.63944507e-01
    8.44365418e-01 9.88608003e-01 3.58383596e-01 7.88762331e-01
    1.36329889e-01 8.63922298e-01 1.34959936e-01 1.06062859e-01
    8.39808583e-01 9.77247655e-02 3.98374379e-01 7.60159254e-01
    4.42045838e-01 4.23875749e-01 5.93823135e-01 4.16568995e-01
    3.49422574e-01 7.23385453e-01 1.10140443e-01 4.00596529e-01
    8.26462150e-01 7.62587547e-01 5.60367107e-03 5.43502092e-01
    3.82893622e-01 8.16246212e-01 9.44483519e-01 8.33968222e-02
    5.35863698e-01 6.05365038e-01 9.97082889e-01 9.31586623e-01
    9.50857937e-01 4.32153225e-01 9.57543850e-02 3.46317470e-01
    8.85147750e-01 6.68770969e-01 2.79055387e-01 4.51329887e-01
    2.73603320e-01 9.63629007e-01 7.11407006e-01 6.86880529e-01
    4.32903409e-01 1.65592283e-01 7.97786951e-01 8.32894266e-01
    7.27144837e-01 1.25720829e-01 1.68277144e-01 3.79747212e-01
    4.24517095e-01 7.93129802e-01 5.95752895e-01 8.22793841e-02
    7.67345071e-01 7.80662298e-02 4.61900264e-01 8.06991577e-01
    7.79426217e-01 1.22230887e-01 7.29548633e-01 3.73143017e-01
    2.18077451e-01 5.30816495e-01 5.85061252e-01 2.29523003e-01
    1.08891964e-01 7.41485834e-01 9.79879320e-01 3.36075783e-01
    2.52100587e-01 1.77519739e-01 9.11468267e-01 6.90494180e-01
    2.97660172e-01 3.22076321e-01 5.73841333e-01 2.97575176e-01
    2.17126161e-01 4.72301006e-01 7.11849093e-01 3.89630437e-01
    9.22468662e-01 7.56517887e-01 9.31894183e-01 8.13445210e-01
    4.42905277e-01 2.97878861e-01 2.41110176e-01 2.65201926e-02
    3.94852906e-01 5.79379380e-01 5.39939642e-01 5.68197310e-01
    2.73776978e-01 7.77522087e-01 9.48021650e-01 9.40541565e-01
    4.94018823e-01 3.27293038e-01 9.77877378e-01 5.66529572e-01
    7.48930275e-02 3.07599306e-01 6.18308842e-01 8.88173103e-01
    1.08017325e-02 2.26472020e-01 3.25582325e-02 6.50613189e-01
    2.71113724e-01 4.92807359e-01 9.84733224e-01 1.71412319e-01
    6.55254304e-01 5.04238784e-01 7.72890091e-01 2.95709550e-01
    8.90849352e-01 7.71283031e-01 1.12247497e-01 9.82440948e-01
    4.42206591e-01 5.53154528e-01 9.90788817e-01 1.11379147e-01
    5.69341421e-01 1.17373407e-01 8.37977052e-01 6.13779783e-01
    1.73425347e-01 5.17329574e-02 9.86974835e-01 6.05354190e-01
    4.00712013e-01 8.89887452e-01 5.17732799e-02 6.12462640e-01
    4.07853812e-01 4.05679733e-01 2.10470378e-01 8.87045026e-01
    8.73025894e-01 6.74964130e-01 1.41827554e-01 2.36902058e-01
    3.56924087e-01 4.76496041e-01 1.68475717e-01 1.91885620e-01
    6.25095963e-02 9.63160872e-01 2.10310042e-01 5.50646245e-01
    5.37585437e-01 4.05800194e-01 8.97323966e-01 6.67332768e-01
    8.01019311e-01 3.65389585e-01 8.91279519e-01 2.26517260e-01
    6.97410882e-01 8.15926433e-01 7.88935065e-01 6.48673892e-01
    9.33413148e-01 4.98138458e-01 6.64090753e-01 6.83267057e-01
    8.27817082e-01 4.63628769e-02 1.75202489e-02 8.86164665e-01
    9.18619454e-01 5.21634936e-01 8.59619021e-01 3.87505651e-01
    9.28454638e-01 9.54122007e-01 7.71605372e-01 2.44865566e-01
    1.10007048e-01 7.66370535e-01 7.30803311e-01 9.92801309e-01
    5.74482381e-01 2.09941506e-01 5.35060167e-01 1.26250923e-01
    1.77239269e-01 6.84261382e-01 8.40520978e-01 2.15333998e-01
    5.90726674e-01 4.10898924e-01 5.80640137e-02 2.29368925e-01
    3.57319355e-01 7.66355515e-01 4.24764395e-01 8.16149354e-01
    7.18532503e-01 4.22988355e-01 8.54314983e-01 9.00101364e-02
    2.95347214e-01 7.94461608e-01 5.34570813e-01 9.79432583e-01
    4.88954931e-01 8.88049126e-01 8.67703199e-01 2.23355591e-01
    6.26542807e-01 6.69038415e-01 3.57718468e-02 1.28826380e-01
    4.58057284e-01 8.90082598e-01 3.65828276e-02 7.41538823e-01
    3.63017738e-01 4.91498411e-01 6.06228113e-01 1.23892844e-01
    7.46215880e-02 5.88846684e-01 1.41582966e-01 7.47954249e-02
    7.14266479e-01 9.39749658e-01 4.37015802e-01 1.55703157e-01
    8.63800764e-01 1.63418025e-01 2.95662820e-01 5.07979751e-01
    6.46038949e-01 8.90512764e-02 9.32853281e-01 9.24795628e-01
    6.64045215e-01 4.16677058e-01 8.10514331e-01 7.52877295e-02
    9.20974314e-02 3.26704979e-01 2.31002927e-01 7.94813871e-01
    9.14058685e-02 1.89157635e-01 5.41113198e-01 8.01450133e-01
    6.89425409e-01 9.59695041e-01 8.45077574e-01 8.03493023e-01
    9.08263564e-01 6.87360406e-01 2.11176664e-01 1.23623729e-01
    8.95575583e-02 1.88496709e-01 8.51858020e-01 1.87563181e-01
    7.52839983e-01 6.94240928e-01 7.65333176e-02 9.71682668e-01
    5.85144877e-01 5.31998575e-01 5.33550262e-01 6.55978262e-01
    8.08416009e-01 1.17827058e-02 2.10193992e-02 9.01857018e-01
    9.06164169e-01 6.13683760e-01 8.02188933e-01 7.60117054e-01
    8.00525188e-01 7.16007113e-01 9.06906724e-01 9.67982113e-02
    5.66040576e-01 6.57373428e-01 2.29876608e-01 4.28586841e-01
    9.27180171e-01 1.25860423e-01 1.03007287e-01 6.40949845e-01
    1.50709510e-01 6.31320298e-01 3.36358428e-01 8.75149727e-01
    8.31390977e-01 5.60297728e-01 9.21509564e-02 9.04692650e-01
    1.98019922e-01 4.11596328e-01 5.68512201e-01 7.91446805e-01
    3.63566339e-01 8.91015589e-01 1.31451309e-01 2.87958086e-01
    3.72798502e-01 8.74749541e-01 1.47495896e-01 4.44261789e-01
    7.40103781e-01 9.67611551e-01 8.95605206e-01 2.46379495e-01
    8.47295165e-01 2.24929839e-01 5.26808858e-01 3.46981227e-01
    4.23411459e-01 9.94732976e-01 3.53979021e-01 1.71798557e-01
    7.06814289e-01 7.55322218e-01 9.19898748e-01 6.49295211e-01
    4.86918896e-01 6.60152793e-01 4.26965058e-01 1.86396837e-02
    4.35265720e-01 8.74739587e-02 8.72382879e-01 3.48229766e-01
    3.08128357e-01 1.39855325e-01 3.05744499e-01 5.24263084e-01
    7.57659256e-01 7.21264839e-01 8.27526927e-01 8.87638211e-01
    8.17048371e-01 7.31192589e-01 6.66121662e-01 7.66591012e-01
    6.44036114e-01 5.92306614e-01 1.22407436e-01 9.84288096e-01
    3.14525664e-02 4.65439916e-01 8.75557065e-01 9.37488317e-01
    7.97455668e-01 6.05660558e-01 2.73190796e-01 8.94225061e-01
    6.72336817e-01 4.10379469e-01 9.29483294e-01 6.55613244e-01
    4.12429869e-02 7.17757583e-01 8.04316878e-01 2.41874903e-01
    5.01317322e-01 2.32602447e-01 2.33429432e-01 3.89370322e-03
    9.78690147e-01 6.53472245e-01 6.34050429e-01 9.71020103e-01
    9.02392447e-01 4.84762877e-01 2.04303116e-01 6.72404766e-02
    7.50770688e-01 8.36110115e-02 7.82016635e-01 2.57508457e-02
    1.88440084e-02 8.03739130e-01 6.80603266e-01 9.47533667e-01
    9.14008021e-01 3.92585993e-03 7.67296195e-01 9.64677572e-01
    6.61034465e-01 4.91862476e-01 1.46557897e-01 3.62203121e-01
    9.59363818e-01 9.84650791e-01 1.53885692e-01 3.25506926e-02
    2.28581786e-01 6.63835406e-02 5.33756495e-01 4.95022833e-01
    8.67428720e-01 2.86247879e-01 9.23259139e-01 7.60059953e-01
    8.34170461e-01 5.86453438e-01 2.84455895e-01 4.39103305e-01
    6.59525096e-01 3.95785570e-01 5.32693207e-01 2.14753032e-01
    4.31038052e-01 4.83047783e-01 9.17660415e-01 1.06922269e-01
    5.38929582e-01 1.66675985e-01 7.90860176e-01 9.87927556e-01
    8.91802907e-01 2.01492697e-01 9.44365263e-02 3.35913390e-01
    1.88753158e-01 2.28088021e-01 3.31529021e-01 3.57653201e-01
    7.91685820e-01 1.13569140e-01 9.70118642e-01 6.20832324e-01
    2.13597417e-02 1.04172349e-01 6.52912736e-01 8.55315804e-01
    6.99216008e-01 3.84345859e-01 1.61734045e-01 6.69145584e-03
    2.05050707e-01 5.21377385e-01 5.59564531e-02 2.10602015e-01
    1.87509656e-02 2.30045795e-01 4.54303294e-01 2.76367068e-01
    3.97440344e-01 6.87687695e-01 3.79264385e-01 5.99182010e-01
    3.39427412e-01 2.00046569e-01 8.03038120e-01 3.46345425e-01
    1.52651757e-01 7.68110633e-01 8.64342809e-01 1.49742097e-01
    1.56110615e-01 5.46553731e-01 1.95920885e-01 4.44209278e-02
    8.85864735e-01 8.47773135e-01 5.54947853e-02 6.12667561e-01
    2.87666947e-01 9.88358021e-01 6.70150280e-01 3.88694584e-01
    2.69412994e-01 5.11044264e-02 8.43425155e-01 7.19350576e-01
    8.60552847e-01 6.21202886e-01 5.47731638e-01 3.94314587e-01
    4.47546721e-01 4.07634616e-01 4.12205756e-02 1.94788784e-01
    1.24375552e-01 5.12787461e-01 5.67051172e-01 2.00963199e-01
    1.20236665e-01 9.86013234e-01 6.10629320e-01 3.03231120e-01
    7.97545612e-01 4.74422634e-01 1.37523711e-01 7.47452736e-01
    9.42100942e-01 9.90570128e-01 3.93994629e-01 9.75777805e-02
    3.71546507e-01 2.05401272e-01 1.65795624e-01 5.25114298e-01
    5.16388416e-01 1.26141548e-01 3.80728781e-01 5.80182374e-01
    4.74998236e-01 1.69504881e-02 9.92374063e-01 7.16071010e-01
    4.00331497e-01 8.61852705e-01 5.05573630e-01 6.01256847e-01
    4.97264087e-01 5.86134374e-01 8.61478806e-01 3.58380079e-02
    9.43824947e-02 3.86259139e-01 4.80647415e-01 4.50174868e-01
    2.29310125e-01 4.44306284e-01 2.91818500e-01 2.18177974e-01
    6.13771081e-01 3.86444986e-01 9.56026316e-01 7.06531584e-01
    5.50741613e-01 1.89397186e-01 1.41848624e-01 8.68432403e-01
    7.56802440e-01 3.10999751e-01 2.31732666e-01 4.48111713e-01
    8.61386657e-02 3.08929563e-01 4.33250755e-01 3.22682917e-01
    6.99526429e-01 6.05818033e-01 5.63195109e-01 4.01049197e-01
    6.39811397e-01 3.94848228e-01 4.64563400e-01 1.03400946e-01
    1.53260320e-01 1.53932959e-01 6.65920138e-01 9.33290601e-01
    7.68155754e-01 5.13878703e-01 9.78327274e-01 5.14996409e-01
    1.80279106e-01 7.61759281e-01 3.31943095e-01 6.22134209e-01
    7.40926981e-01 9.33416367e-01 5.02688468e-01 8.30602050e-02
    3.04159164e-01 8.88284385e-01 5.92296600e-01 9.09031868e-01
    6.89285636e-01 6.09398663e-01 9.83623207e-01 6.51327729e-01
    3.00015390e-01 3.00814152e-01 8.10796380e-01 3.57088208e-01
    5.71023226e-01 3.23792934e-01 8.90231013e-01 5.38941145e-01
    1.15044862e-01 7.17468381e-01 6.72862530e-02 1.97698146e-01
    9.05474782e-01 1.00111663e-02 8.62235904e-01 6.48293495e-01
    9.08727944e-01 7.21339583e-01 6.53012931e-01 2.22164094e-01
    8.86596560e-01 1.97207928e-02 8.77953291e-01 2.56157517e-02
    7.01904416e-01 5.28557241e-01 7.47422099e-01 6.29716873e-01
    6.01841807e-02 8.74009371e-01 6.59248173e-01 4.46852148e-01
    8.22800696e-02 2.89381683e-01 2.12308705e-01 8.60209346e-01
    5.13202906e-01 5.70405006e-01 1.04491413e-01 1.59137726e-01
    8.87967229e-01 8.83740604e-01 7.96542406e-01 7.83870876e-01
    9.76796031e-01 5.48401773e-02 5.36705792e-01 5.58938324e-01
    6.47640109e-01 7.01549947e-02 7.48010993e-01 4.60360765e-01
    8.26382995e-01 9.40581262e-01 5.23233533e-01 7.08009541e-01
    4.71250892e-01 6.09692454e-01 8.83958697e-01 2.10437864e-01
    4.02794689e-01 8.91691923e-01 7.75329053e-01 7.50815094e-01
    9.92358446e-01 9.79170084e-01 8.13719273e-01 3.96336108e-01
    8.06619048e-01 2.44706780e-01 2.50449806e-01 1.21618152e-01
    5.34711003e-01 9.36107457e-01 5.39376140e-02 9.58020329e-01
    5.13026536e-01 6.99331164e-01 3.55473161e-02 3.46144438e-02
    3.09306622e-01 6.10503793e-01 8.84791255e-01 1.84022427e-01
    6.07015789e-02 3.83044302e-01 2.01904535e-01 2.76184320e-01
    2.98018754e-01 1.49731457e-01 6.81995034e-01 1.32889092e-01
    1.15756869e-01 9.06471372e-01 6.45994484e-01 1.57850504e-01
    1.05272174e-01 6.21720850e-01 1.37081981e-01 2.82894582e-01
    7.83278823e-01 2.05774903e-02 6.64508641e-01 1.48970783e-01
    2.53554553e-01 3.93391252e-02 7.86958396e-01 8.17712426e-01
    7.74527073e-01 9.70296860e-02 2.23535419e-01 2.67451644e-01
    6.58175528e-01 5.33729017e-01 4.48033214e-02 2.52636373e-02
    1.75686479e-02 2.24432617e-01 1.71966046e-01 6.53305888e-01
    6.96782947e-01 7.73373485e-01 2.21580863e-01 9.72020626e-02
    3.14377546e-02 8.31785202e-01 2.83589929e-01 9.55246389e-01
    1.76994532e-01 7.91878700e-01 7.64760554e-01 3.63232106e-01
    1.78695172e-01 2.15797573e-01 2.71940172e-01 9.97558713e-01
    4.17061329e-01 2.29161859e-01 1.63067073e-01 9.34283614e-01
    6.21529102e-01 9.74524677e-01 9.56720114e-01 3.67658079e-01
    6.07386231e-01 9.05726194e-01 4.44317758e-01 1.29185647e-01
    2.00980783e-01 5.58734834e-01 2.72608131e-01 9.31463957e-01
    8.58998656e-01 6.22923315e-01 9.58386898e-01 3.23187470e-01
    9.41868365e-01 9.68997240e-01 8.96037817e-01 5.79218507e-01
    1.94385529e-01 7.96708465e-02 7.11871862e-01 2.12855339e-02
    2.58050621e-01 5.23869872e-01 2.00214505e-01 3.23140621e-03
    5.62100530e-01 4.95616168e-01 5.25800467e-01 2.65259385e-01
    5.53435624e-01 7.36199975e-01 3.98867816e-01 9.65032518e-01
    6.69537663e-01 7.82389820e-01 2.75257528e-01 3.56745124e-02
    1.35515392e-01 6.71007335e-01 7.84641981e-01 2.71255940e-01
    1.35681510e-01 7.03285933e-01 7.71270514e-01 2.61757016e-01
    7.06024945e-01 2.68906265e-01 3.75488102e-01 2.07394779e-01
    1.68968529e-01 8.23962331e-01 3.47082973e-01 8.25482011e-01
    5.11911690e-01 5.83505869e-01 5.95537364e-01 8.10655296e-01
    1.07689559e-01 8.22943687e-01 5.93649805e-01 3.46354783e-01
    8.26255381e-01 7.93968737e-01 3.90621185e-01 1.76373780e-01
    5.32149017e-01 9.42014158e-01 8.12710285e-01 7.26416171e-01
    5.02169371e-01 6.42092168e-01 1.30558401e-01 4.33073342e-02
    4.86455888e-01 5.84954798e-01 3.53705525e-01 8.82640362e-01
    1.62348390e-01 4.95052516e-01 4.18861270e-01 2.50419736e-01
    4.20182645e-02 8.91678810e-01 3.74341011e-01 7.45250404e-01
    5.68601608e-01 6.71856642e-01 7.20784485e-01 7.16520309e-01
    6.43766880e-01 9.62041736e-01 5.89035273e-01 2.83360481e-04
    1.24975115e-01 3.75535309e-01 6.58151507e-01 9.39971209e-02
    5.54728270e-01 8.60878587e-01 6.54992104e-01 1.91455185e-02
    4.39121872e-01 4.09397036e-01 7.94734776e-01 3.25874925e-01
    7.38659978e-01 5.74627638e-01 9.83790338e-01 8.71652007e-01
    6.25723600e-01 4.27027225e-01 3.28081161e-01 6.27317190e-01
    4.45672601e-01 8.00960839e-01 4.28327769e-01 7.20894635e-01
    8.44367504e-01 8.86248589e-01 8.01793933e-01 4.47809309e-01
    9.60899115e-01 7.86202490e-01 5.22615075e-01 1.03009790e-01
    6.96975529e-01 1.00641370e-01 3.41955304e-01 9.82339263e-01
    9.79008675e-01 5.28678298e-01 2.05984682e-01 9.65758383e-01
    4.22764987e-01 8.89612079e-01 9.85465169e-01 4.13055509e-01
    4.95046139e-01 9.87215996e-01 7.23804533e-01 6.50993288e-02
    3.92598003e-01 5.35216510e-01 2.29451180e-01 7.26855218e-01
    7.65138745e-01 3.87309968e-01 6.18624330e-01 1.77165747e-01
    6.19867444e-01 8.69809985e-01 5.30541480e-01 5.26816964e-01
    2.26765126e-01 7.98593163e-01 6.61204934e-01 8.75354886e-01
    5.87061822e-01 6.28950596e-01 6.95902884e-01 9.83561456e-01
    6.99656427e-01 7.00412810e-01 8.02667499e-01 3.77296984e-01
    1.03074431e-01 5.33611178e-02 4.35444444e-01 7.16048896e-01
    6.09155476e-01 8.41420293e-02 8.00931454e-01 2.47420222e-01
    3.96446437e-01 2.70097971e-01 6.26408875e-01 8.91764462e-01
    1.75333589e-01 6.06270730e-01 3.78855765e-02 4.25961316e-01
    3.54577780e-01 2.07815796e-01 6.51460171e-01 8.82693052e-01
    4.53004003e-01 7.93219805e-01 6.91911936e-01 8.63460422e-01
    3.47563773e-01 2.61427522e-01 9.91141677e-01 2.00319052e-01
    7.25180805e-01 5.63269675e-01 8.15700293e-01 9.07828867e-01
    9.78748798e-01 9.92291451e-01 7.11190403e-01 5.54166615e-01
    3.39686632e-01 6.28334343e-01 6.49970531e-01 7.78426528e-01
    7.46463835e-01 4.58753467e-01 5.76922238e-01 6.71229839e-01
    6.10197544e-01 5.28634310e-01 1.12538069e-01 3.68444085e-01
    7.72561431e-02 9.97115135e-01 7.02612698e-02 4.74373549e-01
    3.16258729e-01 2.11264968e-01 7.72882044e-01 7.35015750e-01
    2.52759665e-01 4.56292033e-01 4.87343013e-01 6.68188930e-01
    9.13682878e-02 7.98018575e-01 2.88262874e-01 8.72769654e-02
    2.14389652e-01 5.05048990e-01 2.52996296e-01 2.86238402e-01
    8.07497740e-01 8.70101988e-01 4.27058905e-01 6.52958989e-01
    3.64433348e-01 8.74136925e-01 4.62178767e-01 6.64573431e-01
    8.74543548e-01 3.54400873e-02 7.03956783e-01 6.21376276e-01
    4.96359766e-01 7.91683912e-01 7.84300923e-01 4.39244270e-01
    4.26482618e-01 2.36250669e-01 7.12369084e-01 9.64293063e-01
    2.17285573e-01 5.79237521e-01 1.58778429e-01 6.32851005e-01
    9.66187835e-01 7.40305305e-01 2.28439599e-01 9.10585523e-02
    5.71248233e-01 8.06852937e-01 4.06546474e-01 3.56981695e-01
    1.31041706e-02 2.30957150e-01 1.78014040e-01 3.53515148e-02
    4.50933963e-01 4.94144261e-02 5.83659470e-01 1.10605359e-02
    6.40270174e-01 5.31269610e-01 9.58317876e-01 7.18402386e-01
    4.03939635e-01 9.31564689e-01 7.13294566e-01 7.47286558e-01
    7.84781694e-01 9.75531697e-01 4.02935773e-01 8.06087732e-01
    5.21726012e-01 7.85384178e-01 8.78239155e-01 7.33748794e-01
    1.46641284e-01 4.51021820e-01 5.81963897e-01 4.17972356e-01
    9.50581431e-01 5.09305477e-01 7.81991720e-01 5.78956008e-01
    8.47508550e-01 6.40622675e-02 8.57708752e-01 9.95983601e-01
    8.04189146e-02 3.27200443e-01 1.65417671e-01 7.01265752e-01
    3.92545074e-01 4.60604846e-01 3.35173160e-01 6.28606439e-01
    5.71195781e-02 4.72905546e-01 8.29491615e-01 1.78090096e-01
    1.07459128e-01 9.39120173e-01 5.87037385e-01 8.38970184e-01
    5.05742848e-01 2.88639486e-01 6.26938105e-01 9.70947742e-01
    4.87434626e-01 5.85346282e-01 6.87977135e-01 2.62970775e-01
    7.89548039e-01 9.06562209e-01 3.44518393e-01 5.43151259e-01
    6.39821470e-01 1.96857363e-01 1.07744992e-01 5.92535794e-01
    8.54095519e-01 9.36331272e-01 7.27957547e-01 5.05331457e-02
    3.90162796e-01 9.47966933e-01 2.60882348e-01 3.68011773e-01
    1.28973335e-01 8.24985385e-01 4.37525719e-01 5.78112721e-01
    6.37335896e-01 8.24447632e-01 2.88097352e-01 9.98439372e-01
    4.95947629e-01 4.26568538e-01 5.15955746e-01 3.02069306e-01
    8.49070847e-02 5.45839489e-01 7.85675645e-02 1.85583621e-01
    6.09399736e-01 1.67382807e-01 8.41093063e-01 1.06777668e-01
    7.85287619e-02 2.35874087e-01 2.18087703e-01 3.82106245e-01
    6.07464850e-01 9.66932595e-01 6.60871267e-01 9.40708518e-02
    2.57377028e-02 4.82958794e-01 1.53914988e-01 1.52376026e-01
    3.10344547e-01 9.39535618e-01 8.63605976e-01 6.02409601e-01
    5.26503325e-01 9.77169275e-01 1.56150609e-01 6.66391850e-03
    8.05474162e-01 9.56818461e-01 8.09815288e-01 9.01344180e-01
    5.16199648e-01 6.59828842e-01 8.71110678e-01 4.71267104e-02
    8.11644912e-01 7.19400346e-02 3.01039219e-01 7.87574530e-01
    9.57031190e-01 2.84605920e-01 2.14944482e-02 4.27252591e-01
    7.54830122e-01 8.44168067e-02 9.77129519e-01 1.46973193e-01
    4.14720774e-01 5.46042860e-01 1.04071289e-01 7.41163194e-01
    6.30292833e-01 2.76355147e-02 3.50721002e-01 5.38209856e-01
    7.25207210e-01 9.70265388e-01 2.68945515e-01 7.42165804e-01
    4.80764925e-01 2.22375274e-01 5.29717863e-01 1.92073673e-01
    6.06480598e-01 3.22775185e-01 4.35214400e-01 6.79716051e-01
    2.59453535e-01 6.75720692e-01 1.82688385e-01 1.46641970e-01
    6.72589958e-01 1.09641314e-01 7.57274330e-01 9.53884602e-01
    9.42790210e-01 3.72780412e-01 5.75627327e-01 9.76294041e-01
    5.52824974e-01 2.26296037e-01 9.90365267e-01 2.24016547e-01
    1.95365518e-01 8.24460626e-01 8.66340876e-01 8.02759230e-02
    9.85190272e-01 5.58335841e-01 8.06352735e-01 3.76024842e-01
    1.40076727e-01 8.29022229e-01 2.65052706e-01 9.14529085e-01
    3.95261705e-01 2.75763810e-01 6.96388960e-01 7.09490895e-01
    6.00019097e-03 8.03178549e-01 5.15475571e-01 3.56679022e-01
    3.26474518e-01 3.98187041e-01 5.48261464e-01 2.58392036e-01
    8.60556126e-01 1.87488556e-01 6.38058066e-01 8.82332444e-01
    4.09608781e-02 5.38113773e-01 1.96777105e-01 3.66100192e-01
    4.32103127e-01 9.01255369e-01 7.65619814e-01 7.31844842e-01
    5.49735904e-01 5.22756815e-01 4.99288142e-01 9.82948303e-01
    5.20511329e-01 5.30090928e-01 1.80098951e-01 7.24165082e-01
    8.62499833e-01 6.60504103e-02 8.28076482e-01 2.93856025e-01
    5.94019532e-01 9.39541936e-01 9.58854318e-01 3.51033926e-01
    6.99076176e-01 7.75161147e-01 3.07779729e-01 4.65160578e-01
    5.01247823e-01 7.43071556e-01 8.83132219e-01 7.46489108e-01
    2.12351114e-01 1.88301504e-02 4.16533977e-01 4.75338310e-01
    9.93019223e-01 3.83470476e-01 8.44222665e-01 4.56351310e-01
    3.94882113e-01 7.78204918e-01 1.47434056e-01 3.38689446e-01
    1.28109157e-02 5.71490526e-01 4.86756831e-01 5.27830243e-01
    2.86366612e-01 9.13885593e-01 5.44592738e-01 6.99082255e-01
    7.62987494e-01 8.92787635e-01 5.74162066e-01 7.28134155e-01
    3.23231190e-01 5.20531237e-01 7.45163679e-01 6.87401354e-01
    8.27856064e-01 4.09314632e-01 8.88114095e-01 2.28317201e-01
    2.92400777e-01 9.51824665e-01 1.67587399e-02 2.13748276e-01
    9.33349550e-01 2.92916894e-02 5.06009579e-01 2.03261018e-01
    5.74707389e-02 4.89984721e-01 6.21409237e-01 1.83463037e-01
    7.58139431e-01 5.81585109e-01 9.15687919e-01 2.12666035e-01
    7.37522423e-01 2.85457820e-01 1.87136590e-01 2.17315942e-01
    4.96488899e-01 3.81776989e-01 7.44208694e-01 4.52356935e-01
    6.90367103e-01 1.99590832e-01 1.63446665e-02 4.31824207e-01
    7.12287664e-01 3.80470008e-01 7.17375875e-01 4.67060894e-01
    9.85335410e-02 6.07003629e-01 5.73973000e-01 1.35561049e-01
    5.26633620e-01 3.65622997e-01 4.58230019e-01 8.93551111e-01
    2.45657057e-01 2.64786214e-01 5.79571307e-01 3.70027691e-01
    8.70608032e-01 3.51364017e-01 4.56796348e-01 8.11510205e-01
    5.83827078e-01 2.57505149e-01 1.11192554e-01 9.13949490e-01
    7.13059664e-01 3.76614183e-01 8.50035429e-01 8.35454762e-01
    9.36370015e-01 5.89204550e-01 7.81152308e-01 1.80787355e-01
    5.31102002e-01 3.35093856e-01 3.19126844e-01 8.52115035e-01
    6.82687998e-01 8.88623476e-01 6.71524227e-01 7.41871238e-01
    2.30415463e-02 3.82830799e-02 1.07630491e-01 7.28390217e-01
    5.46804547e-01 3.98019224e-01 5.07670224e-01 5.04984558e-02
    1.02742314e-01 4.76599455e-01 2.44062454e-01 4.72821653e-01
    5.68016887e-01 1.63368702e-01 8.47760141e-02 1.39998108e-01
    8.33176017e-01 5.78516304e-01 3.11968327e-01 6.39545679e-01
    1.00111961e-03 2.25966930e-01 2.43198067e-01 3.92684042e-02
    1.45037174e-01 4.41363245e-01 3.48160595e-01 6.00732565e-02
    4.97319102e-02 7.99942255e-01 4.49229687e-01 1.74135506e-01
    8.90019059e-01 3.59455347e-01 1.85802579e-03 1.33014947e-01
    8.19192588e-01 8.25666666e-01 2.08669782e-01 2.44476855e-01
    8.97844672e-01 3.11994851e-01 9.83335495e-01 4.75250721e-01
    2.32916683e-01 4.82511520e-03 1.76528841e-01 7.86212265e-01
    1.89518839e-01 8.84006262e-01 8.78947258e-01 5.62753975e-01
    7.78159261e-01 6.27668202e-02 1.02530420e-01 2.81120896e-01
    7.97074795e-01 8.32665920e-01 4.27713096e-01 2.97146767e-01
    2.03846693e-02 6.92334473e-02 4.94741768e-01 1.67837143e-02
    5.77553570e-01 6.60462737e-01 4.52351928e-01 8.71573508e-01
    2.88518965e-01 5.07481217e-01 1.85314089e-01 1.14073217e-01
    3.45022142e-01 6.18676424e-01 1.48554772e-01 5.05158663e-01
    4.20234978e-01 3.28018188e-01 2.38063455e-01 2.93936431e-02
    3.60073328e-01 6.08129144e-01 5.32529771e-01 3.22714448e-02
    6.56673551e-01 5.42063534e-01 3.94417644e-02 4.41814452e-01
    1.89394206e-01 7.99308419e-02 5.15628278e-01 1.70002759e-01
    8.36779714e-01 8.90707970e-01 7.05111027e-01 3.18242729e-01
    7.30061889e-01 4.79606628e-01 6.85695052e-01 7.75315166e-01
    3.73906732e-01 3.10749829e-01 4.40161586e-01 4.56287295e-01
    7.42212713e-01 8.59316885e-01 5.80675125e-01 4.92333174e-01
    4.65615422e-01 9.09443438e-01 3.99195403e-01 4.84731168e-01
    1.74202532e-01 3.27282727e-01 4.69361186e-01 1.73315704e-01
    8.65643740e-01 7.65328765e-01 3.10486794e-01 5.15053868e-02
    6.72608614e-01 6.55017197e-02 2.57189780e-01 5.00404775e-01
    5.39224088e-01 8.12966585e-01 4.61137325e-01 9.62087214e-01
    5.49176276e-01 5.30093253e-01 3.19399238e-01 2.64129609e-01
    8.22793603e-01 7.01342404e-01 2.97918499e-01 5.15088439e-01
    7.92927861e-01 5.24075329e-01 3.36347163e-01 9.42771435e-02
    7.04115272e-01 9.68520403e-01 6.73005700e-01 7.97852516e-01
    4.81096327e-01 5.04409969e-01 9.08659101e-02 3.38016331e-01
    9.37437534e-01 5.90642810e-01 3.33932281e-01 2.03333497e-02
    6.16204679e-01 2.05516756e-01 1.65356100e-02 2.76686281e-01
    2.19936073e-02 8.04329515e-01 8.14499736e-01 7.63900399e-01
    5.92913389e-01 4.00284231e-01 6.65567279e-01 5.03531635e-01
    5.00400126e-01 1.90369993e-01 3.15585583e-01 9.41619396e-01
    8.65760207e-01 6.12639785e-02 5.92672765e-01 2.57472724e-01
    3.62771004e-01 3.97115767e-01 2.58270770e-01 9.31401134e-01
    4.14551437e-01 4.36380297e-01 4.39997822e-01 7.07427919e-01
    4.92963791e-02 2.38103181e-01 1.20265186e-01 2.26456225e-01
    7.05087543e-01 3.32400560e-01 3.90871495e-01 9.72468972e-01
    7.22643733e-01 9.17139292e-01 2.21540719e-01 4.93747592e-02
    4.87923861e-01 9.43062782e-01 4.63374168e-01 8.69506001e-02
    6.84439242e-01 1.21660888e-01 1.83487356e-01 6.91362977e-01
    1.54899061e-02 8.86756718e-01 5.30196965e-01 2.24847496e-02
    8.29891801e-01 6.95359111e-02 7.80750573e-01 7.27867544e-01
    4.71155345e-02 4.29840833e-01 1.70734465e-01 1.70405507e-02
    5.54547310e-01 4.56594139e-01 6.75582170e-01 1.15105510e-03
    8.70277822e-01 9.29702580e-01 4.95832622e-01 9.99807358e-01
    2.37376004e-01 2.31789857e-01 5.90956867e-01 1.91375405e-01
    9.13120866e-01 8.30840588e-01 7.31675923e-01 5.25892675e-02
    7.95127749e-02 8.64098072e-01 2.73175836e-02 3.68031800e-01
    3.09729755e-01 7.42712498e-01 7.95993924e-01 5.11169434e-04
    7.31744885e-01 6.34834170e-01 9.55368638e-01 9.04484987e-01
    1.67415321e-01 9.52821195e-01 5.14810383e-01 6.55662477e-01
    5.57845056e-01 6.79233313e-01 8.74335647e-01 3.49646747e-01
    6.22882605e-01 1.84925795e-02 1.12234741e-01 2.40576565e-02
    1.69878662e-01 8.88179839e-02 7.98181176e-01 5.98052204e-01
    5.76556981e-01 9.35315967e-01 3.61485898e-01 2.94346124e-01
    4.44457829e-02 2.02965319e-01 6.03705108e-01 7.91787863e-01
    2.80819118e-01 5.21597564e-02 1.58660620e-01 4.57973897e-01
    4.60435748e-01 2.75106668e-01 6.55835569e-02 5.29180229e-01
    9.76345956e-01 8.97161305e-01 8.20212066e-02 6.81181908e-01
    5.71388125e-01 5.36240637e-01 9.29045439e-01 5.59495687e-02
    2.49813467e-01 3.26261520e-01 1.44432545e-01 4.69798386e-01
    2.38327265e-01 3.69288504e-01 1.10307932e-01 8.58796060e-01
    5.15507340e-01 9.59432364e-01 7.24270523e-01 7.23601997e-01
    9.66588259e-01 4.15492713e-01 4.05865163e-01 9.10604000e-01
    3.98988634e-01 7.25925744e-01 7.77699828e-01 7.13536620e-01
    4.53623831e-01 2.00683922e-01 5.85965753e-01 8.60507429e-01
    6.97077632e-01 9.49552774e-01 9.86451209e-02 5.29479802e-01
    2.25364774e-01 4.18686301e-01 5.38864911e-01 9.99975204e-01
    1.98823810e-02 1.54113472e-01 1.35676146e-01 2.12392032e-01
    4.08659220e-01 8.08109045e-01 6.97893620e-01 7.35866070e-01
    5.77061951e-01 4.76737529e-01 9.77426767e-01 3.30040455e-01
    4.89391088e-01 8.96350563e-01 9.90558743e-01 1.43254757e-01
    1.96917206e-01 9.49724436e-01 7.11258769e-01 6.94142401e-01
    6.22735381e-01 6.76773310e-01 5.15891433e-01 2.86754668e-01
    9.06161249e-01 2.47958630e-01 4.16309059e-01 1.48876607e-01
    2.82217145e-01 6.41809046e-01 5.48076153e-01 7.52697885e-01
    8.45113516e-01 4.81928527e-01 7.92474031e-01 5.06852567e-02
    8.56742382e-01 5.59688270e-01 1.41972601e-01 2.45839685e-01
    4.99743998e-01 4.26145345e-01 6.46176338e-01 7.62597322e-02
    7.81672418e-01 2.22409427e-01 3.63376617e-01 1.21754557e-01
    7.42000937e-02 1.02496833e-01 7.03052580e-02 5.51959157e-01
    9.14556742e-01 8.89952242e-01 2.12798685e-01 3.95360410e-01
    6.30443394e-01 6.85535908e-01 1.20488048e-01 4.27028596e-01
    7.47710645e-01 3.38317931e-01 6.38471544e-02 8.16844940e-01
    6.10997200e-01 8.10610890e-01 6.89935565e-01 9.16655838e-01
    4.74937469e-01 6.97324157e-01 6.14576101e-01 6.70643628e-01
    1.49040967e-01 2.98876107e-01 8.19201827e-01 4.88409549e-01
    1.78180844e-01 8.75062466e-01 2.63619423e-03 6.64270699e-01
    7.23498523e-01 5.78320265e-01 5.30718327e-01 7.97908425e-01
    4.43826467e-01 2.91445404e-01 1.81009531e-01 2.76949108e-01
    4.81445432e-01 6.17247581e-01 6.93262279e-01 2.14944005e-01
    7.60974407e-01 4.78736848e-01 4.78969276e-01 6.80278599e-01
    2.31175959e-01 9.04614329e-01 4.97388124e-01 9.63207543e-01
    6.57453895e-01 6.94681168e-01 7.62697399e-01 6.70679212e-01
    7.19833076e-01 2.34264702e-01 6.51288629e-01 8.46338630e-01
    3.84855270e-01 3.39781344e-01 6.97129726e-01 6.42027974e-01
    4.07390594e-02 8.43204796e-01 9.83299851e-01 1.33248299e-01
    3.86618465e-01 2.64772534e-01 1.01568192e-01 6.29631519e-01
    1.96657181e-02 5.39621115e-01 3.41305166e-01 2.32897967e-01
    8.53763461e-01 6.65510297e-01 6.89175963e-01 4.77285922e-01
    1.76972419e-01 6.48646533e-01 5.26965559e-02 8.09453130e-02
    1.04786843e-01 9.99080658e-01 6.00843668e-01 9.70153511e-02
    5.04781604e-01 6.57178998e-01 2.74955332e-02 6.34267628e-01
    5.42976737e-01 1.77721173e-01 1.86498582e-01 5.35301030e-01
    1.30763710e-01 6.95260525e-01 2.15826005e-01 3.18453610e-02
    5.56771517e-01 3.99360269e-01 8.65325928e-01 3.02610099e-01
    3.68182331e-01 9.95211720e-01 1.23408377e-01 1.15125775e-02
    9.08221185e-01 5.59326112e-02 5.45080245e-01 5.42268395e-01
    7.95411289e-01 2.85896003e-01 7.85729766e-01 5.51719964e-02
    7.68272161e-01 8.47725868e-02 9.36180651e-02 7.48606801e-01
    3.02763999e-01 4.81507719e-01 2.05770135e-01 7.86403894e-01
    2.34886736e-01 1.16282344e-01 2.86441773e-01 4.72785592e-01
    1.40551239e-01 7.43699670e-02 4.60431486e-01 5.63425601e-01
    5.68108380e-01 6.87577665e-01 6.14071429e-01 7.66652465e-01
    3.58139098e-01 2.62018383e-01 9.34053302e-01 1.20637327e-01
    5.51059902e-01 7.09297955e-01 9.39162731e-01 2.95710862e-01
    7.41658390e-01 8.26671720e-01 3.66215050e-01 7.82012820e-01
    8.15804720e-01 4.49797213e-02 1.47595853e-01 2.07594335e-01
    4.73826647e-01 8.85180116e-01 7.60729909e-01 1.17990971e-01
    6.39653146e-01 2.77606040e-01 7.52252817e-01 2.62977540e-01
    1.05787069e-01 3.55668783e-01 4.51646447e-01 7.12986112e-01
    6.87278509e-01 1.18088543e-01 5.34362197e-01 8.55570912e-01
    2.07704633e-01 4.45536137e-01 5.93333662e-01 8.94279599e-01
    6.93410754e-01 4.75530028e-01 2.87873030e-01 2.22089052e-01
    1.28968894e-01 8.54976177e-02 3.11535954e-01 6.41356111e-01
    8.46008122e-01 1.33454800e-02 8.91617656e-01 2.14328527e-01
    2.45008022e-01 8.59614909e-01 9.17395353e-02 5.84855676e-01
    6.93750858e-01 5.30231237e-01 6.91368222e-01 5.33978879e-01
    3.56733501e-02 2.55277157e-01 3.20654154e-01 4.64266121e-01
    7.98856974e-01 6.89817369e-02 7.04716086e-01 7.69095838e-01
    4.88805234e-01 5.50328612e-01 8.69211793e-01 7.43733346e-02
    3.99636894e-01 5.32851934e-01 8.59718621e-01 9.00679886e-01
    5.86623907e-01 9.52728510e-01 8.03417742e-01 1.57049000e-02
    3.20514113e-01 2.11535662e-01 9.41851616e-01 7.41979957e-01
    6.77049994e-01 1.30902112e-01 1.94071829e-01 9.85186338e-01
    9.31078076e-01 2.88912416e-01 9.45667744e-01 3.84515345e-01
    7.68939614e-01 8.71238351e-01 8.61891985e-01 9.22581077e-01
    6.55025244e-01 3.54332209e-01 4.78511393e-01 4.88573998e-01
    2.32171416e-01 3.62931311e-01 3.94982070e-01 4.06334758e-01
    8.57084274e-01 8.38885546e-01 6.24137580e-01 6.34449482e-01
    4.75457668e-01 6.22274876e-02 7.48467624e-01 8.24417770e-02
    9.10177469e-01 9.53012049e-01 6.73172832e-01 7.11458921e-02
    4.75874633e-01 5.46342552e-01 8.17647338e-01 4.60738301e-01
    6.49061024e-01 1.72803909e-01 2.24125624e-01 4.59084719e-01
    7.51036108e-02 9.01573062e-01 4.00170207e-01 4.48661447e-01
    6.06582642e-01 8.66974592e-01 4.39285874e-01 6.37747049e-01
    4.91859525e-01 7.46398687e-01 9.14033473e-01 3.57176960e-01
    5.36625385e-01 3.46491992e-01 8.77385378e-01 9.21447098e-01
    7.70917416e-01 1.74963921e-01 1.16963893e-01 6.17397487e-01
    2.80959010e-01 1.94938481e-01 3.97087693e-01 4.10344720e-01
    7.60444760e-01 3.55635583e-01 5.06962955e-01 2.05421954e-01
    8.80920351e-01 1.24976814e-01 9.84085560e-01 3.39826226e-01
    9.05782104e-01 4.36982870e-01 6.23848379e-01 3.78893584e-01
    1.86781406e-01 9.62212682e-03 8.96946311e-01 2.74386227e-01
    4.42715645e-01 2.03644425e-01 1.69280261e-01 7.04785883e-01
    2.67349958e-01 4.07952160e-01 3.76282066e-01 8.08447599e-01
    5.80851436e-01 7.06412494e-01 7.14468002e-01 9.83065069e-02
    9.60529149e-01 6.50099993e-01 6.61628366e-01 1.91983283e-02
    4.59495842e-01 2.76058614e-01 5.03688931e-01 5.55531740e-01
    3.07554066e-01 8.49395156e-01 5.65050244e-02 6.95438981e-01
    9.23987508e-01 4.64919180e-01 2.38116562e-01 4.74010170e-01
    6.23579621e-01 5.40715873e-01 8.71712446e-01 2.08940238e-01
    6.75531030e-01 1.63186252e-01 7.84372509e-01 2.36965537e-01
    3.43517900e-01 8.12188447e-01 5.76544881e-01 5.95205426e-02
    2.92250097e-01 3.54921341e-01 7.89321780e-01 3.65164459e-01
    8.57675791e-01 8.76560926e-01 4.52406973e-01 4.72436607e-01
    6.33643627e-01 1.89725786e-01 8.74742210e-01 6.03401184e-01
    8.46936882e-01 1.86737686e-01 3.62060070e-01 6.84506834e-01
    6.58331215e-01 6.21092856e-01 2.72648633e-02 8.51244211e-01
    8.00928175e-01 4.06641185e-01 3.71568501e-01 7.48871088e-01
    2.97296405e-01 3.66708070e-01 4.55612868e-01 5.36266744e-01
    1.18340880e-01 6.53830528e-01 3.03952724e-01 9.21867609e-01
    1.28451705e-01 9.63350654e-01 9.19009149e-01 5.29268503e-01
    6.89914763e-01 1.08568907e-01 1.37400597e-01 6.61792517e-01
    2.14257836e-03 7.64182270e-01 9.18954611e-04 6.90940440e-01
    7.45202661e-01 9.37044084e-01 8.49948168e-01 2.15014398e-01
    2.13917106e-01 3.14586312e-01 4.43904400e-01 8.03925395e-02
    4.49454784e-02 4.87561107e-01 1.95304692e-01 6.71701491e-01
    7.81163871e-01 5.98977387e-01 2.78016150e-01 6.60270810e-01
    7.52763093e-01 5.30915618e-01 9.01564479e-01 8.23670268e-01
    7.14275241e-03 8.59820306e-01 7.44397342e-01 3.77669066e-01
    5.68488359e-01 9.28540051e-01 9.89545584e-02 6.48125052e-01
    4.09315020e-01 2.02794760e-01 1.64704919e-01 8.40905428e-01
    7.27917492e-01 1.72447771e-01 3.13827515e-01 6.92628205e-01
    1.11061841e-01 4.42644954e-03 3.17277074e-01 5.11690855e-01
    6.82672799e-01 2.38212973e-01 7.30624795e-01 2.36207068e-01
    9.44165945e-01 2.26440191e-01 8.13348591e-02 4.19513285e-02
    9.70833063e-01 5.23533225e-01 7.51005888e-01 4.80427027e-01
    6.80193424e-01 2.83293933e-01 4.15298462e-01 6.15645826e-01
    6.79629326e-01 8.04466009e-01 1.66901350e-02 7.75360465e-02
    7.13097990e-01 1.65860116e-01 7.43645310e-01 7.31427968e-01
    6.25208199e-01 7.66382456e-01 4.76847351e-01 8.59692395e-01
    5.16001880e-02 9.60315824e-01 8.21646154e-01 3.87417674e-02
    4.47199404e-01 1.18613392e-01 7.08214045e-01 6.91036880e-02
    5.79972327e-01 9.46020007e-01 9.78489280e-01 1.72011554e-02
    4.79807436e-01 8.33686590e-02 3.03892374e-01 2.74308562e-01
    6.94595575e-01 6.14436865e-01 6.90094888e-01 6.64677560e-01
    1.49965227e-01 7.18932986e-01 3.12278986e-01 5.64671099e-01
    5.28561413e-01 5.83966494e-01 5.57103276e-01 5.57577372e-01
    7.70116806e-01 6.90047622e-01 5.84032595e-01 9.36236382e-02
    3.83144379e-01 2.04162300e-01 7.89987206e-01 7.76962757e-01
    4.07453954e-01 2.03119248e-01 9.27175283e-02 5.31397700e-01
    8.00960600e-01 4.59135741e-01 4.93473053e-01 5.92691898e-02
    8.46900702e-01 3.66208196e-01 3.87623668e-01 4.68227595e-01
    1.57448202e-01 2.06358463e-01 6.10393763e-01 8.35326314e-03
    7.47452676e-01 2.67077088e-01 9.71018255e-01 5.68618000e-01
    5.57526350e-01 2.87009299e-01 8.65696967e-01 7.75502503e-01
    7.42587030e-01 8.86458397e-01 7.59104729e-01 2.84948766e-01
    9.01913166e-01 4.01972175e-01 5.87418497e-01 3.85782331e-01
    5.74601173e-01 6.13477588e-01 5.89126050e-01 6.23270869e-03
    6.56000674e-01 4.90054041e-01 1.37442559e-01 9.81560111e-01
    8.38962972e-01 6.58243537e-01 8.18514943e-01 4.07649308e-01
    2.84832895e-01 9.45837080e-01 9.15781021e-01 7.42793202e-01
    9.42308664e-01 5.56248069e-01 9.97136116e-01 2.98019767e-01
    3.61631036e-01 7.76138425e-01 9.47162628e-01 4.27480280e-01
    3.52691084e-01 6.15209520e-01 4.54729110e-01 1.14450455e-01
    1.23404115e-01 1.79787368e-01 5.11601567e-03 2.27935046e-01
    6.15409493e-01 9.89850402e-01 5.80340624e-01 7.88634181e-01
    4.22843844e-01 5.62917292e-02 5.61211884e-01 6.45242572e-01
    1.06705010e-01 7.84942389e-01 8.70393872e-01 2.61820197e-01
    2.31792301e-01 2.80604064e-01 4.84183103e-01 5.69899678e-02
    6.72926664e-01 9.52466369e-01 7.36765563e-01 9.76227999e-01
    7.51782477e-01 1.79167956e-01 8.98668885e-01 3.18510830e-01
    3.42068225e-01 5.24817467e-01 5.56029379e-01 8.57789516e-01
    4.64977711e-01 8.97373080e-01 1.75837278e-01 9.66525435e-01
    5.19679964e-01 1.36170387e-02 6.62729621e-01 6.68155611e-01
    8.22656155e-01 8.78020823e-02 8.30191791e-01 5.08363247e-01
    9.50569630e-01 8.06406438e-02 2.53172517e-01 5.54703474e-01
    8.01591754e-01 6.42599761e-01 3.87530923e-01 3.82950008e-02
    4.96215016e-01 1.88809156e-01 1.60482764e-01 6.03091300e-01
    7.33621240e-01 8.86070371e-01 3.62230837e-01 3.88832033e-01
    8.54350507e-01 3.56235027e-01 3.02920878e-01 3.69322866e-01
    4.01065290e-01 3.32736969e-02 6.73585474e-01 3.45769227e-01
    1.59369767e-01 1.77889466e-02 4.88585234e-02 1.47123843e-01
    7.60739326e-01 8.58316123e-01 7.09521770e-03 8.22800517e-01
    6.64135098e-01 7.34338939e-01 4.13889647e-01 8.45084071e-01
    3.84956479e-01 8.31695080e-01 6.80010021e-02 3.10667932e-01
    3.30643654e-01 9.68474746e-01 3.39272678e-01 2.29905784e-01
    1.41721010e-01 5.14272273e-01 1.25425339e-01 5.82698047e-01
    3.68747205e-01 6.67668223e-01 1.91750228e-02 1.67286307e-01
    9.28060412e-02 4.61901933e-01 2.99314409e-01 7.32957602e-01
    8.44640851e-01 3.53755444e-01 7.13597655e-01 2.89178550e-01
    3.52848351e-01 6.67671502e-01 5.64136505e-01 1.65483594e-01
    2.05410570e-01 9.86023903e-01 6.47780240e-01 9.64304864e-01
    1.49485350e-01 8.45399857e-01 2.44501233e-01 2.09683031e-01
    2.03590840e-01 1.33124709e-01 3.44758570e-01 7.28658438e-01
    9.12925839e-01 6.03932142e-03 3.43137085e-01 3.35295141e-01
    8.55095685e-02 8.52246165e-01 3.70771080e-01 8.17989409e-02
    7.60297239e-01 3.37214708e-01 4.26275492e-01 2.54475892e-01
    6.90290034e-01 8.85431528e-01 2.44582981e-01 2.02774853e-01
    4.54313189e-01 8.97436619e-01 8.68123770e-01 6.65542960e-01
    2.06254780e-01 6.66808486e-01 3.79959881e-01 8.19383979e-01
    8.81749630e-01 4.59238887e-02 7.00838268e-01 8.79147351e-01
    5.60046613e-01 3.40796590e-01 4.71880138e-02 6.87220573e-01
    6.79294348e-01 1.55605853e-01 6.66675568e-02 7.54896164e-01
    8.11847806e-01 4.29226935e-01 7.35910177e-01 4.79633659e-01
    4.34460223e-01 3.76014709e-02 6.26323402e-01 2.67008603e-01
    5.37815571e-01 5.54814041e-01 4.46060628e-01 3.95384997e-01
    5.68395257e-01 5.80438673e-01 8.09238911e-01 1.95003718e-01
    6.11512959e-01 5.51676273e-01 2.74587303e-01 2.83459246e-01
    1.46689534e-01 1.46424800e-01 8.83998990e-01 5.97733974e-01
    6.63239717e-01 6.61843359e-01 5.28725386e-02 5.70696354e-01
    1.05261028e-01 1.43895030e-01 1.71540946e-01 8.07334661e-01
    7.08705902e-01 8.49346876e-01 9.27910209e-02 2.40995973e-01
    9.01720345e-01 7.83915281e-01 3.03561985e-01 5.41214466e-01
    9.88239527e-01 7.06961930e-01 8.05310369e-01 9.63312984e-02
    3.36539567e-01 9.51656342e-01 2.77378350e-01 2.94685304e-01
    3.81568670e-01 6.22733533e-01 4.56984550e-01 7.05645800e-01
    5.33880353e-01 1.54189289e-01 3.46699119e-01 6.90189958e-01
    6.10185146e-01 4.96757895e-01 3.85658056e-01 9.88737047e-01
    8.28240573e-01 8.86709690e-02 9.02657211e-01 6.71021640e-02
    5.88107586e-01 6.79293394e-01 3.07123065e-01 3.23247790e-01
    2.82899976e-01 2.50925303e-01 7.30768085e-01 5.51438689e-01
    1.33340150e-01 1.64362460e-01 3.73203993e-01 6.67059124e-01
    2.37547100e-01 1.41694754e-01 2.69997805e-01 9.68615711e-02
    7.56818295e-01 7.86437392e-01 4.73003656e-01 8.83186281e-01
    7.30528891e-01 5.25823832e-01 4.04126734e-01 7.02925920e-01
    1.35532945e-01 3.59514058e-01 8.27332973e-01 1.10173613e-01
    1.73096627e-01 6.28980458e-01 6.50728822e-01 2.97964334e-01
    4.18649018e-01 5.20380020e-01 9.06155229e-01 2.20138252e-01
    8.06360245e-01 8.18996310e-01 5.49020767e-02 2.19281942e-01
    8.53651762e-01 4.31959629e-01 5.67246616e-01 6.84820712e-01
    7.13437498e-01 2.05493629e-01 1.30277634e-01 7.32314646e-01
    9.48985457e-01 3.30552638e-01 5.26965082e-01 9.22502577e-02
    2.59776175e-01 2.42316335e-01 2.82072186e-01 3.42490554e-01
    9.86654043e-01 1.60254747e-01 9.82280374e-01 5.31829596e-01
    2.11493671e-02 4.31250989e-01 4.10474539e-01 3.51738393e-01
    2.79290706e-01 4.15759265e-01 1.77532285e-01 8.57237697e-01
    8.60678554e-01 3.46796513e-01 6.00409448e-01 5.37835419e-01
    4.22756344e-01 5.64523935e-02 2.20572203e-01 3.37902069e-01
    2.84700304e-01 9.88770723e-01 5.05347013e-01 2.39401668e-01
    3.03694904e-02 5.41549861e-01 1.47878617e-01 4.48217601e-01
    1.77874267e-01 3.41845393e-01 5.34909189e-01 4.96075869e-01
    1.51398450e-01 1.88569069e-01 3.83123934e-01 9.44437861e-01
    1.81686848e-01 5.37248254e-02 9.50196981e-02 3.94212306e-01
    9.36057568e-01 7.65188813e-01 6.34239495e-01 8.43028426e-01
    3.50642234e-01 5.72521687e-01 4.44902778e-02 3.07820678e-01
    4.65548396e-01 6.31844759e-01 2.55859107e-01 9.06002045e-01
    5.34694612e-01 2.12363869e-01 7.71965027e-01 5.73935747e-01
    2.43602127e-01 9.49327528e-01 5.30433297e-01 5.93253553e-01
    5.59592605e-01 1.79000020e-01 8.46391320e-02 7.41662979e-01
    5.65775216e-01 5.19437969e-01 7.41848469e-01 7.48044848e-01
    8.42850447e-01 7.81465054e-01 9.43788171e-01 9.16096270e-01
    1.14164144e-01 8.36951256e-01 8.14392567e-01 5.67148924e-02
    9.32156265e-01 3.40398610e-01 6.35530353e-01 1.19357020e-01
    7.06903934e-01 6.82385743e-01 8.09915662e-01 4.75511253e-01
    5.86314440e-01 7.63471246e-01 7.07397997e-01 5.80088615e-01
    7.31118798e-01 8.24185014e-02 7.79655695e-01 4.82733101e-01
    8.73220265e-01 8.87553394e-02 4.91002172e-01 5.11449039e-01
    5.00153840e-01 3.44297290e-02 9.77143705e-01 4.82723713e-01
    4.90904748e-01 4.87333357e-01 2.26355433e-01 4.83508915e-01
    1.33967966e-01 1.83499634e-01 8.62002254e-01 5.05217493e-01
    4.98846680e-01 7.16364741e-01 8.17530513e-01 7.42765665e-02
    6.66353822e-01 4.03504401e-01 4.15387481e-01 2.28072822e-01
    8.37328613e-01 1.15544945e-01 2.91354775e-01 8.93457890e-01
    5.24836719e-01 5.53653717e-01 5.16906798e-01 1.48912668e-01
    1.80105209e-01 7.98384249e-02 5.03604352e-01 4.94992167e-01
    5.04664481e-01 2.57083118e-01 1.11062318e-01 7.44607389e-01
    6.34109795e-01 7.62786627e-01 5.18170953e-01 8.37726116e-01
    5.48467040e-03 8.18140626e-01 2.03803986e-01 6.76671267e-02
    1.36249453e-01 8.69680166e-01 9.34041262e-01 5.97590804e-02
    2.80114263e-01 5.33369541e-01 6.42513692e-01 4.03495520e-01
    4.98461485e-01 5.00244319e-01 7.92654395e-01 3.51356775e-01
    9.94372070e-01 3.53684127e-02 2.87832201e-01 6.39428973e-01
    5.65423250e-01 4.64388698e-01 3.55622232e-01 5.72659671e-01
    9.84274507e-01 7.97483325e-01 6.57526255e-01 1.60026371e-01
    2.67519593e-01 7.74734914e-01 8.38212788e-01 1.13969445e-02
    3.68876129e-01 3.79045904e-01 8.15820456e-01 6.30254030e-01
    7.59120643e-01 4.81475383e-01 8.37420344e-01 2.96368897e-02
    6.87688589e-01 9.15031135e-01 7.72733927e-01 5.47095060e-01
    3.58473599e-01 6.10851228e-01 5.25312901e-01 3.62057894e-01
    6.43472731e-01 4.78598177e-02 8.87050629e-01 8.94015431e-01
    5.91687381e-01 2.99651146e-01 1.56643182e-01 4.98541147e-01
    6.24378026e-02 3.53459001e-01 7.33377159e-01 1.24284655e-01
    1.64279521e-01 2.75686383e-01 1.35042816e-01 7.37493992e-01
    7.66166508e-01 2.72681534e-01 6.34838521e-01 5.86037397e-01
    4.75385725e-01 3.07501256e-01 7.85349011e-01 2.54467905e-01
    8.93046319e-01 6.24693811e-01 3.03560287e-01 2.07606286e-01
    9.36085224e-01 8.32992435e-01 5.11881173e-01 4.83267665e-01
    8.34066868e-01 8.89128447e-03 3.94538522e-01 1.47934645e-01
    8.12064052e-01 4.20001328e-01 3.78891408e-01 6.48030400e-01
    1.79924726e-01 2.99869478e-02 8.12114418e-01 8.07706118e-01
    9.49788272e-01 4.88470018e-01 8.31825972e-01 9.96394753e-01
    4.03112650e-01 3.22178781e-01 5.20349026e-01 6.63011968e-01
    1.53779775e-01 2.94550657e-02 4.09154892e-02 6.14124060e-01
    4.43650901e-01 8.53364289e-01 2.96696991e-01 9.69196558e-02
    1.03363425e-01 3.85669023e-01 5.90528548e-01 6.26013041e-01
    2.85877287e-01 7.79982328e-01 7.12001741e-01 1.76278651e-02
    6.44981563e-01 5.85973561e-01 6.34081364e-01 5.61285555e-01
    1.00746751e-03 3.09361756e-01 1.89216942e-01 9.11307931e-02
    1.75522655e-01 1.41986758e-01 5.29408813e-01 2.81034350e-01
    5.04914999e-01 4.89679337e-01 1.47763759e-01 7.76619852e-01
    1.04000270e-01 1.24469459e-01 3.11721593e-01 5.42654753e-01
    8.20394278e-01 7.59887695e-03 4.43003178e-01 8.15252066e-01
    5.91214955e-01 9.86517668e-02 3.67323667e-01 1.93295747e-01
    6.68998420e-01 2.89012194e-01 1.83573574e-01 7.12069929e-01
    2.46455073e-01 1.17607445e-01 9.57747817e-01 2.57660449e-01
    2.13517338e-01 6.70768499e-01 4.33301598e-01 4.87592012e-01
    5.62066793e-01 1.56012326e-01 7.07704067e-01 4.47201282e-01
    5.66206276e-01 1.55938864e-01 5.06311178e-01 2.36148864e-01
    5.46719432e-01 9.17501390e-01 4.67767656e-01 3.59333396e-01
    6.58854246e-01 4.26837802e-02 2.22486764e-01 6.62919879e-02
    8.12941730e-01 2.04162300e-01 9.34223890e-01 4.42743897e-01
    7.23061860e-01 4.10187662e-01 2.74068117e-01 1.73221439e-01
    8.46748352e-01 5.06899893e-01 5.94477057e-01 1.55530810e-01
    3.10999811e-01 7.14577436e-01 4.37381417e-01 3.82150859e-01
    3.94697249e-01 1.51789606e-01 3.62580121e-01 7.01118946e-01
    1.86947107e-01 7.87030220e-01 9.88384783e-01 5.38329482e-01
    4.38141763e-01 4.50212479e-01 8.21837306e-01 7.91569948e-01
    1.57073140e-01 1.62831545e-01 3.62505734e-01 9.14811790e-01
    2.68572569e-02 5.88015139e-01 3.63370150e-01 2.18141377e-01
    3.52882206e-01 6.92648172e-01 2.50014991e-01 2.16533095e-01
    9.68079448e-01 2.97518015e-01 8.40763867e-01 4.63806748e-01
    1.62488252e-01 7.89124012e-01 6.55563831e-01 6.68212771e-03
    3.87990654e-01 5.91079414e-01 1.74390614e-01 6.55697107e-01
    1.46117240e-01 6.14835858e-01 3.51320922e-01 5.23489833e-01
    3.82370591e-01 7.29483366e-01 7.70512104e-01 7.05680847e-01
    3.08502406e-01 4.22295332e-01 7.65071869e-01 7.62390018e-01
    3.85218054e-01 6.99677825e-01 9.98844802e-02 5.87154806e-01
    8.68833482e-01 1.40076280e-01 2.96452522e-01 8.54131103e-01
    1.34932697e-01 4.84185398e-01 5.61804771e-02 7.67518818e-01
    8.17894936e-01 7.14930594e-02 9.12470698e-01 1.70057118e-01
    6.12706780e-01 4.82791364e-02 1.52497441e-01 1.26985282e-01
    6.11894131e-02 9.09142077e-01 2.67721593e-01 5.72494388e-01
    1.69333369e-01 2.22913325e-01 4.16976810e-01 4.36034173e-01
    8.10955167e-01 7.09492147e-01 1.00146890e-01 5.25453687e-01
    4.06253427e-01 7.63902783e-01 1.04567707e-01 4.31878746e-01
    2.04969108e-01 3.58169943e-01 1.57745808e-01 3.62950414e-01
    5.30791461e-01 8.53928149e-01 2.38318235e-01 7.44440854e-01
    4.66047555e-01 9.87093329e-01 3.41985881e-01 5.31519592e-01
    5.77200770e-01 7.38565862e-01 4.84036237e-01 5.85479200e-01
    2.36764699e-01 9.68181014e-01 4.13689077e-01 6.05917156e-01
    3.53229046e-01 4.57352191e-01 7.93532968e-01 9.71453786e-02
    8.11586618e-01 8.16047907e-01 2.15746373e-01 8.93162608e-01
    8.90607238e-02 8.54375958e-02 6.00856841e-01 2.94463187e-01
    7.54418254e-01 1.57414258e-01 4.13624287e-01 4.01227176e-01
    1.15744084e-01 9.06007767e-01 9.81192231e-01 5.68047166e-03
    9.73136723e-02 8.27103734e-01 4.43411022e-01 3.61728489e-01
    5.98496854e-01 4.96344954e-01 3.30511659e-01 8.57614160e-01
    7.27906287e-01 6.07966244e-01 4.91686076e-01 3.08199376e-01
    7.84809232e-01 2.77682066e-01 1.06823832e-01 3.93741876e-01
    9.68239009e-01 1.85387999e-01 6.50933743e-01 7.10387468e-01
    3.81392539e-02 6.34485543e-01 5.54792047e-01 9.01693344e-01
    4.68917191e-01 5.92815876e-01 7.62635469e-01 3.10338855e-01
    7.34294295e-01 8.85897160e-01 4.27172005e-01 7.09343016e-01
    7.68122017e-01 7.90244162e-01 1.46536589e-01 4.32608426e-02
    9.13831234e-01 8.53841960e-01 6.65829301e-01 6.26097322e-01
    2.88619637e-01 9.28468466e-01 2.44688421e-01 4.63819504e-02
    6.23738229e-01 5.49946129e-01 3.61253083e-01 4.43873465e-01
    1.03861213e-01 1.39413476e-01 9.15544748e-01 6.10281825e-02
    1.76269025e-01 4.71435934e-01 1.47065490e-01 5.53278506e-01
    4.18083578e-01 9.24016654e-01 8.47493112e-01 2.38704443e-01
    5.48820853e-01 2.10124999e-01 4.29621160e-01 9.32786524e-01
    5.15534401e-01 9.31032836e-01 5.00562191e-02 1.34357125e-01
    7.18335807e-02 4.83025491e-01 4.48933214e-01 4.59407449e-01
    7.36209631e-01 9.34499085e-01 7.84075499e-01 2.29272217e-01
    1.70205802e-01 8.11429501e-01 4.38460439e-01 9.60288644e-01
    7.10882306e-01 7.40572035e-01 8.03112864e-01 7.97099352e-01
    6.89214349e-01 3.65984082e-01 6.34383798e-01 3.04551303e-01
    7.46424198e-01 2.78689057e-01 2.02087045e-01 4.03296858e-01
    5.01192033e-01 1.63490772e-02 1.81124508e-02 1.79799050e-01
    5.86335897e-01 1.89874947e-01 3.70114386e-01 4.51771468e-01
    4.39800858e-01 4.81459498e-01 8.44542742e-01 3.06497633e-01
    7.27976501e-01 5.40877521e-01 5.04559815e-01 7.77799964e-01
    1.46113604e-01 6.89903736e-01 2.94827402e-01 8.32249939e-01
    2.65670717e-01 9.68156219e-01 7.46892214e-01 1.47343159e-01
    8.93783927e-01 6.00650907e-01 5.70886135e-01 4.64237452e-01
    9.56043303e-02 2.75525749e-01 1.73293054e-02 4.23357517e-01
    5.92569470e-01 3.89399171e-01 8.88888597e-01 7.34674335e-01
    7.53567576e-01 6.49093270e-01 6.54650211e-01 9.13745642e-01
    7.61515021e-01 6.91825390e-01 8.55395198e-01 2.69545197e-01
    3.89994681e-01 1.22982532e-01 1.07446671e-01 3.49558651e-01
    7.98613787e-01 4.25990224e-01 6.66537941e-01 1.09111696e-01
    7.77274251e-01 1.88999295e-01 1.42794520e-01 6.89966857e-01
    8.35707426e-01 1.05387300e-01 4.68144745e-01 1.43480301e-02
    2.74126828e-02 8.40000391e-01 2.96758652e-01 2.93199182e-01
    4.72064406e-01 9.48655784e-01 6.69970989e-01 7.26030469e-02
    6.08808517e-01 3.33370209e-01 5.49080610e-01 2.73518205e-01
    4.77192283e-01 8.14779401e-01 3.01355064e-01 6.89769030e-01
    6.73776150e-01 4.65014935e-01 6.80676401e-01 1.84758961e-01
    5.16666949e-01 1.85875088e-01 8.84418011e-01 3.00905168e-01
    3.49821657e-01 4.81893629e-01 5.82403541e-01 2.67332196e-01
    7.13639855e-01 6.33490980e-01 9.17637110e-01 3.44412506e-01
    8.06135178e-01 1.07664764e-02 9.30843294e-01 3.86757702e-01
    9.58222508e-01 5.36126792e-01 2.89835155e-01 4.03382778e-01
    5.38456619e-01 6.48186743e-01 1.94824755e-01 7.17931271e-01
    1.45346522e-02 6.52064681e-02 2.28975385e-01 3.63132954e-02
    8.54086041e-01 3.95831466e-01 5.27932465e-01 2.95621395e-01
    6.27261519e-01 3.01903576e-01 9.69496131e-01 2.74777889e-01
    6.78718626e-01 7.14657962e-01 8.26420605e-01 2.82280147e-02
    9.48959589e-03 4.05531645e-01 4.36316103e-01 6.69186413e-01
    7.71560967e-01 5.95710695e-01 9.67691541e-01 8.88699710e-01
    2.14028835e-01 4.07543212e-01 8.10398579e-01 7.00775206e-01
    2.29122609e-01 1.48056775e-01 4.16856468e-01 3.29222262e-01
    9.51962590e-01 5.00224173e-01 4.54434454e-01 6.95919633e-01
    6.15540743e-02 3.08698356e-01 1.30775839e-01 1.64622933e-01
    3.90224755e-02 1.15636885e-01 7.21096814e-01 9.92564082e-01
    6.63538575e-02 9.96277332e-01 5.08966029e-01 6.26508713e-01
    1.06650919e-01 6.11694992e-01 1.96655989e-01 9.42104101e-01
    9.70521271e-01 8.73395503e-02 9.52050209e-01 4.83889818e-01
    5.14113903e-03 7.97473311e-01 2.03929216e-01 3.55840147e-01
    7.75823474e-01 2.67134339e-01 9.76517320e-01 7.51594424e-01
    7.13903010e-01 9.74182606e-01 3.75174403e-01 9.61027384e-01
    7.06390023e-01 4.28937972e-02 7.96865344e-01 5.78367531e-01
    4.27820981e-02 9.04611111e-01 8.80126476e-01 2.84223318e-01
    4.79124576e-01 3.53181869e-01 8.68540406e-01 6.79161072e-01
    7.47296035e-01 5.83024323e-02 3.68452132e-01 5.42181730e-01
    6.36126101e-01 8.52117777e-01 1.65933043e-01 3.37938726e-01
    2.55809128e-02 5.14373720e-01 4.41140234e-02 8.23129058e-01
    5.59171975e-01 9.00250614e-01 1.94958478e-01 9.18345451e-01
    3.19509506e-02 6.27951920e-01 5.06111443e-01 8.49830925e-01
    7.27880359e-01 1.35188639e-01 1.53523505e-01 6.66850686e-01
    6.35145009e-01 9.67970133e-01 8.66486847e-01 2.72894442e-01
    5.38450062e-01 4.39188927e-01 8.32623839e-01 5.89115620e-02
    3.95905823e-01 7.96782970e-01 1.24302447e-01 1.33807659e-02
    4.08510208e-01 5.43479025e-01 4.04051185e-01 3.66612196e-01
    1.33337975e-02 1.06141865e-01 6.49703145e-01 3.35808218e-01
    4.35901254e-01 1.20263785e-01 3.27002585e-01 9.44924355e-01
    8.36068630e-01 1.75836623e-01 3.72958183e-03 7.48890758e-01
    6.50903344e-01 6.41843200e-01 6.62111938e-01 4.35937881e-01
    4.21762168e-02 6.78313315e-01 4.65396941e-02 2.79467702e-02
    1.71455145e-01 7.54077077e-01 7.97478259e-02 6.72366798e-01
    6.19438946e-01 1.07269317e-01 3.53613675e-01 3.72303843e-01
    5.21048069e-01 8.67595911e-01 2.37759233e-01 3.51589441e-01
    3.43656123e-01 5.42549014e-01 5.09303451e-01 8.74227107e-01
    7.17507243e-01 1.53071404e-01 5.11260271e-01 7.61927247e-01
    3.10844004e-01 5.16802967e-01 4.67144996e-01 4.57674265e-01
    4.42421943e-01 8.20715249e-01 3.49317729e-01 5.80828786e-01
    8.44578147e-02 6.74086034e-01 5.57899773e-02 1.01511449e-01
    5.57639301e-01 7.11012602e-01 3.91990244e-02 3.85836482e-01
    9.63147879e-01 2.14855820e-01 9.04454947e-01 7.76887655e-01
    5.36767244e-02 3.09898198e-01 8.65347803e-01 4.79220420e-01
    2.47858465e-01 8.45161676e-02 4.22682285e-01 5.45067012e-01
    2.29765981e-01 5.52884579e-01 3.49603415e-01 9.38961983e-01
    1.36517525e-01 4.39724147e-01 9.32119966e-01 8.92773390e-01
    2.57090092e-01 2.72831202e-01 3.90052378e-01 8.39394689e-01
    3.66954952e-01 1.06155038e-01 5.01333654e-01 6.45488203e-02
    3.87577206e-01 7.12722480e-01 7.07975149e-01 3.34029853e-01
    1.59278601e-01 8.08748960e-01 2.61128336e-01 6.84222877e-02
    4.64551181e-01 9.37661469e-01 2.68699467e-01 4.74114299e-01
    9.66454446e-02 3.21510851e-01 1.35281235e-01 5.06626785e-01
    1.64617151e-01 8.43175948e-02 9.63495791e-01 6.75171316e-02
    9.57402945e-01 3.17812145e-01 4.87082034e-01 3.35003734e-02
    9.74724591e-01 6.72526121e-01 5.76314569e-01 3.62198591e-01
    5.26510417e-01 2.07887858e-01 2.33823746e-01 4.03589696e-01
    4.69408303e-01 5.86029112e-01 6.87898815e-01 6.07211649e-01
    3.15769672e-01 5.28017759e-01 5.12411356e-01 8.76632690e-01
    2.33977407e-01 7.41747141e-01 8.76564920e-01 7.16206551e-01
    7.67684996e-01 3.26337278e-01 7.78496027e-01 3.82284045e-01
    1.81143433e-01 3.35524976e-02 2.62289941e-02 2.17358351e-01
    5.41002452e-01 7.16868520e-01 5.26738763e-01 5.49066246e-01
    3.03041607e-01 1.12459898e-01 6.56696558e-01 9.84696686e-01
    9.42170560e-01 5.12742877e-01 5.78196764e-01 1.97338879e-01
    9.61979926e-01 3.60829294e-01 8.05893540e-03 9.83536839e-01
    8.30353379e-01 8.96134377e-02 4.27439511e-01 7.65637636e-01
    8.54023933e-01 2.78388381e-01 8.08934689e-01 7.93910205e-01
    1.94129795e-01 9.70372200e-01 8.61068964e-01 7.55561531e-01
    6.88613892e-01 3.46283466e-01 4.76637036e-01 1.84509456e-02
    1.07193917e-01 3.39899123e-01 1.19916797e-01 6.21903896e-01
    3.92716765e-01 9.42862034e-01 4.95418429e-01 4.22649384e-02
    3.57218206e-01 3.05102497e-01 8.47809613e-02 7.07520843e-01
    1.74552798e-01 4.42495376e-01 9.90497768e-01 3.16421747e-01
    6.09181881e-01 8.71477067e-01 6.94633245e-01 4.69216168e-01
    2.58073092e-01 3.00917029e-02 9.91055191e-01 2.44269580e-01
    9.14430976e-01 6.61244869e-01 2.16122895e-01 8.04388762e-01
    9.72008348e-01 4.17141348e-01 7.97084749e-01 9.51870978e-01
    6.26012206e-01 6.79272592e-01 6.90155566e-01 9.41487253e-01
    1.08416110e-01 8.60007048e-01 5.28397322e-01 4.83093023e-01
    9.49868262e-02 1.05693042e-01 3.83951604e-01 6.83340430e-01
    4.46719646e-01 1.29136443e-02 1.81813955e-01 8.94787192e-01
    5.61127126e-01 5.14830291e-01 5.79541087e-01 7.14724004e-01
    2.58245707e-01 6.08031154e-01 5.25974512e-01 2.61643648e-01
    2.50966460e-01 9.22979116e-01 5.05995214e-01 2.47677773e-01
    7.37619758e-01 2.32356459e-01 4.14516032e-01 4.37556803e-01
    7.28018999e-01 1.22131646e-01 9.61851954e-01 9.24303055e-01
    1.14653617e-01 6.31133556e-01 9.18428898e-01 4.59792614e-02
    7.31805384e-01 8.45216393e-01 8.93748522e-01 5.63434243e-01
    3.43261868e-01 5.71253598e-01 3.93092215e-01 7.70742655e-01
    8.98831367e-01 4.16663885e-02 5.64142466e-02 4.16130662e-01
    7.28719354e-01 7.93485343e-01 9.72964466e-02 3.35376561e-01
    1.49318576e-02 8.25915158e-01 3.25799942e-01 7.65037775e-01
    1.57903790e-01 9.13328767e-01 7.17717528e-01 2.88403362e-01
    1.28452569e-01 2.42169410e-01 8.97328734e-01 7.98907816e-01
    2.70671368e-01 4.73639369e-03 9.27028835e-01 1.40023828e-01
    3.99949759e-01 6.39043093e-01 6.73584223e-01 3.99043530e-01
    5.70540190e-01 3.80823463e-01 7.85186231e-01 1.74969256e-01
    9.56330895e-01 6.39034510e-01 8.33217859e-01 8.52179587e-01
    4.29573298e-01 3.92828047e-01 5.20687938e-01 8.24671149e-01
    8.39008451e-01 1.87768131e-01 6.45530999e-01 2.67059267e-01
    9.62100625e-01 2.55125284e-01 2.29388803e-01 3.97882223e-01
    3.22782159e-01 5.96390367e-01 8.51468861e-01 3.34341943e-01
    5.15767395e-01 4.80118066e-01 5.65773964e-01 6.74447119e-02
    9.73953664e-01 8.79982233e-01 7.86057830e-01 2.37689644e-01
    2.24673182e-01 2.18925476e-02 1.57260895e-03 6.93716466e-01
    1.22821897e-01 1.36202067e-01 7.44105935e-01 3.12974244e-01
    2.14753449e-02 4.00865942e-01 6.71331167e-01 6.74750090e-01
    9.79839683e-01 3.11898351e-01 1.91742927e-01 7.98025727e-01
    5.49764454e-01 7.04519808e-01 8.74168992e-01 6.13101065e-01
    4.27275807e-01 3.76979232e-01 6.34509206e-01 3.95857811e-01
    7.55732179e-01 8.27680826e-01 4.18781191e-01 2.50149459e-01
    4.87197638e-01 2.26665705e-01 7.24807262e-01 2.69115508e-01
    4.27902877e-01 8.81276488e-01 6.26307964e-01 7.15189636e-01
    5.60637891e-01 3.33555579e-01 7.94740260e-01 5.46794534e-01
    9.28630471e-01 8.13111186e-01 1.36726469e-01 4.77254480e-01
    9.67731774e-01 7.22814798e-01 7.47438788e-01 8.55810046e-02
    9.76845980e-01 8.65315497e-01 1.95956826e-01 3.24877918e-01
    8.01520765e-01 4.94607806e-01 4.15094972e-01 2.86562115e-01
    9.48853374e-01 6.61271274e-01 5.44158757e-01 5.18556654e-01
    6.65475368e-01 9.04216468e-01 1.30131841e-03 6.06268227e-01
    6.83030128e-01 3.89923364e-01 1.13857836e-01 8.83455634e-01
    4.57843751e-01 1.23494148e-01 5.21418810e-01 7.54818439e-01
    4.21734750e-02 9.02540207e-01 8.25389385e-01 7.57623315e-01
    9.18121457e-01 2.66488910e-01 6.50249302e-01 5.33421338e-02
    7.39806235e-01 8.17751944e-01 4.36653495e-01 7.29018509e-01
    1.75979197e-01 8.37889552e-01 4.57062185e-01 5.41553736e-01
    8.07386637e-01 9.19814229e-01 2.62830228e-01 7.98460722e-01
    7.93159485e-01 7.54845083e-01 2.28703022e-01 2.75510490e-01
    5.46878695e-01 7.38505244e-01 2.14419216e-01 2.52115190e-01
    6.64201856e-01 1.97005361e-01 2.38013864e-01 1.04992479e-01
    2.68730462e-01 8.67968798e-02 4.68240261e-01 2.62090266e-02
    1.75743580e-01 8.26170325e-01 5.97061813e-01 3.08732390e-01
    3.18347812e-02 2.42073208e-01 3.21970999e-01 8.47877264e-01
    6.79541230e-01 2.84843564e-01 6.80194795e-01 2.88063586e-02
    4.38576341e-01 3.35443676e-01 8.16625834e-01 1.38097942e-01
    2.63942599e-01 3.00540924e-01 5.09717405e-01 1.67860597e-01
    1.83112502e-01 1.84470117e-01 8.08061719e-01 1.29755467e-01
    5.36722779e-01 8.62550497e-01 8.63313079e-01 9.49033856e-01
    5.78056991e-01 5.33865869e-01 1.62614077e-01 9.69032645e-02
    8.81975234e-01 4.95829076e-01 5.22522151e-01 6.52537823e-01
    7.62522697e-01 5.09319067e-01 5.48958778e-02 3.49095047e-01
    2.67900407e-01 1.15515113e-01 3.89593571e-01 3.52603585e-01
    1.85895979e-01 1.17855161e-01 6.70713425e-01 8.85990500e-01
    7.48160899e-01 8.25898528e-01 3.52722466e-01 3.96527886e-01
    5.43368697e-01 6.53015912e-01 8.82069349e-01 3.09509724e-01
    6.31410122e-01 3.88103545e-01 3.95636261e-02 4.30021703e-01
    9.45307970e-01 3.12222064e-01 1.73373342e-01 5.41609645e-01
    8.77930999e-01 7.73357749e-01 4.56162602e-01 3.48274678e-01
    6.26268327e-01 8.12235594e-01 1.31555796e-01 6.88364267e-01
    2.87719190e-01 4.22629446e-01 4.51625705e-01 8.22034717e-01
    5.01201689e-01 9.28755045e-01 9.95407999e-01 8.17511618e-01
    8.56766701e-01 4.47250366e-01 4.00797069e-01 4.30916041e-01
    8.77325535e-01 3.76977921e-01 1.68043405e-01 7.30701268e-01
    2.37006843e-01 2.47778356e-01 2.79206872e-01 9.67046261e-01
    6.45687640e-01 4.86327440e-01 6.10674024e-01 8.23226273e-01
    5.86209953e-01 2.01232642e-01 1.03286266e-01 1.72838330e-01
    3.81915003e-01 9.10404444e-01 2.56008804e-02 2.00199604e-01
    8.61740053e-01 7.32460380e-01 9.58919644e-01 6.77348077e-01
    1.93088084e-01 3.73830080e-01 2.97220588e-01 9.59326863e-01
    7.07381546e-01 3.40194106e-01 7.34845281e-01 6.23073757e-01
    6.43517256e-01 2.36257315e-02 2.20088661e-02 9.92211103e-02
    4.82413977e-01 5.37070155e-01 5.52439392e-01 4.67806071e-01
    7.19196796e-02 7.73910403e-01 2.84773409e-01 8.87086928e-01
    2.80576020e-01 5.60931385e-01 3.60551178e-01 7.18342245e-01
    5.97187817e-01 8.53715539e-01 3.38052005e-01 6.87729239e-01
    1.43262595e-01 1.30200595e-01 3.68935168e-02 4.92136896e-01
    4.82295603e-01 6.59149230e-01 1.63220078e-01 9.82145071e-01
    1.02027982e-01 2.59808451e-01 5.70813835e-01 2.12851852e-01
    8.86947155e-01 6.69370830e-01 7.22270072e-01 7.78691888e-01
    6.64016008e-01 9.79747474e-02 1.37375295e-01 6.93289399e-01
    5.57937980e-01 2.77621090e-01 7.37020850e-01 7.79599190e-01
    9.39105034e-01 9.85103965e-01 1.27036542e-01 3.83558363e-01
    1.90171063e-01 7.29191363e-01 5.35117447e-01 8.21746945e-01
    4.91974354e-02 5.97261608e-01 7.66726017e-01 1.63586497e-01
    5.56290150e-02 2.83038676e-01 5.32896221e-01 3.54415476e-01
    2.66889811e-01 8.57342005e-01 7.09849298e-02 5.71532547e-02
    5.54427624e-01 9.00692046e-02 4.66163754e-02 3.04801077e-01
    8.57250690e-01 9.92926478e-01 3.04803848e-01 1.53218806e-02
    8.18335414e-01 5.10843039e-01 2.03900516e-01 9.96966362e-02
    3.54045421e-01 7.71069527e-01 5.48243821e-01 5.70507169e-01
    8.03924859e-01 5.61308563e-02 6.13330603e-01 7.36107886e-01
    7.25579560e-01 1.29632056e-02 3.04140121e-01 5.58441639e-01
    1.27262861e-01 4.58983839e-01 3.92957926e-01 8.65778208e-01
    6.99593604e-01 5.49996495e-01 1.71808273e-01 6.49513721e-01
    8.76123309e-02 1.99235439e-01 9.05535460e-01 9.83844697e-01
    8.56854200e-01 3.79183888e-03 7.29844451e-01 2.75501907e-02
    2.12060541e-01 6.77593648e-02 3.12941134e-01 3.66142035e-01
    3.03537875e-01 4.02507216e-01 4.79725063e-01 8.11365783e-01
    1.43085271e-01 1.42129719e-01 1.96100503e-01 8.16868544e-02
    4.85252589e-01 5.80774486e-01 8.87420774e-03 4.52356100e-01
    4.79880482e-01 6.70309365e-02 4.40277457e-01 4.41536278e-01
    1.28181189e-01 2.88184255e-01 7.55925417e-01 4.54561234e-01
    9.32751298e-01 9.59582746e-01 8.67827177e-01 4.93417203e-01
    7.53226757e-01 3.08453321e-01 7.75687873e-01 1.00913405e-01
    9.30054486e-02 6.07203722e-01 1.09590918e-01 6.77647829e-01
    6.93314075e-01 7.74005830e-01 2.73286104e-01 1.29227191e-01
    4.05145973e-01 2.11846769e-01 5.03301620e-03 4.69776064e-01
    4.97556180e-01 5.42608321e-01 5.38288295e-01 9.41783667e-01
    4.81673479e-01 2.63435394e-01 9.13133264e-01 6.40138924e-01
    4.20816243e-01 7.97709465e-01 2.85449505e-01 7.06730485e-02
    8.78643215e-01 7.67394185e-01 7.79947221e-01 6.70719087e-01
    6.58163667e-01 4.77437675e-02 6.03115857e-01 6.98107958e-01
    7.73792863e-01 4.29717898e-02 8.22374582e-01 9.49775696e-01
    4.09460425e-01 8.29117775e-01 1.97448403e-01 8.85793269e-02
    7.18127251e-01 7.04860270e-01 6.61831439e-01 3.60259891e-01
    3.16475242e-01 7.36958325e-01 5.06297708e-01 6.58486485e-01
    3.79294157e-02 6.48610592e-01 4.27701473e-01 5.32200933e-01
    3.04566205e-01 7.92175174e-01 5.69758177e-01 8.22836041e-01
    2.39134431e-02 7.78745413e-01 8.19924057e-01 9.98753965e-01
    8.71348381e-01 7.36216187e-01 9.66859221e-01 9.20105577e-01
    1.66793495e-01 7.98876524e-01 9.59988713e-01 4.17693436e-01
    3.46223712e-01 5.66650987e-01 7.69778967e-01 9.73073721e-01
    5.63276529e-01 7.64155090e-02 8.78095508e-01 8.31085265e-01
    7.81650901e-01 9.96282220e-01 5.66774726e-01 6.13097489e-01
    3.92020017e-01 5.25787592e-01 8.93439412e-01 3.90310556e-01
    9.71735120e-01 1.16236687e-01 3.27442884e-02 5.64416945e-01
    5.62100172e-01 4.04767156e-01 8.58453155e-01 4.23866689e-01
    9.04561579e-02 1.60137832e-01 6.48060322e-01 6.88779950e-01
    3.72301340e-01 5.07221580e-01 5.47912717e-01 9.61246252e-01
    7.46890187e-01 1.20424628e-01 3.48409414e-02 5.01128912e-01
    8.10788870e-01 9.89049792e-01 9.41233516e-01 2.21451223e-01
    5.68431258e-01 5.72830975e-01 9.60729241e-01 5.09200096e-02
    8.78950834e-01 3.64924520e-01 9.06635702e-01 3.19857538e-01
    7.33060122e-01 8.06337118e-01 3.04220706e-01 1.19986981e-01
    8.68272781e-01 8.88426661e-01 8.70889187e-01 8.05354178e-01
    9.43452239e-01 8.59628260e-01 1.73315376e-01 1.85760885e-01
    3.22045714e-01 3.18177104e-01 2.59000987e-01 3.23858976e-01
    5.08665442e-01 7.57518470e-01 4.37914759e-01 2.35291094e-01
    3.48072320e-01 5.81245780e-01 3.83484185e-01 6.96221232e-01
    9.01492596e-01 5.83692551e-01 9.55263734e-01 9.75296259e-01
    7.08999872e-01 4.98369336e-02 1.91689134e-01 8.10860693e-02
    5.03788233e-01 1.15928143e-01 6.07594967e-01 2.62742519e-01
    9.33676898e-01 4.44076061e-02 9.28458810e-01 2.53250360e-01
    4.77723598e-01 9.47797239e-01 9.30596054e-01 8.06053817e-01
    2.50503123e-02 7.29006410e-01 5.43982983e-01 2.47784883e-01
    7.21916974e-01 5.89671612e-01 1.99384689e-01 5.17693102e-01
    3.33888054e-01 4.43433523e-02 9.42151546e-01 8.84755671e-01
    3.81966382e-01 7.63698578e-01 4.22340691e-01 4.21883166e-01
    9.29384112e-01 5.96881866e-01 8.90095592e-01 7.89699554e-01
    5.02560854e-01 1.83520824e-01 5.92983067e-02 6.85728788e-01
    2.36929357e-01 7.27780759e-02 7.35773385e-01 3.53348255e-02
    4.18814301e-01 9.03889775e-01 4.61600482e-01 4.58322912e-01
    4.83949929e-01 1.44457459e-01 7.29246736e-01 1.84026688e-01
    3.08791041e-01 6.39991164e-01 2.06432164e-01 7.56004333e-01
    4.16907400e-01 4.65584606e-01 9.77472067e-02 3.49601090e-01
    4.15051222e-01 6.81194067e-02 3.79562318e-01 8.95397305e-01
    3.33511770e-01 9.19736028e-01 4.58394021e-01 9.56207275e-01
    6.86675787e-01 7.24608243e-01 6.00823104e-01 5.59223235e-01
    1.68034375e-01 7.60004461e-01 3.07711720e-01 2.64971524e-01
    8.68213534e-01 3.06031942e-01 3.05513889e-01 9.54696238e-02
    8.36545348e-01 6.03773296e-01 3.62766832e-01 3.39348346e-01
    3.12159181e-01 1.78824276e-01 3.89115274e-01 8.41055334e-01
    7.80400634e-03 2.61751026e-01 2.93358803e-01 6.18403792e-01
    7.05422521e-01 7.20275939e-02 7.78982759e-01 2.87805319e-01
    8.63646865e-02 5.56034088e-01 1.42149329e-01 9.05828297e-01
    3.49117011e-01 3.06547105e-01 9.11089540e-01 7.46306658e-01
    3.77218992e-01 3.90432835e-01 8.77624750e-03 9.95905876e-01
    5.66690147e-01 7.62497187e-02 4.71688092e-01 7.85814583e-01
    3.01108360e-02 4.09971923e-01 2.16233313e-01 3.09490442e-01
    2.50927895e-01 5.87267160e-01 6.56476557e-01 9.61157918e-01
    4.80986625e-01 6.69609606e-02 5.72834015e-02 2.57202536e-01
    2.08020777e-01 8.28250051e-01 5.18422008e-01 6.92193449e-01
    9.43055391e-01 2.92220622e-01 5.00502884e-01 3.72562915e-01
    9.98937845e-01 4.23325509e-01 9.14363861e-01 9.75795805e-01
    7.24093199e-01 1.77264661e-01 5.01452625e-01 7.17078865e-01
    9.50530171e-01 6.10810518e-01 2.26175100e-01 8.36479545e-01
    4.37874883e-01 5.12056887e-01 6.75494313e-01 5.09841084e-01
    6.93273544e-03 5.94986379e-02 1.38738632e-01 2.77786940e-01
    8.38428080e-01 9.08918500e-01 5.31079531e-01 3.60324383e-01
    2.78617322e-01 5.01324117e-01 1.02189869e-01 1.37890100e-01
    8.98743868e-01 6.90262020e-02 9.98071909e-01 4.36168462e-01
    6.24121606e-01 7.03432322e-01 1.21121645e-01 6.04968905e-01
    1.65712684e-01 8.25849056e-01 6.32505774e-01 7.85250306e-01
    3.49434853e-01 5.74721038e-01 2.98502594e-01 2.20458716e-01
    7.37086952e-01 7.15090811e-01 6.26224279e-01 9.51594114e-03
    5.77560127e-01 7.06928909e-01 5.97309709e-01 2.82980680e-01
    7.53042996e-02 6.89935982e-01 1.49498492e-01 2.06517488e-01
    6.36693597e-01 6.10775530e-01 3.98034006e-01 9.44784999e-01
    2.76415467e-01 3.54263961e-01 9.15445387e-02 7.83284128e-01
    1.42405689e-01 9.86311138e-01 6.46272600e-01 7.61877298e-02
    2.51675338e-01 8.73063266e-01 4.59230751e-01 6.99282408e-01
    5.59642494e-01 6.17355227e-01 6.11217320e-01 1.11815125e-01
    8.22596908e-01 3.08509409e-01 6.90487802e-01 1.84939444e-01
    4.86666143e-01 8.15705299e-01 2.73742378e-02 3.35178405e-01
    7.54802108e-01 9.28299546e-01 6.46493971e-01 4.42412615e-01
    7.70450711e-01 6.65397763e-01 9.15559173e-01 6.16624117e-01
    4.84917462e-02 9.99817014e-01 1.53841764e-01 4.99828488e-01
    9.53579426e-01 6.17260456e-01 9.66214299e-01 2.66112000e-01
    5.83983660e-02 1.50155425e-01 6.03189826e-01 1.19444430e-02
    3.95923615e-01 2.07078636e-01 8.91376853e-01 1.68981552e-02
    4.84843642e-01 2.74980158e-01 9.71670747e-01 2.26974040e-01
    9.62247252e-01 5.62726021e-01 4.93952096e-01 7.06593633e-01
    5.27655005e-01 9.35957551e-01 6.86670184e-01 7.34936357e-01
    9.66335177e-01 5.82993507e-01 8.01600218e-01 1.06490374e-01
    3.92046571e-02 1.65934563e-02 1.73767895e-01 7.30248928e-01
    4.11399931e-01 8.33251834e-01 8.86732459e-01 6.67880177e-02
    9.02465999e-01 6.68584824e-01 7.55666018e-01 1.90738678e-01
    3.35619092e-01 3.54464948e-02 2.83411086e-01 9.40158486e-01
    6.12212479e-01 6.78284764e-01 8.43117416e-01 1.58416539e-01
    6.75651193e-01 5.31405807e-01 3.42009068e-01 7.39070594e-01
    2.18418241e-01 1.44433349e-01 7.09223628e-01 1.43515021e-01
    6.06661797e-01 9.05271411e-01 6.41014755e-01 1.74807221e-01
    4.00264710e-01 5.92119575e-01 5.36237299e-01 6.90262496e-01
    2.49022901e-01 8.63847613e-01 5.10025203e-01 1.01888239e-01
    8.08285713e-01 9.98704314e-01 8.79674256e-01 1.62653685e-01
    2.40288258e-01 7.87635803e-01 7.39672780e-02 9.67944682e-01
    5.36420524e-01 5.88720202e-01 4.43536460e-01 9.71617103e-01
    5.51299036e-01 5.91853380e-01 3.96397799e-01 7.70427942e-01
    6.37328207e-01 2.53598630e-01 7.08296418e-01 8.72585654e-01
    1.16643161e-01 4.47045684e-01 2.25935996e-01 7.75081396e-01
    8.85297894e-01 8.94312382e-01 7.95203507e-01 3.86854380e-01
    9.87035751e-01 7.11393118e-01 6.82507038e-01 9.37312126e-01
    1.15266562e-01 2.21861154e-01 3.35517526e-01 8.72883320e-01
    9.32964027e-01 6.93646073e-02 5.98475099e-01 2.60313332e-01
    1.46495044e-01 4.31237578e-01 6.98440194e-01 5.53540885e-02
    2.59491801e-02 8.55650425e-01 5.66138625e-01 1.54985398e-01
    5.73608756e-01 5.57675004e-01 6.32930875e-01 6.87413990e-01
    5.12099266e-01 9.64607596e-01 3.92224610e-01 8.00982118e-01
    6.51007891e-01 2.30861902e-02 7.08451092e-01 5.79620719e-01
    6.61097765e-02 7.75301576e-01 2.59922028e-01 6.39949918e-01
    8.73632908e-01 9.23195958e-01 2.57394731e-01 6.59900546e-01
    2.76269972e-01 1.57473266e-01 5.93011856e-01 9.76756692e-01
    9.60615873e-01 1.35242343e-01 5.03571987e-01 8.58294964e-01
    8.32344651e-01 4.10474837e-02 1.68807149e-01 9.10816550e-01
    7.36078084e-01 6.65815592e-01 9.90055680e-01 2.29309797e-01
    7.27809668e-01 9.35869992e-01 7.21770108e-01 9.46303427e-01
    7.21205115e-01 3.32237899e-01 1.48125857e-01 6.44422412e-01
    7.47299731e-01 1.93759024e-01 5.47067225e-01 8.66691470e-01
    8.93922150e-01 6.78499937e-01 6.10837460e-01 4.57203984e-01
    1.31329566e-01 2.26991981e-01 9.50997353e-01 4.75623786e-01
    1.71685010e-01 6.19835913e-01 6.10926449e-01 4.05638218e-01
    9.78813767e-01 1.71318650e-03 2.32668817e-02 3.90445858e-01
    7.67227888e-01 6.42095685e-01 5.42041302e-01 4.84284967e-01
    6.49094105e-01 9.82471108e-02 9.88883674e-02 8.48045826e-01
    6.61111355e-01 4.25775498e-01 8.99702430e-01 8.08438063e-01
    5.61807036e-01 9.52461302e-01 1.05549693e-02 3.56335282e-01
    8.07488203e-01 5.09656608e-01 1.90567732e-01 6.32905781e-01
    6.07211828e-01 4.60166633e-01 1.18673861e-01 5.81580400e-01
    6.10324502e-01 4.16318506e-01 3.80927026e-01 7.89365768e-01
    8.45627725e-01 6.31101131e-02 6.10816240e-01 3.50356221e-01
    5.18407166e-01 2.68967927e-01 2.80323774e-01 2.79010713e-01
    7.99555242e-01 8.82339478e-01 1.98966980e-01 4.01371419e-02
    1.26891941e-01 4.43781376e-01 9.01629686e-01 1.89705998e-01
    8.68530750e-01 3.50069106e-01 5.38384318e-01 4.06416684e-01
    8.75754058e-02 4.81375128e-01 2.01186448e-01 6.54871106e-01
    2.26541907e-01 1.24692380e-01 9.89936709e-01 5.46962082e-01
    7.08177447e-01 3.95133793e-01 1.39362782e-01 4.59894717e-01
    8.79157424e-01 4.75134522e-01 6.68274224e-01 6.46501899e-01
    1.23057783e-01 5.92058957e-01 8.17235708e-01 6.36022329e-01
    4.62555349e-01 3.46936136e-01 2.88205683e-01 1.34122938e-01
    4.93141979e-01 4.52596903e-01 3.04497212e-01 9.60819483e-01
    1.78770542e-01 2.24878788e-01 3.21686447e-01 3.12188804e-01
    3.44500065e-01 4.05626565e-01 1.64274186e-01 9.63904858e-01
    9.47134674e-01 2.37230092e-01 7.69206464e-01 6.19240344e-01
    8.79269004e-01 5.72113991e-01 2.15024471e-01 5.77756286e-01
    9.55854475e-01 1.04158401e-01 4.67464507e-01 1.93200678e-01
    5.63640594e-01 2.44032443e-02 7.06400990e-01 3.59500706e-01
    9.70944464e-02 1.46033019e-01 9.33451235e-01 1.66387588e-01
    5.93051255e-01 5.33156037e-01 7.81387329e-01 3.99195760e-01
    8.71094167e-02 1.83939934e-01 7.21030295e-01 4.59111333e-01
    1.13245845e-01 3.03164780e-01 1.84470981e-01 8.46525550e-01
    9.71780896e-01 5.77036440e-02 6.60788596e-01 7.56008506e-01
    2.19467252e-01 2.47185975e-01 1.69032693e-01 7.44408846e-01
    3.41473639e-01 7.56092668e-02 8.29446554e-01 1.77508086e-01
    9.11810100e-01 7.79178739e-03 6.91140592e-01 9.98031974e-01
    1.76402450e-01 4.02186900e-01 9.39331055e-01 4.46304023e-01
    2.25862771e-01 8.33255768e-01 8.07814956e-01 7.34899759e-01
    8.74668837e-01 9.95906055e-01 6.31697178e-01 1.84784532e-01
    6.62086487e-01 7.17638075e-01 9.57734466e-01 5.87319791e-01
    9.95310247e-02 3.62446696e-01 3.88729632e-01 8.94522727e-01
    8.37717533e-01 5.02676964e-01 5.92838049e-01 5.51664233e-02
    5.52624226e-01 4.02208000e-01 7.81168044e-02 8.97806406e-01
    2.20570654e-01 4.42167610e-01 6.24046624e-02 9.33259368e-01
    2.86500156e-01 3.40512544e-01 7.61229157e-01 4.35494334e-01
    7.07735121e-01 6.28223121e-01 6.43563747e-01 7.91088820e-01
    7.11255431e-01 1.33349299e-01 8.10558677e-01 5.04495084e-01
    9.88239408e-01 9.35217857e-01 4.72801000e-01 4.74416018e-02
    9.62939858e-03 5.74620008e-01 7.04532325e-01 5.90483367e-01
    5.85102320e-01 2.47926921e-01 4.99594033e-01 2.12479979e-01
    3.45614403e-01 5.87943196e-01 3.91324639e-01 4.55999434e-01
    9.78186846e-01 8.90925705e-01 9.46829736e-01 3.58888447e-01
    3.86939615e-01 1.85461015e-01 3.75041991e-01 7.45410502e-01
    5.88439107e-02 9.15635586e-01 5.17902792e-01 6.18862987e-01
    1.64991140e-01 3.66556048e-01 8.70745778e-01 3.80041897e-01
    1.74485147e-01 8.20083857e-01 6.96616411e-01 1.90730184e-01
    2.35971510e-02 4.31057394e-01 9.79270697e-01 4.49020565e-02
    7.36738503e-01 7.73673177e-01 3.12951684e-01 9.07708466e-01
    6.32688940e-01 3.33404005e-01 6.91708565e-01 1.07571214e-01
    1.18221462e-01 8.88354421e-01 2.24690169e-01 6.81869090e-02
    9.41368699e-01 4.40960348e-01 5.84018648e-01 6.59347773e-02
    8.12721312e-01 8.64814639e-01 4.41218793e-01 6.40391469e-01
    7.64609873e-01 5.73805809e-01 3.95742238e-01 4.40759361e-01
    8.30145001e-01 8.43859315e-02 2.77075171e-03 3.19323242e-01
    8.60590041e-02 4.73565161e-02 3.29255939e-01 1.88297927e-01
    6.84461236e-01 3.71520758e-01 6.26134455e-01 1.38650686e-01
    2.72152811e-01 3.73260319e-01 2.42135167e-01 8.57390583e-01
    6.35719180e-01 2.69477725e-01 3.12776268e-01 9.30681229e-01
    2.93644011e-01 2.35197663e-01 7.24660337e-01 4.78909075e-01
    3.51878673e-01 7.79777110e-01 1.79254055e-01 3.79209876e-01
    2.48112321e-01 2.09419727e-02 8.55572402e-01 7.80160904e-01
    5.07539988e-01 2.85089016e-01 4.56152111e-01 6.31432295e-01
    3.34521174e-01 6.72169805e-01 5.28744757e-01 5.92295229e-01
    9.90604043e-01 4.85094577e-01 6.96004808e-01 4.60533500e-01
    9.71082330e-01 1.43534184e-01 4.65587318e-01 5.54256022e-01
    2.37778425e-02 5.19160748e-01 1.20374173e-01 6.08744562e-01
    9.39101577e-02 1.59655631e-01 2.56023943e-01 6.24940872e-01
    3.72474849e-01 2.52319396e-01 2.31212914e-01 2.75903404e-01
    4.17968631e-03 6.03878617e-01 6.79906428e-01 1.83759302e-01
    3.25373411e-01 1.29776359e-01 7.94294477e-01 6.32107735e-01
    7.97784448e-01 1.32143080e-01 3.27418000e-01 2.15296507e-01
    2.27839142e-01 5.74916363e-01 3.12189400e-01 6.42152071e-01
    5.74671686e-01 7.78758705e-01 2.71090299e-01 9.44927096e-01
    9.88645554e-01 1.18592680e-01 2.82054216e-01 6.00566924e-01
    8.32410216e-01 1.26304120e-01 8.49364638e-01 1.03662014e-01
    9.87295508e-02 2.91561186e-01 8.48624825e-01 6.31688058e-01
    3.72724533e-02 1.87575847e-01 2.77485371e-01 2.48923421e-01
    6.94738865e-01 7.42646396e-01 5.42482257e-01 7.60345817e-01
    9.16441083e-01 8.14863086e-01 8.76143038e-01 5.72268486e-01
    6.09053493e-01 7.17913330e-01 7.21604526e-02 9.73774314e-01
    1.76993996e-01 2.79240787e-01 4.23573375e-01 4.86701071e-01
    7.20331550e-01 9.91508603e-01 1.15480930e-01 4.22951579e-01
    5.25540650e-01 7.36672938e-01 5.39847553e-01 2.05344647e-01
    3.45208883e-01 9.99968827e-01 8.82781863e-01 3.02406251e-01
    6.96588695e-01 4.29285347e-01 3.47458720e-02 7.20637143e-01
    8.31313729e-02 3.33705246e-02 4.17850256e-01 5.93504190e-01
    8.22078884e-02 2.48867929e-01 8.93635213e-01 4.71774340e-02
    5.47317028e-01 4.03340071e-01 3.79850745e-01 5.30976176e-01
    1.05922788e-01 2.90260613e-01 5.08914888e-01 7.36402273e-01
    2.70037234e-01 1.00851268e-01 1.99941486e-01 2.86393702e-01
    9.50018764e-01 5.07285595e-02 6.22646809e-01 7.47802794e-01
    8.38761806e-01 7.01567411e-01 1.72896534e-01 1.13724977e-01
    4.88986254e-01 8.31188679e-01 1.53026581e-01 6.35211945e-01
    7.44066060e-01 9.71460581e-01 2.92965472e-01 9.65102017e-01
    4.86212373e-01 7.99900770e-01 7.52083242e-01 8.97289813e-02
    2.11967498e-01 7.07551360e-01 4.66902852e-02 5.42055666e-02
    9.00834620e-01 1.92316413e-01 5.17276824e-01 2.95544624e-01
    8.82093310e-01 2.83405721e-01 1.44944400e-01 7.35887289e-01
    7.93881416e-01 8.01305294e-01 1.90566570e-01 1.77606285e-01
    4.35441971e-01 7.41954446e-01 7.83752024e-01 3.50972593e-01
    8.95180225e-01 7.99710512e-01 7.35720158e-01 8.98892760e-01
    8.60458493e-01 6.85900450e-01 1.80035412e-01 6.87435627e-01
    8.92288089e-01 1.39308602e-01 2.62088001e-01 7.51962066e-02
    5.75500846e-01 9.62480605e-01 2.45861709e-01 9.97419238e-01
    7.90850461e-01 3.69331598e-01 2.69477725e-01 6.29160941e-01
    1.56914592e-01 8.30372691e-01 2.98049629e-01 7.04915404e-01
    5.62949479e-01 3.60678077e-01 8.39653730e-01 2.47288525e-01
    3.20540607e-01 7.38108277e-01 7.03598261e-01 9.27943587e-01
    9.33604717e-01 4.77792650e-01 9.72709298e-01 6.19792044e-02
    8.31506729e-01 4.14627492e-01 4.34861839e-01 2.76260316e-01
    5.85650325e-01 6.06310725e-01 3.06163967e-01 8.28985214e-01
    6.62090659e-01 4.37758446e-01 6.17700458e-01 5.90705514e-01
    1.40240788e-01 8.72699022e-01 6.01283848e-01 9.92713571e-01
    4.59567457e-01 5.66046000e-01 6.63675785e-01 7.72597671e-01
    6.66732430e-01 5.02026439e-01 7.65605748e-01 2.72659361e-01
    4.95632380e-01 4.72492874e-02 4.05555516e-01 6.69671893e-01
    6.15578294e-02 6.11148834e-01 5.87546706e-01 5.48964560e-01
    3.72562796e-01 3.09127569e-01 2.54698753e-01 4.05509472e-02
    4.50290889e-01 4.32496935e-01 6.65977776e-01 6.70375228e-01
    2.67345399e-01 6.84109330e-03 5.26055098e-01 1.96307719e-01
    4.95580941e-01 4.11255121e-01 3.21970105e-01 2.37963617e-01
    1.32460773e-01 9.42310989e-01 9.23819780e-01 4.00185853e-01
    4.94817406e-01 4.26617026e-01 5.47823370e-01 2.69664228e-01
    6.18752241e-01 5.66073656e-02 5.79892457e-01 5.03969669e-01
    1.26781672e-01 9.46847141e-01 4.33342397e-01 6.04970872e-01
    1.56253397e-01 1.86926782e-01 5.50822616e-01 4.20935333e-01
    5.79905570e-01 2.42180228e-01 5.49292624e-01 7.61201262e-01
    9.19384956e-02 5.10942459e-01 7.18567491e-01 1.69646859e-01
    8.54862034e-01 2.11306006e-01 5.88161707e-01 6.76058054e-01
    3.99792731e-01 7.52712905e-01 4.61833298e-01 5.18623173e-01
    6.98134363e-01 4.09138173e-01 1.83395922e-01 6.90542519e-01
    7.91604102e-01 4.56497192e-01 8.44207644e-01 7.02749014e-01
    6.72083080e-01 1.05788380e-01 8.36969018e-01 4.67412233e-01
    9.95191097e-01 6.09548450e-01 4.82597888e-01 1.36861980e-01
    9.66177225e-01 7.89972425e-01 7.16861606e-01 2.59308338e-01
    5.45376003e-01 9.28696990e-01 2.04179883e-02 9.42756355e-01
    2.81535029e-01 6.38718367e-01 6.11416399e-02 2.24546641e-01
    2.77531803e-01 7.74031281e-01 6.00754559e-01 2.84061968e-01
    2.15450227e-01 6.08257651e-01 3.53063643e-01 3.84120047e-01
    1.99276775e-01 5.13431847e-01 5.87153912e-01 7.35476255e-01
    1.60808504e-01 7.49921441e-01 7.79973149e-01 3.33656460e-01
    9.27424669e-01 3.50657284e-01 2.36517370e-01 6.97339356e-01
    9.74212945e-01 2.99859583e-01 8.57729077e-01 4.72230017e-01
    2.53841221e-01 8.77627730e-02 9.21225786e-01 1.59435689e-01
    9.11436319e-01 7.58236349e-02 1.94902241e-01 7.46528983e-01
    3.73046100e-01 9.34367836e-01 9.63511705e-01 4.30317491e-01
    5.19019723e-01 8.34002376e-01 7.68922448e-01 6.34825528e-01
    6.65409029e-01 2.47601151e-01 7.17821002e-01 2.13179767e-01
    5.62670290e-01 8.90192509e-01 2.37455964e-02 6.79325700e-01
    8.41947675e-01 5.47235847e-01 6.63533390e-01 8.63367200e-01
    1.57393754e-01 2.81264395e-01 3.52909029e-01 8.12033057e-01
    4.45569634e-01 7.27696478e-01 1.24779075e-01 1.62428528e-01
    6.63682759e-01 6.24196827e-01 3.08672249e-01 4.40055847e-01
    9.91083145e-01 7.07314610e-01 1.90148354e-01 2.21794367e-01
    7.24504769e-01 1.26101583e-01 5.63412964e-01 9.34682488e-01
    3.48917663e-01 1.88099742e-01 7.50793576e-01 8.84101868e-01
    7.01386273e-01 4.75497603e-01 7.81537890e-01 7.05918670e-01
    2.03111500e-01 7.70207047e-01 3.15090060e-01 4.33687449e-01
    8.02121222e-01 2.45096564e-01 9.13006306e-01 3.77194941e-01
    1.88570797e-01 7.51676083e-01 1.72073543e-02 6.18438601e-01
    2.82531977e-01 3.54275703e-02 3.74424636e-01 2.44798630e-01
    1.18718982e-01 8.39976549e-01 6.14522934e-01 9.50021029e-01
    5.61923385e-01 5.62057674e-01 8.01446080e-01 6.28999949e-01
    6.50165319e-01 4.76246178e-02 9.97761488e-01 4.28365171e-02
    5.24049282e-01 7.66990542e-01 2.60248542e-01 3.16058755e-01
    4.68656063e-01 8.75218511e-01 2.73857594e-01 5.65950572e-01
    1.57551616e-01 9.26689029e-01 4.81655359e-01 8.86039793e-01
    3.39784324e-02 6.39957607e-01 3.86263907e-01 4.23086345e-01
    1.59605742e-02 5.11990488e-02 8.83846939e-01 4.10213500e-01
    7.09006190e-02 5.37086546e-01 3.95499617e-01 8.62248063e-01
    5.28178751e-01 5.50141513e-01 8.52426112e-01 2.49877125e-01
    7.52034128e-01 7.72799611e-01 8.84977579e-01 7.99791217e-02
    8.10735583e-01 2.55435765e-01 4.05765176e-02 7.65052259e-01
    6.57651722e-01 3.15319896e-02 9.59845543e-01 7.75711417e-01
    6.85951829e-01 7.64223337e-02 9.83095288e-01 9.74171400e-01
    1.78665191e-01 7.16512024e-01 8.55727315e-01 5.25732279e-01
    5.99317729e-01 3.97095501e-01 9.97134268e-01 8.60941291e-01
    3.53113532e-01 9.66024637e-01 4.62736934e-01 8.13109875e-01
    1.40773416e-01 5.65214813e-01 5.61844647e-01 5.60993075e-01
    3.26397836e-01 8.39877546e-01 2.12288857e-01 9.11965966e-01
    6.16015077e-01 3.77517402e-01 6.56755447e-01 4.21860039e-01
    2.68337876e-01 9.10529494e-02 6.68182194e-01 8.21905375e-01
    5.84777832e-01 2.09412694e-01 7.04271317e-01 7.02311397e-01
    3.16559225e-01 5.81323206e-01 5.07919550e-01 3.87123168e-01
    9.20320749e-01 3.66357297e-01 3.89736950e-01 6.96123838e-01
    5.94254315e-01 4.31606621e-01 5.83246946e-02 7.56092787e-01
    2.33862311e-01 8.94679785e-01 1.61583453e-01 2.60734797e-01
    6.89631224e-01 3.85687232e-01 7.70741224e-01 5.56122899e-01
    6.19408607e-01 5.65934539e-01 3.11529398e-01 5.36919236e-01
    1.17176771e-01 1.69833302e-02 5.29298842e-01 9.06698108e-01
    6.64427280e-01 6.03519320e-01 3.94698143e-01 6.26954854e-01
    2.86728829e-01 5.23691118e-01 1.14972621e-01 3.32248151e-01
    4.21518922e-01 9.09768403e-01 2.68427014e-01 3.91097069e-02
    9.51562524e-01 2.58070916e-01 9.16495323e-01 4.69292223e-01
    9.31293011e-01 7.42997348e-01 2.47290283e-01 6.21338308e-01
    5.40470660e-01 6.46667302e-01 7.69127011e-01 3.84153545e-01
    1.51743531e-01 5.29757798e-01 4.70478773e-01 3.87401730e-01
    7.31376767e-01 1.94746077e-01 2.62206823e-01 9.21805799e-02
    9.48509872e-01 6.80109262e-01 3.01354289e-01 2.47460634e-01
    3.33923042e-01 5.22756994e-01 5.48300922e-01 8.40771019e-01
    1.78664535e-01 2.28893757e-01 5.05576253e-01 6.43828750e-01
    2.25014627e-01 4.89006221e-01 4.33197796e-01 5.62195182e-01
    6.24055743e-01 4.33466673e-01 6.38489485e-01 6.23392284e-01
    4.18575764e-01 3.76700103e-01 4.85692382e-01 3.20762694e-02
    4.35784310e-01 9.02987063e-01 3.76373738e-01 4.06421691e-01
    3.96177381e-01 4.02356446e-01 4.35161829e-01 6.73470736e-01
    1.59831941e-01 5.11592031e-02 4.67155337e-01 2.07187593e-01
    9.46390986e-01 8.90663981e-01 5.31176329e-01 1.21980458e-01
    2.66063809e-01 1.13684207e-01 3.70284945e-01 6.26953542e-01
    9.36209023e-01 7.88368344e-01 2.04852790e-01 7.75317669e-01
    1.30012333e-01 8.31784964e-01 6.90251827e-01 4.54590499e-01
    3.50920826e-01 4.72166538e-02 5.81043959e-01 3.07647526e-01
    7.82939732e-01 4.48207647e-01 5.64137936e-01 2.90864676e-01
    7.61361122e-01 7.11218834e-01 4.95692641e-01 1.64542228e-01
    3.47743928e-01 4.53541607e-01 8.52294207e-01 3.88109207e-01
    3.81886363e-01 2.07539111e-01 1.12656474e-01 4.68760282e-01
    1.30734503e-01 6.66359305e-01 6.88812256e-01 1.42370731e-01
    6.74387515e-01 1.94372237e-01 8.36254954e-01 6.98725104e-01
    1.24982774e-01 2.21462548e-02 1.71363354e-02 4.96007502e-01
    3.44248921e-01 7.23645031e-01 2.47729152e-01 2.92643130e-01
    1.86683059e-01 4.39690650e-01 4.33766901e-01 6.92133605e-02
    5.74531019e-01 9.38019156e-01 8.48492980e-03 5.61453700e-02
    1.33120269e-01 9.96802688e-01 7.54574120e-01 4.49273944e-01
    9.46545839e-01 9.20600176e-01 6.49969816e-01 3.40235829e-02
    7.89433777e-01 5.73589623e-01 5.38298905e-01 6.22219443e-01
    9.27290499e-01 4.82346892e-01 7.50854433e-01 7.34517813e-01
    2.87273407e-01 2.02545166e-01 1.39329821e-01 3.15305650e-01
    8.94270062e-01 4.92699146e-02 6.95329666e-01 1.42574310e-01
    4.95264977e-01 5.93243718e-01 1.86813027e-01 5.91117144e-02
    4.08157259e-01 5.77382565e-01 2.65656680e-01 7.11529732e-01
    2.49290019e-01 9.79032874e-01 5.00864983e-01 9.66868699e-01
    3.96853119e-01 1.65799767e-01 4.05173928e-01 7.68385112e-01
    5.73685110e-01 8.46597075e-01 2.57845819e-01 3.08591247e-01
    2.85486400e-01 4.66157496e-01 2.18446761e-01 5.99687815e-01
    7.51563311e-01 6.72062159e-01 7.61260033e-01 8.36200416e-02
    7.88865387e-01 9.15636539e-01 9.16954994e-01 9.26893651e-02
    2.28934377e-01 1.65656924e-01 1.59866750e-01 6.78395927e-02
    2.95682192e-01 5.83413959e-01 4.24912751e-01 4.10029739e-01
    7.87246227e-02 9.17599320e-01 1.00113928e-01 5.88397264e-01
    5.29689848e-01 8.38231027e-01 5.41559994e-01 2.06484705e-01
    4.70757514e-01 6.95046782e-01 9.95505214e-01 4.64863271e-01
    2.34371334e-01 3.69324505e-01 1.13445401e-01 9.26314175e-01
    7.95007229e-01 6.90672159e-01 9.53774810e-01 7.57570982e-01
    8.27823400e-01 9.36576962e-01 8.92248750e-02 1.20458990e-01
    5.94928622e-01 3.58796120e-01 6.89302683e-01 3.47759098e-01
    8.57411385e-01 2.74076670e-01 4.09424126e-01 8.99267435e-01
    4.09480929e-01 5.92853904e-01 6.79725111e-02 4.80955511e-01
    7.99617410e-01 7.83054709e-01 6.78393662e-01 4.77914631e-01
    5.37780821e-02 8.58908653e-01 1.86470449e-01 4.79065835e-01
    9.09248710e-01 5.77662408e-01 8.65884781e-01 8.67593765e-01
    7.14933157e-01 1.39803588e-01 8.69967818e-01 9.40287828e-01
    3.67994696e-01 8.20034623e-01 7.85187364e-01 3.48325670e-02
    1.45283520e-01 6.98206306e-01 6.66707397e-01 1.31786764e-02
    6.71261847e-02 6.31497502e-01 7.80357420e-02 2.25316554e-01
    4.55848217e-01 2.20783323e-01 8.30838144e-01 3.93025368e-01
    1.80747092e-01 9.27856803e-01 6.35868430e-01 1.34008348e-01
    8.22742283e-02 4.17897046e-01 1.62907153e-01 3.07986617e-01
    2.78565288e-03 9.21251059e-01 3.69708121e-01 6.37631893e-01
    7.75709867e-01 9.70056295e-01 3.30028236e-01 9.04922605e-01
    5.35235584e-01 5.35891175e-01 4.32340443e-01 7.22044945e-01
    2.87655771e-01 6.28361702e-02 2.59013534e-01 2.26042986e-01
    2.54301548e-01 7.99356699e-01 2.08035260e-01 6.57476485e-02
    3.17668617e-02 8.62591267e-01 3.76058996e-01 7.68094242e-01
    2.32549161e-01 7.67890811e-01 6.28634155e-01 4.59625185e-01
    1.40868485e-01 7.58011580e-01 2.14312851e-01 5.71382701e-01
    2.47961968e-01 2.29423940e-01 4.15296823e-01 4.20492053e-01
    7.67922401e-03 6.76321387e-02 9.05444503e-01 7.07552612e-01
    2.18359947e-01 1.68192446e-01 5.92641234e-01 3.20241749e-01
    7.62731314e-01 2.56038010e-01 5.20723224e-01 2.16269135e-01
    6.51431680e-01 8.36540937e-01 4.59409565e-01 6.29510760e-01
    7.14334428e-01 8.07225823e-01 3.81606817e-01 4.97418553e-01
    4.64697063e-01 9.36082602e-02 8.40251088e-01 5.18231332e-01
    5.23360312e-01 5.55861473e-01 1.74047649e-02 8.29312444e-01
    7.68297791e-01 5.15581429e-01 8.70892406e-03 2.28284597e-02
    1.71021223e-02 7.63091266e-01 9.16026056e-01 9.89079595e-01
    4.83709037e-01 2.66498566e-01 4.01721299e-02 1.90148354e-02
    9.99314785e-01 1.15318805e-01 1.56325102e-01 1.87868536e-01
    4.06529605e-01 6.23970866e-01 6.03530586e-01 5.16198993e-01
    5.56530893e-01 1.65331095e-01 4.28852051e-01 8.56099129e-01
    1.43012255e-01 9.28654790e-01 5.53812683e-02 8.53561103e-01
    8.64887536e-02 6.15525424e-01 3.21879864e-01 3.80432516e-01
    2.00255036e-01 7.50322223e-01 1.10365242e-01 7.25760698e-01
    6.07120275e-01 5.35816491e-01 2.81972766e-01 9.88751769e-01
    1.62673920e-01 7.10776567e-01 4.46027547e-01 9.49176848e-02
    5.45829177e-01 2.18326092e-01 3.72413486e-01 1.31069988e-01
    3.39949012e-01 5.39801419e-02 3.79169285e-01 8.39425147e-01
    3.39531004e-02 2.81975865e-02 1.41512901e-01 6.54519022e-01
    9.88763750e-01 9.55418944e-01 7.15349019e-02 8.03282976e-01
    5.64623237e-01 8.57245624e-02 7.63119102e-01 3.67820323e-01
    4.01033640e-01 6.83871210e-02 6.04805946e-01 4.14664447e-02
    6.66961908e-01 4.35549200e-01 4.46513414e-01 3.32656264e-01
    8.82911325e-01 4.84906733e-01 7.21435666e-01 1.69252157e-01
    3.08405817e-01 2.62583733e-01 5.36722124e-01 3.92171979e-01
    4.79659617e-01 8.11963022e-01 8.35493803e-02 3.33963990e-01
    7.20735788e-02 3.24205399e-01 6.20109439e-01 7.15857685e-01
    5.91960192e-01 8.68392706e-01 4.10174936e-01 2.80128211e-01
    2.67645597e-01 2.68200457e-01 9.97410655e-01 6.40586615e-01
    1.75933152e-01 9.29537714e-01 6.45018101e-01 8.01877558e-01
    6.93832099e-01 3.45377594e-01 2.28671879e-01 8.07008147e-01
    2.89246738e-01 2.48601645e-01 7.26354718e-02 5.95140874e-01
    7.01930285e-01 2.35223800e-01 8.90365541e-02 6.47261620e-01
    7.13285208e-01 2.32884139e-01 8.00409555e-01 9.69565749e-01
    2.64283925e-01 4.41963077e-01 1.43521369e-01 1.72333270e-01
    2.50738144e-01 8.40581357e-02 3.43722254e-01 4.26124066e-01
    7.37180829e-01 5.86182714e-01 2.96101868e-01 3.82446408e-01
    5.52011013e-01 2.45709121e-02 8.44499946e-01 5.66936076e-01
    8.81297708e-01 1.51428968e-01 8.51343274e-01 1.99859321e-01
    3.28655005e-01 5.27336121e-01 3.36469114e-01 9.09179509e-01
    8.48887026e-01 9.56985474e-01 8.25396776e-01 7.61040568e-01
    6.67282224e-01 9.43449676e-01 4.44788814e-01 4.63764071e-02
    7.60902166e-01 8.86947751e-01 6.14305258e-01 4.99303222e-01
    7.44060159e-01 2.32801139e-02 8.35684776e-01 2.21595556e-01
    7.07725883e-01 1.03933275e-01 3.57339174e-01 9.31652188e-02
    2.28533059e-01 5.28409362e-01 1.07474923e-02 9.21812892e-01
    6.66569114e-01 6.00120783e-01 7.58974493e-01 4.76291537e-01
    2.68642187e-01 1.99474633e-01 9.63410437e-01 2.46817470e-01
    9.51612711e-01 1.91810846e-01 4.12144899e-01 6.96289539e-01
    5.92392564e-01 4.63037670e-01 7.60956109e-02 7.93522537e-01
    1.83917850e-01 9.11341429e-01 9.17800903e-01 5.78054011e-01
    3.24819982e-02 1.30078197e-03 9.88065243e-01 2.71983027e-01
    9.23821032e-01 2.49350369e-01 7.03226924e-01 4.19469893e-01
    9.60582614e-01 6.98463202e-01 7.51177549e-01 3.27735275e-01
    6.96356416e-01 4.42438871e-01 4.02047336e-02 4.17564094e-01
    6.07762158e-01 4.50567722e-01 9.83128905e-01 7.16313720e-01
    6.73746109e-01 9.10500228e-01 8.81339252e-01 4.60930288e-01
    2.14801729e-01 1.87669694e-02 5.35022795e-01 1.81083560e-01
    9.76617098e-01 1.43843889e-03 8.38126957e-01 9.21010673e-01
    8.00903976e-01 6.78098500e-02 6.36977553e-01 2.72964090e-01
    4.31649983e-01 8.18143487e-01 1.73666239e-01 1.58693910e-01
    8.32891643e-01 4.84664112e-01 4.61133927e-01 2.87981212e-01
    3.70883614e-01 1.04313821e-01 1.37149006e-01 6.38235331e-01
    4.22666252e-01 6.88929439e-01 2.43178993e-01 5.26499271e-01
    3.65906954e-03 5.96218467e-01 9.97716725e-01 4.34399545e-02
    4.30100679e-01 5.59298992e-02 4.82301921e-01 1.78782493e-01
    9.81688678e-01 3.29027861e-01 2.62735188e-02 8.87419105e-01
    9.59324300e-01 5.10894597e-01 6.60093427e-02 7.06268191e-01
    4.65440571e-01 2.52924204e-01 7.08389461e-01 2.31869847e-01
    5.75833619e-01 7.39205122e-01 5.93066335e-01 5.21371782e-01
    3.35044891e-01 1.44473910e-01 5.29477477e-01 5.25035024e-01
    7.07201600e-01 9.76369739e-01 3.16411585e-01 2.56368101e-01
    8.69980037e-01 7.79386401e-01 3.60571027e-01 9.25722361e-01
    8.70439410e-01 5.65191925e-01 1.29209518e-01 2.73339599e-01
    6.38565898e-01 5.61898887e-01 5.58965802e-01 7.23772228e-01
    8.41602445e-01 8.23762417e-01 9.84529495e-01 6.65098965e-01
    7.58328557e-01 8.47268224e-01 6.53852582e-01 8.69577289e-01
    3.98902088e-01 1.92677677e-01 3.11337888e-01 7.64547288e-02
    9.21247482e-01 5.55901170e-01 1.59407675e-01 4.85000789e-01
    2.25003034e-01 8.41375709e-01 2.73116291e-01 9.17418838e-01
    9.66076076e-01 1.48616850e-01 2.38085657e-01 9.95423138e-01
    6.45742655e-01 7.51736462e-01 8.59070778e-01 2.89570749e-01
    2.17114717e-01 7.12405920e-01 7.54293978e-01 2.17501163e-01
    2.35973358e-01 5.86173177e-01 1.22488439e-02 7.76185513e-01
    7.35098481e-01 6.60446644e-01 6.31989539e-01 3.62510651e-01
    9.99999940e-02 3.89164090e-01 5.24138212e-01 9.23116148e-01
    3.78105283e-01 8.69690537e-01 5.23046613e-01 2.08653808e-01
    1.37312442e-01 9.45445776e-01 3.28097641e-02 1.80873811e-01
    9.86707568e-01 6.25336945e-01 6.59629464e-01 1.32675290e-01
    6.31559134e-01 1.83956623e-02 2.09474325e-01 7.23666072e-01
    8.80307674e-01 5.27030468e-01 7.00243473e-01 9.80440378e-02
    3.16106737e-01 1.19889498e-01 2.25372434e-01 6.55037463e-01
    3.45070958e-01 4.80155498e-01 3.20124567e-01 7.11542308e-01
    4.90197688e-01 2.82664210e-01 4.35334921e-01 3.59962523e-01
    6.74530327e-01 2.10628301e-01 2.97575295e-01 8.42643380e-01
    1.30026907e-01 3.45637649e-01 7.40145326e-01 6.02045953e-01
    2.84358144e-01 2.01718032e-01 2.44186401e-01 7.36730218e-01
    9.49226320e-02 3.46654475e-01 4.19528574e-01 4.41795111e-01
    3.60905528e-01 3.72075230e-01 1.72382176e-01 5.40061474e-01
    9.47636604e-01 3.88827443e-01 1.45134389e-01 5.02905309e-01
    7.32302070e-02 3.53247464e-01 9.66206372e-01 4.83508110e-02
    6.64223015e-01 9.55733120e-01 9.13549423e-01 4.26463366e-01
    9.02153075e-01 8.17415118e-01 2.54617751e-01 7.03182876e-01
    2.62811005e-01 9.18820381e-01 9.25942063e-01 8.37419391e-01
    9.82153416e-01 6.98393643e-01 6.67689145e-01 3.88737321e-02
    5.23579061e-01 7.40680397e-01 7.66642332e-01 8.48322034e-01
    7.43679047e-01 5.31092286e-02 7.99193919e-01 4.60353196e-02
    3.67520660e-01 5.37919283e-01 1.21529937e-01 9.02547598e-01
    7.54101157e-01 7.30926514e-01 1.44429862e-01 4.17825431e-01
    4.53268588e-01 3.39743376e-01 4.60395634e-01 1.58252925e-01
    5.28462529e-02 5.87741494e-01 8.18540573e-01 4.40013766e-01
    4.02524263e-01 5.49555242e-01 1.06432855e-01 7.34868765e-01
    3.16809475e-01 9.98644829e-01 7.72507131e-01 9.13903832e-01
    5.37529767e-01 8.88027430e-01 5.98123670e-02 5.94333649e-01
    7.98062205e-01 6.57435238e-01 7.90664554e-03 9.74250674e-01
    4.26481813e-01 7.75782108e-01 5.86635172e-01 5.38770974e-01
    1.52730137e-01 6.75035059e-01 7.28524923e-01 1.74117327e-01
    7.63140738e-01 1.56449229e-01 1.18968278e-01 3.02175820e-01
    6.22922301e-01 6.04153693e-01 6.90146387e-02 9.52255726e-01
    8.76268148e-01 1.53108060e-01 2.14144915e-01 9.93743837e-01
    9.03038144e-01 6.02088690e-01 9.55422223e-02 1.11514032e-02
    9.49473083e-02 1.42589211e-03 5.27864873e-01 6.14988267e-01
    8.78357291e-01 7.44179368e-01 2.66341269e-01 5.90703845e-01
    1.71414137e-01 3.99813950e-01 1.50392056e-02 1.58055991e-01
    4.13037091e-01 1.83426529e-01 9.29654062e-01 5.83502233e-01
    8.05210114e-01 1.76621288e-01 5.08817017e-01 3.34734112e-01
    3.01702559e-01 1.54222041e-01 5.80143631e-02 9.37507689e-01
    6.90267503e-01 3.14492047e-01 9.85464811e-01 8.01027179e-01
    2.00986713e-01 2.10318774e-01 5.72208524e-01 2.99426705e-01
    7.52306998e-01 3.25433195e-01 5.91706932e-02 5.18078685e-01
    5.87713599e-01 3.25319886e-01 4.43447620e-01 9.04589236e-01
    5.96329570e-03 7.24894643e-01 5.31840742e-01 8.03144991e-01
    6.27135396e-01 7.59325624e-02 5.08134842e-01 6.08900666e-01
    7.36023009e-01 6.15668774e-01 1.99425697e-01 1.55830681e-02
    2.04299182e-01 5.74504554e-01 4.64852095e-01 2.48774648e-01
    5.20657480e-01 5.54522157e-01 1.77776694e-01 2.04446018e-01
    7.05285013e-01 5.03175139e-01 2.80501723e-01 1.25763923e-01
    1.17611557e-01 6.21290624e-01 9.68688190e-01 3.26120317e-01
    7.81516016e-01 2.35132664e-01 3.05673778e-01 7.76286423e-02
    7.98391461e-01 3.21890414e-01 2.33761549e-01 8.96763206e-01
    8.52621138e-01 6.58603072e-01 4.45481032e-01 3.62048745e-01
    7.42396355e-01 3.93899262e-01 7.49539077e-01 2.90375769e-01
    5.29290736e-02 8.22861552e-01 1.33599520e-01 8.20010543e-01
    8.63269567e-01 6.81281090e-05 2.29474217e-01 7.55150259e-01
    6.91391766e-01 1.59032941e-01 3.47925156e-01 2.31201023e-01
    6.38980329e-01 6.94407046e-01 9.77925420e-01 2.22923070e-01
    2.00637579e-01 8.79672885e-01 8.47257853e-01 8.39004397e-01
    6.10120714e-01 6.79940701e-01 4.13257480e-01 8.44140410e-01
    2.98512161e-01 2.23652005e-01 1.71154976e-01 6.51439130e-02
    6.71522617e-01 4.71977919e-01 1.01282239e-01 6.43576920e-01
    3.98485959e-01 4.69048619e-02 3.13406616e-01 2.59164691e-01
    8.19178700e-01 5.00972807e-01 7.58854151e-01 5.86850524e-01
    3.15891802e-02 8.02599907e-01 6.44911230e-02 9.07932520e-01
    1.50178075e-02 5.78239858e-01 1.26085311e-01 5.83827078e-01
    3.81525099e-01 8.62536430e-02 1.77167028e-01 3.34488750e-02
    2.27360785e-01 7.59059310e-01 6.30103052e-02 2.46132076e-01
    9.90104496e-01 3.34261954e-02 1.33023262e-02 4.82913554e-02
    5.73860705e-01 6.52437806e-01 6.06389880e-01 7.93308556e-01
    7.35759199e-01 8.02728057e-01 4.62075502e-01 2.84608901e-01
    8.63213539e-01 8.30406189e-01 4.74068612e-01 2.76762545e-01
    5.77717721e-01 2.72893608e-02 8.18421721e-01 2.32796729e-01
    3.65052402e-01 6.09262884e-02 9.98363972e-01 3.90487969e-01
    3.42209160e-01 2.62746215e-02 6.93540454e-01 5.46687365e-01
    4.20779586e-01 3.39853108e-01 6.05415225e-01 4.74757612e-01
    6.12920403e-01 6.41147494e-02 4.95651186e-01 2.56202221e-02
    8.41654181e-01 4.66214120e-01 1.66858196e-01 5.88162780e-01
    6.05988741e-01 2.00815022e-01 6.62911236e-02 7.98552334e-02
    5.83902121e-01 5.58543384e-01 7.91024148e-01 1.31506771e-01
    5.28853595e-01 5.56731105e-01 9.53311920e-02 3.19781214e-01
    8.28935027e-01 2.88105071e-01 9.16220009e-01 8.11078131e-01
    4.12815690e-01 2.40108341e-01 2.11340576e-01 6.35191143e-01
    7.78821588e-01 1.00777924e-01 7.74480879e-01 5.67187130e-01
    8.19704056e-01 1.46424770e-03 6.25035226e-01 1.46854401e-01
    7.78955936e-01 8.82096887e-02 7.30880260e-01 8.33689570e-02
    6.03022277e-01 9.92189646e-01 8.59515369e-01 5.88546038e-01
    8.01561832e-01 7.76075602e-01 3.67467701e-02 9.10706043e-01
    8.50569725e-01 6.37352407e-01 9.48442519e-01 4.73722100e-01
    6.05307162e-01 3.93273264e-01 2.36452222e-02 4.74289566e-01
    6.08304441e-01 4.85431373e-01 3.57245833e-01 7.44016230e-01
    9.16807711e-01 5.15014768e-01 9.29378033e-01 2.47786403e-01
    4.70133424e-01 1.56348914e-01 8.72745752e-01 3.18577707e-01
    3.69293213e-01 7.15966344e-01 2.18452990e-01 5.36957443e-01
    9.24066901e-01 3.00077319e-01 3.71944189e-01 8.43390584e-01
    8.79178584e-01 6.55931711e-01 7.05537021e-01 3.00645888e-01
    1.21698499e-01 3.54881376e-01 9.67530906e-01 7.52120256e-01
    3.15791249e-01 2.40970284e-01 6.12874448e-01 2.67088979e-01
    2.39041835e-01 2.20793217e-01 3.91914397e-01 4.80879545e-01
    3.60191107e-01 3.13355923e-01 8.22190404e-01 2.00803429e-01
    2.39914328e-01 5.67726910e-01 1.86604440e-01 8.13333631e-01
    6.59933746e-01 5.20027936e-01 6.29114211e-01 9.45141077e-01
    9.05213177e-01 9.66340125e-01 6.64055228e-01 4.15319979e-01
    4.59782094e-01 7.83034623e-01 4.79345530e-01 4.16080654e-02
    5.19586205e-01 2.64376104e-02 5.77932477e-01 3.90430599e-01
    1.29537046e-01 4.79176551e-01 8.44276249e-02 3.45961332e-01
    2.53462225e-01 2.33823955e-02 4.01479453e-01 3.01379979e-01
    6.66061759e-01 2.97495067e-01 8.27639461e-01 5.96826613e-01
    9.24510717e-01 7.84452677e-01 1.83607757e-01 7.37709761e-01
    7.82516122e-01 7.70687044e-01 9.59536672e-01 6.45142615e-01
    1.67255104e-01 6.54658735e-01 1.86451882e-01 9.69021797e-01
    2.03687221e-01 2.76313841e-01 2.86109000e-01 9.14998412e-01
    2.28941441e-02 8.19188416e-01 3.85197401e-01 2.92746156e-01
    4.24967945e-01 7.73756385e-01 3.01090330e-01 9.71093178e-01
    1.10917509e-01 2.75074035e-01 9.49615538e-01 9.88816500e-01
    4.59483385e-01 9.22453642e-01 5.18059731e-03 6.51383460e-01
    8.94132376e-01 8.63943934e-01 5.35098076e-01 2.10930943e-01
    8.00540268e-01 5.54295361e-01 2.24778324e-01 2.26537704e-01
    7.97899842e-01 5.21353662e-01 5.34310818e-01 4.51756597e-01
    2.77163506e-01 1.04508191e-01 9.39635754e-01 7.30526626e-01
    8.99029970e-01 9.61849928e-01 2.24816084e-01 8.73172760e-01
    6.44229889e-01 4.49429691e-01 7.99701333e-01 8.94415617e-01
    2.30221868e-01 2.42660075e-01 9.48322535e-01 6.31234646e-01
    6.35259628e-01 1.92204714e-02 8.60598385e-02 6.46770298e-01
    5.82867026e-01 3.78138095e-01 7.83709884e-01 6.41305923e-01
    8.49448979e-01 3.57771546e-01 3.05254847e-01 7.51631498e-01
    6.80916548e-01 3.94879758e-01 6.38864815e-01 2.67917633e-01
    9.57684219e-01 4.19563830e-01 9.69788730e-02 1.58145636e-01
    1.93860263e-01 7.85475373e-02 7.36215711e-02 1.10960245e-01
    6.33377552e-01 5.35301805e-01 6.30892754e-01 7.88292348e-01
    3.95482898e-01 6.52653575e-01 4.89510566e-01 7.73607612e-01
    6.16231501e-01 1.15952194e-01 9.89966154e-01 5.52511930e-01
    3.32411498e-01 1.03054494e-01 3.07104856e-01 6.98518395e-01
    3.13513994e-01 8.91494393e-01 6.97260261e-01 4.31241632e-01
    8.27401996e-01 8.15431476e-01 7.42785096e-01 7.16480732e-01
    4.87668514e-02 2.80764520e-01 7.97367811e-01 5.77148438e-01
    9.93547320e-01 2.35254079e-01 9.11547422e-01 4.13793445e-01
    6.55055940e-01 5.86817861e-01 5.75855732e-01 6.26388192e-02
    9.32426035e-01 7.33674884e-01 6.82501018e-01 8.27015042e-01
    5.45072675e-01 9.32346642e-01 5.14818966e-01 1.77101493e-02
    9.98545051e-01 4.78948027e-01 9.55397189e-02 1.26934230e-01
    7.80889034e-01 2.71356374e-01 5.28774798e-01 6.01510584e-01
    3.33176941e-01 4.09687966e-01 3.12403560e-01 6.60050511e-02
    2.00090408e-02 4.10315275e-01 1.10218078e-01 2.41085440e-01
    6.93469405e-01 2.46479899e-01 1.35522395e-01 4.25257862e-01
    3.05627763e-01 8.97647202e-01 3.32593143e-01 3.48986745e-01
    3.26410234e-02 4.49117780e-01 1.87017143e-01 9.32737470e-01
    7.42316663e-01 5.38076103e-01 3.01042527e-01 5.27428448e-01
    9.72252250e-01 8.62229347e-01 4.05414492e-01 1.72380269e-01
    6.19417250e-01 6.95891380e-02 8.69581282e-01 8.79445553e-01
    6.71018600e-01 1.82251245e-01 9.95948732e-01 3.80918384e-03
    5.22759974e-01 7.90128946e-01 3.76382291e-01 8.28961670e-01
    6.26732230e-01 8.29863250e-02 3.94956291e-01 3.78162324e-01
    1.62060022e-01 1.73330307e-04 3.88564318e-01 3.86219382e-01
    8.56338322e-01 7.98961997e-01 7.23788679e-01 8.37260604e-01
    6.24072969e-01 9.57880974e-01 6.84300184e-01 1.49077892e-01
    3.69617075e-01 8.54621053e-01 2.46158332e-01 5.24234891e-01
    8.84888649e-01 7.75057793e-01 8.01164985e-01 9.42361057e-02
    4.66190517e-01 7.22282469e-01 4.17275935e-01 7.08168268e-01
    8.34714413e-01 3.25125724e-01 9.90663588e-01 6.45278096e-01
    4.86314297e-03 4.57522839e-01 4.65745926e-02 8.46447945e-01
    1.77838892e-01 7.72967041e-02 1.26432538e-01 2.17956364e-01
    1.61624998e-01 9.11952853e-01 2.18931019e-01 2.02658772e-03
    5.87651730e-01 6.91144884e-01 2.07528621e-01 7.74845839e-01
    1.46250129e-01 2.80455917e-01 8.28341842e-01 6.28434181e-01
    1.68992877e-02 7.51993418e-01 4.60296631e-01 8.31260324e-01
    3.52030933e-01 2.05053002e-01 9.05861259e-01 1.51294023e-01
    7.22146511e-01 7.50282347e-01 3.61738533e-01 2.25171387e-01
    1.72253668e-01 8.04897189e-01 4.89028424e-01 4.70632166e-01
    1.05712116e-01 8.92297864e-01 5.74756444e-01 4.78984773e-01
    5.91654778e-02 2.10076571e-04 6.04804456e-01 2.99369514e-01
    3.88647527e-01 8.47695351e-01 8.41862321e-01 1.71813667e-01
    8.56933594e-01 9.20745432e-02 7.91726112e-01 1.44138187e-01
    9.43680882e-01 9.40237582e-01 8.86846602e-01 1.80626661e-01
    8.48344445e-01 5.44750631e-01 2.05967009e-01 2.34028637e-01
    4.52281982e-01 7.42879093e-01 5.62143624e-01 4.45906639e-01
    9.57992673e-01 6.46370411e-01 8.22718263e-01 7.04318702e-01
    2.34508634e-01 9.00338173e-01 2.18813658e-01 3.01119685e-03
    7.73973942e-01 6.24430120e-01 3.32152903e-01 6.65436149e-01
    7.68439174e-01 6.14414096e-01 2.36502975e-01 2.18410760e-01
    7.04460621e-01 2.88109779e-01 9.31012630e-01 4.93083984e-01
    9.11378264e-01 7.81896114e-01 5.99175513e-01 4.37429249e-01
    2.47109771e-01 9.68858957e-01 3.81113738e-01 8.25931191e-01
    1.39221698e-01 4.62245107e-01 5.10483384e-02 3.06021899e-01
    1.55719280e-01 2.89957941e-01 2.19185203e-01 1.29884511e-01
    5.76188922e-01 7.91869164e-01 5.33068120e-01 3.27435732e-02
    2.76487470e-02 1.03631049e-01 2.45822847e-01 6.12543523e-02
    9.12458360e-01 3.32530886e-01 8.59757721e-01 5.90860486e-01
    2.12452471e-01 1.94040149e-01 3.82685065e-02 7.64319301e-01
    8.28865349e-01 1.45841241e-01 4.90226597e-01 3.97207975e-01
    1.51532829e-01 7.13771224e-01 1.76635563e-01 4.48991358e-01
    8.84640574e-01 5.68574786e-01 6.27053261e-01 3.75609457e-01
    5.26325464e-01 6.28134012e-01 9.03879046e-01 3.04995716e-01
    9.40410018e-01 5.85330606e-01 8.55715036e-01 6.21288121e-02
    7.52278566e-01 7.77108550e-01 6.84198618e-01 7.21806705e-01
    6.40854180e-01 7.07524955e-01 7.40634918e-01 2.08800286e-01
    9.27696466e-01 7.63805389e-01 2.30342239e-01 3.37709188e-02
    2.99869597e-01 7.25765109e-01 8.13671350e-02 2.88713872e-02
    3.59630138e-01 3.58532190e-01 7.92458773e-01 9.95057106e-01
    9.74760056e-02 7.13349879e-01 3.84089947e-01 2.29521096e-02
    2.21318096e-01 6.52266085e-01 7.61866093e-01 1.02724403e-01
    9.11210895e-01 1.85171366e-01 4.03505772e-01 4.60658371e-01
    2.98713923e-01 7.50995398e-01 1.07900977e-01 3.84634554e-01
    4.33404148e-02 1.83209062e-01 5.78777909e-01 3.00085157e-01
    1.11304224e-01 3.86898786e-01 4.26153094e-01 4.82463837e-01
    6.78399503e-02 6.41233683e-01 4.55054015e-01 5.32196999e-01
    4.75690842e-01 7.45113134e-01 9.43445683e-01 9.63016272e-01
    5.56617796e-01 4.24293578e-01 1.43861026e-01 4.12501693e-02
    6.33274198e-01 3.29999655e-01 2.75716960e-01 7.61654079e-02
    4.38179970e-02 6.66123033e-01 3.70987117e-01 5.27208745e-01
    3.37222755e-01 5.38738906e-01 3.65620315e-01 4.46205109e-01
    1.64764017e-01 3.97575259e-01 6.09346151e-01 4.72996533e-02
    4.39862043e-01 8.91004801e-01 3.00760627e-01 6.68564558e-01
    7.42227674e-01 5.14168918e-01 5.99111915e-02 2.44687378e-01
    2.94331342e-01 6.46283805e-01 4.50772047e-02 6.07352138e-01
    2.09810495e-01 5.44534087e-01 4.03992414e-01 5.01683831e-01
    5.81640303e-01 5.83132386e-01 3.50797474e-01 2.68195957e-01
    2.01504946e-01 9.47907746e-01 2.58450806e-02 3.38999391e-01
    2.92653203e-01 8.78166318e-01 6.25444055e-01 5.30114353e-01
    1.18935108e-02 1.84948146e-02 5.91619134e-01 1.23986423e-01
    2.24211007e-01 5.89716434e-01 2.47460276e-01 6.60217702e-02
    1.66627407e-01 8.19875300e-02 4.40693945e-01 8.02657306e-02
    8.67922544e-01 5.09365797e-02 1.67557627e-01 3.13595772e-01
    1.51859522e-01 2.39367425e-01 1.95603371e-01 3.60538185e-01
    2.34112948e-01 7.20269263e-01 8.44626844e-01 8.81071329e-01
    1.41519338e-01 2.21566051e-01 6.21537447e-01 3.37754816e-01
    1.77433819e-01 6.77625775e-01 9.05006170e-01 2.57399678e-01
    4.67354566e-01 6.64056242e-01 5.12167811e-02 7.50167012e-01
    8.66726398e-01 6.08001590e-01 1.82834297e-01 8.85487914e-01
    4.40366447e-01 7.90294886e-01 2.07421869e-01 4.09831047e-01
    4.44379002e-01 8.78710032e-01 6.34384751e-01 7.59422958e-01
    4.59000498e-01 4.55828309e-01 4.43168372e-01 2.13190764e-01
    1.04017556e-02 1.41271442e-01 8.31138730e-01 3.77435058e-01
    4.63321745e-01 3.14974189e-01 3.06180894e-01 9.29518402e-01
    1.22685671e-01 6.15127087e-01 9.44766819e-01 3.63767296e-01
    8.10888886e-01 5.22017002e-01 3.25607449e-01 9.51903224e-01
    9.54877436e-02 3.71876478e-01 8.80562484e-01 9.40722406e-01
    9.05667841e-01 5.11040390e-01 5.07369637e-02 1.98774844e-01
    4.74121451e-01 6.49918079e-01 2.54660070e-01 5.23316562e-01
    7.40591288e-01 8.48272443e-02 3.64127398e-01 1.86557382e-01
    5.54402351e-01 2.03437477e-01 8.04453969e-01 5.40051222e-01
    4.58373666e-01 8.49895597e-01 9.07013893e-01 3.59795749e-01
    9.96780336e-01 6.19572997e-02 3.76834720e-01 1.74660504e-01
    3.31349850e-01 9.15802598e-01 7.26024806e-01 4.95489061e-01
    3.12317014e-02 5.49803078e-01 7.73025870e-01 6.57219946e-01
    5.64463437e-02 2.87084401e-01 9.06470895e-01 3.11143935e-01
    4.84695822e-01 9.54241157e-01 1.20579720e-01 2.30153859e-01
    7.64347792e-01 7.01888800e-01 5.49439311e-01 2.29031682e-01
    9.46149290e-01 9.67228472e-01 3.72228742e-01 3.74082446e-01
    2.52318680e-01 9.29737210e-01 3.58724743e-01 2.95045793e-01
    4.61147368e-01 2.42520720e-01 4.52872992e-01 8.16922545e-01
    5.88566065e-01 1.05605870e-01 1.64279968e-01 2.97642887e-01
    7.95713305e-01 9.93481398e-01 8.41709018e-01 3.21798027e-01
    7.29664326e-01 5.89861631e-01 2.44357884e-02 1.96016848e-01
    6.37687206e-01 8.42935920e-01 6.17504001e-01 5.77487946e-01
    8.13624024e-01 6.73203290e-01 3.69932622e-01 9.41303015e-01
    4.18653727e-01 3.73253852e-01 8.23892236e-01 5.11820078e-01
    8.89996648e-01 7.41531909e-01 4.07846093e-01 6.78644717e-01
    9.94567394e-01 6.64038718e-01 3.41977179e-01 9.74403262e-01
    7.65888333e-01 2.58475363e-01 7.09863484e-01 1.43336982e-01
    2.23895729e-01 4.16819990e-01 9.87653017e-01 9.08983052e-02
    8.65784883e-01 1.64045423e-01 9.81804848e-01 1.69361264e-01
    9.24915433e-01 1.83693320e-01 6.75577044e-01 5.36674857e-01
    4.12305623e-01 1.22796148e-01 4.73340839e-01 7.57235289e-01
    2.43777335e-01 6.89996898e-01 8.20054829e-01 9.45341468e-01
    5.36932170e-01 3.08655441e-01 5.89395463e-01 1.58301443e-01
    7.90951133e-01 2.78559089e-01 2.80067861e-01 4.68934357e-01
    5.12224793e-01 8.11787426e-01 8.83545399e-01 3.35219860e-01
    9.16099012e-01 5.82746208e-01 9.25741136e-01 1.38009429e-01
    7.00550973e-02 3.27119976e-01 6.96922839e-02 8.25602889e-01
    8.70317280e-01 2.49331117e-01 1.29181236e-01 5.07434607e-01
    7.67111540e-01 1.57434791e-01 1.80753767e-01 2.79074967e-01
    6.48765504e-01 4.91682947e-01 7.46215880e-02 3.68790358e-01
    3.50124836e-01 8.97531569e-01 3.25604111e-01 4.19885337e-01
    8.22965026e-01 2.40148365e-01 1.78632170e-01 9.23082232e-01
    9.39849854e-01 5.03401756e-01 9.32327509e-01 3.84220839e-01
    7.32873976e-01 7.81474411e-01 6.78835511e-01 7.86960423e-01
    4.31784958e-01 5.93393564e-01 6.02136850e-01 1.01655126e-02
    1.65102869e-01 3.65374804e-01 8.95532429e-01 7.28389263e-01
    8.35695267e-01 6.04957223e-01 5.81998825e-02 4.37149107e-02
    2.04600811e-01 3.34170640e-01 7.58343756e-01 3.96421731e-01
    1.64241463e-01 9.28336143e-01 1.37556136e-01 3.99529576e-01
    3.87035668e-01 1.47422552e-01 8.69447231e-01 4.85029340e-01
    4.53750342e-01 8.85366321e-01 4.78641093e-02 4.36372608e-01
    1.72321320e-01 5.86429596e-01 2.04983085e-01 3.89708340e-01
    5.37838757e-01 5.41227221e-01 7.84142017e-02 7.62425780e-01
    9.80841756e-01 3.11303407e-01 3.28732908e-01 5.26973426e-01
    5.72148442e-01 4.43309724e-01 1.27489358e-01 4.89807874e-01
    6.22081637e-01 3.83964211e-01 9.45550144e-01 4.96512920e-01
    6.90394998e-01 9.05832052e-02 9.44982290e-01 6.71844304e-01
    2.85781205e-01 7.45785832e-01 3.83688271e-01 6.27571225e-01
    5.49699247e-01 9.94508386e-01 8.36712003e-01 2.06665993e-02
    8.54797482e-01 9.23556685e-02 9.52923894e-01 9.73864317e-01
    7.86107063e-01 5.78553438e-01 7.66481042e-01 6.07493758e-01
    7.95476556e-01 5.66764712e-01 2.44697601e-01 8.86026263e-01
    4.78073567e-01 7.04739988e-02 6.13276482e-01 2.87433118e-01
    6.64949059e-01 9.30557489e-01 1.18042737e-01 6.06988668e-01
    1.99111223e-01 2.18737364e-01 5.70359409e-01 9.47569966e-01
    1.43617272e-01 8.48375618e-01 8.24562550e-01 3.85921508e-01
    7.21233130e-01 7.68148065e-01 3.40915322e-02 1.14464730e-01
    9.56996262e-01 1.40357643e-01 6.25815213e-01 7.12006211e-01
    8.36852908e-01 2.36259699e-02 9.56979454e-01 1.05202436e-01
    4.24958706e-01 3.05974096e-01 4.53931242e-01 6.16096973e-01
    9.03653622e-01 7.51674175e-04 6.20690525e-01 6.65739894e-01
    9.32659388e-01 7.51852632e-01 6.90430760e-01 8.08318377e-01
    1.66765034e-01 3.99205357e-01 6.60330594e-01 6.79851472e-02
    8.56277108e-01 6.21352255e-01 4.34639066e-01 2.65811205e-01
    9.44561243e-01 2.15194672e-01 1.87553018e-01 4.64567959e-01
    9.64626431e-01 8.34235668e-01 6.89598203e-01 4.98127937e-01
    3.31038505e-01 3.79741281e-01 7.35679388e-01 4.04393137e-01
    1.23248667e-01 1.31157100e-01 3.06766212e-01 2.60314882e-01
    9.37287688e-01 2.49724627e-01 7.61646867e-01 5.02545834e-02
    6.66985095e-01 3.56160104e-02 7.92598367e-01 6.93213820e-01
    9.32068825e-01 7.24476397e-01 8.62719059e-01 6.06003881e-01
    2.05968708e-01 4.73405421e-02 8.75424027e-01 3.60954702e-01
    3.98444802e-01 9.53026056e-01 7.25493908e-01 3.86696756e-01
    7.96329021e-01 1.47977352e-01 2.47251928e-01 7.41492033e-01
    2.61313438e-01 1.84022516e-01 3.42987180e-01 2.49965787e-02
    2.47118145e-01 5.39110422e-01 7.17122614e-01 9.72022891e-01
    7.80415893e-01 6.03299797e-01 1.54792637e-01 5.81971109e-01
    3.03562105e-01 4.73863006e-01 4.39894527e-01 5.53520799e-01
    5.19060314e-01 2.08395302e-01 6.65720582e-01 8.53930831e-01
    6.93749428e-01 7.83398390e-01 7.82109737e-01 2.50656486e-01
    7.90343761e-01 5.13103187e-01 5.03812611e-01 4.88917232e-02
    9.29407477e-01 5.00631034e-02 3.39824855e-02 8.79081726e-01
    6.01809621e-01 8.16810250e-01 7.28425264e-01 4.03605014e-01
    7.96823382e-01 5.58368444e-01 4.56615150e-01 7.77673483e-01
    1.67075157e-01 7.20028758e-01 1.46486938e-01 2.33706743e-01
    6.89843714e-01 7.36067832e-01 6.79112196e-01 5.18858135e-01
    8.47146690e-01 6.14337921e-01 2.40412951e-01 9.47676897e-02
    3.68339300e-01 8.62009585e-01 2.61001736e-01 6.61363780e-01
    2.79840201e-01 4.47424769e-01 3.61829996e-04 7.15992928e-01
    3.80685866e-01 6.65284038e-01 2.60739505e-01 4.35374945e-01
    6.04100883e-01 8.42925310e-01 2.33869553e-02 6.14047408e-01
    3.49460244e-02 4.77075964e-01 7.17454612e-01 8.91167462e-01
    6.46625280e-01 4.53515083e-01 9.26296234e-01 2.28951156e-01
    3.42374921e-01 1.23926282e-01 4.84885752e-01 1.31314665e-01
    6.55421853e-01 3.32169116e-01 2.88973868e-01 3.40784132e-01
    8.52521539e-01 9.17988062e-01 9.71661925e-01 6.34944439e-01
    2.83483624e-01 8.56745720e-01 6.84936881e-01 3.03035855e-01
    3.51672411e-01 9.51937735e-01 4.49081182e-01 4.43369895e-01
    7.53382683e-01 2.36107558e-01 9.53805089e-01 3.98915648e-01
    5.14971912e-01 9.12002563e-01 2.44480461e-01 8.64142537e-01
    8.08410287e-01 9.35437262e-01 8.84379864e-01 5.56583226e-01
    1.30166590e-01 6.01687908e-01 2.96865433e-01 7.35245228e-01
    4.04724270e-01 8.44298959e-01 2.55897224e-01 2.74369508e-01
    4.29787606e-01 6.11646831e-01 5.64322233e-01 6.77845001e-01
    4.26821589e-01 5.97068489e-01 3.80688131e-01 1.10363692e-01
    2.00800538e-01 9.64761972e-01 4.46445167e-01 4.89570707e-01
    9.84431148e-01 1.54891223e-01 3.69043589e-01 7.55023062e-02
    6.49533212e-01 2.09444761e-02 2.20954418e-01 8.88618231e-01
    9.52015042e-01 8.39527130e-01 5.72655797e-01 7.53546715e-01
    2.51530766e-01 5.40105343e-01 8.39020014e-01 3.33568454e-02
    5.67103207e-01 7.82189667e-02 5.42800665e-01 6.69686556e-01
    6.19608164e-01 4.48177636e-01 2.52127379e-01 3.89010310e-02
    7.36323535e-01 6.41554594e-04 7.94937491e-01 2.76917815e-01
    2.96154261e-01 8.79393935e-01 3.31672788e-01 1.52516454e-01
    1.73130333e-01 2.35739678e-01 2.03555971e-01 3.40437710e-01
    3.90138239e-01 9.73583996e-01 3.33588362e-01 1.64597362e-01
    6.79384232e-01 1.85840756e-01 9.96452510e-01 3.99734825e-01
    6.02706075e-02 3.44414234e-01 7.60264158e-01 6.89935505e-01
    7.38028288e-02 3.36089402e-01 8.91299605e-01 7.04214811e-01
    1.21904820e-01 7.38635480e-01 2.45128393e-01 1.63343370e-01
    9.64849591e-01 5.42840004e-01 4.03654933e-01 1.06480747e-01
    5.74488640e-02 9.81357992e-01 8.63745451e-01 3.11131448e-01
    9.35420871e-01 4.59536910e-01 3.11450839e-01 2.91648209e-02
    5.10376215e-01 1.05684817e-01 6.48227155e-01 7.42173970e-01
    1.00212783e-01 3.74616444e-01 1.60300851e-01 4.87259239e-01
    6.15311384e-01 5.01850486e-01 9.05677319e-01 7.54137158e-01
    5.02011836e-01 6.74342871e-01 3.60883564e-01 1.11552805e-01
    9.60568428e-01 4.71892178e-01 5.65892458e-01 1.14440441e-01
    9.06111956e-01 8.85592937e-01 9.07551944e-01 7.06138372e-01
    4.21173900e-01 3.13149661e-01 5.00586450e-01 4.11218226e-01
    4.83309060e-01 5.78305721e-01 4.29952323e-01 4.06968862e-01
    5.21620631e-01 6.93337083e-01 6.26186550e-01 6.46818042e-01
    1.66337788e-01 4.70763892e-01 1.18896365e-01 3.26490164e-01
    1.04010969e-01 7.69668818e-01 7.10875273e-01 8.25534761e-01
    4.82278436e-01 8.22966814e-01 4.81196046e-01 5.90175331e-01
    9.86322999e-01 8.10116172e-01 6.54788554e-01 6.99117482e-01
    8.99549842e-01 5.80499172e-02 8.20785761e-02 6.42838657e-01
    2.39921540e-01 6.21462762e-01 1.38150275e-01 4.71182019e-01
    9.51555192e-01 4.07351762e-01 4.00135994e-01 5.70275128e-01
    8.89589787e-01 3.16946149e-01 3.03883344e-01 6.85832381e-01
    7.53644586e-01 9.28634524e-01 1.58107281e-03 3.70684862e-02
    1.51892722e-01 7.66716957e-01 4.26189184e-01 7.77590573e-01
    7.15055704e-01 6.13528907e-01 1.54797614e-01 5.70400894e-01
    1.25103235e-01 1.54595017e-01 3.36072147e-01 2.57056892e-01
    7.58460164e-01 4.28847671e-02 2.45025665e-01 4.68957633e-01
    5.01761615e-01 8.26345444e-01 1.09395176e-01 4.22333777e-01
    4.87173408e-01 5.01958191e-01 5.08424938e-01 9.03415799e-01
    7.69955516e-02 7.15764880e-01 8.81156027e-02 2.48455018e-01
    5.25112569e-01 3.24484408e-01 8.88299704e-01 7.30339468e-01
    5.59344888e-03 4.09368932e-01 1.15789235e-01 8.07107687e-01
    6.57139301e-01 2.03779370e-01 1.35215074e-01 4.52217460e-03
    5.99930406e-01 6.61726236e-01 7.50549793e-01 4.89663541e-01
    8.63495886e-01 6.56088173e-01 5.32234251e-01 2.09090114e-01
    9.90988612e-02 7.04245269e-01 4.22918588e-01 7.14016080e-01
    5.43777585e-01 4.30937409e-02 4.11065102e-01 5.49503982e-01
    7.20870137e-01 8.28832626e-01 8.92697096e-01 4.92447644e-01
    2.63243198e-01 9.15711880e-01 7.41317391e-01 6.15826845e-02
    3.86137486e-01 3.58982265e-01 9.67787564e-01 3.07810396e-01
    3.46201062e-01 3.39925587e-01 8.00427318e-01 2.85608232e-01
    2.90580392e-01 2.35216379e-01 7.39690661e-02 7.38604069e-01
    1.92012668e-01 6.55899882e-01 6.02809787e-01 9.26526725e-01
    1.06394798e-01 8.51903975e-01 2.23355979e-01 9.79059696e-01
    2.04118192e-01 4.72624481e-01 6.33083105e-01 2.02005655e-01
    2.18418479e-01 1.58474565e-01 6.28111899e-01 8.09527755e-01
    7.09604561e-01 8.42137933e-01 6.55765533e-01 1.01370871e-01
    7.69456863e-01 1.94772661e-01 6.41435981e-01 6.43230915e-01
    3.16991210e-02 5.02731740e-01 8.18440914e-01 8.19655955e-01
    2.78491199e-01 1.03482336e-01 5.02031088e-01 6.55734420e-01
    7.67372608e-01 5.65969646e-02 3.33913207e-01 6.32932127e-01
    3.24335694e-03 9.28670049e-01 3.64610553e-01 3.02013695e-01
    1.95924610e-01 5.55141807e-01 3.88732791e-01 8.10101509e-01
    9.54497218e-01 7.87679315e-01 1.22493565e-01 6.29141927e-01
    8.76315475e-01 2.01202452e-01 1.84670806e-01 4.79906499e-01
    3.10310900e-01 4.55197006e-01 3.05122048e-01 5.15352786e-01
    2.61048883e-01 4.84228700e-01 8.51505876e-01 3.82604957e-01
    4.49264199e-01 3.13072860e-01 1.57052100e-01 3.25890154e-01
    4.41919118e-01 5.95267236e-01 1.97877944e-01 3.77077401e-01
    1.26589060e-01 8.13578665e-02 6.50633574e-02 6.71784401e-01
    1.35943592e-01 5.29838502e-02 7.36877441e-01 2.79793620e-01
    1.06883317e-01 4.44312304e-01 1.20635152e-01 7.65355468e-01
    7.22368777e-01 3.28885049e-01 2.40762472e-01 7.43197918e-01
    7.03141689e-01 7.60023832e-01 1.46814495e-01 8.03885460e-01
    3.41779679e-01 6.42680287e-01 8.82583022e-01 4.56570834e-01
    6.95617497e-01 4.05622840e-01 5.97311854e-02 6.16696358e-01
    1.63717806e-01 7.49280095e-01 7.70680666e-01 3.72281969e-02
    5.36905408e-01 7.39272952e-01 7.19437838e-01 4.30914909e-01
    1.48711920e-01 4.95634258e-01 6.96996748e-01 3.25916111e-01
    6.46061540e-01 7.85733819e-01 9.05786395e-01 6.91602051e-01
    3.97960544e-02 6.52903497e-01 2.90316761e-01 3.45778704e-01
    6.40452802e-02 8.64990711e-01 2.24927664e-02 6.71398103e-01
    8.50065470e-01 2.17710495e-01 6.44272864e-01 6.97719514e-01
    2.28697658e-01 2.69446433e-01 3.17146122e-01 1.14353180e-01
    5.64236403e-01 9.17004704e-01 2.79412508e-01 6.55725598e-03
    8.06969285e-01 4.85342145e-01 4.00735497e-01 4.51665401e-01
    4.93063897e-01 8.83210123e-01 6.38454258e-02 4.08290207e-01
    6.52870417e-01 8.00265312e-01 4.14410084e-01 7.19694257e-01
    2.21605897e-01 5.83656669e-01 4.47084457e-01 9.59152699e-01
    1.99582011e-01 5.12327969e-01 9.82296467e-02 8.73586416e-01
    2.97625333e-01 8.36422563e-01 8.50701094e-01 9.52217400e-01
    9.08814311e-01 9.17454839e-01 1.65537924e-01 2.41959602e-01
    4.24375713e-01 2.18736023e-01 4.30337906e-01 3.28953683e-01
    4.38087165e-01 9.57839131e-01 8.02722275e-02 1.16086185e-01
    5.45827448e-02 1.15182817e-01 2.68906295e-01 7.73591161e-01
    8.80304694e-01 2.53089666e-01 3.87851000e-02 2.37113684e-01
    4.38999981e-01 9.65780795e-01 8.98937345e-01 9.87903357e-01
    8.35055709e-01 7.82780528e-01 3.32231224e-01 2.64100820e-01
    3.93452287e-01 6.46164775e-01 5.80559373e-01 4.67742205e-01
    7.01622009e-01 4.35561270e-01 7.10310102e-01 8.90281141e-01
    9.65829730e-01 5.32720447e-01 1.11812949e-02 5.55027723e-02
    3.97054851e-02 7.40423203e-01 1.26926512e-01 6.95232153e-02
    5.71194768e-01 6.83647275e-01 7.83850908e-01 6.14824593e-01
    8.11013579e-01 2.95476258e-01 1.65374309e-01 2.95627058e-01
    6.86961114e-02 8.74756396e-01 2.34321833e-01 9.79466558e-01
    5.45276403e-01 6.09274566e-01 7.24111795e-01 6.78244531e-01
    3.65369737e-01 8.91802847e-01 4.70646024e-01 9.33911800e-02
    1.60917193e-01 1.80026561e-01 6.51275158e-01 8.04069996e-01
    5.36402464e-01 6.17482901e-01 5.63506603e-01 5.80949843e-01
    8.43400359e-01 2.60435522e-01 3.67529690e-02 9.51573253e-03
    9.57625508e-01 3.18260491e-02 7.18319654e-01 8.89041483e-01
    4.04638231e-01 2.85754204e-02 6.44226253e-01 9.47126150e-01
    4.01262164e-01 8.56741846e-01 8.87858391e-01 9.50362086e-01
    3.18434238e-01 2.78376520e-01 8.35146904e-01 4.76096451e-01
    2.03330964e-01 2.59780526e-01 2.81803310e-02 1.13068521e-02
    2.66566098e-01 2.68580556e-01 1.54929847e-01 3.34200740e-01
    1.15414023e-01 1.05607510e-03 3.12982023e-01 5.53477466e-01
    9.65225101e-01 8.58054638e-01 2.32275814e-01 1.87338173e-01
    2.92527020e-01 8.54880214e-01 9.12548780e-01 5.96390367e-01
    6.68977141e-01 7.41840303e-01 1.20585710e-01 6.67557538e-01
    3.86754572e-02 6.84502542e-01 7.56773114e-01 7.60563493e-01
    4.40815866e-01 3.36049825e-01 8.37500930e-01 3.81323457e-01
    7.77496934e-01 8.93455029e-01 8.16037953e-02 8.81038785e-01
    9.66361046e-01 9.73247290e-01 4.15505648e-01 6.25789285e-01
    2.90672183e-02 2.09981740e-01 1.40849471e-01 5.91177225e-01
    5.29031634e-01 8.75067472e-01 5.67642033e-01 8.48322392e-01
    9.11864460e-01 2.62709379e-01 3.17440867e-01 6.05226219e-01
    1.44258946e-01 2.28125572e-01 3.85842323e-02 7.52551198e-01
    2.65102446e-01 3.77205372e-01 9.51721966e-01 3.88129294e-01
    7.38812208e-01 9.83790576e-01 9.59383190e-01 5.42217851e-01
    3.22344184e-01 5.46375453e-01 2.26244211e-01 2.35347599e-01
    8.11754107e-01 6.85730159e-01 7.85983205e-01 4.36236143e-01
    9.05669689e-01 4.81598824e-01 1.64428324e-01 8.88441443e-01
    1.99378759e-01 4.42598522e-01 8.58359396e-01 6.41490817e-01
    5.66480279e-01 3.44115317e-01 9.05915439e-01 8.16640377e-01
    9.56159830e-01 5.45508444e-01 8.16302657e-01 3.63152623e-02
    8.07238698e-01 3.88489425e-01 1.75671428e-01 9.07245874e-01
    2.88994133e-01 3.86962295e-01 7.26384878e-01 5.22001743e-01
    7.67946243e-01 6.59786284e-01 4.46418941e-01 3.99727225e-01
    1.38957173e-01 2.08390713e-01 6.54836893e-01 8.65347266e-01
    8.54474783e-01 3.45216095e-01 8.34576011e-01 5.84198415e-01
    4.33516890e-01 2.36638129e-01 8.80260885e-01 1.92990601e-02
    5.19580185e-01 4.81227309e-01 7.10538983e-01 8.89716148e-01
    1.31224841e-01 1.48903400e-01 2.72579908e-01 3.54325235e-01
    6.84960246e-01 7.79300928e-04 8.39743137e-01 3.95918310e-01
    9.41348791e-01 5.48575699e-01 9.47843075e-01 7.09013820e-01
    4.76916820e-01 9.30735886e-01 8.98908496e-01 5.08128107e-01
    3.34073722e-01 2.96258241e-01 6.09805226e-01 7.27951586e-01
    9.71395016e-01 6.15058720e-01 3.67560685e-02 6.51481628e-01
    9.70389843e-01 9.23408985e-01 9.57592070e-01 1.36615038e-02
    9.20480847e-01 4.30530757e-01 8.92385483e-01 8.44766557e-01
    9.38919187e-03 3.79322767e-01 4.09255207e-01 2.57901609e-01
    8.57392550e-01 6.66551113e-01 9.72263157e-01 9.88717377e-02
    7.93501973e-01 6.26202166e-01 4.93316084e-01 1.23315156e-01
    4.81960386e-01 8.02117348e-01 8.97428215e-01 1.43684804e-01
    6.97569013e-01 6.95482373e-01 9.52799797e-01 5.02768040e-01
    1.10064030e-01 1.83723897e-01 7.84282446e-01 6.40584826e-01
    2.36946464e-01 8.49364161e-01 4.14482117e-01 1.79604679e-01
    5.90137661e-01 2.68091649e-01 3.40580344e-02 5.05843222e-01
    6.59233451e-01 8.67503762e-01 4.50679749e-01 9.12702322e-01
    4.27163720e-01 8.36392760e-01 1.44886464e-01 9.33879733e-01
    6.24007940e-01 4.56975132e-01 6.75477505e-01 1.79588437e-01
    7.36273050e-01 7.83062696e-01 7.65750289e-01 2.89388120e-01
    6.79654777e-01 9.62812304e-02 2.56800413e-01 5.37338912e-01
    5.09901822e-01 2.16043532e-01 2.73776472e-01 1.18075073e-01
    1.12758517e-01 3.43608797e-01 6.51374042e-01 1.94247067e-01
    5.70964336e-01 8.63283753e-01 2.67257839e-01 2.19282299e-01
    9.41554248e-01 3.23177695e-01 2.61104524e-01 1.44857168e-02
    9.44860220e-01 4.14235651e-01 6.29480481e-02 1.97515130e-01
    5.98600864e-01 8.64683628e-01 9.97866869e-01 1.74770266e-01
    5.03108680e-01 8.98494720e-01 1.58542067e-01 4.59291041e-01
    7.62985766e-01 5.97505987e-01 3.08820724e-01 3.17271709e-01
    2.49875128e-01 6.65106416e-01 2.05850512e-01 9.50587928e-01
    1.53286457e-02 4.87161428e-01 9.57499743e-02 5.92367649e-01
    8.35382342e-01 1.51302636e-01 3.11588407e-01 8.69415879e-01
    7.15686679e-02 1.77126229e-02 7.22524643e-01 7.92716324e-01
    9.83395576e-02 2.13566095e-01 4.19860333e-01 1.17917329e-01
    4.84686583e-01 1.16218925e-01 7.13599443e-01 9.13614750e-01
    2.61873722e-01 1.99004799e-01 6.96561515e-01 7.82540679e-01
    3.22743118e-01 9.40229237e-01 6.49632335e-01 3.84281427e-01
    6.04765296e-01 3.89023662e-01 1.40174359e-01 3.57328534e-01
    9.61772978e-01 6.79449737e-01 6.83057189e-01 2.95498967e-01
    3.76113594e-01 4.48950946e-01 5.05406559e-01 2.58326262e-01
    6.77767217e-01 8.81808758e-01 4.65478241e-01 1.00365281e-03
    5.81049621e-01 6.99132204e-01 8.33053172e-01 4.73772228e-01
    1.54483438e-01 2.18919218e-01 9.09660459e-02 9.45997953e-01
    3.78985614e-01 4.37849641e-01 1.18201226e-01 5.65645099e-02
    3.99639606e-01 9.92252231e-01 8.02259207e-01 8.13217640e-01
    5.69762409e-01 9.07718599e-01 7.93538094e-01 8.84459138e-01
    2.51064897e-01 8.41547608e-01 6.01755261e-01 6.28901660e-01
    3.06010783e-01 2.09364295e-02 9.15406287e-01 1.26535207e-01
    9.54198956e-01 8.94243956e-01 3.97533864e-01 6.26963675e-01
    5.71620166e-01 6.21109247e-01 5.81639111e-01 1.40518248e-01
    4.63689029e-01 4.63639855e-01 4.80173230e-02 1.90483421e-01
    8.26222658e-01 3.71909142e-01 6.53783977e-02 1.25831008e-01
    8.01707387e-01 3.09807479e-01 7.37303138e-01 2.00060338e-01
    4.78464097e-01 4.10191387e-01 5.74756920e-01 4.49230790e-01
    7.78723657e-01 3.45080614e-01 8.02949011e-01 1.68820381e-01
    2.22268283e-01 9.57334518e-01 4.10217047e-02 6.55106068e-01
    8.56123209e-01 3.01301301e-01 3.28947902e-01 4.47358251e-01
    8.42639208e-01 1.22619689e-01 8.26525390e-01 2.88739085e-01
    2.03383714e-01 9.94508862e-01 7.22650290e-01 9.60407138e-01
    1.51627064e-02 3.46154273e-01 3.20176810e-01 8.20667088e-01
    4.54985499e-02 4.59353954e-01 5.74444711e-01 2.97158152e-01
    9.70028877e-01 3.26402664e-01 5.35458982e-01 2.39230365e-01
    8.66855979e-01 3.74115586e-01 3.08144391e-01 4.96812314e-01
    8.22987318e-01 2.21163243e-01 8.46208334e-01 2.19442368e-01
    5.17649949e-02 3.01632196e-01 4.90643263e-01 2.49100327e-01
    7.03468561e-01 1.50530368e-01 8.46327186e-01 6.96893334e-01
    4.97335404e-01 6.34721041e-01 2.85968125e-01 4.43894267e-01
    2.64628172e-01 2.47237593e-01 2.43046939e-01 1.04085773e-01
    8.87226939e-01 2.44233102e-01 3.09122592e-01 9.70715880e-01
    9.03073192e-01 2.32043773e-01 2.03230977e-03 7.32501984e-01
    4.41376507e-01 8.56522918e-01 3.78194064e-01 9.74768877e-01
    1.87915266e-01 2.03219652e-02 6.36302829e-01 8.26561093e-01
    6.51338458e-01 8.20004940e-02 7.64806688e-01 5.34410059e-01
    7.03168750e-01 6.39106035e-01 6.25504494e-01 6.44945621e-01
    2.63323724e-01 3.02684605e-01 2.89282441e-01 6.49630427e-01
    4.99248803e-01 5.95185995e-01 8.24461222e-01 4.28611010e-01
    2.42687106e-01 9.13412929e-01 8.09150577e-01 4.77154195e-01
    2.36416996e-01 7.62394190e-01 3.25383306e-01 9.13776278e-01
    5.01863599e-01 6.58796430e-02 5.14092386e-01 6.90580010e-01
    2.81772435e-01 6.04758859e-01 4.28487062e-01 3.77373099e-01
    6.88836873e-01 9.68901634e-01 1.84132576e-01 8.37373495e-01
    1.22459412e-01 3.13825250e-01 2.18497217e-02 4.26119059e-01
    9.58013415e-01 6.96183622e-01 3.10738206e-01 2.28783935e-01
    5.44634879e-01 9.68303800e-01 1.44531190e-01 1.22214824e-01
    2.92157590e-01 4.67255950e-01 9.52428281e-02 9.48677182e-01
    6.50321066e-01 7.71353364e-01 4.12249655e-01 1.83751047e-01
    1.95825517e-01 6.90815151e-02 2.16315269e-01 1.32255882e-01
    6.56780183e-01 2.44918078e-01 1.68249279e-01 8.91427100e-01
    6.81284010e-01 9.87446845e-01 7.61312366e-01 1.73612297e-01
    6.57695830e-01 4.15135801e-01 7.78228939e-01 8.43435526e-03
    5.65450072e-01 7.92215884e-01 8.73696804e-01 8.37153196e-01
    6.41851068e-01 9.23592567e-01 9.33194458e-01 1.76305026e-01
    2.02365190e-01 5.08989871e-01 2.92301267e-01 2.70798028e-01
    9.49908674e-01 8.59310985e-01 7.25435197e-01 7.97268629e-01
    7.83045650e-01 8.30185175e-01 9.68943357e-01 9.18557525e-01
    9.19059277e-01 6.26753092e-01 6.24121070e-01 6.26846731e-01
    2.93229938e-01 1.95596814e-01 8.13497663e-01 6.19271815e-01
    3.52809668e-01 4.78797257e-02 6.10079765e-01 5.32945335e-01
    5.79585075e-01 7.07685709e-01 7.14745164e-01 1.92760020e-01
    2.28967428e-01 5.30035973e-01 8.44528198e-01 2.45494008e-01
    3.79723251e-01 5.40243626e-01 5.23976147e-01 7.12589860e-01
    1.00890577e-01 3.50530148e-01 7.15575814e-01 6.78536773e-01
    5.49945056e-01 7.73802578e-01 8.32274675e-01 7.93037057e-01
    7.17167318e-01 1.94529682e-01 8.34741116e-01 4.26298261e-01
    4.75450337e-01 3.76689523e-01 4.09266412e-01 6.24052823e-01
    3.27301919e-02 2.24399686e-01 5.31495810e-02 9.25537586e-01
    3.54983330e-01 5.47867239e-01 1.00337207e-01 3.65724325e-01
    5.15704513e-01 7.19920993e-02 7.51908422e-01 8.84616852e-01
    8.89579535e-01 4.23383921e-01 4.60516214e-01 4.18755770e-01
    7.79382288e-02 9.97858226e-01 9.31085229e-01 7.10229278e-02
    9.47214305e-01 5.04732609e-01 4.03923452e-01 4.47073579e-02
    1.44667327e-02 3.57359111e-01 7.10473597e-01 6.65765643e-01
    7.45816529e-02 8.25306416e-01 1.71500504e-01 7.44651854e-02
    5.85135102e-01 3.22607219e-01 8.46085250e-01 2.55821586e-01
    5.78871489e-01 6.53382421e-01 2.58405030e-01 2.12921500e-01
    6.18158877e-02 3.84574980e-01 7.31470227e-01 1.06152475e-01
    7.21268654e-01 4.36811507e-01 4.59513605e-01 4.98923689e-01
    3.34730983e-01 5.66061080e-01 6.07296109e-01 8.12264085e-01
    3.83623838e-02 6.74086273e-01 3.31287682e-02 8.55912805e-01
    5.29493988e-01 1.66234314e-01 9.40066218e-01 8.76366794e-02
    9.30445790e-01 6.70976758e-01 8.93538594e-01 6.33275926e-01
    7.61649370e-01 9.70342100e-01 9.75882530e-01 8.63240898e-01
    2.69885480e-01 6.38673604e-02 5.69440603e-01 5.73160112e-01
    5.99056900e-01 5.60361624e-01 8.12848210e-01 4.01054293e-01
    4.15522397e-01 9.21132326e-01 8.43013525e-01 1.54236048e-01
    3.15190256e-01 3.27064097e-02 4.62951779e-01 1.26274854e-01
    9.76285994e-01 9.00385737e-01 5.56505919e-01 2.13358402e-01
    2.95291394e-01 8.50327015e-01 1.84824795e-01 2.52381355e-01
    9.50083077e-01 3.32915187e-01 4.81344193e-01 2.03996539e-01
    7.80326962e-01 9.82354820e-01 7.82732069e-01 9.03026223e-01
    9.31696653e-01 2.16304839e-01 3.15558910e-02 3.27670574e-02
    7.63901830e-01 2.90844768e-01 3.15582514e-01 1.34646118e-01
    2.65288711e-01 7.23892570e-01 5.63429415e-01 6.11746848e-01
    3.28467667e-01 4.32464570e-01 3.41945112e-01 1.75644308e-01
    3.22314739e-01 5.57462275e-02 6.25339150e-01 9.16908324e-01
    5.10531843e-01 8.28508615e-01 1.97331876e-01 5.94985008e-01
    4.57663000e-01 4.67559695e-01 8.99897695e-01 2.22151697e-01
    2.30495661e-01 8.75321388e-01 1.35200143e-01 9.34847593e-01
    6.16396189e-01 1.61232889e-01 4.00777578e-01 8.24010372e-01
    8.06360722e-01 1.73441678e-01 9.61111546e-01 4.64760602e-01
    3.37403625e-01 4.60956097e-02 6.43347442e-01 8.51867795e-01
    8.99404287e-01 6.78649604e-01 2.90322423e-01 4.36303705e-01
    9.95067477e-01 9.24215317e-01 4.03147072e-01 6.66676521e-01
    7.37555981e-01 4.59758461e-01 6.46930337e-01 9.48283374e-01
    5.92401206e-01 3.34118307e-02 4.70298231e-02 6.39240384e-01
    4.85173166e-01 9.75846767e-01 6.49423480e-01 8.39298248e-01
    6.01295590e-01 9.20867205e-01 8.30356836e-01 7.82270372e-01
    2.91420102e-01 9.74933684e-01 3.99725437e-01 1.91699594e-01
    2.37108380e-01 3.68077219e-01 3.74055803e-02 2.30852783e-01
    6.15000963e-01 5.12561917e-01 2.57708877e-01 9.62851405e-01
    1.65053248e-01 9.61751044e-02 5.95647931e-01 9.50125933e-01
    1.15713000e-01 9.77180243e-01 3.73004705e-01 7.69754887e-01
    4.81007993e-01 9.80845213e-01 8.59080315e-01 4.58975464e-01
    9.82341051e-01 9.10971284e-01 8.48551393e-01 9.35417414e-01
    4.99798715e-01 5.17998636e-01 9.39777493e-01 4.50244665e-01
    8.00312877e-01 2.36652970e-01 2.23364443e-01 7.22038746e-01
    2.99801916e-01 9.03972626e-01 3.32059205e-01 7.61404276e-01
    8.33461106e-01 1.41211331e-01 7.99201727e-01 5.62517047e-02
    4.45454866e-01 5.63214958e-01 4.28122163e-01 6.49562716e-01
    4.15208101e-01 7.51772583e-01 4.68525887e-02 8.38159621e-02
    2.76443899e-01 8.97477984e-01 9.00887847e-01 7.90179729e-01
    8.65763426e-03 1.65140003e-01 7.60484040e-02 4.31795627e-01
    1.96351737e-01 1.09029472e-01 6.89710200e-01 5.26467860e-01
    9.69257355e-02 8.24812889e-01 4.47339356e-01 4.09422427e-01
    9.19025481e-01 9.86621678e-01 9.65670347e-01 7.39104390e-01
    2.43488461e-01 2.00036854e-01 2.29931623e-01 8.56926322e-01
    5.42275488e-01 9.90770817e-01 8.42276454e-01 4.53206986e-01
    3.68419230e-01 6.39526784e-01 5.66303909e-01 5.55313408e-01
    1.82641417e-01 8.26319277e-01 5.54264963e-01 6.07566833e-02
    1.35387272e-01 2.26860672e-01 9.03147340e-01 6.53759301e-01
    5.11504889e-01 5.12421548e-01 6.24360383e-01 7.13153481e-01
    9.76757526e-01 1.21633261e-01 1.86576307e-01 1.76758528e-01
    7.16523826e-01 7.87477672e-01 6.08187437e-01 8.94671977e-01
    9.32233632e-01 3.63197148e-01 8.78521681e-01 6.54061139e-02
    7.83026218e-01 8.79112899e-01 7.05771923e-01 1.49214685e-01
    7.95917809e-01 7.48251796e-01 1.84045136e-01 7.79928684e-01
    4.61281061e-01 4.56056088e-01 3.04364562e-01 4.04529274e-02
    3.41700792e-01 5.59251785e-01 5.52491903e-01 1.13815844e-01
    4.22373503e-01 3.70759666e-01 1.28797472e-01 8.76188874e-01
    3.77766937e-01 6.87602401e-01 3.41643751e-01 1.99236214e-01
    4.63590533e-01 7.77332187e-01 8.40709329e-01 5.51575720e-01
    1.20375723e-01 5.94050169e-01 2.81194389e-01 2.35519022e-01
    1.28336847e-01 2.84815788e-01 7.94722319e-01 7.56452918e-01
    2.81996697e-01 8.26744556e-01 2.81094432e-01 5.93703330e-01
    4.11768436e-01 3.95409882e-01 7.60136604e-01 9.82551336e-01
    3.56985390e-01 2.25333989e-01 3.91729832e-01 8.04784417e-01
    6.49875224e-01 9.73301530e-01 2.75705695e-01 9.91492629e-01
    7.75087893e-01 6.44891977e-01 4.71723706e-01 8.57244909e-01
    8.61896098e-01 8.11389446e-01 2.55020559e-02 9.08927798e-01
    8.78610730e-01 8.49540651e-01 4.65561509e-01 4.78838533e-01
    6.05238914e-01 2.22991407e-01 9.88872409e-01 8.58243406e-01
    6.36789203e-01 9.44885731e-01 2.63829082e-01 8.53685200e-01
    5.61237037e-01 7.85985470e-01 6.38328135e-01 4.85277236e-01
    3.53798658e-01 4.85708535e-01 1.72047615e-01 4.20287311e-01
    3.10638726e-01 1.34516597e-01 4.88783985e-01 5.74283063e-01
    3.66786838e-01 3.28518510e-01 6.75171733e-01 7.79644251e-01
    1.90728903e-03 1.54365391e-01 4.09323126e-01 1.56668395e-01
    6.74235582e-01 9.09092903e-01 4.30156291e-02 9.76849437e-01
    4.28725153e-01 7.05384731e-01 8.28985572e-02 4.18672383e-01
    7.37702966e-01 1.75836831e-01 6.52493238e-01 8.83374929e-01
    2.73476481e-01 1.15161240e-01 1.21386498e-01 9.95970011e-01
    5.17450333e-01 3.05156231e-01 1.84828341e-01 9.69687223e-01
    7.99069285e-01 4.66085523e-01 3.10189009e-01 1.80487126e-01
    1.91681981e-01 5.84696591e-01 3.86586189e-01 2.59731382e-01
    9.95693684e-01 5.45674324e-01 1.80854648e-01 2.71385193e-01
    5.72396040e-01 3.23199570e-01 8.33378017e-01 2.83076555e-01
    2.10666656e-03 2.29537487e-03 2.84431219e-01 3.24041247e-02
    4.03203070e-02 9.15331841e-01 3.73257518e-01 4.43054408e-01
    9.85638142e-01 7.73898482e-01 8.36200237e-01 3.55022550e-01
    1.75326943e-01 2.05951840e-01 6.77963614e-01 6.62440181e-01
    8.81434858e-01 5.00546932e-01 1.63595110e-01 4.86247599e-01
    5.97459614e-01 1.88480586e-01 6.39781177e-01 1.63924694e-02
    2.25219816e-01 4.12080437e-01 5.51575243e-01 4.19055790e-01
    2.43574530e-01 8.62792134e-03 9.00516152e-01 5.58846116e-01
    1.34576082e-01 6.57534420e-01 1.03292167e-01 8.41811299e-03
    1.36438936e-01 8.56228828e-01 8.26886058e-01 5.89557827e-01
    1.05147958e-01 4.56232309e-01 6.07418835e-01 2.20222950e-01
    2.10577756e-01 7.65547454e-01 7.59776533e-02 7.44200587e-01
    9.97017980e-01 9.37881470e-01 6.66692495e-01 7.01737285e-01
    2.60239393e-01 8.51075172e-01 1.92493200e-04 2.68034458e-01
    3.70873392e-01 5.90436637e-01 5.92828095e-01 7.90907025e-01
    4.66909468e-01 8.27929139e-01 9.98111606e-01 8.60342860e-01
    3.96861821e-01 2.11489230e-01 4.33778793e-01 3.37297291e-01
    6.83136523e-01 8.91982675e-01 7.35145509e-02 7.47001171e-01
    2.96015978e-01 6.50125861e-01 8.98413777e-01 8.58494043e-02
    6.94067538e-01 5.37899494e-01 2.35342771e-01 5.12211204e-01
    6.50151849e-01 8.50512087e-01 9.52689648e-01 6.22880220e-01
    3.23861837e-03 4.16692317e-01 4.36126769e-01 1.32551312e-01
    4.26777929e-01 8.18113446e-01 6.74859762e-01 9.56241369e-01
    4.02824521e-01 2.07417428e-01 5.27626574e-01 8.01910043e-01
    2.50821292e-01 1.92342252e-01 4.96913522e-01 8.70043755e-01
    1.25647575e-01 9.25293267e-02 7.03489184e-01 4.58039492e-01
    6.29444599e-01 9.36065972e-01 3.56500596e-01 4.30017114e-02
    1.69654012e-01 1.26333207e-01 9.16103065e-01 3.49583328e-02
    8.70127320e-01 8.47455740e-01 5.79287410e-02 8.03415418e-01
    6.74494207e-02 4.00461853e-01 2.89356649e-01 9.52064037e-01
    7.89695024e-01 3.24055284e-01 1.48186833e-01 1.16729051e-01
    1.18712991e-01 4.68092620e-01 4.06546712e-01 1.99260980e-01
    3.44490230e-01 3.49782884e-01 1.22681946e-01 5.46686530e-01
    8.60323250e-01 7.09720731e-01 7.84622431e-02 4.63801146e-01
    9.97658253e-01 1.70649558e-01 9.74851966e-01 1.76257908e-01
    2.10210979e-01 6.01229846e-01 7.94181228e-02 5.02265990e-01
    8.64858389e-01 5.20820022e-01 6.73519790e-01 8.99316490e-01
    5.21255434e-02 7.83255935e-01 1.66724682e-01 6.26544237e-01
    4.09234673e-01 1.98393553e-01 1.04106039e-01 1.50077611e-01
    9.75270867e-01 8.71772766e-01 9.32680607e-01 8.31143856e-01
    1.40752137e-01 1.25160724e-01 5.84565520e-01 6.57729864e-01
    6.50321782e-01 9.46336627e-01 1.47266626e-01 4.04674441e-01
    9.11645114e-01 7.37069249e-01 3.89090180e-01 9.91293788e-01
    9.69059229e-01 5.68919897e-01 2.23877490e-01 7.90518165e-01
    4.61787313e-01 6.19568348e-01 4.51444805e-01 7.44584858e-01
    3.98454487e-01 4.39046800e-01 2.81490266e-01 3.48343402e-01
    9.75694299e-01 3.86163980e-01 1.24790579e-01 5.57095826e-01
    2.51866341e-01 1.53583527e-01 9.35163617e-01 7.67528534e-01
    2.08894908e-01 2.09024012e-01 3.13442647e-01 1.56145513e-01
    1.64532840e-01 3.24192852e-01 6.80439591e-01 8.33153069e-01
    8.65528107e-01 1.45737618e-01 6.38776124e-02 7.63893485e-01
    2.30506063e-02 1.80118024e-01 3.44937325e-01 2.81624436e-01
    7.07723796e-02 1.45884365e-01 4.12759125e-01 7.06790507e-01
    7.72648692e-01 7.52580106e-01 9.76322889e-02 3.65994126e-01
    7.22923398e-01 3.93023670e-01 1.40489936e-01 7.91561127e-01
    7.93597460e-01 8.74229372e-01 6.77343905e-02 9.36699510e-01
    7.55732059e-01 6.49069250e-02 4.27273035e-01 8.46562505e-01
    1.70540720e-01 8.24798167e-01 2.08216667e-01 5.25387049e-01
    9.64582682e-01 8.42329383e-01 4.90064681e-01 5.76848626e-01
    2.39231229e-01 1.04255706e-01 4.41891789e-01 7.33672023e-01
    5.64713359e-01 2.76467144e-01 3.57047528e-01 9.71637189e-01
    6.64701343e-01 3.99059892e-01 6.81571364e-01 4.85409081e-01
    2.48663634e-01 9.22100544e-01 7.18383849e-01 3.61003339e-01
    1.09448045e-01 9.59414124e-01 4.45596159e-01 9.31689739e-01
    4.39552486e-01 5.71962476e-01 3.72792840e-01 9.02230322e-01
    5.71225464e-01 2.77569085e-01 1.39867663e-01 1.96560085e-01
    9.34756994e-01 2.82059610e-01 6.49518788e-01 3.31127644e-01
    1.35600567e-04 4.55174983e-01 8.32885504e-04 7.57535577e-01
    4.95282054e-01 7.95294344e-01 7.44220376e-01 5.97908258e-01
    4.94332254e-01 4.20762151e-01 4.10389006e-01 5.12965441e-01
    7.08307624e-01 7.92959452e-01 3.06136668e-01 7.60992408e-01
    4.33380485e-01 3.66584063e-02 1.99194968e-01 3.65161300e-02
    5.15087903e-01 2.82049596e-01 2.51915693e-01 1.14422351e-01
    6.96466208e-01 4.18120861e-01 6.09057546e-02 6.27447724e-01
    1.05681866e-01 7.17954934e-01 8.07310700e-01 5.18344164e-01
    2.97798872e-01 1.82485253e-01 3.05833519e-01 1.53642952e-01
    3.03889692e-01 6.24190331e-01 9.45225477e-01 2.63469040e-01
    1.34983093e-01 5.97191215e-01 9.72871304e-01 8.30274522e-01
    6.78261757e-01 3.62602651e-01 7.76042461e-01 9.75673378e-01
    3.43806446e-01 6.97639227e-01 3.83157969e-01 3.06387961e-01
    5.21552265e-02 2.72625864e-01 6.19513333e-01 2.14488298e-01
    8.98235083e-01 7.69010365e-01 1.54697120e-01 9.26758051e-01
    9.61840153e-01 8.26854587e-01 1.74538791e-01 6.12642884e-01
    7.50110745e-02 6.42435431e-01 6.74671412e-01 4.46374387e-01
    1.76699758e-01 8.60240638e-01 9.28860545e-01 2.76556015e-02
    4.77465004e-01 2.51290411e-01 7.44124711e-01 7.88210034e-01
    8.36040616e-01 4.03264672e-01 7.11426079e-01 8.00365984e-01
    9.53200340e-01 1.43115520e-01 1.49833351e-01 2.35095829e-01
    1.57775849e-01 5.49978137e-01 2.00073421e-02 7.00423896e-01
    7.16938257e-01 3.14570367e-01 9.98856425e-01 9.55672979e-01
    7.34409988e-01 3.86141032e-01 5.91848135e-01 3.84435117e-01
    7.86156654e-01 1.32765561e-01 4.79430884e-01 8.29260707e-01
    5.96714079e-01 6.92172587e-01 8.12816024e-01 1.54634804e-01
    7.63130784e-01 5.75547814e-01 6.81062579e-01 5.53467512e-01
    9.99073386e-01 5.56921661e-01 4.78166789e-01 4.83483076e-03
    1.38022900e-01 1.46276057e-02 4.31492388e-01 9.91615891e-01
    3.35284829e-01 5.46248555e-01 6.92140222e-01 5.86259365e-01
    4.00534391e-01 8.26207161e-01 5.63704967e-01 8.71910691e-01
    1.26740634e-01 3.74052614e-01 9.66847956e-01 6.21492386e-01
    3.28694105e-01 9.40431833e-01 3.85814250e-01 9.03727770e-01
    3.45114201e-01 9.63705719e-01 2.35028595e-01 7.69731224e-01
    7.83213973e-02 5.53926170e-01 4.93205041e-01 3.77210379e-02
    4.50728238e-02 7.26069331e-01 3.98054063e-01 4.67174679e-01
    7.09692299e-01 6.19265437e-01 2.11322695e-01 4.47495639e-01
    8.20748687e-01 3.20521593e-01 1.87087029e-01 7.62132645e-01
    3.35385084e-01 4.31874335e-01 2.56775349e-01 5.01283050e-01
    8.43913317e-01 6.81182861e-01 4.24637109e-01 5.77470958e-01
    1.76974356e-01 6.10594511e-01 8.51483762e-01 1.27558440e-01
    7.69596457e-01 9.89866793e-01 8.49503398e-01 6.99213386e-01
    3.62959743e-01 1.10202640e-01 5.49334586e-01 6.46959841e-01
    2.15607882e-02 6.96071506e-01 7.76830316e-01 1.43490106e-01
    9.31083024e-01 3.83971661e-01 2.25429863e-01 7.81335354e-01
    6.73782587e-01 3.87328744e-01 6.14443898e-01 6.71420217e-01
    7.35536218e-02 2.32517421e-01 8.82012725e-01 6.13099337e-03
    3.11294794e-01 8.14597607e-01 2.76441872e-01 9.16351199e-01
    6.88118100e-01 6.24606609e-01 5.00053644e-01 6.17384553e-01
    2.53277332e-01 6.45671487e-02 1.34145886e-01 3.62593293e-01
    2.23678112e-01 3.82110596e-01 9.02031541e-01 9.06543791e-01
    6.08546853e-01 8.52759719e-01 2.70390809e-02 1.79902166e-01
    4.96673912e-01 1.53573513e-01 9.09369826e-01 1.20101720e-01
    3.38254094e-01 1.16907746e-01 2.60655165e-01 9.07307029e-01
    6.93323016e-01 4.40283209e-01 4.27266419e-01 6.66522264e-01
    8.40832591e-01 3.45120132e-01 7.52056718e-01 7.09444106e-01
    2.61449844e-01 8.87090683e-01 5.23293078e-01 3.43939424e-01
    6.04404330e-01 7.04149902e-01 9.56955671e-01 3.36801529e-01
    7.65111208e-01 6.45188808e-01 7.17145264e-01 3.45804989e-01
    6.73741758e-01 9.91524339e-01 3.41822028e-01 7.79583812e-01
    1.28702432e-01 7.68674254e-01 4.40615952e-01 4.52231526e-01
    3.75221461e-01 7.25687981e-01 6.93045378e-01 7.36531377e-01
    8.86086583e-01 7.39879489e-01 1.10139579e-01 3.13515067e-01
    6.27744317e-01 3.15161109e-01 9.85748887e-01 2.44327754e-01
    5.70396662e-01 1.17829889e-01 8.17470193e-01 9.93380249e-02
    1.13292187e-01 4.06582028e-01 2.88602203e-01 2.00967580e-01
    4.91849482e-02 9.04223323e-02 3.41549754e-01 5.71735680e-01
    9.32889044e-01 7.89774060e-02 9.41913426e-01 6.18041277e-01
    5.79290509e-01 6.32250011e-02 4.79304790e-03 2.56081641e-01
    2.95776129e-03 7.25200772e-02 3.56446922e-01 2.07051575e-01
    9.84863400e-01 9.97334719e-01 4.56850588e-01 1.54118091e-01
    3.24837506e-01 9.46015358e-01 6.95780993e-01 5.78814447e-01
    4.59183753e-01 2.37326205e-01 5.30092835e-01 1.01393551e-01
    3.13517988e-01 1.75197780e-01 4.52992857e-01 1.69082195e-01
    4.27158058e-01 7.13283062e-01 4.84406948e-02 8.69817019e-01
    6.46711409e-01 7.36794710e-01 8.48741174e-01 1.09109223e-01
    3.45243037e-01 2.68817961e-01 7.45968044e-01 3.23899627e-01
    3.65619332e-01 4.86168385e-01 1.20710045e-01 7.50014484e-02
    6.01156831e-01 1.73970699e-01 1.07453793e-01 3.51189733e-01
    7.19831467e-01 9.38959539e-01 5.24759412e-01 7.22674489e-01
    2.43810952e-01 4.88048226e-01 6.67856634e-01 1.50611162e-01
    7.14206159e-01 6.17404819e-01 1.26980245e-02 7.86443532e-01
    8.59049201e-01 5.09512424e-02 4.35171604e-01 8.78020287e-01
    4.34307396e-01 5.04892886e-01 2.91008055e-01 2.57758528e-01
    4.26234901e-01 4.07029927e-01 7.66012311e-01 4.26456749e-01
    3.94060224e-01 2.81407088e-01 6.20574892e-01 5.83594084e-01
    6.38781071e-01 9.25994098e-01 9.08028245e-01 8.53912234e-02
    4.56199974e-01 9.61073995e-01 6.24024987e-01 5.94429076e-02
    4.68094796e-01 6.59865737e-01 9.39854801e-01 9.95250046e-02
    5.95979095e-02 4.32901353e-01 3.17762136e-01 7.83655345e-01
    4.16554928e-01 4.62127626e-01 7.46172369e-01 9.39789295e-01
    3.09626073e-01 1.22761130e-02 3.61990273e-01 8.76080155e-01
    3.33829761e-01 2.96789587e-01 1.24298364e-01 9.91547465e-01
    3.68943691e-01 1.70772821e-01 8.38876963e-01 6.71562731e-01
    1.32967561e-01 4.72590357e-01 6.58830047e-01 3.79961073e-01
    6.71562433e-01 7.54087687e-01 7.30578482e-01 8.01642835e-01
    6.78829730e-01 9.50034559e-02 5.28701842e-01 8.94743800e-02
    1.09811068e-01 5.51121891e-01 7.51051128e-01 5.62484205e-01
    5.43156505e-01 9.74870086e-01 8.12065363e-01 5.78355730e-01
    9.72508609e-01 5.29466689e-01 8.42602849e-01 7.70386755e-02
    2.84179032e-01 4.88940001e-01 7.10898638e-03 3.29582304e-01
    6.03397489e-02 1.64368331e-01 2.32784748e-02 4.17876244e-02
    2.31556535e-01 8.97501707e-02 7.91334867e-01 7.74041414e-01
    8.56728315e-01 5.84104836e-01 4.74274755e-01 1.96662903e-01
    7.40997434e-01 6.12522960e-01 8.07852983e-01 6.81928396e-02
    6.28090560e-01 7.42952287e-01 9.11989987e-01 1.92629784e-01
    4.94904250e-01 1.97761595e-01 5.30900598e-01 3.32315534e-01
    2.56405354e-01 5.48993528e-01 8.68648410e-01 5.00596166e-02
    7.93668628e-01 2.82040358e-01 2.14914680e-02 4.37524885e-01
    6.95874870e-01 1.80668384e-01 7.14087009e-01 1.41805530e-01
    3.89793277e-01 5.23627281e-01 2.99971998e-02 5.20815492e-01
    2.86889791e-01 1.87471211e-02 9.12407041e-02 2.62665480e-01
    7.06368446e-01 3.06052119e-01 9.33236003e-01 6.13704383e-01
    3.14723372e-01 9.54938889e-01 6.29464507e-01 8.11141610e-01
    3.19225430e-01 8.80640090e-01 1.78479850e-01 3.67003679e-03
    3.92757088e-01 6.05847299e-01 6.27106607e-01 1.98559076e-01
    8.23522866e-01 7.21792817e-01 9.64874506e-01 8.55131269e-01
    5.64162433e-01 6.90029800e-01 9.59425211e-01 7.87235737e-01
    8.11836302e-01 8.52521956e-01 4.61089909e-02 3.30093801e-02
    6.27315879e-01 4.33343947e-02 1.38562441e-01 4.32680607e-01
    1.76695824e-01 3.83234769e-01 4.14924353e-01 1.29985213e-02
    4.19456065e-02 6.78911805e-01 9.56995189e-02 8.17981720e-01
    6.95261538e-01 9.37432289e-01 3.91430587e-01 3.05740833e-01
    2.68637210e-01 2.38610655e-01 8.05706978e-01 6.34909630e-01
    2.78991640e-01 1.51408553e-01 7.36456633e-01 4.99495327e-01
    7.56829977e-02 2.57602334e-02 3.31014454e-01 6.81299269e-01
    3.16736758e-01 9.30540085e-01 9.35970545e-01 6.58889830e-01
    8.11692894e-01 8.98330092e-01 6.35434031e-01 2.84498155e-01
    9.20729637e-01 8.64519477e-01 8.59070063e-01 7.93743610e-01
    6.69387698e-01 8.90465915e-01 1.36812598e-01 6.76556945e-01
    9.35160816e-01 8.80161643e-01 8.24737072e-01 9.17557716e-01
    2.65810281e-01 4.53179747e-01 3.50444794e-01 9.38766599e-02
    3.60842824e-01 7.33293772e-01 6.69528127e-01 5.51872671e-01
    4.30135787e-01 1.76311374e-01 8.73157740e-01 7.79454827e-01
    6.68708801e-01 4.38055217e-01 3.59064102e-01 1.61448419e-01
    7.01439798e-01 3.62910926e-01 2.03985870e-02 8.58585119e-01
    4.91463125e-01 9.30611014e-01 5.11049628e-01 1.19248122e-01
    8.49193931e-01 8.07453990e-01 5.82448304e-01 2.90765226e-01
    6.50898814e-01 6.50823057e-01 6.89150691e-01 9.06503797e-01
    8.99793804e-01 8.25410247e-01 7.21529603e-01 7.20196128e-01
    1.41260475e-01 3.24853897e-01 2.35556751e-01 8.44052196e-01
    7.08471715e-01 4.07766163e-01 8.18302095e-01 3.28145087e-01
    5.94687879e-01 3.94221872e-01 4.33736622e-01 3.03699911e-01
    4.93310452e-01 5.03426075e-01 9.81053352e-01 1.24352872e-01
    6.67208016e-01 9.05778050e-01 4.28113431e-01 3.15283835e-01
    7.01637030e-01 2.02985644e-01 3.41845334e-01 6.74380839e-01
    7.15947747e-01 6.82172239e-01 4.76408929e-01 1.85257316e-01
    7.25404143e-01 9.57739592e-01 4.62915123e-01 9.29273725e-01
    2.17009634e-01 4.70735133e-01 1.23932302e-01 7.99157262e-01
    5.31492472e-01 9.63252664e-01 3.67743671e-01 8.10390949e-01
    8.79232526e-01 7.05090106e-01 1.56844944e-01 6.34599030e-02
    8.90836656e-01 1.68526769e-02 1.35768056e-01 7.95297325e-01
    5.62526524e-01 2.94740379e-01 6.90004170e-01 6.81600690e-01
    4.66051430e-01 6.88036025e-01 1.43720746e-01 4.38254535e-01
    3.55120689e-01 4.38722670e-01 3.75435352e-02 5.93700469e-01
    6.53948069e-01 8.00315857e-01 8.49776268e-02 6.45516098e-01
    3.57656240e-01 9.94559407e-01 7.80696750e-01 8.84844720e-01
    9.94470716e-01 5.82517862e-01 8.52408886e-01 5.41741073e-01
    8.05510461e-01 3.30353260e-01 3.90149862e-01 4.27802235e-01
    8.57762456e-01 1.34615928e-01 1.07925087e-01 4.87552047e-01
    1.07618243e-01 8.68836045e-03 5.06334126e-01 4.82502908e-01
    7.52808332e-01 5.91524780e-01 7.55602419e-01 3.93053591e-02
    4.92167473e-03 1.86452270e-02 7.49769092e-01 8.88291836e-01
    2.45574623e-01 4.57288772e-01 6.91696525e-01 9.04666305e-01
    2.79452384e-01 5.82417130e-01 9.21301365e-01 3.63952279e-01
    3.51277709e-01 1.01049662e-01 9.87409353e-02 8.52118134e-01
    1.31118983e-01 8.20933700e-01 3.41285288e-01 3.85012984e-01
    9.21246767e-01 8.98249447e-02 1.73421234e-01 9.12476301e-01
    1.83043212e-01 8.84734690e-01 3.07201147e-01 3.41886669e-01
    7.02799678e-01 3.81965339e-02 7.28249609e-01 3.21463764e-01
    5.36183000e-01 2.26411402e-01 6.08896613e-02 6.49436295e-01
    5.84799588e-01 5.45856357e-02 2.46100247e-01 1.54559344e-01
    8.97103608e-01 3.30968201e-01 5.63827634e-01 6.30914211e-01
    3.81708264e-01 3.85369420e-01 2.42463440e-01 2.48652726e-01
    5.87450564e-01 2.04979599e-01 4.81180996e-01 3.79800171e-01
    8.48092437e-01 7.10678220e-01 6.53343856e-01 8.81643593e-01
    8.18300605e-01 1.68914169e-01 8.71672034e-02 9.22798276e-01
    4.42792714e-01 6.81478381e-01 8.43770504e-02 2.37343550e-01
    1.28833115e-01 7.54017174e-01 5.01592577e-01 9.89276052e-01
    1.56843603e-01 9.20677781e-01 2.07285851e-01 7.71058798e-02
    9.92778897e-01 5.93508482e-01 1.63787872e-01 2.39338368e-01
    3.18720549e-01 5.05097687e-01 3.76883477e-01 2.05809265e-01
    8.45267594e-01 3.15937996e-01 9.35391426e-01 9.07085776e-01
    5.36812901e-01 7.25843906e-01 6.95830584e-03 8.23933661e-01
    1.22272938e-01 2.43434310e-03 2.37695247e-01 8.29159498e-01
    8.99451375e-01 6.23938859e-01 6.00847483e-01 9.13062453e-01
    9.99004960e-01 6.88080072e-01 5.18805981e-01 1.10649228e-01
    3.05965066e-01 6.08708262e-01 4.52173680e-01 3.27784359e-01
    3.52160633e-02 7.61133611e-01 4.42665339e-01 2.10532129e-01
    7.82620609e-02 3.06934297e-01 2.45050132e-01 3.67517442e-01
    8.76940191e-02 6.93011880e-01 9.33583915e-01 9.26690459e-01
    7.82362282e-01 1.92362130e-01 1.32411420e-02 3.68359387e-01
    1.35644913e-01 2.21573681e-01 2.77658105e-01 1.15632236e-01
    3.06875646e-01 3.16782594e-02 9.09168243e-01 7.86270320e-01
    6.70861304e-01 7.20954061e-01 3.33380580e-01 4.05312181e-01
    7.04851985e-01 6.37235403e-01 6.40129089e-01 2.38556206e-01
    9.47194040e-01 5.42069554e-01 9.36257601e-01 6.56184137e-01
    6.24200106e-02 8.98405790e-01 7.29216099e-01 4.34879005e-01
    8.01371992e-01 3.37019861e-01 1.65248811e-02 2.28321671e-01
    5.33721328e-01 8.65283608e-01 6.31372869e-01 8.69779587e-01
    6.30566239e-01 4.29140836e-01 7.11712241e-01 9.98188913e-01
    9.25576150e-01 5.11973500e-02 2.24650592e-01 9.16174650e-02
    7.22735226e-01 3.17614377e-01 5.53493440e-01 3.25176716e-01
    3.32695603e-01 3.66223514e-01 8.26962233e-01 2.19091594e-01
    5.44765115e-01 3.67428869e-01 6.18381977e-01 7.60155618e-01
    3.36837173e-01 4.62347299e-01 6.70545578e-01 4.48990434e-01
    7.36360550e-01 8.89786839e-01 7.20898986e-01 6.55225515e-02
    6.29973888e-01 7.41776943e-01 8.19454610e-01 6.14212036e-01
    5.09458482e-01 6.62744641e-01 8.98555219e-02 3.29398513e-02
    5.65999448e-01 3.84628713e-01 2.84848809e-01 4.85610157e-01
    7.96582580e-01 7.02289343e-02 4.99977648e-01 4.13745880e-01
    8.47547770e-01 5.54042101e-01 3.45603734e-01 8.09852481e-01
    6.29101694e-01 9.57268715e-01 4.38371152e-01 7.95127988e-01
    7.71647155e-01 9.37651873e-01 9.44358468e-01 9.72844124e-01
    8.02818656e-01 1.47720367e-01 1.28692538e-01 6.60512567e-01
    1.33295238e-01 1.84983760e-01 2.51951009e-01 2.41713703e-01
    2.56814212e-01 6.63802743e-01 9.02926564e-01 7.36027479e-01
    6.85146272e-01 5.39030433e-01 8.29077780e-01 5.11937499e-01
    4.32542682e-01 6.11155093e-01 5.55481374e-01 7.31327534e-01
    1.11250192e-01 8.96270394e-01 8.69738102e-01 3.98964554e-01
    1.72845423e-02 9.53786492e-01 5.74583173e-01 7.23363280e-01
    1.91155851e-01 4.42198843e-01 7.78882861e-01 6.62846923e-01
    2.72193551e-01 2.87284255e-02 7.85965443e-01 6.52795970e-01
    9.69801962e-01 8.29856336e-01 5.40744007e-01 8.80053163e-01
    2.58806914e-01 3.33171487e-01 8.57258737e-02 7.73338199e-01
    5.95985591e-01 7.43157864e-01 1.72545671e-01 7.18271017e-01
    6.44065320e-01 2.33273327e-01 3.19834054e-01 1.02444589e-01
    4.03879076e-01 7.97896981e-01 5.96306682e-01 7.37392426e-01
    9.94443059e-01 6.40410185e-03 4.83751297e-03 4.29093659e-01
    9.59866345e-02 8.64223897e-01 4.91774678e-01 8.01840067e-01
    2.61290073e-01 1.51113540e-01 5.61236799e-01 4.46712673e-01
    2.89455831e-01 7.01400638e-02 4.64474350e-01 2.61050522e-01
    8.80634069e-01 5.54029942e-02 9.08258557e-01 4.71945822e-01
    6.92079127e-01 6.00656569e-01 1.11076564e-01 2.23744929e-01
    5.80910742e-01 3.88565540e-01 6.00645363e-01 3.27586114e-01
    1.62552923e-01 8.25227857e-01 8.19274843e-01 4.02414680e-01
    2.09072739e-01 4.94202852e-01 5.51882267e-01 1.83081478e-01
    6.79813266e-01 5.89449704e-01 2.64033556e-01 5.55791378e-01
    3.67328823e-02 3.68529081e-01 7.53314078e-01 4.11143780e-01
    4.98059988e-01 8.52588415e-01 7.28520095e-01 5.92451692e-01
    8.74680281e-02 5.71815014e-01 4.88302648e-01 5.84897935e-01
    6.88120246e-01 7.02162027e-01 9.50259089e-01 7.93122888e-01
    3.20828795e-01 3.17629069e-01 3.82082224e-01 1.62120610e-01
    5.14061511e-01 9.19546068e-01 1.85341805e-01 6.49301052e-01
    9.16758418e-01 4.41881210e-01 9.34414029e-01 4.99170423e-02
    5.57416499e-01 3.86830032e-01 4.90025371e-01 9.60798979e-01
    6.21086955e-02 5.30434370e-01 4.10489440e-02 9.41693425e-01
    4.92973626e-01 1.19082987e-01 9.63237762e-01 1.59433454e-01
    8.96132886e-02 3.09906274e-01 5.76605499e-02 1.22365803e-01
    1.79985195e-01 3.80364925e-01 6.08053803e-03 5.90627968e-01
    5.65831065e-01 9.87157166e-01 3.49117845e-01 7.91317046e-01
    5.07145166e-01 2.19841421e-01 6.79812551e-01 5.33373535e-01
    4.07661200e-01 4.97033298e-01 2.46009797e-01 2.67031372e-01
    5.12521505e-01 7.68893242e-01 7.25437105e-01 6.94849193e-01
    7.65788078e-01 1.90069318e-01 9.52976346e-01 5.98263383e-01
    5.07202804e-01 8.61648202e-01 5.96051931e-01 4.73018706e-01
    1.56251073e-01 4.63610202e-01 8.38963926e-01 3.59252632e-01
    8.76138389e-01 6.97472334e-01 1.51890129e-01 8.17334831e-01
    7.03028798e-01 6.91087842e-01 3.58120024e-01 8.36025238e-01
    2.25916713e-01 5.06316900e-01 9.26009536e-01 9.09585357e-02
    2.82703757e-01 4.54544246e-01 8.88093412e-02 8.39063287e-01
    1.16673887e-01 7.22455621e-01 3.09536934e-01 4.19452071e-01
    3.01331758e-01 1.59092963e-01 5.50808370e-01 1.87410384e-01
    1.49535298e-01 2.82833457e-01 8.17232370e-01 8.90902936e-01
    6.28275752e-01 5.18938839e-01 1.17543012e-01 1.36384696e-01
    6.73816204e-01 4.37094569e-02 1.76002920e-01 6.28593922e-01
    1.14366978e-01 4.61350918e-01 7.30456829e-01 7.94645011e-01
    1.73461139e-02 8.40869546e-01 5.91404080e-01 2.56572366e-01
    8.60560775e-01 2.25698352e-01 4.60934371e-01 8.13836455e-01
    5.68701148e-01 1.16192400e-01 2.15180069e-01 5.39356053e-01
    1.88016266e-01 2.85840988e-01 3.53181034e-01 6.99832916e-01
    6.77335858e-02 5.46048403e-01 9.76816118e-02 7.86948979e-01
    4.49207723e-01 7.05122650e-01 6.28658295e-01 3.73269856e-01
    5.37749946e-01 4.72087890e-01 1.05551094e-01 4.11516815e-01
    8.36381912e-02 4.82032031e-01 4.74991828e-01 1.52156740e-01
    9.25957918e-01 7.15966761e-01 3.39140892e-02 1.86141700e-01
    3.16691458e-01 3.32504213e-01 3.87961566e-01 9.25732851e-01
    8.99433613e-01 9.03028488e-01 2.74159610e-01 8.14941287e-01
    9.90563929e-01 7.00798154e-01 8.83158028e-01 1.30425781e-01
    8.42551470e-01 2.55268872e-01 7.78191447e-01 1.44174725e-01
    3.77286196e-01 8.88950467e-01 6.19758844e-01 8.17467809e-01
    8.68240118e-01 3.31506282e-01 7.91005850e-01 6.28082216e-01
    7.49566317e-01 3.97052258e-01 5.11880517e-02 6.90745234e-01
    5.82186043e-01 6.56509697e-01 4.42227304e-01 8.24909389e-01
    5.63108265e-01 9.15639162e-01 1.39078885e-01 5.91233313e-01
    4.31403816e-01 5.79497814e-01 7.17865407e-01 7.86074579e-01
    5.04060209e-01 4.76586521e-02 2.98414320e-01 2.18381912e-01
    4.08218175e-01 1.77781343e-01 9.82751429e-01 1.56222165e-01
    6.27235889e-01 2.08058625e-01 9.91604328e-01 2.06388474e-01
    4.51783270e-01 7.32111096e-01 2.96119213e-01 4.25586879e-01
    8.46430302e-01 5.01240790e-01 9.25024331e-01 6.04579329e-01
    2.66101390e-01 2.10071653e-01 6.39199078e-01 3.22242081e-01
    3.72649431e-01 3.75429839e-01 7.60670066e-01 6.33947134e-01
    9.80321467e-02 3.49884629e-02 1.49623990e-01 4.19802994e-01
    4.16308939e-02 6.59277976e-01 5.92909634e-01 9.13032413e-01
    2.58970141e-01 7.96081066e-01 8.91268432e-01 4.25486863e-02
    8.87813449e-01 7.37222075e-01 7.74210691e-01 6.97526693e-01
    1.41991168e-01 6.60532713e-01 2.33017325e-01 1.44350439e-01
    3.33819777e-01 3.24698567e-01 2.24976391e-01 7.34630704e-01
    7.11511374e-01 6.83994949e-01 8.05582106e-02 4.08591628e-02
    3.12925279e-01 4.17905539e-01 1.85088634e-01 9.76233125e-01
    9.94695783e-01 7.78904915e-01 3.26589882e-01 5.30227840e-01
    1.61277235e-01 2.00867087e-01 6.76390171e-01 4.98069018e-01
    1.36094421e-01 2.96146274e-01 4.74256903e-01 8.51253390e-01
    7.57889509e-01 6.87083423e-01 5.20701110e-02 4.27965969e-01
    2.25502253e-03 9.47701037e-01 1.99839771e-01 2.97178626e-01
    4.76041436e-01 1.11987263e-01 5.33062279e-01 4.82659936e-02
    9.33947325e-01 2.51775980e-01 5.71849823e-01 7.96696663e-01
    4.64106381e-01 2.86165833e-01 7.41037726e-03 2.38308489e-01
    7.72588968e-01 1.36875510e-01 3.02967757e-01 1.11895114e-01
    5.98234892e-01 7.26755202e-01 5.80388069e-01 7.15236366e-01
    5.19942164e-01 9.24286127e-01 8.21893215e-01 8.61290097e-02
    4.39591914e-01 5.71639955e-01 4.93514270e-01 8.10491800e-01
    1.31161749e-01 1.03352666e-01 6.64276540e-01 4.51180845e-01
    9.96133566e-01 8.41325641e-01 9.67482805e-01 1.66367024e-01
    5.95347464e-01 4.15595204e-01 4.67491716e-01 7.12957978e-02
    6.99416220e-01 4.53619808e-01 5.65840006e-01 1.13502800e-01
    9.52801704e-01 1.31645232e-01 8.27123523e-02 9.21101809e-01
    2.59343266e-01 2.34285504e-01 5.87926328e-01 4.51420546e-01
    3.31020474e-01 6.44589961e-01 8.83653522e-01 2.65925139e-01
    3.12809765e-01 9.27141905e-01 4.20605093e-01 9.07149315e-01
    7.10628927e-01 2.73080349e-01 4.57225323e-01 1.13267869e-01
    8.21653664e-01 8.24598074e-02 1.84477448e-01 5.29261470e-01
    7.25950956e-01 5.80362678e-01 4.51395273e-01 4.60311413e-01
    7.03534424e-01 1.39861882e-01 2.30554253e-01 1.89869612e-01
    6.82765603e-01 1.13291144e-01 3.96324694e-01 3.45653892e-01
    4.39781487e-01 9.67507005e-01 1.77112222e-03 7.73842335e-01
    5.78351557e-01 3.61500978e-01 5.92248023e-01 9.66886163e-01
    3.06936860e-01 1.47454083e-01 9.57165778e-01 5.41900694e-01
    3.25637281e-01 9.88986611e-01 9.44269180e-01 4.38153028e-01
    9.76312041e-01 7.35961199e-01 4.47198480e-01 2.90620625e-01
    9.51228023e-01 1.55542642e-01 6.85401917e-01 5.87759316e-01
    4.35542732e-01 7.77115583e-01 6.55005991e-01 5.36356509e-01
    6.01122499e-01 2.44492173e-01 9.73454654e-01 2.22686976e-01
    4.63313997e-01 1.88246250e-01 9.00027275e-01 4.50462222e-01
    9.43852067e-01 2.56373286e-02 2.19112068e-01 3.06563675e-02
    4.26941425e-01 3.54636073e-01 3.26445699e-02 6.79638386e-02
    5.47794819e-01 6.79147661e-01 1.18154615e-01 3.90926659e-01
    1.46234035e-02 7.97296166e-01 7.23505557e-01 6.81773186e-01
    6.44019127e-01 9.99868393e-01 1.71490490e-01 6.17159486e-01
    6.75483823e-01 3.99351627e-01 3.81886810e-01 3.47355664e-01
    6.73370779e-01 2.93394923e-01 3.32139730e-02 4.30369675e-02
    1.63748741e-01 2.45060444e-01 8.81962538e-01 4.12445843e-01
    7.36998677e-01 9.84326124e-01 4.77601677e-01 9.97075438e-01
    4.02829617e-01 7.81300902e-01 9.45458412e-01 9.11293864e-01
    4.01295453e-01 1.85199082e-02 2.10919648e-01 8.64324749e-01
    9.79236960e-02 9.85419452e-01 8.87753606e-01 8.43506694e-01
    3.78727704e-01 2.85552084e-01 4.25125510e-01 5.24491251e-01
    5.82768738e-01 7.47660995e-01 7.20265329e-01 4.87223655e-01
    7.02883005e-01 2.71645069e-01 6.06653452e-01 4.56342310e-01
    4.93701994e-02 7.66630173e-02 4.08627540e-01 1.45529807e-02
    2.68525600e-01 1.94810480e-01 6.23750985e-01 8.92654300e-01
    1.24209255e-01 7.04774797e-01 6.26033366e-01 5.84355831e-01
    6.64923787e-02 3.69486272e-01 2.54692078e-01 8.81465316e-01
    9.01825905e-01 3.37343574e-01 9.87703204e-02 8.18729639e-01
    7.04584718e-01 8.04408789e-01 9.91955996e-02 6.61207139e-01
    9.31222618e-01 4.72677916e-01 8.62446904e-01 1.00383013e-01
    3.78485411e-01 7.96919167e-02 5.99113345e-01 6.24973416e-01
    1.08797759e-01 4.81148273e-01 5.33769131e-01 4.50713575e-01
    4.36590016e-02 4.52233195e-01 3.78134251e-01 4.75867838e-01
    1.93109185e-01 4.98166353e-01 6.43632591e-01 1.08290941e-01
    4.48661536e-01 5.90110719e-02 8.84586632e-01 4.53407168e-02
    1.97165996e-01 8.41761112e-01 9.27390575e-01 8.74213338e-01
    2.28346437e-01 6.38308525e-01 2.65836835e-01 3.99551034e-01
    1.35079831e-01 1.95664704e-01 2.58234084e-01 6.09074652e-01
    3.44102383e-01 7.33085394e-01 8.43968391e-01 2.40615904e-02
    2.21381128e-01 4.65310901e-01 8.15289021e-01 2.51060784e-01
    8.11528504e-01 8.21002007e-01 6.93812251e-01 2.75530517e-01
    7.13727474e-02 2.91742831e-01 9.74271774e-01 7.76504099e-01
    2.38331795e-01 2.71368563e-01 9.40691233e-01 9.68270838e-01
    6.94563746e-01 8.89977932e-01 1.74121380e-01 2.93873549e-02
    1.14510238e-01 8.90067518e-02 3.35379839e-01 9.00382757e-01
    3.46119463e-01 7.58986473e-01 1.20379299e-01 2.86748737e-01
    8.84596586e-01 8.54466558e-01 3.51821601e-01 5.15780687e-01
    7.40587354e-01 4.89990324e-01 7.12123454e-01 6.48586452e-01
    4.70360488e-01 1.61527216e-01 7.48786926e-01 3.56943637e-01
    6.72501028e-01 3.90467346e-02 7.49421120e-01 5.67972839e-01
    5.70649624e-01 2.67150491e-01 3.93977851e-01 5.93286753e-02
    9.52358842e-01 7.34935284e-01 5.24826229e-01 1.52564764e-01
    9.54079032e-01 2.87390530e-01 4.17464882e-01 4.21070755e-02
    7.41466880e-01 1.79408908e-01 4.07114536e-01 9.10394192e-01
    2.50671417e-01 3.61743033e-01 8.59491944e-01 3.35996509e-01
    5.50880075e-01 7.09584475e-01 1.47781342e-01 1.86748147e-01
    5.62707543e-01 5.59770823e-01 1.85399950e-01 3.54540586e-01
    3.18962097e-01 7.94342160e-01 1.72750324e-01 8.87938142e-01
    5.54916918e-01 1.83370590e-01 7.81492829e-01 3.85365486e-01
    4.72869575e-02 3.01109582e-01 3.64158511e-01 4.62382168e-01
    8.48772645e-01 1.88759446e-01 2.11133927e-01 5.62270820e-01
    7.10934818e-01 2.86609888e-01 9.64995503e-01 8.89511406e-01
    4.89519954e-01 1.54492319e-01 6.42137527e-01 2.17450082e-01
    2.93150812e-01 1.31952405e-01 5.12715578e-02 9.04271841e-01
    2.46342778e-01 2.71810204e-01 3.35194081e-01 2.33073175e-01
    1.67160153e-01 8.21024597e-01 2.14067310e-01 8.35808992e-01
    2.26979643e-01 9.24337626e-01 1.67000920e-01 1.06204748e-01
    2.06204355e-02 3.48086417e-01 5.97204030e-01 4.79161501e-01
    7.76083887e-01 1.12920612e-01 1.29413724e-01 6.13235235e-01
    3.22341919e-02 8.29081535e-01 9.82326984e-01 2.89339364e-01
    3.77089918e-01 2.72889256e-01 9.82822776e-02 7.59772658e-01
    6.11193419e-01 8.35858047e-01 7.89317906e-01 4.60662186e-01
    2.47015297e-01 8.39009166e-01 8.12847972e-01 5.91331005e-01
    6.71053410e-01 2.01334000e-01 9.04694676e-01 4.82206553e-01
    3.20426613e-01 7.86143720e-01 1.26434714e-01 5.77521741e-01
    7.28773654e-01 8.18269849e-01 1.39386803e-01 1.38875246e-01
    7.14424372e-01 7.83641875e-01 8.71429920e-01 1.86639488e-01
    8.79253030e-01 8.23429704e-01 9.19733822e-01 7.43144929e-01
    6.68703020e-01 2.96318322e-01 6.41238034e-01 2.95530558e-01
    2.35753506e-01 6.75085545e-01 2.88845956e-01 7.39689052e-01
    1.94862813e-01 9.03769195e-01 3.96810770e-01 3.93262178e-01
    3.73930514e-01 8.85394096e-01 2.00958252e-01 1.50272250e-01
    9.55650032e-01 3.14405322e-01 7.32651472e-01 1.88447863e-01
    6.54055834e-01 2.29196042e-01 8.18291903e-01 2.72114426e-01
    5.13488531e-01 2.51239836e-01 7.45473504e-01 7.77703404e-01
    1.04933470e-01 5.41361213e-01 2.44299650e-01 5.14855921e-01
    9.23472404e-01 4.56068665e-01 6.02195323e-01 8.43058825e-02
    1.56738311e-01 7.68067598e-01 2.19986886e-01 4.55015838e-01
    9.25066590e-01 6.24479175e-01 9.86347675e-01 4.67625767e-01
    3.37587029e-01 2.02032924e-02 8.89467239e-01 8.83407891e-01
    5.17665386e-01 7.39756703e-01 3.83817017e-01 6.28812671e-01
    3.32280785e-01 5.12464583e-01 7.37492383e-01 1.45332575e-01
    5.52151084e-01 3.35868627e-01 9.23539639e-01 4.25482512e-01
    4.45648700e-01 3.74876767e-01 1.52228057e-01 5.86016774e-02
    1.94965035e-01 9.46389556e-01 2.44462937e-01 1.00960374e-01
    2.64618218e-01 9.89954054e-01 5.82946062e-01 7.96859026e-01
    1.00872785e-01 3.38464767e-01 2.88964629e-01 1.81434542e-01
    1.23914808e-01 1.47384346e-01 7.17814326e-01 9.60282445e-01
    4.48850095e-01 3.94824117e-01 9.71762180e-01 2.31108099e-01
    3.18631947e-01 9.17526960e-01 5.31019032e-01 7.77754188e-01
    4.02162552e-01 5.59543729e-01 2.27497369e-01 1.10244393e-01
    7.79005587e-02 2.13018656e-01 7.25802600e-01 3.78612131e-01
    3.99161547e-01 1.77604556e-01 1.52344644e-01 9.71305490e-01
    1.51552260e-01 6.26308918e-01 9.06673908e-01 8.04252863e-01
    6.20471299e-01 4.49011862e-01 8.24922681e-01 2.65215337e-02
    1.37085676e-01 8.76198530e-01 1.32411659e-01 5.65009058e-01
    3.34864736e-01 6.80984020e-01 3.79610062e-02 2.05890238e-01
    9.08634067e-03 5.89447618e-01 1.56084716e-01 7.23032296e-01
    6.22974038e-01 7.80626476e-01 3.88280779e-01 1.04517460e-01
    9.13353801e-01 9.93144393e-01 1.15768284e-01 9.14764464e-01
    8.87088418e-01 8.13075185e-01 1.13073379e-01 3.22571158e-01
    4.04281944e-01 3.91627043e-01 1.96196526e-01 5.19392788e-01
    9.70106840e-01 3.80923837e-01 3.82346034e-01 1.24414533e-01
    1.72067463e-01 4.61154610e-01 2.49053240e-02 2.76500463e-01
    3.02656770e-01 5.49409807e-01 6.72443271e-01 4.76165563e-01
    2.63976038e-01 2.91826725e-01 2.10122645e-01 5.81042290e-01
    3.83938551e-01 2.79529393e-01 4.35313165e-01 7.97409773e-01
    9.46725607e-01 1.27623260e-01 2.23203242e-01 5.75671256e-01
    3.15438747e-01 2.79852927e-01 7.01754808e-01 2.22057790e-01
    5.71922064e-02 3.00127059e-01 5.81624269e-01 8.41173351e-01
    9.67791557e-01 2.76087224e-01 5.13197303e-01 7.00157821e-01
    8.24054956e-01 2.47295320e-01 2.57831752e-01 4.75030601e-01
    9.72161412e-01 5.22683263e-01 4.53238070e-01 6.69686615e-01
    3.56403649e-01 7.80663013e-01 1.19599730e-01 2.47145534e-01
    4.65228379e-01 6.99422479e-01 9.23657179e-01 8.93099904e-02
    3.23760748e-01 6.87476575e-01 1.96838349e-01 6.22214675e-01
    6.92249894e-01 6.75686181e-01 3.33958358e-01 8.24986100e-01
    6.44760430e-02 1.03219748e-01 7.14416504e-01 5.23459435e-01
    1.82724923e-01 4.79343623e-01 5.66401303e-01 3.20942163e-01
    1.92497253e-01 2.20030934e-01 9.67125893e-01 6.32136524e-01
    5.56577265e-01 2.50203431e-01 2.50409007e-01 3.50253284e-02
    9.26250577e-01 7.96340346e-01 9.24775958e-01 2.72930205e-01
    5.54969132e-01 7.01584578e-01 6.91785097e-01 7.17814684e-01
    9.29547250e-02 7.37195253e-01 3.99490982e-01 4.63271499e-01
    6.37661994e-01 3.92140329e-01 3.87401283e-02 8.86449456e-01
    6.64617836e-01 2.62145102e-02 3.26192260e-01 6.35928869e-01
    3.75062495e-01 2.52345204e-02 4.74316895e-01 1.05104119e-01
    9.58483458e-01 6.04644597e-01 2.15341300e-01 1.48511380e-01
    7.65438259e-01 7.06320763e-01 2.54049063e-01 4.57244813e-02
    3.25598419e-02 4.32550550e-01 7.10354388e-01 1.19367540e-02
    4.26591933e-02 6.57705069e-02 6.14588201e-01 2.93076158e-01
    1.47578120e-01 9.66061354e-01 7.90756166e-01 8.34443569e-02
    7.30620980e-01 5.97141981e-02 6.35646820e-01 6.63937271e-01
    1.73925668e-01 9.50699329e-01 1.86018407e-01 6.41832948e-01
    3.50037903e-01 7.28302419e-01 1.21657252e-01 9.18364823e-02
    5.38825154e-01 1.70456499e-01 8.73210192e-01 7.58331537e-01
    9.13850307e-01 5.06966650e-01 5.83432734e-01 3.85104448e-01
    2.56627977e-01 2.53986299e-01 3.36530030e-01 4.25841272e-01
    6.63612962e-01 2.71334976e-01 7.67129719e-01 1.75454468e-01
    3.55736494e-01 3.76490086e-01 5.34415901e-01 8.38167429e-01
    5.32673001e-01 2.48741597e-01 1.68339670e-01 7.82410145e-01
    1.33017987e-01 3.27095360e-01 1.12827659e-01 2.82199770e-01
    4.89234030e-01 9.55295205e-01 3.20299387e-01 9.54991579e-02
    6.61610663e-01 2.76495934e-01 1.63336873e-01 8.24629188e-01
    3.92565876e-01 4.47939754e-01 3.56683731e-01 2.14116871e-01
    5.71886897e-01 6.19720817e-01 3.87959123e-01 2.01618671e-02
    3.99956167e-01 7.14382172e-01 3.09209168e-01 2.55873263e-01
    7.63377666e-01 5.51643491e-01 5.99176049e-01 5.03159583e-01
    2.80832589e-01 2.87163258e-03 4.00197238e-01 2.27417380e-01
    6.99473739e-01 5.72753072e-01 7.67601371e-01 1.33910328e-01
    5.39338589e-02 6.29782677e-03 1.28630191e-01 8.01123142e-01
    7.76507378e-01 6.57749116e-01 2.99383342e-01 5.80177486e-01
    6.64542854e-01 7.87927985e-01 4.52223182e-01 2.59300172e-01
    7.92833745e-01 7.95655310e-01 4.06637460e-01 7.38395333e-01
    8.27978015e-01 6.28555536e-01 4.12802696e-01 7.81066835e-01
    6.70992970e-01 9.49159205e-01 4.66194749e-01 3.74866664e-01
    4.48043823e-01 9.30336595e-01 8.00512373e-01 1.91762298e-01
    1.38469070e-01 7.94282556e-01 4.25711066e-01 2.75688350e-01
    1.30954087e-02 5.11933208e-01 1.18544400e-01 8.94358397e-01
    8.70928288e-01 7.83718705e-01 8.83835673e-01 1.12567902e-01
    3.96244377e-01 3.05587828e-01 7.60869801e-01 4.13596421e-01
    7.46562004e-01 3.97546679e-01 5.26002645e-02 9.53425646e-01
    2.71914452e-01 4.45343792e-01 3.30877453e-01 4.50683177e-01
    5.06477416e-01 8.22344303e-01 8.86463940e-01 7.43913054e-01
    6.41435087e-01 6.99945092e-02 9.72770572e-01 2.63665438e-01
    3.85454655e-01 2.63662487e-01 7.10224569e-01 4.73030597e-01
    2.39530057e-01 2.80231059e-01 4.10417020e-02 1.91104501e-01
    6.50558293e-01 9.29782152e-01 3.22592676e-01 9.73324120e-01
    7.51649141e-02 6.98554039e-01 2.77498782e-01 4.87163633e-01
    2.48364508e-02 8.60404849e-01 5.84159791e-02 5.90891063e-01
    9.08963680e-01 4.56120670e-01 7.83686638e-02 9.01375175e-01
    8.99939001e-01 8.65671158e-01 1.84532106e-01 2.81275511e-01
    8.90662491e-01 1.80602998e-01 8.54365468e-01 3.32844257e-02
    1.38274431e-02 2.39466727e-02 2.77602434e-01 2.04038352e-01
    8.83962572e-01 2.14218855e-01 9.17659998e-01 5.63234389e-01
    1.79951787e-01 9.34450865e-01 8.42064500e-01 3.91353667e-02
    8.89119148e-01 5.89943290e-01 3.07684988e-01 3.82343709e-01
    2.12431818e-01 1.65766418e-01 3.26629639e-01 2.42254555e-01
    4.60755706e-01 1.78427666e-01 3.31824869e-01 6.91758275e-01
    2.39177704e-01 5.91877341e-01 5.35401583e-01 7.48251855e-01
    1.80358678e-01 9.67211366e-01 2.04277426e-01 7.57440925e-01
    4.64928836e-01 7.63991058e-01 9.50594723e-01 5.12323797e-01
    1.89988375e-01 6.06951118e-03 9.63159144e-01 5.31789660e-03
    5.04473388e-01 4.74855691e-01 7.36359835e-01 7.00011253e-01
    6.31418347e-01 7.51228988e-01 9.79428411e-01 1.57396227e-01
    2.76408583e-01 1.73374891e-01 4.00187373e-01 3.84520441e-01
    4.70100254e-01 5.58679819e-01 2.24734545e-02 6.03928149e-01
    6.57002628e-02 7.79699028e-01 5.37232757e-01 7.90926337e-01
    8.52993250e-01 3.22824389e-01 7.08259046e-02 4.43580091e-01
    6.55675769e-01 2.79384494e-01 3.18910301e-01 5.81025720e-01
    1.79768801e-02 9.13941503e-01 8.02078545e-02 9.02416706e-01
    8.55064869e-01 3.06934565e-01 7.16871738e-01 7.57936478e-01
    6.73491478e-01 1.23885006e-01 9.59381461e-02 5.05679190e-01
    9.12689447e-01 6.09491229e-01 8.53908896e-01 6.73344910e-01
    3.23385179e-01 8.22388351e-01 8.99630129e-01 6.39575958e-01
    3.56860995e-01 4.74959075e-01 7.89482713e-01 4.38934863e-01
    8.40915203e-01 2.43674368e-01 6.40555263e-01 3.56223822e-01
    1.25246376e-01 4.48431104e-01 5.02210915e-01 9.84805167e-01
    9.76488411e-01 5.38816869e-01 8.50151658e-01 3.31894338e-01
    1.99941546e-01 6.38917446e-01 4.08568621e-01 8.32554460e-01
    2.10714191e-01 6.74865067e-01 8.87934744e-01 4.61351871e-02
    4.36158299e-01 4.23799872e-01 5.08123159e-01 9.29132044e-01
    2.21322864e-01 5.19094944e-01 3.18780005e-01 6.12257898e-01
    8.11273158e-01 2.51224875e-01 3.73257697e-01 3.90459388e-01
    3.13615143e-01 3.25485528e-01 3.35755378e-01 9.81757283e-01
    6.85207129e-01 9.43379283e-01 7.38545775e-01 8.47154975e-01
    1.55618221e-01 7.88504362e-01 8.14208269e-01 5.09367168e-01
    5.87777615e-01 2.44605839e-01 6.29044712e-01 8.17251503e-01
    8.03347230e-01 7.83955336e-01 7.19168484e-01 2.16294885e-01
    6.26848221e-01 6.66590273e-01 3.20753455e-03 3.34424496e-01
    6.59693897e-01 6.01721466e-01 6.99816942e-01 3.42289418e-01
    8.47454369e-01 7.00414896e-01 6.47121072e-01 6.67622149e-01
    5.60040712e-01 5.29265642e-01 7.25316644e-01 7.80964196e-01
    7.20758259e-01 6.64159060e-01 7.49959707e-01 6.86714530e-01
    9.24079776e-01 1.10336632e-01 7.41554201e-02 9.67080116e-01
    4.18241620e-01 6.97105348e-01 9.62488532e-01 3.56477618e-01
    4.02009487e-02 7.64040232e-01 5.73234856e-01 3.11334729e-01
    7.15432823e-01 9.08759654e-01 9.35579062e-01 7.00794101e-01
    9.00516510e-01 5.33984601e-01 9.76278543e-01 3.72071743e-01
    4.98212427e-01 8.52421045e-01 2.10992783e-01 8.85867178e-02
    2.22297698e-01 1.06801391e-02 4.37015235e-01 5.09512782e-01
    8.78009140e-01 5.96609294e-01 1.78036958e-01 9.88384366e-01
    9.08376396e-01 2.83364832e-01 7.05765486e-01 9.76242542e-01
    7.44324386e-01 3.29903096e-01 4.14773047e-01 6.89956069e-01
    1.91434592e-01 8.49902868e-01 5.85422695e-01 3.18289310e-01
    2.68025309e-01 1.56499743e-01 1.81227207e-01 5.80455363e-01
    5.21591425e-01 2.92206347e-01 2.45990127e-01 1.16506010e-01
    6.75771117e-01 5.22545874e-01 8.60335469e-01 3.24197978e-01
    5.59017956e-01 9.36971068e-01 8.64118576e-01 3.42501402e-02
    1.75192356e-01 3.78920615e-01 8.27916741e-01 8.94143343e-01
    1.35528326e-01 1.13961458e-01 4.62059408e-01 9.14773226e-01
    5.29974580e-01 5.08069217e-01 1.01678878e-01 7.60166764e-01
    5.59865594e-01 1.26002133e-01 7.91016579e-01 7.25150049e-01
    2.21170574e-01 7.52502799e-01 6.01577938e-01 9.81015921e-01
    8.41405690e-01 2.76984334e-01 6.68357491e-01 4.50006217e-01
    6.91285074e-01 6.50907874e-01 5.89663088e-01 2.68106103e-01
    5.91274023e-01 6.10149980e-01 4.98943239e-01 2.10042059e-01
    5.67066252e-01 8.25322986e-01 1.81759596e-01 8.37250352e-01
    3.00427854e-01 7.84337759e-01 3.82420629e-01 3.60940874e-01
    9.59875643e-01 8.32157016e-01 7.41019726e-01 3.51176500e-01
    8.82051945e-01 2.59915352e-01 8.62300873e-01 6.87858999e-01
    5.34229636e-01 2.21170515e-01 5.30402899e-01 4.59203959e-01
    1.89029783e-01 7.56841540e-01 5.06991744e-01 7.59710908e-01
    9.35676813e-01 8.72001410e-01 4.20500338e-02 4.98167008e-01
    9.83357430e-02 4.74895030e-01 1.54807329e-01 4.00562733e-01
    3.25678825e-01 9.17114854e-01 5.64830184e-01 2.45948851e-01
    3.39729697e-01 4.16737497e-02 5.18083990e-01 1.25067264e-01
    4.92568612e-01 4.86712277e-01 9.41959143e-01 2.60216355e-01
    8.69895458e-01 6.75936997e-01 8.21598291e-01 9.36854720e-01
    2.54105687e-01 3.12966198e-01 6.95016384e-01 8.64783943e-01
    9.64605927e-01 2.88485944e-01 8.80790532e-01 9.82474685e-01
    6.04431987e-01 9.15895402e-02 8.76109600e-01 5.09601951e-01
    2.67261803e-01 5.84303617e-01 8.71767402e-02 8.19268465e-01
    9.94627476e-02 5.60870588e-01 3.23693454e-01 7.50164151e-01
    5.52748203e-01 1.25439495e-01 6.07885063e-01 8.50528717e-01
    5.06960273e-01 1.75704330e-01 1.85262859e-01 5.52583754e-01
    3.42691481e-01 5.29634953e-01 7.96050906e-01 8.09065223e-01
    1.24809772e-01 9.38919663e-01 1.20340943e-01 2.18285739e-01
    1.47547901e-01 6.31030917e-01 3.02698016e-01 9.03397799e-01
    3.82297635e-02 2.66037464e-01 1.05214357e-01 7.00560570e-01
    1.61404729e-01 3.55790019e-01 9.81999278e-01 9.19564247e-01
    9.73903239e-02 6.77721500e-01 9.33868468e-01 3.11750174e-01
    3.87234956e-01 8.39325190e-01 7.75959969e-01 5.69653869e-01
    9.88945365e-03 3.20919991e-01 7.87388682e-01 2.18574047e-01
    1.27841860e-01 5.47082126e-01 6.60699010e-02 3.98186088e-01
    2.78960764e-02 4.10289317e-01 4.07034695e-01 5.88561893e-01
    7.98406363e-01 8.97618175e-01 3.45958173e-01 4.35774833e-01
    1.41669869e-01 7.23087966e-01 7.19952285e-01 3.44272554e-01
    7.81063080e-01 2.75966883e-01 6.90241873e-01 5.14351428e-02
    9.67201531e-01 8.90660048e-01 9.38887298e-01 2.90367901e-01
    9.74643350e-01 2.26070017e-01 6.92022026e-01 2.16566712e-01
    8.34590495e-01 8.08480620e-01 7.09900558e-01 5.68515599e-01
    6.97303414e-02 4.56283659e-01 7.21889734e-03 8.50521863e-01
    9.06158209e-01 8.62636507e-01 4.26014453e-01 6.51250124e-01
    7.41688013e-01 1.67207688e-01 2.02488929e-01 6.50544643e-01
    2.06998318e-01 1.27201796e-01 8.71522307e-01 7.05844104e-01
    8.66997719e-01 3.28380525e-01 3.78697217e-01 7.43076682e-01
    1.51171744e-01 5.42137861e-01 1.92177445e-01 1.53012455e-01
    9.38162804e-01 3.59318018e-01 5.35083354e-01 2.90614754e-01
    4.10386324e-02 4.17899549e-01 2.19500929e-01 5.74527323e-01
    9.09937441e-01 1.41296864e-01 6.11115575e-01 4.43405628e-01
    4.40535843e-01 1.14143878e-01 9.46505666e-01 2.57633150e-01
    6.20515704e-01 9.27731872e-01 6.34079099e-01 1.50595069e-01
    9.18959022e-01 4.71000671e-02 5.12402892e-01 2.19422698e-01
    8.67015362e-01 6.92849636e-01 3.75476599e-01 7.08942473e-01
    4.78840917e-01 5.65755010e-01 6.28651500e-01 6.47095144e-01
    9.18818712e-01 5.50685823e-01 2.86802053e-02 3.18311810e-01
    8.94853652e-01 6.26289546e-01 4.60683495e-01 6.37982070e-01
    8.17655087e-01 1.32592469e-01 5.57337761e-01 1.65522814e-01
    2.46020079e-01 1.12994194e-01 8.90056133e-01 1.93330318e-01
    7.86781490e-01 7.10771561e-01 8.29126954e-01 4.05481130e-01
    1.14046395e-01 5.92532516e-01 8.46920967e-01 6.43716574e-01
    9.23530579e-01 5.12012184e-01 5.93464494e-01 2.36992419e-01
    4.06275213e-01 5.59165180e-01 5.13319910e-01 6.32525206e-01
    4.42998916e-01 2.01355606e-01 6.53661728e-01 1.84467137e-02
    3.96077305e-01 6.92404211e-01 2.35112667e-01 2.37974942e-01
    4.26287919e-01 3.30970585e-01 5.26943564e-01 7.03255773e-01
    6.50591612e-01 5.92666507e-01 6.19120657e-01 7.59565473e-01
    5.27570546e-01 1.92989469e-01 2.63343811e-01 9.74177837e-01
    5.53153396e-01 4.17471230e-02 8.28918099e-01 3.58891249e-01
    8.79749298e-01 3.16202641e-04 7.77324080e-01 1.68091595e-01
    3.68772358e-01 9.06326890e-01 1.46477103e-01 9.53887939e-01
    1.85417116e-01 6.82891667e-01 2.18103826e-01 5.18181562e-01
    1.12012327e-01 2.05954254e-01 8.56547058e-01 6.85223341e-02
    6.46874666e-01 5.45447588e-01 4.70118523e-01 4.22623396e-01
    9.19888675e-01 8.73772740e-01 8.98886025e-01 5.89006782e-01
    2.78367132e-01 8.25194955e-01 4.40679908e-01 9.76565778e-02
    9.33615685e-01 5.29373884e-02 6.53068841e-01 7.93839276e-01
    3.34512144e-01 9.21158671e-01 4.46778238e-01 3.68002355e-01
    8.84827197e-01 2.84274161e-01 9.65935588e-01 3.53031605e-01
    6.14350021e-01 3.24557960e-01 7.01059818e-01 4.33765948e-01
    5.72299778e-01 6.58540368e-01 9.65101480e-01 1.60033554e-01
    8.57756615e-01 9.41940248e-02 2.88003176e-01 4.99080241e-01
    3.81058991e-01 4.00794864e-01 1.46115452e-01 6.36675835e-01
    9.75230932e-01 9.97405291e-01 7.39599228e-01 5.58248580e-01
    9.85683560e-01 8.32465827e-01 3.40062082e-02 4.86727715e-01
    5.98690212e-01 2.12130457e-01 2.74208546e-01 3.22951972e-02
    3.17680657e-01 8.29011321e-01 4.02789414e-01 5.79161644e-01
    5.60834050e-01 6.75870478e-02 6.89238310e-03 7.59145021e-01
    6.95183575e-01 4.98274118e-01 3.15089077e-01 1.46408707e-01
    7.98946142e-01 5.37165880e-01 2.06794620e-01 2.51243681e-01
    4.50873733e-01 8.72253716e-01 1.07041180e-01 8.61817360e-01
    9.37178135e-01 4.30252731e-01 2.27089822e-01 9.86580372e-01
    6.74831927e-01 9.42329347e-01 6.81813240e-01 3.69220406e-01
    3.47526461e-01 5.39908111e-02 1.61380261e-01 3.00944597e-01
    3.47180575e-01 9.24184382e-01 6.30628228e-01 3.58463377e-01
    5.29095411e-01 8.00243020e-03 9.03727591e-01 8.41584563e-01
    9.61712003e-01 1.85610592e-01 8.40825915e-01 3.52984667e-01
    6.25249326e-01 8.53817642e-01 2.93816924e-02 1.00405484e-01
    5.24711490e-01 6.88382208e-01 1.70452416e-01 7.52466679e-01
    1.96951270e-01 2.87652522e-01 9.38709736e-01 5.46004415e-01
    3.92849565e-01 8.07006478e-01 3.95718127e-01 2.98041850e-01
    5.14729977e-01 4.84133542e-01 7.65225708e-01 6.46507442e-01
    3.91742140e-01 4.65428025e-01 8.87643039e-01 5.80479264e-01
    4.06288803e-02 7.80908585e-01 3.42195719e-01 2.96739370e-01
    6.17411017e-01 6.28663599e-01 2.06596464e-01 6.93403721e-01
    8.39558661e-01 2.75288165e-01 7.21454740e-01 2.89751112e-01
    3.18300724e-03 3.50095153e-01 8.44717681e-01 3.55264604e-01
    3.97969484e-02 7.68948436e-01 5.49226642e-01 2.68843085e-01
    6.50018752e-02 7.53900886e-01 5.74384928e-01 7.78758943e-01
    1.08482450e-01 7.39440203e-01 5.37765682e-01 4.33803856e-01
    6.49114609e-01 3.18922758e-01 2.05808252e-01 9.72118318e-01
    5.18439591e-01 9.06788468e-01 9.25498903e-01 6.72852278e-01
    3.63056660e-01 5.07282436e-01 9.16988015e-01 3.85327876e-01
    3.34957302e-01 1.28104925e-01 6.45488083e-01 2.31399238e-02
    1.31622821e-01 8.40141535e-01 3.93930018e-01 3.34606051e-01
    5.13852775e-01 2.44758308e-01 6.28034055e-01 7.00806081e-01
    9.76700485e-02 1.43251240e-01 8.57682228e-02 9.37792540e-01
    7.85406530e-02 8.32590520e-01 4.77701902e-01 4.10332799e-01
    1.37931228e-01 1.40314400e-02 4.02675033e-01 7.26447701e-01
    9.36832070e-01 8.90920460e-01 3.58417034e-01 8.13066483e-01
    3.31626654e-01 9.57429051e-01 4.51529294e-01 8.08655739e-01
    9.54579711e-01 2.88518041e-01 5.99350691e-01 6.69319749e-01
    5.83044469e-01 7.65590429e-01 3.54021966e-01 6.22853994e-01
    1.13789469e-01 3.50034297e-01 8.11522186e-01 6.11621976e-01
    4.39627945e-01 9.39450502e-01 2.56332994e-01 9.70608532e-01
    8.54772568e-01 3.34693193e-02 4.48888600e-01 3.60040665e-01
    5.69661498e-01 8.46426964e-01 1.64075851e-01 7.57041156e-01
    1.33780748e-01 4.77951854e-01 5.48635244e-01 9.43349481e-01
    8.62856507e-01 9.67931449e-02 2.62251318e-01 1.66744083e-01
    3.52004468e-01 2.88940966e-01 8.96060467e-01 4.61881757e-01
    6.56971514e-01 9.10288095e-03 6.74677849e-01 6.97359681e-01
    5.30238092e-01 2.94577003e-01 1.55178010e-01 7.18264103e-01
    8.80107284e-01 9.87054467e-01 6.34743273e-02 7.69056559e-01
    2.12120354e-01 5.29603899e-01 5.79069376e-01 3.65044802e-01
    9.96248126e-02 6.01903141e-01 8.54641676e-01 6.63546324e-01
    9.22692299e-01 7.91706085e-01 9.68316913e-01 4.63536620e-01
    7.77746320e-01 1.05106592e-01 1.64936721e-01 9.25486922e-01
    3.63893151e-01 3.98767173e-01 5.82912564e-01 8.55600953e-01
    3.19565058e-01 3.24611813e-01 2.46084213e-01 5.37459493e-01
    9.79729772e-01 9.57933426e-01 8.86599302e-01 5.18049300e-01
    3.55126739e-01 1.03582680e-01 5.40437639e-01 4.86247003e-01
    6.35493398e-02 5.92104733e-01 1.64409220e-01 4.56512541e-01
    6.59170508e-01 8.07739377e-01 8.70191693e-01 2.57803202e-01
    5.23260832e-02 5.30906022e-01 4.79738116e-01 7.25190043e-02
    9.39276218e-01 5.88410497e-02 6.12268448e-01 7.80296803e-01
    3.02129805e-01 4.77251440e-01 4.10760224e-01 6.51473343e-01
    3.14328879e-01 2.50381827e-01 2.18291461e-01 8.32415819e-01
    4.56434429e-01 8.51590514e-01 7.99951196e-01 4.62406009e-01
    8.28830123e-01 9.73445415e-01 6.23875022e-01 4.89017695e-01
    2.71288216e-01 5.01136184e-01 6.07936084e-01 9.83002543e-01
    9.41713512e-01 4.82543170e-01 6.19524717e-03 5.08297265e-01
    5.06402493e-01 7.28951752e-01 2.61168122e-01 8.42729568e-01
    5.25847495e-01 8.10097694e-01 2.41409719e-01 4.07743216e-01
    1.28320485e-01 2.39995509e-01 1.29747003e-01 2.79528022e-01
    9.20535445e-01 1.03490114e-01 9.84174311e-01 4.26076114e-01
    9.76342678e-01 7.22660899e-01 2.31125891e-01 7.43558586e-01
    5.60442150e-01 6.78594947e-01 7.59128332e-01 3.47594023e-01
    7.28926837e-01 9.71018672e-01 1.95902586e-02 2.50033259e-01
    5.46295524e-01 5.43825984e-01 3.34703684e-01 5.64508140e-02
    3.31392109e-01 7.46769965e-01 1.79272413e-01 7.91228652e-01
    8.09164047e-01 4.41194803e-01 5.63369453e-01 7.30870903e-01
    2.43529469e-01 4.52753186e-01 5.57213545e-01 6.21324003e-01
    3.53247643e-01 2.09566593e-01 9.92708802e-02 2.33409762e-01
    4.66453254e-01 8.14072013e-01 1.10214800e-01 6.79895759e-01
    7.50488758e-01 7.89251924e-02 7.43290782e-01 4.41884190e-01
    5.39456367e-01 9.73982215e-02 1.78683579e-01 8.29798579e-01
    4.50026572e-01 7.08428979e-01 7.66792774e-01 8.86434793e-01
    3.85135114e-02 8.82181227e-01 5.27367592e-01 2.47265100e-01
    1.62533730e-01 9.56638813e-01 6.01481140e-01 8.57193351e-01
    6.87629402e-01 6.95049345e-01 4.59146827e-01 4.75575596e-01
    2.94802189e-01 1.27770424e-01 6.53134704e-01 4.71229434e-01
    5.59658706e-02 1.62426144e-01 8.44168723e-01 1.85782254e-01
    8.60095263e-01 3.64269733e-01 8.53610337e-01 2.88564265e-02
    2.93419689e-01 4.58184183e-02 5.25668859e-02 9.83182549e-01
    2.96634018e-01 9.61938500e-01 1.56347334e-01 6.67662680e-01
    7.56998181e-01 7.36879110e-01 2.28538215e-01 5.49840629e-02
    2.25999862e-01 9.45208311e-01 4.76926029e-01 1.13920540e-01
    8.43927801e-01 5.63070297e-01 7.26529241e-01 1.75350428e-01
    9.70483065e-01 5.56524396e-02 8.89727235e-01 7.00104296e-01
    2.05319911e-01 3.52210999e-01 2.76888549e-01 8.37886631e-01
    1.79342210e-01 6.59280717e-02 8.97851586e-01 4.42412645e-01
    6.21855915e-01 5.05915582e-01 3.23039591e-02 9.23828185e-02
    9.68346953e-01 5.21067321e-01 3.89707029e-01 3.64755571e-01
    1.92222595e-02 7.96986639e-01 6.75784767e-01 9.13571835e-01
    1.48688853e-02 3.38380277e-01 2.86759079e-01 1.14687413e-01
    4.21863496e-02 7.02565670e-01 8.63122225e-01 4.96335924e-02
    4.85388160e-01 7.27187395e-01 5.82023144e-01 3.82487774e-01
    4.55808610e-01 5.04580736e-01 9.37761068e-01 8.44103515e-01
    2.10554510e-01 7.46036291e-01 2.92565614e-01 9.61801648e-01
    3.24967384e-01 1.97892278e-01 3.31514418e-01 7.86286354e-01
    8.39570999e-01 1.35729134e-01 6.97082460e-01 2.75781453e-01
    4.90115821e-01 2.89485842e-01 3.88988614e-01 5.47553778e-01
    7.09797144e-02 6.67352617e-01 4.54824150e-01 7.30206370e-01
    7.76207209e-01 8.59678566e-01 4.43300486e-01 3.00755441e-01
    6.96125031e-01 6.63904250e-02 1.31272942e-01 8.35275054e-01
    4.39191163e-01 6.77523732e-01 6.50807500e-01 1.52642250e-01
    4.18946683e-01 5.84881186e-01 3.17082047e-01 3.34409773e-01
    1.99313074e-01 7.10893214e-01 7.72598624e-01 5.53736150e-01
    5.60230911e-01 9.53573704e-01 9.05089140e-01 3.14906478e-01
    9.10238504e-01 2.40062058e-01 9.66687500e-02 1.51018292e-01
    3.30283344e-02 7.70255446e-01 7.46473312e-01 4.25007433e-01
    1.04389489e-02 9.43688750e-01 6.82149887e-01 5.08941174e-01
    5.24864972e-01 9.06257391e-01 8.04435253e-01 1.08231425e-01
    7.03478813e-01 5.62234223e-02 3.79549533e-01 8.93059731e-01
    5.94216883e-02 9.75290716e-01 2.35648036e-01 6.52182698e-01
    3.46799463e-01 5.92772007e-01 8.92153263e-01 7.81378031e-01
    8.79352331e-01 6.64430022e-01 9.67497826e-01 1.48349613e-01
    9.81467366e-01 6.80831969e-02 4.17292714e-01 7.42959499e-01
    3.38005036e-01 3.46482724e-01 9.39945221e-01 4.75602686e-01
    9.94669914e-01 1.00750059e-01 1.36286944e-01 4.62920398e-01
    4.40748394e-01 9.09344614e-01 8.76998127e-01 2.91261613e-01
    5.97678542e-01 1.53619111e-01 5.15295386e-01 7.02837706e-01
    3.96312386e-01 7.87589669e-01 9.42416310e-01 1.34979099e-01
    4.21111643e-01 9.53534901e-01 7.94668496e-01 3.34447861e-01
    6.36408746e-01 3.36830616e-02 6.93636358e-01 4.95352238e-01
    5.02160847e-01 2.22494930e-01 4.33067381e-01 5.82282245e-02
    4.63113427e-01 5.37232161e-01 6.46488190e-01 3.16047847e-01
    1.07531369e-01 3.52483690e-01 2.19047338e-01 5.40127873e-01
    9.74231362e-01 2.02433705e-01 5.60753644e-02 5.41449249e-01
    2.13619709e-01 7.82198012e-01 1.62163973e-01 8.22026193e-01
    8.72893274e-01 3.59089434e-01 5.88269532e-02 7.88781047e-03
    5.90844154e-02 7.42063165e-01 2.01663882e-01 5.26271701e-01
    2.95959711e-02 4.24274206e-02 1.48517191e-01 1.34256840e-01
    1.18383259e-01 8.86498570e-01 1.05458975e-01 9.27255392e-01
    3.26946139e-01 5.80689311e-01 6.94754362e-01 6.53636217e-01
    7.17094541e-03 6.00772619e-01 6.23958945e-01 6.65910125e-01
    3.64818156e-01 9.71451163e-01 3.49375725e-01 8.85555267e-01
    9.53196585e-02 7.59373009e-01 3.82064790e-01 4.99145418e-01
    9.25474763e-01 8.11170995e-01 4.01639163e-01 2.50273883e-01
    1.93191946e-01 3.50776821e-01 6.10418558e-01 9.08466101e-01
    7.16404200e-01 1.33240074e-01 2.92098463e-01 6.10222876e-01
    5.12890220e-01 7.26114929e-01 5.11766076e-01 5.57932794e-01
    1.65618628e-01 3.32145840e-01 9.10948753e-01 4.66599762e-02
    9.49306190e-01 1.84073180e-01 7.46911943e-01 6.20800257e-01
    3.16888481e-01 5.43990791e-01 4.64758694e-01 2.23538578e-01
    2.01349914e-01 7.03056812e-01 8.59763622e-01 3.37919354e-01
    4.08483088e-01 8.64151537e-01 5.36157489e-01 1.99027330e-01
    8.29093695e-01 6.87768579e-01 6.71979189e-01 6.99505746e-01
    9.69054818e-01 6.30757630e-01 8.60840321e-01 7.65663028e-01
    1.15405798e-01 9.15520787e-01 8.65948141e-01 8.81153226e-01
    7.01857865e-01 1.87348485e-01 1.58921063e-01 5.27915537e-01
    4.42579150e-01 1.91193491e-01 1.63106620e-02 5.29109299e-01
    2.77987629e-01 1.45828485e-01 2.70728320e-01 5.08311689e-02
    9.34095681e-02 9.56915140e-01 9.78167176e-01 2.42406547e-01
    1.50780141e-01 2.32103974e-01 1.71839833e-01 8.46839547e-02
    2.06199348e-01 1.62028223e-01 5.55139482e-01 4.28727537e-01
    5.33754647e-01 2.05617845e-02 7.85623670e-01 2.72344768e-01
    8.37061644e-01 1.93727046e-01 4.89882976e-01 5.78390241e-01
    2.97239006e-01 9.12560582e-01 1.72267795e-01 1.24232382e-01
    4.39656168e-01 5.26075125e-01 2.66862094e-01 1.93661094e-01
    7.19793320e-01 7.69257903e-01 5.27345836e-01 1.86575681e-01
    6.05134368e-02 6.20390475e-02 4.81755137e-01 2.36794889e-01
    1.28767192e-01 9.63625968e-01 9.18463171e-02 3.02300185e-01
    1.04588062e-01 3.30038935e-01 4.80471760e-01 8.55235815e-01
    7.31324911e-01 7.75179088e-01 4.40848440e-01 1.21246517e-01
    8.40765536e-02 5.76004744e-01 5.89540839e-01 5.36043227e-01
    9.29835439e-02 1.25179857e-01 8.98306489e-01 5.52079141e-01
    2.04746723e-02 6.25907242e-01 5.64042866e-01 8.97323370e-01
    2.82164693e-01 8.66893291e-01 4.50748295e-01 6.86768532e-01
    1.76676035e-01 1.21951550e-01 5.92295706e-01 8.46843243e-01
    7.01370656e-01 8.67022753e-01 1.06816620e-01 3.07194859e-01
    4.94817168e-01 6.78465128e-01 9.21339154e-01 5.93393266e-01
    8.09894025e-01 1.18941665e-01 7.13993669e-01 3.58179033e-01
    5.93477607e-01 7.63856471e-02 1.91072464e-01 1.73871338e-01
    1.34673953e-01 4.28280920e-01 1.86071903e-01 9.66347814e-01
    5.40999532e-01 1.61790460e-01 4.27188993e-01 8.47792625e-01
    7.58561850e-01 2.47125804e-01 8.56387734e-01 7.43561566e-01
    6.38533831e-01 1.37516677e-01 6.59593165e-01 8.21862221e-02
    9.75439668e-01 4.76107717e-01 2.28230029e-01 7.72611558e-01
    5.15810370e-01 8.51587534e-01 4.81287777e-01 6.20738864e-01
    6.04827404e-02 6.01767838e-01 7.24464655e-01 4.30463582e-01
    4.69811618e-01 6.67699218e-01 1.78596228e-01 8.80477071e-01
    6.00264549e-01 7.63620496e-01 4.82834220e-01 3.74405563e-01
    9.88821983e-01 7.78208077e-01 6.62082911e-01 6.21829033e-01
    3.24310362e-01 3.97541761e-01 2.46676445e-01 1.45571113e-01
    6.27211690e-01 8.56485367e-01 9.97242570e-01 8.08295488e-01
    2.65518844e-01 2.88400114e-01 4.08792257e-01 6.89517260e-01
    7.76790738e-01 2.06618905e-01 3.32860053e-01 8.16648841e-01
    7.51708746e-02 6.98792815e-01 5.44389009e-01 4.18991059e-01
    1.86866552e-01 1.18264347e-01 3.89566779e-01 5.61694503e-02
    5.35068214e-01 5.55887699e-01 6.14221036e-01 4.63197559e-01
    9.33523417e-01 6.56672239e-01 3.39542031e-02 2.82260358e-01
    7.70086467e-01 2.73680300e-01 9.33415413e-01 8.73260975e-01
    8.23681831e-01 8.03080201e-01 6.75363481e-01 9.67375636e-01
    1.70420259e-01 2.58435309e-01 4.38394845e-01 9.34107602e-01
    7.44476318e-02 5.87350368e-01 9.90459442e-01 9.71680403e-01
    5.81888318e-01 4.46962833e-01 5.32830358e-02 1.40726268e-02
    6.87499166e-01 4.39321816e-01 5.87804496e-01 7.88627148e-01
    1.18508160e-01 6.80087268e-01 7.93804944e-01 4.67706740e-01
    8.23046088e-01 5.10461152e-01 4.43769693e-02 3.10339987e-01
    7.40277529e-01 7.28020668e-01 9.81223702e-01 3.90147865e-01
    1.88823104e-01 1.79554284e-01 9.62083340e-01 2.75317252e-01
    5.82647681e-01 1.60262585e-02 7.64441073e-01 7.21468985e-01
    9.39006686e-01 2.02182233e-01 8.92708302e-01 6.80109143e-01
    5.28570712e-02 1.53891355e-01 5.28979242e-01 3.50681037e-01
    1.55987829e-01 5.53378344e-01 9.56413627e-01 1.95817024e-01
    2.03530788e-01 2.63331085e-01 8.79812956e-01 6.86871469e-01
    6.25808299e-01 5.81695259e-01 7.83965111e-01 3.22087109e-01
    3.76725972e-01 7.93451071e-01 5.06909311e-01 9.65202868e-01
    4.91201848e-01 9.29508209e-01 2.92093873e-01 7.11139500e-01
    5.11380196e-01 1.22897387e-01 9.44085598e-01 7.35404611e-01
    6.45503163e-01 9.80888844e-01 8.37325454e-02 5.27211130e-02
    6.36565089e-01 5.62092602e-01 5.72654366e-01 8.70847404e-02
    6.00759566e-01 5.68149209e-01 4.52310562e-01 5.49197018e-01
    9.27733660e-01 5.05205274e-01 6.52155519e-01 7.00996995e-01
    6.27733767e-01 6.81129754e-01 2.32246548e-01 5.04301786e-01
    3.55690062e-01 7.78824091e-01 1.63909137e-01 6.25587642e-01
    6.84582949e-01 1.95600808e-01 2.67724633e-01 9.94274795e-01
    8.91911268e-01 5.63452244e-01 3.13386321e-02 9.22304094e-02
    6.29532874e-01 5.85113943e-01 5.68094432e-01 2.85190225e-01
    7.66408622e-01 5.12595534e-01 1.45248622e-01 5.21236539e-01
    2.98435301e-01 4.65461910e-02 4.95764226e-01 6.21684790e-01
    1.38703406e-01 9.11704779e-01 9.07096744e-01 1.25917792e-02
    8.02358985e-01 8.02168846e-01 5.59434950e-01 1.91236824e-01
    4.10983264e-01 9.42854047e-01 6.97459817e-01 5.25041759e-01
    1.24674588e-01 5.51679373e-01 8.00416827e-01 9.42090511e-01
    1.00730568e-01 4.23307270e-01 7.00196266e-01 5.34274280e-01
    5.99073291e-01 1.92063451e-01 2.37763315e-01 2.34162837e-01
    1.49396986e-01 6.98277116e-01 3.05246025e-01 4.96856213e-01
    3.01697671e-01 3.69217455e-01 3.88029635e-01 2.41681010e-01
    1.83103919e-01 9.35386300e-01 2.41984844e-01 7.90687382e-01
    4.02233779e-01 5.11011481e-03 9.89983439e-01 4.31495547e-01
    2.41527349e-01 1.42580956e-01 8.77857208e-02 5.10661602e-02
    8.26708794e-01 1.28112614e-01 8.20458412e-01 3.55654061e-01
    1.10051394e-01 1.22181684e-01 4.08663958e-01 4.98077154e-01
    4.92856860e-01 6.28768444e-01 2.57552654e-01 1.62820280e-01
    3.28157485e-01 9.73692834e-01 3.08636546e-01 4.60922122e-01
    7.38229513e-01 3.79384935e-01 2.16589957e-01 6.64070845e-02
    7.50716388e-01 9.68920588e-01 1.35934919e-01 2.84316540e-01
    3.14464271e-01 4.79102463e-01 3.65399122e-02 4.89384323e-01
    2.04410791e-01 4.29991126e-01 7.18418479e-01 6.83051705e-01
    1.33010775e-01 3.30442607e-01 3.84387791e-01 5.41196167e-02
    2.47716904e-04 5.99054039e-01 9.68346238e-01 3.43963444e-01
    3.38928044e-01 9.15165663e-01 6.62961602e-02 4.21312213e-01
    2.30392635e-01 9.31184947e-01 1.45279825e-01 9.43361640e-01
    4.67653573e-01 1.07115239e-01 3.90517414e-01 1.58864558e-01
    6.01747692e-01 9.17409062e-01 7.67053843e-01 3.02020729e-01
    6.81100011e-01 9.67174768e-01 1.11976236e-01 1.72789007e-01
    4.99235809e-01 2.76033163e-01 9.66318905e-01 1.48155123e-01
    8.01721573e-01 1.09355688e-01 4.20731038e-01 7.27380514e-01
    8.48927140e-01 2.24864781e-02 4.72931415e-01 6.20523989e-01
    5.87222576e-01 8.37984025e-01 1.27358735e-01 1.54062957e-01
    5.77053547e-01 2.98677683e-02 1.69649333e-01 1.30849063e-01
    5.06103039e-04 1.00218117e-01 6.65306687e-01 4.40710098e-01
    8.68665159e-01 9.14391518e-01 9.86179590e-01 4.46195483e-01
    8.09279680e-01 8.95049870e-02 8.29870224e-01 6.21324360e-01
    6.51706755e-01 7.12933660e-01 8.03206444e-01 4.17910814e-01
    2.10168689e-01 2.22410381e-01 2.88337886e-01 1.69564694e-01
    2.05731302e-01 2.61455953e-01 5.95108330e-01 5.73593497e-01
    7.48344541e-01 4.26816702e-01 2.71645367e-01 4.53837395e-01
    3.97013545e-01 4.28846002e-01 9.79144335e-01 5.44188440e-01
    5.90990007e-01 1.61339253e-01 2.25199401e-01 2.62744397e-01
    5.73729515e-01 8.19297075e-01 8.46292019e-01 1.22085810e-02
    4.36826199e-01 7.76267171e-01 5.79605103e-01 4.09449399e-01
    5.11824310e-01 8.25794518e-01 9.29742217e-01 8.07170987e-01
    9.60826874e-02 7.30779648e-01 1.31149352e-01 6.74967527e-01
    9.33583498e-01 7.78274596e-01 2.06201047e-01 4.07499671e-01
    2.90105700e-01 5.51268578e-01 3.72556061e-01 9.68607068e-01
    6.72603548e-01 8.16892743e-01 5.98137081e-01 5.46231568e-01
    1.08407706e-01 7.76400089e-01 9.97583151e-01 2.14972675e-01
    1.56071812e-01 5.09824336e-01 7.77501702e-01 9.47593033e-01
    6.83083892e-01 6.36632264e-01 3.43958616e-01 3.54265481e-01
    6.81612849e-01 3.49065006e-01 4.19185519e-01 6.55242205e-01
    6.89340949e-01 3.27074558e-01 4.50817794e-01 9.62871611e-01
    1.41655147e-01 8.03251028e-01 8.86075377e-01 4.21975851e-02
    7.29117990e-01 6.18858814e-01 5.22655010e-01 1.70899928e-02
    5.27728140e-01 8.69319320e-01 7.62099028e-01 3.45085204e-01
    5.17295957e-01 8.96601975e-01 5.26401401e-02 6.90746367e-01
    5.93587756e-01 9.74862814e-01 3.83957535e-01 6.46072507e-01
    7.05494940e-01 5.72827458e-01 9.39858973e-01 6.50298119e-01
    1.61009401e-01 9.47983861e-01 7.22540081e-01 8.53449702e-01
    6.89220726e-01 7.66284525e-01 5.73215902e-01 7.89114833e-01
    9.79247332e-01 6.96366787e-01 6.74296439e-01 8.70398283e-02
    9.93666351e-02 8.31405997e-01 4.79675502e-01 9.50070620e-01
    1.39002502e-01 1.53621733e-02 5.52651823e-01 4.86561835e-01
    7.43128181e-01 2.13404328e-01 5.60052216e-01 7.88384199e-01
    6.64016008e-02 3.42505813e-01 4.94157493e-01 3.77029955e-01
    9.88568306e-01 4.56538260e-01 6.02742612e-01 7.75257349e-01
    4.80042696e-01 1.44885212e-01 6.60493970e-01 8.11410189e-01
    8.11691284e-01 9.41613317e-01 3.39095294e-02 7.96285868e-01
    6.00443602e-01 4.28735137e-01 7.84594357e-01 1.40054703e-01
    6.42332196e-01 8.25378358e-01 5.19350946e-01 7.30598390e-01
    6.37466788e-01 4.42279696e-01 1.48380458e-01 5.47158718e-01
    8.66027355e-01 5.95621049e-01 9.03690517e-01 9.78496015e-01
    7.14588046e-01 7.04106092e-01 1.02431893e-01 6.43647969e-01
    2.10941911e-01 8.29178095e-01 8.49037707e-01 9.15609598e-01
    8.28006268e-02 5.04743695e-01 6.22881651e-01 1.46647751e-01
    4.20630425e-01 1.76720917e-02 5.38892746e-01 2.43291855e-01
    1.91394567e-01 3.00108463e-01 3.37183774e-02 7.34626353e-02
    4.03551579e-01 1.84510559e-01 8.69713068e-01 2.32819617e-01
    2.23220229e-01 1.84531748e-01 2.63498396e-01 8.27963710e-01
    8.96265388e-01 7.04696953e-01 4.24579293e-01 4.53738540e-01
    2.86156118e-01 9.11627769e-01 6.02716744e-01 6.34878993e-01
    6.67124569e-01 7.52555728e-01 6.33356333e-01 4.63674068e-01
    7.93374777e-01 3.80315572e-01 3.72671247e-01 5.42358339e-01
    2.33834445e-01 7.80682206e-01 2.49023676e-01 7.45098948e-01
    9.79364455e-01 6.79295719e-01 3.45128715e-01 9.18083847e-01
    7.46212006e-01 4.05305237e-01 4.41567808e-01 5.00586390e-01
    7.16776431e-01 1.20238513e-01 9.47977185e-01 2.81687051e-01
    5.82870662e-01 3.98364365e-02 3.91345590e-01 1.07046932e-01
    1.98503315e-01 8.36180151e-01 6.58341944e-01 3.67349744e-01
    6.39918327e-01 5.40102422e-02 5.89431465e-01 4.92378682e-01
    7.31142163e-01 8.47872496e-02 9.07868505e-01 5.65882325e-01
    3.23238790e-01 8.09691370e-01 8.17050815e-01 5.34864664e-01
    8.15619946e-01 2.89818585e-01 1.43059403e-01 8.40706944e-01
    7.89381623e-01 5.21805704e-01 8.77589345e-01 5.78604937e-02
    5.24051189e-02 8.51623714e-02 1.28916651e-01 9.86862421e-01
    6.26313388e-02 1.33428365e-01 8.43547344e-01 5.46118796e-01
    9.36352432e-01 1.74984932e-01 4.26643491e-02 3.60548496e-02
    9.36484814e-01 5.18812954e-01 3.84549528e-01 2.64943063e-01
    3.17676812e-01 5.07384956e-01 5.14600992e-01 5.09268224e-01
    9.37217355e-01 9.24270391e-01 8.61492395e-01 6.68923974e-01
    5.85519433e-01 3.96656036e-01 7.56399632e-01 9.93390679e-01
    8.81583571e-01 2.93705702e-01 6.13479912e-01 3.65003407e-01
    5.65688431e-01 2.15391368e-01 7.34177291e-01 6.54428005e-01
    4.60703075e-02 1.16344064e-01 2.86306143e-01 4.42089081e-01
    4.81311828e-01 2.84326792e-01 8.45763564e-01 3.77219200e-01
    4.14060891e-01 2.89802343e-01 6.12414658e-01 8.63770664e-01
    2.36019552e-01 9.55306649e-01 1.57993227e-01 2.34743387e-01
    9.26109731e-01 5.06466866e-01 2.72926569e-01 4.36429679e-01
    3.22245002e-01 8.24806929e-01 6.03178620e-01 9.08239782e-02
    9.11257386e-01 2.18663514e-01 9.64247108e-01 6.22454524e-01
    2.55048573e-01 2.02821702e-01 9.91784692e-01 6.29327595e-02
    3.06798279e-01 7.11127579e-01 1.54724419e-01 5.76530576e-01
    2.09421873e-01 4.93660003e-01 4.91994947e-01 6.49015009e-01
    7.46580899e-01 5.99131584e-01 1.05074346e-02 9.74707484e-01
    9.48326409e-01 4.05821443e-01 6.26026869e-01 8.84226501e-01
    4.12562728e-01 5.03176630e-01 2.80287743e-01 1.31752819e-01
    6.32076502e-01 5.63053846e-01 5.71792066e-01 2.89799333e-01
    6.24044180e-01 1.66910410e-01 3.41671407e-01 1.28774613e-01
    2.85153270e-01 9.76059735e-01 5.38173020e-02 2.37739086e-02
    6.01768374e-01 1.31963015e-01 2.72145510e-01 5.21027148e-01
    5.85911095e-01 4.19555902e-01 7.82165527e-02 3.86096537e-02
    9.38822508e-01 8.96233916e-01 5.59297740e-01 8.11296523e-01
    5.02609789e-01 1.54362440e-01 3.27612758e-02 8.65307748e-01
    9.09451485e-01 9.09290791e-01 7.13272512e-01 8.10357451e-01
    8.85861218e-02 1.75380468e-01 3.56073380e-01 9.28532004e-01
    6.92861974e-02 2.05903947e-02 3.96248281e-01 9.17042136e-01
    6.44716561e-01 5.78859985e-01 3.65876794e-01 6.25784874e-01
    9.28047538e-01 2.27634639e-01 7.01825976e-01 3.90462637e-01
    6.10561013e-01 9.05851722e-01 5.34719050e-01 1.52209789e-01
    8.07206035e-01 2.37311989e-01 1.46234512e-01 2.20477551e-01
    3.17123979e-01 8.02866220e-02 9.26643789e-01 5.04175782e-01
    4.84059155e-02 5.21987200e-01 7.23165870e-01 7.51759708e-02
    9.31115031e-01 2.17688382e-01 4.67749178e-01 5.30832529e-01
    3.85640264e-02 2.30474561e-01 7.72590101e-01 1.05650514e-01
    7.13960528e-02 6.37053251e-01 8.29604030e-01 4.63523567e-02
    9.52247381e-01 1.57310545e-01 4.70661372e-01 9.88674045e-01
    5.23327768e-01 5.79487443e-01 3.61683667e-01 7.79438615e-02
    1.00257039e-01 4.55389470e-01 3.45987618e-01 3.83021295e-01
    2.65760034e-01 2.34794736e-01 7.06352770e-01 6.12493336e-01
    1.99113995e-01 2.22231001e-01 5.64046323e-01 3.81099254e-01
    1.14624560e-01 6.99786425e-01 6.13679290e-01 3.93078506e-01
    1.14840269e-02 6.26843870e-01 5.77049255e-02 8.93401980e-01
    9.82235134e-01 1.57188296e-01 5.71107090e-01 9.02474642e-01
    5.71820140e-01 7.26073086e-01 2.21025348e-02 1.03580266e-01
    7.95820951e-01 8.28450501e-01 4.19861794e-01 8.19952488e-02
    1.14496291e-01 7.44881928e-01 9.53164279e-01 5.01622319e-01
    5.84520996e-01 5.72066307e-02 3.28417659e-01 3.34511846e-01
    8.10603201e-02 9.50821280e-01 2.48298347e-02 1.60316825e-01
    1.73085362e-01 5.75435162e-01 8.02763104e-02 4.02706891e-01
    4.67983812e-01 8.30488682e-01 4.86257970e-02 7.99564540e-01
    5.59186757e-01 4.63792384e-01 1.25792861e-01 1.73116356e-01
    2.96539098e-01 8.04929137e-01 1.36769146e-01 8.47327769e-01
    5.88170290e-01 1.57242656e-01 8.21004450e-01 3.01147103e-02
    5.66698253e-01 9.08836126e-01 1.95307225e-01 7.25229204e-01
    9.61633325e-02 4.79809552e-01 1.31612718e-01 4.04788554e-01
    1.78435326e-01 8.82811189e-01 4.76137072e-01 1.14803076e-01
    8.82959604e-01 7.99383581e-01 4.55877036e-01 2.21254140e-01
    2.99768150e-01 5.12197733e-01 2.05474436e-01 2.66898453e-01
    1.91672266e-01 7.34176397e-01 1.32003546e-01 4.40145791e-01
    5.14220476e-01 1.26301855e-01 8.27658296e-01 7.64167428e-01
    4.53298450e-01 1.20029360e-01 6.66290641e-01 9.81264949e-01
    9.40794110e-01 6.29164815e-01 4.50653821e-01 3.70347500e-03
    7.75054455e-01 7.49011338e-01 1.53638542e-01 8.66456866e-01
    9.69543576e-01 6.07617497e-01 4.09301013e-01 9.46731806e-01
    8.98531675e-01 1.91987187e-01 6.89319730e-01 2.13669330e-01
    9.03975308e-01 4.80938941e-01 2.02085674e-01 4.18647498e-01
    8.40265274e-01 7.88349628e-01 1.49872065e-01 8.92195463e-01
    5.10802805e-01 6.87929869e-01 7.46426821e-01 6.97825968e-01
    2.80353844e-01 3.09427083e-01 1.75114274e-02 8.30841720e-01
    2.95137286e-01 5.67963481e-01 2.84422398e-01 4.21267569e-01
    9.54843163e-01 4.74886358e-01 8.98956954e-01 4.27482545e-01
    7.75499463e-01 5.31831980e-02 4.42927957e-01 4.71501380e-01
    6.52582049e-02 4.40464914e-01 7.63091683e-01 6.34508252e-01
    1.99099481e-02 1.05698973e-01 1.30874842e-01 3.91033709e-01
    3.91031265e-01 5.52073777e-01 2.46785522e-01 2.30146945e-01
    1.31417215e-02 4.00584280e-01 5.44748902e-01 1.36980355e-01
    3.45282018e-01 6.54787719e-01 2.68239379e-02 7.42324650e-01
    5.37169397e-01 2.76056170e-01 4.23867553e-01 4.18795675e-01
    3.29399526e-01 1.19032890e-01 5.72179735e-01 2.21358925e-01
    1.27374113e-01 5.00761330e-01 4.03214782e-01 1.40943319e-01
    2.62541473e-02 4.46731448e-01 8.57086658e-01 5.66938877e-01
    8.34432423e-01 3.16839784e-01 1.25453353e-01 4.91029859e-01
    6.81341529e-01 6.28147662e-01 6.64889693e-01 4.94993955e-01
    7.85718918e-01 4.93322790e-01 1.65178418e-01 4.31600839e-01
    5.02761722e-01 5.07264674e-01 6.29576027e-01 4.67558324e-01
    7.04133451e-01 9.69139934e-01 4.00840580e-01 7.50527918e-01
    4.85451162e-01 9.43609178e-01 4.03775990e-01 1.08922452e-01
    8.92177224e-01 6.53636456e-02 6.50274932e-01 5.65656424e-02
    2.55365789e-01 2.27338344e-01 9.62297916e-01 3.33467633e-01
    6.61412537e-01 7.40063787e-02 3.02680910e-01 7.56193757e-01
    5.51573575e-01 4.56415832e-01 1.73753887e-01 4.54777718e-01
    3.64615232e-01 7.33703852e-01 4.10672247e-01 6.46541357e-01
    6.94892406e-01 2.34500468e-01 2.71477103e-01 9.81644392e-02
    2.44720876e-01 5.76933384e-01 6.66318536e-02 2.72716910e-01
    4.85408247e-01 2.63254106e-01 5.82652271e-01 5.86053908e-01
    7.11198807e-01 4.29163277e-02 9.41963792e-01 9.61350441e-01
    4.87579435e-01 1.02689892e-01 4.64987367e-01 7.92619824e-01
    1.25571489e-01 4.93465304e-01 7.59140134e-01 1.01669848e-01
    8.25928509e-01 2.98718452e-01 5.90070844e-01 6.13614321e-02
    6.14361346e-01 6.94991112e-01 2.67401725e-01 2.30051935e-01
    7.76045620e-02 4.21443820e-01 7.11529374e-01 9.18068826e-01
    8.87430191e-01 4.86296624e-01 3.19188744e-01 3.78758669e-01
    7.69949675e-01 9.63780701e-01 1.63661301e-01 5.66321909e-01
    7.80377746e-01 6.49186552e-01 9.08539653e-01 6.61920011e-01
    4.37517643e-01 4.12599325e-01 9.19751287e-01 8.95682096e-01
    2.43642271e-01 1.14123523e-01 5.63207805e-01 2.42146730e-01
    2.57310510e-01 5.58952987e-01 2.24958330e-01 7.23503470e-01
    3.39462340e-01 5.50554991e-02 6.04927778e-01 6.19617581e-01
    5.20548820e-02 7.65027940e-01 2.21329331e-01 4.08131599e-01
    2.63216674e-01 6.48403585e-01 3.20442617e-01 8.53868127e-01
    4.55879569e-01 7.96631992e-01 3.35530579e-01 8.38768542e-01
    5.86640358e-01 6.57625198e-01 1.94463044e-01 2.87760735e-01
    7.04039633e-01 5.21483600e-01 1.93839937e-01 5.72962224e-01
    7.90663004e-01 8.45765591e-01 2.86790967e-01 2.88679779e-01
    9.90695953e-02 1.77103549e-01 3.76202732e-01 5.05568802e-01
    8.33384752e-01 1.64735675e-01 3.69311482e-01 4.59708720e-01
    3.62000823e-01 8.91108632e-01 7.92031527e-01 5.87592006e-01
    4.47230697e-01 9.16663051e-01 2.03122437e-01 2.27048397e-01
    1.05503678e-01 3.25278401e-01 6.74402356e-01 6.94938123e-01
    5.95814645e-01 7.77015626e-01 5.14327049e-01 5.35379052e-01
    8.96008253e-01 3.43329072e-01 8.26093316e-01 7.39503205e-01
    4.68905509e-01 2.08459705e-01 6.08492434e-01 2.36283928e-01
    2.33467162e-01 1.35083586e-01 7.26575017e-01 4.11473483e-01
    7.07217157e-02 2.30871260e-01 7.38626242e-01 8.81844759e-01
    7.75733769e-01 8.28240156e-01 7.58546114e-01 1.59275413e-01
    7.29946017e-01 9.16158676e-01 5.13258636e-01 6.52114391e-01
    7.36909509e-01 9.83407736e-01 9.82513309e-01 5.71043789e-02
    8.26907039e-01 5.18674910e-01 7.64622867e-01 5.55456817e-01
    8.97852421e-01 7.16697335e-01 9.31012750e-01 7.44359493e-01
    5.76938689e-01 5.28084219e-01 1.48036689e-01 2.34276146e-01
    5.45445144e-01 1.28187060e-01 5.35773277e-01 7.29905128e-01
    9.70006466e-01 6.81535125e-01 3.77454340e-01 7.82516479e-01
    5.79870701e-01 9.83497500e-01 9.41966891e-01 4.17131364e-01
    8.99777055e-01 3.23626906e-01 2.93416530e-01 3.60680997e-01
    2.55348802e-01 9.53493237e-01 6.75846100e-01 2.42521971e-01
    3.16351891e-01 5.07136285e-01 2.00565964e-01 1.72052145e-01
    9.32142138e-01 3.43235731e-01 7.49030232e-01 7.11531162e-01
    9.94323432e-01 2.17852145e-01 7.01889038e-01 7.99268961e-01
    5.03340364e-01 5.52912533e-01 4.11182940e-01 1.32271737e-01
    8.00851762e-01 6.78950548e-02 5.86890340e-01 2.15913564e-01
    7.48632789e-01 9.17536795e-01 4.30764854e-02 6.08679175e-01
    3.22440267e-02 3.18092793e-01 1.94992572e-01 4.57588434e-02
    7.79452503e-01 5.15939236e-01 9.34556723e-01 4.57383990e-01
    6.35534763e-01 6.13461494e-01 6.94221556e-02 7.14636326e-01
    7.19033957e-01 7.89191127e-01 6.00764453e-01 5.20314753e-01
    1.08067304e-01 4.66659039e-01 8.21883976e-01 8.65907133e-01
    1.97876394e-01 8.08783948e-01 4.30692852e-01 4.20325249e-01
    4.65508223e-01 8.25580239e-01 7.11353421e-01 8.32345128e-01
    9.44635808e-01 3.66971076e-01 1.86688155e-01 5.91143966e-01
    1.69026256e-02 6.48995638e-02 6.16128802e-01 5.62418938e-01
    1.30796760e-01 1.99539930e-01 3.22574317e-01 1.86566323e-01
    3.82975250e-01 2.90572017e-01 6.32653296e-01 4.24924076e-01
    2.00561464e-01 3.38256836e-01 3.14217746e-01 7.70380020e-01
    9.07870889e-01 1.97481126e-01 3.11385751e-01 9.05897021e-01
    4.29720521e-01 6.37512386e-01 7.52012610e-01 6.23363256e-03
    3.77950788e-01 8.23772311e-01 3.97084087e-01 1.10881329e-02
    9.84406769e-02 3.95633876e-01 3.19153666e-01 2.70487428e-01
    8.62932205e-03 2.00908303e-01 5.00268936e-02 9.37142372e-01
    2.29476303e-01 2.09557682e-01 8.71456861e-01 8.84502530e-01
    1.03377104e-02 4.42136526e-02 7.81430721e-01 3.96126181e-01
    2.24757165e-01 6.28305078e-01 1.45511955e-01 4.63337660e-01
    3.81629258e-01 3.56931210e-01 4.18949157e-01 8.88726115e-02
    3.94287497e-01 5.56974411e-01 2.05790818e-01 9.29922462e-01
    1.18113488e-01 7.55730033e-01 1.31096750e-01 4.90607738e-01
    3.59087527e-01 8.26660395e-01 4.05863464e-01 5.55406809e-01
    7.77772188e-01 9.93871152e-01 6.25955164e-02 1.49279118e-01
    4.40178484e-01 4.34480876e-01 5.82482338e-01 1.00878626e-01
    2.44452715e-01 8.47084939e-01 4.64768171e-01 7.65512645e-01
    7.19166756e-01 9.58636761e-01 4.03478235e-01 8.77772212e-01
    5.40691912e-02 9.64059532e-02 7.14904070e-03 4.28985268e-01
    4.03302431e-01 1.14545822e-01 3.62611830e-01 1.78865463e-01
    5.91633797e-01 9.45388556e-01 8.07563066e-01 1.89165592e-01
    9.57735419e-01 3.64966273e-01 2.78231442e-01 1.78163767e-01
    6.72528565e-01 1.66991174e-01 4.37839121e-01 7.24489689e-01
    1.77407801e-01 2.46294498e-01 3.52143943e-02 2.37210393e-02
    1.71439081e-01 3.51548135e-01 8.47825408e-02 7.08435714e-01
    5.12433827e-01 4.59224910e-01 5.38529038e-01 6.06276393e-01
    1.26537293e-01 3.81837636e-01 5.96726239e-01 4.42604423e-02
    4.46747243e-01 9.13822770e-01 3.90703738e-01 6.81721807e-01
    1.02468967e-01 8.71402621e-02 4.56395775e-01 6.78862453e-01
    6.92666590e-01 8.89686584e-01 1.80031449e-01 6.62250459e-01
    8.15728784e-01 7.84280837e-01 6.28682375e-01 5.73285580e-01
    7.14212239e-01 3.15272331e-01 4.19030190e-02 1.80082589e-01
    3.14816058e-01 5.02276480e-01 2.46974945e-01 9.49976742e-01
    9.03908610e-01 7.19976425e-03 7.66103268e-02 6.09849691e-02
    4.54127491e-01 4.68467444e-01 9.46379781e-01 9.92649019e-01
    9.67806101e-01 2.02842951e-02 9.65467751e-01 2.82930970e-01
    3.85349274e-01 4.27251697e-01 7.87935972e-01 1.35174692e-02
    9.34036970e-01 9.50395226e-01 3.34403515e-01 4.81815547e-01
    1.14098251e-01 4.15986598e-01 2.91834891e-01 7.04705000e-01
    8.73450220e-01 2.30186224e-01 7.62887001e-01 3.36840361e-01
    5.59112072e-01 8.25288117e-01 9.57740545e-01 4.33276713e-01
    8.46377969e-01 1.60143077e-02 2.85208583e-01 7.32299805e-01
    4.13301766e-01 7.12654114e-01 4.85758662e-01 8.75607967e-01
    1.09004885e-01 6.37978554e-01 2.27319866e-01 4.25038427e-01
    6.55933499e-01 7.81475544e-01 5.83935738e-01 7.65650749e-01
    6.29619718e-01 5.77289164e-01 7.87594259e-01 2.73007691e-01
    1.26033127e-01 9.63932276e-01 8.02325606e-01 5.26839197e-01
    2.11700469e-01 1.94287002e-01 4.94842321e-01 8.77243161e-01
    5.53068638e-01 3.72968316e-01 7.11797893e-01 9.37757552e-01
    7.70131111e-01 3.67450356e-01 5.23140550e-01 6.95163608e-02
    3.59040260e-01 9.12829578e-01 5.23331463e-01 3.14360917e-01
    1.82171285e-01 1.55586630e-01 5.79247594e-01 3.67478460e-01
    8.10566068e-01 6.44526005e-01 9.12814260e-01 5.00142038e-01
    2.45775402e-01 2.00790852e-01 1.01860553e-01 8.89585376e-01
    4.43757981e-01 8.51957202e-01 1.74541682e-01 3.12047571e-01
    7.73053408e-01 2.74400592e-01 4.83903110e-01 7.75899649e-01
    9.85219061e-01 6.12109780e-01 7.37234056e-01 3.03065807e-01
    5.49332738e-01 8.22446585e-01 6.35778785e-01 3.59372556e-01
    6.18703723e-01 7.14287758e-01 4.71154809e-01 8.39968681e-01
    2.40812063e-01 7.91894376e-01 8.57238889e-01 9.51622128e-01
    5.60777783e-02 2.14026868e-02 6.22787535e-01 3.15357924e-01
    2.39429682e-01 5.23963630e-01 6.99059010e-01 8.35266411e-02
    5.19586384e-01 4.18228865e-01 6.08810961e-01 5.50459325e-01
    2.20861733e-01 4.05990422e-01 2.15117365e-01 5.50597668e-01
    6.23068571e-01 2.28048593e-01 5.67662895e-01 8.85306478e-01
    1.67929113e-01 4.11498666e-01 7.16796577e-01 4.20831382e-01
    1.88334078e-01 9.45007622e-01 2.72626430e-01 1.08116508e-01
    7.86128342e-02 3.02948236e-01 7.52122998e-01 4.26559418e-01
    3.06776166e-01 8.05284739e-01 7.53604114e-01 8.32520366e-01
    6.53387308e-02 2.76581228e-01 6.64230347e-01 5.57541847e-02
    9.50930119e-01 8.25465977e-01 5.85924327e-01 6.49456024e-01
    6.56166553e-01 9.85772192e-01 8.90595913e-02 2.27150351e-01
    3.71107817e-01 9.25544977e-01 9.73988056e-01 9.40216660e-01
    2.49823034e-01 4.10207957e-01 5.50613880e-01 3.43834519e-01
    4.24201727e-01 4.08551365e-01 4.28563625e-01 9.92756188e-01
    6.91018462e-01 2.49871075e-01 2.51630783e-01 1.67418659e-01
    5.20729542e-01 4.35689807e-01 9.18964207e-01 4.73520547e-01
    8.92167389e-02 7.83166766e-01 8.46896708e-01 2.33049899e-01
    3.91051173e-03 5.59324503e-01 3.35275829e-01 9.52013493e-01
    8.32023621e-02 8.22811961e-01 2.16189802e-01 3.20261121e-01
    5.98752201e-01 6.21770978e-01 9.13295865e-01 4.85589236e-01
    6.48069382e-01 8.50974500e-01 9.00948405e-01 7.01399446e-01
    7.87904561e-01 1.20649874e-01 7.41494060e-01 5.26831269e-01
    6.47880971e-01 8.21332455e-01 8.90320182e-01 2.56746382e-01
    6.40742481e-02 9.32303548e-01 8.16012979e-01 9.31466043e-01
    2.05538988e-01 8.30316305e-01 1.73472643e-01 6.77022815e-01
    7.98219979e-01 7.26010263e-01 6.59688354e-01 3.78146142e-01
    5.58088243e-01 4.26403284e-01 8.81469846e-01 9.47548032e-01
    7.25697756e-01 4.33966964e-01 3.72730553e-01 2.95104861e-01
    4.59577680e-01 7.18543708e-01 7.19132364e-01 5.56493044e-01
    3.44277263e-01 2.45247364e-01 9.19561088e-02 6.92020297e-01
    5.60484529e-02 4.63494241e-01 9.05870676e-01 4.23080325e-02
    1.67975456e-01 5.61799467e-01 1.85719639e-01 2.04047024e-01
    3.67810726e-01 9.35262382e-01 1.36233926e-01 8.76129985e-01
    6.61091089e-01 2.94264376e-01 1.69393927e-01 1.55693173e-01
    8.28291237e-01 7.14792430e-01 8.30748975e-02 8.15005839e-01
    3.57791752e-01 6.04282439e-01 3.94374073e-01 4.62062865e-01
    5.19502878e-01 1.04059577e-01 1.20281041e-01 4.14970368e-01
    9.70275044e-01 5.98254681e-01 2.21570790e-01 5.96954584e-01
    7.34681785e-01 2.69013166e-01 6.95431292e-01 1.90355361e-01
    3.52294445e-01 6.34150505e-02 5.46986520e-01 1.75667793e-01
    8.66191864e-01 4.43707705e-02 6.31836534e-01 9.22216415e-01
    5.24187982e-01 3.43590379e-01 9.35421705e-01 1.72133297e-01
    3.94176602e-01 8.17928076e-01 4.80463207e-02 3.57920200e-01
    7.52746403e-01 8.47097039e-01 2.25484431e-01 1.24762088e-01
    7.73563147e-01 5.15601933e-01 2.80103713e-01 1.18378550e-01
    4.97419298e-01 1.82703167e-01 8.64296317e-01 6.00934982e-01
    4.14912909e-01 7.75468826e-01 2.86849082e-01 3.02910924e-01
    7.11749911e-01 2.46331662e-01 2.99800754e-01 1.29181921e-01
    7.99512804e-01 1.08533442e-01 2.51835555e-01 4.96193439e-01
    4.92343694e-01 6.30391061e-01 1.12548143e-01 6.45469427e-01
    6.57110333e-01 1.63260758e-01 8.48758280e-01 8.59834552e-01
    9.52764153e-01 5.95041335e-01 3.57272863e-01 3.19520175e-01
    6.95659399e-01 7.05746293e-01 7.12493002e-01 2.81811923e-01
    7.23528266e-01 8.21551442e-01 5.78148723e-01 4.45339769e-01
    9.74400640e-01 3.39570582e-01 3.12366903e-01 1.13965333e-01
    4.84935433e-01 3.48312855e-01 1.83917254e-01 8.52818131e-01
    7.58002639e-01 4.01232064e-01 9.67283964e-01 8.79511952e-01
    5.08849978e-01 2.14430690e-01 7.23653376e-01 6.31784320e-01
    4.95277852e-01 1.86918259e-01 8.68417919e-01 6.01549864e-01
    7.91410804e-02 1.20553941e-01 4.73435342e-01 7.88312316e-01
    6.48706317e-01 2.92793274e-01 7.75616288e-01 1.98023587e-01
    7.57064342e-01 6.07499123e-01 2.50485241e-01 5.54781020e-01
    4.18239355e-01 1.00950509e-01 8.17903817e-01 6.55367970e-01
    9.77373302e-01 5.87310553e-01 1.02531075e-01 6.95799172e-01
    1.24966949e-01 7.04149485e-01 3.26830447e-02 9.01452303e-01
    4.05205756e-01 1.57053828e-01 2.63334095e-01 5.21158874e-01
    5.48833907e-02 3.37617695e-02 6.99738383e-01 8.42527866e-01
    4.21328127e-01 2.14107215e-01 3.80444825e-02 2.80976713e-01
    3.24554443e-01 7.38138378e-01 3.24039400e-01 8.06636572e-01
    2.06711322e-01 2.12736517e-01 4.79494572e-01 7.77547717e-01
    9.98565555e-03 6.44129634e-01 6.21347010e-01 7.40503430e-01
    2.91399956e-02 2.84827888e-01 1.70977920e-01 2.80804515e-01
    3.92588884e-01 6.47514522e-01 1.40606821e-01 2.86852509e-01
    6.50679052e-01 4.73847985e-03 4.15276766e-01 3.06830823e-01
    3.04343045e-01 8.15853059e-01 7.87086010e-01 5.63374162e-02
    5.50880790e-01 2.57572025e-01 1.34946167e-01 3.50942373e-01
    1.23312682e-01 9.46493030e-01 2.28513390e-01 4.32274163e-01
    2.11055517e-01 9.84565496e-01 2.89899766e-01 6.02079213e-01
    4.06330347e-01 9.18842673e-01 8.24793458e-01 9.53113556e-01
    5.59785008e-01 3.90555263e-02 9.10133123e-03 6.68695629e-01
    9.54708457e-02 2.94245720e-01 1.50830626e-01 5.18587172e-01
    8.72765124e-01 5.02182543e-01 7.16686368e-01 1.89617276e-02
    6.77259624e-01 9.84567523e-01 9.79525805e-01 6.31730020e-01
    5.68953872e-01 7.26095080e-01 2.03190982e-01 2.44207770e-01
    2.93227196e-01 5.25565207e-01 5.89165449e-01 1.31599307e-02
    1.50453329e-01 6.95265889e-01 8.19522977e-01 8.11596632e-01
    5.37475467e-01 2.52312660e-01 2.29491115e-01 2.56997406e-01
    9.10079598e-01 2.51431465e-01 8.48913670e-01 4.54153329e-01
    9.93247390e-01 7.76121020e-01 7.47533441e-01 8.81720841e-01
    2.58580267e-01 3.31044436e-01 1.48871094e-01 3.55305135e-01
    9.49046910e-01 6.42695606e-01 9.52519298e-01 3.42404604e-01
    9.23547685e-01 6.19567811e-01 1.26354635e-01 4.57225919e-01
    7.50530839e-01 4.91075605e-01 3.83531392e-01 6.81632102e-01
    4.46700603e-01 1.13449931e-01 4.23644751e-01 4.99767065e-01
    3.01224530e-01 4.00629699e-01 1.06751323e-01 7.26151943e-01
    3.00207138e-02 1.85386717e-01 2.37259477e-01 9.48360682e-01
    4.01346505e-01 8.84519756e-01 5.93484402e-01 2.37712532e-01
    2.69652307e-01 6.46293044e-01 4.26858962e-01 5.10622203e-01
    7.19088912e-01 9.71310973e-01 5.28247356e-02 7.76802063e-01
    9.69264984e-01 4.88278747e-01 5.60257256e-01 7.82396317e-01
    5.82186878e-01 5.97730875e-02 9.45053101e-01 8.61907423e-01
    7.89400399e-01 2.92327046e-01 5.08730173e-01 5.61362088e-01
    7.81096220e-02 2.15074629e-01 8.21016431e-01 4.28830981e-01
    9.32622313e-01 2.43290842e-01 2.42785335e-01 5.14143884e-01
    5.78168452e-01 3.13793361e-01 3.59830916e-01 7.51384377e-01
    6.75786316e-01 6.38854742e-01 8.46492290e-01 1.21691972e-01
    5.57471216e-01 2.69963443e-02 3.60127270e-01 2.92618990e-01
    3.78391832e-01 1.33968920e-01 7.69364476e-01 6.46658540e-01
    2.60716319e-01 4.04480904e-01 9.27202940e-01 9.33850884e-01
    3.27179193e-01 8.13351095e-01 1.30523562e-01 5.96504211e-02
    9.94609177e-01 7.86284566e-01 3.55260879e-01 9.61397052e-01
    8.79505634e-01 3.78146082e-01 1.60250396e-01 1.65623277e-01
    2.27407426e-01 5.17653763e-01 9.25306380e-02 4.70367998e-01
    4.26859736e-01 2.87679732e-01 3.46072644e-01 1.86612189e-01
    5.73054254e-01 2.37803638e-01 9.87244606e-01 8.84838998e-02
    4.01760936e-02 4.03637409e-01 4.28166866e-01 8.04198146e-01
    8.79368186e-01 6.11381292e-01 1.33479178e-01 3.06831539e-01
    4.55244958e-01 7.53163695e-02 8.74522448e-01 6.94077373e-01
    6.53247237e-02 2.55988002e-01 2.27671921e-01 5.04401147e-01
    7.47342527e-01 6.87597632e-01 6.99878633e-02 7.14412868e-01
    2.35917002e-01 3.83504093e-01 7.30301499e-01 9.40463662e-01
    3.62376571e-01 9.27904427e-01 1.65844440e-01 3.48651648e-01
    5.11408448e-02 9.94919002e-01 3.13171506e-01 4.99345630e-01
    1.68737084e-01 8.39353085e-01 7.91416466e-02 5.21038353e-01
    4.63960886e-01 3.40584189e-01 5.23534536e-01 9.53216791e-01
    3.65719736e-01 4.60206509e-01 6.85634613e-01 1.41980022e-01
    7.41884053e-01 4.13493931e-01 3.19775045e-02 6.28097892e-01
    4.09513772e-01 9.13649976e-01 2.12018847e-01 5.15372217e-01
    7.97132254e-01 9.02424812e-01 7.05739677e-01 3.66944432e-01
    7.30516315e-01 7.81235218e-01 8.25840473e-01 5.46661913e-01
    3.69514197e-01 7.22579539e-01 9.02153969e-01 8.91801715e-02
    7.17132270e-01 9.21603084e-01 6.31335557e-01 3.46976042e-01
    2.55685866e-01 3.89884949e-01 2.39853054e-01 3.02690029e-01
    5.26029348e-01 3.04536909e-01 5.94024956e-02 6.75123096e-01
    4.44746077e-01 4.07674015e-02 2.66927361e-01 2.75114715e-01
    3.34888399e-01 3.93540800e-01 4.40469712e-01 6.80522025e-01
    5.63270211e-01 7.61247516e-01 6.15682721e-01 8.29002023e-01
    2.76704133e-01 4.83018965e-01 1.41847402e-01 1.39829755e-01
    8.62738609e-01 9.89288092e-03 7.83852756e-01 5.78665257e-01
    5.85640967e-02 4.33659583e-01 4.64263380e-01 6.23664856e-02
    9.71364498e-01 2.53113151e-01 7.44677484e-01 2.27844268e-01
    7.46354640e-01 6.16709948e-01 4.92788941e-01 8.70494843e-01
    3.33149493e-01 2.55431265e-01 6.41015768e-01 4.21487570e-01
    1.19051754e-01 7.85520673e-01 9.31765437e-01 4.40805405e-01
    8.36751819e-01 5.18451631e-01 3.36814642e-01 8.55240226e-02
    1.40854120e-01 8.44241381e-01 8.74186099e-01 6.88749969e-01
    9.87719297e-01 9.65864480e-01 3.87974381e-02 7.59240389e-01
    6.51805997e-01 5.33568799e-01 2.02596813e-01 7.46173143e-01
    2.09142476e-01 3.73947799e-01 9.05966580e-01 8.35052907e-01
    9.40753400e-01 5.86503863e-01 3.75752211e-01 5.93081951e-01
    8.26107621e-01 5.56295216e-01 7.38646567e-01 4.76622105e-01
    3.44273180e-01 7.51945257e-01 6.83329105e-01 4.84745026e-01
    8.04571271e-01 4.29852843e-01 5.83669960e-01 4.74595398e-01
    9.14611518e-01 5.79213858e-01 5.04865229e-01 5.74440479e-01
    1.24732137e-01 1.46701694e-01 3.22220743e-01 9.19377625e-01
    3.26906025e-01 6.02464914e-01 4.20739084e-01 5.61865270e-02
    5.66688418e-01 8.64648104e-01 5.20834804e-01 9.24594402e-01
    2.88236797e-01 5.50404131e-01 3.28975827e-01 4.79864657e-01
    6.32227540e-01 1.48575693e-01 7.90368259e-01 8.89063776e-02
    3.56450856e-01 5.07297516e-02 9.38587546e-01 6.29884720e-01
    1.08804613e-01 8.70301425e-01 3.88490617e-01 6.71444952e-01
    9.44950104e-01 1.68379873e-01 3.74233365e-01 6.58642173e-01
    1.69511288e-01 9.54370141e-01 8.71677637e-01 5.57197034e-01
    7.12196112e-01 4.57078218e-04 5.24351001e-01 3.77449602e-01
    3.39841664e-01 8.38094950e-02 8.97657275e-02 3.65810037e-01
    6.83861315e-01 7.05172122e-01 4.93431091e-03 6.10174596e-01
    3.99850994e-01 3.57949853e-01 4.59732711e-01 1.92343235e-01
    2.70172983e-01 4.92910475e-01 7.04473794e-01 4.56023306e-01
    7.80752599e-01 6.73301697e-01 5.55811405e-01 7.78954148e-01
    5.73444307e-01 1.67385757e-01 2.73984015e-01 5.35546541e-01
    4.03951257e-01 1.57677948e-01 2.35878408e-01 4.26561207e-01
    4.15342808e-01 4.56526220e-01 6.38332188e-01 9.99593496e-01
    3.61950159e-01 4.06000465e-01 9.82521653e-01 8.28767180e-01
    7.33085454e-01 8.94004047e-01 9.98422205e-01 5.92914402e-01
    8.08709204e-01 2.25624263e-01 6.65959358e-01 2.92943448e-01
    4.52030241e-01 1.29947931e-01 1.01584941e-01 8.33622932e-01
    6.31732106e-01 3.65520537e-01 7.12558091e-01 6.72294199e-01
    9.22114491e-01 1.86539799e-01 1.44211054e-01 3.56720388e-01
    2.87488490e-01 9.26368237e-01 8.85778666e-02 3.89602304e-01
    3.59015107e-01 4.01483834e-01 8.56096625e-01 1.68634832e-01
    1.16153270e-01 5.16830981e-01 2.55668700e-01 1.83800340e-01
    6.61211491e-01 2.10226804e-01 9.01464581e-01 9.15771067e-01
    8.99500132e-01 4.31822300e-01 2.52331316e-01 5.06260633e-01
    4.53462839e-01 4.03039336e-01 8.16285193e-01 7.76535869e-01
    8.48522782e-02 7.88081169e-01 2.10577965e-01 3.96141976e-01
    1.36429161e-01 3.53787392e-01 8.94508362e-01 5.90621114e-01
    2.54943848e-01 3.74960363e-01 7.50074327e-01 2.47127771e-01
    5.32592893e-01 7.11493313e-01 2.54462421e-01 5.24291456e-01
    7.52929926e-01 8.99596334e-01 6.01492941e-01 3.83054316e-02
    6.41558230e-01 7.24967360e-01 2.88148105e-01 4.32768881e-01
    9.65476573e-01 8.12984049e-01 5.13585150e-01 8.41888309e-01
    1.64308727e-01 7.23287106e-01 3.58165860e-01 2.74132788e-01
    4.69331861e-01 5.13447106e-01 7.84331739e-01 4.86699998e-01
    7.02788532e-01 9.38397050e-01 8.30551863e-01 8.41587424e-01
    8.19577277e-02 1.39313757e-01 1.37056470e-01 2.35182583e-01
    1.89388394e-02 9.16047096e-01 6.08778358e-01 5.93285680e-01
    2.48059422e-01 4.79795337e-01 4.37104076e-01 1.89560950e-02
    3.70895267e-02 1.79618329e-01 3.20722759e-01 5.96861899e-01
    3.19916248e-01 9.61500943e-01 8.77600551e-01 2.17674434e-01
    2.64313698e-01 2.68387020e-01 9.67440963e-01 9.09133255e-02
    4.84898686e-01 8.59194040e-01 5.34128964e-01 6.20658696e-02
    8.49791229e-01 1.80394709e-01 6.21078908e-01 7.46038556e-01
    6.72348619e-01 7.46037841e-01 8.73273015e-01 6.85793281e-01
    2.67938733e-01 6.53346062e-01 6.15030885e-01 3.12805802e-01
    8.30896139e-01 1.62302196e-01 7.01772690e-01 1.15675896e-01
    5.42358637e-01 7.98019528e-01 6.26709819e-01 7.76491940e-01
    6.00525796e-01 1.60952538e-01 2.59286344e-01 8.81663382e-01
    3.05910766e-01 5.43316066e-01 1.43272996e-01 1.07714564e-01
    7.63376653e-02 8.81210983e-01 5.94829559e-01 7.91039705e-01
    9.72619176e-01 4.68884766e-01 1.48192555e-01 4.51876372e-01
    2.22655118e-01 6.10672653e-01 4.48665380e-01 7.58294106e-01
    4.94106948e-01 2.03556389e-01 9.91104960e-01 7.67616034e-01
    9.95505333e-01 1.18621945e-01 5.59916615e-01 2.14145124e-01
    3.17419559e-01 8.26041996e-01 7.35810697e-01 7.94775963e-01
    3.72038484e-01 7.03057587e-01 2.45483458e-01 9.90495145e-01
    8.37081075e-01 4.00040537e-01 1.44809812e-01 3.63968015e-01
    9.04778123e-01 5.91699600e-01 9.47974801e-01 4.77289289e-01
    3.26098561e-01 9.56796885e-01 8.04142833e-01 7.21622407e-02
    5.46774983e-01 4.96026427e-01 1.68929607e-01 2.37449378e-01
    1.58072114e-02 2.38515526e-01 3.20438325e-01 9.62613642e-01
    8.94402206e-01 4.05206054e-01 4.19192702e-01 6.22246563e-02
    8.72105062e-01 8.99880111e-01 8.10572326e-01 2.50842720e-01
    3.67477179e-01 5.64279258e-01 9.40513611e-03 3.41657817e-01
    5.23442388e-01 7.34356761e-01 4.35144901e-01 3.69968712e-02
    8.31362188e-01 8.52835536e-01 2.93482751e-01 7.81284392e-01
    7.11505413e-02 6.48965955e-01 9.24990654e-01 1.86807126e-01
    2.60261416e-01 5.09330571e-01 7.49279201e-01 8.75609636e-01
    8.76196623e-01 5.88762283e-01 9.89402235e-02 1.05690658e-02
    5.42145431e-01 8.62385511e-01 7.12676048e-01 3.46037537e-01
    7.29798377e-01 9.93746996e-01 7.97348917e-01 5.01881301e-01
    3.36232007e-01 8.84996474e-01 8.74861121e-01 5.53020418e-01
    8.73204827e-01 1.50362581e-01 5.18418968e-01 3.77366036e-01
    2.53160149e-01 3.12330902e-01 2.18623579e-02 3.67183089e-02
    4.93051440e-01 6.45015836e-02 2.75076985e-01 7.02026486e-02
    6.19445682e-01 1.67587340e-01 6.58690155e-01 2.58834541e-01
    4.31175351e-01 6.72522247e-01 7.53660500e-02 1.31516367e-01
    4.57004845e-01 9.92369175e-01 3.79607499e-01 2.63575166e-01
    5.99217713e-01 4.51767921e-01 5.67412972e-01 7.39874780e-01
    1.21196300e-01 3.71183753e-01 9.70034122e-01 7.73033500e-03
    1.33770585e-01 4.43169296e-01 1.02156341e-01 4.52974141e-02
    2.19643384e-01 7.77098179e-01 7.47979105e-01 2.82894671e-01
    4.14640844e-01 6.08638048e-01 3.03222537e-02 4.01459545e-01
    2.75608122e-01 9.86506820e-01 2.68868893e-01 7.93506503e-01
    7.36170411e-01 7.85983562e-01 6.10056460e-01 6.49138570e-01
    9.38857317e-01 1.75080329e-01 2.15710551e-01 1.27909929e-01
    1.56427085e-01 6.38192415e-01 7.43829250e-01 7.26348400e-01
    2.99532771e-01 5.85709512e-02 6.05932653e-01 8.66672993e-02
    1.99206680e-01 8.00619900e-01 4.34009343e-01 6.43260896e-01
    3.75184089e-01 2.68942356e-01 8.59009683e-01 6.01011932e-01
    3.11395645e-01 9.81399119e-02 8.17946076e-01 2.42023766e-02
    7.67867446e-01 6.12863898e-02 1.12687021e-01 4.97694641e-01
    3.53722185e-01 9.41041708e-01 5.99266768e-01 3.12232941e-01
    5.46646714e-02 8.49727392e-01 7.19092846e-01 7.06647456e-01
    3.02979529e-01 6.87524796e-01 5.48334002e-01 7.51076937e-01
    2.28976488e-01 7.98916578e-01 7.70473778e-02 6.32399559e-01
    6.49384916e-01 9.85337496e-02 4.27644253e-02 4.18111861e-01
    4.92891878e-01 5.97186685e-01 6.27770126e-01 5.28644085e-01
    3.74067247e-01 4.18148428e-01 6.90861583e-01 2.32645005e-01
    9.93864417e-01 1.25981212e-01 7.55435824e-01 4.74085033e-01
    3.88947845e-01 3.93045247e-01 3.58777463e-01 3.86854827e-01
    5.42662144e-01 7.44342923e-01 6.73670530e-01 6.27606213e-02
    2.78568715e-01 7.45831251e-01 6.25048041e-01 4.36190486e-01
    6.61580563e-01 8.36903930e-01 1.05607271e-01 5.26642084e-01
    4.66198713e-01 4.59821999e-01 6.63795233e-01 5.09714782e-02
    6.47863150e-02 8.06053936e-01 9.23599839e-01 3.89075547e-01
    3.23255301e-01 1.36637360e-01 1.06021315e-01 7.90770352e-02
    6.78675771e-01 1.10524893e-02 7.27694273e-01 5.74990630e-01
    8.28170717e-01 9.18392777e-01 2.44330883e-01 5.96525013e-01
    7.83236802e-01 3.68197203e-01 8.14763665e-01 9.84912813e-02
    6.64801121e-01 4.65692103e-01 3.48600209e-01 5.66638410e-01
    1.98331863e-01 6.22209668e-01 6.23671532e-01 6.71646416e-01
    9.84942913e-01 8.99624348e-01 5.65543175e-01 9.26843643e-01
    3.72546583e-01 4.48143750e-01 7.95550168e-01 6.00721061e-01
    5.46617985e-01 1.22597396e-01 2.97936916e-01 8.56812477e-01
    1.67260736e-01 3.50771964e-01 5.24595559e-01 6.69279277e-01
    6.26372159e-01 5.13271570e-01 9.82253432e-01 1.32397711e-01
    8.79704118e-01 2.54877269e-01 1.86407566e-02 5.72529018e-01
    3.60985965e-01 6.41084194e-01 5.90646684e-01 2.64010787e-01
    3.33245039e-01 8.79566193e-01 8.86094809e-01 3.52231711e-01
    1.02240235e-01 1.29328489e-01 8.60887408e-01 6.16132319e-01
    3.65147591e-02 7.70243168e-01 8.03796709e-01 5.04129052e-01
    7.46419907e-01 8.29701424e-01 8.57381701e-01 6.71070993e-01
    6.52871192e-01 3.96419704e-01 3.41233939e-01 4.48360890e-01
    7.59126902e-01 9.67829823e-01 8.24467242e-01 5.22855341e-01
    1.14603251e-01 1.96007520e-01 3.98906082e-01 9.94232893e-02
    2.61030197e-02 4.51327413e-01 7.54040599e-01 2.46207207e-01
    9.78915691e-01 5.85380912e-01 4.16068614e-01 6.36979461e-01
    7.50689864e-01 8.52144122e-01 1.47724241e-01 7.24421144e-01
    9.69338417e-01 9.10761476e-01 8.76792192e-01 1.83542341e-01
    5.37048042e-01 5.53257763e-01 7.82477736e-01 2.92314798e-01
    5.90917289e-01 6.30393863e-01 4.22278821e-01 5.80820501e-01
    9.18480217e-01 3.95709604e-01 4.52871621e-01 8.75546336e-01
    7.48079538e-01 7.71754980e-01 1.70134157e-01 5.05671084e-01
    9.79256034e-01 4.75640565e-01 3.24512750e-01 6.06102228e-01
    3.54721814e-01 1.74812019e-01 1.45021856e-01 8.78428161e-01
    8.44167113e-01 4.94924277e-01 4.17845607e-01 7.29896903e-01
    3.23438942e-01 2.47190058e-01 7.75218487e-01 9.70700085e-01
    8.91820192e-01 8.05859029e-01 2.09431231e-01 6.20306253e-01
    3.46235812e-01 3.27760696e-01 2.40974069e-01 5.87655663e-01
    2.97070414e-01 5.34198284e-02 3.32092762e-01 7.64167130e-01
    1.86953574e-01 4.71045583e-01 6.24121547e-01 8.22091222e-01
    9.08782363e-01 1.30898148e-01 4.98814523e-01 4.05772388e-01
    9.86613393e-01 7.50713050e-01 5.70755422e-01 2.79621661e-01
    8.77341866e-01 7.53614902e-02 2.06656873e-01 6.17962241e-01
    2.73069739e-02 9.93764400e-01 8.70355129e-01 1.53022081e-01
    5.84673166e-01 6.15050554e-01 9.84798491e-01 9.30195630e-01
    7.95165420e-01 1.98738456e-01 5.76929271e-01 4.53442395e-01
    9.65020180e-01 7.39441037e-01 7.73601115e-01 5.97774744e-01
    6.76387370e-01 5.50355196e-01 3.28175187e-01 5.56391954e-01
    7.57262945e-01 4.27000791e-01 9.84122157e-02 6.87375724e-01
    2.43192911e-03 9.68327880e-01 1.78866386e-02 9.00121033e-01
    8.91008019e-01 7.18730927e-01 7.71176755e-01 1.28568888e-01
    6.38201594e-01 3.00217927e-01 4.21012044e-02 7.55492330e-01
    7.86471069e-01 6.16888404e-02 5.96065283e-01 6.43985748e-01
    3.52830261e-01 8.92574072e-01 3.37603360e-01 1.23961866e-01
    1.48341715e-01 8.69957685e-01 8.53719711e-01 9.05294299e-01
    7.76530027e-01 8.76264274e-01 4.07195449e-01 8.60634506e-01
    2.96377599e-01 3.44376981e-01 5.24171293e-02 9.22292292e-01
    3.11511755e-01 9.85091805e-01 2.80916214e-01 3.16890329e-01
    4.36579287e-01 6.59899116e-02 2.48095155e-01 8.92169416e-01
    7.03505635e-01 5.13204992e-01 2.37370223e-01 2.55713284e-01
    3.31961036e-01 9.34388280e-01 4.28882927e-01 5.90030134e-01
    8.32465589e-01 9.33127403e-01 3.50653917e-01 9.96171534e-02
    9.52406645e-01 6.89636409e-01 3.26168060e-01 3.25681657e-01
    6.05541110e-01 3.42806101e-01 2.70428807e-01 6.32544637e-01
    8.08222294e-01 9.47154045e-01 6.52063549e-01 9.80912089e-01
    8.01434636e-01 1.25612766e-01 9.02512372e-02 6.65607750e-01
    9.02700186e-01 1.80698931e-01 7.49625206e-01 5.08078694e-01
    1.97339326e-01 3.86961102e-01 3.50959957e-01 5.96196830e-01
    5.10456264e-01 2.81199098e-01 1.10260874e-01 3.18868399e-01
    3.82350832e-01 6.92274511e-01 4.02444869e-01 7.11816728e-01
    6.01851463e-01 2.29698807e-01 4.65636343e-01 8.99219692e-01
    2.24597007e-01 1.34730130e-01 9.94561553e-01 1.14906698e-01
    3.94012153e-01 4.09021109e-01 5.00813663e-01 1.93956345e-01
    2.14929849e-01 2.90916115e-01 1.35428816e-01 3.64490211e-01
    7.06057549e-02 3.80336374e-01 3.27517450e-01 9.18638349e-01
    4.43735778e-01 9.19157863e-01 6.13408089e-01 4.87067491e-01
    6.01705194e-01 3.58218014e-01 2.38932669e-02 8.92892778e-02
    7.12682009e-01 6.91295803e-01 9.59715605e-01 9.07211125e-01
    8.81303668e-01 3.39235961e-02 6.86714232e-01 9.91034567e-01
    2.93283761e-02 7.50157058e-01 6.48221076e-01 5.38721442e-01
    5.77122271e-02 7.89909065e-02 5.99723339e-01 5.22668958e-01
    1.81026250e-01 8.33232403e-01 1.24477297e-01 1.26685172e-01
    4.33861524e-01 1.12451136e-01 8.41870189e-01 2.66492754e-01
    3.35515738e-01 2.75367022e-01 8.79266858e-02 5.22645891e-01
    1.05872184e-01 4.90193278e-01 2.19818324e-01 6.55884087e-01
    1.05973601e-01 3.12922835e-01 5.11609077e-01 6.91891670e-01
    7.35819042e-02 3.78867537e-01 9.35668707e-01 3.70561182e-02
    1.95138365e-01 7.18475759e-01 3.11499417e-01 2.93628335e-01
    8.81392956e-01 5.01907289e-01 5.54525197e-01 9.09246564e-01
    1.89964116e-01 3.90423834e-02 3.86027485e-01 3.20926040e-01
    4.66404885e-01 4.83651191e-01 5.51216245e-01 4.67911571e-01
    1.80777550e-01 5.27280748e-01 5.63068211e-01 2.64765620e-01
    1.89108402e-01 3.70553493e-01 4.65965480e-01 1.87297404e-01
    8.83462310e-01 6.23541236e-01 8.84976089e-02 9.98018920e-01
    7.27243781e-01 3.74661416e-01 4.05261636e-01 6.26460969e-01
    3.58991325e-02 7.86042273e-01 3.38626206e-02 7.18416333e-01
    2.64676988e-01 9.06233847e-01 6.26365840e-01 6.79956496e-01
    7.40830898e-01 9.12851274e-01 5.20509779e-02 6.78506851e-01
    9.97154236e-01 9.94652987e-01 4.69729632e-01 8.74431252e-01
    7.88709998e-01 6.01647794e-01 5.43593407e-01 1.10667109e-01
    3.98176551e-01 9.39540744e-01 6.35813773e-01 5.41819453e-01
    1.34103686e-01 6.72490954e-01 9.46765125e-01 8.94031286e-01
    1.20841771e-01 9.78312790e-01 1.82509303e-01 6.62363887e-01
    5.56808114e-01 5.83988786e-01 4.59961385e-01 7.73284495e-01
    9.58329916e-01 2.41836697e-01 4.50022727e-01 9.85387325e-01
    6.45642996e-01 6.81928575e-01 8.92964482e-01 5.30497432e-01
    3.86167854e-01 9.99377847e-01 2.18749791e-01 3.19249034e-02
    1.10233098e-01 9.07211721e-01 4.12464380e-01 6.15881622e-01
    5.13810515e-02 4.96414274e-01 3.08294326e-01 7.08630025e-01
    2.56480962e-01 9.69861090e-01 7.68844843e-01 8.09531093e-01
    5.92826128e-01 5.29574871e-01 3.01814675e-02 7.84688473e-01
    7.85048783e-01 3.78908247e-01 4.26101685e-02 2.51736939e-01
    1.93809122e-01 8.74989808e-01 3.38751435e-01 2.89400280e-01
    2.31241643e-01 5.65938890e-01 4.33571041e-01 4.39920664e-01
    6.63264036e-01 2.26803869e-01 6.61488831e-01 6.02101445e-01
    6.07843757e-01 8.12695026e-01 5.57245195e-01 9.03512478e-01
    7.39592552e-01 6.58823252e-02 4.62886572e-01 4.31362748e-01
    1.27761215e-01 1.71207488e-02 4.23095077e-01 1.15823865e-01
    7.39469111e-01 9.09177661e-01 6.21823430e-01 6.50445580e-01
    3.65389884e-01 1.35731399e-02 7.57710218e-01 7.14303076e-01
    7.83514857e-01 9.25640583e-01 7.17307925e-01 3.61331582e-01
    5.18875062e-01 9.18697536e-01 5.89206994e-01 1.25794709e-01
    2.44367808e-01 9.15042043e-01 9.85654235e-01 3.58814657e-01
    9.83827829e-01 8.88419390e-01 2.87275195e-01 8.12221408e-01
    9.63026941e-01 3.85927111e-01 6.91378415e-02 9.62058306e-01
    6.58015609e-01 3.66365910e-01 3.36916178e-01 7.04156578e-01
    5.49787402e-01 1.84335440e-01 4.86896425e-01 4.98807579e-01
    5.71232915e-01 2.64949948e-01 6.11220181e-01 8.35481167e-01
    8.15742373e-01 1.05181038e-02 8.37154806e-01 9.78677630e-01
    8.25847030e-01 5.48708856e-01 5.60706437e-01 2.17984051e-01
    1.10062122e-01 4.36443418e-01 9.63376462e-01 4.32627857e-01
    4.51792985e-01 7.66018510e-01 4.03813124e-01 7.34724700e-02
    4.05278742e-01 6.12361133e-02 5.70356548e-02 1.42842621e-01
    6.20801628e-01 9.49189961e-02 3.74599397e-01 9.47138548e-01
    6.71916127e-01 5.30725241e-01 4.29149270e-01 4.08735067e-01
    8.54694963e-01 1.36559963e-01 1.97835177e-01 3.65878373e-01
    7.58600175e-01 2.30725229e-01 1.65179580e-01 9.43351030e-01
    5.05410433e-02 6.81240201e-01 9.69727635e-01 6.72758579e-01
    9.00397539e-01 2.60341972e-01 2.63382405e-01 4.25607562e-01
    2.18800664e-01 8.07036459e-01 4.11515683e-01 1.18616194e-01
    7.65954077e-01 1.76159441e-01 8.46983492e-02 9.16806936e-01
    7.46311009e-01 3.79736125e-02 1.82779610e-01 9.39320922e-02
    8.65217686e-01 1.39158249e-01 6.21359587e-01 1.04466885e-01
    1.38076782e-01 6.02969527e-03 9.95891213e-01 7.51606822e-02
    5.94727039e-01 4.35024142e-01 2.83549011e-01 3.19149375e-01
    8.22770953e-01 3.90260279e-01 6.84356332e-01 6.61495507e-01
    5.95189571e-01 1.97893977e-02 3.47760320e-01 1.31325066e-01
    1.82421803e-01 8.72410297e-01 8.18436623e-01 2.01425850e-02
    5.65109313e-01 9.70093727e-01 3.78125966e-01 5.60955822e-01
    3.94470990e-01 3.87113333e-01 1.66800022e-01 6.98932111e-01
    1.92529649e-01 2.19771147e-01 2.66104817e-01 8.61554682e-01
    5.94846666e-01 2.61902183e-01 7.28920639e-01 4.39833224e-01
    2.60945857e-01 6.99692905e-01 2.29087919e-01 9.78347838e-01
    7.27115750e-01 7.42381096e-01 2.39240676e-01 1.15818381e-01
    8.11140418e-01 8.07801247e-01 6.17972016e-02 7.30959535e-01
    1.56374782e-01 8.29158783e-01 1.54833168e-01 2.09535062e-02
    1.01973712e-01 2.16513515e-01 3.35543752e-01 2.10230410e-01
    8.98870111e-01 8.39039326e-01 7.87630856e-01 7.98542857e-01
    8.07878137e-01 2.83633351e-01 3.43899608e-01 8.81704211e-01
    9.09186482e-01 8.30581009e-01 5.28696358e-01 6.61061883e-01
    5.69685161e-01 6.81101918e-01 8.48600209e-01 4.41746473e-01
    6.73436999e-01 5.05663216e-01 9.32872415e-01 8.98830414e-01
    8.84642601e-02 8.52459848e-01 7.62891412e-01 3.81497145e-01
    4.66276944e-01 8.17401469e-01 1.33743078e-01 5.03719747e-01
    7.89347768e-01 9.45739806e-01 1.30680501e-01 4.36737329e-01
    1.96003795e-01 6.28315330e-01 8.58433127e-01 4.76932824e-02
    4.09692764e-01 7.26170421e-01 5.37162721e-02 2.12165475e-01
    9.39774752e-01 2.52376139e-01 6.54678643e-01 6.05701208e-02
    4.43866909e-01 3.03860188e-01 5.22196233e-01 2.60935009e-01
    6.55560076e-01 1.68588251e-01 1.45195514e-01 2.09564030e-01
    2.48502135e-01 1.12153888e-02 7.74661183e-01 5.15642285e-01
    7.86595941e-01 1.71836883e-01 1.23676211e-01 4.92876589e-01
    4.34928775e-01 2.29484379e-01 2.72357643e-01 9.61465359e-01
    5.59746742e-01 1.45999610e-01 8.60377848e-02 2.79007435e-01
    2.93036282e-01 4.77933049e-01 7.02294111e-02 5.34543157e-01
    8.10383439e-01 9.65221882e-01 7.42523015e-01 3.54010612e-01
    9.44543123e-01 2.69072294e-01 8.25891733e-01 5.70995331e-01
    8.98607850e-01 5.41284084e-02 1.92925930e-02 9.43506956e-01
    6.47002578e-01 6.31058037e-01 5.07185161e-01 3.59449625e-01
    7.97971606e-01 1.22213364e-02 7.59395659e-02 5.51851511e-01
    4.72238541e-01 8.19646478e-01 6.61760211e-01 2.50524700e-01
    9.76128459e-01 9.62337434e-01 8.87228489e-01 6.34019136e-01
    4.46684808e-01 4.22347844e-01 6.43365145e-01 1.18794471e-01
    6.08186901e-01 7.73527861e-01 9.49341059e-01 9.50482070e-01
    5.96875846e-01 8.11604679e-01 2.61713028e-01 9.23159957e-01
    6.87982500e-01 6.61686242e-01 4.18454498e-01 8.14280331e-01
    6.53670251e-01 5.62739491e-01 8.47942770e-01 8.20900321e-01
    6.19882941e-01 8.43062401e-01 5.89343190e-01 1.64911866e-01
    5.98030508e-01 8.61200809e-01 2.50097960e-01 5.31286895e-01
    9.89053726e-01 3.41894984e-01 8.52576792e-02 8.44788313e-01
    4.51102108e-01 6.61727309e-01 9.73605096e-01 1.89881057e-01
    4.87890750e-01 8.06632757e-01 7.07258046e-01 8.20855618e-01
    5.03849626e-01 9.28979635e-01 5.96618354e-02 8.52126062e-01
    2.99232423e-01 4.71503735e-01 9.79523301e-01 1.00110769e-02
    3.21040094e-01 7.41128445e-01 7.57537603e-01 6.90290332e-01
    8.83829117e-01 4.79923308e-01 1.46007925e-01 1.84795201e-01
    4.81443554e-01 3.11558247e-02 4.27912831e-01 3.94228518e-01
    8.21403623e-01 8.33775878e-01 1.07387125e-01 3.77302438e-01
    4.17146385e-01 9.32363987e-01 2.58108139e-01 8.28671813e-01
    1.67494744e-01 8.54664445e-02 2.24393606e-03 9.86344457e-01
    8.27343941e-01 9.99447823e-01 3.68884206e-03 2.77947843e-01
    9.06430244e-01 4.67315584e-01 3.29501688e-01 5.00429928e-01
    1.26253396e-01 7.53042340e-01 1.36523724e-01 3.11843455e-01
    6.91848934e-01 5.58416724e-01 8.85895014e-01 3.44177365e-01
    6.40652120e-01 1.11909986e-01 3.07452470e-01 7.08985627e-01
    8.89516175e-01 3.53823662e-01 8.36834192e-01 1.12030983e-01
    3.80708575e-01 1.44558758e-01 9.17628706e-01 4.44514453e-01
    9.94185805e-01 9.38230157e-01 4.84105378e-01 2.74070799e-01
    8.29606354e-02 1.83820069e-01 1.79767787e-01 8.18322897e-01
    5.21184385e-01 2.65830994e-01 6.27678633e-01 2.20541090e-01
    6.42037630e-01 1.75779909e-01 6.66994452e-02 7.87538648e-01
    3.06869090e-01 1.72142535e-01 1.64763749e-01 5.60676515e-01
    1.54964328e-01 4.94866282e-01 2.86794990e-01 4.19479579e-01
    2.46142447e-01 5.71124792e-01 7.45036900e-02 2.58576483e-01
    6.96225762e-02 8.19062293e-01 9.53312039e-01 4.79119301e-01
    2.09432572e-01 1.48453653e-01 1.96561098e-01 7.58691072e-01
    4.49457884e-01 5.74601889e-02 4.49740767e-01 1.48576111e-01
    8.01552176e-01 2.94651091e-01 9.79269266e-01 8.22032511e-01
    2.43823707e-01 1.15614802e-01 6.96863592e-01 7.48680353e-01
    3.69032979e-01 8.47499728e-01 4.85502928e-01 8.08008909e-01
    4.33341473e-01 2.06497490e-01 8.99704814e-01 2.61743665e-01
    2.32833624e-03 8.86378884e-01 1.93819284e-01 8.58473718e-01
    4.90270615e-01 9.76145864e-01 9.86008406e-01 5.97932220e-01
    2.67330348e-01 5.08521914e-01 1.94726735e-01 9.72169876e-01
    8.23370516e-02 5.08471191e-01 9.68395114e-01 6.83200955e-01
    8.61441731e-01 4.53454733e-01 1.63369715e-01 3.33713681e-01
    7.27433264e-01 6.24398291e-01 7.92088866e-01 8.89665008e-01
    8.25141966e-01 6.98000193e-01 5.91193914e-01 7.62094378e-01
    3.40721905e-02 6.29429519e-02 2.93910265e-01 5.68923235e-01
    8.26724887e-01 9.12262321e-01 4.55150008e-01 5.61480463e-01
    7.96558499e-01 3.19367886e-01 4.63342220e-01 1.00327432e-01
    6.15311086e-01 5.85783303e-01 6.65941834e-03 8.62367749e-01
    4.39412445e-01 6.33737087e-01 6.50561452e-01 7.52615452e-01
    6.31297290e-01 4.96601850e-01 4.48206782e-01 7.27817655e-01
    6.87258005e-01 3.50706667e-01 9.31022882e-01 4.76953655e-01
    2.57407188e-01 8.87096882e-01 7.89771557e-01 3.37913930e-01
    2.00231552e-01 9.28367972e-02 1.36213064e-01 6.70022368e-01
    7.20244169e-01 2.63128281e-02 9.86222506e-01 9.54105675e-01
    7.70547926e-01 4.58201349e-01 5.21335781e-01 1.38728231e-01
    7.91784763e-01 9.85415459e-01 6.95185542e-01 4.95647788e-01
    5.25433004e-01 5.39079130e-01 4.51983094e-01 2.41892219e-01
    8.46633494e-01 7.09930837e-01 8.74028444e-01 3.11596155e-01
    1.85531586e-01 3.73408198e-01 7.10991800e-01 6.89343929e-01
    2.14958280e-01 7.26789057e-01 3.63146394e-01 9.04235482e-01
    3.60333323e-01 1.46614999e-01 5.00780225e-01 3.24427783e-02
    9.24798548e-02 3.74197930e-01 5.95200002e-01 2.26814181e-01
    8.55772018e-01 8.19828868e-01 4.37005401e-01 8.00728858e-01
    5.59697926e-01 2.91176081e-01 7.02312052e-01 5.77059269e-01
    8.74010086e-01 7.26011395e-03 8.97723675e-01 6.92821026e-01
    7.68186450e-01 7.69637287e-01 9.44612384e-01 5.53047657e-02
    8.87700200e-01 6.66888833e-01 6.31234705e-01 5.47384441e-01
    5.88971555e-01 5.43745100e-01 7.96100378e-01 9.72812116e-01
    3.95694643e-01 9.02469754e-01 6.80831671e-01 4.67821538e-01
    2.59535015e-02 5.40097952e-01 4.31397647e-01 5.70354104e-01
    4.79006171e-01 3.99321169e-01 8.98482502e-02 8.13953519e-01
    5.00963628e-02 1.46161526e-01 4.81921077e-01 4.98513907e-01
    3.75813276e-01 2.76304781e-02 2.40558088e-01 8.98829699e-01
    9.25705492e-01 8.01378191e-01 6.23796999e-01 9.92609560e-01
    4.39679980e-01 6.20117962e-01 9.60129142e-01 8.70854497e-01
    6.78614378e-01 4.44913089e-01 3.19796324e-01 7.54760623e-01
    8.84490371e-01 5.19837439e-02 4.44119155e-01 7.95689225e-01
    5.03470242e-01 3.53875458e-01 6.62812889e-01 8.07392478e-01
    6.92357302e-01 5.59555411e-01 9.80247617e-01 9.63333607e-01
    1.45976543e-01 2.28318423e-01 7.11208105e-01 6.83110952e-01
    4.58670318e-01 8.33347142e-01 9.51746404e-02 6.16970420e-01
    6.54771745e-01 2.02027768e-01 3.11536610e-01 9.65208054e-01
    3.24563205e-01 9.20710444e-01 2.95703262e-01 7.58451939e-01
    3.35502416e-01 8.16110969e-02 1.27168417e-01 3.35416943e-01
    4.64488745e-01 1.02913886e-01 6.20901585e-04 6.57465816e-01
    1.03602707e-02 2.37700462e-01 5.64181209e-01 6.32619023e-01
    7.38679826e-01 9.59807158e-01 1.57931894e-01 9.69072819e-01
    8.80948305e-01 2.33825833e-01 8.74523580e-01 7.32642174e-01
    1.98081315e-01 1.27792865e-01 9.95260000e-01 6.89912200e-01
    9.74000871e-01 6.75577760e-01 6.97600543e-01 5.88639379e-01
    9.36346292e-01 1.50664449e-02 4.40801680e-01 4.72078919e-02
    5.72432995e-01 9.84283507e-01 6.74812853e-01 1.93041056e-01
    2.84266293e-01 6.48171604e-02 7.76733756e-02 2.11326838e-01
    9.78767872e-01 1.26511544e-01 7.91958869e-02 9.38991189e-01
    1.05208963e-01 2.47713804e-01 8.76094103e-01 6.80054784e-01
    3.12533081e-01 7.03547478e-01 3.43177438e-01 9.16127145e-01
    3.37540030e-01 8.22927177e-01 2.31967628e-01 8.51899207e-01
    1.72667503e-01 8.05803418e-01 6.43362224e-01 6.03596091e-01
    9.53685403e-01 9.92469549e-01 9.86102462e-01 6.66173220e-01
    2.55314112e-01 5.06369650e-01 8.12366605e-01 7.93422580e-01
    2.12125808e-01 4.83635098e-01 6.01374924e-01 5.28521657e-01
    1.32600039e-01 2.36930430e-01 8.61408710e-02 3.27428430e-01
    1.99396342e-01 5.18748283e-01 7.14230299e-01 4.37611341e-02
    7.17312694e-02 8.66441131e-01 2.44517833e-01 4.62618768e-01
    2.32916772e-02 8.42395484e-01 8.34736228e-01 4.79060352e-01
    1.84188902e-01 3.49059016e-01 7.16743827e-01 2.61505961e-01
    4.07921314e-01 7.82138824e-01 6.57875657e-01 9.06950474e-01
    9.02935624e-01 8.78976345e-01 4.42616373e-01 4.32134092e-01
    3.34357023e-01 6.02441549e-01 5.80800712e-01 4.63711441e-01
    8.99876058e-01 8.19670677e-01 8.78612578e-01 2.84655154e-01
    5.90287268e-01 4.04851943e-01 3.44777733e-01 8.40751648e-01
    5.34451902e-02 8.22882295e-01 2.34052211e-01 8.87431026e-01
    7.77995110e-01 7.48083591e-01 8.50745440e-01 6.62692845e-01
    9.16309714e-01 3.04321110e-01 8.91232252e-01 8.77693892e-02
    2.65728354e-01 6.49940133e-01 2.72738874e-01 3.54715765e-01
    9.30283666e-01 8.67751241e-01 9.79317427e-01 1.04804695e-01
    5.42742372e-01 3.24495077e-01 1.64783329e-01 4.42326576e-01
    8.84223342e-01 8.98046970e-01 6.97299480e-01 2.92206109e-02
    8.25153232e-01 5.32917380e-02 1.36566162e-02 1.33634299e-01
    5.12808323e-01 8.46762657e-01 8.96665931e-01 4.43263352e-01
    7.74565220e-01 3.50508809e-01 3.04316193e-01 6.43946171e-01
    2.66542345e-01 6.96007490e-01 3.00642550e-01 4.30947512e-01
    6.67707920e-01 5.04549265e-01 9.57586408e-01 7.85525501e-01
    9.80602503e-01 7.19246745e-01 3.58890116e-01 6.75896227e-01
    7.22008407e-01 9.81582820e-01 6.24858797e-01 8.81760955e-01
    2.33641863e-02 7.63782024e-01 8.09059858e-01 5.98427236e-01
    6.95910990e-01 6.88803375e-01 1.56756401e-01 8.35477173e-01
    5.16970098e-01 4.48972881e-02 7.51917660e-01 5.41275859e-01
    7.00398743e-01 6.28971756e-02 2.34354287e-01 6.20088279e-01
    7.88194478e-01 4.54925507e-01 2.01793879e-01 3.19982171e-02
    9.52062666e-01 3.91641855e-01 1.98660880e-01 5.65704226e-01
    4.92380232e-01 4.50026184e-01 2.56988823e-01 8.92112434e-01
    2.73659676e-01 3.79759967e-01 2.12010980e-01 4.34925497e-01
    6.73297405e-01 5.77935219e-01 4.38480735e-01 5.89114308e-01
    2.40053684e-01 8.69518816e-02 9.42134440e-01 8.37840676e-01
    9.47289467e-01 4.82198209e-01 7.26651251e-01 4.92054671e-01
    2.48339653e-01 7.38640606e-01 5.11015356e-01 5.91186225e-01
    7.01632559e-01 6.55894697e-01 7.37729490e-01 1.36511236e-01
    4.54704493e-01 8.73922169e-01 6.43674016e-01 1.32824540e-01
    3.77995491e-01 3.46090734e-01 5.75717568e-01 3.67418200e-01
    3.58058810e-01 1.98774338e-02 5.25514185e-01 5.26992083e-01
    4.41682667e-01 2.65709758e-02 1.86056972e-01 3.69394124e-01
    3.60042989e-01 4.23048794e-01 2.73285806e-01 3.09278786e-01
    9.68833804e-01 1.35136783e-01 5.17285585e-01 5.46510398e-01
    8.39508176e-01 9.57862735e-01 1.23420388e-01 3.83170605e-01
    9.36979532e-01 2.18898594e-01 4.21377838e-01 5.65479040e-01
    7.67591000e-01 9.21125650e-01 1.16882324e-01 6.15366161e-01
    2.20929384e-02 9.48126078e-01 7.36005366e-01 9.24760997e-01
    6.40948892e-01 1.09033406e-01 3.73926610e-01 4.52880710e-01
    4.94384795e-01 7.53880203e-01 4.06288028e-01 9.61021543e-01
    7.89341033e-02 1.44083798e-01 4.93303686e-01 4.87742275e-01
    3.78129661e-01 4.12432939e-01 1.86370552e-01 2.92367339e-02
    2.15991586e-01 6.88164175e-01 5.23787975e-01 8.35377693e-01
    1.96907133e-01 2.29890585e-01 3.49592865e-01 1.93346500e-01
    7.88925529e-01 3.71478200e-02 5.07219136e-01 2.51466095e-01
    4.15218174e-02 9.24708843e-01 3.10479581e-01 6.99432075e-01
    1.53469473e-01 4.86892492e-01 6.11473262e-01 9.86377001e-01
    8.11883807e-03 4.07915115e-02 9.99063432e-01 5.90613902e-01
    3.60774100e-02 6.70845270e-01 7.23525226e-01 8.14548552e-01
    4.12776977e-01 9.07237172e-01 4.92396861e-01 1.44160390e-02
    8.72360349e-01 4.99674648e-01 9.75597918e-01 3.34039807e-01
    3.78489166e-01 6.64459109e-01 4.24841046e-02 3.87891710e-01
    2.69110441e-01 5.67714572e-02 1.38905168e-01 1.73598349e-01
    1.74472570e-01 9.51285064e-01 2.14847535e-01 7.78688908e-01
    1.60447478e-01 4.43557441e-01 8.64007950e-01 4.23584729e-01
    7.39316881e-01 4.59138036e-01 1.48851871e-01 6.57200933e-01
    7.15135336e-02 6.87149882e-01 3.12599361e-01 1.10386938e-01
    3.68935436e-01 7.20848382e-01 3.41156423e-01 3.89980763e-01
    8.61858070e-01 2.66511440e-01 4.33964908e-01 6.87238455e-01
    7.59139657e-01 6.76803589e-01 6.67586625e-02 4.21005607e-01
    6.11460805e-01 9.00502324e-01 9.69613016e-01 7.14703202e-02
    7.18763113e-01 5.00774145e-01 6.94951594e-01 5.08633494e-01
    5.43171167e-03 3.49919617e-01 6.48269475e-01 6.57407403e-01
    8.10525417e-02 6.18379831e-01 6.00291252e-01 9.53296185e-01
    6.12024844e-01 9.27095354e-01 7.82183290e-01 4.52676773e-01
    2.23358423e-01 4.38226610e-01 3.07621062e-01 1.62084222e-01
    8.24781537e-01 5.49938083e-02 1.96750820e-01 6.12304151e-01
    4.11101818e-01 3.81202608e-01 6.46433651e-01 7.60952353e-01
    3.09598148e-01 9.59062815e-01 1.30876452e-01 8.44659448e-01
    8.08673382e-01 6.92782998e-01 7.42150724e-01 6.09768867e-01
    3.63574177e-01 6.69236541e-01 9.96696115e-01 5.91065526e-01
    5.28951049e-01 2.94741660e-01 3.74628544e-01 6.12079144e-01
    7.85332918e-01 2.69183278e-01 8.62028241e-01 4.22940463e-01
    5.26731789e-01 3.27212214e-01 3.48781794e-01 7.30598748e-01
    6.52861357e-01 5.40095448e-01 3.34413171e-01 6.50187194e-01
    4.81567383e-01 9.41669464e-01 6.81108713e-01 7.06827521e-01
    9.20026183e-01 4.06313658e-01 4.43528950e-01 3.53578478e-01
    8.83327842e-01 5.87002158e-01 2.99586296e-01 8.79027843e-01
    6.01189494e-01 3.10730964e-01 7.19552398e-01 9.12763178e-01
    3.74772549e-01 6.42613173e-02 4.87384766e-01 4.94382083e-01
    5.23316920e-01 9.43876147e-01 8.31206799e-01 5.92170119e-01
    4.36039269e-02 1.65810823e-01 9.30774212e-01 5.36007404e-01
    1.61728203e-01 1.00453168e-01 6.44839048e-01 4.65794593e-01
    8.66498351e-02 6.95418417e-01 8.93567443e-01 6.84152603e-01
    4.43446159e-01 8.83405924e-01 7.30486989e-01 8.23806942e-01
    3.53831887e-01 9.12317395e-01 8.14516842e-01 4.46050882e-01
    4.05405819e-01 4.38118637e-01 8.27963829e-01 9.84766722e-01
    1.01980895e-01 2.91033924e-01 6.62049532e-01 6.42040849e-01
    4.26156998e-01 9.23815370e-03 1.19782150e-01 8.14331770e-02
    3.62914860e-01 8.21660876e-01 7.08038986e-01 5.64022422e-01
    3.21677506e-01 7.50225782e-02 6.33232296e-01 3.89309973e-01
    2.66356975e-01 9.13780749e-01 4.69906986e-01 7.87515104e-01
    1.97400510e-01 1.56208247e-01 1.10473543e-01 8.64161491e-01
    2.30469197e-01 6.19846404e-01 1.54220462e-01 3.82368863e-01
    6.15479410e-01 4.58433867e-01 7.30842471e-01 6.38522923e-01
    1.20308816e-01 7.71404862e-01 4.32630807e-01 7.35395789e-01
    6.27136290e-01 4.17474627e-01 3.68448138e-01 6.64337933e-01
    2.25888342e-01 4.79197085e-01 1.43993437e-01 1.78538352e-01
    1.29237324e-01 2.53362060e-01 6.51174545e-01 3.07671130e-01
    6.91869259e-01 5.01803875e-01 2.63320506e-01 6.72078252e-01
    7.16516554e-01 3.94438237e-01 9.03661251e-01 6.05714798e-01
    3.18136513e-02 8.72124434e-02 5.31260371e-02 5.63916147e-01
    4.76148486e-01 1.29064232e-01 5.26752949e-01 9.10379887e-01
    1.58149302e-01 5.74396014e-01 6.82202518e-01 9.68381345e-01
    6.84539020e-01 1.31998569e-01 8.03903639e-02 8.87268364e-01
    1.55292779e-01 8.75340581e-01 2.42644310e-01 1.12674445e-01
    9.14105177e-01 2.79642880e-01 8.57847035e-02 5.32826960e-01
    6.59479439e-01 2.16278881e-01 6.64409876e-01 7.57160246e-01
    6.97079182e-01 2.60788560e-01 5.80208600e-01 4.85904187e-01
    6.33864701e-02 2.21178353e-01 4.53510106e-01 8.71004581e-01
    8.52759480e-02 1.57280982e-01 5.73615253e-01 8.46995473e-01
    3.42891574e-01 3.57445359e-01 2.81052589e-01 7.69993961e-02
    3.25699031e-01 4.80867863e-01 9.00557637e-03 8.95123601e-01
    1.22250199e-01 9.14337456e-01 3.83839399e-01 6.83590889e-01
    4.30440247e-01 9.76688266e-01 3.43158007e-01 7.64605403e-01
    9.31855321e-01 4.14468378e-01 3.07116389e-01 7.58645296e-01
    2.19029248e-01 5.73903024e-01 6.46478415e-01 6.85831606e-01
    6.83967948e-01 9.18217897e-01 1.22059375e-01 4.41412777e-01
    1.15220487e-01 7.98585534e-01 8.35330188e-01 5.13230026e-01
    7.55636096e-01 9.85325634e-01 7.93996215e-01 7.82947779e-01
    4.97912765e-01 3.24703127e-01 9.93437171e-01 9.03672040e-01
    4.53308225e-01 5.61699331e-01 6.47808015e-02 3.96520525e-01
    2.30023652e-01 4.41711694e-01 2.01750785e-01 6.07117712e-01
    4.09608662e-01 3.81903529e-01 7.49929488e-01 5.43510079e-01
    7.31007457e-02 7.44714439e-01 5.09132206e-01 6.13693357e-01
    5.52789271e-01 3.17038834e-01 6.06656790e-01 6.10505342e-01
    9.74259496e-01 8.37396026e-01 3.97162706e-01 6.88237250e-02
    9.61176455e-02 8.11145186e-01 6.83935761e-01 8.20918739e-01
    9.98388588e-01 3.25079858e-01 9.18184280e-01 8.18003595e-01
    7.87820816e-01 3.80363882e-01 4.76405352e-01 8.23643208e-01
    5.84014654e-02 8.38138580e-01 2.92171210e-01 2.54709631e-01
    5.45125127e-01 9.68250155e-01 3.80426645e-04 8.99090528e-01
    6.95989847e-01 6.55251682e-01 9.64894652e-01 9.68279719e-01
    2.44441569e-01 3.57142866e-01 1.36138767e-01 7.60903358e-02
    6.84614718e-01 6.35522962e-01 5.62426269e-01 7.59099722e-01
    5.95871210e-01 6.07038915e-01 9.70164895e-01 3.08361053e-02
    9.60775375e-01 1.81646049e-02 2.34495580e-01 3.77544761e-02
    3.05571854e-01 8.12174916e-01 5.71008146e-01 9.99910712e-01
    4.11684841e-01 2.52141625e-01 2.96863019e-02 6.88146472e-01
    8.93962264e-01 7.82113910e-01 3.00550491e-01 2.70272940e-01
    9.82783139e-01 6.98541880e-01 9.91249382e-02 9.90572453e-01
    4.45787340e-01 8.22390556e-01 7.55082428e-01 6.04107976e-03
    4.02903855e-01 3.95963430e-01 4.08939540e-01 9.90423799e-01
    9.17942047e-01 5.29727340e-01 4.79364336e-01 7.64592350e-01
    1.68220907e-01 6.56531453e-01 3.27098131e-01 9.82036829e-01
    7.63742208e-01 5.53234696e-01 2.50998437e-02 2.42902398e-01
    8.71258974e-01 8.67014170e-01 1.03641123e-01 4.19816732e-01
    3.10911894e-01 6.93637133e-01 4.69578564e-01 5.13604701e-01
    4.48094517e-01 4.40917373e-01 7.95816839e-01 9.22754645e-01
    6.71167672e-01 2.99901128e-01 3.86784554e-01 1.96587920e-01
    2.91576087e-01 5.72216213e-01 7.70834565e-01 8.46434712e-01
    4.27339047e-01 4.64197725e-01 5.93915761e-01 2.11399496e-02
    7.94499278e-01 6.32539093e-01 4.72193062e-01 1.85945272e-01
    4.56704199e-01 3.99581224e-01 2.17275053e-01 1.48989081e-01
    7.81870782e-02 1.55887336e-01 3.42638671e-01 6.74767494e-01
    6.90541506e-01 3.30688477e-01 1.11152291e-01 9.37738061e-01
    5.51290214e-01 6.71202898e-01 5.19154370e-01 2.25514889e-01
    6.07436717e-01 3.83911133e-02 7.00592041e-01 6.22718990e-01
    9.55055475e-01 8.84728193e-01 5.53421617e-01 6.94164991e-01
    7.35251427e-01 5.44248104e-01 7.21861482e-01 4.76729155e-01
    7.23019838e-01 4.30071980e-01 2.80491650e-01 2.99815834e-01
    7.45798349e-01 2.09304899e-01 9.16088223e-01 5.48622251e-01
    6.03650391e-01 9.18470263e-01 8.53167892e-01 7.80981898e-01
    8.69273126e-01 6.91879153e-01 5.66393435e-02 1.85369968e-01
    9.29006696e-01 4.97259825e-01 8.96040380e-01 4.00043964e-01
    1.53101087e-02 6.72727227e-02 2.47906834e-01 3.42592597e-01
    8.53225350e-01 8.22882533e-01 7.57770300e-01 1.81101173e-01
    8.80093575e-02 4.34695840e-01 7.72710800e-01 6.43178284e-01
    6.55645728e-02 2.59273648e-02 9.99203920e-01 2.83555090e-02
    3.80104065e-01 1.56010479e-01 2.18223453e-01 7.70061851e-01
    3.12121630e-01 3.63103539e-01 8.07265401e-01 8.39770734e-02
    6.54114127e-01 8.91201675e-01 3.47059965e-01 7.39127278e-01
    5.42889416e-01 8.39622259e-01 3.83728445e-01 5.72026968e-01
    1.37052119e-01 7.92276859e-01 1.81443572e-01 7.91026950e-01
    2.23566741e-01 8.42859447e-01 1.42405033e-01 3.80325496e-01
    1.17719889e-01 5.28111517e-01 8.01635265e-01 9.74094272e-01
    8.40797246e-01 7.80011058e-01 6.86559260e-01 5.74883759e-01
    6.81163073e-01 8.93665373e-01 8.75625491e-01 1.81959242e-01
    9.95933533e-01 2.90890068e-01 6.29513621e-01 1.02178007e-01
    2.00121105e-01 3.54397416e-01 4.93924707e-01 3.65362644e-01
    4.01491225e-01 5.35652757e-01 7.01752603e-01 2.50165462e-01
    6.99778676e-01 9.17192221e-01 8.36326122e-01 4.64612663e-01
    9.33416128e-01 9.72444534e-01 9.72984910e-01 1.87123954e-01
    2.08069682e-01 2.53946900e-01 8.96440387e-01 1.74805731e-01
    9.43691492e-01 4.90030348e-02 3.32277358e-01 3.49534124e-01
    1.56139523e-01 4.06080604e-01 8.28325152e-02 2.06756502e-01
    5.27858555e-01 2.03913122e-01 5.45880616e-01 8.59031796e-01
    1.58304423e-01 1.27839059e-01 6.39224648e-01 3.45902532e-01
    5.30494988e-01 8.27671409e-01 9.87931788e-01 2.94804543e-01
    3.45777243e-01 3.37189704e-01 9.72996116e-01 1.82741284e-01
    2.74503082e-01 4.54223543e-01 5.69123626e-01 3.67510617e-01
    2.63164580e-01 6.87464774e-01 7.19953239e-01 2.09506363e-01
    5.20594954e-01 5.00429571e-02 1.60386592e-01 9.89532888e-01
    8.55410695e-02 9.53555703e-01 3.88140678e-02 3.43229651e-01
    9.27872598e-01 7.14913666e-01 5.04646063e-01 9.89357352e-01
    7.41564512e-01 5.79385281e-01 9.63080883e-01 3.63767415e-01
    8.99231374e-01 2.33095050e-01 5.25241673e-01 9.25442100e-01
    5.87749481e-02 2.17593133e-01 7.97676146e-01 5.25122702e-01
    8.32125783e-01 1.54477924e-01 2.08719581e-01 4.06329364e-01
    2.08315164e-01 4.68493998e-01 2.91240215e-01 6.72752261e-01
    8.42912793e-01 6.66953921e-01 3.95050049e-01 5.17238081e-01
    3.04645091e-01 8.91618729e-02 5.46952128e-01 8.21768939e-01
    8.53536725e-01 9.50909734e-01 5.53461790e-01 6.93842769e-02
    1.51415795e-01 2.82753795e-01 7.41601110e-01 6.24140024e-01
    2.96234965e-01 5.34458876e-01 3.14473897e-01 1.33676231e-02
    9.96695518e-01 1.72841430e-01 5.20075202e-01 1.11162990e-01
    5.05915463e-01 1.60993993e-01 9.52835917e-01 2.84002125e-02
    6.91476166e-02 4.35220182e-01 2.69753963e-01 2.16934264e-01
    7.34707773e-01 3.73744965e-01 2.10260570e-01 8.61969531e-01
    1.12184763e-01 2.54842579e-01 5.02052248e-01 3.05258632e-01
    6.80324137e-02 6.82334721e-01 8.78481984e-01 8.33365321e-01
    1.15307629e-01 6.59650445e-01 2.51284540e-01 9.85945821e-01
    6.97159827e-01 2.47231454e-01 7.66160309e-01 3.18226397e-01
    3.36506754e-01 1.30839586e-01 8.23403776e-01 3.04795206e-01
    9.19265509e-01 8.40951085e-01 4.01940644e-02 7.86882877e-01
    9.54306662e-01 9.57436144e-01 3.40650499e-01 5.54774880e-01
    7.60768116e-01 2.99727261e-01 1.78366899e-01 2.28270143e-01
    2.73443371e-01 9.66286778e-01 6.54280722e-01 2.56247044e-01
    6.77996099e-01 8.64559293e-01 4.22155708e-01 3.19939375e-01
    5.90267062e-01 4.43089813e-01 1.22679770e-01 7.53004074e-01
    9.56686974e-01 8.49881530e-01 9.91758168e-01 6.56266212e-01
    6.15372002e-01 6.61018968e-01 8.05458665e-01 3.04247141e-01
    1.75535619e-01 3.54143500e-01 8.53956819e-01 3.76987934e-01
    7.15405166e-01 3.85880530e-01 5.96943140e-01 9.29903150e-01
    3.30638051e-01 4.15889919e-01 3.73758137e-01 7.73876727e-01
    2.58042037e-01 4.45805728e-01 7.41105437e-01 7.55246460e-01
    1.55723274e-01 8.91152382e-01 1.81296170e-01 8.01421404e-01
    2.66788244e-01 7.24602044e-02 9.84615624e-01 3.88606697e-01
    6.61861777e-01 3.55052799e-01 9.96895552e-01 7.04701245e-01
    3.82005870e-01 2.34378338e-01 5.01168966e-02 1.57261312e-01
    3.44689548e-01 2.61811316e-02 7.51515388e-01 8.01271200e-01
    2.48233408e-01 9.86136794e-01 2.01541603e-01 2.86558509e-01
    4.60842073e-01 3.94662261e-01 3.10613096e-01 3.65651309e-01
    7.08360493e-01 3.67881656e-02 7.85678923e-02 5.09352624e-01
    5.19368231e-01 5.37085712e-01 6.37129843e-01 6.04318976e-01
    1.47608519e-01 4.55563277e-01 4.99502689e-01 5.65541625e-01
    3.72986972e-01 6.18591666e-01 9.90562558e-01 3.87514293e-01
    5.03910959e-01 9.61828351e-01 9.68405783e-01 3.22986990e-01
    7.37180412e-02 7.32573807e-01 7.51073122e-01 9.25648332e-01
    1.45703673e-01 9.59067166e-01 4.13172483e-01 9.40619588e-01
    4.87950355e-01 5.00903428e-02 1.25424832e-01 7.23099232e-01
    7.82465041e-02 5.92877567e-02 5.90557158e-02 7.21529365e-01
    5.31051517e-01 9.59696651e-01 9.26598907e-01 4.50830847e-01
    8.59241009e-01 9.29881930e-02 7.83396125e-01 6.03513122e-01
    7.29532838e-01 1.90912724e-01 1.63360983e-01 7.45764673e-01
    5.17294109e-01 3.34845185e-01 9.35760379e-01 6.65401340e-01
    9.93394196e-01 8.30667853e-01 4.01072562e-01 4.46191400e-01
    6.43676758e-01 4.73939925e-01 2.44688511e-01 9.17127490e-01
    8.25127840e-01 3.76700431e-01 8.78366768e-01 2.17411369e-01
    7.64702082e-01 2.41471499e-01 2.17581451e-01 8.38610888e-01
    5.27512610e-01 9.28721309e-01 6.92811012e-01 7.78655410e-01
    8.64290059e-01 2.08598018e-01 1.33265048e-01 1.82757318e-01
    3.69433105e-01 9.56044793e-01 2.60534942e-01 1.51737601e-01
    2.57045418e-01 6.73489451e-01 4.57848817e-01 5.12734413e-01
    9.75580096e-01 1.32458121e-01 6.37833714e-01 9.69681859e-01
    5.25943398e-01 9.00050402e-02 1.80067718e-02 9.68733430e-02
    8.19961727e-02 7.58961320e-01 7.39687860e-01 2.90818810e-02
    4.44568008e-01 1.51366889e-01 2.76057303e-01 2.74555981e-02
    6.40569448e-01 5.91342211e-01 9.27919686e-01 8.07033956e-01
    2.75125086e-01 3.65862250e-01 9.76869583e-01 8.85179877e-01
    1.04034126e-01 3.23604643e-01 3.44143927e-01 7.65044332e-01
    4.75094020e-02 2.45831877e-01 5.17648935e-01 5.50627112e-02
    4.33755726e-01 3.32203120e-01 5.72912455e-01 2.64202118e-01
    7.04030097e-01 8.52228880e-01 1.10356212e-02 2.80699492e-01
    1.72858387e-01 7.83514082e-01 7.84044504e-01 6.64726913e-01
    1.43837929e-02 7.81689346e-01 5.73733866e-01 7.94037044e-01
    4.45460379e-01 9.26047564e-02 9.63357687e-01 1.35923505e-01
    2.56915241e-01 7.06048906e-02 2.30837345e-01 2.14680761e-01
    7.04654336e-01 1.23099566e-01 3.72281283e-01 4.57235932e-01
    7.36054897e-01 3.32933575e-01 2.64917493e-01 9.23294425e-01
    4.41978842e-01 6.27770424e-02 6.02172256e-01 9.97594357e-01
    5.95754504e-01 2.41102725e-01 6.66914701e-01 3.43642116e-01
    4.50514436e-01 8.23745012e-01 3.93479586e-01 1.98259503e-01
    7.45129883e-02 2.21885055e-01 4.11670804e-02 9.39953268e-01
    2.61554122e-02 3.06181014e-01 3.86918157e-01 6.32500589e-01
    1.22810841e-01 3.87713283e-01 5.05599797e-01 1.15272284e-01
    3.90934467e-01 4.45407599e-01 6.58823431e-01 2.02560961e-01
    6.60034597e-01 7.84505486e-01 5.23130715e-01 4.35422271e-01
    9.11131203e-01 4.91572917e-01 5.52434683e-01 5.60734153e-01
    9.33947206e-01 3.10741663e-01 7.29587018e-01 2.54470050e-01
    1.74707323e-01 3.12715352e-01 1.77510321e-01 7.58482218e-01
    7.64620483e-01 8.53520632e-01 7.41994381e-01 7.23775208e-01
    6.44270420e-01 8.52955341e-01 1.86372310e-01 6.70584798e-01
    9.86980617e-01 3.77232462e-01 9.76217210e-01 3.75994265e-01
    7.37023592e-01 5.12426794e-01 8.71964991e-02 8.93183589e-01
    7.00064063e-01 4.64988828e-01 8.01618934e-01 8.61149788e-01
    1.02658212e-01 5.26029944e-01 4.34530497e-01 3.77949774e-02
    2.61931121e-01 7.95293212e-01 3.28249097e-01 4.59341466e-01
    5.52101076e-01 3.52708101e-01 8.50565553e-01 1.00354373e-01
    8.17404568e-01 1.84212327e-02 7.03738511e-01 9.95950043e-01
    7.13883460e-01 9.34140444e-01 4.43494081e-01 1.85194910e-02
    8.83334816e-01 1.08068258e-01 2.34607160e-01 2.48423785e-01
    5.27821541e-01 9.35208678e-01 5.02152562e-01 7.71878660e-02
    1.31892264e-01 2.50700057e-01 9.64778960e-02 9.36556160e-01
    3.56898367e-01 1.12596452e-02 5.95729947e-02 6.05502903e-01
    1.55321777e-01 3.95034492e-01 5.78567982e-01 9.57616031e-01
    6.63813949e-02 7.49558210e-01 2.13043511e-01 8.40371072e-01
    3.93286049e-01 4.83987153e-01 7.42309928e-01 5.77128112e-01
    2.94215858e-01 8.39570761e-02 2.37884670e-01 5.24250865e-01
    8.71602893e-01 9.76586103e-01 7.45567977e-02 6.33181214e-01
    6.42972887e-01 1.93289518e-02 7.97147036e-01 8.26099157e-01
    1.34690911e-01 9.26325917e-01 5.32554269e-01 9.53723788e-01
    1.71869099e-01 5.09235680e-01 4.13220644e-01 3.24289262e-01
    5.99035323e-02 8.50978971e-01 9.91814733e-01 4.50075209e-01
    9.41473961e-01 5.39235294e-01 7.29847014e-01 8.33070219e-01
    5.30556798e-01 4.00882542e-01 9.41950440e-01 9.93706644e-01
    1.63870394e-01 4.97058660e-01 6.46902919e-02 4.37880248e-01
    2.31118917e-01 8.01116586e-01 3.63461912e-01 1.57057405e-01
    5.01107991e-01 2.57548690e-01 4.83782768e-01 1.47291511e-01
    1.80455178e-01 4.49104607e-02 2.08192140e-01 3.95816118e-01
    7.79257894e-01 5.12690485e-01 6.82600379e-01 7.95496047e-01
    3.95776927e-01 3.97765160e-01 2.17593014e-01 9.94584322e-01
    4.48582292e-01 8.48125875e-01 7.45664656e-01 8.82553816e-01
    3.81417066e-01 9.26379263e-01 5.29667556e-01 6.22954011e-01
    8.56765449e-01 7.58723617e-01 4.65681165e-01 6.40649498e-02
    8.71930003e-01 8.66240144e-01 8.28000188e-01 4.72574800e-01
    3.12907040e-01 5.83567619e-01 4.04317379e-02 5.27649879e-01
    5.74654043e-01 9.21744287e-01 3.63826752e-02 4.15523946e-02
    7.67101347e-01 7.60223508e-01 7.49378681e-01 7.32983470e-01
    7.40295589e-01 4.95280772e-01 5.16970932e-01 7.56845593e-01
    4.13866758e-01 8.47167730e-01 4.91116494e-01 6.08797252e-01
    4.88297254e-01 5.31256199e-04 7.55776405e-01 1.96157873e-01
    8.80467296e-02 2.14421302e-01 3.19146693e-01 3.54687274e-02
    8.95967185e-01 3.79199088e-01 1.56905293e-01 8.40474486e-01
    7.22152412e-01 2.94877648e-01 7.97010064e-02 6.42524004e-01
    4.03544724e-01 9.86551583e-01 1.01998448e-01 3.95459712e-01
    7.91277587e-01 2.45255411e-01 6.80213094e-01 6.45755112e-01
    5.87182641e-01 8.78278852e-01 8.37311745e-02 7.79430568e-02
    7.00702071e-01 9.04670358e-03 1.99993074e-01 1.97307348e-01
    4.30505455e-01 1.72984183e-01 1.96904451e-01 4.43997055e-01
    6.57550395e-01 7.95095921e-01 4.08655912e-01 1.17619514e-01
    3.75505805e-01 4.16999787e-01 1.26568526e-01 3.06688607e-01
    9.97333944e-01 4.63891894e-01 8.96879911e-01 2.52371073e-01
    8.68152976e-01 8.18015814e-01 5.88503242e-01 6.14888489e-01
    3.27986091e-01 1.83064282e-01 5.72419226e-01 4.63033229e-01
    3.67226928e-01 4.72470909e-01 7.76491582e-01 1.77307427e-01
    5.60777783e-02 3.02822649e-01 5.55537939e-02 8.20127726e-01
    7.27025568e-01 1.73282385e-01 8.26796055e-01 3.49961072e-01
    3.81469429e-01 9.00594950e-01 4.64806110e-01 8.39918792e-01
    7.79990673e-01 6.47067130e-02 4.72502768e-01 8.87884676e-01
    5.60237169e-01 6.97412491e-01 9.18394148e-01 5.87159395e-02
    4.74850625e-01 7.72486508e-01 9.15014386e-01 7.96115100e-01
    1.86433643e-01 3.39074850e-01 6.10098779e-01 9.25108910e-01
    6.55947626e-02 8.92932534e-01 5.49008965e-01 8.00621867e-01
    4.01763558e-01 7.48678446e-01 3.39871526e-01 6.45966291e-01
    6.74960136e-01 6.03988588e-01 4.64364260e-01 5.11590064e-01
    3.66234660e-01 5.96376956e-02 2.70677119e-01 2.73916721e-01
    6.04510665e-01 8.89587104e-02 5.43766856e-01 5.44424951e-02
    6.11263156e-01 2.78999329e-01 9.79338288e-01 9.56028998e-01
    1.18194640e-01 1.08522654e-01 2.59175420e-01 9.50469971e-01
    6.30180299e-01 9.65075135e-01 4.13917333e-01 1.10954642e-01
    9.92664993e-01 7.28458285e-01 6.60444200e-01 1.39300466e-01
    5.81582189e-02 7.28267729e-01 3.09902728e-01 7.63450325e-01
    5.28678060e-01 4.56769139e-01 8.61607075e-01 4.22498941e-01
    2.71405339e-01 4.68921959e-01 9.41756666e-02 4.97200012e-01
    9.19070423e-01 7.96168387e-01 6.09772146e-01 4.90474552e-01
    5.54797053e-03 6.19575620e-01 4.90708321e-01 3.95612657e-01
    1.88780874e-01 8.46915603e-01 3.01523238e-01 2.56204605e-03
    6.93177819e-01 7.29013920e-01 1.43834144e-01 9.08620656e-02
    2.89716721e-01 3.72874796e-01 1.44590199e-01 5.51266730e-01
    7.99959064e-01 8.19406986e-01 3.82693619e-01 8.80602837e-01
    7.62138665e-01 5.30808389e-01 1.37445033e-02 4.78233457e-01
    4.54544038e-01 7.66862631e-02 5.49165130e-01 7.33437419e-01
    3.97083580e-01 2.43473500e-01 3.57469022e-01 3.63353431e-01
    9.04109538e-01 4.46457028e-01 8.87175679e-01 2.44960517e-01
    8.98383260e-01 8.82917643e-01 2.20398366e-01 9.03042555e-02
    5.78181267e-01 2.32044041e-01 7.11688638e-01 5.46853781e-01
    5.39464176e-01 5.14976263e-01 8.21297288e-01 5.25767505e-01
    8.38564098e-01 3.64283442e-01 1.75549686e-01 5.97811043e-02
    9.45247114e-02 1.64643645e-01 9.57749963e-01 9.72117364e-01
    3.78115028e-01 9.57884490e-02 9.20617163e-01 2.41644979e-01
    9.92078424e-01 3.53744388e-01 5.93406200e-01 7.18555748e-01
    1.65252984e-02 9.12795067e-02 6.91602826e-01 7.67640233e-01
    8.37677240e-01 3.31122607e-01 4.43008840e-01 2.56438375e-01
    1.94215119e-01 6.54091120e-01 2.89081931e-02 3.25216681e-01
    1.15003407e-01 2.97526121e-02 4.71263587e-01 4.48902667e-01
    8.53952289e-01 4.11309093e-01 1.77278131e-01 2.77993977e-01
    8.70417058e-01 8.44957352e-01 2.99705386e-01 3.58701289e-01
    4.64854121e-01 4.58743185e-01 4.40569848e-01 8.72842669e-01
    4.09174860e-01 5.41022897e-01 1.37442648e-02 9.84914780e-01
    6.23296797e-02 2.16789007e-01 9.13152397e-02 5.31018674e-02
    4.22819257e-02 4.34478134e-01 8.37089539e-01 8.06642175e-02
    3.13155413e-01 9.45503712e-02 6.41557336e-01 5.49959242e-01
    1.70344114e-03 2.45118469e-01 1.02705330e-01 1.45572007e-01
    9.30465460e-01 2.82043338e-01 1.95864737e-02 8.30059588e-01
    3.13628376e-01 7.79305816e-01 4.81108606e-01 7.05027461e-01
    6.91375375e-01 8.05747151e-01 8.62851679e-01 6.36146009e-01
    2.56144106e-01 8.62933755e-01 1.78359568e-01 1.97879195e-01
    1.73166960e-01 7.96373963e-01 2.08427906e-01 1.92188293e-01
    9.84360337e-01 7.73715854e-01 1.37051612e-01 9.42445755e-01
    4.57600892e-01 1.31898671e-01 7.83552885e-01 3.31505775e-01
    5.44343293e-01 7.85756111e-01 3.21893066e-01 6.01987720e-01
    6.94171190e-01 9.86837387e-01 5.25834203e-01 7.66888142e-01
    2.17104405e-01 3.69224668e-01 9.33756113e-01 6.52547181e-02
    7.98842728e-01 5.93311489e-01 8.55962336e-01 7.75213242e-01
    7.79671073e-02 5.82008123e-01 7.46813416e-01 2.25808173e-01
    8.64274025e-01 9.42954123e-01 1.65079832e-02 8.93779397e-01
    8.40836227e-01 2.42099971e-01 9.78275537e-01 8.76095414e-01
    3.46602798e-01 7.16187000e-01 3.09884369e-01 3.38282585e-02
    9.98942971e-01 7.21318662e-01 1.03030235e-01 2.72407144e-01
    1.98553205e-02 3.68366420e-01 3.89727592e-01 6.56869709e-02
    5.39110005e-01 2.19339430e-02 8.13226700e-01 2.01417446e-01
    2.96506673e-01 8.62058640e-01 1.50592655e-01 8.98718357e-01
    9.90724564e-02 8.95301342e-01 1.10685498e-01 7.61972308e-01
    5.34377635e-01 3.49370241e-02 2.84681916e-01 1.86381400e-01
    5.46166956e-01 8.47756803e-01 9.12606001e-01 8.22776258e-02
    6.49125397e-01 7.02356577e-01 1.27340913e-01 5.04800916e-01
    3.95787776e-01 3.63009363e-01 4.29621160e-01 7.47930408e-01
    6.22400105e-01 7.69968867e-01 1.83558464e-02 4.28767741e-01
    2.34087735e-01 1.39712483e-01 9.10545826e-01 6.61481261e-01
    8.77869248e-01 8.84326160e-01 3.79736841e-01 6.00305200e-03
    4.90915507e-01 5.64328074e-01 2.21068412e-01 2.32589573e-01
    5.30319810e-02 1.66618824e-01 5.64354300e-01 4.30821836e-01
    3.03272367e-01 8.71632218e-01 3.69959801e-01 1.02153093e-01
    5.11452734e-01 2.28986621e-01 3.56565118e-01 1.46112591e-01
    1.61653340e-01 5.48831165e-01 1.81042433e-01 1.11629963e-01
    2.51572132e-01 2.41334528e-01 8.75860095e-01 8.74924660e-01
    5.20669580e-01 1.80585057e-01 7.54502594e-01 7.14846671e-01
    4.53838974e-01 2.49315798e-02 4.92143601e-01 3.26254606e-01
    2.33289033e-01 8.01314235e-01 8.50264549e-01 3.69219601e-01
    5.60550213e-01 4.34039563e-01 5.22219956e-01 3.26957226e-01
    6.66402221e-01 7.30709374e-01 9.30570960e-02 6.47835374e-01
    8.26806247e-01 5.13318121e-01 4.06210423e-02 7.02154160e-01
    9.76297915e-01 8.29072952e-01 4.23047811e-01 3.10187370e-01
    2.97997713e-01 4.14758265e-01 4.63629156e-01 7.06890821e-01
    4.81906354e-01 3.99311453e-01 2.16908008e-01 7.29788780e-01
    5.76830029e-01 9.80023146e-01 4.01980579e-02 6.92972898e-01
    9.89503801e-01 4.08050030e-01 4.31941956e-01 8.12450469e-01
    2.23235160e-01 4.48667407e-02 9.34929729e-01 4.52557415e-01
    3.31222773e-01 1.99312150e-01 8.70593548e-01 6.86704218e-01
    3.22525561e-01 2.09631801e-01 4.02218372e-01 7.23732412e-02
    9.20196652e-01 5.16648710e-01 6.77680135e-01 5.03251851e-01
    7.54095316e-02 5.04346430e-01 1.73861802e-01 8.51949334e-01
    9.26135242e-01 8.97542953e-01 8.14661980e-01 4.13053393e-01
    2.52994597e-02 1.54968977e-01 4.99533206e-01 9.25993800e-01
    5.03353953e-01 7.97956944e-01 1.21818513e-01 7.22842634e-01
    3.46013963e-01 1.16724342e-01 3.57416391e-01 3.93277913e-01
    7.92952895e-01 4.32993472e-01 5.19351840e-01 7.96300173e-01
    7.65583277e-01 3.30744922e-01 1.60655379e-03 3.68305504e-01
    4.69166517e-01 2.33116567e-01 7.37191141e-01 4.50665683e-01
    3.19945455e-01 4.50328946e-01 3.75242382e-01 4.21206594e-01
    3.49356145e-01 7.63113797e-02 5.88634193e-01 8.24525714e-01
    1.11505389e-01 6.52399123e-01 6.42106175e-01 7.04332471e-01
    6.83411479e-01 7.80051351e-01 2.44000405e-01 9.50416625e-01
    1.34826094e-01 6.45224810e-01 9.95128512e-01 3.99746448e-01
    4.62418437e-01 2.16458410e-01 2.89757311e-01 8.26990902e-02
    7.99288392e-01 8.32764089e-01 2.61514813e-01 2.28532195e-01
    3.13368410e-01 4.17680591e-01 3.01752567e-01 3.38616788e-01
    5.17038405e-01 4.70456243e-01 4.15661126e-01 5.62204301e-01
    3.90393436e-02 1.42455101e-05 1.72702372e-02 4.45221394e-01
    3.22982967e-01 1.25587046e-01 9.37495172e-01 5.17156482e-01
    2.24193960e-01 3.08041692e-01 3.65348399e-01 9.81749117e-01
    2.80555248e-01 3.33449125e-01 2.40771949e-01 4.50591922e-01
    3.06282401e-01 3.38610321e-01 7.95834959e-02 1.38065189e-01
    4.60008234e-01 8.97802591e-01 1.47211850e-02 2.85240114e-02
    9.49095964e-01 5.62946320e-01 4.46121663e-01 9.50088501e-01
    7.52683759e-01 9.18639660e-01 6.91669822e-01 7.60803342e-01
    9.23100352e-01 6.01282597e-01 5.95615089e-01 7.95617938e-01
    1.17155641e-01 3.40473413e-01 7.10573971e-01 8.57748806e-01
    7.99471319e-01 8.47377777e-01 7.00828910e-01 2.96490967e-01
    7.67323732e-01 8.80132675e-01 6.95372939e-01 8.61563444e-01
    7.73774564e-01 7.91072965e-01 8.89191031e-03 1.66013986e-01
    2.22034097e-01 4.78094578e-01 8.89036655e-01 2.70438671e-01
    9.90109563e-01 5.00434279e-01 6.01092100e-01 5.05830228e-01
    9.87615466e-01 6.49532378e-02 8.28545690e-01 3.81191432e-01
    9.59083617e-01 9.96274054e-02 8.25634122e-01 4.68661815e-01
    9.29463267e-01 9.35707092e-02 8.75855088e-01 4.52300668e-01
    9.87422705e-01 8.31285834e-01 5.07670343e-02 7.91424811e-01
    4.34033990e-01 2.02698022e-01 6.89208746e-01 7.91268110e-01
    6.17832482e-01 6.83341384e-01 5.14734089e-01 2.44667917e-01
    4.37449753e-01 6.83766246e-01 2.96291947e-01 2.40725875e-01
    2.27900654e-01 9.75818992e-01 9.81070042e-01 9.68389511e-01
    9.57469821e-01 9.73892808e-01 3.03113580e-01 9.30709481e-01
    3.71140093e-01 5.96374750e-01 5.94831705e-02 8.50518346e-01
    8.91233563e-01 8.22473168e-01 6.69682503e-01 5.67813337e-01
    9.32051241e-01 8.28614354e-01 2.45630115e-01 7.39948690e-01
    6.89237654e-01 7.94334292e-01 8.16338897e-01 6.46126270e-03
    8.31047535e-01 9.87817764e-01 9.35277402e-01 5.59211612e-01
    1.53501272e-01 7.81278491e-01 3.62618685e-01 3.60544294e-01
    4.11518276e-01 6.98055625e-01 4.29092467e-01 3.01305354e-01
    9.31012034e-01 8.79751980e-01 2.45764464e-01 7.08766937e-01
    4.87538755e-01 2.30759442e-01 6.05621576e-01 5.78696132e-01
    7.23147154e-01 5.30283093e-01 8.33366930e-01 3.37849081e-01
    1.50463611e-01 1.75553262e-01 6.16550267e-01 9.40015018e-01
    8.60597014e-01 9.47071373e-01 3.32658350e-01 9.13353682e-01
    7.15827465e-01 6.15154922e-01 6.66941166e-01 8.55619311e-01
    6.23975694e-02 6.26269460e-01 6.64136946e-01 2.18177646e-01
    9.16483045e-01 1.83057308e-01 1.42363220e-01 1.65415734e-01
    9.30442095e-01 4.20500517e-01 7.90264249e-01 5.26196420e-01
    8.99504721e-02 5.18938005e-01 3.72648180e-01 8.54328811e-01
    8.20660770e-01 4.48034108e-02 5.22831917e-01 5.24693727e-02
    1.23099476e-01 4.88902181e-01 3.20929408e-01 7.97439337e-01
    7.11773634e-01 6.05771661e-01 5.42060196e-01 3.33511472e-01
    2.16607243e-01 3.86747420e-02 6.69624984e-01 1.13891840e-01
    8.06996584e-01 2.38770127e-01 5.51920176e-01 6.56408310e-01
    5.08707821e-01 4.90521729e-01 1.30472898e-01 8.59752536e-01
    2.46965647e-01 8.82232308e-01 3.48251015e-01 3.16304743e-01
    5.89667261e-02 2.35983074e-01 7.01868534e-01 6.13951683e-03
    4.82214808e-01 5.90288222e-01 4.37645018e-01 5.29938042e-02
    5.01938641e-01 9.35533643e-01 7.55778909e-01 8.93259406e-01
    8.11381698e-01 1.60126388e-02 3.47948015e-01 1.67300403e-02
    9.80404913e-01 4.54776883e-02 7.39201128e-01 5.76079726e-01
    1.66783512e-01 9.63157535e-01 9.90638435e-01 6.22611046e-01
    3.63720953e-02 8.31879020e-01 5.34066916e-01 6.48252070e-02
    1.91248953e-02 1.04660213e-01 4.17189181e-01 2.17133760e-02
    7.36316442e-01 7.00680196e-01 9.89107490e-01 3.01415592e-01
    9.36264098e-01 4.40706253e-01 4.95343298e-01 7.80363202e-01
    9.59444344e-01 1.13765389e-01 5.21558583e-01 4.69878316e-01
    4.29645121e-01 9.01563466e-01 5.79332709e-02 7.65378237e-01
    1.90771967e-01 3.58529985e-01 6.51698411e-01 6.72271013e-01
    9.66721535e-01 8.65016937e-01 6.93940282e-01 2.94811070e-01
    7.19858408e-01 6.44308507e-01 2.20812261e-01 5.59580922e-01
    9.21866894e-01 3.76132041e-01 7.21038401e-01 9.55029607e-01
    7.00503588e-04 5.84168494e-01 3.27200413e-01 9.24453974e-01
    4.65278208e-01 3.52636158e-01 5.74734867e-01 8.38810921e-01
    4.13493395e-01 1.99912786e-02 6.57505035e-01 3.19276631e-01
    4.55940425e-01 4.16010588e-01 3.76508057e-01 9.71881270e-01
    4.71967757e-02 2.13267386e-01 3.77515018e-01 9.36710715e-01
    8.18512678e-01 9.90139365e-01 4.10435021e-01 3.44374776e-02
    2.29533553e-01 7.34528899e-03 3.13575625e-01 5.77897608e-01
    9.12152052e-01 3.03430557e-01 3.31888348e-01 4.81314033e-01
    3.70465457e-01 7.33959317e-01 6.20947480e-01 9.20880795e-01
    5.43604732e-01 5.84971905e-01 2.94059277e-01 8.12342644e-01
    1.45868331e-01 4.03669864e-01 8.03530216e-02 9.34685171e-01
    2.63636291e-01 5.39567947e-01 4.70659792e-01 7.96488285e-01
    5.56654394e-01 1.09225333e-01 9.56510901e-02 8.13299060e-01
    5.61167598e-01 5.56242704e-01 7.07819223e-01 1.16589993e-01
    9.70064998e-01 8.07844400e-02 1.93095803e-01 4.18719351e-02
    9.95513797e-01 8.21029902e-01 7.79629469e-01 4.35824573e-01
    1.56266361e-01 1.79810733e-01 7.65686989e-01 9.87521291e-01
    3.43356550e-01 6.20601773e-02 1.07366562e-01 8.47797394e-02
    5.60334444e-01 7.37387419e-01 7.25659430e-02 7.21788704e-01
    2.99322993e-01 6.47163093e-02 3.25032473e-01 4.10436094e-01
    4.52684909e-01 2.38991022e-01 8.01392019e-01 3.41664702e-01
    1.31413817e-01 1.34854019e-01 7.36778975e-03 3.88474405e-01
    1.53649688e-01 8.17631006e-01 2.07229406e-01 6.15740001e-01
    3.01575363e-02 3.64002049e-01 9.93001103e-01 9.18758154e-01
    2.22612351e-01 9.54614282e-01 8.14291120e-01 9.30194736e-01
    2.18574911e-01 1.60091072e-01 7.40186334e-01 4.45231229e-01
    6.97129846e-01 7.22683489e-01 2.23938376e-01 5.63266814e-01
    3.86704177e-01 9.80640411e-01 1.75326139e-01 8.64301324e-01
    8.64314437e-02 1.89704090e-01 3.07409704e-01 3.08221817e-01
    1.30207479e-01 5.81247866e-01 9.60857511e-01 7.20601082e-01
    1.48574769e-01 7.05745697e-01 1.89782768e-01 7.77475357e-01
    3.51269096e-01 1.76038712e-01 3.82488966e-02 9.49715018e-01
    8.26815665e-01 7.16328979e-01 4.79736090e-01 2.26098627e-01
    3.28707099e-02 7.78516114e-01 2.30992436e-02 8.15323234e-01
    7.37515032e-01 7.73840666e-01 7.15591311e-01 1.33876562e-01
    9.78883505e-01 8.02561641e-03 1.10465050e-01 9.22618866e-01
    2.37673759e-01 8.25284958e-01 2.51763672e-01 9.51258540e-02
    8.14296722e-01 9.74585414e-01 5.40619910e-01 1.13851368e-01
    5.58126152e-01 3.71654153e-01 6.11253142e-01 1.09433979e-01
    2.20887780e-01 1.50740176e-01 4.93599325e-01 2.20485121e-01
    9.78669167e-01 4.03060794e-01 8.57050896e-01 3.27675819e-01
    8.11066389e-01 2.15997696e-01 7.04695702e-01 4.14461583e-01
    7.07787871e-01 5.83469272e-01 9.33722377e-01 6.42740190e-01
    3.25866818e-01 6.43112063e-01 9.07196283e-01 3.70886147e-01
    7.42128015e-01 5.34165204e-01 1.28970832e-01 6.16313577e-01
    5.95624804e-01 1.13244623e-01 1.47662908e-01 1.04078352e-02
    2.42586106e-01 2.75705308e-01 4.62161303e-01 2.62128115e-01
    2.64142454e-02 2.96739161e-01 4.46578383e-01 4.49520797e-01
    4.96852905e-01 6.98859930e-01 5.44513702e-01 3.46744120e-01
    1.33578390e-01 8.24613094e-01 9.08718765e-01 7.92105675e-01
    8.37226331e-01 1.94998771e-01 5.78256845e-02 5.47590554e-01
    2.49564320e-01 6.92456722e-01 5.64118922e-01 8.13610315e-01
    3.73311371e-01 7.21053839e-01 8.07431936e-01 4.54681754e-01
    9.41815376e-02 5.09086668e-01 7.53436327e-01 3.55615556e-01
    5.99645376e-02 9.70593095e-01 5.96565723e-01 5.46039045e-02
    5.71723461e-01 4.09086496e-01 9.62680519e-01 3.54002416e-02
    6.58513367e-01 5.81571221e-01 1.98358297e-03 4.72688168e-01
    7.89660811e-01 2.50756651e-01 8.96476209e-01 8.01935673e-01
    9.88456011e-01 9.25242782e-01 8.85023355e-01 9.01891708e-01
    6.07163787e-01 6.25592768e-02 7.43934751e-01 4.55212951e-01
    8.38143945e-01 5.68404615e-01 2.14208752e-01 4.31304485e-01
    2.46435940e-01 9.40858960e-01 6.12951815e-01 1.85615152e-01
    5.36591053e-01 8.94779265e-01 7.03826308e-01 7.16627359e-01
    3.86407077e-01 2.74845779e-01 1.05060786e-01 5.77347279e-02
    5.24349391e-01 7.15372384e-01 9.83322382e-01 9.36407089e-01
    5.01956582e-01 9.86175299e-01 2.22031862e-01 4.12192047e-01
    7.08618760e-03 4.24459934e-01 6.75763488e-01 6.43213749e-01
    9.02831674e-01 5.28955877e-01 8.61041546e-01 6.10924840e-01
    3.18266690e-01 8.41477990e-01 8.86944890e-01 1.14905328e-01
    5.03224015e-01 5.95330000e-01 9.53069448e-01 9.02290583e-01
    8.28615308e-01 8.46007347e-01 2.14324743e-01 1.76371247e-01
    1.96770430e-02 8.71149540e-01 4.15231317e-01 3.49553525e-01
    4.38321590e-01 7.16630876e-01 4.69097435e-01 3.54475558e-01
    9.72525716e-01 4.33553606e-01 5.63159704e-01 6.64709508e-02
    9.13486779e-02 9.66471493e-01 9.58907962e-01 7.02135265e-01
    1.33072108e-01 1.93688393e-01 5.36949039e-02 4.15288448e-01
    9.17164326e-01 9.24257040e-01 8.33443999e-01 9.33011413e-01
    3.62928033e-01 7.61156917e-01 6.31945431e-02 2.00772464e-01
    7.51991868e-01 5.68272948e-01 8.72474372e-01 5.50974250e-01
    5.35843372e-01 7.83956349e-02 3.24094445e-01 1.96123719e-01
    4.29733843e-01 1.97426736e-01 5.74417830e-01 1.59340054e-01
    8.07102084e-01 5.75250626e-01 5.91303587e-01 9.63654518e-01
    5.11222899e-01 9.09312725e-01 9.91489112e-01 5.69502831e-01
    1.51300997e-01 6.29270971e-02 1.50991768e-01 2.67423987e-02
    5.91424763e-01 8.72550666e-01 6.30248427e-01 3.85180831e-01
    3.65527749e-01 9.80099916e-01 7.54498005e-01 5.64993322e-02
    8.35342228e-01 5.67557096e-01 1.22801661e-01 6.48481369e-01
    6.91695809e-02 6.69740438e-02 9.45994020e-01 4.02793914e-01
    9.00916278e-01 9.01901782e-01 2.84114510e-01 9.22001719e-01
    1.26200587e-01 1.18961960e-01 9.66819048e-01 8.28804851e-01
    8.37464273e-01 9.74442959e-01 7.88552463e-01 9.43371952e-02
    8.75839472e-01 9.70879972e-01 7.75321603e-01 1.49529457e-01
    4.65187579e-01 9.66413498e-01 4.96649206e-01 7.38918364e-01
    3.78300369e-01 8.89477670e-01 2.31090486e-01 4.63912398e-01
    8.76374722e-01 2.82111913e-01 4.72912788e-02 8.49514961e-01
    9.08054352e-01 4.60867584e-01 3.97557765e-01 2.53372431e-01
    2.07280934e-01 1.55348271e-01 6.14369571e-01 9.82560754e-01
    4.31404769e-01 6.77056253e-01 6.47224486e-01 2.98149228e-01
    6.67552590e-01 2.35690534e-01 3.20063770e-01 6.44201994e-01
    2.14307338e-01 9.22289371e-01 7.33539402e-01 3.82726401e-01
    6.47624016e-01 1.66401744e-01 4.86120522e-01 3.14052731e-01
    8.69742334e-02 5.92541933e-01 6.40761018e-01 8.78440499e-01
    3.46994102e-02 4.80562389e-01 3.26739699e-01 9.30448771e-01
    3.11366677e-01 6.55624330e-01 4.08191323e-01 5.70553064e-01
    5.47314882e-02 6.36444807e-01 7.18194962e-01 9.68282700e-01
    4.50033456e-01 5.91839135e-01 7.85497665e-01 5.71788371e-01
    6.38523757e-01 8.84111464e-01 4.56248045e-01 4.59294707e-01
    2.47763336e-01 4.63040918e-01 8.10410738e-01 9.04615343e-01
    7.81838298e-01 5.65878510e-01 6.26184583e-01 5.62231421e-01
    4.78820235e-01 1.08883709e-01 5.37864029e-01 3.73875707e-01
    3.83133411e-01 3.42576385e-01 2.68111527e-02 3.28970551e-01
    5.11326432e-01 1.39409095e-01 8.69443417e-01 2.93422997e-01
    5.99388480e-02 8.60768437e-01 9.95553017e-01 1.74466491e-01
    3.71510923e-01 3.65609288e-01 8.70798826e-01 7.16593027e-01
    4.48680609e-01 7.31735110e-01 8.56561482e-01 7.43716538e-01
    7.45392919e-01 9.79212642e-01 3.34563375e-01 4.63144928e-01
    9.04682636e-01 2.91919887e-01 8.69607389e-01 1.51674509e-01
    6.68304026e-01 4.38816041e-01 5.15914619e-01 3.73667419e-01
    3.47888947e-01 2.89860487e-01 4.50284570e-01 7.92191625e-01
    8.62995148e-01 2.11806923e-01 3.78671408e-01 2.34050483e-01
    9.43685234e-01 1.65158659e-01 3.92934620e-01 1.61653310e-01
    5.12294471e-01 4.48541850e-01 2.29725361e-01 4.74235684e-01
    7.00709343e-01 9.94152844e-01 4.64695692e-02 8.43946695e-01
    4.73628730e-01 5.09665132e-01 4.27078187e-01 6.47241712e-01
    8.54503155e-01 3.28125685e-01 8.81626487e-01 5.32489657e-01
    6.88959301e-01 6.53182864e-02 4.81409311e-01 6.35293365e-01
    1.56717896e-02 6.58285022e-02 6.60131931e-01 4.87177372e-02
    7.15773046e-01 5.59951007e-01 8.52374136e-02 9.91015911e-01
    9.37863588e-02 5.88614583e-01 4.99233127e-01 2.08997428e-02
    6.72305703e-01 6.42812312e-01 3.12985569e-01 1.50557399e-01
    3.32562208e-01 9.93740916e-01 6.16020083e-01 9.56144452e-01
    2.23948568e-01 9.50413823e-01 6.01750553e-01 9.93985534e-01
    3.47326636e-01 7.74163306e-01 3.83309692e-01 5.13767004e-02
    7.11198032e-01 4.26697254e-01 5.17792761e-01 8.19694161e-01
    9.46664453e-01 4.33006883e-02 9.70718622e-01 6.94193244e-02
    7.84363508e-01 9.41381156e-02 1.43735528e-01 2.07807541e-01
    9.24816132e-02 3.93688947e-01 9.29707170e-01 3.75142872e-01
    8.72302592e-01 4.33069438e-01 1.08930260e-01 9.63157833e-01
    4.44439262e-01 5.31921804e-01 8.15687656e-01 2.09491163e-01
    4.14266169e-01 4.86316383e-01 4.25256610e-01 5.44216037e-02
    4.68538761e-01 3.34931076e-01 8.07033300e-01 1.25849664e-01
    8.39560509e-01 3.12498093e-01 8.47886324e-01 3.40599805e-01
    1.93629563e-01 5.36393583e-01 1.94289595e-01 6.69363737e-01
    8.01583648e-01 8.98483515e-01 9.87089634e-01 9.54908848e-01
    7.34168172e-01 3.08297724e-01 2.95597345e-01 4.43105042e-01
    5.84527016e-01 9.89866257e-03 4.69846666e-01 3.32870483e-02
    6.58038259e-01 2.85733700e-01 7.27021873e-01 2.44333476e-01
    9.39503074e-01 9.74682868e-01 7.43091524e-01 2.31999725e-01
    5.63997388e-01 9.85095918e-01 8.85715008e-01 1.70630991e-01
    6.48506761e-01 4.81723547e-02 8.45178723e-01 3.81753474e-01
    6.90693259e-02 4.89519924e-01 3.25941443e-01 4.34048146e-01
    5.55486798e-01 9.38886166e-01 9.58690107e-01 1.03860945e-01
    7.36397207e-01 6.21519089e-01 2.74509251e-01 5.37778556e-01
    4.56728935e-02 3.08426946e-01 7.38346219e-01 5.23217022e-01
    9.85220850e-01 7.33326793e-01 8.45165014e-01 7.26277709e-01
    8.33165169e-01 1.14556342e-01 2.08520681e-01 5.95037103e-01
    3.32834452e-01 3.61779213e-01 2.95279086e-01 8.92774820e-01
    3.08840692e-01 9.83563960e-02 2.38504648e-01 1.52015805e-01
    2.95923144e-01 4.58706319e-01 4.15667892e-02 9.50341523e-02
    5.80044210e-01 3.97718519e-01 8.56705844e-01 2.08555669e-01
    8.99754107e-01 3.04923832e-01 9.29808795e-01 6.64841354e-01
    7.38297880e-01 3.35759282e-01 5.99525928e-01 9.16661143e-01
    6.02465272e-01 5.39497912e-01 7.80437291e-02 4.32911813e-02
    4.23430562e-01 8.46319437e-01 3.13967109e-01 2.36087143e-02
    1.92917317e-01 2.29860723e-01 8.16527903e-02 5.56174755e-01
    6.67664826e-01 4.54844147e-01 2.84496486e-01 9.33132768e-01
    9.85265970e-01 3.54473352e-01 7.04687893e-01 3.24472785e-01
    1.11243665e-01 2.55990028e-02 8.98896217e-01 5.91491938e-01
    4.09035712e-01 8.41390252e-01 6.24925315e-01 4.39688772e-01
    6.33218944e-01 7.03379750e-01 8.31876040e-01 2.85819888e-01
    5.97930074e-01 7.65415072e-01 2.18142092e-01 8.94372821e-01
    1.28170520e-01 4.05350864e-01 9.59884822e-01 9.43817854e-01
    5.18185079e-01 4.85008299e-01 4.97928441e-01 6.72703147e-01
    8.66771460e-01 1.18585646e-01 4.01394486e-01 4.64439422e-01
    6.18043840e-02 1.44213557e-01 5.84621727e-02 9.39647257e-01
    4.75636959e-01 5.79216003e-01 1.44376785e-01 8.68667245e-01
    4.76238191e-01 7.68568456e-01 9.31086838e-02 7.14101017e-01
    3.92807066e-01 5.48802912e-01 1.60237730e-01 9.29039836e-01
    8.09474766e-01 6.36370480e-02 7.09826052e-01 1.58323526e-01
    9.47534859e-01 9.96250153e-01 3.96367908e-01 8.08994532e-01
    2.02878565e-01 4.40597653e-01 6.16299927e-01 7.09749281e-01
    9.00852799e-01 8.93949032e-01 3.51183712e-01 4.73072231e-01
    7.84200907e-01 8.94749284e-01 3.67689192e-01 6.46338165e-01
    2.36106306e-01 2.86236495e-01 7.16346323e-01 7.11413622e-02
    8.20894420e-01 9.27083194e-01 9.29560006e-01 6.91948235e-02
    1.70629025e-01 6.85081363e-01 4.47820723e-02 2.34640718e-01
    1.94973707e-01 1.72567368e-01 3.45845699e-01 7.81503618e-02
    1.24951333e-01 5.66482246e-01 9.21330154e-01 2.14243740e-01
    2.54735649e-02 8.83843064e-01 7.45853961e-01 6.44340456e-01
    1.74262047e-01 8.67699087e-01 3.52253824e-01 8.85278463e-01
    3.39107633e-01 3.20433736e-01 6.60130739e-01 9.85462546e-01
    1.51169360e-01 2.66661346e-01 6.50981009e-01 3.18295419e-01
    1.63345754e-01 3.92905802e-01 3.53381395e-01 6.91871941e-02
    4.63553339e-01 5.40066659e-01 4.69462216e-01 7.36295044e-01
    5.78465641e-01 1.47476226e-01 2.33522058e-02 4.95114803e-01
    7.59386599e-01 4.97566104e-01 6.85614169e-01 2.76648521e-01
    8.43347311e-01 9.31375802e-01 2.36327797e-01 8.43057752e-01
    9.35834289e-01 4.84531462e-01 7.61040568e-01 6.13291383e-01
    4.92264152e-01 7.68689632e-01 7.95712590e-01 4.23113197e-01
    5.37091672e-01 5.86847961e-02 8.53967071e-01 2.51900345e-01
    2.74803102e-01 2.63508916e-01 8.30425262e-01 2.97918916e-03
    1.91217899e-01 8.64461184e-01 1.75689876e-01 4.57450539e-01
    3.82211745e-01 6.75742269e-01 6.34570241e-01 8.23126733e-02
    8.21151078e-01 5.10498881e-03 8.30978215e-01 1.14778817e-01
    8.84403884e-02 2.89088219e-01 4.08444524e-01 6.47336602e-01
    6.95103943e-01 4.37534988e-01 7.71704316e-01 7.69501746e-01
    2.57056266e-01 2.45801419e-01 9.21499491e-01 3.17364424e-01
    1.42935604e-01 6.83420062e-01 4.37863976e-01 6.89865768e-01
    5.18932939e-01 9.97486949e-01 3.07303071e-02 8.22233677e-01
    5.06676733e-02 3.27328265e-01 4.87475187e-01 1.52901083e-01
    7.27388442e-01 2.46787518e-01 8.46332908e-01 2.23194659e-01
    7.37964571e-01 7.57429302e-01 5.16453624e-01 9.00147140e-01
    7.66890049e-01 6.83134317e-01 3.87441278e-01 3.14335942e-01
    9.06001925e-02 6.63201988e-01 8.58079076e-01 5.51622450e-01
    6.84807718e-01 8.71150017e-01 2.22088635e-01 3.87310475e-01
    1.35428071e-01 4.23468977e-01 5.17066836e-01 5.73231578e-02
    2.10251749e-01 4.54685152e-01 1.72991157e-01 6.73989832e-01
    2.62961090e-01 5.43169379e-02 3.16448808e-02 1.87173396e-01
    7.75071740e-01 8.55500102e-01 7.97881186e-02 3.05444896e-02
    5.68933547e-01 1.05501443e-01 5.24373710e-01 3.61895323e-01
    1.79553419e-01 8.42470407e-01 1.95425630e-01 4.97187883e-01
    7.50774801e-01 6.75461650e-01 6.58796489e-01 2.67276913e-01
    3.75707865e-01 9.74578857e-01 7.02412367e-01 6.87047422e-01
    9.93302822e-01 5.77408910e-01 3.36378694e-01 8.88763905e-01
    3.30944568e-01 4.41604793e-01 6.75018430e-01 8.16192329e-02
    4.18334603e-02 6.35116100e-01 7.31720448e-01 6.68280661e-01
    9.22315717e-02 8.95122290e-01 8.44491541e-01 3.19799006e-01
    4.96441782e-01 8.08660746e-01 5.88308871e-01 7.15119362e-01
    2.01579034e-02 4.92405474e-01 9.03502703e-01 9.74646568e-01
    7.00770378e-01 3.64012897e-01 7.39028215e-01 9.81980920e-01
    3.34366620e-01 2.14687914e-01 3.31197381e-02 6.86294317e-01
    1.88641518e-01 1.64042115e-02 7.17334270e-01 4.37167585e-01
    5.56249976e-01 3.09519857e-01 1.96322143e-01 5.10836184e-01
    3.41471136e-01 2.66668916e-01 6.45411968e-01 1.45659268e-01
    2.23620802e-01 8.27025890e-01 5.85480273e-01 6.60860062e-01
    8.11042786e-01 1.51743561e-01 4.91481185e-01 3.58324170e-01
    6.59857392e-01 9.86348510e-01 8.20327282e-01 8.24375153e-01
    1.90201223e-01 7.47599721e-01 4.07336533e-01 4.53427672e-01
    6.87669218e-02 3.33892167e-01 1.79614872e-01 7.63592482e-01
    3.95089686e-01 2.09022731e-01 4.42369491e-01 5.97042799e-01
    2.51394391e-01 7.45043635e-01 2.00247794e-01 5.95929384e-01
    4.22726125e-01 2.15011388e-01 5.08229136e-01 3.94258678e-01
    1.25499368e-01 3.86030912e-01 8.56033444e-01 5.75261533e-01
    3.15858990e-01 1.39400691e-01 4.04869318e-01 2.37142533e-01
    9.37629700e-01 1.97197258e-01 4.54034865e-01 7.31589019e-01
    1.03112727e-01 4.52164352e-01 3.29584807e-01 1.64539129e-01
    7.04884410e-01 7.95356035e-01 4.56202894e-01 5.99817753e-01
    7.31998622e-01 2.38046765e-01 1.81930453e-01 3.90119702e-01
    9.05580640e-01 7.93615103e-01 9.08465564e-01 2.69260764e-01
    4.73543972e-01 5.86243033e-01 1.34821057e-01 1.29200906e-01
    5.92559278e-01 3.39074314e-01 6.56353414e-01 9.87592101e-01
    1.77382916e-01 2.17204392e-01 9.42254663e-01 8.63883197e-01
    8.22067618e-01 2.04026699e-04 9.02328789e-02 3.94048095e-02
    8.82931590e-01 5.65917492e-01 9.35084283e-01 6.96014285e-01
    5.10351717e-01 3.79707634e-01 9.83809471e-01 2.21723109e-01
    3.92213970e-01 4.28198069e-01 2.94524878e-01 9.79259193e-01
    6.35122359e-02 9.95993495e-01 5.64779043e-01 6.17459118e-02
    4.93124604e-01 9.33686733e-01 1.51579648e-01 9.37680840e-01
    4.38155234e-01 8.56090546e-01 8.25354517e-01 8.65678430e-01
    4.46485907e-01 4.49785352e-01 5.52638948e-01 8.83405685e-01
    6.31302416e-01 8.25274348e-01 6.82254970e-01 5.91896415e-01
    1.42759621e-01 3.51553440e-01 8.20600629e-01 3.60449076e-01
    5.79242945e-01 8.30326319e-01 8.56941998e-01 7.00840056e-01
    8.19205940e-01 7.46957064e-01 2.16077715e-01 8.18097889e-02
    9.17990267e-01 2.65209913e-01 3.92011940e-01 2.14670807e-01
    5.42537212e-01 5.40805459e-01 1.21746033e-01 5.13930917e-02
    9.12982345e-01 5.89591920e-01 5.45464694e-01 9.27430630e-01
    7.42856562e-02 7.71057308e-02 1.24998331e-01 9.53399062e-01
    9.41255808e-01 1.27587259e-01 3.01106006e-01 5.56114137e-01
    8.26630831e-01 2.34427452e-01 1.74658716e-01 1.59450233e-01
    4.81290162e-01 4.60083753e-01 5.82064509e-01 2.91090876e-01
    2.26944029e-01 5.78036904e-02 8.79225135e-01 6.10063016e-01
    6.56155944e-02 7.60633588e-01 6.91494942e-02 4.60311174e-01
    1.13370121e-02 4.60251898e-01 1.64374828e-01 1.28811985e-01
    1.49559975e-01 2.49273092e-01 9.93139625e-01 2.37437874e-01
    2.38611072e-01 9.62929130e-01 5.63637316e-02 8.58630300e-01
    9.67973351e-01 2.98529863e-04 9.62811470e-01 5.39592922e-01
    2.01977760e-01 9.43803847e-01 8.08709919e-01 2.34987289e-01
    4.21528250e-01 3.82597625e-01 5.76228797e-01 1.11282170e-01
    4.04903889e-01 5.48210740e-01 5.53747058e-01 6.27403319e-01
    5.73476374e-01 5.36059678e-01 4.47326839e-01 3.12731683e-01
    9.83474791e-01 6.44246459e-01 5.70933223e-01 7.47035623e-01
    5.93885243e-01 9.46296990e-01 9.48708415e-01 4.09119129e-02
    2.55565614e-01 3.67705464e-01 9.25494492e-01 2.19667405e-01
    4.16109622e-01 7.85303652e-01 9.31740284e-01 3.13357115e-01
    5.10895371e-01 4.13534731e-01 1.42836958e-01 8.39712918e-01
    4.84484375e-01 3.32451969e-01 4.34072018e-01 7.90158153e-01
    6.81385994e-01 4.22214031e-01 3.92821848e-01 7.92250037e-01
    3.09393227e-01 2.36956477e-02 2.00529575e-01 6.30600154e-01
    4.58075076e-01 9.53632951e-01 1.67625546e-01 6.98876262e-01
    4.90972638e-01 8.17223489e-02 7.94657767e-01 4.98186678e-01
    6.28639638e-01 7.96048522e-01 3.11559439e-02 1.48853958e-02
    6.74917877e-01 3.18966389e-01 2.14199424e-02 3.18426132e-01
    3.10949326e-01 1.83419764e-01 6.35310113e-01 9.71926570e-01
    2.90366113e-02 1.28609627e-01 2.76993215e-01 2.63963163e-01
    1.10251606e-02 9.20462370e-01 8.55470657e-01 3.23206961e-01
    2.33519554e-01 1.97250307e-01 7.77609169e-01 7.76749790e-01
    7.05577970e-01 1.30744159e-01 3.72739196e-01 4.17256415e-01
    3.69892418e-02 7.26903439e-01 2.84599066e-01 1.10449284e-01
    2.14778632e-01 4.29815054e-01 6.36513054e-01 4.11767364e-02
    7.58861065e-01 9.86289144e-01 5.72328269e-01 4.86268550e-01
    3.00173730e-01 9.32293177e-01 1.47402316e-01 8.21499348e-01
    2.50671268e-01 5.64343810e-01 1.12880349e-01 8.48627806e-01
    1.83597505e-02 7.23837793e-01 8.65194798e-01 6.73688591e-01
    5.61826825e-02 9.61253107e-01 4.14182812e-01 3.06160748e-02
    8.11188698e-01 9.17801142e-01 3.55565429e-01 8.33497047e-01
    3.60959768e-01 9.48632121e-01 9.59563613e-01 3.69078904e-01
    7.11827695e-01 9.79399204e-01 5.45149744e-01 6.59299970e-01
    9.33273375e-01 6.90429032e-01 3.51462722e-01 3.16565454e-01
    2.63054371e-02 5.58641851e-01 8.66418839e-01 7.53707290e-01
    8.30446005e-01 7.65992403e-01 2.29843765e-01 1.94428533e-01
    4.48424846e-01 4.79260415e-01 1.07624561e-01 3.08007628e-01
    5.03140688e-01 5.09042919e-01 1.63700074e-01 7.38143444e-01
    1.25633359e-01 9.08835411e-01 9.20809686e-01 6.09090924e-03
    1.65684402e-01 6.63698375e-01 4.11678135e-01 9.49420929e-01
    5.99553108e-01 3.27419877e-01 5.90575278e-01 5.41743040e-01
    7.54188240e-01 7.40898728e-01 4.52451646e-01 9.82038140e-01
    9.23501253e-02 2.59693384e-01 2.28266805e-01 4.25195575e-01
    3.14595401e-01 3.78927112e-01 1.35739803e-01 8.13939452e-01
    9.63321924e-01 9.66935277e-01 5.08897662e-01 8.97319198e-01
    2.89350271e-01 6.06365204e-01 6.29932404e-01 7.78431773e-01
    8.80330920e-01 1.13788307e-01 6.49618208e-01 8.40592742e-01
    2.93444395e-01 1.01170182e-01 3.66121948e-01 5.95408559e-01
    6.79607749e-01 4.60014433e-01 6.88669682e-01 5.17110229e-01
    9.63248849e-01 3.57668668e-01 8.07842433e-01 8.41559768e-01
    4.67613935e-02 6.97343767e-01 6.58728898e-01 5.65030336e-01
    4.85818058e-01 1.37024909e-01 8.28425527e-01 7.91604996e-01
    8.17083240e-01 3.01268995e-01 3.30125153e-01 2.57742763e-01
    9.57885385e-02 1.75297588e-01 8.87991130e-01 6.44580066e-01
    3.82566601e-01 9.12805438e-01 4.48498696e-01 9.57768142e-01
    4.93678212e-01 1.92103595e-01 4.14315581e-01 7.31968820e-01
    4.68994230e-01 3.07571590e-01 1.03757322e-01 7.34611094e-01
    7.67867923e-01 6.65781260e-01 9.15229797e-01 3.20334584e-01
    2.57850289e-02 8.14185619e-01 4.32920843e-01 5.93031466e-01
    5.85433483e-01 9.73872662e-01 8.23898911e-01 9.49141324e-01
    7.57607341e-01 1.69194460e-01 4.50563133e-01 9.46501732e-01
    1.22809261e-01 9.54285264e-03 8.24469984e-01 9.22182977e-01
    6.20901704e-01 3.95696729e-01 3.78803968e-01 5.99955976e-01
    9.64580774e-02 1.57228321e-01 5.82540929e-01 1.69141650e-01
    3.88658524e-01 8.30489993e-01 8.25621188e-02 9.94991064e-01
    3.93881738e-01 3.50038469e-01 5.97176850e-01 6.34423256e-01
    1.10787630e-01 6.58304930e-01 7.16872096e-01 8.92308354e-03
    5.31559646e-01 5.81524432e-01 4.20131028e-01 5.17109156e-01
    7.59424746e-01 1.96716607e-01 2.32721448e-01 3.40597779e-01
    7.84180582e-01 7.26669371e-01 3.59629810e-01 9.76867318e-01
    8.66495132e-01 2.39695787e-01 6.73146904e-01 4.55951869e-01
    4.82350588e-01 5.85399389e-01 4.82104331e-01 9.73271549e-01
    4.17639047e-01 5.72990179e-01 2.83824444e-01 6.95383847e-01
    1.70394957e-01 3.12334657e-01 5.10433614e-01 6.42165184e-01
    9.35173631e-01 4.14989740e-01 8.37760270e-01 4.51298594e-01
    6.12137914e-01 3.62239182e-01 9.39304233e-01 1.05794609e-01
    3.93440366e-01 5.49035788e-01 1.32834703e-01 2.28989094e-01
    8.10109079e-01 4.56733495e-01 7.92865038e-01 1.00180358e-01
    3.08344364e-02 8.51086617e-01 3.49506497e-01 1.99167401e-01
    5.19765556e-01 1.01437628e-01 9.84752476e-01 7.65627146e-01
    6.60564899e-01 8.50616693e-01 2.02668160e-01 8.89670610e-01
    2.57227898e-01 3.80033851e-02 8.11814785e-01 8.34773242e-01
    6.62992477e-01 6.92349672e-02 8.55775356e-01 8.66010427e-01
    8.65498781e-02 4.85257149e-01 9.80844200e-01 8.93507361e-01
    3.73125553e-01 6.45783544e-01 4.57528979e-01 2.29959756e-01
    5.52205801e-01 3.51223677e-01 9.19880986e-01 5.04775882e-01
    6.86384916e-01 5.80936253e-01 8.71350944e-01 5.84388435e-01
    6.52781367e-01 9.30083632e-01 1.61570013e-01 8.85441303e-01
    8.26952338e-01 8.05197597e-01 4.82556820e-02 6.93957567e-01
    3.16716731e-02 5.60785890e-01 5.94330788e-01 7.82147050e-03
    4.49621916e-01 4.35368001e-01 6.97686851e-01 7.95510769e-01
    2.96288043e-01 4.04174179e-01 4.83045816e-01 5.37613750e-01
    4.98363912e-01 3.31922054e-01 3.29562604e-01 3.91129136e-01
    3.00745338e-01 3.78818512e-02 4.60505188e-02 8.88325095e-01
    1.25756651e-01 8.61948133e-01 4.46891874e-01 6.72280848e-01
    5.03141046e-01 2.28119224e-01 1.96362764e-01 6.57874107e-01
    5.66737890e-01 2.32114136e-01 5.80536187e-01 6.59721315e-01
    4.21603918e-02 3.09618890e-01 5.18078864e-01 9.98687148e-01
    1.34768188e-02 7.88630009e-01 5.12519300e-01 1.47602499e-01
    5.71089327e-01 9.89774942e-01 4.32868958e-01 9.19016838e-01
    7.12293923e-01 2.18163192e-01 1.11614764e-02 3.61922204e-01
    1.68022186e-01 8.48766565e-02 1.03029221e-01 2.13269889e-02
    2.71911383e-01 3.33570600e-01 1.38917565e-03 1.12803817e-01
    2.87096083e-01 7.35293031e-01 6.73609197e-01 7.26055622e-01
    2.09828377e-01 3.94706815e-01 9.99831200e-01 2.73483098e-01
    7.41189241e-01 6.03600442e-01 2.16564327e-01 2.63446569e-02
    9.93396044e-01 6.77409291e-01 3.95689517e-01 6.55764043e-01
    1.18263692e-01 3.32589656e-01 1.06978923e-01 9.27756071e-01
    9.31580305e-01 8.50151479e-01 9.12054658e-01 8.84066284e-01
    9.15800095e-01 5.90049744e-01 4.62507844e-01 4.16775227e-01
    5.50623238e-02 4.85577762e-01 7.87808239e-01 1.15517080e-01
    5.49245715e-01 1.69613034e-01 5.70529282e-01 8.15013528e-01
    4.95641023e-01 9.30809259e-01 2.30247378e-01 7.31838346e-02
    3.31051558e-01 8.90325308e-01 1.06290311e-01 7.35010386e-01
    9.32905734e-01 7.16108680e-01 8.34345222e-01 9.69670117e-02
    4.07441378e-01 3.61636877e-01 2.99614906e-01 4.20022607e-01
    9.73437786e-01 9.90257025e-01 2.11072832e-01 1.19779587e-01
    3.26646417e-01 3.82315159e-01 6.29375935e-01 4.16658819e-02
    4.79832560e-01 6.83897495e-01 3.54886353e-01 6.59206212e-02
    2.07639575e-01 5.42489588e-02 7.07001567e-01 2.87032276e-01
    6.43389046e-01 1.27757609e-01 6.96867704e-01 4.21906829e-01
    8.29215646e-01 9.90855455e-01 4.43694919e-01 7.70791054e-01
    7.95161605e-01 9.57184434e-01 9.74511743e-01 8.89050901e-01
    5.63345075e-01 6.20852709e-01 5.77008843e-01 7.16228127e-01
    2.60276377e-01 7.75885940e-01 1.18043125e-01 9.53803957e-02
    4.15412128e-01 9.19589043e-01 8.86073351e-01 9.49758947e-01
    8.35004747e-01 1.91619933e-01 4.64627296e-01 5.73998690e-03
    2.53241777e-01 5.01201808e-01 8.69057536e-01 5.31248808e-01
    1.27433747e-01 7.10396647e-01 4.18059051e-01 2.17216015e-01
    9.74086165e-01 2.34403491e-01 3.84772509e-01 6.12435460e-01
    2.15912789e-01 8.58703256e-01 7.36927509e-01 9.28821802e-01
    8.15438271e-01 5.79568148e-01 3.24028015e-01 2.42527664e-01
    1.96835190e-01 8.86647940e-01 2.50278652e-01 5.63426793e-01
    8.61509144e-01 9.85515952e-01 4.05800402e-01 3.49053383e-01
    3.19659829e-01 6.75378442e-01 4.11173403e-02 8.74500513e-01
    7.22647488e-01 6.62844896e-01 1.10718310e-02 9.41026688e-01
    4.79536384e-01 3.58360231e-01 4.49278831e-01 8.63934159e-01
    8.03336382e-01 4.32677567e-01 7.30219483e-02 4.24604148e-01
    8.50200951e-01 2.66999424e-01 5.03791273e-02 7.68537700e-01
    4.31458592e-01 6.32839739e-01 8.55227470e-01 5.48162043e-01
    5.12140393e-01 3.90571058e-02 5.84328830e-01 9.40568924e-01
    2.76543796e-01 6.55647278e-01 4.49508429e-03 8.69637609e-01
    4.70572829e-01 4.66572821e-01 2.85373390e-01 9.49027359e-01
    2.68936455e-01 1.75796658e-01 2.21994549e-01 6.56595707e-01
    5.67938566e-01 8.02280426e-01 3.36473942e-01 8.07840943e-01
    9.93608356e-01 5.85158110e-01 7.59818196e-01 4.92442608e-01
    1.49867386e-01 7.15353310e-01 6.90087318e-01 6.49818003e-01
    9.94090438e-02 7.89669633e-01 1.34985447e-02 2.00010151e-01
    6.57258153e-01 3.36697638e-01 9.59598899e-01 5.74469805e-01
    6.30936623e-01 5.46718359e-01 1.79894328e-01 9.24419701e-01
    7.09318519e-01 9.40248132e-01 9.71520782e-01 5.68229377e-01
    2.66486168e-01 7.38740563e-02 1.16893619e-01 5.03601074e-01
    1.58921421e-01 9.27212417e-01 6.40290320e-01 1.70054197e-01
    6.69699550e-01 7.20556796e-01 7.14047253e-01 6.62910461e-01
    6.41407788e-01 8.59579921e-01 2.82766193e-01 8.22347999e-02
    3.48173678e-01 1.52626514e-01 2.40287602e-01 9.04179335e-01
    1.81017160e-01 7.76542962e-01 7.25840330e-01 5.67498744e-01
    5.83742440e-01 7.24658966e-01 8.83061528e-01 9.15059030e-01
    1.42806888e-01 5.60090363e-01 9.43504930e-01 6.62006259e-01
    6.61622584e-01 3.76455784e-01 6.05000854e-02 1.16435170e-01
    8.54670286e-01 5.24349034e-01 4.87069398e-01 7.09911466e-01
    7.48907506e-01 5.20354867e-01 3.12489897e-01 1.90504193e-01
    3.42066318e-01 1.73832536e-01 8.77614975e-01 6.74417257e-01
    1.59401387e-01 9.01563048e-01 9.11224544e-01 1.79502815e-01
    5.52224457e-01 1.66321695e-02 4.30111945e-01 3.71694982e-01
    4.01348829e-01 6.18517220e-01 7.60130584e-01 6.45042658e-01
    8.29204202e-01 6.63741410e-01 7.92936206e-01 5.46237111e-01
    8.11097801e-01 6.10926151e-01 9.31127667e-01 2.08269656e-02
    7.04224169e-01 9.97686863e-01 6.47184134e-01 1.01231635e-02
    1.04428619e-01 7.33708143e-01 4.98726368e-01 5.38984656e-01
    5.17304122e-01 9.12322462e-01 7.20639825e-01 5.31265676e-01
    9.96486068e-01 6.80049896e-01 3.99552763e-01 7.76523352e-01
    9.25959110e-01 8.79180908e-01 3.96600455e-01 7.55861044e-01
    2.58674920e-02 6.77530408e-01 9.85095739e-01 9.21887815e-01
    7.88284779e-01 5.66281497e-01 1.47193104e-01 8.88615608e-01
    9.88540173e-01 6.30181372e-01 7.92660475e-01 9.39702511e-01
    2.62495577e-01 3.33404839e-02 4.34818506e-01 9.88557696e-01
    7.73339152e-01 7.99889266e-01 8.80030870e-01 7.25486040e-01
    7.54523396e-01 6.27097011e-01 9.59518850e-01 2.89651394e-01
    2.95093030e-01 6.82334840e-01 6.55109942e-01 9.04113472e-01
    7.36191928e-01 6.42695129e-01 8.85733783e-01 1.96221262e-01
    7.84880280e-01 8.31693411e-01 6.11719847e-01 4.85459447e-01
    6.80336833e-01 2.06083655e-01 1.79404020e-02 3.48557353e-01
    3.44734073e-01 2.95728564e-01 3.38508666e-01 4.46636558e-01
    6.39000535e-01 3.27262461e-01 5.51362932e-01 2.75732815e-01
    3.19471955e-02 7.07846642e-01 2.62190193e-01 5.38240314e-01
    9.52847660e-01 1.13170862e-01 3.85082483e-01 4.47050631e-02
    8.27466488e-01 1.31851584e-01 8.96352530e-01 3.28949988e-01
    8.43313098e-01 1.59002960e-01 5.26656628e-01 9.31585670e-01
    6.59471869e-01 5.17185807e-01 9.86209393e-01 1.29118562e-02
    7.00776577e-01 5.72655916e-01 1.41151488e-01 4.34097469e-01
    5.87583780e-02 2.09775150e-01 8.50365460e-01 7.80157745e-01
    4.44000065e-01 3.06877494e-02 4.02710199e-01 5.25366068e-01
    4.18193907e-01 1.53176248e-01 8.79945397e-01 6.51221275e-02
    7.98000336e-01 3.17334265e-01 9.97926891e-02 8.43508363e-01
    3.07308674e-01 4.65124637e-01 9.21115637e-01 7.72367120e-01
    8.76203597e-01 3.70917976e-01 6.62584186e-01 9.16413307e-01
    7.34498799e-01 7.34379649e-01 9.27421689e-01 7.18383670e-01
    6.56970322e-01 3.66971314e-01 7.14453578e-01 5.17635524e-01
    9.16167915e-01 4.13602114e-01 2.39935786e-01 6.19475842e-02
    1.29882604e-01 4.99686122e-01 1.31539971e-01 3.13050389e-01
    8.92882228e-01 5.69452763e-01 7.21834302e-02 9.78696108e-01
    6.05328679e-01 4.52048302e-01 5.49362063e-01 1.53957844e-01
    8.19444299e-01 2.40152985e-01 2.44807422e-01 9.63819981e-01
    2.84343362e-01 2.66300499e-01 6.29578650e-01 1.86404020e-01
    1.79146767e-01 2.97231257e-01 9.41749692e-01 2.69174397e-01
    8.17072630e-01 4.49097753e-01 5.72064221e-01 4.63975966e-02
    5.44495344e-01 7.82817841e-01 8.41202497e-01 1.85162306e-01
    1.85522974e-01 1.69057608e-01 3.00715566e-02 6.69166505e-01
    8.90875101e-01 4.93120193e-01 5.67021847e-01 3.93202275e-01
    8.77025068e-01 9.19505954e-01 5.95675826e-01 1.40452176e-01
    4.31154788e-01 1.01725191e-01 3.16902518e-01 5.01120389e-02
    4.22210872e-01 5.35134614e-01 9.23805594e-01 1.04305059e-01
    2.75396973e-01 4.97192800e-01 8.00156534e-01 9.34148669e-01
    7.83481359e-01 8.29416752e-01 5.73596895e-01 5.10328293e-01
    8.95019174e-01 8.67727637e-01 8.39666963e-01 3.97286415e-02
    6.05189502e-01 7.78263569e-01 4.78789508e-02 4.53796387e-02
    9.20425057e-01 7.68948257e-01 5.37237346e-01 7.57238626e-01
    9.94595051e-01 5.22482097e-02 7.19882488e-01 5.06069958e-01
    9.70650315e-01 2.44736850e-01 5.67813694e-01 2.16915637e-01
    4.35877770e-01 3.57766539e-01 7.72279859e-01 8.09967995e-01
    8.73001993e-01 6.76694572e-01 3.06354165e-01 8.22320044e-01
    1.89057022e-01 1.41964197e-01 8.55004251e-01 5.76234639e-01
    4.08039272e-01 8.82913768e-01 6.16958678e-01 4.87060130e-01
    1.78016722e-01 8.50549400e-01 7.37155437e-01 5.82612216e-01
    8.64375234e-01 5.10206103e-01 1.07704103e-02 4.42716777e-01
    6.82120979e-01 2.10615695e-01 5.73092222e-01 6.83283627e-01
    8.14681590e-01 4.82948214e-01 3.02196681e-01 7.60084867e-01
    6.40610814e-01 1.36960626e-01 2.80909240e-02 9.08716142e-01
    8.52540731e-01 2.83026397e-01 2.66765863e-01 6.83611512e-01
    4.94637191e-02 7.89241791e-01 8.73272896e-01 6.27490938e-01
    8.61958504e-01 7.25871623e-02 4.46200699e-01 1.20791495e-02
    1.26088858e-02 5.73779047e-01 9.73737538e-01 3.41392994e-01
    7.11097479e-01 2.70898223e-01 2.45524347e-01 1.55216604e-01
    2.97740430e-01 2.95279384e-01 7.13714659e-02 5.01526535e-01
    9.50049639e-01 1.24374926e-01 6.74271941e-01 9.17474508e-01
    1.96834207e-01 3.94440174e-01 1.44049823e-01 9.69256043e-01
    4.95019913e-01 3.39621603e-02 3.30844581e-01 2.85640925e-01
    3.74664545e-01 6.78086877e-02 8.47587407e-01 3.30125213e-01
    3.37864459e-02 6.56130075e-01 1.83611274e-01 4.66231942e-01
    3.80262941e-01 2.59059966e-02 8.44178796e-02 6.66603088e-01
    5.31242311e-01 4.55640703e-01 6.91398978e-01 4.03499514e-01
    6.20591640e-01 9.12252069e-01 7.90339470e-01 6.31269813e-01
    9.89610791e-01 8.26741219e-01 6.77799284e-02 9.45776701e-04
    7.31327236e-02 7.26201952e-01 5.87908506e-01 5.58773458e-01
    8.81853580e-01 1.00123227e-01 1.20878845e-01 1.89788312e-01
    7.51053572e-01 1.83535367e-01 7.99390972e-02 4.99738902e-01
    8.54117393e-01 9.60297346e-01 5.06539345e-01 6.32782876e-02
    2.63469815e-01 7.46492445e-02 8.24212909e-01 3.07361037e-01
    8.46245050e-01 4.23398912e-02 3.32543075e-01 5.30073285e-01
    5.51999807e-01 7.10845470e-01 5.07142842e-01 6.99196100e-01
    5.29690266e-01 9.19835985e-01 8.24265599e-01 2.53341258e-01
    3.87409329e-03 2.31133699e-01 4.52506393e-01 6.08040273e-01
    1.69946194e-01 6.74731612e-01 7.12127090e-02 5.86307883e-01
    1.38208866e-01 7.57036805e-02 4.92475331e-02 6.21055543e-01
    1.19580030e-02 3.47698331e-01 7.08113611e-02 6.28129959e-01
    1.70111775e-01 9.36488748e-01 8.41327548e-01 2.33357757e-01
    5.16102433e-01 8.62871885e-01 8.27121735e-02 3.73230308e-01
    1.18121386e-01 6.91111207e-01 5.80862522e-01 9.80263829e-01
    5.37847519e-01 4.82214034e-01 1.27956778e-01 7.90768981e-01
    2.31906861e-01 4.48017418e-01 3.15353334e-01 6.76066279e-02
    7.61262774e-02 4.70378429e-01 8.32001805e-01 8.36124718e-01
    4.22661215e-01 3.20264459e-01 7.53694117e-01 9.22693312e-02
    5.92097223e-01 3.23805332e-01 7.44942725e-01 1.37827277e-01
    3.64701301e-01 5.13013005e-01 3.14667702e-01 4.85002100e-02
    5.95032454e-01 9.25038099e-01 1.93770200e-01 6.60829663e-01
    3.96927893e-01 5.18405616e-01 3.24889123e-02 4.83270228e-01
    2.89418429e-01 7.65760541e-01 9.14222240e-01 6.34400010e-01
    2.11013913e-01 3.22021216e-01 3.26018631e-02 9.59821343e-01
    6.38134122e-01 6.37782693e-01 5.70091307e-01 6.84681892e-01
    7.42069721e-01 4.11595464e-01 5.36097467e-01 3.03021669e-02
    1.30504489e-01 4.91352141e-01 5.77140093e-01 7.90508866e-01
    5.44042289e-01 8.53391647e-01 9.23596501e-01 2.99227804e-01
    2.29626000e-01 4.21218574e-01 4.60604489e-01 9.98479724e-01
    5.32719553e-01 4.82853293e-01 2.32004285e-01 8.30796361e-01
    1.03366941e-01 6.13162994e-01 9.72326219e-01 5.60916185e-01
    4.06226575e-01 1.29787356e-01 9.49491739e-01 4.49947923e-01
    5.94937146e-01 9.04788494e-01 8.61977339e-01 4.98483062e-01
    7.29253769e-01 6.53201222e-01 6.21231437e-01 7.68409073e-01
    8.65486503e-01 3.71812046e-01 3.63290548e-01 5.74983418e-01
    2.09101975e-01 7.18105316e-01 6.78348243e-02 9.07487273e-01
    9.56924558e-01 9.81361032e-01 8.75971973e-01 6.22946799e-01
    6.26058221e-01 9.35969949e-01 8.29684556e-01 8.17572236e-01
    6.01828575e-01 6.77907348e-01 2.93528736e-02 7.55907893e-01
    5.59789717e-01 7.39721417e-01 5.45052588e-02 9.85558391e-01
    2.85371244e-01 8.42013597e-01 3.17796290e-01 3.59516382e-01
    5.10592282e-01 5.46003580e-02 3.93132359e-01 9.09213066e-01
    8.17566514e-01 6.95556760e-01 4.45558220e-01 1.05544478e-01
    6.29761994e-01 7.54240453e-01 7.98404217e-05 6.26708746e-01
    7.22848654e-01 5.74510276e-01 5.24460018e-01 7.40365088e-01
    3.02622646e-01 6.10113382e-01 1.24343455e-01 1.24015182e-01
    7.56625056e-01 4.71812576e-01 5.09328127e-01 8.32903206e-01
    5.87498426e-01 9.01820898e-01 1.38706863e-02 4.12068218e-01
    4.97427702e-01 1.84092820e-02 9.92253780e-01 8.93907309e-01
    3.26316535e-01 3.06401700e-01 1.91110939e-01 2.85157442e-01
    3.68188143e-01 1.48051083e-01 7.85640895e-01 3.17869902e-01
    9.77856398e-01 9.62801576e-02 3.61627400e-01 2.95576125e-01
    3.17836821e-01 9.91695344e-01 4.49034274e-02 2.62004375e-01
    8.35476875e-01 8.63527238e-01 5.36472917e-01 7.09966421e-02
    9.45467114e-01 6.72981322e-01 7.49999881e-01 8.21275711e-01
    7.24996388e-01 4.99615788e-01 5.05156994e-01 1.01606637e-01
    2.34828979e-01 7.65272796e-01 3.47789973e-01 8.26392055e-01
    3.44239622e-01 5.38781106e-01 9.18361545e-03 4.26185817e-01
    8.29318166e-02 7.67077088e-01 7.24304199e-01 9.80971456e-01
    8.23819399e-01 6.52335942e-01 5.46176732e-02 3.31959128e-02
    3.03328931e-01 1.32053167e-01 7.59135723e-01 9.79535520e-01
    4.72577780e-01 4.17478293e-01 6.90541387e-01 2.50198722e-01
    4.87081051e-01 2.45178223e-01 3.72735977e-01 1.87839746e-01
    3.86581808e-01 7.98394203e-01 7.11827278e-01 1.46335751e-01
    9.34162498e-01 8.93968821e-01 3.16456109e-01 5.61331391e-01
    6.44974411e-01 5.84316492e-01 8.47946763e-01 1.58811539e-01
    7.39203691e-02 5.22669554e-01 5.42875528e-01 9.41769302e-01
    2.09004760e-01 1.69518501e-01 1.45439118e-01 8.38184237e-01
    4.37656999e-01 1.81776613e-01 1.51206166e-01 4.12994772e-01
    3.46307546e-01 3.31951320e-01 8.16714883e-01 6.31236076e-01
    5.39001524e-01 5.38313210e-01 9.53305125e-01 8.44082594e-01
    3.97326052e-02 4.38595176e-01 4.07511592e-01 3.70901942e-01
    9.02506232e-01 8.82190645e-01 7.88273096e-01 4.21172202e-01
    6.41782582e-02 7.06838489e-01 3.63613129e-01 1.78200066e-01
    9.05036330e-02 4.42761958e-01 2.30688810e-01 7.85586715e-01
    5.33063471e-01 1.07140332e-01 7.25920081e-01 1.50575310e-01
    5.03681183e-01 4.57182348e-01 5.40491879e-01 8.77112746e-01
    5.02555668e-01 6.96372092e-01 5.81992984e-01 7.01767027e-01
    5.49950600e-01 4.27243590e-01 5.75437427e-01 9.71166492e-02
    2.86120385e-01 4.58403289e-01 1.18232369e-01 6.60734475e-01
    6.24665797e-01 5.52535415e-01 9.61160481e-01 1.47669971e-01
    3.26584548e-01 5.16537249e-01 1.74277216e-01 3.17751765e-02
    2.34846264e-01 4.72713441e-01 3.64706635e-01 7.86422849e-01
    4.92262840e-03 3.40088189e-01 8.44983041e-01 4.62635458e-02
    5.80183506e-01 1.85595304e-01 4.45369780e-01 2.19085813e-02
    4.88878906e-01 8.66842151e-01 8.09794068e-01 9.35930610e-01
    5.85907400e-01 7.40928650e-01 4.69835639e-01 3.58551979e-01
    1.65409118e-01 6.53929293e-01 4.21048462e-01 9.96173561e-01
    6.53545737e-01 6.14816964e-01 8.09521973e-01 7.41599619e-01
    9.40825105e-01 6.03578091e-01 5.87239444e-01 9.26042974e-01
    5.60341239e-01 3.54846269e-01 3.87577415e-02 2.90097386e-01
    1.35989428e-01 5.43980598e-01 6.75007761e-01 3.73745501e-01
    6.23075485e-01 6.54257774e-01 3.53254855e-01 8.38310480e-01
    9.08405602e-01 9.47458029e-01 2.29708999e-01 3.83488566e-01
    1.02056593e-01 1.48572624e-02 2.06570297e-01 4.90453422e-01
    9.28776264e-01 3.42997044e-01 9.68081355e-01 1.90761566e-01
    4.38208640e-01 2.29437709e-01 2.49435723e-01 2.67740101e-01
    7.23927259e-01 6.09995663e-01 5.45367837e-01 4.11456704e-01
    9.52609539e-01 7.75432706e-01 7.59653211e-01 5.20391881e-01
    9.62459564e-01 7.84529388e-01 8.91337931e-01 2.85831153e-01
    4.54265535e-01 2.60069668e-01 9.48297024e-01 4.92830396e-01
    2.20933437e-01 2.79446572e-01 4.12508428e-01 6.21799946e-01
    8.54722559e-01 5.26690960e-01 8.00067067e-01 8.81068885e-01
    1.89435482e-01 2.15252668e-01 1.02381527e-01 4.27258879e-01
    4.11169142e-01 5.09512424e-01 4.90450591e-01 6.74623787e-01
    6.82799220e-02 5.84197819e-01 8.82601619e-01 1.74094558e-01
    2.35938311e-01 7.70664215e-01 8.35064173e-01 5.73932886e-01
    5.10159135e-02 7.49512076e-01 2.18788803e-01 7.87846267e-01
    2.83685386e-01 3.00577372e-01 9.40634787e-01 6.67441785e-01
    8.64583492e-01 8.79639506e-01 2.86558509e-01 1.76299542e-01
    2.51899660e-01 3.77859503e-01 5.21214664e-01 3.82437825e-01
    4.50305879e-01 3.38171780e-01 2.23444641e-01 9.12399650e-01
    9.62311447e-01 9.28894281e-01 9.64211345e-01 3.26242149e-01
    5.47947049e-01 1.32994890e-01 5.76767147e-01 4.20324922e-01
    7.28520691e-01 8.00742030e-01 4.38612580e-01 8.08183491e-01
    1.69242918e-01 6.20080531e-01 5.97642660e-01 7.46065915e-01
    1.20608330e-01 6.05453551e-01 4.71477598e-01 7.91206241e-01
    3.60453665e-01 7.25664794e-02 3.73402476e-01 1.37354136e-02
    7.48869359e-01 8.90886664e-01 8.56227577e-02 5.63896418e-01
    9.46764946e-01 4.69201714e-01 6.69676960e-01 8.95817995e-01
    9.94705558e-01 7.03819275e-01 8.69354606e-01 3.03017974e-01
    7.94105828e-01 4.08725142e-02 9.21951175e-01 2.88713813e-01
    6.74807608e-01 7.89195895e-01 6.69102609e-01 3.45233470e-01
    2.54288554e-01 3.89961392e-01 5.19321978e-01 8.86179924e-01
    9.17234778e-01 6.19321227e-01 5.68511784e-01 3.49159211e-01
    2.52810895e-01 8.37355316e-01 8.24296355e-01 3.29861522e-01
    6.08166099e-01 9.87361312e-01 7.98569918e-01 9.60640788e-01
    3.03903073e-01 1.75761700e-01 2.46901333e-01 7.49700367e-01
    5.88155568e-01 9.69385386e-01 9.85523283e-01 3.03606212e-01
    3.35675478e-03 5.25683403e-01 5.81266105e-01 2.65562236e-01
    6.88054681e-01 1.80451334e-01 1.72814935e-01 8.18220019e-01
    2.51358151e-02 8.98509681e-01 3.89648169e-01 8.58806014e-01
    4.67524976e-01 7.25221634e-01 2.79036045e-01 9.76939797e-02
    4.19524789e-01 3.26712310e-01 8.55850935e-01 6.18535399e-01
    2.04240620e-01 3.09942007e-01 4.88198340e-01 7.18100846e-01
    9.48467970e-01 6.75693393e-01 4.82720643e-01 4.77210253e-01
    5.81699014e-01 2.10032761e-01 7.95033574e-02 9.55086827e-01
    1.43932998e-01 3.26318800e-01 8.08434129e-01 8.77842426e-01
    6.96110368e-01 1.05517060e-01 3.99069190e-01 5.51712394e-01
    7.23510087e-01 5.34816802e-01 8.05939972e-01 4.88817096e-02
    3.52206111e-01 3.98957074e-01 4.39665973e-01 1.00873858e-01
    3.89747977e-01 6.99172795e-01 2.09300160e-01 2.76460350e-01
    9.36177254e-01 6.27123892e-01 8.08850586e-01 4.27031398e-01
    2.92252094e-01 7.96093225e-01 6.19323671e-01 2.67060339e-01
    1.19695544e-01 9.24825430e-01 6.16761863e-01 8.46591592e-01
    8.58414531e-01 7.36068487e-01 7.80215859e-01 5.35358965e-01
    4.41097766e-01 9.24425840e-01 6.82577908e-01 2.38695711e-01
    8.71174216e-01 4.34226632e-01 3.54914963e-01 2.49567300e-01
    4.91520017e-01 3.13579082e-01 5.00682235e-01 4.35949951e-01
    7.84046173e-01 1.98057979e-01 9.97365832e-01 7.31684625e-01
    1.80028617e-01 3.52117538e-01 7.96464443e-01 6.03914261e-03
    8.59379768e-04 3.54128957e-01 1.19548053e-01 5.53030968e-01
    7.87818313e-01 4.52797323e-01 7.68940210e-01 8.35457921e-01
    3.11233133e-01 2.91111529e-01 7.91053414e-01 4.48215365e-01
    6.28116429e-02 8.90664339e-01 9.48004544e-01 9.25063193e-01
    6.29669189e-01 9.41168129e-01 6.92768693e-02 2.22101092e-01
    9.03580666e-01 4.29077327e-01 2.12597489e-01 9.43895757e-01
    2.59801030e-01 5.31422079e-01 5.96809030e-01 5.33900857e-01
    9.79155242e-01 8.02375972e-02 9.74107862e-01 4.73378837e-01
    3.99982154e-01 9.00331438e-01 4.58477110e-01 9.18352067e-01
    1.99606836e-01 7.79924631e-01 1.95950270e-03 6.33296371e-01
    7.65675426e-01 7.56639838e-01 7.74497092e-02 6.82662427e-01
    9.45169449e-01 1.81165010e-01 6.96914613e-01 3.65081131e-01
    5.83370090e-01 6.21687651e-01 4.43141103e-01 2.46169388e-01
    9.03187275e-01 5.16674817e-02 9.43512321e-01 2.05106348e-01
    6.00015283e-01 2.34396249e-01 2.72472560e-01 4.10504520e-01
    4.70521092e-01 9.79769588e-01 4.43217784e-01 4.70307261e-01
    1.22352362e-01 9.26912665e-01 7.94465780e-01 2.68046618e-01
    5.00425220e-01 1.41805679e-01 5.58683932e-01 2.15493619e-01
    4.02855992e-01 8.32850933e-01 9.99581039e-01 6.51062071e-01
    9.56810117e-01 2.11370528e-01 2.67159998e-01 3.27259123e-01
    2.05776960e-01 7.44664848e-01 9.92516637e-01 7.21774340e-01
    7.59544849e-01 8.36669564e-01 3.16385716e-01 9.32888269e-01
    9.14655685e-01 4.96904761e-01 5.27579784e-02 6.66089416e-01
    5.48758686e-01 7.35313535e-01 1.63354039e-01 9.72791255e-01
    3.60630304e-01 4.18978274e-01 6.84759974e-01 9.24416602e-01
    9.61379290e-01 6.81439042e-01 4.10244107e-01 1.84366703e-02
    3.49081516e-01 9.05086756e-01 8.88943672e-03 2.42563546e-01
    1.91691846e-01 2.00223804e-01 8.53245497e-01 7.05742955e-01
    7.86781430e-01 6.57234073e-01 5.38179278e-01 3.05921912e-01
    1.48968816e-01 2.49002606e-01 5.14647305e-01 3.75223964e-01
    6.31554127e-02 5.46411455e-01 7.39615679e-01 8.21940601e-01
    5.69298804e-01 4.04804945e-01 6.04052186e-01 9.11696553e-01
    8.51750374e-01 1.11976862e-01 8.26678276e-02 1.22148216e-01
    9.59580541e-01 6.77947402e-02 6.58928633e-01 2.81104177e-01
    5.79934895e-01 1.71157062e-01 4.09922123e-01 6.91038609e-01
    1.27560467e-01 2.12272167e-01 1.64374411e-01 7.29144454e-01
    3.42833519e-01 8.62610936e-01 1.99439824e-02 8.61411572e-01
    1.56105340e-01 6.88361526e-01 9.21029091e-01 5.85560501e-01
    3.04185271e-01 1.89268440e-01 4.70375896e-01 2.34946609e-02
    4.91253436e-01 6.51526451e-01 9.65864658e-02 3.36354613e-01
    3.59812975e-01 8.80106211e-01 8.48790288e-01 8.51949573e-01
    3.58397484e-01 9.55190957e-01 7.05708683e-01 1.17772192e-01
    2.05843896e-01 4.22205448e-01 3.37798774e-01 7.73254037e-02
    1.39946073e-01 8.49180162e-01 9.30934548e-01 5.86480856e-01
    9.42094922e-02 7.32673049e-01 8.83134365e-01 3.21080565e-01
    2.56005645e-01 7.94364214e-01 3.34532827e-01 9.31439340e-01
    9.64364171e-01 4.28770125e-01 8.12716782e-01 6.09996557e-01
    8.01788449e-01 9.18412745e-01 5.03528953e-01 1.79406136e-01
    6.33136094e-01 9.15347099e-01 2.09186554e-01 7.63002276e-01
    8.54041755e-01 8.23857367e-01 5.53770125e-01 4.69282568e-02
    7.70736575e-01 5.78653157e-01 2.36278862e-01 5.20835042e-01
    5.20992458e-01 5.70233166e-01 2.68263310e-01 1.17058903e-01
    9.66228485e-01 7.11039901e-01 7.80595183e-01 5.77812791e-02
    1.93508297e-01 2.37290800e-01 1.64830118e-01 9.68588233e-01
    9.52114582e-01 9.61791337e-01 3.46966386e-02 4.12487388e-01
    1.31990463e-01 5.07856309e-02 6.37932777e-01 3.76982272e-01
    7.40520954e-01 8.60580564e-01 9.57734704e-01 4.42472577e-01
    3.74841750e-01 4.46240306e-02 6.81773365e-01 4.27686453e-01
    2.89039165e-01 3.83157074e-01 8.60304952e-01 8.15090239e-02
    3.40028763e-01 3.92213136e-01 2.88431108e-01 1.96051747e-01
    7.14313984e-01 5.18287539e-01 4.70764339e-01 4.39024359e-01
    1.90241873e-01 1.48321360e-01 6.20732605e-01 1.91316456e-01
    3.62843484e-01 9.95974839e-01 5.98289311e-01 4.30764258e-02
    6.86765254e-01 3.09815645e-01 6.99803948e-01 9.28591132e-01
    2.98611403e-01 7.77790070e-01 3.85060817e-01 7.14407504e-01
    7.53049552e-02 1.29815936e-02 7.57529616e-01 3.52222115e-01
    8.28860402e-02 7.45383143e-01 9.71438348e-01 9.08643126e-01
    5.69697261e-01 6.36564434e-01 4.62225437e-01 2.46982574e-01
    8.90989304e-02 5.18099964e-02 2.39452213e-01 6.80041552e-01
    3.90418082e-01 8.99735987e-01 8.75702500e-02 7.52569675e-01
    9.80631828e-01 6.34070396e-01 6.26941085e-01 4.10949916e-01
    6.48688614e-01 6.33784950e-01 2.53657579e-01 6.44066274e-01
    6.24613643e-01 6.72050536e-01 8.06377828e-02 2.19180584e-01
    8.56646001e-01 3.48522127e-01 6.11526787e-01 6.87984645e-01
    8.50645542e-01 3.14326972e-01 2.46950597e-01 1.35897696e-01
    7.12646127e-01 8.55992973e-01 8.54387462e-01 6.28491640e-01
    9.72266793e-01 6.79339528e-01 3.91800851e-01 9.33915734e-01
    4.67728376e-02 9.32712257e-01 5.06692946e-01 5.26251495e-02
    1.91409826e-01 1.40696973e-01 8.61878753e-01 1.55679464e-01
    6.11896932e-01 3.38465601e-01 1.90417469e-01 9.80898499e-01
    2.03331918e-01 4.07479405e-01 5.57880342e-01 8.39009106e-01
    2.26748586e-01 5.11416435e-01 1.68715298e-01 3.81058186e-01
    4.12630141e-02 5.23650825e-01 6.21121168e-01 5.81191480e-02
    7.70646691e-01 4.18538332e-01 3.89641315e-01 9.49081182e-01
    1.70646548e-01 4.54645693e-01 2.82666773e-01 3.51368874e-01
    9.60792899e-02 4.79460984e-01 5.02418280e-01 9.44708824e-01
    1.51139319e-01 5.25754929e-01 9.15773213e-01 9.32803750e-01
    3.88710886e-01 8.48390996e-01 5.19688368e-01 9.91721392e-01
    5.31521797e-01 3.65972877e-01 4.18929011e-01 9.21969414e-01
    7.83163548e-01 8.32860351e-01 6.73330426e-02 3.44379991e-01
    8.81453156e-01 9.08022106e-01 5.35548508e-01 9.16539788e-01
    7.55167484e-01 1.60419971e-01 6.03294849e-01 7.56758213e-01
    3.62624824e-01 2.04807281e-01 3.45022380e-01 1.52660221e-01
    9.86630559e-01 6.65417790e-01 1.39432222e-01 4.82603788e-01
    2.55775064e-01 3.35450321e-01 2.47981876e-01 1.56272531e-01
    1.40245765e-01 6.40576243e-01 3.49638522e-01 9.84454393e-01
    1.57167315e-01 5.35438657e-01 9.16375041e-01 7.70614326e-01
    8.90819967e-01 3.73201966e-01 5.90890765e-01 7.81068206e-03
    2.21278369e-02 1.51315629e-01 8.95856082e-01 6.83335781e-01
    6.91836119e-01 3.76756608e-01 1.17459863e-01 6.20530963e-01
    6.35587990e-01 5.49791992e-01 9.74785328e-01 7.22234547e-01
    6.24764562e-01 1.66815013e-01 4.74580705e-01 8.99715066e-01
    4.71820593e-01 4.34809804e-01 7.17008412e-01 4.01203513e-01
    6.58530951e-01 1.30508095e-01 4.75668818e-01 8.04987848e-01
    2.96889156e-01 4.79833066e-01 8.85288000e-01 1.08565152e-01
    6.96793854e-01 4.67992872e-01 9.33989406e-01 6.15305424e-01
    7.50596642e-01 8.50172341e-01 7.93301821e-01 2.63339758e-01
    2.05033690e-01 3.82531583e-01 2.93200761e-01 9.06127572e-01
    2.69642174e-02 2.68763602e-01 3.46381962e-01 5.10588348e-01
    9.75820184e-01 5.75364828e-01 9.23765242e-01 4.82468635e-01
    9.67107534e-01 4.07642961e-01 8.17402244e-01 2.02897370e-01
    9.94080067e-01 5.90436161e-02 6.06467783e-01 6.56545818e-01
    5.15051067e-01 3.14336747e-01 8.92794609e-01 3.53812397e-01
    2.27042854e-01 6.18044794e-01 7.69977689e-01 5.20080626e-02
    4.77699399e-01 5.26525140e-01 2.64334619e-01 3.27149659e-01
    7.17443466e-01 8.34657669e-01 6.78764760e-01 1.46089196e-01
    4.75521386e-02 7.24139273e-01 4.94072914e-01 9.69696999e-01
    1.26783490e-01 8.29291224e-01 5.43295979e-01 2.69163847e-01
    3.35400164e-01 5.66939831e-01 3.81071866e-01 4.95698094e-01
    1.07238978e-01 2.16633081e-02 6.28609776e-01 9.77700472e-01
    4.85996455e-01 2.25853503e-01 8.85317147e-01 8.52260351e-01
    5.60197055e-01 9.66162682e-01 9.63233590e-01 5.56997299e-01
    8.06196213e-01 4.30620402e-01 3.30844820e-01 1.15616828e-01
    4.42748517e-01 1.48244321e-01 4.74856198e-02 8.21710348e-01
    7.03639805e-01 2.87515312e-01 8.97664189e-01 6.08021915e-02
    1.21102750e-01 6.72721863e-01 6.12042189e-01 4.95415419e-01
    3.36540103e-01 8.19072127e-02 3.51445615e-01 2.68166304e-01
    9.29150045e-01 3.72991711e-01 2.31156915e-01 1.63067698e-01
    1.72009051e-01 8.76053214e-01 2.62439787e-01 5.45813262e-01
    3.00531983e-01 7.33823538e-01 4.73393440e-01 1.32234395e-02
    7.40815341e-01 7.58536816e-01 2.96709299e-01 4.08602268e-01
    7.59573102e-01 1.41333222e-01 8.05158496e-01 5.02970636e-01
    2.38388211e-01 4.24116671e-01 2.45221019e-01 3.34306359e-01
    2.32183963e-01 6.65955782e-01 9.85425472e-01 7.51517057e-01
    2.98341215e-01 6.38729274e-01 9.67192054e-01 6.97971225e-01
    8.54260623e-02 1.58635676e-01 9.57067192e-01 1.95826352e-01
    2.57169694e-01 7.90232897e-01 6.83695972e-02 3.42773497e-02
    8.88781965e-01 2.47332335e-01 4.77626741e-01 4.01623785e-01
    7.73539543e-01 7.93746352e-01 7.64963984e-01 7.13337839e-01
    8.92694533e-01 2.81198442e-01 8.47449780e-01 6.09213471e-01
    1.03584349e-01 8.38303268e-02 1.56336278e-01 5.21363497e-01
    6.49870872e-01 9.22121882e-01 2.61487603e-01 5.87012708e-01
    4.61422682e-01 3.33448112e-01 3.58291745e-01 9.88533854e-01
    1.70615226e-01 9.52534795e-01 7.16821074e-01 4.36575919e-01
    6.43822312e-01 1.42218828e-01 3.27949822e-02 5.45013249e-02
    1.86775029e-02 9.96399879e-01 6.91961348e-01 4.46803570e-01
    3.45570117e-01 5.72135806e-01 1.08925521e-01 3.54188144e-01
    3.08720410e-01 5.45196593e-01 4.75020707e-01 8.74518871e-01
    5.26203990e-01 4.04169083e-01 2.65232980e-01 3.85097563e-01
    5.01772404e-01 8.03382397e-02 2.60391772e-01 8.87864113e-01
    5.04205763e-01 6.73890591e-01 7.46503830e-01 7.56884813e-02
    4.69489992e-02 7.46205926e-01 8.79549503e-01 9.19530690e-01
    9.29557800e-01 8.97815943e-01 6.05127931e-01 5.59219062e-01
    9.02430296e-01 4.94279116e-01 1.86878949e-01 4.80458021e-01
    5.54621577e-01 8.39803815e-02 3.03278476e-01 5.22462487e-01
    7.96279490e-01 3.66487384e-01 3.00163627e-02 6.68599427e-01
    4.21439350e-01 2.88960040e-01 4.10297066e-01 2.72797614e-01
    4.69466776e-01 7.23730922e-01 5.93206048e-01 7.09374428e-01
    2.96481967e-01 5.99240124e-01 6.12760425e-01 8.25077951e-01
    9.85604286e-01 6.57482147e-01 3.26087296e-01 2.14398861e-01
    5.09073555e-01 8.16872716e-01 6.42641664e-01 5.58820963e-01
    2.44468898e-01 5.46858430e-01 5.22715151e-01 9.95331764e-01
    1.58303797e-01 8.42523873e-01 9.42027807e-01 1.16047829e-01
    7.09863663e-01 7.78320193e-01 6.53992355e-01 9.18884039e-01
    9.00798619e-01 2.35815912e-01 5.65657377e-01 5.42838395e-01
    3.60164404e-01 2.93663979e-01 5.11829317e-01 5.54194152e-02
    7.95405388e-01 6.34677112e-01 4.54213023e-01 9.41565394e-01
    5.50294816e-01 9.72136021e-01 4.55073833e-01 3.01525474e-01
    6.24388456e-04 1.55260146e-01 2.38512456e-01 6.45450354e-01
    5.81296325e-01 1.59682542e-01 6.13141358e-01 1.41658962e-01
    9.45432305e-01 9.01280344e-01 7.67622471e-01 8.29430461e-01
    3.86897147e-01 9.80285168e-01 5.55707812e-02 1.95904106e-01
    5.05407751e-02 7.80304432e-01 5.65043390e-02 5.06434798e-01
    7.31655240e-01 3.03608775e-01 5.27324736e-01 5.66726565e-01
    6.98516726e-01 1.77424848e-01 1.88210189e-01 3.48785520e-03
    3.56019169e-01 5.05230248e-01 6.32923245e-01 7.33813524e-01
    5.65485179e-01 5.44261873e-01 3.58303577e-01 3.74835640e-01
    3.84045839e-02 6.15453899e-01 5.77762127e-02 5.03756762e-01
    6.33786321e-01 8.98877263e-01 1.71005130e-01 7.54508376e-01
    9.33882475e-01 9.66387272e-01 2.73503780e-01 3.26856881e-01
    4.90741134e-01 5.39423347e-01 7.88591981e-01 3.21111917e-01
    8.60783815e-01 3.10591578e-01 6.30202889e-03 1.06210828e-01
    7.57768810e-01 2.62386262e-01 6.57892108e-01 6.21444821e-01
    2.55963236e-01 5.82924128e-01 5.70120335e-01 4.59368944e-01
    3.56496274e-01 8.12412739e-01 3.27953577e-01 3.04094434e-01
    7.69855201e-01 7.69281209e-01 5.69906235e-02 3.57714891e-02
    7.76470304e-01 1.78498447e-01 8.20957899e-01 4.86880183e-01
    5.85588813e-03 6.82779670e-01 3.13731074e-01 2.59842694e-01
    6.31482720e-01 5.60063660e-01 7.94521093e-01 5.06015182e-01
    7.34991431e-01 9.44872260e-01 2.79871762e-01 6.79099083e-01
    6.98239803e-01 7.26682246e-01 8.82098913e-01 4.61546630e-01
    3.09363604e-02 7.27133036e-01 3.23600799e-01 4.03148115e-01
    8.41964126e-01 8.31039727e-01 2.13026077e-01 5.25883079e-01
    6.27955377e-01 2.57329077e-01 1.23926461e-01 3.86824787e-01
    2.79089928e-01 4.24740851e-01 5.99575639e-01 7.20140696e-01
    5.41072905e-01 8.68104398e-02 8.50485682e-01 7.94656873e-02
    7.87646353e-01 3.78696918e-01 6.75193369e-01 7.99754143e-01
    9.19308662e-01 4.29492414e-01 4.58652973e-01 9.29375648e-01
    4.10063952e-01 8.12957048e-01 9.94310379e-01 2.42132992e-01
    2.77081430e-02 8.01430345e-01 8.62248659e-01 6.09845996e-01
    5.48418462e-01 7.16355622e-01 3.46770436e-01 1.32616490e-01
    5.21452785e-01 6.90522671e-01 8.45327556e-01 4.52609748e-01
    5.80928743e-01 3.84528160e-01 2.25018859e-01 9.37973917e-01
    6.78825557e-01 1.04834497e-01 5.39025843e-01 3.50167513e-01
    3.20823967e-01 6.49052978e-01 6.80375099e-03 7.11126626e-01
    6.31593466e-01 1.04935050e-01 9.61207449e-01 3.41145039e-01
    9.35500622e-01 1.77762657e-01 2.93200642e-01 9.99702334e-01
    5.16664088e-01 8.79789591e-01 3.55910778e-01 4.48089868e-01
    3.98102790e-01 8.56935382e-01 9.48300362e-01 2.72613704e-01
    3.43340635e-02 4.41371799e-01 4.66623306e-01 2.82626569e-01
    7.95532763e-02 9.41735268e-01 8.28848124e-01 7.57377982e-01
    2.94910073e-01 9.92658198e-01 5.89028537e-01 3.83722246e-01
    4.56306458e-01 4.74175870e-01 6.31209970e-01 2.68664390e-01
    3.70572031e-01 4.25789922e-01 1.44019037e-01 1.41306400e-01
    2.96083689e-02 1.40002280e-01 2.64776230e-01 4.28579003e-01
    7.65031219e-01 4.45651084e-01 2.74563074e-01 9.83467937e-01
    6.15851641e-01 8.18200469e-01 3.04231942e-01 2.89551914e-01
    1.04801416e-01 6.49935901e-01 3.24753106e-01 9.38649714e-01
    4.24809515e-01 1.14686161e-01 5.80004334e-01 7.09155262e-01
    2.62175024e-01 7.36692786e-01 7.34907627e-01 7.00867653e-01
    7.35642731e-01 6.20437443e-01 1.07587814e-01 7.34546542e-01
    6.16071880e-01 4.45548683e-01 6.24987245e-01 4.36521888e-01
    7.25883245e-02 2.24670053e-01 4.38571125e-01 3.44466209e-01
    6.95898235e-02 5.71544826e-01 4.87070680e-02 7.32538819e-01
    3.53089452e-01 1.13267750e-01 1.35280848e-01 5.79833090e-02
    9.15617108e-01 9.68169212e-01 5.00442505e-01 6.25498891e-01
    5.09495139e-01 3.43084604e-01 5.66405475e-01 8.52264285e-01
    8.07521582e-01 2.78608918e-01 8.70596886e-01 4.14826870e-01
    6.50814414e-01 9.84138012e-01 9.85040426e-01 7.99184978e-01
    5.35119295e-01 4.15296555e-01 9.37154114e-01 7.58878350e-01
    5.10495663e-01 2.26300210e-01 5.22592127e-01 8.07369649e-02
    5.86290956e-02 8.38211179e-02 3.12017024e-01 2.84616649e-02
    8.48250151e-01 7.15084255e-01 6.18606031e-01 2.69645602e-01
    5.22818983e-01 1.46548778e-01 9.63572085e-01 3.26054990e-02
    7.15462089e-01 4.87725943e-01 4.77922440e-01 8.82511437e-01
    7.44212508e-01 8.76161814e-01 3.74851435e-01 1.56564444e-01
    6.96615577e-01 2.00629979e-01 7.68051863e-01 6.81523144e-01
    9.23817754e-01 9.38702583e-01 7.20850527e-01 4.44722533e-01
    3.95539105e-02 8.53439331e-01 1.54297084e-01 9.03068483e-01
    4.52257842e-01 8.98332000e-01 6.34201705e-01 9.00410652e-01
    9.93530512e-01 7.26797819e-01 9.07765627e-02 6.97988927e-01
    5.35970449e-01 9.33049440e-01 8.33116055e-01 5.57780325e-01
    4.94070917e-01 6.36076272e-01 3.20516169e-01 8.41352105e-01
    4.34633762e-01 4.10688400e-01 8.53821397e-01 3.86141419e-01
    9.53682184e-01 5.61678052e-01 3.93952310e-01 8.80144238e-01
    3.98286641e-01 4.37383205e-01 4.73972261e-01 3.58898640e-02
    9.83517289e-01 4.36943531e-01 7.32858121e-01 9.97290969e-01
    8.07549238e-01 7.04963505e-01 8.41273546e-01 7.99875617e-01
    8.46687496e-01 9.65915620e-02 8.18297148e-01 4.40891802e-01
    5.08319080e-01 3.08422685e-01 1.18497878e-01 7.99446106e-02
    9.78740335e-01 3.90962720e-01 9.52312768e-01 8.74541998e-01
    6.08198643e-01 5.87395489e-01 3.41353953e-01 1.25587165e-01
    7.82962680e-01 5.38339138e-01 6.25493526e-01 1.81992054e-02
    6.74332619e-01 4.86700326e-01 9.29668546e-01 7.32103288e-02
    4.93658841e-01 9.83849883e-01 3.88751715e-01 5.67858696e-01
    7.56567657e-01 8.84595513e-01 5.49672961e-01 1.69086844e-01
    5.31937659e-01 9.59356308e-01 9.79298890e-01 8.54712725e-01
    2.60138929e-01 2.65567780e-01 5.54660141e-01 3.49223673e-01
    2.05178529e-01 3.59197676e-01 3.23360860e-02 6.21164262e-01
    1.42492265e-01 2.02101111e-01 5.22296250e-01 6.14443600e-01
    8.03866744e-01 6.53612018e-01 6.10970855e-01 3.91955048e-01
    7.54775584e-01 1.00639135e-01 4.76212293e-01 4.68387693e-01
    6.43403888e-01 7.16998816e-01 5.84995985e-01 5.55842221e-01
    7.07761467e-01 4.25244808e-01 8.76644731e-01 3.17067593e-01
    2.73755193e-02 5.46842813e-02 6.64807856e-02 8.46099257e-01
    4.35545087e-01 2.92553127e-01 3.92460644e-01 7.24843085e-01
    9.71268296e-01 9.31341171e-01 9.55463767e-01 7.89491057e-01
    4.80980277e-02 4.61430997e-01 7.16475248e-01 5.67642152e-01
    9.75586474e-02 8.17146838e-01 9.47209537e-01 5.12048542e-01
    4.71755534e-01 8.88242841e-01 5.63641787e-02 7.63706326e-01
    2.20312774e-02 9.16357279e-01 9.10433531e-01 5.91736615e-01
    9.28122520e-01 1.61514819e-01 4.80209768e-01 7.29768574e-02
    7.65199423e-01 4.75967258e-01 8.15130949e-01 7.97392249e-01
    2.17689186e-01 1.34317040e-01 1.75627947e-01 4.88525242e-01
    6.31514490e-02 8.87723446e-01 6.07414246e-02 6.18302345e-01
    7.51365662e-01 9.03254688e-01 7.92757750e-01 4.83518362e-01
    2.61048108e-01 7.79584050e-01 5.21312118e-01 8.78661871e-01
    6.74667358e-02 7.06168056e-01 7.57045388e-01 7.50877798e-01
    5.46569049e-01 1.05660886e-01 1.49466723e-01 6.96103871e-01
    4.74829882e-01 7.68466830e-01 4.38747525e-01 9.93139029e-01
    6.12681985e-01 1.42926514e-01 3.60783339e-01 4.31510985e-01
    6.41271889e-01 6.72573686e-01 7.21927226e-01 6.19265795e-01
    8.31951559e-01 9.49360251e-01 2.49407500e-01 4.20746326e-01
    5.54893911e-01 5.65946102e-05 3.19700539e-01 4.52477813e-01
    9.06110346e-01 8.33558738e-01 8.59137714e-01 4.89857793e-01
    3.67622077e-01 6.91442728e-01 3.06460798e-01 1.37688100e-01
    3.58610570e-01 9.07226562e-01 2.18779802e-01 7.94697165e-01
    3.57874036e-01 3.74297380e-01 8.31365049e-01 2.48660326e-01
    9.40799177e-01 5.10925770e-01 6.67909324e-01 5.11831403e-01
    1.17459476e-01 5.04808724e-01 9.43334699e-02 3.68308067e-01
    8.71652603e-01 8.97937953e-01 3.34440768e-01 8.78551483e-01
    6.85250521e-01 6.76422954e-01 6.37711346e-01 1.31892085e-01
    7.49274313e-01 7.20801294e-01 4.98401970e-01 8.75874758e-01
    6.73638999e-01 1.50055707e-01 8.96125257e-01 7.14059412e-01
    4.35423702e-01 3.12010199e-01 4.14327919e-01 1.63705736e-01
    8.65940571e-01 5.52857041e-01 3.12673151e-02 9.71626639e-02
    4.53885585e-01 7.50208378e-01 5.53506613e-03 8.08723450e-01
    8.61898601e-01 7.70069599e-01 9.14973974e-01 5.84493637e-01
    5.04533470e-01 2.29289770e-01 5.46246469e-01 8.35004091e-01
    6.82996035e-01 8.29609990e-01 6.99318647e-01 6.48996651e-01
    7.15579510e-01 6.82866335e-01 1.96605057e-01 7.33500957e-01
    3.08261007e-01 8.30188930e-01 6.86361551e-01 7.56070018e-02
    3.90172422e-01 7.16885507e-01 6.14780903e-01 6.74927175e-01
    2.25577801e-01 8.62603903e-01 9.02168334e-01 1.43362522e-01
    9.64682579e-01 8.88434291e-01 9.63314414e-01 6.86863184e-01
    5.65575063e-01 3.72882634e-01 5.18573761e-01 9.24069166e-01
    5.99722862e-01 4.21213895e-01 9.89495456e-01 1.14428341e-01
    7.20636010e-01 2.43259102e-01 4.28500772e-01 7.31696963e-01
    9.73466754e-01 9.91232276e-01 5.80783725e-01 5.76141059e-01
    6.44588351e-01 9.53495860e-01 6.19480968e-01 6.69508815e-01
    4.29476976e-01 9.05034840e-01 5.40716827e-01 1.21363699e-02
    8.63592386e-01 7.65305459e-01 3.73747945e-02 3.04127723e-01
    3.21875513e-01 3.37080836e-01 6.14053309e-02 7.29422331e-01
    9.43399668e-01 6.99797869e-02 3.19811612e-01 4.46277618e-01
    3.62734497e-01 4.07353878e-01 1.65548682e-01 7.71777391e-01
    3.43321234e-01 2.67370492e-01 4.46189433e-01 5.54371417e-01
    3.70853156e-01 1.09044433e-01 7.04945803e-01 5.34398139e-01
    3.67057562e-01 4.85635132e-01 6.53065443e-01 7.99794078e-01
    8.21457446e-01 2.98868895e-01 3.90591443e-01 2.64523506e-01
    4.61126089e-01 8.47564816e-01 7.15164423e-01 9.17830408e-01
    1.97877496e-01 8.33503008e-01 5.41913271e-01 9.65174735e-01
    2.61257589e-01 1.22533023e-01 7.30989218e-01 1.04083419e-02
    4.28365201e-01 2.08606511e-01 2.65351534e-02 1.79069310e-01
    1.67570591e-01 6.86272621e-01 6.11433089e-01 4.49393064e-01
    5.54080367e-01 8.94283056e-01 2.59364337e-01 4.95039940e-01
    9.65463519e-01 5.26082754e-01 4.75587547e-02 5.45826197e-01
    5.24282694e-01 1.78623706e-01 7.97780275e-01 2.92800307e-01
    5.64192295e-01 6.81344032e-01 6.77215278e-01 1.77912712e-02
    9.64017868e-01 9.60607767e-01 8.36947680e-01 8.32792819e-01
    2.81569421e-01 8.24777246e-01 1.62941992e-01 1.84717864e-01
    8.37412715e-01 8.39789987e-01 8.82613838e-01 8.13564181e-01
    7.68047214e-01 2.96487212e-01 6.87635481e-01 8.61271381e-01
    1.36540204e-01 8.81571651e-01 4.22995448e-01 5.35969853e-01
    7.18739927e-02 5.05045354e-01 1.01074040e-01 7.61213362e-01
    8.02641511e-01 5.42392373e-01 1.23400241e-01 3.49033207e-01
    7.18058646e-01 2.68274426e-01 7.42897570e-01 6.27776027e-01
    3.93477976e-01 1.70809180e-01 9.90542531e-01 9.78122652e-02
    9.05499339e-01 5.36058962e-01 2.82560349e-01 1.50620699e-01
    3.20097983e-01 5.30237257e-02 5.32226861e-01 8.00141096e-01
    7.50258446e-01 3.34151387e-01 1.28708720e-01 7.02652693e-01
    1.48782760e-01 5.53788483e-01 6.55294180e-01 7.95302987e-01
    7.41541386e-01 8.68909895e-01 5.69275916e-01 7.65724659e-01
    2.19599307e-01 1.28238410e-01 7.42117226e-01 7.85862446e-01
    8.61843526e-02 7.59437323e-01 2.99373567e-01 2.85554856e-01
    5.90595901e-01 1.40845656e-01 2.02392370e-01 3.52853924e-01
    5.81828117e-01 4.63700235e-01 5.92065454e-01 1.95065975e-01
    2.36354470e-02 1.89677566e-01 1.84104413e-01 3.89892280e-01
    3.23022187e-01 2.07312942e-01 9.43157673e-01 7.22000003e-02
    3.56293708e-01 7.06185400e-02 8.93091857e-02 9.43911433e-01
    8.64672601e-01 7.99014688e-01 7.06844687e-01 1.27269715e-01
    2.91446954e-01 5.54698288e-01 6.32857084e-01 8.17804277e-01
    7.30771184e-01 9.76609230e-01 2.17357129e-01 4.17651296e-01
    6.92504704e-01 2.92711526e-01 2.29212910e-01 8.12640727e-01
    5.63394070e-01 1.39939845e-01 7.19023347e-01 1.24592125e-01
    6.02275014e-01 8.12042832e-01 3.80104363e-01 7.89929032e-01
    8.63174200e-01 1.08450919e-01 4.43927854e-01 8.59479606e-01
    9.19870019e-01 1.34163052e-01 1.69114769e-01 2.82015562e-01
    1.08021289e-01 7.81046510e-01 2.77929783e-01 8.45918655e-01
    2.20521361e-01 7.14728236e-01 1.55604333e-01 5.89790940e-02
    3.65327716e-01 3.46207619e-02 7.23812819e-01 3.15511525e-01
    3.25212896e-01 7.89807796e-01 9.37845826e-01 8.79172921e-01
    7.12918580e-01 6.84559345e-01 8.62655699e-01 5.14630556e-01
    2.72335708e-02 1.50410622e-01 5.42217433e-01 9.22426820e-01
    5.72993875e-01 6.62716627e-02 3.84426832e-01 2.22131491e-01
    3.36973608e-01 3.41650963e-01 7.58192897e-01 8.66252303e-01
    8.93338442e-01 7.92459846e-01 8.51429701e-01 4.81946290e-01
    4.34132755e-01 5.16463220e-01 3.87803614e-01 4.63764757e-01
    4.32838798e-02 3.75681967e-01 4.46891993e-01 7.84794986e-01
    1.99368894e-02 7.74535179e-01 9.95017171e-01 9.07547951e-01
    6.44003987e-01 8.75536501e-02 1.52922571e-01 5.69549501e-01
    7.28292406e-01 9.82488573e-01 1.15554988e-01 3.17566693e-02
    9.62781787e-01 1.96249247e-01 8.97479296e-01 3.29660922e-01
    9.69607234e-01 2.29692250e-01 8.59589994e-01 4.27933395e-01
    8.33936095e-01 7.10604787e-01 1.22535229e-02 6.36666775e-01
    9.03968692e-01 7.11935461e-02 2.35224813e-01 8.36763024e-01
    2.03944445e-01 4.45697188e-01 4.97174740e-01 7.58630276e-01
    3.36652219e-01 9.59625721e-01 5.41082978e-01 6.51478469e-01
    6.74166620e-01 6.40766919e-01 6.51513934e-01 7.02110410e-01
    5.19811213e-01 7.55287409e-02 8.49464357e-01 2.43196785e-02
    2.94980764e-01 9.07666922e-01 7.28433728e-01 8.35315704e-01
    8.81516039e-01 7.85019994e-01 1.19195968e-01 3.68338287e-01
    2.50451088e-01 7.91521966e-02 3.81036997e-01 9.92080092e-01
    1.20362043e-01 5.88883579e-01 5.70646822e-02 2.69080579e-01
    4.40941095e-01 3.51365030e-01 7.34617889e-01 5.25789261e-02
    1.52518958e-01 8.48322749e-01 3.26049507e-01 9.64337647e-01
    6.57503247e-01 2.90065587e-01 1.54891282e-01 3.96884382e-01
    9.45055962e-01 3.71333718e-01 1.67666793e-01 5.65692186e-01
    4.97739315e-02 1.83525831e-01 9.35851216e-01 1.27006471e-02
    5.35623074e-01 4.30705547e-02 4.78502035e-01 3.71988475e-01
    7.75590241e-01 2.83429861e-01 6.56792045e-01 1.80377692e-01
    5.90624690e-01 2.43928432e-02 9.20513272e-01 7.50372887e-01
    6.65373981e-01 9.52297330e-01 1.32088274e-01 4.60799038e-02
    5.94685137e-01 4.00430530e-01 7.15834975e-01 8.87356400e-01
    7.84853816e-01 2.87406266e-01 8.93620431e-01 7.39082754e-01
    1.09985292e-01 3.24718505e-01 7.10650265e-01 5.62844634e-01
    9.21287775e-01 1.62917495e-01 4.22484159e-01 8.24448943e-01
    3.42025340e-01 5.27879179e-01 6.63016737e-02 2.53376782e-01
    6.28775835e-01 5.49982905e-01 7.11104035e-01 3.75939190e-01
    6.02101743e-01 5.96577644e-01 1.90653205e-01 6.01019382e-01
    7.97599912e-01 1.79903239e-01 4.28244263e-01 7.39562154e-01
    5.37785530e-01 1.29306018e-01 3.89744997e-01 2.54979432e-01
    5.13136148e-01 2.45321095e-01 1.49368316e-01 7.32907712e-01
    6.36911273e-01 1.62582070e-01 2.33629197e-01 2.37611920e-01
    9.61508155e-01 3.67652357e-01 2.05346018e-01 2.99105018e-01
    7.69723773e-01 9.46906447e-01 2.46796012e-03 5.35811365e-01
    2.48854309e-01 2.10677266e-01 8.97257686e-01 2.30909020e-01
    9.42968726e-01 3.09805632e-01 1.35963708e-01 5.53276539e-02
    4.24773395e-01 4.84052658e-01 1.31628245e-01 1.51303411e-03
    5.32948375e-01 9.51079309e-01 4.99017268e-01 6.11773193e-01
    9.76607144e-01 5.27305067e-01 2.99729764e-01 5.94312549e-01
    2.60764122e-01 7.51206160e-01 6.06267750e-01 3.36534202e-01
    3.70343924e-01 7.27705657e-01 6.36570275e-01 4.54105198e-01
    1.77431405e-01 6.71603203e-01 5.26479542e-01 2.16931969e-01
    9.66343105e-01 7.40374923e-02 6.05239511e-01 7.00842619e-01
    7.40953684e-01 6.92500353e-01 9.85970616e-01 8.52796018e-01
    6.11088216e-01 7.54556417e-01 1.44224405e-01 7.02823400e-01
    9.08771873e-01 7.42935121e-01 2.68953204e-01 9.86990631e-02
    4.41690385e-02 5.95364630e-01 3.07839185e-01 1.53627902e-01
    9.36994612e-01 6.56582713e-02 9.09246445e-01 5.86088538e-01
    8.85052443e-01 7.51277208e-02 7.74345875e-01 2.95109749e-01
    7.55622745e-01 4.61712152e-01 2.34068364e-01 3.97885144e-01
    5.20528972e-01 8.29856038e-01 4.38417524e-01 5.20884752e-01
    5.51994503e-01 7.23655283e-01 2.79500127e-01 1.60421193e-01
    3.99630547e-01 6.39373600e-01 9.77258384e-01 4.62638706e-01
    7.41404235e-01 4.41895485e-01 5.50284207e-01 6.27228796e-01
    3.99077177e-01 5.70469260e-01 9.42258060e-01 1.71858460e-01
    6.35077059e-01 3.39437366e-01 9.20665979e-01 7.18621254e-01
    6.91991389e-01 3.33733320e-01 9.84283090e-02 1.48781240e-01
    7.85619915e-02 9.83931422e-01 6.52592421e-01 7.74513721e-01
    1.70569658e-01 3.00253063e-01 1.58749580e-01 1.27167255e-01
    7.61615872e-01 4.51374799e-01 9.79449630e-01 5.58412850e-01
    3.43676567e-01 9.62395966e-02 5.56972086e-01 8.64495158e-01
    1.54398203e-01 8.55819106e-01 3.82469296e-01 8.72925341e-01
    4.47143257e-01 2.29415536e-01 5.73011458e-01 2.58018404e-01
    6.51695073e-01 3.15248728e-01 8.39531898e-01 5.21307528e-01
    6.59232378e-01 5.46741545e-01 3.70911956e-01 2.42145687e-01
    4.05975908e-01 6.41119599e-01 7.63532817e-02 5.44844925e-01
    5.94372988e-01 7.48249888e-01 1.25810295e-01 7.54284620e-01
    7.12120533e-01 4.12179410e-01 2.63293773e-01 9.30020332e-01
    1.64520830e-01 6.04328811e-02 3.98146212e-02 8.97249699e-01
    6.16281271e-01 6.24606788e-01 3.81847560e-01 9.42546129e-01
    1.80561215e-01 4.85956669e-04 1.86068982e-01 7.81589985e-01
    2.25003690e-01 3.67445469e-01 8.72610629e-01 4.71361548e-01
    5.38776994e-01 7.45553136e-01 3.43296111e-01 2.10893542e-01
    3.02328080e-01 4.63215679e-01 6.00157201e-01 3.66560131e-01
    1.94444031e-01 6.26517177e-01 4.77701843e-01 7.21968293e-01
    5.01930714e-04 8.57899964e-01 9.46915865e-01 7.55316675e-01
    9.43770826e-01 2.62321502e-01 7.86518574e-01 9.87847567e-01
    3.58798027e-01 6.58567667e-01 1.91422462e-01 8.24195027e-01
    4.44607407e-01 6.49850070e-01 8.58851731e-01 4.24215853e-01
    1.36406720e-02 5.93443751e-01 2.54741877e-01 7.00044751e-01
    8.98423910e-01 8.64375174e-01 3.29258204e-01 9.93883908e-01
    2.80012310e-01 4.25719291e-01 7.35165238e-01 9.40983534e-01
    8.27529609e-01 1.55417472e-01 6.55586123e-01 6.90256238e-01
    2.74719864e-01 1.82135731e-01 2.97649026e-01 9.23331320e-01
    9.20886517e-01 6.04823530e-02 7.99537003e-01 7.53230810e-01
    7.99823761e-01 9.50646162e-01 8.97714257e-01 3.01685989e-01
    8.65305185e-01 6.43014371e-01 9.08587277e-01 1.55185014e-01
    9.51686382e-01 9.60994661e-01 4.86405998e-01 3.50626469e-01
    9.79108810e-02 2.81824619e-01 4.12505448e-01 8.81799817e-01
    5.84315419e-01 9.51818228e-01 8.68003249e-01 4.21090603e-01
    9.87262845e-01 8.18021357e-01 9.13632512e-01 5.78715086e-01
    6.03665113e-02 4.29840326e-01 4.40999806e-01 6.50374889e-02
    1.36688828e-01 4.80146766e-01 3.28449935e-01 1.56511903e-01
    2.05476999e-01 5.68997324e-01 4.53377008e-01 6.14675581e-02
    4.62912589e-01 8.10813010e-01 2.60949194e-01 5.92205703e-01
    7.68361151e-01 5.20929694e-03 5.11768937e-01 8.63692105e-01
    9.85720158e-02 5.77699244e-01 8.56028795e-01 8.65886927e-01
    6.83908701e-01 7.89784074e-01 8.60701740e-01 9.65114355e-01
    8.99978995e-01 7.24158883e-02 2.02179134e-01 5.70578337e-01
    6.88717484e-01 1.10656977e-01 6.88323915e-01 9.74005342e-01
    7.63224483e-01 5.43211102e-01 5.52389085e-01 1.03496760e-01
    5.20977974e-02 8.11989665e-01 1.96273386e-01 8.81186604e-01
    4.11087185e-01 8.85873973e-01 6.73240423e-03 7.07709789e-01
    5.57043374e-01 3.81676167e-01 2.21391469e-01 2.85029352e-01
    2.26020813e-02 1.85556918e-01 5.37255824e-01 3.42729837e-01
    6.36587381e-01 9.91998851e-01 3.68465066e-01 9.05335665e-01
    6.92914009e-01 8.56950581e-01 4.63630795e-01 2.78607458e-01
    2.29203910e-01 3.79663259e-01 7.62954593e-01 2.05924660e-01
    2.18800545e-01 2.50210226e-01 4.53990817e-01 1.35705173e-02
    3.74304265e-01 1.85374320e-01 2.50980943e-01 5.93067110e-01
    9.32350516e-01 5.04268885e-01 6.58811688e-01 2.70149708e-01
    4.66825396e-01 4.58542705e-02 8.82563412e-01 6.30435348e-01
    9.13011372e-01 7.97954559e-01 8.82074237e-01 8.39840055e-01
    6.40881419e-01 6.14727736e-01 6.15795851e-01 7.95898139e-01
    7.66281247e-01 6.01476490e-01 5.08823454e-01 6.07615709e-02
    6.39862716e-01 4.37777221e-01 6.52943373e-01 4.45099533e-01
    2.86425889e-01 9.56335783e-01 2.89646387e-01 9.45427537e-01
    9.93458807e-01 1.41936094e-01 8.57018709e-01 3.03872228e-01
    5.15748501e-01 2.60621250e-01 1.93528831e-01 5.21919489e-01
    1.62696898e-01 4.66865540e-01 3.38871002e-01 5.57578862e-01
    9.59261179e-01 7.99693942e-01 5.96279502e-01 5.56721807e-01
    5.92902660e-01 5.31091094e-02 3.40138078e-01 7.46061981e-01
    6.19822323e-01 1.96498573e-01 7.83007264e-01 8.48571956e-01
    2.97610909e-01 9.82612133e-01 7.71698833e-01 7.32398570e-01
    2.60008365e-01 7.69614935e-01 8.38178396e-02 1.10653937e-01
    5.34454644e-01 4.92658943e-01 3.70622993e-01 4.50907350e-02
    3.94952476e-01 9.50274050e-01 1.29255533e-01 3.11266065e-01
    5.58117092e-01 3.50426972e-01 3.74398679e-01 9.60558534e-01
    6.57308102e-01 9.00954723e-01 1.84351146e-01 9.19924021e-01
    8.38525891e-01 3.02262157e-01 6.13757491e-01 8.92919421e-01
    8.82695675e-01 9.77449417e-01 9.41401601e-01 4.29930925e-01
    1.40095800e-01 4.17712957e-01 6.13506556e-01 7.74338067e-01
    4.98726428e-01 4.02697861e-01 5.74924946e-01 1.32861108e-01
    1.55073792e-01 1.99535161e-01 6.29235089e-01 4.12495911e-01
    4.18194890e-01 2.49001592e-01 6.55280948e-01 4.70210016e-01
    5.72470903e-01 1.44447386e-01 7.57868230e-01 6.99560463e-01
    1.38383120e-01 5.13554931e-01 8.92925024e-01 6.94997311e-01
    2.29216248e-01 4.60962951e-01 8.95871818e-02 8.48501503e-01
    6.23008788e-01 9.84781981e-01 3.48665893e-01 8.27632844e-02
    8.31125259e-01 3.93594772e-01 6.42783463e-01 3.51321667e-01
    7.37169385e-01 6.75338864e-01 2.20654100e-01 9.64238048e-01
    3.84109735e-01 9.26669002e-01 2.32871085e-01 3.88167590e-01
    4.03137326e-01 3.30339134e-01 7.71826625e-01 5.08680284e-01
    3.89979422e-01 2.92380154e-02 6.15810215e-01 3.53841782e-01
    2.39674151e-01 3.86263818e-01 8.15598905e-01 2.60647029e-01
    2.70618886e-01 8.92565489e-01 5.47543466e-01 2.09508091e-01
    8.17118585e-02 9.46567059e-02 2.04279929e-01 9.15706277e-01
    4.38220024e-01 9.81379628e-01 5.65159082e-01 7.83311129e-02
    7.14490652e-01 3.69156271e-01 5.02028883e-01 9.90234673e-01
    9.59303617e-01 6.28436506e-01 7.99153209e-01 3.14993560e-02
    1.78676844e-02 4.94877517e-01 9.47849512e-01 3.28810811e-02
    9.57354248e-01 8.72507751e-01 8.29984248e-01 7.78630376e-02
    8.31656992e-01 7.30994940e-01 5.87930322e-01 4.33108240e-01
    4.47961658e-01 2.99307227e-01 7.91524827e-01 8.53352964e-01
    8.92588496e-01 8.37558150e-01 6.20440483e-01 2.26610899e-01
    5.43306589e-01 1.19808376e-01 4.86283720e-01 9.06436324e-01
    9.22377706e-01 8.65401268e-01 9.03597474e-01 9.11786795e-01
    1.72900021e-01 8.63702297e-01 1.38693541e-01 8.64275694e-01
    2.72831321e-03 2.36437380e-01 9.22668099e-01 8.81533384e-01
    6.48223639e-01 3.11797202e-01 9.86701667e-01 8.15444827e-01
    9.06531215e-01 7.97413170e-01 3.37463677e-01 7.36081302e-02
    1.61718816e-01 7.76741266e-01 9.41087246e-01 6.96480751e-01
    7.57162750e-01 3.39567006e-01 7.90499926e-01 1.70247287e-01
    5.99205315e-01 1.03031337e-01 6.56092167e-03 8.31348538e-01
    6.66874349e-01 6.79792166e-01 8.62011492e-01 4.88385350e-01
    6.00561619e-01 9.33749795e-01 2.25156486e-01 1.29864901e-01
    4.51720536e-01 2.66993165e-01 1.49969041e-01 3.01808417e-01
    2.94841647e-01 5.73596358e-01 4.30386245e-01 1.48252487e-01
    4.12955642e-01 5.46517253e-01 6.96097732e-01 7.51556993e-01
    9.18445110e-01 5.30579090e-02 8.12410116e-01 5.93327522e-01
    8.68531108e-01 9.25605357e-01 4.33596134e-01 1.83803618e-01
    7.85134673e-01 7.72665858e-01 5.03511190e-01 4.65108186e-01
    2.56930590e-01 7.55091250e-01 8.30694675e-01 9.28002894e-01
    9.97163236e-01 9.86333489e-01 9.95900750e-01 3.95882130e-02
    9.74764943e-01 9.50121284e-02 6.61168933e-01 2.76287228e-01
    9.02242184e-01 1.47378176e-01 9.66588974e-01 5.62111259e-01
    9.42176878e-02 2.09634036e-01 7.39891350e-01 2.43703336e-01
    8.99159610e-02 3.04347634e-01 8.83068919e-01 3.28018963e-02
    4.34526920e-01 7.64438748e-01 6.79342985e-01 7.61330485e-01
    9.15254653e-02 3.07160050e-01 2.11799532e-01 1.06370002e-01
    2.15720385e-01 8.28376412e-03 3.85463297e-01 3.73644292e-01
    6.37189329e-01 9.51263070e-01 3.28270078e-01 2.81675875e-01
    9.18056726e-01 4.81334299e-01 2.74649858e-01 4.71003503e-01
    4.76764739e-01 6.94267511e-01 2.09682673e-01 2.46959031e-01
    7.66361475e-01 4.68579859e-01 2.94693708e-01 5.53211868e-02
    4.11397666e-01 8.30339670e-01 5.84990263e-01 6.48069143e-01
    4.40802366e-01 3.86699557e-01 6.61759377e-02 8.84644747e-01
    1.63634866e-01 5.56984425e-01 7.88397729e-01 4.52118576e-01
    3.81265044e-01 6.27783477e-01 8.42671275e-01 7.27042913e-01
    7.65667200e-01 5.31323016e-01 9.30628061e-01 9.44102764e-01
    1.04121685e-01 4.76499856e-01 6.47579908e-01 7.83391178e-01
    5.63822210e-01 5.97482443e-01 1.89259946e-01 2.28821188e-01
    3.30017507e-01 3.98636460e-02 9.36222017e-01 8.95447493e-01
    9.33404505e-01 1.37444437e-02 4.09721196e-01 4.17451859e-02
    1.89761758e-01 1.84607118e-01 4.19049054e-01 9.00548398e-02
    4.55187976e-01 9.14497733e-01 7.02820480e-01 7.66673863e-01
    5.79317093e-01 6.98401451e-01 3.78855973e-01 5.12937605e-02
    2.25134373e-01 5.33820808e-01 4.19712782e-01 8.76056433e-01
    8.11409295e-01 7.31946170e-01 4.90294904e-01 8.13039243e-01
    2.43475795e-01 2.62001157e-01 7.46212602e-01 4.86734718e-01
    8.66101623e-01 7.73591220e-01 6.18175268e-01 4.61331248e-01
    4.48136210e-01 3.46302748e-01 6.47811830e-01 9.39317524e-01
    6.01298094e-01 2.62513101e-01 3.20682853e-01 6.93742037e-01
    1.07705325e-01 8.98924232e-01 5.63592613e-01 5.98737299e-01
    4.86761928e-02 9.84060049e-01 4.40988988e-01 9.33382034e-01
    6.49267197e-01 2.17843801e-01 9.46184814e-01 7.71201611e-01
    8.99894536e-01 1.16315305e-01 9.97877419e-02 4.59422529e-01
    2.24726111e-01 2.06079781e-02 9.23556805e-01 9.45474386e-01
    6.47631645e-01 1.02048069e-01 8.93774033e-01 8.45975876e-01
    6.99512541e-01 6.07010901e-01 2.72374511e-01 2.16732353e-01
    8.24012160e-01 8.72337639e-01 6.63894713e-02 4.00367647e-01
    7.37368047e-01 4.74776536e-01 4.99548912e-02 6.56351447e-02
    7.28902221e-03 2.32520044e-01 4.39160317e-01 8.97554040e-01
    2.13257521e-01 1.31315172e-01 7.07305431e-01 7.18343258e-02
    6.18877888e-01 6.65958703e-01 2.50790238e-01 9.99090612e-01
    1.54356301e-01 4.94084805e-01 4.80580777e-01 8.54849935e-01
    3.99094164e-01 6.00875080e-01 3.65741014e-01 3.30475211e-01
    7.74770319e-01 6.74451709e-01 9.03464317e-01 2.42011100e-01
    4.66326177e-01 4.44768190e-01 8.23538363e-01 4.58968461e-01
    9.74087417e-01 5.21132290e-01 5.84843338e-01 9.75707948e-01
    9.49638844e-01 7.23369479e-01 9.14765239e-01 8.76183331e-01
    8.37455094e-01 7.35804439e-01 8.25383961e-02 7.50740469e-01
    9.84683394e-01 1.53241128e-01 9.80319083e-02 5.48136890e-01
    5.31509221e-01 9.36107159e-01 8.43758583e-01 1.97880358e-01
    6.45377040e-01 9.52828705e-01 1.45573199e-01 2.52702117e-01
    5.20612359e-01 4.24867064e-01 2.87378281e-01 3.22282791e-01
    2.35187352e-01 7.64690876e-01 8.01827431e-01 1.77756697e-01
    2.53000498e-01 8.80585074e-01 6.40117049e-01 3.07587296e-01
    6.05790675e-01 2.58564711e-01 4.11630392e-01 4.07342523e-01
    7.99952030e-01 4.00554001e-01 3.92170250e-02 1.42288506e-02
    9.49971199e-01 8.93211246e-01 6.63003325e-01 8.56896400e-01
    9.69371080e-01 3.00783932e-01 2.55271465e-01 9.61744905e-01
    6.89338148e-01 6.81362927e-01 5.88834465e-01 8.47797751e-01
    6.93864048e-01 7.58862495e-02 9.42713022e-02 1.85587376e-01
    1.32892430e-01 5.92443883e-01 5.88434577e-01 2.46074915e-01
    2.57098794e-01 7.96041608e-01 9.46018994e-01 9.68152285e-03
    6.87128901e-02 4.20067072e-01 7.92321563e-03 2.44472742e-01
    6.79000139e-01 3.96070868e-01 2.88789958e-01 4.49246079e-01
    9.81139779e-01 9.40922260e-01 7.08511233e-01 9.98241663e-01
    2.32560456e-01 4.27017331e-01 2.99977273e-01 4.65372056e-01
    1.77130491e-01 7.41041303e-01 3.74591827e-01 7.01233327e-01
    8.98951054e-01 8.33258986e-01 7.39004433e-01 9.42124248e-01
    7.32682526e-01 4.62822318e-02 5.79965353e-01 4.07682627e-01
    5.25916755e-01 7.10851789e-01 5.77229917e-01 4.91901040e-02
    7.82271624e-01 1.54233515e-01 8.23925018e-01 7.27765143e-01
    3.69204342e-01 7.52061129e-01 3.90012801e-01 9.25365329e-01
    3.80513102e-01 9.72674310e-01 6.18855596e-01 1.80195004e-01
    6.92426562e-02 3.89872402e-01 7.56513715e-01 8.11869264e-01
    6.90382361e-01 7.51387239e-01 9.46813226e-02 9.33497787e-01
    2.82754362e-01 9.42427218e-01 5.35184741e-01 3.34273338e-01
    6.11425042e-01 4.95011330e-01 6.09228671e-01 2.92757899e-01
    3.29544842e-01 1.11293465e-01 1.48064703e-01 9.93129373e-01
    8.52732480e-01 5.79620063e-01 3.57229114e-01 2.01798499e-01
    6.18189573e-03 3.78865600e-01 5.51271021e-01 9.75160837e-01
    3.65749598e-01 9.56201017e-01 5.06131411e-01 1.78372473e-01
    4.28074241e-01 1.10465348e-01 5.07406473e-01 7.57619381e-01
    1.18429780e-01 7.76942849e-01 4.84140575e-01 2.96113998e-01
    5.81592262e-01 6.64106727e-01 5.19340038e-01 7.80648351e-01
    5.21533370e-01 5.12295663e-02 7.53508151e-01 4.26353991e-01
    2.99661338e-01 4.90183204e-01 6.84298754e-01 8.14257503e-01
    1.39995337e-01 8.75014365e-02 9.45258737e-01 5.78835547e-01
    1.71567857e-01 9.62180614e-01 7.20935345e-01 2.00361460e-01
    9.67869043e-01 1.41450167e-01 8.26388597e-02 2.99907982e-01
    4.12448168e-01 1.01929903e-02 9.76969600e-01 5.38893282e-01
    5.25786340e-01 1.71942741e-01 1.01930201e-02 2.92176783e-01
    9.35343802e-01 8.66647184e-01 2.68332303e-01 4.01589155e-01
    8.00942659e-01 9.86527920e-01 6.43100262e-01 3.08752179e-01
    1.00966662e-01 2.99206227e-01 3.74950826e-01 4.78361815e-01
    8.70692730e-01 6.03898883e-01 7.64429569e-01 8.09279919e-01
    3.31295490e-01 5.63393056e-01 6.95425272e-02 4.01485324e-01
    2.52042413e-01 9.12947893e-01 9.91319418e-02 9.29343522e-01
    4.49603826e-01 3.02675545e-01 5.31806529e-01 4.47486728e-01
    8.43375444e-01 1.77896291e-01 2.15071738e-01 3.03952396e-01
    2.56367356e-01 6.43040538e-01 1.72090888e-01 7.27736592e-01
    7.57686198e-02 6.90029144e-01 8.50343823e-01 4.23159838e-01
    1.58589870e-01 2.45090604e-01 1.65072739e-01 9.13399994e-01
    5.50034881e-01 2.92983592e-01 7.68450260e-01 1.26067370e-01
    8.14555645e-01 2.06886590e-01 1.50737017e-01 1.14696592e-01
    7.97182381e-01 1.45339131e-01 8.45911980e-01 2.97620654e-01
    4.93727475e-01 6.23414338e-01 7.70236015e-01 7.82126427e-01
    1.13041312e-01 6.57128692e-01 1.24604344e-01 1.78806037e-01
    1.35289043e-01 6.22129440e-01 4.66623306e-02 5.10194957e-01
    3.98212701e-01 9.24008608e-01 6.78105652e-01 1.25502318e-01
    4.31867689e-01 1.74753040e-01 8.51991832e-01 9.26253557e-01
    6.09991550e-02 1.48793161e-01 1.39968246e-01 7.55653739e-01
    1.58035249e-01 2.06957936e-01 4.10714209e-01 1.77765608e-01
    6.17460787e-01 6.30172133e-01 9.59193230e-01 7.51841426e-01
    7.68076420e-01 7.58709311e-02 4.69858736e-01 2.96497077e-01
    8.93909812e-01 8.12114716e-01 3.03443968e-01 4.61473048e-01
    5.88158786e-01 3.93665314e-01 9.62459683e-01 4.01116252e-01
    6.43137634e-01 8.22340250e-02 9.33677197e-01 5.05741358e-01
    1.91022247e-01 9.20471907e-01 8.88406038e-01 5.18727481e-01
    9.05004740e-01 4.35342669e-01 2.71230161e-01 5.85345268e-01
    1.78187132e-01 3.34316790e-01 5.26996255e-01 2.58183479e-01
    7.78176188e-02 4.21158850e-01 3.64631176e-01 9.03813124e-01
    6.19667709e-01 3.95968884e-01 9.11600053e-01 9.33616996e-01
    4.99517679e-01 6.65828824e-01 5.47264755e-01 5.79820871e-01
    9.71601129e-01 5.06354392e-01 4.80813354e-01 3.84719431e-01
    2.08414823e-01 1.40213996e-01 6.26844168e-01 8.44520569e-01
    8.20953429e-01 7.46061027e-01 5.18074095e-01 3.09351712e-01
    2.97541022e-02 5.47690511e-01 3.65022719e-01 2.73926258e-02
    8.60316694e-01 5.16699970e-01 1.95823073e-01 3.61943185e-01
    1.41314119e-01 6.21782541e-02 3.57650578e-01 6.32534087e-01
    2.18805552e-01 1.90172732e-01 2.00206637e-01 1.49201483e-01
    4.92780864e-01 3.22248518e-01 5.48710227e-01 9.47633624e-01
    8.42615366e-01 6.86890066e-01 2.68546343e-02 7.80328810e-02
    2.70756602e-01 3.81461024e-01 6.07325196e-01 7.96252728e-01
    8.21911931e-01 4.37107980e-02 2.25172102e-01 1.68130696e-02
    5.63085318e-01 2.59012043e-01 5.82920253e-01 9.04716611e-01
    3.61869901e-01 6.41364634e-01 8.77701044e-01 7.94500470e-01
    8.37883949e-01 5.35716772e-01 6.84595466e-01 5.88683367e-01
    6.28588557e-01 1.39922798e-01 2.40436167e-01 7.43074894e-01
    7.12751091e-01 8.12910616e-01 7.93232024e-01 1.92278296e-01
    6.46265626e-01 8.79506171e-01 5.44600427e-01 4.53367114e-01
    6.02274358e-01 5.86232364e-01 5.81597090e-02 5.34821868e-01
    3.87521505e-01 3.86901468e-01 9.28413272e-01 2.28377581e-02
    5.28087616e-02 6.20051563e-01 9.93967772e-01 9.75808978e-01
    3.47880125e-02 6.37235641e-02 3.86822343e-01 3.41451675e-01
    9.40663338e-01 8.56950879e-01 5.15939891e-01 8.55161786e-01
    9.36187387e-01 3.40374827e-01 6.02795601e-01 1.44816607e-01
    7.87549257e-01 5.74764490e-01 4.70967948e-01 7.66597331e-01
    5.80455303e-01 8.32244158e-02 6.52383924e-01 8.38808775e-01
    3.32749903e-01 4.00807083e-01 4.03377652e-01 5.64020455e-01
    4.26644385e-01 5.98053098e-01 4.76771802e-01 6.71420097e-02
    4.85723823e-01 9.79450822e-01 2.04699844e-01 5.45704901e-01
    7.35986412e-01 8.56712580e-01 5.17944515e-01 6.09316349e-01
    6.00484312e-02 7.20601022e-01 9.36591387e-01 1.72185987e-01
    9.16043043e-01 1.98134840e-01 7.14797258e-01 4.96385187e-01
    4.55511153e-01 4.27637875e-01 4.53278124e-01 3.92683655e-01
    2.35451877e-01 4.61537361e-01 8.99963737e-01 1.96549416e-01
    7.15275466e-01 5.73913753e-01 6.38696551e-01 7.83817768e-01
    7.54131258e-01 9.93417740e-01 8.67372453e-02 3.20414364e-01
    8.85226727e-01 5.72825491e-01 4.23701853e-01 6.12763166e-02
    3.56327862e-01 7.86925137e-01 8.39731693e-01 8.63705397e-01
    3.31018329e-01 7.39605904e-01 4.02871192e-01 4.50075209e-01
    5.21779299e-01 8.91176462e-01 3.29750121e-01 6.85356081e-01
    9.85078812e-01 3.64732444e-01 3.43473077e-01 7.96381593e-01
    7.35237241e-01 4.78337705e-02 8.33899498e-01 2.49329478e-01
    9.52954650e-01 6.76263988e-01 4.13064867e-01 4.32581663e-01
    6.93190336e-01 9.94311571e-01 5.91564298e-01 3.01295280e-01
    2.16380775e-01 2.92930782e-01 6.44276619e-01 3.11212689e-01
    5.71560562e-01 8.00802290e-01 2.85922647e-01 1.34642124e-02
    1.54483318e-03 1.49547338e-01 3.59058470e-01 6.66040421e-01
    6.80566192e-01 1.43598020e-02 8.93119931e-01 9.39724207e-01
    5.18403351e-01 3.88114482e-01 5.18239915e-01 6.78797364e-01
    2.15265214e-01 7.87282228e-01 8.31080139e-01 1.28351182e-01
    5.92364967e-01 5.42408228e-01 8.77267838e-01 9.20610785e-01
    8.36834788e-01 1.40375197e-01 8.54249895e-01 7.95393586e-01
    3.22967887e-01 4.56369460e-01 9.52013850e-01 2.85236299e-01
    9.30349112e-01 6.43017173e-01 8.52025151e-01 1.21952832e-01
    3.89671147e-01 1.93418533e-01 7.87850082e-01 4.70530391e-01
    8.52267265e-01 3.94286960e-01 3.10401201e-01 2.49428153e-01
    6.89109385e-01 4.69441742e-01 5.86256087e-01 8.07233453e-01
    5.52491605e-01 2.39397705e-01 2.16679871e-01 9.56890225e-01
    6.56722903e-01 6.39214218e-02 3.57396603e-02 6.22037053e-01
    4.02688861e-01 8.20291162e-01 7.81146944e-01 7.85982609e-01
    9.36257362e-01 8.53233635e-02 2.19923258e-01 6.25391722e-01
    6.79680288e-01 8.81559908e-01 8.10787201e-01 9.06206727e-01
    4.54437733e-02 5.39097428e-01 3.35700274e-01 1.27363026e-01
    2.83903420e-01 8.55306983e-01 1.81706637e-01 6.55998707e-01
    6.06119633e-03 4.49537694e-01 6.00130081e-01 7.54270196e-01
    6.16403997e-01 2.42013335e-01 1.07748061e-01 8.12606990e-01
    2.93193758e-02 9.75467682e-01 6.47094131e-01 8.93766165e-01
    6.62381589e-01 1.48594588e-01 8.55473697e-01 3.85599136e-01
    5.19850910e-01 6.73509836e-01 2.71795273e-01 8.15229654e-01
    2.22286582e-02 2.42608666e-01 1.26111209e-01 6.29402339e-01
    9.18833315e-02 1.34269297e-02 5.62707484e-02 7.24518299e-03
    8.38777184e-01 3.79656881e-01 1.63832635e-01 8.62161219e-01
    7.90028691e-01 5.75982928e-02 6.30783081e-01 3.10629487e-01
    5.04958510e-01 4.82650936e-01 4.36145484e-01 6.56030476e-02
    8.04248095e-01 9.31232691e-01 8.84592533e-01 6.16688073e-01
    4.25378591e-01 9.03740764e-01 8.12933683e-01 9.50970352e-01
    9.95228171e-01 4.83763993e-01 5.64239740e-01 9.91028488e-01
    5.02774417e-01 4.85445499e-01 3.30297023e-01 7.08154440e-02
    1.17286056e-01 2.14921355e-01 2.23726630e-02 1.45954967e-01
    3.18793297e-01 9.78461266e-01 2.17666924e-01 5.28623462e-01
    6.09896243e-01 9.27603602e-01 5.93526006e-01 6.24569058e-01
    7.46301115e-01 6.82443976e-01 8.77967238e-01 5.73989749e-02
    3.91940981e-01 4.19801831e-01 4.19365853e-01 8.84280443e-01
    2.06477255e-01 9.40731764e-02 7.58508682e-01 2.87204295e-01
    2.81268716e-01 2.79402494e-01 3.35525662e-01 2.42903173e-01
    3.31918836e-01 4.68239605e-01 5.39585590e-01 8.98903728e-01
    1.36057496e-01 6.58963084e-01 8.06048512e-03 7.09703505e-01
    8.91851187e-02 9.00025249e-01 5.73106349e-01 7.32032776e-01
    1.81973934e-01 8.90645564e-01 5.21568000e-01 1.02554679e-01
    5.03252983e-01 1.60293609e-01 2.87070215e-01 6.53232336e-01
    9.27423358e-01 9.65641260e-01 2.46155024e-01 1.03132695e-01
    8.69196534e-01 7.61585832e-02 2.07991123e-01 3.77701759e-01
    2.21707821e-01 7.78311729e-01 2.07140446e-02 8.62103879e-01
    5.44111609e-01 1.92225635e-01 9.47861791e-01 2.01594919e-01
    3.06790054e-01 7.03716815e-01 6.61518216e-01 6.19012952e-01
    3.73207688e-01 7.03047454e-01 1.22154564e-01 3.83340597e-01
    3.18430722e-01 2.69911408e-01 9.02983546e-02 8.11143160e-01
    2.94013619e-01 4.90063220e-01 7.05602705e-01 6.17064536e-02
    7.85896480e-02 7.26964355e-01 2.27804631e-01 1.60720378e-01
    8.14970136e-02 5.86196482e-01 7.66172767e-01 5.51117659e-01
    7.15399742e-01 1.78106070e-01 9.90224004e-01 3.87805879e-01
    6.96228862e-01 6.26062751e-01 4.65623677e-01 1.82332814e-01
    1.28694624e-01 2.68734425e-01 3.03634197e-01 4.98908103e-01
    6.94763660e-02 7.34816194e-02 4.50486779e-01 5.51930189e-01
    6.42380357e-01 4.65280086e-01 2.42722303e-01 6.74511552e-01
    7.24269450e-02 7.61511087e-01 1.39063299e-02 5.86707294e-01
    6.73853338e-01 6.49444044e-01 3.34892511e-01 5.39784789e-01
    7.50584185e-01 6.03541613e-01 8.25033486e-02 8.99927318e-02
    9.73712921e-01 5.52843988e-01 1.18261069e-01 7.63462543e-01
    8.87874842e-01 4.41808313e-01 5.09490669e-01 6.27538323e-01
    5.96067369e-01 8.01647067e-01 2.81762064e-01 2.02033818e-02
    4.18051928e-01 3.23191643e-01 8.72042894e-01 4.75001991e-01
    1.70962811e-01 3.92529279e-01 5.72639465e-01 5.03935933e-01
    4.63869125e-01 2.57953286e-01 6.70472682e-02 3.43380153e-01
    4.63289618e-01 3.09401989e-01 4.20615673e-02 9.23395514e-01
    1.61890745e-01 3.91357005e-01 5.52243412e-01 4.13356304e-01
    5.83790362e-01 6.48909390e-01 7.18206406e-01 8.56305361e-01
    2.24296331e-01 8.05597723e-01 6.05704844e-01 8.54560733e-01
    7.76404083e-01 2.46768534e-01 6.98571801e-01 9.23350811e-01
    8.50529552e-01 7.35587716e-01 4.24831808e-02 5.59091568e-01
    3.65740001e-01 6.57381296e-01 5.05514145e-01 6.00723863e-01
    2.35909224e-01 3.84768933e-01 3.94871920e-01 2.16927141e-01
    8.72899234e-01 9.57437992e-01 4.83220369e-01 9.75290537e-01
    2.10632920e-01 8.21083188e-02 4.08477187e-02 5.93245983e-01
    2.47329563e-01 8.60441923e-01 7.65645921e-01 4.14452016e-01
    9.37450349e-01 9.01835024e-01 9.72365141e-01 7.69819498e-01
    5.53510725e-01 4.17046189e-01 7.27206230e-01 7.87867188e-01
    9.61933851e-01 2.95912743e-01 8.54666591e-01 9.56546426e-01
    3.95444065e-01 1.97681248e-01 5.12211800e-01 2.72045076e-01
    6.72053814e-01 5.42722821e-01 2.06563383e-01 2.17588603e-01
    6.17782772e-02 1.80649906e-01 9.80551541e-02 7.17361152e-01
    3.40270936e-01 6.32775426e-01 6.33996844e-01 2.04007179e-01
    2.16023952e-01 3.06470871e-01 3.98103118e-01 1.12382919e-01
    2.71896958e-01 1.69024378e-01 2.27478713e-01 6.85438573e-01
    5.71177661e-01 1.24765992e-01 9.04957414e-01 4.57639635e-01
    1.61240458e-01 2.57700682e-02 3.60316664e-01 2.99140006e-01
    9.91571426e-01 1.36920452e-01 8.14451337e-01 6.09899282e-01
    8.90523374e-01 8.01931441e-01 3.44168723e-01 6.86793864e-01
    5.75308442e-01 1.39319599e-01 3.96229178e-01 2.51492977e-01
    8.47330689e-01 5.60185969e-01 9.95035648e-01 5.79696119e-01
    1.08720362e-01 9.53144193e-01 1.68638945e-01 2.37951577e-02
    7.11070418e-01 5.78542829e-01 1.04557365e-01 7.79866338e-01
    1.16192847e-01 4.00122494e-01 2.96256900e-01 5.55648327e-01
    9.38528419e-01 5.29676259e-01 4.51281786e-01 1.55672371e-01
    7.19128013e-01 5.99747896e-02 2.75212944e-01 3.98498863e-01
    9.32777643e-01 1.94531351e-01 3.40154737e-01 2.38867909e-01
    1.43080771e-01 6.80814147e-01 5.45899570e-01 1.47379458e-01
    5.80482841e-01 5.92849851e-02 6.07825041e-01 4.18561637e-01
    6.49612308e-01 5.35067916e-01 1.71371698e-02 1.85317367e-01
    8.94125581e-01 4.25952137e-01 2.47765183e-02 5.01142859e-01
    4.06144917e-01 6.73327208e-01 7.46853411e-01 4.61301178e-01
    9.88655090e-01 5.02658784e-01 1.02565914e-01 8.54288936e-01
    7.91239440e-01 7.15977252e-02 9.81767476e-01 6.79985404e-01
    7.45912492e-01 5.32831669e-01 7.98507810e-01 4.50928271e-01
    9.91104126e-01 9.69661236e-01 1.55007541e-02 6.76308632e-01
    8.10708880e-01 5.60924113e-02 2.49152422e-01 6.56531334e-01
    7.84562886e-01 8.69796216e-01 5.87689817e-01 2.99971014e-01
    1.70016289e-02 8.66792202e-02 9.64735270e-01 5.62840164e-01
    1.43064052e-01 6.91860974e-01 7.72341609e-01 7.15259135e-01
    3.19459260e-01 1.14331961e-01 3.88828725e-01 9.63399291e-01
    7.01010466e-01 7.96090484e-01 6.56825900e-01 7.06803620e-01
    1.80256873e-01 4.80189025e-02 8.72225642e-01 2.77479291e-01
    3.83252770e-01 8.95011425e-01 4.61667210e-01 4.03214157e-01
    3.51767004e-01 5.87292016e-02 7.46277988e-01 2.74991989e-01
    8.90249252e-01 8.28768134e-01 3.02458823e-01 1.21303529e-01
    8.14310670e-01 9.11253095e-01 7.87184238e-01 6.23120487e-01
    5.73634565e-01 5.85973978e-01 7.55710721e-01 6.33993030e-01
    6.88481390e-01 9.25691307e-01 3.94872755e-01 6.31229639e-01
    1.18055969e-01 3.74540508e-01 2.45687753e-01 2.47767478e-01
    8.27173412e-01 3.11391413e-01 8.59299004e-01 2.75754571e-01
    1.29662037e-01 2.33529419e-01 2.00835764e-01 9.34208214e-01
    8.01933229e-01 6.62597835e-01 5.83675086e-01 9.31082428e-01
    4.86858726e-01 3.39586914e-01 8.65714431e-01 7.67751455e-01
    7.66173601e-01 7.08451629e-01 4.70088035e-01 9.91316617e-01
    6.96605980e-01 5.99278033e-01 8.71202409e-01 1.74919277e-01
    6.97526753e-01 2.92977631e-01 8.79769564e-01 6.35250807e-02
    7.72526503e-01 8.73060286e-01 4.93880242e-01 5.50026178e-01
    6.82859123e-02 5.89266956e-01 8.17694426e-01 6.88998342e-01
    9.45762575e-01 6.20470524e-01 3.35753262e-01 8.28209817e-02
    8.93887162e-01 9.67260599e-01 7.16721296e-01 8.12735558e-02
    8.53674173e-01 5.14721990e-01 3.29734623e-01 8.54165554e-01
    3.48785579e-01 9.93456960e-01 8.88275981e-01 4.06314552e-01
    7.92368293e-01 3.90369087e-01 2.94346571e-01 9.30159390e-01
    4.31056738e-01 9.52360511e-01 3.03488970e-02 7.16353118e-01
    6.87911034e-01 4.62992132e-01 3.02023083e-01 1.98260725e-01
    9.68876004e-01 3.02181721e-01 9.61987615e-01 3.10018152e-01
    6.89089000e-01 2.14031130e-01 3.20805907e-01 6.14533424e-01
    7.82116175e-01 7.12453008e-01 6.09952271e-01 9.74997818e-01
    5.25231481e-01 3.35379362e-01 9.47545707e-01 8.39707375e-01
    5.78691959e-02 4.67487693e-01 6.47673965e-01 5.60528934e-01
    8.87133062e-01 1.94224715e-01 6.73840761e-01 6.91088319e-01
    5.26642084e-01 3.07162762e-01 1.71642929e-01 4.35390711e-01
    7.97236443e-01 6.06727779e-01 7.01798558e-01 7.24387467e-02
    8.44705701e-01 4.37881559e-01 2.82072902e-01 2.01233000e-01
    4.47406590e-01 1.01124644e-01 1.93813652e-01 5.76530874e-01
    7.26946712e-01 4.76823241e-01 3.30795676e-01 6.46732390e-01
    3.13818127e-01 7.00526118e-01 5.52852392e-01 4.01585996e-01
    3.80413860e-01 5.95496297e-01 9.53994036e-01 8.09249103e-01
    8.05511951e-01 6.60089016e-01 1.61989957e-01 8.81481886e-01
    2.55774498e-01 3.07433039e-01 1.59557343e-01 6.45680606e-01
    9.09864604e-01 7.87772954e-01 2.79261738e-01 4.12395358e-01
    7.02352524e-01 2.12055981e-01 7.49396265e-01 1.95077062e-03
    3.29564959e-01 8.20595801e-01 8.29550147e-01 7.20554590e-01
    5.52920282e-01 8.40079844e-01 9.54620719e-01 1.83343440e-01
    2.94182003e-01 6.36513948e-01 8.05422306e-01 3.04023921e-01
    3.17525536e-01 1.24546051e-01 2.07973212e-01 7.77069211e-01
    3.10468227e-01 4.47415143e-01 3.74971032e-01 7.49735534e-02
    3.02372426e-01 9.45968330e-02 6.39839828e-01 8.67851079e-02
    1.06491715e-01 7.94681072e-01 3.31072927e-01 1.73989385e-01
    7.41582990e-01 7.02337146e-01 5.57677448e-01 5.19227386e-01
    8.85752797e-01 5.44997871e-01 4.59723949e-01 2.78624833e-01
    2.18562752e-01 3.19667369e-01 5.98990381e-01 1.09202117e-01
    2.56779492e-02 9.70825315e-01 9.30105507e-01 1.00746453e-01
    8.21032166e-01 5.65212727e-01 5.82273126e-01 8.90622258e-01
    4.30649579e-01 4.65266883e-01 7.11043477e-02 8.74632120e-01
    1.33720130e-01 9.00198102e-01 4.58715081e-01 1.16320997e-01
    3.78140450e-01 2.64438003e-01 4.42092746e-01 9.01126504e-01
    2.13779062e-01 8.30315173e-01 8.19568634e-02 9.33122754e-01
    1.32663369e-01 7.70121217e-01 7.87808061e-01 2.52949119e-01
    8.82596254e-01 4.46631014e-01 5.63308895e-01 5.03275394e-01
    5.86098850e-01 2.65133262e-01 5.29721320e-01 5.31387985e-01
    5.00392020e-01 1.47427619e-01 4.79367048e-01 9.61387932e-01
    3.61227334e-01 8.45223963e-01 5.54260731e-01 9.82325315e-01
    6.34992123e-01 2.27718651e-01 8.11189055e-01 9.27675486e-01
    3.97640944e-01 9.96511996e-01 2.29684830e-01 1.18759453e-01
    2.84206629e-01 2.91627884e-01 5.52016377e-01 6.76527143e-01
    1.71613693e-02 4.86047715e-01 4.45984781e-01 7.97807574e-01
    4.44338948e-01 5.91855168e-01 4.75892067e-01 9.30645585e-01
    7.77726710e-01 9.17678714e-01 9.83443022e-01 4.39123839e-01
    6.35920167e-01 5.75843632e-01 6.65417075e-01 7.26533532e-02
    1.89307570e-01 8.90699744e-01 9.32700992e-01 6.51527286e-01
    3.84811640e-01 1.74575865e-01 1.63992345e-01 1.82030886e-01
    4.41827446e-01 6.70944929e-01 9.60409641e-01 7.29160905e-01
    2.12806553e-01 4.07150686e-01 5.39819360e-01 7.35030293e-01
    3.56860757e-01 8.17361772e-01 2.75482416e-01 1.62661433e-01
    2.95944870e-01 5.48182726e-02 7.30901480e-01 4.70233977e-01
    7.60374427e-01 1.19387865e-01 5.08627594e-01 7.54044890e-01
    3.71592104e-01 4.40148950e-01 8.42677057e-02 3.46717060e-01
    7.59807825e-01 9.31688786e-01 3.02719593e-01 1.90006524e-01
    1.97857052e-01 8.66773367e-01 3.39215785e-01 1.88023835e-01
    5.98825693e-01 9.99769747e-01 1.57746434e-01 4.61838275e-01
    6.46303535e-01 7.45747983e-02 6.95256114e-01 8.06952715e-01
    1.08360797e-01 1.92396849e-01 6.49440825e-01 2.26138204e-01
    9.71863031e-01 6.80686831e-01 3.44245017e-01 1.40184075e-01
    6.73515439e-01 4.83324021e-01 4.66698885e-01 1.04040891e-01
    8.39263320e-01 2.76075214e-01 5.56058288e-01 7.02985048e-01
    8.12134683e-01 4.32697207e-01 4.85025555e-01 7.33273566e-01
    9.41379488e-01 4.21219617e-01 8.18337381e-01 9.23998952e-01
    7.58852422e-01 6.34825468e-01 2.87575603e-01 1.62893653e-01
    3.70964170e-01 2.56396860e-01 7.56338120e-01 8.74144077e-01
    4.40109968e-02 8.22759271e-01 2.30822623e-01 5.61727881e-02
    3.68140519e-01 1.53537482e-01 8.03363085e-01 1.29067391e-01
    1.18535787e-01 3.82111371e-01 8.64852488e-01 9.19691682e-01
    3.94159347e-01 8.30927849e-01 4.46216226e-01 2.77495980e-01
    8.45292687e-01 7.50279188e-01 2.83207297e-02 6.90166891e-01
    2.33392566e-01 3.20529342e-02 6.76404059e-01 2.69919634e-02
    7.61685967e-01 5.99574566e-01 4.66190338e-01 1.06109440e-01
    1.18531376e-01 7.92815328e-01 8.45719099e-01 5.80963612e-01
    2.83531010e-01 2.86954224e-01 1.44117445e-01 1.35584891e-01
    8.92127454e-02 9.86395359e-01 1.23389989e-01 8.27475011e-01
    6.76897287e-01 6.30915165e-04 2.06713647e-01 2.51636207e-02
    4.80127424e-01 1.47706956e-01 6.49078369e-01 8.59060287e-01
    2.17203230e-01 1.37717754e-01 2.42211431e-01 4.07916695e-01
    2.38261640e-01 4.53282863e-01 2.85977721e-01 1.32350117e-01
    1.89788073e-01 5.30830920e-01 8.74378026e-01 9.87840891e-02
    5.05297780e-01 9.75944400e-02 4.42804784e-01 5.05794406e-01
    5.69294989e-01 4.96448368e-01 6.22929633e-01 9.14175391e-01
    9.03705359e-02 4.19131219e-02 4.75455642e-01 7.07675874e-01
    5.46302259e-01 9.66303289e-01 8.41234326e-01 6.72988176e-01
    4.53266233e-01 1.10946447e-01 6.81643665e-01 7.34544694e-01
    4.34156954e-02 2.77878046e-01 8.15838456e-01 5.19493520e-01
    2.06409484e-01 6.05827093e-01 7.82867193e-01 2.23088264e-01
    3.69113326e-01 2.01502442e-01 3.13249767e-01 3.21136832e-01
    5.35318613e-01 6.98466063e-01 3.18685412e-01 8.37115884e-01
    2.58359134e-01 3.71205688e-01 9.79408503e-01 1.73660338e-01
    5.88200629e-01 5.23823202e-02 1.33472949e-01 3.13332915e-01
    4.21165079e-01 1.54949427e-02 6.38209164e-01 4.86320555e-01
    5.51474333e-01 3.88691843e-01 8.85633588e-01 9.42616105e-01
    7.52333462e-01 8.55467200e-01 6.83292866e-01 4.97558028e-01
    8.51375759e-01 3.27463567e-01 2.08748907e-01 1.53457522e-01
    7.90899813e-01 1.43212408e-01 5.05938649e-01 2.41198719e-01
    8.03194284e-01 8.11106086e-01 5.82023621e-01 8.68664026e-01
    9.20300841e-01 5.28936863e-01 7.30264187e-02 7.86828637e-01
    4.16017115e-01 8.10119748e-01 3.87352765e-01 5.94690681e-01
    6.37499392e-01 9.92666483e-01 7.05066204e-01 7.07378626e-01
    5.35027266e-01 8.12890887e-01 9.34855878e-01 5.37237346e-01
    1.59048796e-01 5.77503145e-01 1.40918016e-01 4.79964912e-01
    8.00286531e-01 9.46545005e-01 7.95849323e-01 8.18926990e-02
    5.64934134e-01 1.66228682e-01 1.21521890e-01 5.40737212e-01
    9.33248818e-01 2.88329780e-01 5.80281317e-01 5.30772328e-01
    7.13473558e-02 1.80670798e-01 1.97038680e-01 8.46522987e-01
    3.02664757e-01 9.78407979e-01 6.31875336e-01 2.91346490e-01
    4.03024673e-01 4.44760740e-01 1.14360958e-01 9.19507742e-02
    6.46715343e-01 1.76337391e-01 1.03516459e-01 2.78612971e-01
    2.50487328e-02 9.58834291e-01 2.64958560e-01 3.42710197e-01
    5.92447817e-02 7.33100176e-01 7.92739749e-01 1.15186393e-01
    6.30363882e-01 2.03009009e-01 4.85291243e-01 7.84382880e-01
    6.92478180e-01 1.30348951e-01 1.30115390e-01 1.11705661e-02
    7.32134461e-01 2.92721897e-01 7.74865806e-01 8.83501172e-02
    5.25958538e-02 6.33652806e-01 7.66356826e-01 4.67139244e-01
    4.71345246e-01 7.30457604e-01 2.31841654e-01 7.82912433e-01
    1.53987467e-01 3.49188328e-01 3.80570740e-01 5.75402677e-01
    3.92662704e-01 4.10913080e-01 4.00300115e-01 5.96933126e-01
    8.59055758e-01 7.73954391e-01 2.68071592e-02 7.02842772e-01
    3.30429077e-01 9.10997510e-01 5.84521830e-01 8.33812833e-01
    1.50495470e-01 3.94360781e-01 1.60864592e-02 6.33256853e-01
    9.82011199e-01 1.63863778e-01 3.95242423e-01 6.60939336e-01
    9.72596407e-02 7.95970321e-01 5.69307089e-01 4.35989231e-01
    3.86326939e-01 7.64718413e-01 4.63015586e-01 4.43661749e-01
    4.06874299e-01 7.09636033e-01 3.56860757e-02 6.21718109e-01
    8.61471415e-01 1.88970745e-01 6.80225253e-01 7.37858832e-01
    4.31263149e-01 8.90106082e-01 8.72456074e-01 9.36513782e-01
    1.22144550e-01 9.82487679e-01 5.08189201e-01 9.71288979e-01
    3.32668692e-01 6.21750891e-01 9.68798459e-01 8.82282257e-01
    6.91264689e-01 3.27961534e-01 6.07275009e-01 2.63663173e-01
    5.00907421e-01 5.33608556e-01 7.53870547e-01 9.39310968e-01
    1.64103001e-01 8.80877078e-02 5.32214761e-01 6.30900741e-01
    3.90994668e-01 7.55227745e-01 9.17509317e-01 8.79504383e-02
    7.55355835e-01 3.88928920e-01 8.15043747e-02 5.42646646e-02
    4.94148314e-01 7.53705382e-01 1.22130841e-01 4.63064522e-01
    3.77423674e-01 3.90554070e-01 9.71254468e-01 9.44833159e-01
    9.30711806e-01 8.33720565e-01 1.61427915e-01 1.97593510e-01
    7.50874400e-01 7.06207871e-01 1.24706328e-01 3.63688529e-01
    5.02871394e-01 5.82976103e-01 5.37381709e-01 6.08075857e-02
    6.66508257e-01 1.43551052e-01 7.88867950e-01 4.39069480e-01
    5.11712730e-01 2.44501323e-01 1.06094301e-01 1.25621259e-02
    3.57617766e-01 6.12333000e-01 4.66462970e-01 8.76911938e-01
    9.62201059e-02 9.54486012e-01 3.03420246e-01 1.42937034e-01
    8.24396849e-01 4.24612194e-01 5.80865681e-01 9.08135176e-01
    7.42044032e-01 6.03706658e-01 5.40959120e-01 9.02345657e-01
    7.57056832e-01 5.99803329e-02 7.62546301e-01 7.69618154e-01
    3.04531366e-01 1.46553904e-01 9.23455060e-01 9.85309124e-01
    8.55350018e-01 6.91887319e-01 8.12936425e-01 2.31551886e-01
    2.51146108e-01 6.90641940e-01 4.67374206e-01 9.12277460e-01
    8.78547311e-01 8.86297405e-01 5.05613923e-01 9.17741299e-01
    8.94862413e-03 4.76726890e-03 8.33504200e-02 1.05065256e-01
    9.88168955e-01 9.96605873e-01 1.47552192e-01 2.74572372e-01
    2.62208939e-01 8.66714001e-01 5.72421730e-01 9.49347794e-01
    4.01048630e-01 6.92973733e-01 8.96076918e-01 3.10441971e-01
    9.79359508e-01 5.86125851e-01 2.85526216e-01 1.05789989e-01
    6.91874743e-01 8.40091646e-01 8.74223828e-01 5.39402962e-02
    5.56377292e-01 6.37069583e-01 6.59802556e-01 6.73399091e-01
    2.50387490e-02 5.94620347e-01 7.78518617e-01 8.15164328e-01
    7.77174056e-01 7.10103810e-02 7.37016320e-01 4.33499753e-01
    7.75109291e-01 8.41600895e-02 1.51115954e-02 8.70352507e-01
    3.74627531e-01 8.08892727e-01 9.62340236e-01 1.52514428e-01
    6.69626355e-01 6.75600350e-01 9.71512556e-01 9.30130959e-01
    4.33842838e-02 1.00855410e-01 9.78721261e-01 2.13276535e-01
    3.77705395e-01 6.34899676e-01 6.36868179e-02 7.76544690e-01
    3.37697387e-01 9.28050280e-02 3.27019691e-01 6.18196726e-01
    7.40108371e-01 1.11013323e-01 4.98022854e-01 7.27611899e-01
    5.52987397e-01 3.75566751e-01 8.35568130e-01 5.81894815e-02
    3.13285291e-02 4.81144845e-01 3.41823697e-01 6.08604133e-01
    1.45901740e-02 2.40490407e-01 2.75167644e-01 3.33208084e-01
    7.38031924e-01 3.81838679e-01 6.74871802e-01 7.62028813e-01
    4.16642576e-01 5.73873699e-01 2.61397779e-01 9.55876827e-01
    3.16799521e-01 1.07196599e-01 7.71436393e-01 7.07774162e-01
    7.42236257e-01 5.12805581e-01 3.46594810e-01 9.73521352e-01
    8.80186439e-01 8.71612310e-01 6.53303742e-01 8.55696201e-03
    7.66387761e-01 9.80766416e-02 7.58263230e-01 9.88950014e-01
    8.55162740e-01 2.00464189e-01 2.38867104e-01 9.69116986e-01
    7.71830201e-01 1.33592784e-02 1.69850647e-01 1.87966347e-01
    8.30911279e-01 4.73575294e-02 2.60836422e-01 8.96745682e-01
    2.32426554e-01 5.38948178e-01 5.86078763e-02 2.89940059e-01
    5.11749685e-01 8.90851259e-01 6.57870531e-01 7.17008054e-01
    7.06461370e-02 2.60560542e-01 4.86734658e-01 7.23592341e-01
    8.95450592e-01 4.46583331e-01 5.22083819e-01 2.13579834e-02
    5.83604336e-01 8.59747291e-01 1.09785378e-01 4.59865004e-01
    8.76249671e-02 7.80795574e-01 4.17284459e-01 8.99874508e-01
    6.39748454e-01 3.76772821e-01 3.54934782e-01 3.72426301e-01
    6.80974126e-01 9.71292853e-01 3.85903537e-01 1.19774371e-01
    9.53215063e-01 7.94310331e-01 6.62267566e-01 4.44415927e-01
    7.57040977e-01 4.48833406e-01 5.36571741e-01 4.37485844e-01
    3.76162052e-01 5.87983310e-01 2.98680514e-01 7.89053082e-01
    7.40706682e-01 4.89744514e-01 6.49256468e-01 4.58337992e-01
    7.64889300e-01 1.99363232e-02 4.32600111e-01 8.22569191e-01
    9.36844945e-01 3.42333496e-01 6.64366007e-01 8.83069158e-01
    6.43547237e-01 2.71948457e-01 7.98494577e-01 9.85377073e-01
    1.16378069e-03 6.70290172e-01 8.65082383e-01 2.71300972e-02
    3.74147713e-01 1.35956943e-01 7.11729705e-01 1.42343014e-01
    3.46986473e-01 1.81829631e-02 6.89643919e-01 9.46602225e-03
    9.67072129e-01 9.92745459e-01 6.43657684e-01 5.55702746e-01
    5.22443295e-01 5.26911438e-01 6.71277046e-02 4.13984627e-01
    6.34124637e-01 6.40902877e-01 4.62181419e-01 3.35024357e-01
    5.46238482e-01 9.09217417e-01 4.09267008e-01 4.63754356e-01
    7.95797288e-01 3.67745399e-01 8.00271332e-01 3.00774187e-01
    8.81761432e-01 3.80427301e-01 7.76254952e-01 7.34277606e-01
    6.17308497e-01 3.56778264e-01 1.79317594e-02 1.06775880e-01
    6.08548045e-01 4.55940723e-01 2.67657608e-01 3.60036671e-01
    8.05721581e-01 7.77265251e-01 7.76988506e-01 1.17532492e-01
    6.54060543e-01 7.21888363e-01 8.28428984e-01 2.33984798e-01
    2.16322213e-01 1.38811797e-01 8.80432725e-01 9.81532216e-01
    3.49221945e-01 1.65366739e-01 8.42016697e-01 6.52257144e-01
    7.99064159e-01 9.23470974e-01 4.54036891e-01 6.71405554e-01
    5.55611908e-01 6.50953054e-01 8.14294517e-02 3.72930765e-02
    6.59745276e-01 7.51072288e-01 5.10354757e-01 8.81258368e-01
    1.92758739e-01 5.52791655e-01 1.78446949e-01 6.11460865e-01
    3.36853027e-01 6.96551740e-01 3.71227264e-02 7.82275558e-01
    3.68957222e-02 4.35866117e-02 3.06436181e-01 5.50759971e-01
    1.20973825e-01 5.48685610e-01 6.71296358e-01 8.50728273e-01
    5.52549303e-01 1.13928825e-01 3.33683431e-01 2.03001708e-01
    5.92105925e-01 6.75696969e-01 2.23953426e-02 7.76851654e-01
    8.27293396e-01 2.22967565e-01 1.93834424e-01 8.95502031e-01
    6.47572219e-01 3.10565412e-01 5.88162899e-01 5.44717669e-01
    8.14135194e-01 8.26398730e-01 6.77629292e-01 1.12728804e-01
    1.80593908e-01 2.80334711e-01 2.94377834e-01 5.70462883e-01
    8.63808870e-01 1.54387355e-01 6.98197901e-01 2.14138091e-01
    1.72893852e-01 3.17136168e-01 4.66734171e-04 7.98349380e-01
    8.90197515e-01 8.27232599e-02 2.76217163e-02 1.04171723e-01
    1.49313539e-01 6.52056873e-01 2.33213782e-01 6.04029894e-02
    2.34029114e-01 3.83481979e-01 5.62864721e-01 5.60372472e-01
    6.00261331e-01 1.45778328e-01 1.30197406e-02 5.66260159e-01
    5.41515648e-01 4.50774282e-01 3.57292295e-01 5.66398025e-01
    3.39380085e-01 8.60553384e-02 6.89022243e-01 4.96256024e-01
    8.11989009e-02 9.09677029e-01 2.70486981e-01 9.96110082e-01
    2.15699077e-02 7.67462134e-01 9.20336843e-01 7.80373812e-03
    7.69499540e-01 5.69555879e-01 8.50879729e-01 2.84330249e-01
    5.94842911e-01 9.52515006e-03 5.91452420e-01 4.41063344e-01
    6.53841972e-01 4.90834326e-01 9.24969733e-01 3.64379883e-01
    9.74891782e-02 8.84370089e-01 3.50779116e-01 4.50063556e-01
    8.82129192e-01 1.22529566e-02 9.03656006e-01 2.02268153e-01
    2.04945982e-01 7.30339348e-01 6.96977496e-01 3.96080673e-01
    7.62489438e-03 9.58357096e-01 6.79105282e-01 1.29075944e-02
    2.44307607e-01 1.18901759e-01 4.24292684e-01 1.26456946e-01
    7.05079973e-01 5.46668649e-01 1.11308515e-01 1.81695282e-01
    5.24857879e-01 1.52877569e-01 1.44045472e-01 5.07764339e-01
    2.89268285e-01 6.18361235e-01 9.41125035e-01 8.87171149e-01
    2.09499061e-01 8.67283821e-01 9.91517246e-01 6.65156543e-02
    5.73184729e-01 6.10468268e-01 7.21536040e-01 9.48935986e-01
    4.16305661e-01 6.84860528e-01 1.49549484e-01 8.75420570e-02
    6.66357398e-01 5.73474467e-02 2.25097924e-01 1.29254371e-01
    1.74097598e-01 8.00147057e-01 3.39157313e-01 1.61709905e-01
    9.85687971e-01 6.52243078e-01 1.50810182e-02 3.39986950e-01
    2.38568842e-01 8.45565915e-01 5.51999032e-01 4.64808822e-01
    1.03687346e-01 5.03687918e-01 9.65112865e-01 5.13730705e-01
    9.63151455e-02 9.23228979e-01 4.55037057e-02 2.79467523e-01
    6.68545246e-01 4.09393251e-01 1.13934129e-01 4.43684101e-01
    4.66652244e-01 6.48493886e-01 8.84842813e-01 2.47076035e-01
    8.04070830e-01 9.54378545e-02 1.33242428e-01 1.37889922e-01
    8.21979880e-01 4.58292127e-01 9.13832545e-01 7.65515447e-01
    7.62450695e-01 7.19381094e-01 4.28631574e-01 9.27228034e-01
    1.37059718e-01 4.33141679e-01 9.94952619e-02 2.55613685e-01
    8.17095518e-01 3.66844296e-01 3.74293029e-01 5.49582422e-01
    1.10055745e-01 5.38817286e-01 7.96415806e-02 4.72079813e-02
    6.54850721e-01 3.34426641e-01 7.19521940e-01 2.27239013e-01
    7.18824267e-01 4.21975851e-01 2.41943896e-01 7.03688025e-01
    3.43367457e-03 2.36546695e-01 6.66130841e-01 6.91969872e-01
    7.48697042e-01 8.13473463e-01 9.95406866e-01 8.16858649e-01
    7.09090352e-01 5.20277023e-01 7.18760312e-01 6.63285494e-01
    5.11184812e-01 1.25253290e-01 2.31362790e-01 8.16606045e-01
    4.38643873e-01 8.87195170e-02 4.71648633e-01 1.27684981e-01
    3.69434953e-01 3.02106142e-03 6.55725718e-01 8.32324505e-01
    1.26522541e-01 1.06831670e-01 2.91737616e-01 9.51549530e-01
    6.50971889e-01 6.47312880e-01 3.50556254e-01 9.11076963e-01
    8.87576640e-02 7.30732083e-01 5.64230263e-01 1.66159481e-01
    2.24843264e-01 4.03118908e-01 2.67014205e-01 3.84925425e-01
    3.58456165e-01 2.09501058e-01 8.91608477e-01 7.00677395e-01
    8.36042047e-01 2.01004177e-01 8.22143376e-01 9.12564635e-01
    4.91470635e-01 6.33419991e-01 3.20156336e-01 7.73714781e-01
    5.84501565e-01 6.62405968e-01 7.25450218e-01 9.42941606e-02
    3.16407681e-01 4.56091911e-01 7.32200623e-01 2.04960018e-01
    8.60024929e-01 2.93134153e-02 7.15194941e-01 4.45862234e-01
    2.17418134e-01 9.63934004e-01 7.70662844e-01 9.10004616e-01
    1.55571103e-02 8.18466842e-01 3.27271879e-01 6.35667384e-01
    9.53429580e-01 5.94569147e-02 3.08469653e-01 8.57843161e-01
    3.05636227e-01 5.06652772e-01 6.16685808e-01 5.56375444e-01
    1.77915871e-01 8.20084572e-01 3.65998745e-02 9.72537756e-01
    9.94100213e-01 4.35290128e-01 4.57911253e-01 7.09183931e-01
    6.03825867e-01 8.41493249e-01 8.56227160e-01 6.69834375e-01
    3.45249355e-01 6.04447305e-01 9.85670567e-01 5.71614742e-01
    3.80342990e-01 2.49606073e-02 8.52409959e-01 5.50141633e-01
    9.66880083e-01 7.05567598e-01 3.51648152e-01 4.48598593e-01
    8.23486686e-01 8.17456484e-01 1.95192099e-02 4.12247121e-01
    7.47773230e-01 2.48632938e-01 5.49740195e-02 7.04751909e-02
    3.05835038e-01 7.20341563e-01 2.56329656e-01 2.22028315e-01
    9.24159586e-02 7.00891614e-01 8.94737601e-01 5.71538508e-02
    7.08821058e-01 2.51080215e-01 9.12696123e-01 8.19141984e-01
    4.58640397e-01 3.95688474e-01 1.39480323e-01 7.65705168e-01
    6.53630614e-01 4.03423071e-01 9.71367955e-01 3.68220925e-01
    5.43306351e-01 9.04652357e-01 1.93990350e-01 7.15761900e-01
    2.46613920e-01 6.25028908e-01 9.88375545e-01 3.36242855e-01
    9.03383374e-01 8.48196864e-01 7.80044198e-01 1.50116414e-01
    1.82962775e-01 2.14538902e-01 3.28127295e-01 5.82982779e-01
    3.71562839e-01 6.08712435e-01 3.55350971e-03 8.02149951e-01
    3.24328065e-01 6.58838570e-01 1.90124661e-01 8.42660666e-01
    8.02323282e-01 2.93729663e-01 3.76644135e-01 4.70555305e-01
    6.47558212e-01 9.23299789e-01 6.39898062e-01 5.85793674e-01
    8.48187804e-02 7.50616550e-01 3.97866845e-01 1.28508985e-01
    9.17730212e-01 8.31002116e-01 9.85195041e-01 3.34917903e-02
    4.39244717e-01 6.46295786e-01 8.29730093e-01 7.37814903e-01
    9.12355065e-01 9.16808426e-01 9.83961761e-01 4.66767251e-01
    1.97402149e-01 8.66289616e-01 5.66893160e-01 2.36514747e-01
    3.15904260e-01 7.76703358e-01 7.66594648e-01 6.74143076e-01
    1.10044479e-02 7.31740594e-01 5.10617256e-01 9.80336607e-01
    4.16625142e-02 3.15009296e-01 4.95021254e-01 5.17733276e-01
    4.15470719e-01 6.33985281e-01 3.17973971e-01 3.91994387e-01
    4.06740099e-01 2.07234800e-01 5.96594334e-01 1.94360942e-01
    7.48828053e-01 7.49681592e-01 7.15256870e-01 9.20115113e-01
    6.61403954e-01 2.31371433e-01 3.60371888e-01 2.67909884e-01
    4.65357304e-01 1.96247965e-01 1.52177066e-01 6.05091810e-01
    4.23489362e-01 2.89344937e-01 2.29169965e-01 1.97350591e-01
    3.97026181e-01 7.63895333e-01 5.36004126e-01 6.19217277e-01
    7.02656209e-02 6.69610202e-01 3.73097479e-01 7.76444733e-01
    4.33824897e-01 3.16069484e-01 8.14864993e-01 9.48444903e-02
    6.91849053e-01 7.53018498e-01 9.10207629e-01 6.46461070e-01
    5.01993597e-01 9.23939049e-01 9.71823096e-01 9.80843425e-01
    1.18194908e-01 6.69431448e-01 6.10019445e-01 5.58113337e-01
    8.89606476e-01 9.60975647e-01 6.79144979e-01 7.08374739e-01
    9.13387239e-01 5.12712717e-01 2.29885906e-01 3.39976311e-01
    9.45218801e-01 7.44637191e-01 9.74947095e-01 6.71466410e-01
    7.73233891e-01 4.93239641e-01 4.56359982e-02 2.70975679e-01
    8.17110300e-01 7.27874875e-01 7.80715227e-01 8.68300319e-01
    2.61093915e-01 6.49777651e-01 5.21733761e-02 6.37935400e-01
    9.42507088e-01 1.85072124e-01 4.73745674e-01 3.39911640e-01
    5.61256170e-01 1.59301728e-01 9.78022099e-01 6.79331779e-01
    6.56967759e-01 6.51137829e-01 3.25809330e-01 4.75772321e-02
    6.23296797e-01 9.67751265e-01 6.81180120e-01 8.82351279e-01
    1.13966882e-01 1.73228115e-01 1.82324946e-01 5.26027262e-01
    7.95523822e-01 6.58142269e-01 6.52709901e-02 7.33386874e-01
    2.32044756e-01 2.88363457e-01 7.66166925e-01 8.75885963e-01
    7.27962613e-01 8.88262093e-01 5.19472063e-01 5.35199702e-01
    1.64489180e-01 8.06323051e-01 4.99792427e-01 2.82273591e-02
    6.65602267e-01 6.05984449e-01 5.41203678e-01 4.03780043e-02
    9.09301877e-01 5.58975935e-01 5.49178839e-01 2.42448241e-01
    6.31628752e-01 2.01638877e-01 5.79181015e-01 6.26077175e-01
    7.27431893e-01 6.38956606e-01 9.59941387e-01 8.45969975e-01
    9.74900305e-01 2.16131866e-01 5.84404945e-01 6.34262562e-01
    5.83025157e-01 5.06250143e-01 1.97003990e-01 6.31525636e-01
    5.02158403e-01 6.85262203e-01 8.11050892e-01 8.18063736e-01
    7.86548615e-01 1.62906706e-01 8.66999209e-01 5.08819938e-01
    8.30013871e-01 7.55909681e-01 5.57716548e-01 3.00859928e-01
    7.64394403e-01 5.18668354e-01 7.08383739e-01 4.45608974e-01
    7.43635654e-01 5.56254387e-01 2.28963494e-01 1.15300119e-01
    3.32239032e-01 1.43932581e-01 5.03905296e-01 5.03307819e-01
    1.22805238e-02 2.35299975e-01 8.90368700e-01 4.45540041e-01
    8.65790606e-01 6.46760464e-01 5.16452253e-01 7.33186305e-01
    5.72371542e-01 7.02547073e-01 8.51957321e-01 6.82448447e-01
    5.22517025e-01 8.12023878e-01 6.57902062e-01 5.04467249e-01
    9.66424108e-01 5.77472746e-01 1.29835725e-01 7.42150664e-01
    4.24591362e-01 1.76489681e-01 2.74541736e-01 8.06666613e-01
    4.09864426e-01 9.57470953e-01 5.95024645e-01 6.71724319e-01
    7.61890173e-01 5.79962313e-01 3.51967752e-01 1.34036005e-01
    7.87859142e-01 1.70032173e-01 5.34744143e-01 2.25453973e-01
    1.74599171e-01 9.73748386e-01 4.73982781e-01 1.66943967e-02
    4.29865241e-01 4.42616343e-01 5.70660710e-01 9.26900864e-01
    8.29514563e-02 5.35637558e-01 6.14314973e-01 9.09429193e-02
    5.92471719e-01 8.42824697e-01 8.46286654e-01 2.35101521e-01
    9.62601900e-01 9.72905695e-01 3.56848627e-01 8.44123244e-01
    4.23448592e-01 7.66332507e-01 8.20522249e-01 1.32522017e-01
    4.36138332e-01 6.21140420e-01 3.40665847e-01 5.62314987e-01
    2.82209128e-01 8.60322714e-01 4.38122928e-01 6.57115281e-02
    9.00778115e-01 9.30211365e-01 2.64432877e-01 5.32672167e-01
    7.74341226e-01 8.78255963e-02 8.25556993e-01 8.26670229e-02
    6.53148890e-01 7.80097246e-01 8.78003836e-02 8.52643549e-01
    9.27328765e-02 9.04408097e-03 4.12988454e-01 9.91939068e-01
    8.98711681e-01 3.64881128e-01 4.26452577e-01 5.81880391e-01
    9.56502676e-01 2.71081388e-01 4.62403923e-01 3.15355748e-01
    6.52645350e-01 4.24021304e-01 7.52200425e-01 6.68009639e-01
    7.04548657e-01 8.59919786e-01 3.13318014e-01 5.59485793e-01
    3.79135609e-01 1.01041734e-01 5.28073251e-01 6.42044902e-01
    7.74847865e-02 3.79244357e-01 5.39643943e-01 1.01408988e-01
    6.36166334e-01 5.28430045e-01 5.98172724e-01 5.77204347e-01
    4.98356819e-02 3.51376414e-01 1.03482336e-01 1.78365052e-01
    3.92496914e-01 3.13353330e-01 4.78381664e-01 4.76061642e-01
    1.36273801e-01 4.82747257e-02 5.50757110e-01 9.86259699e-01
    2.66320348e-01 3.98631364e-01 2.59813547e-01 2.09020972e-01
    8.25146616e-01 3.50487500e-01 2.87496686e-01 2.59047151e-02
    6.41339123e-01 8.79144430e-01 7.95000672e-01 4.43232059e-02
    6.69874668e-01 8.19761515e-01 4.64461356e-01 6.16412461e-01
    4.23046023e-01 1.00444794e-01 2.91442513e-01 6.86435938e-01
    3.83144140e-01 3.95594239e-01 5.90641797e-02 2.36503869e-01
    5.73646188e-01 4.61079508e-01 5.54532588e-01 7.54367709e-01
    4.75554287e-01 3.20247710e-02 5.84107339e-01 1.35855377e-01
    8.75337660e-01 7.60712743e-01 5.27674615e-01 3.61626804e-01
    3.89271080e-01 6.53383434e-01 5.55040181e-01 8.80522013e-01
    1.45981371e-01 9.01188910e-01 8.33920121e-01 5.29923737e-02
    4.56498265e-01 6.80813193e-03 1.17044300e-01 9.59293604e-01
    7.35155225e-01 4.05855745e-01 7.95505762e-01 8.54422808e-01
    9.78961110e-01 2.77460515e-01 3.73399615e-01 9.94275570e-01
    7.32732952e-01 4.17906046e-01 2.44587153e-01 3.24017346e-01
    3.20517629e-01 9.37507749e-01 9.21216905e-01 4.27425772e-01
    5.59678733e-01 6.85571074e-01 5.61419845e-01 8.76647353e-01
    8.92166853e-01 5.73158205e-01 8.33898067e-01 2.09234893e-01
    3.10618401e-01 4.65611368e-01 4.42519724e-01 6.01067722e-01
    7.56614923e-01 6.57206297e-01 4.62797552e-01 6.91287518e-01
    4.53057647e-01 5.12645781e-01 1.46410674e-01 9.79119539e-01
    5.08234620e-01 6.74625516e-01 6.90028548e-01 7.94862807e-02
    2.68145204e-02 6.28602803e-02 1.22017562e-02 9.03726935e-01
    4.23494369e-01 1.05208546e-01 6.22920156e-01 4.31270003e-02
    7.44234025e-01 5.09490311e-01 7.96565950e-01 8.58182907e-01
    7.95483649e-01 8.22614789e-01 7.38824725e-01 7.30578005e-02
    9.90981698e-01 5.05154431e-01 3.22084069e-01 1.13108188e-01
    1.46256626e-01 5.35514832e-01 7.07667232e-01 8.53236556e-01
    6.04168415e-01 7.85895228e-01 3.80745918e-01 6.19032025e-01
    9.11235869e-01 4.03377473e-01 7.09853411e-01 2.58250654e-01
    7.27222025e-01 7.33053327e-01 3.49648893e-02 5.05875766e-01
    9.74223375e-01 5.93137980e-01 1.25508636e-01 7.16062844e-01
    3.90160084e-03 5.88144600e-01 6.55907154e-01 7.41177559e-01
    2.91120648e-01 1.81050479e-01 7.74922252e-01 5.22528946e-01
    6.38677120e-01 7.40000010e-02 2.12865174e-01 2.91314125e-01
    4.84637588e-01 3.89689058e-01 1.63059890e-01 7.07793057e-01
    1.55861378e-01 1.53501928e-01 6.27937078e-01 3.68028224e-01
    6.61456585e-02 5.67072868e-01 5.64279556e-01 7.75427699e-01
    9.79277849e-01 8.16223383e-01 8.17782879e-02 7.01302767e-01
    8.33863676e-01 7.39982069e-01 3.73348624e-01 7.66820431e-01
    8.80843341e-01 9.45455074e-01 3.24308395e-01 7.53718853e-01
    6.71890676e-01 8.87719572e-01 6.44900560e-01 9.06561911e-02
    2.15613455e-01 7.29170918e-01 8.95348489e-02 9.22070980e-01
    5.09748340e-01 7.31788397e-01 4.23362315e-01 3.70342106e-01
    5.02215266e-01 6.78744197e-01 6.71878040e-01 8.39573503e-01
    4.22858357e-01 7.02329159e-01 8.56224000e-01 7.14649200e-01
    9.63346243e-01 7.85138905e-02 1.06699765e-01 9.62281942e-01
    4.94290054e-01 7.72613525e-01 2.13983238e-01 9.07456100e-01
    9.95594025e-01 5.14730573e-01 7.28795648e-01 9.13264155e-02
    3.68543118e-01 5.79939485e-02 8.85727882e-01 4.21166241e-01
    4.57415164e-01 5.43572307e-01 7.11652696e-01 7.22846746e-01
    1.85761392e-01 4.44770455e-01 8.99225175e-01 1.35433853e-01
    3.91805083e-01 1.37847513e-01 2.49137580e-02 7.25873768e-01
    5.62652409e-01 4.37645882e-01 7.00409412e-02 2.67748505e-01
    1.58769518e-01 3.74417901e-01 2.04015344e-01 4.93177652e-01
    8.33076179e-01 9.18338597e-02 9.31551754e-02 1.27832204e-01
    5.86669743e-01 7.93868363e-01 4.33790177e-01 3.15052271e-01
    2.76655793e-01 9.05128121e-01 7.13934422e-01 3.55109870e-02
    7.70155072e-01 6.93940699e-01 2.36881077e-01 2.79792041e-01
    9.14472640e-02 4.39401507e-01 6.02732718e-01 5.96317410e-01
    1.44643724e-01 4.81263846e-01 2.18981445e-01 8.46201897e-01
    9.88794327e-01 9.47993875e-01 6.23260736e-02 5.03045797e-01
    6.00506127e-01 5.19259036e-01 2.83054650e-01 7.64576256e-01
    2.44310677e-01 8.43061566e-01 4.55846846e-01 1.24907017e-01
    7.16649711e-01 7.99348235e-01 3.76013637e-01 1.29976630e-01
    4.00407672e-01 9.80506837e-02 2.98858196e-01 7.27189064e-01
    8.77835512e-01 6.54222846e-01 4.72171426e-01 4.79119241e-01
    1.32531583e-01 7.84437656e-01 7.15664685e-01 3.73822153e-02
    5.31935394e-02 1.40866488e-01 3.10715973e-01 3.02012533e-01
    7.08373725e-01 6.69498205e-01 9.27854180e-01 7.01060653e-01
    7.61814237e-01 1.58347696e-01 6.15077674e-01 3.21823478e-01
    9.96289849e-01 2.40938246e-01 7.60469437e-01 6.45444095e-02
    3.77999395e-01 7.11986661e-01 1.97076857e-01 8.30930948e-01
    6.46703303e-01 3.28974426e-01 5.43219149e-01 2.26184726e-01
    3.04895222e-01 6.40236259e-01 8.36128592e-01 8.76115918e-01
    1.78231895e-01 6.59127891e-01 5.59564948e-01 2.00089931e-01
    6.04699671e-01 5.69730759e-01 8.92163873e-01 4.87049818e-02
    7.37790465e-02 1.62157983e-01 1.59244835e-01 3.73200715e-01
    2.24852264e-01 8.10543478e-01 2.09694862e-01 2.52121985e-02
    5.83893776e-01 1.69295758e-01 9.34668243e-01 2.94073522e-02
    8.01024914e-01 9.30132985e-01 5.03590405e-02 6.36273205e-01
    3.40442836e-01 8.60848486e-01 4.66585726e-01 6.35702610e-01
    4.81621712e-01 8.92095208e-01 4.21518654e-01 6.52264357e-02
    5.40347815e-01 2.47134864e-01 7.65261292e-01 8.76128316e-01
    8.21319699e-01 6.14727974e-01 5.68542480e-01 1.05528414e-01
    5.94856620e-01 1.51344985e-01 1.00710988e-03 4.54484820e-01
    1.96422160e-01 4.34036732e-01 4.70451891e-01 5.02940655e-01
    4.61371303e-01 3.32584321e-01 2.17150569e-01 3.25110555e-01
    6.77161932e-01 7.90016532e-01 6.33322835e-01 4.98759061e-01
    3.15532327e-01 2.17611849e-01 6.71626925e-02 5.17396569e-01
    7.63304114e-01 3.52235079e-01 1.83492452e-01 1.14794344e-01
    5.98262489e-01 2.79149771e-01 5.55601060e-01 4.80352789e-01
    3.40983033e-01 6.00708544e-01 6.80807471e-01 7.69381166e-01
    7.20310867e-01 4.34882224e-01 1.00835532e-01 8.49352777e-02
    7.70008802e-01 4.79335696e-01 7.19247520e-01 1.23953938e-01
    1.91288352e-01 2.86113262e-01 9.60261941e-01 7.86869884e-01
    5.30844152e-01 6.32992744e-01 7.66198874e-01 4.41816092e-01
    5.21582901e-01 2.39454806e-01 9.07072246e-01 3.23848844e-01
    4.38611209e-01 2.58477092e-01 9.04816329e-01 1.41617507e-01
    5.34495950e-01 8.40381265e-01 2.56097138e-01 2.82049417e-01
    6.18675172e-01 4.63825643e-01 1.66022003e-01 8.78581107e-02
    5.17483592e-01 6.52020395e-01 1.77126527e-01 3.64790916e-01
    5.51975846e-01 6.78257704e-01 6.78217351e-01 5.97407699e-01
    8.66132379e-01 9.82192993e-01 2.84677356e-01 1.63839728e-01
    3.87130708e-01 6.05860889e-01 3.19180906e-01 2.68427700e-01
    1.01884425e-01 3.02659690e-01 8.15552890e-01 8.91063511e-02
    9.75070953e-01 3.79881114e-01 8.77398014e-01 5.66541255e-01
    2.41729915e-02 1.20381206e-01 9.82738853e-01 8.59251559e-01
    2.55842149e-01 4.39979315e-01 9.53842878e-01 3.70788276e-02
    3.07991982e-01 7.72206187e-01 4.81703728e-01 4.85968411e-01
    6.41752243e-01 7.21565902e-01 3.36195529e-01 1.08211577e-01
    5.25755465e-01 7.07578182e-01 3.45244586e-01 3.48126173e-01
    9.13096130e-01 7.33661056e-02 5.91831684e-01 3.19537789e-01
    4.85394657e-01 6.13798141e-01 8.16629767e-01 2.60751337e-01
    3.98612529e-01 5.86616933e-01 6.79784298e-01 4.33439702e-01
    6.51283324e-01 3.62694442e-01 9.11450565e-01 1.20074630e-01
    8.63044679e-01 7.46400833e-01 9.49050188e-02 3.40178668e-01
    3.75291348e-01 3.57142508e-01 6.86547875e-01 6.30009949e-01
    5.41520417e-02 2.37693459e-01 1.19387001e-01 1.78265870e-02
    9.48663592e-01 6.01166785e-01 6.78707957e-01 1.94398671e-01
    5.61730802e-01 7.30830610e-01 9.23552394e-01 4.64839488e-01
    5.20962059e-01 5.71179092e-01 3.66038382e-01 5.77644110e-02
    9.63565826e-01 3.10714006e-01 8.10374498e-01 6.95603132e-01
    4.37973350e-01 9.95559394e-01 1.06792212e-01 9.48092699e-01
    7.06452429e-01 8.15837204e-01 2.83814609e-01 4.07164633e-01
    1.23612195e-01 6.41930342e-01 3.29610288e-01 2.91197687e-01
    9.02213812e-01 5.69743514e-01 7.99541175e-02 8.16461205e-01
    5.79466224e-01 8.59294474e-01 1.40357316e-01 7.15002894e-01
    4.64175373e-01 3.24501753e-01 4.27343309e-01 9.04087782e-01
    5.58659077e-01 5.79618335e-01 4.10331517e-01 6.10426664e-01
    6.41828418e-01 9.14669275e-01 5.19848645e-01 5.64254284e-01
    4.13352847e-01 8.09054732e-01 9.64582920e-01 1.10498041e-01
    7.77090907e-01 4.92895216e-01 4.45108116e-01 2.43252754e-01
    3.98379236e-01 2.62113929e-01 6.40905380e-01 6.54930115e-01
    1.74202085e-01 2.11331218e-01 4.54370856e-01 3.10789019e-01
    4.10638303e-01 6.81650698e-01 4.52523142e-01 6.21909797e-01
    8.68755937e-01 8.58688891e-01 9.97360468e-01 6.40299201e-01
    8.88287783e-01 6.26910329e-02 2.56474853e-01 5.07728517e-01
    6.18658900e-01 5.75676858e-02 4.71534520e-01 5.11342883e-01
    6.95327520e-02 6.82563484e-01 2.49698281e-01 8.61261845e-01
    8.20521772e-01 6.98646605e-01 6.48588657e-01 4.05360311e-01
    5.89466989e-01 5.30786872e-01 3.71396303e-01 9.31518495e-01
    8.49789143e-01 2.70502657e-01 5.42666614e-01 5.95562994e-01
    3.95273447e-01 4.13527995e-01 4.73978698e-01 4.20982659e-01
    2.53142327e-01 9.58016098e-01 5.54212213e-01 6.05164051e-01
    8.80953789e-01 8.14011574e-01 3.20264101e-01 6.17280722e-01
    5.10154545e-01 3.49264920e-01 4.15144563e-01 2.12850243e-01
    7.47829974e-01 9.85846043e-01 4.45024937e-01 9.75898027e-01
    3.26153040e-02 9.43703651e-02 5.74246645e-02 6.84260428e-01
    7.94273734e-01 5.48362553e-01 1.25596970e-01 2.59809673e-01
    5.79390347e-01 6.66807413e-01 4.34316963e-01 8.57640743e-01
    4.10461277e-01 8.85758281e-01 2.21185893e-01 8.75166535e-01
    8.48470211e-01 5.42269647e-01 4.13788319e-01 7.30388701e-01
    7.04427958e-01 5.51971853e-01 6.61674857e-01 7.53755212e-01
    7.16920495e-02 8.37731063e-02 4.55592871e-01 4.02413249e-01
    4.60310817e-01 2.41887301e-01 2.75885344e-01 4.14185196e-01
    8.44907045e-01 4.54071105e-01 4.47926253e-01 7.58428514e-01
    1.15801871e-01 7.29365826e-01 7.80112863e-01 3.94932628e-01
    9.36703086e-01 1.46641910e-01 3.63705456e-02 8.71361017e-01
    5.70445716e-01 9.31392431e-01 2.97741830e-01 5.63171387e-01
    4.47253287e-02 6.08474314e-01 8.95778716e-01 4.02293593e-01
    6.08885288e-01 5.81405461e-02 6.49632096e-01 3.55452597e-01
    9.77711320e-01 2.18639076e-01 8.73378158e-01 9.89364088e-02
    5.61647117e-01 2.10194975e-01 8.26125681e-01 2.69432962e-02
    3.12124014e-01 1.83961660e-01 7.97564685e-01 8.95849884e-01
    1.05524033e-01 9.87168074e-01 5.75181186e-01 5.51064670e-01
    8.67625833e-01 7.78542876e-01 1.29004508e-01 1.14158034e-01
    9.06833231e-01 3.35379243e-01 3.35853398e-01 5.10828912e-01
    9.02238429e-01 1.08147293e-01 2.13729948e-01 1.25705838e-01
    5.49842715e-01 9.18957055e-01 1.43497974e-01 6.02682948e-01
    8.89667332e-01 5.08709371e-01 6.37635171e-01 8.63221288e-01
    6.62211895e-01 5.22082448e-01 6.57341480e-01 9.85795259e-01
    5.77538848e-01 1.66486800e-01 6.87875330e-01 1.29210055e-01
    4.07437295e-01 2.78545916e-01 6.41712248e-01 3.97069156e-02
    8.26105058e-01 4.31226492e-01 6.35388851e-01 9.38334942e-01
    4.58658427e-01 1.08946234e-01 3.47438514e-01 9.44995582e-01
    4.40992385e-01 2.20963150e-01 1.45446509e-01 9.23529744e-01
    2.01639414e-01 9.69555974e-01 3.44969988e-01 4.60796654e-01
    2.62848794e-01 7.25888431e-01 7.34486580e-01 4.88446176e-01
    9.14836287e-01 7.05316722e-01 3.73472363e-01 6.09032810e-01
    6.70118809e-01 8.28521073e-01 1.29803300e-01 7.44072556e-01
    8.93589675e-01 1.45212203e-01 3.32181454e-01 2.29471684e-01
    7.65974760e-01 1.11732781e-01 5.73964238e-01 7.41215229e-01
    7.89514005e-01 9.58273470e-01 5.34077227e-01 4.78628784e-01
    5.01217842e-01 2.64658034e-02 2.23695248e-01 8.18630695e-01
    3.76855791e-01 6.48086965e-01 9.72699046e-01 8.18755627e-01
    5.36760807e-01 5.65223277e-01 7.69963622e-01 7.77325809e-01
    7.34253705e-01 4.20271724e-01 7.12776899e-01 7.55588114e-02
    3.18688899e-01 8.07475209e-01 6.15063131e-01 1.95387602e-02
    9.12932873e-01 8.99841070e-01 5.49783230e-01 8.62721026e-01
    2.14556336e-01 5.33552170e-01 4.23589766e-01 4.33004051e-01
    6.88432157e-01 3.60500693e-01 1.51526213e-01 9.49758470e-01
    5.65153301e-01 1.79396331e-01 5.20578921e-02 7.81623006e-01
    5.74369133e-01 5.27443230e-01 7.96750784e-01 5.18231153e-01
    2.84120500e-01 2.20933557e-01 2.70106792e-01 4.35524583e-01
    3.14964801e-01 6.47508144e-01 2.11547673e-01 5.44352591e-01
    3.24752510e-01 5.73529303e-01 2.62712240e-02 3.19179982e-01
    6.56533062e-01 9.15889621e-01 2.72066057e-01 8.27446818e-01
    5.81455171e-01 8.99238825e-01 1.80289149e-03 1.66948825e-01
    1.99210644e-01 7.68159628e-01 5.02675235e-01 6.18723333e-01
    3.80525112e-01 2.12930441e-02 3.16660464e-01 3.26548994e-01
    8.94535184e-01 7.72459269e-01 4.73355144e-01 8.56296718e-02
    5.46738625e-01 7.45940924e-01 9.65430737e-01 3.49066854e-01
    9.42864358e-01 5.04696012e-01 7.94215083e-01 2.82049835e-01
    6.94706798e-01 3.19699883e-01 4.00433928e-01 1.69019699e-02
    9.57445204e-02 7.84658134e-01 4.22686696e-01 3.32791179e-01
    7.97503948e-01 3.05417180e-01 4.69607353e-01 6.39491379e-01
    5.25176644e-01 9.30007696e-02 1.27387315e-01 1.88503921e-01
    3.11076641e-02 8.36101413e-01 8.01527977e-01 1.35586798e-01
    7.11975217e-01 3.02724004e-01 4.81410742e-01 2.31988013e-01
    1.41057700e-01 8.00159693e-01 8.58600736e-01 5.42037785e-02
    9.87463951e-01 2.79751867e-01 2.36381173e-01 3.37093800e-01
    8.33915830e-01 1.00377679e-01 3.41587812e-01 4.05539870e-02
    8.88521194e-01 2.82516360e-01 4.56448585e-01 3.30067873e-02
    8.62072587e-01 3.19826901e-01 6.32873416e-01 9.17662978e-01
    3.23851228e-01 5.97345710e-01 6.17652833e-01 6.68165326e-01
    5.63180804e-01 8.28343987e-01 8.44655514e-01 5.66383183e-01
    5.22409320e-01 5.54519475e-01 9.79357719e-01 4.56564248e-01
    2.15797663e-01 4.88842964e-01 9.29426193e-01 7.59080946e-02
    3.83016467e-02 5.89335322e-01 2.74035573e-01 4.57460403e-01
    3.04787219e-01 2.62203842e-01 6.15712404e-02 9.56084609e-01
    9.36818659e-01 3.08966160e-01 6.22733235e-01 4.79663074e-01
    5.17761409e-01 9.96240854e-01 7.80532718e-01 2.99918562e-01
    7.66544223e-01 3.75269622e-01 8.53032708e-01 7.75012612e-01
    6.31467462e-01 9.45306540e-01 1.71371996e-01 5.06606102e-01
    3.73543590e-01 3.64839911e-01 9.13624465e-02 2.99802542e-01
    4.49967384e-02 7.62396693e-01 2.64619738e-01 8.23487878e-01
    5.00967801e-01 6.00154281e-01 2.36903757e-01 5.52613676e-01
    3.86965781e-01 3.44444990e-01 3.27756822e-01 1.75197482e-01
    7.44918823e-01 3.39399099e-01 8.21195126e-01 2.64091074e-01
    3.84864837e-01 6.06611371e-01 1.80318624e-01 7.71765769e-01
    7.60111809e-02 9.05557156e-01 2.07210571e-01 2.76805311e-01
    5.83163440e-01 1.17278874e-01 4.21781540e-01 4.95372444e-01
    4.78782177e-01 2.22159296e-01 4.52331454e-01 7.57630765e-01
    1.45591557e-01 4.77158904e-01 4.55904812e-01 2.32135981e-01
    2.49226719e-01 2.25907385e-01 2.18061745e-01 1.14516020e-01
    8.94637287e-01 7.13486433e-01 9.37567234e-01 2.31012851e-01
    3.39523673e-01 8.46178114e-01 4.04824346e-01 7.71459103e-01
    9.98766840e-01 3.52799892e-03 5.99143207e-01 8.73081267e-01
    9.37605262e-01 9.00162101e-01 7.73701668e-01 8.83158803e-01
    9.01839495e-01 1.26028776e-01 7.71103859e-01 9.44921374e-01
    3.72191370e-02 9.79734182e-01 4.36222672e-01 2.86244988e-01
    3.44856381e-01 8.96066844e-01 6.44438267e-01 6.69737756e-02
    3.59336793e-01 5.35762429e-01 8.87947679e-01 4.58490223e-01
    5.61800480e-01 7.36618996e-01 3.41100961e-01 8.26488197e-01
    6.61994517e-01 7.68059790e-02 9.72056150e-01 5.03422022e-01
    1.22303277e-01 1.46515578e-01 5.07804990e-01 9.74550247e-01
    2.52670586e-01 9.45778787e-01 1.52230471e-01 7.90962458e-01
    9.52886343e-01 6.59518778e-01 1.94977164e-01 4.29523855e-01
    6.72039509e-01 2.68905222e-01 8.26412499e-01 7.37802684e-02
    6.59773231e-01 3.38478476e-01 8.40647817e-01 2.68582880e-01
    1.25290304e-01 1.20849371e-01 1.96828753e-01 5.62651753e-02
    6.68631792e-01 3.76907647e-01 3.42242241e-01 6.46509171e-01
    9.36219096e-03 5.99395990e-01 7.00858653e-01 8.53827000e-01
    4.31590796e-01 6.61766648e-01 6.47175312e-01 2.19201654e-01
    4.51193631e-01 1.02483928e-02 8.89477015e-01 6.35722041e-01
    3.07429880e-01 2.22571194e-01 2.58404613e-02 2.65882075e-01
    4.66590106e-01 2.55714953e-01 1.86354101e-01 1.74232632e-01
    5.91921091e-01 3.36935222e-01 6.97553754e-01 3.15648139e-01
    3.27142477e-01 3.55431557e-01 8.06860447e-01 9.12969828e-01
    2.71251380e-01 4.71760839e-01 5.49732745e-02 9.18571115e-01
    2.08143443e-01 6.95579946e-02 8.56240511e-01 8.96924019e-01
    4.94448394e-01 1.07098252e-01 9.06799436e-02 9.11102176e-01
    7.89638340e-01 2.34634548e-01 2.90159643e-01 3.14050853e-01
    9.47312832e-01 7.60868371e-01 9.11004424e-01 3.36436450e-01
    5.96379161e-01 5.27623415e-01 2.65337944e-01 5.03536820e-01
    4.96026874e-02 8.74648273e-01 5.13304234e-01 3.92385840e-01
    1.34111106e-01 3.24118137e-01 8.83102119e-01 6.63108349e-01
    1.88277215e-01 3.30207109e-01 1.77702934e-01 1.53822601e-01
    2.81313986e-01 3.56777906e-01 3.28949094e-01 9.99680102e-01
    1.96681082e-01 1.05120927e-01 5.13855696e-01 4.26743299e-01
    5.42700708e-01 5.91763735e-01 6.26797199e-01 5.94977498e-01
    8.30650330e-01 6.10533834e-01 9.40987825e-01 1.67497307e-01
    1.46226138e-01 6.97390020e-01 7.89999366e-02 4.29354340e-01
    1.58403277e-01 2.43546456e-01 1.14627779e-02 2.42288113e-01
    7.98323393e-01 2.34838814e-01 8.23952854e-02 7.95704484e-01
    1.12941325e-01 7.00347126e-02 4.40883636e-01 7.14796782e-02
    9.89176393e-01 6.52736068e-01 3.57490063e-01 5.88734567e-01
    4.26678210e-01 6.84263051e-01 8.94881964e-01 8.62723708e-01
    9.94923711e-01 1.75777167e-01 8.37373972e-01 4.88873035e-01
    2.69191563e-01 7.52045274e-01 7.89494276e-01 1.34666383e-01
    1.23852819e-01 1.70912027e-01 7.90422618e-01 4.12155807e-01
    6.49048090e-01 5.96329272e-02 6.14062071e-01 8.28166366e-01
    9.64370966e-02 3.73661578e-01 3.13102007e-01 3.12645704e-01
    1.99294090e-01 4.35933679e-01 4.70431149e-02 8.83422375e-01
    3.20997477e-01 4.59691197e-01 5.19289851e-01 5.20329356e-01
    2.66981930e-01 6.93710208e-01 2.32261956e-01 7.33696759e-01
    2.99857199e-01 6.31452799e-01 4.82202351e-01 4.77510154e-01
    7.36690938e-01 3.91770303e-01 2.75017560e-01 9.19753671e-01
    2.45161951e-02 2.63808668e-01 4.90264684e-01 9.14208770e-01
    8.32483649e-01 3.03412229e-01 8.12609673e-01 3.28995466e-01
    8.65056455e-01 4.17312145e-01 1.15889519e-01 3.17981929e-01
    2.77293891e-01 4.30286974e-01 4.74183947e-01 5.18509209e-01
    3.19030643e-01 2.44814485e-01 8.00052583e-02 3.41444850e-01
    5.05016327e-01 9.31612611e-01 7.14068711e-02 4.70488369e-01
    9.27126050e-01 4.64318454e-01 6.31373882e-01 9.95072603e-01
    1.36863679e-01 7.01571107e-01 2.07823128e-01 7.45516539e-01
    5.97903252e-01 4.57180977e-01 1.50261641e-01 2.20610201e-01
    4.28450406e-01 1.52430296e-01 9.00424600e-01 4.38966960e-01
    7.37345815e-01 3.66198450e-01 6.47896111e-01 2.22779006e-01
    4.19399232e-01 7.46349216e-01 5.12674510e-01 7.15848684e-01
    6.12900615e-01 2.10848153e-01 8.32893133e-01 9.40681815e-01
    8.90461504e-02 7.72464633e-01 3.99996758e-01 4.99078631e-03
    3.14290375e-01 1.55193090e-01 6.84264898e-01 5.48298776e-01
    9.61142421e-01 3.88462901e-01 5.64663649e-01 8.03231478e-01
    2.08986670e-01 8.86780024e-03 1.10899687e-01 8.22242320e-01
    9.10666049e-01 9.51199293e-01 9.32703376e-01 7.96758056e-01
    6.29157484e-01 6.70532823e-01 4.41589594e-01 5.61560869e-01
    2.30474144e-01 1.81785226e-01 6.16578758e-02 7.12689638e-01
    7.17323422e-01 9.25796866e-01 6.28408492e-01 1.49396837e-01
    4.63574946e-01 3.74647588e-01 6.14376903e-01 5.61117172e-01
    8.94217968e-01 7.57094741e-01 5.86751521e-01 9.37059641e-01
    1.42166078e-01 5.50150752e-01 6.17949545e-01 7.43007958e-01
    8.93317163e-01 3.98438096e-01 1.00904405e-01 4.29010510e-01
    9.01347756e-01 3.35074663e-02 7.49252081e-01 5.72239399e-01
    4.75088388e-01 1.79316491e-01 9.94372487e-01 5.66824675e-02
    8.65161836e-01 7.05510557e-01 1.71255141e-01 7.53019452e-01
    3.35439742e-01 5.07741630e-01 2.59841323e-01 9.42339301e-01
    4.78005111e-01 8.40290785e-01 4.29830194e-01 3.48727375e-01
    7.97057867e-01 8.20677042e-01 4.67630476e-01 4.33562189e-01
    6.06202424e-01 6.53466403e-01 1.61641300e-01 2.97830701e-01
    6.33009374e-01 3.17863762e-01 5.66794276e-01 2.90115714e-01
    9.37308788e-01 6.56900227e-01 3.06981623e-01 8.27132106e-01
    3.85562360e-01 6.28587306e-01 3.79187256e-01 9.28397715e-01
    1.19919330e-01 1.38415575e-01 1.04813933e-01 2.57489085e-01
    4.34625685e-01 2.94701338e-01 3.82720172e-01 2.86122829e-01
    1.29423887e-01 4.52748865e-01 9.79728103e-01 6.67632580e-01
    3.31904352e-01 4.32074368e-02 4.81798172e-01 1.71015888e-01
    6.49747491e-01 3.77889305e-01 8.61579418e-01 6.12724423e-01
    1.02114260e-01 5.21075189e-01 5.18649817e-02 1.64776683e-01
    6.29896522e-01 3.24312508e-01 9.24799562e-01 1.41311914e-01
    1.45781606e-01 3.96885633e-01 4.08471555e-01 9.20258462e-01
    3.36373806e-01 3.80871296e-02 3.47578824e-01 2.54515767e-01
    2.32083946e-01 4.72845197e-01 8.44887495e-01 2.03006148e-01
    3.52702498e-01 9.67301548e-01 2.66631544e-02 9.18331087e-01
    8.35900843e-01 2.61196613e-01 7.89284706e-04 1.75189197e-01
    4.05106604e-01 3.18992645e-01 7.09303558e-01 4.15620327e-01
    3.37834299e-01 5.83601773e-01 7.30270147e-01 1.72177374e-01
    9.67335105e-01 2.80144423e-01 6.71291649e-01 5.14719486e-01
    3.59790325e-01 2.05444932e-01 7.67295480e-01 1.25597596e-01
    1.93096012e-01 8.01199257e-01 9.06760335e-01 7.24495888e-01
    2.63917536e-01 9.94890809e-01 2.21994609e-01 6.67539775e-01
    5.62045217e-01 9.99673128e-01 6.62913442e-01 4.45371568e-01
    5.48191965e-01 2.95264840e-01 5.63512683e-01 4.02397007e-01
    4.27055627e-01 4.30398136e-01 3.41438949e-01 4.83320624e-01
    5.46670854e-01 5.71788073e-01 7.80560374e-02 9.33151722e-01
    2.15953588e-01 1.10216439e-01 5.14014661e-01 2.79321760e-01
    4.24562544e-01 4.02903259e-02 1.43325120e-01 6.94219351e-01
    3.15039456e-02 2.25291938e-01 2.09772289e-01 4.90211070e-01
    5.03199577e-01 1.39074206e-01 6.31159008e-01 2.76422024e-01
    2.56398976e-01 5.15868723e-01 6.64085150e-01 6.71195090e-01
    6.43185735e-01 1.03447527e-01 4.98647302e-01 5.12108743e-01
    5.75373888e-01 5.33342421e-01 5.41785359e-01 3.17185581e-01
    9.88101125e-01 7.30679095e-01 7.52653182e-02 1.58810526e-01
    9.95557904e-01 1.02872282e-01 6.89344883e-01 4.67138290e-01
    1.33493781e-01 1.63284034e-01 4.25749540e-01 6.45553470e-01
    9.96320128e-01 5.84456921e-01 6.65748596e-01 8.35200667e-01
    3.40159923e-01 3.83745134e-02 6.94737792e-01 3.56800556e-01
    7.59174824e-01 7.46130228e-01 9.00588393e-01 4.91697133e-01
    7.34660864e-01 9.54104304e-01 1.37857080e-01 1.27749652e-01
    5.15443027e-01 9.04404521e-01 6.24853671e-01 5.76129675e-01
    6.07422590e-01 6.36113524e-01 4.29140598e-01 6.35155499e-01
    4.06780958e-01 5.57732582e-02 5.70137024e-01 7.64768183e-01
    4.78915393e-01 3.95303845e-01 6.28024042e-02 3.07167947e-01
    2.05514431e-02 9.09616947e-02 8.89786482e-01 7.03350008e-02
    6.57638311e-01 7.37583697e-01 4.34553564e-01 6.83426857e-03
    4.58562255e-01 3.92880976e-01 8.82304609e-02 8.88532400e-03
    6.39582038e-01 8.98207486e-01 3.24145228e-01 4.34397429e-01
    3.37149918e-01 7.22052097e-01 1.47534877e-01 9.26340520e-01
    8.15885305e-01 9.52193737e-01 6.94341183e-01 5.29423594e-01
    6.76935434e-01 3.13766897e-02 4.79744643e-01 3.67749900e-01
    9.43698764e-01 3.80005419e-01 6.82710350e-01 8.88996601e-01
    5.64849019e-01 7.03445971e-01 9.46877956e-01 4.92175043e-01
    9.83983338e-01 5.97142279e-01 8.80552530e-01 1.71195090e-01
    4.60757226e-01 6.13888502e-02 2.65449166e-01 5.53443432e-02
    7.29649901e-01 4.44697022e-01 2.87144363e-01 1.30630046e-01
    9.86499071e-01 5.47962725e-01 7.41281748e-01 1.79619223e-01
    5.95865548e-01 3.61067355e-02 2.25703925e-01 1.44954354e-01
    9.99011636e-01 1.85789108e-01 9.18117166e-02 1.46446288e-01
    4.24816251e-01 2.35653460e-01 1.65237576e-01 4.13520217e-01
    1.21493280e-01 6.55607641e-01 5.91849387e-01 8.63725245e-02
    7.15755284e-01 8.27307403e-02 5.71495295e-01 4.86091256e-01
    3.43484461e-01 1.15097672e-01 9.96779025e-01 6.50573134e-01
    5.73335588e-01 4.14773285e-01 6.43223643e-01 7.83787847e-01
    9.12398815e-01 1.63018823e-01 6.13516390e-01 9.56213593e-01
    7.78395653e-01 4.16660070e-01 6.87765062e-01 3.07427049e-02
    5.36527991e-01 7.75203407e-01 4.57141280e-01 5.08133590e-01
    8.36755276e-01 1.31868333e-01 9.98498678e-01 6.52828932e-01
    2.20573068e-01 5.06490648e-01 4.45038259e-01 3.35293472e-01
    7.97811747e-01 8.22764754e-01 9.54768300e-01 3.87195081e-01
    4.51755017e-01 9.36364710e-01 3.33031952e-01 5.88071227e-01
    6.85493350e-01 3.78298104e-01 6.99891269e-01 2.21467644e-01
    5.17279446e-01 4.62029576e-01 8.66788030e-01 9.02557731e-01
    9.02077913e-01 4.73856568e-01 6.40413165e-03 8.98366928e-01
    6.89364851e-01 9.73559380e-01 7.29635179e-01 7.21101761e-01
    2.93266296e-01 6.86749160e-01 9.11735535e-01 6.60957515e-01
    1.45905912e-01 6.15398228e-01 1.12298936e-01 9.08038855e-01
    4.91152167e-01 1.61557406e-01 2.73048401e-01 7.21323371e-01
    9.59242225e-01 6.10437751e-01 8.95529509e-01 5.64849496e-01
    2.37714529e-01 8.99376631e-01 4.09728885e-02 1.13931775e-01
    6.39802933e-01 9.88806605e-01 5.45160055e-01 3.83618355e-01
    9.89724398e-01 2.78724641e-01 6.51860535e-01 3.25323999e-01
    4.99546349e-01 3.54306459e-01 2.12317109e-01 6.24156475e-01
    9.43592191e-01 9.10967827e-01 6.94153726e-01 8.90955210e-01
    6.32871628e-01 3.48846257e-01 5.69510520e-01 7.61513412e-02
    9.53172565e-01 6.92188680e-01 6.19480073e-01 4.59777921e-01
    9.21877503e-01 6.57866716e-01 6.02223814e-01 5.84580600e-02
    8.15855980e-01 8.01753759e-01 7.69685507e-01 5.93076527e-01
    3.14001739e-01 7.30039716e-01 5.18528461e-01 1.82152480e-01
    5.65979660e-01 7.46429622e-01 7.03530371e-01 3.06964993e-01
    2.75757134e-01 5.72842836e-01 1.62285924e-01 6.72345757e-01
    3.22535992e-01 4.03442562e-01 4.34759140e-01 9.46220994e-01
    4.89742130e-01 4.28873271e-01 7.57917166e-02 6.51304126e-01
    2.22037643e-01 1.66376829e-01 2.70382643e-01 1.75936520e-01
    5.31945825e-01 8.84539783e-01 9.16733027e-01 6.47861719e-01
    5.27186394e-01 1.17244095e-01 2.52727538e-01 7.92495608e-01
    7.62915134e-01 4.80455995e-01 3.59530687e-01 4.87194389e-01
    6.26952231e-01 8.14916253e-01 3.39255035e-01 8.20878148e-01
    1.34676486e-01 6.98701143e-01 3.58356476e-01 8.47375095e-01
    8.25349510e-01 3.62573385e-01 3.77591699e-01 7.76698232e-01
    3.50690186e-01 4.32514608e-01 1.97580934e-01 4.34657574e-01
    5.54518104e-01 5.93025446e-01 9.36173558e-01 1.55296355e-01
    3.53767931e-01 1.61966830e-01 1.19366050e-01 8.20399165e-01
    8.37498844e-01 1.22262478e-01 1.68576509e-01 6.69508219e-01
    8.17669749e-01 1.95784599e-01 7.02994108e-01 4.06228662e-01
    5.71010888e-01 2.83723772e-02 4.30091858e-01 2.41698325e-01
    8.82593393e-01 8.19888592e-01 1.97125763e-01 8.82792652e-01
    3.98936480e-01 4.38287497e-01 4.97871280e-01 1.72231168e-01
    9.62525606e-01 1.61950648e-01 3.93424332e-01 1.48501515e-01
    2.03104526e-01 7.45081544e-01 4.79432642e-01 5.46351612e-01
    5.47900856e-01 9.35111284e-01 8.41589391e-01 4.12208915e-01
    7.44313598e-02 6.36514425e-01 7.85813451e-01 5.13730764e-01
    5.90670288e-01 8.00407767e-01 5.55257499e-01 9.11264002e-01
    6.09999001e-02 3.19500178e-01 9.74834442e-01 2.85149872e-01
    6.50061309e-01 8.85115862e-01 3.84143293e-02 1.69066429e-01
    4.84280884e-02 2.14557052e-01 1.93414688e-02 9.23170090e-01
    5.80752432e-01 4.87917811e-01 6.60223365e-01 7.12677002e-01
    4.13169175e-01 1.69591278e-01 2.73404747e-01 6.12112880e-01
    5.28089523e-01 4.02020097e-01 2.69025356e-01 9.82396901e-02
    5.99347353e-01 1.32397294e-01 1.68167263e-01 5.32790065e-01
    7.12152004e-01 8.42633963e-01 4.57352996e-02 9.68248963e-01
    4.98745441e-02 7.74672985e-01 4.26832199e-01 8.56832266e-01
    4.37203735e-01 4.70927119e-01 5.34154475e-02 7.57297158e-01
    2.74482429e-01 2.17595130e-01 6.35396361e-01 8.93105507e-01
    3.77954185e-01 7.66987503e-01 9.17354822e-01 1.79472297e-01
    5.73114634e-01 5.39903224e-01 6.12605691e-01 2.85202414e-01
    8.66743088e-01 8.83523464e-01 1.73692793e-01 5.88668466e-01
    4.43895429e-01 6.89286649e-01 6.74467146e-01 1.14889741e-02
    3.61410797e-01 9.00094688e-01 2.67926723e-01 2.72920758e-01
    7.31853962e-01 1.04927421e-01 8.19905877e-01 2.77397037e-01
    5.47483504e-01 6.71783149e-01 1.59784585e-01 2.97762096e-01
    5.46376586e-01 1.20216072e-01 8.64966989e-01 6.47978067e-01
    6.47128761e-01 2.24035293e-01 6.73051655e-01 3.14455628e-01
    7.11750984e-01 5.00433087e-01 2.90218711e-01 2.82100320e-01
    4.85102832e-02 9.85399365e-01 2.75163949e-01 5.82920074e-01
    5.17584980e-02 1.81304574e-01 5.18288016e-02 3.56716216e-01
    4.71879900e-01 8.49901080e-01 4.57505673e-01 3.41809094e-01
    5.60406268e-01 8.05527210e-01 2.57223785e-01 1.43542707e-01
    8.78028631e-01 8.45152259e-01 7.60007143e-01 2.55958527e-01
    3.37526977e-01 9.90884662e-01 1.43251032e-01 4.20430630e-01
    4.96773571e-01 2.59186864e-01 6.23519003e-01 9.14495051e-01
    2.36634493e-01 2.12487966e-01 3.61199677e-01 8.97855639e-01
    4.09123719e-01 7.55488217e-01 8.85870457e-02 2.93828368e-01
    9.88887429e-01 9.94282961e-01 2.71521091e-01 2.94858485e-01
    6.12424672e-01 8.92270625e-01 8.52092683e-01 8.73141170e-01
    3.01770031e-01 1.44171804e-01 2.38894135e-01 2.01377988e-01
    4.91300374e-01 2.66507864e-01 8.56272876e-01 2.39345133e-02
    8.55668306e-01 9.06240404e-01 8.90916348e-01 5.14550686e-01
    8.71643066e-01 2.13649154e-01 5.39709270e-01 8.31346691e-01
    1.16450727e-01 3.48200858e-01 4.55060869e-01 7.21941292e-01
    4.19152766e-01 4.44425970e-01 2.44060814e-01 2.08526820e-01
    6.77505434e-01 8.06286335e-02 5.49550891e-01 6.59892678e-01
    6.94026530e-01 6.83112502e-01 8.14497828e-01 8.42122912e-01
    3.38094115e-01 7.31195331e-01 3.45230579e-01 3.37278515e-01
    3.58775318e-01 2.33182907e-02 9.63535547e-01 1.31262511e-01
    8.58907700e-01 9.12885666e-02 8.42938066e-01 5.47856569e-01
    8.58550072e-01 4.71793681e-01 4.50503081e-01 3.53307128e-01
    6.96761668e-01 8.44556332e-01 4.89362210e-01 3.63352597e-02
    7.42694020e-01 8.92466784e-01 5.10578692e-01 6.35625839e-01
    7.00602233e-01 8.74072313e-02 6.64047360e-01 1.55032367e-01
    9.92577672e-01 7.59384155e-01 4.32480991e-01 2.78476149e-01
    9.06285882e-01 9.22017276e-01 4.48614597e-01 2.52193123e-01
    9.96188462e-01 5.13512194e-01 1.91325039e-01 7.61235476e-01
    8.75404358e-01 7.72225976e-01 2.04495788e-01 1.22060001e-01
    6.22369230e-01 7.22650170e-01 8.93683076e-01 9.41059470e-01
    9.99336600e-01 2.99080372e-01 3.67663980e-01 5.99298179e-02
    3.58707607e-01 9.60319400e-01 6.76262677e-01 9.53642428e-02
    6.11515582e-01 2.89107084e-01 4.04450357e-01 8.76159847e-01
    7.57957995e-01 5.92634678e-02 8.50110531e-01 3.88172656e-01
    1.08672768e-01 3.28068078e-01 4.54505891e-01 4.94172782e-01
    6.00632429e-01 3.65271270e-01 4.63499129e-02 2.90274501e-01
    3.24799925e-01 5.99056065e-01 9.93222594e-02 5.00159323e-01
    7.93259740e-02 5.16130030e-01 5.10692716e-01 2.64951885e-02
    5.12107611e-01 7.14517713e-01 5.05279362e-01 8.53640199e-01
    7.59438574e-01 7.26482034e-01 3.54155123e-01 7.31752992e-01
    2.87315011e-01 3.04014742e-01 5.93094826e-01 7.56694078e-01
    6.22955203e-01 3.62127006e-01 7.14317441e-01 4.95999187e-01
    4.78756815e-01 5.33075392e-01 2.40414798e-01 1.47965312e-01
    8.73665929e-01 6.20596945e-01 1.93710774e-01 6.84485495e-01
    9.73633289e-01 6.93160415e-01 3.69175375e-02 4.00226593e-01
    5.69939435e-01 5.60204983e-01 6.85085118e-01 8.15712214e-02
    9.08622980e-01 6.83856308e-01 3.41881633e-01 3.87023509e-01
    6.06983900e-03 5.75284719e-01 7.21121550e-01 3.15484673e-01
    5.94869137e-01 5.00060916e-01 1.57743454e-01 6.89865589e-01
    8.95485401e-01 5.58932722e-01 3.58630180e-01 4.11683798e-01
    9.64751065e-01 6.13114297e-01 9.04705048e-01 4.80924249e-01
    1.97784156e-01 2.05540866e-01 3.41700077e-01 8.10649872e-01
    1.47790521e-01 1.41369164e-01 1.86589748e-01 2.73079038e-01
    7.57836998e-02 2.25639164e-01 9.78269458e-01 9.39540744e-01
    6.82864547e-01 8.02602649e-01 6.36305332e-01 1.38646036e-01
    6.10123873e-02 5.35703659e-01 7.25448132e-03 2.30890661e-01
    1.50030643e-01 9.53216493e-01 8.86632919e-01 4.97790396e-01
    4.26699251e-01 2.13273376e-01 3.87561858e-01 2.18459994e-01
    1.28381222e-01 9.73564208e-01 3.28483373e-01 2.58979797e-02
    9.74936366e-01 8.01946342e-01 4.18783247e-01 3.42270911e-01
    9.65466499e-01 5.44873118e-01 5.68993390e-02 6.42104030e-01
    6.69332683e-01 7.78739929e-01 9.42693472e-01 3.97973776e-01
    8.20238650e-01 4.58909661e-01 3.75477821e-01 5.28373718e-01
    2.96784282e-01 5.21042645e-01 7.72754848e-02 4.04059201e-01
    2.16726750e-01 6.15608811e-01 8.17238748e-01 1.48350000e-02
    3.90024930e-01 6.57972813e-01 4.57919955e-01 1.36013806e-01
    2.49697328e-01 6.73079491e-01 3.94151032e-01 7.91702569e-02
    5.44690073e-01 9.83620524e-01 4.86719310e-02 2.28905857e-01
    3.96759510e-02 3.11162829e-01 1.97493196e-01 6.00875974e-01
    7.92803407e-01 8.20075154e-01 6.02130592e-01 4.15161371e-01
    5.23585558e-01 6.12660885e-01 8.28129649e-01 5.98030746e-01
    1.91926450e-01 6.64499164e-01 5.85886836e-01 9.63823080e-01
    9.10504341e-01 6.97609425e-01 3.77148718e-01 8.40914369e-01
    5.00635445e-01 4.24000144e-01 9.46625292e-01 8.94281685e-01
    7.92358041e-01 3.52461636e-02 2.52814472e-01 2.37832457e-01
    2.40286291e-01 9.93737638e-01 7.54848003e-01 2.81301796e-01
    6.34602904e-02 7.12473154e-01 8.40555429e-02 2.62253106e-01
    1.88197076e-01 8.23966444e-01 2.38414705e-02 5.55918157e-01
    3.70732605e-01 3.30835909e-01 7.68055081e-01 8.13057244e-01
    2.57905900e-01 5.91331363e-01 4.92740422e-01 9.62331653e-01
    2.78330237e-01 2.83134013e-01 4.27599788e-01 8.84183049e-01
    6.89848363e-01 7.72885144e-01 7.52323568e-02 2.73524344e-01
    7.05373049e-01 7.66553462e-01 6.92305803e-01 4.07565653e-01
    5.25741041e-01 1.68995559e-02 6.74448371e-01 3.14563811e-02
    5.27176142e-01 1.46769702e-01 2.62030303e-01 6.12803698e-01
    3.76409441e-01 1.07289881e-01 4.50808704e-01 3.21760356e-01
    3.48787606e-01 2.59804666e-01 7.21788526e-01 2.56223321e-01
    8.91851664e-01 4.85715061e-01 7.15034485e-01 5.73461413e-01
    2.01648921e-01 9.41384077e-01 4.52462018e-01 8.64704370e-01
    2.46852338e-02 2.04795301e-01 2.79668957e-01 9.68725383e-01
    2.89698899e-01 8.26207757e-01 2.96336889e-01 9.52535033e-01
    1.58926964e-01 5.12280047e-01 4.97884780e-01 8.62489939e-02
    3.80490720e-02 6.78150356e-01 5.47473252e-01 9.29927409e-01
    6.04981244e-01 1.14073008e-01 4.62739766e-01 5.10215461e-02
    3.42515647e-01 1.85319960e-01 6.46688223e-01 5.71661949e-01
    9.99338150e-01 7.41991878e-01 5.87567449e-01 7.18571126e-01
    6.78961575e-01 8.05477440e-01 2.29033679e-01 6.08995795e-01
    2.47887820e-01 3.98737550e-01 9.25559521e-01 6.88937962e-01
    3.46993804e-01 3.68365467e-01 8.66411090e-01 6.24145448e-01
    9.51988578e-01 5.29334128e-01 2.44114876e-01 2.30625898e-01
    1.55732840e-01 7.60290146e-01 6.63855374e-02 7.97703683e-01
    8.95123124e-01 6.94245100e-01 1.78787053e-01 8.56448412e-01
    8.29328418e-01 3.30400884e-01 3.41130674e-01 2.28376329e-01
    9.01583314e-01 9.50484037e-01 5.39711118e-02 2.16133028e-01
    5.50611496e-01 4.04187709e-01 7.84581006e-01 5.02659857e-01
    9.67217088e-01 5.25150537e-01 9.92780924e-01 2.68196344e-01
    5.23660183e-01 6.51257277e-01 4.93749708e-01 3.21658611e-01
    6.38570428e-01 7.30227888e-01 3.29470038e-02 4.74280745e-01
    5.78113198e-01 2.90424049e-01 3.55868638e-01 3.66954625e-01
    8.23205769e-01 7.49803603e-01 5.75518012e-01 5.37887752e-01
    9.16910172e-01 4.66879696e-01 3.61616582e-01 8.04164290e-01
    6.30122185e-01 7.98695147e-01 2.52205878e-01 3.23798180e-01
    7.57971406e-03 7.19842255e-01 2.08270848e-01 2.83876389e-01
    9.84866321e-02 4.41791266e-01 8.08523655e-01 3.46719116e-01
    2.15814322e-01 1.12035573e-02 4.11680728e-01 2.67862588e-01
    5.27099907e-01 6.85258150e-01 6.13362491e-02 2.71958113e-03
    9.41423297e-01 4.62180138e-01 5.45867622e-01 9.12833214e-03
    7.80787230e-01 8.29219282e-01 2.27452189e-01 3.54078352e-01
    9.17120874e-02 2.54905879e-01 9.24533963e-01 7.72553802e-01
    6.81768179e-01 5.30707002e-01 7.60428190e-01 5.21715999e-01
    4.48972255e-01 2.55555689e-01 5.33248782e-02 4.94398445e-01
    5.84104419e-01 8.14309478e-01 7.67326295e-01 9.41106677e-01
    6.50835752e-01 4.97112900e-01 7.64576316e-01 5.48077643e-01
    1.50048643e-01 1.90247566e-01 2.12210804e-01 7.70760238e-01
    4.33781832e-01 6.89182043e-01 5.67108095e-02 7.27998257e-01
    7.96934366e-01 3.68294865e-01 9.52742577e-01 8.64356756e-04
    7.04248130e-01 9.40152168e-01 6.53047800e-01 7.12760389e-02
    3.42729330e-01 8.39149833e-01 3.40225101e-01 4.94070977e-01
    2.79037893e-01 6.69760525e-01 3.38100076e-01 5.37864327e-01
    4.37827975e-01 2.98146248e-01 4.77257371e-01 3.45751524e-01
    4.60594893e-01 6.65886521e-01 5.81465006e-01 8.73274744e-01
    4.03252453e-01 8.67383420e-01 1.68896228e-01 8.16312790e-01
    4.32844907e-01 3.57011259e-01 7.87432551e-01 3.25785875e-02
    5.51779270e-02 8.26036572e-01 8.30330849e-01 8.84624541e-01
    7.83533096e-01 1.25794232e-01 6.04051232e-01 6.47837102e-01
    7.80089974e-01 2.22506225e-02 1.47467405e-01 2.32122272e-01
    7.29110122e-01 3.04212391e-01 3.22509110e-01 3.48338276e-01
    5.52224815e-02 6.11958385e-01 7.65368819e-01 1.52193069e-01
    4.88165408e-01 9.71637070e-02 7.15894759e-01 8.52877319e-01
    6.27455175e-01 3.39098573e-01 4.05516058e-01 4.01589096e-01
    3.54592055e-01 2.74259329e-01 8.57996464e-01 9.67699170e-01
    1.36635065e-01 4.80800867e-02 2.40020603e-01 9.90131497e-01
    2.85401314e-01 2.79296756e-01 6.67035341e-01 1.38119102e-01
    1.39776230e-01 9.04207706e-01 5.49169302e-01 2.94877231e-01
    2.46362984e-02 9.45255637e-01 1.13463402e-03 7.04637051e-01
    3.23227406e-01 1.40227377e-01 5.36806583e-01 6.41226351e-01
    7.84847617e-01 7.19768882e-01 1.30672544e-01 6.76486135e-01
    3.78827095e-01 1.25333756e-01 1.57738000e-01 2.40686536e-03
    3.38844299e-01 3.00821364e-02 5.42766392e-01 7.64291525e-01
    9.95404840e-01 5.02679050e-01 1.10431701e-01 3.20888311e-01
    1.91330522e-01 2.65256822e-01 6.12363636e-01 3.45027149e-01
    5.34439981e-02 6.63283348e-01 9.83188033e-01 2.70162046e-01
    1.28458560e-01 4.40554649e-01 3.23113054e-01 2.76637971e-01
    5.13662934e-01 2.34953374e-01 6.12251699e-01 3.74748349e-01
    6.96136653e-01 6.01472080e-01 6.66464984e-01 2.64328122e-02
    9.39577520e-01 7.17819989e-01 9.46794033e-01 7.25571811e-01
    9.07492399e-01 7.08409429e-01 2.39574343e-01 6.28382325e-01
    1.49436265e-01 6.76190317e-01 8.96969020e-01 9.27821517e-01
    5.11341512e-01 6.05776191e-01 9.83978331e-01 8.47252727e-01
    6.13837779e-01 9.45963383e-01 7.29384840e-01 3.58471632e-01
    4.61903811e-01 1.12225473e-01 6.48640990e-01 6.86096370e-01
    8.52156103e-01 8.50345850e-01 9.58048403e-02 8.94540191e-01
    3.76466990e-01 1.11314386e-01 6.48667157e-01 5.39213955e-01
    8.05332780e-01 8.19030404e-03 4.70371306e-01 2.37895221e-01
    2.92059779e-02 8.64519119e-01 7.54515946e-01 2.35258073e-01
    3.59467864e-01 9.99906600e-01 7.00520158e-01 5.46512425e-01
    6.80696368e-01 6.99316025e-01 6.34914160e-01 2.72355437e-01
    4.67782527e-01 9.37125921e-01 8.44707727e-01 6.03494346e-02
    2.02529252e-01 4.44690436e-01 2.32605189e-01 6.59194231e-01
    4.96107787e-01 8.66382599e-01 7.25956261e-01 5.20157814e-01
    6.45646453e-01 6.24829650e-01 3.87656569e-01 6.10977411e-04
    7.39645064e-01 3.04022551e-01 1.37357414e-02 1.65216744e-01
    8.42083871e-01 2.81620771e-01 1.74412400e-01 1.59388483e-01
    7.20711827e-01 5.42534769e-01 4.24140960e-01 1.67303592e-01
    5.34546673e-01 9.12553668e-02 6.71663404e-01 5.80487609e-01
    1.06924176e-02 3.62855196e-03 5.03985763e-01 6.07013285e-01
    6.22906148e-01 6.76347136e-01 6.56692028e-01 8.38668585e-01
    8.48915994e-01 2.83853352e-01 9.29563463e-01 1.08024091e-01
    8.33770871e-01 2.23117232e-01 5.73169887e-02 8.61101747e-02
    6.36696577e-01 3.59455317e-01 9.65515137e-01 3.39987040e-01
    3.47928405e-01 6.27265215e-01 2.75500566e-01 1.29767835e-01
    9.75028217e-01 8.52928638e-01 9.42146897e-01 1.76641911e-01
    6.45368159e-01 5.24285972e-01 7.15066731e-01 6.29723549e-01
    6.73055589e-01 1.11019701e-01 6.85137510e-01 1.06385678e-01
    9.48247910e-01 1.03993088e-01 1.82624370e-01 8.84533525e-02
    1.48393780e-01 3.29774141e-01 8.70999455e-01 6.97535753e-01
    4.18897510e-01 9.31360722e-01 6.08641148e-01 3.48958403e-01
    9.59180057e-01 7.24824190e-01 5.72470605e-01 8.18212092e-01
    5.12846708e-01 9.07642126e-01 8.82148862e-01 5.90240538e-01
    1.37842685e-01 6.45194650e-01 2.25416183e-01 5.12135923e-01
    6.30193949e-03 5.07620990e-01 8.46781313e-01 1.49059862e-01
    6.27343416e-01 7.92962909e-01 4.41305369e-01 9.71334875e-02
    4.98129487e-01 6.17535651e-01 7.18688965e-01 9.92378891e-02
    1.02085471e-02 1.16443634e-01 7.22208917e-01 4.83995974e-02
    9.36149359e-02 5.61992824e-01 9.81395483e-01 9.45120156e-01
    7.62778044e-01 1.63980126e-01 7.19521761e-01 3.52761090e-01
    3.18099290e-01 4.95412648e-01 8.40695620e-01 5.16090631e-01
    8.82947803e-01 3.46435964e-01 3.13805878e-01 4.36322421e-01
    1.28524870e-01 7.30432987e-01 2.77161777e-01 8.92041385e-01
    8.74889135e-01 7.78097272e-01 1.37092471e-02 6.24425471e-01
    4.33805525e-01 4.25162494e-01 8.52894783e-01 4.69155252e-01
    3.28315973e-01 4.11429465e-01 7.95969248e-01 9.60160375e-01
    1.22832626e-01 2.67634809e-01 6.32280111e-01 1.13698572e-01
    3.07359606e-01 4.87273037e-01 1.71318352e-01 9.13810015e-01
    3.15178275e-01 2.71889627e-01 1.78390741e-03 5.13383389e-01
    5.77996671e-01 5.04899502e-01 2.81897753e-01 6.79696262e-01
    9.67164397e-01 4.82928455e-01 7.92974710e-01 2.02576697e-01
    5.08484244e-03 2.38464177e-02 6.46157503e-01 8.95212650e-01
    5.56031764e-02 8.05834651e-01 2.17618763e-01 2.31988430e-02
    8.12111497e-02 3.65384340e-01 4.04032111e-01 2.03251749e-01
    6.96935892e-01 2.05431014e-01 7.93947041e-01 5.08975446e-01
    6.43406451e-01 5.83732128e-01 6.28162503e-01 7.24587739e-02
    6.34121776e-01 6.05042100e-01 7.83309579e-01 2.18263209e-01
    4.98590738e-01 1.30191445e-01 2.22017229e-01 6.43696547e-01
    3.67762148e-02 7.35127807e-01 1.60084069e-01 6.00419283e-01
    3.36066842e-01 8.66521418e-01 7.84479141e-01 9.76014137e-02
    7.74161220e-01 4.44022417e-01 3.30976963e-01 4.94785577e-01
    8.96857500e-01 2.13144749e-01 7.21941531e-01 9.92617846e-01
    6.97347820e-02 3.74678463e-01 5.82684159e-01 7.36130536e-01
    1.18859023e-01 9.73449111e-01 8.65623951e-01 7.57670999e-01
    4.98023778e-01 1.02383435e-01 8.04033577e-02 7.75199294e-01
    8.65514159e-01 9.68279958e-01 7.17870533e-01 7.59270549e-01
    9.88764882e-01 2.46017337e-01 3.37777495e-01 2.68569648e-01
    6.09448016e-01 9.27006066e-01 1.41993821e-01 7.79684782e-01
    6.19332731e-01 3.13066274e-01 7.17355907e-01 7.89816678e-01
    3.22281718e-02 1.13345176e-01 7.65815139e-01 5.16675889e-01
    1.36349469e-01 9.97536659e-01 7.68597960e-01 8.94540906e-01
    6.65031493e-01 2.31497139e-01 3.21168661e-01 4.35499102e-01
    9.09037113e-01 8.13669443e-01 9.38902438e-01 4.41148669e-01
    9.82369542e-01 7.07107008e-01 4.71441448e-01 5.65955400e-01
    8.60064030e-01 5.94919443e-01 3.10903907e-01 6.86375260e-01
    9.18872893e-01 3.85138601e-01 1.87010527e-01 9.02019858e-01
    7.31200933e-01 5.63961327e-01 5.16093612e-01 1.78542316e-01
    5.62123239e-01 6.56793416e-02 9.81898725e-01 5.31313419e-02
    2.55703449e-01 8.44240069e-01 6.93669081e-01 4.31808501e-01
    2.46323407e-01 1.89958602e-01 8.57464194e-01 4.68772054e-01
    2.38825053e-01 5.88035882e-02 6.18139088e-01 3.47504616e-01
    1.53807282e-01 2.34788567e-01 3.93299699e-01 8.40542972e-01
    6.31191015e-01 5.56453884e-01 6.73384666e-01 9.14905190e-01
    5.10339797e-01 4.65320826e-01 5.03420830e-01 4.02040184e-02
    2.29185522e-02 3.00046802e-02 8.06864977e-01 5.62782228e-01
    3.48897964e-01 5.71396887e-01 6.42899811e-01 7.57117152e-01
    4.78136688e-01 1.88074917e-01 4.16188180e-01 2.48759419e-01
    7.87107110e-01 4.61402893e-01 5.14248610e-02 6.08808875e-01
    2.23757923e-01 9.82223034e-01 9.39851284e-01 9.51502264e-01
    5.94274282e-01 8.99460256e-01 7.75834739e-01 7.41709054e-01
    9.66453373e-01 4.71222103e-02 4.22572792e-01 2.18760967e-02
    2.79135525e-01 6.70339704e-01 7.42949247e-01 8.72868061e-01
    1.21547371e-01 4.39158440e-01 5.05860806e-01 8.21650505e-01
    2.16966093e-01 5.81123829e-01 2.36635298e-01 2.91109145e-01
    4.50454623e-01 7.85076141e-01 9.18122768e-01 3.42736393e-01
    5.15011966e-01 4.94331121e-01 4.53517288e-01 4.25190210e-01
    7.05490947e-01 7.05936849e-02 7.20415473e-01 3.04639399e-01
    5.49063861e-01 2.42699325e-01 9.11702991e-01 3.47041190e-02
    4.97569054e-01 2.99888492e-01 4.23362225e-01 4.58982736e-01
    2.50812650e-01 3.53427291e-01 3.41619492e-01 6.76668286e-01
    6.30895257e-01 4.14967030e-01 7.51630068e-01 9.66586113e-01
    5.03285289e-01 8.34654450e-01 4.61813748e-01 1.72342628e-01
    7.66482174e-01 7.97615170e-01 5.18586278e-01 2.12519169e-01
    8.31186056e-01 4.68718112e-02 8.01446557e-01 3.53185236e-01
    9.60138261e-01 8.32682729e-01 1.66173220e-01 9.53122914e-01
    5.25215447e-01 8.63184094e-01 3.17571521e-01 6.03156328e-01
    9.59734142e-01 7.68323123e-01 2.68508345e-01 1.52600437e-01
    1.09075010e-01 3.64571720e-01 7.01360106e-02 6.55748546e-02
    2.10374385e-01 4.26047981e-01 3.56431544e-01 3.02395403e-01
    5.74980140e-01 4.69876498e-01 2.04046071e-01 2.57056177e-01
    5.97271323e-01 9.38230395e-01 4.51688319e-01 5.21887183e-01
    9.34594870e-01 5.07934988e-02 9.18390810e-01 4.14386272e-01
    8.56160879e-01 8.26754928e-01 5.29462636e-01 7.72609115e-01
    2.32825905e-01 9.78167832e-01 6.29964173e-01 9.94630158e-01
    2.23730594e-01 2.21824259e-01 9.61911201e-01 8.93375874e-01
    3.81140649e-01 9.72338796e-01 7.64268219e-01 8.36682200e-01
    2.58662403e-02 8.28745008e-01 7.23296463e-01 9.34355021e-01
    9.51631427e-01 1.79188997e-01 2.24473804e-01 4.54674333e-01
    7.02058733e-01 5.11066020e-02 9.67439651e-01 8.91820192e-01
    1.68762177e-01 6.45333409e-01 8.92407954e-01 8.81990016e-01
    1.30188495e-01 3.66307437e-01 2.89330512e-01 6.77944779e-01
    5.58686733e-01 9.76139009e-02 8.83356571e-01 4.97343212e-01
    8.27829003e-01 4.17345345e-01 6.92259789e-01 7.66484678e-01
    3.67417872e-01 8.17160308e-01 5.61963141e-01 9.22850490e-01
    8.40786278e-01 6.86480701e-01 4.11604315e-01 4.32558209e-01
    1.62896514e-02 6.64111018e-01 2.52955824e-01 3.16711575e-01
    8.72454882e-01 3.11259747e-01 4.27695841e-01 5.64134359e-01
    6.27323449e-01 4.90066528e-01 7.68891096e-01 3.21457088e-02
    5.02635479e-01 1.17214739e-01 7.28303790e-02 4.38800007e-01
    3.63020420e-01 6.16035104e-01 2.84729987e-01 5.09467721e-02
    7.31831074e-01 6.87569439e-01 3.01190674e-01 8.81222844e-01
    8.76285553e-01 2.38805026e-01 6.22769177e-01 7.20760345e-01
    3.30345929e-01 9.73686576e-01 7.03910112e-01 3.51022243e-01
    4.99323368e-01 6.05191231e-01 4.03816640e-01 3.12225461e-01
    8.52611303e-01 8.40599775e-01 4.04180527e-01 3.50520313e-01
    1.87815964e-01 6.32558644e-01 7.65200019e-01 5.85501373e-01
    4.98665899e-01 8.68920565e-01 5.07241189e-02 6.10906303e-01
    3.18703055e-01 6.46930039e-01 8.62787068e-02 7.34119773e-01
    5.64824879e-01 9.28868353e-02 2.03388453e-01 6.45554662e-02
    3.97191048e-02 2.05137551e-01 5.87053537e-01 9.26668167e-01
    2.04260945e-02 2.20720202e-01 1.04762107e-01 6.80721879e-01
    3.96614730e-01 1.62152350e-02 2.50857770e-01 3.88638884e-01
    3.83125067e-01 9.04176772e-01 7.62696147e-01 3.75199318e-02
    7.94395268e-01 6.38322651e-01 3.19431335e-01 1.56594217e-01
    9.56825197e-01 2.50794828e-01 1.64366663e-01 3.35592568e-01
    6.15019262e-01 7.18367219e-01 8.02410245e-01 1.89254791e-01
    7.68119097e-01 2.45446354e-01 2.84224153e-01 5.75067520e-01
    6.88073099e-01 6.85019255e-01 8.86076689e-02 9.29098010e-01
    3.70638371e-02 4.05691564e-01 8.79363596e-01 7.66351819e-01
    3.00936162e-01 9.58962560e-01 2.28968054e-01 4.49596614e-01
    7.23874092e-01 1.36698246e-01 9.12061036e-02 6.12079084e-01
    2.00987101e-01 6.04839623e-02 9.69136834e-01 6.87909186e-01
    4.85940993e-01 4.56900656e-01 1.59186393e-01 7.01987326e-01
    9.51452851e-01 6.61424696e-02 4.62672800e-01 2.44322091e-01
    6.32205188e-01 8.56324136e-01 5.92709184e-01 6.82491064e-01
    7.93862939e-01 2.49406397e-02 4.26874906e-01 4.76860911e-01
    1.02190405e-01 3.41944575e-01 2.19390094e-02 3.31832767e-02
    6.27973080e-01 5.02592623e-01 3.93815190e-01 7.24434435e-01
    5.12729347e-01 3.73374343e-01 2.45989859e-02 2.93211937e-01
    8.94116998e-01 3.27702641e-01 1.81067705e-01 3.06998253e-01
    7.21375465e-01 1.26359314e-01 4.15563881e-01 6.23083174e-01
    2.71789044e-01 4.06418562e-01 3.25781882e-01 8.79030228e-01
    4.41945553e-01 8.85229290e-01 6.11377954e-02 2.79757023e-01
    3.93878430e-01 5.50994575e-01 6.28836632e-01 2.08614111e-01
    6.06868684e-01 7.67962337e-01 1.17577612e-01 9.61803794e-01
    4.92348552e-01 6.87000990e-01 7.19627976e-01 7.88497329e-01
    7.56086469e-01 7.85977483e-01 9.47032452e-01 6.64436162e-01
    2.02661425e-01 7.30434835e-01 9.33290958e-01 7.14697719e-01
    2.81687021e-01 2.64471531e-01 8.69283855e-01 9.73219275e-01
    3.67654085e-01 4.90098327e-01 7.05850959e-01 9.09794152e-01
    4.48928475e-01 3.70354295e-01 2.84021765e-01 4.37387198e-01
    2.54192650e-01 8.49373639e-02 7.97542989e-01 8.54649067e-01
    1.59262031e-01 9.34331536e-01 5.10535359e-01 8.15487266e-01
    1.90423220e-01 2.16222644e-01 8.34531307e-01 4.49219495e-01
    9.88359034e-01 5.49566805e-01 1.08241469e-01 8.43986750e-01
    9.24067259e-01 7.20713019e-01 8.54101181e-02 8.25896978e-01
    9.12835896e-02 5.90154290e-01 3.25464159e-01 9.26384628e-01
    7.61191666e-01 9.59944248e-01 9.69337344e-01 2.27353185e-01
    3.38567764e-01 2.13098615e-01 4.44801807e-01 3.45640004e-01
    7.36271381e-01 1.88836515e-01 7.10838258e-01 5.62176704e-01
    6.54563427e-01 6.79356039e-01 8.20372343e-01 7.48319983e-01
    1.93959653e-01 2.59585679e-01 2.05449939e-01 9.21848714e-01
    5.73108196e-01 8.81855607e-01 4.68688011e-01 8.66262555e-01
    7.15462267e-01 6.72219753e-01 3.64835680e-01 4.68598396e-01
    8.48570466e-01 8.01931202e-01 4.11891043e-02 7.19923854e-01
    4.23372835e-01 6.66101456e-01 3.16694111e-01 8.45965385e-01
    1.04521006e-01 3.33271950e-01 2.15052724e-01 4.08740878e-01
    1.51959598e-01 9.70188856e-01 1.88635528e-01 9.23545718e-01
    9.62373734e-01 4.96180654e-02 4.76220191e-01 3.47700894e-01
    1.35073841e-01 4.43450212e-01 3.07220161e-01 8.99949670e-01
    8.86682034e-01 4.39674675e-01 9.97367144e-01 9.63058829e-01
    3.34551930e-02 4.16608930e-01 2.84373760e-03 3.78856927e-01
    9.62165892e-02 6.51508808e-01 6.97658896e-01 6.66397572e-01
    8.37563396e-01 6.12959683e-01 7.99585998e-01 6.25220835e-02
    3.35518241e-01 6.62017643e-01 3.28208804e-02 2.64715970e-01
    7.22809553e-01 4.91793960e-01 6.43783569e-01 3.77007008e-01
    7.82964826e-02 2.17305660e-01 6.17854714e-01 2.44957805e-02
    3.16429466e-01 4.33112621e-01 5.25403619e-02 1.44923538e-01
    5.17832160e-01 2.12668180e-01 4.78808790e-01 8.06461453e-01
    8.35509062e-01 5.82035244e-01 1.72625065e-01 6.70111477e-02
    4.52285290e-01 2.61093736e-01 9.57119823e-01 2.32186913e-02
    8.26144874e-01 6.94891632e-01 8.84969115e-01 9.35373545e-01
    8.16672981e-01 2.08655864e-01 5.41127026e-01 2.66045749e-01
    4.04984742e-01 7.86403835e-01 7.57840157e-01 2.15612888e-01
    8.11256170e-01 5.40770590e-01 8.36917937e-01 8.45183372e-01
    6.39494300e-01 1.44489348e-01 2.57221460e-01 5.75387597e-01
    8.52377415e-02 8.83287609e-01 5.24542630e-01 4.62537229e-01
    5.72578430e-01 6.34669185e-01 8.22816551e-01 2.07544029e-01
    1.50676161e-01 4.32462662e-01 8.51834536e-01 2.05340981e-02
    7.78736472e-01 7.55889118e-02 5.77619672e-02 8.62551212e-01
    2.53659785e-01 6.96181417e-01 1.00265831e-01 6.69489384e-01
    4.19413507e-01 7.23851562e-01 5.71981907e-01 7.65384793e-01
    4.06317770e-01 6.19907677e-01 2.55657583e-01 8.92782032e-01
    7.14476824e-01 5.30890942e-01 6.60145283e-01 7.81512439e-01
    1.87936932e-01 4.73929584e-01 3.26477140e-01 4.24440801e-02
    6.79585934e-02 6.78547800e-01 6.96571946e-01 5.21872222e-01
    9.65321958e-01 6.42389655e-01 7.69080043e-01 9.30174410e-01
    8.34291339e-01 9.19895709e-01 7.95191646e-01 5.33954501e-01
    8.96204352e-01 7.80589581e-01 9.32188809e-01 8.42323244e-01
    1.18989348e-02 5.50473154e-01 4.52442855e-01 4.86290604e-01
    4.94928330e-01 5.16271532e-01 3.60498667e-01 5.64006746e-01
    8.32269311e-01 1.17440253e-01 2.96051979e-01 4.41615403e-01
    1.70266032e-02 4.23421264e-01 1.34465694e-02 4.78412628e-01
    6.04037285e-01 1.72681987e-01 9.81833339e-02 5.18560648e-01
    2.46497214e-01 9.55718637e-01 2.19335586e-01 3.00449193e-01
    3.11569929e-01 9.24731255e-01 8.29241574e-01 3.95253628e-01
    7.33434498e-01 4.18685377e-01 4.65549171e-01 2.61044621e-01
    4.91251498e-01 2.90298879e-01 2.71593451e-01 3.87654364e-01
    8.92367840e-01 2.35869586e-02 4.69506025e-01 9.82175708e-01
    6.72666132e-01 4.49200094e-01 8.10684323e-01 4.30942446e-01
    8.55993330e-02 5.20591140e-02 1.90527380e-01 1.06361687e-01
    5.32400668e-01 4.73601073e-01 9.25172925e-01 7.07546771e-01
    9.12974358e-01 4.81456220e-02 2.62789756e-01 6.47052050e-01
    4.23178971e-01 1.39820576e-01 4.88910526e-01 5.78548133e-01
    6.25142694e-01 5.60172200e-01 4.64369029e-01 6.42227054e-01
    9.35409546e-01 3.91581953e-02 4.48278129e-01 1.22280866e-01
    8.11877549e-01 1.56664073e-01 7.50513792e-01 1.70612246e-01
    2.50625968e-01 6.92827463e-01 5.19963145e-01 2.98427105e-01
    1.20091826e-01 2.48376101e-01 5.75063467e-01 4.78387386e-01
    7.11234927e-01 7.73002803e-02 8.92982304e-01 6.16673827e-01
    3.43436599e-01 2.66863167e-01 2.90410370e-01 2.57651538e-01
    3.09187412e-01 4.95723188e-01 7.34481215e-03 9.53590274e-01
    5.07957995e-01 7.83091724e-01 9.74550247e-01 3.67539108e-01
    9.79201317e-01 8.93593431e-01 5.21430731e-01 9.03462529e-01
    7.26040602e-01 5.53748429e-01 7.63968229e-01 5.32764196e-02
    6.54294550e-01 8.46188009e-01 9.03335810e-01 2.12185323e-01
    8.21775079e-01 2.75817037e-01 7.05078006e-01 6.99567258e-01
    5.90709746e-01 1.05748117e-01 3.50159138e-01 8.06670129e-01
    1.22167706e-01 2.34137803e-01 1.32728845e-01 5.72886944e-01
    5.85042477e-01 3.92547190e-01 3.79471958e-01 3.24060857e-01
    5.38057268e-01 2.84882903e-01 1.43301934e-01 1.28548443e-01
    6.98865354e-02 8.48838806e-01 1.34186804e-01 1.01920813e-01
    4.25496340e-01 6.39021039e-01 5.44104218e-01 5.88995516e-02
    4.05419409e-01 3.36262524e-01 9.28591967e-01 5.35015404e-01
    1.75972611e-01 1.66277975e-01 5.74211836e-01 2.57628858e-01
    9.46078062e-01 5.28980672e-01 6.38105989e-01 5.02526939e-01
    9.97878194e-01 9.31093335e-01 1.69276863e-01 8.41144979e-01
    5.86168349e-01 6.33272469e-01 8.31289589e-01 4.56532687e-01
    8.45588326e-01 8.63497496e-01 9.87393141e-01 9.65728879e-01
    6.73278391e-01 1.44961178e-02 4.00872767e-01 6.82221234e-01
    9.11465764e-01 9.00298834e-01 5.47509134e-01 2.33821034e-01
    1.35125250e-01 3.18264872e-01 1.00680619e-01 7.18419671e-01
    9.23472345e-01 4.04527336e-01 1.51997387e-01 2.49811620e-01
    4.69766021e-01 4.36108828e-01 2.60578811e-01 6.38273060e-02
    3.51575255e-01 8.23053777e-01 4.62021738e-01 3.29368830e-01
    6.44392371e-01 1.30269825e-02 8.60565186e-01 4.37433869e-01
    9.00612652e-01 7.56926298e-01 7.70469785e-01 2.05311894e-01
    9.64160204e-01 4.52723891e-01 5.56177258e-01 9.73333359e-01
    4.38851178e-01 2.30411887e-01 9.25264716e-01 3.24453264e-01
    3.86596143e-01 9.64389801e-01 6.41771197e-01 4.68301028e-01
    1.80004776e-01 5.70198774e-01 4.63212520e-01 1.89759076e-01
    3.61575037e-01 4.62904274e-02 8.72770429e-01 5.61547995e-01
    7.11015165e-01 8.12469721e-01 7.44142115e-01 5.40193558e-01
    8.89855623e-01 3.90605927e-01 2.77497590e-01 5.20735979e-02
    3.03026676e-01 3.61875534e-01 6.69212222e-01 7.03016758e-01
    7.72842169e-01 2.90940583e-01 2.26768374e-01 7.90449619e-01
    6.59649611e-01 7.12724805e-01 2.62337327e-01 1.17887527e-01
    8.01995873e-01 3.14460993e-01 6.35377049e-01 5.81332147e-01
    8.16300511e-02 1.65166408e-01 2.30155170e-01 8.90832186e-01
    2.45401800e-01 4.08689499e-01 6.55728221e-01 1.68203533e-01
    4.95247602e-01 7.14462161e-01 6.28917456e-01 2.10981756e-01
    3.69096279e-01 4.09636796e-02 8.88497114e-01 1.61662430e-01
    8.16511989e-01 1.03991687e-01 8.70764136e-01 7.20201194e-01
    2.41549522e-01 4.40742821e-01 9.00390446e-02 4.36949670e-01
    7.64760315e-01 6.02498949e-02 7.47176170e-01 4.98270839e-01
    3.83172750e-01 9.41712081e-01 7.75994182e-01 9.36795473e-02
    3.67341042e-02 2.97805369e-01 2.19208479e-01 9.17414188e-01
    7.48688221e-01 1.75243944e-01 9.76037979e-03 5.07637322e-01
    6.66952074e-01 3.27837169e-02 1.91300362e-01 6.35862708e-01
    2.54000366e-01 3.82650495e-01 3.80434990e-02 1.15336120e-01
    1.32465363e-03 5.95589221e-01 9.08026218e-01 3.40412647e-01
    6.20940447e-01 7.18213439e-01 4.45659161e-02 7.82937169e-01
    4.88185078e-01 8.43072891e-01 9.22315478e-01 6.13210440e-01
    1.60184473e-01 2.70013213e-02 9.23766971e-01 5.53210795e-01
    7.09658206e-01 2.23401606e-01 1.68740124e-01 4.82047200e-02
    3.74527693e-01 5.78822732e-01 6.52926207e-01 5.76474905e-01
    6.43481374e-01 8.42547417e-03 3.88893485e-01 5.29465079e-03
    7.45722651e-01 5.87194622e-01 9.87415254e-01 7.60466754e-02
    4.86260951e-02 4.85687226e-01 2.22268999e-02 7.39830375e-01
    5.82397759e-01 8.92784715e-01 3.22288513e-01 1.76318586e-02
    1.29147828e-01 7.11480081e-01 7.11232066e-01 2.05648512e-01
    5.58590710e-01 5.08475006e-02 2.17651039e-01 2.17750043e-01</data></test_img>
<my_img type_id="opencv-matrix">
  <rows>128</rows>
  <cols>256</cols>
  <dt>f</dt>
  <data>
    -1.70382857e-01 1.22084188e+00 1.95011210e+00 -7.46674180e-01
    -8.46415758e-03 -6.17343903e-01 1.96344209e+00 -3.21595192e-01
    -5.84446073e-01 2.49652326e-01 1.00808096e+00 -1.22350693e-01
    5.87208450e-01 1.16862059e+00 -2.19483316e-01 6.09888971e-01
    7.26756036e-01 1.83126926e+00 6.30286813e-01 -5.85407674e-01
    6.85288668e-01 -5.96312344e-01 1.54238451e+00 1.81440043e+00
    1.21487498e+00 2.57695556e-01 7.82663345e-01 1.63955355e+00
    7.41170049e-02 -7.89419591e-01 -6.21951282e-01 6.20467901e-01
    8.24030161e-01 6.34809613e-01 -1.89239502e-01 1.16701794e+00
    1.27059972e+00 1.14097190e+00 1.04264033e+00 -6.49366021e-01
    1.65921915e+00 -5.42324007e-01 -4.73090470e-01 -7.32850969e-01
    1.79213762e-01 -6.62763000e-01 1.64551616e+00 -1.53639317e-01
    -2.88938522e-01 -7.93644547e-01 6.03611708e-01 9.45359647e-01
    1.83981609e+00 -1.52415037e-02 1.76547980e+00 -2.39526391e-01
    4.59748805e-01 -4.39308107e-01 -5.35384417e-01 4.10413265e-01
    -3.58356178e-01 1.02767384e+00 9.57465947e-01 7.03361034e-01
    9.38822210e-01 -5.96901119e-01 1.42361820e+00 1.72857618e+00
    4.82378364e-01 -2.43154705e-01 1.87107408e+00 1.77721596e+00
    4.37339783e-01 -3.64005566e-03 1.73991656e+00 3.15514088e-01
    1.50744855e+00 -1.27044082e-01 6.85168505e-01 1.81867266e+00
    -6.15144134e-01 -3.21866512e-01 1.11511135e+00 -4.01120484e-01
    -2.36315310e-01 7.95804858e-01 -3.87797356e-02 -1.36245787e-01
    1.47048569e+00 8.73045146e-01 8.90310705e-01 3.40778351e-01
    -4.24884319e-01 -7.94505239e-01 1.20319808e+00 2.57541776e-01
    1.52231276e+00 1.25647783e-02 -9.14430261e-01 7.66024590e-02
    4.75695014e-01 3.10974479e-01 1.84280181e+00 -2.72186995e-02
    -4.68813121e-01 1.61617839e+00 -4.05943155e-01 -9.53293562e-01
    1.35527790e+00 8.80515099e-01 1.04122722e+00 1.36883199e+00
    -5.92922330e-01 1.08083856e+00 1.54174209e+00 1.27890706e+00
    1.16014481e+00 -9.17566121e-01 1.54083633e+00 1.21546221e+00
    -7.52944350e-02 -3.96187365e-01 -7.78237343e-01 1.62873316e+00
    2.00393939e+00 5.90625525e-01 1.82467330e+00 9.03261721e-01
    -9.28245544e-01 1.81799555e+00 6.83866143e-01 1.52639556e+00
    1.83420134e+00 -6.78164124e-01 -4.22655821e-01 -7.34094560e-01
    9.79248345e-01 1.94683290e+00 2.57684946e-01 7.05606222e-01
    -3.87837946e-01 -3.88422966e-01 1.28149581e+00 -1.73301995e-01
    -3.85250032e-01 9.71187651e-01 -4.39873934e-01 -8.36489797e-01
    -6.70009136e-01 -5.66282690e-01 1.44339442e-01 -6.33662641e-01
    8.37207615e-01 1.99163985e+00 -4.49166656e-01 -1.42675340e-01
    8.95416439e-01 -8.79820287e-01 1.93998730e+00 4.13110793e-01
    1.74980426e+00 -7.87975967e-01 3.56314898e-01 1.89552736e+00
    -6.65128946e-01 1.07834208e+00 1.69460738e+00 -7.00514317e-01
    1.00910878e+00 1.45660400e+00 9.53455091e-01 5.34512877e-01
    -8.15516949e-01 -7.60574698e-01 4.82628942e-01 -1.28214061e-01
    1.33191097e+00 -3.73207748e-01 4.40646708e-01 -2.94616282e-01
    1.70263112e-01 -1.83769464e-01 5.15384793e-01 -2.51089454e-01
    1.39869165e+00 -4.11698043e-01 4.32246208e-01 1.50639200e+00
    9.14978921e-01 1.22391844e+00 4.12342608e-01 1.64334345e+00
    4.64682043e-01 1.61273992e+00 -4.98770118e-01 -1.56661272e-02
    8.65081787e-01 -4.26721931e-01 -4.55969989e-01 8.20413649e-01
    1.51030660e+00 7.50530005e-01 5.88384926e-01 1.78926110e+00
    -3.68081868e-01 -3.48106444e-01 1.38044786e+00 1.84483075e+00
    -2.70656466e-01 -6.43864930e-01 -2.06455290e-01 1.03668904e+00
    5.74385524e-02 4.96282935e-01 -1.10553920e-01 -2.65895724e-01
    1.68120408e+00 -1.63033605e-01 1.48015726e+00 1.66479921e+00
    4.80886698e-02 -8.64899993e-01 -7.39861608e-01 2.62819827e-01
    6.74531758e-01 2.40136445e-01 1.44890046e+00 1.84897542e+00
    1.12845218e+00 -3.16314876e-01 -8.64329636e-01 9.18111861e-01
    -7.07697630e-01 2.49404430e-01 7.47841656e-01 -7.36379623e-01
    1.86455965e+00 1.12413931e+00 1.73457873e+00 6.51610136e-01
    2.12164819e-01 1.88469911e+00 6.82043552e-01 -7.68452883e-01
    5.97861290e-01 -8.90486658e-01 3.03682446e-01 1.94748592e+00
    -3.14080715e-02 1.81250203e+00 4.27740395e-01 1.92631435e+00
    1.31560600e+00 8.29727948e-01 -8.32881451e-01 2.69240141e-02
    -3.22262645e-02 1.46776044e+00 8.75789165e-01 1.88806725e+00
    1.15789354e+00 1.31448102e+00 -9.25988793e-01 -8.65698159e-01
    -2.70788550e-01 -5.07197261e-01 -3.67547750e-01 1.52111280e+00
    -2.12321401e-01 1.59284461e+00 9.18794692e-01 -5.69105506e-01
    1.34502745e+00 -4.92565930e-01 7.57547259e-01 2.47186780e-01
    -3.60402286e-01 1.29447317e+00 4.74819660e-01 -2.31788158e-01
    1.51953816e+00 7.42858171e-01 8.55812550e-01 1.80095792e+00
    -5.90930581e-01 1.59132791e+00 9.69838023e-01 -4.23608363e-01
    4.99680519e-01 -9.51397538e-01 -7.57745743e-01 6.08447671e-01
    2.22650409e-01 -4.17152524e-01 -2.98753679e-01 2.64901638e-01
    4.49424744e-01 1.13611817e+00 1.47152424e+00 5.94362140e-01
    -3.64969611e-01 -1.71277583e-01 4.82019782e-02 -1.95487738e-02
    1.08172655e+00 1.73517609e+00 -4.87908006e-01 1.36533833e+00
    5.35853565e-01 7.57103086e-01 1.97666633e+00 -8.21366966e-01
    1.73599219e+00 1.23605621e+00 3.59952331e-01 7.58946240e-01
    1.63744569e-01 -2.29643703e-01 7.69483864e-01 -8.57669055e-01
    2.77435601e-01 -6.55215085e-01 1.83435678e+00 3.84694457e-01
    1.60329473e+00 2.67135739e-01 1.48954749e+00 1.09220827e+00
    -8.60178351e-01 9.18398738e-01 4.29897666e-01 1.76106238e+00
    -2.60205448e-01 6.13477230e-01 -3.62443507e-01 -5.55607080e-01
    7.61083841e-01 -4.63397324e-01 1.45489287e+00 1.51501966e+00
    -4.35343742e-01 2.93711901e-01 1.70448697e+00 -4.22045171e-01
    -5.01955688e-01 -7.81578839e-01 6.90816820e-01 1.54691780e+00
    1.15956044e+00 -7.44522154e-01 1.33690476e+00 1.19801593e+00
    -4.73177433e-03 1.50043523e+00 8.85564387e-01 -9.35996413e-01
    1.67292011e+00 1.07857835e+00 1.34678912e+00 1.59938383e+00
    -9.07137573e-01 -9.26839113e-02 8.99267077e-01 1.66842592e+00
    4.92768288e-02 1.41757727e-01 -1.09322071e-01 1.36640000e+00
    -9.99853253e-01 7.79828489e-01 -1.10625148e-01 1.36048198e+00
    -5.23868084e-01 1.09925246e+00 5.74612617e-02 9.01646793e-01
    7.37311304e-01 1.96702731e+00 -6.38785124e-01 -9.54758048e-01
    1.99564910e+00 -1.94494128e-01 1.02975535e+00 9.99773741e-02
    -8.16130996e-01 8.06162596e-01 -2.77847409e-01 5.32693684e-01
    1.32450283e+00 -3.52910757e-01 1.32268596e+00 1.00010335e+00
    1.70808816e+00 6.14632010e-01 5.43645680e-01 1.10558844e+00
    1.55228043e+00 2.83689499e-02 2.54632175e-01 3.88747573e-01
    1.81831288e+00 1.83921170e+00 6.16283178e-01 1.52730823e+00
    1.76173759e+00 -4.07423437e-01 1.72529483e+00 3.32153201e-01
    6.89375281e-01 4.65424418e-01 2.82623887e-01 1.38247061e+00
    8.38086307e-01 7.17791319e-02 -8.89107704e-01 -2.11119175e-01
    1.91980863e+00 4.24097717e-01 8.27624440e-01 1.87592781e+00
    3.30820978e-01 1.55926764e-01 2.01791358e+00 4.59314704e-01
    1.47661245e+00 -9.04088616e-01 -6.98872209e-01 2.42858529e-02
    7.25704968e-01 -7.76933432e-01 5.21756470e-01 1.20905495e+00
    1.62546813e+00 -5.38303494e-01 3.86573017e-01 -2.55193055e-01
    1.40878677e-01 1.55549407e+00 8.03641737e-01 1.08338594e+00
    1.45037222e+00 -4.45875943e-01 1.74086046e+00 -3.81929278e-01
    2.92315841e-01 5.70499301e-02 -7.68225670e-01 -6.23494983e-02
    1.10389233e-01 1.29103804e+00 -8.64045620e-01 8.44705880e-01
    -1.36452854e-01 -3.20679188e-01 -4.96962070e-01 -1.67152524e-01
    6.68884635e-01 6.13160074e-01 2.10141957e-01 5.26953459e-01
    -7.00725436e-01 9.82698023e-01 2.76085138e-01 4.92664218e-01
    -1.97528183e-01 -5.48688531e-01 4.95919406e-01 -2.07015097e-01
    3.94989192e-01 1.08691812e+00 1.33787429e+00 1.09011710e+00
    1.38630235e+00 6.05048180e-01 2.87023723e-01 1.89522552e+00
    1.04811096e+00 2.86369979e-01 -9.39472854e-01 1.30716372e+00
    1.67588401e+00 -8.63856077e-02 3.37383389e-01 -9.26370382e-01
    1.51217103e-01 5.96479535e-01 7.82131493e-01 1.81588531e-01
    6.89329624e-01 -8.83838952e-01 4.24723029e-02 -6.99616075e-01
    -8.10345709e-01 2.09339261e-01 8.73815298e-01 -3.22223365e-01
    8.16227913e-01 1.02911377e+00 1.55674875e+00 1.40712225e+00
    1.65902174e+00 -1.00154316e+00 4.50406075e-02 1.59373677e+00
    1.03147256e+00 7.32189417e-02 -8.85809779e-01 8.37924302e-01
    1.16291821e-01 1.55372798e-01 -5.05493641e-01 1.05113316e+00
    -9.32816267e-01 6.50559425e-01 1.92931485e+00 1.76087832e+00
    -1.16698742e-02 5.91877401e-01 7.31219053e-01 1.97821259e+00
    1.10770082e+00 -6.93608522e-02 1.18290544e+00 -7.02765465e-01
    -1.12105370e-01 9.28928852e-02 1.30518126e+00 -2.66840756e-01
    8.93052995e-01 1.30751348e+00 -7.01230586e-01 -2.22539246e-01
    6.86558843e-01 2.12628365e-01 1.46138120e+00 5.71936488e-01
    -3.27371359e-01 -1.88727379e-01 -9.64633167e-01 -1.78696156e-01
    -1.98216200e-01 9.25416589e-01 1.74547195e+00 4.23060298e-01
    8.35997581e-01 5.61767101e-01 1.00063717e+00 1.37686789e+00
    7.41801262e-01 7.00798154e-01 1.80016816e+00 -8.14259648e-01
    4.90079522e-01 8.77867937e-01 1.08269072e+00 1.95869184e+00
    1.24520063e-01 -6.35569096e-01 1.21916151e+00 1.82417893e+00
    -6.94748580e-01 3.20677578e-01 1.16487288e+00 -2.18849182e-01
    1.81066990e-01 1.13495541e+00 -4.44395155e-01 8.19349945e-01
    1.62983382e+00 -4.11530703e-01 -7.01427579e-01 4.01434958e-01
    1.56683493e+00 1.38162971e-02 8.61676872e-01 -7.41990864e-01
    1.10268593e-01 4.59585667e-01 6.85964823e-01 3.57902884e-01
    -8.27019811e-01 -3.51380527e-01 2.51194954e-01 9.94797230e-01
    5.10479569e-01 -1.40012205e-01 6.92421317e-01 -3.13644886e-01
    1.29958463e+00 -2.28949785e-02 1.42846560e+00 1.53542197e+00
    -9.94231880e-01 -9.44941282e-01 1.63111854e+00 -8.84693861e-03
    8.14493179e-01 1.31494772e+00 5.54293871e-01 1.63385999e+00
    2.49870002e-01 -1.69387281e-01 8.60727429e-02 1.80183148e+00
    -1.78656280e-01 -2.29376078e-01 -3.45484555e-01 5.55632889e-01
    6.69038296e-03 -9.22900856e-01 -5.46258330e-01 1.13666379e+00
    -5.64481139e-01 1.54304457e+00 -3.55803728e-01 1.89402556e+00
    -6.78538501e-01 -2.10945308e-01 -6.58586919e-01 -6.33838534e-01
    6.55581355e-01 6.04606628e-01 -1.58841968e-01 -8.55087519e-01
    9.18805838e-01 1.35417497e+00 -9.80412960e-02 -8.01987290e-01
    8.14247131e-01 4.38095987e-01 1.20252848e-01 -7.30827212e-01
    -9.29190755e-01 -8.81755471e-01 1.28276753e+00 4.12772536e-01
    6.32661760e-01 1.25874031e+00 7.55066633e-01 8.49251032e-01
    1.44825339e+00 -8.44380558e-01 -5.25745451e-01 9.28712308e-01
    1.20475078e+00 1.29717743e+00 1.21935534e+00 5.37301540e-01
    3.40088606e-01 8.38028789e-02 1.61588788e+00 6.91484094e-01
    -6.30206466e-02 1.52584422e+00 1.28634441e+00 -5.20654321e-02
    1.10871804e+00 7.02863932e-01 1.63591397e+00 1.32872236e+00
    1.02694535e+00 -8.73340070e-01 3.64581943e-01 8.90484393e-01
    2.74863243e-02 -4.90206808e-01 1.50520802e+00 1.69983995e+00
    5.37506759e-01 8.88984203e-01 6.95356548e-01 7.31210411e-01
    1.38448477e+00 -4.87812012e-01 4.85231698e-01 9.32711422e-01
    1.41168225e+00 -3.49054575e-01 1.25559378e+00 1.05147338e+00
    -1.98796988e-02 2.37751603e-02 -1.37961864e-01 -1.93267465e-02
    5.86600423e-01 1.24892330e+00 1.55147374e+00 1.06471157e+00
    -1.37598634e-01 -7.63360739e-01 1.86478806e+00 1.73611224e-01
    -4.38345850e-01 5.62095702e-01 1.63541341e+00 1.16512287e+00
    3.85899663e-01 1.27092242e+00 2.41263390e-01 1.24836493e+00
    -6.18065596e-02 1.27473140e+00 1.84188461e+00 4.34103727e-01
    3.97309840e-01 1.55366254e+00 1.80451512e+00 3.62535477e-01
    1.55680656e+00 1.66835785e+00 2.35383093e-01 1.57426190e+00
    7.73228884e-01 -2.85974205e-01 6.91657066e-01 1.26610696e+00
    -5.29604971e-01 1.93218255e+00 1.84096670e+00 1.36160994e+00
    1.74159980e+00 1.77063346e-02 -6.76636577e-01 1.63325930e+00
    3.73551786e-01 7.56143630e-01 1.67471004e+00 -8.02105427e-01
    1.49535191e+00 -2.94872522e-02 -4.87185538e-01 -1.03949606e-01
    -1.75138235e-01 1.10197520e+00 -6.76902652e-01 8.28326523e-01
    3.74863148e-01 3.07235599e-01 7.49562085e-01 1.05808640e+00
    1.05989885e+00 -7.41428137e-02 -2.56491899e-01 1.75701809e+00
    1.37124538e-01 -5.65700531e-01 -8.03943992e-01 1.80259311e+00
    4.62009788e-01 1.61695874e+00 4.84568417e-01 1.38439667e+00
    4.00959849e-01 1.89552355e+00 8.96021366e-01 1.14564860e+00
    -3.69247317e-01 1.72385645e+00 5.68962574e-01 -2.02336788e-01
    1.21504235e+00 -6.37888551e-01 1.67283452e+00 1.73939514e+00
    4.90194798e-01 -1.53989375e-01 1.92802620e+00 -6.41575158e-01
    1.36805451e+00 7.45305955e-01 -1.64500654e-01 1.74802899e-01
    1.13479459e+00 -4.82741058e-01 -3.68322134e-02 -5.55575132e-01
    4.02909935e-01 4.38729703e-01 1.14217639e-01 1.40620887e+00
    2.27327108e-01 -8.42667341e-01 2.55913913e-01 9.57928836e-01
    1.65227580e+00 1.17223084e+00 8.48921180e-01 -6.89144075e-01
    6.02895975e-01 1.44429767e+00 -9.96300578e-02 -8.38647842e-01
    9.27000105e-01 7.72868395e-01 1.09517217e+00 -9.00518954e-01
    1.93470740e+00 -1.84757292e-01 -7.71100521e-02 -3.16904008e-01
    5.30197144e-01 1.60112321e+00 7.52829432e-01 -6.76819921e-01
    1.38753295e+00 1.45180845e+00 9.65094686e-01 9.49115753e-01
    1.15656376e+00 -9.03880179e-01 -1.37651622e-01 5.15516818e-01
    9.23167646e-01 -5.61996937e-01 1.31112790e+00 3.58390450e-01
    -3.45393538e-01 7.94178009e-01 1.89358497e+00 3.08795989e-01
    -3.87031794e-01 -4.37636912e-01 5.04496217e-01 -4.30726111e-01
    3.98164511e-01 -3.38963449e-01 1.68968093e+00 1.55312181e-01
    -8.38264167e-01 -3.90757561e-01 4.86534834e-03 8.00660253e-01
    1.51195776e+00 1.08660197e+00 -7.16831088e-02 8.17329526e-01
    -2.24917769e-01 1.35565615e+00 1.51675987e+00 7.91594982e-02
    9.38173771e-01 -4.67341006e-01 6.17923737e-01 -1.26493752e-01
    9.11084056e-01 3.65509331e-01 -4.28655088e-01 1.55443609e+00
    -6.81809664e-01 1.54237008e+00 -4.08419192e-01 1.73499632e+00
    9.18485880e-01 7.06002116e-01 1.44063878e+00 -1.44063830e-01
    1.32069027e+00 -8.77908111e-01 1.79307687e+00 1.73780036e+00
    2.69397497e-01 -6.60746574e-01 1.87932491e+00 -4.72776592e-01
    1.46030426e-01 1.91080618e+00 7.45184541e-01 4.24246430e-01
    3.25682223e-01 2.03778028e-01 -4.98271644e-01 -2.52633810e-01
    3.22314262e-01 1.57135785e+00 6.42969012e-01 1.42540514e+00
    1.17778289e+00 5.65601349e-01 1.64885938e-01 -3.04376900e-01
    4.88106966e-01 1.08843589e+00 9.67706442e-02 1.69539261e+00
    -7.76368678e-01 4.43236351e-01 -8.45354378e-01 4.94329691e-01
    1.73480356e+00 2.77575672e-01 7.80812144e-01 3.19291353e-02
    5.65807819e-02 9.99989867e-01 -2.21914709e-01 -1.03942871e-01
    2.26673484e-01 9.12444174e-01 1.98021007e+00 1.04887021e+00
    4.02733564e-01 4.96869624e-01 -3.60073328e-01 -5.27823091e-01
    4.04480755e-01 1.13711715e-01 -8.64910424e-01 -7.94856608e-01
    1.12931919e+00 7.11367607e-01 -5.97553968e-01 -2.04679310e-01
    1.74666083e+00 1.17365789e+00 6.82617128e-01 1.21480644e+00
    1.82012117e+00 3.45506191e-01 1.55627310e+00 1.82412100e+00
    -5.15222669e-01 -6.80628777e-01 2.88812995e-01 9.31620359e-01
    9.50229466e-01 1.14009035e+00 -5.36564350e-01 -6.81908786e-01
    4.40444171e-01 -2.55609930e-01 9.15469706e-01 1.05177331e+00
    -6.55006111e-01 -7.14764297e-01 -6.85634017e-02 1.76492691e+00
    1.24349070e+00 -5.87110639e-01 3.77734900e-02 3.80431414e-02
    1.83174443e+00 1.98103786e+00 1.42323995e+00 -5.04398286e-01
    -3.87364149e-01 1.34994149e-01 7.87801802e-01 8.70568156e-01
    2.02776861e+00 -8.24457407e-01 4.35368240e-01 -2.74099886e-01
    -1.76024973e-01 -4.08856004e-01 -6.89800978e-02 9.69930887e-02
    -3.73702228e-01 3.02821517e-01 1.37761402e+00 -2.31690705e-01
    7.71937966e-02 -7.04435527e-01 7.02428281e-01 1.97233462e+00
    7.35728383e-01 -6.49492025e-01 1.28955770e+00 -6.62821412e-01
    -1.27528369e-01 2.58744597e-01 9.79117990e-01 1.89065528e+00
    -5.56743979e-01 1.90468943e+00 1.52286518e+00 4.61168289e-02
    1.67283058e-01 9.53199446e-01 3.16421151e-01 1.26260710e+00
    -2.01595008e-01 5.63739538e-01 -9.84048247e-01 -1.82229161e-01
    -5.69710016e-01 8.59872103e-01 2.07307220e-01 1.47255731e+00
    4.68563378e-01 1.22925282e+00 -8.70817721e-01 1.69030356e+00
    7.88468719e-01 3.22881937e-01 1.27925575e-01 -7.88002729e-01
    9.12433982e-01 -8.60414624e-01 1.72619343e-01 1.87789190e+00
    -5.20371675e-01 1.61268842e+00 -4.26889062e-02 1.81058216e+00
    5.18238187e-01 1.30700171e+00 -6.02581501e-01 2.84303188e-01
    1.43236828e+00 -3.20679903e-01 -9.40264642e-01 2.26352692e-01
    1.58746517e+00 1.49599135e-01 9.05283988e-01 9.03944731e-01
    1.49660063e+00 -8.44300389e-01 2.65079975e-01 -4.22237694e-01
    1.60319805e+00 1.00518227e-01 6.40412331e-01 4.12991583e-01
    -1.38502002e-01 -3.30878317e-01 1.11241162e+00 1.62309074e+00
    4.40198362e-01 5.55439651e-01 4.36918139e-02 1.75000906e+00
    1.23181796e+00 7.67116666e-01 5.71067750e-01 -6.18697405e-02
    5.55492759e-01 4.24836934e-01 -6.10594153e-01 5.90633929e-01
    -7.41826057e-01 1.69158292e+00 -4.59213316e-01 7.34628677e-01
    3.47780585e-01 -3.70389342e-01 1.53074288e+00 4.75432217e-01
    -9.14180875e-01 1.79942441e+00 3.55865836e-01 -2.23980248e-01
    -8.17210495e-01 1.14425850e+00 1.33076859e+00 1.31729007e-01
    5.57199121e-01 1.61845493e+00 1.60770679e+00 -3.86608064e-01
    -4.95930135e-01 9.91731405e-01 1.19569314e+00 5.75990081e-01
    1.28102028e+00 7.16336846e-01 1.97170866e+00 -6.94535494e-01
    7.93801367e-01 1.24229300e+00 -5.99480033e-01 -7.34284997e-01
    1.48706031e+00 1.09025800e+00 -2.12803960e-01 1.72452378e+00
    7.03178525e-01 9.07665670e-01 -5.29512167e-01 -3.26365829e-02
    1.24851060e+00 1.60145235e+00 1.44184852e+00 -7.51813829e-01
    4.50902104e-01 1.58617878e+00 -1.70556307e-01 1.37836480e+00
    -1.61561191e-01 7.32556462e-01 1.34199452e+00 1.31355309e+00
    -8.54974210e-01 -6.89664543e-01 1.53306961e+00 1.82236779e+00
    -4.38331246e-01 -7.36614108e-01 1.84147859e+00 -2.91974366e-01
    9.20044065e-01 1.71282005e+00 1.36072063e+00 1.38239956e+00
    -1.12674236e-02 1.89952374e+00 9.76846933e-01 -2.75475621e-01
    -6.92329645e-01 1.72144794e+00 1.95313811e-01 3.70160937e-02
    1.72299457e+00 4.52618420e-01 1.59703529e+00 9.44243550e-01
    -7.56614506e-01 -6.71493649e-01 1.87218416e+00 1.74783957e+00
    1.54886031e+00 1.87727833e+00 1.49310780e+00 6.92084551e-01
    2.25794733e-01 5.07415235e-01 4.48216319e-01 1.57871878e+00
    -3.41662169e-02 1.69875062e+00 1.25465631e-01 -2.20100462e-01
    1.63374269e+00 9.68292713e-01 1.28351998e+00 1.32915223e+00
    1.47466946e+00 2.62256861e-02 -8.50948691e-01 1.39378119e+00
    1.92618930e+00 7.35566020e-01 8.69636714e-01 7.76332378e-01
    -3.62149179e-01 1.89630389e+00 4.45387602e-01 1.27081048e+00
    1.20703435e+00 -6.41791701e-01 -2.54611611e-01 3.33871365e-01
    -3.80552828e-01 1.89547396e+00 4.71436381e-01 -5.39910793e-02
    1.41060448e+00 -8.90828729e-01 -6.68726206e-01 5.18801272e-01
    1.18258321e+00 1.72271550e+00 1.11586273e+00 3.42372656e-02
    9.73736167e-01 -8.31089675e-01 -7.13293731e-01 1.78201509e+00
    2.78661132e-01 8.91847670e-01 9.12059188e-01 4.83469367e-01
    2.91613400e-01 -8.44544888e-01 -7.80316710e-01 -3.88058662e-01
    -3.61099243e-02 -2.47040391e-01 -8.22111249e-01 3.55327249e-01
    1.67512250e+00 -6.76196218e-01 1.42670417e+00 3.61203969e-01
    4.93696809e-01 5.23005426e-01 -1.74899399e-01 -1.81954503e-01
    -8.35521340e-01 6.29129827e-01 -5.13766408e-01 1.60943258e+00
    1.78778052e+00 5.62912643e-01 -9.62650180e-01 6.19550169e-01
    -1.42641366e-01 9.50974703e-01 8.04236293e-01 1.85780454e+00
    6.71992898e-02 -7.09435463e-01 5.12655377e-02 9.44893420e-01
    1.06595302e+00 -3.67698073e-02 -2.71018684e-01 -2.41928279e-01
    -8.16181183e-01 1.19992518e+00 -7.15254009e-01 3.91356111e-01
    6.77236497e-01 1.79094601e+00 8.12688112e-01 1.19906402e+00
    9.21571732e-01 -1.53083086e-01 8.08184803e-01 1.46440244e+00
    1.20223820e-01 -4.76591557e-01 1.30933833e+00 2.21674323e-01
    4.80864048e-01 -9.33316350e-02 1.95479393e-01 8.94404054e-01
    -9.38761234e-02 1.98485732e+00 4.80278134e-01 5.11843681e-01
    -3.44973087e-01 -5.97550392e-01 5.90132296e-01 3.91170382e-02
    1.71491909e+00 1.66518903e+00 8.61558199e-01 1.35699463e+00
    1.16495109e+00 1.83408940e+00 -5.32557964e-02 4.95268166e-01
    -8.13671470e-01 -3.01100254e-01 9.16906595e-02 9.25686896e-01
    1.92882538e-01 6.74972117e-01 -6.44786000e-01 7.67703593e-01
    2.98820972e-01 -3.69813323e-01 2.31365800e-01 1.94178641e-01
    1.92838335e+00 1.12054765e-01 4.06100988e-01 9.89963055e-01
    -5.15397608e-01 -4.08291996e-01 -4.35782909e-01 8.20853472e-01
    3.73992682e-01 -3.31681907e-01 -4.02891695e-01 1.93595886e-02
    -8.32378983e-01 1.38817334e+00 1.92421150e+00 5.37231326e-01
    1.77449036e+00 1.22637296e+00 -8.50114942e-01 3.45397234e-01
    8.05337727e-01 1.90961909e+00 2.20605195e-01 -4.22643602e-01
    1.04190826e+00 -7.33715892e-02 1.70477831e+00 -2.89954305e-01
    4.69565392e-03 2.69985497e-01 -5.88740706e-01 6.44272327e-01
    4.63381290e-01 1.27832842e+00 -8.20454359e-02 1.91035759e+00
    -4.88745004e-01 -8.96067500e-01 -4.54085797e-01 1.78278065e+00
    9.01830912e-01 1.10520434e+00 3.33640575e-01 -8.31995428e-01
    -2.90673375e-02 1.29868531e+00 1.93188429e+00 -4.68858093e-01
    -2.25834787e-01 -6.77195191e-01 4.52708304e-01 -8.46410215e-01
    4.49582160e-01 1.70414805e+00 1.02547193e+00 1.31923318e+00
    -1.54261410e-01 9.93755579e-01 1.28227770e+00 1.00791359e+00
    1.41627347e+00 -6.79259360e-01 1.18917346e-01 -5.64517021e-01
    1.25236320e+00 -9.37540710e-01 1.23871756e+00 1.43454576e+00
    -9.09614563e-02 2.95861125e-01 7.74564385e-01 8.13630641e-01
    1.89963579e+00 1.43755436e+00 1.04287088e+00 1.96878195e-01
    -1.76833272e-01 -5.42449951e-03 3.27497125e-01 -1.03068292e-01
    6.51546717e-02 -6.14214957e-01 6.89211726e-01 1.40146041e+00
    -3.91277611e-01 1.07477713e+00 -7.36839771e-01 1.50173688e+00
    1.84107757e+00 1.70773768e+00 -5.41023612e-01 1.34536409e+00
    1.69297624e+00 3.77190411e-01 9.24002409e-01 -2.70189941e-01
    9.00284052e-02 6.37813926e-01 9.08631086e-02 1.36307514e+00
    2.68914878e-01 5.07859707e-01 -1.07414126e-01 -3.79581511e-01
    -7.58645475e-01 1.59634042e+00 -7.70612359e-02 1.77814984e+00
    -7.98971117e-01 4.61286008e-01 1.50376141e-01 1.48860455e-01
    -4.69008088e-01 8.24559927e-01 1.23236632e+00 1.58535862e+00
    9.97149050e-01 1.76254833e+00 1.22924507e+00 1.58504784e+00
    1.02015972e+00 -5.40186882e-01 -8.37776482e-01 -9.35309768e-01
    1.23730123e+00 1.56783462e+00 1.08066893e+00 1.90975618e+00
    1.04542875e+00 1.31166506e+00 -6.74550176e-01 1.66971505e+00
    1.81959939e+00 1.24910975e+00 1.53173053e+00 1.20822108e+00
    3.79414797e-01 5.28256774e-01 1.35745287e-01 -1.27780974e-01
    -7.54494786e-01 -6.76885605e-01 7.32607782e-01 9.47813213e-01
    -7.57922173e-01 -4.85661805e-01 1.14598823e+00 1.90644562e-01
    1.10939419e+00 -9.09499526e-01 1.85062742e+00 1.37821960e+00
    6.15211010e-01 1.23130131e+00 -5.97386718e-01 -2.11417735e-01
    -2.86935627e-01 -7.97307968e-01 -3.70022476e-01 -6.72702193e-01
    7.93851495e-01 1.66243505e+00 7.44479895e-02 6.85343146e-01
    -4.87532675e-01 2.89732218e-03 9.83646512e-02 7.62784481e-03
    1.70699418e+00 1.47272646e+00 -9.21918154e-02 8.06423903e-01
    1.36466336e+00 6.02016091e-01 8.01601946e-01 1.67023683e+00
    -8.54205072e-01 -4.65250552e-01 -2.63745189e-01 1.72984028e+00
    1.42023587e+00 1.54279375e+00 -6.88065410e-01 1.94407749e+00
    -8.36391211e-01 6.79207444e-02 -8.40150595e-01 9.54495192e-01
    1.64170420e+00 1.34975481e+00 -6.83395982e-01 -5.87045193e-01
    -7.26759434e-04 -3.69491339e-01 -7.45568693e-01 1.24729562e+00
    -7.91406751e-01 4.86530125e-01 -2.84743011e-01 1.46000350e+00
    -5.09347320e-01 5.48951268e-01 -5.80185294e-01 1.46243072e+00
    1.49973321e+00 1.45185113e+00 2.25139916e-01 1.25125515e+00
    1.59343827e+00 1.44559741e+00 1.12254107e+00 6.55084312e-01
    1.65951824e+00 -4.17204320e-01 1.43307853e+00 8.03426862e-01
    1.01875246e+00 7.61791229e-01 -9.61414635e-01 4.03899193e-01
    -7.44320989e-01 8.38711679e-01 1.83379149e+00 1.90908313e+00
    9.92060781e-01 7.45235443e-01 -1.12205803e-01 6.37583673e-01
    1.83758307e+00 -8.36667836e-01 -5.67096651e-01 1.66015470e+00
    -8.50345612e-01 1.83053470e+00 -9.02662992e-01 -1.15545988e-01
    -5.61856031e-01 1.72770560e+00 -2.61367559e-02 1.31646705e+00
    1.48719549e-02 -3.34546387e-01 1.45302069e+00 1.68218529e+00
    -7.40567803e-01 6.00561202e-01 -1.78460419e-01 1.02748346e+00
    7.52277017e-01 4.53424692e-01 6.73644185e-01 7.88890839e-01
    1.98686171e+00 1.61890006e+00 1.95622373e+00 -7.90744066e-01
    1.15889812e+00 -4.75617707e-01 -3.43046904e-01 -8.14292133e-01
    8.91655087e-01 1.17195535e+00 1.51018572e+00 -1.71036720e-02
    9.80877042e-01 1.47240913e+00 6.39381528e-01 1.38241565e+00
    1.69557059e+00 1.70172632e-01 1.94147849e+00 -5.66013455e-01
    -7.62495279e-01 1.92893887e+00 8.28203857e-01 2.90745914e-01
    1.21441483e+00 9.70840454e-02 1.25187695e-01 1.32279515e+00
    1.81639671e-01 4.25215900e-01 8.37279856e-01 5.17815650e-01
    -6.56060159e-01 1.08107865e-01 -3.55417013e-01 9.23689604e-01
    -3.10047805e-01 1.07945669e+00 -8.21153462e-01 -6.32455349e-02
    -8.09133649e-02 1.44762135e+00 5.41189671e-01 1.18105471e+00
    -1.55491829e-01 4.73320663e-01 -8.68389010e-02 1.41234255e+00
    9.10999775e-01 1.43738937e+00 1.96120524e+00 4.76449728e-03
    2.21033275e-01 -7.61954546e-01 2.27386594e-01 8.24526072e-01
    1.49357057e+00 1.88092387e+00 3.64696145e-01 9.63443518e-02
    1.53155649e+00 1.92080021e-01 1.94118619e-01 6.53783202e-01
    7.29632735e-01 1.21796966e+00 1.11073446e+00 1.42405486e+00
    9.87276673e-01 1.22050405e+00 -9.09894705e-01 1.74193311e+00
    5.72099149e-01 -6.84129179e-01 -4.85720158e-01 1.90119648e+00
    1.86982846e+00 1.50552750e+00 1.48936677e+00 1.07405221e+00
    1.14751863e+00 1.13147795e-01 7.42958307e-01 1.87814260e+00
    1.00553465e+00 -7.25914717e-01 1.59294951e+00 -4.81208175e-01
    8.55623186e-01 9.55512583e-01 1.13291693e+00 1.51220632e+00
    -3.01136136e-01 4.81035709e-01 8.03633451e-01 -2.99605787e-01
    8.97044182e-01 1.25426984e+00 1.79300332e+00 1.64836979e+00
    1.60564721e-01 1.68846202e+00 -3.09059322e-01 -8.11546922e-01
    9.22615528e-02 7.18009353e-01 4.08016682e-01 1.37396097e-01
    3.31166923e-01 7.94323683e-01 9.51446295e-02 4.06950831e-01
    -5.80303431e-01 1.25530291e+00 -8.58775020e-01 6.00002348e-01
    -6.09662533e-01 -5.92461824e-02 -3.20381939e-01 4.71396148e-01
    -5.44235885e-01 1.21195030e+00 1.08292484e+00 1.90077448e+00
    -3.34041655e-01 -2.72574902e-01 6.37086630e-01 1.40365267e+00
    3.28140795e-01 9.25548375e-01 -4.25830305e-01 -2.02006936e-01
    -3.21738780e-01 1.31987953e+00 -4.63081598e-01 -1.72427714e-01
    -1.82212532e-01 3.84826303e-01 1.38807178e+00 -8.30630064e-02
    -9.25082803e-01 2.65498996e-01 -4.25702453e-01 1.84332609e+00
    1.89054680e+00 1.92989028e+00 8.66190732e-01 1.37831330e+00
    1.73281002e+00 5.49674690e-01 -7.62841284e-01 5.73163509e-01
    1.68966341e+00 1.18093002e+00 7.29062557e-01 1.29311585e+00
    5.93955398e-01 2.84807026e-01 5.89307666e-01 5.98654270e-01
    1.68984056e-01 1.95665669e+00 1.38477600e+00 1.98417103e+00
    3.22798789e-01 1.35363555e+00 1.54478431e+00 -2.28738785e-02
    1.78073955e+00 3.03347111e-01 1.83052778e+00 -4.25689638e-01
    -1.44412816e-01 -3.02416682e-02 1.61850452e-02 1.12434268e+00
    1.43532741e+00 7.94662178e-01 1.53757429e+00 6.53518438e-01
    4.71775830e-01 -2.99008429e-01 -9.96863842e-03 1.28200293e-01
    -5.92393935e-01 7.94466615e-01 -4.76445794e-01 1.56543136e+00
    -1.08748555e-01 1.77869058e+00 1.08268774e+00 3.05706799e-01
    4.35135365e-02 3.51460218e-01 9.62477267e-01 1.72336352e+00
    -4.58565861e-01 -5.26356339e-01 1.75433385e+00 1.84659028e+00
    -7.72694051e-01 1.46236134e+00 7.72352815e-01 9.53867137e-01
    1.36854804e+00 -7.06684351e-01 -3.73130322e-01 1.04842317e+00
    -7.73686826e-01 8.10653269e-01 2.05351233e-01 -4.85272586e-01
    7.95260787e-01 7.43119955e-01 3.06636095e-03 -7.42664397e-01
    8.17375302e-01 7.81579852e-01 5.74520469e-01 4.52877998e-01
    5.17698884e-01 -7.68986344e-01 -5.94246149e-01 -5.91984987e-01
    1.43102181e+00 1.74360549e+00 -4.82780755e-01 -2.34133482e-01
    -3.05354714e-01 7.78841972e-01 1.82909191e-01 8.23104382e-03
    1.39474988e+00 -2.30506480e-01 9.38210964e-01 -6.83986664e-01
    -7.76024938e-01 -1.78474069e-01 -9.45211351e-01 1.30252087e+00
    1.33441329e-01 8.79478693e-01 1.72812271e+00 9.16679978e-01
    -1.06184959e-01 8.44067931e-01 1.22598743e+00 1.52980638e+00
    1.42144382e-01 -4.63662386e-01 1.57991469e-01 7.53647685e-01
    -7.40032911e-01 1.73883438e+00 1.53479981e+00 -6.62364483e-01
    1.99866414e+00 9.99444366e-01 1.79344630e+00 -8.13155055e-01
    4.78110671e-01 1.05518806e+00 1.49354744e+00 1.92378533e+00
    -4.58216876e-01 -1.69158697e-01 -6.17774129e-01 1.43780828e+00
    2.59581923e-01 -5.53303182e-01 1.70902514e+00 1.38715577e+00
    -8.69278371e-01 -6.70777678e-01 4.61075485e-01 6.48478448e-01
    6.40112698e-01 -4.88356352e-01 6.75797462e-03 1.79092193e+00
    1.14950407e+00 1.89574659e+00 5.97573757e-01 8.45115185e-01
    -1.61957026e-01 6.81253016e-01 8.12245965e-01 8.13910961e-02
    1.88937128e-01 1.88588607e+00 1.85930181e+00 8.54852378e-01
    -5.98176003e-01 1.60586846e+00 7.48111129e-01 6.32498503e-01
    -3.45832109e-01 1.30774379e+00 -6.54792726e-01 2.01225114e+00
    1.95576215e+00 -2.74397850e-01 -1.05822206e-01 1.68030369e+00
    -1.57936752e-01 1.77394819e+00 -7.79246688e-02 2.84564257e-01
    -2.07972944e-01 -6.25062287e-01 1.50862861e+00 1.97244167e+00
    7.48799801e-01 -3.93028498e-01 1.80330849e+00 -6.11195207e-01
    5.86519957e-01 3.64945173e-01 8.52058530e-01 1.08700895e+00
    4.22151804e-01 -9.39372182e-01 1.25327206e+00 2.93583274e-01
    1.41676664e+00 -6.15595639e-01 -5.88717461e-02 -6.98170066e-01
    1.20191634e+00 9.11193490e-01 1.36542201e-01 -8.89691591e-01
    -6.91221654e-01 5.37529767e-01 -5.92251241e-01 1.47637033e+00
    2.85789013e-01 1.69288993e+00 -4.80801612e-01 -1.03919804e-01
    1.14268947e+00 -2.44353056e-01 -6.47532105e-01 1.28248131e+00
    4.29422855e-02 6.28034353e-01 1.09869075e+00 -6.98097289e-01
    -5.90849280e-01 -2.09628761e-01 1.78629136e+00 2.63706684e-01
    1.04491305e+00 -7.57740021e-01 -8.22617412e-01 6.56252086e-01
    -1.09753549e-01 1.82400644e+00 9.10688639e-02 -1.01632094e+00
    -3.97421598e-01 -6.60790086e-01 -4.11869287e-02 1.36890423e+00
    1.12192380e+00 -8.61150026e-03 8.20375502e-01 -4.36484963e-01
    -8.17645490e-01 1.63540161e+00 5.93530774e-01 1.84119868e+00
    2.92427182e-01 -5.95775604e-01 4.24178123e-01 1.10798621e+00
    6.58982337e-01 -9.62083161e-01 -2.09931850e-01 7.63822675e-01
    1.39637172e+00 6.43083453e-01 -3.03089142e-01 6.45727038e-01
    6.26016140e-01 5.19538343e-01 1.87646461e+00 3.66767645e-01
    7.66796768e-01 2.55191326e-01 8.97562504e-01 1.35753334e+00
    5.93504667e-01 -3.60501230e-01 -5.08248806e-03 1.21200657e+00
    -3.63614738e-01 9.17235851e-01 5.10008752e-01 1.08338213e+00
    6.87834501e-01 1.94671917e+00 6.20800078e-01 7.93607891e-01
    1.34893632e+00 4.32747126e-01 9.22582984e-01 4.65381980e-01
    1.29194880e+00 -5.91960013e-01 -3.15662205e-01 -6.98781013e-03
    -1.37858868e-01 -8.76455784e-01 1.33259916e+00 1.20473623e+00
    1.77996898e+00 -2.72628546e-01 -5.96821547e-01 -2.16287076e-01
    3.48758101e-02 -7.82608986e-05 3.67922306e-01 8.53233457e-01
    -3.62696052e-02 1.02960515e+00 3.67189586e-01 -2.03741968e-01
    -8.32090259e-01 -9.48643565e-01 1.40418339e+00 1.20922899e+00
    1.11298561e+00 -7.14002788e-01 1.76678443e+00 6.81552470e-01
    2.34398544e-01 4.51118469e-01 1.10970855e+00 9.13031220e-01
    1.16611958e+00 3.55392098e-02 1.96891522e+00 1.59835792e+00
    7.06647754e-01 -8.79521608e-01 1.02106810e+00 5.69427431e-01
    8.40241909e-01 -2.67313957e-01 1.89494848e+00 -7.80566096e-01
    5.39870739e-01 1.17222786e+00 -3.48013103e-01 7.25384116e-01
    -1.26980960e-01 -2.34173357e-01 7.98172295e-01 1.36986840e+00
    1.02997971e+00 -2.47826099e-01 7.50908077e-01 -8.58809710e-01
    4.85066175e-02 6.44268632e-01 -6.86545968e-01 -6.34709239e-01
    8.04790795e-01 2.85807192e-01 -8.53527904e-01 2.98114777e-01
    -4.33966815e-01 1.32273793e-01 1.13176608e+00 1.48414493e+00
    -1.06002009e+00 1.74104524e+00 6.25547767e-01 -2.00583518e-01
    2.20388591e-01 1.74426317e+00 2.15498924e-01 -6.61420643e-01
    3.93957913e-01 6.90089047e-01 1.18272758e+00 1.66890740e-01
    3.81806195e-01 -6.95438981e-01 1.55804491e+00 1.62325132e+00
    1.14650309e+00 1.27936935e+00 -9.03472364e-01 -2.23138809e-01
    1.64987135e+00 1.89198995e+00 -2.95849025e-01 1.02385604e+00
    -3.90875816e-01 1.48675919e-01 -4.73382056e-01 2.43553638e-01
    1.99428141e-01 8.87975872e-01 1.84354830e+00 -4.07384515e-01
    -6.17499709e-01 1.08888054e+00 9.68831837e-01 3.40493441e-01
    -3.19111049e-01 3.57476830e-01 1.63532984e+00 1.81934476e+00
    -6.65233135e-02 3.38949502e-01 1.23224354e+00 1.82228851e+00
    -1.02844357e-01 1.00776958e+00 1.64464235e+00 6.05852962e-01
    1.73866963e+00 -9.98136401e-02 9.54694808e-01 1.78739524e+00
    5.97825646e-01 -3.95201266e-01 -9.23688769e-01 -6.81819260e-01
    5.92478633e-01 -8.40698242e-01 1.46622837e+00 -8.66003096e-01
    8.78207088e-01 6.31393135e-01 -7.62572050e-01 9.90413785e-01
    -3.06124270e-01 -7.76546836e-01 -7.81593919e-01 1.05093670e+00
    8.59130085e-01 3.53799343e-01 1.02001977e+00 1.40710449e+00
    4.24573064e-01 8.71121466e-01 1.37418091e+00 7.29769409e-01
    7.68041670e-01 -6.18581474e-01 1.92613578e+00 5.47355890e-01
    1.12373805e+00 -5.92166185e-03 -4.58003342e-01 -1.36883378e-01
    9.84836042e-01 1.62435710e+00 8.45936477e-01 1.66425896e+00
    5.11342347e-01 -4.62802708e-01 5.69688559e-01 -6.77126229e-01
    -7.17049837e-01 8.47427905e-01 1.63722444e+00 -3.53323340e-01
    6.03571296e-01 -6.62893653e-01 1.14429283e+00 6.22150779e-01
    1.46833169e+00 1.16536570e+00 5.15799761e-01 -8.02548230e-01
    -1.37728333e-01 6.31221354e-01 3.32620740e-01 2.93921232e-02
    1.05043268e+00 1.39559865e+00 3.43020380e-01 -4.78146881e-01
    1.85394895e+00 1.43640137e+00 9.17041302e-03 1.31584287e+00
    1.62404633e+00 -2.46255398e-02 9.74319458e-01 3.96304429e-01
    -5.24622560e-01 1.75332010e+00 1.29803479e-01 -9.38629329e-01
    6.68464482e-01 -4.32043135e-01 -1.61653996e-01 -7.62250423e-02
    1.55849838e+00 1.45889163e-01 -2.77974069e-01 -4.62340146e-01
    -6.36241496e-01 -2.21794009e-01 1.00990367e+00 -4.73161936e-02
    1.71175003e+00 1.50770855e+00 1.86000597e+00 1.46963346e+00
    1.29857767e+00 -9.00856555e-01 1.20571125e+00 -4.15026546e-02
    1.38751864e+00 1.64756060e+00 7.13891923e-01 8.58303368e-01
    1.33975434e+00 -2.73244321e-01 -8.25216472e-01 -3.81433159e-01
    1.65017879e+00 -6.65379763e-01 -1.22037768e-01 3.89372528e-01
    -2.89196849e-01 1.61836851e+00 1.87967956e+00 -7.20035911e-01
    6.80450797e-01 -6.05553031e-01 -6.77410007e-01 6.10806286e-01
    -4.52249229e-01 -5.91311455e-01 -8.25377464e-01 -4.19913113e-01
    1.01342726e+00 -2.27721035e-01 1.77347004e+00 1.02754712e+00
    -5.55970073e-01 1.38863933e+00 -4.37396109e-01 8.17558765e-02
    -7.77263522e-01 5.09892941e-01 -8.89376521e-01 1.35758257e+00
    -4.40255165e-01 9.24682736e-01 6.63081110e-01 -4.30537105e-01
    7.42046237e-02 5.71109474e-01 -3.69279265e-01 -6.58774853e-01
    -4.76937443e-01 1.32586432e+00 3.70778918e-01 6.58912420e-01
    5.16869545e-01 1.57473469e+00 1.51675344e-01 -1.24990642e-01
    1.40063763e+00 7.90975690e-01 2.15560913e-01 -6.28131390e-01
    1.40951657e+00 1.17662907e+00 8.31887722e-02 -5.10355830e-01
    7.20386446e-01 1.35558534e+00 1.57233191e+00 7.91436851e-01
    9.66660261e-01 1.07029724e+00 -5.61192393e-01 -3.19479525e-01
    -7.68514812e-01 -3.29241037e-01 1.45314610e+00 -4.34258580e-01
    -6.64283872e-01 1.18847334e+00 -4.56482381e-01 1.23142362e+00
    9.15170312e-02 1.69549131e+00 5.67991972e-01 -3.47137451e-01
    -2.33652949e-01 -1.57008111e-01 -5.65102816e-01 5.57087958e-01
    1.40192699e+00 5.84143639e-01 1.71245623e+00 9.56434965e-01
    1.83328748e+00 1.12905097e+00 8.80822659e-01 1.69214463e+00
    5.42722583e-01 1.43687654e+00 -6.57237709e-01 3.03356051e-01
    1.39219284e+00 8.71119916e-01 -4.06075716e-02 1.65075254e+00
    1.82366002e+00 1.20678282e+00 1.77409828e+00 8.51841569e-02
    -5.92048764e-02 -6.12075448e-01 1.12496448e+00 6.08984470e-01
    1.37731802e+00 1.60144150e+00 5.60105920e-01 1.22746074e+00
    7.58023262e-01 -8.32694888e-01 4.45528507e-01 1.43749392e+00
    -1.88591003e-01 1.33395672e+00 1.52782714e+00 6.45578563e-01
    -7.64409184e-01 -4.24360454e-01 -3.81892145e-01 6.52809739e-01
    2.94962525e-01 -9.92838144e-02 7.63448417e-01 -7.74641514e-01
    1.41761804e+00 -9.31356192e-01 7.36679077e-01 7.55301356e-01
    7.26995766e-01 9.54332352e-02 6.88294053e-01 1.23463738e+00
    -1.73324525e-01 1.39534712e-01 6.49091840e-01 -3.58880699e-01
    1.49720788e+00 1.40190196e+00 4.72711444e-01 6.42017722e-02
    -8.30187023e-01 1.70414662e+00 4.69746411e-01 1.56419921e+00
    -8.01685810e-01 -1.78690553e-01 3.41615379e-01 -3.04529309e-01
    -5.71737230e-01 4.14001822e-01 2.11869836e-01 1.16075242e+00
    -6.74888849e-01 6.31796598e-01 8.26244235e-01 -3.21509182e-01
    3.59954357e-01 3.48967075e-01 3.82691622e-03 9.62691784e-01
    -4.99855787e-01 1.34351254e+00 3.42833102e-01 2.69064844e-01
    -7.76422024e-03 2.83884823e-01 -4.72248852e-01 3.72989297e-01
    8.21236372e-01 6.04967594e-01 5.48686981e-01 1.21515083e+00
    1.40608954e+00 6.99439049e-02 2.00472665e+00 -6.42634511e-01
    -7.91403592e-01 1.94489419e-01 -7.95233250e-03 -3.81277025e-01
    1.66078925e-01 -6.08416438e-01 7.56054223e-01 -1.28395796e-01
    4.15225029e-01 1.69207525e+00 1.64728403e-01 -6.20448053e-01
    -4.65222061e-01 -4.58162010e-01 -9.92458701e-01 6.46901011e-01
    1.33096397e+00 4.05827105e-01 3.19227695e-01 -5.55044413e-02
    4.95552897e-01 9.43009615e-01 3.39398563e-01 -4.22590345e-01
    1.28036427e+00 -6.67128801e-01 1.07630944e+00 8.24249983e-02
    1.09863150e+00 1.47879171e+00 1.74692214e+00 9.24615502e-01
    -8.78313422e-01 -7.48044729e-01 7.54693985e-01 1.57085180e+00
    4.49658275e-01 -5.10489941e-02 1.00327325e+00 1.00714540e+00
    -2.96024978e-01 4.12911773e-01 1.63057029e-01 -7.34356999e-01
    -1.28106117e-01 1.17311001e+00 1.15764081e-01 1.34882975e+00
    1.41502762e+00 -3.67548287e-01 5.83668351e-01 1.28422928e+00
    6.62194490e-01 1.87940228e+00 1.93798375e+00 6.54929876e-02
    1.10503936e+00 3.61092627e-01 1.86373901e+00 1.37175155e+00
    2.69539058e-01 9.17744398e-01 1.60172200e+00 -8.72408867e-01
    -8.45614970e-01 2.11614251e-01 1.30255258e+00 6.30110085e-01
    -9.15296376e-01 9.98834491e-01 1.74776125e+00 1.17431045e+00
    1.75340021e+00 1.42755687e+00 -9.35617626e-01 1.10661280e+00
    3.05756390e-01 2.25717485e-01 -3.45195532e-02 -1.53059363e-01
    2.97762692e-01 4.11760211e-02 2.07352257e+00 9.72706914e-01
    1.08141816e+00 -3.02930057e-01 1.32366955e-01 7.35296369e-01
    8.93428922e-02 -6.21919394e-01 3.20097566e-01 -6.38093650e-01
    9.55339074e-02 1.09838796e+00 1.87055731e+00 -3.57954264e-01
    -1.21902227e-01 -1.96123719e-02 8.25327277e-01 -7.31884956e-01
    1.41472912e+00 1.51841784e+00 1.26323640e+00 4.48042631e-01
    -9.35245752e-01 1.90662742e+00 1.78916442e+00 9.64652538e-01
    -6.69386029e-01 1.49290264e+00 4.75353539e-01 1.47419786e+00
    1.27676594e+00 -2.10953236e-01 -8.42383206e-01 1.98776007e+00
    -5.37724376e-01 3.12756538e-01 -2.00235665e-01 4.22064304e-01
    1.65341210e+00 3.01314354e-01 1.37904322e+00 1.44804108e+00
    -9.30014253e-01 1.48841000e+00 1.25485849e+00 6.04202509e-01
    -4.46120024e-01 -3.67456913e-01 -3.56046379e-01 1.80767524e+00
    -7.71615922e-01 -7.68009961e-01 8.69904220e-01 -8.93934608e-01
    1.91233957e+00 1.45865178e+00 2.54930854e-01 -8.94586980e-01
    3.01967621e-01 1.81641102e-01 7.63445497e-01 7.81127751e-01
    -7.66937494e-01 1.97377586e+00 -9.03077722e-01 1.80238521e+00
    1.35105920e+00 1.66269541e+00 6.52061164e-01 -6.74085855e-01
    6.24122381e-01 1.87508500e+00 -4.35656846e-01 1.76690006e+00
    -1.30401492e-01 6.61846399e-02 9.03801322e-01 2.40193605e-02
    -2.65667021e-01 -4.61391509e-01 -6.74661875e-01 1.08646166e+00
    -7.57325888e-02 1.59608412e+00 1.11734569e+00 1.21671116e+00
    -9.07018125e-01 -8.07780266e-01 2.17929482e-01 -4.74266082e-01
    -3.84107113e-01 8.01339626e-01 1.91341400e+00 6.52344644e-01
    2.02565312e-01 1.81279969e+00 -6.32402778e-01 1.32517803e+00
    -5.20438135e-01 1.38881493e+00 1.15077686e+00 4.91499901e-02
    -8.73967528e-01 1.56901312e+00 1.01856542e+00 8.05943727e-01
    1.75730658e+00 1.32655501e+00 9.42938328e-01 1.03533983e+00
    -8.92940223e-01 4.72934723e-01 1.77897382e+00 1.78833222e+00
    1.08489048e+00 1.01474583e+00 1.21416044e+00 -1.38327897e-01
    3.28101516e-02 1.80267787e+00 2.55412459e-02 1.96196318e+00
    1.19895768e+00 7.48648167e-01 1.57975602e+00 -3.71430874e-01
    6.23290539e-01 1.27797484e+00 1.65453935e+00 1.70486391e+00
    1.15097427e+00 5.24217486e-01 8.34001005e-01 1.87322748e+00
    8.61318052e-01 3.06722522e-01 1.62856567e+00 7.48543024e-01
    1.61800981e-02 -6.89429760e-01 3.46699953e-01 7.28556395e-01
    -9.57912326e-01 8.24217796e-02 1.73543429e+00 1.00075436e+00
    1.51072407e+00 4.56190228e-01 1.49622488e+00 2.45750844e-01
    5.77876210e-01 5.36319673e-01 -6.99673057e-01 1.93343592e+00
    8.83832574e-02 -7.97927260e-01 7.72144198e-01 4.39561486e-01
    -7.12198615e-02 -2.50489891e-01 9.55701113e-01 8.18188131e-01
    1.90231442e+00 -2.32970119e-01 1.59917092e+00 -3.52752030e-01
    6.48320198e-01 1.76513720e+00 7.65414596e-01 -8.23406219e-01
    1.58344269e+00 -6.77741051e-01 1.40688300e+00 1.78578913e+00
    1.51006055e+00 1.99362838e+00 -6.12073600e-01 1.46822810e+00
    1.01531863e+00 5.57693720e-01 -4.06894147e-01 9.10737872e-01
    -8.45374286e-01 -1.49685621e-01 -6.22975290e-01 1.67582083e+00
    1.82037902e+00 1.58383846e+00 9.20360684e-01 4.00063396e-02
    3.66074443e-02 1.39285111e+00 -2.71832049e-01 1.94750237e+00
    -2.93895304e-01 -4.87512589e-01 1.32393408e+00 -1.42883360e-01
    -5.33172488e-02 1.22337174e+00 1.29955578e+00 3.34723592e-01
    -8.13148618e-02 -1.20173693e-01 -4.21233177e-01 1.43407094e+00
    -1.07819462e+00 -5.79642057e-01 1.45362961e+00 1.60779572e+00
    9.69874561e-01 8.76210451e-01 1.73556066e+00 2.07479179e-01
    -2.21397817e-01 3.98226678e-01 1.83303773e+00 -5.30352294e-01
    -1.65408075e-01 1.24977589e+00 -8.55333388e-01 3.92569482e-01
    1.70058870e+00 -8.50667596e-01 -8.87767076e-01 -5.26888847e-01
    -4.46675360e-01 3.26271534e-01 7.92033076e-01 1.35893106e+00
    9.95759726e-01 3.36940765e-01 1.38646543e-01 2.34452724e-01
    1.12348783e+00 -5.98290324e-01 6.96565509e-02 2.02756524e+00
    -9.88256931e-03 -5.15954494e-01 -8.89934897e-02 7.14144111e-02
    1.89312100e-02 1.47418809e+00 1.00348210e+00 1.39490414e+00
    1.74888313e+00 -1.04897022e-01 1.59465933e+00 1.82110286e+00
    -4.93717194e-02 1.31391573e+00 1.86563945e+00 -3.01132143e-01
    1.06361651e+00 6.60490990e-02 -3.35141420e-01 -5.93735814e-01
    1.26057124e+00 4.42228615e-01 -8.54431987e-02 2.50010788e-01
    -3.72193992e-01 1.09681189e-01 1.72106886e+00 1.70443225e+00
    2.66532063e-01 1.14902902e+00 1.27528763e+00 1.61366522e+00
    1.45578694e+00 -8.74116421e-02 1.15550208e+00 1.05676055e+00
    7.14457750e-01 5.51209211e-01 -4.45021063e-01 -7.02904344e-01
    9.27011788e-01 7.82139063e-01 1.69001675e+00 -9.58418965e-01
    2.60535657e-01 1.29401565e-01 1.89339769e+00 -8.68561149e-01
    -5.22356391e-01 -3.81042004e-01 -5.79436421e-01 9.41550136e-01
    2.40259826e-01 -8.47262383e-01 -6.55063689e-01 9.81521130e-01
    4.17982340e-02 1.24603415e+00 8.12167704e-01 1.03887248e+00
    6.46652579e-01 1.01999998e-01 1.47347081e+00 6.63255930e-01
    -5.13780713e-02 -8.80739272e-01 -5.24983287e-01 1.69594407e+00
    5.72192907e-01 -3.76104355e-01 -1.65078819e-01 1.30650020e+00
    1.16135454e+00 1.91661239e-01 8.33019435e-01 1.57338226e+00
    1.64113176e+00 -5.87418437e-01 1.05529976e+00 -3.65984440e-02
    8.45039368e-01 1.03279138e+00 3.87594461e-01 -6.38243377e-01
    -7.47996867e-01 -7.45423436e-02 6.33366942e-01 1.46006525e+00
    3.81911516e-01 1.51582360e+00 1.27426624e-01 1.24184442e+00
    -1.62460327e-01 2.75873899e-01 -6.14262819e-02 -1.39849603e-01
    1.05887830e-01 -3.71519864e-01 3.07263851e-01 1.23901296e+00
    -1.01910853e+00 -8.70700479e-02 -5.21468639e-01 4.93505299e-01
    1.37375832e-01 1.60712457e+00 7.40802884e-01 -5.02774358e-01
    6.90830171e-01 1.13068414e+00 1.05376875e+00 1.70568085e+00
    9.81950760e-01 1.58360481e-01 -8.27266634e-01 -3.13414335e-01
    5.62542021e-01 -8.34580243e-01 1.17498028e+00 1.12949109e+00
    9.28234577e-01 -1.01747906e+00 -8.46568823e-01 1.60945356e+00
    9.68479872e-01 1.25316119e+00 1.66958988e+00 4.61471438e-01
    -1.91510677e-01 2.40862608e-01 1.77324903e+00 -4.42557395e-01
    1.44454372e+00 -7.19277799e-01 1.41096342e+00 1.43927145e+00
    -1.61621511e-01 1.80415773e+00 -7.38310099e-01 -2.18769431e-01
    1.08944678e+00 1.14733374e+00 7.15476871e-02 1.17318213e+00
    1.73377502e+00 1.84966540e+00 -9.87866700e-01 1.79594398e+00
    -2.40322471e-01 2.89992571e-01 -1.90895796e-02 7.73282647e-01
    4.45242822e-01 -7.00521946e-01 2.12120831e-01 2.01387107e-01
    -7.51383066e-01 8.63818944e-01 1.53069103e+00 -2.78031826e-02
    -3.24355364e-02 2.14067936e-01 6.42561555e-01 -8.70663702e-01
    -7.51953006e-01 1.19960761e+00 1.15690613e+00 -7.56678939e-01
    -8.11226726e-01 7.02643037e-01 8.35349202e-01 -1.70390964e-01
    -7.11060643e-01 1.77160108e+00 9.45447981e-01 7.30041623e-01
    1.33203411e+00 -8.39878917e-01 -3.55394185e-01 9.55869138e-01
    -8.09002101e-01 6.35272801e-01 -5.21576405e-03 1.39221060e+00
    9.83770013e-01 9.97174025e-01 1.70152783e+00 5.86941242e-02
    3.97366822e-01 1.23801398e+00 -6.59341812e-02 -5.81573069e-01
    6.89410567e-02 -3.00989151e-02 -9.08088028e-01 1.46282840e+00
    -4.36086118e-01 1.03517067e+00 4.42661464e-01 -3.01496029e-01
    -8.98604691e-01 1.48191726e+00 1.62497044e+00 -1.00025654e-01
    1.47274089e+00 2.43288994e-01 -4.58633184e-01 -1.11289203e-01
    1.92210197e+00 2.63882458e-01 3.43288422e-01 3.38710308e-01
    -7.19350696e-01 1.34973693e+00 4.60938811e-02 -4.25781101e-01
    -7.01020658e-01 -8.59704614e-02 -6.18651271e-01 -2.49595523e-01
    7.63715625e-01 -7.04117239e-01 1.79275370e+00 6.56931639e-01
    1.19684005e+00 1.44006872e+00 -6.11078441e-01 -6.83775544e-02
    3.56507421e-01 -1.43836975e-01 -3.71344149e-01 -4.21707273e-01
    -2.89304197e-01 2.19222605e-01 9.63617742e-01 -7.32328951e-01
    7.99983203e-01 9.85759497e-02 -4.72334415e-01 1.18711829e+00
    -5.53494155e-01 -3.57755601e-01 3.95107031e-01 6.90149367e-01
    1.30818534e+00 1.12428713e+00 -5.58416903e-01 1.61537552e+00
    -6.62246227e-01 -7.94539392e-01 5.09679377e-01 6.48156524e-01
    -5.12341380e-01 7.98250556e-01 -6.92938685e-01 6.69845819e-01
    7.76654840e-01 -5.55421650e-01 -1.46453738e-01 -5.11052847e-01
    3.04234982e-01 -6.41010165e-01 1.90474200e+00 9.56184864e-02
    1.40675211e+00 -9.93788660e-01 5.19004464e-01 5.80768585e-02
    -5.95430374e-01 1.78412533e+00 -9.60003853e-01 -5.92508197e-01
    6.62840605e-01 2.47990847e-01 1.85570478e+00 -3.62036765e-01
    8.64971697e-01 1.40536749e+00 4.17111337e-01 7.26565540e-01
    1.27587736e+00 7.48543918e-01 -8.01193416e-01 -1.72967970e-01
    1.64549637e+00 1.80264854e+00 6.90901697e-01 -4.75072354e-01
    1.44790864e+00 -7.05384552e-01 -8.01500678e-01 4.89837587e-01
    6.85521066e-01 -1.97701097e-01 3.36751401e-01 8.28651845e-01
    1.15166688e+00 2.49808192e-01 9.60897624e-01 1.14732695e+00
    4.07733262e-01 -6.95343971e-01 1.01930428e+00 8.44927311e-01
    1.16917610e+00 -6.93841815e-01 -3.08824241e-01 -2.38538921e-01
    1.32324028e+00 1.19922996e-01 -3.49076658e-01 -4.00759846e-01
    -4.75834936e-01 -6.74996376e-01 1.35437667e-01 -5.43524623e-01
    -8.30623269e-01 1.39147091e+00 1.71660447e+00 -1.22111440e-02
    1.47421050e+00 -8.78441930e-01 -3.16300869e-01 8.74309003e-01
    2.20787048e-01 7.23319948e-01 -8.66987109e-02 8.99361372e-01
    1.36460328e+00 -7.98515141e-01 7.90194869e-02 1.25950265e+00
    -7.12553442e-01 1.63482213e+00 -8.59434664e-01 -8.42772961e-01
    1.50123096e+00 5.13720691e-01 7.05760777e-01 2.52591789e-01
    -3.90342414e-01 -7.37542391e-01 -1.49976194e-01 6.95933223e-01
    5.91962695e-01 -7.31927097e-01 8.16426098e-01 5.34526706e-01
    -7.98217297e-01 7.42048085e-01 -1.49087429e-01 1.41330910e+00
    2.00109673e+00 1.72985983e+00 1.87667799e+00 4.94740009e-01
    1.01105309e+00 3.02284360e-02 1.77242279e+00 4.15170312e-01
    4.01866019e-01 -4.78094161e-01 2.58393705e-01 3.65330040e-01
    1.23230624e+00 -1.30931377e-01 -9.34855998e-01 -3.91279459e-01
    3.87575507e-01 1.42817378e-01 1.02056098e+00 1.33147597e-01
    1.17068446e+00 1.03769457e+00 1.22310722e+00 5.88056684e-01
    1.86311483e+00 1.80962288e+00 1.56060028e+00 2.27586031e-02
    -3.83892119e-01 1.53324044e+00 7.39598155e-01 1.20629573e+00
    1.50248682e+00 -4.20699835e-01 -7.94719934e-01 3.12754631e-01
    1.60169601e-03 -6.88036084e-01 -7.87804306e-01 1.74291348e+00
    6.94579482e-02 1.14553332e+00 4.77078736e-01 6.08018577e-01
    -1.48054183e-01 1.52569270e+00 -4.90512848e-02 7.76281536e-01
    6.65060282e-02 -4.12656546e-01 -1.97063208e-01 -3.72757018e-01
    -6.20554090e-02 6.30734444e-01 9.86111879e-01 1.39852917e+00
    -9.59482789e-02 2.92483568e-02 1.11816740e+00 -8.42556477e-01
    1.59329033e+00 1.28290331e+00 -6.78725600e-01 1.77834058e+00
    1.75397420e+00 9.65146780e-01 1.50074577e+00 -2.64236450e-01
    -3.92557383e-02 -6.02024198e-01 5.49068749e-01 1.86067128e+00
    1.47629976e+00 6.70538723e-01 -1.59075797e-01 -9.69758749e-01
    1.47584224e+00 4.35462832e-01 1.90679073e+00 8.39140773e-01
    9.57947254e-01 1.05650425e-02 9.46249425e-01 1.65325165e+00
    1.39495134e-02 1.37061429e+00 -1.14322007e-01 7.13510275e-01
    -1.91804171e-02 -2.39887238e-02 7.89472938e-01 1.30841660e+00
    1.95934749e+00 -4.15847242e-01 7.39395440e-01 -6.30423844e-01
    1.15113974e+00 1.04137635e+00 1.42988479e+00 -8.34720135e-01
    9.61439729e-01 5.94087839e-02 -4.57418740e-01 7.23472714e-01
    1.45921874e+00 -9.15746808e-01 1.08954763e+00 1.45854115e+00
    5.58283806e-01 1.81637347e-01 -1.04107201e-01 1.48490775e+00
    6.50719047e-01 7.52145052e-02 1.85780239e+00 1.84211612e-01
    1.09594035e+00 -3.76650155e-01 -8.20137024e-01 1.65541315e+00
    -5.64434588e-01 -8.99429917e-02 1.28844070e+00 1.08376646e+00
    1.53722703e+00 1.34039259e+00 1.44196808e+00 1.82831526e+00
    6.93944454e-01 -7.29137421e-01 1.22433090e+00 1.32797575e+00
    2.14024723e-01 2.99868941e-01 2.48568535e-01 1.32314205e+00
    1.04562640e-01 -3.80394161e-01 7.01818347e-01 1.18548882e+00
    -5.44061661e-01 -3.40753496e-01 1.16665566e+00 -1.23653591e-01
    -1.72436774e-01 1.38832498e+00 2.21801162e-01 1.68159747e+00
    -2.55618274e-01 1.96462178e+00 -6.11188233e-01 1.68284118e-01
    1.36197603e+00 1.56698585e+00 1.19534183e+00 1.37672019e+00
    5.09703040e-01 -2.95813978e-01 2.56123841e-01 -1.48885608e-01
    2.08312750e+00 2.76917756e-01 7.90538371e-01 -4.47671384e-01
    1.06112599e-01 1.54516315e+00 2.74094105e-01 9.44845200e-01
    -7.37173021e-01 -1.65172279e-01 1.07920790e+00 1.61771131e+00
    -7.10248947e-04 -1.69784904e-01 1.24509788e+00 -7.57245839e-01
    -5.65922499e-01 1.37486482e+00 8.21182191e-01 3.35518897e-01
    -6.89370215e-01 9.31634068e-01 1.68304777e+00 1.01378679e+00
    -3.09886038e-01 -4.27277088e-02 -4.78692651e-01 5.26509762e-01
    9.64951396e-01 -2.14200616e-01 1.05404079e+00 8.49042714e-01
    -5.35258532e-01 1.87462449e+00 -3.44115496e-02 8.21130991e-01
    -7.62317717e-01 1.22509885e+00 -2.28744507e-01 1.89161515e+00
    2.00829482e+00 1.52084410e-01 9.74772036e-01 -7.04215169e-02
    1.54862452e+00 3.17658901e-01 2.22968221e-01 1.25544381e+00
    4.59118664e-01 1.69265437e+00 -3.25980306e-01 1.66627467e+00
    1.10303748e+00 -3.84753346e-01 1.90488863e+00 1.64307857e+00
    1.35184872e+00 9.02581930e-01 1.82355404e+00 3.07082951e-01
    -1.48462892e-01 7.51729965e-01 4.44707930e-01 1.33743858e+00
    7.70695090e-01 1.37105501e+00 2.02048302e-01 1.16634297e+00
    1.68732524e-01 -5.56109786e-01 1.56403971e+00 1.36417532e+00
    1.08942449e-01 9.38209534e-01 1.69133401e+00 1.25395346e+00
    -7.44330347e-01 8.80302787e-02 -5.65494299e-01 1.88822484e+00
    2.82155097e-01 8.25584888e-01 5.81083059e-01 1.11037445e+00
    1.08937848e+00 1.56700969e+00 -6.02899790e-02 -8.73400569e-02
    1.78496850e+00 -9.13518846e-01 -9.16533828e-01 -1.95912838e-01
    -4.21832144e-01 7.13443398e-01 1.94038618e+00 9.69660580e-01
    1.52222276e+00 1.24968767e+00 6.88595951e-01 2.61088133e-01
    8.89167547e-01 9.90924239e-01 -8.47268581e-01 1.90256953e+00
    -4.91007060e-01 3.34082246e-01 -8.62956047e-03 6.75133467e-01
    4.99844551e-02 4.31579351e-01 5.30462623e-01 1.66055584e+00
    7.53482759e-01 1.82617748e+00 9.61882591e-01 1.83638954e+00
    -5.32476664e-01 1.47403157e+00 1.94163561e-01 -6.08552337e-01
    8.21950197e-01 -1.63064003e-02 1.13446951e-01 2.20147610e-01
    9.86257672e-01 -5.02892196e-01 1.51704085e+00 5.39792776e-01
    5.27299762e-01 -2.38633156e-01 3.41972589e-01 1.18243098e-01
    8.21293652e-01 9.36984420e-01 5.90126812e-01 -8.44317734e-01
    -6.63750648e-01 1.45504665e+00 -5.58746934e-01 -1.88108385e-01
    -5.58073163e-01 1.59331107e+00 -7.69523382e-01 -9.38765883e-01
    1.50777102e-02 -2.08348036e-01 1.39065635e+00 6.45096779e-01
    7.42521405e-01 -4.04715478e-01 9.56272364e-01 -9.33394790e-01
    -5.44927478e-01 1.08670282e+00 3.36282730e-01 -2.76430666e-01
    1.73130465e+00 -9.39136386e-01 9.72274661e-01 -4.27801013e-01
    3.39457810e-01 -1.41119123e-01 1.06113982e+00 1.72181129e+00
    -2.15677679e-01 1.28632116e+00 -3.86685014e-01 8.83508742e-01
    6.45530641e-01 -5.28008282e-01 -4.99601334e-01 9.64770675e-01
    1.26999736e+00 -6.76813483e-01 1.42026901e-01 1.65240860e+00
    -4.15886104e-01 -3.17653894e-01 -4.29842293e-01 4.38640833e-01
    -6.46006644e-01 1.88976324e+00 1.48005474e+00 9.95551467e-01
    4.42891479e-01 -7.35371709e-01 -9.16799068e-01 1.02488470e+00
    2.19315112e-01 4.26360071e-01 -4.26561713e-01 -5.15769839e-01
    -1.77296877e-01 1.04980373e+00 -6.38630271e-01 5.09370744e-01
    1.74230862e+00 -7.61884868e-01 1.80433702e+00 6.95704162e-01
    1.76720214e+00 -5.40750623e-02 1.32113814e+00 1.83120632e+00
    4.13833439e-01 -3.90561581e-01 -4.49650288e-02 9.06594396e-01
    -6.63124681e-01 8.30483079e-01 1.15488267e+00 -8.14590633e-01
    -3.81019205e-01 -1.64276004e-01 1.71800494e+00 -6.47215188e-01
    1.89140439e+00 -1.51583433e-01 -4.29888606e-01 1.78599012e+00
    8.83873940e-01 -8.81517828e-01 1.45248973e+00 1.33998299e+00
    -5.43196201e-02 -5.47427535e-01 7.59055257e-01 8.72005939e-01
    -3.92106950e-01 9.34961498e-01 2.31359541e-01 -2.67234266e-01
    8.53484035e-01 -5.67323685e-01 -4.08747852e-01 3.96705747e-01
    1.57429504e+00 2.98557281e-02 1.27533460e+00 1.93657517e-01
    2.01121950e+00 -4.19714391e-01 -3.09215844e-01 -1.70433998e-01
    5.67831933e-01 9.95736003e-01 1.01428330e-01 3.32678854e-01
    1.93271971e+00 -4.54099178e-02 -3.69819999e-01 8.95964503e-01
    1.71891153e+00 4.60593581e-01 2.59388030e-01 -7.85575569e-01
    1.64889908e+00 1.88244295e+00 1.57013297e+00 1.89623260e+00
    -9.48907256e-01 8.73237371e-01 -9.79657412e-01 1.64227259e+00
    7.59112000e-01 5.90615749e-01 1.01295018e+00 -2.90697396e-01
    1.40754032e+00 1.30738771e+00 5.25029182e-01 1.31811833e+00
    1.74616277e-01 -3.80761862e-01 9.85006511e-01 1.07499218e+00
    1.09184361e+00 -2.01606333e-01 -7.73694992e-01 3.22735965e-01
    1.00356805e+00 2.00638914e+00 -6.49147213e-01 -6.81117952e-01
    1.50559127e+00 5.85274458e-01 1.86593068e+00 3.44184637e-01
    -8.22732210e-01 1.57025504e+00 1.66317797e+00 -3.49751115e-01
    1.28788137e+00 -2.81837404e-01 -5.96692502e-01 -8.10080409e-01
    3.97298574e-01 3.31211150e-01 8.29506993e-01 6.13149881e-01
    1.56307697e+00 -3.61700416e-01 8.54064405e-01 -1.15229487e-02
    -2.83612251e-01 1.87333798e+00 -4.62937981e-01 8.73524845e-01
    4.76259112e-01 2.51068175e-01 4.89322662e-01 1.41925704e+00
    -5.83505750e-01 -1.06838465e-01 -3.54832351e-01 1.20102811e+00
    1.43812478e+00 1.87211084e+00 5.37109375e-02 1.31664562e+00
    -5.43129563e-01 1.59733152e+00 -5.06354630e-01 -5.67496657e-01
    1.58770037e+00 -5.90993285e-01 2.37739801e-01 1.24563980e+00
    3.69440377e-01 2.69643486e-01 7.56957352e-01 2.37449110e-01
    4.65660691e-02 1.14031219e+00 -6.07221901e-01 2.47073591e-01
    1.49306893e+00 1.24030757e+00 -9.88369524e-01 5.65273762e-01
    6.88297749e-02 1.33475673e+00 1.74139118e+00 -8.21621895e-01
    5.18193007e-01 7.35815287e-01 1.93448925e+00 1.77006638e+00
    1.80465806e+00 3.16086650e-01 -6.43499732e-01 7.59115219e-02
    1.68953538e+00 1.00940931e+00 -1.28590822e-01 3.13505411e-01
    -1.78039610e-01 1.86449814e+00 1.13742149e+00 1.05619931e+00
    3.15897584e-01 -4.96704727e-01 1.39071012e+00 1.45559716e+00
    1.18201423e+00 -6.22693658e-01 -5.04352212e-01 1.25981629e-01
    2.78202116e-01 1.32127953e+00 7.51062810e-01 -7.33224750e-01
    1.26727128e+00 -7.58891046e-01 3.56750309e-01 1.38470221e+00
    1.27680230e+00 -6.80405378e-01 1.08084953e+00 1.72976255e-02
    -4.43118632e-01 4.83152270e-01 6.20664477e-01 -3.68652821e-01
    -7.35580087e-01 1.12988067e+00 1.82164443e+00 -2.23107934e-02
    -2.24936306e-01 -4.97841239e-01 1.65919840e+00 1.05887532e+00
    -9.29059982e-02 -6.57123327e-02 6.73068643e-01 -6.87035322e-02
    -3.34409952e-01 3.93808722e-01 1.12293220e+00 1.34004593e-01
    1.64888525e+00 1.14886260e+00 1.68151951e+00 1.31907153e+00
    1.84077263e-01 -1.92101359e-01 -3.96882415e-01 -9.90496516e-01
    1.15469694e-01 6.75920248e-01 5.60092926e-01 6.43735290e-01
    -1.89445913e-01 1.30043697e+00 1.72897708e+00 1.73305237e+00
    4.35057640e-01 -2.79790759e-02 1.88483727e+00 6.63319826e-01
    -7.53507495e-01 -8.28439593e-02 8.47141385e-01 1.68967748e+00
    -8.58419240e-01 -2.70432889e-01 -8.79239142e-01 8.95946741e-01
    -2.01468170e-01 4.89666760e-01 1.91084576e+00 -5.01515329e-01
    8.91990304e-01 4.28969383e-01 1.21934509e+00 -1.67799950e-01
    1.58634698e+00 1.24537814e+00 -7.27424383e-01 1.83406079e+00
    2.27895141e-01 6.13688469e-01 1.86806107e+00 -6.36279941e-01
    7.51694202e-01 -5.81455350e-01 1.51654315e+00 8.17050934e-01
    -5.13324618e-01 -8.35483670e-01 1.84794760e+00 7.61760950e-01
    1.40870214e-01 1.57925963e+00 -8.57889056e-01 7.64607310e-01
    1.61843777e-01 1.47675991e-01 -3.96692157e-01 1.57652855e+00
    1.56424487e+00 9.85029578e-01 -5.84163904e-01 -2.82650709e-01
    1.12385929e-01 5.23182690e-01 -3.68402064e-01 -3.27721953e-01
    -6.88985527e-01 1.91089129e+00 -2.90835619e-01 6.91311479e-01
    6.22457325e-01 2.43072569e-01 1.62463975e+00 9.67627287e-01
    1.35494471e+00 7.69253373e-02 1.58332396e+00 -3.72110903e-01
    1.02071059e+00 1.38075244e+00 1.28802252e+00 9.27985907e-01
    1.77266097e+00 5.34496009e-01 1.02625632e+00 1.13252461e+00
    1.58021188e+00 -6.81116223e-01 -7.78764784e-01 1.72648239e+00
    1.78750610e+00 6.50064886e-01 1.62349653e+00 2.29911506e-01
    1.81787395e+00 1.86869788e+00 1.32002425e+00 -2.14774072e-01
    -5.96870840e-01 1.35868359e+00 1.24486423e+00 2.01147461e+00
    7.83716261e-01 -3.12807441e-01 6.86384261e-01 -4.98352110e-01
    -3.35238636e-01 1.14547372e+00 1.59853768e+00 -2.42609859e-01
    8.65491211e-01 3.39698493e-01 -6.90326571e-01 -2.55437613e-01
    7.37616420e-02 1.28816485e+00 2.46895432e-01 1.37121630e+00
    1.11412787e+00 1.94300413e-01 1.45406580e+00 -7.71318614e-01
    -1.14698112e-01 1.33962584e+00 5.38510323e-01 1.91507590e+00
    4.68205094e-01 1.56400049e+00 1.56681633e+00 -2.88976610e-01
    9.00051773e-01 9.52266216e-01 -8.44584584e-01 -5.69480658e-01
    3.57599556e-01 1.64443123e+00 -8.49699736e-01 1.18458557e+00
    4.71130610e-02 4.03960705e-01 7.69858479e-01 -6.39163673e-01
    -7.65092373e-01 7.37284482e-01 -5.38320541e-01 -6.54119909e-01
    1.17934179e+00 1.86283875e+00 3.89023900e-01 -3.90337735e-01
    1.63833117e+00 -4.07641500e-01 -4.94846106e-02 5.44184208e-01
    9.01189685e-01 -7.19542384e-01 1.74652350e+00 1.72276378e+00
    9.22811985e-01 2.26838291e-01 1.39792764e+00 -7.08074033e-01
    -6.38542414e-01 7.60668516e-02 -2.03312337e-01 1.42281342e+00
    -6.20664001e-01 -3.35203826e-01 6.50040507e-01 1.35675597e+00
    1.01293612e+00 1.80140615e+00 1.47493243e+00 1.36889553e+00
    1.70947671e+00 1.08266020e+00 -2.97241747e-01 -5.49784243e-01
    -6.28107190e-01 -3.26971114e-01 1.56436682e+00 -4.31867599e-01
    1.26519346e+00 1.05169702e+00 -7.47349858e-01 1.86870432e+00
    7.28295803e-01 5.79313576e-01 6.05355978e-01 9.73290622e-01
    1.44658923e+00 -9.34969902e-01 -9.18846250e-01 1.61685932e+00
    1.59258127e+00 7.72585988e-01 1.32386875e+00 1.16526353e+00
    1.28335476e+00 1.04067409e+00 1.63430309e+00 -7.10869312e-01
    6.49514556e-01 9.42671657e-01 -3.02008927e-01 2.79260874e-01
    1.76451445e+00 -6.08634949e-01 -6.69028997e-01 8.44103217e-01
    -5.64104021e-01 8.74361753e-01 3.28744650e-02 1.58803058e+00
    1.45551014e+00 6.45522833e-01 -6.68324113e-01 1.67786264e+00
    -3.43265057e-01 2.43257880e-01 6.92426085e-01 1.35729861e+00
    1.33418679e-01 1.66473365e+00 -5.36695600e-01 -7.06038475e-02
    1.46947265e-01 1.59973717e+00 -5.30582249e-01 3.59235942e-01
    1.21077883e+00 1.86027360e+00 1.63292909e+00 -2.85132468e-01
    1.45391178e+00 -3.30722868e-01 5.36292672e-01 7.12787509e-02
    2.94955492e-01 1.95579553e+00 7.32470751e-02 -4.31472838e-01
    1.14363384e+00 1.24609852e+00 1.74657536e+00 1.00706971e+00
    5.04852712e-01 9.45410430e-01 2.86635876e-01 -8.48002493e-01
    3.27774346e-01 -6.79711163e-01 1.62664557e+00 5.17711639e-02
    -1.13931954e-01 -6.05873704e-01 -8.43743682e-02 5.25872469e-01
    1.16456163e+00 1.10262156e+00 1.36290288e+00 1.57375705e+00
    1.37645650e+00 1.13599896e+00 9.41853523e-01 1.23322654e+00
    8.79048586e-01 7.26603746e-01 -6.91506147e-01 1.86031628e+00
    -8.96936357e-01 4.14621592e-01 1.63260818e+00 1.79298389e+00
    1.39371538e+00 8.39510500e-01 -1.06464326e-01 1.75221276e+00
    1.11032033e+00 2.73061872e-01 1.74591517e+00 9.17195916e-01
    -8.75926197e-01 1.13593316e+00 1.38938117e+00 -2.79429853e-01
    4.68917012e-01 -3.41267169e-01 -3.06600213e-01 -9.75532174e-01
    1.88369930e+00 9.51543748e-01 8.57279956e-01 1.85021806e+00
    1.62192607e+00 4.56813812e-01 -3.78107429e-01 -7.50756502e-01
    1.34187341e+00 -5.93124807e-01 1.41984057e+00 -8.30299258e-01
    -9.04242575e-01 1.40691996e+00 9.98274326e-01 1.79585958e+00
    1.64714301e+00 -1.01993763e+00 1.18394709e+00 1.75839555e+00
    8.65024447e-01 3.81117463e-01 -5.87276697e-01 5.00767231e-02
    1.80475080e+00 1.89162803e+00 -5.51097989e-01 -8.56427729e-01
    -2.48859823e-01 -6.93225741e-01 6.73906326e-01 5.22112727e-01
    1.63123679e+00 -7.62628317e-02 1.79018831e+00 1.31814408e+00
    1.48000693e+00 7.57990241e-01 -1.60654366e-01 3.16624582e-01
    9.47384655e-01 1.71009779e-01 5.46435237e-01 -3.94378960e-01
    2.50892758e-01 4.24708724e-01 1.70110500e+00 -6.28984928e-01
    6.18525386e-01 -4.22322482e-01 1.41933894e+00 2.02725244e+00
    1.74950457e+00 -2.47559845e-01 -5.75290799e-01 8.68644714e-02
    -3.59451771e-01 -2.26128221e-01 5.76539636e-02 1.06288850e-01
    1.37324190e+00 -6.30369186e-01 1.85227251e+00 8.42000306e-01
    -8.91196787e-01 -6.14936054e-01 9.95078385e-01 1.59595728e+00
    1.12635124e+00 1.75003111e-01 -4.12939250e-01 -8.32217395e-01
    -2.46969938e-01 6.70465827e-01 -6.84013605e-01 -2.52961695e-01
    -7.94597268e-01 -1.71633780e-01 4.92601633e-01 -9.03227925e-02
    2.04548061e-01 1.07875764e+00 1.41989768e-01 7.70429134e-01
    3.39672565e-02 -4.23675299e-01 1.35228479e+00 1.10000372e-02
    -5.03285229e-01 1.28888464e+00 1.51935375e+00 -4.99368250e-01
    -4.97975856e-01 5.78246236e-01 -3.97185564e-01 -8.42774749e-01
    1.63722086e+00 1.45589566e+00 -8.00933242e-01 8.43914151e-01
    -1.26870990e-01 1.94728398e+00 1.02989233e+00 1.98855042e-01
    -1.65836573e-01 -8.16978216e-01 1.53732920e+00 1.15605545e+00
    1.57736659e+00 8.60894322e-01 6.64085507e-01 2.81058252e-01
    3.91329706e-01 2.88822830e-01 -7.75557995e-01 -2.94474900e-01
    -5.37784100e-01 6.05992913e-01 7.65244544e-01 -3.44355881e-01
    -6.23696923e-01 1.88992453e+00 7.94738352e-01 -9.86418724e-02
    1.29766619e+00 3.85159731e-01 -6.00670576e-01 1.20036483e+00
    1.81120038e+00 1.98639548e+00 2.71377504e-01 -5.88202357e-01
    2.08137393e-01 -2.67952740e-01 -4.20409918e-01 6.05798244e-01
    5.52392066e-01 -6.15676999e-01 1.20089829e-01 7.04658747e-01
    4.22059894e-01 -8.99010658e-01 1.95339656e+00 1.15951800e+00
    2.40635037e-01 1.60329437e+00 5.36014736e-01 7.86724091e-01
    5.51605880e-01 7.44769812e-01 1.57006121e+00 -8.32347393e-01
    -6.80357456e-01 1.80956125e-01 4.80392218e-01 4.07282710e-01
    -2.44231224e-01 3.01111042e-01 -1.46859944e-01 -4.14926708e-01
    7.12101817e-01 7.33395815e-02 1.73568916e+00 9.81761217e-01
    5.17759204e-01 -5.23810148e-01 -6.32155716e-01 1.51778913e+00
    1.17702651e+00 -1.00854933e-01 -3.18539083e-01 3.35771263e-01
    -6.98037744e-01 -6.90516233e-02 2.91162848e-01 -7.81406760e-02
    1.04242206e+00 8.08979213e-01 7.04905629e-01 2.02153862e-01
    8.88369441e-01 1.70877755e-01 4.24433351e-01 -6.38627052e-01
    -4.39588845e-01 -4.62580025e-01 1.02176070e+00 1.80553043e+00
    1.35348070e+00 5.84894836e-01 1.96108150e+00 6.19900763e-01
    -3.97687554e-01 1.25736034e+00 -1.21356249e-02 8.66934955e-01
    1.21018946e+00 1.76221704e+00 4.92981791e-01 -7.59790540e-01
    -1.34001493e-01 1.61355925e+00 7.74760902e-01 1.75286043e+00
    1.11970735e+00 8.69241059e-01 1.96056199e+00 1.01570201e+00
    -1.42685771e-02 -5.24762273e-02 1.43865383e+00 1.33658469e-01
    7.30348706e-01 -6.35124445e-02 1.61790693e+00 6.29402101e-01
    -6.34844184e-01 1.14457679e+00 -7.56985962e-01 -3.98579001e-01
    1.62718058e+00 -9.75376964e-01 1.53755450e+00 8.80522013e-01
    1.59691668e+00 1.06097078e+00 8.12886596e-01 -3.94434035e-01
    1.54485345e+00 -9.67080176e-01 1.53688502e+00 -9.64028001e-01
    1.02775764e+00 5.31964183e-01 1.15573144e+00 8.36204290e-01
    -8.06683898e-01 1.61633110e+00 1.00575304e+00 3.41190994e-01
    -7.10693300e-01 -1.05462551e-01 -3.20591509e-01 1.60495949e+00
    5.91347098e-01 6.94202900e-01 -7.16433704e-01 -5.76955020e-01
    1.58147609e+00 1.59640563e+00 1.32835507e+00 1.27219570e+00
    1.81381011e+00 -8.96955192e-01 5.37797332e-01 6.25323176e-01
    8.82258773e-01 -7.89625823e-01 1.18618870e+00 3.72303486e-01
    1.41918588e+00 1.80984092e+00 5.95961690e-01 1.17846859e+00
    5.15004396e-01 9.25114691e-01 1.68178034e+00 -3.13673377e-01
    1.69430137e-01 1.61544251e+00 1.23240244e+00 1.18499053e+00
    1.84374237e+00 1.81767702e+00 1.31950605e+00 1.22513294e-01
    1.29654074e+00 -3.13752174e-01 -2.64855325e-01 -6.37540877e-01
    6.00880444e-01 1.80314112e+00 -7.92031586e-01 1.88777494e+00
    5.97843707e-01 1.16674948e+00 -7.71202087e-01 -8.13826621e-01
    -7.19374418e-03 8.31320226e-01 1.63253820e+00 -4.20894206e-01
    -8.35334420e-01 1.22260153e-01 -4.18394685e-01 -1.83575094e-01
    -1.22976422e-01 -5.48251271e-01 9.78278160e-01 -6.52074218e-01
    -6.85113192e-01 1.63869214e+00 8.80851030e-01 -5.41501999e-01
    -7.02650547e-01 8.48987818e-01 -5.52724719e-01 -9.24125910e-02
    1.39536548e+00 -8.25437427e-01 1.05318379e+00 -4.83830333e-01
    -1.96788132e-01 -8.13581288e-01 1.34812689e+00 1.40990138e+00
    1.30237699e+00 -6.99018121e-01 -3.36252570e-01 -1.87532604e-01
    9.60109174e-01 6.31842315e-01 -7.84330010e-01 -8.22690248e-01
    -8.69186044e-01 -3.03964436e-01 -4.15587008e-01 1.01992428e+00
    1.14566326e+00 1.35294485e+00 -2.46352673e-01 -6.44754291e-01
    -8.30722928e-01 1.51366687e+00 -7.34895468e-02 1.82825255e+00
    -4.95607734e-01 1.31495452e+00 1.21646917e+00 2.51387358e-02
    -4.77982402e-01 -4.00778711e-01 -2.23710954e-01 1.86949265e+00
    2.44797230e-01 -3.21732819e-01 -5.61576843e-01 1.76180589e+00
    8.47623646e-01 1.83310139e+00 1.82356286e+00 1.14443481e-01
    8.67001712e-01 1.65622795e+00 3.68537009e-01 -5.31935930e-01
    -3.44349027e-01 7.30014861e-01 -1.09403372e-01 1.78937101e+00
    1.57872581e+00 8.45008671e-01 1.86464453e+00 7.27611780e-03
    1.83235788e+00 1.87538671e+00 1.66950846e+00 8.24428678e-01
    -3.31718087e-01 -6.74013853e-01 1.20579553e+00 -7.75642455e-01
    -1.32811666e-01 6.40863895e-01 -2.73938715e-01 -8.83931458e-01
    7.06566334e-01 4.78542209e-01 5.73574364e-01 -1.93073630e-01
    6.03713870e-01 1.16828489e+00 1.66333914e-01 1.82473075e+00
    9.96846914e-01 1.32396460e+00 -1.09728813e-01 -7.99962044e-01
    -5.36909103e-01 1.04926443e+00 1.35492635e+00 -1.55503809e-01
    -5.75234652e-01 1.05290055e+00 1.25184608e+00 -2.26619601e-01
    1.08258784e+00 -1.46230102e-01 1.55632734e-01 -3.33854914e-01
    -4.26467597e-01 1.49012613e+00 8.06021690e-02 1.46201372e+00
    5.98381817e-01 7.68382847e-01 8.07220221e-01 1.42829943e+00
    -6.24902368e-01 1.47088754e+00 8.37750316e-01 1.24492526e-01
    1.51129937e+00 1.32401502e+00 1.17945075e-01 -5.58094621e-01
    4.68371034e-01 1.67052412e+00 1.27483535e+00 1.00433671e+00
    3.32339883e-01 7.59944320e-01 -7.04817712e-01 -9.11529422e-01
    3.77776504e-01 6.86824322e-01 4.37498093e-02 1.61223567e+00
    -4.79894966e-01 4.88780320e-01 2.85450161e-01 -2.30750680e-01
    -8.31415296e-01 1.66647935e+00 1.65446758e-01 1.21253347e+00
    6.94073617e-01 9.96416271e-01 1.16471529e+00 1.12358427e+00
    9.66837347e-01 1.87212968e+00 7.95159280e-01 -9.20117438e-01
    -5.32349110e-01 1.84814811e-01 1.03522182e+00 -5.90186179e-01
    7.34982729e-01 1.59040928e+00 9.81692433e-01 -8.60797644e-01
    3.59014988e-01 2.70916581e-01 1.37887287e+00 -9.90569592e-03
    1.20051754e+00 7.47685075e-01 1.94957900e+00 1.66320133e+00
    9.53126431e-01 3.68408501e-01 4.82053757e-02 9.55624640e-01
    4.10033703e-01 1.38571668e+00 3.06023657e-01 1.18383431e+00
    1.51067781e+00 1.58080602e+00 1.35037327e+00 3.75405133e-01
    1.83863306e+00 1.34554923e+00 5.75357974e-01 -6.87354505e-01
    9.96947765e-01 -7.10173130e-01 1.12569928e-02 1.85932446e+00
    1.79927588e+00 4.82694626e-01 -5.10497510e-01 1.75942314e+00
    1.90155506e-01 1.58915102e+00 1.83762360e+00 1.55455351e-01
    4.18948889e-01 1.86442089e+00 1.08607137e+00 -8.03919137e-01
    1.72767341e-01 6.22661114e-01 -2.69101024e-01 1.16152775e+00
    1.28807735e+00 1.86901569e-01 8.80999267e-01 -3.98626089e-01
    8.85728002e-01 1.55589175e+00 5.17546296e-01 5.01816988e-01
    -3.51727843e-01 1.32919931e+00 8.99758577e-01 1.50309753e+00
    6.54997468e-01 7.71486402e-01 9.86281991e-01 1.85072327e+00
    1.01721048e+00 1.03581250e+00 1.34894943e+00 1.46646321e-01
    -6.71223283e-01 -7.49276757e-01 3.54412496e-01 1.20570433e+00
    8.85289788e-01 -6.20649338e-01 1.43862462e+00 -1.96385086e-01
    1.39866590e-01 -2.27499068e-01 7.73921251e-01 1.58670235e+00
    -5.30314088e-01 7.22433686e-01 -9.69583750e-01 1.92139864e-01
    -4.26971912e-02 -4.30298328e-01 9.12527561e-01 1.61137748e+00
    3.87070715e-01 1.38772488e+00 1.09710896e+00 1.63840735e+00
    1.34144425e-01 -1.06190324e-01 2.00957966e+00 -3.35852385e-01
    1.18357205e+00 6.47914112e-01 1.39585686e+00 1.65347815e+00
    1.81615019e+00 1.88145888e+00 1.06528735e+00 6.36486411e-01
    -2.35909224e-03 8.55292141e-01 9.17555571e-01 1.27318978e+00
    1.19161606e+00 3.64054441e-01 7.01134384e-01 9.87954676e-01
    7.90308535e-01 5.95279813e-01 -6.03807449e-01 1.74106121e-01
    -6.71529412e-01 2.01911449e+00 -7.00839043e-01 4.45862770e-01
    -5.73954582e-02 -3.36169779e-01 1.28199482e+00 1.15548241e+00
    -2.44337738e-01 3.67873192e-01 4.31897879e-01 9.89284515e-01
    -6.78637683e-01 1.45081425e+00 -2.21038461e-02 -5.83853722e-01
    -2.44955420e-01 5.57694733e-01 -1.60113633e-01 -2.81841159e-02
    1.49979234e+00 1.65031099e+00 3.49389434e-01 9.62484062e-01
    1.10910892e-01 1.60739589e+00 4.18784499e-01 9.66420114e-01
    1.53368783e+00 -9.09651577e-01 1.03658545e+00 7.88639545e-01
    4.58617270e-01 1.29011619e+00 1.29373717e+00 2.50874519e-01
    2.49716520e-01 -3.06883037e-01 1.04404306e+00 1.84447217e+00
    -3.59220207e-01 6.53947949e-01 -5.17409265e-01 8.71028900e-01
    1.90072942e+00 1.18082595e+00 -2.77411520e-01 -6.60990357e-01
    7.27769256e-01 1.44574928e+00 2.73436069e-01 1.16610229e-01
    -9.00207102e-01 -2.82873452e-01 -4.11790252e-01 -8.11023951e-01
    3.95088792e-01 -8.24749708e-01 7.49869585e-01 -8.33657622e-01
    9.66429949e-01 6.48008466e-01 1.90871310e+00 1.24721980e+00
    2.75694430e-01 1.83929086e+00 1.23651314e+00 1.30778098e+00
    1.36047292e+00 1.88170552e+00 2.16885209e-01 1.39424193e+00
    5.23357034e-01 1.31780815e+00 1.57939708e+00 1.16482341e+00
    -5.05203187e-01 3.91242683e-01 8.25679064e-01 3.49815607e-01
    1.88018656e+00 6.16298079e-01 1.39695132e+00 7.76336670e-01
    1.54476237e+00 -7.87022471e-01 1.51214480e+00 1.91766536e+00
    -7.49321997e-01 1.48964524e-02 -4.48650360e-01 1.11635149e+00
    2.46210217e-01 4.35691953e-01 7.82089233e-02 9.34110582e-01
    -7.02480018e-01 4.66563463e-01 1.49396312e+00 -4.14859414e-01
    -6.20878756e-01 1.81282246e+00 8.25266600e-01 1.56296682e+00
    5.89594245e-01 -1.12184107e-01 8.63952339e-01 1.82702839e+00
    3.89553666e-01 6.63156748e-01 9.31703687e-01 -3.39233100e-01
    1.15259314e+00 1.49806833e+00 -1.21856809e-01 4.99189734e-01
    8.04661512e-01 -4.74012017e-01 -6.92839503e-01 7.54656315e-01
    1.54122365e+00 1.78625011e+00 1.19506836e+00 -8.00953627e-01
    1.97012901e-01 1.82908511e+00 -1.61375999e-01 1.13204360e-01
    -5.98217845e-01 1.44039738e+00 3.45378637e-01 7.33642876e-01
    9.65701401e-01 1.51670027e+00 -3.45597267e-02 2.05079365e+00
    6.01503968e-01 4.08452511e-01 6.79857969e-01 6.99638128e-02
    -5.96606672e-01 7.02616811e-01 -6.84177995e-01 -3.56068254e-01
    8.58089209e-01 -4.29218650e-01 1.50954485e+00 -6.45246506e-01
    -7.23459959e-01 -2.30959713e-01 -2.77637720e-01 2.28908002e-01
    8.83355916e-01 1.93107545e+00 1.02608275e+00 -6.00003242e-01
    -8.31225872e-01 4.60781097e-01 -5.05762100e-01 -4.99646485e-01
    -7.84877539e-02 1.71052837e+00 1.49809599e+00 7.61435568e-01
    5.13059020e-01 1.84456694e+00 -5.68897724e-01 -1.01591229e+00
    1.28203416e+00 1.77225554e+00 1.35732853e+00 1.61224103e+00
    4.47457910e-01 8.52653623e-01 1.42269993e+00 -9.26204205e-01
    1.32057047e+00 -8.09282660e-01 -1.65108681e-01 1.24303973e+00
    1.75688410e+00 -1.95979416e-01 -9.67924953e-01 2.68591106e-01
    1.24196672e+00 -6.91676617e-01 1.91491663e+00 -5.38818717e-01
    2.59508073e-01 6.39993429e-01 -6.33696675e-01 1.23849666e+00
    9.00135219e-01 -9.35759127e-01 -4.63349819e-02 5.18273234e-01
    1.08149111e+00 1.80938506e+00 -2.69842505e-01 1.09289646e+00
    3.14103842e-01 -4.27331746e-01 5.21986127e-01 -4.30409312e-01
    7.49253511e-01 -6.70898557e-02 2.63912678e-01 1.04622531e+00
    -1.88503385e-01 1.08495045e+00 -3.86824548e-01 -4.91181761e-01
    1.05677009e+00 -5.51325202e-01 1.30355179e+00 1.85340714e+00
    1.73077118e+00 7.44007826e-02 6.25021577e-01 1.83844423e+00
    5.93850613e-01 -3.67007434e-01 1.81856370e+00 -3.74368668e-01
    -5.02338469e-01 1.35468876e+00 1.51825571e+00 -7.44739115e-01
    1.90822291e+00 6.63956404e-01 1.39482832e+00 1.72057986e-01
    -5.28747916e-01 1.49183166e+00 -1.46216333e-01 1.72651696e+00
    1.96491897e-01 -2.00807869e-01 1.03562737e+00 1.05966258e+00
    -1.03479242e+00 1.31371462e+00 4.87947583e-01 5.65562248e-02
    -4.47837710e-02 1.53265357e-01 5.88462830e-01 -2.81483829e-01
    1.47129679e+00 -4.75123465e-01 8.32824588e-01 1.55427659e+00
    -9.26803946e-01 5.50080180e-01 -4.31368709e-01 1.00618601e-01
    3.11901391e-01 1.69667697e+00 1.29173481e+00 1.18023658e+00
    6.29898846e-01 5.73929608e-01 5.05373061e-01 1.92194045e+00
    5.78004777e-01 6.04406357e-01 -4.42138910e-01 1.16069269e+00
    1.58801866e+00 -6.86208785e-01 1.54542661e+00 4.51856852e-03
    8.65977466e-01 1.82292056e+00 1.89389753e+00 1.53764904e-01
    1.19910228e+00 1.39142013e+00 2.17137933e-02 4.65336859e-01
    5.46888351e-01 1.23538637e+00 1.64961803e+00 1.21760559e+00
    -3.85643065e-01 -9.49234307e-01 1.86225176e-01 3.41351151e-01
    1.87777197e+00 8.89058113e-02 1.46641445e+00 3.13955903e-01
    1.70332491e-01 1.27596855e+00 -6.02671623e-01 1.86009407e-02
    -9.49831367e-01 6.32407427e-01 4.20722127e-01 5.39425850e-01
    -1.11367166e-01 1.68373442e+00 6.40260220e-01 1.08718204e+00
    1.26436210e+00 1.68015575e+00 7.57415414e-01 1.20691311e+00
    1.15573406e-04 5.66679120e-01 1.23887289e+00 1.10840142e+00
    1.52711654e+00 2.60724843e-01 1.66149771e+00 -2.07164824e-01
    -6.11984134e-02 1.87130642e+00 -8.44715297e-01 -2.38658488e-01
    1.80676079e+00 -8.19064081e-01 6.14745319e-01 -2.96844840e-01
    -7.69360065e-01 4.86773789e-01 8.76441896e-01 -4.01779234e-01
    1.23932910e+00 7.56261289e-01 1.73522401e+00 -3.02458882e-01
    1.25961995e+00 -6.29254580e-02 -3.15509677e-01 -2.13852346e-01
    5.74332178e-01 2.62635946e-01 1.29533267e+00 4.04067636e-01
    1.06181264e+00 -3.99050474e-01 -9.37060893e-01 2.68181264e-01
    1.10706019e+00 1.56856894e-01 1.14485455e+00 4.28144932e-01
    -6.08177841e-01 8.71052623e-01 7.93719590e-01 -4.92891848e-01
    6.85582876e-01 1.59632027e-01 4.39008892e-01 1.70754576e+00
    -1.79260314e-01 -1.18143737e-01 8.36735547e-01 2.11331069e-01
    1.66566968e+00 9.30613279e-02 3.93380344e-01 1.38067865e+00
    6.89035416e-01 -2.94990957e-01 -7.50223756e-01 1.58902967e+00
    9.78812933e-01 -1.99782848e-03 1.37758708e+00 1.35592890e+00
    1.69611168e+00 6.88645363e-01 1.29280972e+00 -4.32884037e-01
    5.96347690e-01 3.09183002e-02 2.33836174e-02 1.57386124e+00
    1.08865261e+00 1.67961216e+00 1.07647204e+00 1.25462365e+00
    -8.48307848e-01 -8.16423237e-01 -6.02051377e-01 1.18668890e+00
    7.08616614e-01 3.00981283e-01 6.36280239e-01 -7.02365160e-01
    -5.41795492e-01 5.25056303e-01 -1.21184409e-01 5.80568671e-01
    8.26725841e-01 -4.11961973e-01 -6.77905023e-01 -5.11981845e-01
    1.49307394e+00 7.47799218e-01 -3.49921584e-02 8.91810179e-01
    -1.00110841e+00 -3.02375197e-01 -2.21812546e-01 -7.99263656e-01
    -4.94386584e-01 3.64808798e-01 1.05073631e-01 -7.11954296e-01
    -7.68905163e-01 1.40089607e+00 3.66614461e-01 -4.43505585e-01
    1.60554075e+00 1.63935423e-02 -1.01520872e+00 -6.28817558e-01
    1.35958076e+00 1.42013574e+00 -3.94288182e-01 -2.99314260e-01
    1.58253086e+00 -7.18478560e-02 1.89690983e+00 3.92777443e-01
    -3.56979430e-01 -1.04880095e+00 -6.17747068e-01 1.22126079e+00
    -5.27660966e-01 1.53793061e+00 1.52041590e+00 6.05030179e-01
    1.27002108e+00 -7.99905837e-01 -6.85205877e-01 -1.06375575e-01
    1.39426708e+00 1.52176535e+00 3.47224832e-01 -7.21452832e-02
    -8.81601095e-01 -7.48213410e-01 5.03556132e-01 -8.86136591e-01
    7.27058530e-01 8.98512959e-01 2.66383290e-01 1.49259853e+00
    -2.06102431e-01 4.41200972e-01 -5.21733105e-01 -7.51345634e-01
    -9.10705328e-02 7.32959270e-01 -5.95895171e-01 4.78775501e-01
    2.04546928e-01 -5.62533736e-02 -2.92701483e-01 -8.49119365e-01
    1.03725553e-01 8.90453994e-01 6.30701363e-01 -8.20524633e-01
    9.96382117e-01 6.82114244e-01 -8.03587139e-01 3.52692723e-01
    -4.72591639e-01 -7.79298902e-01 4.55309987e-01 -5.28390706e-01
    1.40274704e+00 1.56888235e+00 9.67449188e-01 -1.13141358e-01
    1.05382621e+00 3.47429276e-01 9.77247119e-01 1.27712035e+00
    1.26293480e-01 -4.06644940e-02 3.23037982e-01 4.11796629e-01
    1.21374679e+00 1.57673049e+00 7.68081069e-01 4.87543464e-01
    4.04922128e-01 1.65703964e+00 1.84848130e-01 4.47240889e-01
    -4.90194440e-01 -3.07554007e-02 3.89419377e-01 -4.54442918e-01
    1.55598640e+00 1.25147986e+00 -7.68175125e-02 -8.72727156e-01
    9.40746188e-01 -8.10830712e-01 -2.52705634e-01 4.69322801e-01
    5.89484334e-01 1.40098524e+00 3.67011845e-01 1.87217069e+00
    6.98162019e-01 6.38407588e-01 9.90593433e-03 -1.56520247e-01
    1.44550872e+00 1.10136449e+00 -4.58625555e-02 6.08169317e-01
    1.39427090e+00 6.03726268e-01 3.48386168e-02 -6.49443984e-01
    1.14741087e+00 1.96808982e+00 1.11809850e+00 1.47031212e+00
    5.11465847e-01 5.53570747e-01 -6.39887273e-01 1.15535319e-01
    1.89544368e+00 8.60242546e-01 1.00279987e-01 -8.43634129e-01
    8.71935368e-01 -3.12240720e-01 -8.80410492e-01 -1.54478312e-01
    -9.28133428e-01 1.34973669e+00 1.36012280e+00 1.19489598e+00
    7.23468423e-01 1.75901711e-01 9.76736784e-01 4.99830127e-01
    5.11002183e-01 -4.11653280e-01 -7.62811303e-02 1.79656935e+00
    1.56922793e+00 -8.14866841e-01 7.59226799e-01 -2.34206975e-01
    1.28757596e-01 1.98262334e-01 -1.96245193e-01 1.77067447e+00
    2.67389655e-01 3.61890256e-01 3.76443624e-01 1.15393150e+00
    -7.89785028e-01 -2.46276140e-01 -5.81080198e-01 -2.31682181e-01
    1.17594802e+00 5.33721447e-02 2.29249656e-01 1.95589817e+00
    1.20910728e+00 1.78906882e+00 -2.28807032e-01 -6.88664317e-01
    5.39194167e-01 1.85285497e+00 4.83229637e-01 -6.42830849e-01
    1.08115315e+00 -5.88829279e-01 -3.86830091e-01 1.08648074e+00
    -9.35564339e-01 1.64064729e+00 6.18312836e-01 -8.58779490e-01
    1.51590157e+00 -7.14833379e-01 1.39464915e+00 1.24099970e+00
    -7.57717013e-01 3.92201304e-01 -3.75301957e-01 -8.57573330e-01
    6.85602009e-01 3.94339919e-01 1.03440273e+00 -9.52071846e-01
    1.58902264e+00 1.76283514e+00 5.02529442e-01 1.96760190e+00
    -2.26037562e-01 -2.58183658e-01 7.77093172e-01 -3.97814870e-01
    1.77203846e+00 1.48003972e+00 1.20063090e+00 -7.73305655e-01
    -6.79292142e-01 1.61130071e+00 -8.08890402e-01 2.11563468e-01
    3.73709202e-02 1.23247218e+00 1.38755584e+00 -9.70316529e-01
    1.12895024e+00 8.16612720e-01 1.73709178e+00 1.58682513e+00
    -6.11498117e-01 1.69240272e+00 3.99202704e-01 8.30307722e-01
    5.84724069e-01 9.41236496e-01 1.54654014e+00 4.01612520e-02
    8.47495615e-01 -8.92347395e-01 -6.08348846e-01 -8.49340022e-01
    -4.04670209e-01 -6.51288867e-01 1.44678056e+00 8.54322851e-01
    7.86056697e-01 1.83470213e+00 1.49890304e-01 -4.80622649e-02
    -7.38121986e-01 -2.52358019e-01 9.14928079e-01 1.46867204e+00
    -3.22809815e-02 -7.15125501e-01 -3.83132339e-01 5.36719918e-01
    5.03006399e-01 -7.18659163e-02 -7.09942698e-01 6.49358809e-01
    1.93863750e+00 1.70491600e+00 -6.90699697e-01 1.04017103e+00
    6.91847503e-01 6.55040681e-01 1.80853462e+00 -7.44865477e-01
    -1.62620842e-01 5.86973429e-02 -4.32862341e-01 5.38899124e-01
    -1.71934664e-01 1.81459069e-01 -6.08813286e-01 1.55405831e+00
    5.28169811e-01 1.76241851e+00 1.09236538e+00 1.08130443e+00
    1.78191733e+00 2.00558424e-01 1.47192717e-01 1.62461984e+00
    1.35449052e-01 1.14067435e+00 1.32200301e+00 1.10974956e+00
    3.09564233e-01 -4.53414261e-01 6.15587711e-01 1.50071716e+00
    9.97610688e-01 1.77440822e+00 -7.21359372e-01 5.48365355e-01
    -3.27776194e-01 2.48215020e-01 6.04576826e-01 2.02001214e+00
    -8.62072587e-01 -4.42788333e-01 -5.11015177e-01 -3.03796828e-01
    2.69414067e-01 1.43057752e+00 1.12017214e+00 1.23994231e+00
    7.35567570e-01 3.84437084e-01 1.82627761e+00 -6.20978475e-02
    3.83509874e-01 1.56427050e+00 1.81147206e+00 -6.87018514e-01
    -5.52792430e-01 1.67193019e+00 1.00819516e+00 1.00192392e+00
    7.89262891e-01 9.58648682e-01 5.13383329e-01 -9.54694748e-02
    1.70551920e+00 -1.72903776e-01 2.94907808e-01 -4.75356877e-01
    -8.45791101e-02 9.80294049e-01 6.80697918e-01 1.27202785e+00
    1.46404696e+00 4.05643940e-01 1.27476585e+00 -8.43321502e-01
    1.52687025e+00 6.86839819e-01 -6.04055762e-01 -2.73014665e-01
    4.26778436e-01 2.33493567e-01 9.00908709e-01 -7.38989115e-01
    1.31633139e+00 -3.16746950e-01 6.96095228e-02 -5.88826180e-01
    -7.52348781e-01 -6.61284685e-01 -7.52486825e-01 6.55859113e-01
    1.72074270e+00 1.60504341e+00 -3.54187667e-01 1.96437716e-01
    8.42348933e-01 1.02544188e+00 -6.07894778e-01 2.94688582e-01
    1.19778490e+00 -5.31864166e-03 -7.88317323e-01 1.36331689e+00
    7.71650076e-01 1.38307464e+00 1.01942420e+00 1.69428492e+00
    4.08318222e-01 1.07208920e+00 8.04859757e-01 9.82535362e-01
    -5.01107991e-01 -7.83613324e-02 1.41999888e+00 4.42312300e-01
    -4.81976688e-01 1.56677938e+00 -9.21106815e-01 1.04839945e+00
    1.20180118e+00 7.59707987e-01 6.10662878e-01 1.43587232e+00
    4.39442396e-01 2.79538035e-02 -2.93765426e-01 -6.26665354e-02
    4.98469591e-01 8.72920811e-01 1.11118245e+00 -2.55633056e-01
    1.33555341e+00 4.66298521e-01 4.52379346e-01 1.01540768e+00
    -2.96269774e-01 1.69608665e+00 5.01275957e-01 1.85535431e+00
    9.31912124e-01 1.05028546e+00 1.24450445e+00 9.64144230e-01
    1.13393164e+00 -2.71814585e-01 9.80121732e-01 1.52654076e+00
    1.88518107e-01 4.56545949e-02 1.05473328e+00 9.20371830e-01
    -8.41220498e-01 1.49527884e+00 1.91095114e+00 -6.07636571e-01
    1.95361972e-01 -1.71356022e-01 -6.39819682e-01 9.10880923e-01
    -8.61964703e-01 6.79874182e-01 1.00507557e-01 -2.10091531e-01
    1.60022163e+00 1.06184793e+00 1.10942602e+00 5.26088476e-01
    -3.39884400e-01 1.00630856e+00 -7.32377529e-01 -6.44088745e-01
    -6.02320254e-01 2.01495266e+00 8.50101709e-01 -5.74327588e-01
    5.49834669e-01 9.93618608e-01 -8.05281639e-01 9.50473189e-01
    6.76106811e-01 -4.17236686e-01 -3.86425614e-01 6.34925306e-01
    -5.82268417e-01 1.13121414e+00 -2.65524983e-01 -7.99052298e-01
    7.38731861e-01 2.62678981e-01 1.64832258e+00 1.57418847e-02
    1.82193100e-01 2.03203249e+00 -5.44486225e-01 -8.99126112e-01
    1.68336535e+00 -8.11707079e-01 6.26624048e-01 6.32779181e-01
    1.37536597e+00 -1.03736699e-01 1.37072170e+00 -7.66375244e-01
    1.34132206e+00 -6.51223838e-01 -6.15446568e-01 1.26378918e+00
    8.80366564e-03 4.67377782e-01 -3.43150198e-01 1.35759091e+00
    -2.47586012e-01 -5.96878409e-01 -9.96638536e-02 4.44611073e-01
    -5.02868652e-01 -7.57831693e-01 3.92538309e-01 6.65316463e-01
    6.57562017e-01 9.72555518e-01 7.37324953e-01 1.20915318e+00
    -6.61993027e-03 -2.96648860e-01 1.64575088e+00 -7.18186200e-01
    5.62722683e-01 1.01468909e+00 1.72128808e+00 -1.29972935e-01
    1.17899513e+00 1.43829024e+00 1.10885382e-01 1.35128212e+00
    1.46930671e+00 -7.75169909e-01 -4.42194134e-01 -2.78511584e-01
    4.96900976e-01 1.67546725e+00 1.31464708e+00 -5.52151799e-01
    1.01054764e+00 -3.48227620e-02 1.35784912e+00 -7.76904225e-02
    -5.35558820e-01 1.86813951e-01 4.88737643e-01 1.28692520e+00
    1.16967475e+00 -5.29675484e-01 6.74232900e-01 1.60088670e+00
    -3.16193104e-01 3.96547437e-01 8.11675429e-01 1.68332720e+00
    1.08552909e+00 5.09677887e-01 -1.53332353e-02 -2.23684907e-01
    -4.79760349e-01 -5.89786053e-01 8.94815922e-02 1.07167029e+00
    1.63202679e+00 -8.34970891e-01 1.71005368e+00 -3.02563190e-01
    -2.32433736e-01 1.50793827e+00 -7.27824926e-01 6.96491003e-01
    1.01857400e+00 5.64878345e-01 1.01416862e+00 5.45725703e-01
    -9.12027717e-01 -2.21211195e-01 1.74861550e-02 4.09498274e-01
    1.36553347e+00 -8.25185239e-01 9.98516798e-01 1.24978924e+00
    4.12196994e-01 6.33136749e-01 1.56685472e+00 -7.49167502e-01
    2.08510339e-01 5.98080754e-01 1.58558917e+00 1.74880326e+00
    8.12079310e-01 1.88011670e+00 1.42262673e+00 -9.00473058e-01
    -1.81598067e-02 -3.34437966e-01 1.80003572e+00 1.20521772e+00
    9.97445285e-01 -6.48394644e-01 -4.58497643e-01 1.86084127e+00
    1.69013894e+00 -2.00570226e-01 1.68716753e+00 4.41824198e-02
    1.15045261e+00 1.44257414e+00 1.46248567e+00 1.66407251e+00
    8.91916037e-01 3.09765339e-02 4.25790548e-01 5.31290233e-01
    -2.33486772e-01 1.96594357e-01 2.81601727e-01 2.92191863e-01
    1.59845424e+00 1.55992436e+00 9.15319085e-01 9.51266468e-01
    4.35750127e-01 -7.58468211e-01 1.20573890e+00 -7.01448858e-01
    1.74149990e+00 1.88117564e+00 9.91320729e-01 -7.51414776e-01
    3.66543770e-01 5.80495596e-01 1.38364959e+00 3.72359276e-01
    9.10514235e-01 -4.75125372e-01 -3.46258521e-01 3.80307913e-01
    -7.63753772e-01 1.67263103e+00 2.09096909e-01 3.50507319e-01
    8.02867293e-01 1.51984012e+00 2.70686746e-01 8.54601264e-01
    3.92540455e-01 1.16313398e+00 1.65724230e+00 2.89568901e-02
    5.17466068e-01 -4.54472303e-02 1.53436422e+00 1.61119735e+00
    1.18017423e+00 -5.31401038e-01 -7.01761186e-01 7.79934287e-01
    -1.97503507e-01 -4.39371407e-01 1.24780178e-01 1.60952687e-01
    1.23492253e+00 3.27440500e-02 4.70477343e-01 -4.03287947e-01
    1.54864025e+00 -6.52494431e-01 1.93218887e+00 8.43345523e-02
    1.74183106e+00 3.64942610e-01 9.00978267e-01 2.17023015e-01
    -3.28500330e-01 -8.21770370e-01 1.78129578e+00 -7.99888968e-02
    3.86327982e-01 -3.50561142e-01 -4.58789200e-01 1.15204692e+00
    -1.39904439e-01 2.44030178e-01 1.39349043e-01 1.37641978e+00
    7.01145530e-01 1.08379555e+00 1.12211931e+00 -6.62924886e-01
    1.83001089e+00 9.39156830e-01 9.49500382e-01 -9.21844840e-01
    3.81984651e-01 -1.50233150e-01 5.37252069e-01 6.65276587e-01
    -4.40367460e-02 1.52822459e+00 -8.02774251e-01 1.07959640e+00
    1.72591996e+00 3.90219629e-01 -2.57235050e-01 3.94025385e-01
    8.65641475e-01 6.06622279e-01 1.56878400e+00 -3.55179727e-01
    1.03223586e+00 -4.29628849e-01 1.39796340e+00 -1.87909305e-01
    1.46887243e-01 1.56088495e+00 8.67521405e-01 -5.88765144e-01
    7.75968432e-02 2.24220574e-01 1.49409902e+00 2.33230948e-01
    1.64110613e+00 1.69274533e+00 4.14362371e-01 4.91599858e-01
    8.82409453e-01 -4.06829357e-01 1.63630974e+00 8.07724237e-01
    1.53091073e+00 -4.18262661e-01 1.00320697e-01 1.06313348e+00
    9.67517436e-01 9.23461854e-01 -8.17412853e-01 1.58915257e+00
    1.44140482e+00 2.65687525e-01 1.92268610e-01 1.29750133e+00
    -4.83141541e-02 1.73847735e-01 4.24871504e-01 6.39825642e-01
    -6.11079454e-01 9.61278319e-01 -6.41820431e-02 1.73692989e+00
    -5.85717857e-01 1.86406422e+00 1.73210084e+00 5.70226431e-01
    1.06267238e+00 -6.36841536e-01 -5.46007991e-01 9.76880729e-01
    -8.96614671e-01 1.29563236e+00 -9.31090891e-01 1.09627700e+00
    1.26272321e+00 1.83457136e+00 1.57662785e+00 -2.69473791e-01
    -2.68670022e-01 -1.18887424e-02 3.88078272e-01 -7.12001860e-01
    -8.44765604e-01 4.25881863e-01 -4.64823782e-01 9.59773064e-01
    1.26577592e+00 7.24199891e-01 -2.49448419e-01 8.76065135e-01
    1.16201198e+00 5.01282811e-01 1.60029733e+00 1.41268158e+00
    -9.78899240e-01 1.52432847e+00 1.20632565e+00 1.71578228e-01
    7.36317635e-01 1.79795456e+00 -5.70404291e-01 1.02824688e+00
    3.24009597e-01 -2.76398897e-01 -4.00453150e-01 1.58382034e+00
    1.27287507e+00 -3.34960401e-01 8.25962424e-02 1.16699195e+00
    -5.25831044e-01 -8.34793746e-01 9.03384089e-02 6.89391673e-01
    1.14434028e+00 -1.86825275e-01 1.23199749e+00 -2.18053877e-01
    1.82718086e+00 -2.41797149e-01 -6.89673722e-01 -8.02010953e-01
    1.89706421e+00 6.55230284e-01 1.34861612e+00 5.50484776e-01
    1.14787817e+00 1.10628009e-02 4.07920897e-01 1.01086438e+00
    1.16864491e+00 1.52488863e+00 -7.78783023e-01 -6.27198279e-01
    1.20641160e+00 -4.34350401e-01 1.25546789e+00 1.19410944e+00
    8.89639139e-01 1.30120885e+00 4.00199890e-01 1.51243544e+00
    -8.52531314e-01 1.84355152e+00 1.46247280e+00 -8.28593910e-01
    3.57494056e-01 -6.51638269e-01 1.05514121e+00 -7.38973916e-01
    7.10292757e-01 1.82260537e+00 1.91862237e+00 -8.88248801e-01
    4.52479601e-01 -7.11308956e-01 -5.95670342e-02 -1.14743352e-01
    1.11159110e+00 8.88765216e-01 1.08368683e+00 9.88666415e-01
    -5.10372698e-01 1.15748000e+00 -2.92209387e-02 7.06333518e-01
    5.86014211e-01 6.95615768e-01 6.29518390e-01 6.52251720e-01
    1.27675533e+00 1.04740751e+00 6.98497891e-01 -7.39933848e-01
    1.08238220e-01 -4.31909502e-01 1.32125163e+00 1.28911448e+00
    2.02323556e-01 -4.03474808e-01 -7.00144172e-01 6.52157605e-01
    1.41670108e+00 4.62543786e-01 5.72389722e-01 -7.29529560e-01
    1.52745366e+00 1.34230971e-01 1.93877399e-01 4.59915936e-01
    -5.05407870e-01 -3.33571494e-01 7.84424305e-01 -9.40062940e-01
    1.24115586e+00 -1.74383402e-01 1.82745039e+00 6.55753493e-01
    5.40806770e-01 -2.08897948e-01 1.48128724e+00 1.27781034e+00
    1.18489289e+00 1.60330009e+00 1.23123205e+00 -1.21355414e-01
    1.66503310e+00 2.39285350e-01 7.62313068e-01 1.81259453e-01
    7.22569108e-01 8.07630956e-01 7.59592354e-01 -9.40395832e-01
    9.15819466e-01 4.47457552e-01 -5.71059644e-01 1.90319300e+00
    1.46299636e+00 9.20767069e-01 1.40885293e+00 1.45573735e-01
    -2.03601420e-01 1.75335765e+00 1.66794479e+00 1.15874147e+00
    1.73692203e+00 6.10599995e-01 1.86285627e+00 -2.02630818e-01
    2.86353827e-02 1.21945500e+00 1.73819292e+00 2.31024265e-01
    -3.91650200e-03 7.55655169e-01 3.45400393e-01 -5.95129073e-01
    -5.65776587e-01 -3.90869796e-01 -9.25228417e-01 -2.57292807e-01
    8.83658409e-01 2.00320959e+00 8.34699810e-01 1.41496277e+00
    3.21737349e-01 -7.69056320e-01 6.89465761e-01 1.00168586e+00
    -5.77832401e-01 1.39850390e+00 1.63828802e+00 -1.58857465e-01
    -2.53302574e-01 -1.06228709e-01 5.04216969e-01 -7.37254381e-01
    1.02168655e+00 1.85981727e+00 1.20694971e+00 1.90783548e+00
    1.25750279e+00 -4.31124091e-01 1.69582522e+00 -1.80040002e-02
    7.73850679e-02 6.06802106e-01 6.70243740e-01 1.56390309e+00
    4.22032297e-01 1.69439912e+00 -3.84537876e-01 1.87175202e+00
    5.88170350e-01 -8.94158363e-01 1.00050521e+00 1.02465665e+00
    1.47439003e+00 -6.71130657e-01 1.50928581e+00 5.71081758e-01
    1.90231013e+00 -6.02949858e-01 -1.19261086e-01 7.92918801e-01
    1.49915671e+00 1.01952863e+00 3.01844299e-01 -7.39868760e-01
    5.76702297e-01 -3.17139506e-01 -4.22182173e-01 8.94088030e-01
    1.22389603e+00 1.68154931e+00 1.87135339e-01 2.23283648e-01
    1.60605645e+00 1.30599022e-01 -8.77279043e-03 2.15540946e-01
    2.72438586e-01 -7.51110375e-01 1.12089896e+00 1.63712025e-01
    -3.87036711e-01 -8.28237355e-01 -7.14061916e-01 -4.47804987e-01
    1.32056534e+00 1.62888443e+00 -8.59277248e-01 1.50141072e+00
    1.00281549e+00 1.22258902e+00 2.69982338e-01 1.53247571e+00
    1.91580176e-01 1.48692966e+00 -7.40057886e-01 -6.24776483e-02
    5.07909060e-03 1.87031722e+00 3.15071940e-02 -3.07022393e-01
    -5.19088864e-01 5.47787189e-01 -5.78783631e-01 7.69289613e-01
    1.63200080e-01 1.05392838e+00 -8.41104567e-01 -3.76796871e-01
    -5.70963800e-01 4.70151007e-01 1.48600340e-03 1.22274494e+00
    1.53455162e+00 7.84048438e-02 1.08947825e+00 -1.08031869e-01
    4.69262600e-02 9.36691403e-01 5.97131848e-01 -5.54323673e-01
    -4.02228653e-01 1.86386132e+00 9.04639840e-01 1.85593915e+00
    -5.36560595e-01 1.52523625e+00 -2.09450424e-01 -2.64082313e-01
    -2.96768308e-01 -4.98175919e-01 1.58077598e-01 1.27299929e+00
    1.80696166e+00 -8.40261340e-01 1.03928685e-01 1.22533977e-01
    -5.95707655e-01 1.68211961e+00 2.75605857e-01 -5.91126740e-01
    1.37341571e+00 1.47472084e-01 4.01093245e-01 -7.23587871e-02
    1.14777875e+00 1.67642498e+00 -2.11264849e-01 -3.64632308e-01
    3.46576095e-01 1.66440070e+00 1.53998256e+00 9.57633317e-01
    -3.90551150e-01 1.02677131e+00 2.24099398e-01 1.48455393e+00
    1.69530177e+00 -7.08840847e-01 1.22993171e+00 1.78259134e+00
    8.24218094e-01 1.84804380e-01 -6.83098257e-01 1.16376400e+00
    1.13051724e+00 -4.17300254e-01 -6.96832001e-01 1.26090240e+00
    1.43119264e+00 3.29274118e-01 1.16943491e+00 4.24137950e-01
    2.75062978e-01 -8.39340866e-01 9.03524458e-01 -1.60992146e-01
    6.45895481e-01 6.48691177e-01 3.02754223e-01 2.21898377e-01
    6.70372605e-01 7.59706974e-01 1.40325761e+00 -4.19367611e-01
    8.22244465e-01 6.20777011e-01 -1.77340031e-01 -1.31655216e-01
    -5.38938642e-01 -5.26180744e-01 1.59255743e+00 7.71658123e-01
    9.87946212e-01 9.69643116e-01 -7.81351507e-01 7.24528611e-01
    -6.27114475e-01 -5.59342742e-01 -4.76376534e-01 1.42691135e+00
    1.12860155e+00 1.52936673e+00 -7.01173544e-01 -2.92541385e-01
    1.65176749e+00 1.27953756e+00 -9.43536758e-02 6.19465470e-01
    1.89207339e+00 1.05403328e+00 1.35674012e+00 -6.60315871e-01
    2.21644044e-02 1.85196257e+00 -1.08092427e-01 -8.40430856e-02
    1.52557194e-01 8.64507556e-01 3.92186224e-01 1.16086769e+00
    6.13259017e-01 -4.80769902e-01 2.22674608e-02 1.04702020e+00
    8.09426367e-01 4.68145549e-01 1.01073265e-01 1.83644044e+00
    1.30193985e+00 -8.14612985e-01 1.57375646e+00 -8.13292742e-01
    7.29560614e-01 1.02147913e+00 -7.17133880e-02 8.62264633e-03
    -1.05146408e-01 -1.78984702e-01 1.22302854e+00 6.96130097e-01
    -5.45379758e-01 -4.77485716e-01 1.36735260e-01 9.91184056e-01
    -3.07961047e-01 -5.75401843e-01 -1.95350826e-01 -7.03753889e-01
    1.21834874e+00 1.28603256e+00 3.87194932e-01 1.53793883e+00
    1.09360170e+00 5.28320074e-01 1.75128222e-01 1.04132092e+00
    -6.26808524e-01 3.22099924e-02 1.37588656e+00 -7.49978483e-01
    -5.25452495e-01 8.00130844e-01 8.65800619e-01 -1.26597166e-01
    2.05931306e-01 4.95548248e-01 1.64497554e+00 -2.96648443e-01
    1.43519735e+00 1.46007419e+00 -7.82519579e-01 -2.86595106e-01
    1.54585576e+00 3.66989970e-01 8.18147540e-01 1.14888263e+00
    1.20281339e+00 -3.13586295e-01 -5.32097459e-01 1.28546691e+00
    1.93398857e+00 1.29309356e-01 6.85027182e-01 -6.26281142e-01
    -1.41035557e-01 -2.07975030e-01 -8.25978518e-02 9.91981626e-02
    1.95797849e+00 -4.41411018e-01 1.93658757e+00 6.01596236e-01
    -8.81157815e-01 3.16789806e-01 2.84852803e-01 1.05423868e-01
    -9.31296349e-02 2.79053092e-01 -4.52044547e-01 1.54952621e+00
    1.56609726e+00 8.50253701e-02 8.29485774e-01 6.25152767e-01
    3.01036894e-01 -7.58004129e-01 -2.84058750e-01 6.83401227e-02
    -9.39906836e-02 1.97191131e+00 5.65637767e-01 -2.06938148e-01
    -7.90014207e-01 7.47399688e-01 -4.22489524e-01 4.91432071e-01
    -3.25580478e-01 1.56878948e-01 7.39674807e-01 5.94651639e-01
    -4.14635181e-01 -3.15491736e-01 2.16838717e-01 1.87087154e+00
    -4.17645931e-01 -7.62684941e-01 -6.22102022e-01 2.17803359e-01
    1.82269943e+00 1.28125668e+00 9.31705236e-01 1.57938433e+00
    1.21089995e-01 8.36491227e-01 -6.98896945e-01 5.74531555e-02
    5.17663062e-01 9.86400366e-01 -8.09499025e-02 1.79702079e+00
    7.05864668e-01 -2.28873610e-01 1.38079214e+00 7.71218240e-01
    -2.23697722e-01 1.84456682e+00 6.11139417e-01 7.90132761e-01
    6.80519998e-01 -4.58104134e-01 -7.32983708e-01 1.15872490e+00
    6.62473559e-01 5.36013186e-01 1.17810774e+00 1.17636061e+00
    1.49438047e+00 1.29151475e+00 1.78048325e+00 1.72241712e+00
    -5.80170035e-01 1.54884815e+00 1.47546005e+00 -6.88100815e-01
    1.88340247e+00 1.16129756e-01 9.85137582e-01 -5.66167653e-01
    1.13593221e+00 1.03351009e+00 1.36458659e+00 4.43114460e-01
    7.23028779e-01 1.20180476e+00 1.03089452e+00 6.76944852e-01
    1.13840032e+00 -7.81909049e-01 1.27130044e+00 4.48193014e-01
    1.56137371e+00 -6.99168444e-01 5.11909723e-01 6.13260865e-01
    5.53956628e-01 -8.02071154e-01 1.99083853e+00 5.61691821e-01
    5.53782463e-01 5.44972122e-01 -2.58636236e-01 5.11388302e-01
    -5.21362185e-01 -3.29456568e-01 1.66773558e+00 6.07114851e-01
    5.58640182e-01 1.20741022e+00 1.50192881e+00 -6.56927824e-01
    1.03948951e+00 2.54927039e-01 2.78384686e-01 -3.08348596e-01
    1.44958210e+00 -6.47433043e-01 -1.81323051e-01 1.56966639e+00
    4.85527515e-01 6.37427092e-01 5.47105789e-01 -5.44976592e-01
    -4.38879132e-01 -6.94635808e-01 5.85518658e-01 5.93015552e-01
    6.28612518e-01 -8.65443349e-02 -5.38425863e-01 1.28696966e+00
    9.54334855e-01 1.32554972e+00 5.90578377e-01 1.45835686e+00
    -9.52162743e-01 1.40870464e+00 -4.11284387e-01 -7.90248930e-01
    -6.04915142e-01 1.56345558e+00 1.77652073e+00 -7.77756870e-01
    -1.16308689e-01 5.90159833e-01 9.06173468e-01 2.68320501e-01
    4.96246099e-01 5.62491953e-01 1.40050578e+00 8.97986293e-02
    1.99487615e+00 -8.20752978e-01 -9.28748250e-02 9.38099384e-01
    7.02964902e-01 4.05302525e-01 5.73908687e-02 6.95103407e-01
    1.91357028e+00 1.34809017e+00 9.61060882e-01 -4.73813355e-01
    -1.55787408e-01 1.28459108e+00 1.46131921e+00 -9.10877645e-01
    1.44269586e-01 1.74017608e-01 1.41053748e+00 8.57953131e-01
    1.23488128e+00 4.02877569e-01 1.45338833e+00 -8.72880101e-01
    1.01230788e+00 1.65148592e+00 1.23612595e+00 6.17253423e-01
    4.93811369e-02 8.16246092e-01 5.66366553e-01 9.35067534e-02
    9.01391506e-01 -8.45785916e-01 1.61140752e+00 1.66732574e+00
    7.53253281e-01 -7.76467919e-02 -5.39103150e-01 4.83186722e-01
    -7.91435599e-01 7.33201504e-02 1.15689754e+00 -6.37092710e-01
    -5.70264399e-01 -1.99153781e-01 -6.12808704e-01 1.17352223e+00
    1.27935374e+00 -1.46129072e-01 9.01687264e-01 7.87691891e-01
    4.56772804e-01 -1.23004317e-02 1.36786914e+00 -1.75942063e-01
    1.66739297e+00 8.59811783e-01 -6.40987754e-02 -3.59380901e-01
    1.71864843e+00 1.44264889e+00 5.07581890e-01 4.21013892e-01
    1.43135619e+00 -1.00290179e+00 1.36302352e-01 -6.37352109e-01
    1.30734968e+00 1.96889400e-01 7.60842562e-02 8.58907223e-01
    -5.01488507e-01 -9.26898897e-01 1.34820318e+00 1.29506338e+00
    1.75475061e+00 3.98776770e-01 1.38699031e+00 1.89022481e+00
    1.29968762e-01 -1.18172169e-01 4.79373693e-01 9.52649713e-01
    -5.05111992e-01 -8.73761892e-01 -8.34376037e-01 8.73453021e-01
    3.68716776e-01 1.62515140e+00 4.95170951e-02 -5.59796572e-01
    -5.55715799e-01 2.41991282e-01 8.20719063e-01 9.52948987e-01
    -2.52852440e-02 1.41296172e+00 1.18851256e+00 -8.74074161e-01
    9.60247457e-01 7.62557328e-01 9.28549409e-01 7.41281629e-01
    -9.04248178e-01 1.25807524e-03 -3.78936172e-01 -6.87086463e-01
    -4.27407265e-01 -5.20698369e-01 6.42253995e-01 -1.10038459e-01
    5.47079146e-01 4.76046145e-01 -5.53318501e-01 1.29805994e+00
    -6.62000418e-01 -5.81198037e-01 -2.05622315e-02 6.51436329e-01
    1.47316170e+00 -8.95775139e-01 3.74267399e-01 1.48007977e+00
    8.27039659e-01 -6.07274592e-01 1.69818640e-01 -3.55618119e-01
    1.05106831e+00 -1.75326467e-02 -3.42677176e-01 1.24615288e+00
    -1.43758535e-01 -5.14290214e-01 1.96790814e+00 -1.19208753e-01
    -2.27106392e-01 1.10787773e+00 3.94230783e-01 5.57431638e-01
    7.12381423e-01 -4.60401744e-01 1.16951704e+00 3.70980978e-01
    7.54263699e-01 -4.79532093e-01 5.56145072e-01 -2.09335029e-01
    6.85256422e-01 1.81644320e+00 5.23810804e-01 1.92922890e-01
    1.05943847e+00 -7.46709466e-01 -2.05227196e-01 -6.96829438e-01
    1.48088133e+00 -2.84692347e-01 1.83547974e+00 3.49191725e-01
    1.13695145e+00 2.44214952e-01 -1.62635088e-01 -4.47732568e-01
    1.52479172e+00 4.93430674e-01 7.46891379e-01 -5.75118542e-01
    -6.48778677e-02 1.12958145e+00 3.13307345e-01 1.20820701e-01
    1.84602559e-01 -5.35654068e-01 9.46454406e-02 1.10497248e+00
    -3.41397166e-01 1.40612972e+00 1.99821734e+00 7.32401907e-01
    4.61902261e-01 4.70155299e-01 1.57029057e+00 1.46402943e+00
    -4.18912709e-01 -4.34893250e-01 1.14539504e-01 1.78025508e+00
    -8.61035109e-01 7.38812447e-01 7.86515474e-02 -3.43238771e-01
    6.28093481e-02 1.02733445e+00 -2.57262170e-01 -3.29053521e-01
    1.80821228e+00 -1.12782180e-01 1.51040328e+00 4.32170570e-01
    -4.83458847e-01 1.36569500e+00 1.03508234e+00 -8.41017663e-01
    2.51595020e-01 8.55193019e-01 -3.98870409e-01 1.01954532e+00
    -4.87172753e-01 9.20490682e-01 1.44816518e-01 6.22841120e-01
    1.95998371e-01 1.22694647e+00 1.33202338e+00 1.13838840e+00
    -4.92347479e-02 2.97101080e-01 1.28321242e+00 1.25141215e+00
    1.42031491e-01 1.07311463e+00 -7.12731123e-01 7.15503871e-01
    1.53974414e+00 -5.25112510e-01 -8.06381106e-02 1.53750336e+00
    -5.60776711e-01 4.92930532e-01 -7.27224112e-01 1.38634467e+00
    1.54886663e+00 -6.12597108e-01 1.83632159e+00 -3.41704786e-01
    9.60483432e-01 -6.86164439e-01 -4.08740699e-01 -5.35406828e-01
    -7.19906271e-01 1.75368631e+00 -1.53846979e-01 7.43825912e-01
    -4.66117620e-01 -3.12436700e-01 2.64418483e-01 3.28209579e-01
    1.42854023e+00 1.10800862e+00 -7.00391233e-01 6.11227095e-01
    2.10786104e-01 1.32305074e+00 -5.89867234e-01 3.58084559e-01
    -3.01683009e-01 1.16962075e-01 -4.96050686e-01 1.25478089e-01
    5.86460769e-01 1.53837466e+00 -2.68627882e-01 1.20934534e+00
    4.07232702e-01 1.92303777e+00 8.60723853e-02 6.46097660e-01
    7.81844020e-01 1.22725916e+00 4.63106811e-01 7.73224354e-01
    -2.45328546e-01 1.89217818e+00 2.45854557e-01 8.00799370e-01
    7.20223188e-02 3.52451384e-01 1.32398915e+00 -6.87939882e-01
    1.37956214e+00 1.37797987e+00 -3.82784188e-01 1.61215210e+00
    -7.65837908e-01 -7.40234971e-01 7.63910055e-01 -1.12479806e-01
    1.19795024e+00 -5.44491231e-01 2.30378330e-01 2.24860072e-01
    -6.26543283e-01 1.71108341e+00 1.86023164e+00 -9.60525036e-01
    -6.85141087e-01 1.44312572e+00 3.08504760e-01 2.66462564e-02
    6.86580896e-01 4.20711637e-01 -6.45809770e-02 1.50432539e+00
    1.14493799e+00 7.89514124e-01 4.35822427e-01 -8.11910629e-02
    1.33760583e+00 -1.37049437e-01 -6.55389845e-01 1.75994515e-01
    1.83623087e+00 -4.69426751e-01 9.00052071e-01 1.05871177e+00
    -9.33191657e-01 8.01142216e-01 5.47137260e-01 1.58092499e+00
    3.23806047e-01 6.72338128e-01 1.18063426e+00 -1.74918175e-01
    1.07806945e+00 1.55606055e+00 2.20489383e-01 1.05880487e+00
    1.21245587e+00 1.26665318e+00 -6.21482372e-01 -9.64378238e-01
    1.61876333e+00 1.44504309e+00 8.45827222e-01 7.65243769e-01
    -2.50144541e-01 1.63234842e+00 -3.17065716e-01 -8.39869261e-01
    8.75359416e-01 6.56647444e-01 8.72481465e-02 3.80192518e-01
    -6.16823792e-01 -4.36220318e-01 1.87003541e+00 -6.74152315e-01
    -3.48705649e-01 4.88684714e-01 -4.76886958e-01 7.47268140e-01
    3.58719349e-01 1.84082460e+00 1.59155881e+00 -2.11237788e-01
    7.04348087e-01 -3.26221168e-01 3.36668193e-01 1.84348965e+00
    6.25844359e-01 1.84841049e+00 -7.79335618e-01 -5.47025442e-01
    -7.39004076e-01 4.69348669e-01 4.03490663e-01 4.18905020e-01
    1.20349455e+00 1.75323999e+00 1.30715394e+00 -2.90103793e-01
    -4.88860190e-01 1.40147424e+00 3.08624387e-01 1.83083725e+00
    1.08376312e+00 1.18370795e+00 1.36809731e+00 1.35440397e+00
    1.05281746e+00 1.32605374e-01 9.33883488e-01 -2.46301293e-02
    1.27957642e+00 -2.59349942e-02 -2.68422365e-01 3.57090533e-01
    6.05744183e-01 -8.06993306e-01 -7.75936663e-01 -3.71073723e-01
    8.23974013e-01 -3.24277163e-01 1.62367642e-01 4.06526744e-01
    3.08779120e-01 4.52116191e-01 1.52127087e+00 -8.20743442e-02
    1.18979335e+00 6.30785286e-01 5.26299357e-01 1.36407280e+00
    -4.93576407e-01 1.15514326e+00 1.75827146e-02 1.57388973e+00
    -1.01969898e-01 1.95232344e+00 1.28982449e+00 -5.05919456e-01
    1.69758856e+00 8.46682191e-01 7.39773631e-01 3.85669827e-01
    -7.20935464e-01 -1.79312885e-01 -9.29852962e-01 2.73294151e-01
    8.02348912e-01 1.50111973e-01 1.60219741e+00 1.10835183e+00
    1.21093345e+00 9.13450003e-01 9.24881637e-01 1.64496887e+00
    1.22210300e+00 9.85954762e-01 1.46310270e+00 -2.13184655e-01
    1.88186228e-01 -5.96914709e-01 -6.21949911e-01 1.35597646e-01
    1.46809673e+00 3.84077668e-01 1.10997486e+00 -5.03946185e-01
    1.42295074e+00 -3.34241033e-01 -4.88988638e-01 1.14422369e+00
    1.52581298e+00 -6.39916539e-01 4.05540407e-01 -9.11836267e-01
    -8.68156910e-01 1.48287094e+00 -7.65004754e-02 -7.15007186e-02
    4.10995960e-01 1.82812691e+00 1.03906775e+00 -6.91106439e-01
    8.37580085e-01 6.17843270e-02 7.55651891e-01 -5.25706410e-02
    5.27989745e-01 1.49964666e+00 -1.99491382e-02 1.10960686e+00
    1.03375936e+00 4.53043342e-01 1.05366087e+00 -4.24516916e-01
    5.60615301e-01 -4.10390615e-01 1.63522124e+00 -6.59303069e-02
    4.98193502e-02 4.66606021e-01 7.60866523e-01 -1.60640419e-01
    1.12750185e+00 8.90979767e-01 1.69967782e+00 2.31156945e-02
    1.35474277e+00 -8.91175151e-01 1.77815938e+00 1.67593360e-01
    1.83898354e+00 6.37858331e-01 -3.44728827e-02 3.25744152e-01
    7.27449477e-01 1.08890224e+00 -2.55728662e-01 1.27044368e+00
    -7.54692376e-01 -6.25729978e-01 -1.55511856e-01 -7.93250918e-01
    1.60441828e+00 2.73584008e-01 5.92069149e-01 -6.89380765e-02
    8.69691014e-01 -1.05143726e-01 1.87152445e+00 -1.67304099e-01
    1.02473235e+00 1.12408280e+00 1.43195605e+00 -8.31912041e-01
    -9.23559964e-01 2.93729663e-01 4.18833256e-01 1.08853507e+00
    1.40361094e+00 8.71935725e-01 1.92259097e+00 1.68243289e+00
    -3.03659379e-01 2.64425278e-01 1.44939601e+00 1.12562919e+00
    -2.43696392e-01 -5.10544181e-01 3.04748297e-01 5.89050651e-02
    1.90179110e+00 5.60669243e-01 4.13162649e-01 1.11151934e+00
    -7.58077621e-01 -3.51458788e-02 -5.66600740e-01 -4.67701405e-01
    -8.33964825e-01 -6.29380107e-01 1.12798738e+00 1.92622602e+00
    -8.14285398e-01 1.88605809e+00 4.48609591e-01 7.99763083e-01
    -7.58625031e-01 7.68118024e-01 -4.55373943e-01 1.73548615e+00
    1.86015821e+00 -7.33730197e-01 1.82691145e+00 4.96778846e-01
    -9.07390118e-01 1.42738509e+00 -3.80533099e-01 8.51472020e-02
    1.32103550e+00 -1.77095532e-01 1.89695883e+00 1.19003820e+00
    1.04726255e+00 1.84045255e+00 7.08985329e-02 1.80853128e+00
    1.07819033e+00 -8.64396334e-01 1.32859445e+00 6.88684225e-01
    -8.45331430e-01 1.68425846e+00 1.58628917e+00 -1.45315468e-01
    4.09333766e-01 3.89314890e-02 1.56375742e+00 9.92450655e-01
    1.16141951e+00 -8.76626313e-01 1.26893520e-02 5.67011952e-01
    8.55996609e-01 1.45745480e+00 -5.49237132e-01 -8.84904265e-02
    -9.83903468e-01 4.71700907e-01 -8.82945240e-01 1.40503263e+00
    5.97611427e-01 1.57253063e+00 -4.80240166e-01 1.58457947e+00
    -9.56214309e-01 7.75247216e-01 4.02143717e-01 1.42485833e+00
    1.05207253e+00 -6.80407405e-01 -5.74129760e-01 9.85630214e-01
    9.38385427e-01 1.87219989e+00 1.57326353e+00 -1.39561534e-01
    6.39420390e-01 3.98467481e-01 1.58979535e+00 -7.03856766e-01
    2.48773217e-01 1.39873290e+00 -5.70301294e-01 -8.51775587e-01
    3.20526898e-01 7.19597518e-01 3.12744319e-01 1.83149695e-01
    -8.47556472e-01 -6.11567140e-01 9.95593905e-01 1.14015400e-01
    3.84867728e-01 -5.38944185e-01 2.26640701e-03 1.77501464e+00
    1.45950150e+00 -4.69145656e-01 -9.33719575e-01 1.23125851e+00
    9.30792868e-01 8.78837168e-01 9.23143029e-01 3.00173283e-01
    -8.61048222e-01 1.01755047e+00 -8.21078241e-01 -8.69918227e-01
    -4.67690527e-01 1.24647737e+00 -7.19719291e-01 1.03706932e+00
    8.87679696e-01 -5.84898233e-01 1.33354545e-01 1.82192862e-01
    6.09912694e-01 1.67055416e+00 -1.79336727e-01 1.85470998e-01
    1.27711833e-01 7.13425040e-01 6.23968780e-01 1.62542772e+00
    1.17184901e+00 -4.60329294e-01 5.52587271e-01 1.29503250e+00
    -5.76846004e-02 5.61619818e-01 4.31441367e-01 3.76001894e-01
    3.84689867e-01 1.47948432e+00 9.35147405e-02 8.26299965e-01
    -6.50413692e-01 1.10679793e+00 -6.95701718e-01 -5.66395283e-01
    7.44225562e-01 1.19711030e+00 -7.71882772e-01 2.06036806e-01
    1.88538599e+00 -2.92757690e-01 1.69430518e+00 1.30632019e+00
    -8.61852646e-01 -8.62868428e-02 1.54484463e+00 4.25842345e-01
    -1.94028795e-01 -7.19111562e-01 2.48935342e-01 5.87823868e-01
    -3.17867637e-01 6.42846286e-01 1.90594196e-02 1.70207238e+00
    -6.06268406e-01 2.43440032e-01 1.68904591e+00 1.61083794e+00
    -2.08815992e-01 -1.66967630e-01 1.97424710e-01 1.57474780e+00
    1.86153650e-01 -5.91632605e-01 5.61388791e-01 -6.95629239e-01
    2.47561812e-01 1.15391731e+00 1.13808179e+00 7.59049654e-02
    -4.72704262e-01 1.40727830e+00 -1.82595909e-01 -7.24872470e-01
    4.12389576e-01 1.76567435e+00 -1.48079395e-01 4.52978671e-01
    -6.83358848e-01 9.60284472e-03 -5.22560716e-01 5.59730887e-01
    -4.65526402e-01 -6.64408088e-01 1.95898223e+00 -6.67544365e-01
    1.92233372e+00 2.51519680e-02 4.71614301e-01 -8.35765362e-01
    1.86801791e+00 9.90769923e-01 6.77850723e-01 1.38956308e-02
    5.21536350e-01 -4.09816980e-01 -3.01741481e-01 1.92999959e-01
    3.51121306e-01 7.47277737e-01 1.05000842e+00 8.16384614e-01
    -2.00734735e-02 5.85941792e-01 5.20220995e-01 1.58171129e+00
    -2.80845761e-01 1.26456809e+00 1.63364744e+00 1.16674232e+00
    1.32746148e+00 5.64303398e-02 1.40677929e+00 2.62796104e-01
    -3.22556317e-01 -7.46922314e-01 -7.67223954e-01 -2.08498061e-01
    7.53793836e-01 1.26342916e+00 6.88923538e-01 7.00199902e-01
    5.69319725e-03 -5.43915093e-01 1.01025426e+00 1.96277475e+00
    1.80037928e+00 5.03200769e-01 7.14691162e-01 -4.16179240e-01
    1.82966232e+00 8.77454281e-02 -9.56066012e-01 1.92312360e+00
    1.44175029e+00 -6.51485026e-01 3.84518623e-01 1.33724892e+00
    1.62221789e+00 -7.04377890e-02 1.43689394e+00 1.36854839e+00
    -3.90011609e-01 1.89229488e+00 1.56692636e+00 1.26786041e+00
    1.08939314e+00 5.45764565e-02 4.48111475e-01 -9.01313782e-01
    -6.10706329e-01 6.91216588e-02 -5.77953815e-01 8.84078205e-01
    1.81021273e-01 1.79368544e+00 4.89328444e-01 -8.32037628e-01
    8.57990384e-02 -9.79359150e-02 -7.72613168e-01 1.04276776e+00
    -5.20547807e-01 2.60945916e-01 1.83552170e+00 -1.40478611e-01
    6.86041355e-01 1.52323580e+00 1.00532472e+00 3.76493633e-01
    -2.04811573e-01 -8.86601448e-01 1.94758010e+00 -2.03965247e-01
    1.74369264e+00 1.00065994e+00 -3.57685328e-01 1.38944352e+00
    1.88477576e+00 2.75748968e-01 1.40116501e+00 1.78735852e+00
    8.14122319e-01 1.01420474e+00 1.03108978e+00 1.76934361e+00
    -6.43961191e-01 1.53462839e+00 5.66921294e-01 4.15257990e-01
    -6.91919208e-01 -6.47078097e-01 1.37490034e-01 1.00861633e+00
    3.16786349e-01 -9.59930062e-01 -4.33268785e-01 1.62610126e+00
    6.26550198e-01 4.76433754e-01 6.56979442e-01 1.08025026e+00
    -2.36437798e-01 7.75465488e-01 5.39348006e-01 -2.65150547e-01
    -2.79088974e-01 1.71290720e+00 5.25082886e-01 -2.25871801e-01
    1.16675985e+00 -3.18863750e-01 2.16535449e-01 2.38296866e-01
    1.12997460e+00 -6.54062271e-01 1.76318908e+00 1.65382481e+00
    -7.45154381e-01 7.67490983e-01 1.64901018e+00 -8.59663785e-01
    1.19161451e+00 1.49144006e+00 1.63547266e+00 7.05183685e-01
    7.22767115e-02 8.02942991e-01 3.19083691e-01 1.40238094e+00
    1.73498011e+00 -7.91814983e-01 -7.48866916e-01 3.30239534e-01
    1.24300754e+00 1.42782164e+00 -6.07516050e-01 6.35937452e-02
    -8.60533655e-01 1.49532747e+00 4.38057780e-02 1.35211086e+00
    -4.30588841e-01 1.78446984e+00 1.16989958e+00 -1.06546640e-01
    -5.60864687e-01 -2.40903318e-01 1.70755982e+00 1.40874350e+00
    -1.49329424e-01 -9.42274809e-01 1.73645973e+00 -5.23096383e-01
    2.24231780e-01 9.37751472e-01 1.05486524e+00 2.45685101e-01
    7.29130328e-01 1.77743196e-01 1.34683192e+00 -4.07831311e-01
    1.86508429e+00 9.45734024e-01 1.52187300e+00 1.55914271e+00
    3.21872652e-01 2.79011965e-01 6.43242419e-01 1.55817950e+00
    1.56648040e+00 -3.27988446e-01 1.01500940e+00 -1.49376392e-01
    1.89982212e+00 -1.27373278e-01 -2.61821806e-01 2.47844160e-01
    2.86340714e-03 8.17108214e-01 1.56152177e+00 3.59584689e-02
    6.20613575e-01 4.88036096e-01 7.09996223e-01 -6.77498817e-01
    1.93801737e+00 1.68615973e+00 1.41580439e+00 -1.94867790e-01
    -2.58442760e-01 -8.33992064e-01 -9.12547171e-01 1.07695901e+00
    -5.83226323e-01 -5.26833117e-01 1.23424804e+00 -3.45441699e-02
    -9.24508750e-01 2.33635366e-01 9.95585859e-01 1.03271031e+00
    1.96391869e+00 -2.23618746e-02 -4.12501872e-01 1.31535745e+00
    6.02213740e-01 1.07293320e+00 1.50088847e+00 7.21938014e-01
    2.14355826e-01 4.16857004e-02 7.60017872e-01 9.47258472e-02
    1.18177474e+00 1.37591314e+00 1.93497181e-01 -2.01377392e-01
    4.82827306e-01 -3.06188762e-01 1.14562249e+00 -1.54977083e-01
    3.28089356e-01 1.63463950e+00 9.04973805e-01 1.18484926e+00
    6.67241096e-01 -5.18041849e-03 1.36058474e+00 6.84345126e-01
    1.77738309e+00 1.41637015e+00 -5.22349000e-01 4.52770710e-01
    1.86771441e+00 1.19657421e+00 1.27533889e+00 -6.65475488e-01
    1.90372777e+00 1.61527944e+00 -3.03473532e-01 5.63880801e-02
    1.44115877e+00 5.21108866e-01 2.41984963e-01 -1.39757872e-01
    1.75555360e+00 9.10969019e-01 5.35838366e-01 4.26327705e-01
    8.78493190e-01 1.58821070e+00 -1.02667880e+00 7.48997688e-01
    9.66426849e-01 1.72668397e-01 -6.29126549e-01 1.63097000e+00
    3.99682045e-01 -5.73376417e-01 5.66757739e-01 1.26604414e+00
    -7.91856349e-01 1.75975227e+00 1.50956774e+00 1.31918478e+00
    1.78655100e+00 -1.02571964e-01 1.01679993e+00 -7.02594876e-01
    1.29640257e+00 1.51718760e+00 4.11001325e-01 1.25822353e+00
    -3.31581354e-01 1.59568512e+00 4.82550025e-01 6.93370163e-01
    1.49209213e+00 1.81254363e+00 -1.45937204e-01 1.41749430e+00
    1.37218285e+00 1.19291818e+00 -3.17461014e-01 -1.99865043e-01
    6.21833742e-01 1.19197965e+00 -3.48306417e-01 -1.98088229e-01
    9.70838189e-01 -3.37524772e-01 -1.62849963e-01 -5.94938576e-01
    -1.06313646e-01 -6.66705430e-01 4.06262577e-01 -8.93293262e-01
    -4.54492629e-01 1.45803142e+00 7.84020782e-01 -3.60648036e-02
    -8.32607806e-01 -2.49444962e-01 -8.58587027e-03 1.52855444e+00
    1.05440700e+00 -1.11067057e-01 1.03574157e+00 -8.75477374e-01
    2.78559208e-01 8.45092535e-03 1.42053783e+00 -5.46763122e-01
    -1.94950163e-01 -1.02417231e-01 4.96429682e-01 -5.01838565e-01
    -4.48947430e-01 -4.27696586e-01 1.36138988e+00 -6.22256041e-01
    5.51372766e-01 1.56432271e+00 1.54497194e+00 1.80712390e+00
    7.35359490e-01 5.87220728e-01 -4.70415264e-01 -6.33851290e-01
    1.65604842e+00 5.37339509e-01 5.52467108e-01 9.66890872e-01
    1.29316175e+00 5.55314958e-01 -7.46207416e-01 3.48319411e-02
    -2.14422166e-01 -6.16601706e-01 1.66457593e-01 5.97578287e-02
    -4.08316731e-01 -6.30272269e-01 9.85181868e-01 1.58477545e+00
    1.20929766e+00 1.44140911e+00 3.22037339e-02 1.54839993e-01
    5.81745744e-01 8.78513932e-01 1.56923783e+00 -1.33933544e-01
    7.80632019e-01 7.12599754e-02 -9.57310736e-01 2.23348141e-01
    1.73766601e+00 -1.09054565e-01 -4.99887586e-01 5.52367210e-01
    1.56605721e+00 1.29217982e+00 4.05353308e-01 8.71207714e-02
    8.52721989e-01 1.40231824e+00 -5.81479073e-01 9.92590189e-01
    -1.36194766e-01 2.46602297e-01 3.16322207e-01 1.38011575e+00
    4.39313173e-01 1.69551504e+00 1.90681887e+00 1.41772628e+00
    1.60128975e+00 3.80236030e-01 2.35175192e-01 3.42602074e-01
    1.65543652e+00 2.42076099e-01 -3.41412693e-01 1.30917621e+00
    -1.57579362e-01 -1.68314338e-01 -7.87306428e-02 1.95084202e+00
    1.00377011e+00 5.23419440e-01 8.82566988e-01 1.46952844e+00
    7.76709497e-01 -3.75740707e-01 -6.30539179e-01 -4.08436835e-01
    1.86003506e-01 1.75310302e+00 -8.71596456e-01 -3.78997087e-01
    1.58399904e+00 1.19740200e+00 1.87716579e+00 1.03229809e+00
    -3.76216471e-01 1.58138931e-01 -7.94940591e-02 1.90960646e+00
    1.14994311e+00 7.25777149e-02 1.23063827e+00 9.02638137e-01
    9.24687147e-01 -8.98205936e-01 -9.27140892e-01 -6.90055609e-01
    3.99641871e-01 5.68659604e-01 6.40721679e-01 3.70666504e-01
    -7.78547108e-01 1.35215974e+00 -8.67237449e-02 1.70834923e+00
    -1.01822197e-01 7.18652606e-01 1.50397360e-01 1.14646530e+00
    8.16679060e-01 1.58670330e+00 9.63973999e-03 1.05020022e+00
    -5.51547766e-01 -5.66459298e-01 -8.26190352e-01 4.94038224e-01
    4.99632955e-01 9.99109983e-01 -4.60738897e-01 1.99890733e+00
    -5.97936690e-01 -1.14498019e-01 7.99267054e-01 -2.42120326e-01
    1.69858193e+00 1.08716416e+00 1.21612978e+00 1.36158252e+00
    1.03614199e+00 -5.95498145e-01 -5.05063355e-01 1.11363411e+00
    6.82966530e-01 -9.85981226e-02 1.20584953e+00 1.36032820e+00
    1.86095607e+00 1.97650218e+00 -5.68437397e-01 1.45493567e-01
    -4.11434889e-01 1.18790579e+00 5.64038932e-01 1.39841115e+00
    -8.39706302e-01 7.31035948e-01 1.19750047e+00 -5.46293259e-01
    -8.25751543e-01 -1.86760008e-01 5.48510909e-01 1.05037093e-01
    -1.63383782e-01 1.54279733e+00 -7.47082949e-01 -7.84262002e-01
    6.90910578e-01 -6.93684936e-01 -7.95150638e-01 -2.07238793e-02
    1.55064511e+00 1.92354035e+00 -4.24457788e-02 -8.42067122e-01
    1.49175978e+00 5.65357924e-01 -2.94349313e-01 -6.11669660e-01
    9.31019783e-02 1.33662224e+00 7.27377951e-01 7.60822475e-01
    1.39177227e+00 -7.61353314e-01 9.04747486e-01 1.25454307e+00
    1.20450997e+00 -9.04377818e-01 -9.33311582e-02 6.26732349e-01
    -6.74282432e-01 2.94704199e-01 7.81277418e-02 1.40361571e+00
    9.29667592e-01 5.05889654e-01 -5.57981014e-01 8.33348632e-01
    -8.19077849e-01 -4.22194064e-01 1.64718795e+00 1.90617836e+00
    1.56521034e+00 -9.27578986e-01 1.18380737e+00 -8.74823868e-01
    -3.16619039e-01 -7.04200149e-01 -7.06034899e-03 1.51906013e-01
    -4.33394313e-02 2.46906996e-01 4.76433039e-01 1.46291423e+00
    -4.72143024e-01 -4.57741410e-01 -2.94283748e-01 -6.26409411e-01
    5.72784901e-01 8.39851201e-01 -8.29474688e-01 4.13637757e-01
    4.96657729e-01 -7.09097564e-01 3.30246627e-01 3.40880513e-01
    -6.31013870e-01 -2.20908761e-01 1.17387629e+00 2.89673686e-01
    1.73361731e+00 1.83894777e+00 1.56330919e+00 4.99772906e-01
    1.23197901e+00 -7.37667084e-03 1.40124464e+00 -6.16530299e-01
    -6.22049093e-01 8.42652321e-01 -6.54532552e-01 9.73880410e-01
    1.04554462e+00 1.29205203e+00 -1.65670753e-01 -5.71187615e-01
    2.35875487e-01 -3.62905741e-01 -9.47844863e-01 4.10329044e-01
    5.15792966e-01 6.29815757e-01 6.13823175e-01 1.78207636e+00
    4.27117825e-01 -1.72709107e-01 1.73090243e+00 9.33728397e-01
    2.91315198e-01 1.39487600e+00 -1.08456969e-01 -7.33368456e-01
    1.63301802e+00 1.31315041e+00 1.31774354e+00 9.82574522e-01
    9.36327338e-01 -7.86080658e-01 7.95656502e-01 1.08604145e+00
    1.31736159e+00 -8.26631665e-01 1.47466350e+00 1.88374209e+00
    3.11518967e-01 1.52288258e+00 -3.89894605e-01 -6.88111067e-01
    1.13091052e+00 1.08782315e+00 9.80433285e-01 3.68304253e-02
    -1.05868995e-01 1.17150879e+00 4.95990336e-01 9.48152244e-01
    -8.30359876e-01 9.22232926e-01 2.90207744e-01 5.67807078e-01
    -6.35265708e-02 1.37229204e+00 6.84320211e-01 1.41167307e+00
    -9.16553199e-01 1.26989579e+00 1.42629313e+00 1.90224755e+00
    1.53073895e+00 1.10787082e+00 1.75245690e+00 1.66180396e+00
    -5.24142921e-01 1.31993389e+00 1.78602183e+00 1.79746747e-01
    4.06301022e-03 6.44464850e-01 1.29718530e+00 1.90213931e+00
    6.65870905e-01 -7.46296465e-01 1.60882020e+00 1.43194914e+00
    1.32015514e+00 1.93776560e+00 6.78109050e-01 7.86326051e-01
    1.17671490e-01 5.08244276e-01 1.57771492e+00 1.27051115e-01
    1.87342596e+00 -6.34907365e-01 -8.89345109e-01 6.89348459e-01
    6.72392249e-01 2.63336599e-01 1.61351442e+00 3.79711628e-01
    -6.28643632e-01 -4.57812518e-01 9.75347340e-01 1.09780788e+00
    1.74547493e-01 5.72697222e-01 7.10735142e-01 1.89495444e+00
    1.25305653e+00 -6.09402657e-01 -8.34331870e-01 5.25273085e-01
    1.43439889e+00 1.95916378e+00 1.78389764e+00 -3.51119936e-01
    6.92622721e-01 7.02360928e-01 1.85412598e+00 -8.14465523e-01
    1.61213577e+00 1.03888690e-01 1.67170513e+00 1.48369074e-02
    1.19731212e+00 1.39072621e+00 -6.43169284e-02 -5.90696692e-01
    1.54659808e+00 1.58921492e+00 1.51699269e+00 1.34174359e+00
    1.72065091e+00 1.49261403e+00 -4.93589103e-01 -4.71969068e-01
    -8.58001113e-02 -6.13349676e-03 -1.66679800e-01 5.90595007e-02
    5.62365115e-01 1.27476406e+00 3.41037869e-01 -2.80462623e-01
    6.07643127e-02 7.62285888e-01 1.11054420e-01 1.02121973e+00
    1.61794329e+00 7.14805484e-01 1.81375360e+00 1.87627888e+00
    1.13128901e+00 -8.10775340e-01 -3.81706834e-01 -6.42416477e-01
    5.65079093e-01 -5.54360867e-01 8.78653824e-01 -1.38333738e-01
    1.80813301e+00 -7.66077697e-01 1.80298352e+00 -2.07202375e-01
    4.71835077e-01 1.86246419e+00 1.80312049e+00 1.44559562e+00
    -8.47143054e-01 1.22705030e+00 6.58384383e-01 -1.96887851e-01
    1.21508169e+00 8.03749204e-01 -3.61884952e-01 5.32725215e-01
    -4.29654121e-03 -8.28096211e-01 1.73435259e+00 1.55185986e+00
    1.04347110e-01 1.21971738e+00 2.00040698e-01 2.02021718e-01
    1.70966125e+00 7.20928073e-01 1.58314562e+00 1.37447000e+00
    5.27623832e-01 -4.32470083e-01 -8.01990271e-01 1.03616881e+00
    -2.61374712e-01 -7.54997015e-01 1.19393671e+00 -8.35541844e-01
    2.44298935e-01 1.63713312e+00 4.08896029e-01 4.34340835e-01
    5.03044724e-01 -4.92208153e-01 1.25486708e+00 -3.32000911e-01
    -8.08119774e-04 9.87005830e-01 -2.35207677e-01 1.31009960e+00
    2.74710417e-01 4.31718826e-01 -6.24364972e-01 9.19131041e-02
    2.46598005e-01 -7.82083333e-01 7.40224123e-02 1.56818414e+00
    -9.54920650e-02 1.61987770e+00 2.60385633e-01 1.68295205e+00
    9.02801991e-01 1.02782226e+00 7.05007315e-01 5.99944592e-01
    -5.59997976e-01 1.23747635e+00 -8.43929648e-02 -1.98046625e-01
    1.60381794e+00 -4.76523638e-02 -4.92452383e-02 -6.71932697e-01
    1.50960660e+00 8.68557513e-01 1.31789982e-01 8.45466256e-02
    1.75040960e-02 -4.01403308e-01 2.40799606e-01 1.56427610e+00
    -8.60709727e-01 -1.16708636e-01 -4.54052687e-02 9.22394097e-01
    1.17242610e+00 -7.03419387e-01 1.35791755e+00 -1.28754854e-01
    -7.13108778e-01 6.55316651e-01 -5.82944393e-01 1.66274834e+00
    -1.31993294e-02 -1.62161469e-01 1.60847330e+00 1.13178742e+00
    8.33756924e-02 1.80442214e-01 -9.61760998e-01 1.92862189e+00
    6.57296777e-01 -7.27534413e-01 4.38826978e-01 1.32516241e+00
    -8.59612286e-01 2.30283201e-01 -4.13871765e-01 -1.53811276e-01
    -2.83363760e-01 7.09510326e-01 9.21612322e-01 1.83628702e+00
    4.49770629e-01 -7.87798524e-01 -8.09772968e-01 -2.06317663e-01
    -3.24945569e-01 1.46895885e+00 5.65157294e-01 1.05822444e+00
    1.77975011e+00 -9.17116404e-02 5.22099316e-01 1.42631412e-01
    1.98195195e+00 3.23506236e-01 1.73603857e+00 1.91457081e+00
    1.18221688e+00 -4.06252563e-01 5.03970861e-01 1.10446715e+00
    1.79317188e+00 8.49304080e-01 -3.22408736e-01 1.49995089e+00
    3.23089004e-01 5.49674690e-01 1.06592405e+00 5.99867702e-01
    -8.85837555e-01 -7.47384965e-01 -5.65130711e-01 -1.46541119e-01
    1.47958159e+00 1.69069517e+00 5.96872270e-01 3.53816748e-02
    -2.00777709e-01 5.16141474e-01 -6.67309284e-01 -5.70298791e-01
    1.69817746e+00 -7.70670354e-01 1.95976245e+00 2.84067035e-01
    8.72275233e-01 1.11894715e+00 -6.22299552e-01 7.80861020e-01
    -5.06107926e-01 1.40064347e+00 8.82864356e-01 1.29401374e+00
    2.96608210e-02 6.40679717e-01 -1.83409572e-01 -3.68832469e-01
    1.16551352e+00 1.11395848e+00 8.53137374e-01 -9.58331525e-01
    7.22504735e-01 1.10531163e+00 8.24921072e-01 -1.07037008e-01
    -7.53007114e-01 1.04639781e+00 -5.06982028e-01 -3.83737743e-01
    8.83074105e-01 8.09308350e-01 1.57562852e-01 1.73727453e+00
    -2.16186225e-01 1.19953156e-02 -7.64434457e-01 1.26533520e+00
    -5.72401881e-01 1.88618207e+00 8.91436458e-01 -7.35309124e-01
    -2.43374944e-01 1.60530019e+00 4.18188214e-01 1.16416681e+00
    7.22277939e-01 8.82545590e-01 8.81452560e-01 -6.03000224e-01
    1.48285222e+00 3.75944376e-03 1.14150190e+00 -3.46907258e-01
    5.17793834e-01 1.45389128e+00 -8.41653585e-01 3.79454494e-02
    1.26934695e+00 1.77260315e+00 9.10039902e-01 2.78782368e-01
    1.26789427e+00 9.64366198e-01 1.71053481e+00 8.39452088e-01
    -8.06897104e-01 1.97460198e+00 -5.09329200e-01 5.75098157e-01
    1.88732111e+00 8.85203004e-01 1.91078484e+00 -1.26073539e-01
    -7.72423029e-01 -5.06967306e-01 8.01014662e-01 -9.08472538e-01
    1.70539081e-01 -3.86124909e-01 1.61403871e+00 -9.56213593e-01
    4.01047587e-01 -1.35646522e-01 1.89512777e+00 -2.57595897e-01
    1.84247160e+00 6.52171075e-01 4.69291210e-01 1.06049657e+00
    5.50576389e-01 1.74959731e+00 9.53875065e-01 1.09662318e+00
    1.78917551e+00 7.14651048e-01 1.37931657e+00 -6.39146924e-01
    -8.10451567e-01 -8.95398796e-01 -4.19669032e-01 1.27668238e+00
    3.10609221e-01 1.55268121e+00 1.70044482e+00 -7.02406049e-01
    1.72691083e+00 1.08501554e+00 1.31452513e+00 -3.65451992e-01
    6.15556836e-02 -7.83572912e-01 -7.69826770e-02 1.83982778e+00
    8.81371856e-01 1.07343614e+00 1.52760553e+00 -4.41384524e-01
    1.09651673e+00 6.67708755e-01 8.27576518e-02 1.21468306e+00
    -2.89768219e-01 -4.79206473e-01 1.13726497e+00 -5.39611697e-01
    8.20453525e-01 1.67699122e+00 8.68346214e-01 -4.84009087e-01
    2.09471762e-01 7.36448526e-01 5.68949342e-01 1.08425975e+00
    -2.02387333e-01 1.54556489e+00 5.23034453e-01 -6.41394258e-01
    1.44954205e+00 1.95562887e+00 1.61458397e+00 -4.79140997e-01
    -3.15099895e-01 1.25285244e+00 -7.58429945e-01 1.88995910e+00
    6.01235092e-01 7.42251694e-01 3.82056534e-01 1.92298818e+00
    6.65300369e-01 8.22684348e-01 2.92860568e-01 1.32302999e+00
    8.87511194e-01 -1.96073234e-01 1.14459586e+00 1.61093998e+00
    -6.25040054e-01 3.41498792e-01 -3.54265153e-01 1.24294579e+00
    1.55324221e+00 1.56900179e+00 1.26925385e+00 4.77170944e-02
    1.79686952e+00 1.00921345e+00 9.61157084e-01 1.71141517e+00
    -6.96622014e-01 -3.25142145e-01 2.50952244e-02 1.57406068e+00
    1.79386425e+00 -7.40038157e-01 8.19608092e-01 -1.93736553e-01
    -4.88843590e-01 3.62883747e-01 1.11903560e+00 -7.45269418e-01
    -7.98030972e-01 1.58974028e+00 7.75634110e-01 -4.30779248e-01
    7.91284740e-01 7.23734260e-01 9.17232156e-01 1.09311128e+00
    5.76428652e-01 1.85310292e+00 1.65236533e-01 1.31174421e+00
    8.84311318e-01 -9.31529522e-01 1.07359433e+00 7.30682254e-01
    -8.08919728e-01 1.23882723e+00 -2.38871634e-01 8.75461221e-01
    1.58068848e+00 1.76231480e+00 -2.04850912e-01 9.61154342e-01
    -1.76234186e-01 -4.90693688e-01 7.99750090e-01 1.89602494e+00
    1.87373877e+00 -5.60824692e-01 4.44010019e-01 1.46517348e+00
    1.42880929e+00 -8.81993175e-01 -4.85983849e-01 1.68143451e+00
    1.17433143e+00 9.42121863e-01 1.89016569e+00 -3.08594525e-01
    1.14825249e+00 1.72386491e+00 1.10581934e+00 1.74096608e+00
    1.07366407e+00 -4.26287055e-02 -5.69341183e-01 9.01082098e-01
    1.19450021e+00 -3.64214242e-01 6.63388729e-01 1.58839202e+00
    1.66229820e+00 1.05515885e+00 8.29993188e-01 3.62428308e-01
    -5.87003291e-01 -2.50852823e-01 1.79531145e+00 4.45465982e-01
    -4.63922083e-01 8.56792927e-01 8.70569944e-01 2.83954442e-01
    1.93796456e+00 -9.41620708e-01 -9.08697009e-01 1.66797817e-01
    1.25588584e+00 9.16712165e-01 6.23747945e-01 3.92291903e-01
    8.86901736e-01 -6.70214593e-01 -6.78683341e-01 1.51188374e+00
    1.01313806e+00 2.84802198e-01 1.67156899e+00 1.38829303e+00
    7.16789722e-01 1.85796666e+00 -8.96140635e-01 1.14345491e-01
    1.42139602e+00 5.29459119e-01 -3.71350050e-01 8.83889437e-01
    8.21460545e-01 3.33710551e-01 -6.85521841e-01 6.94726467e-01
    7.92349041e-01 2.33903885e-01 1.30265534e-01 1.33539701e+00
    1.53148222e+00 -7.59711146e-01 8.76941204e-01 1.20073795e-01
    5.48763752e-01 -1.81683838e-01 -1.21940076e-01 -1.67515337e-01
    1.35552788e+00 1.57648623e+00 -4.55612838e-01 -9.33363259e-01
    -6.80278242e-01 2.84987807e-01 1.63512421e+00 -4.36866224e-01
    1.58697128e+00 5.43398261e-02 6.26690269e-01 2.85693884e-01
    -6.55872524e-01 5.18448293e-01 -3.05846214e-01 1.03165174e+00
    -2.50149250e-01 -5.67858219e-01 1.97869885e+00 6.42004609e-01
    1.12026215e+00 2.04134285e-01 -5.08471251e-01 4.15657580e-01
    1.64590812e+00 4.34705853e-01 1.00828218e+00 9.43272352e-01
    -5.57243466e-01 8.14471364e-01 1.42637420e+00 8.52550864e-01
    3.93104792e-01 6.54956698e-02 -8.60657692e-02 -5.29344559e-01
    5.02077639e-01 3.77688766e-01 -8.22503567e-02 1.92526674e+00
    -3.83402944e-01 -2.81041205e-01 -1.19528770e-02 -3.28764915e-02
    1.66549087e-02 1.93157613e-01 -5.37142754e-01 1.82300234e+00
    1.73762560e+00 -3.10808957e-01 1.23224819e+00 7.82622099e-01
    1.52749062e+00 7.08639145e-01 -3.09373200e-01 7.73322642e-01
    1.83220077e+00 -6.88378811e-01 3.83980930e-01 -4.14776683e-01
    6.90401196e-01 -8.78972530e-01 1.03433323e+00 -1.06108189e-03
    -7.52462506e-01 -5.50387979e-01 1.79112768e+00 -4.36035991e-01
    7.95786858e-01 6.08252168e-01 1.35332286e+00 3.17343593e-01
    -6.12804532e-01 -3.16753328e-01 1.21663713e+00 4.32802677e-01
    -5.91666102e-01 2.67944336e-02 -3.46530497e-01 1.55678523e+00
    1.92641699e+00 -7.29561865e-01 1.03111589e+00 1.31276941e+00
    -2.47869432e-01 -1.90022826e-01 -4.44156766e-01 1.25890696e+00
    1.12489402e-01 -6.74008489e-01 1.51562142e+00 -4.29678500e-01
    1.72805512e+00 -8.91183615e-01 1.09947646e+00 1.96592748e+00
    -4.27218616e-01 2.05589056e-01 1.74038756e+00 3.21695507e-01
    -2.96141684e-01 1.45270264e+00 1.37942612e+00 1.21508288e+00
    1.62838519e+00 1.94843864e+00 9.13754463e-01 -3.74552250e-01
    1.03274894e+00 1.16776609e+00 1.88086462e+00 7.82280326e-01
    -7.15563774e-01 2.02978849e-02 1.58732414e-01 1.65802717e+00
    1.46436918e+00 4.76970553e-01 7.70598292e-01 -8.00011873e-01
    6.30494595e-01 2.43047953e-01 -6.53468609e-01 1.67397046e+00
    -3.35738599e-01 3.56532514e-01 -7.44051099e-01 1.79325545e+00
    -1.25023544e-01 4.45072651e-02 1.21905851e+00 2.57690430e-01
    1.04565012e+00 7.94731379e-01 8.24787140e-01 1.22571194e+00
    9.96069431e-01 -6.81727886e-01 1.34189260e+00 4.64331150e-01
    1.87040317e+00 1.77546525e+00 4.42312360e-01 -8.08888972e-01
    -8.83688629e-01 7.51132786e-01 1.16153085e+00 7.98607111e-01
    8.25512528e-01 -1.43158853e-01 5.57609022e-01 -2.70827413e-01
    1.47338331e-01 8.07229578e-01 2.52705872e-01 4.10799861e-01
    1.92131162e+00 1.64243817e+00 1.78511596e+00 8.41907263e-02
    1.67786062e-01 -4.68531907e-01 1.03618920e-01 1.16193235e+00
    -8.12800467e-01 1.71692276e+00 5.62190533e-01 8.72536659e-01
    -4.80909973e-01 8.72723460e-02 1.57116103e+00 1.29443884e-01
    -4.43724871e-01 1.46427929e+00 1.08087945e+00 -4.03151274e-01
    -8.83402109e-01 3.37520063e-01 1.96496856e+00 -7.60148287e-01
    1.27165544e+00 1.35072088e+00 -4.35301661e-02 1.68064642e+00
    9.06174541e-01 2.53735185e-02 1.08124781e+00 -6.47710502e-01
    -6.40545607e-01 1.59853923e+00 -3.64541769e-01 -8.02301526e-01
    1.74129128e+00 2.54786491e-01 6.75784707e-01 -8.69340181e-01
    1.30260849e+00 1.47710967e+00 2.29081631e-01 8.47972155e-01
    1.18202233e+00 6.69106126e-01 1.48189187e-01 2.73973346e-01
    1.42232466e+00 -7.22110569e-01 -9.70661998e-01 -4.84418869e-02
    -7.22131968e-01 -7.83138514e-01 -9.56255198e-03 -3.95708263e-01
    1.06835163e+00 1.84795797e-01 9.45526302e-01 -4.49761420e-01
    -8.33789706e-02 1.94285631e-01 -2.00135231e-01 1.59677243e+00
    9.36877728e-01 -1.09358549e-01 1.42627954e-03 1.75727522e+00
    -1.10162675e-01 -2.31435359e-01 1.17978072e+00 4.52175617e-01
    1.07332170e-01 1.31456041e+00 -4.38611090e-01 1.29800260e-01
    -2.18825340e-01 -8.88567984e-01 1.53166115e+00 1.32497883e+00
    5.21950424e-01 -1.38968706e-01 3.85489225e-01 8.64827573e-01
    1.61030293e-02 9.61493611e-01 5.20335436e-01 7.31712997e-01
    1.89011514e+00 4.29105878e-01 1.04939222e+00 3.78252268e-01
    1.89233041e+00 -5.46751857e-01 4.08631861e-01 6.84776843e-01
    -9.25242662e-01 5.27547061e-01 -6.04446054e-01 7.96540976e-01
    -7.11338699e-01 -5.30568302e-01 -2.76309431e-01 7.79051423e-01
    4.03848886e-02 -2.72818208e-01 -3.13343346e-01 -1.95436954e-01
    -9.56167698e-01 8.01014185e-01 1.03784108e+00 -3.51048708e-01
    6.59602284e-02 -4.81180191e-01 1.43608701e+00 9.62979078e-01
    1.41153431e+00 -5.38290501e-01 2.60673761e-02 -3.39691937e-01
    -3.19413722e-01 6.94039404e-01 -3.62247825e-02 9.48343873e-01
    7.53272474e-01 1.32962298e+00 -1.54279470e-01 1.82469177e+00
    1.97306478e+00 -5.52112818e-01 -1.02583528e-01 7.82995582e-01
    1.48908019e+00 -5.62968910e-01 1.57434821e+00 -6.11703515e-01
    -6.33636117e-01 -6.98034763e-02 1.51838350e+00 9.66394365e-01
    -7.94865668e-01 -3.76950145e-01 -1.04606926e-01 -1.97498441e-01
    1.06802487e+00 1.20388293e+00 6.11964703e-01 1.28019774e+00
    1.67860174e+00 1.40035343e+00 1.57205367e+00 6.68641925e-01
    7.70584106e-01 1.16555285e+00 -7.04194903e-01 1.93374312e+00
    -4.28032756e-01 -1.62016630e-01 2.65118718e-01 4.37839508e-01
    1.14043653e+00 1.93932986e+00 -6.87621593e-01 1.84717178e-01
    4.93730068e-01 1.14849126e+00 6.33401155e-01 -3.26542914e-01
    7.32171535e-02 1.97515082e+00 1.65257382e+00 1.39557123e-02
    1.13532567e+00 3.59765410e-01 -8.18465710e-01 1.16935921e+00
    -7.14445889e-01 -8.08405519e-01 2.89540231e-01 7.52743006e-01
    -7.39487112e-01 -2.34430134e-01 1.65341425e+00 -8.11376810e-01
    6.50378525e-01 2.06408560e-01 1.11030221e-01 5.69197297e-01
    -6.28491998e-01 -6.88267946e-02 5.81434190e-01 1.22420216e+00
    -1.35949850e-01 -6.18969798e-01 -3.10392857e-01 -7.87835717e-02
    1.87929010e+00 -7.77020872e-01 8.50638330e-01 1.20788264e+00
    1.47526240e+00 1.06347060e+00 -4.63459432e-01 -6.16149187e-01
    4.81739879e-01 1.43750191e+00 -5.19118249e-01 9.12177205e-01
    1.26757050e+00 1.90673983e+00 -6.33402467e-02 1.87859344e+00
    4.40369487e-01 1.33503032e+00 1.25697160e+00 -6.56292439e-01
    -3.31717312e-01 1.09964323e+00 -7.87997186e-01 -7.74184465e-01
    1.68888116e+00 -3.33355486e-01 6.52200341e-01 -7.84432292e-02
    1.61922050e+00 -9.81444716e-02 -4.98164505e-01 1.22090960e+00
    1.38631129e+00 1.39228320e+00 -4.44180787e-01 -4.76463735e-01
    2.75999129e-01 1.14884555e+00 1.24944174e+00 -3.03378105e-02
    1.56159258e+00 1.28207994e+00 1.14586675e+00 1.63014150e+00
    1.49343407e+00 1.04165840e+00 -4.29212332e-01 1.07441723e+00
    1.69047904e+00 -5.05840421e-01 -1.10854328e-01 -6.81781173e-01
    8.31522405e-01 1.98233318e+00 -1.26903534e-01 2.06621814e+00
    1.48279905e+00 2.23432064e-01 -6.70592785e-02 9.46984828e-01
    -4.60499287e-01 1.48321247e+00 -8.28877687e-02 1.10606146e+00
    7.24864602e-01 9.39251781e-02 1.48711085e+00 -2.61133671e-01
    -1.38835907e-02 1.25823402e+00 1.14887714e+00 1.80479467e+00
    1.81103432e+00 4.52908337e-01 1.89124751e+00 -7.70128012e-01
    1.50648284e+00 2.95840919e-01 3.20495188e-01 -1.59410059e-01
    7.46626377e-01 8.20220768e-01 -3.11716199e-02 1.49226832e+00
    1.02350354e+00 3.43690395e-01 8.15576673e-01 7.28854418e-01
    -5.62594533e-01 1.56847072e+00 7.78700054e-01 1.90072775e+00
    3.26029897e-01 6.12190127e-01 8.70965362e-01 1.20101213e+00
    8.83781433e-01 3.78689528e-01 1.16593432e+00 -3.08342934e-01
    3.07056785e-01 -9.83986974e-01 6.00184202e-02 8.61514211e-01
    -9.34931278e-01 6.96755409e-01 6.41675949e-01 5.08908629e-01
    1.68317556e-02 -9.90070105e-02 -2.57223904e-01 -8.59499574e-01
    3.29805374e-01 3.38083506e-01 9.87144351e-01 1.02499223e+00
    -1.47790134e-01 -8.89620841e-01 6.57264531e-01 -2.81155884e-01
    5.75117350e-01 3.10345590e-01 2.85822153e-02 -2.12805033e-01
    -5.09293318e-01 1.86443353e+00 1.79019737e+00 2.01718748e-01
    4.60054934e-01 2.92737246e-01 6.38000607e-01 -1.71041250e-01
    8.80081952e-01 -8.12808394e-01 7.16782868e-01 4.77532506e-01
    -5.87466776e-01 1.80028343e+00 3.13681126e-01 8.08228731e-01
    -5.16534150e-01 -4.54938889e-01 6.37435734e-01 2.22735405e-01
    7.29746103e-01 -3.08081686e-01 5.62104225e-01 1.18726456e+00
    -7.47701168e-01 4.97149765e-01 1.10777140e+00 -4.75262582e-01
    1.55849719e+00 -3.40081871e-01 7.86611855e-01 1.07945132e+00
    2.03720629e-01 1.21902657e+00 4.08860326e-01 5.53001523e-01
    1.05959249e+00 2.26147175e-01 -4.57182527e-01 9.97333288e-01
    1.28071618e+00 3.44130278e-01 1.50888920e+00 1.08412087e+00
    1.04891086e+00 -5.80816269e-01 1.54214203e+00 5.07120073e-01
    2.04070497e+00 9.27961826e-01 5.38115799e-01 -4.69270825e-01
    1.91840112e+00 1.38123643e+00 1.16712475e+00 -1.82999313e-01
    6.37333989e-01 1.77224350e+00 -8.50854278e-01 1.85341239e+00
    -9.43370461e-02 9.35206115e-01 -7.66333461e-01 -2.95130849e-01
    -1.22191131e-01 1.35256600e+00 8.39752138e-01 -1.16047025e-01
    -2.89341807e-01 8.78876746e-01 1.25983238e-01 2.23274291e-01
    -3.08805525e-01 5.99095166e-01 7.66073525e-01 1.26695764e+00
    -4.33050603e-01 1.27082002e+00 1.36609089e+00 5.97409606e-02
    1.75103831e+00 5.58613539e-02 -2.85361230e-01 1.07810175e+00
    1.82307041e+00 -1.23941481e-01 1.49909759e+00 3.60213041e-01
    -2.81238377e-01 -6.75097406e-01 1.76594782e+00 -4.53243077e-01
    1.71448398e+00 -7.53970325e-01 -3.98452640e-01 1.22247410e+00
    1.48863792e-01 1.79266262e+00 1.78717148e+00 2.14035630e-01
    4.78995681e-01 1.44277096e+00 1.30638981e+00 9.46779549e-01
    9.97208178e-01 -2.37078130e-01 1.17298591e+00 -2.32279301e-01
    7.71057665e-01 1.73443699e+00 -8.30084801e-01 1.08030427e+00
    1.51165259e+00 7.13484347e-01 1.03011763e+00 1.57163763e+00
    -4.96813744e-01 -1.35987341e-01 8.91282558e-02 1.43969989e+00
    3.62296760e-01 1.17307436e+00 -6.18530989e-01 -4.87214655e-01
    9.92231131e-01 9.11978185e-01 -1.59639120e-03 3.61214995e-01
    1.97453737e+00 1.14953876e+00 -3.34085047e-01 -2.70521283e-01
    1.19802761e+00 -5.59895992e-01 6.73955619e-01 1.74543524e+00
    1.41239166e-02 -4.50007677e-01 1.20863008e+00 1.59884858e+00
    1.08100057e+00 3.82755756e-01 1.27122366e+00 1.06847835e+00
    -3.37116659e-01 1.30672669e+00 -4.04999852e-02 2.72139549e-01
    1.31716120e+00 -3.32664192e-01 1.68856311e+00 1.49233699e-01
    -4.34534431e-01 1.19140005e+00 -9.04920638e-01 8.67379844e-01
    -9.98960137e-02 -7.89596856e-01 2.53091574e-01 -2.01445997e-01
    -5.59257567e-01 1.57549655e+00 9.08263385e-01 1.87959433e+00
    7.14028060e-01 6.94580615e-01 1.34167194e+00 8.38164389e-01
    9.13190782e-01 -8.82138908e-01 1.87415636e+00 -9.36194062e-01
    4.66418147e-01 1.18248272e+00 -2.27094233e-01 -3.81625295e-02
    3.87597442e-01 1.61490512e+00 -1.15725577e-01 7.56523192e-01
    -4.12346154e-01 1.81780839e+00 5.69688499e-01 1.70965695e+00
    -7.51704276e-01 1.03606641e+00 2.91581810e-01 4.02664244e-01
    -7.76452243e-01 -7.13821530e-01 1.72525334e+00 2.83220351e-01
    -7.44880557e-01 6.04609370e-01 1.59967482e-01 1.51669443e+00
    5.47381759e-01 5.63322186e-01 1.45186508e+00 -3.12484980e-01
    1.19337988e+00 1.31895745e+00 1.64170909e+00 -6.92057967e-01
    1.44094038e+00 -1.77302063e-01 -7.96507716e-01 1.32015824e+00
    1.04197621e+00 -7.62303591e-01 1.90970492e+00 1.34615946e+00
    1.07365286e+00 -7.00026572e-01 1.93944025e+00 1.91808784e+00
    -3.86756957e-01 1.16607690e+00 1.50708163e+00 5.36107957e-01
    7.75105000e-01 1.78643227e-01 1.92334509e+00 1.51366138e+00
    5.51354885e-03 1.77665293e+00 2.75110126e-01 1.33589578e+00
    -6.40309870e-01 5.78260183e-01 5.94936490e-01 5.73468328e-01
    -1.46985948e-01 1.37889194e+00 -4.59510982e-01 1.59672916e+00
    6.92547560e-01 3.67994308e-02 8.69778395e-01 1.57554746e-01
    -2.73954630e-01 -7.24233150e-01 9.65273917e-01 1.43416619e+00
    7.45513499e-01 -2.91590512e-01 1.11030650e+00 1.11372411e+00
    1.91410780e-02 8.08954954e-01 6.11428678e-01 2.80835629e-01
    1.82100785e+00 1.99630260e-01 2.46581078e-01 1.15057075e+00
    8.48830760e-01 3.86538029e-01 -7.51678109e-01 1.23813033e+00
    -3.21489990e-01 1.63834476e+00 -5.16305447e-01 -2.30935991e-01
    1.03372216e+00 1.05240583e-01 1.22827065e+00 6.00677133e-01
    8.06422114e-01 6.70674920e-01 -3.74603868e-02 6.17235184e-01
    -6.07713640e-01 -9.09362733e-01 6.27177656e-01 1.70690393e+00
    1.01623750e+00 8.07226300e-01 1.62474692e-01 8.32203805e-01
    -1.57343268e-01 5.59436440e-01 -6.38050139e-01 1.72724128e-02
    3.11298609e-01 1.72021019e+00 -1.17324233e-01 -7.44502127e-01
    1.84342074e+00 -1.77356005e-01 1.77933800e+00 4.48801756e-01
    1.75320077e+00 1.20611811e+00 -2.45895207e-01 8.06462169e-01
    5.71789026e-01 9.21528220e-01 1.27309453e+00 1.28195286e-01
    -4.84810144e-01 6.58275008e-01 4.81997192e-01 2.82758296e-01
    1.27398849e+00 -3.01226497e-01 -1.11663163e-01 -5.78891635e-01
    1.89239764e+00 1.08477807e+00 -3.21984887e-02 -1.91432297e-01
    5.43546677e-02 6.14281178e-01 7.15786994e-01 1.56736612e+00
    -3.84320080e-01 -2.40252316e-01 5.55448115e-01 9.42552567e-01
    -2.88169920e-01 4.86319184e-01 3.34147871e-01 6.74723327e-01
    8.99743736e-01 3.50957990e-01 9.40908492e-01 9.02628064e-01
    3.34440768e-01 2.29201138e-01 5.02008021e-01 -7.68210769e-01
    4.14786637e-01 1.76244450e+00 2.60806203e-01 3.46202075e-01
    2.83542454e-01 3.05331290e-01 3.69294107e-01 1.08676624e+00
    -4.78305161e-01 -7.90550172e-01 3.95039082e-01 -4.02406275e-01
    1.73156488e+00 1.64293838e+00 5.86773634e-01 -6.09342933e-01
    -2.24291861e-01 -6.94041550e-01 4.88960743e-02 8.23234558e-01
    1.76709461e+00 1.34831429e+00 -4.27280188e-01 1.21638930e+00
    -6.38065934e-01 1.46006560e+00 1.10269356e+00 4.40402985e-01
    1.09000564e-01 -8.26176941e-01 7.76574552e-01 2.76092887e-02
    1.41019678e+00 4.10527647e-01 7.34786391e-01 -8.18536878e-02
    1.27694964e+00 1.19747162e+00 5.61398327e-01 -4.57159430e-01
    6.11943007e-02 3.52603912e-01 1.56293476e+00 1.93006217e-01
    1.80438876e-01 -3.56883705e-01 -6.88931286e-01 3.79994035e-01
    -5.97987175e-01 9.99293268e-01 1.09420300e+00 -5.19404650e-01
    1.03811479e+00 -3.50097716e-01 1.55454874e+00 1.13136828e+00
    -5.35135984e-01 -8.23272467e-01 -8.70085597e-01 4.99989092e-01
    1.09758377e-02 1.11567914e+00 -2.68091261e-01 -1.37773275e-01
    -4.40441489e-01 2.35302567e-01 1.99649096e-01 -8.65973473e-01
    6.75223827e-01 1.74960494e+00 -9.76007938e-01 -8.70679498e-01
    -6.75861359e-01 1.83540106e+00 1.22319865e+00 3.47508371e-01
    1.78042328e+00 1.68806577e+00 9.16795850e-01 -8.50806177e-01
    1.36240900e+00 7.70130217e-01 7.12011099e-01 8.56253922e-01
    1.76206923e+00 4.90266860e-01 1.25304699e+00 1.22557783e+00
    -1.30210936e-01 -3.75348210e-01 -6.05848551e-01 -6.81281686e-02
    1.65688252e+00 -8.24812651e-01 1.06381941e+00 -5.55423856e-01
    4.46000099e-01 7.58895457e-01 -3.77288938e-01 -7.45182395e-01
    2.46494830e-01 7.60880232e-01 -1.43691599e-01 1.14902389e+00
    -1.82463646e-01 1.95525241e+00 5.90187252e-01 1.91269183e+00
    2.86828995e-01 -3.78944755e-01 3.26488972e-01 1.39836645e+00
    8.48361254e-01 1.58484912e+00 -1.47698760e-01 -3.92420292e-02
    -1.41854167e-01 3.56791019e-01 -3.98670137e-01 6.96269989e-01
    1.14342868e+00 8.76865864e-01 1.14259183e+00 -8.23659062e-01
    1.25551176e+00 1.69520712e+00 1.71185946e+00 -6.71143830e-01
    -2.70543516e-01 -4.57626879e-01 -4.86317664e-01 -7.16187000e-01
    -3.19194794e-02 8.31939161e-01 3.23761523e-01 2.53463507e-01
    -7.44444251e-01 1.70542002e+00 -6.92077875e-01 7.58772910e-01
    5.65537333e-01 1.46003580e+00 5.57132006e-01 -4.03904915e-01
    3.85767162e-01 1.04208064e+00 1.91321385e+00 3.50655198e-01
    -3.57554793e-01 4.55901623e-02 -7.31203675e-01 1.68161631e+00
    1.28732252e+00 9.66174841e-01 1.77504790e+00 1.19744360e+00
    1.38254678e+00 1.73378265e+00 -7.37789392e-01 -6.25236273e-01
    7.15286136e-01 2.74890661e-02 1.01697385e+00 -7.18843937e-03
    1.51641250e+00 -1.22939527e-01 2.73301125e-01 1.70292115e+00
    2.63335109e-01 8.46456945e-01 -7.11075962e-01 5.09041250e-01
    1.40971804e+00 1.36391079e+00 1.07618129e+00 5.01537800e-01
    -7.49211669e-01 1.62507701e+00 -3.67167175e-01 4.75370169e-01
    1.71833873e+00 7.93190181e-01 1.58440876e+00 1.55122423e+00
    1.07716143e+00 -5.94253182e-01 1.51865864e+00 1.71855366e+00
    7.19815493e-02 1.37498105e+00 1.25784528e+00 -9.07537043e-01
    -5.67161202e-01 1.07842970e+00 1.04405570e+00 -8.72968793e-01
    -7.17447579e-01 9.16178942e-01 -6.84138060e-01 -2.84487128e-01
    4.02732372e-01 -3.20658803e-01 1.40475929e+00 1.08795166e-01
    -5.11674047e-01 1.70325065e+00 8.60255063e-01 -5.79936147e-01
    -7.02213824e-01 2.56331384e-01 -4.62748587e-01 7.35014677e-03
    -9.52926278e-01 1.72563910e+00 1.52273536e-01 9.07192647e-01
    1.25822198e+00 1.84833491e+00 -4.43903804e-02 1.61315668e+00
    5.35729527e-01 5.85781753e-01 2.94255733e-01 1.10161412e+00
    -1.05028868e-01 -6.90122306e-01 -1.13269567e-01 -1.33475900e-01
    -5.79744577e-02 1.51508975e+00 -2.22226441e-01 -6.20070815e-01
    -7.24659860e-01 1.66663742e+00 2.27536678e-01 1.34854388e+00
    -2.25271344e-01 1.34971070e+00 9.57995772e-01 4.45806146e-01
    -4.88409966e-01 1.30965638e+00 -2.76673019e-01 7.28713095e-01
    -1.99559569e-01 -2.47214258e-01 2.93866396e-01 3.02955449e-01
    -8.67087305e-01 -6.95866525e-01 1.73272228e+00 1.16277826e+00
    -2.08050072e-01 -3.51867557e-01 8.42471600e-01 9.63276029e-02
    1.38041544e+00 -1.17326736e-01 6.86385989e-01 -2.11106896e-01
    1.02829361e+00 1.55894160e+00 4.37129855e-01 9.37428832e-01
    1.12699580e+00 1.39086413e+00 1.39605701e-01 4.40069795e-01
    3.33587408e-01 -6.72721863e-01 1.48905253e+00 5.54029524e-01
    5.30168235e-01 5.97888827e-01 -9.71910954e-01 1.43378782e+00
    1.29794884e+00 5.71341574e-01 -9.77492929e-01 -9.54316616e-01
    -9.64324832e-01 1.25556457e+00 1.74893427e+00 1.99957609e+00
    4.69111681e-01 -2.11871207e-01 -8.28157842e-01 -8.69815290e-01
    2.00625110e+00 -5.92970729e-01 -4.57548916e-01 -3.70468557e-01
    2.35844731e-01 9.36705768e-01 8.64698470e-01 5.63086212e-01
    6.75668716e-01 -4.98473287e-01 3.36853504e-01 1.55575931e+00
    -5.25983691e-01 1.75602150e+00 -8.48928034e-01 1.51784551e+00
    -7.35889316e-01 8.30746531e-01 3.74317169e-03 1.35372818e-01
    -3.76770258e-01 1.24203372e+00 -5.95898271e-01 1.17799091e+00
    8.40740919e-01 6.64184272e-01 -8.26125145e-02 1.95945239e+00
    -4.89394575e-01 1.11301231e+00 3.54250491e-01 -6.78645432e-01
    6.65686905e-01 -3.54944944e-01 8.17713737e-02 -6.32499456e-01
    3.90295982e-02 -7.69002080e-01 1.51500463e-01 1.47620535e+00
    -9.13971424e-01 -9.40896690e-01 -5.29679775e-01 9.84893918e-01
    1.94672203e+00 1.83714819e+00 -7.32546806e-01 1.43933702e+00
    7.23835945e-01 -6.25094295e-01 1.39692390e+00 1.62980437e-01
    2.65118837e-01 -6.93130195e-01 8.43689919e-01 -7.81787276e-01
    9.94695127e-01 3.33500564e-01 3.21036160e-01 7.54159689e-03
    1.64837360e+00 4.74705815e-01 1.16858292e+00 -4.35170859e-01
    -8.45635533e-02 -2.00197697e-01 6.30827785e-01 2.28967845e-01
    4.60912347e-01 1.42378926e+00 -7.01516449e-01 1.47687197e-02
    -7.58405447e-01 -2.30365992e-03 9.00536776e-01 1.15058875e+00
    7.86797941e-01 1.60077715e+00 2.93978274e-01 -6.95521235e-02
    -7.00549483e-02 -1.21116102e-01 2.01440668e+00 9.49370682e-01
    -4.35312092e-01 1.77203989e+00 8.97432566e-01 1.32461858e+00
    1.02305567e+00 -5.17015457e-02 -3.75541210e-01 1.32577968e+00
    -1.85517967e-01 -2.35375822e-01 -7.62658834e-01 8.09130549e-01
    1.12743008e+00 -2.33292937e-01 -6.59044623e-01 1.00685668e+00
    1.20488548e+00 -1.84593320e-01 1.43580937e+00 1.92883921e+00
    -1.52071834e-01 3.66855204e-01 -5.34311831e-01 -4.08422530e-01
    -1.88921690e-01 -6.89735174e-01 3.98283601e-02 2.96479166e-01
    1.22456455e+00 7.63878644e-01 -7.55441189e-02 1.58100903e-01
    6.10800505e-01 -9.32812572e-01 1.43469667e+00 6.69157326e-01
    1.56996346e+00 -5.95764339e-01 1.48811710e+00 -4.17289138e-01
    -5.13572097e-02 5.53261697e-01 5.36382198e-04 1.71819329e+00
    1.51775694e+00 1.83150625e+00 1.47954035e+00 1.26300478e+00
    1.00546873e+00 1.86577058e+00 4.27811921e-01 -7.42009342e-01
    1.30904174e+00 1.70400012e+00 8.91587317e-01 5.63885987e-01
    1.23834586e+00 -8.67388129e-01 1.52070653e+00 -2.71841526e-01
    1.15339792e+00 -5.83500743e-01 1.33879602e-01 -6.43707573e-01
    -2.61683643e-01 6.31272852e-01 -9.08335328e-01 1.72608364e+00
    9.69768047e-01 7.80295134e-01 1.23369789e+00 3.98667157e-01
    -1.89294517e-01 -4.07875657e-01 1.81236088e+00 -2.53623426e-01
    1.83089662e+00 -3.77754211e-01 3.29943597e-01 1.14614177e+00
    8.40942085e-01 4.39450085e-01 -6.95396185e-01 1.37836623e+00
    -3.75516534e-01 1.70662475e+00 1.67493808e+00 6.77193880e-01
    -9.08729792e-01 -9.86353219e-01 1.92313027e+00 -1.23837352e-01
    1.81543410e+00 -1.85246587e-01 1.15233231e+00 3.79933536e-01
    1.87350035e+00 1.10973597e+00 1.31402850e+00 3.50639224e-02
    1.05194759e+00 3.29636693e-01 -8.56427073e-01 2.24069655e-01
    7.91834176e-01 3.73809695e-01 1.91276395e+00 1.08308959e+00
    1.02576864e+00 1.79522073e+00 1.69927621e+00 5.38531125e-01
    -1.81964338e-01 -8.01027238e-01 7.06570387e-01 -2.95173943e-01
    2.03937840e+00 -8.47949028e-01 1.57268572e+00 1.79405355e+00
    1.42609644e+00 -7.07067430e-01 9.94430184e-01 -9.48506594e-02
    3.50680470e-01 1.46484256e+00 -3.94930661e-01 -4.72635478e-01
    1.51944900e+00 4.96201396e-01 4.20768857e-01 -1.17246866e-01
    1.66673064e-01 -6.08107686e-01 -5.28640270e-01 9.45698798e-01
    3.72480750e-01 1.15419173e+00 -1.91921711e-01 6.91295087e-01
    -8.31374466e-01 8.82040799e-01 2.08196044e+00 -7.08912611e-01
    3.90683472e-01 -7.24714518e-01 4.93560195e-01 -3.70981395e-01
    1.91855383e+00 9.41377878e-03 -8.87849808e-01 1.58348417e+00
    1.80209017e+00 5.44057369e-01 -7.74264753e-01 1.08700824e+00
    3.30790758e-01 -3.30095947e-01 1.01671064e+00 -3.33366930e-01
    7.13262379e-01 1.16929388e+00 6.96237803e-01 4.70168352e-01
    -5.29718399e-02 -5.49103379e-01 6.43332839e-01 6.57184958e-01
    1.11944246e+00 1.86715984e+00 -5.36477566e-03 -1.78578317e-01
    1.62703848e+00 1.33508945e+00 1.00078106e-01 1.74694014e+00
    1.54770422e+00 7.33289778e-01 -5.44907749e-01 -1.54894412e-01
    9.05646384e-01 6.42272174e-01 6.99309886e-01 1.17491639e+00
    1.51526785e+00 1.44045639e+00 1.85634363e+00 9.41593051e-01
    1.20643520e+00 1.48401952e+00 9.60432112e-01 1.58048880e+00
    2.06884265e-01 -4.03122842e-01 4.75496054e-03 -7.00383186e-01
    1.77419865e+00 7.21876323e-01 -4.28713053e-01 5.17384112e-01
    -2.96485066e-01 1.51325786e+00 -1.12518370e-01 1.73729539e+00
    1.91163492e+00 -5.31932473e-01 -2.72817612e-01 1.92986369e+00
    9.49836195e-01 1.29087281e+00 1.57303905e+00 -1.13454223e-01
    -3.52831423e-01 1.08299863e+00 1.30083406e+00 -2.69951582e-01
    -2.42869258e-01 7.62063563e-01 -9.23491895e-01 1.35755658e+00
    1.20506096e+00 1.02712488e+00 9.79544222e-01 1.20311797e-01
    -6.43640697e-01 2.07650006e-01 5.89673877e-01 1.78889775e+00
    1.31338298e-01 1.59229898e+00 5.45605600e-01 -3.57913494e-01
    -5.42682886e-01 1.80820990e+00 -8.41881335e-01 -4.04492676e-01
    1.89851499e+00 8.68580103e-01 1.00186157e+00 -5.38066089e-01
    8.75369370e-01 -9.31572556e-01 -3.57680142e-01 1.12004995e+00
    1.56487799e+00 5.50606489e-01 1.08561373e+00 -7.02242136e-01
    -4.96621132e-02 -5.88417411e-01 -2.61225820e-01 1.00966251e+00
    1.52271390e-01 5.15551984e-01 5.39116263e-02 1.18321824e+00
    4.94606376e-01 -1.07407987e-01 2.83400476e-01 5.15524149e-02
    9.66987491e-01 -4.28747475e-01 -1.74094677e-01 1.42763197e+00
    -6.59002304e-01 4.44921851e-02 1.18415260e+00 8.20699990e-01
    -1.14013016e-01 -3.32761168e-01 -2.23890185e-01 1.24993432e+00
    -6.33813024e-01 1.20018482e-01 3.20279717e-01 3.73139083e-01
    1.34174824e-01 1.74582183e-01 -4.63886619e-01 6.62523925e-01
    1.83571529e+00 2.02163517e-01 -5.47237992e-01 4.96195376e-01
    -7.27463424e-01 7.83970952e-02 1.88042796e+00 -8.22619736e-01
    9.21411991e-01 1.78039384e+00 1.64722562e+00 2.64963627e-01
    1.63865030e+00 1.37233043e+00 -2.38035619e-01 1.07359195e+00
    -2.01745987e-01 1.73853397e+00 1.76700497e+00 1.54478574e+00
    1.96487045e+00 1.11403823e+00 1.03223419e+00 -8.41080070e-01
    5.64466119e-01 1.24497890e+00 1.34054279e+00 1.54756141e+00
    1.20509791e+00 -7.90570557e-01 1.39101207e+00 -7.83960164e-01
    7.82229900e-02 5.74588716e-01 -6.24238610e-01 1.66584074e+00
    1.24211025e+00 1.19899178e+00 -5.39876223e-01 2.81316996e-01
    3.80428791e-01 7.40879774e-02 4.03982878e-01 -4.99727964e-01
    -8.31656814e-01 7.34103143e-01 1.40813375e+00 3.08050573e-01
    1.96167290e-01 5.98414421e-01 -7.00568736e-01 1.17407775e+00
    -6.08652830e-03 1.99106431e+00 1.39847279e+00 1.80047441e+00
    6.90444231e-01 1.70152879e+00 -7.22485840e-01 8.17430019e-01
    1.44210970e+00 9.71917808e-01 -9.44642961e-01 1.86441886e+00
    2.85517097e-01 1.30964637e+00 7.79207349e-01 6.95412517e-01
    -4.10649925e-01 1.07000554e+00 1.24893785e+00 -3.32766652e-01
    1.27910328e+00 -5.13340116e-01 -5.63643098e-01 -7.50452280e-02
    7.93411136e-01 7.65393078e-01 -8.05771351e-01 1.74583507e+00
    1.52533376e+00 -5.19074023e-01 -3.59672904e-01 1.86049163e+00
    1.65163302e+00 8.56652856e-01 -6.32301867e-01 -8.15274537e-01
    -5.55183887e-01 -8.74806881e-01 6.55978918e-01 9.38661814e-01
    1.71907783e+00 1.28617907e+00 -1.44966066e-01 7.99823523e-01
    -4.47446048e-01 2.31086135e-01 -8.54544580e-01 -4.62649137e-01
    2.78637290e-01 -4.09497857e-01 1.79004991e+00 7.57569909e-01
    1.41452813e+00 -4.31175053e-01 5.30174494e-01 -1.29402280e-02
    -7.58534074e-02 -5.02453804e-01 -7.83310175e-01 1.81562006e+00
    1.13520849e+00 2.36798525e-02 1.95261800e+00 1.44716120e+00
    -2.70639777e-01 -2.38838077e-01 8.39523375e-01 2.85992026e-02
    1.33171499e+00 7.65081048e-02 -7.08875954e-01 6.53508186e-01
    8.07719827e-01 2.52207518e-02 3.45416546e-01 1.66976857e+00
    -9.59627211e-01 1.17600727e+00 5.89033246e-01 1.36639571e+00
    7.92267799e-01 -8.31982017e-01 4.28140759e-01 7.70366073e-01
    1.16583371e+00 8.22084427e-01 -4.40931857e-01 -9.99416113e-01
    -4.35327232e-01 7.32455134e-01 4.63765860e-01 -1.29021883e-01
    5.82079530e-01 6.32680535e-01 -4.38614309e-01 -3.62741351e-01
    1.12133265e+00 5.08321583e-01 -1.83388174e-01 -6.32358134e-01
    -7.03708887e-01 8.40708733e-01 1.86850667e+00 -2.82781124e-02
    1.28821945e+00 -3.40284288e-01 -5.54720163e-02 -7.19670475e-01
    1.34843314e+00 -6.02145791e-02 -3.66557062e-01 1.58216262e+00
    1.44961596e+00 9.03769135e-01 3.05480242e-01 4.46432829e-02
    1.17404890e+00 1.67053401e-01 1.28729355e+00 -5.69046736e-02
    -7.50445366e-01 1.52440262e+00 -4.88415658e-01 1.52547336e+00
    1.59569168e+00 -9.15661335e-01 -2.25508094e-01 1.26905406e+00
    1.09912777e+00 -5.03756404e-01 2.14592814e-02 -3.05651903e-01
    9.31241572e-01 1.14667976e+00 1.92152190e+00 -2.97906995e-01
    -3.93831491e-01 1.57716906e+00 1.55609465e+00 1.53426814e+00
    8.33036482e-01 1.01366842e+00 2.13819146e-01 1.51470375e+00
    -8.99084210e-02 -2.61676908e-01 -3.78329784e-01 -7.27295160e-01
    1.06675076e+00 4.94749606e-01 -6.13314748e-01 9.79162931e-01
    1.99762940e-01 -8.12750220e-01 -5.65052032e-02 -2.01165020e-01
    1.45479608e+00 5.11541843e-01 1.28015852e+00 8.03617358e-01
    -8.40849578e-01 1.45526481e+00 -6.81664646e-01 1.76110744e+00
    -8.79327238e-01 7.19485760e-01 -6.04912877e-01 6.96812153e-01
    8.02453756e-02 -7.62089729e-01 -4.84830320e-01 -8.99924695e-01
    -3.17202747e-01 1.27241766e+00 -7.20014572e-01 -1.62630200e-01
    2.05109382e+00 -7.68159032e-01 -8.42124104e-01 -7.40332842e-01
    7.24016786e-01 9.56043541e-01 7.68105268e-01 1.28399301e+00
    1.12240756e+00 1.28778994e+00 3.06736112e-01 -1.74681008e-01
    1.50768626e+00 1.48522139e+00 4.44058955e-01 -1.12186193e-01
    7.71739602e-01 -8.21321785e-01 1.47782874e+00 -2.05503345e-01
    1.59709096e-01 -7.21403718e-01 2.01057601e+00 2.20432937e-01
    9.65827107e-02 -8.18012774e-01 1.09440541e+00 7.10802436e-01
    3.16222370e-01 7.78533816e-02 8.29610109e-01 4.58972633e-01
    8.86001229e-01 -7.43924916e-01 5.43758571e-01 -8.62516284e-01
    1.48393321e+00 4.01711524e-01 -4.86174792e-01 7.61330903e-01
    7.81265438e-01 -4.26931143e-01 -7.92519033e-01 -7.55824924e-01
    7.16125309e-01 6.63383603e-01 1.35174537e+00 -5.29020011e-01
    6.36650145e-01 6.98831499e-01 -6.31785393e-01 -8.33773613e-03
    1.44861698e+00 -8.88810754e-02 1.74617434e+00 1.40608072e+00
    1.90294862e-01 -2.89636433e-01 -3.77334774e-01 8.79551351e-01
    1.27625060e+00 -7.24624813e-01 1.25721598e+00 6.41616702e-01
    1.37484133e+00 -9.72745419e-01 8.41219306e-01 -5.28394222e-01
    1.31501210e+00 -6.91730738e-01 1.18246412e+00 -7.40801334e-01
    7.52818227e-01 1.88693941e+00 1.47567093e+00 6.89118981e-01
    1.30860078e+00 1.21575701e+00 -9.33408439e-01 1.64788795e+00
    1.52106023e+00 8.93570900e-01 1.89750671e+00 5.11138022e-01
    8.89154196e-01 2.48969018e-01 -8.44509363e-01 4.49226737e-01
    8.65492463e-01 4.50990140e-01 8.03421140e-02 1.19146347e+00
    1.72862720e+00 5.38146198e-01 1.78207397e+00 -1.47428155e-01
    5.07167935e-01 -4.31449145e-01 1.68741238e+00 1.08902037e-01
    1.48659766e-01 1.13373899e+00 -2.42889166e-01 6.32721305e-01
    1.68673480e+00 -1.03749692e-01 8.98094177e-02 1.43557191e+00
    1.54092014e+00 9.44812119e-01 1.06158280e+00 -1.65784538e-01
    -6.17466331e-01 1.63616538e-01 1.95036626e+00 1.36574900e+00
    1.16494000e-01 -1.50390506e-01 9.50464487e-01 -2.56733894e-02
    -1.11007512e-01 -1.93541527e-01 2.39320815e-01 5.13959885e-01
    1.50889397e-01 1.18154883e-02 1.52100921e+00 -3.28462720e-01
    -2.20266998e-01 7.36558974e-01 -3.68338466e-01 1.45701671e+00
    9.98736680e-01 5.71674883e-01 8.87711346e-01 1.78733313e+00
    1.69119513e+00 1.87901890e+00 9.73955631e-01 2.77001739e-01
    4.52080250e-01 1.39546609e+00 4.87518370e-01 -7.66480565e-01
    6.78563178e-01 -7.45152950e-01 8.63569498e-01 3.11201572e-01
    -4.57657605e-01 5.41770577e-01 -6.13884926e-01 1.79020882e-01
    -1.48607194e-01 -8.67770791e-01 2.23458469e-01 -7.42375255e-02
    1.00563097e+00 -7.58961439e-02 1.44341540e+00 7.50395477e-01
    1.62640095e+00 1.23080277e+00 -4.99328911e-01 1.16387856e+00
    1.31793320e+00 1.28809845e+00 1.81627822e+00 8.89893353e-01
    -4.89423811e-01 1.03089714e+00 -2.82810807e-01 2.01849866e+00
    -3.09831202e-01 -1.37044966e-01 -1.17810190e-01 1.71191120e+00
    -8.60806942e-01 1.42511201e+00 1.26539469e-01 -1.35948241e-01
    1.90052032e-01 1.27891827e+00 -1.02123082e-01 1.87123907e+00
    -6.62874997e-01 -2.28402793e-01 1.80454898e+00 1.90064716e+00
    3.06398153e-01 1.66741800e+00 -1.06005597e+00 8.45343113e-01
    1.54601872e+00 1.49252915e+00 5.54385185e-01 -3.95232260e-01
    1.36291456e+00 6.35301530e-01 -2.53977358e-01 -2.40908682e-01
    1.43091667e+00 6.31310701e-01 6.80892706e-01 4.68304813e-01
    -7.90556669e-02 -5.85796058e-01 1.88818455e+00 1.23582649e+00
    1.73066425e+00 1.86012352e+00 -3.15601945e-01 1.57263517e+00
    9.32716191e-01 3.89938712e-01 1.37279391e+00 1.62523198e+00
    -3.59082162e-01 -3.11486185e-01 1.82233858e+00 9.02074397e-01
    8.85655403e-01 -9.45946395e-01 -7.52915978e-01 9.15578127e-01
    7.05492377e-01 1.81614757e-01 1.39116299e+00 9.46469426e-01
    1.57047868e+00 1.50250077e-01 -3.04639339e-03 1.30240297e+00
    1.03509426e+00 2.12828457e-01 9.16683137e-01 -1.57701135e-01
    1.87695765e+00 2.99326479e-01 -6.36762023e-01 -4.55179572e-01
    -3.78490150e-01 -6.61784410e-01 -6.34114683e-01 -5.68881154e-01
    9.24086094e-01 6.01389468e-01 8.79851997e-01 1.32342041e+00
    1.44339085e-01 9.35128510e-01 4.67688024e-01 1.29790461e+00
    8.43455732e-01 -5.99442124e-01 1.99276519e+00 7.34329760e-01
    1.08184457e-01 -5.69284618e-01 -5.49054146e-03 1.13273668e+00
    -5.00069857e-02 1.64786696e+00 1.06371546e+00 2.38702655e-01
    1.40761590e+00 1.36298907e+00 1.16360188e+00 1.11083937e+00
    -8.25982928e-01 -8.95604491e-02 1.42040753e+00 7.78141558e-01
    1.99914145e+00 -2.10347116e-01 1.76239324e+00 3.54003608e-01
    1.05497098e+00 8.29692483e-01 8.01505625e-01 -6.98965430e-01
    1.84270084e+00 1.27170110e+00 1.09802628e+00 1.55317402e+00
    6.96550012e-01 1.81600666e+00 6.00626111e-01 -8.42078269e-01
    2.02954865e+00 5.23021638e-01 -5.69140911e-01 -5.12672901e-01
    1.33924949e+00 -1.52628541e-01 5.84704578e-01 8.02403092e-01
    -1.52341127e-02 1.85810566e-01 -1.05454743e-01 -8.08919072e-01
    -9.43893671e-01 2.31296241e-01 -6.36593699e-01 -1.98889673e-01
    1.12401855e+00 -2.07807958e-01 -5.16470313e-01 3.22863162e-01
    -6.94150329e-02 1.69494665e+00 6.04499578e-02 8.17520618e-02
    -8.97922873e-01 3.24263155e-01 -4.42634046e-01 1.75471675e+00
    1.18759012e+00 5.55323005e-01 -1.25929594e-01 5.20170331e-01
    1.82070005e+00 1.53718233e+00 1.84564233e-01 -4.53838170e-01
    8.62331569e-01 -7.34772503e-01 1.59925222e+00 1.57857108e+00
    9.52429414e-01 -4.97085929e-01 1.85874856e+00 -1.00921702e+00
    4.86904383e-01 1.25762951e+00 3.38932276e-02 1.39329875e+00
    8.66593838e-01 -7.37079740e-01 2.73391247e-01 2.23505676e-01
    -4.15356606e-01 -8.93702447e-01 2.14892626e-01 1.93037987e-01
    1.58185434e+00 1.36764824e+00 1.15812027e+00 1.47093654e+00
    8.88892829e-01 1.83677018e+00 1.05776882e+00 -4.48022485e-01
    2.19888330e-01 1.61808491e+00 -1.30205274e-01 7.18549848e-01
    1.66990471e+00 1.31101847e+00 1.46676838e+00 -6.49791420e-01
    3.58240247e-01 1.13024163e+00 2.44225919e-01 1.04799068e+00
    1.42267263e+00 -7.23618269e-03 1.91303635e+00 8.53434443e-01
    -9.34399188e-01 4.88655031e-01 -7.38028526e-01 1.62124550e+00
    -2.92163551e-01 -6.21695280e-01 -4.61670637e-01 -1.66644037e-01
    -3.34095061e-01 1.81474698e+00 -2.60520101e-01 -8.54060471e-01
    8.53423238e-01 1.14497137e+00 -2.42049456e-01 1.37541175e+00
    -4.62125629e-01 -5.77361584e-02 1.54459131e+00 9.54554558e-01
    -8.40212107e-01 1.28623450e+00 4.40762341e-01 1.48699296e+00
    1.01556063e-01 -3.19264352e-01 1.70017481e+00 -4.83466327e-01
    1.21564078e+00 1.28841567e+00 1.38390720e-01 -2.57887423e-01
    -3.58405173e-01 1.50669622e+00 5.70977986e-01 5.11734009e-01
    -5.56726456e-01 1.71652007e+00 7.92579174e-01 5.27005017e-01
    -7.28424430e-01 -9.45842743e-01 8.06778073e-01 -7.78829455e-02
    1.86245143e-01 1.51922393e+00 1.47360706e+00 -5.06991923e-01
    1.44109964e+00 -7.90530860e-01 1.26177025e+00 -5.67627430e-01
    1.77601624e+00 1.77817929e+00 1.60873640e+00 -4.59121823e-01
    1.50945640e+00 6.87041402e-01 -2.48798430e-01 -1.39891207e-01
    4.10243452e-01 1.22185647e+00 6.96489275e-01 3.46530497e-01
    1.87756336e+00 9.32689309e-01 1.42714143e+00 1.06935501e+00
    -3.58851910e-01 1.64309764e+00 -3.25246274e-01 -9.44785535e-01
    1.28872204e+00 7.92475104e-01 -1.33346319e-02 9.55961764e-01
    1.20474327e+00 7.65605688e-01 -3.84466767e-01 -4.38825607e-01
    9.70097661e-01 -2.22991824e-01 1.71149635e+00 4.40532446e-01
    1.67497063e+00 1.28588974e+00 8.11548889e-01 3.35050404e-01
    -2.06996143e-01 1.90744066e+00 2.14574218e-01 1.50780392e+00
    -5.42126656e-01 4.09306049e-01 -7.29582667e-01 -3.64690423e-02
    -4.60678935e-01 -1.23175859e-01 -3.76700819e-01 -6.58937931e-01
    6.70277119e-01 1.32828915e+00 5.48336267e-01 -9.39778447e-01
    -9.68079805e-01 -7.24862099e-01 -2.33573675e-01 -7.53908575e-01
    1.73300362e+00 1.61266923e-02 1.56246471e+00 8.06539178e-01
    -3.06128204e-01 -2.89635539e-01 -7.24422872e-01 1.36063921e+00
    1.55827916e+00 -4.30208147e-01 5.86940825e-01 3.08352351e-01
    -4.71045792e-01 1.14124107e+00 -4.49306369e-01 3.23292732e-01
    1.60880053e+00 6.89133286e-01 8.63501191e-01 1.25018358e-01
    5.36006927e-01 8.74284863e-01 1.73577428e+00 -4.61554527e-02
    1.78607833e+00 7.33867645e-01 1.52225542e+00 -8.05792451e-01
    1.16873920e+00 1.27204776e+00 1.02065742e+00 1.15548849e+00
    9.31075156e-01 1.15691018e+00 1.28389895e+00 -2.39495993e-01
    1.86764121e+00 1.38966393e+00 -2.04786062e-01 -7.93172598e-01
    -9.30023789e-02 1.15705276e+00 -7.29969084e-01 -9.39623713e-01
    4.97207642e-02 4.45832014e-02 1.34572530e+00 1.95374095e+00
    -6.61433280e-01 1.18680143e+00 2.04547703e-01 -8.77793670e-01
    -2.90076435e-01 9.48638678e-01 1.26458168e+00 -6.23735666e-01
    1.75259745e+00 -3.68479609e-01 2.70330191e-01 4.43600655e-01
    -1.30797029e-02 1.32382011e+00 -5.71473062e-01 2.61963785e-01
    -7.84306109e-01 -3.75022709e-01 7.89081335e-01 8.00979137e-03
    -5.47672927e-01 2.75918484e-01 3.98360372e-01 5.28987527e-01
    -7.21210480e-01 9.73583758e-01 4.12645996e-01 6.15994334e-01
    4.16211069e-01 1.19959307e+00 1.74459839e+00 1.81242990e+00
    6.30750716e-01 2.72512555e-01 -5.57107687e-01 -8.11539650e-01
    9.39114809e-01 1.71637535e-02 -1.18863523e-01 -6.68269753e-01
    -7.82622933e-01 1.07130516e+00 2.21001983e-01 6.57537639e-01
    5.28272986e-02 6.30056560e-01 1.20398879e-01 3.53730977e-01
    -4.67831194e-01 1.65727019e-01 7.95160830e-01 -8.53209555e-01
    3.06608975e-01 1.63890564e+00 -1.22968316e-01 9.90843594e-01
    1.21964204e+00 5.69438696e-01 -7.41203308e-01 -2.43591189e-01
    -1.15274727e-01 8.78705859e-01 -8.89734983e-01 7.65093327e-01
    -4.28376853e-01 5.46518803e-01 1.30763054e-01 4.27406311e-01
    7.01381087e-01 6.75786853e-01 9.35904980e-02 -1.64669633e-01
    -3.62149417e-01 1.80087912e+00 -9.15790081e-01 -1.78559422e-02
    -1.24795794e-01 1.57208991e+00 8.62062275e-01 5.54425657e-01
    -9.13361788e-01 -9.19663489e-01 7.81956434e-01 -5.49126148e-01
    -2.48565137e-01 8.12710226e-01 -1.74034238e-01 -6.78028822e-01
    -4.60210294e-01 -7.17362404e-01 4.27322268e-01 -6.64250195e-01
    1.57684374e+00 -7.59232521e-01 -4.42016870e-01 -5.45501113e-02
    -5.33115029e-01 -2.56299615e-01 -4.41376448e-01 -2.52460241e-02
    -3.17454278e-01 1.20300341e+00 1.53522003e+00 1.67357302e+00
    -4.73393232e-01 -2.60719001e-01 9.35858727e-01 1.59458101e-01
    -3.20103586e-01 1.10674059e+00 1.72405481e+00 -1.36868358e-01
    4.76291299e-01 1.06597340e+00 -7.17837572e-01 1.29204667e+00
    1.61494613e+00 8.85215044e-01 -3.72188568e-01 1.65286005e+00
    3.31702650e-01 1.32352471e+00 -3.77545297e-01 2.07683206e-01
    3.10179234e-01 1.58910930e+00 8.61360967e-01 1.24388289e+00
    4.19486642e-01 4.20221269e-01 3.74229670e-01 -3.04166853e-01
    -8.60981464e-01 -4.42911327e-01 1.56364954e+00 2.28870928e-01
    5.04318953e-01 5.05253673e-02 2.47557759e-02 1.85513425e+00
    -5.32366693e-01 8.57091367e-01 1.80278957e+00 1.11608267e-01
    1.41732252e+00 5.60303748e-01 -7.64437318e-02 1.75395977e+00
    -7.84615397e-01 3.42513323e-02 1.51826119e+00 1.73480403e+00
    1.64028227e+00 5.12616575e-01 -8.37325335e-01 -3.75251949e-01
    4.23631787e-01 1.00143981e+00 -1.19072258e-01 7.00073898e-01
    1.26927352e+00 -6.90052688e-01 9.45636034e-02 -4.62092817e-01
    6.31041825e-01 -4.31213856e-01 1.28997087e+00 5.24999142e-01
    2.44346023e-01 1.44083989e+00 1.63531375e+00 6.98400140e-02
    1.90484881e+00 -8.75311792e-01 9.94831324e-02 -4.82964694e-01
    -9.85622406e-02 1.60608447e+00 9.93396044e-01 3.31685066e-01
    -1.05439830e+00 5.09701133e-01 1.19275331e+00 8.59125495e-01
    -8.72736335e-01 -1.85604751e-01 1.68648767e+00 -2.36736536e-02
    4.71623003e-01 1.86774468e+00 -5.63250899e-01 -2.30488539e-01
    1.28156877e+00 1.08355629e+00 6.93634450e-01 -2.90164113e-01
    1.79780293e+00 1.80361426e+00 6.01351261e-03 1.89124346e-02
    -3.26267898e-01 1.67007339e+00 -3.10990810e-02 -2.37745821e-01
    2.54490972e-01 -3.40891123e-01 3.50264668e-01 1.44803584e+00
    7.73906887e-01 -6.62196636e-01 -4.59951609e-01 -1.75854564e-02
    1.42098463e+00 2.04316187e+00 1.61528945e+00 6.80302382e-02
    1.26449180e+00 8.44205201e-01 -7.77292311e-01 -3.05262804e-01
    9.28729355e-01 1.49475718e+00 8.32784891e-01 6.61604881e-01
    1.36806095e+00 9.56486106e-01 8.14964175e-02 1.75076878e+00
    2.03197241e-01 1.01508737e-01 1.46584749e+00 5.08796632e-01
    1.59361899e+00 1.15760672e+00 1.95328712e-01 9.82805371e-01
    1.86150014e+00 9.48707104e-01 3.07420492e-02 1.92245364e+00
    1.32817292e+00 -1.09702051e-01 1.24145865e+00 -3.81268561e-01
    -1.51671946e-01 4.11877155e-01 2.03546309e+00 -5.86882412e-01
    1.58923531e+00 -4.56548899e-01 1.92694759e+00 -4.91171390e-01
    1.71245527e+00 -4.48407233e-01 1.02062893e+00 6.31934047e-01
    2.63177931e-01 -5.41355252e-01 4.39351618e-01 1.25247312e+00
    -2.52139330e-01 1.03093195e+00 1.42575264e+00 1.83983195e+00
    6.41582847e-01 -3.21629047e-02 7.99873531e-01 -4.34429049e-01
    1.41792607e+00 -8.07756782e-02 -7.47820139e-02 4.74436581e-01
    5.56168854e-01 1.44592690e+00 1.67293906e+00 1.03482306e-01
    1.79192543e+00 8.34366262e-01 1.87013578e+00 -4.74279046e-01
    -6.80576563e-01 7.65963793e-02 -6.91679418e-01 1.47486842e+00
    1.58108449e+00 -2.21371949e-01 -6.05307698e-01 5.16001284e-01
    1.29506493e+00 -4.56306756e-01 -3.99492204e-01 -7.38725066e-02
    1.05123067e+00 5.68347156e-01 -6.40399456e-01 2.36384571e-01
    1.53612614e-01 1.77894187e+00 9.96406674e-02 3.55386734e-01
    1.50226283e+00 -2.01832950e-01 -3.94596219e-01 1.78139949e+00
    1.78510284e+00 4.42154884e-01 1.70950699e+00 9.05212164e-02
    1.13442636e+00 1.28988099e+00 9.48758602e-01 1.30354881e+00
    2.83090532e-01 7.70060539e-01 8.31980348e-01 -9.19523418e-01
    -4.86359477e-01 5.63683510e-02 1.59271777e+00 1.12399054e+00
    1.40784335e+00 7.31214046e-01 -8.56401086e-01 -9.00189042e-01
    -3.96107972e-01 -3.97127271e-02 1.30593991e+00 2.46442556e-01
    -4.33999568e-01 1.75987637e+00 -5.70066094e-01 1.65232539e-01
    1.50324762e-01 -5.88702023e-01 1.55154538e+00 3.86251211e-01
    3.38812292e-01 1.56462967e+00 -8.48456740e-01 3.12689900e-01
    -4.29344714e-01 8.02646458e-01 -2.80941248e-01 2.84420609e-01
    6.49417579e-01 6.22651935e-01 -6.25932992e-01 1.32489014e+00
    1.90962172e+00 -1.54657364e-02 5.56743145e-03 5.63006461e-01
    6.88832581e-01 3.50619733e-01 -5.98399282e-01 4.08972383e-01
    8.62635612e-01 2.58986712e-01 1.88308454e+00 5.95623970e-01
    1.16478264e+00 -6.20018482e-01 1.89528584e+00 1.14730382e+00
    9.80770588e-03 1.32568204e+00 2.31566489e-01 9.58481908e-01
    7.21650541e-01 2.04287362e+00 1.58018172e+00 -8.36351216e-01
    1.57924175e+00 -6.40190125e-01 1.87482786e+00 1.89909697e+00
    1.32211924e+00 6.89651370e-01 1.22355938e+00 7.72951126e-01
    1.31376207e+00 6.55556500e-01 -3.01821470e-01 1.58394611e+00
    4.49529707e-01 -7.28602648e-01 8.58545423e-01 -1.16968274e-01
    1.02601862e+00 1.84060144e+00 -5.49374044e-01 8.66996765e-01
    -2.82791197e-01 -2.44456470e-01 7.78634071e-01 1.89779305e+00
    -4.59816396e-01 1.54414463e+00 1.45351243e+00 1.85245335e-01
    1.17017460e+00 1.26858950e+00 -9.25510764e-01 -6.82487607e-01
    1.72001278e+00 -6.40227199e-01 7.65581846e-01 1.07642031e+00
    1.44445443e+00 -8.99731994e-01 1.82359743e+00 -6.36735320e-01
    2.98193336e-01 4.06740308e-02 4.81509745e-01 9.85261142e-01
    1.76136017e+00 -9.22894359e-01 8.61880600e-01 9.65773463e-01
    1.77202487e+00 1.21407926e+00 9.78669643e-01 1.34655893e+00
    -5.64383447e-01 1.66288912e-01 9.58956003e-01 -7.45911121e-01
    1.51803708e+00 7.81245112e-01 3.07147503e-01 -1.76828384e-01
    1.73549247e+00 -3.90538633e-01 -5.30785263e-01 2.81136155e-01
    1.72170985e+00 1.39638233e+00 9.83553886e-01 3.87916923e-01
    -6.95915818e-02 9.00090933e-02 1.17870164e+00 2.31833756e-01
    -6.09423876e-01 -5.61488450e-01 -5.78525066e-02 -1.66523099e-01
    1.79688692e+00 -2.36479461e-01 1.30111730e+00 -8.01809549e-01
    9.97670829e-01 -8.86621714e-01 1.25959110e+00 9.81931567e-01
    1.68269312e+00 1.07338011e+00 1.44558430e+00 6.70330644e-01
    -4.98759151e-01 -9.26595211e-01 1.55720258e+00 8.56165886e-02
    1.96583986e-01 1.80480134e+00 1.17888331e+00 2.36065805e-01
    1.41824245e+00 -4.35349762e-01 -1.23720944e-01 1.31069994e+00
    -9.00337100e-02 -3.35666299e-01 1.51996613e-01 -8.23220730e-01
    -2.22182512e-01 6.16416931e-01 1.13787162e+00 1.81976688e+00
    1.26495695e+00 7.51917958e-01 -5.36540627e-01 7.01379776e-01
    -1.16046727e-01 3.89242649e-01 3.25097024e-01 6.25082374e-01
    5.24758995e-01 -3.84141266e-01 9.79353189e-01 1.49723864e+00
    9.80065346e-01 1.27668846e+00 1.31346714e+00 -1.83717072e-01
    1.39603353e+00 6.26064718e-01 6.33087337e-01 -6.64360940e-01
    1.91732454e+00 -6.41333878e-01 -7.09762752e-01 1.74593735e+00
    8.38420153e-01 1.44756591e+00 1.16438460e+00 1.83523655e-01
    1.30289090e+00 6.12409711e-01 3.46228242e-01 1.30835795e+00
    -4.74252313e-01 1.16736984e+00 -5.46764255e-01 -2.99320877e-01
    9.98461366e-01 1.11237776e+00 9.50590730e-01 5.38086772e-01
    1.48068285e+00 7.97120929e-01 -2.71309972e-01 -6.50797844e-01
    1.55375898e-01 1.59618807e+00 -1.57246530e-01 1.01473737e+00
    -1.67105675e-01 3.22213292e-01 -9.62550998e-01 1.14096093e+00
    1.41717494e-01 9.96426761e-01 -1.32606268e-01 3.42096448e-01
    8.48316550e-01 1.58379197e+00 -8.27789187e-01 8.58282149e-01
    -8.38550150e-01 4.89977539e-01 1.15847409e+00 1.68288159e+00
    1.00391757e+00 4.54266191e-01 1.80765557e+00 -1.80470467e-01
    2.01328158e-01 -4.53618109e-01 5.86965501e-01 -4.20848668e-01
    1.08268547e+00 1.44599915e-01 1.59407258e-02 1.32987142e-01
    1.60409343e+00 1.77733135e+00 1.93241644e+00 9.50031459e-01
    -1.74694359e-01 1.44169426e+00 9.56292033e-01 -1.68386936e-01
    -4.32229042e-03 1.75911570e+00 2.36042738e-01 2.66158462e-01
    1.17272294e+00 -3.22484136e-01 1.82029974e+00 1.89016998e-01
    5.26307642e-01 1.65753388e+00 -3.05520892e-01 1.52757704e+00
    1.34080708e+00 1.72955394e+00 1.60031271e+00 6.44947410e-01
    -5.61015129e-01 8.04455996e-01 -2.67118216e-03 1.26656914e+00
    3.01322341e-01 1.55405271e+00 -2.06358790e-01 -1.84849203e-01
    2.85814047e-01 7.71704912e-01 6.37944579e-01 9.54129934e-01
    2.53085732e-01 7.21911550e-01 1.24647260e-01 -6.24202311e-01
    -3.26552391e-01 1.91398597e+00 4.21980143e-01 5.73417127e-01
    1.95277607e+00 -4.92550373e-01 2.29137599e-01 -6.61381185e-01
    9.65579450e-01 -8.61699045e-01 -3.17748070e-01 1.64191937e+00
    1.83725524e+00 1.53257346e+00 7.27867305e-01 1.20311689e+00
    -2.15367258e-01 7.02941358e-01 1.55923104e+00 -7.42537022e-01
    8.05257678e-01 -6.56033337e-01 7.17641115e-01 1.14376497e+00
    9.88255560e-01 4.55613375e-01 -1.58600867e-01 -7.77125537e-01
    1.24672294e+00 -8.94442141e-01 1.43694067e+00 -1.11235321e-01
    -7.07741976e-02 1.64330149e+00 3.98329496e-02 -5.00284791e-01
    -4.68215108e-01 -3.32937241e-01 -4.49928820e-01 -5.06393313e-02
    9.11525488e-02 1.78236556e+00 -1.03382647e-01 -5.75000763e-01
    9.77491856e-01 -4.33221757e-01 1.94824409e+00 1.95093930e-01
    -7.59080112e-01 1.05748892e-01 1.30027938e+00 1.08611512e+00
    -6.66221857e-01 6.81915283e-02 1.67281675e+00 1.16195393e+00
    -5.49300194e-01 1.21039486e+00 -2.44542480e-01 -4.36880469e-01
    1.89828706e+00 6.03817999e-01 1.59718871e-01 -6.80849314e-01
    -8.89053226e-01 1.83487368e+00 1.46365678e+00 -9.80613828e-02
    1.69462323e+00 3.49481165e-01 -6.58411980e-02 -8.61052275e-01
    5.29794395e-01 -5.82576990e-01 1.00167012e+00 1.28931713e+00
    -6.48529649e-01 1.29426003e-01 -5.21647632e-01 4.08014655e-01
    7.92392731e-01 4.45084810e-01 1.59382391e+00 1.19386232e+00
    4.48845148e-01 9.97779667e-01 9.97502208e-02 -6.22075558e-01
    1.82812035e+00 3.63072753e-01 6.98261261e-01 -6.09364867e-01
    1.64071810e+00 1.58657539e+00 1.59848487e+00 1.00635254e+00
    1.72815800e-01 -1.08642220e-01 4.63896513e-01 1.61741495e-01
    3.75952601e-01 6.66583180e-01 2.50290394e-01 2.22101450e-01
    5.64720154e-01 1.06473219e+00 8.72046530e-01 9.41908956e-01
    -4.65445936e-01 4.07337606e-01 -5.87006509e-01 -2.38180161e-03
    -6.71532631e-01 1.22884309e+00 1.01413548e+00 1.35351753e+00
    3.55531573e-01 1.36517978e+00 3.40630293e-01 6.34152293e-01
    1.79711115e+00 1.32194364e+00 9.24746037e-01 1.09411979e+00
    1.67010021e+00 -8.11603785e-01 -7.28222311e-01 9.36575532e-01
    -2.55152285e-01 9.05689418e-01 -4.96800482e-01 4.56755102e-01
    1.84656906e+00 2.54382730e-01 2.79718757e-01 7.26330101e-01
    1.63334799e+00 -6.24805689e-02 -9.66604948e-02 9.63166833e-01
    1.15957975e+00 1.67648339e+00 -1.02780402e+00 -9.36956882e-01
    -6.03684902e-01 1.18229222e+00 2.27763534e-01 1.22875321e+00
    1.05585980e+00 7.64467001e-01 -5.40807486e-01 6.54540181e-01
    -7.07339644e-01 -5.73980808e-01 1.26188993e-03 -1.85306072e-01
    1.29291701e+00 -7.61899948e-01 -1.44620836e-01 5.15491545e-01
    6.37397766e-01 1.59570038e+00 -5.19578576e-01 3.87385786e-01
    5.01862526e-01 5.02599180e-01 4.88461733e-01 1.61911964e+00
    -8.04304659e-01 1.05393958e+00 -7.49037266e-01 -2.77351379e-01
    5.32114148e-01 -4.43927050e-02 1.56390154e+00 1.09967530e+00
    -1.05690503e+00 9.97200012e-02 -7.32729316e-01 1.34237611e+00
    9.05079484e-01 -4.45143402e-01 -6.01720989e-01 -9.39760983e-01
    8.01547945e-01 9.96312559e-01 1.25675750e+00 4.89446163e-01
    1.52507114e+00 9.06576753e-01 5.87988257e-01 -3.65081847e-01
    -6.91205144e-01 1.10251832e+00 3.31417501e-01 1.16273761e+00
    6.77073002e-01 -7.67298698e-01 2.80695915e-01 6.27842247e-01
    1.15080047e+00 1.50277591e+00 1.67956758e+00 5.18042326e-01
    -1.20208859e-01 1.80203080e+00 1.26809192e+00 -6.53728127e-01
    3.78761828e-01 2.56034970e-01 2.02211738e+00 1.12170637e-01
    1.92531526e-01 1.54442906e-01 1.46808636e+00 -5.77991605e-02
    -5.52279949e-02 -2.47724652e-01 -7.21568704e-01 1.21419144e+00
    -4.49046791e-01 8.33859324e-01 6.98712945e-01 1.63874054e+00
    -7.23710477e-01 1.43808210e+00 -4.45756257e-01 1.78359687e+00
    -4.61072922e-01 3.35557580e-01 8.81889462e-01 -3.70202065e-01
    -3.00817847e-01 -5.00670314e-01 8.49312007e-01 1.40492058e+00
    1.10833693e+00 1.50615907e+00 9.85548317e-01 -6.44394279e-01
    1.32427561e+00 -3.74525249e-01 9.95805621e-01 1.01780748e+00
    -7.76646733e-01 5.52744091e-01 1.42342687e+00 1.38329232e+00
    -1.74756646e-01 -7.18517125e-01 4.44439292e-01 8.86137009e-01
    1.22959530e+00 -8.88731658e-01 -3.32843661e-02 8.90311599e-01
    -9.21346784e-01 1.79027057e+00 1.61912918e-01 -2.32428312e-03
    -3.71091306e-01 6.58472478e-01 2.87655354e-01 1.49974847e+00
    1.88089991e+00 1.41439641e+00 -5.63630879e-01 9.29484308e-01
    1.66008067e+00 -2.98812628e-01 -3.48948598e-01 4.55645025e-01
    -1.26733780e-02 4.62737858e-01 1.21151209e-02 6.74737990e-01
    -8.83252025e-02 5.23545921e-01 1.60282958e+00 2.67698884e-01
    4.61688876e-01 2.67605782e-02 -4.47157085e-01 4.26942706e-02
    3.69910002e-01 8.36741507e-01 -3.12819183e-01 1.86871111e-01
    -5.49629867e-01 -6.83643997e-01 -7.20443726e-01 1.02970719e+00
    -5.50551534e-01 -8.29446971e-01 1.13552344e+00 -1.98597133e-01
    -7.05740511e-01 2.71364689e-01 -6.81386590e-01 1.19669294e+00
    1.10906792e+00 -4.36117649e-02 -2.92819440e-01 1.15158749e+00
    1.06982851e+00 1.26468897e+00 -5.68033338e-01 1.32761312e+00
    2.87027359e-02 8.60278726e-01 1.57556248e+00 3.45466554e-01
    1.04178309e+00 1.56056762e-01 -8.55332911e-01 8.29456687e-01
    -4.78784233e-01 1.19658768e+00 1.22098935e+00 -9.05280471e-01
    5.06601453e-01 1.12453604e+00 1.06840563e+00 2.64307678e-01
    -6.02101207e-01 4.44670200e-01 1.02571762e+00 1.78080797e-03
    9.21613693e-01 1.39036655e+00 1.74777627e+00 1.13091624e+00
    -8.37554872e-01 9.54983771e-01 -1.28383994e-01 1.25464797e-02
    -8.09736848e-01 1.52713346e+00 -9.67299283e-01 9.71874416e-01
    1.47562921e+00 -3.15437436e-01 9.43974137e-01 1.12843871e+00
    -2.68451810e-01 -1.88640773e-01 -1.00493431e-04 -5.80489755e-01
    6.78065240e-01 1.71509600e+00 -1.91026509e-01 -1.00949967e+00
    1.30802751e+00 4.16910052e-01 1.84626997e-01 2.77469754e-01
    4.22204852e-01 1.57326841e+00 -7.96347737e-01 2.24735022e-01
    9.45973277e-01 1.36872101e+00 2.54338205e-01 1.15985584e+00
    -2.80975699e-01 7.59392619e-01 3.82058799e-01 1.86238039e+00
    -3.51450801e-01 5.20911634e-01 -7.16737509e-01 1.54903316e+00
    -1.40926123e-01 1.43764806e+00 1.45920265e+00 1.74148643e+00
    1.60602796e+00 1.65268219e+00 -5.01064062e-01 -2.39151001e-01
    2.82943785e-01 -3.14994931e-01 3.35117698e-01 6.26955032e-02
    3.76805067e-01 1.92651582e+00 -6.21603489e-01 -5.10895193e-01
    -7.19204903e-01 -5.68115354e-01 -8.64230990e-02 1.32316232e+00
    1.61349630e+00 -2.55796492e-01 -8.78157616e-01 -3.64843607e-01
    1.99453115e-01 1.74080610e+00 1.55518329e+00 1.79796994e+00
    1.35255599e+00 1.18027902e+00 -1.00786686e-01 -2.92761385e-01
    1.10642791e-01 8.75629187e-01 7.26814151e-01 3.89711082e-01
    1.02875841e+00 3.00796509e-01 1.14229178e+00 1.71202445e+00
    1.93314469e+00 6.85949385e-01 -8.10788572e-01 -6.57309771e-01
    -6.81526124e-01 1.36709023e+00 -4.51721042e-01 -6.32027984e-01
    7.75268197e-01 1.06501949e+00 1.34094560e+00 8.31605613e-01
    1.37400675e+00 -1.54012978e-01 -4.87887800e-01 -1.04942262e-01
    -7.62284636e-01 1.56696379e+00 -3.43861878e-01 1.81894433e+00
    5.08382440e-01 6.70429349e-01 1.05569386e+00 9.56248879e-01
    6.05362654e-02 1.57478654e+00 4.07419264e-01 -6.55529737e-01
    -4.46958840e-01 -3.83722186e-01 9.88212049e-01 1.39523053e+00
    5.76806486e-01 7.93726444e-01 6.67767882e-01 7.02101052e-01
    1.46496868e+00 -2.27156520e-01 -8.21620226e-01 -9.11830187e-01
    1.88893652e+00 -8.16734314e-01 1.14111495e+00 1.59007454e+00
    1.87194586e-01 -8.79524946e-01 9.20228064e-01 1.79468083e+00
    2.36259460e-01 1.56809247e+00 1.62057495e+00 1.87529755e+00
    1.22496307e-01 -1.05278492e-02 1.60418284e+00 5.81038356e-01
    -2.50092566e-01 -1.14797473e-01 -8.19337606e-01 -8.72409046e-01
    -1.21625900e-01 -1.56097949e-01 -4.89452541e-01 2.46305466e-02
    -6.76810741e-01 -1.05467784e+00 -1.29357338e-01 5.59323072e-01
    1.81405950e+00 1.47743654e+00 -4.02216733e-01 -4.95376587e-01
    -1.62574053e-01 1.45712042e+00 1.70258391e+00 7.87295818e-01
    1.04561520e+00 1.23758960e+00 -6.10082090e-01 1.02783370e+00
    -8.29068184e-01 1.04846549e+00 1.30894923e+00 1.28366959e+00
    3.71036887e-01 2.65387297e-02 1.54346728e+00 2.27570355e-01
    1.35837460e+00 1.66797400e+00 -7.22054839e-01 1.57770324e+00
    1.87105536e+00 1.86779571e+00 2.54456401e-01 8.57827544e-01
    -8.53117824e-01 -3.57322872e-01 -5.21835327e-01 8.29406261e-01
    6.58477008e-01 1.66784275e+00 7.94377625e-01 1.61716604e+00
    1.73231363e+00 -1.70089364e-01 7.96405673e-02 9.11351681e-01
    -4.59821433e-01 -2.01453090e-01 -7.70547628e-01 1.31419706e+00
    -1.11928642e-01 2.38946021e-01 1.88673425e+00 1.95512354e-01
    1.23677897e+00 1.97292268e+00 1.89483881e+00 6.94180310e-01
    2.23941207e-02 6.74050510e-01 -2.49676347e-01 -1.77682757e-01
    1.49683440e+00 1.08433342e+00 1.35828042e+00 3.33483815e-01
    1.70245636e+00 4.92774785e-01 -4.33682650e-01 1.65344739e+00
    -3.75195801e-01 3.37648213e-01 1.57415152e+00 9.46721375e-01
    7.00156569e-01 1.45685673e-03 1.61848247e+00 1.33267403e+00
    1.73266733e+00 5.44691205e-01 1.33567083e+00 -9.67216969e-01
    1.30480087e+00 9.60037708e-02 -5.03813028e-01 1.59093690e+00
    -1.66181087e-01 1.65247202e-01 1.11686265e+00 4.96891856e-01
    1.25716400e+00 8.91997457e-01 2.90717721e-01 1.61237717e-01
    -5.92174649e-01 -4.04978573e-01 8.84302855e-01 1.53637242e+00
    1.53134549e+00 2.87930369e-02 1.44012165e+00 7.12767780e-01
    2.50179887e-01 -2.86324322e-01 1.58328176e+00 -9.05593455e-01
    5.26564598e-01 4.42429662e-01 1.11122894e+00 1.67014790e+00
    -5.49179435e-01 -4.41777438e-01 -8.32397342e-02 1.63016200e-01
    1.09977055e+00 -8.83502126e-01 1.54191720e+00 2.21503615e-01
    1.81434286e+00 6.58883333e-01 1.77993822e+00 1.11317396e+00
    4.14812863e-01 1.77982926e+00 1.69342256e+00 5.68036973e-01
    3.19136381e-02 -1.11085594e-01 8.54226828e-01 1.19108176e+00
    1.85422122e+00 8.24747264e-01 -9.01794434e-01 8.58546495e-01
    1.79063261e+00 1.70106184e+00 1.83107042e+00 -9.87164617e-01
    1.68461847e+00 2.70015657e-01 1.63368666e+00 1.50390720e+00
    -9.22322392e-01 1.41163111e-01 2.32632935e-01 -2.14635730e-01
    1.54185462e+00 9.85104024e-01 1.89297318e+00 -6.89617574e-01
    1.33481574e+00 8.17126036e-01 3.88611078e-01 -6.91528082e-01
    3.52460980e-01 1.28289938e+00 1.52954721e+00 -6.89364791e-01
    9.58242774e-01 9.60812211e-01 1.75453639e+00 4.74646688e-01
    -6.77262545e-01 -4.63365972e-01 1.33397150e+00 9.45926666e-01
    -2.24045336e-01 1.57409239e+00 3.41777325e-01 -3.42994392e-01
    8.16555977e-01 -1.34064853e-01 -7.86874235e-01 5.37367404e-01
    9.88232493e-01 1.55513787e+00 3.59385908e-01 1.62532854e+00
    1.78324223e-01 1.39102924e+00 -6.25057757e-01 1.66607416e+00
    7.69929767e-01 2.45495439e-01 9.25928593e-01 -5.40631771e-01
    1.12068057e+00 1.28326082e+00 1.28838491e+00 -1.14982963e-01
    9.92575049e-01 -6.56611800e-01 -1.39733851e-01 7.17183590e-01
    6.58052444e-01 -1.72152638e-01 2.24481225e-02 -4.19013053e-01
    -4.21097636e-01 2.57880330e-01 1.11373687e+00 -2.60785878e-01
    7.83579469e-01 1.58024240e+00 -1.88593388e-01 -3.32653940e-01
    1.74307275e+00 -6.32532835e-02 -2.03921378e-01 -9.25023615e-01
    1.80919719e+00 2.29971826e-01 -8.32371473e-01 -4.55910087e-01
    6.79633260e-01 1.42674911e+00 1.83950436e+00 -5.40066421e-01
    4.30664778e-01 1.57342112e+00 -5.41332841e-01 3.65825713e-01
    1.26069736e+00 7.54340410e-01 -7.83290267e-02 -7.94479251e-02
    -3.02917480e-01 9.01428580e-01 -4.21736360e-01 1.75848520e+00
    -9.81633306e-01 4.10343885e-01 -6.54574752e-01 7.70882249e-01
    1.50139713e+00 -5.01791656e-01 -6.49520755e-02 1.52724457e+00
    -7.85827875e-01 -8.97191048e-01 1.15335917e+00 1.33158159e+00
    -6.40322149e-01 -3.03073287e-01 2.47383773e-01 -5.79154253e-01
    5.65655887e-01 -5.27908087e-01 1.20171022e+00 1.81743312e+00
    -1.22527182e-01 -3.43253314e-01 1.08571649e+00 1.34006166e+00
    9.77641344e-03 1.79059839e+00 9.25356984e-01 1.43483043e-01
    7.68609107e-01 9.35726166e-02 -6.05640411e-01 1.67920589e-02
    1.81903183e+00 9.94383097e-01 9.24249649e-01 -1.97107673e-01
    5.79582453e-02 2.47746468e-01 4.68623996e-01 -2.46326983e-01
    1.01190019e+00 1.59607649e+00 3.40263605e-01 -9.60752428e-01
    7.28911340e-01 1.07327795e+00 1.49666274e+00 4.26867247e-01
    -5.03022134e-01 -3.30963075e-01 -6.77186728e-01 1.83235240e+00
    1.41673863e-01 2.92530715e-01 -6.54190302e-01 -8.45358849e-01
    1.94949865e-01 1.91541576e+00 1.37087131e+00 1.38717794e+00
    7.10222721e-01 1.68235445e+00 1.36814606e+00 1.65409732e+00
    -2.02873468e-01 1.50562620e+00 8.26642156e-01 8.86550903e-01
    -8.85508657e-02 -9.32864368e-01 1.74892497e+00 -5.59958339e-01
    1.83981085e+00 1.66714704e+00 2.14251697e-01 8.74188125e-01
    7.25943506e-01 8.70646596e-01 7.47702301e-01 -5.64316511e-01
    4.05410886e-01 4.22387779e-01 -7.78384566e-01 -3.33298683e-01
    1.50931787e+00 1.81690395e-01 -6.84536040e-01 -4.82024938e-01
    1.47456074e+00 -6.73431158e-03 1.22684431e+00 -3.41307521e-01
    4.63835835e-01 2.96761870e-01 7.78021216e-01 3.75403821e-01
    1.32840383e+00 7.90485740e-02 1.43627453e+00 -4.07927811e-01
    -2.96038806e-01 1.80455279e+00 -8.96353602e-01 8.76061082e-01
    1.45938861e+00 -1.55722439e-01 -9.29082632e-02 2.30724931e-01
    1.39003885e+00 -7.09111810e-01 1.36278713e+00 -2.61595547e-01
    -4.64590073e-01 1.88902545e+00 1.05360460e+00 1.74105895e+00
    -9.76573408e-01 -4.33403254e-02 -7.33460188e-02 1.40060210e+00
    -8.50075543e-01 3.43725622e-01 6.62969947e-01 -9.95208621e-02
    1.87157679e+00 -2.60919333e-02 5.74976921e-01 -2.83859313e-01
    1.54071259e+00 1.49743319e-01 -7.56413341e-02 5.02593994e-01
    1.42617869e+00 -2.93487966e-01 1.53070307e+00 -2.79356480e-01
    -7.78646708e-01 -2.57728100e-02 5.13717830e-01 -1.74535871e-01
    1.12609088e+00 -4.74520802e-01 1.55264306e+00 1.09657395e+00
    5.28926492e-01 9.31374848e-01 -1.18876755e-01 3.63146961e-01
    -1.61533117e-01 -1.98331714e-01 -1.99039459e-01 -6.05125964e-01
    1.64563680e+00 -2.51978934e-01 -2.81806588e-02 1.90431929e+00
    1.66476965e+00 -2.82549441e-01 -9.61190939e-01 1.12290335e+00
    2.58719087e-01 1.51884747e+00 1.45612419e-01 1.82157516e+00
    -4.69506562e-01 -9.21111703e-01 8.67378235e-01 1.40869415e+00
    9.27964687e-01 -7.40516245e-01 1.26159620e+00 5.69439173e-01
    1.08471560e+00 9.12836730e-01 8.60011697e-01 9.00343835e-01
    -2.18673170e-01 -1.38089240e-01 -2.21817255e-01 8.28839421e-01
    3.84154677e-01 6.34016514e-01 1.26823688e+00 1.09118104e-01
    -3.93497288e-01 1.57012236e+00 1.29473877e+00 3.64343882e-01
    -3.32652032e-01 1.21339834e+00 2.31105089e-03 1.73950768e+00
    5.40781736e-01 -7.36869633e-01 6.23137593e-01 1.14331686e+00
    -8.57072473e-02 8.49709749e-01 3.50488484e-01 1.52237833e-01
    1.08027363e+00 1.87369108e+00 -4.03512716e-01 1.44277668e+00
    -6.63980603e-01 -8.84619355e-02 -9.37741041e-01 2.46094346e-01
    1.81994033e+00 1.02836704e+00 -6.63203597e-02 -3.11048687e-01
    6.28533661e-01 1.89823127e+00 -4.64939028e-01 -5.46734452e-01
    -8.54674578e-02 4.64781404e-01 -5.72055936e-01 1.95347357e+00
    1.10596168e+00 1.49393630e+00 4.72467899e-01 -1.70093596e-01
    -1.32666171e-01 -5.22038698e-01 -1.27118886e-01 -4.28635746e-01
    1.06422281e+00 -2.18631446e-01 -4.79584336e-01 1.61216211e+00
    9.66879010e-01 1.86031592e+00 1.25899541e+00 -4.54961538e-01
    9.74075079e-01 2.33976901e-01 1.28439593e+00 -9.60999668e-01
    6.33460164e-01 1.25729060e+00 1.53461254e+00 1.43625605e+00
    8.65829945e-01 1.66753566e+00 1.71579850e+00 -4.65518594e-01
    -3.95781934e-01 4.86674309e-01 -1.22912526e-01 -2.24052072e-01
    1.76219356e+00 1.48838913e+00 1.14527822e+00 1.37559342e+00
    1.30378270e+00 1.45532751e+00 1.92473888e+00 1.76092982e+00
    1.78660560e+00 8.98000360e-01 8.47454071e-01 7.94569135e-01
    -1.52039826e-01 -3.86479676e-01 1.39511371e+00 8.05177093e-01
    6.99872971e-02 -8.26167822e-01 7.81348705e-01 6.10728502e-01
    8.13799024e-01 1.17787743e+00 1.18899786e+00 -3.02833974e-01
    -2.27817237e-01 6.09429777e-01 1.50416756e+00 -2.27423251e-01
    1.68060720e-01 6.32637858e-01 5.59263408e-01 1.10111165e+00
    -6.70120537e-01 2.25963593e-02 1.11827993e+00 9.91229653e-01
    6.55074060e-01 1.28841448e+00 1.36895072e+00 1.25896418e+00
    1.05119681e+00 -5.19953370e-01 1.40007329e+00 2.28419423e-01
    4.09295917e-01 1.12894416e-01 1.54876590e-01 8.43230546e-01
    -8.82281840e-01 -3.18481684e-01 -7.61632621e-01 1.74943066e+00
    6.40087724e-02 6.13473594e-01 -6.79039359e-01 1.16829336e-01
    5.22926807e-01 -7.93973148e-01 1.19240379e+00 1.54901016e+00
    1.61405230e+00 2.62730062e-01 3.68529201e-01 2.32163429e-01
    -7.20944405e-01 1.95853961e+00 1.76453161e+00 -7.45097876e-01
    1.82478762e+00 5.15815496e-01 2.14953005e-01 -8.42439175e-01
    -9.42511261e-01 4.10029888e-02 1.12265682e+00 9.95244801e-01
    -7.43868947e-01 1.44931102e+00 -4.73441124e-01 -7.43535578e-01
    7.64055789e-01 -1.36238337e-02 1.52234650e+00 -2.17207849e-01
    7.62167394e-01 9.78427529e-01 -1.67166412e-01 -2.59167194e-01
    -7.39905000e-01 1.94504380e-01 1.22936606e+00 -5.62132835e-01
    1.22489047e+00 3.57822180e-01 4.50028956e-01 5.55230677e-01
    8.46079588e-02 8.06945086e-01 9.44987774e-01 1.54038501e+00
    -7.28432000e-01 1.15005684e+00 -7.13861883e-01 1.67250848e+00
    6.81057096e-01 -4.44705606e-01 1.78587580e+00 -7.29625821e-01
    1.69940853e+00 9.20734286e-01 1.53650236e+00 7.60196090e-01
    1.14496171e+00 1.76354945e+00 1.77781355e+00 1.41011703e+00
    -2.99589455e-01 -8.50902915e-01 5.97561121e-01 6.20822430e-01
    7.31052160e-01 5.91022491e-01 1.36863983e+00 2.05498517e-01
    2.49021173e-01 1.72927928e+00 1.48415351e+00 -4.88483936e-01
    -2.05766559e-02 -8.61991823e-01 3.75760138e-01 -5.86624265e-01
    1.88994932e+00 1.70601821e+00 6.79590702e-01 -3.05225194e-01
    -8.38965774e-02 1.57508588e+00 -3.59568834e-01 -1.31736457e-01
    1.88704073e+00 9.03384089e-02 5.15772879e-01 -2.97770083e-01
    1.38348520e+00 1.97928786e+00 1.38646317e+00 1.70933580e+00
    1.79612350e+00 -3.07626188e-01 -8.60327899e-01 -8.26978862e-01
    1.31646538e+00 -6.51593208e-02 1.88555717e-02 -5.09649575e-01
    -1.61246836e-01 1.14940834e+00 7.08163381e-01 8.29218447e-01
    -3.20217013e-02 2.76166916e-01 -1.92129612e-03 -5.38687468e-01
    -1.37498617e-01 -8.82053494e-01 8.32996666e-01 1.64557147e+00
    4.62792635e-01 1.42164147e+00 -4.31000113e-01 7.18218803e-01
    3.73041272e-01 4.04157460e-01 1.69432807e+00 -3.19551408e-01
    -2.66673446e-01 1.62810183e+00 -5.31723499e-01 1.77986670e+00
    8.55006456e-01 -5.31497002e-01 1.37715936e-01 1.37089491e+00
    1.31141877e+00 -5.86328983e-01 1.69530451e+00 2.19711065e-01
    -1.06100023e-01 -9.38230991e-01 8.39594603e-01 1.47366345e+00
    1.62839150e+00 9.98367131e-01 -6.80152774e-02 3.77113461e-01
    2.01794267e+00 1.78594959e+00 2.82599092e-01 1.04217482e+00
    1.20312786e+00 3.58659089e-01 9.19732630e-01 1.76896787e+00
    7.43601024e-01 -9.17897940e-01 -8.62810254e-01 8.14306617e-01
    3.51576328e-01 1.80458117e+00 8.70413661e-01 1.42336416e+00
    7.22950697e-01 1.61647224e+00 1.38541770e+00 1.25476933e+00
    -1.46052361e-01 1.89889026e+00 2.81635225e-01 -3.45899761e-01
    -2.35174894e-01 1.90859556e-01 -7.13265240e-01 -1.23051465e-01
    1.03569198e+00 7.57993996e-01 1.32185221e-02 2.08901834e+00
    -2.43684024e-01 -4.65291232e-01 9.72141206e-01 1.96082187e+00
    -5.00233054e-01 1.92783296e+00 1.39892876e-01 1.29644418e+00
    4.11587298e-01 1.86714745e+00 1.55296683e+00 3.80745828e-01
    1.91496885e+00 1.67079306e+00 1.47637236e+00 1.72749245e+00
    4.30029392e-01 4.51671958e-01 1.71701860e+00 2.85333991e-01
    1.29207861e+00 -3.70143056e-01 -3.97944331e-01 1.08329892e+00
    -1.58113420e-01 1.59143078e+00 -6.01225495e-02 1.16281617e+00
    1.38793612e+00 -6.23991013e-01 1.33106351e+00 -8.04331064e-01
    3.03480327e-01 6.68588340e-01 3.25722575e-01 9.68577921e-01
    3.00643682e-01 1.25548601e+00 -8.58093619e-01 -7.79611707e-01
    -1.92615688e-01 1.66050935e+00 1.64896178e+00 1.31057739e+00
    -9.44459677e-01 -4.84299988e-01 -7.74539828e-01 3.12229991e-01
    -3.27994764e-01 -6.00759745e-01 1.09161210e+00 6.39187276e-01
    -6.40725136e-01 1.45040584e+00 3.38536799e-01 2.35040963e-01
    1.75166368e+00 1.94862127e+00 1.87380886e+00 1.20677412e+00
    -2.74620771e-01 -4.24795985e-01 -2.98267782e-01 1.51139951e+00
    6.30657017e-01 1.90724730e+00 1.39318252e+00 2.56340861e-01
    2.53833532e-02 7.97449827e-01 6.37093544e-01 6.25704288e-01
    -4.10617292e-01 1.47907209e+00 6.47255242e-01 -7.54465580e-01
    -5.51307857e-01 -2.73217678e-01 1.74085069e+00 9.80790496e-01
    5.45548141e-01 5.38253963e-01 8.69378984e-01 1.13741636e+00
    1.87294555e+00 -6.41787529e-01 -4.37723577e-01 -5.00157416e-01
    1.12110782e+00 1.32766461e+00 7.82414317e-01 1.58099020e+00
    1.72150600e+00 6.76109195e-02 1.56817722e+00 -8.16966712e-01
    1.29336548e+00 1.55121434e+00 1.04748070e+00 -5.85016727e-01
    1.30500913e+00 1.16421139e+00 -4.39093769e-01 1.32315087e+00
    4.01095331e-01 4.02354836e-01 -4.84921336e-02 -7.98940301e-01
    9.36073661e-02 7.21474886e-01 7.13822365e-01 -5.85916400e-01
    3.54960442e-01 1.84333205e-01 -5.39056301e-01 1.67738378e+00
    1.84923589e-01 1.09326208e+00 9.57899690e-02 -3.08110356e-01
    4.65658963e-01 1.31821501e+00 1.52478552e+00 6.73482478e-01
    -5.72926342e-01 8.66640091e-01 -2.35251188e-02 -1.66170359e-01
    -4.66648519e-01 -1.22557282e-02 1.49487400e+00 1.36890697e+00
    -6.53397441e-02 1.48253465e+00 -1.54424787e-01 7.08737135e-01
    1.73867106e-01 8.75133276e-02 1.14861178e+00 1.78635967e+00
    -4.45514917e-02 -3.99920762e-01 6.38515949e-02 1.23612559e+00
    8.13449502e-01 1.79894841e+00 -2.29591250e-01 1.85786772e+00
    1.24823320e+00 8.72466683e-01 3.99890184e-01 1.56435871e+00
    1.57208741e+00 1.44446766e+00 -8.73739183e-01 1.71234202e+00
    1.61275268e+00 1.53640509e+00 3.95133793e-01 4.56118822e-01
    8.27788830e-01 -2.46247947e-01 1.95878077e+00 1.59000432e+00
    9.29868102e-01 1.86113381e+00 -1.33188069e-01 1.60172653e+00
    7.10763574e-01 1.36908460e+00 9.25646544e-01 4.68749404e-01
    9.56031680e-02 4.90408421e-01 -4.01598990e-01 3.07245731e-01
    2.29376554e-03 -5.11655927e-01 5.01358807e-01 7.58289814e-01
    1.90306604e-01 6.35378957e-02 1.10030413e+00 1.38661015e+00
    -9.31759775e-01 -5.16972184e-01 2.74330258e-01 -4.69053298e-01
    1.03141177e+00 1.69811177e+00 -8.31035197e-01 1.84096026e+00
    2.03883886e-01 1.05382848e+00 -7.30896592e-01 1.81271315e-01
    1.10525584e+00 -5.08235633e-01 8.93223524e-01 1.54833949e+00
    -1.80585921e-01 -6.20967627e-01 -5.84081292e-01 1.93490708e+00
    5.59142947e-01 -4.50572968e-02 -3.91707361e-01 1.85994744e+00
    1.35871077e+00 3.31124544e-01 -1.66343510e-01 -5.33551276e-01
    -4.80759203e-01 6.40848160e-01 4.53518629e-02 -3.45119298e-01
    1.87252474e+00 5.72539210e-01 -4.70628440e-01 -1.69951081e-01
    7.17387557e-01 -4.35835123e-03 1.54558754e+00 -4.47748303e-02
    -8.44293118e-01 -8.96106124e-01 -5.00796437e-02 -7.95830131e-01
    -8.26435208e-01 1.69441950e+00 1.25527799e-01 3.08678329e-01
    1.91902351e+00 1.26777697e+00 1.46524858e+00 1.88540220e-02
    -5.13936400e-01 -3.89392257e-01 9.93469059e-01 9.39561725e-01
    1.56710303e+00 3.98087382e-01 -5.73569298e-01 3.88797283e-01
    7.34117508e-01 -4.18784857e-01 9.36735392e-01 -8.91772330e-01
    -3.08133125e-01 2.68225193e-01 7.23148048e-01 3.61334264e-01
    -1.07539415e-01 -7.60125518e-01 1.84033179e+00 8.66349161e-01
    -3.83537471e-01 1.13140130e+00 -4.84521955e-01 -7.75562465e-01
    -4.32698935e-01 1.56771100e+00 1.44711375e+00 7.52120376e-01
    -7.06274807e-01 3.19893956e-01 8.03007782e-01 -3.49528134e-01
    -4.09505785e-01 1.19454575e+00 -8.30189049e-01 1.14833021e+00
    1.87427354e+00 1.66989481e+00 9.04341578e-01 9.92637157e-01
    -2.99307704e-01 1.43840957e+00 -1.04546797e+00 -2.29261160e-01
    5.31430244e-02 6.88030601e-01 7.14103580e-01 1.25859785e+00
    3.29204321e-01 1.39222360e+00 1.91000485e+00 1.54983270e+00
    1.56827688e-01 -3.90836418e-01 2.95667827e-01 2.37048864e-02
    1.06515336e+00 1.65475714e+00 -7.94380844e-01 1.14573240e+00
    -1.58740163e-01 9.25527275e-01 1.66453552e+00 -7.15246081e-01
    1.07202291e+00 6.16480827e-01 -2.82952547e-01 5.67540586e-01
    1.00980914e+00 1.58930612e+00 1.88557434e+00 9.28294182e-01
    -9.20589864e-01 2.49101400e-01 2.90373027e-01 -6.06722713e-01
    2.86790907e-01 1.44889295e+00 1.02386260e+00 1.82115328e+00
    1.44523263e-01 -4.35764551e-01 5.31995893e-01 1.30902505e+00
    -2.79817104e-01 -4.65529621e-01 3.62456679e-01 1.43647194e+00
    -7.21639156e-01 -8.22771430e-01 1.02563500e+00 3.60174477e-01
    9.23143506e-01 1.84704661e+00 1.03737354e-01 -7.99355686e-01
    -4.31427777e-01 -5.57114601e-01 1.78450513e+00 -8.26088667e-01
    1.56978440e+00 1.48030972e+00 -8.18839550e-01 1.37469542e+00
    -7.89512038e-01 1.44323587e-01 -1.66229069e-01 1.74564457e+00
    1.33134556e+00 -4.07163501e-02 -5.79109550e-01 -7.17302084e-01
    -6.87221169e-01 3.48225832e-01 1.73302770e-01 -4.42655206e-01
    -1.15985870e-02 -2.41701603e-02 -6.73032045e-01 5.67144513e-01
    1.48639715e+00 1.04847944e+00 -7.72062302e-01 3.79264176e-01
    1.96971250e+00 -4.29956466e-01 1.90027404e+00 -4.08986092e-01
    -3.07439506e-01 8.20491254e-01 -6.86970353e-01 5.34044862e-01
    1.62957191e+00 5.96376240e-01 1.04113042e+00 1.73880959e+00
    -7.64025033e-01 1.36977410e+00 -4.21356320e-01 9.20349777e-01
    2.79373705e-01 -3.76814783e-01 -6.31997943e-01 -5.18629313e-01
    1.89771461e+00 1.63230467e+00 1.83490658e+00 1.53647530e+00
    -4.60191756e-01 -4.97473568e-01 8.52396250e-01 1.04328334e+00
    9.69722509e-01 1.79944038e+00 -5.67098558e-01 1.56944752e-01
    1.63301027e+00 1.09411573e+00 6.06173277e-02 1.80961514e+00
    1.74465036e+00 6.13401413e-01 -4.24248099e-01 1.21839917e+00
    2.70541430e-01 7.82131076e-01 2.99851060e-01 1.17206073e+00
    1.89833343e-01 3.02559853e-01 -1.46211863e-01 9.19778347e-02
    1.90316343e+00 2.13308930e-01 -5.74154019e-01 6.84515119e-01
    -2.24263430e-01 -5.11796474e-01 1.77110624e+00 1.31887174e+00
    -3.12182486e-01 -2.65591502e-01 5.85794449e-04 -4.53268230e-01
    -4.35301602e-01 6.43322468e-02 1.09958673e+00 1.54960012e+00
    1.60895109e+00 -4.91513669e-01 -7.50529408e-01 1.27919531e+00
    -8.86067331e-01 -4.17450547e-01 6.72973394e-02 -1.40678585e-01
    -7.30950117e-01 -5.12534559e-01 2.49586582e-01 1.13282037e+00
    1.36193609e+00 1.28769350e+00 -6.00950599e-01 1.73223376e-01
    1.16260839e+00 1.67628169e-01 -5.36101937e-01 1.35215151e+00
    1.34048629e+00 1.56594729e+00 -7.75926054e-01 1.69146013e+00
    1.14937723e+00 -8.09015334e-01 2.71306336e-01 1.43022227e+00
    -5.46527982e-01 1.40129232e+00 -4.04847383e-01 5.17628193e-01
    1.86725473e+00 1.52844763e+00 5.19411802e-01 7.57319987e-01
    -1.93901300e-01 -5.72993398e-01 4.03649032e-01 1.23523068e+00
    7.19201386e-01 -1.84452951e-01 1.39919519e-02 1.81469870e+00
    9.28235173e-01 1.42638326e-01 9.35239673e-01 3.33298922e-01
    -2.95674801e-01 1.68459284e+00 1.11978817e+00 1.02143645e-01
    -6.29589200e-01 1.85317731e+00 3.81224811e-01 1.81560731e+00
    3.89529824e-01 7.21631587e-01 1.52627826e-01 1.68854034e+00
    6.75662100e-01 -2.28654325e-01 -6.34465039e-01 -4.79878366e-01
    1.72207820e+00 -1.88003480e-01 9.03724492e-01 -3.62169743e-02
    -1.01592278e+00 3.41089904e-01 -9.62302268e-01 1.23878634e+00
    4.59336400e-01 1.27078235e+00 1.12725854e+00 7.10097194e-01
    4.24610972e-01 2.50399351e-01 2.50697136e-01 5.56679964e-01
    1.13024879e+00 1.41734862e+00 4.26487327e-02 1.37212467e+00
    4.65934634e-01 -6.69885814e-01 -2.01786697e-01 -6.56296849e-01
    7.17564404e-01 2.12341547e-02 -6.06216788e-02 -4.64139193e-01
    1.23872447e+00 3.26703608e-01 -7.67158449e-01 8.75367641e-01
    -6.97076559e-01 1.09380078e+00 1.38670301e+00 5.35456955e-01
    -1.53527200e-01 -5.08976340e-01 -1.47297978e-01 -5.47757626e-01
    -1.01260781e-01 8.25784445e-01 1.77493310e+00 -2.49221623e-01
    -6.43752575e-01 7.05754399e-01 1.79145360e+00 1.40916455e+00
    9.38541055e-01 1.39164925e-02 1.23247874e+00 1.78214312e+00
    -2.30954885e-02 1.01895392e+00 1.32952094e-01 -6.30818009e-02
    -8.39816928e-01 -2.00756252e-01 8.48942161e-01 -3.21914196e-01
    1.71973062e+00 1.30339003e+00 -5.40079653e-01 1.69589674e+00
    1.82216334e+00 1.46362329e+00 -4.14966226e-01 8.62228274e-01
    -7.06068099e-01 9.38702106e-01 1.04642367e+00 4.10409093e-01
    -3.38518441e-01 1.64773428e+00 1.83182931e+00 -8.03408623e-01
    4.41195011e-01 -2.62234449e-01 1.16882491e+00 1.27311409e+00
    1.43525994e+00 1.80975795e-01 1.08324337e+00 1.33230996e+00
    1.72673607e+00 -6.41861320e-01 -5.89074731e-01 -3.90196919e-01
    -6.06660366e-01 5.32039881e-01 -1.06828332e+00 9.15830255e-01
    9.84287381e-01 -1.85079575e-01 1.86291754e+00 1.80147338e+00
    1.22470164e+00 2.48024940e-01 7.97306716e-01 2.01938868e-01
    1.35189259e+00 -5.50977588e-01 4.86345470e-01 1.47993600e+00
    7.46335328e-01 1.02159345e+00 1.38570917e+00 -5.18203378e-01
    1.25387335e+00 6.85209870e-01 1.00644636e+00 6.04815006e-01
    1.95899272e+00 6.38127148e-01 3.71581078e-01 -1.05760634e+00
    -6.46605909e-01 -9.93761957e-01 2.17205405e-01 1.84419119e+00
    -5.09219170e-02 5.54822445e-01 1.01227665e+00 7.14315295e-01
    1.69176459e-01 1.41286159e+00 6.39701962e-01 1.58349562e+00
    -5.70874572e-01 1.60815537e-01 1.86769462e+00 8.85747790e-01
    3.08144093e-02 1.81546664e+00 2.26740539e-01 1.75049233e+00
    1.29539907e-01 1.91687727e+00 -2.32562184e-01 1.35931540e+00
    -6.80012047e-01 7.12123454e-01 5.41472137e-01 -8.02527785e-01
    -7.77622819e-01 1.18529391e+00 2.32422829e-01 4.35982645e-01
    1.16206837e+00 9.31554019e-01 -2.29362786e-01 4.60093796e-01
    1.57900810e+00 1.06485069e-01 -2.69833267e-01 1.39839554e+00
    1.10856891e-01 3.49618137e-01 -2.06364214e-01 4.63063359e-01
    1.45209014e+00 9.27077174e-01 1.53846860e-01 5.88236451e-01
    -5.75483918e-01 7.04834342e-01 1.39573944e+00 -7.19337583e-01
    1.17788815e+00 1.88179934e+00 1.49409413e+00 1.07773709e+00
    1.05807185e-01 -6.52804792e-01 6.60851002e-01 9.96744096e-01
    -8.46215189e-01 1.14291692e+00 1.36193204e+00 -5.05625010e-01
    1.77127421e+00 1.73879802e-01 -2.63975859e-01 1.37080479e+00
    1.04585636e+00 2.49433875e-01 8.76417637e-01 1.04213035e+00
    -7.00987339e-01 -1.93574607e-01 1.70603883e+00 -8.72348785e-01
    -6.07240200e-03 1.44013405e+00 -1.39239907e-01 1.71340466e+00
    1.05793905e+00 8.73120129e-01 5.34121752e-01 8.68168116e-01
    -1.57808721e-01 -6.88617826e-01 -4.77661252e-01 2.06297100e-01
    -1.75985217e-01 2.49790013e-01 1.80212307e+00 1.78649616e+00
    8.65759134e-01 1.55496311e+00 -8.41184556e-01 -4.06576872e-01
    4.94573355e-01 -4.84400988e-01 1.75007892e+00 -6.27804041e-01
    4.81092930e-03 -6.01750016e-01 -1.60195291e-01 1.66499364e+00
    1.01549792e+00 2.96404064e-01 2.24248409e-01 9.07768130e-01
    1.49616146e+00 6.14647865e-02 1.28766656e+00 1.12347341e+00
    -1.37418807e-01 1.72898436e+00 6.66305602e-01 1.24185741e-01
    8.45813811e-01 1.06426263e+00 1.76169538e+00 -5.49355149e-02
    1.22480893e+00 8.55646253e-01 1.03253722e+00 -6.66434765e-02
    9.47056651e-01 1.89460397e+00 3.36284041e-02 1.35195398e+00
    -5.62242031e-01 1.32193065e+00 3.93626392e-01 4.13453341e-01
    1.97160661e-01 1.18075883e+00 1.09128284e+00 1.20432925e+00
    1.58997214e+00 1.13846004e+00 -7.31378794e-01 -1.41010821e-01
    8.43247116e-01 -8.36932659e-02 1.88583326e+00 -2.75593460e-01
    6.59975529e-01 -6.36642754e-01 1.42948341e+00 -6.64110780e-01
    -6.54389143e-01 1.51323557e-01 -1.71635926e-01 -4.16609466e-01
    -8.44589829e-01 -6.92984998e-01 6.19230270e-02 7.37177789e-01
    1.78875339e+00 -6.60922408e-01 1.89009118e+00 9.30201530e-01
    8.59660745e-01 -6.18085861e-01 -7.77694583e-01 -2.23962069e-02
    -7.83802569e-01 -5.94419658e-01 2.45269120e-01 -2.07171917e-01
    2.07764530e+00 2.02741194e+00 3.85095596e-01 -5.39280772e-01
    -7.09579587e-02 1.74913549e+00 1.03170896e+00 6.68246508e-01
    2.93548465e-01 -3.84564698e-01 4.73994255e-01 -7.32264876e-01
    -9.37262774e-02 -5.17122447e-01 2.92599082e-01 -5.44651449e-01
    1.93279386e-01 1.03262949e+00 -9.25976992e-01 1.49885356e+00
    8.22481155e-01 1.09118617e+00 1.41488838e+00 -7.61433899e-01
    -4.99937534e-02 -2.54083037e-01 1.14019763e+00 -4.64184880e-02
    5.62583208e-02 4.07073498e-01 -6.34571135e-01 -7.35646129e-01
    8.15336585e-01 -4.57353771e-01 -6.95077419e-01 3.70585322e-02
    1.12076735e+00 1.78407598e+00 6.10838234e-01 1.20181298e+00
    -2.06306636e-01 5.02090096e-01 1.05502534e+00 -4.24261749e-01
    1.24775505e+00 9.49016035e-01 -8.30297947e-01 1.41852951e+00
    1.55289865e+00 -8.49664569e-01 2.88919151e-01 1.53796303e+00
    2.47641444e-01 4.49455380e-01 -1.60247624e-01 -2.76159286e-01
    1.77946806e-01 1.35803103e-01 1.23837543e+00 2.11004734e-01
    1.18284822e-01 -2.10683703e-01 7.18196869e-01 6.09586477e-01
    7.89327383e-01 1.62427032e+00 1.61225367e+00 -7.64209211e-01
    3.86108875e-01 1.89362812e+00 8.50564599e-01 -7.89181948e-01
    3.78810883e-01 9.49968338e-01 1.79218316e+00 -6.87268972e-01
    -8.28147650e-01 2.41213799e-01 -9.94495749e-02 1.26294625e+00
    1.97148204e-01 3.31900954e-01 1.17863393e+00 1.72462904e+00
    -6.46831393e-02 -9.65595961e-01 3.37038040e-02 1.51544547e+00
    -3.78907323e-02 -1.19876742e-01 -6.46696508e-01 1.87224698e+00
    7.48569965e-02 -5.15084386e-01 1.47544897e+00 9.99019563e-01
    -5.69663167e-01 4.50045049e-01 9.68340695e-01 1.91694498e-01
    1.07121181e+00 1.31365824e+00 1.22119665e+00 1.43266296e+00
    1.08084679e+00 -6.39568865e-01 6.36109352e-01 -6.46007180e-01
    -5.71919084e-01 6.87972724e-01 1.25125551e+00 7.15814114e-01
    6.51789129e-01 1.89462340e+00 1.43878174e+00 7.36331046e-01
    1.89634204e+00 5.77377439e-01 1.48902988e+00 -7.35629320e-01
    -8.69340897e-02 5.48488855e-01 -8.11626256e-01 1.03889406e-01
    -6.39662862e-01 -3.25739950e-01 -7.34610498e-01 -6.79804087e-01
    -1.56125188e-01 -6.26251936e-01 1.37022567e+00 1.26968634e+00
    1.52588725e+00 6.68395042e-01 3.16622496e-01 -4.89931941e-01
    1.09459543e+00 7.36513734e-01 1.29412520e+00 -8.44041288e-01
    8.09696436e-01 1.17867064e+00 1.68892527e+00 -3.94721329e-01
    4.89239395e-01 -3.97406220e-01 5.91890574e-01 6.42608404e-02
    -1.76090002e-01 7.05241263e-01 1.64015210e+00 -7.62704432e-01
    1.39942241e+00 -9.85361934e-02 -8.42711747e-01 3.87533367e-01
    1.14770818e+00 -3.42250466e-01 1.17677319e+00 -5.02267540e-01
    2.15266943e-01 6.24598622e-01 -8.10021043e-01 6.14429951e-01
    -8.96580815e-02 -9.13679838e-01 -7.07203507e-01 -2.25153744e-01
    1.08832276e+00 -5.33443093e-02 1.79952049e+00 8.50314558e-01
    4.94170189e-03 1.86437726e+00 9.26759839e-01 1.47895241e+00
    8.61103535e-02 1.68613362e+00 -3.39245677e-01 -8.61306310e-01
    2.49873400e-01 8.45899761e-01 9.35363591e-01 -3.18815470e-01
    1.46997881e+00 1.17753851e+00 1.91183734e+00 1.52966917e+00
    6.60882711e-01 1.04385114e+00 1.86299109e+00 1.30418730e+00
    1.34508228e+00 1.49228787e+00 -8.96253765e-01 -9.46030498e-01
    8.58598769e-01 -8.06519330e-01 -4.82310921e-01 3.40371609e-01
    -3.71356368e-01 2.67821670e-01 3.59368980e-01 -8.19049001e-01
    -7.88399994e-01 9.94693577e-01 -7.56167591e-01 1.35659623e+00
    1.00864637e+00 1.71891952e+00 9.98145342e-02 -1.52472734e-01
    -2.30654299e-01 -2.74150372e-01 1.41930151e+00 9.53611732e-01
    -9.98800993e-02 -4.47118044e-01 1.26782179e+00 5.60924828e-01
    -6.84721470e-01 -8.60773325e-01 2.92441845e-02 1.04459906e+00
    -6.80720806e-02 1.70339000e+00 1.69523156e+00 9.02299762e-01
    1.40213025e+00 1.63590240e+00 8.78563821e-01 -1.60246372e-01
    1.68603361e+00 1.55594254e+00 1.54235005e+00 1.35126710e+00
    9.57467496e-01 1.57279491e+00 -6.00147128e-01 9.82339740e-01
    1.75044072e+00 1.61808157e+00 1.46295500e+00 1.75742126e+00
    -1.46398783e-01 4.44167435e-01 1.46504641e-01 -6.28380477e-01
    1.94873691e-01 1.32276440e+00 1.13088644e+00 8.09595823e-01
    4.31299627e-01 -3.19492221e-01 1.71720409e+00 1.44018269e+00
    1.15744972e+00 4.21216667e-01 1.38585031e-01 -4.70166117e-01
    1.09007788e+00 8.95872116e-02 -8.86596262e-01 1.51660395e+00
    4.27558661e-01 1.66613984e+00 4.44489002e-01 -6.46802783e-01
    1.51990891e+00 1.38054132e+00 7.39669859e-01 -1.40827596e-01
    9.01124299e-01 9.06133473e-01 1.00777626e+00 1.64399064e+00
    1.60391963e+00 1.37837231e+00 1.05212867e+00 1.03571343e+00
    -6.16047740e-01 -3.40739489e-02 -2.82569408e-01 1.53996372e+00
    1.14033866e+00 2.34381258e-01 1.45400786e+00 6.51718378e-02
    8.47141504e-01 2.11599946e-01 2.70294189e-01 -1.08961701e-01
    4.40668762e-01 4.82725859e-01 1.91159737e+00 -5.71786761e-01
    1.00571609e+00 1.69460917e+00 3.56919348e-01 4.93910909e-02
    1.19135237e+00 -2.80077577e-01 1.32174551e-01 1.10217965e+00
    1.13677931e+00 9.83325005e-01 3.92780304e-01 -5.02934813e-01
    1.08705771e+00 1.77278399e+00 3.43840003e-01 1.67030597e+00
    -4.10340965e-01 3.35017204e-01 -6.40602469e-01 1.29865682e+00
    5.19791961e-01 1.78756988e+00 1.13432407e-02 1.30065775e+00
    1.52845228e+00 1.00655866e+00 -5.64896643e-01 -8.11001420e-01
    1.65261483e+00 -8.93210649e-01 -5.96970856e-01 1.34312487e+00
    6.31353855e-01 -1.40512526e-01 1.03581035e+00 9.89489675e-01
    3.27044249e-01 9.58916068e-01 -6.20846868e-01 2.59201646e-01
    1.31239891e-02 2.77240872e-01 -8.89168203e-01 7.21923351e-01
    9.43768799e-01 1.35261202e+00 -7.38035679e-01 8.70388865e-01
    4.59173322e-02 1.92408466e+00 1.26768005e+00 1.56418431e+00
    1.91004097e+00 6.86761022e-01 1.51531744e+00 6.09012067e-01
    1.37359464e+00 1.83427334e-02 1.46956146e-01 2.89932787e-01
    1.58026433e+00 -5.19310415e-01 -6.12355173e-01 4.73611116e-01
    -6.32542014e-01 -9.18947995e-01 5.35723448e-01 4.76020813e-01
    1.28292584e+00 7.74342835e-01 1.22562838e+00 -8.50685656e-01
    -9.39789295e-01 -9.16543841e-01 1.22893417e+00 1.61811543e+00
    -2.42305219e-01 3.61560643e-01 1.05714464e+00 1.70781171e+00
    -7.67507553e-02 8.34963739e-01 1.86393523e+00 2.39263654e-01
    2.49427676e-01 -4.87974793e-01 -4.87671196e-01 1.68535185e+00
    -4.48612541e-01 1.52118802e+00 8.92502069e-02 1.82612360e-01
    1.76039171e+00 -7.15563059e-01 -4.76888359e-01 1.67445934e+00
    -4.47845578e-01 1.59064841e+00 -1.25920057e-01 -9.21982527e-03
    1.05941939e+00 -8.71226907e-01 1.14756608e+00 -3.84097695e-02
    5.92506528e-01 -3.18202496e-01 -7.62560129e-01 1.01881409e+00
    8.08898330e-01 -7.23273635e-01 -1.60296738e-01 -4.52835232e-01
    1.72879171e+00 8.84881616e-02 7.86074102e-01 9.64838266e-01
    2.45314240e-01 2.70134389e-01 -1.98546171e-01 -1.95303202e-01
    8.01191092e-01 -3.13519716e-01 4.74491894e-01 1.64348185e-01
    1.54395008e+00 1.10076439e+00 9.38248217e-01 1.61149549e+00
    1.47162640e+00 -4.16153044e-01 -6.30766153e-01 1.79714346e+00
    4.36863840e-01 1.10150719e+00 -6.27996683e-01 -1.89001083e-01
    -4.78788972e-01 1.29194903e+00 5.94964027e-01 2.01955891e+00
    -4.45858657e-01 1.72715795e+00 -3.16120565e-01 -7.20366955e-01
    1.91785800e+00 7.47126758e-01 -4.69669759e-01 -3.00843894e-01
    -9.77100730e-02 4.86166477e-01 1.57603562e-01 -4.01513159e-01
    1.44013965e+00 -6.16586804e-02 1.74354923e+00 1.63954496e+00
    6.14899516e-01 1.21427655e+00 -8.46468151e-01 1.51853549e+00
    -4.88921076e-01 -7.99819887e-01 -1.22337401e-01 1.59592080e+00
    1.75783658e+00 8.72301161e-01 7.64976919e-01 1.67497396e+00
    1.91961062e+00 1.00187457e+00 4.96946454e-01 -6.89213932e-01
    -9.80976224e-02 8.30298781e-01 4.15145457e-01 6.38625622e-02
    -7.85782218e-01 1.37557840e+00 4.50705826e-01 -2.36485243e-01
    -6.15991831e-01 2.63592601e-02 -1.67180717e-01 1.83894932e-01
    -6.86932683e-01 1.03788972e+00 1.69002116e+00 1.69167030e+00
    1.30530596e+00 -4.35561001e-01 -9.42777932e-01 8.71763825e-02
    -6.15195632e-01 -3.11904609e-01 -1.31126702e-01 -5.90853512e-01
    -6.31995201e-02 -8.84359062e-01 1.69500804e+00 1.33198285e+00
    9.93924558e-01 1.16937041e+00 1.39232874e-02 2.41809487e-01
    1.11998296e+00 9.63384211e-01 9.70995009e-01 -2.25869656e-01
    1.87588358e+00 7.24924803e-01 1.88432860e+00 1.11275125e+00
    -6.46005154e-01 1.79926133e+00 1.30318594e+00 4.44707811e-01
    1.55450869e+00 1.60260022e-01 -8.06888759e-01 -2.23086655e-01
    6.67905509e-01 1.63924420e+00 9.56650734e-01 1.62377524e+00
    9.01039481e-01 2.68423915e-01 1.10145426e+00 1.99363923e+00
    1.81062269e+00 -7.92039216e-01 -3.02414358e-01 -7.06197798e-01
    1.11379051e+00 -5.77887893e-02 6.05829597e-01 -7.46192336e-02
    -6.54314756e-02 1.29809380e-02 1.35816717e+00 -4.22358453e-01
    5.52137494e-01 9.03003216e-02 8.39767933e-01 1.30238509e+00
    5.56200147e-02 3.93858254e-01 1.03016424e+00 4.03084159e-01
    1.25317979e+00 1.67623532e+00 1.13245010e+00 -7.73788750e-01
    8.53477478e-01 1.18795598e+00 1.42847443e+00 8.60683620e-01
    5.46766698e-01 9.74810660e-01 -6.51283383e-01 -7.94258893e-01
    7.61371851e-01 2.48214006e-01 -3.21781635e-02 5.65770030e-01
    1.40109217e+00 -7.39373326e-01 5.48256993e-01 2.51153588e-01
    1.50077343e+00 6.38308644e-01 3.14745903e-02 1.35648286e+00
    7.82187700e-01 1.76453388e+00 2.91396618e-01 1.30106175e+00
    1.23231816e+00 1.71444058e+00 1.72385538e+00 1.81506085e+00
    1.32306123e+00 -5.96435666e-01 -6.34391427e-01 9.39468205e-01
    -5.56898355e-01 -4.03033376e-01 -2.50396371e-01 -2.77512312e-01
    -2.72985101e-01 9.29587841e-01 1.64862871e+00 1.13702250e+00
    9.73214149e-01 5.36658406e-01 1.38834274e+00 4.75689411e-01
    2.44262576e-01 8.07581365e-01 6.46151423e-01 1.16281343e+00
    -5.96000731e-01 1.66032267e+00 1.59228206e+00 1.74512744e-01
    -9.12075222e-01 1.85460854e+00 7.15913951e-01 1.13150227e+00
    -3.98129344e-01 3.10856223e-01 1.33645153e+00 1.00211263e+00
    -1.26564622e-01 -8.23043704e-01 1.32677603e+00 9.56908822e-01
    1.92483997e+00 1.51920116e+00 6.59126997e-01 1.60882854e+00
    -2.13048577e-01 5.39827347e-03 -7.09164977e-01 1.32461870e+00
    8.21065843e-01 1.22236609e+00 -4.79443371e-01 1.12436855e+00
    9.37342048e-01 -2.78212368e-01 -4.30762768e-04 -6.38102114e-01
    2.27465093e-01 1.36926472e+00 7.82587528e-01 1.21810722e+00
    2.00189781e+00 -8.50943685e-01 -8.08229148e-01 4.33328271e-01
    -5.09075642e-01 1.74870276e+00 6.55658901e-01 1.55264759e+00
    -3.95792127e-02 -3.92914861e-01 7.81566441e-01 4.07782137e-01
    -6.19155169e-02 -7.50874758e-01 3.91323388e-01 -1.92511320e-01
    1.61306584e+00 -8.11141849e-01 1.63561809e+00 3.79390240e-01
    1.03223157e+00 7.81643212e-01 -6.32299960e-01 -3.00841153e-01
    7.41499126e-01 1.78356647e-01 8.23021114e-01 9.57209468e-02
    -4.19786781e-01 1.52933598e+00 1.51926613e+00 2.77717173e-01
    -2.72534728e-01 5.55286348e-01 7.41477609e-01 -3.27570736e-01
    1.13982463e+00 8.88741076e-01 -1.14344954e-01 7.36473858e-01
    -7.61443853e-01 2.12275326e-01 1.34643853e+00 3.19027960e-01
    5.56955874e-01 1.53136683e+00 1.15354538e+00 7.73969173e-01
    -6.71220541e-01 7.34453559e-01 5.01739979e-01 7.63153076e-01
    1.10659373e+00 1.12589860e+00 1.88619494e+00 1.43244362e+00
    6.67131543e-02 -2.29763985e-03 2.31914997e-01 -4.10333633e-01
    5.82786620e-01 1.72048080e+00 -4.01926458e-01 9.19477820e-01
    1.66399038e+00 2.93948472e-01 1.75593603e+00 -8.76761913e-01
    5.91793060e-01 1.27277613e-01 4.71005976e-01 1.81580424e+00
    -8.38653564e-01 5.73830903e-01 -8.71927500e-01 1.77677429e+00
    5.16234279e-01 -5.51275373e-01 1.95087409e+00 -4.15516466e-01
    -5.70566177e-01 1.05404139e-01 -6.35945022e-01 -4.64996815e-01
    -3.55208337e-01 1.45481527e-01 -9.64741528e-01 7.35881925e-01
    6.59301698e-01 1.86470199e+00 -1.08075142e-03 1.28009021e+00
    4.70607758e-01 -3.40746403e-01 1.06621242e+00 6.42808259e-01
    2.67170489e-01 5.63536108e-01 -1.80030167e-01 -1.30459368e-01
    6.08654916e-01 1.36078155e+00 1.23617744e+00 1.13061762e+00
    1.28638315e+00 -4.03092861e-01 1.77655256e+00 7.71142602e-01
    5.40230691e-01 1.53924870e+00 7.54505157e-01 4.00764465e-01
    -5.52890420e-01 3.92448127e-01 1.48881054e+00 1.05836034e-01
    1.59842765e+00 1.05978775e+00 -4.91525233e-01 1.44594622e+00
    1.09075093e+00 1.09077907e+00 1.02108240e-01 1.51238871e+00
    -2.67969489e-01 5.68688869e-01 1.80146873e+00 -6.73064470e-01
    -7.63690472e-02 4.55652475e-01 -6.11850858e-01 1.60216427e+00
    -5.33500314e-01 1.24165273e+00 4.47812080e-02 3.59895825e-01
    5.71046472e-02 -3.84817600e-01 7.26596117e-01 -3.61682653e-01
    -4.62264657e-01 -5.51801920e-02 1.48785055e+00 1.67792559e+00
    8.93656492e-01 5.36374867e-01 -6.45862877e-01 -5.13836861e-01
    1.07899892e+00 -7.87358403e-01 -4.34291959e-01 8.84839475e-01
    -6.42978311e-01 3.73675168e-01 1.14341092e+00 1.32892179e+00
    -9.56951320e-01 1.42977440e+00 6.96025014e-01 -2.76100159e-01
    1.50302446e+00 -2.95076132e-01 4.16348100e-01 1.47942138e+00
    7.49170065e-01 -5.95396161e-01 -2.84944952e-01 6.74519360e-01
    -3.35472763e-01 -7.02152848e-02 9.78184938e-02 1.08954334e+00
    -7.78415203e-01 6.31101429e-01 -6.90364838e-01 1.35380554e+00
    3.55077028e-01 1.09343004e+00 9.43458200e-01 2.04325676e-01
    6.81502640e-01 5.05460262e-01 -5.69239736e-01 3.34500432e-01
    -6.87347114e-01 4.56902027e-01 4.46557105e-01 -5.54230094e-01
    1.68768311e+00 1.07248020e+00 -9.26031053e-01 -4.83887136e-01
    -1.28725946e-01 -7.59908557e-02 1.29982471e-01 1.67070091e+00
    1.59617937e+00 1.59453940e+00 -2.40813494e-01 1.34001684e+00
    1.84047985e+00 1.01115751e+00 1.55076909e+00 -6.29706979e-01
    1.47991085e+00 -2.44179428e-01 1.26031375e+00 -6.11914992e-01
    5.73209524e-02 1.57786417e+00 7.83533454e-01 1.36623454e+00
    1.49736261e+00 -7.96330571e-02 1.27381635e+00 7.99988747e-01
    1.18750668e+00 1.79682672e-01 -8.37238312e-01 1.04138827e+00
    7.41840482e-01 9.36810255e-01 3.21881950e-01 1.39685643e+00
    6.60503089e-01 1.70909452e+00 -5.90309680e-01 7.04862714e-01
    2.78471231e-01 6.97723448e-01 1.12344790e+00 1.31722856e+00
    5.30268848e-01 -8.03361893e-01 -1.29235983e-01 -3.46788168e-01
    2.51170576e-01 -4.14400220e-01 1.91275668e+00 -5.33610046e-01
    8.44456971e-01 -4.04434919e-01 1.90505981e+00 -3.49432409e-01
    3.75709951e-01 1.17753947e+00 -1.35755777e-01 2.72536099e-01
    1.53258228e+00 4.97568786e-01 1.75215781e+00 8.10090303e-01
    -2.06047237e-01 -3.60702038e-01 8.98320198e-01 -3.64488363e-03
    1.59884274e-01 1.96593404e-01 1.37500787e+00 1.01890564e+00
    -5.12810767e-01 -6.78713918e-01 -3.67818177e-01 3.99248123e-01
    -7.23006010e-01 1.07369781e+00 8.73867512e-01 1.77316248e+00
    -1.31229520e-01 1.38720846e+00 1.63170099e+00 -8.11823368e-01
    1.66942167e+00 1.21203208e+00 1.25871778e+00 1.05541027e+00
    -5.64789057e-01 9.41527486e-01 -3.03652823e-01 -5.50939560e-01
    -6.77937269e-03 -4.84048128e-02 -3.30961049e-01 1.23453498e+00
    1.11730671e+00 1.04201937e+00 -6.84403539e-01 -7.93044269e-01
    2.37320065e-02 3.28435183e-01 -3.33048165e-01 1.99675083e+00
    2.04630280e+00 1.42835355e+00 8.31965208e-02 6.55860245e-01
    -4.20851499e-01 -3.03319454e-01 1.07588243e+00 5.24807036e-01
    -5.56747079e-01 -1.36846125e-01 3.72496963e-01 1.46948242e+00
    1.22704172e+00 9.95996833e-01 -8.47929955e-01 2.53464758e-01
    -9.30584848e-01 1.83964634e+00 -3.06686163e-01 -2.07987428e-02
    5.29300272e-01 -5.88155627e-01 7.01579869e-01 -6.93891883e-01
    1.85133433e+00 -1.90551937e-01 7.32616007e-01 1.37231219e+00
    3.74432087e-01 -1.53998196e-01 -9.56917167e-01 -3.10905874e-01
    1.21973813e+00 -5.95171988e-01 -9.08101201e-02 -6.68556094e-01
    7.26406813e-01 1.15926170e+00 7.36451745e-01 1.15137351e+00
    6.04689837e-01 1.80016351e+00 1.53588903e+00 -6.17763162e-01
    4.72029507e-01 8.74239445e-01 6.13769054e-01 1.52653122e+00
    -4.97049183e-01 -6.64157033e-01 9.67896163e-01 3.19589615e-01
    1.89325619e+00 1.43152165e+00 1.79481208e+00 -5.46319842e-01
    7.06968307e-01 2.06463814e-01 4.26807642e-01 -7.12053418e-01
    1.12165189e+00 4.52470422e-01 7.51293898e-01 -5.66121399e-01
    1.90912294e+00 -4.84324902e-01 -6.33226991e-01 1.78685522e+00
    -1.97549045e-01 -2.87404478e-01 7.04419971e-01 3.38458657e-01
    -1.72813535e-02 8.53344679e-01 1.53764641e+00 -2.49979019e-01
    -1.35750592e-01 1.70360386e+00 2.33952522e-01 1.66398084e+00
    1.07318771e+00 -1.93908989e-01 3.91672611e-01 -5.99490702e-01
    1.45025086e+00 -6.63275659e-01 -3.99240315e-01 6.25155628e-01
    1.19087338e+00 7.64790475e-01 3.94476950e-01 3.76229703e-01
    1.13184452e+00 -5.00712037e-01 -2.34001994e-01 -3.31549168e-01
    1.09017825e+00 -5.66338658e-01 2.76826262e-01 1.28348172e-01
    4.50715780e-01 1.97124124e+00 -8.69675994e-01 1.36463559e+00
    8.05981517e-01 1.74631476e-01 8.27748239e-01 1.90606713e+00
    -6.08418584e-02 -5.60228348e-01 1.78086793e+00 6.22484863e-01
    2.38561630e-03 1.92427421e+00 1.77426624e+00 3.08233142e-01
    1.84912145e+00 1.16593027e+00 3.05433512e-01 -1.56784117e-01
    1.76581299e+00 -5.58361530e-01 9.65095282e-01 6.74159288e-01
    2.40884423e-01 1.29337418e+00 9.72210824e-01 6.46501124e-01
    8.40256572e-01 -2.13233292e-01 1.91837287e+00 -2.45127559e-01
    4.87937450e-01 -3.13926280e-01 1.73299122e+00 3.81505489e-01
    1.80407190e+00 -8.72148275e-01 -3.12770128e-01 -8.30062687e-01
    3.06444943e-01 8.45344663e-02 -7.95854867e-01 -6.94371223e-01
    7.17628360e-01 1.11080885e+00 -5.27980566e-01 2.80742586e-01
    -8.63667548e-01 1.40121162e+00 1.19780755e+00 1.01224995e+00
    9.04033601e-01 1.92638373e+00 -4.89304781e-01 8.03505778e-01
    9.01749134e-01 1.18528008e-01 8.69965553e-02 -5.01178503e-02
    9.36080098e-01 -2.15882778e-01 -9.70212519e-01 -9.25576091e-01
    -5.66190124e-01 -3.22622359e-01 1.53528547e+00 2.00211287e-01
    1.20171118e+00 1.89553666e+00 3.94768775e-01 1.90366733e+00
    1.52870655e-01 1.27970016e+00 1.77919173e+00 1.68341327e+00
    1.98908925e-01 -9.43011642e-01 -3.58538210e-01 1.55778170e+00
    -6.57043695e-01 1.93677092e+00 1.64428401e+00 1.49828720e+00
    1.64264143e-01 -1.64084911e-01 2.43490815e-01 5.00030518e-01
    6.88572168e-01 1.19090891e+00 1.08718598e+00 3.91129255e-01
    1.05794811e+00 -2.15890288e-01 7.91925073e-01 3.68248820e-01
    -8.19030285e-01 -7.26199210e-01 1.85164213e-01 -9.39837754e-01
    -1.79269791e-01 -3.70653391e-01 8.52342904e-01 1.62147808e+00
    -6.26931310e-01 1.07555199e+00 8.69060516e-01 7.77270615e-01
    -7.55522132e-01 1.17166221e-01 -2.59766817e-01 1.59379673e+00
    1.65997481e+00 -8.65423679e-03 -6.95539236e-01 1.39062726e+00
    1.04337299e+00 1.37509775e+00 -6.86486185e-01 9.70420420e-01
    1.78865194e+00 4.94617701e-01 1.66846728e+00 -5.47014356e-01
    3.06912959e-01 -5.61908960e-01 9.20829177e-01 9.98388529e-01
    -5.22946239e-01 5.66217363e-01 7.11403847e-01 4.44759429e-01
    -7.35599518e-01 4.07712102e-01 1.75482631e-01 4.83476043e-01
    -3.40689301e-01 5.54763198e-01 9.16224897e-01 -6.17681384e-01
    3.69526863e-01 -7.79392958e-01 1.62047040e+00 -8.24259043e-01
    -3.93622100e-01 1.47143960e+00 1.71337938e+00 1.62958837e+00
    -3.11839044e-01 9.00134742e-01 -1.58579051e-01 2.61880696e-01
    -5.01840830e-01 -3.19816828e-01 -1.07616484e-01 9.32222009e-01
    1.44705474e-01 1.28450954e+00 1.58191133e+00 -8.42566490e-01
    -2.93489456e-01 4.31551158e-01 1.45727658e+00 -2.12136149e-01
    1.39583039e+00 1.38560939e+00 1.01230776e+00 -2.19413042e-01
    -7.83556402e-01 -1.51578963e-01 1.83543074e+00 1.26052630e+00
    -2.66615808e-01 -1.49340093e-01 1.84282804e+00 1.94099116e+00
    1.16584969e+00 1.69878471e+00 -3.48719954e-01 -7.46525705e-01
    -5.34531713e-01 -6.68823361e-01 3.42396498e-02 1.65449619e+00
    -2.14482546e-02 1.17013884e+00 -6.94801450e-01 -2.02312529e-01
    1.52609944e+00 1.46760511e+00 2.76195407e-02 4.85891700e-01
    1.13901997e+00 4.82133031e-01 1.14704168e+00 1.00694633e+00
    4.91021812e-01 -3.98171246e-01 1.36098886e+00 2.16137111e-01
    1.19866180e+00 -6.34979367e-01 1.41375566e+00 8.60095620e-01
    8.14310610e-01 -1.53376043e-01 2.08824039e-01 -8.11057329e-01
    1.77994859e+00 1.15008271e+00 5.24489999e-01 -5.79192698e-01
    1.76051939e+00 -1.47322536e-01 2.90851414e-01 -7.87273407e-01
    1.25229955e+00 -3.26636612e-01 2.88478434e-01 1.77307820e+00
    -1.11946046e-01 2.22827911e-01 1.65214455e+00 8.95476937e-02
    6.73210740e-01 1.12318349e+00 -5.57086468e-01 -4.15161431e-01
    6.75859451e-01 6.07936263e-01 -4.95971501e-01 1.56524181e-02
    -1.08379960e-01 1.31145775e+00 -4.89740074e-01 1.58447754e+00
    5.80954194e-01 -5.22849441e-01 1.26042366e+00 1.17441177e-01
    -8.73709142e-01 -9.26676989e-02 7.27517009e-02 3.93829048e-01
    1.51032913e+00 -3.96991909e-01 -3.22185457e-01 6.59316063e-01
    1.13136876e+00 -1.29923105e-01 1.86839819e+00 1.65354013e+00
    4.58072662e-01 -4.88558590e-01 9.39761400e-01 -2.90193975e-01
    -1.57483220e-02 -4.84290928e-01 -7.20856667e-01 1.75534725e+00
    -1.52492762e-01 -8.86298418e-02 4.85730171e-02 -2.54567325e-01
    -4.95075792e-01 1.38929427e+00 -4.17102933e-01 1.44487667e+00
    -3.23860586e-01 1.70742166e+00 -5.15765548e-01 -6.65626526e-01
    -9.52466011e-01 2.90912390e-02 7.39871979e-01 3.75620008e-01
    1.22889864e+00 -7.22764790e-01 -6.88868284e-01 7.16526628e-01
    -9.79849815e-01 1.41632438e+00 1.90173674e+00 -1.02615237e-01
    1.75620854e-01 -1.41120434e-01 -6.41577065e-01 1.29643607e+00
    9.00647223e-01 1.58418155e+00 1.42258096e+00 4.26924348e-01
    -2.26767898e-01 1.49985921e+00 1.44178915e+00 8.35057795e-01
    1.05059779e+00 -3.33628714e-01 1.75475466e+00 5.19851685e-01
    6.88870549e-02 1.42964256e+00 -4.89377171e-01 8.32047880e-01
    1.21607935e+00 1.46066093e+00 -5.10000110e-01 -5.87867916e-01
    1.10376310e+00 1.27655959e+00 1.55660117e+00 -4.70340967e-01
    1.49215007e+00 1.36356962e+00 1.66955566e+00 1.11883843e+00
    9.38211799e-01 -1.85649395e-01 8.46178651e-01 -1.55802369e-01
    -3.26528549e-01 9.83946979e-01 -1.57739460e-01 1.16521263e+00
    -3.90274882e-01 1.65569067e+00 1.56544089e-01 1.25634074e-01
    4.66514826e-02 1.55356920e+00 -4.40587521e-01 -5.61783195e-01
    1.81058693e+00 -7.97260404e-02 1.16662407e+00 -4.11980569e-01
    9.79339063e-01 -2.52043784e-01 1.45712018e+00 -1.53525591e-01
    5.56823909e-01 -2.74748743e-01 1.16736424e+00 1.23065925e+00
    -7.23353684e-01 5.61768413e-01 -3.21105778e-01 4.67607617e-01
    1.68390346e+00 3.06029558e-01 7.68980622e-01 -7.26343632e-01
    -5.15244603e-01 1.28579283e+00 -3.55941772e-01 3.66260767e-01
    1.75863886e+00 8.98272276e-01 1.93288374e+00 3.93261611e-01
    -3.54617834e-03 -9.31492031e-01 1.63152945e+00 1.64100337e+00
    5.53235233e-01 1.20304155e+00 1.33839428e-01 8.70265365e-01
    4.75417376e-02 5.64958751e-01 1.23220468e+00 -5.18264651e-01
    6.54424787e-01 4.40386534e-02 1.72942054e+00 2.81053424e-01
    3.63295794e-01 1.65818036e-01 -4.55110788e-01 -7.35001266e-01
    -3.00303102e-01 1.88688397e+00 -1.76554501e-01 -5.84782481e-01
    -1.02337718e-01 2.01103520e+00 8.17041337e-01 1.41845262e+00
    -5.87335825e-01 6.91000223e-02 -8.84555578e-02 -4.01228607e-01
    -5.56052804e-01 -4.76280749e-01 1.14004099e+00 1.89205241e+00
    4.11894560e-01 2.18813002e-01 1.89340711e+00 -2.60901749e-01
    -1.66101456e-02 1.71527028e+00 5.69698513e-01 1.33990943e+00
    2.00165927e-01 6.69282198e-01 -2.57686496e-01 -5.85155845e-01
    -6.56378031e-01 -2.66067505e-01 1.25915098e+00 2.48670340e-01
    3.16272199e-01 -3.31118762e-01 -4.43378001e-01 1.91428685e+00
    -5.10036230e-01 8.53712022e-01 1.68528724e+00 1.34570169e+00
    7.95708060e-01 2.35752821e-01 1.33084357e+00 -1.00661314e+00
    -6.62061214e-01 1.51584792e+00 -6.40597165e-01 6.34859324e-01
    1.39520168e-02 1.03927302e+00 -7.89329112e-01 -3.07440400e-01
    -8.46791089e-01 8.31420302e-01 -4.11370844e-01 1.25842857e+00
    9.35431778e-01 1.33704960e+00 1.89121783e-01 -6.67595506e-01
    1.64449954e+00 1.87245405e+00 -6.83653772e-01 1.67060268e+00
    1.58801627e+00 1.39242792e+00 -6.21476650e-01 -6.41887188e-02
    1.85535133e-01 2.20025957e-01 -3.59634519e-01 6.05324864e-01
    1.89951444e+00 1.92749679e-01 2.44738579e-01 -5.09938836e-01
    -2.99882412e-01 5.57842493e-01 -7.50233054e-01 -2.12451220e-02
    1.45424008e-02 6.91861510e-01 1.02947974e+00 4.00741220e-01
    -2.38051057e-01 -1.45693123e-01 -3.90167058e-01 6.93234921e-01
    9.42926407e-02 -1.92408979e-01 3.14783871e-01 1.39035034e+00
    1.82984352e+00 -5.05404234e-01 -2.80649245e-01 7.55657017e-01
    4.42664623e-02 -2.71607041e-02 1.20241833e+00 -2.48349667e-01
    -7.69795656e-01 -6.81085587e-02 7.18111038e-01 1.50577211e+00
    1.86460972e+00 -2.01660573e-01 4.88619685e-01 1.04722691e+00
    1.39621520e+00 -2.41908669e-01 -2.10393667e-01 4.13342595e-01
    1.85269904e+00 5.31113744e-01 3.60805452e-01 9.99100566e-01
    6.65536523e-02 1.32606459e+00 -6.47287607e-01 -2.40069866e-01
    3.89351308e-01 1.09345031e+00 1.74757993e+00 -7.44692743e-01
    -2.24629641e-02 1.02439070e+00 -3.62073064e-01 9.05945361e-01
    1.09323609e+00 1.06762111e+00 4.71298099e-02 1.48571897e+00
    -6.67740166e-01 -5.65123320e-01 1.21756148e+00 6.47242367e-01
    -3.52659166e-01 5.23403525e-01 7.36097515e-01 1.08558536e-02
    -3.96994293e-01 -3.49069476e-01 1.80641758e+00 8.77080500e-01
    6.54837310e-01 -2.24670768e-01 -2.45337486e-01 -8.42438579e-01
    1.74918437e+00 1.38161492e+00 1.73031843e+00 -1.90597892e-01
    6.11473083e-01 1.00101149e+00 9.39437151e-01 1.00533414e+00
    -8.10503542e-01 1.12733626e+00 1.84782505e-01 3.76529872e-01
    8.93418133e-01 1.78224087e-01 -8.18800569e-01 1.66732669e+00
    1.04891503e+00 -8.03417742e-01 6.60909414e-02 9.12525356e-01
    1.39825642e-01 -8.73173296e-01 4.62987006e-01 -5.87342083e-01
    1.90571547e+00 8.59293282e-01 -2.32528746e-01 -4.36614275e-01
    1.39842379e+00 1.23702836e+00 -9.05784369e-02 -7.04769075e-01
    -8.04590523e-01 3.38617504e-01 1.16785359e+00 -9.48525190e-01
    -8.63040268e-01 -8.32712889e-01 7.81814098e-01 -1.70962453e-01
    -6.52763009e-01 1.75642121e+00 1.28296888e+00 -8.08525145e-01
    1.12615454e+00 -8.57427776e-01 8.49668980e-01 9.54984605e-01
    -4.69469249e-01 1.81371391e+00 -4.33868229e-01 8.95444274e-01
    5.96792698e-02 1.12880731e+00 -6.62245631e-01 -7.66822577e-01
    5.20958900e-01 -5.48917294e-01 1.51501977e+00 1.20307338e+00
    1.67780328e+00 4.83102500e-01 7.33463109e-01 1.70353115e-01
    -1.67441726e-01 -1.71548367e-01 5.23080826e-02 3.06275725e-01
    1.00113416e+00 -1.88464642e-01 1.25366163e+00 -4.92883444e-01
    4.62606549e-02 1.24668837e-01 5.86653709e-01 1.46606755e+00
    6.06400609e-01 -2.35384166e-01 -4.64528352e-01 1.33371258e+00
    -5.53996980e-01 1.59442425e-04 -6.88282728e-01 -1.68072343e-01
    4.61823940e-01 1.80917513e+00 -6.03510737e-02 -7.41675317e-01
    9.06691670e-01 -2.40901768e-01 -5.21808207e-01 1.43593383e+00
    1.41941786e-01 3.03648472e-01 3.20831537e-02 -3.51032436e-01
    7.50181496e-01 8.86581302e-01 2.18841672e-01 -8.66475880e-01
    2.23880589e-01 1.17520547e+00 -3.43261361e-02 -1.78454757e-01
    1.31830072e+00 7.06027925e-01 8.68133605e-01 5.81771553e-01
    -5.18696904e-02 -8.60067129e-01 2.85523593e-01 -2.16498435e-01
    1.16242039e+00 7.71079361e-01 1.33188987e+00 -5.22471011e-01
    -7.27422535e-01 -9.01362658e-01 -5.57848036e-01 1.40806627e+00
    1.35267591e+00 1.00080824e+00 -7.95753002e-02 7.89118111e-01
    1.01806927e+00 1.34809399e+00 3.39557707e-01 -2.12554157e-01
    1.33767712e+00 1.32531369e+00 1.84124470e-01 1.18636346e+00
    1.41847944e+00 8.62305880e-01 2.62949049e-01 1.37730443e+00
    1.07461905e+00 1.87077785e+00 5.00447333e-01 2.41518795e-01
    4.69962478e-01 1.85330653e+00 1.43160534e+00 -3.71371150e-01
    -5.42452097e-01 1.35362864e+00 2.92634666e-01 -1.91686213e-01
    -9.56468821e-01 4.45855498e-01 -7.02647090e-01 1.57359135e+00
    1.53601933e+00 1.28091967e+00 1.57226050e+00 -6.62587821e-01
    2.09166646e-01 -5.93061447e-02 1.32125282e+00 3.17864060e-01
    1.29919839e+00 2.63997436e-01 -7.37432778e-01 1.90756834e+00
    -9.91789103e-02 3.53343785e-01 1.31351352e-02 3.19620967e-01
    4.18301821e-01 1.34996736e+00 1.53423977e+00 1.14273429e+00
    8.60041976e-01 -8.02304268e-01 1.87316680e+00 -2.33848929e-01
    1.51135862e-01 -1.22562826e-01 1.15605760e+00 4.90153372e-01
    -1.98588192e-01 -8.19879770e-02 -7.42003083e-01 -3.08640361e-01
    1.09183168e+00 1.91406107e+00 1.00231171e-01 2.01826668e+00
    -6.44319117e-01 1.14629793e+00 -7.98758864e-02 4.64708388e-01
    -9.09989297e-01 1.53635192e+00 -8.10474098e-01 7.45086551e-01
    1.62684965e+00 3.19719553e-01 -7.42771745e-01 1.66652942e+00
    1.68013358e+00 1.63018537e+00 -4.23952997e-01 -1.34068251e-01
    1.67847776e+00 -3.59493017e-01 1.60201645e+00 -8.34068120e-01
    -9.31015790e-01 -9.07411575e-01 -1.94891334e-01 -3.62263858e-01
    1.61907363e+00 -3.84876370e-01 1.66215408e+00 6.31905198e-01
    -5.07546246e-01 1.72301829e+00 1.46051073e+00 -8.85975540e-01
    1.58202028e+00 6.92493081e-01 -9.73895788e-02 1.45034015e-01
    -3.61503541e-01 -4.70347464e-01 -1.58795714e-02 -2.48366177e-01
    3.96746337e-01 -4.21128988e-01 4.71546054e-02 1.05344176e+00
    -2.44242668e-01 7.77656078e-01 6.41312122e-01 1.27436447e+00
    -3.87430012e-01 1.90412664e+00 -3.58559191e-01 1.24675512e+00
    4.49141920e-01 1.33752608e+00 1.87822890e+00 5.92621803e-01
    -3.38406324e-01 -8.61705601e-01 1.89383245e+00 -8.76636028e-01
    5.44573486e-01 4.35054898e-01 1.15581512e+00 1.08463311e+00
    8.86409581e-01 1.23039937e+00 1.86584711e+00 -4.96453822e-01
    -1.78360820e-01 -4.60773349e-01 1.83752835e-01 1.06917500e-01
    3.47647905e-01 5.51078200e-01 -1.04125881e+00 6.68966651e-01
    -8.96706998e-01 1.23946512e+00 5.67024469e-01 1.30864549e+00
    1.51138473e+00 -1.82053447e-02 -7.08531260e-01 3.88219357e-01
    1.02508581e+00 -4.75732088e-02 8.22175741e-02 8.05719256e-01
    -8.50969911e-01 1.77435160e+00 -6.68798149e-01 1.75246704e+00
    1.63644552e+00 2.04247236e-02 1.25163567e+00 1.35215139e+00
    1.12179375e+00 -4.76061761e-01 -5.57092965e-01 6.43635213e-01
    1.79246163e+00 8.66082430e-01 1.60141730e+00 9.95322645e-01
    -3.76326442e-02 1.38158298e+00 1.60718548e+00 8.34047437e-01
    -2.20726728e-02 3.44198704e-01 1.32071590e+00 2.96762943e-01
    1.55231595e+00 -2.07887292e-01 9.61729586e-01 1.57666802e-01
    -5.28714299e-01 3.96470249e-01 5.37629604e-01 1.91128445e+00
    1.89102817e+00 5.61264753e-01 1.45315194e+00 -7.52366781e-02
    -4.74368095e-01 8.11384916e-01 1.72153115e-01 1.42656910e+00
    -3.50734353e-01 9.91107762e-01 1.64326620e+00 -8.07370186e-01
    3.67278457e-01 3.21973383e-01 5.64049304e-01 1.77933741e+00
    -3.04778218e-01 5.22344351e-01 -5.55298924e-02 7.88900733e-01
    1.38635349e+00 -2.29390323e-01 1.28535092e-01 1.53841674e-01
    -4.63213325e-02 -5.31476736e-03 3.86285782e-02 1.92701888e+00
    1.06922460e+00 1.81304502e+00 1.15067065e+00 1.49709535e+00
    -4.88804609e-01 1.35622919e+00 1.39886284e+00 4.89337623e-01
    7.04233527e-01 -3.18464577e-01 8.37541223e-01 1.41549706e+00
    1.34264922e+00 1.27646565e+00 1.07873082e+00 -3.39789867e-01
    9.03126955e-01 1.02652156e+00 -9.21048820e-01 5.78387380e-02
    1.00056148e+00 8.36395860e-01 1.09117913e+00 6.76996112e-02
    1.54311693e+00 1.11913478e+00 9.80307639e-01 1.04284751e+00
    7.18017638e-01 6.06344283e-01 1.17744339e+00 1.34746325e+00
    1.17084813e+00 9.81600583e-01 1.21029305e+00 1.01120675e+00
    1.73470497e+00 -6.62618816e-01 -7.52832472e-01 1.86251760e+00
    2.89871514e-01 1.10464001e+00 1.86788845e+00 1.49389148e-01
    -7.69655347e-01 1.31521177e+00 7.40729451e-01 -2.39974260e-02
    1.15124798e+00 1.68612432e+00 1.74570775e+00 1.09518814e+00
    1.65753198e+00 6.12431288e-01 1.93782568e+00 2.07077980e-01
    5.98805606e-01 1.62550044e+00 -2.11323082e-01 -5.54221153e-01
    -1.64592743e-01 -8.00600350e-01 3.94705176e-01 5.75253129e-01
    1.62542987e+00 7.89238811e-01 -4.22232687e-01 1.90496099e+00
    1.66534233e+00 -2.10269153e-01 1.02257633e+00 1.83491611e+00
    1.19115853e+00 -7.18969107e-03 2.40211487e-01 1.06955230e+00
    -3.52501512e-01 1.56073725e+00 8.44224393e-01 6.67735338e-02
    -7.10911751e-02 -3.98385555e-01 -3.31567943e-01 8.42348158e-01
    6.58199728e-01 -6.84060454e-02 -1.78647161e-01 -6.02626741e-01
    9.77502406e-01 5.30014396e-01 1.49330330e+00 -3.79468203e-02
    6.38630152e-01 1.72403371e+00 1.55356014e+00 -9.06608820e-01
    -4.50022399e-01 2.05233991e-01 1.49847388e+00 1.70940399e+00
    -5.15253901e-01 -5.60234308e-01 4.80504572e-01 1.79689908e+00
    7.16487348e-01 6.43906772e-01 -5.85984588e-01 1.33857179e+00
    7.29382694e-01 -5.64247310e-01 1.37411463e+00 1.13655186e+00
    -3.41751456e-01 1.21475935e+00 7.76935160e-01 1.89142299e+00
    1.43706000e+00 -2.11372972e-01 9.72429872e-01 3.42423320e-01
    1.06269670e+00 9.89219427e-01 7.38208294e-01 -1.93013668e-01
    7.90157676e-01 8.89326334e-01 5.73160768e-01 -3.06567192e-01
    6.94717228e-01 1.46107686e+00 -4.38826859e-01 1.53437519e+00
    -3.90810966e-02 1.32752037e+00 1.60694718e-01 8.25924873e-02
    1.81346881e+00 1.48270047e+00 1.19870079e+00 4.81040478e-02
    1.57589626e+00 -2.46664047e-01 1.53396487e+00 1.03573036e+00
    5.81347883e-01 -3.04567933e-01 5.76755404e-01 3.89476657e-01
    -4.08041298e-01 1.25729692e+00 5.34270883e-01 1.24087846e+00
    1.76689696e+00 1.57970023e+00 -8.28005612e-01 5.04299223e-01
    -6.61253393e-01 4.38173890e-01 -5.35006166e-01 1.70219898e-01
    -1.08575821e-03 1.74136841e+00 7.26716101e-01 -2.05955148e-01
    8.35114121e-02 -7.84577012e-01 5.69211543e-01 -5.53495049e-01
    4.81578887e-01 4.31624830e-01 1.71571445e+00 -2.54996061e-01
    1.52211118e+00 9.50743556e-01 1.36244714e+00 1.76107311e+00
    -2.70791113e-01 -7.33759999e-02 1.03223467e+00 1.49531221e+00
    1.79157400e+00 -2.34428167e-01 1.46821010e+00 1.76898527e+00
    6.50734544e-01 -7.83157170e-01 1.54078281e+00 4.74463344e-01
    -1.95913315e-01 7.24458575e-01 -6.84688330e-01 1.46674895e+00
    -6.23307228e-01 7.65187681e-01 8.22305083e-02 1.30576122e+00
    7.21257746e-01 -5.16516447e-01 8.93708050e-01 1.62504351e+00
    6.28031254e-01 -3.56267989e-01 -3.02605629e-01 7.60560751e-01
    1.30303502e-01 6.90147698e-01 1.45425224e+00 1.47910321e+00
    -5.54010272e-01 1.78946662e+00 -5.89977384e-01 -4.03041422e-01
    -6.29511476e-01 7.74835348e-01 -1.79782033e-01 1.59000826e+00
    -8.92539382e-01 -2.08716989e-01 -6.55619740e-01 1.08149230e+00
    -4.11994934e-01 1.41899765e-01 1.99907088e+00 1.84689903e+00
    -5.61901927e-01 1.09023237e+00 1.81933391e+00 -3.10688019e-02
    2.03224719e-01 1.46682930e+00 1.25445020e+00 6.25578642e-01
    -1.02444947e+00 -1.20214224e-01 1.29732203e+00 -3.44220877e-01
    -5.55192590e-01 6.41531408e-01 -7.60025382e-01 2.28422999e-01
    -8.16009164e-01 3.01594913e-01 2.79862761e-01 7.91193783e-01
    1.37863207e+00 1.64706278e+00 3.62826586e-02 3.04980576e-01
    -5.56634963e-01 1.16032243e+00 1.13730597e+00 3.02331448e-02
    1.32755136e+00 -1.43039405e-01 1.05380964e+00 -7.97753930e-01
    1.89348197e+00 1.66306758e+00 1.73131108e+00 -1.29873574e-01
    1.90912938e+00 -2.91703761e-01 1.04162240e+00 -3.72020185e-01
    1.41755748e+00 1.31826651e+00 1.06119633e+00 6.78573310e-01
    -7.98054695e-01 3.04152012e-01 -1.00445330e+00 1.49666357e+00
    1.70927644e+00 1.57661247e+00 2.95845628e-01 9.67613220e-01
    1.21888638e+00 -4.58630204e-01 -3.84685636e-01 9.31822121e-01
    -3.67426515e-01 -6.12144947e-01 1.59667706e+00 1.11604691e+00
    1.57103968e+00 -1.79407001e-02 1.22108281e-01 1.21755099e+00
    -5.17321706e-01 6.18701279e-01 -3.92202377e-01 -5.34545720e-01
    1.77883744e+00 8.70187879e-02 6.16278470e-01 -9.01224613e-02
    -8.20014238e-01 2.88519502e-01 -3.07859540e-01 7.60933101e-01
    1.75630498e+00 -5.26687384e-01 8.23800683e-01 3.33800673e-01
    3.21420491e-01 -6.38191581e-01 1.76962733e+00 -2.29445577e-01
    8.04134011e-01 1.72344589e+00 9.14284945e-01 -4.44445640e-01
    1.82864475e+00 -7.20822394e-01 6.56707585e-01 -1.74022019e-01
    1.72439647e+00 1.20408320e+00 2.43800938e-01 1.18218279e+00
    4.59651470e-01 6.96197808e-01 8.85511994e-01 9.11512673e-01
    1.70781898e+00 5.91312766e-01 -9.46386337e-01 -8.08591247e-02
    1.61767006e+00 8.52522552e-01 3.54093611e-01 9.00632799e-01
    1.45500731e+00 -5.89235663e-01 7.08217323e-01 -4.24337745e-01
    -1.71042621e-01 -5.49261391e-01 1.70550537e+00 -3.15686762e-01
    1.41102695e+00 1.12748384e+00 1.50106502e+00 2.15014398e-01
    -6.73485637e-01 7.03132629e-01 1.43154442e+00 8.74978900e-01
    1.69702411e+00 4.69232440e-01 7.59101391e-01 -2.97152221e-01
    2.54377425e-01 7.70230234e-01 6.30125403e-01 9.90520895e-01
    4.36579764e-01 -2.70284951e-01 1.08002877e+00 -7.86381245e-01
    3.47898543e-01 1.20171165e+00 -1.97688878e-01 -1.97376847e-01
    3.49761486e-01 5.51692843e-02 6.53404355e-01 1.11977446e+00
    9.53358233e-01 8.02477479e-01 8.71904671e-01 1.28951263e+00
    5.78889728e-01 -4.08440232e-01 -1.74849510e-01 1.87839699e+00
    6.72914326e-01 -7.82267570e-01 1.43313670e+00 9.47232842e-02
    1.66025901e+00 -8.95131469e-01 1.38105345e+00 -4.37992841e-01
    1.06232226e-01 1.68352544e+00 -5.28338969e-01 1.89734328e+00
    -3.80880177e-01 1.02597094e+00 -3.00162733e-01 5.68826139e-01
    -6.25585437e-01 -3.04336071e-01 1.58120155e+00 -7.56812394e-01
    9.19514060e-01 6.19567513e-01 4.09604013e-01 2.71660805e-01
    1.71718192e+00 1.60727382e+00 1.66544127e+00 7.80872405e-01
    -1.09218895e-01 1.46933067e+00 3.43831539e-01 -6.80125177e-01
    1.78486919e+00 -8.21038365e-01 9.48996544e-01 1.35710764e+00
    1.31623149e-02 1.71023476e+00 2.94002891e-01 6.50677681e-02
    1.62782812e+00 -1.12446189e-01 1.91581321e+00 1.35926187e-01
    9.09407675e-01 4.22357917e-02 1.10793710e+00 3.61429036e-01
    7.23510325e-01 9.40372407e-01 1.80399823e+00 -5.25313556e-01
    1.50103748e+00 -7.15684175e-01 -1.57443047e-01 5.19849896e-01
    1.34848475e-01 2.27540314e-01 -5.20342708e-01 8.56411815e-01
    1.83368564e+00 1.85328174e+00 1.06701112e+00 5.51634312e-01
    1.78233087e+00 1.38093150e+00 -8.98468196e-01 4.22714353e-01
    7.87514806e-01 -3.33076835e-01 -1.09920084e-01 -7.99317479e-01
    7.01403618e-02 1.60231245e+00 3.70836258e-01 8.34304035e-01
    7.60641456e-01 -6.80244803e-01 -8.82346332e-01 1.31076932e+00
    1.11643529e+00 5.16043723e-01 -8.20761919e-03 -5.05049765e-01
    1.37760627e+00 6.39647424e-01 -3.27487707e-01 -1.81990325e-01
    3.85091186e-01 1.60642362e+00 -6.33937657e-01 1.49842572e+00
    1.70749199e+00 2.36703515e-01 -3.55612755e-01 1.87953746e+00
    9.48737621e-01 1.75057244e+00 1.01024783e+00 8.62048268e-02
    1.09609127e-01 -7.76716650e-01 -4.40071672e-01 -4.73916531e-04
    1.35305583e-01 1.79900908e+00 9.32123005e-01 1.26642346e-01
    6.44452333e-01 -9.29009497e-01 1.66586232e+00 1.48156238e+00
    1.81909871e+00 -4.72513616e-01 1.46791565e+00 6.76145554e-02
    8.89376283e-01 1.53717303e+00 -8.67275834e-01 -6.42706633e-01
    6.18469656e-01 1.08769274e+00 -4.11961228e-01 1.27396441e+00
    -3.92546058e-01 -1.39880955e-01 1.76967478e+00 6.32293701e-01
    1.91175401e-01 1.40640259e+00 2.07682788e-01 -1.06730938e-01
    5.36682189e-01 4.42400038e-01 1.24658895e+00 8.88895750e-01
    1.64084554e-01 3.48763943e-01 1.50681877e+00 6.52907014e-01
    -8.71150017e-01 1.29486179e+00 5.22077084e-04 -1.61641657e-01
    7.57655144e-01 7.57334948e-01 -4.32647526e-01 1.04040837e+00
    1.43616211e+00 -2.37559378e-01 1.05569458e+00 -1.58742070e-01
    -9.36394751e-01 9.69383121e-02 1.53340316e+00 1.13244951e-01
    -8.14507008e-01 1.30152559e+00 6.30579114e-01 -1.70981586e-01
    -7.82477856e-01 1.20425308e+00 7.05970466e-01 1.32863653e+00
    -6.46926284e-01 1.15133548e+00 5.57993650e-01 2.88943648e-01
    8.98534656e-01 -7.34454989e-02 -3.72263432e-01 1.83047438e+00
    5.02575040e-01 1.63359249e+00 1.71960807e+00 9.81992245e-01
    6.76679611e-02 4.95954633e-01 1.68446279e+00 1.42075658e-01
    1.69185400e-02 -6.18677497e-01 8.86854053e-01 -9.36352670e-01
    -6.21760130e-01 1.44362152e+00 1.22899652e-01 -4.58155274e-02
    4.45877314e-01 -3.30363274e-01 8.29762578e-01 1.10281825e+00
    -6.23562336e-01 -4.85510379e-01 -6.22846484e-01 1.87517309e+00
    -6.15207613e-01 1.60554385e+00 5.53810239e-01 3.26033950e-01
    -5.30766308e-01 -9.01195228e-01 2.44801581e-01 1.14157152e+00
    1.78083479e+00 1.60205865e+00 3.44212055e-02 1.38504398e+00
    -1.79343820e-02 1.82245779e+00 3.23979497e-01 1.39702058e+00
    1.87008953e+00 -1.01127207e-01 8.53375375e-01 1.03931224e+00
    7.79636741e-01 1.32046103e+00 1.15962267e-01 9.08656001e-01
    -5.94579577e-01 3.64041924e-02 1.37852657e+00 7.60819077e-01
    2.45365381e-01 1.70150137e+00 -2.91365147e-01 1.81887269e+00
    1.48559642e+00 -9.31607485e-01 3.38979602e-01 8.23370814e-02
    7.38797903e-01 1.60033488e+00 -4.02728140e-01 1.33028436e+00
    -4.86065865e-01 4.99438703e-01 7.49619186e-01 1.87544608e+00
    1.67812717e+00 -5.74182630e-01 -1.55650973e-01 -4.59203094e-01
    1.14366353e-01 -7.95905590e-02 1.73263240e+00 4.01173234e-01
    9.72637057e-01 -9.03011918e-01 1.04309177e+00 1.12284946e+00
    6.34992778e-01 -8.69636536e-02 -4.62458163e-01 1.18152714e+00
    1.67425382e+00 2.01622033e+00 -7.70404339e-01 1.32928467e+00
    -2.39803135e-01 6.99209809e-01 8.51089001e-01 1.61999941e-01
    -6.82534218e-01 7.91940987e-01 1.52696395e+00 1.03489923e+00
    1.75564873e+00 1.31684756e+00 1.84096026e+00 3.68505239e-01
    1.29013968e+00 -6.32614732e-01 -4.65157419e-01 1.72248077e+00
    5.48307896e-02 1.50228381e-01 7.00508475e-01 1.50579727e+00
    -5.73430061e-02 -2.92271972e-02 -2.61097610e-01 6.02151811e-01
    1.90605104e+00 1.83259487e+00 1.63815475e+00 5.39184511e-01
    8.32555294e-02 -7.06101656e-01 6.05951071e-01 4.38962817e-01
    -8.03732514e-01 7.30354309e-01 -5.61504841e-01 2.92591810e-01
    9.30685222e-01 1.38943005e+00 1.61421323e+00 -1.65935755e-01
    -7.49528706e-01 6.36627793e-01 4.42725003e-01 -6.80005372e-01
    1.78394222e+00 -7.93281794e-01 7.75681615e-01 1.27998853e+00
    -1.47088945e-01 3.84131670e-01 1.75291061e-01 9.47596550e-01
    -7.76147246e-02 -2.36005008e-01 -3.70857537e-01 1.37857473e+00
    2.59986520e-01 1.39831388e+00 1.22770238e+00 2.50532269e-01
    1.29535985e+00 1.74699867e+00 7.76399016e-01 4.14788723e-01
    -1.71723545e-01 5.43958664e-01 9.00574625e-01 1.98039162e+00
    1.91339993e+00 6.38206959e-01 -7.34464824e-01 6.99678123e-01
    6.51072860e-01 1.28769088e+00 -1.00471318e-01 1.58914757e+00
    6.54155254e-01 1.46071601e+00 -2.12046981e-01 2.77488291e-01
    -5.52506566e-01 -1.86318278e-01 -5.20213425e-01 -9.63597298e-02
    1.74368715e+00 -6.39912903e-01 1.91964328e+00 2.13099718e-01
    1.81261671e+00 1.07482362e+00 -3.71962607e-01 1.14530969e+00
    5.79249740e-01 9.67030764e-01 1.23607230e+00 1.66074634e-02
    1.22452307e+00 1.90616369e+00 -8.69611740e-01 -1.66498899e-01
    7.08816051e-01 7.04168260e-01 8.63864422e-02 -7.38686562e-01
    8.28078985e-02 1.26590908e+00 -4.38009977e-01 1.35123610e+00
    1.40118885e+00 2.98378527e-01 6.66514158e-01 1.16118681e+00
    -2.24035025e-01 3.52609098e-01 6.61941588e-01 8.82494092e-01
    1.17512763e-01 -3.29618931e-01 -6.28363431e-01 -2.44994521e-01
    4.01943564e-01 1.38818002e+00 -6.49909496e-01 1.01727688e+00
    1.22890615e+00 -7.10762620e-01 1.22889519e+00 2.95631468e-01
    5.80806255e-01 -6.96394444e-01 -4.87217307e-01 1.42080307e+00
    3.35576773e-01 1.05728483e+00 1.16697919e+00 1.56534088e+00
    -8.42489004e-01 1.61652327e+00 5.63192666e-01 -2.60287404e-01
    -5.39487362e-01 1.73479974e+00 7.51095653e-01 1.52144253e+00
    9.83275890e-01 9.78380442e-01 2.93857574e-01 3.61031294e-01
    -1.09948099e-01 -5.75870872e-01 9.62274075e-01 4.38269079e-01
    -7.77107000e-01 -4.69190657e-01 1.47966576e+00 -4.33785915e-01
    1.52627206e+00 6.87750578e-02 1.52521515e+00 -8.73079002e-01
    -1.26359046e-01 -8.88741255e-01 -8.56485009e-01 1.92370129e+00
    -1.06529653e-01 1.84340501e+00 -4.95522499e-01 9.56885576e-01
    1.20429575e+00 1.13662207e+00 -3.01520526e-01 -7.98881590e-01
    -3.39175820e-01 1.76804817e+00 3.97713959e-01 -6.66353047e-01
    1.49088168e+00 6.68231666e-01 1.15856647e+00 -4.74062026e-01
    1.81167614e+00 -8.59798431e-01 1.55828643e+00 9.82726097e-01
    -4.80252743e-01 -3.65624428e-02 -2.24869072e-01 1.44896102e+00
    -4.29317534e-01 -7.39785552e-01 1.72245419e+00 4.15482283e-01
    9.62996721e-01 6.44754946e-01 -7.41723239e-01 -6.01885080e-01
    1.90028691e+00 5.83017051e-01 2.09798634e-01 8.54486227e-02
    -9.11077023e-01 1.32626772e+00 9.48969960e-01 1.66332054e+00
    -9.73492682e-01 2.01702118e-03 -1.77781761e-01 -6.53262854e-01
    -8.16669881e-01 1.10861325e+00 1.60674727e+00 -7.72288322e-01
    4.96197879e-01 1.22736871e+00 7.82315612e-01 2.10638463e-01
    4.07892823e-01 5.17139375e-01 1.75619125e+00 1.47607803e+00
    -3.72190714e-01 1.18826056e+00 -1.55800998e-01 1.83600116e+00
    -1.13947392e-02 -4.06848967e-01 7.49522448e-03 1.35777879e+00
    1.54906058e+00 -4.67588454e-01 1.14506221e+00 -8.84360671e-02
    5.27522385e-01 -8.84877443e-02 2.43680000e-01 6.99672222e-01
    -6.60618603e-01 1.06719065e+00 3.84439111e-01 1.16818547e+00
    1.35556102e+00 1.59916377e+00 4.13816392e-01 -5.88350892e-02
    1.09712029e+00 -7.29016721e-01 -5.42215049e-01 1.52912784e+00
    3.90217006e-01 1.03880215e+00 9.81733561e-01 -4.57044482e-01
    3.48659337e-01 8.50263000e-01 -7.57294893e-03 6.95511103e-02
    -2.99560606e-01 1.18987894e+00 1.39131021e+00 6.95897043e-01
    6.50411963e-01 1.78892422e+00 1.66424143e+00 5.71650267e-03
    1.72471189e+00 -2.80373454e-01 -6.97901487e-01 -5.28630376e-01
    -8.47236156e-01 1.33216786e+00 1.25429344e+00 2.74787605e-01
    -9.83096778e-01 1.75203741e+00 1.00974536e+00 5.14784455e-01
    5.63156247e-01 1.66391230e+00 1.39059448e+00 -6.19720101e-01
    1.13046002e+00 -7.61273503e-01 1.82308435e-01 1.66910720e+00
    -7.37924278e-01 1.86878920e+00 -2.41808653e-01 9.45017874e-01
    3.48373652e-02 7.31663764e-01 1.57416558e+00 1.25739837e+00
    1.58191442e+00 9.66231585e-01 1.90746522e+00 -4.95662808e-01
    1.94345975e+00 -7.21704125e-01 2.65505672e-01 1.28311956e+00
    2.51249075e-02 3.06121707e-02 1.72550189e+00 3.56741309e-01
    1.87374127e+00 -6.99757457e-01 -5.93363404e-01 4.23240423e-01
    3.12403679e-01 1.70498407e+00 1.59010744e+00 -1.51066780e-01
    7.20582485e-01 -6.12749636e-01 4.14680958e-01 9.57702160e-01
    4.86521721e-02 1.20877278e+00 1.71135616e+00 -6.04613423e-01
    2.77068377e-01 1.87821531e+00 1.46516252e+00 1.11918628e-01
    1.03818154e+00 -6.66598141e-01 1.27320004e+00 6.50545359e-01
    6.24643087e-01 -2.04930544e-01 3.93799126e-01 -7.33614147e-01
    4.30156648e-01 6.28261089e-01 9.32829857e-01 -1.88428760e-02
    -6.43769085e-01 9.21128988e-02 -3.07781816e-01 6.06700301e-01
    1.84035659e+00 -4.19807553e-01 -8.56178522e-01 4.73382711e-01
    -4.85174537e-01 1.20574796e+00 -6.04882419e-01 1.32375622e+00
    1.48782146e+00 3.22396755e-02 -8.07564676e-01 -9.71477568e-01
    -7.45348275e-01 1.24533057e+00 -3.47731173e-01 6.22003973e-01
    -8.18783879e-01 -7.73686826e-01 -4.75874037e-01 -5.54730177e-01
    -5.82102656e-01 1.64349258e+00 -6.67534471e-01 1.73186946e+00
    -2.85196304e-03 7.12102950e-01 1.06268919e+00 9.62144673e-01
    -8.89904737e-01 7.97760189e-01 8.59735012e-01 9.95260239e-01
    1.32939875e-01 1.86723065e+00 8.32199454e-02 1.62644243e+00
    -7.06851721e-01 1.21840763e+00 1.33656681e-01 4.97409165e-01
    1.75998187e+00 1.45355439e+00 2.53148675e-01 -2.40401864e-01
    -4.05915558e-01 5.56230545e-02 7.83941865e-01 1.66765976e+00
    1.13700461e+00 -5.97667217e-01 -2.03239739e-01 7.72819400e-01
    5.54929316e-01 1.17019701e+00 5.35592258e-01 6.69944465e-01
    -5.12058794e-01 -7.75098205e-02 1.65120959e+00 -8.48377705e-01
    1.75104058e+00 -5.05631566e-01 1.14677024e+00 7.89721012e-01
    -3.63122821e-02 6.57127678e-01 4.23548579e-01 -2.69338787e-01
    -3.14612091e-01 1.14416337e+00 1.54193377e+00 3.00403237e-02
    2.18797028e-01 1.52575922e+00 5.97030818e-01 -3.81422281e-01
    1.43027222e+00 9.59430933e-01 9.25824165e-01 1.06654501e+00
    1.81228471e+00 8.33280683e-01 1.52509665e+00 1.20879281e+00
    -6.90670431e-01 1.63987672e+00 1.53482354e+00 1.58887434e+00
    1.03329194e+00 -4.48889494e-01 -5.22085249e-01 5.40510058e-01
    3.15468431e-01 -4.31119680e-01 -9.32242095e-01 5.64691246e-01
    -2.08824456e-01 -5.80610037e-01 -2.34649718e-01 -8.82655382e-01
    -7.55038977e-01 1.79098952e+00 1.87642777e+00 -2.35364258e-01
    -4.78220493e-01 -1.98233664e-01 -3.42731059e-01 -5.82066774e-01
    -2.30667114e-01 -3.41185927e-01 7.92029142e-01 3.94828558e-01
    6.36550844e-01 -8.73384893e-01 1.34372675e+00 -2.12465644e-01
    1.46649110e+00 -4.22962546e-01 4.24930930e-01 6.97753489e-01
    -1.27971947e-01 1.70152402e+00 -4.67483163e-01 -5.70514441e-01
    3.99135172e-01 6.47464693e-01 -1.05711102e-01 -3.28914046e-01
    1.19272065e+00 1.36822188e+00 6.32611990e-01 -3.80031407e-01
    -7.67867029e-01 -7.85712302e-01 4.20831323e-01 -2.89675951e-01
    -5.99902749e-01 1.83510423e+00 -7.34894753e-01 -6.44115210e-02
    -6.27906978e-01 4.73576784e-03 4.53956783e-01 1.57038474e+00
    1.23652518e+00 1.38108945e+00 3.83015156e-01 -5.59508801e-01
    -6.68201804e-01 7.60548353e-01 8.33305061e-01 6.68535590e-01
    -6.22905016e-01 -5.28575122e-01 1.67562938e+00 6.52210891e-01
    -8.63759875e-01 8.87938261e-01 7.23226607e-01 1.64978719e+00
    -1.43261611e-01 1.59151125e+00 3.49003136e-01 1.06050324e+00
    -4.02921319e-01 -5.81661403e-01 7.97709465e-01 1.54478383e+00
    1.16285300e+00 1.66215968e+00 -6.22026682e-01 4.33230400e-03
    5.66112697e-01 1.07434738e+00 1.79529953e+00 7.86477029e-01
    1.38167977e+00 -6.57513916e-01 1.10276735e+00 1.20358944e-01
    7.96039045e-01 -7.52252102e-01 -3.88790786e-01 -4.38442171e-01
    -4.99824136e-01 3.69916558e-01 -3.49839389e-01 1.86915088e+00
    5.75355411e-01 -5.39875686e-01 2.52262473e-01 1.46238029e+00
    1.20946336e+00 -3.23034525e-01 1.48465466e+00 1.18768144e+00
    8.93216133e-01 -5.64062476e-01 9.82920766e-01 -7.11392641e-01
    1.92377210e+00 4.03961599e-01 -2.61279821e-01 1.30671501e+00
    5.37490249e-01 1.52147651e+00 4.20456409e-01 8.26413631e-01
    -7.90508866e-01 8.12639356e-01 1.23838735e+00 3.59874129e-01
    4.73454833e-01 1.03466558e+00 -4.41228211e-01 1.66398025e+00
    7.74437845e-01 1.24349928e+00 4.07744527e-01 6.25251532e-02
    1.87276661e+00 1.28754354e+00 9.54451323e-01 8.93705666e-01
    -2.67878771e-02 2.01785803e-01 -2.66903281e-01 -6.09730721e-01
    7.55541086e-01 1.39463425e+00 1.77373469e+00 1.22512567e+00
    -3.57315779e-01 -2.67220557e-01 1.27244592e-01 1.00528109e+00
    1.31467748e+00 -2.80651510e-01 1.18803144e-01 1.53293288e+00
    -5.90115011e-01 1.29312754e+00 8.36685061e-01 4.40090358e-01
    -2.86529958e-01 -5.22162318e-01 2.49490619e-01 -7.33058810e-01
    6.41474307e-01 6.66415334e-01 7.96206594e-01 3.80567074e-01
    1.74153960e+00 9.43011582e-01 -8.76277208e-01 -1.58701181e-01
    1.20569921e+00 -2.41784275e-01 1.69761753e+00 1.44612205e+00
    1.28572667e+00 1.27042532e+00 9.08629179e-01 1.76310718e+00
    -6.05034232e-01 -3.00290644e-01 2.78432369e-01 1.72916043e+00
    -7.25515246e-01 7.88956225e-01 1.95587325e+00 1.93231559e+00
    8.11021328e-01 4.15028036e-01 -7.28540063e-01 -9.02606249e-01
    1.07088125e+00 3.30694437e-01 7.13637948e-01 1.31044126e+00
    -6.50500238e-01 9.71507549e-01 1.33855462e+00 3.87207866e-01
    1.47539520e+00 5.13445318e-01 -8.49057555e-01 -3.04991007e-02
    1.22968721e+00 1.17343616e+00 1.93971503e+00 1.87694252e-01
    -4.21389461e-01 -4.68697667e-01 1.83692455e+00 -1.50190115e-01
    7.32495189e-01 -8.89895856e-01 1.28194034e+00 1.10642147e+00
    1.73667347e+00 -4.01342511e-01 1.59509933e+00 1.01358128e+00
    -7.95513093e-01 -4.99109030e-01 5.29545665e-01 7.16851950e-02
    -4.38636065e-01 6.94133818e-01 1.86692476e+00 -3.57287586e-01
    -3.69876683e-01 -2.20633149e-01 1.61345279e+00 1.07285333e+00
    8.47667158e-01 7.04049051e-01 1.29746425e+00 -5.68268895e-02
    1.59736454e-01 1.38831866e+00 5.53295374e-01 1.88173687e+00
    5.16173303e-01 1.79133224e+00 -1.32203281e-01 1.12886989e+00
    5.41911423e-01 -6.15136921e-01 1.80973625e+00 1.18939877e+00
    9.20007408e-01 1.83468914e+00 -7.62836516e-01 -7.87831068e-01
    8.83027852e-01 6.46724701e-01 6.80951416e-01 -7.69815326e-01
    7.18939066e-01 6.13359332e-01 3.36627007e-01 6.16057098e-01
    1.68358195e+00 4.75687385e-01 9.30531681e-01 1.06743264e+00
    8.88308883e-01 1.06097174e+00 -2.33526707e-01 5.54235756e-01
    9.78792310e-02 1.35276723e+00 -4.69958723e-01 8.72000515e-01
    1.06056130e+00 -3.44344854e-01 -1.29618883e-01 1.99784517e+00
    1.69519675e+00 7.61922181e-01 -7.63167620e-01 -5.87745070e-01
    9.89631653e-01 8.70364189e-01 7.80204535e-01 -4.82259989e-02
    1.32070875e+00 5.71603119e-01 -5.06174207e-01 5.54192424e-01
    -4.16982174e-02 -8.00315142e-01 4.97755826e-01 9.03373480e-01
    -5.30643463e-01 1.76208806e+00 1.76678085e+00 -8.29927444e-01
    1.50284111e+00 1.48170435e+00 7.61844635e-01 -3.32223356e-01
    2.96940565e-01 1.88261294e+00 1.10875964e+00 5.68385482e-01
    -5.95060706e-01 6.26072586e-01 1.35156012e+00 1.78308702e+00
    -6.57058299e-01 2.83715546e-01 1.07250273e+00 6.55365705e-01
    8.59837472e-01 -3.69216323e-01 -2.08562016e-01 -2.14750469e-01
    -4.30595607e-01 1.16922748e+00 -6.15632534e-03 5.43561220e-01
    -2.11129189e-02 1.66006207e-01 2.51179278e-01 -1.94608212e-01
    -3.67676735e-01 1.80832005e+00 -2.37259090e-01 1.35832310e+00
    2.45107174e-01 -9.27171171e-01 1.97259557e+00 3.23265433e-01
    -2.18930900e-01 -4.88837332e-01 -6.50806546e-01 -7.60451674e-01
    1.51615930e+00 -5.44789314e-01 1.47970140e+00 1.11364126e-01
    -5.71075082e-01 -5.22024333e-01 2.75290251e-01 5.67615569e-01
    5.77655971e-01 9.64009464e-01 -1.05173171e-01 -4.21819359e-01
    3.15344930e-02 1.87833381e+00 -6.31563663e-02 4.30502176e-01
    1.23408842e+00 1.55072153e-01 -2.97591686e-01 -7.27161765e-01
    1.31345606e+00 1.97212601e+00 -4.58819002e-01 -7.57507682e-02
    -3.51116061e-02 4.37044919e-01 -8.37399602e-01 4.66214061e-01
    -3.61955881e-01 2.62274683e-01 1.14093208e+00 1.06129456e+00
    -5.21708608e-01 6.18100166e-02 2.30677009e-01 -7.56291509e-01
    -8.97723675e-01 7.90818214e-01 1.90763080e+00 6.12716675e-02
    2.31176615e-02 1.69929409e+00 -8.04806590e-01 2.32039392e-01
    -2.98233926e-01 1.77026606e+00 -4.57847029e-01 1.84986985e+00
    4.46298003e-01 -6.29777133e-01 1.68026567e-01 -4.66340393e-01
    7.67169833e-01 1.67277086e+00 1.22352552e+00 -1.55823112e-01
    9.69454646e-01 1.83925080e+00 -6.26902580e-01 -3.94364119e-01
    5.32053649e-01 -1.11311615e-01 1.89375234e+00 -5.46688318e-01
    1.30489051e+00 -7.34297395e-01 1.62013888e-01 1.05569947e+00
    1.39242268e+00 -1.01015913e+00 3.32761765e-01 8.02918077e-01
    7.38882482e-01 1.56059110e+00 -5.00816941e-01 -4.29250211e-01
    8.41284335e-01 -6.96956396e-01 -3.01391184e-01 -4.04914051e-01
    -8.40345740e-01 -5.82280636e-01 1.03087866e+00 3.82917166e-01
    1.60303831e+00 1.69943321e+00 1.88761806e+00 3.42955053e-01
    1.35319614e+00 -7.11745620e-01 1.45230114e+00 8.36594164e-01
    8.53825808e-01 1.02460790e+00 1.28295898e+00 8.12429190e-02
    -5.56285560e-01 -4.63668883e-01 -2.80178428e-01 -6.17202520e-01
    -5.11188030e-01 -3.13563168e-01 7.35586405e-01 6.77013874e-01
    1.22211480e+00 3.20146978e-01 -1.32293344e-01 4.32565749e-01
    2.77921915e-01 3.76203895e-01 2.00206280e+00 6.56011045e-01
    7.84021735e-01 -4.91869062e-01 -3.56970251e-01 -2.54975975e-01
    6.51634932e-01 1.34737754e+00 1.44237101e+00 -9.99894023e-01
    2.90874839e-01 1.25265038e+00 6.80855751e-01 2.19109595e-01
    5.29918671e-01 1.43864393e+00 1.77030659e+00 1.39187217e+00
    -7.17568457e-01 1.12829030e+00 -6.02447510e-01 1.01233780e+00
    1.76962304e+00 1.32735324e+00 -3.65116239e-01 1.75074816e-01
    -1.42166674e-01 6.66261137e-01 1.24620974e-01 1.89786863e+00
    1.05339646e+00 1.45618248e+00 7.60676444e-01 6.61204517e-01
    -5.38868964e-01 1.37985468e+00 2.01862621e+00 -2.86002040e-01
    -5.00143886e-01 4.94171858e-01 1.31570125e+00 1.85315537e+00
    1.04378366e+00 8.93323243e-01 2.57266760e-02 3.28478813e-02
    1.04755807e+00 8.65833163e-02 2.89717317e-01 9.81429875e-01
    1.07863927e+00 -3.50934267e-03 2.87179947e-01 1.82942188e+00
    -5.63351393e-01 1.34245527e+00 1.61966014e+00 -8.45073402e-01
    1.14349389e+00 7.59087205e-01 5.01058102e-01 -9.34150994e-01
    5.35643101e-01 1.51636994e+00 1.21374178e+00 -3.52369547e-02
    4.54036474e-01 1.55086315e+00 -8.57435942e-01 1.02975869e+00
    7.36436486e-01 1.84817481e+00 1.40525699e-01 8.99726570e-01
    1.11383867e+00 7.40980983e-01 1.84880424e+00 1.00107050e+00
    -4.61761743e-01 1.86287260e+00 1.18554103e+00 1.54418516e+00
    1.10127091e+00 1.33537400e+00 7.77811170e-01 1.39206290e+00
    1.96653438e+00 1.16043234e+00 1.11052179e+00 -5.93981504e-01
    -5.22631347e-01 1.61378670e+00 5.51981747e-01 1.93325758e+00
    -4.52002227e-01 -8.43125761e-01 7.09429383e-01 4.64301884e-01
    1.27358544e+00 -2.97506392e-01 6.90005362e-01 1.41139209e+00
    -7.28895068e-01 8.19653273e-02 5.48294008e-01 2.27240086e-01
    2.04204702e+00 4.27587092e-01 8.54124308e-01 1.34296107e+00
    4.64490592e-01 -4.83491242e-01 9.77773905e-01 1.36953831e+00
    1.38423777e+00 1.75193286e+00 -8.71676147e-01 1.36042416e+00
    8.17828119e-01 3.07888567e-01 1.33626866e+00 -4.92912650e-01
    9.94921923e-01 1.49938154e+00 6.34873390e-01 1.26004207e+00
    1.01081812e+00 4.20574248e-01 -4.74085450e-01 6.65867209e-01
    1.62734044e+00 8.32313478e-01 1.74028492e+00 1.93418109e+00
    1.16053367e+00 1.10568810e+00 -6.61949456e-01 9.12164390e-01
    -3.06032419e-01 1.47381091e+00 1.56744003e+00 1.76819897e+00
    -6.52896285e-01 5.78018785e-01 9.11021113e-01 -4.74967808e-01
    3.40442717e-01 -8.89874279e-01 6.38678908e-01 -2.53253937e-01
    -3.78309488e-01 -4.83996868e-02 -8.54459524e-01 -7.00264573e-01
    2.70681620e-01 -3.75162005e-01 1.64194679e+00 -2.39577651e-01
    -2.86043704e-01 -4.45267022e-01 -2.25530446e-01 1.46104729e+00
    1.66062355e+00 1.06186962e+00 2.80800164e-01 3.78117144e-01
    -8.89011025e-02 1.75183344e+00 8.52604985e-01 9.11539555e-01
    9.76676881e-01 1.23037028e+00 9.15358543e-01 3.76504242e-01
    1.34700346e+00 1.19267404e-01 1.39286339e-01 6.58219099e-01
    -2.09372103e-01 1.37008786e+00 -1.83178365e-01 1.24798906e+00
    1.95618546e+00 1.04663718e+00 1.08486056e-01 1.74906230e+00
    1.24807143e+00 2.30701625e-01 3.28387797e-01 5.09852290e-01
    1.17329383e+00 -5.51802397e-01 1.92811799e+00 -4.30964828e-02
    8.34383011e-01 -8.00784707e-01 2.19786882e-01 -5.86703777e-01
    -3.82063150e-01 1.44849980e+00 9.27439272e-01 5.22140265e-02
    8.50434303e-01 -8.38249505e-01 7.64260471e-01 5.11957228e-01
    1.21394944e+00 -6.60363793e-01 1.74538851e+00 6.94855034e-01
    -6.75886273e-02 1.36324036e+00 1.37722325e+00 5.51715136e-01
    1.34874678e+00 -1.99756205e-01 -6.08742356e-01 1.44600689e+00
    1.31717706e+00 6.27564609e-01 1.65586770e+00 -7.32888758e-01
    -7.10174203e-01 -5.46074390e-01 -4.34558600e-01 2.09299994e+00
    -6.51254177e-01 -4.56977248e-01 1.55888867e+00 6.86805189e-01
    1.79407644e+00 -4.66597557e-01 -8.91779900e-01 -8.64311695e-01
    1.70249224e+00 5.25032103e-01 1.25802457e-01 -2.10749149e-01
    -1.05490267e-01 4.24063206e-01 4.35338259e-01 3.80813360e-01
    1.57847214e+00 1.60212028e+00 1.40423656e+00 8.49579811e-01
    6.35149479e-01 1.01352453e-01 1.19607246e+00 1.89798462e+00
    1.60243320e+00 -7.14111924e-02 8.61023247e-01 1.60125077e-01
    7.47131586e-01 -2.72500813e-01 1.27870786e+00 1.00340796e+00
    -7.70690799e-01 -5.83369493e-01 -1.28216982e-01 3.07488680e-01
    4.22387064e-01 -1.64498448e-01 1.49474311e+00 9.26167965e-02
    2.31055200e-01 -1.52569115e-01 7.74011850e-01 1.52657366e+00
    -3.09106231e-01 1.77270782e+00 -5.18826008e-01 -3.07901978e-01
    1.68356729e+00 4.56292272e-01 -2.25418806e-01 2.95309782e-01
    -3.83871794e-02 1.45024335e+00 7.92794585e-01 -7.59895802e-01
    1.64213896e+00 -3.24241877e-01 1.84429872e+00 8.97609949e-01
    -1.66273832e-01 -3.22111368e-01 1.93667078e+00 -7.41100192e-01
    4.12583947e-02 1.20928812e+00 -4.43506747e-01 7.50714004e-01
    -3.66613865e-01 4.36694264e-01 4.61437702e-01 9.48864281e-01
    1.19826841e+00 7.60095060e-01 -9.77629662e-01 1.82705295e+00
    1.81235480e+00 2.45835662e-01 8.87571514e-01 1.63168037e+00
    2.46334553e-01 5.09190917e-01 -2.20923543e-01 -5.93273342e-01
    8.63314807e-01 6.39775395e-01 6.92089021e-01 -1.36604309e-01
    8.39936256e-01 -5.38341522e-01 -3.05922627e-02 -5.98932028e-01
    -1.88219666e-01 1.83545434e+00 -8.30658495e-01 -9.57037151e-01
    7.25635886e-01 -6.67081714e-01 -1.85884833e-01 5.67048967e-01
    7.37717628e-01 2.60567963e-01 -7.16863036e-01 -8.70002270e-01
    1.80158067e+00 1.70522404e+00 7.54879296e-01 1.45549893e+00
    5.34451544e-01 -4.53370154e-01 -8.12810063e-01 1.59550667e+00
    1.76746762e+00 1.76015544e+00 1.16921735e+00 1.44688988e+00
    -6.32396281e-01 -3.46548021e-01 1.94841087e-01 1.85401702e+00
    -6.26543641e-01 -7.79429853e-01 2.91656971e-01 1.82541180e+00
    1.03168702e+00 8.26696694e-01 1.78205311e-01 8.97651374e-01
    1.84762740e+00 -2.17563093e-01 1.16468120e+00 3.27709675e-01
    9.45835590e-01 1.79793155e+00 7.27726579e-01 -3.64092708e-01
    1.57160091e+00 -1.53168201e-01 -4.37105268e-01 -2.29163408e-01
    1.38711929e-02 -6.52027786e-01 1.78433347e+00 5.03631711e-01
    -8.14432263e-01 5.49974918e-01 1.16615343e+00 -6.96989954e-01
    1.83344543e+00 -2.70494998e-01 4.50530589e-01 6.65833831e-01
    -7.52713323e-01 -2.31584132e-01 1.36499071e+00 -5.79453886e-01
    -6.79614961e-01 9.46951509e-01 1.50805938e+00 -8.00773859e-01
    1.89874363e+00 -4.36464399e-01 4.91286218e-01 1.98666906e+00
    6.17125154e-01 7.61916578e-01 1.09028935e-01 -7.28018522e-01
    -6.24550462e-01 3.45717847e-01 5.93578219e-02 1.72779977e-01
    -1.51493847e-01 -2.40955710e-01 1.12794971e+00 8.65479290e-01
    -3.22794914e-01 -2.97551930e-01 7.17798889e-01 1.79958820e-01
    -5.71756721e-01 1.14637208e+00 8.71267438e-01 2.55807996e-01
    -8.72976959e-01 9.12005246e-01 -7.29683697e-01 1.71085382e+00
    1.93419218e+00 -5.09852767e-01 6.94701076e-01 1.70655549e+00
    7.46656358e-01 1.15217400e+00 -8.88642073e-01 -6.52336001e-01
    1.38418889e+00 1.49513078e+00 3.02325368e-01 -7.10195661e-01
    -6.59455895e-01 1.18307292e+00 1.82346821e+00 4.80016887e-01
    7.30148435e-01 -8.25688362e-01 2.50034928e-02 5.73983788e-02
    -6.70612931e-01 1.85748959e+00 -8.35969687e-01 -4.45606261e-01
    -3.97886693e-01 7.53641307e-01 -6.68771386e-01 2.21227467e-01
    4.19753790e-01 1.47536838e+00 -7.88590431e-01 1.39846027e+00
    7.33883917e-01 4.89398897e-01 -4.40234393e-01 -3.42312992e-01
    2.98808813e-02 1.43681574e+00 -5.29251337e-01 1.56400633e+00
    7.56725788e-01 -5.37572026e-01 1.39026773e+00 -9.47067261e-01
    6.33243322e-01 1.62461388e+00 -3.96316528e-01 1.18301940e+00
    -6.74067318e-01 4.67064857e-01 -5.37626266e-01 2.00909853e-01
    -5.11458516e-01 1.58695841e+00 4.01438713e-01 -6.67942047e-01
    1.53870177e+00 1.29860234e+00 3.08853507e-01 -3.54314029e-01
    -7.59575367e-02 6.36539698e-01 -3.10648978e-01 -1.16942465e-01
    -2.99222767e-01 1.37713087e+00 -4.01974142e-01 5.25595129e-01
    6.85159206e-01 -4.68719780e-01 1.51241255e+00 1.33459568e+00
    3.79786551e-01 -6.30191326e-01 8.97583842e-01 1.86738253e+00
    1.68757319e+00 8.22810769e-01 2.97406197e-01 -9.89019215e-01
    1.23692131e+00 1.16341221e+00 -5.88175833e-01 1.47358680e+00
    1.71656573e+00 7.22703934e-01 1.36756539e-01 1.70485115e+00
    1.54183185e+00 -4.95075047e-01 9.91055608e-01 -3.72145712e-01
    1.66805553e+00 4.62696552e-01 -3.59845996e-01 2.79701114e-01
    1.51273549e+00 1.36359167e+00 -4.67695534e-01 1.67491555e+00
    5.72831750e-01 1.08097887e+00 1.22756124e+00 1.07312822e+00
    -1.28417432e-01 -3.83076668e-02 -8.74588072e-01 1.47621310e+00
    -7.72227645e-02 6.84181333e-01 -1.78441465e-01 2.32023418e-01
    1.79134679e+00 3.85443211e-01 1.64890122e+00 2.51058280e-01
    1.22658801e+00 -8.91904294e-01 2.61501074e-01 4.12484407e-01
    -7.75462449e-01 3.31709921e-01 1.23726296e+00 8.15938592e-01
    -9.60254073e-01 -6.39977455e-01 -5.49627066e-01 2.55983174e-01
    2.44914532e-01 7.14439869e-01 -2.11673439e-01 -2.20360518e-01
    -7.88701117e-01 3.34485829e-01 7.13570893e-01 -5.29319465e-01
    3.22051048e-02 9.20576751e-01 -8.81132126e-01 1.22922504e+00
    6.11532032e-01 -1.77354932e-01 2.29785085e-01 2.06580639e-01
    7.17926025e-03 -6.13251328e-01 7.32327044e-01 -3.16802979e-01
    -5.92944980e-01 4.90395248e-01 1.54659033e-01 -5.79770684e-01
    -9.20067370e-01 2.78583646e-01 1.50465846e+00 6.53958201e-01
    1.43297768e+00 -1.18229687e-01 -6.77244306e-01 4.36671734e-01
    9.76615787e-01 8.25040817e-01 9.69376445e-01 4.38722134e-01
    1.24909055e+00 3.85976315e-01 -5.18765211e-01 2.76441991e-01
    4.67189789e-01 4.75537896e-01 8.53803098e-01 3.34031224e-01
    1.09295011e+00 1.89250040e+00 2.65266478e-01 1.27104139e+00
    4.71201122e-01 1.82189822e+00 2.37990320e-01 -6.31710529e-01
    1.70544624e+00 -7.37616420e-01 9.83165383e-01 -7.52674699e-01
    -1.56101763e-01 -1.88627779e-01 1.98407423e+00 1.30075216e-01
    1.11688638e+00 -5.95839679e-01 5.66450953e-02 1.38046730e+00
    7.73647726e-01 4.90389824e-01 -3.60759079e-01 4.26511407e-01
    2.31420040e-01 1.26673913e+00 3.01910758e-01 1.04301572e+00
    1.15195584e+00 -1.89855099e-01 -6.08472228e-02 -5.49528241e-01
    -1.12947643e-01 8.26436162e-01 -6.76395833e-01 -8.03287029e-02
    5.27905166e-01 -8.78788829e-02 8.15781713e-01 7.80052423e-01
    1.14236355e+00 -8.06842566e-01 1.81939352e+00 1.92717111e+00
    5.69514871e-01 -5.94440818e-01 4.48812008e-01 1.42337883e+00
    -5.12051404e-01 5.38145542e-01 1.31715834e+00 -5.92372835e-01
    1.51372242e+00 -5.26528955e-02 7.94017315e-01 -7.65199184e-01
    8.87708962e-01 1.10068083e+00 -1.29479349e-01 -2.41802692e-01
    -6.79167628e-01 2.97218442e-01 1.12891197e+00 1.72714877e+00
    1.66655540e+00 4.25357819e-01 -3.08412910e-02 1.47391677e-01
    1.28747749e+00 1.84277296e+00 -4.91361529e-01 6.92151248e-01
    1.35015774e+00 9.36732650e-01 1.71865594e+00 9.80832934e-01
    3.32591295e-01 2.77274191e-01 1.74048054e+00 1.68733656e+00
    -2.23382294e-01 -6.09001696e-01 7.21466541e-01 -2.05604255e-01
    -1.72097802e-01 6.79231405e-01 -3.16976428e-01 1.16571903e+00
    3.25752497e-02 -8.28422546e-01 7.86424577e-01 8.22589099e-01
    -8.37110996e-01 1.25565779e+00 -3.15332651e-01 2.16532826e-01
    -2.33386874e-01 9.29454327e-01 7.38078356e-03 1.51694822e+00
    3.72990489e-01 1.36039305e+00 6.31168485e-02 1.56280637e+00
    8.28187525e-01 1.01700175e+00 -3.49760175e-01 -1.00476980e-01
    1.14610815e+00 5.81789315e-01 -3.25181723e-01 7.38480151e-01
    1.36810505e+00 1.55035663e+00 -6.11923933e-02 -5.31985164e-02
    -5.48261225e-01 -2.87312210e-01 3.38021755e-01 6.64838374e-01
    1.63214636e+00 -4.16147143e-01 1.67018175e-01 4.40563619e-01
    1.04485452e-01 1.59707284e+00 1.29137146e+00 6.74188614e-01
    2.81569004e-01 1.63813937e+00 -3.70282710e-01 -2.87830293e-01
    -6.61027670e-01 4.05180454e-03 1.03692579e+00 1.05110621e+00
    7.16226459e-01 1.29722548e+00 5.53421855e-01 5.95010519e-01
    1.61175025e+00 1.04710460e-02 1.44852233e+00 1.21128917e+00
    4.68133867e-01 -2.09189892e-01 8.96211207e-01 -1.89317763e-01
    -1.49192035e-01 -3.44412118e-01 1.34966183e+00 4.29210544e-01
    -6.23511910e-01 -1.85864627e-01 1.23978710e+00 1.64904475e+00
    1.27390265e+00 1.38927770e+00 1.12357080e+00 -5.69684029e-01
    1.05798674e+00 1.65551293e+00 4.73855495e-01 8.98558021e-01
    1.12594640e+00 1.86702156e+00 1.83563590e+00 -8.89131844e-01
    1.30765355e+00 4.63558078e-01 1.16981781e+00 5.48215151e-01
    1.53995216e+00 1.02427709e+00 1.66201675e+00 1.12688529e+00
    6.24243498e-01 4.95041847e-01 -6.34141266e-01 -3.57001901e-01
    5.65071106e-01 -6.16963148e-01 6.09949410e-01 1.17294645e+00
    1.87998044e+00 1.05214846e+00 1.43924057e-01 1.32601023e+00
    7.33831346e-01 1.93536520e+00 1.82364774e+00 2.74241745e-01
    1.69400191e+00 -1.53117776e-02 -1.37127340e-01 8.23397636e-02
    -2.29755700e-01 1.83456695e+00 1.02795410e+00 -2.62027502e-01
    -7.52688050e-02 4.77636695e-01 -3.99806499e-01 -4.20124114e-01
    1.77477229e+00 7.63162374e-02 1.20933723e+00 1.06504202e+00
    1.89705563e+00 -3.26729357e-01 1.09746087e+00 1.42676091e+00
    5.51420867e-01 7.14204609e-01 2.55132854e-01 -5.17673135e-01
    1.50198293e+00 -6.52863324e-01 8.44406188e-01 -3.00278902e-01
    1.22534871e+00 1.69773197e+00 -8.34903419e-01 8.45685065e-01
    -8.49495053e-01 -3.91609073e-02 -4.19038534e-01 -8.80355954e-01
    1.32409716e+00 5.29010236e-01 1.79213369e+00 3.73136818e-01
    8.82750750e-01 8.09037805e-01 -8.36012542e-01 1.08998859e+00
    1.10242963e+00 1.28511584e+00 7.72045851e-01 5.25638521e-01
    -6.75683081e-01 3.35413218e-01 1.38157511e+00 1.55629730e+00
    -4.15087342e-01 1.37262499e+00 3.18566084e-01 2.59024382e-01
    3.51599455e-01 1.38587737e+00 1.09527016e+00 1.45856547e+00
    1.76505089e+00 5.69171906e-02 -4.72250104e-01 6.42637491e-01
    -9.75769579e-01 -8.15244615e-01 8.37443233e-01 6.75753236e-01
    -6.09611571e-01 -3.88869286e-01 -1.07364058e-02 -4.05624866e-01
    2.23043203e-01 -8.60592723e-02 9.19216812e-01 3.08827996e-01
    -3.21856022e-01 1.27346396e-01 8.83602500e-02 1.38979805e+00
    1.83386946e+00 -2.57966578e-01 6.30809665e-02 1.80620217e+00
    4.18456435e-01 1.01403320e+00 1.31169486e+00 -8.93300414e-01
    2.59833992e-01 1.51540923e+00 2.61630058e-01 -8.09457242e-01
    -5.97650409e-01 2.67304897e-01 5.83922267e-02 -6.80946708e-02
    -8.34514916e-01 -2.98738480e-01 -7.61528373e-01 1.81989169e+00
    -2.65708387e-01 -2.95259058e-01 1.59715152e+00 1.59617734e+00
    -9.63045597e-01 -8.44079494e-01 1.29460382e+00 2.33306706e-01
    -2.39879191e-01 8.92226338e-01 -5.21635652e-01 4.29321170e-01
    2.07985640e-01 1.43016934e-01 3.12660992e-01 -6.44447744e-01
    2.28941798e-01 6.88217223e-01 -3.19646597e-01 1.79305196e+00
    -5.40753603e-01 1.27759850e+00 -5.35295844e-01 5.01246393e-01
    1.20444059e-01 1.46711254e+00 2.32111573e-01 6.63900435e-01
    1.33333635e+00 1.90013647e+00 -7.69462287e-01 -5.20946264e-01
    3.24427664e-01 3.17734540e-01 7.38937855e-01 -6.67580247e-01
    -2.32911289e-01 1.51275718e+00 4.04190898e-01 1.26682734e+00
    1.14441109e+00 1.86513400e+00 2.32725859e-01 1.63948190e+00
    -7.63992548e-01 -6.54667497e-01 -9.02789950e-01 3.35151315e-01
    2.41405606e-01 -6.43107295e-01 6.48966432e-02 -4.53602672e-01
    7.26456404e-01 1.71463788e+00 1.31719339e+00 -4.94769931e-01
    1.76711917e+00 3.40505838e-02 -2.03869164e-01 -4.92375195e-01
    9.33928132e-01 -4.91791308e-01 3.54826093e-01 1.17386746e+00
    -4.02274370e-01 -2.16207743e-01 -7.56537914e-01 -7.71798134e-01
    -3.55330229e-01 1.48787200e-01 -6.43123507e-01 1.15534139e+00
    5.93624234e-01 3.91093314e-01 6.66998565e-01 8.22174430e-01
    -5.71132839e-01 1.94664240e-01 8.58064532e-01 -7.46025443e-01
    4.69725072e-01 1.87354076e+00 3.85061324e-01 1.21170056e+00
    -4.83878046e-01 -6.19313955e-01 4.48315799e-01 1.08090997e+00
    1.09009397e+00 1.61732006e+00 -4.75921214e-01 9.28331614e-01
    1.37524819e+00 1.27207637e+00 8.83046329e-01 7.12083459e-01
    1.10904527e+00 -4.79283333e-02 -8.14505041e-01 -4.31663871e-01
    -1.00549936e-01 4.83602881e-01 -2.43183970e-01 1.80975342e+00
    1.65735531e+00 -9.61246431e-01 -7.47544110e-01 -7.91392088e-01
    3.78476977e-01 5.05670905e-01 1.84425259e+00 1.98470497e+00
    1.93610358e+00 -7.40474701e-01 2.00198388e+00 1.20178461e-02
    2.52573013e-01 3.56900096e-01 1.37156045e+00 -8.80739629e-01
    1.75549698e+00 1.79562497e+00 -7.02256560e-02 4.24913704e-01
    -6.76323712e-01 2.54808009e-01 -1.12165451e-01 1.11318207e+00
    1.58489943e+00 -2.79477179e-01 1.24742055e+00 6.31916523e-03
    6.11398816e-01 1.43989253e+00 1.79033589e+00 2.22093463e-01
    1.35711956e+00 -1.04897094e+00 -2.44962573e-01 1.07697153e+00
    1.56738400e-01 1.05289030e+00 3.66577744e-01 1.52901471e+00
    -6.98775291e-01 8.94534767e-01 -2.59530008e-01 3.21532309e-01
    9.93791819e-01 1.36165929e+00 7.63824642e-01 1.31984830e+00
    9.31714892e-01 7.86400497e-01 1.41046774e+00 -1.22682691e-01
    -5.48018992e-01 1.86796153e+00 1.38165379e+00 5.89640975e-01
    -3.52444530e-01 -4.01606202e-01 4.90803599e-01 1.57354486e+00
    5.91846824e-01 4.69844341e-02 1.07324314e+00 1.79317212e+00
    1.30724740e+00 1.55209601e-01 5.75829446e-01 -7.92991400e-01
    6.16924167e-02 1.73297119e+00 6.08385503e-01 3.63932252e-02
    -3.75922978e-01 -4.59927768e-01 7.54658997e-01 1.63772702e-01
    1.52201807e+00 1.02828252e+00 1.79172111e+00 5.29144704e-01
    -2.42323697e-01 -3.82008493e-01 -6.45041227e-01 1.67882180e+00
    3.66350889e-01 1.55537224e+00 -4.33628380e-01 -4.70777154e-02
    1.36235046e+00 -1.27069950e-01 5.06694555e-01 1.34393299e+00
    1.94832420e+00 8.41629148e-01 1.13851476e+00 -9.59438682e-02
    6.19793117e-01 1.39880788e+00 8.80134404e-01 5.22615910e-02
    8.12155247e-01 1.03882957e+00 3.66762638e-01 1.47161460e+00
    -3.00491691e-01 1.31554365e+00 1.55907059e+00 1.81952119e+00
    -8.07966590e-01 -9.38191891e-01 8.66978467e-01 -2.83787251e-02
    -2.52553642e-01 5.64319015e-01 1.05085397e+00 -8.15892458e-01
    4.97545123e-01 2.27122545e-01 8.14879775e-01 6.42648995e-01
    -3.41881931e-01 2.08013117e-01 -3.38855565e-01 6.68270707e-01
    9.36879039e-01 -2.45025039e-01 7.22347021e-01 1.66076660e+00
    -4.04792398e-01 3.42745364e-01 1.26875329e+00 3.72558057e-01
    -2.75649369e-01 1.90037370e+00 -6.93058968e-02 -5.27428985e-01
    -6.15565300e-01 1.02032423e-02 1.28494120e+00 3.21852922e-01
    4.51374650e-02 1.45457852e+00 1.30311763e+00 1.57971025e+00
    -6.92238092e-01 -5.85066676e-02 1.10838211e+00 -6.46108270e-01
    1.94613755e+00 1.57443905e+00 8.49540293e-01 1.02530289e+00
    1.01793122e+00 1.98894215e+00 -6.72387838e-01 -3.10786843e-01
    8.40709209e-02 1.73072743e+00 1.83338785e+00 1.80961382e+00
    -1.79497957e-01 2.52761006e-01 6.64705515e-01 6.27534986e-02
    3.05327535e-01 2.84759045e-01 3.22892368e-01 1.97562194e+00
    1.04960060e+00 -2.65334606e-01 -2.40325630e-01 -5.01604438e-01
    5.70130110e-01 2.91035414e-01 1.69830704e+00 3.96432102e-01
    -7.21777439e-01 1.29932284e+00 1.50811696e+00 -2.95067191e-01
    -9.26023841e-01 6.31131887e-01 4.73219156e-03 1.79947352e+00
    -7.41261125e-01 1.42263556e+00 -3.60712349e-01 -6.81715608e-02
    7.52293050e-01 8.00584555e-01 1.67381573e+00 4.17964101e-01
    9.23099637e-01 1.53201258e+00 1.66782498e+00 1.10839653e+00
    1.35731709e+00 -5.84890127e-01 1.22993994e+00 6.02635622e-01
    9.54189062e-01 1.42212534e+00 1.59224033e+00 -2.44890153e-01
    -8.13389421e-01 1.68188775e+00 1.32926321e+00 1.66862106e+00
    -4.46236134e-01 1.35254526e+00 -5.75476587e-01 9.09547091e-01
    1.24860132e+00 1.07206523e+00 9.38378036e-01 1.19690120e-01
    6.56827569e-01 2.52355397e-01 1.65505242e+00 1.87464738e+00
    1.21357167e+00 3.60100687e-01 1.81037247e-01 -7.13764429e-02
    4.21344817e-01 1.15620065e+00 1.20106304e+00 6.98091984e-01
    7.93207884e-02 -1.78618968e-01 -6.06276155e-01 1.14878595e+00
    -6.80268347e-01 5.24353623e-01 1.84988117e+00 -6.91958904e-01
    -3.42034310e-01 7.35156059e-01 -3.84391367e-01 -3.38656843e-01
    1.04561329e-01 1.72996795e+00 -6.22476578e-01 1.52560472e+00
    9.07683730e-01 -1.74480438e-01 -4.61046457e-01 -5.17911553e-01
    1.42595482e+00 1.09226716e+00 -7.31259763e-01 1.39771664e+00
    5.56755066e-03 7.46501446e-01 1.67839825e-01 3.55489850e-01
    5.06298661e-01 -6.95651293e-01 -6.35146737e-01 2.17171073e-01
    1.86933565e+00 8.62531364e-01 -2.75963604e-01 8.00605297e-01
    1.20398855e+00 -6.56419396e-02 1.15929854e+00 -3.14663112e-01
    1.23331666e-01 -7.27679133e-01 6.54247940e-01 -4.34017181e-01
    1.54639673e+00 -8.57941389e-01 8.14366579e-01 1.72113061e+00
    5.45480072e-01 6.39588237e-02 1.78516793e+00 -4.32891726e-01
    2.04828918e-01 1.46209967e+00 -7.98600554e-01 8.03850889e-02
    1.18250656e+00 1.48463225e+00 -3.74530852e-01 -7.02880859e-01
    1.16391635e+00 4.16904330e-01 -2.56893337e-01 -7.27658033e-01
    3.76250982e-01 -5.28751791e-01 1.45237088e+00 7.14391589e-01
    1.81000829e-01 1.28837204e+00 -9.99137759e-02 -5.23243546e-02
    1.15134442e+00 -1.96551919e-01 -5.43816686e-02 -5.40190876e-01
    1.41647673e+00 -5.83083153e-01 -1.66307151e-01 5.03876984e-01
    4.98168826e-01 8.72493446e-01 -6.41525686e-01 9.35967147e-01
    9.30818915e-01 -5.06237030e-01 1.49115419e+00 1.50106192e+00
    1.75574827e+00 7.04346776e-01 2.91843414e-02 -3.28190327e-02
    1.04959404e+00 1.12638032e+00 1.11878896e+00 -1.61143363e-01
    1.15199828e+00 1.48275399e+00 7.93118060e-01 4.38020468e-01
    1.94153452e+00 9.38934684e-02 -5.62363863e-03 -5.61926723e-01
    5.67641079e-01 1.48887515e-01 -3.30089390e-01 1.55632687e+00
    1.25668573e+00 2.38764584e-01 1.91013694e+00 1.66531539e+00
    5.78072727e-01 -2.86006987e-01 1.18694115e+00 8.98878753e-01
    5.71841359e-01 -3.72340739e-01 1.61647701e+00 8.29171479e-01
    -7.11265147e-01 -6.17079616e-01 3.69091034e-01 1.30051088e+00
    8.87163162e-01 -1.76898241e-01 1.28335643e+00 -4.35887516e-01
    1.20291853e+00 7.26061583e-01 -2.65400946e-01 6.40375257e-01
    2.40417719e-01 -6.69759691e-01 1.46532583e+00 9.59651768e-01
    1.90626025e+00 7.44120955e-01 -6.16089642e-01 1.11643744e+00
    -5.44671059e-01 1.12209189e+00 -8.70910466e-01 1.60256565e+00
    1.82527423e-01 -5.13577282e-01 -1.74109399e-01 5.91288865e-01
    -8.07832837e-01 -8.67226064e-01 1.10233247e+00 1.54567480e+00
    3.80194426e-01 -2.29039669e-01 -7.58223534e-01 -5.97066879e-02
    6.20520115e-02 1.30952668e+00 1.28992736e-01 1.49961257e+00
    -2.48171806e-01 -2.75513470e-01 4.99673545e-01 1.37841737e+00
    -8.55701387e-01 9.84285891e-01 8.79158437e-01 1.22538304e+00
    -7.81119287e-01 -6.60662651e-02 -3.93054068e-01 -4.23588157e-02
    2.67850637e-01 1.03707552e+00 -3.97243291e-01 6.73658848e-02
    1.10374284e+00 -7.97618210e-01 3.82886827e-01 5.54413199e-02
    3.13794613e-02 1.53909326e+00 1.39777458e+00 -7.91748941e-01
    6.24910414e-01 -1.99197829e-01 -5.88060379e-01 1.11966312e-01
    -5.22349417e-01 1.85016727e+00 -2.60809541e-01 3.58969390e-01
    -2.66631544e-01 2.01182723e+00 -4.35613990e-02 8.82596850e-01
    2.84321427e-01 1.75328946e+00 1.50232458e+00 1.86261928e+00
    7.47866631e-01 -8.18555593e-01 -9.25611436e-01 1.00262928e+00
    -6.80822015e-01 -1.13324046e-01 -4.94937390e-01 5.74089527e-01
    1.63006997e+00 4.72473502e-01 1.12376046e+00 -9.25644040e-01
    9.78148341e-01 1.88860130e+00 1.84720087e+00 7.83006549e-01
    5.91225505e-01 1.03541696e+00 -4.79628146e-01 -3.69851649e-01
    -1.69795454e-01 5.38482308e-01 7.20868766e-01 -9.41179693e-01
    -5.25232852e-01 1.05257821e+00 1.43133712e+00 1.43889189e+00
    6.58535480e-01 -2.06841290e-01 -3.17201853e-01 -2.25939691e-01
    1.68086410e+00 -2.68259168e-01 1.49091172e+00 3.39811504e-01
    1.91549683e+00 1.25117791e+00 1.15342772e+00 1.56524718e+00
    -2.57309318e-01 -8.63003731e-03 -4.98978615e-01 9.14772749e-02
    1.83804774e+00 9.19770896e-01 1.87586379e+00 1.27956271e-01
    1.83476639e+00 9.28305447e-01 -5.12930512e-01 4.45562243e-01
    1.31481338e+00 5.29790759e-01 2.46703267e-01 1.09568226e+00
    4.06285465e-01 -5.52243471e-01 3.87727678e-01 6.11152232e-01
    4.73502874e-02 3.45177829e-01 -4.80658293e-01 1.30187809e+00
    -7.37742484e-01 -3.62014830e-01 -2.31607020e-01 1.82613838e+00
    2.05501080e-01 1.57455111e+00 7.18892813e-01 -3.21355164e-01
    -2.13155031e-01 8.62414956e-01 3.11823249e-01 5.27051508e-01
    1.10364616e+00 1.83748960e+00 -8.06137800e-01 1.29451621e+00
    1.81067479e+00 4.19224262e-01 6.79031014e-01 1.30115247e+00
    7.22305655e-01 -7.91534126e-01 1.80226457e+00 1.52679729e+00
    1.33160472e+00 -7.84560442e-02 5.28447390e-01 6.67301536e-01
    -7.67626166e-01 -3.10418189e-01 1.45670462e+00 2.98646152e-01
    1.75309503e+00 -2.61031032e-01 -2.84863293e-01 4.99898672e-01
    6.56384826e-01 -1.08032167e-01 -2.23636627e-03 1.18453074e+00
    9.62510467e-01 8.93080771e-01 1.49231339e+00 -6.10607266e-01
    6.72342002e-01 -8.70769024e-01 1.15394950e-01 -1.01463974e-01
    1.05229914e-01 -5.91182590e-01 1.22334397e+00 8.35155606e-01
    -2.90630460e-01 1.23355865e-01 1.67024589e+00 1.66799653e+00
    -1.25681639e-01 1.29616928e+00 -7.06139922e-01 -8.86142731e-01
    1.84045172e+00 1.26757979e+00 4.78462577e-02 1.82430053e+00
    1.61853790e+00 1.52823508e-01 -4.76061881e-01 -4.49868649e-01
    -2.64498293e-01 6.04285002e-01 -6.10600710e-01 4.51419592e-01
    3.19701195e-01 -1.24619067e-01 4.42556143e-02 -4.23901737e-01
    6.78926706e-01 -3.04164767e-01 1.89059258e+00 -7.71687388e-01
    -9.44061875e-01 1.21448994e-01 2.25828767e-01 1.38273978e+00
    1.61695385e+00 8.58307242e-01 -5.49084544e-01 -6.30984902e-02
    4.02417779e-01 -6.60082698e-01 1.69736147e+00 1.18094277e+00
    -7.00993896e-01 -1.43720329e-01 -2.42940426e-01 5.72705746e-01
    1.31109095e+00 1.10869360e+00 -6.86608195e-01 1.10907435e+00
    -3.01811874e-01 1.74080849e-01 1.18302691e+00 1.83306444e+00
    1.60196960e-01 1.82582092e+00 -4.01003927e-01 1.32748961e-01
    -6.66137457e-01 2.03613329e+00 2.35335231e-02 5.57539403e-01
    -4.29398268e-01 1.49563479e+00 -7.82046318e-01 5.05398631e-01
    3.11040044e-01 -8.42508674e-02 5.01095176e-01 1.72567749e+00
    2.33479738e-02 2.54161119e-01 9.37713742e-01 -6.30536556e-01
    1.13846147e+00 1.81086302e-01 -8.90287817e-01 8.32063437e-01
    1.96231008e-01 1.63957894e+00 -3.60153615e-01 5.20175755e-01
    1.35048115e+00 1.63710952e+00 1.06064928e+00 2.13761330e-02
    1.10447907e+00 1.28548408e+00 1.44876516e+00 6.54888988e-01
    1.26883209e-01 1.17787385e+00 1.72040772e+00 -6.31312490e-01
    1.25886369e+00 1.85332990e+00 9.89645362e-01 1.57885671e-01
    -1.35683537e-01 2.87700713e-01 -1.49392664e-01 -1.12996101e-02
    6.33170366e-01 -4.63676453e-02 -7.68401742e-01 1.05364537e+00
    4.05290544e-01 -7.73295999e-01 -1.57949686e-01 -1.26303077e-01
    1.24139428e-01 2.71456897e-01 4.16331589e-01 1.15377045e+00
    7.95055091e-01 1.38277519e+00 1.01064157e+00 1.67914581e+00
    3.42404246e-02 6.17354989e-01 -3.87361765e-01 -4.17639524e-01
    1.65981078e+00 -8.26128304e-01 1.37931108e+00 7.14405179e-01
    -8.31726193e-01 3.05027306e-01 3.70340049e-01 -7.43056655e-01
    1.93501282e+00 -1.78677261e-01 1.25681925e+00 -2.54362166e-01
    1.28844666e+00 9.26834643e-01 5.32776356e-01 1.62902570e+00
    3.06075215e-02 -2.09272444e-01 9.45212424e-01 2.88738966e-01
    -5.33531904e-01 1.36077714e+00 1.76808858e+00 3.39067996e-01
    1.48466516e+00 5.47693729e-01 6.31082058e-02 -6.93048716e-01
    -5.34441411e-01 1.44140100e+00 1.57157993e+00 1.03153062e+00
    1.87125850e+00 1.83830500e+00 -9.03386593e-01 1.15203965e+00
    8.41953397e-01 5.09875655e-01 -4.58453238e-01 1.11392260e+00
    -4.23404634e-01 1.08013630e-01 1.65085995e+00 1.47865009e+00
    1.79956841e+00 7.47149289e-01 1.28553629e-01 8.08628142e-01
    1.50105083e+00 7.11063683e-01 1.18754184e+00 4.38069820e-01
    5.23426533e-02 1.21205258e+00 1.02229333e+00 4.48178291e-01
    1.36720824e+00 2.37935901e-01 6.69696569e-01 3.77504110e-01
    1.66452777e+00 6.99890554e-01 5.29263020e-01 7.20900953e-01
    -5.83511114e-01 -5.15081525e-01 4.84610796e-02 1.79553413e+00
    6.67985082e-02 8.55517685e-01 3.16269636e-01 -7.60586321e-01
    7.56425679e-01 1.60479712e+00 6.10197783e-01 1.76918209e+00
    -7.97376633e-02 7.03747749e-01 8.12583566e-02 5.39734542e-01
    9.89258528e-01 -4.20416027e-01 1.48458385e+00 -5.82762480e-01
    2.06023037e-01 -7.76569963e-01 1.81730843e+00 9.00132358e-01
    -6.35119915e-01 1.57524347e+00 1.59264803e-01 9.94527638e-01
    1.78631306e+00 -5.24243176e-01 1.67381644e-01 9.43370879e-01
    -5.32156706e-01 1.76017284e+00 1.54378748e+00 5.97290039e-01
    9.91225004e-01 -1.05573606e+00 5.30452728e-01 8.01010132e-02
    -2.10141540e-02 -7.46102870e-01 -7.49377012e-01 1.67114735e-02
    9.68707800e-01 1.07836723e+00 -1.00956488e+00 7.33759165e-01
    1.16300702e-01 4.04051542e-02 3.40922713e-01 -4.28416371e-01
    -2.13938415e-01 4.30066228e-01 1.03268170e+00 3.29904318e-01
    1.26211047e+00 9.38316345e-01 5.91408014e-01 1.27461600e+00
    6.77908301e-01 -4.66203541e-01 -1.62181437e-01 6.21861696e-01
    2.50028193e-01 -4.69614208e-01 -2.11914480e-01 3.34971905e-01
    2.69396365e-01 3.88788223e-01 8.82998943e-01 1.92991829e+00
    4.12931442e-02 1.67591691e-01 1.85926330e+00 1.38523567e+00
    1.07723796e+00 1.56501770e+00 1.86300826e+00 7.21232057e-01
    1.35045612e+00 -3.11581552e-01 1.00818586e+00 -6.25777245e-02
    4.19577837e-01 -5.23763776e-01 -6.16420865e-01 1.53953481e+00
    9.35479701e-01 1.81211591e-01 1.20528030e+00 1.03430939e+00
    1.76415730e+00 -4.01839733e-01 -5.11064470e-01 1.12965941e-01
    -1.11348510e-01 1.74326587e+00 -6.95880890e-01 1.43431246e-01
    1.79435015e-02 1.24351978e-01 1.47726703e+00 -4.83842075e-01
    -6.47807419e-01 5.30737817e-01 -2.50179946e-01 -4.93338525e-01
    9.22314048e-01 -3.18204820e-01 1.74180293e+00 1.77666211e+00
    1.66149831e+00 3.12869966e-01 -2.23017871e-01 5.37253618e-01
    4.05615747e-01 2.57699549e-01 1.45952892e+00 1.25654483e+00
    -7.58401155e-01 1.34210539e+00 -3.48082185e-01 2.33227015e-01
    -5.20044088e-01 1.19665384e-01 1.67426205e+00 7.78249681e-01
    -1.44166589e-01 1.53039813e-01 1.23366821e+00 -2.38394439e-01
    5.55820405e-01 1.05262744e+00 -3.21963727e-01 4.61419940e-01
    1.11676466e+00 1.50584054e+00 6.81421161e-01 -9.97726858e-01
    7.76250839e-01 9.87716317e-01 -2.48905718e-01 1.87226534e-01
    1.77223277e+00 1.32120228e+00 4.85154748e-01 1.41948187e+00
    -5.49150348e-01 1.04653442e+00 3.11594009e-02 -2.18347192e-01
    3.69283438e-01 4.76702809e-01 1.27076459e+00 3.73069763e-01
    1.02281201e+00 1.76073372e+00 1.49436915e+00 1.52952194e+00
    -6.96049988e-01 -5.25181711e-01 -5.23818970e-01 -2.21860826e-01
    -8.07445049e-01 1.80772853e+00 8.86182964e-01 8.20411384e-01
    -1.93473637e-01 4.83996928e-01 3.80234778e-01 -8.80758107e-01
    -8.26347947e-01 -4.37789798e-01 -3.73747945e-02 7.97591686e-01
    2.58423686e-02 1.89639008e+00 1.61840415e+00 -3.07638049e-01
    -9.77525711e-02 -1.21604919e-01 1.93080664e+00 -5.75121760e-01
    5.42821646e-01 1.65729439e+00 7.52632439e-01 -5.74838459e-01
    1.68619704e+00 -2.96810746e-01 9.98574436e-01 1.34104419e+00
    1.10144985e+00 1.30552089e+00 1.62579715e+00 1.02430630e+00
    -2.12797344e-01 9.62439239e-01 8.51000845e-01 1.27884150e-02
    1.52782488e+00 -4.59829658e-01 1.15454292e+00 -5.79276383e-01
    6.90342426e-01 1.44223952e+00 9.15574193e-01 1.32490981e+00
    7.97880888e-01 -4.83357102e-01 -1.52548373e-01 1.62949586e+00
    -1.24156475e-03 6.38863087e-01 -5.49122810e-01 -6.40943766e-01
    -7.26873517e-01 1.61312616e+00 8.24340999e-01 1.36395645e+00
    1.89031649e+00 3.70381653e-01 -5.36009252e-01 3.67073357e-01
    -3.39644969e-01 8.30340803e-01 3.13533783e-01 1.17425787e+00
    4.01085973e-01 -4.43772197e-01 1.84984732e+00 1.21308362e+00
    1.90236330e+00 -6.19075298e-01 6.55983865e-01 -3.32252741e-01
    -2.98267007e-02 1.45748353e+00 1.19372082e+00 1.41296673e+00
    1.68654203e-01 1.12642479e+00 -2.51269281e-01 1.92673492e+00
    1.48711514e+00 2.00572371e-01 -5.39708734e-01 1.11913741e-01
    1.66686058e+00 7.28388250e-01 1.75498581e+00 4.04428065e-01
    -2.59205699e-02 1.84182787e+00 1.43468237e+00 -7.01810956e-01
    7.08665729e-01 5.58365762e-01 -3.67356896e-01 -1.69237733e-01
    -8.13723981e-01 -1.75457895e-01 4.97382283e-02 1.90193796e+00
    1.72344220e+00 2.79749155e-01 3.29889655e-01 -7.11142242e-01
    1.65083742e+00 1.73538721e+00 1.47555256e+00 -1.48413956e-01
    2.15160251e-01 7.85487711e-01 -8.30229223e-01 1.17883980e-01
    6.52762890e-01 1.19643044e+00 3.34117651e-01 -8.35168183e-01
    1.47851086e+00 1.53086424e+00 -1.29212737e-01 1.31114602e+00
    -7.59998977e-01 8.71117353e-01 1.77800012e+00 -4.43122804e-01
    -2.68175066e-01 4.54599380e-01 1.15231168e+00 1.50801134e+00
    1.46678734e+00 6.52434826e-01 -6.93161190e-01 -9.89511192e-01
    5.84431350e-01 1.53244424e+00 1.07081556e+00 -3.91429663e-02
    1.09132278e+00 1.88703609e+00 1.28758156e+00 3.87716174e-01
    -1.09344602e-01 1.52101207e+00 1.50057268e+00 5.80581546e-01
    1.51215780e+00 -5.86958051e-01 4.84130502e-01 6.73149824e-02
    -2.96717882e-01 -9.81861353e-02 -9.35663521e-01 -8.57413769e-01
    4.76516545e-01 -7.30412364e-01 -1.13363802e-01 -7.07238793e-01
    9.23984051e-01 -4.07737076e-01 1.04255462e+00 -1.29342258e-01
    3.38125527e-01 1.04269218e+00 -7.38531828e-01 -5.91407895e-01
    3.65124404e-01 1.92429435e+00 1.21382415e-01 -2.69312501e-01
    6.89780235e-01 2.61694193e-01 5.91439724e-01 1.11547351e+00
    -6.82464838e-01 9.26509500e-02 1.86466575e+00 -9.07663822e-01
    -5.02074122e-01 4.02828991e-01 -5.90425611e-01 -7.38247097e-01
    -2.27158248e-01 1.42244768e+00 1.34402370e+00 -6.16340041e-02
    3.05174768e-01 8.67861569e-01 -8.16087484e-01 2.50661731e-01
    -1.51625514e-01 1.89786243e+00 -2.03513384e-01 1.28581309e+00
    1.09287786e+00 1.21652997e+00 7.07567096e-01 8.80440474e-01
    1.74368167e+00 -4.74828899e-01 -3.69748831e-01 -6.38614297e-01
    -5.42659402e-01 9.33402717e-01 1.28770661e+00 1.22421980e+00
    -8.02663565e-02 -7.85240173e-01 8.05954456e-01 -7.08648205e-01
    -3.58063281e-01 1.41004241e+00 3.30826104e-01 8.58889937e-01
    7.73495436e-02 -1.96318805e-01 1.52279282e+00 8.12159121e-01
    -9.24229622e-04 -6.27897859e-01 1.45315015e+00 -8.60190749e-01
    1.37085795e+00 -7.42715359e-01 -6.20107651e-01 5.05863607e-01
    4.95818257e-02 1.73449373e+00 6.90683126e-01 -1.61361754e-01
    -9.49361980e-01 1.34914124e+00 1.01682460e+00 9.58659530e-01
    -2.19049037e-01 8.68884921e-01 4.77351427e-01 1.09425974e+00
    -4.09436285e-01 1.27095377e+00 -8.07697296e-01 7.98165321e-01
    8.61990452e-01 -7.73698807e-01 -9.01139498e-01 1.93879843e-01
    4.12255764e-01 6.85553432e-01 7.72640586e-01 4.54925656e-01
    1.80553198e-02 1.80214286e-01 1.02669072e+00 -3.03024709e-01
    1.91905355e+00 -6.05375648e-01 1.27330565e+00 4.59503591e-01
    2.58074880e-01 2.67724752e-01 1.47439361e-01 2.17916131e-01
    6.88758016e-01 1.28476989e+00 1.10355949e+00 -7.32997060e-01
    -1.03912115e-01 1.22541785e+00 8.59606564e-01 3.17377210e-01
    1.00454068e+00 1.50582075e+00 -6.79934382e-01 5.28370619e-01
    4.11655128e-01 3.67877305e-01 9.78522241e-01 -7.71909058e-01
    -7.61444092e-01 1.42958117e+00 1.80317426e+00 3.10015976e-01
    9.25830603e-02 -4.70379710e-01 -5.45077562e-01 -6.44324064e-01
    1.07739711e+00 -8.74618769e-01 1.15848184e+00 6.54433966e-01
    1.37526560e+00 1.70453715e+00 -2.73269832e-01 7.89266765e-01
    1.33302379e+00 9.06216502e-02 1.45360470e+00 -6.68132544e-01
    1.01646805e+00 4.46982861e-01 6.66459799e-02 6.87862039e-01
    -4.00484979e-01 8.37469459e-01 8.92803192e-01 9.83569503e-01
    1.96193242e+00 1.68351841e+00 6.86333776e-01 1.76106203e+00
    1.56467736e-01 3.92993569e-01 1.46024847e+00 8.49885345e-01
    7.04589546e-01 -5.78475475e-01 -5.36804199e-02 1.57535172e+00
    -4.92461085e-01 7.02681541e-02 5.20241499e-01 8.93031955e-01
    7.74209023e-01 4.54497099e-01 1.80207181e+00 -6.60676599e-01
    1.55449164e+00 -2.19970703e-01 -9.44052577e-01 6.81259155e-01
    5.57156205e-02 8.66271496e-01 6.93585396e-01 -2.11671710e-01
    -3.10378075e-02 1.58088052e+00 1.56780386e+00 3.82806659e-02
    -6.68027282e-01 -6.00466430e-01 1.54457653e+00 8.49159956e-01
    -8.48625600e-01 1.28017116e+00 1.35090673e+00 5.03191233e-01
    1.19944870e+00 1.46244633e+00 1.59551466e+00 1.04008245e+00
    1.01346910e+00 2.55774677e-01 1.02853298e-01 4.05840874e-01
    1.30856109e+00 1.91913533e+00 1.48828924e+00 5.78328252e-01
    -5.76392412e-01 -3.65957558e-01 2.41990626e-01 -6.31571412e-01
    -8.42713654e-01 4.00210142e-01 1.28487897e+00 -1.90329015e-01
    1.95934892e+00 7.89434671e-01 2.97457755e-01 9.12107289e-01
    1.27772069e+00 1.50435400e+00 -5.58715343e-01 1.12142563e+00
    1.84317219e+00 1.68908226e+00 1.58523178e+00 -4.09462571e-01
    6.38705492e-01 6.21423185e-01 1.38150167e+00 -1.03905082e-01
    7.34320521e-01 8.30386519e-01 2.01550841e-01 6.72140598e-01
    1.63383377e+00 9.81456041e-02 3.43906045e-01 1.53133845e+00
    1.19457984e+00 1.26502490e+00 -5.13148308e-01 4.50495124e-01
    1.84034133e+00 3.67248535e-01 -7.37538338e-02 7.15875387e-01
    -2.25352049e-02 -5.38531899e-01 -6.04417086e-01 1.53308928e+00
    1.41824782e+00 3.93160462e-01 1.69682980e-01 1.07121384e+00
    -1.22723997e-01 -3.23502183e-01 1.23059428e+00 1.83890033e+00
    1.63055980e+00 1.40927982e+00 -3.34557056e-01 8.73358250e-01
    9.85890627e-02 4.75337505e-02 -1.70662582e-01 8.34520102e-01
    -4.87713814e-02 -7.56667733e-01 5.54128289e-02 1.30018091e+00
    -4.54394042e-01 3.66885304e-01 7.93463945e-01 1.33789754e+00
    1.55868912e+00 -7.21152246e-01 3.48614335e-01 1.04158640e-01
    1.82174349e+00 1.18982935e+00 6.95940971e-01 -9.81797576e-02
    1.67254162e+00 -6.55531168e-01 -2.82098770e-01 9.56843853e-01
    -7.83743143e-01 2.06605840e+00 1.72430098e+00 -4.23295826e-01
    7.93553233e-01 8.68915439e-01 1.95539856e+00 1.80363238e+00
    1.36410642e+00 -3.86341274e-01 7.13494301e-01 3.14245582e-01
    1.78663540e+00 1.11072159e+00 1.22304106e+00 7.64321506e-01
    9.81182158e-01 6.44664943e-01 -2.00468898e-02 6.09497547e-01
    1.18766499e+00 2.73697495e-01 -6.21971369e-01 1.09270883e+00
    -9.53266203e-01 1.87895226e+00 -9.17828202e-01 1.64799225e+00
    1.63374639e+00 1.13238704e+00 1.28353262e+00 -6.77371502e-01
    8.06908607e-01 -1.49905145e-01 -9.21482801e-01 1.19189572e+00
    1.33948493e+00 -7.75327981e-01 7.68847108e-01 9.23464775e-01
    1.34629965e-01 1.66510296e+00 3.39384079e-02 -5.90091825e-01
    -5.40513337e-01 1.53720462e+00 1.45280910e+00 1.59289634e+00
    1.17486072e+00 1.45158744e+00 1.38473868e-01 1.43214369e+00
    -2.14839578e-01 -1.02399230e-01 -9.42912579e-01 1.64657331e+00
    -1.32995129e-01 1.84318411e+00 -1.89188659e-01 -1.11457229e-01
    2.41054535e-01 -8.53542626e-01 -2.83898354e-01 1.56110036e+00
    9.94251251e-01 4.29480195e-01 -3.59992027e-01 -3.42012167e-01
    -1.09664738e-01 1.68478477e+00 2.51816154e-01 7.19251156e-01
    1.45472550e+00 1.75596285e+00 8.60261321e-02 -6.47539496e-01
    1.86856508e+00 1.10801029e+00 3.03013325e-02 2.09782124e-02
    8.53542924e-01 8.92736912e-02 -1.05910361e-01 8.96193922e-01
    1.39220524e+00 1.77291656e+00 9.00145292e-01 1.87672639e+00
    1.37985873e+00 -6.04409933e-01 -7.60320544e-01 9.20840144e-01
    1.67696834e+00 -4.43312824e-01 1.24345922e+00 5.69428623e-01
    -3.60626578e-01 2.42194653e-01 1.70489252e-01 9.54530656e-01
    6.67429149e-01 1.01075768e-02 -4.74982619e-01 1.08112395e-01
    2.72023797e-01 1.17230272e+00 2.64020860e-01 1.12275696e+00
    7.63258219e-01 -2.56168365e-01 4.01276290e-01 1.69896436e+00
    -2.78847873e-01 -5.85028529e-01 1.98001015e+00 -6.20963693e-01
    2.04214215e-01 2.77731001e-01 4.96792853e-01 -4.24911439e-01
    -3.77608180e-01 -1.57159209e-01 -5.28084040e-01 8.08596015e-02
    -7.26604223e-01 1.50445342e-01 -2.35590935e-02 1.70987225e+00
    3.31445158e-01 1.75198483e+00 9.22614396e-01 5.05056560e-01
    8.46099496e-01 9.02348757e-02 -8.73785496e-01 -7.03530550e-01
    1.09117222e+00 1.08202410e+00 1.80750012e+00 1.60536611e+00
    1.53074932e+00 -9.12916958e-01 9.86683607e-01 1.91456819e+00
    -8.31835687e-01 1.29724216e+00 9.59155560e-01 6.30105495e-01
    -7.71538496e-01 -7.09114909e-01 7.88437366e-01 5.96523106e-01
    -4.55718160e-01 1.47304630e+00 -6.07886970e-01 -5.61124921e-01
    3.70698690e-01 -5.92283487e-01 1.52924395e+00 -1.44938231e-01
    6.50867820e-02 -1.01387978e-01 -6.96030319e-01 5.78926980e-01
    -6.52366281e-01 4.94919658e-01 -2.42883325e-01 1.03073204e+00
    -5.31598806e-01 4.29388881e-02 6.17340744e-01 1.12048733e+00
    -6.74167156e-01 2.00919509e-01 1.81078577e+00 -8.26780617e-01
    -3.48783374e-01 1.12971890e+00 -5.84983230e-02 -9.29536223e-02
    1.63094187e+00 5.18239141e-01 6.97568238e-01 1.72745383e+00
    -3.77928317e-01 -8.14923882e-01 2.07828104e-01 8.98915529e-03
    4.63463604e-01 4.51473117e-01 6.45499885e-01 3.80280554e-01
    -4.31504011e-01 5.96098423e-01 6.67501986e-01 -1.81406140e-01
    -3.85006666e-01 8.16756487e-02 4.49855149e-01 -4.12382424e-01
    1.59120154e+00 7.99195051e-01 -7.78795063e-01 1.90945661e+00
    1.10443878e+00 4.89710569e-02 2.05875635e-01 8.07151318e-01
    -8.83015394e-01 1.30979300e+00 -9.11082268e-01 1.06761169e+00
    -2.59244680e-01 1.59833050e+00 8.10928822e-01 9.34569597e-01
    1.10120749e+00 1.59043503e+00 -9.19880867e-01 9.12834406e-01
    1.83412039e+00 1.81127989e+00 2.88265705e-01 1.45523715e+00
    1.21561408e+00 6.97254300e-01 5.66637635e-01 -6.61492407e-01
    2.04976261e-01 1.81672168e+00 9.25299525e-01 6.46379709e-01
    -5.25101542e-01 1.03568864e+00 1.85874414e+00 1.68305421e+00
    -5.79143405e-01 1.90168726e+00 -4.27220702e-01 9.66478586e-01
    6.04193687e-01 6.93015695e-01 3.30805659e-01 1.21532965e+00
    1.72746718e+00 -3.76808524e-01 2.16187596e-01 1.79647470e+00
    8.36518884e-01 9.90252852e-01 1.63904262e+00 6.03845894e-01
    2.07834423e-01 1.99817824e+00 -3.12173784e-01 -8.13940227e-01
    -5.87244213e-01 1.75722599e+00 3.27098310e-01 8.65377605e-01
    -8.06538820e-01 4.76718903e-01 -4.06846404e-02 1.15346456e+00
    -2.05387175e-01 1.87347329e+00 1.27098048e+00 1.36962366e+00
    7.18142271e-01 5.22160769e-01 -9.11757946e-01 1.32421935e+00
    1.30838549e+00 1.56654716e-01 -8.43228459e-01 -2.62317955e-01
    -4.25709546e-01 1.59545994e+00 7.57404566e-02 -9.61325765e-02
    -3.11570287e-01 6.74497962e-01 2.53666639e-01 2.67959833e-01
    9.34371710e-01 -3.54487538e-01 9.42895293e-01 6.93746805e-01
    7.18531251e-01 1.35482621e+00 5.92507839e-01 1.63337827e+00
    1.20288587e+00 -7.56918788e-01 3.99564922e-01 3.08918595e-01
    -5.26798725e-01 -9.12774861e-01 2.55822361e-01 -6.37054563e-01
    1.18338227e+00 1.64968395e+00 7.67043710e-01 8.23066592e-01
    -3.97686958e-02 -1.05902350e+00 1.18059266e+00 1.03406119e+00
    1.24001729e+00 1.59887230e+00 9.97746706e-01 1.07417107e-02
    4.95347023e-01 1.65102386e+00 6.85827732e-01 -6.88335776e-01
    -3.46616626e-01 1.58648169e+00 1.82612514e+00 -2.73563862e-02
    1.78240871e+00 1.47540462e+00 -2.70336390e-01 1.23082030e+00
    1.68279433e+00 3.23513746e-02 -8.43738675e-01 1.78375912e+00
    9.12608027e-01 7.31567144e-02 2.27740407e-02 1.11269164e+00
    6.97972894e-01 -3.63276124e-01 5.00816643e-01 5.32551885e-01
    7.51931548e-01 -1.36118948e-01 8.82647514e-01 1.49335587e+00
    1.40794408e+00 -9.73762393e-01 1.43447924e+00 1.87205720e+00
    1.44325876e+00 6.28920496e-01 6.09468341e-01 -4.00345027e-01
    -6.57018423e-01 2.90710151e-01 1.86093092e+00 3.36576581e-01
    3.71791244e-01 1.33168936e+00 2.96938896e-01 -6.09002590e-01
    3.41322720e-01 -6.53961718e-01 -6.44431591e-01 -4.35687691e-01
    9.38951969e-01 -6.05948210e-01 1.53958499e-01 1.78119469e+00
    9.44575906e-01 6.06271982e-01 2.79127121e-01 2.48754919e-01
    1.56107926e+00 -5.60504436e-01 -3.32023084e-01 1.38794780e-01
    1.29639268e+00 -2.02994764e-01 -4.41128135e-01 1.81010973e+00
    -8.20564330e-01 1.00928283e+00 1.89622772e+00 9.79218841e-01
    1.68913388e+00 -1.95516527e-01 -2.13981032e-01 2.52691269e-01
    -3.40156674e-01 1.42235851e+00 3.43782663e-01 -5.60052633e-01
    1.34728670e+00 -4.11581993e-01 -6.64300382e-01 1.73445964e+00
    1.20934188e+00 -8.01022530e-01 -4.42432225e-01 -7.70432949e-01
    1.50715351e+00 -6.02852404e-01 7.97118664e-01 -6.82345510e-01
    -5.32547712e-01 -8.81275415e-01 1.97199655e+00 -7.22150683e-01
    8.10236990e-01 3.41778934e-01 -1.25532985e-01 -8.56506824e-03
    1.41477299e+00 1.94044054e-01 1.03795362e+00 9.93370175e-01
    8.50058854e-01 -8.38527441e-01 1.16886735e-01 -4.98621017e-01
    -3.24976921e-01 1.69801891e+00 1.48325300e+00 -8.60212564e-01
    7.31897056e-01 1.92424011e+00 2.50148177e-01 7.83636332e-01
    3.54825556e-01 3.02767038e-01 -3.47647071e-01 1.18258834e+00
    -2.58749485e-01 -2.19952703e-01 -1.07420325e-01 1.60171294e+00
    8.33417058e-01 -2.23057091e-01 1.13941073e+00 3.03944409e-01
    -2.15352476e-01 1.04596376e+00 -2.97234356e-01 1.88394094e+00
    1.14083207e+00 1.17950797e+00 -2.69344568e-01 -6.34165406e-01
    1.42542982e+00 1.36747909e+00 -8.02613258e-01 1.12929189e+00
    -5.17417908e-01 1.46379471e+00 -5.38804829e-01 -8.97959948e-01
    -6.51151538e-01 -3.73465776e-01 4.69093919e-02 -3.78852606e-01
    1.61875904e+00 1.41123283e+00 1.23879945e+00 1.30991936e+00
    1.32594085e+00 -2.41812348e-01 2.29149461e-02 1.57727802e+00
    1.70520496e+00 1.46335363e+00 5.60738862e-01 9.36226845e-01
    6.62486076e-01 9.65042830e-01 1.49753332e+00 2.53092527e-01
    9.27856088e-01 3.99739861e-01 1.64763892e+00 1.54206431e+00
    -8.31683159e-01 1.39142776e+00 1.13775408e+00 1.09797716e-02
    2.64863133e-01 1.29292846e+00 -6.41915441e-01 4.81997848e-01
    1.35626817e+00 1.82470608e+00 -5.67404985e-01 3.15152586e-01
    -3.86776149e-01 8.66817772e-01 1.56211507e+00 -8.41664433e-01
    2.22678483e-01 1.11470675e+00 -8.36086154e-01 -3.74251068e-01
    1.74891043e+00 -2.46931911e-01 9.14274693e-01 -8.66854548e-01
    2.34593034e-01 -1.78161025e-01 4.52313662e-01 -3.02755475e-01
    8.83385062e-01 -5.03732085e-01 -5.57959437e-01 -3.61990511e-01
    -2.18640625e-01 -9.18596983e-01 1.28302622e+00 5.71387112e-01
    1.35302138e+00 -4.37377810e-01 -5.62032402e-01 4.65836763e-01
    2.91539431e-01 -3.32945943e-01 -1.79249227e-01 1.86051464e+00
    6.17752075e-01 -5.79352021e-01 -7.57130027e-01 -1.90523446e-01
    -1.41090870e-01 3.83301139e-01 -7.84502327e-01 5.87277293e-01
    1.37551093e+00 1.87946892e+00 1.22218406e+00 5.35380840e-02
    1.74584138e+00 -2.20483840e-01 1.45455766e+00 6.98413193e-01
    1.62027502e+00 -8.38144660e-01 -9.70681787e-01 1.69720495e+00
    8.40546012e-01 7.88830757e-01 4.67108488e-01 -1.61398649e-02
    1.26585102e+00 -9.72220838e-01 -8.08071434e-01 5.96839905e-01
    3.98523331e-01 1.43638527e+00 9.79052484e-01 -2.26051807e-01
    1.92137313e+00 1.82349157e+00 1.56883931e+00 8.28657866e-01
    2.89140821e-01 2.04335451e-01 8.06928158e-01 -7.31595635e-01
    6.61261678e-01 1.14245236e+00 1.73202431e+00 1.71486545e+00
    7.07335830e-01 1.27865744e+00 -3.25152576e-01 1.64961755e+00
    9.69726324e-01 9.04325008e-01 1.86809301e-01 1.29816926e+00
    8.34245086e-01 5.47523260e-01 1.42797339e+00 1.34031045e+00
    7.45756984e-01 1.37489831e+00 6.33736610e-01 -6.30556524e-01
    6.54057622e-01 1.46034217e+00 -2.82119095e-01 5.53174853e-01
    1.90063596e+00 1.95454359e-02 -6.95407271e-01 1.54251087e+00
    4.31327403e-01 1.05336452e+00 1.93907309e+00 -3.56109798e-01
    5.30979037e-01 1.47335887e+00 1.17727637e+00 1.46108389e+00
    4.98008430e-01 1.70682919e+00 -8.33194137e-01 1.48889089e+00
    -1.16864324e-01 3.63875866e-01 1.78741932e+00 -1.03512108e+00
    -6.95132017e-02 1.17480063e+00 1.25915122e+00 1.08941805e+00
    1.63343072e+00 4.91993070e-01 -4.63324904e-01 -3.02687526e-01
    5.37213206e-01 -7.79926121e-01 3.84734869e-01 2.48993099e-01
    1.45470393e+00 1.49767268e+00 -6.66264534e-01 8.14374685e-02
    1.83298945e-01 1.75972462e+00 -2.31042564e-01 1.45516753e+00
    -4.64381516e-01 -7.19936550e-01 -9.22015965e-01 1.92945504e+00
    1.46894395e+00 1.99780273e+00 -9.43740189e-01 -1.54266775e-01
    1.64563751e+00 3.55078936e-01 5.22333384e-03 4.63983178e-01
    -5.66053808e-01 1.27188456e+00 -5.43239474e-01 -5.82762957e-02
    1.03988504e+00 7.14834929e-01 1.74334300e+00 1.24144971e-01
    1.02732444e+00 -5.60151637e-01 -2.91061401e-03 1.13921273e+00
    1.65908206e+00 1.81759417e-01 1.50851810e+00 -6.62217736e-01
    1.31667793e-01 -5.63962638e-01 1.68905616e+00 3.56362045e-01
    2.02520895e+00 1.89006782e+00 5.04638255e-01 -8.33266377e-02
    -6.39052391e-01 -3.50554585e-01 -3.83275568e-01 1.47179568e+00
    5.50666153e-01 -1.69742942e-01 8.73807490e-01 -2.84704447e-01
    1.00012255e+00 -3.82435501e-01 -6.85738564e-01 1.41881227e+00
    6.23015165e-02 -3.24411988e-01 -3.92450929e-01 7.48666942e-01
    -4.32970732e-01 5.44468105e-01 -1.14192367e-02 3.64813447e-01
    -8.86865258e-02 8.09098899e-01 -6.48185551e-01 -1.55170143e-01
    -6.76872730e-01 1.46988893e+00 1.83976710e+00 4.54510987e-01
    -3.37960720e-01 -5.81962705e-01 -4.45630550e-01 1.21971154e+00
    3.42342317e-01 -8.24281216e-01 3.59860957e-01 -5.24346709e-01
    1.35416150e+00 -1.26608014e-01 1.89225698e+00 1.44482255e+00
    -2.37253249e-01 -6.71177387e-01 1.02857184e+00 1.15570390e+00
    8.50375295e-02 1.48085213e+00 3.87554526e-01 1.36660838e+00
    2.72894263e-01 -4.15649831e-01 1.68184698e+00 -2.21167207e-01
    -1.00226629e+00 1.54491687e+00 -4.76065636e-01 1.51883650e+00
    4.25623536e-01 1.80069578e+00 1.90180588e+00 7.56954134e-01
    -1.66090667e-01 5.43234289e-01 -4.05830741e-01 1.84283209e+00
    -7.57336617e-01 4.65294838e-01 1.85505271e+00 9.62053657e-01
    1.47080326e+00 2.29631186e-01 -6.35569334e-01 -1.27693117e-01
    1.03069913e+00 7.24322557e-01 1.20650172e+00 1.49670780e+00
    1.32535326e+00 9.56252337e-01 7.06755638e-01 1.26006866e+00
    -8.26003909e-01 -7.52796650e-01 -1.09951496e-01 6.96991742e-01
    1.43415856e+00 1.67772102e+00 3.84434819e-01 6.65734828e-01
    1.34298992e+00 -8.52586031e-02 3.71162951e-01 -6.75589979e-01
    8.17219734e-01 7.38328457e-01 -9.52476740e-01 1.50620890e+00
    2.52563953e-01 8.01120043e-01 8.49116683e-01 1.13088000e+00
    7.88356900e-01 4.32059050e-01 2.90537715e-01 1.10113323e+00
    1.03532815e+00 4.74340320e-02 1.72068691e+00 4.50032175e-01
    -1.96782231e-01 1.65796924e+00 1.39066994e+00 2.99159288e-02
    -3.73153150e-01 -7.14061499e-01 -5.67206264e-01 1.01439214e+00
    1.07633686e+00 -9.47330832e-01 1.86308455e+00 1.76570439e+00
    1.23489225e+00 3.15594316e-01 5.04880190e-01 -6.06668830e-01
    1.28518915e+00 1.89633381e+00 1.05639982e+00 4.48693871e-01
    5.29610515e-01 5.83508372e-01 3.56581688e-01 -2.64620304e-01
    1.48530674e+00 1.09503889e+00 1.57283926e+00 -9.04415250e-02
    -4.91092801e-01 4.92008924e-02 1.06406188e+00 9.67342138e-01
    -4.22321558e-01 1.12938643e+00 4.73747253e-02 1.64403486e+00
    7.63083100e-02 -5.04132867e-01 5.30526698e-01 -8.33263397e-01
    -6.40839040e-01 1.40930057e-01 7.47399747e-01 -3.35718572e-01
    1.51019883e+00 1.40238237e+00 2.45545387e-01 1.28312755e+00
    5.56027651e-01 -2.23859787e-01 1.03085577e+00 6.34083629e-01
    1.55433702e+00 -1.04381299e+00 1.54914868e+00 9.88406301e-01
    1.20899725e+00 1.22230709e+00 1.71527386e+00 -9.13008034e-01
    1.53528810e+00 8.58231783e-01 7.97217727e-01 5.41770220e-01
    6.53905153e-01 5.14241815e-01 1.25826776e+00 1.76028001e+00
    7.53718615e-02 1.57044160e+00 9.51322317e-01 3.36905599e-01
    -9.64463234e-01 5.65192103e-01 2.90108025e-01 7.05867350e-01
    4.75613117e-01 2.59090722e-01 -6.55300200e-01 1.45157993e+00
    -7.69598842e-01 -4.76086915e-01 4.81409252e-01 4.78324473e-01
    6.75603151e-02 -9.68802452e-01 -3.19243133e-01 1.60345817e+00
    1.67984259e+00 1.29592311e+00 7.33171582e-01 1.80754268e+00
    2.40734935e-01 7.96375394e-01 1.80692410e+00 1.54923582e+00
    9.95446026e-01 3.63298833e-01 2.59363651e-02 1.35273492e+00
    1.71761370e+00 -7.03975081e-01 4.49043334e-01 1.43888950e+00
    5.48224151e-01 1.07895315e-01 9.76948142e-01 1.35326087e+00
    1.00770617e+00 6.86215281e-01 1.88322711e+00 1.83229232e+00
    -5.28351426e-01 -3.04666936e-01 1.15123057e+00 1.04077435e+00
    4.08018172e-01 1.51690865e+00 -6.82954669e-01 8.41945767e-01
    9.23784256e-01 -4.11274374e-01 -5.69737554e-02 1.78668737e+00
    -2.80914903e-02 1.72779453e+00 -1.01301968e-01 1.25516963e+00
    1.18994117e-02 -6.45960331e-01 -4.59425062e-01 1.23230219e-01
    5.51137507e-01 -5.49864411e-01 -8.71777594e-01 1.01412606e+00
    -8.96936297e-01 -1.65617526e-01 7.09710598e-01 8.79067600e-01
    1.21320033e+00 1.85536540e+00 -4.70146179e-01 1.93432951e+00
    1.72484386e+00 -1.30443752e-01 1.68787754e+00 1.28730440e+00
    -2.75505662e-01 -4.87699628e-01 2.01645517e+00 1.11399305e+00
    1.90804517e+00 1.06147897e+00 1.08584404e+00 7.95109928e-01
    1.86945844e+00 -8.55857253e-01 3.96150589e-01 -7.43763864e-01
    8.32847059e-01 2.03645253e+00 1.09274387e+00 -3.29160392e-01
    -4.96758223e-02 -7.26020098e-01 -6.33815050e-01 -2.70936668e-01
    2.00778651e+00 -5.33481002e-01 -6.79485917e-01 1.79105854e+00
    -5.73965907e-01 -2.00761497e-01 1.63149047e+00 1.04860377e+00
    -4.79412079e-03 1.08079803e+00 1.71593428e-02 1.70473194e+00
    2.35152841e-02 1.41068101e+00 -3.02784145e-01 1.48786569e+00
    -5.12929916e-01 1.34000611e+00 8.93317759e-01 7.74847507e-01
    1.81558728e+00 1.89321756e+00 1.85073268e+00 9.13459778e-01
    -2.63998449e-01 4.68353629e-01 1.32513475e+00 1.29456401e+00
    -3.94795716e-01 3.65246177e-01 7.82060266e-01 5.43401241e-01
    -6.37832522e-01 -3.40544820e-01 -7.93727279e-01 -5.23780584e-02
    -4.43418801e-01 4.69211817e-01 1.12322748e+00 -8.69848192e-01
    -7.40083754e-01 1.58584535e+00 -2.65502512e-01 3.61795843e-01
    -9.30510163e-01 1.46090150e+00 1.48817706e+00 3.86412382e-01
    -4.62708890e-01 -5.50305843e-02 1.00502813e+00 -3.10924113e-01
    1.31808162e-01 1.22296500e+00 8.26271415e-01 1.52999198e+00
    1.51510692e+00 1.43374681e+00 2.32452273e-01 2.28693843e-01
    -2.01947689e-02 7.53447652e-01 6.82424545e-01 3.58602822e-01
    1.63614964e+00 1.40513194e+00 1.60458779e+00 -1.47925913e-01
    7.63219833e-01 1.71701431e-01 5.28315902e-02 1.51064825e+00
    -8.17797542e-01 1.43574858e+00 -2.73129284e-01 1.59693170e+00
    1.25143194e+00 1.14504981e+00 1.42359483e+00 8.34993601e-01
    1.58238888e+00 -1.63790822e-01 1.54735434e+00 -8.13140512e-01
    -2.35199273e-01 8.97776604e-01 -2.19588101e-01 8.05743337e-02
    1.77583957e+00 1.61515009e+00 1.94211864e+00 -6.43798828e-01
    6.40848160e-01 -2.46469975e-02 -4.77290154e-01 3.62707078e-01
    1.57629490e+00 1.61978328e+00 1.03040314e+00 -9.11494195e-01
    1.43646526e+00 -8.28839898e-01 -9.51310515e-01 -6.17211699e-01
    4.55902696e-01 1.47637248e+00 1.62436497e+00 2.93493032e-01
    1.25621808e+00 9.82582569e-03 -7.43927956e-02 9.15042162e-01
    -1.99085891e-01 1.08676732e+00 -8.05324912e-02 2.88592756e-01
    9.24841285e-01 4.37584996e-01 1.80393767e+00 1.25148153e+00
    1.81658781e+00 1.12341022e+00 4.00484800e-02 9.57850575e-01
    1.11263585e+00 1.91850138e+00 8.65743756e-01 1.60922289e+00
    -8.74834776e-01 1.25221324e+00 1.34960794e+00 7.24715829e-01
    1.04133141e+00 1.02851701e+00 -5.43720663e-01 1.42126048e+00
    4.70840454e-01 -8.92082095e-01 1.22766173e+00 5.79486489e-01
    1.09709704e+00 -8.21430147e-01 -3.53007793e-01 8.07097316e-01
    1.31014800e+00 3.31291974e-01 -4.49454963e-01 -9.75478888e-01
    1.72203827e+00 4.63658571e-02 -4.81309474e-01 5.92220426e-01
    3.43826652e-01 2.04684138e-01 -3.40333223e-01 1.50706780e+00
    -3.02228510e-01 2.24530697e-02 -4.34257150e-01 2.26951480e-01
    9.14751887e-01 6.79282308e-01 3.20433259e-01 7.58199513e-01
    -2.22060025e-01 -6.56967640e-01 1.83219540e+00 1.50386918e+00
    1.81886947e+00 4.66187179e-01 1.16556251e+00 4.19152021e-01
    -3.43878508e-01 1.08428848e+00 4.29384828e-01 6.69222236e-01
    9.98881578e-01 8.51864815e-01 1.06281459e+00 -7.25665867e-01
    2.41702557e-01 1.51037741e+00 8.47764373e-01 -6.31475568e-01
    9.36329365e-02 4.79211211e-02 7.39869893e-01 1.75649643e-01
    1.64230108e-01 -8.17460001e-01 6.68366253e-01 6.35793388e-01
    3.67037535e-01 -8.40420902e-01 -4.12906110e-01 9.61264372e-02
    5.73809147e-02 3.06060970e-01 -1.41435206e-01 -6.86230063e-02
    1.87941194e+00 -5.89385152e-01 5.56690931e-01 6.40977323e-01
    1.49114299e+00 1.86456943e+00 -6.15470409e-01 1.51657164e-01
    1.77234650e+00 -3.37176263e-01 3.01204503e-01 6.79309845e-01
    1.31809270e+00 1.80246758e+00 -5.45615196e-01 8.98020148e-01
    -8.48129988e-01 1.93119335e+00 1.37180221e+00 1.90199280e+00
    1.10442197e+00 -5.00728190e-01 2.43582845e-01 4.18640137e-01
    5.39552271e-01 1.35466623e+00 2.77295589e-01 1.84420419e+00
    -7.01482832e-01 -5.20486295e-01 4.99095440e-01 5.19970775e-01
    2.56157100e-01 3.90564859e-01 -3.08090806e-01 -7.77602851e-01
    -2.30150461e-01 1.12781227e+00 6.43651605e-01 1.55314136e+00
    -3.59388053e-01 -2.37222314e-01 6.06718063e-02 -3.81473899e-01
    1.42050290e+00 -8.00805449e-01 5.89392960e-01 -1.77920043e-01
    -7.27725208e-01 1.87259662e+00 4.69136238e-02 1.17423344e+00
    -3.87837976e-01 5.41756868e-01 9.48476136e-01 2.00933528e+00
    -8.03048491e-01 -7.63782978e-01 2.02117443e+00 7.70562530e-01
    -7.97144115e-01 9.94556487e-01 1.14366579e+00 1.39322567e+00
    2.36593068e-01 1.62748516e+00 4.10974264e-01 -9.76956487e-01
    1.56157756e+00 4.47916269e-01 1.85585237e+00 -1.27996206e-02
    1.26667261e-01 9.83238280e-01 -8.12170506e-01 1.91406488e-01
    -1.13713086e-01 -7.66563892e-01 -5.29664397e-01 -4.37718570e-01
    -4.30032551e-01 1.83257532e+00 -3.66278827e-01 1.30092216e+00
    -5.05370498e-01 2.75360107e-01 1.56041718e+00 2.22798109e-01
    1.13576341e+00 3.05301309e-01 -6.21513009e-01 8.97122145e-01
    -8.09653521e-01 9.59836721e-01 -6.46789670e-02 -6.98076844e-01
    1.17687702e-01 1.13280129e+00 -3.85326147e-03 1.48946106e-01
    1.50526333e+00 -2.58601189e-01 2.67479539e-01 9.61989641e-01
    1.19921744e+00 8.80049229e-01 -8.99206638e-01 1.56676769e-01
    7.09202528e-01 1.54791570e+00 1.74977636e+00 -8.58164847e-01
    1.02210438e+00 3.62666607e-01 9.91843939e-01 4.63027716e-01
    -9.83835757e-01 1.48885250e-02 8.87685299e-01 9.10923481e-01
    -7.92879283e-01 7.57527351e-01 7.27203131e-01 1.75630116e+00
    7.81454444e-01 1.68068862e+00 1.32051754e+00 3.80070269e-01
    -2.89270401e-01 3.62145901e-01 -2.09617019e-02 -4.78818715e-01
    1.43643427e+00 -8.14437270e-01 -4.23077404e-01 7.40676999e-01
    1.48841619e-01 7.77053833e-02 8.54533672e-01 1.16970384e+00
    -1.07644856e-01 1.79789162e+00 -6.26942873e-01 1.50253701e+00
    1.42046154e+00 1.10905385e+00 1.26682591e+00 8.51663589e-01
    1.44156218e-01 1.00128794e+00 1.98270476e+00 8.18522215e-01
    5.72409213e-01 -8.61484408e-02 1.48754716e-01 8.53276253e-01
    1.38209951e+00 -1.32511914e-01 1.61107874e+00 3.03679705e-01
    5.66139519e-01 1.38748288e-02 5.44661880e-02 1.16234398e+00
    9.12338495e-01 5.82154632e-01 2.07049847e-02 9.51435566e-01
    4.41772342e-01 1.82076240e+00 1.05283654e+00 1.12098968e+00
    1.66948164e+00 1.55177593e-01 2.81310201e-01 -2.54746675e-02
    1.51367640e+00 7.18029976e-01 -1.57824874e-01 1.53355742e+00
    7.45000720e-01 -3.98216248e-02 1.14468408e+00 1.71387148e+00
    1.64254069e-01 -7.74835289e-01 4.47664917e-01 4.59710598e-01
    5.73047519e-01 1.82602501e+00 1.45846581e+00 7.66103327e-01
    -8.56841922e-01 -4.99839038e-01 1.76587999e+00 5.63092828e-01
    -4.89954114e-01 -7.05256701e-01 8.30913186e-01 3.38276386e-01
    -7.71681786e-01 9.87261891e-01 1.52155030e+00 9.09369588e-01
    2.20902920e-01 1.47130060e+00 1.02272737e+00 1.28871679e+00
    -1.00914001e-01 1.53143740e+00 1.27518296e+00 2.00048327e-01
    7.63722658e-02 1.82295322e-01 1.35520411e+00 1.82281315e+00
    -7.37305164e-01 -1.47131264e-01 9.70156193e-01 9.06350791e-01
    3.21264505e-01 -9.08357620e-01 -5.99088967e-01 -7.27287591e-01
    1.17142022e-01 1.47004962e+00 1.13428605e+00 6.69452369e-01
    -7.73176551e-02 -7.98547506e-01 8.36627841e-01 1.49196982e-01
    -1.98628664e-01 1.66557992e+00 3.14978242e-01 1.18981230e+00
    -5.09960592e-01 -5.83750486e-01 -7.06277609e-01 1.50928426e+00
    -3.49212766e-01 8.12100351e-01 -5.30956745e-01 1.89623773e-01
    8.82367790e-01 4.26860750e-01 1.21894515e+00 9.23878908e-01
    -5.87673545e-01 1.30921459e+00 3.01711917e-01 1.16988993e+00
    8.30195665e-01 2.89519966e-01 1.40183568e-01 9.70718861e-01
    -2.98084319e-01 3.92868161e-01 -5.34268260e-01 -4.45326686e-01
    -6.14582360e-01 -2.29075551e-01 8.85458589e-01 -1.15052342e-01
    1.01920652e+00 4.42912340e-01 -2.08766282e-01 9.44895148e-01
    1.13650250e+00 2.50490248e-01 1.75709867e+00 8.97885799e-01
    -7.90879905e-01 -5.64140201e-01 -6.00843191e-01 8.73518825e-01
    6.46026075e-01 -4.17912513e-01 7.31770456e-01 1.79751682e+00
    -4.08832699e-01 8.47544491e-01 1.11593354e+00 1.90412307e+00
    1.08797884e+00 -5.39506316e-01 -6.82850957e-01 1.69245982e+00
    -4.06497359e-01 1.72841084e+00 -1.37798488e-01 -5.40194154e-01
    1.79437280e+00 -4.76885438e-02 -6.28658772e-01 6.55703008e-01
    9.64752495e-01 -3.02049816e-01 9.53727603e-01 1.23796439e+00
    1.11706758e+00 -1.92298234e-01 7.40878940e-01 4.60766673e-01
    -7.15338469e-01 -2.15904713e-01 4.26628530e-01 1.64094901e+00
    -6.32024765e-01 -4.57217753e-01 8.08482170e-01 1.57997036e+00
    1.23736084e-01 1.21635556e-01 -1.02729261e-01 -7.45383263e-01
    3.21599841e-02 4.46834624e-01 -9.46248531e-01 1.61624587e+00
    -6.16012335e-01 1.67171025e+00 1.08455300e-01 9.89310026e-01
    2.64972210e-01 1.82475281e+00 -2.49587297e-02 1.21625865e+00
    1.74104977e+00 2.49189615e-01 -5.64742088e-02 1.25855017e+00
    -3.06802690e-01 7.20270574e-01 9.39565241e-01 1.05023146e+00
    1.05922699e+00 1.72016740e+00 -6.52012825e-01 3.01342070e-01
    -6.26847267e-01 1.35227418e+00 1.50318754e+00 5.21241963e-01
    1.21689415e+00 1.87450004e+00 1.30716467e+00 1.30705893e+00
    4.61676240e-01 -9.18754339e-02 1.90962327e+00 1.62217104e+00
    3.50150585e-01 6.67791069e-01 -8.05892408e-01 1.63043678e-01
    -3.45090210e-01 2.76181698e-01 -3.85083318e-01 7.52578139e-01
    2.16760159e-01 8.02973509e-02 1.15537107e+00 5.89173317e-01
    -7.65760243e-01 1.18616486e+00 4.82551575e-01 8.02308798e-01
    6.23921514e-01 -8.95091891e-02 7.99779892e-01 8.17087591e-01
    1.88540518e+00 1.47102070e+00 2.03199506e-01 -7.34296679e-01
    -6.95347309e-01 1.38843298e+00 1.02330816e+00 1.41778326e+00
    1.95071077e+00 -2.81079412e-02 1.75347817e+00 1.47749209e+00
    1.35417902e+00 1.77583694e-01 4.40438449e-01 1.43834126e+00
    -7.98458219e-01 1.46522808e+00 -1.29998505e-01 -2.80662060e-01
    5.66457629e-01 1.81663620e+00 -9.93578374e-01 1.61741757e+00
    1.03597081e+00 9.20046747e-01 1.82849264e+00 1.85893083e+00
    -2.49185741e-01 1.10485792e-01 -5.37305355e-01 -7.32559443e-01
    1.05268836e+00 8.99022043e-01 7.18244612e-01 1.31118107e+00
    7.75153697e-01 8.31887245e-01 1.87345934e+00 -8.46527696e-01
    1.89634037e+00 -8.56484592e-01 -2.37802267e-01 -8.43722939e-01
    -1.21568143e-01 1.39712429e+00 6.69104457e-01 1.91470551e+00
    1.77284956e-01 -3.03332031e-01 -9.21413422e-01 1.03615952e+00
    1.61066318e+00 1.31692410e+00 -8.77180099e-02 -1.77728415e-01
    1.83474612e+00 1.00039017e+00 -7.42042303e-01 1.82492983e+00
    2.30680227e-01 1.38933635e+00 1.17679822e+00 -1.01685488e+00
    1.50979042e-01 1.82860434e-01 2.05559254e-01 1.91477346e+00
    1.74084985e+00 5.78370214e-01 4.39206183e-01 1.27391970e+00
    -4.52178597e-01 1.01908469e+00 3.39508057e-02 1.95656705e+00
    1.31327045e+00 6.83196723e-01 -8.26317072e-01 -2.58641303e-01
    1.61209822e+00 1.56799626e+00 -7.02949047e-01 2.36693084e-01
    -1.03196204e-01 1.00501871e+00 3.21569443e-01 4.40090299e-01
    2.86309242e-01 2.22079992e-01 1.24095905e+00 1.61107218e+00
    8.81655216e-01 -2.01495647e-01 5.92859983e-02 -5.01079321e-01
    -2.26577878e-01 5.92998385e-01 1.20436347e+00 1.44864547e+00
    2.23478913e-01 3.47922921e-01 7.79228151e-01 -8.95617485e-01
    1.40503931e+00 9.16649342e-01 4.27744389e-01 -4.17996883e-01
    3.94687235e-01 2.22266018e-01 -2.89331496e-01 -5.21081984e-01
    -7.60667801e-01 -5.43142319e-01 1.24567747e-02 1.01384401e+00
    1.06832886e+00 -8.42511654e-04 -6.66207671e-01 1.68404150e+00
    5.59439898e-01 9.45633888e-01 5.13843179e-01 -3.37521613e-01
    7.67404199e-01 -8.75205636e-01 1.06149602e+00 8.78958166e-01
    1.87228274e+00 1.65571284e+00 6.92040563e-01 1.09652019e+00
    1.22876906e+00 6.76103234e-01 1.16983938e+00 4.34206724e-01
    1.13779426e+00 3.41995776e-01 -1.03393555e-01 -9.32896137e-02
    1.20786834e+00 -4.12487388e-01 1.68836832e+00 6.28654361e-01
    7.70758569e-01 1.70233107e+00 1.46844518e+00 1.28057110e+00
    1.56710958e+00 1.01647449e+00 -8.04746270e-01 -4.58675563e-01
    1.74935389e+00 5.49250603e-01 1.74376178e+00 2.90866852e-01
    -8.54167759e-01 -6.53509259e-01 -5.80661893e-02 2.12494612e-01
    1.72454119e+00 1.57734537e+00 1.36814499e+00 -3.82847726e-01
    -6.38522446e-01 4.09648597e-01 1.36197698e+00 9.20965135e-01
    -7.66229808e-01 -8.99908125e-01 1.98662758e+00 -8.38844836e-01
    2.32222795e-01 -4.16125536e-01 -2.40898848e-01 1.33498597e+00
    2.51704454e-03 1.69681072e-01 1.46703482e+00 -6.88011646e-01
    9.40346599e-01 1.65896702e+00 1.63084269e-02 1.16116810e+00
    6.48027241e-01 1.49899721e+00 1.67443216e-01 6.90748274e-01
    -5.12403309e-01 1.44874346e+00 -3.70741904e-01 1.42997766e+00
    -2.10499763e-01 1.56284404e+00 -4.60543811e-01 2.13276565e-01
    -5.19206464e-01 6.22043908e-01 1.40359592e+00 1.86115634e+00
    1.50383532e+00 1.28531575e+00 9.98229623e-01 6.59911394e-01
    9.95726466e-01 1.60119677e+00 1.53465450e+00 -4.86216009e-01
    1.91052723e+00 -1.76927805e-01 8.29900146e-01 -7.11685419e-01
    -3.78879786e-01 1.01312339e-01 4.96616840e-01 1.32190228e-01
    2.31681585e-01 6.18361771e-01 1.10342455e+00 -2.40616918e-01
    1.08534992e+00 1.68339515e+00 1.39140344e+00 3.30103159e-01
    1.72548294e+00 1.85259318e+00 1.88959491e+00 -4.29645777e-01
    -3.50713313e-01 -2.18060613e-01 1.65133142e+00 -4.20685947e-01
    1.82839727e+00 -8.24179351e-01 3.59935760e-02 5.59750199e-02
    -4.63080853e-01 2.57000268e-01 -7.00719595e-01 -3.44086826e-01
    5.60416222e-01 -4.02135849e-01 6.34280086e-01 1.50286937e+00
    -4.99570251e-01 -6.50041223e-01 8.37457418e-01 1.21763945e-02
    5.76163828e-01 1.44921303e+00 1.90426612e+00 -1.11575782e-01
    3.77041698e-02 -8.63385201e-03 1.88351190e+00 -4.07522142e-01
    -1.35771453e-01 3.79170358e-01 7.31289625e-01 1.60635352e-01
    -1.97328329e-01 1.04382527e+00 1.13376105e+00 -3.67455125e-01
    5.56468248e-01 -8.32148612e-01 -4.65718001e-01 1.96035290e+00
    -6.90972209e-01 1.86400533e+00 -8.33125055e-01 3.97716761e-02
    1.77512014e+00 1.11547768e+00 4.89293933e-01 1.82996249e+00
    1.11387169e+00 6.44458294e-01 1.78924417e+00 3.73972654e-02
    1.63001752e+00 -3.26247036e-01 5.35460114e-01 1.73822832e+00
    -7.69240022e-01 -2.89989054e-01 1.41513920e+00 6.08829618e-01
    1.50286412e+00 -5.07454276e-01 -3.20985913e-01 2.57732332e-01
    -3.99174929e-01 3.74819100e-01 -1.60406351e-01 9.64991748e-01
    1.46451998e+00 9.68174219e-01 1.74576163e-01 4.97996092e-01
    -1.47128105e-01 -7.27724731e-01 5.98389924e-01 1.40199375e+00
    1.48266780e+00 1.73611510e+00 5.82273483e-01 -7.84509182e-01
    -5.63840032e-01 -1.72990978e-01 1.16559792e+00 8.06376338e-01
    -2.11790919e-01 4.58639860e-01 -1.55459285e-01 -1.04544342e+00
    1.81299102e+00 -5.22740245e-01 4.75700855e-01 -7.20786452e-01
    4.52455997e-01 -4.92192060e-01 1.83003914e+00 -8.56583476e-01
    -7.21846044e-01 3.20733905e-01 -1.67016983e-01 -3.20235252e-01
    1.19912410e+00 2.06814766e-01 -3.01764786e-01 1.61605906e+00
    -5.90111017e-01 -1.59099698e-01 5.72363377e-01 -5.50310612e-02
    -7.12671459e-01 1.05368161e+00 1.57727718e+00 1.45955539e+00
    -6.65274978e-01 9.31281209e-01 -3.03603113e-01 1.84683239e+00
    1.02997339e+00 -3.16205621e-01 1.18742812e+00 -1.31690443e-01
    -6.98300600e-02 -6.70431376e-01 1.34930897e+00 -1.66894436e-01
    1.64183462e+00 1.39818847e+00 -9.33642387e-01 1.26552022e+00
    1.74287820e+00 1.75762689e+00 2.08289027e-02 6.27266347e-01
    1.26709414e+00 -1.07669711e-01 -4.52355444e-01 -2.96004653e-01
    -1.48283422e-01 1.88372445e+00 9.86343086e-01 -2.17424512e-01
    9.83799040e-01 1.50797200e+00 2.38850534e-01 -6.07066751e-02
    7.29050100e-01 2.88813472e-01 -6.75021827e-01 1.13281298e+00
    1.72590494e+00 1.45304334e+00 1.86927021e+00 8.69425058e-01
    7.64803648e-01 9.08043265e-01 1.33569098e+00 -8.08029771e-02
    -4.40232158e-01 7.20547438e-02 1.53966582e+00 1.60935700e-01
    1.15808487e+00 1.94410622e-01 8.03891838e-01 1.75758338e+00
    -1.62368417e-02 2.79148221e-01 1.29989266e-01 1.26930118e+00
    -2.37378776e-01 2.80397892e-01 1.15880811e+00 1.21167397e+00
    -5.42434752e-01 1.63181901e+00 -4.87524331e-01 1.35003304e+00
    -2.09437370e-01 -8.16588938e-01 1.86481440e+00 1.00053906e-01
    9.35420394e-01 8.08716416e-02 1.98339856e+00 1.12028694e+00
    1.80531383e-01 -1.96398973e-01 -6.70306563e-01 -3.47083360e-01
    2.34824777e-01 -7.49198377e-01 1.36751151e+00 1.43922412e+00
    -1.60400510e-01 2.00987625e+00 -3.00605655e-01 -1.08614683e-01
    4.09530222e-01 2.08925486e-01 6.66415691e-03 1.46564960e-01
    1.17501676e+00 -7.63643503e-01 -6.49672866e-01 5.87869644e-01
    6.33204043e-01 6.76514626e-01 9.66377020e-01 8.11208010e-01
    -5.46727061e-01 3.86119246e-01 4.46094632e-01 6.57845259e-01
    1.39445484e-01 8.34848702e-01 1.91398025e+00 1.29872203e-01
    5.34944475e-01 1.92767704e+00 1.91493917e+00 5.67039251e-02
    -6.71640813e-01 1.21699810e+00 1.28846478e+00 1.77503395e+00
    -4.82873201e-01 1.84901321e+00 2.46135354e-01 1.75040460e+00
    4.69699502e-01 -8.45726490e-01 -6.53845072e-01 1.09830320e+00
    -7.45713532e-01 -8.24535728e-01 -8.37295055e-01 1.08968627e+00
    5.56672037e-01 1.76082993e+00 1.68960392e+00 3.08884978e-01
    1.51696301e+00 -6.87652588e-01 1.33712387e+00 8.39903414e-01
    1.18511951e+00 -3.80813897e-01 -4.52035904e-01 1.22337580e+00
    5.77344656e-01 3.30913067e-03 1.69760215e+00 9.15432572e-01
    1.88148832e+00 1.43525839e+00 1.89188004e-01 3.21234286e-01
    9.21332836e-01 4.38731492e-01 -2.05952823e-01 1.80853891e+00
    1.54127371e+00 1.88031554e-01 1.66578770e+00 -2.70646036e-01
    1.33404565e+00 -2.13096201e-01 -3.06134939e-01 1.48625946e+00
    5.28756142e-01 1.70282257e+00 1.04789984e+00 1.26835561e+00
    1.55325246e+00 -4.09209132e-01 -6.19132757e-01 -4.51662779e-01
    1.35748029e-01 1.86431789e+00 -1.88964069e-01 -4.87943262e-01
    -1.98884308e-01 9.69798982e-01 3.72807205e-01 5.38678348e-01
    1.89358091e+00 -5.86862385e-01 9.02953207e-01 1.89148474e+00
    5.37395775e-01 -7.12585449e-01 -9.14847255e-01 -7.06045508e-01
    -7.19088972e-01 1.24649310e+00 1.24319911e+00 -8.41478705e-01
    3.94467473e-01 -4.39474583e-01 -1.02747738e-01 -8.52386773e-01
    9.52699006e-01 7.67882049e-01 1.73348665e+00 1.32309377e+00
    -2.15661049e-01 5.25065660e-02 1.86752343e+00 1.58440888e+00
    -6.60445035e-01 -1.96361542e-02 4.74520922e-02 1.30143142e+00
    -7.94910073e-01 -2.27058947e-01 5.72980583e-01 -7.86303163e-01
    3.40429366e-01 7.77578354e-03 7.38701701e-01 -1.61889195e-01
    1.05453980e+00 1.51987624e+00 -9.28292453e-01 -1.31111503e-01
    -4.48426962e-01 1.34647059e+00 1.34969068e+00 9.41890597e-01
    -9.90812302e-01 1.30060315e+00 6.82814777e-01 1.30922663e+00
    3.04026067e-01 -7.59921551e-01 1.80223608e+00 -5.83677411e-01
    -2.41016090e-01 -7.81208217e-01 -3.07789981e-01 -3.77485573e-01
    9.97975111e-01 -7.27320194e-01 2.76287794e-02 2.48284936e-01
    1.05956233e+00 -5.54876328e-02 -2.70545125e-01 1.64176035e+00
    2.38621831e-01 -7.91070342e-01 7.88909256e-01 1.95431471e+00
    7.91229367e-01 -2.65973568e-01 9.74395931e-01 4.50124741e-02
    3.76097918e-01 1.55107486e+00 2.55037487e-01 -3.19432318e-01
    -6.89375937e-01 -2.42585659e-01 -7.41908431e-01 1.85232437e+00
    -7.84627795e-01 -3.16107273e-03 2.01467931e-01 9.18291628e-01
    -5.74428320e-01 2.07857192e-01 5.18187165e-01 -6.31832838e-01
    1.88314378e-01 3.17284703e-01 9.27930593e-01 -4.21217442e-01
    9.45149779e-01 1.31280017e+00 5.48728585e-01 2.85376430e-01
    1.68264914e+00 4.32761908e-01 6.14947677e-01 6.57063007e-01
    1.73100448e+00 -8.85722041e-02 1.15906870e+00 -2.65526354e-01
    -4.66076076e-01 -1.07753515e-01 -4.94165599e-01 1.19735968e+00
    1.23590159e+00 1.49061620e+00 1.16595554e+00 1.10340631e+00
    8.48870873e-01 1.44359398e+00 -4.51489925e-01 9.79380369e-01
    1.91514444e+00 1.11927629e-01 1.85446787e+00 8.11028481e-02
    1.13693154e+00 5.20750344e-01 -7.20546603e-01 1.61383355e+00
    1.07241654e+00 3.82145941e-01 1.36728692e+00 1.57133770e+00
    -6.18792295e-01 5.85827589e-01 3.31968606e-01 -8.12064648e-01
    -1.51115775e-01 1.39605069e+00 6.03346229e-02 4.37144041e-01
    6.66117787e-01 1.10359848e-01 1.55179679e+00 -6.68233871e-01
    1.43449390e+00 -9.35815990e-01 1.07406294e+00 1.91186428e+00
    1.08244467e+00 1.75498009e+00 2.77719617e-01 -9.22195554e-01
    1.57838082e+00 -7.13570118e-01 -3.23075950e-01 -3.12745571e-01
    5.47578037e-01 1.76281571e+00 5.37238538e-01 -6.98289216e-01
    -5.64034998e-01 -1.68126166e-01 -5.88752985e-01 1.88313198e+00
    2.16056049e-01 -8.52681696e-01 -6.96360707e-01 8.39534938e-01
    -4.53170389e-01 2.89859235e-01 8.19018424e-01 1.90012455e+00
    -7.08245754e-01 1.28824353e+00 -2.31627822e-01 1.59007287e+00
    2.85394251e-01 5.58207870e-01 1.29219389e+00 8.03999662e-01
    -1.74492002e-02 -6.35329664e-01 -1.89713120e-01 5.85418403e-01
    1.58021712e+00 1.92002952e+00 -7.91188240e-01 8.44352245e-01
    9.06252146e-01 -9.32191432e-01 1.34276915e+00 1.39966595e+00
    -5.60150146e-01 1.79141951e+00 6.22890115e-01 1.89491069e+00
    -3.63461852e-01 5.86914480e-01 3.04252267e-01 2.44879723e-02
    -7.16086388e-01 1.55693710e+00 1.97064126e+00 3.60009074e-01
    1.82685089e+00 5.98100185e-01 1.12535512e+00 1.45627999e+00
    6.00684583e-01 1.96665406e-01 1.74962234e+00 1.88454521e+00
    -5.36612630e-01 4.07658458e-01 -8.15669596e-01 2.88669050e-01
    -2.96360016e-01 1.40315247e+00 1.44028783e-01 -4.18087780e-01
    5.59564233e-01 -1.34127975e-01 5.21343350e-01 -4.92268205e-01
    -3.72859120e-01 -8.27227950e-01 -4.21540558e-01 1.27696037e-01
    1.26087916e+00 4.96839643e-01 9.94314492e-01 1.33061910e+00
    1.70025468e-01 1.88664973e-01 -3.17993641e-01 2.00559330e+00
    3.94633949e-01 1.52249765e+00 1.25934076e+00 1.66447353e+00
    1.83124244e-01 1.77795482e+00 5.92214167e-01 8.41835022e-01
    1.45620537e+00 1.17271173e+00 3.40221882e-01 -8.83635879e-01
    1.50568938e+00 1.47645700e+00 1.35878098e+00 3.56062770e-01
    -5.86605668e-02 7.73757875e-01 -8.15520406e-01 6.29874229e-01
    7.65950143e-01 1.72882128e+00 -8.41574609e-01 -8.12241852e-01
    1.30765760e+00 1.26573110e+00 1.24496436e+00 1.20097184e+00
    1.16876364e+00 4.77276564e-01 5.62289059e-01 1.26055670e+00
    2.97433257e-01 1.54294300e+00 5.50440371e-01 8.78744960e-01
    5.11167824e-01 -8.94088089e-01 1.29005885e+00 -3.78331840e-01
    -6.44910455e-01 -3.08655679e-01 -1.75002813e-02 -8.98651958e-01
    1.61448193e+00 1.05058670e-01 -5.21464944e-01 1.43820059e+00
    1.13736105e+00 -1.31547630e-01 -7.47712433e-01 9.15333927e-01
    2.30477810e-01 1.93028927e+00 -6.67825222e-01 1.83591783e-01
    1.36772013e+00 -2.76058197e-01 1.03289843e+00 9.27446902e-01
    7.07878590e-01 1.57015276e+00 -7.44910002e-01 -7.38481581e-01
    1.09022379e+00 -9.15860534e-01 -3.47724259e-01 -4.24303234e-01
    2.21729994e-01 -5.00410318e-01 -4.27870691e-01 2.99973309e-01
    9.45463300e-01 1.30531037e+00 1.77776575e-01 -6.58418417e-01
    9.45432186e-02 2.31600702e-01 -5.87524951e-01 -6.91811442e-02
    1.88005662e+00 2.86238074e-01 1.57306373e+00 -3.26804698e-01
    1.48334432e+00 1.39155996e+00 7.10877657e-01 7.72483945e-01
    -8.90153050e-02 -4.31479216e-01 7.13739038e-01 4.17478263e-01
    1.57899737e-01 4.49549794e-01 1.32509732e+00 -4.08106506e-01
    -7.57152915e-01 6.21414781e-02 -6.99972808e-01 1.53871250e+00
    1.25459599e+00 -3.61808956e-01 1.55189466e+00 1.25136614e-01
    2.39888668e-01 1.70668852e+00 3.87958586e-01 1.46606219e+00
    1.29657423e+00 -7.72963524e-01 3.97176802e-01 1.62106466e+00
    6.85343742e-01 1.03922379e+00 1.67388499e+00 -8.22502255e-01
    4.33718383e-01 1.27379942e+00 1.66847289e+00 1.32188332e+00
    -4.66800094e-01 -4.32711244e-02 7.70086288e-01 1.71523714e+00
    -8.18350494e-01 1.60031056e+00 6.34805083e-01 1.35543227e+00
    2.15252697e-01 1.17747569e+00 2.38996744e-03 8.73599768e-01
    9.83182609e-01 7.81709909e-01 3.63725007e-01 4.86734033e-01
    2.63830423e-02 -8.92167032e-01 -2.15849459e-01 -1.98910117e-01
    7.78521180e-01 -7.54835963e-01 5.48899293e-01 -8.90233457e-01
    7.40871429e-01 -2.01181591e-01 1.85360861e+00 1.75884223e+00
    -6.66621745e-01 -7.09344983e-01 -2.57980764e-01 1.79543567e+00
    8.74947608e-01 1.81722438e+00 2.39156187e-01 -6.44315243e-01
    1.93256640e+00 1.15041518e+00 9.97533977e-01 -5.35839856e-01
    -7.98103154e-01 1.19491100e+00 -3.52655649e-02 1.24605417e+00
    5.90514541e-01 3.62907946e-01 1.54226756e+00 2.49576569e-01
    -1.92340732e-01 3.95343184e-01 -7.40608573e-01 4.77668405e-01
    1.70829642e+00 1.31154883e+00 7.66999006e-01 4.06566501e-01
    -9.81779575e-01 8.48991573e-01 5.17966986e-01 2.57731259e-01
    -3.56702745e-01 1.58946490e+00 2.03236938e-02 -8.29256952e-01
    1.21824801e+00 1.28472281e+00 -4.25400466e-01 -6.43497109e-01
    -6.10035062e-02 1.99629903e-01 -4.60241288e-01 7.05902100e-01
    1.44387162e+00 1.48606634e+00 2.38529980e-01 1.65818477e+00
    1.30680656e+00 6.47081375e-01 -8.77139866e-01 4.77535307e-01
    4.04512048e-01 -7.25930691e-01 6.52637482e-01 1.13595712e+00
    1.69420958e-01 -2.50406623e-01 -4.30190563e-03 7.95912743e-03
    1.59647894e+00 2.61703849e-01 1.56035817e+00 -3.36773157e-01
    1.62890911e+00 1.61987770e+00 -3.21554840e-01 -6.37518764e-01
    8.18318188e-01 -2.16741741e-01 1.19606233e+00 7.08345354e-01
    7.03682303e-01 6.15569890e-01 1.50007200e+00 6.18980050e-01
    1.55814862e+00 1.29025936e-01 -4.56181228e-01 -7.91551888e-01
    -6.56686783e-01 -4.62866962e-01 1.81592941e+00 1.83606768e+00
    8.95285606e-02 -7.73461819e-01 1.65382743e+00 -3.10655236e-01
    1.89182854e+00 2.92754173e-02 7.40100145e-01 1.13677382e+00
    -9.48371530e-01 -6.95294976e-01 1.03859115e+00 1.26372266e+00
    1.48719811e+00 -3.91176343e-02 2.46611476e-01 -2.90978670e-01
    -4.42995787e-01 9.35500681e-01 -9.11470115e-01 -2.72796154e-02
    -6.68139696e-01 -8.80932629e-01 4.26044822e-01 4.04341042e-01
    1.55564547e+00 2.28217483e-01 -4.24362898e-01 -1.12298965e-01
    1.61103225e+00 1.55467701e+00 -7.12273717e-02 8.48801136e-02
    3.30803871e-01 3.21849823e-01 2.79286623e-01 1.48158681e+00
    1.55891418e-01 5.29247642e-01 -9.99246359e-01 1.85320616e+00
    -7.97502100e-01 -3.01683903e-01 -6.68291211e-01 -7.58203149e-01
    -7.97150493e-01 3.00909042e-01 1.48608518e+00 -7.20775425e-01
    -2.54068375e-02 -6.69261932e-01 9.33387816e-01 6.95669711e-01
    -9.60690558e-01 -2.01057673e-01 -5.85452795e-01 -4.79164094e-01
    1.83941305e+00 -7.27100968e-02 -8.22775126e-01 1.52874064e+00
    4.27057743e-02 1.38748908e+00 4.91444290e-01 1.11559439e+00
    1.11485279e+00 1.39846873e+00 1.55485678e+00 8.39979291e-01
    -2.70464301e-01 1.49749207e+00 -4.76118445e-01 -4.56261933e-01
    -4.83770311e-01 1.31093729e+00 -3.70689154e-01 -3.85990381e-01
    1.93650210e+00 1.32257056e+00 -5.40561736e-01 1.81144142e+00
    4.17672753e-01 -5.87746739e-01 1.34176314e+00 2.13084817e-02
    5.81044674e-01 1.31063247e+00 -2.75541544e-02 8.07399571e-01
    1.10253692e+00 1.97899723e+00 6.23710752e-01 1.28140664e+00
    -3.76931667e-01 9.95953083e-02 1.75191498e+00 -8.02220106e-01
    1.35755181e+00 7.15033889e-01 1.48123097e+00 1.28463387e+00
    -7.47828484e-01 7.43171632e-01 1.25123262e+00 -2.75963068e-01
    1.53816116e+00 1.73683441e+00 -9.67628777e-01 1.59714437e+00
    1.43717694e+00 -2.68546700e-01 1.86943460e+00 1.56875932e+00
    -3.90064716e-03 1.13496971e+00 -4.21598554e-02 -8.17216635e-01
    1.99664509e+00 1.17704594e+00 -6.44202232e-01 -1.38763964e-01
    -9.01202440e-01 2.07578063e-01 2.56110847e-01 -6.88703775e-01
    6.75559342e-01 -8.25327337e-01 1.49376321e+00 -3.13172698e-01
    -1.77103281e-02 1.61073494e+00 -5.05647182e-01 1.65702367e+00
    -6.86400712e-01 1.66553736e+00 -6.48610234e-01 1.27399993e+00
    6.15199625e-01 -8.78019989e-01 -1.70769095e-01 -4.41352546e-01
    6.34141028e-01 1.50676918e+00 1.67637634e+00 -7.32993603e-01
    9.00540352e-01 1.03406882e+00 -6.13317132e-01 5.20805240e-01
    1.69086397e-01 5.99344969e-02 2.64064014e-01 1.17932105e+00
    8.14112425e-01 1.19820893e+00 -9.62889612e-01 2.05581188e-01
    -3.36351514e-01 -6.08630061e-01 1.65146625e+00 9.26018357e-01
    1.50544989e+00 1.51414764e+00 8.71900320e-02 -1.00545752e+00
    4.06891584e-01 5.87756038e-01 -4.35658336e-01 -4.03451324e-01
    -9.21823204e-01 -5.38835526e-01 6.24731421e-01 2.04909921e-01
    -1.40705168e-01 1.52802956e+00 8.52872133e-02 -6.48015678e-01
    5.51354885e-01 -2.99223721e-01 1.07770562e-01 -4.87048596e-01
    -4.26167518e-01 6.86924100e-01 -3.61407936e-01 -5.76592863e-01
    -2.20794797e-01 -2.06100702e-01 1.61212444e+00 1.54555666e+00
    5.11511445e-01 -5.02237320e-01 1.17159081e+00 1.04243839e+00
    2.70887375e-01 -9.55507219e-01 3.67320180e-01 -4.20985818e-02
    -2.96317041e-01 1.32816851e+00 1.48676193e+00 8.26007724e-02
    6.79542184e-01 3.42440963e-01 6.45413160e-01 8.84812474e-02
    1.04973125e+00 1.24725270e+00 -5.74833632e-01 1.05398774e+00
    1.57408559e+00 6.29565477e-01 -7.49259949e-01 1.13493776e+00
    1.95068145e+00 1.54565799e+00 3.55104864e-01 5.46896458e-03
    -2.38122940e-02 3.22945774e-01 4.79041040e-01 1.14790654e+00
    4.76884186e-01 2.27832794e-01 -3.39387119e-01 1.18184888e+00
    7.25807011e-01 1.86903095e+00 -8.66555035e-01 9.90601063e-01
    1.89332509e+00 2.14109302e-01 1.98155880e-01 1.31115031e+00
    -4.16481972e-01 -9.43460107e-01 1.67924321e+00 2.42975354e-01
    -6.89057112e-02 -4.30524647e-01 1.53024971e+00 1.07527161e+00
    6.06229305e-02 -2.77531266e-01 3.08593512e-01 -6.80348694e-01
    1.80395579e+00 6.25181079e-01 1.08131146e+00 5.50380766e-01
    -6.90575123e-01 5.14489889e-01 -4.82792735e-01 1.49389696e+00
    1.76527357e+00 1.68455338e+00 1.41213393e+00 2.16933429e-01
    -9.25086796e-01 -5.68341851e-01 4.43574309e-01 1.71429384e+00
    4.74858522e-01 1.32557821e+00 -6.41947627e-01 1.13702464e+00
    1.67695880e-02 -6.09541416e-01 5.41903377e-02 1.65193141e-01
    1.31835949e+00 2.35109329e-01 4.67784405e-01 1.27869260e+00
    1.22091627e+00 -2.24097967e-02 -1.00614679e+00 9.85373855e-02
    3.78580630e-01 -2.55011678e-01 1.24348009e+00 4.58673775e-01
    3.58650684e-02 3.73691261e-01 1.62583053e-01 3.12425971e-01
    9.42481160e-02 -6.97029829e-01 7.67993033e-01 1.44289684e+00
    -7.17811584e-01 8.84163141e-01 8.82849932e-01 1.03614366e+00
    9.94280815e-01 1.26764631e+00 -2.90464818e-01 1.79465306e+00
    -5.39960921e-01 9.76677239e-01 1.98991060e+00 2.62685716e-01
    4.46266949e-01 -3.18578839e-01 -9.81554985e-02 -7.10446537e-01
    1.38326025e+00 1.47461343e+00 -1.74045563e-01 -2.41207361e-01
    -2.80545354e-02 3.07819903e-01 7.81327486e-03 1.07355118e-01
    6.77458823e-01 5.24903417e-01 3.65037084e-01 7.80659795e-01
    -7.42249787e-01 -8.67175639e-01 -8.37335825e-01 3.74352634e-01
    5.55053949e-02 -5.66587567e-01 1.79357982e+00 5.19953609e-01
    -3.55721176e-01 -1.01414025e-01 9.08224583e-02 1.87416816e+00
    -1.31447256e-01 -1.48754120e-02 -2.72146642e-01 3.55010509e-01
    -7.25536346e-02 2.80756950e-02 -7.40800738e-01 -5.72945595e-01
    3.75167966e-01 1.60952294e+00 -9.24648404e-01 -8.91744792e-01
    1.76279867e+00 6.64898396e-01 3.21801126e-01 1.81009340e+00
    1.25690651e+00 1.77392244e+00 1.09969568e+00 1.27487969e+00
    1.71034145e+00 7.78412282e-01 7.63250887e-01 1.34930003e+00
    -5.96908510e-01 1.46048069e-02 1.07363248e+00 1.55317736e+00
    1.36670387e+00 1.53700209e+00 1.13307571e+00 -2.92310715e-02
    1.29840660e+00 1.59724689e+00 1.06420326e+00 1.54533648e+00
    1.27223825e+00 1.36051893e+00 -9.60136831e-01 -4.81065542e-01
    -3.49122465e-01 4.56518173e-01 1.64262199e+00 -1.30272925e-01
    1.98269343e+00 5.50194144e-01 8.26628923e-01 5.74846387e-01
    1.95723844e+00 -6.72003090e-01 1.53698146e+00 2.28838861e-01
    1.90700209e+00 -5.81149518e-01 1.53884506e+00 4.84985232e-01
    1.83152974e+00 -6.27453923e-01 1.61951494e+00 3.67897332e-01
    1.92885649e+00 1.47293293e+00 -8.35421860e-01 1.35778594e+00
    3.11384797e-01 -3.98181140e-01 9.89818335e-01 1.31042504e+00
    8.26792896e-01 1.01477897e+00 5.08127630e-01 -2.64910400e-01
    2.69712090e-01 9.59672570e-01 -1.22195005e-01 -2.61172891e-01
    -3.13609481e-01 1.85706508e+00 1.88311410e+00 1.83699775e+00
    1.80530608e+00 1.81125355e+00 -1.03114367e-01 1.67827559e+00
    7.51656294e-02 7.22933412e-01 -8.33111346e-01 1.49115372e+00
    1.55256820e+00 1.32334924e+00 9.25693631e-01 6.47344828e-01
    1.71935070e+00 1.40160370e+00 -3.24337780e-01 1.10703337e+00
    9.63478088e-01 1.30461836e+00 1.39546561e+00 -9.97052073e-01
    1.42090774e+00 1.89317942e+00 1.74599552e+00 7.06818640e-01
    -4.61884558e-01 1.32510448e+00 1.56603634e-01 1.53288901e-01
    3.08252811e-01 1.11913967e+00 3.53093147e-01 -4.40082550e-02
    1.74161696e+00 1.62249660e+00 -2.47421801e-01 1.05131781e+00
    4.24013674e-01 -3.33360732e-01 7.65596747e-01 6.77613497e-01
    1.12238097e+00 5.70581853e-01 1.40098619e+00 2.01506019e-02
    -5.10590315e-01 -4.92175043e-01 8.11772346e-01 1.74643254e+00
    1.55000162e+00 1.80632055e+00 4.69975471e-02 1.75955617e+00
    1.15965033e+00 8.76054943e-01 1.07495439e+00 1.60848522e+00
    -7.08590388e-01 9.14110601e-01 1.05374205e+00 -2.81420052e-01
    1.78494012e+00 -3.35177481e-01 -4.63159502e-01 -4.26064223e-01
    1.82893372e+00 3.47922504e-01 1.43632913e+00 6.12405837e-01
    -6.75173700e-01 5.74798942e-01 1.16641641e-01 1.53862953e+00
    1.45081127e+00 -8.43095541e-01 5.59438169e-01 -8.61630738e-01
    -6.31037831e-01 4.72736180e-01 -1.08302116e-01 1.28624535e+00
    1.01804757e+00 6.87574983e-01 5.08591890e-01 -1.23250127e-01
    -4.23258781e-01 -9.10647452e-01 9.09774899e-01 -6.30165815e-01
    1.43854785e+00 -2.12181687e-01 7.45332897e-01 1.04477739e+00
    6.33507371e-01 5.92733145e-01 -4.69160795e-01 1.64449024e+00
    -1.24583840e-01 1.68532658e+00 1.05238855e-01 -1.59268379e-02
    -7.04002559e-01 -1.93112075e-01 1.12620699e+00 -9.40536857e-01
    4.42118347e-01 7.24865854e-01 2.72830009e-01 -8.45881343e-01
    4.71553206e-01 1.72393489e+00 1.21108818e+00 1.63394666e+00
    1.37623405e+00 -8.87731135e-01 5.22426963e-02 -9.06371593e-01
    1.91833067e+00 -8.33522260e-01 1.17851710e+00 6.97919667e-01
    -4.77393329e-01 1.86722529e+00 1.91818535e+00 8.58332574e-01
    -8.56609941e-01 1.49778152e+00 6.45995438e-01 -6.88555360e-01
    -8.81405711e-01 -6.71945810e-01 2.42046237e-01 -9.09032643e-01
    1.18059564e+00 1.06847000e+00 1.89394248e+00 -1.14281416e-01
    1.65145600e+00 2.39749432e-01 4.36811805e-01 1.24502301e+00
    1.79701817e+00 -6.68004632e-01 5.40054440e-01 3.88297737e-01
    2.89137721e-01 1.71169424e+00 -7.34259427e-01 1.34657443e+00
    -3.29908550e-01 1.02284670e-01 9.41582143e-01 9.85103667e-01
    1.85379517e+00 1.56900644e+00 1.07460976e+00 -8.29145908e-02
    1.12330031e+00 9.39435542e-01 -2.59202123e-01 7.30818868e-01
    1.86039555e+00 2.55876303e-01 1.25875926e+00 1.95386815e+00
    -8.91103268e-01 8.17355692e-01 5.97598553e-02 1.76156592e+00
    4.86633837e-01 1.04941070e-01 7.47135520e-01 1.47257066e+00
    2.14478672e-01 -9.40517068e-01 9.50460196e-01 -6.10835552e-02
    3.65049243e-01 1.88979745e-01 9.62730646e-02 1.84439850e+00
    -8.33622992e-01 -3.57868016e-01 9.98493433e-02 1.73152649e+00
    1.38463926e+00 1.84677899e+00 1.99463606e-01 -9.09251571e-01
    -3.70952904e-01 -1.00832295e+00 -1.07185841e-01 7.06168592e-01
    1.68980038e+00 -5.06224632e-02 3.32489014e-02 4.70686018e-01
    1.16600096e-01 1.19494009e+00 8.78462672e-01 1.75249314e+00
    6.57375038e-01 7.44858027e-01 -1.17450833e-01 1.43486929e+00
    -5.36668301e-01 2.49992669e-01 -6.75325871e-01 1.80516839e+00
    -2.00600743e-01 5.93682587e-01 4.11389232e-01 1.34346914e+00
    6.25986338e-01 -6.49738729e-01 -7.18457937e-01 1.38975143e+00
    6.34404778e-01 6.76064670e-01 1.09634519e+00 -6.03580892e-01
    1.92267632e+00 -6.61579192e-01 -3.65232408e-01 -7.92898595e-01
    1.97152507e+00 1.52474451e+00 1.39400053e+00 3.91949773e-01
    -4.30540591e-01 -3.47102106e-01 1.37314939e+00 2.04196239e+00
    1.55222714e-01 -6.75716579e-01 -5.86318970e-01 -6.59630179e-01
    7.41936922e-01 1.24061918e+00 -7.18338847e-01 1.17814207e+00
    -8.99463296e-02 -8.05156589e-01 -9.06769633e-02 1.93314195e-01
    3.38740349e-01 -3.01852942e-01 1.32478797e+00 -5.80352545e-03
    -6.22598052e-01 -6.13242567e-01 -9.44623411e-01 2.05299973e-01
    -4.81374323e-01 1.42131186e+00 -3.56804848e-01 8.35712552e-01
    -8.94188225e-01 3.61992121e-02 1.90846372e+00 1.64472950e+00
    -3.74936998e-01 1.74937797e+00 1.35367656e+00 1.70533144e+00
    -4.20697153e-01 -6.24724448e-01 1.08786881e+00 2.57682800e-01
    1.01961613e+00 1.09719145e+00 -3.86423111e-01 6.06252313e-01
    1.10057354e-01 1.87574911e+00 -4.40240383e-01 1.56325650e+00
    -7.22784281e-01 -4.24752593e-01 -6.93912506e-02 -2.06236839e-02
    -5.29330015e-01 7.38130808e-01 1.90738320e+00 1.21488285e+00
    -4.57412153e-01 1.15152407e+00 -3.34805846e-01 1.34000182e+00
    5.21122813e-02 -4.24469590e-01 -8.33943546e-01 1.77340400e+00
    1.42274046e+00 1.09937382e+00 4.13356662e-01 -3.33743215e-01
    -8.79876733e-01 1.30976939e+00 -9.56151128e-01 1.40780807e+00
    1.19486594e+00 1.24280381e+00 1.11332464e+00 -5.79112351e-01
    1.91440368e+00 -9.13378358e-01 -5.78592539e-01 1.80150199e+00
    -2.18269706e-01 1.50340867e+00 -1.10382020e-01 -6.12110615e-01
    1.47584462e+00 1.94735241e+00 7.09448159e-01 -5.69821477e-01
    7.69251704e-01 2.32975841e-01 9.14261639e-01 -5.83016753e-01
    -2.21150041e-01 -4.26962227e-01 5.45986533e-01 -3.08901966e-01
    1.88630462e+00 2.01826692e-01 1.51521707e+00 2.27177143e-03
    1.42588067e+00 -3.57810557e-01 1.08477569e+00 2.17038929e-01
    1.10799313e+00 7.89501488e-01 1.72044325e+00 8.75856280e-01
    -7.79451728e-02 8.24262142e-01 1.61826253e+00 2.03930140e-02
    1.12961578e+00 5.46054363e-01 -6.49231017e-01 8.50686193e-01
    8.24425280e-01 -5.60233533e-01 -4.08917934e-01 -8.22571516e-01
    -1.09594107e-01 -1.11594200e-02 5.09939671e-01 -1.03140712e-01
    -7.73107350e-01 -4.77186441e-02 3.51175308e-01 3.41143727e-01
    5.33883810e-01 1.10760927e+00 6.45357609e-01 4.11199927e-02
    -5.78168511e-01 1.38602090e+00 1.64249587e+00 1.32043052e+00
    1.44274104e+00 -4.58328784e-01 -8.56880188e-01 5.83162785e-01
    -3.06493282e-01 1.02502513e+00 6.55133367e-01 1.40463495e+00
    1.47100449e-01 1.14667106e+00 1.39292181e+00 3.60368907e-01
    -6.78936481e-01 5.54730535e-01 1.24772799e+00 1.04158998e-01
    -7.61606157e-01 1.90358579e+00 8.41072559e-01 -6.96937919e-01
    7.67135024e-01 2.50016451e-01 1.87611818e+00 -8.25799942e-01
    9.89073098e-01 7.47876287e-01 -9.64228153e-01 4.10108864e-01
    1.26635551e+00 -2.88909554e-01 1.63385677e+00 1.31430137e+00
    1.88018274e+00 1.70533490e+00 1.59690261e+00 1.64146745e+00
    7.69086123e-01 -7.94761300e-01 1.22321677e+00 3.90718997e-01
    1.54935336e+00 7.06493258e-01 -3.49705577e-01 2.88392901e-01
    -2.28272855e-01 1.81656694e+00 8.63031864e-01 -3.93983006e-01
    5.86176634e-01 1.64296198e+00 1.13183713e+00 1.13974392e+00
    2.34818101e-01 -1.07930064e-01 -6.13564491e-01 -7.30439246e-01
    5.70128202e-01 1.15623927e+00 1.93807173e+00 1.76808691e+00
    5.71443379e-01 1.93517888e+00 -2.77191460e-01 2.47665942e-01
    -9.47250068e-01 2.67961442e-01 1.01171851e+00 8.92036855e-01
    1.65628445e+00 5.02876163e-01 1.48205423e+00 7.28229165e-01
    -1.01970732e-01 1.42162299e+00 1.53369987e+00 -7.20794261e-01
    4.10642862e-01 6.79241657e-01 1.75253797e+00 1.58822966e+00
    1.34508812e+00 1.40955055e+00 -4.08603430e-01 -4.66212153e-01
    -9.10949290e-01 1.62159574e+00 2.66687036e-01 9.89397764e-02
    3.41335714e-01 1.16676533e+00 4.58258092e-01 9.15468931e-02
    1.88752222e+00 2.79464126e-01 6.26347065e-01 -7.89863825e-01
    -7.40610242e-01 1.84276545e+00 1.86525321e+00 1.08254266e+00
    -6.06701612e-01 -4.43416715e-01 -8.45814168e-01 2.09341407e-01
    1.67977810e+00 1.70785928e+00 1.42198741e+00 1.72862613e+00
    5.16793728e-02 1.25393307e+00 -8.02271366e-01 -3.73018384e-01
    1.24908078e+00 7.30715215e-01 1.60383892e+00 6.57218218e-01
    5.82090914e-01 -6.86155319e-01 2.02326775e-02 -3.47440004e-01
    3.28776181e-01 -3.29714358e-01 7.65269637e-01 -4.23576057e-01
    1.48047113e+00 8.00519168e-01 7.97639668e-01 1.89483690e+00
    5.86316705e-01 1.73539639e+00 1.97345352e+00 7.23028064e-01
    -5.27072430e-01 -8.05609047e-01 -6.01322353e-01 -9.32411313e-01
    7.58768976e-01 1.55904341e+00 8.41180742e-01 1.36816263e-01
    1.04888737e-01 1.88602221e+00 1.26518035e+00 -7.40353942e-01
    1.52373827e+00 6.89444840e-01 -6.02341533e-01 9.46113050e-01
    -7.79021204e-01 -8.36401880e-01 1.78140593e+00 1.34982109e-01
    1.60353673e+00 1.62168026e+00 -1.82504594e-01 1.69973886e+00
    -6.70042872e-01 -7.28904843e-01 1.77425838e+00 1.37911868e+00
    1.44436324e+00 1.85113192e+00 1.26185536e+00 -7.47189760e-01
    1.56163228e+00 1.86220527e+00 1.33853960e+00 -5.03605783e-01
    3.97879243e-01 1.85299587e+00 4.84822810e-01 1.23350406e+00
    1.78605258e-01 1.61937571e+00 -2.60425210e-01 4.29941237e-01
    1.63092303e+00 -1.07247174e-01 -7.58260667e-01 1.54948664e+00
    1.68702912e+00 4.14246082e-01 2.09876060e-01 -2.29561269e-01
    -3.48135412e-01 -5.02316594e-01 8.49741101e-01 1.89708614e+00
    3.17469776e-01 1.04711783e+00 8.92514110e-01 -8.62671733e-02
    9.82268631e-01 -3.51087153e-01 -5.89782596e-02 8.72188687e-01
    -3.55696619e-01 1.71515751e+00 1.18255711e+00 1.86982393e-01
    9.45755422e-01 -4.51787621e-01 5.21804631e-01 -3.82534266e-02
    -6.92457199e-01 7.88097501e-01 9.43595111e-01 1.62298942e+00
    -8.08627367e-01 5.11230350e-01 3.93038392e-02 1.80350971e+00
    3.46198082e-02 1.04038763e+00 2.87612855e-01 7.15564668e-01
    -8.20140600e-01 8.70251477e-01 1.07922602e+00 1.84668171e+00
    3.36220145e-01 7.09071398e-01 1.28493285e+00 6.38878226e-01
    8.62110972e-01 1.61441362e+00 3.02786827e-01 3.34911704e-01
    -3.07423532e-01 3.00516009e-01 1.33514380e+00 1.60286117e+00
    1.26894438e+00 6.68143809e-01 8.44004810e-01 7.05216765e-01
    4.87070918e-01 -5.61103344e-01 7.45728433e-01 2.53403127e-01
    3.03534508e-01 1.98332429e-01 -7.39317298e-01 1.31223202e-01
    6.98637366e-01 -4.37113643e-01 1.66659522e+00 -4.35696244e-02
    -6.67834520e-01 1.63530028e+00 2.00333691e+00 -4.36030686e-01
    1.25570893e-01 6.28409386e-02 1.54423714e+00 1.07929397e+00
    2.83494115e-01 1.08394754e+00 1.45679021e+00 1.13412583e+00
    1.12843561e+00 1.84963512e+00 -4.88138795e-02 3.29379916e-01
    1.67683148e+00 -1.33258104e-01 1.55104446e+00 -5.30190885e-01
    9.99713540e-01 3.34441781e-01 5.40237665e-01 1.52080357e-01
    8.23822618e-02 -8.41235518e-02 4.37912524e-01 1.48910856e+00
    1.63963938e+00 -2.79946506e-01 2.41050780e-01 -1.56138539e-01
    1.92344964e+00 -3.50044996e-01 2.91425288e-01 -4.02602315e-01
    5.53478420e-01 3.83701324e-01 -2.34264672e-01 4.20087278e-01
    1.09081483e+00 1.94801784e+00 -8.43027711e-01 1.47593403e+00
    3.80037427e-01 5.05340099e-01 2.85173059e-01 9.35321093e-01
    1.58164489e+00 -1.10790730e-02 1.58710361e+00 5.96374631e-01
    1.08513618e+00 -7.10967243e-01 5.10149717e-01 9.50518966e-01
    -9.16098237e-01 -7.53471732e-01 1.01641130e+00 -8.13299060e-01
    1.19566894e+00 6.98149741e-01 -7.10120857e-01 1.92855048e+00
    -7.29944468e-01 7.36743510e-01 4.78213608e-01 -9.44472849e-01
    1.03604424e+00 9.14841890e-01 -2.51544714e-02 -5.36203027e-01
    -6.15721941e-03 1.90510881e+00 8.14973712e-01 1.80810487e+00
    -3.20127845e-01 1.73352206e+00 7.19843507e-01 1.84344101e+00
    -2.44017839e-02 1.20124817e+00 5.06894588e-02 -9.02116835e-01
    1.01287329e+00 1.92308187e-01 4.79606032e-01 1.33711731e+00
    1.68144476e+00 -9.62601066e-01 1.78271687e+00 -7.90370464e-01
    1.29952979e+00 -6.78905249e-01 -5.80205798e-01 -3.54429603e-01
    -6.95667028e-01 2.05725491e-01 1.80972207e+00 1.59866989e-01
    1.60498381e+00 2.94299901e-01 -6.92549825e-01 1.84663200e+00
    3.07437479e-01 5.94658673e-01 1.46993375e+00 -3.38387847e-01
    2.31672943e-01 4.20268953e-01 2.43191957e-01 -8.30281019e-01
    3.72360468e-01 -3.71426344e-02 1.30319929e+00 -6.84794426e-01
    1.38630784e+00 -1.17729306e-01 1.43627584e+00 -3.36824656e-02
    -4.51441884e-01 5.67383289e-01 -4.29836452e-01 9.76249933e-01
    1.34887147e+00 1.68627858e+00 1.93606818e+00 1.82915616e+00
    1.18069196e+00 -2.13579535e-02 -5.30555248e-02 4.22102749e-01
    8.42943728e-01 -8.55649769e-01 4.45934713e-01 -8.09028208e-01
    1.05230188e+00 -3.77272964e-02 1.24399066e+00 -1.87446177e-01
    1.78189123e+00 1.86439979e+00 1.15820622e+00 -2.88708925e-01
    7.13879764e-01 1.90029788e+00 1.59706712e+00 -4.91693079e-01
    9.15146589e-01 -8.31985414e-01 1.52576733e+00 2.05847383e-01
    -7.16815531e-01 4.55967605e-01 -3.41236591e-04 3.33762884e-01
    6.50486112e-01 1.72777307e+00 1.83063006e+00 -7.27230549e-01
    1.12168765e+00 7.82056570e-01 -2.22746313e-01 5.49253106e-01
    -9.38494623e-01 -2.18159258e-01 1.08629608e+00 4.43576813e-01
    1.83185685e+00 1.10013199e+00 1.40738308e+00 1.07503700e+00
    1.41197944e+00 -6.68186903e-01 -3.28430533e-01 7.85203218e-01
    1.51348114e-02 1.04615211e-01 -7.55283833e-02 1.68226290e+00
    -1.35990977e-02 -6.61573708e-01 -2.06584632e-01 -4.62709486e-01
    -6.91341758e-02 4.24821913e-01 -7.81614661e-01 -6.73051417e-01
    7.31348872e-01 2.13943541e-01 1.55273128e+00 -3.64265025e-01
    1.67501795e+00 -5.36075234e-02 1.76190317e+00 9.56219971e-01
    1.22008109e+00 6.57427311e-02 7.82352388e-01 1.72465110e+00
    7.94345200e-01 5.38552284e-01 -7.59554803e-01 -8.81587863e-01
    2.47458696e-01 1.47663474e+00 -8.48530531e-02 -9.24703956e-01
    -4.28234637e-01 -2.99079359e-01 -7.00450659e-01 6.10628247e-01
    9.59326982e-01 3.51385474e-01 -1.34429157e-01 1.76414835e+00
    1.96347928e+00 1.38065994e-01 1.12392974e+00 3.52816582e-02
    -5.32158375e-01 -7.86593258e-01 1.73910522e+00 7.81656682e-01
    2.05013096e-01 1.43542552e+00 7.52158403e-01 2.66057968e-01
    8.29831600e-01 9.94389892e-01 1.38605738e+00 -2.29836166e-01
    7.38130927e-01 1.25701725e+00 -3.76963854e-01 1.63264561e+00
    -6.27824306e-01 1.61624193e-01 1.78544986e+00 1.71189868e+00
    4.95468855e-01 3.95856142e-01 4.54912901e-01 1.01837134e+00
    1.61322451e+00 -5.36269426e-01 3.53665292e-01 5.27008533e-01
    -5.96427739e-01 -3.50841820e-01 -6.15020096e-01 1.92407346e+00
    5.81488907e-01 8.16378772e-01 -4.88161772e-01 1.58616149e+00
    5.12324929e-01 1.30404949e+00 -6.84597671e-01 1.08998501e+00
    1.57906175e-01 5.78974962e-01 -5.23486376e-01 1.71925545e+00
    1.33541036e+00 -8.84344637e-01 1.02673101e+00 -5.74902892e-01
    1.73107743e+00 1.89945352e+00 1.35356188e-01 1.33189261e+00
    -3.97581518e-01 3.06986868e-01 8.07640612e-01 1.08251548e+00
    1.65946317e+00 1.62136793e+00 1.12183094e-02 3.97629201e-01
    1.31728935e+00 1.65588760e+00 1.53092980e-01 1.03747177e+00
    -1.97224617e-01 -6.25408888e-02 1.23688412e+00 -6.18369162e-01
    1.56334233e+00 1.86120510e+00 1.82709408e+00 -6.90123439e-01
    -4.69033092e-01 1.03677273e+00 -8.39035928e-01 -3.10500741e-01
    -4.25331771e-01 -5.00283837e-01 -2.64385939e-02 -8.08409154e-01
    -6.95533276e-01 6.16247416e-01 1.68306756e+00 -3.63472760e-01
    -9.01252747e-01 1.54531550e+00 1.14098310e+00 8.86933565e-01
    -4.78424072e-01 1.56250417e+00 6.35915399e-02 1.58807504e+00
    -5.30954003e-02 -1.00769460e-01 9.36110437e-01 1.84533179e+00
    -5.40214598e-01 -2.35890508e-01 8.81477237e-01 -9.43597555e-02
    -5.30800104e-01 1.59391165e-01 6.16056919e-02 -8.06617022e-01
    4.15631890e-01 6.02665424e-01 4.02624428e-01 1.13938034e+00
    6.80133104e-01 -5.77347755e-01 -9.38022852e-01 4.03651357e-01
    1.19609082e+00 3.80686164e-01 9.11076427e-01 -2.85127819e-01
    1.40057957e+00 1.62728882e+00 -4.33775067e-01 1.36067283e+00
    1.64467716e+00 3.34499598e-01 1.15592718e+00 7.10908294e-01
    3.24944258e-01 1.14107871e+00 1.26045048e+00 2.48864710e-01
    5.69494784e-01 -8.07300806e-01 1.47398055e+00 -2.47430384e-01
    -1.75069392e-01 -1.76006675e-01 1.52991927e+00 -8.98106277e-01
    -3.74889314e-01 1.58310246e+00 -4.47832406e-01 4.06878054e-01
    1.77944779e-01 1.07861114e+00 9.83210623e-01 -6.72823370e-01
    1.46576285e+00 -9.43598866e-01 1.47935653e+00 -6.04250431e-01
    -6.96875036e-01 -1.21398270e-01 1.72549009e-01 8.83596659e-01
    9.99558687e-01 2.77241230e-01 1.23592210e+00 1.22249508e+00
    -2.89979577e-01 -2.85556495e-01 1.67166638e+00 -9.22808051e-02
    -6.17668629e-01 9.99201655e-01 2.55164623e-01 1.00133872e+00
    4.90070939e-01 1.95531940e+00 -8.66961360e-01 1.50292325e+00
    -7.20680118e-01 8.55926275e-02 5.05964100e-01 -4.47531879e-01
    1.26470196e+00 -1.31869316e-01 1.60230207e+00 -2.47507334e-01
    1.18708301e+00 1.23921239e+00 4.90141153e-01 1.67393899e+00
    1.31488585e+00 1.03411388e+00 1.58204019e-01 -6.12094998e-02
    -6.92942977e-01 9.79444742e-01 1.55086565e+00 6.87940717e-01
    1.06079364e+00 1.56296861e+00 -3.35347474e-01 1.53320909e-01
    -6.23886228e-01 1.58760786e-01 4.79116440e-01 -9.14793074e-01
    -4.60513830e-01 2.67323971e-01 -5.64149559e-01 9.05162573e-01
    -3.44361603e-01 -9.85074759e-01 -9.88537550e-01 -5.44491172e-01
    1.21092796e+00 1.43645334e+00 -8.49946022e-01 -9.68206882e-01
    6.26871943e-01 -6.90935612e-01 6.01037502e-01 9.12762880e-02
    -4.51868773e-01 1.48534489e+00 -3.86664212e-01 4.97140288e-01
    1.22845578e+00 9.96473670e-01 9.84893441e-01 -1.89179718e-01
    1.20805085e-01 1.88977110e+00 1.11778092e+00 1.04624414e+00
    1.93696237e+00 7.50364780e-01 3.33462954e-02 1.63398862e+00
    3.77298594e-02 3.59859228e-01 1.03097105e+00 -7.32937157e-01
    -8.23440850e-01 9.22361910e-01 1.15383720e+00 9.93658483e-01
    -7.02933311e-01 1.58447039e+00 1.50768769e+00 -5.11874557e-02
    4.71694589e-01 1.39072299e+00 7.28603482e-01 1.11270666e+00
    -9.20045912e-01 4.61679935e-01 1.67404175e+00 1.80890536e+00
    1.05336797e+00 1.06092811e-01 1.20962226e+00 1.94100308e+00
    8.80912542e-02 -2.46532261e-01 -8.14753890e-01 1.14153647e+00
    -2.64840066e-01 -7.87367582e-01 1.20395303e+00 3.18677962e-01
    6.11463904e-01 -1.34536743e-01 -5.26053548e-01 4.62355018e-01
    -4.55693007e-02 -3.20094168e-01 7.94949412e-01 -6.53596640e-01
    -3.73553097e-01 1.40573394e+00 6.81933165e-01 9.59352970e-01
    1.35643172e+00 -6.04382277e-01 4.11036253e-01 3.57472897e-03
    8.76222730e-01 1.83962452e+00 1.38602686e+00 1.41965640e+00
    -4.14805591e-01 1.26841855e+00 3.55089486e-01 4.77813184e-01
    -6.00010693e-01 1.98511183e-01 -2.83678055e-01 1.39609468e+00
    3.43931615e-01 -2.60514021e-01 3.91651988e-01 7.90387750e-01
    -1.57518208e-01 1.23091054e+00 -3.88098419e-01 7.51052141e-01
    2.52662480e-01 -3.91577005e-01 4.79796290e-01 1.38382435e-01
    -6.67426705e-01 3.79037857e-02 1.42520535e+00 6.18043065e-01
    -1.47912800e-01 -6.41132951e-01 1.35663390e-01 -3.42314303e-01
    1.73988211e+00 -4.12886620e-01 3.28530252e-01 1.14252651e+00
    -6.77400947e-01 3.19664598e-01 -5.14015555e-02 -5.22228181e-01
    1.05076230e+00 1.33618617e+00 3.87461007e-01 8.79530787e-01
    1.22421825e+00 -2.26527452e-01 -3.33331287e-01 2.96355665e-01
    1.80273902e+00 1.46794868e+00 1.74906135e+00 -1.28775418e-01
    3.99957597e-01 7.61340737e-01 -5.62839150e-01 -5.90489447e-01
    7.63070583e-01 1.35916471e-02 9.11669850e-01 1.88544941e+00
    -5.11860549e-01 -3.70129585e-01 1.76196051e+00 1.55434179e+00
    1.43531561e+00 -1.01455331e+00 -7.50259697e-01 -8.63285780e-01
    1.59060895e+00 6.93866789e-01 1.77048171e+00 1.02567935e+00
    4.46501970e-01 6.17882013e-02 1.86442792e+00 -4.15767431e-01
    1.45947635e-01 2.35612869e-01 -1.78457260e-01 1.82026148e+00
    -8.11716259e-01 1.92770791e+00 6.91245556e-01 -8.16670656e-01
    4.97939110e-01 1.75055242e+00 -5.21963716e-01 1.75070834e+00
    2.87562132e-01 1.51745653e+00 1.43181098e+00 1.50643265e+00
    2.93390512e-01 2.44848847e-01 5.20219922e-01 1.47343445e+00
    7.52213955e-01 1.29029882e+00 8.15483809e-01 5.56439757e-01
    -7.37783074e-01 -1.21399045e-01 1.27398205e+00 -4.62511778e-02
    5.82461953e-01 1.33296537e+00 1.45394993e+00 1.09771073e+00
    1.44641685e+00 1.26844239e+00 -3.05162251e-01 -6.55208409e-01
    1.75439942e+00 -1.32065117e-01 2.99113750e-01 -2.24578619e-01
    7.00266957e-01 6.83677435e-01 -5.66972852e-01 -7.46159017e-01
    1.75802827e+00 8.91404271e-01 7.80600548e-01 1.85068750e+00
    -6.69521689e-01 -6.68751240e-01 -5.22494435e-01 1.89089620e+00
    1.82637203e+00 -5.77415228e-01 -1.35354280e-01 6.15643144e-01
    1.37981009e+00 -3.27863395e-01 -5.42519331e-01 -5.80267191e-01
    3.75319600e-01 3.54566336e-01 7.09365249e-01 -1.54579878e-01
    -3.29075873e-01 -8.08855772e-01 1.59050560e+00 8.17382455e-01
    -7.71777213e-01 1.30265129e+00 -6.92300797e-01 4.95672345e-01
    -7.57463515e-01 5.44549167e-01 -3.53512466e-01 -4.47907388e-01
    -3.43548059e-01 -8.17514658e-02 2.06980824e+00 -1.73455596e-01
    -2.32156157e-01 1.85076725e+00 -8.43048215e-01 1.56041062e+00
    1.91344857e+00 -9.54797328e-01 1.85390246e+00 5.98234415e-01
    -3.86598349e-01 1.78921318e+00 1.42159617e+00 -2.27775812e-01
    3.21121752e-01 1.70395672e-01 7.32625842e-01 -5.91593623e-01
    2.48593926e-01 6.18951023e-01 6.52155280e-01 7.95892835e-01
    6.53050423e-01 5.52591681e-01 2.70108104e-01 -1.04951382e-01
    1.79189742e+00 7.74851680e-01 6.08694315e-01 1.14540052e+00
    7.44308949e-01 1.75958729e+00 1.74529552e+00 -8.78944814e-01
    -2.34851003e-01 1.21441483e-01 1.82466221e+00 -2.62250304e-01
    2.80611575e-01 1.35869253e+00 1.80480611e+00 -1.30146742e-02
    5.58529496e-01 2.54969478e-01 -5.11373520e-01 1.46719623e+00
    4.42770720e-01 3.80890965e-02 3.56377304e-01 1.35570157e+00
    1.03387880e+00 2.92367101e-01 1.95778608e-01 1.35877371e+00
    -1.11474991e-02 -8.60636294e-01 -3.60911131e-01 8.65949750e-01
    3.94271314e-01 1.85080171e+00 -4.84366894e-01 1.09465218e+00
    4.83060837e-01 -7.66318202e-01 1.36969173e+00 4.84733880e-01
    8.76976430e-01 1.37728333e+00 -8.62518609e-01 -9.00532603e-01
    1.00860500e+00 -3.21145058e-02 -8.80969524e-01 -8.71019363e-02
    -6.00361824e-02 -4.18085873e-01 8.85648608e-01 1.87626195e+00
    -8.23042870e-01 -4.99411970e-01 -1.11348271e-01 -1.08811140e-01
    -7.98069179e-01 1.80947280e+00 1.56289816e+00 -3.03921103e-02
    -3.35672557e-01 -4.93974447e-01 1.13047040e+00 1.18479252e+00
    9.44187641e-01 -7.75683939e-01 -5.18026352e-02 1.05791569e-01
    -9.48712409e-01 1.07835186e+00 -2.06002235e-01 -6.68481767e-01
    -4.05872583e-01 1.81625605e-01 8.00901651e-01 -9.67185855e-01
    1.11963916e+00 1.76533556e+00 5.83832860e-01 3.39287043e-01
    -1.75385714e-01 1.73912978e+00 -4.47769791e-01 1.51608396e+00
    -1.00697219e-01 8.38671744e-01 -4.87811953e-01 1.62584913e+00
    -7.76215017e-01 1.21049297e+00 1.60759449e+00 9.84712839e-01
    -7.60151148e-01 1.84974027e+00 2.21766889e-01 -9.41746175e-01
    1.35327196e+00 1.63792288e+00 3.30907106e-02 1.42959881e+00
    4.14392948e-02 1.68519485e+00 1.72755706e+00 5.19514084e-04
    1.01924634e+00 1.81753445e+00 5.50555825e-01 8.84411573e-01
    1.69929600e+00 1.00354791e+00 4.32505012e-02 -5.15385866e-02
    -8.86488318e-01 6.48198724e-01 1.54690003e+00 1.20559251e+00
    1.41527343e+00 1.23264003e+00 -2.90120363e-01 -3.50605726e-01
    3.43626916e-01 4.58505392e-01 -5.78225017e-01 1.40372515e-02
    6.17727518e-01 6.43767118e-01 -3.92777681e-01 1.27541637e+00
    -5.57619214e-01 1.75515723e+00 1.76166248e+00 -9.16878045e-01
    -4.49261963e-01 1.00026631e+00 2.25608289e-01 1.80630422e+00
    7.38441110e-01 -5.97589016e-02 7.38794088e-01 6.33414447e-01
    1.25633764e+00 1.18053484e+00 3.24323237e-01 1.91861153e+00
    -7.04964757e-01 -1.85051203e-01 -2.75704205e-01 2.32023358e-01
    -1.33030057e-01 4.55474854e-02 -6.20815098e-01 1.32112145e+00
    1.80508626e+00 1.80477202e+00 4.36804414e-01 1.58661628e+00
    -2.08545029e-01 7.42587686e-01 8.52100492e-01 1.26982331e+00
    1.65005398e+00 -6.34237468e-01 9.44331884e-01 1.46403742e+00
    -1.49211526e-01 -7.09599972e-01 8.02052617e-02 7.15442657e-01
    9.56452370e-01 2.51153350e-01 9.02528048e-01 3.89518499e-01
    1.73104882e+00 -4.32640314e-02 1.21300685e+00 1.30352008e+00
    -1.02838957e+00 8.78450990e-01 7.88130999e-01 5.56232452e-01
    3.28240633e-01 -6.92827821e-01 1.34674847e+00 1.35339069e+00
    1.42261791e+00 -4.82555032e-02 2.54225731e-02 -1.33992791e-01
    -6.50586903e-01 -4.11208928e-01 1.72937655e+00 1.03725696e+00
    2.33418643e-01 1.78072405e+00 3.90781045e-01 1.89670682e+00
    5.22683144e-01 -2.69064426e-01 4.05535877e-01 1.29997039e+00
    4.90388453e-01 8.14497471e-03 -5.79078436e-01 1.27792716e+00
    1.35123229e+00 1.02928567e+00 1.68170881e+00 -6.89195395e-02
    -9.43539798e-01 1.36648464e+00 1.96759939e-01 6.53245568e-01
    6.60040498e-01 1.83942461e+00 1.40362024e+00 1.75914609e+00
    1.20719004e+00 -5.23732483e-01 3.08984518e-01 1.80139995e+00
    -5.77522516e-01 -9.01223540e-01 1.48740602e+00 1.80747402e+00
    9.95199144e-01 3.53454292e-01 2.82927632e-01 9.37163234e-01
    -5.08240521e-01 -3.67780268e-01 8.59383225e-01 -3.72123837e-01
    2.07744837e-01 1.44949853e+00 -7.81894684e-01 1.93429422e+00
    2.05525994e-01 2.70988345e-02 7.34289646e-01 8.25255632e-01
    -7.18310356e-01 9.00581956e-01 1.09489918e+00 -9.40304518e-01
    5.96616983e-01 7.12025166e-01 2.71628976e-01 6.07966661e-01
    1.29623628e+00 -3.76045823e-01 -2.66608357e-01 4.32831049e-03
    1.29936099e+00 1.13784432e+00 5.83568811e-02 1.86771393e+00
    1.48854792e+00 -3.52749825e-01 9.47977304e-01 3.34446609e-01
    4.48139250e-01 7.53021538e-01 4.22642589e-01 1.88935280e+00
    2.62706637e-01 7.34315634e-01 -4.47669029e-02 1.14121270e+00
    -4.25716639e-01 -2.70376801e-02 5.58327198e-01 9.41610754e-01
    1.76217091e+00 2.34836817e-01 1.48668551e+00 3.15109730e-01
    7.95221150e-01 1.01943970e-01 1.80622745e+00 -6.72749817e-01
    1.72178745e-01 6.54560506e-01 -5.78493118e-01 -3.06638479e-01
    1.39880061e+00 3.51433158e-01 1.31426299e+00 -7.30872393e-01
    -8.95966589e-01 1.51449585e+00 2.34919786e-02 -3.83617163e-01
    5.80215871e-01 -6.86852098e-01 1.92913735e+00 1.29641151e+00
    9.94438648e-01 1.56071711e+00 -3.49945486e-01 1.63193798e+00
    -2.31479645e-01 -8.92293096e-01 1.40729058e+00 1.40792906e+00
    9.53027606e-01 -7.48814821e-01 1.53763604e+00 1.56858993e+00
    -6.52664185e-01 5.42112231e-01 1.93212020e+00 1.71101606e+00
    2.60024548e-01 1.00147629e+00 4.00919139e-01 -3.10834825e-01
    5.97827554e-01 -3.39957476e-02 1.56461465e+00 4.20657396e-01
    9.11664724e-01 5.45036793e-01 1.41031384e+00 5.88484764e-01
    8.27557921e-01 1.64437759e+00 -5.82792282e-01 1.57518911e+00
    1.36912096e+00 1.27748930e+00 -9.31934118e-01 9.22610879e-01
    -1.01409543e+00 5.23674250e-01 6.45962715e-01 -1.07476389e+00
    2.27491379e-01 2.41824150e-01 1.09826994e+00 1.38415611e+00
    -3.03286314e-02 3.01194191e-01 5.35387158e-01 6.66809618e-01
    5.91041923e-01 5.07417917e-02 3.54222059e-02 1.51750565e-01
    -3.76978517e-02 -8.28610420e-01 -8.36598635e-01 1.58583546e+00
    -6.11393273e-01 1.49595201e+00 2.97972083e-01 9.55149651e-01
    4.65389252e-01 -4.12822247e-01 -4.92622137e-01 8.52160454e-01
    5.91418147e-01 -3.72989714e-01 6.55920506e-01 9.01058316e-01
    -9.04974282e-01 -1.24127865e-01 5.26478648e-01 1.93303061e+00
    -9.36334491e-01 1.31930315e+00 5.04871607e-01 -5.77488661e-01
    6.52617812e-01 1.90069342e+00 3.43627691e-01 1.77425170e+00
    1.11173272e+00 -3.09973836e-01 -9.02830839e-01 1.30219400e-01
    -3.88566554e-01 -6.22633100e-01 -5.91873944e-01 -8.48101974e-01
    -1.33952200e-01 8.20716023e-02 -8.97543490e-01 -5.54744840e-01
    -3.72992754e-02 1.24781823e+00 1.02961898e+00 1.17877698e+00
    -3.66893113e-01 1.62341356e-01 1.95039439e+00 -1.52444065e-01
    1.21091723e+00 7.82361865e-01 -3.42836201e-01 -8.49775374e-01
    1.95018995e+00 1.04186368e+00 2.35886574e-01 9.37718213e-01
    -6.78635120e-01 -6.39787316e-02 -7.12982953e-01 1.61973584e+00
    1.66904700e+00 1.42114842e+00 1.57082760e+00 1.49239326e+00
    1.64865494e+00 7.48543382e-01 3.89608264e-01 2.43039727e-01
    -7.66899645e-01 4.46722031e-01 1.34306502e+00 -6.53603315e-01
    5.97667456e-01 -4.99587864e-01 6.72926605e-01 1.36260700e+00
    4.08062816e-01 1.63576090e+00 -4.09984648e-01 -8.86376679e-01
    -9.57251191e-02 1.51022565e+00 -8.37635159e-01 9.95754600e-01
    1.57426095e+00 9.59200382e-01 1.30777216e+00 -8.29809427e-01
    7.88995028e-02 -4.68945503e-02 -1.97585344e-01 2.55626082e-01
    1.84930849e+00 1.92250836e+00 -3.72182012e-01 -5.71762562e-01
    3.01638842e-02 2.04481602e-01 9.68506753e-01 -7.37674952e-01
    4.98353541e-01 1.11541438e+00 1.45159006e-01 -6.70272470e-01
    -2.73981333e-01 -6.72711372e-01 1.25328803e+00 -1.62190199e-02
    9.98023748e-01 -4.99647290e-01 1.16457844e+00 3.77772033e-01
    1.54471898e+00 2.00059319e+00 3.24835777e-01 1.26448298e+00
    1.34460616e+00 1.82107282e+00 1.81962812e+00 1.54194176e+00
    5.90281010e-01 7.90528178e-01 6.50565267e-01 1.05902958e+00
    -2.58725882e-01 1.22081447e+00 -6.83358073e-01 -7.33229458e-01
    2.47204006e-01 1.74211872e+00 1.66230655e+00 1.88880873e+00
    1.62347317e+00 -2.16701806e-01 5.73621392e-01 -7.69167483e-01
    -1.63534880e-02 6.43795848e-01 1.68175983e+00 6.75599337e-01
    -5.61025023e-01 1.10844111e+00 1.92835927e-01 -3.49032700e-01
    1.88650322e+00 -3.03552568e-01 1.45180583e-01 8.02473724e-01
    -3.71787965e-01 1.51821971e+00 1.15844798e+00 1.75151825e+00
    1.41923404e+00 6.83295488e-01 -3.09247971e-02 -2.25450039e-01
    -3.54432166e-01 1.63249338e+00 -2.27874577e-01 6.60505176e-01
    1.50807106e+00 1.86724722e+00 1.88452005e-01 2.89865732e-02
    -1.07543707e-01 9.02778625e-01 -9.11158502e-01 1.54746222e+00
    1.13898277e+00 9.98416007e-01 -9.08925831e-01 1.83224988e+00
    4.72918987e-01 1.43147528e-01 4.72630024e-01 1.67231894e+00
    1.45521617e+00 3.73385966e-01 -7.00776696e-01 3.08158338e-01
    1.53475380e+00 -1.77627087e-01 -8.26032221e-01 1.24797201e+00
    2.88484097e-01 9.25091922e-01 1.58391821e+00 6.53218627e-01
    5.45624614e-01 -8.31291974e-01 7.41150439e-01 1.79370022e+00
    -1.53829277e-01 9.25286710e-01 -1.00069153e+00 1.49288177e+00
    3.86445940e-01 3.88327658e-01 -1.74998581e-01 1.79175854e+00
    -1.79752946e-01 -5.00567615e-01 -3.22362661e-01 9.61009741e-01
    7.04429805e-01 1.37947440e+00 2.26751566e-02 1.37485802e+00
    1.90317476e+00 7.01116562e-01 1.25266778e+00 3.97952199e-01
    -5.81863523e-01 1.11684108e+00 1.02369881e+00 9.11530674e-01
    -6.28063798e-01 1.41634440e+00 -9.09822166e-01 -3.40574682e-01
    1.05151200e+00 7.97516108e-02 1.85525799e+00 7.06714451e-01
    8.20985436e-01 5.28306842e-01 -5.82104683e-01 1.65862286e+00
    9.92212057e-01 1.62790513e+00 1.73418379e+00 5.57929993e-01
    -2.99689889e-01 -8.51298869e-01 -6.96179748e-01 4.76107538e-01
    -5.65885782e-01 1.66887331e+00 8.07723641e-01 -5.82100332e-01
    8.68926406e-01 1.01516581e+00 1.03054655e+00 8.63533735e-01
    7.95264959e-01 1.47605431e+00 -1.39825821e-01 -7.20965803e-01
    9.95763540e-02 -4.70720112e-01 -2.06109464e-01 1.69884920e+00
    -3.83515418e-01 1.32024348e+00 1.18922091e+00 6.72315717e-01
    7.96826720e-01 1.16465628e+00 1.61096525e+00 1.66716623e+00
    -5.70984900e-01 6.27924562e-01 1.75840855e+00 9.34990406e-01
    9.51761186e-01 5.02289534e-02 -8.63953173e-01 -7.06531167e-01
    1.45637774e+00 5.03665209e-01 4.07105327e-01 1.03923285e+00
    1.13463557e+00 4.52961564e-01 -1.06681883e-01 -4.51040030e-01
    3.39746475e-04 -5.12711883e-01 1.55385840e+00 9.26323652e-01
    -5.53572059e-01 1.63998199e+00 1.73141491e+00 -4.21483040e-01
    6.14488006e-01 -9.35762525e-01 2.93334901e-01 1.28179789e-01
    2.70320773e-01 8.90441179e-01 1.29185128e+00 9.50883806e-01
    1.49950886e+00 1.07157481e+00 1.43229246e+00 7.33085155e-01
    1.50417292e+00 8.88687551e-01 1.79378176e+00 -8.65425944e-01
    1.10303962e+00 1.93914998e+00 9.26651597e-01 -8.92617106e-01
    -6.08027875e-01 1.19869137e+00 5.14869452e-01 6.79135382e-01
    5.70789814e-01 1.71383989e+00 1.17022491e+00 5.30511737e-01
    1.83515191e+00 8.95767808e-01 9.79597569e-02 1.16147935e+00
    1.62925100e+00 1.49592924e+00 6.64526224e-02 1.13246965e+00
    -9.89414632e-01 9.75842595e-01 1.89149404e+00 1.68737698e+00
    1.35909939e+00 7.06412435e-01 -5.05135179e-01 1.63540626e+00
    1.91531920e+00 8.80075157e-01 1.35896397e+00 1.76955366e+00
    -2.12523162e-01 -9.27474558e-01 2.13466644e-01 1.78925085e+00
    1.20275760e+00 1.26160145e+00 1.43617892e+00 9.87516999e-01
    1.08061004e+00 7.07562327e-01 1.70024133e+00 -2.33790040e-01
    -1.93051398e-01 9.17371750e-01 8.45948219e-01 1.65826678e+00
    1.12047017e+00 8.47442389e-01 1.55736947e+00 -4.03630674e-01
    1.33525372e+00 1.47390723e+00 8.87397468e-01 5.66358626e-01
    1.11446857e+00 -2.50376523e-01 -7.98719704e-01 1.80784523e-01
    1.53578281e-01 3.80156040e-02 1.71784282e-01 4.43425298e-01
    9.62849498e-01 4.24391627e-02 7.17956960e-01 -8.71672034e-02
    -8.15438390e-01 1.13173127e+00 -2.40960896e-01 5.54099679e-01
    1.76561952e+00 -6.96970105e-01 4.85317707e-02 -9.73097086e-01
    1.33505452e+00 -6.61257267e-01 1.58034182e+00 -7.08142519e-02
    1.44829404e+00 -5.73736131e-01 5.19476533e-01 1.73489392e+00
    9.70234871e-01 5.60003221e-01 1.95354199e+00 -8.77942562e-01
    1.19906878e+00 8.59562874e-01 -3.84193450e-01 4.77507472e-01
    -5.98398268e-01 -2.10660040e-01 1.63628149e+00 1.41010916e+00
    3.91382992e-01 -8.33797276e-01 2.14360297e-01 5.87319672e-01
    2.89638519e-01 -5.35418034e-01 1.60936546e+00 -7.77240753e-01
    1.34072733e+00 -4.81405258e-02 -7.12669671e-01 1.47598410e+00
    -7.63947964e-02 3.46282959e-01 1.73141241e+00 1.31328464e+00
    1.63022578e+00 1.42630160e-01 9.72072363e-01 1.69724572e+00
    1.13609934e+00 1.13544238e+00 1.70835209e+00 1.11464465e+00
    9.07936096e-01 3.22785378e-02 1.08455420e+00 5.57209373e-01
    1.75606298e+00 3.18826318e-01 -1.96888626e-01 -6.84317887e-01
    -5.04816771e-01 5.88838637e-01 -4.37947959e-01 8.43883753e-02
    1.72349155e+00 7.55477071e-01 -7.19475925e-01 1.91865444e+00
    7.99311876e-01 3.42450142e-01 5.90069771e-01 -5.99573016e-01
    1.35847425e+00 -2.92210519e-01 -2.36708820e-01 1.82527709e+00
    -1.44245327e-01 -1.76259339e-01 8.65316153e-01 -3.93412054e-01
    -3.87885273e-01 -8.73254538e-02 1.77024817e+00 -2.37304509e-01
    1.43415904e+00 3.51390719e-01 6.60202503e-01 -8.54768455e-01
    6.14545405e-01 1.26489782e+00 1.49016404e+00 -4.17880535e-01
    -4.19400036e-01 -4.93367761e-01 -8.93690705e-01 9.52708960e-01
    1.58338368e+00 4.00382638e-01 6.30769253e-01 5.98487854e-02
    1.51665294e+00 1.68624401e+00 7.47863948e-01 -5.83406270e-01
    3.25531542e-01 -6.15460277e-01 -2.32454538e-02 -7.60697663e-01
    3.59765589e-01 6.57484114e-01 1.75597620e+00 -6.77508593e-01
    -2.26110578e-01 3.96162748e-01 1.27071965e+00 1.71284819e+00
    1.22303998e+00 1.32701290e+00 5.68217397e-01 3.90814781e-01
    1.52345979e+00 1.45324624e+00 1.40505469e+00 -9.01293814e-01
    7.21943736e-01 1.21077645e+00 -9.43344712e-01 -9.37597752e-01
    1.61930346e+00 1.19421160e+00 5.47583818e-01 1.16614711e+00
    1.84047294e+00 -8.83231759e-01 1.14216065e+00 5.21469653e-01
    1.91380143e+00 -2.17102408e-01 7.25644827e-01 -3.20964634e-01
    3.46268952e-01 1.02142394e-01 1.33236265e+00 1.39888644e+00
    1.66933572e+00 1.04661298e+00 -6.60028458e-02 1.43383145e+00
    -3.98254216e-01 -5.69649696e-01 1.52483463e+00 6.92433715e-01
    2.29715168e-01 1.55200875e+00 7.85927176e-01 4.22487080e-01
    -4.90769804e-01 1.48300946e+00 1.17530775e+00 6.92311168e-01
    1.53310823e+00 4.74946618e-01 -9.62304294e-01 2.97226727e-01
    1.00363255e+00 -3.96404564e-01 6.70870900e-01 9.47546005e-01
    1.35374558e+00 3.91865253e-01 -7.43855834e-02 1.23959255e+00
    8.50143790e-01 -6.13976955e-01 -8.90800834e-01 1.68312728e+00
    1.56598449e+00 -1.09290838e-01 -1.78615451e-01 1.01044965e+00
    -8.23499441e-01 1.39126348e+00 1.61176717e+00 8.78714442e-01
    1.56194353e+00 -7.48582780e-01 3.31419587e-01 -9.24252212e-01
    -9.56378937e-01 6.79893255e-01 1.87282825e+00 7.72677064e-02
    1.18017530e+00 -1.17733181e-01 -1.95601523e-01 -4.08969074e-01
    -3.45838666e-02 -3.69791985e-02 -6.72509730e-01 4.82452035e-01
    1.73436022e+00 -6.96439385e-01 9.11596417e-01 1.57132018e+00
    -5.39332986e-01 4.85786200e-02 -6.99099779e-01 1.71395099e+00
    3.59753251e-01 -9.12148952e-01 -2.85858512e-02 -1.70623422e-01
    1.38515592e-01 -7.50131726e-01 1.53631485e+00 3.57007980e-03
    -8.72126460e-01 9.44579363e-01 -4.46794868e-01 3.59229445e-01
    1.07493281e-01 -9.52237427e-01 -8.12969983e-01 8.46764207e-01
    5.07427335e-01 2.66232133e-01 8.97492170e-01 7.13164806e-02
    7.20150471e-01 1.58078206e+00 1.23626792e+00 7.90361643e-01
    1.86860311e+00 1.35171938e+00 -8.58295500e-01 -9.65868890e-01
    -8.17578793e-01 1.08846021e+00 6.67315602e-01 6.12516999e-01
    1.57170355e+00 -7.14345098e-01 -6.02582455e-01 -3.48381758e-01
    1.27038288e+00 -3.49843025e-01 -6.38370335e-01 5.84475279e-01
    1.63655782e+00 1.98114634e+00 6.76171780e-01 -6.56985402e-01
    -1.40340090e-01 -7.12816954e-01 1.47788835e+00 -3.57873440e-02
    1.53441691e+00 -8.57559443e-01 -7.63751864e-02 4.91351247e-01
    5.48154950e-01 1.02671218e+00 3.97673488e-01 9.34917450e-01
    4.49720383e-01 1.63902557e+00 1.35772431e+00 -2.94666648e-01
    -1.01245463e+00 -3.46236587e-01 2.97885776e-01 7.95859277e-01
    -4.55544710e-01 1.02777123e+00 -7.13973522e-01 8.07301819e-01
    -4.40430880e-01 -6.09193206e-01 -6.75230742e-01 1.02009797e+00
    -7.40274370e-01 1.97768033e-01 -6.29071772e-01 9.70194697e-01
    -3.85060847e-01 1.83075142e+00 1.52497303e+00 -2.38395810e-01
    5.94850004e-01 1.54212809e+00 -7.02802777e-01 1.38983011e-01
    -6.12632394e-01 1.08013809e+00 7.22732663e-01 1.89568841e+00
    6.07776463e-01 4.17668641e-01 -5.74137568e-01 1.34734201e+00
    -2.80417204e-01 3.12649727e-01 -1.35820091e-01 -8.62839162e-01
    -8.66799951e-01 2.83497214e-01 1.33688819e+00 1.37603569e+00
    1.68061018e-01 -1.34738564e-01 1.18139315e+00 -7.02625275e-01
    7.86045134e-01 4.14505601e-02 1.26263380e+00 -4.63617772e-01
    1.79674566e-01 6.22720301e-01 6.51121736e-02 -7.20494628e-01
    8.49946082e-01 1.80722475e+00 -3.39404404e-01 1.02434993e+00
    2.04391360e-01 5.62697530e-01 -8.85568738e-01 4.17945623e-01
    -1.13848984e-01 1.30101800e+00 1.76412010e+00 9.10352051e-01
    -3.10643911e-01 4.03605103e-02 -8.33421230e-01 1.89985204e+00
    9.58254576e-01 8.90588284e-01 6.85899496e-01 9.81274128e-01
    1.19649959e+00 2.40379751e-01 5.61534286e-01 -9.04533684e-01
    -5.92578769e-01 4.41230714e-01 7.57572591e-01 1.38691759e+00
    6.53481305e-01 1.54259706e+00 1.73330212e+00 -1.05255187e-01
    -3.11326027e-01 2.13938951e-01 3.29016209e-01 1.83484399e+00
    5.15740275e-01 4.22031879e-01 -3.21030319e-01 1.43899310e+00
    -6.31927848e-01 8.49737465e-01 1.88428581e+00 7.39502907e-01
    3.07129383e-01 -5.36518633e-01 1.81259429e+00 3.37872982e-01
    6.91183567e-01 1.55970967e+00 1.44011271e+00 4.00742054e-01
    9.99323249e-01 7.67911792e-01 6.55074716e-01 1.10006738e+00
    1.40706170e+00 -1.31384134e-02 1.61621571e-02 6.62746072e-01
    -4.19843256e-01 1.06728494e+00 -8.52594495e-01 1.62407148e+00
    1.76254392e+00 1.84416616e+00 1.56595111e+00 7.82649040e-01
    7.74429798e-01 1.69241929e+00 1.44371009e+00 1.40648866e+00
    8.00752103e-01 1.01967800e+00 -8.74846816e-01 1.23640442e+00
    7.09803820e-01 1.21561861e+00 -7.62362242e-01 1.92905569e+00
    -3.50232124e-02 1.53829789e+00 -1.57569051e-02 9.05210972e-02
    5.31501889e-01 -8.43168080e-01 1.72742188e-01 1.66586614e+00
    1.41814947e+00 9.89435792e-01 2.81722784e-01 -7.08225965e-01
    8.21020722e-01 1.20159483e+00 -9.68782783e-01 8.16507578e-01
    1.11287117e+00 6.55465603e-01 5.26813626e-01 1.15430033e+00
    -9.74594355e-02 7.68005490e-01 -6.54403687e-01 -7.12614417e-01
    1.15614533e+00 3.25142384e-01 4.91455913e-01 1.41911387e+00
    6.59916043e-01 1.57577538e+00 -9.60024357e-01 2.10243583e-01
    5.12039304e-01 -8.82399559e-01 1.95102835e+00 1.63644218e+00
    -3.98117304e-03 -8.24594498e-03 -3.62010956e-01 -1.12307549e-01
    1.27946913e-01 -5.20194292e-01 1.33132279e+00 -4.60141897e-03
    1.90656519e+00 -6.82303429e-01 1.06294096e-01 -6.64172769e-02
    2.82942653e-02 1.98842955e+00 -7.70638406e-01 -1.02041125e-01
    1.50543785e+00 1.57719398e+00 6.73216462e-01 -7.74969399e-01
    1.73381579e+00 8.95213842e-01 1.11498284e+00 1.27500629e+00
    9.73302484e-01 3.37825656e-01 3.38421941e-01 -8.50632191e-01
    -3.43391955e-01 1.26758647e+00 2.62314677e-02 1.42432618e+00
    3.92953157e-02 6.20861113e-01 -9.22655225e-01 2.70977914e-01
    -7.30350554e-01 1.26395130e+00 1.12496579e+00 1.88201523e+00
    1.40937591e+00 9.02677417e-01 -8.72050941e-01 -9.66194510e-01
    -1.35698438e-01 -6.52204394e-01 1.12533522e+00 1.76992762e+00
    2.97149420e-01 1.35453701e-01 9.41193104e-01 -3.20604742e-01
    4.09664392e-01 -3.08500946e-01 7.62990713e-02 -3.98060679e-01
    1.41525865e-01 1.34491014e+00 1.07292676e+00 -5.55827916e-01
    1.74140358e+00 1.59269404e+00 -7.18221068e-02 6.78288281e-01
    9.28226590e-01 7.70790875e-01 1.56367612e+00 -4.28987175e-01
    -6.60740018e-01 6.77032351e-01 7.66200781e-01 1.91804028e+00
    -2.66135573e-01 -4.19198781e-01 -4.83632654e-01 1.52285135e+00
    3.35671365e-01 -4.55284238e-01 -5.94411731e-01 1.63022518e-01
    -4.65512276e-02 -7.97820687e-02 1.30446720e+00 7.34185815e-01
    4.66847658e-01 5.00349879e-01 1.72088706e+00 1.42256260e+00
    -9.18535292e-01 2.49235272e-01 1.57525301e-01 9.46152806e-02
    1.67047036e+00 1.61811900e+00 1.37578368e+00 2.93867707e-01
    -7.12005377e-01 1.16067219e+00 1.83285117e-01 -3.34860921e-01
    -5.77688575e-01 4.33379292e-01 -2.11163521e-01 1.39393282e+00
    6.56094730e-01 -5.98373175e-01 1.22022700e+00 -4.54661936e-01
    5.72983742e-01 3.94047141e-01 6.63982749e-01 1.64858437e+00
    5.39363742e-01 1.11765862e+00 7.55692303e-01 1.08121264e+00
    6.32727027e-01 2.53676355e-01 7.18227267e-01 -6.88312531e-01
    -1.27798080e-01 3.27839255e-01 -7.12549627e-01 8.74378204e-01
    7.53377080e-01 5.51729918e-01 1.74270177e+00 -6.04767442e-01
    -7.67233372e-02 4.85038877e-01 -4.43263829e-01 -8.26469600e-01
    -2.19804823e-01 5.04118741e-01 1.72265649e-01 1.44934154e+00
    -8.65544379e-01 1.05393767e-01 1.61045218e+00 -7.53927112e-01
    7.80434489e-01 -3.76613140e-01 3.57637882e-01 -8.73068750e-01
    4.58657384e-01 1.56410480e+00 1.37453580e+00 1.72380924e+00
    7.40857244e-01 1.21221733e+00 4.61904287e-01 1.24106050e-01
    -4.41094756e-01 9.95958447e-01 2.98440516e-01 2.00675797e+00
    9.99082923e-01 8.35697770e-01 1.39665818e+00 1.15432918e+00
    1.77621913e+00 8.07753444e-01 7.21867859e-01 1.73013806e+00
    6.72105670e-01 5.78447580e-02 -8.27095330e-01 -9.52410102e-02
    -5.64278901e-01 6.11438751e-01 9.69501376e-01 6.12564087e-02
    7.74191856e-01 8.19905519e-01 -7.73552656e-02 1.30680442e+00
    1.57103372e+00 1.72681260e+00 -3.90850544e-01 7.19017982e-02
    -6.94963098e-01 -9.49336827e-01 -3.76762688e-01 5.21737754e-01
    1.79683673e+00 3.81920934e-02 1.83335757e+00 -4.30913568e-01
    2.32727408e-01 -4.06401038e-01 -3.43931675e-01 -2.92851448e-01
    9.44214106e-01 6.23766303e-01 4.21229362e-01 4.13657427e-02
    1.63486326e+00 1.13068461e+00 1.15973413e+00 4.70149755e-01
    1.76213169e+00 1.27951920e+00 1.54634726e+00 -1.87380612e-01
    2.89185762e-01 -2.47199476e-01 1.79368591e+00 4.00104403e-01
    -4.01563883e-01 -2.28152275e-01 1.95380330e-01 8.23370337e-01
    1.51529789e+00 5.66126287e-01 1.34378386e+00 1.58298254e+00
    -3.85780632e-01 -3.11351955e-01 -6.11851275e-01 3.09320569e-01
    3.50654304e-01 5.94176292e-01 5.07111609e-01 1.03312695e+00
    -7.45499313e-01 7.16245949e-01 1.61144197e+00 -4.70334649e-01
    -2.57829309e-01 1.22575855e+00 1.43461621e+00 6.95482492e-01
    -8.21369767e-01 1.24004340e+00 -2.71936357e-01 1.34061658e+00
    -1.15629256e-01 -8.66956711e-02 1.80205226e+00 1.01111925e+00
    1.60551226e+00 1.61132276e+00 -1.31767452e-01 -5.34596145e-01
    -3.00427854e-01 6.00686073e-02 5.20850062e-01 8.46167803e-02
    2.41910934e-01 -9.23730731e-02 -3.81772339e-01 1.63381469e+00
    1.84371471e+00 1.77322459e+00 1.88226485e+00 -2.00245976e-02
    6.41570747e-01 -5.27375460e-01 7.47001529e-01 2.74987102e-01
    1.17425036e+00 1.37994170e+00 3.04902792e-01 1.40136838e+00
    -4.60392833e-01 8.50675046e-01 7.96580672e-01 1.27072740e+00
    -5.31321764e-01 8.80950689e-01 4.97266054e-01 1.45600128e+00
    1.41520798e-01 -7.17100739e-01 2.07423866e-01 -9.25779879e-01
    1.17767668e+00 1.56919062e+00 -7.79279470e-01 5.94057798e-01
    1.68526292e+00 3.18251491e-01 8.93617988e-01 1.51907015e+00
    1.88994431e+00 1.09742212e+00 1.55241179e+00 -1.06778383e-01
    1.32904339e+00 -8.46254349e-01 1.72602189e+00 -1.45833433e-01
    9.79591131e-01 1.28898871e+00 9.22637582e-01 -2.41377354e-02
    -2.93027282e-01 1.07990146e-01 4.57472801e-01 1.51102376e+00
    1.62813902e+00 7.52333760e-01 5.66079259e-01 -5.49007654e-02
    -3.11887264e-01 1.38529015e+00 1.36916006e+00 -2.94325352e-02
    8.19091022e-01 1.91571522e+00 1.35877204e+00 1.89404726e+00
    -8.59690309e-02 -4.68694091e-01 -2.83227086e-01 1.20969176e+00
    7.08778262e-01 1.80144000e+00 1.87949538e+00 -6.80060983e-02
    -9.44690287e-01 5.94096422e-01 7.79736578e-01 -1.07076228e-01
    1.12282968e+00 -3.21521640e-01 -3.39475095e-01 1.53413296e+00
    -8.31656575e-01 1.68030107e+00 2.21125722e-01 1.57085085e+00
    3.96704495e-01 1.10985863e+00 -2.38795519e-01 -7.66905665e-01
    1.59891725e-01 -9.69441533e-02 1.42784607e+00 7.02748775e-01
    -5.07648945e-01 -1.76379740e-01 3.62348437e-01 1.05355525e+00
    1.73138702e+00 9.12929773e-01 3.46507668e-01 3.78548741e-01
    7.09077775e-01 -3.69323134e-01 -7.03965902e-01 1.82850611e+00
    -5.17420650e-01 1.50409937e-02 1.46310902e+00 1.68410254e+00
    1.14466023e+00 -5.94033301e-01 2.36166418e-01 6.68019712e-01
    1.17481613e+00 6.19005203e-01 1.43137646e+00 -7.53498018e-01
    1.13242567e-01 2.25235522e-01 3.64026546e-01 -6.39624536e-01
    1.79109693e-01 1.09215939e+00 -3.74160171e-01 -2.11895466e-01
    1.69304049e+00 7.92918682e-01 1.33625829e+00 2.09504604e-01
    -1.45460606e-01 1.29478264e+00 7.40167618e-01 -2.54376590e-01
    -6.96320295e-01 1.66211510e+00 7.51365781e-01 1.45434964e+00
    1.49388063e+00 1.13714409e+00 1.33057332e+00 6.62869036e-01
    3.71403635e-01 1.81555486e+00 1.08837247e+00 -1.39429927e-01
    1.67247903e+00 3.87696743e-01 1.76982105e-01 -1.52601480e-01
    5.19588113e-01 -9.67419147e-03 5.22198439e-01 3.44316185e-01
    1.30945480e+00 -4.00272906e-01 1.92408633e+00 1.13768935e+00
    -4.50799942e-01 5.02061844e-02 1.38239741e+00 -9.63969529e-01
    -9.64518726e-01 8.55575204e-02 -5.98896563e-01 6.80686772e-01
    1.35643172e+00 3.42815816e-01 1.27561891e+00 1.43591642e+00
    -3.08936834e-02 -8.87755752e-02 1.33930862e+00 3.55122685e-01
    -7.57933080e-01 1.65398371e+00 1.83811736e+00 1.77335095e+00
    8.89966786e-01 1.77349973e+00 -7.86618173e-01 -3.71208012e-01
    1.60048497e+00 1.57639027e-01 -4.91065621e-01 1.62915277e+00
    -3.35374653e-01 5.12720585e-01 6.85769200e-01 5.21502018e-01
    1.87607217e+00 -7.34972000e-01 1.91252482e+00 4.98934507e-01
    2.75225759e-01 1.70419192e+00 3.94976020e-01 1.73562717e+00
    -4.42430079e-01 1.20607936e+00 -1.07750869e+00 7.49495387e-01
    1.06997919e+00 1.06417120e+00 -9.47431564e-01 8.25977802e-01
    1.62833524e+00 -5.82910419e-01 9.85201359e-01 3.16120386e-02
    6.64590120e-01 7.91325808e-01 2.26560116e-01 -3.19009542e-01
    1.58682334e+00 -8.97638440e-01 1.73305035e+00 -4.60575402e-01
    6.65540934e-01 -3.83329868e-01 -2.29325831e-01 1.88848019e-01
    3.87482226e-01 1.86961842e+00 2.82177925e-01 3.59365702e-01
    -6.08717680e-01 1.75233173e+00 1.38584805e+00 -1.69356585e-01
    5.87975085e-01 -4.97120380e-01 7.01327682e-01 -2.99769282e-01
    2.42972791e-01 1.43585110e+00 1.93470907e+00 9.11301970e-01
    1.83377695e+00 -4.35179353e-01 -2.49449432e-01 -6.49332404e-02
    -4.11475182e-01 1.18036580e+00 1.95216405e+00 1.13251257e+00
    1.24193716e+00 1.45569336e+00 -2.21725106e-02 1.77040029e+00
    1.74337149e+00 4.91231740e-01 -8.07710409e-01 9.06252265e-01
    5.73549747e-01 1.12540305e+00 -5.27010322e-01 1.79528618e+00
    -3.13204527e-02 1.15990639e-01 9.17761326e-01 1.60736299e+00
    1.76793373e+00 9.60638285e-01 1.67001367e-01 -1.01550806e+00
    -4.05062437e-02 1.65438890e+00 -9.61625814e-01 -2.73345590e-01
    -4.24890339e-01 -4.02299404e-01 1.50483441e+00 1.09219563e+00
    1.34892750e+00 9.69536960e-01 6.13762379e-01 -3.47065330e-02
    -4.60160524e-01 -1.60480559e-01 6.37322962e-01 2.48706102e-01
    -7.19767749e-01 6.63505435e-01 1.25865674e+00 1.43429756e+00
    6.55869842e-01 1.45365000e-01 7.41302252e-01 1.62103200e+00
    1.40766668e+00 -7.27895439e-01 -8.19441020e-01 -7.18242049e-01
    1.82090020e+00 -7.41556764e-01 9.53025460e-01 -1.77763343e-01
    6.94789648e-01 -5.05634904e-01 1.87472582e-01 9.92995858e-01
    -6.61490560e-01 -4.14414346e-01 -5.66536188e-01 1.05174148e+00
    -6.96508884e-02 1.47372293e+00 -1.02182341e+00 1.41967678e+00
    -6.17782831e-01 9.46098328e-01 1.59257472e+00 6.37310266e-01
    -1.51796281e-01 -4.93457735e-01 3.38191748e-01 -8.95169258e-01
    5.18379211e-01 9.69648421e-01 -6.61155105e-01 7.47094750e-02
    6.97603226e-02 1.58214116e+00 1.46620095e+00 1.48094404e+00
    2.33054161e-03 1.72289872e+00 1.01511729e+00 -6.81063056e-01
    -4.18786645e-01 2.20890522e-01 7.13509321e-03 -7.20214963e-01
    -5.29978812e-01 1.56626272e+00 1.81041253e+00 7.90782988e-01
    -6.66054487e-01 1.17504120e+00 1.65371513e+00 8.59874487e-03
    -1.94846213e-01 1.34524810e+00 -2.15668678e-02 1.71602631e+00
    1.81461048e+00 2.46773481e-01 1.33608735e+00 7.31339455e-01
    1.25753939e+00 1.60843599e+00 3.89462829e-01 -5.59631586e-01
    7.61784673e-01 1.56883788e+00 -4.81650770e-01 1.19193876e+00
    1.47519386e+00 1.40517497e+00 6.53249741e-01 -8.33500743e-01
    1.30560350e+00 7.54288733e-01 -2.07669079e-01 6.28093898e-01
    5.99105477e-01 7.16493487e-01 -1.90645814e-01 -6.42094135e-01
    1.85301495e+00 1.09707141e+00 1.30918694e+00 -7.87489772e-01
    -4.10444438e-01 -2.88163483e-01 -4.68519956e-01 1.88966167e+00
    1.82414675e+00 1.84971929e+00 -8.69448841e-01 2.03960419e-01
    -6.38139069e-01 -8.54854167e-01 8.77888322e-01 9.54856873e-02
    1.17193890e+00 1.51438355e+00 1.76606631e+00 2.86466241e-01
    7.77847767e-02 -8.69677544e-01 9.63618398e-01 2.51523733e-01
    -1.35392129e-01 1.51261449e-01 1.57703662e+00 -6.42642915e-01
    1.00892842e-01 2.93035328e-01 -4.34082150e-02 -2.34061658e-01
    1.25224233e+00 6.60703063e-01 5.19687414e-01 4.06458676e-01
    -3.62782359e-01 -4.98196542e-01 8.52801621e-01 -3.71950269e-01
    6.90917969e-02 1.90376210e+00 7.37475872e-01 -8.89367044e-01
    1.02889347e+00 -9.28057432e-02 1.08241916e+00 1.71963382e+00
    -1.16916001e-01 1.31415486e+00 1.55776799e-01 1.14832914e+00
    -7.17921317e-01 -9.36594665e-01 1.27211845e+00 7.19315410e-02
    -6.47617459e-01 1.27528453e+00 1.88175201e+00 1.73742294e+00
    7.39985883e-01 9.26643431e-01 4.29987133e-01 -1.95020735e-01
    -6.94458246e-01 -8.30388427e-01 -2.67685235e-01 9.95964885e-01
    1.18250489e-01 1.56055629e+00 -8.27922821e-01 1.10533810e+00
    1.78587687e+00 8.30779910e-01 7.74948120e-01 1.51114702e-01
    8.93732905e-01 8.58095586e-01 -2.24295735e-01 9.60665584e-01
    8.94292116e-01 1.00518012e+00 -7.42912233e-01 -3.07284713e-01
    1.46743762e+00 -5.26503325e-02 7.20289826e-01 9.18324709e-01
    1.32146609e+00 -2.37566352e-01 -4.69610870e-01 -7.96577096e-01
    9.06362176e-01 1.34870040e+00 1.40890467e+00 7.53872395e-01
    1.77325618e+00 9.49754238e-01 8.65380764e-02 1.71029973e+00
    -8.88160586e-01 1.70774662e+00 4.92967963e-01 -8.81865144e-01
    -5.03725886e-01 -6.49982572e-01 1.48166716e+00 -5.73292136e-01
    7.79542804e-01 -5.56594133e-03 -4.72368658e-01 1.84127808e+00
    -3.82574141e-01 2.38507986e-01 7.14915156e-01 1.54778433e+00
    -1.71984434e-01 6.38374686e-01 -3.85758340e-01 2.38301814e-01
    -7.71490514e-01 5.83004534e-01 8.73536646e-01 -8.04290414e-01
    1.30459285e+00 1.87668324e-01 1.10106707e-01 1.74092495e+00
    -5.20469308e-01 3.20935726e-01 -1.40261352e-01 1.92466974e-02
    -7.10265756e-01 3.82109404e-01 4.94417369e-01 1.77963674e+00
    -5.07615924e-01 5.57148695e-01 1.71673369e+00 1.69307065e+00
    1.26948118e-01 1.47048008e+00 5.32693684e-01 1.86700487e+00
    4.82488871e-01 -2.20445395e-02 1.58890247e-01 1.61373544e+00
    1.28267086e+00 1.45006227e+00 -7.69649506e-01 -7.95602798e-04
    1.58809948e+00 1.75088573e+00 6.60189271e-01 1.77343416e+00
    1.29680872e+00 -4.39296395e-01 8.56195450e-01 1.28581131e+00
    1.33314729e-01 -3.41742039e-01 4.50512171e-02 -4.76879388e-01
    1.99773431e+00 1.06760430e+00 -4.66046840e-01 5.34497678e-01
    -1.56643093e-01 5.91652393e-02 -1.59380972e-01 -4.78480428e-01
    -5.70217669e-01 8.69112372e-01 2.92002559e-02 1.86084414e+00
    -5.67440987e-01 5.57410002e-01 1.67953765e+00 1.23666275e+00
    1.64227438e+00 1.83437407e-01 7.90299833e-01 -9.34535623e-01
    -9.10425961e-01 -5.14882684e-01 1.65061235e+00 1.01031089e+00
    9.91520524e-01 6.44074678e-02 -6.92875981e-01 7.67509580e-01
    8.31543088e-01 6.04117274e-01 1.81204391e+00 1.04788971e+00
    7.96068072e-01 -5.17946541e-01 3.69262099e-01 1.63412786e+00
    3.98772776e-01 2.84179568e-01 1.11694014e+00 2.66001999e-01
    1.07768726e+00 -4.97012228e-01 5.01320183e-01 1.46342909e+00
    -9.74286199e-02 4.35044527e-01 1.57317400e+00 -6.88401818e-01
    9.93313670e-01 2.94724107e-01 1.66720033e+00 7.44869709e-01
    1.15580499e+00 1.45820069e+00 1.32027483e+00 -1.82712436e-01
    -3.37731838e-01 1.90017939e-01 -7.16233253e-02 1.70272827e+00
    -8.90649319e-01 -2.04408050e-01 4.21583652e-02 5.20144343e-01
    1.87216914e+00 6.54207945e-01 1.64770675e+00 3.48716021e-01
    1.79889083e+00 1.75990224e-01 1.35333669e+00 -4.50660527e-01
    1.84394312e+00 -9.02895451e-01 6.86528206e-01 8.30734611e-01
    4.24394846e-01 -1.87098086e-01 1.53903055e+00 -2.19810009e-03
    -3.44792306e-01 7.85821199e-01 1.28139186e+00 -8.01212788e-01
    4.45391297e-01 5.97485185e-01 -1.41636610e-01 3.75686884e-02
    1.14851415e+00 1.46031976e+00 9.78609920e-01 -5.85031271e-01
    -8.76617312e-01 1.09643996e+00 4.53907073e-01 1.84423852e+00
    -6.49536848e-01 1.41451502e+00 6.12144530e-01 -1.66123688e-01
    1.00151300e-02 6.93742514e-01 1.62218392e-01 4.46945548e-01
    -6.84066594e-01 -9.24987257e-01 8.62614751e-01 1.87102258e+00
    4.51437712e-01 -3.16540599e-01 1.58316565e+00 1.50194180e+00
    6.40843153e-01 1.83715510e+00 1.81217635e+00 6.64618731e-01
    1.41865814e+00 3.20664942e-01 4.80254292e-02 -5.50907433e-01
    3.74773026e-01 -4.55429792e-01 -7.89660811e-01 1.55205941e+00
    1.18380618e+00 -5.35218120e-02 1.73025501e+00 -7.22667873e-01
    -5.59559226e-01 1.05273521e+00 8.65540624e-01 5.51112354e-01
    3.76619697e-02 -7.37803459e-01 2.09718943e-02 -1.98904157e-01
    1.77329934e+00 1.03019178e-01 -2.64240921e-01 -5.24014711e-01
    -5.03524899e-01 1.57535112e+00 -2.06721187e-01 6.60172582e-01
    -8.07532668e-02 1.14648759e+00 4.44046199e-01 -9.35843050e-01
    1.28580427e+00 1.35150576e+00 -5.30579090e-02 2.98139274e-01
    1.30998731e+00 -4.97847497e-01 1.44046295e+00 5.59034288e-01
    -2.36921847e-01 2.71602571e-01 -2.52318203e-01 -7.77149200e-03
    -3.35282028e-01 9.15945649e-01 1.82115555e+00 1.12577748e+00
    -1.95494652e-01 8.32406521e-01 1.75591397e+00 9.78873372e-01
    -7.70470142e-01 -5.52412510e-01 1.79030037e+00 -3.98416400e-01
    -2.26484239e-01 1.31295729e+00 -7.98104525e-01 -8.66328359e-01
    1.55801725e+00 -3.35330486e-01 3.35654140e-01 8.23287964e-02
    1.11443293e+00 1.20923722e+00 1.09480333e+00 9.24977899e-01
    1.46914744e+00 -3.02684963e-01 1.40326154e+00 7.10513234e-01
    -7.42205501e-01 -7.62228429e-01 -5.94942331e-01 5.10873079e-01
    9.06015635e-01 1.69081223e+00 -2.02432692e-01 6.97331548e-01
    3.12528849e-01 -6.47082925e-02 3.17519903e-02 1.87093437e+00
    -5.08161902e-01 1.78446579e+00 1.08364940e+00 2.71386385e-01
    9.33968842e-01 -4.99618530e-01 -7.79715359e-01 -7.05548584e-01
    -7.40349352e-01 2.09565592e+00 1.19256306e+00 4.79680419e-01
    1.40213907e-01 7.51391709e-01 -5.95732093e-01 8.73077512e-02
    -3.33002210e-02 5.76773763e-01 3.96581471e-01 1.54675043e+00
    5.47869444e-01 2.23874152e-01 -1.74064517e-01 1.30101800e-01
    4.76087391e-01 -7.69925475e-01 -1.86250865e-01 1.63716948e+00
    5.54990292e-01 1.00674081e+00 1.23644614e+00 -7.56732762e-01
    -8.20492268e-01 1.20948946e+00 1.61206651e+00 1.68146324e+00
    1.65218365e+00 1.52333426e+00 6.94232941e-01 5.44219971e-01
    1.59765565e+00 4.26480412e-01 -4.29873168e-01 4.05313790e-01
    6.47127151e-01 -6.54528141e-01 -1.59732103e-02 6.15098059e-01
    1.40320206e+00 1.51456296e-01 -8.19041789e-01 1.02374482e+00
    2.87463188e-01 -1.20592535e-01 2.18078852e-01 -1.52073562e-01
    4.61592615e-01 1.20634651e+00 8.08079958e-01 1.12684703e+00
    -1.02515340e-01 7.55807638e-01 8.40046346e-01 1.42232001e+00
    1.84217548e+00 8.64669204e-01 -8.69227648e-02 -3.92756760e-01
    4.50671434e-01 1.37445188e+00 8.96735370e-01 6.41060114e-01
    -2.47209251e-01 6.80114269e-01 5.71916640e-01 1.91762328e+00
    -5.52723467e-01 1.46659923e+00 1.74789226e+00 -6.80200458e-01
    9.98103738e-01 1.19391525e+00 8.27142596e-01 1.59987545e+00
    1.57345402e+00 -3.33888829e-01 5.88418961e-01 5.06301641e-01
    3.25405598e-03 -1.54361069e-01 4.93653417e-01 -8.00881922e-01
    1.38158882e+00 9.09928083e-01 3.79025817e-01 1.85636663e+00
    7.61087596e-01 1.96510410e+00 4.42167103e-01 -1.94281936e-02
    -9.74986255e-01 -5.50306439e-01 -3.76919806e-01 8.39776874e-01
    6.30227685e-01 -6.19230330e-01 6.89968348e-01 -6.84613705e-01
    1.68375492e+00 1.56987429e+00 1.22855198e+00 1.47097635e+00
    1.97971284e-01 1.91581786e+00 -7.77379990e-01 -3.74146461e-01
    -8.03623438e-01 1.29751706e+00 -8.06790709e-01 5.05386114e-01
    1.15363574e+00 -1.43124163e-01 4.96653795e-01 6.00571632e-01
    1.03591049e+00 -4.71435368e-01 -4.46643591e-01 -1.01428187e+00
    -1.36585236e-02 3.95666838e-01 7.54985452e-01 1.05248022e+00
    5.57878494e-01 4.76645827e-01 -6.07376099e-02 2.15814114e-02
    -9.30909276e-01 7.40852237e-01 -8.39565158e-01 4.77268994e-01
    8.51476729e-01 1.63691735e+00 -4.79663670e-01 1.24099493e+00
    1.72268212e+00 1.80630922e+00 -2.19602287e-01 -6.06904030e-02
    4.09774065e-01 5.67408562e-01 1.32793856e+00 -3.75133157e-02
    1.48263168e+00 -9.89978909e-02 -9.54261541e-01 -6.57271922e-01
    1.24423862e+00 -1.82793736e-01 9.82666075e-01 8.24756026e-01
    -2.39240348e-01 7.34339952e-01 7.04083443e-01 3.41485441e-01
    5.36215305e-02 1.37882590e+00 -5.64094782e-02 -1.11572742e-01
    1.24738431e+00 1.26459312e+00 -8.30354214e-01 -8.61071229e-01
    1.35015106e+00 -4.04760242e-01 1.48830891e+00 5.25291920e-01
    -9.08657312e-01 1.09420466e+00 -2.90816426e-02 -1.10172093e-01
    9.70010877e-01 7.45034873e-01 1.43505955e+00 5.72366655e-01
    1.23913693e+00 1.84402990e+00 -1.30637109e-01 1.06154704e+00
    1.05993235e+00 1.11348486e+00 1.53497577e+00 3.28614712e-01
    -8.88690114e-01 1.08053231e+00 -4.66018915e-02 1.49613142e-01
    1.43637276e+00 1.44276512e+00 -3.70933831e-01 5.85198879e-01
    8.84189904e-01 -2.36817062e-01 -5.53691387e-01 1.65668190e-01
    -7.32560754e-02 3.52570176e-01 8.13222110e-01 1.19176579e+00
    6.55985534e-01 -6.80164456e-01 1.55848503e+00 -7.13814735e-01
    1.33240008e+00 1.28968179e-01 9.97412682e-01 1.34697795e+00
    1.67770028e+00 2.32920289e-01 2.78734207e-01 1.63421893e+00
    1.15663886e-01 1.35335290e+00 1.84509611e+00 -3.42114389e-01
    -9.45582449e-01 1.29239905e+00 1.47538030e+00 7.77541637e-01
    5.86767435e-01 1.08562422e+00 -1.09908581e-02 -6.00953221e-01
    4.62926865e-01 9.38330293e-01 1.41153860e+00 2.42081642e-01
    5.77563286e-01 4.84157801e-02 -4.55112398e-01 1.60147130e+00
    8.48174810e-01 -8.14410329e-01 4.94249701e-01 -4.59811687e-02
    -1.18568063e-01 8.63196611e-01 -1.05962789e+00 1.03914559e+00
    8.47491682e-01 -6.79636240e-01 1.87123942e+00 4.66930270e-02
    1.76362777e+00 -4.47111964e-01 -9.70774889e-02 1.97988331e+00
    5.85987866e-01 1.64637470e+00 8.26644301e-02 3.70571315e-01
    2.59985685e-01 1.62058592e+00 1.92345214e+00 -3.71944904e-02
    -6.83484256e-01 4.78893995e-01 5.31637251e-01 7.87860155e-03
    -6.33821905e-01 1.84035766e+00 1.50570822e+00 1.24451804e+00
    -8.94984007e-02 1.87275732e+00 6.97309256e-01 7.62399435e-02
    3.01106453e-01 3.80490303e-01 8.51630390e-01 -2.39086747e-01
    7.26497173e-02 2.31583238e-01 -5.45795321e-01 -5.62262952e-01
    -8.42453182e-01 -5.61325908e-01 -1.92233384e-01 2.61322916e-01
    1.27258980e+00 3.39432299e-01 -1.63093448e-01 1.86180902e+00
    7.52005219e-01 1.28629482e+00 -1.63892627e-01 -2.17282951e-01
    -7.28254437e-01 8.69689345e-01 -4.14367318e-02 1.73340404e+00
    2.77558208e-01 -5.58320761e-01 8.25062633e-01 1.16928744e+00
    -1.43660903e-01 1.22941554e+00 1.23782229e+00 1.10281396e+00
    1.18088937e+00 8.18275928e-01 -7.03914165e-01 1.15187025e+00
    8.60276699e-01 3.68031323e-01 8.90721500e-01 3.16921890e-01
    -7.37802267e-01 -3.00542533e-01 3.72630715e-01 8.92218351e-02
    -7.53592372e-01 6.85804188e-01 -8.30245495e-01 1.18055844e+00
    6.94296956e-02 -6.36374712e-01 -5.50534427e-01 -7.91049480e-01
    1.70421362e+00 1.91489077e+00 5.02985358e-01 8.36707413e-01
    4.31779623e-01 -1.69372559e-02 6.15974784e-01 1.44516897e+00
    1.25003362e+00 -2.94676006e-01 1.40520751e+00 7.62314796e-02
    7.85571098e-01 1.80183136e+00 1.77030241e+00 1.23763669e+00
    4.89614964e-01 1.71481013e-01 1.70627666e+00 1.23257494e+00
    5.51844597e-01 -2.86223710e-01 5.88098109e-01 -6.71738148e-01
    -7.25225508e-01 -6.59898818e-01 -9.64260101e-03 -8.55483770e-01
    1.47590947e+00 1.07046497e+00 7.38809228e-01 -2.52752602e-01
    4.93683696e-01 -6.06201708e-01 1.76111186e+00 -9.61174726e-01
    1.03686523e+00 3.70434284e-01 3.74488235e-01 1.62404621e+00
    1.22937155e+00 1.59114480e+00 1.26887560e-01 -5.26933551e-01
    1.05013382e+00 -4.07276630e-01 1.25037444e+00 9.87031579e-01
    1.67716491e+00 1.66744113e+00 1.01614809e+00 2.00936198e-01
    -9.27215159e-01 1.46240783e+00 -5.64829826e-01 1.62569475e+00
    2.79157519e-01 1.55288732e+00 7.84379363e-01 1.57126033e+00
    1.85451627e+00 1.04816926e+00 -7.82294154e-01 1.00680649e+00
    5.34507275e-01 1.70093071e+00 1.45815229e+00 6.49323761e-01
    4.36655402e-01 8.39794517e-01 -7.01234937e-02 1.44874120e+00
    2.09192872e-01 1.35068536e-01 1.42053568e+00 4.06900644e-02
    1.69939232e+00 5.71326017e-01 1.15882158e-01 1.54465401e+00
    9.37086344e-02 2.46648431e-01 3.90628338e-01 -8.87695312e-01
    1.89714873e+00 3.30203831e-01 1.21720159e+00 1.94651723e+00
    1.38818765e+00 1.10503626e+00 1.49147415e+00 1.33801961e+00
    1.49384880e+00 -6.96522474e-01 1.39691210e+00 3.01736355e-01
    4.92578268e-01 -6.65205717e-02 -6.56129241e-01 -7.41178274e-01
    1.92808938e+00 1.97083056e-01 1.83359718e+00 1.61391306e+00
    8.09161067e-01 7.77623653e-01 2.26036906e-02 -5.36354482e-01
    1.39299011e+00 6.41026735e-01 9.04186785e-01 -8.78290057e-01
    1.02549958e+00 4.86188591e-01 1.75361395e+00 -7.24851727e-01
    4.60782766e-01 1.86521077e+00 1.20048642e-01 6.48043513e-01
    1.23540926e+00 1.54722619e+00 6.13675356e-01 -5.23245990e-01
    5.33773422e-01 1.83045602e+00 1.87892818e+00 1.55734134e+00
    -1.50460243e-01 -1.54587984e-01 7.68010557e-01 1.28935277e-01
    -2.22825885e-01 2.20755160e-01 -8.08703482e-01 9.36973035e-01
    -4.82363671e-01 -3.39329243e-01 5.93765616e-01 8.46484840e-01
    1.37719703e+00 9.34817016e-01 8.17255616e-01 1.80156648e-01
    1.23166287e+00 -6.90544903e-01 3.67105126e-01 3.29443812e-01
    8.19916248e-01 1.07482398e+00 6.31299138e-01 5.39939761e-01
    1.00730741e+00 1.43160224e-01 1.47144818e+00 -1.11613512e-01
    -9.66189742e-01 -8.69742990e-01 -8.60880256e-01 1.46354342e+00
    1.99516892e-01 -2.41799295e-01 7.11283684e-02 1.02286732e+00
    1.70231092e+00 1.62115562e+00 1.66419494e+00 1.17293358e+00
    -9.81888831e-01 2.55546808e-01 1.04968584e+00 6.19622588e-01
    -7.58222222e-01 1.34975576e+00 1.68879986e+00 4.62520599e-01
    3.75737429e-01 1.59418368e+00 -7.97592163e-01 1.24476981e+00
    -9.27656233e-01 1.68799222e+00 1.69488490e+00 7.69766212e-01
    1.76267076e+00 -4.83492643e-01 4.08467889e-01 -7.70518422e-01
    1.30257666e+00 4.86904085e-01 1.51112604e+00 1.46923709e+00
    -1.87027752e-01 -4.50581282e-01 -3.38041484e-01 5.74788809e-01
    -7.21565843e-01 1.63247681e+00 -7.82007515e-01 8.15677643e-01
    1.22289300e+00 1.60434127e+00 1.26126301e+00 3.41342092e-01
    -2.91371047e-01 1.26493037e+00 5.27569592e-01 1.53893733e+00
    -8.21155548e-01 1.06258225e+00 1.26381874e+00 1.23885655e+00
    6.76241100e-01 -6.48367345e-01 -5.22855759e-01 1.04250693e+00
    4.09866154e-01 1.24631095e+00 2.62132645e-01 1.84776819e+00
    7.28099227e-01 -6.74629688e-01 3.85702848e-02 2.43227601e-01
    8.92740309e-01 9.83410358e-01 1.18351758e+00 8.72498810e-01
    1.52703977e+00 1.93347752e+00 -1.07523143e-01 3.41932178e-01
    7.07539022e-01 -9.17660296e-01 3.46724987e-02 3.86921048e-01
    1.66388273e+00 1.41074896e+00 1.45564234e+00 4.22910929e-01
    1.08926356e-01 1.06132889e+00 -8.06133151e-02 -6.02518737e-01
    5.85770607e-02 1.67466426e+00 -2.97090411e-01 1.36643696e+00
    3.51461172e-02 5.45988083e-02 1.40873516e+00 -2.55367339e-01
    1.75670671e+00 4.90477443e-01 9.59840178e-01 5.20132422e-01
    -6.23776197e-01 5.57889104e-01 -6.81166172e-01 8.58024359e-02
    1.51088715e+00 1.63810718e+00 -4.25982475e-02 1.53816342e+00
    9.12500501e-01 8.91031981e-01 7.43175268e-01 -7.10658312e-01
    1.13027620e+00 1.07288837e+00 3.72953653e-01 1.47711420e+00
    9.11052346e-01 -5.77391028e-01 1.62459278e+00 1.15374374e+00
    3.73748600e-01 1.69292688e-02 3.38078558e-01 -3.46816331e-01
    1.71664691e+00 7.72003651e-01 -7.81610608e-01 -6.10480189e-01
    3.55644286e-01 1.20657277e+00 -1.02416992e+00 1.33478260e+00
    1.47208858e+00 1.20667565e+00 1.63859200e+00 6.72094822e-01
    4.29760098e-01 -3.74402881e-01 5.69333196e-01 1.48189688e+00
    1.04200363e+00 1.45943499e+00 1.07791924e+00 9.10743058e-01
    1.10547543e+00 1.01070118e+00 -3.96527588e-01 1.14476478e+00
    -1.26320839e-01 1.34821880e+00 9.13060904e-01 -8.70685637e-01
    9.35952663e-02 1.05250752e+00 7.52193213e-01 9.26674843e-01
    -3.92608702e-01 1.43605721e+00 1.54917896e+00 -6.69648767e-01
    1.74732721e+00 1.49507451e+00 1.73451173e+00 9.55786705e-01
    5.92679262e-01 2.62093544e-02 5.11909246e-01 1.71710896e+00
    7.63125777e-01 2.20598817e-01 1.88508236e+00 -6.66772366e-01
    1.04237831e+00 -3.33461821e-01 2.14781880e-01 1.07138729e+00
    1.76730454e+00 1.83216870e+00 6.66906714e-01 6.75430655e-01
    8.37972045e-01 1.77863097e+00 8.16397905e-01 9.42344546e-01
    2.67513216e-01 1.67965245e+00 6.43882692e-01 -9.33982849e-01
    1.54931939e+00 1.28648853e+00 -8.40820730e-01 -9.72121954e-02
    -3.10263038e-02 9.39506292e-03 -8.04835916e-01 1.14322448e+00
    1.76766264e+00 -7.48478651e-01 -5.94086647e-02 3.33819509e-01
    1.39019132e-01 2.74583459e-01 -4.37161118e-01 1.33215809e+00
    6.32691383e-02 -1.41791463e-01 3.25601280e-01 6.95417821e-01
    1.65597916e-01 -6.25261605e-01 1.12413096e+00 6.09317243e-01
    1.29871905e-01 4.58052874e-01 9.29105699e-01 1.39003944e+00
    1.43068457e+00 -1.34580910e-01 1.32989049e-01 -2.56374896e-01
    3.44781280e-01 1.39835644e+00 1.05318916e+00 1.60391021e+00
    -5.06665111e-01 1.40284395e+00 5.72482347e-01 1.85109794e+00
    -1.51954114e-01 -5.55228233e-01 1.29354155e+00 -8.41948032e-01
    4.38645601e-01 -1.87854826e-01 -8.01216424e-01 -3.43505085e-01
    -4.09264892e-01 1.08019185e+00 8.48559499e-01 3.62319589e-01
    6.59275949e-01 1.65238714e+00 -2.09852159e-01 4.92345989e-01
    1.84485841e+00 5.52735388e-01 -8.78536582e-01 5.77504635e-01
    5.16932249e-01 -4.57877040e-01 1.31517053e+00 -1.79121375e-01
    6.28649116e-01 9.61082339e-01 9.51985717e-01 -9.15525794e-01
    1.81774247e+00 1.80415499e+00 1.41519582e+00 1.42965031e+00
    -2.20585167e-01 1.34359932e+00 -5.95546126e-01 -5.48961639e-01
    1.30966759e+00 1.35203087e+00 1.45482647e+00 1.25329900e+00
    1.13456833e+00 -2.27624655e-01 9.46803331e-01 1.46800363e+00
    -6.38975620e-01 1.52103460e+00 1.54045820e-01 5.14454365e-01
    -8.19520414e-01 4.45383430e-01 -7.03056455e-01 1.19898725e+00
    1.30176711e+00 5.41778445e-01 -6.59348011e-01 -7.48813152e-03
    1.06979084e+00 -2.37851024e-01 1.13309181e+00 8.03033352e-01
    1.72606885e-01 -4.37614769e-01 1.99471235e+00 -5.98859668e-01
    1.80262589e+00 7.18256116e-01 -3.08842063e-02 -4.23111111e-01
    3.63231897e-02 -8.03337693e-01 5.99391639e-01 1.34215665e+00
    1.21559179e+00 -5.08782864e-02 -6.52036428e-01 1.01271403e+00
    -5.85999131e-01 6.33118331e-01 9.52376664e-01 1.34412611e+00
    1.20965552e+00 1.59866977e+00 7.54910231e-01 1.31337118e+00
    -2.58170068e-01 -5.63229084e-01 1.21930456e+00 1.34113264e+00
    -7.16761112e-01 1.21291554e+00 -1.27472103e-01 -1.65513039e-01
    7.08245039e-01 -6.39736652e-01 -4.00254130e-01 2.32366323e-02
    7.00745881e-01 3.79819095e-01 8.04363489e-01 -3.98471534e-01
    -8.98921192e-01 -3.62148821e-01 -3.64273787e-01 1.88396811e-01
    -1.08909011e-02 -3.25353026e-01 1.83848429e+00 -7.31480658e-01
    6.78557158e-02 -8.03943336e-01 -7.69508123e-01 1.76829004e+00
    1.57862639e+00 1.38563204e+00 1.08002806e+00 -6.32688761e-01
    -1.28275812e-01 6.53803825e-01 9.42808688e-01 1.48226810e+00
    1.17339730e+00 1.86060405e+00 -3.35881770e-01 2.83511400e-01
    1.05833125e+00 -1.17498755e-01 -2.86647320e-01 1.41950488e+00
    6.57749057e-01 -5.17529368e-01 1.13508880e+00 -6.45418167e-01
    6.93872452e-01 1.34483874e+00 6.39981031e-02 1.25448132e+00
    1.41095006e+00 -7.96072304e-01 1.37721777e-01 1.36977243e+00
    1.56527460e+00 -6.86841547e-01 -6.14692986e-01 -2.73883402e-01
    -7.63397694e-01 1.24307442e+00 -2.05794513e-01 1.52995181e+00
    -2.67572165e-01 1.20451486e+00 -4.38205898e-01 -6.90792084e-01
    2.12244511e-01 -7.75568187e-01 1.22953868e+00 1.68074965e-02
    -3.02861333e-02 1.31848049e+00 1.68472624e+00 1.54280484e+00
    1.05189240e+00 9.72800016e-01 1.48867691e+00 4.42662716e-01
    -1.00069475e+00 -6.38626873e-01 5.43908358e-01 1.71322680e+00
    6.93863332e-01 -8.04656863e-01 1.30772352e-01 -3.53753448e-01
    -9.11712646e-03 2.54318118e-02 1.24555910e+00 1.52996564e+00
    1.60294545e+00 1.27088463e+00 1.44862151e+00 3.52057219e-01
    2.57296562e-01 5.19067228e-01 1.37584269e-01 3.64225805e-01
    -8.71039808e-01 6.57814741e-02 2.55674481e-01 1.21845269e+00
    -9.75555539e-01 1.19633424e+00 1.85402751e+00 1.62054634e+00
    8.50705028e-01 -7.81701267e-01 -5.49685597e-01 6.90514088e-01
    1.16172254e+00 1.86622059e+00 -6.62104249e-01 -9.08827424e-01
    1.76102316e+00 -4.66161430e-01 1.58386338e+00 -1.13601804e-01
    1.74282825e+00 -4.09866452e-01 1.45362878e+00 2.33241796e-01
    1.40115511e+00 1.08173823e+00 -9.60867584e-01 8.26568127e-01
    1.65009618e+00 -7.51191676e-01 -2.55876780e-01 1.47537327e+00
    -3.74772668e-01 3.37438524e-01 4.80435252e-01 1.22971237e+00
    7.36516714e-03 1.82036424e+00 6.04032874e-01 9.34152126e-01
    1.00188518e+00 9.33957219e-01 9.24542427e-01 1.07977700e+00
    5.86466670e-01 -6.86284065e-01 1.57682467e+00 -8.49946260e-01
    -8.56812000e-02 1.71474600e+00 1.13258421e+00 1.50225759e+00
    1.63958156e+00 1.31596947e+00 -6.24627233e-01 7.66747594e-02
    -2.49880850e-01 -7.46383786e-01 1.30827427e-01 1.93244338e+00
    -6.40832543e-01 6.95448399e-01 -8.39385867e-01 -2.38186777e-01
    2.92731345e-01 -4.47820425e-02 1.10672092e+00 -9.23772573e-01
    -6.34132206e-01 1.43412483e+00 -4.72553968e-02 1.84709001e+00
    9.91998911e-01 -6.78488612e-02 -3.85141313e-01 2.93537378e-01
    1.94045341e+00 2.95440853e-01 -3.53788823e-01 8.03799987e-01
    -7.25149751e-01 -3.65069151e-01 1.80972290e+00 -9.10511255e-01
    6.04218900e-01 -8.22856963e-01 4.11373556e-01 1.16329134e-01
    1.29455757e+00 -1.38496637e-01 9.42701340e-01 -4.60834801e-01
    7.42890000e-01 -8.75372171e-01 1.68923640e+00 1.20303524e+00
    9.57833767e-01 1.77754080e+00 -6.25392199e-01 -8.27001393e-01
    7.58532047e-01 1.90156043e-01 1.06963134e+00 1.61851621e+00
    1.27472723e+00 -2.02625930e-01 1.53750288e+00 1.05559528e+00
    -8.16872656e-01 -1.51125789e-01 9.66027379e-01 5.50747395e-01
    1.62216663e+00 -5.84616542e-01 2.21100688e-01 1.43146896e+00
    3.90153527e-02 5.52220583e-01 -8.32309008e-01 -2.74552584e-01
    8.26438904e-01 5.75760245e-01 1.07626879e+00 4.55775261e-02
    6.90796494e-01 6.87431335e-01 -4.74547863e-01 7.26135254e-01
    1.30267608e+00 -4.84817266e-01 2.29677439e-01 1.16026163e+00
    6.33801937e-01 -5.34860253e-01 2.41094053e-01 -1.49205744e-01
    6.25083923e-01 -1.52999520e-01 -4.43273813e-01 1.24455929e+00
    9.10214663e-01 -5.34698606e-01 -3.18926632e-01 -3.16546321e-01
    1.81521559e+00 4.83927727e-02 -4.53534901e-01 -1.95689261e-01
    1.18978775e+00 1.75599933e+00 -9.79792595e-01 5.68856001e-01
    -2.59048820e-01 -3.52887392e-01 1.68230247e+00 -2.52676189e-01
    1.83862400e+00 -2.57394314e-02 -5.46876788e-01 -7.68386841e-01
    2.93531179e-01 4.32100296e-01 -5.87185860e-01 -9.49726999e-01
    5.92006505e-01 1.80023491e+00 5.23141980e-01 8.17382276e-01
    1.88817465e+00 6.03981435e-01 -2.04846859e-02 7.98257351e-01
    -1.85250938e-01 1.27006984e+00 8.52567613e-01 2.79568434e-02
    1.21479750e-01 1.17503190e+00 9.08730805e-01 3.52577507e-01
    -4.66675818e-01 9.45067763e-01 5.01591682e-01 -3.69834542e-01
    1.84256887e+00 -7.59534717e-01 7.55853176e-01 1.01424646e+00
    1.16450596e+00 1.02016306e+00 1.92506361e+00 1.56984651e+00
    8.01237404e-01 1.20336533e+00 -5.31461358e-01 1.15027118e+00
    1.72700596e+00 1.21101356e+00 -1.60123408e-01 -6.71356738e-01
    -8.11468244e-01 8.46769691e-01 -2.82329321e-02 -5.22880435e-01
    1.71539843e+00 -8.06933582e-01 1.61916900e+00 6.56060815e-01
    1.48152924e+00 -8.85269225e-01 1.13404000e+00 -2.47909665e-01
    1.11168098e+00 2.85803914e-01 -4.13265049e-01 8.88938904e-02
    4.65017915e-01 1.42366922e+00 3.15808892e-01 6.20473921e-01
    7.26942956e-01 1.24575782e+00 -5.87082505e-02 -3.76076609e-01
    3.26920450e-01 1.00929141e+00 1.97949040e+00 4.28391933e-01
    1.15450978e+00 2.68226385e-01 5.27653456e-01 7.84908414e-01
    1.18511915e-01 6.41069293e-01 1.73946178e+00 -5.51436961e-01
    7.85227418e-01 -8.25067163e-02 1.64289284e+00 1.12303853e+00
    1.03094935e+00 -5.14244437e-02 -7.53633082e-01 -6.28974438e-01
    -8.04491520e-01 1.87185550e+00 9.38890100e-01 1.27438498e+00
    -4.98425871e-01 -1.42074168e-01 -5.37874103e-01 -6.38800621e-01
    1.27959967e+00 3.72908831e-01 1.90016294e+00 6.47484720e-01
    2.56184340e-02 -7.38476574e-01 6.00323677e-01 1.47731674e+00
    -5.77972293e-01 1.41066504e+00 6.16890192e-02 1.50589728e+00
    2.59020329e-01 -3.91287565e-01 6.39187694e-01 -2.64614284e-01
    8.90645862e-01 -1.06456518e-01 1.43816030e+00 4.86182928e-01
    8.46586704e-01 5.55263877e-01 3.61094475e-02 -3.68198097e-01
    8.87688398e-02 7.95063853e-01 -8.32704127e-01 5.63427210e-01
    7.02980042e-01 1.20490551e+00 -6.33498669e-01 1.17970622e+00
    1.08751965e+00 2.24286258e-01 -1.94224656e-01 1.73429871e+00
    -5.02212167e-01 -8.12646747e-01 -8.70724201e-01 1.62684035e+00
    8.17938328e-01 8.50957513e-01 1.71248674e-01 1.81532609e+00
    -4.21029925e-01 -9.05814052e-01 -3.98855031e-01 1.32982540e+00
    -2.62464404e-01 1.59541547e-01 1.62240124e+00 4.42943275e-01
    6.15707397e-01 1.22935593e+00 -9.60063934e-03 -3.32754791e-01
    -6.84052110e-02 3.62187684e-01 7.71657109e-01 6.61425591e-02
    -4.38829303e-01 7.93810010e-01 3.65376472e-01 1.09482050e+00
    -1.03546154e+00 1.44568610e+00 1.71678340e+00 1.14247096e+00
    1.72430980e+00 -3.29462290e-01 1.24151993e+00 1.77665091e+00
    -6.18422031e-02 8.48816633e-01 -4.65181172e-01 1.40726793e+00
    3.42516482e-01 9.56120193e-01 1.64092565e+00 3.50971580e-01
    -7.99463034e-01 9.19245660e-01 -1.13205314e-01 1.17380702e+00
    1.72918367e+00 1.60301387e+00 7.66426325e-03 1.92653441e+00
    -1.80698872e-01 2.61043847e-01 1.14625907e+00 1.75984001e+00
    1.42586136e+00 -5.29303432e-01 9.22153950e-01 1.03434098e+00
    -1.78339958e-01 -3.99649203e-01 -1.06754661e-01 1.71454406e+00
    1.69538832e+00 -8.25992227e-01 1.32739687e+00 1.23330760e+00
    1.36459327e+00 1.80926406e+00 1.61919105e+00 -8.68511200e-02
    1.51937449e+00 8.71405363e-01 1.61407447e+00 -6.16726875e-01
    1.68193233e+00 1.72427320e+00 3.34192395e-01 -5.04312515e-02
    -7.59975076e-01 -2.34167159e-01 1.60735130e-01 1.58005977e+00
    7.34357715e-01 1.77810633e+00 1.48458135e+00 1.75382614e-01
    1.82618248e+00 1.31861782e+00 1.63275552e+00 6.23358965e-01
    -9.18321729e-01 1.83704853e-01 2.25035071e-01 -8.52177382e-01
    -6.39313817e-01 3.76791954e-01 -1.00819349e-01 -5.71184993e-01
    -3.78851056e-01 7.29371250e-01 3.93198490e-01 -7.42948890e-01
    4.34144676e-01 1.46495783e+00 -1.43641531e-01 8.29427540e-01
    1.28234875e+00 -9.95337188e-01 4.70461011e-01 1.49269521e+00
    -7.23531306e-01 6.58672571e-01 1.44033694e+00 1.44441438e+00
    9.18151975e-01 1.28555202e+00 1.51812959e+00 1.82323766e+00
    1.64386392e+00 -7.57829189e-01 -3.53272259e-01 7.15225279e-01
    1.06475115e+00 -6.19374394e-01 1.06914055e+00 1.91892469e+00
    1.28620291e+00 6.07216537e-01 6.42404616e-01 -6.58369303e-01
    -7.81361580e-01 1.44482625e+00 -3.29330087e-01 1.62834358e+00
    2.60575414e-01 1.65051532e+00 -8.74027967e-01 1.13309598e+00
    7.10559189e-01 1.99434578e-01 -2.75330305e-01 -1.24999583e-01
    -9.09479737e-01 -4.28899884e-01 6.23329937e-01 1.62816048e-02
    8.76578152e-01 1.85844350e+00 1.87009573e-02 1.62795901e+00
    1.02516818e+00 1.52288711e+00 3.31805348e-01 -2.25984812e-01
    -3.13272536e-01 1.12396598e-01 1.28682852e+00 -3.19010496e-01
    -3.28324556e-01 -2.31122196e-01 4.12821651e-01 -8.18502009e-01
    2.17554688e-01 -3.69537652e-01 -1.59167349e-01 8.09537768e-01
    1.80017543e+00 6.07970893e-01 1.04357529e+00 -1.51168525e-01
    3.86945307e-01 -8.06853294e-01 1.58706844e+00 8.34728718e-01
    1.59830606e+00 1.27080095e+00 1.48612070e+00 1.37308288e+00
    8.14175606e-01 7.56936073e-01 6.99786305e-01 1.23564470e+00
    1.16152048e+00 7.19946146e-01 4.81887341e-01 -7.65885472e-01
    9.18859661e-01 3.68438184e-01 1.00171530e+00 4.17645454e-01
    -3.97743583e-02 1.88208604e+00 -7.68694282e-02 1.81172657e+00
    1.87532198e+00 -6.13605022e-01 1.41979539e+00 -1.60329580e-01
    4.89352703e-01 -2.23453104e-01 -3.85731101e-01 5.41143656e-01
    -5.42627156e-01 3.31328988e-01 -2.56453156e-02 6.58933759e-01
    1.80112576e+00 1.28639519e+00 6.59664989e-01 5.19392133e-01
    6.55485749e-01 -8.85511458e-01 -1.15321875e-02 1.15847480e+00
    8.02384853e-01 -4.37576592e-01 1.27658129e+00 1.47207069e+00
    -7.97973871e-02 1.91691983e+00 1.29613209e+00 1.16720200e+00
    -1.93950176e-01 1.24266076e+00 -7.72678018e-01 -7.14195132e-01
    5.45907378e-01 3.61549020e-01 3.42348814e-02 -9.16173875e-01
    1.03101850e-01 1.70453441e+00 -6.76997781e-01 -1.24719501e-01
    6.32055163e-01 1.50312185e-02 9.38896537e-02 1.78685272e+00
    8.63609552e-01 1.60828602e+00 -4.78013337e-01 1.64320815e+00
    1.38199604e+00 -1.97568953e-01 7.25866556e-01 1.57510805e+00
    1.53222740e+00 1.86622405e+00 1.74176157e+00 2.20216751e-01
    -5.86484849e-01 2.33700097e-01 8.50202680e-01 1.29765165e+00
    4.87093210e-01 2.17534065e-01 7.03456461e-01 -6.01750374e-01
    -5.20164847e-01 -3.80886912e-01 8.93286884e-01 2.40398169e-01
    2.64784217e-01 -1.96211159e-01 9.57044601e-01 4.23544943e-01
    7.45250106e-01 -4.99692440e-01 1.28301597e+00 1.10620832e+00
    -5.34694195e-01 5.62770188e-01 1.62070620e+00 1.10018623e+00
    -2.49428988e-01 4.00647044e-01 -6.82722569e-01 1.51688766e+00
    8.83742929e-01 1.90643728e+00 5.61741590e-02 -7.08306432e-01
    1.42655420e+00 1.23965383e-01 8.41800451e-01 -2.49813795e-02
    1.12441361e+00 8.70168209e-01 -4.26501989e-01 1.69740891e+00
    1.57231092e-02 1.65128183e+00 -3.41815531e-01 1.49547875e-01
    2.41508901e-01 4.81050611e-02 1.41044426e+00 6.31214499e-01
    3.22508156e-01 -7.25978553e-01 9.58047271e-01 1.69982612e-01
    -1.67667329e-01 2.19584107e-01 1.44778347e+00 -1.92996919e-01
    -1.84776366e-01 1.64477396e+00 6.30847275e-01 -3.48796010e-01
    -7.18620956e-01 -6.85408890e-01 -3.43656778e-01 1.73258960e+00
    3.11541438e-01 1.94667792e+00 7.09758759e-01 -7.24047422e-01
    1.10424054e+00 1.01443052e-01 4.75959539e-01 1.90930057e+00
    1.80884111e+00 8.66768420e-01 1.33721542e+00 -8.77358973e-01
    -9.49203968e-01 4.54285204e-01 1.72231495e+00 -9.65428412e-01
    1.73067820e+00 1.49303639e+00 1.36642301e+00 -8.34921777e-01
    1.38090205e+00 1.08115828e+00 6.73841953e-01 2.94800162e-01
    3.54139984e-01 -1.26175225e-01 1.29092157e+00 1.45424116e+00
    1.58836818e+00 1.41262770e+00 7.98186302e-01 -3.67907047e-01
    5.18433213e-01 -6.93535149e-01 3.81576300e-01 1.59755599e+00
    1.66566777e+00 1.49538493e+00 1.58544493e+00 1.63339698e+00
    -5.06284654e-01 1.56380486e+00 -5.62753022e-01 1.55757535e+00
    -9.61867690e-01 -2.63726711e-01 1.75449276e+00 1.63675880e+00
    9.06156957e-01 -9.99535322e-02 1.85477829e+00 1.34968138e+00
    1.65398932e+00 1.33891129e+00 -3.44833732e-02 -8.47063482e-01
    -6.01273358e-01 1.24191320e+00 1.73131382e+00 9.95538116e-01
    1.18440366e+00 -2.40366459e-02 1.32152426e+00 -5.06346822e-01
    7.61815250e-01 -6.81126714e-01 -9.60131228e-01 1.48537087e+00
    1.00001025e+00 1.00349140e+00 1.52675080e+00 4.29061890e-01
    7.76976526e-01 1.75043845e+00 -2.94626355e-01 -5.99936068e-01
    3.18584800e-01 -2.13929236e-01 -5.17617643e-01 -1.04003608e-01
    -9.87122655e-02 7.39611745e-01 3.14463079e-01 -5.25155067e-01
    2.27518737e-01 6.36844277e-01 1.10083818e+00 1.24251103e+00
    1.75105977e+00 -8.22369218e-01 1.37562919e+00 7.65568376e-01
    1.57013345e+00 1.74434137e+00 2.58612037e-01 -4.82628703e-01
    1.31450391e+00 1.25756729e+00 5.12295663e-01 4.23057079e-01
    -2.23151565e-01 1.24198699e+00 1.51914167e+00 1.84774470e+00
    2.03269434e+00 1.98177004e+00 2.03327870e+00 -7.57637203e-01
    1.95227456e+00 -5.64571500e-01 1.07983541e+00 -8.39775801e-02
    1.71031892e+00 -4.63252783e-01 1.86091280e+00 6.68676853e-01
    -7.68778205e-01 -4.27237511e-01 1.09847343e+00 -3.42330277e-01
    -7.83401251e-01 -1.27227068e-01 1.51183367e+00 -9.50290203e-01
    2.31743693e-01 1.23250937e+00 1.00100017e+00 1.27395320e+00
    -6.91958964e-01 -4.22914028e-02 -3.18895280e-01 -6.16626501e-01
    -3.00191462e-01 -9.28962111e-01 1.80278778e-01 1.18586957e-01
    8.32948446e-01 1.74273980e+00 -9.46167111e-02 -2.11405754e-01
    1.67243171e+00 4.25122082e-01 -1.47369623e-01 3.99000883e-01
    3.93671572e-01 1.02427137e+00 -3.65573883e-01 -2.32327580e-01
    1.26040757e+00 3.47522974e-01 -1.81847632e-01 -8.95718455e-01
    1.75747871e-01 1.43977666e+00 7.44011581e-01 9.17597413e-01
    3.17820847e-01 1.80406868e-01 -7.64864504e-01 1.63044667e+00
    -4.33134407e-01 7.02064395e-01 1.38138425e+00 3.98079038e-01
    2.04721987e-01 8.93068850e-01 1.49046993e+00 1.14837289e+00
    1.27535319e+00 5.39587498e-01 1.72802305e+00 1.75517488e+00
    -7.28564262e-01 3.39479804e-01 8.52910399e-01 1.26841581e+00
    6.50125206e-01 7.42804646e-01 -4.49533045e-01 -3.61648142e-01
    -1.01268589e-01 -9.02882397e-01 1.70791519e+00 1.56721020e+00
    1.64076960e+00 -1.06247663e+00 1.10474348e-01 -9.42074299e-01
    -5.11831760e-01 -4.65465009e-01 2.10684299e-01 -7.60362446e-01
    3.35814178e-01 1.69668627e+00 1.14200175e+00 1.30725682e+00
    7.89249420e-01 1.14395857e+00 1.81406736e-01 -8.03811848e-01
    -2.78892100e-01 6.22289300e-01 2.96952605e-01 1.58839536e+00
    1.41114879e+00 1.19905591e+00 4.73476052e-01 1.42416191e+00
    -2.15169430e-01 -1.69793963e-01 1.23723400e+00 4.74731147e-01
    1.60956347e+00 1.33739090e+00 8.21346045e-01 4.01287794e-01
    3.82229686e-01 5.07731438e-02 9.48267579e-01 1.78270006e+00
    8.38117838e-01 -1.77175403e-01 -2.02211142e-02 1.09385741e+00
    -6.64749086e-01 1.61503410e+00 6.41608119e-01 7.18556762e-01
    -8.63773048e-01 1.79162407e+00 2.19491124e-01 1.62388885e+00
    7.92189479e-01 -4.20707345e-01 1.73275185e+00 1.24708879e+00
    1.65853262e+00 -6.17086530e-01 -6.01884842e-01 4.32613790e-01
    -2.19709933e-01 -8.07513177e-01 1.81448412e+00 1.86882353e+00
    1.00103998e+00 -6.13286436e-01 1.68063593e+00 1.53209233e+00
    1.09857821e+00 8.38210225e-01 -1.34775341e-01 -3.07428777e-01
    1.45671892e+00 1.59508467e+00 -7.44712472e-01 2.26377189e-01
    1.18611169e+00 4.55667973e-01 -8.02957475e-01 -7.86650002e-01
    -9.92789209e-01 -3.41274619e-01 2.37787008e-01 1.58060312e+00
    -4.24976885e-01 -6.52695954e-01 9.87771630e-01 -8.28053117e-01
    7.54445076e-01 9.35185313e-01 -3.14464033e-01 1.88131237e+00
    -6.02396131e-01 3.96152020e-01 3.66822481e-01 1.46630287e+00
    1.37900114e-01 7.20202684e-01 3.19820642e-02 -3.94392014e-03
    1.28092182e+00 9.65265870e-01 1.61693871e+00 -3.20860028e-01
    3.32615376e-01 2.52713799e-01 1.37745500e+00 3.05829763e-01
    1.77752519e+00 4.82406020e-01 6.70665383e-01 1.78922963e+00
    1.72840166e+00 1.07218325e+00 1.60905886e+00 1.52511716e+00
    1.40417635e+00 1.15246940e+00 -7.59041429e-01 1.17970204e+00
    1.86888695e+00 -5.54616690e-01 -6.88414931e-01 6.27680659e-01
    5.22024512e-01 1.70376325e+00 1.43581772e+00 -4.45598245e-01
    8.93118322e-01 1.81446075e+00 -5.81981063e-01 -2.98528016e-01
    4.59866285e-01 2.37772226e-01 -1.54280066e-01 -8.22839141e-02
    -3.37273479e-01 1.22221088e+00 1.33725512e+00 -4.97929931e-01
    -2.77287006e-01 1.58614647e+00 8.62943053e-01 -7.76249766e-02
    7.97951937e-01 -2.52296686e-01 1.93416953e-01 1.82052732e-01
    1.34961557e+00 1.96458995e-01 -8.43743205e-01 -9.33408976e-01
    1.78126121e+00 1.62448347e+00 9.99834836e-01 1.54269874e+00
    1.89407301e+00 -4.23936844e-02 -2.02660978e-01 1.85232222e+00
    1.03979337e+00 1.03797340e+00 7.93465018e-01 1.53436792e+00
    1.10457277e+00 -7.26683438e-01 -6.75258636e-01 -3.80300581e-01
    -5.50938368e-01 8.07249665e-01 7.34445691e-01 -2.87262082e-01
    -2.19623744e-01 1.32771993e+00 1.79892290e+00 -9.18579280e-01
    -7.60852396e-01 2.82337606e-01 -8.81713212e-01 -1.50920331e-01
    1.10555840e+00 2.79050827e-01 -1.24929547e-02 4.54932928e-01
    1.94914818e+00 1.89270830e+00 1.20600557e+00 2.02753210e+00
    -2.45972812e-01 3.66142511e-01 -6.05672598e-02 4.06179190e-01
    -4.93415415e-01 1.15518939e+00 4.25701141e-02 1.02099824e+00
    1.60895801e+00 1.43660092e+00 1.11478972e+00 1.71990478e+00
    1.12119567e+00 -8.59299421e-01 6.91159606e-01 2.27127731e-01
    5.55127382e-01 1.10501337e+00 7.14230359e-01 -8.24004412e-01
    1.31711173e+00 -5.22199631e-01 1.44889498e+00 1.15448499e+00
    6.58339262e-02 1.17056680e+00 1.09951973e-01 1.72287512e+00
    1.67207599e-01 1.92419863e+00 9.05025721e-01 -3.80311191e-01
    -7.13529229e-01 2.05958426e-01 1.30277419e+00 1.48727083e+00
    1.09591532e+00 1.22543383e+00 -7.25522041e-01 1.71621668e+00
    -1.83655441e-01 1.77640247e+00 6.12453640e-01 1.64681673e-03
    8.09180617e-01 4.99850750e-01 8.24858725e-01 -7.18850493e-02
    7.69597292e-02 -5.62592745e-01 -4.59050089e-01 2.00280666e+00
    1.61460042e+00 7.89218962e-01 1.09382629e-01 -3.54141057e-01
    -9.21355903e-01 1.08471870e-01 6.47532463e-01 1.87493026e+00
    7.44909644e-02 1.76454997e+00 4.69143748e-01 -4.78052914e-01
    2.86875308e-01 -6.49851382e-01 5.10756254e-01 1.19912148e+00
    -6.85590386e-01 1.27567172e+00 4.37297821e-01 -1.54426455e-01
    6.54074550e-01 8.73406172e-01 4.63898301e-01 1.25905597e+00
    4.93749857e-01 -8.25260460e-01 1.21262193e+00 2.23482370e-01
    -1.01432920e-01 4.74300027e-01 1.08851337e+00 1.44539917e+00
    -5.08477449e-01 -6.39540553e-01 1.81485832e+00 7.11202979e-01
    -4.35272157e-01 1.84818041e+00 1.13418937e+00 -4.28002715e-01
    1.82357585e+00 -5.61138213e-01 -7.72625089e-01 -1.23714983e-01
    2.32907355e-01 -9.81479466e-01 1.85814691e+00 5.90019464e-01
    5.93588352e-01 -4.39551532e-01 -9.74723995e-01 -1.01470053e-01
    1.80803823e+00 1.57461917e+00 -1.33180499e-01 2.34080493e-01
    1.44124055e+00 1.94810987e+00 9.34705853e-01 -3.62594724e-02
    -6.94508076e-01 -1.56180441e-01 6.43867254e-02 3.47111464e-01
    1.50613606e+00 6.48342729e-01 1.13474417e+00 1.25549543e+00
    -1.24808371e-01 5.89072347e-01 -8.29386950e-01 1.56335950e-01
    -2.54691482e-01 1.69877481e+00 -6.23471498e-01 1.78796864e+00
    3.92461538e-01 -2.96894312e-02 6.34695888e-01 3.76972198e-01
    1.55817068e+00 -3.95736277e-01 -3.12555850e-01 -6.44279122e-02
    -1.94720984e-01 9.43698168e-01 -4.33088124e-01 1.19657350e+00
    -7.04238415e-01 1.08150291e+00 1.55323160e+00 3.04169714e-01
    -4.91642892e-01 -2.03842878e-01 -4.44740653e-01 1.69884682e+00
    6.07012391e-01 -1.42813027e-01 1.23612821e+00 -6.25386715e-01
    1.37043452e+00 -3.90290380e-01 -6.12305045e-01 -6.81913614e-01
    1.32868791e+00 -5.46112537e-01 1.46274650e+00 -1.30538523e-01
    4.17498469e-01 7.97390580e-01 1.25130677e+00 1.30542254e+00
    -6.57859921e-01 9.27946568e-01 -6.34467721e-01 -4.28452492e-01
    -5.83690643e-01 8.18557560e-01 -8.75178397e-01 4.72104430e-01
    1.30112648e-01 1.65728939e+00 9.33621526e-01 -6.75657153e-01
    1.93956733e-01 -5.33540905e-01 1.44535542e+00 1.66485214e+00
    -8.69646788e-01 -6.07284307e-01 -6.41475916e-01 1.17593312e+00
    -5.79704583e-01 -3.90343308e-01 2.00949430e-01 -5.12025177e-01
    7.50815272e-01 7.94079423e-01 1.77794695e+00 1.16103387e+00
    1.16547775e+00 -8.64789665e-01 2.81151295e-01 -2.02922642e-01
    1.58209312e+00 1.38861120e+00 -1.29630864e-01 3.07363749e-01
    6.72852516e-01 1.63711429e-01 1.84915566e+00 2.00692475e-01
    8.90408754e-01 -7.29428709e-01 1.75488973e+00 5.10382175e-01
    -4.06564713e-01 1.74672484e+00 1.61755764e+00 5.45461178e-01
    1.66605139e+00 2.45452523e-01 -2.40173936e-01 6.81436539e-01
    -5.08135736e-01 -4.51774001e-02 5.36767125e-01 -2.63198376e-01
    -7.97504783e-01 2.13092804e-01 1.00278795e-01 1.66576803e+00
    8.46827388e-01 2.06381500e-01 1.70275247e+00 1.74495637e+00
    4.77656424e-01 9.72606063e-01 6.30407751e-01 7.30474114e-01
    1.89933705e+00 5.36591113e-01 4.82388616e-01 2.18606472e-01
    -3.07374179e-01 -5.06091475e-01 8.82966995e-01 1.51426482e+00
    1.47357118e+00 1.23787522e+00 5.93537092e-01 -3.36456299e-03
    -8.29203010e-01 6.99050486e-01 2.05350339e-01 -7.53637910e-01
    1.65007901e+00 6.41406298e-01 -2.98575699e-01 1.72972560e-01
    -4.54540670e-01 -6.25529885e-01 2.19603062e-01 1.00950336e+00
    -2.22379744e-01 -2.79904425e-01 -3.16614032e-01 -4.75026280e-01
    4.86838996e-01 -1.68917775e-02 5.86798191e-01 1.76875389e+00
    1.44620359e+00 1.00173366e+00 -9.70323443e-01 -8.00292373e-01
    -2.39624679e-01 1.13547444e-01 7.56726503e-01 1.33853960e+00
    1.39723504e+00 -8.76386940e-01 -3.56656551e-01 -9.61719215e-01
    6.32496476e-01 -2.47830927e-01 7.03701019e-01 1.64073324e+00
    4.52132225e-02 8.62058878e-01 1.57192135e+00 1.38133764e+00
    1.54754472e+00 6.85337186e-01 1.11224484e+00 8.38237405e-01
    9.46927965e-01 -5.15802383e-01 -2.04033077e-01 1.28307414e+00
    1.15332866e+00 1.39296794e+00 1.32334483e+00 -4.32650566e-01
    8.91765594e-01 1.61179352e+00 6.59240067e-01 3.74313533e-01
    8.06068420e-01 8.05525959e-01 -7.30466485e-01 6.81885839e-01
    2.83547878e-01 2.72965252e-01 1.83583021e+00 -8.04073870e-01
    -7.14712799e-01 9.26540911e-01 1.97951388e+00 1.90996385e+00
    -8.39965224e-01 -8.23127270e-01 1.34848416e-01 -1.75291300e-03
    1.71699417e+00 1.46662056e+00 4.78310585e-01 1.47322035e+00
    1.75051963e+00 5.26320934e-03 8.00554931e-01 -5.64331710e-01
    1.29640746e+00 7.02615678e-01 4.07191575e-01 1.21950459e+00
    6.51712060e-01 -8.21580887e-01 8.50878119e-01 1.41453564e+00
    -6.23770952e-02 1.69166684e-01 1.74077392e-01 6.08463764e-01
    2.52522826e-01 7.61527240e-01 4.45547819e-01 -7.70509481e-01
    4.65575516e-01 1.92138922e+00 -3.82954538e-01 5.85394382e-01
    1.19023514e+00 1.52939534e+00 5.55706203e-01 7.90588975e-01
    -8.10680151e-01 1.13061833e+00 1.71934521e+00 -4.90265191e-01
    1.70069540e+00 -4.30033386e-01 1.10814595e+00 4.76317823e-01
    3.92314732e-01 3.29429865e-01 3.51153016e-01 2.18957365e-01
    -2.03088701e-01 4.28248465e-01 1.73451996e+00 -3.52234781e-01
    1.19218946e+00 7.36366570e-01 8.89538467e-01 1.32902503e+00
    1.19557464e+00 1.84730005e+00 -7.83705235e-01 -1.25898123e-01
    1.52160776e+00 5.50890803e-01 1.47609472e-01 -8.91005635e-01
    1.47521496e-03 1.27822375e+00 1.45560801e+00 1.52864313e+00
    2.04729438e-02 1.24030972e+00 2.80395806e-01 4.10857618e-01
    5.95550060e-01 1.66561604e+00 4.81061935e-02 1.05928302e+00
    1.95467460e+00 1.09489560e-01 3.88735533e-02 1.37333214e+00
    1.19379735e+00 -7.90545523e-01 1.50081611e+00 -2.07450747e-01
    1.88111448e+00 1.05455434e+00 2.95346022e-01 3.49105835e-01
    1.08286142e+00 2.00158167e+00 8.16169739e-01 -8.76109004e-02
    -3.58104706e-01 -1.45352840e-01 8.93544137e-01 -6.10189438e-02
    6.87215030e-01 1.36274278e+00 -1.92328513e-01 -9.46543634e-01
    -9.63895559e-01 -5.24240971e-01 6.57128096e-02 9.58560348e-01
    9.82991695e-01 -9.88153160e-01 1.60210979e+00 1.74567473e+00
    5.07034421e-01 1.44583046e-01 5.28944910e-01 1.02030468e+00
    -3.66432250e-01 1.27967858e+00 1.41941583e+00 -6.41699791e-01
    7.10405350e-01 5.47118306e-01 1.50713670e+00 1.64074254e+00
    1.38989687e+00 -6.25977159e-01 1.44991958e+00 1.28023827e+00
    -9.73422527e-02 2.72471666e-01 1.72444940e+00 -2.02651322e-01
    1.65831780e+00 8.57402444e-01 1.46530914e+00 -6.98559880e-01
    5.99689484e-02 -5.27289748e-01 1.23018968e+00 2.67211318e-01
    1.36751008e+00 1.48628950e-02 -2.43101180e-01 -4.02350366e-01
    9.32566643e-01 3.39329481e-01 6.41843557e-01 1.26957691e+00
    5.27377009e-01 -3.50753486e-01 -3.71077418e-01 1.78739858e+00
    9.20335650e-01 -8.08308363e-01 -9.14848864e-01 8.04156661e-01
    1.80084229e-01 1.44265199e+00 1.28610110e+00 1.28579342e+00
    1.72139728e+00 -8.18351388e-01 -4.36352611e-01 7.79073119e-01
    9.63123202e-01 1.55677247e+00 1.36522365e+00 1.65111303e+00
    -8.60566139e-01 5.85519731e-01 5.06802797e-02 -5.59666097e-01
    -1.04388595e-01 1.57961178e+00 -4.07786429e-01 9.38255906e-01
    -9.89948094e-01 3.16013515e-01 7.68464506e-01 1.21253848e+00
    8.42940629e-01 -2.69322574e-01 -6.37601256e-01 1.45332408e+00
    -8.27771366e-01 1.95586228e+00 9.79585886e-01 1.70567107e+00
    1.05637860e+00 -4.51514125e-01 1.63366103e+00 2.69056559e-01
    6.53078079e-01 1.12381279e+00 -8.23974609e-03 1.59688878e+00
    -7.57662594e-01 -1.18098438e-01 -4.64473397e-01 1.00017881e+00
    -6.33138239e-01 -8.12985778e-01 -6.77137792e-01 -8.10079217e-01
    1.58436441e+00 2.68961966e-01 -4.22265172e-01 1.59660602e+00
    1.36205912e+00 -8.05709302e-01 8.24206114e-01 -1.19860888e-01
    4.15572047e-01 3.77493024e-01 1.97544336e-01 -8.74331117e-01
    1.30082369e+00 1.71489131e+00 1.55045962e+00 7.86044836e-01
    2.12347031e-01 1.61225164e+00 1.32260466e+00 1.74217808e+00
    1.88802826e+00 3.90357375e-01 6.19352579e-01 1.87146974e+00
    4.43548203e-01 3.96984577e-01 -2.46937275e-02 -7.51593292e-01
    -5.67007899e-01 -2.65480280e-01 -8.09796810e-01 -4.30302292e-01
    6.62892461e-02 1.95234609e+00 -2.44581282e-01 6.69482231e-01
    8.78925622e-01 1.74174142e+00 7.48040736e-01 8.13484430e-01
    1.14770830e+00 9.97922838e-01 1.59245706e+00 -8.25307369e-01
    1.46321356e-01 2.75134206e-01 2.93510973e-01 1.68038893e+00
    -2.71126807e-01 -6.20287657e-01 1.30330348e+00 -3.18384171e-02
    -5.25085926e-02 -6.27068877e-02 5.89306951e-02 -2.39772141e-01
    1.72821879e-02 3.47281694e-01 5.82900047e-01 1.62230361e+00
    -6.58345699e-01 8.77923250e-01 -1.01802564e+00 1.04380918e+00
    -7.34876215e-01 1.62825263e+00 7.19762862e-01 1.14622068e+00
    -4.62041616e-01 1.63381660e+00 5.36981225e-01 -7.30592608e-01
    4.11323428e-01 -6.07027829e-01 -2.57338285e-01 8.18550229e-01
    1.65070939e+00 1.80175924e+00 -3.14717531e-01 -7.29042768e-01
    1.53870797e+00 -7.80305088e-01 -3.59480083e-01 1.39044106e-01
    -2.91860461e-01 1.34430802e+00 -9.16028023e-01 1.53809094e+00
    6.28519595e-01 -4.09914434e-01 1.81827927e+00 -3.90897751e-01
    -9.17702913e-02 1.07294500e+00 8.96032333e-01 8.02864432e-01
    1.08351290e-01 1.05657721e+00 -6.07450128e-01 1.59115434e-01
    1.04687810e-02 -9.96487737e-02 -6.69369340e-01 1.48015034e+00
    -1.54759884e-02 5.21927714e-01 1.16642833e+00 -7.47518063e-01
    -6.68911874e-01 1.18120766e+00 -3.01362813e-01 -4.93973523e-01
    -7.58000612e-01 6.85292840e-01 1.22188318e+00 5.80704331e-01
    1.05052280e+00 -5.63561201e-01 1.82957232e+00 7.03899860e-02
    9.96344566e-01 7.90746093e-01 3.46648216e-01 -4.68034267e-01
    -6.01863146e-01 -1.45354986e-01 -3.54865789e-02 5.24169266e-01
    -7.49889851e-01 -7.20706284e-01 4.09403026e-01 6.74139977e-01
    9.36945260e-01 4.13656116e-01 -2.43093252e-01 1.05948162e+00
    -6.92830682e-01 1.34370613e+00 -8.49630058e-01 8.14589202e-01
    1.10345078e+00 1.01675248e+00 1.03486657e-01 7.00156748e-01
    1.28031778e+00 8.70797098e-01 -6.59227848e-01 -7.02052474e-01
    1.87804580e+00 6.53689444e-01 -5.84125996e-01 1.30217886e+00
    1.63775301e+00 3.36338580e-01 5.11192739e-01 8.97069395e-01
    8.30493212e-01 1.42338896e+00 -1.23924196e-01 -9.03546393e-01
    2.50431955e-01 -6.34950399e-02 1.55866456e+00 3.97195578e-01
    -5.03468394e-01 1.66403472e-01 7.06482470e-01 5.20626426e-01
    3.80257905e-01 -2.49072134e-01 -7.70333707e-01 3.84030938e-02
    3.64988208e-01 -1.09102368e-01 -9.26383615e-01 1.63300157e+00
    -6.12670064e-01 6.86413050e-02 5.28511882e-01 1.05971456e-01
    5.90617061e-01 7.81759858e-01 1.00110912e+00 1.41224647e+00
    -4.53572333e-01 1.30423689e+00 7.08206534e-01 1.41091430e+00
    1.16623044e+00 -3.90809655e-01 9.52522039e-01 1.56977975e+00
    1.34014475e+00 1.00133383e+00 -1.03861642e+00 4.97469306e-01
    -1.82858706e-02 8.93691301e-01 4.13478851e-01 6.71614051e-01
    -3.71668100e-01 1.04804397e-01 1.59024894e-01 -3.55173349e-01
    1.57755446e+00 1.82518744e+00 4.03392911e-01 1.86549389e+00
    -3.40535402e-01 -6.81518137e-01 -8.33330810e-01 7.83186555e-01
    -2.64657795e-01 1.45886803e+00 1.16102564e+00 1.75267100e-01
    1.70559680e+00 1.60440326e+00 1.81158197e+00 1.23762882e+00
    6.03699803e-01 2.25384176e-01 1.18870878e+00 1.37325668e+00
    1.85958385e+00 -8.42097402e-02 1.52139127e+00 1.77855265e+00
    9.90111828e-02 -4.50821877e-01 4.76237655e-01 -2.11026073e-01
    9.86679316e-01 6.13697946e-01 -3.34368527e-01 -2.83272564e-01
    -7.38465190e-01 -3.66162956e-01 -6.21902645e-01 1.20485926e+00
    1.06537461e-01 9.52615798e-01 9.70391810e-01 -2.78550923e-01
    -2.50880599e-01 3.04445624e-02 3.25953901e-01 -4.96436805e-01
    -7.94244409e-02 -3.74921560e-01 -2.09320664e-01 1.10140288e+00
    7.81495512e-01 -4.83190894e-01 1.79772651e+00 4.78152573e-01
    -3.86941761e-01 -7.48888075e-01 1.73075616e-01 -1.73413754e-02
    1.97603142e+00 -5.61877251e-01 1.37876654e+00 7.75156498e-01
    1.57588685e+00 1.32972074e+00 -5.59628010e-02 9.54217792e-01
    6.42073989e-01 -5.91417551e-01 1.41214132e-01 -2.77722239e-01
    1.44631886e+00 6.15515471e-01 1.86459470e+00 6.66095138e-01
    -6.77528799e-01 1.77131796e+00 -4.98570472e-01 -9.30340052e-01
    1.09597325e+00 7.15953708e-01 -6.48970485e-01 1.35039902e+00
    -5.45563757e-01 2.82439947e-01 2.34478712e-03 7.52018750e-01
    1.88291276e+00 6.53795302e-01 4.50555503e-01 -3.95492792e-01
    1.22262716e+00 -7.82736480e-01 -1.62964106e-01 1.78978443e-01
    1.71986997e+00 -4.09400105e-01 3.71369720e-02 -2.87662566e-01
    -5.89274824e-01 1.04427671e+00 6.89084291e-01 -4.48350161e-01
    8.31576467e-01 -7.07690418e-01 8.64037812e-01 3.38440895e-01
    1.01927078e+00 6.93380475e-01 -8.75342131e-01 -4.29304779e-01
    1.62198138e+00 2.18858123e-01 -9.37426567e-01 4.60135579e-01
    1.38783574e-01 9.20741796e-01 1.14395571e+00 3.25217962e-01
    1.90525258e+00 5.12127995e-01 -6.25180185e-01 1.56506610e+00
    1.39290547e+00 -6.99333787e-01 1.94746423e+00 1.03307581e+00
    1.20899069e+00 5.89484334e-01 1.33433819e+00 3.19294035e-01
    1.89788496e+00 1.86483407e+00 -9.14366186e-01 1.01440465e+00
    1.41694975e+00 -8.06388021e-01 -2.15699196e-01 9.57567036e-01
    1.35474014e+00 1.62810421e+00 7.48339653e-01 -1.10757768e-01
    -9.15006578e-01 -7.37121105e-01 1.85879946e+00 6.37563467e-01
    -5.72890401e-01 1.02488673e+00 1.19965649e+00 1.08173752e+00
    -6.37343526e-02 -6.86927795e-01 1.63439810e-01 1.84570146e+00
    1.12421536e+00 1.43105030e+00 9.82018948e-01 1.18611550e+00
    -3.54137063e-01 -7.48664975e-01 1.66081095e+00 -1.17289603e-01
    2.28531718e-01 1.67676592e+00 3.82597625e-01 2.24745512e-01
    2.87311077e-02 -8.40919852e-01 1.14988399e+00 -2.07766891e-01
    1.58982122e+00 1.35237384e+00 -1.62068009e-01 -6.98271990e-01
    1.36238372e+00 1.63329208e+00 1.28187537e+00 8.43277395e-01
    7.06964672e-01 7.84215510e-01 1.28769374e+00 9.38125014e-01
    1.06626844e+00 1.76323223e+00 2.74077058e-01 9.32434857e-01
    -5.85119605e-01 1.71739399e-01 -1.99701548e-01 -1.63487852e-01
    1.52384233e+00 4.07882929e-02 1.61668444e+00 -1.11642957e-01
    -5.00287890e-01 -2.03687429e-01 -3.21567833e-01 1.80897975e+00
    1.39778316e+00 1.00996733e+00 7.78130174e-01 1.74631107e+00
    4.61007833e-01 2.87958980e-02 1.60894859e+00 1.33399105e+00
    1.28602219e+00 1.12559557e+00 4.29647386e-01 1.99573112e+00
    1.17808235e+00 8.75331879e-01 1.65307379e+00 -4.13329244e-01
    1.10262275e+00 -9.83576179e-02 1.63779628e+00 -7.62671649e-01
    1.30199075e+00 1.58693266e+00 4.97846723e-01 6.74126744e-01
    -7.35240996e-01 7.69532919e-01 1.46268821e+00 1.06835616e+00
    1.80294526e+00 8.04346204e-01 -4.02788520e-02 -7.83767104e-01
    1.55927527e+00 1.77690458e+00 1.04621625e+00 -8.07015419e-01
    1.43521523e+00 4.40975904e-01 -8.08275342e-02 1.46258092e+00
    -6.73373938e-02 1.87283778e+00 1.56126940e+00 1.28899693e-01
    1.22449589e+00 4.36441898e-02 -2.16049373e-01 1.62029719e+00
    1.34705901e-01 1.67457652e+00 -1.03928566e+00 9.52489614e-01
    9.01227474e-01 3.17112207e-01 -1.66256249e-01 -4.80396748e-01
    1.78917241e+00 -1.19834721e-01 1.83953428e+00 -6.56465888e-02
    1.09035802e+00 -3.06945145e-01 -4.21188474e-02 8.39459717e-01
    1.34540713e+00 1.18590689e+00 8.59297037e-01 1.92506909e+00
    5.80171406e-01 -4.04229760e-02 1.73599684e+00 1.44896698e+00
    -8.38787138e-01 3.60538960e-01 8.67492199e-01 6.17883205e-01
    1.55231166e+00 -4.53702688e-01 9.78909314e-01 1.02123976e+00
    5.25691271e-01 -1.24204338e-01 -5.47141314e-01 1.97001815e-01
    1.23137057e+00 7.11766362e-01 1.01746249e+00 -7.98144579e-01
    1.51259315e+00 3.56188536e-01 -6.67776465e-02 -2.82060444e-01
    4.44301307e-01 -5.33055007e-01 -2.78862894e-01 8.34582388e-01
    1.28496194e+00 5.51742852e-01 1.32489860e-01 1.06199598e+00
    8.93435478e-02 1.23393345e+00 8.27722847e-01 3.80887926e-01
    2.85597503e-01 9.10279453e-01 1.93262053e+00 1.47152781e+00
    1.51202857e+00 1.10677397e+00 -3.33616406e-01 1.75557029e+00
    -7.55474567e-02 8.79241824e-02 -3.87312531e-01 1.00725651e+00
    1.72985029e+00 1.31740761e+00 -1.97685421e-01 1.47310615e-01
    9.69744086e-01 -4.40030575e-01 1.08849752e+00 -1.08102536e+00
    -1.11851752e-01 1.37081933e+00 1.36479688e+00 1.04906523e+00
    5.62235236e-01 1.39913535e+00 1.70158815e+00 -5.40765285e-01
    -1.90479934e-01 8.25797677e-01 1.33912587e+00 -1.25499547e-01
    -5.02838492e-02 -6.15875602e-01 -3.54297459e-01 1.33274293e+00
    1.91658735e-02 4.20318186e-01 2.07332730e-01 -6.76451206e-01
    -1.04844570e-04 -6.48988605e-01 9.79905844e-01 -6.25148058e-01
    -5.81862450e-01 1.34375453e+00 -1.65116191e-02 -4.88287151e-01
    1.16532886e+00 1.07130146e+00 6.61215305e-01 5.18142223e-01
    1.56582022e+00 6.34563863e-01 4.24483001e-01 -8.34241509e-02
    -2.50989676e-01 1.55695677e-02 8.11135530e-01 -5.91338992e-01
    -8.17018807e-01 1.96934271e+00 1.78988671e+00 -6.75895095e-01
    1.40845156e+00 6.41380548e-01 7.06555486e-01 1.61935759e+00
    2.21369267e-01 3.11710238e-01 -8.32842708e-01 1.52462828e+00
    -6.19199872e-01 1.63301587e+00 3.85874748e-01 -6.02392256e-01
    1.72935903e-01 -1.45974517e-01 3.72850597e-01 1.68321252e+00
    -3.37976158e-01 1.46399701e+00 -7.29840696e-01 1.73059416e+00
    -6.08324289e-01 1.28327823e+00 1.34289062e+00 -2.11276233e-01
    1.63500118e+00 3.55479479e-01 7.23177254e-01 5.09541512e-01
    7.72300243e-01 -1.45761430e-01 5.72401226e-01 5.65474212e-01
    4.83909428e-01 -5.61462820e-01 4.17790711e-01 1.80078733e+00
    7.47047067e-02 1.47356653e+00 5.73535681e-01 1.86017478e+00
    8.68294120e-01 -3.45384598e-01 1.39062381e+00 1.74964809e+00
    2.25301564e-01 1.99841666e+00 -2.70998716e-01 -5.31121910e-01
    -3.54073048e-02 -3.56771946e-02 7.23751485e-01 1.05728209e+00
    -8.40322614e-01 5.00394583e-01 3.79779458e-01 1.41824555e+00
    3.15087497e-01 7.29647100e-01 3.79005432e-01 1.72771704e+00
    1.27597713e+00 1.63117039e+00 1.85220432e+00 2.49413371e-01
    8.71936560e-01 6.71754837e-01 9.23662186e-01 -7.75681496e-01
    -4.25699294e-01 1.64990973e+00 1.79465985e+00 9.85344529e-01
    1.62043333e-01 -4.70794380e-01 -4.23901796e-01 -3.70971978e-01
    3.77711356e-01 1.05041099e+00 1.90454960e+00 1.23463178e+00
    -2.99117148e-01 2.96745181e-01 6.55672669e-01 1.20190418e+00
    1.29134715e-01 1.45165575e+00 -1.64369047e-01 -4.95545179e-01
    -1.26275003e-01 -8.22126329e-01 1.14394665e+00 3.63594413e-01
    1.22900248e+00 -6.71887755e-01 5.22494912e-01 1.24092650e+00
    9.85352397e-02 3.22476923e-01 -7.09512770e-01 1.20107055e-01
    1.35775328e+00 1.83298254e+00 -1.79797411e-03 -3.57867360e-01
    -3.23652208e-01 1.60553527e+00 7.39977956e-02 -3.75501275e-01
    8.07623327e-01 1.97416949e+00 -4.58641499e-01 4.21712518e-01
    9.42069530e-01 -7.38629520e-01 1.10155511e+00 1.41917062e+00
    -6.27048075e-01 -4.23322916e-01 9.10033762e-01 -3.26612175e-01
    1.85417867e+00 1.02223539e+00 5.19044399e-02 -5.36565661e-01
    1.01349378e+00 4.40911233e-01 3.92275691e-01 -6.61753714e-01
    1.44377697e+00 -1.67709053e-01 6.28593504e-01 1.01091433e+00
    1.28417516e+00 1.73461556e-01 3.48302960e-01 1.06615138e+00
    1.64139020e+00 1.23247981e-01 1.25535893e+00 1.54972005e+00
    1.10513413e+00 8.01477909e-01 -2.56751597e-01 -6.48272514e-01
    -2.10033655e-02 -3.14440012e-01 1.17793453e+00 1.52960658e+00
    -8.51020455e-01 1.41044331e+00 -3.54062915e-01 -8.33422601e-01
    1.02448225e-01 -4.89073992e-01 1.38315916e+00 -5.88894963e-01
    -6.45654678e-01 6.46936893e-02 1.44291687e+00 1.61625171e+00
    9.06002522e-02 1.38597631e+00 2.64085889e-01 -2.14142501e-01
    1.42658055e+00 1.15973914e+00 -9.20545340e-01 1.02840829e+00
    -2.95008361e-01 -8.95376623e-01 9.62149620e-01 -9.69793439e-01
    1.13350999e+00 6.90628648e-01 3.30364823e-01 -6.90150976e-01
    -6.10529423e-01 1.39001763e+00 1.56650841e+00 7.91201353e-01
    -8.42198730e-02 -3.11086178e-02 -4.47362334e-01 -4.68269765e-01
    -6.01998746e-01 2.01208782e+00 -5.26966333e-01 1.53004742e+00
    1.11348081e+00 -8.31053913e-01 -2.05206692e-01 -7.56991148e-01
    5.59935331e-01 -4.16014344e-01 1.03879762e+00 1.63207674e+00
    -1.90935731e-01 -4.07492638e-01 -9.53597426e-02 3.75705063e-01
    -1.24596119e-01 5.08005142e-01 -3.41027975e-02 -5.18917859e-01
    -3.88890982e-01 5.51645458e-01 1.52694619e+00 -7.48829126e-01
    4.25269842e-01 -7.43542552e-01 2.28374481e-01 4.37462807e-01
    6.22401357e-01 4.44741011e-01 7.81923413e-01 1.62464523e+00
    -7.96294570e-01 -9.42109942e-01 3.10896277e-01 1.00024712e+00
    5.38475037e-01 1.79331517e+00 1.43112004e+00 9.40516233e-01
    3.25210869e-01 -6.62092566e-01 1.02425432e+00 1.18744135e+00
    -7.96346545e-01 -1.04716599e-01 1.47526073e+00 6.19926333e-01
    -2.79357672e-01 8.60419214e-01 1.37924767e+00 -2.43521154e-01
    1.67435527e-01 -3.75228047e-01 -6.05627894e-02 -6.80240989e-02
    5.44173121e-01 1.03048849e+00 -6.64972663e-02 1.43330932e+00
    -2.92280376e-01 1.03265047e-01 1.88637733e+00 -4.24661696e-01
    8.00335109e-01 -7.87185371e-01 -5.61233401e-01 -7.50571489e-03
    3.18038166e-01 -8.24111104e-01 9.44439352e-01 4.81337547e-01
    6.48099124e-01 1.67198241e-01 1.62396479e+00 1.79340327e+00
    1.17048407e+00 1.45590949e+00 9.53778863e-01 4.22059417e-01
    1.45289743e+00 -6.94411397e-02 -3.99905562e-01 -5.49882174e-01
    1.32999778e+00 -5.41279435e-01 5.27382135e-01 -2.68914104e-01
    1.34685421e+00 1.36993051e+00 7.05398202e-01 1.51865184e+00
    1.67405045e+00 5.67528367e-01 -7.42544174e-01 1.35284400e+00
    2.64838457e-01 1.39903903e+00 2.12333679e-01 7.62437403e-01
    9.01845813e-01 1.97011268e+00 1.07719564e+00 1.06401372e+00
    5.73778212e-01 1.37614322e+00 1.75217628e+00 5.60088873e-01
    -5.09995937e-01 6.88635588e-01 -6.33748591e-01 3.96591067e-01
    1.35496378e+00 1.74691570e+00 1.32655120e+00 -7.43646860e-01
    7.08628476e-01 -4.28971589e-01 -5.75156629e-01 7.08171844e-01
    1.85947800e+00 -4.44928408e-02 8.08699608e-01 6.49123609e-01
    -6.70032680e-01 -4.15413201e-01 -3.78667414e-01 1.52850127e+00
    -1.27356410e-01 1.82083416e+00 7.92193651e-01 -1.60461307e-01
    1.56191349e-01 2.43649125e-01 -6.82573497e-01 -7.65631676e-01
    9.10113692e-01 -4.97502148e-01 -7.23971486e-01 -1.59362376e-01
    -9.17154253e-01 1.82465374e+00 -1.71650290e-01 7.15038776e-02
    -7.95258164e-01 1.15630031e+00 1.39252615e+00 -5.72391629e-01
    8.92127573e-01 -3.44626307e-01 5.05412400e-01 1.37479007e+00
    1.08205104e+00 -5.16483247e-01 -5.37398338e-01 -9.07513082e-01
    1.20639813e+00 -9.22628045e-02 1.27891338e+00 -7.21590996e-01
    -8.52585018e-01 8.53260934e-01 1.22377932e+00 3.16007018e-01
    3.63806725e-01 1.10360181e+00 -3.05971324e-01 1.29804826e+00
    -5.69704056e-01 1.67347193e-02 1.27660215e-01 7.46375501e-01
    2.51398981e-01 2.86571264e-01 2.68278003e-01 8.33076596e-01
    1.62372470e+00 1.35557163e+00 -8.10067415e-01 1.14514828e+00
    3.56179476e-02 1.72617197e+00 7.73305178e-01 1.48631215e+00
    -5.22318721e-01 1.91247523e-01 -8.78484428e-01 9.23699260e-01
    1.93483043e+00 -4.87232804e-01 1.93816125e-01 9.92792785e-01
    -6.50073528e-01 1.40257764e+00 7.29489446e-01 3.28502357e-01
    1.74906611e-01 1.25710964e+00 3.82909238e-01 3.21731210e-01
    1.57399178e-01 1.08290029e+00 -8.92742515e-01 7.98710585e-01
    1.46180427e+00 -5.21127760e-01 9.32214499e-01 1.09586918e+00
    1.74230576e-01 1.51951826e+00 1.43006086e+00 1.58334470e+00
    -7.70265281e-01 1.80438542e+00 4.10120130e-01 1.73586571e+00
    -1.09016836e-01 7.63464808e-01 1.83030272e+00 1.59555268e+00
    1.07574606e+00 9.39500332e-03 7.89902747e-01 -2.04317093e-01
    5.30303895e-01 6.64307117e-01 1.28222609e+00 1.81052446e+00
    -5.01997352e-01 -7.84291983e-01 4.70273018e-01 7.61274338e-01
    6.78545237e-02 1.13574290e+00 1.59699905e+00 -8.02909493e-01
    1.12924457e+00 7.44252205e-02 -7.83471704e-01 -8.25758755e-01
    4.72537637e-01 1.24099159e+00 -6.11482859e-01 3.43902349e-01
    5.68805933e-02 1.16859317e-01 1.84623885e+00 1.78703403e+00
    1.75001025e+00 1.49416065e+00 -4.56535697e-01 -3.66900682e-01
    1.25284755e+00 1.16771042e+00 -5.25343835e-01 1.83603585e-01
    5.95936835e-01 8.33180249e-01 6.71035886e-01 -7.34964967e-01
    1.06747735e+00 -4.35488641e-01 1.45647788e+00 3.94724905e-01
    6.00022793e-01 -1.71921372e-01 -5.60775161e-01 -8.34295273e-01
    1.52608812e-01 9.23849404e-01 5.15473306e-01 1.68868327e+00
    -6.01936281e-01 1.91879773e+00 -2.17426419e-02 -5.09210944e-01
    1.44215989e+00 2.25786567e-01 6.57885075e-01 1.58685541e+00
    1.09403026e+00 7.11071134e-01 4.97730494e-01 1.59309149e+00
    1.18113530e+00 -8.28964055e-01 1.19130361e+00 1.18604839e+00
    -1.62766933e-01 -6.19105816e-01 1.64250851e+00 1.85677338e+00
    1.46067822e+00 9.96083140e-01 1.35493004e+00 -3.48595500e-01
    -2.43069470e-01 1.04241955e+00 4.05457497e-01 1.72646117e+00
    1.63326514e+00 1.66330135e+00 5.55777252e-01 1.78219140e+00
    -8.41624320e-01 -8.74786079e-01 -6.34622991e-01 -5.73811889e-01
    1.97819018e+00 1.96039510e+00 -5.17937422e-01 -1.79521561e-01
    -2.51092374e-01 1.51489341e+00 6.45510912e-01 1.73665214e+00
    1.07613683e-01 1.01686549e+00 1.63604581e+00 -4.75961566e-02
    1.90226805e+00 7.39056408e-01 -1.33275926e-01 -6.07964635e-01
    1.10825312e+00 1.57907546e+00 1.63079321e+00 -8.14674854e-01
    6.55800045e-01 9.23707783e-01 9.89008069e-01 1.01905847e+00
    -9.40552652e-01 7.12482572e-01 1.27175760e+00 1.39229488e+00
    1.29570866e+00 -7.69813776e-01 1.18238330e+00 3.15121770e-01
    1.33334970e+00 -6.72969699e-01 -8.70824933e-01 1.60513926e+00
    1.42155528e-01 1.39906287e+00 1.84331691e+00 -5.57420552e-01
    9.42671895e-01 9.81141031e-01 1.87741911e+00 1.75205922e+00
    -8.61888289e-01 -7.11294949e-01 1.89979100e+00 -3.92057955e-01
    1.04058862e-01 8.97241235e-01 -8.14063430e-01 1.23476160e+00
    -3.31130028e-02 -7.52904594e-01 -4.78645563e-02 7.77261257e-01
    1.18931305e+00 -6.80053473e-01 4.19383287e-01 1.11542559e+00
    6.30693257e-01 8.47953558e-02 1.45233691e+00 -8.09438229e-01
    -8.54333639e-01 4.63998497e-01 5.95335364e-02 8.67689013e-01
    -8.44637692e-01 -2.07574666e-01 -1.03569865e-01 5.18289208e-02
    1.25079036e+00 1.74111009e-01 1.02339458e+00 1.26794672e+00
    2.16135859e-01 6.38604045e-01 -2.82575786e-01 1.77209091e+00
    -1.20255053e-01 -7.55296111e-01 1.20377207e+00 1.01903915e+00
    1.18982649e+00 4.92666960e-01 -1.32105350e-02 1.86645651e+00
    1.59811747e+00 1.61162746e+00 9.88475144e-01 -8.81584406e-01
    1.29287720e+00 -6.75698221e-01 1.28479481e+00 1.99905038e+00
    1.57604790e+00 -3.28208745e-01 -1.79361224e-01 1.94675505e+00
    1.35644078e+00 -8.28701973e-01 -3.81952137e-01 -3.34769547e-01
    1.54832709e+00 -7.48672903e-01 -1.50678515e-01 1.68657362e+00
    -2.83151925e-01 6.16565943e-01 -7.95597672e-01 -1.57948613e-01
    5.20988286e-01 1.59864855e+00 9.46531415e-01 1.09777093e+00
    -8.22870314e-01 -2.55159914e-01 4.11378622e-01 1.15469122e+00
    1.68867135e+00 3.44109595e-01 5.92658639e-01 -8.59682858e-01
    8.24595690e-01 1.61658144e+00 -5.41369081e-01 4.72422004e-01
    -6.49873078e-01 1.37885666e+00 3.48463893e-01 1.71013331e+00
    9.12181258e-01 1.26037657e-01 1.17632508e-01 1.80654466e-01
    1.07802939e+00 1.88203239e+00 1.84404433e-01 -5.83329439e-01
    1.87227583e+00 1.42092109e+00 1.04549932e+00 3.82156789e-01
    1.28160763e+00 3.49633932e-01 6.32866204e-01 3.25140715e-01
    8.81775618e-02 7.48528719e-01 -8.31875801e-02 1.31109500e+00
    1.12853122e+00 3.65264654e-01 8.49789739e-01 2.70944834e-01
    1.15307844e+00 -1.02392983e+00 1.37801051e-01 1.24940324e+00
    1.62535560e+00 -4.52272296e-02 8.89726281e-01 1.52119148e+00
    8.45896244e-01 -2.38357842e-01 1.33893585e+00 1.90370417e+00
    -9.58994806e-01 9.93203819e-01 1.52851033e+00 -8.95952344e-01
    1.42260849e-01 -5.17204523e-01 1.14034724e+00 -5.01008987e-01
    5.66595793e-02 -9.51244473e-01 9.65992212e-01 -1.01944113e+00
    1.75862014e+00 1.84431779e+00 8.11145186e-01 5.87190509e-01
    4.59611416e-01 4.85752702e-01 -8.36564720e-01 1.93745613e-01
    8.44525218e-01 8.84148836e-01 3.49986494e-01 -4.33983803e-02
    5.39016247e-01 1.61328220e+00 1.63469791e-01 3.74137819e-01
    1.35207748e+00 1.52890503e-01 1.44479609e+00 -1.83261633e-02
    1.67955947e+00 2.44985104e-01 1.42880750e+00 1.34448910e+00
    9.89233077e-01 2.44828165e-01 -8.08603466e-01 -5.56519866e-01
    9.11651492e-01 4.63439107e-01 -6.12200499e-02 1.52715087e-01
    1.42095411e+00 1.33558071e+00 1.32682681e+00 -5.73444605e-01
    9.51986551e-01 1.16492462e+00 1.50618148e+00 -2.28261292e-01
    -2.86819816e-01 -4.97153729e-01 1.64585042e+00 1.91852522e+00
    4.10854220e-02 -5.56370676e-01 1.40429389e+00 8.28701377e-01
    1.23561180e+00 1.63243365e+00 2.57005215e-01 9.38866138e-01
    6.31867707e-01 9.54260409e-01 -7.28724718e-01 -8.69749606e-01
    9.70649719e-01 1.24089980e+00 5.20808756e-01 1.63233876e+00
    -4.02673125e-01 6.48692429e-01 -4.57327008e-01 7.82928944e-01
    1.40658021e-02 1.05382895e+00 -8.61369133e-01 1.31933141e+00
    -8.78202975e-01 -8.32282066e-01 -5.26602268e-02 7.00759649e-01
    -5.13937473e-01 7.34098673e-01 1.10378504e+00 1.62961006e+00
    7.50678837e-01 -5.60049891e-01 7.23674297e-02 -3.59392822e-01
    7.23729014e-01 9.68012571e-01 -9.57497597e-01 1.25408053e+00
    1.35658908e+00 -3.69951427e-01 -4.29907918e-01 1.64456975e+00
    9.36249137e-01 -5.51557541e-02 7.46396661e-01 6.49233162e-01
    1.41711998e+00 1.50041103e+00 1.02181649e+00 -6.68028951e-01
    -4.79512095e-01 -1.48171663e-01 -1.29396498e-01 6.91074848e-01
    1.48585773e+00 -5.75873792e-01 1.03038740e+00 -3.50168467e-01
    -4.75447237e-01 -4.74542975e-02 -9.68320549e-01 1.39755869e+00
    1.67460155e+00 -6.70883358e-01 -8.40351284e-01 -6.16900325e-01
    -5.04830837e-01 9.67822552e-01 -2.58567095e-01 -8.11715603e-01
    -3.02827656e-01 1.43063724e-01 6.95124507e-01 6.75244212e-01
    7.38395691e-01 -6.20466650e-01 -9.74094868e-01 5.99531889e-01
    5.53185701e-01 3.13071966e-01 2.59155035e-02 6.13346457e-01
    -2.59216428e-02 -7.45554090e-01 1.03742409e+00 4.68253195e-01
    -7.18461573e-01 1.67222464e+00 -2.32938647e-01 1.89227855e+00
    -9.19648528e-01 1.22921467e+00 1.66928566e+00 -9.84629571e-01
    1.26140475e+00 6.97891235e-01 1.50816536e+00 -9.85168219e-02
    8.29279125e-01 -9.10461843e-01 7.81950235e-01 3.42179418e-01
    9.68229115e-01 4.51538146e-01 1.72184539e+00 9.13593769e-02
    -7.27333128e-01 1.52659976e+00 -2.38752365e-02 2.99782038e-01
    1.53774261e+00 -9.98915434e-01 1.62368631e+00 -4.36649323e-01
    -3.77625823e-01 1.11662626e+00 9.99058247e-01 1.59837604e-01
    -9.78996634e-01 1.82866549e+00 1.00902247e+00 -9.17873442e-01
    -2.77548552e-01 -6.49953723e-01 2.66863883e-01 -5.36863983e-01
    1.09598589e+00 6.49047554e-01 -5.75249732e-01 -3.64654839e-01
    6.27411366e-01 -4.22039092e-01 -4.68800992e-01 6.01255476e-01
    -2.76897550e-02 9.51651216e-01 1.86752486e+00 1.69400740e+00
    -3.19958687e-01 1.59722519e+00 1.93020344e+00 -7.86817670e-01
    7.33778238e-01 7.89971054e-01 1.12398863e+00 1.77128541e+00
    1.82810187e-01 9.85019684e-01 -5.72830558e-01 -6.89809620e-01
    1.00606537e+00 -8.13548028e-01 -2.87316382e-01 -5.52815855e-01
    -3.89540136e-01 1.40809834e+00 9.95258689e-02 -4.35592502e-01
    1.93020952e+00 9.60928857e-01 -8.73958707e-01 2.42993236e-02
    -2.96944737e-01 1.45567894e+00 6.61303520e-01 4.22598004e-01
    -6.42481625e-01 4.83313978e-01 1.86680269e+00 5.53713143e-01
    -6.41567349e-01 1.77262950e+00 -7.58605838e-01 -9.24819112e-02
    1.00953948e+00 2.49759972e-01 -5.77488065e-01 3.54618371e-01
    3.78504038e-01 9.43322361e-01 1.65832841e+00 -2.47835517e-01
    1.33879459e+00 -7.59429693e-01 -6.53009295e-01 -6.65151715e-01
    1.31944013e+00 2.46969700e-01 1.53090858e+00 1.07550287e+00
    1.08857560e+00 1.02069283e+00 1.69376969e-01 1.62882185e+00
    -6.42990410e-01 2.39993453e-01 -6.94617569e-01 -2.01204717e-01
    1.43876910e+00 1.32150233e-01 1.13174796e-01 6.55263841e-01
    -6.06479287e-01 6.74546242e-01 -6.99011087e-01 -7.73644149e-01
    9.54816818e-01 -2.84601450e-02 1.05505931e+00 -3.68848503e-01
    1.03380120e+00 1.90006018e-01 -3.42603624e-01 1.03778112e+00
    -1.02436864e+00 -3.26562941e-01 9.56132770e-01 1.06021619e+00
    1.23848557e+00 1.44390607e+00 1.96067870e+00 1.39210701e+00
    1.03293335e+00 4.84133005e-01 1.05761981e+00 9.33665752e-01
    4.74844933e-01 -6.17375493e-01 -2.73591459e-01 1.41942918e+00
    3.19071829e-01 -6.61279619e-01 4.90739703e-01 -4.74182218e-01
    2.18223512e-01 -8.25391173e-01 1.02300763e+00 1.53049898e+00
    -5.21925211e-01 -5.88645995e-01 -3.99252176e-02 1.83065188e+00
    9.23193872e-01 8.94390523e-01 1.27269030e-02 1.66168952e+00
    -6.98414683e-01 1.17508352e+00 7.23460257e-01 -4.39140916e-01
    -2.84958899e-01 2.38822699e-01 -1.56037390e-01 1.43192649e-01
    5.89281917e-02 -4.11577225e-01 1.57948816e+00 1.00183439e+00
    1.36809731e+00 -4.68132734e-01 1.36745036e+00 1.66967142e+00
    4.86222386e-01 9.21848178e-01 -1.63385868e-02 1.28252017e+00
    7.45644093e-01 9.83487904e-01 1.15883136e+00 -6.82248533e-01
    -6.13297224e-02 3.41126382e-01 1.12962818e+00 -4.46177423e-01
    1.49224901e+00 -9.40432847e-01 1.06241667e+00 2.77369261e-01
    -3.69984925e-01 1.85005140e+00 1.29683876e+00 1.74519229e+00
    -8.21353734e-01 1.53189158e+00 1.12848818e-01 1.02353740e+00
    1.94993329e+00 -7.17123210e-01 -1.23962760e-02 1.52939153e+00
    -1.29620135e-01 4.50260401e-01 7.52447486e-01 5.79054952e-01
    -5.78900099e-01 1.33016968e+00 -9.12795663e-01 1.83757257e+00
    1.93036175e+00 2.81250238e-01 3.32771063e-01 1.09277904e+00
    7.92323112e-01 1.53791058e+00 1.51817060e+00 9.22365189e-01
    -2.91450024e-02 7.80516028e-01 1.88315606e+00 6.97576463e-01
    8.64913464e-02 -9.54847395e-01 1.46569443e+00 6.54520273e-01
    1.86965013e+00 1.11494339e+00 7.44140744e-02 4.06746507e-01
    1.51803923e+00 1.52078104e+00 -8.24477077e-01 3.29938233e-01
    1.29301667e+00 -1.65687382e-01 -7.44520426e-01 -7.48518527e-01
    -7.61967301e-02 1.11624420e+00 -2.15828836e-01 -3.15757811e-01
    -7.39901841e-01 9.96751070e-01 1.60319257e+00 -8.76118720e-01
    1.02870512e+00 -2.82206833e-01 1.67044902e+00 1.38162673e+00
    3.30088139e-01 1.63859487e-01 -5.59715331e-01 1.25926685e+00
    9.48743224e-01 2.01302528e-01 1.81558430e+00 4.53659296e-02
    5.80903530e-01 1.62302887e+00 -4.53056633e-01 1.05967867e+00
    -3.00436318e-01 8.35565448e-01 1.89906394e+00 5.18910289e-02
    1.72609234e+00 1.54802763e+00 1.33144355e+00 -4.99951690e-01
    -4.03934538e-01 -3.51853430e-01 -1.21068954e-02 7.18414009e-01
    6.84119463e-02 7.34765053e-01 -1.04036725e+00 1.31002426e+00
    -1.08654141e-01 8.99103165e-01 -4.25795317e-01 1.45757723e+00
    1.41553771e+00 -1.28774881e-01 8.58576298e-02 4.04648125e-01
    9.46566820e-01 1.77914321e+00 9.22970057e-01 7.71559477e-01
    -7.38416195e-01 1.18283486e+00 1.83945179e-01 -5.54926753e-01
    1.69248712e+00 1.43251705e+00 1.94227040e+00 -8.34688365e-01
    3.18649232e-01 9.80950475e-01 1.50033379e+00 1.25967240e+00
    1.78780890e+00 1.82853687e+00 2.01051617e+00 4.71544743e-01
    -3.46238017e-01 1.60680819e+00 7.08555102e-01 -2.62199759e-01
    3.15427780e-04 1.30848694e+00 1.28145218e+00 9.98645544e-01
    -9.67835307e-01 1.16076064e+00 5.32597840e-01 1.94513869e+00
    -7.93097973e-01 -4.89633679e-02 4.99508977e-01 5.57431698e-01
    2.87972331e-01 8.98762524e-01 9.49531794e-03 2.22315431e-01
    2.34484792e-01 -3.52675378e-01 8.21136475e-01 -3.90586436e-01
    1.22105217e+00 1.19620728e+00 1.14272118e+00 1.74349916e+00
    9.82313752e-01 -2.99371243e-01 1.25558436e-01 -1.52624667e-01
    4.35543060e-01 -3.47770512e-01 -4.33888614e-01 8.74379456e-01
    3.23372483e-01 -6.81912899e-02 -1.98868692e-01 -3.38389277e-01
    2.14986861e-01 1.31291950e+00 6.56779945e-01 8.61417353e-01
    -7.75567293e-01 9.67969298e-01 7.32036829e-02 1.21209979e+00
    2.16435432e-01 -1.47453606e-01 1.26818371e+00 -8.52890611e-01
    9.17888522e-01 1.14446855e+00 1.60597622e+00 8.44845414e-01
    4.52594399e-01 1.67762291e+00 1.86261010e+00 1.91930485e+00
    -5.86221695e-01 1.01180792e+00 8.18446457e-01 6.94098473e-01
    1.69167840e+00 1.91808796e+00 1.08955979e+00 1.19906664e+00
    1.74924588e+00 5.37457764e-01 -3.17081511e-01 9.07158852e-03
    1.72427118e+00 1.14014065e+00 1.82074034e+00 9.70475018e-01
    1.24451458e+00 4.41294372e-01 -8.66790414e-01 -1.85965002e-01
    1.41237581e+00 1.17067564e+00 1.32201219e+00 1.52082908e+00
    -3.07499826e-01 8.33269119e-01 -9.10224915e-01 8.61417651e-01
    1.74236977e+00 -4.47391152e-01 4.21636343e-01 2.29194164e-02
    6.75833702e-01 -4.55938190e-01 1.96249998e+00 1.13275337e+00
    1.04456687e+00 1.05992234e+00 7.87516832e-02 -7.31387138e-01
    9.60733831e-01 1.95328677e+00 1.12484539e+00 1.67545021e+00
    -6.05518162e-01 -4.61922109e-01 -4.51034665e-01 5.50948739e-01
    1.37676764e+00 9.71175671e-01 -7.31045663e-01 1.24055779e+00
    -2.58767843e-01 -8.12757611e-02 1.30902147e+00 1.59368658e+00
    1.13626266e+00 1.56870830e+00 5.12499213e-01 5.53943753e-01
    -5.84802151e-01 1.32202709e+00 4.45616245e-01 -8.77881944e-01
    1.02028537e+00 8.82785499e-01 6.75148129e-01 -8.39867353e-01
    1.71322846e+00 7.14817584e-01 6.69160545e-01 -2.42072284e-01
    8.44561756e-01 -4.25785184e-01 6.31478548e-01 7.29519844e-01
    1.06349468e+00 7.96307206e-01 1.71840370e+00 1.37351513e+00
    1.78037798e+00 -3.98537993e-01 6.97776914e-01 9.00186419e-01
    7.92436004e-01 5.86893260e-01 -2.96968281e-01 9.89615560e-01
    6.29792094e-01 1.11617959e+00 1.48219693e+00 1.43680060e+00
    1.29674101e+00 -5.27402759e-01 1.50070667e+00 4.51419592e-01
    1.33607984e+00 1.12724197e+00 5.78591943e-01 -1.70279801e-01
    1.20586121e+00 4.86282468e-01 1.02195060e+00 2.68821478e-01
    1.15550756e+00 6.58035636e-01 -3.34639788e-01 -7.04669356e-01
    -6.90554380e-02 -5.46165466e-01 4.79825795e-01 5.13343394e-01
    -9.54942226e-01 -3.08574617e-01 1.62222624e+00 3.68273437e-01
    1.58164477e+00 9.41090941e-01 5.55989802e-01 1.24683142e+00
    7.76141286e-01 1.18601763e+00 1.59792161e+00 1.12397027e+00
    6.42562389e-01 1.49982929e+00 1.04361081e+00 5.41191876e-01
    1.87871385e+00 7.25370824e-01 -5.61326146e-01 1.22632647e+00
    2.47502863e-01 -5.17717719e-01 -1.93559527e-01 1.33350444e+00
    1.75099730e-01 1.78871870e+00 7.56269813e-01 9.66556668e-01
    1.23454463e+00 7.23584354e-01 9.99897718e-02 -5.48283994e-01
    1.38317990e+00 -4.41660404e-01 5.86888313e-01 -3.10146213e-01
    -4.41882491e-01 1.89968109e+00 4.24919546e-01 -9.23515737e-01
    2.72944629e-01 3.19607556e-01 6.92797184e-01 1.79221189e+00
    -6.78097427e-01 6.14771366e-01 8.09640706e-01 -7.10262775e-01
    7.41064429e-01 1.46038902e+00 1.48564458e+00 -3.02169859e-01
    1.77512538e+00 1.78714526e+00 -6.30152225e-03 1.42352939e+00
    1.64792895e-01 1.22080481e+00 1.40633452e+00 -6.42413259e-01
    3.22132528e-01 8.04798603e-01 -3.03117037e-02 6.65160418e-01
    -1.16206050e-01 1.58849800e+00 3.04983735e-01 -7.70650804e-01
    1.64324594e+00 1.70591187e+00 -2.03193724e-01 6.22365475e-01
    1.25399613e+00 -7.66110301e-01 1.46938777e+00 -6.88615799e-01
    9.35770214e-01 1.37977016e+00 -6.77697420e-01 1.57358098e+00
    -6.29179239e-01 -8.39727342e-01 3.38779688e-01 1.98388743e+00
    1.69462895e+00 1.23383224e-01 2.70050287e-01 7.33485878e-01
    1.85237932e+00 -1.95728719e-01 3.64965141e-01 -8.45146775e-02
    8.84289503e-01 2.44429767e-01 1.22740507e+00 1.01683545e+00
    1.11614692e+00 1.54209411e+00 -3.78314853e-02 6.73296571e-01
    1.89008772e-01 -6.31544411e-01 6.32236600e-01 9.83741403e-01
    -6.98946536e-01 1.81369483e-01 6.82463586e-01 -6.18695140e-01
    9.39647198e-01 5.76848149e-01 8.05478275e-01 7.32890487e-01
    -8.09582055e-01 4.59045172e-02 -6.29711866e-01 -4.29489255e-01
    2.08863735e-01 -1.08827353e-02 5.13194919e-01 4.80793357e-01
    -5.04629970e-01 -7.72987485e-01 7.51414299e-01 1.99401522e+00
    -1.27820432e-01 2.84127772e-01 -1.16051495e-01 -2.79438078e-01
    1.50648928e+00 1.03326380e-01 -1.07960463e-01 -9.08834875e-01
    8.92891347e-01 1.56567156e+00 1.26262236e+00 -9.72829700e-01
    8.70418429e-01 1.34266543e+00 3.22330952e-01 7.71121383e-01
    2.17774749e-01 -7.23652482e-01 -1.42220974e-01 1.03389549e+00
    1.76476061e-01 1.99986458e-01 -7.80561507e-01 -2.70381808e-01
    7.28839040e-01 4.25542295e-01 6.88611388e-01 1.32546663e+00
    4.69691277e-01 -8.62578750e-01 7.08699226e-01 -6.13797605e-01
    1.51781940e+00 1.20586801e+00 5.24377108e-01 6.62174821e-02
    1.13817692e-01 8.92528057e-01 6.06488943e-01 1.58208549e+00
    -5.42872369e-01 1.68183005e+00 1.46728778e+00 -8.77537608e-01
    2.39336252e-01 -1.06133759e+00 -7.02130318e-01 1.82471371e+00
    1.17054617e+00 2.14410186e-01 1.36737847e+00 1.52089477e+00
    1.90179038e+00 -8.21135640e-02 2.05582261e-01 2.05463338e+00
    1.26110172e+00 3.60121310e-01 -1.85483754e-01 3.96258235e-02
    5.26000261e-02 1.83253360e+00 1.76550198e+00 3.12465012e-01
    6.54076159e-01 9.97524977e-01 6.25768661e-01 1.56995845e+00
    1.62954366e+00 6.96045399e-01 1.49464130e+00 -2.96977758e-01
    -4.12151217e-02 4.29739535e-01 3.89462352e-01 7.96319842e-01
    1.23483801e+00 9.07696605e-01 3.55754793e-01 1.02225304e+00
    2.63003826e-01 4.80395436e-01 -5.71076512e-01 1.90284634e+00
    5.73442817e-01 1.07136190e+00 1.08726597e+00 -7.51842558e-01
    -9.10734832e-01 -7.52249241e-01 -9.13425505e-01 1.67232084e+00
    2.16917634e-01 -7.34477937e-01 7.44750261e-01 -9.62979972e-01
    1.12404013e+00 4.42918301e-01 1.24786413e+00 1.41814661e+00
    1.25059462e+00 1.37508893e+00 1.17057705e+00 -7.28423297e-01
    1.98602152e+00 5.83872020e-01 6.59117699e-02 -5.26918292e-01
    -4.06775266e-01 6.98298275e-01 1.19318986e+00 1.54727960e+00
    7.84822762e-01 1.30379486e+00 1.07905388e-01 7.92076468e-01
    1.59949863e+00 1.00931406e-01 1.01735055e+00 -3.16583216e-01
    1.07940674e+00 1.08125985e+00 -9.69663918e-01 4.08871293e-01
    1.79672158e+00 7.25946426e-01 -6.46841407e-01 1.04232788e+00
    -1.00781441e+00 7.82068789e-01 9.73982453e-01 1.24466014e+00
    -1.03752911e-01 -4.25046682e-01 1.31281841e+00 6.02142096e-01
    9.25234616e-01 -7.48357415e-01 -3.52251172e-01 -7.15974569e-02
    5.14137745e-01 2.75231004e-01 -4.08914238e-01 1.22533512e+00
    -3.82300347e-01 -3.68790567e-01 1.01670921e+00 2.04697609e-01
    -6.88481033e-01 7.41275668e-01 7.51984477e-01 1.36861801e+00
    1.89714479e+00 1.37853360e+00 -7.33187854e-01 1.04242873e+00
    1.42864501e+00 1.17386687e+00 1.49304986e-01 1.27214050e+00
    1.59644437e+00 1.81509709e+00 3.07529569e-02 1.27711940e+00
    1.07611442e+00 1.69493508e+00 9.44375873e-01 -6.93622410e-01
    -3.11137199e-01 1.20216060e+00 -6.96351528e-01 1.72925901e+00
    5.21311045e-01 1.15942717e+00 2.40901947e-01 1.43368185e-01
    5.18087924e-01 1.00794923e+00 9.42699313e-01 1.45095801e+00
    2.18539834e-01 1.01558971e+00 1.49646246e+00 1.08509564e+00
    1.77077544e+00 -8.11301827e-01 -7.36352623e-01 1.77319133e+00
    3.71067405e-01 1.22847104e+00 -3.91246319e-01 1.57597554e+00
    1.90017676e+00 4.58929896e-01 1.06466317e+00 -7.46348083e-01
    9.03025866e-02 -7.97605395e-01 1.57039750e+00 2.20459342e-01
    3.14272404e-01 5.35850167e-01 1.04013062e+00 1.11674774e+00
    -5.03266692e-01 2.56521583e-01 1.67164409e+00 -5.60702205e-01
    1.62987649e-01 -5.20292640e-01 -8.71466219e-01 1.19079041e+00
    7.15339601e-01 3.79331827e-01 -6.90263331e-01 -1.62235618e-01
    -4.90883738e-01 1.25366390e-01 -3.98737133e-01 4.48077738e-01
    1.46730494e+00 -7.38822222e-01 -7.44698048e-01 -6.71115518e-01
    6.42968893e-01 1.28603065e+00 2.67022967e-01 -3.20314169e-02
    -1.48880064e-01 1.67579365e+00 1.12129831e+00 -8.58657122e-01
    1.32938218e+00 1.12752807e+00 -2.00247705e-01 -4.49160337e-02
    -6.49975836e-01 3.58855724e-01 8.47280622e-01 8.21321189e-01
    -4.88484770e-01 4.41514730e-01 -3.13502491e-01 1.50966597e+00
    1.89603376e+00 1.76777387e+00 -7.59460390e-01 5.14752984e-01
    8.05528045e-01 5.62986732e-01 -7.64934421e-02 1.30095267e+00
    -2.09520459e-01 1.53778839e+00 4.62339640e-01 -5.28699994e-01
    1.18292284e+00 1.45668316e+00 2.29730070e-01 -4.93047744e-01
    2.71216750e-01 -6.18571341e-01 -4.74944711e-02 1.17178416e+00
    1.60240817e+00 9.30821240e-01 3.47994685e-01 3.23136330e-01
    -6.77831888e-01 1.28376293e+00 1.11504006e+00 -8.59045565e-01
    -7.98102617e-01 -5.34496903e-01 -1.78841352e-02 -2.41528153e-02
    1.19840336e+00 1.06891680e+00 1.80862546e+00 1.12440443e+00
    1.29778266e+00 -4.43961203e-01 8.80283177e-01 8.28956366e-02
    2.00509644e+00 -2.37555385e-01 1.23808169e+00 -8.14706087e-01
    8.19559097e-02 1.08079696e+00 -4.24120247e-01 1.44961905e+00
    8.64434600e-01 -3.95198464e-02 5.59227347e-01 -3.35022688e-01
    -6.73572421e-02 9.15700614e-01 1.48606133e+00 1.53818798e+00
    -5.44289231e-01 8.94425631e-01 6.26428723e-01 -3.38085055e-01
    8.48362267e-01 7.51712203e-01 1.69148612e+00 -7.99466431e-01
    -7.06029415e-01 -4.06683058e-01 -4.14389312e-01 2.30541348e-01
    -2.35129535e-01 1.47831714e+00 -3.02525878e-01 -8.24715912e-01
    8.28545988e-01 -4.09083158e-01 1.80115390e+00 -8.75034809e-01
    1.35552990e+00 1.69911754e+00 -8.72399867e-01 8.43006611e-01
    7.56907463e-03 1.53721189e+00 4.19494689e-01 9.31405425e-01
    4.58532155e-01 1.68021619e+00 3.28182876e-01 -7.43490815e-01
    6.24491334e-01 -2.52591312e-01 1.25141406e+00 1.58738935e+00
    1.38423181e+00 7.91204572e-01 6.81895435e-01 -6.20854020e-01
    8.28911662e-01 -4.87318724e-01 -9.44520831e-01 3.44778061e-01
    -4.10790324e-01 3.33988249e-01 4.55140293e-01 5.15637517e-01
    3.34541678e-01 -5.12446165e-02 -3.97593677e-01 -9.30925608e-02
    9.69753146e-01 1.30379260e+00 8.13665271e-01 4.04822469e-01
    -1.15526915e-01 -3.54513109e-01 -7.70046532e-01 5.82559764e-01
    1.33790851e+00 1.68854535e-01 -3.14623475e-01 -5.17924368e-01
    9.22985971e-01 -2.02726126e-02 7.90267289e-01 5.20661116e-01
    8.02328587e-02 8.26730967e-01 1.03137779e+00 1.27909470e+00
    1.11708045e+00 2.64205098e-01 -7.13879466e-01 -7.97560096e-01
    1.21971893e+00 3.75661612e-01 1.05947196e+00 -6.92449689e-01
    -4.76814687e-01 -1.72609746e-01 1.78972626e+00 1.26558924e+00
    5.37936687e-01 9.15725112e-01 1.29794240e+00 3.79088223e-01
    5.83444297e-01 -2.40563512e-01 1.71131003e+00 3.10150981e-02
    3.56826246e-01 -1.72947645e-01 1.69847417e+00 -4.89824682e-01
    6.48316801e-01 1.59034121e+00 -1.30370915e-01 -2.82740593e-02
    9.67285275e-01 5.35419881e-01 -3.25581551e-01 -5.83574176e-01
    6.36955380e-01 9.96293068e-01 -3.74999642e-01 1.59431398e-01
    6.47016704e-01 9.57891703e-01 9.73769426e-01 7.13228464e-01
    1.47923994e+00 1.83522201e+00 -1.47280395e-01 -5.27083397e-01
    1.26028180e-01 7.90720940e-01 -7.78126717e-03 -1.59543097e-01
    -6.19829237e-01 -3.31717730e-02 1.44847822e+00 -7.02039123e-01
    1.89098084e+00 1.65626347e-01 1.60666144e+00 6.99077189e-01
    -8.90937030e-01 -6.20171189e-01 1.85784328e+00 1.55448496e+00
    -1.99166298e-01 3.15088153e-01 1.77403057e+00 -8.73045385e-01
    -1.05727911e-01 1.23520446e+00 4.18997228e-01 4.70497668e-01
    8.70988607e-01 1.08502233e+00 -2.85777450e-02 -6.82263434e-01
    4.93078351e-01 1.06473362e+00 1.86306834e-02 -3.36602926e-02
    1.66196752e+00 -8.21428597e-01 6.90931201e-01 -7.67170787e-02
    4.30403292e-01 8.16216111e-01 1.37106597e+00 -2.35510886e-01
    1.51793122e-01 6.64984822e-01 9.41908479e-01 2.69384742e-01
    8.71015668e-01 1.33398771e-02 1.68382311e+00 -6.42883182e-01
    1.48332226e+00 1.19006467e+00 -7.44143844e-01 1.52275562e-02
    1.11600697e-01 9.40310955e-02 1.07116055e+00 8.80770802e-01
    -8.09117973e-01 -2.72416234e-01 -6.22579634e-01 -8.88086259e-01
    1.81777406e+00 7.59983480e-01 9.59316134e-01 -4.64744449e-01
    5.83684683e-01 1.13039267e+00 1.72201073e+00 4.18512166e-01
    5.53913176e-01 7.27765858e-01 1.39783859e-01 -7.45872438e-01
    1.92105961e+00 4.12445664e-02 1.50333595e+00 1.20273840e+00
    4.10580754e-01 2.03477430e+00 -5.70518970e-01 1.88520622e+00
    1.18044424e+00 1.47597122e+00 -8.40083957e-02 2.53200889e-01
    -6.01849794e-01 9.06331897e-01 5.19534349e-02 -7.21706152e-02
    1.71576118e+00 7.41280079e-01 -6.62258565e-01 1.45593572e+00
    7.68585026e-01 1.58026004e+00 -4.87380832e-01 1.16985559e+00
    4.25166845e-01 4.69783545e-02 3.54739428e-01 1.75514722e+00
    7.34722972e-01 7.83826590e-01 2.63572991e-01 8.31319392e-01
    9.20083702e-01 1.70402324e+00 4.90257978e-01 5.81146836e-01
    1.51472926e-01 1.35397923e+00 1.86649632e+00 -6.04941368e-01
    1.32994699e+00 5.01709580e-01 3.75708938e-01 -1.95178092e-01
    2.86475599e-01 -1.56387925e-01 9.49528456e-01 9.49553013e-01
    -4.81628239e-01 -3.42485249e-01 3.61154616e-01 -2.08896399e-03
    2.61426628e-01 1.03017700e+00 3.33414257e-01 7.90138364e-01
    1.49386895e+00 1.49735332e+00 1.91086876e+00 8.79896522e-01
    1.56049943e+00 -8.44976187e-01 -3.24894369e-01 4.36394453e-01
    8.12359869e-01 -8.07892442e-01 3.86077940e-01 4.31568265e-01
    -8.76286685e-01 9.43700790e-01 -2.73346126e-01 1.58951783e+00
    1.49395418e+00 1.14272952e+00 1.00148416e+00 2.75422156e-01
    8.29803765e-01 6.78320169e-01 1.98767841e-01 1.82733858e+00
    1.57938004e+00 -1.28678143e-01 6.39860749e-01 8.04723263e-01
    2.45415211e-01 2.74806499e-01 4.38179731e-01 2.65099525e-01
    -2.36225843e-01 1.78048849e+00 6.03061438e-01 7.67709613e-01
    1.56783438e+00 1.37639964e+00 -1.01698041e-02 8.95567656e-01
    5.44814229e-01 8.84008408e-02 2.95819879e-01 -3.36023271e-01
    1.21284974e+00 1.90728986e+00 3.21539462e-01 1.88220525e+00
    -9.33191299e-01 -7.29534745e-01 -8.06943893e-01 1.05914879e+00
    1.40075946e+00 6.59792483e-01 -6.08696997e-01 -2.29411304e-01
    6.72859311e-01 9.82583404e-01 3.05494070e-01 1.52041924e+00
    1.65497780e-01 1.54905641e+00 -4.14397717e-01 1.50088620e+00
    1.42574418e+00 5.34252405e-01 1.22993827e-01 1.05134380e+00
    9.86106277e-01 5.86761713e-01 9.43731964e-01 1.26616931e+00
    -6.96929336e-01 -6.24706328e-01 4.84521985e-01 3.18330586e-01
    5.13222516e-01 -1.26504183e-01 -2.46208310e-02 3.20244133e-01
    1.55460167e+00 3.97349715e-01 3.55212748e-01 1.27041340e+00
    -6.04427695e-01 1.15172338e+00 1.28359783e+00 1.20440483e-01
    1.72310030e+00 -5.76707244e-01 -9.06701684e-01 1.50350773e+00
    6.12994075e-01 1.68679023e+00 -1.57586753e-01 6.09397411e-01
    -8.76463175e-01 8.26739669e-01 1.65062261e+00 2.13535905e-01
    8.05239439e-01 -7.98370242e-01 9.27475929e-01 9.15715098e-02
    1.89883530e+00 -3.33685756e-01 1.56962502e+00 -6.75952673e-01
    6.75707579e-01 -2.97395349e-01 1.49640894e+00 -8.11275303e-01
    2.76297927e-02 -3.32813084e-01 1.46527767e+00 1.74041378e+00
    -5.79530478e-01 1.96574998e+00 7.70420969e-01 6.79583073e-01
    1.54680228e+00 1.24419570e+00 -6.27020717e-01 -6.88544154e-01
    1.58646345e+00 -7.35406876e-02 -1.78603530e-02 4.70765829e-01
    1.60919714e+00 -6.55642271e-01 -3.20307732e-01 -5.67491531e-01
    6.79043114e-01 1.76734519e+00 -4.93249714e-01 7.97867596e-01
    1.64851522e+00 5.63439548e-01 9.15666103e-01 1.58093524e+00
    9.61091280e-01 5.58547497e-01 9.19370770e-01 1.92547238e+00
    7.73092568e-01 -4.65415835e-01 1.02294874e+00 -5.91159701e-01
    1.84181452e-01 -1.99241936e-01 8.85242760e-01 -8.37362051e-01
    1.41673326e+00 2.19184279e-01 8.35839748e-01 1.71452606e+00
    2.65154600e-01 -7.06256509e-01 6.61408901e-03 1.69019783e+00
    2.62261629e-01 -4.15610552e-01 -6.29891157e-01 1.66031516e+00
    -4.27021265e-01 1.81715047e+00 -3.32511663e-02 3.17181587e-01
    -2.48300135e-01 1.07713211e+00 1.09415030e+00 4.11948800e-01
    1.62766373e+00 1.00254667e+00 1.07603312e-01 7.65547276e-01
    8.98724198e-01 1.40367377e+00 -6.60467684e-01 1.18071079e+00
    1.62116885e+00 -5.16314924e-01 6.99685812e-02 -2.43759811e-01
    1.31868279e+00 -5.76674163e-01 7.70812452e-01 1.28427196e+00
    1.39958799e+00 1.85307789e+00 5.78769326e-01 3.68980765e-01
    4.26125050e-01 -9.23597336e-01 -3.34930956e-01 1.40786052e+00
    7.33000040e-02 9.07330453e-01 1.87673962e+00 1.42515016e+00
    6.61451221e-01 7.66763926e-01 1.36998820e+00 1.41769135e+00
    1.26598430e+00 3.53298604e-01 1.18085647e+00 -6.80702269e-01
    3.30556631e-02 1.41871870e+00 8.48454714e-01 -8.93328667e-01
    1.68315375e+00 1.64386320e+00 6.74389362e-01 1.57753968e+00
    -3.12775016e-01 6.19517446e-01 3.12645376e-01 3.09617519e-01
    1.05722010e+00 1.06534898e-01 -4.58333015e-01 1.85420251e+00
    7.27923989e-01 -3.74377906e-01 -7.48384237e-01 1.40023959e+00
    7.79547870e-01 6.22871518e-01 1.40715122e+00 5.73806643e-01
    -1.06990755e-01 -2.91761875e-01 -2.19182789e-01 2.47957349e-01
    -1.01902783e-01 9.14630592e-01 -3.08534086e-01 6.66478097e-01
    5.09256124e-03 7.24846363e-01 -8.71819139e-01 1.86882019e-02
    1.02728331e+00 1.74114037e+00 -1.48570299e-01 1.43311083e+00
    7.03050196e-01 1.66283691e+00 -9.44718540e-01 -4.11539048e-01
    -3.45865667e-01 1.28125739e+00 4.83808637e-01 7.97996759e-01
    8.48939419e-02 -9.58966315e-01 -8.18356872e-02 -4.41416502e-02
    1.57085764e+00 1.21305859e+00 3.09630752e-01 -7.76494622e-01
    6.22221947e-01 1.22407401e+00 1.87730002e+00 2.83110142e-03
    1.70629227e+00 4.56669331e-01 1.34044003e+00 -8.58842134e-02
    1.13396454e+00 3.18538547e-02 2.86294162e-01 -8.81351948e-01
    -6.41038895e-01 1.37227345e+00 3.17802966e-01 7.03817606e-02
    1.39991331e+00 -7.93458819e-02 3.77322555e-01 8.96736920e-01
    6.07644975e-01 -6.83086276e-01 -5.89872360e-01 -4.42287803e-01
    -9.33837175e-01 1.40617335e+00 1.33212066e+00 -5.99203348e-01
    1.04187679e+00 -1.36696517e-01 4.32218552e-01 -2.30973363e-01
    -5.37491679e-01 1.38900435e+00 1.56081557e+00 -8.32467079e-01
    1.87937546e+00 -1.81694090e-01 -3.11432660e-01 9.05722380e-03
    1.39909911e+00 -7.00953960e-01 4.71694469e-02 -7.94906199e-01
    1.70103741e+00 -8.53924155e-02 4.00186121e-01 -8.58281672e-01
    1.52120090e+00 -7.67952204e-03 9.05767620e-01 1.70858693e+00
    -7.17929602e-02 7.03085303e-01 7.31958628e-01 8.64312053e-01
    5.60415626e-01 1.35138202e+00 1.36410332e+00 5.64671040e-01
    4.49483275e-01 6.03985429e-01 1.88156617e+00 4.22882080e-01
    -2.39997208e-01 5.96347392e-01 1.88817918e+00 -6.17736936e-01
    -7.28398621e-01 8.87651563e-01 -4.53234315e-02 4.51201737e-01
    -4.22089100e-02 -1.85384154e-01 -8.05402994e-01 1.84997058e+00
    1.79395413e+00 -7.25614429e-02 8.25256705e-01 3.66865158e-01
    4.91695166e-01 1.92619920e+00 1.29346490e+00 -1.14956379e-01
    1.19821405e+00 6.58919811e-02 1.49079239e+00 1.26310050e+00
    8.57740223e-01 1.81223667e+00 -4.71001387e-01 5.14279068e-01
    1.01294935e-01 1.00341678e-01 -6.92048669e-01 -8.08272362e-02
    -8.42771053e-01 1.24954581e+00 -1.95611358e-01 1.44938278e+00
    5.04079163e-01 8.36299777e-01 -2.53538013e-01 6.69826925e-01
    1.83284461e-01 8.41311812e-02 3.80603671e-02 -4.11042511e-01
    1.22716045e+00 4.80073690e-03 1.43573260e+00 -1.92454278e-01
    1.26008213e-01 7.46561050e-01 -4.70716238e-01 1.23942494e+00
    -8.42719436e-01 1.60248268e+00 -3.93088520e-01 -2.08403945e-01
    6.95500493e-01 -6.11495852e-01 3.17837834e-01 5.27537107e-01
    4.87141132e-01 -2.31829286e-01 4.39544201e-01 1.30824578e+00
    -4.77057904e-01 5.06138563e-01 4.39127386e-01 -2.23856628e-01
    -1.84329689e-01 -2.36557841e-01 -3.00001025e-01 -5.55907249e-01
    1.74388814e+00 1.16669321e+00 1.78210461e+00 -2.91329682e-01
    -1.68691278e-02 1.43317640e+00 1.52280688e-01 1.25338888e+00
    1.87288761e+00 -1.06150103e+00 7.00496197e-01 1.50071609e+00
    1.65107727e+00 1.59906447e+00 1.24106097e+00 1.50710034e+00
    1.60773337e+00 -6.84648216e-01 1.20625746e+00 1.75193822e+00
    -8.98705482e-01 1.85412431e+00 2.46920347e-01 -1.83970213e-01
    -1.02078915e-03 1.58113611e+00 8.51520538e-01 -8.16601515e-01
    -5.72180748e-03 5.16860366e-01 1.61963010e+00 3.46437871e-01
    6.16176844e-01 1.17590904e+00 9.06294584e-03 1.45331860e+00
    9.90093112e-01 -6.60883129e-01 1.98788428e+00 6.00356340e-01
    -5.38824856e-01 -4.46626276e-01 6.15019917e-01 1.98741031e+00
    -1.69050395e-01 1.81509864e+00 -5.41013181e-01 1.29334009e+00
    1.73733318e+00 9.16799784e-01 -4.43173647e-01 2.33723044e-01
    9.02823687e-01 -2.01171935e-01 1.44363272e+00 -7.69654512e-01
    9.93829906e-01 1.01293266e-01 1.58979511e+00 -4.65838909e-02
    -4.75853473e-01 -4.77417678e-01 -2.98505127e-01 -7.09730744e-01
    1.09161282e+00 1.78506851e-01 6.07612729e-02 9.39714015e-01
    -9.41533267e-01 7.56303072e-01 1.09628248e+00 1.54742610e+00
    3.23765278e-01 9.81475890e-01 9.51043367e-01 -3.29738319e-01
    3.45663369e-01 -9.31554675e-01 1.69269538e+00 9.39492583e-01
    -3.25996280e-02 -2.69965231e-01 -8.29803467e-01 -7.72130489e-02
    4.87639070e-01 -1.58582687e-01 -3.66878033e-01 -4.31723475e-01
    7.74747193e-01 3.62347960e-02 1.04566526e+00 -8.63329768e-02
    -7.23523498e-02 7.20265508e-02 1.45224655e+00 1.76973510e+00
    -1.35011971e-01 4.55277145e-01 -7.59788871e-01 1.77760887e+00
    -2.59366989e-01 -6.93105876e-01 1.60508585e+00 1.69037414e+00
    5.06077468e-01 -5.78924537e-01 -6.32821083e-01 1.81591272e+00
    1.44516242e+00 -2.21654356e-01 -7.99280405e-02 -3.64124179e-02
    1.80034494e+00 1.24024820e+00 1.68748116e+00 3.70311737e-02
    7.51293838e-01 5.29967308e-01 -2.50652134e-01 4.93822277e-01
    -7.86830902e-01 1.63810015e+00 5.96109629e-01 1.77481115e-01
    -6.08106434e-01 -4.49666381e-02 1.62866044e+00 1.03634119e+00
    -3.49538624e-01 4.18115854e-02 -3.89277101e-01 -5.01368761e-01
    -1.08856380e-01 1.09317541e-01 3.94306779e-02 1.99436378e+00
    -3.82847190e-01 -6.87058330e-01 5.01633286e-01 2.68047333e-01
    6.40257359e-01 7.37776279e-01 8.15079212e-01 6.88725471e-01
    1.36160707e+00 7.29007363e-01 1.72214293e+00 -5.31266570e-01
    -5.62124670e-01 1.03503668e+00 -7.24989176e-01 3.82096350e-01
    -4.51503605e-01 -1.96875513e-01 -8.77840579e-01 -2.37358809e-01
    1.36067891e+00 -2.79469371e-01 -6.99698806e-01 1.39679646e+00
    -6.64654732e-01 -7.57292867e-01 3.59831750e-01 -7.10520983e-01
    1.99800348e+00 9.98497009e-01 1.15831137e-01 7.40701556e-01
    2.46990263e-01 1.04469359e+00 1.65612316e+00 1.53271389e+00
    1.89149451e+00 -5.42753816e-01 1.38042307e+00 3.59888673e-01
    -2.55470276e-01 1.14973116e+00 1.22354782e+00 -6.73646152e-01
    -6.84529901e-01 -4.75667953e-01 1.36221337e+00 3.18800092e-01
    1.03652263e+00 -6.39141917e-01 1.01118088e+00 1.63014531e+00
    -5.03006935e-01 3.13480914e-01 1.22613192e-01 9.79565978e-02
    -2.83452094e-01 4.01056230e-01 -7.85329103e-01 1.68833697e+00
    3.84097099e-02 4.01268482e-01 5.55438817e-01 5.04951715e-01
    -2.12826908e-01 1.05002797e+00 -3.17324758e-01 1.12796235e+00
    -1.81993544e-01 7.98043966e-01 3.96599054e-01 3.72150183e-01
    1.13920426e+00 1.43268466e-01 -1.97788894e-01 1.68451750e+00
    -9.19498563e-01 -2.00405598e-01 4.68892574e-01 1.71940517e+00
    1.48655450e+00 -5.36710024e-02 1.46276128e+00 4.37600017e-02
    1.61557603e+00 3.50547731e-01 -5.57314336e-01 4.45956588e-02
    -7.76097775e-02 3.90767455e-01 5.08775651e-01 6.31399572e-01
    1.57812834e-02 -2.50621736e-01 -7.31741309e-01 2.76815891e-02
    4.53986526e-01 1.66151428e+00 -8.23408902e-01 3.38762999e-01
    1.62974644e+00 3.19195509e-01 8.50406229e-01 1.88814104e+00
    -6.00128233e-01 1.10388136e+00 -3.09141278e-01 1.23761141e+00
    7.94714332e-01 4.12524223e-01 -4.83256459e-01 -2.92085826e-01
    3.36309552e-01 -4.72629517e-01 1.72321904e+00 3.77107978e-01
    1.22819519e+00 1.74976587e-01 9.56789255e-01 -2.61699498e-01
    3.33729506e-01 1.24583721e+00 5.44106603e-01 1.11528611e+00
    7.70670533e-01 -4.12925065e-01 1.42224252e+00 1.77208233e+00
    -7.43802786e-01 1.23768651e+00 1.61586881e-01 -1.01225770e+00
    -1.59899652e-01 -5.66313386e-01 9.73847985e-01 5.23043633e-01
    1.75402391e+00 6.27552271e-02 5.74645162e-01 1.30247772e+00
    -4.17881131e-01 -9.84213531e-01 -7.03218877e-01 1.39778745e+00
    1.66546845e+00 1.75736880e+00 1.71467829e+00 1.33037210e+00
    8.00194144e-01 9.22932148e-01 3.12505603e-01 6.45619214e-01
    -3.74001145e-01 -4.82414484e-01 -8.39099705e-01 1.08215547e+00
    1.12588775e+00 1.78615236e+00 9.55827355e-01 -4.44324732e-01
    4.61793005e-01 2.32522607e-01 9.56089497e-01 8.09593797e-01
    1.74236059e+00 1.29544616e+00 7.68041193e-01 1.76368237e+00
    -5.80764174e-01 6.44275665e-01 8.47041845e-01 1.20512164e+00
    1.60072589e+00 2.01851726e-01 -6.38578773e-01 3.20379496e-01
    1.72389472e+00 -7.78105438e-01 1.31377101e+00 8.35463643e-01
    5.30586720e-01 -3.25286388e-01 2.03436518e+00 -7.10244000e-01
    1.64760184e+00 1.14291382e+00 -4.51130509e-01 1.22417748e+00
    -2.49775052e-02 4.51357603e-01 -2.28358567e-01 1.75914204e+00
    3.99854004e-01 1.43940449e+00 2.62538075e-01 2.57401466e-02
    1.33940220e+00 1.41571581e+00 4.34844613e-01 3.12459230e-01
    8.08303714e-01 9.60672796e-01 -4.67236191e-01 -4.20627594e-02
    9.15430129e-01 -1.13993287e-02 7.33383536e-01 -1.09157920e-01
    1.79041576e+00 9.76632357e-01 -7.55646229e-02 1.43510437e+00
    1.29652798e-01 8.83065939e-01 1.84860587e-01 1.79864073e+00
    -5.83437562e-01 -5.43131232e-01 -6.56469166e-01 -2.00714290e-01
    3.62115979e-01 -7.56315589e-02 1.93891168e-01 -9.98354554e-02
    -5.78056693e-01 4.04607415e-01 1.95617092e+00 1.10250354e+00
    1.12555265e-01 -7.71154523e-01 4.99280274e-01 -4.39154327e-01
    9.38513696e-01 1.24054313e-01 1.55975544e+00 8.54727924e-01
    -6.77593112e-01 5.15643835e-01 -8.64396811e-01 -5.05049706e-01
    8.98119330e-01 1.50014162e-02 1.76596332e+00 -5.64774394e-01
    -5.67202091e-01 1.70479417e-01 2.44077384e-01 1.77207816e+00
    9.04880166e-02 -8.00559878e-01 1.20213151e-01 -1.69789374e-01
    -2.38141835e-01 4.55960810e-01 1.56595957e+00 -3.08931708e-01
    8.67584944e-02 1.85491145e+00 -8.85970116e-01 1.74582434e+00
    1.54248810e+00 -1.78525925e-01 -9.78122950e-01 -4.87445116e-01
    1.66527271e-01 -5.03350496e-02 1.09812570e+00 2.43308604e-01
    -3.59034538e-03 6.93607330e-01 1.15613413e+00 -3.67044032e-01
    1.92960048e+00 -7.14854002e-02 1.04673326e+00 5.46665311e-01
    9.14438367e-02 -3.35495830e-01 1.32479572e+00 -5.36467791e-01
    -4.06601727e-01 1.40155041e+00 1.73550224e+00 1.21957481e+00
    -9.25897360e-02 1.99730825e+00 -3.03836286e-01 9.63442862e-01
    6.44607484e-01 1.94284225e+00 9.61294413e-01 2.80339837e-01
    5.64701080e-01 -2.04756141e-01 5.95942020e-01 1.40443325e-01
    2.24377751e-01 2.22389698e-01 -3.85778546e-02 3.61578107e-01
    5.97443283e-01 7.41258383e-01 -6.76386118e-01 1.87808585e+00
    -1.99843287e-01 -4.51439500e-01 7.60511935e-01 5.66812754e-02
    4.89311457e-01 -6.33568108e-01 -3.49336088e-01 1.23912251e+00
    -7.31988072e-01 -1.64767444e-01 -2.70579517e-01 5.73774576e-01
    6.17917240e-01 -4.76528108e-01 9.11312163e-01 -1.78862512e-01
    -2.02353358e-01 5.58659077e-01 9.63569224e-01 9.73532856e-01
    8.38574767e-01 -7.33281374e-01 4.54449415e-01 5.14171183e-01
    6.93963945e-01 5.52451134e-01 5.75919271e-01 -6.37917519e-02
    1.88781047e+00 1.15331948e+00 -7.78211057e-01 -5.32991409e-01
    1.89738882e+00 -7.02544808e-01 1.04768276e+00 3.91303241e-01
    -5.88027716e-01 -4.63912517e-01 2.83662736e-01 9.41417992e-01
    1.96200109e+00 7.90103674e-01 1.01491094e+00 1.50301623e+00
    3.11364532e-02 -9.02996480e-01 1.01074672e+00 3.44926119e-02
    1.18018770e+00 1.12939703e+00 1.60168445e+00 4.16437626e-01
    1.08587575e+00 1.76108992e+00 -5.70451260e-01 -6.12217724e-01
    5.36423981e-01 1.73684227e+00 9.34305787e-01 7.64612615e-01
    8.28229666e-01 9.57135975e-01 3.41917157e-01 9.40034568e-01
    3.09411645e-01 -7.28640079e-01 7.58754134e-01 1.33171344e+00
    4.90860522e-01 2.83612251e-01 -7.45805383e-01 6.56914711e-03
    -8.31382275e-01 -6.79689646e-01 1.64187026e+00 -7.54683614e-01
    9.24779415e-01 1.12488186e+00 2.48949170e-01 -9.42836285e-01
    3.47069681e-01 1.55072570e-01 -7.23513484e-01 -9.74989474e-01
    8.17203999e-01 1.61045814e+00 -5.01122475e-02 2.25369692e-01
    -6.10640049e-02 1.02345419e+00 -6.52719259e-01 1.66301799e+00
    1.34274983e+00 1.75262392e+00 1.00763464e+00 5.63111603e-01
    9.97937620e-01 -9.03114974e-01 4.48053777e-01 1.21309340e-01
    1.74453068e+00 9.75654125e-02 1.02441025e+00 1.60626054e+00
    5.94350696e-01 1.05658007e+00 1.74336004e+00 4.11276340e-01
    1.88163590e+00 8.20167601e-01 1.68825686e+00 -3.77740145e-01
    4.48240519e-01 -7.02039063e-01 -1.04194224e-01 -7.11266279e-01
    1.21901548e+00 3.49017501e-01 -1.61579728e-01 -6.33842409e-01
    1.83143055e+00 5.95813394e-01 1.19451785e+00 -4.40468967e-01
    7.51684666e-01 -8.22493553e-01 -2.69862413e-01 -4.94437933e-01
    2.01271296e+00 -3.21050704e-01 -6.01972222e-01 -4.08374906e-01
    3.64785731e-01 -1.91762149e-01 -4.42758530e-01 3.08814704e-01
    -5.37250519e-01 9.99980211e-01 7.68768072e-01 -7.41427302e-01
    1.05376923e+00 -7.92088687e-01 6.78535461e-01 4.56505477e-01
    4.10443544e-03 -6.71730399e-01 1.92089033e+00 9.26328063e-01
    7.21803904e-01 2.78998017e-01 9.74687994e-01 1.35830712e+00
    1.70954633e+00 -4.67351675e-01 8.31459880e-01 1.86212516e+00
    1.31887579e+00 2.40860283e-01 1.03688455e+00 -9.12565649e-01
    5.78535676e-01 1.27799535e+00 3.34625602e-01 4.69590902e-01
    1.40212631e+00 -6.22389436e-01 1.94190919e+00 9.40036178e-01
    -3.18792939e-01 5.15235484e-01 3.25415552e-01 3.19350362e-02
    1.44437206e+00 1.47502995e+00 1.88906169e+00 2.23389566e-01
    4.08033252e-01 1.83608019e+00 8.42860341e-02 8.83908093e-01
    1.15439224e+00 2.27596581e-01 1.15899360e+00 -2.54523873e-01
    5.96802592e-01 3.97507846e-01 1.60126901e+00 1.70931363e+00
    1.65654218e+00 3.78577828e-01 -1.00768256e+00 1.65134668e+00
    1.06421542e+00 1.89402139e+00 1.17816186e+00 1.11318636e+00
    -1.41126215e-01 1.02844775e+00 1.72759521e+00 1.01695442e+00
    -4.77346212e-01 8.63365829e-01 -5.95302582e-01 1.70436502e+00
    4.76286292e-01 -4.87685978e-01 -1.39144421e-01 1.14130807e+00
    1.80735350e+00 7.57600784e-01 1.61125994e+00 6.66169882e-01
    -2.28200853e-01 1.68867826e+00 -8.75511169e-01 -6.93363905e-01
    8.48573446e-01 1.90997958e+00 6.32146895e-01 1.45987868e-01
    1.95221853e+00 -1.27119601e-01 9.91052151e-01 1.15603566e-01
    5.96202612e-01 1.71868086e-01 -2.62636125e-01 9.09583509e-01
    1.83290148e+00 1.75986028e+00 1.14364958e+00 1.71126366e+00
    9.01719868e-01 9.16593075e-02 7.43526578e-01 -6.92923605e-01
    1.89663982e+00 1.09397805e+00 8.30613196e-01 3.14477563e-01
    1.67624497e+00 9.23302233e-01 7.70463884e-01 -8.37135434e-01
    1.36674726e+00 1.30018866e+00 1.21967578e+00 7.30106473e-01
    -7.26032853e-02 1.12115002e+00 4.96320724e-01 -4.99825001e-01
    6.67518377e-01 1.24529147e+00 1.12347317e+00 1.86634064e-02
    -6.40288591e-02 8.61933529e-01 -3.09718400e-01 1.18456888e+00
    1.67716026e-01 4.11469519e-01 5.02646685e-01 1.98948205e+00
    6.35781109e-01 4.53136802e-01 -6.32035553e-01 1.06711221e+00
    -1.76056087e-01 -3.75226796e-01 -1.33276463e-01 -4.73652244e-01
    5.84076047e-01 1.59706569e+00 1.68522143e+00 8.97647738e-01
    4.95648146e-01 -6.97538137e-01 -2.57952213e-01 1.32707500e+00
    1.24584460e+00 4.12893772e-01 7.00389743e-02 4.34248269e-01
    8.35525870e-01 1.39329052e+00 -2.23854184e-02 1.36956966e+00
    -6.33140683e-01 1.02730274e+00 7.85938501e-02 1.47961307e+00
    1.41413093e+00 8.04156065e-02 1.09311819e-01 1.27378678e+00
    2.96191573e-02 3.08048904e-01 -4.11823273e-01 2.71862149e-01
    6.05821133e-01 6.65297866e-01 1.68912065e+00 -5.71757913e-01
    3.06367874e-04 -5.45421243e-01 -6.68426037e-01 1.37627637e+00
    1.39232314e+00 -6.48690820e-01 -4.66243863e-01 9.65629041e-01
    1.41834152e+00 -3.55233669e-01 1.12482226e+00 2.22012460e-01
    6.97605371e-01 -8.46665442e-01 3.17007720e-01 -2.22854435e-01
    1.66969991e+00 1.45787597e+00 -3.57629299e-01 1.65795195e+00
    2.40799546e-01 3.78920972e-01 5.02309680e-01 -4.35453355e-01
    1.85498273e+00 -5.11424541e-01 1.73952281e-01 -5.50767422e-01
    -4.43268478e-01 1.13116229e+00 3.74250889e-01 5.96558213e-01
    5.79608679e-01 1.72654593e+00 1.45620334e+00 1.82595253e-01
    -8.40086520e-01 8.46015096e-01 1.28043890e+00 4.42281604e-01
    6.88734889e-01 1.26117945e+00 5.46267986e-01 1.62742674e+00
    -8.53493154e-01 -8.57362151e-02 1.83138621e+00 -1.37047768e-01
    9.36047018e-01 1.60814404e+00 -8.09875190e-01 -4.36396360e-01
    -8.26343417e-01 -3.33710313e-01 -8.77268732e-01 1.73375654e+00
    6.63269758e-01 4.35217738e-01 9.07417417e-01 1.04252493e+00
    1.96819067e-01 -4.68527913e-01 -1.46091461e-01 8.54805648e-01
    6.23720825e-01 2.91078627e-01 -9.35907364e-02 -5.94895005e-01
    8.41446936e-01 -5.45390248e-01 -4.79437351e-01 5.72195292e-01
    1.06361306e+00 1.47666669e+00 -8.30791593e-01 1.86652637e+00
    -8.25497746e-01 1.34261441e+00 3.40137482e-01 1.60235572e+00
    4.02349889e-01 5.40969133e-01 -7.13500023e-01 1.37700701e+00
    -6.53055310e-02 -2.41773844e-01 9.24733043e-01 1.67791188e+00
    1.58287525e-01 1.28090310e+00 1.67241800e+00 -4.90271628e-01
    6.31413102e-01 5.31965971e-01 7.73955464e-01 -1.44386649e-01
    1.53650725e+00 1.60649776e+00 -4.70859349e-01 7.56904006e-01
    3.54652047e-01 1.07053840e+00 1.06278527e+00 -8.69693935e-01
    1.31674767e-01 1.70019889e+00 -1.84368253e-01 -1.24787092e-01
    1.19681072e+00 -6.51458561e-01 1.44833136e+00 -1.67963386e-01
    6.13442719e-01 9.93864596e-01 -5.05141854e-01 -1.08745098e-01
    5.89229107e-01 -6.18480921e-01 1.56890655e+00 9.46152270e-01
    9.41382825e-01 -2.88871646e-01 9.99529481e-01 -2.17396617e-02
    1.20303226e+00 5.35006106e-01 -5.34965992e-02 -8.31733346e-02
    -7.79291809e-01 1.97808337e+00 -9.20609236e-02 8.48167658e-01
    -7.12794185e-01 -3.61919641e-01 -7.31581330e-01 1.50589168e-01
    4.85983074e-01 1.53964019e+00 4.03177619e-01 8.30283761e-02
    6.73094034e-01 1.35287976e+00 -2.77855456e-01 -5.64251602e-01
    1.57139874e+00 1.46891212e+00 1.23608816e+00 -2.71756113e-01
    -3.86072397e-02 1.89093900e+00 -5.34371257e-01 2.99755812e-01
    5.19801497e-01 -1.88677073e-01 8.91551614e-01 1.73379183e+00
    -2.36595154e-01 -3.17888319e-01 1.54438555e-01 1.69767976e+00
    2.50976443e-01 1.23959708e+00 -6.78146362e-01 -5.79740405e-02
    2.00636983e+00 2.00096369e+00 -1.56621456e-01 -1.22318447e-01
    8.03963840e-01 1.67310822e+00 1.56977296e+00 1.62636447e+00
    -6.10428452e-02 -5.13597131e-01 -2.35015154e-01 -2.70519137e-01
    5.52790463e-01 -1.06790960e-01 1.59637046e+00 -8.56474936e-01
    1.55574656e+00 1.71475029e+00 1.66624451e+00 5.64782560e-01
    1.56985354e+00 -3.21887076e-01 6.14141464e-01 1.45686495e+00
    -6.02089405e-01 3.15357447e-02 3.05639505e-01 1.04919279e+00
    1.93960309e-01 2.73554325e-01 -3.21515083e-01 -4.26656902e-01
    9.47613955e-01 -8.16739202e-01 5.77370048e-01 9.40053284e-01
    1.05147207e+00 1.00128162e+00 1.36911106e+00 1.44447780e+00
    1.83838606e-02 1.20623279e+00 6.37027025e-02 7.77885318e-02
    1.50283515e-01 -7.73784220e-01 1.98663342e+00 -4.37695503e-01
    1.70167708e+00 -5.21514177e-01 1.67602479e+00 8.24296653e-01
    1.70522881e+00 5.70563972e-01 4.59252894e-01 1.85603857e-01
    1.21852696e+00 1.59076810e+00 4.70946789e-01 -9.07384098e-01
    1.16076779e+00 1.60420263e+00 4.73145843e-01 8.36827636e-01
    9.86412168e-01 -8.15084934e-01 9.43809450e-01 -5.19122720e-01
    1.92662716e+00 1.23794007e+00 2.93085277e-01 -1.67425096e-01
    1.66417336e+00 1.71191096e+00 3.06625485e-01 -2.94963479e-01
    1.87787127e+00 4.90399599e-01 -3.81433606e-01 1.24076664e+00
    1.57671237e+00 1.27447510e+00 -3.79664361e-01 -6.03742361e-01
    8.40507627e-01 1.17853308e+00 1.64837396e+00 1.75245273e+00
    1.91614556e+00 -1.67567074e-01 5.30649424e-02 -8.52770686e-01
    5.82528114e-03 1.77657890e+00 9.32696819e-01 -7.68547416e-01
    7.22106695e-01 -1.83426440e-01 1.83286369e-01 1.53711331e+00
    1.21924651e+00 -7.90419459e-01 1.52680922e+00 1.56397402e-01
    -6.52464986e-01 1.59166455e-02 3.84525478e-01 5.21688581e-01
    8.61989021e-01 1.44964099e-01 -7.70802319e-01 -3.00431848e-02
    6.66367412e-02 8.62656474e-01 -6.29966438e-01 5.42268991e-01
    -7.14101672e-01 5.33161879e-01 5.45369923e-01 -8.93000007e-01
    4.82800245e-01 1.06491923e+00 4.85260844e-01 1.51539493e+00
    1.24357927e+00 1.16471016e+00 8.16084146e-02 1.16025162e+00
    -1.72237754e-01 -9.24425125e-02 7.42284358e-01 1.18785143e+00
    8.14545393e-01 4.10008430e-03 1.02617121e+00 4.34582710e-01
    3.67222190e-01 5.39792418e-01 -3.06245089e-01 -5.20387888e-01
    1.59253716e+00 8.54389191e-01 -3.34362388e-01 1.10705769e+00
    1.90495896e+00 1.10872531e+00 -7.99051583e-01 2.36969233e-01
    6.57011747e-01 6.70231581e-01 9.94311810e-01 -7.99154222e-01
    1.64005888e+00 1.01474547e+00 4.43742871e-02 1.99547708e-01
    -8.93888950e-01 8.13823164e-01 1.23753333e+00 4.25066352e-02
    8.44356060e-01 5.20222902e-01 -5.04375458e-01 1.03359818e+00
    1.59791684e+00 6.41515136e-01 8.39138031e-02 2.55492210e-01
    1.87485695e+00 9.06994998e-01 1.78904057e+00 5.60463190e-01
    -2.43857920e-01 -1.73703969e-01 1.89546108e-01 1.55830860e+00
    -4.29631919e-01 -4.49126393e-01 -3.78907144e-01 -1.26297355e-01
    -7.13247418e-01 -2.93885589e-01 1.85608804e+00 1.72607756e+00
    9.49949026e-01 1.32416940e+00 8.50629330e-01 -5.69512129e-01
    -7.94183016e-01 6.06692851e-01 -9.38990057e-01 -2.47194350e-01
    -4.68581498e-01 1.88213587e+00 1.70307469e+00 5.72505176e-01
    3.47016633e-01 -2.90863872e-01 1.97284877e-01 -2.49231935e-01
    -5.66934466e-01 1.88231444e+00 2.05026269e-02 -8.84068251e-01
    1.86888850e+00 1.39211667e+00 2.60821700e-01 1.07391477e-02
    1.79841173e+00 6.25378072e-01 -7.91359425e-01 9.12910700e-01
    9.92168903e-01 1.32717669e+00 1.77584124e+00 2.28908956e-01
    1.53290439e+00 4.33845103e-01 1.96723282e-01 6.43320084e-01
    -4.33490872e-02 6.28062665e-01 -6.55592978e-01 3.27064097e-01
    -2.45549619e-01 8.71560037e-01 1.45092046e+00 -8.96286070e-01
    2.02653766e-01 9.44239557e-01 3.58184695e-01 -5.86944699e-01
    -2.86938548e-01 9.16388035e-01 8.87691975e-02 -7.84537017e-01
    5.92354715e-01 1.86995637e+00 -8.45752776e-01 -3.60647380e-01
    -8.96757483e-01 -9.44691896e-02 -3.84211481e-01 7.96502233e-01
    1.35434961e+00 1.41340601e+00 7.90979326e-01 2.36919641e-01
    5.91745675e-01 8.38534176e-01 1.50205743e+00 8.08514059e-01
    -3.67078364e-01 9.78499293e-01 7.59656727e-01 1.86594963e+00
    1.74373317e+00 1.10273385e+00 1.13859594e-01 1.43455219e+00
    4.51751232e-01 2.68352330e-01 1.82522953e+00 1.67885947e+00
    1.35352468e+00 -8.61475050e-01 -2.03904569e-01 -2.01880753e-01
    -1.93633080e-01 2.00245118e+00 1.28968072e+00 -1.38305545e-01
    -7.74613261e-01 1.13002276e+00 -7.25479364e-01 -2.30372131e-01
    -4.52926457e-01 1.41352427e+00 -9.31273997e-01 6.08233094e-01
    1.12983584e-01 -4.52188253e-02 1.21206045e+00 1.33103573e+00
    -2.64507532e-01 6.99911118e-01 3.95571709e-01 1.76321971e+00
    -2.13048637e-01 -2.09994853e-01 2.48748004e-01 1.61587846e+00
    1.05054128e+00 1.27476716e+00 -7.64146090e-01 -1.95338249e-01
    1.10138619e+00 1.30692780e+00 1.07451296e+00 2.55917788e-01
    5.99933743e-01 -8.34254265e-01 1.11404991e+00 -7.75904417e-01
    6.93146408e-01 -3.97113800e-01 -5.95309138e-02 9.63864326e-01
    2.76337266e-01 -4.96197909e-01 4.72437322e-01 1.01941049e-01
    2.25788772e-01 -8.99323225e-02 1.20001006e+00 -2.23667383e-01
    1.63069940e+00 4.38869655e-01 1.10204685e+00 6.87662959e-01
    -4.28090930e-01 1.72419310e+00 3.67808223e-01 1.57159376e+00
    -8.78525853e-01 -3.57498169e-01 -1.58359468e-01 1.81821549e+00
    -1.76002979e-01 1.38883471e+00 -1.87028587e-01 1.71479130e+00
    -5.83257914e-01 4.81421828e-01 4.99193311e-01 -7.25942969e-01
    -8.59073222e-01 1.00242794e+00 6.05102658e-01 1.73496914e+00
    7.68638134e-01 -6.36849999e-01 3.71586442e-01 -8.53984356e-01
    -1.46114826e-02 -4.99184906e-01 8.63757372e-01 6.57970071e-01
    1.89022446e+00 1.15943003e+00 6.91987991e-01 1.05679119e+00
    9.30960774e-01 1.33681095e+00 -3.10463488e-01 7.94753790e-01
    -2.42681682e-01 2.28600740e-01 1.75793457e+00 1.05402267e+00
    4.04886007e-02 1.21832728e-01 1.58973742e+00 8.98819208e-01
    1.87243938e+00 6.08609498e-01 -2.26490140e-01 -2.34586895e-01
    -4.54627901e-01 1.32266545e+00 -7.33203411e-01 1.38062596e+00
    1.62232935e+00 1.02748621e+00 -4.51963365e-01 1.53179336e+00
    1.42232585e+00 -6.36417866e-02 -5.19567728e-03 -3.07180166e-01
    1.68152809e+00 1.86151111e+00 -7.68823683e-01 -3.15122426e-01
    6.21062577e-01 2.10024774e-01 1.34212422e+00 4.99292612e-01
    1.85628843e+00 5.15918493e-01 1.86446190e+00 -2.08104551e-01
    5.14539123e-01 9.01060104e-01 4.45878625e-01 -1.63305402e-02
    8.99117887e-01 1.17115784e+00 -8.08576286e-01 5.00950813e-01
    7.56767929e-01 -3.94704342e-02 1.60599947e-01 1.71502948e-01
    1.44124842e+00 1.24893069e+00 7.17663288e-01 5.71785152e-01
    1.68532872e+00 3.93702269e-01 9.73386168e-02 1.41117907e+00
    9.19136822e-01 1.45501971e+00 -1.30632341e-01 4.47720289e-02
    -8.82951438e-01 1.15965366e+00 -3.56507421e-01 -1.58384740e-01
    -7.29296803e-01 2.98267066e-01 1.40053368e+00 7.19205737e-02
    -2.89471507e-01 -8.41729462e-01 3.58630598e-01 -4.74334955e-02
    7.20419049e-01 1.20590806e+00 -6.58983350e-01 -8.63280237e-01
    1.82067382e+00 3.93640697e-01 5.73507786e-01 -9.94457245e-01
    1.23292148e+00 1.37174392e+00 -4.26243901e-01 -5.95808029e-02
    -8.21661234e-01 -3.13985586e-01 1.67086327e+00 1.26451039e+00
    9.97731328e-01 5.80437005e-01 1.26544523e+00 6.14366889e-01
    4.03966010e-01 -1.62851989e-01 -7.47045994e-01 5.36957800e-01
    7.97984242e-01 1.45256758e+00 1.31069613e+00 1.84564662e+00
    9.41395879e-01 4.90173638e-01 1.30470634e+00 6.53104067e-01
    -5.21298885e-01 -4.00444388e-01 -3.30868602e-01 1.28384948e+00
    2.74068713e-01 1.06448638e+00 -7.96429992e-01 1.15739894e+00
    1.35080123e+00 1.04525387e-01 1.80452275e+00 -9.30166185e-01
    1.18025327e+00 1.82172740e+00 9.96330619e-01 -6.71541333e-01
    9.58344936e-02 1.57941377e+00 1.38722360e-01 5.91303110e-01
    -7.07589984e-02 1.02983713e+00 5.87100983e-02 6.39882207e-01
    3.50861073e-01 -8.41239095e-02 4.33750629e-01 5.82559109e-02
    3.66041660e-01 9.35540080e-01 6.58730984e-01 1.54740465e+00
    1.76291704e-01 1.52191305e+00 -4.99897778e-01 1.34798813e+00
    2.29720592e-01 3.37899923e-02 1.31591010e+00 -8.85732174e-01
    -8.23002338e-01 1.42096853e+00 1.43772757e+00 1.58192492e+00
    1.30707407e+00 -6.19703174e-01 8.08203340e-01 9.28996980e-01
    1.32909489e+00 -8.99667263e-01 -5.21440268e-01 -2.58260071e-01
    1.23169470e+00 -1.27930045e-02 -4.07928228e-03 3.31808925e-02
    -8.25672150e-01 8.40902388e-01 1.31820452e+00 -4.77369606e-01
    4.69582140e-01 -6.68797016e-01 1.13291717e+00 1.55814934e+00
    9.07091379e-01 5.97180128e-02 2.22870171e-01 1.90684617e-01
    4.97531295e-02 -1.72286153e-01 1.51803923e+00 1.81312764e+00
    -5.99609256e-01 -8.62058163e-01 -3.23892713e-01 1.86244810e+00
    -1.75722301e-01 -2.35561848e-01 8.96176696e-01 -6.71931863e-01
    -6.14311576e-01 1.58827865e+00 5.39942622e-01 -1.81196988e-01
    -9.63656127e-01 1.72444439e+00 -9.93222713e-01 1.08422208e+00
    -4.29517031e-02 -6.04413450e-01 5.62813163e-01 8.48961353e-01
    1.29511905e+00 1.14001942e+00 -5.87266743e-01 1.02256322e+00
    1.53570116e-01 -5.15150666e-01 -3.85506392e-01 -8.59682798e-01
    1.41932726e-01 -7.39480615e-01 7.51792550e-01 1.40478635e+00
    2.07672668e+00 6.56014860e-01 -5.18182039e-01 1.07687294e-01
    -2.14852631e-01 -4.94123101e-02 9.06385481e-01 8.43910575e-02
    -7.84936607e-01 9.94849026e-01 1.91692424e+00 -1.65091872e-01
    -6.10361576e-01 2.89860129e-01 6.38324022e-03 -1.22491181e-01
    5.53792536e-01 -2.59643197e-01 8.20764959e-01 1.08816206e-01
    1.02319384e+00 7.31805682e-01 8.95765305e-01 -9.76028681e-01
    1.69737208e+00 1.07414055e+00 1.79897308e+00 1.11943340e+00
    1.63537014e+00 1.04433441e+00 -3.43530059e-01 8.02222252e-01
    -6.22156382e-01 9.32412505e-01 1.55808592e+00 1.61128926e+00
    3.91790271e-01 6.71037912e-01 1.78813708e+00 1.40563369e+00
    7.06403971e-01 1.69901454e+00 1.06673539e+00 5.49435616e-03
    3.12184930e-01 -6.59377933e-01 9.23697293e-01 1.03724694e+00
    1.53644276e+00 1.56283474e+00 -6.39118075e-01 1.67753220e+00
    1.30677521e-01 -6.31394744e-01 9.57367837e-01 6.60614431e-01
    1.46250153e+00 -8.97945285e-01 4.52521682e-01 -1.97502911e-01
    -8.12869847e-01 1.65659261e+00 1.30419362e+00 -2.42226064e-01
    6.19928837e-02 1.90170646e+00 1.06549489e+00 6.33802772e-01
    9.77125883e-01 1.01530838e+00 8.33285570e-01 -2.12834775e-01
    3.71204257e-01 1.78391683e+00 1.50876999e+00 -7.97541380e-01
    -4.26680505e-01 3.04041624e-01 -3.03303182e-01 9.34356153e-01
    4.82272863e-01 1.50358653e+00 1.07003605e+00 5.33029914e-01
    8.83855581e-01 8.44838798e-01 1.72106266e-01 -9.10366952e-01
    1.22779906e+00 -4.38697338e-02 -8.29047263e-01 -3.57032537e-01
    1.54142380e+00 -6.92798495e-02 -3.99921954e-01 -4.51021463e-01
    1.12977982e+00 6.46826982e-01 2.81160772e-01 -5.10753512e-01
    5.60557127e-01 -6.93777084e-01 1.02615666e+00 7.81204522e-01
    -8.76535535e-01 -8.62280667e-01 6.03181720e-01 8.90761554e-01
    9.30285513e-01 1.06204915e+00 9.79886413e-01 1.48325717e+00
    1.50828135e+00 -1.16617799e-01 1.79614854e+00 -6.01527154e-01
    1.53463423e+00 -1.96521640e-01 -6.53061450e-01 -5.45110226e-01
    1.06917143e+00 2.51368940e-01 1.98115742e+00 1.20885372e-01
    1.09718919e-01 8.97943139e-01 -2.01818287e-01 -6.16243482e-01
    1.80507135e+00 1.45598972e+00 1.67388272e+00 -5.67874193e-01
    8.14097881e-01 4.89399791e-01 1.06831646e+00 8.71453941e-01
    9.83046472e-01 -6.04866028e-01 1.06958365e+00 -5.61462998e-01
    1.89880669e+00 -5.80896258e-01 -3.69006336e-01 -6.51131749e-01
    -4.60795671e-01 5.09293675e-02 1.61684108e+00 1.12959576e+00
    2.65317142e-01 1.76548862e+00 8.70564878e-01 1.15000665e-01
    1.87318051e+00 1.19232368e+00 7.56872714e-01 1.45688665e+00
    5.51106870e-01 1.73829842e+00 1.63992310e+00 7.77544975e-01
    -5.48650265e-01 9.37706828e-01 -3.21210861e-01 5.55065870e-01
    -8.84015501e-01 5.29356241e-01 1.56060839e+00 -4.50152546e-01
    9.14093733e-01 1.40250325e+00 3.88522446e-01 -6.11138642e-01
    5.38495541e-01 8.66815567e-01 1.16432333e+00 -6.67369485e-01
    -9.35918033e-01 -6.42065525e-01 1.13782859e+00 -8.07987213e-01
    -6.86980486e-01 6.33092642e-01 1.82557702e+00 1.74740148e+00
    1.20310664e+00 -5.31415343e-01 1.10194612e+00 1.28929615e-02
    -9.93270874e-02 4.24862504e-01 1.44924498e+00 5.01715541e-01
    1.58434188e+00 2.22838521e-02 -5.84838986e-02 2.71735191e-01
    -6.33829951e-01 1.12903118e+00 -1.57116115e-01 1.66778779e+00
    1.64414477e+00 1.33061934e+00 -9.05335367e-01 8.73722017e-01
    3.64948511e-01 3.47725213e-01 1.56187844e+00 4.14895654e-01
    -2.00403333e-02 2.57447362e-01 1.40856206e+00 1.89857697e+00
    -5.66946030e-01 -1.34331942e-01 9.08278584e-01 -5.85766971e-01
    -8.39811563e-03 5.05492449e-01 -4.41693842e-01 1.70818830e+00
    -5.36011457e-02 -1.80885792e-01 -9.72341180e-01 5.08091152e-01
    6.95745707e-01 4.72933650e-01 -2.04302669e-01 9.62634802e-01
    1.82455814e+00 3.96238208e-01 1.29410183e+00 -4.81149852e-01
    -1.01436305e+00 -9.84786928e-01 8.18927646e-01 1.56411922e+00
    -8.91247988e-01 1.30860400e+00 -3.84613752e-01 -9.25436378e-01
    -7.59033442e-01 4.87103462e-02 1.68735862e-01 -4.31050181e-01
    1.03474748e+00 -3.82435679e-01 1.31541312e+00 4.97738957e-01
    8.80619705e-01 7.77611732e-01 9.42271173e-01 -6.80401146e-01
    9.67105031e-01 9.20281291e-01 1.43502450e+00 -1.98125422e-01
    6.21268630e-01 -4.22494054e-01 -1.78572714e-01 1.05575681e+00
    -6.92535818e-01 1.30850649e+00 -4.38513458e-01 8.31420541e-01
    3.99996638e-02 1.57930148e+00 1.33429360e+00 -6.72163725e-01
    1.28956008e+00 3.28589141e-01 5.12856245e-02 5.37004948e-01
    1.69311607e+00 -2.92829335e-01 1.15475655e+00 1.89883459e+00
    -8.10393214e-01 5.21781445e-02 6.28974557e-01 1.06475818e+00
    -7.33429551e-01 1.77351546e+00 1.48782778e+00 1.16142774e+00
    4.09924865e-01 -7.59841919e-01 -8.37586761e-01 1.20523834e+00
    1.45904827e+00 1.77916646e+00 1.03265083e+00 1.13289857e+00
    1.80707014e+00 -3.58355939e-01 -7.09266067e-02 -2.53513992e-01
    7.25344539e-01 1.67904019e+00 -6.19568825e-01 1.25809228e+00
    7.99182177e-01 -3.70687842e-02 1.15448809e+00 1.36113143e+00
    -8.46291125e-01 -5.67934036e-01 1.34008908e+00 6.14902377e-01
    -5.24507046e-01 1.98508191e+00 1.30691695e+00 1.71094418e+00
    1.06869841e+00 -2.36523509e-01 1.56989098e-02 3.75566423e-01
    1.72684336e+00 1.46691704e+00 1.81484890e+00 3.22518051e-01
    1.84541667e+00 1.00451565e+00 3.55800390e-01 6.34534478e-01
    1.43154502e+00 6.69099092e-01 -1.58550382e-01 9.28555489e-01
    1.64640248e+00 1.35087192e-01 -4.43133891e-01 1.62826550e+00
    1.08813548e+00 6.34590507e-01 4.78644133e-01 -4.89990115e-01
    6.90613866e-01 -8.26306581e-01 1.81197178e+00 -8.49470258e-01
    -2.69363821e-01 1.48454773e+00 1.06699264e+00 3.76270890e-01
    -1.85446143e-01 -3.82789433e-01 1.63505697e+00 5.34589529e-01
    -1.98771656e-01 -6.79962099e-01 9.41889703e-01 1.42603695e-01
    -4.70237404e-01 -2.04707384e-01 2.68788576e-01 1.52879047e+00
    9.16789472e-01 7.28170514e-01 1.08035040e+00 1.80142450e+00
    6.23993993e-01 4.96441424e-01 6.16663873e-01 -7.68987477e-01
    -8.20513427e-01 -8.19828689e-01 1.41984820e+00 6.74668372e-01
    3.91154885e-02 7.11371660e-01 9.55727458e-01 1.26847768e+00
    4.95934010e-01 -3.19145977e-01 3.42762113e-01 -1.15315259e-01
    1.46404600e+00 4.97583687e-01 -7.52439618e-01 8.42919528e-01
    -2.95876086e-01 1.88329434e+00 1.70038295e+00 1.75939071e+00
    6.66111708e-01 1.56779790e+00 1.18071353e+00 1.09353065e+00
    1.76555872e+00 -8.93498898e-01 2.23398805e-01 -8.85514975e-01
    -1.48571491e-01 1.05505335e+00 1.27238536e+00 1.70758057e+00
    -4.83596712e-01 4.16542053e-01 6.00109816e-01 1.50445259e+00
    -2.49566913e-01 7.89825559e-01 -2.23192990e-01 -5.52499890e-02
    3.59057486e-01 1.34776437e+00 1.80480099e+00 1.21661425e-01
    6.00195229e-01 5.26617348e-01 4.39100742e-01 3.18782985e-01
    1.12982321e+00 -6.80813670e-01 1.16983521e+00 -7.63636827e-02
    6.48058057e-01 -2.25435853e-01 1.72162604e+00 -8.18032920e-01
    5.80993891e-01 -3.68902683e-02 3.57939363e-01 5.04136026e-01
    -1.27471030e-01 1.64815962e-01 1.22596085e-01 1.07264662e+00
    9.27398682e-01 2.83627331e-01 1.27697837e+00 1.89236879e+00
    5.32018721e-01 1.49124813e+00 3.92870247e-01 -4.28543031e-01
    1.31150830e+00 1.36991727e+00 5.30283213e-01 -3.52016151e-01
    1.43628752e+00 -8.41874361e-01 1.37815428e+00 8.37484002e-02
    1.82699418e+00 1.45930219e+00 -5.08568943e-01 1.78053999e+00
    5.42085469e-01 1.50897932e+00 -8.32442641e-02 7.31153727e-01
    1.76202917e+00 1.24196351e+00 -1.66302323e-01 -4.65960830e-01
    -5.76496542e-01 1.35754585e-01 -7.18759775e-01 -7.49767900e-01
    -2.97484994e-01 3.39590907e-01 9.96888280e-02 -9.46334004e-02
    6.89345121e-01 4.15467978e-01 -3.37579012e-01 -1.59660935e-01
    8.39609802e-01 1.82876253e+00 3.78440082e-01 6.01220667e-01
    1.83121157e+00 -7.58121014e-01 1.77585137e+00 2.86717653e-01
    1.58767724e+00 1.49398565e+00 6.31487370e-01 1.32180429e+00
    -2.65662789e-01 1.89632893e+00 8.35063219e-01 1.89340067e+00
    -3.20035875e-01 -3.52597654e-01 1.81543303e+00 1.56092775e+00
    1.08679175e-01 1.81045282e+00 1.18014789e+00 1.40092981e+00
    -9.66493785e-01 1.36687219e+00 1.08279634e+00 1.72329259e+00
    1.77642918e+00 -4.83106613e-01 -3.34339082e-01 3.14975262e-01
    1.06588209e+00 -8.12664032e-01 1.84410775e+00 1.64719963e+00
    -4.77033943e-01 9.77995992e-01 1.70860684e+00 1.67455721e+00
    -4.99603897e-01 2.36526787e-01 -8.41563940e-03 1.15335631e+00
    7.89659500e-01 -5.38461804e-01 1.74139833e+00 6.11985624e-01
    1.59104300e+00 3.54233801e-01 1.08283949e+00 1.30435205e+00
    1.02904201e-01 1.40293479e+00 6.66238427e-01 1.72235465e+00
    1.49278140e+00 1.05117297e+00 2.89125204e-01 3.70483458e-01
    -8.72791111e-01 1.05452263e+00 -1.85027301e-01 -3.36429477e-02
    1.55075991e+00 -1.19012237e-01 1.72069311e-01 5.66197157e-01
    7.62496948e-01 3.61338615e-01 1.18506253e+00 -9.66190755e-01
    4.09169078e-01 -7.15301871e-01 -8.65374446e-01 2.35646963e-01
    2.04324722e-04 7.50375628e-01 -2.22947419e-01 -9.39793706e-01
    1.06042969e+00 9.25288916e-01 -1.99878454e-01 1.52854908e+00
    1.50728881e+00 -3.24839830e-01 7.70879388e-01 1.06595027e+00
    -4.61702347e-02 1.88915181e+00 1.11706722e+00 9.34427977e-02
    5.22960961e-01 8.38355482e-01 2.46584058e-01 -3.84652615e-03
    1.54930878e+00 1.51012206e+00 2.09700227e-01 9.16670561e-02
    -3.39295864e-01 9.16684508e-01 1.30989647e+00 7.98307121e-01
    5.21941304e-01 1.61588621e+00 -7.92046249e-01 8.02523315e-01
    -1.03998542e-01 8.11935663e-01 -7.84325004e-01 1.10774672e+00
    5.79196572e-01 -7.95149982e-01 -4.52547252e-01 -8.74116063e-01
    -9.03629422e-01 -3.86432171e-01 7.41705298e-01 1.72471404e+00
    -9.66334939e-01 -3.43729436e-01 -7.07625031e-01 9.91933286e-01
    2.27952540e-01 -9.44611073e-01 -2.70284712e-01 1.61801755e-01
    1.19396985e-01 1.70164728e+00 1.28047609e+00 -7.71604478e-01
    1.38488591e+00 8.89013886e-01 2.15423107e-02 -4.31696892e-01
    1.84108639e+00 -1.69890165e-01 -4.43679035e-01 7.05858469e-02
    8.37615848e-01 1.17014265e+00 1.42695117e+00 -4.04230952e-01
    1.26980734e+00 -2.15108216e-01 -1.09654963e-01 7.41403878e-01
    1.07019591e+00 1.07026470e+00 -6.49523914e-01 1.77173162e+00
    -8.25345933e-01 2.52977073e-01 1.60337567e+00 1.27294588e+00
    -1.10532284e-01 1.84082174e+00 -2.50600040e-01 3.76909792e-01
    1.22670937e+00 -4.55611080e-01 -6.26885295e-01 9.30579007e-01
    -2.92183876e-01 -6.91358268e-01 1.91366220e+00 1.07704675e+00
    4.70049977e-01 3.66420746e-01 -5.55028975e-01 1.06366682e+00
    1.72764683e+00 -8.24729443e-01 3.05685759e-01 -3.30939412e-01
    8.16140294e-01 1.50178790e+00 7.25637794e-01 1.03699601e+00
    1.35312581e+00 -8.10539782e-01 3.53345633e-01 5.47255039e-01
    -5.46782792e-01 1.27407372e-01 -8.14032435e-01 -7.89745271e-01
    9.69495773e-01 5.72567344e-01 2.54608810e-01 1.22746253e+00
    5.69757998e-01 1.87415481e-01 -7.74692893e-01 2.41255760e-03
    1.73378479e+00 4.87872958e-02 -3.21031809e-01 -7.05838203e-03
    1.21617746e+00 -4.95162308e-01 2.97354341e-01 8.66230071e-01
    -1.38349831e-01 2.83979416e-01 4.68181968e-02 1.67322993e+00
    4.31686401e-01 1.67874253e+00 -6.95375800e-01 -2.47738361e-02
    2.70247281e-01 7.01288998e-01 9.03200269e-01 -3.62803936e-01
    7.81804264e-01 1.25838256e+00 -6.26499951e-01 1.82840753e+00
    4.46159899e-01 1.03710544e+00 1.12749290e+00 1.36441851e+00
    1.30197310e+00 1.37038469e+00 1.81031227e+00 9.83176291e-01
    -3.78243685e-01 1.20573068e+00 1.79766655e+00 1.18617105e+00
    -9.93334055e-02 -1.60109103e-01 1.57613730e+00 1.88251865e+00
    1.18603587e-01 4.49599028e-01 1.04484892e+00 1.62717092e+00
    2.51096725e-01 6.73969984e-02 -1.36688828e-01 3.35859895e-01
    -1.91810787e-01 -6.95460439e-01 1.40767121e+00 1.56162179e+00
    -4.35220093e-01 1.85943949e+00 5.84052145e-01 1.44852495e+00
    -3.58730495e-01 -2.70294905e-01 1.54382110e+00 4.20707524e-01
    1.96944857e+00 6.75495088e-01 -6.39472365e-01 1.50517964e+00
    1.75009060e+00 1.15620327e+00 -6.84045076e-01 1.48902392e+00
    -6.13358974e-01 8.28098416e-01 6.14671707e-02 1.80374098e+00
    1.32053041e+00 1.87159276e+00 1.84737897e+00 -3.19919050e-01
    2.75903344e-02 -3.79778981e-01 2.92809248e-01 -5.34341335e-02
    1.12697995e+00 -4.88687575e-01 1.03576767e+00 6.12153172e-01
    8.81576061e-01 9.47373271e-01 1.37917435e+00 1.21519601e+00
    -4.00813580e-01 -2.20062435e-01 -3.65748107e-01 1.67868853e+00
    6.73009276e-01 1.57288671e+00 3.46807003e-01 1.53613830e+00
    1.08306229e+00 1.01531506e+00 1.26882792e-01 4.24846768e-01
    1.57927823e+00 1.50538135e+00 -7.28947222e-01 1.26616621e+00
    3.98272753e-01 1.12686121e+00 9.89524126e-02 1.63338900e+00
    -4.99042213e-01 1.23230815e-01 -2.96931982e-01 2.81279325e-01
    -4.94213790e-01 1.86543727e+00 -4.03502405e-01 1.74377012e+00
    1.87576187e+00 -7.77857006e-01 4.99744356e-01 1.41323149e-01
    -4.95878756e-01 4.53828156e-01 1.51963234e-02 1.69093406e+00
    1.64230704e+00 3.08988452e-01 1.87139285e+00 1.77269685e+00
    -9.26708460e-01 1.89960241e-01 -1.02824879e+00 7.01470375e-02
    -7.51670957e-01 8.58019233e-01 9.67088223e-01 9.15976763e-01
    1.42385650e+00 7.78020501e-01 1.29380453e+00 -8.89216781e-01
    -8.26230645e-02 8.73045087e-01 -9.66375828e-01 -2.74556816e-01
    1.05983734e+00 3.91848564e-01 8.04993033e-01 4.59597111e-02
    -7.80522525e-01 -3.16606879e-01 8.79469931e-01 -8.52928221e-01
    9.95725393e-03 3.59265208e-01 -7.49474645e-01 -4.69602376e-01
    6.07410014e-01 -3.10850680e-01 4.41202760e-01 1.40540552e+00
    1.54245400e+00 7.72482336e-01 -4.24833894e-01 -7.18575001e-01
    3.77324224e-01 -1.80970311e-01 1.84917760e+00 -9.16481316e-01
    1.38668263e+00 9.53099489e-01 1.54529881e+00 1.71159756e+00
    1.32531071e+00 -4.29110646e-01 5.62458754e-01 -2.46928215e-01
    2.08774447e-01 1.36695671e+00 1.29436398e+00 -2.95716226e-01
    1.38200128e+00 6.16808951e-01 1.45323563e+00 1.49234617e+00
    9.33472633e-01 -5.68021178e-01 -2.53728569e-01 6.98145628e-01
    -7.62269735e-01 1.62312126e+00 5.64006686e-01 4.49663281e-01
    7.32790649e-01 8.90543461e-01 1.47167897e+00 -3.08696926e-01
    -5.21074533e-01 3.41736436e-01 1.54682446e+00 -8.58474672e-01
    1.30686665e+00 -7.25049734e-01 -7.86961675e-01 1.53235757e+00
    -2.74589837e-01 1.06546021e+00 -6.68570876e-01 9.89859283e-01
    2.70117819e-01 1.17234302e+00 7.31935680e-01 1.27198434e+00
    2.50705659e-01 8.91635239e-01 -2.21764445e-01 1.62766576e+00
    1.09437013e+00 5.93569160e-01 1.01297021e+00 1.36313128e+00
    -3.30347836e-01 5.27922869e-01 5.06984591e-02 -7.34706879e-01
    -6.82296753e-01 1.10287738e+00 1.09331751e+00 5.56122243e-01
    1.82626486e+00 8.66395473e-01 1.18661880e+00 1.70585060e+00
    1.36794090e+00 1.67167437e+00 1.27684653e+00 5.11981368e-01
    1.58323550e+00 1.28891540e+00 1.71688354e+00 1.48950672e+00
    -9.56903577e-01 6.92482531e-01 3.90381515e-01 5.38732588e-01
    5.72214544e-01 5.97986042e-01 1.21853173e-01 7.22167552e-01
    1.53138304e+00 -5.76810539e-01 -7.42371678e-02 3.37735236e-01
    -9.31849420e-01 2.75047600e-01 -8.51647973e-01 4.99898612e-01
    8.58942807e-01 -4.15717781e-01 -5.89707613e-01 5.95224619e-01
    -1.63900137e-01 1.92516422e+00 -2.75094330e-01 -8.52718353e-02
    -2.10664272e-02 1.79236412e+00 1.51095986e+00 2.58493245e-01
    1.28009856e+00 2.99341738e-01 4.53011572e-01 -1.04993641e-01
    5.22295952e-01 -8.41749907e-02 -1.51992261e-01 1.33893192e-01
    1.60002446e+00 -9.28115785e-01 3.98698688e-01 1.89475536e+00
    9.68324602e-01 3.60416293e-01 1.40059686e+00 2.97747016e-01
    -6.74767077e-01 -7.77588367e-01 -4.06633139e-01 -6.79325342e-01
    5.54652870e-01 4.34555471e-01 1.75004792e+00 1.13773108e+00
    1.73856401e+00 -7.95087337e-01 -2.12177634e-01 9.07238662e-01
    2.74899602e-01 -5.80420911e-01 4.03575063e-01 6.45133615e-01
    7.57906675e-01 5.99830031e-01 3.70458901e-01 9.28289890e-01
    1.80474865e+00 -8.08953941e-01 4.04292703e-01 -5.66524506e-01
    1.48414469e+00 -3.93289030e-01 1.30810976e+00 -3.94171327e-01
    -1.52303934e-01 1.13882816e+00 6.11521900e-01 -3.78799438e-02
    -6.08848631e-01 -2.07900405e-01 7.24227667e-01 4.37215924e-01
    1.12740767e+00 -7.17140794e-01 1.68658268e+00 8.78627062e-01
    1.22508585e-01 -8.64830613e-02 -4.02558446e-02 -1.61190748e-01
    -2.78813243e-02 4.86124396e-01 -9.95281577e-01 1.78875446e+00
    5.15135646e-01 1.27610219e+00 1.81687236e+00 1.84396505e-02
    1.83750343e+00 1.57490110e+00 4.91324306e-01 1.63511908e+00
    1.09324443e+00 6.02453947e-01 1.23610127e+00 -7.96730757e-01
    9.42813754e-01 1.49753284e+00 1.68596530e+00 -3.66043508e-01
    1.39825118e+00 -2.10174501e-01 1.01176488e+00 1.01501477e+00
    6.79036260e-01 -6.78704381e-01 4.76556420e-02 1.37744451e+00
    -5.88800669e-01 -1.91755652e-01 -4.88229275e-01 8.07635307e-01
    8.59895051e-01 3.14591765e-01 2.59263635e-01 8.25031996e-02
    7.53114581e-01 -1.85949206e-02 -5.01575351e-01 -5.14880836e-01
    -7.14439392e-01 1.54504204e+00 -5.30561090e-01 -6.05061769e-01
    3.62649977e-01 9.82567608e-01 7.29095638e-01 -6.67326152e-01
    3.05150151e-01 1.60765767e-01 1.83079076e+00 6.43928885e-01
    -4.29417551e-01 -4.93449390e-01 6.21176124e-01 -3.08030546e-01
    1.69322681e+00 4.97922182e-01 8.03096890e-01 4.22999740e-01
    1.86454010e+00 1.65229285e+00 -5.84118485e-01 1.40763628e+00
    6.83965802e-01 8.30462098e-01 1.37859702e+00 2.45543122e-01
    1.38474858e+00 1.44428539e+00 1.80654919e+00 1.76189959e+00
    9.22071934e-01 -9.82087076e-01 1.14904642e-01 9.38149571e-01
    1.65742183e+00 1.68115091e+00 6.72056317e-01 -2.25664079e-01
    -5.14074564e-01 1.68603063e-02 -6.28365636e-01 1.20547438e+00
    1.81228447e+00 2.77310133e-01 -4.89621788e-01 -1.95448875e-01
    4.79527950e-01 3.48938286e-01 -1.62611187e-01 -7.29603708e-01
    8.19707513e-02 1.44968510e+00 3.84925425e-01 -2.90892720e-02
    8.56785297e-01 -1.03939295e+00 1.47440386e+00 2.53010511e-01
    1.58611345e+00 1.19452858e+00 1.25156069e+00 -4.06741083e-01
    1.83545578e+00 3.78573656e-01 7.04902112e-01 1.92069793e+00
    3.29892814e-01 -2.77129471e-01 1.73021805e+00 -1.01000071e-02
    2.22411156e-01 1.86320794e+00 8.95092726e-01 3.99097800e-01
    -4.70872760e-01 7.14217424e-01 3.89584839e-01 -3.51946473e-01
    1.14782512e-01 -8.33433747e-01 1.61874223e+00 7.45523572e-01
    1.14618158e+00 1.48198271e+00 1.26832628e+00 7.05537677e-01
    1.66949320e+00 2.24223316e-01 -1.19263947e-01 -8.14767361e-01
    -1.26538396e-01 9.89081264e-02 9.83963609e-01 1.05341053e+00
    1.25800681e+00 -1.19693100e-01 -3.02725613e-01 1.31516790e+00
    9.46614921e-01 1.12089777e+00 -2.36000359e-01 -6.48546815e-01
    1.34521699e+00 -4.46342230e-02 9.13878500e-01 7.47159600e-01
    -6.53411806e-01 -3.58649552e-01 -2.14781880e-01 1.72050619e+00
    -1.86842680e-01 3.06899428e-01 9.76104140e-01 -4.76885617e-01
    4.59135771e-01 1.06859446e+00 7.40992069e-01 -4.20048416e-01
    3.56435776e-03 -9.08542454e-01 1.53510749e+00 -5.90182722e-01
    1.33578610e+00 -6.85006618e-01 1.55004072e+00 1.16631436e+00
    -2.52999961e-01 4.09398615e-01 -6.33788764e-01 4.23635006e-01
    1.39382148e+00 -6.83669448e-01 1.28760099e+00 5.75778246e-01
    2.64833689e-01 1.87937641e+00 1.37922812e+00 -6.30737543e-01
    -8.39574099e-01 -6.35283589e-02 -2.44195640e-01 1.80515409e+00
    1.29243183e+00 -3.96964312e-01 -8.60223591e-01 5.40422678e-01
    1.06721878e+00 -7.70762563e-01 -3.57290983e-01 8.98842514e-01
    -1.92107022e-01 2.09503293e-01 -8.00898373e-01 -5.62485933e-01
    -8.53284776e-01 8.11609030e-01 1.76265848e+00 1.45567000e-01
    9.30024624e-01 1.18652081e+00 -8.02060783e-01 1.28847837e+00
    4.35172081e-01 1.46747291e+00 1.72720480e+00 8.03076446e-01
    -5.49230933e-01 -8.90234113e-01 1.71768188e+00 6.62259817e-01
    1.15656972e+00 -2.46955872e-01 -4.34230119e-01 -8.27332497e-01
    1.35205746e-01 7.73777843e-01 9.92394149e-01 7.65525103e-01
    9.32415128e-01 -9.23563421e-01 1.39997065e-01 -9.67675328e-01
    1.21761775e+00 7.17068970e-01 1.87615407e+00 -8.11018825e-01
    -8.95308912e-01 4.14431453e-01 -9.01429355e-01 1.20616114e+00
    7.53730476e-01 1.67100835e+00 2.41772532e-02 -8.94073546e-01
    -5.56151867e-01 1.18873262e+00 1.16905630e+00 -3.12210858e-01
    7.36218452e-01 -7.56361544e-01 -2.98111379e-01 -3.01450789e-01</data></my_img>
<your_img type_id="opencv-matrix">
  <rows>128</rows>
  <cols>256</cols>
  <dt>f</dt>
  <data>
    -1.70382857e-01 1.22084200e+00 1.95011210e+00 -7.46674180e-01
    -8.46420135e-03 -6.17343962e-01 1.96344197e+00 -3.21595192e-01
    -5.84446013e-01 2.49652371e-01 1.00808096e+00 -1.22350693e-01
    5.87208450e-01 1.16862047e+00 -2.19483286e-01 6.09888911e-01
    7.26756096e-01 1.83126915e+00 6.30286932e-01 -5.85407674e-01
    6.85288727e-01 -5.96312404e-01 1.54238451e+00 1.81440032e+00
    1.21487498e+00 2.57695496e-01 7.82663345e-01 1.63955343e+00
    7.41170347e-02 -7.89419591e-01 -6.21951282e-01 6.20467901e-01
    8.24030221e-01 6.34809613e-01 -1.89239562e-01 1.16701782e+00
    1.27059984e+00 1.14097202e+00 1.04264033e+00 -6.49366081e-01
    1.65921915e+00 -5.42324007e-01 -4.73090470e-01 -7.32850969e-01
    1.79213718e-01 -6.62762940e-01 1.64551628e+00 -1.53639302e-01
    -2.88938552e-01 -7.93644547e-01 6.03611708e-01 9.45359647e-01
    1.83981597e+00 -1.52414683e-02 1.76547968e+00 -2.39526361e-01
    4.59748775e-01 -4.39308137e-01 -5.35384357e-01 4.10413265e-01
    -3.58356148e-01 1.02767372e+00 9.57466006e-01 7.03361034e-01
    9.38822269e-01 -5.96901119e-01 1.42361832e+00 1.72857630e+00
    4.82378393e-01 -2.43154660e-01 1.87107408e+00 1.77721584e+00
    4.37339813e-01 -3.64004378e-03 1.73991656e+00 3.15514088e-01
    1.50744867e+00 -1.27044007e-01 6.85168505e-01 1.81867266e+00
    -6.15144193e-01 -3.21866542e-01 1.11511135e+00 -4.01120454e-01
    -2.36315280e-01 7.95804918e-01 -3.87798212e-02 -1.36245802e-01
    1.47048581e+00 8.73045206e-01 8.90310705e-01 3.40778351e-01
    -4.24884319e-01 -7.94505239e-01 1.20319796e+00 2.57541835e-01
    1.52231276e+00 1.25647904e-02 -9.14430261e-01 7.66024441e-02
    4.75695014e-01 3.10974509e-01 1.84280181e+00 -2.72187348e-02
    -4.68813092e-01 1.61617839e+00 -4.05943125e-01 -9.53293622e-01
    1.35527790e+00 8.80515218e-01 1.04122722e+00 1.36883187e+00
    -5.92922330e-01 1.08083856e+00 1.54174197e+00 1.27890706e+00
    1.16014493e+00 -9.17566121e-01 1.54083633e+00 1.21546221e+00
    -7.52944425e-02 -3.96187365e-01 -7.78237343e-01 1.62873304e+00
    2.00393939e+00 5.90625584e-01 1.82467318e+00 9.03261721e-01
    -9.28245604e-01 1.81799567e+00 6.83866143e-01 1.52639568e+00
    1.83420122e+00 -6.78164184e-01 -4.22655821e-01 -7.34094560e-01
    9.79248345e-01 1.94683301e+00 2.57684886e-01 7.05606222e-01
    -3.87837946e-01 -3.88422966e-01 1.28149569e+00 -1.73301950e-01
    -3.85250032e-01 9.71187592e-01 -4.39873904e-01 -8.36489797e-01
    -6.70009136e-01 -5.66282690e-01 1.44339457e-01 -6.33662641e-01
    8.37207615e-01 1.99163973e+00 -4.49166656e-01 -1.42675370e-01
    8.95416379e-01 -8.79820287e-01 1.93998742e+00 4.13110822e-01
    1.74980438e+00 -7.87975967e-01 3.56314868e-01 1.89552748e+00
    -6.65128946e-01 1.07834208e+00 1.69460738e+00 -7.00514376e-01
    1.00910890e+00 1.45660388e+00 9.53455210e-01 5.34512758e-01
    -8.15516949e-01 -7.60574758e-01 4.82628852e-01 -1.28214091e-01
    1.33191085e+00 -3.73207778e-01 4.40646678e-01 -2.94616252e-01
    1.70263171e-01 -1.83769450e-01 5.15384793e-01 -2.51089424e-01
    1.39869177e+00 -4.11698043e-01 4.32246268e-01 1.50639188e+00
    9.14978981e-01 1.22391856e+00 4.12342638e-01 1.64334333e+00
    4.64682043e-01 1.61273992e+00 -4.98770088e-01 -1.56661738e-02
    8.65081787e-01 -4.26721931e-01 -4.55969989e-01 8.20413649e-01
    1.51030672e+00 7.50530064e-01 5.88384986e-01 1.78926110e+00
    -3.68081808e-01 -3.48106474e-01 1.38044786e+00 1.84483087e+00
    -2.70656437e-01 -6.43864930e-01 -2.06455305e-01 1.03668904e+00
    5.74385822e-02 4.96282965e-01 -1.10553950e-01 -2.65895635e-01
    1.68120408e+00 -1.63033634e-01 1.48015738e+00 1.66479933e+00
    4.80886176e-02 -8.64899993e-01 -7.39861608e-01 2.62819856e-01
    6.74531758e-01 2.40136415e-01 1.44890046e+00 1.84897542e+00
    1.12845230e+00 -3.16314876e-01 -8.64329696e-01 9.18111920e-01
    -7.07697690e-01 2.49404401e-01 7.47841716e-01 -7.36379623e-01
    1.86455953e+00 1.12413931e+00 1.73457861e+00 6.51610076e-01
    2.12164804e-01 1.88469899e+00 6.82043552e-01 -7.68452883e-01
    5.97861290e-01 -8.90486658e-01 3.03682417e-01 1.94748580e+00
    -3.14080976e-02 1.81250203e+00 4.27740335e-01 1.92631459e+00
    1.31560588e+00 8.29727888e-01 -8.32881451e-01 9.54931676e-01
    -3.22262421e-02 1.46776056e+00 8.75789165e-01 1.88806736e+00
    1.15789354e+00 1.31448114e+00 -9.25988793e-01 -8.65698099e-01
    -2.70788550e-01 -5.07197320e-01 -3.67547721e-01 1.52111268e+00
    -2.12321416e-01 1.59284461e+00 9.18794692e-01 -5.69105506e-01
    1.34502745e+00 -4.92565930e-01 7.57547200e-01 2.47186750e-01
    -3.60402256e-01 1.29447317e+00 4.74819571e-01 -2.31788218e-01
    1.51953804e+00 7.42858171e-01 8.55812550e-01 1.80095780e+00
    -5.90930581e-01 1.59132802e+00 9.69838083e-01 -4.23608392e-01
    4.99680489e-01 -9.51397538e-01 -7.57745802e-01 6.08447671e-01
    2.22650453e-01 -4.17152435e-01 -2.98753738e-01 2.64901608e-01
    4.49424714e-01 1.13611817e+00 1.47152424e+00 5.94362080e-01
    -3.64969611e-01 -1.71277553e-01 4.82020155e-02 -1.95488166e-02
    1.08172655e+00 1.73517621e+00 -4.87908036e-01 1.36533833e+00
    5.35853565e-01 7.57103145e-01 1.97666645e+00 -8.21366966e-01
    1.73599219e+00 1.23605609e+00 3.59952331e-01 7.58946240e-01
    1.63744509e-01 -2.29643732e-01 7.69483805e-01 -8.57669055e-01
    2.77435601e-01 -6.55215085e-01 1.83435678e+00 3.84694487e-01
    1.60329473e+00 2.67135799e-01 1.48954749e+00 1.09220839e+00
    -8.60178351e-01 9.18398738e-01 4.29897606e-01 1.76106238e+00
    -2.60205507e-01 6.13477290e-01 -3.62443537e-01 -5.55607080e-01
    7.61083841e-01 -4.63397354e-01 1.45489287e+00 1.51501954e+00
    -4.35343742e-01 2.93711901e-01 1.70448685e+00 -4.22045231e-01
    -5.01955628e-01 -7.81578839e-01 6.90816879e-01 1.54691768e+00
    1.15956056e+00 -7.44522154e-01 1.33690464e+00 1.19801593e+00
    -4.73175757e-03 1.50043523e+00 8.85564327e-01 -9.35996354e-01
    1.67292011e+00 1.07857835e+00 1.34678900e+00 1.59938383e+00
    -9.07137573e-01 -9.26838666e-02 8.99267137e-01 1.66842580e+00
    4.92768250e-02 1.41757712e-01 -1.09322041e-01 1.36640012e+00
    -9.99853253e-01 7.79828548e-01 -1.10625140e-01 1.36048186e+00
    -5.23868084e-01 1.09925246e+00 5.74612468e-02 9.01646852e-01
    7.37311244e-01 1.96702731e+00 -6.38785124e-01 -9.54758048e-01
    1.99564898e+00 -1.94494113e-01 1.02975535e+00 9.99773666e-02
    -8.16130996e-01 8.06162596e-01 -2.77847409e-01 5.32693684e-01
    1.32450271e+00 -3.52910787e-01 1.32268608e+00 1.00010347e+00
    1.70808828e+00 6.14631951e-01 5.43645620e-01 1.10558844e+00
    1.55228043e+00 2.83689480e-02 2.54632205e-01 3.88747543e-01
    1.81831300e+00 1.83921158e+00 6.16283119e-01 1.52730823e+00
    1.76173747e+00 -4.07423466e-01 1.72529495e+00 3.32153231e-01
    6.89375222e-01 4.65424389e-01 2.82623976e-01 1.38247061e+00
    8.38086307e-01 7.17791170e-02 -8.89107704e-01 -2.11119205e-01
    1.91980863e+00 4.24097687e-01 8.27624500e-01 1.87592793e+00
    3.30820948e-01 1.55926734e-01 2.01791358e+00 4.59314704e-01
    1.47661233e+00 -9.04088557e-01 -6.98872209e-01 2.42858212e-02
    7.25704968e-01 -7.76933491e-01 5.21756470e-01 1.20905495e+00
    1.62546813e+00 -5.38303554e-01 3.86573076e-01 -2.55193055e-01
    1.40878692e-01 1.55549419e+00 8.03641737e-01 1.08338594e+00
    1.45037222e+00 -4.45875913e-01 1.74086034e+00 -3.81929249e-01
    2.92315811e-01 5.70499226e-02 -7.68225670e-01 -6.23494759e-02
    1.10389195e-01 1.29103804e+00 -8.64045620e-01 8.44705939e-01
    -1.36452913e-01 -3.20679158e-01 -4.96962041e-01 -1.67152509e-01
    6.68884635e-01 6.13160014e-01 2.10141912e-01 5.26953459e-01
    -7.00725436e-01 9.82698023e-01 2.76085168e-01 4.92664307e-01
    -1.97528183e-01 -5.48688531e-01 4.95919347e-01 -2.07015097e-01
    3.94989222e-01 1.08691800e+00 1.33787417e+00 1.09011710e+00
    1.38630223e+00 6.05048120e-01 2.87023634e-01 1.89522564e+00
    1.04811084e+00 2.86370009e-01 -9.39472854e-01 1.30716372e+00
    1.67588389e+00 -8.63856524e-02 3.37383389e-01 -9.26370382e-01
    1.51217118e-01 5.96479475e-01 7.82131553e-01 1.81588560e-01
    6.89329624e-01 -8.83839011e-01 4.24723141e-02 -6.99616075e-01
    -8.10345709e-01 2.09339231e-01 8.73815298e-01 -3.22223306e-01
    8.16227913e-01 1.02911365e+00 1.55674875e+00 1.40712225e+00
    1.65902185e+00 -1.00154316e+00 4.50406149e-02 1.59373677e+00
    1.03147268e+00 7.32188821e-02 -8.85809720e-01 8.37924302e-01
    1.16291873e-01 1.55372784e-01 -5.05493641e-01 2.02401876e+00
    -9.32816267e-01 6.50559425e-01 1.92931485e+00 1.76087832e+00
    -1.16698863e-02 5.91877401e-01 7.31219053e-01 1.97821271e+00
    1.10770082e+00 -6.93608820e-02 1.18290544e+00 -7.02765524e-01
    -1.12105347e-01 9.28928703e-02 1.30518138e+00 -2.66840786e-01
    8.93052936e-01 1.30751336e+00 -7.01230645e-01 -2.22539231e-01
    6.86558843e-01 2.12628424e-01 1.46138108e+00 5.71936488e-01
    -3.27371389e-01 -1.88727364e-01 -9.64633167e-01 -1.78696170e-01
    -1.98216259e-01 9.25416708e-01 1.74547207e+00 4.23060387e-01
    8.35997641e-01 5.61767101e-01 1.00063729e+00 1.37686777e+00
    7.41801262e-01 7.00798094e-01 1.80016816e+00 -8.14259589e-01
    4.90079433e-01 8.77867997e-01 1.08269060e+00 1.95869172e+00
    1.24520011e-01 -6.35569155e-01 1.21916139e+00 1.82417893e+00
    -6.94748580e-01 3.20677549e-01 1.16487288e+00 -2.18849167e-01
    1.81066990e-01 1.13495541e+00 -4.44395125e-01 8.19350004e-01
    1.62983394e+00 -4.11530703e-01 -7.01427579e-01 4.01435018e-01
    1.56683505e+00 1.38163297e-02 8.61676812e-01 -7.41990864e-01
    1.10268623e-01 4.59585667e-01 6.85964823e-01 3.57902974e-01
    -8.27019751e-01 -3.51380557e-01 2.51194954e-01 9.94797111e-01
    5.10479569e-01 -1.40012145e-01 6.92421377e-01 -3.13644916e-01
    1.29958475e+00 -2.28950158e-02 1.42846549e+00 1.53542209e+00
    -9.94231880e-01 -9.44941282e-01 1.63111842e+00 -8.84692557e-03
    8.14493179e-01 1.31494772e+00 5.54293871e-01 1.63386011e+00
    2.49870002e-01 -1.69387296e-01 8.60727876e-02 1.80183160e+00
    -1.78656280e-01 -2.29376078e-01 -3.45484555e-01 5.55632889e-01
    6.69039972e-03 -9.22900856e-01 -5.46258330e-01 1.13666379e+00
    -5.64481199e-01 1.54304457e+00 -3.55803728e-01 1.89402556e+00
    -6.78538561e-01 -2.10945293e-01 -6.58586919e-01 -6.33838534e-01
    6.55581295e-01 6.04606688e-01 -1.58841953e-01 -8.55087459e-01
    9.18805778e-01 1.35417497e+00 -9.80412662e-02 -8.01987231e-01
    8.14247072e-01 4.38095957e-01 1.20252870e-01 -7.30827272e-01
    -9.29190814e-01 -8.81755412e-01 1.28276742e+00 4.12772566e-01
    6.32661819e-01 1.25874031e+00 7.55066574e-01 8.49251091e-01
    1.44825327e+00 -8.44380498e-01 -5.25745451e-01 9.28712249e-01
    1.20475090e+00 1.29717743e+00 1.21935534e+00 5.37301540e-01
    3.40088576e-01 8.38028044e-02 1.61588788e+00 6.91484034e-01
    -6.30206466e-02 1.52584422e+00 1.28634429e+00 -5.20654544e-02
    1.10871804e+00 7.02863872e-01 1.63591397e+00 1.32872224e+00
    1.02694547e+00 -8.73340070e-01 3.64581913e-01 8.90484333e-01
    2.74863616e-02 -4.90206778e-01 1.50520802e+00 1.69984007e+00
    5.37506759e-01 8.88984203e-01 6.95356548e-01 7.31210470e-01
    1.38448465e+00 -4.87812012e-01 4.85231668e-01 9.32711482e-01
    1.41168237e+00 -3.49054575e-01 1.25559378e+00 1.05147338e+00
    -1.98796932e-02 2.37751491e-02 -1.37961850e-01 -1.93267390e-02
    5.86600423e-01 1.24892342e+00 1.55147362e+00 1.06471157e+00
    -1.37598634e-01 -7.63360739e-01 1.86478817e+00 1.73611283e-01
    -4.38345879e-01 5.62095642e-01 1.63541329e+00 1.16512287e+00
    3.85899663e-01 1.27092230e+00 2.41263360e-01 1.24836504e+00
    -6.18065558e-02 1.27473140e+00 1.84188449e+00 4.34103757e-01
    3.97309810e-01 1.55366254e+00 1.80451500e+00 3.62535536e-01
    1.55680656e+00 1.66835785e+00 2.35383064e-01 1.57426178e+00
    7.73228884e-01 -2.85974205e-01 6.91657126e-01 1.26610708e+00
    -5.29604971e-01 1.93218255e+00 1.84096670e+00 1.36160994e+00
    1.74159980e+00 1.77063104e-02 -6.76636577e-01 1.63325942e+00
    3.73551756e-01 7.56143570e-01 1.67471015e+00 -8.02105486e-01
    1.49535191e+00 -2.94872206e-02 -4.87185508e-01 -1.03949621e-01
    -1.75138205e-01 1.10197520e+00 -6.76902652e-01 8.28326583e-01
    3.74863207e-01 3.07235569e-01 7.49562144e-01 1.05808640e+00
    1.05989873e+00 -7.41428360e-02 -2.56491899e-01 1.75701797e+00
    1.37124613e-01 -5.65700531e-01 -8.03943992e-01 1.80259311e+00
    4.62009788e-01 1.61695874e+00 4.84568387e-01 1.38439667e+00
    4.00959820e-01 1.89552367e+00 8.96021366e-01 1.14564848e+00
    -3.69247377e-01 1.72385645e+00 5.68962574e-01 -2.02336773e-01
    1.21504211e+00 -6.37888610e-01 1.67283452e+00 1.73939502e+00
    4.90194798e-01 -1.53989375e-01 1.92802632e+00 3.51883590e-01
    1.36805463e+00 7.45306015e-01 -1.64500684e-01 1.74802914e-01
    1.13479459e+00 -4.82741058e-01 -3.68322283e-02 -5.55575132e-01
    4.02909905e-01 4.38729733e-01 1.14217639e-01 1.40620887e+00
    2.27327168e-01 -8.42667401e-01 2.55913943e-01 9.57928896e-01
    1.65227580e+00 1.17223096e+00 8.48921239e-01 -6.89144015e-01
    6.02896035e-01 1.44429767e+00 -9.96300727e-02 -8.38647902e-01
    9.27000105e-01 7.72868276e-01 1.09517229e+00 -9.00519013e-01
    1.93470716e+00 -1.84757218e-01 -7.71100521e-02 -3.16904038e-01
    5.30197084e-01 1.60112321e+00 7.52829313e-01 -6.76819980e-01
    1.38753307e+00 1.45180845e+00 9.65094686e-01 9.49115753e-01
    1.15656376e+00 -9.03880179e-01 -1.37651622e-01 5.15516818e-01
    9.23167646e-01 -5.61996877e-01 1.31112802e+00 3.58390480e-01
    -3.45393509e-01 7.94178069e-01 1.89358485e+00 3.08795959e-01
    -3.87031764e-01 -4.37636882e-01 5.04496276e-01 -4.30726111e-01
    3.98164481e-01 -3.38963449e-01 1.68968105e+00 1.55312240e-01
    -8.38264167e-01 -3.90757561e-01 4.86531388e-03 8.00660193e-01
    1.51195776e+00 1.08660197e+00 -7.16831237e-02 8.17329526e-01
    -2.24917829e-01 1.35565603e+00 1.51675999e+00 7.91594684e-02
    9.38173831e-01 -4.67341036e-01 6.17923796e-01 -1.26493692e-01
    9.11083996e-01 3.65509361e-01 -4.28655058e-01 1.55443597e+00
    -6.81809664e-01 1.54237008e+00 -4.08419251e-01 1.73499644e+00
    9.18485880e-01 7.06002176e-01 1.44063890e+00 -1.44063875e-01
    1.32069016e+00 -8.77908111e-01 1.79307687e+00 1.73780036e+00
    2.69397557e-01 -6.60746634e-01 1.87932491e+00 -4.72776592e-01
    1.46030441e-01 1.91080630e+00 7.45184600e-01 4.24246490e-01
    3.25682193e-01 2.03777984e-01 -4.98271614e-01 -2.52633780e-01
    3.22314292e-01 1.57135773e+00 6.42969012e-01 1.42540503e+00
    1.17778277e+00 5.65601349e-01 1.64885864e-01 -3.04376870e-01
    4.88107055e-01 1.08843577e+00 9.67706516e-02 1.69539261e+00
    -7.76368678e-01 4.43236381e-01 -8.45354378e-01 4.94329661e-01
    1.73480356e+00 2.77575731e-01 7.80812144e-01 3.19291204e-02
    5.65807074e-02 9.99989927e-01 -2.21914709e-01 -1.03942856e-01
    2.26673454e-01 9.12444174e-01 1.98021019e+00 1.04887021e+00
    4.02733564e-01 4.96869624e-01 -3.60073358e-01 -5.27823150e-01
    4.04480815e-01 1.13711677e-01 -8.64910424e-01 -7.94856608e-01
    1.12931907e+00 7.11367607e-01 -5.97553968e-01 -2.04679310e-01
    1.74666083e+00 1.17365777e+00 6.82617128e-01 1.21480656e+00
    1.82012117e+00 3.45506161e-01 1.55627310e+00 1.82412112e+00
    -5.15222669e-01 -6.80628777e-01 2.88812995e-01 9.31620359e-01
    9.50229466e-01 1.14009047e+00 -5.36564350e-01 -6.81908786e-01
    4.40444171e-01 -2.55609930e-01 9.15469706e-01 1.05177331e+00
    -6.55006111e-01 -7.14764297e-01 -6.85633868e-02 1.76492679e+00
    1.24349070e+00 -5.87110579e-01 3.77734601e-02 3.80431451e-02
    1.83174431e+00 1.98103786e+00 1.42324007e+00 -5.04398286e-01
    -3.87364089e-01 1.34994209e-01 7.87801802e-01 8.70568156e-01
    2.02776885e+00 -8.24457407e-01 4.35368299e-01 -2.74099916e-01
    -1.76024929e-01 -4.08856004e-01 -6.89800978e-02 9.69930664e-02
    -3.73702198e-01 3.02821577e-01 1.37761414e+00 -2.31690675e-01
    7.71938115e-02 -7.04435527e-01 7.02428281e-01 1.97233462e+00
    7.35728323e-01 -6.49492025e-01 1.28955758e+00 -6.62821412e-01
    -1.27528340e-01 2.58744657e-01 9.79117990e-01 1.89065528e+00
    -5.56743979e-01 1.90468943e+00 1.52286530e+00 4.61168438e-02
    1.67283088e-01 9.53199506e-01 3.16421151e-01 1.26260698e+00
    -2.01595023e-01 5.63739538e-01 -9.84048247e-01 -1.82229117e-01
    -5.69709957e-01 8.59872103e-01 2.07307249e-01 1.47255719e+00
    4.68563348e-01 1.22925282e+00 -8.70817721e-01 1.69030356e+00
    7.88468659e-01 3.22881937e-01 1.27925590e-01 -7.88002729e-01
    9.12433982e-01 -8.60414624e-01 1.72619298e-01 1.87789190e+00
    -5.20371675e-01 1.61268842e+00 -4.26888987e-02 1.81058216e+00
    5.18238127e-01 1.30700171e+00 -6.02581441e-01 2.84303248e-01
    1.43236816e+00 -3.20679873e-01 -9.40264642e-01 2.26352751e-01
    1.58746505e+00 1.49599209e-01 9.05283988e-01 9.03944790e-01
    1.49660051e+00 -8.44300389e-01 2.65079945e-01 -4.22237724e-01
    1.60319817e+00 1.00518204e-01 6.40412331e-01 1.39176929e+00
    -1.38502046e-01 -3.30878317e-01 1.11241162e+00 1.62309062e+00
    4.40198302e-01 5.55439711e-01 4.36918363e-02 1.75000894e+00
    1.23181796e+00 7.67116666e-01 5.71067750e-01 -6.18697368e-02
    5.55492818e-01 4.24836904e-01 -6.10594153e-01 5.90633869e-01
    -7.41826057e-01 1.69158292e+00 -4.59213287e-01 7.34628677e-01
    3.47780555e-01 -3.70389342e-01 1.53074300e+00 4.75432217e-01
    -9.14180875e-01 1.79942441e+00 3.55865777e-01 -2.23980278e-01
    -8.17210495e-01 1.14425838e+00 1.33076847e+00 1.31728992e-01
    5.57199180e-01 1.61845481e+00 1.60770679e+00 -3.86608124e-01
    -4.95930135e-01 9.91731346e-01 1.19569314e+00 5.75990140e-01
    1.28102028e+00 7.16336846e-01 1.97170866e+00 -6.94535553e-01
    7.93801367e-01 1.24229312e+00 -5.99480033e-01 -7.34284997e-01
    1.48706031e+00 1.09025800e+00 -2.12803990e-01 1.72452390e+00
    7.03178525e-01 9.07665670e-01 -5.29512167e-01 -3.26365717e-02
    1.24851072e+00 1.60145223e+00 1.44184852e+00 -7.51813829e-01
    4.50902134e-01 1.58617890e+00 -1.70556307e-01 1.37836480e+00
    -1.61561161e-01 7.32556462e-01 1.34199452e+00 1.31355321e+00
    -8.54974270e-01 -6.89664483e-01 1.53306961e+00 1.82236791e+00
    -4.38331246e-01 -7.36614048e-01 1.84147859e+00 -2.91974336e-01
    9.20044124e-01 1.71281993e+00 1.36072063e+00 1.38239944e+00
    -1.12673910e-02 1.89952374e+00 9.76846933e-01 -2.75475681e-01
    -6.92329645e-01 1.72144783e+00 1.95313767e-01 3.70161310e-02
    1.72299457e+00 4.52618331e-01 1.59703529e+00 9.44243491e-01
    -7.56614506e-01 -6.71493649e-01 1.87218416e+00 1.74783957e+00
    1.54886031e+00 1.87727845e+00 1.49310768e+00 6.92084551e-01
    2.25794777e-01 5.07415295e-01 4.48216289e-01 1.57871866e+00
    -3.41661945e-02 1.69875050e+00 1.25465572e-01 -2.20100477e-01
    1.63374281e+00 9.68292713e-01 1.28352010e+00 1.32915211e+00
    1.47466946e+00 2.62256358e-02 -8.50948632e-01 1.39378130e+00
    1.92618930e+00 7.35566020e-01 8.69636714e-01 7.76332319e-01
    -3.62149149e-01 1.89630413e+00 4.45387572e-01 1.27081048e+00
    1.20703435e+00 -6.41791701e-01 -2.54611611e-01 3.33871394e-01
    -3.80552799e-01 1.89547408e+00 4.71436381e-01 -5.39911315e-02
    1.41060460e+00 -8.90828669e-01 -6.68726265e-01 5.18801272e-01
    1.18258333e+00 1.72271550e+00 1.11586273e+00 3.42372991e-02
    9.73736227e-01 -8.31089735e-01 -7.13293731e-01 1.78201509e+00
    2.78661042e-01 8.91847670e-01 9.12059247e-01 4.83469397e-01
    2.91613370e-01 -8.44544888e-01 -7.80316710e-01 -3.88058692e-01
    -3.61099206e-02 -2.47040361e-01 -8.22111189e-01 3.55327308e-01
    1.67512238e+00 -6.76196218e-01 1.42670417e+00 3.61203969e-01
    4.93696868e-01 5.23005366e-01 -1.74899399e-01 -1.81954488e-01
    -8.35521340e-01 6.29129887e-01 -5.13766408e-01 1.60943258e+00
    1.78778064e+00 5.62912643e-01 -9.62650180e-01 6.19550169e-01
    -1.42641395e-01 9.50974643e-01 8.04236293e-01 1.85780454e+00
    6.71993047e-02 -7.09435523e-01 5.12655340e-02 9.44893479e-01
    1.06595302e+00 -3.67698036e-02 -2.71018684e-01 -2.41928294e-01
    -8.16181183e-01 1.19992518e+00 -7.15254009e-01 3.91356051e-01
    6.77236497e-01 1.79094601e+00 8.12688112e-01 1.19906390e+00
    9.21571732e-01 -1.53083101e-01 8.08184803e-01 1.46440256e+00
    1.20223850e-01 -4.76591557e-01 1.30933833e+00 2.21674353e-01
    4.80864108e-01 -9.33316275e-02 1.95479423e-01 8.94404113e-01
    -9.38761160e-02 1.98485732e+00 4.80278045e-01 5.11843622e-01
    -3.44973117e-01 -5.97550392e-01 5.90132356e-01 3.91170159e-02
    1.71491909e+00 1.66518915e+00 8.61558259e-01 1.35699475e+00
    1.16495121e+00 1.83408940e+00 -5.32557927e-02 4.95268196e-01
    -8.13671529e-01 -3.01100254e-01 9.16906893e-02 9.25686896e-01
    1.92882568e-01 6.74972117e-01 -6.44785941e-01 7.67703533e-01
    2.98820943e-01 -3.69813293e-01 2.31365830e-01 1.94178626e-01
    1.92838323e+00 1.12054706e-01 4.06100959e-01 9.89963055e-01
    -5.15397608e-01 -4.08291996e-01 -4.35782909e-01 8.20853472e-01
    3.73992682e-01 -3.31681848e-01 -4.02891755e-01 1.93595439e-02
    -8.32378983e-01 1.38817322e+00 1.92421162e+00 5.37231266e-01
    1.77449036e+00 1.22637308e+00 -8.50114942e-01 3.45397264e-01
    8.05337727e-01 1.90961909e+00 2.20605239e-01 5.86961091e-01
    1.04190826e+00 -7.33716115e-02 1.70477831e+00 -2.89954334e-01
    4.69562784e-03 2.69985467e-01 -5.88740766e-01 6.44272268e-01
    4.63381261e-01 1.27832854e+00 -8.20454359e-02 1.91035771e+00
    -4.88745004e-01 -8.96067441e-01 -4.54085767e-01 1.78278065e+00
    9.01830912e-01 1.10520434e+00 3.33640516e-01 -8.31995428e-01
    -2.90673636e-02 1.29868543e+00 1.93188441e+00 -4.68858093e-01
    -2.25834802e-01 -6.77195191e-01 4.52708364e-01 -8.46410215e-01
    4.49582130e-01 1.70414793e+00 1.02547193e+00 1.31923306e+00
    -1.54261485e-01 9.93755460e-01 1.28227770e+00 1.00791359e+00
    1.41627347e+00 -6.79259419e-01 1.18917361e-01 -5.64517021e-01
    1.25236332e+00 -9.37540710e-01 1.23871756e+00 1.43454587e+00
    -9.09614563e-02 2.95861095e-01 7.74564445e-01 8.13630641e-01
    1.89963579e+00 1.43755436e+00 1.04287088e+00 1.96878150e-01
    -1.76833257e-01 -5.42455073e-03 3.27497125e-01 -1.03068292e-01
    6.51546717e-02 -6.14214957e-01 6.89211726e-01 1.40146041e+00
    -3.91277581e-01 1.07477713e+00 -7.36839771e-01 1.50173700e+00
    1.84107769e+00 1.70773757e+00 -5.41023612e-01 1.34536397e+00
    1.69297624e+00 3.77190381e-01 9.24002528e-01 -2.70189941e-01
    9.00284946e-02 6.37813985e-01 9.08631980e-02 1.36307514e+00
    2.68914878e-01 5.07859707e-01 -1.07414111e-01 -3.79581511e-01
    -7.58645475e-01 1.59634054e+00 -7.70612508e-02 1.77814984e+00
    -7.98971117e-01 4.61286008e-01 1.50376141e-01 1.48860455e-01
    -4.69008118e-01 8.24559867e-01 1.23236644e+00 1.58535874e+00
    9.97149050e-01 1.76254821e+00 1.22924519e+00 1.58504772e+00
    1.02015984e+00 -5.40186942e-01 -8.37776542e-01 -9.35309768e-01
    1.23730123e+00 1.56783485e+00 1.08066893e+00 1.90975630e+00
    1.04542875e+00 1.31166506e+00 -6.74550235e-01 1.66971505e+00
    1.81959939e+00 1.24910975e+00 1.53173041e+00 1.20822108e+00
    3.79414797e-01 5.28256774e-01 1.35745272e-01 -1.27780974e-01
    -7.54494846e-01 -6.76885605e-01 7.32607841e-01 9.47813213e-01
    -7.57922173e-01 -4.85661805e-01 1.14598835e+00 1.90644637e-01
    1.10939419e+00 -9.09499526e-01 1.85062754e+00 1.37821960e+00
    6.15211010e-01 1.23130143e+00 -5.97386718e-01 -2.11417705e-01
    -2.86935598e-01 -7.97308028e-01 -3.70022476e-01 -6.72702193e-01
    7.93851495e-01 1.66243505e+00 7.44479969e-02 6.85343206e-01
    -4.87532675e-01 2.89730192e-03 9.83646289e-02 7.62782339e-03
    1.70699418e+00 1.47272646e+00 -9.21918452e-02 8.06424022e-01
    1.36466336e+00 6.02016091e-01 8.01601946e-01 1.67023683e+00
    -8.54205072e-01 -4.65250552e-01 -2.63745189e-01 1.72984016e+00
    1.42023599e+00 1.54279363e+00 -6.88065350e-01 1.94407737e+00
    -8.36391211e-01 6.79207966e-02 -8.40150595e-01 9.54495192e-01
    1.64170420e+00 1.34975481e+00 -6.83395922e-01 -5.87045193e-01
    -7.26791623e-04 -3.69491309e-01 -7.45568752e-01 1.24729562e+00
    -7.91406691e-01 4.86530095e-01 -2.84743041e-01 1.46000361e+00
    -5.09347320e-01 5.48951209e-01 -5.80185235e-01 1.46243072e+00
    1.49973333e+00 1.45185113e+00 2.25139931e-01 1.25125527e+00
    1.59343839e+00 1.44559753e+00 1.12254095e+00 6.55084372e-01
    1.65951836e+00 -4.17204320e-01 1.43307853e+00 8.03426862e-01
    1.01875257e+00 7.61791170e-01 -9.61414635e-01 4.03899163e-01
    -7.44320989e-01 8.38711619e-01 1.83379138e+00 1.90908325e+00
    9.92060781e-01 7.45235443e-01 -1.12205818e-01 6.37583673e-01
    1.83758318e+00 -8.36667776e-01 -5.67096651e-01 1.66015458e+00
    -8.50345612e-01 1.83053470e+00 -9.02662992e-01 -1.15545988e-01
    -5.61856031e-01 1.72770560e+00 -2.61367895e-02 1.31646705e+00
    1.48718832e-02 -3.34546387e-01 1.45302069e+00 1.68218529e+00
    -7.40567803e-01 6.00561142e-01 -1.78460419e-01 1.02748346e+00
    7.52277076e-01 4.53424722e-01 6.73644185e-01 7.88890779e-01
    1.98686182e+00 1.61889994e+00 1.95622373e+00 -7.90744066e-01
    1.15889812e+00 -4.75617707e-01 -3.43046874e-01 -8.14292192e-01
    8.91655087e-01 1.17195535e+00 1.51018560e+00 -1.71037335e-02
    9.80876982e-01 1.47240901e+00 6.39381528e-01 1.38241577e+00
    1.69557071e+00 1.70172617e-01 1.94147861e+00 -5.66013396e-01
    -7.62495279e-01 1.92893887e+00 8.28203857e-01 2.90745944e-01
    1.21441483e+00 9.70840156e-02 1.25187725e-01 2.33121872e+00
    1.81639582e-01 4.25215870e-01 8.37279856e-01 5.17815590e-01
    -6.56060159e-01 1.08107835e-01 -3.55417013e-01 9.23689604e-01
    -3.10047805e-01 1.07945669e+00 -8.21153462e-01 -6.32455721e-02
    -8.09133500e-02 1.44762111e+00 5.41189671e-01 1.18105483e+00
    -1.55491814e-01 4.73320663e-01 -8.68388712e-02 1.41234243e+00
    9.10999715e-01 1.43738937e+00 1.96120512e+00 4.76449262e-03
    2.21033290e-01 -7.61954546e-01 2.27386668e-01 8.24526072e-01
    1.49357057e+00 1.88092399e+00 3.64696175e-01 9.63444263e-02
    1.53155637e+00 1.92080110e-01 1.94118619e-01 6.53783202e-01
    7.29632676e-01 1.21796966e+00 1.11073446e+00 1.42405474e+00
    9.87276554e-01 1.22050405e+00 -9.09894705e-01 1.74193311e+00
    5.72099149e-01 -6.84129179e-01 -4.85720128e-01 1.90119636e+00
    1.86982846e+00 1.50552762e+00 1.48936677e+00 1.07405233e+00
    1.14751863e+00 1.13147765e-01 7.42958307e-01 1.87814260e+00
    1.00553477e+00 -7.25914776e-01 1.59294939e+00 -4.81208205e-01
    8.55623186e-01 9.55512583e-01 1.13291705e+00 1.51220620e+00
    -3.01136106e-01 4.81035680e-01 8.03633451e-01 -2.99605817e-01
    8.97044182e-01 1.25426984e+00 1.79300320e+00 1.64836991e+00
    1.60564691e-01 1.68846202e+00 -3.09059262e-01 -8.11546922e-01
    9.22614634e-02 7.18009353e-01 4.08016741e-01 1.37396112e-01
    3.31166893e-01 7.94323742e-01 9.51446593e-02 4.06950861e-01
    -5.80303490e-01 1.25530303e+00 -8.58775020e-01 6.00002408e-01
    -6.09662533e-01 -5.92461340e-02 -3.20381969e-01 4.71396089e-01
    -5.44235885e-01 1.21195030e+00 1.08292484e+00 1.90077436e+00
    -3.34041655e-01 -2.72574902e-01 6.37086570e-01 1.40365279e+00
    3.28140795e-01 9.25548434e-01 -4.25830305e-01 -2.02006891e-01
    -3.21738750e-01 1.31987953e+00 -4.63081598e-01 -1.72427729e-01
    -1.82212546e-01 3.84826213e-01 1.38807178e+00 -8.30629990e-02
    -9.25082803e-01 2.65499026e-01 -4.25702453e-01 1.84332597e+00
    1.89054668e+00 1.92989039e+00 8.66190732e-01 1.37831330e+00
    1.73281002e+00 5.49674749e-01 -7.62841284e-01 5.73163509e-01
    1.68966329e+00 1.18093014e+00 7.29062557e-01 1.29311585e+00
    5.93955338e-01 2.84807086e-01 5.89307666e-01 5.98654330e-01
    1.68984056e-01 1.95665681e+00 1.38477600e+00 1.98417103e+00
    3.22798759e-01 1.35363555e+00 1.54478443e+00 -2.28738897e-02
    1.78073967e+00 3.03347081e-01 1.83052790e+00 -4.25689608e-01
    -1.44412801e-01 -3.02416254e-02 1.61850099e-02 1.12434256e+00
    1.43532741e+00 7.94662178e-01 1.53757441e+00 6.53518438e-01
    4.71775830e-01 -2.99008429e-01 -9.96859930e-03 1.28200307e-01
    -5.92393935e-01 7.94466615e-01 -4.76445794e-01 1.56543136e+00
    -1.08748570e-01 1.77869046e+00 1.08268774e+00 3.05706859e-01
    4.35135253e-02 3.51460159e-01 9.62477267e-01 1.72336352e+00
    -4.58565861e-01 -5.26356339e-01 1.75433373e+00 1.84659028e+00
    -7.72694051e-01 1.46236145e+00 7.72352874e-01 9.53867197e-01
    1.36854815e+00 -7.06684411e-01 -3.73130322e-01 1.04842317e+00
    -7.73686826e-01 8.10653269e-01 2.05351204e-01 -4.85272586e-01
    7.95260727e-01 7.43119895e-01 3.06641101e-03 -7.42664337e-01
    8.17375362e-01 7.81579852e-01 5.74520528e-01 4.52877969e-01
    5.17698944e-01 -7.68986285e-01 -5.94246149e-01 -5.91984987e-01
    1.43102193e+00 1.74360561e+00 -4.82780725e-01 -2.34133512e-01
    -3.05354685e-01 7.78842092e-01 1.82909146e-01 8.23105220e-03
    1.39474988e+00 -2.30506465e-01 9.38210964e-01 -6.83986604e-01
    -7.76024938e-01 -1.78474113e-01 -9.45211291e-01 1.30252099e+00
    1.33441269e-01 8.79478753e-01 1.72812271e+00 9.16680098e-01
    -1.06184900e-01 8.44068050e-01 1.22598743e+00 1.52980638e+00
    1.42144442e-01 -4.63662386e-01 1.57991409e-01 7.53647685e-01
    -7.40032852e-01 1.73883438e+00 1.53479970e+00 -6.62364542e-01
    1.99866414e+00 9.99444306e-01 1.79344642e+00 -8.13155055e-01
    4.78110641e-01 1.05518818e+00 1.49354744e+00 1.92378533e+00
    -4.58216876e-01 -1.69158712e-01 -6.17774129e-01 1.43780828e+00
    2.59581894e-01 -5.53303242e-01 1.70902526e+00 1.38715577e+00
    -8.69278371e-01 -6.70777678e-01 4.61075544e-01 6.48478448e-01
    6.40112698e-01 -4.88356352e-01 6.75796252e-03 1.79092205e+00
    1.14950407e+00 1.89574659e+00 5.97573757e-01 1.88156235e+00
    -1.61957011e-01 6.81253016e-01 8.12245965e-01 8.13911334e-02
    1.88937098e-01 1.88588607e+00 1.85930181e+00 8.54852378e-01
    -5.98176003e-01 1.60586834e+00 7.48111129e-01 6.32498562e-01
    -3.45832109e-01 1.30774379e+00 -6.54792726e-01 2.01225090e+00
    1.95576227e+00 -2.74397910e-01 -1.05822168e-01 1.68030381e+00
    -1.57936722e-01 1.77394819e+00 -7.79246241e-02 2.84564316e-01
    -2.07972988e-01 -6.25062287e-01 1.50862861e+00 1.97244167e+00
    7.48799741e-01 -3.93028498e-01 1.80330849e+00 -6.11195207e-01
    5.86519897e-01 3.64945203e-01 8.52058589e-01 1.08700895e+00
    4.22151804e-01 -9.39372241e-01 1.25327194e+00 2.93583214e-01
    1.41676664e+00 -6.15595639e-01 -5.88717461e-02 -6.98170006e-01
    1.20191634e+00 9.11193430e-01 1.36542216e-01 -8.89691532e-01
    -6.91221654e-01 5.37529767e-01 -5.92251241e-01 1.47637045e+00
    2.85789073e-01 1.69288993e+00 -4.80801642e-01 -1.03919767e-01
    1.14268947e+00 -2.44353056e-01 -6.47532105e-01 1.28248131e+00
    4.29423079e-02 6.28034294e-01 1.09869075e+00 -6.98097289e-01
    -5.90849280e-01 -2.09628791e-01 1.78629136e+00 2.63706684e-01
    1.04491317e+00 -7.57739961e-01 -8.22617352e-01 6.56252027e-01
    -1.09753579e-01 1.82400656e+00 9.10688415e-02 -1.01632106e+00
    -3.97421569e-01 -6.60790145e-01 -4.11869548e-02 1.36890435e+00
    1.12192380e+00 -8.61150771e-03 8.20375443e-01 -4.36484993e-01
    -8.17645490e-01 1.63540161e+00 5.93530774e-01 1.84119856e+00
    2.92427182e-01 -5.95775545e-01 4.24178123e-01 1.10798621e+00
    6.58982337e-01 -9.62083161e-01 -2.09931880e-01 7.63822615e-01
    1.39637172e+00 6.43083513e-01 -3.03089142e-01 6.45727098e-01
    6.26016140e-01 5.19538283e-01 1.87646472e+00 3.66767704e-01
    7.66796768e-01 2.55191326e-01 8.97562504e-01 1.35753334e+00
    5.93504667e-01 -3.60501200e-01 -5.08248433e-03 1.21200669e+00
    -3.63614738e-01 9.17235911e-01 5.10008752e-01 1.08338213e+00
    6.87834442e-01 1.94671917e+00 6.20800078e-01 7.93607950e-01
    1.34893632e+00 4.32747155e-01 9.22583044e-01 4.65381950e-01
    1.29194880e+00 -5.91960013e-01 -3.15662205e-01 -6.98779337e-03
    -1.37858838e-01 -8.76455784e-01 1.33259928e+00 1.20473635e+00
    1.77996898e+00 -2.72628546e-01 -5.96821547e-01 -2.16287047e-01
    3.48758288e-02 -7.82740099e-05 3.67922306e-01 8.53233397e-01
    -3.62695605e-02 1.02960515e+00 3.67189646e-01 -2.03741968e-01
    -8.32090259e-01 -9.48643565e-01 1.40418339e+00 1.20922911e+00
    1.11298561e+00 -7.14002788e-01 1.76678431e+00 6.81552410e-01
    2.34398544e-01 4.51118469e-01 1.10970867e+00 9.13031220e-01
    1.16611946e+00 3.55391838e-02 1.96891534e+00 1.59835804e+00
    7.06647754e-01 -8.79521608e-01 1.02106810e+00 5.69427431e-01
    8.40241849e-01 -2.67313957e-01 1.89494848e+00 -7.80566037e-01
    5.39870679e-01 1.17222798e+00 -3.48013073e-01 7.25384057e-01
    -1.26980960e-01 -2.34173387e-01 7.98172355e-01 1.36986840e+00
    1.02997983e+00 -2.47826099e-01 7.50908136e-01 -8.58809710e-01
    4.85066213e-02 6.44268692e-01 -6.86545968e-01 -6.34709239e-01
    8.04790854e-01 2.85807252e-01 -8.53527904e-01 2.98114806e-01
    -4.33966786e-01 1.32273868e-01 1.13176620e+00 1.48414493e+00
    -1.06002009e+00 1.74104512e+00 6.25547767e-01 -2.00583473e-01
    2.20388576e-01 1.74426329e+00 2.15498954e-01 -6.61420643e-01
    3.93957883e-01 6.90089047e-01 1.18272746e+00 1.66890725e-01
    3.81806254e-01 -6.95438981e-01 1.55804491e+00 1.62325120e+00
    1.14650321e+00 1.27936947e+00 -9.03472364e-01 -2.23138765e-01
    1.64987135e+00 1.89199007e+00 -2.95849025e-01 1.02385592e+00
    -3.90875787e-01 1.48675948e-01 -4.73382026e-01 2.43553653e-01
    1.99428141e-01 8.87975872e-01 1.84354830e+00 -4.07384545e-01
    -6.17499769e-01 1.08888042e+00 9.68831837e-01 3.40493470e-01
    -3.19111019e-01 3.57476890e-01 1.63532984e+00 1.81934476e+00
    -6.65233135e-02 3.38949502e-01 1.23224342e+00 1.82228851e+00
    -1.02844395e-01 1.00776958e+00 1.64464235e+00 6.05852962e-01
    1.73866951e+00 -9.98136401e-02 9.54694867e-01 1.78739524e+00
    5.97825587e-01 -3.95201236e-01 -9.23688769e-01 -6.81819260e-01
    5.92478573e-01 -8.40698242e-01 1.46622837e+00 -8.66003096e-01
    8.78207088e-01 6.31393135e-01 -7.62571990e-01 2.00327253e+00
    -3.06124240e-01 -7.76546776e-01 -7.81593919e-01 1.05093670e+00
    8.59130085e-01 3.53799343e-01 1.02001977e+00 1.40710449e+00
    4.24573004e-01 8.71121407e-01 1.37418091e+00 7.29769409e-01
    7.68041730e-01 -6.18581474e-01 1.92613590e+00 5.47355950e-01
    1.12373805e+00 -5.92164975e-03 -4.58003342e-01 -1.36883348e-01
    9.84836042e-01 1.62435722e+00 8.45936537e-01 1.66425884e+00
    5.11342287e-01 -4.62802738e-01 5.69688559e-01 -6.77126229e-01
    -7.17049897e-01 8.47427964e-01 1.63722444e+00 -3.53323281e-01
    6.03571296e-01 -6.62893593e-01 1.14429283e+00 6.22150719e-01
    1.46833181e+00 1.16536558e+00 5.15799761e-01 -8.02548230e-01
    -1.37728333e-01 6.31221354e-01 3.32620800e-01 2.93920785e-02
    1.05043268e+00 1.39559865e+00 3.43020350e-01 -4.78146911e-01
    1.85394907e+00 1.43640137e+00 9.17041395e-03 1.31584287e+00
    1.62404644e+00 -2.46255547e-02 9.74319458e-01 3.96304458e-01
    -5.24622560e-01 1.75331998e+00 1.29803419e-01 -9.38629389e-01
    6.68464541e-01 -4.32043135e-01 -1.61653981e-01 -7.62250796e-02
    1.55849826e+00 1.45889178e-01 -2.77974069e-01 -4.62340146e-01
    -6.36241496e-01 -2.21794009e-01 1.00990355e+00 -4.73161787e-02
    1.71175015e+00 1.50770855e+00 1.86000597e+00 1.46963358e+00
    1.29857767e+00 -9.00856555e-01 1.20571125e+00 -4.15026136e-02
    1.38751864e+00 1.64756048e+00 7.13891864e-01 8.58303368e-01
    1.33975434e+00 -2.73244262e-01 -8.25216472e-01 -3.81433189e-01
    1.65017879e+00 -6.65379763e-01 -1.22037746e-01 3.89372498e-01
    -2.89196879e-01 1.61836851e+00 1.87967944e+00 -7.20035851e-01
    6.80450797e-01 -6.05552971e-01 -6.77410007e-01 6.10806227e-01
    -4.52249259e-01 -5.91311395e-01 -8.25377464e-01 -4.19913113e-01
    1.01342726e+00 -2.27721035e-01 1.77346992e+00 1.02754724e+00
    -5.55970073e-01 1.38863933e+00 -4.37396109e-01 8.17558467e-02
    -7.77263403e-01 5.09892881e-01 -8.89376521e-01 1.35758245e+00
    -4.40255135e-01 9.24682736e-01 6.63081110e-01 -4.30537075e-01
    7.42046088e-02 5.71109414e-01 -3.69279236e-01 -6.58774853e-01
    -4.76937443e-01 1.32586443e+00 3.70778888e-01 6.58912420e-01
    5.16869485e-01 1.57473457e+00 1.51675329e-01 -1.24990642e-01
    1.40063763e+00 7.90975690e-01 2.15560883e-01 -6.28131390e-01
    1.40951669e+00 1.17662907e+00 8.31888169e-02 -5.10355830e-01
    7.20386446e-01 1.35558534e+00 1.57233214e+00 7.91436851e-01
    9.66660261e-01 1.07029724e+00 -5.61192334e-01 -3.19479495e-01
    -7.68514812e-01 -3.29241037e-01 1.45314610e+00 -4.34258550e-01
    -6.64283872e-01 1.18847334e+00 -4.56482410e-01 1.23142362e+00
    9.15170237e-02 1.69549131e+00 5.67991972e-01 -3.47137421e-01
    -2.33652964e-01 -1.57008126e-01 -5.65102816e-01 5.57087958e-01
    1.40192699e+00 5.84143639e-01 1.71245623e+00 9.56434965e-01
    1.83328760e+00 1.12905085e+00 8.80822718e-01 1.69214439e+00
    5.42722642e-01 1.43687665e+00 -6.57237768e-01 3.03356081e-01
    1.39219272e+00 8.71119916e-01 -4.06075902e-02 1.65075254e+00
    1.82366014e+00 1.20678282e+00 1.77409828e+00 8.51842239e-02
    -5.92049174e-02 -6.12075388e-01 1.12496448e+00 6.08984411e-01
    1.37731802e+00 1.60144150e+00 5.60105801e-01 1.22746074e+00
    7.58023143e-01 -8.32694888e-01 4.45528507e-01 1.43749392e+00
    -1.88590959e-01 1.33395684e+00 1.52782714e+00 6.45578563e-01
    -7.64409244e-01 -4.24360454e-01 -3.81892174e-01 6.52809799e-01
    2.94962555e-01 -9.92838070e-02 7.63448417e-01 -7.74641514e-01
    1.41761792e+00 -9.31356192e-01 7.36679077e-01 7.55301356e-01
    7.26995707e-01 9.54331830e-02 6.88294113e-01 1.23463726e+00
    -1.73324481e-01 1.39534771e-01 6.49091840e-01 -3.58880699e-01
    1.49720776e+00 1.40190184e+00 4.72711414e-01 6.42017797e-02
    -8.30187023e-01 1.70414674e+00 4.69746351e-01 1.56419921e+00
    -8.01685810e-01 -1.78690553e-01 3.41615319e-01 -3.04529339e-01
    -5.71737230e-01 4.14001852e-01 2.11869881e-01 1.16075242e+00
    -6.74888849e-01 6.31796598e-01 8.26244235e-01 -3.21509212e-01
    3.59954298e-01 3.48967105e-01 3.82690900e-03 9.62691844e-01
    -4.99855816e-01 1.34351277e+00 3.42833072e-01 2.69064873e-01
    -7.76423933e-03 2.83884764e-01 -4.72248822e-01 3.72989327e-01
    8.21236432e-01 6.04967594e-01 5.48686981e-01 2.21433020e+00
    1.40608978e+00 6.99438900e-02 2.00472665e+00 -6.42634511e-01
    -7.91403592e-01 1.94489360e-01 -7.95236602e-03 -3.81276995e-01
    1.66078925e-01 -6.08416438e-01 7.56054223e-01 -1.28395826e-01
    4.15225089e-01 1.69207525e+00 1.64728373e-01 -6.20447993e-01
    -4.65222031e-01 -4.58161980e-01 -9.92458701e-01 6.46900952e-01
    1.33096385e+00 4.05827135e-01 3.19227755e-01 -5.55044375e-02
    4.95552897e-01 9.43009675e-01 3.39398533e-01 -4.22590375e-01
    1.28036427e+00 -6.67128801e-01 1.07630956e+00 8.24249759e-02
    1.09863162e+00 1.47879171e+00 1.74692214e+00 9.24615502e-01
    -8.78313422e-01 -7.48044729e-01 7.54693985e-01 1.57085168e+00
    4.49658245e-01 -5.10489829e-02 1.00327325e+00 1.00714540e+00
    -2.96024978e-01 4.12911773e-01 1.63056999e-01 -7.34356999e-01
    -1.28106073e-01 1.17310977e+00 1.15764037e-01 1.34882963e+00
    1.41502774e+00 -3.67548287e-01 5.83668292e-01 1.28422940e+00
    6.62194550e-01 1.87940240e+00 1.93798399e+00 6.54929876e-02
    1.10503936e+00 3.61092657e-01 1.86373901e+00 1.37175155e+00
    2.69539088e-01 9.17744458e-01 1.60172200e+00 -8.72408867e-01
    -8.45614970e-01 2.11614236e-01 1.30255246e+00 6.30110085e-01
    -9.15296435e-01 9.98834550e-01 1.74776125e+00 1.17431033e+00
    1.75340021e+00 1.42755699e+00 -9.35617685e-01 1.10661292e+00
    3.05756390e-01 2.25717515e-01 -3.45195755e-02 -1.53059378e-01
    2.97762752e-01 4.11760435e-02 2.07352257e+00 9.72706914e-01
    1.08141828e+00 -3.02930057e-01 1.32367015e-01 7.35296369e-01
    8.93429145e-02 -6.21919334e-01 3.20097566e-01 -6.38093650e-01
    9.55339149e-02 1.09838808e+00 1.87055743e+00 -3.57954293e-01
    -1.21902227e-01 -1.96123607e-02 8.25327337e-01 -7.31884956e-01
    1.41472900e+00 1.51841784e+00 1.26323628e+00 4.48042631e-01
    -9.35245752e-01 1.90662742e+00 1.78916430e+00 9.64652538e-01
    -6.69386029e-01 1.49290252e+00 4.75353539e-01 1.47419786e+00
    1.27676594e+00 -2.10953206e-01 -8.42383206e-01 1.98776007e+00
    -5.37724316e-01 3.12756598e-01 -2.00235635e-01 4.22064304e-01
    1.65341210e+00 3.01314294e-01 1.37904322e+00 1.44804120e+00
    -9.30014193e-01 1.48841000e+00 1.25485849e+00 6.04202509e-01
    -4.46119994e-01 -3.67456883e-01 -3.56046379e-01 1.80767512e+00
    -7.71615922e-01 -7.68009961e-01 8.69904280e-01 -8.93934608e-01
    1.91233945e+00 1.45865178e+00 2.54930824e-01 -8.94586980e-01
    3.01967710e-01 1.81641087e-01 7.63445556e-01 7.81127751e-01
    -7.66937435e-01 1.97377598e+00 -9.03077722e-01 1.80238509e+00
    1.35105920e+00 1.66269541e+00 6.52061164e-01 -6.74085796e-01
    6.24122322e-01 1.87508488e+00 -4.35656846e-01 1.76690018e+00
    -1.30401507e-01 6.61846921e-02 9.03801382e-01 2.40193829e-02
    -2.65667051e-01 -4.61391509e-01 -6.74661875e-01 1.08646166e+00
    -7.57326111e-02 1.59608424e+00 1.11734581e+00 1.21671116e+00
    -9.07018185e-01 -8.07780266e-01 2.17929423e-01 -4.74266112e-01
    -3.84107083e-01 8.01339626e-01 1.91341400e+00 6.52344644e-01
    2.02565372e-01 1.81279981e+00 -6.32402778e-01 1.32517803e+00
    -5.20438075e-01 1.38881493e+00 1.15077686e+00 4.91499044e-02
    -8.73967528e-01 1.56901300e+00 1.01856542e+00 8.05943668e-01
    1.75730669e+00 1.32655489e+00 9.42938328e-01 1.03533971e+00
    -8.92940223e-01 4.72934723e-01 1.77897394e+00 1.78833222e+00
    1.08489060e+00 1.01474595e+00 1.21416056e+00 -1.38327882e-01
    3.28101479e-02 1.80267787e+00 2.55412962e-02 1.96196318e+00
    1.19895768e+00 7.48648226e-01 1.57975602e+00 -3.71430844e-01
    6.23290598e-01 1.27797484e+00 1.65453923e+00 1.70486379e+00
    1.15097439e+00 5.24217486e-01 8.34001064e-01 1.87322736e+00
    8.61318111e-01 3.06722552e-01 1.62856579e+00 7.48542964e-01
    1.61801092e-02 -6.89429760e-01 3.46699923e-01 7.28556335e-01
    -9.57912266e-01 8.24217722e-02 1.73543417e+00 1.00075436e+00
    1.51072407e+00 4.56190258e-01 1.49622500e+00 2.45750830e-01
    5.77876210e-01 5.36319673e-01 -6.99672997e-01 1.93343592e+00
    8.83832425e-02 -7.97927201e-01 7.72144258e-01 4.39561516e-01
    -7.12198317e-02 -2.50489891e-01 9.55701053e-01 8.18188131e-01
    1.90231431e+00 -2.32970104e-01 1.59917092e+00 -3.52751970e-01
    6.48320138e-01 1.76513731e+00 7.65414655e-01 1.63743630e-01
    1.58344281e+00 -6.77740991e-01 1.40688312e+00 1.78578901e+00
    1.51006055e+00 1.99362838e+00 -6.12073600e-01 1.46822798e+00
    1.01531863e+00 5.57693660e-01 -4.06894177e-01 9.10737932e-01
    -8.45374286e-01 -1.49685621e-01 -6.22975290e-01 1.67582083e+00
    1.82037926e+00 1.58383846e+00 9.20360744e-01 4.00063768e-02
    3.66074219e-02 1.39285111e+00 -2.71832049e-01 1.94750237e+00
    -2.93895364e-01 -4.87512589e-01 1.32393420e+00 -1.42883360e-01
    -5.33172600e-02 1.22337162e+00 1.29955578e+00 3.34723592e-01
    -8.13148618e-02 -1.20173663e-01 -4.21233177e-01 1.43407083e+00
    -1.07819474e+00 -5.79641998e-01 1.45362949e+00 1.60779583e+00
    9.69874561e-01 8.76210511e-01 1.73556054e+00 2.07479179e-01
    -2.21397817e-01 3.98226708e-01 1.83303761e+00 -5.30352294e-01
    -1.65408090e-01 1.24977601e+00 -8.55333388e-01 3.92569482e-01
    1.70058882e+00 -8.50667655e-01 -8.87767136e-01 -5.26888788e-01
    -4.46675360e-01 3.26271504e-01 7.92033076e-01 1.35893106e+00
    9.95759726e-01 3.36940706e-01 1.38646528e-01 2.34452710e-01
    1.12348783e+00 -5.98290265e-01 6.96565807e-02 2.02756524e+00
    -9.88253672e-03 -5.15954494e-01 -8.89935046e-02 7.14144111e-02
    1.89312249e-02 1.47418797e+00 1.00348210e+00 1.39490402e+00
    1.74888301e+00 -1.04897067e-01 1.59465933e+00 1.82110286e+00
    -4.93717156e-02 1.31391561e+00 1.86563933e+00 -3.01132172e-01
    1.06361663e+00 6.60490915e-02 -3.35141391e-01 -5.93735814e-01
    1.26057136e+00 4.42228645e-01 -8.54432136e-02 2.50010788e-01
    -3.72194022e-01 1.09681197e-01 1.72106874e+00 1.70443225e+00
    2.66532123e-01 1.14902902e+00 1.27528763e+00 1.61366522e+00
    1.45578694e+00 -8.74116421e-02 1.15550196e+00 1.05676067e+00
    7.14457750e-01 5.51209152e-01 -4.45021033e-01 -7.02904344e-01
    9.27011728e-01 7.82139063e-01 1.69001687e+00 -9.58418965e-01
    2.60535628e-01 1.29401594e-01 1.89339769e+00 -8.68561149e-01
    -5.22356391e-01 -3.81042033e-01 -5.79436421e-01 9.41550136e-01
    2.40259841e-01 -8.47262383e-01 -6.55063689e-01 9.81521130e-01
    4.17982377e-02 1.24603415e+00 8.12167704e-01 1.03887248e+00
    6.46652699e-01 1.02000087e-01 1.47347081e+00 6.63255930e-01
    -5.13780639e-02 -8.80739212e-01 -5.24983227e-01 1.69594407e+00
    5.72192907e-01 -3.76104385e-01 -1.65078849e-01 1.30650020e+00
    1.16135466e+00 1.91661239e-01 8.33019495e-01 1.57338214e+00
    1.64113164e+00 -5.87418437e-01 1.05529976e+00 -3.65984552e-02
    8.45039427e-01 1.03279126e+00 3.87594491e-01 -6.38243377e-01
    -7.47996867e-01 -7.45423362e-02 6.33366942e-01 1.46006525e+00
    3.81911516e-01 1.51582372e+00 1.27426654e-01 1.24184442e+00
    -1.62460342e-01 2.75873810e-01 -6.14262410e-02 -1.39849618e-01
    1.05887868e-01 -3.71519893e-01 3.07263821e-01 1.23901296e+00
    -1.01910853e+00 -8.70700777e-02 -5.21468639e-01 4.93505329e-01
    1.37375876e-01 1.60712457e+00 7.40802824e-01 -5.02774358e-01
    6.90830171e-01 1.13068414e+00 1.05376875e+00 1.70568085e+00
    9.81950760e-01 1.58360437e-01 -8.27266634e-01 -3.13414335e-01
    5.62541962e-01 -8.34580243e-01 1.17498028e+00 1.12949121e+00
    9.28234518e-01 -1.01747906e+00 -8.46568823e-01 1.60945344e+00
    9.68479812e-01 1.25316119e+00 1.66958988e+00 4.61471438e-01
    -1.91510633e-01 2.40862608e-01 1.77324891e+00 -4.42557395e-01
    1.44454384e+00 -7.19277740e-01 1.41096330e+00 1.43927133e+00
    -1.61621526e-01 1.80415773e+00 -7.38310099e-01 -2.18769416e-01
    1.08944690e+00 1.14733362e+00 7.15476498e-02 1.17318213e+00
    1.73377502e+00 1.84966540e+00 -9.87866700e-01 1.79594409e+00
    -2.40322471e-01 2.89992571e-01 -1.90896001e-02 7.73282588e-01
    4.45242852e-01 -7.00521946e-01 2.12120861e-01 2.01387078e-01
    -7.51383066e-01 8.63818944e-01 1.53069103e+00 -2.78032254e-02
    -3.24355252e-02 2.14067996e-01 6.42561615e-01 -8.70663702e-01
    -7.51953006e-01 1.19960761e+00 1.15690625e+00 -7.56678939e-01
    -8.11226666e-01 7.02643037e-01 8.35349202e-01 -1.70390934e-01
    -7.11060643e-01 1.77160120e+00 9.45447981e-01 7.30041623e-01
    1.33203399e+00 -8.39878976e-01 -3.55394214e-01 9.55869198e-01
    -8.09002101e-01 6.35272861e-01 -5.21575194e-03 1.39221060e+00
    9.83769953e-01 9.97173965e-01 1.70152795e+00 1.04418719e+00
    3.97366881e-01 1.23801386e+00 -6.59342110e-02 -5.81573069e-01
    6.89410493e-02 -3.00989263e-02 -9.08088028e-01 1.46282840e+00
    -4.36086088e-01 1.03517067e+00 4.42661494e-01 -3.01495999e-01
    -8.98604751e-01 1.48191726e+00 1.62497032e+00 -1.00025669e-01
    1.47274077e+00 2.43289024e-01 -4.58633184e-01 -1.11289240e-01
    1.92210197e+00 2.63882488e-01 3.43288422e-01 3.38710368e-01
    -7.19350696e-01 1.34973681e+00 4.60938811e-02 -4.25781101e-01
    -7.01020658e-01 -8.59704390e-02 -6.18651330e-01 -2.49595448e-01
    7.63715565e-01 -7.04117239e-01 1.79275370e+00 6.56931579e-01
    1.19684017e+00 1.44006872e+00 -6.11078441e-01 -6.83775768e-02
    3.56507361e-01 -1.43837020e-01 -3.71344179e-01 -4.21707273e-01
    -2.89304227e-01 2.19222546e-01 9.63617742e-01 -7.32328951e-01
    7.99983203e-01 9.85759720e-02 -4.72334385e-01 1.18711829e+00
    -5.53494155e-01 -3.57755631e-01 3.95107031e-01 6.90149367e-01
    1.30818534e+00 1.12428713e+00 -5.58416903e-01 1.61537540e+00
    -6.62246227e-01 -7.94539392e-01 5.09679377e-01 6.48156524e-01
    -5.12341380e-01 7.98250616e-01 -6.92938685e-01 6.69845819e-01
    7.76654899e-01 -5.55421710e-01 -1.46453708e-01 -5.11052847e-01
    3.04234952e-01 -6.41010106e-01 1.90474188e+00 9.56184939e-02
    1.40675211e+00 -9.93788660e-01 5.19004464e-01 5.80769069e-02
    -5.95430434e-01 1.78412533e+00 -9.60003853e-01 -5.92508256e-01
    6.62840605e-01 2.47990891e-01 1.85570467e+00 -3.62036824e-01
    8.64971757e-01 1.40536761e+00 4.17111278e-01 7.26565599e-01
    1.27587736e+00 7.48543859e-01 -8.01193416e-01 -1.72967970e-01
    1.64549649e+00 1.80264854e+00 6.90901637e-01 -4.75072354e-01
    1.44790876e+00 -7.05384552e-01 -8.01500678e-01 4.89837557e-01
    6.85521066e-01 -1.97701097e-01 3.36751312e-01 8.28651845e-01
    1.15166688e+00 2.49808207e-01 9.60897684e-01 1.14732695e+00
    4.07733262e-01 -6.95344031e-01 1.01930428e+00 8.44927251e-01
    1.16917622e+00 -6.93841815e-01 -3.08824241e-01 -2.38538891e-01
    1.32324028e+00 1.19922966e-01 -3.49076629e-01 -4.00759846e-01
    -4.75834966e-01 -6.74996316e-01 1.35437623e-01 -5.43524563e-01
    -8.30623329e-01 1.39147115e+00 1.71660459e+00 -1.22111468e-02
    1.47421050e+00 -8.78441930e-01 -3.16300899e-01 8.74309063e-01
    2.20787019e-01 7.23319888e-01 -8.66987258e-02 8.99361372e-01
    1.36460328e+00 -7.98515141e-01 7.90195167e-02 1.25950253e+00
    -7.12553501e-01 1.63482213e+00 -8.59434664e-01 -8.42772961e-01
    1.50123096e+00 5.13720632e-01 7.05760717e-01 2.52591759e-01
    -3.90342385e-01 -7.37542331e-01 -1.49976239e-01 6.95933223e-01
    5.91962755e-01 -7.31927097e-01 8.16426039e-01 5.34526646e-01
    -7.98217237e-01 7.42048085e-01 -1.49087414e-01 1.41330898e+00
    2.00109673e+00 1.72985983e+00 1.87667811e+00 4.94739950e-01
    1.01105309e+00 3.02284285e-02 1.77242267e+00 4.15170342e-01
    4.01866019e-01 -4.78094190e-01 2.58393764e-01 3.65330040e-01
    1.23230612e+00 -1.30931318e-01 -9.34855998e-01 -3.91279429e-01
    3.87575507e-01 1.42817363e-01 1.02056110e+00 1.33147508e-01
    1.17068434e+00 1.03769445e+00 1.22310710e+00 5.88056624e-01
    1.86311495e+00 1.80962300e+00 1.56060040e+00 2.27585807e-02
    -3.83892149e-01 1.53324032e+00 7.39598155e-01 1.20629573e+00
    1.50248682e+00 -4.20699775e-01 -7.94719994e-01 3.12754631e-01
    1.60168891e-03 -6.88036084e-01 -7.87804306e-01 1.74291360e+00
    6.94579557e-02 1.14553320e+00 4.77078766e-01 6.08018577e-01
    -1.48054242e-01 1.52569258e+00 -4.90512364e-02 7.76281595e-01
    6.65061250e-02 -4.12656516e-01 -1.97063133e-01 -3.72757047e-01
    -6.20554313e-02 6.30734503e-01 9.86111879e-01 1.39852917e+00
    -9.59482491e-02 2.92483717e-02 1.11816752e+00 -8.42556477e-01
    1.59329021e+00 1.28290331e+00 -6.78725600e-01 1.77834046e+00
    1.75397420e+00 9.65146780e-01 1.50074589e+00 -2.64236480e-01
    -3.92557420e-02 -6.02024198e-01 5.49068809e-01 1.86067128e+00
    1.47629976e+00 6.70538783e-01 -1.59075782e-01 -9.69758749e-01
    1.47584224e+00 4.35462803e-01 1.90679061e+00 8.39140773e-01
    9.57947254e-01 1.05650378e-02 9.46249485e-01 1.65325153e+00
    1.39495023e-02 1.37061429e+00 -1.14321969e-01 7.13510334e-01
    -1.91804934e-02 -2.39887144e-02 7.89472938e-01 2.27536941e+00
    1.95934749e+00 -4.15847242e-01 7.39395440e-01 -6.30423844e-01
    1.15113974e+00 1.04137635e+00 1.42988479e+00 -8.34720194e-01
    9.61439669e-01 5.94087951e-02 -4.57418710e-01 7.23472774e-01
    1.45921886e+00 -9.15746808e-01 1.08954763e+00 1.45854127e+00
    5.58283806e-01 1.81637377e-01 -1.04107246e-01 1.48490763e+00
    6.50718987e-01 7.52145052e-02 1.85780239e+00 1.84211582e-01
    1.09594035e+00 -3.76650184e-01 -8.20137084e-01 1.65541327e+00
    -5.64434588e-01 -8.99430290e-02 1.28844070e+00 1.08376646e+00
    1.53722692e+00 1.34039247e+00 1.44196820e+00 1.82831538e+00
    6.93944395e-01 -7.29137421e-01 1.22433090e+00 1.32797599e+00
    2.14024663e-01 2.99868971e-01 2.48568460e-01 1.32314205e+00
    1.04562625e-01 -3.80394131e-01 7.01818287e-01 1.18548882e+00
    -5.44061661e-01 -3.40753496e-01 1.16665566e+00 -1.23653591e-01
    -1.72436804e-01 1.38832498e+00 2.21801132e-01 1.68159759e+00
    -2.55618304e-01 1.96462178e+00 -6.11188233e-01 1.68284044e-01
    1.36197603e+00 1.56698585e+00 1.19534183e+00 1.37672019e+00
    5.09703100e-01 -2.95813978e-01 2.56123900e-01 -1.48885652e-01
    2.08312774e+00 2.76917696e-01 7.90538430e-01 -4.47671384e-01
    1.06112592e-01 1.54516315e+00 2.74094045e-01 9.44845200e-01
    -7.37173080e-01 -1.65172219e-01 1.07920790e+00 1.61771142e+00
    -7.10273976e-04 -1.69784933e-01 1.24509788e+00 -7.57245898e-01
    -5.65922439e-01 1.37486482e+00 8.21182132e-01 3.35518837e-01
    -6.89370215e-01 9.31634068e-01 1.68304789e+00 1.01378679e+00
    -3.09886038e-01 -4.27276716e-02 -4.78692681e-01 5.26509762e-01
    9.64951396e-01 -2.14200586e-01 1.05404091e+00 8.49042714e-01
    -5.35258472e-01 1.87462473e+00 -3.44115756e-02 8.21130991e-01
    -7.62317717e-01 1.22509873e+00 -2.28744477e-01 1.89161503e+00
    2.00829458e+00 1.52084395e-01 9.74771976e-01 -7.04214871e-02
    1.54862452e+00 3.17658961e-01 2.22968251e-01 1.25544381e+00
    4.59118605e-01 1.69265437e+00 -3.25980276e-01 1.66627479e+00
    1.10303748e+00 -3.84753317e-01 1.90488863e+00 1.64307857e+00
    1.35184860e+00 9.02581871e-01 1.82355404e+00 3.07082862e-01
    -1.48462862e-01 7.51730025e-01 4.44707960e-01 1.33743870e+00
    7.70695031e-01 1.37105501e+00 2.02048242e-01 1.16634309e+00
    1.68732479e-01 -5.56109846e-01 1.56403959e+00 1.36417544e+00
    1.08942524e-01 9.38209534e-01 1.69133401e+00 1.25395346e+00
    -7.44330347e-01 8.80302861e-02 -5.65494299e-01 1.88822496e+00
    2.82155126e-01 8.25584888e-01 5.81083059e-01 1.11037433e+00
    1.08937836e+00 1.56700969e+00 -6.02900125e-02 -8.73400569e-02
    1.78496850e+00 -9.13518846e-01 -9.16533828e-01 -1.95912838e-01
    -4.21832144e-01 7.13443398e-01 1.94038606e+00 9.69660521e-01
    1.52222288e+00 1.24968767e+00 6.88595951e-01 2.61088192e-01
    8.89167488e-01 9.90924239e-01 -8.47268641e-01 1.90256953e+00
    -4.91007030e-01 3.34082276e-01 -8.62956326e-03 6.75133467e-01
    4.99844626e-02 4.31579381e-01 5.30462623e-01 1.66055584e+00
    7.53482759e-01 1.82617736e+00 9.61882591e-01 1.83638954e+00
    -5.32476604e-01 1.47403157e+00 1.94163561e-01 -6.08552337e-01
    8.21950197e-01 -1.63063910e-02 1.13447033e-01 2.20147640e-01
    9.86257851e-01 -5.02892196e-01 1.51704085e+00 5.39792836e-01
    5.27299702e-01 -2.38633186e-01 3.41972619e-01 1.18243024e-01
    8.21293712e-01 9.36984420e-01 5.90126812e-01 -8.44317794e-01
    -6.63750589e-01 1.45504677e+00 -5.58746874e-01 -1.88108340e-01
    -5.58073163e-01 1.59331107e+00 -7.69523382e-01 -9.38765943e-01
    1.50777409e-02 -2.08348006e-01 1.39065635e+00 6.45096719e-01
    7.42521346e-01 -4.04715449e-01 9.56272364e-01 -9.33394790e-01
    -5.44927478e-01 1.08670270e+00 3.36282641e-01 -2.76430696e-01
    1.73130476e+00 -9.39136386e-01 9.72274661e-01 -4.27801043e-01
    3.39457840e-01 -1.41119123e-01 1.06113982e+00 1.72181129e+00
    -2.15677693e-01 1.28632128e+00 -3.86685044e-01 8.83508682e-01
    6.45530701e-01 -5.28008282e-01 -4.99601334e-01 9.64770675e-01
    1.26999724e+00 -6.76813483e-01 1.42026961e-01 1.65240860e+00
    -4.15886104e-01 -3.17653924e-01 -4.29842263e-01 4.38640833e-01
    -6.46006703e-01 1.88976336e+00 1.48005474e+00 9.95551467e-01
    4.42891419e-01 -7.35371709e-01 -9.16799009e-01 1.99319589e+00
    2.19315037e-01 4.26360101e-01 -4.26561713e-01 -5.15769780e-01
    -1.77296877e-01 1.04980373e+00 -6.38630271e-01 5.09370685e-01
    1.74230862e+00 -7.61884868e-01 1.80433702e+00 6.95704162e-01
    1.76720214e+00 -5.40750735e-02 1.32113814e+00 1.83120632e+00
    4.13833469e-01 -3.90561581e-01 -4.49650660e-02 9.06594336e-01
    -6.63124681e-01 8.30483139e-01 1.15488267e+00 -8.14590633e-01
    -3.81019205e-01 -1.64276049e-01 1.71800494e+00 -6.47215247e-01
    1.89140427e+00 -1.51583433e-01 -4.29888606e-01 1.78599024e+00
    8.83873940e-01 -8.81517828e-01 1.45248961e+00 1.33998299e+00
    -5.43196611e-02 -5.47427535e-01 7.59055197e-01 8.72005939e-01
    -3.92106950e-01 9.34961498e-01 2.31359601e-01 -2.67234325e-01
    8.53484094e-01 -5.67323685e-01 -4.08747852e-01 3.96705836e-01
    1.57429516e+00 2.98557058e-02 1.27533448e+00 1.93657547e-01
    2.01121974e+00 -4.19714421e-01 -3.09215873e-01 -1.70433983e-01
    5.67831993e-01 9.95736063e-01 1.01428308e-01 3.32678884e-01
    1.93271983e+00 -4.54099514e-02 -3.69819999e-01 8.95964444e-01
    1.71891153e+00 4.60593611e-01 2.59388030e-01 -7.85575569e-01
    1.64889932e+00 1.88244283e+00 1.57013285e+00 1.89623249e+00
    -9.48907316e-01 8.73237371e-01 -9.79657471e-01 1.64227259e+00
    7.59111941e-01 5.90615749e-01 1.01295030e+00 -2.90697426e-01
    1.40754044e+00 1.30738771e+00 5.25029242e-01 1.31811833e+00
    1.74616277e-01 -3.80761862e-01 9.85006511e-01 1.07499230e+00
    1.09184349e+00 -2.01606318e-01 -7.73694992e-01 3.22735995e-01
    1.00356805e+00 2.00638890e+00 -6.49147213e-01 -6.81117952e-01
    1.50559115e+00 5.85274458e-01 1.86593068e+00 3.44184607e-01
    -8.22732270e-01 1.57025528e+00 1.66317785e+00 -3.49751145e-01
    1.28788137e+00 -2.81837434e-01 -5.96692502e-01 -8.10080409e-01
    3.97298515e-01 3.31211090e-01 8.29506993e-01 6.13149822e-01
    1.56307697e+00 -3.61700386e-01 8.54064405e-01 -1.15229608e-02
    -2.83612311e-01 1.87333798e+00 -4.62938011e-01 8.73524904e-01
    4.76259112e-01 2.51068175e-01 4.89322603e-01 1.41925704e+00
    -5.83505809e-01 -1.06838487e-01 -3.54832321e-01 1.20102811e+00
    1.43812478e+00 1.87211072e+00 5.37109748e-02 1.31664562e+00
    -5.43129504e-01 1.59733152e+00 -5.06354690e-01 -5.67496598e-01
    1.58770049e+00 -5.90993345e-01 2.37739787e-01 1.24563980e+00
    3.69440347e-01 2.69643486e-01 7.56957293e-01 2.37449154e-01
    4.65661287e-02 1.14031208e+00 -6.07221901e-01 2.47073576e-01
    1.49306893e+00 1.24030769e+00 -9.88369465e-01 5.65273762e-01
    6.88297451e-02 1.33475685e+00 1.74139118e+00 -8.21621954e-01
    5.18193126e-01 7.35815346e-01 1.93448925e+00 1.77006638e+00
    1.80465806e+00 3.16086620e-01 -6.43499732e-01 7.59114921e-02
    1.68953538e+00 1.00940931e+00 -1.28590837e-01 3.13505381e-01
    -1.78039595e-01 1.86449802e+00 1.13742149e+00 1.05619943e+00
    3.15897644e-01 -4.96704727e-01 1.39071012e+00 1.45559728e+00
    1.18201423e+00 -6.22693658e-01 -5.04352212e-01 1.25981688e-01
    2.78202087e-01 1.32127964e+00 7.51062751e-01 -7.33224750e-01
    1.26727128e+00 -7.58890986e-01 3.56750280e-01 1.38470221e+00
    1.27680242e+00 -6.80405319e-01 1.08084965e+00 1.72976796e-02
    -4.43118632e-01 4.83152211e-01 6.20664418e-01 -3.68652821e-01
    -7.35580146e-01 1.12988055e+00 1.82164443e+00 -2.23108288e-02
    -2.24936306e-01 -4.97841209e-01 1.65919840e+00 1.05887532e+00
    -9.29059684e-02 -6.57123402e-02 6.73068583e-01 -6.87035099e-02
    -3.34410012e-01 3.93808722e-01 1.12293220e+00 1.34004667e-01
    1.64888525e+00 1.14886260e+00 1.68151939e+00 1.31907141e+00
    1.84077173e-01 -1.92101419e-01 -3.96882445e-01 -9.90496457e-01
    1.15469724e-01 6.75920248e-01 5.60092926e-01 6.43735290e-01
    -1.89445928e-01 1.30043697e+00 1.72897696e+00 1.73305249e+00
    4.35057670e-01 -2.79790647e-02 1.88483727e+00 6.63319826e-01
    -7.53507555e-01 -8.28439221e-02 8.47141445e-01 1.68967736e+00
    -8.58419240e-01 -2.70432860e-01 -8.79239202e-01 8.95946681e-01
    -2.01468155e-01 4.89666760e-01 1.91084576e+00 -5.01515329e-01
    8.91990364e-01 4.28969383e-01 1.21934521e+00 -1.67799965e-01
    1.58634686e+00 1.24537814e+00 -7.27424443e-01 1.83406067e+00
    2.27895200e-01 6.13688409e-01 1.86806107e+00 3.25227112e-01
    7.51694262e-01 -5.81455350e-01 1.51654303e+00 8.17050993e-01
    -5.13324559e-01 -8.35483670e-01 1.84794748e+00 7.61760950e-01
    1.40870139e-01 1.57925963e+00 -8.57889116e-01 7.64607370e-01
    1.61843777e-01 1.47675946e-01 -3.96692127e-01 1.57652843e+00
    1.56424487e+00 9.85029578e-01 -5.84163964e-01 -2.82650679e-01
    1.12385929e-01 5.23182750e-01 -3.68402034e-01 -3.27721983e-01
    -6.88985527e-01 1.91089129e+00 -2.90835679e-01 6.91311479e-01
    6.22457325e-01 2.43072584e-01 1.62463963e+00 9.67627227e-01
    1.35494471e+00 7.69253448e-02 1.58332396e+00 -3.72110933e-01
    1.02071071e+00 1.38075244e+00 1.28802240e+00 9.27985966e-01
    1.77266109e+00 5.34496009e-01 1.02625632e+00 1.13252461e+00
    1.58021200e+00 -6.81116223e-01 -7.78764784e-01 1.72648263e+00
    1.78750622e+00 6.50064826e-01 1.62349653e+00 2.29911521e-01
    1.81787407e+00 1.86869788e+00 1.32002425e+00 -2.14774027e-01
    -5.96870840e-01 1.35868359e+00 1.24486423e+00 2.01147461e+00
    7.83716261e-01 -3.12807441e-01 6.86384320e-01 -4.98352110e-01
    -3.35238665e-01 1.14547384e+00 1.59853768e+00 -2.42609859e-01
    8.65491152e-01 3.39698523e-01 -6.90326571e-01 -2.55437583e-01
    7.37616569e-02 1.28816473e+00 2.46895507e-01 1.37121630e+00
    1.11412776e+00 1.94300383e-01 1.45406568e+00 -7.71318614e-01
    -1.14698142e-01 1.33962595e+00 5.38510323e-01 1.91507590e+00
    4.68205065e-01 1.56400049e+00 1.56681633e+00 -2.88976610e-01
    9.00051773e-01 9.52266157e-01 -8.44584584e-01 -5.69480658e-01
    3.57599556e-01 1.64443123e+00 -8.49699736e-01 1.18458533e+00
    4.71130833e-02 4.03960615e-01 7.69858479e-01 -6.39163733e-01
    -7.65092373e-01 7.37284422e-01 -5.38320482e-01 -6.54119849e-01
    1.17934191e+00 1.86283863e+00 3.89023960e-01 -3.90337765e-01
    1.63833106e+00 -4.07641530e-01 -4.94845808e-02 5.44184148e-01
    9.01189685e-01 -7.19542444e-01 1.74652350e+00 1.72276378e+00
    9.22811925e-01 2.26838350e-01 1.39792764e+00 -7.08074033e-01
    -6.38542354e-01 7.60668367e-02 -2.03312322e-01 1.42281330e+00
    -6.20664001e-01 -3.35203797e-01 6.50040448e-01 1.35675609e+00
    1.01293623e+00 1.80140615e+00 1.47493243e+00 1.36889565e+00
    1.70947671e+00 1.08266008e+00 -2.97241777e-01 -5.49784243e-01
    -6.28107190e-01 -3.26971114e-01 1.56436694e+00 -4.31867629e-01
    1.26519346e+00 1.05169690e+00 -7.47349858e-01 1.86870432e+00
    7.28295803e-01 5.79313576e-01 6.05356038e-01 9.73290622e-01
    1.44658923e+00 -9.34969962e-01 -9.18846190e-01 1.61685944e+00
    1.59258127e+00 7.72585988e-01 1.32386863e+00 1.16526353e+00
    1.28335488e+00 1.04067421e+00 1.63430321e+00 -7.10869312e-01
    6.49514556e-01 9.42671657e-01 -3.02008897e-01 2.79260904e-01
    1.76451445e+00 -6.08634949e-01 -6.69028938e-01 8.44103217e-01
    -5.64104021e-01 8.74361694e-01 3.28745022e-02 1.58803070e+00
    1.45551014e+00 6.45522773e-01 -6.68324053e-01 1.67786252e+00
    -3.43265027e-01 2.43257910e-01 6.92426085e-01 1.35729861e+00
    1.33418724e-01 1.66473341e+00 -5.36695540e-01 -7.06038475e-02
    1.46947235e-01 1.59973717e+00 -5.30582309e-01 3.59235972e-01
    1.21077883e+00 1.86027372e+00 1.63292921e+00 -2.85132408e-01
    1.45391190e+00 -3.30722868e-01 5.36292553e-01 7.12788105e-02
    2.94955462e-01 1.95579565e+00 7.32471496e-02 -4.31472808e-01
    1.14363396e+00 1.24609840e+00 1.74657547e+00 1.00706971e+00
    5.04852653e-01 9.45410371e-01 2.86635876e-01 -8.48002493e-01
    3.27774286e-01 -6.79711163e-01 1.62664557e+00 5.17711416e-02
    -1.13931924e-01 -6.05873764e-01 -8.43743458e-02 5.25872350e-01
    1.16456175e+00 1.10262144e+00 1.36290276e+00 1.57375693e+00
    1.37645638e+00 1.13599908e+00 9.41853523e-01 1.23322654e+00
    8.79048645e-01 7.26603746e-01 -6.91506207e-01 1.86031640e+00
    -8.96936417e-01 4.14621502e-01 1.63260818e+00 1.79298389e+00
    1.39371538e+00 8.39510500e-01 -1.06464371e-01 1.75221276e+00
    1.11032045e+00 2.73061931e-01 1.74591506e+00 9.17195857e-01
    -8.75926197e-01 1.13593316e+00 1.38938105e+00 -2.79429853e-01
    4.68917042e-01 -3.41267198e-01 -3.06600213e-01 -9.75532115e-01
    1.88369930e+00 9.51543689e-01 8.57280016e-01 1.85021818e+00
    1.62192607e+00 4.56813902e-01 -3.78107488e-01 1.96342185e-01
    1.34187341e+00 -5.93124747e-01 1.41984057e+00 -8.30299258e-01
    -9.04242575e-01 1.40691996e+00 9.98274326e-01 1.79585969e+00
    1.64714313e+00 -1.01993763e+00 1.18394697e+00 1.75839543e+00
    8.65024507e-01 3.81117553e-01 -5.87276697e-01 5.00767343e-02
    1.80475092e+00 1.89162815e+00 -5.51097989e-01 -8.56427729e-01
    -2.48859823e-01 -6.93225801e-01 6.73906326e-01 5.22112787e-01
    1.63123691e+00 -7.62628391e-02 1.79018831e+00 1.31814396e+00
    1.48000693e+00 7.57990181e-01 -1.60654381e-01 3.16624641e-01
    9.47384655e-01 1.71009764e-01 5.46435297e-01 -3.94378901e-01
    2.50892758e-01 4.24708664e-01 1.70110488e+00 -6.28984928e-01
    6.18525386e-01 -4.22322512e-01 1.41933906e+00 2.02725244e+00
    1.74950457e+00 -2.47559845e-01 -5.75290859e-01 8.68644863e-02
    -3.59451741e-01 -2.26128206e-01 5.76539934e-02 1.06288932e-01
    1.37324190e+00 -6.30369127e-01 1.85227239e+00 8.42000365e-01
    -8.91196787e-01 -6.14936054e-01 9.95078325e-01 1.59595728e+00
    1.12635112e+00 1.75003156e-01 -4.12939250e-01 -8.32217395e-01
    -2.46969983e-01 6.70465887e-01 -6.84013605e-01 -2.52961695e-01
    -7.94597268e-01 -1.71633810e-01 4.92601633e-01 -9.03227478e-02
    2.04548061e-01 1.07875764e+00 1.41989738e-01 7.70429134e-01
    3.39672640e-02 -4.23675388e-01 1.35228479e+00 1.10000037e-02
    -5.03285229e-01 1.28888464e+00 1.51935375e+00 -4.99368221e-01
    -4.97975886e-01 5.78246176e-01 -3.97185534e-01 -8.42774808e-01
    1.63722098e+00 1.45589566e+00 -8.00933182e-01 8.43914151e-01
    -1.26870960e-01 1.94728398e+00 1.02989233e+00 1.98855072e-01
    -1.65836543e-01 -8.16978216e-01 1.53732920e+00 1.15605557e+00
    1.57736671e+00 8.60894382e-01 6.64085448e-01 2.81058311e-01
    3.91329736e-01 2.88822860e-01 -7.75557995e-01 -2.94474870e-01
    -5.37784100e-01 6.05992973e-01 7.65244603e-01 -3.44355911e-01
    -6.23696864e-01 1.88992441e+00 7.94738293e-01 -9.86418948e-02
    1.29766631e+00 3.85159761e-01 -6.00670576e-01 1.20036495e+00
    1.81120026e+00 1.98639536e+00 2.71377534e-01 -5.88202357e-01
    2.08137468e-01 -2.67952740e-01 -4.20409888e-01 6.05798244e-01
    5.52392066e-01 -6.15676939e-01 1.20089822e-01 7.04658747e-01
    4.22059923e-01 -8.99010658e-01 1.95339644e+00 1.15951812e+00
    2.40635037e-01 1.60329425e+00 5.36014736e-01 7.86724150e-01
    5.51605880e-01 7.44769871e-01 1.57006121e+00 -8.32347393e-01
    -6.80357397e-01 1.80956200e-01 4.80392277e-01 4.07282770e-01
    -2.44231224e-01 3.01111013e-01 -1.46859974e-01 -4.14926708e-01
    7.12101817e-01 7.33395517e-02 1.73568904e+00 9.81761217e-01
    5.17759144e-01 -5.23810089e-01 -6.32155716e-01 1.51778901e+00
    1.17702639e+00 -1.00854918e-01 -3.18539083e-01 3.35771233e-01
    -6.98037744e-01 -6.90516233e-02 2.91162789e-01 -7.81406760e-02
    1.04242218e+00 8.08979273e-01 7.04905629e-01 2.02153862e-01
    8.88369381e-01 1.70877740e-01 4.24433321e-01 -6.38627052e-01
    -4.39588845e-01 -4.62579995e-01 1.02176070e+00 1.80553043e+00
    1.35348070e+00 5.84894836e-01 1.96108139e+00 6.19900763e-01
    -3.97687525e-01 1.25736034e+00 -1.21356556e-02 8.66934955e-01
    1.21018946e+00 1.76221704e+00 4.92981821e-01 -7.59790540e-01
    -1.34001464e-01 1.61355937e+00 7.74760962e-01 1.75286031e+00
    1.11970735e+00 8.69241059e-01 1.96056199e+00 1.01570213e+00
    -1.42685529e-02 -5.24762347e-02 1.43865395e+00 1.33658513e-01
    7.30348647e-01 -6.35124370e-02 1.61790681e+00 6.29402041e-01
    -6.34844184e-01 1.14457691e+00 -7.56985962e-01 -3.98579031e-01
    1.62718058e+00 -9.75377023e-01 1.53755462e+00 8.80521953e-01
    1.59691668e+00 1.06097078e+00 8.12886536e-01 -3.94433945e-01
    1.54485357e+00 -9.67080116e-01 1.53688502e+00 -9.64028001e-01
    1.02775776e+00 5.31964123e-01 1.15573156e+00 8.36204350e-01
    -8.06683898e-01 1.61633110e+00 1.00575304e+00 3.41191024e-01
    -7.10693300e-01 -1.05462544e-01 -3.20591509e-01 1.60495949e+00
    5.91347098e-01 6.94202840e-01 -7.16433704e-01 -5.76955080e-01
    1.58147609e+00 1.59640563e+00 1.32835495e+00 1.27219570e+00
    1.81381011e+00 -8.96955132e-01 5.37797332e-01 6.25323236e-01
    8.82258773e-01 -7.89625823e-01 1.18618870e+00 3.72303516e-01
    1.41918600e+00 1.80984092e+00 5.95961630e-01 2.06738782e+00
    5.15004396e-01 9.25114751e-01 1.68178034e+00 -3.13673377e-01
    1.69430152e-01 1.61544251e+00 1.23240244e+00 1.18499041e+00
    1.84374237e+00 1.81767702e+00 1.31950617e+00 1.22513264e-01
    1.29654074e+00 -3.13752264e-01 -2.64855266e-01 -6.37540877e-01
    6.00880384e-01 1.80314112e+00 -7.92031586e-01 1.88777494e+00
    5.97843707e-01 1.16674948e+00 -7.71202087e-01 -8.13826621e-01
    -7.19375629e-03 8.31320226e-01 1.63253820e+00 -4.20894176e-01
    -8.35334361e-01 1.22260116e-01 -4.18394655e-01 -1.83575094e-01
    -1.22976422e-01 -5.48251271e-01 9.78278100e-01 -6.52074218e-01
    -6.85113132e-01 1.63869214e+00 8.80851030e-01 -5.41501939e-01
    -7.02650487e-01 8.48987818e-01 -5.52724659e-01 -9.24125761e-02
    1.39536536e+00 -8.25437427e-01 1.05318379e+00 -4.83830333e-01
    -1.96788147e-01 -8.13581288e-01 1.34812677e+00 1.40990138e+00
    1.30237699e+00 -6.99018121e-01 -3.36252570e-01 -1.87532604e-01
    9.60109234e-01 6.31842315e-01 -7.84330010e-01 -8.22690248e-01
    -8.69186103e-01 -3.03964436e-01 -4.15587008e-01 1.01992428e+00
    1.14566314e+00 1.35294497e+00 -2.46352658e-01 -6.44754291e-01
    -8.30722928e-01 1.51366699e+00 -7.34895989e-02 1.82825255e+00
    -4.95607764e-01 1.31495440e+00 1.21646905e+00 2.51387879e-02
    -4.77982432e-01 -4.00778681e-01 -2.23710999e-01 1.86949277e+00
    2.44797185e-01 -3.21732789e-01 -5.61576903e-01 1.76180589e+00
    8.47623587e-01 1.83310139e+00 1.82356286e+00 1.14443526e-01
    8.67001712e-01 1.65622795e+00 3.68536979e-01 -5.31935990e-01
    -3.44349027e-01 7.30014861e-01 -1.09403379e-01 1.78937101e+00
    1.57872593e+00 8.45008612e-01 1.86464441e+00 7.27612013e-03
    1.83235788e+00 1.87538671e+00 1.66950822e+00 8.24428678e-01
    -3.31718087e-01 -6.74013793e-01 1.20579553e+00 -7.75642455e-01
    -1.32811636e-01 6.40863895e-01 -2.73938715e-01 -8.83931458e-01
    7.06566274e-01 4.78542209e-01 5.73574424e-01 -1.93073630e-01
    6.03713870e-01 1.16828477e+00 1.66333884e-01 1.82473075e+00
    9.96846855e-01 1.32396448e+00 -1.09728813e-01 -7.99962044e-01
    -5.36909163e-01 1.04926443e+00 1.35492623e+00 -1.55503795e-01
    -5.75234652e-01 1.05290067e+00 1.25184596e+00 -2.26619601e-01
    1.08258784e+00 -1.46230116e-01 1.55632675e-01 -3.33854854e-01
    -4.26467627e-01 1.49012601e+00 8.06020871e-02 1.46201360e+00
    5.98381877e-01 7.68382847e-01 8.07220221e-01 1.42829943e+00
    -6.24902368e-01 1.47088754e+00 8.37750256e-01 1.24492466e-01
    1.51129949e+00 1.32401502e+00 1.17944986e-01 -5.58094621e-01
    4.68371093e-01 1.67052412e+00 1.27483535e+00 1.00433671e+00
    3.32339853e-01 7.59944320e-01 -7.04817653e-01 -9.11529481e-01
    3.77776563e-01 6.86824262e-01 4.37498540e-02 1.61223567e+00
    -4.79894966e-01 4.88780349e-01 2.85450161e-01 -2.30750650e-01
    -8.31415296e-01 1.66647947e+00 1.65446743e-01 1.21253335e+00
    6.94073617e-01 9.96416211e-01 1.16471517e+00 1.12358415e+00
    9.66837347e-01 1.87212968e+00 7.95159280e-01 -9.20117438e-01
    -5.32349169e-01 1.84814826e-01 1.03522182e+00 -5.90186179e-01
    7.34982729e-01 1.59040916e+00 9.81692493e-01 -8.60797703e-01
    3.59015018e-01 2.70916611e-01 1.37887287e+00 -9.90571454e-03
    1.20051765e+00 7.47685075e-01 1.94957900e+00 1.66320121e+00
    9.53126431e-01 3.68408471e-01 4.82054241e-02 9.55624580e-01
    4.10033762e-01 1.38571668e+00 3.06023687e-01 1.18383420e+00
    1.51067781e+00 1.58080614e+00 1.35037327e+00 3.75405043e-01
    1.83863294e+00 1.34554923e+00 5.75357974e-01 -6.87354505e-01
    9.96947587e-01 -7.10173130e-01 1.12569854e-02 1.85932446e+00
    1.79927599e+00 4.82694685e-01 -5.10497570e-01 1.75942314e+00
    1.90155521e-01 1.58915102e+00 1.83762372e+00 1.55455351e-01
    4.18948889e-01 1.86442101e+00 1.08607137e+00 -8.03919196e-01
    1.72767356e-01 6.22661114e-01 -2.69101024e-01 1.16152775e+00
    1.28807735e+00 1.86901599e-01 8.80999327e-01 -3.98626119e-01
    8.85728002e-01 1.55589163e+00 5.17546237e-01 5.01816988e-01
    -3.51727813e-01 1.32919943e+00 8.99758518e-01 1.50309753e+00
    6.54997528e-01 7.71486402e-01 9.86282051e-01 1.85072327e+00
    1.01721036e+00 1.03581262e+00 1.34894955e+00 1.46646291e-01
    -6.71223342e-01 -7.49276757e-01 3.54412556e-01 2.09086275e+00
    8.85289788e-01 -6.20649278e-01 1.43862474e+00 -1.96385086e-01
    1.39866516e-01 -2.27499038e-01 7.73921132e-01 1.58670235e+00
    -5.30314088e-01 7.22433627e-01 -9.69583750e-01 1.92139864e-01
    -4.26972285e-02 -4.30298358e-01 9.12527621e-01 1.61137748e+00
    3.87070745e-01 1.38772476e+00 1.09710896e+00 1.63840735e+00
    1.34144396e-01 -1.06190354e-01 2.00957966e+00 -3.35852385e-01
    1.18357205e+00 6.47914052e-01 1.39585710e+00 1.65347815e+00
    1.81615031e+00 1.88145888e+00 1.06528747e+00 6.36486351e-01
    -2.35907547e-03 8.55292201e-01 9.17555571e-01 1.27318978e+00
    1.19161606e+00 3.64054412e-01 7.01134324e-01 9.87954676e-01
    7.90308535e-01 5.95279753e-01 -6.03807509e-01 1.74106181e-01
    -6.71529472e-01 2.01911426e+00 -7.00838983e-01 4.45862710e-01
    -5.73954470e-02 -3.36169809e-01 1.28199482e+00 1.15548241e+00
    -2.44337752e-01 3.67873162e-01 4.31897879e-01 9.89284515e-01
    -6.78637683e-01 1.45081413e+00 -2.21038703e-02 -5.83853781e-01
    -2.44955420e-01 5.57694793e-01 -1.60113677e-01 -2.81841289e-02
    1.49979234e+00 1.65031111e+00 3.49389404e-01 9.62484002e-01
    1.10910952e-01 1.60739589e+00 4.18784440e-01 9.66420174e-01
    1.53368783e+00 -9.09651577e-01 1.03658533e+00 7.88639545e-01
    4.58617270e-01 1.29011619e+00 1.29373705e+00 2.50874519e-01
    2.49716491e-01 -3.06883007e-01 1.04404318e+00 1.84447205e+00
    -3.59220177e-01 6.53947890e-01 -5.17409265e-01 8.71028900e-01
    1.90072942e+00 1.18082595e+00 -2.77411520e-01 -6.60990357e-01
    7.27769315e-01 1.44574916e+00 2.73436129e-01 1.16610222e-01
    -9.00207102e-01 -2.82873482e-01 -4.11790252e-01 -8.11023951e-01
    3.95088792e-01 -8.24749708e-01 7.49869645e-01 -8.33657622e-01
    9.66430008e-01 6.48008525e-01 1.90871310e+00 1.24721992e+00
    2.75694519e-01 1.83929098e+00 1.23651302e+00 1.30778110e+00
    1.36047280e+00 1.88170564e+00 2.16885224e-01 1.39424193e+00
    5.23357034e-01 1.31780803e+00 1.57939708e+00 1.16482341e+00
    -5.05203187e-01 3.91242683e-01 8.25679004e-01 3.49815637e-01
    1.88018656e+00 6.16298079e-01 1.39695132e+00 7.76336730e-01
    1.54476237e+00 -7.87022412e-01 1.51214492e+00 1.91766548e+00
    -7.49321997e-01 1.48964990e-02 -4.48650390e-01 1.11635137e+00
    2.46210158e-01 4.35691923e-01 7.82088935e-02 9.34110641e-01
    -7.02480018e-01 4.66563523e-01 1.49396300e+00 -4.14859414e-01
    -6.20878756e-01 1.81282246e+00 8.25266659e-01 1.56296694e+00
    5.89594305e-01 -1.12184107e-01 8.63952339e-01 1.82702839e+00
    3.89553666e-01 6.63156748e-01 9.31703687e-01 -3.39233071e-01
    1.15259326e+00 1.49806833e+00 -1.21856786e-01 4.99189824e-01
    8.04661453e-01 -4.74012077e-01 -6.92839503e-01 7.54656374e-01
    1.54122365e+00 1.78625023e+00 1.19506824e+00 -8.00953627e-01
    1.97012961e-01 1.82908499e+00 -1.61375970e-01 1.13204375e-01
    -5.98217845e-01 1.44039750e+00 3.45378578e-01 7.33642936e-01
    9.65701401e-01 1.51670027e+00 -3.45597193e-02 2.05079365e+00
    6.01503968e-01 4.08452541e-01 6.79858029e-01 6.99638426e-02
    -5.96606672e-01 7.02616811e-01 -6.84177995e-01 -3.56068224e-01
    8.58089209e-01 -4.29218650e-01 1.50954485e+00 -6.45246506e-01
    -7.23459959e-01 -2.30959713e-01 -2.77637750e-01 2.28908017e-01
    8.83355856e-01 1.93107545e+00 1.02608275e+00 -6.00003242e-01
    -8.31225932e-01 4.60781068e-01 -5.05762100e-01 -4.99646455e-01
    -7.84877539e-02 1.71052837e+00 1.49809599e+00 7.61435568e-01
    5.13058901e-01 1.84456706e+00 -5.68897784e-01 -1.01591229e+00
    1.28203416e+00 1.77225542e+00 1.35732841e+00 1.61224103e+00
    4.47457850e-01 8.52653563e-01 1.42269993e+00 -9.26204145e-01
    1.32057047e+00 -8.09282660e-01 -1.65108621e-01 1.24303961e+00
    1.75688410e+00 -1.95979446e-01 -9.67925012e-01 2.68591136e-01
    1.24196672e+00 -6.91676617e-01 1.91491675e+00 -5.38818717e-01
    2.59508044e-01 6.39993489e-01 -6.33696616e-01 1.23849666e+00
    9.00135219e-01 -9.35759127e-01 -4.63349670e-02 5.18273234e-01
    1.08149123e+00 1.80938506e+00 -2.69842446e-01 1.09289658e+00
    3.14103812e-01 -4.27331805e-01 5.21986127e-01 -4.30409342e-01
    7.49253452e-01 -6.70897737e-02 2.63912588e-01 1.04622519e+00
    -1.88503355e-01 1.08495033e+00 -3.86824548e-01 4.28194553e-01
    1.05676997e+00 -5.51325202e-01 1.30355179e+00 1.85340726e+00
    1.73077130e+00 7.44007230e-02 6.25021636e-01 1.83844423e+00
    5.93850672e-01 -3.67007405e-01 1.81856358e+00 -3.74368697e-01
    -5.02338469e-01 1.35468888e+00 1.51825571e+00 -7.44739115e-01
    1.90822291e+00 6.63956344e-01 1.39482844e+00 1.72058001e-01
    -5.28747916e-01 1.49183166e+00 -1.46216363e-01 1.72651696e+00
    1.96491912e-01 -2.00807884e-01 1.03562725e+00 1.05966258e+00
    -1.03479242e+00 1.31371462e+00 4.87947494e-01 5.65562285e-02
    -4.47837785e-02 1.53265402e-01 5.88462830e-01 -2.81483799e-01
    1.47129691e+00 -4.75123435e-01 8.32824588e-01 1.55427659e+00
    -9.26804006e-01 5.50080299e-01 -4.31368709e-01 1.00618660e-01
    3.11901361e-01 1.69667697e+00 1.29173493e+00 1.18023646e+00
    6.29898906e-01 5.73929608e-01 5.05373001e-01 1.92194045e+00
    5.78004777e-01 6.04406357e-01 -4.42138851e-01 1.16069281e+00
    1.58801854e+00 -6.86208844e-01 1.54542673e+00 4.51859972e-03
    8.65977526e-01 1.82292056e+00 1.89389765e+00 1.53764904e-01
    1.19910228e+00 1.39142013e+00 2.17137691e-02 4.65336889e-01
    5.46888351e-01 1.23538625e+00 1.64961803e+00 1.21760535e+00
    -3.85643125e-01 -9.49234307e-01 1.86225116e-01 3.41351181e-01
    1.87777197e+00 8.89058486e-02 1.46641445e+00 3.13955843e-01
    1.70332491e-01 1.27596855e+00 -6.02671564e-01 1.86009463e-02
    -9.49831367e-01 6.32407427e-01 4.20722067e-01 5.39425850e-01
    -1.11367188e-01 1.68373430e+00 6.40260220e-01 1.08718204e+00
    1.26436222e+00 1.68015587e+00 7.57415414e-01 1.20691311e+00
    1.15555522e-04 5.66679120e-01 1.23887277e+00 1.10840142e+00
    1.52711642e+00 2.60724783e-01 1.66149771e+00 -2.07164824e-01
    -6.11983687e-02 1.87130642e+00 -8.44715297e-01 -2.38658473e-01
    1.80676091e+00 -8.19064021e-01 6.14745259e-01 -2.96844870e-01
    -7.69360065e-01 4.86773789e-01 8.76441836e-01 -4.01779234e-01
    1.23932910e+00 7.56261289e-01 1.73522389e+00 -3.02458853e-01
    1.25962007e+00 -6.29255101e-02 -3.15509737e-01 -2.13852346e-01
    5.74332178e-01 2.62635976e-01 1.29533267e+00 4.04067665e-01
    1.06181264e+00 -3.99050474e-01 -9.37060893e-01 2.68181235e-01
    1.10706019e+00 1.56856924e-01 1.14485466e+00 4.28144902e-01
    -6.08177841e-01 8.71052623e-01 7.93719530e-01 -4.92891818e-01
    6.85582876e-01 1.59631982e-01 4.39008921e-01 1.70754588e+00
    -1.79260299e-01 -1.18143685e-01 8.36735487e-01 2.11331099e-01
    1.66566956e+00 9.30613056e-02 3.93380284e-01 1.38067865e+00
    6.89035356e-01 -2.94990927e-01 -7.50223756e-01 1.58902979e+00
    9.78812873e-01 -1.99785829e-03 1.37758720e+00 1.35592890e+00
    1.69611168e+00 6.88645363e-01 1.29280949e+00 -4.32884037e-01
    5.96347690e-01 3.09182499e-02 2.33836453e-02 1.57386124e+00
    1.08865261e+00 1.67961216e+00 1.07647204e+00 1.25462365e+00
    -8.48307848e-01 -8.16423237e-01 -6.02051377e-01 1.18668890e+00
    7.08616555e-01 3.00981224e-01 6.36280179e-01 -7.02365220e-01
    -5.41795433e-01 5.25056243e-01 -1.21184379e-01 5.80568671e-01
    8.26725841e-01 -4.11961943e-01 -6.77905023e-01 -5.11981785e-01
    1.49307394e+00 7.47799218e-01 -3.49921621e-02 8.91810179e-01
    -1.00110829e+00 -3.02375197e-01 -2.21812576e-01 -7.99263656e-01
    -4.94386584e-01 3.64808798e-01 1.05073608e-01 -7.11954296e-01
    -7.68905163e-01 1.40089595e+00 3.66614491e-01 -4.43505555e-01
    1.60554075e+00 1.63935181e-02 -1.01520884e+00 -6.28817618e-01
    1.35958076e+00 1.42013586e+00 -3.94288182e-01 -2.99314231e-01
    1.58253086e+00 -7.18478858e-02 1.89690995e+00 3.92777383e-01
    -3.56979400e-01 -1.04880095e+00 -6.17747009e-01 1.22126067e+00
    -5.27660966e-01 1.53793061e+00 1.52041590e+00 6.05030179e-01
    1.27002096e+00 -7.99905837e-01 -6.85205877e-01 -1.06375597e-01
    1.39426708e+00 1.52176523e+00 3.47224861e-01 -7.21453205e-02
    -8.81601095e-01 -7.48213410e-01 5.03556132e-01 -8.86136591e-01
    7.27058470e-01 8.98513019e-01 2.66383260e-01 1.49259853e+00
    -2.06102461e-01 4.41200942e-01 -5.21733105e-01 -7.51345575e-01
    -9.10705402e-02 7.32959270e-01 -5.95895231e-01 4.78775442e-01
    2.04546928e-01 -5.62533587e-02 -2.92701513e-01 -8.49119365e-01
    1.03725560e-01 8.90454054e-01 6.30701363e-01 9.42326188e-02
    9.96382117e-01 6.82114184e-01 -8.03587139e-01 3.52692723e-01
    -4.72591639e-01 -7.79298902e-01 4.55310017e-01 -5.28390706e-01
    1.40274704e+00 1.56888235e+00 9.67449188e-01 -1.13141395e-01
    1.05382633e+00 3.47429305e-01 9.77247238e-01 1.27712035e+00
    1.26293555e-01 -4.06645276e-02 3.23037952e-01 4.11796570e-01
    1.21374667e+00 1.57673049e+00 7.68081009e-01 4.87543434e-01
    4.04922068e-01 1.65703964e+00 1.84848085e-01 4.47240829e-01
    -4.90194470e-01 -3.07554118e-02 3.89419407e-01 -4.54442978e-01
    1.55598652e+00 1.25147974e+00 -7.68175498e-02 -8.72727156e-01
    9.40746188e-01 -8.10830712e-01 -2.52705574e-01 4.69322741e-01
    5.89484394e-01 1.40098524e+00 3.67011786e-01 1.87217069e+00
    6.98161960e-01 6.38407588e-01 9.90590546e-03 -1.56520247e-01
    1.44550872e+00 1.10136461e+00 -4.58625928e-02 6.08169317e-01
    1.39427102e+00 6.03726327e-01 3.48386616e-02 -6.49443924e-01
    1.14741075e+00 1.96808994e+00 1.11809838e+00 1.47031224e+00
    5.11465847e-01 5.53570688e-01 -6.39887273e-01 1.15535349e-01
    1.89544368e+00 8.60242605e-01 1.00279972e-01 -8.43634129e-01
    8.71935308e-01 -3.12240750e-01 -8.80410492e-01 -1.54478282e-01
    -9.28133428e-01 1.34973681e+00 1.36012280e+00 1.19489598e+00
    7.23468363e-01 1.75901756e-01 9.76736844e-01 4.99830157e-01
    5.11002183e-01 -4.11653250e-01 -7.62811229e-02 1.79656923e+00
    1.56922793e+00 -8.14866841e-01 7.59226739e-01 -2.34206945e-01
    1.28757581e-01 1.98262319e-01 -1.96245179e-01 1.77067459e+00
    2.67389625e-01 3.61890256e-01 3.76443624e-01 1.15393150e+00
    -7.89785087e-01 -2.46276125e-01 -5.81080198e-01 -2.31682181e-01
    1.17594814e+00 5.33721447e-02 2.29249626e-01 1.95589817e+00
    1.20910716e+00 1.78906882e+00 -2.28807062e-01 -6.88664258e-01
    5.39194107e-01 1.85285485e+00 4.83229607e-01 -6.42830849e-01
    1.08115315e+00 -5.88829279e-01 -3.86830032e-01 1.08648062e+00
    -9.35564280e-01 1.64064717e+00 6.18312895e-01 -8.58779490e-01
    1.51590157e+00 -7.14833379e-01 1.39464927e+00 1.24099982e+00
    -7.57717013e-01 3.92201334e-01 -3.75301957e-01 -8.57573390e-01
    6.85601950e-01 3.94339889e-01 1.03440285e+00 -9.52071846e-01
    1.58902276e+00 1.76283526e+00 5.02529442e-01 1.96760201e+00
    -2.26037562e-01 -2.58183599e-01 7.77093172e-01 -3.97814900e-01
    1.77203846e+00 1.48003972e+00 1.20063090e+00 -7.73305655e-01
    -6.79292142e-01 1.61130059e+00 -8.08890402e-01 2.11563423e-01
    3.73708978e-02 1.23247230e+00 1.38755596e+00 -9.70316529e-01
    1.12895024e+00 8.16612720e-01 1.73709178e+00 1.58682525e+00
    -6.11498058e-01 1.69240260e+00 3.99202734e-01 8.30307662e-01
    5.84724009e-01 9.41236496e-01 1.54654014e+00 4.01611961e-02
    8.47495556e-01 -8.92347455e-01 -6.08348846e-01 -8.49340022e-01
    -4.04670179e-01 -6.51288867e-01 1.44678068e+00 8.54322910e-01
    7.86056638e-01 1.83470201e+00 1.49890363e-01 -4.80623059e-02
    -7.38121986e-01 -2.52358079e-01 9.14928019e-01 1.46867204e+00
    -3.22809927e-02 -7.15125501e-01 -3.83132339e-01 5.36719978e-01
    5.03006399e-01 -7.18658939e-02 -7.09942698e-01 6.49358749e-01
    1.93863738e+00 1.70491612e+00 -6.90699697e-01 1.04017103e+00
    6.91847503e-01 6.55040741e-01 1.80853474e+00 -7.44865537e-01
    -1.62620842e-01 5.86973391e-02 -4.32862312e-01 5.38899124e-01
    -1.71934664e-01 1.81459084e-01 -6.08813286e-01 1.55405831e+00
    5.28169751e-01 1.76241851e+00 1.09236550e+00 1.08130431e+00
    1.78191733e+00 2.00558484e-01 1.47192702e-01 1.62461984e+00
    1.35448992e-01 1.14067447e+00 1.32200289e+00 1.10974967e+00
    3.09564233e-01 -4.53414291e-01 6.15587771e-01 1.50071716e+00
    9.97610688e-01 1.77440822e+00 -7.21359372e-01 5.48365295e-01
    -3.27776194e-01 2.48215050e-01 6.04576886e-01 2.02001214e+00
    -8.62072587e-01 -4.42788333e-01 -5.11015177e-01 -3.03796828e-01
    2.69414097e-01 1.43057740e+00 1.12017202e+00 1.23994243e+00
    7.35567570e-01 3.84436995e-01 1.82627761e+00 -6.20978735e-02
    3.83509904e-01 1.56427050e+00 1.81147206e+00 -6.87018454e-01
    -5.52792430e-01 1.67193031e+00 1.00819504e+00 1.00192392e+00
    7.89262950e-01 9.58648741e-01 5.13383329e-01 -9.54694748e-02
    1.70551920e+00 -1.72903791e-01 2.94907838e-01 4.34719682e-01
    -8.45791548e-02 9.80294049e-01 6.80697978e-01 1.27202785e+00
    1.46404696e+00 4.05643940e-01 1.27476585e+00 -8.43321502e-01
    1.52687025e+00 6.86839879e-01 -6.04055703e-01 -2.73014665e-01
    4.26778406e-01 2.33493611e-01 9.00908768e-01 -7.38989115e-01
    1.31633127e+00 -3.16746920e-01 6.96095303e-02 -5.88826239e-01
    -7.52348721e-01 -6.61284685e-01 -7.52486765e-01 6.55859172e-01
    1.72074258e+00 1.60504341e+00 -3.54187697e-01 1.96437657e-01
    8.42348933e-01 1.02544200e+00 -6.07894778e-01 2.94688672e-01
    1.19778490e+00 -5.31862024e-03 -7.88317263e-01 1.36331689e+00
    7.71650076e-01 1.38307452e+00 1.01942396e+00 1.69428480e+00
    4.08318162e-01 1.07208920e+00 8.04859757e-01 9.82535422e-01
    -5.01107931e-01 -7.83613250e-02 1.41999876e+00 4.42312241e-01
    -4.81976688e-01 1.56677926e+00 -9.21106815e-01 1.04839945e+00
    1.20180130e+00 7.59707987e-01 6.10662878e-01 1.43587232e+00
    4.39442337e-01 2.79538315e-02 -2.93765426e-01 -6.26665056e-02
    4.98469651e-01 8.72920811e-01 1.11118233e+00 -2.55633056e-01
    1.33555341e+00 4.66298550e-01 4.52379316e-01 1.01540768e+00
    -2.96269745e-01 1.69608665e+00 5.01276016e-01 1.85535443e+00
    9.31912184e-01 1.05028534e+00 1.24450457e+00 9.64144170e-01
    1.13393176e+00 -2.71814615e-01 9.80121672e-01 1.52654088e+00
    1.88518092e-01 4.56546247e-02 1.05473328e+00 9.20371890e-01
    -8.41220498e-01 1.49527884e+00 1.91095102e+00 -6.07636511e-01
    1.95361942e-01 -1.71356022e-01 -6.39819682e-01 9.10880923e-01
    -8.61964703e-01 6.79874241e-01 1.00507572e-01 -2.10091501e-01
    1.60022163e+00 1.06184781e+00 1.10942614e+00 5.26088536e-01
    -3.39884371e-01 1.00630856e+00 -7.32377589e-01 -6.44088745e-01
    -6.02320254e-01 2.01495290e+00 8.50101650e-01 -5.74327528e-01
    5.49834669e-01 9.93618608e-01 -8.05281639e-01 9.50473130e-01
    6.76106870e-01 -4.17236686e-01 -3.86425614e-01 6.34925365e-01
    -5.82268417e-01 1.13121414e+00 -2.65524983e-01 -7.99052298e-01
    7.38731861e-01 2.62679011e-01 1.64832258e+00 1.57418512e-02
    1.82193071e-01 2.03203249e+00 -5.44486225e-01 -8.99126053e-01
    1.68336523e+00 -8.11707079e-01 6.26624107e-01 6.32779121e-01
    1.37536597e+00 -1.03736699e-01 1.37072170e+00 -7.66375244e-01
    1.34132195e+00 -6.51223838e-01 -6.15446508e-01 1.26378906e+00
    8.80367495e-03 4.67377812e-01 -3.43150198e-01 1.35759091e+00
    -2.47586042e-01 -5.96878409e-01 -9.96638611e-02 4.44611102e-01
    -5.02868652e-01 -7.57831693e-01 3.92538369e-01 6.65316463e-01
    6.57562017e-01 9.72555578e-01 7.37325013e-01 1.20915306e+00
    -6.61992794e-03 -2.96648890e-01 1.64575100e+00 -7.18186140e-01
    5.62722683e-01 1.01468909e+00 1.72128808e+00 -1.29972965e-01
    1.17899501e+00 1.43829036e+00 1.10885344e-01 1.35128200e+00
    1.46930671e+00 -7.75169909e-01 -4.42194134e-01 -2.78511614e-01
    4.96901035e-01 1.67546737e+00 1.31464708e+00 -5.52151799e-01
    1.01054764e+00 -3.48227583e-02 1.35784912e+00 -7.76904672e-02
    -5.35558760e-01 1.86813891e-01 4.88737673e-01 1.28692520e+00
    1.16967463e+00 -5.29675484e-01 6.74232841e-01 1.60088658e+00
    -3.16193134e-01 3.96547407e-01 8.11675429e-01 1.68332720e+00
    1.08552933e+00 5.09677887e-01 -1.53332045e-02 -2.23684877e-01
    -4.79760379e-01 -5.89786053e-01 8.94815475e-02 1.07167029e+00
    1.63202667e+00 -8.34970891e-01 1.71005380e+00 -3.02563161e-01
    -2.32433707e-01 1.50793827e+00 -7.27824986e-01 6.96490943e-01
    1.01857400e+00 5.64878345e-01 1.01416862e+00 5.45725763e-01
    -9.12027597e-01 -2.21211225e-01 1.74861439e-02 4.09498245e-01
    1.36553347e+00 -8.25185239e-01 9.98516798e-01 1.24978912e+00
    4.12196994e-01 6.33136690e-01 1.56685483e+00 -7.49167502e-01
    2.08510324e-01 5.98080754e-01 1.58558917e+00 1.74880314e+00
    8.12079310e-01 1.88011670e+00 1.42262673e+00 -9.00473118e-01
    -1.81598216e-02 -3.34437996e-01 1.80003572e+00 1.20521784e+00
    9.97445285e-01 -6.48394644e-01 -4.58497643e-01 1.86084127e+00
    1.69013882e+00 -2.00570166e-01 1.68716741e+00 4.41823602e-02
    1.15045273e+00 1.44257426e+00 1.46248567e+00 1.66407239e+00
    8.91915977e-01 3.09765339e-02 4.25790519e-01 5.31290233e-01
    -2.33486786e-01 1.96594417e-01 2.81601727e-01 1.18649745e+00
    1.59845424e+00 1.55992436e+00 9.15319026e-01 9.51266468e-01
    4.35750097e-01 -7.58468211e-01 1.20573902e+00 -7.01448858e-01
    1.74150002e+00 1.88117564e+00 9.91320729e-01 -7.51414716e-01
    3.66543800e-01 5.80495596e-01 1.38364947e+00 3.72359246e-01
    9.10514235e-01 -4.75125372e-01 -3.46258551e-01 3.80307883e-01
    -7.63753772e-01 1.67263091e+00 2.09096968e-01 3.50507349e-01
    8.02867353e-01 1.51984000e+00 2.70686835e-01 8.54601264e-01
    3.92540425e-01 1.16313398e+00 1.65724230e+00 2.89568584e-02
    5.17466009e-01 -4.54473235e-02 1.53436422e+00 1.61119747e+00
    1.18017423e+00 -5.31401098e-01 -7.01761127e-01 7.79934287e-01
    -1.97503477e-01 -4.39371377e-01 1.24780223e-01 1.60952672e-01
    1.23492241e+00 3.27439681e-02 4.70477372e-01 -4.03287977e-01
    1.54864025e+00 -6.52494371e-01 1.93218875e+00 8.43345299e-02
    1.74183118e+00 3.64942610e-01 9.00978267e-01 2.17023030e-01
    -3.28500330e-01 -8.21770370e-01 1.78129578e+00 -7.99888894e-02
    3.86327922e-01 -3.50561172e-01 -4.58789170e-01 1.15204692e+00
    -1.39904469e-01 2.44030192e-01 1.39349028e-01 1.37641966e+00
    7.01145530e-01 1.08379555e+00 1.12211943e+00 -6.62924886e-01
    1.83001077e+00 9.39156890e-01 9.49500382e-01 -9.21844840e-01
    3.81984651e-01 -1.50233120e-01 5.37252128e-01 6.65276587e-01
    -4.40367572e-02 1.52822447e+00 -8.02774251e-01 1.07959640e+00
    1.72591984e+00 3.90219659e-01 -2.57234991e-01 3.94025356e-01
    8.65641475e-01 6.06622279e-01 1.56878400e+00 -3.55179727e-01
    1.03223586e+00 -4.29628849e-01 1.39796329e+00 -1.87909305e-01
    1.46887228e-01 1.56088483e+00 8.67521465e-01 -5.88765144e-01
    7.75968134e-02 2.24220604e-01 1.49409902e+00 2.33230904e-01
    1.64110601e+00 1.69274533e+00 4.14362401e-01 4.91599798e-01
    8.82409453e-01 -4.06829357e-01 1.63630986e+00 8.07724297e-01
    1.53091085e+00 -4.18262631e-01 1.00320645e-01 1.06313336e+00
    9.67517436e-01 9.23461914e-01 -8.17412853e-01 1.58915257e+00
    1.44140482e+00 2.65687555e-01 1.92268595e-01 1.29750109e+00
    -4.83141951e-02 1.73847765e-01 4.24871475e-01 6.39825642e-01
    -6.11079454e-01 9.61278260e-01 -6.41820207e-02 1.73692989e+00
    -5.85717857e-01 1.86406422e+00 1.73210084e+00 5.70226431e-01
    1.06267226e+00 -6.36841536e-01 -5.46007991e-01 9.76880670e-01
    -8.96614730e-01 1.29563248e+00 -9.31090832e-01 1.09627688e+00
    1.26272309e+00 1.83457148e+00 1.57662785e+00 -2.69473791e-01
    -2.68670052e-01 -1.18887369e-02 3.88078243e-01 -7.12001860e-01
    -8.44765604e-01 4.25881922e-01 -4.64823723e-01 9.59773064e-01
    1.26577592e+00 7.24199772e-01 -2.49448448e-01 8.76065075e-01
    1.16201210e+00 5.01282752e-01 1.60029721e+00 1.41268146e+00
    -9.78899240e-01 1.52432859e+00 1.20632565e+00 1.71578199e-01
    7.36317635e-01 1.79795456e+00 -5.70404291e-01 1.02824688e+00
    3.24009627e-01 -2.76398897e-01 -4.00453150e-01 1.58382034e+00
    1.27287507e+00 -3.34960431e-01 8.25962052e-02 1.16699195e+00
    -5.25831044e-01 -8.34793687e-01 9.03383866e-02 6.89391673e-01
    1.14434028e+00 -1.86825231e-01 1.23199761e+00 -2.18053848e-01
    1.82718086e+00 -2.41797119e-01 -6.89673722e-01 -8.02010894e-01
    1.89706445e+00 6.55230224e-01 1.34861612e+00 5.50484776e-01
    1.14787805e+00 1.10627925e-02 4.07920927e-01 1.01086438e+00
    1.16864491e+00 1.52488863e+00 -7.78783023e-01 -6.27198279e-01
    1.20641172e+00 -4.34350401e-01 1.25546777e+00 1.19410956e+00
    8.89639139e-01 1.30120885e+00 4.00199860e-01 1.51243532e+00
    -8.52531314e-01 1.84355152e+00 1.46247268e+00 -8.28593910e-01
    3.57494086e-01 -6.51638269e-01 1.05514109e+00 -7.38973916e-01
    7.10292697e-01 1.82260537e+00 1.91862237e+00 -8.88248801e-01
    4.52479631e-01 -7.11308956e-01 -5.95670603e-02 -1.14743352e-01
    1.11159110e+00 8.88765275e-01 1.08368671e+00 9.88666415e-01
    -5.10372698e-01 1.15747988e+00 -2.92209536e-02 7.06333518e-01
    5.86014211e-01 6.95615768e-01 6.29518390e-01 6.52251720e-01
    1.27675533e+00 1.04740751e+00 6.98497891e-01 -7.39933789e-01
    1.08238183e-01 -4.31909472e-01 1.32125163e+00 1.28911436e+00
    2.02323526e-01 -4.03474778e-01 -7.00144172e-01 6.52157605e-01
    1.41670108e+00 4.62543845e-01 5.72389662e-01 1.73066035e-01
    1.52745366e+00 1.34230956e-01 1.93877429e-01 4.59915936e-01
    -5.05407870e-01 -3.33571494e-01 7.84424305e-01 -9.40063000e-01
    1.24115586e+00 -1.74383387e-01 1.82745028e+00 6.55753553e-01
    5.40806890e-01 -2.08897993e-01 1.48128724e+00 1.27781034e+00
    1.18489301e+00 1.60330009e+00 1.23123205e+00 -1.21355399e-01
    1.66503310e+00 2.39285365e-01 7.62313008e-01 1.81259468e-01
    7.22569048e-01 8.07630956e-01 7.59592295e-01 -9.40395832e-01
    9.15819466e-01 4.47457582e-01 -5.71059644e-01 1.90319288e+00
    1.46299636e+00 9.20767128e-01 1.40885305e+00 1.45573705e-01
    -2.03601405e-01 1.75335777e+00 1.66794479e+00 1.15874159e+00
    1.73692203e+00 6.10600054e-01 1.86285615e+00 -2.02630863e-01
    2.86353156e-02 1.21945500e+00 1.73819292e+00 2.31024250e-01
    -3.91648663e-03 7.55655169e-01 3.45400453e-01 -5.95129073e-01
    -5.65776587e-01 -3.90869796e-01 -9.25228477e-01 -2.57292777e-01
    8.83658350e-01 2.00320959e+00 8.34699810e-01 1.41496265e+00
    3.21737349e-01 -7.69056320e-01 6.89465702e-01 1.00168586e+00
    -5.77832401e-01 1.39850390e+00 1.63828790e+00 -1.58857465e-01
    -2.53302544e-01 -1.06228724e-01 5.04216969e-01 -7.37254381e-01
    1.02168655e+00 1.85981715e+00 1.20694959e+00 1.90783560e+00
    1.25750291e+00 -4.31124061e-01 1.69582534e+00 -1.80040058e-02
    7.73850903e-02 6.06802106e-01 6.70243800e-01 1.56390297e+00
    4.22032267e-01 1.69439912e+00 -3.84537846e-01 1.87175214e+00
    5.88170409e-01 -8.94158304e-01 1.00050521e+00 1.02465665e+00
    1.47439003e+00 -6.71130598e-01 1.50928581e+00 5.71081817e-01
    1.90231013e+00 -6.02949798e-01 -1.19261086e-01 7.92918742e-01
    1.49915659e+00 1.01952863e+00 3.01844358e-01 -7.39868820e-01
    5.76702356e-01 -3.17139506e-01 -4.22182173e-01 8.94088030e-01
    1.22389603e+00 1.68154931e+00 1.87135369e-01 2.23283634e-01
    1.60605645e+00 1.30598962e-01 -8.77275225e-03 2.15540931e-01
    2.72438616e-01 -7.51110375e-01 1.12089896e+00 1.63711980e-01
    -3.87036681e-01 -8.28237355e-01 -7.14061916e-01 -4.47804987e-01
    1.32056546e+00 1.62888443e+00 -8.59277248e-01 1.50141084e+00
    1.00281560e+00 1.22258914e+00 2.69982368e-01 1.53247583e+00
    1.91580161e-01 1.48692977e+00 -7.40057826e-01 -6.24776669e-02
    5.07904030e-03 1.87031734e+00 3.15071754e-02 -3.07022393e-01
    -5.19088805e-01 5.47787189e-01 -5.78783631e-01 7.69289672e-01
    1.63200095e-01 1.05392849e+00 -8.41104507e-01 -3.76796901e-01
    -5.70963800e-01 4.70150948e-01 1.48604030e-03 1.22274506e+00
    1.53455162e+00 7.84048140e-02 1.08947825e+00 -1.08031854e-01
    4.69262637e-02 9.36691403e-01 5.97131908e-01 -5.54323673e-01
    -4.02228653e-01 1.86386144e+00 9.04639781e-01 1.85593927e+00
    -5.36560595e-01 1.52523625e+00 -2.09450409e-01 -2.64082342e-01
    -2.96768308e-01 -4.98175919e-01 1.58077568e-01 1.27299917e+00
    1.80696177e+00 -8.40261340e-01 1.03928670e-01 1.22534022e-01
    -5.95707595e-01 1.68211973e+00 2.75605917e-01 -5.91126740e-01
    1.37341559e+00 1.47472069e-01 4.01093274e-01 -7.23587871e-02
    1.14777863e+00 1.67642510e+00 -2.11264834e-01 -3.64632308e-01
    3.46576154e-01 1.66440082e+00 1.53998244e+00 9.57633257e-01
    -3.90551180e-01 1.02677131e+00 2.24099368e-01 1.48455393e+00
    1.69530177e+00 -7.08840847e-01 1.22993171e+00 1.78259134e+00
    8.24218035e-01 1.84804350e-01 -6.83098257e-01 1.16376400e+00
    1.13051724e+00 -4.17300254e-01 -6.96832001e-01 1.26090229e+00
    1.43119252e+00 3.29274118e-01 1.16943479e+00 4.24137890e-01
    2.75063008e-01 -8.39340866e-01 9.03524458e-01 -1.60992131e-01
    6.45895481e-01 6.48691177e-01 3.02754223e-01 2.21898347e-01
    6.70372665e-01 7.59706914e-01 1.40325773e+00 -4.19367611e-01
    8.22244465e-01 6.20777071e-01 -1.77340060e-01 -1.31655216e-01
    -5.38938582e-01 -5.26180685e-01 1.59255743e+00 7.71658063e-01
    9.87946272e-01 9.69643056e-01 -7.81351507e-01 7.24528611e-01
    -6.27114475e-01 -5.59342682e-01 -4.76376563e-01 1.42691135e+00
    1.12860143e+00 1.52936685e+00 -7.01173544e-01 -2.92541385e-01
    1.65176737e+00 1.27953744e+00 -9.43536609e-02 6.19465530e-01
    1.89207339e+00 1.05403316e+00 1.35674012e+00 -6.60315871e-01
    2.21644137e-02 1.85196269e+00 -1.08092479e-01 8.60481083e-01
    1.52557179e-01 8.64507556e-01 3.92186165e-01 1.16086757e+00
    6.13259017e-01 -4.80769902e-01 2.22674701e-02 1.04702032e+00
    8.09426308e-01 4.68145549e-01 1.01073302e-01 1.83644056e+00
    1.30193985e+00 -8.14613044e-01 1.57375634e+00 -8.13292801e-01
    7.29560554e-01 1.02147913e+00 -7.17133358e-02 8.62264168e-03
    -1.05146401e-01 -1.78984702e-01 1.22302866e+00 6.96130037e-01
    -5.45379758e-01 -4.77485716e-01 1.36735246e-01 9.91183996e-01
    -3.07961047e-01 -5.75401843e-01 -1.95350841e-01 -7.03753889e-01
    1.21834862e+00 1.28603256e+00 3.87194991e-01 1.53793883e+00
    1.09360158e+00 5.28320014e-01 1.75128222e-01 1.04132092e+00
    -6.26808524e-01 3.22099440e-02 1.37588668e+00 -7.49978483e-01
    -5.25452495e-01 8.00130844e-01 8.65800619e-01 -1.26597166e-01
    2.05931276e-01 4.95548278e-01 1.64497566e+00 -2.96648443e-01
    1.43519735e+00 1.46007419e+00 -7.82519639e-01 -2.86595106e-01
    1.54585576e+00 3.66989970e-01 8.18147540e-01 1.14888263e+00
    1.20281351e+00 -3.13586295e-01 -5.32097399e-01 1.28546679e+00
    1.93398857e+00 1.29309371e-01 6.85027242e-01 -6.26281202e-01
    -1.41035512e-01 -2.07975030e-01 -8.25978592e-02 9.91981998e-02
    1.95797849e+00 -4.41410989e-01 1.93658757e+00 6.01596296e-01
    -8.81157815e-01 3.16789806e-01 2.84852803e-01 1.05423830e-01
    -9.31296274e-02 2.79053122e-01 -4.52044576e-01 1.54952633e+00
    1.56609726e+00 8.50253329e-02 8.29485714e-01 6.25152826e-01
    3.01036865e-01 -7.58004129e-01 -2.84058809e-01 6.83400929e-02
    -9.39906463e-02 1.97191119e+00 5.65637827e-01 -2.06938162e-01
    -7.90014207e-01 7.47399688e-01 -4.22489554e-01 4.91432041e-01
    -3.25580448e-01 1.56878948e-01 7.39674807e-01 5.94651699e-01
    -4.14635211e-01 -3.15491736e-01 2.16838762e-01 1.87087142e+00
    -4.17645961e-01 -7.62684941e-01 -6.22102082e-01 2.17803344e-01
    1.82269943e+00 1.28125656e+00 9.31705177e-01 1.57938421e+00
    1.21089943e-01 8.36491227e-01 -6.98896945e-01 5.74531332e-02
    5.17663002e-01 9.86400425e-01 -8.09499025e-02 1.79702079e+00
    7.05864668e-01 -2.28873625e-01 1.38079202e+00 7.71218300e-01
    -2.23697677e-01 1.84456694e+00 6.11139417e-01 7.90132701e-01
    6.80519998e-01 -4.58104134e-01 -7.32983649e-01 1.15872490e+00
    6.62473559e-01 5.36013126e-01 1.17810774e+00 1.17636073e+00
    1.49438059e+00 1.29151475e+00 1.78048325e+00 1.72241712e+00
    -5.80170035e-01 1.54884803e+00 1.47546017e+00 -6.88100755e-01
    1.88340235e+00 1.16129719e-01 9.85137582e-01 -5.66167653e-01
    1.13593221e+00 1.03351009e+00 1.36458647e+00 4.43114519e-01
    7.23028779e-01 1.20180476e+00 1.03089452e+00 6.76944911e-01
    1.13840032e+00 -7.81908989e-01 1.27130044e+00 4.48192954e-01
    1.56137359e+00 -6.99168444e-01 5.11909783e-01 6.13260806e-01
    5.53956628e-01 -8.02071154e-01 1.99083865e+00 5.61691761e-01
    5.53782463e-01 5.44972122e-01 -2.58636236e-01 5.11388242e-01
    -5.21362185e-01 -3.29456538e-01 1.66773546e+00 6.07114851e-01
    5.58640242e-01 1.20741034e+00 1.50192869e+00 -6.56927824e-01
    1.03948939e+00 2.54926950e-01 2.78384715e-01 -3.08348596e-01
    1.44958210e+00 -6.47433043e-01 -1.81323066e-01 1.56966650e+00
    4.85527396e-01 6.37427092e-01 5.47105789e-01 -5.44976592e-01
    -4.38879162e-01 -6.94635808e-01 5.85518718e-01 5.93015552e-01
    6.28612518e-01 -8.65443349e-02 -5.38425803e-01 1.28696978e+00
    9.54334795e-01 1.32554984e+00 5.90578437e-01 1.45835674e+00
    -9.52162683e-01 1.40870464e+00 -4.11284417e-01 -7.90248930e-01
    -6.04915082e-01 1.56345546e+00 1.77652061e+00 -7.77756870e-01
    -1.16308734e-01 5.90159833e-01 9.06173408e-01 2.68320471e-01
    4.96246129e-01 5.62492013e-01 1.40050578e+00 8.97986814e-02
    1.99487627e+00 -8.20752978e-01 -9.28747952e-02 9.38099444e-01
    7.02964842e-01 4.05302554e-01 5.73909171e-02 6.95103467e-01
    1.91357028e+00 1.34809005e+00 9.61060822e-01 -4.73813355e-01
    -1.55787408e-01 1.28459120e+00 1.46131921e+00 -9.10877585e-01
    1.44269630e-01 1.74017623e-01 1.41053748e+00 8.57953131e-01
    1.23488116e+00 4.02877539e-01 1.45338833e+00 -8.72880042e-01
    1.01230788e+00 1.65148592e+00 1.23612583e+00 6.17253423e-01
    4.93811518e-02 8.16246152e-01 5.66366613e-01 1.05720901e+00
    9.01391566e-01 -8.45785916e-01 1.61140764e+00 1.66732562e+00
    7.53253222e-01 -7.76467696e-02 -5.39103210e-01 4.83186781e-01
    -7.91435599e-01 7.33201057e-02 1.15689743e+00 -6.37092769e-01
    -5.70264459e-01 -1.99153826e-01 -6.12808704e-01 1.17352223e+00
    1.27935374e+00 -1.46129087e-01 9.01687205e-01 7.87691891e-01
    4.56772774e-01 -1.23004559e-02 1.36786914e+00 -1.75942048e-01
    1.66739297e+00 8.59811783e-01 -6.40987828e-02 -3.59380871e-01
    1.71864843e+00 1.44264889e+00 5.07581830e-01 4.21013862e-01
    1.43135607e+00 -1.00290179e+00 1.36302367e-01 -6.37352109e-01
    1.30734968e+00 1.96889490e-01 7.60841742e-02 8.58907223e-01
    -5.01488566e-01 -9.26898956e-01 1.34820318e+00 1.29506326e+00
    1.75475073e+00 3.98776710e-01 1.38699019e+00 1.89022481e+00
    1.29968733e-01 -1.18172131e-01 4.79373693e-01 9.52649713e-01
    -5.05111992e-01 -8.73761892e-01 -8.34376037e-01 8.73453081e-01
    3.68716806e-01 1.62515152e+00 4.95170802e-02 -5.59796572e-01
    -5.55715799e-01 2.41991252e-01 8.20719123e-01 9.52948928e-01
    -2.52852216e-02 1.41296184e+00 1.18851268e+00 -8.74074221e-01
    9.60247397e-01 7.62557387e-01 9.28549409e-01 7.41281688e-01
    -9.04248178e-01 1.25808001e-03 -3.78936142e-01 -6.87086523e-01
    -4.27407265e-01 -5.20698369e-01 6.42253995e-01 -1.10038474e-01
    5.47079146e-01 4.76046115e-01 -5.53318501e-01 1.29805982e+00
    -6.62000418e-01 -5.81198037e-01 -2.05622464e-02 6.51436269e-01
    1.47316182e+00 -8.95775139e-01 3.74267340e-01 1.48007965e+00
    8.27039659e-01 -6.07274592e-01 1.69818670e-01 -3.55618119e-01
    1.05106831e+00 -1.75326243e-02 -3.42677146e-01 1.24615288e+00
    -1.43758535e-01 -5.14290273e-01 1.96790802e+00 -1.19208775e-01
    -2.27106348e-01 1.10787761e+00 3.94230783e-01 5.57431698e-01
    7.12381423e-01 -4.60401773e-01 1.16951704e+00 3.70981008e-01
    7.54263639e-01 -4.79532093e-01 5.56145132e-01 -2.09335014e-01
    6.85256422e-01 1.81644309e+00 5.23810804e-01 1.92922965e-01
    1.05943859e+00 -7.46709466e-01 -2.05227181e-01 -6.96829379e-01
    1.48088145e+00 -2.84692347e-01 1.83547974e+00 3.49191666e-01
    1.13695168e+00 2.44214967e-01 -1.62635103e-01 -4.47732568e-01
    1.52479172e+00 4.93430644e-01 7.46891439e-01 -5.75118482e-01
    -6.48778379e-02 1.12958133e+00 3.13307375e-01 1.20820731e-01
    1.84602499e-01 -5.35654008e-01 9.46454331e-02 1.10497236e+00
    -3.41397196e-01 1.40612984e+00 1.99821734e+00 7.32401967e-01
    4.61902201e-01 4.70155239e-01 1.57029045e+00 1.46402943e+00
    -4.18912679e-01 -4.34893250e-01 1.14539504e-01 1.78025508e+00
    -8.61035109e-01 7.38812447e-01 7.86515027e-02 -3.43238831e-01
    6.28093854e-02 1.02733445e+00 -2.57262170e-01 -3.29053521e-01
    1.80821228e+00 -1.12782203e-01 1.51040339e+00 4.32170540e-01
    -4.83458847e-01 1.36569500e+00 1.03508234e+00 -8.41017663e-01
    2.51595050e-01 8.55192959e-01 -3.98870438e-01 1.01954544e+00
    -4.87172753e-01 9.20490623e-01 1.44816518e-01 6.22841060e-01
    1.95998400e-01 1.22694647e+00 1.33202350e+00 1.13838840e+00
    -4.92347553e-02 2.97101140e-01 1.28321254e+00 1.25141215e+00
    1.42031506e-01 1.07311451e+00 -7.12731123e-01 7.15503871e-01
    1.53974414e+00 -5.25112510e-01 -8.06380808e-02 1.53750324e+00
    -5.60776770e-01 4.92930561e-01 -7.27224112e-01 1.38634467e+00
    1.54886663e+00 -6.12597108e-01 1.83632171e+00 -3.41704756e-01
    9.60483432e-01 -6.86164379e-01 -4.08740729e-01 -5.35406828e-01
    -7.19906330e-01 1.75368631e+00 -1.53846994e-01 7.43825853e-01
    -4.66117620e-01 -3.12436700e-01 2.64418423e-01 3.28209549e-01
    1.42854023e+00 1.10800874e+00 -7.00391233e-01 6.11227095e-01
    2.10786104e-01 1.32305074e+00 -5.89867234e-01 3.58084500e-01
    -3.01682979e-01 1.16962075e-01 -4.96050686e-01 1.25478134e-01
    5.86460769e-01 1.53837478e+00 -2.68627852e-01 1.20934534e+00
    4.07232642e-01 1.92303777e+00 8.60724151e-02 6.46097600e-01
    7.81844020e-01 1.22725904e+00 4.63106781e-01 7.73224413e-01
    -2.45328546e-01 1.89217818e+00 2.45854601e-01 8.00799370e-01
    7.20223039e-02 3.52451354e-01 1.32398915e+00 -6.87939942e-01
    1.37956202e+00 1.37797987e+00 -3.82784277e-01 1.61215210e+00
    -7.65837908e-01 -7.40234971e-01 7.63910115e-01 8.59832525e-01
    1.19795012e+00 -5.44491231e-01 2.30378404e-01 2.24859983e-01
    -6.26543343e-01 1.71108341e+00 1.86023164e+00 -9.60525036e-01
    -6.85141146e-01 1.44312572e+00 3.08504701e-01 2.66461689e-02
    6.86580896e-01 4.20711696e-01 -6.45809025e-02 1.50432539e+00
    1.14493787e+00 7.89514184e-01 4.35822487e-01 -8.11910555e-02
    1.33760595e+00 -1.37049422e-01 -6.55389845e-01 1.75994515e-01
    1.83623087e+00 -4.69426751e-01 9.00052071e-01 1.05871165e+00
    -9.33191717e-01 8.01142275e-01 5.47137320e-01 1.58092499e+00
    3.23806107e-01 6.72338128e-01 1.18063426e+00 -1.74918219e-01
    1.07806957e+00 1.55606067e+00 2.20489413e-01 1.05880487e+00
    1.21245587e+00 1.26665306e+00 -6.21482372e-01 -9.64378238e-01
    1.61876333e+00 1.44504321e+00 8.45827103e-01 7.65243769e-01
    -2.50144511e-01 1.63234830e+00 -3.17065716e-01 -8.39869261e-01
    8.75359416e-01 6.56647384e-01 8.72481093e-02 3.80192518e-01
    -6.16823852e-01 -4.36220348e-01 1.87003541e+00 -6.74152315e-01
    -3.48705620e-01 4.88684744e-01 -4.76886928e-01 7.47268081e-01
    3.58719289e-01 1.84082448e+00 1.59155881e+00 -2.11237758e-01
    7.04348087e-01 -3.26221138e-01 3.36668134e-01 1.84348965e+00
    6.25844359e-01 1.84841061e+00 -7.79335618e-01 -5.47025502e-01
    -7.39004076e-01 4.69348609e-01 4.03490663e-01 4.18904990e-01
    1.20349467e+00 1.75323999e+00 1.30715394e+00 -2.90103823e-01
    -4.88860190e-01 1.40147424e+00 3.08624417e-01 1.83083725e+00
    1.08376312e+00 1.18370795e+00 1.36809719e+00 1.35440397e+00
    1.05281734e+00 1.32605404e-01 9.33883548e-01 -2.46301014e-02
    1.27957630e+00 -2.59349868e-02 -2.68422365e-01 3.57090533e-01
    6.05744243e-01 -8.06993306e-01 -7.75936663e-01 -3.71073693e-01
    8.23973954e-01 -3.24277133e-01 1.62367612e-01 4.06526685e-01
    3.08779061e-01 4.52116221e-01 1.52127099e+00 -8.20743740e-02
    1.18979335e+00 6.30785286e-01 5.26299357e-01 1.36407280e+00
    -4.93576407e-01 1.15514326e+00 1.75827201e-02 1.57388985e+00
    -1.01969928e-01 1.95232344e+00 1.28982437e+00 -5.05919456e-01
    1.69758868e+00 8.46682191e-01 7.39773571e-01 3.85669768e-01
    -7.20935464e-01 -1.79312930e-01 -9.29852903e-01 2.73294181e-01
    8.02348971e-01 1.50111914e-01 1.60219753e+00 1.10835171e+00
    1.21093345e+00 9.13449943e-01 9.24881637e-01 1.64496887e+00
    1.22210312e+00 9.85954702e-01 1.46310258e+00 -2.13184670e-01
    1.88186303e-01 -5.96914709e-01 -6.21949911e-01 1.35597616e-01
    1.46809673e+00 3.84077668e-01 1.10997498e+00 -5.03946245e-01
    1.42295074e+00 -3.34241003e-01 -4.88988638e-01 1.14422369e+00
    1.52581298e+00 -6.39916539e-01 4.05540347e-01 -9.11836207e-01
    -8.68156910e-01 1.48287082e+00 -7.65004754e-02 -7.15007335e-02
    4.10995930e-01 1.82812703e+00 1.03906786e+00 -6.91106439e-01
    8.37580025e-01 6.17843419e-02 7.55651891e-01 -5.25706634e-02
    5.27989686e-01 1.49964666e+00 -1.99491438e-02 1.10960686e+00
    1.03375947e+00 4.53043342e-01 1.05366099e+00 -4.24516946e-01
    5.60615301e-01 -4.10390586e-01 1.63522112e+00 -6.59303293e-02
    4.98193093e-02 4.66605991e-01 7.60866463e-01 -1.60640448e-01
    1.12750173e+00 8.90979767e-01 1.69967782e+00 2.31157374e-02
    1.35474277e+00 -8.91175151e-01 1.77815938e+00 1.67593330e-01
    1.83898365e+00 6.37858331e-01 -3.44728976e-02 3.25744241e-01
    7.27449477e-01 1.08890224e+00 -2.55728692e-01 1.27044368e+00
    -7.54692376e-01 -6.25729918e-01 -1.55511886e-01 -7.93250918e-01
    1.60441828e+00 2.73584008e-01 5.92069149e-01 -6.89381063e-02
    8.69691014e-01 -1.05143718e-01 1.87152433e+00 -1.67304054e-01
    1.02473223e+00 1.12408280e+00 1.43195605e+00 -8.31912100e-01
    -9.23559964e-01 2.93729663e-01 4.18833315e-01 1.08853507e+00
    1.40361094e+00 8.71935725e-01 1.92259109e+00 1.68243289e+00
    -3.03659350e-01 2.64425278e-01 1.44939613e+00 1.12562907e+00
    -2.43696392e-01 -5.10544181e-01 3.04748267e-01 5.89050874e-02
    1.90179110e+00 5.60669243e-01 4.13162589e-01 1.11151922e+00
    -7.58077621e-01 -3.51458490e-02 -5.66600740e-01 -4.67701405e-01
    -8.33964765e-01 -6.29380107e-01 1.12798738e+00 1.92622602e+00
    -8.14285398e-01 1.88605809e+00 4.48609650e-01 7.99763083e-01
    -7.58625031e-01 7.68117964e-01 -4.55374002e-01 2.75094390e+00
    1.86015821e+00 -7.33730137e-01 1.82691145e+00 4.96778846e-01
    -9.07390118e-01 1.42738497e+00 -3.80533069e-01 8.51472095e-02
    1.32103562e+00 -1.77095547e-01 1.89695871e+00 1.19003832e+00
    1.04726243e+00 1.84045243e+00 7.08985478e-02 1.80853128e+00
    1.07819045e+00 -8.64396393e-01 1.32859433e+00 6.88684225e-01
    -8.45331430e-01 1.68425846e+00 1.58628905e+00 -1.45315453e-01
    4.09333766e-01 3.89315151e-02 1.56375730e+00 9.92450655e-01
    1.16141963e+00 -8.76626253e-01 1.26894210e-02 5.67011952e-01
    8.55996609e-01 1.45745468e+00 -5.49237132e-01 -8.84904489e-02
    -9.83903408e-01 4.71700877e-01 -8.82945240e-01 1.40503275e+00
    5.97611427e-01 1.57253075e+00 -4.80240136e-01 1.58457947e+00
    -9.56214309e-01 7.75247216e-01 4.02143687e-01 1.42485833e+00
    1.05207264e+00 -6.80407405e-01 -5.74129760e-01 9.85630214e-01
    9.38385427e-01 1.87219989e+00 1.57326353e+00 -1.39561504e-01
    6.39420390e-01 3.98467422e-01 1.58979535e+00 -7.03856707e-01
    2.48773247e-01 1.39873290e+00 -5.70301294e-01 -8.51775587e-01
    3.20526958e-01 7.19597518e-01 3.12744319e-01 1.83149666e-01
    -8.47556472e-01 -6.11567140e-01 9.95593846e-01 1.14015371e-01
    3.84867698e-01 -5.38944185e-01 2.26640934e-03 1.77501464e+00
    1.45950150e+00 -4.69145626e-01 -9.33719575e-01 1.23125863e+00
    9.30792868e-01 8.78837168e-01 9.23142970e-01 3.00173312e-01
    -8.61048222e-01 1.01755047e+00 -8.21078241e-01 -8.69918287e-01
    -4.67690527e-01 1.24647748e+00 -7.19719291e-01 1.03706932e+00
    8.87679696e-01 -5.84898233e-01 1.33354560e-01 1.82192877e-01
    6.09912634e-01 1.67055416e+00 -1.79336712e-01 1.85471013e-01
    1.27711833e-01 7.13424981e-01 6.23968780e-01 1.62542772e+00
    1.17184901e+00 -4.60329294e-01 5.52587271e-01 1.29503250e+00
    -5.76845892e-02 5.61619818e-01 4.31441367e-01 3.76001894e-01
    3.84689927e-01 1.47948432e+00 9.35147554e-02 8.26300025e-01
    -6.50413752e-01 1.10679793e+00 -6.95701778e-01 -5.66395283e-01
    7.44225562e-01 1.19711030e+00 -7.71882772e-01 2.06036747e-01
    1.88538611e+00 -2.92757690e-01 1.69430518e+00 1.30632007e+00
    -8.61852705e-01 -8.62868726e-02 1.54484451e+00 4.25842375e-01
    -1.94028825e-01 -7.19111562e-01 2.48935342e-01 5.87823868e-01
    -3.17867637e-01 6.42846346e-01 1.90594774e-02 1.70207238e+00
    -6.06268466e-01 2.43440002e-01 1.68904591e+00 1.61083794e+00
    -2.08815992e-01 -1.66967645e-01 1.97424680e-01 1.57474792e+00
    1.86153695e-01 -5.91632605e-01 5.61388791e-01 -6.95629239e-01
    2.47561827e-01 1.15391743e+00 1.13808179e+00 7.59049281e-02
    -4.72704262e-01 1.40727818e+00 -1.82595894e-01 -7.24872470e-01
    4.12389576e-01 1.76567435e+00 -1.48079425e-01 4.52978730e-01
    -6.83358848e-01 9.60287359e-03 -5.22560716e-01 5.59730947e-01
    -4.65526402e-01 -6.64408028e-01 1.95898223e+00 -6.67544305e-01
    1.92233360e+00 2.51519270e-02 4.71614271e-01 -8.35765302e-01
    1.86801803e+00 9.90769923e-01 6.77850664e-01 1.38955973e-02
    5.21536350e-01 -4.09817010e-01 -3.01741511e-01 1.92999929e-01
    3.51121306e-01 7.47277737e-01 1.05000842e+00 8.16384614e-01
    -2.00734511e-02 5.85941792e-01 5.20220935e-01 1.58171117e+00
    -2.80845761e-01 1.26456797e+00 1.63364732e+00 1.16674232e+00
    1.32746148e+00 5.64303175e-02 1.40677941e+00 2.62796044e-01
    -3.22556317e-01 -7.46922314e-01 -7.67223954e-01 -2.08498105e-01
    7.53793836e-01 1.26342928e+00 6.88923538e-01 7.00199962e-01
    5.69320330e-03 -5.43915153e-01 1.01025438e+00 1.96277487e+00
    1.80037928e+00 5.03200769e-01 7.14691162e-01 -4.16179240e-01
    1.82966232e+00 8.77454579e-02 -9.56066012e-01 1.92312372e+00
    1.44175029e+00 -6.51485026e-01 3.84518564e-01 1.33724880e+00
    1.62221789e+00 -7.04377815e-02 1.43689370e+00 1.36854851e+00
    -3.90011609e-01 1.89229488e+00 1.56692636e+00 1.26786029e+00
    1.08939314e+00 5.45764267e-02 4.48111504e-01 -9.01313782e-01
    -6.10706389e-01 6.91216663e-02 -5.77953875e-01 8.84078264e-01
    1.81021318e-01 1.79368544e+00 4.89328444e-01 -8.32037628e-01
    8.57990831e-02 -9.79359299e-02 -7.72613108e-01 1.04276776e+00
    -5.20547807e-01 2.60945916e-01 1.83552182e+00 -1.40478581e-01
    6.86041296e-01 1.52323580e+00 1.00532460e+00 1.37011123e+00
    -2.04811588e-01 -8.86601448e-01 1.94758022e+00 -2.03965232e-01
    1.74369264e+00 1.00065994e+00 -3.57685298e-01 1.38944352e+00
    1.88477564e+00 2.75748968e-01 1.40116513e+00 1.78735852e+00
    8.14122379e-01 1.01420474e+00 1.03108978e+00 1.76934350e+00
    -6.43961251e-01 1.53462839e+00 5.66921234e-01 4.15257931e-01
    -6.91919148e-01 -6.47078097e-01 1.37490034e-01 1.00861633e+00
    3.16786289e-01 -9.59930062e-01 -4.33268785e-01 1.62610126e+00
    6.26550257e-01 4.76433754e-01 6.56979382e-01 1.08025026e+00
    -2.36437753e-01 7.75465548e-01 5.39348066e-01 -2.65150547e-01
    -2.79089034e-01 1.71290708e+00 5.25082886e-01 -2.25871816e-01
    1.16675997e+00 -3.18863720e-01 2.16535538e-01 2.38296852e-01
    1.12997460e+00 -6.54062271e-01 1.76318896e+00 1.65382493e+00
    -7.45154321e-01 7.67491043e-01 1.64901018e+00 -8.59663844e-01
    1.19161439e+00 1.49144006e+00 1.63547266e+00 7.05183625e-01
    7.22766444e-02 8.02942932e-01 3.19083661e-01 1.40238082e+00
    1.73498011e+00 -7.91814923e-01 -7.48866916e-01 3.30239594e-01
    1.24300754e+00 1.42782164e+00 -6.07516110e-01 6.35937452e-02
    -8.60533655e-01 1.49532735e+00 4.38057333e-02 1.35211086e+00
    -4.30588841e-01 1.78446984e+00 1.16989970e+00 -1.06546663e-01
    -5.60864747e-01 -2.40903333e-01 1.70755970e+00 1.40874338e+00
    -1.49329439e-01 -9.42274809e-01 1.73645973e+00 -5.23096323e-01
    2.24231735e-01 9.37751532e-01 1.05486524e+00 2.45685086e-01
    7.29130268e-01 1.77743196e-01 1.34683204e+00 -4.07831311e-01
    1.86508429e+00 9.45734024e-01 1.52187312e+00 1.55914259e+00
    3.21872652e-01 2.79011965e-01 6.43242419e-01 1.55817950e+00
    1.56648052e+00 -3.27988416e-01 1.01500940e+00 -1.49376407e-01
    1.89982212e+00 -1.27373278e-01 -2.61821836e-01 2.47844115e-01
    2.86343088e-03 8.17108214e-01 1.56152177e+00 3.59584801e-02
    6.20613515e-01 4.88036126e-01 7.09996164e-01 -6.77498817e-01
    1.93801737e+00 1.68615973e+00 1.41580451e+00 -1.94867790e-01
    -2.58442760e-01 -8.33992004e-01 -9.12547171e-01 1.07695889e+00
    -5.83226323e-01 -5.26833117e-01 1.23424804e+00 -3.45441997e-02
    -9.24508810e-01 2.33635381e-01 9.95585918e-01 1.03271019e+00
    1.96391857e+00 -2.23618839e-02 -4.12501872e-01 1.31535757e+00
    6.02213740e-01 1.07293332e+00 1.50088847e+00 7.21938014e-01
    2.14355797e-01 4.16856520e-02 7.60017931e-01 9.47258770e-02
    1.18177462e+00 1.37591326e+00 1.93497211e-01 -2.01377407e-01
    4.82827306e-01 -3.06188762e-01 1.14562249e+00 -1.54977068e-01
    3.28089327e-01 1.63463962e+00 9.04973745e-01 1.18484950e+00
    6.67241096e-01 -5.18038264e-03 1.36058474e+00 6.84345186e-01
    1.77738297e+00 1.41637015e+00 -5.22348940e-01 4.52770770e-01
    1.86771441e+00 1.19657409e+00 1.27533889e+00 -6.65475428e-01
    1.90372777e+00 1.61527944e+00 -3.03473532e-01 5.63880801e-02
    1.44115865e+00 5.21108866e-01 2.41985008e-01 -1.39757827e-01
    1.75555360e+00 9.10969019e-01 5.35838306e-01 4.26327676e-01
    8.78493190e-01 1.58821058e+00 -1.02667868e+00 7.48997688e-01
    9.66426909e-01 1.72668323e-01 -6.29126549e-01 1.63096988e+00
    3.99682015e-01 -5.73376417e-01 5.66757739e-01 1.26604414e+00
    -7.91856289e-01 1.75975227e+00 1.50956786e+00 1.31918478e+00
    1.78655088e+00 -1.02572009e-01 1.01679993e+00 -7.02594876e-01
    1.29640257e+00 1.51718748e+00 4.11001265e-01 1.25822341e+00
    -3.31581384e-01 1.59568524e+00 4.82550055e-01 6.93370223e-01
    1.49209213e+00 1.81254363e+00 -1.45937219e-01 1.41749430e+00
    1.37218273e+00 1.19291830e+00 -3.17460984e-01 -1.99865073e-01
    6.21833742e-01 1.19197977e+00 -3.48306417e-01 -1.98088229e-01
    9.70838189e-01 -3.37524772e-01 -1.62849963e-01 -5.94938576e-01
    -1.06313653e-01 -6.66705430e-01 4.06262606e-01 -8.93293262e-01
    -4.54492629e-01 1.45803130e+00 7.84020782e-01 -3.60647626e-02
    -8.32607806e-01 -2.49444932e-01 -8.58587027e-03 1.52855444e+00
    1.05440688e+00 -1.11067027e-01 1.03574157e+00 -8.75477314e-01
    2.78559208e-01 8.45095422e-03 1.42053771e+00 -5.46763122e-01
    -1.94950148e-01 -1.02417223e-01 4.96429682e-01 -5.01838565e-01
    -4.48947430e-01 -4.27696556e-01 1.36138988e+00 -6.22256100e-01
    5.51372826e-01 1.56432283e+00 1.54497194e+00 2.77117896e+00
    7.35359490e-01 5.87220728e-01 -4.70415235e-01 -6.33851349e-01
    1.65604842e+00 5.37339509e-01 5.52467108e-01 9.66890872e-01
    1.29316175e+00 5.55314958e-01 -7.46207416e-01 3.48319300e-02
    -2.14422166e-01 -6.16601706e-01 1.66457638e-01 5.97579144e-02
    -4.08316731e-01 -6.30272269e-01 9.85181868e-01 1.58477557e+00
    1.20929754e+00 1.44140911e+00 3.22037823e-02 1.54839993e-01
    5.81745744e-01 8.78513932e-01 1.56923771e+00 -1.33933559e-01
    7.80632019e-01 7.12599009e-02 -9.57310796e-01 2.23348156e-01
    1.73766613e+00 -1.09054640e-01 -4.99887615e-01 5.52367210e-01
    1.56605709e+00 1.29217982e+00 4.05353338e-01 8.71207863e-02
    8.52721930e-01 1.40231824e+00 -5.81479073e-01 9.92590249e-01
    -1.36194810e-01 2.46602327e-01 3.16322207e-01 1.38011587e+00
    4.39313173e-01 1.69551492e+00 1.90681875e+00 1.41772628e+00
    1.60128975e+00 3.80236059e-01 2.35175192e-01 3.42602104e-01
    1.65543664e+00 2.42076173e-01 -3.41412723e-01 1.30917621e+00
    -1.57579377e-01 -1.68314338e-01 -7.87306726e-02 1.95084202e+00
    1.00377011e+00 5.23419440e-01 8.82566929e-01 1.46952844e+00
    7.76709437e-01 -3.75740767e-01 -6.30539179e-01 -4.08436775e-01
    1.86003476e-01 1.75310302e+00 -8.71596456e-01 -3.78997087e-01
    1.58399916e+00 1.19740188e+00 1.87716591e+00 1.03229809e+00
    -3.76216471e-01 1.58138931e-01 -7.94940218e-02 1.90960646e+00
    1.14994311e+00 7.25777373e-02 1.23063838e+00 9.02638078e-01
    9.24687147e-01 -8.98205936e-01 -9.27140951e-01 -6.90055609e-01
    3.99641901e-01 5.68659604e-01 6.40721619e-01 3.70666504e-01
    -7.78547108e-01 1.35215986e+00 -8.67237821e-02 1.70834923e+00
    -1.01822183e-01 7.18652606e-01 1.50397316e-01 1.14646518e+00
    8.16679060e-01 1.58670330e+00 9.63970087e-03 1.05020022e+00
    -5.51547766e-01 -5.66459298e-01 -8.26190352e-01 4.94038224e-01
    4.99632955e-01 9.99109983e-01 -4.60738868e-01 1.99890733e+00
    -5.97936690e-01 -1.14497982e-01 7.99267054e-01 -2.42120370e-01
    1.69858193e+00 1.08716416e+00 1.21612978e+00 1.36158252e+00
    1.03614211e+00 -5.95498145e-01 -5.05063355e-01 1.11363411e+00
    6.82966590e-01 -9.85981077e-02 1.20584953e+00 1.36032820e+00
    1.86095595e+00 1.97650230e+00 -5.68437397e-01 1.45493507e-01
    -4.11434889e-01 1.18790579e+00 5.64038932e-01 1.39841115e+00
    -8.39706242e-01 7.31035948e-01 1.19750059e+00 -5.46293259e-01
    -8.25751543e-01 -1.86760068e-01 5.48510909e-01 1.05037160e-01
    -1.63383842e-01 1.54279733e+00 -7.47082949e-01 -7.84262061e-01
    6.90910578e-01 -6.93684995e-01 -7.95150638e-01 -2.07238831e-02
    1.55064523e+00 1.92354035e+00 -4.24457751e-02 -8.42067122e-01
    1.49175978e+00 5.65357924e-01 -2.94349253e-01 -6.11669660e-01
    9.31019858e-02 1.33662224e+00 7.27377951e-01 7.60822475e-01
    1.39177227e+00 -7.61353314e-01 9.04747486e-01 1.25454295e+00
    1.20450985e+00 -9.04377878e-01 -9.33312103e-02 6.26732409e-01
    -6.74282432e-01 2.94704139e-01 7.81277567e-02 1.40361571e+00
    9.29667592e-01 5.05889595e-01 -5.57980955e-01 8.33348632e-01
    -8.19077909e-01 -4.22194093e-01 1.64718795e+00 1.90617836e+00
    1.56521046e+00 -9.27578986e-01 1.18380737e+00 -8.74823809e-01
    -3.16619068e-01 -7.04200149e-01 -7.06039183e-03 1.51906058e-01
    -4.33394127e-02 2.46906996e-01 4.76433098e-01 1.46291423e+00
    -4.72143024e-01 -4.57741410e-01 -2.94283748e-01 -6.26409411e-01
    5.72784841e-01 8.39851201e-01 -8.29474688e-01 4.13637757e-01
    4.96657759e-01 -7.09097564e-01 3.30246568e-01 3.40880573e-01
    -6.31013870e-01 -2.20908746e-01 1.17387617e+00 2.89673716e-01
    1.73361731e+00 1.83894777e+00 1.56330895e+00 4.99772906e-01
    1.23197901e+00 -7.37666152e-03 1.40124452e+00 -6.16530299e-01
    -6.22049093e-01 8.42652380e-01 -6.54532492e-01 9.73880410e-01
    1.04554462e+00 1.29205203e+00 -1.65670812e-01 -5.71187556e-01
    2.35875547e-01 -3.62905741e-01 -9.47844863e-01 4.10329103e-01
    5.15792966e-01 6.29815817e-01 6.13823175e-01 1.78207636e+00
    4.27117884e-01 -1.72709078e-01 1.73090231e+00 9.33728337e-01
    2.91315258e-01 1.39487600e+00 -1.08456939e-01 -7.33368456e-01
    1.63301790e+00 1.31315029e+00 1.31774354e+00 9.82574463e-01
    9.36327338e-01 -7.86080658e-01 7.95656502e-01 2.03847528e+00
    1.31736147e+00 -8.26631665e-01 1.47466350e+00 1.88374221e+00
    3.11518908e-01 1.52288270e+00 -3.89894605e-01 -6.88111067e-01
    1.13091063e+00 1.08782315e+00 9.80433285e-01 3.68304029e-02
    -1.05869025e-01 1.17150867e+00 4.95990366e-01 9.48152244e-01
    -8.30359876e-01 9.22232866e-01 2.90207803e-01 5.67807078e-01
    -6.35265410e-02 1.37229192e+00 6.84320152e-01 1.41167295e+00
    -9.16553199e-01 1.26989579e+00 1.42629313e+00 1.90224755e+00
    1.53073895e+00 1.10787082e+00 1.75245702e+00 1.66180408e+00
    -5.24142921e-01 1.31993377e+00 1.78602183e+00 1.79746732e-01
    4.06299112e-03 6.44464850e-01 1.29718530e+00 1.90213919e+00
    6.65870845e-01 -7.46296406e-01 1.60882008e+00 1.43194902e+00
    1.32015514e+00 1.93776560e+00 6.78109050e-01 7.86325991e-01
    1.17671430e-01 5.08244276e-01 1.57771492e+00 1.27051070e-01
    1.87342596e+00 -6.34907365e-01 -8.89345109e-01 6.89348459e-01
    6.72392249e-01 2.63336658e-01 1.61351442e+00 3.79711658e-01
    -6.28643632e-01 -4.57812518e-01 9.75347340e-01 1.09780800e+00
    1.74547493e-01 5.72697282e-01 7.10735142e-01 1.89495456e+00
    1.25305653e+00 -6.09402657e-01 -8.34331870e-01 5.25273085e-01
    1.43439901e+00 1.95916390e+00 1.78389764e+00 -3.51119936e-01
    6.92622781e-01 7.02360928e-01 1.85412610e+00 -8.14465523e-01
    1.61213577e+00 1.03888623e-01 1.67170501e+00 1.48369577e-02
    1.19731200e+00 1.39072621e+00 -6.43169284e-02 -5.90696692e-01
    1.54659808e+00 1.58921492e+00 1.51699269e+00 1.34174359e+00
    1.72065103e+00 1.49261415e+00 -4.93589133e-01 -4.71969008e-01
    -8.58001485e-02 -6.13352284e-03 -1.66679800e-01 5.90595156e-02
    5.62365174e-01 1.27476418e+00 3.41037899e-01 -2.80462593e-01
    6.07643314e-02 7.62285829e-01 1.11054376e-01 1.02121985e+00
    1.61794329e+00 7.14805424e-01 1.81375360e+00 1.87627888e+00
    1.13128901e+00 -8.10775340e-01 -3.81706834e-01 -6.42416477e-01
    5.65079153e-01 -5.54360867e-01 8.78653824e-01 -1.38333753e-01
    1.80813301e+00 -7.66077697e-01 1.80298364e+00 -2.07202390e-01
    4.71835107e-01 1.86246431e+00 1.80312049e+00 1.44559574e+00
    -8.47142994e-01 1.22705019e+00 6.58384442e-01 -1.96887836e-01
    1.21508157e+00 8.03749204e-01 -3.61884952e-01 5.32725155e-01
    -4.29653190e-03 -8.28096211e-01 1.73435271e+00 1.55185986e+00
    1.04347192e-01 1.21971750e+00 2.00040698e-01 2.02021793e-01
    1.70966113e+00 7.20928133e-01 1.58314550e+00 1.37446988e+00
    5.27623892e-01 -4.32470053e-01 -8.01990271e-01 1.03616869e+00
    -2.61374712e-01 -7.54997075e-01 1.19393671e+00 -8.35541844e-01
    2.44298995e-01 1.63713324e+00 4.08895969e-01 4.34340894e-01
    5.03044784e-01 -4.92208153e-01 1.25486696e+00 -3.32000911e-01
    -8.08148412e-04 9.87005830e-01 -2.35207647e-01 1.31009960e+00
    2.74710506e-01 4.31718796e-01 -6.24364972e-01 9.19131041e-02
    2.46597961e-01 -7.82083333e-01 7.40223452e-02 1.56818414e+00
    -9.54920948e-02 1.61987782e+00 2.60385662e-01 1.68295205e+00
    9.02801931e-01 1.02782226e+00 7.05007255e-01 5.99944651e-01
    -5.59997976e-01 1.23747635e+00 -8.43929648e-02 -1.98046640e-01
    1.60381806e+00 -4.76523489e-02 -4.92452309e-02 -6.71932638e-01
    1.50960672e+00 8.68557513e-01 1.31789923e-01 8.45466182e-02
    1.75040867e-02 -4.01403308e-01 2.40799561e-01 1.56427610e+00
    -8.60709667e-01 -1.16708636e-01 -4.54052538e-02 9.22394097e-01
    1.17242610e+00 -7.03419447e-01 1.35791767e+00 -1.28754809e-01
    -7.13108838e-01 6.55316591e-01 -5.82944453e-01 1.66274834e+00
    -1.31993303e-02 -1.62161469e-01 1.60847318e+00 1.13178742e+00
    8.33757445e-02 1.80442214e-01 -9.61760998e-01 1.92862201e+00
    6.57296777e-01 -7.27534354e-01 4.38826948e-01 1.32516253e+00
    -8.59612286e-01 2.30283141e-01 -4.13871735e-01 -1.53811261e-01
    -2.83363730e-01 7.09510326e-01 9.21612263e-01 1.83628702e+00
    4.49770629e-01 -7.87798524e-01 -8.09772968e-01 -2.06317693e-01
    -3.24945569e-01 1.46895874e+00 5.65157294e-01 1.05822432e+00
    1.77975023e+00 -9.17116627e-02 5.22099257e-01 1.42631426e-01
    1.98195195e+00 3.23506236e-01 1.73603868e+00 1.91457081e+00
    1.18221688e+00 -4.06252593e-01 5.03970921e-01 1.10446703e+00
    1.79317200e+00 8.49304080e-01 -3.22408706e-01 2.44252038e+00
    3.23089033e-01 5.49674690e-01 1.06592405e+00 5.99867761e-01
    -8.85837555e-01 -7.47384965e-01 -5.65130711e-01 -1.46541104e-01
    1.47958159e+00 1.69069517e+00 5.96872270e-01 3.53817567e-02
    -2.00777739e-01 5.16141415e-01 -6.67309344e-01 -5.70298791e-01
    1.69817734e+00 -7.70670354e-01 1.95976233e+00 2.84067035e-01
    8.72275174e-01 1.11894727e+00 -6.22299612e-01 7.80861020e-01
    -5.06107867e-01 1.40064347e+00 8.82864296e-01 1.29401374e+00
    2.96608359e-02 6.40679657e-01 -1.83409542e-01 -3.68832529e-01
    1.16551352e+00 1.11395848e+00 8.53137374e-01 -9.58331525e-01
    7.22504795e-01 1.10531175e+00 8.24921072e-01 -1.07037000e-01
    -7.53007114e-01 1.04639769e+00 -5.06982028e-01 -3.83737683e-01
    8.83074164e-01 8.09308350e-01 1.57562792e-01 1.73727465e+00
    -2.16186196e-01 1.19953230e-02 -7.64434457e-01 1.26533508e+00
    -5.72401881e-01 1.88618219e+00 8.91436517e-01 -7.35309184e-01
    -2.43374959e-01 1.60530019e+00 4.18188184e-01 1.16416681e+00
    7.22277939e-01 8.82545590e-01 8.81452620e-01 -6.03000224e-01
    1.48285210e+00 3.75942467e-03 1.14150202e+00 -3.46907198e-01
    5.17793894e-01 1.45389128e+00 -8.41653585e-01 3.79454158e-02
    1.26934707e+00 1.77260315e+00 9.10039842e-01 2.78782368e-01
    1.26789427e+00 9.64366198e-01 1.71053481e+00 8.39452028e-01
    -8.06897104e-01 1.97460186e+00 -5.09329200e-01 5.75098097e-01
    1.88732111e+00 8.85202944e-01 1.91078484e+00 -1.26073539e-01
    -7.72423029e-01 -5.06967306e-01 8.01014662e-01 -9.08472538e-01
    1.70539096e-01 -3.86124939e-01 1.61403859e+00 -9.56213593e-01
    4.01047528e-01 -1.35646507e-01 1.89512765e+00 -2.57595867e-01
    1.84247148e+00 6.52171075e-01 4.69291210e-01 1.06049657e+00
    5.50576389e-01 1.74959731e+00 9.53875065e-01 1.09662306e+00
    1.78917551e+00 7.14651048e-01 1.37931657e+00 -6.39146924e-01
    -8.10451508e-01 -8.95398796e-01 -4.19669032e-01 1.27668250e+00
    3.10609311e-01 1.55268109e+00 1.70044494e+00 -7.02406049e-01
    1.72691083e+00 1.08501565e+00 1.31452501e+00 -3.65452021e-01
    6.15556389e-02 -7.83572912e-01 -7.69826472e-02 1.83982778e+00
    8.81371796e-01 1.07343614e+00 1.52760565e+00 -4.41384494e-01
    1.09651673e+00 6.67708695e-01 8.27576444e-02 1.21468318e+00
    -2.89768219e-01 -4.79206473e-01 1.13726497e+00 -5.39611697e-01
    8.20453584e-01 1.67699111e+00 8.68346155e-01 -4.84009057e-01
    2.09471792e-01 7.36448586e-01 5.68949342e-01 1.08425963e+00
    -2.02387303e-01 1.54556501e+00 5.23034513e-01 -6.41394258e-01
    1.44954205e+00 1.95562899e+00 1.61458397e+00 -4.79140997e-01
    -3.15099925e-01 1.25285256e+00 -7.58429945e-01 1.88995934e+00
    6.01235032e-01 7.42251635e-01 3.82056564e-01 1.92298818e+00
    6.65300369e-01 8.22684288e-01 2.92860597e-01 1.32303011e+00
    8.87511134e-01 -1.96073264e-01 1.14459586e+00 1.61094010e+00
    -6.25039995e-01 3.41498762e-01 -3.54265153e-01 1.24294579e+00
    1.55324221e+00 1.56900167e+00 1.26925385e+00 4.77170162e-02
    1.79686952e+00 1.00921345e+00 9.61157143e-01 1.71141517e+00
    -6.96622074e-01 -3.25142115e-01 2.50952188e-02 1.57406068e+00
    1.79386449e+00 -7.40038097e-01 8.19608152e-01 -1.93736508e-01
    -4.88843560e-01 3.62883806e-01 1.11903560e+00 -7.45269358e-01
    -7.98030972e-01 1.58974040e+00 7.75634110e-01 -4.30779248e-01
    7.91284680e-01 7.23734200e-01 9.17232215e-01 1.09311128e+00
    5.76428652e-01 1.85310292e+00 1.65236548e-01 1.31174433e+00
    8.84311259e-01 -9.31529462e-01 1.07359445e+00 7.30682254e-01
    -8.08919668e-01 1.23882735e+00 -2.38871694e-01 8.75461221e-01
    1.58068848e+00 1.76231492e+00 -2.04850957e-01 9.61154342e-01
    -1.76234230e-01 -4.90693718e-01 7.99750149e-01 1.89602506e+00
    1.87373877e+00 -5.60824692e-01 4.44009960e-01 1.46517348e+00
    1.42880929e+00 -8.81993175e-01 -4.85983849e-01 1.68143451e+00
    1.17433143e+00 9.42121863e-01 1.89016569e+00 -3.08594555e-01
    1.14825249e+00 1.72386479e+00 1.10581934e+00 1.74096608e+00
    1.07366419e+00 -4.26286608e-02 -5.69341183e-01 9.01082158e-01
    1.19450009e+00 -3.64214271e-01 6.63388669e-01 1.58839202e+00
    1.66229832e+00 1.05515897e+00 8.29993188e-01 3.62428248e-01
    -5.87003291e-01 -2.50852823e-01 1.79531145e+00 1.38882148e+00
    -4.63922083e-01 8.56792867e-01 8.70569885e-01 2.83954382e-01
    1.93796456e+00 -9.41620708e-01 -9.08697009e-01 1.66797802e-01
    1.25588596e+00 9.16712165e-01 6.23748004e-01 3.92291933e-01
    8.86901736e-01 -6.70214593e-01 -6.78683341e-01 1.51188374e+00
    1.01313806e+00 2.84802198e-01 1.67156911e+00 1.38829315e+00
    7.16789663e-01 1.85796654e+00 -8.96140635e-01 1.14345558e-01
    1.42139602e+00 5.29459059e-01 -3.71350050e-01 8.83889377e-01
    8.21460545e-01 3.33710551e-01 -6.85521781e-01 6.94726408e-01
    7.92349100e-01 2.33903855e-01 1.30265474e-01 1.33539701e+00
    1.53148222e+00 -7.59711146e-01 8.76941204e-01 1.20073803e-01
    5.48763752e-01 -1.81683809e-01 -1.21940061e-01 -1.67515323e-01
    1.35552788e+00 1.57648623e+00 -4.55612868e-01 -9.33363259e-01
    -6.80278242e-01 2.84987837e-01 1.63512421e+00 -4.36866224e-01
    1.58697128e+00 5.43398112e-02 6.26690328e-01 2.85693884e-01
    -6.55872583e-01 5.18448293e-01 -3.05846214e-01 1.03165185e+00
    -2.50149250e-01 -5.67858219e-01 1.97869885e+00 6.42004609e-01
    1.12026203e+00 2.04134241e-01 -5.08471251e-01 4.15657640e-01
    1.64590824e+00 4.34705913e-01 1.00828230e+00 9.43272293e-01
    -5.57243466e-01 8.14471364e-01 1.42637432e+00 8.52550864e-01
    3.93104762e-01 6.54956475e-02 -8.60657841e-02 -5.29344559e-01
    5.02077699e-01 3.77688795e-01 -8.22503194e-02 1.92526674e+00
    -3.83402944e-01 -2.81041235e-01 -1.19528892e-02 -3.28764841e-02
    1.66548733e-02 1.93157673e-01 -5.37142813e-01 1.82300234e+00
    1.73762548e+00 -3.10808986e-01 1.23224831e+00 7.82622159e-01
    1.52749050e+00 7.08639145e-01 -3.09373230e-01 7.73322642e-01
    1.83220077e+00 -6.88378811e-01 3.83980989e-01 -4.14776713e-01
    6.90401256e-01 -8.78972530e-01 1.03433311e+00 -1.06108421e-03
    -7.52462566e-01 -5.50387979e-01 1.79112780e+00 -4.36035991e-01
    7.95786798e-01 6.08252168e-01 1.35332286e+00 3.17343563e-01
    -6.12804532e-01 -3.16753328e-01 1.21663713e+00 4.32802618e-01
    -5.91666102e-01 2.67944261e-02 -3.46530527e-01 1.55678511e+00
    1.92641699e+00 -7.29561865e-01 1.03111589e+00 1.31276941e+00
    -2.47869462e-01 -1.90022796e-01 -4.44156736e-01 1.25890696e+00
    1.12489380e-01 -6.74008489e-01 1.51562142e+00 -4.29678530e-01
    1.72805500e+00 -8.91183615e-01 1.09947646e+00 1.96592736e+00
    -4.27218646e-01 2.05589026e-01 1.74038744e+00 3.21695477e-01
    -2.96141684e-01 1.45270264e+00 1.37942600e+00 1.21508265e+00
    1.62838519e+00 1.94843853e+00 9.13754523e-01 -3.74552220e-01
    1.03274906e+00 1.16776609e+00 1.88086462e+00 7.82280326e-01
    -7.15563715e-01 2.02978197e-02 1.58732459e-01 1.65802705e+00
    1.46436906e+00 4.76970553e-01 7.70598352e-01 -8.00011873e-01
    6.30494654e-01 2.43047923e-01 -6.53468609e-01 1.67397046e+00
    -3.35738599e-01 3.56532454e-01 -7.44051158e-01 1.79325533e+00
    -1.25023544e-01 4.45072763e-02 1.21905863e+00 2.57690519e-01
    1.04565024e+00 7.94731319e-01 8.24787140e-01 1.22571182e+00
    9.96069372e-01 -6.81727886e-01 1.34189260e+00 4.64331120e-01
    1.87040317e+00 1.77546525e+00 4.42312390e-01 -8.08888972e-01
    -8.83688629e-01 7.51132786e-01 1.16153097e+00 7.98607111e-01
    8.25512588e-01 -1.43158898e-01 5.57609022e-01 -2.70827413e-01
    1.47338361e-01 8.07229578e-01 2.52705902e-01 4.10799921e-01
    1.92131162e+00 1.64243805e+00 1.78511584e+00 8.41906443e-02
    1.67786121e-01 -4.68531936e-01 1.03618979e-01 1.16193247e+00
    -8.12800467e-01 1.71692264e+00 5.62190533e-01 8.72536659e-01
    -4.80909973e-01 8.72723758e-02 1.57116103e+00 1.29443869e-01
    -4.43724871e-01 1.46427917e+00 1.08087957e+00 -4.03151304e-01
    -8.83402109e-01 3.37520033e-01 1.96496868e+00 -7.60148287e-01
    1.27165544e+00 1.35072076e+00 -4.35301177e-02 1.68064642e+00
    9.06174600e-01 2.53735129e-02 1.08124793e+00 -6.47710502e-01
    -6.40545607e-01 1.59853923e+00 -3.64541799e-01 -8.02301466e-01
    1.74129117e+00 2.54786491e-01 6.75784707e-01 -8.69340122e-01
    1.30260849e+00 1.47710955e+00 2.29081616e-01 8.47972095e-01
    1.18202233e+00 6.69106126e-01 1.48189247e-01 2.73973286e-01
    1.42232466e+00 -7.22110569e-01 -9.70662057e-01 -4.84419167e-02
    -7.22131968e-01 -7.83138514e-01 -9.56253521e-03 5.49829960e-01
    1.06835163e+00 1.84795752e-01 9.45526302e-01 -4.49761420e-01
    -8.33789557e-02 1.94285601e-01 -2.00135261e-01 1.59677243e+00
    9.36877728e-01 -1.09358564e-01 1.42624613e-03 1.75727522e+00
    -1.10162713e-01 -2.31435359e-01 1.17978048e+00 4.52175617e-01
    1.07332163e-01 1.31456041e+00 -4.38611090e-01 1.29800200e-01
    -2.18825340e-01 -8.88567924e-01 1.53166103e+00 1.32497895e+00
    5.21950364e-01 -1.38968721e-01 3.85489255e-01 8.64827573e-01
    1.61030535e-02 9.61493731e-01 5.20335436e-01 7.31712997e-01
    1.89011514e+00 4.29105908e-01 1.04939222e+00 3.78252298e-01
    1.89233053e+00 -5.46751797e-01 4.08631891e-01 6.84776783e-01
    -9.25242722e-01 5.27547121e-01 -6.04446054e-01 7.96540976e-01
    -7.11338699e-01 -5.30568302e-01 -2.76309431e-01 7.79051483e-01
    4.03848141e-02 -2.72818267e-01 -3.13343316e-01 -1.95436969e-01
    -9.56167698e-01 8.01014185e-01 1.03784108e+00 -3.51048678e-01
    6.59602284e-02 -4.81180161e-01 1.43608713e+00 9.62979019e-01
    1.41153443e+00 -5.38290501e-01 2.60674246e-02 -3.39691937e-01
    -3.19413722e-01 6.94039404e-01 -3.62247713e-02 9.48343873e-01
    7.53272474e-01 1.32962310e+00 -1.54279441e-01 1.82469165e+00
    1.97306466e+00 -5.52112818e-01 -1.02583542e-01 7.82995582e-01
    1.48908019e+00 -5.62968910e-01 1.57434809e+00 -6.11703515e-01
    -6.33636117e-01 -6.98034614e-02 1.51838350e+00 9.66394305e-01
    -7.94865668e-01 -3.76950115e-01 -1.04606874e-01 -1.97498471e-01
    1.06802499e+00 1.20388317e+00 6.11964703e-01 1.28019774e+00
    1.67860186e+00 1.40035343e+00 1.57205355e+00 6.68641925e-01
    7.70584106e-01 1.16555274e+00 -7.04194903e-01 1.93374312e+00
    -4.28032756e-01 -1.62016615e-01 2.65118718e-01 4.37839478e-01
    1.14043665e+00 1.93932998e+00 -6.87621653e-01 1.84717178e-01
    4.93730068e-01 1.14849138e+00 6.33401155e-01 -3.26542914e-01
    7.32172132e-02 1.97515082e+00 1.65257382e+00 1.39557431e-02
    1.13532555e+00 3.59765410e-01 -8.18465710e-01 1.16935933e+00
    -7.14445889e-01 -8.08405459e-01 2.89540291e-01 7.52743006e-01
    -7.39487112e-01 -2.34430149e-01 1.65341425e+00 -8.11376750e-01
    6.50378525e-01 2.06408590e-01 1.11030288e-01 5.69197297e-01
    -6.28491938e-01 -6.88267797e-02 5.81434131e-01 1.22420216e+00
    -1.35949820e-01 -6.18969798e-01 -3.10392857e-01 -7.87836015e-02
    1.87929010e+00 -7.77020872e-01 8.50638270e-01 1.20788264e+00
    1.47526252e+00 1.06347072e+00 -4.63459462e-01 -6.16149187e-01
    4.81739849e-01 1.43750191e+00 -5.19118249e-01 9.12177265e-01
    1.26757026e+00 1.90673983e+00 -6.33402020e-02 1.87859344e+00
    4.40369517e-01 1.33503032e+00 1.25697160e+00 -6.56292498e-01
    -3.31717342e-01 1.09964311e+00 -7.87997127e-01 -7.74184465e-01
    1.68888104e+00 -3.33355457e-01 6.52200341e-01 -7.84432590e-02
    1.61922050e+00 -9.81444791e-02 -4.98164535e-01 1.22090960e+00
    1.38631129e+00 1.39228320e+00 -4.44180727e-01 -4.76463735e-01
    2.75999099e-01 1.14884555e+00 1.24944174e+00 -3.03377938e-02
    1.56159270e+00 1.28207994e+00 1.14586675e+00 1.63014162e+00
    1.49343395e+00 1.04165852e+00 -4.29212332e-01 1.07441723e+00
    1.69047916e+00 -5.05840480e-01 -1.10854298e-01 -6.81781113e-01
    8.31522405e-01 1.98233318e+00 -1.26903549e-01 2.06621814e+00
    1.48279917e+00 2.23432019e-01 -6.70592561e-02 9.46984768e-01
    -4.60499316e-01 1.48321235e+00 -8.28877985e-02 1.10606146e+00
    7.24864662e-01 9.39251631e-02 1.48711085e+00 -2.61133671e-01
    -1.38836214e-02 1.25823414e+00 1.14887702e+00 1.80479479e+00
    1.81103444e+00 4.52908278e-01 1.89124763e+00 -7.70128012e-01
    1.50648272e+00 2.95840919e-01 3.20495129e-01 -1.59410074e-01
    7.46626377e-01 8.20220709e-01 -3.11716385e-02 1.49226832e+00
    1.02350366e+00 3.43690425e-01 8.15576673e-01 7.28854477e-01
    -5.62594533e-01 1.56847060e+00 7.78699994e-01 1.90072775e+00
    3.26029956e-01 6.12190068e-01 8.70965362e-01 1.20101202e+00
    8.83781552e-01 3.78689468e-01 1.16593432e+00 -3.08342993e-01
    3.07056814e-01 -9.83987033e-01 6.00183867e-02 8.61514211e-01
    -9.34931338e-01 6.96755469e-01 6.41676009e-01 5.08908629e-01
    1.68317277e-02 -9.90069658e-02 -2.57223845e-01 -8.59499633e-01
    3.29805374e-01 3.38083535e-01 9.87144351e-01 1.95749569e+00
    -1.47790179e-01 -8.89620841e-01 6.57264590e-01 -2.81155884e-01
    5.75117350e-01 3.10345650e-01 2.85822153e-02 -2.12805077e-01
    -5.09293258e-01 1.86443353e+00 1.79019737e+00 2.01718688e-01
    4.60054994e-01 2.92737275e-01 6.38000667e-01 -1.71041280e-01
    8.80082011e-01 -8.12808394e-01 7.16782928e-01 4.77532446e-01
    -5.87466776e-01 1.80028343e+00 3.13681155e-01 8.08228731e-01
    -5.16534090e-01 -4.54938918e-01 6.37435734e-01 2.22735330e-01
    7.29746163e-01 -3.08081686e-01 5.62104285e-01 1.18726444e+00
    -7.47701108e-01 4.97149825e-01 1.10777140e+00 -4.75262612e-01
    1.55849707e+00 -3.40081841e-01 7.86611855e-01 1.07945144e+00
    2.03720644e-01 1.21902645e+00 4.08860385e-01 5.53001583e-01
    1.05959249e+00 2.26147205e-01 -4.57182527e-01 9.97333348e-01
    1.28071630e+00 3.44130278e-01 1.50888920e+00 1.08412075e+00
    1.04891086e+00 -5.80816269e-01 1.54214215e+00 5.07120073e-01
    2.04070497e+00 9.27961826e-01 5.38115740e-01 -4.69270855e-01
    1.91840112e+00 1.38123631e+00 1.16712475e+00 -1.82999283e-01
    6.37333989e-01 1.77224338e+00 -8.50854278e-01 1.85341227e+00
    -9.43370685e-02 9.35206175e-01 -7.66333461e-01 -2.95130819e-01
    -1.22191101e-01 1.35256588e+00 8.39752138e-01 -1.16046995e-01
    -2.89341867e-01 8.78876805e-01 1.25983283e-01 2.23274246e-01
    -3.08805525e-01 5.99095166e-01 7.66073465e-01 1.26695764e+00
    -4.33050603e-01 1.27081990e+00 1.36609089e+00 5.97409792e-02
    1.75103819e+00 5.58613688e-02 -2.85361260e-01 1.07810187e+00
    1.82307041e+00 -1.23941459e-01 1.49909759e+00 3.60213071e-01
    -2.81238377e-01 -6.75097406e-01 1.76594782e+00 -4.53243047e-01
    1.71448398e+00 -7.53970325e-01 -3.98452640e-01 1.22247422e+00
    1.48863718e-01 1.79266274e+00 1.78717148e+00 2.14035660e-01
    4.78995621e-01 1.44277096e+00 1.30638981e+00 9.46779549e-01
    9.97208238e-01 -2.37078115e-01 1.17298579e+00 -2.32279330e-01
    7.71057665e-01 1.73443711e+00 -8.30084741e-01 1.08030427e+00
    1.51165259e+00 7.13484406e-01 1.03011763e+00 1.57163751e+00
    -4.96813774e-01 -1.35987371e-01 8.91282633e-02 1.43970001e+00
    3.62296820e-01 1.17307448e+00 -6.18530989e-01 -4.87214625e-01
    9.92231071e-01 9.11978185e-01 -1.59636256e-03 3.61214936e-01
    1.97453737e+00 1.14953876e+00 -3.34085077e-01 -2.70521313e-01
    1.19802761e+00 -5.59895992e-01 6.73955679e-01 1.74543524e+00
    1.41238477e-02 -4.50007707e-01 1.20863008e+00 1.59884846e+00
    1.08100057e+00 3.82755727e-01 1.27122355e+00 1.06847823e+00
    -3.37116629e-01 1.30672669e+00 -4.04999591e-02 2.72139549e-01
    1.31716108e+00 -3.32664251e-01 1.68856311e+00 1.49233729e-01
    -4.34534490e-01 1.19140005e+00 -9.04920578e-01 8.67379785e-01
    -9.98960435e-02 -7.89596856e-01 2.53091633e-01 -2.01445997e-01
    -5.59257567e-01 1.57549644e+00 9.08263385e-01 1.87959433e+00
    7.14028001e-01 6.94580615e-01 1.34167182e+00 8.38164389e-01
    9.13190842e-01 -8.82138908e-01 1.87415636e+00 -9.36194062e-01
    4.66418207e-01 1.18248272e+00 -2.27094218e-01 -3.81625518e-02
    3.87597442e-01 1.61490500e+00 -1.15725614e-01 7.56523132e-01
    -4.12346184e-01 1.81780839e+00 5.69688439e-01 1.70965707e+00
    -7.51704216e-01 1.03606641e+00 2.91581839e-01 4.02664244e-01
    -7.76452243e-01 -7.13821471e-01 1.72525334e+00 2.83220351e-01
    -7.44880617e-01 6.04609311e-01 1.59967557e-01 1.51669443e+00
    5.47381699e-01 5.63322127e-01 1.45186508e+00 -3.12484920e-01
    1.19338000e+00 1.31895745e+00 1.64170897e+00 -6.92057967e-01
    1.44094038e+00 -1.77302077e-01 -7.96507716e-01 1.32015836e+00
    1.04197621e+00 -7.62303591e-01 1.90970492e+00 1.34615934e+00
    1.07365298e+00 -7.00026572e-01 1.93944037e+00 1.91808796e+00
    -3.86756957e-01 1.16607702e+00 1.50708163e+00 5.36107957e-01
    7.75105059e-01 1.78643242e-01 1.92334509e+00 1.51366127e+00
    5.51354885e-03 1.77665293e+00 2.75110066e-01 1.33589566e+00
    -6.40309870e-01 5.78260183e-01 5.94936490e-01 5.73468268e-01
    -1.46985874e-01 1.37889194e+00 -4.59511042e-01 1.59672928e+00
    6.92547560e-01 3.67994383e-02 8.69778395e-01 1.57554731e-01
    -2.73954540e-01 -7.24233210e-01 9.65273917e-01 1.43416631e+00
    7.45513558e-01 -2.91590542e-01 1.11030638e+00 2.05074930e+00
    1.91410705e-02 8.08954954e-01 6.11428678e-01 2.80835599e-01
    1.82100773e+00 1.99630275e-01 2.46581152e-01 1.15057063e+00
    8.48830760e-01 3.86537999e-01 -7.51678109e-01 1.23813045e+00
    -3.21489990e-01 1.63834488e+00 -5.16305447e-01 -2.30936006e-01
    1.03372216e+00 1.05240494e-01 1.22827065e+00 6.00677133e-01
    8.06422114e-01 6.70674860e-01 -3.74603570e-02 6.17235124e-01
    -6.07713640e-01 -9.09362674e-01 6.27177656e-01 1.70690405e+00
    1.01623762e+00 8.07226300e-01 1.62474632e-01 8.32203865e-01
    -1.57343298e-01 5.59436500e-01 -6.38050139e-01 1.72724128e-02
    3.11298639e-01 1.72021019e+00 -1.17324196e-01 -7.44502187e-01
    1.84342074e+00 -1.77356005e-01 1.77933812e+00 4.48801756e-01
    1.75320065e+00 1.20611799e+00 -2.45895192e-01 8.06462169e-01
    5.71789026e-01 9.21528280e-01 1.27309465e+00 1.28195331e-01
    -4.84810144e-01 6.58275008e-01 4.81997192e-01 2.82758266e-01
    1.27398860e+00 -3.01226497e-01 -1.11663133e-01 -5.78891635e-01
    1.89239764e+00 1.08477807e+00 -3.21984738e-02 -1.91432253e-01
    5.43546937e-02 6.14281237e-01 7.15786994e-01 1.56736612e+00
    -3.84320050e-01 -2.40252316e-01 5.55448055e-01 9.42552567e-01
    -2.88169861e-01 4.86319214e-01 3.34147930e-01 6.74723327e-01
    8.99743736e-01 3.50958019e-01 9.40908492e-01 9.02628064e-01
    3.34440678e-01 2.29201153e-01 5.02008080e-01 -7.68210769e-01
    4.14786696e-01 1.76244438e+00 2.60806203e-01 3.46202016e-01
    2.83542454e-01 3.05331260e-01 3.69294107e-01 1.08676636e+00
    -4.78305161e-01 -7.90550172e-01 3.95039141e-01 -4.02406335e-01
    1.73156500e+00 1.64293838e+00 5.86773574e-01 -6.09342933e-01
    -2.24291831e-01 -6.94041550e-01 4.88959961e-02 8.23234618e-01
    1.76709473e+00 1.34831440e+00 -4.27280217e-01 1.21638918e+00
    -6.38065994e-01 1.46006560e+00 1.10269344e+00 4.40402985e-01
    1.09000504e-01 -8.26177001e-01 7.76574552e-01 2.76093408e-02
    1.41019678e+00 4.10527617e-01 7.34786451e-01 -8.18537176e-02
    1.27694952e+00 1.19747138e+00 5.61398327e-01 -4.57159430e-01
    6.11942261e-02 3.52603853e-01 1.56293464e+00 1.93006262e-01
    1.80438936e-01 -3.56883675e-01 -6.88931346e-01 3.79994005e-01
    -5.97987175e-01 9.99293208e-01 1.09420288e+00 -5.19404590e-01
    1.03811479e+00 -3.50097716e-01 1.55454862e+00 1.13136840e+00
    -5.35135984e-01 -8.23272467e-01 -8.70085597e-01 4.99989122e-01
    1.09758535e-02 1.11567914e+00 -2.68091261e-01 -1.37773275e-01
    -4.40441489e-01 2.35302597e-01 1.99649170e-01 -8.65973473e-01
    6.75223827e-01 1.74960482e+00 -9.76007879e-01 -8.70679438e-01
    -6.75861359e-01 1.83540106e+00 1.22319853e+00 3.47508401e-01
    1.78042328e+00 1.68806565e+00 9.16795790e-01 -8.50806117e-01
    1.36240900e+00 7.70130217e-01 7.12011099e-01 8.56253862e-01
    1.76206911e+00 4.90266889e-01 1.25304711e+00 1.22557783e+00
    -1.30210951e-01 -3.75348181e-01 -6.05848491e-01 -6.81281909e-02
    1.65688264e+00 -8.24812651e-01 1.06381941e+00 -5.55423856e-01
    4.46000040e-01 7.58895457e-01 -3.77288908e-01 -7.45182455e-01
    2.46494815e-01 7.60880232e-01 -1.43691614e-01 1.14902401e+00
    -1.82463631e-01 1.95525241e+00 5.90187252e-01 1.91269195e+00
    2.86828995e-01 -3.78944784e-01 3.26489002e-01 1.39836657e+00
    8.48361194e-01 1.58484900e+00 -1.47698745e-01 -3.92420255e-02
    -1.41854182e-01 3.56791109e-01 -3.98670107e-01 6.96269989e-01
    1.14342868e+00 8.76865864e-01 1.14259171e+00 -8.23659122e-01
    1.25551188e+00 1.69520712e+00 1.71185946e+00 -6.71143830e-01
    -2.70543516e-01 -4.57626879e-01 -4.86317664e-01 -7.16187000e-01
    -3.19194682e-02 8.31939101e-01 3.23761582e-01 2.53463507e-01
    -7.44444191e-01 1.70542014e+00 -6.92077935e-01 7.58772969e-01
    5.65537333e-01 1.46003568e+00 5.57131946e-01 -4.03904885e-01
    3.85767102e-01 1.04208052e+00 1.91321397e+00 3.50655168e-01
    -3.57554793e-01 4.55901474e-02 -7.31203675e-01 1.68161631e+00
    1.28732240e+00 9.66174841e-01 1.77504778e+00 1.19744360e+00
    1.38254666e+00 1.73378265e+00 -7.37789392e-01 -6.25236273e-01
    7.15286136e-01 2.74890903e-02 1.01697397e+00 -7.18839280e-03
    1.51641250e+00 -1.22939527e-01 2.73301065e-01 1.70292115e+00
    2.63335139e-01 8.46457005e-01 -7.11075962e-01 1.40439010e+00
    1.40971816e+00 1.36391079e+00 1.07618129e+00 5.01537859e-01
    -7.49211669e-01 1.62507701e+00 -3.67167175e-01 4.75370139e-01
    1.71833873e+00 7.93190122e-01 1.58440888e+00 1.55122423e+00
    1.07716143e+00 -5.94253182e-01 1.51865852e+00 1.71855354e+00
    7.19815344e-02 1.37498093e+00 1.25784540e+00 -9.07537043e-01
    -5.67161202e-01 1.07842970e+00 1.04405582e+00 -8.72968793e-01
    -7.17447579e-01 9.16178942e-01 -6.84138060e-01 -2.84487128e-01
    4.02732402e-01 -3.20658803e-01 1.40475941e+00 1.08795159e-01
    -5.11674047e-01 1.70325077e+00 8.60255003e-01 -5.79936147e-01
    -7.02213824e-01 2.56331295e-01 -4.62748557e-01 7.35015376e-03
    -9.52926278e-01 1.72563922e+00 1.52273461e-01 9.07192707e-01
    1.25822198e+00 1.84833491e+00 -4.43904027e-02 1.61315656e+00
    5.35729527e-01 5.85781693e-01 2.94255674e-01 1.10161412e+00
    -1.05028898e-01 -6.90122306e-01 -1.13269582e-01 -1.33475900e-01
    -5.79744130e-02 1.51508987e+00 -2.22226426e-01 -6.20070815e-01
    -7.24659860e-01 1.66663754e+00 2.27536604e-01 1.34854376e+00
    -2.25271329e-01 1.34971070e+00 9.57995832e-01 4.45806146e-01
    -4.88409966e-01 1.30965626e+00 -2.76673019e-01 7.28713095e-01
    -1.99559584e-01 -2.47214243e-01 2.93866366e-01 3.02955389e-01
    -8.67087305e-01 -6.95866585e-01 1.73272228e+00 1.16277826e+00
    -2.08050057e-01 -3.51867527e-01 8.42471600e-01 9.63275656e-02
    1.38041544e+00 -1.17326744e-01 6.86385930e-01 -2.11106867e-01
    1.02829361e+00 1.55894184e+00 4.37129796e-01 9.37428892e-01
    1.12699580e+00 1.39086425e+00 1.39605701e-01 4.40069735e-01
    3.33587378e-01 -6.72721803e-01 1.48905241e+00 5.54029524e-01
    5.30168295e-01 5.97888768e-01 -9.71910954e-01 1.43378794e+00
    1.29794872e+00 5.71341515e-01 -9.77492929e-01 -9.54316616e-01
    -9.64324892e-01 1.25556469e+00 1.74893427e+00 1.99957609e+00
    4.69111651e-01 -2.11871222e-01 -8.28157842e-01 -8.69815350e-01
    2.00625086e+00 -5.92970729e-01 -4.57548916e-01 -3.70468557e-01
    2.35844746e-01 9.36705768e-01 8.64698470e-01 5.63086152e-01
    6.75668716e-01 -4.98473316e-01 3.36853445e-01 1.55575931e+00
    -5.25983691e-01 1.75602150e+00 -8.48928034e-01 1.51784539e+00
    -7.35889375e-01 8.30746591e-01 3.74315260e-03 1.35372803e-01
    -3.76770258e-01 1.24203372e+00 -5.95898271e-01 1.17799091e+00
    8.40740979e-01 6.64184272e-01 -8.26125368e-02 1.95945251e+00
    -4.89394575e-01 1.11301231e+00 3.54250461e-01 -6.78645432e-01
    6.65686905e-01 -3.54944974e-01 8.17713737e-02 -6.32499456e-01
    3.90295945e-02 -7.69002020e-01 1.51500523e-01 1.47620547e+00
    -9.13971364e-01 -9.40896690e-01 -5.29679775e-01 9.84893918e-01
    1.94672215e+00 1.83714831e+00 -7.32546806e-01 1.43933702e+00
    7.23835886e-01 -6.25094295e-01 1.39692402e+00 1.62980527e-01
    2.65118808e-01 -6.93130195e-01 8.43689859e-01 -7.81787217e-01
    9.94695187e-01 3.33500624e-01 3.21036160e-01 7.54163275e-03
    1.64837348e+00 4.74705815e-01 1.16858292e+00 -4.35170859e-01
    -8.45635831e-02 -2.00197712e-01 6.30827785e-01 2.28967845e-01
    4.60912377e-01 1.42378914e+00 -7.01516449e-01 1.47687010e-02
    -7.58405387e-01 -2.30363850e-03 9.00536716e-01 1.15058875e+00
    7.86798000e-01 1.60077715e+00 2.93978214e-01 -6.95521384e-02
    -7.00549632e-02 -1.21116102e-01 2.01440668e+00 9.49370623e-01
    -4.35312092e-01 1.77203989e+00 8.97432566e-01 1.32461858e+00
    1.02305567e+00 -5.17015494e-02 -3.75541210e-01 1.32577956e+00
    -1.85518041e-01 -2.35375807e-01 -7.62658834e-01 8.09130549e-01
    1.12743020e+00 -2.33292907e-01 -6.59044683e-01 1.00685668e+00
    1.20488560e+00 -1.84593350e-01 1.43580937e+00 1.92883921e+00
    -1.52071878e-01 3.66855145e-01 -5.34311831e-01 -4.08422559e-01
    -1.88921720e-01 -6.89735234e-01 3.98283452e-02 2.96479225e-01
    1.22456455e+00 7.63878703e-01 -7.55441561e-02 1.58100843e-01
    6.10800445e-01 -9.32812572e-01 1.43469667e+00 6.69157326e-01
    1.56996346e+00 -5.95764339e-01 1.48811710e+00 -4.17289078e-01
    -5.13572805e-02 5.53261697e-01 5.36382198e-04 1.71819317e+00
    1.51775694e+00 1.83150625e+00 1.47954023e+00 1.26300466e+00
    1.00546873e+00 1.86577058e+00 4.27811950e-01 -7.42009342e-01
    1.30904162e+00 1.70400012e+00 8.91587317e-01 1.45796537e+00
    1.23834598e+00 -8.67388129e-01 1.52070653e+00 -2.71841526e-01
    1.15339792e+00 -5.83500743e-01 1.33879662e-01 -6.43707633e-01
    -2.61683643e-01 6.31272912e-01 -9.08335328e-01 1.72608376e+00
    9.69768107e-01 7.80295074e-01 1.23369789e+00 3.98667186e-01
    -1.89294517e-01 -4.07875687e-01 1.81236088e+00 -2.53623396e-01
    1.83089650e+00 -3.77754211e-01 3.29943657e-01 1.14614189e+00
    8.40942085e-01 4.39450085e-01 -6.95396245e-01 1.37836635e+00
    -3.75516504e-01 1.70662451e+00 1.67493808e+00 6.77193820e-01
    -9.08729851e-01 -9.86353219e-01 1.92313027e+00 -1.23837382e-01
    1.81543410e+00 -1.85246632e-01 1.15233219e+00 3.79933536e-01
    1.87350059e+00 1.10973585e+00 1.31402838e+00 3.50639001e-02
    1.05194759e+00 3.29636693e-01 -8.56427073e-01 2.24069685e-01
    7.91834176e-01 3.73809695e-01 1.91276395e+00 1.08308947e+00
    1.02576864e+00 1.79522073e+00 1.69927621e+00 5.38531184e-01
    -1.81964368e-01 -8.01027238e-01 7.06570387e-01 -2.95173943e-01
    2.03937840e+00 -8.47949028e-01 1.57268572e+00 1.79405367e+00
    1.42609656e+00 -7.07067430e-01 9.94430184e-01 -9.48506221e-02
    3.50680470e-01 1.46484268e+00 -3.94930661e-01 -4.72635508e-01
    1.51944911e+00 4.96201426e-01 4.20768797e-01 -1.17246866e-01
    1.66673064e-01 -6.08107686e-01 -5.28640270e-01 9.45698738e-01
    3.72480750e-01 1.15419185e+00 -1.91921711e-01 6.91295087e-01
    -8.31374466e-01 8.82040739e-01 2.08196044e+00 -7.08912611e-01
    3.90683502e-01 -7.24714518e-01 4.93560165e-01 -3.70981425e-01
    1.91855395e+00 9.41377506e-03 -8.87849808e-01 1.58348417e+00
    1.80209029e+00 5.44057369e-01 -7.74264753e-01 1.08700836e+00
    3.30790758e-01 -3.30095977e-01 1.01671064e+00 -3.33366960e-01
    7.13262379e-01 1.16929388e+00 6.96237803e-01 4.70168293e-01
    -5.29717915e-02 -5.49103379e-01 6.43332779e-01 6.57184958e-01
    1.11944246e+00 1.86715984e+00 -5.36474818e-03 -1.78578347e-01
    1.62703860e+00 1.33508945e+00 1.00078091e-01 1.74694014e+00
    1.54770410e+00 7.33289719e-01 -5.44907749e-01 -1.54894367e-01
    9.05646324e-01 6.42272115e-01 6.99309886e-01 1.17491627e+00
    1.51526773e+00 1.44045639e+00 1.85634363e+00 9.41593051e-01
    1.20643508e+00 1.48401964e+00 9.60432112e-01 1.58048868e+00
    2.06884310e-01 -4.03122813e-01 4.75496054e-03 -7.00383186e-01
    1.77419853e+00 7.21876323e-01 -4.28713083e-01 5.17384112e-01
    -2.96485126e-01 1.51325774e+00 -1.12518415e-01 1.73729539e+00
    1.91163480e+00 -5.31932533e-01 -2.72817582e-01 1.92986369e+00
    9.49836254e-01 1.29087269e+00 1.57303905e+00 -1.13454230e-01
    -3.52831453e-01 1.08299863e+00 1.30083394e+00 -2.69951582e-01
    -2.42869243e-01 7.62063563e-01 -9.23491836e-01 1.35755670e+00
    1.20506096e+00 1.02712488e+00 9.79544282e-01 1.20311841e-01
    -6.43640697e-01 2.07650036e-01 5.89673817e-01 1.78889775e+00
    1.31338283e-01 1.59229898e+00 5.45605659e-01 -3.57913524e-01
    -5.42682886e-01 1.80821002e+00 -8.41881335e-01 -4.04492676e-01
    1.89851499e+00 8.68580103e-01 1.00186157e+00 -5.38066089e-01
    8.75369310e-01 -9.31572556e-01 -3.57680112e-01 1.12005007e+00
    1.56487787e+00 5.50606430e-01 1.08561373e+00 -7.02242076e-01
    -4.96621169e-02 -5.88417411e-01 -2.61225820e-01 1.00966251e+00
    1.52271375e-01 5.15551984e-01 5.39116450e-02 1.18321824e+00
    4.94606346e-01 -1.07408002e-01 2.83400416e-01 5.15523739e-02
    9.66987550e-01 -4.28747445e-01 -1.74094662e-01 1.42763209e+00
    -6.59002304e-01 4.44921516e-02 1.18415248e+00 8.20700049e-01
    -1.14013039e-01 -3.32761168e-01 -2.23890230e-01 1.24993432e+00
    -6.33813024e-01 1.20018430e-01 3.20279747e-01 3.73139143e-01
    1.34174898e-01 1.74582198e-01 -4.63886678e-01 6.62523925e-01
    1.83571529e+00 2.02163547e-01 -5.47237992e-01 4.96195406e-01
    -7.27463424e-01 7.83971176e-02 1.88042784e+00 -8.22619736e-01
    9.21412051e-01 1.78039384e+00 1.64722562e+00 2.64963657e-01
    1.63865042e+00 1.37233031e+00 -2.38035634e-01 1.07359195e+00
    -2.01745987e-01 1.73853385e+00 1.76700497e+00 1.54478586e+00
    1.96487045e+00 1.11403811e+00 1.03223407e+00 -8.41080070e-01
    5.64466059e-01 1.24497902e+00 1.34054255e+00 1.54756141e+00
    1.20509779e+00 -7.90570557e-01 1.39101207e+00 1.34423137e-01
    7.82230049e-02 5.74588776e-01 -6.24238610e-01 1.66584086e+00
    1.24211025e+00 1.19899166e+00 -5.39876223e-01 2.81317055e-01
    3.80428761e-01 7.40880072e-02 4.03982908e-01 -4.99727935e-01
    -8.31656873e-01 7.34103203e-01 1.40813386e+00 3.08050573e-01
    1.96167320e-01 5.98414421e-01 -7.00568676e-01 1.17407775e+00
    -6.08654739e-03 1.99106431e+00 1.39847267e+00 1.80047441e+00
    6.90444291e-01 1.70152879e+00 -7.22485840e-01 8.17430079e-01
    1.44210982e+00 9.71917868e-01 -9.44642961e-01 1.86441898e+00
    2.85517097e-01 1.30964625e+00 7.79207349e-01 6.95412576e-01
    -4.10649925e-01 1.07000554e+00 1.24893785e+00 -3.32766682e-01
    1.27910328e+00 -5.13340116e-01 -5.63643098e-01 -7.50451908e-02
    7.93411136e-01 7.65393078e-01 -8.05771351e-01 1.74583507e+00
    1.52533376e+00 -5.19074082e-01 -3.59672904e-01 1.86049163e+00
    1.65163314e+00 8.56652915e-01 -6.32301927e-01 -8.15274537e-01
    -5.55183947e-01 -8.74806881e-01 6.55978978e-01 9.38661814e-01
    1.71907783e+00 1.28617907e+00 -1.44966081e-01 7.99823582e-01
    -4.47446078e-01 2.31086150e-01 -8.54544580e-01 -4.62649107e-01
    2.78637320e-01 -4.09497887e-01 1.79004991e+00 7.57569909e-01
    1.41452813e+00 -4.31175053e-01 5.30174494e-01 -1.29402010e-02
    -7.58534223e-02 -5.02453804e-01 -7.83310175e-01 1.81562018e+00
    1.13520849e+00 2.36798208e-02 1.95261800e+00 1.44716132e+00
    -2.70639807e-01 -2.38838032e-01 8.39523375e-01 2.85991821e-02
    1.33171511e+00 7.65081197e-02 -7.08875954e-01 6.53508246e-01
    8.07719827e-01 2.52207797e-02 3.45416546e-01 1.66976857e+00
    -9.59627211e-01 1.17600739e+00 5.89033306e-01 1.36639571e+00
    7.92267680e-01 -8.31982076e-01 4.28140879e-01 7.70366073e-01
    1.16583383e+00 8.22084367e-01 -4.40931886e-01 -9.99416173e-01
    -4.35327291e-01 7.32455134e-01 4.63765889e-01 -1.29021883e-01
    5.82079589e-01 6.32680595e-01 -4.38614279e-01 -3.62741381e-01
    1.12133253e+00 5.08321524e-01 -1.83388203e-01 -6.32358134e-01
    -7.03708887e-01 8.40708792e-01 1.86850679e+00 -2.82781441e-02
    1.28821945e+00 -3.40284348e-01 -5.54720610e-02 -7.19670475e-01
    1.34843314e+00 -6.02145344e-02 -3.66557062e-01 1.58216262e+00
    1.44961584e+00 9.03769135e-01 3.05480242e-01 4.46433127e-02
    1.17404890e+00 1.67053446e-01 1.28729343e+00 -5.69046363e-02
    -7.50445366e-01 1.52440274e+00 -4.88415658e-01 1.52547324e+00
    1.59569156e+00 -9.15661395e-01 -2.25508079e-01 1.26905406e+00
    1.09912777e+00 -5.03756464e-01 2.14592628e-02 -3.05651903e-01
    9.31241632e-01 1.14667988e+00 1.92152190e+00 -2.97906995e-01
    -3.93831491e-01 1.57716906e+00 1.55609477e+00 1.53426814e+00
    8.33036542e-01 1.01366842e+00 2.13819116e-01 1.51470375e+00
    -8.99084434e-02 -2.61676878e-01 -3.78329784e-01 -7.27295160e-01
    1.06675076e+00 4.94749665e-01 -6.13314748e-01 9.79162931e-01
    1.99762970e-01 -8.12750220e-01 -5.65051697e-02 -2.01165035e-01
    1.45479608e+00 5.11541903e-01 1.28015840e+00 8.03617418e-01
    -8.40849578e-01 1.45526481e+00 -6.81664646e-01 1.76110756e+00
    -8.79327238e-01 7.19485819e-01 -6.04912877e-01 6.96812093e-01
    8.02454203e-02 -7.62089670e-01 -4.84830379e-01 -8.99924755e-01
    -3.17202777e-01 1.27241778e+00 -7.20014513e-01 -1.62630171e-01
    2.05109382e+00 -7.68159091e-01 -8.42124164e-01 -7.40332842e-01
    7.24016786e-01 9.56043601e-01 7.68105209e-01 1.28399289e+00
    1.12240767e+00 1.28778994e+00 3.06736082e-01 -1.74680948e-01
    1.50768614e+00 1.48522139e+00 4.44058985e-01 -1.12186201e-01
    7.71739602e-01 -8.21321726e-01 1.47782862e+00 -2.05503345e-01
    1.59709111e-01 -7.21403658e-01 2.01057601e+00 2.20432997e-01
    9.65826735e-02 -8.18012774e-01 1.09440541e+00 7.10802436e-01
    3.16222310e-01 7.78533891e-02 8.29610050e-01 4.58972663e-01
    8.86001289e-01 -7.43924916e-01 5.43758571e-01 -8.62516284e-01
    1.48393333e+00 4.01711434e-01 -4.86174762e-01 7.61330903e-01
    7.81265438e-01 -4.26931173e-01 -7.92519033e-01 -7.55824924e-01
    7.16125309e-01 6.63383603e-01 1.35174525e+00 -5.29020011e-01
    6.36650145e-01 6.98831558e-01 -6.31785452e-01 -8.33772030e-03
    1.44861686e+00 -8.88810530e-02 1.74617445e+00 1.40608072e+00
    1.90294817e-01 -2.89636433e-01 -3.77334744e-01 1.85475814e+00
    1.27625060e+00 -7.24624813e-01 1.25721598e+00 6.41616642e-01
    1.37484121e+00 -9.72745419e-01 8.41219366e-01 -5.28394282e-01
    1.31501198e+00 -6.91730738e-01 1.18246412e+00 -7.40801334e-01
    7.52818227e-01 1.88693953e+00 1.47567093e+00 6.89118981e-01
    1.30860090e+00 1.21575701e+00 -9.33408439e-01 1.64788783e+00
    1.52106035e+00 8.93570840e-01 1.89750671e+00 5.11138082e-01
    8.89154196e-01 2.48968989e-01 -8.44509363e-01 4.49226767e-01
    8.65492523e-01 4.50990140e-01 8.03421289e-02 1.19146347e+00
    1.72862732e+00 5.38146257e-01 1.78207409e+00 -1.47428155e-01
    5.07167935e-01 -4.31449175e-01 1.68741238e+00 1.08902030e-01
    1.48659706e-01 1.13373899e+00 -2.42889136e-01 6.32721364e-01
    1.68673480e+00 -1.03749663e-01 8.98094475e-02 1.43557191e+00
    1.54092026e+00 9.44812059e-01 1.06158280e+00 -1.65784508e-01
    -6.17466331e-01 1.63616613e-01 1.95036626e+00 1.36574912e+00
    1.16493993e-01 -1.50390536e-01 9.50464487e-01 -2.56734341e-02
    -1.11007527e-01 -1.93541557e-01 2.39320874e-01 5.13959885e-01
    1.50889367e-01 1.18154911e-02 1.52100933e+00 -3.28462750e-01
    -2.20267028e-01 7.36559033e-01 -3.68338466e-01 1.45701671e+00
    9.98736739e-01 5.71674824e-01 8.87711346e-01 1.78733325e+00
    1.69119501e+00 1.87901890e+00 9.73955631e-01 2.77001768e-01
    4.52080220e-01 1.39546609e+00 4.87518400e-01 -7.66480565e-01
    6.78563118e-01 -7.45153010e-01 8.63569498e-01 3.11201602e-01
    -4.57657576e-01 5.41770577e-01 -6.13884985e-01 1.79020926e-01
    -1.48607165e-01 -8.67770791e-01 2.23458484e-01 -7.42375478e-02
    1.00563097e+00 -7.58961812e-02 1.44341540e+00 7.50395477e-01
    1.62640095e+00 1.23080277e+00 -4.99328941e-01 1.16387844e+00
    1.31793308e+00 1.28809834e+00 1.81627822e+00 8.89893293e-01
    -4.89423811e-01 1.03089726e+00 -2.82810807e-01 2.01849866e+00
    -3.09831202e-01 -1.37044981e-01 -1.17810160e-01 1.71191120e+00
    -8.60806942e-01 1.42511201e+00 1.26539528e-01 -1.35948211e-01
    1.90052092e-01 1.27891827e+00 -1.02123074e-01 1.87123907e+00
    -6.62874997e-01 -2.28402779e-01 1.80454898e+00 1.90064728e+00
    3.06398183e-01 1.66741800e+00 -1.06005597e+00 8.45343173e-01
    1.54601872e+00 1.49252915e+00 5.54385126e-01 -3.95232260e-01
    1.36291444e+00 6.35301590e-01 -2.53977358e-01 -2.40908638e-01
    1.43091667e+00 6.31310701e-01 6.80892706e-01 4.68304873e-01
    -7.90556520e-02 -5.85796058e-01 1.88818455e+00 1.23582649e+00
    1.73066413e+00 1.86012352e+00 -3.15601975e-01 1.57263505e+00
    9.32716131e-01 3.89938712e-01 1.37279403e+00 1.62523198e+00
    -3.59082133e-01 -3.11486244e-01 1.82233858e+00 9.02074337e-01
    8.85655463e-01 -9.45946395e-01 -7.52915978e-01 9.15578187e-01
    7.05492318e-01 1.81614712e-01 1.39116299e+00 9.46469426e-01
    1.57047868e+00 1.50250107e-01 -3.04635405e-03 1.30240297e+00
    1.03509414e+00 2.12828457e-01 9.16683078e-01 -1.57701135e-01
    1.87695765e+00 2.99326479e-01 -6.36762023e-01 -4.55179572e-01
    -3.78490180e-01 -6.61784351e-01 -6.34114683e-01 -5.68881094e-01
    9.24086034e-01 6.01389468e-01 8.79851997e-01 1.32342052e+00
    1.44339100e-01 9.35128450e-01 4.67687994e-01 1.29790461e+00
    8.43455672e-01 -5.99442065e-01 1.99276531e+00 7.34329700e-01
    1.08184487e-01 -5.69284618e-01 -5.49051166e-03 1.13273668e+00
    -5.00070080e-02 1.64786685e+00 1.06371546e+00 2.38702565e-01
    1.40761602e+00 1.36298907e+00 1.16360199e+00 1.11083949e+00
    -8.25982928e-01 -8.95604566e-02 1.42040753e+00 7.78141618e-01
    1.99914145e+00 -2.10347161e-01 1.76239336e+00 3.54003608e-01
    1.05497098e+00 8.29692483e-01 8.01505566e-01 -6.98965371e-01
    1.84270096e+00 1.27170110e+00 1.09802616e+00 1.55317414e+00
    6.96550012e-01 1.81600666e+00 6.00626111e-01 -8.42078269e-01
    2.02954888e+00 5.23021698e-01 -5.69140911e-01 -5.12672901e-01
    1.33924949e+00 -1.52628511e-01 5.84704518e-01 8.02403033e-01
    -1.52341425e-02 1.85810581e-01 -1.05454795e-01 -8.08919013e-01
    -9.43893611e-01 2.31296256e-01 -6.36593699e-01 -1.98889643e-01
    1.12401855e+00 -2.07807973e-01 -5.16470313e-01 3.22863102e-01
    -6.94150403e-02 1.69494677e+00 6.04499504e-02 8.17520395e-02
    -8.97922873e-01 3.24263185e-01 -4.42634046e-01 2.72359347e+00
    1.18759012e+00 5.55322945e-01 -1.25929609e-01 5.20170391e-01
    1.82070005e+00 1.53718233e+00 1.84564173e-01 -4.53838140e-01
    8.62331569e-01 -7.34772503e-01 1.59925222e+00 1.57857108e+00
    9.52429414e-01 -4.97085899e-01 1.85874867e+00 -1.00921702e+00
    4.86904383e-01 1.25762951e+00 3.38932388e-02 1.39329875e+00
    8.66593897e-01 -7.37079740e-01 2.73391187e-01 2.23505661e-01
    -4.15356606e-01 -8.93702447e-01 2.14892611e-01 1.93037912e-01
    1.58185446e+00 1.36764836e+00 1.15812027e+00 1.47093654e+00
    8.88892829e-01 1.83677030e+00 1.05776882e+00 -4.48022455e-01
    2.19888359e-01 1.61808503e+00 -1.30205229e-01 7.18549848e-01
    1.66990459e+00 1.31101835e+00 1.46676838e+00 -6.49791479e-01
    3.58240217e-01 1.13024163e+00 2.44225875e-01 1.04799068e+00
    1.42267275e+00 -7.23616499e-03 1.91303635e+00 8.53434443e-01
    -9.34399188e-01 4.88655001e-01 -7.38028586e-01 1.62124562e+00
    -2.92163551e-01 -6.21695280e-01 -4.61670637e-01 -1.66644022e-01
    -3.34095061e-01 1.81474698e+00 -2.60520130e-01 -8.54060411e-01
    8.53423178e-01 1.14497125e+00 -2.42049441e-01 1.37541163e+00
    -4.62125629e-01 -5.77361658e-02 1.54459131e+00 9.54554558e-01
    -8.40212107e-01 1.28623450e+00 4.40762371e-01 1.48699296e+00
    1.01555981e-01 -3.19264352e-01 1.70017481e+00 -4.83466327e-01
    1.21564066e+00 1.28841555e+00 1.38390660e-01 -2.57887393e-01
    -3.58405143e-01 1.50669622e+00 5.70977986e-01 5.11734068e-01
    -5.56726396e-01 1.71652007e+00 7.92579174e-01 5.27005017e-01
    -7.28424430e-01 -9.45842803e-01 8.06778073e-01 -7.78829679e-02
    1.86245203e-01 1.51922381e+00 1.47360706e+00 -5.06991923e-01
    1.44109952e+00 -7.90530860e-01 1.26177025e+00 -5.67627370e-01
    1.77601624e+00 1.77817941e+00 1.60873652e+00 -4.59121823e-01
    1.50945652e+00 6.87041342e-01 -2.48798430e-01 -1.39891207e-01
    4.10243481e-01 1.22185659e+00 6.96489334e-01 3.46530497e-01
    1.87756348e+00 9.32689369e-01 1.42714155e+00 1.06935501e+00
    -3.58851969e-01 1.64309752e+00 -3.25246245e-01 -9.44785595e-01
    1.28872216e+00 7.92475045e-01 -1.33346152e-02 9.55961823e-01
    1.20474339e+00 7.65605628e-01 -3.84466767e-01 -4.38825667e-01
    9.70097661e-01 -2.22991824e-01 1.71149635e+00 4.40532416e-01
    1.67497051e+00 1.28588974e+00 8.11548829e-01 3.35050344e-01
    -2.06996143e-01 1.90744054e+00 2.14574218e-01 1.50780392e+00
    -5.42126596e-01 4.09305990e-01 -7.29582667e-01 -3.64690423e-02
    -4.60678905e-01 -1.23175830e-01 -3.76700819e-01 -6.58937931e-01
    6.70277119e-01 1.32828915e+00 5.48336267e-01 -9.39778447e-01
    -9.68079805e-01 -7.24862099e-01 -2.33573645e-01 -7.53908515e-01
    1.73300374e+00 1.61266960e-02 1.56246459e+00 8.06539237e-01
    -3.06128204e-01 -2.89635509e-01 -7.24422872e-01 1.36063910e+00
    1.55827904e+00 -4.30208176e-01 5.86940765e-01 3.08352381e-01
    -4.71045792e-01 1.14124095e+00 -4.49306369e-01 3.23292762e-01
    1.60880065e+00 6.89133286e-01 8.63501132e-01 1.25018403e-01
    5.36006927e-01 8.74284923e-01 1.73577428e+00 -4.61554825e-02
    1.78607833e+00 7.33867705e-01 1.52225530e+00 -8.05792451e-01
    1.16873920e+00 1.27204776e+00 1.02065742e+00 1.15548849e+00
    9.31075096e-01 1.15691030e+00 1.28389895e+00 -2.39496037e-01
    1.86764121e+00 1.38966405e+00 -2.04786047e-01 -7.93172598e-01
    -9.30024087e-02 1.15705276e+00 -7.29969084e-01 -9.39623713e-01
    4.97207567e-02 4.45832163e-02 1.34572530e+00 1.95374107e+00
    -6.61433280e-01 1.18680155e+00 2.04547659e-01 -8.77793729e-01
    -2.90076435e-01 9.48638737e-01 1.26458168e+00 -6.23735666e-01
    1.75259745e+00 -3.68479609e-01 2.70330191e-01 4.43600655e-01
    -1.30797289e-02 1.32382011e+00 -5.71473062e-01 2.61963725e-01
    -7.84306109e-01 -3.75022680e-01 7.89081275e-01 8.00979044e-03
    -5.47672927e-01 2.75918514e-01 3.98360372e-01 5.28987527e-01
    -7.21210420e-01 9.73583758e-01 4.12645936e-01 6.15994275e-01
    4.16211098e-01 1.19959295e+00 1.74459851e+00 1.81242990e+00
    6.30750656e-01 2.72512525e-01 -5.57107747e-01 -8.11539650e-01
    9.39114809e-01 1.71637908e-02 -1.18863538e-01 -6.68269753e-01
    -7.82622993e-01 1.07130527e+00 2.21001998e-01 6.57537639e-01
    5.28272875e-02 6.30056560e-01 1.20398834e-01 1.30291891e+00
    -4.67831224e-01 1.65727004e-01 7.95160770e-01 -8.53209555e-01
    3.06609035e-01 1.63890576e+00 -1.22968316e-01 9.90843594e-01
    1.21964216e+00 5.69438696e-01 -7.41203308e-01 -2.43591160e-01
    -1.15274735e-01 8.78705859e-01 -8.89734924e-01 7.65093267e-01
    -4.28376824e-01 5.46518862e-01 1.30763113e-01 4.27406311e-01
    7.01381087e-01 6.75786972e-01 9.35905352e-02 -1.64669603e-01
    -3.62149417e-01 1.80087900e+00 -9.15790081e-01 -1.78560019e-02
    -1.24795794e-01 1.57208991e+00 8.62062216e-01 5.54425597e-01
    -9.13361847e-01 -9.19663489e-01 7.81956494e-01 -5.49126148e-01
    -2.48565137e-01 8.12710226e-01 -1.74034268e-01 -6.78028762e-01
    -4.60210294e-01 -7.17362404e-01 4.27322209e-01 -6.64250195e-01
    1.57684362e+00 -7.59232521e-01 -4.42016900e-01 -5.45501336e-02
    -5.33115029e-01 -2.56299585e-01 -4.41376507e-01 -2.52459273e-02
    -3.17454219e-01 1.20300353e+00 1.53521991e+00 1.67357290e+00
    -4.73393232e-01 -2.60719061e-01 9.35858727e-01 1.59458101e-01
    -3.20103556e-01 1.10674059e+00 1.72405493e+00 -1.36868343e-01
    4.76291358e-01 1.06597340e+00 -7.17837572e-01 1.29204667e+00
    1.61494601e+00 8.85215044e-01 -3.72188538e-01 1.65286005e+00
    3.31702620e-01 1.32352483e+00 -3.77545357e-01 2.07683176e-01
    3.10179234e-01 1.58910918e+00 8.61360908e-01 1.24388289e+00
    4.19486612e-01 4.20221210e-01 3.74229670e-01 -3.04166883e-01
    -8.60981464e-01 -4.42911327e-01 1.56364942e+00 2.28870898e-01
    5.04318893e-01 5.05253747e-02 2.47558001e-02 1.85513413e+00
    -5.32366693e-01 8.57091427e-01 1.80278945e+00 1.11608237e-01
    1.41732264e+00 5.60303807e-01 -7.64438063e-02 1.75395977e+00
    -7.84615397e-01 3.42512801e-02 1.51826108e+00 1.73480415e+00
    1.64028227e+00 5.12616575e-01 -8.37325335e-01 -3.75251919e-01
    4.23631847e-01 1.00143981e+00 -1.19072266e-01 7.00073898e-01
    1.26927352e+00 -6.90052748e-01 9.45636481e-02 -4.62092757e-01
    6.31041825e-01 -4.31213796e-01 1.28997076e+00 5.24999142e-01
    2.44346038e-01 1.44083989e+00 1.63531363e+00 6.98399991e-02
    1.90484893e+00 -8.75311732e-01 9.94830951e-02 -4.82964724e-01
    -9.85622182e-02 1.60608447e+00 9.93395984e-01 3.31685096e-01
    -1.05439818e+00 5.09701133e-01 1.19275343e+00 8.59125435e-01
    -8.72736275e-01 -1.85604766e-01 1.68648779e+00 -2.36736853e-02
    4.71623003e-01 1.86774480e+00 -5.63250899e-01 -2.30488569e-01
    1.28156900e+00 1.08355641e+00 6.93634391e-01 -2.90164113e-01
    1.79780304e+00 1.80361414e+00 6.01345534e-03 1.89124253e-02
    -3.26267928e-01 1.67007351e+00 -3.10990755e-02 -2.37745807e-01
    2.54491001e-01 -3.40891123e-01 3.50264698e-01 1.44803572e+00
    7.73906887e-01 -6.62196636e-01 -4.59951580e-01 -1.75854228e-02
    1.42098475e+00 2.04316211e+00 1.61528933e+00 6.80302083e-02
    1.26449192e+00 8.44205141e-01 -7.77292311e-01 -3.05262804e-01
    9.28729415e-01 1.49475718e+00 8.32784891e-01 6.61604881e-01
    1.36806083e+00 9.56486106e-01 8.14963579e-02 1.75076878e+00
    2.03197300e-01 1.01508796e-01 1.46584761e+00 5.08796692e-01
    1.59361899e+00 1.15760672e+00 1.95328742e-01 9.82805312e-01
    1.86150002e+00 9.48707044e-01 3.07420567e-02 1.92245364e+00
    1.32817280e+00 -1.09702013e-01 1.24145865e+00 -3.81268531e-01
    -1.51671961e-01 4.11877185e-01 2.03546309e+00 -5.86882412e-01
    1.58923519e+00 -4.56548899e-01 1.92694759e+00 -4.91171390e-01
    1.71245539e+00 -4.48407173e-01 1.02062893e+00 6.31933987e-01
    2.63177961e-01 -5.41355252e-01 4.39351529e-01 1.25247300e+00
    -2.52139330e-01 1.03093183e+00 1.42575276e+00 1.83983183e+00
    6.41582906e-01 -3.21629457e-02 7.99873531e-01 -4.34429049e-01
    1.41792607e+00 -8.07756633e-02 -7.47820139e-02 4.74436551e-01
    5.56168854e-01 1.44592690e+00 1.67293918e+00 1.03482269e-01
    1.79192555e+00 8.34366262e-01 1.87013578e+00 -4.74279076e-01
    -6.80576563e-01 7.65963867e-02 -6.91679418e-01 1.47486842e+00
    1.58108437e+00 -2.21371934e-01 -6.05307698e-01 5.16001284e-01
    1.29506505e+00 -4.56306756e-01 -3.99492174e-01 -7.38724992e-02
    1.05123079e+00 5.68347096e-01 -6.40399456e-01 2.36384615e-01
    1.53612614e-01 1.77894187e+00 9.96406898e-02 3.55386794e-01
    1.50226295e+00 -2.01832935e-01 -3.94596219e-01 2.69540024e+00
    1.78510273e+00 4.42154795e-01 1.70950687e+00 9.05211568e-02
    1.13442636e+00 1.28988099e+00 9.48758602e-01 1.30354881e+00
    2.83090562e-01 7.70060599e-01 8.31980348e-01 -9.19523418e-01
    -4.86359447e-01 5.63684180e-02 1.59271777e+00 1.12399054e+00
    1.40784347e+00 7.31214046e-01 -8.56401205e-01 -9.00189042e-01
    -3.96107912e-01 -3.97127606e-02 1.30593991e+00 2.46442616e-01
    -4.33999568e-01 1.75987637e+00 -5.70066035e-01 1.65232509e-01
    1.50324821e-01 -5.88702083e-01 1.55154526e+00 3.86251271e-01
    3.38812232e-01 1.56462955e+00 -8.48456800e-01 3.12689841e-01
    -4.29344714e-01 8.02646399e-01 -2.80941248e-01 2.84420580e-01
    6.49417579e-01 6.22651875e-01 -6.25932992e-01 1.32489002e+00
    1.90962160e+00 -1.54657541e-02 5.56743378e-03 5.63006401e-01
    6.88832521e-01 3.50619793e-01 -5.98399282e-01 4.08972353e-01
    8.62635672e-01 2.58986652e-01 1.88308465e+00 5.95623910e-01
    1.16478276e+00 -6.20018482e-01 1.89528584e+00 1.14730394e+00
    9.80767515e-03 1.32568216e+00 2.31566429e-01 9.58481908e-01
    7.21650481e-01 2.04287362e+00 1.58018160e+00 -8.36351216e-01
    1.57924163e+00 -6.40190065e-01 1.87482798e+00 1.89909697e+00
    1.32211924e+00 6.89651430e-01 1.22355950e+00 7.72951066e-01
    1.31376207e+00 6.55556440e-01 -3.01821470e-01 1.58394623e+00
    4.49529648e-01 -7.28602648e-01 8.58545482e-01 -1.16968244e-01
    1.02601874e+00 1.84060144e+00 -5.49373984e-01 8.66996706e-01
    -2.82791197e-01 -2.44456470e-01 7.78634012e-01 1.89779294e+00
    -4.59816426e-01 1.54414475e+00 1.45351231e+00 1.85245350e-01
    1.17017460e+00 1.26858950e+00 -9.25510764e-01 -6.82487547e-01
    1.72001278e+00 -6.40227199e-01 7.65581906e-01 1.07642031e+00
    1.44445443e+00 -8.99731994e-01 1.82359755e+00 -6.36735260e-01
    2.98193365e-01 4.06740122e-02 4.81509715e-01 9.85261202e-01
    1.76136017e+00 -9.22894359e-01 8.61880600e-01 9.65773404e-01
    1.77202487e+00 1.21407914e+00 9.78669763e-01 1.34655893e+00
    -5.64383447e-01 1.66288853e-01 9.58956063e-01 -7.45911181e-01
    1.51803696e+00 7.81245112e-01 3.07147473e-01 -1.76828355e-01
    1.73549247e+00 -3.90538633e-01 -5.30785263e-01 2.81136215e-01
    1.72170973e+00 1.39638233e+00 9.83553767e-01 3.87916863e-01
    -6.95916265e-02 9.00090933e-02 1.17870164e+00 2.31833741e-01
    -6.09423876e-01 -5.61488450e-01 -5.78525104e-02 -1.66523084e-01
    1.79688692e+00 -2.36479446e-01 1.30111730e+00 -8.01809609e-01
    9.97670889e-01 -8.86621773e-01 1.25959098e+00 9.81931448e-01
    1.68269300e+00 1.07338011e+00 1.44558418e+00 6.70330524e-01
    -4.98759091e-01 -9.26595211e-01 1.55720246e+00 8.56166035e-02
    1.96584016e-01 1.80480123e+00 1.17888319e+00 2.36065790e-01
    1.41824257e+00 -4.35349762e-01 -1.23720951e-01 1.31069970e+00
    -9.00336802e-02 -3.35666329e-01 1.51996613e-01 -8.23220730e-01
    -2.22182482e-01 6.16416931e-01 1.13787174e+00 1.81976676e+00
    1.26495707e+00 7.51917899e-01 -5.36540627e-01 7.01379776e-01
    -1.16046734e-01 3.89242649e-01 3.25097024e-01 6.25082433e-01
    5.24758995e-01 -3.84141326e-01 9.79353249e-01 1.49723864e+00
    9.80065405e-01 1.27668858e+00 1.31346703e+00 -1.83717117e-01
    1.39603353e+00 6.26064658e-01 6.33087277e-01 -6.64360940e-01
    1.91732454e+00 -6.41333878e-01 -7.09762752e-01 1.74593735e+00
    8.38420212e-01 1.44756603e+00 1.16438460e+00 1.83523625e-01
    1.30289090e+00 6.12409711e-01 3.46228302e-01 1.30835795e+00
    -4.74252313e-01 1.16736984e+00 -5.46764195e-01 -2.99320877e-01
    9.98461246e-01 1.11237788e+00 9.50590670e-01 5.38086712e-01
    1.48068285e+00 7.97120869e-01 -2.71309972e-01 -6.50797844e-01
    1.55375853e-01 1.59618807e+00 -1.57246515e-01 1.01473737e+00
    -1.67105660e-01 3.22213352e-01 -9.62550998e-01 1.14096081e+00
    1.41717434e-01 9.96426761e-01 -1.32606238e-01 3.42096448e-01
    8.48316610e-01 1.58379209e+00 -8.27789187e-01 8.58282149e-01
    -8.38550150e-01 4.89977568e-01 1.15847421e+00 1.68288159e+00
    1.00391757e+00 4.54266161e-01 1.80765545e+00 -1.80470496e-01
    2.01328143e-01 -4.53618109e-01 5.86965501e-01 -4.20848697e-01
    1.08268559e+00 1.44599929e-01 1.59407258e-02 1.32987171e-01
    1.60409343e+00 1.77733147e+00 1.93241632e+00 1.85403776e+00
    -1.74694330e-01 1.44169426e+00 9.56291974e-01 -1.68386906e-01
    -4.32238588e-03 1.75911582e+00 2.36042663e-01 2.66158521e-01
    1.17272282e+00 -3.22484106e-01 1.82029963e+00 1.89017043e-01
    5.26307642e-01 1.65753376e+00 -3.05520803e-01 1.52757716e+00
    1.34080708e+00 1.72955406e+00 1.60031271e+00 6.44947410e-01
    -5.61015129e-01 8.04455996e-01 -2.67113815e-03 1.26656902e+00
    3.01322311e-01 1.55405271e+00 -2.06358820e-01 -1.84849218e-01
    2.85814017e-01 7.71704912e-01 6.37944579e-01 9.54129994e-01
    2.53085732e-01 7.21911490e-01 1.24647290e-01 -6.24202311e-01
    -3.26552361e-01 1.91398597e+00 4.21980172e-01 5.73417127e-01
    1.95277607e+00 -4.92550373e-01 2.29137614e-01 -6.61381185e-01
    9.65579510e-01 -8.61699045e-01 -3.17748040e-01 1.64191937e+00
    1.83725536e+00 1.53257358e+00 7.27867305e-01 1.20311689e+00
    -2.15367243e-01 7.02941418e-01 1.55923092e+00 -7.42537022e-01
    8.05257678e-01 -6.56033337e-01 7.17641115e-01 1.14376497e+00
    9.88255560e-01 4.55613315e-01 -1.58600897e-01 -7.77125537e-01
    1.24672294e+00 -8.94442141e-01 1.43694067e+00 -1.11235335e-01
    -7.07741678e-02 1.64330137e+00 3.98329981e-02 -5.00284731e-01
    -4.68215108e-01 -3.32937211e-01 -4.49928850e-01 -5.06392941e-02
    9.11525860e-02 1.78236568e+00 -1.03382654e-01 -5.75000823e-01
    9.77491856e-01 -4.33221728e-01 1.94824409e+00 1.95093915e-01
    -7.59080052e-01 1.05748847e-01 1.30027938e+00 1.08611512e+00
    -6.66221797e-01 6.81915134e-02 1.67281675e+00 1.16195393e+00
    -5.49300134e-01 1.21039498e+00 -2.44542435e-01 -4.36880469e-01
    1.89828694e+00 6.03817999e-01 1.59718856e-01 -6.80849373e-01
    -8.89053285e-01 1.83487368e+00 1.46365678e+00 -9.80613828e-02
    1.69462335e+00 3.49481136e-01 -6.58411831e-02 -8.61052275e-01
    5.29794455e-01 -5.82576990e-01 1.00167000e+00 1.28931725e+00
    -6.48529649e-01 1.29425973e-01 -5.21647632e-01 4.08014685e-01
    7.92392671e-01 4.45084810e-01 1.59382391e+00 1.19386232e+00
    4.48845088e-01 9.97779667e-01 9.97502729e-02 -6.22075558e-01
    1.82812035e+00 3.63072723e-01 6.98261261e-01 -6.09364808e-01
    1.64071822e+00 1.58657551e+00 1.59848499e+00 1.00635266e+00
    1.72815874e-01 -1.08642198e-01 4.63896453e-01 1.61741495e-01
    3.75952542e-01 6.66583180e-01 2.50290483e-01 2.22101405e-01
    5.64720154e-01 1.06473219e+00 8.72046471e-01 9.41908956e-01
    -4.65445936e-01 4.07337576e-01 -5.87006509e-01 -2.38179206e-03
    -6.71532631e-01 1.22884309e+00 1.01413548e+00 1.35351741e+00
    3.55531514e-01 1.36517978e+00 3.40630203e-01 6.34152234e-01
    1.79711127e+00 1.32194352e+00 9.24746096e-01 1.09411979e+00
    1.67010009e+00 -8.11603785e-01 -7.28222311e-01 9.36575472e-01
    -2.55152285e-01 9.05689418e-01 -4.96800482e-01 4.56755072e-01
    1.84656906e+00 2.54382700e-01 2.79718786e-01 7.26330161e-01
    1.63334799e+00 -6.24805391e-02 -9.66604948e-02 9.63166893e-01
    1.15957975e+00 1.67648351e+00 -1.02780402e+00 -9.36956942e-01
    -6.03684902e-01 1.18229234e+00 2.27763504e-01 1.22875321e+00
    1.05585980e+00 7.64467001e-01 -5.40807486e-01 6.54540122e-01
    -7.07339644e-01 -5.73980868e-01 1.26185175e-03 -1.85306072e-01
    1.29291725e+00 -7.61899948e-01 -1.44620880e-01 5.15491545e-01
    6.37397707e-01 1.59570050e+00 -5.19578576e-01 3.87385815e-01
    5.01862466e-01 5.02599180e-01 4.88461763e-01 1.61911976e+00
    -8.04304659e-01 1.05393946e+00 -7.49037147e-01 -2.77351379e-01
    5.32114208e-01 -4.43926603e-02 1.56390154e+00 1.09967530e+00
    -1.05690503e+00 9.97199640e-02 -7.32729375e-01 1.34237599e+00
    9.05079544e-01 -4.45143372e-01 -6.01720989e-01 -9.39760983e-01
    8.01547885e-01 9.96312559e-01 1.25675762e+00 4.89446163e-01
    1.52507102e+00 9.06576812e-01 5.87988257e-01 -3.65081817e-01
    -6.91205144e-01 1.10251832e+00 3.31417471e-01 1.16273773e+00
    6.77073002e-01 -7.67298758e-01 2.80695885e-01 6.27842247e-01
    1.15080035e+00 1.50277579e+00 1.67956734e+00 5.18042326e-01
    -1.20208837e-01 1.80203092e+00 1.26809180e+00 -6.53728127e-01
    3.78761768e-01 2.56034940e-01 2.02211738e+00 1.12170674e-01
    1.92531571e-01 1.54442891e-01 1.46808624e+00 -5.77991493e-02
    -5.52280173e-02 -2.47724637e-01 -7.21568763e-01 2.15672398e+00
    -4.49046791e-01 8.33859265e-01 6.98713005e-01 1.63874066e+00
    -7.23710477e-01 1.43808210e+00 -4.45756197e-01 1.78359687e+00
    -4.61072952e-01 3.35557550e-01 8.81889462e-01 -3.70202094e-01
    -3.00817877e-01 -5.00670314e-01 8.49312007e-01 1.40492058e+00
    1.10833681e+00 1.50615907e+00 9.85548317e-01 -6.44394219e-01
    1.32427561e+00 -3.74525309e-01 9.95805562e-01 1.01780748e+00
    -7.76646733e-01 5.52744091e-01 1.42342687e+00 1.38329220e+00
    -1.74756631e-01 -7.18517065e-01 4.44439262e-01 8.86137068e-01
    1.22959542e+00 -8.88731658e-01 -3.32843252e-02 8.90311599e-01
    -9.21346784e-01 1.79027033e+00 1.61912918e-01 -2.32430222e-03
    -3.71091276e-01 6.58472478e-01 2.87655324e-01 1.49974835e+00
    1.88089991e+00 1.41439641e+00 -5.63630879e-01 9.29484308e-01
    1.66008067e+00 -2.98812628e-01 -3.48948598e-01 4.55644965e-01
    -1.26734134e-02 4.62737858e-01 1.21150743e-02 6.74738050e-01
    -8.83252174e-02 5.23545921e-01 1.60282946e+00 2.67698884e-01
    4.61688817e-01 2.67605670e-02 -4.47157085e-01 4.26942557e-02
    3.69909972e-01 8.36741567e-01 -3.12819183e-01 1.86871096e-01
    -5.49629867e-01 -6.83643997e-01 -7.20443785e-01 1.02970719e+00
    -5.50551534e-01 -8.29447031e-01 1.13552344e+00 -1.98597118e-01
    -7.05740511e-01 2.71364659e-01 -6.81386590e-01 1.19669294e+00
    1.10906792e+00 -4.36117277e-02 -2.92819440e-01 1.15158749e+00
    1.06982851e+00 1.26468909e+00 -5.68033338e-01 1.32761312e+00
    2.87026875e-02 8.60278726e-01 1.57556236e+00 3.45466495e-01
    1.04178309e+00 1.56056717e-01 -8.55332911e-01 8.29456687e-01
    -4.78784233e-01 1.19658768e+00 1.22098947e+00 -9.05280471e-01
    5.06601453e-01 1.12453604e+00 1.06840563e+00 2.64307648e-01
    -6.02101207e-01 4.44670171e-01 1.02571774e+00 1.78080797e-03
    9.21613753e-01 1.39036655e+00 1.74777639e+00 1.13091612e+00
    -8.37554872e-01 9.54983830e-01 -1.28383994e-01 1.25464341e-02
    -8.09736848e-01 1.52713358e+00 -9.67299283e-01 9.71874416e-01
    1.47562933e+00 -3.15437406e-01 9.43974197e-01 1.12843871e+00
    -2.68451780e-01 -1.88640758e-01 -1.00524427e-04 -5.80489814e-01
    6.78065300e-01 1.71509600e+00 -1.91026524e-01 -1.00949967e+00
    1.30802739e+00 4.16910142e-01 1.84626982e-01 2.77469844e-01
    4.22204763e-01 1.57326853e+00 -7.96347737e-01 2.24734992e-01
    9.45973277e-01 1.36872077e+00 2.54338264e-01 1.15985596e+00
    -2.80975699e-01 7.59392619e-01 3.82058829e-01 1.86238039e+00
    -3.51450771e-01 5.20911634e-01 -7.16737449e-01 1.54903316e+00
    -1.40926167e-01 1.43764794e+00 1.45920265e+00 1.74148631e+00
    1.60602796e+00 1.65268207e+00 -5.01064122e-01 -2.39150986e-01
    2.82943726e-01 -3.14994961e-01 3.35117728e-01 6.26955032e-02
    3.76805097e-01 1.92651570e+00 -6.21603489e-01 -5.10895193e-01
    -7.19204903e-01 -5.68115354e-01 -8.64230841e-02 1.32316232e+00
    1.61349642e+00 -2.55796492e-01 -8.78157675e-01 -3.64843667e-01
    1.99453115e-01 1.74080610e+00 1.55518329e+00 1.79796982e+00
    1.35255611e+00 1.18027902e+00 -1.00786656e-01 -2.92761415e-01
    1.10642798e-01 8.75629246e-01 7.26814151e-01 3.89711022e-01
    1.02875841e+00 3.00796509e-01 1.14229178e+00 1.71202445e+00
    1.93314457e+00 6.85949445e-01 -8.10788572e-01 -6.57309771e-01
    -6.81526124e-01 1.36709023e+00 -4.51721042e-01 -6.32027984e-01
    7.75268137e-01 1.06501949e+00 1.34094572e+00 8.31605554e-01
    1.37400675e+00 -1.54012993e-01 -4.87887800e-01 -1.04942247e-01
    -7.62284636e-01 1.56696379e+00 -3.43861938e-01 1.81894433e+00
    5.08382499e-01 6.70429409e-01 1.05569398e+00 9.56248879e-01
    6.05362095e-02 1.57478654e+00 4.07419235e-01 -6.55529678e-01
    -4.46958870e-01 -3.83722216e-01 9.88211989e-01 1.39523053e+00
    5.76806545e-01 7.93726504e-01 6.67767882e-01 7.02100992e-01
    1.46496868e+00 -2.27156490e-01 -8.21620166e-01 -9.11830187e-01
    1.88893640e+00 -8.16734314e-01 1.14111483e+00 1.59007454e+00
    1.87194645e-01 -8.79524946e-01 9.20228004e-01 1.79468095e+00
    2.36259416e-01 1.56809258e+00 1.62057507e+00 1.87529755e+00
    1.22496277e-01 -1.05278036e-02 1.60418284e+00 5.81038296e-01
    -2.50092536e-01 -1.14797473e-01 -8.19337606e-01 -8.72409046e-01
    -1.21625908e-01 -1.56097904e-01 -4.89452511e-01 9.75866139e-01
    -6.76810801e-01 -1.05467772e+00 -1.29357412e-01 5.59323132e-01
    1.81405938e+00 1.47743642e+00 -4.02216733e-01 -4.95376647e-01
    -1.62574068e-01 1.45712054e+00 1.70258403e+00 7.87295818e-01
    1.04561520e+00 1.23758972e+00 -6.10082090e-01 1.02783370e+00
    -8.29068184e-01 1.04846549e+00 1.30894911e+00 1.28366959e+00
    3.71036887e-01 2.65387539e-02 1.54346716e+00 2.27570370e-01
    1.35837448e+00 1.66797400e+00 -7.22054839e-01 1.57770324e+00
    1.87105536e+00 1.86779583e+00 2.54456371e-01 8.57827544e-01
    -8.53117824e-01 -3.57322842e-01 -5.21835327e-01 8.29406261e-01
    6.58477008e-01 1.66784275e+00 7.94377625e-01 1.61716604e+00
    1.73231375e+00 -1.70089349e-01 7.96405971e-02 9.11351681e-01
    -4.59821433e-01 -2.01453075e-01 -7.70547628e-01 1.31419718e+00
    -1.11928649e-01 2.38945976e-01 1.88673425e+00 1.95512414e-01
    1.23677897e+00 1.97292268e+00 1.89483881e+00 6.94180310e-01
    2.23941375e-02 6.74050570e-01 -2.49676317e-01 -1.77682728e-01
    1.49683440e+00 1.08433354e+00 1.35828042e+00 3.33483815e-01
    1.70245624e+00 4.92774785e-01 -4.33682650e-01 1.65344739e+00
    -3.75195801e-01 3.37648183e-01 1.57415164e+00 9.46721315e-01
    7.00156569e-01 1.45677803e-03 1.61848259e+00 1.33267403e+00
    1.73266733e+00 5.44691205e-01 1.33567083e+00 -9.67217028e-01
    1.30480087e+00 9.60037336e-02 -5.03812969e-01 1.59093690e+00
    -1.66181117e-01 1.65247202e-01 1.11686254e+00 4.96891797e-01
    1.25716400e+00 8.91997576e-01 2.90717721e-01 1.61237612e-01
    -5.92174649e-01 -4.04978633e-01 8.84302974e-01 1.53637242e+00
    1.53134549e+00 2.87930220e-02 1.44012165e+00 7.12767780e-01
    2.50179976e-01 -2.86324352e-01 1.58328176e+00 -9.05593514e-01
    5.26564658e-01 4.42429602e-01 1.11122894e+00 1.67014790e+00
    -5.49179435e-01 -4.41777438e-01 -8.32397342e-02 1.63016185e-01
    1.09977055e+00 -8.83502126e-01 1.54191720e+00 2.21503660e-01
    1.81434274e+00 6.58883274e-01 1.77993810e+00 1.11317396e+00
    4.14812893e-01 1.77982926e+00 1.69342244e+00 5.68036914e-01
    3.19136493e-02 -1.11085564e-01 8.54226768e-01 1.19108176e+00
    1.85422122e+00 8.24747205e-01 -9.01794434e-01 8.58546436e-01
    1.79063261e+00 1.70106196e+00 1.83107042e+00 -9.87164617e-01
    1.68461859e+00 2.70015627e-01 1.63368666e+00 1.50390708e+00
    -9.22322452e-01 1.41163096e-01 2.32632935e-01 -2.14635700e-01
    1.54185450e+00 9.85104024e-01 1.89297330e+00 -6.89617574e-01
    1.33481574e+00 8.17126095e-01 3.88611048e-01 -6.91528082e-01
    3.52461040e-01 1.28289938e+00 1.52954733e+00 -6.89364731e-01
    9.58242774e-01 9.60812271e-01 1.75453651e+00 4.74646688e-01
    -6.77262604e-01 -4.63365972e-01 1.33397162e+00 9.45926666e-01
    -2.24045351e-01 1.57409251e+00 3.41777295e-01 -3.42994422e-01
    8.16555917e-01 -1.34064838e-01 -7.86874235e-01 5.37367404e-01
    9.88232493e-01 1.55513775e+00 3.59385937e-01 1.62532854e+00
    1.78324297e-01 1.39102924e+00 -6.25057757e-01 1.66607416e+00
    7.69929826e-01 2.45495468e-01 9.25928593e-01 -5.40631771e-01
    1.12068057e+00 1.28326070e+00 1.28838491e+00 -1.14982970e-01
    9.92575049e-01 -6.56611860e-01 -1.39733821e-01 7.17183650e-01
    6.58052444e-01 -1.72152653e-01 2.24481374e-02 -4.19013023e-01
    -4.21097606e-01 2.57880241e-01 1.11373687e+00 -2.60785878e-01
    7.83579469e-01 1.58024216e+00 -1.88593358e-01 -3.32653940e-01
    1.74307275e+00 -6.32532388e-02 -2.03921333e-01 -9.25023615e-01
    1.80919707e+00 2.29971811e-01 -8.32371533e-01 -4.55910116e-01
    6.79633260e-01 1.42674923e+00 1.83950448e+00 -5.40066421e-01
    4.30664718e-01 1.57342112e+00 -5.41332841e-01 3.65825772e-01
    1.26069748e+00 7.54340410e-01 -7.83290118e-02 -7.94479176e-02
    -3.02917421e-01 9.01428521e-01 -4.21736330e-01 1.75848520e+00
    -9.81633246e-01 4.10343945e-01 -6.54574692e-01 7.70882189e-01
    1.50139701e+00 -5.01791656e-01 -6.49520829e-02 1.52724457e+00
    -7.85827816e-01 -8.97191048e-01 1.15335917e+00 1.33158159e+00
    -6.40322149e-01 -3.03073317e-01 2.47383744e-01 -5.79154253e-01
    5.65655828e-01 -5.27908087e-01 1.20171022e+00 1.81743312e+00
    -1.22527197e-01 -3.43253344e-01 1.08571649e+00 1.34006178e+00
    9.77638923e-03 1.79059851e+00 9.25356984e-01 1.12210178e+00
    7.68609107e-01 9.35725719e-02 -6.05640471e-01 1.67920738e-02
    1.81903195e+00 9.94383037e-01 9.24249649e-01 -1.97107613e-01
    5.79582304e-02 2.47746423e-01 4.68623996e-01 -2.46326998e-01
    1.01190019e+00 1.59607649e+00 3.40263635e-01 -9.60752368e-01
    7.28911281e-01 1.07327795e+00 1.49666286e+00 4.26867306e-01
    -5.03022134e-01 -3.30963105e-01 -6.77186728e-01 1.83235240e+00
    1.41673893e-01 2.92530745e-01 -6.54190361e-01 -8.45358908e-01
    1.94949895e-01 1.91541576e+00 1.37087154e+00 1.38717806e+00
    7.10222781e-01 1.68235469e+00 1.36814594e+00 1.65409732e+00
    -2.02873468e-01 1.50562608e+00 8.26642156e-01 8.86550844e-01
    -8.85508358e-02 -9.32864428e-01 1.74892509e+00 -5.59958339e-01
    1.83981109e+00 1.66714692e+00 2.14251697e-01 8.74188185e-01
    7.25943446e-01 8.70646596e-01 7.47702301e-01 -5.64316511e-01
    4.05410916e-01 4.22387749e-01 -7.78384566e-01 -3.33298713e-01
    1.50931787e+00 1.81690365e-01 -6.84536040e-01 -4.82024968e-01
    1.47456074e+00 -6.73426874e-03 1.22684419e+00 -3.41307521e-01
    4.63835925e-01 2.96761900e-01 7.78021157e-01 3.75403881e-01
    1.32840383e+00 7.90486261e-02 1.43627453e+00 -4.07927811e-01
    -2.96038806e-01 1.80455279e+00 -8.96353662e-01 8.76061022e-01
    1.45938849e+00 -1.55722395e-01 -9.29083303e-02 2.30724916e-01
    1.39003885e+00 -7.09111869e-01 1.36278713e+00 -2.61595488e-01
    -4.64590013e-01 1.88902545e+00 1.05360460e+00 1.74105895e+00
    -9.76573348e-01 -4.33402434e-02 -7.33459666e-02 1.40060198e+00
    -8.50075543e-01 3.43725532e-01 6.62970006e-01 -9.95209068e-02
    1.87157691e+00 -2.60919575e-02 5.74976921e-01 -2.83859342e-01
    1.54071248e+00 1.49743348e-01 -7.56413564e-02 5.02593994e-01
    1.42617881e+00 -2.93487966e-01 1.53070295e+00 -2.79356450e-01
    -7.78646767e-01 -2.57728565e-02 5.13717830e-01 -1.74535856e-01
    1.12609088e+00 -4.74520802e-01 1.55264306e+00 1.09657395e+00
    5.28926492e-01 9.31374848e-01 -1.18876748e-01 3.63146931e-01
    -1.61533102e-01 -1.98331714e-01 -1.99039474e-01 -6.05125964e-01
    1.64563668e+00 -2.51978874e-01 -2.81806272e-02 1.90431929e+00
    1.66476977e+00 -2.82549471e-01 -9.61190999e-01 1.12290335e+00
    2.58719087e-01 1.51884747e+00 1.45612359e-01 1.82157516e+00
    -4.69506502e-01 -9.21111703e-01 8.67378294e-01 1.40869403e+00
    9.27964687e-01 -7.40516245e-01 1.26159608e+00 5.69439173e-01
    1.08471560e+00 9.12836730e-01 8.60011697e-01 9.00343895e-01
    -2.18673155e-01 -1.38089284e-01 -2.21817225e-01 8.28839421e-01
    3.84154648e-01 6.34016573e-01 1.26823676e+00 1.09118119e-01
    -3.93497288e-01 1.57012236e+00 1.29473877e+00 3.64343822e-01
    -3.32652032e-01 1.21339834e+00 2.31104367e-03 1.73950756e+00
    5.40781736e-01 -7.36869693e-01 6.23137593e-01 1.14331686e+00
    -8.57071951e-02 8.49709749e-01 3.50488484e-01 1.52237833e-01
    1.08027375e+00 1.87369096e+00 -4.03512657e-01 1.44277668e+00
    -6.63980663e-01 -8.84619281e-02 -9.37740982e-01 2.46094286e-01
    1.81994033e+00 1.02836704e+00 -6.63203597e-02 -3.11048687e-01
    6.28533661e-01 1.89823127e+00 -4.64939028e-01 -5.46734452e-01
    -8.54674578e-02 4.64781404e-01 -5.72055876e-01 1.95347369e+00
    1.10596180e+00 1.49393630e+00 4.72467899e-01 -1.70093641e-01
    -1.32666156e-01 -5.22038698e-01 -1.27118886e-01 -4.28635716e-01
    1.06422281e+00 -2.18631446e-01 -4.79584336e-01 1.61216211e+00
    9.66879010e-01 1.86031580e+00 1.25899553e+00 -4.54961538e-01
    9.74075139e-01 2.33976856e-01 1.28439581e+00 -9.60999668e-01
    6.33460164e-01 1.25729060e+00 1.53461254e+00 1.43625605e+00
    8.65829885e-01 1.66753554e+00 1.71579850e+00 -4.65518624e-01
    -3.95781964e-01 4.86674339e-01 -1.22912526e-01 -2.24052057e-01
    1.76219344e+00 1.48838902e+00 1.14527822e+00 1.37559330e+00
    1.30378258e+00 1.45532763e+00 1.92473888e+00 1.76092970e+00
    1.78660548e+00 8.98000360e-01 8.47454131e-01 7.94569194e-01
    -1.52039766e-01 -3.86479676e-01 1.39511359e+00 8.05177093e-01
    6.99873641e-02 -8.26167881e-01 7.81348705e-01 6.10728502e-01
    8.13799024e-01 1.17787743e+00 1.18899786e+00 -3.02833915e-01
    -2.27817252e-01 6.09429777e-01 1.50416756e+00 -2.27423295e-01
    1.68060660e-01 6.32637858e-01 5.59263408e-01 2.08076239e+00
    -6.70120537e-01 2.25963779e-02 1.11827993e+00 9.91229653e-01
    6.55074060e-01 1.28841448e+00 1.36895072e+00 1.25896430e+00
    1.05119681e+00 -5.19953430e-01 1.40007341e+00 2.28419378e-01
    4.09295946e-01 1.12894453e-01 1.54876605e-01 8.43230546e-01
    -8.82281899e-01 -3.18481714e-01 -7.61632621e-01 1.74943066e+00
    6.40087128e-02 6.13473594e-01 -6.79039299e-01 1.16829291e-01
    5.22926748e-01 -7.93973148e-01 1.19240379e+00 1.54901016e+00
    1.61405218e+00 2.62730092e-01 3.68529171e-01 2.32163399e-01
    -7.20944345e-01 1.95853949e+00 1.76453173e+00 -7.45097876e-01
    1.82478762e+00 5.15815496e-01 2.14953005e-01 -8.42439234e-01
    -9.42511261e-01 4.10029851e-02 1.12265694e+00 9.95244801e-01
    -7.43868947e-01 1.44931102e+00 -4.73441124e-01 -7.43535578e-01
    7.64055848e-01 -1.36238597e-02 1.52234662e+00 -2.17207819e-01
    7.62167394e-01 9.78427589e-01 -1.67166412e-01 -2.59167194e-01
    -7.39905000e-01 1.94504410e-01 1.22936606e+00 -5.62132895e-01
    1.22489059e+00 3.57822210e-01 4.50028956e-01 5.55230618e-01
    8.46079364e-02 8.06945145e-01 9.44987833e-01 1.54038489e+00
    -7.28432000e-01 1.15005684e+00 -7.13861883e-01 1.67250836e+00
    6.81057096e-01 -4.44705606e-01 1.78587568e+00 -7.29625821e-01
    1.69940841e+00 9.20734346e-01 1.53650224e+00 7.60196149e-01
    1.14496171e+00 1.76354957e+00 1.77781367e+00 1.41011691e+00
    -2.99589455e-01 -8.50902915e-01 5.97561121e-01 6.20822489e-01
    7.31052160e-01 5.91022432e-01 1.36863983e+00 2.05498517e-01
    2.49021158e-01 1.72927940e+00 1.48415339e+00 -4.88483936e-01
    -2.05766503e-02 -8.61991823e-01 3.75760168e-01 -5.86624265e-01
    1.88994920e+00 1.70601833e+00 6.79590702e-01 -3.05225194e-01
    -8.38965699e-02 1.57508576e+00 -3.59568834e-01 -1.31736442e-01
    1.88704073e+00 9.03383791e-02 5.15772820e-01 -2.97770053e-01
    1.38348520e+00 1.97928774e+00 1.38646328e+00 1.70933580e+00
    1.79612362e+00 -3.07626218e-01 -8.60327899e-01 -8.26978862e-01
    1.31646526e+00 -6.51592985e-02 1.88555811e-02 -5.09649575e-01
    -1.61246836e-01 1.14940846e+00 7.08163440e-01 8.29218447e-01
    -3.20216827e-02 2.76166946e-01 -1.92123652e-03 -5.38687468e-01
    -1.37498572e-01 -8.82053435e-01 8.32996666e-01 1.64557159e+00
    4.62792695e-01 1.42164135e+00 -4.31000084e-01 7.18218863e-01
    3.73041272e-01 4.04157490e-01 1.69432795e+00 -3.19551408e-01
    -2.66673386e-01 1.62810183e+00 -5.31723499e-01 1.77986670e+00
    8.55006397e-01 -5.31497002e-01 1.37715906e-01 1.37089491e+00
    1.31141877e+00 -5.86328983e-01 1.69530463e+00 2.19711006e-01
    -1.06100082e-01 -9.38230991e-01 8.39594603e-01 1.47366357e+00
    1.62839150e+00 9.98367190e-01 -6.80152625e-02 3.77113432e-01
    2.01794291e+00 1.78594959e+00 2.82599062e-01 1.04217482e+00
    1.20312798e+00 3.58659059e-01 9.19732630e-01 1.76896787e+00
    7.43601024e-01 -9.17897940e-01 -8.62810194e-01 8.14306617e-01
    3.51576328e-01 1.80458117e+00 8.70413721e-01 1.42336416e+00
    7.22950757e-01 1.61647224e+00 1.38541782e+00 1.25476933e+00
    -1.46052390e-01 1.89889038e+00 2.81635225e-01 -3.45899791e-01
    -2.35174865e-01 1.90859556e-01 -7.13265300e-01 -1.23051465e-01
    1.03569198e+00 7.57993937e-01 1.32185016e-02 2.08901858e+00
    -2.43684053e-01 -4.65291202e-01 9.72141266e-01 1.96082175e+00
    -5.00233054e-01 1.92783284e+00 1.39892846e-01 1.29644418e+00
    4.11587209e-01 1.86714745e+00 1.55296695e+00 3.80745769e-01
    1.91496885e+00 1.67079306e+00 1.47637236e+00 1.72749245e+00
    4.30029452e-01 4.51671898e-01 1.71701872e+00 2.85333931e-01
    1.29207861e+00 -3.70143116e-01 -3.97944272e-01 1.08329892e+00
    -1.58113450e-01 1.59143078e+00 -6.01226129e-02 1.16281617e+00
    1.38793600e+00 -6.23991013e-01 1.33106363e+00 -8.04331064e-01
    3.03480327e-01 6.68588400e-01 3.25722605e-01 9.68577862e-01
    3.00643653e-01 1.25548601e+00 -8.58093679e-01 -7.79611766e-01
    -1.92615658e-01 1.66050923e+00 1.64896166e+00 1.31057727e+00
    -9.44459677e-01 -4.84300017e-01 -7.74539828e-01 3.12229931e-01
    -3.27994794e-01 -6.00759685e-01 1.09161222e+00 6.39187217e-01
    -6.40725195e-01 1.45040572e+00 3.38536829e-01 2.35040963e-01
    1.75166368e+00 1.94862139e+00 1.87380874e+00 2.15818477e+00
    -2.74620771e-01 -4.24795955e-01 -2.98267752e-01 1.51139951e+00
    6.30656958e-01 1.90724742e+00 1.39318264e+00 2.56340861e-01
    2.53832657e-02 7.97449887e-01 6.37093604e-01 6.25704288e-01
    -4.10617262e-01 1.47907209e+00 6.47255182e-01 -7.54465580e-01
    -5.51307857e-01 -2.73217648e-01 1.74085057e+00 9.80790555e-01
    5.45548141e-01 5.38254023e-01 8.69379044e-01 1.13741636e+00
    1.87294555e+00 -6.41787529e-01 -4.37723607e-01 -5.00157416e-01
    1.12110782e+00 1.32766449e+00 7.82414377e-01 1.58099008e+00
    1.72150600e+00 6.76109046e-02 1.56817722e+00 -8.16966712e-01
    1.29336548e+00 1.55121434e+00 1.04748070e+00 -5.85016727e-01
    1.30500913e+00 1.16421139e+00 -4.39093798e-01 1.32315087e+00
    4.01095271e-01 4.02354866e-01 -4.84921485e-02 -7.98940301e-01
    9.36073586e-02 7.21474946e-01 7.13822365e-01 -5.85916400e-01
    3.54960471e-01 1.84333175e-01 -5.39056301e-01 1.67738390e+00
    1.84923634e-01 1.09326220e+00 9.57899243e-02 -3.08110356e-01
    4.65658993e-01 1.31821501e+00 1.52478564e+00 6.73482537e-01
    -5.72926342e-01 8.66640091e-01 -2.35250965e-02 -1.66170314e-01
    -4.66648519e-01 -1.22557255e-02 1.49487400e+00 1.36890697e+00
    -6.53397292e-02 1.48253453e+00 -1.54424787e-01 7.08737195e-01
    1.73867047e-01 8.75133425e-02 1.14861190e+00 1.78635979e+00
    -4.45515141e-02 -3.99920732e-01 6.38515651e-02 1.23612547e+00
    8.13449383e-01 1.79894841e+00 -2.29591236e-01 1.85786772e+00
    1.24823332e+00 8.72466683e-01 3.99890214e-01 1.56435859e+00
    1.57208753e+00 1.44446766e+00 -8.73739123e-01 1.71234202e+00
    1.61275268e+00 1.53640509e+00 3.95133764e-01 4.56118852e-01
    8.27788830e-01 -2.46247947e-01 1.95878077e+00 1.59000421e+00
    9.29868102e-01 1.86113381e+00 -1.33188099e-01 1.60172641e+00
    7.10763514e-01 1.36908460e+00 9.25646544e-01 4.68749464e-01
    9.56032351e-02 4.90408450e-01 -4.01598990e-01 3.07245791e-01
    2.29375134e-03 -5.11655927e-01 5.01358867e-01 7.58289754e-01
    1.90306529e-01 6.35378882e-02 1.10030401e+00 1.38661015e+00
    -9.31759715e-01 -5.16972184e-01 2.74330229e-01 -4.69053298e-01
    1.03141177e+00 1.69811177e+00 -8.31035197e-01 1.84096026e+00
    2.03883946e-01 1.05382848e+00 -7.30896652e-01 1.81271330e-01
    1.10525596e+00 -5.08235633e-01 8.93223584e-01 1.54833937e+00
    -1.80585936e-01 -6.20967627e-01 -5.84081352e-01 1.93490708e+00
    5.59142947e-01 -4.50572968e-02 -3.91707391e-01 1.85994744e+00
    1.35871089e+00 3.31124485e-01 -1.66343540e-01 -5.33551276e-01
    -4.80759233e-01 6.40848160e-01 4.53518666e-02 -3.45119268e-01
    1.87252462e+00 5.72539210e-01 -4.70628500e-01 -1.69951051e-01
    7.17387497e-01 -4.35837498e-03 1.54558754e+00 -4.47748750e-02
    -8.44293118e-01 -8.96106124e-01 -5.00796400e-02 -7.95830131e-01
    -8.26435208e-01 1.69441938e+00 1.25527829e-01 3.08678389e-01
    1.91902351e+00 1.26777697e+00 1.46524858e+00 1.88540705e-02
    -5.13936400e-01 -3.89392316e-01 9.93469119e-01 9.39561725e-01
    1.56710291e+00 3.98087293e-01 -5.73569238e-01 3.88797253e-01
    7.34117508e-01 -4.18784857e-01 9.36735332e-01 -8.91772330e-01
    -3.08133155e-01 2.68225223e-01 7.23147988e-01 3.61334264e-01
    -1.07539415e-01 -7.60125518e-01 1.84033191e+00 8.66349161e-01
    -3.83537501e-01 1.13140130e+00 -4.84521925e-01 -7.75562465e-01
    -4.32698935e-01 1.56771100e+00 1.44711363e+00 7.52120376e-01
    -7.06274748e-01 3.19893926e-01 8.03007722e-01 -3.49528134e-01
    -4.09505755e-01 1.19454587e+00 -8.30189049e-01 1.14833021e+00
    1.87427354e+00 1.66989493e+00 9.04341638e-01 9.92637038e-01
    -2.99307734e-01 1.43840945e+00 -1.04546797e+00 -2.29261115e-01
    5.31429462e-02 6.88030601e-01 7.14103639e-01 1.25859785e+00
    3.29204321e-01 1.39222348e+00 1.91000473e+00 1.54983282e+00
    1.56827778e-01 -3.90836388e-01 2.95667768e-01 2.37048566e-02
    1.06515348e+00 1.65475714e+00 -7.94380844e-01 1.14573240e+00
    -1.58740193e-01 9.25527215e-01 1.66453540e+00 -7.15246081e-01
    1.07202291e+00 6.16480827e-01 -2.82952547e-01 5.67540586e-01
    1.00980926e+00 1.58930624e+00 1.88557446e+00 9.28294182e-01
    -9.20589864e-01 2.49101371e-01 2.90372998e-01 -6.06722713e-01
    2.86790937e-01 1.44889307e+00 1.02386260e+00 2.79222488e+00
    1.44523248e-01 -4.35764551e-01 5.31995952e-01 1.30902505e+00
    -2.79817104e-01 -4.65529650e-01 3.62456709e-01 1.43647194e+00
    -7.21639156e-01 -8.22771370e-01 1.02563500e+00 3.60174477e-01
    9.23143506e-01 1.84704661e+00 1.03737347e-01 -7.99355686e-01
    -4.31427747e-01 -5.57114601e-01 1.78450513e+00 -8.26088667e-01
    1.56978440e+00 1.48030972e+00 -8.18839550e-01 1.37469542e+00
    -7.89512038e-01 1.44323617e-01 -1.66229099e-01 1.74564457e+00
    1.33134556e+00 -4.07163873e-02 -5.79109550e-01 -7.17302084e-01
    -6.87221110e-01 3.48225832e-01 1.73302725e-01 -4.42655236e-01
    -1.15986373e-02 -2.41700951e-02 -6.73032105e-01 5.67144454e-01
    1.48639727e+00 1.04847932e+00 -7.72062302e-01 3.79264206e-01
    1.96971262e+00 -4.29956466e-01 1.90027416e+00 -4.08986151e-01
    -3.07439506e-01 8.20491254e-01 -6.86970413e-01 5.34044921e-01
    1.62957180e+00 5.96376181e-01 1.04113042e+00 1.73880947e+00
    -7.64025033e-01 1.36977422e+00 -4.21356291e-01 9.20349836e-01
    2.79373705e-01 -3.76814753e-01 -6.31997943e-01 -5.18629313e-01
    1.89771461e+00 1.63230455e+00 1.83490670e+00 1.53647542e+00
    -4.60191786e-01 -4.97473568e-01 8.52396250e-01 1.04328334e+00
    9.69722509e-01 1.79944026e+00 -5.67098558e-01 1.56944811e-01
    1.63301027e+00 1.09411573e+00 6.06172793e-02 1.80961502e+00
    1.74465024e+00 6.13401473e-01 -4.24248129e-01 1.21839905e+00
    2.70541370e-01 7.82131076e-01 2.99851090e-01 1.17206061e+00
    1.89833388e-01 3.02559882e-01 -1.46211833e-01 9.19778943e-02
    1.90316343e+00 2.13308990e-01 -5.74154079e-01 6.84515059e-01
    -2.24263445e-01 -5.11796474e-01 1.77110612e+00 1.31887186e+00
    -3.12182456e-01 -2.65591532e-01 5.85839734e-04 -4.53268230e-01
    -4.35301632e-01 6.43322617e-02 1.09958673e+00 1.54960012e+00
    1.60895109e+00 -4.91513699e-01 -7.50529468e-01 1.27919531e+00
    -8.86067331e-01 -4.17450577e-01 6.72974214e-02 -1.40678570e-01
    -7.30950117e-01 -5.12534559e-01 2.49586523e-01 1.13282037e+00
    1.36193597e+00 1.28769362e+00 -6.00950599e-01 1.73223436e-01
    1.16260827e+00 1.67628169e-01 -5.36101937e-01 1.35215151e+00
    1.34048629e+00 1.56594729e+00 -7.75926054e-01 1.69146025e+00
    1.14937735e+00 -8.09015393e-01 2.71306306e-01 1.43022227e+00
    -5.46528041e-01 1.40129244e+00 -4.04847324e-01 5.17628193e-01
    1.86725461e+00 1.52844751e+00 5.19411743e-01 7.57320046e-01
    -1.93901271e-01 -5.72993398e-01 4.03649062e-01 1.23523068e+00
    7.19201446e-01 -1.84452921e-01 1.39919361e-02 1.81469870e+00
    9.28235173e-01 1.42638415e-01 9.35239732e-01 3.33298892e-01
    -2.95674771e-01 1.68459296e+00 1.11978817e+00 1.02143705e-01
    -6.29589200e-01 1.85317719e+00 3.81224811e-01 1.81560731e+00
    3.89529794e-01 7.21631646e-01 1.52627796e-01 1.68854046e+00
    6.75662100e-01 -2.28654310e-01 -6.34464979e-01 -4.79878426e-01
    1.72207808e+00 -1.88003480e-01 9.03724432e-01 -3.62169445e-02
    -1.01592267e+00 3.41089875e-01 -9.62302268e-01 1.23878634e+00
    4.59336400e-01 1.27078235e+00 1.12725842e+00 7.10097075e-01
    4.24610943e-01 2.50399292e-01 2.50697166e-01 5.56679904e-01
    1.13024867e+00 1.41734862e+00 4.26487550e-02 1.37212467e+00
    4.65934694e-01 -6.69885814e-01 -2.01786667e-01 -6.56296849e-01
    7.17564404e-01 2.12341659e-02 -6.06216528e-02 -4.64139193e-01
    1.23872447e+00 3.26703578e-01 -7.67158449e-01 8.75367582e-01
    -6.97076499e-01 1.09380078e+00 1.38670301e+00 5.35456955e-01
    -1.53527156e-01 -5.08976340e-01 -1.47297934e-01 -5.47757626e-01
    -1.01260796e-01 8.25784445e-01 1.77493298e+00 -2.49221578e-01
    -6.43752515e-01 7.05754340e-01 1.79145348e+00 1.40916467e+00
    9.38541055e-01 1.39165092e-02 1.23247886e+00 1.78214300e+00
    -2.30954867e-02 1.01895392e+00 1.32952124e-01 -6.30817935e-02
    -8.39816928e-01 -2.00756252e-01 8.48942220e-01 -3.21914196e-01
    1.71973062e+00 1.30338991e+00 -5.40079653e-01 1.69589674e+00
    1.82216322e+00 1.46362329e+00 -4.14966226e-01 8.62228274e-01
    -7.06068099e-01 9.38702106e-01 1.04642355e+00 4.10409153e-01
    -3.38518471e-01 1.64773440e+00 1.83182919e+00 -8.03408623e-01
    4.41195011e-01 -2.62234420e-01 1.16882491e+00 1.27311409e+00
    1.43525994e+00 1.80975839e-01 1.08324337e+00 2.33706856e+00
    1.72673607e+00 -6.41861379e-01 -5.89074731e-01 -3.90196919e-01
    -6.06660366e-01 5.32039881e-01 -1.06828344e+00 9.15830195e-01
    9.84287441e-01 -1.85079589e-01 1.86291754e+00 1.80147338e+00
    1.22470176e+00 2.48024970e-01 7.97306776e-01 2.01938927e-01
    1.35189247e+00 -5.50977528e-01 4.86345410e-01 1.47993600e+00
    7.46335387e-01 1.02159357e+00 1.38570905e+00 -5.18203378e-01
    1.25387335e+00 6.85209930e-01 1.00644624e+00 6.04815006e-01
    1.95899284e+00 6.38127089e-01 3.71581048e-01 -1.05760634e+00
    -6.46605909e-01 -9.93761957e-01 2.17205435e-01 1.84419131e+00
    -5.09219132e-02 5.54822445e-01 1.01227653e+00 7.14315295e-01
    1.69176400e-01 1.41286159e+00 6.39701962e-01 1.58349562e+00
    -5.70874572e-01 1.60815537e-01 1.86769474e+00 8.85747731e-01
    3.08144093e-02 1.81546688e+00 2.26740509e-01 1.75049233e+00
    1.29539892e-01 1.91687727e+00 -2.32562169e-01 1.35931551e+00
    -6.80012047e-01 7.12123454e-01 5.41472137e-01 -8.02527785e-01
    -7.77622879e-01 1.18529391e+00 2.32422814e-01 4.35982674e-01
    1.16206825e+00 9.31554019e-01 -2.29362786e-01 4.60093796e-01
    1.57900810e+00 1.06485091e-01 -2.69833267e-01 1.39839542e+00
    1.10856868e-01 3.49618107e-01 -2.06364185e-01 4.63063329e-01
    1.45209014e+00 9.27077115e-01 1.53846830e-01 5.88236511e-01
    -5.75483978e-01 7.04834342e-01 1.39573932e+00 -7.19337583e-01
    1.17788815e+00 1.88179922e+00 1.49409425e+00 1.07773709e+00
    1.05807163e-01 -6.52804792e-01 6.60851002e-01 9.96744096e-01
    -8.46215248e-01 1.14291680e+00 1.36193228e+00 -5.05625069e-01
    1.77127421e+00 1.73879817e-01 -2.63975859e-01 1.37080491e+00
    1.04585636e+00 2.49433905e-01 8.76417577e-01 1.04213023e+00
    -7.00987339e-01 -1.93574548e-01 1.70603883e+00 -8.72348785e-01
    -6.07241644e-03 1.44013417e+00 -1.39239922e-01 1.71340477e+00
    1.05793905e+00 8.73120070e-01 5.34121752e-01 8.68168175e-01
    -1.57808691e-01 -6.88617885e-01 -4.77661282e-01 2.06297100e-01
    -1.75985217e-01 2.49789998e-01 1.80212295e+00 1.78649628e+00
    8.65759194e-01 1.55496311e+00 -8.41184556e-01 -4.06576872e-01
    4.94573355e-01 -4.84400958e-01 1.75007880e+00 -6.27804041e-01
    4.81091021e-03 -6.01749957e-01 -1.60195306e-01 1.66499352e+00
    1.01549792e+00 2.96404034e-01 2.24248350e-01 9.07768190e-01
    1.49616134e+00 6.14648126e-02 1.28766656e+00 1.12347341e+00
    -1.37418762e-01 1.72898424e+00 6.66305661e-01 1.24185741e-01
    8.45813870e-01 1.06426263e+00 1.76169538e+00 -5.49355708e-02
    1.22480905e+00 8.55646253e-01 1.03253710e+00 -6.66435137e-02
    9.47056651e-01 1.89460397e+00 3.36284004e-02 1.35195386e+00
    -5.62242031e-01 1.32193077e+00 3.93626392e-01 4.13453281e-01
    1.97160721e-01 1.18075871e+00 1.09128261e+00 1.20432913e+00
    1.58997214e+00 1.13846004e+00 -7.31378794e-01 -1.41010836e-01
    8.43247116e-01 -8.36932957e-02 1.88583326e+00 -2.75593430e-01
    6.59975529e-01 -6.36642754e-01 1.42948329e+00 -6.64110780e-01
    -6.54389083e-01 1.51323557e-01 -1.71635970e-01 -4.16609466e-01
    -8.44589889e-01 -6.92984998e-01 6.19229823e-02 7.37177849e-01
    1.78875339e+00 -6.60922408e-01 1.89009118e+00 9.30201471e-01
    8.59660685e-01 -6.18085861e-01 -7.77694583e-01 -2.23961994e-02
    -7.83802569e-01 -5.94419599e-01 2.45269120e-01 -2.07171902e-01
    2.07764530e+00 2.02741194e+00 3.85095626e-01 -5.39280772e-01
    -7.09578991e-02 1.74913549e+00 1.03170884e+00 6.68246448e-01
    2.93548495e-01 -3.84564728e-01 4.73994255e-01 -7.32264876e-01
    -9.37263146e-02 -5.17122507e-01 2.92599112e-01 -5.44651449e-01
    1.93279386e-01 1.03262937e+00 -9.25977051e-01 1.49885356e+00
    8.22481096e-01 1.09118605e+00 1.41488838e+00 -7.61433899e-01
    -4.99937795e-02 -2.54083067e-01 1.14019763e+00 -4.64184806e-02
    5.62583506e-02 4.07073468e-01 -6.34571135e-01 -7.35646129e-01
    8.15336645e-01 -4.57353711e-01 -6.95077419e-01 3.70584540e-02
    1.12076735e+00 1.78407586e+00 6.10838234e-01 1.20181310e+00
    -2.06306577e-01 5.02090096e-01 1.05502522e+00 -4.24261719e-01
    1.24775505e+00 9.49015975e-01 -8.30298007e-01 1.41852963e+00
    1.55289876e+00 -8.49664569e-01 2.88919210e-01 1.53796303e+00
    2.47641444e-01 4.49455291e-01 -1.60247594e-01 7.52654910e-01
    1.77946866e-01 1.35803118e-01 1.23837554e+00 2.11004779e-01
    1.18284792e-01 -2.10683659e-01 7.18196869e-01 6.09586477e-01
    7.89327383e-01 1.62427032e+00 1.61225355e+00 -7.64209211e-01
    3.86108816e-01 1.89362800e+00 8.50564539e-01 -7.89182007e-01
    3.78810912e-01 9.49968338e-01 1.79218328e+00 -6.87268972e-01
    -8.28147650e-01 2.41213784e-01 -9.94496271e-02 1.26294625e+00
    1.97148114e-01 3.31900954e-01 1.17863405e+00 1.72462904e+00
    -6.46831021e-02 -9.65595901e-01 3.37037966e-02 1.51544547e+00
    -3.78907062e-02 -1.19876750e-01 -6.46696448e-01 1.87224710e+00
    7.48569667e-02 -5.15084386e-01 1.47544885e+00 9.99019623e-01
    -5.69663167e-01 4.50045049e-01 9.68340635e-01 1.91694498e-01
    1.07121181e+00 1.31365824e+00 1.22119677e+00 1.43266284e+00
    1.08084679e+00 -6.39568865e-01 6.36109352e-01 -6.46007121e-01
    -5.71919084e-01 6.87972665e-01 1.25125551e+00 7.15814114e-01
    6.51789069e-01 1.89462352e+00 1.43878186e+00 7.36330986e-01
    1.89634192e+00 5.77377498e-01 1.48902977e+00 -7.35629320e-01
    -8.69340375e-02 5.48488796e-01 -8.11626256e-01 1.03889361e-01
    -6.39662862e-01 -3.25739950e-01 -7.34610498e-01 -6.79804146e-01
    -1.56125173e-01 -6.26251876e-01 1.37022567e+00 1.26968634e+00
    1.52588725e+00 6.68395042e-01 3.16622436e-01 -4.89932030e-01
    1.09459555e+00 7.36513734e-01 1.29412508e+00 -8.44041228e-01
    8.09696376e-01 1.17867053e+00 1.68892527e+00 -3.94721359e-01
    4.89239365e-01 -3.97406250e-01 5.91890514e-01 6.42608553e-02
    -1.76090047e-01 7.05241263e-01 1.64015222e+00 -7.62704432e-01
    1.39942241e+00 -9.85361785e-02 -8.42711747e-01 3.87533367e-01
    1.14770830e+00 -3.42250437e-01 1.17677319e+00 -5.02267540e-01
    2.15266988e-01 6.24598563e-01 -8.10021043e-01 6.14429891e-01
    -8.96580815e-02 -9.13679898e-01 -7.07203507e-01 -2.25153759e-01
    1.08832276e+00 -5.33443205e-02 1.79952061e+00 8.50314558e-01
    4.94170655e-03 1.86437726e+00 9.26759839e-01 1.47895229e+00
    8.61103684e-02 1.68613362e+00 -3.39245647e-01 -8.61306310e-01
    2.49873370e-01 8.45899761e-01 9.35363650e-01 -3.18815500e-01
    1.46997893e+00 1.17753851e+00 1.91183734e+00 1.52966917e+00
    6.60882652e-01 1.04385102e+00 1.86299109e+00 1.30418718e+00
    1.34508228e+00 1.49228776e+00 -8.96253765e-01 -9.46030438e-01
    8.58598828e-01 -8.06519330e-01 -4.82310891e-01 3.40371579e-01
    -3.71356368e-01 2.67821670e-01 3.59369010e-01 -8.19049060e-01
    -7.88399994e-01 9.94693577e-01 -7.56167591e-01 1.35659623e+00
    1.00864637e+00 1.71891940e+00 9.98144746e-02 -1.52472705e-01
    -2.30654269e-01 -2.74150401e-01 1.41930139e+00 9.53611791e-01
    -9.98801291e-02 -4.47118074e-01 1.26782179e+00 5.60924828e-01
    -6.84721470e-01 -8.60773325e-01 2.92441677e-02 1.04459906e+00
    -6.80720881e-02 1.70338988e+00 1.69523168e+00 9.02299702e-01
    1.40213037e+00 1.63590240e+00 8.78563881e-01 -1.60246372e-01
    1.68603373e+00 1.55594254e+00 1.54235005e+00 1.35126710e+00
    9.57467437e-01 1.57279503e+00 -6.00147128e-01 9.82339740e-01
    1.75044084e+00 1.61808157e+00 1.46295500e+00 1.75742114e+00
    -1.46398813e-01 4.44167405e-01 1.46504670e-01 -6.28380477e-01
    1.94873735e-01 1.32276452e+00 1.13088644e+00 8.09595823e-01
    4.31299657e-01 -3.19492221e-01 1.71720409e+00 1.44018269e+00
    1.15744972e+00 4.21216607e-01 1.38585031e-01 -4.70166117e-01
    1.09007788e+00 8.95872191e-02 -8.86596262e-01 1.51660383e+00
    4.27558631e-01 1.66613984e+00 4.44489062e-01 -6.46802843e-01
    1.51990902e+00 1.38054121e+00 7.39669859e-01 -1.40827641e-01
    9.01124358e-01 9.06133413e-01 1.00777626e+00 1.64399076e+00
    1.60391951e+00 1.37837231e+00 1.05212867e+00 1.03571343e+00
    -6.16047800e-01 -3.40739042e-02 -2.82569408e-01 1.53996360e+00
    1.14033866e+00 2.34381303e-01 1.45400774e+00 6.51718751e-02
    8.47141504e-01 2.11599976e-01 2.70294160e-01 -1.08961679e-01
    4.40668762e-01 4.82725888e-01 1.91159737e+00 -5.71786702e-01
    1.00571597e+00 1.69460917e+00 3.56919378e-01 4.93911207e-02
    1.19135237e+00 -2.80077547e-01 1.32174522e-01 1.10217965e+00
    1.13677931e+00 9.83325005e-01 3.92780244e-01 -5.02934873e-01
    1.08705783e+00 1.77278399e+00 3.43840033e-01 2.71347928e+00
    -4.10340995e-01 3.35017234e-01 -6.40602469e-01 1.29865670e+00
    5.19792020e-01 1.78756976e+00 1.13431811e-02 1.30065763e+00
    1.52845228e+00 1.00655866e+00 -5.64896703e-01 -8.11001420e-01
    1.65261483e+00 -8.93210709e-01 -5.96970797e-01 1.34312475e+00
    6.31353915e-01 -1.40512541e-01 1.03581023e+00 9.89489675e-01
    3.27044338e-01 9.58916068e-01 -6.20846868e-01 2.59201646e-01
    1.31240189e-02 2.77240813e-01 -8.89168262e-01 7.21923292e-01
    9.43768799e-01 1.35261202e+00 -7.38035679e-01 8.70388865e-01
    4.59173471e-02 1.92408454e+00 1.26768005e+00 1.56418419e+00
    1.91004109e+00 6.86760962e-01 1.51531744e+00 6.09012067e-01
    1.37359464e+00 1.83427427e-02 1.46956101e-01 2.89932758e-01
    1.58026433e+00 -5.19310415e-01 -6.12355173e-01 4.73611146e-01
    -6.32542014e-01 -9.18947995e-01 5.35723507e-01 4.76020813e-01
    1.28292584e+00 7.74342835e-01 1.22562826e+00 -8.50685716e-01
    -9.39789295e-01 -9.16543841e-01 1.22893417e+00 1.61811543e+00
    -2.42305204e-01 3.61560732e-01 1.05714452e+00 1.70781171e+00
    -7.67507553e-02 8.34963799e-01 1.86393511e+00 2.39263639e-01
    2.49427631e-01 -4.87974823e-01 -4.87671196e-01 1.68535185e+00
    -4.48612571e-01 1.52118802e+00 8.92501697e-02 1.82612374e-01
    1.76039171e+00 -7.15563059e-01 -4.76888299e-01 1.67445934e+00
    -4.47845608e-01 1.59064853e+00 -1.25920072e-01 -9.21984110e-03
    1.05941927e+00 -8.71226907e-01 1.14756596e+00 -3.84097807e-02
    5.92506468e-01 -3.18202525e-01 -7.62560129e-01 1.01881409e+00
    8.08898389e-01 -7.23273695e-01 -1.60296738e-01 -4.52835262e-01
    1.72879159e+00 8.84881541e-02 7.86074042e-01 9.64838207e-01
    2.45314196e-01 2.70134389e-01 -1.98546201e-01 -1.95303187e-01
    8.01191151e-01 -3.13519686e-01 4.74491924e-01 1.64348155e-01
    1.54395008e+00 1.10076451e+00 9.38248158e-01 1.61149561e+00
    1.47162652e+00 -4.16153014e-01 -6.30766153e-01 1.79714334e+00
    4.36863869e-01 1.10150707e+00 -6.27996683e-01 -1.89001113e-01
    -4.78789002e-01 1.29194903e+00 5.94964087e-01 2.01955891e+00
    -4.45858628e-01 1.72715807e+00 -3.16120565e-01 -7.20366955e-01
    1.91785800e+00 7.47126758e-01 -4.69669729e-01 -3.00843865e-01
    -9.77100953e-02 4.86166537e-01 1.57603577e-01 -4.01513189e-01
    1.44013965e+00 -6.16586693e-02 1.74354911e+00 1.63954496e+00
    6.14899516e-01 1.21427655e+00 -8.46468210e-01 1.51853561e+00
    -4.88921106e-01 -7.99819887e-01 -1.22337371e-01 1.59592092e+00
    1.75783658e+00 8.72301161e-01 7.64976919e-01 1.67497385e+00
    1.91961062e+00 1.00187445e+00 4.96946514e-01 -6.89213932e-01
    -9.80976596e-02 8.30298781e-01 4.15145397e-01 6.38625994e-02
    -7.85782218e-01 1.37557852e+00 4.50705856e-01 -2.36485258e-01
    -6.15991831e-01 2.63592694e-02 -1.67180702e-01 1.83894992e-01
    -6.86932623e-01 1.03788972e+00 1.69002128e+00 1.69167018e+00
    1.30530572e+00 -4.35561001e-01 -9.42777991e-01 8.71763378e-02
    -6.15195632e-01 -3.11904550e-01 -1.31126747e-01 -5.90853512e-01
    -6.31995052e-02 -8.84359062e-01 1.69500792e+00 1.33198285e+00
    9.93924558e-01 1.16937053e+00 1.39232781e-02 2.41809413e-01
    1.11998308e+00 9.63384151e-01 9.70994949e-01 -2.25869641e-01
    1.87588358e+00 7.24924862e-01 1.88432860e+00 1.11275125e+00
    -6.46005154e-01 1.79926145e+00 1.30318594e+00 4.44707811e-01
    1.55450892e+00 1.60259962e-01 -8.06888759e-01 -2.23086640e-01
    6.67905450e-01 1.63924432e+00 9.56650734e-01 1.62377536e+00
    9.01039481e-01 2.68423945e-01 1.10145402e+00 1.99363911e+00
    1.81062281e+00 -7.92039216e-01 -3.02414387e-01 -7.06197798e-01
    1.11379063e+00 -5.77888004e-02 6.05829656e-01 -7.46191964e-02
    -6.54315352e-02 1.29809072e-02 1.35816705e+00 -4.22358453e-01
    5.52137494e-01 9.03002843e-02 8.39767933e-01 1.30238509e+00
    5.56200184e-02 3.93858254e-01 1.03016436e+00 4.03084129e-01
    1.25317991e+00 1.67623520e+00 1.13244998e+00 -7.73788750e-01
    8.53477478e-01 1.18795598e+00 1.42847443e+00 8.60683680e-01
    5.46766698e-01 9.74810600e-01 -6.51283383e-01 -7.94258893e-01
    7.61371851e-01 2.48213932e-01 -3.21781673e-02 5.65770090e-01
    1.40109217e+00 -7.39373326e-01 5.48256993e-01 2.51153558e-01
    1.50077355e+00 6.38308585e-01 3.14745717e-02 2.36476922e+00
    7.82187581e-01 1.76453376e+00 2.91396677e-01 1.30106163e+00
    1.23231828e+00 1.71444070e+00 1.72385550e+00 1.81506073e+00
    1.32306135e+00 -5.96435666e-01 -6.34391427e-01 9.39468145e-01
    -5.56898355e-01 -4.03033346e-01 -2.50396371e-01 -2.77512282e-01
    -2.72985041e-01 9.29587781e-01 1.64862859e+00 1.13702250e+00
    9.73214209e-01 5.36658406e-01 1.38834286e+00 4.75689381e-01
    2.44262531e-01 8.07581365e-01 6.46151423e-01 1.16281343e+00
    -5.96000731e-01 1.66032255e+00 1.59228218e+00 1.74512789e-01
    -9.12075222e-01 1.85460854e+00 7.15913951e-01 1.13150227e+00
    -3.98129344e-01 3.10856193e-01 1.33645153e+00 1.00211263e+00
    -1.26564607e-01 -8.23043644e-01 1.32677591e+00 9.56908762e-01
    1.92483997e+00 1.51920116e+00 6.59126997e-01 1.60882843e+00
    -2.13048607e-01 5.39827812e-03 -7.09164977e-01 1.32461870e+00
    8.21065843e-01 1.22236598e+00 -4.79443341e-01 1.12436867e+00
    9.37341988e-01 -2.78212398e-01 -4.30743705e-04 -6.38102055e-01
    2.27465078e-01 1.36926472e+00 7.82587588e-01 1.21810722e+00
    2.00189781e+00 -8.50943685e-01 -8.08229148e-01 4.33328211e-01
    -5.09075582e-01 1.74870265e+00 6.55658901e-01 1.55264759e+00
    -3.95791642e-02 -3.92914891e-01 7.81566381e-01 4.07782108e-01
    -6.19154945e-02 -7.50874698e-01 3.91323417e-01 -1.92511335e-01
    1.61306596e+00 -8.11141789e-01 1.63561821e+00 3.79390240e-01
    1.03223145e+00 7.81643152e-01 -6.32299960e-01 -3.00841182e-01
    7.41499126e-01 1.78356692e-01 8.23021114e-01 9.57209766e-02
    -4.19786781e-01 1.52933598e+00 1.51926613e+00 2.77717173e-01
    -2.72534758e-01 5.55286407e-01 7.41477609e-01 -3.27570766e-01
    1.13982463e+00 8.88741136e-01 -1.14344969e-01 7.36473858e-01
    -7.61443853e-01 2.12275341e-01 1.34643865e+00 3.19027990e-01
    5.56955814e-01 1.53136683e+00 1.15354550e+00 7.73969233e-01
    -6.71220481e-01 7.34453559e-01 5.01740038e-01 7.63153136e-01
    1.10659361e+00 1.12589836e+00 1.88619518e+00 1.43244350e+00
    6.67131394e-02 -2.29761237e-03 2.31914967e-01 -4.10333633e-01
    5.82786620e-01 1.72048080e+00 -4.01926458e-01 9.19477880e-01
    1.66399038e+00 2.93948531e-01 1.75593603e+00 -8.76761973e-01
    5.91793060e-01 1.27277687e-01 4.71005976e-01 1.81580436e+00
    -8.38653624e-01 5.73830843e-01 -8.71927500e-01 1.77677417e+00
    5.16234338e-01 -5.51275373e-01 1.95087409e+00 -4.15516466e-01
    -5.70566237e-01 1.05404131e-01 -6.35945022e-01 -4.64996845e-01
    -3.55208278e-01 1.45481527e-01 -9.64741528e-01 7.35881865e-01
    6.59301698e-01 1.86470187e+00 -1.08069065e-03 1.28009021e+00
    4.70607728e-01 -3.40746373e-01 1.06621230e+00 6.42808259e-01
    2.67170489e-01 5.63536108e-01 -1.80030167e-01 -1.30459413e-01
    6.08654857e-01 1.36078167e+00 1.23617744e+00 1.13061738e+00
    1.28638315e+00 -4.03092831e-01 1.77655244e+00 7.71142662e-01
    5.40230751e-01 1.53924882e+00 7.54505217e-01 4.00764495e-01
    -5.52890420e-01 3.92448157e-01 1.48881042e+00 1.05836034e-01
    1.59842765e+00 1.05978775e+00 -4.91525203e-01 1.44594622e+00
    1.09075093e+00 1.09077895e+00 1.02108255e-01 1.51238871e+00
    -2.67969489e-01 5.68688929e-01 1.80146873e+00 -6.73064411e-01
    -7.63690397e-02 4.55652505e-01 -6.11850858e-01 1.60216427e+00
    -5.33500314e-01 1.24165261e+00 4.47811894e-02 3.59895885e-01
    5.71046546e-02 -3.84817600e-01 7.26596117e-01 -3.61682683e-01
    -4.62264657e-01 -5.51801547e-02 1.48785055e+00 1.67792559e+00
    8.93656492e-01 5.36374807e-01 -6.45862877e-01 -5.13836861e-01
    1.07899880e+00 -7.87358344e-01 -4.34291959e-01 8.84839416e-01
    -6.42978251e-01 3.73675108e-01 1.14341104e+00 1.32892168e+00
    -9.56951261e-01 1.42977452e+00 6.96025074e-01 -2.76100099e-01
    1.50302458e+00 -2.95076132e-01 4.16348130e-01 1.47942150e+00
    7.49170065e-01 -5.95396161e-01 -2.84944981e-01 6.74519360e-01
    -3.35472703e-01 -7.02153221e-02 9.78184864e-02 1.08954334e+00
    -7.78415203e-01 6.31101489e-01 -6.90364778e-01 1.35380566e+00
    3.55077028e-01 1.09343016e+00 9.43458140e-01 2.04325706e-01
    6.81502640e-01 5.05460262e-01 -5.69239736e-01 3.34500492e-01
    -6.87347114e-01 4.56901997e-01 4.46557105e-01 -5.54230094e-01
    1.68768311e+00 1.07248020e+00 -9.26031113e-01 5.43533742e-01
    -1.28725991e-01 -7.59908110e-02 1.29982442e-01 1.67070079e+00
    1.59617949e+00 1.59453928e+00 -2.40813538e-01 1.34001672e+00
    1.84047973e+00 1.01115751e+00 1.55076909e+00 -6.29706979e-01
    1.47991085e+00 -2.44179443e-01 1.26031363e+00 -6.11915052e-01
    5.73209487e-02 1.57786417e+00 7.83533394e-01 1.36623454e+00
    1.49736261e+00 -7.96330720e-02 1.27381635e+00 7.99988747e-01
    1.18750679e+00 1.79682657e-01 -8.37238312e-01 1.04138827e+00
    7.41840482e-01 9.36810315e-01 3.21881920e-01 1.39685643e+00
    6.60503089e-01 1.70909464e+00 -5.90309680e-01 7.04862595e-01
    2.78471261e-01 6.97723389e-01 1.12344778e+00 1.31722867e+00
    5.30268908e-01 -8.03361893e-01 -1.29235998e-01 -3.46788168e-01
    2.51170605e-01 -4.14400220e-01 1.91275668e+00 -5.33610046e-01
    8.44456971e-01 -4.04434949e-01 1.90505981e+00 -3.49432409e-01
    3.75709921e-01 1.17753947e+00 -1.35755867e-01 2.72536099e-01
    1.53258240e+00 4.97568846e-01 1.75215781e+00 8.10090244e-01
    -2.06047222e-01 -3.60702038e-01 8.98320198e-01 -3.64485499e-03
    1.59884304e-01 1.96593359e-01 1.37500775e+00 1.01890576e+00
    -5.12810767e-01 -6.78713918e-01 -3.67818147e-01 3.99248153e-01
    -7.23006070e-01 1.07369781e+00 8.73867452e-01 1.77316236e+00
    -1.31229505e-01 1.38720846e+00 1.63170111e+00 -8.11823368e-01
    1.66942155e+00 1.21203196e+00 1.25871778e+00 1.05541027e+00
    -5.64788997e-01 9.41527486e-01 -3.03652793e-01 -5.50939560e-01
    -6.77934056e-03 -4.84048016e-02 -3.30961049e-01 1.23453498e+00
    1.11730683e+00 1.04201937e+00 -6.84403539e-01 -7.93044269e-01
    2.37319916e-02 3.28435123e-01 -3.33048165e-01 1.99675095e+00
    2.04630280e+00 1.42835355e+00 8.31965357e-02 6.55860245e-01
    -4.20851499e-01 -3.03319424e-01 1.07588243e+00 5.24806976e-01
    -5.56747079e-01 -1.36846095e-01 3.72497022e-01 1.46948242e+00
    1.22704184e+00 9.95996892e-01 -8.47929955e-01 2.53464788e-01
    -9.30584848e-01 1.83964634e+00 -3.06686193e-01 -2.07987837e-02
    5.29300272e-01 -5.88155568e-01 7.01579928e-01 -6.93891823e-01
    1.85133445e+00 -1.90551952e-01 7.32616007e-01 1.37231219e+00
    3.74432087e-01 -1.53998196e-01 -9.56917167e-01 -3.10905844e-01
    1.21973813e+00 -5.95172048e-01 -9.08101127e-02 -6.68556094e-01
    7.26406872e-01 1.15926170e+00 7.36451805e-01 1.15137351e+00
    6.04689777e-01 1.80016363e+00 1.53588915e+00 -6.17763221e-01
    4.72029448e-01 8.74239504e-01 6.13769114e-01 1.52653122e+00
    -4.97049183e-01 -6.64157033e-01 9.67896163e-01 3.19589645e-01
    1.89325619e+00 1.43152177e+00 1.79481196e+00 -5.46319783e-01
    7.06968188e-01 2.06463754e-01 4.26807612e-01 -7.12053418e-01
    1.12165189e+00 4.52470422e-01 7.51293898e-01 -5.66121399e-01
    1.90912282e+00 -4.84324932e-01 -6.33226931e-01 1.78685510e+00
    -1.97549045e-01 -2.87404478e-01 7.04419971e-01 3.38458657e-01
    -1.72813758e-02 8.53344738e-01 1.53764629e+00 -2.49979034e-01
    -1.35750562e-01 1.70360386e+00 2.33952582e-01 1.66398084e+00
    1.07318759e+00 -1.93908975e-01 3.91672641e-01 -5.99490702e-01
    1.45025074e+00 -6.63275659e-01 -3.99240345e-01 6.25155568e-01
    1.19087350e+00 7.64790535e-01 3.94476950e-01 3.76229733e-01
    1.13184440e+00 -5.00711977e-01 -2.34002009e-01 -3.31549197e-01
    1.09017825e+00 -5.66338599e-01 2.76826352e-01 1.28348097e-01
    4.50715810e-01 1.97124112e+00 -8.69675994e-01 1.36463547e+00
    8.05981576e-01 1.74631432e-01 8.27748179e-01 1.90606713e+00
    -6.08418621e-02 -5.60228288e-01 1.78086805e+00 6.22484922e-01
    2.38563307e-03 1.92427409e+00 1.77426624e+00 3.08233172e-01
    1.84912133e+00 1.16593039e+00 3.05433601e-01 -1.56784192e-01
    1.76581311e+00 -5.58361471e-01 9.65095282e-01 6.74159229e-01
    2.40884393e-01 1.29337430e+00 9.72210884e-01 6.46501064e-01
    8.40256512e-01 -2.13233277e-01 1.91837287e+00 -2.45127529e-01
    4.87937391e-01 -3.13926280e-01 1.73299122e+00 3.81505489e-01
    1.80407202e+00 -8.72148216e-01 -3.12770128e-01 -8.30062687e-01
    3.06444973e-01 8.45344514e-02 -7.95854867e-01 -6.94371223e-01
    7.17628360e-01 1.11080885e+00 -5.27980566e-01 2.80742586e-01
    -8.63667548e-01 1.40121174e+00 1.19780743e+00 1.01224983e+00
    9.04033601e-01 1.92638373e+00 -4.89304751e-01 1.80210567e+00
    9.01749194e-01 1.18528090e-01 8.69965404e-02 -5.01177870e-02
    9.36080098e-01 -2.15882719e-01 -9.70212579e-01 -9.25576031e-01
    -5.66190124e-01 -3.22622359e-01 1.53528559e+00 2.00211272e-01
    1.20171118e+00 1.89553666e+00 3.94768715e-01 1.90366721e+00
    1.52870685e-01 1.27970028e+00 1.77919173e+00 1.68341327e+00
    1.98908925e-01 -9.43011582e-01 -3.58538181e-01 1.55778182e+00
    -6.57043695e-01 1.93677104e+00 1.64428389e+00 1.49828708e+00
    1.64264113e-01 -1.64084911e-01 2.43490785e-01 5.00030518e-01
    6.88572109e-01 1.19090903e+00 1.08718598e+00 3.91129285e-01
    1.05794811e+00 -2.15890288e-01 7.91925073e-01 3.68248850e-01
    -8.19030344e-01 -7.26199269e-01 1.85164303e-01 -9.39837754e-01
    -1.79269806e-01 -3.70653361e-01 8.52342963e-01 1.62147832e+00
    -6.26931310e-01 1.07555199e+00 8.69060457e-01 7.77270675e-01
    -7.55522132e-01 1.17166251e-01 -2.59766757e-01 1.59379661e+00
    1.65997493e+00 -8.65423679e-03 -6.95539236e-01 1.39062726e+00
    1.04337299e+00 1.37509787e+00 -6.86486185e-01 9.70420420e-01
    1.78865194e+00 4.94617790e-01 1.66846728e+00 -5.47014356e-01
    3.06912988e-01 -5.61908960e-01 9.20829117e-01 9.98388588e-01
    -5.22946179e-01 5.66217303e-01 7.11403787e-01 4.44759399e-01
    -7.35599518e-01 4.07712132e-01 1.75482675e-01 4.83476043e-01
    -3.40689331e-01 5.54763138e-01 9.16224897e-01 -6.17681384e-01
    3.69526774e-01 -7.79392958e-01 1.62047029e+00 -8.24259102e-01
    -3.93622130e-01 1.47143948e+00 1.71337950e+00 1.62958837e+00
    -3.11839014e-01 9.00134802e-01 -1.58579037e-01 2.61880666e-01
    -5.01840830e-01 -3.19816798e-01 -1.07616477e-01 9.32222068e-01
    1.44705445e-01 1.28450966e+00 1.58191133e+00 -8.42566550e-01
    -2.93489426e-01 4.31551218e-01 1.45727670e+00 -2.12136149e-01
    1.39583039e+00 1.38560951e+00 1.01230776e+00 -2.19413057e-01
    -7.83556402e-01 -1.51578918e-01 1.83543062e+00 1.26052630e+00
    -2.66615748e-01 -1.49340048e-01 1.84282815e+00 1.94099116e+00
    1.16584957e+00 1.69878471e+00 -3.48719925e-01 -7.46525705e-01
    -5.34531713e-01 -6.68823302e-01 3.42396647e-02 1.65449607e+00
    -2.14482863e-02 1.17013896e+00 -6.94801390e-01 -2.02312529e-01
    1.52609944e+00 1.46760523e+00 2.76195221e-02 4.85891819e-01
    1.13901985e+00 4.82133090e-01 1.14704168e+00 1.00694633e+00
    4.91021752e-01 -3.98171276e-01 1.36098874e+00 2.16137081e-01
    1.19866180e+00 -6.34979367e-01 1.41375554e+00 8.60095620e-01
    8.14310551e-01 -1.53376058e-01 2.08824068e-01 -8.11057329e-01
    1.77994847e+00 1.15008259e+00 5.24489999e-01 -5.79192638e-01
    1.76051939e+00 -1.47322565e-01 2.90851384e-01 -7.87273407e-01
    1.25229943e+00 -3.26636583e-01 2.88478374e-01 1.77307820e+00
    -1.11946017e-01 2.22827896e-01 1.65214455e+00 8.95477086e-02
    6.73210740e-01 1.12318349e+00 -5.57086408e-01 -4.15161401e-01
    6.75859511e-01 6.07936263e-01 -4.95971441e-01 1.56524181e-02
    -1.08379975e-01 1.31145787e+00 -4.89740074e-01 1.58447754e+00
    5.80954194e-01 -5.22849441e-01 1.26042366e+00 1.17441103e-01
    -8.73709142e-01 -9.26677138e-02 7.27517679e-02 3.93829018e-01
    1.51032901e+00 -3.96991909e-01 -3.22185427e-01 6.59316003e-01
    1.13136876e+00 -1.29923120e-01 1.86839807e+00 1.65354025e+00
    4.58072633e-01 -4.88558590e-01 9.39761400e-01 -2.90193915e-01
    -1.57483425e-02 -4.84290928e-01 -7.20856607e-01 1.75534713e+00
    -1.52492747e-01 -8.86298195e-02 4.85729687e-02 -2.54567295e-01
    -4.95075792e-01 1.38929427e+00 -4.17102903e-01 1.44487667e+00
    -3.23860615e-01 1.70742154e+00 -5.15765548e-01 -6.65626585e-01
    -9.52466071e-01 2.90911701e-02 7.39871919e-01 3.75620037e-01
    1.22889853e+00 -7.22764790e-01 -6.88868225e-01 7.16526628e-01
    -9.79849815e-01 1.41632450e+00 1.90173674e+00 -1.02615230e-01
    1.75620794e-01 -1.41120389e-01 -6.41577065e-01 1.29643619e+00
    9.00647223e-01 1.58418155e+00 1.42258084e+00 4.26924378e-01
    -2.26767927e-01 1.49985921e+00 1.44178915e+00 8.35057855e-01
    1.05059779e+00 -3.33628714e-01 1.75475466e+00 5.19851685e-01
    6.88870773e-02 1.42964256e+00 -4.89377201e-01 8.32047880e-01
    1.21607935e+00 1.46066093e+00 -5.10000110e-01 -5.87867975e-01
    1.10376310e+00 1.27655959e+00 1.55660105e+00 5.44987321e-01
    1.49215007e+00 1.36356962e+00 1.66955578e+00 1.11883843e+00
    9.38211739e-01 -1.85649425e-01 8.46178591e-01 -1.55802444e-01
    -3.26528549e-01 9.83946919e-01 -1.57739475e-01 1.16521251e+00
    -3.90274853e-01 1.65569067e+00 1.56544015e-01 1.25634030e-01
    4.66514602e-02 1.55356920e+00 -4.40587461e-01 -5.61783135e-01
    1.81058693e+00 -7.97259957e-02 1.16662407e+00 -4.11980540e-01
    9.79339063e-01 -2.52043813e-01 1.45712018e+00 -1.53525621e-01
    5.56823850e-01 -2.74748832e-01 1.16736424e+00 1.23065913e+00
    -7.23353684e-01 5.61768293e-01 -3.21105778e-01 4.67607617e-01
    1.68390346e+00 3.06029588e-01 7.68980622e-01 -7.26343572e-01
    -5.15244603e-01 1.28579283e+00 -3.55941772e-01 3.66260737e-01
    1.75863874e+00 8.98272276e-01 1.93288362e+00 3.93261671e-01
    -3.54618439e-03 -9.31492090e-01 1.63152945e+00 1.64100349e+00
    5.53235173e-01 1.20304167e+00 1.33839488e-01 8.70265365e-01
    4.75417115e-02 5.64958811e-01 1.23220468e+00 -5.18264651e-01
    6.54424787e-01 4.40386795e-02 1.72942042e+00 2.81053394e-01
    3.63295823e-01 1.65818051e-01 -4.55110818e-01 -7.35001206e-01
    -3.00303102e-01 1.88688397e+00 -1.76554501e-01 -5.84782541e-01
    -1.02337673e-01 2.01103544e+00 8.17041278e-01 1.41845274e+00
    -5.87335885e-01 6.91000298e-02 -8.84555653e-02 -4.01228577e-01
    -5.56052804e-01 -4.76280719e-01 1.14004099e+00 1.89205253e+00
    4.11894619e-01 2.18813017e-01 1.89340699e+00 -2.60901719e-01
    -1.66101344e-02 1.71527028e+00 5.69698453e-01 1.33990932e+00
    2.00165972e-01 6.69282138e-01 -2.57686526e-01 -5.85155845e-01
    -6.56378031e-01 -2.66067475e-01 1.25915110e+00 2.48670369e-01
    3.16272289e-01 -3.31118733e-01 -4.43378001e-01 1.91428697e+00
    -5.10036230e-01 8.53712082e-01 1.68528712e+00 1.34570158e+00
    7.95708060e-01 2.35752821e-01 1.33084369e+00 -1.00661314e+00
    -6.62061214e-01 1.51584780e+00 -6.40597165e-01 6.34859324e-01
    1.39520308e-02 1.03927302e+00 -7.89329112e-01 -3.07440400e-01
    -8.46791089e-01 8.31420362e-01 -4.11370873e-01 1.25842869e+00
    9.35431778e-01 1.33704972e+00 1.89121768e-01 -6.67595506e-01
    1.64449954e+00 1.87245393e+00 -6.83653772e-01 1.67060268e+00
    1.58801627e+00 1.39242792e+00 -6.21476650e-01 -6.41886741e-02
    1.85535163e-01 2.20025927e-01 -3.59634548e-01 6.05324864e-01
    1.89951456e+00 1.92749605e-01 2.44738549e-01 -5.09938776e-01
    -2.99882412e-01 5.57842553e-01 -7.50233054e-01 -2.12451071e-02
    1.45423748e-02 6.91861510e-01 1.02947974e+00 4.00741279e-01
    -2.38050982e-01 -1.45693153e-01 -3.90166998e-01 6.93234921e-01
    9.42927077e-02 -1.92408934e-01 3.14783812e-01 1.39035034e+00
    1.82984340e+00 -5.05404234e-01 -2.80649275e-01 7.55657017e-01
    4.42664735e-02 -2.71606985e-02 1.20241833e+00 -2.48349711e-01
    -7.69795716e-01 -6.81085661e-02 7.18110979e-01 1.50577211e+00
    1.86460960e+00 -2.01660573e-01 4.88619745e-01 1.04722703e+00
    1.39621520e+00 -2.41908699e-01 -2.10393652e-01 4.13342595e-01
    1.85269904e+00 5.31113803e-01 3.60805392e-01 9.99100626e-01
    6.65536448e-02 1.32606459e+00 -6.47287548e-01 -2.40069851e-01
    3.89351308e-01 1.09345031e+00 1.74757993e+00 -7.44692743e-01
    -2.24629696e-02 1.02439082e+00 -3.62073064e-01 9.05945361e-01
    1.09323609e+00 1.06762111e+00 4.71298210e-02 1.48571897e+00
    -6.67740107e-01 -5.65123320e-01 1.21756136e+00 6.47242367e-01
    -3.52659166e-01 5.23403525e-01 7.36097515e-01 1.08558564e-02
    -3.96994323e-01 -3.49069506e-01 1.80641770e+00 8.77080500e-01
    6.54837251e-01 -2.24670768e-01 -2.45337486e-01 -8.42438579e-01
    1.74918437e+00 1.38161504e+00 1.73031843e+00 -1.90597862e-01
    6.11473083e-01 1.00101161e+00 9.39437330e-01 1.00533426e+00
    -8.10503483e-01 1.12733638e+00 1.84782475e-01 3.76529872e-01
    8.93418133e-01 1.78224042e-01 -8.18800569e-01 1.66732681e+00
    1.04891503e+00 -8.03417742e-01 6.60909414e-02 9.12525415e-01
    1.39825583e-01 -8.73173296e-01 4.62986946e-01 -5.87342083e-01
    1.90571547e+00 8.59293342e-01 -2.32528731e-01 -4.36614275e-01
    1.39842379e+00 1.23702836e+00 -9.05784294e-02 -7.04769015e-01
    -8.04590523e-01 3.38617563e-01 1.16785371e+00 -9.48525190e-01
    -8.63040268e-01 -8.32712948e-01 7.81814218e-01 8.55782390e-01
    -6.52763069e-01 1.75642109e+00 1.28296876e+00 -8.08525205e-01
    1.12615454e+00 -8.57427776e-01 8.49668980e-01 9.54984546e-01
    -4.69469249e-01 1.81371403e+00 -4.33868229e-01 8.95444334e-01
    5.96792623e-02 1.12880719e+00 -6.62245631e-01 -7.66822457e-01
    5.20958841e-01 -5.48917353e-01 1.51501977e+00 1.20307338e+00
    1.67780316e+00 4.83102500e-01 7.33463168e-01 1.70353025e-01
    -1.67441711e-01 -1.71548352e-01 5.23081124e-02 3.06275755e-01
    1.00113404e+00 -1.88464656e-01 1.25366151e+00 -4.92883533e-01
    4.62606698e-02 1.24668851e-01 5.86653709e-01 1.46606755e+00
    6.06400669e-01 -2.35384166e-01 -4.64528322e-01 1.33371246e+00
    -5.53996980e-01 1.59400704e-04 -6.88282788e-01 -1.68072313e-01
    4.61823940e-01 1.80917501e+00 -6.03510179e-02 -7.41675317e-01
    9.06691730e-01 -2.40901753e-01 -5.21808207e-01 1.43593383e+00
    1.41941816e-01 3.03648412e-01 3.20830531e-02 -3.51032436e-01
    7.50181496e-01 8.86581361e-01 2.18841657e-01 -8.66475880e-01
    2.23880634e-01 1.17520547e+00 -3.43261026e-02 -1.78454801e-01
    1.31830072e+00 7.06027925e-01 8.68133545e-01 5.81771493e-01
    -5.18697053e-02 -8.60067129e-01 2.85523653e-01 -2.16498420e-01
    1.16242039e+00 7.71079361e-01 1.33188999e+00 -5.22471011e-01
    -7.27422535e-01 -9.01362598e-01 -5.57848036e-01 1.40806615e+00
    1.35267603e+00 1.00080824e+00 -7.95752853e-02 7.89118111e-01
    1.01806927e+00 1.34809399e+00 3.39557707e-01 -2.12554157e-01
    1.33767724e+00 1.32531369e+00 1.84124440e-01 1.18636358e+00
    1.41847944e+00 8.62305820e-01 2.62949020e-01 1.37730432e+00
    1.07461905e+00 1.87077773e+00 5.00447333e-01 2.41518795e-01
    4.69962478e-01 1.85330665e+00 1.43160546e+00 -3.71371180e-01
    -5.42452097e-01 1.35362864e+00 2.92634636e-01 -1.91686183e-01
    -9.56468821e-01 4.45855588e-01 -7.02647150e-01 1.57359135e+00
    1.53601933e+00 1.28091979e+00 1.57226062e+00 -6.62587821e-01
    2.09166661e-01 -5.93061224e-02 1.32125282e+00 3.17864090e-01
    1.29919851e+00 2.63997376e-01 -7.37432778e-01 1.90756845e+00
    -9.91788805e-02 3.53343815e-01 1.31351622e-02 3.19620967e-01
    4.18301821e-01 1.34996736e+00 1.53423965e+00 1.14273417e+00
    8.60041976e-01 -8.02304268e-01 1.87316680e+00 -2.33848944e-01
    1.51135847e-01 -1.22562848e-01 1.15605772e+00 4.90153432e-01
    -1.98588222e-01 -8.19879472e-02 -7.42003083e-01 -3.08640331e-01
    1.09183168e+00 1.91406107e+00 1.00231171e-01 2.01826668e+00
    -6.44319057e-01 1.14629805e+00 -7.98758864e-02 4.64708447e-01
    -9.09989357e-01 1.53635168e+00 -8.10474098e-01 7.45086610e-01
    1.62684977e+00 3.19719583e-01 -7.42771685e-01 1.66652942e+00
    1.68013358e+00 1.63018537e+00 -4.23952997e-01 -1.34068236e-01
    1.67847776e+00 -3.59493017e-01 1.60201657e+00 -8.34068120e-01
    -9.31015790e-01 -9.07411575e-01 -1.94891274e-01 -3.62263888e-01
    1.61907363e+00 -3.84876370e-01 1.66215408e+00 6.31905258e-01
    -5.07546306e-01 1.72301841e+00 1.46051049e+00 -8.85975540e-01
    1.58202028e+00 6.92493081e-01 -9.73895714e-02 1.45033985e-01
    -3.61503512e-01 -4.70347464e-01 -1.58795547e-02 -2.48366132e-01
    3.96746337e-01 -4.21128988e-01 4.71545719e-02 1.05344176e+00
    -2.44242653e-01 7.77656019e-01 6.41312122e-01 1.27436447e+00
    -3.87429982e-01 1.90412664e+00 -3.58559191e-01 1.24675488e+00
    4.49141890e-01 1.33752620e+00 1.87822890e+00 5.92621803e-01
    -3.38406354e-01 -8.61705601e-01 1.89383256e+00 -8.76636028e-01
    5.44573486e-01 4.35054958e-01 1.15581501e+00 1.08463311e+00
    8.86409581e-01 1.23039925e+00 1.86584699e+00 -4.96453822e-01
    -1.78360805e-01 -4.60773349e-01 1.83752820e-01 1.06917500e-01
    3.47647965e-01 5.51078200e-01 -1.04125881e+00 6.68966651e-01
    -8.96706939e-01 1.23946512e+00 5.67024469e-01 1.30864537e+00
    1.51138473e+00 -1.82053689e-02 -7.08531260e-01 3.88219357e-01
    1.02508581e+00 -4.75732088e-02 8.22175890e-02 8.05719316e-01
    -8.50969911e-01 1.77435148e+00 -6.68798089e-01 1.75246704e+00
    1.63644552e+00 2.04246882e-02 1.25163555e+00 1.35215139e+00
    1.12179375e+00 -4.76061791e-01 -5.57092965e-01 6.43635213e-01
    1.79246163e+00 8.66082489e-01 1.60141730e+00 9.95322704e-01
    -3.76326591e-02 1.38158286e+00 1.60718548e+00 1.86756182e+00
    -2.20726822e-02 3.44198644e-01 1.32071602e+00 2.96762973e-01
    1.55231595e+00 -2.07887292e-01 9.61729527e-01 1.57666832e-01
    -5.28714359e-01 3.96470279e-01 5.37629664e-01 1.91128445e+00
    1.89102817e+00 5.61264694e-01 1.45315194e+00 -7.52366632e-02
    -4.74368095e-01 8.11384857e-01 1.72153145e-01 1.42656898e+00
    -3.50734383e-01 9.91107762e-01 1.64326620e+00 -8.07370186e-01
    3.67278486e-01 3.21973383e-01 5.64049363e-01 1.77933741e+00
    -3.04778218e-01 5.22344351e-01 -5.55299148e-02 7.88900793e-01
    1.38635337e+00 -2.29390353e-01 1.28535181e-01 1.53841749e-01
    -4.63213436e-02 -5.31475805e-03 3.86285894e-02 1.92701888e+00
    1.06922460e+00 1.81304502e+00 1.15067053e+00 1.49709547e+00
    -4.88804609e-01 1.35622919e+00 1.39886284e+00 4.89337593e-01
    7.04233468e-01 -3.18464637e-01 8.37541163e-01 1.41549695e+00
    1.34264910e+00 1.27646565e+00 1.07873070e+00 -3.39789897e-01
    9.03126955e-01 1.02652156e+00 -9.21048760e-01 5.78387640e-02
    1.00056159e+00 8.36395860e-01 1.09117913e+00 6.76996484e-02
    1.54311693e+00 1.11913466e+00 9.80307698e-01 1.04284751e+00
    7.18017638e-01 6.06344283e-01 1.17744327e+00 1.34746313e+00
    1.17084825e+00 9.81600642e-01 1.21029305e+00 1.01120687e+00
    1.73470497e+00 -6.62618756e-01 -7.52832472e-01 1.86251748e+00
    2.89871454e-01 1.10463989e+00 1.86788833e+00 1.49389103e-01
    -7.69655287e-01 1.31521165e+00 7.40729451e-01 -2.39974745e-02
    1.15124798e+00 1.68612421e+00 1.74570775e+00 1.09518814e+00
    1.65753198e+00 6.12431228e-01 1.93782568e+00 2.07077980e-01
    5.98805547e-01 1.62550044e+00 -2.11323097e-01 -5.54221094e-01
    -1.64592773e-01 -8.00600350e-01 3.94705117e-01 5.75253069e-01
    1.62542987e+00 7.89238751e-01 -4.22232658e-01 1.90496087e+00
    1.66534221e+00 -2.10269198e-01 1.02257645e+00 1.83491623e+00
    1.19115865e+00 -7.18966592e-03 2.40211502e-01 1.06955230e+00
    -3.52501482e-01 1.56073725e+00 8.44224393e-01 6.67735189e-02
    -7.10911676e-02 -3.98385525e-01 -3.31567943e-01 8.42348218e-01
    6.58199728e-01 -6.84060231e-02 -1.78647131e-01 -6.02626741e-01
    9.77502406e-01 5.30014396e-01 1.49330330e+00 -3.79468165e-02
    6.38630152e-01 1.72403383e+00 1.55356014e+00 -9.06608820e-01
    -4.50022399e-01 2.05234036e-01 1.49847376e+00 1.70940411e+00
    -5.15253901e-01 -5.60234249e-01 4.80504543e-01 1.79689920e+00
    7.16487348e-01 6.43906772e-01 -5.85984588e-01 1.33857179e+00
    7.29382634e-01 -5.64247370e-01 1.37411463e+00 1.13655186e+00
    -3.41751426e-01 1.21475947e+00 7.76935160e-01 1.89142299e+00
    1.43705988e+00 -2.11372942e-01 9.72429872e-01 3.42423350e-01
    1.06269681e+00 9.89219427e-01 7.38208294e-01 -1.93013668e-01
    7.90157616e-01 8.89326394e-01 5.73160708e-01 -3.06567192e-01
    6.94717228e-01 1.46107686e+00 -4.38826829e-01 1.53437519e+00
    -3.90811004e-02 1.32752037e+00 1.60694733e-01 8.25925246e-02
    1.81346881e+00 1.48270047e+00 1.19870079e+00 4.81041037e-02
    1.57589638e+00 -2.46664122e-01 1.53396487e+00 1.03573048e+00
    5.81347823e-01 -3.04567903e-01 5.76755345e-01 3.89476717e-01
    -4.08041269e-01 1.25729680e+00 5.34270883e-01 1.24087846e+00
    1.76689696e+00 1.57970011e+00 -8.28005612e-01 5.04299223e-01
    -6.61253393e-01 4.38173920e-01 -5.35006106e-01 1.70219883e-01
    -1.08575821e-03 1.74136841e+00 7.26716101e-01 -2.05955163e-01
    8.35114121e-02 -7.84577012e-01 5.69211543e-01 -5.53495049e-01
    4.81578857e-01 4.31624889e-01 1.71571445e+00 -2.54996091e-01
    1.52211106e+00 9.50743496e-01 1.36244726e+00 1.76107323e+00
    -2.70791084e-01 -7.33759850e-02 1.03223479e+00 1.49531221e+00
    1.79157412e+00 -2.34428138e-01 1.46821022e+00 1.76898527e+00
    6.50734425e-01 -7.83157170e-01 1.54078293e+00 4.74463314e-01
    -1.95913315e-01 7.24458635e-01 -6.84688270e-01 1.46674895e+00
    -6.23307288e-01 7.65187621e-01 8.22305009e-02 1.30576122e+00
    7.21257746e-01 -5.16516447e-01 8.93707991e-01 1.62504351e+00
    6.28031194e-01 -3.56267989e-01 -3.02605569e-01 7.60560751e-01
    1.30303502e-01 6.90147698e-01 1.45425224e+00 1.47910333e+00
    -5.54010272e-01 1.78946674e+00 -5.89977384e-01 -4.03041482e-01
    -6.29511535e-01 7.74835408e-01 -1.79782033e-01 2.63792157e+00
    -8.92539382e-01 -2.08717018e-01 -6.55619740e-01 1.08149230e+00
    -4.11994904e-01 1.41899824e-01 1.99907088e+00 1.84689903e+00
    -5.61901927e-01 1.09023237e+00 1.81933403e+00 -3.10688112e-02
    2.03224719e-01 1.46682930e+00 1.25445032e+00 6.25578642e-01
    -1.02444947e+00 -1.20214157e-01 1.29732192e+00 -3.44220877e-01
    -5.55192590e-01 6.41531408e-01 -7.60025442e-01 2.28422999e-01
    -8.16009164e-01 3.01594943e-01 2.79862791e-01 7.91193783e-01
    1.37863207e+00 1.64706266e+00 3.62826511e-02 3.04980606e-01
    -5.56635022e-01 1.16032255e+00 1.13730609e+00 3.02331708e-02
    1.32755136e+00 -1.43039420e-01 1.05380952e+00 -7.97753870e-01
    1.89348197e+00 1.66306758e+00 1.73131108e+00 -1.29873574e-01
    1.90912950e+00 -2.91703731e-01 1.04162240e+00 -3.72020274e-01
    1.41755748e+00 1.31826663e+00 1.06119645e+00 6.78573310e-01
    -7.98054636e-01 3.04152012e-01 -1.00445330e+00 1.49666369e+00
    1.70927644e+00 1.57661259e+00 2.95845687e-01 9.67613280e-01
    1.21888638e+00 -4.58630204e-01 -3.84685606e-01 9.31822121e-01
    -3.67426485e-01 -6.12144887e-01 1.59667718e+00 1.11604691e+00
    1.57103968e+00 -1.79406945e-02 1.22108318e-01 1.21755099e+00
    -5.17321706e-01 6.18701339e-01 -3.92202348e-01 -5.34545720e-01
    1.77883744e+00 8.70187879e-02 6.16278470e-01 -9.01224539e-02
    -8.20014238e-01 2.88519502e-01 -3.07859540e-01 7.60933101e-01
    1.75630510e+00 -5.26687384e-01 8.23800683e-01 3.33800644e-01
    3.21420461e-01 -6.38191581e-01 1.76962733e+00 -2.29445592e-01
    8.04134011e-01 1.72344601e+00 9.14284885e-01 -4.44445640e-01
    1.82864475e+00 -7.20822334e-01 6.56707644e-01 -1.74022034e-01
    1.72439647e+00 1.20408320e+00 2.43800938e-01 1.18218279e+00
    4.59651411e-01 6.96197867e-01 8.85511994e-01 9.11512733e-01
    1.70781875e+00 5.91312706e-01 -9.46386278e-01 -8.08591396e-02
    1.61767006e+00 8.52522552e-01 3.54093611e-01 9.00632799e-01
    1.45500743e+00 -5.89235663e-01 7.08217323e-01 -4.24337715e-01
    -1.71042621e-01 -5.49261391e-01 1.70550537e+00 -3.15686762e-01
    1.41102707e+00 1.12748384e+00 1.50106490e+00 2.15014428e-01
    -6.73485637e-01 7.03132689e-01 1.43154454e+00 8.74978900e-01
    1.69702387e+00 4.69232440e-01 7.59101331e-01 -2.97152221e-01
    2.54377395e-01 7.70230234e-01 6.30125463e-01 9.90520835e-01
    4.36579823e-01 -2.70285010e-01 1.08002877e+00 -7.86381245e-01
    3.47898543e-01 1.20171165e+00 -1.97688863e-01 -1.97376788e-01
    3.49761456e-01 5.51692881e-02 6.53404355e-01 1.11977446e+00
    9.53358293e-01 8.02477479e-01 8.71904612e-01 1.28951252e+00
    5.78889728e-01 -4.08440232e-01 -1.74849495e-01 1.87839699e+00
    6.72914326e-01 -7.82267570e-01 1.43313658e+00 9.47233289e-02
    1.66025901e+00 -8.95131528e-01 1.38105333e+00 -4.37992841e-01
    1.06232248e-01 1.68352532e+00 -5.28338969e-01 1.89734328e+00
    -3.80880147e-01 1.02597094e+00 -3.00162762e-01 5.68826199e-01
    -6.25585496e-01 -3.04336071e-01 1.58120155e+00 -7.56812394e-01
    9.19514000e-01 6.19567513e-01 4.09603983e-01 2.71660835e-01
    1.71718192e+00 1.60727382e+00 1.66544116e+00 7.80872405e-01
    -1.09218851e-01 1.46933067e+00 3.43831539e-01 -6.80125177e-01
    1.78486907e+00 -8.21038425e-01 9.48996603e-01 1.35710776e+00
    1.31623326e-02 1.71023476e+00 2.94002831e-01 6.50677457e-02
    1.62782812e+00 -1.12446211e-01 1.91581333e+00 1.35926142e-01
    9.09407735e-01 4.22357619e-02 1.10793722e+00 3.61429036e-01
    7.23510265e-01 9.40372407e-01 1.80399811e+00 -5.25313556e-01
    1.50103736e+00 -7.15684175e-01 -1.57443047e-01 5.19849956e-01
    1.34848505e-01 2.27540359e-01 -5.20342708e-01 8.56411755e-01
    1.83368552e+00 1.85328174e+00 1.06701100e+00 5.51634371e-01
    1.78233087e+00 1.38093150e+00 -8.98468196e-01 4.22714263e-01
    7.87514865e-01 -3.33076835e-01 -1.09920122e-01 -7.99317479e-01
    7.01403767e-02 1.60231256e+00 3.70836258e-01 8.34304094e-01
    7.60641456e-01 -6.80244803e-01 -8.82346332e-01 1.31076932e+00
    1.11643517e+00 5.16043723e-01 -8.20760336e-03 -5.05049765e-01
    1.37760627e+00 6.39647424e-01 -3.27487677e-01 -1.81990325e-01
    3.85091156e-01 1.60642362e+00 -6.33937657e-01 1.49842572e+00
    1.70749211e+00 2.36703500e-01 -3.55612785e-01 2.88081479e+00
    9.48737681e-01 1.75057244e+00 1.01024783e+00 8.62048715e-02
    1.09609112e-01 -7.76716650e-01 -4.40071642e-01 -4.73898661e-04
    1.35305628e-01 1.79900897e+00 9.32122946e-01 1.26642302e-01
    6.44452333e-01 -9.29009497e-01 1.66586232e+00 1.48156226e+00
    1.81909895e+00 -4.72513616e-01 1.46791565e+00 6.76145628e-02
    8.89376283e-01 1.53717291e+00 -8.67275894e-01 -6.42706633e-01
    6.18469656e-01 1.08769262e+00 -4.11961228e-01 1.27396441e+00
    -3.92546028e-01 -1.39880955e-01 1.76967490e+00 6.32293642e-01
    1.91175431e-01 1.40640247e+00 2.07682773e-01 -1.06730931e-01
    5.36682129e-01 4.42400038e-01 1.24658883e+00 8.88895690e-01
    1.64084539e-01 3.48764032e-01 1.50681865e+00 6.52906954e-01
    -8.71150017e-01 1.29486156e+00 5.22116432e-04 -1.61641657e-01
    7.57655144e-01 7.57335007e-01 -4.32647556e-01 1.04040837e+00
    1.43616199e+00 -2.37559348e-01 1.05569470e+00 -1.58742040e-01
    -9.36394811e-01 9.69383419e-02 1.53340316e+00 1.13245010e-01
    -8.14507008e-01 1.30152559e+00 6.30579114e-01 -1.70981571e-01
    -7.82477796e-01 1.20425308e+00 7.05970466e-01 1.32863653e+00
    -6.46926284e-01 1.15133548e+00 5.57993710e-01 2.88943619e-01
    8.98534596e-01 -7.34454840e-02 -3.72263432e-01 1.83047450e+00
    5.02574980e-01 1.63359249e+00 1.71960819e+00 9.81992304e-01
    6.76679388e-02 4.95954603e-01 1.68446290e+00 1.42075688e-01
    1.69185512e-02 -6.18677437e-01 8.86854053e-01 -9.36352730e-01
    -6.21760130e-01 1.44362152e+00 1.22899592e-01 -4.58154716e-02
    4.45877284e-01 -3.30363274e-01 8.29762638e-01 1.10281813e+00
    -6.23562336e-01 -4.85510409e-01 -6.22846484e-01 1.87517321e+00
    -6.15207613e-01 1.60554397e+00 5.53810179e-01 3.26033950e-01
    -5.30766368e-01 -9.01195288e-01 2.44801611e-01 1.14157152e+00
    1.78083479e+00 1.60205877e+00 3.44212912e-02 1.38504398e+00
    -1.79343894e-02 1.82245779e+00 3.23979467e-01 1.39702058e+00
    1.87008953e+00 -1.01127192e-01 8.53375316e-01 1.03931224e+00
    7.79636741e-01 1.32046127e+00 1.15962312e-01 9.08656001e-01
    -5.94579577e-01 3.64042670e-02 1.37852645e+00 7.60819197e-01
    2.45365396e-01 1.70150137e+00 -2.91365206e-01 1.81887257e+00
    1.48559642e+00 -9.31607485e-01 3.38979661e-01 8.23370740e-02
    7.38797843e-01 1.60033500e+00 -4.02728170e-01 1.33028436e+00
    -4.86065894e-01 4.99438703e-01 7.49619186e-01 1.87544608e+00
    1.67812717e+00 -5.74182630e-01 -1.55650973e-01 -4.59203094e-01
    1.14366412e-01 -7.95905441e-02 1.73263240e+00 4.01173323e-01
    9.72637117e-01 -9.03011918e-01 1.04309189e+00 1.12284958e+00
    6.34992719e-01 -8.69636387e-02 -4.62458134e-01 1.18152714e+00
    1.67425370e+00 2.01622033e+00 -7.70404339e-01 1.32928491e+00
    -2.39803165e-01 6.99209869e-01 8.51089001e-01 1.61999896e-01
    -6.82534218e-01 7.91940987e-01 1.52696395e+00 1.03489923e+00
    1.75564873e+00 1.31684744e+00 1.84096038e+00 3.68505239e-01
    1.29013968e+00 -6.32614732e-01 -4.65157419e-01 1.72248065e+00
    5.48308045e-02 1.50228396e-01 7.00508475e-01 1.50579739e+00
    -5.73430173e-02 -2.92272028e-02 -2.61097550e-01 6.02151811e-01
    1.90605092e+00 1.83259487e+00 1.63815463e+00 5.39184570e-01
    8.32555741e-02 -7.06101596e-01 6.05951071e-01 4.38962758e-01
    -8.03732455e-01 7.30354309e-01 -5.61504722e-01 2.92591780e-01
    9.30685222e-01 1.38943005e+00 1.61421323e+00 -1.65935755e-01
    -7.49528706e-01 6.36627853e-01 4.42725003e-01 -6.80005372e-01
    1.78394234e+00 -7.93281794e-01 7.75681615e-01 1.27998841e+00
    -1.47088900e-01 3.84131610e-01 1.75291061e-01 9.47596550e-01
    -7.76147246e-02 -2.36005008e-01 -3.70857477e-01 1.37857473e+00
    2.59986401e-01 1.39831388e+00 1.22770250e+00 2.50532210e-01
    1.29535985e+00 1.74699867e+00 7.76399016e-01 4.14788753e-01
    -1.71723559e-01 5.43958724e-01 9.00574565e-01 1.98039150e+00
    1.91339993e+00 6.38206959e-01 -7.34464824e-01 6.99678123e-01
    6.51072860e-01 1.28769088e+00 -1.00471303e-01 1.58914757e+00
    6.54155254e-01 1.46071601e+00 -2.12046966e-01 2.77488351e-01
    -5.52506506e-01 -1.86318249e-01 -5.20213425e-01 -9.63597521e-02
    1.74368715e+00 -6.39912903e-01 1.91964316e+00 2.13099733e-01
    1.81261659e+00 1.07482350e+00 -3.71962637e-01 2.17119098e+00
    5.79249740e-01 9.67030704e-01 1.23607230e+00 1.66074280e-02
    1.22452319e+00 1.90616357e+00 -8.69611740e-01 -1.66498899e-01
    7.08816111e-01 7.04168200e-01 8.63864645e-02 -7.38686562e-01
    8.28078985e-02 1.26590919e+00 -4.38010007e-01 1.35123610e+00
    1.40118873e+00 2.98378557e-01 6.66514158e-01 1.16118670e+00
    -2.24035040e-01 3.52609158e-01 6.61941648e-01 8.82494092e-01
    1.17512681e-01 -3.29618931e-01 -6.28363431e-01 -2.44994536e-01
    4.01943594e-01 1.38818014e+00 -6.49909496e-01 1.01727688e+00
    1.22890604e+00 -7.10762620e-01 1.22889507e+00 2.95631498e-01
    5.80806255e-01 -6.96394444e-01 -4.87217337e-01 1.42080319e+00
    3.35576713e-01 1.05728483e+00 1.16697919e+00 1.56534088e+00
    -8.42489004e-01 1.61652327e+00 5.63192606e-01 -2.60287344e-01
    -5.39487422e-01 1.73479986e+00 7.51095712e-01 1.52144253e+00
    9.83275950e-01 9.78380442e-01 2.93857574e-01 3.61031383e-01
    -1.09948099e-01 -5.75870872e-01 9.62274015e-01 4.38269138e-01
    -7.77107000e-01 -4.69190687e-01 1.47966576e+00 -4.33785886e-01
    1.52627206e+00 6.87750429e-02 1.52521515e+00 -8.73079002e-01
    -1.26359046e-01 -8.88741195e-01 -8.56485069e-01 1.92370141e+00
    -1.06529661e-01 1.84340513e+00 -4.95522499e-01 9.56885576e-01
    1.20429575e+00 1.13662219e+00 -3.01520526e-01 -7.98881590e-01
    -3.39175820e-01 1.76804817e+00 3.97713929e-01 -6.66353047e-01
    1.49088180e+00 6.68231666e-01 1.15856636e+00 -4.74062085e-01
    1.81167614e+00 -8.59798431e-01 1.55828631e+00 9.82725978e-01
    -4.80252773e-01 -3.65624242e-02 -2.24869072e-01 1.44896090e+00
    -4.29317534e-01 -7.39785552e-01 1.72245431e+00 4.15482223e-01
    9.62996721e-01 6.44754946e-01 -7.41723239e-01 -6.01885080e-01
    1.90028691e+00 5.83017051e-01 2.09798574e-01 8.54486600e-02
    -9.11077023e-01 1.32626772e+00 9.48970020e-01 1.66332054e+00
    -9.73492742e-01 2.01701885e-03 -1.77781790e-01 -6.53262794e-01
    -8.16669881e-01 1.10861325e+00 1.60674739e+00 -7.72288263e-01
    4.96197850e-01 1.22736883e+00 7.82315552e-01 2.10638434e-01
    4.07892883e-01 5.17139316e-01 1.75619113e+00 1.47607803e+00
    -3.72190714e-01 1.18826044e+00 -1.55801028e-01 1.83600116e+00
    -1.13947298e-02 -4.06848937e-01 7.49521516e-03 1.35777879e+00
    1.54906046e+00 -4.67588454e-01 1.14506221e+00 -8.84360373e-02
    5.27522445e-01 -8.84877369e-02 2.43680000e-01 6.99672222e-01
    -6.60618663e-01 1.06719065e+00 3.84439141e-01 1.16818547e+00
    1.35556102e+00 1.59916389e+00 4.13816392e-01 -5.88350892e-02
    1.09712029e+00 -7.29016781e-01 -5.42215049e-01 1.52912784e+00
    3.90217036e-01 1.03880203e+00 9.81733620e-01 -4.57044482e-01
    3.48659366e-01 8.50263000e-01 -7.57298945e-03 6.95510879e-02
    -2.99560577e-01 1.18987882e+00 1.39131033e+00 6.95897102e-01
    6.50411963e-01 1.78892422e+00 1.66424155e+00 5.71647147e-03
    1.72471178e+00 -2.80373454e-01 -6.97901487e-01 -5.28630376e-01
    -8.47236156e-01 1.33216774e+00 1.25429344e+00 2.74787545e-01
    -9.83096778e-01 1.75203753e+00 1.00974536e+00 5.14784515e-01
    5.63156188e-01 1.66391242e+00 1.39059448e+00 -6.19720101e-01
    1.13046002e+00 -7.61273563e-01 1.82308495e-01 1.66910708e+00
    -7.37924278e-01 1.86878920e+00 -2.41808683e-01 9.45017815e-01
    3.48373540e-02 7.31663823e-01 1.57416558e+00 1.25739837e+00
    1.58191454e+00 9.66231525e-01 1.90746522e+00 -4.95662808e-01
    1.94345975e+00 -7.21704125e-01 2.65505612e-01 1.28311956e+00
    2.51248833e-02 3.06121148e-02 1.72550178e+00 3.56741250e-01
    1.87374127e+00 -6.99757457e-01 -5.93363464e-01 4.23240364e-01
    3.12403709e-01 1.70498407e+00 1.59010732e+00 -1.51066720e-01
    7.20582485e-01 -6.12749577e-01 4.14680988e-01 9.57702100e-01
    4.86521497e-02 1.20877290e+00 1.71135616e+00 -6.04613364e-01
    2.77068406e-01 1.87821519e+00 1.46516252e+00 1.11918584e-01
    1.03818142e+00 -6.66598141e-01 1.27319992e+00 6.50545359e-01
    6.24643087e-01 -2.04930574e-01 3.93799096e-01 -7.33614206e-01
    4.30156618e-01 6.28261030e-01 9.32829916e-01 -1.88429002e-02
    -6.43769085e-01 9.21128616e-02 -3.07781816e-01 6.06700301e-01
    1.84035647e+00 -4.19807553e-01 -8.56178463e-01 4.73382771e-01
    -4.85174507e-01 1.20574784e+00 -6.04882479e-01 2.40031648e+00
    1.48782146e+00 3.22396494e-02 -8.07564676e-01 -9.71477568e-01
    -7.45348275e-01 1.24533069e+00 -3.47731203e-01 6.22003973e-01
    -8.18783879e-01 -7.73686826e-01 -4.75874066e-01 -5.54730117e-01
    -5.82102597e-01 1.64349258e+00 -6.67534471e-01 1.73186946e+00
    -2.85192975e-03 7.12102950e-01 1.06268919e+00 9.62144673e-01
    -8.89904737e-01 7.97760248e-01 8.59735072e-01 9.95260298e-01
    1.32939920e-01 1.86723053e+00 8.32199082e-02 1.62644243e+00
    -7.06851721e-01 1.21840763e+00 1.33656651e-01 4.97409165e-01
    1.75998175e+00 1.45355451e+00 2.53148705e-01 -2.40401849e-01
    -4.05915529e-01 5.56231067e-02 7.83941865e-01 1.66765988e+00
    1.13700449e+00 -5.97667217e-01 -2.03239709e-01 7.72819400e-01
    5.54929376e-01 1.17019701e+00 5.35592198e-01 6.69944465e-01
    -5.12058794e-01 -7.75097907e-02 1.65120971e+00 -8.48377705e-01
    1.75104058e+00 -5.05631626e-01 1.14677024e+00 7.89721012e-01
    -3.63122970e-02 6.57127738e-01 4.23548639e-01 -2.69338816e-01
    -3.14612120e-01 1.14416337e+00 1.54193377e+00 3.00403256e-02
    2.18797043e-01 1.52575910e+00 5.97030759e-01 -3.81422341e-01
    1.43027234e+00 9.59430814e-01 9.25824225e-01 1.06654501e+00
    1.81228471e+00 8.33280742e-01 1.52509665e+00 1.20879269e+00
    -6.90670490e-01 1.63987660e+00 1.53482366e+00 1.58887434e+00
    1.03329206e+00 -4.48889464e-01 -5.22085249e-01 5.40510118e-01
    3.15468490e-01 -4.31119680e-01 -9.32242095e-01 5.64691246e-01
    -2.08824411e-01 -5.80610096e-01 -2.34649703e-01 -8.82655323e-01
    -7.55038977e-01 1.79098940e+00 1.87642777e+00 -2.35364258e-01
    -4.78220493e-01 -1.98233649e-01 -3.42731059e-01 -5.82066715e-01
    -2.30667129e-01 -3.41185957e-01 7.92029083e-01 3.94828528e-01
    6.36550784e-01 -8.73384893e-01 1.34372675e+00 -2.12465644e-01
    1.46649098e+00 -4.22962517e-01 4.24930960e-01 6.97753489e-01
    -1.27971947e-01 1.70152390e+00 -4.67483133e-01 -5.70514381e-01
    3.99135202e-01 6.47464693e-01 -1.05711132e-01 -3.28914016e-01
    1.19272077e+00 1.36822200e+00 6.32611990e-01 -3.80031437e-01
    -7.67867029e-01 -7.85712302e-01 4.20831263e-01 -2.89675891e-01
    -5.99902749e-01 1.83510423e+00 -7.34894753e-01 -6.44115433e-02
    -6.27906978e-01 4.73576179e-03 4.53956723e-01 1.57038474e+00
    1.23652518e+00 1.38108945e+00 3.83015156e-01 -5.59508860e-01
    -6.68201804e-01 7.60548353e-01 8.33305001e-01 6.68535590e-01
    -6.22905076e-01 -5.28575122e-01 1.67562926e+00 6.52210951e-01
    -8.63759816e-01 8.87938261e-01 7.23226607e-01 1.64978731e+00
    -1.43261641e-01 1.59151125e+00 3.49003166e-01 1.06050313e+00
    -4.02921259e-01 -5.81661403e-01 7.97709405e-01 1.54478371e+00
    1.16285300e+00 1.66215980e+00 -6.22026622e-01 4.33229096e-03
    5.66112638e-01 1.07434738e+00 1.79529953e+00 7.86477029e-01
    1.38167977e+00 -6.57513857e-01 1.10276735e+00 1.20358907e-01
    7.96039045e-01 -7.52252162e-01 -3.88790786e-01 -4.38442171e-01
    -4.99824136e-01 3.69916499e-01 -3.49839419e-01 1.86915088e+00
    5.75355470e-01 -5.39875686e-01 2.52262503e-01 1.46238029e+00
    1.20946336e+00 -3.23034525e-01 1.48465478e+00 1.18768144e+00
    8.93216133e-01 -5.64062476e-01 9.82920766e-01 -7.11392641e-01
    1.92377222e+00 4.03961539e-01 -2.61279792e-01 1.30671501e+00
    5.37490189e-01 1.52147651e+00 4.20456350e-01 8.26413691e-01
    -7.90508866e-01 8.12639356e-01 1.23838735e+00 3.59874070e-01
    4.73454833e-01 1.03466558e+00 -4.41228211e-01 1.66398036e+00
    7.74437904e-01 1.24349916e+00 4.07744616e-01 6.25252202e-02
    1.87276673e+00 1.28754365e+00 9.54451323e-01 8.93705606e-01
    -2.67878510e-02 2.01785818e-01 -2.66903281e-01 -6.09730721e-01
    7.55541146e-01 1.39463425e+00 1.77373481e+00 1.22512567e+00
    -3.57315779e-01 -2.67220616e-01 1.27244592e-01 1.00528121e+00
    1.31467748e+00 -2.80651540e-01 1.18803121e-01 1.53293276e+00
    -5.90114951e-01 1.29312742e+00 8.36685002e-01 4.40090358e-01
    -2.86529928e-01 -5.22162318e-01 2.49490634e-01 -7.33058810e-01
    6.41474366e-01 6.66415393e-01 7.96206594e-01 3.80567044e-01
    1.74153948e+00 9.43011522e-01 -8.76277149e-01 -1.58701211e-01
    1.20569921e+00 -2.41784304e-01 1.69761753e+00 1.44612217e+00
    1.28572679e+00 1.27042544e+00 9.08629179e-01 2.82473683e+00
    -6.05034232e-01 -3.00290644e-01 2.78432310e-01 1.72916043e+00
    -7.25515187e-01 7.88956165e-01 1.95587325e+00 1.93231571e+00
    8.11021328e-01 4.15028095e-01 -7.28540063e-01 -9.02606249e-01
    1.07088125e+00 3.30694377e-01 7.13637888e-01 1.31044114e+00
    -6.50500238e-01 9.71507490e-01 1.33855474e+00 3.87207866e-01
    1.47539520e+00 5.13445318e-01 -8.49057555e-01 -3.04991119e-02
    1.22968709e+00 1.17343616e+00 1.93971515e+00 1.87694207e-01
    -4.21389490e-01 -4.68697667e-01 1.83692467e+00 -1.50190100e-01
    7.32495129e-01 -8.89895916e-01 1.28194034e+00 1.10642147e+00
    1.73667347e+00 -4.01342541e-01 1.59509933e+00 1.01358140e+00
    -7.95513093e-01 -4.99109030e-01 5.29545605e-01 7.16852397e-02
    -4.38636094e-01 6.94133818e-01 1.86692488e+00 -3.57287556e-01
    -3.69876683e-01 -2.20633090e-01 1.61345267e+00 1.07285345e+00
    8.47667098e-01 7.04049051e-01 1.29746425e+00 -5.68268858e-02
    1.59736440e-01 1.38831866e+00 5.53295434e-01 1.88173699e+00
    5.16173303e-01 1.79133224e+00 -1.32203266e-01 1.12886989e+00
    5.41911364e-01 -6.15136921e-01 1.80973637e+00 1.18939865e+00
    9.20007467e-01 1.83468926e+00 -7.62836456e-01 -7.87831128e-01
    8.83027911e-01 6.46724641e-01 6.80951416e-01 -7.69815385e-01
    7.18939066e-01 6.13359332e-01 3.36626917e-01 6.16057038e-01
    1.68358207e+00 4.75687414e-01 9.30531681e-01 1.06743252e+00
    8.88308942e-01 1.06097186e+00 -2.33526677e-01 5.54235756e-01
    9.78792235e-02 1.35276711e+00 -4.69958723e-01 8.72000515e-01
    1.06056130e+00 -3.44344825e-01 -1.29618868e-01 1.99784517e+00
    1.69519675e+00 7.61922121e-01 -7.63167620e-01 -5.87745070e-01
    9.89631712e-01 8.70364249e-01 7.80204475e-01 -4.82260101e-02
    1.32070887e+00 5.71603119e-01 -5.06174207e-01 5.54192424e-01
    -4.16982137e-02 -8.00315142e-01 4.97755796e-01 9.03373480e-01
    -5.30643523e-01 1.76208794e+00 1.76678097e+00 -8.29927444e-01
    1.50284100e+00 1.48170435e+00 7.61844635e-01 -3.32223386e-01
    2.96940595e-01 1.88261306e+00 1.10875964e+00 5.68385482e-01
    -5.95060706e-01 6.26072586e-01 1.35156012e+00 1.78308690e+00
    -6.57058299e-01 2.83715487e-01 1.07250273e+00 6.55365705e-01
    8.59837472e-01 -3.69216323e-01 -2.08562046e-01 -2.14750439e-01
    -4.30595607e-01 1.16922736e+00 -6.15629554e-03 5.43561280e-01
    -2.11129207e-02 1.66006207e-01 2.51179308e-01 -1.94608226e-01
    -3.67676765e-01 1.80832005e+00 -2.37259045e-01 1.35832310e+00
    2.45107204e-01 -9.27171230e-01 1.97259557e+00 3.23265463e-01
    -2.18930885e-01 -4.88837302e-01 -6.50806546e-01 -7.60451674e-01
    1.51615930e+00 -5.44789255e-01 1.47970140e+00 1.11364126e-01
    -5.71075082e-01 -5.22024333e-01 2.75290161e-01 5.67615569e-01
    5.77656031e-01 9.64009464e-01 -1.05173156e-01 -4.21819359e-01
    3.15345228e-02 1.87833381e+00 -6.31563589e-02 4.30502236e-01
    1.23408854e+00 1.55072093e-01 -2.97591656e-01 -7.27161765e-01
    1.31345606e+00 1.97212601e+00 -4.58819002e-01 -7.57508054e-02
    -3.51115912e-02 4.37044919e-01 -8.37399602e-01 4.66214091e-01
    -3.61955881e-01 2.62274653e-01 1.14093220e+00 1.06129456e+00
    -5.21708608e-01 6.18100613e-02 2.30677038e-01 -7.56291568e-01
    -8.97723675e-01 7.90818214e-01 1.90763092e+00 6.12716042e-02
    2.31176876e-02 1.69929409e+00 -8.04806590e-01 2.32039407e-01
    -2.98233896e-01 1.77026618e+00 -4.57847059e-01 1.84986985e+00
    4.46298033e-01 -6.29777133e-01 1.68026537e-01 -4.66340363e-01
    7.67169893e-01 1.67277086e+00 1.22352564e+00 -1.55823171e-01
    9.69454646e-01 1.83925080e+00 -6.26902580e-01 -3.94364089e-01
    5.32053649e-01 -1.11311637e-01 1.89375234e+00 -5.46688318e-01
    1.30489051e+00 -7.34297395e-01 1.62013933e-01 1.05569935e+00
    1.39242268e+00 -1.01015902e+00 3.32761705e-01 8.02918077e-01
    7.38882422e-01 1.56059122e+00 -5.00816941e-01 -4.29250181e-01
    8.41284335e-01 -6.96956396e-01 -3.01391214e-01 -4.04914051e-01
    -8.40345740e-01 -5.82280695e-01 1.03087866e+00 3.82917196e-01
    1.60303819e+00 1.69943321e+00 1.88761806e+00 3.42955083e-01
    1.35319602e+00 -7.11745620e-01 1.45230114e+00 8.36594164e-01
    8.53825867e-01 1.02460778e+00 1.28295887e+00 8.12429115e-02
    -5.56285560e-01 -4.63668883e-01 -2.80178398e-01 4.95128900e-01
    -5.11188030e-01 -3.13563198e-01 7.35586405e-01 6.77013874e-01
    1.22211468e+00 3.20147008e-01 -1.32293358e-01 4.32565749e-01
    2.77921855e-01 3.76203924e-01 2.00206256e+00 6.56010985e-01
    7.84021735e-01 -4.91869092e-01 -3.56970251e-01 -2.54975945e-01
    6.51634932e-01 1.34737742e+00 1.44237089e+00 -9.99894083e-01
    2.90874839e-01 1.25265050e+00 6.80855691e-01 2.19109550e-01
    5.29918671e-01 1.43864393e+00 1.77030647e+00 1.39187217e+00
    -7.17568457e-01 1.12829030e+00 -6.02447510e-01 1.01233780e+00
    1.76962316e+00 1.32735336e+00 -3.65116239e-01 1.75074741e-01
    -1.42166719e-01 6.66261077e-01 1.24621011e-01 1.89786875e+00
    1.05339646e+00 1.45618248e+00 7.60676384e-01 6.61204457e-01
    -5.38868964e-01 1.37985480e+00 2.01862621e+00 -2.86002070e-01
    -5.00143886e-01 4.94171917e-01 1.31570137e+00 1.85315537e+00
    1.04378366e+00 8.93323243e-01 2.57266909e-02 3.28479223e-02
    1.04755807e+00 8.65833163e-02 2.89717376e-01 9.81429935e-01
    1.07863915e+00 -3.50932009e-03 2.87179917e-01 1.82942176e+00
    -5.63351393e-01 1.34245515e+00 1.61966026e+00 -8.45073402e-01
    1.14349389e+00 7.59087145e-01 5.01058161e-01 -9.34150994e-01
    5.35643101e-01 1.51636994e+00 1.21374178e+00 -3.52369845e-02
    4.54036444e-01 1.55086315e+00 -8.57435942e-01 1.02975869e+00
    7.36436486e-01 1.84817481e+00 1.40525743e-01 8.99726570e-01
    1.11383867e+00 7.40980983e-01 1.84880424e+00 1.00107062e+00
    -4.61761773e-01 1.86287248e+00 1.18554103e+00 1.54418516e+00
    1.10127079e+00 1.33537412e+00 7.77811170e-01 1.39206278e+00
    1.96653438e+00 1.16043246e+00 1.11052179e+00 -5.93981504e-01
    -5.22631347e-01 1.61378670e+00 5.51981807e-01 1.93325770e+00
    -4.52002227e-01 -8.43125761e-01 7.09429443e-01 4.64301944e-01
    1.27358544e+00 -2.97506392e-01 6.90005302e-01 1.41139209e+00
    -7.28895009e-01 8.19653273e-02 5.48294008e-01 2.27240071e-01
    2.04204702e+00 4.27587062e-01 8.54124248e-01 1.34296095e+00
    4.64490563e-01 -4.83491272e-01 9.77773905e-01 1.36953819e+00
    1.38423765e+00 1.75193310e+00 -8.71676147e-01 1.36042404e+00
    8.17828119e-01 3.07888567e-01 1.33626866e+00 -4.92912680e-01
    9.94921923e-01 1.49938154e+00 6.34873390e-01 1.26004207e+00
    1.01081812e+00 4.20574248e-01 -4.74085450e-01 6.65867209e-01
    1.62734056e+00 8.32313478e-01 1.74028492e+00 1.93418121e+00
    1.16053367e+00 1.10568821e+00 -6.61949456e-01 9.12164330e-01
    -3.06032449e-01 1.47381091e+00 1.56744003e+00 1.76819909e+00
    -6.52896345e-01 5.78018844e-01 9.11021113e-01 -4.74967778e-01
    3.40442717e-01 -8.89874279e-01 6.38678908e-01 -2.53253907e-01
    -3.78309488e-01 -4.83997241e-02 -8.54459465e-01 -7.00264573e-01
    2.70681620e-01 -3.75162005e-01 1.64194667e+00 -2.39577666e-01
    -2.86043674e-01 -4.45267051e-01 -2.25530475e-01 1.46104729e+00
    1.66062343e+00 1.06186950e+00 2.80800194e-01 3.78117174e-01
    -8.89011025e-02 1.75183356e+00 8.52604985e-01 9.11539555e-01
    9.76676822e-01 1.23037016e+00 9.15358484e-01 3.76504183e-01
    1.34700334e+00 1.19267426e-01 1.39286280e-01 6.58219099e-01
    -2.09372118e-01 1.37008774e+00 -1.83178365e-01 1.24798906e+00
    1.95618534e+00 1.04663718e+00 1.08486012e-01 1.74906242e+00
    1.24807143e+00 2.30701581e-01 3.28387737e-01 5.09852350e-01
    1.17329395e+00 -5.51802397e-01 1.92811811e+00 -4.30965014e-02
    8.34382951e-01 -8.00784707e-01 2.19786867e-01 -5.86703777e-01
    -3.82063121e-01 1.44849968e+00 9.27439213e-01 5.22140153e-02
    8.50434363e-01 -8.38249505e-01 7.64260471e-01 5.11957169e-01
    1.21394932e+00 -6.60363793e-01 1.74538863e+00 6.94855034e-01
    -6.75886199e-02 1.36324036e+00 1.37722325e+00 5.51715195e-01
    1.34874690e+00 -1.99756235e-01 -6.08742297e-01 1.44600689e+00
    1.31717706e+00 6.27564549e-01 1.65586782e+00 -7.32888758e-01
    -7.10174203e-01 -5.46074450e-01 -4.34558600e-01 2.09299970e+00
    -6.51254117e-01 -4.56977248e-01 1.55888879e+00 6.86805248e-01
    1.79407632e+00 -4.66597527e-01 -8.91779840e-01 -8.64311695e-01
    1.70249224e+00 5.25032103e-01 1.25802442e-01 -2.10749149e-01
    -1.05490282e-01 4.24063265e-01 4.35338289e-01 3.80813450e-01
    1.57847202e+00 1.60212028e+00 1.40423656e+00 1.95325804e+00
    6.35149360e-01 1.01352461e-01 1.19607258e+00 1.89798462e+00
    1.60243320e+00 -7.14111775e-02 8.61023307e-01 1.60125032e-01
    7.47131646e-01 -2.72500813e-01 1.27870786e+00 1.00340796e+00
    -7.70690799e-01 -5.83369493e-01 -1.28216937e-01 3.07488710e-01
    4.22387064e-01 -1.64498478e-01 1.49474311e+00 9.26168859e-02
    2.31055215e-01 -1.52569085e-01 7.74011850e-01 1.52657366e+00
    -3.09106261e-01 1.77270782e+00 -5.18826008e-01 -3.07901978e-01
    1.68356740e+00 4.56292301e-01 -2.25418761e-01 2.95309722e-01
    -3.83871682e-02 1.45024335e+00 7.92794526e-01 -7.59895742e-01
    1.64213896e+00 -3.24241906e-01 1.84429872e+00 8.97609890e-01
    -1.66273847e-01 -3.22111398e-01 1.93667078e+00 -7.41100192e-01
    4.12584431e-02 1.20928812e+00 -4.43506718e-01 7.50714004e-01
    -3.66613865e-01 4.36694235e-01 4.61437672e-01 9.48864281e-01
    1.19826829e+00 7.60095000e-01 -9.77629662e-01 1.82705295e+00
    1.81235480e+00 2.45835617e-01 8.87571573e-01 1.63168037e+00
    2.46334553e-01 5.09190977e-01 -2.20923543e-01 -5.93273342e-01
    8.63314807e-01 6.39775395e-01 6.92089021e-01 -1.36604324e-01
    8.39936256e-01 -5.38341463e-01 -3.05921957e-02 -5.98932028e-01
    -1.88219681e-01 1.83545446e+00 -8.30658495e-01 -9.57037151e-01
    7.25635886e-01 -6.67081654e-01 -1.85884804e-01 5.67048967e-01
    7.37717688e-01 2.60567933e-01 -7.16862977e-01 -8.70002329e-01
    1.80158079e+00 1.70522404e+00 7.54879355e-01 1.45549881e+00
    5.34451544e-01 -4.53370154e-01 -8.12810063e-01 1.59550667e+00
    1.76746762e+00 1.76015532e+00 1.16921723e+00 1.44688976e+00
    -6.32396281e-01 -3.46547991e-01 1.94841117e-01 1.85401702e+00
    -6.26543641e-01 -7.79429913e-01 2.91656941e-01 1.82541192e+00
    1.03168702e+00 8.26696754e-01 1.78205356e-01 8.97651374e-01
    1.84762752e+00 -2.17563078e-01 1.16468120e+00 3.27709645e-01
    9.45835650e-01 1.79793155e+00 7.27726519e-01 -3.64092708e-01
    1.57160091e+00 -1.53168201e-01 -4.37105298e-01 -2.29163453e-01
    1.38711678e-02 -6.52027786e-01 1.78433347e+00 5.03631711e-01
    -8.14432263e-01 5.49974978e-01 1.16615343e+00 -6.96989954e-01
    1.83344543e+00 -2.70494998e-01 4.50530618e-01 6.65833831e-01
    -7.52713323e-01 -2.31584132e-01 1.36499071e+00 -5.79453886e-01
    -6.79614961e-01 9.46951449e-01 1.50805926e+00 -8.00773799e-01
    1.89874363e+00 -4.36464369e-01 4.91286188e-01 1.98666894e+00
    6.17125154e-01 7.61916518e-01 1.09028906e-01 -7.28018522e-01
    -6.24550462e-01 3.45717818e-01 5.93578666e-02 1.72779992e-01
    -1.51493847e-01 -2.40955725e-01 1.12794971e+00 8.65479290e-01
    -3.22794884e-01 -2.97551930e-01 7.17798948e-01 1.79958865e-01
    -5.71756721e-01 1.14637208e+00 8.71267438e-01 2.55807996e-01
    -8.72976959e-01 9.12005246e-01 -7.29683697e-01 1.71085370e+00
    1.93419218e+00 -5.09852767e-01 6.94701135e-01 1.70655537e+00
    7.46656358e-01 1.15217400e+00 -8.88642013e-01 -6.52336061e-01
    1.38418877e+00 1.49513078e+00 3.02325308e-01 -7.10195661e-01
    -6.59455836e-01 1.18307292e+00 1.82346833e+00 4.80016917e-01
    7.30148435e-01 -8.25688362e-01 2.50034854e-02 5.73983714e-02
    -6.70612931e-01 1.85748947e+00 -8.35969687e-01 -4.45606291e-01
    -3.97886693e-01 7.53641307e-01 -6.68771386e-01 2.21227452e-01
    4.19753730e-01 1.47536850e+00 -7.88590431e-01 1.39846027e+00
    7.33883858e-01 4.89398897e-01 -4.40234393e-01 -3.42313021e-01
    2.98808869e-02 1.43681586e+00 -5.29251277e-01 1.56400621e+00
    7.56725729e-01 -5.37571967e-01 1.39026785e+00 -9.47067201e-01
    6.33243263e-01 1.62461400e+00 -3.96316558e-01 1.18301940e+00
    -6.74067378e-01 4.67064828e-01 -5.37626326e-01 2.00909883e-01
    -5.11458457e-01 1.58695841e+00 4.01438683e-01 -6.67942047e-01
    1.53870177e+00 1.29860222e+00 3.08853596e-01 -3.54314029e-01
    -7.59575218e-02 6.36539698e-01 -3.10649008e-01 -1.16942450e-01
    -2.99222797e-01 1.37713099e+00 -4.01974171e-01 5.25595129e-01
    6.85159266e-01 -4.68719780e-01 1.51241267e+00 1.33459568e+00
    3.79786521e-01 -6.30191326e-01 8.97583842e-01 1.86738241e+00
    1.68757331e+00 8.22810769e-01 2.97406167e-01 -9.89019215e-01
    1.23692131e+00 1.16341233e+00 -5.88175833e-01 1.47358680e+00
    1.71656561e+00 7.22703874e-01 1.36756584e-01 2.76445699e+00
    1.54183173e+00 -4.95075047e-01 9.91055667e-01 -3.72145653e-01
    1.66805553e+00 4.62696552e-01 -3.59846026e-01 2.79701054e-01
    1.51273549e+00 1.36359155e+00 -4.67695534e-01 1.67491543e+00
    5.72831690e-01 1.08097887e+00 1.22756112e+00 1.07312834e+00
    -1.28417388e-01 -3.83076556e-02 -8.74588072e-01 1.47621310e+00
    -7.72227347e-02 6.84181333e-01 -1.78441450e-01 2.32023373e-01
    1.79134691e+00 3.85443121e-01 1.64890122e+00 2.51058251e-01
    1.22658801e+00 -8.91904354e-01 2.61501104e-01 4.12484378e-01
    -7.75462449e-01 3.31709892e-01 1.23726308e+00 8.15938532e-01
    -9.60254014e-01 -6.39977396e-01 -5.49627066e-01 2.55983174e-01
    2.44914591e-01 7.14439869e-01 -2.11673439e-01 -2.20360547e-01
    -7.88701117e-01 3.34485829e-01 7.13570952e-01 -5.29319465e-01
    3.22050825e-02 9.20576751e-01 -8.81132126e-01 1.22922504e+00
    6.11532092e-01 -1.77354977e-01 2.29785085e-01 2.06580609e-01
    7.17927702e-03 -6.13251388e-01 7.32327044e-01 -3.16802979e-01
    -5.92944920e-01 4.90395278e-01 1.54659122e-01 -5.79770625e-01
    -9.20067370e-01 2.78583646e-01 1.50465858e+00 6.53958142e-01
    1.43297768e+00 -1.18229628e-01 -6.77244306e-01 4.36671793e-01
    9.76615787e-01 8.25040758e-01 9.69376445e-01 4.38722163e-01
    1.24909067e+00 3.85976285e-01 -5.18765271e-01 2.76442021e-01
    4.67189819e-01 4.75537866e-01 8.53803098e-01 3.34031284e-01
    1.09295022e+00 1.89250040e+00 2.65266478e-01 1.27104151e+00
    4.71201092e-01 1.82189810e+00 2.37990290e-01 -6.31710529e-01
    1.70544636e+00 -7.37616420e-01 9.83165443e-01 -7.52674699e-01
    -1.56101778e-01 -1.88627779e-01 1.98407435e+00 1.30075216e-01
    1.11688626e+00 -5.95839679e-01 5.66450655e-02 1.38046730e+00
    7.73647726e-01 4.90389854e-01 -3.60759079e-01 4.26511377e-01
    2.31419966e-01 1.26673913e+00 3.01910758e-01 1.04301572e+00
    1.15195584e+00 -1.89855099e-01 -6.08472489e-02 -5.49528241e-01
    -1.12947620e-01 8.26436102e-01 -6.76395833e-01 -8.03286880e-02
    5.27905166e-01 -8.78788382e-02 8.15781772e-01 7.80052483e-01
    1.14236367e+00 -8.06842566e-01 1.81939352e+00 1.92717123e+00
    5.69514871e-01 -5.94440877e-01 4.48811948e-01 1.42337894e+00
    -5.12051404e-01 5.38145542e-01 1.31715834e+00 -5.92372835e-01
    1.51372254e+00 -5.26528731e-02 7.94017315e-01 -7.65199184e-01
    8.87708902e-01 1.10068083e+00 -1.29479378e-01 -2.41802737e-01
    -6.79167628e-01 2.97218442e-01 1.12891197e+00 1.72714889e+00
    1.66655540e+00 4.25357819e-01 -3.08413357e-02 1.47391692e-01
    1.28747737e+00 1.84277272e+00 -4.91361558e-01 6.92151308e-01
    1.35015786e+00 9.36732650e-01 1.71865594e+00 9.80832875e-01
    3.32591295e-01 2.77274191e-01 1.74048054e+00 1.68733656e+00
    -2.23382309e-01 -6.09001696e-01 7.21466541e-01 -2.05604225e-01
    -1.72097787e-01 6.79231346e-01 -3.16976458e-01 1.16571903e+00
    3.25752869e-02 -8.28422546e-01 7.86424577e-01 8.22589099e-01
    -8.37110996e-01 1.25565791e+00 -3.15332651e-01 2.16532782e-01
    -2.33386874e-01 9.29454327e-01 7.38078821e-03 1.51694822e+00
    3.72990519e-01 1.36039305e+00 6.31168485e-02 1.56280625e+00
    8.28187525e-01 1.01700175e+00 -3.49760175e-01 -1.00476988e-01
    1.14610815e+00 5.81789255e-01 -3.25181723e-01 7.38480210e-01
    1.36810493e+00 1.55035675e+00 -6.11923933e-02 -5.31985611e-02
    -5.48261225e-01 -2.87312239e-01 3.38021815e-01 6.64838374e-01
    1.63214648e+00 -4.16147143e-01 1.67018160e-01 4.40563679e-01
    1.04485467e-01 1.59707296e+00 1.29137158e+00 6.74188554e-01
    2.81569004e-01 1.63813949e+00 -3.70282739e-01 -2.87830323e-01
    -6.61027670e-01 4.05178545e-03 1.03692579e+00 1.05110610e+00
    7.16226518e-01 1.29722548e+00 5.53421855e-01 5.95010579e-01
    1.61175013e+00 1.04710246e-02 1.44852221e+00 1.21128917e+00
    4.68133897e-01 -2.09189907e-01 8.96211207e-01 -1.89317778e-01
    -1.49192080e-01 -3.44412118e-01 1.34966195e+00 4.29210573e-01
    -6.23511970e-01 -1.85864657e-01 1.23978722e+00 1.64904475e+00
    1.27390265e+00 1.38927758e+00 1.12357092e+00 -5.69684029e-01
    1.05798674e+00 1.65551293e+00 4.73855585e-01 8.98558080e-01
    1.12594640e+00 1.86702168e+00 1.83563578e+00 -8.89131844e-01
    1.30765343e+00 4.63557988e-01 1.16981792e+00 1.62193394e+00
    1.53995216e+00 1.02427697e+00 1.66201687e+00 1.12688541e+00
    6.24243557e-01 4.95041907e-01 -6.34141266e-01 -3.57001901e-01
    5.65071166e-01 -6.16963148e-01 6.09949350e-01 1.17294657e+00
    1.87998044e+00 1.05214846e+00 1.43924087e-01 1.32601023e+00
    7.33831406e-01 1.93536508e+00 1.82364774e+00 2.74241805e-01
    1.69400191e+00 -1.53117888e-02 -1.37127310e-01 8.23397413e-02
    -2.29755715e-01 1.83456695e+00 1.02795410e+00 -2.62027502e-01
    -7.52688199e-02 4.77636725e-01 -3.99806470e-01 -4.20124173e-01
    1.77477217e+00 7.63163120e-02 1.20933723e+00 1.06504202e+00
    1.89705563e+00 -3.26729327e-01 1.09746087e+00 1.42676091e+00
    5.51420867e-01 7.14204669e-01 2.55132914e-01 -5.17673135e-01
    1.50198281e+00 -6.52863324e-01 8.44406128e-01 -3.00278902e-01
    1.22534883e+00 1.69773197e+00 -8.34903419e-01 8.45685124e-01
    -8.49495113e-01 -3.91609110e-02 -4.19038504e-01 -8.80356014e-01
    1.32409716e+00 5.29010236e-01 1.79213369e+00 3.73136818e-01
    8.82750750e-01 8.09037805e-01 -8.36012602e-01 1.08998859e+00
    1.10242963e+00 1.28511584e+00 7.72045910e-01 5.25638521e-01
    -6.75683081e-01 3.35413218e-01 1.38157511e+00 1.55629730e+00
    -4.15087372e-01 1.37262511e+00 3.18566144e-01 2.59024382e-01
    3.51599455e-01 1.38587737e+00 1.09527004e+00 1.45856535e+00
    1.76505101e+00 5.69172129e-02 -4.72250134e-01 6.42637432e-01
    -9.75769579e-01 -8.15244615e-01 8.37443233e-01 6.75753236e-01
    -6.09611571e-01 -3.88869315e-01 -1.07364012e-02 -4.05624866e-01
    2.23043263e-01 -8.60592201e-02 9.19216871e-01 3.08827996e-01
    -3.21855992e-01 1.27346396e-01 8.83602425e-02 1.38979816e+00
    1.83386934e+00 -2.57966608e-01 6.30810037e-02 1.80620229e+00
    4.18456495e-01 1.01403320e+00 1.31169486e+00 -8.93300414e-01
    2.59833902e-01 1.51540935e+00 2.61629999e-01 -8.09457242e-01
    -5.97650468e-01 2.67304927e-01 5.83922528e-02 -6.80946708e-02
    -8.34514916e-01 -2.98738450e-01 -7.61528373e-01 1.81989169e+00
    -2.65708417e-01 -2.95259058e-01 1.59715140e+00 1.59617734e+00
    -9.63045597e-01 -8.44079494e-01 1.29460382e+00 2.33306676e-01
    -2.39879206e-01 8.92226279e-01 -5.21635652e-01 4.29321170e-01
    2.07985595e-01 1.43016875e-01 3.12660962e-01 -6.44447744e-01
    2.28941768e-01 6.88217223e-01 -3.19646567e-01 1.79305208e+00
    -5.40753663e-01 1.27759838e+00 -5.35295784e-01 5.01246333e-01
    1.20444052e-01 1.46711254e+00 2.32111588e-01 6.63900375e-01
    1.33333635e+00 1.90013659e+00 -7.69462287e-01 -5.20946264e-01
    3.24427724e-01 3.17734540e-01 7.38937855e-01 -6.67580307e-01
    -2.32911304e-01 1.51275706e+00 4.04190928e-01 1.26682723e+00
    1.14441109e+00 1.86513400e+00 2.32725799e-01 1.63948190e+00
    -7.63992548e-01 -6.54667497e-01 -9.02790010e-01 3.35151255e-01
    2.41405666e-01 -6.43107295e-01 6.48966432e-02 -4.53602642e-01
    7.26456404e-01 1.71463799e+00 1.31719327e+00 -4.94769961e-01
    1.76711917e+00 3.40506323e-02 -2.03869119e-01 -4.92375225e-01
    9.33928072e-01 -4.91791278e-01 3.54826152e-01 1.17386734e+00
    -4.02274370e-01 -2.16207713e-01 -7.56537914e-01 -7.71798134e-01
    -3.55330229e-01 1.48787156e-01 -6.43123507e-01 1.15534127e+00
    5.93624234e-01 3.91093254e-01 6.66998565e-01 8.22174370e-01
    -5.71132839e-01 1.94664195e-01 8.58064532e-01 -7.46025443e-01
    4.69725043e-01 1.87354088e+00 3.85061294e-01 1.21170056e+00
    -4.83878046e-01 -6.19313955e-01 4.48315799e-01 1.08090997e+00
    1.09009409e+00 1.61731994e+00 -4.75921184e-01 9.28331554e-01
    1.37524831e+00 1.27207637e+00 8.83046389e-01 7.12083399e-01
    1.10904515e+00 -4.79283519e-02 -8.14505041e-01 -4.31663901e-01
    -1.00549884e-01 4.83602941e-01 -2.43183970e-01 1.80975354e+00
    1.65735531e+00 -9.61246431e-01 -7.47544050e-01 -7.91392028e-01
    3.78476948e-01 5.05670905e-01 1.84425271e+00 1.98470485e+00
    1.93610370e+00 -7.40474701e-01 2.00198364e+00 1.20179029e-02
    2.52573103e-01 3.56900126e-01 1.37156034e+00 -8.80739629e-01
    1.75549710e+00 1.79562497e+00 -7.02256933e-02 4.24913734e-01
    -6.76323771e-01 2.54807949e-01 -1.12165466e-01 1.11318207e+00
    1.58489943e+00 -2.79477149e-01 1.24742043e+00 6.31914008e-03
    6.11398876e-01 1.43989253e+00 1.79033577e+00 1.26516795e+00
    1.35711968e+00 -1.04897082e+00 -2.44962662e-01 1.07697153e+00
    1.56738505e-01 1.05289030e+00 3.66577715e-01 1.52901471e+00
    -6.98775351e-01 8.94534707e-01 -2.59530008e-01 3.21532279e-01
    9.93791878e-01 1.36165941e+00 7.63824701e-01 1.31984842e+00
    9.31714952e-01 7.86400557e-01 1.41046786e+00 -1.22682653e-01
    -5.48018932e-01 1.86796153e+00 1.38165379e+00 5.89640915e-01
    -3.52444559e-01 -4.01606172e-01 4.90803599e-01 1.57354474e+00
    5.91846824e-01 4.69845049e-02 1.07324302e+00 1.79317200e+00
    1.30724740e+00 1.55209601e-01 5.75829506e-01 -7.92991400e-01
    6.16924278e-02 1.73297131e+00 6.08385444e-01 3.63931954e-02
    -3.75922978e-01 -4.59927768e-01 7.54658937e-01 1.63772658e-01
    1.52201807e+00 1.02828252e+00 1.79172111e+00 5.29144704e-01
    -2.42323697e-01 -3.82008493e-01 -6.45041227e-01 1.67882192e+00
    3.66350949e-01 1.55537236e+00 -4.33628440e-01 -4.70777005e-02
    1.36235058e+00 -1.27069995e-01 5.06694555e-01 1.34393299e+00
    1.94832432e+00 8.41629148e-01 1.13851464e+00 -9.59438384e-02
    6.19793117e-01 1.39880776e+00 8.80134404e-01 5.22615425e-02
    8.12155247e-01 1.03882945e+00 3.66762727e-01 1.47161472e+00
    -3.00491750e-01 1.31554353e+00 1.55907047e+00 1.81952119e+00
    -8.07966590e-01 -9.38191891e-01 8.66978467e-01 -2.83787623e-02
    -2.52553612e-01 5.64319074e-01 1.05085385e+00 -8.15892518e-01
    4.97545183e-01 2.27122605e-01 8.14879775e-01 6.42648935e-01
    -3.41881901e-01 2.08013132e-01 -3.38855594e-01 6.68270767e-01
    9.36879039e-01 -2.45025039e-01 7.22347081e-01 1.66076672e+00
    -4.04792398e-01 3.42745364e-01 1.26875341e+00 3.72558087e-01
    -2.75649399e-01 1.90037358e+00 -6.93058670e-02 -5.27428985e-01
    -6.15565300e-01 1.02032181e-02 1.28494120e+00 3.21852893e-01
    4.51374501e-02 1.45457852e+00 1.30311751e+00 1.57971025e+00
    -6.92238092e-01 -5.85066453e-02 1.10838211e+00 -6.46108270e-01
    1.94613755e+00 1.57443905e+00 8.49540353e-01 1.02530301e+00
    1.01793122e+00 1.98894227e+00 -6.72387838e-01 -3.10786784e-01
    8.40708837e-02 1.73072731e+00 1.83338785e+00 1.80961382e+00
    -1.79497957e-01 2.52761066e-01 6.64705515e-01 6.27534315e-02
    3.05327535e-01 2.84759015e-01 3.22892308e-01 1.97562194e+00
    1.04960060e+00 -2.65334606e-01 -2.40325660e-01 -5.01604438e-01
    5.70130110e-01 2.91035354e-01 1.69830680e+00 3.96432161e-01
    -7.21777439e-01 1.29932296e+00 1.50811708e+00 -2.95067191e-01
    -9.26023841e-01 6.31131828e-01 4.73223440e-03 1.79947364e+00
    -7.41261125e-01 1.42263544e+00 -3.60712349e-01 -6.81716129e-02
    7.52292991e-01 8.00584435e-01 1.67381573e+00 4.17964101e-01
    9.23099637e-01 1.53201246e+00 1.66782510e+00 1.10839641e+00
    1.35731709e+00 -5.84890127e-01 1.22994006e+00 6.02635562e-01
    9.54189062e-01 1.42212522e+00 1.59224021e+00 -2.44890109e-01
    -8.13389421e-01 1.68188775e+00 1.32926321e+00 1.66862106e+00
    -4.46236134e-01 1.35254526e+00 -5.75476587e-01 9.09547091e-01
    1.24860120e+00 1.07206523e+00 9.38377976e-01 1.19690083e-01
    6.56827509e-01 2.52355367e-01 1.65505242e+00 1.87464738e+00
    1.21357179e+00 3.60100687e-01 1.81037262e-01 -7.13764429e-02
    4.21344787e-01 1.15620065e+00 1.20106316e+00 6.98091984e-01
    7.93208480e-02 -1.78618968e-01 -6.06276155e-01 1.14878595e+00
    -6.80268347e-01 5.24353564e-01 1.84988117e+00 -6.91958904e-01
    -3.42034280e-01 7.35156119e-01 -3.84391367e-01 -3.38656873e-01
    1.04561366e-01 1.72996807e+00 -6.22476637e-01 1.52560472e+00
    9.07683790e-01 -1.74480468e-01 -4.61046427e-01 -5.17911553e-01
    1.42595482e+00 1.09226716e+00 -7.31259704e-01 1.39771664e+00
    5.56761166e-03 7.46501505e-01 1.67839766e-01 3.55489820e-01
    5.06298542e-01 -6.95651293e-01 -6.35146797e-01 2.17171088e-01
    1.86933577e+00 8.62531364e-01 -2.75963604e-01 8.00605237e-01
    1.20398843e+00 -6.56419471e-02 1.15929854e+00 -3.14663082e-01
    1.23331696e-01 -7.27679133e-01 6.54247940e-01 -4.34017181e-01
    1.54639673e+00 -8.57941389e-01 8.14366579e-01 1.72113049e+00
    5.45480072e-01 6.39588609e-02 1.78516781e+00 -4.32891756e-01
    2.04828843e-01 1.46209967e+00 -7.98600554e-01 8.03850070e-02
    1.18250656e+00 1.48463225e+00 -3.74530911e-01 3.64305288e-01
    1.16391647e+00 4.16904300e-01 -2.56893426e-01 -7.27658033e-01
    3.76250982e-01 -5.28751791e-01 1.45237076e+00 7.14391589e-01
    1.81000769e-01 1.28837204e+00 -9.99137834e-02 -5.23243845e-02
    1.15134442e+00 -1.96551949e-01 -5.43816425e-02 -5.40190876e-01
    1.41647673e+00 -5.83083153e-01 -1.66307181e-01 5.03876984e-01
    4.98168916e-01 8.72493446e-01 -6.41525686e-01 9.35967088e-01
    9.30818915e-01 -5.06237030e-01 1.49115419e+00 1.50106192e+00
    1.75574827e+00 7.04346836e-01 2.91843694e-02 -3.28190364e-02
    1.04959416e+00 1.12638044e+00 1.11878896e+00 -1.61143377e-01
    1.15199816e+00 1.48275387e+00 7.93118060e-01 4.38020468e-01
    1.94153452e+00 9.38934535e-02 -5.62361022e-03 -5.61926663e-01
    5.67641079e-01 1.48887545e-01 -3.30089390e-01 1.55632699e+00
    1.25668585e+00 2.38764584e-01 1.91013706e+00 1.66531539e+00
    5.78072667e-01 -2.86006957e-01 1.18694127e+00 8.98878694e-01
    5.71841359e-01 -3.72340769e-01 1.61647689e+00 8.29171419e-01
    -7.11265147e-01 -6.17079616e-01 3.69091094e-01 1.30051088e+00
    8.87163103e-01 -1.76898226e-01 1.28335631e+00 -4.35887486e-01
    1.20291865e+00 7.26061642e-01 -2.65400916e-01 6.40375257e-01
    2.40417734e-01 -6.69759691e-01 1.46532571e+00 9.59651768e-01
    1.90626025e+00 7.44120955e-01 -6.16089642e-01 1.11643755e+00
    -5.44671118e-01 1.12209177e+00 -8.70910466e-01 1.60256553e+00
    1.82527363e-01 -5.13577282e-01 -1.74109384e-01 5.91288865e-01
    -8.07832837e-01 -8.67226005e-01 1.10233259e+00 1.54567480e+00
    3.80194396e-01 -2.29039669e-01 -7.58223534e-01 -5.97066320e-02
    6.20520413e-02 1.30952668e+00 1.28992707e-01 1.49961245e+00
    -2.48171821e-01 -2.75513470e-01 4.99673486e-01 1.37841725e+00
    -8.55701387e-01 9.84285891e-01 8.79158378e-01 1.22538292e+00
    -7.81119287e-01 -6.60662204e-02 -3.93054098e-01 -4.23588417e-02
    2.67850637e-01 1.03707552e+00 -3.97243291e-01 6.73658699e-02
    1.10374284e+00 -7.97618270e-01 3.82886887e-01 5.54413199e-02
    3.13794240e-02 1.53909338e+00 1.39777446e+00 -7.91748941e-01
    6.24910474e-01 -1.99197844e-01 -5.88060439e-01 1.11966275e-01
    -5.22349417e-01 1.85016739e+00 -2.60809541e-01 3.58969420e-01
    -2.66631514e-01 2.01182699e+00 -4.35613841e-02 8.82596850e-01
    2.84321457e-01 1.75328946e+00 1.50232458e+00 1.86261928e+00
    7.47866571e-01 -8.18555534e-01 -9.25611377e-01 1.00262928e+00
    -6.80822015e-01 -1.13324054e-01 -4.94937390e-01 5.74089468e-01
    1.63007009e+00 4.72473562e-01 1.12376058e+00 -9.25644040e-01
    9.78148401e-01 1.88860130e+00 1.84720087e+00 7.83006489e-01
    5.91225445e-01 1.03541708e+00 -4.79628205e-01 -3.69851589e-01
    -1.69795498e-01 5.38482249e-01 7.20868766e-01 -9.41179693e-01
    -5.25232852e-01 1.05257809e+00 1.43133712e+00 1.43889201e+00
    6.58535540e-01 -2.06841290e-01 -3.17201853e-01 -2.25939721e-01
    1.68086410e+00 -2.68259168e-01 1.49091172e+00 3.39811474e-01
    1.91549683e+00 1.25117779e+00 1.15342772e+00 1.56524730e+00
    -2.57309318e-01 -8.63005593e-03 -4.98978585e-01 9.14772749e-02
    1.83804798e+00 9.19770837e-01 1.87586379e+00 1.27956286e-01
    1.83476639e+00 9.28305387e-01 -5.12930453e-01 4.45562214e-01
    1.31481338e+00 5.29790759e-01 2.46703252e-01 1.09568226e+00
    4.06285435e-01 -5.52243471e-01 3.87727708e-01 6.11152232e-01
    4.73502837e-02 3.45177859e-01 -4.80658293e-01 1.30187809e+00
    -7.37742484e-01 -3.62014800e-01 -2.31607020e-01 1.82613838e+00
    2.05501124e-01 1.57455099e+00 7.18892872e-01 -3.21355104e-01
    -2.13155046e-01 8.62414956e-01 3.11823308e-01 5.27051449e-01
    1.10364616e+00 1.83748949e+00 -8.06137800e-01 1.29451632e+00
    1.81067467e+00 4.19224173e-01 6.79031014e-01 1.30115259e+00
    7.22305596e-01 -7.91534126e-01 1.80226445e+00 1.52679729e+00
    1.33160460e+00 -7.84560367e-02 5.28447390e-01 6.67301536e-01
    -7.67626166e-01 -3.10418159e-01 1.45670474e+00 2.98646212e-01
    1.75309515e+00 -2.61031061e-01 -2.84863293e-01 4.99898732e-01
    6.56384826e-01 -1.08032197e-01 -2.23634485e-03 1.18453062e+00
    9.62510467e-01 8.93080771e-01 1.49231350e+00 -6.10607266e-01
    6.72342002e-01 -8.70769024e-01 1.15394965e-01 -1.01463921e-01
    1.05229884e-01 -5.91182590e-01 1.22334397e+00 1.88824296e+00
    -2.90630370e-01 1.23355813e-01 1.67024601e+00 1.66799653e+00
    -1.25681713e-01 1.29616928e+00 -7.06139922e-01 -8.86142671e-01
    1.84045172e+00 1.26757979e+00 4.78463098e-02 1.82430053e+00
    1.61853790e+00 1.52823538e-01 -4.76061881e-01 -4.49868649e-01
    -2.64498264e-01 6.04285002e-01 -6.10600710e-01 4.51419562e-01
    3.19701195e-01 -1.24619082e-01 4.42556068e-02 -4.23901737e-01
    6.78926766e-01 -3.04164737e-01 1.89059258e+00 -7.71687388e-01
    -9.44061935e-01 1.21448882e-01 2.25828797e-01 1.38273990e+00
    1.61695385e+00 8.58307242e-01 -5.49084544e-01 -6.30984977e-02
    4.02417779e-01 -6.60082698e-01 1.69736147e+00 1.18094277e+00
    -7.00993896e-01 -1.43720359e-01 -2.42940426e-01 5.72705746e-01
    1.31109095e+00 1.10869360e+00 -6.86608195e-01 1.10907435e+00
    -3.01811874e-01 1.74080878e-01 1.18302691e+00 1.83306444e+00
    1.60197005e-01 1.82582080e+00 -4.01003927e-01 1.32748961e-01
    -6.66137457e-01 2.03613329e+00 2.35335585e-02 5.57539403e-01
    -4.29398268e-01 1.49563468e+00 -7.82046318e-01 5.05398631e-01
    3.11040014e-01 -8.42508823e-02 5.01095176e-01 1.72567737e+00
    2.33479850e-02 2.54161119e-01 9.37713742e-01 -6.30536497e-01
    1.13846147e+00 1.81086406e-01 -8.90287817e-01 8.32063437e-01
    1.96231037e-01 1.63957894e+00 -3.60153586e-01 5.20175755e-01
    1.35048115e+00 1.63710964e+00 1.06064939e+00 2.13761181e-02
    1.10447907e+00 1.28548408e+00 1.44876516e+00 6.54888988e-01
    1.26883253e-01 1.17787385e+00 1.72040784e+00 -6.31312430e-01
    1.25886369e+00 1.85332990e+00 9.89645422e-01 1.57885715e-01
    -1.35683537e-01 2.87700653e-01 -1.49392664e-01 -1.12995720e-02
    6.33170307e-01 -4.63676713e-02 -7.68401742e-01 1.05364537e+00
    4.05290633e-01 -7.73295999e-01 -1.57949656e-01 -1.26303062e-01
    1.24139443e-01 2.71456897e-01 4.16331619e-01 1.15377045e+00
    7.95055091e-01 1.38277519e+00 1.01064157e+00 1.67914569e+00
    3.42404470e-02 6.17354989e-01 -3.87361735e-01 -4.17639524e-01
    1.65981090e+00 -8.26128304e-01 1.37931108e+00 7.14405239e-01
    -8.31726193e-01 3.05027246e-01 3.70339990e-01 -7.43056595e-01
    1.93501282e+00 -1.78677246e-01 1.25681925e+00 -2.54362166e-01
    1.28844655e+00 9.26834643e-01 5.32776296e-01 1.62902570e+00
    3.06075308e-02 -2.09272385e-01 9.45212364e-01 2.88739026e-01
    -5.33531904e-01 1.36077726e+00 1.76808846e+00 3.39067936e-01
    1.48466516e+00 5.47693670e-01 6.31081834e-02 -6.93048656e-01
    -5.34441411e-01 1.44140100e+00 1.57157981e+00 1.03153062e+00
    1.87125862e+00 1.83830500e+00 -9.03386652e-01 1.15203977e+00
    8.41953456e-01 5.09875655e-01 -4.58453238e-01 1.11392248e+00
    -4.23404574e-01 1.08013660e-01 1.65085983e+00 1.47865009e+00
    1.79956841e+00 7.47149289e-01 1.28553644e-01 8.08628201e-01
    1.50105083e+00 7.11063683e-01 1.18754184e+00 4.38069880e-01
    5.23426943e-02 1.21205258e+00 1.02229321e+00 4.48178291e-01
    1.36720836e+00 2.37935886e-01 6.69696569e-01 3.77504110e-01
    1.66452765e+00 6.99890554e-01 5.29263079e-01 7.20900893e-01
    -5.83511114e-01 -5.15081525e-01 4.84610721e-02 1.79553413e+00
    6.67985305e-02 8.55517626e-01 3.16269577e-01 -7.60586321e-01
    7.56425679e-01 1.60479724e+00 6.10197783e-01 1.76918197e+00
    -7.97376782e-02 7.03747690e-01 8.12583342e-02 5.39734542e-01
    9.89258528e-01 -4.20416027e-01 1.48458374e+00 -5.82762480e-01
    2.06023082e-01 -7.76570022e-01 1.81730843e+00 9.00132298e-01
    -6.35119915e-01 1.57524323e+00 1.59264773e-01 9.94527698e-01
    1.78631306e+00 -5.24243176e-01 1.67381689e-01 9.43370819e-01
    -5.32156706e-01 1.76017296e+00 1.54378736e+00 5.97290039e-01
    9.91224945e-01 -1.05573606e+00 5.30452788e-01 8.01010281e-02
    -2.10141260e-02 -7.46102870e-01 -7.49377012e-01 1.67114493e-02
    9.68707860e-01 1.07836723e+00 -1.00956500e+00 7.33759224e-01
    1.16300792e-01 4.04051431e-02 3.40922773e-01 -4.28416342e-01
    -2.13938370e-01 4.30066228e-01 1.03268170e+00 3.29904318e-01
    1.26211059e+00 9.38316286e-01 5.91408014e-01 1.27461600e+00
    6.77908242e-01 -4.66203511e-01 -1.62181452e-01 6.21861637e-01
    2.50028223e-01 -4.69614208e-01 -2.11914480e-01 3.34971905e-01
    2.69396365e-01 3.88788253e-01 8.82999003e-01 2.91881299e+00
    4.12932299e-02 1.67591706e-01 1.85926330e+00 1.38523579e+00
    1.07723796e+00 1.56501770e+00 1.86300826e+00 7.21232057e-01
    1.35045612e+00 -3.11581552e-01 1.00818586e+00 -6.25776798e-02
    4.19577837e-01 -5.23763835e-01 -6.16420865e-01 1.53953457e+00
    9.35479641e-01 1.81211546e-01 1.20528030e+00 1.03430951e+00
    1.76415741e+00 -4.01839763e-01 -5.11064470e-01 1.12965867e-01
    -1.11348525e-01 1.74326611e+00 -6.95880949e-01 1.43431306e-01
    1.79435201e-02 1.24351993e-01 1.47726703e+00 -4.83842045e-01
    -6.47807419e-01 5.30737817e-01 -2.50179946e-01 -4.93338436e-01
    9.22314048e-01 -3.18204820e-01 1.74180293e+00 1.77666211e+00
    1.66149819e+00 3.12869936e-01 -2.23017916e-01 5.37253618e-01
    4.05615777e-01 2.57699549e-01 1.45952892e+00 1.25654495e+00
    -7.58401155e-01 1.34210539e+00 -3.48082185e-01 2.33226970e-01
    -5.20044088e-01 1.19665310e-01 1.67426205e+00 7.78249681e-01
    -1.44166559e-01 1.53039798e-01 1.23366821e+00 -2.38394454e-01
    5.55820405e-01 1.05262744e+00 -3.21963668e-01 4.61420029e-01
    1.11676466e+00 1.50584054e+00 6.81421220e-01 -9.97726858e-01
    7.76250839e-01 9.87716258e-01 -2.48905733e-01 1.87226504e-01
    1.77223265e+00 1.32120216e+00 4.85154808e-01 1.41948175e+00
    -5.49150407e-01 1.04653442e+00 3.11594065e-02 -2.18347222e-01
    3.69283378e-01 4.76702750e-01 1.27076471e+00 3.73069793e-01
    1.02281189e+00 1.76073372e+00 1.49436915e+00 1.52952182e+00
    -6.96050048e-01 -5.25181711e-01 -5.23819029e-01 -2.21860796e-01
    -8.07445049e-01 1.80772841e+00 8.86182904e-01 8.20411384e-01
    -1.93473667e-01 4.83996928e-01 3.80234718e-01 -8.80758107e-01
    -8.26347888e-01 -4.37789798e-01 -3.73747759e-02 7.97591746e-01
    2.58423425e-02 1.89638996e+00 1.61840415e+00 -3.07638049e-01
    -9.77525935e-02 -1.21604912e-01 1.93080664e+00 -5.75121701e-01
    5.42821646e-01 1.65729451e+00 7.52632380e-01 -5.74838459e-01
    1.68619692e+00 -2.96810687e-01 9.98574376e-01 1.34104431e+00
    1.10144997e+00 1.30552089e+00 1.62579703e+00 1.02430642e+00
    -2.12797344e-01 9.62439239e-01 8.51000786e-01 1.27884066e-02
    1.52782464e+00 -4.59829658e-01 1.15454292e+00 -5.79276383e-01
    6.90342486e-01 1.44223940e+00 9.15574193e-01 1.32490993e+00
    7.97880948e-01 -4.83357102e-01 -1.52548417e-01 1.62949574e+00
    -1.24161958e-03 6.38863146e-01 -5.49122810e-01 -6.40943766e-01
    -7.26873517e-01 1.61312616e+00 8.24340940e-01 1.36395645e+00
    1.89031649e+00 3.70381683e-01 -5.36009252e-01 3.67073357e-01
    -3.39644969e-01 8.30340803e-01 3.13533783e-01 1.17425776e+00
    4.01085943e-01 -4.43772197e-01 1.84984732e+00 1.21308362e+00
    1.90236318e+00 -6.19075298e-01 6.55983925e-01 -3.32252741e-01
    -2.98266876e-02 1.45748353e+00 1.19372082e+00 1.41296673e+00
    1.68654263e-01 1.12642479e+00 -2.51269311e-01 1.92673492e+00
    1.48711503e+00 2.00572357e-01 -5.39708734e-01 1.11913778e-01
    1.66686070e+00 7.28388309e-01 1.75498581e+00 4.04428005e-01
    -2.59205587e-02 1.84182799e+00 1.43468237e+00 -7.01810956e-01
    7.08665669e-01 5.58365762e-01 -3.67356896e-01 -1.69237703e-01
    -8.13723981e-01 -1.75457850e-01 4.97382320e-02 1.90193796e+00
    1.72344220e+00 2.79749155e-01 3.29889715e-01 -7.11142242e-01
    1.65083754e+00 1.73538709e+00 1.47555256e+00 -1.48413941e-01
    2.15160266e-01 7.85487711e-01 -8.30229223e-01 1.17883936e-01
    6.52762830e-01 1.19643056e+00 3.34117651e-01 -8.35168183e-01
    1.47851086e+00 1.53086424e+00 -1.29212737e-01 1.31114602e+00
    -7.59998918e-01 8.71117413e-01 1.77800000e+00 -4.43122774e-01
    -2.68175006e-01 4.54599321e-01 1.15231156e+00 1.50801146e+00
    1.46678746e+00 6.52434826e-01 -6.93161130e-01 -9.89511192e-01
    5.84431350e-01 1.53244424e+00 1.07081544e+00 -3.91429551e-02
    1.09132290e+00 1.88703609e+00 1.28758168e+00 3.87716174e-01
    -1.09344624e-01 1.52101207e+00 1.50057268e+00 5.80581546e-01
    1.51215768e+00 -5.86958110e-01 4.84130532e-01 6.73149750e-02
    -2.96717882e-01 -9.81861800e-02 -9.35663462e-01 -8.57413709e-01
    4.76516515e-01 -7.30412424e-01 -1.13363817e-01 -7.07238734e-01
    9.23984051e-01 -4.07737076e-01 1.04255462e+00 -1.29342243e-01
    3.38125557e-01 1.04269230e+00 -7.38531828e-01 3.84027779e-01
    3.65124345e-01 1.92429447e+00 1.21382438e-01 -2.69312501e-01
    6.89780295e-01 2.61694133e-01 5.91439724e-01 1.11547363e+00
    -6.82464778e-01 9.26509202e-02 1.86466575e+00 -9.07663822e-01
    -5.02074063e-01 4.02828932e-01 -5.90425611e-01 -7.38247037e-01
    -2.27158219e-01 1.42244780e+00 1.34402370e+00 -6.16340041e-02
    3.05174738e-01 8.67861569e-01 -8.16087484e-01 2.50661790e-01
    -1.51625514e-01 1.89786243e+00 -2.03513399e-01 1.28581297e+00
    1.09287786e+00 1.21652985e+00 7.07566977e-01 8.80440474e-01
    1.74368167e+00 -4.74828899e-01 -3.69748861e-01 -6.38614357e-01
    -5.42659402e-01 9.33402777e-01 1.28770673e+00 1.22421980e+00
    -8.02663639e-02 -7.85240173e-01 8.05954456e-01 -7.08648205e-01
    -3.58063310e-01 1.41004241e+00 3.30826104e-01 8.58889997e-01
    7.73495957e-02 -1.96318805e-01 1.52279294e+00 8.12159121e-01
    -9.24262975e-04 -6.27897859e-01 1.45315027e+00 -8.60190809e-01
    1.37085795e+00 -7.42715359e-01 -6.20107651e-01 5.05863547e-01
    4.95818853e-02 1.73449361e+00 6.90683067e-01 -1.61361739e-01
    -9.49361980e-01 1.34914112e+00 1.01682472e+00 9.58659649e-01
    -2.19049007e-01 8.68884921e-01 4.77351457e-01 1.09425986e+00
    -4.09436285e-01 1.27095377e+00 -8.07697237e-01 7.98165262e-01
    8.61990392e-01 -7.73698747e-01 -9.01139438e-01 1.93879873e-01
    4.12255734e-01 6.85553372e-01 7.72640646e-01 4.54925597e-01
    1.80553980e-02 1.80214256e-01 1.02669072e+00 -3.03024709e-01
    1.91905355e+00 -6.05375648e-01 1.27330577e+00 4.59503651e-01
    2.58074820e-01 2.67724782e-01 1.47439361e-01 2.17916116e-01
    6.88758016e-01 1.28477001e+00 1.10355949e+00 -7.32997119e-01
    -1.03912115e-01 1.22541761e+00 8.59606624e-01 3.17377180e-01
    1.00454068e+00 1.50582087e+00 -6.79934442e-01 5.28370738e-01
    4.11655128e-01 3.67877305e-01 9.78522182e-01 -7.71909058e-01
    -7.61444092e-01 1.42958105e+00 1.80317414e+00 3.10015917e-01
    9.25830901e-02 -4.70379710e-01 -5.45077562e-01 -6.44324064e-01
    1.07739711e+00 -8.74618828e-01 1.15848196e+00 6.54434025e-01
    1.37526572e+00 1.70453727e+00 -2.73269832e-01 7.89266825e-01
    1.33302379e+00 9.06216726e-02 1.45360470e+00 -6.68132544e-01
    1.01646793e+00 4.46982831e-01 6.66459426e-02 6.87862039e-01
    -4.00484979e-01 8.37469459e-01 8.92803192e-01 9.83569562e-01
    1.96193242e+00 1.68351841e+00 6.86333835e-01 1.76106203e+00
    1.56467706e-01 3.92993540e-01 1.46024859e+00 8.49885404e-01
    7.04589546e-01 -5.78475535e-01 -5.36804013e-02 1.57535172e+00
    -4.92461115e-01 7.02682361e-02 5.20241559e-01 8.93032014e-01
    7.74209023e-01 4.54497129e-01 1.80207181e+00 -6.60676599e-01
    1.55449164e+00 -2.19970718e-01 -9.44052637e-01 6.81259096e-01
    5.57155609e-02 8.66271436e-01 6.93585396e-01 -2.11671695e-01
    -3.10377982e-02 1.58088040e+00 1.56780374e+00 3.82806212e-02
    -6.68027282e-01 -6.00466371e-01 1.54457641e+00 8.49159956e-01
    -8.48625600e-01 1.28017116e+00 1.35090673e+00 5.03191233e-01
    1.19944870e+00 1.46244645e+00 1.59551466e+00 1.04008245e+00
    1.01346910e+00 2.55774617e-01 1.02853276e-01 4.05840933e-01
    1.30856109e+00 1.91913533e+00 1.48828936e+00 5.78328311e-01
    -5.76392412e-01 -3.65957588e-01 2.41990596e-01 -6.31571472e-01
    -8.42713654e-01 4.00210083e-01 1.28487909e+00 -1.90329045e-01
    1.95934892e+00 7.89434612e-01 2.97457695e-01 9.12107348e-01
    1.27772057e+00 1.50435400e+00 -5.58715343e-01 1.12142563e+00
    1.84317219e+00 1.68908215e+00 1.58523190e+00 -4.09462571e-01
    6.38705432e-01 6.21423244e-01 1.38150156e+00 -1.03905067e-01
    7.34320462e-01 8.30386460e-01 2.01550782e-01 6.72140718e-01
    1.63383377e+00 9.81456488e-02 3.43906134e-01 1.53133845e+00
    1.19457996e+00 1.26502490e+00 -5.13148308e-01 4.50495124e-01
    1.84034133e+00 3.67248476e-01 -7.37538338e-02 7.15875328e-01
    -2.25352459e-02 -5.38531840e-01 -6.04417026e-01 1.53308916e+00
    1.41824782e+00 3.93160492e-01 1.69682875e-01 1.07121372e+00
    -1.22723967e-01 -3.23502183e-01 1.23059428e+00 1.83890033e+00
    1.63055980e+00 1.40927970e+00 -3.34557027e-01 8.73358190e-01
    9.85890403e-02 4.75337394e-02 -1.70662582e-01 8.34520102e-01
    -4.87713553e-02 -7.56667733e-01 5.54127879e-02 2.23136806e+00
    -4.54394102e-01 3.66885304e-01 7.93464005e-01 1.33789766e+00
    1.55868900e+00 -7.21152186e-01 3.48614246e-01 1.04158655e-01
    1.82174349e+00 1.18982923e+00 6.95940971e-01 -9.81797352e-02
    1.67254174e+00 -6.55531108e-01 -2.82098770e-01 9.56843793e-01
    -7.83743143e-01 2.06605840e+00 1.72430110e+00 -4.23295796e-01
    7.93553293e-01 8.68915379e-01 1.95539856e+00 1.80363238e+00
    1.36410654e+00 -3.86341304e-01 7.13494241e-01 3.14245611e-01
    1.78663540e+00 1.11072159e+00 1.22304118e+00 7.64321506e-01
    9.81182098e-01 6.44664943e-01 -2.00468972e-02 6.09497488e-01
    1.18766499e+00 2.73697525e-01 -6.21971309e-01 1.09270883e+00
    -9.53266263e-01 1.87895215e+00 -9.17828202e-01 1.64799237e+00
    1.63374639e+00 1.13238704e+00 1.28353274e+00 -6.77371562e-01
    8.06908667e-01 -1.49905100e-01 -9.21482861e-01 1.19189584e+00
    1.33948493e+00 -7.75328040e-01 7.68847167e-01 9.23464835e-01
    1.34629935e-01 1.66510296e+00 3.39383893e-02 -5.90091765e-01
    -5.40513277e-01 1.53720450e+00 1.45280910e+00 1.59289646e+00
    1.17486060e+00 1.45158744e+00 1.38473868e-01 1.43214381e+00
    -2.14839593e-01 -1.02399215e-01 -9.42912698e-01 1.64657331e+00
    -1.32995084e-01 1.84318399e+00 -1.89188659e-01 -1.11457281e-01
    2.41054580e-01 -8.53542626e-01 -2.83898324e-01 1.56110036e+00
    9.94251251e-01 4.29480255e-01 -3.59992087e-01 -3.42012078e-01
    -1.09664753e-01 1.68478465e+00 2.51816094e-01 7.19251215e-01
    1.45472562e+00 1.75596297e+00 8.60261172e-02 -6.47539437e-01
    1.86856520e+00 1.10801029e+00 3.03013232e-02 2.09781919e-02
    8.53542924e-01 8.92736316e-02 -1.05910383e-01 8.96193981e-01
    1.39220512e+00 1.77291656e+00 9.00145233e-01 1.87672639e+00
    1.37985861e+00 -6.04409933e-01 -7.60320544e-01 9.20840085e-01
    1.67696846e+00 -4.43312824e-01 1.24345911e+00 5.69428623e-01
    -3.60626578e-01 2.42194593e-01 1.70489267e-01 9.54530656e-01
    6.67429149e-01 1.01075601e-02 -4.74982589e-01 1.08112402e-01
    2.72023827e-01 1.17230272e+00 2.64020801e-01 1.12275696e+00
    7.63258219e-01 -2.56168336e-01 4.01276320e-01 1.69896448e+00
    -2.78847814e-01 -5.85028589e-01 1.98001015e+00 -6.20963693e-01
    2.04214230e-01 2.77731001e-01 4.96792883e-01 -4.24911469e-01
    -3.77608210e-01 -1.57159165e-01 -5.28084040e-01 8.08596089e-02
    -7.26604223e-01 1.50445342e-01 -2.35591345e-02 1.70987225e+00
    3.31445217e-01 1.75198495e+00 9.22614336e-01 5.05056560e-01
    8.46099555e-01 9.02349204e-02 -8.73785555e-01 -7.03530550e-01
    1.09117210e+00 1.08202410e+00 1.80750012e+00 1.60536623e+00
    1.53074932e+00 -9.12916899e-01 9.86683547e-01 1.91456807e+00
    -8.31835687e-01 1.29724228e+00 9.59155500e-01 6.30105495e-01
    -7.71538436e-01 -7.09114969e-01 7.88437426e-01 5.96523046e-01
    -4.55718160e-01 1.47304630e+00 -6.07886970e-01 -5.61124921e-01
    3.70698720e-01 -5.92283547e-01 1.52924383e+00 -1.44938260e-01
    6.50868118e-02 -1.01387985e-01 -6.96030319e-01 5.78926980e-01
    -6.52366221e-01 4.94919628e-01 -2.42883295e-01 1.03073204e+00
    -5.31598866e-01 4.29389141e-02 6.17340744e-01 1.12048721e+00
    -6.74167156e-01 2.00919524e-01 1.81078577e+00 -8.26780677e-01
    -3.48783344e-01 1.12971890e+00 -5.84983714e-02 -9.29536596e-02
    1.63094175e+00 5.18239141e-01 6.97568238e-01 1.72745383e+00
    -3.77928287e-01 -8.14923942e-01 2.07828104e-01 8.98916647e-03
    4.63463634e-01 4.51473087e-01 6.45499885e-01 3.80280554e-01
    -4.31503952e-01 5.96098483e-01 6.67501986e-01 -1.81406155e-01
    -3.85006607e-01 8.16756636e-02 4.49855179e-01 -4.12382454e-01
    1.59120154e+00 7.99194992e-01 -7.78795004e-01 1.90945649e+00
    1.10443878e+00 4.89710905e-02 2.05875576e-01 8.07151258e-01
    -8.83015394e-01 1.30979288e+00 -9.11082268e-01 1.06761169e+00
    -2.59244740e-01 1.59833050e+00 8.10928702e-01 9.34569657e-01
    1.10120761e+00 1.59043515e+00 -9.19880927e-01 9.12834346e-01
    1.83412027e+00 1.81127977e+00 2.88265765e-01 1.45523715e+00
    1.21561420e+00 6.97254241e-01 5.66637576e-01 -6.61492407e-01
    2.04976305e-01 1.81672168e+00 9.25299525e-01 6.46379709e-01
    -5.25101602e-01 1.03568852e+00 1.85874403e+00 1.68305421e+00
    -5.79143405e-01 1.90168738e+00 -4.27220702e-01 1.93410254e+00
    6.04193747e-01 6.93015635e-01 3.30805719e-01 1.21532953e+00
    1.72746718e+00 -3.76808524e-01 2.16187596e-01 1.79647458e+00
    8.36518884e-01 9.90252912e-01 1.63904274e+00 6.03845954e-01
    2.07834452e-01 1.99817824e+00 -3.12173724e-01 -8.13940167e-01
    -5.87244213e-01 1.75722587e+00 3.27098250e-01 8.65377665e-01
    -8.06538820e-01 4.76718932e-01 -4.06846702e-02 1.15346479e+00
    -2.05387190e-01 1.87347341e+00 1.27098060e+00 1.36962354e+00
    7.18142271e-01 5.22160828e-01 -9.11757946e-01 1.32421935e+00
    1.30838549e+00 1.56654775e-01 -8.43228459e-01 -2.62317926e-01
    -4.25709516e-01 1.59545982e+00 7.57404566e-02 -9.61325765e-02
    -3.11570287e-01 6.74498022e-01 2.53666610e-01 2.67959923e-01
    9.34371710e-01 -3.54487628e-01 9.42895293e-01 6.93746746e-01
    7.18531251e-01 1.35482609e+00 5.92507780e-01 1.63337815e+00
    1.20288587e+00 -7.56918728e-01 3.99564922e-01 3.08918625e-01
    -5.26798785e-01 -9.12774801e-01 2.55822331e-01 -6.37054563e-01
    1.18338227e+00 1.64968395e+00 7.67043829e-01 8.23066652e-01
    -3.97686176e-02 -1.05902338e+00 1.18059254e+00 1.03406131e+00
    1.24001718e+00 1.59887218e+00 9.97746646e-01 1.07417153e-02
    4.95347053e-01 1.65102375e+00 6.85827732e-01 -6.88335836e-01
    -3.46616596e-01 1.58648181e+00 1.82612514e+00 -2.73563787e-02
    1.78240883e+00 1.47540462e+00 -2.70336449e-01 1.23082030e+00
    1.68279433e+00 3.23514231e-02 -8.43738675e-01 1.78375912e+00
    9.12608087e-01 7.31567219e-02 2.27740854e-02 1.11269152e+00
    6.97972894e-01 -3.63276154e-01 5.00816703e-01 5.32551885e-01
    7.51931548e-01 -1.36118948e-01 8.82647514e-01 1.49335587e+00
    1.40794408e+00 -9.73762453e-01 1.43447924e+00 1.87205708e+00
    1.44325876e+00 6.28920496e-01 6.09468341e-01 -4.00344968e-01
    -6.57018423e-01 2.90710181e-01 1.86093092e+00 3.36576551e-01
    3.71791184e-01 1.33168948e+00 2.96938866e-01 -6.09002650e-01
    3.41322690e-01 -6.53961718e-01 -6.44431531e-01 -4.35687691e-01
    9.38951910e-01 -6.05948269e-01 1.53958514e-01 1.78119469e+00
    9.44575846e-01 6.06272042e-01 2.79127061e-01 2.48754963e-01
    1.56107938e+00 -5.60504436e-01 -3.32023114e-01 1.38794750e-01
    1.29639268e+00 -2.02994749e-01 -4.41128105e-01 1.81010973e+00
    -8.20564330e-01 1.00928295e+00 1.89622772e+00 9.79218900e-01
    1.68913376e+00 -1.95516482e-01 -2.13981047e-01 2.52691239e-01
    -3.40156704e-01 1.42235851e+00 3.43782634e-01 -5.60052693e-01
    1.34728670e+00 -4.11581993e-01 -6.64300323e-01 1.73445952e+00
    1.20934188e+00 -8.01022530e-01 -4.42432195e-01 -7.70432949e-01
    1.50715351e+00 -6.02852404e-01 7.97118664e-01 -6.82345510e-01
    -5.32547712e-01 -8.81275415e-01 1.97199655e+00 -7.22150683e-01
    8.10237050e-01 3.41778934e-01 -1.25532985e-01 -8.56506824e-03
    1.41477311e+00 1.94044054e-01 1.03795373e+00 9.93370235e-01
    8.50058854e-01 -8.38527441e-01 1.16886757e-01 -4.98621047e-01
    -3.24976951e-01 1.69801879e+00 1.48325300e+00 -8.60212624e-01
    7.31897056e-01 1.92424011e+00 2.50148237e-01 7.83636391e-01
    3.54825616e-01 3.02767009e-01 -3.47647101e-01 1.18258810e+00
    -2.58749515e-01 -2.19952688e-01 -1.07420325e-01 1.60171294e+00
    8.33416998e-01 -2.23057061e-01 1.13941073e+00 3.03944468e-01
    -2.15352431e-01 1.04596388e+00 -2.97234386e-01 1.88394082e+00
    1.14083207e+00 1.17950797e+00 -2.69344538e-01 -6.34165347e-01
    1.42542970e+00 1.36747909e+00 -8.02613258e-01 1.12929201e+00
    -5.17417908e-01 1.46379483e+00 -5.38804829e-01 -8.97959888e-01
    -6.51151478e-01 -3.73465687e-01 4.69093956e-02 -3.78852606e-01
    1.61875904e+00 1.41123283e+00 1.23879945e+00 1.30991936e+00
    1.32594073e+00 -2.41812393e-01 2.29149200e-02 1.57727790e+00
    1.70520496e+00 1.46335351e+00 5.60738921e-01 9.36226845e-01
    6.62486076e-01 9.65042889e-01 1.49753332e+00 2.53092557e-01
    9.27856088e-01 3.99739802e-01 1.64763904e+00 1.54206419e+00
    -8.31683159e-01 1.39142787e+00 1.13775396e+00 1.09796813e-02
    2.64863223e-01 1.29292858e+00 -6.41915441e-01 4.81997818e-01
    1.35626817e+00 1.82470608e+00 -5.67404985e-01 3.15152615e-01
    -3.86776179e-01 8.66817772e-01 1.56211507e+00 -8.41664433e-01
    2.22678453e-01 1.11470687e+00 -8.36086154e-01 6.19523168e-01
    1.74891055e+00 -2.46931881e-01 9.14274693e-01 -8.66854489e-01
    2.34593034e-01 -1.78161070e-01 4.52313572e-01 -3.02755535e-01
    8.83385062e-01 -5.03732085e-01 -5.57959437e-01 -3.61990541e-01
    -2.18640596e-01 -9.18596983e-01 1.28302634e+00 5.71387172e-01
    1.35302126e+00 -4.37377840e-01 -5.62032342e-01 4.65836704e-01
    2.91539460e-01 -3.32945913e-01 -1.79249227e-01 1.86051464e+00
    6.17752135e-01 -5.79351962e-01 -7.57130027e-01 -1.90523505e-01
    -1.41090870e-01 3.83301049e-01 -7.84502327e-01 5.87277293e-01
    1.37551105e+00 1.87946904e+00 1.22218418e+00 5.35381436e-02
    1.74584138e+00 -2.20483869e-01 1.45455754e+00 6.98413134e-01
    1.62027490e+00 -8.38144660e-01 -9.70681787e-01 1.69720483e+00
    8.40545952e-01 7.88830757e-01 4.67108518e-01 -1.61398593e-02
    1.26585090e+00 -9.72220838e-01 -8.08071375e-01 5.96839845e-01
    3.98523360e-01 1.43638527e+00 9.79052544e-01 -2.26051807e-01
    1.92137325e+00 1.82349157e+00 1.56883919e+00 8.28657866e-01
    2.89140791e-01 2.04335377e-01 8.06928098e-01 -7.31595695e-01
    6.61261737e-01 1.14245248e+00 1.73202431e+00 1.71486557e+00
    7.07335830e-01 1.27865744e+00 -3.25152576e-01 1.64961767e+00
    9.69726205e-01 9.04325008e-01 1.86809316e-01 1.29816914e+00
    8.34245086e-01 5.47523201e-01 1.42797339e+00 1.34031045e+00
    7.45756984e-01 1.37489843e+00 6.33736670e-01 -6.30556524e-01
    6.54057562e-01 1.46034217e+00 -2.82119095e-01 5.53174853e-01
    1.90063584e+00 1.95454732e-02 -6.95407212e-01 1.54251087e+00
    4.31327343e-01 1.05336452e+00 1.93907297e+00 -3.56109768e-01
    5.30979037e-01 1.47335887e+00 1.17727649e+00 1.46108377e+00
    4.98008460e-01 1.70682919e+00 -8.33194137e-01 1.48889089e+00
    -1.16864339e-01 3.63875955e-01 1.78741932e+00 -1.03512120e+00
    -6.95132315e-02 1.17480063e+00 1.25915110e+00 1.08941793e+00
    1.63343084e+00 4.91993099e-01 -4.63324904e-01 -3.02687526e-01
    5.37213266e-01 -7.79926121e-01 3.84734839e-01 2.48993158e-01
    1.45470393e+00 1.49767256e+00 -6.66264474e-01 8.14374760e-02
    1.83298960e-01 1.75972450e+00 -2.31042564e-01 1.45516765e+00
    -4.64381516e-01 -7.19936550e-01 -9.22015965e-01 1.92945504e+00
    1.46894407e+00 1.99780262e+00 -9.43740189e-01 -1.54266775e-01
    1.64563763e+00 3.55078846e-01 5.22333384e-03 4.63983119e-01
    -5.66053808e-01 1.27188468e+00 -5.43239474e-01 -5.82763255e-02
    1.03988516e+00 7.14834929e-01 1.74334300e+00 1.24145016e-01
    1.02732444e+00 -5.60151637e-01 -2.91061285e-03 1.13921261e+00
    1.65908194e+00 1.81759402e-01 1.50851810e+00 -6.62217796e-01
    1.31667748e-01 -5.63962638e-01 1.68905616e+00 3.56362045e-01
    2.02520895e+00 1.89006770e+00 5.04638255e-01 -8.33265856e-02
    -6.39052391e-01 -3.50554585e-01 -3.83275568e-01 1.47179580e+00
    5.50666094e-01 -1.69742987e-01 8.73807490e-01 -2.84704417e-01
    1.00012243e+00 -3.82435530e-01 -6.85738623e-01 1.41881239e+00
    6.23015240e-02 -3.24412018e-01 -3.92450899e-01 7.48666942e-01
    -4.32970732e-01 5.44468045e-01 -1.14192739e-02 3.64813507e-01
    -8.86865035e-02 8.09098840e-01 -6.48185551e-01 -1.55170128e-01
    -6.76872730e-01 1.46988893e+00 1.83976710e+00 4.54511076e-01
    -3.37960720e-01 -5.81962764e-01 -4.45630521e-01 1.21971154e+00
    3.42342317e-01 -8.24281216e-01 3.59860986e-01 -5.24346709e-01
    1.35416150e+00 -1.26607984e-01 1.89225698e+00 1.44482255e+00
    -2.37253234e-01 -6.71177447e-01 1.02857172e+00 1.15570378e+00
    8.50375444e-02 1.48085213e+00 3.87554497e-01 1.36660838e+00
    2.72894233e-01 -4.15649801e-01 1.68184698e+00 -2.21167251e-01
    -1.00226629e+00 1.54491687e+00 -4.76065665e-01 1.51883650e+00
    4.25623506e-01 1.80069590e+00 1.90180600e+00 7.56954193e-01
    -1.66090652e-01 5.43234229e-01 -4.05830771e-01 1.84283209e+00
    -7.57336617e-01 4.65294927e-01 1.85505271e+00 9.62053657e-01
    1.47080314e+00 2.29631186e-01 -6.35569334e-01 -1.27693161e-01
    1.03069901e+00 7.24322498e-01 1.20650160e+00 1.49670792e+00
    1.32535326e+00 9.56252396e-01 7.06755638e-01 1.26006854e+00
    -8.26003969e-01 -7.52796650e-01 -1.09951504e-01 6.96991801e-01
    1.43415856e+00 1.67772114e+00 3.84434849e-01 6.65734887e-01
    1.34298980e+00 -8.52585807e-02 3.71162981e-01 2.92956114e-01
    8.17219794e-01 7.38328457e-01 -9.52476740e-01 1.50620890e+00
    2.52563894e-01 8.01120102e-01 8.49116683e-01 1.13088000e+00
    7.88356900e-01 4.32059050e-01 2.90537626e-01 1.10113335e+00
    1.03532827e+00 4.74340580e-02 1.72068679e+00 4.50032115e-01
    -1.96782261e-01 1.65796924e+00 1.39066982e+00 2.99158841e-02
    -3.73153150e-01 -7.14061499e-01 -5.67206264e-01 1.01439214e+00
    1.07633698e+00 -9.47330832e-01 1.86308455e+00 1.76570439e+00
    1.23489213e+00 3.15594226e-01 5.04880190e-01 -6.06668770e-01
    1.28518927e+00 1.89633393e+00 1.05639982e+00 4.48693931e-01
    5.29610574e-01 5.83508313e-01 3.56581718e-01 -2.64620304e-01
    1.48530662e+00 1.09503889e+00 1.57283914e+00 -9.04415399e-02
    -4.91092741e-01 4.92008552e-02 1.06406188e+00 9.67342079e-01
    -4.22321469e-01 1.12938643e+00 4.73746620e-02 1.64403498e+00
    7.63083622e-02 -5.04132867e-01 5.30526698e-01 -8.33263397e-01
    -6.40838981e-01 1.40930086e-01 7.47399688e-01 -3.35718602e-01
    1.51019871e+00 1.40238225e+00 2.45545402e-01 1.28312743e+00
    5.56027591e-01 -2.23859772e-01 1.03085577e+00 6.34083688e-01
    1.55433702e+00 -1.04381311e+00 1.54914856e+00 9.88406241e-01
    1.20899713e+00 1.22230709e+00 1.71527386e+00 -9.13007975e-01
    1.53528810e+00 8.58231902e-01 7.97217727e-01 5.41770220e-01
    6.53905213e-01 5.14241874e-01 1.25826776e+00 1.76028001e+00
    7.53718242e-02 1.57044160e+00 9.51322258e-01 3.36905599e-01
    -9.64463234e-01 5.65192103e-01 2.90108025e-01 7.05867290e-01
    4.75613177e-01 2.59090751e-01 -6.55300200e-01 1.45157993e+00
    -7.69598842e-01 -4.76086944e-01 4.81409311e-01 4.78324533e-01
    6.75603151e-02 -9.68802392e-01 -3.19243044e-01 1.60345817e+00
    1.67984247e+00 1.29592323e+00 7.33171642e-01 1.80754280e+00
    2.40734860e-01 7.96375394e-01 1.80692410e+00 1.54923594e+00
    9.95446026e-01 3.63298863e-01 2.59363651e-02 1.35273492e+00
    1.71761370e+00 -7.03975081e-01 4.49043363e-01 1.43888974e+00
    5.48224211e-01 1.07895292e-01 9.76948202e-01 1.35326076e+00
    1.00770628e+00 6.86215222e-01 1.88322711e+00 1.83229232e+00
    -5.28351486e-01 -3.04666966e-01 1.15123057e+00 1.04077435e+00
    4.08018202e-01 1.51690853e+00 -6.82954669e-01 8.41945827e-01
    9.23784256e-01 -4.11274344e-01 -5.69737889e-02 1.78668737e+00
    -2.80915182e-02 1.72779465e+00 -1.01301953e-01 1.25516951e+00
    1.18993772e-02 -6.45960331e-01 -4.59425062e-01 1.23230264e-01
    5.51137507e-01 -5.49864411e-01 -8.71777594e-01 1.01412618e+00
    -8.96936297e-01 -1.65617540e-01 7.09710658e-01 8.79067540e-01
    1.21320045e+00 1.85536540e+00 -4.70146179e-01 1.93432951e+00
    1.72484386e+00 -1.30443782e-01 1.68787754e+00 1.28730440e+00
    -2.75505692e-01 -4.87699628e-01 2.01645517e+00 1.11399317e+00
    1.90804505e+00 1.06147897e+00 1.08584404e+00 7.95109928e-01
    1.86945856e+00 -8.55857253e-01 3.96150678e-01 -7.43763924e-01
    8.32846999e-01 2.03645253e+00 1.09274387e+00 -3.29160392e-01
    -4.96757962e-02 -7.26020038e-01 -6.33815050e-01 -2.70936698e-01
    2.00778651e+00 -5.33481002e-01 -6.79485917e-01 1.79105866e+00
    -5.73965907e-01 -2.00761497e-01 1.63149035e+00 1.04860377e+00
    -4.79413290e-03 1.08079791e+00 1.71592943e-02 1.70473194e+00
    2.35152952e-02 1.41068101e+00 -3.02784115e-01 1.48786569e+00
    -5.12929976e-01 1.34000611e+00 8.93317759e-01 7.74847448e-01
    1.81558716e+00 1.89321768e+00 1.85073280e+00 9.13459778e-01
    -2.63998389e-01 4.68353629e-01 1.32513487e+00 1.29456401e+00
    -3.94795746e-01 3.65246147e-01 7.82060206e-01 5.43401241e-01
    -6.37832522e-01 -3.40544850e-01 -7.93727279e-01 -5.23781441e-02
    -4.43418801e-01 4.69211847e-01 1.12322748e+00 -8.69848192e-01
    -7.40083754e-01 1.58584535e+00 -2.65502483e-01 3.61795872e-01
    -9.30510163e-01 1.46090150e+00 1.48817682e+00 3.86412293e-01
    -4.62708861e-01 -5.50305508e-02 1.00502813e+00 -3.10924202e-01
    1.31808102e-01 1.22296488e+00 8.26271474e-01 1.52999198e+00
    1.51510692e+00 1.43374693e+00 2.32452318e-01 2.28693843e-01
    -2.01947875e-02 7.53447711e-01 6.82424486e-01 3.58602822e-01
    1.63614953e+00 1.40513194e+00 1.60458791e+00 -1.47925913e-01
    7.63219833e-01 1.71701401e-01 5.28316274e-02 2.45499492e+00
    -8.17797601e-01 1.43574858e+00 -2.73129284e-01 1.59693182e+00
    1.25143194e+00 1.14504969e+00 1.42359495e+00 8.34993601e-01
    1.58238876e+00 -1.63790762e-01 1.54735434e+00 -8.13140512e-01
    -2.35199228e-01 8.97776604e-01 -2.19588131e-01 8.05743188e-02
    1.77583957e+00 1.61515021e+00 1.94211853e+00 -6.43798828e-01
    6.40848100e-01 -2.46469975e-02 -4.77290124e-01 3.62707108e-01
    1.57629490e+00 1.61978340e+00 1.03040314e+00 -9.11494195e-01
    1.43646526e+00 -8.28839898e-01 -9.51310456e-01 -6.17211699e-01
    4.55902696e-01 1.47637224e+00 1.62436509e+00 2.93493152e-01
    1.25621808e+00 9.82574932e-03 -7.43927807e-02 9.15042162e-01
    -1.99085876e-01 1.08676720e+00 -8.05324540e-02 2.88592786e-01
    9.24841225e-01 4.37584966e-01 1.80393767e+00 1.25148141e+00
    1.81658792e+00 1.12341034e+00 4.00485620e-02 9.57850635e-01
    1.11263585e+00 1.91850126e+00 8.65743697e-01 1.60922277e+00
    -8.74834716e-01 1.25221336e+00 1.34960783e+00 7.24715769e-01
    1.04133129e+00 1.02851713e+00 -5.43720663e-01 1.42126048e+00
    4.70840454e-01 -8.92082036e-01 1.22766173e+00 5.79486430e-01
    1.09709704e+00 -8.21430087e-01 -3.53007704e-01 8.07097316e-01
    1.31014788e+00 3.31291944e-01 -4.49454993e-01 -9.75478828e-01
    1.72203827e+00 4.63658236e-02 -4.81309474e-01 5.92220426e-01
    3.43826711e-01 2.04684138e-01 -3.40333134e-01 1.50706780e+00
    -3.02228481e-01 2.24531051e-02 -4.34257150e-01 2.26951450e-01
    9.14751828e-01 6.79282367e-01 3.20433199e-01 7.58199513e-01
    -2.22059995e-01 -6.56967640e-01 1.83219540e+00 1.50386918e+00
    1.81886959e+00 4.66187119e-01 1.16556251e+00 4.19151962e-01
    -3.43878478e-01 1.08428848e+00 4.29384768e-01 6.69222236e-01
    9.98881519e-01 8.51864815e-01 1.06281471e+00 -7.25665867e-01
    2.41702542e-01 1.51037741e+00 8.47764313e-01 -6.31475568e-01
    9.36329290e-02 4.79211025e-02 7.39869952e-01 1.75649613e-01
    1.64230049e-01 -8.17460001e-01 6.68366253e-01 6.35793328e-01
    3.67037535e-01 -8.40420902e-01 -4.12906140e-01 9.61264893e-02
    5.73808663e-02 3.06061000e-01 -1.41435206e-01 -6.86229765e-02
    1.87941182e+00 -5.89385092e-01 5.56690872e-01 6.40977263e-01
    1.49114311e+00 1.86456943e+00 -6.15470409e-01 1.51657090e-01
    1.77234638e+00 -3.37176234e-01 3.01204473e-01 6.79309845e-01
    1.31809270e+00 1.80246747e+00 -5.45615196e-01 8.98020208e-01
    -8.48129988e-01 1.93119335e+00 1.37180233e+00 1.90199280e+00
    1.10442197e+00 -5.00728190e-01 2.43582875e-01 4.18640167e-01
    5.39552212e-01 1.35466635e+00 2.77295560e-01 1.84420419e+00
    -7.01482892e-01 -5.20486295e-01 4.99095470e-01 5.19970775e-01
    2.56157100e-01 3.90564829e-01 -3.08090836e-01 -7.77602851e-01
    -2.30150491e-01 1.12781215e+00 6.43651545e-01 1.55314124e+00
    -3.59388053e-01 -2.37222344e-01 6.06717765e-02 -3.81473929e-01
    1.42050290e+00 -8.00805449e-01 5.89393020e-01 -1.77920058e-01
    -7.27725208e-01 1.87259662e+00 4.69136201e-02 1.17423332e+00
    -3.87838006e-01 5.41756868e-01 9.48476136e-01 2.00933528e+00
    -8.03048491e-01 -7.63783038e-01 2.02117443e+00 7.70562589e-01
    -7.97144055e-01 9.94556487e-01 1.14366591e+00 1.39322555e+00
    2.36593068e-01 1.62748516e+00 4.10974264e-01 -9.76956427e-01
    1.56157744e+00 4.47916269e-01 1.85585237e+00 -1.27996020e-02
    1.26667246e-01 9.83238280e-01 -8.12170506e-01 1.91406444e-01
    -1.13713086e-01 -7.66563892e-01 -5.29664397e-01 -4.37718540e-01
    -4.30032581e-01 1.83257532e+00 -3.66278797e-01 1.30092227e+00
    -5.05370498e-01 2.75360078e-01 1.56041718e+00 2.22798079e-01
    1.13576329e+00 3.05301279e-01 -6.21513009e-01 8.97122085e-01
    -8.09653521e-01 9.59836841e-01 -6.46789297e-02 -6.98076844e-01
    1.17687665e-01 1.13280129e+00 -3.85330431e-03 1.48946047e-01
    1.50526321e+00 -2.58601159e-01 2.67479479e-01 9.61989701e-01
    1.19921756e+00 8.80049169e-01 -8.99206638e-01 1.56676725e-01
    7.09202528e-01 1.54791570e+00 1.74977648e+00 -8.58164847e-01
    1.02210450e+00 3.62666607e-01 9.91843820e-01 4.63027656e-01
    -9.83835757e-01 1.48885660e-02 8.87685359e-01 9.10923541e-01
    -7.92879283e-01 7.57527411e-01 7.27203131e-01 1.75630105e+00
    7.81454384e-01 1.68068862e+00 1.32051766e+00 1.32181621e+00
    -2.89270401e-01 3.62145901e-01 -2.09617019e-02 -4.78818685e-01
    1.43643415e+00 -8.14437330e-01 -4.23077434e-01 7.40676999e-01
    1.48841679e-01 7.77053535e-02 8.54533732e-01 1.16970396e+00
    -1.07644856e-01 1.79789162e+00 -6.26942873e-01 1.50253689e+00
    1.42046165e+00 1.10905385e+00 1.26682580e+00 8.51663589e-01
    1.44156262e-01 1.00128794e+00 1.98270476e+00 8.18522155e-01
    5.72409213e-01 -8.61484408e-02 1.48754731e-01 8.53276193e-01
    1.38209951e+00 -1.32511899e-01 1.61107862e+00 3.03679705e-01
    5.66139519e-01 1.38748121e-02 5.44661321e-02 1.16234410e+00
    9.12338495e-01 5.82154632e-01 2.07049791e-02 9.51435566e-01
    4.41772282e-01 1.82076240e+00 1.05283654e+00 1.12098956e+00
    1.66948164e+00 1.55177534e-01 2.81310201e-01 -2.54746191e-02
    1.51367640e+00 7.18029916e-01 -1.57824904e-01 1.53355742e+00
    7.45000660e-01 -3.98215950e-02 1.14468408e+00 1.71387160e+00
    1.64254129e-01 -7.74835289e-01 4.47664887e-01 4.59710598e-01
    5.73047578e-01 1.82602501e+00 1.45846581e+00 7.66103387e-01
    -8.56841862e-01 -4.99839008e-01 1.76587999e+00 5.63092828e-01
    -4.89954114e-01 -7.05256701e-01 8.30913126e-01 3.38276446e-01
    -7.71681786e-01 9.87261891e-01 1.52155030e+00 9.09369588e-01
    2.20902979e-01 1.47130060e+00 1.02272737e+00 1.28871667e+00
    -1.00913979e-01 1.53143728e+00 1.27518308e+00 2.00048342e-01
    7.63722733e-02 1.82295352e-01 1.35520422e+00 1.82281327e+00
    -7.37305164e-01 -1.47131279e-01 9.70156193e-01 9.06350732e-01
    3.21264505e-01 -9.08357620e-01 -5.99088967e-01 -7.27287591e-01
    1.17142059e-01 1.47004962e+00 1.13428593e+00 6.69452369e-01
    -7.73176625e-02 -7.98547506e-01 8.36627781e-01 1.49196967e-01
    -1.98628664e-01 1.66557992e+00 3.14978242e-01 1.18981230e+00
    -5.09960651e-01 -5.83750546e-01 -7.06277609e-01 1.50928414e+00
    -3.49212795e-01 8.12100291e-01 -5.30956745e-01 1.89623803e-01
    8.82367790e-01 4.26860750e-01 1.21894526e+00 9.23878908e-01
    -5.87673485e-01 1.30921459e+00 3.01711947e-01 1.16988981e+00
    8.30195665e-01 2.89519906e-01 1.40183538e-01 9.70718801e-01
    -2.98084319e-01 3.92868131e-01 -5.34268260e-01 -4.45326656e-01
    -6.14582360e-01 -2.29075536e-01 8.85458589e-01 -1.15052335e-01
    1.01920652e+00 4.42912340e-01 -2.08766252e-01 9.44895089e-01
    1.13650239e+00 2.50490278e-01 1.75709856e+00 8.97885799e-01
    -7.90879905e-01 -5.64140201e-01 -6.00843191e-01 8.73518825e-01
    6.46026075e-01 -4.17912543e-01 7.31770456e-01 1.79751682e+00
    -4.08832729e-01 8.47544491e-01 1.11593354e+00 1.90412331e+00
    1.08797884e+00 -5.39506316e-01 -6.82850897e-01 1.69245982e+00
    -4.06497329e-01 1.72841084e+00 -1.37798443e-01 -5.40194154e-01
    1.79437280e+00 -4.76885885e-02 -6.28658712e-01 6.55703008e-01
    9.64752555e-01 -3.02049845e-01 9.53727603e-01 1.23796427e+00
    1.11706758e+00 -1.92298248e-01 7.40878940e-01 4.60766733e-01
    -7.15338409e-01 -2.15904698e-01 4.26628500e-01 1.64094913e+00
    -6.32024705e-01 -4.57217753e-01 8.08482111e-01 1.57997036e+00
    1.23736128e-01 1.21635616e-01 -1.02729261e-01 -7.45383263e-01
    3.21599655e-02 4.46834624e-01 -9.46248531e-01 1.61624587e+00
    -6.16012275e-01 1.67171025e+00 1.08455352e-01 9.89309967e-01
    2.64972180e-01 1.82475293e+00 -2.49588303e-02 1.21625853e+00
    1.74104965e+00 2.49189660e-01 -5.64741939e-02 1.25855005e+00
    -3.06802690e-01 7.20270574e-01 9.39565182e-01 1.05023134e+00
    1.05922687e+00 1.72016740e+00 -6.52012765e-01 3.01342070e-01
    -6.26847267e-01 1.35227418e+00 1.50318754e+00 5.21241903e-01
    1.21689415e+00 1.87450004e+00 1.30716455e+00 1.30705905e+00
    4.61676300e-01 -9.18753743e-02 1.90962338e+00 1.62217104e+00
    3.50150615e-01 6.67791069e-01 -8.05892408e-01 1.63043708e-01
    -3.45090210e-01 2.76181668e-01 -3.85083288e-01 7.52578080e-01
    2.16760159e-01 8.02973509e-02 1.15537107e+00 5.89173257e-01
    -7.65760243e-01 1.18616474e+00 4.82551575e-01 8.02308798e-01
    6.23921514e-01 -8.95092115e-02 7.99779832e-01 8.17087591e-01
    1.88540518e+00 1.47102070e+00 2.03199536e-01 -7.34296679e-01
    -6.95347309e-01 1.38843298e+00 1.02330828e+00 1.41778314e+00
    1.95071077e+00 -2.81079318e-02 1.75347829e+00 2.38857055e+00
    1.35417902e+00 1.77583680e-01 4.40438449e-01 1.43834126e+00
    -7.98458219e-01 1.46522808e+00 -1.29998535e-01 -2.80662090e-01
    5.66457629e-01 1.81663620e+00 -9.93578374e-01 1.61741757e+00
    1.03597069e+00 9.20046687e-01 1.82849264e+00 1.85893083e+00
    -2.49185711e-01 1.10485777e-01 -5.37305355e-01 -7.32559443e-01
    1.05268836e+00 8.99022043e-01 7.18244553e-01 1.31118107e+00
    7.75153637e-01 8.31887245e-01 1.87345934e+00 -8.46527636e-01
    1.89634049e+00 -8.56484532e-01 -2.37802267e-01 -8.43722999e-01
    -1.21568114e-01 1.39712417e+00 6.69104517e-01 1.91470551e+00
    1.77284956e-01 -3.03332001e-01 -9.21413481e-01 1.03615952e+00
    1.61066306e+00 1.31692398e+00 -8.77179578e-02 -1.77728400e-01
    1.83474624e+00 1.00039017e+00 -7.42042303e-01 1.82492983e+00
    2.30680242e-01 1.38933623e+00 1.17679822e+00 -1.01685488e+00
    1.50979117e-01 1.82860479e-01 2.05559254e-01 1.91477358e+00
    1.74084973e+00 5.78370214e-01 4.39206094e-01 1.27391958e+00
    -4.52178597e-01 1.01908469e+00 3.39508541e-02 1.95656705e+00
    1.31327033e+00 6.83196783e-01 -8.26317072e-01 -2.58641332e-01
    1.61209810e+00 1.56799626e+00 -7.02949047e-01 2.36693069e-01
    -1.03196234e-01 1.00501871e+00 3.21569383e-01 4.40090358e-01
    2.86309212e-01 2.22080022e-01 1.24095917e+00 1.61107230e+00
    8.81655276e-01 -2.01495662e-01 5.92860021e-02 -5.01079261e-01
    -2.26577833e-01 5.92998326e-01 1.20436358e+00 1.44864547e+00
    2.23478854e-01 3.47922951e-01 7.79228210e-01 -8.95617485e-01
    1.40503931e+00 9.16649342e-01 4.27744389e-01 -4.17996883e-01
    3.94687295e-01 2.22266063e-01 -2.89331496e-01 -5.21081924e-01
    -7.60667741e-01 -5.43142319e-01 1.24567105e-02 1.01384413e+00
    1.06832874e+00 -8.42514040e-04 -6.66207671e-01 1.68404150e+00
    5.59439898e-01 9.45633948e-01 5.13843179e-01 -3.37521613e-01
    7.67404199e-01 -8.75205636e-01 1.06149614e+00 8.78958166e-01
    1.87228262e+00 1.65571296e+00 6.92040563e-01 1.09652019e+00
    1.22876894e+00 6.76103294e-01 1.16983938e+00 4.34206814e-01
    1.13779426e+00 3.41995776e-01 -1.03393540e-01 -9.32896361e-02
    1.20786822e+00 -4.12487328e-01 1.68836844e+00 6.28654361e-01
    7.70758510e-01 1.70233119e+00 1.46844518e+00 1.28057122e+00
    1.56710947e+00 1.01647460e+00 -8.04746270e-01 -4.58675593e-01
    1.74935377e+00 5.49250543e-01 1.74376166e+00 2.90866882e-01
    -8.54167759e-01 -6.53509259e-01 -5.80662377e-02 2.12494612e-01
    1.72454107e+00 1.57734537e+00 1.36814511e+00 -3.82847756e-01
    -6.38522446e-01 4.09648567e-01 1.36197710e+00 9.20965135e-01
    -7.66229868e-01 -8.99908125e-01 1.98662746e+00 -8.38844836e-01
    2.32222825e-01 -4.16125566e-01 -2.40898803e-01 1.33498585e+00
    2.51706131e-03 1.69681102e-01 1.46703494e+00 -6.88011587e-01
    9.40346658e-01 1.65896690e+00 1.63084324e-02 1.16116798e+00
    6.48027182e-01 1.49899697e+00 1.67443171e-01 6.90748334e-01
    -5.12403369e-01 1.44874346e+00 -3.70741934e-01 1.42997766e+00
    -2.10499763e-01 1.56284392e+00 -4.60543811e-01 2.13276610e-01
    -5.19206464e-01 6.22043908e-01 1.40359592e+00 1.86115623e+00
    1.50383532e+00 1.28531587e+00 9.98229623e-01 6.59911275e-01
    9.95726466e-01 1.60119677e+00 1.53465462e+00 -4.86216009e-01
    1.91052723e+00 -1.76927760e-01 8.29900146e-01 -7.11685359e-01
    -3.78879786e-01 1.01312354e-01 4.96616811e-01 1.32190242e-01
    2.31681615e-01 6.18361712e-01 1.10342467e+00 -2.40616933e-01
    1.08534992e+00 1.68339527e+00 1.39140332e+00 3.30103159e-01
    1.72548282e+00 1.85259306e+00 1.88959491e+00 -4.29645747e-01
    -3.50713342e-01 -2.18060598e-01 1.65133131e+00 -4.20685917e-01
    1.82839715e+00 -8.24179411e-01 3.59935984e-02 5.59750311e-02
    -4.63080823e-01 2.57000238e-01 -7.00719595e-01 -3.44086826e-01
    5.60416222e-01 -4.02135819e-01 6.34280086e-01 1.50286937e+00
    -4.99570251e-01 -6.50041223e-01 8.37457359e-01 1.21763935e-02
    5.76163888e-01 1.44921303e+00 1.90426612e+00 -1.11575782e-01
    3.77041809e-02 -8.63386970e-03 1.88351190e+00 -4.07522142e-01
    -1.35771498e-01 3.79170448e-01 7.31289566e-01 1.60635367e-01
    -1.97328284e-01 1.04382515e+00 1.13376105e+00 -3.67455125e-01
    5.56468189e-01 -8.32148612e-01 -4.65718001e-01 2.88943601e+00
    -6.90972209e-01 1.86400545e+00 -8.33125055e-01 3.97717059e-02
    1.77512014e+00 1.11547756e+00 4.89293933e-01 1.82996249e+00
    1.11387169e+00 6.44458354e-01 1.78924406e+00 3.73971947e-02
    1.63001764e+00 -3.26247066e-01 5.35460114e-01 1.73822820e+00
    -7.69240022e-01 -2.89989024e-01 1.41513920e+00 6.08829618e-01
    1.50286424e+00 -5.07454276e-01 -3.20985943e-01 2.57732362e-01
    -3.99174929e-01 3.74819189e-01 -1.60406366e-01 9.64991689e-01
    1.46451998e+00 9.68174219e-01 1.74576193e-01 4.97996092e-01
    -1.47128120e-01 -7.27724731e-01 5.98389864e-01 1.40199375e+00
    1.48266780e+00 1.73611510e+00 5.82273543e-01 -7.84509182e-01
    -5.63839972e-01 -1.72990963e-01 1.16559803e+00 8.06376338e-01
    -2.11790934e-01 4.58639830e-01 -1.55459255e-01 -1.04544330e+00
    1.81299114e+00 -5.22740185e-01 4.75700855e-01 -7.20786512e-01
    4.52455997e-01 -4.92192090e-01 1.83003914e+00 -8.56583476e-01
    -7.21846044e-01 3.20733935e-01 -1.67017013e-01 -3.20235282e-01
    1.19912422e+00 2.06814751e-01 -3.01764816e-01 1.61605906e+00
    -5.90111017e-01 -1.59099713e-01 5.72363377e-01 -5.50310761e-02
    -7.12671459e-01 1.05368161e+00 1.57727718e+00 1.45955539e+00
    -6.65274978e-01 9.31281209e-01 -3.03603083e-01 1.84683239e+00
    1.02997339e+00 -3.16205651e-01 1.18742812e+00 -1.31690398e-01
    -6.98300898e-02 -6.70431316e-01 1.34930885e+00 -1.66894436e-01
    1.64183462e+00 1.39818847e+00 -9.33642328e-01 1.26552022e+00
    1.74287808e+00 1.75762701e+00 2.08288748e-02 6.27266347e-01
    1.26709414e+00 -1.07669704e-01 -4.52355444e-01 -2.96004713e-01
    -1.48283422e-01 1.88372457e+00 9.86343145e-01 -2.17424482e-01
    9.83799040e-01 1.50797188e+00 2.38850594e-01 -6.07066825e-02
    7.29050159e-01 2.88813442e-01 -6.75021827e-01 1.13281286e+00
    1.72590494e+00 1.45304322e+00 1.86927021e+00 8.69425118e-01
    7.64803708e-01 9.08043265e-01 1.33569098e+00 -8.08029473e-02
    -4.40232158e-01 7.20547661e-02 1.53966582e+00 1.60935670e-01
    1.15808487e+00 1.94410682e-01 8.03891838e-01 1.75758326e+00
    -1.62368342e-02 2.79148191e-01 1.29989251e-01 1.26930118e+00
    -2.37378761e-01 2.80397981e-01 1.15880799e+00 1.21167397e+00
    -5.42434752e-01 1.63181889e+00 -4.87524360e-01 1.35003293e+00
    -2.09437385e-01 -8.16588879e-01 1.86481428e+00 1.00053936e-01
    9.35420454e-01 8.08717012e-02 1.98339868e+00 1.12028694e+00
    1.80531323e-01 -1.96398959e-01 -6.70306563e-01 -3.47083360e-01
    2.34824777e-01 -7.49198377e-01 1.36751163e+00 1.43922412e+00
    -1.60400495e-01 2.00987625e+00 -3.00605625e-01 -1.08614676e-01
    4.09530193e-01 2.08925456e-01 6.66414015e-03 1.46564990e-01
    1.17501688e+00 -7.63643563e-01 -6.49672866e-01 5.87869644e-01
    6.33204103e-01 6.76514685e-01 9.66377020e-01 8.11208069e-01
    -5.46727061e-01 3.86119217e-01 4.46094662e-01 6.57845318e-01
    1.39445499e-01 8.34848702e-01 1.91398025e+00 1.29872203e-01
    5.34944415e-01 1.92767715e+00 1.91493905e+00 5.67039177e-02
    -6.71640813e-01 1.21699798e+00 1.28846478e+00 1.77503407e+00
    -4.82873201e-01 1.84901321e+00 2.46135324e-01 1.75040460e+00
    4.69699502e-01 -8.45726430e-01 -6.53845072e-01 1.09830332e+00
    -7.45713532e-01 -8.24535728e-01 -8.37295055e-01 1.08968639e+00
    5.56672096e-01 1.76082993e+00 1.68960381e+00 3.08885038e-01
    1.51696301e+00 -6.87652647e-01 1.33712387e+00 8.39903414e-01
    1.18511951e+00 -3.80813897e-01 -4.52035904e-01 1.22337580e+00
    5.77344716e-01 3.30915931e-03 1.69760227e+00 9.15432572e-01
    1.88148832e+00 1.43525827e+00 1.89188063e-01 3.21234345e-01
    9.21332777e-01 4.38731492e-01 -2.05952823e-01 1.80853891e+00
    1.54127371e+00 1.88031584e-01 1.66578758e+00 -2.70646006e-01
    1.33404565e+00 -2.13096187e-01 -3.06134909e-01 1.48625946e+00
    5.28756142e-01 1.70282269e+00 1.04789984e+00 1.26835561e+00
    1.55325246e+00 -4.09209102e-01 -6.19132757e-01 -4.51662719e-01
    1.35748073e-01 1.86431789e+00 -1.88964099e-01 -4.87943232e-01
    -1.98884279e-01 9.69798982e-01 3.72807145e-01 5.38678348e-01
    1.89358103e+00 -5.86862385e-01 9.02953207e-01 1.89148486e+00
    5.37395835e-01 -7.12585509e-01 -9.14847195e-01 -7.06045508e-01
    -7.19088972e-01 1.24649310e+00 1.24319923e+00 8.49190950e-02
    3.94467443e-01 -4.39474583e-01 -1.02747746e-01 -8.52386773e-01
    9.52699065e-01 7.67882049e-01 1.73348641e+00 1.32309377e+00
    -2.15661079e-01 5.25065362e-02 1.86752343e+00 1.58440900e+00
    -6.60445035e-01 -1.96361709e-02 4.74521294e-02 1.30143154e+00
    -7.94910073e-01 -2.27058992e-01 5.72980523e-01 -7.86303163e-01
    3.40429336e-01 7.77576305e-03 7.38701701e-01 -1.61889166e-01
    1.05453980e+00 1.51987636e+00 -9.28292453e-01 -1.31111518e-01
    -4.48426992e-01 1.34647059e+00 1.34969079e+00 9.41890597e-01
    -9.90812242e-01 1.30060303e+00 6.82814837e-01 1.30922663e+00
    3.04026067e-01 -7.59921610e-01 1.80223608e+00 -5.83677411e-01
    -2.41016105e-01 -7.81208217e-01 -3.07789922e-01 -3.77485573e-01
    9.97974992e-01 -7.27320194e-01 2.76286677e-02 2.48284891e-01
    1.05956233e+00 -5.54876551e-02 -2.70545155e-01 1.64176047e+00
    2.38621846e-01 -7.91070282e-01 7.88909256e-01 1.95431471e+00
    7.91229367e-01 -2.65973598e-01 9.74395931e-01 4.50124294e-02
    3.76097918e-01 1.55107486e+00 2.55037546e-01 -3.19432288e-01
    -6.89375937e-01 -2.42585659e-01 -7.41908431e-01 1.85232449e+00
    -7.84627795e-01 -3.16108461e-03 2.01467901e-01 9.18291569e-01
    -5.74428320e-01 2.07857251e-01 5.18187225e-01 -6.31832838e-01
    1.88314423e-01 3.17284763e-01 9.27930534e-01 -4.21217471e-01
    9.45149720e-01 1.31280029e+00 5.48728645e-01 2.85376430e-01
    1.68264914e+00 4.32761967e-01 6.14947677e-01 6.57062948e-01
    1.73100436e+00 -8.85722265e-02 1.15906882e+00 -2.65526354e-01
    -4.66076046e-01 -1.07753515e-01 -4.94165629e-01 1.19735956e+00
    1.23590171e+00 1.49061620e+00 1.16595554e+00 1.10340631e+00
    8.48870993e-01 1.44359398e+00 -4.51489955e-01 9.79380369e-01
    1.91514432e+00 1.11927688e-01 1.85446787e+00 8.11029077e-02
    1.13693154e+00 5.20750284e-01 -7.20546663e-01 1.61383355e+00
    1.07241642e+00 3.82145971e-01 1.36728692e+00 1.57133770e+00
    -6.18792295e-01 5.85827589e-01 3.31968546e-01 -8.12064707e-01
    -1.51115790e-01 1.39605069e+00 6.03346117e-02 4.37143981e-01
    6.66117787e-01 1.10359773e-01 1.55179679e+00 -6.68233931e-01
    1.43449402e+00 -9.35815990e-01 1.07406306e+00 1.91186428e+00
    1.08244467e+00 1.75498021e+00 2.77719647e-01 -9.22195554e-01
    1.57838082e+00 -7.13570118e-01 -3.23076010e-01 -3.12745541e-01
    5.47578037e-01 1.76281548e+00 5.37238538e-01 -6.98289275e-01
    -5.64034998e-01 -1.68126181e-01 -5.88752985e-01 1.88313186e+00
    2.16056049e-01 -8.52681696e-01 -6.96360707e-01 8.39534998e-01
    -4.53170359e-01 2.89859295e-01 8.19018364e-01 1.90012455e+00
    -7.08245754e-01 1.28824341e+00 -2.31627837e-01 1.59007287e+00
    2.85394251e-01 5.58207870e-01 1.29219377e+00 8.03999662e-01
    -1.74492188e-02 -6.35329664e-01 -1.89713120e-01 5.85418463e-01
    1.58021712e+00 1.92002952e+00 -7.91188240e-01 8.44352305e-01
    9.06252086e-01 -9.32191432e-01 1.34276915e+00 1.39966595e+00
    -5.60150087e-01 1.79141951e+00 6.22890115e-01 1.89491069e+00
    -3.63461822e-01 5.86914539e-01 3.04252297e-01 2.44879890e-02
    -7.16086328e-01 1.55693722e+00 1.97064114e+00 3.60009074e-01
    1.82685089e+00 5.98100126e-01 1.12535501e+00 1.45628011e+00
    6.00684643e-01 1.96665362e-01 1.74962246e+00 1.88454509e+00
    -5.36612630e-01 4.07658488e-01 -8.15669596e-01 2.88669020e-01
    -2.96359986e-01 1.40315259e+00 1.44028828e-01 -4.18087751e-01
    5.59564173e-01 -1.34127989e-01 5.21343291e-01 -4.92268205e-01
    -3.72859150e-01 -8.27228010e-01 -4.21540588e-01 1.27696097e-01
    1.26087916e+00 4.96839613e-01 9.94314432e-01 1.33061898e+00
    1.70025513e-01 1.88665003e-01 -3.17993701e-01 2.00559330e+00
    3.94633859e-01 1.52249777e+00 1.25934076e+00 1.66447353e+00
    1.83124259e-01 1.77795494e+00 5.92214108e-01 8.41834962e-01
    1.45620549e+00 1.17271185e+00 3.40221822e-01 -8.83635938e-01
    1.50568950e+00 1.47645688e+00 1.35878098e+00 3.56062680e-01
    -5.86605333e-02 7.73757875e-01 -8.15520346e-01 6.29874229e-01
    7.65950084e-01 1.72882140e+00 -8.41574609e-01 -8.12241852e-01
    1.30765760e+00 1.26573098e+00 1.24496436e+00 1.20097184e+00
    1.16876364e+00 4.77276653e-01 5.62289059e-01 1.26055682e+00
    2.97433197e-01 1.54294300e+00 5.50440311e-01 1.77768803e+00
    5.11167824e-01 -8.94088089e-01 1.29005873e+00 -3.78331810e-01
    -6.44910395e-01 -3.08655679e-01 -1.75003223e-02 -8.98652017e-01
    1.61448181e+00 1.05058730e-01 -5.21465003e-01 1.43820071e+00
    1.13736105e+00 -1.31547630e-01 -7.47712433e-01 9.15333986e-01
    2.30477840e-01 1.93028915e+00 -6.67825222e-01 1.83591813e-01
    1.36772001e+00 -2.76058227e-01 1.03289843e+00 9.27446842e-01
    7.07878649e-01 1.57015288e+00 -7.44910002e-01 -7.38481581e-01
    1.09022367e+00 -9.15860474e-01 -3.47724259e-01 -4.24303204e-01
    2.21729979e-01 -5.00410318e-01 -4.27870691e-01 2.99973339e-01
    9.45463240e-01 1.30531037e+00 1.77776679e-01 -6.58418417e-01
    9.45432782e-02 2.31600747e-01 -5.87524951e-01 -6.91811442e-02
    1.88005650e+00 2.86238104e-01 1.57306373e+00 -3.26804698e-01
    1.48334420e+00 1.39156008e+00 7.10877657e-01 7.72483945e-01
    -8.90152678e-02 -4.31479216e-01 7.13739097e-01 4.17478293e-01
    1.57899782e-01 4.49549764e-01 1.32509720e+00 -4.08106506e-01
    -7.57152975e-01 6.21414967e-02 -6.99972808e-01 1.53871238e+00
    1.25459611e+00 -3.61808956e-01 1.55189478e+00 1.25136569e-01
    2.39888623e-01 1.70668864e+00 3.87958527e-01 1.46606231e+00
    1.29657412e+00 -7.72963583e-01 3.97176832e-01 1.62106466e+00
    6.85343742e-01 1.03922379e+00 1.67388487e+00 -8.22502255e-01
    4.33718443e-01 1.27379954e+00 1.66847277e+00 1.32188344e+00
    -4.66800094e-01 -4.32711132e-02 7.70086288e-01 1.71523714e+00
    -8.18350494e-01 1.60031056e+00 6.34805083e-01 1.35543239e+00
    2.15252727e-01 1.17747569e+00 2.38995068e-03 8.73599827e-01
    9.83182609e-01 7.81709850e-01 3.63724977e-01 4.86734062e-01
    2.63830144e-02 -8.92167032e-01 -2.15849504e-01 -1.98910117e-01
    7.78521180e-01 -7.54835963e-01 5.48899293e-01 -8.90233457e-01
    7.40871489e-01 -2.01181605e-01 1.85360861e+00 1.75884211e+00
    -6.66621745e-01 -7.09345043e-01 -2.57980794e-01 1.79543579e+00
    8.74947548e-01 1.81722438e+00 2.39156157e-01 -6.44315243e-01
    1.93256640e+00 1.15041530e+00 9.97533977e-01 -5.35839856e-01
    -7.98103154e-01 1.19491088e+00 -3.52656133e-02 1.24605405e+00
    5.90514541e-01 3.62907946e-01 1.54226756e+00 2.49576539e-01
    -1.92340732e-01 3.95343214e-01 -7.40608513e-01 4.77668375e-01
    1.70829654e+00 1.31154883e+00 7.66999066e-01 4.06566530e-01
    -9.81779575e-01 8.48991573e-01 5.17967045e-01 2.57731318e-01
    -3.56702745e-01 1.58946490e+00 2.03237068e-02 -8.29256892e-01
    1.21824789e+00 1.28472269e+00 -4.25400466e-01 -6.43497050e-01
    -6.10034950e-02 1.99629962e-01 -4.60241318e-01 7.05902040e-01
    1.44387162e+00 1.48606622e+00 2.38529995e-01 1.65818465e+00
    1.30680656e+00 6.47081375e-01 -8.77139866e-01 4.77535307e-01
    4.04512018e-01 -7.25930691e-01 6.52637422e-01 1.13595700e+00
    1.69421002e-01 -2.50406653e-01 -4.30195080e-03 7.95910601e-03
    1.59647894e+00 2.61703849e-01 1.56035817e+00 -3.36773157e-01
    1.62890923e+00 1.61987770e+00 -3.21554810e-01 -6.37518704e-01
    8.18318188e-01 -2.16741741e-01 1.19606245e+00 7.08345294e-01
    7.03682303e-01 6.15569949e-01 1.50007188e+00 6.18980050e-01
    1.55814862e+00 1.29025877e-01 -4.56181228e-01 -7.91551948e-01
    -6.56686842e-01 -4.62866992e-01 1.81592953e+00 1.83606768e+00
    8.95285085e-02 -7.73461878e-01 1.65382743e+00 -3.10655236e-01
    1.89182866e+00 2.92754322e-02 7.40100145e-01 1.13677394e+00
    -9.48371589e-01 -6.95295036e-01 1.03859127e+00 1.26372266e+00
    1.48719811e+00 -3.91176231e-02 2.46611521e-01 -2.90978670e-01
    -4.42995816e-01 9.35500622e-01 -9.11470115e-01 -2.72796005e-02
    -6.68139696e-01 -8.80932629e-01 4.26044822e-01 4.04341042e-01
    1.55564535e+00 2.28217527e-01 -4.24362898e-01 -1.12298995e-01
    1.61103225e+00 1.55467713e+00 -7.12273866e-02 8.48801062e-02
    3.30803871e-01 3.21849823e-01 2.79286593e-01 1.48158681e+00
    1.55891359e-01 5.29247642e-01 -9.99246418e-01 1.85320628e+00
    -7.97502100e-01 -3.01683903e-01 -6.68291271e-01 -7.58203149e-01
    -7.97150493e-01 3.00909042e-01 1.48608530e+00 -7.20775425e-01
    -2.54068282e-02 -6.69261932e-01 9.33387876e-01 6.95669711e-01
    -9.60690558e-01 -2.01057658e-01 -5.85452735e-01 -4.79164124e-01
    1.83941293e+00 -7.27101192e-02 -8.22775126e-01 2.42377400e+00
    4.27058116e-02 1.38748908e+00 4.91444290e-01 1.11559427e+00
    1.11485291e+00 1.39846861e+00 1.55485678e+00 8.39979351e-01
    -2.70464242e-01 1.49749207e+00 -4.76118416e-01 -4.56261873e-01
    -4.83770311e-01 1.31093717e+00 -3.70689154e-01 -3.85990411e-01
    1.93650210e+00 1.32257032e+00 -5.40561736e-01 1.81144142e+00
    4.17672753e-01 -5.87746739e-01 1.34176314e+00 2.13085171e-02
    5.81044614e-01 1.31063235e+00 -2.75541656e-02 8.07399571e-01
    1.10253692e+00 1.97899735e+00 6.23710692e-01 1.28140676e+00
    -3.76931667e-01 9.95952263e-02 1.75191510e+00 -8.02220106e-01
    1.35755169e+00 7.15033829e-01 1.48123109e+00 1.28463387e+00
    -7.47828484e-01 7.43171632e-01 1.25123274e+00 -2.75963068e-01
    1.53816104e+00 1.73683429e+00 -9.67628777e-01 1.59714437e+00
    1.43717706e+00 -2.68546671e-01 1.86943460e+00 1.56875920e+00
    -3.90066626e-03 1.13496959e+00 -4.21598107e-02 -8.17216635e-01
    1.99664509e+00 1.17704594e+00 -6.44202232e-01 -1.38763964e-01
    -9.01202440e-01 2.07578078e-01 2.56110907e-01 -6.88703775e-01
    6.75559342e-01 -8.25327337e-01 1.49376333e+00 -3.13172728e-01
    -1.77103225e-02 1.61073494e+00 -5.05647242e-01 1.65702379e+00
    -6.86400652e-01 1.66553736e+00 -6.48610234e-01 1.27399993e+00
    6.15199566e-01 -8.78019989e-01 -1.70769021e-01 -4.41352546e-01
    6.34141028e-01 1.50676918e+00 1.67637634e+00 -7.32993603e-01
    9.00540292e-01 1.03406882e+00 -6.13317132e-01 5.20805180e-01
    1.69086382e-01 5.99345081e-02 2.64063954e-01 1.17932093e+00
    8.14112425e-01 1.19820881e+00 -9.62889671e-01 2.05581173e-01
    -3.36351544e-01 -6.08630002e-01 1.65146613e+00 9.26018417e-01
    1.50545001e+00 1.51414752e+00 8.71900320e-02 -1.00545752e+00
    4.06891674e-01 5.87755978e-01 -4.35658306e-01 -4.03451353e-01
    -9.21823263e-01 -5.38835526e-01 6.24731481e-01 2.04909861e-01
    -1.40705183e-01 1.52802956e+00 8.52872729e-02 -6.48015738e-01
    5.51354885e-01 -2.99223661e-01 1.07770562e-01 -4.87048596e-01
    -4.26167518e-01 6.86924100e-01 -3.61407906e-01 -5.76592863e-01
    -2.20794827e-01 -2.06100732e-01 1.61212432e+00 1.54555666e+00
    5.11511445e-01 -5.02237260e-01 1.17159081e+00 1.04243839e+00
    2.70887375e-01 -9.55507159e-01 3.67320210e-01 -4.20985520e-02
    -2.96317041e-01 1.32816851e+00 1.48676181e+00 8.26008320e-02
    6.79542243e-01 3.42440993e-01 6.45413101e-01 8.84812921e-02
    1.04973114e+00 1.24725282e+00 -5.74833691e-01 1.05398774e+00
    1.57408559e+00 6.29565418e-01 -7.49259889e-01 1.13493788e+00
    1.95068133e+00 1.54565799e+00 3.55104864e-01 5.46897063e-03
    -2.38122661e-02 3.22945744e-01 4.79041100e-01 1.14790642e+00
    4.76884127e-01 2.27832839e-01 -3.39387059e-01 1.18184876e+00
    7.25807011e-01 1.86903095e+00 -8.66555035e-01 9.90601003e-01
    1.89332509e+00 2.14109242e-01 1.98155925e-01 1.31115019e+00
    -4.16481972e-01 -9.43460107e-01 1.67924333e+00 2.42975414e-01
    -6.89057037e-02 -4.30524647e-01 1.53024971e+00 1.07527149e+00
    6.06228858e-02 -2.77531296e-01 3.08593452e-01 -6.80348754e-01
    1.80395567e+00 6.25181139e-01 1.08131146e+00 5.50380766e-01
    -6.90575123e-01 5.14489889e-01 -4.82792735e-01 1.49389696e+00
    1.76527357e+00 1.68455327e+00 1.41213381e+00 2.16933355e-01
    -9.25086737e-01 -5.68341792e-01 4.43574280e-01 1.71429372e+00
    4.74858522e-01 1.32557821e+00 -6.41947627e-01 1.13702452e+00
    1.67696159e-02 -6.09541357e-01 5.41903004e-02 1.65193215e-01
    1.31835938e+00 2.35109448e-01 4.67784405e-01 1.27869260e+00
    1.22091627e+00 -2.24097949e-02 -1.00614667e+00 9.85373631e-02
    3.78580570e-01 -2.55011648e-01 1.24348009e+00 4.58673745e-01
    3.58651020e-02 3.73691291e-01 1.62583068e-01 3.12425971e-01
    9.42481682e-02 -6.97029829e-01 7.67992973e-01 1.44289672e+00
    -7.17811525e-01 8.84163141e-01 8.82849932e-01 1.03614366e+00
    9.94280875e-01 1.26764619e+00 -2.90464818e-01 1.79465294e+00
    -5.39960921e-01 9.76677239e-01 1.98991048e+00 2.62685776e-01
    4.46266979e-01 -3.18578869e-01 -9.81554613e-02 -7.10446596e-01
    1.38326025e+00 1.47461331e+00 -1.74045548e-01 -2.41207317e-01
    -2.80545671e-02 3.07819813e-01 7.81324413e-03 1.07355155e-01
    6.77458823e-01 5.24903476e-01 3.65037113e-01 1.64163661e+00
    -7.42249787e-01 -8.67175639e-01 -8.37335885e-01 3.74352664e-01
    5.55053577e-02 -5.66587567e-01 1.79357982e+00 5.19953668e-01
    -3.55721146e-01 -1.01413950e-01 9.08224881e-02 1.87416828e+00
    -1.31447271e-01 -1.48753831e-02 -2.72146642e-01 3.55010509e-01
    -7.25536570e-02 2.80757491e-02 -7.40800679e-01 -5.72945654e-01
    3.75167966e-01 1.60952306e+00 -9.24648404e-01 -8.91744792e-01
    1.76279867e+00 6.64898396e-01 3.21801126e-01 1.81009340e+00
    1.25690651e+00 1.77392232e+00 1.09969568e+00 1.27487981e+00
    1.71034145e+00 7.78412282e-01 7.63250887e-01 1.34930015e+00
    -5.96908510e-01 1.46048451e-02 1.07363236e+00 1.55317748e+00
    1.36670387e+00 1.53700221e+00 1.13307583e+00 -2.92311162e-02
    1.29840648e+00 1.59724689e+00 1.06420326e+00 1.54533660e+00
    1.27223825e+00 1.36051893e+00 -9.60136831e-01 -4.81065571e-01
    -3.49122435e-01 4.56518173e-01 1.64262187e+00 -1.30272880e-01
    1.98269331e+00 5.50194144e-01 8.26628864e-01 5.74846327e-01
    1.95723832e+00 -6.72003150e-01 1.53698134e+00 2.28838876e-01
    1.90700197e+00 -5.81149518e-01 1.53884506e+00 4.84985262e-01
    1.83152986e+00 -6.27453864e-01 1.61951506e+00 3.67897332e-01
    1.92885649e+00 1.47293305e+00 -8.35421860e-01 1.35778582e+00
    3.11384737e-01 -3.98181170e-01 9.89818394e-01 1.31042504e+00
    8.26792896e-01 1.01477897e+00 5.08127630e-01 -2.64910430e-01
    2.69712090e-01 9.59672570e-01 -1.22195028e-01 -2.61172861e-01
    -3.13609451e-01 1.85706508e+00 1.88311410e+00 1.83699775e+00
    1.80530608e+00 1.81125355e+00 -1.03114374e-01 1.67827570e+00
    7.51657262e-02 7.22933352e-01 -8.33111346e-01 1.49115372e+00
    1.55256820e+00 1.32334936e+00 9.25693572e-01 6.47344828e-01
    1.71935070e+00 1.40160370e+00 -3.24337780e-01 1.10703325e+00
    9.63478029e-01 1.30461836e+00 1.39546549e+00 -9.97052014e-01
    1.42090774e+00 1.89317942e+00 1.74599564e+00 7.06818700e-01
    -4.61884558e-01 1.32510448e+00 1.56603575e-01 1.53288931e-01
    3.08252871e-01 1.11913955e+00 3.53093177e-01 -4.40082699e-02
    1.74161696e+00 1.62249649e+00 -2.47421816e-01 1.05131793e+00
    4.24013644e-01 -3.33360702e-01 7.65596807e-01 6.77613497e-01
    1.12238109e+00 5.70581853e-01 1.40098619e+00 2.01505646e-02
    -5.10590315e-01 -4.92175043e-01 8.11772287e-01 1.74643242e+00
    1.55000162e+00 1.80632067e+00 4.69975099e-02 1.75955629e+00
    1.15965044e+00 8.76054943e-01 1.07495451e+00 1.60848522e+00
    -7.08590388e-01 9.14110541e-01 1.05374205e+00 -2.81420022e-01
    1.78494012e+00 -3.35177511e-01 -4.63159531e-01 -4.26064253e-01
    1.82893384e+00 3.47922474e-01 1.43632901e+00 6.12405837e-01
    -6.75173700e-01 5.74798942e-01 1.16641559e-01 1.53862965e+00
    1.45081127e+00 -8.43095541e-01 5.59438229e-01 -8.61630797e-01
    -6.31037831e-01 4.72736150e-01 -1.08302087e-01 1.28624535e+00
    1.01804757e+00 6.87574923e-01 5.08591950e-01 -1.23250157e-01
    -4.23258752e-01 -9.10647392e-01 9.09774899e-01 -6.30165815e-01
    1.43854785e+00 -2.12181672e-01 7.45332897e-01 1.04477739e+00
    6.33507431e-01 5.92733145e-01 -4.69160765e-01 1.64449036e+00
    -1.24583848e-01 1.68532670e+00 1.05238929e-01 -1.59268547e-02
    -7.04002559e-01 -1.93112060e-01 1.12620699e+00 -9.40536857e-01
    4.42118376e-01 7.24865794e-01 2.72829950e-01 -8.45881283e-01
    4.71553206e-01 1.72393501e+00 1.21108818e+00 1.63394678e+00
    1.37623405e+00 -8.87731135e-01 5.22426404e-02 -9.06371593e-01
    1.91833091e+00 -8.33522260e-01 1.17851698e+00 6.97919726e-01
    -4.77393329e-01 1.86722541e+00 1.91818535e+00 8.58332574e-01
    -8.56610000e-01 1.49778163e+00 6.45995378e-01 -6.88555300e-01
    -8.81405652e-01 -6.71945810e-01 2.42046162e-01 -9.09032643e-01
    1.18059564e+00 1.06847000e+00 1.89394248e+00 -1.14281371e-01
    1.65145588e+00 2.39749491e-01 4.36811864e-01 1.24502301e+00
    1.79701805e+00 -6.68004632e-01 5.40054500e-01 3.88297737e-01
    2.89137661e-01 1.71169436e+00 -7.34259427e-01 1.34657431e+00
    -3.29908580e-01 1.02284700e-01 9.41582203e-01 9.85103607e-01
    1.85379517e+00 1.56900656e+00 1.07460964e+00 -8.29145685e-02
    1.12330019e+00 9.39435601e-01 -2.59202152e-01 7.30818808e-01
    1.86039543e+00 2.55876273e-01 1.25875938e+00 2.78868651e+00
    -8.91103208e-01 8.17355633e-01 5.97598851e-02 1.76156580e+00
    4.86633807e-01 1.04941092e-01 7.47135580e-01 1.47257054e+00
    2.14478686e-01 -9.40517068e-01 9.50460196e-01 -6.10835515e-02
    3.65049273e-01 1.88979775e-01 9.62731466e-02 1.84439850e+00
    -8.33622992e-01 -3.57867986e-01 9.98494253e-02 1.73152637e+00
    1.38463914e+00 1.84677899e+00 1.99463651e-01 -9.09251630e-01
    -3.70952934e-01 -1.00832295e+00 -1.07185863e-01 7.06168592e-01
    1.68980026e+00 -5.06224632e-02 3.32489349e-02 4.70686018e-01
    1.16600141e-01 1.19493997e+00 8.78462732e-01 1.75249302e+00
    6.57375038e-01 7.44858027e-01 -1.17450811e-01 1.43486941e+00
    -5.36668360e-01 2.49992698e-01 -6.75325871e-01 1.80516839e+00
    -2.00600728e-01 5.93682587e-01 4.11389232e-01 1.34346914e+00
    6.25986338e-01 -6.49738729e-01 -7.18457937e-01 1.38975132e+00
    6.34404778e-01 6.76064610e-01 1.09634531e+00 -6.03580892e-01
    1.92267621e+00 -6.61579192e-01 -3.65232438e-01 -7.92898595e-01
    1.97152495e+00 1.52474439e+00 1.39400053e+00 3.91949713e-01
    -4.30540591e-01 -3.47102135e-01 1.37314939e+00 2.04196239e+00
    1.55222714e-01 -6.75716579e-01 -5.86318970e-01 -6.59630239e-01
    7.41936922e-01 1.24061918e+00 -7.18338847e-01 1.17814195e+00
    -8.99463594e-02 -8.05156589e-01 -9.06770229e-02 1.93314090e-01
    3.38740379e-01 -3.01852971e-01 1.32478786e+00 -5.80350263e-03
    -6.22598112e-01 -6.13242626e-01 -9.44623411e-01 2.05299929e-01
    -4.81374323e-01 1.42131174e+00 -3.56804848e-01 8.35712612e-01
    -8.94188225e-01 3.61992009e-02 1.90846372e+00 1.64472950e+00
    -3.74936968e-01 1.74937797e+00 1.35367644e+00 1.70533144e+00
    -4.20697153e-01 -6.24724448e-01 1.08786881e+00 2.57682770e-01
    1.01961601e+00 1.09719145e+00 -3.86423051e-01 6.06252313e-01
    1.10057391e-01 1.87574911e+00 -4.40240413e-01 1.56325638e+00
    -7.22784281e-01 -4.24752593e-01 -6.93912506e-02 -2.06237026e-02
    -5.29330015e-01 7.38130748e-01 1.90738332e+00 1.21488285e+00
    -4.57412153e-01 1.15152407e+00 -3.34805816e-01 1.34000170e+00
    5.21122403e-02 -4.24469590e-01 -8.33943486e-01 1.77340400e+00
    1.42274058e+00 1.09937382e+00 4.13356572e-01 -3.33743185e-01
    -8.79876733e-01 1.30976939e+00 -9.56151068e-01 1.40780818e+00
    1.19486594e+00 1.24280381e+00 1.11332452e+00 -5.79112351e-01
    1.91440380e+00 -9.13378358e-01 -5.78592598e-01 1.80150211e+00
    -2.18269736e-01 1.50340867e+00 -1.10382035e-01 -6.12110615e-01
    1.47584474e+00 1.94735241e+00 7.09448159e-01 -5.69821537e-01
    7.69251764e-01 2.32975855e-01 9.14261639e-01 -5.83016753e-01
    -2.21149996e-01 -4.26962227e-01 5.45986533e-01 -3.08901906e-01
    1.88630462e+00 2.01826736e-01 1.51521719e+00 2.27176677e-03
    1.42588067e+00 -3.57810557e-01 1.08477569e+00 2.17038929e-01
    1.10799313e+00 7.89501548e-01 1.72044325e+00 8.75856221e-01
    -7.79451728e-02 8.24262083e-01 1.61826265e+00 2.03929823e-02
    1.12961566e+00 5.46054363e-01 -6.49231017e-01 8.50686193e-01
    8.24425280e-01 -5.60233533e-01 -4.08917934e-01 -8.22571516e-01
    -1.09594092e-01 -1.11593930e-02 5.09939671e-01 -1.03140742e-01
    -7.73107350e-01 -4.77186181e-02 3.51175338e-01 3.41143698e-01
    5.33883870e-01 1.10760927e+00 6.45357609e-01 4.11200374e-02
    -5.78168511e-01 1.38602090e+00 1.64249587e+00 1.32043064e+00
    1.44274104e+00 -4.58328813e-01 -8.56880188e-01 5.83162785e-01
    -3.06493282e-01 1.02502525e+00 6.55133307e-01 1.40463495e+00
    1.47100478e-01 1.14667118e+00 1.39292169e+00 3.60368937e-01
    -6.78936422e-01 5.54730594e-01 1.24772799e+00 1.04158990e-01
    -7.61606157e-01 1.90358591e+00 8.41072500e-01 -6.96937978e-01
    7.67134964e-01 2.50016481e-01 1.87611830e+00 -8.25799942e-01
    9.89073038e-01 7.47876287e-01 -9.64228153e-01 4.10108835e-01
    1.26635563e+00 -2.88909584e-01 1.63385665e+00 1.31430137e+00
    1.88018286e+00 1.70533478e+00 1.59690261e+00 1.64146757e+00
    7.69086123e-01 -7.94761300e-01 1.22321689e+00 3.90718967e-01
    1.54935348e+00 7.06493199e-01 -3.49705577e-01 2.88392901e-01
    -2.28272825e-01 1.81656682e+00 8.63031924e-01 -3.93983006e-01
    5.86176574e-01 1.64296186e+00 1.13183689e+00 1.13974392e+00
    2.34818116e-01 -1.07930027e-01 -6.13564491e-01 1.68585405e-01
    5.70128143e-01 1.15623915e+00 1.93807173e+00 1.76808691e+00
    5.71443319e-01 1.93517900e+00 -2.77191460e-01 2.47665942e-01
    -9.47250068e-01 2.67961413e-01 1.01171851e+00 8.92036796e-01
    1.65628457e+00 5.02876163e-01 1.48205435e+00 7.28229165e-01
    -1.01970777e-01 1.42162311e+00 1.53369999e+00 -7.20794261e-01
    4.10642922e-01 6.79241657e-01 1.75253797e+00 1.58822954e+00
    1.34508824e+00 1.40955055e+00 -4.08603430e-01 -4.66212153e-01
    -9.10949290e-01 1.62159574e+00 2.66687065e-01 9.89398137e-02
    3.41335773e-01 1.16676533e+00 4.58258063e-01 9.15469229e-02
    1.88752222e+00 2.79464126e-01 6.26347125e-01 -7.89863825e-01
    -7.40610301e-01 1.84276545e+00 1.86525333e+00 1.08254266e+00
    -6.06701612e-01 -4.43416685e-01 -8.45814168e-01 2.09341377e-01
    1.67977798e+00 1.70785928e+00 1.42198741e+00 1.72862613e+00
    5.16794063e-02 1.25393295e+00 -8.02271366e-01 -3.73018384e-01
    1.24908078e+00 7.30715275e-01 1.60383916e+00 6.57218277e-01
    5.82090914e-01 -6.86155379e-01 2.02326924e-02 -3.47439975e-01
    3.28776121e-01 -3.29714328e-01 7.65269637e-01 -4.23576087e-01
    1.48047101e+00 8.00519168e-01 7.97639668e-01 1.89483690e+00
    5.86316705e-01 1.73539639e+00 1.97345352e+00 7.23028064e-01
    -5.27072430e-01 -8.05609047e-01 -6.01322412e-01 -9.32411313e-01
    7.58768976e-01 1.55904329e+00 8.41180801e-01 1.36816233e-01
    1.04888789e-01 1.88602221e+00 1.26518047e+00 -7.40354002e-01
    1.52373838e+00 6.89444780e-01 -6.02341533e-01 9.46112990e-01
    -7.79021204e-01 -8.36401820e-01 1.78140569e+00 1.34982198e-01
    1.60353673e+00 1.62168026e+00 -1.82504550e-01 1.69973886e+00
    -6.70042872e-01 -7.28904903e-01 1.77425838e+00 1.37911856e+00
    1.44436324e+00 1.85113192e+00 1.26185536e+00 -7.47189820e-01
    1.56163228e+00 1.86220527e+00 1.33853960e+00 -5.03605783e-01
    3.97879213e-01 1.85299599e+00 4.84822780e-01 1.23350406e+00
    1.78605318e-01 1.61937571e+00 -2.60425240e-01 4.29941297e-01
    1.63092315e+00 -1.07247159e-01 -7.58260667e-01 1.54948664e+00
    1.68702900e+00 4.14246023e-01 2.09876090e-01 -2.29561269e-01
    -3.48135412e-01 -5.02316594e-01 8.49741101e-01 1.89708602e+00
    3.17469746e-01 1.04711783e+00 8.92514169e-01 -8.62672031e-02
    9.82268691e-01 -3.51087183e-01 -5.89782819e-02 8.72188807e-01
    -3.55696619e-01 1.71515751e+00 1.18255699e+00 1.86982363e-01
    9.45755422e-01 -4.51787621e-01 5.21804571e-01 -3.82534079e-02
    -6.92457139e-01 7.88097501e-01 9.43595052e-01 1.62298930e+00
    -8.08627367e-01 5.11230350e-01 3.93038243e-02 1.80350983e+00
    3.46198119e-02 1.04038775e+00 2.87612885e-01 7.15564728e-01
    -8.20140600e-01 8.70251477e-01 1.07922602e+00 1.84668171e+00
    3.36220175e-01 7.09071398e-01 1.28493285e+00 6.38878226e-01
    8.62110972e-01 1.61441362e+00 3.02786887e-01 3.34911793e-01
    -3.07423532e-01 3.00515980e-01 1.33514380e+00 1.60286105e+00
    1.26894438e+00 6.68143809e-01 8.44004810e-01 7.05216765e-01
    4.87070918e-01 -5.61103404e-01 7.45728433e-01 2.53403068e-01
    3.03534418e-01 1.98332414e-01 -7.39317298e-01 1.31223232e-01
    6.98637307e-01 -4.37113643e-01 1.66659522e+00 -4.35696281e-02
    -6.67834520e-01 1.63530016e+00 2.00333691e+00 -4.36030656e-01
    1.25570863e-01 6.28409609e-02 1.54423726e+00 1.07929409e+00
    2.83494115e-01 1.08394754e+00 1.45679033e+00 1.13412583e+00
    1.12843561e+00 1.84963512e+00 -4.88139279e-02 3.29379916e-01
    1.67683148e+00 -1.33258104e-01 1.55104458e+00 -5.30190945e-01
    9.99713600e-01 3.34441751e-01 5.40237665e-01 1.52080283e-01
    8.23822394e-02 -8.41235667e-02 4.37912583e-01 1.48910856e+00
    1.63963938e+00 -2.79946506e-01 2.41050765e-01 -1.56138510e-01
    1.92344964e+00 -3.50045025e-01 2.91425228e-01 -4.02602315e-01
    5.53478360e-01 3.83701354e-01 -2.34264702e-01 4.20087218e-01
    1.09081483e+00 1.94801784e+00 -8.43027711e-01 1.47593403e+00
    3.80037516e-01 5.05340040e-01 2.85173059e-01 9.35321152e-01
    1.58164501e+00 -1.10790841e-02 1.58710349e+00 5.96374631e-01
    1.08513618e+00 -7.10967243e-01 5.10149658e-01 9.50518906e-01
    -9.16098297e-01 -7.53471792e-01 1.01641119e+00 -8.13299060e-01
    1.19566882e+00 6.98149681e-01 -7.10120857e-01 2.89376640e+00
    -7.29944468e-01 7.36743569e-01 4.78213638e-01 -9.44472849e-01
    1.03604424e+00 9.14841950e-01 -2.51544416e-02 -5.36203027e-01
    -6.15727436e-03 1.90510893e+00 8.14973652e-01 1.80810475e+00
    -3.20127875e-01 1.73352194e+00 7.19843507e-01 1.84344113e+00
    -2.44017262e-02 1.20124817e+00 5.06895110e-02 -9.02116776e-01
    1.01287317e+00 1.92308173e-01 4.79606003e-01 1.33711731e+00
    1.68144476e+00 -9.62601125e-01 1.78271687e+00 -7.90370464e-01
    1.29952991e+00 -6.78905308e-01 -5.80205798e-01 -3.54429603e-01
    -6.95667028e-01 2.05725461e-01 1.80972195e+00 1.59867033e-01
    1.60498357e+00 2.94299930e-01 -6.92549765e-01 1.84663200e+00
    3.07437509e-01 5.94658673e-01 1.46993363e+00 -3.38387817e-01
    2.31672943e-01 4.20268983e-01 2.43191987e-01 -8.30280960e-01
    3.72360438e-01 -3.71426716e-02 1.30319917e+00 -6.84794426e-01
    1.38630795e+00 -1.17729262e-01 1.43627572e+00 -3.36824805e-02
    -4.51441854e-01 5.67383289e-01 -4.29836452e-01 9.76249874e-01
    1.34887135e+00 1.68627870e+00 1.93606806e+00 1.82915616e+00
    1.18069196e+00 -2.13579237e-02 -5.30554950e-02 4.22102720e-01
    8.42943668e-01 -8.55649769e-01 4.45934683e-01 -8.09028208e-01
    1.05230188e+00 -3.77273187e-02 1.24399066e+00 -1.87446207e-01
    1.78189111e+00 1.86439991e+00 1.15820622e+00 -2.88708925e-01
    7.13879764e-01 1.90029788e+00 1.59706724e+00 -4.91693079e-01
    9.15146649e-01 -8.31985414e-01 1.52576733e+00 2.05847427e-01
    -7.16815591e-01 4.55967635e-01 -3.41229432e-04 3.33762944e-01
    6.50486171e-01 1.72777307e+00 1.83063006e+00 -7.27230430e-01
    1.12168777e+00 7.82056570e-01 -2.22746268e-01 5.49253225e-01
    -9.38494623e-01 -2.18159258e-01 1.08629596e+00 4.43576902e-01
    1.83185685e+00 1.10013187e+00 1.40738308e+00 1.07503700e+00
    1.41197956e+00 -6.68186843e-01 -3.28430563e-01 7.85203218e-01
    1.51347909e-02 1.04615189e-01 -7.55283684e-02 1.68226302e+00
    -1.35991117e-02 -6.61573708e-01 -2.06584573e-01 -4.62709486e-01
    -6.91341758e-02 4.24821913e-01 -7.81614661e-01 -6.73051417e-01
    7.31348932e-01 2.13943511e-01 1.55273139e+00 -3.64265025e-01
    1.67501807e+00 -5.36074899e-02 1.76190317e+00 9.56219971e-01
    1.22008109e+00 6.57426864e-02 7.82352388e-01 1.72465110e+00
    7.94345260e-01 5.38552284e-01 -7.59554803e-01 -8.81587863e-01
    2.47458652e-01 1.47663486e+00 -8.48529637e-02 -9.24703956e-01
    -4.28234637e-01 -2.99079359e-01 -7.00450659e-01 6.10628247e-01
    9.59326982e-01 3.51385504e-01 -1.34429142e-01 1.76414835e+00
    1.96347916e+00 1.38065979e-01 1.12392962e+00 3.52816731e-02
    -5.32158315e-01 -7.86593258e-01 1.73910534e+00 7.81656742e-01
    2.05013022e-01 1.43542552e+00 7.52158463e-01 2.66058028e-01
    8.29831660e-01 9.94389951e-01 1.38605738e+00 -2.29836121e-01
    7.38130927e-01 1.25701725e+00 -3.76963854e-01 1.63264549e+00
    -6.27824306e-01 1.61624208e-01 1.78544998e+00 1.71189868e+00
    4.95468915e-01 3.95856082e-01 4.54912961e-01 1.01837134e+00
    1.61322439e+00 -5.36269426e-01 3.53665233e-01 5.27008533e-01
    -5.96427739e-01 -3.50841820e-01 -6.15020096e-01 1.92407358e+00
    5.81488967e-01 8.16378713e-01 -4.88161802e-01 1.58616149e+00
    5.12324989e-01 1.30404961e+00 -6.84597671e-01 1.08998501e+00
    1.57906204e-01 5.78974903e-01 -5.23486316e-01 1.71925557e+00
    1.33541036e+00 -8.84344637e-01 1.02673090e+00 -5.74902892e-01
    1.73107743e+00 1.89945352e+00 1.35356218e-01 1.33189273e+00
    -3.97581547e-01 3.06986839e-01 8.07640553e-01 1.08251560e+00
    1.65946329e+00 1.62136817e+00 1.12183122e-02 3.97629231e-01
    1.31728923e+00 1.65588772e+00 1.53093010e-01 1.03747189e+00
    -1.97224632e-01 -6.25408590e-02 1.23688412e+00 -6.18369162e-01
    1.56334221e+00 1.86120510e+00 1.82709420e+00 -6.90123498e-01
    -4.69033122e-01 1.03677273e+00 -8.39035928e-01 -3.10500771e-01
    -4.25331771e-01 -5.00283897e-01 -2.64386181e-02 -8.08409154e-01
    -6.95533335e-01 6.16247356e-01 1.68306756e+00 -3.63472730e-01
    -9.01252806e-01 1.54531550e+00 1.14098310e+00 8.86933565e-01
    -4.78424042e-01 1.56250417e+00 6.35915399e-02 1.58807504e+00
    -5.30953556e-02 -1.00769497e-01 9.36110377e-01 1.84533179e+00
    -5.40214598e-01 -2.35890493e-01 8.81477177e-01 9.29422617e-01
    -5.30800104e-01 1.59391105e-01 6.16056919e-02 -8.06617081e-01
    4.15631950e-01 6.02665365e-01 4.02624369e-01 1.13938034e+00
    6.80133104e-01 -5.77347755e-01 -9.38022792e-01 4.03651327e-01
    1.19609070e+00 3.80686224e-01 9.11076367e-01 -2.85127878e-01
    1.40057945e+00 1.62728882e+00 -4.33775097e-01 1.36067283e+00
    1.64467704e+00 3.34499538e-01 1.15592706e+00 7.10908353e-01
    3.24944317e-01 1.14107871e+00 1.26045036e+00 2.48864710e-01
    5.69494843e-01 -8.07300806e-01 1.47398055e+00 -2.47430384e-01
    -1.75069407e-01 -1.76006630e-01 1.52991915e+00 -8.98106277e-01
    -3.74889344e-01 1.58310246e+00 -4.47832435e-01 4.06878054e-01
    1.77944720e-01 1.07861114e+00 9.83210683e-01 -6.72823370e-01
    1.46576285e+00 -9.43598866e-01 1.47935641e+00 -6.04250431e-01
    -6.96875036e-01 -1.21398248e-01 1.72548950e-01 8.83596659e-01
    9.99558568e-01 2.77241260e-01 1.23592222e+00 1.22249508e+00
    -2.89979517e-01 -2.85556525e-01 1.67166638e+00 -9.22807902e-02
    -6.17668688e-01 9.99201596e-01 2.55164593e-01 1.00133872e+00
    4.90070939e-01 1.95531940e+00 -8.66961360e-01 1.50292325e+00
    -7.20680118e-01 8.55926573e-02 5.05964100e-01 -4.47531849e-01
    1.26470184e+00 -1.31869331e-01 1.60230219e+00 -2.47507304e-01
    1.18708301e+00 1.23921239e+00 4.90141153e-01 1.67393899e+00
    1.31488597e+00 1.03411388e+00 1.58203989e-01 -6.12094849e-02
    -6.92942977e-01 9.79444742e-01 1.55086565e+00 6.87940717e-01
    1.06079364e+00 1.56296849e+00 -3.35347474e-01 1.53320849e-01
    -6.23886287e-01 1.58760786e-01 4.79116499e-01 -9.14793074e-01
    -4.60513830e-01 2.67323971e-01 -5.64149559e-01 9.05162573e-01
    -3.44361633e-01 -9.85074759e-01 -9.88537550e-01 -5.44491172e-01
    1.21092784e+00 1.43645334e+00 -8.49946082e-01 -9.68206882e-01
    6.26871884e-01 -6.90935671e-01 6.01037502e-01 9.12763104e-02
    -4.51868802e-01 1.48534477e+00 -3.86664182e-01 4.97140229e-01
    1.22845578e+00 9.96473670e-01 9.84893441e-01 -1.89179674e-01
    1.20805025e-01 1.88977098e+00 1.11778080e+00 1.04624426e+00
    1.93696225e+00 7.50364840e-01 3.33462954e-02 1.63398862e+00
    3.77298854e-02 3.59859198e-01 1.03097093e+00 -7.32937157e-01
    -8.23440790e-01 9.22361910e-01 1.15383732e+00 9.93658423e-01
    -7.02933311e-01 1.58447027e+00 1.50768781e+00 -5.11874370e-02
    4.71694618e-01 1.39072311e+00 7.28603482e-01 1.11270666e+00
    -9.20045912e-01 4.61679906e-01 1.67404175e+00 1.80890524e+00
    1.05336809e+00 1.06092766e-01 1.20962226e+00 1.94100320e+00
    8.80912542e-02 -2.46532217e-01 -8.14753890e-01 1.14153647e+00
    -2.64840066e-01 -7.87367642e-01 1.20395291e+00 3.18677962e-01
    6.11463964e-01 -1.34536713e-01 -5.26053548e-01 4.62355018e-01
    -4.55693081e-02 -3.20094168e-01 7.94949412e-01 -6.53596580e-01
    -3.73553127e-01 1.40573394e+00 6.81933224e-01 9.59352970e-01
    1.35643184e+00 -6.04382157e-01 4.11036193e-01 3.57471942e-03
    8.76222730e-01 1.83962440e+00 1.38602686e+00 1.41965628e+00
    -4.14805561e-01 1.26841843e+00 3.55089456e-01 4.77813154e-01
    -6.00010693e-01 1.98511139e-01 -2.83678085e-01 1.39609468e+00
    3.43931675e-01 -2.60514051e-01 3.91651958e-01 7.90387809e-01
    -1.57518178e-01 1.23091066e+00 -3.88098389e-01 7.51052082e-01
    2.52662390e-01 -3.91577035e-01 4.79796290e-01 1.38382405e-01
    -6.67426705e-01 3.79038155e-02 1.42520547e+00 6.18043125e-01
    -1.47912771e-01 -6.41133010e-01 1.35663316e-01 -3.42314243e-01
    1.73988199e+00 -4.12886590e-01 3.28530252e-01 1.14252639e+00
    -6.77400947e-01 3.19664657e-01 -5.14015406e-02 -5.22228181e-01
    1.05076218e+00 1.33618617e+00 3.87461036e-01 8.79530787e-01
    1.22421837e+00 -2.26527452e-01 -3.33331317e-01 2.96355635e-01
    1.80273902e+00 1.46794856e+00 1.74906123e+00 -1.28775388e-01
    3.99957597e-01 7.61340737e-01 -5.62839150e-01 -5.90489447e-01
    7.63070524e-01 1.35916397e-02 9.11669850e-01 1.88544929e+00
    -5.11860549e-01 -3.70129526e-01 1.76196051e+00 1.55434191e+00
    1.43531561e+00 -1.01455331e+00 -7.50259757e-01 -8.63285840e-01
    1.59060895e+00 6.93866789e-01 1.77048171e+00 1.02567935e+00
    4.46502030e-01 6.17882460e-02 1.86442804e+00 -4.15767461e-01
    1.45947695e-01 2.35612944e-01 -1.78457320e-01 2.85943675e+00
    -8.11716259e-01 1.92770779e+00 6.91245556e-01 -8.16670716e-01
    4.97939080e-01 1.75055242e+00 -5.21963716e-01 1.75070834e+00
    2.87562191e-01 1.51745641e+00 1.43181109e+00 1.50643265e+00
    2.93390572e-01 2.44848907e-01 5.20219922e-01 1.47343457e+00
    7.52213955e-01 1.29029894e+00 8.15483749e-01 5.56439757e-01
    -7.37783015e-01 -1.21398948e-01 1.27398193e+00 -4.62511741e-02
    5.82461953e-01 1.33296537e+00 1.45394981e+00 1.09771073e+00
    1.44641697e+00 1.26844239e+00 -3.05162281e-01 -6.55208349e-01
    1.75439954e+00 -1.32065102e-01 2.99113721e-01 -2.24578619e-01
    7.00267017e-01 6.83677375e-01 -5.66972792e-01 -7.46159017e-01
    1.75802839e+00 8.91404271e-01 7.80600607e-01 1.85068750e+00
    -6.69521689e-01 -6.68751240e-01 -5.22494435e-01 1.89089620e+00
    1.82637203e+00 -5.77415287e-01 -1.35354310e-01 6.15643084e-01
    1.37981009e+00 -3.27863336e-01 -5.42519271e-01 -5.80267131e-01
    3.75319600e-01 3.54566306e-01 7.09365249e-01 -1.54579878e-01
    -3.29075873e-01 -8.08855772e-01 1.59050548e+00 8.17382455e-01
    -7.71777213e-01 1.30265141e+00 -6.92300797e-01 4.95672375e-01
    -7.57463515e-01 5.44549167e-01 -3.53512496e-01 -4.47907418e-01
    -3.43548089e-01 -8.17514956e-02 2.06980848e+00 -1.73455611e-01
    -2.32156128e-01 1.85076725e+00 -8.43048215e-01 1.56041062e+00
    1.91344845e+00 -9.54797328e-01 1.85390246e+00 5.98234415e-01
    -3.86598349e-01 1.78921318e+00 1.42159605e+00 -2.27775797e-01
    3.21121722e-01 1.70395613e-01 7.32625842e-01 -5.91593623e-01
    2.48593897e-01 6.18951023e-01 6.52155280e-01 7.95892835e-01
    6.53050482e-01 5.52591681e-01 2.70108104e-01 -1.04951464e-01
    1.79189742e+00 7.74851561e-01 6.08694375e-01 1.14540052e+00
    7.44308889e-01 1.75958729e+00 1.74529552e+00 -8.78944874e-01
    -2.34850973e-01 1.21441483e-01 1.82466221e+00 -2.62250334e-01
    2.80611575e-01 1.35869241e+00 1.80480611e+00 -1.30146500e-02
    5.58529496e-01 2.54969448e-01 -5.11373520e-01 1.46719623e+00
    4.42770660e-01 3.80891003e-02 3.56377333e-01 1.35570168e+00
    1.03387868e+00 2.92367071e-01 1.95778623e-01 1.35877371e+00
    -1.11474870e-02 -8.60636294e-01 -3.60911161e-01 8.65949750e-01
    3.94271284e-01 1.85080183e+00 -4.84366894e-01 1.09465206e+00
    4.83060837e-01 -7.66318202e-01 1.36969173e+00 4.84733850e-01
    8.76976371e-01 1.37728333e+00 -8.62518609e-01 -9.00532603e-01
    1.00860488e+00 -3.21145430e-02 -8.80969524e-01 -8.71020108e-02
    -6.00362010e-02 -4.18085873e-01 8.85648608e-01 1.87626195e+00
    -8.23042870e-01 -4.99411970e-01 -1.11348249e-01 -1.08811192e-01
    -7.98069239e-01 1.80947292e+00 1.56289804e+00 -3.03921290e-02
    -3.35672498e-01 -4.93974447e-01 1.13047051e+00 1.18479252e+00
    9.44187641e-01 -7.75683880e-01 -5.18026203e-02 1.05791606e-01
    -9.48712409e-01 1.07835174e+00 -2.06002280e-01 -6.68481767e-01
    -4.05872643e-01 1.81625545e-01 8.00901592e-01 -9.67185855e-01
    1.11963928e+00 1.76533556e+00 5.83832800e-01 3.39287102e-01
    -1.75385684e-01 1.73912990e+00 -4.47769761e-01 1.51608384e+00
    -1.00697257e-01 8.38671803e-01 -4.87811953e-01 1.62584901e+00
    -7.76214957e-01 1.21049285e+00 1.60759449e+00 9.84712780e-01
    -7.60151148e-01 1.84974039e+00 2.21766949e-01 -9.41746116e-01
    1.35327196e+00 1.63792288e+00 3.30907218e-02 1.42959869e+00
    4.14393507e-02 1.68519497e+00 1.72755718e+00 5.19582012e-04
    1.01924622e+00 1.81753445e+00 5.50555825e-01 8.84411573e-01
    1.69929600e+00 1.00354791e+00 4.32505570e-02 -5.15385643e-02
    -8.86488378e-01 6.48198724e-01 1.54690003e+00 1.20559263e+00
    1.41527331e+00 1.23263991e+00 -2.90120333e-01 -3.50605726e-01
    3.43626887e-01 4.58505422e-01 -5.78225076e-01 1.40372338e-02
    6.17727518e-01 6.43767059e-01 -3.92777711e-01 1.27541637e+00
    -5.57619214e-01 1.75515747e+00 1.76166248e+00 -9.16877985e-01
    -4.49261934e-01 1.00026631e+00 2.25608304e-01 1.80630434e+00
    7.38441110e-01 -5.97589239e-02 7.38794148e-01 6.33414507e-01
    1.25633764e+00 1.18053484e+00 3.24323237e-01 1.91861153e+00
    -7.04964757e-01 -1.85051203e-01 -2.75704205e-01 2.32023314e-01
    -1.33030057e-01 4.55475561e-02 -6.20815158e-01 1.32112134e+00
    1.80508626e+00 1.80477202e+00 4.36804354e-01 2.62017202e+00
    -2.08545089e-01 7.42587686e-01 8.52100432e-01 1.26982331e+00
    1.65005398e+00 -6.34237468e-01 9.44331884e-01 1.46403754e+00
    -1.49211586e-01 -7.09600031e-01 8.02052766e-02 7.15442657e-01
    9.56452370e-01 2.51153290e-01 9.02528048e-01 3.89518559e-01
    1.73104870e+00 -4.32640463e-02 1.21300685e+00 1.30352008e+00
    -1.02838957e+00 8.78450871e-01 7.88130999e-01 5.56232333e-01
    3.28240633e-01 -6.92827761e-01 1.34674847e+00 1.35339081e+00
    1.42261779e+00 -4.82555404e-02 2.54225470e-02 -1.33992791e-01
    -6.50586903e-01 -4.11208898e-01 1.72937644e+00 1.03725696e+00
    2.33418614e-01 1.78072405e+00 3.90781045e-01 1.89670670e+00
    5.22683144e-01 -2.69064397e-01 4.05535847e-01 1.29997051e+00
    4.90388393e-01 8.14499613e-03 -5.79078376e-01 1.27792728e+00
    1.35123229e+00 1.02928567e+00 1.68170869e+00 -6.89195469e-02
    -9.43539858e-01 1.36648464e+00 1.96760044e-01 6.53245568e-01
    6.60040498e-01 1.83942449e+00 1.40362024e+00 1.75914598e+00
    1.20718992e+00 -5.23732483e-01 3.08984488e-01 1.80139983e+00
    -5.77522457e-01 -9.01223540e-01 1.48740602e+00 1.80747402e+00
    9.95199144e-01 3.53454232e-01 2.82927662e-01 9.37163234e-01
    -5.08240521e-01 -3.67780268e-01 8.59383225e-01 -3.72123837e-01
    2.07744777e-01 1.44949865e+00 -7.81894624e-01 1.93429434e+00
    2.05526009e-01 2.70987861e-02 7.34289646e-01 8.25255632e-01
    -7.18310356e-01 9.00581956e-01 1.09489930e+00 -9.40304518e-01
    5.96616983e-01 7.12025166e-01 2.71629006e-01 6.07966661e-01
    1.29623628e+00 -3.76045763e-01 -2.66608357e-01 4.32830444e-03
    1.29936099e+00 1.13784432e+00 5.83568849e-02 1.86771405e+00
    1.48854804e+00 -3.52749854e-01 9.47977364e-01 3.34446639e-01
    4.48139280e-01 7.53021598e-01 4.22642618e-01 1.88935268e+00
    2.62706637e-01 7.34315574e-01 -4.47669029e-02 1.14121258e+00
    -4.25716639e-01 -2.70377118e-02 5.58327258e-01 9.41610754e-01
    1.76217091e+00 2.34836787e-01 1.48668563e+00 3.15109670e-01
    7.95221210e-01 1.01943940e-01 1.80622745e+00 -6.72749817e-01
    1.72178686e-01 6.54560566e-01 -5.78493118e-01 -3.06638509e-01
    1.39880061e+00 3.51433158e-01 1.31426287e+00 -7.30872393e-01
    -8.95966589e-01 1.51449585e+00 2.34920159e-02 -3.83617193e-01
    5.80215812e-01 -6.86852157e-01 1.92913723e+00 1.29641151e+00
    9.94438648e-01 1.56071723e+00 -3.49945515e-01 1.63193798e+00
    -2.31479689e-01 -8.92293155e-01 1.40729058e+00 1.40792906e+00
    9.53027666e-01 -7.48814881e-01 1.53763616e+00 1.56859004e+00
    -6.52664185e-01 5.42112231e-01 1.93212008e+00 1.71101606e+00
    2.60024518e-01 1.00147617e+00 4.00919169e-01 -3.10834855e-01
    5.97827554e-01 -3.39957252e-02 1.56461453e+00 4.20657337e-01
    9.11664844e-01 5.45036733e-01 1.41031396e+00 5.88484704e-01
    8.27557921e-01 1.64437759e+00 -5.82792282e-01 1.57518923e+00
    1.36912096e+00 1.27748930e+00 -9.31934118e-01 9.22610998e-01
    -1.01409543e+00 5.23674309e-01 6.45962775e-01 -1.07476389e+00
    2.27491409e-01 2.41824150e-01 1.09827006e+00 1.38415611e+00
    -3.03286258e-02 3.01194131e-01 5.35387218e-01 6.66809559e-01
    5.91041923e-01 5.07418066e-02 3.54221500e-02 1.51750550e-01
    -3.76978852e-02 -8.28610420e-01 -8.36598575e-01 1.58583546e+00
    -6.11393273e-01 1.49595201e+00 2.97972143e-01 9.55149710e-01
    4.65389282e-01 -4.12822306e-01 -4.92622077e-01 8.52160454e-01
    5.91418087e-01 -3.72989714e-01 6.55920506e-01 9.01058316e-01
    -9.04974282e-01 -1.24127865e-01 5.26478589e-01 1.93303049e+00
    -9.36334431e-01 1.31930304e+00 5.04871547e-01 -5.77488661e-01
    6.52617812e-01 1.90069330e+00 3.43627632e-01 1.77425170e+00
    1.11173260e+00 -3.09973806e-01 -9.02830899e-01 1.30219340e-01
    -3.88566554e-01 -6.22633159e-01 -5.91873944e-01 -8.48102033e-01
    -1.33952186e-01 8.20716321e-02 -8.97543490e-01 -5.54744899e-01
    -3.72992866e-02 1.24781835e+00 1.02961898e+00 1.17877698e+00
    -3.66893083e-01 1.62341341e-01 1.95039439e+00 -1.52444020e-01
    1.21091723e+00 7.82361865e-01 -3.42836201e-01 -8.49775434e-01
    1.95018983e+00 1.04186380e+00 2.35886559e-01 9.37718213e-01
    -6.78635180e-01 -6.39787391e-02 -7.12983012e-01 1.61973584e+00
    1.66904688e+00 1.42114842e+00 1.57082748e+00 2.58147359e+00
    1.64865506e+00 7.48543441e-01 3.89608294e-01 2.43039727e-01
    -7.66899586e-01 4.46721971e-01 1.34306514e+00 -6.53603256e-01
    5.97667515e-01 -4.99587834e-01 6.72926545e-01 1.36260712e+00
    4.08062756e-01 1.63576102e+00 -4.09984678e-01 -8.86376739e-01
    -9.57251191e-02 1.51022577e+00 -8.37635159e-01 9.95754719e-01
    1.57426083e+00 9.59200442e-01 1.30777204e+00 -8.29809368e-01
    7.88994730e-02 -4.68946546e-02 -1.97585329e-01 2.55626053e-01
    1.84930861e+00 1.92250836e+00 -3.72182012e-01 -5.71762502e-01
    3.01638730e-02 2.04481587e-01 9.68506753e-01 -7.37674952e-01
    4.98353511e-01 1.11541438e+00 1.45159066e-01 -6.70272410e-01
    -2.73981363e-01 -6.72711372e-01 1.25328803e+00 -1.62189901e-02
    9.98023748e-01 -4.99647260e-01 1.16457844e+00 3.77772063e-01
    1.54471898e+00 2.00059319e+00 3.24835718e-01 1.26448298e+00
    1.34460604e+00 1.82107270e+00 1.81962800e+00 1.54194188e+00
    5.90280890e-01 7.90528178e-01 6.50565267e-01 1.05902958e+00
    -2.58725882e-01 1.22081459e+00 -6.83358014e-01 -7.33229458e-01
    2.47204006e-01 1.74211872e+00 1.66230655e+00 1.88880873e+00
    1.62347317e+00 -2.16701835e-01 5.73621333e-01 -7.69167483e-01
    -1.63535029e-02 6.43795848e-01 1.68175995e+00 6.75599337e-01
    -5.61025023e-01 1.10844100e+00 1.92835897e-01 -3.49032730e-01
    1.88650334e+00 -3.03552598e-01 1.45180553e-01 8.02473664e-01
    -3.71787965e-01 1.51821971e+00 1.15844798e+00 1.75151825e+00
    1.41923404e+00 6.83295548e-01 -3.09247971e-02 -2.25450039e-01
    -3.54432195e-01 1.63249350e+00 -2.27874622e-01 6.60505176e-01
    1.50807118e+00 1.86724734e+00 1.88452035e-01 2.89866254e-02
    -1.07543766e-01 9.02778625e-01 -9.11158502e-01 1.54746234e+00
    1.13898301e+00 9.98416066e-01 -9.08925831e-01 1.83224976e+00
    4.72918957e-01 1.43147498e-01 4.72630054e-01 1.67231905e+00
    1.45521617e+00 3.73386025e-01 -7.00776696e-01 3.08158338e-01
    1.53475380e+00 -1.77627057e-01 -8.26032281e-01 1.24797201e+00
    2.88484126e-01 9.25091922e-01 1.58391833e+00 6.53218627e-01
    5.45624673e-01 -8.31291974e-01 7.41150439e-01 1.79370034e+00
    -1.53829247e-01 9.25286651e-01 -1.00069153e+00 1.49288166e+00
    3.86445940e-01 3.88327628e-01 -1.74998507e-01 1.79175866e+00
    -1.79752961e-01 -5.00567675e-01 -3.22362632e-01 9.61009741e-01
    7.04429805e-01 1.37947440e+00 2.26751715e-02 1.37485802e+00
    1.90317476e+00 7.01116502e-01 1.25266778e+00 3.97952288e-01
    -5.81863523e-01 1.11684108e+00 1.02369881e+00 9.11530674e-01
    -6.28063858e-01 1.41634452e+00 -9.09822166e-01 -3.40574652e-01
    1.05151188e+00 7.97516257e-02 1.85525787e+00 7.06714392e-01
    8.20985317e-01 5.28306782e-01 -5.82104683e-01 1.65862286e+00
    9.92211998e-01 1.62790501e+00 1.73418379e+00 5.57930052e-01
    -2.99689889e-01 -8.51298809e-01 -6.96179748e-01 4.76107568e-01
    -5.65885782e-01 1.66887343e+00 8.07723701e-01 -5.82100391e-01
    8.68926406e-01 1.01516581e+00 1.03054667e+00 8.63533735e-01
    7.95265019e-01 1.47605443e+00 -1.39825836e-01 -7.20965803e-01
    9.95763615e-02 -4.70720112e-01 -2.06109449e-01 1.69884908e+00
    -3.83515418e-01 1.32024348e+00 1.18922102e+00 6.72315657e-01
    7.96826661e-01 1.16465628e+00 1.61096525e+00 1.66716635e+00
    -5.70984900e-01 6.27924621e-01 1.75840855e+00 9.34990406e-01
    9.51761186e-01 5.02289012e-02 -8.63953173e-01 -7.06531227e-01
    1.45637774e+00 5.03665209e-01 4.07105356e-01 1.03923285e+00
    1.13463545e+00 4.52961534e-01 -1.06681950e-01 -4.51040030e-01
    3.39728605e-04 -5.12711942e-01 1.55385852e+00 9.26323712e-01
    -5.53572118e-01 1.63998199e+00 1.73141491e+00 -4.21483040e-01
    6.14488006e-01 -9.35762465e-01 2.93334901e-01 1.28179818e-01
    2.70320773e-01 8.90441120e-01 1.29185128e+00 9.50883865e-01
    1.49950886e+00 1.07157481e+00 1.43229246e+00 7.33085215e-01
    1.50417292e+00 8.88687611e-01 1.79378176e+00 -8.65425944e-01
    1.10303974e+00 1.93914998e+00 9.26651597e-01 -8.92617047e-01
    -6.08027875e-01 1.19869149e+00 5.14869511e-01 6.79135323e-01
    5.70789754e-01 1.71383977e+00 1.17022479e+00 5.30511737e-01
    1.83515203e+00 8.95767808e-01 9.79597420e-02 1.16147935e+00
    1.62925100e+00 1.49592924e+00 6.64526522e-02 2.20711422e+00
    -9.89414632e-01 9.75842655e-01 1.89149392e+00 1.68737698e+00
    1.35909927e+00 7.06412435e-01 -5.05135238e-01 1.63540637e+00
    1.91531909e+00 8.80075157e-01 1.35896409e+00 1.76955366e+00
    -2.12523147e-01 -9.27474618e-01 2.13466659e-01 1.78925073e+00
    1.20275748e+00 1.26160133e+00 1.43617880e+00 9.87517059e-01
    1.08061016e+00 7.07562387e-01 1.70024133e+00 -2.33790040e-01
    -1.93051323e-01 9.17371750e-01 8.45948160e-01 1.65826690e+00
    1.12047029e+00 8.47442389e-01 1.55736959e+00 -4.03630704e-01
    1.33525383e+00 1.47390723e+00 8.87397408e-01 5.66358566e-01
    1.11446846e+00 -2.50376523e-01 -7.98719704e-01 1.80784568e-01
    1.53578252e-01 3.80155705e-02 1.71784326e-01 4.43425357e-01
    9.62849498e-01 4.24391590e-02 7.17956960e-01 -8.71672332e-02
    -8.15438390e-01 1.13173139e+00 -2.40960926e-01 5.54099679e-01
    1.76561940e+00 -6.96969986e-01 4.85316552e-02 -9.73097146e-01
    1.33505464e+00 -6.61257327e-01 1.58034182e+00 -7.08142221e-02
    1.44829392e+00 -5.73736131e-01 5.19476473e-01 1.73489392e+00
    9.70234871e-01 5.60003281e-01 1.95354199e+00 -8.77942562e-01
    1.19906878e+00 8.59562874e-01 -3.84193450e-01 4.77507412e-01
    -5.98398268e-01 -2.10660070e-01 1.63628161e+00 1.41010916e+00
    3.91382992e-01 -8.33797276e-01 2.14360252e-01 5.87319613e-01
    2.89638519e-01 -5.35418093e-01 1.60936546e+00 -7.77240753e-01
    1.34072721e+00 -4.81405333e-02 -7.12669671e-01 1.47598410e+00
    -7.63947889e-02 3.46282959e-01 1.73141229e+00 1.31328464e+00
    1.63022566e+00 1.42630145e-01 9.72072363e-01 1.69724560e+00
    1.13609934e+00 1.13544226e+00 1.70835221e+00 1.11464465e+00
    9.07936156e-01 3.22785489e-02 1.08455408e+00 5.57209432e-01
    1.75606298e+00 3.18826377e-01 -1.96888626e-01 -6.84317887e-01
    -5.04816771e-01 5.88838696e-01 -4.37947959e-01 8.43883976e-02
    1.72349155e+00 7.55477071e-01 -7.19475925e-01 1.91865444e+00
    7.99311876e-01 3.42450052e-01 5.90069830e-01 -5.99573135e-01
    1.35847414e+00 -2.92210549e-01 -2.36708805e-01 1.82527697e+00
    -1.44245312e-01 -1.76259354e-01 8.65316212e-01 -3.93412024e-01
    -3.87885273e-01 -8.73254761e-02 1.77024806e+00 -2.37304479e-01
    1.43415904e+00 3.51390660e-01 6.60202503e-01 -8.54768515e-01
    6.14545405e-01 1.26489782e+00 1.49016404e+00 -4.17880505e-01
    -4.19400036e-01 -4.93367732e-01 -8.93690705e-01 9.52708960e-01
    1.58338368e+00 4.00382638e-01 6.30769193e-01 5.98487556e-02
    1.51665306e+00 1.68624389e+00 7.47863948e-01 -5.83406270e-01
    3.25531602e-01 -6.15460277e-01 -2.32454725e-02 -7.60697603e-01
    3.59765559e-01 6.57484114e-01 1.75597620e+00 -6.77508533e-01
    -2.26110533e-01 3.96162748e-01 1.27071977e+00 1.71284831e+00
    1.22303998e+00 1.32701290e+00 5.68217397e-01 3.90814900e-01
    1.52345979e+00 1.45324624e+00 1.40505469e+00 -9.01293874e-01
    7.21943736e-01 1.21077645e+00 -9.43344712e-01 -9.37597692e-01
    1.61930346e+00 1.19421160e+00 5.47583699e-01 1.16614711e+00
    1.84047294e+00 -8.83231759e-01 1.14216053e+00 5.21469653e-01
    1.91380143e+00 -2.17102408e-01 7.25644827e-01 -3.20964634e-01
    3.46268922e-01 1.02142379e-01 1.33236277e+00 1.39888632e+00
    1.66933584e+00 1.04661298e+00 -6.60028234e-02 1.43383145e+00
    -3.98254156e-01 -5.69649696e-01 1.52483475e+00 6.92433715e-01
    2.29715139e-01 1.55200863e+00 7.85927117e-01 4.22487080e-01
    -4.90769833e-01 1.48300958e+00 1.17530775e+00 6.92311168e-01
    1.53310823e+00 4.74946618e-01 -9.62304294e-01 2.97226787e-01
    1.00363255e+00 -3.96404564e-01 6.70870900e-01 9.47546005e-01
    1.35374558e+00 3.91865194e-01 -7.43855760e-02 1.23959243e+00
    8.50143790e-01 -6.13976896e-01 -8.90800834e-01 1.68312716e+00
    1.56598449e+00 -1.09290801e-01 -1.78615421e-01 1.01044977e+00
    -8.23499441e-01 1.39126348e+00 1.61176729e+00 8.78714502e-01
    1.56194353e+00 -7.48582780e-01 3.31419617e-01 -9.24252152e-01
    -9.56378937e-01 6.79893255e-01 1.87282825e+00 7.72677064e-02
    1.18017542e+00 -1.17733233e-01 -1.95601568e-01 -4.08969104e-01
    -3.45838666e-02 -3.69792208e-02 -6.72509730e-01 4.82451975e-01
    1.73436034e+00 -6.96439385e-01 9.11596417e-01 1.57132006e+00
    -5.39332986e-01 4.85785492e-02 -6.99099720e-01 2.83022761e+00
    3.59753251e-01 -9.12148893e-01 -2.85858456e-02 -1.70623392e-01
    1.38515592e-01 -7.50131726e-01 1.53631473e+00 3.57011310e-03
    -8.72126460e-01 9.44579303e-01 -4.46794868e-01 3.59229445e-01
    1.07493296e-01 -9.52237427e-01 -8.12969983e-01 8.46764207e-01
    5.07427275e-01 2.66232222e-01 8.97492051e-01 7.13164955e-02
    7.20150411e-01 1.58078218e+00 1.23626792e+00 7.90361702e-01
    1.86860323e+00 1.35171938e+00 -8.58295500e-01 -9.65868890e-01
    -8.17578852e-01 1.08846033e+00 6.67315602e-01 6.12516999e-01
    1.57170355e+00 -7.14345098e-01 -6.02582455e-01 -3.48381788e-01
    1.27038288e+00 -3.49843025e-01 -6.38370335e-01 5.84475279e-01
    1.63655770e+00 1.98114622e+00 6.76171780e-01 -6.56985402e-01
    -1.40340120e-01 -7.12816954e-01 1.47788823e+00 -3.57873105e-02
    1.53441691e+00 -8.57559443e-01 -7.63751566e-02 4.91351277e-01
    5.48154950e-01 1.02671218e+00 3.97673458e-01 9.34917390e-01
    4.49720323e-01 1.63902545e+00 1.35772431e+00 -2.94666618e-01
    -1.01245463e+00 -3.46236646e-01 2.97885776e-01 7.95859218e-01
    -4.55544710e-01 1.02777123e+00 -7.13973522e-01 8.07301879e-01
    -4.40430850e-01 -6.09193146e-01 -6.75230742e-01 1.02009797e+00
    -7.40274310e-01 1.97767973e-01 -6.29071772e-01 9.70194697e-01
    -3.85060847e-01 1.83075142e+00 1.52497303e+00 -2.38395795e-01
    5.94849944e-01 1.54212821e+00 -7.02802777e-01 1.38982967e-01
    -6.12632394e-01 1.08013809e+00 7.22732663e-01 1.89568830e+00
    6.07776403e-01 4.17668670e-01 -5.74137568e-01 1.34734225e+00
    -2.80417204e-01 3.12649727e-01 -1.35820150e-01 -8.62839103e-01
    -8.66799951e-01 2.83497274e-01 1.33688819e+00 1.37603569e+00
    1.68061018e-01 -1.34738550e-01 1.18139315e+00 -7.02625215e-01
    7.86045134e-01 4.14505750e-02 1.26263380e+00 -4.63617772e-01
    1.79674536e-01 6.22720301e-01 6.51121736e-02 -7.20494628e-01
    8.49946141e-01 1.80722463e+00 -3.39404434e-01 1.02434981e+00
    2.04391345e-01 5.62697589e-01 -8.85568798e-01 4.17945623e-01
    -1.13848992e-01 1.30101788e+00 1.76412010e+00 9.10352111e-01
    -3.10643911e-01 4.03604880e-02 -8.33421230e-01 1.89985204e+00
    9.58254635e-01 8.90588284e-01 6.85899436e-01 9.81274068e-01
    1.19649947e+00 2.40379721e-01 5.61534226e-01 -9.04533625e-01
    -5.92578769e-01 4.41230685e-01 7.57572591e-01 1.38691747e+00
    6.53481305e-01 1.54259717e+00 1.73330212e+00 -1.05255209e-01
    -3.11326027e-01 2.13938951e-01 3.29016209e-01 1.83484399e+00
    5.15740275e-01 4.22031850e-01 -3.21030319e-01 1.43899322e+00
    -6.31927848e-01 8.49737465e-01 1.88428581e+00 7.39502847e-01
    3.07129443e-01 -5.36518633e-01 1.81259441e+00 3.37873012e-01
    6.91183567e-01 1.55970967e+00 1.44011283e+00 4.00742054e-01
    9.99323249e-01 7.67911792e-01 6.55074716e-01 1.10006738e+00
    1.40706182e+00 -1.31384777e-02 1.61621757e-02 6.62746012e-01
    -4.19843227e-01 1.06728494e+00 -8.52594554e-01 1.62407160e+00
    1.76254392e+00 1.84416628e+00 1.56595099e+00 7.82648981e-01
    7.74429858e-01 1.69241929e+00 1.44370997e+00 1.40648866e+00
    8.00752044e-01 1.01967800e+00 -8.74846816e-01 1.23640442e+00
    7.09803820e-01 1.21561873e+00 -7.62362301e-01 1.92905569e+00
    -3.50232162e-02 1.53829801e+00 -1.57569293e-02 9.05210599e-02
    5.31501830e-01 -8.43168020e-01 1.72742218e-01 1.66586614e+00
    1.41814935e+00 9.89435911e-01 2.81722724e-01 -7.08225965e-01
    8.21020782e-01 1.20159483e+00 -9.68782723e-01 8.16507518e-01
    1.11287129e+00 6.55465662e-01 5.26813745e-01 1.15430045e+00
    -9.74594280e-02 7.68005431e-01 -6.54403627e-01 -7.12614357e-01
    1.15614545e+00 3.25142413e-01 4.91455883e-01 1.41911387e+00
    6.59916043e-01 1.57577538e+00 -9.60024357e-01 2.10243598e-01
    5.12039304e-01 -8.82399559e-01 1.95102835e+00 1.63644218e+00
    -3.98112554e-03 -8.24593659e-03 -3.62010986e-01 -1.12307541e-01
    1.27946898e-01 -5.20194292e-01 1.33132279e+00 -4.60143108e-03
    1.90656519e+00 -6.82303429e-01 1.06294148e-01 -6.64172620e-02
    2.82942597e-02 1.98842955e+00 -7.70638347e-01 -1.02041170e-01
    1.50543809e+00 1.57719374e+00 6.73216462e-01 -7.74969399e-01
    1.73381591e+00 8.95213902e-01 1.11498284e+00 1.27500618e+00
    9.73302484e-01 3.37825626e-01 3.38421941e-01 2.96691388e-01
    -3.43391955e-01 1.26758659e+00 2.62315348e-02 1.42432630e+00
    3.92953753e-02 6.20861053e-01 -9.22655225e-01 2.70977885e-01
    -7.30350554e-01 1.26395142e+00 1.12496579e+00 1.88201523e+00
    1.40937591e+00 9.02677417e-01 -8.72050881e-01 -9.66194510e-01
    -1.35698467e-01 -6.52204335e-01 1.12533534e+00 1.76992750e+00
    2.97149420e-01 1.35453701e-01 9.41193223e-01 -3.20604771e-01
    4.09664392e-01 -3.08500886e-01 7.62990937e-02 -3.98060679e-01
    1.41525865e-01 1.34491026e+00 1.07292688e+00 -5.55827916e-01
    1.74140346e+00 1.59269404e+00 -7.18220696e-02 6.78288281e-01
    9.28226531e-01 7.70790875e-01 1.56367600e+00 -4.28987175e-01
    -6.60740018e-01 6.77032411e-01 7.66200840e-01 1.91804028e+00
    -2.66135633e-01 -4.19198781e-01 -4.83632654e-01 1.52285123e+00
    3.35671425e-01 -4.55284208e-01 -5.94411731e-01 1.63022444e-01
    -4.65512462e-02 -7.97820389e-02 1.30446732e+00 7.34185755e-01
    4.66847658e-01 5.00349820e-01 1.72088718e+00 1.42256260e+00
    -9.18535292e-01 2.49235287e-01 1.57525241e-01 9.46152434e-02
    1.67047024e+00 1.61811900e+00 1.37578392e+00 2.93867677e-01
    -7.12005377e-01 1.16067207e+00 1.83285147e-01 -3.34860951e-01
    -5.77688575e-01 4.33379292e-01 -2.11163506e-01 1.39393282e+00
    6.56094670e-01 -5.98373175e-01 1.22022712e+00 -4.54661906e-01
    5.72983801e-01 3.94047081e-01 6.63982689e-01 1.64858449e+00
    5.39363742e-01 1.11765873e+00 7.55692303e-01 1.08121264e+00
    6.32727087e-01 2.53676325e-01 7.18227327e-01 -6.88312531e-01
    -1.27798051e-01 3.27839255e-01 -7.12549627e-01 8.74378145e-01
    7.53377140e-01 5.51729858e-01 1.74270177e+00 -6.04767501e-01
    -7.67232701e-02 4.85038877e-01 -4.43263829e-01 -8.26469600e-01
    -2.19804794e-01 5.04118741e-01 1.72265589e-01 1.44934142e+00
    -8.65544379e-01 1.05393782e-01 1.61045229e+00 -7.53927171e-01
    7.80434489e-01 -3.76613170e-01 3.57637882e-01 -8.73068750e-01
    4.58657473e-01 1.56410468e+00 1.37453568e+00 1.72380924e+00
    7.40857184e-01 1.21221733e+00 4.61904258e-01 1.24106027e-01
    -4.41094726e-01 9.95958447e-01 2.98440456e-01 2.00675797e+00
    9.99082923e-01 8.35697770e-01 1.39665818e+00 1.15432918e+00
    1.77621925e+00 8.07753384e-01 7.21867859e-01 1.73013806e+00
    6.72105730e-01 5.78447916e-02 -8.27095330e-01 -9.52409804e-02
    -5.64278901e-01 6.11438692e-01 9.69501436e-01 6.12564497e-02
    7.74191856e-01 8.19905519e-01 -7.73551911e-02 1.30680442e+00
    1.57103384e+00 1.72681260e+00 -3.90850484e-01 7.19018206e-02
    -6.94963098e-01 -9.49336827e-01 -3.76762688e-01 5.21737754e-01
    1.79683685e+00 3.81920710e-02 1.83335769e+00 -4.30913538e-01
    2.32727334e-01 -4.06401068e-01 -3.43931615e-01 -2.92851418e-01
    9.44214225e-01 6.23766363e-01 4.21229303e-01 4.13657613e-02
    1.63486338e+00 1.13068461e+00 1.15973425e+00 4.70149815e-01
    1.76213169e+00 1.27951920e+00 1.54634738e+00 -1.87380672e-01
    2.89185762e-01 -2.47199431e-01 1.79368603e+00 4.00104403e-01
    -4.01563823e-01 -2.28152290e-01 1.95380360e-01 8.23370337e-01
    1.51529801e+00 5.66126287e-01 1.34378374e+00 1.58298254e+00
    -3.85780632e-01 -3.11351955e-01 -6.11851275e-01 3.09320599e-01
    3.50654334e-01 5.94176292e-01 5.07111669e-01 1.03312695e+00
    -7.45499313e-01 7.16245949e-01 1.61144185e+00 -4.70334619e-01
    -2.57829338e-01 1.22575855e+00 1.43461621e+00 6.95482552e-01
    -8.21369708e-01 1.24004340e+00 -2.71936357e-01 1.34061658e+00
    -1.15629248e-01 -8.66956711e-02 1.80205226e+00 1.01111925e+00
    1.60551226e+00 1.61132288e+00 -1.31767452e-01 -5.34596145e-01
    -3.00427794e-01 6.00685738e-02 5.20850062e-01 8.46167803e-02
    2.41911024e-01 -9.23731476e-02 -3.81772369e-01 1.63381469e+00
    1.84371483e+00 1.77322447e+00 1.88226485e+00 -2.00245976e-02
    6.41570747e-01 -5.27375460e-01 7.47001529e-01 2.74987072e-01
    1.17425036e+00 1.37994170e+00 3.04902792e-01 1.40136850e+00
    -4.60392803e-01 8.50675106e-01 7.96580613e-01 1.27072740e+00
    -5.31321764e-01 8.80950749e-01 4.97266054e-01 1.45600116e+00
    1.41520813e-01 -7.17100739e-01 2.07423836e-01 -9.25779879e-01
    1.17767668e+00 1.56919050e+00 -7.79279530e-01 5.94057798e-01
    1.68526304e+00 3.18251461e-01 8.93617928e-01 2.61578846e+00
    1.88994420e+00 1.09742224e+00 1.55241168e+00 -1.06778361e-01
    1.32904339e+00 -8.46254349e-01 1.72602189e+00 -1.45833462e-01
    9.79591131e-01 1.28898883e+00 9.22637641e-01 -2.41376963e-02
    -2.93027312e-01 1.07990131e-01 4.57472831e-01 1.51102376e+00
    1.62813890e+00 7.52333760e-01 5.66079199e-01 -5.49007133e-02
    -3.11887294e-01 1.38529015e+00 1.36915994e+00 -2.94324923e-02
    8.19090962e-01 1.91571522e+00 1.35877216e+00 1.89404714e+00
    -8.59690383e-02 -4.68694121e-01 -2.83227116e-01 1.20969188e+00
    7.08778262e-01 1.80144012e+00 1.87949538e+00 -6.80061057e-02
    -9.44690287e-01 5.94096422e-01 7.79736638e-01 -1.07076220e-01
    1.12282956e+00 -3.21521610e-01 -3.39475095e-01 1.53413308e+00
    -8.31656575e-01 1.68030119e+00 2.21125677e-01 1.57085085e+00
    3.96704406e-01 1.10985863e+00 -2.38795489e-01 -7.66905665e-01
    1.59891650e-01 -9.69441906e-02 1.42784607e+00 7.02748835e-01
    -5.07648945e-01 -1.76379710e-01 3.62348467e-01 1.05355525e+00
    1.73138702e+00 9.12929773e-01 3.46507728e-01 3.78548741e-01
    7.09077835e-01 -3.69323134e-01 -7.03965902e-01 1.82850599e+00
    -5.17420650e-01 1.50409909e-02 1.46310902e+00 1.68410254e+00
    1.14466012e+00 -5.94033301e-01 2.36166432e-01 6.68019712e-01
    1.17481625e+00 6.19005203e-01 1.43137658e+00 -7.53498018e-01
    1.13242604e-01 2.25235537e-01 3.64026487e-01 -6.39624536e-01
    1.79109633e-01 1.09215951e+00 -3.74160141e-01 -2.11895436e-01
    1.69304049e+00 7.92918682e-01 1.33625817e+00 2.09504619e-01
    -1.45460561e-01 1.29478276e+00 7.40167677e-01 -2.54376650e-01
    -6.96320415e-01 1.66211522e+00 7.51365781e-01 1.45434976e+00
    1.49388063e+00 1.13714421e+00 1.33057344e+00 6.62869036e-01
    3.71403635e-01 1.81555498e+00 1.08837247e+00 -1.39429957e-01
    1.67247903e+00 3.87696773e-01 1.76982105e-01 -1.52601495e-01
    5.19588113e-01 -9.67416726e-03 5.22198439e-01 3.44316125e-01
    1.30945468e+00 -4.00272965e-01 1.92408633e+00 1.13768923e+00
    -4.50799942e-01 5.02061471e-02 1.38239741e+00 -9.63969529e-01
    -9.64518785e-01 8.55575204e-02 -5.98896563e-01 6.80686772e-01
    1.35643172e+00 3.42815757e-01 1.27561903e+00 1.43591654e+00
    -3.08936555e-02 -8.87756124e-02 1.33930862e+00 3.55122656e-01
    -7.57933021e-01 1.65398359e+00 1.83811736e+00 1.77335083e+00
    8.89966846e-01 1.77349973e+00 -7.86618173e-01 -3.71208012e-01
    1.60048485e+00 1.57638922e-01 -4.91065621e-01 1.62915289e+00
    -3.35374713e-01 5.12720585e-01 6.85769200e-01 5.21502078e-01
    1.87607217e+00 -7.34972060e-01 1.91252482e+00 4.98934537e-01
    2.75225759e-01 1.70419192e+00 3.94976079e-01 1.73562729e+00
    -4.42430049e-01 1.20607924e+00 -1.07750881e+00 7.49495327e-01
    1.06997931e+00 1.06417131e+00 -9.47431624e-01 8.25977683e-01
    1.62833512e+00 -5.82910478e-01 9.85201240e-01 3.16119678e-02
    6.64590061e-01 7.91325808e-01 2.26560056e-01 -3.19009572e-01
    1.58682323e+00 -8.97638440e-01 1.73305035e+00 -4.60575372e-01
    6.65540814e-01 -3.83329898e-01 -2.29325920e-01 1.88847914e-01
    3.87482196e-01 1.86961854e+00 2.82177955e-01 3.59365672e-01
    -6.08717740e-01 1.75233185e+00 1.38584793e+00 -1.69356585e-01
    5.87975085e-01 -4.97120380e-01 7.01327682e-01 -2.99769223e-01
    2.42972761e-01 1.43585098e+00 1.93470895e+00 9.11301970e-01
    1.83377707e+00 -4.35179353e-01 -2.49449417e-01 -6.49332181e-02
    -4.11475182e-01 1.18036592e+00 1.95216405e+00 1.13251257e+00
    1.24193728e+00 1.45569336e+00 -2.21725181e-02 1.77040017e+00
    1.74337161e+00 4.91231710e-01 -8.07710469e-01 9.06252265e-01
    5.73549688e-01 1.12540317e+00 -5.27010322e-01 1.79528630e+00
    -3.13205123e-02 1.15990676e-01 9.17761326e-01 1.60736299e+00
    1.76793361e+00 9.60638285e-01 1.67001307e-01 -1.01550794e+00
    -4.05061543e-02 1.65438890e+00 -9.61625874e-01 -2.73345619e-01
    -4.24890369e-01 -4.02299404e-01 1.50483441e+00 1.09219575e+00
    1.34892750e+00 9.69536901e-01 6.13762379e-01 -3.47065590e-02
    -4.60160524e-01 -1.60480559e-01 6.37322962e-01 2.48706043e-01
    -7.19767749e-01 6.63505435e-01 1.25865674e+00 1.43429756e+00
    6.55869782e-01 1.45364985e-01 7.41302311e-01 1.62103200e+00
    1.40766668e+00 -7.27895439e-01 -8.19440961e-01 3.56672794e-01
    1.82090008e+00 -7.41556704e-01 9.53025520e-01 -1.77763328e-01
    6.94789648e-01 -5.05634964e-01 1.87472552e-01 9.92995918e-01
    -6.61490619e-01 -4.14414316e-01 -5.66536248e-01 1.05174148e+00
    -6.96507990e-02 1.47372305e+00 -1.02182341e+00 1.41967678e+00
    -6.17782831e-01 9.46098268e-01 1.59257472e+00 6.37310207e-01
    -1.51796207e-01 -4.93457764e-01 3.38191718e-01 -8.95169258e-01
    5.18379211e-01 9.69648421e-01 -6.61155105e-01 7.47094899e-02
    6.97602928e-02 1.58214116e+00 1.46620083e+00 1.48094404e+00
    2.33047479e-03 1.72289872e+00 1.01511717e+00 -6.81063116e-01
    -4.18786705e-01 2.20890477e-01 7.13513140e-03 -7.20214903e-01
    -5.29978812e-01 1.56626272e+00 1.81041241e+00 7.90782988e-01
    -6.66054487e-01 1.17504132e+00 1.65371525e+00 8.59872345e-03
    -1.94846198e-01 1.34524798e+00 -2.15668548e-02 1.71602631e+00
    1.81461036e+00 2.46773481e-01 1.33608735e+00 7.31339514e-01
    1.25753939e+00 1.60843587e+00 3.89462829e-01 -5.59631646e-01
    7.61784732e-01 1.56883800e+00 -4.81650800e-01 1.19193888e+00
    1.47519398e+00 1.40517497e+00 6.53249741e-01 -8.33500683e-01
    1.30560350e+00 7.54288733e-01 -2.07669050e-01 6.28093839e-01
    5.99105537e-01 7.16493547e-01 -1.90645859e-01 -6.42094135e-01
    1.85301495e+00 1.09707141e+00 1.30918705e+00 -7.87489772e-01
    -4.10444438e-01 -2.88163543e-01 -4.68519956e-01 1.88966167e+00
    1.82414687e+00 1.84971941e+00 -8.69448841e-01 2.03960478e-01
    -6.38139069e-01 -8.54854167e-01 8.77888262e-01 9.54856500e-02
    1.17193902e+00 1.51438344e+00 1.76606631e+00 2.86466271e-01
    7.77848288e-02 -8.69677544e-01 9.63618457e-01 2.51523763e-01
    -1.35392159e-01 1.51261434e-01 1.57703662e+00 -6.42642915e-01
    1.00892849e-01 2.93035328e-01 -4.34081852e-02 -2.34061629e-01
    1.25224233e+00 6.60703063e-01 5.19687355e-01 4.06458706e-01
    -3.62782359e-01 -4.98196512e-01 8.52801621e-01 -3.71950299e-01
    6.90917894e-02 1.90376210e+00 7.37475932e-01 -8.89367044e-01
    1.02889335e+00 -9.28056985e-02 1.08241928e+00 1.71963382e+00
    -1.16916016e-01 1.31415486e+00 1.55776784e-01 1.14832926e+00
    -7.17921317e-01 -9.36594665e-01 1.27211845e+00 7.19315857e-02
    -6.47617459e-01 1.27528465e+00 1.88175189e+00 1.73742306e+00
    7.39985883e-01 9.26643491e-01 4.29987073e-01 -1.95020750e-01
    -6.94458306e-01 -8.30388427e-01 -2.67685205e-01 9.95964885e-01
    1.18250400e-01 1.56055641e+00 -8.27922761e-01 1.10533798e+00
    1.78587675e+00 8.30779791e-01 7.74948120e-01 1.51114732e-01
    8.93732965e-01 8.58095586e-01 -2.24295765e-01 9.60665584e-01
    8.94292116e-01 1.00518024e+00 -7.42912173e-01 -3.07284713e-01
    1.46743751e+00 -5.26502840e-02 7.20289826e-01 9.18324709e-01
    1.32146597e+00 -2.37566352e-01 -4.69610840e-01 -7.96577096e-01
    9.06362236e-01 1.34870040e+00 1.40890479e+00 7.53872395e-01
    1.77325618e+00 9.49754238e-01 8.65381137e-02 1.71029985e+00
    -8.88160586e-01 1.70774662e+00 4.92967933e-01 -8.81865084e-01
    -5.03725946e-01 -6.49982572e-01 1.48166716e+00 -5.73292136e-01
    7.79542804e-01 -5.56594273e-03 -4.72368717e-01 1.84127808e+00
    -3.82574171e-01 2.38508016e-01 7.14915216e-01 1.54778445e+00
    -1.71984404e-01 6.38374746e-01 -3.85758340e-01 2.38301843e-01
    -7.71490514e-01 5.83004594e-01 8.73536587e-01 -8.04290414e-01
    1.30459285e+00 1.87668309e-01 1.10106729e-01 1.74092507e+00
    -5.20469248e-01 3.20935667e-01 -1.40261367e-01 1.92466248e-02
    -7.10265696e-01 3.82109344e-01 4.94417369e-01 1.77963686e+00
    -5.07615924e-01 5.57148695e-01 1.71673369e+00 1.69307077e+00
    1.26948178e-01 1.47048020e+00 5.32693684e-01 1.86700475e+00
    4.82488900e-01 -2.20445488e-02 1.58890232e-01 1.61373556e+00
    1.28267086e+00 1.45006216e+00 -7.69649506e-01 -7.95618282e-04
    1.58809936e+00 1.75088561e+00 6.60189271e-01 1.77343416e+00
    1.29680872e+00 -4.39296395e-01 8.56195450e-01 1.28581131e+00
    1.33314744e-01 -3.41742009e-01 4.50512208e-02 -4.76879388e-01
    1.99773443e+00 1.06760430e+00 -4.66046810e-01 5.34497738e-01
    -1.56643108e-01 5.91652244e-02 -1.59380987e-01 -4.78480428e-01
    -5.70217729e-01 8.69112372e-01 2.92002894e-02 1.86084414e+00
    -5.67440987e-01 5.57410061e-01 1.67953765e+00 2.25019383e+00
    1.64227426e+00 1.83437467e-01 7.90299833e-01 -9.34535623e-01
    -9.10425961e-01 -5.14882743e-01 1.65061235e+00 1.01031089e+00
    9.91520584e-01 6.44075200e-02 -6.92875981e-01 7.67509520e-01
    8.31543028e-01 6.04117334e-01 1.81204402e+00 1.04788971e+00
    7.96068072e-01 -5.17946482e-01 3.69262099e-01 1.63412786e+00
    3.98772717e-01 2.84179568e-01 1.11694002e+00 2.66001970e-01
    1.07768738e+00 -4.97012258e-01 5.01320183e-01 1.46342909e+00
    -9.74286422e-02 4.35044557e-01 1.57317388e+00 -6.88401878e-01
    9.93313611e-01 2.94723988e-01 1.66720021e+00 7.44869709e-01
    1.15580499e+00 1.45820069e+00 1.32027483e+00 -1.82712436e-01
    -3.37731838e-01 1.90017924e-01 -7.16233253e-02 1.70272803e+00
    -8.90649319e-01 -2.04408050e-01 4.21584062e-02 5.20144403e-01
    1.87216902e+00 6.54208004e-01 1.64770663e+00 3.48715991e-01
    1.79889071e+00 1.75990283e-01 1.35333657e+00 -4.50660527e-01
    1.84394312e+00 -9.02895510e-01 6.86528265e-01 8.30734611e-01
    4.24394757e-01 -1.87098101e-01 1.53903043e+00 -2.19807867e-03
    -3.44792306e-01 7.85821140e-01 1.28139186e+00 -8.01212788e-01
    4.45391357e-01 5.97485185e-01 -1.41636580e-01 3.75686474e-02
    1.14851415e+00 1.46031988e+00 9.78609920e-01 -5.85031271e-01
    -8.76617253e-01 1.09643996e+00 4.53907132e-01 1.84423852e+00
    -6.49536908e-01 1.41451490e+00 6.12144530e-01 -1.66123688e-01
    1.00151086e-02 6.93742514e-01 1.62218437e-01 4.46945459e-01
    -6.84066594e-01 -9.24987257e-01 8.62614810e-01 1.87102258e+00
    4.51437652e-01 -3.16540599e-01 1.58316553e+00 1.50194180e+00
    6.40843093e-01 1.83715498e+00 1.81217635e+00 6.64618790e-01
    1.41865826e+00 3.20664942e-01 4.80254330e-02 -5.50907373e-01
    3.74773026e-01 -4.55429792e-01 -7.89660871e-01 1.55205941e+00
    1.18380618e+00 -5.35218269e-02 1.73025513e+00 -7.22667873e-01
    -5.59559286e-01 1.05273521e+00 8.65540683e-01 5.51112354e-01
    3.76619659e-02 -7.37803459e-01 2.09719446e-02 -1.98904157e-01
    1.77329934e+00 1.03019238e-01 -2.64240950e-01 -5.24014771e-01
    -5.03524959e-01 1.57535112e+00 -2.06721172e-01 6.60172641e-01
    -8.07532817e-02 1.14648747e+00 4.44046199e-01 -9.35843050e-01
    1.28580427e+00 1.35150576e+00 -5.30579090e-02 2.98139304e-01
    1.30998743e+00 -4.97847527e-01 1.44046295e+00 5.59034288e-01
    -2.36921832e-01 2.71602511e-01 -2.52318203e-01 -7.77150644e-03
    -3.35282028e-01 9.15945530e-01 1.82115555e+00 1.12577748e+00
    -1.95494696e-01 8.32406461e-01 1.75591397e+00 9.78873432e-01
    -7.70470202e-01 -5.52412510e-01 1.79030025e+00 -3.98416340e-01
    -2.26484239e-01 1.31295729e+00 -7.98104525e-01 -8.66328299e-01
    1.55801713e+00 -3.35330427e-01 3.35654080e-01 8.23288187e-02
    1.11443293e+00 1.20923722e+00 1.09480345e+00 9.24977899e-01
    1.46914756e+00 -3.02684963e-01 1.40326154e+00 7.10513234e-01
    -7.42205441e-01 -7.62228489e-01 -5.94942331e-01 5.10873020e-01
    9.06015635e-01 1.69081211e+00 -2.02432647e-01 6.97331607e-01
    3.12528878e-01 -6.47083223e-02 3.17520946e-02 1.87093425e+00
    -5.08161962e-01 1.78446567e+00 1.08364940e+00 2.71386355e-01
    9.33968842e-01 -4.99618530e-01 -7.79715419e-01 -7.05548584e-01
    -7.40349352e-01 2.09565592e+00 1.19256306e+00 4.79680449e-01
    1.40213847e-01 7.51391709e-01 -5.95732093e-01 8.73077437e-02
    -3.33001763e-02 5.76773822e-01 3.96581531e-01 1.54675043e+00
    5.47869503e-01 2.23874107e-01 -1.74064502e-01 1.30101800e-01
    4.76087391e-01 -7.69925535e-01 -1.86250880e-01 1.63716948e+00
    5.54990232e-01 1.00674069e+00 1.23644614e+00 -7.56732762e-01
    -8.20492208e-01 1.20948958e+00 1.61206651e+00 1.68146336e+00
    1.65218365e+00 1.52333426e+00 6.94232881e-01 5.44219971e-01
    1.59765553e+00 4.26480472e-01 -4.29873198e-01 4.05313820e-01
    6.47127151e-01 -6.54528141e-01 -1.59732327e-02 6.15098119e-01
    1.40320194e+00 1.51456326e-01 -8.19041789e-01 1.02374482e+00
    2.87463248e-01 -1.20592535e-01 2.18078837e-01 -1.52073562e-01
    4.61592674e-01 1.20634639e+00 8.08079958e-01 1.12684715e+00
    -1.02515377e-01 7.55807638e-01 8.40046406e-01 1.42232001e+00
    1.84217560e+00 8.64669204e-01 -8.69227648e-02 -3.92756790e-01
    4.50671494e-01 1.37445199e+00 8.96735430e-01 1.63175726e+00
    -2.47209281e-01 6.80114210e-01 5.71916699e-01 1.91762340e+00
    -5.52723467e-01 1.46659911e+00 1.74789226e+00 -6.80200458e-01
    9.98103857e-01 1.19391513e+00 8.27142596e-01 1.59987533e+00
    1.57345390e+00 -3.33888888e-01 5.88418961e-01 5.06301641e-01
    3.25407973e-03 -1.54361114e-01 4.93653357e-01 -8.00881922e-01
    1.38158894e+00 9.09928083e-01 3.79025787e-01 1.85636652e+00
    7.61087596e-01 1.96510410e+00 4.42167133e-01 -1.94282010e-02
    -9.74986196e-01 -5.50306439e-01 -3.76919776e-01 8.39776874e-01
    6.30227625e-01 -6.19230330e-01 6.89968407e-01 -6.84613764e-01
    1.68375504e+00 1.56987429e+00 1.22855186e+00 1.47097623e+00
    1.97971329e-01 1.91581786e+00 -7.77379990e-01 -3.74146432e-01
    -8.03623438e-01 1.29751706e+00 -8.06790709e-01 5.05386174e-01
    1.15363562e+00 -1.43124163e-01 4.96653765e-01 6.00571692e-01
    1.03591049e+00 -4.71435368e-01 -4.46643591e-01 -1.01428187e+00
    -1.36584695e-02 3.95666927e-01 7.54985452e-01 1.05248022e+00
    5.57878494e-01 4.76645827e-01 -6.07375801e-02 2.15814169e-02
    -9.30909276e-01 7.40852296e-01 -8.39565217e-01 4.77268964e-01
    8.51476729e-01 1.63691747e+00 -4.79663700e-01 1.24099481e+00
    1.72268224e+00 1.80630934e+00 -2.19602227e-01 -6.06904775e-02
    4.09774065e-01 5.67408621e-01 1.32793856e+00 -3.75133045e-02
    1.48263156e+00 -9.89978462e-02 -9.54261541e-01 -6.57271922e-01
    1.24423873e+00 -1.82793722e-01 9.82666135e-01 8.24756086e-01
    -2.39240304e-01 7.34340012e-01 7.04083383e-01 3.41485411e-01
    5.36215194e-02 1.37882566e+00 -5.64095229e-02 -1.11572720e-01
    1.24738419e+00 1.26459301e+00 -8.30354154e-01 -8.61071229e-01
    1.35015106e+00 -4.04760212e-01 1.48830891e+00 5.25291920e-01
    -9.08657312e-01 1.09420478e+00 -2.90816166e-02 -1.10172085e-01
    9.70010936e-01 7.45034933e-01 1.43505967e+00 5.72366655e-01
    1.23913693e+00 1.84403002e+00 -1.30637079e-01 1.06154716e+00
    1.05993223e+00 1.11348474e+00 1.53497565e+00 3.28614622e-01
    -8.88690114e-01 1.08053219e+00 -4.66018952e-02 1.49613187e-01
    1.43637276e+00 1.44276512e+00 -3.70933831e-01 5.85198820e-01
    8.84189844e-01 -2.36817017e-01 -5.53691387e-01 1.65668175e-01
    -7.32560903e-02 3.52570117e-01 8.13222051e-01 1.19176579e+00
    6.55985475e-01 -6.80164397e-01 1.55848503e+00 -7.13814735e-01
    1.33240020e+00 1.28968179e-01 9.97412622e-01 1.34697783e+00
    1.67770028e+00 2.32920334e-01 2.78734237e-01 1.63421893e+00
    1.15663834e-01 1.35335290e+00 1.84509611e+00 -3.42114389e-01
    -9.45582390e-01 1.29239905e+00 1.47538042e+00 7.77541637e-01
    5.86767495e-01 1.08562422e+00 -1.09908143e-02 -6.00953162e-01
    4.62926894e-01 9.38330293e-01 1.41153860e+00 2.42081657e-01
    5.77563286e-01 4.84157577e-02 -4.55112457e-01 1.60147142e+00
    8.48174870e-01 -8.14410329e-01 4.94249791e-01 -4.59811687e-02
    -1.18568048e-01 8.63196671e-01 -1.05962789e+00 1.03914571e+00
    8.47491622e-01 -6.79636300e-01 1.87123954e+00 4.66930196e-02
    1.76362777e+00 -4.47111934e-01 -9.70774516e-02 1.97988331e+00
    5.85987866e-01 1.64637470e+00 8.26644897e-02 3.70571315e-01
    2.59985775e-01 1.62058580e+00 1.92345214e+00 -3.71945128e-02
    -6.83484316e-01 4.78894055e-01 5.31637311e-01 7.87858758e-03
    -6.33821905e-01 1.84035766e+00 1.50570822e+00 1.24451792e+00
    -8.94984007e-02 1.87275732e+00 6.97309315e-01 7.62398690e-02
    3.01106483e-01 3.80490422e-01 8.51630390e-01 -2.39086673e-01
    7.26497024e-02 2.31583282e-01 -5.45795262e-01 -5.62262952e-01
    -8.42453182e-01 -5.61325967e-01 -1.92233384e-01 2.61322975e-01
    1.27258968e+00 3.39432359e-01 -1.63093448e-01 1.86180913e+00
    7.52005219e-01 1.28629482e+00 -1.63892642e-01 -2.17282996e-01
    -7.28254437e-01 8.69689345e-01 -4.14367765e-02 1.73340416e+00
    2.77558148e-01 -5.58320761e-01 8.25062573e-01 1.16928756e+00
    -1.43660903e-01 1.22941566e+00 1.23782241e+00 1.10281396e+00
    1.18088937e+00 8.18275928e-01 -7.03914106e-01 1.15187025e+00
    8.60276639e-01 3.68031323e-01 8.90721500e-01 3.16921920e-01
    -7.37802327e-01 -3.00542533e-01 3.72630656e-01 8.92217606e-02
    -7.53592372e-01 6.85804248e-01 -8.30245554e-01 1.18055856e+00
    6.94296658e-02 -6.36374652e-01 -5.50534368e-01 1.69311255e-01
    1.70421374e+00 1.91489089e+00 5.02985299e-01 8.36707413e-01
    4.31779563e-01 -1.69373117e-02 6.15974784e-01 1.44516897e+00
    1.25003362e+00 -2.94676006e-01 1.40520751e+00 7.62315542e-02
    7.85571098e-01 1.80183136e+00 1.77030253e+00 1.23763680e+00
    4.89614964e-01 1.71481088e-01 1.70627666e+00 1.23257506e+00
    5.51844597e-01 -2.86223739e-01 5.88098109e-01 -6.71738148e-01
    -7.25225508e-01 -6.59898818e-01 -9.64263640e-03 -8.55483770e-01
    1.47590959e+00 1.07046497e+00 7.38809288e-01 -2.52752513e-01
    4.93683696e-01 -6.06201768e-01 1.76111174e+00 -9.61174786e-01
    1.03686523e+00 3.70434254e-01 3.74488235e-01 1.62404621e+00
    1.22937167e+00 1.59114468e+00 1.26887545e-01 -5.26933551e-01
    1.05013382e+00 -4.07276571e-01 1.25037432e+00 9.87031519e-01
    1.67716479e+00 1.66744101e+00 1.01614809e+00 2.00936139e-01
    -9.27215099e-01 1.46240795e+00 -5.64829767e-01 1.62569463e+00
    2.79157549e-01 1.55288732e+00 7.84379303e-01 1.57126045e+00
    1.85451639e+00 1.04816937e+00 -7.82294095e-01 1.00680649e+00
    5.34507334e-01 1.70093060e+00 1.45815229e+00 6.49323761e-01
    4.36655402e-01 8.39794517e-01 -7.01234415e-02 1.44874108e+00
    2.09192872e-01 1.35068551e-01 1.42053556e+00 4.06900644e-02
    1.69939232e+00 5.71326017e-01 1.15882054e-01 1.54465401e+00
    9.37086642e-02 2.46648356e-01 3.90628368e-01 -8.87695253e-01
    1.89714873e+00 3.30203861e-01 1.21720159e+00 1.94651723e+00
    1.38818765e+00 1.10503626e+00 1.49147415e+00 1.33801961e+00
    1.49384880e+00 -6.96522534e-01 1.39691198e+00 3.01736325e-01
    4.92578298e-01 -6.65205494e-02 -6.56129181e-01 -7.41178274e-01
    1.92808938e+00 1.97083101e-01 1.83359718e+00 1.61391318e+00
    8.09161007e-01 7.77623653e-01 2.26037242e-02 -5.36354482e-01
    1.39298999e+00 6.41026676e-01 9.04186845e-01 -8.78290057e-01
    1.02549958e+00 4.86188561e-01 1.75361407e+00 -7.24851727e-01
    4.60782707e-01 1.86521089e+00 1.20048732e-01 6.48043573e-01
    1.23540938e+00 1.54722631e+00 6.13675296e-01 -5.23245990e-01
    5.33773422e-01 1.83045614e+00 1.87892807e+00 1.55734134e+00
    -1.50460213e-01 -1.54587969e-01 7.68010616e-01 1.28935322e-01
    -2.22825930e-01 2.20755175e-01 -8.08703482e-01 9.36973095e-01
    -4.82363671e-01 -3.39329243e-01 5.93765676e-01 8.46484840e-01
    1.37719703e+00 9.34817016e-01 8.17255616e-01 1.80156663e-01
    1.23166287e+00 -6.90544903e-01 3.67105186e-01 3.29443783e-01
    8.19916189e-01 1.07482398e+00 6.31299138e-01 5.39939761e-01
    1.00730741e+00 1.43160194e-01 1.47144830e+00 -1.11613497e-01
    -9.66189802e-01 -8.69742990e-01 -8.60880256e-01 1.46354342e+00
    1.99516878e-01 -2.41799325e-01 7.11282864e-02 1.02286720e+00
    1.70231092e+00 1.62115550e+00 1.66419494e+00 1.17293358e+00
    -9.81888890e-01 2.55546808e-01 1.04968572e+00 6.19622588e-01
    -7.58222222e-01 1.34975564e+00 1.68879998e+00 4.62520570e-01
    3.75737369e-01 1.59418356e+00 -7.97592103e-01 1.24476981e+00
    -9.27656293e-01 1.68799210e+00 1.69488490e+00 7.69766152e-01
    1.76267076e+00 -4.83492613e-01 4.08467889e-01 -7.70518482e-01
    1.30257666e+00 4.86904085e-01 1.51112616e+00 1.46923709e+00
    -1.87027737e-01 -4.50581282e-01 -3.38041484e-01 5.74788749e-01
    -7.21565843e-01 1.63247693e+00 -7.82007515e-01 8.15677702e-01
    1.22289288e+00 1.60434139e+00 1.26126301e+00 3.41342121e-01
    -2.91371077e-01 1.26493049e+00 5.27569652e-01 1.53893733e+00
    -8.21155548e-01 1.06258225e+00 1.26381886e+00 1.23885679e+00
    6.76241159e-01 -6.48367405e-01 -5.22855699e-01 1.04250693e+00
    4.09866184e-01 1.24631083e+00 2.62132585e-01 1.84776807e+00
    7.28099227e-01 -6.74629688e-01 3.85703556e-02 2.43227631e-01
    8.92740369e-01 9.83410418e-01 1.18351758e+00 8.72498751e-01
    1.52703965e+00 1.93347752e+00 -1.07523136e-01 3.41932178e-01
    7.07538962e-01 -9.17660356e-01 3.46725024e-02 3.86921078e-01
    1.66388261e+00 1.41074908e+00 1.45564246e+00 4.22910899e-01
    1.08926326e-01 1.06132901e+00 -8.06132928e-02 -6.02518737e-01
    5.85770383e-02 1.67466426e+00 -2.97090441e-01 1.36643708e+00
    3.51460688e-02 5.45988940e-02 1.40873528e+00 -2.55367339e-01
    1.75670671e+00 4.90477353e-01 9.59840238e-01 1.49454772e+00
    -6.23776197e-01 5.57889104e-01 -6.81166172e-01 8.58024210e-02
    1.51088703e+00 1.63810730e+00 -4.25982252e-02 1.53816342e+00
    9.12500560e-01 8.91032040e-01 7.43175149e-01 -7.10658371e-01
    1.13027620e+00 1.07288849e+00 3.72953713e-01 1.47711432e+00
    9.11052287e-01 -5.77391088e-01 1.62459266e+00 1.15374374e+00
    3.73748630e-01 1.69293266e-02 3.38078499e-01 -3.46816331e-01
    1.71664691e+00 7.72003591e-01 -7.81610608e-01 -6.10480189e-01
    3.55644286e-01 1.20657277e+00 -1.02416992e+00 1.33478272e+00
    1.47208858e+00 1.20667553e+00 1.63859189e+00 6.72094822e-01
    4.29760069e-01 -3.74402881e-01 5.69333196e-01 1.48189688e+00
    1.04200375e+00 1.45943487e+00 1.07791913e+00 9.10743058e-01
    1.10547554e+00 1.01070106e+00 -3.96527618e-01 1.14476478e+00
    -1.26320884e-01 1.34821880e+00 9.13061023e-01 -8.70685637e-01
    9.35952365e-02 1.05250764e+00 7.52193213e-01 9.26674783e-01
    -3.92608762e-01 1.43605733e+00 1.54917908e+00 -6.69648767e-01
    1.74732733e+00 1.49507463e+00 1.73451173e+00 9.55786765e-01
    5.92679262e-01 2.62094513e-02 5.11909306e-01 1.71710896e+00
    7.63125718e-01 2.20598787e-01 1.88508224e+00 -6.66772366e-01
    1.04237831e+00 -3.33461851e-01 2.14781895e-01 1.07138729e+00
    1.76730466e+00 1.83216870e+00 6.66906714e-01 6.75430596e-01
    8.37972105e-01 1.77863097e+00 8.16397965e-01 9.42344546e-01
    2.67513216e-01 1.67965257e+00 6.43882632e-01 -9.33982790e-01
    1.54931951e+00 1.28648865e+00 -8.40820730e-01 -9.72121730e-02
    -3.10262889e-02 9.39506013e-03 -8.04835916e-01 1.14322460e+00
    1.76766253e+00 -7.48478651e-01 -5.94086833e-02 3.33819509e-01
    1.39019102e-01 2.74583519e-01 -4.37161118e-01 1.33215833e+00
    6.32690862e-02 -1.41791493e-01 3.25601250e-01 6.95417821e-01
    1.65597871e-01 -6.25261605e-01 1.12413108e+00 6.09317243e-01
    1.29871890e-01 4.58052874e-01 9.29105759e-01 1.39003956e+00
    1.43068457e+00 -1.34580895e-01 1.32989049e-01 -2.56374925e-01
    3.44781220e-01 1.39835644e+00 1.05318904e+00 1.60391033e+00
    -5.06665111e-01 1.40284395e+00 5.72482407e-01 1.85109794e+00
    -1.51954114e-01 -5.55228293e-01 1.29354143e+00 -8.41948032e-01
    4.38645601e-01 -1.87854826e-01 -8.01216424e-01 -3.43505114e-01
    -4.09264922e-01 1.08019185e+00 8.48559499e-01 3.62319618e-01
    6.59275949e-01 1.65238714e+00 -2.09852189e-01 4.92345989e-01
    1.84485829e+00 5.52735329e-01 -8.78536582e-01 5.77504694e-01
    5.16932249e-01 -4.57877040e-01 1.31517065e+00 -1.79121420e-01
    6.28649056e-01 9.61082280e-01 9.51985776e-01 -9.15525794e-01
    1.81774259e+00 1.80415487e+00 1.41519582e+00 1.42965031e+00
    -2.20585197e-01 1.34359944e+00 -5.95546067e-01 -5.48961639e-01
    1.30966771e+00 1.35203087e+00 1.45482659e+00 1.25329900e+00
    1.13456833e+00 -2.27624729e-01 9.46803212e-01 1.46800375e+00
    -6.38975620e-01 1.52103460e+00 1.54045790e-01 5.14454246e-01
    -8.19520473e-01 4.45383400e-01 -7.03056395e-01 1.19898713e+00
    1.30176699e+00 5.41778386e-01 -6.59348011e-01 -7.48807564e-03
    1.06979084e+00 -2.37851068e-01 1.13309181e+00 8.03033233e-01
    1.72606885e-01 -4.37614769e-01 1.99471223e+00 -5.98859668e-01
    1.80262601e+00 7.18256176e-01 -3.08842286e-02 -4.23111111e-01
    3.63231860e-02 -8.03337693e-01 5.99391639e-01 1.34215665e+00
    1.21559179e+00 -5.08783311e-02 -6.52036428e-01 1.01271403e+00
    -5.85999072e-01 6.33118331e-01 9.52376604e-01 1.34412611e+00
    1.20965552e+00 1.59866965e+00 7.54910231e-01 1.31337130e+00
    -2.58170068e-01 -5.63229084e-01 1.21930444e+00 1.34113264e+00
    -7.16761112e-01 1.21291554e+00 -1.27472177e-01 -1.65513054e-01
    7.08245039e-01 -6.39736593e-01 -4.00254130e-01 2.32366715e-02
    7.00745821e-01 3.79819036e-01 8.04363430e-01 -3.98471534e-01
    -8.98921192e-01 -3.62148881e-01 -3.64273816e-01 1.88396841e-01
    -1.08908918e-02 -3.25352997e-01 1.83848417e+00 -7.31480658e-01
    6.78557307e-02 -8.03943336e-01 -7.69508183e-01 1.76829016e+00
    1.57862651e+00 1.38563204e+00 1.08002806e+00 -6.32688761e-01
    -1.28275812e-01 6.53803766e-01 9.42808628e-01 1.48226798e+00
    1.17339742e+00 1.86060417e+00 -3.35881799e-01 2.83511370e-01
    1.05833113e+00 -1.17498800e-01 -2.86647320e-01 2.37291098e+00
    6.57748997e-01 -5.17529368e-01 1.13508892e+00 -6.45418108e-01
    6.93872511e-01 1.34483874e+00 6.39980659e-02 1.25448132e+00
    1.41094995e+00 -7.96072304e-01 1.37721777e-01 1.36977232e+00
    1.56527472e+00 -6.86841547e-01 -6.14693046e-01 -2.73883373e-01
    -7.63397694e-01 1.24307442e+00 -2.05794469e-01 1.52995181e+00
    -2.67572194e-01 1.20451474e+00 -4.38205898e-01 -6.90792024e-01
    2.12244451e-01 -7.75568187e-01 1.22953868e+00 1.68074537e-02
    -3.02861426e-02 1.31848061e+00 1.68472612e+00 1.54280484e+00
    1.05189240e+00 9.72799957e-01 1.48867679e+00 4.42662776e-01
    -1.00069475e+00 -6.38626814e-01 5.43908298e-01 1.71322680e+00
    6.93863392e-01 -8.04656923e-01 1.30772308e-01 -3.53753418e-01
    -9.11712926e-03 2.54318230e-02 1.24555910e+00 1.52996576e+00
    1.60294545e+00 1.27088463e+00 1.44862139e+00 3.52057219e-01
    2.57296592e-01 5.19067228e-01 1.37584269e-01 3.64225835e-01
    -8.71039748e-01 6.57815114e-02 2.55674452e-01 1.21845257e+00
    -9.75555539e-01 1.19633436e+00 1.85402751e+00 1.62054646e+00
    8.50705028e-01 -7.81701267e-01 -5.49685597e-01 6.90514147e-01
    1.16172254e+00 1.86622059e+00 -6.62104249e-01 -9.08827484e-01
    1.76102304e+00 -4.66161460e-01 1.58386326e+00 -1.13601767e-01
    1.74282837e+00 -4.09866482e-01 1.45362866e+00 2.33241811e-01
    1.40115511e+00 1.08173811e+00 -9.60867584e-01 8.26568186e-01
    1.65009630e+00 -7.51191676e-01 -2.55876750e-01 1.47537339e+00
    -3.74772638e-01 3.37438494e-01 4.80435252e-01 1.22971237e+00
    7.36518623e-03 1.82036424e+00 6.04032934e-01 9.34152126e-01
    1.00188529e+00 9.33957219e-01 9.24542487e-01 1.07977700e+00
    5.86466670e-01 -6.86284065e-01 1.57682478e+00 -8.49946260e-01
    -8.56812000e-02 1.71474588e+00 1.13258410e+00 1.50225735e+00
    1.63958156e+00 1.31596971e+00 -6.24627233e-01 7.66747370e-02
    -2.49880835e-01 -7.46383786e-01 1.30827487e-01 1.93244326e+00
    -6.40832543e-01 6.95448458e-01 -8.39385867e-01 -2.38186806e-01
    2.92731404e-01 -4.47819345e-02 1.10672104e+00 -9.23772633e-01
    -6.34132147e-01 1.43412471e+00 -4.72553931e-02 1.84709001e+00
    9.91998971e-01 -6.78488985e-02 -3.85141343e-01 2.93537378e-01
    1.94045341e+00 2.95440853e-01 -3.53788793e-01 8.03800046e-01
    -7.25149751e-01 -3.65069151e-01 1.80972290e+00 -9.10511255e-01
    6.04218960e-01 -8.22857022e-01 4.11373496e-01 1.16329178e-01
    1.29455745e+00 -1.38496637e-01 9.42701399e-01 -4.60834831e-01
    7.42890060e-01 -8.75372231e-01 1.68923664e+00 1.20303512e+00
    9.57833707e-01 1.77754080e+00 -6.25392199e-01 -8.27001333e-01
    7.58532047e-01 1.90156043e-01 1.06963134e+00 1.61851621e+00
    1.27472734e+00 -2.02625975e-01 1.53750288e+00 1.05559528e+00
    -8.16872597e-01 -1.51125863e-01 9.66027319e-01 5.50747454e-01
    1.62216663e+00 -5.84616542e-01 2.21100643e-01 1.43146908e+00
    3.90153714e-02 5.52220523e-01 -8.32309067e-01 -2.74552554e-01
    8.26438904e-01 5.75760245e-01 1.07626867e+00 4.55775559e-02
    6.90796435e-01 6.87431276e-01 -4.74547893e-01 7.26135254e-01
    1.30267620e+00 -4.84817266e-01 2.29677424e-01 1.16026163e+00
    6.33801997e-01 -5.34860253e-01 2.41094023e-01 -1.49205685e-01
    6.25083923e-01 -1.52999565e-01 -4.43273813e-01 1.24455929e+00
    9.10214663e-01 -5.34698606e-01 -3.18926632e-01 -3.16546321e-01
    1.81521559e+00 4.83927503e-02 -4.53534931e-01 -1.95689276e-01
    1.18978775e+00 1.75599945e+00 -9.79792595e-01 5.68855941e-01
    -2.59048849e-01 -3.52887392e-01 1.68230247e+00 -2.52676189e-01
    1.83862400e+00 -2.57394314e-02 -5.46876788e-01 -7.68386900e-01
    2.93531179e-01 4.32100266e-01 -5.87185860e-01 -9.49727058e-01
    5.92006505e-01 1.80023491e+00 5.23141980e-01 8.17382336e-01
    1.88817465e+00 6.03981435e-01 -2.04847362e-02 7.98257291e-01
    -1.85250938e-01 1.27006984e+00 8.52567613e-01 2.79568546e-02
    1.21479787e-01 1.17503190e+00 9.08730865e-01 3.52577448e-01
    -4.66675848e-01 9.45067644e-01 5.01591742e-01 -3.69834483e-01
    1.84256887e+00 -7.59534717e-01 7.55853117e-01 1.01424646e+00
    1.16450608e+00 1.02016318e+00 1.92506349e+00 1.56984663e+00
    8.01237404e-01 1.20336533e+00 -5.31461358e-01 1.15027118e+00
    1.72700596e+00 1.21101344e+00 -1.60123393e-01 2.88201272e-01
    -8.11468303e-01 8.46769691e-01 -2.82329358e-02 -5.22880495e-01
    1.71539831e+00 -8.06933582e-01 1.61916888e+00 6.56060815e-01
    1.48152912e+00 -8.85269165e-01 1.13403988e+00 -2.47909665e-01
    1.11168098e+00 2.85803944e-01 -4.13265020e-01 8.88939798e-02
    4.65017915e-01 1.42366922e+00 3.15808892e-01 6.20473921e-01
    7.26942956e-01 1.24575794e+00 -5.87082617e-02 -3.76076639e-01
    3.26920509e-01 1.00929141e+00 1.97949040e+00 4.28391904e-01
    1.15450990e+00 2.68226355e-01 5.27653396e-01 7.84908473e-01
    1.18511878e-01 6.41069233e-01 1.73946178e+00 -5.51436901e-01
    7.85227418e-01 -8.25067535e-02 1.64289272e+00 1.12303853e+00
    1.03094935e+00 -5.14244549e-02 -7.53633082e-01 -6.28974438e-01
    -8.04491520e-01 1.87185550e+00 9.38890040e-01 1.27438509e+00
    -4.98425841e-01 -1.42074183e-01 -5.37874162e-01 -6.38800621e-01
    1.27959955e+00 3.72908831e-01 1.90016294e+00 6.47484720e-01
    2.56183632e-02 -7.38476634e-01 6.00323677e-01 1.47731674e+00
    -5.77972293e-01 1.41066504e+00 6.16890006e-02 1.50589716e+00
    2.59020239e-01 -3.91287625e-01 6.39187694e-01 -2.64614314e-01
    8.90645862e-01 -1.06456444e-01 1.43816018e+00 4.86182988e-01
    8.46586704e-01 5.55263937e-01 3.61094438e-02 -3.68198127e-01
    8.87688547e-02 7.95063794e-01 -8.32704067e-01 5.63427269e-01
    7.02980042e-01 1.20490539e+00 -6.33498728e-01 1.17970622e+00
    1.08751965e+00 2.24286199e-01 -1.94224715e-01 1.73429871e+00
    -5.02212107e-01 -8.12646806e-01 -8.70724201e-01 1.62684035e+00
    8.17938328e-01 8.50957513e-01 1.71248689e-01 1.81532609e+00
    -4.21029925e-01 -9.05814052e-01 -3.98855031e-01 1.32982540e+00
    -2.62464434e-01 1.59541517e-01 1.62240124e+00 4.42943305e-01
    6.15707397e-01 1.22935605e+00 -9.60054155e-03 -3.32754791e-01
    -6.84052184e-02 3.62187743e-01 7.71657109e-01 6.61425963e-02
    -4.38829273e-01 7.93810129e-01 3.65376472e-01 1.09482062e+00
    -1.03546154e+00 1.44568610e+00 1.71678340e+00 1.14247096e+00
    1.72430980e+00 -3.29462260e-01 1.24151993e+00 1.77665091e+00
    -6.18422702e-02 8.48816633e-01 -4.65181172e-01 1.40726781e+00
    3.42516452e-01 9.56120133e-01 1.64092565e+00 3.50971609e-01
    -7.99463034e-01 9.19245601e-01 -1.13205358e-01 1.17380714e+00
    1.72918367e+00 1.60301375e+00 7.66428933e-03 1.92653441e+00
    -1.80698901e-01 2.61043906e-01 1.14625907e+00 1.75984001e+00
    1.42586136e+00 -5.29303432e-01 9.22153950e-01 1.03434098e+00
    -1.78340003e-01 -3.99649233e-01 -1.06754623e-01 1.71454406e+00
    1.69538832e+00 -8.25992167e-01 1.32739675e+00 1.23330760e+00
    1.36459315e+00 1.80926406e+00 1.61919105e+00 -8.68511125e-02
    1.51937437e+00 8.71405363e-01 1.61407459e+00 -6.16726935e-01
    1.68193245e+00 1.72427320e+00 3.34192425e-01 -5.04312702e-02
    -7.59975076e-01 -2.34167218e-01 1.60735086e-01 1.58005965e+00
    7.34357655e-01 1.77810621e+00 1.48458135e+00 1.75382629e-01
    1.82618248e+00 1.31861782e+00 1.63275552e+00 6.23358965e-01
    -9.18321788e-01 1.83704808e-01 2.25035027e-01 -8.52177382e-01
    -6.39313877e-01 3.76791954e-01 -1.00819267e-01 -5.71185052e-01
    -3.78850996e-01 7.29371250e-01 3.93198490e-01 -7.42948890e-01
    4.34144706e-01 1.46495783e+00 -1.43641561e-01 8.29427540e-01
    1.28234863e+00 -9.95337188e-01 4.70461041e-01 1.49269521e+00
    -7.23531246e-01 6.58672631e-01 1.44033694e+00 1.44441426e+00
    9.18151975e-01 1.28555202e+00 1.51812959e+00 1.82323778e+00
    1.64386380e+00 -7.57829189e-01 -3.53272289e-01 7.15225279e-01
    1.06475115e+00 -6.19374394e-01 1.06914055e+00 1.91892457e+00
    1.28620291e+00 6.07216537e-01 6.42404675e-01 -6.58369303e-01
    -7.81361639e-01 1.44482625e+00 -3.29330057e-01 1.62834370e+00
    2.60575414e-01 1.65051532e+00 -8.74027967e-01 1.13309586e+00
    7.10559189e-01 1.99434549e-01 -2.75330305e-01 -1.24999583e-01
    -9.09479737e-01 -4.28899884e-01 6.23329997e-01 1.62815675e-02
    8.76578212e-01 1.85844338e+00 1.87010057e-02 1.62795901e+00
    1.02516818e+00 1.52288711e+00 3.31805259e-01 -2.25984812e-01
    -3.13272536e-01 1.12396620e-01 1.28682852e+00 -3.19010496e-01
    -3.28324556e-01 -2.31122211e-01 4.12821680e-01 -8.18502009e-01
    2.17554659e-01 -3.69537681e-01 -1.59167349e-01 1.73175597e+00
    1.80017531e+00 6.07970893e-01 1.04357529e+00 -1.51168540e-01
    3.86945248e-01 -8.06853235e-01 1.58706832e+00 8.34728777e-01
    1.59830606e+00 1.27080095e+00 1.48612058e+00 1.37308288e+00
    8.14175546e-01 7.56936133e-01 6.99786305e-01 1.23564470e+00
    1.16152060e+00 7.19946206e-01 4.81887370e-01 -7.65885472e-01
    9.18859661e-01 3.68438214e-01 1.00171530e+00 4.17645514e-01
    -3.97743881e-02 1.88208604e+00 -7.68694207e-02 1.81172657e+00
    1.87532210e+00 -6.13604963e-01 1.41979539e+00 -1.60329655e-01
    4.89352703e-01 -2.23453075e-01 -3.85731101e-01 5.41143596e-01
    -5.42627215e-01 3.31328928e-01 -2.56452933e-02 6.58933699e-01
    1.80112588e+00 1.28639519e+00 6.59664869e-01 5.19392192e-01
    6.55485690e-01 -8.85511518e-01 -1.15321111e-02 1.15847492e+00
    8.02384794e-01 -4.37576562e-01 1.27658117e+00 1.47207069e+00
    -7.97973871e-02 1.91691983e+00 1.29613221e+00 1.16720200e+00
    -1.93950146e-01 1.24266076e+00 -7.72678018e-01 -7.14195132e-01
    5.45907438e-01 3.61549079e-01 3.42349000e-02 -9.16173816e-01
    1.03101932e-01 1.70453429e+00 -6.76997781e-01 -1.24719501e-01
    6.32055223e-01 1.50311971e-02 9.38896239e-02 1.78685260e+00
    8.63609612e-01 1.60828602e+00 -4.78013307e-01 1.64320815e+00
    1.38199592e+00 -1.97568908e-01 7.25866556e-01 1.57510817e+00
    1.53222752e+00 1.86622417e+00 1.74176145e+00 2.20216796e-01
    -5.86484849e-01 2.33700141e-01 8.50202620e-01 1.29765165e+00
    4.87093151e-01 2.17534006e-01 7.03456521e-01 -6.01750433e-01
    -5.20164847e-01 -3.80886912e-01 8.93286884e-01 2.40398169e-01
    2.64784276e-01 -1.96211174e-01 9.57044661e-01 4.23544943e-01
    7.45250165e-01 -4.99692410e-01 1.28301597e+00 1.10620832e+00
    -5.34694195e-01 5.62770188e-01 1.62070620e+00 1.10018611e+00
    -2.49429002e-01 4.00646985e-01 -6.82722509e-01 1.51688766e+00
    8.83742988e-01 1.90643728e+00 5.61741330e-02 -7.08306432e-01
    1.42655420e+00 1.23965390e-01 8.41800451e-01 -2.49812994e-02
    1.12441373e+00 8.70168209e-01 -4.26502019e-01 1.69740891e+00
    1.57231614e-02 1.65128183e+00 -3.41815561e-01 1.49547920e-01
    2.41508931e-01 4.81050573e-02 1.41044438e+00 6.31214499e-01
    3.22508156e-01 -7.25978553e-01 9.58047330e-01 1.69982612e-01
    -1.67667374e-01 2.19584107e-01 1.44778347e+00 -1.92996949e-01
    -1.84776381e-01 1.64477384e+00 6.30847275e-01 -3.48795980e-01
    -7.18620956e-01 -6.85408890e-01 -3.43656778e-01 1.73258972e+00
    3.11541378e-01 1.94667804e+00 7.09758759e-01 -7.24047482e-01
    1.10424054e+00 1.01443090e-01 4.75959480e-01 1.90930057e+00
    1.80884111e+00 8.66768420e-01 1.33721554e+00 -8.77358973e-01
    -9.49203968e-01 4.54285204e-01 1.72231507e+00 -9.65428472e-01
    1.73067832e+00 1.49303639e+00 1.36642313e+00 -8.34921718e-01
    1.38090193e+00 1.08115828e+00 6.73841894e-01 2.94800162e-01
    3.54140013e-01 -1.26175299e-01 1.29092145e+00 1.45424104e+00
    1.58836806e+00 1.41262770e+00 7.98186362e-01 -3.67907047e-01
    5.18433213e-01 -6.93535149e-01 3.81576359e-01 1.59755599e+00
    1.66566777e+00 1.49538481e+00 1.58544505e+00 1.63339698e+00
    -5.06284714e-01 1.56380475e+00 -5.62753022e-01 1.55757535e+00
    -9.61867690e-01 -2.63726711e-01 1.75449276e+00 1.63675892e+00
    9.06157017e-01 -9.99535546e-02 1.85477841e+00 1.34968126e+00
    1.65398932e+00 1.33891141e+00 -3.44833843e-02 -8.47063482e-01
    -6.01273358e-01 1.24191320e+00 1.73131371e+00 9.95538116e-01
    1.18440354e+00 -2.40366235e-02 1.32152438e+00 -5.06346822e-01
    7.61815190e-01 -6.81126654e-01 -9.60131228e-01 1.48537099e+00
    1.00001025e+00 1.00349140e+00 1.52675068e+00 4.29061860e-01
    7.76976526e-01 1.75043845e+00 -2.94626325e-01 -5.99936128e-01
    3.18584770e-01 -2.13929236e-01 -5.17617643e-01 -1.04003653e-01
    -9.87122580e-02 7.39611745e-01 3.14463079e-01 -5.25155067e-01
    2.27518782e-01 6.36844337e-01 1.10083807e+00 1.24251091e+00
    1.75105977e+00 -8.22369218e-01 1.37562931e+00 7.65568316e-01
    1.57013333e+00 1.74434137e+00 2.58611977e-01 -4.82628644e-01
    1.31450391e+00 1.25756729e+00 5.12295723e-01 4.23057050e-01
    -2.23151579e-01 1.24198699e+00 1.51914167e+00 1.84774458e+00
    2.03269434e+00 1.98177004e+00 2.03327847e+00 1.15597583e-01
    1.95227444e+00 -5.64571559e-01 1.07983541e+00 -8.39775875e-02
    1.71031892e+00 -4.63252813e-01 1.86091268e+00 6.68676794e-01
    -7.68778145e-01 -4.27237511e-01 1.09847355e+00 -3.42330247e-01
    -7.83401251e-01 -1.27227142e-01 1.51183367e+00 -9.50290263e-01
    2.31743678e-01 1.23250937e+00 1.00100017e+00 1.27395332e+00
    -6.91958964e-01 -4.22913581e-02 -3.18895280e-01 -6.16626501e-01
    -3.00191522e-01 -9.28962111e-01 1.80278853e-01 1.18586957e-01
    8.32948387e-01 1.74273968e+00 -9.46166962e-02 -2.11405754e-01
    1.67243183e+00 4.25122112e-01 -1.47369623e-01 3.99000883e-01
    3.93671602e-01 1.02427149e+00 -3.65573883e-01 -2.32327551e-01
    1.26040745e+00 3.47522944e-01 -1.81847662e-01 -8.95718515e-01
    1.75747856e-01 1.43977666e+00 7.44011521e-01 9.17597413e-01
    3.17820907e-01 1.80406928e-01 -7.64864504e-01 1.63044679e+00
    -4.33134407e-01 7.02064395e-01 1.38138425e+00 3.98079008e-01
    2.04722017e-01 8.93068850e-01 1.49046993e+00 1.14837289e+00
    1.27535307e+00 5.39587498e-01 1.72802305e+00 1.75517488e+00
    -7.28564262e-01 3.39479744e-01 8.52910519e-01 1.26841569e+00
    6.50125206e-01 7.42804646e-01 -4.49533135e-01 -3.61648113e-01
    -1.01268545e-01 -9.02882457e-01 1.70791519e+00 1.56721008e+00
    1.64076960e+00 -1.06247663e+00 1.10474333e-01 -9.42074299e-01
    -5.11831820e-01 -4.65464950e-01 2.10684240e-01 -7.60362446e-01
    3.35814208e-01 1.69668615e+00 1.14200175e+00 1.30725682e+00
    7.89249420e-01 1.14395869e+00 1.81406707e-01 -8.03811789e-01
    -2.78892100e-01 6.22289360e-01 2.96952516e-01 1.58839536e+00
    1.41114867e+00 1.19905591e+00 4.73476022e-01 1.42416191e+00
    -2.15169415e-01 -1.69793978e-01 1.23723400e+00 4.74731177e-01
    1.60956347e+00 1.33739090e+00 8.21345985e-01 4.01287764e-01
    3.82229686e-01 5.07731549e-02 9.48267579e-01 1.78270006e+00
    8.38117778e-01 -1.77175432e-01 -2.02210769e-02 1.09385741e+00
    -6.64749086e-01 1.61503398e+00 6.41608119e-01 7.18556702e-01
    -8.63773048e-01 1.79162419e+00 2.19491050e-01 1.62388885e+00
    7.92189479e-01 -4.20707285e-01 1.73275185e+00 1.24708867e+00
    1.65853274e+00 -6.17086530e-01 -6.01884782e-01 4.32613820e-01
    -2.19709948e-01 -8.07513177e-01 1.81448400e+00 1.86882365e+00
    1.00103986e+00 -6.13286436e-01 1.68063593e+00 1.53209221e+00
    1.09857821e+00 8.38210285e-01 -1.34775326e-01 -3.07428747e-01
    1.45671892e+00 1.59508455e+00 -7.44712472e-01 2.26377115e-01
    1.18611157e+00 4.55667943e-01 -8.02957475e-01 -7.86650002e-01
    -9.92789149e-01 -3.41274589e-01 2.37786934e-01 1.58060324e+00
    -4.24976915e-01 -6.52695954e-01 9.87771511e-01 -8.28053176e-01
    7.54445076e-01 9.35185313e-01 -3.14464003e-01 1.88131249e+00
    -6.02396190e-01 3.96151930e-01 3.66822451e-01 1.46630299e+00
    1.37900159e-01 7.20202744e-01 3.19820866e-02 -3.94392479e-03
    1.28092182e+00 9.65265870e-01 1.61693871e+00 -3.20860088e-01
    3.32615465e-01 2.52713799e-01 1.37745512e+00 3.05829793e-01
    1.77752519e+00 4.82405931e-01 6.70665324e-01 1.78922963e+00
    1.72840178e+00 1.07218325e+00 1.60905898e+00 1.52511728e+00
    1.40417647e+00 1.15246928e+00 -7.59041429e-01 1.17970192e+00
    1.86888683e+00 -5.54616749e-01 -6.88414931e-01 6.27680659e-01
    5.22024453e-01 1.70376313e+00 1.43581760e+00 -4.45598215e-01
    8.93118262e-01 1.81446075e+00 -5.81981063e-01 -2.98527956e-01
    4.59866315e-01 2.37772241e-01 -1.54280066e-01 -8.22839364e-02
    -3.37273479e-01 1.22221100e+00 1.33725512e+00 -4.97929901e-01
    -2.77287006e-01 1.58614647e+00 8.62942994e-01 -7.76250139e-02
    7.97951996e-01 -2.52296686e-01 1.93416849e-01 1.82052821e-01
    1.34961545e+00 1.96459040e-01 -8.43743205e-01 -9.33408976e-01
    1.78126109e+00 1.62448335e+00 9.99834836e-01 1.54269886e+00
    1.89407301e+00 -4.23937105e-02 -2.02661008e-01 1.85232234e+00
    1.03979337e+00 1.03797328e+00 7.93465078e-01 1.53436780e+00
    1.10457289e+00 -7.26683438e-01 -6.75258636e-01 -3.80300522e-01
    -5.50938427e-01 8.07249665e-01 7.34445751e-01 -2.87262112e-01
    -2.19623730e-01 1.32771993e+00 1.79892302e+00 -9.18579340e-01
    -7.60852396e-01 2.82337606e-01 -8.81713212e-01 -1.50920346e-01
    1.10555840e+00 2.79050857e-01 -1.24929249e-02 1.31179857e+00
    1.94914818e+00 1.89270830e+00 1.20600545e+00 2.02753210e+00
    -2.45972812e-01 3.66142422e-01 -6.05672933e-02 4.06179219e-01
    -4.93415415e-01 1.15518951e+00 4.25701141e-02 1.02099836e+00
    1.60895813e+00 1.43660092e+00 1.11478972e+00 1.71990478e+00
    1.12119567e+00 -8.59299421e-01 6.91159606e-01 2.27127761e-01
    5.55127323e-01 1.10501349e+00 7.14230359e-01 -8.24004412e-01
    1.31711173e+00 -5.22199631e-01 1.44889498e+00 1.15448499e+00
    6.58338293e-02 1.17056692e+00 1.09951958e-01 1.72287524e+00
    1.67207584e-01 1.92419863e+00 9.05025721e-01 -3.80311221e-01
    -7.13529229e-01 2.05958471e-01 1.30277407e+00 1.48727095e+00
    1.09591532e+00 1.22543383e+00 -7.25521982e-01 1.71621656e+00
    -1.83655441e-01 1.77640235e+00 6.12453580e-01 1.64680486e-03
    8.09180558e-01 4.99850690e-01 8.24858725e-01 -7.18850270e-02
    7.69597739e-02 -5.62592745e-01 -4.59050089e-01 2.00280666e+00
    1.61460042e+00 7.89218962e-01 1.09382585e-01 -3.54141057e-01
    -9.21355903e-01 1.08471811e-01 6.47532403e-01 1.87493038e+00
    7.44909346e-02 1.76455009e+00 4.69143748e-01 -4.78052914e-01
    2.86875308e-01 -6.49851382e-01 5.10756254e-01 1.19912148e+00
    -6.85590327e-01 1.27567172e+00 4.37297851e-01 -1.54426455e-01
    6.54074430e-01 8.73406112e-01 4.63898212e-01 1.25905597e+00
    4.93749857e-01 -8.25260460e-01 1.21262205e+00 2.23482400e-01
    -1.01432905e-01 4.74299997e-01 1.08851337e+00 1.44539917e+00
    -5.08477449e-01 -6.39540553e-01 1.81485832e+00 7.11202919e-01
    -4.35272157e-01 1.84818041e+00 1.13418949e+00 -4.28002656e-01
    1.82357585e+00 -5.61138213e-01 -7.72625029e-01 -1.23714991e-01
    2.32907310e-01 -9.81479466e-01 1.85814691e+00 5.90019524e-01
    5.93588412e-01 -4.39551532e-01 -9.74724054e-01 -1.01470046e-01
    1.80803835e+00 1.57461905e+00 -1.33180454e-01 2.34080493e-01
    1.44124067e+00 1.94810987e+00 9.34705794e-01 -3.62594947e-02
    -6.94508076e-01 -1.56180456e-01 6.43867850e-02 3.47111404e-01
    1.50613606e+00 6.48342788e-01 1.13474417e+00 1.25549531e+00
    -1.24808334e-01 5.89072347e-01 -8.29387009e-01 1.56335935e-01
    -2.54691452e-01 1.69877470e+00 -6.23471498e-01 1.78796864e+00
    3.92461538e-01 -2.96894331e-02 6.34695888e-01 3.76972169e-01
    1.55817068e+00 -3.95736307e-01 -3.12555879e-01 -6.44278824e-02
    -1.94720984e-01 9.43698108e-01 -4.33088124e-01 1.19657350e+00
    -7.04238355e-01 1.08150280e+00 1.55323172e+00 3.04169714e-01
    -4.91642892e-01 -2.03842863e-01 -4.44740623e-01 1.69884670e+00
    6.07012391e-01 -1.42813027e-01 1.23612821e+00 -6.25386655e-01
    1.37043464e+00 -3.90290380e-01 -6.12304926e-01 -6.81913674e-01
    1.32868779e+00 -5.46112537e-01 1.46274650e+00 -1.30538523e-01
    4.17498440e-01 7.97390640e-01 1.25130665e+00 1.30542254e+00
    -6.57859921e-01 9.27946627e-01 -6.34467721e-01 -4.28452492e-01
    -5.83690643e-01 8.18557560e-01 -8.75178397e-01 4.72104430e-01
    1.30112588e-01 1.65728951e+00 9.33621526e-01 -6.75657153e-01
    1.93956748e-01 -5.33540845e-01 1.44535553e+00 1.66485214e+00
    -8.69646728e-01 -6.07284367e-01 -6.41475916e-01 1.17593324e+00
    -5.79704523e-01 -3.90343308e-01 2.00949386e-01 -5.12025177e-01
    7.50815213e-01 7.94079363e-01 1.77794695e+00 1.16103399e+00
    1.16547787e+00 -8.64789724e-01 2.81151325e-01 -2.02922687e-01
    1.58209312e+00 1.38861108e+00 -1.29630789e-01 3.07363808e-01
    6.72852516e-01 1.63711399e-01 1.84915555e+00 2.00692549e-01
    8.90408754e-01 -7.29428709e-01 1.75488973e+00 5.10382175e-01
    -4.06564713e-01 1.74672484e+00 1.61755776e+00 5.45461237e-01
    1.66605127e+00 2.45452568e-01 -2.40173921e-01 6.81436598e-01
    -5.08135796e-01 -4.51774187e-02 5.36767125e-01 -2.63198346e-01
    -7.97504783e-01 2.13092789e-01 1.00278832e-01 1.66576791e+00
    8.46827328e-01 2.06381485e-01 1.70275247e+00 1.74495625e+00
    4.77656484e-01 9.72606003e-01 6.30407810e-01 7.30474114e-01
    1.89933705e+00 5.36591113e-01 4.82388586e-01 2.18606442e-01
    -3.07374179e-01 -5.06091416e-01 8.82966995e-01 1.51426482e+00
    1.47357130e+00 1.23787522e+00 5.93537092e-01 -3.36456182e-03
    -8.29203010e-01 6.99050546e-01 2.05350339e-01 -7.53637910e-01
    1.65007901e+00 6.41406298e-01 -2.98575699e-01 1.05687416e+00
    -4.54540670e-01 -6.25529885e-01 2.19603077e-01 1.00950348e+00
    -2.22379744e-01 -2.79904395e-01 -3.16614032e-01 -4.75026280e-01
    4.86838967e-01 -1.68917626e-02 5.86798131e-01 1.76875401e+00
    1.44620371e+00 1.00173378e+00 -9.70323443e-01 -8.00292432e-01
    -2.39624709e-01 1.13547400e-01 7.56726563e-01 1.33853960e+00
    1.39723492e+00 -8.76386940e-01 -3.56656522e-01 -9.61719215e-01
    6.32496476e-01 -2.47830987e-01 7.03701079e-01 1.64073324e+00
    4.52133119e-02 8.62058938e-01 1.57192147e+00 1.38133776e+00
    1.54754472e+00 6.85337126e-01 1.11224484e+00 8.38237464e-01
    9.46928024e-01 -5.15802383e-01 -2.04033077e-01 1.28307426e+00
    1.15332854e+00 1.39296794e+00 1.32334495e+00 -4.32650536e-01
    8.91765654e-01 1.61179364e+00 6.59240127e-01 3.74313623e-01
    8.06068420e-01 8.05525959e-01 -7.30466425e-01 6.81885839e-01
    2.83547878e-01 2.72965223e-01 1.83583021e+00 -8.04073870e-01
    -7.14712799e-01 9.26540852e-01 1.97951376e+00 1.90996397e+00
    -8.39965224e-01 -8.23127270e-01 1.34848386e-01 -1.75291894e-03
    1.71699417e+00 1.46662068e+00 4.78310585e-01 1.47322035e+00
    1.75051963e+00 5.26320934e-03 8.00554872e-01 -5.64331710e-01
    1.29640758e+00 7.02615738e-01 4.07191634e-01 1.21950471e+00
    6.51712060e-01 -8.21580827e-01 8.50878060e-01 1.41453576e+00
    -6.23771660e-02 1.69166759e-01 1.74077421e-01 6.08463705e-01
    2.52522886e-01 7.61527240e-01 4.45547849e-01 -7.70509422e-01
    4.65575457e-01 1.92138934e+00 -3.82954568e-01 5.85394382e-01
    1.19023526e+00 1.52939534e+00 5.55706203e-01 7.90588915e-01
    -8.10680151e-01 1.13061833e+00 1.71934521e+00 -4.90265161e-01
    1.70069540e+00 -4.30033416e-01 1.10814595e+00 4.76317793e-01
    3.92314762e-01 3.29429835e-01 3.51152986e-01 2.18957365e-01
    -2.03088701e-01 4.28248376e-01 1.73451984e+00 -3.52234781e-01
    1.19218946e+00 7.36366510e-01 8.89538467e-01 1.32902515e+00
    1.19557464e+00 1.84730005e+00 -7.83705235e-01 -1.25898123e-01
    1.52160788e+00 5.50890803e-01 1.47609413e-01 -8.91005576e-01
    1.47512788e-03 1.27822387e+00 1.45560801e+00 1.52864301e+00
    2.04729419e-02 1.24030972e+00 2.80395836e-01 4.10857618e-01
    5.95550060e-01 1.66561604e+00 4.81062159e-02 1.05928302e+00
    1.95467472e+00 1.09489545e-01 3.88735831e-02 1.37333214e+00
    1.19379735e+00 -7.90545523e-01 1.50081611e+00 -2.07450747e-01
    1.88111448e+00 1.05455434e+00 2.95345962e-01 3.49105895e-01
    1.08286142e+00 2.00158167e+00 8.16169679e-01 -8.76108930e-02
    -3.58104736e-01 -1.45352870e-01 8.93544137e-01 -6.10189289e-02
    6.87215030e-01 1.36274278e+00 -1.92328468e-01 -9.46543694e-01
    -9.63895559e-01 -5.24240971e-01 6.57128096e-02 9.58560348e-01
    9.82991636e-01 -9.88153100e-01 1.60210979e+00 1.74567473e+00
    5.07034421e-01 1.44583002e-01 5.28944850e-01 1.02030468e+00
    -3.66432250e-01 1.27967858e+00 1.41941583e+00 -6.41699731e-01
    7.10405409e-01 5.47118247e-01 1.50713670e+00 1.64074254e+00
    1.38989699e+00 -6.25977159e-01 1.44991946e+00 1.28023827e+00
    -9.73422453e-02 2.72471726e-01 1.72444928e+00 -2.02651307e-01
    1.65831780e+00 8.57402563e-01 1.46530926e+00 -6.98559821e-01
    5.99689223e-02 -5.27289808e-01 1.23018968e+00 2.67211348e-01
    1.36750996e+00 1.48628466e-02 -2.43101224e-01 -4.02350426e-01
    9.32566643e-01 3.39329451e-01 6.41843498e-01 1.26957691e+00
    5.27376950e-01 -3.50753516e-01 -3.71077359e-01 1.78739870e+00
    9.20335591e-01 -8.08308423e-01 -9.14848804e-01 8.04156601e-01
    1.80084229e-01 1.44265211e+00 1.28610098e+00 1.28579342e+00
    1.72139740e+00 -8.18351388e-01 -4.36352611e-01 7.79073060e-01
    9.63123202e-01 1.55677259e+00 1.36522365e+00 1.65111303e+00
    -8.60566080e-01 5.85519671e-01 5.06802462e-02 -5.59666097e-01
    -1.04388550e-01 1.57961190e+00 -4.07786429e-01 9.38255906e-01
    -9.89948094e-01 3.16013515e-01 7.68464446e-01 1.21253872e+00
    8.42940569e-01 -2.69322544e-01 -6.37601256e-01 1.45332408e+00
    -8.27771425e-01 1.95586240e+00 9.79585946e-01 1.70567107e+00
    1.05637860e+00 -4.51514125e-01 1.63366091e+00 2.69056499e-01
    6.53078139e-01 1.12381279e+00 -8.23976472e-03 1.59688878e+00
    -7.57662594e-01 -1.18098408e-01 -4.64473397e-01 1.83785486e+00
    -6.33138299e-01 -8.12985778e-01 -6.77137792e-01 -8.10079217e-01
    1.58436418e+00 2.68961966e-01 -4.22265142e-01 1.59660614e+00
    1.36205900e+00 -8.05709302e-01 8.24206114e-01 -1.19860858e-01
    4.15572017e-01 3.77492994e-01 1.97544411e-01 -8.74331057e-01
    1.30082369e+00 1.71489131e+00 1.55045962e+00 7.86044836e-01
    2.12347001e-01 1.61225164e+00 1.32260454e+00 1.74217796e+00
    1.88802838e+00 3.90357435e-01 6.19352520e-01 1.87146986e+00
    4.43548262e-01 3.96984607e-01 -2.46937256e-02 -7.51593292e-01
    -5.67007899e-01 -2.65480280e-01 -8.09796810e-01 -4.30302262e-01
    6.62892535e-02 1.95234609e+00 -2.44581282e-01 6.69482231e-01
    8.78925622e-01 1.74174154e+00 7.48040795e-01 8.13484371e-01
    1.14770842e+00 9.97922778e-01 1.59245706e+00 -8.25307429e-01
    1.46321297e-01 2.75134146e-01 2.93510944e-01 1.68038881e+00
    -2.71126807e-01 -6.20287657e-01 1.30330336e+00 -3.18383873e-02
    -5.25086373e-02 -6.27068430e-02 5.89306615e-02 -2.39772171e-01
    1.72821861e-02 3.47281724e-01 5.82900107e-01 1.62230372e+00
    -6.58345699e-01 8.77923250e-01 -1.01802552e+00 1.04380906e+00
    -7.34876215e-01 1.62825263e+00 7.19762921e-01 1.14622068e+00
    -4.62041646e-01 1.63381648e+00 5.36981225e-01 -7.30592608e-01
    4.11323398e-01 -6.07027888e-01 -2.57338285e-01 8.18550229e-01
    1.65070939e+00 1.80175912e+00 -3.14717501e-01 -7.29042828e-01
    1.53870797e+00 -7.80305088e-01 -3.59480083e-01 1.39044032e-01
    -2.91860461e-01 1.34430802e+00 -9.16028023e-01 1.53809106e+00
    6.28519595e-01 -4.09914404e-01 1.81827927e+00 -3.90897691e-01
    -9.17702392e-02 1.07294488e+00 8.96032274e-01 8.02864432e-01
    1.08351238e-01 1.05657721e+00 -6.07450187e-01 1.59115478e-01
    1.04687242e-02 -9.96487588e-02 -6.69369340e-01 1.48015022e+00
    -1.54759930e-02 5.21927714e-01 1.16642833e+00 -7.47518063e-01
    -6.68911874e-01 1.18120766e+00 -3.01362783e-01 -4.93973523e-01
    -7.58000612e-01 6.85292840e-01 1.22188306e+00 5.80704391e-01
    1.05052269e+00 -5.63561141e-01 1.82957232e+00 7.03900307e-02
    9.96344566e-01 7.90746093e-01 3.46648157e-01 -4.68034238e-01
    -6.01863205e-01 -1.45354986e-01 -3.54866311e-02 5.24169266e-01
    -7.49889851e-01 -7.20706284e-01 4.09403056e-01 6.74139977e-01
    9.36945200e-01 4.13656086e-01 -2.43093237e-01 1.05948174e+00
    -6.92830741e-01 1.34370625e+00 -8.49630058e-01 8.14589202e-01
    1.10345078e+00 1.01675236e+00 1.03486627e-01 7.00156689e-01
    1.28031790e+00 8.70797098e-01 -6.59227908e-01 -7.02052474e-01
    1.87804592e+00 6.53689444e-01 -5.84125936e-01 1.30217898e+00
    1.63775289e+00 3.36338520e-01 5.11192739e-01 8.97069395e-01
    8.30493271e-01 1.42338908e+00 -1.23924181e-01 -9.03546393e-01
    2.50431985e-01 -6.34950623e-02 1.55866444e+00 3.97195548e-01
    -5.03468394e-01 1.66403472e-01 7.06482470e-01 5.20626426e-01
    3.80257964e-01 -2.49072164e-01 -7.70333707e-01 3.84031162e-02
    3.64988178e-01 -1.09102383e-01 -9.26383615e-01 1.63300169e+00
    -6.12670124e-01 6.86412826e-02 5.28511941e-01 1.05971545e-01
    5.90617120e-01 7.81759858e-01 1.00110912e+00 1.41224647e+00
    -4.53572363e-01 1.30423689e+00 7.08206475e-01 1.41091418e+00
    1.16623044e+00 -3.90809625e-01 9.52521920e-01 1.56977975e+00
    1.34014475e+00 1.00133383e+00 -1.03861642e+00 4.97469246e-01
    -1.82859544e-02 8.93691242e-01 4.13478941e-01 6.71614051e-01
    -3.71668130e-01 1.04804389e-01 1.59024924e-01 -3.55173379e-01
    1.57755446e+00 1.82518756e+00 4.03392971e-01 1.86549377e+00
    -3.40535372e-01 -6.81518137e-01 -8.33330810e-01 7.83186615e-01
    -2.64657766e-01 1.45886791e+00 1.16102564e+00 1.75267175e-01
    1.70559680e+00 1.60440326e+00 1.81158197e+00 1.23762894e+00
    6.03699803e-01 2.25384206e-01 1.18870878e+00 1.37325680e+00
    1.85958374e+00 -8.42097476e-02 1.52139127e+00 1.77855265e+00
    9.90111306e-02 -4.50821906e-01 4.76237744e-01 -2.11026058e-01
    9.86679375e-01 6.13697946e-01 -3.34368557e-01 -2.83272594e-01
    -7.38465190e-01 -3.66162926e-01 -6.21902645e-01 1.20485926e+00
    1.06537491e-01 9.52615738e-01 9.70391810e-01 -2.78550923e-01
    -2.50880569e-01 3.04445270e-02 3.25953841e-01 -4.96436805e-01
    -7.94244111e-02 -3.74921530e-01 -2.09320694e-01 2.00148058e+00
    7.81495452e-01 -4.83190924e-01 1.79772663e+00 4.78152543e-01
    -3.86941731e-01 -7.48888075e-01 1.73075646e-01 -1.73413735e-02
    1.97603142e+00 -5.61877191e-01 1.37876654e+00 7.75156438e-01
    1.57588696e+00 1.32972085e+00 -5.59628457e-02 9.54217792e-01
    6.42073989e-01 -5.91417611e-01 1.41214132e-01 -2.77722239e-01
    1.44631898e+00 6.15515530e-01 1.86459482e+00 6.66095138e-01
    -6.77528799e-01 1.77131808e+00 -4.98570502e-01 -9.30340052e-01
    1.09597325e+00 7.15953767e-01 -6.48970485e-01 1.35039890e+00
    -5.45563757e-01 2.82439917e-01 2.34475615e-03 7.52018690e-01
    1.88291264e+00 6.53795302e-01 4.50555474e-01 -3.95492762e-01
    1.22262716e+00 -7.82736480e-01 -1.62964046e-01 1.78978473e-01
    1.71986985e+00 -4.09400105e-01 3.71369310e-02 -2.87662566e-01
    -5.89274824e-01 1.04427683e+00 6.89084232e-01 -4.48350191e-01
    8.31576407e-01 -7.07690418e-01 8.64037752e-01 3.38440865e-01
    1.01927078e+00 6.93380475e-01 -8.75342131e-01 -4.29304808e-01
    1.62198138e+00 2.18858138e-01 -9.37426567e-01 4.60135579e-01
    1.38783574e-01 9.20741737e-01 1.14395571e+00 3.25217932e-01
    1.90525270e+00 5.12127995e-01 -6.25180185e-01 1.56506598e+00
    1.39290547e+00 -6.99333787e-01 1.94746423e+00 1.03307569e+00
    1.20899057e+00 5.89484274e-01 1.33433819e+00 3.19293976e-01
    1.89788485e+00 1.86483395e+00 -9.14366186e-01 1.01440465e+00
    1.41694975e+00 -8.06387961e-01 -2.15699211e-01 9.57567096e-01
    1.35474026e+00 1.62810421e+00 7.48339593e-01 -1.10757723e-01
    -9.15006578e-01 -7.37121105e-01 1.85879922e+00 6.37563467e-01
    -5.72890401e-01 1.02488673e+00 1.19965649e+00 1.08173740e+00
    -6.37343675e-02 -6.86927736e-01 1.63439795e-01 1.84570146e+00
    1.12421536e+00 1.43105018e+00 9.82018948e-01 1.18611550e+00
    -3.54137063e-01 -7.48664916e-01 1.66081107e+00 -1.17289633e-01
    2.28531733e-01 1.67676592e+00 3.82597625e-01 2.24745497e-01
    2.87310760e-02 -8.40919852e-01 1.14988399e+00 -2.07766831e-01
    1.58982122e+00 1.35237396e+00 -1.62068084e-01 -6.98272049e-01
    1.36238384e+00 1.63329196e+00 1.28187537e+00 8.43277454e-01
    7.06964672e-01 7.84215450e-01 1.28769374e+00 9.38125074e-01
    1.06626832e+00 1.76323223e+00 2.74076998e-01 9.32434857e-01
    -5.85119545e-01 1.71739355e-01 -1.99701533e-01 -1.63487867e-01
    1.52384245e+00 4.07882519e-02 1.61668432e+00 -1.11642927e-01
    -5.00287890e-01 -2.03687474e-01 -3.21567863e-01 1.80897999e+00
    1.39778316e+00 1.00996733e+00 7.78130174e-01 1.74631095e+00
    4.61007774e-01 2.87959352e-02 1.60894859e+00 1.33399117e+00
    1.28602207e+00 1.12559545e+00 4.29647356e-01 1.99573112e+00
    1.17808223e+00 8.75331819e-01 1.65307391e+00 -4.13329244e-01
    1.10262263e+00 -9.83576104e-02 1.63779628e+00 -7.62671649e-01
    1.30199075e+00 1.58693266e+00 4.97846693e-01 6.74126685e-01
    -7.35240996e-01 7.69532919e-01 1.46268833e+00 1.06835616e+00
    1.80294526e+00 8.04346323e-01 -4.02788818e-02 -7.83767104e-01
    1.55927515e+00 1.77690470e+00 1.04621625e+00 -8.07015359e-01
    1.43521535e+00 4.40975904e-01 -8.08275491e-02 1.46258080e+00
    -6.73373938e-02 1.87283766e+00 1.56126928e+00 1.28899693e-01
    1.22449577e+00 4.36442904e-02 -2.16049388e-01 1.62029719e+00
    1.34705916e-01 1.67457652e+00 -1.03928566e+00 9.52489614e-01
    9.01227534e-01 3.17112237e-01 -1.66256279e-01 -4.80396807e-01
    1.78917241e+00 -1.19834729e-01 1.83953428e+00 -6.56465814e-02
    1.09035814e+00 -3.06945175e-01 -4.21188585e-02 8.39459658e-01
    1.34540725e+00 1.18590689e+00 8.59297097e-01 1.92506909e+00
    5.80171406e-01 -4.04229835e-02 1.73599672e+00 1.44896698e+00
    -8.38787079e-01 3.60538989e-01 8.67492199e-01 6.17883146e-01
    1.55231166e+00 -4.53702688e-01 9.78909373e-01 1.02123976e+00
    5.25691330e-01 -1.24204308e-01 -5.47141314e-01 1.97001815e-01
    1.23137057e+00 7.11766481e-01 1.01746249e+00 -7.98144639e-01
    1.51259315e+00 3.56188536e-01 -6.67776316e-02 -2.82060444e-01
    4.44301307e-01 -5.33055007e-01 -2.78862864e-01 8.34582388e-01
    1.28496194e+00 5.51742852e-01 1.32489875e-01 1.06199598e+00
    8.93435255e-02 1.23393333e+00 8.27722847e-01 3.80887866e-01
    2.85597503e-01 9.10279512e-01 1.93262041e+00 2.36300731e+00
    1.51202857e+00 1.10677397e+00 -3.33616406e-01 1.75557017e+00
    -7.55474642e-02 8.79241973e-02 -3.87312531e-01 1.00725639e+00
    1.72985041e+00 1.31740773e+00 -1.97685376e-01 1.47310600e-01
    9.69743967e-01 -4.40030545e-01 1.08849740e+00 -1.08102548e+00
    -1.11851804e-01 1.37081945e+00 1.36479688e+00 1.04906523e+00
    5.62235177e-01 1.39913523e+00 1.70158815e+00 -5.40765285e-01
    -1.90479979e-01 8.25797617e-01 1.33912587e+00 -1.25499502e-01
    -5.02838567e-02 -6.15875602e-01 -3.54297519e-01 1.33274305e+00
    1.91659089e-02 4.20318097e-01 2.07332775e-01 -6.76451206e-01
    -1.04819534e-04 -6.48988664e-01 9.79905903e-01 -6.25148058e-01
    -5.81862450e-01 1.34375453e+00 -1.65116079e-02 -4.88287121e-01
    1.16532874e+00 1.07130158e+00 6.61215246e-01 5.18142283e-01
    1.56582022e+00 6.34563804e-01 4.24483061e-01 -8.34241211e-02
    -2.50989705e-01 1.55695835e-02 8.11135530e-01 -5.91338992e-01
    -8.17018807e-01 1.96934271e+00 1.78988671e+00 -6.75895035e-01
    1.40845144e+00 6.41380608e-01 7.06555486e-01 1.61935771e+00
    2.21369296e-01 3.11710298e-01 -8.32842708e-01 1.52462828e+00
    -6.19199872e-01 1.63301599e+00 3.85874689e-01 -6.02392256e-01
    1.72935918e-01 -1.45974532e-01 3.72850567e-01 1.68321252e+00
    -3.37976128e-01 1.46399713e+00 -7.29840636e-01 1.73059428e+00
    -6.08324289e-01 1.28327811e+00 1.34289062e+00 -2.11276233e-01
    1.63500106e+00 3.55479509e-01 7.23177314e-01 5.09541512e-01
    7.72300303e-01 -1.45761415e-01 5.72401166e-01 5.65474212e-01
    4.83909428e-01 -5.61462820e-01 4.17790681e-01 1.80078745e+00
    7.47046992e-02 1.47356653e+00 5.73535681e-01 1.86017478e+00
    8.68294120e-01 -3.45384538e-01 1.39062369e+00 1.74964797e+00
    2.25301504e-01 1.99841654e+00 -2.70998716e-01 -5.31121910e-01
    -3.54072861e-02 -3.56772058e-02 7.23751485e-01 1.05728209e+00
    -8.40322554e-01 5.00394583e-01 3.79779458e-01 1.41824555e+00
    3.15087497e-01 7.29647040e-01 3.79005462e-01 1.72771692e+00
    1.27597713e+00 1.63117039e+00 1.85220444e+00 2.49413356e-01
    8.71936619e-01 6.71754837e-01 9.23662186e-01 -7.75681496e-01
    -4.25699294e-01 1.64990973e+00 1.79465985e+00 9.85344589e-01
    1.62043348e-01 -4.70794350e-01 -4.23901796e-01 -3.70972008e-01
    3.77711415e-01 1.05041099e+00 1.90454960e+00 1.23463178e+00
    -2.99117148e-01 2.96745241e-01 6.55672729e-01 1.20190430e+00
    1.29134715e-01 1.45165575e+00 -1.64369076e-01 -4.95545149e-01
    -1.26275063e-01 -8.22126329e-01 1.14394665e+00 3.63594383e-01
    1.22900259e+00 -6.71887755e-01 5.22494972e-01 1.24092650e+00
    9.85352695e-02 3.22476894e-01 -7.09512770e-01 1.20106988e-01
    1.35775316e+00 1.83298254e+00 -1.79801940e-03 -3.57867360e-01
    -3.23652208e-01 1.60553527e+00 7.39977583e-02 -3.75501275e-01
    8.07623327e-01 1.97416949e+00 -4.58641499e-01 4.21712548e-01
    9.42069590e-01 -7.38629520e-01 1.10155523e+00 1.41917050e+00
    -6.27048016e-01 -4.23322916e-01 9.10033762e-01 -3.26612175e-01
    1.85417867e+00 1.02223527e+00 5.19043766e-02 -5.36565661e-01
    1.01349378e+00 4.40911233e-01 3.92275661e-01 -6.61753714e-01
    1.44377708e+00 -1.67709097e-01 6.28593445e-01 1.01091444e+00
    1.28417516e+00 1.73461467e-01 3.48302931e-01 1.06615138e+00
    1.64139009e+00 1.23248026e-01 1.25535882e+00 1.54972005e+00
    1.10513401e+00 8.01477909e-01 -2.56751627e-01 -6.48272514e-01
    -2.10032985e-02 -3.14439982e-01 1.17793453e+00 1.52960658e+00
    -8.51020455e-01 1.41044343e+00 -3.54062945e-01 -8.33422601e-01
    1.02448188e-01 -4.89073962e-01 1.38315928e+00 -5.88894904e-01
    -6.45654738e-01 6.46936893e-02 1.44291687e+00 1.61625183e+00
    9.06002894e-02 1.38597631e+00 2.64085919e-01 -2.14142427e-01
    1.42658067e+00 1.15973914e+00 -9.20545340e-01 1.02840829e+00
    -2.95008332e-01 -8.95376623e-01 9.62149620e-01 -9.69793439e-01
    1.13350999e+00 6.90628707e-01 3.30364764e-01 -6.90151036e-01
    -6.10529423e-01 1.39001763e+00 1.56650829e+00 7.91201353e-01
    -8.42198431e-02 -3.11086159e-02 -4.47362363e-01 -4.68269765e-01
    -6.01998746e-01 2.01208758e+00 -5.26966333e-01 1.53004742e+00
    1.11348081e+00 -8.31053913e-01 -2.05206707e-01 -7.56991208e-01
    5.59935391e-01 -4.16014344e-01 1.03879762e+00 2.50845599e+00
    -1.90935716e-01 -4.07492638e-01 -9.53597501e-02 3.75705123e-01
    -1.24596119e-01 5.08005142e-01 -3.41027677e-02 -5.18917859e-01
    -3.88890952e-01 5.51645458e-01 1.52694619e+00 -7.48829067e-01
    4.25269932e-01 -7.43542552e-01 2.28374496e-01 4.37462777e-01
    6.22401416e-01 4.44741040e-01 7.81923413e-01 1.62464535e+00
    -7.96294570e-01 -9.42109942e-01 3.10896248e-01 1.00024700e+00
    5.38475096e-01 1.79331505e+00 1.43112004e+00 9.40516233e-01
    3.25210899e-01 -6.62092507e-01 1.02425432e+00 1.18744123e+00
    -7.96346545e-01 -1.04716599e-01 1.47526073e+00 6.19926333e-01
    -2.79357642e-01 8.60419214e-01 1.37924778e+00 -2.43521169e-01
    1.67435586e-01 -3.75228047e-01 -6.05627932e-02 -6.80240840e-02
    5.44173121e-01 1.03048849e+00 -6.64973110e-02 1.43330932e+00
    -2.92280316e-01 1.03265055e-01 1.88637722e+00 -4.24661666e-01
    8.00335050e-01 -7.87185371e-01 -5.61233401e-01 -7.50574609e-03
    3.18038195e-01 -8.24111104e-01 9.44439352e-01 4.81337577e-01
    6.48099065e-01 1.67198196e-01 1.62396491e+00 1.79340327e+00
    1.17048395e+00 1.45590961e+00 9.53778923e-01 4.22059476e-01
    1.45289731e+00 -6.94411099e-02 -3.99905503e-01 -5.49882174e-01
    1.32999778e+00 -5.41279435e-01 5.27382195e-01 -2.68914133e-01
    1.34685409e+00 1.36993062e+00 7.05398142e-01 1.51865184e+00
    1.67405033e+00 5.67528427e-01 -7.42544234e-01 1.35284388e+00
    2.64838487e-01 1.39903915e+00 2.12333754e-01 7.62437403e-01
    9.01845753e-01 1.97011280e+00 1.07719553e+00 1.06401372e+00
    5.73778212e-01 1.37614310e+00 1.75217617e+00 5.60088813e-01
    -5.09995937e-01 6.88635588e-01 -6.33748591e-01 3.96591038e-01
    1.35496390e+00 1.74691558e+00 1.32655132e+00 -7.43646860e-01
    7.08628476e-01 -4.28971618e-01 -5.75156569e-01 7.08171844e-01
    1.85947800e+00 -4.44928482e-02 8.08699667e-01 6.49123549e-01
    -6.70032680e-01 -4.15413201e-01 -3.78667444e-01 1.52850139e+00
    -1.27356380e-01 1.82083428e+00 7.92193651e-01 -1.60461336e-01
    1.56191289e-01 2.43649021e-01 -6.82573497e-01 -7.65631676e-01
    9.10113692e-01 -4.97502118e-01 -7.23971486e-01 -1.59362376e-01
    -9.17154193e-01 1.82465374e+00 -1.71650305e-01 7.15038180e-02
    -7.95258164e-01 1.15630043e+00 1.39252627e+00 -5.72391629e-01
    8.92127633e-01 -3.44626307e-01 5.05412340e-01 1.37478995e+00
    1.08205104e+00 -5.16483247e-01 -5.37398338e-01 -9.07513082e-01
    1.20639813e+00 -9.22627896e-02 1.27891350e+00 -7.21590936e-01
    -8.52585018e-01 8.53260934e-01 1.22377920e+00 3.16007078e-01
    3.63806725e-01 1.10360181e+00 -3.05971324e-01 1.29804838e+00
    -5.69704056e-01 1.67347137e-02 1.27660140e-01 7.46375501e-01
    2.51399010e-01 2.86571294e-01 2.68278033e-01 8.33076596e-01
    1.62372470e+00 1.35557163e+00 -8.10067415e-01 1.14514828e+00
    3.56179439e-02 1.72617197e+00 7.73305118e-01 1.48631215e+00
    -5.22318721e-01 1.91247493e-01 -8.78484428e-01 9.23699260e-01
    1.93483055e+00 -4.87232834e-01 1.93816051e-01 9.92792845e-01
    -6.50073469e-01 1.40257776e+00 7.29489505e-01 3.28502327e-01
    1.74906611e-01 1.25710952e+00 3.82909298e-01 3.21731240e-01
    1.57399163e-01 1.08290029e+00 -8.92742515e-01 7.98710465e-01
    1.46180427e+00 -5.21127820e-01 9.32214439e-01 1.09586930e+00
    1.74230561e-01 1.51951826e+00 1.43006098e+00 1.58334458e+00
    -7.70265341e-01 1.80438542e+00 4.10120100e-01 1.73586583e+00
    -1.09016776e-01 7.63464808e-01 1.83030272e+00 1.59555268e+00
    1.07574594e+00 9.39498283e-03 7.89902687e-01 -2.04317093e-01
    5.30303836e-01 6.64307177e-01 1.28222609e+00 1.81052434e+00
    -5.01997352e-01 -7.84291923e-01 4.70272928e-01 7.61274338e-01
    6.78544864e-02 1.13574290e+00 1.59699905e+00 -8.02909553e-01
    1.12924445e+00 7.44251907e-02 -7.83471704e-01 -8.25758755e-01
    4.72537637e-01 1.24099147e+00 -6.11482859e-01 3.43902290e-01
    5.68805560e-02 1.16859227e-01 1.84623873e+00 1.78703392e+00
    1.75001025e+00 1.49416077e+00 -4.56535697e-01 -3.66900682e-01
    1.25284755e+00 1.16771054e+00 -5.25343835e-01 1.83603615e-01
    5.95936835e-01 8.33180308e-01 6.71035826e-01 -7.34964967e-01
    1.06747735e+00 -4.35488641e-01 1.45647788e+00 3.94724876e-01
    6.00022793e-01 -1.71921372e-01 -5.60775101e-01 3.66814062e-02
    1.52608767e-01 9.23849344e-01 5.15473306e-01 1.68868327e+00
    -6.01936281e-01 1.91879773e+00 -2.17426233e-02 -5.09210944e-01
    1.44216001e+00 2.25786611e-01 6.57885134e-01 1.58685553e+00
    1.09403026e+00 7.11071134e-01 4.97730553e-01 1.59309149e+00
    1.18113542e+00 -8.28964114e-01 1.19130349e+00 1.18604851e+00
    -1.62766889e-01 -6.19105816e-01 1.64250839e+00 1.85677338e+00
    1.46067822e+00 9.96083200e-01 1.35493004e+00 -3.48595470e-01
    -2.43069455e-01 1.04241943e+00 4.05457556e-01 1.72646129e+00
    1.63326514e+00 1.66330135e+00 5.55777252e-01 1.78219140e+00
    -8.41624260e-01 -8.74786079e-01 -6.34622991e-01 -5.73811948e-01
    1.97819006e+00 1.96039498e+00 -5.17937422e-01 -1.79521516e-01
    -2.51092345e-01 1.51489341e+00 6.45510912e-01 1.73665226e+00
    1.07613705e-01 1.01686561e+00 1.63604593e+00 -4.75961678e-02
    1.90226805e+00 7.39056349e-01 -1.33275926e-01 -6.07964694e-01
    1.10825324e+00 1.57907546e+00 1.63079309e+00 -8.14674854e-01
    6.55799985e-01 9.23707724e-01 9.89008069e-01 1.01905835e+00
    -9.40552652e-01 7.12482572e-01 1.27175748e+00 1.39229500e+00
    1.29570866e+00 -7.69813776e-01 1.18238330e+00 3.15121710e-01
    1.33334982e+00 -6.72969699e-01 -8.70824933e-01 1.60513926e+00
    1.42155573e-01 1.39906275e+00 1.84331679e+00 -5.57420552e-01
    9.42671955e-01 9.81141031e-01 1.87741923e+00 1.75205910e+00
    -8.61888289e-01 -7.11294949e-01 1.89979112e+00 -3.92057955e-01
    1.04058847e-01 8.97241175e-01 -8.14063430e-01 1.23476171e+00
    -3.31129320e-02 -7.52904534e-01 -4.78646085e-02 7.77261257e-01
    1.18931317e+00 -6.80053532e-01 4.19383287e-01 1.11542571e+00
    6.30693257e-01 8.47953260e-02 1.45233691e+00 -8.09438229e-01
    -8.54333639e-01 4.63998437e-01 5.95335439e-02 8.67689073e-01
    -8.44637692e-01 -2.07574680e-01 -1.03569828e-01 5.18288799e-02
    1.25079036e+00 1.74111068e-01 1.02339470e+00 1.26794672e+00
    2.16135845e-01 6.38604105e-01 -2.82575846e-01 1.77209091e+00
    -1.20255038e-01 -7.55295992e-01 1.20377207e+00 1.01903927e+00
    1.18982661e+00 4.92666960e-01 -1.32105257e-02 1.86645651e+00
    1.59811747e+00 1.61162758e+00 9.88475144e-01 -8.81584406e-01
    1.29287720e+00 -6.75698221e-01 1.28479481e+00 1.99905050e+00
    1.57604802e+00 -3.28208804e-01 -1.79361239e-01 1.94675505e+00
    1.35644078e+00 -8.28701973e-01 -3.81952167e-01 -3.34769547e-01
    1.54832709e+00 -7.48672903e-01 -1.50678530e-01 1.68657362e+00
    -2.83151925e-01 6.16565943e-01 -7.95597672e-01 -1.57948613e-01
    5.20988286e-01 1.59864855e+00 9.46531355e-01 1.09777093e+00
    -8.22870255e-01 -2.55159944e-01 4.11378562e-01 1.15469134e+00
    1.68867135e+00 3.44109684e-01 5.92658639e-01 -8.59682798e-01
    8.24595690e-01 1.61658156e+00 -5.41369081e-01 4.72421974e-01
    -6.49873078e-01 1.37885666e+00 3.48463923e-01 1.71013331e+00
    9.12181318e-01 1.26037583e-01 1.17632441e-01 1.80654451e-01
    1.07802939e+00 1.88203228e+00 1.84404433e-01 -5.83329439e-01
    1.87227595e+00 1.42092097e+00 1.04549932e+00 3.82156760e-01
    1.28160775e+00 3.49633843e-01 6.32866144e-01 3.25140744e-01
    8.81775469e-02 7.48528719e-01 -8.31875429e-02 1.31109512e+00
    1.12853122e+00 3.65264654e-01 8.49789798e-01 2.70944834e-01
    1.15307856e+00 -1.02392983e+00 1.37801051e-01 1.24940324e+00
    1.62535572e+00 -4.52271961e-02 8.89726281e-01 1.52119136e+00
    8.45896304e-01 -2.38357902e-01 1.33893585e+00 1.90370429e+00
    -9.58994806e-01 9.93203878e-01 1.52851033e+00 -8.95952344e-01
    1.42260894e-01 -5.17204523e-01 1.14034736e+00 -5.01008987e-01
    5.66595346e-02 -9.51244533e-01 9.65992093e-01 -1.01944125e+00
    1.75862014e+00 1.84431767e+00 8.11145186e-01 5.87190449e-01
    4.59611446e-01 4.85752761e-01 -8.36564720e-01 1.93745539e-01
    8.44525158e-01 8.84148896e-01 3.49986464e-01 -4.33983430e-02
    5.39016247e-01 1.61328220e+00 1.63469777e-01 3.74137849e-01
    1.35207748e+00 1.52890533e-01 1.44479620e+00 -1.83261745e-02
    1.67955947e+00 2.44985104e-01 1.42880738e+00 1.34448910e+00
    9.89233136e-01 2.44828209e-01 -8.08603466e-01 -5.56519926e-01
    9.11651492e-01 4.63439167e-01 -6.12200685e-02 1.52715102e-01
    1.42095423e+00 1.33558083e+00 1.32682693e+00 3.43194872e-01
    9.51986551e-01 1.16492474e+00 1.50618160e+00 -2.28261292e-01
    -2.86819845e-01 -4.97153729e-01 1.64585054e+00 1.91852522e+00
    4.10854258e-02 -5.56370616e-01 1.40429389e+00 8.28701377e-01
    1.23561180e+00 1.63243353e+00 2.57005095e-01 9.38866198e-01
    6.31867647e-01 9.54260409e-01 -7.28724778e-01 -8.69749606e-01
    9.70649719e-01 1.24089992e+00 5.20808697e-01 1.63233876e+00
    -4.02673125e-01 6.48692429e-01 -4.57327068e-01 7.82928944e-01
    1.40657807e-02 1.05382895e+00 -8.61369193e-01 1.31933141e+00
    -8.78202975e-01 -8.32282066e-01 -5.26601933e-02 7.00759649e-01
    -5.13937414e-01 7.34098673e-01 1.10378504e+00 1.62961018e+00
    7.50678778e-01 -5.60049891e-01 7.23674372e-02 -3.59392822e-01
    7.23729014e-01 9.68012631e-01 -9.57497656e-01 1.25408041e+00
    1.35658920e+00 -3.69951397e-01 -4.29907948e-01 1.64456964e+00
    9.36249137e-01 -5.51557168e-02 7.46396601e-01 6.49233162e-01
    1.41712010e+00 1.50041103e+00 1.02181649e+00 -6.68028951e-01
    -4.79512066e-01 -1.48171678e-01 -1.29396483e-01 6.91074908e-01
    1.48585773e+00 -5.75873733e-01 1.03038752e+00 -3.50168467e-01
    -4.75447208e-01 -4.74542864e-02 -9.68320549e-01 1.39755881e+00
    1.67460155e+00 -6.70883358e-01 -8.40351224e-01 -6.16900325e-01
    -5.04830837e-01 9.67822492e-01 -2.58567095e-01 -8.11715662e-01
    -3.02827656e-01 1.43063694e-01 6.95124567e-01 6.75244272e-01
    7.38395751e-01 -6.20466590e-01 -9.74094868e-01 5.99531889e-01
    5.53185761e-01 3.13071936e-01 2.59155706e-02 6.13346398e-01
    -2.59216186e-02 -7.45554090e-01 1.03742397e+00 4.68253195e-01
    -7.18461514e-01 1.67222464e+00 -2.32938677e-01 1.89227855e+00
    -9.19648528e-01 1.22921467e+00 1.66928554e+00 -9.84629631e-01
    1.26140475e+00 6.97891176e-01 1.50816536e+00 -9.85167921e-02
    8.29279065e-01 -9.10461843e-01 7.81950295e-01 3.42179418e-01
    9.68229115e-01 4.51538116e-01 1.72184539e+00 9.13593322e-02
    -7.27333069e-01 1.52659965e+00 -2.38752719e-02 2.99781978e-01
    1.53774261e+00 -9.98915493e-01 1.62368643e+00 -4.36649382e-01
    -3.77625823e-01 1.11662614e+00 9.99058127e-01 1.59837648e-01
    -9.78996634e-01 1.82866538e+00 1.00902259e+00 -9.17873383e-01
    -2.77548522e-01 -6.49953723e-01 2.66863853e-01 -5.36864042e-01
    1.09598577e+00 6.49047554e-01 -5.75249732e-01 -3.64654869e-01
    6.27411366e-01 -4.22039092e-01 -4.68800992e-01 6.01255476e-01
    -2.76897419e-02 9.51651156e-01 1.86752498e+00 1.69400740e+00
    -3.19958687e-01 1.59722519e+00 1.93020356e+00 -7.86817670e-01
    7.33778298e-01 7.89970994e-01 1.12398875e+00 1.77128541e+00
    1.82810143e-01 9.85019743e-01 -5.72830558e-01 -6.89809620e-01
    1.00606537e+00 -8.13547969e-01 -2.87316382e-01 -5.52815855e-01
    -3.89540106e-01 1.40809846e+00 9.95258689e-02 -4.35592502e-01
    1.93020952e+00 9.60928798e-01 -8.73958707e-01 2.42993310e-02
    -2.96944737e-01 1.45567882e+00 6.61303580e-01 4.22598034e-01
    -6.42481625e-01 4.83314008e-01 1.86680269e+00 5.53713083e-01
    -6.41567349e-01 1.77262938e+00 -7.58605778e-01 -9.24818814e-02
    1.00953948e+00 2.49760017e-01 -5.77488005e-01 3.54618341e-01
    3.78504068e-01 9.43322361e-01 1.65832853e+00 -2.47835502e-01
    1.33879459e+00 -7.59429693e-01 -6.53009236e-01 -6.65151715e-01
    1.31944013e+00 2.46969759e-01 1.53090858e+00 1.07550299e+00
    1.08857560e+00 1.02069283e+00 1.69376940e-01 1.62882185e+00
    -6.42990470e-01 2.39993393e-01 -6.94617510e-01 -2.01204702e-01
    1.43876922e+00 1.32150233e-01 1.13174789e-01 6.55263841e-01
    -6.06479347e-01 6.74546242e-01 -6.99011087e-01 -7.73644149e-01
    9.54816818e-01 -2.84601301e-02 1.05505931e+00 -3.68848473e-01
    1.03380132e+00 1.90005943e-01 -3.42603594e-01 1.03778112e+00
    -1.02436864e+00 -3.26562941e-01 9.56132710e-01 1.06021631e+00
    1.23848557e+00 1.44390595e+00 1.96067870e+00 1.39210701e+00
    1.03293347e+00 4.84133035e-01 1.05761981e+00 9.33665693e-01
    4.74844903e-01 -6.17375493e-01 -2.73591459e-01 1.41942930e+00
    3.19071770e-01 -6.61279619e-01 4.90739793e-01 -4.74182248e-01
    2.18223542e-01 -8.25391173e-01 1.02300763e+00 1.53049898e+00
    -5.21925151e-01 -5.88645995e-01 -3.99252102e-02 1.83065188e+00
    9.23193872e-01 8.94390464e-01 1.27268936e-02 2.66034484e+00
    -6.98414683e-01 1.17508364e+00 7.23460257e-01 -4.39140916e-01
    -2.84958869e-01 2.38822713e-01 -1.56037420e-01 1.43192679e-01
    5.89281768e-02 -4.11577195e-01 1.57948816e+00 1.00183427e+00
    1.36809731e+00 -4.68132734e-01 1.36745048e+00 1.66967130e+00
    4.86222386e-01 9.21848178e-01 -1.63385868e-02 1.28252029e+00
    7.45644093e-01 9.83487844e-01 1.15883136e+00 -6.82248533e-01
    -6.13297448e-02 3.41126353e-01 1.12962818e+00 -4.46177393e-01
    1.49224889e+00 -9.40432906e-01 1.06241679e+00 2.77369261e-01
    -3.69984895e-01 1.85005140e+00 1.29683876e+00 1.74519241e+00
    -8.21353734e-01 1.53189170e+00 1.12848848e-01 1.02353752e+00
    1.94993317e+00 -7.17123270e-01 -1.23962453e-02 1.52939141e+00
    -1.29620120e-01 4.50260282e-01 7.52447426e-01 5.79055011e-01
    -5.78900099e-01 1.33016968e+00 -9.12795663e-01 1.83757269e+00
    1.93036163e+00 2.81250298e-01 3.32771033e-01 1.09277916e+00
    7.92323112e-01 1.53791058e+00 1.51817060e+00 9.22365189e-01
    -2.91450247e-02 7.80516028e-01 1.88315594e+00 6.97576404e-01
    8.64913836e-02 -9.54847455e-01 1.46569455e+00 6.54520214e-01
    1.86965013e+00 1.11494339e+00 7.44141117e-02 4.06746477e-01
    1.51803935e+00 1.52078116e+00 -8.24477077e-01 3.29938233e-01
    1.29301667e+00 -1.65687352e-01 -7.44520426e-01 -7.48518467e-01
    -7.61967301e-02 1.11624420e+00 -2.15828851e-01 -3.15757811e-01
    -7.39901781e-01 9.96751130e-01 1.60319269e+00 -8.76118779e-01
    1.02870512e+00 -2.82206804e-01 1.67044902e+00 1.38162673e+00
    3.30088109e-01 1.63859561e-01 -5.59715271e-01 1.25926685e+00
    9.48743224e-01 2.01302558e-01 1.81558442e+00 4.53659296e-02
    5.80903530e-01 1.62302887e+00 -4.53056663e-01 1.05967867e+00
    -3.00436318e-01 8.35565388e-01 1.89906383e+00 5.18910475e-02
    1.72609246e+00 1.54802763e+00 1.33144355e+00 -4.99951661e-01
    -4.03934538e-01 -3.51853400e-01 -1.21068703e-02 7.18414009e-01
    6.84119388e-02 7.34765112e-01 -1.04036713e+00 1.31002438e+00
    -1.08654112e-01 8.99103165e-01 -4.25795287e-01 1.45757723e+00
    1.41553783e+00 -1.28774881e-01 8.58576596e-02 4.04648095e-01
    9.46566820e-01 1.77914321e+00 9.22969997e-01 7.71559477e-01
    -7.38416195e-01 1.18283486e+00 1.83945179e-01 -5.54926753e-01
    1.69248724e+00 1.43251705e+00 1.94227040e+00 -8.34688365e-01
    3.18649232e-01 9.80950475e-01 1.50033379e+00 1.25967264e+00
    1.78780878e+00 1.82853687e+00 2.01051617e+00 4.71544772e-01
    -3.46238047e-01 1.60680830e+00 7.08555102e-01 -2.62199730e-01
    3.15461162e-04 1.30848682e+00 1.28145218e+00 9.98645544e-01
    -9.67835248e-01 1.16076076e+00 5.32597780e-01 1.94513869e+00
    -7.93097973e-01 -4.89634052e-02 4.99508947e-01 5.57431638e-01
    2.87972391e-01 8.98762465e-01 9.49527230e-03 2.22315416e-01
    2.34484777e-01 -3.52675349e-01 8.21136534e-01 -3.90586466e-01
    1.22105229e+00 1.19620740e+00 1.14272106e+00 1.74349916e+00
    9.82313752e-01 -2.99371272e-01 1.25558466e-01 -1.52624607e-01
    4.35543031e-01 -3.47770512e-01 -4.33888614e-01 8.74379396e-01
    3.23372453e-01 -6.81912675e-02 -1.98868647e-01 -3.38389277e-01
    2.14986905e-01 1.31291950e+00 6.56780005e-01 8.61417413e-01
    -7.75567234e-01 9.67969239e-01 7.32036829e-02 1.21209979e+00
    2.16435447e-01 -1.47453651e-01 1.26818383e+00 -8.52890611e-01
    9.17888403e-01 1.14446867e+00 1.60597610e+00 8.44845414e-01
    4.52594489e-01 1.67762303e+00 1.86260998e+00 1.91930485e+00
    -5.86221695e-01 1.01180792e+00 8.18446457e-01 6.94098473e-01
    1.69167829e+00 1.91808796e+00 1.08955979e+00 1.19906664e+00
    1.74924600e+00 5.37457824e-01 -3.17081541e-01 9.07154102e-03
    1.72427118e+00 1.14014077e+00 1.82074022e+00 9.70475018e-01
    1.24451447e+00 4.41294461e-01 -8.66790473e-01 -1.85964987e-01
    1.41237593e+00 1.17067564e+00 1.32201231e+00 1.52082920e+00
    -3.07499826e-01 8.33269000e-01 -9.10224974e-01 8.61417711e-01
    1.74236965e+00 -4.47391093e-01 4.21636313e-01 2.29194518e-02
    6.75833702e-01 -4.55938190e-01 1.96250010e+00 1.13275337e+00
    1.04456687e+00 1.05992234e+00 7.87516460e-02 -7.31387138e-01
    9.60733831e-01 1.95328665e+00 1.12484539e+00 1.67545009e+00
    -6.05518162e-01 -4.61922139e-01 -4.51034695e-01 1.53599966e+00
    1.37676752e+00 9.71175671e-01 -7.31045663e-01 1.24055767e+00
    -2.58767843e-01 -8.12757313e-02 1.30902159e+00 1.59368670e+00
    1.13626254e+00 1.56870842e+00 5.12499154e-01 5.53943753e-01
    -5.84802151e-01 1.32202697e+00 4.45616275e-01 -8.77881885e-01
    1.02028537e+00 8.82785439e-01 6.75148129e-01 -8.39867353e-01
    1.71322858e+00 7.14817524e-01 6.69160604e-01 -2.42072284e-01
    8.44561756e-01 -4.25785184e-01 6.31478548e-01 7.29519844e-01
    1.06349468e+00 7.96307266e-01 1.71840370e+00 1.37351525e+00
    1.78037810e+00 -3.98537964e-01 6.97776973e-01 9.00186360e-01
    7.92436004e-01 5.86893260e-01 -2.96968281e-01 9.89615619e-01
    6.29792154e-01 1.11617959e+00 1.48219705e+00 1.43680072e+00
    1.29674101e+00 -5.27402878e-01 1.50070667e+00 4.51419592e-01
    1.33607984e+00 1.12724197e+00 5.78591943e-01 -1.70279831e-01
    1.20586121e+00 4.86282498e-01 1.02195060e+00 2.68821448e-01
    1.15550756e+00 6.58035636e-01 -3.34639728e-01 -7.04669416e-01
    -6.90553710e-02 -5.46165466e-01 4.79825795e-01 5.13343394e-01
    -9.54942167e-01 -3.08574587e-01 1.62222624e+00 3.68273467e-01
    1.58164465e+00 9.41091001e-01 5.55989802e-01 1.24683154e+00
    7.76141346e-01 1.18601775e+00 1.59792161e+00 1.12397027e+00
    6.42562389e-01 1.49982929e+00 1.04361081e+00 5.41191876e-01
    1.87871397e+00 7.25370824e-01 -5.61326206e-01 1.22632647e+00
    2.47502849e-01 -5.17717659e-01 -1.93559498e-01 1.33350432e+00
    1.75099641e-01 1.78871858e+00 7.56269813e-01 9.66556728e-01
    1.23454463e+00 7.23584414e-01 9.99897346e-02 -5.48283994e-01
    1.38317978e+00 -4.41660374e-01 5.86888373e-01 -3.10146242e-01
    -4.41882491e-01 1.89968097e+00 4.24919486e-01 -9.23515737e-01
    2.72944659e-01 3.19607586e-01 6.92797184e-01 1.79221177e+00
    -6.78097427e-01 6.14771366e-01 8.09640646e-01 -7.10262775e-01
    7.41064429e-01 1.46038902e+00 1.48564446e+00 -3.02169859e-01
    1.77512538e+00 1.78714514e+00 -6.30153064e-03 1.42352939e+00
    1.64792955e-01 1.22080481e+00 1.40633440e+00 -6.42413318e-01
    3.22132528e-01 8.04798663e-01 -3.03117260e-02 6.65160418e-01
    -1.16206057e-01 1.58849788e+00 3.04983735e-01 -7.70650804e-01
    1.64324594e+00 1.70591187e+00 -2.03193709e-01 6.22365475e-01
    1.25399601e+00 -7.66110361e-01 1.46938765e+00 -6.88615859e-01
    9.35770214e-01 1.37977016e+00 -6.77697361e-01 1.57358098e+00
    -6.29179180e-01 -8.39727342e-01 3.38779688e-01 1.98388743e+00
    1.69462907e+00 1.23383209e-01 2.70050287e-01 7.33485878e-01
    1.85237920e+00 -1.95728719e-01 3.64965081e-01 -8.45146105e-02
    8.84289563e-01 2.44429737e-01 1.22740507e+00 1.01683545e+00
    1.11614704e+00 1.54209411e+00 -3.78315262e-02 6.73296571e-01
    1.89008847e-01 -6.31544411e-01 6.32236600e-01 9.83741403e-01
    -6.98946536e-01 1.81369483e-01 6.82463527e-01 -6.18695140e-01
    9.39647198e-01 5.76848149e-01 8.05478215e-01 7.32890487e-01
    -8.09582055e-01 4.59045358e-02 -6.29711926e-01 -4.29489195e-01
    2.08863765e-01 -1.08827390e-02 5.13194919e-01 4.80793387e-01
    -5.04629970e-01 -7.72987485e-01 7.51414239e-01 1.99401534e+00
    -1.27820462e-01 2.84127742e-01 -1.16051510e-01 -2.79438108e-01
    1.50648928e+00 1.03326306e-01 -1.07960433e-01 -9.08834875e-01
    8.92891347e-01 1.56567156e+00 1.26262224e+00 -9.72829759e-01
    8.70418429e-01 1.34266531e+00 3.22330952e-01 7.71121383e-01
    2.17774779e-01 -7.23652482e-01 -1.42220929e-01 1.03389549e+00
    1.76476091e-01 1.99986503e-01 -7.80561566e-01 -2.70381778e-01
    7.28838980e-01 4.25542235e-01 6.88611388e-01 1.32546651e+00
    4.69691306e-01 -8.62578750e-01 7.08699167e-01 -6.13797665e-01
    1.51781952e+00 1.20586789e+00 5.24377108e-01 6.62174895e-02
    1.13817744e-01 8.92528117e-01 6.06489062e-01 1.58208549e+00
    -5.42872369e-01 1.68183005e+00 1.46728790e+00 -8.77537549e-01
    2.39336327e-01 -1.06133759e+00 -7.02130258e-01 1.82471395e+00
    1.17054629e+00 2.14410216e-01 1.36737835e+00 1.52089477e+00
    1.90179026e+00 -8.21135938e-02 2.05582246e-01 2.05463338e+00
    1.26110172e+00 3.60121340e-01 -1.85483769e-01 3.96258272e-02
    5.26000522e-02 1.83253372e+00 1.76550210e+00 3.12465012e-01
    6.54076219e-01 9.97524977e-01 6.25768602e-01 2.55981016e+00
    1.62954378e+00 6.96045339e-01 1.49464130e+00 -2.96977788e-01
    -4.12150957e-02 4.29739565e-01 3.89462292e-01 7.96319842e-01
    1.23483801e+00 9.07696664e-01 3.55754733e-01 1.02225316e+00
    2.63003886e-01 4.80395406e-01 -5.71076512e-01 1.90284634e+00
    5.73442757e-01 1.07136202e+00 1.08726609e+00 -7.51842618e-01
    -9.10734832e-01 -7.52249300e-01 -9.13425505e-01 1.67232084e+00
    2.16917694e-01 -7.34477937e-01 7.44750321e-01 -9.62979972e-01
    1.12404013e+00 4.42918301e-01 1.24786413e+00 1.41814661e+00
    1.25059462e+00 1.37508881e+00 1.17057717e+00 -7.28423297e-01
    1.98602152e+00 5.83872020e-01 6.59117922e-02 -5.26918292e-01
    -4.06775266e-01 6.98298275e-01 1.19318986e+00 1.54727948e+00
    7.84822762e-01 1.30379474e+00 1.07905440e-01 7.92076409e-01
    1.59949851e+00 1.00931413e-01 1.01735044e+00 -3.16583216e-01
    1.07940662e+00 1.08125973e+00 -9.69663918e-01 4.08871293e-01
    1.79672158e+00 7.25946426e-01 -6.46841407e-01 1.04232788e+00
    -1.00781453e+00 7.82068849e-01 9.73982453e-01 1.24466014e+00
    -1.03752874e-01 -4.25046653e-01 1.31281841e+00 6.02142096e-01
    9.25234616e-01 -7.48357415e-01 -3.52251172e-01 -7.15974793e-02
    5.14137805e-01 2.75231034e-01 -4.08914208e-01 1.22533500e+00
    -3.82300347e-01 -3.68790567e-01 1.01670909e+00 2.04697579e-01
    -6.88481033e-01 7.41275609e-01 7.51984537e-01 1.36861801e+00
    1.89714468e+00 1.37853348e+00 -7.33187854e-01 1.04242873e+00
    1.42864501e+00 1.17386699e+00 1.49304956e-01 1.27214038e+00
    1.59644449e+00 1.81509709e+00 3.07529643e-02 1.27711928e+00
    1.07611454e+00 1.69493508e+00 9.44375813e-01 -6.93622410e-01
    -3.11137199e-01 1.20216072e+00 -6.96351528e-01 1.72925901e+00
    5.21310985e-01 1.15942693e+00 2.40901947e-01 1.43368170e-01
    5.18087924e-01 1.00794923e+00 9.42699254e-01 1.45095813e+00
    2.18539774e-01 1.01558971e+00 1.49646246e+00 1.08509552e+00
    1.77077532e+00 -8.11301827e-01 -7.36352623e-01 1.77319133e+00
    3.71067405e-01 1.22847104e+00 -3.91246378e-01 1.57597542e+00
    1.90017676e+00 4.58929867e-01 1.06466329e+00 -7.46348143e-01
    9.03026313e-02 -7.97605395e-01 1.57039750e+00 2.20459297e-01
    3.14272463e-01 5.35850167e-01 1.04013062e+00 1.11674774e+00
    -5.03266633e-01 2.56521553e-01 1.67164421e+00 -5.60702264e-01
    1.62987620e-01 -5.20292640e-01 -8.71466219e-01 1.19079041e+00
    7.15339601e-01 3.79331827e-01 -6.90263391e-01 -1.62235662e-01
    -4.90883708e-01 1.25366420e-01 -3.98737133e-01 4.48077738e-01
    1.46730494e+00 -7.38822222e-01 -7.44697988e-01 -6.71115518e-01
    6.42968953e-01 1.28603053e+00 2.67022938e-01 -3.20314132e-02
    -1.48880064e-01 1.67579365e+00 1.12129843e+00 -8.58657181e-01
    1.32938218e+00 1.12752807e+00 -2.00247750e-01 -4.49160412e-02
    -6.49975836e-01 3.58855695e-01 8.47280681e-01 8.21321189e-01
    -4.88484740e-01 4.41514671e-01 -3.13502491e-01 1.50966597e+00
    1.89603376e+00 1.76777375e+00 -7.59460390e-01 5.14752924e-01
    8.05527985e-01 5.62986672e-01 -7.64934197e-02 1.30095243e+00
    -2.09520459e-01 1.53778839e+00 4.62339580e-01 -5.28700054e-01
    1.18292272e+00 1.45668304e+00 2.29729995e-01 -4.93047744e-01
    2.71216750e-01 -6.18571281e-01 -4.74944972e-02 1.17178416e+00
    1.60240817e+00 9.30821300e-01 3.47994685e-01 3.23136389e-01
    -6.77831888e-01 1.28376305e+00 1.11504006e+00 -8.59045565e-01
    -7.98102558e-01 -5.34496903e-01 -1.78841278e-02 -2.41527800e-02
    1.19840348e+00 1.06891680e+00 1.80862546e+00 1.12440431e+00
    1.29778266e+00 -4.43961203e-01 8.80283177e-01 8.28956142e-02
    2.00509644e+00 -2.37555370e-01 1.23808157e+00 -8.14706028e-01
    8.19559023e-02 1.08079708e+00 -4.24120247e-01 1.44961905e+00
    8.64434600e-01 -3.95198353e-02 5.59227347e-01 -3.35022658e-01
    -6.73572794e-02 9.15700555e-01 1.48606133e+00 1.53818786e+00
    -5.44289231e-01 8.94425631e-01 6.26428783e-01 -3.38085085e-01
    8.48362267e-01 7.51712263e-01 1.69148612e+00 -7.99466431e-01
    -7.06029356e-01 -4.06683028e-01 -4.14389282e-01 2.30541304e-01
    -2.35129505e-01 1.47831714e+00 -3.02525878e-01 -8.24715912e-01
    8.28545928e-01 -4.09083158e-01 1.80115378e+00 -8.75034869e-01
    1.35552979e+00 1.69911742e+00 -8.72399867e-01 1.85791779e+00
    7.56911049e-03 1.53721189e+00 4.19494659e-01 9.31405485e-01
    4.58532214e-01 1.68021619e+00 3.28182876e-01 -7.43490815e-01
    6.24491274e-01 -2.52591312e-01 1.25141418e+00 1.58738923e+00
    1.38423193e+00 7.91204572e-01 6.81895435e-01 -6.20854020e-01
    8.28911722e-01 -4.87318695e-01 -9.44520891e-01 3.44778091e-01
    -4.10790354e-01 3.33988249e-01 4.55140263e-01 5.15637517e-01
    3.34541708e-01 -5.12446798e-02 -3.97593647e-01 -9.30926055e-02
    9.69753146e-01 1.30379260e+00 8.13665330e-01 4.04822469e-01
    -1.15526900e-01 -3.54513079e-01 -7.70046532e-01 5.82559764e-01
    1.33790851e+00 1.68854550e-01 -3.14623475e-01 -5.17924368e-01
    9.22986031e-01 -2.02726461e-02 7.90267229e-01 5.20661175e-01
    8.02328885e-02 8.26730967e-01 1.03137779e+00 1.27909470e+00
    1.11708045e+00 2.64205039e-01 -7.13879466e-01 -7.97560096e-01
    1.21971893e+00 3.75661671e-01 1.05947185e+00 -6.92449689e-01
    -4.76814628e-01 -1.72609761e-01 1.78972626e+00 1.26558912e+00
    5.37936747e-01 9.15725112e-01 1.29794252e+00 3.79088283e-01
    5.83444357e-01 -2.40563512e-01 1.71131015e+00 3.10151335e-02
    3.56826186e-01 -1.72947660e-01 1.69847429e+00 -4.89824682e-01
    6.48316741e-01 1.59034121e+00 -1.30370870e-01 -2.82740686e-02
    9.67285216e-01 5.35419941e-01 -3.25581551e-01 -5.83574116e-01
    6.36955321e-01 9.96293068e-01 -3.74999642e-01 1.59431383e-01
    6.47016764e-01 9.57891703e-01 9.73769367e-01 7.13228524e-01
    1.47923982e+00 1.83522201e+00 -1.47280410e-01 -5.27083397e-01
    1.26028210e-01 7.90720940e-01 -7.78126018e-03 -1.59543112e-01
    -6.19829237e-01 -3.31717618e-02 1.44847822e+00 -7.02039123e-01
    1.89098096e+00 1.65626377e-01 1.60666144e+00 6.99077249e-01
    -8.90937030e-01 -6.20171189e-01 1.85784328e+00 1.55448484e+00
    -1.99166238e-01 3.15088123e-01 1.77403069e+00 -8.73045385e-01
    -1.05727844e-01 1.23520446e+00 4.18997258e-01 4.70497608e-01
    8.70988607e-01 1.08502233e+00 -2.85778027e-02 -6.82263434e-01
    4.93078351e-01 1.06473362e+00 1.86306648e-02 -3.36602889e-02
    1.66196752e+00 -8.21428657e-01 6.90931201e-01 -7.67170340e-02
    4.30403292e-01 8.16216111e-01 1.37106597e+00 -2.35510886e-01
    1.51793167e-01 6.64984822e-01 9.41908598e-01 2.69384712e-01
    8.71015608e-01 1.33399656e-02 1.68382323e+00 -6.42883182e-01
    1.48332214e+00 1.19006467e+00 -7.44143844e-01 1.52275730e-02
    1.11600704e-01 9.40311104e-02 1.07116067e+00 8.80770743e-01
    -8.09117973e-01 -2.72416234e-01 -6.22579634e-01 -8.88086259e-01
    1.81777406e+00 7.59983540e-01 9.59316075e-01 -4.64744449e-01
    5.83684683e-01 1.13039267e+00 1.72201073e+00 4.18512195e-01
    5.53913176e-01 7.27765799e-01 1.39783874e-01 -7.45872438e-01
    1.92105949e+00 4.12445553e-02 1.50333607e+00 1.20273852e+00
    4.10580784e-01 2.03477454e+00 -5.70518970e-01 1.88520622e+00
    1.18044424e+00 1.47597134e+00 -8.40083435e-02 2.53200859e-01
    -6.01849794e-01 9.06331897e-01 5.19533902e-02 -7.21706524e-02
    1.71576130e+00 7.41280019e-01 -6.62258565e-01 1.45593560e+00
    7.68584967e-01 1.58026016e+00 -4.87380803e-01 1.16985571e+00
    4.25166816e-01 4.69783507e-02 3.54739487e-01 1.75514734e+00
    7.34722972e-01 7.83826530e-01 2.63572991e-01 8.31319332e-01
    9.20083702e-01 1.70402324e+00 4.90258008e-01 5.81146896e-01
    1.51472881e-01 1.35397911e+00 1.86649621e+00 -6.04941308e-01
    1.32994699e+00 5.01709580e-01 3.75708848e-01 -1.95178121e-01
    2.86475599e-01 -1.56387925e-01 9.49528456e-01 9.49553013e-01
    -4.81628269e-01 -3.42485279e-01 3.61154616e-01 -2.08901754e-03
    2.61426568e-01 1.03017712e+00 3.33414227e-01 7.90138423e-01
    1.49386907e+00 1.49735320e+00 1.91086888e+00 8.79896581e-01
    1.56049943e+00 -8.44976187e-01 -3.24894398e-01 4.36394393e-01
    8.12359869e-01 -8.07892382e-01 3.86078000e-01 4.31568176e-01
    -8.76286745e-01 9.43700731e-01 -2.73346156e-01 1.58951795e+00
    1.49395418e+00 1.14272952e+00 1.00148404e+00 2.75422096e-01
    8.29803705e-01 6.78320169e-01 1.98767841e-01 1.82733846e+00
    1.57938004e+00 -1.28678143e-01 6.39860749e-01 8.04723263e-01
    2.45415241e-01 2.74806499e-01 4.38179702e-01 2.65099466e-01
    -2.36225858e-01 1.78048861e+00 6.03061557e-01 1.76707900e+00
    1.56783438e+00 1.37639964e+00 -1.01698013e-02 8.95567596e-01
    5.44814169e-01 8.84007961e-02 2.95819879e-01 -3.36023271e-01
    1.21284962e+00 1.90728986e+00 3.21539462e-01 1.88220525e+00
    -9.33191299e-01 -7.29534805e-01 -8.06943953e-01 1.05914879e+00
    1.40075958e+00 6.59792423e-01 -6.08696997e-01 -2.29411289e-01
    6.72859251e-01 9.82583463e-01 3.05494070e-01 1.52041912e+00
    1.65497810e-01 1.54905641e+00 -4.14397746e-01 1.50088632e+00
    1.42574406e+00 5.34252346e-01 1.22993834e-01 1.05134380e+00
    9.86106336e-01 5.86761773e-01 9.43731904e-01 1.26616931e+00
    -6.96929336e-01 -6.24706268e-01 4.84521925e-01 3.18330586e-01
    5.13222456e-01 -1.26504198e-01 -2.46208292e-02 3.20244074e-01
    1.55460179e+00 3.97349656e-01 3.55212748e-01 1.27041340e+00
    -6.04427695e-01 1.15172350e+00 1.28359783e+00 1.20440476e-01
    1.72310030e+00 -5.76707304e-01 -9.06701624e-01 1.50350773e+00
    6.12994075e-01 1.68679011e+00 -1.57586768e-01 6.09397411e-01
    -8.76463115e-01 8.26739669e-01 1.65062261e+00 2.13535950e-01
    8.05239439e-01 -7.98370242e-01 9.27475989e-01 9.15715247e-02
    1.89883530e+00 -3.33685756e-01 1.56962514e+00 -6.75952733e-01
    6.75707519e-01 -2.97395349e-01 1.49640894e+00 -8.11275303e-01
    2.76297852e-02 -3.32813084e-01 1.46527755e+00 1.74041378e+00
    -5.79530478e-01 1.96574998e+00 7.70420969e-01 6.79583073e-01
    1.54680228e+00 1.24419570e+00 -6.27020657e-01 -6.88544154e-01
    1.58646345e+00 -7.35407025e-02 -1.78603623e-02 4.70765769e-01
    1.60919714e+00 -6.55642211e-01 -3.20307732e-01 -5.67491531e-01
    6.79043055e-01 1.76734507e+00 -4.93249744e-01 7.97867656e-01
    1.64851522e+00 5.63439608e-01 9.15666044e-01 1.58093548e+00
    9.61091280e-01 5.58547556e-01 9.19370651e-01 1.92547238e+00
    7.73092568e-01 -4.65415835e-01 1.02294886e+00 -5.91159701e-01
    1.84181437e-01 -1.99241936e-01 8.85242760e-01 -8.37362051e-01
    1.41673338e+00 2.19184294e-01 8.35839689e-01 1.71452618e+00
    2.65154570e-01 -7.06256509e-01 6.61412021e-03 1.69019783e+00
    2.62261599e-01 -4.15610522e-01 -6.29891217e-01 1.66031528e+00
    -4.27021295e-01 1.81715059e+00 -3.32511812e-02 3.17181528e-01
    -2.48300076e-01 1.07713199e+00 1.09415030e+00 4.11948830e-01
    1.62766385e+00 1.00254667e+00 1.07603282e-01 7.65547216e-01
    8.98724139e-01 1.40367377e+00 -6.60467684e-01 1.18071079e+00
    1.62116885e+00 -5.16314924e-01 6.99685887e-02 -2.43759766e-01
    1.31868267e+00 -5.76674223e-01 7.70812452e-01 1.28427196e+00
    1.39958811e+00 1.85307777e+00 5.78769386e-01 3.68980825e-01
    4.26125139e-01 -9.23597336e-01 -3.34930986e-01 1.40786052e+00
    7.32999966e-02 9.07330453e-01 1.87673962e+00 1.42515016e+00
    6.61451221e-01 7.66763866e-01 1.36998808e+00 1.41769135e+00
    1.26598442e+00 3.53298545e-01 1.18085647e+00 -6.80702269e-01
    3.30556966e-02 1.41871858e+00 8.48454654e-01 -8.93328607e-01
    1.68315363e+00 1.64386332e+00 6.74389303e-01 1.57753956e+00
    -3.12774986e-01 6.19517505e-01 3.12645406e-01 3.09617460e-01
    1.05721998e+00 1.06534898e-01 -4.58333045e-01 1.85420263e+00
    7.27923930e-01 -3.74377906e-01 -7.48384297e-01 1.40023971e+00
    7.79547870e-01 6.22871578e-01 1.40715122e+00 5.73806643e-01
    -1.06990777e-01 -2.91761875e-01 -2.19182834e-01 2.47957408e-01
    -1.01902783e-01 9.14630532e-01 -3.08534116e-01 6.66478038e-01
    5.09253284e-03 7.24846423e-01 -8.71819079e-01 1.86882298e-02
    1.02728319e+00 1.74114037e+00 -1.48570299e-01 1.43311095e+00
    7.03050137e-01 1.66283679e+00 -9.44718540e-01 -4.11539018e-01
    -3.45865667e-01 1.28125739e+00 4.83808607e-01 7.97996759e-01
    8.48938972e-02 -9.58966315e-01 -8.18357468e-02 -4.41416204e-02
    1.57085764e+00 1.21305847e+00 3.09630752e-01 -7.76494563e-01
    6.22221887e-01 1.22407389e+00 1.87730002e+00 2.83112051e-03
    1.70629239e+00 4.56669390e-01 1.34044015e+00 -8.58841836e-02
    1.13396442e+00 3.18538509e-02 2.86294162e-01 -8.81351948e-01
    -6.41038895e-01 1.37227345e+00 3.17802906e-01 7.03817606e-02
    1.39991343e+00 -7.93458894e-02 3.77322555e-01 8.96736920e-01
    6.07644916e-01 -6.83086276e-01 -5.89872360e-01 -4.42287773e-01
    -9.33837235e-01 1.40617335e+00 1.33212054e+00 3.95913452e-01
    1.04187679e+00 -1.36696503e-01 4.32218552e-01 -2.30973333e-01
    -5.37491679e-01 1.38900435e+00 1.56081545e+00 -8.32467139e-01
    1.87937546e+00 -1.81694120e-01 -3.11432749e-01 9.05720610e-03
    1.39909899e+00 -7.00954020e-01 4.71694395e-02 -7.94906199e-01
    1.70103741e+00 -8.53924230e-02 4.00186181e-01 -8.58281672e-01
    1.52120090e+00 -7.67954579e-03 9.05767620e-01 1.70858693e+00
    -7.17929974e-02 7.03085363e-01 7.31958568e-01 8.64312053e-01
    5.60415566e-01 1.35138214e+00 1.36410320e+00 5.64671040e-01
    4.49483335e-01 6.03985429e-01 1.88156617e+00 4.22882110e-01
    -2.39997163e-01 5.96347392e-01 1.88817930e+00 -6.17736876e-01
    -7.28398621e-01 8.87651563e-01 -4.53234240e-02 4.51201677e-01
    -4.22089174e-02 -1.85384139e-01 -8.05402935e-01 1.84997046e+00
    1.79395401e+00 -7.25614354e-02 8.25256705e-01 3.66865188e-01
    4.91695076e-01 1.92619920e+00 1.29346490e+00 -1.14956371e-01
    1.19821393e+00 6.58920482e-02 1.49079251e+00 1.26310062e+00
    8.57740283e-01 1.81223655e+00 -4.71001357e-01 5.14279127e-01
    1.01294994e-01 1.00341655e-01 -6.92048669e-01 -8.08272660e-02
    -8.42770994e-01 1.24954569e+00 -1.95611343e-01 1.44938266e+00
    5.04079103e-01 8.36299777e-01 -2.53538013e-01 6.69826865e-01
    1.83284521e-01 8.41311514e-02 3.80603969e-02 -4.11042541e-01
    1.22716033e+00 4.80074901e-03 1.43573248e+00 -1.92454264e-01
    1.26008242e-01 7.46561050e-01 -4.70716238e-01 1.23942506e+00
    -8.42719495e-01 1.60248280e+00 -3.93088520e-01 -2.08403975e-01
    6.95500493e-01 -6.11495912e-01 3.17837894e-01 5.27537107e-01
    4.87141103e-01 -2.31829256e-01 4.39544231e-01 1.30824566e+00
    -4.77057904e-01 5.06138563e-01 4.39127386e-01 -2.23856658e-01
    -1.84329659e-01 -2.36557811e-01 -3.00001025e-01 -5.55907249e-01
    1.74388814e+00 1.16669321e+00 1.78210449e+00 -2.91329652e-01
    -1.68691501e-02 1.43317652e+00 1.52280763e-01 1.25338900e+00
    1.87288749e+00 -1.06150091e+00 7.00496197e-01 1.50071609e+00
    1.65107727e+00 1.59906459e+00 1.24106085e+00 1.50710022e+00
    1.60773337e+00 -6.84648275e-01 1.20625758e+00 1.75193810e+00
    -8.98705542e-01 1.85412431e+00 2.46920347e-01 -1.83970198e-01
    -1.02080824e-03 1.58113611e+00 8.51520479e-01 -8.16601515e-01
    -5.72183868e-03 5.16860366e-01 1.61962998e+00 3.46437871e-01
    6.16176844e-01 1.17590892e+00 9.06294025e-03 1.45331848e+00
    9.90093172e-01 -6.60883069e-01 1.98788428e+00 6.00356340e-01
    -5.38824856e-01 -4.46626276e-01 6.15019858e-01 1.98741031e+00
    -1.69050381e-01 1.81509852e+00 -5.41013181e-01 1.29334009e+00
    1.73733330e+00 9.16799843e-01 -4.43173647e-01 2.33723059e-01
    9.02823687e-01 -2.01171950e-01 1.44363260e+00 -7.69654512e-01
    9.93829846e-01 1.01293266e-01 1.58979499e+00 -4.65838611e-02
    -4.75853473e-01 -4.77417648e-01 -2.98505127e-01 -7.09730744e-01
    1.09161282e+00 1.78506866e-01 6.07612990e-02 9.39714015e-01
    -9.41533267e-01 7.56303072e-01 1.09628248e+00 1.54742622e+00
    3.23765308e-01 9.81475890e-01 9.51043367e-01 -3.29738289e-01
    3.45663309e-01 -9.31554615e-01 1.69269538e+00 9.39492583e-01
    -3.25996093e-02 -2.69965231e-01 -8.29803467e-01 -7.72130564e-02
    4.87639099e-01 -1.58582687e-01 -3.66878062e-01 -4.31723446e-01
    7.74747252e-01 3.62347849e-02 1.04566538e+00 -8.63329098e-02
    -7.23523423e-02 7.20265210e-02 1.45224643e+00 1.76973522e+00
    -1.35011986e-01 4.55277115e-01 -7.59788871e-01 1.77760899e+00
    -2.59366989e-01 -6.93105876e-01 1.60508597e+00 1.69037414e+00
    5.06077409e-01 -5.78924537e-01 -6.32821083e-01 1.81591284e+00
    1.44516242e+00 -2.21654326e-01 -7.99280405e-02 -3.64124402e-02
    1.80034494e+00 1.24024820e+00 1.68748116e+00 3.70311439e-02
    7.51293838e-01 5.29967308e-01 -2.50652134e-01 4.93822277e-01
    -7.86830902e-01 1.63810015e+00 5.96109688e-01 1.77481130e-01
    -6.08106434e-01 -4.49666418e-02 1.62866044e+00 1.03634107e+00
    -3.49538624e-01 4.18115333e-02 -3.89277130e-01 -5.01368761e-01
    -1.08856358e-01 1.09317563e-01 3.94306816e-02 1.99436378e+00
    -3.82847220e-01 -6.87058270e-01 5.01633286e-01 2.68047333e-01
    6.40257359e-01 7.37776279e-01 8.15079153e-01 6.88725531e-01
    1.36160707e+00 7.29007304e-01 1.72214293e+00 4.89092141e-01
    -5.62124610e-01 1.03503668e+00 -7.24989176e-01 3.82096350e-01
    -4.51503575e-01 -1.96875528e-01 -8.77840519e-01 -2.37358779e-01
    1.36067891e+00 -2.79469371e-01 -6.99698865e-01 1.39679646e+00
    -6.64654732e-01 -7.57292867e-01 3.59831780e-01 -7.10520983e-01
    1.99800336e+00 9.98497069e-01 1.15831181e-01 7.40701556e-01
    2.46990234e-01 1.04469359e+00 1.65612328e+00 1.53271401e+00
    1.89149463e+00 -5.42753816e-01 1.38042307e+00 3.59888673e-01
    -2.55470276e-01 1.14973116e+00 1.22354770e+00 -6.73646212e-01
    -6.84529841e-01 -4.75667953e-01 1.36221337e+00 3.18800181e-01
    1.03652263e+00 -6.39141917e-01 1.01118088e+00 1.63014531e+00
    -5.03006876e-01 3.13481003e-01 1.22613154e-01 9.79565457e-02
    -2.83452094e-01 4.01056260e-01 -7.85329103e-01 1.68833685e+00
    3.84097211e-02 4.01268482e-01 5.55438876e-01 5.04951715e-01
    -2.12826893e-01 1.05002797e+00 -3.17324758e-01 1.12796235e+00
    -1.81993544e-01 7.98043966e-01 3.96599054e-01 3.72150123e-01
    1.13920426e+00 1.43268481e-01 -1.97788909e-01 1.68451762e+00
    -9.19498503e-01 -2.00405583e-01 4.68892545e-01 1.71940517e+00
    1.48655462e+00 -5.36709577e-02 1.46276140e+00 4.37600054e-02
    1.61557603e+00 3.50547671e-01 -5.57314336e-01 4.45956774e-02
    -7.76097700e-02 3.90767366e-01 5.08775651e-01 6.31399572e-01
    1.57813206e-02 -2.50621706e-01 -7.31741309e-01 2.76816133e-02
    4.53986555e-01 1.66151440e+00 -8.23408902e-01 3.38762969e-01
    1.62974632e+00 3.19195479e-01 8.50406229e-01 1.88814104e+00
    -6.00128233e-01 1.10388136e+00 -3.09141278e-01 1.23761141e+00
    7.94714332e-01 4.12524253e-01 -4.83256459e-01 -2.92085856e-01
    3.36309612e-01 -4.72629517e-01 1.72321904e+00 3.77107918e-01
    1.22819519e+00 1.74976602e-01 9.56789196e-01 -2.61699528e-01
    3.33729506e-01 1.24583733e+00 5.44106662e-01 1.11528611e+00
    7.70670593e-01 -4.12925005e-01 1.42224252e+00 1.77208233e+00
    -7.43802845e-01 1.23768663e+00 1.61586806e-01 -1.01225770e+00
    -1.59899637e-01 -5.66313386e-01 9.73847926e-01 5.23043752e-01
    1.75402379e+00 6.27552345e-02 5.74645042e-01 1.30247784e+00
    -4.17881131e-01 -9.84213531e-01 -7.03218937e-01 1.39778745e+00
    1.66546845e+00 1.75736892e+00 1.71467829e+00 1.33037210e+00
    8.00194144e-01 9.22932148e-01 3.12505603e-01 6.45619214e-01
    -3.74001116e-01 -4.82414514e-01 -8.39099765e-01 1.08215547e+00
    1.12588763e+00 1.78615236e+00 9.55827355e-01 -4.44324762e-01
    4.61792976e-01 2.32522547e-01 9.56089497e-01 8.09593737e-01
    1.74236071e+00 1.29544616e+00 7.68041193e-01 1.76368225e+00
    -5.80764174e-01 6.44275665e-01 8.47041786e-01 1.20512152e+00
    1.60072577e+00 2.01851711e-01 -6.38578773e-01 3.20379466e-01
    1.72389483e+00 -7.78105378e-01 1.31377089e+00 8.35463583e-01
    5.30586720e-01 -3.25286359e-01 2.03436542e+00 -7.10244000e-01
    1.64760184e+00 1.14291394e+00 -4.51130539e-01 1.22417748e+00
    -2.49775108e-02 4.51357633e-01 -2.28358597e-01 1.75914204e+00
    3.99853975e-01 1.43940461e+00 2.62538046e-01 2.57401429e-02
    1.33940208e+00 1.41571593e+00 4.34844583e-01 3.12459260e-01
    8.08303714e-01 9.60672736e-01 -4.67236221e-01 -4.20627147e-02
    9.15430188e-01 -1.13992952e-02 7.33383536e-01 -1.09157890e-01
    1.79041576e+00 9.76632357e-01 -7.55646080e-02 1.43510425e+00
    1.29652783e-01 8.83065939e-01 1.84860632e-01 1.79864085e+00
    -5.83437502e-01 -5.43131232e-01 -6.56469166e-01 -2.00714275e-01
    3.62115979e-01 -7.56315887e-02 1.93891227e-01 -9.98354629e-02
    -5.78056693e-01 4.04607356e-01 1.95617092e+00 1.10250354e+00
    1.12555213e-01 -7.71154523e-01 4.99280214e-01 -4.39154357e-01
    9.38513696e-01 1.24054253e-01 1.55975544e+00 8.54727864e-01
    -6.77593112e-01 5.15643835e-01 -8.64396870e-01 -5.05049646e-01
    8.98119271e-01 1.50014237e-02 1.76596332e+00 -5.64774394e-01
    -5.67202091e-01 1.70479387e-01 2.44077355e-01 1.77207804e+00
    9.04879943e-02 -8.00559819e-01 1.20213218e-01 -1.69789389e-01
    -2.38141820e-01 4.55960810e-01 1.56595957e+00 -3.08931738e-01
    8.67585167e-02 1.85491133e+00 -8.85970175e-01 1.74582446e+00
    1.54248810e+00 -1.78525910e-01 -9.78123009e-01 -4.87445116e-01
    1.66527271e-01 -5.03350347e-02 1.09812582e+00 1.21361136e+00
    -3.59033816e-03 6.93607330e-01 1.15613413e+00 -3.67044032e-01
    1.92960048e+00 -7.14854226e-02 1.04673326e+00 5.46665251e-01
    9.14438218e-02 -3.35495830e-01 1.32479560e+00 -5.36467850e-01
    -4.06601697e-01 1.40155041e+00 1.73550224e+00 1.21957469e+00
    -9.25897285e-02 1.99730814e+00 -3.03836286e-01 9.63442922e-01
    6.44607484e-01 1.94284236e+00 9.61294472e-01 2.80339748e-01
    5.64701080e-01 -2.04756141e-01 5.95942020e-01 1.40443400e-01
    2.24377722e-01 2.22389802e-01 -3.85777988e-02 3.61578077e-01
    5.97443283e-01 7.41258323e-01 -6.76386118e-01 1.87808597e+00
    -1.99843287e-01 -4.51439500e-01 7.60511935e-01 5.66813014e-02
    4.89311486e-01 -6.33568108e-01 -3.49336118e-01 1.23912239e+00
    -7.31988132e-01 -1.64767459e-01 -2.70579517e-01 5.73774636e-01
    6.17917299e-01 -4.76528108e-01 9.11312163e-01 -1.78862512e-01
    -2.02353358e-01 5.58659017e-01 9.63569224e-01 9.73532915e-01
    8.38574827e-01 -7.33281374e-01 4.54449356e-01 5.14171183e-01
    6.93964005e-01 5.52451193e-01 5.75919330e-01 -6.37917817e-02
    1.88781047e+00 1.15331936e+00 -7.78211057e-01 -5.32991409e-01
    1.89738870e+00 -7.02544749e-01 1.04768288e+00 3.91303211e-01
    -5.88027716e-01 -4.63912517e-01 2.83662796e-01 9.41418052e-01
    1.96200109e+00 7.90103674e-01 1.01491082e+00 1.50301623e+00
    3.11364289e-02 -9.02996480e-01 1.01074672e+00 3.44925895e-02
    1.18018770e+00 1.12939715e+00 1.60168445e+00 4.16437685e-01
    1.08587575e+00 1.76108992e+00 -5.70451319e-01 -6.12217724e-01
    5.36423922e-01 1.73684216e+00 9.34305787e-01 7.64612615e-01
    8.28229666e-01 9.57136035e-01 3.41917217e-01 9.40034568e-01
    3.09411645e-01 -7.28640079e-01 7.58754075e-01 1.33171344e+00
    4.90860522e-01 2.83612251e-01 -7.45805383e-01 6.56913500e-03
    -8.31382275e-01 -6.79689705e-01 1.64187026e+00 -7.54683614e-01
    9.24779475e-01 1.12488174e+00 2.48949170e-01 -9.42836285e-01
    3.47069681e-01 1.55072525e-01 -7.23513424e-01 -9.74989474e-01
    8.17203939e-01 1.61045825e+00 -5.01122214e-02 2.25369662e-01
    -6.10639639e-02 1.02345407e+00 -6.52719259e-01 1.66301799e+00
    1.34274983e+00 1.75262380e+00 1.00763452e+00 5.63111544e-01
    9.97937620e-01 -9.03114915e-01 4.48053777e-01 1.21309392e-01
    1.74453068e+00 9.75654647e-02 1.02441025e+00 1.60626054e+00
    5.94350755e-01 1.05658007e+00 1.74336016e+00 4.11276400e-01
    1.88163590e+00 8.20167601e-01 1.68825674e+00 -3.77740175e-01
    4.48240548e-01 -7.02039003e-01 -1.04194194e-01 -7.11266279e-01
    1.21901536e+00 3.49017501e-01 -1.61579728e-01 -6.33842468e-01
    1.83143055e+00 5.95813334e-01 1.19451785e+00 -4.40468997e-01
    7.51684666e-01 -8.22493553e-01 -2.69862443e-01 -4.94437933e-01
    2.01271296e+00 -3.21050733e-01 -6.01972282e-01 -4.08374906e-01
    3.64785701e-01 -1.91762134e-01 -4.42758530e-01 3.08814734e-01
    -5.37250578e-01 9.99980152e-01 7.68768072e-01 -7.41427302e-01
    1.05376923e+00 -7.92088628e-01 6.78535461e-01 4.56505418e-01
    4.10442613e-03 -6.71730399e-01 1.92089045e+00 9.26328003e-01
    7.21803844e-01 2.78998017e-01 9.74687994e-01 1.35830712e+00
    1.70954621e+00 -4.67351675e-01 8.31459820e-01 1.86212528e+00
    1.31887579e+00 2.40860283e-01 1.03688443e+00 -9.12565649e-01
    5.78535676e-01 1.27799535e+00 3.34625512e-01 4.69590932e-01
    1.40212631e+00 -6.22389495e-01 1.94190931e+00 9.40036178e-01
    -3.18792939e-01 5.15235543e-01 3.25415581e-01 3.19350325e-02
    1.44437206e+00 1.47503006e+00 1.88906169e+00 2.23389551e-01
    4.08033222e-01 1.83608019e+00 8.42860341e-02 8.83908093e-01
    1.15439236e+00 2.27596581e-01 1.15899360e+00 -2.54523903e-01
    5.96802592e-01 3.97507846e-01 1.60126889e+00 1.70931363e+00
    1.65654218e+00 3.78577858e-01 -1.00768268e+00 1.65134668e+00
    1.06421542e+00 1.89402127e+00 1.17816198e+00 1.11318648e+00
    -1.41126245e-01 1.02844787e+00 1.72759533e+00 1.01695454e+00
    -4.77346182e-01 8.63365769e-01 -5.95302582e-01 1.70436490e+00
    4.76286352e-01 -4.87686008e-01 -1.39144436e-01 1.14130795e+00
    1.80735362e+00 7.57600784e-01 1.61125994e+00 6.66169882e-01
    -2.28200823e-01 1.68867838e+00 -8.75511169e-01 -6.93363965e-01
    8.48573387e-01 1.90997970e+00 6.32146955e-01 1.12016559e+00
    1.95221841e+00 -1.27119645e-01 9.91052210e-01 1.15603521e-01
    5.96202552e-01 1.71868071e-01 -2.62636155e-01 9.09583449e-01
    1.83290160e+00 1.75986016e+00 1.14364958e+00 1.71126366e+00
    9.01719868e-01 9.16592926e-02 7.43526638e-01 -6.92923605e-01
    1.89663970e+00 1.09397805e+00 8.30613256e-01 3.14477503e-01
    1.67624485e+00 9.23302233e-01 7.70463884e-01 -8.37135434e-01
    1.36674738e+00 1.30018866e+00 1.21967590e+00 7.30106354e-01
    -7.26032555e-02 1.12115002e+00 4.96320754e-01 -4.99825031e-01
    6.67518377e-01 1.24529147e+00 1.12347317e+00 1.86633728e-02
    -6.40288815e-02 8.61933470e-01 -3.09718370e-01 1.18456900e+00
    1.67716026e-01 4.11469519e-01 5.02646685e-01 1.98948216e+00
    6.35781109e-01 4.53136861e-01 -6.32035553e-01 1.06711233e+00
    -1.76056132e-01 -3.75226825e-01 -1.33276507e-01 -4.73652214e-01
    5.84076047e-01 1.59706581e+00 1.68522155e+00 8.97647798e-01
    4.95648205e-01 -6.97538078e-01 -2.57952183e-01 1.32707512e+00
    1.24584460e+00 4.12893862e-01 7.00389966e-02 4.34248239e-01
    8.35525811e-01 1.39329052e+00 -2.23854762e-02 1.36956978e+00
    -6.33140624e-01 1.02730262e+00 7.85938650e-02 1.47961307e+00
    1.41413093e+00 8.04156363e-02 1.09311804e-01 1.27378666e+00
    2.96192095e-02 3.08048904e-01 -4.11823243e-01 2.71862149e-01
    6.05821192e-01 6.65297866e-01 1.68912065e+00 -5.71757972e-01
    3.06398870e-04 -5.45421243e-01 -6.68425977e-01 1.37627649e+00
    1.39232314e+00 -6.48690879e-01 -4.66243863e-01 9.65629041e-01
    1.41834152e+00 -3.55233669e-01 1.12482238e+00 2.22012430e-01
    6.97605312e-01 -8.46665502e-01 3.17007750e-01 -2.22854435e-01
    1.66969979e+00 1.45787597e+00 -3.57629329e-01 1.65795195e+00
    2.40799502e-01 3.78920972e-01 5.02309680e-01 -4.35453355e-01
    1.85498273e+00 -5.11424541e-01 1.73952281e-01 -5.50767422e-01
    -4.43268478e-01 1.13116217e+00 3.74250919e-01 5.96558213e-01
    5.79608798e-01 1.72654593e+00 1.45620322e+00 1.82595342e-01
    -8.40086520e-01 8.46015096e-01 1.28043902e+00 4.42281634e-01
    6.88734949e-01 1.26117957e+00 5.46267927e-01 1.62742674e+00
    -8.53493214e-01 -8.57362002e-02 1.83138609e+00 -1.37047738e-01
    9.36047018e-01 1.60814404e+00 -8.09875190e-01 -4.36396360e-01
    -8.26343477e-01 -3.33710283e-01 -8.77268732e-01 1.73375654e+00
    6.63269818e-01 4.35217708e-01 9.07417357e-01 1.04252505e+00
    1.96819022e-01 -4.68527913e-01 -1.46091491e-01 8.54805648e-01
    6.23720825e-01 2.91078597e-01 -9.35907662e-02 -5.94895005e-01
    8.41446877e-01 -5.45390308e-01 -4.79437351e-01 5.72195292e-01
    1.06361306e+00 1.47666669e+00 -8.30791593e-01 1.86652637e+00
    -8.25497746e-01 1.34261441e+00 3.40137422e-01 1.60235572e+00
    4.02349830e-01 5.40969133e-01 -7.13500082e-01 1.37700689e+00
    -6.53055310e-02 -2.41773799e-01 9.24732983e-01 1.67791176e+00
    1.58287480e-01 1.28090310e+00 1.67241788e+00 -4.90271598e-01
    6.31413102e-01 5.31965971e-01 7.73955464e-01 -1.44386649e-01
    1.53650725e+00 1.60649776e+00 -4.70859349e-01 7.56904066e-01
    3.54652047e-01 1.07053840e+00 1.06278527e+00 -8.69693935e-01
    1.31674722e-01 1.70019889e+00 -1.84368223e-01 -1.24787070e-01
    1.19681072e+00 -6.51458561e-01 1.44833136e+00 -1.67963415e-01
    6.13442659e-01 9.93864655e-01 -5.05141914e-01 -1.08745091e-01
    5.89229107e-01 -6.18480921e-01 1.56890643e+00 9.46152270e-01
    9.41382825e-01 -2.88871616e-01 9.99529481e-01 -2.17396878e-02
    1.20303237e+00 5.35006106e-01 -5.34965768e-02 -8.31732899e-02
    -7.79291809e-01 1.97808349e+00 -9.20609385e-02 8.48167658e-01
    -7.12794185e-01 -3.61919641e-01 -7.31581330e-01 1.50589183e-01
    4.85983074e-01 1.53964031e+00 4.03177649e-01 8.30283687e-02
    6.73094094e-01 1.35287976e+00 -2.77855486e-01 -5.64251602e-01
    1.57139897e+00 1.46891224e+00 1.23608816e+00 -2.71756083e-01
    -3.86072472e-02 1.89093888e+00 -5.34371257e-01 2.99755841e-01
    5.19801557e-01 -1.88677043e-01 8.91551614e-01 1.73379195e+00
    -2.36595184e-01 -3.17888290e-01 1.54438645e-01 1.69767988e+00
    2.50976503e-01 1.23959708e+00 -6.78146362e-01 -5.79739995e-02
    2.00636983e+00 2.00096369e+00 -1.56621501e-01 -1.22318432e-01
    8.03963840e-01 1.67310834e+00 1.56977308e+00 2.54957223e+00
    -6.10428117e-02 -5.13597190e-01 -2.35015154e-01 -2.70519137e-01
    5.52790403e-01 -1.06790975e-01 1.59637046e+00 -8.56474936e-01
    1.55574667e+00 1.71475041e+00 1.66624463e+00 5.64782500e-01
    1.56985366e+00 -3.21887076e-01 6.14141405e-01 1.45686483e+00
    -6.02089465e-01 3.15357409e-02 3.05639416e-01 1.04919291e+00
    1.93960339e-01 2.73554295e-01 -3.21515143e-01 -4.26656961e-01
    9.47614014e-01 -8.16739202e-01 5.77369988e-01 9.40053225e-01
    1.05147207e+00 1.00128162e+00 1.36911118e+00 1.44447780e+00
    1.83838420e-02 1.20623279e+00 6.37026578e-02 7.77885392e-02
    1.50283590e-01 -7.73784220e-01 1.98663342e+00 -4.37695503e-01
    1.70167720e+00 -5.21514177e-01 1.67602491e+00 8.24296594e-01
    1.70522892e+00 5.70564032e-01 4.59252894e-01 1.85603797e-01
    1.21852708e+00 1.59076810e+00 4.70946789e-01 -9.07384098e-01
    1.16076779e+00 1.60420251e+00 4.73145872e-01 8.36827636e-01
    9.86412227e-01 -8.15084934e-01 9.43809509e-01 -5.19122660e-01
    1.92662704e+00 1.23794019e+00 2.93085307e-01 -1.67425096e-01
    1.66417348e+00 1.71191096e+00 3.06625456e-01 -2.94963509e-01
    1.87787139e+00 4.90399599e-01 -3.81433547e-01 1.24076664e+00
    1.57671237e+00 1.27447522e+00 -3.79664332e-01 -6.03742361e-01
    8.40507567e-01 1.17853308e+00 1.64837396e+00 1.75245273e+00
    1.91614556e+00 -1.67567119e-01 5.30649796e-02 -8.52770686e-01
    5.82525972e-03 1.77657890e+00 9.32696879e-01 -7.68547416e-01
    7.22106695e-01 -1.83426440e-01 1.83286414e-01 1.53711331e+00
    1.21924651e+00 -7.90419519e-01 1.52680933e+00 1.56397462e-01
    -6.52465045e-01 1.59166828e-02 3.84525448e-01 5.21688521e-01
    8.61989021e-01 1.44964099e-01 -7.70802379e-01 -3.00431680e-02
    6.66367784e-02 8.62656474e-01 -6.29966438e-01 5.42268991e-01
    -7.14101672e-01 5.33161938e-01 5.45369923e-01 -8.93000007e-01
    4.82800335e-01 1.06491935e+00 4.85260904e-01 1.51539505e+00
    1.24357939e+00 1.16471004e+00 8.16084146e-02 1.16025162e+00
    -1.72237709e-01 -9.24424753e-02 7.42284358e-01 1.18785143e+00
    8.14545333e-01 4.10008198e-03 1.02617121e+00 4.34582680e-01
    3.67222309e-01 5.39792359e-01 -3.06245089e-01 -5.20387888e-01
    1.59253716e+00 8.54389191e-01 -3.34362358e-01 1.10705769e+00
    1.90495896e+00 1.10872543e+00 -7.99051642e-01 2.36969292e-01
    6.57011688e-01 6.70231581e-01 9.94311929e-01 -7.99154162e-01
    1.64005888e+00 1.01474547e+00 4.43743281e-02 1.99547768e-01
    -8.93888950e-01 8.13823164e-01 1.23753333e+00 4.25066352e-02
    8.44356060e-01 5.20222902e-01 -5.04375398e-01 1.03359807e+00
    1.59791672e+00 6.41515136e-01 8.39138404e-02 2.55492151e-01
    1.87485683e+00 9.06994998e-01 1.78904057e+00 5.60463190e-01
    -2.43857935e-01 -1.73703983e-01 1.89546123e-01 1.55830860e+00
    -4.29631948e-01 -4.49126393e-01 -3.78907114e-01 -1.26297399e-01
    -7.13247418e-01 -2.93885589e-01 1.85608792e+00 1.72607744e+00
    9.49949026e-01 1.32416928e+00 8.50629270e-01 -5.69512129e-01
    -7.94182956e-01 6.06692910e-01 -9.38990057e-01 -2.47194335e-01
    -4.68581527e-01 1.88213587e+00 1.70307481e+00 5.72505176e-01
    3.47016662e-01 -2.90863872e-01 1.97284892e-01 -2.49231890e-01
    -5.66934466e-01 1.88231432e+00 2.05026064e-02 -8.84068251e-01
    1.86888850e+00 1.39211667e+00 2.60821700e-01 1.07391188e-02
    1.79841185e+00 6.25378072e-01 -7.91359425e-01 9.12910700e-01
    9.92168903e-01 1.32717669e+00 1.77584112e+00 2.28909001e-01
    1.53290451e+00 4.33845043e-01 1.96723282e-01 6.43320143e-01
    -4.33491170e-02 6.28062665e-01 -6.55592978e-01 3.27064097e-01
    -2.45549619e-01 8.71560037e-01 1.45092058e+00 -8.96286070e-01
    2.02653855e-01 9.44239557e-01 3.58184695e-01 -5.86944699e-01
    -2.86938578e-01 9.16387975e-01 8.87692198e-02 -7.84537017e-01
    5.92354715e-01 1.86995637e+00 -8.45752776e-01 -3.60647410e-01
    -8.96757483e-01 -9.44691151e-02 -3.84211481e-01 7.96502233e-01
    1.35434961e+00 1.41340601e+00 7.90979266e-01 2.36919641e-01
    5.91745675e-01 8.38534176e-01 1.50205755e+00 8.08514059e-01
    -3.67078364e-01 9.78499293e-01 7.59656727e-01 1.86594963e+00
    1.74373329e+00 1.10273397e+00 1.13859594e-01 1.43455231e+00
    4.51751202e-01 2.68352360e-01 1.82522953e+00 2.61130261e+00
    1.35352480e+00 -8.61475050e-01 -2.03904584e-01 -2.01880738e-01
    -1.93633050e-01 2.00245118e+00 1.28968060e+00 -1.38305560e-01
    -7.74613261e-01 1.13002276e+00 -7.25479364e-01 -2.30372131e-01
    -4.52926457e-01 1.41352427e+00 -9.31273997e-01 6.08233094e-01
    1.12983622e-01 -4.52188365e-02 1.21206045e+00 1.33103573e+00
    -2.64507502e-01 6.99911177e-01 3.95571798e-01 1.76321959e+00
    -2.13048682e-01 -2.09994823e-01 2.48747975e-01 1.61587846e+00
    1.05054116e+00 1.27476704e+00 -7.64146030e-01 -1.95338264e-01
    1.10138619e+00 1.30692780e+00 1.07451284e+00 2.55917758e-01
    5.99933743e-01 -8.34254265e-01 1.11405003e+00 -7.75904417e-01
    6.93146408e-01 -3.97113800e-01 -5.95309362e-02 9.63864386e-01
    2.76337206e-01 -4.96197939e-01 4.72437292e-01 1.01941042e-01
    2.25788802e-01 -8.99323300e-02 1.20001006e+00 -2.23667383e-01
    1.63069952e+00 4.38869655e-01 1.10204685e+00 6.87662899e-01
    -4.28090900e-01 1.72419298e+00 3.67808253e-01 1.57159376e+00
    -8.78525794e-01 -3.57498139e-01 -1.58359438e-01 1.81821549e+00
    -1.76002964e-01 1.38883483e+00 -1.87028587e-01 1.71479118e+00
    -5.83257973e-01 4.81421858e-01 4.99193311e-01 -7.25943029e-01
    -8.59073281e-01 1.00242782e+00 6.05102718e-01 1.73496902e+00
    7.68638194e-01 -6.36849999e-01 3.71586442e-01 -8.53984296e-01
    -1.46114277e-02 -4.99184936e-01 8.63757372e-01 6.57970071e-01
    1.89022446e+00 1.15943015e+00 6.91988051e-01 1.05679119e+00
    9.30960834e-01 1.33681107e+00 -3.10463518e-01 7.94753790e-01
    -2.42681652e-01 2.28600696e-01 1.75793445e+00 1.05402255e+00
    4.04886380e-02 1.21832661e-01 1.58973742e+00 8.98819149e-01
    1.87243938e+00 6.08609498e-01 -2.26490155e-01 -2.34586909e-01
    -4.54627901e-01 1.32266557e+00 -7.33203351e-01 1.38062608e+00
    1.62232935e+00 1.02748621e+00 -4.51963335e-01 1.53179336e+00
    1.42232573e+00 -6.36417419e-02 -5.19569637e-03 -3.07180166e-01
    1.68152821e+00 1.86151123e+00 -7.68823683e-01 -3.15122426e-01
    6.21062577e-01 2.10024789e-01 1.34212422e+00 4.99292672e-01
    1.85628855e+00 5.15918612e-01 1.86446190e+00 -2.08104581e-01
    5.14539123e-01 9.01060045e-01 4.45878685e-01 -1.63305085e-02
    8.99117827e-01 1.17115796e+00 -8.08576286e-01 5.00950873e-01
    7.56767869e-01 -3.94703783e-02 1.60599992e-01 1.71502978e-01
    1.44124830e+00 1.24893081e+00 7.17663348e-01 5.71785152e-01
    1.68532872e+00 3.93702239e-01 9.73386839e-02 1.41117895e+00
    9.19136822e-01 1.45501983e+00 -1.30632296e-01 4.47720513e-02
    -8.82951438e-01 1.15965354e+00 -3.56507450e-01 -1.58384711e-01
    -7.29296863e-01 2.98267066e-01 1.40053368e+00 7.19205514e-02
    -2.89471447e-01 -8.41729462e-01 3.58630657e-01 -4.74334694e-02
    7.20418990e-01 1.20590806e+00 -6.58983409e-01 -8.63280237e-01
    1.82067394e+00 3.93640727e-01 5.73507726e-01 -9.94457185e-01
    1.23292160e+00 1.37174392e+00 -4.26243901e-01 -5.95808178e-02
    -8.21661174e-01 -3.13985527e-01 1.67086339e+00 1.26451063e+00
    9.97731328e-01 5.80436945e-01 1.26544511e+00 6.14366889e-01
    4.03965950e-01 -1.62851974e-01 -7.47045994e-01 5.36957800e-01
    7.97984242e-01 1.45256746e+00 1.31069613e+00 1.84564650e+00
    9.41395819e-01 4.90173608e-01 1.30470634e+00 6.53104007e-01
    -5.21298945e-01 -4.00444448e-01 -3.30868632e-01 1.28384960e+00
    2.74068713e-01 1.06448638e+00 -7.96430051e-01 1.15739906e+00
    1.35080123e+00 1.04525432e-01 1.80452263e+00 -9.30166185e-01
    1.18025327e+00 1.82172751e+00 9.96330619e-01 -6.71541333e-01
    9.58344936e-02 1.57941365e+00 1.38722345e-01 5.91303051e-01
    -7.07590133e-02 1.02983701e+00 5.87100834e-02 6.39882207e-01
    3.50861102e-01 -8.41238946e-02 4.33750659e-01 5.82559109e-02
    3.66041631e-01 9.35540080e-01 6.58731043e-01 1.54740465e+00
    1.76291674e-01 1.52191305e+00 -4.99897808e-01 1.34798813e+00
    2.29720682e-01 3.37900519e-02 1.31591022e+00 -8.85732174e-01
    -8.23002338e-01 1.42096841e+00 1.43772757e+00 1.58192492e+00
    1.30707407e+00 -6.19703233e-01 8.08203340e-01 9.28997040e-01
    1.32909477e+00 -8.99667263e-01 -5.21440268e-01 -2.58260041e-01
    1.23169458e+00 -1.27930138e-02 -4.07929160e-03 3.31808627e-02
    -8.25672150e-01 8.40902388e-01 1.31820464e+00 4.44403768e-01
    4.69582200e-01 -6.68797016e-01 1.13291728e+00 1.55814946e+00
    9.07091439e-01 5.97179644e-02 2.22870126e-01 1.90684557e-01
    4.97530922e-02 -1.72286153e-01 1.51803923e+00 1.81312752e+00
    -5.99609256e-01 -8.62058103e-01 -3.23892683e-01 1.86244822e+00
    -1.75722286e-01 -2.35561833e-01 8.96176755e-01 -6.71931922e-01
    -6.14311576e-01 1.58827877e+00 5.39942622e-01 -1.81196988e-01
    -9.63656068e-01 1.72444451e+00 -9.93222713e-01 1.08422196e+00
    -4.29517180e-02 -6.04413450e-01 5.62813163e-01 8.48961353e-01
    1.29511917e+00 1.14001942e+00 -5.87266803e-01 1.02256310e+00
    1.53570175e-01 -5.15150666e-01 -3.85506392e-01 -8.59682798e-01
    1.41932741e-01 -7.39480615e-01 7.51792550e-01 1.40478647e+00
    2.07672668e+00 6.56014860e-01 -5.18182039e-01 1.07687339e-01
    -2.14852631e-01 -4.94122729e-02 9.06385541e-01 8.43910500e-02
    -7.84936607e-01 9.94849026e-01 1.91692436e+00 -1.65091902e-01
    -6.10361576e-01 2.89860040e-01 6.38322253e-03 -1.22491211e-01
    5.53792477e-01 -2.59643167e-01 8.20765018e-01 1.08816154e-01
    1.02319372e+00 7.31805742e-01 8.95765305e-01 -9.76028681e-01
    1.69737220e+00 1.07414055e+00 1.79897308e+00 1.11943340e+00
    1.63537014e+00 1.04433441e+00 -3.43529999e-01 8.02222192e-01
    -6.22156382e-01 9.32412565e-01 1.55808592e+00 1.61128938e+00
    3.91790241e-01 6.71037972e-01 1.78813720e+00 1.40563369e+00
    7.06404030e-01 1.69901466e+00 1.06673551e+00 5.49429888e-03
    3.12184870e-01 -6.59377873e-01 9.23697352e-01 1.03724682e+00
    1.53644276e+00 1.56283486e+00 -6.39118075e-01 1.67753208e+00
    1.30677536e-01 -6.31394744e-01 9.57367897e-01 6.60614431e-01
    1.46250153e+00 -8.97945344e-01 4.52521622e-01 -1.97502926e-01
    -8.12869787e-01 1.65659249e+00 1.30419362e+00 -2.42226064e-01
    6.19928874e-02 1.90170646e+00 1.06549489e+00 6.33802831e-01
    9.77125943e-01 1.01530850e+00 8.33285570e-01 -2.12834805e-01
    3.71204287e-01 1.78391683e+00 1.50876999e+00 -7.97541380e-01
    -4.26680535e-01 3.04041564e-01 -3.03303152e-01 9.34356213e-01
    4.82272863e-01 1.50358653e+00 1.07003617e+00 5.33029914e-01
    8.83855581e-01 8.44838738e-01 1.72106296e-01 -9.10366952e-01
    1.22779906e+00 -4.38697152e-02 -8.29047263e-01 -3.57032567e-01
    1.54142380e+00 -6.92798048e-02 -3.99921924e-01 -4.51021463e-01
    1.12977970e+00 6.46826923e-01 2.81160712e-01 -5.10753512e-01
    5.60557127e-01 -6.93777084e-01 1.02615678e+00 7.81204581e-01
    -8.76535535e-01 -8.62280726e-01 6.03181720e-01 8.90761554e-01
    9.30285513e-01 1.06204915e+00 9.79886472e-01 1.48325706e+00
    1.50828147e+00 -1.16617762e-01 1.79614842e+00 -6.01527154e-01
    1.53463435e+00 -1.96521655e-01 -6.53061450e-01 -5.45110226e-01
    1.06917143e+00 2.51368910e-01 1.98115742e+00 1.20885380e-01
    1.09718949e-01 8.97943139e-01 -2.01818258e-01 -6.16243422e-01
    1.80507135e+00 1.45598960e+00 1.67388284e+00 -5.67874253e-01
    8.14097881e-01 4.89399791e-01 1.06831658e+00 8.71453881e-01
    9.83046412e-01 -6.04866028e-01 1.06958365e+00 -5.61462939e-01
    1.89880669e+00 -5.80896318e-01 -3.69006306e-01 -6.51131809e-01
    -4.60795641e-01 5.09293452e-02 1.61684096e+00 1.12959564e+00
    2.65317112e-01 1.76548862e+00 8.70564878e-01 1.15000658e-01
    1.87318051e+00 1.19232380e+00 7.56872714e-01 1.45688677e+00
    5.51106930e-01 1.73829842e+00 1.63992321e+00 7.77544975e-01
    -5.48650265e-01 9.37706828e-01 -3.21210861e-01 5.55065870e-01
    -8.84015501e-01 5.29356241e-01 1.56060839e+00 -4.50152546e-01
    9.14093733e-01 1.40250337e+00 3.88522476e-01 -6.11138582e-01
    5.38495541e-01 8.66815627e-01 1.16432333e+00 -6.67369425e-01
    -9.35918033e-01 -6.42065525e-01 1.13782859e+00 -8.07987273e-01
    -6.86980486e-01 6.33092582e-01 1.82557714e+00 1.74740148e+00
    1.20310664e+00 -5.31415403e-01 1.10194600e+00 1.28929643e-02
    -9.93271023e-02 4.24862444e-01 1.44924510e+00 5.01715600e-01
    1.58434200e+00 2.22838949e-02 -5.84839322e-02 2.71735281e-01
    -6.33830011e-01 1.12903130e+00 -1.57116100e-01 1.66778779e+00
    1.64414477e+00 1.33061934e+00 -9.05335367e-01 8.73721957e-01
    3.64948422e-01 3.47725183e-01 1.56187832e+00 4.14895594e-01
    -2.00403500e-02 2.57447332e-01 1.40856206e+00 2.80366826e+00
    -5.66945970e-01 -1.34331942e-01 9.08278584e-01 -5.85767031e-01
    -8.39810725e-03 5.05492508e-01 -4.41693813e-01 1.70818841e+00
    -5.36011755e-02 -1.80885792e-01 -9.72341180e-01 5.08091211e-01
    6.95745647e-01 4.72933650e-01 -2.04302713e-01 9.62634861e-01
    1.82455814e+00 3.96238208e-01 1.29410172e+00 -4.81149882e-01
    -1.01436305e+00 -9.84786928e-01 8.18927705e-01 1.56411934e+00
    -8.91247988e-01 1.30860400e+00 -3.84613752e-01 -9.25436378e-01
    -7.59033382e-01 4.87102978e-02 1.68735862e-01 -4.31050271e-01
    1.03474748e+00 -3.82435679e-01 1.31541324e+00 4.97738957e-01
    8.80619705e-01 7.77611732e-01 9.42271173e-01 -6.80401146e-01
    9.67105031e-01 9.20281291e-01 1.43502462e+00 -1.98125437e-01
    6.21268630e-01 -4.22494054e-01 -1.78572729e-01 1.05575681e+00
    -6.92535758e-01 1.30850649e+00 -4.38513458e-01 8.31420600e-01
    3.99996601e-02 1.57930160e+00 1.33429360e+00 -6.72163665e-01
    1.28956008e+00 3.28589082e-01 5.12856469e-02 5.37004948e-01
    1.69311595e+00 -2.92829335e-01 1.15475667e+00 1.89883447e+00
    -8.10393155e-01 5.21780625e-02 6.28974617e-01 1.06475830e+00
    -7.33429492e-01 1.77351558e+00 1.48782778e+00 1.16142786e+00
    4.09924805e-01 -7.59841919e-01 -8.37586820e-01 1.20523822e+00
    1.45904839e+00 1.77916646e+00 1.03265095e+00 1.13289857e+00
    1.80707026e+00 -3.58355910e-01 -7.09266141e-02 -2.53513932e-01
    7.25344479e-01 1.67904019e+00 -6.19568825e-01 1.25809228e+00
    7.99182236e-01 -3.70688029e-02 1.15448797e+00 1.36113143e+00
    -8.46291125e-01 -5.67934036e-01 1.34008896e+00 6.14902437e-01
    -5.24507046e-01 1.98508191e+00 1.30691695e+00 1.71094429e+00
    1.06869841e+00 -2.36523479e-01 1.56989004e-02 3.75566453e-01
    1.72684336e+00 1.46691704e+00 1.81484890e+00 3.22518021e-01
    1.84541667e+00 1.00451553e+00 3.55800271e-01 6.34534478e-01
    1.43154514e+00 6.69099152e-01 -1.58550367e-01 9.28555489e-01
    1.64640248e+00 1.35087192e-01 -4.43133891e-01 1.62826550e+00
    1.08813536e+00 6.34590626e-01 4.78644192e-01 -4.89990175e-01
    6.90613866e-01 -8.26306522e-01 1.81197166e+00 -8.49470258e-01
    -2.69363850e-01 1.48454762e+00 1.06699264e+00 3.76270890e-01
    -1.85446098e-01 -3.82789403e-01 1.63505709e+00 5.34589589e-01
    -1.98771670e-01 -6.79962099e-01 9.41889763e-01 1.42603651e-01
    -4.70237374e-01 -2.04707414e-01 2.68788546e-01 1.52879047e+00
    9.16789472e-01 7.28170455e-01 1.08035040e+00 1.80142462e+00
    6.23994052e-01 4.96441483e-01 6.16663873e-01 -7.68987536e-01
    -8.20513427e-01 -8.19828629e-01 1.41984820e+00 6.74668372e-01
    3.91154960e-02 7.11371601e-01 9.55727458e-01 1.26847768e+00
    4.95933980e-01 -3.19146007e-01 3.42762142e-01 -1.15315251e-01
    1.46404600e+00 4.97583687e-01 -7.52439618e-01 8.42919588e-01
    -2.95876056e-01 1.88329422e+00 1.70038307e+00 1.75939071e+00
    6.66111708e-01 1.56779802e+00 1.18071365e+00 1.09353077e+00
    1.76555872e+00 -8.93498898e-01 2.23398790e-01 -8.85514975e-01
    -1.48571491e-01 1.05505335e+00 1.27238536e+00 1.70758057e+00
    -4.83596683e-01 4.16541994e-01 6.00109756e-01 1.50445259e+00
    -2.49566898e-01 7.89825618e-01 -2.23193005e-01 -5.52500114e-02
    3.59057456e-01 1.34776437e+00 1.80480111e+00 1.21661432e-01
    6.00195229e-01 5.26617348e-01 4.39100713e-01 3.18782926e-01
    1.12982321e+00 -6.80813670e-01 1.16983521e+00 -7.63637125e-02
    6.48058057e-01 -2.25435838e-01 1.72162604e+00 -8.18032861e-01
    5.80993891e-01 -3.68902460e-02 3.57939333e-01 5.04135966e-01
    -1.27471060e-01 1.64815962e-01 1.22596115e-01 1.07264662e+00
    9.27398741e-01 2.83627301e-01 1.27697825e+00 1.89236867e+00
    5.32018721e-01 1.49124813e+00 3.92870188e-01 -4.28543031e-01
    1.31150830e+00 1.36991727e+00 5.30283153e-01 -3.52016151e-01
    1.43628764e+00 -8.41874361e-01 1.37815428e+00 8.37484002e-02
    1.82699430e+00 1.45930219e+00 -5.08568943e-01 1.78053987e+00
    5.42085528e-01 1.50897932e+00 -8.32442939e-02 7.31153667e-01
    1.76202917e+00 1.24196339e+00 -1.66302368e-01 -4.65960801e-01
    -5.76496542e-01 1.35754541e-01 -7.18759775e-01 -7.49767900e-01
    -2.97484994e-01 3.39590847e-01 9.96888950e-02 -9.46334451e-02
    6.89345181e-01 4.15468037e-01 -3.37578982e-01 7.50604033e-01
    8.39609802e-01 1.82876241e+00 3.78440052e-01 6.01220727e-01
    1.83121157e+00 -7.58120954e-01 1.77585137e+00 2.86717653e-01
    1.58767724e+00 1.49398553e+00 6.31487429e-01 1.32180417e+00
    -2.65662760e-01 1.89632905e+00 8.35063100e-01 1.89340067e+00
    -3.20035815e-01 -3.52597684e-01 1.81543303e+00 1.56092775e+00
    1.08679257e-01 1.81045282e+00 1.18014789e+00 1.40092969e+00
    -9.66493845e-01 1.36687219e+00 1.08279622e+00 1.72329271e+00
    1.77642918e+00 -4.83106643e-01 -3.34339082e-01 3.14975321e-01
    1.06588221e+00 -8.12664092e-01 1.84410775e+00 1.64719951e+00
    -4.77033943e-01 9.77995992e-01 1.70860696e+00 1.67455721e+00
    -4.99603897e-01 2.36526743e-01 -8.41563102e-03 1.15335643e+00
    7.89659441e-01 -5.38461804e-01 1.74139833e+00 6.11985683e-01
    1.59104311e+00 3.54233742e-01 1.08283949e+00 1.30435193e+00
    1.02904171e-01 1.40293479e+00 6.66238487e-01 1.72235477e+00
    1.49278140e+00 1.05117273e+00 2.89125174e-01 3.70483458e-01
    -8.72791111e-01 1.05452263e+00 -1.85027301e-01 -3.36429439e-02
    1.55075979e+00 -1.19012244e-01 1.72069341e-01 5.66197157e-01
    7.62496948e-01 3.61338586e-01 1.18506253e+00 -9.66190815e-01
    4.09169078e-01 -7.15301871e-01 -8.65374446e-01 2.35646948e-01
    2.04372409e-04 7.50375569e-01 -2.22947374e-01 -9.39793766e-01
    1.06042969e+00 9.25288856e-01 -1.99878469e-01 1.52854908e+00
    1.50728881e+00 -3.24839890e-01 7.70879388e-01 1.06595027e+00
    -4.61701863e-02 1.88915169e+00 1.11706722e+00 9.34428051e-02
    5.22960901e-01 8.38355482e-01 2.46584028e-01 -3.84650705e-03
    1.54930878e+00 1.51012206e+00 2.09700197e-01 9.16670859e-02
    -3.39295864e-01 9.16684508e-01 1.30989647e+00 7.98307121e-01
    5.21941364e-01 1.61588609e+00 -7.92046249e-01 8.02523315e-01
    -1.03998549e-01 8.11935663e-01 -7.84325004e-01 1.10774672e+00
    5.79196572e-01 -7.95150042e-01 -4.52547282e-01 -8.74116063e-01
    -9.03629422e-01 -3.86432171e-01 7.41705358e-01 1.72471404e+00
    -9.66334999e-01 -3.43729466e-01 -7.07625091e-01 9.91933286e-01
    2.27952510e-01 -9.44611073e-01 -2.70284653e-01 1.61801711e-01
    1.19396999e-01 1.70164740e+00 1.28047609e+00 -7.71604478e-01
    1.38488591e+00 8.89013946e-01 2.15423126e-02 -4.31696922e-01
    1.84108639e+00 -1.69890165e-01 -4.43679035e-01 7.05858544e-02
    8.37615848e-01 1.17014277e+00 1.42695129e+00 -4.04230952e-01
    1.26980734e+00 -2.15108246e-01 -1.09654993e-01 7.41403818e-01
    1.07019591e+00 1.07026458e+00 -6.49523973e-01 1.77173150e+00
    -8.25345933e-01 2.52977014e-01 1.60337579e+00 1.27294600e+00
    -1.10532269e-01 1.84082174e+00 -2.50600040e-01 3.76909822e-01
    1.22670937e+00 -4.55611050e-01 -6.26885235e-01 9.30579007e-01
    -2.92183906e-01 -6.91358268e-01 1.91366231e+00 1.07704675e+00
    4.70049948e-01 3.66420686e-01 -5.55029035e-01 1.06366670e+00
    1.72764683e+00 -8.24729443e-01 3.05685788e-01 -3.30939382e-01
    8.16140234e-01 1.50178778e+00 7.25637794e-01 1.03699601e+00
    1.35312581e+00 -8.10539782e-01 3.53345633e-01 5.47254980e-01
    -5.46782792e-01 1.27407342e-01 -8.14032376e-01 -7.89745271e-01
    9.69495773e-01 5.72567403e-01 2.54608810e-01 1.22746253e+00
    5.69757938e-01 1.87415466e-01 -7.74692893e-01 2.41252896e-03
    1.73378468e+00 4.87872921e-02 -3.21031809e-01 -7.05841044e-03
    1.21617746e+00 -4.95162338e-01 2.97354370e-01 8.66230130e-01
    -1.38349816e-01 2.83979416e-01 4.68181819e-02 1.67323005e+00
    4.31686431e-01 1.67874241e+00 -6.95375800e-01 -2.47738082e-02
    2.70247281e-01 7.01289058e-01 9.03200269e-01 -3.62803936e-01
    7.81804204e-01 1.25838268e+00 -6.26499951e-01 1.82840741e+00
    4.46159959e-01 1.03710544e+00 1.12749302e+00 1.36441839e+00
    1.30197310e+00 1.37038481e+00 1.81031215e+00 9.83176291e-01
    -3.78243715e-01 1.20573068e+00 1.79766643e+00 1.18617105e+00
    -9.93334278e-02 -1.60109088e-01 1.57613730e+00 1.88251877e+00
    1.18603528e-01 4.49598998e-01 1.04484904e+00 1.62717104e+00
    2.51096755e-01 6.73970282e-02 -1.36688858e-01 3.35859865e-01
    -1.91810787e-01 -6.95460498e-01 1.40767133e+00 1.56162190e+00
    -4.35220093e-01 1.85943949e+00 5.84052086e-01 1.44852507e+00
    -3.58730495e-01 -2.70294935e-01 1.54382098e+00 1.31172097e+00
    1.96944869e+00 6.75495148e-01 -6.39472365e-01 1.50517976e+00
    1.75009072e+00 1.15620339e+00 -6.84045076e-01 1.48902380e+00
    -6.13358974e-01 8.28098416e-01 6.14671558e-02 1.80374098e+00
    1.32053041e+00 1.87159276e+00 1.84737885e+00 -3.19919020e-01
    2.75903046e-02 -3.79778981e-01 2.92809159e-01 -5.34341298e-02
    1.12697995e+00 -4.88687605e-01 1.03576756e+00 6.12153172e-01
    8.81576121e-01 9.47373331e-01 1.37917435e+00 1.21519601e+00
    -4.00813609e-01 -2.20062420e-01 -3.65748137e-01 1.67868865e+00
    6.73009276e-01 1.57288671e+00 3.46806943e-01 1.53613818e+00
    1.08306241e+00 1.01531506e+00 1.26882851e-01 4.24846709e-01
    1.57927835e+00 1.50538135e+00 -7.28947163e-01 1.26616621e+00
    3.98272693e-01 1.12686121e+00 9.89524126e-02 1.63338900e+00
    -4.99042213e-01 1.23230867e-01 -2.96931982e-01 2.81279266e-01
    -4.94213820e-01 1.86543715e+00 -4.03502434e-01 1.74377000e+00
    1.87576187e+00 -7.77857006e-01 4.99744326e-01 1.41323179e-01
    -4.95878756e-01 4.53828126e-01 1.51963495e-02 1.69093418e+00
    1.64230704e+00 3.08988422e-01 1.87139285e+00 1.77269673e+00
    -9.26708460e-01 1.89960301e-01 -1.02824879e+00 7.01471120e-02
    -7.51670957e-01 8.58019173e-01 9.67088163e-01 9.15976763e-01
    1.42385650e+00 7.78020561e-01 1.29380453e+00 -8.89216840e-01
    -8.26230124e-02 8.73045087e-01 -9.66375828e-01 -2.74556756e-01
    1.05983734e+00 3.91848534e-01 8.04993033e-01 4.59596440e-02
    -7.80522525e-01 -3.16606879e-01 8.79469931e-01 -8.52928221e-01
    9.95725952e-03 3.59265208e-01 -7.49474704e-01 -4.69602376e-01
    6.07410014e-01 -3.10850739e-01 4.41202700e-01 1.40540552e+00
    1.54245389e+00 7.72482395e-01 -4.24833953e-01 -7.18575001e-01
    3.77324253e-01 -1.80970296e-01 1.84917772e+00 -9.16481316e-01
    1.38668263e+00 9.53099549e-01 1.54529881e+00 1.71159744e+00
    1.32531083e+00 -4.29110616e-01 5.62458813e-01 -2.46928230e-01
    2.08774477e-01 1.36695659e+00 1.29436398e+00 -2.95716226e-01
    1.38200116e+00 6.16809011e-01 1.45323563e+00 1.49234605e+00
    9.33472574e-01 -5.68021178e-01 -2.53728509e-01 6.98145628e-01
    -7.62269676e-01 1.62312126e+00 5.64006686e-01 4.49663252e-01
    7.32790709e-01 8.90543401e-01 1.47167885e+00 -3.08696896e-01
    -5.21074593e-01 3.41736466e-01 1.54682434e+00 -8.58474672e-01
    1.30686665e+00 -7.25049734e-01 -7.86961615e-01 1.53235757e+00
    -2.74589866e-01 1.06546021e+00 -6.68570876e-01 9.89859283e-01
    2.70117790e-01 1.17234302e+00 7.31935740e-01 1.27198434e+00
    2.50705689e-01 8.91635299e-01 -2.21764460e-01 1.62766564e+00
    1.09437025e+00 5.93569160e-01 1.01297009e+00 1.36313128e+00
    -3.30347836e-01 5.27922869e-01 5.06985039e-02 -7.34706879e-01
    -6.82296753e-01 1.10287726e+00 1.09331739e+00 5.56122243e-01
    1.82626474e+00 8.66395414e-01 1.18661892e+00 1.70585060e+00
    1.36794090e+00 1.67167437e+00 1.27684665e+00 5.11981368e-01
    1.58323550e+00 1.28891528e+00 1.71688354e+00 1.48950672e+00
    -9.56903517e-01 6.92482531e-01 3.90381485e-01 5.38732529e-01
    5.72214603e-01 5.97985983e-01 1.21853247e-01 7.22167552e-01
    1.53138304e+00 -5.76810539e-01 -7.42371753e-02 3.37735265e-01
    -9.31849420e-01 2.75047570e-01 -8.51647973e-01 4.99898553e-01
    8.58942866e-01 -4.15717781e-01 -5.89707613e-01 5.95224619e-01
    -1.63900107e-01 1.92516422e+00 -2.75094330e-01 -8.52718651e-02
    -2.10664459e-02 1.79236412e+00 1.51096010e+00 2.58493245e-01
    1.28009856e+00 2.99341708e-01 4.53011543e-01 -1.04993626e-01
    5.22296011e-01 -8.41749758e-02 -1.51992217e-01 1.33893192e-01
    1.60002446e+00 -9.28115785e-01 3.98698688e-01 1.89475524e+00
    9.68324602e-01 3.60416323e-01 1.40059686e+00 2.97747016e-01
    -6.74767077e-01 -7.77588367e-01 -4.06633109e-01 -6.79325342e-01
    5.54652929e-01 4.34555501e-01 1.75004780e+00 1.13773131e+00
    1.73856401e+00 -7.95087278e-01 -2.12177649e-01 9.07238603e-01
    2.74899602e-01 -5.80420911e-01 4.03575093e-01 6.45133615e-01
    7.57906616e-01 5.99829972e-01 3.70458990e-01 9.28289890e-01
    1.80474854e+00 -8.08953941e-01 4.04292703e-01 -5.66524506e-01
    1.48414469e+00 -3.93289030e-01 1.30810988e+00 -3.94171298e-01
    -1.52303964e-01 1.13882804e+00 6.11521840e-01 8.71407151e-01
    3.50668132e-01 7.25258231e-01 1.67918527e+00 1.39689112e+00
    2.07680607e+00 2.25716814e-01 2.60750842e+00 1.80068755e+00
    1.00283492e+00 7.79240429e-01 8.47998261e-01 7.52342463e-01
    9.02827263e-01 1.44751167e+00 2.14468520e-02 2.78448367e+00
    1.48323739e+00 2.28662777e+00 2.84568667e+00 1.07321417e+00
    2.85926795e+00 2.60929275e+00 1.52257776e+00 2.63811064e+00
    2.12003851e+00 1.61694539e+00 2.23078728e+00 1.55567139e-01
    1.91054010e+00 2.47086906e+00 2.63774061e+00 6.19581163e-01
    2.39958334e+00 8.05385768e-01 2.05882788e+00 2.04273629e+00
    1.72487247e+00 3.08784515e-01 1.02246463e+00 2.35547686e+00
    3.56729716e-01 6.83682382e-01 3.87568235e-01 1.67282987e+00
    1.70832407e+00 1.14623785e+00 1.10805809e+00 9.46257710e-01
    1.57112718e+00 8.31858099e-01 4.18441653e-01 3.75361443e-01
    2.04068691e-01 2.47860932e+00 3.91825467e-01 2.97608763e-01
    1.24244928e+00 1.86594141e+00 1.58878434e+00 1.71986684e-01
    1.18382466e+00 9.81886566e-01 2.71148849e+00 1.56224501e+00
    5.13840020e-01 4.85531688e-01 1.67669857e+00 7.52276242e-01
    2.76254797e+00 1.54462361e+00 1.86326945e+00 1.46737862e+00
    2.91380429e+00 2.71879244e+00 4.94288445e-01 2.45614338e+00
    1.71161163e+00 1.84915566e+00 2.42736554e+00 1.33307540e+00
    2.46911788e+00 2.52141261e+00 2.88318801e+00 2.81992841e+00
    1.96597290e+00 4.23286632e-02 1.17054844e+00 1.99208605e+00
    2.66147995e+00 2.62887263e+00 1.59872663e+00 6.82757437e-01
    3.94565731e-01 9.29333448e-01 2.93987423e-01 2.09778547e+00
    2.69653916e+00 1.18121982e+00 4.43832368e-01 7.29449928e-01
    1.37171674e+00 1.27343774e+00 7.60890126e-01 1.86375737e-01
    1.02659976e+00 2.40331697e+00 1.34910345e+00 9.61757004e-01
    1.88162577e+00 3.80387902e-02 2.51285028e+00 1.27730691e+00
    2.62978888e+00 2.21022487e+00 2.24977183e+00 5.99510729e-01
    2.81534791e+00 1.32195377e+00 1.62403762e+00 2.84213352e+00
    1.28144538e+00 6.72802687e-01 2.70177293e+00 9.47403550e-01
    1.12886071e+00 2.81601810e+00 1.87397194e+00 1.36743903e+00
    5.25613964e-01 1.66498041e+00 1.35258055e+00 5.54096520e-01
    1.05579913e+00 1.35168046e-01 2.54848957e+00 1.63972020e+00
    2.07616425e+00 2.37241149e+00 2.17289495e+00 1.57736516e+00
    2.59837842e+00 1.14056933e+00 8.10292959e-01 1.52054906e-01
    8.84837866e-01 1.05667651e+00 1.95409966e+00 2.05280900e+00
    2.25669909e+00 8.49546492e-01 6.62163675e-01 2.30811286e+00
    1.92617691e+00 2.08115649e+00 7.66025007e-01 3.44231576e-01
    2.34182787e+00 9.18226123e-01 1.85530102e+00 1.69748986e+00
    2.38359749e-01 4.82285917e-01 6.72053099e-01 2.60122991e+00
    7.16573238e-01 1.19337332e+00 1.91472638e+00 4.91154313e-01
    1.44612300e+00 2.08622956e+00 1.83643901e+00 6.16066754e-01
    1.07776117e+00 1.19613945e-01 2.59441161e+00 4.72054303e-01
    2.38421512e+00 3.03655714e-01 2.54263139e+00 2.10298753e+00
    7.05324590e-01 1.28696907e+00 2.62914002e-01 1.27589309e+00
    2.23310018e+00 1.75929695e-01 2.18175435e+00 1.45495081e+00
    1.11886442e+00 2.74979925e+00 2.26590300e+00 2.73544282e-01
    1.07263587e-01 8.69591653e-01 6.40088737e-01 2.67884946e+00
    2.18616962e+00 5.11712313e-01 2.85003092e-02 1.48230100e+00
    1.94750011e+00 9.57284570e-02 5.58597088e-01 1.85671914e+00
    7.41681039e-01 1.11733949e+00 1.11087017e-01 3.36781472e-01
    3.86798847e-03 1.73912048e+00 2.65143657e+00 9.94004905e-01
    1.81314611e+00 2.09718323e+00 1.30132481e-01 2.28617644e+00
    1.42550039e+00 2.46177292e+00 2.69316125e+00 1.79057443e+00
    4.67738658e-01 7.88438618e-02 2.69739962e+00 1.61537552e+00
    2.07220197e+00 6.52332664e-01 4.92721170e-01 1.40757784e-01
    1.09362090e+00 1.69016242e+00 1.90654457e+00 1.68330669e+00
    1.87896562e+00 2.46023852e-02 1.13556898e+00 1.54603804e-02
    2.17751026e+00 1.71460831e+00 2.88325262e+00 2.22056299e-01
    1.41988203e-01 1.41820669e+00 6.49025440e-02 2.16030478e+00
    1.70060146e+00 2.60693145e+00 9.41082478e-01 5.14850281e-02
    3.77111644e-01 2.07752180e+00 2.07679772e+00 6.00493670e-01
    1.63108492e+00 1.48474708e-01 6.35541022e-01 6.35830104e-01</data></your_img>
</opencv_storage>
