<?xml version="1.0"?>
<opencv_storage>
<filter_type>0</filter_type>
<only_luma>0</only_luma>
<r1>1</r1>
<r2>2</r2>
<L2_diff>1.9720884868585385e+03</L2_diff>
<test_img type_id="opencv-matrix">
  <rows>128</rows>
  <cols>256</cols>
  <dt>"3u"</dt>
  <data>
    93 22 152 92 34 149 26 84 62 60 222 141 249 231 202 176 169 197 123
    55 168 106 77 16 249 198 106 200 104 25 52 94 161 70 205 150 43 209
    77 251 245 255 190 156 147 90 110 69 89 58 131 173 61 203 235 93 84
    158 19 159 136 89 190 126 16 124 201 242 60 209 176 233 10 174 5 11
    3 210 153 7 98 152 166 105 18 191 236 4 50 249 4 155 56 163 164 194
    202 59 168 70 212 35 39 245 240 218 18 44 143 251 49 82 96 78 42 37
    140 245 74 105 47 235 96 75 228 12 104 59 193 58 65 228 157 112 95
    203 104 210 65 134 83 64 191 255 54 158 246 177 110 169 27 138 27 34
    63 6 110 196 57 187 74 235 88 148 212 32 59 123 126 35 8 178 243 231
    140 93 193 255 164 78 28 75 144 36 227 19 214 34 73 102 95 22 71 61
    7 202 254 206 37 163 57 89 241 194 44 141 42 190 247 154 31 253 115
    225 90 63 82 146 126 119 124 39 37 77 248 178 28 173 237 253 43 114
    171 60 28 54 171 98 92 13 86 188 81 100 217 107 37 61 218 38 218 255
    219 54 125 86 220 132 26 109 3 252 108 170 143 181 64 36 122 43 50
    76 154 138 243 102 245 111 230 201 154 138 108 73 75 50 134 231 81
    76 89 64 123 162 114 44 156 90 251 115 231 236 89 83 135 205 113 141
    38 253 249 53 81 218 44 110 206 100 116 12 52 85 16 73 38 71 118 143
    79 99 86 241 158 136 86 89 1 226 31 141 63 42 134 196 216 215 238
    133 105 152 135 181 203 25 244 66 45 209 127 180 184 159 226 205 28
    233 238 235 62 116 5 225 81 97 54 118 44 32 230 234 28 57 228 40 197
    39 173 236 1 244 70 254 189 67 227 72 153 110 41 118 186 178 184 89
    81 78 176 140 120 134 28 194 95 74 19 125 24 87 32 106 31 87 35 207
    153 255 156 161 53 173 126 238 215 94 177 226 162 158 201 248 142
    205 234 133 23 221 220 31 160 39 166 218 28 70 22 171 245 170 230
    128 41 93 82 77 218 222 84 1 243 241 31 50 200 248 231 67 116 107 24
    134 229 151 231 193 237 89 45 222 106 136 231 172 95 68 85 100 188
    132 209 103 97 85 19 64 26 134 81 90 70 227 147 124 166 73 122 36 63
    47 234 31 4 181 75 155 231 98 228 226 23 253 155 228 177 53 166 173
    237 67 128 155 91 81 254 164 21 33 149 143 13 163 200 99 206 106 83
    192 251 232 4 255 52 153 143 20 154 254 242 96 186 179 201 173 55 91
    43 147 33 67 7 231 66 211 19 225 198 3 191 66 89 167 232 17 247 134
    110 83 243 155 169 144 183 203 163 87 238 218 126 186 220 247 44 29
    13 212 152 91 250 24 119 145 60 99 168 107 32 121 199 107 121 227
    231 144 218 154 81 241 1 224 60 212 126 241 66 215 4 175 210 151 219
    136 163 42 176 186 110 81 50 86 46 155 143 34 106 240 134 246 46 15
    216 203 71 37 177 191 131 177 122 184 252 170 144 248 95 171 174 142
    30 32 131 68 96 101 73 228 163 19 34 130 244 109 105 221 73 227 224
    88 249 16 90 238 163 210 139 223 47 136 42 115 201 76 171 214 205
    114 135 174 153 220 77 219 11 55 63 216 35 34 32 237 232 166 196 208
    199 20 68 237 160 247 28 72 237 63 89 219 44 17 118 174 120 117 201
    39 224 145 1 72 133 86 46 120 193 41 211 5 65 234 110 150 53 75 145
    104 127 33 174 177 7 17 105 243 80 14 182 200 165 140 95 48 196 93
    92 14 35 0 3 106 125 147 181 75 196 65 177 247 130 3 2 146 60 117
    158 56 186 226 224 4 189 79 36 91 65 69 127 86 251 149 33 244 173
    162 245 234 195 61 209 184 143 245 227 33 106 91 71 36 61 202 22 83
    137 153 74 15 6 161 147 67 63 170 87 58 237 194 75 93 84 163 61 186
    218 91 182 8 246 183 228 91 215 34 16 168 114 212 31 2 50 161 109
    191 106 254 251 252 85 136 242 90 172 244 111 50 170 139 131 114 187
    36 229 151 71 138 56 45 131 115 115 4 124 36 69 83 225 82 164 28 93
    217 150 88 113 188 156 125 97 33 182 178 130 193 179 18 96 133 37
    123 175 26 206 54 235 142 218 104 244 177 200 166 85 0 98 177 160
    154 155 226 80 198 66 192 225 136 187 126 184 166 17 219 248 184 86
    36 75 121 98 142 133 192 114 73 4 155 188 1 81 244 133 78 108 2 85
    120 62 18 251 23 62 214 206 9 41 130 113 63 216 189 94 203 170 92 57
    235 87 211 179 205 73 182 67 194 108 125 147 33 161 92 57 147 20 19
    62 211 150 128 125 226 87 120 99 35 122 1 119 154 132 92 143 189 161
    49 166 18 136 4 32 230 129 99 142 78 86 197 241 117 48 91 25 71 44
    139 112 248 205 158 253 94 164 5 175 103 105 219 125 91 192 102 38
    90 108 215 52 1 22 180 94 118 5 8 237 225 192 76 96 193 1 208 198
    137 231 174 248 39 194 224 205 19 174 156 118 202 219 193 63 249 218
    76 175 5 111 201 234 14 33 6 230 128 250 36 241 133 45 224 60 67 190
    238 7 112 150 108 152 131 111 172 127 139 243 231 152 73 237 65 191
    5 16 148 168 72 200 172 90 253 215 100 9 130 28 168 244 196 103 177
    142 75 73 138 132 81 15 147 227 121 180 32 128 204 167 135 37 108
    218 163 84 173 1 215 48 108 168 178 97 166 185 12 42 104 182 225 110
    79 21 186 106 60 127 121 83 18 222 53 22 40 1 92 26 139 50 108 186
    99 98 138 81 148 26 152 134 178 133 182 77 52 188 39 120 136 133 125
    11 230 13 135 14 174 238 100 18 30 11 39 27 89 94 11 7 92 166 41 54
    132 213 110 80 133 37 232 160 110 47 78 113 6 32 128 129 66 94 189
    186 59 100 171 38 119 107 15 82 227 211 241 10 132 81 211 78 43 54
    224 198 37 250 185 194 9 135 245 174 200 34 219 120 189 224 227 111
    195 20 133 90 179 174 183 112 224 97 144 45 205 76 235 32 252 109
    134 242 226 216 184 198 72 38 228 121 74 157 35 234 71 246 160 198
    126 141 12 72 246 93 212 77 165 205 9 224 215 215 252 73 180 139 130
    234 249 83 43 174 234 26 218 84 137 164 104 161 237 180 182 77 217
    14 243 107 199 188 255 96 188 133 165 85 175 176 130 194 66 34 141
    121 39 161 159 110 120 50 6 244 226 104 144 4 167 235 115 178 111
    208 46 151 48 141 204 130 206 220 1 8 196 213 254 109 30 239 158 91
    134 12 186 93 112 246 238 217 141 97 22 109 93 203 161 87 217 153
    162 139 52 93 58 191 27 216 134 225 176 197 235 4 170 65 171 95 20
    238 176 212 140 160 172 14 239 121 136 69 7 14 136 22 226 174 227
    253 157 156 253 6 206 67 79 242 226 186 202 100 195 123 199 46 140
    152 97 183 141 238 158 63 64 204 252 240 82 114 78 174 131 190 36
    161 155 65 96 244 255 255 137 174 191 94 30 36 242 119 21 42 176 162
    205 9 163 162 17 154 94 6 52 206 43 213 7 99 109 105 72 203 1 97 116
    219 162 168 110 48 216 80 54 244 197 225 129 223 219 22 174 73 180
    191 69 212 133 253 154 24 50 119 171 239 54 59 245 136 127 165 45
    250 168 14 217 179 232 180 23 69 66 151 97 209 101 129 140 87 127
    127 108 60 195 226 177 14 53 86 57 78 53 212 222 215 244 178 170 119
    117 170 64 235 60 230 71 241 102 23 189 231 16 193 130 169 123 74
    109 19 152 29 184 38 129 159 225 81 255 16 202 209 174 31 159 220 38
    57 185 78 176 180 160 106 71 12 206 147 157 5 171 169 234 35 209 204
    78 149 44 12 140 80 74 204 202 125 79 54 62 155 144 71 219 126 155
    48 56 116 108 173 38 222 24 192 218 96 103 66 41 190 107 82 143 223
    58 167 52 209 222 40 202 184 145 65 52 79 127 59 70 155 251 171 207
    50 204 68 246 92 87 87 179 157 157 165 86 164 227 247 253 95 53 25 2
    127 217 71 245 174 140 52 238 17 31 33 189 9 173 123 54 197 39 93
    249 214 9 85 154 72 33 154 151 250 188 68 13 151 233 76 94 5 101 93
    62 229 188 99 157 235 218 198 72 155 5 226 222 57 210 182 236 129
    102 153 190 67 156 236 219 104 208 252 44 193 7 84 101 14 254 102
    128 240 212 249 79 131 178 174 32 211 117 166 249 207 135 175 166
    198 109 104 74 252 44 229 191 172 204 132 153 239 9 192 18 176 121 7
    142 3 127 216 244 201 135 10 253 229 99 209 4 250 80 139 140 239 225
    243 127 112 3 1 250 196 99 2 253 244 147 87 46 167 25 8 108 86 230
    69 159 255 217 186 168 235 71 206 33 160 122 82 22 196 222 204 18 98
    237 7 190 82 75 117 234 162 98 42 54 222 46 6 155 156 39 134 63 254
    63 71 210 226 106 163 209 180 169 62 108 229 116 169 100 165 161 37
    124 85 53 51 104 52 38 238 207 156 2 235 99 39 159 54 87 139 180 43
    219 202 80 78 225 86 16 135 175 8 215 229 118 52 76 81 220 231 46
    189 159 22 121 5 143 167 15 91 107 129 232 101 149 37 196 190 214
    143 175 72 215 160 34 42 17 128 242 44 77 142 10 174 35 99 250 169
    38 186 128 110 231 157 50 93 201 144 11 70 85 127 72 233 134 100 234
    23 174 189 57 3 30 176 158 201 97 55 209 168 116 83 249 220 250 152
    67 154 117 231 154 214 21 248 241 44 49 3 170 137 46 156 132 140 252
    172 100 74 36 120 27 17 139 144 136 3 50 63 7 62 244 249 115 58 136
    128 99 65 156 112 190 162 100 79 201 22 211 142 253 196 130 214 40
    100 12 16 145 45 19 161 243 212 157 115 171 192 131 249 139 46 218
    52 8 253 175 126 139 109 242 57 224 227 227 27 243 185 87 132 30 233
    46 94 25 118 179 192 202 11 42 145 3 37 199 63 12 72 153 17 2 43 166
    143 103 77 174 117 39 102 99 96 238 16 26 146 2 220 154 225 106 203
    76 85 170 209 133 161 153 114 220 170 130 70 54 245 114 228 16 129
    251 77 216 40 52 111 136 20 156 28 189 117 87 179 192 249 51 1 119
    35 198 73 218 13 232 132 44 15 156 206 169 81 172 72 163 226 64 19 0
    209 195 204 248 201 36 59 144 49 35 68 56 232 84 49 57 177 249 106
    43 111 39 194 50 89 217 64 119 24 144 181 162 150 66 93 187 20 201
    22 179 185 83 67 96 234 58 51 76 15 218 183 86 191 208 23 248 127
    152 192 161 6 146 84 76 241 166 26 12 56 140 237 158 39 243 5 224 77
    14 250 69 178 145 124 101 107 24 223 177 61 35 231 69 193 33 39 142
    154 45 221 57 87 113 5 190 100 170 144 235 142 166 107 172 89 228
    253 206 6 81 83 86 2 178 201 32 121 208 235 89 126 114 103 90 179
    232 133 29 87 233 239 243 51 203 165 31 116 121 40 176 109 13 201
    234 6 129 177 124 141 67 251 247 108 255 141 139 110 142 95 201 172
    55 54 246 30 31 64 172 179 77 173 45 143 6 231 251 45 193 11 128 107
    32 131 162 192 188 40 45 12 228 108 149 209 49 48 221 176 65 123 146
    145 21 5 228 77 151 68 52 94 18 65 66 89 117 118 136 234 113 40 125
    196 124 140 196 98 215 86 15 79 19 102 222 11 59 197 128 75 131 232
    84 124 21 47 176 26 16 0 211 147 235 121 21 253 90 166 42 105 210
    197 144 175 138 75 209 92 148 9 153 129 96 88 28 84 212 235 148 124
    105 123 192 47 104 138 228 220 117 234 89 0 90 127 45 170 233 248
    131 197 129 10 199 94 16 13 30 250 115 252 17 119 78 96 44 22 26 213
    162 189 207 219 171 23 247 85 141 186 10 58 129 120 159 62 219 91
    220 245 195 69 192 209 242 123 228 141 128 160 207 162 50 63 70 176
    133 65 94 168 230 176 175 169 202 218 36 142 37 225 78 250 117 0 24
    18 238 167 162 100 166 84 105 202 32 254 73 170 123 117 82 146 20 0
    14 81 126 217 99 135 205 218 157 203 167 19 133 243 27 176 88 93 14
    137 91 92 23 204 138 166 237 104 145 9 143 114 20 167 184 2 146 49
    214 112 14 244 26 227 238 98 76 88 56 63 10 194 252 252 64 175 173
    78 141 24 162 83 119 57 210 226 173 0 210 229 233 190 253 206 89 232
    240 200 242 143 227 49 145 87 247 146 106 76 150 153 178 250 5 44 99
    66 236 190 59 146 244 59 159 173 195 201 65 11 14 138 242 24 141 83
    57 89 150 237 112 231 108 234 185 212 181 160 237 101 56 13 66 147
    201 156 80 47 226 77 11 226 219 63 15 124 60 27 98 120 244 193 110
    240 161 200 29 201 116 237 133 160 7 201 161 162 94 12 114 199 38
    213 19 158 177 227 245 221 112 178 129 220 85 114 223 5 105 148 176
    244 31 82 211 27 26 216 235 249 87 26 42 113 121 7 152 105 99 228 87
    103 95 161 131 137 146 198 35 105 160 200 119 196 24 103 152 196 199
    254 62 251 53 58 154 102 151 1 55 69 240 68 107 9 59 238 7 148 33 95
    23 171 75 208 94 169 7 37 159 216 234 240 127 138 251 181 207 174 66
    105 144 158 158 35 27 139 6 167 122 91 60 148 192 114 185 118 82 232
    157 39 240 213 81 172 159 243 104 173 68 243 138 255 148 104 101 29
    129 51 161 113 174 106 119 136 82 193 237 193 187 188 143 12 31 8
    173 105 71 169 181 30 27 220 129 74 161 160 157 145 76 201 37 109
    180 2 59 151 144 88 125 46 70 194 59 40 122 50 192 90 20 139 92 200
    134 212 82 143 65 98 177 128 65 180 231 80 42 226 140 148 149 146
    193 239 14 156 247 51 241 101 246 168 162 235 191 163 22 99 85 46
    182 216 219 37 10 10 29 81 20 156 48 179 8 12 214 227 204 5 191 16
    114 227 215 112 143 43 175 94 181 21 78 30 2 252 205 108 12 196 97
    250 98 201 24 223 172 120 195 190 56 123 248 53 255 16 32 127 92 91
    234 200 33 176 102 145 50 108 19 119 26 11 231 198 173 201 47 125 82
    218 79 89 197 135 31 2 102 245 210 222 23 26 77 127 191 115 214 85
    246 152 150 72 185 28 208 90 141 135 39 151 174 234 185 124 81 45
    106 168 132 21 142 187 87 114 171 20 197 49 51 61 167 85 197 91 3
    173 70 253 40 207 101 14 140 189 137 159 199 188 24 211 3 69 166 167
    192 22 160 137 34 185 223 132 2 139 40 186 227 213 174 153 135 130
    237 220 245 186 1 247 240 214 229 129 122 11 176 73 206 114 77 118
    255 239 146 170 1 79 6 7 176 13 116 197 174 114 243 124 1 22 39 143
    99 6 115 144 47 216 36 37 55 209 174 250 3 85 74 78 204 231 155 148
    232 86 218 15 122 241 86 193 210 13 45 217 83 217 68 122 189 1 194
    28 42 33 84 34 50 154 85 213 16 92 145 243 153 136 23 177 42 161 150
    198 70 47 70 7 195 2 211 159 128 79 90 117 111 152 193 173 250 108
    160 36 77 129 109 34 59 79 191 62 213 132 4 56 110 109 207 52 195 15
    208 251 26 12 108 72 232 111 124 187 101 177 117 2 131 245 220 209
    226 223 50 251 59 41 177 80 229 232 249 234 180 66 110 73 14 127 66
    48 182 95 98 181 58 125 113 45 94 136 6 91 127 223 48 224 227 181
    220 8 36 191 57 55 91 101 160 111 76 196 104 178 208 20 244 214 23
    235 198 21 74 193 201 185 3 67 245 157 228 58 101 30 75 46 3 77 167
    103 245 102 242 199 114 129 23 160 51 122 236 100 29 232 73 122 193
    91 167 244 229 24 26 74 171 60 63 226 227 32 223 40 187 89 177 189
    227 24 72 99 211 136 64 130 129 94 162 127 220 88 241 126 123 114
    179 196 100 70 166 227 17 247 17 35 217 171 47 115 208 183 186 147
    229 81 67 38 30 56 233 21 225 123 76 16 6 53 131 192 94 133 233 46
    206 85 131 192 221 218 127 42 142 233 179 201 122 107 129 167 84 156
    60 254 13 113 237 217 57 28 187 182 125 32 148 124 247 29 79 238 197
    8 69 8 100 45 169 236 151 94 202 190 15 148 35 43 214 222 89 34 61
    156 46 105 169 66 144 206 30 40 0 97 42 17 54 145 18 21 38 220 208
    29 225 127 20 1 254 184 137 133 68 148 121 17 108 146 80 145 136 151
    75 143 52 140 239 107 222 75 84 70 52 154 238 124 123 53 243 189 61
    188 153 67 136 149 2 59 168 26 243 27 227 31 95 163 84 117 3 7 201
    171 154 122 20 135 189 159 177 52 116 157 54 170 96 33 171 23 147
    123 70 246 88 81 171 200 197 119 159 74 75 131 158 169 18 24 201 44
    134 117 19 133 94 79 157 160 203 64 4 53 171 50 238 236 1 91 100 178
    103 92 29 10 230 212 55 242 163 53 236 75 15 49 247 85 13 88 241 215
    31 56 10 91 114 115 34 43 143 9 84 51 151 186 255 140 178 205 20 204
    49 133 228 155 65 214 100 123 30 124 246 25 73 176 170 104 203 83
    251 75 52 12 173 213 115 223 244 238 144 191 123 60 205 142 18 196
    112 182 12 205 34 247 190 16 134 227 60 9 31 218 148 198 46 200 192
    16 143 250 212 200 111 254 166 118 44 234 251 30 52 81 73 85 222 254
    27 41 96 243 253 137 114 238 134 165 26 149 89 73 65 148 18 4 104
    223 46 19 213 243 196 158 179 13 2 202 24 222 99 16 222 246 149 238
    190 76 218 48 200 211 82 46 200 48 186 228 71 245 70 222 86 11 230
    33 110 122 20 59 2 146 22 12 148 241 32 75 117 135 218 139 197 13
    145 239 205 12 23 55 186 157 156 183 167 15 79 243 229 96 74 104 178
    45 172 114 121 127 85 36 187 246 156 129 228 198 204 198 178 23 182
    68 239 92 220 31 176 120 254 31 118 36 210 250 134 127 95 120 78 123
    63 199 168 76 22 178 184 203 18 243 213 207 125 210 86 226 106 73 24
    25 252 2 233 251 166 79 155 231 44 105 0 122 180 237 27 79 56 128
    158 57 241 78 69 166 236 24 107 105 19 141 182 94 237 134 139 220
    159 109 215 186 148 139 205 115 71 165 156 113 96 181 205 232 93 23
    249 181 7 205 103 41 156 20 135 175 71 241 201 114 227 51 225 102
    182 221 9 56 153 174 173 68 222 107 76 63 32 83 238 228 10 84 182
    205 34 182 20 200 50 212 23 93 230 58 81 68 110 97 211 189 198 243
    64 245 147 222 156 56 196 48 52 252 200 175 7 32 120 55 16 48 67 243
    172 43 240 5 237 138 126 103 248 54 192 200 115 68 40 88 182 15 4 7
    112 213 130 91 79 82 4 57 116 43 46 8 100 220 113 117 135 8 56 195
    59 236 152 158 225 169 39 93 161 15 105 90 169 92 26 84 147 35 32 88
    136 153 190 89 199 139 190 20 34 72 127 4 168 177 89 42 129 83 233
    211 153 134 56 48 70 238 103 227 177 19 49 181 75 53 156 59 47 126
    223 49 248 48 230 47 57 173 82 97 216 170 177 205 62 101 138 103 58
    250 71 82 118 233 65 53 144 218 175 165 157 67 121 247 61 189 48 236
    119 187 19 173 88 10 151 179 220 103 100 224 67 236 96 245 192 247
    60 247 41 148 99 34 68 236 6 248 255 129 184 131 128 207 191 117 77
    246 247 86 200 94 17 241 21 203 226 137 45 146 84 83 167 245 157 12
    47 189 18 33 145 182 177 172 87 140 76 254 205 11 35 2 47 220 250 24
    185 65 150 182 237 80 9 186 138 149 10 18 14 76 155 253 255 26 107
    79 248 231 77 40 237 99 203 86 190 1 255 97 219 17 143 67 233 176
    106 227 190 87 111 167 10 146 145 29 146 228 252 181 113 187 223 180
    123 18 131 223 108 208 238 206 217 57 64 51 55 196 242 19 211 215
    152 108 201 37 180 241 142 41 108 137 254 230 159 230 246 14 88 70
    245 185 103 171 243 187 120 46 122 61 106 208 136 12 3 184 164 155
    137 253 124 4 93 254 146 54 190 24 89 175 31 91 186 169 241 70 47
    209 54 135 45 6 102 194 52 58 145 172 84 90 125 86 43 110 215 28 127
    200 120 136 220 200 121 133 88 185 233 97 161 76 229 147 61 235 40
    166 67 136 255 219 219 3 75 123 142 220 166 195 113 186 80 122 213
    18 202 22 32 153 52 122 10 194 62 226 243 168 116 2 113 99 22 13 191
    52 133 30 94 218 75 196 91 123 35 235 180 24 214 41 60 43 59 198 38
    168 93 140 158 170 67 165 107 64 159 52 14 94 185 198 128 100 22 91
    157 52 242 179 62 4 198 20 157 85 33 45 3 8 49 229 183 240 131 246
    164 107 135 10 113 123 83 20 24 81 4 247 237 90 37 154 113 140 123
    95 84 138 108 31 174 55 255 250 171 100 203 226 135 115 90 229 151
    233 91 2 207 238 125 69 233 0 128 185 82 88 20 244 89 24 3 71 121
    131 32 27 141 130 192 121 94 215 2 7 159 103 152 229 66 6 244 118 74
    66 214 92 7 15 145 239 34 216 57 73 68 111 133 67 154 207 251 197
    195 165 126 165 75 217 6 228 180 40 61 80 112 75 140 10 231 95 6 9
    182 153 105 61 19 204 27 105 101 211 59 183 37 69 222 142 216 85 54
    23 101 149 4 214 117 71 81 212 56 120 35 119 142 169 139 2 213 101
    128 217 238 70 72 144 176 12 189 109 50 77 132 144 57 170 189 168
    122 164 103 152 160 31 79 86 14 64 124 84 12 240 195 0 201 77 93 210
    233 197 238 41 205 79 50 50 184 22 240 206 75 54 31 246 20 243 87
    124 71 104 7 255 1 133 170 189 139 231 165 4 159 243 38 178 37 224
    94 6 246 232 63 158 144 184 77 144 65 254 77 54 74 23 77 94 103 135
    227 30 10 39 11 168 129 117 242 73 157 227 156 44 62 204 126 205 202
    252 116 142 116 181 79 123 83 141 249 53 89 94 103 68 174 56 196 73
    25 148 188 136 182 206 82 54 227 255 142 216 131 115 21 216 250 82
    191 227 139 52 160 79 2 139 162 131 54 30 208 114 179 30 192 54 229
    118 195 212 37 224 15 54 10 26 186 15 91 166 57 226 169 222 58 73
    119 234 94 255 43 87 173 240 248 54 179 130 231 145 173 25 242 1 203
    78 114 42 35 153 199 234 63 195 202 28 195 123 153 129 205 204 195
    227 207 13 249 25 202 170 224 30 156 125 184 231 199 134 29 141 129
    82 243 193 119 167 255 122 125 77 28 230 157 124 27 144 48 250 10
    228 28 165 188 196 99 96 63 66 91 131 228 119 40 31 92 201 110 190
    192 92 13 20 129 89 78 127 240 74 221 87 157 41 121 26 5 56 94 139
    228 69 134 156 71 175 135 164 20 35 87 104 160 73 112 103 11 0 106
    250 103 165 43 213 7 252 216 163 184 157 96 236 32 23 239 71 68 103
    96 219 186 194 48 105 230 62 183 231 82 175 22 155 224 115 144 74 45
    135 248 224 104 21 93 10 54 133 170 69 196 211 131 204 158 130 213
    56 226 140 14 197 229 207 199 37 62 145 165 127 156 146 135 246 236
    13 42 191 252 47 43 183 163 102 162 131 88 60 197 205 194 78 88 233
    46 31 48 93 26 85 137 94 30 18 10 73 252 193 116 160 33 223 107 143
    5 81 56 206 98 28 215 40 245 159 120 124 206 126 119 95 216 74 26 46
    159 218 179 255 5 234 103 140 43 159 191 18 72 71 198 49 107 231 53
    252 72 211 50 126 214 195 251 72 95 228 155 50 159 160 142 197 99 80
    228 159 255 130 241 249 225 127 229 8 211 219 41 124 12 183 50 147
    194 21 32 129 85 115 38 77 64 110 60 25 138 104 143 199 212 61 118
    195 12 189 55 181 21 248 199 133 201 173 165 163 38 93 223 116 236
    90 202 76 164 35 122 178 254 219 96 36 142 85 112 193 147 24 178 192
    26 135 55 150 51 147 172 129 167 117 226 0 195 119 48 214 170 176 13
    126 115 161 100 49 198 64 231 117 3 209 180 249 99 139 246 119 115
    185 10 47 156 66 196 123 150 247 110 109 145 115 3 230 40 47 161 164
    90 155 108 253 142 200 28 241 208 181 96 109 199 31 22 212 5 248 48
    219 121 145 184 46 217 47 204 12 231 39 48 162 147 221 145 155 254
    79 214 8 168 45 172 143 55 142 75 55 85 50 206 51 20 185 14 180 83
    139 78 216 209 98 250 50 38 85 47 109 142 52 144 135 236 218 199 248
    16 21 1 5 35 56 95 61 250 3 229 245 82 70 133 145 139 51 7 230 166
    232 136 169 46 55 59 129 117 141 95 187 152 34 140 234 250 23 245
    211 129 114 208 9 150 70 181 241 225 32 207 67 74 193 144 185 243
    156 94 189 39 72 35 184 29 114 131 23 244 113 246 159 134 248 138 15
    41 225 161 237 146 32 143 18 153 100 141 109 239 88 19 1 248 255 50
    91 5 234 13 136 255 15 182 121 186 103 252 164 167 125 197 58 244
    219 100 255 152 210 9 181 164 243 227 233 224 71 10 207 92 44 33 163
    218 136 220 6 196 45 96 9 41 237 87 185 59 157 84 92 101 7 92 225
    206 45 216 103 11 104 99 88 46 116 134 140 63 131 54 249 118 137 168
    173 149 132 114 11 166 17 208 92 137 168 231 73 143 28 241 4 117 34
    82 70 124 100 30 90 164 219 192 100 24 194 56 201 39 164 226 52 94
    77 15 167 238 6 239 190 164 127 150 203 207 61 192 41 138 171 198
    124 187 163 139 195 165 17 202 143 19 49 242 175 49 159 140 143 32
    91 187 76 156 180 162 107 42 226 255 252 73 89 43 151 204 63 134 81
    158 206 181 255 141 105 241 131 86 23 234 12 18 181 71 150 234 1 199
    165 86 62 212 41 83 135 81 254 11 90 129 84 250 184 50 26 134 35 252
    170 12 213 247 214 20 143 212 240 83 163 3 2 85 6 68 255 55 36 250
    47 199 201 216 196 250 10 255 36 190 220 157 181 34 85 42 171 72 95
    15 162 236 244 37 31 1 218 109 104 179 98 12 76 158 90 248 217 65
    120 95 53 197 101 153 100 86 220 149 87 158 96 199 74 99 189 247 49
    118 88 203 141 96 117 165 114 88 207 250 226 55 206 207 145 140 127
    129 242 202 137 59 30 36 255 123 184 61 13 176 239 111 232 231 126
    55 231 176 71 125 98 236 223 36 80 154 195 158 126 5 195 117 248 189
    180 8 144 105 192 174 129 15 56 191 66 41 100 152 95 202 137 128 73
    104 204 183 137 157 236 24 202 169 28 169 96 36 169 65 182 47 74 145
    96 92 207 170 111 147 86 37 240 219 89 102 244 132 213 131 78 242 13
    52 101 30 73 30 64 165 241 250 167 137 118 8 41 48 78 199 102 170
    249 159 252 49 5 77 64 225 173 12 0 167 86 118 232 27 67 71 243 13
    67 205 156 44 235 14 133 218 223 104 15 125 114 87 240 130 57 101
    136 125 190 63 121 70 157 46 224 221 252 113 194 49 2 5 217 39 155
    168 40 215 186 161 147 237 216 232 185 44 91 120 216 23 46 17 196
    150 227 17 191 151 22 193 113 178 234 184 173 93 57 25 236 181 91
    132 216 48 121 32 115 14 33 232 50 123 171 239 227 165 190 79 35 187
    223 13 93 98 87 194 55 95 188 203 32 195 43 65 171 237 155 66 177
    241 71 75 76 112 109 246 239 28 104 126 100 151 9 201 118 190 27 44
    104 36 186 101 119 112 183 213 20 237 150 161 142 158 190 52 224 83
    103 248 170 159 190 128 108 149 232 170 157 37 75 129 62 209 217 27
    96 246 15 94 213 167 136 149 80 174 223 176 49 40 215 95 65 1 134
    250 128 89 167 63 29 216 149 45 166 137 74 63 91 5 51 40 187 71 213
    3 154 127 18 151 121 26 175 168 86 39 90 156 91 49 121 154 86 43 213
    203 194 154 11 246 224 11 180 228 183 64 88 106 113 88 73 91 248 250
    255 144 187 93 155 3 134 220 241 254 170 214 51 150 108 142 25 101
    11 189 78 19 206 109 237 195 7 3 40 33 224 88 115 9 92 17 39 249 187
    86 11 70 32 62 156 144 41 33 237 159 46 81 104 96 38 71 223 64 25
    103 19 145 242 14 176 1 59 227 228 208 195 170 248 193 227 137 78
    118 136 24 90 145 253 237 50 193 13 104 60 116 86 68 37 213 254 57
    195 78 193 94 64 183 60 247 7 163 223 151 99 28 65 65 152 165 40 50
    181 123 79 237 229 159 32 252 39 144 150 142 254 190 183 1 202 217
    208 186 204 13 194 90 159 2 71 81 114 13 237 167 233 134 84 73 110
    153 167 27 42 147 15 126 56 51 172 244 90 245 142 123 43 202 224 154
    89 156 92 219 144 163 43 170 190 27 29 27 115 248 163 217 5 23 20
    144 110 145 247 186 72 91 178 240 244 136 74 76 249 22 84 203 66 73
    109 159 48 49 3 58 107 212 142 181 15 34 80 122 193 115 13 94 147 18
    101 203 147 228 130 93 76 13 235 178 202 221 180 35 214 201 11 73
    139 178 205 135 30 60 31 185 75 216 138 174 121 140 10 25 245 0 197
    129 240 51 164 237 252 209 102 142 129 145 174 6 220 111 236 21 25
    55 29 248 1 76 220 217 151 23 216 80 7 172 252 162 149 200 131 128
    181 150 111 78 137 94 206 34 40 50 101 114 101 247 241 211 177 20
    233 2 31 36 49 157 190 234 86 19 82 44 93 203 123 110 182 100 88 127
    83 153 83 172 211 63 121 174 4 191 115 120 83 171 144 2 96 190 34 18
    81 88 23 1 40 236 149 87 73 148 21 69 104 242 21 150 192 178 47 4
    204 167 199 42 126 176 243 208 40 161 67 15 89 147 110 243 37 120 1
    207 147 101 175 252 148 126 11 227 26 169 218 203 78 3 129 47 139
    152 49 229 194 116 51 130 58 97 40 134 105 80 181 118 33 21 29 197
    187 160 138 144 48 147 188 182 158 101 67 85 221 255 3 40 166 220 43
    126 209 152 178 39 134 134 219 43 150 235 17 173 43 188 63 37 69 49
    171 184 20 147 215 134 21 12 76 231 133 209 145 69 25 143 190 99 192
    190 101 73 156 0 183 136 81 23 243 169 174 94 5 95 245 143 114 75 96
    25 149 97 151 199 108 0 237 202 56 218 139 16 110 5 106 115 132 84
    91 120 40 162 167 33 122 20 208 64 33 181 180 90 104 118 19 55 24 93
    26 233 189 104 88 171 60 112 131 162 219 168 117 146 128 219 97 140
    50 82 59 230 252 26 138 33 36 251 26 91 131 211 142 204 75 158 245
    134 30 51 161 164 45 245 81 236 163 231 187 122 122 254 49 68 228
    138 103 70 30 234 254 26 113 124 38 148 100 49 157 221 62 145 131 9
    177 205 119 229 173 75 2 107 71 188 114 39 13 136 136 110 102 66 102
    87 37 172 245 135 191 188 6 219 72 229 25 40 14 143 202 149 141 4
    145 26 228 5 97 102 72 119 240 241 0 216 132 239 84 75 85 205 227
    108 102 211 69 130 22 89 44 87 60 227 236 72 73 160 109 213 126 8
    243 43 191 26 192 169 128 58 120 179 219 234 109 139 63 198 11 150
    248 28 214 194 175 152 25 92 248 77 12 87 136 141 249 241 140 152 92
    222 154 196 181 147 156 254 167 121 110 239 166 15 92 194 39 29 174
    195 136 135 37 171 27 3 26 11 205 75 211 15 183 47 200 158 179 62
    167 179 232 234 205 33 119 101 49 49 248 213 59 103 43 76 209 67 160
    33 82 97 200 188 89 24 64 97 26 59 227 130 0 137 111 22 208 227 66
    56 249 240 167 182 165 111 149 208 225 22 190 242 106 81 233 97 255
    108 19 178 33 36 156 177 141 21 224 218 165 155 4 199 37 42 57 136
    91 178 160 101 39 68 190 173 43 149 239 77 190 203 27 184 10 212 53
    112 213 100 93 120 13 91 204 226 237 55 29 88 127 246 5 245 107 221
    65 231 59 121 34 148 123 158 0 252 10 213 58 205 144 47 132 214 226
    90 2 123 109 30 224 212 120 20 161 136 172 7 43 185 12 177 119 231
    32 23 168 57 197 138 215 210 197 183 121 205 189 95 194 246 219 158
    97 61 154 75 109 85 174 70 237 160 251 20 67 83 237 151 142 31 78 48
    99 172 134 0 90 169 33 157 220 3 119 5 186 190 167 232 104 7 98 26
    30 158 229 100 174 70 21 208 131 121 211 177 83 138 69 83 204 101 19
    68 77 218 19 39 188 243 40 199 211 33 4 223 124 231 75 203 232 55 67
    59 165 197 122 150 19 82 77 16 164 191 91 182 64 217 220 179 71 69
    58 150 43 165 244 233 64 186 176 158 57 244 140 67 139 20 221 17 216
    212 74 41 168 112 182 63 37 22 20 172 32 176 60 6 56 82 57 181 40 52
    221 192 109 232 99 89 214 70 162 166 177 113 20 89 240 90 233 118 2
    58 186 26 155 139 130 185 107 107 38 88 81 249 67 24 201 27 124 100
    126 172 150 145 65 147 10 217 11 231 136 83 167 67 223 138 91 136
    252 130 195 48 168 3 137 99 111 150 101 181 26 46 251 76 237 46 241
    92 132 224 138 85 237 121 220 134 7 34 10 116 210 3 14 30 142 232 58
    105 83 4 83 204 188 99 98 244 2 157 208 9 117 187 87 143 207 23 59
    10 187 118 117 47 223 187 113 177 255 30 255 91 153 240 198 149 97
    126 173 143 197 65 195 87 104 102 222 130 200 26 253 102 97 62 94
    189 221 164 139 141 132 23 59 234 254 74 37 51 221 101 26 211 63 60
    104 207 78 143 149 17 78 24 149 35 124 90 120 168 216 187 182 166
    227 44 78 75 79 215 240 193 241 86 35 132 75 238 96 109 249 67 136
    142 190 238 243 159 242 25 212 239 165 131 251 209 143 206 231 157
    64 4 192 248 189 147 4 158 253 119 10 86 68 22 78 161 194 156 212 45
    197 187 22 35 156 213 108 99 42 98 70 204 210 32 118 107 166 65 19
    43 237 205 50 129 66 4 183 32 142 229 82 135 94 71 174 133 206 243
    195 193 202 30 68 106 67 32 45 126 82 121 198 160 96 104 52 206 82
    72 241 157 253 92 136 126 109 82 181 64 218 205 123 1 6 6 215 6 178
    219 164 184 89 106 214 126 79 255 116 246 242 164 189 182 236 100
    190 112 97 44 192 47 8 155 222 127 18 36 236 41 36 174 153 193 174
    221 219 225 54 195 223 178 89 109 138 186 219 191 13 160 184 121 132
    165 90 220 187 129 17 187 52 194 141 254 99 249 214 163 94 98 12 199
    142 4 137 116 229 95 20 250 41 229 61 136 67 119 162 81 143 67 18
    202 175 138 49 108 244 209 149 207 238 87 2 128 222 2 247 228 244
    237 133 184 173 163 84 205 159 186 28 83 10 157 136 23 104 105 31
    102 235 129 103 234 135 171 37 51 74 56 85 114 30 249 231 39 232 50
    167 17 236 79 2 199 130 187 49 7 16 29 110 89 76 72 116 193 209 7
    237 71 169 173 79 153 85 146 155 135 121 188 64 101 60 113 177 26 8
    105 172 9 1 180 52 192 245 213 75 49 71 192 97 250 199 163 115 222
    246 11 160 113 202 180 33 110 211 91 32 242 72 27 127 100 103 53 7
    118 157 239 187 179 77 72 24 53 235 42 38 136 189 57 104 127 6 8 240
    25 28 38 129 27 249 68 211 158 17 233 223 51 235 171 19 11 35 90 99
    51 10 219 23 143 10 101 238 153 208 90 155 76 58 11 165 128 28 86 89
    23 91 238 109 67 254 211 129 12 248 178 242 46 216 195 217 7 180 235
    236 36 98 184 80 121 193 194 97 104 245 122 69 61 174 25 199 66 183
    197 241 183 219 231 177 223 192 130 225 114 111 23 139 184 241 191
    54 187 189 34 161 227 58 215 200 142 163 76 22 67 137 242 20 141 9
    171 97 69 11 99 251 210 255 234 27 192 101 144 80 246 202 79 34 226
    228 68 195 91 34 24 170 200 159 250 83 215 20 190 234 90 139 212 103
    76 131 249 158 113 33 233 7 132 21 2 196 252 176 142 169 7 235 26 58
    113 26 22 241 51 50 62 41 81 202 45 86 15 177 244 124 48 106 74 240
    245 177 244 68 183 72 175 94 113 187 222 235 159 69 208 77 220 97
    234 163 102 238 152 139 225 102 56 178 97 191 186 150 72 193 255 216
    123 160 158 68 240 83 244 126 109 192 155 220 208 203 110 71 55 232
    66 33 127 92 199 103 15 183 176 115 149 77 151 212 103 125 196 176
    169 241 171 86 212 233 44 189 60 38 102 1 27 12 253 206 198 55 145
    21 208 35 176 82 61 219 212 189 105 67 75 23 80 114 238 10 247 20
    204 91 76 10 119 253 3 58 90 113 114 129 124 118 182 157 229 127 253
    126 165 93 167 232 219 124 128 46 120 79 206 68 65 127 106 116 234 1
    23 71 170 143 29 70 169 62 124 123 45 205 170 70 207 90 214 93 57
    143 245 180 64 135 0 218 175 185 141 176 84 107 207 193 88 176 124
    61 112 216 169 0 175 200 133 180 144 55 139 181 204 40 107 201 74 77
    54 169 181 81 138 20 198 176 161 98 224 142 82 198 242 67 63 53 232
    82 158 116 14 110 249 34 241 246 213 233 241 35 20 64 194 199 191
    125 37 52 159 106 206 68 110 226 253 250 0 99 70 136 239 246 108 219
    73 0 183 134 198 33 1 167 42 135 119 152 63 248 56 195 205 154 148
    91 11 218 109 121 101 104 32 227 47 159 62 102 208 6 210 198 77 175
    44 141 54 81 73 72 140 76 117 2 39 14 188 49 127 224 204 240 48 96
    77 26 239 106 138 8 189 18 21 207 87 7 221 249 217 158 177 27 166 28
    17 7 204 61 116 220 170 161 126 108 102 64 20 132 188 127 1 16 208 3
    205 67 110 0 49 110 172 243 229 45 211 201 101 186 165 156 117 228
    31 176 135 129 74 95 148 197 3 220 118 185 97 105 15 2 238 177 18
    165 249 109 27 9 143 146 243 222 101 218 54 137 30 193 167 1 84 66
    173 11 74 255 177 41 77 83 54 5 65 202 183 118 159 244 113 121 77
    124 77 126 3 25 208 138 119 121 4 112 203 186 10 206 9 223 60 63 169
    154 165 101 29 6 49 8 10 13 252 66 140 229 74 4 11 222 26 128 229
    139 201 181 56 197 141 204 163 158 222 73 115 56 132 178 137 161 237
    174 163 148 147 224 2 92 253 253 69 241 190 84 113 112 10 85 236 12
    225 209 157 240 84 91 59 25 135 132 163 179 30 34 84 190 75 210 15
    28 82 217 246 87 173 121 19 236 16 146 176 159 159 54 63 220 241 54
    147 32 24 30 226 6 255 34 247 125 108 188 157 41 172 186 193 24 44
    235 112 155 207 1 49 85 213 255 73 216 23 239 218 176 159 121 105
    131 33 31 200 141 232 177 104 14 82 164 120 30 228 30 105 198 145
    203 181 254 55 253 232 145 162 87 142 92 107 232 206 183 233 68 12
    102 73 192 181 26 28 229 97 193 110 118 55 5 39 226 143 23 236 239
    187 4 212 219 12 159 201 206 70 173 129 165 110 92 211 217 25 193
    144 46 206 230 181 92 192 112 54 129 185 211 225 50 215 139 134 33
    196 249 149 58 53 50 49 193 154 64 49 126 128 146 37 203 134 46 254
    254 254 85 228 73 50 246 243 96 10 115 178 111 112 180 239 188 242
    227 4 104 86 124 28 52 161 155 58 91 233 214 160 177 149 221 50 23
    81 18 152 31 81 15 116 27 142 16 7 80 145 202 62 153 102 165 19 228
    245 173 111 154 223 11 25 61 119 33 53 156 243 183 140 101 107 78
    233 166 76 232 62 21 237 206 217 148 255 239 116 164 155 216 121 77
    244 103 37 59 84 164 214 6 19 201 245 79 103 212 170 22 60 8 179 77
    235 160 236 129 70 215 166 34 31 226 251 39 57 7 132 199 188 60 192
    255 4 97 188 40 63 228 221 40 145 219 240 194 49 186 161 106 79 210
    106 188 131 215 88 92 9 55 195 158 184 143 172 78 247 49 142 6 200
    30 244 30 191 235 3 247 84 58 87 84 48 185 43 177 122 46 236 56 120
    56 7 219 219 129 217 181 197 253 0 41 96 213 255 247 178 146 229 73
    144 207 253 36 211 125 71 117 23 141 63 189 193 179 110 106 19 21
    218 227 76 196 141 59 52 190 26 242 31 159 37 53 183 14 104 187 30
    243 83 170 137 78 105 184 109 140 94 158 153 80 166 153 141 31 228
    248 245 235 206 225 144 149 250 49 126 229 8 5 209 209 145 93 159
    226 38 43 142 197 5 225 89 252 105 93 85 149 214 206 1 130 162 130
    136 142 113 177 201 239 179 42 134 10 75 167 84 30 99 30 170 201 127
    253 43 42 72 192 143 214 135 105 150 51 238 182 248 190 128 171 13
    107 77 109 139 101 238 203 121 200 199 55 169 16 221 195 142 91 194
    43 221 36 224 180 22 6 213 19 181 171 124 166 16 251 11 100 14 254
    240 116 107 183 31 58 216 245 230 197 106 64 157 4 72 222 191 193
    124 101 145 232 87 195 82 37 120 182 181 178 187 243 98 140 237 30
    112 144 9 123 204 188 200 170 216 254 93 218 206 60 254 125 138 42
    229 151 155 132 138 48 109 188 33 212 150 184 20 123 196 108 208 92
    49 152 202 85 123 201 212 248 73 241 176 18 171 103 123 50 52 56 30
    239 91 90 170 108 242 51 222 107 243 140 178 198 58 114 226 79 159
    15 249 189 128 63 93 234 235 75 235 143 80 53 166 215 65 153 91 221
    132 136 245 145 205 236 133 246 38 135 203 215 55 193 159 36 166 106
    193 219 37 49 42 148 96 3 220 223 16 209 51 56 165 235 227 7 121 32
    35 127 38 208 91 202 197 85 184 237 56 149 20 74 156 235 207 185 96
    208 118 13 13 178 8 117 210 106 115 101 27 201 252 195 48 58 171 113
    186 63 14 56 192 112 51 0 110 86 56 220 66 204 227 56 94 155 174 90
    158 47 52 148 188 144 69 24 167 155 171 39 63 16 136 23 212 16 146
    183 155 71 52 67 82 177 227 80 112 236 208 138 123 39 153 53 249 223
    33 184 102 174 48 213 135 170 0 149 174 208 237 161 206 250 76 198
    96 240 183 105 97 48 16 43 210 196 186 55 183 62 217 112 87 243 208
    88 70 140 27 222 64 246 172 255 24 13 30 81 249 167 19 59 49 13 170
    197 84 34 23 108 97 129 135 189 142 189 3 6 142 132 47 156 109 52
    229 174 201 231 129 142 181 33 198 57 183 113 130 14 234 116 33 127
    4 5 45 107 213 161 246 47 185 215 144 211 64 197 30 196 249 39 100
    231 66 57 212 145 120 20 15 172 205 231 114 100 29 139 109 166 212
    213 158 146 100 170 116 199 221 128 61 69 147 231 9 13 129 158 66
    255 219 230 73 194 64 115 150 26 127 243 153 81 236 244 54 199 143
    45 18 62 115 165 179 243 29 234 125 89 231 187 233 209 110 207 108
    243 14 12 24 254 114 145 25 173 90 250 178 215 173 54 208 23 200 212
    4 81 60 66 201 60 2 136 206 239 73 27 26 224 53 192 20 49 161 200
    127 111 150 90 203 76 205 241 2 171 132 188 138 53 73 155 163 168 85
    244 83 254 65 170 55 131 74 23 163 123 74 241 212 208 107 166 187 10
    32 224 134 99 205 146 57 62 211 80 251 202 178 239 86 166 160 235
    186 79 52 124 25 4 36 200 35 66 150 113 161 144 35 124 72 153 22 152
    179 5 66 159 226 254 80 35 54 191 200 247 159 143 82 208 181 236 44
    97 30 206 217 141 34 60 213 236 123 158 129 252 40 248 71 11 174 64
    123 12 71 84 150 172 151 61 10 114 78 42 189 129 90 249 135 160 62
    236 178 229 140 173 70 249 57 32 18 70 47 126 236 214 159 3 141 179
    204 242 115 72 165 112 189 185 56 121 211 90 202 230 8 29 129 124 98
    103 10 144 229 215 60 128 98 188 230 14 144 243 85 152 171 106 111
    175 183 71 104 108 198 241 246 39 208 224 254 199 147 87 214 90 160
    179 90 39 251 6 120 41 93 243 81 15 250 3 106 110 158 4 15 137 212
    82 83 199 121 180 93 73 150 234 132 125 35 29 248 159 228 131 74 192
    20 75 38 68 72 119 235 12 86 121 33 237 219 77 236 109 19 224 46 228
    216 60 193 1 83 209 129 226 107 232 37 250 137 77 87 36 157 171 174
    237 202 253 16 76 20 24 1 150 64 248 9 223 32 166 154 58 124 191 113
    210 130 194 214 173 252 43 172 113 97 67 83 161 191 20 105 123 163
    71 146 52 18 48 52 160 112 144 9 232 195 45 37 106 170 234 37 146 48
    53 255 53 20 143 18 242 0 237 86 108 211 44 202 22 37 98 55 236 112
    164 82 186 119 224 113 25 95 251 55 66 8 45 115 57 57 123 24 222 107
    168 88 231 127 170 75 68 112 241 123 203 150 244 255 13 250 3 210
    205 29 66 215 121 75 54 179 37 23 211 154 65 47 22 230 206 207 69
    192 76 62 231 20 217 15 71 237 210 186 147 242 214 25 202 234 139
    241 199 234 7 28 27 123 78 161 74 220 127 53 222 48 209 11 62 223
    148 166 208 70 221 31 121 171 192 95 28 190 131 201 170 156 104 23
    49 98 235 95 124 236 236 126 0 248 60 68 129 162 94 193 177 49 117
    94 112 242 221 112 230 179 149 194 33 238 119 1 176 68 150 190 165
    74 43 247 178 124 250 84 139 216 126 63 192 233 78 205 14 252 76 77
    215 138 4 41 110 73 189 25 201 246 162 254 134 29 58 132 236 228 150
    174 71 63 185 123 188 224 38 237 84 70 186 122 79 157 29 105 138 137
    113 68 189 116 132 131 11 150 51 113 255 254 71 115 206 147 243 142
    100 186 40 39 87 80 231 144 35 239 124 80 46 215 124 195 88 39 118
    188 62 233 13 186 134 54 193 210 151 126 7 227 205 178 199 255 81
    188 140 172 122 120 74 242 150 242 216 192 162 158 39 92 85 195 196
    160 102 179 129 34 213 223 113 19 98 78 227 90 54 23 42 193 36 127
    11 49 251 125 202 65 199 68 245 56 26 25 243 7 10 190 213 230 155
    194 2 41 15 195 90 151 168 63 112 179 106 219 29 104 218 187 27 250
    179 88 87 78 143 123 76 5 82 36 238 4 198 136 170 174 110 213 15 67
    86 84 154 125 246 126 214 232 225 178 208 19 166 113 124 90 205 183
    224 131 188 106 13 57 185 56 243 78 0 226 73 137 89 255 215 217 181
    245 55 158 223 199 254 116 185 110 141 234 208 167 82 196 239 20 195
    81 51 237 232 15 234 55 170 201 103 67 73 54 25 76 213 149 78 14 142
    125 57 116 146 125 158 73 114 214 98 242 149 58 60 46 169 172 184
    198 16 229 104 144 55 62 82 212 188 18 216 60 255 173 215 121 211
    203 119 63 4 171 148 213 165 254 120 9 85 169 235 122 115 11 203 252
    20 167 219 21 164 141 64 63 199 39 218 63 88 181 54 171 92 67 215
    246 248 153 32 61 106 147 54 18 249 119 128 3 3 92 90 161 79 19 63
    207 225 202 214 97 50 91 48 145 52 52 86 159 114 241 36 85 226 122
    97 18 195 17 131 234 194 22 205 49 196 243 246 174 113 84 113 99 6
    142 142 159 102 71 102 128 97 215 110 142 205 204 0 227 9 236 204
    181 197 174 160 3 31 139 163 210 119 251 85 193 40 110 38 196 32 240
    108 29 79 141 51 29 231 227 162 126 230 103 169 234 215 40 51 138
    134 244 65 103 219 38 33 13 158 171 88 113 13 44 114 16 111 182 155
    168 120 186 229 74 248 72 30 139 215 217 15 163 92 112 173 234 156
    178 253 161 106 110 241 103 70 47 77 230 83 138 81 175 33 76 110 179
    47 35 225 7 38 212 246 61 6 9 173 236 119 33 208 109 137 142 221 48
    122 93 250 204 70 144 86 52 52 0 44 157 89 239 88 199 78 79 89 229
    236 198 169 84 193 87 10 105 200 127 239 252 1 93 217 23 159 169 250
    205 7 151 164 216 247 111 76 215 70 251 38 160 78 62 179 203 5 4 152
    198 120 43 65 38 211 138 119 101 49 160 96 232 18 35 45 184 145 121
    24 153 0 39 64 135 5 36 12 69 23 250 201 156 126 133 56 82 143 109
    225 147 160 177 24 194 18 208 110 103 242 17 113 69 79 63 54 175 41
    193 97 50 17 86 131 176 86 28 116 134 88 77 211 27 123 211 51 152
    127 106 15 75 120 42 162 181 176 149 19 203 49 251 24 136 79 4 26 8
    59 158 25 124 4 53 145 225 193 41 128 91 230 201 98 60 96 165 68 104
    3 61 209 139 142 220 157 177 60 217 252 90 146 152 227 151 147 229
    13 71 81 232 201 160 121 116 144 69 173 192 97 18 14 152 92 203 94
    154 176 205 111 111 238 38 235 74 47 118 223 109 103 37 166 155 3
    250 216 187 116 107 213 68 205 195 152 192 65 184 226 163 83 3 223
    30 240 112 88 75 108 233 32 142 138 55 50 162 154 156 57 166 237 122
    254 28 116 108 254 4 118 205 138 194 55 94 194 43 156 149 54 20 33
    77 208 1 122 168 175 166 114 0 204 24 97 139 213 9 5 185 40 84 147
    119 232 114 143 206 27 138 22 6 150 242 60 225 141 211 2 103 166 154
    9 160 249 122 236 57 210 6 67 205 240 232 26 70 227 170 61 191 69
    227 86 139 103 167 182 138 123 11 87 143 151 78 159 196 229 71 198
    115 90 97 146 123 192 91 200 4 164 60 99 183 114 18 83 91 145 89 68
    93 79 169 140 238 193 120 218 67 118 175 13 186 155 238 57 79 97 150
    25 20 217 31 218 244 58 237 186 12 134 161 192 71 250 93 79 232 103
    186 139 90 120 133 42 27 175 102 156 241 27 155 58 211 125 214 53 40
    73 203 164 17 114 72 2 81 196 237 68 97 189 90 110 38 80 126 60 248
    13 75 42 210 203 6 152 145 90 199 82 154 214 234 168 214 142 85 186
    101 169 11 120 118 178 130 111 6 160 145 149 108 203 46 198 241 209
    28 23 171 205 205 238 24 206 17 70 54 213 223 126 65 207 110 144 65
    124 129 242 118 25 42 164 48 194 253 91 239 8 210 130 87 97 174 105
    90 79 185 75 157 0 142 188 231 1 218 207 130 168 241 99 252 131 39
    141 57 118 132 199 107 228 204 221 126 6 37 134 111 99 12 15 163 228
    85 227 144 177 122 83 52 31 89 196 137 219 75 129 121 130 250 223 23
    100 102 113 152 241 143 201 248 124 108 172 34 36 14 117 204 89 24
    134 189 20 100 210 62 177 121 160 137 242 146 206 22 20 221 232 229
    203 34 161 230 89 96 167 105 16 99 88 168 7 93 39 9 31 166 123 228
    143 224 147 176 86 110 95 190 155 139 202 121 20 251 166 81 253 233
    164 99 204 245 94 167 199 236 151 192 2 164 198 245 90 11 112 114 94
    137 63 182 132 152 181 253 95 174 73 60 78 74 183 192 109 95 141 124
    231 40 33 88 114 185 189 149 85 70 164 160 151 125 189 5 156 55 232
    76 157 125 136 163 231 159 31 120 145 75 128 172 211 103 103 223 193
    166 100 83 255 163 141 8 138 44 147 208 109 112 58 190 80 195 215 20
    4 72 29 138 135 138 48 101 173 46 159 30 13 206 247 55 191 221 65
    111 181 113 154 161 35 203 111 201 12 26 63 156 179 213 211 77 52 99
    123 140 75 120 115 73 191 4 183 80 212 24 55 104 37 61 50 43 96 224
    197 102 15 65 3 235 103 123 163 94 197 254 89 245 22 241 74 73 188
    219 126 106 178 8 69 178 61 112 34 164 195 253 161 30 83 83 157 209
    202 221 127 14 108 23 190 19 40 36 31 186 171 235 47 9 96 150 147 63
    103 178 115 153 157 132 130 169 204 248 210 103 35 5 9 35 122 210
    161 107 132 208 182 230 132 155 162 78 103 89 180 249 30 82 56 148
    196 89 123 201 105 144 127 25 94 161 12 89 212 139 193 59 42 187 40
    78 217 216 64 199 13 51 150 189 159 45 7 103 250 183 229 198 150 84
    141 117 145 25 5 33 222 23 195 119 120 230 128 47 39 15 212 31 228
    78 206 240 21 145 138 153 45 70 51 139 207 101 27 182 138 42 94 210
    54 169 174 122 225 205 139 22 41 162 106 11 45 53 212 100 130 155
    255 185 210 227 227 179 182 200 12 93 125 136 89 247 119 24 70 82
    153 244 87 143 194 255 117 86 162 182 66 110 149 128 241 80 210 146
    191 245 131 241 110 143 145 135 70 199 108 92 244 110 0 11 27 245
    152 160 231 40 19 241 61 223 37 72 253 143 152 104 97 4 222 226 73
    96 170 41 128 62 218 201 83 79 153 210 150 153 212 52 233 171 213 47
    166 219 101 185 28 157 40 174 171 139 4 0 65 13 40 114 248 15 180 45
    140 152 240 7 239 217 41 177 101 251 109 76 232 73 43 230 60 19 123
    245 163 225 53 234 66 220 133 89 9 81 196 74 78 125 8 215 201 192
    124 93 133 186 105 223 211 184 165 182 98 143 133 245 82 68 230 39
    246 142 174 201 230 170 85 7 118 169 156 12 23 15 206 30 127 95 198
    238 52 23 206 176 188 79 93 152 241 62 50 116 145 199 92 129 245 80
    41 244 199 209 168 69 212 161 117 86 0 25 230 84 43 87 127 199 94
    246 151 119 162 187 204 226 169 205 101 153 127 225 7 141 152 134
    132 169 227 151 100 199 115 19 234 157 135 13 82 163 208 152 202 209
    155 85 146 68 29 127 103 73 155 235 212 134 16 149 193 5 110 169 228
    199 145 29 27 132 103 61 4 38 115 53 93 132 186 20 122 235 48 207
    233 50 25 58 106 201 237 11 36 168 154 229 168 204 125 19 86 163 13
    101 31 85 195 205 228 139 43 240 10 208 112 77 139 165 55 114 177
    174 126 171 42 118 210 148 101 11 142 158 201 60 32 86 48 248 251 27
    4 208 38 112 108 178 20 144 172 26 36 151 102 72 197 153 46 172 94
    128 249 180 183 36 125 220 235 183 157 2 217 227 237 216 121 65 88
    197 235 132 231 253 172 110 165 144 176 253 205 114 195 12 187 159
    124 227 142 14 9 152 246 137 134 114 194 240 147 87 165 30 175 64
    248 1 57 247 126 165 190 174 128 161 48 71 216 195 78 254 102 235 0
    28 122 233 198 39 223 31 61 58 59 7 42 240 192 187 110 202 194 195
    18 216 7 17 123 147 32 13 165 36 23 160 105 12 105 29 59 38 252 38
    143 91 172 181 193 204 34 246 239 150 53 30 123 250 245 130 230 190
    9 39 214 30 205 148 203 17 117 47 217 192 180 185 226 156 15 3 250
    156 250 103 198 177 252 206 180 10 45 195 131 19 234 213 20 98 49 83
    12 75 55 207 227 161 176 0 247 86 242 89 54 51 141 234 202 235 212 5
    254 48 169 43 0 218 183 70 253 58 211 172 172 194 230 80 181 138 55
    150 191 254 205 33 158 208 59 70 187 45 173 103 75 112 147 178 245
    211 45 173 185 18 56 171 214 140 228 218 137 249 22 142 183 85 96
    100 131 142 187 22 178 103 3 199 246 53 21 34 229 208 56 225 160 180
    104 38 187 188 183 75 234 161 109 194 123 143 232 207 219 132 97 66
    56 167 177 241 146 24 194 203 235 93 99 107 148 7 159 41 196 97 179
    197 60 251 104 47 175 190 188 38 102 144 39 36 37 134 13 53 14 212
    145 75 90 239 151 75 17 35 237 21 44 217 79 242 135 167 49 127 13 26
    236 24 59 164 214 195 73 32 149 82 137 234 46 77 71 14 84 232 98 147
    31 43 58 156 163 251 127 204 229 229 235 231 84 40 200 122 197 2 252
    96 134 152 117 60 117 237 153 141 168 105 67 17 67 70 38 8 62 60 229
    97 15 109 105 100 59 95 234 110 191 135 223 240 77 173 201 181 181
    187 108 63 235 182 169 192 81 16 180 17 171 19 27 138 166 183 233
    109 161 203 236 52 61 216 51 35 102 137 251 238 215 192 50 94 220
    134 54 243 87 214 196 65 142 15 214 163 19 126 25 210 223 53 77 30
    103 15 119 32 240 187 86 255 39 136 156 99 183 165 248 173 27 140
    109 100 22 222 206 148 102 44 196 40 156 109 60 194 39 191 171 53
    185 46 149 18 112 9 120 86 138 205 235 176 134 23 130 178 211 250
    183 141 27 159 54 126 37 250 187 230 217 62 147 150 84 155 52 98 168
    122 207 89 250 9 29 13 101 77 155 185 212 117 145 63 72 254 103 207
    89 110 194 226 164 211 75 53 226 48 15 57 35 246 203 69 137 254 24
    76 254 202 206 66 24 54 225 226 82 68 104 197 205 186 174 36 58 118
    241 80 108 102 255 245 124 185 167 131 22 135 88 181 194 221 199 95
    99 89 41 59 240 28 109 145 8 166 226 184 117 74 13 8 184 127 100 210
    180 3 104 203 226 52 208 64 181 151 114 197 157 171 137 243 175 81
    217 211 47 137 78 223 104 132 30 48 174 195 136 220 49 105 127 103
    116 39 146 129 213 116 224 14 163 154 3 248 138 51 123 25 8 72 53
    243 107 145 157 173 41 229 144 20 108 112 186 155 213 157 71 141 91
    181 67 253 188 162 44 102 173 92 137 98 236 15 220 193 236 90 98 151
    204 0 18 175 210 175 3 50 35 222 149 191 243 42 223 51 176 69 233 7
    121 210 172 93 180 244 151 137 178 200 179 22 163 243 221 194 209 86
    4 101 50 123 36 50 53 93 84 52 203 228 1 36 59 32 65 76 88 211 113
    99 48 66 199 115 25 10 160 190 236 194 148 122 34 30 31 162 49 202
    26 47 124 34 130 10 137 234 156 134 217 207 187 106 96 97 167 173
    157 76 82 225 214 218 223 59 1 211 136 237 74 80 64 80 222 29 29 90
    84 49 36 127 62 238 139 209 77 211 37 121 79 121 87 191 246 237 63
    37 174 139 155 198 119 230 8 253 19 226 89 19 23 116 252 131 132 75
    46 181 206 61 124 240 176 201 36 230 92 216 242 66 18 167 248 196
    247 81 172 168 228 95 56 109 249 157 245 45 192 30 224 73 195 197
    118 76 36 139 190 197 204 89 66 209 39 243 70 78 205 171 82 232 78
    26 6 55 180 205 228 108 78 46 36 241 193 150 28 200 151 72 192 218
    101 121 203 206 55 61 224 79 212 250 127 247 171 202 160 144 234 78
    190 76 0 39 201 63 249 226 91 43 176 209 126 139 36 1 103 194 183 92
    152 28 208 79 91 223 128 60 89 73 51 160 249 27 241 150 97 188 220
    216 158 209 182 187 226 210 97 128 130 56 5 100 29 9 139 65 219 100
    21 11 245 140 74 238 211 184 118 54 84 10 29 213 158 98 157 173 197
    218 211 200 33 47 183 28 14 144 63 74 101 156 123 154 221 32 42 115
    83 191 139 142 0 230 140 137 226 168 173 0 136 140 24 52 235 123 110
    221 131 102 150 185 4 134 123 98 71 111 154 44 26 218 9 1 20 58 97
    225 228 205 47 19 74 53 39 162 137 194 244 94 91 182 191 145 251 239
    123 57 7 64 192 240 126 129 188 129 102 163 232 206 3 145 47 144 181
    108 81 103 10 6 149 42 182 144 206 219 27 242 28 142 29 111 141 80
    199 200 112 209 98 194 34 75 29 156 190 241 16 151 208 243 74 153
    237 199 228 11 52 7 58 80 157 247 97 4 158 92 40 138 85 244 202 50
    109 185 78 119 141 149 220 133 171 44 216 97 161 181 155 147 157 0
    211 4 131 33 65 151 129 146 107 68 12 40 71 222 86 91 145 240 168
    203 181 61 227 77 124 126 198 56 174 81 182 134 36 212 149 165 132
    47 98 0 154 12 68 46 92 66 205 105 114 140 47 36 47 157 210 51 152
    86 171 210 22 7 215 62 106 238 215 118 60 44 168 190 108 138 175 241
    55 76 217 188 242 36 221 92 211 75 156 100 98 201 103 202 171 22 157
    235 157 172 66 244 231 249 120 202 38 42 20 230 174 171 199 188 154
    127 31 70 129 182 137 57 137 228 179 166 77 144 234 65 42 246 145 5
    169 105 39 46 38 67 100 201 101 237 253 38 149 83 223 191 95 136 134
    235 222 235 110 139 2 182 146 87 209 220 209 105 120 66 242 110 48
    130 80 7 207 206 227 96 217 238 232 85 94 237 210 204 157 140 121 95
    59 66 98 53 96 203 141 230 190 121 148 23 136 174 53 60 234 21 237
    230 184 66 181 3 26 158 24 201 177 190 24 124 238 137 70 147 33 32 1
    2 63 209 103 242 163 31 108 38 103 221 162 236 37 189 150 163 142 16
    156 248 42 24 20 82 68 238 139 141 196 100 239 118 172 86 208 110 67
    67 81 77 185 205 33 83 76 114 97 117 190 47 83 86 138 206 75 204 130
    101 129 35 219 66 105 30 121 114 74 163 41 196 113 172 253 17 189 87
    160 115 211 183 38 71 110 189 166 213 110 16 214 70 127 156 247 246
    246 35 35 55 178 143 78 215 197 36 233 204 135 9 152 223 139 44 141
    110 148 36 197 96 114 204 120 208 215 3 173 249 213 239 79 173 54 43
    103 254 43 236 23 112 90 202 139 94 143 163 143 41 152 133 188 79
    208 112 188 77 201 55 127 121 150 181 99 175 54 109 217 222 105 43
    24 164 159 28 172 0 179 166 11 72 86 162 159 192 150 185 10 203 237
    152 228 202 60 74 73 83 62 203 21 194 152 137 120 103 71 83 136 128
    195 25 87 104 145 78 254 125 108 91 46 119 168 228 235 46 165 81 142
    135 41 35 61 114 41 170 134 253 231 3 239 1 23 183 138 53 64 18 194
    20 184 25 79 142 168 78 114 206 255 231 57 234 40 135 237 114 45 215
    133 62 156 94 246 46 172 41 59 193 43 113 75 124 93 53 172 68 235
    232 199 249 210 206 78 77 172 204 244 198 97 255 1 186 71 230 163
    155 160 113 77 158 225 160 68 175 42 132 198 139 48 73 41 27 215 87
    69 17 248 75 237 125 135 83 109 178 251 135 232 15 168 119 118 215
    172 216 171 124 37 24 197 22 223 152 9 94 106 200 115 31 250 102 77
    94 148 167 222 67 18 29 95 186 24 153 51 233 155 140 218 177 72 41
    50 27 158 54 28 11 8 144 122 243 118 205 58 37 127 173 229 253 224
    18 108 155 146 186 218 120 183 237 86 63 121 223 141 84 233 106 41
    159 55 168 75 149 124 95 226 94 46 241 14 112 183 0 47 110 210 4 208
    92 23 55 132 28 171 139 33 111 158 186 14 115 185 103 100 153 38 90
    34 0 5 119 77 222 8 229 105 198 173 32 63 168 116 228 20 95 208 152
    220 6 94 48 26 11 167 164 131 141 30 34 174 199 210 128 155 34 92 96
    52 98 12 142 130 15 179 62 55 12 187 252 126 188 93 187 143 222 163
    249 190 49 90 34 239 250 152 120 3 28 37 73 131 80 247 118 175 221
    246 72 184 96 205 218 236 38 118 76 27 236 235 181 107 14 80 228 88
    137 114 197 111 123 164 235 246 151 241 119 212 193 63 183 90 76 238
    87 223 236 174 66 87 29 149 232 182 194 62 129 53 8 20 110 37 158 84
    230 233 37 80 230 60 151 124 233 229 199 116 132 114 224 162 65 22
    200 168 185 196 92 8 83 218 229 120 226 144 241 198 170 169 81 61
    105 165 142 43 73 92 215 133 12 207 77 27 166 127 217 61 198 81 48
    219 216 199 54 107 88 107 33 162 255 214 112 84 230 135 134 125 179
    121 75 129 80 98 201 17 158 232 243 193 218 174 157 70 236 113 129
    176 187 244 170 225 206 250 127 250 129 243 132 106 106 103 5 107
    247 51 149 207 144 72 125 72 254 117 176 108 24 39 83 220 183 170
    171 11 185 139 105 248 94 49 0 43 27 9 31 232 144 161 19 161 226 137
    198 5 126 175 228 123 151 88 104 140 29 18 163 99 244 197 170 9 194
    188 227 226 28 58 2 92 198 229 119 189 44 124 125 121 30 238 122 44
    102 220 164 235 254 113 75 57 228 187 11 108 18 201 201 22 105 239
    215 64 93 20 245 194 201 0 55 190 80 116 248 89 3 221 211 112 191
    194 186 249 90 166 5 93 192 15 222 227 8 95 56 1 96 89 227 216 40
    135 64 100 0 178 243 179 153 73 146 116 1 174 84 35 112 195 226 91
    115 186 66 3 45 47 29 146 16 178 158 53 9 152 175 86 166 110 221 160
    132 22 90 73 19 69 180 186 26 123 143 176 134 186 168 146 27 210 233
    92 3 107 63 120 37 220 178 208 61 30 213 203 103 183 104 180 159 236
    5 59 115 216 207 138 3 72 92 178 167 177 204 206 255 20 193 105 113
    239 243 199 47 73 124 240 46 219 158 193 81 76 125 104 127 35 25 133
    39 193 73 21 151 239 61 44 103 121 224 0 124 135 247 170 8 236 109
    223 158 112 84 184 81 79 101 122 91 221 79 165 173 73 206 111 206 20
    110 126 113 0 118 157 146 169 48 215 22 99 25 253 91 205 101 55 182
    121 56 47 137 121 200 40 109 33 86 237 27 196 169 141 115 78 67 128
    14 19 164 73 187 30 154 16 162 178 85 63 115 10 101 147 34 149 180
    12 87 90 6 135 58 66 234 74 149 154 248 131 156 37 206 246 20 79 246
    61 110 163 116 113 126 224 233 141 215 148 250 185 85 170 223 157 32
    83 223 160 97 99 214 179 131 146 173 247 185 153 17 113 178 5 215 53
    243 26 13 134 193 168 241 139 187 29 48 237 101 60 26 224 89 194 61
    129 36 234 201 211 225 229 158 87 61 9 218 54 21 148 17 41 166 181
    79 101 39 125 9 116 78 70 156 42 132 213 2 103 53 84 124 179 118 9
    91 140 56 227 77 2 15 122 204 232 195 151 29 191 62 17 149 11 170
    163 19 33 131 105 32 229 75 255 97 123 195 27 51 17 201 250 93 164
    250 75 204 67 110 99 70 41 104 31 4 31 173 218 236 112 50 30 120 136
    197 237 45 20 78 160 143 108 127 234 93 223 153 74 225 49 172 94 231
    126 186 208 88 139 3 165 5 211 22 38 230 119 190 182 195 43 88 66 87
    226 144 14 41 84 239 212 40 27 28 91 94 26 238 170 37 43 251 166 182
    250 90 195 81 215 56 117 2 62 220 193 1 73 191 98 79 153 240 127 22
    76 226 172 21 61 190 201 26 138 222 122 14 178 33 204 162 96 196 217
    21 156 219 240 2 97 71 234 130 242 91 122 66 231 140 215 121 237 212
    56 211 240 243 9 175 89 178 156 4 246 93 187 140 187 190 170 104 226
    31 235 190 28 248 160 144 180 145 67 206 244 12 136 247 27 101 99
    160 217 122 169 173 239 183 15 98 61 203 246 92 96 9 87 141 86 151
    204 214 138 123 189 153 114 147 110 47 62 121 122 235 210 147 236
    163 229 239 110 153 201 179 107 101 233 54 252 39 3 179 198 182 217
    98 128 23 129 134 226 205 124 85 102 205 138 183 56 138 218 135 85
    247 192 199 143 225 215 38 245 129 142 204 60 147 200 146 114 168
    230 110 60 81 139 250 49 73 42 51 211 206 248 199 89 79 62 135 110
    16 240 225 210 7 243 199 155 5 75 3 204 26 35 111 35 110 33 38 246
    92 72 217 72 151 74 206 188 167 214 180 16 152 143 66 232 217 182
    188 118 209 12 182 182 173 138 164 156 169 235 206 41 10 191 180 245
    200 34 241 90 107 163 90 11 103 225 65 182 8 65 25 228 100 149 215
    30 94 115 254 19 98 87 152 192 241 194 63 244 16 21 243 94 169 65
    110 82 144 234 92 24 66 18 182 107 26 72 10 36 46 236 33 185 30 230
    237 43 241 74 49 28 226 119 208 61 119 208 117 148 0 108 114 45 97
    28 51 42 40 184 233 137 245 159 28 0 216 142 1 78 124 222 144 13 201
    119 219 185 72 28 132 97 196 147 11 80 75 178 100 54 229 0 246 230
    125 156 14 109 164 244 208 99 203 34 226 50 247 0 10 9 177 57 228
    238 206 161 140 74 133 58 107 149 101 106 215 212 212 22 79 54 181
    66 124 129 169 170 219 19 230 117 187 238 13 69 198 184 54 112 38 98
    72 23 93 83 243 74 137 27 53 185 252 85 30 141 61 30 13 59 190 25 16
    115 202 207 154 87 78 82 177 140 85 11 231 55 31 238 193 50 173 244
    127 210 204 229 105 180 236 241 84 249 177 249 230 110 164 58 236
    131 11 238 206 59 105 16 198 24 197 132 235 139 235 96 12 40 228 119
    122 99 86 195 23 199 32 41 25 186 90 76 211 223 139 61 100 35 253 69
    113 238 170 102 45 4 179 173 136 147 61 6 157 201 93 197 159 201 81
    182 245 22 175 37 142 4 207 221 116 10 86 140 179 188 10 139 150 177
    135 245 24 198 184 155 91 68 211 119 45 107 22 243 83 236 151 150
    161 60 122 30 225 23 224 235 101 232 233 213 122 161 152 189 56 13
    222 42 136 250 107 196 89 27 36 255 189 185 92 159 120 127 96 218 24
    172 33 18 168 142 137 40 149 166 119 180 141 108 18 208 37 93 102 62
    163 80 229 147 239 204 195 113 26 51 34 176 190 230 208 76 124 59
    243 76 129 171 130 31 75 69 203 58 108 25 192 187 29 60 237 185 171
    37 183 154 58 117 25 128 175 189 161 120 57 119 245 244 116 65 179
    130 52 221 102 214 30 196 25 118 185 255 35 183 63 188 89 172 231
    239 102 124 38 79 198 35 90 79 87 217 213 223 239 26 195 130 27 17
    233 144 192 126 42 167 125 221 114 180 205 140 1 180 167 187 241 142
    242 251 169 181 8 0 62 208 127 191 144 142 208 55 230 125 106 36 3
    185 146 156 96 145 84 110 169 181 250 97 238 177 159 159 226 31 161
    182 64 223 7 213 177 199 125 255 138 159 70 10 164 181 43 161 81 122
    70 208 60 90 71 146 194 146 106 109 37 25 130 24 45 160 3 183 157
    194 236 167 255 36 158 204 185 255 19 236 37 102 159 225 110 32 195
    84 196 22 6 43 227 179 120 213 16 93 221 90 46 156 148 93 149 213
    162 119 229 25 95 231 53 240 24 124 18 76 70 211 141 209 238 16 61
    32 241 250 181 101 81 36 185 177 101 56 215 84 114 159 105 240 223
    208 28 60 45 63 233 213 115 171 232 236 217 23 32 164 123 232 156
    206 77 96 117 189 197 179 33 222 43 211 9 131 16 135 8 98 79 109 146
    92 244 90 127 11 70 175 246 206 162 35 203 120 230 66 71 196 58 66
    100 245 139 166 34 150 50 37 237 213 231 135 138 57 46 88 67 219 206
    174 217 22 223 5 108 124 119 1 135 50 14 136 199 75 189 6 218 91 155
    105 30 241 197 5 62 172 196 146 243 227 37 67 136 190 193 85 113 94
    213 42 217 79 211 56 12 88 18 248 206 219 210 74 212 113 126 15 15
    58 176 44 248 101 13 198 150 172 82 110 143 196 240 208 206 98 151
    151 140 128 110 34 23 90 123 233 241 252 180 103 95 99 155 164 105
    161 113 102 74 51 82 2 219 16 153 147 94 142 164 69 197 189 190 3 14
    65 218 183 198 169 194 43 152 40 69 71 62 200 61 239 86 113 56 217
    26 198 49 108 189 65 152 60 103 170 204 237 158 253 255 97 157 40
    143 51 189 142 247 213 231 29 97 130 0 77 177 153 79 95 34 3 198 22
    174 251 188 136 95 149 157 2 239 129 229 89 213 206 144 200 115 11
    60 107 23 221 144 100 65 64 206 11 71 226 107 98 88 6 164 19 69 41
    245 97 206 14 144 181 65 255 9 97 147 158 41 33 6 193 57 48 237 99
    137 168 30 114 25 21 253 226 240 114 220 148 233 173 60 182 74 81 81
    170 205 178 138 123 169 53 44 180 190 103 222 134 253 247 71 141 75
    96 194 251 137 119 74 228 222 73 252 205 30 103 110 183 130 9 82 20
    28 4 192 125 91 126 175 97 112 71 14 105 195 76 121 19 251 64 73 221
    141 239 164 49 24 164 93 27 205 195 41 26 155 106 86 14 35 11 30 120
    116 60 255 2 47 17 96 135 95 217 222 53 95 208 107 82 249 25 105 109
    1 41 90 215 100 229 184 192 33 76 95 44 147 146 43 5 29 225 150 178
    217 127 25 214 198 75 5 149 177 62 218 35 71 237 213 66 22 7 91 166
    57 147 133 2 218 42 127 213 252 0 162 66 63 140 193 109 16 72 234
    238 148 173 99 149 173 33 31 97 61 197 173 71 62 128 65 0 254 18 235
    59 96 124 72 252 45 140 168 184 175 144 130 112 141 84 47 185 84 44
    89 93 123 235 223 29 207 67 154 56 223 4 41 51 67 227 64 78 57 49
    133 45 161 51 38 234 92 148 56 196 152 91 72 17 128 193 238 48 58
    111 106 237 103 47 229 45 209 147 219 196 62 252 173 159 208 73 127
    103 20 104 140 137 167 188 4 13 30 7 159 17 34 177 248 12 45 125 171
    70 147 108 194 134 140 183 73 216 161 6 254 66 235 124 216 69 9 111
    143 25 170 213 124 198 100 94 32 101 103 112 218 82 142 158 105 137
    63 60 187 27 55 15 94 222 81 29 252 48 20 166 192 239 45 150 44 76
    207 66 183 110 122 198 255 234 188 113 136 138 122 29 118 46 31 208
    95 117 207 11 233 15 177 100 110 160 220 21 61 68 95 153 141 102 82
    205 100 204 77 76 247 81 203 4 82 251 106 142 127 174 50 61 218 212
    209 128 181 222 128 250 190 221 158 66 204 1 162 158 167 91 212 42
    129 98 170 187 168 15 7 152 133 27 168 251 234 253 92 8 136 147 114
    106 106 131 27 142 112 122 52 159 110 239 195 174 106 38 179 175 235
    147 105 242 116 182 137 5 152 73 142 170 185 111 203 17 133 250 17
    186 96 180 145 200 217 168 129 70 171 83 66 109 112 118 102 110 5 63
    81 255 219 253 212 41 96 136 248 152 70 37 163 206 48 43 90 186 19
    118 106 15 222 115 52 241 56 84 112 87 168 123 163 190 159 68 87 46
    253 190 240 50 196 80 118 92 161 201 124 79 107 166 33 77 248 114 21
    240 6 24 32 130 197 123 213 32 54 84 222 162 64 29 97 128 205 153
    202 98 233 38 85 35 45 91 131 250 19 52 186 191 79 169 3 171 136 5
    251 4 101 179 63 7 2 122 140 237 88 11 49 152 26 97 80 218 244 10
    172 69 215 181 180 38 78 42 218 176 166 118 156 101 147 247 87 40
    128 64 227 79 24 58 113 7 65 123 67 237 143 123 131 177 98 63 48 158
    143 179 166 11 16 57 138 61 27 203 179 113 40 132 227 87 142 245 24
    31 145 172 27 49 184 177 167 172 43 17 46 196 232 128 114 3 238 244
    167 161 176 98 49 30 6 167 42 173 172 41 3 74 3 87 125 166 230 242
    13 147 136 20 135 91 242 81 73 44 255 78 221 8 134 177 228 145 167
    87 40 172 56 173 11 59 162 33 43 90 218 228 208 163 152 90 191 7 108
    63 197 119 18 137 82 56 5 14 206 189 21 98 81 155 138 144 85 189 134
    79 208 84 144 178 119 248 189 118 105 194 242 52 126 162 166 245 123
    91 179 73 67 100 221 214 228 211 96 222 164 31 49 247 137 133 40 40
    186 253 164 193 35 10 72 38 175 182 32 125 50 20 29 44 99 204 150
    217 167 92 18 48 208 41 165 98 0 195 108 178 80 11 81 100 211 235 63
    56 245 40 230 188 132 50 171 5 142 194 226 114 207 195 137 164 207
    209 115 219 85 114 40 38 250 223 132 113 62 15 85 69 4 103 142 216
    173 35 158 4 97 222 139 135 14 138 207 24 214 221 97 71 198 158 85
    162 86 65 177 155 11 243 197 162 148 3 104 247 234 112 182 194 235
    236 74 146 203 21 50 99 123 41 52 209 158 68 138 21 33 29 176 13 32
    46 39 220 26 45 132 39 131 72 125 199 160 82 126 36 129 221 181 93
    74 243 229 155 123 129 38 238 100 253 5 206 243 214 197 127 37 47
    112 149 204 113 159 38 16 4 90 93 12 95 122 26 172 171 3 186 39 83
    137 168 178 241 127 163 129 10 180 107 236 185 99 1 95 156 80 104
    231 204 88 196 179 65 182 156 78 110 250 235 44 214 153 93 128 106
    126 95 141 221 99 46 188 74 225 232 126 218 243 233 219 44 219 39
    190 154 171 101 60 183 243 160 208 198 188 35 225 39 134 111 172 75
    176 39 131 12 160 101 42 195 208 255 118 19 131 211 4 249 192 5 25
    160 237 206 237 73 237 157 226 249 215 128 240 34 213 149 114 78 215
    220 183 185 24 51 145 72 249 96 110 131 8 182 117 45 68 173 105 87
    142 90 243 247 56 120 60 249 185 126 19 229 254 200 251 213 27 175
    53 31 132 46 246 9 20 153 90 8 72 171 81 114 162 94 63 251 148 196
    203 250 64 131 10 77 28 96 30 83 163 215 243 15 27 119 161 53 34 68
    123 16 50 130 137 56 171 234 1 237 132 129 187 158 167 165 185 91
    140 0 86 134 30 184 248 156 214 94 145 50 169 70 60 112 208 118 78
    254 212 66 9 113 19 147 251 199 126 13 254 32 174 123 19 173 39 103
    103 107 23 215 92 1 212 15 158 147 6 225 201 42 147 200 135 125 248
    216 137 87 249 0 13 217 180 139 12 76 37 104 74 102 75 92 8 136 180
    4 171 77 32 147 181 55 241 6 46 229 45 42 208 35 121 98 193 189 171
    42 36 201 19 31 1 184 203 102 201 111 127 42 2 231 90 143 44 198 150
    179 86 80 94 66 236 236 16 212 238 81 184 2 6 37 25 234 4 0 106 205
    198 222 35 200 78 210 120 26 30 175 82 213 225 10 1 145 79 91 123
    133 251 7 47 120 66 238 33 130 97 38 64 59 76 26 105 7 220 59 111 65
    116 5 249 109 146 37 195 17 86 102 185 66 167 179 52 222 25 186 85
    78 243 2 242 17 46 136 91 184 39 0 246 189 75 104 10 18 28 109 103
    197 171 163 158 192 51 152 255 141 27 11 46 251 85 164 111 11 150 22
    103 91 245 223 195 89 46 254 47 15 176 178 137 155 204 75 133 219 33
    194 140 253 114 212 144 233 63 134 189 207 69 190 80 92 194 39 42 73
    125 167 72 59 20 214 81 0 218 40 101 241 42 66 181 202 127 152 22
    230 22 219 173 13 43 237 12 222 255 179 17 191 205 37 97 122 168 54
    37 248 111 132 155 191 113 151 60 176 28 183 139 199 229 80 15 174
    234 121 189 58 158 48 236 234 161 25 223 195 101 61 14 24 117 21 24
    36 220 213 91 112 69 179 110 203 240 120 150 36 253 37 251 166 58 39
    62 58 121 155 203 200 142 127 85 72 243 219 83 154 22 77 71 68 71
    248 169 27 106 34 86 243 48 216 149 19 141 179 60 86 101 141 127 178
    47 189 36 68 66 84 65 162 65 71 117 136 3 98 121 205 204 99 181 130
    72 65 34 55 179 122 13 182 254 217 125 34 137 224 67 106 217 53 165
    129 207 22 186 211 16 23 192 222 109 201 172 246 12 67 121 118 142
    185 210 148 45 248 209 250 242 21 145 58 149 244 238 46 114 58 97
    255 90 122 247 146 220 1 199 181 226 72 38 51 238 10 146 93 29 56 26
    148 220 13 153 46 180 176 24 27 39 82 200 164 67 235 119 1 64 246
    241 219 125 231 218 196 18 62 30 61 253 48 130 138 26 47 143 35 25
    80 133 16 154 79 209 67 207 230 224 110 242 160 191 228 74 51 205
    129 118 230 225 153 3 144 219 227 128 186 58 189 178 231 223 220 73
    162 166 99 220 42 107 211 94 218 136 192 91 12 241 11 68 236 74 156
    145 255 155 36 115 86 43 182 160 9 237 177 35 87 2 173 220 159 240
    175 132 109 33 12 78 254 192 228 15 124 215 194 239 63 233 222 237
    234 151 233 213 251 68 32 170 55 5 36 17 188 219 238 206 228 108 49
    184 156 14 209 195 1 99 210 233 101 67 163 145 23 102 9 36 182 26
    188 255 67 116 105 193 184 255 142 210 152 49 80 112 81 98 230 166
    101 169 221 179 116 47 222 232 196 251 254 192 101 136 95 220 66 48
    124 177 122 133 116 155 190 165 77 215 139 82 162 224 101 130 64 85
    195 5 162 15 204 60 55 234 120 24 8 40 202 221 110 218 19 137 161
    211 99 48 208 179 73 16 110 38 135 18 238 120 1 18 244 70 92 170 2 4
    141 62 110 129 192 139 21 177 76 142 165 33 42 171 235 166 64 164 92
    152 227 204 192 212 186 66 96 198 129 253 165 99 30 41 162 48 40 175
    63 43 30 114 58 91 66 118 188 121 206 89 205 5 22 227 126 195 163
    191 208 236 54 217 243 200 191 58 117 208 163 36 43 186 198 165 28
    171 222 239 123 19 132 87 42 110 145 90 224 41 124 232 76 146 254
    190 8 244 170 106 148 136 58 206 134 151 246 20 188 129 48 16 238
    216 168 133 45 131 193 134 43 49 249 122 131 97 1 112 166 82 64 71
    159 126 240 59 172 99 149 206 193 58 213 56 200 205 223 227 49 5 167
    14 128 98 144 197 205 198 112 217 100 213 80 95 95 25 37 50 52 163
    17 241 35 215 57 247 18 183 214 201 255 91 90 88 61 48 150 212 236
    226 53 175 39 67 22 245 102 74 87 39 86 154 242 87 35 151 121 178
    155 60 24 109 112 74 153 97 66 182 32 83 44 79 165 14 126 97 131 236
    247 77 11 40 237 102 186 76 16 138 61 40 228 39 35 35 94 79 238 207
    143 53 53 2 144 189 157 41 118 47 12 201 42 154 57 183 101 217 41
    210 90 184 60 110 185 149 156 35 105 130 113 109 117 53 61 30 46 101
    252 195 88 134 161 214 99 80 248 230 204 11 72 141 79 24 142 200 231
    70 101 213 33 106 180 125 117 219 36 147 106 184 255 211 188 85 20
    205 241 69 203 230 208 104 42 21 50 153 46 101 30 165 228 48 49 63
    73 105 14 6 197 164 133 173 148 20 75 224 107 120 148 228 93 90 51
    124 66 236 126 232 206 64 1 183 26 184 66 6 232 197 169 59 65 162 84
    118 31 183 231 121 0 110 62 234 149 244 48 211 94 167 80 154 93 155
    205 68 82 96 164 28 238 176 145 22 36 72 117 111 100 119 57 108 198
    140 27 33 104 137 48 208 6 121 187 151 213 157 124 207 102 184 117
    14 211 190 54 17 114 114 78 180 40 160 234 26 16 197 202 161 238 215
    42 213 177 247 163 53 28 105 118 188 38 15 46 89 92 169 195 140 27
    229 65 78 187 202 81 156 190 114 128 20 108 230 187 93 235 70 232
    187 231 226 57 161 149 189 18 4 65 6 15 4 99 139 243 125 49 74 183
    83 155 247 11 91 108 231 139 151 65 241 211 241 201 157 135 82 72 23
    73 34 249 144 155 101 136 64 170 39 89 250 154 103 60 243 59 245 22
    126 163 35 31 59 94 227 97 129 187 9 55 38 182 143 101 209 221 198
    99 71 219 119 62 51 97 181 233 20 25 205 213 254 74 67 25 104 200
    118 86 12 126 59 122 75 11 222 192 247 87 7 77 217 208 29 130 77 67
    7 133 1 130 111 167 125 112 224 32 11 55 101 125 91 248 211 93 76
    254 80 99 7 231 49 195 250 200 82 239 94 52 195 191 84 218 21 214 61
    153 233 164 23 193 255 100 163 145 61 70 112 126 199 174 201 73 93
    219 12 38 33 47 198 208 174 122 252 129 254 195 147 66 49 168 31 136
    231 38 230 171 105 57 226 150 238 94 146 224 245 66 80 223 111 195
    23 111 89 155 95 0 162 3 113 219 126 128 12 28 38 144 251 113 228 97
    31 33 142 235 184 211 234 183 97 112 192 61 214 237 49 39 122 195
    120 234 158 227 87 77 248 9 182 249 190 150 255 37 124 139 47 110
    122 105 41 73 56 164 71 111 221 77 8 254 102 118 187 207 188 3 141
    133 139 227 168 148 107 81 78 71 176 250 8 84 156 97 193 55 171 165
    46 109 102 190 9 241 49 27 253 67 3 34 51 156 13 133 209 104 120 111
    78 12 178 175 88 228 0 187 37 240 94 194 56 219 5 245 99 81 69 197
    120 206 37 96 233 119 38 47 159 56 115 79 21 164 63 206 195 210 38
    177 6 93 3 125 128 109 94 143 79 253 194 137 222 107 11 51 89 18 98
    138 136 214 83 66 194 62 230 20 179 29 83 125 137 155 12 213 15 155
    226 170 201 210 26 206 241 204 188 169 243 56 205 83 41 32 112 179
    178 171 43 82 31 152 233 119 20 149 67 204 6 139 126 161 79 204 66
    11 99 27 170 177 150 218 132 105 252 83 235 70 30 144 2 248 225 195
    252 121 251 141 126 160 246 174 233 196 99 78 246 9 13 124 63 149
    234 242 79 138 173 111 96 90 68 246 166 108 138 183 33 162 21 47 158
    163 165 196 198 27 73 62 20 207 3 25 199 17 141 5 255 136 157 5 12 0
    69 232 31 165 28 106 24 203 214 196 0 61 188 98 194 51 210 104 50
    217 182 110 96 104 22 82 253 191 57 250 68 95 93 194 169 235 222 247
    16 36 233 86 173 236 90 222 177 133 238 3 152 207 50 155 172 238 123
    16 95 125 247 132 205 198 131 217 206 184 106 122 55 102 66 235 205
    245 93 196 98 116 79 251 10 23 166 221 234 246 142 50 22 235 151 141
    205 180 73 163 233 145 141 129 144 163 163 13 240 76 182 14 96 184
    41 143 214 146 210 39 160 91 128 250 185 78 112 31 125 253 69 51 243
    210 2 170 30 182 53 63 255 139 197 195 15 196 231 195 143 78 104 205
    88 102 158 247 173 239 155 36 175 6 121 63 144 16 225 152 112 75 47
    211 243 36 213 46 234 133 52 142 130 205 214 175 191 100 193 252 111
    109 8 39 80 34 17 52 81 27 122 192 195 225 193 32 152 45 132 115 8
    127 247 56 179 180 199 98 0 38 249 45 106 104 55 223 13 209 53 180
    166 35 154 188 247 87 105 62 21 250 206 209 27 101 124 92 109 217 14
    141 153 13 44 180 213 2 107 44 10 197 104 215 167 58 211 70 134 180
    234 123 112 9 163 28 245 187 190 117 234 30 51 17 183 160 183 46 85
    212 9 188 70 159 183 235 152 95 86 240 157 195 83 117 250 137 157 30
    70 68 207 180 3 239 105 242 54 14 164 216 129 21 68 162 254 75 205
    191 73 84 68 67 50 229 56 61 114 35 100 125 44 191 10 4 54 138 197
    117 132 177 95 85 57 130 19 89 198 248 239 156 38 62 175 77 65 116
    106 129 237 173 113 24 37 158 133 205 94 170 47 142 68 86 45 193 112
    12 191 184 214 140 41 100 230 20 231 166 101 208 214 55 161 98 175 3
    164 10 195 107 138 167 170 36 99 138 234 192 90 23 153 86 238 177 59
    64 25 189 175 69 227 201 110 174 67 44 215 130 241 39 41 200 221 154
    61 135 228 241 199 17 106 201 155 238 142 245 77 227 80 129 85 236
    33 203 116 123 9 12 169 187 229 98 166 29 203 180 226 100 39 24 123
    223 124 160 147 112 254 205 14 244 70 41 234 112 90 116 0 220 207 38
    168 4 7 123 219 31 14 144 99 50 17 141 239 154 54 3 245 16 169 111
    88 26 146 69 171 125 212 95 18 205 113 195 207 140 27 233 93 48 255
    174 1 67 155 102 101 140 235 43 195 91 217 150 149 14 142 154 144 27
    35 122 129 166 87 55 162 164 255 118 156 177 47 44 136 98 85 116 52
    150 193 186 128 127 65 240 102 66 119 204 145 250 106 43 113 5 9 249
    70 76 94 48 146 115 230 225 131 77 135 1 47 223 142 56 209 88 240
    235 105 180 3 180 145 232 139 121 254 81 166 60 173 15 148 99 149
    167 59 212 247 65 94 82 200 111 200 252 199 106 38 245 46 228 228
    114 137 158 58 166 46 92 186 84 29 86 113 65 19 24 7 254 95 73 185
    62 14 96 83 39 126 49 172 55 181 42 2 40 238 66 33 119 174 168 140
    179 232 152 17 239 140 105 6 52 107 129 89 4 35 135 83 124 115 153
    90 86 15 43 190 12 242 161 130 126 229 74 164 204 235 91 106 72 86
    76 250 2 153 52 175 72 173 111 185 196 242 253 124 191 97 219 104
    126 164 148 126 43 164 27 94 149 97 229 230 17 131 159 112 249 19 1
    175 134 124 65 208 141 15 101 148 211 35 156 22 151 164 199 12 199
    174 136 147 75 90 75 118 245 120 98 50 90 194 160 155 107 68 114 116
    58 82 43 210 183 43 175 211 198 123 150 216 22 132 190 186 151 19
    247 155 253 245 121 115 1 108 101 229 7 89 244 42 156 60 37 187 23
    11 240 233 45 189 205 175 20 66 31 119 177 39 45 11 181 198 47 150
    245 68 23 161 237 232 129 44 28 46 176 128 238 127 195 204 27 147
    120 34 81 71 206 27 175 115 255 1 114 233 190 248 40 43 186 112 237
    176 4 182 126 211 61 124 228 153 183 143 18 215 69 213 145 207 177
    63 182 165 182 155 151 225 197 12 159 179 32 105 100 93 65 9 162 7
    57 229 119 143 5 220 193 160 67 51 3 200 169 132 83 46 110 41 28 59
    74 137 29 34 211 229 198 115 181 162 167 136 115 179 72 253 60 183
    13 24 17 129 198 107 219 219 44 76 34 68 46 254 210 32 100 208 237
    63 196 86 81 191 202 101 245 101 250 66 47 88 54 69 36 199 189 52
    252 123 102 152 222 51 28 108 246 228 147 136 159 42 178 152 64 62 3
    231 181 150 5 45 140 57 15 58 67 243 245 28 147 137 120 60 34 168 43
    89 169 117 187 232 184 82 226 152 87 157 203 251 96 229 118 40 178
    174 36 246 19 220 8 98 59 109 209 192 156 240 1 238 11 90 126 29 20
    149 67 187 132 67 208 159 167 133 82 251 2 33 251 1 24 60 199 52 124
    102 217 39 130 8 210 44 71 20 33 40 11 209 17 77 189 102 40 39 24
    114 142 210 142 146 144 201 150 196 114 53 101 166 225 236 79 249
    216 130 116 138 9 205 17 220 88 164 118 46 150 47 64 57 62 78 225 65
    119 99 213 60 97 123 248 231 49 29 72 183 84 62 28 148 55 41 156 29
    200 233 50 136 160 22 84 103 242 205 123 163 10 173 59 198 157 10 62
    182 36 6 101 145 118 99 231 210 171 98 136 15 146 92 21 22 221 11
    160 102 28 23 164 255 172 47 193 164 99 163 53 120 85 156 104 45 79
    180 7 128 216 45 129 14 138 124 21 138 52 247 6 24 99 197 145 93 91
    177 176 153 216 128 158 125 49 202 53 190 86 128 42 239 14 122 231
    100 220 146 156 246 214 10 230 212 145 236 251 48 36 226 117 212 135
    239 106 153 141 94 14 225 56 205 152 202 99 81 90 156 168 167 211
    188 31 186 16 212 196 13 94 77 31 12 224 117 160 187 23 142 187 111
    42 89 225 218 172 21 248 191 59 221 166 57 159 82 191 27 230 163 117
    167 215 143 124 73 233 48 202 90 136 225 105 197 147 193 220 64 168
    220 23 178 130 129 129 123 156 139 213 99 53 210 124 110 126 76 5 10
    6 254 239 190 132 219 205 161 43 100 146 140 152 7 241 5 99 179 18
    24 215 66 58 63 24 213 96 210 124 179 104 152 127 220 5 137 145 228
    139 125 185 155 105 61 166 59 158 65 23 10 167 122 2 211 183 102 105
    52 54 110 126 42 213 69 172 47 164 25 92 44 229 29 26 183 156 238
    243 158 81 73 192 20 216 218 239 72 208 126 71 202 95 207 191 136
    105 47 56 89 26 34 250 29 74 232 223 219 148 166 78 223 159 88 246
    99 85 111 145 219 120 158 150 240 70 218 157 185 101 20 27 188 14
    188 203 98 190 145 137 51 246 255 75 132 151 41 120 14 191 102 58 13
    236 221 12 121 62 201 58 254 103 70 195 181 204 122 187 175 140 221
    69 230 141 237 68 211 105 129 142 213 237 190 82 209 80 10 123 144
    110 84 119 14 119 206 124 153 103 68 8 104 33 106 246 116 214 172
    171 87 16 47 161 26 58 11 115 201 211 155 238 104 93 3 219 227 231
    58 127 234 84 56 141 128 96 0 94 194 206 198 25 134 189 158 16 110
    51 119 150 100 113 187 65 70 213 176 103 36 67 90 251 165 134 230
    131 241 190 107 59 157 163 67 242 156 50 44 52 247 208 157 160 189
    106 90 53 203 233 18 5 58 112 216 231 94 100 12 149 89 90 65 65 108
    219 237 214 18 206 0 64 244 166 146 198 31 130 103 44 220 78 141 145
    77 109 55 8 125 250 134 204 150 218 222 244 220 242 123 160 237 21
    91 5 31 82 252 7 241 194 111 38 39 58 206 49 191 35 106 239 208 95
    69 106 127 72 29 247 247 118 124 64 176 184 72 37 180 209 27 198 68
    123 162 158 75 29 220 253 179 212 54 129 192 159 158 246 9 154 134
    199 142 58 49 104 22 0 255 213 2 0 114 179 180 202 118 216 132 101
    86 85 129 176 6 108 169 155 4 137 7 170 184 145 54 189 142 63 165 63
    88 28 118 79 76 251 242 62 60 77 110 49 240 49 252 244 118 219 40 19
    212 45 18 204 90 25 47 186 85 239 174 175 128 242 217 117 223 240 39
    59 221 246 222 130 177 114 237 103 144 84 24 19 96 192 222 219 11
    240 60 37 172 220 32 149 170 99 15 155 50 101 151 201 71 151 183 89
    14 242 161 70 253 239 96 219 141 150 89 122 185 162 39 230 116 251
    165 11 247 16 117 197 153 220 54 124 156 21 149 82 91 19 6 203 32
    210 50 131 10 189 254 65 55 248 189 203 128 21 241 9 8 210 205 174
    81 79 223 229 232 23 215 252 201 230 166 143 195 184 106 160 215 225
    232 116 182 18 231 23 111 170 107 167 147 90 156 189 29 36 169 51
    182 10 148 32 181 114 207 170 123 245 152 151 15 106 208 73 176 168
    218 175 119 212 170 184 232 175 166 130 95 206 180 77 176 160 241 68
    91 188 62 121 91 178 138 196 94 244 91 210 159 236 208 184 244 229
    200 18 173 127 10 23 60 41 147 11 135 176 205 184 233 135 191 7 58
    111 150 60 16 61 173 33 214 78 18 17 45 0 134 150 61 95 238 102 195
    100 30 78 93 193 244 229 242 77 250 155 248 172 119 97 36 196 217
    126 33 167 187 174 247 168 23 249 85 44 126 103 50 51 138 8 254 48
    220 52 213 34 86 94 107 33 131 28 158 124 219 15 217 15 76 86 89 23
    225 246 238 97 104 251 209 12 236 200 252 177 103 181 21 212 187 223
    241 198 110 153 166 83 135 27 213 196 69 99 79 249 244 190 87 117
    176 116 20 212 218 173 6 219 163 108 204 233 42 251 128 168 164 250
    56 216 167 226 233 172 1 44 143 148 16 127 136 159 246 161 119 89 3
    49 140 136 18 31 237 218 130 203 30 218 58 36 49 71 97 175 183 182
    133 152 231 145 252 147 241 84 10 184 42 214 16 30 172 47 72 198 247
    33 189 33 78 223 149 217 140 118 31 26 219 213 133 207 63 254 39 191
    218 84 160 81 157 177 23 252 94 47 103 31 24 147 240 205 94 195 163
    165 11 8 201 184 19 58 75 57 127 30 67 186 230 93 58 252 26 193 208
    12 237 151 209 228 168 253 176 5 216 147 61 181 237 44 65 140 192
    239 254 4 83 123 238 80 44 31 71 41 48 77 36 184 139 178 27 226 96
    125 230 213 1 215 95 51 249 8 143 194 121 53 39 137 227 158 167 162
    97 239 218 179 227 132 185 47 58 154 232 229 30 254 71 65 196 201
    105 220 206 149 178 75 208 146 87 72 124 235 201 155 155 230 158 133
    36 34 154 42 155 70 168 13 139 144 85 77 134 204 176 99 60 217 247
    179 141 165 32 215 146 168 131 11 88 240 223 25 153 208 131 13 238
    169 143 39 11 184 0 137 181 105 69 186 138 190 252 254 240 44 38 252
    206 140 50 35 135 148 162 23 189 177 36 67 108 98 153 188 104 200
    189 200 30 86 101 4 175 133 78 96 231 39 24 147 28 206 156 13 154
    179 92 147 138 216 44 11 52 30 90 80 42 128 213 214 41 114 40 125
    106 86 37 40 28 138 84 111 78 10 52 213 107 135 165 105 184 223 233
    237 251 104 97 113 33 164 225 253 211 156 90 247 253 44 78 170 205
    159 147 252 183 107 41 133 0 135 60 247 15 95 179 202 233 93 53 37
    193 186 77 176 11 216 213 3 175 165 146 86 61 66 150 105 120 173 114
    244 174 227 123 60 163 205 192 202 210 15 210 56 77 207 157 141 3
    113 97 98 144 132 147 199 37 159 221 86 97 217 214 220 27 53 144 129
    243 84 247 227 141 18 244 90 221 76 120 246 219 110 2 129 249 150
    221 89 161 125 107 16 216 21 140 111 242 148 255 55 62 187 78 138 70
    192 11 52 2 25 41 59 95 5 61 126 240 104 53 27 111 72 37 133 170 59
    43 20 127 40 182 97 52 146 150 85 228 122 248 75 181 7 86 128 169
    210 141 207 227 179 11 0 37 152 39 125 156 153 136 124 165 172 126
    23 13 184 20 181 5 192 247 15 166 87 195 55 167 148 220 41 20 111 70
    131 68 32 57 60 98 75 190 193 113 24 26 224 57 249 39 16 7 140 72
    125 204 230 95 64 241 52 177 127 129 28 33 66 86 73 227 218 180 146
    135 14 177 184 149 77 5 153 235 231 249 41 216 246 170 151 217 169
    255 49 91 186 37 106 91 134 107 241 111 69 124 162 90 148 33 240 57
    56 101 173 27 58 149 225 131 179 22 162 103 23 76 12 57 223 140 15
    98 133 199 72 194 109 146 210 12 158 123 19 76 206 24 226 9 7 88 228
    198 196 159 68 142 18 126 145 10 104 151 211 173 22 178 168 170 218
    123 111 179 147 210 99 111 148 128 130 220 111 138 66 133 82 91 72
    95 62 188 139 30 143 4 233 250 38 105 173 174 80 170 25 134 62 213
    240 60 156 95 43 144 132 117 39 74 58 90 70 127 130 138 210 217 9 90
    51 111 157 228 67 231 3 237 135 16 196 115 247 81 28 23 179 82 217
    190 78 156 238 87 122 14 8 118 237 171 52 207 237 101 83 208 239 246
    237 217 50 114 159 160 11 73 6 77 112 87 245 173 123 227 166 251 47
    51 115 42 163 40 228 73 186 187 231 47 94 150 19 39 24 148 128 89
    139 183 23 16 42 165 231 246 130 167 220 158 155 91 209 161 23 157
    204 149 196 233 81 136 37 61 25 249 205 205 237 229 210 113 225 32
    13 246 119 201 249 45 236 135 141 47 166 240 192 214 98 122 144 55
    133 195 86 233 206 202 156 214 20 106 133 95 221 232 68 158 47 117
    194 151 156 178 244 24 47 67 47 66 189 7 152 5 180 144 159 66 27 237
    233 80 71 199 20 98 87 228 207 254 129 250 241 49 252 40 43 28 101
    214 251 48 43 56 235 3 77 235 253 199 210 206 169 133 2 203 58 251
    239 76 233 243 169 151 77 42 233 174 203 159 124 148 245 238 59 163
    124 147 8 68 60 49 45 3 167 71 139 25 146 242 83 73 70 48 201 142
    192 111 220 89 4 223 137 204 109 14 193 103 93 236 73 161 66 233 202
    138 37 47 199 215 11 22 181 109 153 128 140 54 87 200 65 191 168 22
    90 179 210 239 22 229 181 66 61 244 171 139 226 219 222 103 201 38
    204 209 228 219 41 205 226 122 57 252 133 140 85 9 247 14 0 212 113
    74 160 77 241 39 112 156 2 67 105 19 229 198 55 124 70 27 70 73 50
    237 247 247 249 168 197 166 116 120 205 177 99 87 224 13 233 197 86
    98 86 154 184 223 123 178 107 203 76 196 113 133 19 194 81 233 135
    46 83 103 171 255 183 81 51 72 86 80 145 6 22 253 235 206 252 202
    223 246 37 59 233 12 172 139 124 8 105 28 186 138 87 120 83 34 100
    253 187 10 79 238 58 123 249 161 79 210 195 56 134 142 125 216 31 37
    11 29 239 172 90 110 71 43 102 147 79 80 54 30 46 41 142 9 167 126
    24 41 25 157 76 16 153 181 191 76 83 132 44 27 9 253 194 137 2 56 9
    225 124 247 25 153 110 69 117 231 171 80 247 158 88 50 99 60 243 241
    38 246 9 121 114 218 141 226 48 61 114 92 13 120 161 52 170 70 148
    252 9 245 253 123 3 60 211 7 247 57 111 35 204 90 34 249 51 246 4 31
    202 78 139 17 159 174 179 192 155 155 176 21 253 204 21 83 123 78
    107 76 229 82 97 68 242 171 81 215 41 132 140 1 147 115 124 117 244
    222 59 146 146 184 136 141 255 224 115 208 42 229 137 228 196 16 124
    32 3 160 46 29 118 164 240 147 98 115 86 188 154 40 147 174 238 133
    251 158 98 14 122 169 250 124 157 230 77 14 19 11 46 227 244 90 39
    67 123 196 14 118 149 254 242 21 120 26 24 69 155 70 254 221 91 40
    98 204 105 16 27 223 108 241 111 182 23 168 169 76 232 19 52 241 79
    213 42 128 128 14 129 130 197 75 111 15 254 122 174 160 175 171 218
    35 22 50 209 90 221 45 185 56 197 102 108 141 164 162 118 203 90 206
    7 67 252 43 142 96 154 84 148 244 247 126 10 74 187 187 119 103 136
    38 24 251 171 181 165 197 23 203 76 30 35 76 220 227 187 103 11 218
    109 51 138 121 233 50 141 68 244 17 103 253 30 210 125 207 246 102
    72 126 102 107 100 94 103 12 4 62 76 248 213 45 249 93 56 128 167
    152 68 83 9 230 37 157 84 137 102 112 64 121 44 207 65 166 95 142 24
    3 237 55 158 80 108 100 34 180 133 236 238 250 161 151 53 238 75 198
    175 67 43 166 0 250 56 41 129 210 10 204 50 131 140 21 123 119 100
    173 209 176 75 68 183 253 232 147 125 234 122 219 58 213 172 119 150
    45 81 1 66 218 195 109 58 4 147 174 93 129 23 81 114 170 30 217 238
    151 205 7 246 112 230 149 104 165 202 28 50 9 214 131 51 35 36 187
    147 22 107 218 34 19 144 157 13 184 50 88 117 205 37 139 121 62 64
    75 230 78 97 231 109 229 226 46 39 172 200 129 194 56 122 255 241
    198 81 164 80 161 45 112 140 37 50 217 94 150 182 42 106 149 8 43 69
    73 159 158 51 132 68 213 137 120 43 94 202 222 213 173 202 63 138 94
    154 214 89 51 105 70 19 27 249 25 158 192 39 175 192 96 28 199 164
    232 159 57 38 77 167 248 128 227 153 109 27 7 157 184 184 239 206 65
    35 90 23 138 251 209 50 195 75 21 222 161 95 102 167 215 157 245 120
    255 238 223 119 28 215 56 150 27 217 138 93 140 46 179 128 38 161 41
    193 118 112 25 154 178 46 214 147 199 117 169 29 234 166 127 4 107
    133 226 106 8 94 35 72 168 172 92 202 68 214 175 65 3 141 178 239 95
    70 241 68 253 206 116 65 27 187 185 5 165 29 187 127 160 79 238 130
    110 225 86 90 188 160 155 169 15 132 27 213 54 184 78 163 66 128 65
    70 150 58 195 49 105 37 83 112 39 132 207 167 174 154 187 136 207
    233 177 39 0 200 230 240 164 254 217 6 38 150 244 5 120 112 157 155
    163 55 243 233 68 66 8 98 235 109 140 23 86 114 227 77 131 152 25
    138 252 61 191 6 81 221 95 31 227 231 206 65 255 122 11 173 250 38
    149 191 176 43 58 153 117 178 66 117 125 130 255 54 139 21 234 155
    255 188 3 200 193 94 46 100 238 123 232 227 66 155 185 63 5 61 138
    70 239 230 5 81 194 212 193 19 24 29 41 85 100 21 236 181 39 108 175
    221 185 14 176 149 239 242 17 157 214 136 158 245 226 97 22 124 109
    158 134 117 153 191 173 179 12 42 128 6 90 23 117 120 78 124 14 242
    21 71 164 170 115 221 204 242 204 132 106 66 217 168 42 3 9 38 197
    164 165 19 178 196 141 92 240 217 117 91 158 148 178 161 175 184 5
    92 80 237 130 102 12 137 207 226 62 54 119 219 1 78 213 241 212 66
    144 238 230 28 41 216 133 229 184 43 240 191 83 91 36 65 245 218 73
    54 49 166 5 40 53 110 49 82 241 46 103 241 35 69 50 170 160 247 103
    236 113 99 61 6 89 214 232 209 85 206 240 59 122 119 171 97 26 248
    12 241 189 9 144 11 46 184 167 142 39 98 79 93 105 183 253 209 210
    198 41 135 143 194 212 152 196 214 207 43 159 35 156 100 93 18 125
    70 125 218 111 29 185 125 250 136 205 25 122 125 112 221 6 149 246
    80 36 242 120 216 199 77 188 255 219 194 82 141 46 11 121 154 155
    100 106 177 111 97 0 147 158 186 13 18 135 40 35 143 108 143 198 2
    130 222 153 91 245 1 190 201 109 144 76 136 246 208 76 213 24 55 133
    74 203 169 65 11 235 163 114 142 46 174 157 239 233 235 248 77 88
    103 167 253 102 132 197 159 109 152 253 250 240 2 156 149 140 190
    174 89 151 195 11 42 49 134 57 242 141 255 248 91 95 54 36 73 35 218
    1 159 63 63 248 202 192 255 217 32 99 252 125 75 252 118 190 207 141
    215 172 118 4 230 66 231 107 91 161 213 240 4 63 198 75 55 152 163
    235 76 7 69 127 217 128 185 250 197 85 228 240 42 82 179 156 30 76
    182 73 134 23 229 195 90 151 128 32 120 39 170 44 136 145 245 161
    179 17 174 210 101 215 65 5 253 25 7 81 201 240 175 107 31 20 7 135
    110 225 28 103 197 162 80 191 20 13 145 242 82 187 42 227 105 155
    130 218 248 81 84 222 235 188 234 138 90 254 167 49 11 138 200 54 99
    175 19 130 36 249 20 248 122 238 41 123 66 61 116 215 146 8 232 216
    1 192 60 145 92 96 53 53 189 39 212 27 116 134 195 52 1 135 42 62
    210 35 72 68 129 51 162 13 233 176 54 41 48 134 28 17 169 253 200 96
    60 34 33 183 251 54 39 226 248 167 37 97 24 116 195 204 130 89 164
    197 220 208 150 4 55 99 117 198 95 98 240 220 125 112 66 149 208 79
    27 35 50 224 219 163 147 62 163 44 111 222 165 76 102 207 25 148 240
    53 164 232 240 151 243 236 10 110 238 58 51 209 26 44 18 119 165 52
    7 131 181 243 181 39 137 240 244 186 149 121 207 22 114 242 21 25 31
    50 202 167 47 107 60 53 16 201 21 253 236 192 42 126 69 146 198 133
    236 13 166 85 138 76 172 30 225 109 88 173 52 208 15 24 77 212 6 83
    232 88 166 208 135 93 124 108 15 172 148 235 196 220 60 251 16 199
    110 114 171 33 224 191 14 24 211 139 141 253 14 78 219 140 237 93 18
    11 87 166 244 198 49 173 7 164 59 251 67 56 111 174 100 23 55 135 68
    133 245 224 47 90 251 234 99 63 104 245 255 112 208 75 247 199 145
    86 190 7 84 137 129 112 251 39 89 176 62 249 207 201 81 191 198 96
    224 61 98 244 112 138 188 33 10 103 114 185 244 228 125 168 63 12 86
    176 109 133 253 216 132 98 82 157 192 56 56 242 19 59 243 195 67 24
    232 147 131 1 244 38 246 46 200 184 49 254 74 166 40 143 121 56 154
    226 53 211 118 38 102 65 26 162 183 162 183 137 173 178 83 85 220
    224 124 201 75 18 184 242 113 149 27 150 86 244 11 178 254 176 174
    150 114 206 110 188 51 177 86 6 40 165 48 128 3 121 194 60 173 192
    112 192 90 222 104 92 94 94 216 204 162 130 176 79 62 20 236 59 62
    126 149 251 79 114 6 255 128 33 221 17 253 50 101 108 171 121 65 20
    234 193 205 30 245 130 65 66 250 208 93 156 98 182 64 65 219 159 206
    252 104 200 15 134 147 207 220 93 163 112 19 14 28 150 115 12 113 2
    27 78 24 218 225 156 42 78 207 175 49 239 202 141 171 166 248 3 50
    87 191 133 36 155 89 33 181 117 13 132 81 168 237 204 151 162 92 77
    185 183 96 234 118 157 95 72 17 131 242 192 188 61 134 81 164 210
    124 37 202 225 191 193 43 36 224 42 151 230 52 165 175 39 250 25 39
    97 99 173 148 165 61 254 110 232 255 140 59 74 126 50 0 138 227 196
    134 60 56 214 22 93 129 145 53 170 50 190 96 126 241 205 176 60 94
    65 104 95 43 54 86 108 146 93 106 235 78 117 83 52 242 19 27 164 224
    43 17 109 57 52 230 81 39 185 250 180 115 154 105 175 147 52 167 202
    55 163 35 150 161 205 143 220 66 254 89 94 128 96 247 212 246 207
    249 22 93 162 60 205 118 0 83 154 56 53 123 84 196 90 211 224 55 158
    131 12 18 222 224 116 53 61 58 169 193 170 83 251 162 160 230 205
    145 52 182 166 177 135 203 40 45 138 165 203 20 18 137 185 41 59 191
    217 160 228 90 112 221 249 125 160 243 24 227 254 163 185 243 238 8
    102 151 36 147 90 14 190 0 29 63 207 205 24 251 91 208 179 209 45
    136 124 28 252 214 243 43 111 139 77 39 157 121 227 136 127 81 170
    124 182 142 42 87 52 210 135 196 122 33 235 162 219 185 187 118 225
    18 22 191 248 1 172 16 86 174 207 160 12 212 220 223 173 238 133 143
    33 149 48 148 254 222 221 201 173 177 28 48 123 195 40 15 155 233 28
    205 82 79 80 229 249 154 228 191 12 237 129 32 25 224 199 51 43 86
    37 207 254 113 147 150 185 35 57 205 50 15 151 177 4 25 23 79 194
    213 197 185 24 85 212 154 146 65 65 14 75 14 250 243 6 79 147 117 1
    15 97 190 85 202 218 19 101 240 82 62 123 81 80 150 53 135 90 96 236
    205 160 245 193 221 109 114 160 229 187 109 98 156 122 228 248 51
    203 45 192 73 160 70 146 82 112 17 235 115 188 36 143 137 238 143
    120 85 84 100 85 119 115 92 176 18 222 90 169 138 221 224 130 103
    251 164 235 156 229 237 38 104 120 252 10 27 6 197 151 20 251 90 210
    229 252 190 35 243 168 153 205 92 122 109 74 80 223 175 97 102 37 23
    145 100 120 50 1 247 184 213 157 41 239 210 158 113 82 223 242 116
    150 109 53 81 55 135 201 142 224 106 114 96 147 98 99 219 191 107
    180 8 74 172 118 125 10 73 234 233 9 192 133 224 66 221 136 91 100
    84 224 189 88 56 197 40 219 144 70 178 114 128 52 54 30 155 167 36
    127 241 122 176 168 253 253 9 11 173 126 116 136 138 67 209 48 145
    165 147 168 122 90 209 20 182 124 169 221 85 56 211 72 153 37 231
    146 180 73 215 223 43 201 169 17 169 120 18 92 26 236 25 56 18 248
    255 218 130 167 195 61 29 3 200 16 116 43 12 25 67 121 25 209 101
    163 170 220 148 228 121 116 111 27 144 38 213 235 128 245 71 188 12
    249 240 125 217 178 65 188 196 135 66 120 234 91 228 108 144 79 171
    83 254 250 125 2 135 180 160 246 99 235 186 255 182 58 218 10 20 19
    1 140 144 147 221 254 136 40 236 252 100 239 131 229 35 109 154 187
    138 112 106 174 179 208 143 17 176 172 130 186 61 122 58 226 252 34
    110 85 45 124 57 133 206 25 47 233 7 89 180 189 19 141 81 186 195
    138 96 168 111 247 24 172 169 206 65 112 7 58 247 15 26 133 173 183
    63 181 33 72 42 5 7 47 109 245 141 200 46 47 226 230 19 208 225 107
    111 194 218 6 56 253 170 167 8 43 8 68 144 239 132 202 164 205 62 8
    140 97 185 219 84 213 105 239 103 207 95 252 90 189 117 163 167 129
    180 168 44 46 204 179 2 117 65 156 157 169 166 212 11 113 67 47 7
    199 68 53 171 132 53 158 5 33 34 98 24 62 192 153 74 17 151 64 214
    152 228 119 70 17 85 65 111 226 125 247 71 91 39 218 219 64 78 236
    16 94 148 111 34 46 66 71 34 79 254 22 224 254 0 237 227 162 6 116
    182 203 240 252 109 127 124 226 183 7 63 231 218 193 27 114 247 49
    241 245 107 157 46 228 22 21 134 68 28 253 19 229 7 147 0 90 4 137
    190 145 141 189 176 79 132 153 60 65 28 254 126 240 246 156 97 105
    18 214 67 183 141 250 13 233 123 104 218 116 33 229 51 199 118 58 18
    166 106 131 135 253 130 231 61 247 209 94 202 119 83 183 194 173 62
    247 22 16 41 74 68 19 255 251 9 49 16 98 71 229 44 213 51 97 252 67
    160 203 183 99 211 39 58 87 80 229 75 123 195 212 234 109 36 198 0
    215 213 94 26 192 163 15 157 50 12 194 148 50 218 231 226 18 173 254
    56 236 130 87 154 155 53 101 238 33 7 127 98 91 29 4 153 212 200 107
    82 238 179 109 71 67 228 92 94 142 201 167 245 10 36 243 0 250 164
    28 141 226 230 92 97 74 27 95 5 23 202 228 194 209 64 245 31 164 64
    18 64 235 114 15 119 20 234 1 206 248 82 249 55 159 2 160 13 154 251
    171 76 52 196 32 169 193 93 77 58 27 235 199 224 121 2 233 83 165 55
    207 16 166 124 150 165 227 247 59 55 183 64 164 226 106 17 10 202
    239 232 253 157 217 77 188 251 189 13 18 161 135 96 164 179 87 89 42
    187 220 218 208 162 249 254 110 210 34 229 25 186 15 187 12 104 238
    69 254 65 230 221 113 19 214 71 219 118 222 175 221 129 53 148 143
    152 61 51 230 202 80 117 194 58 233 195 103 162 86 176 34 160 131
    225 50 254 110 185 184 157 160 3 127 193 93 5 175 42 67 33 111 127
    102 84 21 53 219 243 37 99 26 6 40 235 242 155 119 186 48 173 145 62
    134 94 76 155 17 33 48 233 27 77 114 234 37 209 13 96 249 65 223 75
    230 9 168 30 49 102 145 183 183 81 252 33 242 68 128 253 219 32 47
    10 252 0 68 211 54 171 237 244 135 194 166 185 97 177 121 82 26 245
    63 155 181 240 168 157 80 204 198 168 225 157 89 217 239 141 151 155
    108 154 100 248 53 36 27 211 133 223 249 239 159 186 164 167 20 67
    113 30 248 113 218 129 82 158 40 246 154 170 233 54 158 132 180 156
    49 62 120 214 111 14 196 62 38 20 136 42 0 244 82 75 118 227 215 58
    138 135 122 92 163 95 57 67 154 94 4 155 202 121 215 119 149 125 140
    65 50 241 238 151 139 22 122 97 171 186 6 205 70 212 14 147 139 165
    182 78 157 255 246 168 231 32 119 106 205 187 18 191 99 97 12 236 84
    140 203 154 254 103 202 144 216 205 188 43 2 129 138 45 224 139 52
    49 110 138 110 214 196 8 163 240 235 81 238 74 209 15 194 115 215 64
    246 55 109 86 219 23 83 241 20 212 44 234 179 68 180 246 18 81 190
    140 16 217 114 107 115 226 216 15 155 46 138 8 239 202 238 116 203
    84 231 106 134 25 45 154 170 99 70 246 28 128 162 163 62 0 153 209
    211 236 1 25 56 247 213 51 195 94 254 243 209 57 214 82 245 234 195
    179 89 247 34 68 218 98 62 244 25 233 98 112 149 175 1 38 117 32 158
    29 201 142 96 200 170 211 44 35 63 42 192 62 39 38 117 83 4 69 199
    248 59 101 99 244 114 105 203 254 135 1 196 237 14 105 140 53 64 69
    31 181 139 188 173 105 72 66 139 14 27 232 68 226 41 4 51 209 242
    203 27 128 249 197 95 44 180 172 206 49 142 31 48 234 251 177 83 70
    209 159 246 244 99 143 17 2 39 117 11 254 141 46 91 249 25 89 157 3
    252 56 143 20 72 1 39 90 55 187 172 191 221 176 26 251 168 42 178
    121 157 170 76 218 98 28 159 183 110 84 255 115 253 112 193 78 99 83
    255 56 102 112 244 176 166 75 99 33 252 195 148 205 123 145 254 10
    207 68 212 156 236 18 129 184 201 120 132 255 83 44 68 90 181 109 2
    44 182 172 152 87 3 97 56 114 228 138 102 96 243 126 150 232 146 35
    65 76 180 59 198 61 6 237 18 110 193 233 199 254 101 91 113 44 41 97
    177 223 59 120 176 33 159 188 211 38 38 39 3 250 86 245 67 148 200
    204 34 181 145 227 139 61 176 134 205 168 145 20 28 244 6 199 108
    144 130 189 104 108 135 208 107 220 147 169 51 208 143 126 132 21 32
    216 52 139 201 127 98 36 21 98 184 52 238 97 149 251 21 138 102 117
    200 133 137 132 60 249 43 122 16 251 99 189 40 216 103 207 167 169
    37 236 184 41 77 27 43 190 108 81 166 145 216 202 248 99 152 163 142
    214 88 241 47 110 7 196 235 76 129 23 151 158 184 63 84 171 126 72 0
    206 170 152 49 181 162 252 146 75 135 109 3 151 108 151 255 62 151
    100 143 195 220 134 192 93 252 173 115 43 36 249 186 186 59 122 165
    243 233 244 83 116 127 78 153 236 226 80 103 81 34 168 93 223 154
    245 251 144 91 47 82 147 148 6 131 229 224 149 241 47 41 61 21 13
    204 38 16 173 129 56 134 58 141 151 169 184 235 246 174 232 43 138
    57 223 245 34 230 130 241 31 68 231 142 205 65 52 186 51 69 131 207
    162 39 1 3 244 190 119 10 96 174 123 24 65 136 10 189 95 86 215 12
    111 31 130 199 248 240 1 110 88 198 194 90 234 229 164 88 85 162 243
    215 236 231 43 72 251 208 228 80 53 162 130 129 32 135 81 37 164 69
    231 186 207 92 131 228 197 255 52 206 86 3 14 52 245 201 246 93 100
    25 131 89 163 1 171 172 219 67 58 134 6 194 217 72 61 148 45 32 30
    95 195 187 113 112 0 123 71 217 98 211 101 211 162 51 138 106 243
    166 58 13 190 193 247 23 181 35 48 138 0 87 121 60 230 63 99 56 134
    246 212 89 96 143 79 143 187 70 74 253 56 163 62 185 250 179 247 213
    247 65 111 84 189 9 33 166 85 40 114 19 40 150 18 206 64 189 126 3
    67 44 184 128 127 72 48 16 246 59 255 169 252 65 101 121 130 97 86
    232 226 59 203 223 110 242 3 228 231 77 254 128 16 168 4 51 149 12
    51 36 132 65 0 202 233 5 239 31 200 153 216 158 183 207 29 175 225
    11 144 94 25 183 103 244 132 199 181 74 156 212 190 29 4 59 131 176
    151 21 199 39 167 18 116 206 210 5 107 121 181 0 80 200 5 196 174
    189 16 177 27 214 233 95 110 221 71 177 93 119 132 34 106 36 34 183
    186 73 249 34 203 58 156 203 59 245 181 160 122 40 232 235 73 211
    150 192 118 204 83 117 235 106 35 89 68 73 86 151 111 138 224 133 24
    101 96 60 25 231 150 69 254 6 247 100 219 234 87 133 46 44 15 139
    137 179 77 61 175 31 7 223 153 93 11 7 181 242 144 196 68 59 229 212
    126 179 56 43 29 133 21 168 177 11 94 231 48 95 191 99 219 172 117
    180 116 136 16 161 194 222 244 82 38 159 163 77 163 171 187 153 216
    120 27 5 95 31 10 101 132 215 219 161 32 74 101 162 192 81 116 94 16
    199 226 103 253 8 95 154 185 154 48 123 11 224 244 124 240 151 95
    214 5 233 185 180 216 184 124 244 216 153 195 52 201 230 95 189 112
    76 160 50 208 23 6 255 53 49 186 222 76 119 165 31 161 211 73 101 53
    148 35 133 50 209 247 40 203 240 253 219 108 32 185 221 22 130 173
    176 155 212 129 42 33 20 195 3 166 216 190 171 114 146 188 167 189
    54 153 154 141 112 82 125 13 161 92 167 80 54 160 15 176 59 62 17
    247 119 250 252 116 195 174 156 65 198 70 35 131 250 93 25 62 190
    254 5 12 187 96 185 198 54 225 83 117 81 120 93 130 95 85 227 194
    180 230 176 15 20 27 105 233 225 12 183 220 47 33 216 110 192 115
    223 113 184 151 58 196 93 191 170 87 242 201 216 98 198 151 33 42
    246 252 149 44 53 253 19 120 73 186 250 62 133 154 61 112 186 244
    246 80 138 245 230 128 145 62 115 197 60 45 97 162 180 128 134 237
    150 251 200 244 136 242 99 105 51 97 137 33 81 112 180 41 28 26 240
    164 112 249 206 0 145 126 13 149 142 185 240 168 36 36 165 123 195
    93 28 26 27 171 65 112 248 17 179 36 9 5 213 199 6 61 18 72 216 139
    145 116 237 129 207 198 165 150 182 5 75 241 200 128 3 186 40 204 36
    250 37 229 156 178 13 216 106 213 52 175 32 24 49 77 200 225 5 154
    33 214 157 229 12 246 115 65 149 2 76 114 10 68 27 22 209 117 172 69
    87 80 43 246 237 26 188 174 251 157 204 184 200 186 76 11 181 158
    166 135 69 83 98 45 237 239 144 165 174 131 199 83 242 213 22 6 136
    247 108 121 140 228 90 146 14 178 34 50 241 168 148 79 215 210 16
    213 110 25 70 76 30 150 65 183 145 66 246 208 32 150 192 240 46 139
    22 158 196 103 124 158 50 213 133 79 104 108 170 93 76 203 73 75 42
    159 8 125 223 150 59 92 101 113 204 71 115 13 34 247 110 212 116 207
    80 4 111 15 238 166 221 225 196 237 191 61 76 188 180 224 109 247
    117 222 20 139 4 165 146 135 155 165 101 4 116 10 160 231 173 211 26
    231 224 143 23 247 210 116 202 11 250 199 95 224 82 138 8 64 78 117
    149 33 236 223 125 200 161 29 40 94 193 0 17 54 139 215 193 50 67 8
    144 217 195 149 135 84 60 169 44 82 127 23 237 146 176 164 73 141
    211 142 90 149 145 128 180 241 23 206 72 235 96 167 150 66 88 115
    101 241 107 248 203 140 70 34 116 21 15 222 140 135 171 74 223 7 232
    18 32 52 101 184 74 223 81 61 161 9 146 100 121 34 131 249 230 131
    193 138 46 234 31 121 225 194 174 202 93 136 4 227 215 198 87 10 114
    131 96 108 175 208 175 97 218 40 187 26 189 104 124 8 92 28 204 105
    245 78 207 51 52 194 132 94 149 90 83 101 49 44 156 47 97 131 129
    251 115 185 231 99 240 116 245 130 181 153 192 177 108 54 128 23 74
    124 0 49 66 127 21 119 15 25 208 103 58 23 253 173 234 162 207 247
    60 30 107 106 35 228 242 21 49 145 133 61 48 91 181 86 51 192 209
    177 129 99 39 24 165 255 50 78 225 238 225 159 63 28 104 171 84 237
    136 139 148 13 4 213 95 246 35 34 70 8 160 181 119 175 200 245 79
    224 26 92 139 149 147 167 250 111 30 109 201 132 132 105 9 108 206
    45 108 52 97 82 102 32 17 130 143 70 47 205 129 218 115 175 104 6
    190 44 33 37 162 57 146 96 51 59 223 148 43 154 207 123 143 196 172
    71 237 191 3 252 235 67 50 100 135 144 113 173 52 91 182 107 23 162
    97 52 205 141 155 97 83 94 40 168 167 164 33 43 228 193 38 162 97 4
    110 19 228 96 26 247 189 88 115 165 85 75 244 239 174 133 8 91 186
    149 137 56 22 147 83 203 163 137 98 252 21 184 91 131 12 67 174 51
    49 163 17 8 191 239 248 245 3 80 68 240 202 88 223 84 43 65 195 34
    127 142 182 225 151 112 51 165 48 136 150 48 133 158 142 192 248 123
    184 182 216 150 231 247 159 98 185 78 62 19 232 1 11 208 26 235 235
    172 14 106 70 210 66 235 228 194 255 253 17 197 154 142 172 238 190
    89 227 20 95 62 202 201 174 151 167 141 14 26 180 255 136 220 235 37
    205 254 236 174 93 28 4 237 119 249 164 149 213 110 10 55 124 146
    204 94 19 105 135 50 171 26 135 246 87 220 171 73 219 44 101 199 206
    44 162 99 138 204 182 243 64 34 209 156 235 132 127 90 127 127 72
    207 30 9 38 226 183 131 102 162 213 193 70 138 250 118 159 108 115
    28 218 230 4 246 39 47 180 156 139 150 112 30 20 253 199 6 27 58 31
    96 16 33 233 79 201 135 10 71 72 136 77 193 156 233 220 164 194 108
    207 55 9 26 198 184 89 66 36 42 239 171 39 234 214 179 184 125 69 49
    125 203 1 171 214 206 77 187 22 235 132 68 216 113 38 244 101 181 32
    238 37 215 9 92 89 92 155 23 238 88 239 75 32 221 51 16 174 174 12
    101 11 94 148 118 221 59 220 48 32 229 32 90 88 198 37 208 93 246 59
    36 154 184 88 29 117 211 227 53 151 184 236 179 169 167 12 124 73
    199 101 102 97 253 76 151 130 92 41 101 5 239 25 57 33 99 198 78 80
    229 147 96 116 150 136 50 112 236 183 143 74 97 47 158 205 45 13 173
    29 34 18 82 178 41 217 92 55 90 255 157 231 40 111 193 98 108 56 253
    164 182 207 13 65 234 167 165 239 237 137 19 174 103 219 208 204 203
    110 40 52 29 224 254 94 152 13 87 184 133 190 46 210 26 218 253 182
    102 230 121 249 137 172 105 23 17 149 124 231 223 144 102 118 85 231
    98 217 182 149 14 118 167 222 14 59 210 163 67 20 104 163 241 236 63
    37 224 189 228 146 110 49 156 16 92 111 187 85 88 90 34 109 156 93
    18 91 74 73 35 60 84 210 62 16 59 198 199 74 206 112 188 45 45 30 50
    68 27 117 13 61 1 116 150 210 106 18 48 40 4 155 75 45 96 31 219 46
    13 207 61 118 244 253 30 63 17 111 32 197 186 144 156 72 27 208 3
    239 225 56 175 116 204 27 253 48 86 157 253 179 135 187 107 83 189
    201 125 136 214 253 85 8 142 83 139 224 214 139 200 206 117 202 81
    53 100 162 205 169 203 115 37 50 139 71 220 60 57 63 27 4 74 250 142
    180 110 206 145 164 205 209 175 220 137 120 9 118 62 168 179 125 48
    243 204 76 180 58 194 20 197 118 15 9 101 31 37 124 80 130 59 207
    179 186 202 37 13 122 32 3 227 139 80 116 78 124 35 9 98 217 113 172
    132 7 126 59 122 84 137 112 20 77 191 180 243 165 84 207 42 136 142
    195 114 230 156 189 24 150 239 248 38 23 46 72 40 86 128 24 66 91 43
    208 26 123 252 98 160 104 187 198 239 15 37 92 178 206 35 35 41 161
    125 223 62 138 101 211 236 106 104 116 234 38 128 170 116 253 133
    236 186 31 34 115 71 137 188 149 115 98 146 194 206 9 75 105 184 8
    25 216 227 66 188 234 19 40 163 40 175 105 44 215 136 236 19 70 222
    34 96 55 212 221 211 63 36 126 238 153 34 230 217 102 197 74 37 112
    13 169 150 111 129 134 53 62 14 185 15 159 22 230 242 161 137 28 32
    204 173 128 12 191 70 148 196 84 97 71 130 91 154 185 195 207 160
    171 14 4 153 161 202 218 107 178 254 232 60 210 113 253 1 216 115
    169 196 215 18 129 250 103 187 241 92 244 55 46 246 134 188 158 252
    13 234 206 100 240 126 195 26 9 46 139 196 201 74 104 166 188 37 13
    179 214 105 189 30 108 246 158 124 65 127 228 185 151 245 250 97 83
    95 51 77 211 50 79 30 25 119 137 4 110 140 248 250 65 81 124 15 215
    59 165 152 179 191 133 237 173 147 110 41 70 13 85 55 10 248 219 73
    150 166 161 227 218 229 69 254 189 62 1 148 160 54 101 194 152 220
    249 188 248 148 251 71 253 145 184 186 245 21 187 246 167 163 40 113
    74 78 59 32 54 16 137 147 4 243 42 49 171 89 181 196 177 105 133 185
    130 247 100 16 19 31 142 60 181 110 36 113 147 254 127 83 186 25 87
    62 176 154 24 244 89 235 139 218 209 226 21 181 36 88 238 166 148
    103 219 241 103 130 236 202 237 91 140 45 76 155 34 11 48 181 71 213
    36 236 122 49 23 108 205 67 14 115 119 40 11 179 90 232 240 251 186
    5 9 13 29 234 166 140 242 83 213 204 189 99 190 32 115 93 38 82 163
    171 176 146 30 63 13 130 172 137 142 90 112 237 63 168 219 23 178
    145 101 54 59 58 64 201 124 244 75 100 235 141 47 88 133 214 212 203
    127 183 132 61 3 240 14 176 87 86 203 219 178 20 120 106 171 12 163
    245 120 80 152 211 29 83 204 38 111 104 114 225 37 141 203 109 253
    121 66 112 48 251 128 159 215 145 217 217 47 73 123 108 241 190 239
    71 159 243 181 100 4 18 53 142 231 115 175 196 141 123 108 96 15 6
    114 118 71 1 254 27 135 75 191 221 217 39 12 29 130 178 81 179 233
    54 98 147 130 203 76 166 118 220 156 197 254 208 175 147 140 71 211
    0 86 211 150 135 252 100 149 242 37 21 99 189 174 96 149 140 129 227
    85 151 54 74 104 157 48 117 208 160 84 37 234 212 82 180 50 9 92 77
    92 150 81 255 20 196 253 241 75 166 63 47 244 64 234 244 146 65 34
    178 6 153 31 181 26 151 160 112 27 106 190 143 135 11 85 242 136 182
    100 132 41 29 252 180 111 87 153 246 165 99 159 170 73 79 127 154
    158 251 13 37 21 132 141 108 90 0 181 244 74 202 158 61 114 116 240
    53 87 184 59 108 63 36 86 44 156 110 215 103 143 19 147 225 237 121
    50 109 171 191 48 61 119 141 255 122 255 235 79 245 122 218 105 16
    246 224 135 117 169 135 194 223 112 99 159 132 60 13 58 163 53 247
    193 181 83 206 128 232 198 16 128 195 66 147 173 251 250 190 140 223
    129 155 238 76 44 169 251 92 217 210 174 128 68 249 239 23 185 65 74
    113 5 131 14 160 247 9 83 97 17 153 23 65 104 24 173 44 86 38 234
    175 226 128 117 86 165 210 162 35 171 70 68 94 153 114 162 68 181 32
    186 71 158 163 4 111 105 144 228 186 178 58 69 94 103 211 112 11 101
    127 236 61 239 42 116 29 232 138 1 104 163 249 110 180 140 8 216 178
    107 168 42 241 208 133 142 178 20 180 93 111 145 12 95 244 66 234 63
    73 175 66 77 23 216 85 231 1 17 128 252 255 125 39 107 163 30 224
    115 154 5 160 12 174 148 174 97 125 62 97 135 171 23 115 188 133 199
    2 221 90 98 189 93 253 15 230 32 9 36 85 163 47 232 96 4 227 42 135
    239 86 108 249 26 214 189 19 100 33 123 1 173 196 121 215 250 59 211
    129 159 86 235 133 134 166 182 20 224 119 95 190 8 97 76 239 149 129
    21 60 50 237 171 205 6 80 3 143 229 236 254 38 157 110 155 202 114
    166 76 124 62 84 227 169 158 76 64 208 115 98 196 143 27 44 253 251
    96 2 1 78 69 223 240 249 108 178 95 255 123 247 175 118 0 44 125 182
    248 146 255 207 183 23 208 17 228 200 8 19 252 4 106 133 251 222 138
    162 86 132 204 150 110 52 243 121 43 13 20 218 128 241 182 161 15 91
    131 82 32 160 218 146 182 79 90 0 217 166 140 108 15 3 195 233 211
    13 193 61 162 239 126 195 31 82 97 222 57 146 195 77 196 24 220 182
    134 122 209 133 34 26 221 228 88 60 224 81 181 63 175 225 99 252 107
    235 5 204 8 212 89 206 195 160 81 128 246 205 114 212 20 7 27 46 192
    212 186 44 217 40 136 135 220 148 228 99 27 91 16 146 41 44 98 252
    100 151 164 246 124 46 83 95 110 73 234 99 174 151 14 128 62 235 239
    233 126 2 200 91 92 43 163 126 189 193 200 48 137 21 20 203 80 98 34
    231 126 132 250 201 11 113 42 80 147 94 241 200 182 129 234 44 222 7
    248 111 107 117 235 117 40 248 131 163 224 117 80 176 227 143 106
    161 18 2 165 127 196 61 52 91 167 170 240 82 128 112 239 110 162 147
    201 237 39 215 104 238 36 164 123 124 223 237 90 217 79 33 34 178
    253 193 109 181 119 150 78 10 199 37 122 202 221 29 89 67 159 24 195
    77 33 117 148 212 60 151 159 205 150 144 160 229 49 44 127 188 85 20
    202 193 90 137 118 199 234 234 208 90 138 227 3 152 131 33 44 120 80
    96 85 125 241 52 205 145 55 2 86 6 88 64 35 227 51 111 15 157 223
    116 106 188 255 164 137 234 69 215 165 189 37 130 36 64 44 2 196 54
    153 89 134 87 129 28 168 217 194 210 53 212 196 1 106 187 44 141 215
    109 6 161 148 185 137 159 17 149 183 37 15 82 181 57 196 48 21 62 25
    165 225 182 115 4 4 125 182 133 133 161 198 115 241 162 157 111 143
    167 191 83 105 49 182 147 253 239 70 108 187 73 20 96 36 186 82 79
    255 162 62 35 85 195 39 11 70 232 47 92 16 109 189 36 24 175 232 96
    108 185 85 63 152 106 155 63 42 172 29 79 194 70 193 220 69 31 96 4
    54 205 229 183 192 25 222 225 254 104 54 191 232 105 67 68 36 233 26
    70 1 61 68 167 163 50 124 43 248 136 191 186 33 87 166 124 92 244
    103 80 41 33 19 19 4 196 161 83 94 117 154 2 186 90 167 24 252 191
    235 52 117 46 96 179 11 140 213 45 128 80 38 44 244 221 146 134 6 20
    110 55 117 179 4 252 128 158 32 97 129 165 116 94 49 0 126 221 126
    88 166 64 206 22 131 136 185 181 83 114 100 111 115 75 200 108 15 79
    82 26 14 220 247 65 147 67 239 117 229 164 195 100 139 185 163 118
    77 123 17 166 241 147 92 162 105 8 45 166 4 210 75 79 173 133 78 155
    140 53 59 57 96 193 19 134 86 53 173 174 108 173 146 192 23 150 194
    53 128 136 11 76 22 166 222 57 90 255 20 214 151 204 213 186 66 188
    58 107 172 65 132 224 8 136 223 27 87 31 6 156 249 80 204 143 244 4
    223 93 227 22 30 13 222 248 234 10 83 248 197 166 97 33 199 161 151
    228 71 36 212 73 63 94 117 127 96 214 32 223 62 194 104 167 128 159
    214 194 184 170 231 126 230 251 73 140 122 162 247 95 70 239 145 55
    52 19 133 170 61 254 78 111 180 168 197 51 212 72 50 198 98 33 129
    174 110 253 67 168 237 189 243 116 153 153 118 204 50 64 24 80 10 93
    89 132 137 211 153 157 173 149 222 235 130 202 250 80 27 55 212 208
    72 153 197 63 54 31 56 43 231 80 100 160 202 143 246 233 0 161 123
    43 125 19 248 3 26 162 39 37 123 177 123 223 247 23 196 137 123 158
    109 61 148 213 110 120 13 251 233 187 71 6 54 168 66 230 59 128 8
    129 190 105 186 233 168 202 14 203 76 88 241 40 126 114 47 14 178 35
    215 75 8 181 196 111 45 92 52 6 200 60 38 49 101 250 59 112 64 13
    177 58 64 41 160 114 157 105 223 201 218 96 92 205 232 128 120 136
    18 24 203 46 9 110 2 63 193 28 61 96 28 183 26 173 56 3 18 165 30
    134 151 28 150 41 61 104 35 128 28 97 8 154 92 166 7 196 82 85 164
    67 22 254 175 94 32 97 36 219 86 27 173 227 46 212 0 181 246 37 48 8
    100 60 159 71 179 179 31 37 100 60 60 156 39 239 80 70 75 118 191 69
    187 112 222 204 0 120 240 47 53 231 118 44 12 90 150 36 234 90 196
    134 135 193 228 101 206 90 175 92 62 12 120 186 102 71 143 34 135
    179 33 217 18 148 122 155 234 39 9 45 231 75 38 102 94 81 94 110 37
    236 86 66 46 59 217 148 158 187 5 51 140 186 0 2 96 157 25 22 108
    121 109 129 135 203 61 251 233 65 218 17 173 192 252 253 58 73 69
    190 97 8 152 101 100 18 143 131 190 211 211 64 88 236 125 30 198 133
    214 139 122 85 104 69 64 246 193 207 213 160 220 252 251 254 178 232
    187 94 146 44 101 9 6 178 251 65 242 156 67 146 97 226 223 43 14 18
    255 134 236 222 239 21 181 127 144 157 139 202 216 227 169 169 203
    213 80 106 26 114 81 83 39 37 205 107 86 16 198 200 138 82 193 45
    162 45 32 79 145 10 36 224 102 64 232 15 206 95 110 242 190 86 123
    90 47 209 53 143 58 60 78 194 143 96 126 101 91 249 227 221 118 125
    38 188 30 83 59 67 250 184 75 204 229 5 54 58 208 186 218 59 167 123
    108 158 123 32 50 148 148 39 106 236 234 8 149 246 17 55 28 11 96 40
    178 76 87 201 248 222 6 23 93 10 197 112 60 186 235 85 128 72 89 230
    170 247 87 177 246 241 107 116 203 182 76 210 239 10 138 246 167 61
    94 8 120 195 177 168 216 104 46 184 206 154 25 213 74 70 42 149 154
    238 176 247 56 195 186 145 179 3 195 37 116 96 106 194 183 229 158
    252 250 238 154 221 35 127 246 134 189 118 77 161 108 240 84 21 183
    35 74 21 55 187 109 167 58 173 221 104 104 244 71 70 0 123 156 221
    170 233 212 180 10 85 106 110 28 57 219 187 92 104 156 182 139 138
    70 35 171 230 158 25 231 53 179 1 128 183 137 131 250 178 125 143 79
    167 51 242 234 98 78 175 162 93 196 27 68 166 190 170 110 229 103 75
    87 120 109 203 102 170 88 118 52 133 186 109 182 130 91 5 129 89 81
    126 66 92 187 104 44 54 187 170 184 145 166 107 202 123 179 96 178
    248 251 190 116 94 152 232 89 239 57 90 118 247 70 238 164 195 0 78
    200 207 27 68 181 131 76 152 141 242 130 141 217 213 76 7 108 42 84
    97 30 170 89 113 162 225 13 102 12 100 149 63 243 67 113 227 198 23
    41 14 109 138 20 248 225 223 227 88 235 20 107 153 136 117 77 139 72
    232 183 166 160 114 208 18 8 203 131 47 239 157 224 155 214 8 190
    135 240 75 169 222 55 124 172 222 132 66 58 24 22 224 105 144 2 179
    179 34 22 23 199 98 236 21 197 249 202 114 10 94 66 95 183 152 188
    166 111 157 213 171 50 16 59 58 132 116 129 48 233 59 17 186 153 221
    55 148 61 151 246 217 37 81 84 198 60 62 8 58 97 136 215 165 143 49
    78 148 231 24 59 99 167 198 153 51 149 41 39 135 18 254 80 50 233 73
    232 194 161 233 201 138 117 173 220 180 72 253 19 246 32 77 213 27
    189 174 168 124 92 113 170 77 156 72 5 113 231 130 253 190 99 140
    248 235 244 165 145 131 253 12 189 146 101 5 65 161 210 190 198 43
    209 148 155 147 222 2 131 48 59 59 255 226 23 15 112 124 232 241 254
    12 103 137 69 218 35 101 205 15 8 229 104 171 243 237 245 110 126 83
    165 13 227 180 90 127 183 99 151 134 249 17 2 27 167 250 210 1 229
    16 118 58 100 14 69 243 241 21 144 216 118 48 83 248 27 187 8 238
    139 211 37 209 237 105 81 106 106 56 72 23 237 99 210 207 176 72 195
    192 218 44 148 57 145 247 180 129 219 139 83 169 25 149 5 253 135 90
    58 152 249 204 222 135 174 133 221 180 194 253 236 180 145 81 133
    201 207 164 225 167 224 137 232 171 227 43 83 53 43 86 201 154 75
    197 122 248 213 20 166 250 202 164 234 109 234 129 169 57 13 24 9
    225 98 116 197 9 109 249 14 44 97 153 87 134 38 235 84 1 154 1 225
    20 59 54 153 106 78 20 185 254 134 198 165 124 255 240 59 156 77 124
    42 24 171 98 46 38 231 31 124 117 203 247 14 94 213 132 75 139 113
    89 242 8 146 215 240 19 116 223 96 112 89 215 20 75 67 128 248 161
    105 179 154 46 44 116 84 33 160 245 62 90 120 137 36 114 11 29 162 2
    193 11 245 7 151 203 42 242 170 180 71 108 22 56 86 6 107 249 120 29
    47 55 168 254 161 210 14 57 170 128 153 186 105 65 235 55 182 17 70
    175 1 211 153 211 63 232 209 79 151 216 181 71 109 247 108 2 147 188
    77 253 48 96 125 199 174 88 138 104 3 155 247 185 132 31 187 119 52
    49 81 96 239 243 25 25 63 117 144 241 222 76 212 71 66 156 230 204
    20 20 85 217 45 168 180 123 58 52 235 127 129 28 158 118 1 135 253
    62 116 51 98 37 20 18 93 182 65 212 204 20 130 190 235 234 39 75 11
    62 250 143 232 244 90 155 115 91 249 206 59 160 14 4 86 227 194 47
    193 79 160 129 53 96 234 213 238 166 26 129 239 147 154 205 142 253
    65 60 113 121 244 156 153 74 193 65 130 199 64 125 90 153 112 58 48
    144 79 58 193 190 89 64 92 154 80 90 94 123 226 13 252 157 68 228
    118 119 65 130 218 74 38 251 191 230 102 184 143 40 205 195 201 58
    181 50 98 65 38 254 254 146 17 241 255 244 125 105 243 229 47 17 165
    24 229 150 165 109 192 118 19 100 217 115 66 19 6 20 216 142 68 63
    86 244 125 118 22 226 236 4 102 178 0 51 53 29 229 254 203 240 190
    72 56 250 181 143 151 106 50 23 174 110 181 117 112 50 52 166 200 48
    64 9 210 247 194 145 214 93 26 141 206 99 84 170 7 11 107 242 159 16
    87 1 6 220 8 195 72 151 53 2 152 160 113 135 137 132 23 3 74 197 58
    16 69 223 204 156 143 91 16 52 245 43 74 4 112 51 173 53 223 60 97
    64 238 177 68 85 26 33 126 125 71 2 208 85 110 206 43 156 228 91 211
    186 21 222 87 29 34 207 166 212 114 160 112 214 110 154 182 168 104
    198 222 149 224 163 160 56 195 242 26 59 208 136 213 151 204 133 192
    230 203 146 179 151 50 225 128 6 11 168 136 134 210 71 86 35 172 182
    72 94 51 252 19 132 83 92 74 183 147 196 28 139 100 242 14 9 61 116
    212 47 98 218 11 195 56 22 106 16 31 77 168 31 50 214 241 100 84 149
    72 188 89 151 36 238 215 67 113 161 39 53 128 252 147 219 182 234
    120 37 22 72 53 33 126 189 181 24 183 247 150 17 1 160 176 103 248
    61 20 196 69 27 86 97 145 232 7 102 238 172 81 29 4 184 147 60 32 30
    89 195 77 167 191 188 178 3 145 254 54 97 238 21 221 49 13 62 245
    197 115 249 32 160 138 207 4 141 28 17 176 188 227 18 34 84 197 206
    120 187 237 25 191 22 211 29 156 121 48 134 157 244 59 39 201 116
    179 132 193 22 175 48 45 59 209 174 185 98 87 21 173 96 164 205 40
    158 19 17 58 206 47 180 234 183 115 135 101 154 245 171 254 186 129
    12 118 9 164 99 134 198 59 4 81 40 181 83 213 218 180 187 87 36 72
    201 132 190 77 178 252 54 98 141 133 16 5 214 84 59 107 195 84 179
    87 227 191 193 242 10 224 40 1 117 60 179 121 236 10 76 75 250 117
    73 31 49 153 8 35 99 216 249 250 240 189 198 182 148 105 167 48 104
    37 8 177 93 232 142 52 93 196 255 67 61 23 200 46 220 27 193 70 114
    150 210 153 86 142 18 45 112 233 24 220 68 145 132 89 20 154 133 56
    196 87 136 129 170 165 79 121 84 94 159 124 77 93 3 140 210 170 2
    204 149 207 157 1 227 211 240 74 109 87 199 29 200 108 23 165 21 20
    20 36 214 121 207 21 183 230 222 132 172 44 29 136 123 24 151 184
    235 124 161 86 126 214 114 238 49 255 114 230 54 53 119 165 200 108
    254 215 182 11 174 249 170 203 145 18 106 32 105 220 129 24 188 255
    148 66 78 144 191 95 55 161 12 38 33 218 56 176 75 240 151 169 104
    25 52 215 217 100 233 50 43 157 52 25 131 121 201 219 18 158 138 103
    7 188 26 210 147 249 226 253 193 132 76 80 101 145 5 84 115 191 42
    93 56 38 124 2 56 161 193 29 186 214 25 250 155 67 173 231 47 138
    149 203 153 201 129 50 104 81 26 196 215 162 20 208 154 142 218 52
    89 163 92 167 219 156 241 250 87 0 73 161 229 218 188 216 163 195
    200 210 191 75 201 190 240 128 143 196 26 24 138 32 73 175 184 137
    198 233 132 199 69 183 223 14 16 1 18 204 250 162 121 192 44 4 49
    160 0 172 0 152 20 222 225 33 97 178 6 70 159 173 248 81 193 24 228
    100 165 206 119 133 151 212 8 160 52 207 36 197 16 98 141 232 174
    125 142 35 143 190 127 221 41 150 90 157 85 81 125 176 245 195 218
    79 123 128 195 244 94 73 7 62 241 54 36 73 72 195 30 22 63 170 93
    216 196 74 115 175 86 7 119 136 10 173 201 36 150 185 150 55 91 189
    62 149 240 93 250 14 254 54 229 150 85 160 64 48 97 140 197 63 175
    140 170 149 29 86 249 49 75 219 79 58 12 125 215 248 30 83 70 172
    156 55 148 98 146 72 190 161 48 74 5 147 148 216 141 40 213 56 73
    171 186 11 149 125 155 187 58 68 174 192 196 45 100 155 46 29 177
    173 231 115 53 156 19 114 48 188 156 67 41 40 85 127 163 0 131 195
    125 21 244 215 96 127 50 243 46 7 69 49 181 52 160 222 19 32 246 38
    91 236 147 216 69 129 91 34 219 168 144 52 153 112 41 214 125 184
    201 132 3 184 169 128 219 164 75 90 92 103 94 254 216 64 220 88 53
    128 128 209 120 224 207 27 144 136 157 194 255 73 95 188 80 77 208
    47 35 233 99 169 6 70 10 183 52 201 55 207 53 62 72 64 226 70 221
    226 189 17 2 15 70 81 114 180 60 247 172 32 5 73 29 209 233 111 76
    110 242 159 98 235 89 49 56 141 194 43 112 128 217 34 253 162 41 191
    80 138 182 231 56 2 174 231 190 243 33 4 7 239 1 55 91 245 61 132
    222 68 10 223 196 78 231 49 48 12 4 129 105 121 19 75 209 54 169 140
    158 107 11 45 86 15 89 65 218 18 65 64 146 127 217 191 214 100 17
    174 176 230 96 97 47 6 27 53 214 102 113 242 139 26 92 37 193 173 43
    47 96 230 159 154 18 30 180 191 12 83 9 145 23 215 84 15 194 61 204
    43 194 107 120 227 156 239 150 19 31 171 135 22 15 190 25 144 118 59
    11 249 207 146 53 144 205 84 79 244 52 50 47 59 57 106 247 55 96 145
    41 115 49 88 189 143 135 45 60 114 234 0 145 67 64 28 97 15 54 14
    253 92 83 82 149 92 66 124 68 97 229 244 191 38 206 141 225 57 133
    193 235 23 120 212 231 202 110 4 243 52 173 137 9 120 87 208 136 13
    143 190 185 113 82 162 67 192 131 38 224 122 100 74 84 152 234 37
    211 49 226 88 54 50 204 193 109 250 223 138 32 188 88 255 178 22 195
    28 211 232 208 142 94 206 3 46 226 39 148 168 124 9 115 206 40 151
    38 166 238 238 0 37 130 229 31 204 22 78 224 221 3 0 81 182 205 100
    16 50 125 211 221 98 240 224 194 249 23 249 136 89 100 65 137 254
    143 22 21 84 47 44 145 124 105 38 220 186 210 149 22 20 226 153 179
    136 76 67 159 173 32 219 130 19 207 53 23 243 29 192 147 81 4 101
    238 157 48 211 119 103 128 220 79 115 27 208 57 11 238 124 51 154
    120 180 199 72 10 132 167 81 134 130 164 109 246 106 15 37 245 211
    211 117 82 35 121 42 64 121 212 20 246 90 32 251 106 173 45 25 96 74
    116 246 186 131 88 255 71 244 157 178 27 93 71 78 93 66 165 102 173
    18 234 163 109 36 122 128 94 235 161 110 185 174 16 105 227 158 7 49
    226 42 125 68 152 152 162 193 199 244 46 129 134 250 60 245 229 20
    131 29 134 43 94 194 39 208 26 165 14 145 159 143 171 239 224 51 9
    162 211 49 245 143 115 148 230 185 203 114 80 234 103 100 195 223
    173 180 6 174 173 166 177 75 196 255 185 237 32 161 207 81 196 183
    210 10 127 95 221 81 7 168 83 97 239 254 90 152 90 134 86 199 209
    237 57 19 187 74 247 230 98 29 57 70 111 204 174 223 6 161 76 113
    213 84 166 88 1 249 150 111 115 50 103 83 10 84 13 105 237 197 91
    241 151 78 82 158 153 33 209 140 158 106 87 118 170 186 20 67 57 5
    151 181 28 240 254 64 146 120 203 7 50 60 136 88 216 186 118 108 135
    186 230 183 117 94 140 129 50 253 34 161 31 73 54 16 114 163 72 67
    236 18 210 112 118 8 217 46 73 104 49 149 149 39 167 126 185 248 45
    61 181 140 83 19 1 45 140 68 99 222 221 0 123 189 128 186 45 30 106
    220 38 122 190 95 27 216 196 27 78 29 192 232 149 224 245 67 136 34
    211 59 174 246 248 125 90 70 244 177 125 237 13 101 255 81 182 139
    141 84 148 142 220 11 172 220 42 138 181 188 215 242 216 25 238 56
    74 170 240 212 140 6 172 50 11 68 50 140 182 27 31 130 162 223 171
    198 43 189 62 177 123 182 215 37 19 92 36 162 63 73 102 154 85 152
    14 66 47 36 31 164 142 21 213 35 194 143 193 74 195 239 164 57 112
    204 164 58 137 90 245 12 165 175 45 156 139 144 225 226 63 84 93 233
    197 88 189 212 143 216 128 27 124 221 68 136 252 59 135 176 18 64
    163 152 99 46 196 247 41 10 251 113 172 166 22 177 112 113 50 192
    236 136 32 26 226 17 173 166 150 21 161 224 65 200 46 83 255 160 23
    113 167 209 153 133 14 170 217 129 48 38 68 42 107 17 41 101 76 139
    168 239 21 170 64 212 245 97 222 103 94 197 175 79 123 54 12 29 23
    180 22 185 235 243 91 184 213 58 60 37 146 101 76 68 237 254 76 201
    224 135 37 58 137 93 87 252 182 99 175 153 216 100 230 162 167 110
    47 28 240 110 181 18 38 19 98 205 215 214 186 139 138 102 116 164
    142 248 168 227 38 27 36 151 238 208 6 57 245 153 50 106 182 123 27
    42 203 135 175 110 212 219 40 112 217 5 29 19 226 127 143 13 8 62 54
    129 194 227 57 23 2 118 97 197 243 54 117 119 40 104 8 172 219 170
    74 206 20 27 181 201 123 52 131 188 164 1 74 240 119 68 176 255 105
    226 168 49 186 132 240 167 96 4 167 156 125 225 177 107 212 187 209
    44 42 79 111 221 141 156 194 8 66 77 146 143 133 61 84 43 150 29 9
    204 243 127 186 64 85 82 108 81 54 201 193 235 6 215 160 73 14 211
    135 178 235 179 196 71 34 177 55 123 204 100 163 38 241 73 13 152 56
    241 227 227 233 153 106 61 11 93 3 21 135 93 96 232 93 82 136 56 218
    18 103 43 186 25 201 152 175 136 170 107 91 169 190 230 150 171 189
    252 28 140 111 162 198 159 132 11 195 23 54 124 126 171 117 145 78
    149 95 236 105 1 185 13 182 200 211 10 81 216 252 20 233 158 246 87
    0 116 199 182 170 57 243 38 208 120 225 38 234 108 124 23 181 204 68
    172 73 88 43 37 189 251 217 79 245 29 108 154 250 219 136 220 34 63
    175 114 110 205 123 143 244 186 143 8 133 31 25 216 253 5 52 202 51
    235 41 103 211 95 57 75 82 126 67 129 65 218 156 245 135 13 224 107
    84 128 97 230 66 66 183 17 5 156 109 173 86 242 6 120 146 217 83 251
    156 104 188 173 187 223 235 119 58 152 58 198 114 146 184 129 8 167
    31 172 202 138 151 79 21 210 54 53 92 215 187 159 48 70 221 52 135
    211 126 3 45 235 61 56 61 81 212 159 52 172 66 166 208 23 252 162
    173 31 120 216 235 181 144 234 44 244 191 94 80 210 54 137 144 145
    10 45 241 116 51 176 116 40 56 51 166 234 63 183 79 114 194 160 6 79
    241 212 4 149 90 129 122 220 164 111 118 146 41 13 246 180 144 94
    209 187 239 140 170 194 33 67 28 124 26 206 244 0 5 55 4 22 121 121
    153 224 148 18 25 82 30 64 98 179 26 185 160 39 181 225 53 31 70 83
    92 24 185 63 77 20 11 129 207 168 6 40 103 84 158 252 119 78 3 121
    111 97 89 166 250 229 213 7 130 112 32 112 138 210 93 148 190 199
    198 0 223 231 163 174 110 14 180 77 210 32 9 113 142 41 20 193 81 94
    106 142 20 89 203 27 109 133 106 143 89 61 137 84 110 132 15 60 53
    152 221 209 106 88 205 235 80 20 207 220 137 11 75 25 107 182 58 103
    156 119 178 97 50 112 184 200 138 204 162 149 31 187 15 150 80 15
    182 151 83 238 60 43 147 87 22 226 87 0 216 151 51 72 56 175 57 100
    234 91 207 221 218 199 107 138 102 233 60 76 171 63 248 78 69 128 84
    179 4 189 118 100 151 49 158 233 24 60 240 42 74 185 18 129 215 54
    60 187 112 98 162 221 193 217 137 227 155 84 3 152 245 32 164 16 42
    230 219 38 102 90 18 243 26 160 117 204 36 70 158 251 141 60 111 242
    192 133 117 239 83 67 168 162 96 222 61 78 79 23 197 82 2 197 6 4 47
    229 52 130 233 174 42 125 131 107 233 166 125 51 79 160 13 206 159
    73 230 126 148 149 104 241 222 150 104 138 181 213 40 245 130 239
    255 211 0 228 88 16 7 86 57 237 89 58 21 116 179 250 85 56 167 82
    237 253 87 13 246 7 28 242 106 253 166 158 106 254 98 190 28 252 47
    158 147 183 225 159 251 171 97 183 11 9 34 5 5 162 92 240 81 129 123
    242 231 160 217 111 129 77 182 211 190 111 77 60 70 222 75 170 95
    179 159 187 151 104 31 232 141 165 198 241 92 229 146 122 101 215
    135 20 182 32 82 166 37 87 142 178 176 116 166 240 103 185 22 170 33
    234 75 192 75 9 145 25 210 133 48 194 202 69 30 209 152 238 48 121
    230 52 95 106 13 108 76 67 86 209 30 197 224 33 149 179 99 156 51
    197 220 84 0 188 22 56 51 58 226 145 105 232 72 32 152 246 7 236 132
    9 99 91 81 147 234 250 28 166 175 149 155 176 78 186 28 16 171 228
    159 209 119 225 97 3 158 160 147 139 253 8 11 37 207 195 132 140 215
    143 197 176 31 44 132 132 144 222 69 217 41 60 189 71 118 176 112 84
    55 156 63 227 126 114 80 133 211 22 203 106 136 110 246 60 184 24
    102 9 127 242 241 105 171 209 152 114 32 240 222 58 79 44 146 10 89
    212 95 153 118 239 3 145 61 204 134 2 111 73 226 33 88 1 1 114 95
    176 18 141 93 212 221 154 171 75 122 185 233 83 76 103 66 200 161
    159 157 221 44 105 180 159 227 177 115 90 240 12 11 144 43 203 53
    237 168 239 238 68 100 45 98 184 139 251 215 121 229 87 184 138 235
    100 179 164 92 192 98 211 57 169 153 136 168 168 116 108 41 61 150
    31 168 28 200 131 1 116 223 116 7 104 160 254 219 45 141 205 80 236
    14 8 209 212 251 132 226 150 98 116 106 46 198 62 153 33 163 164 255
    2 228 61 89 135 120 252 111 234 247 59 202 91 124 101 54 184 55 143
    229 173 29 44 133 202 164 97 7 5 68 100 203 184 2 156 84 113 193 168
    83 45 87 65 236 12 1 119 220 102 122 27 105 148 25 76 128 200 224 53
    130 244 156 169 121 236 236 162 214 19 245 10 200 100 230 3 149 105
    209 215 168 231 117 193 223 82 209 186 253 152 180 103 244 218 163
    87 78 139 175 112 99 10 233 118 157 166 193 167 140 108 241 252 110
    132 137 55 185 56 240 117 217 186 179 228 43 34 12 22 102 180 11 124
    154 180 179 169 165 169 12 58 72 139 68 102 187 236 140 191 170 73
    62 200 194 145 129 115 189 163 89 47 41 155 87 87 154 122 110 95 173
    214 82 36 163 241 94 61 198 183 125 159 237 235 55 30 238 37 104 16
    78 45 156 237 196 227 185 115 231 210 253 59 49 78 139 159 230 191
    233 10 189 229 167 118 8 54 127 60 24 60 229 13 254 215 195 117 237
    44 41 155 65 74 129 20 57 88 57 161 233 208 68 123 13 189 40 43 132
    153 111 6 6 50 16 58 232 250 177 173 248 149 97 84 192 48 70 217 113
    149 171 242 248 84 255 230 145 136 47 216 46 245 90 199 110 241 83
    174 83 114 8 1 59 12 4 130 137 187 104 208 126 107 104 1 0 253 192
    189 96 99 190 79 191 242 127 234 111 135 52 182 180 58 36 46 167 231
    25 83 41 39 112 58 138 14 51 83 137 13 63 123 48 146 23 144 47 223
    199 175 0 104 105 41 103 54 203 163 188 82 123 79 108 90 233 230 119
    114 188 112 1 186 212 154 235 31 207 123 159 138 104 8 1 54 225 94
    79 136 220 243 101 127 241 171 156 26 8 58 118 228 187 185 213 198 0
    172 188 37 115 255 178 132 38 146 172 209 86 170 74 53 135 1 71 251
    71 203 67 162 240 102 102 80 195 175 56 48 165 98 35 69 82 132 229
    175 56 71 92 228 231 85 127 12 19 160 124 132 34 13 145 55 83 50 150
    239 40 87 163 113 247 178 66 182 62 226 203 170 184 142 116 242 156
    136 166 144 214 156 214 182 165 7 248 151 238 72 141 69 137 203 168
    112 174 5 119 191 24 237 233 228 205 64 102 186 210 26 124 59 66 120
    167 15 30 45 249 33 241 121 190 233 149 195 217 101 65 169 121 141 1
    237 247 148 173 136 198 134 0 78 164 213 103 191 70 151 172 96 77
    246 19 73 110 136 185 37 22 77 241 162 71 152 59 27 223 130 178 251
    110 211 222 52 98 13 157 200 241 95 178 0 164 195 234 216 132 9 221
    72 96 142 37 93 142 219 206 121 192 239 65 179 57 43 169 246 15 254
    45 151 132 174 237 173 21 218 219 26 170 245 192 189 103 248 107 71
    232 114 162 44 232 124 34 221 159 5 7 162 64 223 3 76 92 100 91 5 59
    18 188 169 23 100 28 6 130 6 18 198 100 139 35 69 70 159 249 95 68
    216 157 141 131 84 154 8 66 240 70 66 194 139 68 30 109 157 188 69
    58 51 108 29 43 107 239 12 81 235 232 59 232 167 147 215 133 192 227
    209 151 95 32 80 167 187 236 63 24 29 157 79 183 148 72 133 204 126
    149 116 118 40 83 179 86 231 252 223 101 65 102 121 242 18 88 18 240
    113 11 86 128 32 92 101 123 41 27 233 44 136 169 91 197 93 40 41 204
    198 52 124 170 243 13 247 67 36 14 43 174 3 163 234 16 203 92 214 20
    35 159 158 68 19 147 142 43 125 191 169 178 76 185 174 1 94 79 112
    137 212 33 216 102 250 34 249 209 131 227 130 187 139 227 242 161
    150 222 133 158 184 25 68 170 23 25 156 42 114 1 146 33 169 233 162
    186 235 60 222 163 213 74 14 179 108 41 210 230 128 144 112 201 37
    228 155 213 16 37 195 97 165 139 8 183 50 132 190 8 38 25 92 174 209
    103 39 118 165 69 51 136 109 245 29 148 9 34 251 224 200 129 209 143
    160 103 194 45 45 126 129 3 177 253 76 8 95 172 18 3 162 28 209 210
    24 158 22 25 178 59 92 174 97 74 210 179 197 240 237 71 18 213 66
    154 85 153 48 4 220 204 179 158 183 50 115 73 64 58 11 200 101 207
    240 196 135 145 115 117 164 240 253 158 68 220 59 244 199 69 110 95
    96 37 26 64 104 10 164 44 129 211 47 188 194 29 178 8 12 29 178 49
    127 122 147 160 40 192 147 171 165 154 163 124 86 119 46 176 167 69
    254 0 186 240 207 245 179 231 243 114 119 148 140 43 155 144 169 81
    83 143 235 171 166 46 62 204 207 200 8 248 152 180 255 206 151 194
    193 154 220 246 181 237 168 190 200 29 116 141 109 93 40 59 105 80
    179 10 110 127 78 126 118 224 202 64 61 184 63 4 211 93 148 124 12
    11 32 193 17 166 72 192 247 235 132 172 203 185 176 56 250 62 1 151
    45 97 230 71 126 203 21 251 146 168 70 166 86 84 92 177 97 44 160 84
    212 154 71 207 110 39 232 149 25 197 99 175 77 98 163 185 90 178 108
    226 197 3 98 169 210 177 85 38 130 12 12 122 67 69 121 150 234 129
    92 48 76 78 91 228 76 10 114 78 162 201 148 48 184 108 185 74 238
    145 173 208 40 223 62 8 97 0 245 23 163 121 149 198 75 16 57 126 96
    157 142 106 105 206 116 133 225 53 142 77 32 81 45 194 114 131 57 94
    81 51 110 113 28 96 116 128 207 108 153 58 135 216 147 106 28 206
    142 160 120 126 134 191 157 113 99 121 216 221 46 250 239 150 125 51
    146 171 178 51 192 147 48 248 173 232 106 9 221 128 103 129 254 101
    101 236 74 133 101 25 27 150 245 162 253 240 233 135 199 131 158 203
    98 99 236 250 69 194 60 98 57 103 206 239 98 66 69 46 101 210 9 198
    51 212 120 84 216 143 95 103 108 30 110 246 19 32 227 182 166 75 235
    53 53 118 165 56 31 104 129 214 91 95 225 74 65 100 21 132 89 236 54
    91 246 19 136 175 96 180 6 13 124 117 219 39 70 67 39 131 249 42 109
    211 76 123 87 196 66 80 211 68 131 5 238 214 127 160 104 247 6 47
    212 119 46 198 221 14 238 192 210 33 157 25 212 235 251 65 160 194
    12 130 59 221 5 9 45 208 23 4 117 45 80 58 175 26 121 212 41 212 169
    115 116 18 207 237 154 189 238 184 218 113 39 76 126 210 140 34 99 4
    194 245 205 110 36 191 20 105 9 89 9 118 71 19 233 64 254 125 126
    164 17 3 30 168 124 246 13 5 62 72 104 4 153 147 43 92 84 12 181 2
    166 0 228 224 7 72 162 240 3 21 255 131 237 197 44 202 116 45 157 3
    130 17 81 64 49 30 111 31 181 150 113 87 211 79 190 228 5 104 6 234
    218 255 133 237 102 115 195 34 182 147 177 13 116 26 143 0 160 79
    165 76 79 193 42 133 142 57 49 33 219 141 66 144 68 35 138 144 68
    222 168 42 188 150 114 23 186 190 102 156 143 49 72 14 37 127 215
    203 191 191 138 124 134 150 62 131 81 243 102 168 41 245 81 60 205
    220 102 189 3 60 89 86 155 12 25 70 143 66 187 2 21 134 56 179 112
    113 224 53 131 224 253 254 22 51 57 128 123 149 172 250 250 144 40
    246 6 154 65 30 230 149 78 51 12 216 250 53 223 233 13 26 159 190 53
    48 71 221 53 181 80 26 230 83 217 3 147 236 13 193 253 147 240 144
    45 233 24 241 102 117 197 147 71 220 2 192 68 240 16 40 10 255 129
    216 209 40 5 85 252 245 94 166 140 28 76 52 128 113 204 193 158 157
    23 195 105 76 176 86 21 198 117 211 196 28 111 57 87 95 193 247 212
    58 135 107 20 245 116 73 167 239 137 49 37 111 101 80 184 138 22 192
    236 190 196 233 118 31 222 141 108 87 146 97 63 125 172 20 234 46 75
    188 235 138 182 189 249 194 70 143 159 184 104 225 239 185 141 79 42
    243 214 14 108 188 233 136 108 8 247 201 61 109 64 163 120 45 159 8
    135 4 164 243 212 184 189 223 73 108 82 228 39 167 6 2 11 254 231
    110 200 31 250 58 234 201 211 5 77 74 34 187 252 74 172 120 168 239
    53 161 74 30 38 87 179 247 189 229 110 103 197 33 227 126 144 139
    182 86 83 151 149 78 234 81 224 228 243 16 59 213 152 157 155 157 99
    244 51 45 207 155 188 128 28 169 101 3 65 6 25 173 178 180 175 245
    34 255 102 27 171 41 77 142 202 81 200 105 76 76 40 244 108 159 92
    236 129 124 156 213 183 0 54 93 234 72 144 202 47 188 206 177 88 117
    216 128 104 234 233 138 219 248 82 207 241 105 20 28 31 13 31 81 187
    58 37 139 10 199 217 191 71 41 223 232 104 139 49 16 16 131 66 187
    34 80 236 217 27 20 45 68 38 29 129 6 111 98 199 109 221 117 122 44
    135 103 52 156 204 229 111 203 150 79 234 252 183 227 30 41 194 70
    143 212 176 228 147 55 234 108 166 242 148 199 25 138 31 86 233 197
    83 133 247 182 169 90 146 213 117 252 202 169 10 197 116 105 154 63
    223 24 111 69 122 139 131 17 16 114 110 84 228 105 88 165 63 53 99
    231 196 8 79 42 44 138 23 32 8 116 53 37 96 96 12 141 180 226 117 39
    2 97 89 212 249 136 195 209 217 206 205 138 113 92 216 237 37 14 156
    180 66 90 80 161 143 242 108 53 53 143 173 13 136 220 2 113 12 187
    32 152 136 179 39 175 108 251 247 179 172 106 88 23 240 121 141 169
    129 2 98 238 147 5 246 112 131 9 27 60 196 85 131 122 199 56 209 200
    147 189 231 248 236 168 70 41 50 254 135 19 245 239 241 128 216 178
    122 17 82 210 38 226 106 30 251 27 239 200 245 59 109 121 65 122 152
    216 123 204 250 240 142 229 45 179 150 130 49 183 219 239 25 110 30
    98 79 53 131 210 49 104 84 252 73 64 201 103 46 253 95 96 193 86 159
    37 183 224 185 197 245 56 174 84 128 255 220 202 208 57 14 150 130 4
    210 219 163 98 115 107 118 197 237 212 33 187 226 148 120 34 211 82
    94 67 124 46 17 7 91 211 125 189 140 215 229 65 126 95 138 216 202
    110 62 200 57 28 250 188 99 53 228 6 223 116 45 72 66 150 136 55 232
    76 173 45 185 202 116 176 12 168 199 86 221 9 218 63 35 193 222 169
    72 29 236 116 115 215 253 121 51 147 234 204 95 150 239 207 80 152
    153 150 52 121 58 13 166 237 253 230 104 102 128 145 35 104 53 42
    119 4 17 99 1 98 155 253 224 58 72 117 11 63 164 246 157 186 59 196
    11 48 79 183 212 148 171 1 59 230 47 29 91 113 11 124 171 63 251 110
    76 106 206 74 106 107 126 243 218 172 26 206 226 208 167 3 149 110
    208 41 228 106 158 113 118 189 176 0 107 237 242 189 123 10 78 115
    18 88 145 35 172 141 250 36 145 168 100 246 223 137 169 164 26 37
    192 227 1 132 237 36 97 19 109 156 104 129 111 43 50 172 174 1 144
    214 214 151 19 179 111 82 54 16 136 119 248 34 208 230 30 174 152
    208 144 47 129 250 147 26 40 189 134 15 240 202 7 29 201 28 231 165
    152 151 198 196 225 171 170 171 165 213 82 184 94 255 237 77 86 54
    237 175 119 60 3 150 185 189 100 240 162 59 77 211 234 23 15 165 170
    144 83 168 97 226 26 206 158 252 177 195 212 11 100 124 132 83 108
    147 92 7 163 140 49 79 208 8 147 204 50 100 34 210 209 87 198 96 253
    153 233 91 53 246 199 72 75 44 50 116 207 119 31 198 75 27 46 93 99
    156 239 151 180 33 143 87 71 171 65 4 134 124 46 211 247 90 19 179
    107 101 129 242 88 110 66 206 89 189 21 18 133 61 253 181 249 95 243
    23 13 110 96 148 164 6 192 218 38 214 79 224 205 63 105 250 228 166
    192 160 126 167 0 173 51 180 176 230 87 59 231 192 179 67 24 183 3
    163 61 85 130 94 188 225 36 200 142 46 166 29 188 4 134 51 208 55 21
    62 160 52 144 15 143 219 143 143 19 110 207 220 97 142 143 225 229
    177 169 43 120 109 130 206 173 226 76 220 203 61 126 127 172 242 105
    127 249 219 241 198 46 18 89 35 98 15 192 157 9 138 216 74 140 253 6
    243 111 89 91 128 179 93 35 205 197 40 35 164 136 212 139 169 246
    152 73 95 129 140 250 199 50 68 69 156 23 60 78 222 119 9 126 153 30
    57 113 48 190 239 188 96 92 133 211 22 196 197 72 0 188 21 177 200
    242 30 221 203 186 9 198 73 136 255 245 209 3 177 111 63 110 95 40
    239 206 44 17 62 244 189 155 143 45 201 198 49 169 177 229 118 171
    49 137 25 80 6 242 97 226 105 88 146 101 63 255 69 229 107 65 113 65
    96 131 98 250 80 45 189 116 129 35 103 81 168 113 181 54 213 122 82
    85 62 125 49 2 185 229 92 110 149 0 31 255 235 246 31 220 18 186 246
    88 239 178 123 243 186 117 29 64 63 166 143 250 144 69 148 134 246
    154 26 42 142 37 2 228 128 148 97 179 30 214 215 38 114 233 144 107
    6 234 168 70 169 122 226 228 55 71 100 178 66 32 242 107 67 25 42
    103 55 47 148 215 228 112 159 4 132 131 11 80 140 201 70 214 172 252
    199 69 73 4 164 174 215 105 178 73 122 105 41 221 183 98 229 19 21
    129 162 229 153 78 186 255 218 133 1 120 113 86 116 95 227 67 39 234
    42 198 54 78 168 255 43 148 70 98 198 195 141 56 170 236 69 101 16
    83 238 35 72 63 147 228 212 22 201 84 64 30 130 239 231 186 191 112
    2 253 222 59 242 79 97 51 152 141 84 250 53 78 74 196 228 113 240
    240 229 52 228 10 170 54 94 115 66 166 55 31 90 218 149 7 90 249 182
    73 219 151 20 56 169 33 232 245 121 129 14 151 152 157 223 133 96
    100 145 79 62 210 240 138 57 189 32 169 234 33 55 148 240 104 220
    200 35 5 251 247 249 253 46 177 106 202 204 192 74 75 46 230 247 175
    24 215 7 60 2 104 8 58 155 75 65 71 85 104 53 4 51 216 114 27 214
    242 185 28 175 75 116 53 245 225 187 83 48 120 217 20 103 0 252 78
    10 175 144 127 90 99 101 255 10 111 59 78 101 169 98 5 105 159 20 49
    145 190 131 220 39 166 30 29 222 204 226 126 113 193 244 64 200 98
    56 190 146 100 156 138 221 28 100 205 44 107 223 117 199 10 44 200
    46 0 42 187 132 6 36 235 19 85 232 77 228 202 171 31 164 117 212 197
    124 72 221 213 160 150 7 164 170 20 79 56 227 131 250 44 34 125 65
    54 37 220 238 88 198 200 46 18 48 212 111 92 236 172 222 164 14 62
    73 21 166 96 46 157 220 49 174 192 113 223 165 225 32 227 138 37 212
    206 242 236 3 232 11 146 231 28 179 53 56 40 165 207 10 10 220 84 84
    171 75 90 253 89 44 166 105 4 91 57 123 227 61 223 170 211 70 2 156
    61 240 25 117 233 206 54 105 133 79 13 99 213 175 7 212 243 168 196
    62 192 132 109 74 218 125 187 42 221 190 208 157 57 34 202 29 141
    173 49 146 238 127 164 86 53 92 60 153 1 233 19 177 128 231 185 129
    33 173 0 154 126 189 229 87 99 234 153 142 251 195 64 3 234 34 95 25
    50 103 245 18 146 181 201 244 47 123 133 98 154 0 203 61 81 72 153
    160 156 27 207 12 1 170 228 30 182 213 87 125 6 230 210 226 95 110
    55 80 51 133 46 159 151 124 170 178 247 189 92 116 108 86 32 30 23
    204 25 4 60 167 206 193 253 189 124 200 185 113 139 167 138 120 94
    111 178 165 188 222 15 103 63 74 179 186 3 40 41 82 101 163 221 149
    159 167 95 238 5 219 3 39 87 45 60 169 158 207 32 120 96 105 144 45
    110 197 129 3 140 110 172 164 5 11 87 245 109 46 148 108 69 9 122
    126 37 123 159 171 99 168 154 1 207 218 242 221 228 209 153 248 129
    151 131 144 103 95 140 186 22 210 220 96 255 227 46 230 76 108 175
    161 110 10 166 77 239 235 96 252 87 184 35 58 115 58 212 175 91 193
    146 243 109 224 103 172 235 101 222 166 219 45 30 234 147 63 159 227
    42 137 2 106 123 59 53 109 82 152 38 12 45 69 126 188 132 128 138
    219 42 16 97 90 41 104 69 144 29 85 185 43 239 127 49 247 80 202 159
    250 223 255 223 206 252 21 157 167 225 136 67 157 151 9 123 140 246
    33 45 78 135 111 169 181 134 164 199 36 65 94 143 161 72 84 182 14
    232 6 26 48 70 67 12 115 112 210 93 201 18 230 43 223 142 178 98 131
    146 172 67 166 204 88 183 17 32 22 239 179 63 62 243 255 87 246 143
    24 149 72 127 129 101 0 135 148 174 113 219 112 221 73 98 95 109 225
    58 111 231 202 203 139 237 214 34 104 14 22 93 142 158 207 151 241
    133 163 39 215 38 181 202 187 227 113 246 238 228 26 163 72 85 34
    155 79 157 52 177 43 94 196 25 148 39 130 114 77 100 204 4 174 34
    195 240 30 214 129 251 238 157 186 179 250 66 211 145 56 149 246 190
    122 64 135 87 226 219 107 128 112 175 189 27 157 115 89 153 128 219
    189 59 87 179 129 90 224 93 195 85 107 89 211 88 97 94 85 48 202 239
    214 110 7 39 181 84 88 229 95 43 153 116 60 202 136 92 42 91 98 217
    4 59 42 0 199 245 65 143 103 130 193 94 198 75 65 243 87 116 119 146
    251 172 244 191 146 207 64 102 193 32 224 77 34 5 19 34 88 193 156
    46 70 114 151 102 165 238 136 175 27 63 186 197 217 5 139 25 241 135
    213 42 45 131 253 68 146 253 61 197 219 9 80 199 195 247 25 17 249
    249 23 88 193 114 119 131 174 40 247 222 56 37 177 92 174 192 78 97
    79 96 75 150 197 178 253 158 176 102 68 186 0 54 223 25 96 126 58 83
    1 180 222 17 15 177 67 103 175 226 34 98 248 172 58 8 215 193 96 51
    150 152 161 112 84 108 14 243 112 38 89 136 230 247 154 174 233 192
    189 21 241 255 171 21 104 103 22 230 183 63 121 238 217 238 135 9 77
    193 84 215 136 95 65 99 188 191 198 59 97 25 109 225 145 215 233 111
    79 0 200 44 195 206 229 31 118 83 89 19 206 106 188 69 94 41 31 130
    124 195 248 163 237 254 2 85 74 51 8 110 122 146 205 25 10 23 102 40
    221 77 97 131 180 104 121 43 60 126 238 73 121 131 14 121 79 70 225
    49 219 84 210 91 103 151 75 39 131 61 228 39 152 5 12 4 33 252 184
    149 59 66 198 106 0 174 16 221 66 76 123 79 197 101 235 83 170 72 27
    128 160 102 97 113 235 8 24 214 110 168 42 240 173 105 123 179 86
    210 39 63 139 120 27 159 109 173 35 102 89 239 146 169 199 158 63
    244 103 125 76 164 253 214 174 144 193 4 142 227 207 5 47 127 173 51
    176 249 41 247 197 175 159 7 136 233 94 22 215 76 225 211 164 161 30
    174 66 117 135 26 18 228 185 223 229 169 157 74 48 172 42 99 33 128
    108 136 246 168 18 42 55 159 230 68 179 251 233 127 164 135 87 23 79
    16 70 128 15 195 30 189 64 14 183 77 51 239 205 12 234 164 117 180
    127 154 95 221 124 204 186 90 175 94 143 17 1 205 67 78 215 161 51
    195 245 134 104 255 147 94 219 177 4 11 254 109 146 135 163 204 114
    24 104 115 51 33 4 254 240 111 118 136 211 20 77 36 160 239 81 70
    112 229 113 138 225 15 238 174 165 63 16 76 23 59 124 108 251 198 31
    100 151 12 41 188 55 118 185 251 61 62 245 163 238 3 195 155 96 94
    179 166 207 76 44 177 37 23 7 30 77 255 35 32 203 13 52 182 139 223
    125 107 23 7 66 60 5 186 55 82 160 21 199 156 250 15 62 191 92 252
    39 47 85 225 240 86 98 79 147 118 48 220 224 102 231 58 187 28 120
    240 179 49 241 74 106 16 225 191 163 216 229 138 227 9 240 65 9 58
    193 68 131 156 37 169 125 252 231 213 50 133 125 240 101 61 37 246
    232 153 66 225 238 192 231 28 239 222 171 165 116 205 197 112 227
    103 97 118 53 99 51 49 123 11 54 0 152 250 135 19 113 250 212 68 50
    12 235 57 156 45 243 219 40 39 177 51 175 9 50 191 93 120 228 237 75
    123 195 21 203 13 118 88 230 205 1 62 159 65 20 240 27 39 109 160
    125 9 215 42 178 44 102 222 163 129 159 204 217 37 36 84 123 149 224
    146 235 65 113 217 20 99 45 186 162 41 222 103 130 87 47 220 68 161
    103 198 67 250 169 56 27 52 78 49 64 44 204 92 76 114 166 168 251
    159 100 15 189 81 28 174 21 147 39 5 85 105 110 180 138 153 246 7
    104 0 240 212 146 25 217 2 138 175 201 154 177 62 124 240 123 155
    193 236 38 140 41 115 89 89 194 195 6 172 184 114 90 201 11 201 254
    249 184 149 169 48 94 186 58 134 70 247 175 16 169 219 227 223 232
    136 158 179 140 61 87 157 154 153 215 85 251 6 76 80 224 116 174 188
    73 185 0 231 0 49 157 85 11 208 24 17 181 219 38 113 85 217 154 236
    127 5 189 97 37 236 51 50 26 217 59 94 251 67 96 161 78 8 51 198 6
    180 227 177 132 221 47 223 105 85 133 74 210 146 129 14 151 144 200
    134 161 40 250 190 220 132 206 173 102 229 199 50 194 129 42 54 166
    80 211 157 154 239 209 191 52 180 205 109 5 5 136 73 223 151 246 247
    126 37 140 187 169 121 111 192 248 79 220 254 109 171 43 208 139 97
    247 195 200 105 117 197 0 166 190 164 195 30 31 195 21 24 219 193
    196 133 64 79 231 68 120 147 38 39 11 79 226 63 238 103 20 69 71 39
    130 248 51 221 187 191 54 251 105 236 206 41 129 20 244 128 41 127
    192 153 107 52 213 242 56 250 6 19 98 25 76 48 79 92 91 146 22 214
    138 122 99 157 141 7 215 69 151 41 164 238 38 159 97 150 127 8 32
    130 87 64 158 41 219 104 168 110 238 101 97 145 33 145 25 105 63 200
    56 58 2 250 19 241 144 246 105 211 0 93 180 83 186 161 5 181 33 179
    180 141 97 9 254 38 157 4 214 147 210 165 151 234 136 159 22 157 7
    210 136 200 41 185 158 206 81 73 91 127 137 28 55 146 29 16 103 63
    232 111 46 242 144 161 170 242 39 243 109 164 233 246 61 123 84 250
    177 225 103 206 240 22 165 49 111 115 137 181 100 168 119 95 202 90
    113 1 103 56 211 72 110 52 207 49 23 61 15 209 243 87 46 144 77 239
    89 101 101 184 209 196 28 123 163 101 123 137 190 91 159 121 112 164
    199 137 133 58 228 3 238 60 226 45 169 122 190 218 13 173 245 72 214
    121 214 221 176 148 232 45 130 146 4 171 30 173 88 157 99 35 162 192
    69 136 246 111 103 198 27 210 5 34 187 250 132 49 113 44 43 89 49
    133 179 197 22 14 12 187 141 235 11 127 124 184 163 215 30 42 116
    190 155 62 81 155 32 20 55 197 251 82 108 139 39 127 85 169 130 130
    79 71 207 31 198 58 172 249 33 139 7 193 51 221 84 156 79 119 151
    127 189 33 24 11 154 187 58 165 238 1 128 144 105 236 138 207 96 160
    208 70 65 92 13 179 164 97 221 25 86 131 101 52 112 65 0 9 220 46
    176 64 136 98 223 89 23 35 7 36 24 236 168 108 160 86 190 14 147 206
    173 233 52 245 37 164 83 236 180 177 161 190 15 24 129 250 71 149
    229 225 195 95 22 19 32 126 243 185 233 179 171 137 37 15 241 121 64
    83 225 19 172 184 254 220 130 239 248 72 41 28 164 213 30 46 39 188
    125 72 235 184 254 182 112 219 150 23 255 244 196 116 203 42 17 36
    234 227 104 173 198 244 203 63 109 174 130 18 66 88 63 5 224 38 204
    109 222 206 56 211 12 228 82 155 145 225 52 171 19 165 153 180 130
    106 137 38 173 254 173 122 170 131 58 126 163 209 0 29 39 42 159 108
    8 180 61 15 87 54 85 236 226 80 136 229 222 159 101 107 96 252 1 197
    46 6 114 250 253 187 52 181 210 167 225 198 102 184 28 117 9 127 100
    160 93 67 213 141 123 170 205 74 107 241 196 26 227 145 236 142 144
    230 122 250 118 66 255 23 30 79 155 68 169 234 80 93 2 247 6 170 107
    234 198 105 246 97 162 11 148 37 177 53 151 64 18 118 102 240 234 12
    186 192 189 199 247 64 62 217 82 86 8 150 129 46 141 150 194 237 187
    117 158 91 5 75 76 227 176 14 17 9 67 211 18 237 141 238 182 120 132
    200 253 167 249 251 255 97 108 149 159 175 58 218 160 87 60 9 65 47
    61 22 218 185 157 41 244 87 63 161 125 229 227 248 14 152 198 8 61
    193 91 17 245 178 213 215 16 236 173 133 20 223 81 228 252 8 5 92
    110 166 23 190 215 179 150 112 253 37 174 239 191 49 239 147 216 219
    1 118 186 119 179 61 90 160 132 233 137 52 44 75 172 85 52 144 147
    76 102 221 103 62 159 1 9 49 101 159 159 16 180 38 72 162 40 223 51
    52 152 67 137 97 21 153 135 249 208 57 63 146 84 215 252 213 109 91
    163 14 222 165 17 166 27 53 169 63 84 187 212 198 255 123 40 192 181
    197 24 118 127 132 78 235 70 135 20 164 114 174 133 87 8 106 217 26
    17 105 86 77 70 242 57 221 179 100 45 199 138 17 75 92 44 88 210 100
    228 8 164 244 23 65 185 111 134 235 76 59 27 38 103 66 23 33 234 61
    227 141 254 162 126 120 183 221 19 100 212 241 101 228 172 116 184
    156 112 98 34 168 109 167 242 46 33 162 23 27 93 202 68 62 254 120
    26 8 251 2 183 160 170 213 237 248 189 44 154 147 52 224 57 111 107
    197 228 213 166 178 120 124 200 193 17 32 189 168 141 7 227 210 101
    209 29 32 184 99 127 245 205 227 246 195 239 94 64 183 151 212 18
    176 154 110 207 115 183 182 131 208 37 136 36 196 136 218 97 237 19
    22 1 99 93 200 114 6 151 91 220 106 190 195 112 60 184 13 124 155
    242 229 10 231 108 62 174 218 11 248 145 201 98 227 99 217 6 25 107
    199 50 228 36 0 180 96 95 159 59 41 143 72 29 73 154 26 97 185 204
    16 225 205 90 132 65 138 211 251 136 70 18 35 187 161 168 127 179 5
    41 74 142 106 166 13 219 45 145 244 3 20 137 48 226 35 254 169 186
    156 124 223 85 87 24 82 71 86 92 77 33 188 13 14 134 183 109 107 77
    198 220 167 91 105 111 188 238 190 68 42 174 21 210 127 8 51 102 75
    119 65 165 66 104 64 44 48 239 83 219 216 65 128 142 168 184 80 115
    11 183 23 116 203 39 62 216 0 199 89 95 129 135 40 60 206 194 49 179
    144 110 79 249 233 148 16 216 53 154 85 41 0 21 139 212 114 251 162
    105 64 69 196 70 17 128 162 27 110 60 174 44 11 42 11 170 34 192 186
    33 151 146 219 102 9 99 34 106 48 135 153 236 86 111 2 201 163 235
    191 102 151 94 168 227 39 116 244 243 170 24 212 74 180 236 57 160
    18 218 168 145 64 68 187 178 169 14 181 191 243 152 166 130 107 208
    91 77 229 66 54 248 95 69 92 71 229 120 129 131 119 86 93 18 129 98
    228 222 224 179 145 78 156 22 133 134 154 208 133 181 182 240 61 223
    89 93 82 233 70 88 179 0 180 20 160 205 244 84 60 105 136 171 167
    128 44 204 102 58 237 70 143 100 241 119 251 154 73 149 7 171 227 11
    72 168 133 241 31 234 139 84 144 106 215 248 146 83 12 18 56 6 9 107
    42 79 10 133 75 148 37 194 160 185 72 197 68 154 68 63 180 159 97
    150 214 248 56 139 70 73 242 150 173 152 8 247 195 244 83 182 53 119
    121 170 98 161 177 0 40 21 199 4 227 139 121 34 52 75 87 179 203 84
    184 198 165 201 219 63 213 117 223 181 117 180 163 26 19 206 86 202
    39 149 151 177 204 25 105 207 120 183 127 100 201 190 153 128 230
    202 180 135 101 167 213 114 127 87 136 169 33 241 197 88 49 61 128
    247 144 19 209 31 55 247 44 89 221 88 191 28 176 147 179 107 44 81
    81 155 166 209 213 133 56 158 228 232 174 28 174 51 111 140 141 218
    246 224 68 144 10 41 41 198 22 235 214 253 104 161 225 241 229 147
    250 34 106 206 228 108 157 118 196 90 136 247 198 55 175 15 252 33
    45 217 16 104 33 124 172 191 21 179 198 25 172 171 13 253 19 24 63
    36 80 48 215 26 0 236 236 202 36 84 140 186 215 248 168 231 157 255
    163 158 103 192 137 126 98 128 248 241 18 177 45 144 215 134 85 59
    246 95 53 103 61 109 69 211 104 30 13 120 181 249 188 203 51 47 232
    73 57 21 113 120 175 25 82 40 210 12 0 162 227 58 189 23 249 62 31
    30 135 242 222 16 159 104 238 116 141 187 66 155 16 156 128 20 224 3
    213 153 48 114 211 106 144 120 103 32 156 175 177 218 227 114 170
    184 82 142 5 35 228 29 130 173 178 100 182 117 14 200 31 2 134 17 51
    157 174 209 206 5 40 224 108 247 213 4 106 180 252 75 92 132 106 204
    244 94 172 41 13 223 185 205 9 11 33 143 195 233 68 149 208 253 223
    116 74 18 215 182 28 67 5 242 121 18 90 210 170 137 33 187 21 118 93
    164 213 142 242 172 77 48 132 172 250 118 128 254 212 25 216 189 157
    117 101 174 200 169 45 206 48 114 198 231 90 79 168 45 164 137 42
    119 93 39 134 6 139 55 232 93 26 128 21 210 76 69 215 150 162 241
    161 157 203 250 232 193 217 54 231 164 201 197 174 78 175 70 176 173
    228 58 150 45 245 62 46 231 58 7 167 236 18 193 197 173 93 232 77 28
    145 164 76 43 228 251 195 103 241 250 41 223 206 141 157 145 208 32
    24 236 155 103 6 174 30 210 103 210 113 26 115 204 234 103 144 69 46
    174 171 152 234 181 215 11 49 183 104 234 207 1 122 63 2 155 183 134
    106 189 41 151 155 157 154 219 77 246 183 226 178 142 86 9 139 194
    56 64 149 132 182 6 25 176 88 15 238 5 58 122 167 252 2 75 213 236
    113 129 213 22 50 6 222 173 186 16 132 179 43 184 0 12 214 53 233
    103 152 135 59 218 174 186 238 142 59 73 246 59 51 86 16 78 190 134
    171 54 38 229 67 252 96 89 162 133 10 218 39 244 160 191 236 204 189
    107 125 164 144 99 203 79 128 206 100 101 96 91 172 16 213 116 4 45
    181 8 241 163 195 204 250 69 203 128 242 163 22 211 24 205 187 69
    255 125 64 223 215 187 158 246 178 60 62 95 102 11 220 24 243 195
    118 11 78 243 82 25 137 143 164 140 67 55 53 69 147 79 82 82 38 165
    70 76 173 68 206 16 164 232 39 53 51 126 46 179 191 121 183 164 122
    6 2 15 150 245 85 198 112 71 204 203 43 124 127 202 0 214 52 50 1 0
    48 211 199 0 207 248 74 199 38 139 216 138 17 27 225 249 120 201 21
    120 250 55 155 228 194 180 174 95 114 14 39 150 147 150 243 82 112
    190 134 120 72 68 233 126 22 227 28 45 131 199 109 156 171 155 109
    189 125 74 65 88 242 85 207 214 211 11 121 126 161 26 136 225 118
    225 224 113 39 34 183 16 87 119 99 23 5 219 167 23 85 163 42 171 244
    183 175 205 120 59 8 72 182 226 78 169 157 12 101 127 172 140 164
    228 23 114 177 74 32 95 110 195 87 124 103 2 82 208 12 188 14 178
    146 3 67 88 99 246 151 90 247 174 43 46 200 255 0 97 236 21 242 11
    200 27 20 121 63 232 84 35 42 229 11 220 49 50 175 105 249 234 177
    136 90 92 148 150 208 157 54 176 91 156 94 233 12 215 110 1 130 122
    191 89 61 202 60 165 231 52 160 42 212 51 204 11 115 195 134 184 132
    217 150 223 12 201 110 44 208 253 216 134 88 173 231 79 227 102 129
    34 185 6 49 235 23 181 128 38 119 178 201 3 167 53 132 126 131 2 175
    17 147 41 187 95 22 100 182 210 58 111 19 18 161 163 96 148 209 244
    51 121 221 190 5 27 122 67 244 204 136 18 221 92 21 178 4 53 27 60
    69 104 61 119 1 255 252 34 75 92 95 97 195 92 205 46 42 134 78 89 38
    4 172 188 84 10 71 16 160 62 102 189 9 44 95 105 116 37 160 49 97
    156 119 220 174 12 36 130 4 63 236 138 169 39 200 169 136 42 118 10
    173 49 44 247 22 232 167 154 123 150 105 86 203 101 143 251 31 42
    184 80 111 214 13 185 177 178 14 48 165 167 175 180 195 126 230 68
    39 68 58 157 180 24 11 125 56 243 191 57 58 222 151 16 119 92 37 121
    185 220 151 71 221 90 75 133 135 219 228 18 105 201 80 141 102 219
    52 30 167 68 12 246 194 242 106 37 75 80 101 110 230 2 192 12 105
    138 70 178 24 46 124 18 90 143 117 3 226 71 26 34 248 242 203 34 252
    76 7 103 223 166 208 12 242 86 120 173 106 73 78 50 24 100 192 166
    201 124 233 252 172 69 139 59 233 12 247 233 232 69 185 204 225 181
    62 124 79 74 174 155 200 247 119 197 235 105 177 108 35 33 54 83 176
    156 241 167 125 57 9 95 27 59 54 40 201 55 199 154 3 103 208 175 16
    128 206 77 185 156 4 148 53 250 195 165 75 99 254 189 173 199 137
    132 14 47 106 233 42 139 80 211 168 86 165 56 244 179 150 7 21 43 9
    246 247 9 101 33 211 181 43 11 175 217 84 158 14 74 101 36 144 181
    147 250 95 234 182 58 228 7 38 176 175 55 149 160 252 78 62 225 162
    218 182 16 82 82 251 245 120 52 10 143 114 212 192 160 34 176 115 28
    200 162 226 189 235 209 156 250 27 166 69 120 246 230 159 157 50 104
    187 153 7 87 197 39 207 184 41 166 88 74 155 201 5 127 154 26 110 64
    227 166 169 79 169 235 129 240 215 162 12 167 182 234 153 173 153 39
    143 2 101 206 230 20 135 111 43 184 26 85 81 76 255 14 20 67 242 226
    87 99 222 125 204 104 150 129 161 150 169 30 246 240 40 79 33 109 14
    167 107 73 166 58 20 150 55 244 132 53 1 145 180 116 12 26 70 62 135
    122 239 4 218 82 89 249 14 194 246 224 65 68 237 121 74 141 207 34
    147 45 49 139 41 80 122 53 180 23 216 92 122 68 195 154 211 46 42
    243 129 233 193 83 219 20 108 157 227 24 103 141 146 112 43 5 228
    190 71 173 166 253 190 98 26 131 111 155 241 165 53 5 255 49 78 216
    239 211 49 11 178 3 122 54 220 5 219 179 70 255 201 127 228 192 62
    108 90 8 19 83 179 185 22 66 232 123 79 202 30 240 51 34 9 19 116 87
    251 1 71 214 164 62 29 206 178 182 131 118 147 86 121 190 254 43 82
    134 87 167 111 162 52 11 189 126 118 238 7 206 4 119 119 151 211 228
    119 15 138 197 250 66 142 15 38 244 137 10 102 230 61 183 135 178
    214 165 152 132 87 234 225 2 235 129 112 238 232 133 67 118 218 250
    187 86 156 204 174 115 236 230 115 236 52 68 22 243 188 153 85 41
    241 119 201 152 103 11 165 5 232 71 93 54 233 207 4 170 191 13 166
    151 213 40 173 50 44 97 7 233 126 27 214 175 6 166 249 96 150 194
    241 170 166 119 165 188 158 102 90 67 201 29 8 159 145 37 157 167 10
    200 144 162 77 107 3 228 81 122 56 216 42 223 140 184 175 53 208 28
    24 240 235 21 85 127 233 138 116 214 137 124 22 213 145 216 182 50
    72 20 54 67 59 83 218 120 67 25 105 11 187 82 142 171 14 48 163 76
    22 165 195 35 57 5 55 73 35 162 224 198 74 76 22 185 46 116 112 17
    204 193 31 6 241 183 76 231 86 170 96 118 234 128 27 29 190 123 78
    162 86 41 231 80 87 23 146 167 161 134 152 95 174 137 35 116 189 24
    39 22 112 61 58 155 136 18 20 74 55 44 242 141 179 200 237 163 86
    208 153 177 185 86 180 159 157 233 84 54 80 22 42 38 91 133 165 246
    74 159 112 195 59 66 99 2 242 229 135 172 247 80 26 84 153 13 110 82
    109 4 196 169 103 89 32 110 58 64 207 60 113 139 255 238 41 250 174
    44 9 93 109 153 11 176 203 17 212 16 134 6 214 94 44 175 45 244 101
    173 81 76 90 140 226 1 31 79 72 179 168 3 225 121 93 141 102 27 180
    165 191 18 209 54 111 26 27 68 40 18 193 98 48 76 115 255 46 7 139
    48 206 3 62 245 255 131 169 62 201 145 60 114 175 40 249 183 42 58
    79 132 139 112 83 129 118 169 74 44 52 27 230 27 181 119 65 80 216
    126 114 92 144 199 129 168 114 74 84 187 232 112 138 79 102 43 210
    227 52 243 57 248 238 158 8 50 50 217 19 231 101 143 151 199 162 26
    79 106 194 238 205 253 249 77 53 166 228 173 161 121 221 193 216 146
    239 199 197 210 75 148 66 2 213 149 203 200 61 72 129 204 80 90 182
    157 10 88 12 46 198 2 237 133 224 9 182 142 147 198 236 232 81 74
    155 122 234 70 156 123 201 14 2 222 212 78 33 75 0 7 62 110 161 36
    252 76 252 19 138 234 41 143 202 228 173 72 205 27 207 158 143 209
    196 1 237 113 235 226 99 53 75 141 246 164 254 129 128 107 75 255
    195 146 19 22 22 107 18 108 101 30 244 23 7 217 241 18 16 155 83 140
    183 57 138 139 58 195 212 235 45 131 101 64 123 8 117 138 199 46 145
    39 91 113 255 129 232 15 148 16 8 253 22 16 147 132 203 153 191 71
    255 205 121 231 219 9 192 36 164 99 172 40 111 115 67 202 5 130 8 20
    223 111 251 173 131 207 99 171 173 108 25 237 167 70 203 20 202 173
    71 125 104 250 225 37 135 117 190 183 31 24 217 173 5 239 157 104 63
    160 106 124 90 134 22 245 32 39 162 1 196 104 1 84 25 97 99 125 80
    160 11 195 39 133 186 138 37 215 131 214 173 102 148 223 12 15 109
    188 64 90 215 181 208 148 200 78 231 229 231 116 7 34 54 231 73 162
    92 144 150 66 141 254 184 23 44 209 239 244 4 70 23 128 145 64 125 9
    199 219 193 166 209 58 189 98 75 54 71 156 173 227 251 8 87 122 1
    250 108 170 125 194 209 193 211 180 110 74 66 219 32 92 203 195 126
    123 16 203 246 8 70 128 220 186 167 97 35 252 87 70 114 13 65 25 148
    67 2 40 150 37 34 138 92 147 148 80 217 157 97 132 248 247 101 74
    215 239 71 29 127 183 157 140 86 56 197 200 85 16 3 210 26 71 11 131
    215 204 252 245 192 132 19 143 81 62 227 188 236 23 167 154 150 28 6
    227 252 73 45 42 223 121 139 90 217 80 91 168 228 156 9 89 213 114
    106 81 31 55 83 73 38 108 37 243 186 176 189 172 79 74 79 180 205
    252 200 45 68 156 233 0 188 113 176 225 145 174 6 43 148 180 78 140
    47 106 13 229 107 79 54 84 246 48 72 92 126 130 244 51 210 155 130
    28 228 7 108 154 7 17 7 188 62 67 84 162 102 1 227 63 170 82 236 13
    148 179 252 52 104 162 61 106 183 124 48 231 191 167 46 40 167 161
    226 204 14 11 110 92 47 32 179 57 99 236 163 83 115 85 34 245 48 82
    203 154 240 186 63 84 235 104 243 6 142 147 156 50 199 51 221 109
    212 49 183 140 97 108 34 101 149 14 149 111 105 148 51 81 20 110 115
    200 169 27 190 61 50 228 23 55 108 180 91 56 122 153 91 230 235 247
    154 151 133 86 36 100 40 122 159 172 16 61 108 155 254 206 44 28 216
    166 5 5 228 110 56 204 222 56 17 252 253 78 85 86 187 5 147 217 56
    143 178 63 24 141 32 220 68 139 130 102 131 198 38 120 209 66 237
    213 127 191 13 122 215 104 75 13 132 199 193 57 108 47 26 56 136 164
    242 212 102 71 250 154 120 5 253 7 104 115 208 87 184 209 28 57 66 7
    170 145 238 221 18 98 134 125 98 219 208 72 120 187 214 3 201 22 7
    218 202 151 70 153 14 230 151 39 68 189 250 11 57 165 29 9 235 93
    178 190 15 134 245 58 61 12 12 127 124 132 99 243 208 65 214 51 31
    174 6 128 192 47 126 169 90 73 203 167 102 225 208 12 253 186 35 50
    154 171 101 239 89 73 218 70 90 13 241 91 180 85 111 141 219 61 242
    100 178 251 109 137 139 85 83 169 126 171 207 17 207 20 163 233 55
    116 161 233 211 164 88 84 242 74 175 109 147 69 45 70 235 137 54 49
    223 127 89 224 199 64 140 15 120 189 14 107 249 134 116 209 81 90
    215 21 161 153 98 159 59 75 16 55 15 189 206 185 199 154 70 121 175
    73 196 157 18 251 212 49 109 252 212 33 45 173 21 151 204 223 178
    159 132 10 63 175 195 72 224 74 30 183 211 34 211 145 19 165 54 4
    219 112 14 225 140 20 48 82 107 168 132 86 183 226 87 24 108 143 10
    87 229 136 15 127 40 176 78 213 40 220 64 88 26 29 93 68 102 224 222
    92 138 87 225 28 142 177 172 218 250 76 92 177 222 32 243 148 147
    119 212 169 10 238 39 50 56 11 195 79 5 50 96 190 235 149 173 23 246
    15 51 83 185 199 170 83 113 105 29 255 74 250 221 18 249 13 16 212
    31 141 154 56 189 143 225 138 7 113 204 85 194 5 24 137 148 139 27
    83 79 231 106 36 60 217 168 136 210 68 175 91 18 79 169 64 250 138
    135 62 12 35 68 126 166 204 205 196 13 118 121 237 139 188 112 163
    142 149 206 239 44 112 87 62 55 231 42 99 116 113 20 226 113 104 98
    104 209 143 70 41 242 158 7 40 28 95 88 56 111 214 240 14 5 221 73
    60 250 147 19 54 97 241 249 131 225 75 107 99 49 201 226 132 74 94
    33 64 4 231 214 205 133 198 231 29 131 87 41 71 11 4 178 82 233 20
    59 254 209 217 236 244 80 132 115 50 46 51 224 161 236 47 203 95 153
    105 133 89 119 217 151 168 105 236 31 114 93 176 255 86 170 9 191 52
    19 92 102 85 134 18 110 47 169 217 64 29 252 59 74 175 250 220 122
    141 245 160 194 69 157 22 86 123 242 106 100 8 67 179 111 98 46 69
    80 24 7 19 170 243 115 59 77 216 11 227 151 70 182 127 49 216 191
    253 144 152 0 66 113 83 134 208 228 224 83 88 120 183 144 229 93 179
    201 170 203 1 190 198 102 66 176 252 94 81 99 240 33 217 131 215 142
    250 88 184 183 202 77 166 23 136 191 219 188 177 17 212 229 109 89
    210 134 128 254 125 21 143 153 148 180 116 173 56 236 184 77 243 227
    142 150 232 67 231 239 76 19 99 214 122 149 172 248 200 20 119 61 76
    235 12 66 48 41 206 86 141 10 216 0 186 38 101 25 251 240 132 212 9
    194 199 68 188 119 35 54 22 237 166 174 134 136 30 61 143 27 84 68 1
    23 103 189 222 174 109 39 154 114 53 197 170 12 138 233 27 216 92 15
    166 113 79 186 161 97 205 214 3 43 17 132 87 253 86 26 99 223 216
    203 227 205 195 207 129 101 206 46 15 251 136 97 210 36 133 70 220
    127 179 28 80 132 251 100 68 26 131 97 204 251 239 58 103 224 130 17
    208 172 100 134 127 79 238 70 36 6 161 8 130 150 78 67 254 71 162 7
    27 214 244 22 176 231 104 116 108 251 68 184 132 9 99 208 252 222
    184 90 14 180 139 211 40 1 130 129 54 59 130 43 84 52 220 111 134
    118 179 241 100 120 75 63 102 19 127 19 173 252 241 186 93 180 165
    187 73 185 100 153 244 116 132 248 40 124 50 171 154 43 210 116 243
    141 251 103 166 11 206 31 34 23 61 255 159 136 138 88 102 52 226 166
    175 158 15 10 212 84 223 165 190 235 116 34 187 27 87 68 201 50 143
    119 151 5 248 133 151 240 242 65 46 60 154 133 43 209 145 124 159 75
    185 228 235 139 104 180 134 123 210 110 78 152 233 158 98 117 175 1
    87 32 119 88 242 76 52 197 82 230 35 163 232 51 226 30 35 235 51 211
    68 128 133 55 238 229 91 9 228 24 235 66 227 124 254 144 185 251 253
    248 238 207 101 169 252 219 104 170 222 158 115 28 132 213 213 160
    133 112 255 128 226 205 47 247 153 214 49 60 210 16 74 151 166 13
    115 91 137 240 84 207 68 122 187 52 202 177 100 79 224 188 136 174
    122 53 127 122 233 242 235 252 154 40 72 22 64 87 174 233 54 148 232
    26 241 108 75 170 164 109 122 51 99 240 173 219 32 6 10 27 235 130
    169 69 11 102 77 64 236 179 190 121 255 49 118 166 74 116 195 1 208
    224 60 151 144 0 55 72 231 33 118 77 11 210 153 27 80 20 15 52 35
    148 229 119 229 209 89 6 86 217 76 239 65 85 95 227 146 42 190 154
    184 198 78 92 24 117 67 207 139 6 86 153 166 173 21 79 81 72 139 153
    81 187 7 109 230 150 145 101 136 83 95 161 158 11 253 219 251 219
    190 251 112 68 159 196 216 54 95 145 0 166 192 253 205 183 176 208
    102 234 127 71 69 120 29 140 233 0 250 148 18 98 84 249 190 222 29
    130 167 168 215 116 255 82 235 189 158 180 88 82 246 38 93 192 69
    250 24 192 200 84 71 83 186 106 18 46 44 210 133 176 119 121 2 43
    122 28 136 122 175 86 15 200 82 66 2 19 90 178 234 33 173 170 184 60
    106 84 174 130 107 56 108 54 106 210 25 3 124 134 61 200 60 253 238
    216 59 71 53 25 94 213 130 24 139 138 51 56 207 250 144 248 185 177
    24 62 10 123 66 223 169 248 218 161 135 192 205 194 171 238 170 243
    48 2 246 191 107 146 142 152 27 243 171 130 1 212 79 41 107 153 16
    31 48 239 94 51 154 173 36 51 247 5 72 73 163 242 127 168 56 110 1
    245 234 161 219 34 14 222 93 194 240 124 201 59 201 192 186 60 154
    65 74 251 58 18 15 24 79 76 151 100 195 22 49 215 176 198 64 71 66
    169 90 11 145 135 85 93 86 2 118 152 216 80 47 213 185 194 28 89 170
    197 174 140 213 99 132 192 62 106 158 41 50 12 56 211 246 148 145
    133 238 139 167 73 27 156 192 44 87 22 246 21 87 48 15 249 24 94 254
    220 219 86 191 89 206 56 66 222 255 118 71 44 70 114 23 134 187 186
    69 104 167 134 252 167 235 53 38 136 194 54 19 168 227 227 177 236
    170 234 236 169 193 216 93 151 234 176 195 40 199 203 109 17 23 150
    152 57 18 112 144 138 239 106 67 129 14 214 43 126 189 23 73 156 89
    185 229 200 236 41 27 28 8 49 42 78 124 72 213 74 247 2 173 169 78
    200 65 212 35 155 195 58 184 224 19 212 89 250 241 190 28 247 210
    170 10 45 219 234 200 75 23 90 62 200 45 209 108 172 216 142 101 165
    144 56 145 202 252 59 95 30 191 162 93 171 194 255 12 26 148 39 85
    146 211 210 80 220 38 143 131 180 216 34 126 205 83 9 155 80 138 137
    91 149 195 227 227 18 43 247 205 99 183 186 135 26 228 77 83 54 207
    149 160 120 157 108 237 245 114 100 227 179 62 232 66 13 73 224 31
    74 111 23 206 47 34 19 79 37 62 98 54 221 217 167 141 13 157 238 91
    172 215 158 165 38 220 21 242 148 46 242 134 22 44 166 174 202 65
    208 193 15 233 165 165 141 164 62 64 51 178 105 115 172 70 228 226 2
    63 126 152 127 142 207 20 17 189 87 193 214 46 232 142 232 116 85
    241 220 152 56 137 62 151 125 231 133 176 183 105 45 80 166 83 222
    168 23 79 162 70 250 44 87 233 167 41 209 89 210 111 166 79 199 113
    133 197 223 91 108 103 48 2 46 85 142 58 191 140 241 220 168 190 166
    238 212 31 215 79 88 218 78 108 26 187 152 2 216 145 191 206 72 212
    142 79 58 233 224 29 216 154 102 7 73 220 4 112 248 16 133 54 159 3
    107 112 125 9 148 231 55 55 58 38 93 45 186 192 61 153 197 237 180
    167 225 60 25 117 137 48 135 235 215 81 81 150 206 159 33 162 127
    231 146 203 197 223 188 96 222 164 205 128 91 55 59 143 181 118 4
    195 174 118 132 113 87 137 0 43 227 112 159 101 175 92 114 122 191
    234 235 187 195 35 189 214 201 225 111 243 30 243 98 223 157 194 84
    206 109 124 212 171 121 54 83 225 8 80 184 65 188 159 158 36 169 196
    246 116 140 197 202 64 246 223 48 161 243 91 227 222 215 210 140 70
    168 210 21 58 196 22 19 145 146 53 28 191 148 247 109 139 142 141
    200 255 100 127 186 121 89 68 50 18 225 229 86 166 105 49 79 182 136
    231 87 65 51 127 58 247 51 7 100 60 66 227 251 39 137 65 135 16 247
    116 29 243 208 53 50 4 189 69 182 62 127 126 171 53 163 40 175 208
    224 11 183 255 244 113 59 125 3 116 104 68 151 73 31 255 116 101 45
    183 56 77 243 4 131 1 199 58 183 164 101 141 83 139 179 222 134 4
    111 92 140 18 5 80 239 76 117 160 130 40 191 101 141 56 185 105 40
    29 120 167 212 55 85 81 224 253 124 225 69 60 14 238 161 244 128 85
    71 141 27 72 147 18 25 88 72 30 67 99 15 33 123 94 215 176 138 89 71
    186 85 74 220 66 176 4 232 36 247 52 6 19 145 126 76 153 220 189 16
    66 86 142 223 123 247 100 1 226 121 180 1 247 80 39 204 203 240 72
    100 5 140 229 207 54 229 151 146 172 175 118 249 220 210 13 14 127
    15 34 219 18 151 52 161 223 29 103 20 95 68 200 170 235 90 109 13
    197 185 223 125 225 179 20 12 130 240 205 48 27 183 194 183 155 46
    99 225 114 228 60 123 53 230 86 223 10 254 247 202 49 70 247 225 145
    48 175 246 239 119 110 169 239 231 185 81 66 116 18 86 162 101 44 91
    203 206 94 1 150 42 11 156 13 219 37 54 225 9 181 216 66 122 197 20
    138 86 97 6 119 50 95 244 231 221 180 21 225 186 178 27 171 230 171
    61 107 36 220 105 205 153 209 30 107 194 196 26 174 167 22 193 234
    19 130 59 219 6 156 242 225 180 88 226 175 76 12 140 118 166 177 124
    27 186 40 97 70 175 31 249 162 109 118 76 77 79 120 165 241 136 118
    99 220 17 91 133 232 59 14 83 94 77 34 191 87 186 238 37 188 122 36
    170 73 40 240 57 141 69 234 105 13 62 238 169 131 160 53 9 154 205
    48 38 70 209 62 47 178 250 164 152 108 46 3 19 188 50 173 153 116
    121 22 170 193 112 106 46 136 237 49 86 178 122 73 14 178 86 181 238
    108 241 68 71 46 249 28 99 55 245 236 58 4 117 187 240 209 66 179
    202 201 163 183 16 30 250 137 118 128 105 181 170 29 163 85 60 6 153
    25 91 171 50 41 40 119 118 160 248 104 128 79 90 128 62 116 144 230
    81 201 81 6 134 55 144 194 213 200 53 223 222 25 219 5 210 59 165 59
    115 64 242 104 46 212 134 70 115 190 104 18 130 253 110 196 121 52
    55 253 158 0 182 29 142 77 199 183 110 157 136 3 147 68 128 248 61
    191 33 155 132 217 66 53 190 165 165 236 50 230 248 90 213 100 135
    202 197 244 234 197 12 14 182 112 251 206 107 163 210 108 82 152 120
    93 116 169 82 159 238 114 242 158 111 14 252 106 213 183 224 86 185
    56 8 73 58 247 7 138 126 34 3 199 200 247 81 15 254 85 58 199 15 201
    229 159 82 127 157 223 99 225 159 4 123 8 157 58 73 237 42 71 99 35
    62 183 213 223 124 18 201 174 140 34 147 27 123 142 13 196 38 127
    163 57 178 86 225 65 86 35 75 68 250 8 24 251 232 186 40 194 208 121
    116 8 85 186 31 150 67 20 106 93 3 156 11 34 254 37 28 121 22 99 80
    40 114 162 80 209 210 73 30 237 100 9 99 95 156 23 12 28 120 207 125
    17 99 43 224 191 148 48 220 213 53 206 223 143 14 208 233 17 13 250
    141 109 136 188 208 97 223 159 196 26 144 234 60 212 62 245 123 44
    193 30 192 228 213 239 7 240 227 126 76 173 5 221 174 100 253 148
    149 114 251 252 90 118 71 58 69 168 7 47 124 234 221 69 239 44 120
    142 34 118 163 228 140 117 151 177 151 178 138 237 192 17 219 209
    138 31 5 47 176 200 219 15 226 129 26 174 119 80 66 3 90 243 210 131
    12 92 168 208 32 60 245 8 148 124 11 198 216 227 187 62 145 152 167
    46 230 149 16 227 19 182 117 41 226 191 223 54 57 49 196 252 103 79
    240 72 199 148 141 15 14 161 196 7 137 182 125 153 196 132 191 71
    206 197 230 254 141 176 199 182 137 25 245 94 62 175 104 48 55 198
    50 236 103 105 29 27 235 158 77 12 5 75 157 93 2 27 81 214 173 98
    226 172 203 100 103 253 30 143 159 255 75 25 177 238 188 219 9 169
    198 243 22 133 109 127 208 132 141 81 78 70 165 148 22 51 236 228 37
    107 138 187 160 254 239 238 170 89 20 132 207 230 1 176 14 124 90
    113 180 174 161 45 85 40 24 27 2 96 181 215 147 162 250 59 214 80 3
    128 189 145 55 183 8 177 45 23 14 53 226 149 66 125 70 10 161 170
    199 253 244 193 94 32 37 51 217 249 46 30 194 78 116 62 219 20 3 218
    162 164 164 59 162 11 96 71 105 94 244 244 158 2 28 75 137 150 134
    102 215 151 5 26 4 216 68 55 178 216 113 234 138 173 165 40 8 124
    227 240 237 128 60 207 150 181 35 186 210 6 126 221 234 40 190 53
    116 5 159 59 194 152 251 190 15 206 117 131 95 223 45 168 46 35 8
    207 138 62 84 23 146 244 50 90 12 103 31 241 212 92 127 227 30 188
    221 69 117 169 102 178 104 248 21 251 129 140 131 220 58 212 179 251
    16 194 52 160 218 76 32 223 122 21 252 233 124 142 139 241 53 169
    247 122 229 27 98 122 99 4 56 229 97 205 236 16 129 142 210 157 211
    11 126 177 42 29 119 151 200 111 98 132 250 154 43 18 127 223 136
    102 219 149 166 9 107 135 200 56 21 112 228 200 82 210 127 84 184
    247 80 176 21 149 46 187 239 9 158 6 164 73 88 15 124 9 180 195 216
    166 24 201 164 234 106 112 231 66 72 30 35 91 142 204 173 152 200
    125 55 108 208 109 21 248 127 71 110 233 151 23 200 84 156 242 117
    169 253 162 8 98 127 109 245 3 233 7 64 106 27 39 189 151 148 78 48
    66 235 29 215 141 204 59 253 255 195 189 195 206 230 134 65 89 251 8
    213 158 37 255 29 75 5 251 247 196 207 101 213 126 125 7 167 207 24
    196 44 31 162 42 218 210 95 102 27 39 70 75 129 37 200 60 79 243 15
    66 48 255 24 99 16 87 137 22 84 87 17 75 36 134 249 150 80 140 70
    144 227 134 27 133 249 30 2 126 171 32 106 22 245 168 13 23 2 181
    230 48 9 201 219 178 101 240 246 91 251 166 232 196 9 149 156 66 140
    112 233 75 39 184 176 208 94 55 84 225 75 98 52 217 119 56 5 113 203
    192 243 110 164 19 162 32 22 204 224 20 102 146 195 104 23 27 154
    164 97 90 191 94 163 22 234 136 171 192 227 181 47 84 65 197 230 34
    14 232 237 111 238 173 82 45 243 4 154 136 222 123 174 177 55 184
    208 122 211 125 58 205 148 30 247 120 119 232 233 247 226 114 159 22
    129 222 173 177 83 165 133 253 81 252 224 89 75 108 36 10 129 113
    234 32 214 29 162 227 190 48 116 93 73 203 226 128 210 222 15 215
    207 136 115 76 13 5 233 173 13 20 100 8 7 156 129 55 147 212 66 128
    67 116 209 200 157 243 1 217 255 220 168 9 102 222 63 235 94 28 248
    119 217 148 235 145 110 203 128 27 236 213 69 15 161 51 52 250 158
    182 111 177 212 193 126 21 85 182 36 155 154 28 181 141 180 166 122
    99 34 169 248 64 126 52 244 162 25 193 217 7 248 33 90 223 96 32 77
    56 63 2 191 214 150 27 110 13 31 76 32 5 59 244 89 129 250 233 115
    30 139 253 247 69 103 125 121 205 189 75 112 234 65 158 112 24 63 39
    239 78 241 11 185 89 211 227 178 197 183 71 126 49 53 79 33 110 103
    45 248 52 143 36 101 106 35 68 165 255 213 133 151 249 230 255 254
    151 124 135 142 72 78 233 222 254 113 81 124 105 227 238 79 172 43
    171 168 188 111 106 117 7 167 49 2 35 106 29 158 62 83 239 149 166
    223 31 142 7 231 250 75 195 204 175 43 145 72 184 70 49 8 79 133 236
    77 228 133 45 225 102 211 58 133 2 143 130 164 228 85 23 141 56 189
    195 43 185 150 107 193 162 227 116 163 165 168 6 71 248 26 151 80 46
    255 60 189 73 24 137 165 71 32 56 229 20 132 171 2 139 5 250 45 160
    201 180 131 239 87 254 217 26 156 121 139 33 134 232 231 102 88 83
    124 221 147 109 136 225 195 104 168 199 152 130 200 119 29 119 90 93
    85 197 227 125 23 85 167 66 210 10 46 3 154 61 76 72 15 90 200 170
    254 19 116 30 139 98 98 181 37 152 176 39 75 121 187 208 34 165 44
    79 184 229 97 185 199 251 183 46 32 136 75 107 131 126 197 19 22 87
    236 151 171 32 127 38 251 249 0 240 161 132 207 146 140 208 192 128
    210 171 255 24 127 151 247 14 1 231 192 189 133 248 160 226 220 255
    33 211 163 32 46 88 72 134 70 5 230 155 233 155 119 169 33 161 123
    141 83 227 152 153 127 198 129 2 59 2 8 191 129 62 32 70 19 99 108
    72 92 209 57 204 67 176 23 66 172 95 158 204 223 144 154 168 135 252
    92 209 226 141 2 180 88 220 155 170 40 175 131 24 98 139 42 98 103
    251 115 158 127 44 75 16 90 113 13 74 109 23 79 60 6 109 200 148 185
    33 243 48 186 220 87 4 181 52 8 215 51 63 117 231 66 98 23 40 52 65
    154 154 124 60 234 67 200 7 250 212 83 97 218 238 180 217 30 242 118
    207 79 62 198 146 44 149 118 12 167 59 122 60 10 224 6 36 168 1 4 30
    59 157 19 4 130 69 50 181 204 255 201 147 198 114 185 38 109 85 171
    216 16 187 26 124 94 31 110 138 123 51 233 62 217 136 134 253 19 193
    149 16 129 254 9 113 90 2 164 241 65 145 20 15 170 134 75 44 65 169
    124 210 183 225 69 56 57 120 42 217 219 94 191 236 124 79 164 147
    108 17 64 228 198 45 253 41 175 240 167 125 187 189 107 198 104 136
    115 189 36 13 69 38 71 68 90 6 78 126 131 226 220 29 86 94 241 182
    180 81 8 33 152 236 158 174 234 66 36 225 1 77 54 162 227 68 120 27
    150 62 128 14 210 195 195 250 0 176 29 47 228 156 100 149 241 185
    102 104 245 235 24 153 95 84 193 108 168 21 5 99 243 7 97 83 8 186
    175 132 38 1 161 252 71 212 192 186 62 70 19 216 197 195 69 243 20 1
    114 82 184 152 178 222 47 250 67 233 227 26 237 87 53 114 185 136
    124 108 183 214 3 178 55 169 107 248 247 172 205 239 45 21 155 177
    181 218 220 159 118 192 249 125 174 175 62 201 113 74 94 96 227 41
    110 199 120 160 208 248 135 198 32 229 84 173 142 52 81 189 118 32
    134 243 191 113 106 102 33 138 76 28 77 162 215 13 155 69 148 146
    180 251 70 103 168 95 140 91 211 10 248 138 223 172 147 196 0 177 66
    227 220 165 173 248 101 111 113 171 144 52 131 195 200 20 36 118 169
    171 65 44 82 68 26 137 200 244 138 238 128 76 66 144 157 42 254 0 95
    83 239 116 237 118 238 171 40 25 6 61 249 8 137 85 53 169 70 254 147
    9 47 145 108 162 74 150 61 160 23 225 61 93 164 6 131 218 195 182
    118 17 213 149 50 77 88 141 69 220 230 171 228 211 62 148 156 168 51
    194 45 124 94 190 241 97 27 221 156 177 219 132 65 138 17 210 16 67
    251 123 37 208 100 207 54 140 195 159 203 95 67 119 177 61 143 140
    111 168 169 252 186 18 98 254 239 147 219 157 7 51 72 251 177 128 90
    172 84 163 136 210 231 54 78 73 83 249 74 51 10 194 219 9 56 199 210
    0 15 197 157 219 196 228 219 158 88 243 65 63 161 228 98 182 187 190
    61 215 175 186 13 18 19 20 133 77 245 230 36 232 193 225 56 208 43
    175 34 137 239 33 152 82 159 78 221 117 122 99 69 225 253 163 127
    191 122 62 29 37 33 176 6 12 95 41 124 130 162 207 227 94 113 89 152
    85 85 97 93 25 147 116 53 185 211 36 241 24 251 173 47 102 121 165
    25 127 137 191 220 53 35 199 168 206 20 128 114 117 46 105 83 139
    125 230 36 151 52 165 113 132 223 187 118 148 13 5 84 231 252 58 212
    237 232 109 112 225 113 127 157 251 197 105 219 107 66 49 243 227
    196 181 97 107 105 238 99 115 199 41 18 243 247 247 187 4 161 252
    186 25 153 101 54 121 174 166 4 23 128 130 0 189 133 205 78 200 220
    192 144 111 148 140 158 174 102 148 42 135 190 18 124 189 244 236
    236 145 135 186 174 186 149 37 176 25 190 148 28 108 30 74 78 10 32
    244 240 99 78 78 176 51 129 100 71 105 72 104 134 158 121 37 99 251
    39 183 221 51 123 135 220 146 221 124 146 182 247 87 207 40 75 18
    242 101 246 175 143 232 87 193 14 167 49 250 69 249 121 97 139 120
    194 28 164 194 241 4 43 138 246 145 165 116 112 184 111 87 166 203
    93 243 122 7 15 10 73 152 127 39 176 58 152 30 21 190 65 40 249 151
    233 59 159 226 53 114 25 120 248 83 246 214 13 147 150 6 163 160 102
    21 110 207 161 252 114 92 92 34 245 0 101 52 39 196 237 208 147 144
    140 92 27 144 45 192 130 40 230 24 62 148 1 157 240 229 202 97 29 51
    41 247 166 251 87 161 194 34 72 1 112 144 117 12 76 39 65 0 165 230
    134 140 165 255 80 67 114 70 231 61 22 249 155 226 247 156 220 3 1
    220 217 59 227 167 148 182 195 54 162 17 122 196 141 126 143 93 164
    95 197 160 131 85 200 95 138 3 9 198 150 75 144 36 31 186 209 228 23
    25 65 4 87 180 203 169 95 206 59 22 60 46 45 117 150 115 248 162 25
    78 242 165 36 194 218 61 229 83 103 75 201 18 209 160 185 59 4 195
    23 60 188 199 62 161 92 103 59 21 235 91 75 249 36 70 233 60 113 100
    215 171 86 176 33 109 38 91 79 166 210 233 134 215 95 102 165 51 207
    204 109 5 242 17 132 205 251 255 234 249 50 229 59 146 116 211 160
    169 225 89 104 201 214 82 178 243 7 244 248 240 175 84 34 114 187
    210 212 4 243 16 129 240 225 0 21 231 3 161 192 62 138 3 157 89 14
    167 80 4 73 60 25 95 52 201 114 11 111 246 78 22 238 149 205 160 23
    234 54 84 242 3 68 6 83 202 102 70 58 113 194 184 204 220 236 186
    252 160 1 144 89 124 153 180 139 130 161 198 136 66 33 175 94 214 28
    148 16 79 252 106 177 226 254 68 253 55 237 236 232 7 22 32 87 127
    195 93 229 231 103 1 177 56 4 129 173 171 2 25 161 164 45 87 239 120
    82 162 199 243 87 219 5 145 22 248 219 28 229 199 147 27 148 155 106
    95 119 77 126 184 131 242 179 193 158 43 245 112 84 23 42 193 146
    223 223 93 100 204 114 110 231 198 42 61 2 169 138 20 245 245 148 47
    94 196 37 106 2 28 176 81 171 188 34 135 193 84 157 27 36 15 118 66
    234 195 26 245 146 248 215 19 232 201 44 213 177 189 42 41 1 8 78 24
    64 76 79 56 220 86 231 184 194 59 95 102 48 64 224 43 207 172 170 30
    110 232 251 108 146 141 136 141 6 3 178 6 190 196 216 49 192 68 205
    71 185 69 49 75 31 230 10 164 248 83 246 145 195 92 51 127 13 206
    104 30 57 84 83 128 101 100 87 76 176 122 136 208 44 107 30 232 213
    12 174 158 110 208 68 227 243 148 60 242 68 186 39 208 147 61 56 32
    127 71 9 91 235 93 130 228 241 19 134 116 226 217 216 164 57 166 87
    76 113 109 150 160 140 201 9 35 163 128 128 252 148 55 219 64 181
    105 85 81 244 140 166 207 107 191 238 227 12 158 11 200 215 137 142
    176 194 80 197 250 126 250 227 148 187 192 245 162 173 144 136 141
    253 249 225 39 103 242 2 25 62 23 225 179 166 238 74 243 251 28 128
    180 143 7 232 205 5 102 54 217 71 174 122 64 7 191 75 116 62 251 20
    223 28 247 2 41 244 10 229 135 132 208 255 27 181 185 228 185 219 0
    114 221 169 84 241 206 40 239 126 205 7 215 246 128 178 244 202 248
    230 115 107 89 59 176 224 82 159 239 40 254 74 9 195 18 109 145 226
    23 132 107 27 1 9 166 75 18 175 205 115 141 96 134 223 134 58 149
    125 80 161 49 173 33 230 201 161 199 182 243 167 253 190 16 47 231
    251 163 11 96 12 79 210 163 89 201 223 43 48 149 94 165 250 11 191
    106 139 184 250 207 88 120 225 142 96 29 175 109 25 19 97 198 246 54
    177 159 191 112 22 92 25 124 86 168 89 14 210 32 27 113 229 230 88
    122 44 221 204 64 156 18 1 70 215 143 119 25 198 34 15 94 203 114
    186 39 187 126 39 235 195 185 24 244 20 39 211 155 66 167 252 168
    175 49 230 254 107 55 36 96 147 168 91 5 138 82 45 233 83 182 216
    167 144 220 131 133 133 205 165 159 248 66 40 72 90 172 80 185 55
    104 236 79 169 96 198 44 169 240 56 70 98 5 77 224 37 168 77 19 100
    7 172 219 96 248 231 223 58 223 193 104 151 79 76 9 100 65 129 35 99
    116 246 95 194 214 109 189 26 237 35 7 97 160 47 109 22 89 173 37 48
    41 132 40 106 110 112 120 61 94 119 50 156 2 233 223 73 144 112 208
    88 9 74 191 142 13 74 113 211 135 147 175 109 177 18 44 18 122 109
    223 60 192 166 181 250 22 72 220 78 24 96 3 69 126 245 171 50 139
    172 149 55 44 160 234 92 53 8 214 157 236 29 174 166 231 219 129 110
    88 222 151 16 46 225 187 195 252 208 212 87 242 22 244 6 67 101 34
    21 155 12 188 250 202 252 219 218 97 63 52 120 125 74 167 75 165 160
    170 135 11 225 193 242 135 238 221 2 234 115 138 86 241 185 153 37
    66 4 36 121 22 236 193 201 182 157 194 190 152 92 7 154 106 42 124
    159 62 235 179 244 196 240 233 177 126 22 198 120 145 73 248 151 237
    191 242 251 107 78 101 30 82 253 238 69 221 69 244 11 232 7 195 123
    123 160 92 255 86 106 246 233 105 95 138 225 69 250 4 104 111 90 171
    70 65 9 218 52 168 254 158 229 161 57 73 19 243 100 111 23 206 160
    228 80 82 169 137 204 138 214 122 163 109 192 17 38 146 37 118 235
    54 141 253 182 172 39 34 40 182 0 116 219 121 111 131 18 221 220 211
    8 34 1 7 203 215 158 163 227 195 103 155 78 212 85 238 120 117 89
    230 175 39 146 167 196 236 126 60 230 31 64 57 254 32 27 237 192 207
    215 38 222 90 242 255 17 22 232 74 90 151 250 139 253 24 27 24 84 60
    185 49 124 15 157 227 27 81 219 192 195 30 76 83 198 211 223 229 126
    53 36 200 23 145 5 235 15 50 17 20 112 87 160 44 222 90 25 216 25
    200 9 215 216 141 120 118 226 202 62 56 190 113 105 203 45 173 103
    253 150 174 88 249 44 2 160 69 36 192 182 179 211 172 209 29 225 226
    56 222 89 97 63 152 60 90 132 121 38 211 119 214 123 63 134 243 208
    58 9 5 224 21 113 169 242 170 226 192 6 197 211 86 62 92 252 80 255
    58 252 216 193 113 244 223 181 39 115 16 18 206 145 35 224 163 196
    252 5 21 172 97 33 214 49 86 202 3 151 172 240 226 168 22 251 180
    200 50 251 90 146 97 43 161 234 37 149 221 176 231 92 246 8 119 105
    232 239 190 5 215 132 153 64 5 186 217 226 167 234 80 237 18 215 251
    242 191 130 145 37 203 26 224 221 239 208 128 185 71 160 205 217 165
    112 95 244 148 86 26 216 239 148 231 59 76 68 4 230 106 60 95 75 87
    112 56 51 134 244 37 10 197 186 176 65 216 194 115 193 70 157 186
    197 209 65 238 35 242 34 239 244 191 168 64 56 236 195 77 176 94 124
    110 3 209 50 130 50 42 177 127 79 115 204 208 246 76 216 156 104 230
    57 209 135 152 13 156 172 15 161 118 51 240 1 254 180 129 141 163
    120 114 76 94 112 117 98 73 144 78 68 179 3 79 166 135 99 206 160
    164 209 11 0 212 93 212 165 76 28 204 17 72 73 109 216 87 216 149
    145 3 142 204 249 229 234 210 68 128 191 170 217 22 89 247 235 154
    75 154 238 122 141 251 172 73 66 240 241 188 87 186 12 73 201 21 49
    161 195 255 164 162 41 221 166 158 230 155 218 124 173 247 70 50 227
    68 51 109 184 172 66 36 201 155 146 94 156 98 153 149 173 159 57 233
    232 197 164 217 40 5 58 143 9 47 40 224 9 253 220 33 135 203 17 159
    227 159 118 23 244 167 148 165 177 165 142 192 66 238 197 142 177
    178 214 107 172 134 127 57 98 119 246 188 235 86 171 58 151 211 96
    80 247 43 169 40 141 240 86 106 118 224 140 184 45 244 118 164 69 28
    28 207 36 191 126 98 214 230 144 143 211 242 26 35 17 1 26 128 29
    106 167 236 31 69 239 173 195 119 49 67 193 242 230 202 186 173 141
    51 196 175 63 131 196 173 175 20 97 199 145 225 92 156 186 76 226
    194 34 159 233 201 190 216 3 18 49 66 134 91 205 184 94 82 148 56 94
    68 252 153 219 183 74 172 112 98 60 156 135 51 16 213 240 102 73 164
    181 72 89 113 208 250 2 204 207 185 130 133 43 181 188 204 129 103
    123 184 49 111 33 37 237 132 66 233 145 109 85 72 12 141 150 45 159
    209 133 156 137 207 160 167 232 122 9 31 138 207 139 130 204 87 199
    11 239 21 137 70 1 80 19 190 79 199 86 209 224 27 58 9 45 157 44 124
    162 30 140 105 156 207 153 65 22 80 9 169 54 226 92 121 97 152 80 72
    190 126 162 235 217 104 62 146 104 198 226 194 146 163 254 112 29
    203 29 81 249 206 107 50 53 83 48 31 157 171 0 235 178 244 69 226 72
    59 13 112 158 244 148 176 53 56 245 47 4 183 151 140 130 32 49 66 26
    84 209 13 53 82 73 160 103 234 24 62 183 180 102 34 98 87 38 13 123
    83 196 233 250 57 249 205 99 4 94 196 13 229 119 203 221 172 225 4
    192 190 91 222 99 136 85 32 66 140 18 167 67 222 143 70 177 237 18
    161 239 147 164 215 146 108 166 157 241 135 135 125 138 196 12 214 0
    108 49 212 89 150 67 202 91 181 115 15 23 213 47 231 10 35 235 78 8
    209 97 51 168 150 39 83 3 86 250 147 250 117 106 250 241 112 205 187
    200 191 215 254 112 91 237 11 218 253 81 57 32 29 150 166 133 34 150
    241 204 115 124 119 210 172 29 213 60 28 138 56 132 210 189 127 95
    16 35 75 200 229 243 9 95 228 119 74 47 102 7 139 98 192 149 64 109
    1 47 62 120 69 215 203 177 13 27 203 12 0 148 1 248 35 181 179 196
    19 140 45 154 139 157 94 66 252 52 86 49 109 157 59 174 227 7 224 97
    115 252 158 247 33 153 12 15 198 18 244 12 1 60 29 98 77 98 39 236
    73 59 165 156 34 44 89 56 7 186 209 19 198 79 127 167 58 196 196 75
    173 230 68 42 151 74 242 241 172 133 117 242 52 93 59 91 64 162 70
    192 178 47 185 25 231 187 239 133 193 112 210 15 98 114 51 57 248 37
    180 70 73 100 56 61 82 44 131 221 234 58 207 244 13 183 68 186 74
    140 17 107 50 201 198 226 153 180 179 22 138 242 107 231 90 141 252
    62 146 51 23 250 40 187 219 27 252 45 82 209 1 3 6 129 202 241 159
    221 50 85 148 48 74 124 245 128 185 50 249 109 239 68 238 218 88 194
    108 155 141 167 92 9 173 234 212 156 127 37 185 216 95 172 17 235
    113 126 227 73 177 246 138 86 250 195 9 148 109 98 157 77 201 28 151
    69 246 137 195 64 155 36 3 173 225 213 57 98 245 63 29 118 0 152 107
    97 218 132 133 68 239 216 181 143 103 54 66 29 135 180 84 118 151
    165 183 178 104 56 30 123 208 148 228 205 214 2 14 7 110 73 247 123
    57 186 247 33 45 146 238 164 68 130 220 101 200 86 169 207 174 146
    43 23 225 123 158 51 147 204 239 216 184 38 182 39 79 176 188 151
    201 186 128 247 201 99 222 181 59 158 191 81 16 120 142 20 178 191
    52 65 71 110 238 162 175 2 170 188 96 26 190 236 45 145 51 248 174
    218 205 218 38 62 29 121 164 184 180 249 170 243 68 106 151 41 231
    105 8 33 83 115 118 139 175 238 174 42 169 71 113 29 100 48 30 121
    152 151 13 77 26 240 2 72 7 174 21 132 116 46 179 108 142 97 152 216
    178 56 8 95 193 76 22 26 65 33 52 220 121 127 48 3 246 203 128 77 69
    223 137 90 246 93 221 239 219 200 81 193 218 96 93 172 3 47 55 153
    155 34 56 116 116 176 75 128 213 232 112 133 133 142 71 1 42 108 10
    37 208 26 208 201 205 192 154 153 69 97 193 166 251 110 26 169 35 7
    109 237 206 74 157 189 165 254 0 27 251 20 254 170 47 137 254 91 215
    3 96 247 134 167 90 94 73 161 47 184 244 182 177 97 193 64 89 163 78
    132 194 43 240 61 92 172 88 129 13 80 210 30 88 21 205 81 171 60 207
    31 121 109 246 71 206 180 149 99 149 69 63 29 88 6 158 116 187 208
    164 150 116 110 67 150 148 35 250 18 131 39 170 44 124 57 145 63 70
    24 187 21 193 113 144 58 129 181 51 49 113 104 191 198 1 14 99 36 54
    146 66 229 33 144 183 33 2 166 88 156 236 110 217 78 87 48 20 174
    222 177 90 21 209 117 196 102 14 147 96 136 201 236 189 208 214 77
    179 27 62 121 48 174 171 69 230 141 115 240 238 13 141 19 57 16 163
    54 0 42 161 122 251 34 133 168 152 236 105 76 201 185 116 15 175 133
    248 120 133 205 117 82 169 43 30 168 151 153 157 2 169 63 189 35 80
    126 116 26 194 11 216 173 216 226 97 69 64 187 72 76 48 18 73 115
    175 158 172 6 10 53 248 8 46 209 35 26 187 161 79 242 223 205 5 81
    186 107 177 5 123 210 238 214 7 19 132 186 25 7 170 163 18 19 104
    209 189 241 147 45 124 52 215 94 18 156 106 36 51 5 235 218 130 56
    14 67 165 92 176 202 161 206 88 4 219 94 140 25 68 129 70 204 249
    167 64 7 85 188 217 157 195 168 73 22 183 4 51 100 99 212 118 43 193
    208 77 52 89 171 105 164 23 114 3 223 128 109 89 6 167 85 153 159 17
    34 94 106 30 247 204 3 126 200 25 177 58 15 60 78 90 218 62 227 80
    227 232 102 9 249 13 98 176 76 220 160 128 223 168 56 189 121 132 33
    97 120 181 206 74 217 3 249 34 22 215 40 29 102 205 25 79 174 64 209
    137 186 101 182 21 189 189 225 32 56 147 194 115 69 60 51 95 251 49
    139 165 161 57 218 28 2 89 246 75 198 204 131 47 249 6 186 81 235 2
    81 63 85 113 96 124 148 116 233 160 108 3 60 26 220 230 72 79 212
    186 180 83 138 137 93 208 61 140 249 41 65 70 12 138 12 6 89 142 244
    242 162 159 94 86 103 244 228 27 95 110 143 226 156 193 182 157 246
    239 25 119 41 154 73 165 134 126 19 7 163 253 242 99 121 148 141 57
    231 188 165 34 247 29 47 239 214 211 207 89 132 230 164 58 68 159 41
    1 61 201 209 110 93 15 40 20 21 60 219 146 92 68 131 185 144 254 156
    131 236 186 232 179 97 62 21 39 191 243 72 190 61 164 3 207 20 203
    48 186 223 115 27 71 124 34 80 165 92 128 239 83 173 39 241 60 133
    64 187 80 142 169 23 133 93 237 185 241 51 29 1 91 54 213 74 126 225
    210 233 255 156 3 134 195 238 89 47 114 107 202 204 52 33 110 86 41
    53 135 73 79 5 190 73 78 242 55 123 123 248 151 235 249 250 200 190
    252 166 164 12 63 234 7 28 164 38 169 225 31 138 23 184 146 31 202
    43 134 20 141 199 128 69 227 97 205 75 195 146 35 165 80 224 163 132
    241 12 249 225 92 77 170 75 216 209 86 213 144 113 18 22 208 13 244
    63 56 79 119 220 94 3 24 189 17 167 41 102 254 46 201 101 139 181
    155 202 215 241 50 217 248 153 229 191 137 13 42 64 65 115 173 139
    211 67 144 27 158 220 60 126 11 77 78 237 247 122 249 164 92 239 51
    93 240 117 54 97 24 207 45 188 51 51 13 166 176 177 88 79 247 231
    131 65 79 38 150 60 156 13 167 163 152 81 238 178 139 82 247 25 89
    39 77 78 90 250 79 229 233 182 4 251 6 130 160 58 180 30 114 31 45
    209 122 131 192 233 65 210 58 234 183 185 70 126 237 0 193 39 110
    120 172 125 18 15 238 244 110 191 108 64 61 72 220 43 133 182 6 4 91
    210 27 174 148 232 187 127 196 97 138 237 160 71 80 54 234 139 142
    177 76 45 238 98 72 55 180 106 149 59 18 151 1 244 228 92 177 252 11
    194 147 30 212 56 143 179 116 234 100 224 75 57 71 139 180 144 254
    150 242 190 66 219 178 10 109 96 47 52 210 213 86 185 118 97 93 19
    210 115 26 222 23 254 71 235 136 112 28 175 52 253 64 44 203 232 15
    54 86 131 132 96 181 47 142 218 64 33 36 249 66 232 244 182 17 73 57
    229 183 251 23 64 182 218 152 223 168 7 126 57 143 181 13 119 67 184
    176 97 239 221 24 220 31 123 88 187 122 98 33 179 75 33 21 10 217
    255 220 23 213 224 192 157 202 39 10 132 49 149 120 41 11 79 129 239
    173 108 138 160 207 183 66 12 139 20 79 167 168 57 33 224 166 65 46
    45 58 113 99 120 186 217 193 97 0 148 73 2 115 199 231 85 220 27 180
    124 21 249 64 212 96 53 245 135 39 181 171 19 45 94 51 12 30 75 147
    47 196 81 4 106 20 118 40 253 17 200 248 94 243 68 195 148 70 48 48
    15 35 245 8 124 222 141 125 153 86 200 173 254 18 184 68 89 19 144
    67 195 130 166 152 244 209 147 178 61 170 10 195 61 168 110 104 98
    201 135 27 114 210 145 122 156 170 212 130 68 155 136 237 226 198
    251 175 193 81 180 5 65 80 207 181 82 94 169 3 78 63 147 250 132 158
    250 226 168 237 143 158 157 61 250 242 32 208 255 30 134 22 249 70
    206 49 122 146 159 124 141 16 51 0 228 157 241 228 149 219 204 28
    207 243 152 152 93 41 33 192 127 137 46 94 139 60 58 46 250 232 17
    61 162 164 37 2 15 141 57 83 43 79 146 194 176 20 158 162 217 200 42
    208 85 43 112 240 244 141 235 144 34 26 77 249 225 62 4 121 135 227
    154 193 13 44 157 177 241 187 29 227 123 199 98 195 14 102 130 240
    177 120 121 61 235 9 52 117 199 41 80 8 136 5 234 212 186 134 207
    245 149 158 114 1 130 184 214 174 121 224 34 55 243 220 125 195 221
    10 161 76 72 57 115 199 157 16 174 124 36 95 69 31 147 34 68 207 20
    37 136 122 58 130 145 184 24 191 35 46 79 104 46 154 219 173 85 88
    172 157 252 27 103 140 212 139 195 247 21 25 9 158 65 226 123 37 56
    235 148 158 92 35 233 15 118 125 51 53 101 83 255 60 189 94 171 176
    154 61 254 207 80 184 248 117 214 238 95 112 195 62 44 6 19 159 245
    32 210 243 197 217 128 215 169 159 42 155 166 198 249 94 173 170 229
    150 105 14 166 170 87 5 58 184 62 249 56 224 37 137 132 227 170 96
    192 149 35 63 92 149 74 114 217 132 138 109 189 168 4 49 140 254 43
    192 11 188 36 249 49 205 54 153 130 61 38 22 159 179 216 78 199 8
    137 51 157 192 45 63 76 192 226 217 67 222 48 99 0 53 163 51 184 248
    14 141 172 195 31 244 235 150 6 34 0 254 46 153 253 186 14 203 197
    152 177 81 6 179 103 20 139 150 250 19 70 37 0 120 248 58 5 206 65
    16 104 73 168 217 32 220 81 117 251 228 67 60 150 92 189 143 181 81
    142 43 249 56 22 188 193 44 106 88 247 123 87 53 87 28 225 9 168 181
    227 229 60 150 17 136 76 150 122 21 123 253 143 95 226 138 191 8 203
    249 121 228 254 251 205 65 81 206 143 43 111 57 38 206 114 68 67 170
    64 213 14 186 59 103 231 32 134 73 231 9 235 2 90 220 39 129 20 212
    191 226 5 157 172 24 148 11 148 15 236 3 156 45 229 177 203 195 200
    240 85 55 6 143 142 36 13 221 3 199 73 209 72 102 240 108 187 33 157
    239 178 126 215 254 255 85 147 208 82 213 227 72 119 107 213 173 146
    250 220 83 149 10 8 126 99 223 101 76 219 1 242 188 150 94 38 223 79
    238 54 220 125 72 35 222 117 233 183 22 107 140 171 165 100 167 93
    28 63 107 167 5 165 77 6 127 186 109 92 95 45 198 254 35 178 75 35
    168 143 132 92 107 166 77 29 195 52 112 34 72 243 48 189 220 146 27
    18 131 20 121 90 46 168 117 97 119 14 176 153 59 178 67 76 26 99 31
    194 215 99 231 149 58 132 205 236 236 222 204 5 129 179 235 213 168
    205 254 171 56 78 69 109 170 35 134 56 191 84 212 245 227 29 226 208
    82 132 163 203 157 166 75 251 87 13 127 240 164 172 55 11 164 203
    130 61 178 22 25 4 55 169 53 30 229 50 11 223 195 2 197 134 247 151
    10 226 242 173 167 29 186 156 145 26 132 213 211 55 25 7 24 159 140
    251 248 174 206 162 187 64 179 140 168 97 238 132 209 69 220 177 220
    101 241 72 63 124 111 17 196 33 164 173 51 111 156 129 69 16 12 253
    15 245 109 227 54 183 35 52 143 223 19 28 9 139 251 134 173 29 9 151
    146 42 77 213 32 90 222 168 0 119 65 146 92 221 84 244 145 219 98
    132 132 92 99 212 104 53 133 221 78 38 104 221 68 142 227 192 13 146
    87 66 244 239 37 185 60 254 167 148 195 186 47 42 195 65 59 137 156
    169 164 134 121 86 125 82 166 6 174 179 3 77 54 20 230 62 225 83 198
    2 83 192 140 167 97 109 253 184 143 159 139 192 123 216 188 3 59 245
    19 86 241 67 194 153 49 128 164 165 6 57 41 175 252 235 195 65 255
    249 200 50 59 118 14 130 152 180 13 30 89 12 230 168 109 158 206 238
    44 5 242 115 110 130 219 236 185 204 132 61 60 214 145 65 39 116 247
    9 82 34 196 178 122 61 199 192 112 217 238 146 139 141 235 216 178
    12 161 156 246 59 91 200 35 70 45 197 107 68 203 34 141 187 239 52
    70 98 85 168 230 65 230 202 82 234 80 163 52 42 182 138 32 149 154
    62 161 4 24 115 4 178 14 33 20 68 2 24 164 208 100 17 52 182 67 250
    176 50 197 61 222 154 77 152 52 59 116 94 20 80 236 40 72 217 182
    108 96 100 146 85 76 25 149 17 87 98 74 133 102 71 101 133 31 76 236
    67 233 26 167 77 70 227 35 65 248 14 210 117 228 98 49 4 175 179 136
    235 105 238 237 204 171 109 146 38 196 234 238 141 219 94 194 187
    176 253 205 137 61 194 137 175 38 218 35 140 119 34 86 128 5 204 223
    157 110 31 82 64 24 169 134 42 123 94 238 215 52 61 91 47 194 226
    107 99 165 254 145 134 33 227 49 154 247 98 102 176 156 228 148 180
    104 31 172 175 8 102 147 150 15 82 137 104 245 20 206 123 77 122 209
    109 236 217 123 117 188 230 174 39 99 201 64 138 201 105 65 18 96
    219 254 72 100 149 30 119 98 121 92 101 41 195 46 251 41 41 174 6 89
    245 98 105 204 95 32 2 198 151 181 51 84 99 147 106 1 22 252 44 196
    106 243 7 106 80 167 195 140 233 109 218 60 203 202 224 37 180 24 44
    52 118 184 77 176 147 121 0 217 197 138 44 167 138 203 80 146 118
    220 240 94 71 190 150 249 89 187 2 3 119 145 125 113 251 23 93 21
    136 191 187 82 184 140 150 205 241 4 207 113 82 36 171 247 247 219
    69 170 196 58 191 4 209 237 139 30 254 138 120 81 143 198 150 46 107
    1 223 212 169 8 197 188 53 112 15 58 251 126 23 233 196 91 24 209
    160 219 180 237 9 211 34 17 150 201 177 176 128 220 110 164 101 24
    114 58 116 31 51 224 218 22 98 221 77 60 186 61 239 248 56 180 119
    217 42 25 140 84 210 8 108 47 197 53 76 143 44 175 60 83 0 43 230
    254 213 19 86 221 59 60 161 31 85 92 190 103 150 129 187 218 73 43
    244 166 39 186 89 37 35 59 253 97 60 4 152 91 220 242 92 231 138 130
    130 56 11 204 229 93 223 165 99 158 65 149 248 237 6 184 4 186 16 63
    151 23 7 72 158 34 183 225 162 40 69 126 65 137 41 120 198 194 36
    251 104 43 2 58 245 181 0 125 153 81 240 127 200 254 207 180 127 200
    239 110 235 53 126 30 87 190 48 88 125 229 125 136 99 92 242 235 248
    166 234 25 29 163 145 253 168 82 9 143 132 17 144 62 221 45 151 226
    66 80 178 238 223 55 249 211 176 67 176 87 87 159 237 140 70 86 88
    57 24 136 179 250 112 95 40 46 99 9 40 90 30 49 81 101 255 160 249
    216 184 164 3 12 135 36 135 124 100 35 71 241 185 206 212 253 92 70
    193 55 110 85 139 82 152 234 157 231 235 92 87 105 233 214 199 76 95
    55 104 73 202 129 81 30 148 82 69 156 77 237 118 185 133 229 230 209
    25 136 91 133 90 163 231 28 123 224 175 153 61 228 250 134 150 240
    27 36 238 224 239 62 54 213 240 70 100 45 46 237 42 81 194 111 188
    223 79 18 8 92 72 54 204 153 36 146 238 111 191 138 213 13 13 29 139
    184 210 116 72 205 249 59 164 236 37 168 243 130 131 146 31 118 162
    217 29 72 187 251 189 77 98 236 184 226 133 109 36 198 105 254 92
    123 210 228 255 219 70 200 202 196 125 67 239 9 240 37 10 93 123 138
    195 110 12 216 174 136 152 239 189 42 36 93 6 218 202 36 147 239 8
    180 27 212 217 253 253 245 194 48 45 83 43 228 231 151 55 234 136
    187 5 173 195 196 86 195 163 125 64 43 232 93 164 49 97 146 197 134
    106 192 85 217 180 70 137 51 158 65 193 178 99 105 200 31 38 225 73
    67 50 130 32 138 71 167 44 179 86 175 217 188 183 186 56 179 163 180
    150 226 139 108 166 43 44 24 105 74 183 253 155 73 55 234 102 51 205
    194 130 1 30 80 188 90 166 199 47 39 139 227 233 75 194 161 86 55
    240 183 75 178 206 159 208 56 217 103 138 118 156 37 16 37 158 58
    132 133 235 53 168 250 40 36 186 69 42 230 41 78 116 210 152 217 13
    6 179 15 45 48 138 192 192 153 83 120 170 204 174 152 182 132 126 18
    119 181 28 51 129 64 132 27 172 223 107 65 102 47 185 11 134 255 26
    204 66 26 55 39 185 61 121 3 102 11 41 148 245 51 123 74 8 57 223 62
    200 29 248 216 81 82 101 190 3 160 31 43 117 181 123 235 12 166 157
    51 205 70 173 92 162 139 166 215 105 233 61 123 201 117 164 187 226
    210 242 25 0 107 157 118 23 215 176 240 46 42 197 115 205 88 188 159
    46 106 105 246 248 242 101 176 210 135 236 74 234 244 127 237 233
    191 243 0 188 93 98 37 157 187 71 178 155 151 62 28 110 127 25 115
    127 37 188 98 54 199 183 79 239 96 64 229 99 252 30 138 78 70 124 67
    156 32 45 21 229 179 52 175 213 139 132 107 88 69 146 224 29 196 114
    15 48 46 59 49 21 95 91 194 197 231 162 63 149 232 2 26 15 71 111
    246 173 213 189 198 81 17 152 73 197 28 75 42 94 216 231 230 99 10
    224 37 220 118 11 117 114 35 72 134 179 142 20 191 8 238 64 114 137
    158 217 159 32 93 81 145 58 105 19 170 185 87 164 200 189 226 203
    215 110 213 185 237 156 210 32 14 143 113 165 25 41 8 69 131 63 204
    207 165 35 184 230 160 132 22 160 91 145 70 121 131 82 154 143 55 70
    199 245 157 17 186 196 71 78 13 0 189 122 8 240 130 201 91 244 237
    202 68 122 152 0 114 214 193 184 167 82 34 100 114 86 144 1 182 129
    57 248 250 169 182 44 155 125 25 88 249 223 18 137 195 140 15 83 68
    34 244 82 251 67 17 70 44 196 44 157 238 192 98 158 41 220 115 3 21
    87 88 112 243 157 164 86 14 138 65 191 151 187 105 174 194 145 76
    223 205 84 59 205 113 14 25 69 145 142 99 48 142 6 182 52 225 152
    131 207 83 95 191 201 2 176 254 137 146 254 36 230 70 77 163 231 125
    233 169 230 139 3 81 38 173 155 107 58 244 243 34 242 108 153 103
    155 211 146 194 110 125 44 1 179 218 254 106 232 39 184 247 9 169
    121 222 42 210 141 254 103 101 227 9 1 54 74 6 16 60 158 61 163 251
    113 231 84 105 161 47 165 83 37 116 162 60 153 148 122 239 237 92
    180 198 6 84 136 225 132 135 251 197 91 64 107 21 85 101 117 14 89 8
    118 83 32 13 195 59 172 229 128 79 142 61 34 83 133 223 46 128 106
    235 157 76 205 85 152 43 146 149 224 156 45 172 209 99 157 137 249
    138 37 237 101 68 239 184 143 209 157 83 70 17 187 25 239 85 76 186
    15 96 251 146 177 161 80 212 178 173 196 74 147 77 139 247 86 236 30
    82 143 187 208 147 235 234 130 126 110 221 33 153 9 87 180 156 112
    154 105 148 178 217 94 188 248 99 157 156 204 86 129 140 35 136 177
    21 164 240 113 113 95 45 232 171 194 250 0 33 45 78 116 247 176 147
    218 153 246 197 236 81 255 180 137 96 179 87 146 232 145 244 75 8
    157 251 193 59 246 45 144 101 55 165 228 146 114 139 216 123 154 103
    226 227 78 11 231 155 74 92 147 165 4 166 214 113 226 200 33 208 133
    95 3 0 163 109 161 113 189 150 212 192 71 127 76 93 184 30 172 15
    105 144 91 86 72 222 117 25 167 156 6 91 183 48 160 138 191 157 102
    250 180 136 113 215 249 91 106 73 115 55 235 170 43 218 31 248 103
    86 240 0 53 128 194 246 72 144 33 193 87 0 29 183 38 254 244 118 203
    14 198 112 115 223 196 190 49 254 194 104 162 213 247 62 24 213 192
    53 63 73 232 153 37 87 7 26 28 217 86 186 100 221 123 132 177 151
    194 35 32 44 75 243 236 118 141 145 150 249 132 52 49 215 197 194
    190 45 239 189 237 37 170 248 233 221 209 40 235 44 125 6 153 12 173
    134 206 135 147 134 240 244 146 205 78 159 6 38 7 167 104 151 241 15
    71 106 141 177 18 153 142 158 38 230 94 30 53 22 209 239 33 209 63
    38 9 221 10 132 115 104 53 158 96 197 210 113 73 191 154 32 247 17
    92 87 167 52 242 215 97 118 162 43 242 61 103 115 255 49 219 71 6 40
    143 88 105 5 58 193 93 109 19 95 232 73 80 247 146 247 1 2 189 37
    146 35 123 247 194 75 23 159 21 141 239 189 126 151 91 185 7 189 90
    185 72 183 28 85 249 204 117 252 70 49 174 102 246 159 230 68 240
    141 250 241 191 213 141 9 61 218 218 197 13 226 56 51 84 220 179 248
    21 225 146 15 190 187 30 22 165 244 169 18 113 157 77 150 117 29 211
    43 87 205 46 132 216 8 37 62 4 242 51 173 225 67 222 133 8 223 66
    131 143 69 165 33 227 76 213 95 241 57 142 47 119 211 51 243 45 214
    51 11 117 49 195 180 37 43 104 26 83 216 37 118 228 255 42 254 125
    21 81 218 176 196 181 58 28 90 46 81 21 249 122 158 237 218 4 178 33
    147 219 230 112 74 57 200 65 24 116 171 54 41 18 74 130 105 50 5 33
    84 151 225 234 43 155 6 40 170 99 157 217 18 242 86 187 44 197 118
    198 25 85 98 138 255 48 91 88 35 13 117 84 117 68 242 9 199 57 161
    150 143 95 66 69 130 132 206 253 199 229 118 150 39 215 152 37 152
    236 173 223 134 101 39 157 197 168 174 4 139 218 246 178 184 166 231
    232 226 30 89 163 115 175 228 67 138 27 124 75 128 145 208 54 59 68
    196 129 203 26 186 31 136 208 108 243 87 226 32 199 93 44 71 102 8
    220 235 72 96 246 115 88 41 75 37 53 9 8 99 12 231 20 186 173 248 38
    54 184 240 181 174 162 184 253 224 227 95 153 241 54 8 29 27 55 155
    225 136 189 43 170 44 57 63 207 237 193 108 226 97 202 137 1 5 215
    21 250 193 50 186 250 246 178 232 52 154 149 248 91 31 237 196 237
    228 214 52 45 17 54 216 219 85 17 96 37 245 111 143 13 119 112 111 9
    167 185 71 121 140 32 216 250 227 236 22 121 161 133 157 191 67 172
    223 182 247 174 167 170 82 81 85 139 253 149 114 136 144 217 218 44
    234 249 111 241 29 95 26 24 51 48 19 142 243 30 80 84 223 242 171
    214 7 56 71 0 236 159 87 239 33 147 157 55 95 168 68 49 138 188 26
    39 117 113 177 35 237 66 133 109 165 0 6 3 114 12 75 219 185 34 187
    25 151 230 234 247 139 15 118 166 136 78 61 148 211 63 167 52 194 47
    228 104 240 242 46 59 96 84 143 38 140 142 62 236 101 27 106 69 212
    57 175 57 202 56 177 226 89 94 136 69 206 234 138 191 232 40 90 208
    209 81 45 140 150 243 226 100 129 34 233 126 229 18 7 245 215 145 1
    72 61 93 250 132 233 148 172 83 124 99 158 224 241 190 80 243 170
    182 30 10 159 88 159 213 164 53 112 216 29 199 163 187 114 73 107
    148 62 19 155 130 101 105 174 110 71 190 19 12 158 65 40 34 9 200
    138 40 10 192 29 84 3 218 51 228 4 83 164 215 102 134 204 35 70 71
    45 50 30 218 69 245 197 104 30 134 19 173 7 142 156 198 246 5 153
    176 144 52 107 155 97 181 51 162 56 239 190 134 96 65 10 214 156 2
    249 236 193 92 175 33 7 42 3 211 81 146 195 183 74 90 199 21 220 26
    29 140 140 164 200 139 219 116 203 179 106 61 149 37 249 1 4 170 125
    64 164 9 142 214 251 128 44 205 26 212 113 239 75 65 212 136 13 29
    49 15 239 169 9 217 113 103 164 159 97 215 178 143 56 184 244 89 113
    175 237 71 231 229 43 182 77 97 56 185 1 54 111 68 213 249 21 164
    123 207 64 254 183 150 39 213 117 101 107 248 200 86 236 90 163 72
    232 254 198 86 114 233 225 25 240 119 78 151 34 194 155 94 93 54 64
    55 162 103 41 210 43 149 35 223 145 154 116 163 65 213 100 212 53
    230 232 91 165 194 32 117 85 202 72 86 66 131 150 25 226 135 141 197
    236 217 129 236 28 205 254 116 169 49 130 154 69 26 85 196 158 23 75
    121 133 20 86 101 123 3 166 153 18 47 94 153 95 171 78 4 211 165 114
    96 73 90 181 85 5 180 125 200 114 223 222 233 88 59 151 130 58 42 77
    83 127 235 64 43 22 177 163 24 181 6 60 82 112 239 95 131 117 45 166
    247 245 124 66 247 79 238 92 103 41 126 0 23 83 103 33 63 123 78 254
    77 139 159 197 25 55 168 65 165 79 171 36 159 34 196 95 182 224 188
    71 247 224 238 209 146 11 174 126 164 78 199 85 117 119 102 34 253
    58 44 9 34 237 40 52 232 135 144 49 9 151 224 56 193 170 117 38 33
    246 71 54 139 227 104 162 147 203 239 195 209 159 194 129 49 226 215
    223 213 116 203 218 43 127 156 43 148 222 10 1 93 85 54 143 85 22 8
    182 202 214 190 158 240 105 191 60 213 33 114 145 142 42 222 183 173
    39 31 175 202 51 111 241 190 174 230 135 93 207 119 127 67 48 139
    243 76 108 50 155 50 195 184 194 81 60 129 30 16 226 33 56 170 196
    67 139 177 37 248 241 252 13 224 175 9 78 209 255 20 33 30 134 219
    33 246 95 231 104 168 237 132 161 12 95 43 89 230 30 8 226 59 63 86
    185 174 30 135 42 251 237 175 186 59 202 233 53 94 95 228 37 250 232
    54 136 3 102 130 56 6 17 95 41 3 77 146 152 2 130 90 141 182 91 65 8
    4 165 225 3 72 90 158 237 179 236 148 128 89 181 211 43 45 156 253
    234 126 114 224 114 138 17 237 105 252 237 102 65 40 163 201 115 190
    191 60 166 229 248 143 172 245 74 111 36 225 223 246 231 227 151 236
    187 62 80 200 255 125 215 88 250 222 36 154 58 37 88 173 251 196 150
    202 159 18 238 129 132 111 21 134 13 53 113 86 176 16 41 80 146 201
    49 242 252 246 142 15 17 77 249 183 34 239 207 22 131 141 94 201 198
    69 199 63 255 192 195 76 69 136 169 105 129 140 241 97 131 199 250
    46 145 180 42 49 213 179 188 132 198 240 2 242 188 165 171 40 242
    242 190 203 252 109 103 46 3 46 42 198 18 165 45 117 82 86 54 10 175
    80 80 137 200 254 78 217 220 25 253 1 237 107 193 68 94 141 139 165
    108 70 237 139 142 178 156 206 75 101 206 179 102 235 11 53 120 27
    246 26 48 41 53 112 123 67 246 173 50 124 203 55 59 212 249 135 72
    12 117 133 127 3 230 195 75 175 1 0 182 46 71 48 88 215 163 56 226
    90 38 0 173 177 47 91 76 9 75 83 27 137 167 135 192 28 251 76 8 67
    185 180 190 9 199 61 222 19 141 135 254 189 187 9 84 225 194 80 78
    146 220 97 137 170 180 254 57 141 158 223 110 165 211 252 163 247 40
    216 134 87 166 23 216 114 239 107 80 4 219 106 16 204 147 215 10 202
    62 179 217 80 24 130 0 73 111 71 163 158 187 72 28 186 15 157 21 221
    1 107 191 225 10 63 126 251 126 169 174 179 91 235 64 74 64 20 48
    195 52 209 118 123 254 47 158 94 152 198 248 53 247 53 173 203 35
    254 193 180 17 177 250 76 136 45 188 174 82 74 19 216 56 45 30 74
    135 156 250 194 46 232 106 29 138 234 91 238 1 97 199 95 21 61 176
    150 234 94 141 199 251 61 240 20 191 217 161 227 186 73 214 45 26
    247 100 218 232 165 89 191 199 21 137 140 150 8 78 94 16 241 143 209
    161 140 59 8 81 22 140 184 61 236 4 96 223 56 133 149 237 0 48 192
    251 196 140 117 222 217 207 99 158 214 254 102 255 141 159 212 110
    137 198 95 97 31 40 181 214 200 114 165 183 83 124 70 247 51 180 87
    157 113 69 115 192 112 85 190 63 120 248 168 89 245 71 8 124 139 114
    99 112 41 246 169 41 133 163 232 19 156 201 116 252 116 128 57 215
    63 134 71 150 81 154 235 105 245 217 138 67 6 186 183 183 174 210 22
    19 76 254 86 173 17 41 244 176 123 95 177 144 34 164 183 145 116 55
    83 150 26 2 140 160 95 249 115 176 80 221 7 192 130 159 176 44 180
    171 202 247 79 124 243 218 41 25 80 198 167 237 68 118 85 144 0 75
    68 145 113 117 162 22 20 106 112 161 74 221 72 88 198 34 47 98 50 96
    160 196 57 17 251 46 244 195 42 33 46 222 13 156 251 27 242 210 211
    59 96 128 138 181 96 40 178 120 110 211 61 60 243 69 74 80 214 131
    43 181 118 189 52 247 31 12 13 173 94 195 139 193 147 120 244 103 71
    224 9 106 246 201 101 84 85 216 113 19 172 211 221 175 212 226 180
    113 247 72 127 65 229 193 60 115 75 168 57 206 76 248 137 220 249 1
    24 123 138 162 214 161 213 115 145 122 54 229 212 127 137 23 26 130
    63 203 203 42 4 203 57 6 195 127 64 151 235 237 243 56 86 27 10 86
    232 187 91 134 81 39 199 10 193 254 52 23 207 47 137 26 230 0 75 121
    83 115 156 224 126 75 193 133 10 218 143 119 215 193 26 39 72 173
    219 79 79 55 59 157 232 75 149 124 11 251 191 160 231 137 25 110 168
    128 14 129 9 255 109 122 124 114 73 74 88 76 97 17 41 143 4 160 58 2
    124 7 251 141 38 151 96 153 112 240 65 228 232 64 218 170 133 166 16
    170 226 172 116 141 9 100 242 197 69 113 138 87 214 239 36 109 7 235
    190 54 238 177 232 0 37 127 142 148 110 236 184 11 2 154 200 71 42
    214 64 67 249 182 76 93 44 231 63 208 242 118 50 183 177 179 119 43
    112 183 95 95 186 51 100 140 108 74 45 131 77 129 68 28 0 47 213 129
    14 51 234 47 197 19 61 15 84 179 249 26 92 110 141 46 52 119 0 230
    193 77 14 13 29 19 41 4 8 13 203 228 139 108 249 110 137 89 202 6
    210 149 219 176 93 197 199 40 59 48 132 46 113 83 225 29 170 136 252
    123 124 195 134 239 89 238 155 44 175 150 112 211 94 170 254 148 39
    110 0 24 226 251 177 142 238 152 64 107 80 196 155 232 170 189 177
    138 36 165 176 101 139 230 29 83 57 16 36 150 20 57 79 86 117 19 175
    255 192 31 218 38 90 103 253 166 252 196 176 73 238 250 7 121 35 85
    97 104 62 143 180 8 60 181 236 223 233 90 138 11 142 105 11 229 33
    237 102 241 246 202 243 108 13 139 164 181 70 156 13 244 52 141 85
    193 48 61 104 175 132 179 6 116 242 120 67 215 229 135 121 36 255
    135 102 134 161 176 184 137 67 196 152 154 248 124 222 185 18 252
    221 227 109 93 210 235 60 69 35 3 219 22 153 209 133 135 193 46 25
    238 242 167 250 6 15 127 46 224 171 80 105 144 240 212 200 185 79
    233 74 95 171 56 192 87 0 130 233 185 38 5 125 227 207 35 130 4 218
    227 120 181 250 100 219 29 116 171 30 188 229 124 0 228 93 186 24 99
    244 43 5 65 127 145 87 27 248 231 253 3 196 145 43 201 103 115 45
    120 200 91 212 54 74 183 139 14 71 19 184 153 88 41 57 197 225 7 241
    208 53 135 21 7 219 2 201 2 148 105 184 186 23 199 39 250 203 141 69
    35 94 132 22 198 204 162 103 55 96 28 76 174 102 89 76 111 162 211
    172 88 200 111 99 189 171 23 82 114 181 70 24 105 110 151 177 171
    109 254 122 156 21 165 131 136 26 119 228 205 38 10 195 104 190 101
    141 155 200 85 55 65 90 48 101 101 119 114 10 109 158 159 72 34 209
    116 47 46 238 58 181 128 2 192 57 90 143 181 207 136 182 173 2 57 10
    67 189 215 99 50 16 5 218 4 176 149 70 112 79 81 169 9 231 231 95
    210 50 207 164 49 153 109 223 229 118 102 231 194 178 255 156 127
    144 64 210 204 86 230 93 46 227 166 134 229 13 192 159 48 29 206 72
    103 79 16 215 48 162 74 78 3 243 255 37 229 86 162 120 13 80 38 221
    78 74 162 52 149 240 184 128 27 69 248 75 110 44 228 160 187 152 213
    78 190 41 114 8 114 140 206 28 65 66 160 8 146 243 207 177 169 92
    156 198 134 116 245 107 81 6 57 97 56 22 75 72 244 214 149 242 128
    101 33 248 245 175 75 129 29 105 233 231 61 168 72 198 95 179 204 55
    73 58 5 68 149 160 209 243 226 204 234 181 78 217 116 48 177 40 52
    207 238 59 82 238 182 54 227 52 155 49 237 156 111 22 225 107 121
    112 245 231 150 243 120 72 245 185 197 189 89 32 53 66 179 55 131 7
    5 66 235 102 90 125 60 30 47 23 202 255 218 42 191 126 170 22 187
    148 60 52 209 231 225 79 93 128 143 50 180 154 152 116 66 48 29 53
    28 29 28 158 147 100 192 137 7 41 232 137 88 204 60 145 171 16 201
    62 202 163 56 132 207 215 37 77 217 22 24 202 179 146 253 87 61 84
    169 197 241 80 135 92 41 87 146 20 29 66 61 234 138 168 11 72 34 75
    189 95 88 55 174 164 216 70 180 9 163 216 73 103 30 139 47 217 43 38
    51 143 44 244 242 62 175 143 155 171 133 60 192 253 15 253 13 164
    177 190 42 150 250 17 15 106 29 249 174 38 74 206 39 250 62 194 13
    196 214 16 126 202 196 73 55 220 84 241 71 199 139 255 90 52 5 198
    212 136 103 201 227 102 39 180 209 248 126 67 59 82 80 31 181 190
    232 238 156 2 192 187 139 14 147 66 217 209 163 106 131 15 131 161
    250 94 196 30 136 88 139 80 141 231 251 175 185 129 48 44 158 55 62
    75 224 52 172 234 12 152 67 15 220 130 245 170 110 115 35 2 160 55
    224 104 160 235 183 128 227 65 97 137 48 103 246 149 201 211 143 143
    120 214 103 162 202 169 189 18 11 142 68 42 215 45 125 216 57 208
    131 150 49 12 162 34 77 99 15 15 25 55 137 179 201 116 108 233 115
    172 246 50 160 18 251 28 188 47 206 0 99 248 225 191 41 238 6 235 17
    148 136 234 3 68 176 198 231 50 91 117 40 70 196 233 184 157 113 126
    228 86 102 211 147 240 82 146 227 186 114 51 242 169 130 212 163 27
    69 73 95 80 147 25 215 247 67 14 104 222 53 54 103 72 138 124 181 68
    81 37 108 122 14 156 55 132 172 150 174 25 188 2 161 185 53 77 132
    105 40 116 19 85 189 76 216 148 156 255 34 195 63 181 241 191 48 170
    67 88 51 228 102 185 169 10 105 238 183 90 154 250 143 26 86 253 103
    235 214 53 244 42 113 227 76 146 73 204 107 13 181 235 11 194 177
    244 44 151 66 154 28 182 44 136 156 165 166 34 51 212 254 49 216 7
    43 66 15 21 90 152 95 177 132 192 56 168 228 23 39 113 116 188 0 238
    18 28 46 195 134 179 225 179 73 212 124 10 231 181 94 83 116 246 15
    120 79 225 82 52 55 139 60 135 14 244 121 111 161 21 187 166 219 217
    100 147 13 185 195 40 102 115 86 249 48 167 162 137 103 148 155 221
    67 71 72 165 103 72 196 176 202 154 74 9 185 20 230 169 34 237 137
    247 192 94 54 242 238 219 14 190 44 70 20 198 246 54 28 8 106 96 0
    90 40 7 64 27 224 101 99 173 251 96 212 98 9 20 181 171 205 121 223
    193 104 248 201 54 15 107 140 220 33 53 181 0 226 121 157 251 42 225
    150 169 207 228 76 6 245 36 226 118 151 61 135 143 88 80 139 203 233
    184 89 100 247 175 187 156 175 40 122 171 32 229 142 19 17 32 89 15
    93 25 8 128 145 24 229 134 194 148 73 221 241 43 244 39 62 253 108
    27 138 77 49 193 38 197 119 124 121 254 156 61 88 148 4 111 110 43
    243 24 21 41 5 175 99 121 115 97 165 92 137 231 40 108 76 45 177 23
    46 145 6 160 114 247 177 43 159 188 224 119 160 20 57 53 169 19 212
    174 56 153 22 154 15 97 115 96 49 163 39 99 166 250 62 50 177 239
    100 48 171 67 235 145 113 137 94 44 81 28 39 35 190 255 111 26 20 15
    31 122 82 94 154 247 178 184 27 123 27 231 106 91 110 206 146 104
    219 204 72 145 30 206 93 203 191 38 164 142 230 154 155 99 26 86 231
    137 231 210 82 154 183 210 94 67 140 114 224 5 0 40 217 24 122 115
    166 208 145 54 71 56 55 30 230 108 79 95 200 44 30 42 186 162 35 114
    94 242 239 161 61 154 234 65 224 40 219 246 103 208 105 180 14 104
    116 248 70 168 46 147 78 238 13 245 124 29 159 185 239 70 196 23 223
    76 234 133 237 68 206 224 49 123 229 156 107 63 169 130 178 3 157
    105 151 74 18 176 250 144 34 253 164 168 173 201 74 44 212 94 6 132
    50 27 11 128 118 66 72 237 57 177 186 93 49 184 243 150 206 53 179
    76 220 62 226 172 126 34 170 33 97 14 164 80 25 58 124 58 122 213
    171 37 63 88 1 222 32 154 54 21 245 170 228 182 134 146 232 17 225
    89 20 52 230 66 74 15 54 43 224 201 27 76 149 148 46 144 171 48 192
    215 220 218 57 238 129 59 65 123 118 62 81 142 254 200 227 32 124 5
    36 112 86 250 239 232 235 178 23 63 222 5 213 50 62 169 103 28 50
    138 12 26 104 48 200 107 26 181 100 99 223 191 226 253 99 231 81 59
    196 217 61 205 235 85 99 160 195 248 246 65 89 18 94 209 195 184 163
    138 138 153 220 229 78 76 101 73 1 196 143 64 73 89 213 153 22 250
    110 115 95 12 163 221 243 79 120 57 89 237 87 177 197 120 218 198
    223 253 176 125 103 9 205 157 37 200 224 6 16 212 78 228 126 238 177
    29 21 240 148 150 35 57 160 4 219 85 253 173 32 104 122 17 20 241
    164 77 138 15 139 150 144 252 177 118 36 139 11 177 204 43 56 242 24
    159 4 66 230 226 126 175 201 161 82 211 199 108 112 104 152 148 90
    232 99 91 175 81 0 35 223 71 74 120 118 5 132 70 13 151 244 235 145
    72 140 214 120 71 9 218 131 56 149 193 253 215 90 232 62 196 14 48
    233 45 11 211 112 26 34 196 63 110 197 167 88 69 11 207 187 138 154
    101 91 235 122 208 74 65 189 35 204 221 4 33 159 190 210 131 12 211
    24 183 254 174 94 208 81 114 110 147 154 27 132 220 250 33 179 61 84
    150 127 17 39 43 159 160 82 179 120 75 81 174 255 204 200 191 132
    137 233 72 92 110 195 154 126 46 168 46 205 47 162 243 124 159 131
    197 81 160 150 233 120 0 89 11 111 46 180 28 22 197 80 205 73 221
    158 45 22 245 215 43 250 70 222 6 77 132 43 12 32 250 120 123 213 80
    33 53 43 76 182 169 189 8 174 186 176 13 67 123 100 106 64 82 91 78
    204 165 75 5 112 60 66 47 168 68 168 218 177 132 75 112 109 200 219
    138 213 241 207 194 74 29 183 104 181 113 154 137 5 194 23 211 151
    51 160 139 94 177 17 47 24 12 208 235 83 140 90 18 99 131 230 144 49
    174 249 28 251 240 175 146 53 136 238 86 145 148 71 15 243 122 59
    163 241 230 124 25 79 66 201 55 105 115 169 244 114 229 47 107 156
    200 232 137 160 26 1 79 59 146 114 150 239 40 40 160 101 68 27 246
    113 74 173 112 152 245 4 35 75 38 215 102 158 249 160 110 0 190 109
    116 59 194 10 42 107 139 244 50 65 168 145 175 126 58 42 193 175 150
    135 255 159 76 243 194 105 26 14 143 160 154 166 255 166 255 102 2
    47 225 165 158 198 88 117 77 20 4 124 170 160 192 116 74 173 192 191
    27 231 247 198 135 154 165 101 36 170 100 147 47 42 40 209 116 214
    96 44 51 239 21 32 191 221 241 44 255 183 81 3 176 60 107 140 139
    190 112 207 19 114 71 200 84 99 189 183 219 42 178 254 120 84 154 63
    150 94 53 43 71 245 64 40 65 112 195 255 181 106 19 81 220 210 149
    63 29 51 40 191 223 24 34 237 18 124 50 83 238 141 85 164 26 23 122
    79 36 135 117 208 148 39 200 6 69 64 177 146 235 197 85 246 207 164
    248 181 58 147 67 73 132 28 79 26 194 195 165 202 217 210 110 59 79
    234 199 13 157 199 126 68 166 151 37 249 142 229 98 169 24 253 46
    220 48 234 223 242 206 191 163 11 252 53 201 118 117 19 10 232 86 87
    230 138 117 226 242 47 154 160 140 102 184 254 254 71 13 187 48 191
    223 47 65 54 224 167 86 221 40 196 10 173 37 226 193 200 17 107 239
    248 31 74 158 227 40 117 223 81 98 191 154 14 254 30 145 194 14 247
    82 119 142 211 230 215 118 24 124 198 226 168 181 228 218 91 127 111
    79 129 237 67 140 150 216 70 119 236 0 117 51 158 119 171 143 196
    220 188 157 80 26 78 242 126 251 223 61 96 53 251 231 113 131 20 148
    176 161 101 105 140 234 103 69 228 218 107 164 140 147 70 35 172 25
    182 58 172 159 147 202 29 179 198 36 132 97 155 55 205 115 237 69 58
    24 110 220 239 184 192 153 45 226 157 105 211 1 206 4 17 197 24 28
    253 7 5 169 193 26 203 182 231 103 173 224 164 104 15 225 168 32 77
    58 204 229 58 190 36 5 232 154 28 72 97 163 26 197 202 117 5 115 249
    83 156 6 174 87 101 8 45 203 24 175 226 151 193 13 127 180 181 97 16
    29 126 150 255 138 218 171 95 122 250 8 162 200 34 3 254 91 133 235
    14 75 85 124 153 218 48 196 199 30 170 10 119 16 197 77 117 27 177
    158 26 123 190 21 152 186 84 152 123 251 245 247 89 48 217 110 144
    255 136 96 204 132 28 144 155 178 72 84 121 58 205 15 64 95 35 233
    195 50 74 73 202 98 152 214 174 0 240 150 5 19 142 64 80 141 128 143
    125 19 245 214 238 42 7 155 166 91 230 196 208 26 160 186 198 101
    191 12 80 219 136 20 193 19 53 63 159 18 31 231 220 72 214 229 177
    64 207 198 38 121 140 44 19 110 122 113 233 194 57 113 196 107 3 224
    126 255 214 229 211 124 112 232 148 169 120 147 80 98 29 105 39 47
    220 184 169 106 93 39 252 152 191 84 100 172 213 83 12 0 206 134 125
    101 80 226 198 62 223 130 100 241 46 144 74 198 179 143 18 138 187
    42 162 23 128 39 197 212 114 254 100 93 141 179 185 144 253 128 244
    153 131 156 9 244 206 193 110 65 114 248 157 145 198 73 193 154 160
    138 3 80 40 219 48 50 175 69 24 215 149 39 162 168 131 240 227 49
    156 229 173 212 124 119 91 96 90 190 136 120 14 181 138 252 59 205
    195 20 138 188 109 38 110 142 75 26 209 236 93 1 233 199 46 57 41 62
    205 62 230 194 152 14 2 240 214 168 32 192 219 197 248 231 123 161
    111 215 113 79 6 92 171 73 176 222 203 231 177 1 213 121 125 104 79
    229 19 240 105 239 56 110 5 173 116 222 199 35 149 166 41 119 90 156
    105 60 62 196 74 81 64 233 166 172 117 107 77 0 103 227 203 100 75
    202 139 135 101 97 228 44 194 216 225 101 128 217 235 196 250 2 159
    207 177 8 216 68 65 61 177 160 194 219 93 31 180 24 56 38 40 68 117
    194 21 240 215 156 239 63 4 204 188 242 204 120 65 209 250 155 220
    195 219 2 97 84 185 3 184 105 131 143 250 190 232 180 10 251 162 205
    170 240 86 54 128 242 181 111 144 166 20 156 138 29 252 254 54 44
    150 1 107 251 131 75 149 18 65 134 19 231 159 156 178 167 120 188
    192 18 64 82 144 136 196 81 97 117 175 157 21 188 104 45 183 124 231
    128 178 88 87 179 155 120 132 137 219 172 222 29 50 211 202 126 195
    178 221 233 45 70 187 63 248 209 79 169 106 79 38 165 177 87 122 35
    43 225 101 95 119 186 10 84 194 158 82 246 94 109 220 229 24 167 230
    33 16 67 111 195 96 165 23 203 180 194 4 132 161 104 184 14 40 166
    78 27 0 64 114 45 226 115 177 207 134 219 110 93 132 186 154 36 64
    220 66 101 109 79 8 39 65 25 15 67 161 214 51 202 105 224 172 252 1
    168 116 111 188 252 203 188 237 46 13 1 86 216 16 255 120 189 128 8
    22 72 44 246 97 37 68 211 193 210 180 180 65 50 238 158 30 4 248 87
    246 221 199 6 171 217 124 181 170 173 125 43 5 143 44 2 48 10 116
    133 59 170 100 26 92 236 177 131 125 221 150 87 151 246 3 221 122
    221 156 118 33 101 31 211 86 11 122 177 187 99 11 8 252 98 34 23 96
    88 112 183 13 158 159 114 188 116 112 99 21 70 244 168 13 108 61 8
    225 184 56 230 196 198 18 109 200 131 21 47 48 176 202 192 12 242
    133 243 157 47 190 59 203 161 160 157 249 219 187 249 249 134 137 90
    172 99 4 26 89 14 215 53 46 172 20 30 115 46 236 78 4 195 168 94 207
    129 134 32 41 12 48 31 10 176 53 162 15 3 225 57 23 24 246 44 161 37
    183 90 149 68 237 196 112 47 109 3 100 199 34 71 15 21 102 47 211
    237 205 79 26 132 231 221 245 119 234 50 94 168 6 94 72 173 224 239
    238 87 175 1 66 134 9 252 144 12 43 131 137 207 97 81 221 68 253 74
    61 15 212 56 111 27 232 90 69 128 25 207 143 14 188 180 62 218 254
    174 186 110 223 216 27 121 4 250 53 82 245 70 56 242 220 41 167 87
    228 52 190 105 130 225 253 232 8 135 168 29 100 1 181 49 171 84 250
    68 205 23 206 46 82 203 151 61 22 229 31 194 2 194 250 214 244 80
    143 201 91 172 107 104 58 171 181 13 34 72 216 130 55 90 1 126 223
    182 91 108 48 228 94 54 134 39 215 226 173 192 99 207 192 6 244 139
    240 127 128 72 29 221 69 10 191 73 174 51 213 247 74 163 165 176 77
    230 39 196 76 249 221 7 200 89 255 221 253 213 138 75 149 137 182 60
    132 50 66 115 217 226 122 163 75 114 178 99 45 254 39 78 247 226 155
    10 246 122 111 33 243 147 187 7 251 6 196 200 72 248 159 141 124 39
    171 1 135 136 206 161 74 194 180 147 147 89 80 201 150 7 48 242 74
    253 240 249 193 1 110 229 234 12 216 217 172 95 128 203 173 125 150
    150 195 143 100 95 169 25 138 120 134 101 105 130 182 106 62 27 218
    241 244 68 203 246 41 58 46 130 231 38 181 237 27 222 52 48 73 119
    28 11 174 10 244 178 168 8 66 153 50 8 206 20 226 146 35 134 133 225
    251 40 35 235 219 219 174 224 224 143 195 140 177 69 72 98 225 121
    213 240 28 31 38 76 223 122 243 104 177 210 191 208 119 137 77 13
    185 231 230 103 160 0 15 166 192 80 245 213 10 14 23 186 195 10 69
    35 227 61 77 86 238 209 3 131 165 111 151 37 113 79 190 216 97 208
    106 57 111 174 206 158 180 110 134 206 80 122 91 70 90 21 213 129
    189 173 244 46 188 114 40 204 8 216 191 39 102 68 251 109 219 206
    233 66 51 107 172 130 207 250 160 210 235 59 240 58 65 82 163 103
    130 171 86 164 12 218 51 121 134 207 169 177 30 43 101 243 187 199
    74 250 34 100 52 237 13 122 217 13 45 72 234 43 224 84 145 185 80
    198 53 129 231 107 109 217 92 162 37 162 43 194 189 202 245 209 81
    91 206 249 72 253 232 75 180 127 2 24 27 26 100 254 171 211 238 81 5
    92 244 68 185 45 208 253 46 32 53 39 132 144 247 132 147 221 15 133
    27 65 108 197 22 77 21 66 243 69 128 217 250 179 241 248 61 212 122
    127 135 171 74 191 109 118 23 211 206 122 9 200 54 117 65 16 205 44
    39 221 244 118 17 120 33 183 47 238 70 144 60 63 8 232 91 28 115 124
    156 189 220 99 10 16 5 134 8 16 179 52 242 206 31 130 112 47 238 242
    5 51 101 68 192 209 124 32 75 106 144 106 105 30 181 242 214 20 3 33
    74 32 51 215 155 9 181 239 43 33 157 181 70 168 254 149 204 212 92
    64 175 10 147 249 186 245 90 4 91 197 94 243 172 24 164 229 97 140
    71 12 235 210 163 136 136 120 180 76 209 214 161 183 4 10 54 98 33
    48 10 197 73 79 94 210 54 252 97 170 131 47 166 185 122 160 83 195
    131 104 96 90 186 30 213 45 52 231 158 76 250 242 219 227 125 20 97
    59 140 162 111 220 46 61 65 162 4 232 73 5 65 252 239 95 138 229 12
    159 239 146 67 189 104 10 131 209 65 243 68 227 236 117 237 42 196
    240 87 3 241 222 103 109 151 237 210 201 194 99 95 158 187 58 194 83
    177 59 229 151 3 174 209 14 31 163 132 248 30 40 67 59 251 49 131 41
    32 192 176 9 4 65 85 43 134 182 218 146 246 68 32 54 17 17 224 110
    90 231 5 219 21 92 93 97 33 171 208 189 35 255 221 143 239 165 4 226
    202 150 173 137 57 74 210 187 37 250 89 67 181 14 125 138 153 105
    109 253 147 187 14 241 2 235 10 164 173 233 142 80 147 57 153 34 116
    125 139 124 102 195 15 48 7 12 14 88 10 89 135 203 144 193 145 57
    238 194 89 133 244 27 73 172 12 109 6 195 49 98 113 55 150 76 148 98
    86 145 22 146 47 2 216 226 179 75 131 4 7 155 109 216 170 18 85 202
    134 61 64 231 135 188 123 152 38 16 54 220 144 243 146 223 196 25
    233 213 68 133 27 144 189 72 199 192 2 70 43 35 43 76 50 1 194 59 27
    8 53 97 19 127 204 174 64 193 17 245 141 175 174 168 230 67 15 222
    76 151 7 189 105 18 216 4 172 123 180 182 154 221 230 2 236 74 201
    206 213 143 186 254 111 49 218 158 34 169 248 62 95 118 135 200 29
    216 130 158 184 137 71 212 18 138 11 179 217 55 32 173 87 156 225
    220 104 212 144 73 126 196 149 189 203 235 46 5 124 190 209 191 210
    33 102 160 143 55 194 63 138 32 206 104 173 146 108 190 141 68 43
    131 253 136 142 10 176 149 0 214 190 154 117 246 93 19 183 15 213
    172 133 52 55 94 183 174 203 115 16 103 235 236 205 51 71 151 112 2
    2 175 155 215 71 73 158 164 9 134 18 70 251 208 103 58 82 134 151 71
    204 253 173 27 20 82 146 184 44 89 56 121 165 242 126 203 152 227
    242 14 248 9 62 139 186 75 206 48 15 119 36 9 153 98 124 121 211 155
    129 93 94 67 14 253 178 177 106 101 160 64 21 89 227 222 138 252 42
    35 222 169 112 173 129 214 211 87 108 90 41 196 33 67 84 221 243 3
    152 118 227 142 228 162 252 254 12 69 136 41 23 55 62 231 100 87 171
    22 12 157 86 103 17 96 13 228 24 210 16 149 133 233 244 36 137 194
    39 8 37 253 85 109 215 187 68 178 23 219 66 119 192 45 222 98 86 85
    69 126 155 78 191 110 163 113 118 73 113 57 20 247 17 224 12 91 224
    24 239 20 54 157 96 191 37 213 40 235 142 157 181 255 14 218 1 115
    205 47 207 102 51 106 141 238 15 10 215 239 142 65 79 112 0 46 248
    163 118 98 100 32 175 128 10 64 117 248 166 226 151 251 127 39 94 24
    62 23 46 17 73 33 173 94 91 111 66 160 8 180 220 222 137 42 158 183
    74 161 116 94 15 155 50 222 20 59 58 76 105 21 131 64 40 186 40 125
    133 179 251 113 250 227 90 73 183 164 196 188 191 106 140 131 115 69
    210 116 90 201 239 223 188 75 170 168 12 103 92 14 0 103 248 234 31
    24 118 164 6 192 108 243 74 242 118 65 218 180 155 202 213 206 38 18
    57 117 100 186 43 182 226 67 18 55 162 132 60 140 228 40 237 170 138
    30 45 220 126 161 72 230 202 66 206 184 77 27 232 250 247 106 200
    146 73 173 73 203 149 127 49 90 120 80 18 45 92 213 211 60 126 208
    33 25 71 37 241 168 203 228 173 231 190 225 13 230 125 30 67 217 253
    240 66 233 253 17 193 56 15 38 245 72 124 96 5 196 68 70 201 225 72
    201 218 144 196 152 13 104 136 148 79 87 232 84 235 225 80 191 201
    206 177 83 161 136 230 92 192 146 159 176 136 80 82 19 20 15 26 211
    135 217 129 123 246 55 32 39 20 177 52 138 15 141 102 224 144 147 68
    49 84 92 201 27 44 185 4 61 119 50 145 130 205 172 164 46 36 4 82 30
    97 41 229 248 182 22 58 156 225 229 50 105 135 242 192 236 49 9 144
    186 240 216 210 157 231 3 27 76 33 210 116 194 41 252 190 189 36 6
    162 199 24 41 144 143 254 70 4 122 192 51 88 127 136 160 7 72 107
    215 85 128 112 4 215 38 214 107 32 191 153 226 75 0 93 192 149 16
    241 16 106 254 8 10 22 168 64 59 107 69 172 8 217 101 93 236 121 238
    216 170 209 28 174 93 171 103 13 51 176 11 138 179 90 37 187 247 68
    115 1 28 189 111 152 213 61 203 213 253 198 22 22 131 112 108 139 10
    151 103 15 3 87 30 12 228 185 130 149 90 211 218 15 156 184 105 2
    212 115 73 152 18 134 44 62 231 15 177 167 234 122 52 244 254 87 200
    103 99 248 43 44 145 196 198 39 51 73 76 110 184 252 104 97 139 61
    18 68 198 251 45 226 45 238 229 165 123 65 126 118 78 242 101 90 101
    71 201 152 189 253 252 143 48 210 173 147 166 130 131 194 3 65 184
    250 76 67 179 176 74 152 219 92 144 250 7 98 31 51 177 109 213 252
    97 203 227 17 196 63 157 100 183 139 243 52 173 121 37 76 135 179
    112 52 212 96 228 225 56 238 99 139 149 34 220 209 29 75 207 181 255
    93 201 163 20 30 70 31 195 137 30 188 28 118 200 21 216 154 209 70
    158 43 89 67 40 101 232 45 209 122 89 144 28 31 241 27 240 119 81
    170 169 0 185 71 187 121 59 223 56 13 248 26 29 16 14 84 107 210 17
    226 196 8 233 122 88 97 243 206 212 4 255 223 138 48 175 183 124 198
    201 103 11 231 70 192 133 114 120 214 218 51 45 182 18 30 113 91 138
    8 35 216 188 236 77 32 219 103 115 153 145 60 228 117 10 60 211 210
    215 129 64 213 27 13 21 79 55 63 84 107 159 182 245 232 180 207 109
    128 138 112 208 218 80 241 41 6 25 120 213 44 117 132 233 25 203 81
    157 109 189 85 220 0 190 251 145 217 9 249 165 248 82 128 252 185
    127 19 201 222 93 137 0 255 49 73 17 233 197 119 81 60 6 81 253 15
    166 87 50 145 128 250 55 149 120 1 92 172 221 163 100 125 97 172 211
    227 207 201 101 159 79 103 227 165 78 169 216 250 68 38 255 112 9
    203 191 83 238 144 204 141 150 60 210 49 118 168 15 2 81 55 28 24 3
    42 109 241 249 26 161 251 176 224 29 231 0 55 97 84 111 81 47 77 48
    45 123 52 69 71 242 152 22 202 229 63 178 250 218 251 254 14 69 229
    27 79 59 94 70 51 225 27 108 220 58 247 24 113 39 101 154 239 236 56
    107 43 231 98 160 179 90 209 118 83 74 213 239 152 59 184 255 54 30
    56 15 29 219 35 3 26 232 7 16 82 162 130 0 51 174 153 251 149 52 106
    137 187 217 33 173 139 187 203 28 171 189 148 96 164 8 42 188 29 196
    255 248 164 47 111 180 170 181 149 150 246 57 232 218 178 182 12 129
    241 36 59 47 117 233 11 196 47 91 87 61 198 209 89 228 76 148 215 82
    162 188 232 150 24 95 61 146 85 211 106 171 31 202 160 233 139 208
    76 186 48 131 104 216 225 58 73 92 82 36 219 51 248 235 70 127 221
    65 87 234 235 65 176 174 30 2 116 192 253 175 33 160 240 191 66 106
    27 152 45 78 136 91 74 173 33 178 148 24 77 169 219 236 172 134 214
    140 107 56 121 32 237 70 117 56 79 229 210 186 127 25 27 8 72 172 86
    207 81 213 150 203 154 245 96 8 141 173 22 57 138 79 211 85 47 148
    85 140 24 236 112 230 215 39 180 141 14 39 209 41 77 141 33 58 126
    68 116 197 141 76 104 208 220 10 218 167 12 37 244 118 150 224 149
    112 218 191 248 99 134 222 187 237 251 61 80 228 148 89 104 66 231
    255 137 59 45 220 152 179 168 110 237 33 245 215 145 206 83 152 103
    22 66 123 177 156 78 62 145 28 192 84 233 197 167 86 215 237 156 2
    240 107 12 238 105 179 210 44 209 150 74 1 42 238 34 166 153 31 14
    77 145 96 135 24 144 155 9 214 250 251 193 243 162 211 25 140 121 49
    24 103 78 111 182 78 208 121 86 248 76 107 0 235 84 216 7 80 63 135
    133 169 236 15 161 224 174 55 234 62 195 28 84 38 138 2 104 63 200
    112 44 40 102 53 14 128 184 135 67 154 244 237 148 70 79 69 122 222
    143 2 119 212 227 239 145 83 213 13 93 114 245 250 112 132 29 3 168
    102 74 148 85 88 248 150 114 29 148 148 140 51 160 86 237 109 185 53
    34 151 20 200 60 253 182 28 58 149 221 22 187 163 123 154 62 8 87 98
    58 83 166 44 183 87 81 27 251 96 110 143 93 107 19 106 60 154 64 182
    43 78 204 149 128 100 134 113 245 111 224 180 236 107 113 47 227 176
    164 149 175 81 181 38 158 118 217 212 230 248 200 207 193 9 28 181
    129 40 219 18 117 121 152 28 10 248 0 99 163 88 38 20 50 243 228 181
    13 249 213 1 209 150 65 100 205 116 25 223 9 52 213 70 20 106 2 150
    16 245 185 138 4 62 112 181 254 118 224 39 209 136 60 101 27 126 96
    167 168 19 90 109 58 168 197 83 200 86 23 182 213 244 236 143 148
    161 238 138 245 187 203 100 147 169 169 217 245 203 31 162 206 247
    122 253 45 74 139 157 37 48 1 212 136 34 139 7 68 150 215 38 69 210
    148 197 88 93 198 1 51 197 25 192 236 7 138 105 234 26 209 205 157
    100 129 157 74 45 47 211 35 188 77 236 141 224 49 76 81 29 162 3 116
    167 125 206 59 89 188 65 85 40 159 77 140 47 122 25 189 102 226 221
    94 193 93 39 53 243 204 61 243 39 70 4 114 97 235 196 18 234 19 39
    54 227 174 3 227 185 225 38 113 97 35 122 21 206 147 12 45 176 19 44
    164 149 43 85 249 64 172 12 94 36 185 163 232 199 183 13 50 108 88
    44 38 255 230 10 55 77 12 135 99 195 114 91 241 69 93 116 81 192 173
    164 228 1 239 220 174 87 222 5 236 244 167 48 38 174 11 198 232 64
    86 27 67 155 156 229 76 77 40 192 191 249 211 155 154 61 52 72 105
    229 222 245 145 13 72 64 225 105 43 29 137 221 88 50 228 233 36 174
    221 220 210 179 171 248 231 172 26 164 175 254 228 255 99 25 163 97
    242 121 178 2 246 134 93 241 181 248 255 33 53 20 199 199 39 173 154
    60 97 43 84 85 11 14 180 193 45 120 234 161 156 124 139 230 219 109
    10 90 202 49 89 157 183 117 195 235 52 188 198 164 97 48 247 223 196
    185 5 215 0 249 122 13 143 131 155 44 73 232 54 215 211 0 50 177 10
    28 229 174 12 71 21 177 173 171 219 234 84 17 68 163 131 30 199 58
    210 55 35 85 129 215 163 87 184 128 11 28 47 155 126 205 54 83 184
    208 25 170 240 0 179 142 187 249 93 44 121 208 164 58 242 245 219
    183 168 96 32 110 21 91 71 14 8 80 248 83 162 225 118 206 115 206 49
    210 52 211 75 119 155 167 67 33 121 123 73 81 157 100 167 82 71 245
    232 31 106 170 147 202 109 58 179 195 14 165 220 177 247 241 170 50
    168 194 130 150 163 184 220 74 89 48 23 50 160 170 25 83 44 104 239
    89 122 134 12 172 100 160 186 47 211 171 195 8 4 236 76 226 39 126
    194 147 164 143 109 171 165 8 121 217 225 186 233 235 21 105 168 98
    166 16 39 20 230 107 124 45 134 254 186 85 250 142 209 72 133 164 34
    149 114 230 81 212 13 147 253 173 12 175 220 113 164 53 253 38 88
    127 104 243 204 244 202 167 55 244 213 212 40 248 11 18 36 33 171
    245 188 71 220 223 154 29 215 163 83 137 212 232 62 108 182 27 214
    191 5 54 214 213 242 245 131 14 59 168 46 95 168 209 121 95 215 236
    122 139 107 12 227 233 212 123 66 46 172 175 117 64 240 60 184 15
    117 41 85 154 6 61 101 145 15 107 176 62 222 14 250 25 14 220 240
    172 137 175 36 183 181 253 187 233 0 203 152 77 120 235 32 246 247
    213 31 214 20 182 114 139 188 180 116 205 233 106 241 73 101 54 89
    14 137 93 20 146 141 156 152 95 165 138 219 108 165 188 127 122 230
    207 27 221 143 36 224 212 95 107 127 92 165 199 78 38 155 242 149 73
    171 56 248 221 18 211 12 139 143 161 205 156 3 119 138 118 229 214
    57 247 44 113 171 51 199 174 7 187 151 169 247 67 118 197 200 39 37
    25 39 92 137 163 239 230 251 15 174 1 140 5 177 87 112 101 36 225 60
    122 63 170 171 251 214 65 149 155 229 241 0 68 166 31 207 251 92 47
    32 203 164 109 101 29 203 45 178 255 122 212 33 238 229 102 119 212
    60 80 187 138 155 157 36 136 141 232 13 242 222 202 49 44 6 47 193
    226 29 86 16 30 244 222 246 162 155 86 16 49 215 212 77 82 77 111
    214 40 49 231 45 209 78 211 219 112 60 174 87 198 206 232 2 22 38
    207 44 151 63 14 142 27 166 194 40 31 232 60 112 204 182 76 63 63
    211 186 44 234 154 224 64 17 155 164 95 28 72 126 68 211 201 116 190
    172 198 244 239 168 146 104 69 25 61 213 230 163 139 106 255 85 56
    30 83 161 135 144 27 117 106 81 161 49 62 223 110 125 49 67 12 247
    253 9 40 223 145 71 65 176 135 233 78 14 220 53 136 254 199 43 42 13
    241 164 95 87 76 193 152 130 24 59 38 179 79 232 228 17 13 5 242 153
    208 104 245 130 34 27 151 229 236 95 193 131 131 62 93 7 155 14 210
    34 105 170 35 95 106 96 230 75 207 221 160 212 139 175 154 235 39 25
    83 175 204 64 10 217 157 85 173 173 101 187 251 204 187 76 147 249
    24 239 56 135 19 29 156 85 177 30 37 202 158 20 229 152 62 235 211
    118 236 241 197 32 60 111 152 112 25 108 132 248 206 112 80 42 128
    227 115 6 115 202 9 55 230 62 59 48 207 131 156 75 66 137 204 161 9
    59 162 107 64 254 71 205 65 126 66 214 250 163 123 230 84 141 137 43
    187 217 51 236 233 218 118 46 43 95 176 67 250 253 84 26 141 56 179
    215 166 151 26 88 210 37 180 199 54 92 101 181 12 220 253 173 235 87
    222 110 35 82 61 68 38 151 72 235 139 230 207 135 190 86 164 252 119
    229 107 88 221 189 58 227 176 76 217 190 43 58 206 184 72 170 51 170
    105 9 204 251 159 42 127 107 244 40 192 217 180 196 161 173 60 93
    215 242 226 140 155 127 25 170 169 170 27 153 77 215 157 10 97 230
    216 156 80 12 187 181 92 96 218 142 220 138 169 142 243 108 253 249
    237 203 44 135 226 5 91 84 180 126 135 100 196 159 99 51 163 48 101
    27 138 43 181 69 2 225 112 74 207 84 131 34 164 37 14 210 60 170 239
    241 141 145 167 242 0 75 36 156 30 88 186 130 43 221 38 130 122 40
    102 177 240 162 224 19 92 17 224 234 105 203 97 76 237 197 21 120
    238 8 201 179 218 54 83 251 49 183 115 93 195 242 34 231 183 33 219
    139 88 44 197 168 34 173 32 137 26 182 65 45 213 198 92 179 105 0
    210 84 241 232 33 6 79 189 247 119 119 80 70 162 107 221 123 17 55
    83 40 88 229 215 62 221 150 226 201 64 17 133 248 131 235 99 45 185
    77 54 56 136 157 184 182 183 69 28 67 225 148 73 175 63 213 229 41
    156 96 237 176 114 32 167 196 232 30 179 103 180 133 189 107 44 8
    247 43 145 156 29 75 98 99 5 141 217 16 154 69 163 182 175 50 136
    167 25 12 24 233 104 144 58 60 225 222 194 43 102 93 148 29 201 181
    115 126 73 226 247 64 90 121 199 72 222 196 222 71 122 205 10 190 27
    207 153 160 74 13 8 153 130 231 102 168 35 2 240 220 29 1 30 132 190
    120 252 247 255 248 109 153 0 83 209 196 163 196 14 165 110 59 151
    51 72 9 5 80 144 124 136 77 208 62 137 68 97 79 6 1 238 137 70 62 37
    203 168 56 132 255 165 143 105 147 185 198 14 190 100 17 231 209 149
    185 169 110 189 176 156 196 191 208 74 72 77 126 79 231 156 22 0 186
    127 126 113 221 216 49 249 103 149 65 231 200 168 85 227 39 187 22
    43 16 170 79 44 50 133 153 13 115 175 199 72 145 106 35 179 237 179
    218 169 131 88 41 195 244 10 203 241 244 41 119 198 167 144 101 115
    70 208 117 234 129 43 70 57 129 197 171 239 156 194 95 148 107 173
    205 192 173 168 79 247 246 122 225 76 76 87 184 181 82 69 55 201 112
    254 92 107 250 157 182 8 173 133 220 110 28 49 85 34 192 211 182 234
    82 141 146 28 34 118 41 229 90 207 96 26 209 207 86 141 17 66 197
    205 7 64 127 149 109 64 254 93 112 245 163 2 185 122 7 196 93 211
    214 250 50 1 28 186 159 154 26 200 67 189 111 228 94 159 22 96 229
    98 42 166 19 33 111 109 67 216 240 108 88 28 166 239 91 110 191 60
    155 194 240 159 147 8 183 161 100 5 189 56 210 60 229 32 229 191 44
    142 1 70 54 13 244 172 78 61 209 246 208 206 202 220 126 84 110 98
    154 42 25 52 26 121 206 207 162 16 209 38 218 197 250 46 25 45 153
    214 136 255 33 29 184 25 183 187 95 79 161 212 78 178 103 246 229 11
    100 249 134 125 206 34 221 100 108 220 132 15 97 147 209 60 6 210 25
    184 28 156 174 231 33 134 155 208 31 133 187 37 33 129 185 146 255
    206 228 91 120 188 5 154 19 46 192 54 82 215 91 201 80 218 32 4 56
    75 168 218 92 113 114 102 120 46 252 27 78 116 178 176 243 239 71 52
    112 249 191 252 193 176 56 50 53 25 41 79 175 213 24 185 254 111 111
    64 166 125 169 239 84 3 140 226 110 38 213 24 160 197 241 70 139 59
    83 255 210 220 71 189 37 176 121 238 71 172 134 72 159 30 156 254 78
    27 102 41 162 131 164 89 237 244 87 156 241 201 103 84 209 1 17 49
    254 86 166 186 217 63 58 70 229 196 93 232 77 17 67 231 184 211 150
    179 236 168 78 146 235 113 160 2 201 193 7 101 182 97 65 93 213 186
    25 171 37 25 27 79 247 148 206 63 72 45 44 159 165 137 212 111 195
    100 125 225 135 238 75 109 251 212 23 248 217 1 13 228 165 129 52
    141 170 240 239 110 201 248 52 146 246 91 82 143 56 62 25 242 253 91
    207 82 8 213 179 18 127 204 173 195 211 241 66 72 210 220 207 94 231
    148 68 36 199 253 12 185 238 73 202 159 238 84 130 237 132 227 116
    191 100 0 90 114 38 84 239 247 64 124 33 49 214 215 136 98 250 202
    30 98 167 146 197 64 178 111 173 45 180 162 149 6 151 227 36 91 42
    198 66 105 5 131 245 187 82 205 143 197 67 28 119 1 88 61 166 186
    178 45 75 238 127 225 104 197 235 192 161 178 208 229 47 105 238 87
    39 93 105 235 28 116 1 251 86 185 33 245 78 14 143 125 186 22 6 61
    232 125 142 254 47 165 134 3 91 178 141 90 20 120 82 101 119 29 100
    30 120 38 216 209 160 107 82 158 228 110 180 86 180 140 145 237 103
    94 121 229 14 88 248 207 165 63 185 67 83 95 32 148 176 12 58 109
    126 152 32 230 193 246 43 153 81 213 203 140 73 44 236 222 34 73 217
    48 152 254 78 183 40 81 81 204 142 141 41 216 57 207 112 175 54 234
    47 131 126 193 220 68 92 47 172 60 2 86 117 255 205 245 43 176 8 205
    241 238 104 79 138 183 162 186 105 218 76 95 39 251 73 158 228 240 6
    190 167 113 8 221 28 204 166 94 201 181 173 100 64 218 85 236 77 124
    34 134 255 81 139 167 194 111 250 35 30 215 54 84 253 133 154 162 90
    13 199 126 64 72 196 4 120 203 75 90 212 174 204 45 250 152 86 175
    56 72 122 88 135 200 131 110 143 104 183 190 8 106 245 14 134 34 128
    14 35 158 214 123 244 110 54 182 115 68 43 81 222 254 39 216 8 210
    119 0 175 144 123 156 249 132 76 9 214 239 110 125 155 142 195 43 57
    10 145 15 111 185 21 153 244 135 248 154 189 158 199 147 52 109 249
    182 27 89 19 106 4 220 74 103 71 38 219 103 76 12 0 102 41 227 43 12
    253 7 144 116 116 174 199 91 207 16 216 141 188 223 225 28 173 224
    40 51 67 165 16 205 31 162 168 55 189 56 196 23 121 115 23 20 45 71
    101 148 42 224 9 38 237 218 79 184 144 48 254 177 170 148 224 102 26
    222 179 208 26 196 19 242 46 163 99 86 74 64 16 139 234 10 123 141
    56 24 119 2 199 212 254 229 127 64 154 175 199 114 64 73 39 90 41
    122 234 44 28 2 234 141 132 46 103 218 176 178 30 75 211 19 103 27
    247 181 118 128 210 68 93 23 101 181 130 215 155 72 196 137 82 195
    223 32 37 154 12 216 114 61 22 55 119 48 49 33 246 24 94 188 129 250
    13 84 64 120 212 4 35 205 15 68 4 147 62 45 26 115 72 71 87 95 157
    124 79 52 141 189 98 231 6 227 149 169 173 34 129 37 47 115 122 44
    184 15 67 28 29 104 28 83 204 62 234 13 249 112 59 134 151 19 200 77
    230 250 183 5 75 212 61 57 122 241 131 17 201 174 17 138 7 183 187 7
    93 44 185 61 33 118 198 15 183 11 105 163 135 100 247 58 177 91 57
    29 255 74 112 148 53 88 123 210 200 122 234 136 12 191 247 201 22 40
    72 219 10 22 150 105 209 236 124 27 77 157 72 136 205 191 69 208 252
    219 128 107 100 47 22 21 82 249 12 89 187 41 141 94 122 144 6 12 131
    252 214 27 89 220 242 81 198 47 153 171 170 255 166 210 1 158 161 16
    79 127 239 204 92 53 40 140 37 107 147 14 66 38 54 82 75 112 73 143
    31 52 121 153 128 165 119 68 178 97 0 65 55 131 254 108 8 220 64 128
    58 60 73 103 0 95 203 217 83 59 215 236 148 91 249 80 217 245 62 103
    227 34 117 104 120 180 12 67 185 203 28 151 31 105 116 165 29 104 93
    244 160 5 126 2 163 22 112 36 204 158 169 65 148 179 146 0 195 211
    69 146 232 240 41 189 250 253 188 50 166 17 143 121 170 136 119 108
    249 198 59 62 128 184 189 36 139 6 156 113 17 230 117 46 90 215 237
    236 97 239 197 151 154 239 237 63 88 62 7 61 215 203 10 5 48 60 87
    12 244 158 98 140 20 34 86 41 89 93 153 55 174 189 19 212 122 9 220
    94 108 47 240 30 64 68 73 191 132 193 1 184 78 242 225 22 35 228 40
    41 143 255 159 142 148 22 47 6 232 109 76 236 234 40 148 155 214 163
    86 6 166 53 70 249 249 202 124 237 105 245 94 166 82 227 191 59 174
    198 234 140 90 188 195 250 71 126 72 144 108 25 79 122 54 182 105
    203 133 233 124 113 108 84 43 210 22 44 248 203 157 62 246 229 211
    20 67 124 119 230 152 50 104 198 225 146 135 158 52 209 221 124 4
    223 23 30 184 15 63 163 192 88 1 255 102 58 237 240 242 43 60 77 158
    197 135 115 111 60 129 1 227 107 196 224 204 145 183 51 199 133 183
    93 51 210 6 136 2 237 251 112 3 82 229 157 109 100 249 93 58 83 132
    5 73 140 193 105 45 52 13 66 230 183 170 59 190 187 112 171 171 247
    159 200 159 118 91 244 31 196 31 230 43 194 171 126 133 247 136 174
    146 219 162 5 184 240 115 85 40 185 93 175 89 45 249 187 193 103 58
    191 131 159 46 69 252 209 46 158 156 243 34 89 60 94 91 172 109 208
    54 184 182 123 180 238 199 237 80 147 98 49 144 64 22 180 179 238 41
    55 175 177 161 51 189 229 150 3 72 125 81 82 229 206 212 82 54 247
    128 154 244 52 64 95 135 158 219 138 57 47 121 130 145 6 173 83 182
    8 129 194 108 15 87 69 169 135 142 136 203 41 220 209 65 6 36 204
    101 160 83 53 217 196 27 131 18 211 82 185 244 145 109 37 22 47 123
    212 178 194 186 250 21 99 112 44 101 255 2 224 200 233 212 197 160
    216 43 50 169 148 179 249 168 15 191 177 95 96 0 97 170 154 6 91 159
    42 248 57 226 22 147 25 158 14 109 171 110 127 152 160 157 156 138
    209 61 84 89 8 72 11 70 125 162 227 233 137 245 105 131 68 1 157 35
    112 136 202 202 4 143 197 116 160 140 168 204 151 170 147 57 201 3
    92 100 186 47 91 95 103 200 28 77 151 155 112 154 244 114 129 113
    184 45 82 190 81 115 61 37 79 144 124 201 84 240 57 58 175 110 66
    246 112 139 237 76 56 23 145 157 125 187 6 133 10 60 83 161 36 172
    237 116 119 57 39 84 35 118 109 82 63 252 45 217 187 170 199 175 1
    79 114 19 148 108 184 10 249 6 121 232 113 225 24 220 227 79 101 12
    138 129 37 16 131 164 138 191 21 107 238 140 105 10 162 32 9 224 219
    192 240 73 22 138 33 117 139 112 211 30 197 164 146 196 174 21 210
    229 141 222 7 221 31 165 238 232 65 202 36 228 88 230 134 195 176 40
    61 155 221 191 10 248 40 165 138 190 9 192 168 100 47 121 215 227 87
    79 117 246 247 229 157 169 186 43 225 126 134 153 245 159 24 94 250
    76 253 124 48 215 110 83 35 77 144 13 99 149 252 137 90 69 39 202
    198 94 79 220 202 94 130 51 120 66 25 71 135 13 44 89 99 207 30 230
    79 36 61 47 154 203 5 212 131 111 171 254 206 32 169 101 202 20 242
    249 159 241 201 145 159 84 213 58 98 134 143 52 17 97 190 201 128
    107 32 15 239 20 249 88 79 101 79 138 21 214 255 231 2 165 18 141 47
    129 1 37 219 54 98 226 99 116 212 158 194 7 51 197 15 120 193 226
    243 192 231 127 35 20 92 94 206 128 7 164 184 66 77 237 69 165 41
    112 38 190 162 230 59 61 2 250 201 248 239 186 113 133 124 254 205
    171 141 28 97 161 51 189 34 33 252 37 145 78 128 203 129 204 233 131
    116 143 77 162 55 158 248 130 255 197 209 23 22 160 133 78 130 224
    163 138 108 239 91 70 173 51 51 95 139 103 201 24 236 248 110 90 174
    60 182 108 60 142 25 143 8 56 48 3 193 120 73 218 235 218 39 163 176
    167 185 36 226 158 160 157 44 141 242 114 37 41 192 64 94 89 253 62
    223 7 97 188 0 147 203 22 98 98 121 129 39 153 2 60 203 182 122 79
    39 5 162 109 141 215 253 73 201 12 73 28 195 117 3 128 236 199 23 85
    173 31 117 212 52 63 234 77 188 165 105 93 93 101 10 182 83 102 19
    134 108 61 72 4 254 39 43 90 220 212 207 33 215 134 3 139 213 30 251
    98 152 105 244 111 230 175 197 128 189 79 233 0 65 153 85 119 142 94
    125 115 62 20 33 71 142 208 94 13 209 183 70 88 181 42 63 141 178 7
    33 34 132 77 10 249 241 133 245 202 99 19 50 64 145 37 161 81 155
    242 193 118 175 189 178 207 136 96 144 229 104 242 216 23 236 100
    108 26 171 71 119 128 88 122 20 138 235 43 88 40 41 159 40 169 116
    122 89 91 40 225 110 82 141 144 212 154 206 255 214 186 74 234 40
    139 229 79 152 79 210 197 37 11 225 50 215 118 9 90 67 101 147 229
    231 83 183 34 54 62 20 141 240 129 205 23 52 110 37 106 177 100 245
    52 243 236 3 158 234 16 241 155 200 20 198 195 218 76 54 180 34 172
    85 225 220 24 9 234 155 214 158 193 235 21 74 216 19 141 245 225 226
    46 144 186 87 14 127 96 122 19 213 107 66 235 115 245 153 212 80 168
    94 139 11 77 163 198 178 120 7 14 160 238 100 84 113 232 51 27 18
    116 144 32 46 132 86 61 99 244 100 17 240 212 75 0 179 60 61 78 13
    33 52 21 166 3 227 2 137 22 126 91 120 116 174 221 219 198 110 98 20
    90 23 158 196 240 30 31 212 247 218 231 45 88 190 55 109 97 113 245
    22 40 252 54 25 175 198 196 35 102 242 9 4 185 101 234 154 15 39 240
    246 190 193 102 63 229 213 39 228 115 40 28 10 198 34 74 130 195 181
    223 42 244 150 92 81 65 151 157 171 9 227 138 37 14 130 219 106 49
    86 184 197 67 108 54 24 249 171 54 74 94 186 101 172 111 248 36 72
    156 221 2 112 198 169 41 107 117 182 160 80 192 68 140 243 255 150
    128 251 77 179 87 170 59 160 153 61 125 54 171 12 191 139 65 113 72
    82 228 61 35 153 72 36 54 7 176 81 93 122 35 125 138 127 206 31 19
    180 178 165 107 77 35 108 181 140 84 54 152 119 31 51 19 208 145 13
    31 158 105 185 234 199 15 21 11 135 79 131 33 8 118 218 123 162 53
    165 62 89 11 42 241 83 107 174 237 225 187 154 119 163 43 142 157
    186 64 134 59 123 50 213 244 147 85 215 208 212 88 25 211 248 196 7
    19 166 108 54 69 147 173 114 95 42 125 229 117 240 219 66 52 183 233
    13 248 226 155 163 16 161 98 213 40 1 187 59 107 229 132 126 110 74
    42 173 50 132 49 122 117 88 72 140 24 237 81 8 181 92 212 34 35 11
    194 172 233 81 70 145 122 15 74 102 160 224 198 46 11 185 51 103 19
    186 165 103 168 70 47 186 180 240 5 22 37 233 40 121 156 159 56 219
    228 49 209 82 70 65 40 30 151 200 89 239 180 177 123 212 11 203 243
    37 58 160 204 48 165 66 8 205 230 185 5 162 230 249 137 225 42 95
    191 23 241 119 82 229 227 39 241 236 18 4 22 27 92 104 161 232 111
    176 145 106 39 200 210 85 135 108 147 78 63 228 44 229 70 141 184
    207 142 210 77 238 47 91 215 145 40 34 84 218 81 138 195 197 108 74
    199 173 216 17 235 139 207 81 193 171 90 157 207 169 202 193 169 123
    29 220 243 127 124 226 179 8 152 184 52 64 251 104 74 155 113 35 137
    19 129 158 117 147 174 196 148 75 87 109 175 1 201 191 214 97 153
    149 167 202 119 70 237 32 55 76 82 111 139 66 39 86 149 164 108 0 71
    106 26 52 29 246 3 48 191 81 254 67 111 200 28 86 107 246 226 155
    191 53 255 123 87 110 236 98 62 228 142 51 197 109 8 225 234 169 65
    26 157 3 20 198 14 248 70 143 154 137 57 102 55 40 76 214 40 228 48
    99 43 56 203 125 29 191 109 91 57 178 80 157 191 245 194 198 213 150
    52 67 67 88 139 45 174 241 59 140 54 255 201 222 61 165 220 119 133
    228 146 156 241 201 18 117 132 40 248 152 180 209 95 59 136 20 121
    239 3 236 182 52 115 248 95 177 138 111 63 202 80 157 147 61 9 157
    105 120 230 220 199 36 176 179 153 91 73 206 120 224 47 222 72 81 63
    119 2 106 21 189 137 199 245 36 120 86 214 7 198 8 47 221 71 126 142
    212 106 184 91 26 198 221 26 96 40 157 25 162 50 110 208 6 55 151 64
    10 213 199 36 230 171 73 19 198 90 159 127 218 66 194 213 10 228 216
    152 168 228 103 118 252 219 11 103 187 2 95 82 51 109 182 45 227 108
    200 236 59 21 33 162 183 111 162 103 149 83 205 64 29 232 129 61 180
    60 208 25 168 14 141 21 154 169 141 216 67 42 235 63 143 106 3 145
    33 27 132 251 117 9 101 27 171 222 75 196 78 125 184 144 94 41 54 36
    116 134 149 38 242 139 127 238 109 117 18 170 124 90 59 45 241 122
    191 193 45 179 49 131 239 222 47 196 230 195 30 17 162 140 206 84 77
    47 236 204 226 183 180 229 13 32 129 211 252 57 99 140 127 45 106 13
    222 198 33 88 17 205 221 142 185 32 157 159 189 16 220 207 128 123
    92 10 202 250 111 89 77 18 30 62 30 30 238 125 85 74 145 182 208 161
    116 110 133 182 91 110 99 230 1 245 242 116 140 83 229 168 218 185
    32 233 58 139 148 83 142 75 252 10 81 118 17 120 178 19 6 18 82 64
    23 203 192 146 112 66 26 203 86 3 151 126 194 29 78 63 243 210 14
    108 9 144 88 131 41 57 41 244 190 103 44 195 102 235 96 80 236 251
    46 26 54 230 71 30 218 223 131 13 241 50 187 234 243 73 109 158 184
    84 74 242 3 145 147 232 55 211 136 169 236 15 24 173 24 106 147 64
    64 152 139 139 138 126 179 37 57 24 58 62 146 53 57 56 138 61 57 45
    30 29 132 242 94 99 68 191 243 146 169 207 85 87 179 251 191 249 17
    207 147 173 93 124 56 80 194 253 129 85 254 132 190 76 210 133 76
    202 157 1 215 39 222 255 212 245 143 255 136 39 251 126 194 224 99
    136 207 140 178 174 42 20 161 146 147 65 213 84 165 194 13 226 69 2
    174 55 25 19 221 185 138 197 42 226 51 69 66 97 98 220 55 184 205
    201 214 86 133 227 132 104 37 230 29 163 254 233 160 207 86 184 117
    154 247 192 99 5 244 87 22 36 26 196 40 23 174 75 210 64 195 120 194
    33 195 230 36 101 134 45 104 11 255 99 187 33 29 68 206 119 43 195
    62 110 198 188 175 183 230 10 128 210 43 25 241 237 47 198 219 45
    155 101 135 252 223 43 50 143 40 165 175 199 207 250 110 169 143 114
    232 139 107 61 224 184 125 154 131 61 23 98 236 27 191 114 122 40
    118 65 61 79 144 213 255 91 197 253 219 226 34 183 108 148 18 151
    108 180 74 238 5 56 196 203 141 126 162 95 230 2 149 21 146 39 72 91
    136 180 250 185 183 37 152 189 175 41 233 130 42 164 37 202 12 242
    60 9 249 156 246 226 200 192 146 30 96 250 151 255 115 164 8 125 83
    105 22 18 14 139 71 44 24 9 142 63 98 232 232 16 46 79 182 24 199
    178 117 148 231 171 171 47 157 211 254 229 90 23 167 225 52 135 188
    60 19 34 68 200 157 90 105 49 99 216 254 210 177 8 234 35 226 233
    170 80 189 37 145 224 57 28 0 151 98 92 182 244 157 0 101 83 46 254
    30 125 131 54 178 77 99 203 156 191 151 28 124 95 165 217 223 196
    160 47 28 6 89 86 206 154 234 155 71 85 117 205 203 170 58 194 231
    182 136 189 15 103 68 205 190 50 3 21 130 140 142 98 39 16 70 146
    217 53 39 240 244 28 154 145 65 240 36 178 216 222 138 227 49 33 130
    91 0 30 161 101 149 228 161 1 218 203 240 166 109 129 120 0 149 208
    119 178 10 160 119 251 251 96 22 213 145 1 0 244 143 147 236 49 129
    124 27 53 134 75 97 128 40 140 123 61 86 252 92 232 83 6 0 174 120
    245 50 166 35 26 46 132 1 19 176 245 215 132 166 213 48 189 8 165 51
    43 127 177 68 189 66 198 120 213 167 173 42 125 229 56 237 183 25 30
    0 62 161 49 39 202 118 170 119 120 138 80 170 2 149 68 148 238 201
    243 144 227 19 246 193 143 159 186 22 115 242 69 151 201 92 213 29
    118 146 95 205 139 111 87 115 73 140 233 51 13 249 47 6 248 219 185
    223 39 129 91 5 233 146 17 2 208 208 8 197 145 33 74 0 89 182 160 39
    90 109 250 202 11 148 165 5 133 229 65 28 140 51 138 239 246 252 47
    56 58 53 134 57 223 232 149 165 142 151 146 255 23 15 218 40 171 198
    216 226 196 63 254 100 57 117 205 177 164 238 81 217 80 206 67 115
    140 45 220 209 157 37 113 157 161 113 27 13 124 75 79 167 191 187
    131 243 211 112 255 82 192 234 172 30 198 109 69 39 146 247 162 83
    83 29 30 205 137 211 11 153 134 52 227 26 72 57 147 59 3 216 177 53
    227 248 253 41 171 22 26 55 137 114 150 162 12 95 81 165 89 91 141
    142 137 191 15 143 200 178 162 18 150 1 113 239 77 76 3 212 252 132
    198 213 152 86 202 198 83 105 25 98 213 114 235 188 143 195 38 104
    220 206 135 110 224 127 112 67 84 141 39 7 240 175 68 252 201 197
    184 61 202 117 204 54 217 255 25 30 26 141 127 158 233 52 35 139 128
    251 223 99 192 225 110 240 230 199 187 52 252 179 100 152 28 116 176
    131 49 167 118 168 196 6 13 148 255 183 184 255 255 19 177 75 153
    168 97 91 54 10 17 85 211 131 132 21 61 81 146 65 6 119 2 80 79 243
    47 110 243 64 254 142 160 62 179 183 15 9 66 114 111 72 233 116 145
    4 61 146 121 49 52 88 190 11 194 147 81 86 105 25 117 67 182 255 241
    55 164 131 139 68 83 218 247 28 159 192 1 96 234 74 199 248 80 227
    112 70 253 122 63 202 32 114 156 19 67 104 62 30 68 101 67 244 183
    50 219 131 85 133 19 155 104 19 27 67 7 73 137 52 179 103 102 38 217
    70 25 58 254 101 6 216 64 21 138 75 116 68 216 101 83 1 184 30 46
    224 226 121 63 104 170 88 159 102 171 130 112 136 125 2 134 10 241
    54 68 117 224 197 108 253 32 121 156 26 193 58 148 81 175 26 208 9
    203 131 159 68 202 174 171 126 94 119 142 177 20 68 249 240 214 156
    196 62 225 6 172 78 101 74 158 127 97 24 25 166 47 104 8 165 227 174
    64 127 182 159 14 142 174 202 133 77 19 140 46 191 1 160 214 163 39
    17 230 119 187 60 24 71 237 64 184 180 143 69 146 39 190 66 13 114
    29 149 117 56 45 32 254 229 253 139 49 252 145 112 92 109 10 234 97
    37 128 163 215 5 73 255 102 255 145 140 96 95 32 149 123 23 22 89
    220 196 210 133 62 58 228 164 197 145 119 154 19 205 107 157 36 112
    251 75 129 182 179 69 243 104 6 100 124 109 58 226 201 52 34 225 208
    104 151 150 199 105 243 148 213 13 107 85 82 153 99 12 255 142 49
    126 203 192 0 93 121 74 234 128 169 117 234 137 71 215 66 56 208 37
    19 84 228 152 29 181 198 130 235 86 51 50 33 39 68 91 140 116 152
    181 116 80 251 179 53 168 146 20 125 23 90 240 226 108 80 46 189 112
    240 141 147 223 105 138 10 167 105 80 149 58 104 81 192 43 95 141
    101 22 212 102 113 34 228 236 21 247 192 207 249 110 249 200 243 0
    102 160 34 105 10 29 104 201 248 147 181 92 92 106 167 68 126 151 54
    19 184 211 76 119 208 17 202 203 73 25 168 112 173 110 237 30 53 247
    228 72 175 210 147 176 221 195 0 184 108 10 100 114 86 121 242 10 85
    60 124 205 197 213 183 77 54 196 151 91 130 225 117 41 241 200 159
    252 236 130 118 188 239 184 79 254 62 31 52 133 149 101 252 18 115
    16 251 49 92 83 225 145 166 109 37 170 32 226 45 120 130 152 27 187
    236 111 150 231 35 179 173 25 105 156 63 11 83 88 182 88 197 244 156
    42 116 91 75 199 195 8 46 248 219 25 111 80 99 191 229 144 96 78 89
    209 192 161 238 140 101 235 33 99 228 82 224 75 165 208 14 93 78 15
    115 215 209 39 217 151 168 48 61 254 82 214 204 228 193 79 154 75 23
    215 60 23 99 129 135 239 50 8 58 152 79 60 4 192 51 209 139 22 191
    138 29 145 65 80 173 90 92 210 133 213 18 37 38 84 7 235 79 104 33
    173 85 235 254 197 146 75 197 58 4 100 220 96 168 34 67 185 41 207
    75 216 94 219 208 42 178 234 222 78 110 239 202 164 7 95 18 179 234
    208 253 227 255 201 240 214 3 215 92 30 55 11 242 184 9 42 197 251
    84 101 132 216 237 200 44 236 196 94 188 103 178 92 67 253 63 160
    224 149 209 150 215 37 171 110 132 0 123 172 191 68 206 185 245 105
    231 160 208 182 124 230 248 153 201 84 166 206 244 73 15 144 140 140
    162 229 155 28 218 150 13 99 104 78 66 139 221 248 142 128 200 230
    64 45 210 177 170 229 64 60 255 89 159 84 187 234 53 86 113 207 245
    117 110 97 59 131 98 174 116 19 153 186 94 59 39 79 97 42 146 164
    148 197 185 166 121 76 172 249 89 7 194 13 142 112 111 139 189 174
    42 219 201 101 247 176 108 82 5 47 44 120 68 121 17 130 146 151 216
    2 205 131 34 26 63 244 134 104 191 207 146 130 185 152 112 109 32 16
    155 29 64 46 75 129 188 26 72 158 171 151 204 66 143 24 55 79 181
    255 157 58 17 249 106 246 240 224 133 250 80 62 60 89 231 24 19 145
    189 194 193 76 85 30 18 127 90 196 201 17 133 125 47 182 242 51 96
    72 56 187 17 241 47 22 15 223 212 232 128 115 200 236 140 225 198 18
    76 196 14 172 173 95 102 111 30 140 107 187 38 213 203 224 50 157
    124 149 146 153 243 0 125 49 203 9 249 126 194 60 118 133 121 23 252
    78 81 76 31 19 128 19 67 102 8 81 52 206 69 143 131 93 216 4 124 105
    201 82 142 224 223 57 84 77 207 249 77 183 203 140 148 157 9 238 245
    153 68 180 174 3 87 180 145 134 115 216 105 71 29 102 162 231 126
    108 56 88 108 164 201 231 86 177 150 116 240 234 101 169 92 215 244
    201 206 170 193 86 16 136 39 165 81 153 58 13 153 128 170 0 11 60
    223 224 57 240 74 140 83 93 234 165 173 19 183 4 8 203 57 12 65 140
    80 143 45 161 60 71 229 54 191 7 145 19 34 223 229 254 23 53 156 198
    61 197 120 122 24 204 153 223 29 147 154 38 52 81 229 109 134 149
    151 122 217 5 74 111 15 89 111 24 134 139 102 226 93 48 162 189 158
    64 120 251 77 179 117 2 125 138 189 72 128 97 27 83 242 239 207 26
    204 15 15 67 246 149 230 14 144 47 145 57 105 157 243 167 45 168 13
    130 36 73 125 201 156 80 152 165 187 188 230 24 242 62 153 110 180
    188 7 155 130 210 210 71 196 96 248 169 65 152 1 167 41 201 194 56
    26 156 112 102 201 231 52 94 107 61 129 73 48 91 124 250 157 134 54
    24 251 118 185 51 0 136 129 69 234 201 207 120 168 18 48 183 10 232
    150 139 42 220 186 75 146 152 35 158 69 49 194 54 112 63 248 205 20
    121 228 93 3 244 102 249 246 69 44 222 209 90 44 70 202 69 187 141
    239 47 16 22 221 207 108 252 150 186 106 69 169 53 5 44 123 8 220
    235 25 216 212 182 150 170 192 190 81 34 180 241 161 138 55 189 95 7
    201 222 225 174 145 1 152 192 186 63 208 210 179 92 80 94 137 200
    119 199 107 4 103 138 24 251 125 190 29 40 36 186 20 254 200 240 141
    198 136 189 67 157 81 170 243 123 73 138 209 12 196 95 211 192 37
    180 244 195 213 219 80 49 222 136 156 97 157 189 127 71 2 239 155 81
    221 143 88 132 30 90 158 57 137 175 193 58 234 129 9 85 150 191 44
    225 243 193 54 226 55 167 76 0 8 220 142 241 72 5 238 148 147 65 77
    212 13 222 248 70 46 28 170 14 157 141 175 31 248 171 122 32 86 137
    13 102 181 128 76 116 237 103 68 136 195 158 246 98 217 158 40 187
    65 138 98 180 211 58 205 218 54 5 157 122 64 20 157 239 160 3 158
    141 57 132 78 112 106 89 142 11 1 91 33 158 41 180 242 123 37 92 149
    90 168 183 196 73 161 67 228 62 40 189 57 159 149 143 60 22 224 150
    246 145 90 177 170 70 212 193 241 39 112 105 25 101 24 134 16 96 114
    43 114 198 150 147 120 101 209 130 34 250 17 222 196 41 168 157 79
    212 76 47 237 201 109 239 35 174 145 70 161 250 210 194 35 167 55 29
    117 176 88 112 124 73 212 144 19 143 43 99 52 115 38 226 184 92 4
    206 190 5 156 168 5 240 217 45 99 52 17 159 194 207 193 214 25 49
    232 1 6 132 118 251 173 226 2 247 26 213 49 24 226 85 73 200 229 4
    40 89 173 98 8 196 215 153 132 29 229 208 173 80 8 124 141 187 170
    76 178 158 44 61 82 106 67 109 150 60 64 44 184 188 206 52 207 182
    63 223 54 139 85 20 65 82 244 74 82 65 17 179 2 130 204 118 225 231
    102 86 6 154 67 167 158 107 119 184 186 53 93 145 70 100 18 213 245
    70 175 121 171 23 51 38 162 251 58 49 156 110 134 189 108 250 39 236
    198 180 196 167 136 213 82 209 192 8 248 36 186 170 78 79 22 9 184
    220 74 181 5 164 95 162 147 192 50 57 254 57 22 70 25 210 68 226 189
    194 13 164 99 100 198 154 96 40 5 0 180 55 135 132 108 201 35 141
    186 112 98 12 206 242 19 4 69 148 97 60 102 207 21 113 254 6 182 238
    244 160 251 237 115 23 154 126 105 20 42 157 184 6 37 162 30 25 187
    38 134 153 163 185 152 168 75 66 190 209 147 74 4 97 238 1 147 0 34
    75 35 71 153 163 91 219 247 92 123 193 140 61 69 65 190 245 148 212
    86 80 231 177 82 86 105 74 200 55 49 255 37 254 222 194 82 26 144 51
    173 3 245 100 171 105 145 99 152 156 134 42 156 107 198 225 95 119
    254 81 34 134 107 223 80 52 243 144 246 118 18 239 55 70 211 157 109
    24 198 85 85 219 13 41 235 148 116 155 243 72 201 157 150 64 159 243
    27 152 30 232 16 251 231 104 79 27 46 249 250 82 136 54 248 72 146
    102 184 82 216 253 142 127 47 145 31 80 73 244 163 20 68 49 137 89
    164 41 41 161 136 31 229 172 33 155 228 122 28 152 179 1 46 169 230
    138 2 205 103 212 120 160 133 90 2 211 199 193 112 225 173 13 239
    173 114 125 208 13 211 162 96 34 108 90 16 62 9 109 133 193 251 242
    198 241 34 187 42 17 55 14 220 25 152 120 70 244 221 18 223 209 77
    244 69 32 96 99 172 210 30 196 21 121 94 109 94 69 221 176 136 169
    168 6 100 93 32 160 57 92 114 167 156 165 111 73 92 11 44 143 234 92
    247 210 95 61 4 255 54 1 219 136 68 46 155 157 172 38 102 242 179 97
    27 182 95 4 246 17 141 134 69 163 60 143 221 9 247 147 35 15 192 96
    246 20 116 62 248 246 255 42 185 120 25 238 26 223 231 61 89 102 159
    20 159 94 189 22 145 181 29 132 186 63 28 227 148 233 162 42 85 245
    88 98 48 213 156 31 123 107 192 56 40 134 1 91 254 120 31 19 154 37
    25 200 171 231 246 13 181 21 91 116 170 125 9 130 25 179 162 205 91
    14 222 188 166 72 7 184 27 234 96 105 108 53 107 15 161 212 156 59
    100 62 237 84 140 204 207 132 38 253 6 213 40 198 79 163 239 185 42
    141 29 104 193 241 98 160 216 124 208 98 9 249 27 17 213 165 111 221
    19 47 128 11 137 44 158 217 243 190 68 100 192 139 91 185 49 34 26
    106 137 221 11 214 244 56 189 150 223 19 7 68 197 165 3 227 1 92 178
    44 90 185 238 48 213 229 126 51 143 186 180 44 99 69 85 70 94 37 225
    223 21 213 148 86 10 253 123 145 240 94 30 235 77 168 10 88 106 253
    114 118 222 3 244 122 74 186 133 161 65 186 180 5 104 244 182 135 46
    66 202 248 23 55 107 76 9 150 104 58 172 32 109 168 102 146 221 170
    166 149 178 214 240 254 99 188 91 239 192 20 5 15 46 50 149 144 246
    99 30 80 223 94 150 87 6 57 34 65 8 232 204 244 44 112 221 230 161
    131 62 207 196 21 215 129 188 133 5 68 152 112 27 82 43 95 251 8 70
    66 211 242 67 102 209 86 192 175 175 92 176 119 68 36 58 226 38 51
    24 147 114 8 116 92 222 71 126 142 45 245 2 128 149 152 46 157 150
    36 161 137 243 126 199 154 214 29 38 93 81 130 200 158 124 103 125
    162 220 141 104 9 146 86 167 115 128 117 17 2 202 213 197 47 209 228
    30 174 112 62 116 181 1 203 24 145 85 219 173 222 55 98 59 205 143
    170 197 70 191 78 227 124 183 243 246 117 176 106 9 215 98 172 84 62
    177 255 156 90 221 229 3 226 6 249 76 87 80 201 244 32 22 252 193 82
    223 166 111 185 172 43 6 213 151 76 71 200 35 28 35 85 152 75 20 126
    198 211 253 242 188 184 204 14 249 250 85 65 204 21 11 215 136 54
    108 236 89 181 80 17 103 223 114 161 68 8 5 142 206 224 175 3 61 124
    56 149 223 188 214 90 178 72 2 171 233 49 24 60 63 156 106 90 4 201
    93 120 188 16 16 168 185 3 22 122 105 221 204 13 92 207 218 110 215
    142 194 39 3 37 63 165 193 237 18 10 221 2 108 209 131 104 123 201
    125 59 142 3 115 26 180 163 128 44 3 249 70 63 148 134 246 69 245
    233 116 205 173 7 46 108 169 85 147 73 56 20 96 15 229 100 179 66 32
    98 74 182 241 130 104 73 77 130 204 170 250 73 131 178 102 250 226
    200 5 157 232 187 88 177 215 138 126 212 225 112 133 91 164 159 75
    187 1 151 204 17 195 235 65 167 35 57 255 4 177 10 223 126 2 90 64
    84 104 198 215 190 176 43 115 203 3 14 197 117 126 167 36 238 141 83
    106 52 235 67 24 57 145 131 223 46 133 219 168 84 202 36 172 166 219
    24 194 36 10 178 182 102 117 244 23 78 190 54 222 52 89 40 86 212
    165 90 35 246 225 99 242 61 135 27 38 163 166 111 109 230 165 222
    130 58 175 147 68 103 94 182 152 166 145 122 195 229 93 13 69 213 93
    191 142 73 21 36 71 18 203 7 59 186 118 64 0 191 187 114 145 112 181
    85 73 194 143 30 182 207 211 164 134 84 6 229 88 32 191 161 123 34
    184 78 192 29 165 137 172 72 138 217 108 100 79 1 208 131 119 234
    116 210 25 82 88 234 78 63 111 135 250 56 69 87 222 53 152 230 170
    159 9 133 126 135 145 197 111 72 25 232 215 167 230 242 149 169 229
    38 39 214 195 84 96 144 200 172 50 120 125 41 5 28 61 208 144 217
    175 169 94 242 95 118 92 48 40 20 204 185 179 205 129 18 159 246 214
    166 150 115 216 112 56 20 219 128 22 19 150 104 54 100 156 158 254
    19 146 11 218 200 192 134 79 135 18 122 60 246 41 70 54 255 0 39 31
    224 15 75 200 93 190 103 224 248 181 200 149 115 20 218 89 30 204
    249 217 105 22 53 192 164 113 244 24 139 225 61 19 85 140 11 240 124
    16 76 203 127 56 163 114 77 88 158 77 66 187 114 6 30 116 104 239 78
    225 158 104 220 110 176 113 111 58 91 121 34 71 185 92 86 90 203 44
    189 59 245 72 69 131 161 166 36 114 205 100 201 26 156 251 251 194
    171 227 130 53 223 104 81 33 46 98 129 211 80 189 166 37 231 10 131
    215 5 156 177 179 97 86 125 194 41 112 108 249 94 208 76 188 130 76
    149 88 176 76 2 173 1 160 245 90 212 179 124 138 236 122 202 155 177
    41 209 201 24 206 236 22 225 237 143 52 79 65 195 218 169 77 254 122
    169 181 177 206 0 67 13 176 174 243 220 70 20 63 104 105 163 202 26
    153 232 9 189 131 49 248 198 4 0 101 143 45 64 225 74 27 66 190 246
    160 198 64 236 145 10 253 23 109 188 192 193 12 150 123 40 101 48
    177 168 97 178 191 4 138 230 236 210 53 65 249 74 78 196 136 130 144
    220 39 37 244 29 223 35 99 88 96 146 171 195 23 197 164 89 159 64 15
    191 95 212 164 162 251 29 56 29 7 48 70 254 110 46 95 201 119 78 81
    160 245 38 20 15 158 186 155 235 180 165 193 120 74 72 106 166 202
    239 106 137 117 166 254 12 89 94 94 208 109 3 173 30 126 76 247 84
    176 234 254 244 180 214 107 186 230 155 29 32 164 169 210 150 37 175
    85 26 250 146 112 174 182 242 75 206 174 28 198 33 109 16 179 85 221
    19 236 91 196 237 100 49 143 139 67 178 222 193 178 37 117 255 115
    12 245 186 171 178 104 129 96 202 143 224 170 127 254 171 244 160
    232 23 97 199 41 136 54 148 202 153 55 220 142 166 20 51 105 207 181
    93 76 92 175 236 228 83 30 193 10 239 64 176 214 102 181 61 25 82
    111 217 29 227 22 51 46 196 181 167 54 70 212 224 197 60 93 25 239
    221 164 178 247 178 173 250 84 117 3 247 97 104 68 47 222 25 113 228
    233 213 227 68 95 151 124 6 169 108 150 250 105 231 198 113 84 106
    25 251 109 127 29 156 169 236 191 104 180 212 254 220 13 200 21 76
    198 109 183 14 85 204 31 160 127 49 115 60 174 127 43 186 123 214
    131 78 57 46 229 177 211 1 254 119 62 188 15 114 31 28 7 98 146 146
    99 246 158 88 143 2 253 7 174 86 0 167 161 193 25 148 243 128 115
    255 180 161 203 88 52 18 128 90 38 19 242 64 166 235 248 4 188 253
    174 129 207 252 11 83 32 143 238 29 61 36 19 246 82 133 204 35 56
    100 89 171 134 144 190 79 156 125 120 214 217 150 0 80 201 163 188
    129 21 130 192 88 26 18 205 194 190 58 121 228 201 170 28 16 252 105
    47 84 149 90 122 228 186 239 28 50 133 101 43 50 241 214 71 194 217
    14 227 236 138 50 105 171 76 245 83 102 34 83 16 27 54 17 98 39 34
    18 5 29 95 156 196 164 192 241 171 23 29 245 59 137 205 56 57 13 79
    143 186 188 79 219 248 93 215 147 252 31 116 68 19 242 72 35 202 63
    133 211 0 3 205 79 107 147 72 240 105 128 143 176 187 108 28 159 83
    76 100 202 32 3 39 124 44 198 222 120 97 74 143 188 90 40 113 130
    200 225 5 176 55 21 65 245 107 97 249 234 161 245 146 45 241 159 53
    235 42 25 115 237 198 105 166 142 77 255 99 171 158 72 234 83 105 63
    81 118 146 210 232 174 230 176 48 147 240 181 134 150 172 136 106
    206 91 160 79 23 8 197 174 26 70 179 152 244 240 252 100 163 64 47 3
    28 154 226 151 146 105 109 160 133 182 80 146 117 71 9 76 219 116
    172 10 123 18 142 79 148 255 80 203 108 140 145 214 102 15 186 158
    217 44 101 145 151 55 158 169 126 148 212 82 85 204 55 177 136 76
    112 113 141 132 77 29 44 149 253 195 138 49 214 42 33 125 138 32 145
    193 117 192 141 218 177 72 118 203 203 185 57 224 44 186 92 59 169
    186 225 119 190 44 40 219 45 149 225 159 198 105 24 158 158 210 159
    16 208 31 226 242 236 159 113 83 166 181 227 25 168 6 233 230 150 59
    32 159 252 64 34 136 16 158 202 72 173 64 253 28 232 188 16 219 65
    157 233 96 105 188 93 160 109 70 87 247 227 106 250 241 66 192 212
    112 94 138 141 217 238 203 149 198 86 253 63 66 156 112 52 190 228
    30 59 204 124 70 207 9 85 140 234 200 104 148 220 119 117 251 110 4
    255 110 154 197 150 143 2 206 214 38 41 111 202 195 15 232 165 39
    214 115 198 22 86 210 168 154 57 93 47 125 94 134 231 243 17 123 136
    170 43 16 160 30 119 179 116 96 141 172 241 117 102 52 103 125 63
    209 196 246 34 145 183 192 240 149 245 26 181 55 133 39 49 194 110
    55 244 95 206 103 91 33 248 15 117 31 166 86 32 206 238 197 32 208
    240 34 71 219 180 117 45 246 55 106 58 94 154 105 157 159 190 153 66
    164 54 127 152 172 252 10 186 244 97 89 230 252 228 211 191 217 5 56
    201 170 234 222 232 240 0 107 128 168 117 108 2 125 5 156 58 126 57
    84 20 79 161 93 204 95 21 193 202 65 94 107 83 28 3 65 182 25 158
    134 119 127 243 72 139 125 161 44 15 156 206 5 55 100 100 59 108 198
    215 27 252 121 85 54 240 36 135 109 154 131 80 86 110 188 37 127 254
    68 29 210 240 245 160 12 180 204 53 143 200 169 206 50 195 141 210
    250 155 187 77 53 61 89 245 106 225 147 203 80 255 243 58 166 147 93
    195 172 238 197 48 93 221 206 140 109 111 222 64 22 197 37 26 164
    192 2 176 190 2 82 82 208 212 179 85 208 148 86 19 179 174 57 175
    241 181 157 159 163 146 191 33 48 17 22 0 34 45 12 101 113 79 97 179
    57 158 81 10 136 232 89 205 171 76 233 205 131 17 250 144 119 86 116
    93 62 140 218 191 248 75 167 240 141 24 253 196 96 36 114 30 8 130
    44 7 108 73 132 91 234 134 24 116 58 147 118 65 234 175 107 69 70
    113 77 149 130 1 96 187 161 82 27 82 222 227 87 201 53 141 206 77 87
    2 247 197 32 25 106 104 228 169 180 10 193 113 30 93 185 191 14 106
    241 148 139 153 206 144 52 128 22 143 164 29 173 195 127 206 86 77
    251 85 64 46 34 171 135 75 89 156 178 164 222 167 149 124 206 55 27
    189 178 171 38 174 223 187 23 42 239 40 86 191 118 112 212 142 125
    222 94 114 94 50 3 139 205 138 164 142 94 55 91 123 208 59 110 82
    239 174 62 137 76 117 217 126 245 173 165 15 203 156 11 81 71 1 56
    245 224 210 190 163 163 213 235 3 247 200 186 116 42 206 153 139 115
    37 68 204 18 128 209 123 199 142 56 149 77 37 119 22 249 248 186 74
    224 0 166 204 221 74 106 176 129 224 240 73 249 78 12 237 25 9 0 244
    55 164 138 230 94 34 17 61 17 22 167 103 205 39 118 203 154 92 248
    107 93 3 182 2 60 110 255 210 113 129 0 73 177 114 126 43 174 126
    164 145 217 128 105 52 6 94 149 83 76 45 127 45 38 142 61 12 68 183
    216 63 63 30 241 82 8 76 136 51 10 47 32 127 134 128 225 222 231 126
    195 213 64 238 176 206 63 95 22 240 197 169 164 72 91 239 97 12 166
    11 58 177 64 151 161 24 162 197 105 88 38 2 80 6 45 35 11 221 248
    216 59 55 5 231 159 200 123 156 96 148 146 66 27 149 121 100 159 191
    156 11 115 162 201 163 49 139 66 205 69 70 80 24 83 183 85 232 122
    11 63 214 86 49 57 164 225 78 60 204 49 41 123 77 47 141 217 8 7 48
    204 11 2 135 218 14 107 198 173 75 126 129 65 179 46 222 7 141 182
    79 96 120 216 9 35 105 238 5 16 201 33 63 113 120 195 136 238 195 61
    72 253 234 95 1 215 189 239 87 46 210 5 39 185 5 26 101 94 17 153
    201 187 69 222 201 202 61 41 236 61 215 248 212 193 108 250 129 175
    174 219 117 27 72 62 146 240 65 64 37 34 239 226 149 110 246 212 138
    202 30 9 142 189 0 154 221 103 31 140 6 95 30 219 202 38 74 8 49 79
    23 16 243 237 161 161 43 213 191 245 146 216 63 131 126 155 123 123
    55 38 62 115 249 20 124 176 160 218 252 177 97 81 240 52 171 182 83
    172 35 46 84 234 152 26 218 158 1 100 113 59 239 233 99 90 30 33 212
    126 90 17 33 139 222 98 35 41 114 50 42 54 219 133 26 113 195 53 56
    250 146 53 167 19 108 246 209 255 222 61 34 136 8 3 248 208 87 23
    215 21 55 143 122 217 36 164 226 127 113 233 20 188 173 10 234 213
    208 37 59 204 210 155 142 119 103 42 142 96 83 62 60 107 169 41 131
    152 74 229 207 14 136 102 229 170 84 170 113 109 45 175 179 43 20
    117 247 79 156 50 62 44 89 212 239 169 237 235 74 7 188 71 71 142 40
    228 220 237 163 169 172 38 199 139 30 214 144 66 185 128 99 229 12
    93 190 150 102 119 208 229 74 217 152 92 197 245 16 194 162 200 250
    208 171 247 112 49 156 126 236 3 244 243 136 20 231 246 138 48 0 188
    171 65 42 252 123 109 111 184 96 55 125 89 150 230 199 62 241 121
    172 39 71 41 21 247 178 250 187 236 188 78 178 2 14 128 62 117 191
    209 5 214 64 162 9 180 236 183 105 127 108 92 235 109 180 86 17 42 3
    56 24 122 167 143 35 252 250 226 111 50 58 109 44 61 51 147 40 212
    103 168 97 215 175 63 5 53 86 25 194 30 220 117 245 2 206 84 34 73
    198 127 179 147 161 237 17 184 98 1 114 33 168 229 153 94 230 169
    153 154 114 192 139 136 61 35 28 216 2 41 38 155 191 36 104 170 154
    174 187 151 43 117 255 78 183 151 2 241 21 187 105 85 172 157 91 133
    5 64 181 99 20 53 99 23 251 20 3 24 176 200 174 137 63 213 8 243 39
    27 212 240 77 224 14 209 174 165 206 159 161 239 176 72 121 97 43
    207 136 1 168 89 144 249 132 98 36 100 21 135 2 12 245 112 157 105
    179 148 197 50 6 180 176 202 141 84 59 143 206 50 68 181 248 150 230
    15 209 192 50 226 80 173 102 113 234 225 17 37 46 221 157 19 101 238
    247 242 166 40 193 244 112 32 186 254 250 77 184 86 139 27 228 0 225
    216 220 2 244 174 187 220 22 217 207 164 237 117 136 99 121 107 20
    230 14 213 167 237 178 124 129 13 153 35 139 160 222 87 243 27 130
    211 204 125 230 49 228 55 245 119 205 255 176 85 232 134 156 203 148
    172 121 194 195 6 92 68 252 178 200 144 125 133 92 179 173 212 101
    71 60 64 186 199 14 10 30 8 225 176 47 186 16 8 130 62 190 205 174
    234 106 245 195 178 67 7 57 188 191 74 224 198 89 162 49 165 6 73
    122 146 162 40 175 107 213 247 118 111 115 102 84 26 251 82 78 181 2
    151 115 12 226 112 56 249 97 222 140 83 115 149 11 97 234 118 145
    197 80 99 92 74 142 167 73 82 67 95 186 198 229 91 103 127 250 230
    163 40 132 96 203 123 249 168 41 68 43 145 75 11 255 136 197 77 143
    247 102 55 0 151 93 187 152 93 198 225 188 126 10 134 45 185 159 118
    249 253 231 18 81 81 150 159 155 236 149 234 143 81 65 33 115 207
    195 12 114 22 108 206 139 208 85 223 161 184 96 171 214 231 94 89 83
    242 54 53 196 161 242 180 132 133 223 200 148 29 81 180 216 169 209
    211 208 100 226 21 53 239 107 132 234 147 252 52 170 158 16 86 151
    190 57 185 253 63 148 19 99 36 106 163 234 43 145 93 187 126 180 232
    197 17 208 150 233 89 35 116 222 134 188 159 103 31 198 214 222 62
    33 31 241 106 131 107 139 74 252 236 246 152 37 59 152 49 248 179 65
    201 162 176 73 255 179 7 55 163 1 31 188 236 47 82 219 54 193 62 123
    156 90 35 198 100 45 83 77 10 193 140 251 191 33 152 190 108 210 237
    144 22 142 16 195 77 85 140 217 49 114 147 23 64 57 240 85 136 169
    34 111 35 54 184 138 32 191 131 78 178 164 115 147 231 86 38 191 19
    68 240 4 81 122 191 253 38 21 129 140 68 216 162 98 69 149 250 116
    112 177 36 109 231 245 12 16 44 130 73 89 86 161 154 162 24 225 45
    129 49 34 109 12 62 183 207 15 54 239 72 38 220 93 250 240 22 225 87
    154 160 130 146 161 164 83 72 179 131 160 53 11 78 99 66 67 20 197
    15 88 87 102 249 170 68 185 31 237 81 121 106 165 47 130 243 219 143
    93 212 244 184 80 245 19 206 168 126 176 86 217 70 14 87 38 33 108
    231 79 96 208 39 87 93 61 63 98 3 131 154 209 34 222 181 117 92 104
    161 83 21 252 114 240 254 9 62 142 114 139 246 250 110 218 139 112
    38 13 94 191 12 143 63 82 99 185 83 88 232 118 21 171 110 87 145 84
    245 27 118 60 193 147 185 148 20 204 131 34 32 79 54 122 189 176 16
    97 174 221 5 76 172 38 231 184 83 136 8 11 32 34 200 98 175 180 150
    177 92 18 158 150 108 67 32 84 45 211 247 140 143 188 255 57 176 166
    204 161 234 173 2 52 148 154 216 42 11 191 24 13 15 41 26 234 208
    158 74 242 231 242 135 202 249 25 12 246 217 39 49 171 206 30 84 167
    250 223 230 219 11 90 107 208 76 225 246 77 64 203 148 96 173 40 196
    160 163 140 159 27 62 93 161 231 157 5 104 144 200 155 124 56 184
    244 92 7 159 106 83 236 1 135 194 201 72 252 56 50 135 26 40 153 32
    226 191 253 17 251 85 88 29 25 179 234 176 92 129 9 20 76 205 152 22
    97 148 126 50 4 238 27 126 149 248 21 94 15 157 242 42 53 132 36 10
    139 83 62 143 106 231 200 243 211 224 84 101 46 94 150 112 176 200
    224 171 172 114 225 244 242 79 39 63 195 190 120 181 44 149 183 223
    112 191 169 193 157 7 43 171 73 104 15 7 10 95 225 67 241 64 221 232
    52 223 227 93 123 211 211 249 111 211 95 59 253 63 22 227 67 223 115
    138 239 105 144 237 179 24 175 64 16 233 207 159 171 238 233 190 115
    111 125 235 33 184 199 142 16 196 191 103 183 125 247 127 106 36 237
    81 87 219 133 10 187 58 232 190 205 227 1 234 232 106 190 63 190 170
    203 18 131 101 142 209 234 148 72 54 152 36 56 81 16 247 99 88 80 86
    37 184 67 9 61 181 169 9 6 145 182 188 79 200 15 131 131 246 132 195
    193 7 219 31 182 40 166 144 217 11 234 91 196 41 101 200 74 235 119
    115 198 109 54 60 219 158 70 170 150 136 121 112 1 235 153 246 199
    38 53 98 183 163 45 166 202 248 92 21 3 50 179 84 71 120 203 230 22
    185 17 103 189 254 124 157 236 186 218 169 175 166 160 113 117 35
    131 194 138 101 208 207 67 137 253 30 171 156 254 186 9 137 170 24
    32 202 51 16 132 149 251 126 250 17 216 251 165 139 13 125 119 240
    90 73 165 127 24 247 39 14 15 169 205 140 69 160 212 56 142 10 206
    67 31 97 47 180 95 44 202 140 42 252 41 81 217 206 4 175 126 196 73
    32 51 101 152 222 253 33 243 15 138 234 193 242 82 3 180 240 12 206
    230 48 28 173 16 105 108 74 232 118 171 215 80 208 241 6 243 148 212
    93 126 196 112 246 212 146 99 2 186 251 209 10 240 208 163 197 24 19
    193 7 31 169 124 170 57 142 107 140 178 147 141 241 134 145 158 128
    155 119 175 226 208 18 250 201 223 72 13 150 158 90 112 186 22 170
    210 169 108 40 54 250 136 121 1 239 153 194 40 131 138 96 68 230 174
    25 39 97 59 140 146 171 100 58 175 104 50 103 105 191 36 10 216 119
    94 210 213 82 7 136 13 54 188 171 46 234 92 231 234 201 11 208 96
    173 124 240 190 212 73 16 26 29 30 132 149 191 159 55 137 253 28 241
    199 105 213 243 204 223 6 200 75 192 119 24 208 179 119 0 89 135 32
    39 79 200 247 162 88 147 134 41 131 45 237 202 10 23 95 233 90 199
    221 3 134 126 53 12 111 145 190 32 203 115 215 87 98 191 231 6 2 216
    92 66 47 109 89 158 157 208 162 107 44 180 57 51 134 110 34 176 203
    184 188 102 157 176 151 203 87 224 124 143 150 196 120 40 111 48 204
    132 40 213 68 193 27 124 189 224 66 211 116 124 98 252 111 209 98
    191 199 1 233 183 6 37 90 60 115 7 168 214 228 8 69 213 132 114 102
    231 68 52 149 133 84 225 42 136 80 231 5 60 165 58 106 145 52 174
    163 67 62 212 145 188 161 148 159 79 189 7 49 21 114 179 161 22 55
    215 80 24 137 237 221 138 36 152 210 131 219 61 149 110 196 194 121
    233 22 93 139 110 212 232 66 81 134 117 5 36 177 89 112 143 11 41
    144 186 117 54 78 86 252 56 210 17 61 209 244 119 55 212 197 3 129
    109 167 156 196 190 74 204 139 59 214 76 170 18 181 238 197 8 163
    235 175 11 184 40 158 106 70 16 138 164 89 82 77 10 224 31 83 105
    138 83 176 36 121 60 74 68 62 14 164 157 177 91 101 109 18 254 215
    25 204 41 52 234 64 42 119 84 111 236 218 170 69 132 53 95 183 60
    231 116 74 143 223 146 215 43 184 149 12 204 123 178 47 25 226 64 6
    72 55 96 96 59 104 235 89 210 245 122 184 229 32 190 7 183 163 101
    119 205 68 211 145 207 253 22 96 37 189 102 48 40 195 113 96 206 154
    177 184 105 204 5 236 58 96 55 47 7 63 134 5 100 129 32 154 35 37 70
    84 87 163 44 12 62 216 10 137 90 174 28 223 175 13 150 107 29 61 147
    249 240 154 217 58 94 76 127 6 23 182 180 143 184 239 111 157 167 42
    182 57 53 171 96 147 140 242 253 213 33 193 21 112 138 77 43 25 52
    57 84 236 138 134 157 89 246 186 80 28 98 58 229 252 196 101 27 240
    118 116 229 217 212 44 224 32 223 248 143 53 7 69 160 43 133 35 158
    167 98 226 242 115 0 113 177 189 240 106 17 71 230 218 11 12 93 247
    161 1 69 24 142 182 209 240 127 231 68 22 150 241 254 109 178 181
    228 188 72 37 171 100 49 162 254 193 24 2 89 208 198 18 80 15 70 30
    39 201 141 157 79 78 72 98 204 249 84 51 166 7 110 86 63 134 226 208
    98 153 20 40 112 14 204 1 139 193 251 47 84 112 161 134 75 164 242
    227 143 38 6 86 165 78 99 159 152 35 81 39 58 215 230 134 237 44 166
    215 193 111 1 217 98 97 227 81 102 211 23 219 246 64 49 235 6 0 11
    93 71 69 252 152 128 219 87 183 97 87 43 188 251 110 37 71 235 250
    158 111 110 143 17 118 232 51 48 216 202 234 22 128 173 131 11 39
    104 246 39 118 144 170 78 155 224 81 12 105 109 124 223 154 63 245
    137 22 234 202 234 51 101 165 21 137 98 212 1 120 106 27 65 30 196
    140 154 63 241 219 11 226 107 66 129 64 158 110 68 93 72 157 226 162
    229 95 214 206 24 43 196 10 157 218 206 235 82 245 178 35 30 18 181
    77 174 131 20 183 248 21 230 88 33 248 12 205 150 92 202 100 193 245
    118 17 7 59 235 131 97 148 172 126 229 217 234 171 42 159 161 123 8
    138 233 214 27 171 91 229 99 148 204 124 235 172 38 72 143 184 59
    117 136 215 220 229 39 229 32 158 152 227 102 241 51 177 199 19 48
    23 248 236 85 209 166 122 131 15 46 15 106 61 249 151 96 197 74 46
    96 234 62 223 68 45 156 231 142 74 211 77 112 120 160 137 181 249
    223 221 122 72 81 153 160 236 97 73 200 210 97 140 136 156 182 54
    228 59 68 143 167 246 253 205 194 202 84 72 183 249 55 59 108 147
    238 247 208 105 85 19 146 20 222 67 182 203 78 27 242 72 117 61 193
    135 211 63 216 198 218 231 178 5 126 22 31 104 195 84 114 181 86 158
    51 118 206 32 93 139 222 55 164 138 73 194 203 66 6 60 128 118 111
    152 120 14 227 114 227 177 208 174 53 36 55 167 99 94 184 197 52 203
    55 202 85 156 74 155 35 25 98 128 65 63 193 161 179 109 128 18 104
    196 88 103 25 227 244 132 18 31 194 100 104 84 245 151 234 132 134
    182 18 249 152 31 47 51 185 208 254 48 60 5 213 59 53 100 159 80 182
    150 10 5 154 164 170 255 146 125 27 177 16 251 124 219 142 122 167
    220 111 31 185 240 164 8 173 24 140 179 228 202 248 227 191 69 102
    154 111 13 10 164 206 193 160 183 255 150 254 55 80 182 40 135 184
    142 20 154 28 163 87 218 5 68 206 68 63 141 82 221 188 188 18 159 29
    217 154 222 31 60 103 180 196 118 198 163 25 29 219 238 59 158 199
    16 211 103 33 218 37 48 167 117 162 143 199 196 161 90 76 151 172
    217 120 116 215 114 241 12 18 139 178 220 97 128 188 96 213 34 229
    18 129 75 165 161 123 125 185 219 41 159 202 246 208 43 160 183 167
    139 180 84 109 171 56 249 191 185 120 192 228 185 57 228 5 11 229
    150 199 203 192 227 49 42 162 244 225 194 144 251 54 75 157 169 217
    88 119 58 171 195 230 41 190 221 117 232 249 16 191 115 122 178 185
    175 2 232 137 57 169 61 1 71 143 155 71 93 24 41 0 107 88 90 66 245
    174 53 242 32 136 100 223 167 171 81 5 144 253 75 169 18 7 159 235
    137 197 139 133 126 24 13 126 89 39 126 149 49 218 71 1 234 178 53
    145 177 103 29 41 161 121 158 131 226 173 183 123 147 77 171 23 66
    115 214 34 11 214 36 175 86 253 179 140 137 52 1 108 128 60 133 221
    249 197 213 121 211 242 255 52 198 87 249 172 118 18 206 203 235 187
    246 41 160 80 198 186 64 112 254 252 170 127 55 156 224 219 180 160
    133 168 180 235 225 3 204 254 176 137 104 170 106 43 185 110 46 39
    91 243 66 30 103 97 29 68 245 252 129 227 130 244 62 2 35 21 160 103
    153 231 55 18 240 243 226 239 138 2 238 188 92 185 220 164 184 43 39
    65 219 130 150 83 193 225 142 19 175 245 111 220 67 136 106 249 116
    70 27 55 63 146 184 91 191 36 181 48 11 208 59 96 115 236 186 237
    251 122 92 136 214 208 120 105 3 69 96 16 247 2 119 40 136 243 117
    173 32 107 126 57 78 198 114 39 46 157 30 130 105 226 141 80 62 83
    30 242 214 159 191 9 34 84 191 12 26 124 212 42 137 104 13 159 111
    131 50 1 112 110 90 15 153 219 246 64 40 39 27 82 46 58 11 87 45 178
    224 238 142 202 41 255 221 165 141 113 220 155 127 23 17 129 131 45
    38 14 5 244 124 233 39 244 50 100 255 122 108 94 202 150 184 81 69
    122 204 186 208 131 127 157 41 237 72 28 156 165 97 252 187 114 173
    155 104 226 230 128 31 163 33 97 59 242 5 119 47 234 157 21 2 142
    183 134 43 167 138 54 138 85 72 14 143 136 193 121 199 62 105 202
    203 10 110 76 244 255 181 158 163 226 64 60 131 127 50 186 243 106
    243 80 123 44 58 186 162 40 62 46 200 179 152 124 93 8 141 22 148 18
    116 11 81 43 2 94 40 76 224 174 109 210 55 107 227 245 245 208 239 3
    136 26 233 151 95 2 112 11 184 100 33 100 106 110 160 231 170 114 38
    84 178 253 74 240 13 212 113 147 177 116 170 119 101 201 82 86 60
    175 3 63 55 159 98 118 49 169 16 119 57 105 240 165 75 198 145 4 58
    188 191 162 1 34 252 7 136 193 16 197 100 98 181 149 192 138 215 211
    95 116 128 87 32 139 211 144 115 234 202 8 92 108 85 119 14 144 104
    133 181 87 245 28 248 191 105 113 60 64 123 237 54 61 102 77 139 121
    62 214 213 181 180 99 83 11 141 174 112 74 0 239 149 19 160 237 119
    216 65 65 242 98 255 118 155 101 19 114 203 199 150 145 68 88 187 64
    163 220 93 32 6 44 224 2 153 251 164 146 231 223 46 173 23 55 120 84
    87 86 153 72 8 100 179 251 198 133 15 217 41 231 36 43 254 170 105
    98 162 86 153 3 14 196 202 17 154 130 172 238 185 125 101 110 137
    171 142 159 213 85 173 193 85 113 27 171 14 44 161 67 74 22 180 5
    102 94 114 75 26 1 155 61 204 146 10 24 4 10 32 3 69 34 108 241 125
    213 124 137 23 54 79 49 161 251 254 171 66 9 181 103 162 124 174 237
    248 146 114 195 81 136 211 66 90 9 113 43 124 163 251 38 135 153 177
    91 168 161 85 249 120 9 31 188 211 119 48 224 213 236 148 27 16 22
    57 37 97 38 114 144 156 135 68 87 63 249 148 244 117 24 86 221 79 20
    202 58 153 141 210 207 32 5 165 212 163 1 213 43 54 157 69 51 19 58
    79 23 2 192 242 112 218 203 212 144 245 101 82 187 115 188 98 42 3
    10 175 84 96 178 140 135 73 161 56 236 183 100 254 12 184 13 253 216
    99 90 18 3 97 176 115 48 15 241 147 4 171 73 173 109 98 117 199 25
    69 131 168 97 120 107 83 58 27 8 13 155 66 3 217 119 159 170 85 238
    35 15 173 233 241 32 88 150 18 255 22 106 120 134 194 208 125 52 2
    32 201 134 149 231 160 14 120 225 54 164 74 182 13 110 89 144 123
    197 5 151 69 168 215 110 218 61 237 141 123 21 82 30 4 96 105 232
    229 82 162 114 206 108 32 96 166 140 51 17 15 231 120 101 46 6 115
    45 165 71 154 185 82 74 105 143 97 7 4 192 46 79 243 98 57 84 165
    187 23 138 2 150 197 233 31 209 33 235 152 115 131 164 208 70 65 217
    26 72 167 71 187 230 125 62 11 32 166 86 28 242 47 104 138 172 106
    165 10 90 226 65 201 174 135 148 69 38 63 65 223 101 71 203 145 140
    85 230 144 16 130 233 246 61 72 222 0 95 194 16 205 187 225 10 92 15
    37 152 73 141 148 56 182 82 241 184 109 136 17 110 82 14 156 242 67
    130 140 52 193 63 157 69 164 65 64 99 204 142 194 4 197 74 69 145
    192 194 183 187 47 244 156 223 88 54 41 196 32 146 31 18 238 147 214
    158 163 227 187 56 238 32 131 103 2 100 113 162 75 87 249 34 144 123
    122 139 21 185 235 218 159 138 52 33 55 119 20 151 55 12 163 143 31
    251 33 134 189 80 91 193 233 95 95 86 152 48 168 79 189 117 134 176
    170 88 138 67 21 44 181 80 228 150 201 169 107 143 153 231 166 79
    112 6 208 105 160 249 106 247 157 89 178 221 0 28 47 183 121 195 166
    26 81 108 133 140 225 180 224 79 235 31 93 8 156 150 69 39 43 127
    118 170 230 187 120 149 73 73 72 58 107 16 19 141 131 122 241 204 74
    216 217 250 73 190 25 188 10 208 207 204 214 129 111 246 70 220 214
    201 75 183 198 237 72 73 212 169 69 22 237 105 162 65 138 202 58 30
    94 222 58 178 11 122 189 160 73 46 35 235 229 100 28 130 105 205 127
    160 43 90 112 116 55 179 122 115 50 241 139 201 112 55 7 57 114 243
    185 236 255 180 195 184 36 112 243 94 100 164 231 5 48 111 78 128
    107 197 153 58 213 215 26 123 21 71 194 222 35 98 159 34 56 187 205
    227 224 241 202 233 224 199 126 0 118 236 21 31 162 207 209 50 210
    177 128 70 164 254 192 233 157 127 189 146 190 138 16 102 116 206 90
    37 127 56 232 36 195 137 101 82 198 228 4 111 14 70 74 167 83 97 24
    123 27 70 61 58 246 70 132 216 34 175 159 155 99 190 74 176 8 243
    209 35 89 165 27 209 112 34 169 231 65 55 67 57 38 129 162 172 181 8
    44 102 246 129 9 41 105 42 63 246 55 162 128 91 11 197 20 116 162 56
    115 15 60 185 213 121 138 226 186 45 145 109 3 245 206 184 136 128
    221 3 146 173 245 203 55 152 1 36 169 183 62 137 98 253 250 170 71
    137 255 141 39 77 88 148 85 206 148 63 47 52 96 182 240 28 41 241 40
    76 182 161 3 252 69 56 82 165 190 204 85 230 32 15 154 64 210 29 26
    178 195 157 224 19 214 248 122 11 41 255 248 160 93 203 159 34 95
    251 222 229 112 238 223 59 178 142 109 252 54 43 84 2 247 52 18 139
    32 180 60 204 215 123 195 78 217 91 125 52 7 98 50 166 104 249 127
    20 185 235 52 12 68 205 161 63 194 154 69 126 221 145 3 29 137 219
    97 251 194 50 146 132 150 12 218 24 77 244 218 52 122 181 19 140 195
    119 58 36 119 221 107 239 18 72 70 252 106 141 55 29 219 16 148 17
    135 102 135 92 215 0 53 14 215 65 8 228 192 148 120 163 136 133 156
    124 85 25 190 160 104 88 250 215 146 161 111 93 131 197 53 214 66
    167 83 7 6 48 234 139 176 12 77 176 40 18 232 213 5 121 228 252 166
    113 98 171 201 149 225 128 123 98 101 128 73 220 74 26 225 215 149
    100 201 121 52 18 198 141 38 19 172 115 182 109 245 31 194 1 249 232
    159 195 35 227 82 10 24 194 99 0 95 183 223 165 112 163 104 39 62
    126 180 90 192 8 88 159 78 231 7 196 213 239 120 205 46 239 251 230
    99 42 232 166 239 49 208 131 27 157 28 29 169 231 86 133 26 85 205
    167 104 149 161 152 244 132 103 154 21 225 131 188 212 109 23 175
    183 181 93 4 13 235 193 18 76 18 232 45 167 155 8 189 30 217 36 249
    53 58 24 49 220 39 25 230 240 66 37 214 50 197 136 158 209 40 145
    220 48 43 159 221 120 124 158 44 112 86 196 192 56 69 237 101 209 74
    191 192 11 215 173 197 141 177 145 65 23 209 190 240 31 112 142 46
    221 212 1 112 81 75 236 188 40 198 231 47 196 229 186 187 49 42 216
    53 31 35 221 66 29 26 16 2 114 4 180 20 131 94 206 246 187 222 236
    176 33 12 189 106 205 130 195 230 147 244 44 207 216 240 73 242 149
    201 21 93 18 30 109 238 92 74 150 179 209 57 121 118 170 36 173 226
    81 242 169 248 252 165 23 101 157 36 67 2 221 21 115 138 128 236 135
    101 16 130 134 65 119 21 242 119 25 99 149 29 192 193 159 252 181
    220 26 113 208 238 234 107 78 203 101 196 246 106 113 10 152 141 200
    165 130 197 31 43 189 82 96 36 57 199 22 74 40 37 60 22 212 84 104
    77 174 17 157 180 152 55 219 0 152 213 156 108 19 180 246 181 70 53
    70 165 74 51 6 56 184 142 142 133 19 156 94 238 192 157 61 56 51 22
    208 191 188 52 205 11 68 215 173 165 207 107 55 152 128 177 117 17
    248 207 88 116 92 94 219 98 238 27 134 123 240 30 121 127 57 134 138
    102 82 47 245 78 254 36 126 95 166 190 78 250 78 125 65 82 244 81
    240 226 220 94 228 167 236 200 207 51 69 235 179 21 133 254 59 93
    201 11 140 103 64 101 231 44 113 3 91 140 209 29 61 42 50 233 116
    159 56 28 3 109 142 127 113 66 211 230 106 218 114 4 204 85 223 230
    139 155 107 36 211 89 113 216 127 94 104 240 155 52 195 219 74 161
    61 22 234 111 25 234 41 19 109 75 216 53 197 114 6 250 210 136 84
    141 179 181 88 68 5 53 213 161 125 221 86 236 82 155 189 9 149 114
    213 66 184 48 195 187 146 98 142 79 147 228 175 147 13 105 150 191
    92 24 234 167 127 173 253 238 33 63 22 205 64 39 40 6 122 157 95 52
    14 193 160 252 228 140 43 78 57 245 69 102 173 42 101 233 25 170 52
    185 130 27 81 144 121 57 101 105 43 88 231 43 11 59 235 238 194 139
    77 167 24 133 128 194 35 7 162 239 45 122 80 107 65 121 215 225 56
    104 94 93 13 99 198 232 211 120 203 34 19 36 83 17 84 124 157 62 100
    44 180 98 84 121 136 145 207 52 163 17 131 91 221 225 67 181 96 235
    31 91 99 246 171 131 255 100 186 135 232 191 198 196 72 100 176 9
    195 5 53 196 236 233 174 135 193 89 163 224 176 47 41 132 238 202 50
    45 195 150 48 105 49 178 4 20 158 6 40 81 178 221 106 106 156 93 105
    201 84 220 230 45 209 8 53 110 46 46 109 160 6 66 80 213 231 99 182
    9 67 205 117 22 11 6 227 227 244 43 177 236 106 110 243 208 228 139
    209 14 158 50 4 181 254 190 253 68 5 147 208 146 91 147 34 174 27 91
    25 38 135 179 246 170 195 102 61 255 189 191 233 142 202 66 77 57
    116 142 36 200 106 117 161 154 145 140 225 209 247 67 205 17 135 164
    156 224 132 228 58 176 252 85 247 158 228 127 210 207 146 34 241 120
    205 48 63 181 161 186 17 148 60 165 62 57 202 126 178 207 134 238 57
    63 87 123 227 43 48 61 78 143 82 49 23 148 44 234 31 223 127 76 61
    223 253 67 153 32 113 39 5 55 156 201 223 112 219 209 115 230 154
    161 7 5 249 32 42 250 26 56 141 106 27 0 51 183 97 162 0 119 81 159
    87 132 170 160 93 46 190 171 245 190 11 94 187 247 35 52 146 168 108
    108 183 204 236 95 35 224 151 100 18 113 62 23 33 106 36 179 47 39
    32 65 234 86 177 212 53 41 71 54 50 145 2 238 98 98 48 170 50 41 219
    104 3 245 212 17 135 1 125 166 239 251 252 17 253 150 146 178 41 69
    210 251 7 200 54 145 113 146 105 209 218 113 97 16 97 224 141 82 103
    187 17 87 62 9 145 120 4 19 238 118 114 165 141 185 121 161 229 160
    165 67 32 191 161 190 12 11 180 73 45 247 29 146 72 185 77 255 42 74
    25 238 7 166 147 252 117 165 149 129 118 72 141 243 219 132 61 201
    190 13 218 108 31 112 188 200 76 143 231 191 158 61 210 177 56 89 4
    52 106 215 227 151 196 127 187 240 43 30 66 206 186 13 70 158 143
    150 212 158 91 60 51 153 44 210 193 104 17 203 60 249 126 53 172 21
    7 108 28 157 220 30 160 147 5 184 174 0 156 202 95 72 160 171 37 220
    25 76 102 173 173 164 14 29 189 94 250 146 194 43 27 21 213 171 64
    152 144 161 220 170 231 88 45 213 239 216 175 43 24 157 76 111 69
    150 3 13 203 84 41 36 108 131 251 247 133 228 74 14 88 106 128 138
    199 70 168 139 250 106 57 65 198 116 144 203 187 231 198 156 187 182
    205 255 101 246 191 67 142 78 178 84 178 184 252 105 179 193 59 21
    29 219 17 106 179 235 40 37 176 253 167 22 168 208 3 236 109 120 39
    225 163 253 205 46 218 237 148 170 7 189 213 39 86 154 150 40 126 53
    92 69 51 195 167 191 86 217 217 17 228 184 146 119 248 218 166 218
    42 52 46 168 107 15 88 202 38 98 210 11 96 240 189 141 46 64 119 48
    61 101 63 231 167 17 163 189 169 241 137 120 51 185 83 246 174 111
    84 112 28 192 44 5 134 241 219 85 91 227 252 173 223 102 116 6 130
    82 237 69 225 219 109 198 44 210 128 148 135 200 142 183 8 155 90 20
    186 235 117 110 160 243 70 49 93 250 121 188 43 174 65 109 39 68 69
    230 174 108 155 191 243 166 55 197 39 129 87 113 64 223 52 148 0 78
    15 155 159 246 122 187 135 87 171 47 251 42 145 39 53 137 73 153 189
    72 88 175 179 31 188 144 5 103 177 70 50 10 90 28 195 24 81 36 159
    159 57 227 52 71 83 156 192 249 237 17 116 99 184 200 250 184 152 16
    36 59 170 45 156 74 121 27 242 117 67 163 53 127 113 8 24 62 253 124
    94 191 255 96 128 26 85 82 218 78 34 4 252 54 82 85 70 220 127 204
    61 114 36 199 90 141 235 218 50 241 31 95 141 39 30 177 212 145 106
    68 138 191 123 209 91 7 54 31 155 58 125 223 141 76 247 218 143 43
    175 119 81 202 54 127 198 142 95 222 109 185 8 18 30 7 131 37 238
    203 189 4 243 57 57 121 151 70 11 141 4 155 115 251 225 114 56 22
    177 192 214 227 177 41 3 236 147 136 190 8 56 175 76 239 196 62 4
    104 217 201 185 238 145 171 149 117 72 222 95 17 88 162 114 166 22
    140 195 25 188 62 162 11 37 248 216 219 165 14 211 114 72 1 180 98
    93 201 151 247 91 166 102 100 196 9 213 166 235 122 177 143 156 94
    20 201 112 137 29 175 213 51 219 88 123 94 214 0 87 156 88 173 1 161
    36 204 92 112 9 99 143 255 107 17 19 243 70 62 162 199 87 41 92 153
    227 220 149 215 237 170 218 56 135 227 5 66 171 1 147 216 22 63 126
    160 112 2 194 191 166 114 183 57 199 25 78 243 80 248 245 12 114 138
    66 40 142 252 194 220 157 53 69 229 47 93 38 216 129 161 109 156 96
    225 22 10 181 221 93 76 240 81 187 57 204 218 30 166 199 50 1 28 152
    246 190 118 66 130 98 135 102 2 157 211 202 125 114 230 184 135 8
    185 96 110 145 12 234 131 107 152 184 164 252 186 103 124 167 94 28
    189 82 146 188 130 219 182 194 210 250 187 32 47 93 214 223 190 6
    184 58 11 212 156 7 248 89 198 1 165 59 244 49 26 187 238 237 57 85
    133 9 72 142 235 6 223 236 44 42 49 102 242 94 193 231 241 57 236 5
    164 44 174 48 247 121 43 36 151 17 219 180 190 39 152 135 87 8 115
    170 205 241 157 253 86 93 106 187 151 181 89 178 0 239 160 86 254
    102 169 28 147 154 245 93 75 23 87 52 119 27 251 119 229 107 120 8
    196 189 33 192 23 247 38 41 94 206 12 126 141 89 88 225 87 164 3 20
    19 115 160 196 150 83 218 135 228 100 112 93 43 65 65 85 58 49 241
    156 112 173 103 7 35 154 223 40 196 211 34 239 208 205 31 244 91 109
    234 227 53 184 146 141 224 57 6 207 20 19 9 70 121 197 104 25 138
    163 38 151 78 139 90 224 117 118 45 50 154 35 240 226 95 105 180 222
    23 174 61 74 137 156 90 184 231 58 200 195 73 15 56 14 239 70 235
    116 113 6 58 152 67 211 241 225 7 17 64 209 219 149 233 198 197 107
    226 237 78 238 227 248 51 184 239 249 59 90 128 37 112 116 203 104
    226 124 231 17 61 82 147 73 66 125 238 62 247 89 88 186 7 167 13 27
    67 246 140 237 64 116 118 103 168 170 176 91 92 1 146 10 222 122 200
    174 2 182 58 178 15 96 169 14 79 143 73 235 127 220 243 125 235 62
    54 105 135 195 107 180 71 114 18 5 131 253 87 235 83 176 161 136 136
    127 37 142 199 10 191 180 138 230 113 233 197 50 214 69 96 79 219
    200 170 5 156 116 54 39 229 187 27 111 123 92 32 76 163 142 10 211
    95 206 129 159 34 72 232 11 232 53 3 150 182 203 156 41 40 152 41 70
    152 156 169 45 184 144 160 109 75 109 204 105 13 247 3 40 160 233
    124 227 9 192 103 214 108 81 33 86 188 138 71 185 190 185 59 127 27
    234 150 138 234 242 115 6 176 126 114 21 59 239 8 209 129 99 46 187
    220 47 190 127 210 59 151 38 203 107 152 162 7 199 4 160 28 102 140
    121 252 16 9 231 86 57 206 75 109 124 110 2 226 143 196 82 127 167
    75 154 189 145 62 217 244 70 240 57 41 137 137 215 226 83 176 76 239
    71 244 148 169 10 139 207 7 77 150 200 28 205 163 123 78 28 31 137
    228 144 64 98 8 236 161 219 147 48 217 103 55 253 108 61 213 70 107
    137 53 238 144 220 64 192 20 38 67 70 203 168 179 47 135 139 98 205
    117 131 73 110 114 179 170 53 144 158 16 32 60 137 114 103 114 154
    103 90 155 176 36 111 37 151 138 125 143 70 191 245 174 102 176 240
    75 114 185 97 238 243 76 58 119 106 172 255 114 41 186 93 239 9 73
    66 144 93 102 42 222 130 229 4 232 160 82 96 55 142 75 21 160 184
    227 177 218 141 81 135 59 127 49 152 37 76 224 16 195 234 229 142 28
    12 31 61 98 106 91 10 217 67 25 27 10 177 171 200 209 247 232 151
    142 132 246 61 185 100 37 131 71 162 6 211 73 126 169 5 85 215 14 93
    144 225 66 187 225 234 132 138 53 88 252 74 233 0 86 23 170 42 196
    101 183 128 160 28 32 8 196 135 132 68 111 56 203 62 251 123 133 184
    199 83 210 187 29 59 133 197 183 200 85 151 158 149 139 130 70 133
    242 136 136 210 212 61 22 171 255 203 27 172 133 125 162 90 62 225
    131 195 18 161 103 121 0 108 92 162 130 171 26 31 67 181 205 73 93
    135 200 16 104 206 162 227 9 179 12 118 112 142 176 41 157 104 4 232
    178 41 177 195 36 47 215 187 27 216 66 197 89 218 250 154 152 139
    109 195 39 159 244 47 82 207 53 41 35 169 245 14 101 121 148 69 10
    125 27 233 114 208 92 117 136 147 86 24 126 84 182 238 144 236 103
    200 178 170 118 163 59 205 201 122 28 68 72 30 20 99 31 123 67 28
    212 209 244 231 24 141 73 219 49 101 70 220 137 115 150 7 237 58 224
    118 37 149 58 123 179 202 88 119 145 103 103 193 13 176 129 243 27
    247 228 80 186 5 72 152 75 254 62 180 29 106 237 54 183 3 60 217 159
    130 20 25 159 132 25 233 128 191 187 188 239 106 238 252 18 55 128
    164 210 180 1 245 191 54 49 202 214 81 175 92 187 177 58 163 150 12
    236 81 161 198 73 131 68 250 193 209 6 13 104 43 145 174 251 190 174
    112 29 98 187 203 190 59 171 22 103 200 28 164 207 39 244 185 204 31
    4 162 143 179 251 19 22 109 146 178 7 51 74 177 193 182 62 128 210
    141 138 224 75 66 76 45 73 106 208 20 94 121 34 117 250 37 153 234
    35 144 199 93 155 157 164 26 21 165 118 255 81 163 122 238 29 229
    155 94 202 4 22 93 208 192 42 96 50 89 176 151 119 12 241 223 35 231
    157 227 102 135 83 151 209 15 115 53 111 212 201 132 167 236 46 64
    92 58 55 45 59 53 155 218 236 151 3 253 141 175 244 28 116 131 127
    130 4 52 113 62 94 107 17 99 20 172 226 83 104 220 99 8 0 48 19 65
    87 177 114 206 203 69 147 150 210 116 229 114 80 186 213 250 54 243
    128 60 61 138 158 88 35 228 85 29 150 249 32 191 90 58 43 16 92 90
    190 158 4 253 178 60 243 35 194 84 34 205 37 223 184 56 93 19 139 62
    63 220 207 76 164 46 114 218 163 160 87 85 41 3 125 124 205 255 243
    6 255 50 159 165 129 179 111 164 177 33 34 100 234 176 96 126 235 66
    225 238 64 116 15 12 46 169 244 245 226 90 255 118 21 221 62 162 190
    152 131 217 213 131 76 167 211 220 80 188 130 197 182 2 194 243 31
    11 242 70 227 185 194 16 168 23 39 225 11 175 69 140 18 182 116 3
    178 79 108 11 101 222 52 101 57 128 0 4 214 83 198 129 63 130 182
    185 176 182 216 104 208 252 131 16 0 55 200 204 200 25 27 6 151 3
    212 150 232 76 192 17 17 117 155 78 92 213 189 136 171 249 202 174
    253 163 41 240 82 40 206 152 58 23 183 246 45 227 149 236 195 187 6
    164 28 135 72 5 27 62 8 64 214 111 27 38 83 247 19 45 20 198 205 229
    186 249 69 216 178 237 236 5 197 117 180 155 144 198 209 183 92 209
    104 66 177 125 243 120 56 88 19 138 170 238 240 74 72 254 111 11 78
    188 25 94 94 216 28 147 212 8 47 145 230 178 20 247 71 114 97 11 196
    38 18 248 191 135 248 42 116 44 196 42 211 255 17 3 33 57 8 155 188
    48 131 70 176 245 146 49 167 53 113 255 224 81 87 238 104 190 231 49
    20 67 103 20 148 54 74 205 17 116 54 154 56 213 68 228 176 235 119
    215 174 120 127 40 254 134 105 244 222 3 27 203 248 191 49 82 169
    221 42 182 157 143 176 69 228 244 184 32 114 9 158 53 222 187 156 24
    117 144 102 18 169 209 135 94 231 117 209 153 32 235 74 42 134 143
    227 17 208 121 97 254 21 19 115 45 58 72 184 71 168 251 121 51 161
    20 250 34 4 252 72 81 55 81 54 109 178 69 227 216 63 56 138 93 209
    110 249 204 219 54 189 143 151 57 68 56 55 137 123 148 127 167 252
    213 187 24 226 224 135 6 236 69 224 44 10 63 54 87 174 180 121 193
    244 125 4 251 93 22 140 165 222 87 108 48 220 251 96 26 29 221 72
    211 49 86 18 10 202 55 254 246 204 141 251 105 33 220 96 224 144 75
    206 195 132 7 77 95 225 171 70 250 229 241 3 188 171 112 192 48 186
    231 125 107 162 122 148 73 98 6 84 209 162 52 56 117 44 239 103 255
    227 212 12 25 244 6 93 52 158 67 169 51 15 212 107 96 187 217 1 97
    147 39 203 155 167 52 124 41 33 5 99 251 233 142 51 128 177 219 100
    201 165 184 198 227 1 152 17 203 240 59 152 249 133 122 27 164 73
    127 56 250 203 116 136 73 242 192 24 253 160 133 113 168 44 190 234
    82 70 32 226 20 208 68 242 84 30 91 131 133 81 228 31 210 105 141
    241 179 108 13 185 193 69 217 125 189 47 104 198 29 153 20 92 199 64
    141 22 204 61 213 147 53 186 76 40 155 243 103 249 234 195 125 51 52
    154 29 126 178 183 132 228 105 234 82 95 32 234 83 15 159 114 33 7
    154 13 160 130 11 65 83 143 135 48 200 243 56 62 203 52 199 97 46 37
    126 189 202 110 113 68 67 145 189 53 87 107 112 82 144 201 108 152
    43 225 147 112 175 141 62 59 234 87 120 84 182 49 188 98 146 210 70
    128 95 114 223 7 194 147 186 97 105 53 206 76 247 162 81 250 217 170
    121 6 72 168 246 131 197 226 181 186 120 170 63 200 93 127 255 89
    234 50 78 132 56 71 154 247 240 243 165 156 32 27 252 195 2 253 29
    107 56 105 142 185 28 87 232 222 219 34 151 210 91 83 111 64 253 0
    49 9 246 173 10 228 46 173 36 50 44 93 220 47 234 153 23 213 37 213
    112 50 204 66 148 181 188 75 189 174 201 63 7 123 104 222 220 175 60
    100 136 59 49 161 100 135 157 29 225 239 61 41 221 58 70 234 235 249
    226 11 31 175 134 73 199 167 35 33 3 49 140 110 63 210 77 160 53 194
    12 140 234 41 24 38 154 42 140 93 78 15 202 172 0 182 184 146 102
    163 39 155 132 24 30 248 58 210 152 211 105 59 37 58 59 93 117 207
    132 236 138 207 157 89 141 178 189 47 18 146 15 25 212 65 210 144 80
    216 36 163 170 238 54 231 96 39 123 80 237 32 224 85 217 43 219 7
    193 4 50 102 254 22 232 128 95 226 144 229 248 85 149 57 116 118 185
    70 216 105 112 58 49 216 15 82 185 195 243 57 79 219 80 58 26 157
    155 68 238 245 199 237 83 98 4 246 175 134 51 207 88 25 187 160 193
    61 177 231 81 25 42 94 62 98 11 137 189 233 1 90 96 46 223 99 122 19
    143 246 64 224 253 81 247 41 123 128 23 103 85 145 145 12 116 215
    198 72 2 104 210 46 227 123 129 1 133 12 60 180 168 187 96 49 50 25
    120 243 167 65 159 199 173 198 205 62 200 94 5 70 56 241 251 31 107
    158 206 142 60 142 174 62 232 71 18 159 15 38 102 247 72 98 167 170
    136 229 43 69 189 247 110 143 78 107 186 214 215 94 16 254 76 156
    115 176 42 67 8 167 197 141 189 154 106 21 175 182 254 197 66 99 110
    206 213 45 240 221 129 54 180 244 104 164 20 121 226 207 69 217 5
    127 38 10 210 82 140 53 168 64 8 55 11 177 152 52 99 202 128 137 77
    34 170 22 246 237 50 60 122 219 135 1 29 255 148 6 199 43 25 194 32
    163 68 229 241 48 220 96 8 95 41 81 99 25 67 172 130 115 129 35 212
    112 195 118 198 150 222 126 20 51 229 102 180 198 167 20 186 226 120
    90 10 111 52 88 200 182 46 20 105 30 67 235 121 11 203 108 184 131
    72 180 92 240 140 41 202 218 235 21 128 124 211 192 121 70 42 10 251
    42 171 9 106 55 239 87 164 94 60 78 250 161 150 230 146 220 233 154
    229 24 248 20 28 113 229 81 97 200 237 247 130 227 16 59 161 230 13
    180 178 65 161 91 116 115 28 58 79 70 41 104 106 63 152 21 181 62
    144 104 83 72 94 185 240 140 121 77 91 141 17 235 249 165 223 52 237
    251 37 130 138 62 129 144 36 213 102 50 180 59 110 156 81 10 145 255
    165 63 72 172 1 21 222 36 33 219 27 29 142 151 179 241 241 6 204 220
    239 75 88 158 177 182 189 98 119 84 43 64 133 141 100 180 130 211
    156 216 181 156 215 199 93 173 158 234 209 23 235 10 238 144 87 143
    115 38 160 187 229 75 109 172 49 32 235 59 11 200 229 79 169 174 37
    24 218 143 21 133 85 104 137 55 120 201 175 212 15 36 42 84 77 42
    135 203 223 23 52 139 177 129 130 66 183 114 204 250 162 37 225 159
    204 70 107 118 176 90 207 195 172 217 80 26 91 96 139 58 129 203 158
    39 85 90 107 58 223 10 119 133 61 32 98 45 216 55 188 64 96 2 29 123
    54 149 115 219 45 76 228 196 166 175 65 38 163 248 69 174 126 218 24
    27 110 50 120 41 144 75 139 45 26 89 80 230 29 193 40 91 83 159 191
    207 158 95 236 45 12 233 140 149 9 26 29 124 166 8 113 203 226 116
    247 17 187 214 195 222 98 224 33 129 57 138 59 37 229 59 7 52 232
    203 231 141 254 146 116 79 102 168 131 245 207 160 106 15 155 170 95
    223 11 184 206 235 169 109 144 242 254 72 78 237 138 13 3 125 45 126
    111 251 253 61 115 14 212 134 142 110 73 120 228 11 80 96 157 142
    122 249 156 173 248 177 237 155 42 234 126 183 222 67 14 39 190 226
    95 128 202 210 15 27 207 6 85 57 167 88 35 110 57 156 91 201 106 168
    210 95 237 44 180 26 83 53 168 187 111 86 131 2 253 183 216 102 233
    225 80 53 118 87 152 16 254 154 131 153 143 248 173 40 131 131 249
    37 118 103 74 102 27 203 199 175 42 200 47 168 146 34 17 169 112 190
    15 208 125 54 197 56 189 60 76 198 170 145 7 124 245 98 193 14 136
    167 99 135 122 34 117 220 246 150 56 24 32 23 233 32 203 24 105 53
    109 109 144 156 205 118 147 177 32 153 249 98 84 46 10 191 86 153
    246 140 167 105 89 164 74 129 36 80 212 250 1 96 133 253 246 235 208
    6 133 84 203 102 214 208 247 80 11 88 201 23 13 208 34 108 141 24 21
    146 117 252 224 232 15 183 222 32 158 145 2 224 9 175 43 196 182 69
    214 50 82 255 88 15 35 217 8 44 124 42 192 110 185 213 230 99 133
    121 151 103 178 137 132 192 7 155 175 125 195 211 56 123 164 235 250
    72 53 48 199 55 85 135 60 177 158 238 180 48 189 241 24 84 234 222
    51 179 255 47 94 236 0 28 197 45 31 221 188 204 141 232 230 167 103
    68 48 116 23 197 128 116 254 30 148 146 157 7 65 35 81 204 66 12 47
    8 190 49 243 61 11 6 110 205 110 108 106 243 179 57 94 176 101 216
    22 219 67 118 117 40 162 232 67 216 116 139 183 12 70 164 92 253 235
    113 180 2 35 207 159 137 46 26 149 17 8 180 185 223 43 236 228 172
    86 38 206 231 95 85 179 45 67 45 47 14 35 185 38 4 80 251 121 168
    156 75 170 29 192 42 168 98 34 61 30 133 75 224 219 63 24 5 223 225
    9 76 131 208 141 109 199 52 38 161 13 135 28 65 98 55 207 3 223 209
    196 24 213 30 108 198 166 96 149 150 185 215 121 255 223 246 187 249
    131 44 110 50 38 83 237 97 59 41 174 17 37 149 58 183 22 59 55 109
    165 239 25 44 136 183 51 252 233 206 58 239 49 188 55 174 98 129 255
    11 66 21 19 183 112 216 215 190 125 149 57 98 130 136 226 181 17 182
    225 156 5 45 201 96 208 49 161 24 177 60 154 108 94 19 240 98 112
    106 80 242 126 138 206 161 145 9 156 65 66 153 98 87 161 234 251 113
    212 148 239 233 171 16 158 56 82 204 141 251 39 214 162 152 172 25
    182 94 78 15 98 164 95 159 201 7 68 169 74 38 174 40 169 237 245 175
    74 107 141 86 184 158 219 211 105 201 43 216 222 175 225 118 50 170
    21 21 220 13 64 249 245 211 114 31 48 203 114 21 163 134 94 218 192
    207 171 52 172 1 15 116 163 16 163 146 148 245 117 58 194 26 50 68
    33 209 188 200 236 90 128 141 240 111 233 236 201 144 175 28 101 48
    13 67 131 33 231 148 47 89 63 155 201 111 236 154 230 231 121 77 102
    105 70 163 156 215 189 166 177 99 132 187 3 138 249 39 210 59 178
    164 199 47 138 171 77 68 142 77 170 201 67 25 211 164 173 207 15 246
    242 83 86 13 186 27 0 239 254 241 110 112 69 246 47 209 237 158 30
    152 144 30 213 71 249 53 24 210 146 165 192 87 58 103 55 232 5 209
    115 107 171 68 197 37 62 157 138 185 26 147 27 193 60 6 73 76 88 249
    73 156 246 102 242 156 212 131 97 29 102 210 39 69 15 104 131 205
    246 144 32 63 67 251 40 211 124 231 120 19 8 251 133 104 218 216 41
    127 28 115 128 25 170 89 188 154 161 254 152 187 93 252 29 182 136
    124 145 158 160 153 233 138 10 20 173 43 114 88 173 200 91 6 98 62
    136 14 72 211 186 145 101 174 208 189 250 240 195 109 128 64 111 69
    34 4 59 6 14 71 154 72 124 231 253 145 187 109 91 66 133 184 152 169
    171 164 102 48 161 128 59 104 204 180 159 227 139 103 111 42 241 223
    84 189 142 96 96 245 159 201 165 229 101 124 133 169 233 98 222 145
    11 66 170 102 105 99 89 80 179 216 84 71 97 45 21 163 49 36 107 247
    45 66 98 23 232 10 110 186 102 31 73 92 193 111 226 32 168 176 12
    172 69 95 11 250 131 76 27 27 242 147 93 76 200 133 181 30 181 33 25
    92 57 196 86 18 178 219 155 32 126 3 163 30 185 236 88 72 148 75 65
    206 250 62 91 142 216 118 115 80 250 208 171 212 111 158 16 172 87
    56 119 121 138 140 181 165 77 109 48 106 241 243 204 254 76 239 159
    29 77 96 147 124 166 207 172 67 61 236 180 219 64 252 15 9 225 69
    250 113 153 120 245 111 91 141 103 161 27 60 172 183 235 17 34 87
    218 232 51 87 248 250 55 77 198 150 213 1 131 207 65 225 115 34 214
    58 220 88 108 216 109 143 202 145 187 77 18 189 128 174 43 77 244
    220 8 145 47 106 172 34 45 210 1 62 120 57 12 147 187 196 92 25 224
    64 81 254 249 78 251 106 245 15 64 251 79 80 181 67 131 245 56 2 188
    169 16 178 15 16 182 77 1 169 175 153 119 154 210 201 14 71 71 52 24
    47 107 107 138 29 0 175 242 243 141 62 205 142 35 121 119 220 184
    116 154 18 60 11 62 68 160 224 146 158 205 166 39 136 27 88 70 229
    19 2 127 131 27 88 197 9 50 123 240 8 167 190 208 35 130 53 166 219
    255 115 232 24 173 139 176 70 249 182 163 24 213 248 250 201 101 202
    87 158 231 26 107 141 245 162 251 241 191 255 11 38 249 13 115 136
    145 225 17 160 77 33 238 169 218 8 90 31 31 106 95 13 19 30 204 175
    51 68 63 169 94 167 222 238 201 21 173 83 50 108 73 48 7 245 39 169
    214 92 221 82 1 250 62 164 130 29 190 147 79 26 26 29 158 85 231 203
    87 240 63 171 39 160 148 157 87 174 102 121 22 116 166 59 253 146
    136 10 98 154 72 184 232 215 222 62 200 29 255 54 35 244 170 31 71
    213 8 139 154 61 1 60 151 241 151 178 24 228 181 178 118 155 103 97
    122 41 129 30 141 73 144 231 70 20 92 167 20 250 54 211 212 36 18 16
    202 250 240 225 64 120 177 123 42 215 72 233 169 50 86 99 56 169 196
    72 233 93 59 42 149 78 138 182 190 168 105 117 52 64 39 186 237 11 4
    18 34 60 156 128 217 224 49 63 239 229 4 204 225 95 53 56 172 4 96
    44 124 82 100 218 42 46 93 235 185 78 155 26 240 41 70 149 39 126
    210 226 42 241 91 167 103 189 36 253 6 189 81 31 178 249 62 31 78
    135 50 148 134 49 203 78 20 102 198 55 63 19 142 178 192 31 149 229
    47 86 128 32 29 218 137 130 200 27 99 77 137 75 107 110 152 26 41
    104 60 26 95 45 133 214 161 134 145 45 2 167 100 248 241 142 50 214
    17 203 110 129 115 133 192 39 142 16 241 189 149 232 79 110 170 68
    236 130 76 38 151 124 72 48 96 221 79 1 247 242 44 153 68 180 197
    113 89 207 180 183 199 54 122 198 53 190 18 249 255 118 204 225 50
    23 74 38 232 57 33 38 149 60 234 123 216 157 56 210 181 75 146 171
    62 218 99 12 37 181 238 132 60 47 127 249 255 53 232 46 139 181 165
    229 8 106 95 144 206 160 100 64 26 32 208 28 121 188 98 241 48 233
    117 82 36 23 172 158 58 120 126 161 107 32 147 151 64 38 56 16 193
    77 184 85 176 21 126 201 183 173 191 202 35 151 23 215 67 84 151 100
    13 80 144 232 75 169 86 145 247 0 213 99 53 127 106 87 12 136 52 160
    186 196 98 2 248 43 16 127 127 229 250 75 177 52 5 252 96 96 209 148
    147 85 118 116 53 223 51 87 38 176 82 46 56 107 67 71 26 107 204 170
    11 50 232 137 145 135 193 204 163 116 102 49 138 197 198 239 181 145
    5 185 29 158 159 125 61 153 239 86 112 79 115 85 108 13 23 79 156 39
    136 65 94 202 184 98 231 97 40 110 188 157 4 43 190 66 68 211 1 53
    243 76 58 229 28 223 60 11 171 199 213 224 37 174 139 74 119 225 238
    122 145 153 24 59 110 237 61 140 251 70 157 164 79 142 91 104 61 59
    174 168 38 112 236 8 2 161 135 213 92 82 181 98 142 14 163 45 37 148
    169 91 84 91 70 162 253 6 160 190 115 115 147 194 100 53 143 41 80
    199 136 193 43 191 104 41 76 133 70 143 246 82 41 116 134 42 44 202
    182 70 202 177 99 253 21 166 238 40 158 237 110 16 162 181 204 59 45
    70 10 51 58 67 154 14 134 165 202 38 249 87 16 124 244 165 141 46
    198 100 16 72 95 65 123 241 63 4 91 125 139 185 222 21 113 54 56 199
    110 1 68 120 241 96 119 170 16 165 21 155 221 125 235 49 221 191 165
    172 212 115 119 87 187 211 12 37 192 246 55 0 27 125 201 131 243 152
    27 3 66 197 210 86 190 187 197 100 249 125 71 255 63 184 129 56 218
    6 95 182 202 58 206 245 119 160 89 51 115 239 51 94 222 93 185 74
    221 39 134 31 24 25 129 76 196 7 57 117 85 27 167 181 58 54 176 59
    37 105 71 178 111 230 111 134 189 63 174 112 42 69 85 19 221 165 174
    221 25 86 25 47 102 28 104 226 217 194 210 21 51 114 137 98 16 195
    62 152 51 91 96 24 78 200 55 164 138 94 121 239 177 194 129 221 3
    237 35 31 91 248 152 46 13 104 156 94 198 209 187 142 160 181 238 0
    233 66 89 150 40 51 155 148 131 42 124 187 92 119 162 69 222 242 243
    193 57 248 155 2 147 22 49 117 154 120 90 136 77 214 182 159 219 141
    48 203 241 230 134 98 101 145 236 22 253 209 221 96 210 228 92 108
    177 5 187 69 94 126 37 84 48 187 21 54 19 8 166 102 90 27 187 208
    232 33 147 209 91 252 92 248 176 121 216 182 80 100 171 62 6 215 123
    155 214 69 61 238 74 244 214 22 203 129 26 186 82 119 85 52 118 33
    33 154 123 177 5 148 0 194 150 102 154 190 115 156 190 114 156 90 20
    211 249 208 3 46 92 194 132 91 238 65 156 11 169 226 234 3 107 117
    173 135 19 123 80 242 170 201 251 203 107 149 162 146 108 164 69 205
    181 255 19 152 232 70 68 185 137 132 167 106 133 44 43 252 19 221 14
    192 13 63 72 4 163 113 165 241 226 133 172 78 29 188 117 151 186 44
    198 33 18 60 175 185 222 166 65 94 211 26 202 230 132 149 152 137 42
    210 16 237 68 86 178 177 27 169 242 232 66 207 213 98 61 96 163 94 5
    243 115 7 63 33 131 35 78 213 181 86 67 82 57 229 140 190 159 153
    242 222 169 41 203 21 97 52 213 59 148 196 150 186 35 69 90 146 23
    126 208 64 182 129 124 6 165 121 170 225 64 200 152 139 153 152 253
    171 147 179 240 22 133 30 206 58 69 124 212 114 188 198 92 78 114
    190 24 104 32 206 168 60 27 44 32 197 191 182 199 97 94 250 161 205
    175 208 25 184 203 168 46 215 171 176 148 87 238 130 224 222 235 225
    230 164 126 98 88 211 101 18 117 92 224 186 124 14 39 59 236 35 220
    207 191 38 238 240 217 26 219 220 212 84 250 24 168 61 236 222 2 18
    163 21 48 136 255 30 211 54 113 32 13 246 155 16 8 89 231 58 123 197
    138 125 198 251 45 140 195 236 160 129 18 234 196 255 209 24 88 172
    84 226 126 88 174 87 71 64 132 139 84 147 133 134 18 231 39 18 88
    178 203 243 33 38 48 129 129 242 40 241 206 253 102 100 89 245 185
    175 138 162 104 193 209 95 79 95 51 210 35 51 57 109 169 88 117 172
    121 70 96 17 55 237 6 32 214 26 100 167 65 114 2 74 238 5 153 142 55
    247 155 12 184 121 130 119 240 31 173 96 162 12 17 138 70 203 42 102
    149 182 100 230 204 129 72 156 195 146 165 149 170 20 195 125 117 0
    144 177 64 99 140 142 19 24 205 244 150 149 58 191 92 38 112 45 232
    45 75 111 103 104 216 163 13 76 25 252 74 54 123 143 82 170 123 65
    161 64 3 71 14 205 61 39 110 40 5 186 85 180 245 235 184 248 163 169
    163 82 175 99 76 29 108 148 188 15 236 209 192 205 127 12 13 243 95
    87 30 109 15 249 10 115 233 240 63 249 149 161 143 231 93 151 119
    164 25 91 164 228 171 205 73 192 213 254 55 48 30 111 158 82 122 32
    77 22 93 99 182 48 180 21 16 17 5 53 142 201 199 207 213 210 27 190
    32 153 134 51 228 97 179 119 78 37 240 52 85 9 20 34 10 252 164 235
    139 143 107 217 91 137 109 246 50 151 160 196 79 95 3 93 38 136 26
    171 161 79 60 157 232 112 177 173 224 124 41 137 254 103 120 202 43
    113 111 165 98 211 9 213 227 19 172 180 123 212 220 53 81 77 68 162
    48 156 187 115 92 2 229 159 216 18 186 243 240 181 195 248 182 134
    105 153 196 213 60 53 123 92 11 171 117 75 26 49 33 141 221 165 219
    231 247 10 247 113 21 36 131 216 84 18 194 211 69 218 75 7 35 166
    178 250 78 80 234 178 241 112 130 224 23 231 147 39 69 224 131 190
    70 134 61 160 39 62 77 161 188 201 9 219 247 89 20 185 58 192 198 89
    8 123 217 143 45 171 25 23 30 100 196 23 65 25 44 170 13 67 136 249
    168 128 120 46 151 200 199 197 43 121 153 206 174 223 57 165 224 219
    236 57 155 48 161 152 194 163 104 162 97 93 42 160 3 190 32 52 248
    71 208 248 252 87 140 108 20 69 205 59 141 68 234 128 20 222 89 82
    183 70 83 124 67 251 125 14 183 46 35 127 43 58 135 103 199 118 165
    202 116 59 195 78 183 166 172 89 67 234 160 224 77 133 83 230 115
    125 150 139 74 80 11 205 117 26 16 92 118 2 125 116 210 31 38 41 107
    102 111 15 79 128 49 179 176 77 246 78 174 107 190 161 56 167 120 81
    240 180 1 219 148 239 26 141 54 121 127 23 108 166 249 227 26 147
    121 30 223 24 27 117 237 135 27 82 83 53 134 87 118 46 233 40 40 34
    253 217 200 211 156 183 135 208 161 131 17 190 60 131 108 89 180 91
    17 153 119 116 39 249 249 72 76 131 167 14 22 192 201 144 242 234
    201 80 51 15 180 11 139 237 205 138 254 92 118 55 107 184 177 105
    218 250 95 27 204 112 230 129 49 14 95 173 38 232 57 252 178 198 130
    216 173 37 87 82 49 172 128 154 183 124 133 243 101 140 77 177 211
    39 83 59 238 45 130 90 75 20 242 247 121 81 135 75 226 225 1 125 71
    3 73 108 108 92 208 134 159 151 230 35 253 47 161 148 35 253 237 45
    6 96 238 151 204 254 117 188 110 99 173 229 20 101 12 197 161 133 55
    156 126 71 140 44 122 252 158 60 200 247 17 87 250 12 135 78 233 38
    64 1 74 230 10 115 219 17 232 18 214 110 108 120 21 150 24 76 119
    216 241 54 136 34 60 131 201 213 115 214 223 212 236 255 73 222 104
    208 93 182 50 22 105 72 125 61 214 14 67 121 32 238 165 221 9 170 8
    227 158 191 62 159 220 49 152 144 70 62 202 128 110 190 108 237 56
    202 217 61 72 176 185 141 61 7 31 182 174 217 116 134 231 241 43 67
    173 69 127 112 231 211 160 155 93 194 42 161 179 228 162 88 40 124
    36 193 126 17 60 75 230 147 105 68 210 138 224 254 237 217 121 166
    154 204 132 208 134 207 164 171 203 52 223 28 239 185 137 190 148 17
    25 26 131 133 247 34 106 159 216 242 235 169 26 79 223 127 19 203
    124 166 204 69 21 161 209 187 120 243 85 167 252 127 44 167 152 38
    132 254 140 202 154 109 216 23 163 147 39 142 8 95 224 47 18 88 85
    80 129 157 63 111 112 155 10 251 166 142 247 20 204 51 32 108 50 237
    210 32 227 145 31 18 66 242 87 217 175 14 240 31 64 67 226 12 41 215
    144 172 106 164 114 120 251 116 124 215 228 132 171 242 57 73 41 52
    15 38 71 41 221 50 197 56 251 152 201 62 146 34 219 110 206 167 190
    65 90 244 136 147 110 83 191 75 203 0 224 153 36 163 119 198 212 101
    214 159 140 0 98 87 183 111 125 173 154 181 223 99 58 31 26 243 226
    24 56 217 142 222 43 41 127 188 93 186 73 43 188 26 160 223 198 227
    213 132 140 240 4 158 39 162 123 104 231 83 94 45 245 63 76 19 158
    219 255 126 92 83 133 22 114 36 61 143 187 62 96 187 18 119 240 172
    166 62 146 50 235 105 126 106 109 54 197 245 44 28 216 65 15 5 126
    162 137 168 107 27 33 225 170 131 169 163 114 179 175 227 9 214 4 15
    132 109 247 181 129 186 16 173 107 236 250 200 237 171 98 97 203 54
    143 160 113 88 45 42 219 165 122 6 182 138 185 208 120 56 246 96 121
    9 100 241 137 178 95 8 137 162 147 231 25 28 117 227 90 32 40 47 142
    214 203 94 2 216 155 18 196 38 10 115 119 228 170 231 52 67 222 19
    10 166 30 133 225 150 34 173 174 142 40 190 116 61 121 113 77 162
    114 137 71 170 58 170 99 49 230 138 30 50 135 38 103 243 188 181 192
    217 55 255 26 205 223 215 113 93 242 155 179 155 191 25 126 181 248
    106 223 207 224 46 31 200 199 92 12 51 72 87 101 37 124 222 238 18
    206 19 38 34 176 135 51 145 164 180 233 158 181 89 38 119 15 64 213
    129 6 245 85 73 0 160 125 181 228 173 229 82 9 154 82 106 103 134
    101 9 181 109 100 227 228 245 0 25 223 94 190 152 212 16 64 15 33
    226 76 119 66 111 92 17 183 227 144 49 101 130 151 90 96 201 67 64
    103 50 255 159 166 97 32 94 3 217 7 166 25 80 62 48 95 130 144 138
    78 36 57 152 131 226 213 16 62 142 205 152 1 231 158 151 137 96 246
    196 230 58 179 5 86 177 96 150 187 57 12 62 18 122 165 21 165 239 68
    141 204 213 246 19 190 0 132 2 2 146 143 119 65 250 0 18 146 153 192
    22 88 221 76 171 104 228 81 57 173 4 60 132 91 156 79 86 3 47 51 75
    146 125 157 136 239 145 144 221 151 133 96 134 145 134 114 146 210
    27 129 26 104 129 126 205 10 233 71 165 98 103 169 20 58 134 253 82
    26 230 30 149 139 49 17 231 162 139 164 22 243 248 92 177 4 181 169
    163 210 153 155 29 165 37 243 61 53 89 95 171 87 222 86 25 149 33
    248 58 101 92 235 246 90 165 246 119 120 104 43 226 251 32 245 8 49
    104 107 70 168 180 59 110 44 131 211 222 17 70 182 210 254 98 122 70
    45 216 230 77 11 220 8 96 204 196 176 71 120 240 86 148 146 203 112
    29 113 93 232 221 197 232 145 26 64 83 98 110 47 238 140 236 98 16
    57 78 196 162 17 253 213 205 184 238 62 40 164 191 168 175 185 214
    22 79 93 230 203 165 221 171 161 105 30 194 240 169 81 245 73 250 53
    56 124 220 192 79 87 198 210 75 79 249 174 221 110 64 55 127 163 115
    29 152 153 147 88 45 25 33 179 36 78 255 235 61 100 193 187 54 68 46
    199 114 98 139 123 250 17 184 37 60 0 120 30 235 50 47 112 142 0 64
    155 228 111 114 240 65 252 101 165 30 99 178 219 161 57 18 166 52
    185 169 132 152 30 23 102 114 62 201 53 71 51 16 30 154 187 23 11 79
    5 135 20 245 126 134 229 225 150 140 164 172 7 201 195 36 193 182
    134 14 177 139 21 191 186 1 130 178 209 46 209 149 228 203 207 105
    179 224 90 28 150 128 26 91 223 22 44 223 11 93 202 197 198 219 1 98
    49 43 151 49 50 180 180 221 46 25 35 131 154 185 107 75 200 70 12
    247 77 36 53 218 44 66 161 137 98 28 81 121 221 77 185 140 6 31 97
    223 181 227 186 67 114 73 132 37 62 198 77 100 164 41 87 252 101 58
    34 17 92 66 121 19 56 146 167 44 217 168 193 218 163 231 144 96 58
    219 123 140 175 71 136 227 10 63 87 75 102 176 227 190 172 130 69 4
    125 117 175 141 59 83 49 105 29 32 7 92 153 76 215 190 113 217 236
    33 111 4 54 159 101 242 9 220 32 71 95 138 165 69 122 150 84 23 127
    171 14 27 148 136 197 13 255 122 49 4 54 48 155 166 15 189 15 183
    239 198 250 236 46 197 15 107 233 27 254 67 108 251 224 234 24 151
    135 239 188 74 102 29 193 72 112 33 125 218 134 182 238 237 242 68
    194 42 18 114 136 26 217 51 86 121 211 177 140 39 160 24 218 148 113
    237 196 93 135 28 171 72 9 80 222 42 54 93 81 86 240 128 21 64 23 11
    120 96 228 6 200 113 131 158 34 188 9 205 57 21 55 156 51 18 55 159
    139 121 57 254 53 70 217 83 80 221 52 226 12 212 165 143 99 37 202
    103 172 245 3 225 214 163 34 204 97 181 147 218 1 179 188 9 170 151
    204 51 66 225 235 48 228 88 204 178 25 68 232 241 140 143 241 236 47
    167 251 137 3 99 209 71 100 251 2 147 35 30 150 232 130 0 177 4 51
    79 165 147 220 114 47 156 30 68 150 102 139 230 12 137 22 187 88 31
    101 63 33 105 38 65 17 135 192 122 42 49 29 52 91 17 134 147 135 13
    225 59 39 36 77 10 46 87 168 35 202 121 153 140 145 200 97 163 207
    102 104 142 168 63 54 99 242 218 44 207 218 65 47 34 207 160 220 201
    188 147 229 112 132 48 29 112 115 76 221 232 12 127 58 82 20 165 46
    155 17 54 82 105 25 76 201 68 85 92 147 224 48 132 21 22 120 22 140
    16 150 152 27 175 128 198 11 112 90 88 135 113 15 104 65 33 104 23
    148 41 213 186 173 135 134 109 198 246 120 254 166 167 23 173 195
    239 95 241 208 140 78 24 99 164 198 100 4 210 67 53 71 35 147 63 134
    185 131 12 55 89 132 35 34 118 87 218 16 197 232 126 15 173 247 203
    223 122 91 89 57 122 194 232 87 144 138 239 181 80 90 160 172 177
    145 77 43 167 57 84 170 129 179 172 91 131 170 20 40 251 82 226 197
    148 64 145 251 107 1 246 3 208 111 112 63 147 26 169 253 69 132 147
    125 48 122 223 78 230 85 145 140 221 82 251 241 254 76 143 169 169
    158 136 247 13 92 181 232 152 67 235 104 198 187 101 216 180 203 14
    55 177 179 126 50 50 111 99 222 190 236 39 34 166 29 134 240 222 124
    173 127 115 53 240 199 140 61 42 191 182 192 201 84 22 42 146 203 0
    152 158 119 127 240 97 46 133 195 20 91 57 111 33 185 251 13 171 24
    103 215 97 105 53 16 100 214 150 1 105 205 32 23 135 37 25 221 72 45
    37 119 228 183 21 195 4 223 155 153 30 154 126 198 1 168 226 72 74
    190 141 144 159 171 3 65 92 76 209 197 232 54 100 212 18 154 17 16
    186 166 168 151 18 121 107 108 101 159 131 154 160 62 198 106 213 22
    44 213 21 192 130 190 66 30 70 109 138 138 108 125 60 195 189 17 202
    8 78 185 150 175 92 85 68 88 33 103 151 171 242 215 130 239 0 46 146
    47 15 219 193 157 135 191 27 192 57 140 90 191 235 247 20 242 85 169
    21 245 78 189 255 225 60 58 14 206 26 47 255 220 166 178 101 224 105
    26 55 181 2 184 206 116 85 54 116 105 164 44 189 55 112 219 69 152
    189 242 51 173 16 243 18 67 146 228 161 235 200 90 176 192 61 17 182
    181 70 209 164 146 138 157 205 119 107 127 30 53 191 53 249 85 244
    168 8 49 48 171 23 139 166 199 124 102 245 92 208 186 86 162 195 123
    246 180 189 117 230 93 242 70 135 139 142 221 84 4 140 42 62 154 169
    22 137 45 202 167 71 172 50 192 141 58 71 37 156 26 141 201 180 186
    87 65 130 128 95 144 209 117 200 97 3 177 211 89 106 123 72 54 120
    33 192 140 21 95 158 125 250 207 156 109 115 84 228 196 247 210 43
    152 210 180 2 214 59 104 70 235 239 127 27 9 169 226 131 229 212 26
    58 128 27 160 97 83 244 187 183 13 235 235 195 136 200 123 5 224 123
    215 236 153 188 195 22 163 237 230 28 13 147 27 232 186 163 43 159
    77 130 223 115 240 141 107 57 112 146 132 180 143 113 13 19 233 220
    174 26 203 121 19 210 74 68 177 119 241 42 66 132 128 61 145 62 13
    192 53 63 9 185 61 89 21 110 122 217 201 79 15 157 194 76 207 59 103
    190 211 236 137 230 63 0 137 192 4 18 130 119 153 164 188 1 173 49
    144 50 79 5 26 144 65 247 138 184 213 174 199 79 113 132 200 103 202
    17 57 246 176 194 117 37 105 235 247 88 46 40 227 36 72 143 1 19 233
    161 245 126 164 165 250 149 210 72 82 232 95 1 126 210 98 7 30 51
    154 95 67 41 86 9 18 147 132 27 126 124 137 2 171 213 52 18 25 75 60
    100 3 75 52 0 124 81 253 249 117 216 30 232 143 0 32 142 172 173 191
    121 31 126 204 200 186 191 115 116 116 61 40 113 206 57 207 235 66
    236 223 144 205 227 5 58 10 249 66 191 248 170 166 144 107 210 32 39
    201 223 65 53 233 244 133 126 181 172 237 239 61 215 78 156 1 167
    253 144 109 253 79 106 143 173 141 152 232 228 239 100 21 175 235 95
    169 89 246 179 82 237 230 113 79 49 125 70 227 99 218 67 183 107 96
    220 232 87 65 241 101 32 88 233 133 92 198 236 138 50 137 116 112 33
    120 161 47 98 49 239 66 94 11 191 98 69 22 230 217 236 19 86 48 183
    228 113 135 85 15 206 21 81 87 61 43 42 193 61 115 13 235 96 197 106
    145 162 16 15 111 18 189 230 190 125 112 65 19 175 135 240 142 93 35
    155 152 145 192 59 75 36 172 120 123 196 40 25 3 226 220 182 57 182
    42 47 71 107 125 29 16 180 152 3 211 5 34 30 166 165 254 47 40 22 20
    11 69 232 188 149 99 245 236 242 75 243 183 252 241 53 76 117 37 21
    54 193 214 1 36 244 230 15 36 245 19 230 231 43 220 247 108 89 137
    72 211 235 224 132 188 211 63 227 142 196 126 75 74 177 70 196 181
    10 190 155 38 127 112 76 225 83 241 46 57 50 92 15 9 106 146 2 163
    189 213 151 29 235 74 44 47 14 57 59 45 70 59 145 115 20 245 174 63
    167 157 153 69 163 255 209 241 210 17 171 188 21 56 192 67 45 192 81
    215 154 229 72 43 155 8 86 99 43 157 206 150 158 181 194 128 158 177
    246 167 216 139 17 57 50 145 204 80 211 34 201 166 128 35 154 148
    194 8 252 199 100 123 19 239 200 42 4 223 162 21 195 129 20 192 29
    158 243 90 50 209 15 127 68 8 5 88 93 103 87 198 238 171 160 105 172
    137 171 226 174 178 178 24 19 146 180 118 95 72 43 234 148 226 42 45
    35 255 203 94 229 58 12 117 252 243 136 255 48 208 56 142 204 163 86
    58 168 138 216 65 34 195 254 103 106 217 161 202 26 9 85 23 220 95
    188 253 93 250 49 144 4 15 182 160 200 64 187 204 86 9 110 182 103
    183 154 16 186 195 56 22 112 145 200 60 141 124 48 80 70 190 179 91
    89 84 151 8 132 139 91 46 111 57 88 116 244 84 237 128 228 243 253
    137 125 137 94 251 8 229 111 212 4 221 170 162 193 45 34 128 161 57
    68 17 153 89 211 177 70 9 77 3 87 53 67 176 158 44 221 75 147 152
    179 52 191 218 194 192 218 112 80 242 243 52 91 67 92 247 208 65 101
    70 199 162 118 138 175 214 209 100 74 70 142 249 130 155 183 34 187
    247 76 131 146 117 126 37 110 32 169 60 210 152 147 117 181 10 94
    242 236 130 95 66 128 126 119 74 4 103 115 128 235 196 138 39 18 44
    247 207 234 231 120 36 30 126 169 186 180 175 36 19 34 227 175 65
    250 76 163 125 127 87 94 112 83 214 155 233 177 175 92 247 68 31 168
    24 94 142 67 124 224 226 188 43 94 179 189 14 221 43 82 78 200 153
    218 199 211 88 45 60 85 82 217 232 207 234 153 248 104 104 142 110
    151 245 154 198 220 81 101 210 122 145 88 108 102 28 196 68 161 46
    207 188 170 23 110 51 216 31 97 207 90 41 35 241 126 219 156 42 237
    17 218 80 251 219 24 168 29 239 54 194 206 32 149 38 31 131 8 57 158
    33 21 247 90 200 3 96 223 71 96 164 225 123 138 188 179 210 21 255 5
    75 55 96 94 42 195 105 46 101 113 117 201 254 111 77 54 157 65 51
    116 177 189 171 206 11 73 78 20 106 167 108 123 6 102 195 205 231 31
    64 253 140 209 56 26 34 39 74 38 117 54 211 214 138 176 59 246 59 17
    226 165 71 72 202 59 71 91 47 194 180 201 153 94 60 114 156 234 48
    18 202 66 206 235 62 158 60 43 28 92 124 7 10 219 75 87 31 192 99 93
    216 151 121 221 59 56 48 165 2 165 234 238 83 213 167 62 69 230 40
    41 230 199 98 44 12 145 173 24 154 253 221 146 202 182 146 70 4 173
    140 184 164 232 210 84 8 124 134 179 103 66 113 157 186 40 138 192
    96 57 152 193 177 225 119 71 219 170 64 229 88 50 204 111 143 104
    105 215 220 225 39 221 41 90 238 149 199 197 185 198 199 181 26 160
    248 58 5 218 76 186 75 232 186 183 31 168 63 252 82 29 76 146 83 251
    25 194 250 223 127 112 185 168 91 227 50 222 114 126 235 26 49 87
    159 132 199 39 27 212 194 181 5 220 218 242 239 69 31 205 75 79 149
    196 187 47 221 93 235 127 191 217 42 100 205 13 238 149 63 33 56 73
    107 102 241 88 135 226 94 247 78 239 199 56 140 174 109 237 119 180
    76 124 150 28 79 28 167 53 152 132 163 83 62 34 25 150 120 110 150
    99 29 60 174 17 179 243 194 85 242 232 13 48 177 199 88 88 152 159
    217 147 106 229 75 203 128 98 36 255 146 53 39 12 202 249 151 57 36
    222 7 58 18 22 236 17 74 208 117 22 78 230 189 115 130 218 116 72
    178 110 75 43 108 77 210 208 196 149 183 83 51 21 210 201 165 32 35
    17 195 146 79 229 132 106 120 209 160 18 191 180 28 31 43 84 22 230
    224 109 44 28 204 132 120 49 63 24 150 243 231 79 183 190 175 43 30
    181 35 48 20 191 46 125 166 181 82 140 134 146 184 116 217 105 236
    86 0 194 193 135 89 32 226 77 158 255 227 46 74 110 42 68 197 104
    253 19 90 66 255 169 27 214 41 242 234 45 237 32 138 198 111 233 250
    10 9 4 235 48 125 109 154 140 141 102 146 111 249 242 107 86 68 60
    166 142 9 160 86 228 212 23 209 15 249 94 250 148 99 122 31 75 31
    128 99 178 149 22 233 74 112 16 126 164 152 78 124 1 134 180 42 88
    138 169 229 51 228 48 254 149 190 106 69 67 94 8 51 95 48 149 152
    212 94 102 200 226 254 205 180 106 37 144 37 180 199 131 202 72 90
    25 137 13 45 1 229 63 75 157 153 253 36 209 62 235 178 178 28 201 7
    235 38 66 65 124 39 4 101 18 189 58 164 14 98 204 122 179 207 154 38
    202 188 127 92 34 6 37 78 112 9 226 42 169 229 209 52 246 234 47 162
    46 186 126 51 244 163 139 3 1 72 215 14 155 90 240 136 135 181 246
    206 44 12 218 118 91 188 191 94 253 53 250 206 49 39 203 149 221 30
    220 79 140 144 45 128 111 205 146 32 43 212 202 157 108 50 36 152
    183 75 129 146 195 118 230 54 119 148 252 244 167 172 205 69 73 172
    119 118 187 125 244 73 125 126 18 252 118 113 29 128 55 101 129 148
    224 119 247 131 25 110 40 235 15 97 71 162 43 252 12 64 14 207 248
    217 207 240 88 126 58 118 233 242 81 126 162 136 32 146 175 166 120
    84 189 226 240 15 59 190 132 253 103 141 186 68 14 185 40 94 8 98 63
    202 8 176 169 164 31 115 203 227 52 164 197 143 192 4 234 177 213
    127 165 41 88 31 216 26 30 229 154 191 27 145 17 239 65 155 63 185
    236 105 89 234 241 227 43 32 178 191 108 174 5 207 97 154 36 143 64
    78 193 125 113 181 94 119 113 48 159 226 172 229 131 65 127 208 14
    146 67 65 254 5 192 249 74 20 157 204 146 69 97 93 45 3 13 153 56
    225 92 189 173 244 235 145 14 83 10 121 25 95 120 70 206 90 1 98 15
    69 51 135 205 19 112 1 213 49 151 96 164 63 253 218 65 75 135 100 60
    162 189 144 111 127 101 107 42 115 235 226 158 168 54 90 120 247 69
    20 100 92 114 87 180 20 119 84 130 219 192 38 30 31 82 95 70 62 52
    89 247 168 200 47 88 209 119 170 253 109 161 241 30 107 104 172 238
    255 50 116 119 225 184 117 22 1 97 77 82 205 199 143 16 221 107 36
    83 251 16 149 8 109 153 200 161 182 173 142 57 42 164 141 237 168 35
    74 92 91 101 99 179 12 211 247 228 132 151 52 6 46 189 42 156 236
    169 42 197 107 249 228 59 146 69 237 171 217 211 46 66 199 158 224
    178 33 233 83 245 149 194 3 13 58 65 246 30 187 215 188 186 18 248
    216 175 104 212 235 247 206 62 120 146 196 246 23 46 194 48 162 57
    93 142 161 21 20 235 35 171 210 199 53 226 251 47 3 229 33 13 207
    255 39 17 93 33 42 172 237 67 18 99 141 191 65 229 34 60 106 125 196
    244 21 150 147 83 93 240 83 139 174 5 42 119 53 83 196 100 4 246 113
    33 16 76 74 45 240 214 175 216 221 101 248 7 245 112 155 90 119 196
    198 210 97 182 227 18 147 97 176 114 197 238 29 46 255 198 51 106
    122 205 115 89 95 169 254 110 223 175 145 222 102 75 55 196 81 162
    63 66 186 208 118 90 205 33 96 73 115 25 0 76 72 195 76 244 228 98
    239 82 125 227 154 243 174 170 53 206 137 82 38 76 175 64 24 155 175
    46 223 44 120 101 60 171 50 176 164 111 92 32 237 126 1 7 174 43 217
    205 213 45 253 92 183 131 165 241 212 52 156 126 25 57 8 165 148 146
    84 96 247 201 113 138 186 48 191 194 123 88 86 63 103 117 181 136
    126 191 65 109 51 216 50 102 243 233 23 174 252 171 79 106 184 113
    117 18 137 26 240 198 143 92 65 241 87 198 115 195 124 114 149 105
    24 250 40 245 120 248 155 158 229 130 114 214 101 10 65 81 229 126
    94 138 117 164 233 83 73 121 178 248 33 22 54 158 235 25 245 115 35
    118 217 242 167 77 61 0 112 105 4 135 200 224 189 109 70 212 125 75
    173 122 166 19 146 72 185 55 30 112 73 51 161 69 165 68 209 210 188
    228 216 41 231 144 160 185 45 120 188 241 117 155 234 50 229 192 125
    59 251 249 60 118 162 98 131 25 63 217 204 118 55 114 66 115 250 151
    128 9 91 134 22 32 27 94 114 56 43 226 158 222 211 59 253 170 145
    249 212 148 23 123 83 181 168 223 216 128 128 121 36 97 227 62 219
    73 33 161 242 107 189 188 135 242 242 60 123 234 134 131 31 44 82
    103 115 250 113 51 110 113 204 132 223 31 207 235 72 107 18 176 227
    18 152 11 115 246 216 123 179 74 83 215 11 253 73 225 152 36 66 40
    113 171 155 66 184 112 58 157 89 219 190 251 225 135 166 111 165 139
    139 31 66 60 84 212 103 223 108 193 69 188 228 56 190 102 74 150 28
    42 145 52 20 195 149 63 163 255 47 251 205 216 129 110 165 112 241
    109 46 92 194 165 223 129 44 77 248 163 148 216 79 137 21 214 76 137
    103 213 28 160 113 153 36 57 48 69 215 56 163 222 99 54 92 89 59 168
    228 72 66 216 41 43 6 136 49 77 187 219 222 158 33 255 141 233 117
    245 99 100 7 57 26 54 128 160 38 115 161 145 138 35 212 225 3 56 54
    216 30 198 129 245 108 102 187 105 16 70 148 92 223 165 90 25 228 71
    87 63 182 18 232 227 188 89 131 206 192 117 26 239 166 58 20 85 146
    82 47 76 106 89 54 91 64 49 170 143 200 232 228 228 252 225 126 11
    61 182 83 31 251 120 231 148 17 165 249 96 111 33 42 252 50 22 238
    68 68 116 183 158 107 141 180 228 92 236 251 208 129 89 170 190 220
    45 171 28 253 26 116 115 135 210 8 65 168 126 240 250 215 144 200
    248 92 234 24 40 132 161 126 241 214 107 198 45 107 112 76 73 48 83
    46 235 242 2 223 89 109 207 118 206 195 140 212 253 172 32 240 112
    151 140 124 230 86 121 233 121 96 185 182 24 235 186 171 181 74 80
    202 65 131 25 85 241 35 240 57 197 99 28 196 6 16 91 65 190 1 103 68
    164 241 212 62 232 149 116 103 221 107 140 1 146 60 232 100 90 62
    237 25 98 52 97 172 165 49 80 64 205 152 24 61 184 219 221 86 231
    177 41 190 20 183 130 113 244 92 59 34 249 185 98 249 160 138 63 9
    48 174 76 254 98 54 35 253 210 69 31 202 124 186 95 145 96 148 95
    123 53 167 181 216 15 43 112 172 28 30 223 15 32 93 119 23 120 22
    241 13 91 186 100 165 11 122 234 123 188 141 114 213 55 18 183 28 57
    206 182 125 9 143 195 174 192 73 19 217 205 217 254 191 46 56 34 18
    202 104 144 14 193 217 117 245 57 165 110 198 35 113 69 89 109 70
    128 215 124 71 163 73 2 95 131 141 0 229 197 237 29 64 132 181 170
    77 171 1 134 70 84 140 25 71 83 209 13 185 250 160 220 194 138 44
    216 111 5 23 151 90 208 241 125 230 167 174 119 15 242 123 211 133
    22 51 191 2 192 131 105 112 27 77 252 160 36 129 83 106 121 62 44
    182 132 116 197 56 11 145 233 208 220 66 249 12 104 175 81 69 50 193
    50 67 204 45 56 127 157 124 69 216 138 129 232 143 225 74 220 235 44
    207 123 88 184 234 127 214 150 44 218 49 181 199 174 106 62 127 241
    111 44 174 89 139 185 124 61 9 240 203 74 148 232 161 207 112 103 56
    158 219 156 28 188 218 162 25 197 73 246 10 151 45 125 196 54 123 79
    160 24 157 148 96 225 27 235 194 233 251 253 186 96 248 177 249 162
    44 245 104 87 160 214 199 148 104 148 241 61 184 114 178 173 95 1
    175 130 245 171 46 207 134 91 87 76 117 232 176 226 68 219 160 27 22
    95 163 250 140 228 91 201 192 100 121 56 108 16 55 181 139 253 215
    64 255 222 107 204 210 158 21 219 220 135 44 55 136 147 222 195 59
    40 184 253 198 129 53 237 47 221 9 171 126 98 131 91 203 122 22 85
    21 61 16 61 58 90 239 92 15 206 186 208 217 187 203 252 209 231 105
    230 20 215 91 110 143 200 30 1 62 110 248 64 185 97 174 206 75 29 34
    6 121 65 138 20 224 234 113 159 37 210 82 41 179 90 57 206 240 58
    112 30 35 189 55 96 220 46 115 225 194 186 16 95 138 185 61 239 53
    92 79 236 142 33 204 220 211 157 12 72 104 47 144 198 239 33 109 52
    144 152 192 226 163 89 204 148 72 66 165 169 129 61 25 41 141 99 6
    29 52 11 77 218 69 236 72 144 246 153 227 166 67 132 226 72 88 227
    81 136 130 101 115 119 53 82 242 185 4 19 34 0 94 20 252 112 136 48
    252 248 201 170 166 95 65 92 119 225 2 226 22 0 13 15 109 67 31 206
    93 27 183 98 99 91 128 70 161 174 113 41 175 226 245 202 4 236 133
    125 201 56 77 107 3 196 41 57 165 49 57 239 185 92 120 189 241 205
    16 228 41 194 86 70 122 48 185 169 108 137 54 161 106 143 111 121 15
    88 60 122 244 97 220 197 250 232 17 230 112 68 48 47 125 77 4 185 81
    207 167 59 222 102 19 106 227 52 5 64 85 233 97 214 154 225 14 63 23
    77 157 188 130 239 195 176 112 183 43 69 1 15 159 235 67 115 86 163
    115 215 236 249 158 20 67 102 221 58 213 4 174 17 165 157 42 190 202
    236 96 157 170 188 121 79 197 249 41 229 43 141 199 203 161 140 49
    101 254 134 140 118 128 142 84 164 56 142 222 162 158 208 211 76 186
    45 197 238 54 239 168 79 78 93 239 134 45 48 224 169 65 148 79 75 26
    44 43 208 91 132 43 39 112 186 36 224 117 115 20 125 239 213 152 102
    156 144 207 195 165 112 233 4 95 197 42 198 47 207 35 231 58 197 64
    37 54 14 55 26 135 104 15 68 187 29 171 56 176 65 51 30 182 109 171
    225 10 205 50 137 42 211 146 1 219 172 198 3 221 17 7 174 112 144 59
    9 191 228 128 25 158 201 115 51 91 40 27 144 69 173 244 105 57 113
    73 202 73 187 109 201 222 199 214 224 9 214 164 218 208 148 116 135
    160 18 80 83 130 20 15 81 15 70 77 76 134 55 104 241 163 189 130 127
    50 45 167 7 44 84 246 253 154 38 108 140 109 147 82 245 152 115 59
    236 252 8 83 216 217 227 207 202 78 210 104 109 102 253 73 229 215
    250 20 40 203 100 20 143 154 176 153 22 8 163 241 129 246 241 94 122
    72 216 211 216 235 145 76 213 184 125 131 84 233 14 224 37 243 254
    207 213 186 93 63 20 39 7 213 91 192 194 81 150 97 247 206 195 186
    153 99 26 154 234 253 78 169 189 33 77 235 77 218 192 14 181 73 20
    93 184 90 37 5 152 102 21 147 1 64 232 137 152 9 179 122 115 75 215
    41 81 62 223 84 109 175 83 156 102 73 60 142 0 23 111 86 248 132 41
    137 191 30 228 182 142 63 208 122 58 172 2 58 153 78 19 86 236 48 14
    156 105 49 5 147 92 236 122 56 158 62 106 151 63 157 4 176 216 235
    82 246 0 204 73 165 45 74 163 33 126 183 107 239 250 104 203 90 168
    105 60 35 114 161 155 213 78 164 188 212 98 61 62 17 186 183 148 151
    184 171 90 230 105 119 56 37 227 36 154 68 216 36 62 106 165 72 91
    194 136 39 74 4 88 177 31 15 165 219 162 193 229 213 146 127 183 160
    148 251 217 19 51 16 116 122 237 36 23 143 227 217 64 175 177 37 106
    254 192 35 58 101 144 120 14 51 187 200 201 36 106 209 9 56 125 194
    32 89 217 82 152 81 110 245 209 9 156 228 78 217 82 22 103 107 39
    209 144 208 17 182 73 207 155 158 184 170 196 222 179 9 202 158 245
    71 183 248 30 153 66 63 53 184 97 233 68 223 112 210 113 120 204 146
    229 218 112 182 188 137 196 9 193 149 31 25 30 77 29 14 189 110 182
    4 195 75 38 34 157 68 90 182 41 243 207 35 213 243 19 17 234 54 56
    222 222 49 148 175 172 71 50 88 109 90 69 209 47 59 7 45 119 125 171
    113 47 19 43 22 143 51 229 52 89 136 148 1 75 225 185 121 46 22 96
    190 226 221 176 19 157 73 241 109 58 206 159 227 125 116 225 11 14
    16 89 70 122 100 167 191 115 205 162 102 43 29 246 168 123 229 0 0
    255 201 228 157 126 95 207 98 254 48 38 55 177 127 195 106 28 23 14
    224 53 142 232 106 155 45 100 76 105 123 93 130 125 99 75 159 224 16
    153 114 79 194 25 109 112 204 183 1 41 68 153 94 140 255 25 119 208
    5 7 148 41 87 52 225 58 183 98 196 181 13 95 250 215 201 254 255 238
    26 181 110 146 77 77 133 49 89 77 12 168 83 214 80 195 54 255 108
    173 49 134 164 200 17 185 141 156 198 221 218 177 118 74 218 145 31
    155 212 108 126 161 91 58 159 241 146 238 200 36 230 219 87 52 200
    75 190 22 182 96 183 19 39 36 104 226 247 5 196 222 227 178 76 29 18
    212 14 148 54 205 110 65 123 236 140 199 47 88 173 228 206 140 242
    244 154 182 95 114 224 78 200 136 115 191 92 166 29 222 153 103 201
    238 93 239 248 196 240 140 187 221 185 62 230 30 179 149 203 189 95
    197 219 129 66 170 86 98 27 59 101 175 93 14 209 18 169 5 177 223 62
    194 240 96 2 113 178 154 1 109 43 42 71 208 27 210 95 26 255 40 156
    188 73 146 72 250 246 236 68 70 3 170 146 249 210 248 90 122 140 206
    120 147 61 162 178 101 66 121 188 161 13 126 29 94 238 148 239 78 20
    187 201 77 142 174 177 195 132 107 210 43 177 212 12 41 207 115 206
    138 43 43 153 114 96 175 220 131 153 187 49 22 50 239 2 252 131 90
    113 93 14 112 12 159 71 189 224 131 235 71 174 6 223 14 86 131 219
    78 120 32 243 168 114 218 13 41 26 251 231 203 237 114 96 208 124 92
    68 22 136 152 4 251 88 74 58 244 113 138 25 148 68 12 45 32 91 48
    218 33 249 175 209 224 92 235 88 134 165 146 36 136 79 241 5 231 209
    29 3 193 197 242 28 109 5 122 169 198 183 194 216 149 235 190 114
    161 32 109 116 227 230 197 46 96 89 200 134 56 234 94 234 55 68 196
    66 20 234 218 118 255 138 189 136 148 139 42 84 251 41 169 251 13
    195 58 14 43 214 246 211 154 113 216 38 61 153 212 42 187 223 62 215
    164 157 135 25 228 200 88 237 223 183 5 4 255 50 94 140 13 36 14 130
    101 114 207 139 170 109 80 44 154 155 246 9 49 133 173 103 50 133 1
    112 203 78 105 146 171 201 39 234 145 70 154 95 105 90 16 30 107 67
    38 212 107 76 13 114 251 245 32 221 59 204 199 129 66 122 188 150
    206 252 187 74 47 115 249 246 234 74 83 70 169 57 78 4 226 181 35
    152 154 89 134 119 220 81 84 112 179 5 255 183 128 241 36 11 119 139
    194 217 1 4 160 98 68 237 53 131 18 0 60 158 150 177 9 86 233 63 105
    185 207 75 153 183 161 225 10 88 124 10 87 214 41 180 88 18 26 73 19
    227 121 98 54 147 35 140 46 24 26 37 97 229 149 149 253 239 104 94
    218 118 57 253 90 251 103 232 194 253 247 74 148 54 238 24 165 43
    136 47 150 116 250 49 10 63 224 253 77 85 16 7 123 53 195 35 50 58
    109 59 163 146 193 116 157 74 2 163 254 15 205 38 213 110 198 110 74
    246 167 212 242 229 111 250 166 239 16 227 171 247 10 40 219 110 122
    69 173 143 96 166 40 83 72 14 225 116 42 95 172 45 20 236 53 254 15
    64 157 109 231 123 30 90 48 166 63 255 69 230 244 82 26 138 29 109
    116 60 103 44 205 218 196 82 40 212 207 247 253 243 68 83 109 16 158
    254 206 53 25 6 93 239 100 193 82 63 79 156 190 217 76 129 189 116
    138 2 66 29 115 244 185 108 132 54 120 213 202 61 178 135 223 215
    146 238 238 219 224 32 182 32 168 41 140 247 226 33 166 255 113 204
    66 114 7 237 98 11 249 247 12 63 25 162 184 195 200 44 49 101 0 107
    64 123 162 223 5 113 133 78 25 32 3 45 175 162 212 97 29 52 239 201
    232 118 128 174 137 23 234 69 171 142 45 110 35 202 212 243 105 216
    239 225 158 146 88 122 65 31 35 8 181 116 24 6 36 152 133 202 215 16
    211 233 2 94 14 243 203 207 38 2 146 184 134 206 99 205 167 8 185
    244 157 118 215 205 186 49 60 147 213 145 246 59 69 214 56 124 217
    195 53 162 24 99 179 3 167 102 136 196 25 74 182 123 5 93 130 134
    179 202 66 223 57 188 123 89 103 97 38 187 111 169 73 62 139 16 51
    219 203 46 0 70 83 19 159 206 179 92 254 3 204 27 51 134 234 96 210
    124 144 4 107 71 147 147 108 69 33 248 189 177 212 211 209 179 43 77
    165 88 24 112 65 183 171 190 197 162 69 88 63 26 11 0 111 180 175 30
    131 189 255 20 6 224 69 97 226 4 52 216 173 93 221 17 239 124 26 197
    121 45 125 73 135 8 99 111 144 0 167 206 89 58 49 183 17 166 200 141
    45 28 227 41 222 252 84 135 16 29 92 154 220 41 2 209 34 43 25 3 70
    174 181 50 234 6 185 243 75 82 169 167 115 207 60 220 191 30 124 54
    153 129 79 143 99 246 181 169 108 106 185 20 88 56 140 248 46 252 4
    33 11 5 15 200 187 116 67 165 72 246 203 46 111 187 47 176 56 108 11
    45 172 191 237 185 203 56 107 43 13 20 104 127 182 110 31 235 111 20
    97 97 73 100 3 204 54 78 79 12 6 189 119 123 72 148 48 129 41 52 176
    138 47 241 107 154 98 162 138 47 200 11 19 244 161 224 158 186 208
    235 96 231 8 197 34 194 31 249 228 36 192 120 43 16 118 235 107 76
    138 242 253 9 158 79 200 66 126 178 47 196 46 73 168 89 89 110 112
    229 120 244 232 39 5 175 169 237 203 83 62 248 46 1 67 250 89 174 30
    123 238 26 53 191 97 76 115 169 235 72 84 178 26 97 164 205 99 167
    76 92 242 251 128 32 47 138 135 240 57 147 209 120 128 167 100 32
    241 251 93 222 251 145 210 159 7 224 20 153 88 5 40 146 211 93 187
    84 208 56 66 209 232 37 233 149 90 42 200 227 156 112 183 123 129 9
    253 120 35 153 70 91 167 154 234 234 143 157 148 22 6 229 186 140 46
    212 61 8 26 250 65 139 248 194 175 184 21 235 85 241 102 77 135 140
    59 117 88 150 243 67 149 158 254 139 179 157 213 143 112 181 34 249
    92 244 143 217 73 111 90 95 44 231 129 160 172 67 196 97 187 190 207
    154 252 26 179 217 161 23 146 30 187 152 146 76 250 96 116 138 108
    113 211 193 94 56 246 102 146 97 129 232 188 74 143 244 167 135 58
    93 205 63 255 93 229 141 127 7 239 165 92 189 22 85 224 158 170 120
    181 237 189 29 167 114 230 232 12 107 71 83 90 188 252 184 3 248 157
    209 88 125 52 235 171 220 114 96 5 214 252 9 141 114 102 11 237 104
    175 226 217 209 206 37 253 43 116 45 179 70 121 195 199 199 52 131
    187 165 216 56 151 104 206 112 194 110 203 118 86 61 233 238 173 36
    49 99 1 113 90 103 10 248 170 42 27 195 72 231 236 64 80 129 156 142
    153 144 196 169 239 189 138 253 119 77 80 121 225 58 62 25 136 36 54
    248 110 142 48 120 9 3 190 6 200 101 92 170 31 16 186 53 117 79 85
    178 195 230 243 14 148 57 176 70 36 119 18 131 230 203 51 185 167 64
    148 192 114 36 124 63 19 208 190 159 41 117 40 226 238 213 226 162
    63 150 120 38 140 79 69 194 148 151 58 189 14 103 183 118 4 14 246
    51 14 41 35 245 199 63 21 9 9 53 46 250 225 98 86 114 83 149 150 31
    135 237 237 13 54 47 1 233 39 171 25 139 177 155 188 36 218 214 5
    175 248 129 150 75 249 249 228 13 235 147 48 29 17 235 103 9 53 11
    116 251 0 239 7 214 177 3 147 50 52 70 71 4 91 203 197 146 194 61
    233 112 9 100 16 77 67 76 8 29 96 217 8 79 231 215 47 29 92 232 217
    218 208 58 80 60 132 5 74 47 54 235 254 238 246 124 16 75 170 36 68
    71 204 187 119 33 212 226 156 184 159 31 121 52 251 106 28 103 140
    147 34 179 253 246 217 177 161 86 0 203 1 214 153 5 149 86 222 28 42
    107 68 200 102 247 113 115 29 250 109 9 131 32 191 127 137 81 187
    215 41 101 113 34 38 176 214 160 183 244 65 153 217 33 55 155 17 21
    67 131 18 61 119 79 103 213 253 45 70 91 217 142 186 236 156 21 113
    28 249 131 185 46 127 10 36 95 138 207 7 114 60 242 200 152 111 119
    222 216 143 22 90 1 240 100 188 203 236 92 196 40 47 217 63 203 243
    250 148 195 59 244 194 47 190 27 62 66 122 63 58 173 141 58 21 90 90
    34 39 99 80 4 81 253 100 145 171 41 6 143 46 151 109 110 3 20 194 0
    68 115 36 85 25 0 120 170 140 16 113 161 11 63 147 95 190 56 100 117
    181 0 76 187 30 46 159 171 5 104 15 98 113 178 123 225 233 223 188
    101 164 131 246 176 41 186 141 230 65 193 56 4 245 17 133 131 99 121
    135 96 228 128 34 112 47 89 232 174 146 217 222 150 242 90 98 183
    111 97 222 150 151 107 131 24 98 98 51 28 226 31 241 54 177 103 182
    72 101 177 15 147 106 178 148 150 191 147 127 137 38 248 36 171 52 6
    24 98 188 138 24 172 55 175 255 217 42 128 42 114 164 235 244 242 49
    17 195 128 117 11 237 21 12 140 88 45 99 45 213 47 223 16 55 142 165
    65 240 54 92 238 72 152 145 61 241 36 112 214 150 238 173 137 52 16
    235 122 59 84 193 150 103 66 215 0 134 10 160 248 220 248 28 2 92
    102 155 152 160 42 88 97 177 222 73 247 144 169 245 221 52 26 104
    214 159 19 60 76 42 49 250 225 237 60 12 168 225 91 127 189 214 16
    214 222 5 183 75 169 101 162 13 159 96 171 91 239 245 104 183 147
    192 234 39 199 118 172 213 139 229 89 52 154 179 176 195 195 158 5
    144 204 62 94 132 223 114 212 61 243 204 245 95 250 24 158 225 236
    136 105 166 155 162 239 124 13 188 194 90 87 116 174 50 156 79 58
    179 86 253 153 117 43 5 243 122 126 32 29 40 77 221 239 90 44 146
    204 132 80 156 135 61 115 26 54 81 25 29 79 62 85 83 63 183 21 50 10
    188 6 204 161 166 2 186 10 208 2 10 110 158 102 17 103 238 13 244
    124 221 245 111 164 135 111 2 203 159 189 231 184 100 133 95 78 43
    42 59 103 187 55 51 62 167 94 173 127 46 76 202 87 141 84 126 116 14
    139 118 35 157 18 209 115 188 15 100 47 162 136 145 251 135 167 88
    217 198 6 108 188 238 136 84 112 87 177 138 13 80 71 86 131 75 111
    196 152 14 116 135 121 206 17 194 212 211 171 2 196 143 254 202 47
    136 93 163 73 93 187 93 0 239 198 105 190 13 23 60 213 235 139 27
    142 203 90 203 25 60 236 208 47 83 209 75 5 2 130 180 160 145 156
    244 8 52 217 159 141 94 199 184 53 55 15 201 55 139 43 94 41 59 11
    210 157 170 185 46 120 68 141 128 189 131 214 237 53 235 126 63 127
    98 152 176 158 162 222 86 105 205 182 61 9 209 167 179 52 4 116 79
    86 84 43 15 185 157 132 183 117 111 105 139 255 130 249 175 209 99
    89 41 141 2 44 226 51 118 128 59 203 249 153 90 18 113 69 112 162
    249 185 216 99 120 138 46 80 208 125 184 213 189 74 205 117 89 167
    174 73 250 255 172 68 95 30 185 11 213 133 243 207 213 213 13 159 89
    32 78 81 145 119 179 43 175 143 198 79 189 247 195 245 77 224 84 191
    79 60 84 5 74 129 151 225 27 151 75 237 220 248 202 178 98 200 106
    190 8 160 40 169 97 240 23 44 67 36 205 190 111 111 72 200 195 64 67
    131 225 179 224 188 220 176 255 1 57 111 174 82 66 149 202 72 61 207
    13 43 254 245 71 100 189 223 50 130 49 95 68 75 141 48 204 196 171
    75 112 122 25 159 145 59 73 252 24 122 220 231 68 118 97 146 229 233
    29 68 34 91 236 47 161 141 229 229 71 161 212 193 104 15 21 36 158
    204 85 212 61 110 90 7 222 150 20 73 145 43 233 8 40 209 129 252 152
    186 112 82 49 90 212 240 80 23 45 129 237 49 0 162 234 68 231 197 58
    124 93 109 129 83 224 238 179 202 218 3 130 154 160 244 199 55 193
    163 157 74 79 141 18 91 98 66 43 82 133 3 203 142 240 210 179 27 253
    19 33 147 51 175 37 168 106 10 115 56 49 138 169 148 39 197 220 15
    162 213 159 219 201 202 27 246 27 223 241 208 142 4 7 177 10 36 153
    26 5 232 11 125 22 240 54 136 239 97 170 111 35 51 111 102 95 61 4
    235 62 57 156 87 215 130 101 224 49 74 110 168 100 45 136 232 24 7
    109 49 98 14 102 248 167 81 152 213 171 36 128 16 231 1 101 176 119
    161 135 67 151 218 19 198 210 11 244 190 122 243 220 238 38 100 251
    154 35 204 135 162 54 107 38 152 42 222 219 28 210 207 97 23 179 120
    218 109 111 123 239 249 134 151 238 178 112 159 66 78 27 251 85 60
    47 43 0 219 152 24 200 1 138 33 26 149 38 246 173 224 22 139 236 0
    13 25 81 231 209 98 243 40 225 133 119 98 66 41 134 35 200 77 236
    187 138 37 250 191 152 72 123 223 34 123 117 63 116 185 73 255 71
    160 174 188 86 89 213 23 154 162 3 115 73 125 8 49 195 31 71 47 12 4
    153 66 8 104 87 147 167 225 49 41 209 141 48 197 250 226 30 1 99 104
    185 199 201 143 15 26 223 105 90 229 234 230 159 27 175 227 137 76
    147 80 74 251 218 134 117 20 20 201 17 147 66 130 55 143 165 65 102
    156 179 155 221 49 66 23 149 246 61 118 106 35 0 178 2 174 114 219
    72 199 223 90 129 15 84 182 82 199 37 194 114 19 139 95 244 131 70
    121 143 230 122 55 176 165 193 108 240 84 192 158 157 167 226 100 42
    228 64 137 211 180 239 172 88 130 80 225 129 40 232 234 74 64 248
    190 36 50 144 220 169 168 17 81 254 62 99 14 6 222 91 208 63 179 224
    43 195 243 165 138 137 121 73 167 249 210 8 26 68 34 110 51 72 161
    136 1 2 146 76 136 137 55 111 207 94 19 181 3 24 54 217 200 178 186
    231 107 131 72 210 248 192 178 33 51 194 141 250 245 209 221 238 132
    80 30 19 142 57 112 16 104 67 32 215 203 163 220 71 101 108 135 233
    184 212 191 72 222 122 126 130 25 128 162 149 157 130 148 236 27 74
    13 122 169 200 60 50 226 73 235 7 157 155 24 156 172 176 116 8 234
    231 147 38 72 176 63 127 205 144 201 224 174 35 183 112 164 155 192
    107 166 211 95 76 89 187 238 88 164 122 189 104 14 129 109 194 129
    242 50 169 58 149 14 178 48 130 160 37 234 220 23 193 81 238 111 247
    191 143 182 204 154 45 171 240 101 225 187 200 91 72 189 184 205 186
    108 35 40 175 20 178 253 105 189 241 140 28 86 139 72 155 70 79 145
    212 164 228 35 104 51 193 79 229 156 211 93 37 153 162 65 208 133
    170 84 228 110 62 238 65 169 136 239 127 56 209 186 58 5 142 12 195
    146 0 152 125 213 240 58 1 223 32 165 237 255 236 59 68 97 174 49 24
    135 69 106 76 202 10 185 16 246 104 54 216 17 162 120 177 97 38 60
    193 35 209 40 229 27 210 119 215 91 238 203 123 241 237 122 84 103
    180 44 85 119 226 199 28 94 67 68 194 98 191 194 188 11 155 30 117
    201 181 231 239 228 122 99 224 216 215 40 67 200 228 208 162 242 121
    250 114 123 7 98 107 16 250 124 137 138 130 167 37 150 148 79 149 28
    105 255 160 98 255 77 158 203 42 12 190 197 238 125 234 171 90 7 47
    179 186 210 137 213 72 22 104 93 124 26 121 241 46 243 16 67 173 101
    47 127 117 230 199 42 240 167 14 132 96 158 16 209 34 53 148 17 186
    22 112 206 3 191 252 65 149 82 170 3 152 8 63 237 69 6 191 5 81 188
    237 97 121 40 158 152 140 237 145 172 164 108 3 214 52 195 217 242
    234 10 83 236 201 1 140 163 74 195 202 149 89 95 63 161 131 168 129
    14 119 143 213 177 106 210 44 45 122 33 168 61 29 24 88 6 203 76 177
    147 108 106 187 233 97 64 70 251 110 117 42 174 42 102 206 162 59
    125 204 170 14 248 207 87 68 126 31 28 29 113 242 142 21 27 159 96
    93 112 121 218 103 105 199 155 72 176 193 191 67 123 132 29 62 215
    71 90 219 8 237 115 173 252 31 223 132 26 244 76 33 81 164 166 210
    117 137 71 180 65 53 4 173 13 40 147 36 18 130 54 113 222 167 83 22
    228 62 154 6 193 50 27 88 250 173 150 113 182 163 32 11 173 223 133
    22 177 3 24 85 66 220 195 18 252 117 150 240 173 114 183 208 40 182
    99 210 140 250 147 37 222 157 36 198 88 173 141 244 9 86 94 0 194
    164 81 80 73 240 0 50 160 152 207 120 154 32 255 191 178 217 159 212
    153 8 107 220 119 1 88 36 152 87 8 238 19 117 217 119 189 240 68 229
    174 212 133 104 173 38 159 155 42 241 26 34 123 95 143 96 66 215 221
    255 182 187 201 15 57 250 96 27 212 39 228 109 36 68 9 206 177 146
    10 80 111 131 163 223 107 30 38 38 68 88 115 56 68 30 94 141 99 50
    219 116 10 111 127 44 91 124 178 121 179 132 155 180 119 114 116 184
    88 222 60 95 88 50 227 236 168 139 90 29 228 44 154 45 215 232 244
    111 120 227 189 214 213 68 123 121 125 47 23 131 230 176 213 83 105
    198 122 193 126 32 169 230 50 215 204 52 74 178 51 140 51 24 97 59
    172 118 168 194 7 234 97 206 0 63 208 9 168 106 161 51 164 77 105
    121 109 156 144 164 91 86 179 230 88 103 96 101 123 236 25 204 221
    75 10 188 16 20 12 221 102 129 131 116 233 238 161 230 229 174 10
    150 119 94 14 192 193 53 224 39 228 53 72 48 150 90 112 25 132 116
    39 59 103 189 192 54 126 25 124 74 5 255 206 113 63 143 42 97 123
    170 236 247 163 131 170 175 173 213 24 11 53 238 133 225 121 155 39
    156 178 115 36 192 186 99 101 26 167 182 159 178 76 121 145 146 82
    20 130 34 55 185 63 165 50 16 29 23 254 157 242 48 181 70 127 196
    196 233 82 211 126 225 107 119 139 46 89 189 160 166 126 114 138 169
    95 44 70 8 74 146 175 13 89 92 170 38 178 127 138 99 76 111 23 117
    68 142 47 7 139 140 39 0 188 23 18 146 73 251 76 171 206 189 203 146
    178 17 43 114 194 63 174 118 125 129 234 20 114 150 21 234 178 81 92
    8 146 230 255 116 205 248 50 190 156 222 28 104 63 127 11 220 127 20
    31 200 48 137 198 190 205 148 174 63 147 168 207 239 126 83 59 206
    27 137 41 132 83 85 70 231 106 100 84 35 149 80 124 74 137 69 242 74
    211 145 76 187 56 141 252 128 194 185 226 106 112 224 131 254 121 47
    40 20 18 108 131 49 98 26 231 221 4 129 92 168 111 105 172 208 56 88
    22 241 124 203 31 207 19 62 60 128 211 219 226 197 208 75 38 115 119
    42 229 54 17 74 82 239 111 16 70 19 237 138 123 84 225 185 144 238
    117 223 212 81 141 63 221 193 7 126 69 173 73 247 42 44 20 29 76 146
    0 110 248 216 127 65 28 44 154 15 22 159 124 117 145 240 238 77 230
    73 250 143 252 153 135 181 186 149 122 24 10 23 127 21 20 149 18 112
    177 255 36 181 67 48 144 51 129 125 113 62 58 61 183 96 239 57 169
    33 41 38 158 233 100 158 170 133 44 233 17 241 220 129 81 219 38 49
    80 21 50 225 42 149 140 24 188 88 227 146 241 111 68 182 38 47 182
    40 73 247 114 38 29 118 144 176 219 184 189 17 214 147 2 97 254 183
    35 140 77 238 32 255 65 99 73 120 51 22 166 112 190 119 68 244 97
    241 249 249 35 192 217 183 108 17 212 134 17 234 225 226 228 138 69
    207 7 161 140 231 32 176 123 159 111 210 90 72 25 117 229 222 45 36
    144 192 229 74 215 154 246 204 117 79 13 11 142 255 203 64 19 135
    117 234 148 74 86 128 67 14 254 255 192 214 96 38 224 35 82 196 120
    87 108 104 155 1 247 126 218 208 172 109 250 47 73 46 13 32 74 133
    231 163 95 135 225 139 56 229 122 165 242 185 222 45 198 224 161 191
    109 121 116 99 251 41 41 33 148 42 14 20 105 252 152 61 152 39 224
    122 240 200 52 182 110 60 252 241 111 38 251 30 146 178 165 61 187
    104 128 252 235 48 81 175 236 180 198 229 106 101 208 161 52 88 67
    109 42 129 115 1 239 148 192 156 115 127 87 201 206 211 2 17 241 141
    245 52 225 177 73 126 54 244 100 96 108 21 35 178 239 68 181 201 163
    54 76 38 203 183 209 21 111 255 92 252 111 120 227 75 78 53 127 14
    15 102 94 186 124</data></test_img>
<my_img type_id="opencv-matrix">
  <rows>128</rows>
  <cols>256</cols>
  <dt>"3u"</dt>
  <data>
    134 0 255 255 0 255 0 0 0 0 255 244 255 255 255 255 155 255 111 0
    255 0 0 0 255 255 255 255 74 0 0 0 255 234 255 255 0 255 0 255 255
    255 255 199 183 0 129 0 59 0 167 255 0 255 255 0 0 255 0 255 255 196
    255 199 0 63 255 255 0 255 255 255 0 255 0 0 0 255 221 0 0 255 255
    90 0 255 255 0 0 255 0 184 0 255 255 255 255 0 255 0 255 0 0 255 255
    255 0 0 255 255 0 10 0 188 0 0 176 255 0 213 0 255 79 0 255 0 206 0
    255 0 0 255 255 86 0 255 0 255 0 92 0 0 255 255 0 189 255 255 0 254
    0 220 0 0 0 0 68 255 0 255 0 255 0 255 255 0 3 149 247 0 0 194 255
    255 100 0 255 255 255 0 0 0 255 0 255 0 255 0 0 11 0 0 0 0 0 255 255
    255 0 246 0 12 255 255 0 0 0 255 255 255 0 255 60 255 0 0 0 250 255
    153 171 0 0 0 255 255 0 255 255 255 0 0 171 0 0 0 255 255 0 0 84 255
    105 234 255 0 0 0 255 0 255 255 255 0 14 0 255 74 0 0 0 255 0 255 26
    255 0 0 159 0 0 0 255 255 255 0 255 0 255 255 255 0 76 0 0 0 195 255
    109 29 0 97 239 255 152 0 255 0 255 175 255 255 0 0 186 255 26 85 0
    255 255 0 0 255 0 206 255 81 213 0 0 0 0 0 0 35 0 255 0 76 26 255
    255 255 0 56 0 255 0 255 0 0 124 255 255 255 255 250 0 72 84 255 255
    0 255 0 0 255 51 244 39 255 255 171 0 255 255 255 0 0 0 255 34 105 0
    92 0 3 255 255 0 0 255 0 255 0 93 255 0 255 0 255 255 0 255 0 255 0
    0 72 255 255 255 0 0 0 255 255 66 78 0 255 0 255 0 196 0 255 0 175 0
    0 0 255 255 255 255 108 0 46 119 255 255 0 255 255 255 255 255 255
    171 255 255 253 0 255 255 0 143 0 255 255 0 0 0 255 255 255 255 0 0
    0 0 79 255 255 0 0 255 255 0 0 255 255 255 0 0 0 0 189 255 255 255
    255 255 0 0 255 0 255 255 255 70 0 0 0 255 232 255 88 165 0 0 30 0
    255 0 123 0 255 255 74 255 0 184 0 46 77 255 0 0 255 12 255 255 255
    255 255 0 255 163 255 255 0 255 138 255 0 95 109 0 1 255 255 0 0 141
    197 0 189 255 211 255 0 0 255 255 255 0 255 0 255 0 0 255 255 255 0
    95 255 255 255 0 0 0 255 0 0 0 255 0 255 0 255 255 0 255 0 255 76
    255 0 255 0 146 0 255 129 255 0 255 255 255 0 255 255 0 255 255 255
    0 0 0 255 255 180 255 0 158 0 0 0 225 92 0 0 255 0 217 255 255 255
    255 92 0 255 0 255 0 255 0 255 0 255 0 134 255 172 255 0 123 0 255
    255 143 0 0 0 68 228 240 0 0 255 255 255 0 0 255 255 0 0 111 255 218
    205 68 255 255 255 217 255 83 255 168 93 0 0 255 0 0 0 52 255 201 0
    0 136 255 128 0 223 0 255 255 14 255 0 0 255 255 255 82 255 0 39 0
    158 208 0 198 255 255 0 0 250 177 255 0 255 0 0 0 255 0 0 0 255 255
    226 255 255 194 0 0 255 255 255 0 0 255 0 0 255 0 0 120 159 255 29
    255 0 255 240 0 0 138 0 0 36 255 0 255 0 41 255 166 254 0 0 193 0 58
    0 255 255 0 0 0 255 0 0 215 255 255 0 0 0 255 163 77 0 0 0 0 0 255
    189 245 0 141 0 255 255 235 0 0 142 0 203 255 0 255 255 255 0 255 0
    0 0 0 0 173 165 255 196 0 255 201 255 255 255 255 0 255 126 255 255
    255 0 3 8 0 0 0 255 0 0 255 255 0 0 0 255 136 50 0 242 0 67 255 255
    0 0 0 233 0 255 255 21 195 0 255 255 255 0 255 0 0 255 255 255 0 0 0
    255 9 255 0 255 255 255 0 0 255 0 255 255 165 0 89 0 255 0 221 0 255
    226 77 128 0 0 220 255 143 0 255 0 0 0 255 0 139 0 162 255 255 4 186
    255 255 0 0 0 255 104 255 255 255 0 0 116 0 255 255 0 255 0 255 78
    255 0 255 174 255 125 29 0 0 255 255 189 152 255 0 255 0 255 255 103
    255 0 255 253 0 255 255 255 0 0 0 154 0 255 255 255 0 0 0 255 255 0
    48 255 255 85 0 0 161 0 0 0 255 0 37 255 255 0 0 0 83 74 255 255 36
    255 245 0 0 255 0 255 255 255 0 255 0 255 118 164 130 0 126 0 0 148
    0 0 0 255 255 201 148 255 0 0 135 0 230 0 255 154 255 0 233 255 247
    0 255 0 98 0 0 255 255 203 91 0 0 255 255 243 0 0 0 1 0 255 186 255
    255 253 255 0 206 0 255 55 188 255 36 0 255 0 0 0 255 255 0 0 0 255
    9 0 0 0 255 255 255 0 0 255 0 255 255 99 255 86 255 0 255 255 255 0
    0 4 150 255 255 255 0 255 255 0 255 0 0 255 255 0 0 0 255 174 255 0
    255 93 0 255 0 74 255 255 0 0 139 169 255 0 0 255 0 255 255 255 255
    0 255 0 255 0 0 221 255 0 255 255 245 255 255 28 0 0 0 255 255 255
    60 100 92 0 0 90 90 0 0 104 255 224 155 0 255 255 255 76 0 232 255
    255 62 255 0 255 0 38 67 255 255 255 255 0 0 0 255 255 0 0 0 255 59
    0 0 104 23 0 255 0 0 0 0 79 0 255 0 33 255 104 0 253 8 255 0 255 0
    255 96 255 0 0 255 0 255 255 176 222 0 255 0 222 0 255 255 255 0 0 0
    0 0 128 212 0 0 0 228 0 0 2 255 110 0 96 0 255 255 226 0 0 135 0 0
    73 239 0 0 255 255 0 0 255 0 255 0 0 0 255 255 255 0 183 0 255 0 0 0
    255 255 0 255 255 255 0 103 255 255 255 0 255 0 255 255 255 12 255 0
    255 0 255 105 255 0 255 0 240 0 255 0 255 0 255 0 255 255 255 255
    255 102 0 0 255 255 0 255 0 255 0 255 148 255 0 0 0 0 255 0 255 0
    142 223 0 255 255 255 255 0 0 0 167 255 255 0 0 255 255 0 255 0 255
    123 13 255 255 255 255 0 255 0 255 0 255 255 255 0 255 28 255 0 188
    255 255 255 0 0 34 212 0 240 255 108 0 0 0 255 255 255 0 0 255 255
    19 255 0 255 0 173 0 115 255 255 255 255 0 0 255 255 255 64 0 255
    255 28 0 0 255 8 50 255 255 255 0 0 0 6 8 255 85 87 255 255 255 137
    0 16 0 255 0 255 0 255 255 255 255 0 101 0 236 31 0 255 255 255 213
    212 255 0 255 255 255 0 0 0 136 0 255 255 255 255 255 45 255 0 255 0
    0 255 255 255 255 0 255 131 255 0 48 255 12 255 84 255 255 0 0 255
    255 255 0 0 0 255 222 255 0 255 179 0 0 255 255 255 33 255 255 0 0 0
    255 240 0 0 255 255 255 0 255 172 0 255 0 0 0 255 0 255 0 255 0 110
    0 255 0 41 0 255 255 174 0 0 255 0 0 255 255 255 31 255 255 0 137 0
    255 255 0 255 225 255 26 0 0 73 255 255 0 0 255 255 39 87 0 255 255
    0 255 245 255 209 0 0 0 255 30 255 208 255 90 112 65 94 0 0 255 255
    255 0 0 0 0 0 0 255 255 255 255 255 251 0 0 255 0 255 0 255 0 255 0
    0 243 255 0 255 30 255 132 0 0 0 255 0 255 0 234 150 255 0 255 0 255
    255 255 0 255 255 0 0 244 0 255 255 255 0 0 0 255 239 192 0 255 255
    255 0 255 255 72 173 0 0 0 0 0 255 255 198 0 0 0 37 168 12 255 255
    239 0 0 45 29 255 0 255 0 255 255 189 0 0 0 255 93 158 186 255 0 154
    0 255 255 0 255 255 255 0 0 0 102 0 0 173 255 255 255 0 255 0 255 0
    0 0 255 255 255 40 0 125 255 255 255 200 0 0 0 40 255 0 255 75 255 0
    255 0 0 0 255 0 255 169 0 255 0 227 255 255 0 23 144 0 0 51 255 255
    255 0 0 255 255 103 0 0 0 0 0 255 255 0 219 255 255 255 0 33 0 255
    255 0 255 255 255 0 0 69 255 0 255 255 255 255 255 255 0 255 0 0 0 0
    255 0 99 255 255 255 0 97 47 255 0 255 0 255 255 255 0 245 28 255 0
    0 0 255 0 255 255 255 255 54 140 255 0 255 0 255 11 0 49 0 153 255
    255 250 44 0 255 255 39 255 0 255 0 214 0 255 255 255 255 0 0 0 255
    255 0 0 255 255 255 67 0 255 0 0 0 0 255 0 255 255 255 255 255 255 0
    255 0 255 85 0 0 255 255 255 0 0 255 0 255 0 0 82 255 255 0 0 0 255
    6 0 255 255 0 244 0 255 0 17 255 255 0 101 255 255 227 0 10 255 99
    255 0 255 233 0 132 62 0 0 0 0 0 255 255 255 0 255 0 0 155 0 72 97
    255 0 255 255 0 0 255 0 0 173 255 0 255 255 255 0 0 175 255 255 0
    255 255 0 125 0 227 255 0 0 100 255 255 0 255 0 255 255 255 0 155 0
    255 255 0 0 0 255 255 0 0 175 0 255 0 140 255 255 0 255 30 237 255
    86 0 0 255 210 0 0 0 255 0 255 198 0 255 0 255 255 0 0 0 255 255 255
    0 0 255 222 0 0 255 255 255 65 0 10 0 255 79 255 0 255 255 0 0 0 255
    54 0 0 104 255 255 255 107 12 0 163 0 0 255 255 255 0 0 0 0 0 255
    255 95 0 0 90 255 0 104 139 255 115 167 0 255 0 255 97 255 255 136
    255 0 50 0 0 150 0 0 222 255 255 234 0 189 255 255 255 255 0 255 0 0
    255 255 192 128 0 255 0 255 255 255 0 255 255 37 24 0 255 0 29 0 64
    255 255 255 0 0 0 0 0 255 0 0 0 255 0 0 0 255 50 0 0 255 182 0 0 140
    161 255 0 0 79 0 255 255 255 0 255 0 0 209 255 255 210 0 198 255 255
    0 0 0 255 66 255 0 0 255 158 255 0 0 5 255 0 255 0 255 10 0 255 255
    255 0 0 0 0 255 0 255 0 255 0 0 0 255 255 255 0 154 0 255 255 0 0 0
    255 255 255 255 255 0 0 255 0 0 0 0 255 0 0 0 255 255 97 0 63 0 255
    0 0 255 47 139 0 255 255 255 101 64 0 255 0 255 0 255 255 0 0 21 255
    0 0 0 0 255 255 49 255 255 0 255 0 255 214 255 0 71 0 31 255 255 0 0
    0 255 255 255 0 255 0 255 0 0 255 0 255 0 191 0 0 0 255 255 90 0 255
    0 255 0 0 57 255 0 255 0 0 25 0 255 0 255 255 255 0 210 0 255 0 255
    255 255 0 0 0 0 0 255 255 0 140 255 255 20 0 46 0 0 255 255 0 0 0
    255 255 255 0 255 255 0 58 0 98 237 0 0 255 255 0 0 255 186 125 0
    255 255 70 255 224 176 0 100 16 255 255 0 0 255 0 0 0 231 255 0 255
    0 53 0 255 255 0 255 0 35 0 0 132 255 255 255 0 0 0 255 151 255 255
    0 0 255 255 0 108 125 222 0 0 255 0 255 0 0 0 0 0 0 69 0 174 175 255
    0 0 198 255 255 158 255 190 255 0 0 0 0 255 255 0 0 255 215 0 103
    255 8 0 0 0 255 0 0 0 255 255 255 40 0 255 39 255 0 57 255 255 162
    255 34 0 255 0 255 0 255 101 255 0 0 12 255 255 229 0 32 118 255 0 0
    107 255 255 255 255 0 0 0 55 0 255 255 255 255 246 105 0 255 146 0 0
    0 255 232 255 0 255 0 139 0 0 0 255 255 255 255 255 255 0 255 0 255
    255 0 0 86 129 255 0 255 0 255 255 255 0 237 238 255 0 255 0 222 229
    255 255 0 0 0 255 101 0 0 255 255 255 255 255 255 255 0 33 0 255 0
    255 0 0 0 0 255 172 255 0 94 0 0 255 0 255 0 255 0 195 0 255 0 0 0
    21 241 255 0 170 255 255 203 255 141 0 0 255 0 255 0 0 0 255 0 196 0
    255 255 255 255 38 0 0 12 0 0 255 255 0 255 0 255 66 0 255 0 255 255
    183 0 0 0 0 0 255 255 255 0 76 193 70 116 0 255 0 68 0 255 255 255 0
    255 255 255 255 255 225 0 255 255 255 255 165 255 0 170 0 255 255 0
    0 255 255 255 255 0 0 0 143 255 195 0 136 255 0 161 255 255 255 0 0
    0 255 255 0 255 0 0 0 110 255 0 255 0 255 189 255 174 255 255 56 0 0
    0 255 255 255 0 0 255 0 0 255 255 0 0 0 0 0 0 91 255 255 0 255 153
    255 0 255 0 255 60 255 0 255 255 255 0 0 0 255 0 255 0 255 28 255
    255 255 0 184 14 255 6 116 255 0 0 232 255 255 0 147 255 0 0 255 255
    255 0 0 0 27 255 0 129 13 221 255 0 0 0 255 196 255 255 255 0 0 216
    255 199 255 0 25 0 255 255 255 0 255 0 0 184 207 132 0 0 0 255 59 80
    0 0 255 0 255 0 154 0 255 0 255 47 245 0 0 0 255 255 255 43 0 255
    255 255 255 0 0 230 255 207 0 0 255 0 255 207 0 0 234 255 36 146 111
    56 255 255 0 255 255 93 255 55 255 0 255 0 255 216 255 137 0 0 0 255
    0 255 251 255 0 255 0 0 255 255 255 255 255 114 0 0 0 255 146 0 255
    255 0 0 255 255 0 183 251 228 255 0 255 0 184 255 0 0 255 255 21 0 0
    0 255 0 0 187 0 255 30 0 201 0 255 244 255 0 74 0 237 255 96 0 255
    255 93 0 255 227 255 0 162 255 255 0 59 255 0 255 0 255 217 255 255
    255 255 0 0 0 0 255 255 255 0 0 0 0 0 0 255 35 255 0 0 255 255 255 0
    255 0 191 255 255 0 67 0 255 0 255 0 0 0 0 255 255 6 0 255 0 255 0
    255 0 255 255 255 255 145 0 122 255 0 255 0 0 0 0 54 255 255 0 255
    154 228 0 255 0 0 0 0 255 255 255 255 0 0 0 255 0 255 255 166 0 0 0
    255 255 255 0 0 0 23 255 187 255 0 255 255 255 0 255 0 255 0 219 28
    0 255 255 255 255 195 0 0 0 221 29 0 58 255 255 0 255 0 255 0 0 0
    255 251 255 0 0 255 0 255 0 255 0 0 0 255 163 255 212 255 0 255 0 68
    255 255 255 0 253 61 0 255 255 228 0 80 0 255 255 255 255 94 58 0
    255 255 255 198 0 255 255 255 255 0 0 0 255 18 255 0 0 0 255 255 227
    255 0 0 0 0 255 0 255 255 255 91 255 255 0 0 0 255 0 0 0 255 158 255
    0 0 0 255 255 255 0 0 0 0 255 255 255 156 255 0 255 0 24 255 0 255
    255 0 0 255 231 255 0 95 255 0 255 0 0 0 0 0 0 255 0 255 0 0 155 255
    195 195 0 255 0 255 255 255 0 0 0 0 255 0 255 178 255 0 0 0 122 11
    255 255 255 118 255 0 103 79 104 0 0 0 255 0 255 115 0 0 8 109 255 0
    244 0 255 255 0 0 152 104 255 0 40 255 0 255 0 0 0 255 255 255 200
    255 0 255 0 0 13 0 255 255 255 255 255 0 16 0 0 110 0 0 255 125 181
    248 0 91 35 0 81 245 0 59 0 255 0 255 255 255 255 0 0 255 0 0 4 171
    255 179 49 255 239 255 255 0 255 255 0 255 255 0 0 255 255 186 0 0
    255 255 255 0 58 0 161 0 0 0 255 0 255 201 255 255 213 132 0 255 0
    255 255 215 0 255 0 140 194 0 255 255 255 0 0 0 255 0 7 255 255 0
    255 0 255 0 255 255 255 0 0 39 255 183 0 0 68 0 255 0 255 0 255 0 16
    170 255 255 0 0 181 255 0 255 0 0 255 255 0 0 255 255 255 255 255 0
    0 0 0 0 255 0 255 31 0 0 0 0 202 255 21 0 255 0 255 0 0 255 255 255
    0 0 68 255 255 255 0 0 190 255 0 255 0 255 0 245 255 255 0 0 255 255
    182 0 169 152 255 0 84 255 255 0 0 0 111 0 255 255 255 198 255 255 0
    85 0 0 255 255 0 0 0 245 0 14 208 139 97 255 0 0 0 90 0 0 0 255 0 0
    0 255 255 0 255 31 0 0 255 255 255 0 0 212 108 0 0 113 0 136 118 255
    0 83 0 156 255 100 255 0 0 0 0 204 255 230 0 0 255 255 22 255 0 0
    167 185 0 0 255 0 255 0 255 0 13 190 168 74 0 0 255 255 255 0 0 22
    255 255 249 0 61 255 0 151 0 0 255 0 255 14 93 255 0 0 57 255 255 22
    255 0 0 255 255 162 0 0 255 0 255 27 0 45 12 0 225 255 255 0 0 0 174
    0 255 255 0 0 0 255 16 0 0 0 255 255 141 255 255 0 255 0 0 0 255 0 0
    0 255 255 0 0 0 67 221 255 0 0 255 0 135 0 255 255 255 250 198 255 0
    255 0 255 255 255 0 255 0 62 0 86 255 0 0 180 255 0 255 89 255 0 0 0
    255 255 94 255 255 255 32 255 0 0 255 243 0 255 8 255 0 255 0 255
    255 0 38 255 0 0 0 255 255 255 0 255 255 0 98 255 255 255 0 255 151
    0 0 255 255 0 0 0 0 255 255 255 0 0 0 255 255 105 0 255 163 255 0
    185 0 170 0 255 0 0 0 255 0 0 255 255 255 255 65 0 0 255 0 255 0 0
    255 255 255 255 255 0 255 0 255 255 229 0 255 0 255 255 0 255 0 255
    0 0 255 26 244 148 0 0 0 255 0 0 255 255 0 0 0 255 255 59 255 0 255
    255 255 0 0 0 255 220 255 255 98 0 0 255 255 0 0 0 255 0 255 142 215
    110 0 0 255 255 255 38 255 255 255 255 255 0 255 0 255 0 255 0 255
    26 255 0 0 0 255 255 190 66 96 50 0 95 0 255 255 0 0 255 222 255 0
    255 255 255 0 255 0 255 101 0 0 0 255 0 255 255 210 0 216 255 0 0 0
    255 255 255 0 0 0 172 255 0 255 0 213 99 255 26 0 0 0 0 255 78 255
    79 113 255 255 123 255 255 72 0 255 69 0 192 246 31 0 255 255 255 0
    0 255 255 0 214 107 0 46 0 40 247 141 255 255 16 255 0 255 0 255 255
    0 0 246 255 255 0 255 115 5 0 0 188 255 255 0 116 255 255 0 255 0
    255 0 255 0 0 255 5 0 0 100 0 255 255 255 255 0 255 144 255 255 0
    147 0 0 255 255 255 0 0 155 116 0 0 0 255 255 0 255 0 255 0 255 0
    255 0 255 255 133 0 0 53 255 0 0 0 203 255 219 142 0 61 0 0 245 33 0
    0 13 255 255 92 110 0 0 255 113 255 83 255 255 142 0 0 157 0 246 0
    255 0 0 0 255 0 0 0 204 255 255 0 255 112 255 0 0 0 161 0 255 255
    255 0 0 0 255 255 255 255 0 0 0 255 76 255 26 0 0 255 0 15 248 0 0
    74 255 0 255 0 255 0 0 187 0 0 230 255 255 255 0 88 47 79 0 255 0
    123 73 255 0 0 85 255 255 255 0 0 88 255 0 255 0 255 0 255 0 255 0 0
    190 255 255 135 0 255 0 255 0 255 20 255 0 255 0 255 0 0 0 255 0 255
    255 255 98 32 98 255 255 30 66 255 255 40 255 0 0 255 0 255 255 138
    0 0 0 0 255 255 118 0 0 255 0 0 248 255 255 255 0 102 0 255 255 0 0
    0 0 255 255 0 194 0 255 255 255 0 0 255 255 255 0 0 0 0 255 255 255
    0 0 0 255 255 0 0 255 0 255 0 255 0 255 0 255 0 243 0 255 255 157
    255 255 152 9 34 0 255 63 0 131 255 255 169 0 255 255 255 0 0 0 255
    42 255 255 255 255 0 0 0 0 255 255 0 255 255 255 0 59 0 255 255 255
    0 0 53 255 255 255 255 255 0 0 0 255 255 0 255 255 255 165 0 0 0 245
    255 122 0 0 255 255 255 217 255 52 0 0 255 255 0 152 0 46 145 0 0
    255 255 255 0 0 255 0 255 0 0 4 255 0 0 98 255 43 65 96 0 0 89 255 0
    0 255 139 255 255 255 5 0 130 255 255 0 176 0 255 255 0 255 0 195 0
    255 255 255 255 0 0 0 255 255 162 255 180 255 122 23 255 0 255 0 0
    255 0 109 0 255 0 255 255 255 33 0 171 20 0 0 255 0 238 0 50 255 0
    255 0 160 0 255 255 0 255 0 0 0 0 255 0 255 0 255 118 255 0 234 0 0
    255 0 0 0 255 255 223 0 0 0 255 0 255 255 108 0 255 0 255 0 0 0 0 0
    0 255 255 255 43 255 255 0 52 0 255 255 90 0 0 0 0 255 255 0 0 32 58
    160 93 0 24 213 255 0 255 0 255 255 255 0 255 255 0 0 0 255 228 255
    0 0 255 255 255 0 255 0 120 255 0 102 0 255 31 0 0 133 255 255 0 0
    255 94 255 60 164 255 0 0 32 227 255 255 69 0 255 189 0 0 255 31 0 0
    0 255 0 255 0 0 0 255 255 0 26 255 255 255 255 255 4 236 0 255 0 255
    255 0 0 0 255 0 255 0 255 0 0 0 255 255 0 0 0 255 0 168 0 255 0 255
    0 0 255 255 255 34 0 0 0 254 0 255 0 16 0 255 0 229 0 38 255 255 255
    0 222 0 197 255 255 0 0 205 255 0 255 0 0 0 72 255 0 255 255 255 49
    255 117 255 255 0 73 0 0 0 40 0 0 255 255 0 255 0 0 255 255 255 255
    0 255 0 0 0 255 0 255 255 0 0 0 255 0 255 0 205 0 156 0 255 0 202
    137 255 255 255 141 0 210 255 0 211 0 255 0 0 255 255 0 21 129 255 0
    222 0 255 0 0 0 0 30 0 161 229 255 0 0 0 0 233 255 85 255 0 255 255
    65 0 0 255 0 255 255 255 0 182 24 255 0 0 0 255 255 0 20 0 14 0 255
    0 255 0 0 150 255 255 255 255 0 0 238 255 176 255 0 2 0 255 255 121
    255 255 214 0 232 0 0 105 255 159 0 0 255 124 255 0 255 0 255 0 255
    255 0 255 0 0 0 0 255 0 0 80 0 255 255 255 0 0 0 255 150 255 0 0 255
    255 255 0 79 9 255 142 255 0 255 0 255 0 14 0 0 255 255 255 0 255
    255 0 255 0 255 0 255 255 255 255 255 0 255 0 255 216 255 0 0 0 255
    255 255 70 0 0 233 163 255 255 146 7 255 255 0 0 0 255 255 255 0 255
    0 255 0 255 0 255 255 255 101 0 0 0 177 154 255 0 0 0 62 255 167 255
    255 20 0 0 201 0 0 0 255 0 255 0 255 0 210 0 0 0 220 221 255 0 0 212
    0 255 46 255 0 0 0 161 255 56 255 0 0 0 0 255 202 255 0 255 0 255
    255 255 183 211 217 255 0 0 255 0 0 0 0 255 255 255 0 28 255 0 209
    255 0 255 0 144 255 255 255 0 0 152 255 255 244 0 0 0 0 206 255 0
    221 255 255 255 95 128 255 0 255 162 0 255 255 255 255 0 0 57 255 0
    175 40 255 255 255 0 0 255 255 0 0 246 255 96 252 0 0 0 255 255 255
    0 0 255 0 0 0 18 0 73 90 255 0 0 0 38 255 255 0 0 0 255 49 255 0 0 0
    255 0 0 255 0 255 0 255 80 255 43 52 24 255 31 0 0 212 255 255 255 0
    255 0 184 0 255 255 0 0 0 255 0 19 255 0 255 0 255 0 180 255 255 255
    0 122 255 255 0 255 255 214 174 0 0 255 255 255 0 255 255 255 0 255
    0 255 255 0 10 0 255 0 255 255 0 0 220 249 48 0 0 96 47 0 0 0 132
    255 255 255 0 0 255 0 255 0 255 0 255 255 255 255 255 255 255 0 0
    255 0 255 0 255 0 255 0 106 255 255 255 0 0 10 0 255 255 164 0 255
    255 0 251 0 255 0 255 255 99 255 0 255 0 240 0 0 255 255 255 0 255
    135 255 0 0 255 13 255 0 0 255 255 255 0 255 255 255 71 255 0 0 255
    0 255 17 144 255 22 0 0 210 0 255 0 0 255 255 0 255 0 255 50 255 0
    255 255 255 0 84 255 0 0 255 0 255 0 255 45 255 255 0 255 0 255 0
    255 0 0 255 255 255 222 255 255 0 255 0 255 0 255 15 83 255 52 0 0 0
    255 0 0 255 0 255 0 166 61 255 255 185 255 0 0 0 0 234 170 0 168 62
    255 255 255 255 0 0 0 0 0 0 84 0 255 0 255 255 64 0 23 230 66 0 0
    255 255 255 192 255 0 0 0 255 93 193 197 255 8 0 255 255 255 0 255
    255 255 0 255 0 109 0 255 255 255 0 255 0 0 255 255 255 255 255 51
    255 0 79 0 255 0 97 116 0 255 0 255 20 255 255 7 0 0 255 255 255 244
    0 109 0 255 0 255 115 255 0 0 0 255 255 0 48 0 255 0 255 255 0 255 0
    255 0 255 163 255 0 117 0 255 255 31 255 148 255 0 168 137 255 255
    255 255 0 0 255 0 0 0 209 255 168 255 0 255 0 71 0 0 255 45 255 0
    179 44 144 0 0 179 255 255 0 255 0 0 0 126 131 0 228 255 255 0 253 0
    255 225 255 204 255 223 67 15 0 247 0 255 0 255 193 255 0 178 0 255
    0 255 0 200 0 165 0 0 76 255 255 255 102 0 255 0 255 0 255 255 0 0 0
    0 199 255 0 255 255 255 0 255 255 255 0 255 0 154 255 255 249 255
    233 255 255 255 0 255 47 0 0 255 255 0 255 146 191 0 0 255 0 255 255
    255 0 0 255 255 255 0 0 0 255 255 0 34 0 213 255 255 255 0 194 255 0
    82 0 255 0 0 255 0 203 255 0 255 97 44 0 255 0 0 188 58 255 0 0 0
    154 255 210 0 0 44 0 255 255 0 255 255 255 0 23 255 255 91 255 0 0 0
    0 149 255 0 0 255 0 255 34 255 225 255 0 255 0 255 255 255 255 0 0 0
    255 6 38 0 255 255 255 0 0 0 255 153 234 237 0 0 0 172 255 255 255 0
    0 0 0 255 187 181 94 219 255 255 0 255 123 255 0 192 255 255 0 171 0
    255 255 0 29 187 74 82 255 255 255 0 255 255 85 37 0 0 255 255 255 0
    0 0 255 213 255 0 0 255 255 0 255 255 227 0 255 255 0 0 25 255 255 0
    0 125 255 241 30 0 255 45 255 255 255 0 119 0 255 255 105 0 0 255 0
    0 0 187 118 255 44 0 0 0 255 255 191 0 255 0 255 158 0 112 24 0 255
    0 255 0 0 130 11 0 255 255 255 0 0 0 255 255 0 0 255 255 255 238 100
    255 0 0 82 0 0 0 0 255 255 255 247 106 48 0 0 0 0 255 194 255 255
    255 255 0 0 0 0 255 255 0 0 255 196 255 255 0 0 51 255 0 24 255 255
    0 255 0 255 255 255 82 0 0 44 129 255 255 0 0 84 132 255 0 26 0 255
    0 255 255 255 147 255 0 0 0 255 0 246 100 0 255 255 170 0 255 255
    255 255 0 3 93 255 0 0 0 255 255 255 0 255 255 0 191 0 255 255 255
    255 0 0 0 255 255 156 37 255 0 163 0 0 0 0 255 0 0 92 255 255 255
    255 0 0 255 255 0 0 0 191 255 0 23 255 255 0 255 0 0 255 255 146 0
    255 255 0 0 0 0 255 255 255 0 0 146 0 255 0 255 0 255 0 0 159 0 255
    0 112 134 255 255 0 255 119 255 91 255 255 0 255 0 109 255 152 233
    255 0 0 156 255 255 255 0 0 73 0 255 255 0 0 255 0 0 255 255 67 38 0
    255 255 255 0 0 255 128 0 0 248 255 255 20 237 0 0 255 255 0 255 102
    154 0 0 0 0 0 255 0 255 0 158 149 0 254 124 0 255 255 0 0 0 255 0 0
    9 110 0 0 255 255 255 47 0 255 255 0 255 255 255 0 0 123 255 0 0 49
    255 255 255 0 255 0 0 0 53 255 255 255 255 255 0 155 0 255 0 172 0
    255 0 0 255 255 255 255 0 0 0 0 255 0 114 0 0 0 27 255 255 119 0 0 0
    0 255 255 0 0 255 255 0 0 0 0 0 80 255 26 0 0 0 38 255 0 116 0 0 255
    255 255 255 198 255 255 255 137 0 0 133 0 0 101 255 255 0 255 0 156
    0 255 0 0 0 255 255 0 255 0 255 0 0 255 0 255 0 255 255 255 0 0 0 86
    255 189 0 0 241 34 0 255 255 255 0 255 0 0 113 147 255 254 255 0 255
    255 255 234 255 0 255 44 255 0 19 0 174 0 255 255 255 100 0 0 140
    255 255 0 0 255 0 185 0 0 255 255 0 255 0 49 0 255 255 244 0 70 0
    255 127 144 0 255 255 0 0 0 152 255 255 255 0 0 0 255 174 255 255
    255 0 0 255 255 255 0 0 37 255 0 232 255 0 66 47 255 0 0 0 0 160 255
    255 255 0 0 0 255 255 113 0 0 143 0 0 255 255 255 206 0 0 0 255 255
    255 255 255 0 255 255 0 0 0 255 255 239 0 0 0 255 0 255 92 255 0 0 0
    0 255 0 255 0 255 0 210 255 255 255 0 0 194 248 255 0 255 108 255 0
    0 0 0 255 0 0 255 255 255 0 255 0 0 255 255 255 63 255 18 105 255
    255 150 0 255 58 255 0 0 0 131 0 157 255 255 255 255 0 255 0 0 0 0
    255 255 255 124 0 0 0 8 255 255 75 150 231 0 230 0 172 14 255 255
    128 85 137 0 255 0 255 0 255 231 0 40 255 0 0 0 0 0 0 0 255 255 208
    0 102 0 0 0 255 0 255 255 255 0 0 255 255 255 0 23 255 255 255 0 255
    0 0 0 255 247 255 0 99 0 255 255 146 255 255 0 195 0 255 0 255 255
    255 0 0 0 0 195 184 0 255 255 255 0 255 0 0 0 255 0 199 255 255 0 0
    0 255 255 255 133 16 0 207 255 255 255 0 0 0 255 255 0 0 50 255 0 30
    255 255 239 0 93 255 255 0 250 255 0 255 0 255 0 0 0 0 255 255 0 255
    255 255 0 0 0 255 255 255 174 0 0 70 255 102 255 255 139 0 255 0 255
    0 0 0 255 255 255 0 0 35 255 174 37 0 0 0 255 31 255 255 78 0 255
    255 61 255 142 0 0 0 55 131 100 0 0 45 0 255 255 0 96 0 255 0 0 255
    255 181 123 182 0 0 0 58 0 255 255 255 0 255 0 40 79 231 255 255 0 0
    8 255 30 255 0 0 0 255 255 0 0 0 0 255 0 0 128 255 255 255 0 255 255
    112 0 0 96 255 0 255 0 255 132 255 128 255 155 255 0 14 255 246 0 0
    0 255 255 0 0 47 0 255 0 0 184 255 0 62 88 0 255 255 122 255 255 118
    0 1 0 255 73 0 0 34 247 255 0 0 49 0 0 120 255 255 255 255 0 255 0
    255 0 0 0 255 255 194 164 0 255 0 255 0 80 0 0 57 255 255 0 255 182
    255 0 0 0 255 255 71 0 255 0 255 0 0 0 0 0 255 255 0 0 77 190 255
    237 0 255 0 255 0 255 186 255 0 0 255 255 255 0 255 0 246 0 181 255
    0 255 255 255 146 0 203 255 0 0 0 192 255 255 255 102 111 0 255 255
    255 86 255 130 255 0 0 0 255 255 0 0 255 0 0 255 255 255 211 0 255 0
    0 0 0 255 0 255 0 255 0 255 169 255 0 188 183 255 255 255 0 55 0 0 0
    255 255 0 0 0 0 255 200 255 0 0 59 255 255 43 0 0 0 0 74 255 255 0
    35 0 0 255 255 0 0 255 255 255 255 162 66 255 255 255 0 255 255 117
    0 255 146 255 0 0 79 0 0 134 255 109 0 255 255 255 255 0 255 0 0 0
    199 255 255 255 81 0 0 255 255 0 190 255 0 237 255 0 255 0 255 0 252
    255 147 0 98 0 0 255 255 255 0 0 37 127 255 0 255 0 255 0 255 0 224
    0 255 40 255 0 255 0 255 0 255 76 0 196 255 255 0 0 62 0 0 255 255
    185 0 255 255 255 0 0 249 0 255 77 255 0 0 133 0 255 156 255 255 201
    255 31 243 188 0 255 255 255 151 0 0 255 0 54 0 255 0 255 255 255 0
    0 0 255 241 255 0 0 0 28 255 154 0 0 255 0 189 255 0 85 0 255 255
    255 255 139 0 0 0 0 255 255 255 174 0 0 255 252 255 255 255 53 0 0
    10 255 112 0 0 0 255 0 0 107 255 83 255 222 0 0 255 255 255 0 255
    255 0 0 0 255 255 225 255 0 0 0 0 185 255 0 176 0 255 255 255 0 0 0
    177 0 255 255 255 0 255 255 225 5 255 61 0 233 0 255 0 255 255 0 0
    239 5 255 0 0 0 0 255 0 255 0 0 0 85 32 255 0 0 216 255 158 255 0 0
    255 0 255 255 255 0 0 0 255 255 255 0 0 0 255 0 251 20 218 255 65 0
    0 0 70 255 90 0 255 0 121 0 111 255 255 255 0 255 0 255 0 255 253 0
    134 0 255 0 160 42 255 46 255 0 243 0 199 51 81 208 0 255 0 0 255 0
    255 0 255 0 234 255 255 0 255 132 255 40 0 0 0 95 255 0 0 0 255 255
    0 0 0 0 62 255 255 182 70 255 0 255 255 0 114 255 234 255 255 0 0 0
    255 34 233 0 255 236 118 44 255 0 255 0 255 255 255 255 0 0 255 149
    255 0 255 0 0 0 255 85 255 0 255 128 0 0 117 255 255 192 255 255 50
    0 0 255 255 0 0 0 255 252 0 255 0 0 0 255 112 255 255 0 0 0 255 0 72
    0 15 254 255 255 255 163 255 0 0 0 0 255 255 255 255 0 0 28 0 255 75
    110 255 0 79 0 255 255 255 156 255 0 255 255 255 0 255 246 14 255
    255 189 0 0 255 255 255 9 0 255 255 255 0 0 0 0 0 168 255 255 255 0
    255 166 0 0 158 255 255 0 0 0 136 255 255 0 0 161 255 0 0 0 255 255
    0 0 0 0 255 0 205 255 173 255 0 0 255 69 255 255 255 250 255 0 0 0 0
    0 0 154 43 254 255 255 0 175 0 255 62 0 255 255 255 0 255 0 232 0
    255 0 255 255 255 0 0 0 255 0 255 255 255 215 0 11 255 255 0 255 192
    255 255 163 247 164 255 0 255 0 181 0 255 0 0 208 255 182 0 0 255 0
    0 186 188 255 186 255 255 255 0 255 255 255 0 0 0 255 255 255 0 171
    255 255 16 249 0 255 242 255 0 209 0 255 0 255 0 255 255 255 0 0 0
    255 158 0 35 154 255 0 0 255 0 255 0 255 0 20 255 91 255 0 0 255 255
    158 0 0 255 255 255 255 255 0 0 0 255 0 255 255 255 255 52 150 71
    255 0 255 255 255 0 0 0 255 255 0 228 102 0 255 255 152 0 255 83 255
    0 0 0 125 0 0 0 255 255 0 255 0 255 0 255 0 0 255 255 255 0 0 0 0
    215 53 0 0 171 255 255 0 255 0 217 223 94 191 0 255 141 63 255 255 0
    0 0 227 255 0 0 4 255 0 0 211 0 255 255 255 0 0 0 255 23 255 255 122
    52 255 255 0 87 0 255 171 0 211 255 0 0 255 0 0 255 127 174 0 0 0
    189 255 255 255 25 0 0 0 255 0 0 129 255 0 255 66 0 0 255 0 0 0 186
    0 255 0 255 0 0 255 255 0 255 217 0 0 0 87 91 0 0 255 0 255 0 0 255
    255 255 0 249 0 0 0 255 255 0 0 0 0 76 255 231 0 255 255 176 0 255
    255 255 0 255 233 255 0 255 255 255 0 0 9 0 65 255 255 0 171 255 53
    0 0 255 0 255 0 255 255 255 255 255 255 255 255 255 9 255 47 39 0
    228 255 255 255 0 255 202 0 203 255 0 255 255 255 255 0 0 0 230 255
    0 135 0 255 0 0 0 0 255 255 255 255 0 255 0 30 14 255 255 0 0 255
    255 0 255 0 0 0 255 255 200 255 0 255 0 255 255 0 196 255 0 0 0 255
    255 164 0 255 0 171 0 0 255 255 255 107 243 0 255 0 0 0 0 0 255 0 0
    0 0 29 255 0 0 0 255 255 193 0 0 0 255 255 255 255 0 255 0 255 0 0
    255 255 255 84 0 255 0 255 0 255 204 0 255 255 255 255 0 0 240 96
    255 255 133 0 255 255 255 109 190 205 0 255 0 255 39 148 92 253 255
    255 255 0 0 0 255 0 0 0 255 255 0 0 255 255 146 149 0 158 255 0 0
    239 244 255 255 186 0 255 255 0 255 0 0 145 0 0 0 255 255 255 0 227
    0 255 0 255 0 0 255 255 255 89 0 39 0 7 132 255 0 255 0 255 0 0 0 0
    255 0 0 52 102 0 157 0 0 255 96 255 60 255 0 164 0 220 255 255 5 155
    0 64 13 255 0 0 0 255 178 255 0 0 0 255 255 0 0 231 0 243 0 0 255
    255 0 255 0 255 0 0 252 255 255 0 0 0 255 255 255 142 255 0 59 255
    255 0 255 0 0 201 255 255 0 216 255 255 231 0 0 144 255 255 0 107
    255 78 13 0 184 255 0 100 0 255 255 255 0 255 0 89 255 255 0 0 0 255
    0 255 0 0 0 255 0 255 255 255 255 255 0 0 0 255 255 255 238 0 0 255
    172 255 0 129 255 255 255 0 0 0 255 255 255 131 255 0 0 255 255 255
    0 0 199 0 255 0 255 0 255 0 255 255 255 0 0 0 255 124 255 0 246 0
    255 0 255 0 28 255 0 255 255 255 255 0 255 0 0 0 0 255 0 255 0 0 0
    255 0 203 255 255 255 0 0 0 0 255 0 255 0 255 0 7 255 42 0 255 255
    255 0 255 0 255 0 0 0 255 0 0 255 255 228 0 0 24 0 0 255 255 90 0 0
    255 0 255 0 255 0 0 0 255 255 255 0 255 255 0 255 0 255 0 255 0 255
    43 46 0 76 158 255 0 255 0 255 0 0 0 0 255 255 0 255 255 177 0 0 0
    255 255 255 0 255 0 166 0 255 255 0 0 0 252 0 34 255 255 0 0 0 0 0 0
    255 255 210 255 255 0 84 0 121 0 107 0 0 255 255 27 0 0 105 255 255
    0 255 0 255 0 64 255 255 255 148 0 0 10 0 0 0 255 0 222 255 0 0 0
    255 0 135 255 255 234 219 0 152 255 255 255 224 255 0 0 0 143 255
    255 255 255 255 255 255 187 255 0 0 255 255 0 255 255 204 0 0 0 0
    255 0 255 255 255 255 0 0 0 0 234 195 255 255 0 0 0 255 0 255 0 0 0
    255 255 111 82 73 0 255 0 255 255 255 37 0 0 255 255 80 191 0 0 0
    255 0 255 0 255 0 103 255 142 0 255 255 255 0 0 255 255 255 255 0 0
    0 255 255 0 255 0 255 255 255 255 0 0 174 0 0 255 255 255 255 18 0 0
    255 255 0 255 0 0 255 255 255 255 255 0 255 255 215 255 0 175 0 0
    255 255 255 255 0 0 0 0 255 255 0 0 255 160 255 0 48 0 0 0 255 255 0
    255 255 255 0 255 255 0 126 255 255 0 255 139 232 0 109 255 255 0
    202 38 0 255 255 255 0 241 36 0 0 255 255 255 0 255 0 88 0 255 255
    255 0 0 0 0 255 255 0 0 188 118 255 0 255 92 0 255 255 255 0 255 0 0
    255 255 44 0 0 255 41 22 239 255 255 255 255 0 0 0 102 0 0 225 255 0
    0 255 255 40 255 255 255 0 0 22 0 255 0 49 0 255 0 238 0 0 0 255 255
    0 255 0 249 0 255 255 255 140 255 255 0 0 0 235 0 0 255 255 255 192
    0 0 0 255 255 0 255 0 0 255 255 255 125 255 255 0 175 219 255 0 0
    255 0 0 0 0 255 255 0 0 255 255 0 82 255 255 0 0 0 255 0 255 214 255
    0 0 255 246 0 0 255 255 0 0 0 255 255 255 62 255 255 0 0 76 0 0 255
    255 0 0 255 255 249 0 204 70 54 0 255 113 255 255 255 59 0 0 0 255
    255 255 74 255 0 255 0 255 0 255 0 255 0 255 255 0 255 0 0 0 36 0
    255 0 255 112 0 255 0 255 0 0 255 255 252 255 255 255 255 0 0 0 255
    255 255 255 35 255 0 255 255 255 0 255 220 103 70 0 255 0 255 255
    255 35 0 0 0 255 255 36 255 173 0 0 255 0 255 0 255 0 0 165 0 19 255
    0 255 0 255 0 0 0 255 46 128 0 249 146 0 255 139 79 0 255 255 255
    255 255 255 237 104 255 0 139 255 0 0 255 255 142 31 255 255 0 0 0
    255 0 255 0 255 0 0 0 255 255 255 0 94 255 247 34 255 0 255 255 255
    255 0 163 0 0 255 83 0 0 0 255 255 145 255 0 0 0 255 255 255 212 0 0
    0 255 255 255 255 0 255 0 43 92 52 255 104 255 255 151 255 255 0 212
    0 255 255 255 0 255 0 255 0 255 179 0 0 255 0 255 255 33 208 0 255 0
    5 0 255 255 255 0 146 0 0 255 255 255 255 153 0 98 0 46 255 255 255
    0 63 75 255 0 255 0 0 0 255 152 255 224 255 8 255 255 0 89 252 0 119
    255 255 255 255 255 255 81 255 255 0 255 0 255 0 255 255 255 21 204
    0 104 255 0 255 190 255 0 0 255 48 255 0 0 157 255 0 43 255 255 255
    0 255 255 0 255 0 255 0 0 0 0 255 255 0 196 61 255 0 255 0 255 30
    255 72 0 0 255 0 213 0 255 255 68 0 0 255 255 158 255 26 27 0 254
    255 0 255 0 255 226 52 255 255 255 255 152 255 0 255 255 255 38 253
    251 0 255 57 255 255 0 0 0 115 18 0 255 255 0 255 0 17 255 255 255 0
    8 0 0 74 0 255 0 255 255 35 255 255 0 0 0 0 193 255 255 255 5 255 0
    0 0 218 0 205 255 222 157 0 0 255 255 255 0 0 236 255 255 0 0 0 255
    50 0 0 40 110 0 255 0 255 255 0 0 255 255 0 255 0 0 255 255 119 0 0
    232 255 255 0 37 0 233 0 255 0 255 255 246 59 0 0 158 255 255 100 0
    255 255 111 193 0 1 0 255 255 0 255 0 231 0 255 0 255 0 103 203 255
    255 255 255 255 0 239 0 255 255 253 64 0 0 0 255 255 255 0 255 0 255
    88 0 255 255 57 0 19 0 255 0 255 207 255 0 0 0 39 255 255 0 0 0 0
    255 255 31 0 0 177 46 189 48 255 255 255 0 0 116 171 0 255 0 0 255
    255 255 255 238 12 244 0 255 0 255 0 125 0 255 67 0 124 0 0 0 0 255
    255 255 0 255 255 68 255 0 255 0 255 255 12 28 255 0 0 255 255 255 0
    0 255 255 255 63 0 0 140 73 255 255 255 10 104 0 243 62 255 255 255
    0 0 255 255 0 0 0 255 0 255 255 255 0 255 0 144 64 0 255 255 139 0
    255 255 0 255 255 0 0 0 0 255 255 255 0 255 0 13 255 255 255 255 0
    255 39 255 0 0 0 255 184 252 0 255 0 255 255 255 255 0 255 0 255 255
    0 0 0 69 255 0 0 204 255 255 0 0 0 255 0 255 0 0 147 255 85 6 241 0
    255 0 255 255 0 79 106 255 206 0 0 255 255 255 0 255 0 255 0 255 0
    70 0 0 255 0 0 255 255 255 0 255 73 0 0 255 255 140 255 161 0 0 255
    21 255 255 255 255 0 92 255 255 255 0 0 0 0 0 0 255 0 74 40 189 218
    190 0 239 0 255 0 255 255 0 0 255 255 255 0 0 0 255 255 255 255 0 0
    255 255 255 0 0 0 255 255 28 0 0 255 255 45 178 14 255 0 255 0 0 255
    29 199 0 0 0 255 255 139 0 0 0 80 0 255 195 0 255 148 255 0 255 98
    255 54 208 0 255 0 0 0 0 0 100 255 255 255 0 0 188 255 255 117 0 162
    255 255 223 0 0 255 126 255 255 0 0 29 255 0 0 0 255 255 255 0 0 0
    255 255 0 233 255 0 177 41 84 0 255 255 0 0 0 255 255 255 0 255 255
    255 193 0 0 255 0 255 131 0 0 255 0 0 0 21 255 124 0 255 0 255 97
    255 0 0 230 255 0 39 255 196 255 0 0 124 255 255 0 0 0 255 255 255
    201 0 255 0 0 0 0 0 15 255 0 0 0 0 255 255 61 255 106 0 255 0 255
    255 0 255 0 0 255 224 255 0 255 0 255 179 0 8 0 198 242 255 255 255
    255 0 0 0 0 0 255 0 255 0 255 0 255 75 0 0 255 27 255 125 255 255
    145 255 0 255 0 96 0 0 255 255 0 32 154 255 0 255 0 0 0 0 255 0 249
    0 255 255 0 0 77 253 255 0 179 0 0 255 0 0 124 0 255 0 255 0 35 255
    0 255 0 0 0 0 255 168 255 0 255 114 255 0 0 94 255 40 0 0 11 147 122
    0 141 0 255 0 255 0 255 232 255 0 0 0 255 0 255 160 255 255 0 255 0
    255 255 0 0 255 141 14 0 255 0 0 255 255 0 0 0 255 255 255 0 255 0 0
    255 0 255 0 28 255 255 255 255 255 255 0 255 255 164 255 255 255 0 0
    0 255 76 255 137 255 255 0 255 0 255 0 0 255 192 255 255 1 255 0 137
    255 255 66 0 255 249 255 255 255 44 0 0 57 255 11 0 255 255 169 0
    255 0 0 0 255 176 255 255 0 0 0 216 255 255 81 255 211 245 255 0 255
    132 0 167 0 255 255 255 0 0 255 255 230 255 0 255 252 74 0 255 255 0
    255 0 255 0 93 255 93 0 0 68 0 255 0 255 255 255 255 0 0 0 132 255
    255 255 152 0 0 255 166 195 255 0 255 0 49 84 255 0 73 0 42 255 255
    107 0 255 121 255 212 0 69 0 255 255 255 0 0 255 255 255 255 0 255 0
    0 87 110 255 176 0 255 0 78 0 255 255 255 0 0 0 255 0 255 0 255 36 0
    255 255 255 25 0 255 255 255 196 255 0 255 0 255 121 42 0 255 255
    255 255 255 255 255 0 0 0 255 255 255 33 97 64 0 255 255 13 0 0 78
    255 0 0 0 0 255 0 126 0 0 255 217 255 0 255 0 255 0 0 0 255 0 0 156
    255 255 156 255 0 0 0 255 122 243 178 31 80 255 180 255 0 137 173
    255 0 255 255 108 0 0 187 222 0 0 0 0 255 0 255 224 255 255 140 255
    0 0 0 0 255 0 255 0 255 255 255 255 255 0 255 111 50 0 255 255 255
    110 255 0 0 0 255 21 255 0 0 255 0 255 0 255 255 255 204 255 0 83
    255 255 255 0 132 0 231 255 255 227 0 255 255 0 255 0 0 255 255 0
    255 0 255 255 53 0 0 0 0 0 255 255 0 0 108 255 53 63 196 157 93 0 0
    255 49 255 255 0 0 0 255 255 255 255 0 255 89 132 0 0 0 255 255 0
    255 0 255 201 255 49 255 255 0 0 0 203 103 255 255 255 0 0 0 255 255
    86 31 0 255 255 0 184 255 0 255 50 0 0 255 0 255 0 0 255 0 255 0 0
    255 255 255 142 0 0 0 250 0 0 255 217 255 0 0 28 255 255 0 0 0 255
    255 255 255 100 0 0 0 255 0 0 0 255 177 255 0 12 255 188 0 0 255 0
    255 255 255 0 102 0 255 255 255 127 0 0 10 0 0 207 255 255 112 0 7
    217 11 255 66 255 255 255 0 255 0 255 255 255 255 255 90 0 0 21 152
    255 0 255 0 255 0 5 0 255 0 255 0 0 85 0 0 0 255 255 255 0 255 0 255
    255 255 0 0 37 255 255 0 207 255 0 0 0 255 255 238 154 0 0 160 0 30
    255 204 255 186 255 255 0 255 0 0 179 255 255 0 255 0 244 255 255
    208 255 255 53 92 66 255 127 0 0 0 255 0 255 0 255 0 0 139 255 13 0
    255 0 0 255 255 0 0 0 255 255 251 0 255 0 232 40 255 0 15 108 255
    255 42 148 0 82 0 0 0 255 7 255 0 255 0 0 0 255 255 255 255 0 255 0
    0 0 255 255 255 255 0 0 255 0 254 255 255 255 0 122 255 255 255 65 0
    255 0 255 0 255 0 154 255 255 0 0 208 255 119 0 0 0 255 124 255 0 0
    255 120 255 0 0 0 255 255 255 0 255 0 0 0 255 0 2 0 0 0 255 255 255
    0 191 0 0 164 166 255 255 255 255 0 255 0 255 0 66 255 0 255 0 0 0 0
    255 0 255 0 0 0 219 255 255 23 0 144 36 47 0 255 0 178 255 0 255 29
    255 0 0 73 0 255 255 225 255 0 255 0 255 0 255 35 0 0 0 0 255 0 137
    0 0 255 255 255 0 88 0 255 255 0 0 0 255 91 0 0 0 255 147 191 255
    118 218 0 255 255 32 0 243 255 241 156 255 0 0 0 255 255 255 0 0 0 0
    255 255 14 0 0 255 7 255 0 255 255 255 106 101 255 0 255 0 0 56 255
    0 0 0 180 210 0 255 255 255 0 0 255 0 255 255 222 225 0 255 255 255
    79 0 255 0 255 0 0 0 82 255 0 176 0 0 0 186 255 255 0 117 255 103
    255 0 129 18 255 0 18 255 255 255 0 0 255 0 255 203 0 0 0 0 255 0 85
    19 255 229 0 0 255 0 255 77 255 0 0 255 0 0 255 169 255 90 255 255 0
    161 0 0 51 255 0 255 194 255 0 158 54 255 0 101 255 117 255 0 255 0
    0 255 255 255 0 0 255 255 0 255 0 255 0 255 0 255 255 153 0 0 0 37
    255 0 255 157 255 11 255 49 0 0 255 255 255 0 255 0 255 0 156 255 84
    0 0 124 173 153 0 30 0 255 255 255 255 19 255 0 177 238 0 255 255
    255 0 9 0 52 0 0 255 0 255 255 46 255 116 0 190 255 255 0 255 153 33
    255 0 255 5 74 19 0 0 0 255 198 255 255 0 217 0 255 166 255 0 0 0
    255 255 0 121 0 0 0 255 255 0 0 255 159 142 0 0 255 144 255 0 0 0
    255 255 0 8 8 31 245 0 108 255 255 255 255 227 0 255 0 255 0 0 139
    255 90 126 0 96 239 255 114 255 0 255 255 255 0 0 247 255 255 255 0
    255 0 0 0 255 255 255 0 255 81 255 0 15 219 255 227 0 0 162 0 255
    255 0 255 0 255 0 90 0 255 0 11 0 255 0 255 0 230 209 255 0 255 255
    108 37 255 81 255 186 0 73 0 255 195 255 0 255 255 255 7 0 0 255 255
    0 0 0 255 255 0 255 67 255 167 0 0 0 0 255 255 255 0 172 59 255 255
    255 0 91 0 255 186 255 255 255 255 46 75 255 0 0 0 255 255 144 0 186
    255 0 0 255 9 255 0 255 101 255 255 255 0 0 255 255 255 255 0 0 255
    0 0 221 139 0 35 0 255 0 161 0 0 0 255 148 255 26 255 255 255 0 0 0
    255 153 166 255 194 0 255 138 0 255 255 255 0 255 255 0 110 255 255
    255 255 0 243 255 255 0 0 16 255 0 105 0 255 0 255 255 255 70 255 0
    0 0 0 255 255 0 0 255 149 255 0 0 0 238 255 255 255 0 0 212 255 255
    204 255 0 112 0 255 0 255 0 79 189 255 90 0 0 235 0 53 255 255 17 0
    255 255 255 0 0 255 255 255 0 155 0 173 255 93 0 0 255 31 255 255 0
    0 0 0 255 113 140 0 153 255 0 107 0 0 255 255 47 255 255 101 0 255
    19 141 153 0 255 32 255 0 0 0 255 255 255 255 0 0 77 0 233 33 150
    214 0 255 0 255 0 255 0 0 0 0 0 0 0 192 255 255 0 0 0 0 255 255 255
    0 35 255 255 0 255 0 255 0 0 255 255 255 23 255 0 0 255 0 0 0 196
    255 255 255 0 0 0 255 255 255 255 24 0 171 0 255 0 0 0 0 255 255 255
    0 0 60 255 251 0 0 255 33 255 250 84 72 160 255 255 255 120 0 0 0 0
    235 255 255 73 0 255 202 255 152 172 255 0 0 106 255 255 0 0 0 155
    255 88 129 255 174 214 147 0 119 255 0 16 255 255 255 0 0 255 0 0
    255 255 46 255 0 0 255 255 255 0 0 0 255 255 255 255 72 0 255 89 255
    0 0 0 255 0 255 0 255 255 255 0 0 0 255 0 255 0 255 255 0 31 156 255
    0 0 0 189 255 122 0 255 71 16 0 255 0 255 255 239 255 255 155 0 0
    255 255 0 0 0 255 85 137 225 255 255 255 255 255 255 255 255 0 81 0
    255 0 255 212 0 0 0 255 255 0 255 255 255 0 0 255 255 0 8 58 255 255
    0 255 171 255 255 67 255 0 255 30 198 0 255 139 233 255 100 0 0 0
    255 255 255 255 0 0 255 0 255 0 123 255 233 255 0 0 0 255 255 100 0
    255 0 202 19 255 255 0 0 231 255 255 177 255 0 255 144 255 0 129 255
    69 255 0 160 0 255 255 255 0 0 0 0 77 0 255 0 255 0 255 185 255 0
    255 255 0 254 0 255 0 142 255 0 0 255 0 0 0 255 255 255 0 255 0 255
    19 103 0 0 255 109 0 37 0 255 255 255 0 30 3 255 29 255 255 255 92
    211 0 255 246 255 100 0 255 0 255 0 255 226 255 255 0 0 201 255 255
    0 0 0 255 0 219 51 255 255 0 0 255 255 255 0 118 255 255 0 0 0 255
    255 133 138 255 12 0 255 255 255 115 0 255 255 255 0 0 0 255 0 0 0
    193 255 181 255 0 255 77 255 255 255 197 255 0 255 108 255 0 234 80
    125 19 255 255 187 0 255 0 0 255 255 230 0 0 255 255 39 255 255 255
    0 142 0 0 87 0 0 255 255 255 0 0 138 255 0 0 255 255 255 36 0 0 255
    60 101 0 0 255 0 255 162 255 0 166 255 12 255 255 0 0 0 255 255 255
    0 0 105 162 255 255 255 63 0 0 255 0 0 0 0 255 255 255 194 0 255 0
    255 0 16 38 255 0 0 117 255 153 149 0 66 255 255 163 0 157 255 255 0
    0 0 0 255 255 19 0 255 0 255 0 255 0 191 229 0 0 255 132 21 255 171
    0 255 0 121 255 255 255 0 32 255 255 255 0 0 255 255 255 255 0 0 0
    255 255 71 255 255 218 0 255 234 255 255 255 0 255 0 255 255 255 255
    207 0 0 255 255 255 53 0 255 255 233 0 255 0 255 0 255 0 0 255 94
    255 255 255 0 0 0 0 255 255 0 255 123 255 0 0 20 255 255 0 255 0 42
    0 0 0 0 255 255 255 0 255 255 255 0 255 0 0 255 255 0 0 174 0 0 230
    255 0 157 0 0 0 255 0 12 0 255 255 255 255 0 255 255 233 0 0 171 255
    255 199 255 202 0 0 255 0 255 165 255 0 0 0 255 255 255 255 255 150
    0 0 255 255 255 0 255 241 255 255 255 0 0 255 207 0 255 255 0 111 0
    0 0 0 0 255 255 255 255 0 255 0 255 0 0 0 9 255 255 255 255 0 255 0
    255 0 0 255 255 74 255 0 255 103 255 227 255 0 255 82 0 62 255 255
    255 0 255 255 0 0 255 0 255 0 0 0 255 255 255 255 0 253 255 0 0 255
    255 106 255 255 255 255 0 64 156 215 0 0 255 39 255 0 255 0 0 255
    255 0 0 0 255 255 0 255 255 255 0 0 255 255 255 0 255 206 96 134 0
    34 255 255 255 255 47 0 0 255 255 255 2 0 255 255 255 0 0 0 255 0
    255 0 255 0 255 255 0 255 0 0 255 255 255 0 157 240 0 0 0 255 0 0 0
    255 255 0 0 255 255 0 0 0 255 0 0 255 0 255 253 255 0 37 0 0 255 0 0
    255 255 255 0 0 47 249 255 255 0 0 0 0 0 255 130 255 0 0 0 143 255
    255 105 255 255 255 255 255 0 0 255 0 255 0 255 0 255 78 0 0 0 255
    255 255 255 101 0 0 0 0 0 0 0 0 255 22 0 0 0 0 0 0 255 0 255 153 255
    255 0 196 255 255 255 12 16 0 255 255 255 255 0 0 255 0 255 0 0 202
    255 255 255 0 255 236 255 0 0 255 0 0 0 178 255 255 255 255 0 0 255
    192 0 255 60 255 255 0 165 0 255 255 0 0 0 255 255 0 16 0 174 0 105
    0 255 255 0 255 0 124 86 0 196 255 255 255 0 249 0 0 0 255 255 255
    110 0 255 0 255 255 0 255 0 255 253 0 255 0 255 0 0 0 0 0 255 255
    255 255 0 0 0 255 255 255 255 255 0 140 0 53 0 255 255 255 255 0 99
    255 0 255 0 0 255 0 255 0 255 0 0 0 49 0 255 255 255 0 0 0 0 255 222
    255 0 14 132 255 255 246 0 0 255 53 0 0 0 255 255 43 0 255 0 0 255
    255 255 0 0 0 255 255 27 0 0 255 255 255 255 0 0 141 255 0 0 0 255
    255 85 255 21 47 0 89 86 255 255 255 255 0 0 0 0 0 255 0 110 0 0 255
    255 255 83 0 0 0 255 216 243 255 228 0 0 255 255 0 255 0 255 180 104
    255 168 173 9 255 143 0 255 255 0 236 0 255 0 105 0 0 125 255 255
    255 0 67 89 0 94 0 128 139 255 0 255 0 255 255 0 255 255 0 0 0 0 0 0
    255 0 255 251 255 0 255 56 0 0 0 255 255 255 222 0 168 0 255 0 255
    255 255 0 0 169 0 255 0 255 0 255 255 255 0 166 255 255 0 0 255 255
    255 0 0 0 255 255 255 255 0 255 0 255 0 255 0 255 255 255 0 255 255
    189 165 255 255 255 0 108 255 255 255 255 0 0 0 0 255 0 10 0 0 0 0
    255 255 0 0 0 0 0 0 24 255 0 0 0 0 255 34 0 0 174 255 255 255 128
    235 0 0 0 255 0 255 0 0 0 0 156 0 255 255 255 5 255 255 255 0 0 0
    255 255 194 0 0 255 255 255 255 0 0 255 255 255 0 0 0 148 255 0 0 0
    0 14 0 132 0 255 255 255 0 255 0 239 0 0 48 255 255 255 0 0 253 255
    255 255 0 255 0 255 0 255 0 0 0 118 255 255 39 0 0 255 255 0 0 255
    255 255 0 255 0 255 255 0 0 216 255 255 255 0 131 255 255 0 0 0 255
    255 255 0 255 0 255 0 248 255 0 0 0 0 255 255 255 3 0 255 0 255 0 29
    255 255 180 255 0 0 0 0 255 255 255 124 0 0 0 255 255 235 0 255 3
    185 255 255 15 202 255 255 0 0 239 87 255 255 0 255 21 255 216 144
    255 0 255 0 0 0 255 0 255 255 0 0 182 255 255 146 0 0 0 255 255 0
    104 0 255 0 112 255 45 0 0 0 0 253 255 0 255 98 2 221 255 255 5 255
    255 255 255 255 49 159 0 0 0 0 0 0 168 85 255 0 0 0 255 255 0 255
    255 255 0 0 0 0 0 255 255 0 153 102 255 255 255 255 0 0 255 0 0 255
    0 138 0 255 255 255 255 0 0 0 8 255 35 255 0 255 127 255 255 255 255
    0 228 0 0 0 255 158 124 255 189 255 0 255 0 73 185 0 0 90 255 0 0
    255 0 0 0 0 0 255 255 255 0 0 0 0 0 255 255 255 255 0 0 157 255 255
    255 255 58 0 0 0 255 255 168 120 255 128 0 255 255 255 0 18 0 255
    255 255 22 0 0 0 122 0 255 255 255 255 0 255 0 255 0 90 255 116 255
    255 17 255 0 255 0 0 0 255 255 255 0 255 255 255 0 254 255 255 255 0
    0 0 0 12 255 255 96 0 149 61 0 0 0 255 255 7 84 255 9 151 38 241 255
    0 148 0 255 0 189 180 255 82 255 0 255 0 127 0 0 255 255 255 231 0 0
    0 8 255 0 0 0 255 207 255 255 0 255 0 255 54 255 0 139 0 255 141 0
    255 255 237 60 0 149 0 255 0 98 0 246 0 255 0 64 255 0 0 0 255 255 0
    44 0 255 255 0 0 255 0 253 255 255 0 0 0 255 255 0 112 255 255 0 0
    255 255 255 0 255 0 255 0 255 0 0 255 10 255 183 0 255 255 237 70 0
    255 255 255 23 255 0 0 0 255 255 255 255 255 240 142 0 0 255 255 227
    0 13 255 255 125 0 222 255 0 0 255 255 0 154 0 0 0 0 0 0 255 0 255
    255 0 0 0 255 255 0 0 14 255 255 255 4 0 0 255 0 0 255 255 255 0 112
    0 255 255 19 0 0 0 255 255 255 0 255 255 255 0 0 255 255 255 255 197
    0 24 0 30 0 0 0 255 255 255 255 0 38 0 194 173 34 0 255 0 255 255
    255 0 255 0 0 0 0 255 255 255 0 136 255 255 0 255 0 0 0 0 0 255 255
    255 225 0 0 0 82 255 255 255 0 255 255 255 0 0 255 255 0 0 0 0 84
    255 228 16 255 0 255 0 255 0 255 202 0 0 0 79 255 255 0 0 0 191 58
    234 255 0 0 0 255 255 152 255 171 0 0 0 255 0 100 0 0 174 0 218 0
    255 89 255 255 0 255 0 226 100 255 255 0 0 0 255 255 255 95 0 255 0
    255 218 255 255 255 0 0 0 255 255 212 255 255 0 255 255 182 0 190
    255 255 0 100 0 218 0 255 0 200 255 255 255 255 0 172 255 255 255 0
    255 0 0 0 255 0 255 0 255 0 255 37 0 177 255 255 0 126 0 255 0 255 0
    255 0 255 0 74 0 99 255 163 255 0 246 255 255 0 0 0 209 255 0 255 0
    255 255 0 0 0 255 236 255 167 255 0 215 255 255 255 200 0 0 0 206 0
    255 0 255 138 255 198 0 0 0 207 163 255 0 120 0 255 0 255 255 199 0
    0 0 255 255 255 0 19 12 255 255 0 0 0 159 0 255 221 255 255 0 255 0
    0 255 255 0 0 0 255 0 255 0 149 255 255 0 96 255 255 255 0 255 0 206
    255 204 0 255 255 0 179 0 255 0 255 0 0 255 0 234 0 0 155 0 126 0
    255 255 255 255 255 255 0 0 161 255 255 255 0 255 0 255 0 255 255
    255 51 0 0 200 255 255 0 35 0 255 255 255 0 0 0 0 255 0 1 0 255 0
    255 26 128 0 162 255 255 0 255 0 169 0 104 255 255 255 255 169 0 0
    255 0 255 255 0 0 115 255 0 0 255 0 0 0 255 255 255 65 0 0 0 255 0
    255 0 255 118 255 255 255 0 0 0 0 255 85 0 0 0 255 164 255 227 255 0
    0 36 255 255 255 255 0 0 136 228 255 255 79 255 255 0 0 141 255 255
    124 255 74 0 255 0 255 23 255 187 109 255 21 0 255 0 205 255 0 0 0
    255 0 255 61 13 0 74 0 255 255 0 68 209 255 0 33 255 255 128 255 0 0
    0 0 0 255 0 255 0 255 174 255 255 0 0 255 233 255 0 128 255 255 255
    0 0 0 0 0 255 255 255 166 0 0 255 255 255 0 170 0 173 210 0 18 0 0
    255 0 255 0 0 0 198 255 8 255 0 255 103 255 255 255 255 0 0 0 255
    255 255 0 0 0 0 0 255 48 255 0 255 255 255 0 143 0 255 255 255 0 0 0
    0 255 255 255 0 0 0 255 0 255 0 255 0 0 155 255 255 18 255 0 255 255
    0 145 37 0 255 0 255 255 255 0 0 0 149 255 255 255 0 255 0 0 0 119 0
    255 0 255 255 0 0 255 0 42 0 255 255 255 0 0 115 255 24 0 0 255 255
    255 255 0 0 0 255 255 15 255 62 255 255 255 68 0 0 74 255 255 0 0 86
    255 202 0 247 0 0 88 93 255 0 221 0 0 255 255 255 0 255 0 0 0 194
    255 255 113 0 255 29 78 59 255 152 0 0 0 124 255 0 255 255 255 255
    255 79 149 0 255 0 135 232 192 255 40 255 255 255 0 255 0 255 90 123
    0 0 0 128 255 0 178 255 255 0 2 0 255 206 255 0 0 0 0 255 255 220
    255 0 255 9 201 255 92 0 0 0 0 0 0 255 238 255 0 255 255 255 255 0 0
    255 255 94 255 0 0 151 0 0 248 47 255 255 255 0 255 255 255 255 0 0
    0 98 255 255 42 255 0 255 59 255 0 255 0 0 0 255 255 255 255 0 0 0
    255 255 0 0 0 255 255 0 0 255 255 0 0 0 255 255 255 0 0 197 83 255
    255 0 0 255 255 255 226 255 255 255 70 255 0 0 255 0 255 255 0 0 0 0
    0 191 255 255 0 168 0 0 0 255 255 255 194 35 84 202 0 255 52 0 0 255
    255 0 166 255 0 0 0 0 0 195 0 255 221 0 0 4 255 0 255 111 255 219
    255 0 0 0 0 0 255 255 0 0 0 255 255 255 180 0 0 255 255 222 0 95 0
    204 0 255 255 255 0 0 255 255 122 255 0 255 210 255 0 0 0 255 255
    255 0 0 0 255 255 221 255 255 255 0 213 0 104 255 255 255 0 0 0 255
    0 255 180 255 0 0 0 181 255 0 0 101 0 255 0 0 255 255 0 0 0 255 255
    0 0 8 255 255 0 255 3 255 82 255 0 255 3 0 0 255 0 255 0 123 255 0
    255 0 255 0 230 0 120 0 0 255 123 255 0 255 0 0 0 255 161 255 0 0
    107 4 0 0 255 105 255 0 0 0 19 255 0 255 255 228 194 87 8 7 0 0 245
    0 255 0 185 0 255 255 172 0 0 0 186 255 0 138 255 0 49 147 0 110 0 0
    255 0 255 26 255 43 0 0 255 255 0 0 255 0 68 59 0 0 61 255 255 81
    255 14 255 129 0 255 255 184 0 0 255 255 69 0 255 255 85 140 255 255
    255 255 0 0 255 0 255 0 255 0 0 0 255 219 255 255 189 0 0 255 0 0 0
    255 196 255 0 0 0 255 255 255 255 255 255 0 0 0 255 0 0 94 0 0 255
    255 0 198 0 209 0 137 0 0 111 0 217 255 0 0 0 159 255 255 188 0 0
    157 0 255 0 0 0 33 255 255 255 255 0 255 0 0 163 0 255 255 0 0 0 105
    0 255 0 255 12 255 255 0 0 0 255 255 222 250 255 0 255 0 255 10 90 0
    255 0 0 0 255 255 255 0 0 0 77 239 255 255 0 0 0 255 255 252 0 255
    193 255 255 0 255 0 192 0 255 67 255 255 0 244 0 255 0 255 0 0 255
    104 255 255 255 0 0 0 0 255 255 0 0 0 255 255 0 0 0 0 31 0 255 255 0
    0 255 255 255 255 0 255 0 255 0 31 0 0 255 255 0 0 255 0 0 255 255
    145 0 0 255 255 0 0 255 255 0 81 255 255 0 120 0 255 255 186 255 255
    0 255 255 255 0 0 0 255 255 255 0 205 0 255 103 255 10 255 250 0 255
    255 255 0 218 0 255 53 0 255 0 255 145 255 110 255 0 255 0 255 255 0
    255 215 255 255 0 0 255 255 0 220 255 0 0 0 176 255 45 157 255 255
    255 0 0 0 255 255 79 0 0 0 115 55 63 255 255 87 46 255 251 162 255
    55 0 0 98 165 255 255 149 255 255 255 255 18 0 255 239 76 0 255 0
    255 0 0 215 255 255 255 0 14 0 69 0 255 255 0 0 0 255 207 255 0 255
    255 190 0 255 255 233 166 255 255 0 255 0 143 226 0 106 255 4 0 255
    255 110 0 0 161 255 0 0 0 0 255 255 255 255 0 0 0 46 41 0 255 255
    255 0 255 255 255 0 15 0 255 0 0 210 0 70 0 0 255 106 0 255 0 255 0
    255 255 255 255 247 0 0 0 0 255 255 255 255 88 255 0 197 255 255 251
    0 157 255 255 255 0 0 238 255 255 255 0 255 21 255 255 0 0 0 255 134
    255 0 0 0 255 187 255 255 0 85 56 255 0 0 0 255 255 255 255 0 255 0
    0 255 241 255 0 0 0 255 255 244 0 0 0 255 255 0 0 0 0 0 255 0 255 0
    255 255 38 255 0 0 0 255 42 255 0 112 255 255 255 0 0 180 0 103 0 0
    0 0 255 255 255 255 190 0 0 255 255 0 0 255 255 252 0 255 255 255
    255 0 0 0 79 255 255 0 0 84 255 224 0 255 0 255 255 175 172 0 0 209
    255 255 0 255 0 255 0 255 0 0 0 255 0 255 255 255 134 255 0 107 0
    131 97 24 141 255 255 255 0 26 0 255 0 160 27 255 193 255 0 255 67
    255 255 0 0 255 255 0 17 0 0 0 0 0 31 255 0 255 0 56 255 255 0 0 255
    0 0 0 1 255 0 0 150 255 255 121 0 0 0 255 115 86 0 255 0 0 255 255 0
    255 255 202 255 229 255 0 255 255 255 0 255 169 255 255 0 184 0 255
    61 0 255 255 0 0 0 255 0 255 116 255 255 255 0 0 0 255 255 38 0 12
    255 0 255 0 0 0 255 79 170 255 255 255 0 0 0 255 0 255 255 255 88 0
    0 255 255 255 255 0 0 255 255 0 255 83 255 0 255 255 0 255 0 255 0
    255 255 90 0 0 219 255 255 0 113 0 255 80 255 0 255 255 192 0 0 255
    185 0 6 0 255 0 255 103 255 255 0 39 0 255 0 255 255 0 255 255 255 0
    255 214 220 0 0 255 0 255 255 172 255 0 0 0 255 255 255 0 127 0 255
    0 255 0 255 0 0 255 255 255 0 152 255 46 255 156 159 0 255 0 28 0 0
    244 0 255 52 255 255 255 23 0 0 0 255 255 255 255 0 30 0 255 0 128
    255 255 0 50 0 255 0 78 0 255 255 0 0 255 255 255 0 255 123 0 13 0
    255 255 255 119 0 0 43 255 255 24 0 91 255 0 255 0 255 0 255 0 148
    102 255 0 255 0 255 0 255 255 255 177 18 0 88 255 0 27 0 0 255 255
    255 255 0 255 0 0 0 255 255 255 0 0 255 43 255 0 255 218 168 0 255
    255 255 255 0 255 255 255 255 0 0 0 255 247 255 221 169 255 0 255
    255 0 0 0 255 255 255 23 166 0 39 255 255 255 0 255 186 255 222 255
    0 0 255 0 255 0 255 198 255 0 255 255 255 0 0 255 255 0 250 0 255 0
    255 0 0 0 164 255 255 227 0 0 0 149 0 0 77 0 215 255 255 255 255 255
    0 43 255 255 255 0 255 0 74 216 255 15 0 255 0 255 0 0 0 255 255 12
    255 0 0 255 128 0 124 255 23 53 255 255 237 255 0 0 255 0 255 0 229
    0 146 0 255 255 255 255 0 0 0 255 255 255 0 0 0 255 255 132 0 255 0
    0 88 0 255 255 255 0 0 0 0 255 255 0 187 255 255 255 0 0 255 111 255
    193 255 0 0 48 255 255 255 0 255 0 255 0 255 0 255 0 0 0 0 83 21 255
    0 0 0 0 255 255 255 255 0 255 0 255 0 0 255 0 0 5 255 173 255 0 245
    0 0 255 255 255 235 223 0 0 0 0 255 255 255 255 0 255 0 255 108 255
    0 255 0 0 207 255 0 255 0 255 34 114 0 0 255 255 0 0 44 255 255 255
    255 0 0 0 255 255 0 39 13 255 0 255 0 255 0 0 0 0 255 255 255 255 0
    255 255 156 0 0 0 255 59 255 0 0 255 255 255 0 0 155 255 255 255 255
    0 0 239 255 255 79 0 0 0 100 255 255 255 178 0 0 105 255 255 0 255
    234 241 28 0 45 0 255 0 255 193 208 0 255 0 255 255 255 0 0 0 255
    255 255 255 255 0 222 0 0 0 0 255 0 255 0 255 0 255 0 255 0 48 255 0
    255 0 0 202 255 255 255 255 255 0 113 0 81 0 255 255 255 255 255 0
    12 121 0 0 255 255 0 0 0 0 255 0 255 255 255 14 0 138 244 0 255 147
    255 54 255 255 215 255 0 0 0 0 0 255 255 154 0 0 255 0 0 255 98 70 0
    0 255 0 10 0 255 0 255 0 56 255 22 255 0 121 228 255 0 0 0 255 0 0
    255 246 72 255 0 0 0 0 255 255 255 0 255 255 255 255 0 255 0 0 0 255
    255 255 168 70 82 0 0 255 255 132 255 0 255 255 0 0 0 0 255 255 221
    0 0 255 255 0 255 255 0 3 143 255 192 0 62 0 0 0 255 255 0 138 249
    33 179 0 0 18 255 64 127 0 255 0 0 255 255 255 173 0 0 215 0 0 255
    255 0 0 255 224 3 0 0 0 0 0 255 105 255 0 0 0 68 255 186 255 255 0
    13 255 234 0 255 0 69 165 0 0 0 255 137 255 255 255 0 0 30 0 255 255
    0 0 0 255 255 255 255 0 0 255 255 63 0 0 255 0 255 0 0 255 255 0 0 0
    0 255 52 153 172 0 255 0 255 255 255 0 59 0 38 226 255 0 0 0 255 255
    199 201 7 208 255 0 0 0 48 255 255 118 0 0 0 0 255 0 255 0 0 0 138
    255 0 146 145 255 255 255 41 42 0 0 0 255 201 0 0 0 255 255 255 0
    255 0 255 0 255 0 0 0 0 255 0 0 0 0 164 0 255 0 0 255 0 255 0 255
    255 0 0 0 147 255 255 0 0 0 0 255 199 0 255 0 255 117 255 255 0 255
    255 255 255 0 112 0 0 0 77 255 255 255 0 0 0 0 236 0 1 255 255 0 0 0
    255 50 56 60 255 255 0 255 0 255 255 0 255 0 255 0 255 0 0 0 135 0
    255 255 67 255 0 0 0 0 40 105 255 0 91 118 0 173 0 0 255 0 0 0 53
    255 63 0 255 0 0 255 255 255 0 43 0 0 255 88 255 0 141 255 255 255
    184 0 236 9 253 0 0 0 0 255 121 0 255 0 255 0 255 0 255 255 255 0 0
    0 225 255 230 120 0 255 157 255 0 0 255 0 230 0 0 255 157 246 255
    214 0 0 255 255 255 247 221 255 0 255 255 255 189 0 255 0 255 225
    255 0 255 0 87 0 255 255 255 0 0 255 164 0 255 255 255 255 0 0 37
    232 145 108 0 255 0 255 0 105 0 133 0 255 255 255 0 0 108 255 255
    255 0 255 31 255 255 0 255 0 255 175 255 0 255 0 0 255 0 255 0 209
    14 255 255 228 110 0 133 0 0 0 75 255 255 9 0 0 22 255 255 255 255 0
    0 216 255 255 0 0 203 255 0 0 0 255 0 206 112 0 255 255 0 255 0 0 0
    0 255 255 255 255 255 0 0 0 255 255 255 0 255 0 120 0 255 255 210 0
    0 255 0 127 255 255 0 255 0 0 0 255 255 255 255 0 0 0 255 255 0 0 0
    0 255 168 255 0 255 0 93 0 0 96 126 255 0 0 255 255 31 142 0 255 250
    0 255 0 255 255 77 0 0 255 255 255 48 0 0 255 0 17 0 255 255 0 109 0
    255 255 255 0 0 0 255 255 255 0 91 0 255 255 0 0 0 28 255 0 0 0 250
    0 0 168 0 255 252 255 233 255 0 0 0 174 255 255 255 0 0 0 251 0 0
    255 255 107 0 255 255 149 255 255 0 0 180 255 0 0 255 255 255 255 0
    0 0 255 255 0 0 0 255 255 255 255 255 33 0 0 0 194 0 255 255 0 0 0 0
    0 105 255 255 255 0 134 92 0 41 70 255 0 0 0 255 0 255 0 212 61 255
    132 198 127 0 255 99 220 0 0 255 0 0 32 255 255 255 254 255 0 255 0
    107 0 255 157 0 255 105 0 0 0 255 255 0 0 0 255 208 254 0 255 0 0
    255 0 140 184 255 255 255 0 0 255 255 0 0 59 255 255 237 0 255 0 0 0
    255 255 255 255 0 255 114 0 0 255 240 28 0 0 255 255 255 255 0 0 0 0
    255 255 0 148 0 0 0 0 22 255 255 255 255 0 0 0 255 0 255 58 0 255
    255 255 0 0 0 255 255 255 37 0 255 0 255 255 255 0 255 0 137 255 255
    135 255 255 242 255 255 255 254 255 0 0 0 0 255 255 255 0 0 0 0 0 0
    27 255 255 255 0 55 0 205 255 255 0 0 41 255 0 255 255 0 0 255 213
    37 180 0 0 185 255 0 255 255 255 0 0 144 255 255 37 0 255 255 255 0
    198 255 0 0 23 90 0 0 255 255 157 255 0 0 0 255 0 0 0 0 255 0 0 0 0
    196 0 255 255 255 0 0 0 255 255 235 0 0 255 255 255 0 250 0 255 43
    255 0 255 255 255 255 80 0 0 0 255 255 123 255 0 0 0 37 6 0 0 0 0
    254 255 0 255 0 86 0 255 255 255 255 190 62 0 196 42 255 255 28 0 0
    255 32 0 255 255 63 255 255 0 125 255 0 0 255 255 0 255 40 214 7 3
    54 0 255 255 0 0 244 0 255 255 83 255 255 255 255 0 255 0 255 230
    255 0 0 235 255 255 255 255 255 0 255 0 215 0 255 0 255 0 148 0 255
    64 0 255 255 255 0 0 0 255 0 255 255 0 0 255 255 255 255 0 255 88
    255 255 255 55 255 0 255 75 6 0 255 255 255 255 0 0 214 0 255 8 139
    58 0 255 0 0 0 255 89 0 0 0 255 255 0 0 0 255 255 175 0 255 255 255
    255 255 0 255 0 0 201 0 255 0 0 217 0 0 0 255 136 35 255 0 0 255 89
    255 196 255 0 165 0 0 0 23 0 64 255 255 255 0 0 0 255 0 0 0 236 0 0
    117 153 70 255 255 0 255 0 255 255 145 255 255 255 0 129 0 0 0 0 202
    255 255 255 0 219 0 255 0 0 0 255 4 0 255 255 0 0 0 0 255 255 255
    175 0 255 0 255 77 0 255 0 255 0 168 0 255 14 0 255 0 255 114 0 255
    255 0 0 175 52 217 255 255 255 0 255 0 0 255 255 255 0 0 0 152 0 202
    0 0 0 150 255 0 255 0 0 56 255 0 255 0 0 255 0 0 255 0 212 0 255 255
    182 0 0 255 0 0 0 255 255 0 255 132 0 0 0 255 0 255 0 255 255 255 36
    0 0 0 255 255 0 255 255 13 255 0 0 0 0 255 0 0 0 255 255 255 0 255 0
    255 0 0 0 255 132 255 255 0 0 225 0 0 255 255 255 0 0 255 0 255 0
    255 0 17 0 0 12 0 118 0 255 0 255 0 255 0 255 0 255 0 255 0 80 88
    255 48 219 255 0 255 0 255 0 0 255 0 255 0 0 255 255 255 0 0 255 255
    108 0 0 0 0 22 222 255 255 255 62 108 0 255 255 255 0 0 0 255 86 255
    202 0 229 0 104 0 255 255 255 0 0 255 0 0 115 255 255 255 255 0 0
    255 0 255 0 255 0 255 0 255 0 255 255 255 0 238 0 203 255 0 0 0 255
    255 0 0 0 255 0 0 255 0 0 255 0 0 27 255 107 255 0 255 0 255 31 0 0
    255 0 255 255 255 0 255 255 0 0 34 163 0 0 255 34 255 63 255 0 250 0
    255 0 255 255 255 255 0 0 255 255 49 255 0 255 0 255 255 255 0 255
    255 164 0 0 0 159 0 0 0 255 255 0 0 0 255 0 255 255 0 225 0 255 0
    255 227 25 0 0 0 170 255 255 255 179 0 0 0 255 255 84 255 0 0 0 0 0
    255 255 0 0 0 0 255 0 255 209 0 155 255 0 32 67 251 180 255 0 255 0
    71 0 0 0 255 0 143 0 255 0 113 78 255 255 0 252 174 0 0 0 0 255 0 0
    255 255 255 65 0 0 255 0 0 255 0 255 0 255 0 255 255 0 0 143 255 126
    255 255 255 0 0 0 255 192 255 255 123 0 255 255 255 255 0 0 0 255
    255 255 0 0 0 0 255 0 0 255 15 255 0 255 255 255 0 0 0 255 0 255 0 0
    0 0 255 255 0 191 0 255 255 0 0 0 166 255 255 0 255 0 0 0 255 255
    255 0 255 255 255 0 0 0 0 255 0 255 0 0 0 242 0 0 0 111 0 255 0 255
    0 255 255 255 20 255 255 255 255 60 0 255 138 71 255 255 21 0 185
    255 255 10 230 0 255 174 255 255 255 0 0 215 240 255 0 34 255 0 255
    255 255 0 0 255 0 0 255 0 235 255 255 163 0 0 0 0 255 255 0 255 255
    0 0 0 246 255 255 255 255 169 58 0 0 0 255 255 255 0 0 255 255 255 0
    255 255 255 255 54 255 255 255 0 0 255 0 0 0 0 255 255 255 255 255 0
    0 255 158 0 255 255 0 0 255 255 0 0 255 255 0 0 0 0 255 0 255 255 0
    0 0 255 241 255 255 255 255 0 0 0 2 75 255 173 89 255 255 222 26 0
    255 255 255 255 255 255 0 80 109 255 0 0 0 255 66 255 35 255 255 187
    0 249 200 181 255 255 95 37 0 0 255 0 255 0 255 0 0 255 211 0 0 0
    255 255 50 255 0 65 255 255 0 0 255 255 189 0 146 0 255 0 255 43 0 0
    255 255 90 112 0 0 0 0 124 111 255 181 0 255 0 255 66 0 0 255 255
    255 0 13 0 255 255 255 255 255 219 0 0 255 255 255 249 0 0 0 255 0
    17 255 0 47 0 255 0 0 0 183 255 164 255 0 255 0 0 255 22 255 70 255
    234 255 0 255 255 255 255 0 152 255 148 0 0 255 255 255 0 255 255
    255 186 0 11 0 0 0 255 214 255 0 236 255 18 255 255 255 0 255 236
    149 55 0 0 255 255 255 255 0 255 24 0 0 255 255 255 0 0 255 255 203
    0 0 255 255 102 0 0 45 255 0 0 0 236 0 255 0 255 0 255 255 255 0 255
    0 255 255 255 255 0 0 148 0 255 68 184 255 255 255 1 255 0 255 0 149
    68 0 0 0 0 255 0 255 0 255 0 255 0 255 255 255 255 0 0 0 0 0 255 255
    255 255 0 189 0 0 0 255 255 82 0 0 0 255 255 64 0 0 255 255 255 0 0
    0 111 103 255 62 0 255 0 16 0 44 255 0 91 0 255 255 255 0 0 0 255
    255 255 0 0 34 21 26 255 0 0 0 0 0 255 255 255 0 0 0 255 255 255 0 0
    0 0 255 0 255 0 255 0 255 0 255 0 255 0 47 255 255 156 0 0 0 191 255
    255 0 0 0 0 246 255 255 0 0 255 255 0 0 255 255 255 0 0 242 0 0 148
    255 255 1 0 255 0 0 167 255 39 255 0 61 0 255 255 255 187 0 0 255
    255 0 255 255 255 97 0 0 0 255 0 7 0 255 255 0 0 0 134 0 0 0 255 195
    255 255 255 0 0 255 123 194 244 255 0 0 0 204 0 255 161 255 255 0 0
    255 0 193 0 0 255 255 255 0 0 152 0 0 0 255 255 38 0 0 0 255 142 255
    0 255 0 255 0 210 160 255 255 0 0 0 255 0 255 255 255 0 0 0 230 202
    85 10 0 255 255 255 0 0 0 255 0 255 0 112 255 255 255 235 121 255
    222 255 106 0 255 255 0 0 0 199 134 255 0 255 255 0 0 169 255 255
    255 255 0 255 255 255 171 0 0 139 67 255 0 0 0 0 0 255 255 255 0 255
    0 0 255 255 54 192 255 34 0 0 134 255 255 0 255 0 255 255 255 255 0
    226 228 255 0 0 52 0 0 0 185 255 255 0 0 0 255 0 255 255 0 71 43 255
    39 186 0 255 255 255 248 191 33 0 0 0 0 0 255 255 255 0 255 0 224 0
    201 255 255 135 0 255 0 255 0 255 255 0 0 0 175 255 95 51 255 0 0 0
    255 253 0 255 255 255 0 0 255 171 0 0 0 255 255 0 0 255 255 255 0 0
    0 196 255 255 0 0 0 0 208 0 0 255 255 255 0 0 0 255 255 0 255 0 0 0
    255 0 171 228 255 255 179 255 0 0 0 0 110 60 255 255 0 0 255 0 80 0
    255 0 255 255 255 0 255 0 0 110 255 0 255 0 255 0 255 255 124 0 255
    255 102 206 132 0 0 202 0 255 255 255 0 0 255 0 0 0 0 255 255 255 0
    255 0 255 255 94 0 0 255 0 58 255 0 255 73 148 0 255 140 255 0 255
    255 255 0 0 255 0 255 0 0 0 255 22 0 0 0 255 255 255 144 0 0 0 178
    255 214 255 0 0 0 0 255 255 255 255 124 1 0 255 0 255 255 0 0 101
    255 195 255 255 255 0 0 255 0 227 255 255 125 255 0 198 139 0 125
    168 89 0 0 0 119 0 255 255 0 0 255 0 110 255 255 255 0 0 93 167 255
    255 255 0 0 0 162 255 255 0 0 236 0 255 0 255 255 0 72 0 255 0 255 0
    0 255 97 0 0 0 255 0 250 255 236 255 0 0 0 255 255 91 255 0 255 0
    255 0 255 0 255 0 255 0 0 0 255 84 255 0 255 255 0 0 0 217 0 0 0 0
    198 0 255 255 255 0 255 0 94 0 255 85 194 0 255 0 255 255 235 255
    129 0 0 0 0 5 78 255 255 161 0 255 0 255 0 255 0 48 225 255 255 0
    255 0 255 255 255 255 255 0 228 255 255 255 165 255 0 255 0 0 0 78
    255 255 255 0 0 0 255 255 250 0 194 0 255 0 255 0 255 0 255 41 0 0 0
    255 255 255 255 76 0 255 43 255 0 0 3 0 255 255 255 255 67 255 0 0 0
    255 255 255 255 159 46 255 0 0 1 0 255 255 255 0 129 140 34 0 0 0
    255 255 201 44 255 0 255 0 0 255 255 255 255 255 0 0 0 0 255 0 0 255
    0 255 0 255 255 255 0 0 0 101 255 0 255 0 0 0 255 255 255 0 0 255 48
    255 0 255 34 0 255 255 255 0 0 0 102 255 255 0 255 0 0 0 255 255 255
    255 255 0 0 255 73 255 255 111 200 255 82 255 0 143 255 0 151 178
    255 235 0 0 62 255 255 255 255 255 255 255 255 0 0 0 62 0 255 255
    255 0 255 0 108 0 255 0 0 196 255 255 255 0 0 0 255 255 255 255 248
    0 46 255 255 169 56 255 255 255 0 255 0 255 0 240 255 0 112 255 255
    255 0 202 0 223 255 255 0 0 0 255 255 0 0 255 255 0 253 0 255 0 0
    255 255 255 255 0 255 255 255 192 0 0 255 0 85 42 255 255 255 255 0
    189 0 255 0 246 0 255 255 255 0 0 255 255 0 255 0 255 237 0 0 65 255
    255 237 132 0 255 255 133 0 0 0 0 0 0 0 0 0 255 255 255 255 255 0 87
    0 245 102 0 44 255 0 255 255 255 0 0 0 255 0 0 0 0 255 0 255 0 255
    255 0 255 255 255 0 0 0 0 255 255 255 0 81 0 0 0 255 0 255 96 0 0
    255 255 0 0 0 0 255 212 255 255 19 255 0 240 255 255 72 76 0 255 0
    255 255 255 0 255 0 0 0 255 255 255 0 0 255 0 255 0 255 255 255 164
    26 0 255 209 255 0 76 255 153 255 0 0 25 255 255 0 255 57 255 0 0
    255 255 255 0 0 212 255 0 255 255 152 0 0 81 0 255 0 0 43 0 90 255
    122 255 0 0 0 255 255 212 0 255 84 60 0 117 0 39 255 255 255 143 0 0
    180 0 0 0 220 255 255 255 13 0 0 255 255 255 31 255 0 255 0 71 0 255
    233 0 255 255 255 0 0 0 255 0 255 74 255 255 255 0 113 0 255 0 255 0
    255 0 255 255 255 0 46 77 255 255 67 0 119 97 255 255 0 0 0 255 238
    0 255 255 255 147 0 0 255 255 255 0 0 255 255 201 0 0 255 255 255 0
    0 255 255 255 0 255 0 255 0 213 0 255 0 255 0 255 0 0 255 255 255 0
    194 0 255 255 255 42 0 0 105 255 255 255 22 255 255 255 0 255 0 0
    255 79 0 0 0 255 255 22 103 0 0 110 255 0 0 255 81 0 0 105 255 255 0
    0 255 0 255 0 0 0 255 0 255 234 255 0 0 255 121 255 255 255 0 255 0
    0 255 255 0 0 117 103 87 6 255 0 255 0 255 136 255 0 255 255 255 0 0
    122 183 255 0 0 255 255 255 0 255 81 0 0 0 255 7 51 0 222 255 255 14
    6 0 255 0 0 0 255 255 255 255 0 0 0 0 255 44 0 0 0 255 101 255 255
    241 0 61 0 0 255 255 0 255 84 255 255 126 225 0 255 219 255 142 0
    255 0 255 0 255 0 255 0 255 35 0 255 255 0 0 0 255 29 255 255 255 46
    0 255 0 255 255 255 0 255 0 255 0 73 255 0 0 0 76 14 0 0 0 255 83
    117 255 0 0 111 0 0 255 0 255 0 255 0 0 0 255 0 0 0 255 255 255 255
    255 255 0 255 179 0 0 0 254 255 68 0 0 14 54 182 0 255 0 0 0 0 255 0
    255 135 223 77 255 0 255 255 255 0 0 0 72 0 255 0 255 0 255 0 255 0
    255 255 255 255 0 255 0 255 0 198 255 255 255 0 255 0 0 0 131 255
    255 0 0 255 255 255 0 0 255 235 235 72 255 61 0 245 255 255 0 178 0
    255 255 255 0 255 255 195 255 0 0 0 0 255 0 6 0 0 255 255 255 0 0
    169 0 0 46 0 255 255 0 229 255 255 0 36 255 0 58 255 255 199 0 255
    210 255 255 168 0 0 255 0 255 0 54 255 0 168 0 0 230 0 0 255 255 0
    255 255 255 0 0 0 197 255 0 0 0 255 255 0 255 255 0 0 87 255 255 238
    0 0 0 255 142 255 183 255 255 0 228 0 0 0 0 255 0 255 0 255 0 0 255
    255 255 0 0 255 109 255 255 0 238 146 255 0 0 255 255 255 117 0 255
    0 255 165 255 255 0 255 235 255 255 163 255 242 0 181 255 0 0 44 0 0
    0 119 0 53 255 255 203 0 255 255 255 0 0 0 255 255 154 0 0 69 0 0 0
    0 79 0 0 255 255 255 0 255 145 238 255 83 255 0 255 0 255 0 0 0 10
    255 212 255 255 0 0 0 0 0 255 255 0 0 255 255 0 255 0 0 255 255 0
    255 168 255 0 0 0 0 0 0 250 255 0 255 174 3 140 255 0 0 0 255 255
    255 0 61 0 255 255 0 0 0 255 255 255 0 0 192 0 0 0 72 255 255 0 172
    255 225 0 0 252 0 0 255 0 255 255 255 0 255 114 0 136 255 255 18 255
    0 0 131 255 0 255 0 255 0 0 0 113 255 255 255 255 0 255 0 252 0 0 0
    216 108 255 0 0 255 255 109 0 13 255 0 0 255 0 0 0 255 0 255 0 255 0
    139 0 255 0 83 0 0 0 0 255 0 189 255 255 0 0 0 7 188 255 0 239 182
    255 235 255 0 0 0 255 255 255 0 255 255 255 0 198 0 255 0 255 0 255
    0 0 255 0 0 0 0 75 255 0 234 0 255 0 0 129 255 255 0 0 0 255 30 0 0
    121 8 0 153 0 255 255 0 83 212 0 0 0 255 255 45 255 0 215 0 255 69 0
    0 255 0 0 76 0 255 71 255 255 255 0 153 0 180 0 26 0 255 0 255 0 0 0
    255 255 255 0 66 255 0 255 0 180 132 255 0 0 0 255 0 59 255 0 118 0
    255 221 0 242 0 255 0 0 0 255 92 58 0 199 255 255 255 255 0 58 0 255
    0 255 0 110 0 255 0 76 255 255 255 0 255 255 255 0 255 221 255 255
    255 0 0 255 62 255 141 255 0 255 13 0 0 255 0 255 255 255 0 23 0 77
    255 255 255 255 0 235 0 255 255 0 155 0 0 0 255 255 255 255 0 204
    255 112 0 0 255 255 235 0 255 255 75 255 255 0 255 0 255 0 255 124
    123 166 255 160 107 0 255 0 255 0 255 255 0 255 255 255 255 0 255
    255 0 224 133 227 76 16 255 135 255 0 0 255 29 255 18 60 0 0 0 255
    255 255 81 255 255 141 0 0 255 188 239 0 255 0 255 169 0 0 255 0 0 0
    0 255 0 255 0 255 0 255 0 255 0 255 72 255 93 113 255 255 232 0 255
    144 255 0 0 0 255 255 0 255 255 188 19 0 40 0 249 0 255 0 255 0 255
    0 145 0 255 0 0 255 202 255 255 184 0 0 255 0 255 255 255 0 255 9 0
    255 0 255 255 150 184 0 0 0 0 0 255 0 0 255 255 255 6 255 0 255 255
    0 255 0 0 0 180 255 0 239 13 255 0 255 159 255 0 0 0 255 0 255 255
    44 255 160 45 0 255 255 94 115 51 0 255 0 255 4 0 0 255 255 0 0 0
    255 0 255 0 0 253 255 255 0 255 255 133 255 0 255 24 255 0 255 0 102
    118 255 255 255 0 255 0 0 101 255 117 39 0 0 0 255 173 255 132 0 0 0
    0 168 255 182 255 126 255 0 0 0 255 0 0 0 18 255 255 255 255 0 0 0
    255 255 255 0 0 255 0 0 255 165 0 0 0 255 255 255 0 97 237 255 0 0 0
    198 255 186 255 255 0 0 255 255 16 0 0 0 255 255 159 255 0 255 209 0
    0 255 223 0 255 186 0 0 0 255 255 255 251 255 31 0 0 255 255 0 0 0
    255 255 255 0 0 0 219 0 0 0 0 43 255 255 255 0 255 0 0 255 255 254
    255 0 55 124 0 255 0 255 245 0 0 0 0 195 255 0 255 46 255 255 255
    255 255 255 209 255 0 25 0 0 0 255 0 255 255 255 0 0 0 255 0 255 0
    255 255 255 0 0 0 37 0 0 255 255 228 0 0 255 255 0 0 255 255 0 255 0
    74 231 153 0 0 255 255 255 255 0 116 213 255 202 255 0 198 9 255 254
    0 0 0 0 0 255 255 0 0 0 255 255 255 0 255 170 216 0 0 255 255 0 124
    76 255 0 20 0 255 255 255 0 255 255 0 255 0 0 0 71 0 0 255 255 0 0 0
    0 0 255 0 255 255 255 255 0 0 255 0 0 255 0 0 0 255 0 255 138 227
    228 255 255 222 255 255 0 0 255 255 255 20 64 126 255 0 255 0 0 0 0
    255 255 255 0 255 0 0 211 255 0 255 193 254 0 255 0 43 255 255 56
    255 255 19 0 255 255 37 255 255 3 255 51 255 0 178 198 255 0 255 107
    255 255 0 255 0 0 255 255 255 0 83 203 0 255 111 0 0 0 255 0 255 0
    65 0 255 255 77 0 255 255 255 165 0 255 0 0 255 255 255 0 0 255 255
    255 0 255 255 255 255 36 255 245 255 0 175 255 255 255 0 255 0 255 0
    173 166 22 204 165 154 255 255 0 0 255 0 255 0 255 0 255 0 255 255
    62 255 143 198 0 121 255 0 255 255 255 232 0 255 237 255 255 255 255
    23 94 255 237 0 110 255 255 0 0 255 0 116 0 255 81 255 0 255 0 255
    58 255 255 255 255 255 255 0 255 0 0 0 0 0 255 0 255 45 255 255 255
    0 255 0 0 219 255 0 0 0 255 0 255 86 0 0 0 0 255 210 0 37 255 45 255
    0 0 0 0 255 255 255 255 0 255 255 255 205 117 0 0 255 255 198 0 161
    255 255 255 255 0 255 0 0 0 0 13 0 237 0 255 0 255 0 255 0 107 0 212
    0 255 0 255 0 255 0 255 0 0 0 0 0 255 255 255 0 73 255 255 0 255 255
    255 255 0 255 0 255 255 255 255 255 0 141 255 0 0 0 255 255 0 0 0
    255 255 255 0 0 218 229 0 255 255 255 0 255 40 158 253 255 0 255 0
    255 0 255 0 255 84 255 255 126 0 0 138 255 0 0 146 255 255 255 188 0
    0 0 255 212 0 0 255 255 255 255 0 255 0 0 0 0 36 233 255 255 12 150
    255 84 255 255 255 0 0 255 0 255 0 0 76 0 0 255 255 0 255 0 0 255
    255 255 255 0 0 0 255 255 105 255 0 255 0 255 255 0 220 0 255 255 0
    255 0 0 0 0 0 240 255 255 0 255 200 255 0 0 255 255 0 0 0 0 0 0 0
    255 255 119 0 255 0 255 255 0 255 173 255 255 255 255 227 0 255 80 9
    231 255 0 0 0 255 255 255 0 0 16 255 70 0 0 0 0 0 0 0 255 132 255 0
    255 0 255 255 255 0 221 53 0 255 0 255 255 119 0 0 0 255 255 239 255
    0 255 255 255 255 36 148 0 0 240 255 255 0 255 0 0 255 255 0 255 255
    167 249 0 255 255 0 0 118 255 255 165 224 255 249 222 0 0 255 0 255
    0 255 0 255 255 0 0 133 255 255 0 0 255 255 255 5 255 0 255 255 255
    0 0 0 255 255 0 246 255 144 0 255 255 115 0 0 255 0 255 140 0 0 255
    90 255 255 255 255 0 0 255 255 91 0 0 255 233 145 0 255 255 0 0 0
    249 26 255 0 255 255 255 0 99 0 0 255 0 120 0 255 0 0 104 0 255 198
    0 128 255 76 255 221 255 0 0 0 0 25 0 0 255 255 255 0 0 0 255 220 32
    0 0 0 242 25 255 0 0 0 255 170 255 6 0 255 255 255 255 255 15 0 0 0
    176 255 255 255 0 0 255 255 0 0 151 255 255 63 255 255 32 0 199 0
    255 11 255 0 0 236 255 255 0 0 0 255 255 0 215 0 255 255 0 255 255
    255 0 0 0 255 82 0 255 17 255 255 255 0 0 255 255 255 255 255 0 255
    0 0 255 217 208 0 0 142 255 155 255 255 255 0 255 255 0 0 255 255
    255 0 0 123 171 255 0 255 255 57 0 255 57 255 0 0 255 255 72 0 76
    255 255 255 0 255 0 207 0 255 0 255 0 255 255 255 0 0 255 0 255 0
    255 0 0 0 0 0 1 19 0 0 115 255 189 0 0 10 0 0 70 255 0 0 0 197 0 255
    0 0 49 231 0 255 56 255 0 255 0 0 0 255 255 193 255 255 255 0 0 0
    222 0 142 255 255 60 232 255 255 0 0 0 255 0 255 0 255 255 0 255 0
    255 0 255 195 255 0 0 0 0 255 0 0 0 0 0 0 255 255 87 0 0 255 187 255
    0 0 0 255 0 255 255 255 51 0 255 0 255 0 255 0 0 0 0 0 255 255 255
    37 89 0 255 255 185 0 0 122 255 255 255 0 255 255 255 0 255 255 255
    0 0 233 0 0 0 221 161 255 0 0 0 255 0 255 0 255 0 174 0 255 0 0 239
    255 0 255 0 255 5 0 0 0 0 255 255 0 7 44 255 0 255 142 255 255 0 255
    88 0 0 255 0 255 0 0 0 255 255 255 145 0 0 0 4 253 0 0 255 255 255 0
    255 229 255 255 0 0 255 65 255 25 49 71 255 255 255 115 43 0 65 102
    0 0 138 60 255 255 0 62 0 255 255 0 0 255 255 0 255 0 57 0 255 255 0
    142 0 0 82 45 130 0 0 0 153 0 86 17 255 255 255 0 0 0 255 188 255 0
    255 0 255 12 0 255 95 255 0 0 0 255 0 255 255 0 71 255 0 8 0 0 255
    255 255 0 255 255 0 0 153 255 255 255 255 0 155 255 255 0 0 0 0 182
    137 255 197 85 255 255 255 0 0 31 0 255 0 255 0 255 255 255 0 0 255
    0 0 0 183 146 0 255 255 0 0 0 255 255 255 199 255 255 0 219 0 255
    255 0 57 255 255 255 255 55 70 0 0 0 255 255 255 255 255 255 6 255 0
    0 255 216 255 255 0 255 201 237 0 129 255 255 255 0 255 159 0 113
    255 65 255 255 255 255 255 0 0 62 254 255 255 0 0 0 0 255 209 255
    255 255 0 0 0 0 0 255 0 255 0 255 188 255 0 0 255 255 0 0 255 0 99 0
    255 255 255 115 255 255 0 255 0 0 0 67 255 255 0 0 0 255 0 0 255 255
    255 255 255 196 179 0 255 0 255 255 0 255 255 255 56 0 0 255 255 255
    14 0 225 255 255 0 108 37 211 0 0 0 0 0 0 255 0 89 0 255 255 186 0 0
    0 255 70 255 161 255 0 0 255 255 255 0 0 255 18 0 255 0 255 0 255
    255 252 0 0 255 255 0 0 255 203 255 200 185 0 0 255 56 255 231 0 0
    255 255 255 0 255 66 0 0 255 255 148 255 255 255 0 255 0 255 255 255
    255 0 255 255 255 0 255 107 197 0 0 255 0 0 255 166 0 255 0 255 0
    255 223 0 0 0 0 255 255 0 143 0 0 0 0 0 255 255 255 255 255 255 85 0
    197 255 255 167 0 255 0 255 255 88 0 0 255 255 255 0 255 0 255 0 255
    0 98 0 255 0 255 25 0 0 0 255 255 255 0 0 0 187 92 75 0 0 255 255
    255 255 255 255 255 0 0 255 0 255 0 255 0 3 0 255 57 126 46 0 0 0
    255 255 0 0 255 0 141 255 255 0 255 255 0 0 134 255 255 0 0 0 0 255
    255 233 0 0 0 92 219 26 0 0 0 0 0 255 0 255 188 0 0 0 255 0 0 249
    255 255 0 8 0 0 0 0 255 255 230 0 0 0 255 80 255 0 255 0 0 94 255
    255 0 255 237 135 0 0 17 255 255 0 255 0 138 0 255 255 255 0 6 55 96
    0 102 255 0 255 0 255 255 0 255 255 206 0 0 255 0 255 0 255 0 255 0
    0 255 0 255 0 0 255 0 255 0 255 255 255 255 255 24 81 0 255 255 0 0
    92 0 97 0 255 0 0 0 255 255 0 255 0 255 52 0 68 0 255 94 255 255 0 0
    0 174 203 255 255 255 46 255 0 255 172 255 255 0 0 0 0 255 0 0 0 255
    255 255 0 104 78 255 141 0 255 0 255 140 255 255 91 0 92 255 255 91
    148 255 5 0 0 0 0 255 255 191 0 0 117 255 0 0 185 255 255 0 0 0 0 0
    255 152 255 255 0 0 0 255 100 0 0 255 0 255 0 255 0 253 255 66 255 0
    0 255 26 255 0 173 174 0 255 229 255 0 70 0 255 0 255 0 255 255 255
    0 0 0 255 161 255 0 255 0 255 0 0 0 242 255 0 255 9 255 0 47 255 0
    194 0 255 0 173 255 255 172 0 0 255 255 255 58 54 0 0 255 255 255
    255 255 0 255 0 0 0 0 255 255 255 106 0 255 75 0 36 157 255 0 255 0
    255 0 0 255 0 255 85 255 255 9 0 0 21 22 215 149 113 0 0 0 182 255
    255 0 255 0 0 0 255 255 0 55 0 255 0 255 0 255 11 255 0 191 0 255 0
    255 52 255 0 0 255 0 255 0 0 45 0 98 0 255 255 255 249 229 0 255 71
    255 255 0 0 255 0 255 0 0 0 255 0 255 0 255 1 0 79 110 0 255 255 255
    0 0 255 255 255 155 0 255 0 255 0 255 255 51 255 0 0 0 0 255 255 168
    0 0 245 255 86 84 0 17 23 255 0 255 255 85 246 0 255 5 255 0 54 255
    255 0 0 0 255 255 0 0 0 255 255 0 130 255 0 0 146 255 0 255 0 0 36
    255 0 58 223 0 0 0 255 0 0 255 126 255 255 0 0 74 255 255 255 0 69
    255 255 255 0 255 0 255 0 234 255 0 0 255 198 157 255 0 184 205 0 0
    0 48 147 255 0 132 0 255 255 20 0 19 255 255 255 255 255 0 0 0 255
    255 70 0 72 0 0 0 255 0 193 255 0 255 255 194 0 255 255 255 226 0 0
    0 255 255 255 255 251 138 0 0 144 255 255 255 255 0 0 0 0 255 255
    255 0 152 0 0 255 255 118 0 197 255 79 255 0 255 255 255 3 0 255 0
    255 0 255 255 0 78 0 255 167 0 190 0 255 14 229 0 133 255 0 255 58
    255 0 57 0 255 135 255 0 0 255 255 144 0 0 0 52 255 255 0 255 0 255
    87 0 0 229 255 255 104 0 255 0 255 255 90 0 0 255 255 0 255 0 255
    209 255 0 255 133 57 255 0 0 255 255 255 255 0 66 0 255 0 255 0 255
    0 155 0 0 255 0 255 0 75 0 48 0 0 84 255 255 255 234 160 105 255 255
    196 0 0 255 255 255 255 255 255 0 0 216 255 0 84 0 255 253 255 0 255
    255 0 0 0 0 255 170 231 0 59 120 255 91 144 109 0 71 255 12 255 0
    144 255 0 0 255 255 255 0 255 0 0 255 255 0 255 255 255 0 0 255 255
    255 11 0 84 226 255 0 255 0 255 255 255 252 0 255 255 0 0 0 255 255
    255 255 0 255 255 0 0 0 136 13 255 255 0 0 255 255 255 0 0 0 0 0 0 0
    255 255 0 0 207 255 255 0 64 255 255 255 0 14 255 155 252 255 255 0
    0 70 0 255 128 149 193 255 255 255 0 0 157 0 0 0 145 217 0 255 0 255
    0 0 122 255 142 255 255 255 255 113 0 0 255 255 0 0 0 0 255 255 221
    0 255 225 255 0 255 255 74 0 157 255 255 255 255 255 0 0 0 255 146 9
    0 241 255 255 0 0 82 255 0 0 255 255 255 0 231 255 255 0 0 255 239
    255 34 0 255 255 20 0 0 0 255 255 0 0 0 255 0 0 0 0 0 0 255 0 101
    255 0 0 0 255 170 255 0 255 17 7 0 0 0 255 255 255 0 255 255 0 18
    152 255 183 0 255 0 255 255 0 224 0 0 255 255 255 0 78 0 0 27 255
    255 255 255 255 0 0 194 255 255 0 255 255 255 0 235 0 255 75 214 0 9
    0 255 255 183 0 255 0 255 102 255 0 61 255 255 255 0 134 255 0 0 255
    255 255 147 0 255 255 255 255 0 255 0 0 255 255 255 62 30 255 25 0 0
    255 255 255 0 0 78 0 0 248 15 124 255 0 145 255 255 59 255 0 255 255
    121 41 0 255 255 255 0 255 0 0 43 44 255 0 0 0 255 255 110 89 0 234
    252 255 255 255 255 0 0 0 255 255 134 66 255 200 0 0 255 255 255 0
    136 33 255 255 111 7 186 255 0 0 0 255 0 255 71 255 255 148 0 0 0 0
    0 255 0 255 0 0 255 255 255 255 174 0 0 255 75 0 255 31 255 255 149
    255 120 204 0 255 0 255 0 44 255 255 255 0 0 255 0 0 249 255 255 0 0
    0 0 255 0 255 255 255 0 255 255 0 0 255 255 0 0 255 0 255 0 255 255
    255 218 192 0 131 0 255 0 21 0 255 255 51 0 37 255 216 255 0 0 255 0
    0 0 255 255 255 0 0 0 0 191 188 255 0 77 255 255 25 255 0 0 255 255
    0 255 0 255 0 255 206 255 255 0 0 255 255 255 255 0 0 255 255 0 0 91
    255 0 114 243 0 200 0 255 0 255 126 255 0 87 0 0 255 255 210 0 255
    255 0 255 0 255 0 0 0 0 255 0 255 0 65 173 255 0 0 28 0 63 255 0 213
    0 115 0 203 0 255 255 0 0 0 20 0 0 219 255 255 176 0 0 0 255 255 0 0
    255 255 255 0 0 0 255 255 255 255 0 0 255 255 255 255 0 0 0 203 255
    0 0 255 255 193 0 0 255 255 1 0 0 0 255 255 255 255 0 194 0 87 255
    255 102 0 255 0 255 255 0 255 255 255 255 255 255 0 0 255 0 0 255 0
    0 0 255 255 0 0 19 255 255 255 0 0 255 255 255 255 0 255 0 255 255 0
    0 0 0 255 255 0 12 0 0 0 255 0 255 255 255 0 0 0 197 255 21 255 0
    255 0 255 0 255 0 255 205 0 255 0 255 0 0 0 255 0 0 255 6 255 255
    157 42 0 0 0 148 184 255 215 255 0 255 0 255 0 129 188 0 255 255 0 0
    255 255 255 255 0 0 255 255 255 9 0 0 0 255 255 255 0 255 0 255 0
    255 0 0 47 255 150 0 0 58 0 255 255 255 0 0 255 255 0 0 0 255 255 0
    181 0 255 255 255 0 255 0 0 31 255 0 255 0 0 118 0 255 255 255 0 255
    255 88 255 0 0 255 63 255 185 0 0 67 75 255 255 255 60 255 0 0 0 206
    151 255 255 255 76 0 0 237 255 0 0 255 0 0 255 255 0 0 255 255 221 0
    255 0 255 0 255 255 0 255 0 255 0 255 4 0 0 255 0 255 98 0 85 0 0
    255 255 255 255 255 255 202 0 0 255 255 105 177 0 0 255 255 118 255
    0 255 0 255 0 220 255 255 255 0 0 255 0 255 0 255 0 0 0 255 0 255 0
    196 255 0 255 255 0 226 0 255 45 0 0 0 255 255 210 0 255 0 0 0 255
    24 0 42 199 255 0 0 0 255 182 0 255 0 255 0 255 64 255 78 0 0 255
    255 255 0 255 75 0 0 255 255 0 184 0 255 0 0 255 255 255 255 0 255 0
    236 189 255 255 88 255 0 0 0 0 255 123 0 232 0 0 0 0 255 255 255 0 0
    255 255 0 255 255 65 242 255 255 0 0 0 255 255 0 149 43 0 255 59 0
    102 0 255 255 255 67 170 0 0 186 255 54 255 140 255 0 0 0 255 255
    255 255 0 0 0 255 255 97 0 167 255 255 244 0 0 255 0 255 255 0 129
    255 0 255 0 0 0 75 255 167 255 0 255 37 255 255 97 0 0 119 0 0 138
    255 255 49 0 0 255 0 0 48 255 0 255 0 255 0 48 255 255 255 0 0 0 36
    130 0 0 0 93 95 0 103 255 71 0 0 0 255 0 0 216 255 0 0 0 125 2 255 0
    0 255 255 255 0 108 251 255 18 0 249 255 0 36 0 205 255 255 114 255
    0 255 0 0 0 0 255 255 255 255 255 0 0 161 157 255 134 0 0 255 0 0
    234 0 255 59 255 255 78 255 0 0 0 255 255 255 0 0 0 255 255 255 0
    255 0 255 255 255 184 0 255 59 255 116 255 0 0 255 255 255 0 0 143
    255 0 0 255 255 255 255 0 0 255 255 183 0 255 0 255 255 255 255 255
    255 0 0 255 61 201 0 0 255 0 0 85 255 255 0 255 0 255 133 255 0 0
    117 0 255 255 255 0 36 132 0 0 63 78 255 74 0 0 255 181 255 255 0 0
    0 255 225 255 169 0 255 255 255 255 255 111 255 0 0 255 255 0 198 0
    0 255 255 209 0 255 255 255 238 255 106 255 0 16 0 74 255 255 255
    255 255 255 0 0 255 255 0 0 140 255 0 255 0 0 0 255 255 255 255 255
    0 255 0 0 0 255 255 0 0 0 0 255 255 64 162 255 255 0 0 255 0 0 255
    255 0 0 0 0 255 255 255 255 0 0 255 190 240 0 0 0 0 0 255 255 0 36
    226 28 0 0 0 255 114 255 255 0 0 255 0 0 0 0 0 126 0 64 0 0 255 255
    255 255 255 255 0 0 173 255 255 21 0 87 130 255 255 0 255 0 255 0
    255 0 255 0 133 0 255 137 255 0 255 0 255 245 231 0 90 62 35 210 0 0
    225 0 255 0 255 121 255 255 116 0 255 148 255 190 255 255 0 41 102
    255 0 0 0 255 232 0 255 0 255 255 255 255 0 255 255 255 255 0 32 0 0
    0 255 255 56 0 0 0 255 196 72 0 0 255 255 255 54 0 255 255 255 0 0
    255 255 123 38 0 0 0 0 218 255 255 255 21 198 0 219 52 221 255 255
    217 255 0 0 255 255 0 0 74 255 255 0 255 0 255 0 255 28 0 0 0 255
    255 0 0 255 0 255 255 0 255 0 255 0 0 0 227 207 0 108 255 0 203 255
    255 255 0 0 117 235 103 0 151 0 255 0 200 120 255 128 15 0 255 0 255
    18 255 255 19 0 255 0 255 0 255 205 185 0 255 255 0 255 89 0 255 108
    0 0 0 255 0 0 0 255 255 255 118 107 255 0 0 0 255 0 255 0 0 0 0 118
    0 255 0 255 247 255 142 255 99 0 0 0 255 0 255 255 255 255 0 255 0
    255 255 255 255 64 0 255 255 221 0 0 255 67 255 0 201 0 255 0 255
    255 86 0 0 255 255 255 0 255 255 255 255 0 255 0 0 0 0 214 192 142
    255 255 84 0 255 255 0 255 0 255 0 0 155 255 198 0 0 208 255 255 0 0
    255 255 122 255 0 0 0 255 255 0 0 0 0 0 0 135 255 0 0 255 0 71 255
    255 0 207 0 255 255 255 0 255 6 255 0 255 193 255 0 48 0 0 255 0 0
    100 255 255 0 255 0 48 0 0 0 0 49 255 255 255 0 0 255 255 0 255 255
    0 150 255 255 0 0 255 255 255 0 0 0 0 0 255 174 255 192 255 0 0 58
    48 255 255 0 255 0 255 0 255 0 255 0 255 0 255 130 255 255 255 0 0
    255 255 0 0 0 255 169 255 255 255 0 246 0 0 0 255 0 82 255 181 95
    255 0 0 0 119 0 0 255 255 0 0 30 0 255 255 255 66 89 0 0 8 40 255
    255 255 0 0 0 255 255 73 0 255 0 176 255 255 0 0 0 0 59 0 255 0 255
    255 0 255 255 255 0 0 255 255 255 255 0 0 0 255 255 0 0 255 255 255
    0 0 255 0 255 255 48 255 0 255 0 0 0 120 0 255 0 255 0 255 0 0 0 255
    255 255 255 229 167 0 177 255 0 0 0 255 205 255 255 255 0 0 0 255 0
    255 0 255 0 255 92 143 255 104 0 255 0 255 42 0 0 194 0 180 155 255
    0 255 0 255 255 48 255 0 0 254 205 255 85 255 0 0 0 0 0 0 255 255 0
    0 0 255 0 255 0 255 0 233 255 0 255 72 255 0 255 0 0 0 0 255 0 9 255
    255 255 0 0 255 0 255 255 62 0 255 221 0 255 0 0 255 177 0 255 255
    255 0 174 255 0 255 187 202 220 197 0 246 255 0 0 0 11 128 0 0 191
    255 255 0 0 255 255 0 0 6 255 59 0 89 255 255 255 0 0 255 0 255 0 0
    40 255 255 137 0 0 0 119 0 0 255 255 255 255 0 255 0 255 0 0 9 255
    76 0 206 0 255 0 255 255 39 255 0 255 0 255 0 255 255 255 0 0 255 0
    255 255 0 0 0 0 255 255 255 82 0 255 0 255 0 255 0 255 0 222 255 255
    255 0 0 255 0 255 255 0 0 0 255 255 255 255 0 255 0 255 255 255 0 0
    220 118 78 232 255 0 0 0 255 255 255 109 255 255 255 0 255 0 255 0
    255 0 255 0 89 255 0 255 0 255 255 95 0 255 0 255 0 255 255 255 0 0
    141 255 255 0 0 255 255 131 0 171 0 255 255 0 167 0 255 0 192 0 255
    0 255 5 255 255 255 0 0 255 255 254 0 255 0 0 0 255 116 5 0 0 0 255
    255 0 0 0 0 0 255 255 255 66 231 0 255 179 0 0 151 102 255 0 0 0 255
    0 0 0 255 0 255 0 0 255 0 255 0 255 0 255 0 0 0 255 255 255 0 255 0
    255 0 180 255 255 0 0 0 255 0 0 255 0 255 255 255 120 144 79 255 0
    255 0 111 0 255 0 255 255 255 255 0 0 255 255 255 255 29 0 255 255
    240 255 253 0 236 52 255 0 0 0 255 155 255 255 255 10 255 246 255 0
    0 0 0 255 255 255 255 0 255 0 255 153 255 255 0 255 255 255 204 0 0
    176 255 255 0 255 0 0 0 198 0 0 255 0 0 137 255 255 0 246 0 162 0
    255 29 0 22 25 0 0 93 255 255 255 0 255 220 0 0 0 255 255 189 99 0 0
    0 255 255 0 255 0 255 0 255 130 255 234 0 244 255 255 255 255 0 97
    70 255 255 0 255 0 99 0 255 0 48 255 197 255 0 255 10 255 255 255 0
    0 0 255 0 255 255 0 0 0 130 139 255 255 0 255 255 255 0 255 0 255 0
    255 0 255 0 255 0 164 0 255 0 0 255 0 255 0 255 171 84 196 255 0 70
    230 140 0 255 0 0 131 255 255 0 255 0 255 0 255 255 255 0 255 0 255
    0 81 0 0 255 255 255 0 255 0 255 134 255 0 0 228 255 255 255 0 0 0
    255 255 0 255 0 255 255 255 0 255 0 255 255 236 255 0 255 0 0 255 32
    0 255 0 255 0 212 91 255 0 0 119 0 255 0 255 255 0 255 255 255 0 0 0
    0 255 52 0 0 255 0 0 0 255 255 0 31 0 255 107 62 255 255 35 0 255
    255 0 147 0 0 0 0 0 255 61 255 255 101 0 0 52 0 0 255 233 255 0 0 0
    255 255 255 0 255 255 255 0 0 255 255 255 0 0 0 0 255 255 201 0 0
    234 232 255 255 49 0 0 0 0 255 0 255 80 162 0 255 0 0 66 0 255 0 255
    0 43 0 0 0 0 255 255 255 255 255 0 255 255 0 92 224 61 84 0 255 0 0
    65 255 0 0 255 43 255 0 255 0 58 0 255 0 0 0 255 255 255 0 0 0 255
    255 76 255 114 0 255 0 255 0 255 89 255 0 21 255 255 255 225 255 0 0
    0 153 255 26 0 0 255 255 185 124 0 0 0 150 255 79 129 0 255 129 255
    255 83 0 0 0 255 0 255 0 0 255 0 0 255 255 255 255 52 0 0 0 0 5 255
    255 0 0 255 0 255 255 255 0 0 0 0 255 0 255 0 255 197 255 0 255 255
    255 163 0 191 208 255 255 184 0 0 255 0 255 0 255 81 255 0 73 0 255
    0 255 255 255 0 255 208 255 0 0 0 255 0 253 255 253 0 0 0 0 255 0
    255 25 150 255 0 21 0 95 255 146 38 255 0 255 0 255 0 255 0 255 0
    255 0 255 218 235 0 255 255 0 0 0 0 238 17 16 60 224 255 255 255 76
    81 193 40 255 0 255 0 0 0 255 255 0 86 0 255 255 255 0 0 255 0 0 0
    255 168 255 0 179 242 255 131 0 172 53 0 0 0 215 255 0 0 0 119 255
    255 0 255 0 255 255 0 0 0 255 255 255 0 0 255 255 255 255 0 0 0 0
    111 255 255 0 0 0 0 255 0 255 178 255 255 240 0 0 121 101 255 0 169
    255 255 132 255 0 0 0 0 0 255 0 0 109 255 0 138 0 241 124 255 232
    255 255 255 255 0 0 0 255 255 0 255 0 255 0 0 255 255 255 0 0 255 0
    0 118 255 255 0 0 0 255 255 26 0 0 255 255 0 0 2 0 255 153 0 255 0
    85 0 2 255 255 255 0 0 0 255 150 0 255 255 255 0 0 101 255 255 255
    209 0 0 255 255 255 0 0 255 203 255 0 173 0 0 51 0 255 255 255 0 0
    255 255 255 0 255 0 0 0 0 255 255 255 0 81 0 147 0 255 0 255 255 255
    0 0 155 0 255 255 0 0 160 0 0 0 167 255 255 0 0 0 135 0 255 0 255 0
    255 42 0 238 38 255 255 0 0 255 255 255 0 255 0 0 27 0 0 104 0 255 0
    84 0 220 255 255 202 0 0 0 255 173 0 0 255 0 191 0 255 255 255 255
    255 255 0 30 0 255 0 0 255 50 0 60 0 0 222 0 255 0 255 133 0 0 0 255
    255 167 0 0 0 255 0 255 251 255 0 113 0 63 0 0 255 255 0 255 255 69
    255 0 255 255 233 255 223 0 145 0 0 235 0 0 0 131 0 0 242 255 0 255
    0 255 219 255 202 255 255 0 255 255 0 110 0 0 255 0 255 99 255 248 0
    255 255 255 0 0 0 255 255 255 0 255 0 172 0 255 255 255 0 21 88 255
    0 0 255 0 255 237 255 0 220 0 255 255 49 0 255 0 255 159 173 96 0
    169 0 0 102 255 0 255 0 255 0 73 255 0 255 255 255 0 0 255 255 0 255
    0 255 0 255 0 200 255 22 0 0 0 0 0 175 0 255 255 255 0 119 0 0 0 255
    255 0 255 0 255 0 255 255 167 79 0 0 0 162 79 255 184 0 130 0 0 255
    255 164 0 0 255 255 255 216 0 0 255 255 255 255 0 0 0 226 0 255 234
    0 0 255 0 0 255 131 255 255 0 255 59 79 0 255 255 255 255 0 0 109
    255 0 78 255 255 255 255 200 0 0 0 0 0 0 52 255 255 255 0 0 75 255
    255 207 110 0 0 255 255 135 255 0 10 255 255 255 0 0 0 255 255 255
    255 255 84 255 0 255 255 255 255 120 79 255 255 118 255 0 255 255
    112 197 0 0 255 0 255 0 0 255 0 0 255 255 146 0 151 0 255 255 61 157
    0 255 0 28 0 255 255 0 255 255 255 255 0 0 255 255 0 255 173 255 255
    255 255 0 0 0 255 0 255 255 255 255 36 0 255 196 255 0 158 255 255
    64 0 171 0 255 0 255 43 0 225 0 255 0 0 0 255 84 255 255 104 255 255
    255 0 255 0 0 204 255 0 0 0 255 255 0 0 112 253 255 255 0 255 0 82 0
    58 107 62 0 0 255 255 255 255 255 0 0 0 231 255 255 0 255 255 0 0
    255 122 255 47 255 71 255 106 0 255 0 255 234 0 255 255 255 0 255 0
    0 0 255 255 235 0 0 255 0 88 0 255 255 0 26 14 0 0 255 255 255 0 139
    255 255 255 0 0 0 255 0 0 4 216 255 0 5 255 118 255 255 255 0 255 0
    135 0 42 149 0 12 198 255 0 0 0 255 255 255 255 255 0 0 163 0 152
    255 255 255 139 0 0 102 103 255 0 0 0 0 255 0 0 255 0 255 0 0 0 255
    255 0 0 0 0 255 206 238 0 255 71 255 255 255 141 255 0 0 255 255 130
    0 255 0 255 0 255 0 255 152 255 0 255 0 255 0 255 0 0 0 174 255 255
    0 124 0 255 50 255 0 255 100 0 13 0 115 190 0 0 0 0 255 107 255 0 0
    0 0 255 255 0 255 207 255 60 255 244 255 255 0 0 178 255 255 56 0 0
    60 0 255 255 255 202 255 0 255 85 255 255 0 0 74 255 145 255 0 255
    49 221 0 255 0 0 255 255 45 0 255 255 0 255 0 0 0 0 0 159 0 255 78 0
    255 255 0 16 200 255 0 0 0 244 255 224 31 251 0 255 246 0 0 0 255 37
    42 255 0 27 0 89 0 248 255 255 0 0 10 0 255 63 0 0 0 255 123 255 0
    255 0 0 12 0 255 255 255 255 255 255 255 0 0 255 209 255 67 255 0
    255 0 211 0 255 190 255 255 189 136 0 0 0 255 255 211 255 0 255 255
    255 0 255 255 25 107 0 255 255 89 255 0 16 0 0 141 143 190 0 255 255
    187 255 230 0 0 150 255 0 0 0 255 255 255 0 0 0 162 255 255 255 155
    0 0 230 0 0 106 0 255 233 255 255 0 3 255 222 0 140 0 255 81 255 0
    255 0 255 0 255 255 0 4 175 44 255 130 255 255 210 0 0 94 0 0 255
    255 219 255 0 255 0 255 0 0 0 7 255 0 255 0 0 255 0 255 0 201 0 255
    255 255 177 251 124 0 255 0 255 255 255 255 255 0 0 0 255 255 255 0
    0 0 255 22 207 255 255 255 0 255 0 255 0 255 106 255 0 159 0 255 0
    255 0 255 0 0 205 137 141 18 0 34 0 0 0 177 0 0 149 213 255 58 255
    255 0 255 0 255 33 255 245 255 255 64 0 37 0 51 255 0 0 0 250 0 10 0
    0 255 0 0 0 255 255 255 255 255 255 0 0 0 0 0 255 255 0 0 245 255 0
    0 0 255 0 0 227 255 255 132 50 0 0 255 255 0 0 255 255 255 239 0 0 0
    255 0 255 255 255 15 0 0 255 82 255 0 0 0 0 255 255 164 255 255 255
    0 255 0 119 196 255 251 255 255 0 0 89 255 255 86 0 0 28 255 79 1 0
    57 0 255 0 0 255 238 28 0 255 85 255 32 255 0 0 255 0 0 0 255 0 255
    0 0 0 255 252 0 162 255 180 78 255 255 0 255 104 0 255 255 0 0 0 43
    255 2 250 0 0 255 255 0 255 0 0 255 255 255 0 0 0 0 255 255 255 0 0
    255 255 0 111 0 0 40 0 255 0 0 255 255 27 0 183 0 0 255 255 255 0 0
    0 255 255 209 0 0 255 0 255 147 255 0 255 0 255 0 248 0 0 255 0 0
    255 0 0 232 255 255 255 0 0 0 255 255 94 255 0 0 0 255 0 76 69 255
    255 255 59 0 209 0 206 161 0 106 45 198 211 255 135 255 150 255 114
    255 255 131 0 255 0 0 0 255 0 0 210 0 255 255 255 0 0 0 255 0 255
    255 255 255 255 0 255 0 125 230 255 255 0 255 0 0 0 255 255 255 255
    255 60 0 0 104 255 255 224 255 0 255 255 255 255 0 0 0 255 155 255
    255 255 255 0 0 0 255 255 255 102 0 0 170 0 255 0 101 255 93 255 160
    0 255 0 49 255 255 0 255 0 191 255 255 255 0 0 255 255 255 55 246 0
    51 78 127 255 0 0 0 255 255 255 0 164 255 255 0 58 255 118 233 0 0 0
    255 255 0 255 0 0 255 225 255 255 74 0 0 255 255 0 0 0 0 0 0 0 255
    67 255 0 0 0 0 252 0 201 255 255 255 212 255 22 255 0 0 0 255 255
    174 0 0 0 255 255 0 255 255 255 255 0 0 0 0 255 0 255 255 255 0 239
    0 255 65 28 255 44 0 255 0 255 0 255 0 255 0 92 0 0 255 0 255 0 255
    31 0 255 0 0 255 255 0 0 0 0 255 77 255 0 255 0 0 255 0 0 0 255 0
    255 0 255 0 0 160 255 0 0 255 255 255 0 143 239 255 255 255 255 0 55
    0 255 0 45 0 255 0 255 42 31 0 221 0 255 0 0 0 0 255 18 0 255 255
    105 53 255 102 0 30 255 255 255 0 0 0 255 255 0 0 198 0 0 0 0 255 0
    255 0 0 0 255 186 255 0 82 255 0 26 0 255 255 255 229 0 0 255 255
    255 255 255 65 0 187 0 255 255 255 255 0 0 0 0 255 255 187 45 0 0
    255 255 255 0 255 0 255 255 255 0 255 155 255 255 255 0 0 0 96 255
    255 255 125 0 0 0 255 25 255 255 255 0 0 255 255 0 0 255 255 0 0 0
    255 255 255 0 0 255 255 255 43 178 0 246 0 76 0 255 43 0 0 0 255 255
    67 0 100 0 0 0 0 106 255 0 0 0 255 255 0 255 158 255 0 0 0 0 86 0
    255 0 0 0 150 255 255 40 0 0 0 0 255 63 0 13 0 255 0 0 255 0 255 255
    255 0 0 0 4 0 255 255 253 192 0 0 255 0 255 255 0 255 0 255 0 255 0
    86 192 255 255 242 185 0 0 255 255 91 92 255 255 38 0 0 0 255 255
    255 18 214 255 61 255 0 0 0 178 255 255 255 98 0 0 255 109 255 0 0 0
    0 0 5 255 252 191 0 255 65 157 161 255 255 255 111 73 0 0 0 255 144
    104 0 255 255 0 255 0 255 0 255 0 0 0 140 0 0 255 71 151 0 255 255
    255 255 0 0 0 0 0 255 255 65 248 0 174 0 0 0 255 255 255 48 0 123 0
    77 0 233 4 0 0 255 255 255 103 0 255 0 207 28 255 9 255 167 139 0
    255 255 255 0 0 0 73 0 2 255 0 0 0 0 255 0 191 255 0 225 0 255 255
    255 0 0 0 255 255 0 0 0 255 255 255 0 153 0 255 255 0 0 0 255 0 77
    245 0 255 255 255 255 0 0 0 0 255 255 91 0 0 255 255 255 0 0 0 255 0
    0 255 255 206 255 255 0 0 255 0 255 107 0 255 255 255 0 0 255 0 0 0
    255 255 255 0 0 17 255 255 0 255 255 151 255 0 0 162 0 255 219 255
    187 255 0 0 0 255 0 255 0 255 255 255 56 0 0 255 255 94 0 255 0 255
    255 78 0 0 147 0 255 255 255 255 255 255 0 0 83 255 255 255 0 255
    255 255 0 255 0 255 0 255 0 255 255 228 0 40 255 220 241 255 6 255 0
    0 255 73 255 0 255 0 255 255 0 255 144 255 0 0 0 197 255 255 0 82
    255 255 0 0 255 255 255 185 0 61 255 255 123 0 0 255 255 255 255 255
    0 0 0 0 0 255 20 0 0 0 255 255 0 93 170 255 255 0 0 81 0 255 0 255
    221 255 255 140 255 179 255 0 0 0 0 0 0 0 255 255 53 0 255 255 255
    255 255 0 255 255 0 0 74 251 0 0 255 255 255 255 181 255 0 255 0 255
    110 255 178 255 0 255 255 255 255 0 189 0 100 6 0 0 8 188 255 0 255
    0 0 21 0 255 255 255 61 53 255 255 255 0 0 0 0 170 0 255 84 0 98 255
    255 187 0 255 0 0 0 255 255 0 255 0 255 49 255 255 255 0 75 0 0 255
    228 255 0 255 255 0 0 255 255 255 0 119 0 55 255 0 0 0 255 0 255 0
    255 23 0 0 37 255 133 0 0 237 0 0 196 0 255 255 255 255 0 0 0 0 255
    255 132 255 0 255 109 255 129 255 0 214 40 0 0 160 255 255 255 0 0 0
    108 255 255 236 0 28 255 0 96 255 0 255 255 236 0 0 0 0 255 195 255
    0 244 255 157 0 0 0 255 255 255 117 255 0 0 0 255 0 255 0 32 255 255
    255 0 155 46 255 0 245 255 82 36 49 255 0 2 255 0 0 0 255 255 0 0
    255 255 255 0 0 0 0 255 167 255 255 255 255 255 0 0 0 64 255 255 255
    0 255 255 255 172 0 0 0 255 255 255 255 255 164 111 48 0 0 0 151 72
    139 0 255 0 95 0 255 255 255 0 0 0 97 255 0 255 255 0 0 185 255 255
    0 255 126 255 163 255 255 255 255 0 98 0 255 0 89 255 255 255 255 0
    255 255 0 0 0 255 255 46 0 203 188 255 82 223 0 0 199 255 0 134 255
    255 0 0 255 255 200 255 0 0 0 24 0 255 0 255 0 255 255 255 48 188 0
    0 255 0 255 255 255 0 0 255 0 255 0 255 0 255 206 255 0 0 255 255 30
    0 0 255 255 255 0 0 0 0 255 255 0 0 172 255 246 0 92 255 0 0 0 255
    255 255 0 0 0 255 255 103 0 0 255 255 0 255 166 0 177 40 255 0 0 182
    44 238 21 0 0 0 255 89 255 89 255 0 176 255 255 71 0 52 255 255 0 0
    0 195 255 183 255 255 0 255 180 255 0 0 255 255 244 0 124 127 255
    255 52 35 255 255 0 0 0 255 0 255 255 255 0 255 197 255 255 0 0 255
    0 192 190 255 255 255 0 255 166 255 255 0 0 72 255 22 255 255 255 0
    0 255 255 0 104 0 0 172 0 174 0 255 255 0 0 0 0 255 0 45 7 0 255 0
    201 0 255 255 255 36 73 0 255 255 255 0 224 0 60 6 255 143 255 0 255
    0 255 0 218 255 0 0 0 121 255 255 255 0 0 0 76 255 71 0 0 72 255 0
    255 0 97 0 255 179 0 0 108 255 255 255 5 0 255 255 53 23 0 255 255
    255 144 255 0 255 166 186 11 0 0 255 97 255 0 73 255 0 0 0 255 161
    255 0 0 76 255 255 86 0 0 255 0 255 0 255 0 255 0 255 171 255 0 72 0
    129 54 159 0 0 255 201 255 0 255 81 0 255 0 255 0 255 0 0 0 0 255 0
    255 0 0 255 0 255 255 138 0 255 0 255 197 0 0 0 0 0 255 255 177 255
    255 0 255 0 255 0 255 138 203 189 255 0 255 0 138 204 0 0 0 255 134
    199 0 0 0 255 255 255 0 0 0 127 255 255 255 0 0 22 255 255 95 197 0
    0 0 0 255 255 150 0 0 255 223 106 255 237 0 0 255 255 255 0 0 0 0
    255 255 255 0 242 0 255 80 255 255 97 0 0 91 207 255 118 255 255 255
    0 255 0 255 212 0 0 255 0 20 0 255 255 255 70 0 255 255 193 37 0 255
    138 0 0 0 255 95 255 225 255 0 93 124 0 0 255 255 185 255 0 0 0 255
    255 255 0 0 0 255 255 255 0 255 0 198 255 235 255 0 0 0 255 0 62 255
    0 255 0 255 212 164 44 255 0 0 0 255 255 21 0 255 66 255 0 255 255
    100 255 0 255 0 255 0 255 0 255 255 250 0 0 255 255 255 255 0 0 0 0
    255 255 255 0 255 0 222 0 255 159 255 0 0 1 0 255 0 0 170 255 89 255
    255 255 223 0 0 0 193 0 255 255 255 60 0 0 0 255 255 255 54 0 255 6
    189 0 255 102 255 255 255 0 177 0 0 255 0 0 0 255 187 255 255 255 0
    118 0 0 255 0 255 255 255 0 255 0 255 0 255 0 185 30 255 96 0 255
    234 255 255 0 11 240 255 255 74 255 0 0 203 255 255 0 0 0 255 194
    255 0 196 0 255 102 23 255 255 255 0 255 0 255 0 255 0 255 255 255
    125 255 0 0 0 255 255 255 137 255 251 186 0 0 170 0 255 255 255 0
    177 0 255 0 255 0 0 0 255 255 0 255 207 255 98 207 255 255 0 0 251
    255 0 0 255 255 111 99 0 255 255 255 255 0 0 255 0 255 59 0 0 0 28 0
    0 0 255 0 255 226 0 0 0 0 0 0 0 255 0 0 0 255 255 0 0 255 255 255 49
    255 0 255 214 255 0 124 0 0 0 0 255 0 255 0 255 0 188 0 255 255 255
    255 0 255 255 0 0 57 0 255 255 255 0 255 2 255 0 255 0 255 255 0 0 0
    255 0 255 0 0 0 0 255 255 255 119 0 0 158 255 224 255 255 245 0 255
    255 157 0 143 255 255 0 0 0 255 182 255 255 0 215 255 32 0 0 0 255 0
    0 255 232 0 0 80 255 0 0 0 255 0 0 0 189 255 0 0 255 255 80 129 255
    17 0 25 98 255 0 0 255 0 41 251 0 255 255 0 0 0 0 0 255 255 255 136
    0 255 255 255 0 0 165 255 255 0 0 0 255 0 7 0 0 0 255 255 0 96 0 255
    255 255 135 0 0 99 161 0 255 48 0 0 0 0 0 0 255 215 0 0 0 184 0 255
    0 236 0 255 255 255 0 33 0 58 255 0 255 255 0 255 0 0 0 255 255 255
    34 0 0 0 0 0 255 0 255 4 255 0 110 116 255 232 0 0 0 36 255 231 0
    255 0 255 0 217 162 255 255 0 0 0 193 101 131 255 111 0 0 0 0 0 255
    255 0 178 0 255 35 255 215 255 0 133 240 240 246 0 0 0 255 255 255 0
    204 0 0 0 255 0 255 0 255 234 0 34 255 216 0 0 59 88 255 0 185 0 0
    255 255 0 247 230 255 0 215 255 0 137 217 0 0 0 255 255 0 0 255 0
    255 92 255 255 255 0 252 0 217 175 36 133 255 0 78 255 0 0 0 0 255
    255 11 255 43 255 0 255 0 255 0 0 0 255 255 255 0 0 255 255 255 0 0
    255 190 255 255 0 0 255 0 0 0 0 179 0 255 0 255 0 255 0 255 100 116
    255 240 255 205 255 0 255 255 0 101 177 255 255 0 0 255 255 0 0 0
    230 255 0 255 0 146 255 154 255 0 255 0 0 255 28 0 0 255 0 255 0 255
    255 255 255 0 55 84 230 255 0 0 0 0 0 168 146 250 179 255 0 123 0
    100 255 255 23 255 255 0 0 0 255 255 0 255 255 0 0 0 29 0 255 0 202
    92 255 255 255 255 0 118 0 0 82 0 255 0 0 255 0 0 0 255 185 255 255
    0 169 0 255 255 121 11 135 255 0 158 0 255 255 255 0 0 0 255 38 255
    0 21 0 242 255 127 255 255 255 255 0 255 0 109 255 0 255 0 0 0 255 0
    255 0 0 255 255 219 0 0 63 0 255 0 0 0 20 255 0 0 0 0 255 0 0 0 255
    0 255 0 255 255 255 0 0 255 255 255 252 41 0 0 255 94 0 0 0 0 255 0
    0 75 0 255 0 255 0 0 0 255 0 228 255 0 208 0 0 150 0 255 0 167 0 255
    0 255 0 255 0 255 95 0 0 255 255 57 0 0 0 255 0 0 255 255 0 255 0
    255 255 0 0 0 0 0 115 3 255 255 0 0 0 0 0 255 0 255 0 0 0 163 255 0
    255 117 255 255 0 248 255 0 0 255 144 0 0 0 233 0 255 0 255 0 255
    161 255 0 255 0 255 0 0 0 255 255 255 11 244 0 0 255 0 255 0 251 81
    255 255 0 0 0 255 0 0 0 0 167 0 124 0 255 108 0 0 0 255 255 255 230
    0 0 255 255 0 0 0 255 0 0 19 227 69 76 0 255 0 255 255 0 255 0 189
    255 255 255 0 0 0 255 0 0 225 0 93 0 151 88 255 255 255 0 0 255 244
    0 255 255 255 0 55 0 0 0 0 255 255 255 255 73 255 255 255 255 255
    255 255 101 130 0 45 0 0 224 255 22 255 0 0 66 15 255 255 0 0 0 255
    132 255 255 255 0 255 70 83 255 202 255 255 255 220 255 255 255 17 0
    0 180 0 172 0 0 255 146 0 0 255 255 255 0 255 0 255 0 0 0 246 0 0
    255 188 0 255 0 255 0 255 255 255 0 46 14 0 255 0 255 0 0 0 255 255
    0 98 0 0 255 255 255 107 137 0 255 0 0 0 138 255 255 0 255 255 0 0 0
    255 255 255 0 255 178 118 255 108 0 0 153 255 0 0 255 255 0 191 255
    0 0 0 0 204 0 255 0 25 255 255 255 0 0 0 0 255 8 0 255 255 34 0 0 0
    255 255 255 0 255 255 255 0 0 255 255 97 255 255 0 11 255 255 0 0 0
    0 255 255 255 255 0 0 255 255 255 0 255 0 0 0 246 149 255 255 255 0
    255 255 244 255 0 255 0 255 0 70 255 247 255 179 255 255 255 226 255
    0 166 255 255 255 0 0 196 203 255 0 0 255 0 0 0 0 255 75 255 0 255
    255 197 77 255 0 0 0 44 255 255 169 255 255 255 0 0 211 95 0 0 255
    255 0 80 217 255 255 0 0 0 255 255 255 0 255 0 255 0 167 103 255 204
    255 255 74 150 0 180 0 255 255 0 0 164 255 64 255 0 0 255 255 255 28
    255 103 0 0 151 0 255 5 255 0 145 0 255 255 0 255 53 17 0 47 13 177
    53 0 26 255 107 0 0 234 255 255 205 255 41 255 0 89 0 255 255 255
    255 0 0 64 255 24 255 0 137 0 255 0 255 255 255 0 0 255 255 0 0 239
    80 0 218 163 255 0 175 255 255 0 0 0 0 0 9 0 255 1 117 193 255 0 171
    0 0 255 0 255 0 255 255 255 0 0 0 217 215 0 255 255 255 255 0 255 0
    85 69 206 139 0 221 0 255 255 255 255 167 255 0 0 239 255 0 255 60
    255 41 255 0 255 38 255 7 255 255 0 155 255 255 92 13 0 0 0 255 23
    255 0 255 255 0 0 0 255 25 255 0 255 255 255 213 0 0 4 18 255 255
    255 4 0 255 255 255 0 0 0 0 255 0 255 0 255 0 0 255 255 255 0 0 0
    255 255 255 0 0 0 255 0 0 0 0 65 175 255 255 62 0 64 255 255 0 0 5
    255 255 255 0 144 0 0 102 0 255 0 0 255 0 255 90 255 255 255 54 0
    255 255 255 0 255 0 255 0 0 255 0 255 255 255 56 0 74 255 50 110 0 0
    0 255 255 255 255 33 0 255 255 255 0 255 166 255 0 255 59 0 0 0 255
    255 255 255 0 255 34 255 217 255 0 255 0 0 0 255 255 0 0 0 53 255
    255 255 0 0 137 52 255 0 44 255 0 0 255 73 255 255 255 255 0 124 0
    255 0 255 255 133 0 255 0 255 255 255 0 0 0 255 255 255 0 255 0 197
    0 184 0 120 255 255 0 52 255 53 0 0 255 0 255 0 255 0 255 0 255 255
    249 0 0 143 0 0 0 255 0 255 254 255 0 255 255 255 0 83 0 136 255 255
    255 255 255 0 255 0 133 0 255 255 0 0 75 255 255 255 19 245 0 255
    255 255 255 255 255 45 0 48 255 255 62 255 141 255 128 255 255 255 0
    0 0 0 163 255 214 0 255 207 255 255 0 177 255 255 193 255 0 255 103
    255 0 0 0 0 255 144 184 165 0 97 255 0 0 0 255 0 1 0 255 32 0 211 0
    255 0 0 0 255 9 0 0 129 255 255 206 52 53 255 255 0 255 0 248 0 0
    222 54 0 0 255 0 129 77 255 255 0 0 255 127 42 20 249 0 255 0 255
    255 255 0 0 255 0 156 0 255 0 0 0 255 255 255 119 255 255 0 0 123 0
    0 255 255 0 0 0 255 0 0 0 0 255 0 255 0 255 0 148 255 0 255 255 255
    0 0 0 0 0 0 255 255 255 0 0 0 255 255 234 255 0 0 202 255 255 255
    151 0 255 0 255 0 0 255 0 255 14 255 0 255 239 0 255 255 255 0 123
    255 0 0 137 255 0 255 0 61 173 255 255 95 56 0 0 232 255 255 231 0
    255 0 0 0 0 150 255 255 0 0 0 53 140 255 255 0 255 0 0 255 255 255 0
    0 0 255 11 255 255 0 0 0 255 211 255 0 186 0 0 7 255 0 0 0 99 0 0 0
    0 255 97 255 255 0 0 255 255 255 0 0 0 0 255 255 255 255 0 0 0 0 255
    255 0 255 0 0 0 255 255 0 255 0 240 0 0 0 255 255 255 16 0 0 255 242
    9 255 255 255 0 0 128 255 255 58 255 0 238 0 117 255 0 157 0 222 0 0
    0 219 0 126 255 255 64 0 0 225 0 0 0 0 255 0 255 120 116 255 140 198
    0 217 255 0 0 255 255 255 0 255 31 0 255 255 255 0 255 0 0 0 0 255
    255 59 0 255 255 255 0 0 255 255 0 0 190 0 255 171 255 116 255 85 0
    0 255 255 0 0 0 0 255 255 0 0 0 255 122 93 0 255 255 0 0 188 0 0 0 0
    255 255 255 255 255 0 0 255 255 255 70 0 0 0 255 253 255 66 180 0 0
    255 255 0 0 0 255 255 255 255 254 0 0 89 255 255 78 255 0 0 255 255
    255 0 0 0 0 255 0 255 0 255 0 0 255 208 99 255 255 110 0 0 0 255 0 0
    0 255 255 255 143 0 0 0 255 0 0 0 168 0 255 0 255 0 50 0 255 255 98
    0 0 0 193 171 204 0 255 58 0 255 0 36 255 81 255 255 0 255 0 0 0 255
    255 255 0 255 30 255 0 255 255 255 48 255 255 255 255 81 61 0 255
    255 0 0 255 183 255 228 255 0 255 255 255 255 121 255 0 255 140 0 0
    207 156 255 255 0 0 0 255 255 0 85 0 255 0 156 0 43 0 255 88 255 0
    82 0 255 0 0 0 194 255 0 96 255 0 255 0 0 0 0 0 0 255 0 0 255 255 51
    0 207 0 255 0 70 0 255 255 0 0 255 0 0 0 255 58 255 255 255 182 0 0
    0 0 0 99 255 255 0 255 255 255 0 0 255 255 96 255 40 0 255 0 0 0 255
    255 255 0 0 255 255 0 0 0 255 255 0 0 0 0 255 0 255 255 255 104 0
    119 255 61 0 255 0 255 0 0 0 255 255 88 255 0 255 50 255 0 255 0 0
    255 255 255 0 0 21 255 255 255 255 255 0 255 0 255 0 255 121 0 255
    255 255 0 0 255 164 255 0 255 0 255 0 0 0 255 255 255 0 0 0 255 187
    255 255 0 255 0 0 0 255 0 255 255 255 0 0 0 109 255 255 255 134 38 0
    77 0 255 94 235 255 0 0 0 0 255 0 255 255 255 255 0 0 0 255 200 255
    0 255 255 15 0 80 136 0 0 255 0 24 0 255 37 255 0 255 255 255 255 0
    255 0 0 100 0 255 210 255 0 0 0 255 255 76 0 0 255 0 0 0 255 255 255
    255 255 184 246 255 0 227 0 16 0 0 255 123 255 48 0 0 255 255 0 0 0
    255 0 255 0 255 0 141 255 255 255 54 105 0 0 92 255 0 255 0 255 0
    111 0 213 255 0 255 0 56 94 255 255 0 40 0 117 125 255 0 0 0 255 255
    255 0 241 255 255 255 0 255 255 255 0 0 0 255 0 255 156 0 255 0 0 0
    0 255 187 255 0 255 255 255 255 255 0 0 0 201 0 255 172 255 0 255 0
    0 255 15 255 0 255 0 255 0 0 0 125 255 32 255 255 255 0 241 255 255
    255 248 0 0 0 252 255 233 0 255 255 242 0 0 255 255 147 0 255 0 0 0
    255 0 255 0 255 154 255 0 0 0 255 255 122 255 0 41 144 0 0 107 254
    255 255 0 136 37 239 0 255 0 255 132 255 255 255 255 111 0 28 151
    255 0 140 115 255 0 15 0 0 0 0 0 255 255 0 131 255 0 255 93 113 255
    255 0 184 0 255 255 255 102 0 0 0 0 255 255 255 0 127 157 232 255 0
    0 0 0 173 255 255 255 255 0 0 0 184 255 255 255 255 213 255 255 255
    255 0 255 255 255 191 255 255 0 0 122 0 0 255 255 255 255 255 55 155
    0 255 255 0 0 0 0 255 255 255 192 255 0 0 0 255 0 255 0 165 0 255
    255 0 0 169 0 0 255 250 255 0 206 0 255 0 255 223 0 255 255 255 0
    255 0 255 0 255 0 87 110 255 255 200 73 0 164 255 255 255 0 255 0
    255 0 38 0 246 255 255 255 0 42 178 255 255 0 0 0 0 255 0 0 0 84 255
    0 0 0 220 161 255 255 9 191 255 0 0 193 168 0 255 224 0 211 255 255
    0 0 238 0 255 255 59 255 0 255 0 255 148 231 227 0 0 0 231 255 0 255
    182 255 102 0 0 255 0 208 255 0 0 0 255 255 255 0 0 0 255 255 0 255
    149 255 0 255 255 0 0 0 255 255 255 208 0 255 0 231 114 255 0 255
    100 255 255 0 0 255 255 255 0 0 255 0 0 255 255 255 109 0 238 0 210
    0 255 255 0 0 0 0 101 255 0 255 255 214 0 255 255 0 137 0 255 0 0 0
    0 255 0 255 255 0 0 255 0 5 255 255 255 0 0 0 0 255 255 255 0 78 181
    0 255 1 255 255 222 0 176 228 255 255 255 0 42 0 24 59 255 255 0 255
    74 0 24 255 255 248 255 255 0 55 143 233 255 255 0 0 193 0 160 255 0
    0 255 255 255 0 133 0 255 0 255 0 255 0 0 0 0 255 0 255 255 255 0 0
    0 0 120 189 255 0 255 255 0 0 0 0 255 255 177 0 39 255 255 36 255 0
    0 0 255 255 0 161 103 255 0 255 255 0 154 0 255 255 255 0 0 236 255
    255 255 0 0 0 255 0 0 0 255 0 200 255 0 0 255 255 0 255 0 0 0 0 255
    36 25 0 0 255 0 255 103 255 0 0 0 74 0 0 0 255 0 0 0 216 0 255 255
    255 0 0 151 255 255 0 35 0 0 0 0 255 171 255 255 255 0 0 0 255 255 0
    0 0 255 255 110 0 0 255 255 0 0 0 255 0 255 0 0 255 0 255 0 255 0 77
    255 255 255 81 0 0 255 63 0 0 255 0 255 0 0 0 255 255 229 0 192 255
    173 0 255 0 0 0 0 0 10 255 76 0 207 0 59 0 226 255 255 42 0 46 240
    255 0 255 0 20 0 17 0 0 0 255 0 0 0 255 234 11 54 0 0 255 255 255 0
    255 79 255 0 255 255 255 0 0 255 255 255 132 0 255 0 255 194 0 119
    30 255 255 0 255 255 255 39 0 255 49 255 78 0 255 212 23 0 142 224
    255 0 255 0 255 0 5 0 255 255 232 255 255 98 0 255 0 255 255 0 203 0
    255 255 255 255 0 255 0 0 255 28 255 222 43 0 0 255 0 83 0 255 255
    255 0 0 0 255 0 255 0 193 255 255 0 0 0 255 255 35 0 0 65 255 255 0
    255 255 255 255 0 255 3 0 0 0 255 255 255 0 0 0 0 0 255 216 183 0
    255 255 255 38 0 0 255 255 255 0 0 0 62 255 0 255 255 0 255 0 0 255
    0 255 243 0 0 107 255 255 0 255 0 242 121 255 0 28 0 255 0 0 255 142
    0 23 153 255 255 0 0 0 255 0 175 40 255 255 255 0 0 0 255 255 255 0
    0 0 99 0 113 99 255 0 255 0 0 255 230 255 0 0 0 0 158 255 255 210 0
    255 0 255 102 255 0 0 0 0 0 0 255 0 226 0 255 132 163 0 0 123 0 255
    85 171 100 255 0 0 255 255 0 0 255 0 65 0 217 0 243 255 255 255 0
    255 32 255 108 255 255 0 194 0 255 0 143 255 0 255 0 255 0 180 99
    255 255 255 255 0 0 155 255 0 255 122 16 0 255 255 255 87 0 255 61 0
    255 255 255 215 0 205 255 145 126 0 247 255 255 255 0 84 255 0 255
    226 255 0 62 0 255 0 0 129 0 122 255 255 104 152 0 255 0 255 255 255
    0 0 217 141 255 255 127 0 0 0 127 255 255 255 0 123 11 48 255 141
    110 0 0 255 255 231 61 0 0 13 0 0 0 126 255 255 107 255 255 0 0 145
    255 0 255 204 255 0 0 255 255 255 0 0 0 0 255 255 0 255 255 0 172 0
    255 0 0 0 244 50 255 255 18 0 255 255 255 244 0 56 0 251 0 255 0 255
    0 25 0 0 255 251 0 0 255 0 255 0 255 0 255 0 0 21 82 255 255 0 255
    69 255 255 0 0 255 255 93 0 0 0 242 73 21 255 255 0 146 255 255 255
    0 0 0 255 0 3 255 131 0 255 255 0 0 0 255 255 255 255 255 0 221 0
    255 0 255 255 255 0 0 0 255 255 122 255 0 20 255 84 255 157 255 0
    232 255 255 0 255 255 0 0 255 255 255 255 255 0 255 0 0 255 255 255
    255 0 255 0 0 0 0 255 255 0 0 0 255 255 255 255 0 255 0 255 56 255
    255 0 0 46 0 255 0 51 0 255 88 160 0 33 0 0 24 201 255 0 255 0 255 0
    255 0 255 255 255 0 0 255 255 0 201 15 255 0 255 200 0 161 0 160 255
    255 0 0 0 255 255 124 255 255 255 255 47 0 123 255 28 164 255 0 128
    255 0 0 255 255 0 0 255 255 9 0 255 255 255 140 0 255 29 41 0 255
    255 112 0 0 255 0 255 255 128 0 183 255 0 255 0 7 255 247 0 0 255
    255 232 109 0 156 255 255 0 0 0 0 236 0 0 0 0 255 255 255 0 168 0
    255 255 100 255 0 204 255 255 0 133 0 0 0 0 255 0 255 255 255 56 255
    255 0 0 0 255 0 0 0 255 255 0 255 255 168 0 0 38 0 186 255 255 0 211
    36 255 0 255 255 255 0 0 0 255 255 255 0 0 0 0 255 255 255 255 83
    128 154 0 255 100 255 255 255 0 0 0 255 255 255 0 0 255 255 0 0 255
    146 0 0 255 230 255 86 255 255 0 153 255 0 0 0 255 236 255 0 0 0 0
    255 255 255 0 0 0 38 207 255 255 0 89 91 0 0 0 255 255 255 0 255 0 0
    255 255 145 0 129 255 255 0 0 255 79 0 182 255 55 255 69 0 255 0 255
    251 0 0 255 105 255 255 255 0 255 255 255 0 0 0 153 255 255 165 255
    0 0 0 207 255 255 0 154 0 204 0 0 255 255 133 199 0 0 0 0 0 0 255
    255 255 0 255 195 0 0 255 176 255 255 255 255 0 0 201 0 0 255 46 255
    0 255 0 0 0 0 255 255 255 255 132 2 0 0 155 0 0 162 0 111 255 215 0
    34 0 255 0 62 0 255 0 255 94 255 40 255 16 0 225 255 255 77 255 232
    255 0 0 0 255 255 255 193 0 255 0 18 115 154 255 0 255 0 255 0 255
    96 0 141 0 255 255 255 0 0 255 255 0 255 255 255 0 0 0 255 172 255 0
    255 0 255 20 255 0 255 0 95 0 255 255 0 255 0 145 0 0 255 255 255 0
    255 0 131 108 255 255 255 255 0 0 154 255 70 255 0 186 255 255 255 0
    0 0 0 255 255 0 0 255 0 255 0 123 255 132 19 0 129 160 0 27 0 255
    176 255 241 0 255 70 0 0 0 255 0 0 142 0 0 177 4 255 0 255 0 40 174
    255 0 255 45 7 154 111 255 255 255 158 0 255 0 255 78 255 205 255 0
    255 0 255 255 255 0 0 0 255 0 0 0 255 255 113 0 0 255 0 249 255 47 0
    0 255 0 0 0 67 255 255 0 192 0 190 255 0 255 174 255 0 18 255 255
    255 195 255 0 255 245 131 0 255 0 255 255 255 0 0 255 130 10 255 242
    0 0 0 255 255 6 255 0 255 255 121 0 31 255 255 0 227 0 255 11 255
    158 147 129 0 0 0 255 231 167 0 255 255 255 195 255 255 0 63 0 222 0
    255 255 0 0 0 0 0 0 255 255 255 255 0 0 0 0 143 0 255 0 255 252 45
    255 255 0 0 0 0 86 0 255 0 0 0 0 255 255 255 0 0 0 0 255 255 157 0 0
    159 13 25 6 255 255 255 255 0 0 0 0 245 147 255 0 56 255 255 255 0
    255 255 255 30 35 0 255 70 255 0 0 204 255 0 0 255 0 88 96 193 0 0
    255 0 0 107 110 255 0 0 45 0 52 229 0 0 0 255 255 255 0 67 255 255 0
    0 255 255 255 0 0 0 249 255 0 34 252 204 255 0 0 0 255 255 255 255
    255 255 0 255 0 255 0 0 114 255 0 255 0 0 11 0 0 255 28 0 255 255 0
    0 0 255 0 0 255 0 255 255 255 255 12 255 126 255 0 0 178 0 255 0 0
    255 0 255 0 255 0 130 27 0 255 255 0 0 255 0 0 7 0 255 255 0 0 151
    180 0 211 255 255 255 85 255 255 0 0 237 255 0 162 0 0 255 255 0 0 0
    0 255 0 255 0 255 0 0 255 255 124 0 0 255 255 255 2 255 54 0 255 255
    55 255 0 0 0 0 255 215 0 255 0 0 0 255 0 255 255 255 0 0 188 142 255
    255 64 0 0 255 0 255 255 13 255 69 70 0 0 255 255 144 0 216 138 255
    0 255 0 255 255 255 0 255 0 0 0 7 0 255 0 0 0 217 255 255 121 0 0 0
    255 255 0 0 255 0 0 255 82 255 118 255 13 255 0 255 0 255 0 255 139
    255 255 177 255 255 47 255 0 0 0 0 0 255 53 255 0 205 0 255 255 255
    255 0 164 0 255 255 255 195 0 0 0 255 0 255 0 255 255 255 253 0 0
    255 246 255 255 255 0 255 85 149 63 255 154 0 255 0 68 196 0 0 157
    255 171 130 67 255 0 255 0 255 0 255 0 255 0 0 20 0 255 255 0 255
    255 0 0 255 171 255 0 95 255 30 0 104 0 196 0 248 86 255 0 255 255 0
    117 255 8 135 0 255 255 0 0 255 0 0 0 0 255 255 2 255 0 0 94 255 0
    255 49 0 0 0 0 255 255 255 0 64 37 255 168 255 0 255 0 0 255 255 196
    255 90 255 0 0 68 255 255 255 255 0 0 0 255 255 141 0 255 229 255
    255 0 0 16 247 233 255 0 255 0 0 162 0 249 255 81 173 0 172 0 255
    179 0 0 13 255 0 255 0 194 124 255 0 255 0 24 0 147 255 255 0 91 255
    183 0 0 255 255 50 0 0 188 0 20 255 0 255 18 255 0 251 0 255 255 0
    247 100 255 0 18 0 0 255 190 255 0 11 0 255 255 255 126 0 132 255
    255 76 0 0 0 255 154 255 255 255 0 0 255 255 255 179 255 80 255 0 0
    255 0 255 0 255 255 255 255 0 0 0 0 255 255 255 255 0 255 0 255 202
    255 39 255 235 0 255 79 255 0 236 154 140 255 255 112 0 0 0 127 0
    255 0 255 0 0 209 255 255 0 0 255 255 255 0 0 255 203 255 0 0 255
    255 255 103 255 230 51 63 0 0 255 0 255 0 255 136 255 0 255 0 0 161
    76 255 137 255 255 0 255 88 98 0 0 255 0 255 255 255 0 0 137 255 255
    0 0 0 0 255 255 255 0 0 0 190 255 255 0 0 0 0 255 0 0 0 255 175 0 0
    185 157 0 0 89 255 255 0 255 255 255 255 0 255 255 188 255 0 255 0
    255 0 255 0 223 0 255 255 68 255 139 255 255 0 255 251 255 67 255 0
    255 255 255 0 0 204 255 0 70 0 255 0 255 217 255 255 72 48 255 255
    174 105 121 0 255 0 255 0 255 255 255 255 0 0 0 0 196 255 0 44 168
    255 136 255 255 255 0 0 0 124 0 0 205 255 169 255 166 0 0 255 255
    255 28 5 255 255 0 0 0 255 33 25 255 171 0 49 255 255 0 0 255 255 95
    0 255 255 134 255 255 255 0 0 255 0 79 0 0 0 92 255 255 255 51 0 255
    255 255 0 0 0 255 255 255 255 255 0 255 255 255 27 0 0 255 0 14 0
    255 0 255 255 255 0 255 0 0 219 0 20 226 0 0 0 0 255 255 255 0 0 0
    255 0 0 13 255 13 0 0 0 0 0 255 255 255 255 255 215 52 0 255 0 67
    255 0 120 203 255 255 0 255 255 0 186 0 255 0 255 0 255 0 255 0 255
    0 91 0 0 0 0 0 255 255 255 28 255 151 255 0 0 0 255 255 255 0 0 255
    0 255 255 255 255 0 85 0 255 255 0 0 0 255 255 0 0 0 0 255 0 255 0 0
    146 254 0 13 132 0 255 0 98 0 255 255 255 0 1 0 0 0 0 255 255 255 0
    142 0 30 0 255 255 48 88 245 0 0 194 255 255 255 0 255 0 255 145 0 0
    0 0 255 103 79 255 255 255 40 80 255 255 255 0 0 0 134 255 214 255
    255 255 0 255 255 0 117 255 255 30 0 0 255 255 0 251 0 0 99 0 0 255
    0 255 0 255 255 164 123 42 255 255 0 0 255 118 0 0 0 184 255 255 0 0
    0 255 255 89 39 0 0 255 255 216 0 0 255 0 0 0 255 255 0 0 0 71 255
    255 0 196 0 255 255 255 79 162 79 255 255 47 69 126 255 94 255 83
    255 0 255 101 255 0 129 0 178 255 255 173 255 0 70 251 0 255 255 255
    214 0 75 255 255 0 69 0 114 85 255 0 0 0 255 0 255 76 255 255 174
    255 255 0 0 255 164 0 0 255 255 255 222 187 255 92 0 6 131 255 195
    167 0 255 221 192 50 255 0 0 207 246 255 0 0 0 255 255 105 115 0 0
    255 143 255 255 176 255 255 0 0 0 253 255 255 63 197 0 255 255 255
    255 16 0 255 23 129 0 0 0 255 255 255 89 255 255 0 255 0 0 161 255 0
    255 0 255 148 255 255 255 0 255 255 0 150 255 255 255 0 255 91 0 255
    0 255 0 255 0 0 255 222 0 0 255 0 255 0 8 128 240 35 0 19 0 255 255
    0 5 0 0 0 0 0 255 255 255 0 0 0 255 255 0 0 255 255 255 233 0 0 0 70
    255 133 0 255 152 0 0 102 255 255 0 0 0 131 0 0 101 255 0 71 255 255
    0 255 201 78 255 0 255 255 255 255 0 0 0 255 255 255 0 0 0 255 0 255
    0 0 115 255 109 179 154 96 0 0 180 0 255 255 255 0 0 66 155 255 0 0
    0 255 134 0 0 57 0 105 0 191 0 0 255 0 238 34 21 255 0 0 0 255 255 0
    159 105 255 0 255 0 0 0 0 255 0 255 255 0 255 0 255 0 0 255 255 0 0
    253 240 0 0 255 255 236 0 255 255 0 29 0 240 0 255 0 255 0 255 0 255
    255 174 255 0 135 157 255 255 163 201 255 255 224 255 0 0 240 0 0
    255 0 166 0 255 0 255 255 255 255 255 0 255 255 255 0 0 189 75 0 255
    255 0 255 0 255 0 255 255 255 0 0 255 68 215 37 0 255 0 193 255 0 0
    0 1 255 255 14 0 0 228 0 0 143 183 255 0 5 0 0 255 255 255 0 255 252
    255 166 255 0 0 12 210 0 255 255 0 0 5 255 0 0 187 0 255 255 0 43 0
    0 255 0 145 248 92 0 255 156 255 255 255 0 0 255 0 255 0 255 0 0 255
    255 255 99 239 0 255 0 0 0 0 255 0 255 255 255 118 189 12 62 255 255
    255 124 0 255 0 255 255 0 94 128 102 0 0 0 211 0 255 0 34 255 22 255
    255 0 255 0 0 0 255 0 123 110 231 192 0 255 94 255 201 255 255 164 0
    70 0 118 255 0 255 0 255 255 255 255 149 255 255 166 229 83 170 0
    188 132 253 0 0 255 255 255 255 0 0 255 255 255 0 255 135 255 255
    255 73 255 108 169 255 255 255 255 255 255 255 0 172 203 225 75 0 0
    42 55 255 0 0 207 0 140 255 255 195 0 0 255 0 0 255 38 255 220 0 0 0
    255 0 142 0 255 255 255 0 255 255 255 255 0 255 0 0 146 0 140 255 0
    0 255 0 255 65 255 0 236 0 9 95 255 69 0 227 0 255 143 49 255 103 0
    255 130 0 255 0 254 0 45 174 255 0 254 244 255 255 0 0 255 255 255
    150 0 149 0 0 0 0 0 71 137 255 255 152 0 0 32 25 255 0 0 0 0 255 255
    255 0 255 0 255 0 255 80 255 255 0 255 29 0 207 0 255 0 227 160 255
    255 16 0 0 27 112 255 107 0 33 255 255 255 255 0 255 0 0 0 0 255 255
    255 0 159 0 17 99 255 0 0 105 255 255 22 60 0 239 255 255 0 0 255
    185 255 0 49 0 255 213 0 0 205 255 255 0 255 255 116 0 0 255 182 255
    0 255 44 0 255 255 255 0 0 255 28 0 117 255 5 0 255 63 183 0 0 0 75
    255 255 255 255 255 210 255 6 255 200 0 61 255 255 0 255 0 45 0 71
    255 255 5 0 0 0 26 255 0 255 0 255 38 55 255 255 114 0 43 0 0 255 0
    0 255 255 255 0 255 0 0 44 255 0 0 0 251 255 0 0 255 22 0 0 0 255 0
    255 0 0 255 0 161 246 59 255 0 0 255 255 255 0 0 0 0 91 255 0 0 255
    0 204 0 255 0 144 255 0 69 0 255 255 112 255 0 255 0 0 239 167 0 255
    255 0 255 228 255 0 105 0 255 255 255 0 194 255 0 255 0 255 0 0 0
    255 0 0 85 0 79 12 255 0 255 255 0 255 166 200 0 0 255 255 255 150
    255 255 255 0 0 0 149 255 255 0 0 0 255 255 255 85 0 255 0 182 0 198
    0 187 42 0 255 0 255 42 255 240 0 0 0 255 255 255 0 0 0 6 90 0 255
    183 0 0 34 0 255 0 255 0 255 255 0 0 255 255 0 0 255 255 255 255 0
    167 0 0 255 0 194 0 234 0 0 0 134 0 255 254 255 0 255 0 255 255 0 0
    0 255 255 255 85 255 0 0 255 0 255 226 255 0 87 0 255 0 255 0 255 0
    0 255 0 255 38 0 0 0 255 255 127 40 0 0 0 207 0 255 252 0 255 202 22
    0 255 255 0 255 180 0 0 0 0 16 255 255 255 255 0 0 26 218 0 47 0 255
    0 255 0 255 0 0 255 255 148 255 0 0 22 127 255 0 0 0 255 23 255 0 0
    134 0 255 152 85 255 0 19 255 255 255 0 0 0 226 0 193 252 255 255
    129 0 255 0 255 0 0 255 255 0 0 0 255 255 97 255 255 0 0 255 255 0 0
    0 255 0 255 0 0 255 44 255 0 255 255 0 255 255 255 255 198 0 255 0
    255 0 255 255 255 0 255 0 255 0 255 0 0 0 255 132 255 255 0 0 14 255
    255 255 216 81 0 0 0 90 0 255 255 188 255 0 255 44 255 255 0 0 255
    212 255 255 0 80 0 0 0 255 255 255 0 94 0 0 255 0 66 255 255 255 0 0
    35 20 255 248 0 0 255 255 255 255 255 95 0 255 196 60 0 147 0 3 0
    255 0 255 0 0 255 255 193 245 255 255 255 0 212 5 182 0 255 255 255
    0 0 0 255 255 0 0 255 255 76 0 0 255 255 0 0 0 196 64 0 255 0 103 0
    255 255 255 255 238 255 0 0 0 255 0 255 0 0 0 255 255 109 255 0 255
    0 255 255 255 0 0 0 0 255 255 0 166 0 255 255 0 255 0 0 0 5 255 255
    255 255 55 0 255 0 255 75 255 76 255 0 0 187 255 0 255 0 255 255 255
    0 0 210 255 255 227 255 74 255 0 0 255 255 255 225 0 255 204 0 0 0 0
    255 255 255 255 255 0 255 0 0 140 0 0 0 255 82 255 0 0 0 0 255 11
    255 0 255 27 209 255 255 255 0 0 5 255 87 160 117 0 255 255 255 0 45
    255 255 0 255 255 255 255 255 0 255 255 174 0 0 0 0 0 204 255 0 0 0
    0 255 255 255 0 0 255 255 228 44 0 0 0 255 0 255 0 99 255 255 0 0 0
    0 0 0 255 0 255 9 255 169 255 0 236 0 51 0 0 175 255 255 67 255 58 0
    255 255 255 255 0 0 255 0 255 255 255 255 44 0 255 0 255 255 52 255
    0 0 0 0 255 255 0 0 255 255 119 0 165 255 139 255 255 255 0 255 11 0
    85 0 255 0 82 0 223 255 197 0 0 0 138 0 255 245 48 255 0 0 0 255 255
    0 0 0 61 255 0 0 0 255 0 0 0 0 0 255 255 255 130 0 0 0 0 255 255 255
    255 255 255 255 255 56 0 0 255 255 0 0 133 255 0 0 0 255 255 255 0 0
    0 216 255 0 255 255 0 177 0 255 0 255 225 255 0 255 0 255 255 255
    255 0 0 0 255 171 255 255 0 0 0 255 255 0 255 93 255 0 0 0 255 0 184
    0 255 0 255 255 0 121 255 255 255 119 0 0 0 255 255 0 255 255 255
    172 255 255 0 0 0 255 0 255 145 0 255 0 255 255 255 0 0 0 0 94 39
    255 182 255 255 255 162 255 0 255 97 0 0 255 255 255 0 15 0 234 0 0
    181 255 0 80 0 255 0 0 255 180 0 255 57 0 255 25 255 0 255 255 255
    252 255 0 205 0 0 255 255 255 152 0 0 255 92 0 255 255 255 0 0 0 2
    255 255 255 0 255 255 255 102 0 255 0 84 0 255 0 0 0 0 255 130 159
    255 255 255 0 0 0 255 255 255 176 0 255 0 0 255 255 233 0 255 0 255
    0 0 0 29 128 255 0 255 0 255 0 255 255 188 112 0 239 255 0 255 0 255
    0 0 255 255 255 0 0 255 0 255 255 255 60 0 41 255 255 0 76 255 255 0
    198 246 255 0 0 0 0 255 255 255 255 0 93 0 139 0 156 0 40 68 0 0 96
    0 0 255 255 255 0 0 0 0 0 40 255 218 255 0 255 0 0 0 255 255 206 95
    0 0 255 21 0 0 185 0 93 255 14 255 37 127 0 255 64 0 0 255 255 255
    133 0 255 255 255 255 0 191 0 255 0 255 0 255 0 255 235 199 0 0 255
    255 255 140 0 0 180 0 0 255 0 255 125 255 0 163 255 255 255 255 212
    133 255 0 0 255 255 0 0 255 0 0 0 188 255 156 237 0 0 0 254 255 0
    193 255 255 255 0 193 75 28 0 0 255 192 255 0 255 255 0 255 228 255
    95 0 167 255 160 0 0 255 224 0 255 255 0 0 189 0 255 186 254 98 255
    255 255 178 164 201 255 255 0 255 0 255 255 0 0 0 255 255 124 0 0
    255 255 255 15 255 7 0 0 255 255 0 0 255 255 200 0 255 0 255 0 255
    83 255 255 255 255 0 0 50 131 216 13 186 0 0 255 0 104 0 255 0 255
    255 16 0 0 255 255 0 255 0 255 255 255 0 0 255 255 60 0 0 0 230 255
    255 0 255 49 0 0 4 46 255 255 161 255 0 255 0 0 255 0 0 0 1 0 255
    255 14 0 255 0 192 0 255 0 126 0 255 108 255 0 0 55 0 255 255 255 0
    255 0 0 0 255 255 255 0 255 255 0 255 0 255 255 0 33 255 255 255 237
    255 0 255 0 255 0 255 255 255 0 0 255 255 255 0 0 255 0 255 0 0 0
    178 255 255 0 255 47 0 255 0 255 0 255 0 255 0 0 0 255 0 16 0 255
    255 255 122 0 3 255 255 58 55 255 255 255 255 255 0 0 0 30 255 255
    255 0 255 255 0 111 43 255 255 92 35 255 255 255 255 0 0 0 0 0 0 255
    234 0 203 255 87 79 255 0 255 0 0 0 229 255 0 0 255 255 0 0 255 169
    255 108 170 255 218 0 0 41 255 255 255 0 0 23 255 0 0 0 255 25 0 53
    255 0 0 0 0 255 255 255 0 0 130 255 0 255 255 84 0 255 0 255 255 255
    0 255 255 255 0 202 0 171 255 255 255 0 255 41 86 0 0 0 255 255 0 0
    0 255 255 255 0 0 255 255 0 255 255 255 0 165 0 255 0 0 0 255 121
    255 32 0 0 203 0 255 0 255 0 0 0 0 0 132 161 255 0 0 255 114 236 0 0
    41 255 215 255 0 255 255 0 0 0 73 0 0 255 255 247 0 12 0 0 255 255
    255 0 255 0 255 255 139 255 246 255 255 255 219 0 0 0 255 132 255 0
    0 0 12 255 253 0 0 0 0 0 255 176 255 0 90 0 255 255 0 0 255 41 13 0
    255 255 0 89 0 255 255 0 0 104 209 0 0 255 107 0 0 0 143 0 0 194 255
    255 18 0 0 180 228 0 0 130 255 0 255 255 255 255 0 0 0 255 255 255 0
    255 0 0 0 0 255 255 116 255 0 0 0 255 255 13 0 254 255 255 254 0 27
    108 0 63 0 255 0 0 255 0 255 0 255 255 255 0 96 0 0 255 255 141 0
    255 255 18 0 0 0 255 0 0 0 255 255 255 0 255 0 0 0 128 255 255 255
    79 0 0 255 255 0 255 0 9 0 107 255 41 255 0 0 0 251 255 0 255 255
    255 0 255 0 255 0 0 125 0 255 0 0 22 255 242 0 0 255 255 177 255 55
    0 0 171 0 255 255 182 0 0 255 153 255 255 32 0 0 0 0 0 255 255 255 0
    179 0 255 255 0 0 201 255 46 255 242 0 0 255 255 255 255 0 184 0 255
    255 255 0 0 0 255 255 255 0 255 0 127 0 192 0 0 255 0 0 0 0 156 0 0
    0 255 153 0 255 255 255 0 255 0 100 0 255 255 255 0 0 0 255 0 39 0
    255 0 0 255 120 85 0 213 118 255 0 200 0 95 255 255 0 0 125 154 0 0
    0 255 223 255 0 204 0 0 255 255 255 0 68 255 255 0 255 0 0 255 255
    136 213 178 255 0 0 255 0 121 255 236 255 0 0 255 0 0 0 255 195 0 0
    255 0 0 255 0 255 255 255 0 217 0 255 255 0 0 255 255 255 0 0 255
    255 0 0 0 255 220 255 0 0 148 0 0 0 255 255 135 255 230 0 0 0 255 26
    0 255 255 255 255 0 0 0 0 255 109 0 37 255 0 187 255 0 255 116 255 0
    255 0 0 255 255 255 255 0 255 0 231 255 0 255 0 0 0 255 255 0 0 255
    255 0 90 26 105 255 0 0 184 194 0 0 0 192 255 0 255 255 255 0 0 255
    0 255 0 255 255 255 0 118 157 0 0 47 255 255 0 255 255 255 255 0 255
    0 255 0 255 180 255 0 255 255 255 0 0 0 255 0 241 255 0 113 255 210
    255 0 0 173 0 255 0 255 0 255 174 255 255 255 0 255 0 192 66 255 255
    0 0 255 255 204 255 255 0 0 255 0 25 0 11 183 255 0 212 255 255 255
    0 43 54 0 255 0 255 0 0 0 255 255 255 0 255 0 0 253 255 0 255 255 0
    0 0 255 255 255 0 0 0 0 0 92 0 190 255 237 255 255 255 255 0 34 0 0
    0 0 0 255 0 0 0 215 255 255 255 192 107 255 255 202 160 255 248 108
    0 0 109 255 255 255 0 0 0 221 255 255 0 0 0 0 0 255 255 255 99 167 0
    255 0 255 0 0 0 0 0 255 255 255 0 127 10 255 136 0 255 255 255 0 70
    154 255 255 0 0 0 255 180 0 54 163 0 0 217 227 0 230 255 255 0 255
    82 0 255 255 255 255 255 255 0 255 195 103 24 255 57 0 197 222 0 255
    255 236 255 255 0 255 0 179 183 255 85 0 69 0 255 255 46 255 0 255 0
    0 0 0 255 243 38 255 0 255 0 255 30 255 255 0 255 216 255 0 0 255
    255 73 201 255 0 50 0 193 253 0 0 64 251 255 0 0 0 0 95 255 186 255
    255 255 0 0 0 231 0 255 0 45 0 0 255 0 255 59 0 255 0 255 67 255 255
    255 255 255 255 0 133 240 255 168 0 255 0 0 230 255 255 0 0 0 255
    115 252 255 196 255 255 0 0 0 255 212 0 0 255 0 255 0 1 0 0 0 0 141
    51 255 64 255 0 255 0 255 255 255 0 255 137 255 0 200 255 119 255 0
    0 0 255 255 0 0 255 255 51 255 91 0 121 0 255 0 101 0 99 61 255 0
    255 5 255 0 0 144 192 255 0 73 255 255 255 255 255 255 0 0 0 0 0 255
    255 255 255 255 0 255 0 255 0 255 255 255 255 0 255 255 255 0 192 0
    255 0 255 0 255 0 166 0 22 255 0 255 0 255 120 0 0 255 0 163 0 255
    255 0 255 11 255 255 89 156 169 255 0 255 70 0 212 255 255 195 0 191
    76 255 255 0 177 2 255 255 0 191 0 111 202 194 255 255 0 0 255 255 0
    255 23 255 0 63 0 255 0 117 0 0 0 255 255 255 0 0 0 255 23 79 255 0
    0 189 164 0 255 0 42 0 138 0 255 0 0 0 0 255 255 0 0 0 110 255 2 255
    0 0 255 21 49 74 213 255 255 255 255 255 210 0 0 255 0 255 0 0 0 0 0
    0 255 255 0 0 0 184 37 255 255 94 227 0 0 255 255 255 0 122 0 255
    223 255 0 0 42 255 223 221 255 0 255 255 0 0 255 255 255 0 0 255 255
    0 0 255 163 42 0 255 0 255 255 0 0 188 183 255 255 65 0 0 48 0 84
    255 255 255 255 255 96 8 255 0 0 255 0 97 144 0 0 0 255 255 0 0 255
    0 123 255 255 0 0 255 255 0 0 255 255 21 0 12 255 255 123 0 92 0 255
    237 0 0 246 255 255 242 194 255 162 255 0 255 255 255 0 0 26 0 255
    162 0 0 255 255 255 0 0 0 255 0 255 136 0 0 0 255 255 255 0 0 0 60
    255 241 255 255 0 0 0 255 0 255 255 255 0 62 0 37 0 255 179 255 0 9
    0 0 212 255 255 255 255 255 255 0 109 0 31 0 0 255 255 255 0 0 0 224
    0 255 0 37 255 255 0 139 0 0 43 255 130 71 0 0 0 167 0 255 0 255 0
    255 0 255 127 28 0 181 0 255 0 255 0 0 0 0 255 255 255 0 0 255 120 0
    255 0 255 0 0 0 0 255 9 255 0 241 0 0 164 255 0 255 181 255 0 0 255
    255 247 0 255 130 104 0 255 164 255 0 0 79 210 0 255 130 255 0 0 0
    255 46 255 255 255 0 255 0 138 0 99 255 255 255 113 255 0 255 255
    255 0 0 0 255 0 226 255 0 255 255 255 255 0 176 255 151 0 255 0 255
    255 211 148 0 143 0 234 0 0 0 255 255 255 255 199 65 0 0 255 0 111 0
    234 96 255 255 255 0 0 0 255 255 0 255 255 255 255 255 224 40 0 0 0
    0 255 0 255 0 255 0 0 201 0 125 255 255 0 255 255 245 255 0 255 0
    255 109 255 255 0 255 109 164 0 0 255 0 124 255 241 0 255 255 26 9
    255 0 161 255 232 0 0 255 90 97 240 255 255 220 0 26 238 0 0 0 255
    255 38 237 61 255 0 0 0 255 255 0 8 0 255 255 79 255 0 255 255 255 0
    0 0 0 0 233 77 255 255 0 51 11 0 0 230 0 255 255 255 0 0 255 255 255
    0 255 123 48 0 255 255 255 0 0 255 0 0 0 0 33 255 0 0 255 0 0 255
    255 255 255 60 0 0 0 0 0 255 0 0 228 0 255 214 255 0 0 255 113 255 0
    0 0 255 255 0 0 0 253 7 0 255 255 0 255 0 255 0 231 255 255 0 255 0
    64 0 255 255 255 255 255 86 255 0 255 0 0 0 255 44 90 255 0 255 0
    255 255 255 0 0 255 255 21 0 0 255 255 57 0 255 255 255 255 0 255
    255 255 193 224 255 255 47 255 0 0 0 0 40 0 14 50 0 0 0 255 255 114
    0 0 255 255 0 0 0 255 0 178 0 255 255 0 0 255 55 229 0 0 143 0 10
    255 255 0 0 255 0 255 0 255 43 255 255 0 0 0 28 0 255 0 0 89 255 255
    0 255 0 240 0 105 255 216 0 242 255 255 0 0 0 76 104 255 174 255 0
    45 255 0 27 0 255 255 0 255 9 30 0 0 255 0 255 0 255 0 255 255 0 0 0
    5 0 0 0 255 0 0 66 202 255 255 233 0 0 255 0 0 255 0 255 0 0 0 118
    187 255 255 182 255 0 11 0 255 255 255 0 255 0 219 169 255 224 244 0
    0 255 12 255 255 255 0 157 0 55 0 0 255 255 0 255 205 255 0 255 0
    255 255 255 255 255 255 0 25 255 0 53 0 255 111 0 77 255 255 255 255
    63 138 255 250 0 0 55 177 255 255 0 255 0 0 0 255 17 255 255 0 255 0
    255 0 67 0 0 0 255 0 0 255 255 0 0 0 255 255 255 77 0 255 0 0 255 0
    0 0 255 0 3 255 0 0 255 0 0 0 255 0 255 255 255 139 255 0 255 0 129
    63 0 255 255 8 0 255 171 255 0 186 0 255 238 255 249 255 101 76 255
    255 0 255 0 0 0 255 0 255 0 255 255 223 255 0 255 255 0 0 0 101 0
    255 151 255 255 0 0 0 255 242 61 0 159 255 0 255 255 14 255 0 255 0
    0 255 255 255 0 0 255 0 255 255 255 255 0 0 255 0 0 255 255 255 37 0
    0 255 131 255 255 0 0 0 0 255 54 255 0 0 0 0 0 144 255 0 255 147 255
    0 255 82 255 255 0 0 0 255 49 0 188 255 255 0 0 255 255 0 255 0 0 0
    0 26 0 0 139 12 127 0 255 236 222 0 219 229 0 255 0 255 0 255 255 0
    255 0 255 255 0 0 44 255 0 255 0 255 0 255 63 255 132 0 255 0 219 0
    255 0 255 0 0 0 255 0 255 0 255 45 255 0 0 255 206 255 255 0 255 0
    255 255 216 0 0 255 0 255 0 255 27 255 252 255 255 0 255 0 255 0 255
    173 255 0 255 255 255 0 0 19 242 174 0 0 155 0 0 0 0 255 242 0 255
    90 255 144 255 0 255 0 255 255 255 0 0 0 255 255 255 0 255 255 0 235
    0 218 0 255 255 0 234 179 0 255 0 0 0 0 0 255 0 130 0 255 0 0 0 0
    255 255 0 0 0 96 255 0 0 0 255 255 255 0 97 255 8 181 9 255 0 219 0
    0 255 255 56 243 0 255 0 255 0 255 0 255 0 255 255 0 0 255 0 255 0
    255 255 255 70 255 0 61 65 0 255 0 255 3 255 31 0 218 255 0 207 255
    255 0 255 0 255 0 0 255 255 255 0 0 0 0 0 0 255 255 255 0 0 0 255
    134 255 0 157 0 255 255 255 0 0 0 255 255 80 0 255 0 0 0 255 255 66
    0 0 0 234 88 255 255 249 96 0 255 0 255 4 255 255 0 183 0 255 0 255
    0 255 0 74 255 156 255 0 0 0 163 255 20 255 255 0 28 27 113 255 197
    255 0 255 255 79 0 0 0 255 255 116 255 0 0 255 112 0 125 0 0 0 255
    78 255 0 255 0 255 124 0 0 0 0 0 255 255 179 170 0 255 0 75 255 221
    255 0 255 0 209 0 255 255 255 208 255 0 0 0 255 0 231 255 255 255 0
    0 0 0 252 255 255 255 255 255 0 0 0 255 255 133 0 255 0 255 255 255
    255 71 255 255 0 0 0 255 255 0 0 0 255 102 0 255 255 255 122 186 255
    0 0 255 255 255 119 255 0 0 0 255 255 225 185 255 255 255 0 126 255
    182 0 0 0 0 0 255 0 255 0 255 255 0 255 0 255 0 255 185 255 0 183 0
    255 196 255 255 0 184 0 255 255 255 143 159 50 0 179 255 255 0 0 0 0
    255 205 0 255 45 0 0 0 8 255 255 0 124 255 255 255 0 195 0 255 0 255
    0 0 28 255 255 255 0 240 255 255 255 255 0 255 0 140 0 255 15 255 0
    0 255 107 214 255 255 0 210 255 255 0 255 235 255 171 88 255 14 255
    146 0 255 0 0 0 255 0 255 255 0 0 0 255 0 255 52 255 255 0 255 115
    252 0 119 0 255 0 255 0 0 46 186 255 255 0 255 195 255 255 255 0 0
    255 0 0 0 139 255 0 120 220 255 255 255 0 255 0 0 0 57 255 255 0 0 0
    0 255 0 255 160 255 255 51 22 232 255 227 255 255 255 0 0 194 227
    229 0 255 222 0 0 0 82 0 0 0 255 255 255 0 255 11 0 46 71 255 255
    255 0 238 240 0 0 158 139 0 255 255 255 255 0 255 106 255 0 255 0
    255 255 0 0 0 119 255 0 255 255 255 82 0 255 0 255 255 255 0 255 255
    255 255 0 12 255 25 255 0 0 26 255 255 0 0 0 0 255 0 19 144 0 0 54
    255 255 0 255 0 0 0 188 255 255 0 157 0 0 234 47 255 0 0 0 181 218
    32 0 255 255 255 255 0 0 0 0 255 255 255 25 0 0 0 255 255 0 148 0 0
    108 0 0 255 255 255 255 0 0 255 255 255 0 198 65 228 0 255 0 208 0
    255 38 255 224 84 0 130 255 0 0 0 77 0 0 255 0 255 255 0 0 255 255 0
    0 8 0 0 255 2 255 0 255 255 0 0 141 34 255 255 125 0 0 0 92 0 0 0
    255 0 255 38 255 26 110 98 255 255 0 0 255 255 3 255 131 186 162 200
    0 0 0 170 123 255 255 0 0 135 0 0 100 255 0 0 255 177 0 0 255 0 255
    0 255 255 255 255 129 0 5 34 0 255 0 0 0 255 255 255 72 0 39 142 255
    255 0 0 255 255 212 0 255 255 122 255 0 0 113 0 141 255 255 255 255
    255 255 12 0 255 255 255 0 255 255 255 255 60 236 255 194 255 0 0 0
    255 158 255 0 255 0 0 0 49 255 255 1 0 173 0 255 0 255 255 102 0 228
    0 0 255 255 255 0 255 0 29 255 255 0 255 60 255 0 255 0 255 0 0 0
    255 152 255 0 0 184 67 178 234 0 0 221 0 0 0 246 0 172 162 255 0 255
    255 0 0 0 255 255 255 255 0 0 0 255 255 255 202 255 0 0 0 255 9 255
    0 255 0 255 255 0 0 222 0 255 0 255 92 255 202 111 255 116 89 0 0 0
    237 0 200 0 255 0 0 177 255 96 0 0 255 255 255 0 0 0 255 255 255 0 0
    255 0 255 0 0 0 17 199 195 0 255 0 80 0 0 0 255 82 255 255 0 0 24
    255 255 0 255 0 255 0 255 255 40 0 255 0 255 0 255 50 152 0 0 255
    255 37 255 0 0 0 255 255 255 0 255 0 255 0 0 0 0 196 255 208 255 138
    1 0 48 255 0 0 45 255 0 0 0 255 4 0 0 0 255 0 255 245 0 153 255 255
    0 0 0 0 54 0 250 255 255 0 0 0 255 255 255 255 0 0 46 255 255 0 38
    255 255 255 0 255 0 255 255 0 81 0 255 255 255 0 0 255 207 109 0 199
    255 255 106 255 0 108 255 54 89 255 0 55 255 85 0 0 0 255 255 215
    226 127 79 0 0 0 0 255 255 255 115 219 0 224 0 177 68 246 255 116
    255 201 255 0 255 0 169 0 255 42 0 255 0 255 0 255 255 255 0 0 0 155
    255 114 16 0 255 203 0 255 0 255 0 255 194 255 66 0 91 0 255 255 0 0
    255 235 255 0 255 22 74 0 0 255 255 255 0 0 0 0 0 0 24 0 0 0 230 0
    255 0 255 11 255 0 255 0 255 0 0 255 194 0 255 255 255 0 113 0 0 255
    255 255 0 0 255 255 255 0 255 0 108 89 255 128 255 255 0 0 0 255 0
    255 186 255 0 0 0 95 255 255 0 255 255 255 255 255 0 255 0 255 255
    255 255 34 0 0 255 204 255 0 254 116 255 255 0 37 255 93 130 0 0 255
    255 255 24 255 255 255 0 0 254 255 199 255 29 168 255 0 255 255 120
    0 0 255 255 255 0 176 0 0 255 0 0 255 69 255 0 255 209 255 0 0 0 0
    255 241 255 255 163 0 30 255 255 255 0 255 0 108 0 202 255 255 255 0
    25 0 0 0 255 0 255 255 255 0 0 255 255 255 81 255 0 0 255 255 72 223
    0 255 0 255 255 255 0 214 0 255 0 0 255 0 7 0 240 255 255 0 255 255
    0 95 255 0 255 0 0 0 0 0 0 255 0 0 255 255 255 0 0 14 255 255 255
    255 255 13 255 59 255 0 255 205 193 0 255 255 255 0 255 0 255 255
    145 10 0 255 233 0 0 0 220 0 255 66 0 0 110 255 255 255 255 0 0 255
    113 0 0 225 104 255 0 52 0 255 0 0 248 255 0 255 0 255 0 0 0 255 255
    255 0 160 0 255 239 255 255 0 255 0 246 255 0 255 0 255 15 2 0 255
    255 255 0 0 0 117 217 255 255 255 187 255 255 89 140 0 0 255 0 153
    255 255 221 217 255 0 255 0 0 255 0 0 108 255 255 255 0 0 255 255
    255 255 0 0 255 255 0 0 0 0 255 255 183 144 0 0 255 255 255 0 0 0
    255 255 255 0 255 255 255 255 0 0 0 255 255 0 0 0 255 108 0 0 255
    255 255 0 255 0 28 0 207 255 255 255 255 0 0 50 255 255 197 254 255
    255 0 255 255 255 0 0 255 255 255 0 255 0 239 255 255 66 0 219 37
    255 255 0 0 0 0 22 0 255 0 255 0 0 255 0 255 0 9 173 255 255 255 67
    210 255 255 255 255 255 0 255 175 255 255 250 0 255 0 255 255 255 0
    144 0 255 0 0 255 0 0 25 255 0 255 255 255 0 255 0 0 255 99 0 0 255
    255 255 76 255 255 0 255 225 103 249 255 255 0 0 255 255 255 0 255 0
    255 124 255 0 0 63 255 255 200 0 0 0 253 255 138 255 255 255 0 0 130
    255 255 255 0 156 0 0 195 255 255 78 255 0 255 154 255 46 255 0 255
    255 255 255 0 0 0 255 255 0 0 255 255 255 0 0 103 255 0 255 0 0 129
    255 255 0 0 255 255 161 126 255 0 0 0 255 255 255 0 241 255 0 144 0
    0 255 0 255 0 173 146 0 255 255 255 255 70 0 0 255 150 0 0 0 0 255
    255 241 0 0 255 114 255 0 32 133 238 0 255 0 255 255 255 255 255 192
    0 130 168 255 0 255 0 191 255 6 155 0 4 236 0 255 0 0 0 255 0 255
    154 255 231 255 0 255 4 255 255 0 255 0 255 255 160 255 46 0 255 255
    255 255 255 124 0 0 0 65 0 255 0 255 255 0 0 0 255 0 0 0 255 255 136
    0 0 0 0 255 0 8 0 0 255 98 0 255 0 255 0 255 255 0 0 0 255 0 255 255
    120 255 255 212 0 0 0 255 255 0 255 0 40 210 255 0 126 4 255 0 255 0
    0 0 0 37 255 255 0 255 255 0 255 0 255 255 255 0 0 255 255 218 255 0
    172 255 0 211 255 255 255 255 0 129 0 0 140 255 255 255 0 0 255 255
    0 0 0 255 215 0 255 0 0 0 255 23 147 255 255 16 255 162 0 0 103 255
    0 255 255 255 0 16 57 255 0 152 255 229 255 255 0 0 0 232 0 86 88 7
    0 0 255 255 23 0 111 0 255 255 255 255 255 112 0 0 0 255 255 32 255
    110 0 0 143 255 240 255 255 0 45 255 112 0 0 98 255 255 0 0 0 0 255
    0 237 0 255 107 0 0 0 216 255 234 0 255 255 0 0 255 255 0 0 255 0
    255 0 255 0 0 161 0 255 0 0 0 255 0 255 0 0 0 0 255 255 255 127 0 0
    255 135 255 225 0 174 0 255 0 255 0 255 0 0 15 255 255 132 0 255 0
    255 255 0 255 0 255 0 255 0 111 255 236 255 26 255 255 255 0 255 0 0
    255 255 255 111 0 192 255 0 255 0 255 0 194 0 0 255 0 255 4 0 98 255
    255 0 255 0 255 0 255 0 255 0 255 0 255 0 0 0 255 255 0 100 0 0 255
    244 0 255 255 255 0 223 255 255 0 0 6 0 255 255 107 0 255 255 0 255
    0 67 0 75 0 255 0 101 0 255 255 0 0 0 155 99 255 0 255 0 0 255 47 42
    0 0 255 255 255 0 0 0 255 111 125 255 0 0 7 244 102 0 255 0 0 101
    255 255 123 0 0 27 0 0 255 255 255 0 255 255 255 0 44 0 255 0 0 255
    0 255 255 255 0 147 25 137 255 84 255 255 0 0 255 102 21 255 0 255
    255 255 0 0 209 255 255 105 255 125 255 0 0 0 0 255 255 0 0 0 0 255
    255 0 0 255 255 0 188 0 0 255 255 255 239 0 255 0 38 14 255 255 255
    0 0 255 0 255 44 255 0 0 184 0 0 255 255 255 0 0 0 0 92 70 255 0 255
    0 136 67 0 255 0 9 1 0 145 152 255 0 255 0 0 0 255 255 255 0 255 0 0
    0 255 252 255 0 255 0 219 154 60 1 0 0 0 39 255 255 255 152 255 255
    255 0 10 0 255 0 255 255 255 0 255 255 255 255 0 0 0 0 237 255 255
    255 130 255 255 255 178 0 0 0 0 0 255 255 255 255 99 0 0 220 0 0 0 0
    255 0 255 71 0 0 255 255 0 0 255 94 255 255 0 0 0 255 255 255 0 73
    255 255 255 250 185 132 0 0 249 255 0 70 0 255 255 0 129 0 255 255
    255 0 0 0 0 255 255 0 0 0 255 255 0 0 133 255 94 192 0 0 0 0 255 255
    232 255 21 255 237 0 255 0 0 255 255 0 87 233 255 0 0 255 255 255
    255 0 0 46 255 255 76 0 0 0 103 255 248 255 0 255 0 0 255 255 255
    255 255 255 221 255 0 192 0 52 255 255 157 143 0 117 255 40 0 0 210
    0 255 255 0 255 0 67 136 255 0 163 168 0 0 0 255 255 255 0 189 255 0
    255 255 229 0 8 130 255 255 255 255 0 255 0 255 255 255 0 23 0 0 255
    0 0 0 0 255 0 0 0 255 255 0 0 255 62 255 62 255 21 255 191 140 0 255
    255 0 0 0 200 0 255 138 233 255 0 0 255 0 255 0 0 0 255 255 251 0 0
    0 0 57 16 255 0 255 111 134 255 0 255 255 255 0 0 255 19 0 24 255 0
    255 0 0 255 81 0 233 0 255 0 255 0 255 0 255 217 255 0 0 255 101 255
    255 0 255 0 178 169 255 0 0 95 255 10 0 0 255 255 0 255 137 255 255
    0 0 20 195 255 255 208 0 0 255 0 4 255 255 255 0 0 255 0 255 0 255 0
    255 255 0 255 255 255 255 255 0 119 0 0 0 0 255 255 0 4 255 255 0
    255 0 255 0 0 0 0 255 169 255 0 0 255 255 0 0 255 255 255 56 56 86 0
    94 255 255 0 0 67 0 255 255 255 0 0 255 255 176 255 0 255 0 205 0
    230 255 255 22 0 140 255 255 0 138 0 0 255 67 0 24 255 0 255 210 255
    255 255 0 113 33 255 255 0 255 0 255 255 255 39 0 0 255 255 255 0 74
    216 229 88 255 255 147 255 0 0 0 255 255 107 0 0 255 9 255 213 175 0
    214 0 255 0 190 0 255 255 0 255 170 0 164 135 255 0 255 0 0 0 0 255
    110 0 255 255 0 185 255 0 74 255 255 255 0 0 255 255 202 58 93 0 255
    0 0 255 197 0 119 255 0 255 231 255 0 200 0 255 0 255 0 255 0 255
    170 255 255 0 255 0 0 255 255 0 0 0 255 122 0 255 255 255 0 255 229
    255 255 0 0 0 9 0 97 157 255 255 100 0 136 0 255 0 189 255 0 0 156
    67 0 255 255 35 0 0 0 0 0 255 255 255 0 37 0 255 0 255 0 0 255 255 0
    0 255 255 0 255 0 153 0 90 255 255 0 0 255 235 70 240 0 0 255 0 0 0
    255 255 255 218 255 0 255 0 0 131 255 0 0 0 115 0 0 255 255 0 0 0 0
    0 255 177 255 255 255 255 0 255 244 255 255 0 111 255 255 255 76 0 0
    0 0 0 16 106 255 255 0 255 47 255 0 0 0 0 255 255 255 255 255 0 0 0
    255 0 101 0 222 0 255 255 140 0 0 149 0 0 255 0 25 177 255 255 0 255
    210 0 0 74 0 255 0 169 255 0 255 0 248 0 255 0 0 255 0 255 204 255 0
    0 5 255 255 0 0 0 95 255 223 0 255 36 188 0 105 0 255 255 255 0 255
    0 75 0 0 0 0 0 255 112 0 0 121 255 0 0 132 0 255 0 0 255 255 231 97
    0 255 77 13 0 142 0 255 255 0 0 0 255 234 0 0 193 189 255 0 0 0 0
    255 0 255 0 0 0 255 88 0 0 255 255 23 255 0 0 107 255 255 31 87 0 81
    0 229 255 0 255 0 255 255 255 0 0 0 255 0 255 0 255 255 255 125 0 0
    0 255 255 255 255 255 0 0 255 255 224 255 100 255 177 255 0 255 255
    255 255 0 136 0 0 255 255 255 255 0 9 75 255 0 5 255 255 0 0 0 0 255
    0 255 252 255 0 165 0 255 255 255 255 0 0 193 129 255 0 255 242 255
    0 0 255 255 42 0 0 0 0 41 0 255 0 255 0 255 0 255 255 0 183 255 255
    255 0 255 0 255 162 255 241 255 0 255 189 255 255 0 0 0 119 255 255
    255 11 0 0 70 255 255 255 0 0 0 255 0 99 253 0 255 0 0 255 255 0 0
    91 64 255 142 56 255 50 0 255 255 255 0 30 4 50 0 0 255 47 255 0 180
    0 133 0 255 211 255 0 164 0 0 255 0 0 45 67 255 183 255 0 255 255
    255 255 255 0 255 0 255 120 255 0 0 57 13 255 0 108 0 0 255 77 255
    255 74 255 0 255 129 0 0 255 255 0 255 0 255 255 0 119 0 255 255 0
    104 0 255 181 0 0 198 255 0 255 40 186 0 255 33 255 0 255 0 255 0 0
    46 0 255 23 0 0 0 193 0 255 0 255 0 255 0 255 87 255 0 255 89 255
    255 230 212 255 0 0 102 241 0 0 255 255 255 95 255 0 255 255 255 0 0
    0 0 255 40 255 0 62 78 0 255 255 255 0 0 255 255 255 0 0 0 66 255 0
    60 0 255 255 255 153 255 0 255 0 0 0 0 188 255 255 255 0 0 0 0 255
    192 255 0 255 255 255 255 255 0 0 0 255 0 106 255 255 101 0 0 255
    255 0 0 0 255 255 77 0 0 255 67 184 54 0 0 0 255 0 0 0 196 0 0 235
    176 255 93 14 255 139 0 0 255 255 0 0 255 255 0 0 0 255 255 63 0 0
    255 255 0 0 0 255 0 0 0 39 255 255 255 255 255 111 0 160 0 0 255 255
    255 0 255 255 255 0 0 255 255 0 0 0 255 165 255 0 255 0 0 255 255
    255 0 0 255 255 143 0 0 0 0 127 0 0 0 255 255 255 255 255 0 0 0 194
    255 255 255 0 53 0 255 0 255 0 255 255 255 79 0 0 255 255 0 240 0 87
    0 255 208 0 0 0 255 0 0 0 225 187 255 0 255 0 255 0 255 0 255 255 0
    0 0 255 0 0 54 109 68 0 255 0 255 0 255 0 255 255 255 0 187 157 0 86
    255 0 0 255 255 255 0 0 255 255 255 255 0 0 0 42 0 0 253 0 84 255
    255 0 0 43 0 255 0 0 246 255 255 255 0 0 255 84 255 0 255 171 255 0
    255 0 255 0 255 0 255 145 157 0 0 41 134 0 145 0 255 255 0 128 0 255
    139 255 255 0 255 0 0 255 0 0 89 255 0 0 0 45 0 255 255 255 187 255
    11 0 0 66 0 255 255 255 0 0 0 255 255 255 0 0 255 255 0 0 255 192 0
    255 255 0 0 255 255 0 0 0 255 0 191 255 122 255 236 0 0 76 0 255 0
    172 0 224 255 255 0 0 255 94 255 255 255 158 0 142 255 107 0 0 255
    255 255 1 124 0 0 0 158 255 255 255 69 0 255 255 255 0 255 0 255 0
    255 0 255 255 0 0 0 0 146 255 255 255 0 0 0 15 0 255 255 0 80 218
    255 0 255 0 0 255 255 255 0 248 0 255 188 0 0 255 255 0 0 191 0 0
    255 182 255 218 0 147 255 0 0 0 0 154 0 182 142 255 255 0 255 0 0
    255 0 130 255 0 234 101 0 0 255 118 165 255 255 0 255 255 0 0 0 255
    78 255 0 0 255 0 53 0 255 40 255 0 35 0 255 0 255 0 255 255 110 66
    215 0 0 255 255 255 255 0 167 0 255 255 0 0 39 255 255 198 0 0 255 0
    255 0 251 0 0 0 255 129 0 0 255 142 112 255 255 0 34 0 145 255 0 0
    255 255 0 255 0 66 255 0 255 107 221 255 0 210 0 0 0 255 255 255 255
    157 0 0 255 0 255 64 0 255 255 0 0 255 255 0 0 240 0 250 225 255 255
    89 0 0 40 232 255 0 255 0 0 86 255 0 255 178 0 111 0 0 255 148 0 255
    156 0 0 0 247 255 0 23 255 255 0 0 167 0 0 196 255 255 0 39 0 255 0
    255 0 255 0 0 0 0 0 0 195 255 255 0 138 0 255 0 255 149 255 255 255
    0 0 63 255 0 255 25 255 73 255 255 0 255 0 0 0 0 255 0 0 0 0 255 255
    0 255 0 255 0 0 0 255 255 255 0 0 13 0 255 153 255 255 0 255 0 0 255
    58 255 255 0 255 255 255 0 0 0 255 172 255 0 0 173 255 255 0 0 0 255
    176 0 0 255 255 255 255 0 255 0 0 0 255 0 255 227 255 0 0 0 0 112
    255 255 255 255 0 0 0 255 255 255 0 131 118 255 255 255 0 0 0 25 0
    255 0 95 0 136 0 255 128 237 0 0 255 0 0 0 255 255 0 0 0 118 0 0 97
    255 255 0 0 255 40 0 255 255 0 0 0 255 255 33 255 0 51 0 0 255 255
    255 0 0 0 0 0 255 255 255 65 255 255 0 153 0 32 0 0 0 255 127 255 0
    0 255 255 255 255 255 0 0 123 0 0 0 255 255 255 0 255 0 255 14 180 0
    236 255 255 255 0 255 0 0 0 255 255 0 255 0 255 0 0 52 20 0 165 0
    171 0 255 255 0 0 255 0 0 255 255 255 0 0 255 180 255 0 227 0 26 211
    255 153 0 0 0 255 249 0 0 0 0 0 0 0 255 255 0 0 0 255 0 255 0 119
    149 179 0 255 255 255 255 255 0 0 0 0 255 255 255 255 0 0 88 255 134
    255 0 255 255 255 255 0 255 222 0 0 255 255 0 0 0 255 0 255 44 255
    33 255 0 255 207 255 0 255 0 255 255 255 255 255 0 255 255 239 0 255
    190 235 255 105 0 151 255 240 255 0 255 0 255 255 0 255 255 255 0
    255 0 255 255 0 0 0 255 48 144 255 255 255 0 0 0 140 255 0 0 0 0 255
    0 255 0 255 0 255 0 0 0 255 255 94 255 0 255 255 0 255 229 0 0 0 255
    249 255 139 125 0 0 28 0 210 0 0 0 194 255 255 255 0 0 0 3 0 255 182
    0 139 255 0 255 0 0 140 0 0 69 102 125 255 255 0 0 0 192 22 255 0 0
    0 255 255 255 255 255 255 255 255 36 211 0 0 255 255 184 255 0 178 0
    255 255 255 0 0 190 255 0 0 0 64 23 255 255 255 0 19 255 194 0 236
    255 174 0 255 33 255 0 0 0 178 0 255 0 138 0 255 0 255 0 0 255 255 0
    255 255 0 36 0 255 47 255 0 0 0 255 255 255 97 0 0 255 255 255 0 0
    106 255 0 0 127 0 4 0 255 0 255 176 255 255 223 116 0 0 255 0 189 0
    255 255 255 255 0 255 255 255 0 255 0 255 255 83 123 255 0 255 0 255
    197 0 255 0 255 213 255 0 255 0 255 0 0 0 0 255 255 118 98 0 0 0 255
    255 255 249 0 0 255 0 255 255 255 255 255 0 255 0 38 0 255 0 255 0
    255 0 255 0 255 255 255 0 0 0 160 255 0 255 255 62 140 0 255 255 255
    27 35 202 158 183 255 0 0 88 255 255 49 15 255 0 100 0 255 59 255 0
    0 255 0 255 0 85 255 7 255 0 0 255 0 255 0 104 0 0 255 255 70 0 255
    0 255 0 255 49 255 0 255 255 255 255 255 255 0 255 255 255 0 55 255
    255 0 0 126 255 255 0 139 0 255 50 255 255 0 255 244 255 0 0 255 0 0
    148 255 0 0 0 77 255 0 255 0 25 255 0 255 255 0 0 255 255 234 255
    122 0 0 169 255 255 255 255 255 0 0 0 0 0 255 255 63 27 255 0 255 0
    6 104 255 120 20 0 23 255 255 255 0 0 0 0 255 255 255 0 0 0 0 0 255
    255 255 0 255 0 213 0 255 68 255 0 255 255 66 173 160 0 0 0 255 0 87
    0 0 255 255 0 0 0 0 0 0 212 255 255 255 255 0 0 0 255 39 255 0 176
    68 255 148 0 255 255 255 255 0 0 0 0 0 255 255 0 0 154 255 255 0 48
    0 92 80 255 0 255 0 197 255 255 125 0 127 0 0 255 255 0 255 255 255
    255 255 255 0 0 255 255 255 0 0 0 0 255 255 255 255 255 130 251 0
    255 197 28 0 131 0 74 255 0 255 255 0 0 0 255 255 255 0 6 115 107
    255 0 255 0 255 255 255 143 63 0 255 0 0 255 0 255 0 255 238 0 0 15
    255 255 0 0 0 255 255 255 95 40 0 0 85 0 255 146 255 68 0 255 201 0
    0 0 235 255 255 0 255 206 255 0 0 0 255 107 150 0 0 0 182 255 0 0 85
    255 0 255 0 255 255 255 0 0 0 0 81 255 255 0 255 80 0 0 255 255 205
    255 255 255 0 0 0 225 0 255 255 255 255 125 0 255 255 255 255 255
    255 255 0 0 255 255 255 255 0 255 0 255 255 138 0 255 0 0 0 255 0 0
    0 255 98 0 131 255 0 0 255 0 0 0 255 255 174 255 0 0 0 255 255 255
    255 0 0 255 152 255 255 117 255 0 255 216 255 0 124 0 0 255 0 0 0 0
    0 0 255 132 255 0 0 255 255 255 0 0 0 255 62 0 112 79 224 0 82 0 4
    255 255 0 0 255 255 255 0 0 220 255 255 170 255 95 208 122 0 177 255
    0 0 0 0 255 255 255 0 0 255 255 221 0 0 255 255 0 0 0 255 0 25 0 0
    255 0 0 255 255 255 0 255 0 255 0 33 255 255 197 0 0 87 35 0 140 255
    255 0 0 183 204 255 187 255 0 0 24 255 0 0 255 255 255 255 255 131
    255 255 255 255 255 9 234 255 255 255 0 255 255 102 0 0 255 255 0 0
    0 154 255 255 35 0 255 0 255 0 229 124 0 0 255 0 255 255 255 255 0 0
    0 0 0 0 6 189 0 255 26 255 0 255 255 0 255 0 255 0 255 248 169 204
    255 0 255 0 255 255 255 0 255 255 255 0 0 255 255 255 0 0 0 0 255 0
    255 0 255 255 255 186 205 117 0 220 255 255 0 0 0 255 255 0 255 255
    255 0 0 126 0 2 196 255 255 0 255 0 230 155 255 251 0 207 255 0 0
    255 0 194 13 0 104 255 255 255 0 0 255 255 65 255 255 78 0 255 0 0 0
    255 255 255 83 157 0 255 255 123 0 255 255 0 255 0 0 0 255 0 0 0 0
    255 0 0 0 0 0 0 55 0 255 255 255 40 0 0 255 129 181 255 174 255 0
    255 0 255 14 0 255 167 0 0 255 255 255 0 255 255 0 255 255 255 103
    255 0 0 0 255 255 90 255 0 255 255 0 0 0 255 255 255 255 0 0 97 255
    255 255 0 255 149 255 0 23 255 255 255 0 107 0 255 81 255 170 255
    218 0 0 0 175 39 255 221 0 0 249 0 255 0 45 255 255 0 255 0 255 0
    255 0 255 0 180 255 255 118 0 129 0 0 0 0 255 0 255 58 255 255 32
    248 207 255 255 0 255 0 0 255 0 0 0 255 99 0 255 255 255 217 0 255 6
    0 0 255 255 0 255 206 0 0 0 255 0 0 255 0 255 0 255 0 208 0 0 0 169
    255 214 0 0 0 81 0 255 255 0 123 255 255 255 255 255 0 0 0 209 0 132
    255 255 0 0 219 255 218 0 255 78 255 155 255 255 255 255 0 255 255
    255 161 0 0 0 255 255 0 0 255 255 255 0 173 22 65 0 0 255 182 255 0
    255 0 0 87 255 255 255 255 255 0 255 255 255 255 0 255 0 255 0 255
    152 255 0 255 0 92 255 255 144 0 0 255 0 0 255 0 255 151 196 0 239
    255 255 0 214 40 255 28 255 255 0 117 255 0 255 255 255 255 0 0 255
    255 0 26 255 0 0 45 146 0 0 255 66 255 0 68 0 220 255 255 0 0 255 61
    0 0 0 0 255 255 255 188 0 0 0 255 182 255 0 0 0 71 0 255 0 0 0 0 0
    255 255 0 250 0 241 0 255 0 0 255 255 0 0 0 255 0 255 0 241 68 255 0
    255 0 255 255 255 0 255 255 255 95 0 15 0 229 0 36 46 54 0 255 0 159
    0 255 0 0 255 0 255 0 255 4 255 88 0 68 0 183 255 255 255 0 0 247
    245 0 0 0 255 0 86 103 134 0 255 0 87 0 255 0 0 0 177 255 255 0 0 0
    255 255 71 255 0 0 0 255 255 255 0 128 0 115 0 221 255 0 0 1 0 0 0
    102 0 0 0 62 255 255 50 0 0 255 0 0 255 0 255 0 255 0 255 0 0 0 255
    255 0 255 255 255 0 0 0 203 255 255 255 0 0 255 0 255 0 255 0 0 255
    255 255 0 0 0 255 255 255 0 255 157 147 0 255 73 255 255 255 0 0 0 0
    0 255 0 255 0 255 255 0 123 0 0 0 255 255 255 0 0 0 255 228 255 255
    255 255 0 0 223 255 255 0 0 255 255 255 121 0 0 255 0 255 0 0 0 255
    0 255 0 255 255 255 0 0 255 255 219 0 226 255 255 62 0 215 255 255
    255 0 0 0 0 0 255 13 0 0 255 255 214 0 76 0 0 255 0 255 0 0 255 0
    255 255 255 83 255 0 229 0 104 0 249 0 130 255 255 255 255 0 255 255
    255 0 156 255 255 0 0 0 255 0 255 201 255 0 0 255 255 0 255 145 0
    255 255 0 70 0 255 0 255 255 255 129 0 255 255 0 0 0 228 255 150 213
    0 255 0 242 0 255 0 255 255 255 0 0 0 0 221 255 255 88 66 92 255 0 0
    57 255 0 0 0 20 37 0 255 67 255 255 0 255 58 0 150 0 0 255 0 222 0
    255 121 0 0 255 255 255 227 0 0 255 255 0 0 0 255 0 0 225 255 255
    255 161 0 0 0 255 0 255 255 0 0 0 255 255 13 0 0 255 255 0 0 255 190
    0 0 213 104 255 255 150 255 0 0 0 255 0 0 0 255 255 0 0 0 255 255
    255 0 72 255 255 255 255 0 0 255 255 192 0 111 255 190 0 255 0 0 0
    255 0 222 255 0 0 0 16 249 255 255 0 244 0 0 150 0 237 149 255 124
    255 0 0 0 0 227 255 255 255 0 194 255 0 255 0 255 0 255 0 123 0 255
    0 0 255 202 19 0 255 0 0 0 255 166 255 0 0 0 255 255 0 255 0 126 0
    255 255 133 183 0 0 27 0 203 255 0 255 0 255 0 255 0 0 255 255 255
    255 0 255 255 0 255 0 50 255 255 255 255 255 0 0 255 169 255 255 36
    255 255 0 0 255 37 72 38 255 0 157 255 22 255 218 154 0 255 93 255
    255 255 178 255 0 0 43 2 255 0 255 0 0 0 255 255 255 0 0 255 239 47
    255 0 255 255 255 0 58 255 255 156 255 255 0 196 0 179 0 0 255 0 33
    0 0 0 255 255 255 48 0 255 255 255 0 206 0 77 204 0 255 0 176 231 0
    255 0 255 0 157 0 0 0 255 0 0 255 255 255 0 193 255 217 68 0 0 255 0
    255 0 0 18 173 0 155 0 63 255 0 0 0 0 107 0 0 39 255 0 255 255 0 0
    255 0 0 0 95 255 0 0 0 111 255 165 0 0 0 255 255 252 0 255 255 0 255
    255 255 0 255 255 0 0 255 199 161 4 99 255 0 255 157 255 0 218 255 0
    255 0 255 232 0 255 0 255 255 255 255 0 255 255 255 0 255 0 255 255
    0 255 54 241 0 255 255 0 78 0 0 0 255 0 0 94 255 255 0 255 0 95 43 0
    162 255 255 0 60 9 109 156 217 182 255 255 0 255 255 255 0 0 0 255
    255 255 0 255 85 0 255 204 255 0 0 0 255 255 205 0 0 255 255 0 0 255
    0 216 120 0 255 255 255 255 0 141 162 253 0 255 255 0 255 0 255 0 0
    255 255 255 0 0 0 255 255 235 0 255 0 255 186 255 0 0 172 255 0 114
    255 255 255 255 255 255 0 255 255 255 255 0 255 255 182 97 0 255 30
    0 255 0 49 0 255 0 255 172 197 0 0 255 255 0 0 0 141 255 10 0 0 0
    255 255 0 255 255 255 0 17 255 0 255 134 255 0 0 236 255 255 255 0
    255 255 255 0 0 0 101 255 255 255 0 17 0 252 154 0 0 255 255 0 0 109
    255 255 255 255 255 255 0 0 255 255 255 0 255 0 255 0 198 255 251
    255 0 0 0 0 0 0 0 255 255 148 180 255 0 255 0 0 255 255 255 0 255 0
    255 0 0 0 0 255 255 15 126 0 0 32 123 255 255 255 255 0 0 0 0 255
    255 0 0 255 0 255 0 255 0 0 255 255 255 255 0 104 0 16 0 226 0 255
    255 255 0 0 0 205 105 221 49 255 142 0 0 0 255 0 0 255 255 84 255
    173 255 175 0 0 0 255 255 255 6 0 255 96 255 0 255 255 0 230 255 255
    0 255 0 226 0 255 0 255 255 255 255 0 255 0 255 0 255 0 255 0 0 0
    255 255 0 0 0 159 255 0 125 0 0 0 255 255 15 0 255 0 255 255 0 0 255
    0 255 0 255 0 255 0 255 0 255 0 255 255 255 0 255 0 255 255 0 0 255
    121 0 255 255 69 86 84 255 0 167 255 149 255 0 126 194 10 0 0 255
    185 255 255 0 112 0 255 235 255 0 47 255 0 0 152 255 255 0 53 148
    255 255 0 0 78 255 31 34 255 255 255 0 149 255 255 0 0 0 255 255 0
    255 0 73 255 255 0 255 0 228 0 255 255 0 255 0 255 0 205 0 238 0 255
    255 255 163 0 255 140 255 0 0 255 0 0 0 0 0 255 255 255 255 255 14 0
    101 255 24 0 255 0 0 0 255 255 0 255 77 255 255 84 255 255 255 0 0
    255 5 255 0 255 0 0 0 0 0 255 255 255 0 0 0 255 0 255 0 255 0 255
    255 255 255 255 255 255 0 0 0 255 0 255 245 0 255 0 0 0 255 255 255
    255 0 255 0 0 0 235 255 0 255 0 0 78 0 255 255 178 78 0 0 87 25 255
    0 255 0 0 255 0 0 0 255 0 57 0 30 90 0 0 121 0 0 0 139 255 255 0 159
    0 255 255 53 0 255 255 0 0 0 255 0 0 0 255 255 0 0 0 255 255 0 0 255
    255 255 0 255 255 7 255 255 255 180 0 0 255 14 218 71 255 0 0 255
    255 255 0 0 0 255 0 213 0 255 0 0 0 127 255 255 255 52 255 0 157 0 0
    255 255 0 50 255 255 40 0 0 255 255 180 0 255 0 255 0 255 159 255
    255 255 255 0 0 0 255 255 0 0 255 255 0 255 255 142 0 255 0 255 208
    255 137 255 255 0 255 255 56 255 45 0 255 214 0 255 0 63 255 255 255
    255 0 161 0 123 255 255 255 0 255 35 255 0 255 255 33 43 0 0 0 255
    255 255 0 255 0 255 255 255 0 55 0 0 255 255 209 255 255 0 255 255
    248 87 0 0 0 255 255 0 0 0 0 0 255 1 22 207 255 0 0 0 0 255 255 194
    255 0 255 255 255 164 0 0 255 0 255 0 0 255 0 255 242 255 76 255 169
    50 0 255 255 0 0 22 0 0 255 186 190 0 255 255 255 39 0 0 255 0 93
    142 0 255 34 255 255 0 0 0 232 255 0 105 0 255 255 0 255 255 0 255 0
    238 255 0 0 0 0 0 0 255 255 255 0 0 0 0 0 0 0 0 255 0 26 255 255 0 0
    50 255 255 0 0 75 255 255 255 0 77 255 94 255 158 0 0 0 255 0 255 0
    255 0 255 255 255 255 255 0 0 0 0 0 0 0 241 0 255 0 156 0 173 112 0
    0 255 255 255 92 0 255 255 255 255 106 24 51 162 0 0 255 255 255 74
    0 0 0 255 255 0 129 0 255 235 255 138 0 98 0 255 0 0 0 249 0 255 0 0
    255 255 255 255 0 243 0 255 255 0 255 255 255 0 182 0 255 0 0 0 0
    233 255 199 255 87 0 255 96 255 0 190 0 216 255 255 255 0 0 0 0 255
    255 0 255 0 0 255 255 255 0 255 255 167 0 0 255 0 55 0 0 255 112 255
    0 0 255 255 0 0 0 255 0 118 255 0 219 0 255 0 255 255 255 85 255 0
    255 255 0 255 0 85 0 255 255 255 0 0 0 255 255 144 0 75 255 255 0
    166 154 247 205 255 125 0 168 0 117 0 255 255 105 0 0 255 31 255 0 0
    0 255 18 157 0 0 21 255 255 255 0 167 0 255 104 115 142 0 255 255 0
    0 122 255 255 0 255 0 0 255 255 0 255 255 255 212 0 0 52 0 0 255 212
    255 0 0 0 255 184 255 0 0 0 255 255 0 255 255 212 215 25 175 255 255
    0 255 255 255 0 235 146 255 0 0 255 236 255 0 255 0 255 255 255 0
    255 115 0 0 0 0 133 0 0 255 136 255 229 0 233 0 255 13 255 0 255 255
    198 0 255 221 0 0 0 0 255 255 6 0 0 0 18 18 252 0 255 0 255 0 255 0
    0 80 0 220 255 255 86 0 117 114 255 0 255 255 255 0 239 0 255 11 255
    0 255 117 0 0 255 0 4 0 255 255 255 187 0 0 0 144 0 0 0 41 0 28 0 0
    72 255 255 255 0 255 0 255 255 47 0 255 0 0 255 0 77 0 255 0 138 0 0
    0 0 255 238 183 0 255 0 231 0 255 252 46 0 255 255 255 248 0 255 0
    255 0 0 255 255 0 0 120 0 255 0 0 64 0 255 0 0 255 0 0 0 68 255 0 0
    218 0 0 255 255 255 255 189 255 143 255 0 66 97 255 255 0 255 0 118
    12 0 255 99 47 0 255 0 255 251 255 255 0 255 30 9 0 255 0 0 0 0 240
    255 54 190 0 0 255 149 0 0 0 255 0 255 255 255 0 0 0 160 0 255 255 0
    255 255 45 0 255 225 129 0 35 255 255 0 255 0 255 255 255 232 221
    255 0 255 44 255 75 255 0 0 0 0 148 0 52 0 0 160 198 255 255 0 0 0
    255 255 255 0 0 0 223 255 234 255 255 0 0 255 0 0 0 255 255 6 79 0
    255 0 47 0 255 255 255 255 0 255 0 0 255 255 0 255 255 162 0 0 255
    255 0 255 0 0 255 94 255 0 0 0 255 0 0 0 0 255 255 255 0 0 0 255 0
    255 255 255 0 0 0 255 255 255 0 255 0 0 156 0 255 255 255 255 0 255
    0 255 255 0 255 0 21 0 255 255 0 80 255 255 0 255 0 219 0 255 255
    255 255 255 0 0 82 183 255 255 255 255 0 243 255 255 0 255 0 255 0 0
    0 0 255 0 74 255 143 94 255 255 0 255 0 255 0 255 29 0 157 255 0 0
    12 255 255 118 0 0 0 255 0 0 0 255 255 0 255 0 255 255 255 255 0 0
    245 73 255 0 255 0 255 58 255 255 255 255 0 255 0 255 255 255 200
    255 0 0 127 255 221 0 0 255 255 0 0 0 255 255 0 0 0 0 0 221 255 255
    0 255 10 0 0 125 255 0 255 0 0 0 255 132 255 57 255 255 0 0 0 0 255
    0 177 0 0 255 0 255 0 0 0 248 129 255 0 255 0 255 0 255 0 77 0 0 255
    255 255 255 0 0 255 203 4 0 0 117 0 255 255 255 255 255 0 255 247
    255 0 255 0 0 0 255 255 49 0 255 201 255 255 108 0 38 0 255 0 54 255
    255 0 255 62 255 0 0 255 255 255 0 0 81 255 0 243 163 76 114 255 255
    122 0 0 255 255 249 255 255 0 0 0 255 255 131 0 255 0 162 255 255
    255 0 0 0 0 255 53 0 0 255 255 0 0 255 255 0 0 251 255 255 255 255
    255 255 0 255 0 0 0 255 0 255 159 255 0 255 255 255 0 0 0 0 100 191
    255 255 0 255 213 255 0 255 0 255 0 255 255 0 244 0 226 0 255 201 0
    0 0 255 255 255 184 255 86 0 0 0 0 255 0 0 40 0 158 200 255 255 255
    0 0 0 255 22 0 0 94 0 255 90 0 76 255 0 255 0 255 249 0 0 0 255 0 0
    202 255 255 0 0 255 255 255 0 255 0 142 0 0 0 253 0 255 0 193 0 221
    0 155 255 255 239 206 0 0 63 255 255 0 255 255 255 0 0 229 24 60 73
    255 255 109 255 0 0 0 255 255 255 211 0 0 184 255 213 111 216 0 0
    255 255 255 114 0 255 255 255 0 76 0 0 216 255 255 0 0 0 55 0 255
    165 255 0 255 255 255 0 0 0 72 255 255 0 112 0 60 244 0 15 134 255
    255 255 0 142 196 255 255 255 0 255 0 255 32 0 0 0 19 0 0 0 255 255
    78 0 0 255 19 255 0 0 0 0 255 171 255 0 0 0 255 0 255 255 0 228 0
    255 102 255 0 255 194 255 34 255 0 4 0 255 138 255 255 131 255 0 255
    0 255 0 255 0 255 0 0 255 252 255 0 255 255 255 0 0 239 255 255 255
    15 255 255 0 149 238 255 139 255 148 0 0 0 87 145 196 0 255 0 255 0
    0 255 24 0 255 236 255 0 255 255 0 89 0 14 255 161 255 255 0 84 103
    0 255 140 60 0 0 255 255 255 64 0 19 0 255 0 9 0 0 255 255 255 255
    195 199 0 0 57 0 255 215 0 255 0 0 0 0 163 255 255 255 0 0 0 0 255
    205 255 0 255 255 0 0 0 124 255 252 0 0 0 0 0 255 255 255 173 255
    255 0 0 110 0 255 0 0 255 242 255 255 255 255 0 0 255 255 0 255 167
    255 222 255 0 215 0 232 255 237 143 171 0 219 0 255 255 215 0 255 0
    255 0 0 255 247 100 67 0 0 255 255 255 0 0 0 0 69 255 255 255 28 255
    0 0 0 0 0 0 255 96 255 63 0 1 255 251 0 255 255 0 255 0 255 0 255 0
    255 138 255 0 0 255 0 75 255 255 53 199 151 0 0 0 255 232 99 255 0 0
    255 0 80 0 255 255 10 255 0 0 0 0 0 211 255 255 173 255 0 0 112 0
    255 255 81 0 255 0 255 255 255 255 255 255 0 255 0 140 0 255 255 157
    255 0 141 255 255 0 58 255 0 255 255 255 255 0 0 0 255 255 255 0 255
    0 255 255 255 0 0 255 0 255 255 0 255 0 163 0 0 255 0 0 0 0 0 0 36
    255 128 0 245 255 0 0 255 194 255 178 0 255 0 225 255 0 0 0 231 255
    62 0 0 204 255 255 255 255 255 255 255 3 0 101 0 95 149 255 82 255
    255 255 15 0 0 255 0 255 0 175 0 0 255 245 255 255 255 0 255 0 255
    255 255 0 0 0 84 108 255 0 255 255 232 0 210 0 0 6 255 255 0 0 255
    255 0 0 255 0 0 20 255 255 0 255 0 148 0 255 255 0 255 255 225 0 110
    255 174 0 0 0 0 255 230 255 255 255 255 0 255 69 0 0 0 255 255 255
    255 0 0 255 189 83 255 255 0 0 0 253 11 0 255 255 255 0 0 255 0 0 0
    0 255 64 255 190 0 3 255 153 255 0 0 0 71 74 255 255 0 255 255 255
    255 0 255 255 0 255 255 255 0 0 0 0 0 0 83 0 100 0 255 0 255 255 255
    0 0 0 0 0 255 0 255 255 188 0 0 255 255 0 0 185 255 83 0 0 255 0 255
    255 255 0 255 0 255 0 255 0 0 0 0 255 0 255 255 0 255 255 255 0 0
    255 0 255 0 0 0 0 0 255 196 0 10 0 255 147 255 255 0 50 0 255 255 0
    0 255 35 234 0 255 255 224 0 255 0 255 0 255 255 0 0 0 255 0 0 0 255
    0 255 255 255 0 145 0 255 255 255 183 0 135 0 0 17 255 164 221 248
    255 0 0 67 222 255 255 255 0 255 0 255 0 0 0 255 216 107 255 0 255
    255 255 0 0 0 255 255 247 255 28 125 0 255 255 0 255 252 255 118 243
    255 253 114 0 84 245 255 255 255 0 0 255 0 0 0 0 255 255 244 255 0
    255 255 0 146 255 141 0 255 255 0 0 0 255 0 255 0 0 0 255 0 255 0
    255 0 255 0 255 0 0 255 0 255 0 255 255 255 0 251 198 255 255 255 0
    0 255 255 149 255 255 0 255 0 255 0 255 255 82 180 255 255 255 255
    99 0 0 0 255 255 45 7 255 0 255 0 0 255 0 255 0 255 0 255 199 0 0 0
    255 0 0 215 255 255 93 0 255 255 0 0 1 255 0 255 0 255 0 255 255 255
    255 255 255 255 255 255 0 0 255 255 255 0 0 0 67 255 255 40 255 255
    0 0 22 118 255 255 0 255 0 123 255 255 255 0 77 255 10 33 0 255 108
    0 0 0 255 255 0 255 91 255 0 0 0 0 254 177 255 168 0 255 0 0 170 255
    255 37 0 0 255 255 43 255 0 0 0 255 254 255 0 255 0 0 9 255 20 255 0
    255 101 0 255 224 255 0 255 0 0 255 207 0 169 255 255 241 0 255 255
    54 0 0 125 255 255 0 0 0 0 0 255 0 255 224 255 196 255 130 157 0 255
    255 255 255 0 0 0 0 255 0 255 0 0 255 0 255 0 255 0 243 255 157 0 0
    0 0 255 0 255 0 0 0 0 255 255 32 255 255 255 0 255 255 91 241 0 117
    0 159 42 251 0 223 0 255 216 255 255 11 255 0 255 0 0 0 255 0 0 0 82
    255 0 0 0 241 0 156 109 0 208 0 0 131 0 255 0 255 255 0 222 78 255 0
    0 0 255 246 0 0 185 255 48 250 255 6 255 0 0 0 33 0 255 0 255 255
    255 255 0 0 255 0 0 0 0 0 160 255 255 0 150 255 167 0 0 255 255 0 0
    0 255 120 255 0 187 47 255 255 0 0 0 255 255 0 0 255 255 255 255 255
    255 0 255 0 255 0 0 0 65 0 0 0 255 255 255 255 255 255 0 0 0 0 255 0
    255 0 255 255 255 165 0 255 255 255 45 255 255 0 255 52 203 0 255
    255 255 0 0 0 0 29 0 255 255 255 20 255 255 255 185 0 0 255 0 0 0
    128 0 255 76 255 255 255 255 167 11 0 255 0 212 0 255 179 255 255
    255 255 0 0 0 0 0 255 255 0 255 0 255 0 255 0 255 82 121 255 0 255 0
    0 255 255 87 0 0 255 0 255 0 0 24 192 255 0 0 0 255 0 255 255 255
    255 132 0 0 0 255 112 3 0 255 255 255 0 0 255 150 255 212 255 0 255
    142 255 0 0 0 0 189 255 0 0 255 255 255 0 0 0 255 0 255 255 255 0 0
    0 255 255 255 0 0 0 0 255 255 255 208 255 255 0 255 0 255 0 255 75
    86 0 255 230 0 21 255 255 255 175 0 255 0 0 0 255 0 0 255 255 255
    255 0 255 0 255 255 0 0 255 0 0 164 255 255 255 0 0 0 255 0 255 0
    102 0 182 255 0 0 255 255 255 0 0 0 255 255 255 255 69 0 0 255 0 255
    0 255 0 0 0 0 255 0 255 0 255 0 0 255 0 255 0 255 255 120 66 0 255
    255 0 0 255 245 54 255 0 255 0 255 188 255 0 255 0 0 36 0 0 255 255
    255 255 255 255 0 255 255 0 255 0 222 0 224 0 0 0 117 0 255 0 255 0
    0 73 255 255 0 0 0 255 0 228 0 255 255 255 251 0 255 255 0 0 0 255 0
    255 0 255 255 255 0 255 255 255 0 0 0 0 255 255 0 255 255 255 255 0
    0 79 129 0 255 0 156 255 0 85 255 255 255 255 0 255 255 255 0 255
    108 255 0 0 255 255 0 179 255 255 255 52 255 0 168 0 255 255 255 0
    255 255 165 0 0 139 255 255 158 255 0 255 0 255 255 255 255 129 213
    0 255 0 255 255 255 255 0 218 0 255 255 255 255 0 0 255 0 0 0 255
    255 255 255 0 0 0 0 255 235 126 0 0 134 23 0 0 142 255 0 0 255 255
    255 0 255 255 119 255 0 44 232 255 255 0 255 0 255 0 255 255 255 77
    0 0 255 255 70 255 27 201 0 0 255 0 114 0 0 207 255 0 0 255 255 255
    0 255 159 0 255 0 255 92 255 0 255 255 0 22 111 0 255 0 255 225 255
    125 216 255 0 0 156 0 255 255 66 66 0 0 255 0 0 156 255 48 255 255
    255 255 0 0 255 71 255 255 0 0 255 0 0 0 45 255 0 255 29 176 0 156
    255 255 255 255 255 0 4 255 255 255 0 0 255 255 209 0 0 255 255 192
    255 255 0 0 255 255 255 0 22 0 0 255 0 0 255 255 255 185 255 0 255
    255 255 255 255 255 134 255 255 0 0 255 0 0 1 255 255 0 0 255 250
    255 13 255 13 175 130 255 58 0 255 255 255 241 255 0 0 0 255 0 0 0
    255 0 255 241 0 36 255 0 115 255 229 99 0 255 180 255 161 255 255 0
    255 0 255 255 232 255 255 255 0 255 80 252 0 0 152 255 255 255 0 158
    0 254 255 206 0 255 0 255 0 255 255 0 0 37 255 141 255 0 255 159 255
    0 0 0 255 0 255 95 0 255 255 139 255 255 255 0 0 0 0 0 255 0 255 255
    255 0 0 255 255 255 0 0 0 255 255 255 255 255 233 0 0 255 255 0 0
    255 255 255 0 0 255 255 255 28 255 255 194 255 255 0 184 255 255 255
    255 0 0 0 0 251 35 255 255 192 0 233 0 24 0 255 255 255 255 0 239 92
    0 0 255 75 0 0 255 255 110 0 209 255 0 0 0 255 255 0 255 255 255 1
    255 0 255 255 255 87 160 0 255 0 0 0 0 255 244 29 255 255 251 0 0 0
    214 241 0 221 255 134 155 87 255 116 255 255 0 0 0 255 255 255 83
    255 0 255 0 255 0 255 0 0 79 0 255 0 255 0 255 255 0 0 0 1 255 0 83
    255 0 21 0 255 255 255 0 0 0 0 255 0 255 0 165 0 202 0 0 255 103 248
    255 255 132 0 60 154 255 255 255 104 255 255 0 0 219 0 0 255 255 191
    0 0 0 0 0 255 255 0 255 255 255 0 255 0 0 0 110 178 255 255 72 0 0
    255 0 0 255 255 255 163 0 0 0 0 0 255 0 0 0 0 255 68 255 0 0 255 255
    132 0 39 66 0 0 49 72 255 255 255 0 255 255 0 0 0 255 0 255 0 255
    255 255 255 0 255 255 0 255 0 255 0 0 0 136 0 208 0 255 198 0 255
    255 0 181 255 255 255 255 173 0 80 222 255 140 255 99 255 255 0 255
    0 137 0 255 0 255 0 255 0 255 0 0 0 255 67 255 0 0 255 0 0 255 15 0
    255 255 0 0 0 0 255 255 255 0 180 255 255 41 255 133 255 255 255 255
    94 0 255 0 255 255 155 0 0 0 255 255 13 0 255 255 255 0 0 124 255
    255 0 255 0 0 0 0 45 255 255 66 0 0 0 0 255 255 255 0 135 255 153
    208 0 0 0 229 255 255 224 0 17 0 8 0 142 0 255 255 217 0 0 255 0 0
    84 0 255 0 255 245 255 0 0 0 255 180 255 0 0 255 24 20 0 17 29 0 255
    255 0 255 0 99 255 128 255 0 153 0 0 255 0 255 0 0 0 0 205 0 255 0
    255 0 0 255 255 0 0 0 0 0 255 255 0 255 0 255 191 0 255 255 0 255
    255 61 0 153 0 255 255 255 181 105 255 0 0 0 86 0 255 27 255 255 0
    255 0 255 240 255 0 255 102 255 0 0 45 0 0 255 0 255 0 28 0 55 0 0 0
    255 255 255 71 255 255 0 248 0 255 0 196 0 0 0 255 255 255 165 255
    103 0 67 255 121 255 82 152 255 0 42 0 0 255 0 255 255 0 255 0 239
    255 0 0 0 106 255 255 255 255 0 0 136 0 0 0 255 0 255 0 255 0 255 0
    255 255 0 255 0 255 255 245 0 0 253 255 255 215 0 0 230 255 0 255 0
    255 0 57 255 0 255 255 24 0 255 255 0 49 0 0 255 0 255 0 114 0 255
    255 255 0 255 0 0 255 255 255 0 0 255 0 0 0 0 64 0 14 255 0 255 0
    255 255 255 19 9 0 0 0 255 255 0 75 255 255 255 255 0 0 0 11 255 255
    255 255 255 0 0 0 193 110 255 93 0 182 255 0 0 255 255 255 0 0 255 0
    255 0 255 255 255 174 0 0 255 5 255 0 147 255 255 255 255 0 255 0 4
    78 255 72 255 237 255 255 255 70 255 243 0 255 255 0 0 94 255 0 255
    255 0 0 0 0 255 255 255 0 255 255 0 0 255 255 0 110 0 255 213 255
    255 255 0 0 0 255 255 255 110 255 255 255 0 0 165 0 255 0 0 0 0 16 0
    131 255 255 255 0 255 0 138 0 119 0 0 209 255 255 0 14 0 255 0 255 0
    255 0 215 0 0 255 148 187 0 255 255 255 0 0 0 255 201 0 0 0 0 0 255
    181 16 0 0 255 255 255 0 0 255 169 24 255 0 255 255 255 255 0 255
    255 22 0 255 0 0 0 255 255 0 0 25 19 255 0 162 255 255 0 124 62 255
    0 0 0 134 0 0 255 0 255 255 255 255 205 81 0 0 255 255 255 62 0 182
    0 0 164 255 255 0 219 255 255 255 0 0 255 0 255 93 0 0 255 175 255 0
    0 255 255 255 0 89 0 255 0 255 255 255 255 0 255 0 0 255 73 195 255
    0 255 0 83 216 0 0 0 0 255 0 0 0 255 0 255 0 255 0 149 0 255 0 255
    188 255 0 255 0 109 0 0 0 125 111 255 255 196 255 145 210 0 0 255 0
    255 0 255 0 255 0 202 0 255 0 149 0 255 0 255 0 255 0 205 255 0 0 0
    255 255 255 0 0 0 0 0 255 0 255 0 255 107 0 0 103 74 255 255 37 255
    29 0 0 0 255 255 255 0 0 255 211 255 0 0 29 35 255 255 255 255 255
    255 0 254 0 0 18 0 255 255 0 255 98 175 255 255 0 196 0 0 0 255 0 0
    0 255 174 255 0 21 255 255 255 0 0 255 255 0 0 255 255 255 0 240 255
    32 103 255 0 0 255 255 255 255 0 255 0 255 0 4 0 239 0 255 0 255 141
    255 255 0 0 0 255 0 0 0 0 35 21 255 255 255 0 0 0 255 0 0 213 0 0
    238 255 61 255 255 255 0 0 255 255 255 0 27 255 255 255 0 0 162 255
    0 0 255 255 0 0 0 255 255 255 255 0 157 0 255 5 0 170 250 0 0 0 255
    255 255 0 0 0 255 0 255 255 255 255 5 0 255 246 200 0 0 122 0 255
    255 255 0 0 0 255 255 255 255 58 132 0 255 0 0 87 153 255 251 0 255
    255 0 0 30 255 255 255 0 0 0 255 183 225 0 0 163 152 255 255 0 0 0 0
    0 255 255 0 13 255 0 255 0 0 0 0 23 255 70 255 83 255 255 89 0 255 0
    67 108 153 255 255 74 255 198 0 255 227 185 0 80 223 197 255 0 255 0
    255 0 0 255 0 0 0 255 0 0 91 15 255 255 255 0 237 0 255 255 255 0 0
    225 255 39 0 0 0 0 255 0 255 0 255 0 255 0 0 0 255 0 255 251 255 0
    255 0 255 0 255 0 0 0 27 255 0 0 178 74 255 128 66 0 0 0 255 255 0 0
    255 255 255 0 95 209 0 255 60 255 255 0 0 0 0 187 0 0 0 255 255 255
    255 142 0 0 0 255 255 0 0 0 255 255 255 255 255 163 255 255 0 0 0
    255 0 255 248 255 0 0 242 255 255 0 219 194 143 0 255 255 255 0 255
    0 0 255 255 255 255 0 160 255 255 0 0 255 0 0 0 255 255 255 52 0 0 0
    0 0 255 119 64 0 134 255 255 255 72 48 255 206 255 255 0 0 0 0 255
    255 0 255 0 255 0 255 0 255 0 255 255 150 0 0 0 0 0 71 255 168 255 0
    255 0 255 0 255 0 255 0 255 239 0 125 0 255 255 255 0 0 0 125 0 255
    0 133 255 255 255 255 255 0 73 255 255 0 0 0 101 255 255 0 0 73 0 0
    0 255 0 22 0 255 0 0 255 0 126 0 255 0 255 255 255 255 208 255 255
    109 0 0 255 0 0 89 0 255 255 0 57 0 255 255 0 255 0 255 0 255 211
    255 0 255 0 255 0 255 182 0 164 0 255 255 174 255 0 255 255 171 0
    137 0 255 255 45 255 180 0 0 0 255 0 255 0 0 0 140 255 0 0 0 255 0
    255 0 84 255 0 255 0 139 255 255 255 255 255 0 255 255 147 255 255
    255 0 0 0 68 138 255 223 255 0 0 0 255 255 0 78 0 0 0 255 255 158
    255 255 0 255 0 76 255 255 0 0 0 255 0 255 0 0 0 255 255 255 0 0 255
    255 255 0 0 0 255 0 255 0 255 232 119 0 255 255 255 0 255 0 0 0 0 0
    0 255 0 255 255 255 0 255 0 255 255 0 255 0 0 0 0 255 137 189 172
    255 0 255 0 255 255 255 0 0 255 0 255 0 102 105 255 5 0 0 255 255
    228 255 0 0 0 0 255 0 237 255 0 0 0 255 0 255 167 255 255 253 176 0
    255 255 255 0 0 0 255 255 255 146 57 0 255 0 167 0 255 255 255 0 0
    202 0 255 255 255 203 255 0 255 194 0 255 0 239 255 59 255 73 255 0
    0 0 45 255 193 255 255 255 255 0 255 255 0 0 0 0 0 255 255 10 255 0
    0 0 0 255 150 0 255 0 255 0 255 46 150 0 226 0 255 0 0 255 255 0 0 0
    240 203 0 255 0 255 255 0 0 0 255 0 255 255 255 0 0 0 255 255 255 0
    0 198 255 255 255 255 0 0 0 255 255 0 91 0 255 255 230 255 255 0 255
    0 255 0 255 238 123 0 255 20 0 0 0 255 255 255 0 255 255 255 255 255
    0 0 130 0 255 255 2 0 0 255 255 255 0 0 223 255 255 0 0 71 0 241 255
    255 0 0 255 255 0 0 0 33 134 0 21 255 255 255 15 0 249 0 0 34 255
    255 0 255 0 248 60 0 255 0 255 0 0 255 0 0 255 217 0 0 37 0 0 0 0
    255 0 255 173 0 0 0 233 0 255 0 255 255 88 255 0 255 255 59 0 0 0 0
    255 0 0 255 255 0 36 0 255 255 255 0 255 0 100 0 37 0 255 0 239 198
    255 255 255 255 0 255 0 255 0 255 0 0 110 255 188 0 30 255 190 1 154
    255 255 104 0 0 240 255 255 255 255 194 255 0 255 0 0 0 255 255 122
    0 123 0 0 0 153 255 119 255 255 255 50 255 255 198 6 0 255 255 38
    255 255 0 152 0 255 15 255 0 62 255 255 255 255 0 0 0 255 255 255
    255 195 255 255 0 255 255 255 157 0 0 0 255 99 255 0 0 227 0 0 0 255
    255 0 0 255 255 0 0 0 255 0 0 0 0 255 255 255 0 0 255 255 255 0 255
    0 0 23 255 255 255 255 226 0 0 44 255 255 0 0 136 65 255 196 255 0 0
    80 255 255 255 0 255 0 255 111 255 0 5 42 255 255 0 39 0 255 0 0 255
    255 0 0 0 99 0 255 255 255 27 255 255 255 255 0 0 0 255 255 255 118
    247 0 0 255 255 255 255 255 0 255 0 0 0 244 255 255 0 255 148 0 0 95
    0 193 0 183 255 0 0 0 240 0 252 0 255 0 255 0 0 0 0 0 255 255 249 0
    0 255 255 255 0 95 0 255 255 255 255 0 0 0 255 77 255 0 0 0 255 255
    69 0 0 255 0 253 198 62 0 109 64 255 0 255 0 255 255 231 0 255 255 0
    183 255 208 255 255 0 38 255 81 0 0 0 201 255 0 255 255 255 255 0
    255 255 183 0 203 255 255 255 0 231 87 255 110 10 0 255 255 47 0 0
    255 0 255 0 255 0 255 130 255 255 0 255 164 0 0 7 255 0 97 255 0 255
    58 255 215 0 0 255 255 0 255 0 255 0 255 0 255 0 255 204 0 0 0 255
    255 255 0 255 0 0 0 255 255 0 0 0 255 255 255 0 255 0 21 0 0 138 7
    255 255 0 161 182 255 0 255 255 255 0 0 0 255 0 255 255 255 0 255
    255 255 83 0 0 255 0 0 112 199 255 0 0 0 0 221 255 0 0 255 0 0 0 0
    255 255 0 255 0 164 255 255 0 0 28 0 255 183 255 0 255 0 255 0 0 255
    255 0 0 0 255 165 68 0 0 0 255 0 249 255 255 255 0 162 0 255 0 255 0
    0 255 255 255 0 255 138 255 0 255 255 255 255 255 255 255 0 0 255
    255 0 0 0 0 255 140 0 0 255 0 255 0 255 0 116 255 0 255 0 255 0 255
    0 162 255 0 162 0 255 255 255 0 52 174 0 255 0 255 0 255 0 255 0 255
    255 255 255 255 255 0 0 0 255 165 0 0 255 0 255 0 255 0 12 255 19
    197 0 216 255 255 121 255 255 255 66 0 255 0 255 255 0 0 76 255 255
    78 255 255 28 0 0 0 213 135 255 132 0 255 0 255 255 255 105 0 255 0
    255 0 255 0 6 0 255 44 255 255 0 0 46 255 220 255 255 102 0 0 63 255
    0 255 0 0 0 255 255 0 0 0 255 255 0 208 0 0 255 255 255 19 85 9 0 0
    255 0 0 0 0 255 0 255 255 255 0 0 255 0 147 0 0 255 255 103 24 0 255
    255 47 255 0 64 0 0 0 255 255 151 255 130 0 0 255 255 255 255 246 0
    24 255 255 255 255 255 255 255 0 0 0 11 255 0 182 0 255 0 255 255
    255 0 255 255 0 84 232 255 223 255 0 255 0 0 22 255 255 255 0 0 255
    255 255 0 215 0 0 0 27 255 26 28 255 0 0 255 255 0 255 255 255 0 0
    255 255 255 255 0 255 139 0 0 95 255 255 0 0 0 0 255 255 255 255 255
    255 148 255 0 255 41 255 0 255 0 255 0 255 194 255 9 255 0 0 0 109 0
    255 0 255 112 43 106 255 255 0 0 0 255 0 255 0 255 0 255 0 0 119 255
    0 0 0 255 255 255 197 0 0 138 255 0 76 255 0 127 255 255 0 41 0 250
    0 255 0 255 51 255 0 132 0 0 158 255 0 0 22 255 0 0 0 255 0 255 255
    255 0 62 0 0 255 255 0 117 0 255 255 255 255 255 0 0 255 0 0 0 255
    255 255 24 72 0 121 0 255 0 255 255 0 0 0 0 255 0 255 0 255 0 16 255
    138 170 0 188 255 255 103 28 0 255 190 255 80 0 0 255 0 0 255 0 255
    193 0 163 255 255 0 0 0 255 255 255 255 0 255 255 255 0 0 0 0 255
    255 255 0 0 0 0 255 255 124 201 255 255 0 0 255 114 65 0 255 255 255
    255 76 0 0 255 255 0 0 17 255 0 0 0 255 255 153 0 255 255 0 255 255
    138 0 0 255 255 239 0 161 255 255 0 63 217 0 39 0 255 154 0 255 0
    255 255 255 0 0 0 229 255 255 4 255 255 111 255 0 255 0 20 255 166 0
    0 255 0 255 0 0 203 0 255 0 24 0 0 0 0 255 255 0 0 0 255 137 255 255
    0 255 0 255 227 0 97 0 0 0 55 0 0 255 0 27 255 255 0 0 38 255 0 62 0
    255 0 26 127 0 255 0 142 0 151 0 0 255 0 255 0 255 0 0 255 0 0 255 0
    255 0 255 57 0 0 214 255 0 255 0 255 255 255 255 0 0 0 255 255 255 0
    255 0 255 255 255 255 255 0 0 255 106 255 0 255 0 255 0 0 0 90 0 255
    255 255 0 0 0 0 0 255 210 0 0 43 255 255 0 0 0 0 255 255 0 0 235 255
    108 255 0 255 0 255 255 0 61 255 255 255 255 241 0 0 168 255 0 37
    255 255 0 0 114 190 255 0 255 0 169 0 255 49 255 255 148 0 255 255
    241 0 0 255 106 255 255 0 0 0 247 255 255 0 5 0 0 53 0 255 0 121 0
    255 0 255 0 0 39 0 14 255 91 182 255 0 0 0 255 255 255 0 47 27 255 0
    0 0 255 0 255 0 255 0 0 0 255 255 29 255 0 255 0 255 255 255 0 255 0
    0 0 255 255 0 255 0 17 0 255 255 255 0 255 10 255 0 173 0 255 255 0
    0 182 142 255 0 255 0 0 0 255 255 95 255 0 17 0 255 255 255 0 227
    112 255 255 255 0 255 0 0 0 193 255 255 255 0 111 255 0 255 0 255
    255 209 0 255 255 255 0 203 255 255 0 0 0 255 255 255 0 255 255 91 0
    0 0 255 255 0 255 255 0 0 255 168 255 147 255 0 255 0 0 255 255 255
    255 0 255 155 253 0 0 131 0 90 0 0 255 255 0 0 255 60 0 145 28 255
    255 0 255 156 255 0 0 53 80 255 0 249 0 255 0 1 179 0 255 0 0 0 0
    255 255 255 0 0 255 5 0 204 0 0 0 255 0 106 87 255 255 0 0 255 255 0
    255 0 0 0 0 255 0 0 0 255 50 255 255 72 255 176 255 0 0 0 255 255 0
    255 255 51 0 0 255 255 255 0 255 0 255 0 0 203 0 0 0 138 0 255 255
    255 0 0 220 0 251 0 77 255 255 0 255 166 0 0 0 255 255 0 0 36 0 255
    88 255 255 255 255 0 98 255 254 255 0 31 0 0 255 0 0 55 255 255 117
    0 0 255 255 255 112 255 0 0 152 255 255 255 49 0 204 255 0 255 0 255
    0 255 255 0 0 255 255 255 0 255 255 255 0 243 0 0 255 255 255 37 15
    0 0 0 165 255 255 175 0 0 0 0 0 0 0 0 0 0 0 255 255 255 255 255 221
    0 0 24 0 255 146 0 0 0 255 255 255 255 255 0 0 242 0 0 0 107 0 223
    255 226 255 255 0 0 0 255 255 255 0 0 0 66 0 255 68 0 0 255 0 0 135
    0 255 0 255 39 255 255 255 0 70 0 123 40 152 255 0 23 255 255 248 0
    255 255 255 165 255 0 0 255 255 255 0 0 255 255 0 0 0 0 255 0 0 254
    255 255 255 0 0 0 0 35 0 255 172 0 255 255 233 255 58 255 0 0 0 255
    255 255 0 0 255 255 0 255 255 0 255 255 255 0 0 0 142 255 255 0 0
    255 255 255 0 0 255 255 255 0 0 0 255 0 255 0 0 244 255 255 255 0
    255 255 255 9 0 255 0 255 0 0 0 75 255 255 0 0 255 248 4 255 255 255
    0 0 0 0 255 255 0 0 255 0 255 0 255 255 255 255 255 255 0 0 0 0 255
    255 255 0 255 84 255 0 255 255 255 0 255 230 0 0 0 255 62 255 0 0
    133 255 255 63 255 11 255 255 0 145 0 79 0 255 255 44 0 255 0 0 255
    41 0 0 188 0 255 0 255 0 255 0 255 255 255 255 218 0 255 62 255 182
    255 255 33 237 0 0 0 0 0 255 255 85 0 0 255 0 0 255 255 255 0 0 0
    255 154 255 255 0 0 0 255 255 0 255 68 0 0 255 255 0 255 255 255 255
    0 255 0 255 222 255 0 0 0 255 0 255 78 255 0 255 255 0 0 255 0 0 255
    0 0 0 255 255 255 0 0 255 0 0 0 106 255 255 181 0 0 255 255 255 255
    255 220 118 0 255 255 0 0 214 0 65 0 255 255 156 0 10 0 255 0 27 255
    0 255 0 0 0 0 255 10 255 0 45 0 72 255 255 0 205 0 0 0 255 0 255 0
    255 255 113 0 48 255 0 255 0 0 0 255 255 255 0 106 232 0 255 0 255 0
    255 128 255 255 0 255 0 200 255 87 167 255 255 255 255 0 0 0 174 243
    0 255 255 255 0 0 255 127 255 0 255 117 0 0 9 255 255 255 26 97 255
    0 255 0 255 255 167 255 255 214 255 0 255 0 169 0 253 255 0 255 255
    225 0 0 0 193 0 0 15 70 172 50 0 255 255 0 255 0 0 255 0 255 0 255 0
    0 56 133 216 0 0 0 255 255 0 255 255 255 100 0 0 81 0 255 0 255 139
    0 0 0 0 0 0 93 28 255 255 255 181 0 255 255 0 0 0 0 48 255 255 255
    255 255 0 0 255 66 255 0 0 0 0 255 255 255 0 0 255 0 255 0 0 0 8 0 0
    255 255 255 0 255 0 255 0 241 128 255 255 154 0 0 0 255 0 0 0 255
    255 0 196 255 255 255 255 255 0 255 139 255 255 255 0 0 20 255 255 0
    0 0 30 175 0 255 255 255 0 255 255 232 150 0 255 39 215 0 136 68 0
    255 20 0 0 255 255 127 0 156 255 143 0 0 0 255 255 0 255 186 255 0
    255 255 255 0 148 0 0 106 255 255 255 131 0 0 57 255 166 255 0 146
    129 0 255 255 255 150 0 255 0 0 28 255 255 0 121 255 255 0 0 0 0 255
    70 255 0 0 0 0 255 0 161 255 255 82 255 0 255 0 0 0 0 51 56 255 255
    255 0 0 139 0 255 108 255 0 255 255 153 0 255 255 0 0 255 54 0 0 0
    255 255 255 0 250 0 254 0 255 226 255 255 14 87 255 255 0 226 255
    169 30 255 0 255 0 53 166 255 143 255 241 255 205 0 0 0 255 208 0 0
    255 255 0 255 0 255 0 246 255 200 255 49 149 0 0 255 255 255 0 255 0
    255 255 0 255 0 255 0 255 255 255 117 118 255 0 0 0 0 0 0 0 255 6
    255 255 160 255 0 0 255 0 255 0 0 74 245 0 202 131 58 255 255 46 255
    255 0 0 193 255 255 184 255 255 0 0 0 0 98 247 255 0 0 0 166 0 0 0
    223 0 255 255 92 155 135 0 0 0 16 255 0 0 0 255 255 0 255 0 55 0 121
    174 255 255 0 245 255 0 69 103 255 255 0 216 0 0 255 255 255 255 255
    0 0 0 255 0 255 0 0 13 0 9 255 255 205 210 0 255 255 255 255 0 0 0
    203 255 16 255 0 0 0 255 255 225 255 255 36 92 0 255 0 255 0 52 255
    255 24 148 0 243 255 255 96 154 255 0 242 162 255 0 255 0 0 104 180
    0 255 255 255 31 0 0 255 255 255 255 0 0 0 0 255 255 255 170 255 137
    255 255 255 0 255 255 98 0 255 0 255 255 255 255 0 0 255 255 255 0
    255 0 131 0 0 214 255 86 72 0 255 0 23 67 255 255 4 0 255 255 0 0 23
    255 0 117 255 255 255 255 0 255 255 22 0 0 255 18 255 0 255 153 255
    255 0 0 0 0 255 0 255 0 0 91 0 23 0 255 79 0 255 255 0 0 255 0 255
    211 255 142 0 255 255 121 0 255 255 0 0 0 8 0 255 255 0 255 0 255
    164 139 255 0 0 63 255 255 0 72 0 255 0 0 0 255 0 255 255 202 255 0
    255 63 9 255 255 255 0 255 255 204 160 255 255 0 0 255 255 0 0 24
    255 255 0 0 0 0 0 255 25 255 72 255 5 255 211 255 255 0 0 0 0 255
    255 198 40 158 255 255 172 0 0 255 255 255 186 0 255 255 255 0 35
    255 255 255 255 0 255 0 255 0 125 0 255 170 255 148 158 197 255 255
    115 255 0 255 0 0 0 255 253 255 255 0 0 0 150 211 0 207 0 255 0 255
    19 0 0 0 255 255 0 255 0 0 0 255 0 255 0 210 0 201 0 255 255 0 0 255
    255 0 255 0 153 0 203 0 255 255 167 0 220 0 255 0 161 0 255 0 255 0
    0 0 181 154 58 0 0 255 48 147 0 122 255 0 0 255 255 255 0 0 255 0
    255 0 199 255 255 0 0 99 0 88 255 255 217 206 0 255 0 255 0 255 0
    255 0 85 255 255 182 255 0 0 174 0 255 209 255 0 255 123 255 255 255
    255 20 0 0 255 255 255 0 255 0 0 0 255 208 255 0 255 12 0 255 255 0
    0 255 255 255 0 0 37 0 82 39 0 255 0 2 219 98 255 255 0 0 0 0 255 34
    255 255 0 255 123 0 255 0 156 174 12 255 0 255 0 255 0 255 0 96 0
    129 255 0 255 0 255 0 0 0 30 255 255 0 0 0 0 0 255 0 151 255 255 0
    255 109 0 0 255 255 255 255 0 0 22 0 16 0 255 137 255 255 255 0 255
    0 255 255 255 22 0 0 255 0 0 96 255 26 0 0 0 255 84 0 0 0 37 255 255
    255 0 17 0 0 255 55 255 255 0 255 0 255 0 255 0 255 0 0 53 219 255 0
    114 0 0 0 255 0 255 0 255 0 255 0 255 184 255 0 0 0 9 165 255 255
    255 255 0 159 0 255 129 0 93 255 255 255 0 0 0 38 255 255 203 0 0
    255 255 77 215 152 255 255 255 0 0 155 12 255 255 0 247 0 162 0 255
    255 255 0 0 0 255 0 255 0 255 0 255 255 0 255 0 255 0 255 0 8 0 0 0
    255 255 46 0 255 255 198 0 0 0 0 0 0 0 0 255 0 255 255 255 0 0 255
    255 255 255 208 47 255 255 255 0 255 255 0 0 0 0 0 255 255 216 255 0
    255 0 0 0 255 255 255 15 255 183 255 81 0 0 255 0 255 255 0 255 255
    255 255 255 0 203 239 255 0 0 255 255 255 255 255 0 0 0 0 255 255
    102 0 0 0 255 185 255 0 189 0 92 0 255 255 255 32 163 0 255 255 255
    255 0 0 141 255 255 255 0 53 255 255 255 255 255 200 0 0 0 255 255
    162 0 0 224 249 237 0 255 255 81 255 0 67 0 0 0 0 0 255 255 0 0 0
    255 255 255 255 0 0 0 0 255 255 116 255 0 143 0 0 15 214 0 0 232 255
    0 0 114 169 255 0 255 0 255 47 255 0 0 0 120 0 0 255 255 0 255 0 221
    255 255 255 178 0 0 255 255 0 0 92 255 0 223 0 255 0 255 0 255 255 0
    0 0 134 255 0 131 191 0 255 0 0 0 0 255 0 255 0 255 0 255 255 79 0 0
    0 255 255 255 255 255 0 0 255 255 0 0 0 255 255 255 0 19 0 255 135
    255 0 0 255 255 255 0 0 0 0 255 160 255 69 255 0 0 0 251 255 255 255
    0 255 255 255 0 0 0 142 255 255 255 0 0 255 0 255 255 255 0 0 187
    255 0 0 193 69 52 0 255 0 115 255 0 0 130 222 0 0 0 255 128 0 0 255
    0 43 0 255 0 255 0 90 255 255 249 255 255 0 0 0 0 0 0 255 0 255 255
    255 0 176 0 255 0 214 255 255 255 0 255 255 255 0 0 255 199 255 0
    151 0 255 224 255 0 0 0 255 245 0 255 255 255 12 255 0 0 0 0 255 0
    255 255 255 0 0 255 0 255 0 0 0 255 255 255 0 255 91 255 133 56 0
    255 0 255 0 0 205 160 27 0 0 255 255 255 255 0 255 0 255 127 255 0 0
    255 255 0 0 0 0 255 255 0 255 0 95 145 221 106 255 255 0 0 255 255 0
    251 118 255 0 255 255 0 255 0 148 0 255 0 0 0 0 255 255 0 255 0 255
    0 255 255 225 0 255 0 19 0 255 255 0 255 0 255 0 255 255 255 0 0 255
    255 0 255 92 30 66 0 255 183 146 0 0 0 0 255 149 0 255 0 71 0 255 1
    255 114 255 0 255 0 255 0 255 255 225 18 255 0 110 0 255 0 0 0 255
    255 0 255 0 213 255 255 255 0 255 0 255 255 255 203 0 255 59 0 0 25
    255 255 0 0 114 255 0 112 0 215 0 255 255 0 0 0 255 255 145 0 0 255
    255 207 0 0 181 228 0 0 255 51 255 0 255 255 255 0 0 255 255 0 0 0 0
    181 255 0 0 0 255 255 0 255 0 0 0 255 255 75 244 0 0 255 255 255 135
    0 255 0 255 0 185 0 255 0 0 0 107 0 0 231 0 255 0 255 255 255 0 0
    255 0 255 0 255 0 255 0 255 0 255 255 241 0 255 255 255 255 8 0 255
    168 255 0 255 0 255 67 110 0 255 0 0 0 17 255 0 0 255 255 255 0 0
    255 255 0 255 145 0 0 0 255 0 0 120 255 0 215 0 255 255 255 255 186
    138 0 0 255 255 255 255 0 255 255 0 0 255 0 255 255 0 0 0 170 200
    255 0 0 0 206 255 255 255 167 255 0 255 0 255 0 203 165 0 0 255 255
    255 0 0 255 255 0 0 255 255 255 245 192 0 255 199 185 0 0 255 255 55
    0 0 255 0 255 255 255 0 0 1 0 0 255 0 0 227 255 76 0 255 0 255 255
    255 0 255 175 0 0 255 255 0 0 0 83 255 0 255 0 255 0 255 255 34 255
    0 0 0 167 255 0 0 255 0 0 0 255 255 0 0 0 255 255 168 255 0 255 255
    0 0 0 255 0 255 255 0 0 0 204 248 48 0 0 94 0 0 106 255 248 0 89 0
    255 255 49 0 0 0 255 255 0 0 0 145 255 255 255 160 126 0 255 255 0 0
    255 255 255 179 0 255 96 155 0 255 144 255 255 68 0 0 147 255 177
    255 183 0 133 255 255 255 255 255 0 0 0 255 255 255 255 255 228 255
    189 0 0 179 255 231 255 0 255 255 0 255 0 0 0 255 255 255 255 255
    255 0 255 255 178 255 0 137 0 0 255 110 255 0 0 1 255 255 0 255 255
    255 133 0 0 0 255 255 0 255 255 0 0 253 139 255 255 0 255 0 255 255
    255 0 0 255 192 0 181 0 255 0 255 255 255 0 191 136 0 0 255 255 255
    164 255 255 0 255 255 232 60 0 255 255 255 255 255 0 0 0 0 0 0 255 0
    255 0 255 0 0 0 0 255 0 0 197 255 255 0 255 255 0 255 0 255 0 255 0
    39 0 255 234 82 0 255 109 255 255 255 255 0 65 255 255 0 255 0 0 255
    35 255 0 57 0 150 0 35 53 255 98 0 94 255 0 0 255 255 197 0 0 148 30
    184 0 255 255 255 255 0 0 255 0 0 0 185 255 255 0 255 0 0 0 255 255
    0 0 0 0 0 0 0 198 255 235 255 0 255 0 0 0 255 255 255 0 255 0 255 0
    91 56 255 255 255 0 0 255 255 0 0 252 255 170 0 255 255 255 0 134
    152 255 0 196 255 255 255 255 0 255 0 0 255 0 255 22 255 84 0 0 255
    78 0 255 255 255 0 255 0 255 255 0 0 155 0 21 0 0 255 255 255 0 0
    255 0 255 0 255 0 156 246 255 0 0 0 255 16 255 148 255 74 255 0 0 0
    0 0 255 0 255 112 12 255 0 255 0 255 255 255 0 255 0 255 255 0 255
    195 255 0 255 255 0 0 0 255 255 0 0 0 255 0 0 0 0 255 255 255 255 0
    255 0 0 0 255 119 255 0 135 255 98 0 0 255 255 255 0 229 91 255 0
    255 0 255 255 255 255 255 92 255 0 0 255 59 255 255 122 0 239 255 0
    231 98 200 0 0 0 0 255 241 255 255 51 0 0 0 0 137 255 2 255 0 255
    255 0 255 255 255 0 0 159 255 255 0 0 255 255 255 0 170 255 255 0
    255 67 255 245 78 125 255 82 0 0 0 255 255 255 172 11 255 0 247 0
    255 0 255 0 255 0 0 0 255 255 0 255 0 0 255 255 0 255 0 0 137 205
    255 0 197 0 255 255 0 235 255 255 0 126 255 102 255 0 255 0 255 0
    255 0 255 0 255 255 106 255 255 34 0 0 140 255 255 255 255 0 0 0 255
    0 255 0 0 255 255 0 38 255 250 0 205 255 255 0 0 23 255 0 0 67 255 0
    255 5 255 0 255 0 255 8 255 232 0 255 205 255 255 0 37 255 255 0 0 0
    255 255 255 0 0 0 255 0 129 0 255 255 255 255 0 0 70 63 255 0 255 0
    0 255 0 0 0 0 207 249 255 0 0 255 0 255 240 0 0 0 255 0 237 255 0
    255 255 255 0 0 0 255 255 6 0 255 0 255 255 0 0 255 0 0 0 255 255 0
    255 159 255 0 255 0 0 0 255 0 255 80 224 133 228 255 0 0 255 0 0 255
    255 109 0 0 255 0 0 160 255 255 172 255 255 255 0 255 0 33 0 255 255
    0 19 0 255 0 255 0 255 111 255 255 0 0 0 198 255 255 255 255 26 0 0
    0 255 255 255 0 0 0 218 26 255 255 0 0 255 0 0 255 107 0 22 255 255
    255 0 0 0 0 0 255 255 0 0 0 0 255 0 255 255 118 0 255 0 255 0 255 0
    42 0 0 114 255 255 124 33 255 8 0 255 87 123 255 255 0 0 0 255 255 0
    0 0 0 255 255 0 55 0 0 255 255 255 255 0 0 30 255 255 0 130 0 255
    223 249 0 0 0 0 0 47 198 0 0 203 0 255 0 0 216 0 255 157 0 255 0 255
    0 255 0 255 255 0 255 255 217 130 0 255 255 255 84 46 0 50 255 255
    27 0 28 19 255 255 0 35 0 255 255 0 255 238 255 0 0 0 255 205 35 255
    255 0 0 255 255 0 0 255 0 0 255 255 0 0 0 255 0 255 255 159 0 255
    255 255 0 0 112 255 48 108 255 0 182 247 61 70 0 228 0 255 0 0 0 0
    255 19 0 0 255 0 255 0 0 0 141 255 255 0 0 0 255 48 0 26 0 255 255
    255 0 0 0 0 0 0 0 0 255 255 255 0 255 104 227 0 255 0 255 62 255 255
    212 255 255 0 0 0 141 0 211 73 255 0 255 134 255 164 0 255 222 255 0
    255 148 0 247 255 68 255 149 255 255 255 0 0 0 0 255 255 255 162 255
    122 0 0 0 255 255 255 255 255 178 0 0 255 255 198 167 255 0 0 0 0 0
    255 0 0 0 0 2 0 255 255 255 0 255 0 0 0 255 255 255 140 255 0 255
    255 0 142 0 0 0 88 0 255 255 0 0 255 255 255 255 0 214 0 176 175 0
    255 0 255 0 255 255 255 255 60 0 219 255 255 0 255 0 255 0 255 0 255
    0 0 0 255 237 239 0 173 255 62 0 255 255 0 208 0 255 16 0 0 242 255
    255 182 0 255 11 255 255 255 255 0 0 255 255 255 0 0 255 255 0 0 0 0
    255 0 255 236 163 255 140 0 0 255 255 255 255 0 0 0 22 255 255 0 0 0
    255 255 177 255 13 255 0 0 255 0 255 0 0 25 255 255 0 0 65 255 255 0
    0 0 255 255 255 130 255 25 255 0 0 132 0 255 255 255 0 255 144 255 0
    180 255 26 0 0 255 98 0 0 255 255 255 0 124 127 0 255 23 20 0 0 255
    0 255 0 98 255 157 0 0 0 255 255 151 0 0 255 255 0 255 255 155 0 0 0
    255 0 255 0 255 166 255 255 0 255 0 255 255 158 0 0 0 97 0 255 255
    255 124 0 82 0 0 255 61 0 0 206 255 255 255 0 255 0 139 255 255 0 52
    179 255 0 0 0 0 255 176 255 222 255 0 255 0 255 112 255 0 93 255 255
    0 0 255 105 255 1 95 255 255 0 0 0 0 0 26 155 255 255 0 0 255 225 0
    0 255 1 0 0 255 0 255 146 0 255 0 0 143 255 255 121 255 255 0 0 0 0
    255 255 169 0 0 0 255 0 255 255 0 0 0 0 200 0 255 255 0 255 0 255
    255 0 183 167 255 255 223 28 255 255 255 255 255 0 119 0 255 255 49
    255 0 0 255 255 143 255 0 255 210 100 0 255 0 27 27 0 255 0 255 0 0
    0 255 255 0 255 0 255 255 0 111 0 255 0 0 21 0 255 255 255 0 0 0 255
    0 0 0 255 236 255 189 255 0 255 0 35 0 255 255 255 0 12 0 255 0 149
    255 255 255 42 0 208 255 0 163 255 56 129 0 0 164 0 0 0 0 255 255
    255 255 0 0 0 255 255 255 0 0 0 143 255 255 0 255 0 255 26 255 255 0
    0 0 0 0 255 255 255 255 255 255 255 255 93 255 235 0 30 0 0 255 255
    0 0 255 255 0 255 0 238 0 255 121 255 0 255 72 19 0 255 255 255 255
    0 0 255 255 255 255 39 0 0 0 255 0 255 0 0 0 255 186 178 255 0 0 0 0
    255 255 255 0 255 7 255 0 255 89 0 0 255 255 255 0 0 0 255 0 255 106
    255 188 0 0 0 0 0 0 0 196 255 93 255 74 0 0 255 255 0 255 0 255 255
    0 255 0 255 155 0 202 255 255 0 123 255 0 0 94 255 255 255 0 0 0 255
    255 255 0 180 27 0 29 255 0 0 0 0 255 131 255 0 0 0 148 255 0 0 0
    255 167 255 0 255 0 255 255 52 0 0 255 0 255 0 0 0 255 0 255 255 41
    217 104 255 255 0 0 252 255 0 255 0 255 74 255 0 255 255 0 0 51 0
    255 177 0 0 255 0 255 0 255 0 255 255 0 59 255 255 0 0 255 9 255 0
    255 135 255 0 0 0 255 255 255 118 255 255 0 0 255 255 255 12 0 0 0 0
    0 176 255 255 255 195 0 255 255 255 0 47 0 255 255 255 94 255 0 172
    147 255 0 255 0 171 0 104 0 0 255 255 255 255 148 0 0 255 0 0 0 255
    0 255 255 0 200 0 0 255 255 255 205 0 0 0 0 255 0 255 0 255 255 255
    65 255 0 0 173 0 177 255 255 255 255 0 0 0 255 0 202 255 255 255 0 0
    0 69 35 255 0 126 255 0 255 25 181 0 0 255 0 0 47 0 0 0 0 255 255
    255 63 67 255 0 255 255 0 255 0 255 0 255 0 255 0 26 255 255 255 0
    255 0 255 0 255 80 255 0 0 255 255 255 0 0 0 0 0 255 255 255 255 14
    88 255 0 2 255 205 255 0 99 255 255 0 0 255 65 255 255 255 0 0 0 255
    0 47 0 255 255 0 0 0 255 0 0 92 0 255 255 255 0 0 0 92 255 0 120 0
    238 255 255 255 0 255 0 255 255 0 0 44 171 0 0 0 30 255 0 255 255
    255 255 0 255 0 255 255 255 0 135 0 0 0 255 68 255 66 0 0 255 255 0
    255 255 143 0 0 255 199 255 255 0 255 0 193 255 0 134 0 255 0 0 232
    255 0 255 255 255 0 255 0 255 0 255 0 215 252 255 255 0 0 255 255 0
    255 0 0 0 0 0 0 255 0 255 240 255 0 255 255 0 0 0 86 255 0 255 0 0 0
    255 255 255 255 255 0 255 77 0 255 255 0 0 20 255 0 255 0 255 0 56 0
    184 0 255 0 255 210 4 183 0 255 255 255 255 0 23 0 255 255 0 0 56 0
    255 0 255 134 172 0 220 244 255 0 0 0 255 0 0 255 255 255 228 0 0
    255 0 255 191 0 255 255 255 255 0 0 255 255 255 0 255 0 0 0 255 255
    0 0 0 87 189 0 51 0 0 0 0 255 0 0 150 255 148 255 0 0 0 255 255 255
    85 255 239 0 255 255 0 0 166 255 255 0 0 255 0 255 215 255 255 0 255
    0 255 255 255 0 0 255 0 255 0 255 0 102 132 0 0 110 255 255 255 0 0
    255 255 255 57 255 0 0 255 0 255 255 0 0 0 171 10 32 0 0 170 255 0
    255 144 255 34 0 255 255 0 250 0 0 255 255 0 0 131 0 255 0 255 0 62
    160 255 234 0 0 255 0 29 148 30 255 0 0 0 0 255 215 149 0 0 168 110
    255 255 0 0 0 0 255 0 0 213 0 200 165 255 255 0 255 255 255 208 255
    0 0 0 255 0 255 255 0 133 0 255 0 117 28 198 0 109 0 99 255 255 0 0
    255 255 149 0 255 0 255 212 148 212 157 0 0 0 0 0 255 255 255 0 0 0
    0 139 0 0 192 255 255 255 0 121 0 255 0 126 102 255 168 118 255 255
    0 223 0 255 62 255 255 0 237 71 255 255 254 0 0 0 255 255 255 255 0
    184 253 255 0 0 44 255 255 0 0 0 255 0 0 110 255 255 255 0 0 0 0 0
    255 69 0 64 255 0 0 0 255 255 0 0 0 255 255 155 0 85 255 0 255 0 255
    255 81 255 0 255 0 155 0 255 0 255 0 255 0 255 0 255 0 0 255 255 255
    0 255 0 255 0 255 91 255 0 255 255 0 102 255 255 32 0 255 169 255 0
    255 0 255 0 0 255 255 81 0 255 255 255 207 255 0 0 255 194 0 23 0 0
    0 102 0 0 0 255 0 255 255 0 0 201 255 254 255 0 225 0 255 0 255 255
    202 0 255 0 0 0 255 0 0 0 177 0 255 255 255 0 0 121 0 255 0 133 0 0
    255 255 255 191 184 57 255 0 255 0 0 0 255 164 0 0 0 0 255 255 0 0
    167 255 0 255 99 0 127 255 255 255 0 255 0 34 0 143 2 0 0 14 255 255
    255 0 246 0 0 0 0 255 255 255 255 73 0 0 255 0 255 0 68 214 91 0 0
    220 0 0 107 0 255 0 0 255 0 0 255 255 255 255 103 255 0 0 172 255 0
    255 255 0 0 243 255 255 255 0 0 0 0 255 255 209 115 0 216 138 255
    255 46 0 0 0 0 255 149 0 0 66 255 255 0 255 17 132 0 0 255 255 255 0
    11 0 0 255 44 255 168 49 255 255 255 255 255 0 0 0 255 201 0 255 255
    0 0 255 0 255 79 255 255 0 0 255 255 255 0 0 255 0 255 0 255 255 0 0
    0 0 0 255 255 192 61 0 109 129 255 255 255 255 0 75 0 255 255 0 0
    255 0 197 0 0 255 255 199 255 255 255 0 255 255 0 8 46 89 140 0 255
    0 0 255 0 0 0 255 0 0 54 0 0 181 0 0 255 255 255 219 0 0 255 166 0 0
    255 255 0 93 255 255 255 0 255 0 255 0 0 255 0 0 255 0 0 0 255 0 255
    255 255 0 0 0 255 255 173 11 125 0 255 184 255 0 0 255 0 255 255 0 0
    146 255 255 202 0 255 0 255 255 255 0 255 0 129 34 199 202 0 251 255
    255 0 255 0 107 255 255 0 0 0 255 255 0 255 15 0 0 255 255 255 255
    22 128 200 255 0 0 0 255 255 255 0 255 0 255 0 255 255 15 255 147
    255 0 255 109 255 218 0 0 0 255 0 255 0 0 255 15 255 0 255 255 0 0
    255 255 0 255 0 255 0 52 255 0 0 0 255 255 230 255 43 0 0 0 91 255
    255 255 0 255 255 255 0 0 237 255 93 0 0 139 198 255 255 0 0 111 0
    17 0 189 0 255 255 255 233 0 0 0 255 255 175 255 255 255 255 0 0 178
    0 255 23 125 213 0 255 0 255 47 0 136 145 99 255 0 0 0 0 255 255 255
    17 0 0 0 255 255 70 0 30 255 0 255 255 255 0 0 255 255 14 255 27 0 0
    255 0 0 145 255 255 130 0 0 0 255 0 0 46 255 255 255 255 0 0 240 255
    255 255 246 0 0 0 0 255 199 255 255 0 0 255 0 0 0 255 185 0 0 255
    255 255 0 0 0 0 255 0 255 255 255 0 0 255 3 255 0 255 0 0 119 255
    255 0 0 9 255 255 0 0 0 255 255 255 233 255 255 0 255 255 60 0 0 245
    255 255 202 255 255 255 0 0 0 255 255 255 255 0 243 0 0 0 39 255 255
    255 69 0 255 180 255 0 255 255 255 66 156 206 0 0 255 55 203 0 0 0
    255 144 255 0 0 0 255 0 0 255 255 255 0 255 182 0 0 255 0 255 255
    255 255 208 255 0 255 0 255 0 0 255 255 255 0 255 255 133 0 52 0 255
    0 0 0 179 255 0 0 0 26 255 255 255 0 0 0 255 255 215 0 0 0 0 255 255
    0 0 255 0 8 0 69 255 255 157 0 0 0 43 53 0 69 60 255 255 0 255 0 23
    0 255 255 255 255 0 255 255 255 255 255 0 38 0 0 255 0 0 0 255 255
    255 255 255 255 0 0 0 255 255 0 211 255 162 0 95 62 0 255 255 255 0
    229 0 255 0 255 0 255 255 255 255 207 253 0 255 0 255 119 98 0 0 255
    16 233 255 207 255 255 255 0 176 46 95 0 255 255 255 0 0 204 0 255
    255 0 0 0 255 255 0 255 0 255 0 255 0 255 255 255 0 214 255 255 0 26
    238 255 0 22 255 0 0 117 255 0 255 0 166 255 0 255 0 50 0 255 255
    255 137 0 162 255 255 234 255 255 255 78 28 0 0 177 255 0 209 106
    255 0 0 255 0 235 0 255 7 255 0 255 255 255 255 0 0 0 255 200 255
    255 0 0 0 255 255 136 40 0 215 255 255 0 83 123 255 0 0 255 255 122
    252 64 130 14 0 255 0 255 0 255 255 139 255 0 255 255 0 247 0 250 0
    255 0 255 0 0 0 191 255 255 255 255 51 0 255 255 0 255 0 255 0 0 255
    77 0 255 0 0 255 255 0 255 255 255 0 255 255 182 46 0 255 255 0 0 0
    255 255 22 254 0 0 255 255 0 0 0 255 0 255 255 104 0 0 255 0 255 0
    255 0 57 0 0 255 0 255 255 255 255 0 101 255 255 17 0 0 0 255 255
    255 255 255 0 107 255 0 255 231 0 0 255 115 255 255 0 0 0 255 211
    255 0 255 255 0 255 0 255 0 255 106 29 0 255 255 0 46 255 0 105 255
    0 226 0 255 255 255 0 0 255 0 255 255 255 222 255 255 0 0 255 255 0
    0 0 0 255 0 0 0 0 255 255 0 0 0 255 0 255 255 255 0 255 255 0 0 191
    25 68 255 255 140 14 0 255 255 255 0 0 118 125 0 255 255 255 0 201
    255 255 0 212 0 0 255 255 0 224 0 0 0 198 0 0 255 255 0 255 255 250
    0 255 255 0 255 45 0 0 0 102 179 255 206 0 52 255 0 0 255 0 255 255
    255 255 42 0 255 232 255 0 255 0 48 0 111 0 0 255 255 255 0 0 0 255
    255 255 0 74 255 255 0 0 0 255 255 255 24 0 255 255 0 255 212 0 255
    0 201 0 255 255 200 0 172 255 0 253 0 213 0 255 255 13 255 0 0 174
    255 255 0 255 255 255 255 15 102 0 255 255 255 0 0 72 255 255 204
    255 0 231 255 255 194 0 0 0 255 0 0 239 0 0 255 231 0 218 255 107
    255 255 0 12 255 255 255 171 12 0 87 0 255 79 118 0 255 207 255 0
    255 116 0 36 255 186 0 205 0 0 0 255 255 29 0 255 255 0 0 0 0 255 0
    255 255 255 0 0 255 255 255 0 0 255 255 255 255 0 99 0 255 86 0 0 0
    182 0 255 255 255 255 221 0 255 61 51 113 0 255 0 255 0 255 0 197 0
    255 57 255 246 0 35 40 0 255 131 255 0 0 0 255 0 0 0 255 255 255 164
    63 0 0 0 255 255 223 0 255 250 229 0 0 255 0 255 255 255 0 0 255 255
    255 255 0 255 255 255 0 255 0 0 0 255 255 255 255 65 0 255 0 3 0 0
    29 0 255 0 255 255 255 255 0 0 255 255 255 123 0 0 255 255 175 255
    255 255 0 32 0 255 0 255 0 138 83 255 255 255 182 0 255 255 255 255
    255 0 0 152 255 255 173 101 253 0 89 18 0 255 255 37 0 32 0 201 255
    255 0 231 0 0 164 0 255 104 255 86 255 140 255 255 0 0 0 255 255 255
    0 0 83 255 255 0 255 0 0 182 0 255 81 118 0 0 255 255 86 78 39 255
    255 255 0 0 255 255 214 144 255 255 255 0 0 150 0 255 255 168 57 69
    0 0 243 255 222 0 0 0 255 0 255 0 255 0 0 255 255 62 255 0 78 255
    255 0 255 255 0 0 0 114 255 0 239 0 255 201 255 0 6 139 208 242 0 0
    255 37 0 0 0 30 0 255 23 255 255 27 255 0 0 167 255 217 0 0 255 0
    147 0 0 0 0 140 0 0 0 255 255 0 255 0 255 136 255 0 26 0 32 193 255
    255 255 255 0 0 0 0 255 0 255 157 255 0 0 0 0 43 255 11 0 0 255 255
    255 144 120 0 0 255 146 0 0 255 0 255 255 255 0 134 255 219 255 255
    255 11 0 0 255 0 0 0 0 82 255 0 255 0 0 0 255 245 116 92 255 35 170
    63 255 0 255 0 255 122 178 0 7 0 255 0 0 91 255 255 0 0 0 255 255 0
    0 0 255 19 255 0 219 69 72 255 84 255 0 0 183 255 255 0 0 0 0 255
    255 0 255 255 255 0 0 255 252 0 0 0 255 255 255 0 255 72 255 174 0
    255 0 255 181 242 146 255 255 255 255 255 135 227 0 255 0 0 0 0 0
    255 0 0 255 0 0 160 99 255 0 0 255 255 212 255 81 253 0 0 0 0 0 0
    255 15 255 0 0 255 0 0 0 255 0 255 0 255 0 255 0 255 255 106 0 49 0
    0 255 0 0 0 0 0 0 255 255 255 0 0 9 255 255 255 15 255 0 0 79 0 0 0
    255 255 255 255 0 233 0 0 143 0 255 136 0 0 122 255 255 0 0 255 0
    255 0 144 0 255 0 0 0 255 247 0 0 0 255 212 0 255 241 0 255 255 255
    197 138 255 255 0 81 0 255 0 0 255 0 0 255 255 0 255 0 255 0 255 0 0
    255 255 255 0 0 255 0 17 0 255 0 255 0 255 0 255 0 255 0 121 255 255
    0 0 255 0 255 0 255 255 255 255 0 0 255 29 255 0 108 0 255 255 0 0 0
    255 194 0 0 0 255 255 255 45 0 0 255 0 0 53 0 255 255 255 255 0 255
    255 0 255 12 255 74 90 0 0 255 0 0 255 0 255 0 255 255 0 255 22 255
    0 255 0 255 0 255 255 0 200 0 255 255 255 255 220 0 162 158 255 0
    221 0 0 0 255 255 8 148 0 149 67 0 0 255 0 0 255 255 240 0 255 0 217
    0 255 92 255 0 255 0 255 255 50 255 255 255 0 0 255 0 225 0 255 255
    0 255 215 255 95 0 18 255 255 0 0 255 0 255 255 255 55 0 12 255 255
    0 255 255 255 0 0 255 255 0 90 197 255 237 78 0 209 0 255 0 255 0
    165 0 255 0 0 0 255 255 255 0 255 255 0 0 0 99 255 0 255 255 0 255 0
    0 0 1 0 0 255 0 255 255 255 0 0 0 0 0 255 0 255 255 0 0 116 255 255
    0 0 255 255 255 192 255 255 225 213 200 255 0 0 0 255 72 255 255 0 0
    0 52 255 255 255 0 255 255 255 255 0 72 0 0 255 255 255 0 133 0 0
    119 255 178 255 255 0 0 0 255 255 0 0 0 255 0 0 0 255 255 0 0 255
    128 255 0 0 0 255 255 59 255 76 0 0 255 255 49 255 17 88 255 0 121 0
    0 0 0 255 102 255 185 255 0 255 142 0 255 0 255 255 0 0 0 255 62 255
    255 255 0 0 0 255 255 255 255 153 253 255 0 255 0 0 0 255 54 56 255
    0 255 0 255 0 102 47 255 255 196 0 0 0 255 167 255 0 255 0 80 0 255
    0 255 255 0 0 0 255 0 255 0 255 255 0 255 0 114 255 53 10 255 151
    255 0 255 0 255 255 255 255 255 0 0 255 255 0 255 255 19 255 143 0 0
    0 0 43 255 255 255 255 0 0 0 255 0 255 0 255 255 0 0 0 0 255 195 255
    255 226 255 0 255 0 64 73 255 0 0 0 0 255 0 213 178 255 255 255 255
    0 255 0 255 208 255 0 255 132 45 0 255 255 255 0 255 88 79 0 0 255 0
    0 255 255 210 0 195 0 255 0 255 0 255 0 0 0 255 35 0 0 111 255 255
    255 197 0 0 0 255 0 0 219 0 255 255 0 0 0 0 255 255 0 0 0 0 255 255
    255 0 0 59 255 92 104 0 255 255 255 0 0 0 0 0 112 255 69 0 255 255 0
    0 126 255 40 252 255 255 255 255 0 0 205 0 12 255 255 255 0 0 0 255
    138 255 207 0 255 255 243 0 0 0 255 255 255 8 164 0 255 0 255 255
    255 255 0 0 0 133 0 0 0 255 0 142 0 255 0 255 0 255 0 0 147 255 255
    111 0 255 218 0 0 0 255 0 255 0 0 255 122 0 255 255 255 255 241 0 0
    0 255 255 22 255 0 121 0 255 0 255 0 0 0 255 255 165 0 255 0 255 255
    184 0 255 137 0 0 255 0 255 0 255 255 0 234 0 255 255 0 0 255 255
    145 0 255 255 255 255 136 0 0 200 255 0 255 0 255 0 255 90 0 255 255
    0 0 255 255 255 0 0 0 0 255 0 0 0 0 255 255 0 0 0 0 0 255 255 255
    179 255 0 0 0 0 0 255 239 141 255 0 255 0 39 0 0 0 255 255 255 0 255
    255 255 255 0 0 255 255 255 255 142 0 0 255 255 0 255 0 120 214 0
    142 0 165 170 140 255 133 255 0 255 0 255 0 255 255 255 254 0 121 0
    255 0 0 255 255 255 88 255 0 0 0 0 0 0 0 173 184 255 255 255 50 0
    255 255 184 40 255 0 0 255 0 124 0 255 0 47 180 0 255 167 134 207 0
    255 0 0 0 0 255 255 255 0 86 0 0 209 196 255 255 0 0 255 104 0 0 255
    141 255 0 255 0 0 0 255 48 255 154 255 255 0 255 255 113 0 0 255 235
    0 255 255 0 0 0 0 0 0 0 0 255 0 0 0 0 0 0 255 255 255 0 255 0 255 0
    255 255 255 255 0 0 255 0 255 0 255 111 0 255 0 236 0 255 255 255
    255 255 0 255 0 255 255 255 23 255 255 0 0 228 34 0 237 255 17 0 150
    219 255 0 255 92 255 255 255 0 255 0 230 0 255 255 101 0 95 0 255
    255 255 26 255 87 0 91 255 255 255 255 255 0 0 0 255 255 255 255 0 0
    255 183 0 255 0 255 0 255 231 255 0 0 255 187 0 0 155 255 102 161 0
    208 255 0 255 255 255 215 255 6 0 71 0 255 255 255 0 0 0 255 255 255
    0 0 0 255 255 255 0 50 170 46 0 0 255 255 255 0 0 212 255 0 197 0 0
    255 255 0 0 0 212 249 0 255 255 255 0 0 0 255 255 0 0 0 52 255 255
    59 255 255 255 255 0 255 0 9 131 255 141 255 0 0 0 0 0 255 0 255 0
    255 255 234 113 0 0 0 255 255 255 146 185 255 0 0 0 255 255 255 255
    0 0 255 255 0 117 255 255 255 0 70 0 0 255 0 0 0 255 255 0 104 0 255
    0 255 103 255 255 0 0 255 0 0 0 129 255 0 130 7 0 0 193 129 177 0 96
    0 255 0 255 0 104 172 255 255 0 42 255 0 0 0 255 0 107 255 255 0 255
    0 255 0 217 255 0 255 0 0 0 0 231 255 41 255 0 255 99 83 0 134 0 0
    255 0 255 0 0 255 0 255 0 0 255 0 255 0 255 0 255 0 255 255 255 0
    255 0 106 255 0 255 20 0 0 255 255 0 0 255 255 255 0 14 0 0 0 255
    255 158 0 169 0 255 84 0 0 73 255 255 255 171 255 124 0 29 0 60 0 0
    0 0 0 255 164 214 103 0 255 0 255 255 255 0 0 235 255 62 255 0 0 0
    255 0 255 0 0 0 194 255 0 8 0 0 255 0 0 0 255 255 255 255 255 38 0
    255 255 255 255 255 63 234 4 212 0 255 55 0 166 255 255 146 0 126 57
    0 31 0 0 0 136 255 255 0 0 0 255 0 255 0 255 0 255 0 0 255 213 255
    255 255 255 0 0 0 255 37 255 0 255 255 0 0 0 255 0 97 19 255 0 255
    255 229 0 0 255 255 255 0 255 255 91 255 255 0 0 255 255 255 12 140
    0 0 116 0 255 182 255 0 0 255 0 0 0 213 255 255 0 64 255 0 0 0 0 255
    186 255 255 0 255 193 255 0 255 40 0 0 255 255 255 0 255 255 0 255 0
    0 0 255 0 194 0 0 255 0 0 252 255 0 255 255 255 255 177 0 0 106 173
    173 0 255 14 255 255 0 109 255 255 255 0 31 204 255 7 255 136 228
    255 255 0 64 0 0 0 0 255 56 255 171 220 255 107 0 0 0 255 42 189 0
    226 66 255 255 226 0 0 75 2 255 0 0 255 0 0 1 0 100 0 255 255 255 0
    0 0 113 0 0 0 255 255 255 0 0 109 255 255 0 0 136 255 255 255 0 0 0
    255 255 255 255 255 255 0 0 0 0 255 26 255 0 255 255 255 0 0 255 255
    0 0 126 255 255 0 0 94 255 0 52 206 255 255 0 0 57 255 132 55 0 0
    255 0 255 0 0 255 255 255 0 0 0 255 255 0 255 0 208 255 0 0 0 255 0
    0 191 0 255 0 255 1 136 255 128 255 255 202 255 0 156 3 255 0 0 0
    255 0 255 255 0 0 255 255 87 136 0 0 255 255 168 255 0 255 255 255
    255 0 0 0 255 0 234 0 255 0 0 0 0 0 0 255 255 245 255 0 255 255 0
    255 174 117 0 255 48 0 81 0 0 0 0 255 0 255 255 255 0 0 255 255 42
    218 0 54 255 0 0 3 255 255 0 0 0 0 191 255 255 196 111 0 0 0 0 255
    255 0 255 0 255 255 255 123 0 0 173 6 255 28 111 0 0 255 131 255 255
    255 103 0 255 255 240 141 193 255 255 0 0 255 255 0 0 255 255 0 0
    255 125 255 255 0 1 0 0 233 215 255 255 190 255 255 0 255 0 255 0
    255 0 255 0 255 177 0 0 66 255 84 0 255 142 255 255 0 255 0 225 71 0
    255 255 0 0 255 255 255 0 255 255 0 0 0 0 255 255 0 255 0 138 255 0
    255 255 255 0 178 0 0 0 0 0 255 0 255 52 123 0 0 0 255 0 255 0 255
    91 255 0 255 0 255 5 0 255 0 0 255 0 0 0 0 0 211 255 0 255 255 0 255
    129 92 0 255 255 255 0 255 255 235 0 115 255 255 255 255 172 0 255
    14 255 0 46 163 255 255 0 0 255 0 0 89 194 251 0 0 255 255 255 0 0
    255 0 244 241 255 135 255 109 0 0 255 255 255 105 0 255 0 0 0 224 0
    0 0 0 170 255 255 255 233 255 0 0 120 2 255 255 0 255 0 0 0 45 255 0
    74 81 255 0 255 0 255 104 255 0 255 0 255 255 255 255 0 255 79 255 0
    220 255 255 127 0 231 255 0 198 0 255 0 0 0 255 255 255 0 0 0 0 255
    0 255 0 0 255 122 255 0 255 4 0 87 255 255 255 0 0 0 255 255 255 255
    255 96 108 0 134 255 255 0 255 255 255 0 0 255 142 0 255 255 0 255 0
    255 29 255 0 255 0 238 255 0 0 0 183 0 0 0 0 255 255 255 0 57 255
    255 255 0 255 0 0 0 255 255 0 0 0 0 0 255 0 5 1 255 67 0 255 255 0
    201 255 255 255 255 0 0 255 3 201 0 0 0 0 255 0 0 255 0 255 0 198 0
    0 255 255 255 0 0 0 255 33 255 253 0 255 0 5 0 255 255 181 0 255 255
    69 0 0 0 0 255 0 0 0 255 0 0 0 255 206 0 0 178 255 255 57 0 0 255
    255 255 0 255 240 255 255 0 255 255 255 0 160 0 0 129 0 255 255 255
    255 0 0 255 184 125 206 95 255 0 255 255 255 205 0 244 255 0 0 0 32
    255 0 255 0 0 0 0 255 255 15 255 0 208 255 18 131 255 255 206 0 0 0
    255 7 255 0 255 0 255 0 255 0 255 0 255 0 0 47 255 255 0 0 0 0 0 255
    0 255 255 152 32 255 0 74 255 255 0 255 164 0 0 0 255 255 165 0 255
    255 255 0 0 0 234 0 69 52 51 0 255 0 255 255 0 0 255 255 255 255 87
    255 146 170 0 129 0 255 81 48 0 0 255 255 255 0 0 0 0 0 255 0 255 0
    255 61 255 188 255 0 0 0 255 0 0 231 20 255 0 0 162 0 255 0 255 0
    255 255 0 255 0 0 0 255 0 44 108 0 0 1 0 255 255 201 0 155 255 255 0
    255 251 0 0 255 207 255 255 214 0 255 255 255 0 0 255 255 255 255 0
    0 255 255 0 0 0 255 255 0 0 0 255 255 255 211 0 255 0 255 255 130
    255 43 255 0 0 0 95 255 255 0 0 222 0 255 0 255 241 255 0 255 255
    210 0 255 81 0 255 141 255 255 0 255 160 52 0 0 255 0 255 226 0 0 0
    255 59 255 0 40 200 0 255 255 255 255 255 251 255 0 53 195 0 0 0 0
    98 255 0 255 34 0 255 0 255 0 255 0 255 0 0 0 189 255 193 255 0 255
    255 255 0 255 0 255 0 0 0 141 0 51 0 255 65 0 0 0 0 0 255 255 189 0
    58 255 255 160 0 0 0 255 255 245 0 0 255 255 255 129 0 255 0 0 32
    255 255 124 0 0 0 255 255 56 0 0 0 255 255 0 0 255 229 255 0 255 0
    255 0 255 0 0 255 0 255 0 255 255 0 0 0 255 0 255 250 255 94 0 0 0
    30 11 0 255 0 255 0 0 0 255 22 255 68 12 196 0 165 0 255 0 255 0 0
    255 255 255 0 206 80 255 0 255 177 255 0 0 0 255 243 255 0 255 0 238
    0 255 0 255 255 255 255 255 255 255 0 0 255 255 3 255 0 158 255 97 0
    0 255 0 148 255 8 0 0 0 255 255 255 0 255 255 0 255 0 61 142 250 255
    0 255 0 0 255 0 0 189 0 255 0 255 255 255 0 0 0 255 255 0 255 0 255
    255 0 50 0 87 131 255 255 0 0 0 0 255 255 56 255 0 0 255 255 255 255
    37 10 48 255 0 255 255 255 0 55 80 223 255 255 255 0 163 255 255 255
    255 0 0 250 255 0 0 0 255 255 0 255 0 0 165 255 0 0 255 255 255 95 0
    218 0 0 255 0 255 255 0 0 0 255 0 255 255 255 0 255 255 0 0 0 255 0
    255 0 255 113 255 0 0 117 0 255 0 0 255 255 255 0 0 255 0 0 0 255 72
    255 0 226 0 255 18 255 255 109 255 0 0 0 255 255 0 255 0 0 0 120 23
    255 255 0 255 0 0 0 255 255 0 255 255 255 0 86 0 0 149 0 255 0 0 0
    255 0 0 255 255 0 0 255 0 255 0 66 0 255 255 255 255 255 0 0 34 0 0
    0 255 255 0 0 0 0 255 141 255 255 141 255 39 0 0 0 255 255 255 248 0
    255 255 255 0 255 0 255 255 255 0 0 165 0 255 255 178 0 0 0 255 255
    255 0 0 0 255 255 255 255 255 236 0 0 0 13 255 255 255 178 0 0 0 255
    3 0 0 184 255 0 0 255 255 0 190 255 255 255 80 230 255 255 49 0 229
    164 255 255 255 0 0 6 75 255 0 255 0 255 47 0 255 255 255 255 0 0 0
    255 255 0 255 255 0 0 0 34 0 0 0 255 255 0 2 255 255 237 0 134 255
    255 0 0 0 255 0 0 0 255 203 255 255 0 255 255 255 0 0 255 255 255
    255 0 255 0 255 0 0 255 21 230 0 0 255 0 255 255 0 0 129 0 0 255 255
    0 0 0 255 255 255 255 255 0 0 0 101 255 0 255 0 255 0 0 0 255 255
    255 202 255 199 0 0 0 255 255 255 0 0 183 255 0 255 255 0 255 102
    255 255 0 0 5 230 228 0 255 255 255 255 228 0 0 138 0 78 22 0 0 0
    255 0 255 255 0 255 54 255 0 255 0 255 0 167 246 255 0 0 0 255 0 0
    180 150 130 0 152 255 255 0 0 145 255 255 0 0 111 255 0 24 255 249
    255 255 255 0 85 255 232 255 129 255 255 29 0 0 0 0 255 255 0 0 0 0
    255 0 207 44 0 255 162 255 230 0 255 255 255 0 0 255 0 255 0 255 248
    255 186 255 148 238 255 0 0 255 255 255 255 255 0 0 255 22 255 0 0 0
    255 43 201 0 255 255 255 0 255 47 255 0 143 124 0 255 67 255 0 255 0
    255 255 255 0 146 255 0 255 0 255 0 123 0 0 255 255 255 242 229 0
    255 255 255 0 255 0 0 0 0 255 255 255 0 255 255 235 0 255 164 78 231
    255 255 67 0 90 0 255 226 0 0 255 255 255 255 119 0 0 255 0 0 231
    255 59 0 255 255 255 122 0 0 255 255 255 0 0 0 255 195 193 0 255 0
    255 0 0 0 164 255 0 65 0 255 0 0 255 0 255 0 255 0 0 255 255 255 0
    203 0 255 255 255 255 255 0 255 38 38 0 255 0 255 255 255 0 255 0
    255 40 255 255 255 200 255 255 126 255 0 165 0 82 0 169 0 0 194 126
    255 228 0 215 222 255 14 255 117 0 143 255 255 0 255 50 0 255 255 21
    0 0 31 255 255 0 0 212 255 255 0 169 0 255 255 0 255 0 231 150 255
    255 248 0 0 76 179 255 255 0 255 0 180 228 58 255 135 0 185 54 255
    255 0 227 255 255 0 0 0 0 108 153 234 255 255 255 0 255 0 255 0 255
    0 157 0 0 255 0 197 0 255 255 255 255 0 168 255 255 255 0 0 0 0 255
    255 0 0 0 255 255 41 71 0 197 0 255 255 11 217 0 255 255 152 0 255 0
    1 255 255 192 255 0 255 52 255 0 255 255 255 0 0 0 0 255 255 0 0 0 0
    255 255 255 255 254 0 0 0 255 255 0 0 0 209 255 0 0 255 0 255 0 255
    255 150 0 255 0 255 255 255 0 0 0 255 0 255 0 0 105 0 255 255 0 0
    255 0 157 255 255 0 0 0 255 255 0 255 217 255 0 0 236 255 18 0 0 0 0
    255 255 0 137 236 255 255 255 255 236 0 0 0 0 255 255 255 179 0 255
    49 0 0 58 255 87 255 0 43 161 139 134 0 0 255 210 255 0 0 0 255 255
    0 0 255 255 37 0 255 255 255 0 0 255 0 255 255 255 0 0 0 255 255 23
    0 0 255 178 255 0 0 0 255 122 255 255 0 0 0 255 252 255 0 255 0 0 0
    255 255 255 0 255 62 255 0 28 0 255 0 255 0 180 255 0 16 0 0 255 0
    255 255 255 255 0 255 255 255 0 0 0 255 255 0 0 255 255 80 232 190 0
    148 255 255 127 0 0 255 0 255 0 255 0 0 255 79 255 0 1 255 203 0 255
    202 0 255 255 91 255 255 255 0 0 0 255 0 0 0 96 255 255 0 0 0 255
    255 51 0 101 255 0 0 255 0 0 0 255 255 255 0 0 77 255 255 0 0 186
    146 0 255 0 255 0 109 0 255 255 255 0 255 133 85 41 15 255 255 0 255
    255 255 0 0 0 0 255 37 255 255 0 0 0 0 255 255 255 63 0 0 255 0 255
    255 0 127 0 255 0 255 255 255 255 0 255 0 0 0 0 39 0 57 0 255 95 255
    255 255 173 0 196 255 78 255 38 0 255 255 0 255 255 74 255 246 0 0
    255 255 0 255 0 255 0 0 255 255 255 0 194 0 255 0 255 255 255 255
    207 150 0 0 255 255 255 255 60 0 0 255 255 255 0 143 0 255 0 0 0 255
    255 101 0 0 255 255 69 0 255 255 255 0 218 4 255 0 255 255 255 215 0
    196 255 0 0 0 255 117 0 0 255 255 108 0 255 0 171 0 255 0 255 0 0
    255 29 43 255 0 255 0 255 0 0 255 0 255 255 255 210 255 124 255 0 22
    0 240 0 51 168 202 0 255 0 129 155 0 0 255 255 176 255 0 0 0 255 255
    0 255 0 0 255 255 0 0 255 0 255 255 255 0 0 255 0 255 34 0 255 255 0
    255 190 0 255 3 0 0 255 255 0 255 0 255 0 255 0 0 255 255 0 208 36 0
    187 0 255 255 0 0 0 255 255 255 0 0 0 255 0 255 184 0 0 2 0 0 255
    255 0 255 255 255 255 0 0 105 255 255 255 84 0 255 0 1 0 49 255 255
    255 255 0 0 0 255 255 0 99 0 255 255 0 180 0 255 255 0 0 240 255 255
    0 93 0 255 91 255 0 0 0 255 0 255 200 0 0 0 0 0 107 255 0 255 0 255
    255 255 9 95 255 0 0 0 255 255 246 0 0 255 255 255 0 0 0 255 0 255
    255 18 67 0 255 255 0 0 0 255 0 255 255 255 0 61 255 0 255 0 255 255
    255 0 0 0 255 255 255 8 227 0 0 255 255 0 0 0 97 255 255 255 255 255
    255 39 57 0 0 255 255 255 255 0 255 0 0 211 0 162 0 0 18 255 13 255
    0 255 0 121 26 219 0 0 0 255 255 0 0 0 255 107 24 12 255 255 65 0
    244 255 255 0 198 0 0 255 255 255 122 0 80 176 255 19 247 255 255 0
    0 0 51 0 255 93 0 0 255 0 255 0 255 255 0 255 0 255 0 255 255 255 0
    255 0 255 0 0 0 255 118 0 0 135 255 0 38 255 255 3 128 0 0 255 255
    255 255 255 0 0 0 255 255 0 255 255 255 0 0 255 255 255 0 174 0 255
    183 255 0 0 0 0 125 255 255 255 89 255 0 35 0 255 255 255 255 119 0
    255 255 255 255 0 0 0 255 255 0 0 0 255 123 255 0 135 255 53 255 0
    255 139 255 207 0 0 0 0 255 255 255 255 0 169 107 0 0 0 0 255 200
    255 0 0 255 255 255 0 0 31 255 255 0 0 89 255 116 0 255 0 255 255
    255 0 239 0 0 255 0 255 255 255 0 0 0 255 255 216 0 255 0 255 0 255
    0 177 0 123 255 255 0 120 0 0 0 127 0 255 255 249 0 0 255 255 231 0
    255 0 211 255 255 255 52 0 255 255 73 0 255 0 255 0 255 0 255 255 29
    26 0 0 0 0 255 255 0 0 255 255 255 238 255 255 251 0 223 147 255 0 0
    0 0 77 255 255 255 0 255 0 255 255 255 0 0 0 255 255 255 255 0 0 255
    0 255 255 117 0 78 255 0 255 0 255 255 0 0 255 255 78 255 0 255 68
    255 255 0 0 78 255 255 3 0 255 0 255 0 255 255 255 0 165 206 255 0
    255 255 0 0 0 255 172 255 255 255 101 148 255 0 255 0 0 255 0 9 255
    0 255 0 255 0 0 0 146 255 255 167 140 179 0 255 0 255 0 0 0 255 255
    255 255 0 0 25 255 255 255 255 255 0 0 0 0 0 22 255 255 0 255 255 72
    159 0 100 255 255 255 0 0 158 255 255 0 255 0 255 255 255 0 9 0 0
    255 255 255 0 255 0 255 66 255 40 255 0 0 50 0 255 255 255 0 0 0 255
    152 255 0 255 255 0 152 255 255 221 121 255 0 0 0 255 0 255 255 255
    0 0 0 255 255 0 255 0 0 0 255 255 255 21 255 255 119 0 148 255 78
    226 0 255 255 0 0 191 0 0 0 255 255 0 255 0 0 0 26 255 255 255 0 0 0
    0 255 255 0 255 163 255 0 4 255 82 255 0 0 255 255 0 255 255 0 0 255
    255 255 0 80 255 255 255 0 255 255 0 236 255 189 0 255 0 0 0 255 255
    119 255 0 0 255 255 0 15 255 255 255 255 255 0 0 255 255 255 0 255
    137 0 0 255 255 0 109 255 0 255 191 255 0 0 255 135 255 202 255 0 0
    0 47 0 0 255 255 0 0 0 0 255 255 84 0 255 255 0 0 208 255 255 0 255
    25 255 0 255 143 227 0 255 255 0 54 0 255 0 64 0 42 255 255 0 255 99
    255 0 0 98 0 0 0 255 255 146 0 0 255 162 255 0 255 255 255 215 248
    255 255 0 203 255 0 0 0 84 255 0 84 0 255 0 255 0 255 0 0 221 255
    255 0 0 0 255 255 18 255 0 255 125 0 85 255 255 69 0 212 0 0 255 0
    118 0 70 0 255 255 255 0 0 255 255 70 255 0 255 159 255 255 0 159 14
    255 0 78 255 255 255 0 255 86 25 0 0 238 255 0 0 188 87 255 0 255
    255 255 0 255 0 255 255 30 0 0 255 255 0 0 255 0 236 255 25 255 0 0
    0 255 217 79 0 255 0 255 0 255 0 255 0 34 80 255 255 0 0 0 255 0 0 0
    49 255 255 255 0 183 0 255 255 255 0 0 75 255 235 255 0 255 0 151 0
    255 0 255 255 255 0 242 248 255 0 255 0 255 151 0 255 233 255 113 0
    255 0 255 0 70 0 244 255 0 140 198 255 255 255 0 0 169 0 0 255 255
    255 30 0 0 255 0 53 0 255 0 20 255 93 0 255 180 255 0 255 255 185
    255 0 0 0 0 144 255 255 32 205 142 255 187 0 0 255 0 192 0 72 0 0
    131 255 227 255 0 0 226 241 0 0 0 255 255 0 255 0 255 0 0 255 255
    214 255 255 27 0 0 255 255 164 143 210 238 255 0 0 0 255 0 137 255 0
    56 255 241 255 0 255 255 255 54 0 83 255 255 0 0 0 255 0 255 20 0 0
    0 255 145 46 0 0 25 0 255 39 0 255 0 255 0 199 131 255 24 255 0 255
    25 255 255 255 0 255 255 0 0 0 255 0 255 0 255 169 0 255 0 255 0 237
    255 0 0 0 109 0 255 0 255 0 0 255 255 123 151 121 0 255 255 255 255
    255 0 0 255 255 255 0 255 0 255 0 255 0 141 0 0 0 255 255 0 167 124
    0 0 0 0 255 255 255 255 0 0 255 205 255 115 0 0 0 0 0 255 255 0 0 0
    255 255 20 0 1 255 255 255 0 0 255 0 0 0 255 255 172 131 255 36 0 0
    88 255 255 255 131 0 255 17 13 255 255 0 0 255 0 255 106 0 0 0 40 0
    0 0 255 0 167 255 255 255 0 0 0 255 255 0 0 255 0 0 0 255 0 0 0 123
    97 34 0 111 255 185 0 0 0 255 63 255 0 255 135 214 255 0 192 0 59
    155 255 0 255 0 126 0 0 14 0 4 255 0 255 0 255 106 0 0 255 0 255 0
    255 255 228 0 0 255 0 0 111 255 192 0 255 255 0 0 0 255 255 0 0 0
    255 0 0 150 255 0 255 0 71 255 255 0 255 0 255 0 40 0 255 138 194
    200 0 18 0 255 255 255 255 25 0 255 255 255 0 0 0 255 0 0 5 107 255
    255 248 0 0 124 0 255 255 255 0 255 255 255 208 0 17 0 0 0 41 255 0
    0 116 0 44 207 255 255 0 0 87 255 255 0 0 255 255 0 255 0 255 255
    187 255 255 255 0 255 255 0 0 244 255 255 0 0 0 136 0 94 255 0 0 0 0
    0 0 227 163 52 0 0 0 255 255 255 72 0 255 0 0 0 0 255 255 255 0 255
    0 255 0 0 0 128 0 27 255 255 0 0 255 255 255 0 255 0 255 255 9 0 255
    0 123 68 254 255 0 0 255 255 0 251 0 248 0 255 0 0 11 255 255 0 66 0
    255 0 0 0 255 167 255 0 255 91 255 0 255 255 0 255 255 255 0 210 255
    255 255 0 255 0 255 240 255 148 0 104 255 255 0 0 114 255 255 0 34 0
    255 0 0 255 0 0 0 255 255 255 7 255 255 255 255 255 255 0 0 0 0 158
    255 255 0 0 0 0 0 0 255 255 160 136 0 0 0 0 25 0 255 0 255 255 0 255
    0 0 255 0 152 0 255 0 0 0 0 255 67 255 0 255 0 255 255 0 0 255 0 0 0
    255 255 255 151 0 0 0 255 0 28 255 255 0 192 255 255 138 0 0 151 0 0
    255 255 255 0 255 0 255 0 255 0 255 255 0 177 255 255 76 0 249 255
    255 0 86 0 255 124 0 12 0 0 255 0 255 0 255 78 166 0 29 20 255 0 0
    255 255 255 0 255 255 255 0 0 84 255 255 214 0 32 255 255 255 82 0 0
    255 255 184 0 255 0 0 255 0 0 255 255 142 0 255 0 0 255 255 255 0 0
    0 255 255 166 204 90 0 30 0 255 0 255 255 255 194 242 0 255 81 255
    142 0 255 0 255 0 255 255 107 0 0 255 255 162 0 255 29 9 0 159 0 22
    220 255 236 0 0 0 0 255 255 255 0 240 255 0 255 212 255 255 255 90
    212 0 255 0 255 0 255 0 255 136 164 187 255 119 255 255 255 38 0 255
    255 94 0 0 255 114 255 0 0 255 255 255 0 0 255 136 255 0 0 255 255 0
    208 153 255 0 0 0 5 0 255 0 255 0 255 216 152 233 255 255 255 0 246
    0 0 246 0 0 255 255 255 0 0 255 255 255 0 255 255 206 0 0 141 0 0
    255 255 255 0 0 255 255 255 255 0 0 0 220 255 255 150 0 0 186 187
    255 0 255 0 255 0 186 255 124 0 0 0 228 0 255 0 255 0 255 255 0 0 0
    255 255 255 0 0 255 255 0 0 0 255 0 255 255 255 255 0 0 0 241 255
    255 255 255 255 0 0 0 0 0 255 0 255 115 255 255 255 255 255 0 0 0
    255 255 255 56 0 255 255 74 0 0 79 255 255 0 0 255 0 255 0 255 0 242
    0 255 0 153 255 169 0 80 255 133 255 255 255 0 78 104 0 0 0 0 241
    255 255 255 255 255 172 54 0 0 230 0 0 255 255 255 0 81 255 255 235
    255 255 255 245 255 255 14 255 0 159 30 255 0 0 0 120 255 0 0 150
    255 119 183 255 0 255 79 255 0 0 255 234 142 0 0 0 255 126 255 113
    255 0 0 255 0 0 255 205 255 255 0 0 0 111 255 255 255 0 156 0 0 0
    255 0 228 255 255 0 0 0 0 19 197 131 71 0 255 0 255 255 255 255 255
    0 0 36 0 255 0 255 0 255 0 166 255 85 255 0 255 255 0 0 0 255 152 0
    0 60 255 255 255 0 171 255 255 209 0 0 0 0 255 255 255 255 0 0 82 0
    0 240 62 255 0 255 255 255 255 49 0 255 255 255 255 0 255 0 255 255
    255 0 255 0 255 0 255 255 255 255 0 0 255 255 255 0 255 0 255 109
    255 0 255 255 165 0 132 255 255 0 0 7 255 255 255 255 146 255 0 255
    149 208 250 255 252 0 0 255 0 255 245 0 255 83 0 0 135 255 0 0 255
    255 255 0 0 0 255 255 0 0 255 255 0 48 0 201 0 0 86 255 0 0 99 14
    255 0 255 0 0 0 38 156 255 0 255 8 104 255 255 255 0 255 0 255 0 255
    255 255 255 255 59 202 0 255 0 255 193 166 0 0 0 255 255 176 0 0 0
    255 0 255 0 57 0 0 105 0 255 255 255 0 255 0 255 0 152 0 0 255 129 0
    255 229 17 255 191 255 0 0 207 0 0 255 255 255 255 255 219 0 0 0 220
    255 255 0 255 255 0 0 255 0 255 0 196 0 255 255 255 0 0 0 255 255
    255 255 255 0 0 167 255 255 255 157 0 0 255 0 255 0 0 255 0 255 0 0
    255 255 255 255 86 24 114 8 255 0 0 255 255 255 251 255 0 0 205 160
    0 255 255 255 255 0 255 25 0 58 0 0 0 255 54 255 0 255 255 92 0 255
    1 255 0 0 255 0 255 0 0 0 0 255 193 0 255 255 255 0 194 255 255 255
    0 255 255 255 0 0 255 255 0 0 0 255 0 70 0 255 0 255 0 0 96 0 255
    255 0 0 0 113 255 0 255 0 0 255 255 156 0 0 0 77 99 255 224 255 0
    255 0 63 0 255 12 0 194 255 255 0 0 255 0 104 255 6 0 255 0 255 162
    105 49 0 192 0 255 0 86 0 255 241 0 0 0 255 0 0 0 255 255 255 0 255
    28 0 181 255 0 255 0 255 0 255 0 255 223 255 0 255 0 255 0 0 212 0
    138 148 230 28 215 0 0 0 58 205 255 0 0 255 255 255 0 143 0 0 255
    255 0 0 0 255 0 0 255 255 255 255 255 40 0 0 0 255 0 150 0 255 255
    255 117 175 255 255 255 0 0 0 255 211 255 255 0 255 0 58 0 255 0 128
    226 0 16 0 253 255 0 0 0 0 161 0 255 210 255 0 0 0 255 0 0 185 214
    255 166 255 255 255 255 0 255 0 155 255 0 255 0 255 255 0 0 255 0
    255 228 0 0 0 0 255 255 255 0 255 0 0 0 0 255 255 255 255 0 0 83 0 0
    255 56 255 0 255 255 0 0 255 0 255 255 255 0 255 255 255 0 0 255 0
    255 0 255 255 0 0 255 163 255 228 255 255 0 0 255 0 13 255 255 255 0
    231 255 0 0 174 0 117 0 255 0 14 255 0 255 172 255 0 255 0 124 0 0
    242 255 255 38 0 0 205 255 0 12 92 255 0 0 0 159 151 0 0 69 0 0 73
    255 41 0 255 255 0 0 255 44 0 29 0 0 0 0 255 0 255 0 155 0 255 0 168
    43 255 255 255 255 94 162 0 0 0 255 255 255 0 0 221 255 255 255 0 0
    255 0 0 91 104 255 0 0 255 0 0 255 255 255 0 124 255 0 0 255 255 255
    171 0 0 255 255 255 183 0 20 255 255 0 255 211 0 0 0 255 0 0 0 255
    255 255 0 255 11 35 0 0 255 255 255 0 255 181 0 0 255 255 0 0 0 255
    255 0 0 0 0 255 255 0 0 0 255 0 255 101 255 0 112 255 255 0 116 255
    255 0 0 81 255 255 0 255 0 176 255 255 237 0 255 0 255 0 255 0 218
    151 0 47 0 255 0 255 239 0 0 0 0 255 0 0 255 132 0 0 0 255 224 21
    233 0 0 201 255 255 0 0 255 255 255 0 0 0 154 255 23 0 0 255 255 0 0
    0 255 255 0 0 197 116 255 255 255 0 0 0 255 32 255 0 0 54 255 255
    160 0 255 24 0 0 0 255 0 0 131 255 255 255 255 0 255 0 245 243 255 0
    228 0 41 0 255 255 255 0 255 255 255 0 0 255 255 255 0 0 255 255 0 0
    144 255 160 0 0 65 255 255 255 255 0 0 211 255 0 255 255 254 172 0
    255 224 255 0 0 156 27 100 255 216 255 0 0 0 255 0 255 0 187 52 176
    0 73 0 255 0 0 255 0 255 0 0 0 255 255 255 0 0 0 109 0 0 56 255 255
    255 0 0 255 0 0 0 255 255 167 219 0 0 255 255 255 0 0 0 255 0 90 0
    150 0 255 255 0 255 0 3 0 0 0 106 255 0 255 255 255 0 255 0 255 255
    0 0 0 255 0 110 0 0 255 255 192 0 89 255 255 255 255 0 0 255 0 255 0
    135 255 255 0 255 255 0 0 0 0 20 52 255 255 86 255 104 0 0 255 255 0
    136 199 84 141 0 255 0 255 0 216 253 255 0 255 0 255 0 106 255 149 0
    0 0 255 0 33 255 255 45 0 255 253 255 0 255 0 255 0 255 209 0 80 255
    255 255 255 173 0 0 255 255 0 183 255 255 0 255 210 0 0 255 0 0 0
    255 0 91 0 120 255 59 114 255 255 248 0 27 5 159 0 255 197 255 0 81
    145 255 255 255 0 255 0 0 0 87 217 255 0 0 0 255 255 69 0 0 0 0 0 0
    255 0 0 255 0 255 0 127 149 0 0 0 255 255 128 255 0 255 8 0 140 255
    36 0 255 255 109 255 65 0 255 255 255 21 0 3 0 0 255 0 255 0 255 235
    255 0 0 0 0 0 255 0 255 0 63 0 0 255 255 0 255 101 172 0 255 0 202
    255 255 255 255 255 91 0 0 0 0 255 0 255 255 0 0 0 255 255 255 0 255
    255 55 209 255 126 255 255 255 0 0 0 0 255 255 255 255 144 0 0 0 0
    255 0 255 142 0 0 255 0 255 114 200 0 255 0 255 211 0 0 255 0 120
    255 255 255 0 146 161 255 0 0 255 122 255 0 255 0 148 0 255 0 151 0
    255 255 255 255 0 105 0 255 0 255 0 0 255 0 243 0 255 80 255 0 0 255
    255 0 37 0 255 0 255 0 151 255 0 0 20 0 0 255 255 0 255 204 0 0 255
    0 255 0 255 46 255 255 0 255 255 158 198 255 0 194 255 255 0 38 255
    0 0 0 161 69 255 0 255 0 255 255 0 0 0 255 255 96 255 0 255 137 255
    0 0 255 105 0 255 0 255 0 255 0 255 0 255 255 255 255 0 0 255 25 255
    0 0 161 0 0 58 255 184 0 0 0 255 255 0 255 0 223 255 171 0 0 0 0 141
    255 255 0 255 0 255 255 0 53 0 255 67 0 0 0 255 255 255 255 0 30 0
    255 255 255 0 255 255 255 0 0 203 255 255 0 0 0 255 255 255 255 255
    255 0 0 188 255 255 0 12 255 255 0 0 0 255 255 0 0 0 255 255 255 255
    0 255 73 255 0 255 255 255 6 0 0 255 255 255 0 0 0 0 0 0 0 255 118 0
    0 100 255 255 225 0 0 71 255 0 0 0 255 0 255 255 67 54 0 255 255 255
    255 0 255 0 249 76 0 242 7 255 0 104 0 0 255 255 0 0 0 0 2 0 255 255
    255 0 0 0 255 0 0 246 104 255 0 0 0 255 255 0 0 0 255 0 255 0 0 0
    255 255 130 0 255 0 255 0 14 255 255 0 0 0 255 0 0 255 255 162 0 255
    0 255 255 255 0 0 86 218 109 0 255 0 255 49 255 0 255 108 255 255 0
    0 76 0 207 194 0 0 255 255 238 41 0 255 0 0 0 60 0 255 0 0 0 255 0 0
    0 0 0 255 255 0 0 0 255 255 198 255 255 0 0 85 255 255 255 0 255 0
    255 0 0 0 0 255 255 247 0 255 179 255 0 255 167 0 255 255 0 255 0
    255 255 255 255 24 255 0 0 255 86 255 255 0 48 255 255 255 255 0 0
    255 255 255 0 255 79 255 255 0 255 0 0 255 0 0 0 255 255 195 255 0
    255 0 0 0 177 151 255 0 255 255 255 255 0 103 255 0 255 0 255 0 255
    255 255 255 255 0 255 0 255 255 255 20 0 255 28 0 0 0 255 17 0 255 0
    255 0 255 0 255 0 255 255 8 0 70 0 33 0 255 78 255 0 0 0 255 210 0
    255 0 35 255 255 255 255 255 0 155 184 0 0 255 255 0 223 255 0 187 0
    255 255 255 0 0 26 0 150 178 255 255 255 0 95 226 133 255 231 7 0
    255 255 207 252 212 0 0 0 255 0 255 31 255 0 192 0 0 0 255 255 255 0
    255 255 255 255 0 255 0 255 0 255 0 255 0 255 0 0 255 255 255 0 255
    0 255 0 255 0 255 0 0 0 224 255 255 255 255 0 255 246 255 0 255 209
    0 255 0 255 0 255 0 0 255 255 255 255 255 255 0 0 0 255 255 255 71
    255 0 151 61 255 0 0 0 255 53 9 0 0 100 0 255 255 255 0 0 0 255 0
    255 190 176 255 255 255 255 0 11 255 255 255 0 0 255 255 0 255 255 0
    0 0 0 255 255 0 0 0 0 255 255 255 255 0 255 0 255 255 255 0 209 0
    110 255 0 0 0 255 0 73 255 255 255 0 0 137 0 255 0 8 32 0 255 0 42
    255 255 255 129 0 0 0 255 255 255 255 236 0 0 0 0 69 255 255 255 255
    0 0 184 255 255 124 0 212 255 255 192 255 0 11 0 255 255 0 0 0 255
    255 255 70 0 0 0 194 255 0 0 255 255 0 255 143 0 255 0 255 209 255
    202 255 0 0 44 50 0 0 192 248 255 255 255 0 255 255 255 200 180 14 0
    0 78 255 255 255 0 255 123 255 255 10 0 255 194 0 0 255 255 255 255
    0 173 0 0 0 0 80 89 221 0 219 0 0 0 255 0 255 0 0 0 255 165 255 0
    255 0 0 0 255 0 0 255 255 255 255 154 255 0 255 0 255 0 0 30 255 0
    255 0 255 0 255 255 255 0 90 255 0 255 255 0 0 0 0 255 0 0 255 218
    255 8 195 255 0 255 0 75 0 228 255 255 255 17 255 0 255 181 255 255
    255 0 0 255 0 187 255 40 255 0 0 217 53 255 0 255 0 0 0 189 255 0 0
    255 0 0 255 255 255 255 0 57 0 0 255 80 0 0 255 255 0 255 240 0 0 0
    116 255 255 0 0 199 255 255 0 88 95 0 141 255 93 0 0 0 255 255 255
    255 0 0 0 0 21 0 255 255 255 69 0 255 255 255 0 0 255 0 202 255 255
    219 255 0 255 0 0 0 255 255 207 255 0 255 0 255 0 0 46 0 255 255 255
    0 32 255 255 106 0 0 104 0 0 255 255 255 8 255 255 0 255 0 255 255
    255 0 255 62 0 0 255 255 255 0 0 0 0 255 246 255 0 84 138 58 255 0 0
    0 255 0 0 255 255 0 255 255 255 0 255 0 0 0 255 255 255 255 0 72 0
    255 0 0 99 255 202 255 0 0 255 255 255 0 142 0 153 255 0 0 0 255 255
    226 255 255 238 57 255 255 137 0 0 0 255 126 255 255 255 154 0 70
    255 255 51 0 255 152 84 0 0 0 0 0 255 255 0 255 255 255 255 0 255 0
    209 0 255 255 0 0 0 136 255 255 255 0 0 0 254 255 255 0 46 255 0 255
    255 222 166 0 255 255 0 88 0 143 255 255 0 130 116 255 255 0 0 90
    255 255 255 255 255 0 159 0 255 255 49 0 0 0 0 44 255 255 235 0 0
    184 188 0 0 57 0 136 0 255 0 0 255 0 255 0 255 0 255 255 0 0 0 15 0
    0 255 80 233 0 51 255 204 0 0 0 255 0 255 114 151 0 162 0 0 0 255
    255 255 0 255 34 177 0 75 255 255 0 241 255 0 0 255 84 255 255 0 255
    69 0 255 249 64 141 0 255 29 0 38 59 84 0 0 0 144 255 255 0 255 127
    0 133 0 255 117 0 0 0 0 0 255 0 255 0 49 0 255 0 0 0 255 196 0 255
    29 0 153 8 255 0 255 0 22 0 199 0 0 255 255 26 0 59 255 0 255 0 153
    137 255 0 202 0 255 0 255 0 112 0 255 255 70 255 0 138 255 0 255 0
    255 0 255 0 255 0 255 152 255 0 255 255 255 0 63 133 255 73 0 0 255
    255 255 0 255 0 255 0 255 0 233 0 255 255 125 0 0 255 0 57 0 255 255
    255 0 5 255 255 0 60 255 255 80 0 0 255 0 255 0 255 255 197 0 0 255
    255 255 0 0 0 255 115 255 255 255 0 255 0 255 0 0 0 0 255 255 0 0 0
    255 255 255 50 0 255 46 195 0 120 0 255 0 0 148 250 255 0 0 255 0
    255 163 255 0 0 0 255 123 0 0 0 255 255 255 0 0 0 255 255 255 219
    134 200 0 255 0 213 0 8 255 0 0 12 255 0 255 0 0 0 62 158 0 255 255
    0 0 255 255 157 255 97 255 0 255 124 255 0 98 0 0 0 67 0 255 255 0
    136 255 255 0 0 0 9 255 0 255 209 255 235 0 255 0 10 255 0 0 0 255
    255 0 124 255 224 255 0 0 0 0 0 0 0 230 255 255 255 55 86 255 255 0
    106 255 0 19 0 254 255 255 140 0 0 255 0 255 255 71 255 0 255 0 255
    78 0 135 0 106 0 255 0 112 203 255 0 255 0 0 0 255 255 0 255 203 255
    255 0 255 255 255 0 0 255 0 0 0 0 130 255 255 229 255 0 59 143 255 0
    255 177 0 0 238 255 71 0 255 0 255 255 38 0 79 0 255 89 255 0 0 255
    255 0 225 255 159 255 255 255 0 255 0 0 25 0 208 154 255 0 0 0 200
    255 255 255 255 0 0 255 20 14 228 255 126 0 255 255 184 255 255 232
    0 234 255 255 0 255 0 0 0 94 255 147 255 0 106 0 255 0 22 0 255 162
    255 139 0 255 0 255 0 40 0 255 0 255 255 255 117 255 0 255 149 0 0
    222 163 0 0 0 255 0 255 255 255 0 0 0 255 255 255 0 0 255 255 0 0 0
    109 255 255 255 0 0 0 255 255 255 255 173 123 255 0 0 255 0 255 0
    255 255 0 10 0 0 72 255 255 0 255 176 255 0 0 255 0 255 255 255 255
    0 161 0 0 255 0 0 0 255 255 255 0 0 0 255 0 0 0 255 0 255 0 0 255
    255 0 55 0 0 254 0 0 255 255 255 0 0 0 35 0 255 0 179 0 255 0 255
    255 255 255 0 255 0 0 0 255 21 210 0 0 255 0 255 0 255 0 255 112 0
    255 255 255 0 0 255 255 255 0 0 0 255 255 255 255 255 255 255 255
    249 0 255 5 0 0 0 255 255 0 0 255 255 14 0 0 255 255 255 0 255 255 0
    152 50 255 0 0 255 0 227 255 255 255 0 255 0 255 0 64 0 183 137 255
    0 255 255 255 0 255 9 255 173 0 255 255 255 255 0 255 255 255 38 0
    138 154 241 255 255 182 0 255 255 0 2 61 0 0 133 255 255 0 229 255
    255 0 0 255 255 255 255 0 0 255 0 178 0 255 255 0 0 0 255 255 220 0
    30 0 148 255 255 44 0 255 255 40 0 0 0 0 0 255 220 255 255 242 255 0
    0 255 255 46 0 173 0 255 0 221 255 216 255 0 207 255 47 255 255 255
    0 0 0 0 255 0 98 0 172 255 255 255 0 255 106 0 0 0 255 255 32 254
    255 139 76 255 255 0 90 0 0 255 0 0 0 63 255 255 0 0 255 255 255 255
    0 128 0 0 0 255 255 255 0 0 255 16 255 255 255 205 255 0 0 0 140 255
    0 0 155 255 255 255 0 64 0 0 136 40 255 255 0 68 95 0 255 255 0 0 0
    0 255 0 255 0 0 0 255 255 255 0 0 244 255 255 255 89 0 0 255 0 255
    255 174 0 133 0 163 62 255 0 255 255 255 0 202 0 109 255 255 255 0
    255 0 255 0 255 48 255 0 56 33 255 0 255 0 118 0 0 0 91 0 0 0 0 0 0
    255 0 214 255 0 255 0 136 103 255 0 108 255 255 0 0 0 255 255 2 255
    255 216 127 138 0 255 255 255 0 255 255 0 0 255 255 157 103 255 153
    0 0 90 213 255 134 97 0 55 0 255 255 255 0 89 231 47 255 255 180 255
    0 255 255 255 255 255 255 21 0 99 0 255 0 255 0 0 255 186 255 0 0 0
    255 255 0 255 0 239 0 127 255 244 255 0 105 0 0 255 0 0 0 255 31 255
    0 159 0 0 255 0 255 0 235 0 0 255 255 255 0 0 209 255 0 255 0 117 0
    255 255 255 0 194 178 0 0 0 255 85 134 34 255 160 255 0 0 0 0 0 0 0
    193 255 105 255 0 0 128 255 215 0 77 255 62 255 0 0 114 255 255 0
    229 0 0 0 255 255 255 0 255 0 0 0 255 255 255 0 210 0 100 0 100 255
    255 255 0 255 0 238 0 0 118 255 207 0 3 214 255 255 255 0 255 0 255
    0 255 255 0 78 239 255 255 0 178 13 255 255 0 152 0 255 0 255 255 0
    0 63 226 103 255 255 0 0 0 64 150 75 0 20 125 255 255 0 0 0 255 168
    255 0 0 0 248 0 255 255 255 0 0 0 0 204 0 255 148 85 0 255 255 0 4
    211 0 207 0 69 255 0 100 0 255 255 0 83 255 139 0 255 255 255 255 0
    0 255 255 0 0 0 255 0 255 255 255 0 0 0 255 255 80 255 56 255 0 0
    255 0 0 0 36 0 255 255 0 255 255 255 151 255 255 255 0 0 255 255 222
    248 0 255 0 0 255 255 255 255 0 0 247 255 255 0 255 255 255 0 0 0 82
    255 255 255 82 0 0 108 0 255 99 255 0 0 0 244 0 255 255 255 32 255 0
    255 0 120 0 255 255 0 0 33 255 0 255 76 255 255 0 255 255 255 255
    173 0 0 255 255 255 0 255 255 0 0 0 255 255 60 255 239 0 184 0 0 255
    0 131 255 255 0 255 0 0 0 236 242 0 255 255 255 0 255 0 255 0 0 0
    255 255 255 0 0 255 255 111 0 0 255 0 255 255 0 0 0 255 0 255 0 255
    0 255 164 196 0 0 152 0 0 255 82 0 53 255 0 0 0 255 199 255 80 255
    118 0 255 0 255 0 255 255 0 255 255 0 0 255 1 0 0 255 255 192 0 253
    96 0 139 0 36 123 0 47 0 0 30 0 158 0 255 255 232 0 0 255 71 255 255
    255 0 181 0 255 0 0 238 0 255 233 72 0 0 255 255 255 21 60 129 81 0
    255 255 255 0 14 75 0 115 0 173 0 76 0 0 84 255 255 255 20 13 255
    255 0 255 0 255 255 0 200 255 41 255 0 0 255 255 34 255 0 208 0 0
    155 255 255 255 0 164 0 0 195 255 180 0 10 134 255 255 0 114 0 255 0
    31 0 255 255 0 0 255 255 0 0 55 0 255 255 18 55 0 0 255 255 255 255
    255 0 0 255 0 0 0 0 255 103 255 0 255 0 255 0 0 255 0 185 255 255 0
    0 0 255 93 0 255 255 255 231 0 255 255 255 0 0 3 255 255 255 0 255
    255 0 0 0 133 0 219 255 0 0 0 255 255 255 0 255 255 0 255 0 255 0 0
    0 0 255 184 0 0 0 255 0 194 255 255 255 255 93 0 0 150 0 255 255 33
    29 255 255 0 0 255 0 0 0 255 255 0 255 213 255 0 0 0 255 255 0 0 255
    255 162 255 0 255 0 255 255 255 242 255 56 255 0 255 255 0 255 0 255
    255 0 0 0 0 244 255 90 255 0 255 0 255 255 170 0 0 255 0 0 0 0 255 0
    255 255 255 0 255 0 211 255 255 71 0 0 0 255 0 255 0 160 255 0 255
    255 0 0 0 255 255 0 0 0 200 5 37 153 255 0 84 255 0 255 255 255 209
    255 255 106 0 255 36 137 0 0 255 255 0 0 189 0 0 255 0 254 12 255
    255 255 163 0 0 255 255 255 0 0 116 255 0 255 0 0 0 0 0 255 255 33
    255 255 0 147 255 255 0 0 0 255 255 255 255 0 0 255 255 0 0 0 45 255
    0 0 255 0 255 255 255 0 0 255 0 255 0 255 0 255 0 164 0 255 178 242
    0 70 155 255 255 0 156 255 0 0 58 192 255 0 0 255 255 255 133 0 255
    0 0 255 255 162 0 246 77 173 255 0 0 255 248 214 94 255 0 255 155
    100 0 10 255 0 255 0 255 0 255 255 195 0 0 0 255 255 0 15 0 255 0
    255 0 255 0 255 255 216 102 0 255 0 0 0 255 255 0 0 0 255 0 255 0 0
    121 181 0 255 201 0 255 255 50 0 255 237 0 0 255 255 255 0 255 3 255
    0 255 135 0 0 255 255 255 124 255 207 0 255 255 255 28 255 0 255 183
    0 0 198 0 0 0 0 92 191 255 255 255 255 255 0 255 0 0 0 0 255 0 58 0
    66 255 255 0 255 255 0 255 0 0 0 255 255 255 0 255 0 55 32 55 0 0
    255 255 255 243 255 0 0 0 0 255 0 0 0 255 255 255 187 0 0 0 0 0 255
    7 255 255 0 0 0 255 0 0 255 167 13 0 255 196 255 0 151 255 255 0 0
    172 199 0 255 0 255 200 45 97 0 212 255 0 255 196 0 0 255 52 255 0 0
    0 255 255 255 0 85 99 0 255 0 255 255 0 77 0 255 0 255 0 255 0 255
    255 0 213 255 0 0 255 193 255 210 0 0 255 116 0 0 255 255 0 180 37
    255 100 0 0 0 90 255 210 0 0 255 0 0 253 255 255 255 0 255 0 0 209
    255 126 0 118 0 255 255 255 0 0 255 255 251 0 0 255 0 255 170 227 35
    0 0 0 255 255 255 0 44 0 255 0 255 255 255 111 0 255 0 255 0 255 0
    255 255 255 0 20 0 228 255 255 134 255 255 255 255 56 0 255 0 0 207
    255 236 255 0 0 128 0 207 0 255 255 255 255 0 0 255 255 141 255 0 0
    0 227 1 255 0 255 255 0 255 191 255 0 0 0 255 255 0 255 0 218 172 0
    83 92 255 0 255 255 168 0 255 255 255 0 27 0 0 0 43 0 255 255 0 255
    78 0 0 255 255 255 255 0 0 255 0 255 0 0 17 255 255 17 255 0 255 77
    116 255 222 255 0 255 255 0 0 255 255 94 0 0 255 255 0 0 0 7 0 255
    144 0 154 0 0 103 230 183 255 255 255 106 250 255 255 255 0 95 118
    255 255 0 0 0 0 0 223 255 255 0 0 0 255 130 149 0 0 22 0 0 0 255 255
    255 0 6 255 255 148 0 0 255 255 0 255 99 255 36 0 0 255 115 0 0 0 0
    255 0 0 0 255 255 53 0 166 0 255 171 255 0 255 55 0 0 0 255 0 0 0
    207 255 0 141 9 255 0 0 255 0 255 0 255 194 255 0 207 255 0 250 170
    255 153 255 164 255 0 0 0 0 101 255 98 144 0 0 255 255 79 0 0 255 0
    255 255 203 132 0 0 255 255 255 0 255 255 0 154 93 50 0 255 0 255 0
    255 0 255 255 255 0 0 0 255 255 255 255 0 255 0 255 0 255 255 255
    255 227 0 0 255 50 255 0 0 255 255 255 194 255 255 0 255 0 255 0 47
    0 255 255 0 0 255 255 0 255 70 0 255 173 0 0 255 255 153 0 255 0 0 0
    42 255 105 0 93 255 255 255 255 255 220 255 0 255 255 67 0 255 0 0
    255 169 0 0 255 255 255 0 0 0 255 255 255 0 0 0 255 255 255 237 0 0
    0 0 255 255 255 255 123 247 0 0 255 255 0 0 0 0 255 44 129 0 255 0
    255 148 0 0 255 255 0 0 0 204 255 255 0 0 189 255 0 255 255 255 0 0
    0 0 255 255 255 0 0 255 0 169 255 186 0 96 255 255 0 255 0 159 0 255
    255 74 0 0 255 0 0 255 52 255 0 255 255 255 255 255 0 0 0 255 69 255
    0 0 0 0 0 255 230 255 0 0 0 0 255 255 151 0 0 0 38 255 148 255 0 164
    118 3 255 255 255 0 255 255 255 0 142 255 154 18 255 255 112 0 46
    255 242 0 198 0 167 255 0 255 255 9 168 0 0 255 0 255 0 255 164 0 0
    0 0 11 255 255 255 200 0 178 255 0 0 255 255 130 244 0 255 245 0 68
    0 255 0 0 0 163 255 255 0 126 255 255 0 255 0 255 162 255 0 255 0 0
    123 255 193 165 255 0 0 255 3 255 0 0 0 95 255 196 0 0 255 255 72
    255 0 205 0 0 255 255 255 0 255 255 255 0 0 255 197 0 0 0 255 255
    255 214 176 255 255 0 0 0 255 118 255 230 0 0 0 0 0 255 0 0 255 176
    0 0 255 255 92 255 205 204 0 0 255 255 0 112 255 255 255 0 0 0 255
    48 0 255 255 255 0 255 0 255 0 255 243 255 0 238 255 253 41 0 0 255
    177 0 255 211 255 0 104 0 255 0 0 37 250 255 0 34 0 255 0 244 255
    255 255 0 255 215 255 255 255 0 0 0 255 255 255 255 255 255 201 255
    0 0 255 255 154 0 144 255 255 0 0 150 0 0 0 0 255 255 255 245 152 0
    255 0 255 0 0 0 0 255 255 255 255 136 0 255 255 255 116 0 12 255 0 0
    0 255 0 0 0 255 94 0 0 255 221 255 0 16 0 255 255 255 255 0 187 0
    255 0 255 0 0 0 255 0 0 0 255 0 75 255 0 255 0 255 255 255 255 0 50
    0 255 0 0 255 255 255 0 0 0 255 255 202 255 0 255 255 0 0 0 255 0
    255 52 0 0 255 255 0 255 0 0 111 253 38 0 255 98 0 0 0 0 255 0 255
    110 192 255 172 255 0 0 0 122 0 0 0 255 0 74 0 255 0 255 0 255 0 0
    255 255 255 0 106 255 0 255 0 228 255 255 255 255 255 0 0 255 79 0 0
    0 96 51 255 0 255 209 0 255 0 255 255 0 255 255 255 0 0 158 255 0 0
    0 255 0 255 0 255 255 0 111 72 242 0 0 31 0 207 255 191 255 15 184 0
    255 0 255 139 255 0 255 255 0 255 255 0 255 255 255 0 0 0 255 255
    255 0 255 0 255 255 255 255 0 0 0 255 255 255 255 0 0 0 0 251 255
    255 0 255 255 0 164 12 46 255 255 0 0 10 176 0 0 255 0 0 0 255 255
    255 255 0 255 192 0 255 0 52 255 255 255 0 121 0 0 0 0 255 255 93
    221 143 0 0 255 255 255 0 0 255 0 82 255 172 160 255 255 0 0 255 0
    255 0 37 0 0 255 231 255 0 255 127 54 157 0 0 255 43 255 255 255 255
    0 0 0 0 0 0 255 0 0 98 255 198 0 64 255 255 0 0 0 231 255 247 255
    255 180 243 254 0 0 0 255 255 255 133 82 120 255 255 0 0 0 140 255
    116 0 255 0 130 0 255 0 255 255 255 255 255 126 0 255 255 135 0 0
    241 255 255 34 0 48 0 0 255 73 71 204 255 255 26 255 255 0 255 0 10
    0 255 0 255 0 255 40 255 255 101 0 100 129 0 211 255 255 116 0 200
    255 40 0 255 255 255 142 0 221 0 255 0 255 51 0 255 255 255 211 255
    0 0 240 0 255 0 255 255 243 0 255 255 255 0 0 0 255 255 139 0 0 255
    255 255 0 0 255 0 255 0 255 255 185 255 0 0 35 87 255 0 255 0 0 0
    255 255 255 0 0 255 255 255 0 0 0 255 255 255 153 255 255 255 255 0
    107 0 255 88 0 0 0 255 0 0 250 255 255 255 0 0 0 207 0 107 167 206
    255 60 255 255 89 0 0 0 255 31 197 0 255 255 255 255 0 74 255 255
    255 0 255 0 0 255 54 255 0 0 255 0 255 0 0 53 0 255 95 0 255 255 255
    24 0 0 0 255 255 255 0 255 0 0 255 0 255 0 0 0 162 205 255 58 255
    255 0 182 0 255 0 255 0 0 255 255 255 0 151 255 255 134 255 255 255
    255 61 0 0 255 0 0 0 255 0 255 255 255 0 255 255 255 250 255 255 0 0
    0 255 255 0 0 0 0 255 150 255 255 0 0 0 151 255 180 255 255 0 70 20
    255 255 255 168 0 0 255 255 255 0 0 255 255 0 0 0 255 255 255 0 126
    255 255 89 0 0 255 129 0 0 160 78 0 255 255 255 0 0 69 66 0 0 255
    255 145 199 255 0 255 255 186 0 0 255 0 255 40 203 0 82 0 0 0 0 255
    0 0 0 0 0 118 255 255 151 255 255 127 0 0 255 0 255 255 0 0 0 28 246
    255 255 71 255 255 0 255 255 255 0 0 0 0 255 0 0 255 0 255 255 0 0
    255 0 0 82 0 255 0 80 62 255 255 140 0 255 0 126 57 255 0 0 0 136 0
    255 255 240 0 0 255 255 0 0 0 176 255 255 0 255 0 0 0 255 0 0 255
    255 255 255 169 0 255 255 0 255 0 0 0 255 255 76 255 46 0 255 0 255
    0 0 255 49 0 0 0 0 248 255 255 255 255 99 0 255 255 255 255 91 245
    255 164 255 127 255 0 0 0 255 255 0 0 255 199 255 255 255 0 211 0 0
    0 0 255 255 255 255 0 68 248 19 255 0 255 51 0 0 0 255 202 255 0 114
    0 255 0 255 255 0 255 0 191 211 255 0 0 255 255 255 0 28 101 255 0
    255 30 255 255 255 56 0 255 0 255 231 0 0 0 255 187 0 0 0 255 255
    255 199 0 255 0 0 0 137 0 160 255 94 255 255 255 234 0 0 255 255 255
    0 255 0 255 0 0 255 255 255 135 255 0 0 195 0 255 255 255 255 0 0
    233 255 255 255 0 255 0 255 255 255 68 0 0 255 255 255 0 162 0 255
    255 255 0 0 255 255 58 0 0 0 255 255 0 255 0 255 0 255 255 0 255 0
    255 255 135 0 255 148 138 79 0 0 255 255 255 255 255 58 255 255 3 0
    17 83 255 255 255 0 255 0 255 0 0 143 0 0 255 255 0 0 255 255 0 255
    0 0 95 255 255 0 157 255 105 2 255 231 0 255 36 255 255 12 178 0 255
    255 0 0 0 255 255 0 255 255 0 255 3 255 0 0 255 255 255 0 0 0 0 0
    251 255 255 0 240 255 255 0 0 147 0 255 255 0 0 248 255 255 35 0 0
    156 145 0 255 255 255 0 10 255 255 255 106 255 0 255 0 216 0 54 255
    224 0 255 0 255 0 255 0 255 0 146 0 255 0 0 255 255 255 0 255 255 0
    0 255 255 47 0 255 0 54 0 34 126 158 189 171 255 204 0 255 0 0 255
    255 255 0 255 255 0 0 254 255 255 255 255 255 0 0 255 255 255 255
    255 255 0 91 30 255 158 255 0 175 0 255 0 255 0 0 0 5 255 230 255 0
    0 255 255 150 0 130 101 0 0 0 255 0 255 113 226 166 255 0 255 157
    155 0 0 255 255 0 0 0 3 0 180 255 255 0 255 0 42 0 255 0 231 126 255
    251 0 64 76 255 0 231 255 0 0 255 255 255 6 0 255 255 0 70 255 255
    255 0 255 143 255 255 174 255 0 0 0 0 255 0 255 0 255 0 255 255 0
    217 204 0 255 245 255 255 0 18 255 255 255 0 123 255 0 0 255 0 0 223
    255 0 255 255 0 0 0 255 255 255 0 255 252 0 0 255 195 0 222 255 255
    255 119 255 255 255 0 0 0 12 0 0 0 0 226 0 27 46 255 0 255 0 0 81
    255 176 255 255 0 255 255 207 0 255 255 255 0 81 0 0 0 255 255 255 0
    255 255 255 0 255 255 227 0 0 0 0 255 0 0 5 0 146 139 255 247 0 0 0
    147 213 63 255 255 113 0 0 31 0 255 72 0 0 255 255 0 0 0 255 255 37
    255 0 255 255 0 0 0 255 255 0 0 111 64 255 225 255 0 255 0 0 30 255
    255 0 0 255 255 103 255 255 216 0 54 0 239 252 0 255 255 255 255 0
    62 255 137 0 0 0 255 65 0 0 255 255 146 255 210 151 161 255 0 0 255
    255 162 0 255 255 255 0 0 255 0 75 255 232 16 255 255 133 255 46 211
    56 0 0 107 255 255 255 0 0 0 0 172 255 0 0 0 255 255 0 0 0 255 255
    91 255 41 162 0 255 255 0 0 0 0 0 255 255 255 255 36 255 255 255 0
    255 255 255 0 0 239 255 255 0 0 0 255 0 255 255 128 255 178 0 226 1
    0 49 0 255 255 255 0 255 0 255 255 255 0 0 143 155 255 255 60 255 0
    0 255 0 0 0 255 0 255 255 255 0 0 0 0 0 0 255 0 255 0 255 171 255 0
    255 0 215 0 255 0 0 124 255 255 36 0 0 0 255 255 248 0 255 101 255
    156 255 150 83 0 0 56 255 35 0 0 109 0 91 199 0 0 0 255 255 0 0 0
    255 0 0 0 255 0 0 0 0 116 153 144 255 255 255 172 255 255 0 255 233
    255 0 0 0 255 255 255 238 0 17 255 11 0 186 0 47 215 0 255 60 0 255
    255 251 0 0 0 0 0 0 0 0 255 255 255 0 0 0 255 255 255 0 255 0 255
    255 0 0 52 66 0 255 255 188 0 0 255 255 255 0 0 0 255 0 167 0 0 37
    255 142 255 0 0 0 255 108 0 0 255 255 34 0 255 0 0 75 0 0 255 255 0
    0 0 255 0 0 0 255 0 6 184 255 0 75 153 0 255 0 255 0 255 247 66 119
    152 255 0 0 0 255 0 0 255 0 0 68 151 255 120 255 225 0 0 255 255 0 0
    255 255 255 0 0 245 0 40 255 0 0 0 103 0 112 255 255 0 255 255 255 0
    0 255 0 255 255 255 255 0 255 0 255 255 255 117 0 0 0 255 255 15 0 0
    0 255 255 226 0 255 255 255 255 0 0 75 255 0 140 255 255 0 236 0 0 0
    255 255 0 0 0 0 0 0 0 255 255 255 83 0 255 182 255 170 255 0 137 25
    255 63 137 0 0 0 130 255 0 0 112 255 255 255 255 0 0 255 0 255 255 0
    238 0 0 135 255 163 0 255 255 0 0 0 0 255 255 138 0 0 0 255 255 12 0
    0 172 255 0 0 0 235 0 0 0 255 67 0 52 255 0 0 255 255 0 88 0 0 255
    255 255 255 13 0 0 0 0 255 255 39 0 255 0 0 255 40 255 0 255 255 255
    0 255 0 255 255 0 255 255 255 0 0 255 255 255 255 5 0 0 203 77 34 0
    0 120 255 0 196 219 0 255 255 0 37 0 255 255 0 255 146 10 0 255 247
    0 0 40 255 0 255 0 0 0 56 255 255 255 255 255 0 0 219 0 0 0 0 255
    255 255 182 180 255 0 255 111 0 255 255 0 179 255 101 255 0 0 170
    255 0 54 255 255 0 255 0 27 255 255 0 255 178 255 255 255 255 255 0
    0 174 96 255 0 255 255 244 0 255 255 200 0 0 255 255 58 0 255 0 183
    145 255 0 0 0 0 255 255 255 0 255 0 255 0 0 0 0 255 255 255 255 255
    255 0 199 0 0 0 0 255 255 255 0 255 0 255 0 255 255 255 79 0 0 37
    255 108 255 12 0 0 0 0 0 255 196 225 0 255 255 255 0 0 0 255 0 0 0
    255 0 255 0 255 0 255 255 0 0 0 255 0 255 0 255 0 255 0 255 0 0 0
    255 255 255 90 170 255 0 255 0 0 0 0 255 255 255 0 255 255 255 255
    154 255 255 255 0 0 0 255 0 0 0 255 255 0 0 255 248 255 255 176 0 0
    255 131 217 52 0 255 0 255 35 79 195 255 152 89 0 60 255 255 0 0 92
    0 255 0 0 0 255 255 255 161 0 255 0 255 0 0 248 255 0 255 0 255 138
    175 190 255 255 255 255 69 0 0 64 255 46 0 78 0 255 255 98 0 0 0 0
    146 0 0 255 69 255 0 255 255 255 0 0 169 255 255 233 0 0 255 255 0 0
    26 255 215 255 0 255 255 0 255 0 255 0 148 255 255 0 0 0 255 248 0 0
    255 255 255 175 0 255 255 80 0 255 255 255 0 255 0 255 0 255 0 255
    255 255 0 255 255 255 255 0 255 255 255 255 114 230 0 0 16 0 255 0
    255 255 255 255 83 145 0 163 0 255 214 255 0 255 0 255 255 255 9 255
    0 255 0 255 0 255 255 255 0 255 255 255 255 212 255 253 255 255 0 0
    0 255 255 255 0 10 6 0 255 255 255 0 0 0 0 255 255 0 0 0 0 255 255 0
    255 0 0 0 0 255 255 255 255 125 255 255 255 0 0 0 255 255 108 255
    255 0 255 0 255 0 0 148 255 255 0 135 0 255 255 133 62 53 0 0 0 255
    200 0 255 0 144 255 0 255 157 0 255 89 255 0 203 76 213 0 0 255 255
    253 255 15 49 0 89 255 212 89 0 0 0 255 255 255 0 12 0 255 255 255 0
    0 0 255 196 255 255 0 0 0 138 0 0 255 255 255 0 255 255 0 0 0 255 1
    255 147 0 255 255 255 19 0 119 0 255 0 0 255 255 255 0 0 0 255 255
    255 255 183 255 182 0 0 0 236 255 255 0 0 0 102 255 59 255 0 255 94
    216 0 196 255 255 0 0 0 255 0 0 255 255 255 89 0 52 255 255 158 0 0
    255 255 160 255 255 255 105 255 0 0 255 255 0 255 255 255 0 255 255
    0 38 0 255 0 255 255 0 163 0 110 0 255 200 255 0 148 0 255 3 255 255
    255 0 255 202 255 0 0 0 255 255 255 255 0 0 255 255 255 0 0 0 255 80
    255 0 135 0 255 255 255 0 0 0 255 9 255 233 0 255 100 255 0 255 255
    0 0 255 0 0 255 255 0 0 255 0 255 0 255 255 0 0 255 0 0 0 0 0 255
    255 255 255 0 0 255 94 255 255 255 0 88 0 255 0 0 56 255 0 255 254 0
    104 0 255 0 255 255 0 0 0 0 255 255 0 255 112 2 255 243 185 175 255
    0 0 160 0 0 255 0 0 0 255 255 0 0 0 245 0 255 255 98 0 88 255 255 13
    189 0 255 255 255 0 0 0 255 156 20 0 255 174 255 0 255 0 174 0 0 92
    0 0 255 255 0 0 255 0 0 255 255 255 255 0 255 0 255 0 233 45 187 218
    0 0 255 194 255 0 0 0 178 0 104 0 255 0 0 0 24 255 255 0 255 0 255 0
    255 0 126 0 255 255 255 40 0 255 255 255 0 255 0 255 255 255 255 0
    255 0 0 0 0 0 48 255 0 0 255 0 3 0 159 0 0 0 233 115 255 0 255 255
    191 0 0 138 0 0 255 195 255 255 0 0 101 203 255 255 255 19 255 81
    159 0 0 0 255 0 255 0 237 27 255 0 92 255 137 0 230 0 0 240 63 255 0
    138 0 255 255 255 0 0 255 131 0 0 0 0 194 255 255 0 158 255 255 0 0
    213 0 255 255 255 0 0 0 0 0 255 54 255 255 255 255 0 0 255 255 169 0
    0 0 0 255 255 129 71 255 255 0 222 153 255 255 255 255 0 0 255 255
    255 0 0 255 0 0 0 0 0 255 255 233 0 255 255 255 186 255 255 0 0 255
    255 0 0 255 255 0 0 166 255 255 255 255 0 0 0 255 48 255 255 0 0 255
    255 0 255 0 255 159 255 255 255 0 0 3 255 255 255 0 0 8 255 80 165 0
    255 255 0 0 19 181 127 255 0 255 145 255 0 255 0 0 19 0 0 189 0 255
    200 255 0 255 0 23 0 0 255 255 255 0 77 0 0 0 255 255 0 0 255 37 0 0
    255 0 255 64 255 0 0 0 255 255 0 0 0 0 0 195 0 0 234 0 255 255 255
    255 255 0 0 0 0 53 0 255 255 255 255 94 0 255 255 255 0 0 0 255 255
    0 255 0 254 175 255 0 255 213 255 185 0 0 255 107 236 0 0 0 3 255 0
    255 0 255 255 0 255 255 0 0 255 255 255 80 255 0 0 255 106 0 255 0
    255 1 180 255 17 255 255 255 0 27 0 0 255 255 255 255 255 255 255 0
    115 0 255 0 255 255 251 0 255 255 62 255 226 255 98 0 0 255 27 51
    255 255 0 168 0 255 255 255 255 0 255 255 133 255 0 255 255 255 0 18
    0 255 255 255 161 0 0 255 0 0 0 0 255 13 52 0 136 0 255 0 0 0 255
    255 0 0 255 255 255 0 255 0 30 33 255 255 255 255 0 255 0 255 0 255
    0 255 0 255 0 255 0 0 255 0 255 45 255 255 0 0 0 255 255 0 159 23
    255 4 176 0 255 75 255 255 0 0 28 255 255 0 255 255 255 129 0 0 0
    255 0 0 49 255 255 0 212 0 0 255 255 67 0 255 255 255 117 234 255
    255 0 0 0 255 255 159 0 255 255 0 25 255 0 105 255 255 255 0 195 130
    0 0 255 0 0 255 248 255 29 255 0 255 255 255 255 0 222 255 255 0 40
    0 162 0 255 0 0 0 255 255 81 0 221 255 0 175 0 255 0 0 1 0 255 0 11
    255 255 0 255 0 86 255 255 0 255 0 255 0 0 0 28 236 255 255 0 255 0
    107 255 255 255 0 0 255 255 0 255 255 43 0 255 0 160 0 0 255 255 255
    255 0 255 255 0 255 216 255 0 152 255 0 255 255 173 0 0 255 255 255
    0 255 255 255 255 0 0 255 0 0 255 255 255 0 151 0 255 208 173 255
    255 2 64 255 52 75 93 255 255 255 0 255 255 255 0 0 138 255 70 0 255
    0 255 255 255 0 0 0 255 142 80 0 255 179 255 0 0 0 40 0 255 255 0 0
    0 0 201 178 255 0 0 255 236 0 14 255 255 0 0 255 44 118 255 255 50 0
    17 0 45 253 255 0 255 0 255 255 255 0 255 0 255 0 255 255 255 0 0 0
    0 0 255 255 255 170 0 0 255 0 255 33 113 255 255 255 255 0 255 0 255
    0 0 255 255 141 0 0 232 0 0 0 255 255 255 0 219 248 0 179 0 255 255
    0 0 0 255 241 255 255 0 255 38 0 0 24 192 255 0 255 30 255 0 0 255
    255 0 0 255 129 0 0 0 0 255 214 255 111 60 0 255 0 84 18 67 0 255
    255 255 255 0 140 255 102 255 0 255 78 195 255 255 103 0 0 0 255 255
    0 255 0 255 0 255 255 255 0 255 0 184 0 255 144 255 132 198 216 0
    255 255 0 0 165 0 91 0 255 255 255 0 0 255 255 199 156 255 0 0 0 194
    0 255 0 255 0 255 0 0 149 0 68 231 0 255 110 0 0 255 255 255 255 255
    255 39 255 0 0 0 122 255 153 0 0 255 0 0 0 255 255 242 0 59 255 255
    255 0 42 0 255 255 184 255 0 0 0 37 255 255 0 0 110 81 0 0 238 22
    211 217 0 0 255 255 143 0 0 0 255 0 255 0 0 255 255 198 5 255 255 0
    0 91 255 170 255 255 0 255 255 0 255 10 255 0 255 255 224 0 190 255
    255 0 255 0 255 0 0 0 255 255 255 0 0 0 255 0 172 0 255 0 255 0 78 0
    230 0 0 0 255 255 255 0 0 0 0 255 255 0 255 0 0 255 0 0 0 17 143 255
    255 255 0 54 0 0 255 0 255 0 0 2 255 255 255 0 233 72 0 255 198 255
    0 0 255 0 0 6 80 0 0 0 41 255 238 255 255 255 61 255 0 204 0 255 50
    138 0 255 0 255 236 255 255 0 0 0 255 0 11 0 255 47 0 255 255 160
    255 0 255 0 255 0 186 0 0 0 0 119 0 131 192 0 255 0 0 0 142 23 255 0
    0 0 255 0 240 0 255 0 255 147 0 255 0 0 0 55 255 255 255 255 0 155 0
    170 0 0 202 255 199 255 255 4 16 174 0 255 0 0 255 0 255 0 255 255
    255 0 255 0 255 255 73 0 0 0 0 0 255 187 200 162 141 255 255 0 0 0 0
    255 255 255 0 0 255 0 71 255 255 255 0 255 0 255 255 255 0 0 0 255 0
    255 0 128 253 0 255 255 53 0 69 255 255 255 0 0 203 255 255 0 0 0
    255 255 0 0 0 255 255 255 255 180 255 0 0 102 255 255 0 184 255 255
    141 0 0 122 0 0 255 255 255 0 0 0 255 255 0 0 0 0 0 0 255 255 209 0
    0 0 0 255 255 0 0 255 0 13 0 0 0 255 255 0 64 0 0 169 0 255 0 255
    255 255 0 0 15 255 196 0 131 255 255 255 0 0 0 255 0 137 255 255 0 0
    0 38 255 255 255 255 0 255 255 255 42 0 255 0 179 255 171 91 255 0
    255 255 0 0 255 0 0 0 0 0 0 255 255 0 255 0 255 0 0 0 255 255 0 0 0
    255 255 143 0 157 0 0 109 255 0 0 255 255 255 0 255 255 255 0 0 170
    255 0 64 74 255 0 255 255 72 0 0 0 237 255 255 0 255 0 0 255 255 255
    0 22 91 0 255 0 255 0 70 0 0 0 0 255 158 233 0 255 255 0 255 0 0 43
    0 255 151 0 50 0 121 255 255 255 53 255 255 0 0 255 0 255 255 255
    255 0 255 255 0 0 0 255 140 255 37 0 49 255 0 255 0 0 255 0 255 255
    22 211 0 255 255 0 0 0 0 255 239 14 0 117 0 255 255 255 255 0 255
    255 186 0 219 255 255 0 255 0 255 0 93 255 77 255 255 0 0 112 255 0
    0 0 255 255 255 0 255 0 255 0 255 0 255 0 255 255 0 0 0 255 255 94
    255 249 255 0 0 0 0 4 0 255 255 86 255 0 0 0 255 78 255 0 0 255 255
    236 0 255 0 178 14 114 0 255 255 255 255 0 0 0 249 255 255 0 0 255
    255 0 0 134 61 255 0 255 0 0 0 255 255 255 255 255 218 0 0 255 255 0
    0 0 167 255 255 255 23 0 0 230 0 255 0 255 255 143 0 255 0 178 0 255
    91 255 0 255 255 255 255 255 0 81 0 0 106 255 0 0 255 0 255 0 153
    249 0 0 147 255 0 195 36 0 255 255 0 0 0 148 243 158 243 226 0 255
    95 255 255 255 255 0 0 0 255 73 151 115 255 0 255 0 255 0 255 48 191
    0 0 0 255 0 0 255 255 255 0 0 0 16 255 0 34 0 255 255 118 0 0 255 0
    144 0 255 255 255 131 70 210 0 255 231 0 0 0 255 255 255 0 0 0 255 0
    0 0 255 59 255 161 0 0 166 255 255 255 255 135 0 255 0 255 42 255
    114 145 255 255 0 0 255 255 255 0 255 0 255 255 255 255 255 255 255
    0 114 255 244 0 0 255 255 255 255 213 255 142 255 0 0 189 0 255 255
    255 0 255 0 255 0 255 0 129 255 0 0 0 0 255 255 255 0 202 0 255 232
    255 0 0 0 255 255 222 255 192 0 0 255 255 0 71 255 0 255 0 0 255 0 0
    199 169 190 139 255 255 135 0 0 168 255 255 255 0 255 141 255 0 0
    136 255 255 0 0 255 0 255 0 255 0 255 0 255 255 73 231 255 255 0 250
    255 255 255 0 94 189 255 197 255 4 0 106 0 255 255 219 0 255 255 255
    0 255 0 0 255 191 255 255 255 255 0 0 109 255 255 255 60 255 0 0 255
    255 255 0 0 0 255 255 255 0 255 255 253 255 255 0 255 0 137 255 255
    255 0 255 116 0 160 0 0 0 94 255 143 92 0 0 0 0 0 143 138 255 255 0
    255 0 205 0 255 255 255 0 0 248 255 255 190 0 0 176 255 166 255 0
    172 110 0 0 13 117 0 165 255 0 255 0 0 255 255 0 140 255 0 0 0 135
    129 152 171 255 255 255 0 255 0 255 0 0 117 255 0 0 255 0 255 0 255
    255 255 123 0 0 0 181 0 225 255 255 255 255 0 255 255 255 0 255 0
    255 202 164 0 255 255 255 255 255 0 131 0 255 241 0 0 255 255 255 0
    0 127 255 255 255 101 0 129 255 255 255 0 255 255 255 28 132 255 35
    0 255 75 0 0 31 255 0 0 0 0 0 0 255 255 34 255 255 255 0 0 0 0 186
    65 255 255 0 0 255 255 255 255 175 0 255 255 29 255 255 255 255 0 0
    0 255 255 255 0 255 255 255 0 241 255 39 255 0 255 0 255 132 21 0 0
    0 255 255 0 255 0 255 0 0 255 0 0 0 255 255 255 255 0 0 16 255 255
    255 0 0 0 255 0 255 0 61 0 187 255 255 255 0 210 28 0 0 255 224 0 0
    255 0 255 151 255 255 0 0 0 0 255 255 255 221 0 0 0 255 0 0 80 255 0
    0 0 0 255 168 200 0 0 248 110 0 0 219 255 255 0 0 0 0 255 0 0 0 0 0
    255 255 255 0 255 0 255 255 230 0 0 255 255 70 0 0 101 255 0 0 0 0
    255 68 255 0 255 0 66 255 113 111 0 255 191 255 0 0 0 255 255 255
    242 0 182 0 255 0 0 58 255 0 255 230 195 88 20 238 255 255 37 0 255
    0 250 0 255 0 182 0 255 255 0 0 163 255 255 0 255 146 0 53 0 30 0
    126 219 255 67 255 0 140 255 255 0 0 0 255 255 255 255 119 255 0 0
    63 0 0 228 255 142 255 0 61 0 0 255 255 0 0 0 255 255 255 167 145 0
    193 0 255 0 255 0 0 0 0 0 0 44 255 255 202 255 0 0 255 255 255 255
    255 0 0 0 255 142 167 0 6 0 255 140 3 0 0 30 255 255 255 0 0 0 255
    255 17 255 0 255 0 184 202 164 197 0 167 255 0 0 0 255 0 0 0 255 0
    123 0 255 0 148 0 255 255 255 114 255 81 0 0 255 255 255 0 0 255 0
    255 255 0 255 67 0 255 46 255 126 255 255 0 129 132 0 0 93 255 227
    255 255 255 0 16 22 8 0 0 84 0 208 255 0 255 0 255 255 125 0 0 96
    255 255 0 0 0 0 187 50 0 255 255 255 255 0 0 0 255 255 0 30 0 255 10
    0 0 255 89 255 0 0 255 106 255 0 255 0 0 0 255 255 111 0 0 0 252 0
    255 255 36 0 0 0 255 0 255 255 255 245 255 255 0 255 0 86 0 79 44
    133 165 0 0 0 255 255 255 196 0 255 0 255 0 0 255 255 0 0 255 0 255
    0 0 255 255 0 233 0 255 255 255 82 0 0 255 255 185 255 255 0 255 255
    0 122 0 255 0 0 255 0 60 0 255 0 255 0 255 58 0 0 255 10 255 255 0 0
    0 0 0 0 0 0 103 255 116 255 0 214 0 0 0 0 255 255 255 162 0 0 255
    163 247 0 127 255 255 203 4 252 0 236 255 0 162 0 0 0 255 238 255 0
    255 107 255 0 159 158 0 255 129 0 0 255 255 204 0 255 255 255 255 0
    0 0 0 0 221 0 93 229 255 83 0 114 0 255 255 255 28 0 0 255 0 0 255 0
    255 255 255 255 0 0 255 255 255 0 255 0 0 101 0 0 0 155 0 0 0 242
    255 255 255 255 255 171 255 0 0 255 255 255 0 0 0 0 255 0 139 255
    214 247 0 171 0 255 255 199 255 0 255 0 255 255 135 0 0 0 107 255 44
    0 0 255 255 0 255 0 255 0 67 71 255 0 0 204 255 29 60 67 0 0 0 0 0
    170 0 0 255 136 198 187 155 255 0 0 254 255 255 0 0 255 0 255 0 104
    0 179 255 255 255 0 0 0 255 120 255 255 141 0 0 255 0 255 0 255 0 23
    0 255 0 255 0 217 0 255 255 17 255 0 255 170 196 0 38 0 0 0 175 255
    255 0 255 188 255 0 0 84 237 158 0 0 0 255 138 38 0 0 60 0 255 0 255
    255 0 0 0 255 0 0 0 255 0 71 255 0 0 0 255 255 0 149 0 255 255 255 0
    255 0 255 171 59 255 255 255 0 0 255 0 0 0 0 255 255 204 0 0 0 255
    213 0 255 0 225 86 255 193 22 0 0 255 0 255 255 243 48 0 0 0 0 255
    118 0 255 226 248 116 255 148 0 59 255 255 81 0 255 0 37 255 0 255
    255 255 0 87 0 0 201 32 255 255 0 255 0 255 255 94 58 0 228 0 0 255
    255 91 59 255 0 255 0 255 0 255 0 0 0 255 255 255 0 255 0 93 2 255
    255 255 255 0 255 255 255 0 0 0 255 0 205 0 0 255 255 255 92 255 255
    255 0 255 0 181 0 0 0 130 255 0 0 255 0 255 22 28 0 0 255 255 255
    255 25 0 0 0 171 0 230 0 0 25 255 0 255 0 227 255 0 0 255 255 112 0
    0 255 0 255 0 255 181 218 255 255 181 154 0 0 0 255 0 255 224 255
    255 0 91 255 255 255 0 0 0 255 23 255 255 25 255 232 200 255 255 0 0
    0 255 255 255 182 0 0 20 208 255 255 212 255 0 255 0 0 0 255 255 0 0
    0 126 0 255 255 255 0 56 0 35 67 57 3 0 0 236 87 255 255 255 0 255
    255 255 0 218 0 200 0 255 255 255 205 145 0 255 0 255 255 255 0 255
    255 255 0 0 255 221 87 0 255 117 255 0 255 255 0 0 0 255 20 255 0
    233 255 255 0 0 0 255 255 108 0 196 0 255 67 255 0 0 0 118 0 255 151
    77 0 255 255 255 0 0 0 0 175 255 255 255 255 255 255 255 0 215 255 0
    90 255 255 0 0 0 0 213 57 255 228 0 255 255 0 10 0 0 255 255 0 0 55
    0 0 255 255 255 255 255 255 255 255 255 0 0 23 255 0 0 251 255 255 0
    255 177 190 0 145 255 255 255 48 140 255 255 255 255 0 0 5 255 0 0
    255 0 255 0 255 0 95 32 255 255 0 80 0 0 0 255 94 164 0 100 0 8 0 0
    255 0 149 255 0 255 255 255 0 255 0 255 0 255 255 0 0 255 0 255 0 0
    229 255 0 0 0 0 0 10 255 255 255 0 0 246 255 255 0 0 0 49 0 255 0
    255 0 215 0 255 0 255 255 83 199 0 0 255 255 5 157 255 255 0 170 51
    0 255 255 255 255 43 255 0 48 255 255 255 0 134 0 0 255 255 0 102 0
    255 255 226 0 86 255 255 0 0 0 255 0 255 255 0 0 0 255 255 255 0 0
    255 0 94 147 255 0 255 0 0 0 255 255 255 46 255 0 0 255 0 255 0 0
    199 255 154 255 0 255 255 102 0 0 255 255 255 0 255 0 0 0 255 255
    255 0 255 255 0 255 255 255 255 0 0 0 0 255 0 0 180 0 255 0 255 255
    234 255 106 255 171 155 0 0 6 0 255 255 255 0 0 255 255 0 0 0 255
    255 0 255 255 0 112 255 255 0 0 11 255 14 255 255 0 255 0 255 0 255
    0 0 255 255 0 0 255 0 255 255 106 0 0 0 255 73 255 0 0 0 255 82 48 0
    0 255 0 255 0 255 0 255 0 255 0 0 0 255 0 0 255 255 255 0 255 248
    154 255 0 0 0 255 255 86 0 255 255 255 228 0 90 12 255 0 255 0 255
    24 0 0 0 255 255 255 0 0 185 0 0 255 255 0 0 255 255 255 0 0 123 255
    215 255 193 14 133 0 255 83 255 0 0 255 255 255 69 255 0 0 0 255 209
    0 0 255 67 255 0 255 0 237 0 255 255 255 218 0 255 0 0 0 255 121 0
    54 255 255 255 0 146 0 0 0 93 255 147 255 0 0 255 0 255 0 255 255
    255 0 255 0 255 255 255 0 0 255 255 255 0 255 137 0 87 0 0 255 255
    126 0 0 117 255 255 105 0 178 255 255 228 0 255 0 255 255 255 255 0
    0 255 255 255 0 0 0 255 255 0 0 0 255 0 255 255 0 255 0 255 0 255 0
    0 0 0 255 0 0 255 255 176 0 255 0 255 217 255 255 0 255 255 0 0 255
    255 255 84 255 0 0 0 255 255 0 0 255 31 255 0 255 255 0 255 255 255
    204 255 0 0 0 255 255 255 0 0 0 0 255 255 0 47 0 109 255 255 0 255
    255 0 255 255 255 177 0 0 255 0 0 0 255 0 0 0 0 0 255 0 255 0 232 0
    255 255 255 255 255 255 0 0 186 116 255 21 255 255 191 255 0 255 255
    255 0 255 193 255 0 0 0 0 255 255 107 0 193 255 255 0 255 13 255 0
    135 255 0 255 0 255 255 255 0 0 255 0 0 0 255 0 75 0 237 255 255 159
    0 255 255 0 255 0 255 20 0 0 255 0 255 147 255 255 255 255 0 0 255
    255 255 25 0 46 3 255 255 0 0 0 73 117 255 255 66 227 0 0 244 26 0 0
    0 255 0 134 0 0 0 0 255 0 96 0 255 0 255 242 255 0 255 0 255 255 255
    0 0 255 255 255 0 0 0 255 18 0 0 0 255 255 255 255 0 182 0 255 255
    255 0 0 0 0 255 255 255 0 232 0 0 255 255 255 255 0 0 255 201 194 27
    0 255 255 0 0 0 0 255 187 255 0 124 0 255 0 2 0 0 98 159 120 35 0
    255 0 255 0 129 0 255 255 0 255 0 36 0 0 255 0 255 255 255 0 255 78
    255 255 255 0 0 255 159 0 0 255 0 4 255 0 255 0 107 0 255 0 43 0 171
    221 255 0 0 0 0 255 236 255 0 0 0 37 255 126 0 0 255 255 222 255 149
    0 255 0 255 255 229 0 0 0 255 0 255 255 35 0 32 255 255 0 123 255 69
    98 0 0 255 18 0 255 0 0 97 0 255 0 255 19 0 255 255 119 0 69 255 255
    0 0 0 0 255 251 0 255 0 255 0 255 255 0 191 0 255 0 255 0 255 186
    255 0 151 0 121 255 255 200 0 0 255 255 0 0 255 43 88 255 255 255 0
    0 0 255 126 0 0 0 255 255 139 0 0 255 255 255 255 106 0 0 0 255 0
    206 0 18 0 255 0 255 0 255 0 0 0 255 255 0 17 0 0 105 255 0 0 0 255
    255 255 149 0 204 0 223 255 255 0 0 255 255 0 101 0 28 0 98 255 255
    0 0 0 5 0 41 255 255 255 137 255 0 0 0 0 0 15 15 255 0 39 0 255 149
    0 25 255 215 255 0 255 0 153 0 255 255 0 255 13 255 0 106 0 255 255
    98 255 21 255 5 255 255 255 226 50 0 255 0 255 0 0 255 255 255 255 0
    203 0 255 255 255 0 0 255 255 255 0 0 255 255 0 98 14 255 0 0 255 0
    0 0 255 255 16 126 40 89 10 255 0 255 255 0 255 0 0 0 0 0 176 255 0
    0 99 255 255 68 81 0 87 255 255 0 0 0 255 255 255 0 255 255 43 0 255
    255 255 159 255 0 214 0 0 51 255 255 255 0 0 248 255 255 1 255 0 255
    0 125 0 0 123 255 255 255 255 67 0 255 255 255 255 213 255 0 20 0 64
    255 0 255 7 84 238 25 70 139 255 255 255 0 246 0 119 255 255 255 166
    255 0 254 255 0 255 0 255 0 255 255 34 0 255 104 255 0 0 255 255 255
    0 255 0 255 0 0 255 127 255 255 132 255 0 0 14 108 255 0 0 0 0 255
    106 0 0 255 0 255 0 255 0 0 0 255 255 107 123 0 200 0 0 0 255 255
    255 30 255 255 53 255 255 160 0 0 255 0 0 255 0 0 158 240 0 0 0 255
    115 255 0 188 0 255 0 255 255 88 36 0 201 255 255 255 0 0 255 255 0
    0 0 255 0 37 255 255 255 0 0 255 255 141 0 106 0 0 0 255 0 255 0 0 0
    0 255 91 255 255 0 0 0 150 0 255 0 255 4 160 0 255 0 97 255 9 0 255
    255 0 0 0 12 111 255 255 255 0 255 106 255 121 0 0 255 255 0 219 0
    205 0 207 245 255 255 87 0 0 132 255 254 0 0 255 0 0 0 0 255 0 0 0
    255 12 18 191 255 255 0 255 255 255 68 0 0 255 255 255 0 0 255 5 0
    255 0 255 0 255 0 255 0 70 0 255 0 222 0 255 255 255 155 138 0 0 255
    255 255 0 0 255 255 0 255 0 0 0 255 255 0 193 255 255 232 0 255 255
    0 11 0 0 128 255 255 185 190 47 255 255 0 0 0 255 255 0 0 136 255
    255 255 197 0 0 0 255 0 255 255 250 0 255 0 255 11 0 255 0 0 0 0 255
    255 61 169 159 0 159 231 0 255 255 82 0 112 255 0 255 0 0 0 255 255
    255 0 0 255 0 255 255 255 0 0 0 255 255 0 255 132 242 255 255 255 0
    0 255 255 255 136 0 0 255 0 120 0 0 0 0 255 184 0 0 0 197 255 255
    136 255 0 0 0 171 255 0 255 0 252 151 255 0 0 0 255 142 251 255 205
    255 255 239 217 247 255 255 0 255 255 0 194 0 255 0 255 255 255 123
    255 255 0 0 0 255 0 255 255 255 0 0 255 255 255 0 0 255 0 255 0 203
    0 255 255 255 255 0 255 255 255 255 0 255 255 0 44 255 255 0 39 0 0
    0 0 255 255 255 0 255 255 0 255 190 255 0 255 255 255 255 0 0 0 255
    0 0 0 255 0 128 255 0 0 255 255 161 0 0 124 0 0 6 112 255 255 0 162
    255 255 255 17 162 0 255 0 255 255 175 0 185 0 255 0 0 207 255 255 0
    0 219 255 255 255 48 86 0 232 0 255 0 255 255 98 255 0 255 0 255 76
    255 224 255 0 207 0 0 254 255 197 217 255 255 0 0 0 255 182 255 0
    255 0 255 0 0 73 255 255 0 84 255 255 214 0 255 0 255 0 126 0 255 0
    255 0 91 0 255 255 255 173 255 133 0 255 0 255 0 246 0 0 77 0 255
    255 0 114 175 255 0 255 1 0 0 255 124 0 0 115 0 255 0 0 0 168 255 0
    255 0 0 0 255 255 255 255 0 0 0 255 255 255 255 124 0 0 0 255 0 255
    0 208 0 255 202 6 255 0 216 198 0 0 0 255 84 8 239 255 136 0 0 0 0
    255 0 0 0 255 0 6 0 0 255 255 255 0 135 0 255 0 255 255 255 0 255 0
    121 255 0 0 255 255 255 0 0 106 255 255 255 0 0 0 0 220 0 255 255 30
    0 255 255 255 0 190 211 7 255 0 59 255 255 62 255 179 255 0 0 0 0
    166 0 255 255 255 0 255 0 11 216 255 116 0 11 0 255 61 255 255 0 0 0
    249 255 255 255 69 0 0 255 255 255 255 0 0 255 0 255 255 0 0 0 255
    255 241 255 155 255 83 66 0 255 48 0 0 255 172 255 0 128 255 0 255 0
    255 0 0 255 255 255 255 0 255 46 55 0 255 0 48 255 255 255 0 233 91
    0 155 0 255 240 255 0 255 255 243 0 0 255 0 129 0 128 255 0 255 0
    249 0 255 0 100 255 8 255 0 255 0 255 7 164 0 102 255 255 0 0 0 255
    0 77 201 255 0 0 0 255 255 255 255 255 255 169 255 0 244 255 0 0 255
    0 255 255 0 0 255 255 96 0 255 255 255 0 255 0 255 0 0 255 210 255
    255 0 70 152 0 0 128 255 255 255 39 0 0 255 0 0 0 255 27 255 0 255 0
    255 0 0 255 255 205 0 255 0 255 0 255 255 0 255 255 0 0 0 255 255
    255 121 0 0 106 237 0 0 255 255 255 246 20 255 255 255 0 255 68 0
    119 0 255 95 0 0 255 255 255 176 35 128 255 19 0 255 0 103 255 66
    255 225 255 255 255 255 0 0 0 255 255 255 0 190 0 0 255 255 0 255 0
    255 0 255 0 255 0 0 255 255 255 0 0 31 0 0 155 255 0 255 255 0 0 0 0
    255 0 255 255 255 0 255 0 255 0 255 0 255 71 0 0 255 0 255 255 255 0
    255 255 0 0 0 255 255 255 125 255 0 0 48 255 255 255 0 242 0 255 255
    232 255 0 255 0 194 195 255 0 0 0 0 0 255 0 255 61 255 6 191 0 255
    255 0 255 0 255 0 0 0 255 0 163 40 0 0 255 168 255 0 0 0 240 255 255
    119 0 255 195 255 113 168 0 0 0 2 0 0 0 255 255 147 255 164 0 0 255
    255 0 255 255 0 255 255 255 0 255 0 255 255 255 0 47 131 255 255 0 0
    255 0 0 0 0 255 255 0 0 0 129 0 255 0 255 0 255 176 84 0 0 142 0 255
    255 0 3 255 255 0 255 0 136 0 255 0 222 255 0 255 220 0 0 0 0 255 0
    255 23 0 0 0 168 22 255 255 255 0 0 0 255 255 67 255 153 208 39 255
    255 0 255 255 255 0 255 255 255 37 0 0 0 255 0 255 0 255 0 255 0 0 0
    255 0 10 102 255 0 255 0 0 255 0 255 0 0 0 255 158 255 0 44 0 154
    255 255 255 0 18 0 255 0 255 47 255 129 0 255 0 255 0 102 255 0 0
    118 0 255 107 255 255 158 255 0 0 0 243 255 139 255 0 80 0 0 0 255
    90 255 0 255 54 255 21 0 0 255 255 0 255 255 255 255 0 255 255 0 255
    0 0 0 255 255 255 0 255 51 0 0 255 255 0 65 148 36 0 0 239 249 0 255
    36 255 225 255 0 0 255 0 255 0 0 105 255 255 165 0 0 255 0 0 255 110
    255 0 255 255 255 0 0 232 255 136 0 255 0 0 255 255 199 255 0 255 0
    255 56 0 0 0 255 251 0 255 255 255 0 23 0 255 70 255 255 255 110 0
    255 142 0 0 0 255 0 255 0 0 0 255 255 0 255 58 255 0 58 0 255 255
    250 255 0 255 0 254 0 171 249 255 255 0 0 255 0 0 255 0 255 0 126 0
    255 218 255 0 81 205 0 255 255 44 0 247 255 0 255 0 0 7 255 255 255
    0 255 0 255 0 255 255 255 0 255 255 0 0 0 255 0 255 255 255 0 0 0
    255 255 255 0 0 0 255 255 255 255 0 255 0 0 255 255 12 255 38 0 55 0
    255 153 255 0 255 0 0 0 0 255 201 255 0 131 195 0 255 0 255 0 169 73
    255 204 0 137 255 0 0 0 255 218 237 3 72 0 0 255 255 0 16 0 233 255
    64 36 0 255 255 255 119 238 255 122 0 127 0 255 255 28 0 0 185 255
    255 207 0 255 1 255 0 64 0 255 0 255 0 255 30 255 0 255 231 0 0 0
    222 0 0 29 255 255 255 255 151 0 63 0 221 0 255 0 0 255 0 255 255
    255 128 0 0 0 107 255 0 215 0 255 24 0 0 0 255 255 255 255 255 255 0
    115 0 255 0 255 0 0 208 0 255 0 255 0 255 0 0 0 255 0 203 0 255 0
    255 255 255 216 0 0 0 255 139 255 0 0 0 255 0 255 0 255 127 255 0 0
    0 255 255 255 0 9 0 255 0 255 0 255 241 255 0 255 188 0 0 0 255 255
    255 0 217 223 255 145 0 0 39 255 211 255 255 255 0 0 255 255 255 0
    179 69 205 107 0 0 255 10 255 0 255 7 255 0 0 0 255 210 255 0 0 0
    255 255 0 0 248 255 0 0 255 255 255 0 241 0 255 0 255 255 0 155 141
    0 255 255 51 255 255 0 0 255 255 0 255 0 255 0 255 255 255 45 204
    135 255 0 255 255 0 0 255 0 0 0 255 255 0 0 55 255 0 0 213 0 255 122
    255 0 59 255 111 0 0 0 64 255 255 154 255 0 255 192 255 88 255 0 255
    255 180 0 0 0 0 0 0 0 169 0 0 255 255 255 255 0 35 0 255 0 0 0 255
    255 162 255 0 255 0 255 0 0 66 0 255 255 255 75 24 121 254 0 255 0
    255 16 255 0 255 255 0 79 0 0 113 0 255 0 255 0 0 255 0 196 0 0 255
    255 255 0 0 255 253 0 255 255 255 255 122 255 88 255 255 0 0 37 255
    255 255 0 255 255 0 0 255 255 0 255 0 255 255 0 63 255 0 255 0 255
    255 0 0 0 255 255 255 0 0 0 0 122 255 255 255 255 0 0 0 255 255 255
    0 255 0 46 255 0 148 255 0 255 255 255 0 0 0 255 255 255 0 0 29 255
    255 0 0 0 255 255 255 0 224 255 255 255 255 0 0 0 0 1 61 255 0 0 0 0
    255 255 0 255 255 0 107 255 59 239 255 233 0 0 255 191 255 0 255 0
    255 0 255 255 165 255 0 0 104 255 255 0 0 0 12 255 255 0 0 255 255 0
    255 86 255 0 163 0 255 255 0 11 0 255 255 255 207 255 255 0 0 0 40 0
    0 0 0 255 255 255 255 0 255 255 255 255 0 0 255 255 238 0 0 46 15
    185 179 0 0 0 255 255 111 105 255 157 0 0 0 0 0 0 255 120 255 255 0
    133 0 255 242 255 0 0 255 255 255 0 255 0 0 0 212 255 0 0 255 0 0
    158 255 0 255 0 0 0 0 0 8 255 255 0 255 255 0 255 0 255 0 0 255 0
    255 255 0 0 0 61 0 0 255 255 0 128 0 73 255 255 255 63 0 0 0 8 0 255
    255 255 0 255 0 255 186 255 107 255 255 255 0 0 96 255 255 132 0 255
    69 255 255 86 0 0 0 0 255 255 255 255 0 255 0 0 255 0 252 94 214 59
    255 255 72 0 107 255 255 0 255 130 255 74 0 255 255 0 0 255 0 255 94
    255 0 33 0 0 255 0 255 0 255 0 255 186 0 255 0 119 0 0 255 0 74 0
    255 0 0 255 0 255 0 0 0 255 255 255 255 255 0 255 255 135 0 0 0 255
    255 255 0 0 0 218 0 255 202 255 0 255 0 0 105 255 0 0 255 255 158
    106 255 255 255 255 191 0 255 0 16 255 38 0 0 216 255 0 255 0 255
    108 255 0 255 0 255 0 0 0 0 0 0 255 236 0 0 111 255 0 0 0 255 255
    255 58 255 0 255 255 255 255 0 255 0 255 0 97 255 255 255 0 255 81 0
    255 146 255 255 0 0 0 226 255 255 255 0 0 255 0 0 0 255 0 162 0 255
    0 255 255 0 0 149 255 255 0 255 0 212 69 0 255 0 0 255 255 255 255 0
    255 0 255 0 255 255 0 0 0 0 0 226 255 0 0 0 255 255 255 0 153 0 24
    255 255 58 0 255 255 255 255 0 0 0 255 0 85 0 0 255 0 216 0 255 0
    255 0 255 120 255 0 255 255 0 34 0 255 135 171 255 255 0 0 255 255
    255 0 0 155 255 0 255 203 255 254 0 255 255 255 0 85 0 239 0 255 255
    244 0 107 146 144 0 255 255 241 3 255 207 255 255 0 255 0 0 242 57
    255 0 255 109 252 255 0 0 48 0 0 0 241 0 255 255 78 0 255 0 255 0 0
    255 0 0 0 0 0 63 255 31 255 255 0 0 255 0 255 16 255 255 255 0 255
    255 255 0 0 0 0 112 255 70 0 255 255 255 199 0 255 255 183 0 255 0
    255 0 0 0 0 31 184 239 255 255 255 255 0 255 63 0 255 255 255 0 0 0
    255 255 26 0 0 255 28 255 0 21 0 0 255 0 255 255 255 83 255 0 0 255
    101 255 72 0 255 255 255 0 0 0 255 181 0 255 255 255 0 255 255 25
    239 0 255 255 0 0 255 255 255 0 0 0 205 255 255 0 0 0 0 255 0 255
    255 255 0 0 255 0 84 0 255 0 255 0 0 255 194 14 255 255 0 0 95 0 255
    104 255 0 0 0 0 0 9 255 255 6 0 0 255 255 0 255 176 255 255 255 0
    104 0 255 255 0 183 255 167 255 0 255 0 1 0 255 255 6 0 90 255 253 0
    255 137 255 0 255 0 255 255 0 0 0 255 0 255 0 255 0 0 0 255 255 0
    255 0 255 0 255 255 255 136 0 60 255 0 255 142 255 0 0 255 0 78 0
    194 255 0 120 0 255 0 255 255 0 255 0 0 236 255 57 255 255 255 0 0 0
    92 0 154 255 255 0 255 0 255 0 41 0 255 0 0 255 31 0 0 205 0 255 214
    0 0 162 212 80 0 255 255 90 0 239 0 255 0 0 0 75 255 255 40 0 0 27
    255 255 0 69 66 64 0 139 255 9 104 0 255 92 255 255 210 0 0 255 67
    90 0 255 0 255 0 227 255 0 0 0 9 255 0 255 255 255 0 113 0 255 0 255
    255 0 255 255 255 0 0 0 255 255 255 255 255 255 255 0 255 0 255 92 0
    255 0 255 0 0 39 0 0 255 255 255 255 255 51 0 0 255 255 0 255 0 187
    0 255 255 255 0 0 255 255 255 0 255 255 224 0 0 0 255 0 0 0 255 255
    0 255 0 255 0 0 0 0 255 0 255 255 0 255 0 255 0 0 255 0 255 255 255
    0 255 255 255 0 0 0 0 255 255 255 0 5 40 0 0 162 255 0 0 0 255 255 0
    0 255 0 33 255 255 255 255 0 0 139 98 209 255 255 0 0 0 0 255 243 0
    255 0 255 0 255 0 255 255 0 0 0 255 0 255 0 0 0 255 141 0 255 255
    255 0 144 0 209 98 0 0 255 38 255 113 255 86 0 0 0 0 114 6 255 62
    255 91 255 87 0 220 255 255 0 0 79 0 0 255 128 255 255 0 255 0 255
    56 255 0 255 0 0 1 0 255 0 255 0 255 0 255 0 255 0 0 0 255 0 255 0 0
    255 9 255 255 0 87 0 255 0 255 0 255 0 29 0 0 255 0 0 255 255 255 0
    0 255 0 0 0 237 158 0 255 255 255 255 0 0 0 255 255 255 0 255 0 0
    255 255 255 0 255 255 0 0 0 249 0 39 0 255 255 255 0 0 0 0 255 0 244
    0 0 255 133 255 255 19 255 0 137 37 0 0 0 255 255 0 255 255 255 0 0
    0 255 0 255 0 255 0 162 0 0 255 255 255 0 0 0 0 131 255 255 0 92 255
    255 255 255 0 255 0 0 0 6 255 255 0 0 255 255 0 0 48 255 0 255 55 0
    254 0 0 96 255 0 0 255 255 255 255 0 0 201 255 120 124 0 0 255 255
    255 0 0 255 0 255 0 255 0 0 0 255 255 129 255 118 33 0 71 255 255
    255 0 0 78 255 255 0 255 255 255 0 255 255 255 231 0 255 255 255 16
    255 0 133 0 0 255 0 255 0 255 0 0 0 0 255 255 0 0 255 243 255 0 0
    182 0 255 255 0 0 93 255 255 0 0 255 255 0 255 0 0 255 0 255 0 255
    255 0 255 0 0 0 0 18 139 0 0 255 255 0 246 0 255 0 255 115 255 255
    255 0 0 0 255 119 255 114 102 0 255 255 215 162 0 0 0 17 255 255 0 0
    15 0 3 255 201 0 220 73 255 255 0 255 141 255 216 0 255 255 255 0 0
    41 255 255 255 0 0 0 255 0 255 0 87 0 255 0 255 0 0 0 255 255 255
    255 207 255 255 255 255 0 255 0 0 154 255 0 0 255 255 255 143 255 0
    89 255 255 0 249 255 0 197 0 117 0 0 0 0 0 0 244 177 26 255 0 255 0
    255 71 0 0 25 255 255 255 7 0 0 90 0 255 255 255 240 0 255 255 0 34
    47 0 171 222 0 255 189 0 208 0 255 255 0 0 255 255 200 0 0 219 0 0
    255 0 0 255 0 0 0 206 255 255 255 0 255 255 255 0 0 238 255 255 255
    190 0 0 0 0 245 250 0 230 0 255 65 255 214 255 255 255 0 228 229 255
    255 0 255 0 255 42 184 67 3 0 255 255 255 0 133 169 0 0 255 0 0 255
    255 255 255 16 0 0 255 255 0 55 0 255 15 0 0 255 255 255 0 0 0 131 0
    0 237 255 255 0 0 0 255 10 25 0 255 0 255 255 83 0 255 193 255 0 0
    50 255 0 255 255 255 255 0 0 0 0 109 0 233 255 255 0 0 0 242 0 255 0
    255 255 0 0 6 0 255 0 255 0 0 0 0 63 0 255 0 255 0 0 255 255 255 255
    0 0 95 255 0 255 255 255 0 0 88 0 233 0 255 0 255 0 0 85 0 255 0 255
    0 0 0 255 255 255 255 134 255 0 0 255 255 255 0 0 0 255 255 0 0 255
    255 0 255 0 255 255 255 255 0 255 0 224 0 255 0 0 255 0 0 0 255 255
    255 0 255 88 0 0 40 204 172 255 255 255 0 0 255 255 0 255 0 255 255
    255 138 0 255 255 255 0 0 255 255 0 0 170 0 79 255 255 255 0 77 0
    255 255 254 0 123 184 255 0 0 0 235 255 42 255 255 114 255 255 255
    134 0 255 30 255 255 0 0 0 255 255 0 145 255 255 0 0 255 0 0 0 255 0
    0 88 0 255 0 255 73 212 255 0 255 0 255 0 75 0 255 255 185 0 71 0
    255 255 255 77 255 255 0 0 0 0 243 0 255 255 205 222 195 255 163 0
    174 0 255 0 0 0 0 27 0 255 255 255 0 255 0 255 255 0 0 255 9 255 0
    255 113 0 255 0 255 0 0 255 255 0 0 0 255 121 255 0 68 206 237 0 0 0
    2 255 255 255 0 0 0 0 255 0 255 0 208 0 75 0 255 255 255 255 0 187 0
    255 255 100 0 0 0 255 0 255 255 255 255 57 70 255 0 255 0 0 255 255
    0 0 0 255 255 255 255 0 122 0 255 0 255 255 255 0 0 0 255 0 0 255 0
    231 151 0 0 156 36 255 255 255 0 255 255 79 251 244 0 255 0 255 0
    255 255 117 255 0 148 255 0 0 0 255 0 0 92 0 255 65 255 255 255 0
    156 10 83 0 191 221 255 195 0 120 255 255 255 255 0 0 159 255 255 0
    0 0 255 0 0 0 0 255 255 255 192 0 236 255 0 0 255 255 0 167 255 0 0
    255 0 0 255 0 0 255 255 255 0 255 255 255 56 0 0 112 0 255 160 190
    255 0 255 145 255 0 0 0 255 255 0 0 0 0 255 0 255 0 0 0 142 255 49 0
    92 255 255 0 0 255 34 255 0 255 0 207 24 0 102 255 19 255 77 255 168
    0 0 42 112 255 255 255 199 0 0 255 255 255 0 0 227 0 0 255 255 255 0
    255 255 255 0 0 255 255 140 0 255 0 0 0 0 0 19 255 0 0 0 255 116 255
    253 0 219 0 255 0 255 206 0 0 0 255 7 255 255 0 0 0 255 255 0 0 136
    255 255 0 209 0 0 255 0 255 0 0 0 0 255 0 255 212 255 0 255 0 189
    169 255 5 27 255 255 255 0 255 255 255 255 255 151 0 0 0 0 172 255 0
    0 0 255 0 0 225 0 255 0 0 0 255 255 255 0 0 0 255 0 255 255 255 0
    255 0 255 0 112 0 219 255 0 0 0 0 255 59 255 255 255 162 195 0 0 0
    255 255 255 0 255 255 255 0 0 255 133 255 0 255 0 255 0 255 0 0 0
    255 149 206 0 0 255 255 40 255 143 152 0 64 0 18 0 36 0 251 255 255
    0 255 255 255 255 255 0 7 0 0 255 143 255 0 255 255 255 230 0 255 0
    0 0 0 255 163 255 255 0 0 220 151 0 110 0 255 255 255 255 0 16 255 0
    255 255 255 255 0 255 0 255 255 255 255 40 0 113 0 0 255 0 0 255 255
    255 0 0 0 255 57 0 78 0 92 255 255 255 255 0 255 0 0 170 255 0 145
    142 203 255 230 0 255 0 0 0 0 255 255 255 255 0 244 0 255 5 255 255
    255 255 214 0 0 0 0 0 191 0 255 255 0 0 0 255 255 194 255 255 255
    255 0 0 41 96 0 65 255 255 255 255 255 88 0 255 0 209 255 0 255 0
    255 255 255 0 244 255 0 0 0 0 255 255 0 0 250 255 255 119 0 255 255
    0 64 0 255 0 0 255 255 255 0 25 0 255 0 255 255 255 0 64 255 0 255 0
    255 0 0 255 255 255 255 0 0 0 0 255 0 255 0 131 255 0 255 0 0 255
    255 255 0 255 0 255 0 0 0 68 3 255 0 196 255 169 255 174 255 0 0 0
    104 255 0 0 0 0 255 255 255 255 0 0 0 255 0 255 176 255 0 0 0 255
    147 255 255 255 0 153 0 33 255 0 243 0 255 127 251 255 0 255 0 255 0
    255 0 190 157 137 255 255 255 0 0 0 202 0 220 100 255 255 0 0 0 0
    183 0 0 255 255 248 0 93 225 255 255 255 255 0 205 0 206 0 0 0 48 0
    0 0 255 0 60 255 255 121 255 0 0 0 103 255 248 252 255 255 180 0 84
    208 0 0 255 255 255 255 234 0 0 0 255 255 168 255 84 53 0 255 120
    255 255 255 0 97 1 255 255 143 255 124 0 0 174 139 104 0 82 0 255
    255 0 0 0 0 0 255 0 0 195 255 0 0 0 0 255 0 197 255 94 0 0 0 255 52
    255 0 212 255 0 255 0 182 0 255 249 0 0 0 255 110 92 0 255 11 255 0
    255 0 0 0 181 255 72 0 255 255 255 0 100 0 255 0 255 255 255 0 58 0
    0 255 255 0 0 16 255 101 0 0 255 255 255 255 38 155 0 255 0 0 27 0
    174 255 255 255 0 0 0 188 255 255 255 255 0 255 193 0 0 9 79 33 255
    255 78 0 0 255 136 255 0 255 0 0 255 56 255 0 255 0 255 56 0 67 28
    250 0 0 255 255 255 0 0 0 255 255 0 96 255 255 0 0 255 255 255 0 11
    255 0 255 238 0 255 0 255 0 0 255 131 202 255 209 255 0 0 255 255
    255 0 164 255 255 0 2 0 247 252 0 0 255 0 0 0 0 0 255 255 255 0 0
    255 0 17 255 255 0 255 0 255 0 0 255 0 85 162 0 255 255 0 0 255 255
    0 255 0 0 255 25 0 253 255 149 0 255 255 255 0 20 0 0 0 0 255 255
    239 0 0 255 255 255 0 0 255 250 0 0 55 255 255 249 255 0 8 0 0 0 255
    255 198 255 255 255 0 255 0 255 48 255 0 0 101 169 0 0 255 0 0 0 255
    0 255 255 255 0 0 0 255 255 255 80 255 0 255 0 255 0 255 216 255 0
    255 255 255 255 0 194 130 255 255 0 0 0 255 137 255 255 255 255 0 0
    255 0 164 175 222 255 0 45 0 0 255 255 255 0 0 0 2 0 138 0 0 0 255
    255 0 0 0 255 0 255 255 255 255 0 222 0 0 227 0 0 0 255 0 255 255
    255 255 0 0 255 0 255 0 0 255 255 83 0 0 0 169 131 255 255 72 255 0
    255 0 255 129 255 0 255 0 237 0 96 255 0 255 112 204 0 187 200 140
    255 255 255 255 0 255 0 255 0 0 255 255 0 0 255 0 255 255 0 0 0 255
    255 255 255 0 255 165 255 41 42 0 27 78 0 255 0 255 94 255 255 0 0 0
    255 0 255 0 255 255 0 0 0 255 255 255 255 0 238 202 255 0 255 64 255
    255 0 0 0 0 244 255 0 255 0 0 0 194 0 143 255 255 255 0 227 0 0 0
    255 255 0 0 0 0 0 255 242 255 255 0 0 255 255 0 255 255 106 0 0 255
    0 192 0 58 0 108 255 0 0 0 255 255 0 251 0 255 0 0 0 0 255 255 255 0
    255 0 255 0 255 0 255 0 255 0 0 255 255 1 0 0 56 118 102 220 0 255 0
    0 24 255 0 0 0 255 255 255 0 40 255 111 103 46 0 0 255 255 255 255 0
    0 0 252 0 187 70 255 0 23 0 89 0 0 0 166 255 255 230 0 0 0 129 32
    255 255 255 0 255 0 255 120 147 65 76 255 0 223 0 255 221 255 255 0
    0 255 103 255 74 0 0 194 0 0 0 155 255 0 0 255 255 0 123 0 255 255
    70 0 202 255 255 255 0 0 255 0 190 0 255 255 255 255 255 0 0 0 0 255
    0 0 0 187 0 255 0 255 127 0 255 206 0 47 92 0 255 0 0 0 255 255 255
    0 0 255 255 255 0 255 0 1 255 244 255 0 52 0 255 255 255 0 0 0 0 255
    0 238 255 0 255 0 255 0 23 0 0 255 255 0 11 128 255 104 0 225 252 0
    0 0 0 255 0 255 0 247 0 155 255 255 255 255 255 0 219 0 255 0 123
    255 140 0 0 234 255 16 163 121 174 255 0 255 35 0 0 32 94 0 88 0 255
    255 255 73 0 255 0 0 0 255 255 255 0 142 0 0 255 61 154 255 182 241
    115 0 255 0 255 0 90 0 255 0 0 0 188 0 54 0 187 255 255 0 0 255 255
    156 50 255 255 255 0 0 0 57 255 255 255 97 255 0 255 0 255 255 55 0
    255 255 25 0 0 255 0 196 0 0 0 255 0 128 0 14 255 255 26 255 0 0 84
    255 255 0 0 255 18 6 255 0 66 255 143 0 255 0 255 0 0 255 255 255
    255 0 235 41 0 16 255 255 138 183 0 0 0 0 255 32 111 255 0 152 255 0
    92 0 0 0 37 255 255 0 245 255 0 0 246 255 255 0 0 255 29 255 0 255 0
    0 247 255 36 0 0 79 255 255 0 255 255 200 11 255 255 0 0 100 0 0 255
    194 255 0 255 0 0 0 97 121 245 255 0 0 0 51 0 0 255 255 0 255 255 74
    255 0 255 255 0 255 255 146 0 164 255 255 28 0 0 0 0 41 0 255 0 255
    202 255 0 255 0 0 0 255 255 255 0 255 0 0 0 0 92 255 255 0 0 0 118
    255 255 255 0 93 0 78 255 255 0 0 60 255 73 0 255 0 193 0 255 255 94
    255 0 255 255 255 255 255 0 0 0 255 255 0 0 255 255 0 0 0 0 255 255
    255 51 0 0 0 255 255 0 255 163 255 0 255 19 0 255 0 255 196 0 255 0
    255 255 255 0 255 255 146 255 0 32 197 255 0 109 255 142 255 0 255 0
    255 0 0 0 172 0 255 0 0 0 53 0 255 255 18 0 255 0 0 94 0 255 255 255
    242 0 255 0 255 0 0 0 31 0 255 255 255 255 0 0 0 0 156 0 93 255 255
    255 255 0 0 71 71 206 0 255 0 255 0 0 0 0 0 191 0 255 0 44 0 255 255
    255 0 255 0 255 0 0 0 255 255 0 0 0 255 0 255 255 255 94 244 171 255
    0 255 0 25 151 0 0 255 211 242 0 65 255 255 0 204 0 255 255 255 255
    0 255 255 0 85 0 0 0 255 249 0 0 0 255 255 255 255 95 0 255 255 255
    188 0 69 94 255 0 255 255 255 0 255 255 190 0 255 0 255 74 255 111 0
    0 0 255 0 0 0 0 255 0 0 0 255 255 255 0 159 255 0 255 0 255 255 255
    255 185 0 29 255 58 0 255 218 255 255 0 0 255 224 255 255 0 255 32 0
    255 72 62 0 0 96 0 0 255 182 255 0 154 0 255 0 255 245 255 0 255 255
    253 167 0 0 255 255 255 0 0 1 255 255 0 255 0 11 0 255 255 255 0 0
    163 255 255 0 40 0 255 255 255 255 255 0 128 231 255 59 255 0 255
    255 255 0 239 255 0 0 255 229 124 255 252 0 0 0 255 0 255 0 255 0 0
    0 0 255 0 255 255 255 255 255 0 0 255 99 255 255 0 255 0 0 0 255 255
    255 220 0 0 255 0 255 255 255 73 0 255 0 255 0 255 0 188 196 255 0
    255 255 255 0 255 255 0 0 0 239 98 0 255 255 0 0 0 255 0 0 255 255
    224 0 0 0 255 206 255 122 222 255 255 255 0 255 0 139 0 255 0 255
    255 255 255 0 0 0 115 0 0 255 0 255 160 83 0 255 144 255 255 0 255 0
    155 254 255 255 255 255 240 255 0 10 0 255 0 0 38 255 196 255 255 0
    0 0 255 0 83 0 255 255 0 0 0 0 255 255 255 105 0 0 255 255 255 255
    255 0 255 228 250 0 255 179 255 255 0 255 0 255 255 255 255 255 2 0
    0 0 255 0 0 0 60 255 255 255 0 0 0 255 0 255 255 255 0 255 255 255 0
    255 255 255 0 255 0 133 0 255 255 0 0 66 0 0 0 255 0 255 0 254 0 0
    255 255 0 0 0 255 0 113 242 253 255 255 255 0 170 255 255 206 0 0
    255 255 255 255 0 0 121 255 255 0 207 255 0 0 0 119 255 90 126 255
    209 0 255 0 0 0 255 255 255 0 0 0 255 9 255 0 255 255 255 0 0 0 255
    255 255 0 40 0 255 255 0 0 0 0 255 0 0 0 255 255 40 57 255 255 0 0 0
    0 255 0 0 255 0 27 255 79 0 0 0 255 0 214 65 0 255 255 0 255 0 255 0
    255 0 255 0 255 0 0 255 129 255 0 0 0 255 0 255 255 241 0 140 255
    255 216 0 255 0 255 0 108 0 159 163 0 228 255 136 0 0 255 255 255
    255 0 255 7 0 0 0 255 0 0 0 170 142 255 255 0 0 0 255 0 0 0 255 0
    255 106 51 255 0 0 0 0 255 0 0 0 0 0 255 0 255 255 255 255 255 255
    194 255 0 255 0 0 0 184 76 255 0 255 255 255 255 0 0 0 255 10 123 0
    186 0 255 0 255 208 255 0 255 169 255 97 255 0 255 58 255 0 0 251
    255 255 255 0 255 255 255 0 0 0 255 255 7 255 0 65 0 60 0 255 0 255
    0 0 0 0 0 177 255 255 255 255 255 0 255 0 178 154 0 255 0 255 0 0 0
    255 0 55 0 0 0 0 255 255 255 37 255 50 255 0 255 0 255 0 194 233 255
    0 196 0 222 0 123 0 255 212 0 0 186 255 95 255 255 255 37 0 139 255
    61 137 255 0 82 0 255 0 255 0 255 255 0 255 43 255 255 255 0 0 40 92
    195 0 255 255 0 0 0 255 255 255 0 255 255 255 255 255 255 255 0 0
    254 255 255 0 0 65 56 0 255 78 34 0 0 0 255 255 255 255 255 255 0
    255 0 0 0 209 255 0 0 255 255 0 255 0 0 0 255 255 255 0 0 255 255
    255 0 23 255 0 255 0 0 0 255 229 255 0 255 0 255 0 0 0 255 255 255 0
    255 255 182 0 92 0 255 255 0 0 236 255 255 0 255 0 0 0 22 255 0 0 0
    0 240 0 0 0 255 255 64 12 0 255 255 255 255 0 193 130 255 255 255 0
    211 255 255 255 0 150 0 255 167 255 255 0 255 0 0 0 255 0 255 0 0
    255 0 255 255 255 102 212 0 0 43 255 0 255 0 255 59 0 220 25 39 96 0
    0 0 59 255 122 0 255 0 0 0 7 0 82 176 255 41 255 255 103 0 255 0 255
    146 255 0 0 255 255 255 0 255 0 255 0 46 22 219 0 0 0 255 73 0 0 81
    8 0 255 209 255 0 0 0 176 193 0 0 0 77 0 221 255 0 255 0 255 0 255
    255 0 6 0 161 255 255 0 255 30 255 0 189 0 197 90 0 0 255 255 255 0
    164 63 0 255 0 0 180 255 176 0 0 0 0 71 0 255 0 255 0 0 0 255 255
    255 255 105 141 70 255 255 255 0 255 0 242 0 223 255 207 0 199 9 0 0
    255 255 0 0 5 174 0 0 242 255 255 255 255 255 0 0 0 116 0 188 255
    255 255 255 0 237 0 255 255 255 215 255 255 82 0 255 198 255 97 0 0
    0 255 0 255 0 255 238 255 157 255 255 0 0 0 0 255 31 255 179 0 45
    255 0 201 3 255 255 0 0 0 255 0 255 0 0 0 255 255 100 0 0 213 255
    255 0 181 0 0 0 159 7 51 255 249 255 0 255 0 255 0 255 57 0 255 255
    0 0 0 255 255 255 255 255 255 0 175 255 255 0 0 0 255 255 254 0 109
    148 0 160 0 73 255 161 111 255 255 0 0 255 0 255 0 255 0 0 0 75 255
    0 53 255 0 255 0 255 70 152 0 0 255 0 0 19 255 255 0 123 0 0 141 255
    255 0 255 255 255 255 255 0 255 0 255 83 255 0 0 76 0 172 0 255 0 0
    0 0 255 233 255 0 255 0 255 110 255 0 255 255 0 194 223 0 0 255 105
    52 255 0 255 0 255 250 0 0 255 255 255 0 0 0 255 255 255 0 175 255
    255 0 0 255 0 76 0 255 255 212 255 0 255 0 255 255 255 255 100 0 107
    0 255 179 0 0 0 255 255 163 0 255 141 255 255 255 255 0 119 67 255
    110 255 102 255 255 230 255 0 255 0 255 255 255 255 255 0 0 0 255
    255 255 0 77 0 255 255 255 0 0 0 255 118 0 255 170 255 255 0 0 255
    255 255 0 255 0 255 255 239 0 163 255 0 82 255 255 158 248 66 255 0
    255 208 0 116 0 73 255 0 0 0 179 44 245 255 0 91 49 119 0 255 255
    255 255 0 255 0 0 0 0 255 255 0 255 255 0 0 0 255 255 255 255 0 255
    0 0 0 255 0 0 255 255 255 0 255 52 235 255 47 0 255 255 255 255 255
    71 0 0 0 0 0 0 0 255 0 255 0 255 230 255 0 255 0 255 0 255 199 255 0
    0 255 255 251 0 0 255 0 255 0 255 81 0 255 0 255 255 42 255 255 255
    0 200 0 255 87 0 60 255 255 255 219 0 0 0 255 255 0 0 255 255 255 0
    0 0 255 0 255 0 0 255 0 255 255 255 255 245 108 157 255 0 255 0 255
    72 172 255 0 173 0 255 0 0 0 240 255 255 189 136 0 255 0 96 0 0 42
    255 0 109 255 0 101 255 255 255 0 52 0 255 0 203 0 9 0 255 255 0 0
    255 0 0 0 200 255 255 255 0 0 0 255 255 99 22 251 123 255 255 255 0
    255 0 0 0 164 255 255 255 255 0 255 0 255 255 255 255 199 112 34 255
    0 255 182 255 0 0 0 255 255 222 0 255 92 255 255 182 0 255 14 0 0 0
    255 252 255 0 0 118 255 255 255 0 0 255 255 104 0 0 0 255 255 255 0
    0 255 255 0 255 0 0 0 68 255 255 255 0 0 255 0 0 187 0 255 255 255 0
    255 255 196 0 255 0 43 36 103 0 255 0 255 0 255 0 206 0 29 255 198 0
    0 104 0 5 255 255 255 141 255 0 255 0 255 255 255 108 0 255 255 255
    227 255 0 211 255 255 72 255 255 255 0 0 255 255 75 0 0 2 36 0 0 255
    255 255 0 255 0 0 0 255 151 0 0 255 255 255 255 255 0 0 0 0 26 255
    255 0 255 0 0 0 148 255 255 255 255 255 0 0 255 0 229 108 255 0 0
    109 0 0 255 255 255 0 0 255 0 255 199 255 0 0 0 0 255 132 255 0 0 0
    0 255 255 255 0 16 0 174 138 0 255 0 0 0 0 255 255 255 0 0 91 0 255
    0 255 0 0 0 0 0 229 255 255 0 0 0 255 255 255 255 0 0 215 255 236 0
    255 255 145 0 42 255 255 255 0 255 0 0 255 117 255 255 0 0 0 0 194
    255 0 117 255 0 62 255 255 255 0 255 0 255 0 0 243 255 255 0 255 0 0
    162 255 255 0 0 255 0 255 0 255 0 0 255 0 0 255 255 255 0 0 0 0 0 0
    255 160 191 93 255 224 255 255 255 111 49 227 200 255 129 255 255 0
    185 0 0 61 255 255 0 255 0 255 0 244 255 0 0 222 255 166 0 255 0 255
    0 0 0 255 255 31 151 0 255 255 0 180 0 255 247 255 255 194 255 0 190
    0 255 0 0 0 17 255 81 255 42 0 229 0 255 0 0 73 255 255 120 14 255
    44 0 0 41 255 255 0 255 0 0 0 138 0 255 255 0 0 0 150 255 255 0 0
    201 255 255 10 0 0 0 255 255 21 0 255 0 28 255 255 255 0 1 255 0 248
    166 255 0 0 47 0 255 255 255 255 196 0 0 0 0 84 0 255 255 255 0 0 0
    0 255 255 0 255 255 255 255 255 0 0 106 255 255 255 244 255 0 0 0
    255 255 151 255 234 111 0 0 255 255 255 0 255 0 255 0 0 0 255 255 0
    0 255 255 0 0 255 255 255 29 0 0 194 255 0 0 202 255 255 20 0 0 0
    255 0 114 255 255 0 0 255 255 0 0 0 255 151 0 255 208 255 0 255 0 0
    0 231 0 255 0 0 0 255 0 0 101 255 255 0 255 0 255 0 255 0 0 255 255
    255 0 0 142 36 255 255 255 251 0 0 0 146 0 255 0 0 0 0 0 255 255 0 0
    53 0 204 0 255 32 216 255 255 161 255 19 255 0 255 204 0 255 255 228
    0 185 164 0 255 255 0 255 53 255 0 255 202 255 255 255 77 115 255 81
    0 255 51 0 52 255 0 0 255 0 0 255 255 255 255 0 0 0 0 255 0 0 255
    255 255 0 0 0 255 255 255 160 6 255 0 0 255 0 71 0 255 0 0 155 193 0
    0 0 79 255 115 255 200 0 0 0 255 255 255 255 0 101 0 0 0 0 255 0 224
    230 0 35 255 76 0 0 0 255 5 97 0 0 141 255 0 255 255 255 255 200 255
    0 0 0 255 165 255 186 56 116 255 0 0 0 50 207 214 255 255 255 0 0 0
    22 25 255 210 0 166 0 159 0 0 0 0 255 79 255 255 35 255 255 0 0 0 0
    255 46 255 0 255 0 0 0 125 255 0 150 90 0 0 255 255 0 0 214 255 255
    0 255 119 0 0 0 0 255 255 0 255 0 255 255 255 255 255 0 132 0 0 255
    0 255 0 18 255 255 255 0 0 80 255 255 0 0 0 255 0 160 0 92 255 255
    178 255 255 255 0 255 0 0 0 255 0 255 0 0 0 255 255 255 0 65 0 255
    255 209 255 255 0 51 0 255 0 0 0 255 0 0 0 0 235 255 255 0 0 0 0 255
    0 255 0 255 0 114 255 0 255 0 255 0 0 0 255 0 0 0 255 172 255 0 255
    0 16 255 16 0 255 0 255 0 255 255 255 30 0 255 169 242 255 0 255 255
    255 0 255 0 255 105 255 0 255 255 0 255 255 255 0 0 255 255 0 255 0
    255 122 0 0 255 255 185 174 255 255 0 255 255 46 0 0 255 180 59 255
    0 22 0 0 255 255 255 0 255 0 0 0 255 255 255 215 0 255 0 10 255 246
    255 255 0 131 0 255 0 0 0 0 0 239 0 0 0 255 255 255 0 0 0 0 153 0
    200 180 255 0 255 0 0 0 59 0 0 0 255 0 255 70 255 190 213 255 0 255
    255 5 100 98 255 0 0 213 255 255 0 255 255 0 0 0 255 255 255 255 255
    228 255 108 255 0 0 0 131 11 255 255 0 255 0 139 0 255 0 255 0 0 0
    232 0 0 255 0 0 0 255 255 0 60 0 0 192 0 255 0 255 255 0 255 65 255
    0 0 0 37 183 18 0 120 10 0 251 0 20 0 255 255 255 0 67 164 255 255
    97 255 14 254 0 230 255 255 0 255 255 128 0 0 99 255 255 153 0 255
    68 0 0 0 255 0 255 255 115 0 0 47 194 0 0 107 0 255 0 255 255 150 0
    135 255 255 255 199 0 0 0 255 255 255 0 148 255 255 255 0 0 171 255
    255 0 0 0 255 0 0 169 255 255 139 251 242 174 0 0 255 111 255 255
    190 0 94 255 203 0 255 0 255 0 186 0 255 0 255 255 3 255 61 150 0 0
    255 25 255 0 255 5 255 0 255 255 255 0 255 102 101 255 119 255 0 131
    255 255 94 0 255 11 255 207 0 255 255 255 0 0 255 255 18 0 0 112 0
    255 255 255 0 0 232 0 156 255 255 245 255 0 122 0 255 255 255 0 0
    255 255 255 255 0 0 0 7 255 0 255 0 75 141 255 0 0 0 255 0 90 0 230
    0 255 255 0 255 0 0 255 255 174 0 0 100 255 255 0 0 255 0 0 76 0 0
    255 0 0 0 255 255 255 0 255 0 255 97 255 0 255 185 255 0 255 255 55
    0 255 225 215 255 255 0 0 0 116 255 255 255 0 0 255 0 255 0 0 255
    255 255 212 0 157 141 155 0 255 255 40 255 0 255 0 255 0 0 239 0 255
    92 255 0 0 146 60 57 255 100 0 42 255 255 0 255 0 0 255 255 255 46
    36 0 0 0 0 78 255 255 255 162 255 0 0 70 0 0 255 255 255 0 255 0 255
    0 255 0 255 255 255 0 255 0 255 0 255 0 255 255 255 0 0 0 255 0 0
    255 255 255 255 11 255 51 0 0 255 0 255 255 255 32 0 116 0 255 0 255
    0 149 255 0 226 157 255 0 255 0 255 0 0 69 255 255 255 255 173 255
    236 0 0 104 255 0 255 100 143 222 134 255 44 128 38 0 0 255 0 255 81
    255 255 0 0 0 255 0 70 255 255 255 73 255 126 255 255 0 71 255 0 255
    166 255 0 255 0 255 0 3 151 255 255 0 0 209 0 8 255 255 0 255 0 255
    255 0 255 0 255 250 0 0 0 145 0 255 255 255 255 0 0 0 74 0 255 255
    236 196 0 0 255 255 0 0 35 80 0 25 0 255 0 0 0 255 33 255 255 255 0
    112 0 255 255 255 255 0 255 255 255 0 255 0 163 0 255 255 85 0 0 196
    255 255 255 255 0 0 32 0 66 0 72 255 255 255 0 255 255 255 0 220 101
    0 255 0 255 255 255 255 233 0 255 255 255 0 0 68 0 255 255 255 0 227
    0 0 255 39 255 48 77 0 80 233 136 255 255 0 0 0 255 255 255 0 255 48
    0 255 55 0 255 255 255 0 0 85 255 0 122 0 0 255 0 0 0 255 0 0 0 0 26
    255 255 0 0 65 255 0 255 0 0 228 255 255 255 255 0 0 74 255 0 0 0
    255 255 202 255 0 255 0 255 0 0 0 0 179 0 255 255 248 255 255 255 0
    102 0 255 69 255 0 0 255 255 255 0 0 0 255 255 0 0 0 255 0 17 65 0 0
    255 255 255 0 163 161 255 255 255 0 95 255 0 0 99 255 247 0 0 0 255
    44 24 0 0 0 0 255 101 0 219 0 240 0 255 255 0 0 0 179 0 255 0 0 35 0
    200 123 255 255 169 255 0 255 28 0 0 255 255 255 255 41 0 0 255 255
    255 255 0 255 0 0 0 35 255 0 255 255 13 255 255 255 255 255 0 0 0
    255 0 255 255 255 39 65 0 255 0 0 255 255 0 0 255 255 255 0 32 222
    255 255 0 255 0 233 0 255 255 255 194 255 0 173 28 255 86 139 255
    255 255 4 0 213 255 101 255 0 255 187 145 255 255 31 0 0 106 0 255 0
    255 0 255 0 0 255 255 0 0 255 0 0 0 255 215 0 255 255 255 0 255 145
    0 0 86 251 0 117 0 255 0 0 0 255 0 0 0 255 255 255 0 0 0 255 255 255
    211 0 0 255 0 25 0 0 0 0 255 0 255 0 255 0 255 0 255 167 0 0 0 0 255
    255 255 124 0 0 0 248 189 255 161 0 0 18 255 255 255 0 0 0 255 255
    171 255 0 0 0 255 255 255 0 255 0 0 0 194 0 0 0 193 255 0 255 0 0 0
    255 255 255 0 0 0 0 0 101 255 255 188 0 255 255 255 0 255 255 255
    255 0 0 121 0 0 0 255 255 0 0 255 255 0 0 255 0 255 250 0 255 255 26
    0 175 0 255 255 255 245 255 255 0 255 92 255 0 112 0 255 0 255 228 0
    255 255 0 0 12 0 255 72 255 0 0 0 2 0 0 0 235 0 255 255 255 255 0
    255 80 0 0 0 0 47 0 43 29 255 5 0 255 255 0 240 255 200 0 223 255
    255 255 255 0 255 255 0 0 213 0 0 247 0 255 255 255 0 0 255 0 0 0 0
    255 255 255 255 255 255 29 0 114 255 255 255 151 0 0 0 242 255 0 255
    0 255 37 255 0 255 52 255 0 255 255 53 0 0 255 255 0 0 255 255 0 255
    38 0 255 0 255 255 177 0 255 0 255 0 0 0 0 0 77 0 255 255 255 92 0
    255 105 255 255 255 255 245 0 0 60 255 241 49 0 0 255 255 255 0 0 0
    255 255 223 255 0 0 0 255 255 169 255 0 255 0 255 255 255 0 0 217
    255 255 0 0 255 255 149 0 255 255 255 0 0 0 0 255 0 255 255 0 255 0
    68 0 0 255 255 255 0 255 255 0 0 0 255 255 255 255 0 255 255 0 0 93
    255 255 0 255 33 0 0 0 255 255 62 0 0 103 0 255 255 200 0 63 0 0 29
    255 0 255 0 255 255 255 0 0 255 0 255 0 255 0 255 0 255 255 255 255
    0 0 169 255 0 0 0 255 21 255 255 168 0 0 0 129 0 1 191 255 0 255 0
    255 25 255 0 255 255 255 255 255 0 0 255 255 0 0 0 42 255 255 0 0 0
    255 117 0 39 255 255 255 0 0 0 255 255 242 255 0 0 255 255 0 87 138
    148 151 0 0 0 255 0 255 239 255 37 255 0 146 255 255 156 0 0 136 255
    62 15 0 0 59 165 255 255 255 0 0 0 255 255 255 255 0 0 0 35 255 255
    255 255 0 0 0 255 255 0 255 0 255 164 102 0 0 5 0 255 242 255 188
    255 0 255 0 0 96 0 61 92 0 0 255 255 255 0 0 255 255 0 255 0 24 0
    255 154 255 255 255 0 0 0 0 0 255 255 255 255 65 255 0 52 0 11 255
    255 184 255 255 0 0 255 222 186 0 0 0 0 255 0 232 0 255 255 255 0
    255 0 255 0 169 255 0 0 0 255 255 255 255 0 255 0 255 0 255 255 0
    255 0 255 0 255 255 0 255 0 0 0 0 0 115 0 0 255 255 255 0 0 255 0 0
    202 255 121 57 255 194 255 0 255 0 152 0 0 193 0 255 154 0 0 54 47
    255 255 192 0 0 255 0 0 0 255 255 255 255 0 0 0 0 228 255 154 0 0 15
    255 255 255 0 0 255 255 255 0 0 0 0 76 0 19 0 255 255 217 255 0 255
    0 0 255 255 0 0 255 24 0 0 0 255 255 255 255 0 0 140 215 255 0 0 255
    0 255 255 0 255 0 0 0 166 21 0 0 255 0 0 0 255 27 152 255 255 183
    255 0 0 0 120 0 255 255 255 7 255 224 0 0 255 0 0 255 255 0 0 0 255
    255 0 255 255 255 156 255 255 122 0 0 255 0 255 255 255 255 0 0 103
    255 255 0 0 49 255 255 0 231 255 0 0 111 255 255 255 60 0 255 255 37
    255 0 0 255 36 191 0 148 255 255 255 0 255 0 113 255 165 255 255 255
    255 255 255 0 255 255 0 0 255 0 255 0 255 255 255 0 221 0 255 0 0 0
    255 40 255 0 255 255 255 0 0 255 255 0 255 0 255 172 134 255 0 0 0
    255 255 255 0 0 255 255 255 0 255 255 255 255 0 0 215 0 0 219 255
    255 0 255 0 255 20 255 255 0 0 255 0 255 255 0 0 0 0 140 58 255 158
    118 255 0 255 0 255 255 0 46 123 232 255 192 255 0 255 255 0 0 0 255
    0 188 82 255 0 0 0 0 255 92 141 103 0 0 0 197 0 255 255 255 46 255
    255 0 0 255 255 0 0 255 255 255 255 8 255 0 255 0 0 0 255 255 0 0 0
    255 255 255 0 0 255 0 0 0 0 255 0 95 255 169 0 0 255 255 41 142 255
    0 0 255 203 0 0 5 0 255 255 255 255 255 0 0 0 255 255 255 0 0 0 255
    255 0 255 0 0 63 255 211 0 255 255 0 0 0 0 0 255 255 0 0 0 255 255
    255 0 0 0 255 255 255 0 255 255 255 0 0 236 0 0 0 255 0 255 255 255
    0 56 197 173 255 0 255 234 255 0 0 255 255 93 0 0 255 0 255 255 255
    0 0 0 0 0 255 178 255 0 0 0 255 255 0 255 0 255 255 0 255 0 255 146
    255 255 255 0 0 0 255 0 255 114 255 255 78 0 44 173 255 255 173 0 0
    0 255 255 0 208 124 255 255 0 255 0 255 0 255 134 76 97 0 121 0 155
    63 255 236 0 255 0 148 0 224 232 255 0 208 0 255 255 0 0 255 255 255
    0 255 0 255 177 255 0 0 0 0 0 0 0 0 165 255 255 0 0 217 255 255 255
    255 0 0 0 0 255 255 171 255 0 54 0 255 0 0 0 255 0 0 252 221 255 0
    255 0 255 171 255 0 255 0 255 0 90 0 156 0 0 0 0 255 0 255 0 11 255
    255 255 255 117 0 255 255 255 0 0 0 0 0 255 0 255 0 255 255 255 0
    255 255 0 87 0 255 59 0 255 245 255 0 0 0 255 0 255 0 255 50 141 173
    255 215 0 0 255 0 32 255 255 0 255 0 255 255 0 0 255 255 255 0 255 0
    170 218 0 185 45 255 140 0 0 255 255 255 0 0 0 80 255 0 52 0 255 26
    255 0 0 15 255 255 175 238 255 0 0 255 216 0 255 134 255 59 0 0 0
    255 0 255 0 100 0 98 67 97 255 255 255 68 0 0 0 255 0 255 0 255 0
    255 0 0 0 255 255 255 255 255 0 0 0 175 255 255 0 153 255 94 0 237
    255 255 0 0 255 255 255 0 0 255 255 255 124 246 255 33 0 255 0 126 0
    171 0 255 0 255 255 255 0 193 255 255 0 255 255 183 242 0 255 255
    255 161 255 0 78 0 255 0 0 255 255 255 0 255 0 255 0 255 0 255 255 0
    0 255 255 255 0 0 184 255 0 255 0 255 0 255 0 202 0 94 255 255 0 255
    0 57 0 0 255 255 255 255 147 0 0 255 0 195 0 0 255 0 255 255 0 0 205
    255 255 63 9 20 0 0 0 255 0 255 0 255 85 255 255 255 0 46 0 176 0
    152 44 123 255 0 0 0 0 124 0 255 255 0 0 0 255 0 255 0 255 79 255
    255 0 0 0 0 0 255 255 255 44 119 162 0 0 0 255 255 187 197 0 45 0
    255 0 0 10 0 255 105 255 0 150 0 255 255 255 0 0 0 0 126 0 0 0 0 255
    255 255 0 0 142 138 255 255 131 255 255 0 0 0 255 255 255 0 0 0 255
    255 104 0 0 0 0 0 255 255 25 0 255 0 0 0 255 0 255 0 1 255 255 255
    255 255 218 0 0 255 255 255 175 0 0 0 0 0 0 255 0 255 255 255 80 159
    0 0 0 255 0 255 255 255 0 186 0 255 255 0 138 0 255 255 255 255 0 0
    255 255 255 249 0 255 0 255 255 255 0 0 0 0 255 0 255 255 255 255 0
    255 255 255 0 255 255 255 255 0 0 194 255 255 0 0 255 0 255 0 201
    255 203 0 0 255 0 255 255 255 0 255 255 0 0 255 0 0 255 255 51 0 0 0
    35 255 255 0 0 56 255 255 7 255 0 0 0 255 255 255 0 255 0 61 0 255
    84 98 255 0 0 0 0 228 255 97 0 255 184 0 0 0 0 0 255 255 255 255 255
    37 255 0 255 0 255 0 5 255 255 255 0 204 255 0 255 0 255 136 255 255
    0 0 255 255 0 0 238 255 137 0 0 255 255 109 255 242 255 255 0 0 0
    255 200 255 0 0 255 255 232 13 255 0 0 0 157 0 0 0 0 255 0 255 255
    178 255 0 0 255 255 255 178 255 0 255 21 53 0 118 255 0 0 54 255 0
    255 0 75 37 0 255 0 255 226 255 0 0 255 255 0 0 204 0 255 255 255 0
    255 0 255 79 255 255 255 0 255 0 0 0 0 255 255 244 0 120 255 255 232
    0 255 0 255 255 231 0 0 0 0 88 255 255 227 255 0 99 0 255 0 229 255
    255 0 255 255 255 0 0 255 156 81 0 189 0 255 255 252 0 0 255 0 255
    114 255 0 124 0 106 0 255 0 255 110 255 74 255 255 253 96 255 28 0 0
    0 255 165 0 27 16 255 255 0 0 0 255 255 0 0 0 96 255 0 255 0 0 0 255
    255 255 0 0 0 126 0 0 0 255 255 255 0 0 255 190 2 255 144 255 0 255
    0 255 0 0 0 116 0 255 0 255 0 255 255 255 255 255 0 255 255 255 66 0
    0 255 255 28 0 255 0 255 254 65 0 255 255 0 0 255 0 68 0 0 255 255
    197 0 0 0 0 255 255 72 0 0 233 0 0 0 255 13 0 0 255 255 255 255 0
    255 255 255 255 255 32 0 0 0 213 153 255 255 175 143 73 0 0 255 0
    255 0 0 50 255 145 80 180 255 255 255 0 97 255 255 79 0 0 0 255 186
    255 0 0 18 0 255 79 255 0 255 255 0 0 0 255 255 0 191 0 255 255 255
    246 69 0 0 255 0 255 0 255 180 0 0 0 255 255 255 0 248 103 0 25 0
    255 255 255 255 248 157 31 255 249 255 0 0 21 0 255 0 255 0 203 0
    255 255 0 255 0 0 160 0 0 109 0 0 255 174 0 123 255 0 255 255 255 0
    0 255 54 255 0 0 0 255 255 255 0 0 0 255 255 108 255 0 255 0 255 0
    245 0 255 0 255 32 255 0 0 0 0 255 0 255 255 0 0 0 0 79 255 255 0 0
    255 0 0 0 88 0 0 255 255 255 255 0 255 10 255 0 255 0 0 0 0 0 114
    232 255 0 107 255 84 255 0 255 255 0 0 0 255 0 255 74 255 0 44 255
    10 0 0 133 64 255 88 165 0 255 0 139 0 255 0 255 255 255 0 0 255 255
    164 0 255 255 8 0 0 255 0 0 0 204 90 0 0 0 0 255 197 255 255 255 255
    255 255 0 0 0 144 0 0 255 153 255 0 0 252 255 255 0 0 0 255 0 0 255
    0 0 0 255 255 130 211 185 255 0 255 255 255 0 0 255 255 255 0 255 0
    255 0 61 0 235 255 0 0 255 137 255 255 255 255 255 255 88 255 0 0
    159 255 213 255 255 0 255 0 114 0 98 0 0 0 112 255 255 0 255 0 105
    255 9 255 62 0 255 255 255 0 255 28 247 137 130 255 0 34 255 134 75
    156 255 0 255 255 255 203 0 0 255 0 187 0 0 255 0 255 0 255 0 0 255
    0 0 124 0 255 0 0 0 255 255 255 0 255 0 167 0 255 0 251 0 215 0 255
    0 0 0 255 0 54 0 91 255 255 0 0 0 255 255 0 0 255 255 255 0 255 255
    0 255 0 255 0 251 255 0 0 0 255 255 123 255 255 255 0 0 0 255 34 255
    0 0 0 255 255 0 0 255 255 255 0 255 13 255 0 0 0 255 255 255 0 0 108
    255 0 0 255 0 0 0 149 0 255 0 255 0 176 255 179 239 0 0 255 255 255
    123 126 255 0 0 133 0 25 255 255 228 0 67 255 255 255 0 0 255 255
    255 255 255 0 0 0 0 255 159 44 0 155 255 88 255 0 255 92 255 0 41 0
    243 0 0 255 255 255 0 255 0 0 99 0 212 0 255 255 255 0 0 255 255 255
    0 255 0 255 0 109 218 0 0 0 255 0 214 255 255 255 255 27 0 255 104 0
    0 93 105 255 255 84 255 135 255 114 0 255 255 255 0 0 0 255 0 255
    145 101 0 0 0 255 255 0 0 0 136 43 0 0 255 255 255 255 0 0 0 255 255
    255 0 255 0 97 255 66 3 0 255 0 0 255 0 0 110 119 0 0 255 56 151 255
    138 255 0 255 255 0 255 0 0 255 255 190 255 38 0 255 0 255 255 255 0
    0 255 255 40 0 213 0 255 255 170 0 0 255 255 0 63 255 255 255 0 0 0
    255 255 255 0 255 255 255 0 255 0 255 0 255 0 233 255 0 96 0 255 0
    128 255 0 255 0 255 226 255 255 255 238 0 255 255 255 255 0 255 0 0
    189 255 255 208 31 77 255 0 255 0 255 255 0 0 199 255 255 255 0 255
    255 72 0 0 0 255 255 255 0 255 121 0 0 0 187 255 168 255 0 255 255 0
    111 0 114 0 0 255 237 255 255 0 255 255 0 255 255 48 0 255 255 242 0
    0 110 255 255 255 0 0 255 255 255 255 0 255 0 255 0 255 0 0 77 54
    255 99 0 40 0 0 0 0 0 180 255 0 0 255 255 255 255 251 249 255 255
    255 0 255 0 255 0 244 255 255 0 0 0 0 255 0 234 42 255 255 0 0 0 0
    255 0 255 0 255 255 255 145 0 255 0 0 255 0 51 255 255 2 0 0 0 255 0
    0 255 0 0 255 255 255 0 0 0 255 1 255 0 62 0 255 255 0 195 255 255
    193 0 0 0 0 255 255 255 0 0 0 166 147 255 255 255 0 255 255 0 0 255
    255 255 0 0 0 255 151 0 0 0 0 46 255 0 255 0 0 255 255 255 84 0 0
    255 0 0 255 176 255 103 145 158 13 0 67 255 255 0 0 0 0 255 0 255 0
    255 0 255 255 255 255 252 0 0 133 0 255 0 255 0 0 0 0 230 70 0 255 0
    0 255 23 194 0 67 0 255 169 0 0 255 255 255 255 0 255 231 255 255 0
    0 129 0 255 0 0 133 0 0 255 255 151 95 255 255 255 0 255 0 255 39 0
    0 0 255 255 162 0 0 255 11 255 14 255 0 0 0 79 255 0 255 255 255 255
    0 255 12 0 0 0 185 75 0 255 0 255 255 0 255 0 0 136 255 0 0 0 0 255
    0 255 255 255 0 0 0 0 44 255 16 255 255 255 163 255 0 0 0 0 114 255
    0 31 0 159 16 255 255 255 172 0 0 0 255 0 255 0 255 0 255 115 0 255
    255 255 0 253 159 255 0 0 255 255 0 255 0 255 255 255 255 0 0 0 255
    255 153 24 154 166 0 226 0 146 255 255 131 255 255 0 153 0 255 255 0
    255 255 0 0 15 255 56 0 0 255 255 132 181 0 0 0 0 0 255 97 245 0 0 0
    255 0 255 0 119 0 92 255 255 255 0 56 255 255 201 255 0 255 0 0 255
    0 255 0 255 0 255 0 255 0 0 0 0 0 0 177 153 0 0 255 0 255 0 255 0 0
    0 255 255 255 255 0 255 0 255 0 255 229 0 255 29 255 0 255 0 0 255
    234 134 0 0 255 255 146 0 255 255 255 0 0 0 0 188 0 255 255 0 0 0 0
    255 0 216 0 255 255 255 255 255 0 255 255 255 255 137 0 229 255 0 0
    44 255 0 0 0 0 0 0 59 255 0 0 255 255 255 46 110 0 0 177 0 0 0 255
    255 255 0 0 192 149 255 0 255 210 0 0 255 255 0 0 255 255 255 255
    221 0 255 0 150 0 255 0 255 255 255 0 0 255 13 0 142 255 255 255 0 0
    146 255 255 255 255 0 0 0 255 255 255 255 6 0 255 255 0 188 0 255 0
    255 0 255 255 255 255 255 0 0 0 0 0 255 255 255 255 0 248 0 255 255
    255 232 43 0 0 255 255 255 0 255 255 0 0 255 0 255 255 0 251 0 0 170
    255 74 0 0 255 162 0 24 0 0 255 252 228 0 255 118 58 0 255 0 0 0 255
    10 168 255 6 158 0 186 0 213 0 0 0 198 255 210 0 28 255 0 255 255
    228 0 255 58 8 208 0 172 229 0 0 0 255 0 0 253 92 0 0 255 0 255 252
    0 25 0 34 255 0 22 0 255 255 255 0 255 0 255 0 255 0 89 246 0 125
    255 115 255 255 0 255 28 255 0 0 0 108 255 153 255 0 255 255 255 6 0
    0 0 255 255 255 106 109 255 0 255 0 81 0 0 255 0 255 0 255 0 102 0
    197 0 83 255 255 0 0 0 191 255 0 0 28 255 224 255 255 255 37 0 95
    255 255 255 255 0 0 0 209 116 255 0 0 139 255 255 0 255 78 0 0 255
    255 0 0 0 255 201 0 0 255 255 255 0 50 255 0 0 68 255 0 134 255 0
    211 0 255 255 255 0 54 255 0 255 0 0 0 27 0 255 249 255 0 255 0 255
    239 255 255 255 255 255 255 0 255 143 255 0 255 255 0 255 0 0 0 255
    0 255 0 255 0 255 92 0 255 15 255 255 31 88 255 114 255 0 255 255 0
    0 0 0 0 0 255 252 255 0 255 0 12 0 255 177 0 255 0 255 255 0 255 255
    0 0 255 0 0 255 255 0 57 255 255 0 0 36 0 1 0 255 0 0 0 0 255 69 255
    28 24 0 0 0 255 0 255 0 179 188 65 0 0 255 255 255 0 0 0 255 255 255
    255 0 255 0 255 0 0 255 239 255 136 109 255 0 0 0 35 0 209 0 255 255
    240 255 255 0 0 0 255 255 142 241 0 0 255 255 255 60 0 0 255 157 255
    0 0 0 255 255 255 255 0 0 0 255 0 255 255 161 245 0 98 0 0 24 0 255
    47 37 46 225 255 0 203 255 0 255 0 55 128 255 255 0 0 0 219 180 225
    255 0 255 255 0 0 219 0 255 0 255 0 255 0 255 255 0 0 255 255 255
    255 255 255 0 255 0 208 0 0 105 0 0 85 0 255 0 255 0 255 0 255 14
    255 0 180 98 255 0 255 62 118 255 255 255 92 9 0 255 20 0 57 255 233
    255 255 0 0 109 255 164 255 255 0 255 255 0 0 255 0 255 0 255 182
    255 0 0 0 126 255 255 0 104 255 255 255 0 0 0 255 0 255 0 255 0 0 0
    255 255 255 0 0 255 255 255 72 255 255 130 18 0 0 255 0 255 113 42
    255 0 255 0 255 220 16 255 255 29 255 255 255 255 48 255 255 255 0
    255 0 255 255 255 255 0 255 255 255 0 255 0 103 0 0 255 255 255 0
    255 0 255 0 255 255 0 255 255 44 0 0 255 255 0 236 0 0 0 255 0 255
    108 0 255 0 255 255 0 122 0 255 255 255 0 0 0 255 226 255 255 255 0
    0 113 255 0 2 0 255 255 58 0 255 255 255 0 9 0 6 255 255 255 0 0 255
    255 0 161 255 255 255 255 0 255 0 255 255 0 0 255 255 255 55 0 0 255
    0 154 255 255 185 255 255 0 0 0 255 0 255 217 0 56 0 0 39 0 255 0
    255 255 150 255 0 255 0 255 0 190 220 255 0 10 0 255 255 160 255 0 0
    0 255 255 255 255 0 0 255 255 0 0 0 0 255 0 255 0 0 0 255 255 255 0
    255 0 0 0 0 255 0 255 0 255 183 255 255 0 255 0 105 155 255 0 255 0
    255 0 255 255 0 0 255 255 255 0 0 0 255 255 255 255 255 255 255 255
    255 155 205 0 0 0 255 255 255 0 0 118 255 207 0 255 113 255 0 24 255
    0 0 255 255 54 255 38 255 84 189 178 0 0 255 0 197 255 0 255 0 0 0
    255 255 255 248 16 255 0 0 255 255 0 255 255 0 255 255 255 16 0 255
    255 70 255 255 255 0 0 255 0 255 193 0 0 0 255 92 0 255 31 210 41 0
    0 255 255 255 0 0 0 255 251 0 0 0 19 255 34 0 255 255 255 0 255 130
    0 121 12 236 0 0 0 0 0 0 255 62 0 0 74 255 255 0 255 0 255 255 247 0
    0 255 255 255 255 255 0 0 0 255 255 255 0 0 0 255 0 0 0 255 255 0
    255 255 0 2 84 255 0 0 11 255 0 255 255 255 255 0 0 0 255 255 255 0
    0 205 74 126 255 0 179 0 0 0 255 255 255 0 0 255 0 162 99 255 0 247
    255 255 255 0 0 0 0 129 255 19 255 0 0 0 0 0 255 118 255 0 255 0 255
    0 0 0 0 33 255 255 179 255 255 93 0 255 0 0 255 0 255 0 255 255 255
    255 0 71 0 255 0 255 0 255 0 255 203 255 0 0 0 255 255 131 0 0 0 255
    0 255 0 0 0 57 0 255 255 255 255 255 0 0 255 255 0 255 0 255 90 255
    17 0 255 220 255 255 255 0 255 111 255 0 255 255 255 0 0 255 78 149
    0 255 255 23 128 0 0 0 0 255 0 0 0 255 0 0 255 0 255 0 0 78 53 255
    198 0 0 0 255 0 255 0 255 255 17 0 0 0 105 149 0 0 0 255 255 255 0 0
    215 255 255 255 255 0 0 0 0 255 255 255 0 0 0 0 255 255 255 0 0 0
    255 255 255 7 128 255 212 255 0 0 0 255 255 255 58 0 0 255 255 255 0
    197 0 255 255 96 255 255 255 255 0 255 0 128 0 255 255 255 0 255 255
    250 255 0 43 0 255 0 0 255 255 0 0 0 255 255 255 255 0 0 0 0 5 0 255
    255 255 0 228 179 209 0 0 0 0 255 255 255 0 0 0 255 255 255 0 220 78
    234 0 255 15 255 3 0 0 0 255 255 255 0 255 255 255 255 2 0 179 61 0
    0 0 255 209 0 0 0 255 255 255 255 0 255 255 0 0 0 255 255 255 0 0 83
    255 175 255 88 255 14 0 166 255 255 0 255 255 255 0 0 10 255 255 255
    0 0 193 0 208 255 255 0 255 0 0 255 0 67 66 255 255 0 0 255 255 0 0
    147 118 255 255 0 255 0 255 0 81 0 115 0 255 207 255 0 0 0 0 0 255
    255 0 0 0 0 0 255 255 255 0 255 0 255 0 0 184 255 0 255 34 135 0 158
    0 255 255 0 0 0 255 161 159 151 255 255 255 0 0 217 51 0 0 0 255 163
    255 255 255 0 23 0 0 0 0 255 255 255 0 255 255 255 0 0 255 0 140 255
    0 0 242 255 37 255 0 255 73 0 255 255 0 203 0 255 0 255 0 255 0 255
    255 0 0 0 255 0 255 255 255 0 0 255 0 255 255 55 105 0 0 0 255 255 0
    0 255 53 0 0 0 7 255 255 0 255 0 255 255 0 0 168 255 0 255 0 255 255
    0 0 0 255 255 37 150 0 255 255 255 140 0 255 0 0 0 58 255 0 255 0 12
    0 0 0 255 255 192 0 255 0 255 255 0 0 255 0 255 0 72 0 0 255 255 255
    255 255 0 163 0 0 0 148 255 255 85 0 255 78 0 0 86 0 88 0 255 0 192
    0 0 0 255 255 255 0 255 0 214 0 14 255 255 0 255 0 255 0 206 255 0
    255 0 0 255 255 255 117 255 255 255 24 255 0 255 0 255 0 255 255 0
    255 0 0 0 144 255 0 0 65 255 255 0 253 0 255 0 255 255 0 255 0 0 255
    130 0 36 0 255 210 255 255 0 0 222 255 255 124 41 0 255 0 0 0 255 98
    255 0 255 255 0 0 255 200 0 0 255 255 70 0 255 0 200 255 255 253 70
    0 0 255 255 0 0 0 147 255 255 0 172 255 255 249 137 0 0 255 255 186
    255 255 162 255 255 0 255 0 255 0 0 0 255 255 0 255 43 255 0 0 255
    255 0 255 255 0 0 255 255 255 78 255 2 0 0 255 159 0 95 0 0 154 255
    255 255 255 149 0 0 0 255 228 255 0 255 0 0 0 255 0 255 255 255 217
    255 0 255 95 255 0 121 136 255 0 0 24 255 255 0 255 0 255 140 255
    161 255 247 0 237 0 255 0 255 95 255 0 0 0 0 0 255 64 216 158 0 255
    36 255 255 255 178 255 0 255 255 255 0 255 0 255 0 255 0 255 72 76 0
    17 121 255 255 0 0 255 52 197 0 133 255 255 0 0 255 255 85 0 0 255 0
    255 0 255 0 0 0 255 176 178 85 0 0 255 235 255 0 255 255 255 0 5 32
    255 255 0 0 0 0 0 255 255 255 0 255 255 255 0 0 0 255 255 255 0 0 0
    255 255 0 255 0 196 0 255 0 255 255 255 255 255 0 255 0 206 0 255 0
    138 255 255 255 0 0 255 255 255 0 134 0 255 151 255 142 255 0 0 0
    255 255 255 0 0 0 0 213 0 117 0 255 255 0 0 141 0 255 255 0 0 1 255
    255 102 135 255 255 255 255 33 255 15 0 0 255 255 0 0 0 134 0 0 255
    124 255 0 71 0 0 255 0 255 0 255 150 0 0 255 0 0 0 0 241 255 255 255
    0 191 0 255 58 0 40 0 255 255 255 0 233 214 0 255 255 0 0 0 0 0 255
    255 255 0 0 0 255 255 255 255 177 0 0 15 0 0 0 0 255 255 255 0 255 0
    255 255 72 0 0 255 39 0 0 0 255 255 0 0 0 0 0 0 255 255 203 0 3 100
    101 141 0 252 255 255 0 0 0 0 255 0 255 0 255 255 255 131 0 255 235
    0 255 255 55 145 0 255 255 255 0 255 255 0 0 0 255 117 0 0 0 116 255
    0 255 0 255 255 0 149 0 146 0 0 0 44 255 255 159 255 0 255 14 0 49 0
    43 0 0 0 0 47 255 0 108 255 255 0 0 0 255 255 255 255 0 0 0 255 0 0
    0 0 255 255 255 255 0 0 0 255 0 0 0 255 255 28 0 255 255 255 255 198
    0 80 0 255 239 0 39 27 255 0 142 255 255 255 249 198 83 0 255 0 255
    124 0 107 75 255 0 0 0 0 255 86 255 0 165 0 255 170 0 37 0 255 34
    255 0 255 255 0 0 0 0 0 255 255 255 255 255 76 255 255 0 0 255 0 0 0
    255 0 21 109 0 33 255 255 0 0 0 255 214 255 255 240 0 81 0 255 255
    255 0 54 0 0 0 255 255 0 0 0 255 255 235 0 66 255 255 255 0 0 0 255
    0 255 255 255 0 255 0 0 255 0 255 255 255 26 131 0 255 255 0 239 0 0
    0 173 0 0 255 255 0 0 0 40 0 0 0 0 0 43 255 224 255 255 0 0 247 0
    255 154 0 0 0 255 0 0 219 99 0 0 0 255 255 255 0 185 255 0 0 238 255
    255 0 7 46 255 0 0 255 0 0 255 255 0 0 0 30 0 255 0 255 255 255 255
    0 154 106 255 255 0 255 21 255 0 255 0 0 255 0 255 120 81 152 124 95
    255 19 0 0 0 207 255 255 255 199 255 255 255 0 82 255 199 0 255 186
    255 0 0 0 140 0 0 0 255 0 255 0 255 0 255 0 0 255 0 142 117 255 51
    240 255 255 179 195 0 255 0 255 0 0 0 136 255 255 0 64 0 255 255 255
    0 5 0 0 215 255 255 255 0 0 255 93 255 0 255 0 0 148 33 0 0 0 255 0
    255 0 0 0 255 19 255 8 0 255 109 98 255 0 255 0 0 204 255 255 255
    255 0 0 255 0 0 0 255 255 154 0 255 0 0 0 255 255 255 255 0 0 0 217
    255 233 255 0 0 0 135 255 0 255 0 255 255 255 0 0 56 255 255 0 0 0 0
    0 255 255 255 0 0 221 255 68 141 255 255 0 255 255 0 222 0 255 0 255
    0 255 0 255 0 255 255 121 0 222 255 255 0 255 0 255 255 255 255 0 0
    212 232 247 255 255 144 0 230 255 0 56 0 255 0 255 0 255 255 255 0
    255 0 255 255 255 140 0 112 255 255 255 0 0 255 255 21 0 65 255 26
    255 0 0 167 0 255 255 0 0 0 255 236 124 0 0 0 63 255 255 0 0 255 255
    156 77 134 184 0 0 0 0 0 0 0 112 0 88 62 0 255 0 0 0 255 0 255 119
    255 0 255 0 255 0 0 59 255 0 0 3 255 0 255 0 255 255 213 255 137 4 0
    227 216 255 255 255 0 70 0 152 0 0 0 80 255 0 0 0 255 89 255 0 0 0
    255 0 166 91 166 131 0 255 162 0 229 0 255 31 255 0 17 0 255 207 208
    255 52 255 0 255 255 0 0 255 255 21 0 106 0 255 255 0 0 0 119 80 0
    171 255 255 0 100 255 0 255 0 255 255 255 255 0 165 255 255 255 0 42
    0 106 0 255 255 125 0 255 255 255 255 0 0 0 255 255 193 0 99 255 142
    255 0 0 255 255 0 0 255 0 0 0 255 255 232 152 202 255 0 0 255 244
    255 0 255 255 0 0 0 255 0 255 0 255 0 0 0 255 255 255 230 0 0 0 255
    48 255 0 255 255 0 255 0 0 69 59 255 255 255 255 255 0 0 255 255 0 0
    255 255 255 0 0 21 156 172 21 0 0 255 255 255 216 61 151 0 82 255
    231 255 255 255 0 0 0 100 0 0 255 0 139 0 0 255 255 255 0 0 42 0 96
    196 255 255 255 0 0 128 0 0 255 225 255 255 255 0 255 175 0 106 212
    0 255 255 255 0 0 0 255 0 255 0 255 255 255 255 0 156 0 0 0 0 255 37
    255 0 255 56 255 0 255 255 255 255 0 255 0 255 0 0 0 0 0 255 253 255
    0 158 0 255 255 255 255 255 0 255 0 255 0 255 0 255 0 255 0 0 0 0
    255 255 239 0 0 255 255 0 0 135 255 255 255 255 255 255 255 0 0 54
    255 0 0 255 255 48 45 255 0 0 255 255 0 0 196 255 0 139 0 0 0 0 255
    0 255 255 255 0 0 185 0 255 127 0 0 255 0 184 255 255 0 0 0 255 255
    255 0 0 0 0 255 0 255 237 255 255 0 255 255 255 215 0 0 0 255 255 0
    255 0 89 0 0 255 204 0 0 134 0 255 0 0 255 211 255 255 255 0 0 0 0
    255 255 0 0 0 255 255 0 0 218 255 0 255 255 0 0 32 80 119 17 255 255
    255 255 210 0 0 49 255 255 242 0 255 226 214 0 0 250 0 150 0 0 0 0
    255 0 255 209 255 255 255 0 255 0 0 204 0 255 0 255 0 0 0 0 0 255
    255 189 0 255 255 0 255 255 255 255 134 255 0 255 0 255 255 255 60 0
    0 255 0 0 145 0 0 255 0 255 0 255 0 220 255 255 255 0 0 0 214 127 0
    0 0 255 68 0 156 0 255 200 17 255 0 151 0 255 3 0 66 255 0 0 148 0 5
    0 38 255 255 0 208 255 255 0 142 0 255 0 88 255 255 255 0 155 81 255
    0 210 255 0 255 255 29 255 255 255 0 0 255 255 0 255 74 255 0 0 0 69
    33 255 255 0 255 255 146 0 255 182 255 0 92 0 255 255 31 71 255 255
    124 211 0 19 0 255 69 33 0 0 0 255 255 0 255 0 171 0 0 255 0 255 255
    255 0 255 255 0 0 0 47 255 255 0 255 0 255 144 255 0 0 0 255 0 255 0
    255 255 255 0 255 255 255 0 81 255 0 0 65 87 0 255 0 255 0 216 159
    255 141 0 255 0 255 111 0 255 0 206 0 0 255 0 0 0 0 0 255 0 0 4 0
    255 255 255 0 0 255 141 0 255 255 255 0 0 0 203 255 255 255 69 0 0
    255 123 0 255 255 255 161 0 255 255 255 0 4 0 0 255 255 255 75 0 0
    255 0 255 0 255 0 255 93 70 85 67 255 255 255 0 0 0 122 255 0 23 0 0
    0 255 0 255 0 255 0 255 255 95 0 0 0 255 0 255 0 255 0 0 176 0 255
    18 0 127 255 255 0 0 255 255 255 0 255 0 255 199 255 255 255 196 0
    255 0 200 255 255 255 255 0 0 0 255 62 0 255 255 0 0 255 255 0 0 102
    255 255 195 0 0 255 75 83 0 0 255 0 255 0 255 255 0 255 255 255 0 0
    0 0 255 255 255 0 0 0 0 0 0 84 255 255 0 0 31 6 255 107 0 4 255 177
    0 255 0 0 0 255 255 255 255 255 0 17 0 255 255 255 255 0 0 154 225
    255 255 255 255 255 249 0 0 0 255 0 255 0 128 0 0 255 255 255 255 0
    0 0 107 255 255 230 255 0 255 255 255 0 0 161 255 189 97 246 255 255
    0 0 0 84 255 255 43 0 255 0 255 0 255 255 0 255 255 255 4 0 255 255
    184 0 0 237 0 204 255 253 255 255 255 0 255 2 255 112 228 0 255 255
    121 0 0 255 255 0 181 11 255 0 0 68 95 255 169 255 0 255 0 255 0 255
    0 113 255 0 255 255 0 255 0 255 49 255 255 86 255 255 92 0 137 255
    173 255 255 255 0 0 255 255 255 255 0 0 0 249 0 255 255 48 255 255
    255 0 0 255 0 255 0 0 31 255 255 255 0 0 0 255 0 255 255 255 0 0 88
    255 0 255 53 255 0 255 49 0 255 0 255 49 255 206 0 255 255 0 0 135 0
    255 255 0 138 76 255 255 0 0 255 0 255 255 255 255 0 0 0 255 0 0 181
    0 255 0 255 0 255 0 255 0 0 255 0 255 137 255 0 0 0 255 0 255 0 255
    0 255 0 255 0 255 255 178 255 255 86 0 0 255 0 0 100 255 255 0 8 0
    44 255 0 255 255 255 0 190 0 86 255 255 255 255 255 0 0 255 255 255
    0 0 255 255 255 183 255 0 255 44 252 0 0 0 0 255 181 248 255 37 222
    0 249 255 0 0 0 0 255 255 0 255 8 255 255 0 0 182 255 255 151 255
    255 5 0 0 255 255 255 244 255 0 0 0 11 75 0 36 255 0 255 0 0 255 127
    0 0 198 255 255 0 255 255 0 139 0 255 0 255 0 0 157 0 255 0 152 255
    0 255 255 0 255 0 255 0 255 0 0 255 255 0 255 0 255 255 255 0 0 0 46
    145 255 255 255 255 131 30 0 255 0 255 255 255 255 0 48 255 255 0 10
    226 8 255 255 255 0 68 0 255 255 255 114 0 21 255 255 255 75 255 0 0
    75 50 255 0 0 0 10 0 255 0 255 130 0 25 255 255 0 0 0 255 253 255 0
    255 0 65 255 214 0 71 255 191 0 255 255 255 0 5 0 0 0 255 255 255 0
    0 126 0 0 0 149 255 0 171 255 147 0 255 255 255 0 255 0 0 0 255 0 99
    255 0 255 0 255 255 0 255 69 0 255 49 0 0 255 255 255 0 77 35 255 0
    0 0 255 0 0 255 0 0 0 0 150 255 144 0 0 255 0 255 0 255 0 0 0 255
    255 15 138 255 164 0 0 255 255 255 0 255 0 0 0 165 255 255 0 255 72
    255 255 255 213 173 255 0 255 0 255 32 255 245 0 255 255 0 255 0 255
    173 255 0 0 0 0 255 255 66 0 33 255 0 0 0 255 255 0 0 0 255 255 255
    255 103 255 0 0 104 255 189 0 0 0 255 174 0 255 0 253 255 255 255
    255 0 255 255 255 0 87 156 0 175 255 0 255 0 0 0 70 156 0 0 255 255
    255 255 255 114 0 0 255 172 0 255 0 255 74 0 0 0 255 255 255 0 0 11
    189 255 255 93 0 0 0 0 136 164 0 0 0 0 0 175 41 255 133 0 64 130 0 0
    114 255 0 255 231 255 255 24 0 0 255 0 255 0 7 0 0 255 255 255 156 0
    0 255 0 155 0 255 255 255 25 0 255 255 255 255 0 171 255 235 0 0 147
    255 255 255 0 0 255 255 255 0 0 242 255 0 255 255 0 0 255 0 49 0 0 0
    0 255 242 255 255 0 255 0 255 0 0 255 0 255 0 255 0 255 0 137 192
    142 255 255 255 0 0 255 255 0 86 0 23 35 255 0 255 255 11 0 255 0 0
    0 255 43 255 37 78 255 255 255 255 255 224 0 255 0 0 0 255 255 0 255
    0 255 0 0 0 255 0 179 0 255 150 0 0 0 255 255 0 0 0 46 0 0 255 255
    255 0 101 0 63 0 255 255 255 255 20 142 255 255 255 0 0 0 255 246
    255 0 250 0 255 255 29 0 255 255 0 0 0 255 255 255 255 0 158 255 210
    0 0 0 0 0 255 0 255 0 0 0 0 255 255 255 0 255 0 241 255 191 255 0
    255 63 255 156 14 190 0 56 255 255 255 86 16 255 255 100 0 0 0 0 255
    255 0 0 0 255 0 255 0 255 35 0 172 0 255 0 255 0 0 255 132 0 0 255 0
    0 243 0 255 0 255 255 255 255 255 255 0 0 0 255 0 255 13 255 0 255 0
    11 51 0 255 255 9 0 0 201 255 255 142 255 255 0 255 161 255 0 96 0
    149 0 255 205 0 0 217 0 0 255 255 255 4 252 0 172 255 255 255 0 0 0
    255 0 255 0 255 0 0 0 255 255 0 0 0 255 0 80 0 162 0 255 0 255 131 0
    255 0 1 255 80 255 255 255 75 0 255 255 255 202 0 0 0 0 114 255 0 0
    0 255 255 0 135 0 255 0 0 255 255 0 0 0 255 0 255 0 255 0 0 0 221
    255 255 255 255 255 0 0 0 138 0 255 0 0 0 0 255 255 0 0 0 255 250
    124 0 255 248 207 255 0 255 255 0 0 0 255 255 0 0 0 255 0 255 0 0 0
    0 66 116 0 75 255 255 50 0 0 0 255 0 0 227 162 173 255 255 255 0 255
    0 255 133 255 200 0 255 255 206 0 0 0 0 0 0 0 67 0 255 139 255 0 255
    0 0 35 0 255 255 255 0 0 0 255 106 255 0 255 0 0 0 255 255 64 255
    255 145 0 255 0 255 255 255 0 255 0 0 0 0 0 255 0 255 149 0 255 0
    255 185 255 88 0 71 0 0 255 0 188 255 165 0 0 166 244 255 255 255
    255 0 255 126 0 0 255 255 0 146 0 255 0 255 0 255 0 143 0 0 255 38
    255 0 0 255 0 255 255 255 0 255 255 255 0 0 255 0 0 255 255 255 255
    34 0 255 0 255 146 255 0 255 0 255 128 255 0 0 0 255 255 255 0 0 107
    255 255 0 255 242 255 255 244 0 0 0 223 255 255 0 0 0 169 255 70 0 0
    0 0 0 255 255 255 255 0 0 255 0 109 255 27 0 216 0 255 0 255 0 255
    255 255 222 255 0 36 0 0 0 17 255 255 255 0 255 255 255 0 255 0 255
    255 255 255 0 255 255 255 255 92 0 10 148 255 0 0 0 255 0 0 0 114
    255 255 0 238 0 255 255 255 255 0 46 0 0 255 255 152 0 255 0 239 23
    255 0 255 0 255 255 255 0 0 240 255 255 255 255 71 0 255 255 0 0 0 0
    0 26 0 0 255 255 255 255 0 139 0 255 255 255 0 0 255 227 255 0 255
    255 0 170 0 255 0 224 0 0 0 255 255 0 255 255 255 0 0 0 255 255 255
    0 0 255 0 255 54 255 255 0 0 0 255 0 0 44 50 255 255</data></my_img>
<your_img type_id="opencv-matrix">
  <rows>128</rows>
  <cols>256</cols>
  <dt>"3u"</dt>
  <data>
    189 0 76 255 0 255 0 0 0 0 255 255 255 255 255 255 211 255 255 0 255
    0 0 0 255 255 159 255 38 0 0 0 255 227 255 255 0 255 0 255 255 255
    217 255 57 0 76 61 178 0 255 255 0 255 255 0 0 255 0 255 255 228 255
    155 0 198 168 255 0 255 118 255 0 223 0 0 0 255 255 0 0 255 255 9 0
    255 255 0 0 255 0 255 0 255 255 255 255 0 255 0 255 0 0 255 255 255
    0 0 255 255 0 43 0 185 0 0 61 255 0 221 0 255 135 0 255 0 255 0 255
    0 0 255 22 0 0 255 0 255 0 0 0 101 255 255 0 255 255 255 0 255 0 241
    0 0 0 0 99 255 0 255 0 255 0 255 255 0 0 0 120 0 0 248 255 255 73 0
    255 255 255 0 0 0 255 0 255 0 255 0 0 117 0 0 0 0 0 255 255 255 0
    255 0 10 255 255 0 0 0 255 255 229 0 255 0 255 0 0 32 78 32 108 225
    0 0 0 255 255 0 190 255 255 0 0 172 84 0 0 255 220 2 0 62 255 161
    255 255 190 0 0 255 0 255 255 255 0 0 0 255 126 0 33 0 255 76 255 69
    255 0 0 219 0 0 0 255 255 255 0 255 0 255 255 255 0 0 0 0 0 255 255
    93 53 0 123 255 255 152 0 217 0 255 232 255 255 0 63 234 255 0 123 0
    255 255 0 0 255 0 171 255 255 255 0 0 0 0 0 0 72 90 255 0 13 0 255
    255 255 0 52 0 255 0 140 0 0 255 255 255 255 255 255 0 0 133 255 255
    0 255 0 0 255 0 255 10 255 255 155 0 255 255 255 0 0 0 255 45 0 0
    127 0 68 255 255 0 0 255 0 232 0 81 255 0 255 0 255 255 0 255 0 255
    0 0 37 255 255 255 0 0 0 171 129 24 253 0 255 0 255 0 202 0 241 0
    127 0 0 0 255 255 255 255 190 0 102 169 255 255 32 255 255 204 255
    255 255 0 255 255 239 0 255 255 0 255 0 255 255 0 0 0 167 255 255
    255 0 0 0 0 236 255 255 0 0 255 255 0 0 255 255 255 0 32 39 0 217
    255 255 255 255 255 0 0 255 0 255 255 255 77 0 69 0 255 122 255 0
    135 86 0 64 0 255 0 27 70 255 255 158 255 0 0 0 175 49 255 0 0 255
    58 255 255 208 255 255 0 255 70 255 255 0 255 96 255 0 255 128 0 244
    255 255 0 0 230 116 0 255 255 57 255 0 0 255 255 255 0 255 0 255 44
    0 255 255 255 0 107 255 255 255 0 203 0 183 0 0 0 255 0 255 0 255
    255 0 255 0 245 39 255 0 255 0 184 0 255 72 255 0 255 104 235 0 255
    255 0 255 255 255 0 0 0 255 255 253 255 0 0 0 0 92 255 252 0 0 255 0
    186 255 255 255 174 108 0 255 0 255 0 255 0 255 0 255 0 122 255 152
    255 20 150 0 255 243 62 0 0 0 87 133 175 0 0 255 255 255 0 0 255 255
    0 0 117 255 255 174 7 255 255 255 145 255 63 255 102 32 0 0 255 0 0
    0 0 255 168 0 0 255 255 30 0 225 0 255 255 0 255 0 0 255 98 255 139
    255 0 0 0 133 163 0 192 255 255 202 23 255 26 255 0 255 0 0 0 255 0
    0 0 255 255 255 255 255 198 0 0 255 255 255 0 71 243 0 0 255 0 0 226
    147 255 0 255 60 255 119 0 0 27 0 0 0 255 0 255 0 41 255 166 254 0 0
    193 0 58 0 255 255 0 0 0 255 0 0 215 255 255 0 0 0 255 163 77 0 0 0
    0 0 255 189 245 0 141 0 255 255 235 0 0 142 0 203 255 0 255 255 255
    0 255 0 0 0 0 0 173 165 255 196 0 255 201 255 255 255 255 0 255 126
    255 255 255 0 3 8 0 0 0 255 0 0 255 255 0 0 0 255 136 50 0 242 0 67
    255 255 0 0 0 233 0 255 255 21 195 0 255 255 255 0 255 0 0 255 255
    255 0 0 0 255 9 255 0 255 255 255 0 0 255 0 255 255 165 0 89 0 255 0
    221 0 255 226 77 128 0 0 220 255 143 0 255 0 0 0 255 0 139 0 162 255
    255 4 186 255 255 0 0 0 255 104 255 255 255 0 0 116 0 255 255 0 255
    0 255 78 255 0 255 174 255 125 29 0 0 255 255 189 152 255 0 255 0
    255 255 103 255 0 255 253 0 255 255 255 0 0 0 154 0 255 255 255 0 0
    0 255 255 0 48 255 255 85 0 0 161 0 0 0 255 0 37 255 255 0 0 0 83 74
    255 255 36 255 245 0 0 255 0 255 255 255 0 255 0 255 118 164 130 0
    126 0 0 148 0 0 0 255 255 201 148 255 0 0 135 0 230 0 255 154 255 0
    233 255 247 0 255 0 98 0 0 255 255 203 91 0 0 255 255 243 0 0 0 1 0
    255 186 255 255 253 255 0 206 0 255 55 188 255 36 0 255 0 0 0 255
    255 0 0 0 255 9 0 0 0 255 255 255 0 0 255 0 255 255 99 255 86 255 0
    255 255 255 0 0 4 150 255 255 255 0 255 255 0 255 0 0 255 255 0 0 0
    255 174 255 0 255 93 0 255 0 74 255 255 0 0 139 169 255 0 0 255 0
    255 255 255 255 0 255 0 255 0 0 221 255 0 255 255 245 255 255 28 0 0
    0 255 255 255 60 100 92 0 0 90 90 0 0 104 255 224 155 0 255 255 255
    76 0 232 255 255 62 255 0 255 0 38 67 255 255 255 255 0 0 0 255 255
    0 0 0 255 59 0 0 104 23 0 255 0 0 0 0 79 0 255 0 33 255 104 0 253 8
    255 0 255 0 255 96 255 0 0 255 0 255 255 176 222 0 255 0 222 0 255
    255 255 0 0 0 0 0 128 212 0 0 0 228 0 0 2 255 110 0 96 0 255 255 226
    0 0 135 0 0 73 239 0 0 255 255 0 0 255 0 255 0 0 0 255 255 255 0 183
    0 255 0 0 0 255 255 0 255 255 255 0 103 255 255 255 0 255 0 255 255
    255 12 255 0 255 0 255 105 255 0 255 0 240 0 255 0 255 0 255 0 255
    255 255 255 255 102 0 0 255 255 0 255 0 255 0 255 148 255 0 0 0 0
    255 0 255 0 142 223 0 255 255 255 255 0 0 0 167 255 255 0 0 255 255
    0 255 0 255 123 13 255 255 255 255 0 255 0 255 0 255 255 255 0 255
    28 255 0 188 255 255 255 0 0 34 212 0 240 255 108 0 0 0 255 255 255
    0 0 255 255 19 255 0 255 0 173 0 115 255 255 255 255 0 0 255 255 255
    64 0 255 255 28 0 0 255 8 50 255 255 255 0 0 0 6 8 255 85 87 255 255
    255 137 0 16 0 255 0 255 0 255 255 255 255 0 101 0 236 31 0 255 255
    255 213 212 255 0 255 255 255 0 0 0 136 0 255 255 255 255 255 0 255
    0 255 0 0 255 255 255 255 0 255 131 255 0 48 255 12 255 84 255 255 0
    0 255 255 255 0 0 0 255 222 255 0 255 179 0 0 255 255 255 33 255 255
    0 0 0 255 240 0 0 255 255 255 0 255 172 0 255 0 0 0 255 0 255 0 255
    0 110 0 255 0 41 0 255 255 174 0 0 255 0 0 255 255 255 31 255 255 0
    137 0 255 255 0 255 225 255 26 0 0 73 255 255 0 0 255 255 39 87 0
    255 255 0 255 245 255 209 0 0 0 255 30 255 208 255 90 112 65 94 0 0
    255 255 255 0 0 0 0 0 0 255 255 255 255 255 251 0 0 255 0 255 0 255
    0 255 0 0 243 255 0 255 30 255 132 0 0 0 255 0 255 0 234 150 255 0
    255 0 255 255 255 0 255 255 0 0 244 0 255 255 255 0 0 0 255 239 192
    0 255 255 255 0 255 255 72 173 0 0 0 0 0 255 255 198 0 0 0 37 168 12
    255 255 239 0 0 45 29 255 0 255 0 255 255 189 0 0 0 255 93 158 186
    255 0 154 0 255 255 0 255 255 255 0 0 0 102 0 0 173 255 255 255 0
    255 0 255 0 0 0 255 255 255 40 0 125 255 255 255 200 0 0 0 40 255 0
    255 75 255 0 255 0 0 0 255 0 255 169 0 255 0 227 255 255 0 23 144 0
    0 51 255 255 255 0 0 255 255 103 0 0 0 0 0 255 255 0 219 255 255 255
    0 33 0 255 255 0 255 255 255 0 0 69 255 0 255 255 255 255 255 255 0
    255 0 0 0 0 255 0 99 255 255 255 0 97 47 255 0 255 0 255 255 255 0
    245 28 255 0 0 0 255 0 255 255 255 255 54 140 255 0 255 0 255 11 0
    49 0 153 255 255 250 44 0 255 255 39 255 0 255 0 214 0 255 255 255
    255 0 0 0 255 255 0 0 255 255 255 67 0 255 0 0 0 0 255 0 255 255 255
    255 255 255 0 255 0 255 85 0 0 255 255 255 0 0 255 0 255 0 0 82 255
    255 0 0 0 255 6 0 255 255 0 244 0 255 0 17 255 255 0 101 255 255 227
    0 10 255 99 255 0 255 233 0 132 62 0 0 0 0 0 255 255 255 0 255 0 0
    155 0 72 97 255 0 255 255 0 0 255 0 0 173 255 0 255 255 255 0 0 175
    255 255 0 255 255 0 125 0 227 255 0 0 100 255 255 0 255 0 255 255
    255 0 155 0 255 255 0 0 0 255 255 0 0 175 0 255 0 140 255 255 0 255
    30 237 255 86 0 0 255 210 0 0 0 255 0 255 198 0 255 0 255 255 0 0 0
    255 255 255 0 0 255 222 0 0 255 255 255 65 0 10 0 255 79 255 0 255
    255 0 0 0 255 54 0 0 104 255 255 255 107 12 0 163 0 0 255 255 255 0
    0 0 0 0 255 255 95 0 0 90 255 0 104 139 255 115 167 0 255 0 255 97
    255 255 136 255 0 50 0 0 150 0 0 222 255 255 234 0 189 255 255 255
    255 0 255 0 0 255 255 192 128 0 255 0 255 255 255 0 255 255 37 24 0
    255 0 29 0 64 255 255 255 0 0 0 0 0 255 0 0 0 255 0 0 0 255 50 0 0
    255 182 0 0 140 161 255 0 0 79 0 255 255 255 0 255 0 0 209 255 255
    210 0 198 255 255 0 0 0 255 66 255 0 0 255 158 255 0 0 5 255 0 255 0
    255 11 27 255 255 255 0 0 0 0 255 0 255 0 255 0 0 0 255 255 255 0
    154 0 255 255 0 0 0 255 255 255 255 255 0 0 255 0 0 0 0 255 0 0 0
    255 255 97 0 63 0 255 0 0 255 47 139 0 255 255 255 101 64 0 255 0
    255 0 255 255 0 0 21 255 0 0 0 0 255 255 49 255 255 0 255 0 255 214
    255 0 71 0 31 255 255 0 0 0 255 255 255 0 255 0 255 0 0 255 0 255 0
    191 0 0 0 255 255 90 0 255 0 255 0 0 57 255 0 255 0 0 25 0 255 0 255
    255 255 0 210 0 255 0 255 255 255 0 0 0 0 0 255 255 0 140 255 255 20
    0 46 0 0 255 255 0 0 0 255 255 255 0 255 255 0 58 0 98 237 0 0 255
    255 0 0 255 186 125 0 255 255 70 255 224 176 0 100 16 255 255 0 0
    255 0 0 0 231 255 0 255 0 53 0 255 255 0 255 0 35 0 0 132 255 255
    255 0 0 0 255 151 255 255 0 0 255 255 0 108 125 222 0 0 255 0 255 0
    0 0 0 0 0 69 0 174 175 255 0 0 198 255 255 158 255 190 255 0 0 0 0
    255 255 0 0 255 215 0 103 255 8 0 0 0 255 0 0 0 255 255 255 40 0 255
    39 255 0 57 255 255 162 255 34 0 255 0 255 0 255 101 255 0 0 12 255
    255 229 0 32 118 255 0 0 107 255 255 255 255 0 0 0 55 0 255 255 255
    255 246 105 0 255 146 0 0 0 255 232 255 0 255 0 139 0 0 0 255 255
    255 255 255 255 0 255 0 255 255 0 0 86 129 255 0 255 0 255 255 255 0
    237 238 255 0 255 0 222 229 255 255 0 0 0 255 101 0 0 255 255 255
    255 255 255 255 0 33 0 255 0 255 0 0 0 0 255 172 255 0 94 0 0 255 0
    255 0 255 0 195 0 255 0 0 0 21 241 255 0 170 255 255 203 255 141 0 0
    255 0 255 0 0 0 255 0 196 0 255 255 255 255 38 0 0 12 0 0 255 255 0
    255 0 255 66 0 255 0 255 255 183 0 0 0 0 0 255 255 255 0 76 193 70
    116 0 255 0 68 0 255 255 255 0 255 255 255 255 255 225 0 255 255 255
    255 165 255 0 170 0 255 255 0 0 255 255 255 255 0 0 0 143 255 195 0
    136 255 0 161 255 255 255 0 0 0 255 255 0 255 0 0 0 110 255 0 255 0
    255 189 255 174 255 255 56 0 0 0 255 255 255 0 0 255 0 0 255 255 0 0
    0 0 0 0 91 255 255 0 255 153 255 0 255 0 255 60 255 0 255 255 255 0
    0 0 255 0 255 0 255 28 255 255 255 0 184 14 255 6 116 255 0 0 232
    255 255 0 147 255 0 0 255 255 255 0 0 0 27 255 0 129 13 221 255 0 0
    0 255 196 255 255 255 0 0 216 255 199 255 0 25 0 255 255 255 0 255 0
    0 184 207 132 0 0 0 255 59 80 0 0 255 0 255 0 154 0 255 0 255 47 245
    0 0 0 255 255 255 43 0 255 255 255 255 0 0 230 255 207 0 0 255 0 255
    207 0 0 234 255 36 146 111 56 255 255 0 255 255 93 255 55 255 0 255
    0 255 216 255 137 0 0 0 255 0 255 251 255 0 255 0 0 255 255 255 255
    255 114 0 0 0 255 146 0 255 255 0 0 255 255 0 183 251 228 255 0 255
    0 184 255 0 0 255 255 154 85 0 0 255 0 0 187 0 255 30 0 201 0 255
    244 255 0 74 0 237 255 96 0 255 255 93 0 255 227 255 0 162 255 255 0
    59 255 0 255 0 255 217 255 255 255 255 0 0 0 0 255 255 255 0 0 0 0 0
    0 255 35 255 0 0 255 255 255 0 255 0 191 255 255 0 67 0 255 0 255 0
    0 0 0 255 255 6 0 255 0 255 0 255 0 255 255 255 255 145 0 122 255 0
    255 0 0 0 0 54 255 255 0 255 154 228 0 255 0 0 0 0 255 255 255 255 0
    0 0 255 0 255 255 166 0 0 0 255 255 255 0 0 0 23 255 187 255 0 255
    255 255 0 255 0 255 0 219 28 0 255 255 255 255 195 0 0 0 221 29 0 58
    255 255 0 255 0 255 0 0 0 255 251 255 0 0 255 0 255 0 255 0 0 0 255
    163 255 212 255 0 255 0 68 255 255 255 0 253 61 0 255 255 228 0 80 0
    255 255 255 255 94 58 0 255 255 255 198 0 255 255 255 255 0 0 0 255
    18 255 0 0 0 255 255 227 255 0 0 0 0 255 0 255 255 255 91 255 255 0
    0 0 255 0 0 0 255 158 255 0 0 0 255 255 255 0 0 0 0 255 255 255 156
    255 0 255 0 24 255 0 255 255 0 0 255 231 255 0 95 255 0 255 0 0 0 0
    0 0 255 0 255 0 0 155 255 195 195 0 255 0 255 255 255 0 0 0 0 255 0
    255 178 255 0 0 0 122 11 255 255 255 118 255 0 103 79 104 0 0 0 255
    0 255 115 0 0 8 109 255 0 244 0 255 255 0 0 152 104 255 0 40 255 0
    255 0 0 0 255 255 255 200 255 0 255 0 0 13 0 255 255 255 255 255 0
    16 0 0 110 0 0 255 125 181 248 0 91 35 0 81 245 0 59 0 255 0 255 255
    255 255 0 0 255 0 0 4 171 255 179 49 255 239 255 255 0 255 255 0 255
    255 0 0 255 255 186 0 0 255 255 255 0 58 0 161 0 0 0 255 0 255 201
    255 255 213 132 0 255 0 255 255 215 0 255 0 140 194 0 255 255 255 0
    0 0 255 0 7 255 255 0 255 0 255 0 255 255 255 0 0 39 255 183 0 0 68
    0 255 0 255 0 255 0 16 170 255 255 0 0 181 255 0 255 0 0 255 255 0 0
    255 255 255 255 255 0 0 0 0 0 255 0 255 31 0 0 0 0 202 255 21 0 255
    0 255 0 0 255 255 255 0 0 68 255 255 255 0 0 190 255 0 255 0 255 0
    245 255 255 0 0 255 255 182 0 169 152 255 0 84 255 255 0 0 0 111 0
    255 255 255 198 255 255 0 85 0 0 255 255 0 0 0 245 0 14 208 139 97
    255 0 0 0 90 0 0 0 255 0 0 0 255 255 0 255 31 0 0 255 255 255 0 0
    212 108 0 0 113 0 136 118 255 0 83 0 156 255 100 255 0 0 0 0 204 255
    230 0 0 255 255 22 255 0 0 167 185 0 0 255 0 255 0 255 0 13 190 168
    74 0 0 255 255 255 0 0 22 255 255 249 0 61 255 0 151 0 0 255 0 255
    14 93 255 0 0 57 255 255 22 255 0 0 255 255 162 0 0 255 0 255 27 0
    45 12 0 225 255 255 0 0 0 174 0 255 255 0 0 0 255 16 0 0 0 255 255
    141 255 255 0 255 0 0 0 255 0 0 0 255 255 0 0 0 67 221 255 0 0 255 0
    138 0 255 255 255 240 198 255 0 255 0 255 255 255 0 255 0 62 0 86
    255 0 0 180 255 0 255 89 255 0 0 0 255 255 94 255 255 255 32 255 0 0
    255 243 0 255 8 255 0 255 0 255 255 0 38 255 0 0 0 255 255 255 0 255
    255 0 98 255 255 255 0 255 151 0 0 255 255 0 0 0 0 255 255 255 0 0 0
    255 255 105 0 255 163 255 0 185 0 170 0 255 0 0 0 255 0 0 255 255
    255 255 65 0 0 255 0 255 0 0 255 255 255 255 255 0 255 0 255 255 229
    0 255 0 255 255 0 255 0 255 0 0 255 26 244 148 0 0 0 255 0 0 255 255
    0 0 0 255 255 59 255 0 255 255 255 0 0 0 255 220 255 255 98 0 0 255
    255 0 0 0 255 0 255 142 215 110 0 0 255 255 255 38 255 255 255 255
    255 0 255 0 255 0 255 0 255 26 255 0 0 0 255 255 190 66 96 50 0 95 0
    255 255 0 0 255 222 255 0 255 255 255 0 255 0 255 101 0 0 0 255 0
    255 255 210 0 216 255 0 0 0 255 255 255 0 0 0 172 255 0 255 0 213 99
    255 26 0 0 0 0 255 78 255 79 113 255 255 123 255 255 72 0 255 69 0
    192 246 31 0 255 255 255 0 0 255 255 0 214 107 0 46 0 40 247 141 255
    255 16 255 0 255 0 255 255 0 0 246 255 255 0 255 115 5 0 0 188 255
    255 0 116 255 255 0 255 0 255 0 255 0 0 255 5 0 0 100 0 255 255 255
    255 0 255 144 255 255 0 147 0 0 255 255 255 0 0 155 116 0 0 0 255
    255 0 255 0 255 0 255 0 255 0 255 255 133 0 0 53 255 0 0 0 203 255
    219 142 0 61 0 0 245 33 0 0 13 255 255 92 110 0 0 255 113 255 83 255
    255 142 0 0 157 0 246 0 255 0 0 0 255 0 0 0 204 255 255 0 255 112
    255 0 0 0 161 0 255 255 255 0 0 0 255 255 255 255 0 0 0 255 76 255
    26 0 0 255 0 15 248 0 0 74 255 0 255 0 255 0 0 187 0 0 230 255 255
    255 0 88 47 79 0 255 0 123 73 255 0 0 85 255 255 255 0 0 88 255 0
    255 0 255 0 255 0 255 0 0 190 255 255 135 0 255 0 255 0 255 20 255 0
    255 0 255 0 0 0 255 0 255 255 255 98 32 98 255 255 30 66 255 255 40
    255 0 0 255 0 255 255 138 0 0 0 0 255 255 118 0 0 255 0 0 248 255
    255 255 0 102 0 255 255 0 0 0 0 255 255 0 194 0 255 255 255 0 0 255
    255 255 0 0 0 0 255 255 255 0 0 0 255 255 0 0 255 0 255 0 255 0 255
    0 255 0 243 0 255 255 157 255 255 152 9 34 0 255 63 0 131 255 255
    169 0 255 255 255 0 0 0 255 42 255 255 255 255 0 0 0 0 255 255 0 255
    255 255 0 59 0 255 255 255 0 0 53 255 255 255 255 255 0 0 0 255 255
    0 255 255 255 165 0 0 0 245 255 122 0 0 255 255 255 217 255 52 0 0
    255 255 0 152 0 46 145 0 0 255 255 255 0 0 255 0 255 0 0 4 255 0 0
    98 255 43 65 96 0 0 89 255 0 0 255 139 255 255 255 5 0 130 255 255 0
    176 0 255 255 0 255 0 195 0 255 255 255 255 0 0 0 255 255 162 255
    180 255 122 23 255 0 255 0 0 255 0 255 0 205 0 255 255 255 33 0 171
    20 0 0 255 0 238 0 50 255 0 255 0 160 0 255 255 0 255 0 0 0 0 255 0
    255 0 255 118 255 0 234 0 0 255 0 0 0 255 255 223 0 0 0 255 0 255
    255 108 0 255 0 255 0 0 0 0 0 0 255 255 255 43 255 255 0 52 0 255
    255 90 0 0 0 0 255 255 0 0 32 58 160 93 0 24 213 255 0 255 0 255 255
    255 0 255 255 0 0 0 255 228 255 0 0 255 255 255 0 255 0 120 255 0
    102 0 255 31 0 0 133 255 255 0 0 255 94 255 60 164 255 0 0 32 227
    255 255 69 0 255 189 0 0 255 31 0 0 0 255 0 255 0 0 0 255 255 0 26
    255 255 255 255 255 4 236 0 255 0 255 255 0 0 0 255 0 255 0 255 0 0
    0 255 255 0 0 0 255 0 168 0 255 0 255 0 0 255 255 255 34 0 0 0 254 0
    255 0 16 0 255 0 229 0 38 255 255 255 0 222 0 197 255 255 0 0 205
    255 0 255 0 0 0 72 255 0 255 255 255 49 255 117 255 255 0 73 0 0 0
    40 0 0 255 255 0 255 0 0 255 255 255 255 0 255 0 0 0 255 0 255 255 0
    0 0 255 0 255 0 205 0 156 0 255 0 202 137 255 255 255 141 0 210 255
    0 211 0 255 0 0 255 255 0 21 129 255 0 222 0 255 0 0 0 0 30 0 161
    229 255 0 0 0 0 233 255 85 255 0 255 255 65 0 0 255 0 255 255 255 0
    182 24 255 0 0 0 255 255 0 20 0 14 0 255 0 255 0 0 150 255 255 255
    255 0 0 238 255 176 255 0 2 0 255 255 121 255 255 214 0 232 0 0 105
    255 159 0 0 255 124 255 0 255 0 255 0 255 255 0 255 0 0 0 0 255 0 0
    80 0 255 255 255 0 0 0 255 150 255 0 0 255 255 255 0 79 9 255 142
    255 0 255 0 255 0 14 0 0 255 255 255 0 255 255 0 255 0 255 0 255 255
    255 255 255 0 255 0 255 216 255 0 0 0 255 255 255 70 0 0 233 163 255
    255 146 7 255 255 0 0 0 255 255 255 0 255 0 255 0 255 0 255 255 255
    101 0 0 0 177 154 255 0 0 0 62 255 167 255 255 20 0 0 201 0 0 0 255
    0 255 0 255 0 210 0 0 0 220 221 255 0 0 212 0 255 46 255 0 0 0 161
    255 56 255 0 0 0 0 255 202 255 0 255 0 255 255 255 183 211 217 255 0
    0 255 0 0 0 0 255 255 255 0 28 255 0 209 255 0 255 0 144 255 255 255
    0 0 152 255 255 244 0 0 0 0 206 255 0 221 255 255 255 95 128 255 0
    255 162 0 255 255 255 255 0 0 57 255 0 175 40 255 255 255 0 0 255
    255 0 0 246 255 96 252 0 0 0 255 255 255 0 0 255 0 0 0 18 0 73 90
    255 0 0 0 38 255 255 0 0 0 255 49 255 0 0 0 255 0 0 255 0 255 0 255
    80 255 43 52 24 255 31 0 0 212 255 255 255 0 255 0 184 0 255 255 0 0
    0 255 0 19 255 0 255 0 255 0 180 255 255 255 0 122 255 255 0 255 255
    214 174 0 0 255 255 255 0 255 255 255 0 255 0 255 255 0 10 0 255 0
    255 255 0 0 220 249 48 0 0 96 47 0 0 0 132 255 255 255 0 0 255 0 255
    0 255 0 255 255 255 255 255 255 255 0 0 255 0 255 0 255 0 255 0 106
    255 255 255 0 0 10 0 255 255 164 0 255 255 0 251 0 255 0 255 255 99
    255 0 255 0 240 0 0 255 255 255 0 255 135 255 0 0 255 13 255 0 0 255
    255 255 0 255 255 255 71 255 0 0 255 0 255 17 144 255 22 0 0 210 0
    255 0 0 255 255 0 255 0 255 50 255 0 255 255 255 0 84 255 0 0 255 0
    255 0 255 45 255 255 0 255 0 255 0 255 0 0 255 255 255 222 255 255 0
    255 0 255 0 255 15 83 255 52 0 0 0 255 0 0 255 0 255 0 166 61 255
    255 185 255 0 0 0 0 234 170 0 168 62 255 255 255 255 0 0 0 0 0 0 84
    0 255 0 255 255 64 0 23 230 66 0 0 255 255 255 192 255 0 0 0 255 93
    193 197 255 8 0 255 255 255 0 255 255 255 0 255 0 109 0 255 255 255
    0 255 0 0 255 255 255 255 255 51 255 0 79 0 255 0 97 116 0 255 0 255
    20 255 255 7 0 0 255 255 255 244 0 109 0 255 0 255 115 255 0 0 0 255
    255 0 48 0 255 0 255 255 0 255 0 255 0 255 163 255 0 117 0 255 255
    31 255 148 255 0 168 137 255 255 255 255 0 0 255 0 0 0 209 255 168
    255 0 255 0 71 0 0 255 45 255 0 179 44 144 0 0 179 255 255 0 255 0 0
    0 126 131 0 228 255 255 0 253 0 255 225 255 204 255 223 67 15 0 247
    0 255 0 255 193 255 0 178 0 255 0 255 0 200 0 165 0 0 76 255 255 255
    102 0 255 0 255 0 255 255 0 0 0 0 199 255 0 255 255 255 0 255 255
    255 0 255 0 154 255 255 249 255 233 255 255 255 0 255 47 0 0 255 255
    0 255 146 191 0 0 255 0 255 255 255 0 0 255 255 255 0 0 0 255 255 0
    34 0 213 255 255 255 0 194 255 0 82 0 255 0 0 255 0 203 255 0 255 97
    44 0 255 0 0 188 58 255 0 0 0 154 255 210 0 0 44 0 255 255 0 255 255
    255 0 23 255 255 91 255 0 0 0 0 149 255 0 0 255 0 255 34 255 225 255
    0 255 0 255 255 255 255 0 0 0 255 6 38 0 255 255 255 0 0 0 255 153
    234 237 0 0 0 172 255 255 255 0 0 0 0 255 187 181 94 219 255 255 0
    255 123 255 0 192 255 255 0 171 0 255 255 0 29 187 74 82 255 255 255
    0 255 255 85 37 0 0 255 255 255 0 0 0 255 213 255 0 0 255 255 0 255
    255 227 0 255 255 0 0 25 255 255 0 0 125 255 241 30 0 255 45 255 255
    255 0 119 0 255 255 105 0 0 255 0 0 0 187 118 255 44 0 0 0 255 255
    191 0 255 0 255 158 0 112 24 0 255 0 255 0 0 130 11 0 255 255 255 0
    0 0 255 255 0 0 255 255 255 238 100 255 0 0 82 0 0 0 0 255 255 255
    247 106 48 0 0 0 0 255 194 255 255 255 255 0 0 0 0 255 255 0 0 255
    196 255 255 0 0 51 255 0 24 255 255 0 255 0 255 255 255 82 0 0 44
    129 255 255 0 0 84 132 255 0 26 0 255 0 255 255 255 147 255 0 0 0
    255 0 246 100 0 255 255 170 0 255 255 255 255 0 3 93 255 0 0 0 255
    255 255 0 255 255 0 191 0 255 255 255 255 0 0 0 255 255 156 37 255 0
    163 0 0 0 0 255 0 0 181 255 255 255 255 0 0 255 255 0 0 0 191 255 0
    23 255 255 0 255 0 0 255 255 146 0 255 255 0 0 0 0 255 255 255 0 0
    146 0 255 0 255 0 255 0 0 159 0 255 0 112 134 255 255 0 255 119 255
    91 255 255 0 255 0 109 255 152 233 255 0 0 156 255 255 255 0 0 73 0
    255 255 0 0 255 0 0 255 255 67 38 0 255 255 255 0 0 255 128 0 0 248
    255 255 20 237 0 0 255 255 0 255 102 154 0 0 0 0 0 255 0 255 0 158
    149 0 254 124 0 255 255 0 0 0 255 0 0 9 110 0 0 255 255 255 47 0 255
    255 0 255 255 255 0 0 123 255 0 0 49 255 255 255 0 255 0 0 0 53 255
    255 255 255 255 0 155 0 255 0 172 0 255 0 0 255 255 255 255 0 0 0 0
    255 0 114 0 0 0 27 255 255 119 0 0 0 0 255 255 0 0 255 255 0 0 0 0 0
    80 255 26 0 0 0 38 255 0 116 0 0 255 255 255 255 198 255 255 255 137
    0 0 133 0 0 101 255 255 0 255 0 156 0 255 0 0 0 255 255 0 255 0 255
    0 0 255 0 255 0 255 255 255 0 0 0 86 255 189 0 0 241 34 0 255 255
    255 0 255 0 0 113 147 255 254 255 0 255 255 255 234 255 0 255 44 255
    0 19 0 174 0 255 255 255 100 0 0 140 255 255 0 0 255 0 185 0 0 255
    255 0 255 0 49 0 255 255 244 0 70 0 255 127 144 0 255 255 0 0 0 152
    255 255 255 0 0 0 255 174 255 255 255 0 0 255 255 255 0 0 37 255 0
    232 255 0 66 47 255 0 0 0 0 160 255 255 255 0 0 0 255 255 113 0 0
    143 0 0 255 255 255 206 0 0 0 255 255 255 255 255 0 255 255 0 0 0
    255 255 239 0 0 0 255 0 255 92 255 0 0 0 0 255 0 255 0 255 0 210 255
    255 255 0 0 194 248 255 0 255 108 255 0 0 0 0 255 0 0 255 255 255 0
    255 0 0 255 255 255 63 255 18 105 255 255 150 0 255 58 255 0 0 0 131
    0 157 255 255 255 255 0 255 0 0 0 0 255 255 255 124 0 0 0 8 255 255
    75 150 231 0 230 0 172 14 255 255 128 85 137 0 255 0 255 0 255 231 0
    40 255 0 0 0 0 0 0 0 255 255 208 0 102 0 0 0 255 0 255 255 255 0 0
    255 255 255 0 23 255 255 255 0 255 0 0 0 255 247 255 0 99 0 255 255
    146 255 255 0 195 0 255 0 255 255 255 0 0 0 0 195 184 0 255 255 255
    0 255 0 0 0 255 0 199 255 255 0 0 0 255 255 255 133 16 0 207 255 255
    255 0 0 0 255 255 0 0 50 255 0 30 255 255 239 0 93 255 255 0 250 255
    0 255 0 255 0 0 0 0 255 255 0 255 255 255 0 0 0 255 255 255 174 0 0
    70 255 102 255 255 139 0 255 0 255 0 0 0 255 255 255 0 0 35 255 174
    37 0 0 0 255 31 255 255 78 0 255 255 61 255 142 0 0 0 55 131 100 0 0
    45 0 255 255 0 96 0 255 0 0 255 255 181 123 182 0 0 0 58 0 255 255
    255 0 255 0 40 79 231 255 255 0 0 8 255 30 255 0 0 0 255 255 0 0 0 0
    255 0 0 128 255 255 255 0 255 255 112 0 0 96 255 0 255 0 255 132 255
    128 240 47 255 0 0 255 246 0 0 0 255 255 0 0 47 0 255 0 0 184 255 0
    62 88 0 255 255 122 255 255 118 0 1 0 255 73 0 0 34 247 255 0 0 49 0
    0 120 255 255 255 255 0 255 0 255 0 0 0 255 255 194 164 0 255 0 255
    0 80 0 0 57 255 255 0 255 182 255 0 0 0 255 255 71 0 255 0 255 0 0 0
    0 0 255 255 0 0 77 190 255 237 0 255 0 255 0 255 186 255 0 0 255 255
    255 0 255 0 246 0 181 255 0 255 255 255 146 0 203 255 0 0 0 192 255
    255 255 102 111 0 255 255 255 86 255 130 255 0 0 0 255 255 0 0 255 0
    0 255 255 255 211 0 255 0 0 0 0 255 0 255 0 255 0 255 169 255 0 188
    183 255 255 255 0 55 0 0 0 255 255 0 0 0 0 255 200 255 0 0 59 255
    255 43 0 0 0 0 74 255 255 0 35 0 0 255 255 0 0 255 255 255 255 162
    66 255 255 255 0 255 255 117 0 255 146 255 0 0 79 0 0 134 255 109 0
    255 255 255 255 0 255 0 0 0 199 255 255 255 81 0 0 255 255 0 190 255
    0 237 255 0 255 0 255 0 252 255 147 0 98 0 0 255 255 255 0 0 37 127
    255 0 255 0 255 0 255 0 224 0 255 40 255 0 255 0 255 0 255 76 0 196
    255 255 0 0 62 0 0 255 255 185 0 255 255 255 0 0 249 0 255 77 255 0
    0 133 0 255 156 255 255 201 255 31 243 188 0 255 255 255 151 0 0 255
    0 54 0 255 0 255 255 255 0 0 0 255 241 255 0 0 0 28 255 154 0 0 255
    0 189 255 0 85 0 255 255 255 255 139 0 0 0 0 255 255 255 174 0 0 255
    252 255 255 255 53 0 0 10 255 112 0 0 0 255 0 0 107 255 83 255 222 0
    0 255 255 255 0 255 255 0 0 0 255 255 225 255 0 0 0 0 185 255 0 176
    0 255 255 255 0 0 0 177 0 255 255 255 0 255 255 225 5 255 61 0 233 0
    255 0 255 255 0 0 239 5 255 0 0 0 0 255 0 255 0 0 0 85 32 255 0 0
    216 255 158 255 0 0 255 0 255 255 255 0 0 0 255 255 255 0 0 0 255 0
    251 20 218 255 65 0 0 0 70 255 90 0 255 0 121 0 111 255 255 255 0
    255 0 255 0 255 253 0 134 0 255 0 160 42 255 46 255 0 243 0 199 51
    81 208 0 255 0 0 255 0 255 0 255 0 234 255 255 0 255 132 255 40 0 0
    0 95 255 0 0 0 255 255 0 0 0 0 62 255 255 182 70 255 0 255 255 0 114
    255 234 255 255 0 0 0 255 34 233 0 255 236 118 44 255 0 255 0 255
    255 255 255 0 0 255 149 255 0 255 0 0 0 255 85 255 0 255 128 0 0 117
    255 255 192 255 255 50 0 0 255 255 0 0 0 255 252 0 255 0 0 0 255 112
    255 255 0 0 0 255 0 72 0 15 254 255 255 255 163 255 0 0 0 0 255 255
    255 255 0 0 28 0 255 75 110 255 0 79 0 255 255 255 156 255 0 255 255
    255 0 255 246 14 255 255 189 0 0 255 255 255 9 0 255 255 255 0 0 0 0
    0 168 255 255 255 0 255 166 0 0 158 255 255 0 0 0 136 255 255 0 0
    161 255 0 0 0 255 255 0 0 0 0 255 0 205 255 173 255 0 0 255 69 255
    255 255 250 255 0 0 0 0 0 0 154 43 254 255 255 0 175 0 255 62 0 255
    255 255 0 255 0 232 0 255 0 255 255 255 0 0 0 255 0 255 255 255 215
    0 11 255 255 0 255 192 255 255 163 247 164 255 0 255 0 181 0 255 0 0
    208 255 182 0 0 255 0 0 186 188 255 186 255 255 255 0 255 255 255 0
    0 0 255 255 255 0 171 255 255 16 249 0 255 242 255 0 209 0 255 0 255
    0 255 255 255 0 0 0 255 158 0 35 154 255 0 0 255 0 255 0 255 0 20
    255 91 255 0 0 255 255 158 0 0 255 255 255 255 255 0 0 0 255 0 255
    255 255 255 52 150 71 255 0 255 255 255 0 0 0 255 255 0 228 102 0
    255 255 152 0 255 83 255 0 0 0 125 0 0 0 255 255 0 255 0 255 0 255 0
    0 255 255 255 0 0 0 0 215 53 0 0 171 255 255 0 255 0 217 223 94 191
    0 255 141 63 255 255 0 0 0 227 255 0 0 4 255 0 0 211 0 255 255 255 0
    0 0 255 23 255 255 122 52 255 255 0 87 0 255 171 0 211 255 0 0 255 0
    0 255 127 174 0 0 0 189 255 255 255 25 0 0 0 255 0 0 129 255 0 255
    66 0 0 255 0 0 0 186 0 255 0 255 0 0 255 255 0 255 217 0 0 0 87 91 0
    0 255 0 255 0 0 255 255 255 0 249 0 0 0 255 255 0 0 0 0 76 255 231 0
    255 255 176 0 255 255 255 0 255 233 255 0 255 255 255 0 0 9 0 65 255
    255 0 171 255 53 0 0 255 0 255 0 255 255 255 255 255 255 255 255 255
    9 255 47 39 0 228 255 255 255 0 255 202 0 203 255 0 255 255 255 255
    0 0 0 230 255 0 135 0 255 0 0 0 0 255 255 255 255 0 255 0 30 14 255
    255 0 0 255 255 0 255 0 0 0 255 255 200 255 0 255 0 255 255 0 196
    255 0 0 0 255 255 164 0 255 0 171 0 0 255 255 255 107 243 0 255 0 0
    0 0 0 255 0 0 0 0 29 255 0 0 0 255 255 193 0 0 0 255 255 255 255 0
    255 0 255 0 0 255 255 255 84 0 255 0 255 0 255 204 0 255 255 255 255
    0 0 240 96 255 255 133 0 255 255 255 109 190 205 0 255 0 255 39 148
    92 253 255 255 255 0 0 0 255 0 0 0 255 255 0 0 255 255 146 149 0 158
    255 0 0 239 244 255 255 186 0 255 255 0 255 0 0 145 0 0 0 255 255
    255 0 227 0 255 0 255 0 0 255 255 255 89 0 39 0 7 132 255 0 255 0
    255 0 0 0 0 255 0 0 52 102 0 157 0 0 255 96 255 60 255 0 164 0 220
    255 255 5 155 0 64 13 255 0 0 0 255 178 255 0 0 0 255 255 0 0 231 0
    243 0 0 255 255 0 255 0 255 0 0 252 255 255 0 0 0 255 255 255 142
    255 0 59 255 255 0 255 0 0 201 255 255 0 216 255 255 231 0 0 144 255
    255 0 107 255 78 13 0 184 255 0 100 0 255 255 255 0 255 0 89 255 255
    0 0 0 255 0 255 0 0 0 255 0 255 255 255 255 255 0 0 0 255 255 255
    238 0 0 255 172 255 0 129 255 255 255 0 0 0 255 255 255 131 255 0 0
    255 255 255 0 0 199 0 255 0 255 0 255 0 255 255 255 0 0 0 255 124
    255 0 246 0 255 0 255 0 28 255 0 255 255 255 136 0 255 80 0 0 0 255
    0 255 0 0 0 255 0 203 255 255 255 0 0 0 0 255 0 255 0 255 0 7 255 42
    0 255 255 255 0 255 0 255 0 0 0 255 0 0 255 255 228 0 0 24 0 0 255
    255 90 0 0 255 0 255 0 255 0 0 0 255 255 255 0 255 255 0 255 0 255 0
    255 0 255 43 46 0 76 158 255 0 255 0 255 0 0 0 0 255 255 0 255 255
    177 0 0 0 255 255 255 0 255 0 166 0 255 255 0 0 0 252 0 34 255 255 0
    0 0 0 0 0 255 255 210 255 255 0 84 0 121 0 107 0 0 255 255 27 0 0
    105 255 255 0 255 0 255 0 64 255 255 255 148 0 0 10 0 0 0 255 0 222
    255 0 0 0 255 0 135 255 255 234 219 0 152 255 255 255 224 255 0 0 0
    143 255 255 255 255 255 255 255 187 255 0 0 255 255 0 255 255 204 0
    0 0 0 255 0 255 255 255 255 0 0 0 0 234 195 255 255 0 0 0 255 0 255
    0 0 0 255 255 111 82 73 0 255 0 255 255 255 37 0 0 255 255 80 191 0
    0 0 255 0 255 0 255 0 103 255 142 0 255 255 255 0 0 255 255 255 255
    0 0 0 255 255 0 255 0 255 255 255 255 0 0 174 0 0 255 255 255 255 18
    0 0 255 255 0 255 0 0 255 255 255 255 255 0 255 255 215 255 0 175 0
    0 255 255 255 255 0 0 0 0 255 255 0 0 255 160 255 0 48 0 0 0 255 255
    0 255 255 255 0 255 255 0 126 255 255 0 255 139 232 0 109 255 255 0
    202 38 0 255 255 255 0 241 36 0 0 255 255 255 0 255 0 88 0 255 255
    255 0 0 0 0 255 255 0 0 188 118 255 0 255 92 0 255 255 255 0 255 0 0
    255 255 44 0 0 255 41 22 239 255 255 255 255 0 0 0 102 0 0 225 255 0
    0 255 255 40 255 255 255 0 0 22 0 255 0 49 0 255 0 238 0 0 0 255 255
    0 255 0 249 0 255 255 255 140 255 255 0 0 0 235 0 0 255 255 255 192
    0 0 0 255 255 0 255 0 0 255 255 255 125 255 255 0 175 219 255 0 0
    255 0 0 0 0 255 255 0 0 255 255 0 82 255 255 0 0 0 255 0 255 214 255
    0 0 255 246 0 0 255 255 0 0 0 255 255 255 62 255 255 0 0 76 0 0 255
    255 0 0 255 255 249 0 204 70 54 0 255 113 255 255 255 59 0 0 0 255
    255 255 74 255 0 255 0 255 0 255 0 255 0 255 255 0 255 0 0 0 36 0
    255 0 255 112 0 255 0 255 0 0 255 255 252 255 255 255 255 0 0 0 255
    255 255 255 35 255 0 255 255 255 0 255 220 103 70 0 255 0 255 255
    255 35 0 0 0 255 255 36 255 173 0 0 255 0 255 0 255 0 0 165 0 19 255
    0 255 0 255 0 0 0 255 46 128 0 249 146 0 255 139 79 0 255 255 255
    255 255 255 237 104 255 0 139 255 0 0 255 255 142 31 255 255 0 0 0
    255 0 255 0 255 0 0 0 255 255 255 0 94 255 247 34 255 0 255 255 255
    255 0 163 0 0 255 83 0 0 0 255 255 145 255 0 0 0 255 255 255 212 0 0
    0 255 255 255 255 0 255 0 43 92 52 255 104 255 255 151 255 255 0 212
    0 255 255 255 0 255 0 255 0 255 179 0 0 255 0 255 255 33 208 0 255 0
    0 0 255 255 255 0 146 0 0 255 255 255 255 153 0 98 0 46 255 255 255
    0 63 75 255 0 255 0 0 0 255 152 255 224 255 8 255 255 0 89 252 0 119
    255 255 255 255 255 255 81 255 255 0 255 0 255 0 255 255 255 21 204
    0 104 255 0 255 190 255 0 0 255 48 255 0 0 157 255 0 43 255 255 255
    0 255 255 0 255 0 255 0 0 0 0 255 255 0 196 61 255 0 255 0 255 30
    255 72 0 0 255 0 213 0 255 255 68 0 0 255 255 158 255 26 27 0 254
    255 0 255 0 255 226 52 255 255 255 255 152 255 0 255 255 255 38 253
    251 0 255 57 255 255 0 0 0 115 18 0 255 255 0 255 0 17 255 255 255 0
    8 0 0 74 0 255 0 255 255 35 255 255 0 0 0 0 193 255 255 255 5 255 0
    0 0 218 0 205 255 222 157 0 0 255 255 255 0 0 236 255 255 0 0 0 255
    50 0 0 40 110 0 255 0 255 255 0 0 255 255 0 255 0 0 255 255 119 0 0
    232 255 255 0 37 0 233 0 255 0 255 255 246 59 0 0 158 255 255 100 0
    255 255 111 193 0 1 0 255 255 0 255 0 231 0 255 0 255 0 103 203 255
    255 255 255 255 0 239 0 255 255 253 64 0 0 0 255 255 255 0 255 0 255
    88 0 255 255 57 0 19 0 255 0 255 207 255 0 0 0 39 255 255 0 0 0 0
    255 255 31 0 0 177 46 189 48 255 255 255 0 0 116 171 0 255 0 0 255
    255 255 255 238 12 244 0 255 0 255 0 125 0 255 67 0 124 0 0 0 0 255
    255 255 0 255 255 68 255 0 255 0 255 255 12 28 255 0 0 255 255 255 0
    0 255 255 255 63 0 0 140 73 255 255 255 10 104 0 243 62 255 255 255
    0 0 255 255 0 0 0 255 0 255 255 255 0 255 0 144 64 0 255 255 139 0
    255 255 0 255 255 0 0 0 0 255 255 255 0 255 0 13 255 255 255 255 0
    255 39 255 0 0 0 255 184 252 0 255 0 255 255 255 255 0 255 0 255 255
    0 0 0 69 255 0 0 204 255 255 0 0 0 255 0 255 0 0 147 255 85 6 241 0
    255 0 255 255 0 79 106 255 206 0 0 255 255 255 0 255 0 255 0 255 0
    70 0 0 255 0 0 255 255 255 0 255 73 0 0 255 255 140 255 161 0 0 255
    21 255 255 255 255 0 92 255 255 255 0 0 0 0 0 0 255 0 74 40 189 218
    190 0 239 0 255 0 255 255 0 0 255 255 255 0 0 0 255 255 255 255 0 0
    255 255 255 0 0 0 255 255 28 0 0 255 255 45 178 14 255 0 255 0 0 255
    29 199 0 0 0 255 255 139 0 0 0 80 0 255 195 0 255 148 255 0 255 98
    255 54 208 0 255 0 0 0 0 0 100 255 255 255 0 0 188 255 255 117 0 162
    255 255 223 0 0 255 126 255 255 0 0 29 255 0 0 0 255 255 255 0 0 0
    255 255 0 233 255 0 177 41 84 0 255 255 0 0 0 255 255 255 0 255 255
    255 193 0 0 255 0 255 131 0 0 255 0 0 0 21 255 124 0 255 0 255 97
    255 0 0 230 255 0 39 255 196 255 0 0 124 255 255 0 0 0 255 255 255
    201 0 255 0 0 0 0 0 15 255 0 0 0 0 255 255 61 255 106 0 255 0 255
    255 0 255 0 0 255 224 255 0 255 0 255 201 0 0 0 198 242 255 255 255
    255 0 0 0 0 0 255 0 255 0 255 0 255 75 0 0 255 27 255 125 255 255
    145 255 0 255 0 96 0 0 255 255 0 32 154 255 0 255 0 0 0 0 255 0 249
    0 255 255 0 0 77 253 255 0 179 0 0 255 0 0 124 0 255 0 255 0 35 255
    0 255 0 0 0 0 255 168 255 0 255 114 255 0 0 94 255 40 0 0 11 147 122
    0 141 0 255 0 255 0 255 232 255 0 0 0 255 0 255 160 255 255 0 255 0
    255 255 0 0 255 141 14 0 255 0 0 255 255 0 0 0 255 255 255 0 255 0 0
    255 0 255 0 28 255 255 255 255 255 255 0 255 255 164 255 255 255 0 0
    0 255 76 255 137 255 255 0 255 0 255 0 0 255 192 255 255 1 255 0 137
    255 255 66 0 255 249 255 255 255 44 0 0 57 255 11 0 255 255 169 0
    255 0 0 0 255 176 255 255 0 0 0 216 255 255 81 255 211 245 255 0 255
    132 0 167 0 255 255 255 0 0 255 255 230 255 0 255 252 74 0 255 255 0
    255 0 255 0 93 255 93 0 0 68 0 255 0 255 255 255 255 0 0 0 132 255
    255 255 152 0 0 255 166 195 255 0 255 0 49 84 255 0 73 0 42 255 255
    107 0 255 121 255 212 0 69 0 255 255 255 0 0 255 255 255 255 0 255 0
    0 87 110 255 176 0 255 0 78 0 255 255 255 0 0 0 255 0 255 0 255 36 0
    255 255 255 25 0 255 255 255 196 255 0 255 0 255 121 42 0 255 255
    255 255 255 255 255 0 0 0 255 255 255 33 97 64 0 255 255 13 0 0 78
    255 0 0 0 0 255 0 126 0 0 255 217 255 0 255 0 255 0 0 0 255 0 0 156
    255 255 156 255 0 0 0 255 122 243 178 31 80 255 180 255 0 137 173
    255 0 255 255 108 0 0 187 222 0 0 0 0 255 0 255 224 255 255 140 255
    0 0 0 0 255 0 255 0 255 255 255 255 255 0 255 111 50 0 255 255 255
    110 255 0 0 0 255 21 255 0 0 255 0 255 0 255 255 255 204 255 0 83
    255 255 255 0 132 0 231 255 255 227 0 255 255 0 255 0 0 255 255 0
    255 0 255 255 53 0 0 0 0 0 255 255 0 0 108 255 53 63 196 157 93 0 0
    255 49 255 255 0 0 0 255 255 255 255 0 255 89 132 0 0 0 255 255 0
    255 0 255 201 255 49 255 255 0 0 0 203 103 255 255 255 0 0 0 255 255
    86 31 0 255 255 0 184 255 0 255 50 0 0 255 0 255 0 0 255 0 255 0 0
    255 255 255 142 0 0 0 250 0 0 255 217 255 0 0 28 255 255 0 0 0 255
    255 255 255 100 0 0 0 255 0 0 0 255 177 255 0 12 255 188 0 0 255 0
    255 255 255 0 102 0 255 255 255 127 0 0 10 0 0 207 255 255 112 0 7
    217 11 255 66 255 255 255 0 255 0 255 255 255 255 255 90 0 0 21 152
    255 0 255 0 255 0 5 0 255 0 255 0 0 85 0 0 0 255 255 255 0 255 0 255
    255 255 0 0 37 255 255 0 207 255 0 0 0 255 255 238 154 0 0 160 0 30
    255 204 255 186 255 255 0 255 0 0 179 255 255 0 255 0 244 255 255
    208 255 255 53 92 66 255 127 0 0 0 255 0 255 0 255 0 0 139 255 13 0
    255 0 0 255 255 2 0 0 255 255 255 0 255 0 232 40 255 0 15 108 255
    255 42 148 0 82 0 0 0 255 7 255 0 255 0 0 0 255 255 255 255 0 255 0
    0 0 255 255 255 255 0 0 255 0 254 255 255 255 0 122 255 255 255 65 0
    255 0 255 0 255 0 154 255 255 0 0 208 255 119 0 0 0 255 124 255 0 0
    255 120 255 0 0 0 255 255 255 0 255 0 0 0 255 0 2 0 0 0 255 255 255
    0 191 0 0 164 166 255 255 255 255 0 255 0 255 0 66 255 0 255 0 0 0 0
    255 0 255 0 0 0 219 255 255 23 0 144 36 47 0 255 0 178 255 0 255 29
    255 0 0 73 0 255 255 225 255 0 255 0 255 0 255 35 0 0 0 0 255 0 137
    0 0 255 255 255 0 88 0 255 255 0 0 0 255 91 0 0 0 255 147 191 255
    118 218 0 255 255 32 0 243 255 241 156 255 0 0 0 255 255 255 0 0 0 0
    255 255 14 0 0 255 7 255 0 255 255 255 106 101 255 0 255 0 0 56 255
    0 0 0 180 210 0 255 255 255 0 0 255 0 255 255 222 225 0 255 255 255
    79 0 255 0 255 0 0 0 82 255 0 176 0 0 0 186 255 255 0 117 255 103
    255 0 129 18 255 0 18 255 255 255 0 0 255 0 255 203 0 0 0 0 255 0 85
    19 255 229 0 0 255 0 255 77 255 0 0 255 0 0 255 169 255 90 255 255 0
    161 0 0 51 255 0 255 194 255 0 158 54 255 0 101 255 117 255 0 255 0
    0 255 255 255 0 0 255 255 0 255 0 255 0 255 0 255 255 153 0 0 0 37
    255 0 255 157 255 11 255 49 0 0 255 255 255 0 255 0 255 0 156 255 84
    0 0 124 173 153 0 30 0 255 255 255 255 19 255 0 177 238 0 255 255
    255 0 9 0 52 0 0 255 0 255 255 46 255 116 0 190 255 255 0 255 153 33
    255 0 255 5 74 19 0 0 0 255 198 255 255 0 217 0 255 166 255 0 0 0
    255 255 0 121 0 0 0 255 255 0 0 255 159 142 0 0 255 144 255 0 0 0
    255 255 0 8 8 31 245 0 108 255 255 255 255 227 0 255 0 255 0 0 139
    255 90 126 0 96 239 255 114 255 0 255 255 255 0 0 247 255 255 255 0
    255 0 0 0 255 255 255 0 255 81 255 0 15 219 255 227 0 0 162 0 255
    255 0 255 0 255 0 90 0 255 0 11 0 255 0 255 0 230 209 255 0 255 255
    108 37 255 81 255 186 0 73 0 255 195 255 0 255 255 255 7 0 0 255 255
    0 0 0 255 255 0 255 67 255 167 0 0 0 0 255 255 255 0 172 59 255 255
    255 0 91 0 255 186 255 255 255 255 46 75 255 0 0 0 255 255 144 0 186
    255 0 0 255 9 255 0 255 101 255 255 255 0 0 255 255 255 255 0 0 255
    0 0 221 139 0 35 0 255 0 161 0 0 0 255 148 255 26 255 255 255 0 0 0
    255 153 166 255 194 0 255 138 0 255 255 255 0 255 255 0 110 255 255
    255 255 0 243 255 255 0 0 16 255 0 105 0 255 0 255 255 255 70 255 0
    0 0 0 255 255 0 0 255 149 255 0 0 0 238 255 255 255 0 0 212 255 255
    204 255 0 112 0 255 0 255 0 79 189 255 90 0 0 235 0 53 255 255 17 0
    255 255 255 0 0 255 255 255 0 155 0 173 255 93 0 0 255 155 255 255 0
    0 0 0 255 113 140 0 153 255 0 107 0 0 255 255 47 255 255 101 0 255
    19 141 153 0 255 32 255 0 0 0 255 255 255 255 0 0 77 0 233 33 150
    214 0 255 0 255 0 255 0 0 0 0 0 0 0 192 255 255 0 0 0 0 255 255 255
    0 35 255 255 0 255 0 255 0 0 255 255 255 23 255 0 0 255 0 0 0 196
    255 255 255 0 0 0 255 255 255 255 24 0 171 0 255 0 0 0 0 255 255 255
    0 0 60 255 251 0 0 255 33 255 250 84 72 160 255 255 255 120 0 0 0 0
    235 255 255 73 0 255 202 255 152 172 255 0 0 106 255 255 0 0 0 155
    255 88 129 255 174 214 147 0 119 255 0 16 255 255 255 0 0 255 0 0
    255 255 46 255 0 0 255 255 255 0 0 0 255 255 255 255 72 0 255 89 255
    0 0 0 255 0 255 0 255 255 255 0 0 0 255 0 255 0 255 255 0 31 156 255
    0 0 0 189 255 122 0 255 71 16 0 255 0 255 255 239 255 255 155 0 0
    255 255 0 0 0 255 85 137 225 255 255 255 255 255 255 255 255 0 81 0
    255 0 255 212 0 0 0 255 255 0 255 255 255 0 0 255 255 0 8 58 255 255
    0 255 171 255 255 67 255 0 255 30 198 0 255 139 233 255 100 0 0 0
    255 255 255 255 0 0 255 0 255 0 123 255 233 255 0 0 0 255 255 100 0
    255 0 202 19 255 255 0 0 231 255 255 177 255 0 255 144 255 0 129 255
    69 255 0 160 0 255 255 255 0 0 0 0 77 0 255 0 255 0 255 185 255 0
    255 255 0 254 0 255 0 142 255 0 0 255 0 0 0 255 255 255 0 255 0 255
    19 103 0 0 255 109 0 37 0 255 255 255 0 30 3 255 29 255 255 255 92
    211 0 255 246 255 100 0 255 0 255 0 255 226 255 255 0 0 201 255 255
    0 0 0 255 0 219 51 255 255 0 0 255 255 255 0 118 255 255 0 0 0 255
    255 133 138 255 12 0 255 255 255 115 0 255 255 255 0 0 0 255 0 0 0
    193 255 181 255 0 255 77 255 255 255 197 255 0 255 108 255 0 234 80
    125 19 255 255 187 0 255 0 0 255 255 230 0 0 255 255 39 255 255 255
    0 142 0 0 87 0 0 255 255 255 0 0 138 255 0 0 255 255 255 36 0 0 255
    60 101 0 0 255 0 255 162 255 0 166 255 12 255 255 0 0 0 255 255 255
    0 0 105 162 255 255 255 63 0 0 255 0 0 0 0 255 255 255 194 0 255 0
    255 0 16 38 255 0 0 117 255 153 149 0 66 255 255 163 0 157 255 255 0
    0 0 0 255 255 19 0 255 0 255 0 255 0 191 229 0 0 255 132 21 255 171
    0 255 0 121 255 255 255 0 32 255 255 255 0 0 255 255 255 255 0 0 0
    255 255 71 255 255 218 0 255 234 255 255 255 0 255 0 255 255 255 255
    207 0 0 255 255 255 53 0 255 255 233 0 255 0 255 0 255 0 0 255 94
    255 255 255 0 0 0 0 255 255 0 255 123 255 0 0 20 255 255 0 255 0 42
    0 0 0 0 255 255 255 0 255 255 255 0 255 0 0 255 255 0 0 174 0 0 230
    255 0 157 0 0 0 255 0 12 0 255 255 255 255 0 255 255 233 0 0 171 255
    255 199 255 202 0 0 255 0 255 165 255 0 0 0 255 255 255 255 255 185
    0 0 255 255 255 0 255 241 255 255 255 0 0 255 207 0 255 255 0 111 0
    0 0 0 0 255 255 255 255 0 255 0 255 0 0 0 9 255 255 255 255 0 255 0
    255 0 0 255 255 74 255 0 255 103 255 227 255 0 255 82 0 62 255 255
    255 0 255 255 0 0 255 0 255 0 0 0 255 255 255 255 0 253 255 0 0 255
    255 106 255 255 255 255 0 64 156 215 0 0 255 39 255 0 255 0 0 255
    255 0 0 0 255 255 0 255 255 255 0 0 255 255 255 0 255 206 96 134 0
    34 255 255 255 255 47 0 0 255 255 255 2 0 255 255 255 0 0 0 255 0
    255 0 255 0 255 255 0 255 0 0 255 255 255 0 157 240 0 0 0 255 0 0 0
    255 255 0 0 255 255 0 0 0 255 0 0 255 0 255 253 255 0 37 0 0 255 0 0
    255 255 255 0 0 47 249 255 255 0 0 0 0 0 255 130 255 0 0 0 143 255
    255 105 255 255 255 255 255 0 0 255 0 255 0 255 0 255 78 0 0 0 255
    255 255 255 101 0 0 0 0 0 0 0 0 255 22 0 0 0 0 0 0 255 0 255 153 255
    255 0 196 255 255 255 12 16 0 255 255 255 255 0 0 255 0 255 0 0 202
    255 255 255 0 255 236 255 0 0 255 0 0 0 178 255 255 255 255 0 0 255
    192 0 255 60 255 255 0 165 0 255 255 0 0 0 255 255 0 16 0 174 0 105
    0 255 255 0 255 0 124 86 0 196 255 255 255 0 249 0 0 0 255 255 255
    110 0 255 0 255 255 0 255 0 255 253 0 255 0 255 0 0 0 0 0 255 255
    255 255 0 0 0 255 255 255 255 255 0 140 0 53 0 255 255 255 255 0 99
    255 0 255 0 0 255 0 255 0 255 0 0 0 49 0 255 255 255 0 0 0 0 255 222
    255 0 14 132 255 255 246 0 0 255 53 0 0 0 255 255 43 0 255 0 0 255
    255 255 0 0 0 255 255 27 0 0 255 255 255 255 0 0 141 255 0 0 0 255
    255 85 255 21 47 0 89 86 255 255 255 255 0 0 0 0 0 255 0 110 0 0 255
    255 255 83 0 0 0 255 216 243 255 228 0 0 255 255 0 255 0 255 180 104
    255 168 173 9 255 143 0 255 255 0 236 0 255 0 105 0 0 125 255 255
    255 0 67 89 0 94 0 128 139 255 0 255 0 255 255 0 255 255 0 0 0 0 0 0
    255 0 255 251 255 0 255 56 0 0 0 255 255 255 222 0 168 0 255 0 255
    255 255 0 0 169 0 255 0 255 0 255 255 255 0 166 255 255 0 0 255 255
    255 0 0 0 255 255 255 255 0 255 0 255 0 255 0 255 255 255 0 255 255
    189 165 255 255 255 0 108 255 255 255 255 0 0 0 0 255 0 10 0 0 0 0
    255 255 0 0 0 0 0 0 24 255 0 0 0 0 255 34 0 0 174 255 255 255 128
    235 0 0 0 255 0 255 0 0 0 0 156 0 255 255 255 5 255 255 255 0 0 0
    255 255 194 0 0 255 255 255 255 0 0 255 255 255 0 0 0 148 255 0 0 0
    0 14 0 132 0 255 255 255 0 255 0 239 0 0 48 255 255 255 0 0 253 255
    255 255 0 255 0 255 0 255 0 0 0 118 255 255 39 0 0 255 255 0 0 255
    255 255 0 255 0 255 255 0 0 216 255 255 255 0 131 255 255 0 0 0 255
    255 255 0 255 0 255 0 255 255 0 0 0 0 255 255 255 3 0 255 0 255 0 29
    255 255 180 255 0 0 0 0 255 255 255 124 0 0 0 255 255 235 0 255 3
    185 255 255 15 202 255 255 0 0 239 87 255 255 0 255 21 255 216 144
    255 0 255 0 0 0 255 0 255 255 0 0 182 255 255 146 0 0 0 255 255 0
    104 0 255 0 112 255 45 0 0 0 0 253 255 0 255 98 2 221 255 255 5 255
    255 255 255 255 49 159 0 0 0 0 0 0 168 85 255 0 0 0 255 255 0 255
    255 255 0 0 0 0 0 255 255 0 153 102 255 255 255 255 0 0 255 0 0 255
    0 138 0 255 255 255 255 0 0 0 8 255 35 255 0 255 127 255 255 255 255
    0 228 0 0 0 255 158 124 255 189 255 0 255 0 73 185 0 0 90 255 0 0
    255 0 0 0 0 0 255 255 255 0 0 0 0 0 255 255 255 255 0 0 157 255 255
    255 255 58 0 0 0 255 255 168 120 255 128 0 255 255 255 0 18 0 255
    255 255 22 0 0 0 122 0 255 255 255 255 0 255 0 255 0 90 255 116 255
    255 17 255 0 255 0 0 0 255 255 255 0 255 255 255 0 254 255 255 255 0
    0 0 0 12 255 255 96 0 149 61 0 0 0 255 255 7 84 255 9 151 38 241 255
    0 148 0 255 0 189 180 255 82 255 0 255 0 127 0 0 255 255 255 231 0 0
    0 8 255 0 0 0 255 207 255 255 0 255 0 255 54 255 0 139 0 255 141 0
    255 255 237 60 0 149 0 255 0 98 0 246 0 255 0 64 255 0 0 0 255 255 0
    44 0 255 255 0 0 255 0 253 255 255 0 0 0 255 255 0 112 255 255 0 0
    255 255 255 0 255 0 255 0 255 0 0 255 10 255 183 0 255 255 237 70 0
    255 255 255 23 255 0 0 0 255 255 255 255 255 240 142 0 0 255 255 227
    0 13 255 255 125 0 222 255 0 0 255 255 0 154 0 0 0 0 0 0 255 0 255
    255 0 0 0 255 255 0 0 14 255 255 255 4 0 0 255 0 0 255 255 255 0 112
    0 255 255 19 0 0 0 255 255 255 0 255 255 255 0 0 255 255 255 255 197
    0 24 0 30 0 0 0 255 255 255 255 0 38 0 194 173 34 0 255 0 255 255
    255 0 255 0 0 0 0 255 255 255 0 136 255 255 0 255 0 0 0 0 0 255 255
    255 225 0 0 0 82 255 255 255 0 255 255 255 0 0 255 255 0 0 0 0 84
    255 228 16 255 0 255 0 255 0 255 202 0 0 0 79 255 255 0 0 0 191 58
    234 255 0 0 0 255 255 152 255 171 0 0 0 255 0 100 0 0 174 0 218 0
    255 89 255 255 0 255 0 226 100 255 255 0 0 0 255 255 255 95 0 255 0
    255 218 255 255 255 0 0 0 255 255 212 255 255 0 255 255 182 0 190
    255 255 0 100 0 218 0 255 0 200 255 255 255 255 0 172 255 255 255 0
    255 0 0 0 255 0 255 0 255 0 255 37 0 177 255 255 0 126 0 255 0 255 0
    255 0 255 0 74 0 99 255 163 255 0 246 255 255 0 0 0 209 255 0 255 0
    255 255 0 0 0 255 236 255 167 255 0 215 255 255 255 200 0 0 0 206 0
    255 0 255 138 255 198 0 0 0 207 163 255 0 120 0 255 0 255 255 199 0
    0 0 255 255 255 0 19 12 255 255 0 0 0 255 0 255 255 255 255 0 255 0
    0 255 255 0 0 0 255 0 255 0 149 255 255 0 96 255 255 255 0 255 0 206
    255 204 0 255 255 0 179 0 255 0 255 0 0 255 0 234 0 0 155 0 126 0
    255 255 255 255 255 255 0 0 161 255 255 255 0 255 0 255 0 255 255
    255 51 0 0 200 255 255 0 35 0 255 255 255 0 0 0 0 255 0 1 0 255 0
    255 26 128 0 162 255 255 0 255 0 169 0 104 255 255 255 255 169 0 0
    255 0 255 255 0 0 115 255 0 0 255 0 0 0 255 255 255 65 0 0 0 255 0
    255 0 255 118 255 255 255 0 0 0 0 255 85 0 0 0 255 164 255 227 255 0
    0 36 255 255 255 255 0 0 136 228 255 255 79 255 255 0 0 141 255 255
    124 255 74 0 255 0 255 23 255 187 109 255 21 0 255 0 205 255 0 0 0
    255 0 255 61 13 0 74 0 255 255 0 68 209 255 0 33 255 255 128 255 0 0
    0 0 0 255 0 255 0 255 174 255 255 0 0 255 233 255 0 128 255 255 255
    0 0 0 0 0 255 255 255 166 0 0 255 255 255 0 170 0 173 210 0 18 0 0
    255 0 255 0 0 0 198 255 8 255 0 255 103 255 255 255 255 0 0 0 255
    255 255 0 0 0 0 0 255 48 255 0 255 255 255 0 143 0 255 255 255 0 0 0
    0 255 255 255 0 0 0 255 0 255 0 255 0 0 155 255 255 18 255 0 255 255
    0 145 37 0 255 0 255 255 255 0 0 0 149 255 255 255 0 255 0 0 0 119 0
    255 0 255 255 0 0 255 0 42 0 255 255 255 0 0 115 255 24 0 0 255 255
    255 255 0 0 0 255 255 15 255 62 255 255 255 68 0 0 74 255 255 0 0 86
    255 202 0 247 0 0 88 93 255 0 221 0 0 255 255 255 0 255 0 0 0 194
    255 255 113 0 255 29 78 59 255 152 0 0 0 124 255 0 255 255 255 255
    255 79 149 0 255 0 135 232 192 255 40 255 255 255 0 255 0 255 90 123
    0 0 0 128 255 0 178 255 255 0 2 0 255 206 255 0 0 0 0 255 255 220
    255 0 255 9 201 255 92 0 0 0 0 0 0 255 238 255 0 255 255 255 255 0 0
    255 255 94 255 0 0 151 0 0 248 47 255 255 255 0 255 255 255 255 0 0
    0 98 255 255 42 255 0 255 59 255 0 255 0 0 0 255 255 255 255 0 0 0
    255 255 0 0 0 255 255 0 0 255 255 0 0 0 255 255 255 0 0 197 83 255
    255 0 0 255 255 255 226 255 255 255 70 255 0 0 255 0 255 255 0 0 0 0
    0 191 255 255 0 168 0 0 0 255 255 255 194 35 84 202 0 255 52 0 0 255
    255 0 166 255 0 0 0 0 0 195 0 255 221 0 0 4 255 0 255 111 255 219
    255 0 0 0 0 0 255 255 0 0 0 255 255 255 180 0 0 255 255 222 0 95 0
    204 0 255 255 255 0 0 255 255 122 255 0 255 210 255 0 0 0 255 255
    255 0 0 0 255 255 221 255 255 255 0 213 0 104 255 255 255 0 0 0 255
    0 255 180 255 0 0 0 181 255 0 0 101 0 255 0 0 255 255 0 0 0 255 255
    0 0 8 255 255 0 255 3 255 82 255 0 255 3 0 0 255 0 255 0 123 255 0
    255 0 255 0 230 0 120 0 0 255 123 255 0 255 0 0 0 255 161 255 0 28
    133 65 0 0 255 105 255 0 0 0 19 255 0 255 255 228 194 87 8 7 0 0 245
    0 255 0 185 0 255 255 172 0 0 0 186 255 0 138 255 0 49 147 0 110 0 0
    255 0 255 26 255 43 0 0 255 255 0 0 255 0 68 59 0 0 61 255 255 81
    255 14 255 129 0 255 255 184 0 0 255 255 69 0 255 255 85 140 255 255
    255 255 0 0 255 0 255 0 255 0 0 0 255 219 255 255 189 0 0 255 0 0 0
    255 196 255 0 0 0 255 255 255 255 255 255 0 0 0 255 0 0 94 0 0 255
    255 0 198 0 209 0 137 0 0 111 0 217 255 0 0 0 159 255 255 188 0 0
    157 0 255 0 0 0 33 255 255 255 255 0 255 0 0 163 0 255 255 0 0 0 105
    0 255 0 255 12 255 255 0 0 0 255 255 222 250 255 0 255 0 255 10 90 0
    255 0 0 0 255 255 255 0 0 0 77 239 255 255 0 0 0 255 255 252 0 255
    193 255 255 0 255 0 192 0 255 67 255 255 0 244 0 255 0 255 0 0 255
    104 255 255 255 0 0 0 0 255 255 0 0 0 255 255 0 0 0 0 31 0 255 255 0
    0 255 255 255 255 0 255 0 255 0 31 0 0 255 255 0 0 255 0 0 255 255
    145 0 0 255 255 0 0 255 255 0 81 255 255 0 120 0 255 255 186 255 255
    0 255 255 255 0 0 0 255 255 255 0 205 0 255 103 255 10 255 250 0 255
    255 255 0 218 0 255 53 0 255 0 255 145 255 110 255 0 255 0 255 255 0
    255 215 255 255 0 0 255 255 0 220 255 0 0 0 176 255 45 157 255 255
    255 0 0 0 255 255 79 0 0 0 115 55 63 255 255 87 46 255 251 162 255
    55 0 0 98 165 255 255 149 255 255 255 255 18 0 255 239 76 0 255 0
    255 0 0 215 255 255 255 0 14 0 69 0 255 255 0 0 0 255 207 255 0 255
    255 190 0 255 255 233 166 255 255 0 255 0 143 226 0 106 255 4 0 255
    255 110 0 0 161 255 0 0 0 0 255 255 255 255 0 0 0 46 41 0 255 255
    255 0 255 255 255 0 15 0 255 0 0 210 0 70 0 0 255 106 0 255 0 255 0
    255 255 255 255 247 0 0 0 0 255 255 255 255 88 255 0 197 255 255 251
    0 157 255 255 255 0 0 238 255 255 255 0 255 21 255 255 0 0 0 255 134
    255 0 0 0 255 187 255 255 0 85 56 255 0 0 0 255 255 255 255 0 255 0
    0 255 241 255 0 0 0 255 255 244 0 0 0 255 255 0 0 0 0 0 255 0 255 0
    255 255 38 255 0 0 0 255 42 255 0 112 255 255 255 0 0 180 0 103 0 0
    0 0 255 255 255 255 190 0 0 255 255 0 0 255 255 252 0 255 255 255
    255 0 0 0 79 255 255 0 0 84 255 224 0 255 0 255 255 175 172 0 0 209
    255 255 0 255 0 255 0 255 0 0 0 255 0 255 255 255 134 255 0 107 0
    131 97 24 141 255 255 255 0 26 0 255 0 160 27 255 193 255 0 255 67
    255 255 0 0 255 255 0 17 0 0 0 0 0 31 255 0 255 0 56 255 255 0 0 255
    0 0 0 1 255 0 0 150 255 255 121 0 0 0 255 115 86 0 255 0 0 255 255 0
    255 255 202 255 229 255 0 255 255 255 0 255 169 255 255 0 184 0 255
    61 0 255 255 0 0 0 255 0 255 0 255 255 255 0 0 0 255 255 38 0 12 255
    0 255 0 0 0 255 79 170 255 255 255 0 0 0 255 0 255 255 255 88 0 0
    255 255 255 255 0 0 255 255 0 255 83 255 0 255 255 0 255 0 255 0 255
    255 90 0 0 219 255 255 0 113 0 255 80 255 0 255 255 192 0 0 255 185
    0 6 0 255 0 255 103 255 255 0 39 0 255 0 255 255 0 255 255 255 0 255
    214 220 0 0 255 0 255 255 172 255 0 0 0 255 255 255 0 127 0 255 0
    255 0 255 0 0 255 255 255 0 152 255 46 255 156 159 0 255 0 28 0 0
    244 0 255 52 255 255 255 23 0 0 0 255 255 255 255 0 30 0 255 0 128
    255 255 0 50 0 255 0 78 0 255 255 0 0 255 255 255 0 255 123 0 13 0
    255 255 255 119 0 0 43 255 255 24 0 91 255 0 255 0 255 0 255 0 148
    102 255 0 255 0 255 0 255 255 255 177 18 0 88 255 0 27 0 0 255 255
    255 255 0 255 0 0 0 255 255 255 0 0 255 43 255 0 255 218 168 0 255
    255 255 255 0 255 255 255 255 0 0 0 255 247 255 221 169 255 0 255
    255 0 0 0 255 255 255 23 166 0 39 255 255 255 0 255 186 255 222 255
    0 0 255 0 255 0 255 198 255 0 255 255 255 0 0 255 255 0 250 0 255 0
    255 0 0 0 164 255 255 227 0 0 0 149 0 0 77 0 215 255 255 255 255 255
    0 43 255 255 255 0 255 0 74 216 255 15 0 255 0 255 0 0 0 255 255 12
    255 0 0 255 128 0 124 255 23 53 255 255 237 255 0 0 255 0 255 0 229
    0 146 0 255 255 255 255 0 0 0 255 255 255 0 0 0 255 255 132 0 255 0
    0 88 0 255 255 255 0 0 0 0 255 255 0 187 255 255 255 0 0 255 111 255
    193 255 0 0 48 255 255 255 0 255 0 255 0 255 0 255 0 0 0 0 83 21 255
    0 0 0 0 255 255 255 255 0 255 0 255 0 0 255 0 0 5 255 173 255 0 245
    0 0 255 255 255 235 223 0 0 0 0 255 255 255 255 0 255 0 255 108 255
    0 255 0 0 207 255 0 255 0 255 34 114 0 0 255 255 0 0 44 255 255 255
    255 0 0 0 255 255 0 39 13 255 0 255 0 255 0 0 0 0 255 255 255 255 0
    255 255 156 0 0 0 255 59 255 0 0 255 255 255 0 0 155 255 255 255 255
    0 0 239 255 255 79 0 0 0 100 255 255 255 178 0 0 105 255 255 0 255
    234 241 28 0 45 0 255 0 255 193 208 0 255 0 255 255 255 0 0 0 255
    255 255 255 255 0 222 0 0 0 0 255 0 255 0 255 0 255 0 255 0 48 255 0
    255 0 0 202 255 255 255 255 255 0 113 0 81 0 255 255 255 255 255 0
    12 121 0 0 255 255 0 0 0 0 255 0 255 255 255 14 0 138 244 0 255 147
    255 54 255 255 215 255 0 0 0 0 0 255 255 154 0 0 255 0 0 255 98 70 0
    0 255 0 10 0 255 0 255 0 56 255 22 255 0 121 228 255 0 0 0 255 0 0
    255 246 72 255 0 0 0 0 255 255 255 0 255 255 255 255 0 255 0 0 0 255
    255 255 168 70 82 0 0 255 255 132 255 0 255 255 0 0 0 0 255 255 221
    0 0 255 255 0 255 255 0 3 143 255 192 0 62 0 0 0 255 255 41 181 255
    227 115 0 0 18 255 64 127 0 255 0 0 255 255 255 173 0 0 215 0 0 255
    255 0 0 255 224 3 0 0 0 0 0 255 105 255 0 0 0 68 255 186 255 255 0
    13 255 234 0 255 0 69 165 0 0 0 255 137 255 255 255 0 0 30 0 255 255
    0 0 0 255 255 255 255 0 0 255 255 63 0 0 255 0 255 0 0 255 255 0 0 0
    0 255 52 153 172 0 255 0 255 255 255 0 59 0 38 226 255 0 0 0 255 255
    199 201 7 208 255 0 0 0 48 255 255 118 0 0 0 0 255 0 255 0 0 0 138
    255 0 146 145 255 255 255 41 42 0 0 0 255 201 0 0 0 255 255 255 0
    255 0 255 0 255 0 0 0 0 255 0 0 0 0 164 0 255 0 0 255 0 255 0 255
    255 0 0 0 147 255 255 0 0 0 0 255 199 0 255 0 255 117 255 255 0 255
    255 255 255 0 112 0 0 0 77 255 255 255 0 0 0 0 236 0 1 255 255 0 0 0
    255 50 56 60 255 255 0 255 0 255 255 0 255 0 255 0 255 0 0 0 135 0
    255 255 67 255 0 0 0 0 40 105 255 0 91 118 0 173 0 0 255 0 0 0 53
    255 63 0 255 0 0 255 255 255 0 43 0 0 255 88 255 0 141 255 255 255
    184 0 236 9 253 0 0 0 0 255 121 0 255 0 255 0 255 0 255 255 255 0 0
    0 225 255 230 120 0 255 157 255 0 0 255 0 230 0 0 255 157 246 255
    214 0 0 255 255 255 247 221 255 0 255 255 255 189 0 255 0 255 225
    255 0 255 0 87 0 255 255 255 0 0 255 164 0 255 255 255 255 0 0 37
    232 145 108 0 255 0 255 0 105 0 133 0 255 255 255 0 0 108 255 255
    255 0 255 31 255 255 0 255 0 255 175 255 0 255 0 0 255 0 255 0 209
    14 255 255 228 110 0 133 0 0 0 75 255 255 9 0 0 22 255 255 255 255 0
    0 216 255 255 0 0 203 255 0 0 0 255 0 206 112 0 255 255 0 255 0 0 0
    0 255 255 255 255 255 0 0 0 255 255 255 0 255 0 120 0 255 255 210 0
    0 255 0 127 255 255 0 255 0 0 0 255 255 255 255 0 0 0 255 255 0 0 0
    0 255 168 255 0 255 0 93 0 0 96 126 255 0 0 255 255 31 142 0 255 250
    0 255 0 255 255 77 0 0 255 255 255 48 0 0 255 0 17 0 255 255 0 109 0
    255 255 255 0 0 0 255 255 255 0 91 0 255 255 0 0 0 28 255 0 0 0 250
    0 0 168 0 255 252 255 233 255 0 0 0 174 255 255 255 0 0 0 251 0 0
    255 255 107 0 255 255 149 255 255 0 0 180 255 0 0 255 255 255 255 0
    0 0 255 255 0 0 0 255 255 255 255 255 33 0 0 0 194 0 255 255 0 0 0 0
    0 105 255 255 255 0 134 92 0 41 70 255 0 0 0 255 0 255 0 212 61 255
    132 198 127 0 255 99 220 0 0 255 0 0 32 255 255 255 254 255 0 255 0
    107 0 255 157 0 255 105 0 0 0 255 255 0 0 0 255 208 254 0 255 0 0
    255 0 140 184 255 255 255 0 0 255 255 0 0 59 255 255 237 0 255 0 0 0
    255 255 255 255 0 255 114 0 0 255 240 28 0 0 255 255 255 255 0 0 0 0
    255 255 0 148 0 0 0 0 22 255 255 255 255 0 0 0 255 0 255 91 0 255
    255 255 0 0 0 255 255 255 37 0 255 0 255 255 255 0 255 0 137 255 255
    135 255 255 242 255 255 255 254 255 0 0 0 0 255 255 255 0 0 0 0 0 0
    27 255 255 255 0 55 0 205 255 255 0 0 41 255 0 255 255 0 0 255 213
    37 180 0 0 185 255 0 255 255 255 0 0 144 255 255 37 0 255 255 255 0
    198 255 0 0 23 90 0 0 255 255 157 255 0 0 0 255 0 0 0 0 255 0 0 0 0
    196 0 255 255 255 0 0 0 255 255 235 0 0 255 255 255 0 250 0 255 43
    255 0 255 255 255 255 80 0 0 0 255 255 123 255 0 0 0 37 6 0 0 0 0
    254 255 0 255 0 86 0 255 255 255 255 190 62 0 196 42 255 255 28 0 0
    255 32 0 255 255 63 255 255 0 125 255 0 0 255 255 0 255 40 214 7 3
    54 0 255 255 0 0 244 0 255 255 83 255 255 255 255 0 255 0 255 230
    255 0 0 235 255 255 255 255 255 0 255 0 215 0 255 0 255 0 148 0 255
    64 0 255 255 255 0 0 0 255 0 255 255 0 0 255 255 255 255 0 255 88
    255 255 255 55 255 0 255 75 6 0 255 255 255 255 0 0 214 0 255 8 139
    58 0 255 0 0 0 255 89 0 0 0 255 255 0 0 0 255 255 175 0 255 255 255
    255 255 0 255 0 0 201 0 255 0 0 217 0 0 0 255 136 35 255 0 0 255 89
    255 196 255 0 165 0 0 0 23 0 64 255 255 255 0 0 0 255 0 0 0 236 0 0
    117 153 70 255 255 0 255 0 255 255 145 255 255 255 0 129 0 0 0 0 202
    255 255 255 0 219 0 255 0 0 0 255 4 0 255 255 0 0 0 0 255 255 255
    175 0 255 0 255 77 0 255 0 255 0 168 0 255 14 0 255 0 255 114 0 255
    255 0 0 175 52 217 255 255 255 0 255 0 0 255 255 255 0 0 0 152 0 202
    0 0 0 150 255 0 255 0 0 56 255 0 255 0 0 255 0 0 255 0 212 0 255 255
    182 0 0 255 0 0 0 255 255 0 255 132 0 0 0 255 0 255 0 255 255 255 36
    0 0 0 255 255 0 255 255 13 255 0 0 0 0 255 0 0 0 255 255 255 0 255 0
    255 0 0 0 255 132 255 255 0 0 225 0 0 255 255 255 0 0 255 0 255 0
    255 0 17 0 0 12 0 118 0 255 0 255 0 255 0 255 0 255 0 255 0 80 88
    255 48 219 255 0 255 0 255 0 0 255 0 255 0 0 255 255 255 0 0 255 255
    108 0 0 0 0 22 222 255 255 255 62 108 0 255 255 255 0 0 0 255 86 255
    202 0 229 0 104 0 255 255 255 0 0 255 0 0 115 255 255 255 255 0 0
    255 0 255 0 255 0 255 0 255 0 255 255 255 0 238 0 203 255 0 0 0 255
    255 0 0 0 255 0 0 255 0 0 255 0 0 27 255 107 255 0 255 0 255 31 0 0
    255 0 255 255 255 0 255 255 0 0 34 163 0 0 255 34 255 63 255 0 250 0
    255 0 255 255 255 255 0 0 255 255 49 255 0 255 0 255 255 255 0 255
    255 164 0 0 0 159 0 0 0 255 255 0 0 0 255 0 255 255 0 225 0 255 0
    255 227 25 0 0 0 170 255 255 255 179 0 0 0 255 255 84 255 0 0 0 0 0
    255 255 0 0 0 0 255 0 255 209 0 37 255 0 0 127 255 180 255 0 255 0
    71 0 0 0 255 0 143 0 255 0 113 78 255 255 0 252 174 0 0 0 0 255 0 0
    255 255 255 65 0 0 255 0 0 255 0 255 0 255 0 255 255 0 0 143 255 126
    255 255 255 0 0 0 255 192 255 255 123 0 255 255 255 255 0 0 0 255
    255 255 0 0 0 0 255 0 0 255 15 255 0 255 255 255 0 0 0 255 0 255 0 0
    0 0 255 255 0 191 0 255 255 0 0 0 166 255 255 0 255 0 0 0 255 255
    255 0 255 255 255 0 0 0 0 255 0 255 0 0 0 242 0 0 0 111 0 255 0 255
    0 255 255 255 20 255 255 255 255 60 0 255 138 71 255 255 21 0 185
    255 255 10 230 0 255 174 255 255 255 0 0 215 240 255 0 34 255 0 255
    255 255 0 0 255 0 0 255 0 235 255 255 163 0 0 0 0 255 255 0 255 255
    0 0 0 246 255 255 255 255 169 58 0 0 0 255 255 255 0 0 255 255 255 0
    255 255 255 255 54 255 255 255 0 0 255 0 0 0 0 255 255 255 255 255 0
    0 255 158 0 255 255 0 0 255 255 0 0 255 255 0 0 0 0 255 0 255 255 0
    0 0 255 241 255 255 255 255 0 0 0 2 75 255 173 89 255 255 222 26 0
    255 255 255 255 255 255 0 80 109 255 0 0 0 255 66 255 35 255 255 187
    0 249 200 181 255 255 95 37 0 0 255 0 255 0 255 0 0 255 211 0 0 0
    255 255 50 255 0 65 255 255 0 0 255 255 189 0 146 0 255 0 255 43 0 0
    255 255 90 112 0 0 0 0 124 111 255 181 0 255 0 255 66 0 0 255 255
    255 0 13 0 255 255 255 255 255 219 0 0 255 255 255 249 0 0 0 255 0
    17 255 0 47 0 255 0 0 0 183 255 164 255 0 255 0 0 255 22 255 70 255
    234 255 0 255 255 255 255 0 152 255 148 0 0 255 255 255 0 255 255
    255 186 0 11 0 0 0 255 214 255 0 236 255 18 255 255 255 0 255 236
    149 55 0 0 255 255 255 255 0 255 24 0 0 255 255 255 0 0 255 255 203
    0 0 255 255 102 0 0 45 255 0 0 0 236 0 255 0 255 0 255 255 255 0 255
    0 255 255 255 255 0 0 148 0 255 68 184 255 255 255 1 255 0 255 0 149
    68 0 0 0 0 255 0 255 0 255 0 255 0 255 255 255 255 0 0 0 0 0 255 255
    255 255 0 189 0 0 0 255 255 82 0 0 0 255 255 64 0 0 255 255 255 0 0
    0 111 103 255 62 0 255 0 16 0 44 255 0 91 0 255 255 255 0 0 0 255
    255 255 0 0 34 21 26 255 0 0 0 0 0 255 255 255 0 0 0 255 255 255 0 0
    0 0 255 0 255 0 255 0 255 0 255 0 255 0 47 255 255 156 0 0 0 191 255
    255 0 0 0 0 246 255 255 0 0 255 255 0 0 255 255 255 0 0 242 0 0 148
    255 255 1 0 255 0 0 167 255 39 255 0 61 0 255 255 255 187 0 0 255
    255 0 255 255 255 97 0 0 0 255 0 7 0 255 255 0 0 0 134 0 0 0 255 195
    255 255 255 0 0 255 123 194 244 255 0 0 0 204 0 255 161 255 255 0 0
    255 0 193 0 0 255 255 255 0 0 152 0 0 0 255 255 38 0 0 0 255 142 255
    0 255 0 255 0 210 160 255 255 0 0 0 255 0 255 255 255 0 0 0 230 202
    85 10 0 255 255 255 0 0 0 255 0 255 0 112 255 255 255 235 121 255
    222 255 106 0 255 255 0 0 0 199 134 255 0 255 255 0 0 169 255 255
    255 255 0 255 255 255 171 0 0 139 67 255 0 0 0 0 0 255 255 255 0 255
    0 0 255 255 54 192 255 34 0 0 134 255 255 0 255 0 255 255 255 255 0
    226 228 255 0 0 52 0 0 0 185 255 255 0 0 0 255 0 255 255 0 71 43 255
    39 186 0 255 255 255 248 191 33 0 0 0 0 0 255 255 255 0 255 0 224 0
    201 255 255 135 0 255 0 255 0 255 255 0 0 0 175 255 95 51 255 0 0 0
    255 253 0 255 255 255 0 0 255 171 0 0 0 255 255 0 0 255 255 255 0 0
    0 196 255 255 0 0 0 0 208 0 0 255 255 255 0 0 0 255 255 0 255 0 0 0
    255 0 171 228 255 255 179 255 0 0 0 0 110 60 255 255 0 0 255 0 80 0
    255 0 255 255 255 0 255 0 0 110 255 0 255 0 255 0 255 255 124 0 255
    255 102 206 132 0 0 202 0 255 255 255 0 0 255 0 0 0 0 255 255 255 0
    255 0 255 255 94 0 0 255 0 58 255 0 255 73 148 0 255 140 255 0 255
    255 255 0 0 255 0 255 0 0 0 255 22 0 0 0 255 255 255 144 0 0 0 178
    255 214 255 0 0 0 0 255 255 255 255 124 1 0 255 0 255 255 0 0 101
    255 195 255 255 255 0 0 255 0 227 255 255 125 255 0 198 139 0 125
    168 89 0 0 0 119 0 255 255 0 0 255 0 110 255 255 255 0 0 93 167 255
    255 255 0 0 0 162 255 255 0 0 236 0 255 0 255 255 0 72 0 255 0 255 0
    0 255 97 0 0 0 255 0 250 255 236 255 0 0 0 255 255 91 255 0 255 0
    255 0 255 0 255 0 255 0 0 0 255 84 255 0 255 255 0 0 0 217 0 0 0 0
    198 0 255 255 255 0 255 0 94 0 255 85 194 0 255 0 255 255 235 255
    129 0 0 0 0 5 78 255 255 161 0 255 0 255 0 255 0 48 225 255 255 0
    255 0 255 255 255 255 255 0 228 255 255 255 165 255 0 255 0 0 0 78
    255 255 255 0 0 0 255 255 250 0 194 0 255 0 255 0 255 0 255 41 0 0 0
    255 255 255 255 76 0 255 43 255 0 0 3 0 255 255 255 255 67 255 0 0 0
    255 255 255 255 159 46 255 0 0 1 0 255 255 255 0 129 140 34 0 0 0
    255 255 201 44 255 0 255 0 0 255 255 255 255 255 0 0 0 0 255 0 0 255
    0 255 0 255 255 255 0 0 0 101 255 0 255 0 0 0 255 255 255 0 0 255 48
    255 0 255 34 0 255 255 255 0 0 0 102 255 255 0 255 0 0 0 255 255 255
    255 255 0 0 255 73 255 255 111 200 255 82 255 0 143 255 0 151 178
    255 235 0 0 62 255 255 255 255 255 255 255 255 0 0 0 62 0 255 255
    255 0 255 0 108 0 255 0 0 196 255 255 255 0 0 0 255 255 255 255 248
    0 46 255 255 169 56 255 255 255 0 255 0 255 0 240 255 0 112 255 255
    255 0 202 0 223 255 255 0 0 0 255 255 0 0 255 255 0 253 0 255 0 0
    255 255 255 255 0 255 255 255 192 0 0 255 0 85 42 255 255 255 255 0
    189 0 255 0 246 0 255 167 255 0 0 255 255 0 255 0 255 237 0 0 65 255
    255 237 132 0 255 255 133 0 0 0 0 0 0 0 0 0 255 255 255 255 255 0 87
    0 245 102 0 44 255 0 255 255 255 0 0 0 255 0 0 0 0 255 0 255 0 255
    255 0 255 255 255 0 0 0 0 255 255 255 0 81 0 0 0 255 0 255 96 0 0
    255 255 0 0 0 0 255 212 255 255 19 255 0 240 255 255 72 76 0 255 0
    255 255 255 0 255 0 0 0 255 255 255 0 0 255 0 255 0 255 255 255 164
    26 0 255 209 255 0 76 255 153 255 0 0 25 255 255 0 255 57 255 0 0
    255 255 255 0 0 212 255 0 255 255 152 0 0 81 0 255 0 0 43 0 90 255
    122 255 0 0 0 255 255 212 0 255 84 60 0 117 0 39 255 255 255 143 0 0
    180 0 0 0 220 255 255 255 13 0 0 255 255 255 31 255 0 255 0 71 0 255
    233 0 255 255 255 0 0 0 255 0 255 74 255 255 255 0 113 0 255 0 255 0
    255 0 255 255 255 0 46 77 255 255 67 0 119 97 255 255 0 0 0 255 238
    0 255 255 255 147 0 0 255 255 255 0 0 255 255 201 0 0 255 255 255 0
    0 255 255 255 0 255 0 255 0 213 0 255 0 255 0 255 0 0 255 255 255 0
    194 0 255 255 255 42 0 0 105 255 255 255 22 255 255 255 0 255 0 0
    255 79 0 0 0 255 255 22 103 0 0 110 255 0 0 255 81 0 0 105 255 255 0
    0 255 0 255 0 0 0 255 0 255 234 255 0 0 255 121 255 255 255 0 255 0
    0 255 255 0 0 117 103 87 6 255 0 255 0 255 136 255 0 255 255 255 0 0
    122 183 255 0 0 255 255 255 0 255 81 0 0 0 255 7 51 0 222 255 255 14
    6 0 255 0 0 0 255 255 255 255 0 0 0 0 255 44 0 0 0 255 101 255 255
    241 0 61 0 0 255 255 0 255 84 255 255 126 225 0 255 219 255 142 0
    255 0 255 0 255 0 255 0 255 35 0 255 255 0 0 0 255 29 255 255 255 46
    0 255 0 255 255 255 0 255 0 255 0 73 255 0 0 0 76 14 0 0 0 255 83
    117 255 0 0 111 0 0 255 0 255 0 255 0 0 0 255 0 0 0 255 255 255 255
    255 255 0 255 179 0 0 0 254 255 68 0 0 14 54 182 0 255 0 0 0 0 255 0
    255 135 223 77 255 0 255 255 255 0 0 0 72 0 255 0 255 0 255 0 255 0
    255 255 255 255 0 255 0 255 0 198 255 255 255 0 255 0 0 0 131 255
    255 0 0 255 255 255 0 0 255 235 235 72 255 61 0 245 255 255 0 178 0
    255 255 255 0 255 255 195 255 0 0 0 0 255 0 6 0 0 255 255 255 0 0
    169 0 0 46 0 255 255 0 229 255 255 0 36 255 0 58 255 255 199 0 255
    210 255 255 168 0 0 255 0 255 0 54 255 0 168 0 0 230 0 0 255 255 0
    255 255 255 0 0 0 197 255 0 0 0 255 255 0 255 255 0 0 87 255 255 238
    0 0 0 255 142 255 183 255 255 0 228 0 0 0 0 255 0 255 0 255 0 0 255
    255 255 0 0 255 109 255 255 0 238 146 255 0 0 255 255 255 117 0 255
    0 255 165 255 255 0 255 235 255 255 163 255 242 0 181 255 0 0 44 0 0
    0 119 0 53 255 255 203 0 255 255 255 0 0 0 255 255 154 0 0 69 0 0 0
    0 79 0 0 255 255 255 0 255 145 238 255 83 255 0 255 0 255 0 0 0 10
    255 212 255 255 0 0 0 0 0 255 255 0 0 255 255 0 255 0 0 255 255 0
    255 168 255 0 0 0 0 0 0 250 255 0 255 174 3 140 255 0 0 0 255 255
    255 0 61 0 255 255 0 0 0 255 255 255 0 0 192 0 0 0 72 255 255 0 172
    255 225 0 0 252 0 0 255 0 255 255 255 0 255 114 0 136 255 255 18 255
    0 0 131 255 0 255 0 255 0 0 0 113 255 255 255 255 0 255 0 252 0 0 0
    216 108 255 0 0 255 255 109 0 13 255 0 0 255 0 0 0 255 0 255 0 255 0
    139 0 255 0 83 0 0 0 0 255 0 189 255 255 0 0 0 7 188 255 0 239 182
    255 235 255 0 0 0 255 255 255 0 255 255 255 0 198 0 255 0 255 0 255
    0 0 255 0 0 0 0 75 255 0 234 0 255 0 0 129 255 255 0 0 0 255 30 0 0
    121 8 0 153 0 255 255 0 83 212 0 0 0 255 255 45 255 0 215 0 255 69 0
    0 255 0 0 76 0 255 71 255 255 255 0 153 0 180 0 26 0 255 0 255 0 0 0
    255 255 255 0 66 255 0 255 0 180 132 255 0 0 0 255 0 59 255 0 118 0
    255 221 0 242 0 255 0 0 0 255 92 58 0 199 255 255 255 255 0 58 0 255
    0 255 0 110 0 255 0 76 255 255 255 0 255 255 255 0 255 221 255 255
    255 0 0 255 62 255 141 255 0 255 13 0 0 255 0 255 255 255 0 23 0 77
    255 255 255 255 0 235 0 255 255 0 155 0 0 0 255 255 255 255 0 204
    255 112 0 0 255 255 235 0 255 255 75 255 255 0 255 0 255 0 255 124
    123 166 255 160 107 0 255 0 255 0 255 255 0 255 255 255 255 0 255
    255 0 224 133 227 76 16 255 135 255 0 0 255 29 255 18 60 0 0 0 255
    255 255 81 255 255 141 0 0 255 188 239 0 255 0 255 169 0 0 255 0 0 0
    0 255 0 255 0 255 0 255 0 255 0 255 72 255 93 113 255 255 232 0 255
    144 255 0 0 0 255 255 0 255 255 188 19 0 40 0 249 0 255 0 255 0 255
    0 145 0 255 0 0 255 202 255 255 184 0 0 255 0 255 255 255 0 255 9 0
    255 0 255 255 150 184 0 0 0 0 0 255 0 0 255 255 255 6 255 0 255 255
    0 255 0 0 0 180 255 0 239 13 255 0 255 159 255 0 0 0 255 0 255 255
    44 255 160 45 0 255 255 94 115 51 0 255 0 255 4 0 0 255 255 0 0 0
    255 0 255 0 0 253 255 255 0 255 255 133 255 0 255 24 255 0 255 0 102
    118 255 255 255 0 255 0 0 101 255 117 39 0 0 0 255 173 255 132 0 0 0
    0 168 255 182 255 126 255 0 0 0 255 0 0 0 18 255 255 255 255 0 0 0
    255 255 255 0 0 255 0 0 255 165 0 0 0 255 255 255 0 97 237 255 0 0 0
    198 255 186 255 255 0 0 255 255 16 0 0 0 255 255 159 255 0 255 209 0
    0 255 223 0 255 186 0 0 0 255 255 255 251 255 31 0 0 255 255 0 0 0
    255 255 255 0 0 0 219 0 0 0 0 43 255 255 255 0 255 0 0 255 255 254
    255 0 55 124 0 255 0 255 245 0 0 0 0 255 255 0 255 46 255 255 255
    255 255 255 209 255 0 25 0 0 0 255 0 255 255 255 0 0 0 255 0 255 0
    255 255 255 0 0 0 37 0 0 255 255 228 0 0 255 255 0 0 255 255 0 255 0
    74 231 153 0 0 255 255 255 255 0 116 213 255 202 255 0 198 9 255 254
    0 0 0 0 0 255 255 0 0 0 255 255 255 0 255 170 216 0 0 255 255 0 124
    76 255 0 20 0 255 255 255 0 255 255 0 255 0 0 0 71 0 0 255 255 0 0 0
    0 0 255 0 255 255 255 255 0 0 255 0 0 255 0 0 0 255 0 255 138 227
    228 255 255 222 255 255 0 0 255 255 255 20 64 126 255 0 255 0 0 0 0
    255 255 255 0 255 0 0 211 255 0 255 193 254 0 255 0 43 255 255 56
    255 255 19 0 255 255 37 255 255 3 255 51 255 0 178 198 255 0 255 107
    255 255 0 255 0 0 255 255 255 0 83 203 0 255 111 0 0 0 255 0 255 0
    65 0 255 255 77 0 255 255 255 165 0 255 0 0 255 255 255 0 0 255 255
    255 0 255 255 255 255 36 255 245 255 0 175 255 255 255 0 255 0 255 0
    173 166 22 204 165 154 255 255 0 0 255 0 255 0 255 0 255 0 255 255
    62 255 143 198 0 121 255 0 255 255 255 232 0 255 237 255 255 255 255
    23 94 255 237 0 110 255 255 0 0 255 0 116 0 255 81 255 0 255 0 255
    58 255 255 255 255 255 255 0 255 0 0 0 0 0 255 0 255 45 255 255 255
    0 255 0 0 219 255 0 0 0 255 0 255 86 0 0 0 0 255 210 0 37 255 45 255
    0 0 0 0 255 255 255 255 0 255 255 255 205 117 0 0 255 255 198 0 161
    255 255 255 255 0 255 0 0 0 0 13 0 237 0 255 0 255 0 255 0 107 0 212
    0 255 0 255 0 255 0 255 0 0 0 0 0 255 255 255 0 73 255 255 0 255 255
    255 255 0 255 0 255 255 255 255 255 0 141 255 0 0 0 255 255 0 0 0
    255 255 255 0 0 218 229 0 255 255 255 0 255 40 158 253 255 0 255 0
    255 0 255 0 255 84 255 255 126 0 0 138 255 0 0 146 255 255 255 188 0
    0 0 255 212 0 0 255 255 255 255 0 255 0 0 0 0 36 233 255 255 12 150
    255 84 255 255 255 0 0 255 0 255 0 0 76 0 0 255 255 0 255 0 0 255
    255 255 255 0 0 0 255 255 105 255 0 255 0 255 255 0 220 0 255 255 0
    255 0 0 0 0 0 240 255 255 0 255 200 255 0 0 255 255 0 0 0 0 0 0 0
    255 255 119 0 255 0 255 255 0 255 173 255 255 255 255 227 0 255 80 9
    231 255 0 0 0 255 255 255 0 0 16 255 70 0 0 0 0 0 0 0 255 132 255 0
    255 0 255 255 255 0 221 53 0 255 0 255 255 119 0 0 0 255 255 239 255
    0 255 255 255 255 36 148 0 0 240 255 255 0 255 0 0 255 255 0 255 255
    167 249 0 255 255 0 0 118 255 255 165 224 255 249 222 0 0 255 0 255
    0 255 0 255 255 0 0 133 255 255 0 0 255 255 255 5 255 0 255 255 255
    0 0 0 255 255 0 246 255 144 0 255 255 115 0 0 255 0 255 140 0 0 255
    90 255 255 255 255 0 0 255 255 91 0 0 255 233 145 0 255 255 0 0 0
    249 26 255 0 255 255 255 0 44 0 0 255 0 120 0 255 0 0 104 0 255 198
    0 128 255 76 255 221 255 0 0 0 0 25 0 0 255 255 255 0 0 0 255 220 32
    0 0 0 242 25 255 0 0 0 255 170 255 6 0 255 255 255 255 255 15 0 0 0
    176 255 255 255 0 0 255 255 0 0 151 255 255 63 255 255 32 0 199 0
    255 11 255 0 0 236 255 255 0 0 0 255 255 0 215 0 255 255 0 255 255
    255 0 0 0 255 82 0 255 17 255 255 255 0 0 255 255 255 255 255 0 255
    0 0 255 217 208 0 0 142 255 155 255 255 255 0 255 255 0 0 255 255
    255 0 0 123 171 255 0 255 255 57 0 255 57 255 0 0 255 255 72 0 76
    255 255 255 0 255 0 207 0 255 0 255 0 255 255 255 0 0 255 0 255 0
    255 0 0 0 0 0 1 19 0 0 115 255 189 0 0 10 0 0 70 255 0 0 0 197 0 255
    0 0 49 231 0 255 56 255 0 255 0 0 0 255 255 193 255 255 255 0 0 0
    222 0 142 255 255 60 232 255 255 0 0 0 255 0 255 0 255 255 0 255 0
    255 0 255 195 255 0 0 0 0 255 0 0 0 0 0 0 255 255 87 0 0 255 187 255
    0 0 0 255 0 255 255 255 51 0 255 0 255 0 255 0 0 0 0 0 255 255 255
    37 89 0 255 255 185 0 0 122 255 255 255 0 255 255 255 0 255 255 255
    0 0 233 0 0 0 221 161 255 0 0 0 255 0 255 0 255 0 174 0 255 0 0 239
    255 0 255 0 255 5 0 0 0 0 255 255 0 7 44 255 0 255 142 255 255 0 255
    88 0 0 255 0 255 0 0 0 255 255 255 145 0 0 0 4 253 0 0 255 255 255 0
    255 229 255 255 0 0 255 65 255 25 49 71 255 255 255 115 43 0 65 102
    0 0 138 60 255 255 0 62 0 255 255 0 0 255 255 0 255 0 57 0 255 255 0
    142 0 0 82 45 130 0 0 0 153 0 86 17 255 255 255 0 0 0 255 188 255 0
    255 0 255 12 0 255 95 255 0 0 0 255 0 255 255 0 71 255 0 8 0 0 255
    255 255 0 255 255 0 0 153 255 255 255 255 0 155 255 255 0 0 0 0 182
    137 255 197 85 255 255 255 0 0 31 0 255 0 255 0 255 255 255 0 0 255
    0 0 0 183 146 0 255 255 0 0 0 255 255 255 199 255 255 0 219 0 255
    255 0 57 255 255 255 255 55 70 0 0 0 255 255 255 255 255 255 6 255 0
    0 255 216 255 255 0 255 201 237 0 129 255 255 255 0 255 159 0 113
    255 65 255 255 255 255 255 0 0 62 254 255 255 0 0 0 0 255 209 255
    255 255 0 0 0 0 0 255 0 255 0 255 188 255 0 0 255 255 0 0 255 0 99 0
    255 255 255 115 255 255 0 255 0 0 0 67 255 255 0 0 0 255 0 0 255 255
    255 255 255 196 179 0 255 0 255 255 0 255 255 255 56 0 0 255 255 255
    14 0 225 255 255 0 108 37 211 0 0 0 0 0 0 255 0 89 0 255 255 186 0 0
    0 255 70 255 161 255 0 0 255 255 255 0 0 255 18 0 255 0 255 0 255
    255 252 0 0 255 255 0 0 255 203 255 200 185 0 0 255 56 255 231 0 0
    255 255 255 0 255 66 0 0 255 255 148 255 255 255 0 255 0 255 255 255
    255 0 255 255 255 0 255 107 197 0 0 255 0 0 255 255 0 255 0 255 0
    255 223 0 0 0 0 255 255 0 143 0 0 0 0 0 255 255 255 255 255 255 85 0
    197 255 255 167 0 255 0 255 255 88 0 0 255 255 255 0 255 0 255 0 255
    0 98 0 255 0 255 25 0 0 0 255 255 255 0 0 0 187 92 75 0 0 255 255
    255 255 255 255 255 0 0 255 0 255 0 255 0 3 0 255 57 126 46 0 0 0
    255 255 0 0 255 0 141 255 255 0 255 255 0 0 134 255 255 0 0 0 0 255
    255 233 0 0 0 92 219 26 0 0 0 0 0 255 0 255 188 0 0 0 255 0 0 249
    255 255 0 8 0 0 0 0 255 255 230 0 0 0 255 80 255 0 255 0 0 94 255
    255 0 255 237 135 0 0 17 255 255 0 255 0 138 0 255 255 255 0 6 55 96
    0 102 255 0 255 0 255 255 0 255 255 206 0 0 255 0 255 0 255 0 255 0
    0 255 0 255 0 0 255 0 255 0 255 255 255 255 255 24 81 0 255 255 0 0
    92 0 97 0 255 0 0 0 255 255 0 255 0 255 52 0 68 0 255 94 255 255 0 0
    0 174 203 255 255 255 46 255 0 255 172 255 255 0 0 0 0 255 0 0 0 255
    255 255 0 104 78 255 141 0 255 0 255 140 255 255 91 0 92 255 255 91
    148 255 5 0 0 0 0 255 255 191 0 0 117 255 0 0 185 255 255 0 0 0 0 0
    255 152 255 255 0 0 0 255 100 0 0 255 0 255 0 255 0 253 255 66 255 0
    0 255 26 255 0 173 174 0 255 229 255 0 70 0 255 0 255 0 255 255 255
    0 0 0 255 161 255 0 255 0 255 0 0 0 242 255 0 255 9 255 0 47 255 0
    194 0 255 0 173 255 255 172 0 0 255 255 255 58 54 0 0 255 255 255
    255 255 0 255 0 0 0 0 255 255 255 106 0 255 75 0 36 157 255 0 255 0
    255 0 0 255 0 255 85 255 255 9 0 0 21 22 215 149 113 0 0 0 182 255
    255 0 255 0 0 0 255 255 0 55 0 255 0 255 0 255 11 255 0 191 0 255 0
    255 52 255 0 0 255 0 255 0 0 45 0 98 0 255 255 255 249 229 0 255 71
    255 255 0 0 255 0 255 0 0 0 255 0 255 0 255 1 0 79 110 0 255 255 255
    0 0 255 255 255 155 0 255 0 255 0 255 255 51 255 0 0 0 0 255 255 168
    0 0 245 255 86 84 0 17 23 255 0 255 255 85 246 0 255 5 255 0 54 255
    255 0 0 0 255 255 0 0 0 255 255 0 130 255 0 0 146 255 0 255 0 0 36
    255 0 58 223 0 0 0 255 0 0 255 126 255 255 0 0 74 255 255 255 0 69
    255 255 255 0 255 0 255 0 234 255 0 0 255 198 157 255 0 184 205 0 0
    0 48 147 255 0 132 0 255 255 20 0 19 255 255 255 255 255 0 0 0 255
    255 70 0 72 0 0 0 255 0 193 255 0 255 255 194 0 255 255 255 226 0 0
    0 255 255 255 255 251 138 0 0 144 255 255 255 255 0 0 0 0 255 255
    255 0 152 0 0 255 255 118 0 197 255 79 255 0 255 255 255 3 0 255 0
    255 0 255 255 0 78 0 255 167 0 190 0 255 14 229 0 133 255 0 255 58
    255 0 57 0 255 135 255 0 0 255 255 144 0 0 0 52 255 255 0 255 0 255
    87 0 0 229 255 255 104 0 255 0 255 255 182 0 0 255 255 0 255 0 255
    209 255 0 255 133 57 255 0 0 255 255 255 255 0 66 0 255 0 255 0 255
    0 155 0 0 255 0 255 0 75 0 48 0 0 84 255 255 255 234 160 105 255 255
    196 0 0 255 255 255 255 255 255 0 0 216 255 0 84 0 255 253 255 0 255
    255 0 0 0 0 255 170 231 0 59 120 255 91 144 109 0 71 255 12 255 0
    144 255 0 0 255 255 255 0 255 0 0 255 255 0 255 255 255 0 0 255 255
    255 11 0 84 226 255 0 255 0 255 255 255 252 0 255 255 0 0 0 255 255
    255 255 0 255 255 0 0 0 136 13 255 255 0 0 255 255 255 0 0 0 0 0 0 0
    255 255 0 0 207 255 255 0 64 255 255 255 0 14 255 155 252 255 255 0
    0 70 0 255 128 149 193 255 255 255 0 0 157 0 0 0 145 217 0 255 0 255
    0 0 122 255 142 255 255 255 255 113 0 0 255 255 0 0 0 0 255 255 221
    0 255 225 255 0 255 255 74 0 157 255 255 255 255 255 0 0 0 255 146 9
    0 241 255 255 0 0 82 255 0 0 255 255 255 0 231 255 255 0 0 255 239
    255 34 0 255 255 20 0 0 0 255 255 0 0 0 255 0 0 0 0 0 0 255 0 101
    255 0 0 0 255 170 255 0 255 17 7 0 0 0 255 255 255 0 255 255 0 18
    152 255 183 0 255 0 255 255 0 224 0 0 255 255 255 0 78 0 0 27 255
    255 255 255 255 0 0 194 255 255 0 255 255 255 0 235 0 255 75 214 0 9
    0 255 255 183 0 255 0 255 102 255 0 61 255 255 255 0 134 255 0 0 255
    255 255 147 0 255 255 255 255 0 255 0 0 255 255 255 62 30 255 25 0 0
    255 255 255 0 0 78 0 0 248 15 124 255 0 145 255 255 59 255 0 255 255
    121 41 0 255 255 255 0 255 0 0 43 44 255 0 0 0 255 255 110 89 0 234
    252 255 255 255 255 0 0 0 255 255 134 66 255 200 0 0 255 255 255 0
    136 33 255 255 111 7 186 255 0 0 0 255 0 255 71 255 255 148 0 0 0 0
    0 255 0 255 0 0 255 255 255 255 174 0 0 255 75 0 255 31 255 255 149
    255 120 204 0 255 0 255 0 44 255 255 255 0 0 255 0 0 249 255 255 0 0
    0 0 255 0 255 255 255 0 255 255 0 0 255 255 0 0 255 0 255 0 255 255
    255 218 192 0 131 0 255 0 21 0 255 255 51 0 37 255 216 255 0 0 255 0
    0 0 255 255 255 0 0 0 0 191 188 255 0 77 255 255 25 255 0 0 255 255
    0 255 0 255 0 255 206 255 255 0 0 255 255 255 255 0 0 255 255 0 0 91
    255 0 114 243 0 200 0 255 0 255 126 255 0 87 0 0 255 255 210 0 255
    255 0 255 0 255 0 0 0 0 255 0 255 0 65 173 255 0 0 28 0 63 255 0 213
    0 115 0 203 0 255 255 0 0 0 20 0 0 219 255 255 176 0 0 0 255 255 0 0
    255 255 255 0 0 0 255 255 255 255 0 0 255 255 255 255 0 0 0 203 255
    0 0 255 255 193 0 0 255 255 1 0 0 0 255 255 255 255 0 194 0 87 255
    255 102 0 255 0 255 255 0 255 255 255 255 255 255 0 0 255 0 0 255 0
    0 0 255 255 0 0 19 255 255 255 0 0 255 255 255 255 0 255 0 255 255 0
    0 0 0 255 255 0 12 0 0 0 255 0 255 255 255 0 0 0 197 255 21 255 0
    255 0 255 0 255 0 255 205 0 255 0 255 0 0 0 255 0 0 255 6 255 255
    157 42 0 0 0 148 184 255 215 255 0 255 0 255 0 129 188 0 255 255 0 0
    255 255 255 255 0 0 255 255 255 9 0 0 0 255 255 255 0 255 0 255 0
    255 0 0 47 255 150 0 0 58 0 255 255 255 0 0 255 255 0 0 0 255 255 0
    181 0 255 255 255 0 255 0 0 31 255 0 255 0 0 118 0 255 255 255 0 255
    255 88 255 0 0 255 63 255 185 0 0 67 75 255 255 255 60 255 0 0 0 206
    151 255 255 255 76 0 0 237 255 0 0 255 0 0 255 255 0 0 255 255 221 0
    255 0 255 0 255 255 0 255 0 255 0 255 4 0 0 255 0 255 98 0 85 0 0
    255 255 255 255 255 255 202 0 0 255 255 105 177 0 0 255 255 118 255
    0 255 0 255 0 220 255 255 255 0 0 255 0 255 0 255 0 0 0 255 0 255 0
    196 255 0 255 255 0 226 0 255 45 0 0 0 255 255 210 0 255 0 0 0 255
    24 0 42 199 255 0 0 0 255 182 0 255 0 255 0 255 64 255 78 0 0 255
    255 255 0 255 75 0 0 255 255 0 184 0 255 0 0 255 255 255 255 0 255 0
    236 189 255 255 88 255 0 0 0 0 255 123 0 232 0 0 0 0 255 255 255 0 0
    255 255 0 255 255 65 242 255 255 0 0 0 255 255 0 149 43 0 255 59 0
    102 0 255 255 255 67 170 0 0 186 255 54 255 140 255 0 0 0 255 255
    255 255 0 0 0 255 255 97 0 167 255 255 244 0 0 255 0 255 255 0 129
    255 0 255 0 0 0 75 255 167 255 0 255 37 255 255 97 0 0 119 0 0 138
    255 255 49 0 0 255 0 0 48 255 0 255 0 255 0 48 255 255 255 0 0 0 36
    130 0 0 0 93 95 0 103 255 71 0 0 0 255 0 0 216 255 0 0 0 125 2 255 0
    0 255 255 255 0 108 251 255 18 0 249 255 0 36 0 205 255 255 114 255
    0 255 0 0 0 0 255 255 255 255 255 0 0 161 157 255 134 0 0 255 0 0
    234 0 255 59 255 255 78 255 0 0 0 255 255 255 0 0 0 255 255 255 0
    255 0 255 255 255 184 0 255 59 255 116 255 0 0 255 255 255 0 0 143
    255 0 0 255 255 255 255 0 0 255 255 183 0 255 0 255 255 255 255 255
    255 0 0 255 61 201 0 0 255 0 0 85 255 255 0 255 0 255 133 255 0 0
    117 0 255 255 255 0 36 132 0 0 63 78 255 74 0 0 255 181 255 255 0 0
    0 255 225 255 169 0 255 255 255 255 255 111 255 0 0 255 255 0 198 0
    0 255 255 209 0 255 255 255 238 255 106 255 0 16 0 74 255 255 255
    255 255 255 0 0 255 255 0 0 140 255 0 255 0 0 0 255 255 255 255 255
    0 255 0 0 0 255 255 0 0 0 0 255 255 64 162 255 255 0 0 255 0 0 255
    255 0 0 0 0 255 255 255 255 0 0 255 190 240 0 0 0 0 0 255 255 0 36
    226 28 0 0 0 255 114 255 255 0 0 255 0 0 0 0 0 126 0 64 0 0 255 255
    255 255 255 255 0 0 173 255 255 21 0 87 130 255 255 0 255 0 255 0
    255 0 255 0 133 0 255 137 255 0 255 33 255 255 231 0 90 62 35 210 0
    0 225 0 255 0 255 121 255 255 116 0 255 148 255 190 255 255 0 41 102
    255 0 0 0 255 232 0 255 0 255 255 255 255 0 255 255 255 255 0 32 0 0
    0 255 255 56 0 0 0 255 196 72 0 0 255 255 255 54 0 255 255 255 0 0
    255 255 123 38 0 0 0 0 218 255 255 255 21 198 0 219 52 221 255 255
    217 255 0 0 255 255 0 0 74 255 255 0 255 0 255 0 255 28 0 0 0 255
    255 0 0 255 0 255 255 0 255 0 255 0 0 0 227 207 0 108 255 0 203 255
    255 255 0 0 117 235 103 0 151 0 255 0 200 120 255 128 15 0 255 0 255
    18 255 255 19 0 255 0 255 0 255 205 185 0 255 255 0 255 89 0 255 108
    0 0 0 255 0 0 0 255 255 255 118 107 255 0 0 0 255 0 255 0 0 0 0 118
    0 255 0 255 247 255 142 255 99 0 0 0 255 0 255 255 255 255 0 255 0
    255 255 255 255 64 0 255 255 221 0 0 255 67 255 0 201 0 255 0 255
    255 86 0 0 255 255 255 0 255 255 255 255 0 255 0 0 0 0 214 192 142
    255 255 84 0 255 255 0 255 0 255 0 0 155 255 198 0 0 208 255 255 0 0
    255 255 122 255 0 0 0 255 255 0 0 0 0 0 0 135 255 0 0 255 0 71 255
    255 0 207 0 255 255 255 0 255 6 255 0 255 193 255 0 48 0 0 255 0 0
    100 255 255 0 255 0 48 0 0 0 0 49 255 255 255 0 0 255 255 0 255 255
    0 150 255 255 0 0 255 255 255 0 0 0 0 0 255 174 255 192 255 0 0 58
    48 255 255 0 255 0 255 0 255 0 255 0 255 0 255 130 255 255 255 0 0
    255 255 0 0 0 255 169 255 255 255 0 246 0 0 0 255 0 82 255 181 95
    255 0 0 0 119 0 0 255 255 0 0 30 0 255 255 255 66 89 0 0 8 40 255
    255 255 0 0 0 255 255 73 0 255 0 176 255 255 0 0 0 0 59 0 255 0 255
    255 0 255 255 255 0 0 255 255 255 255 0 0 0 255 255 0 0 255 255 255
    0 0 255 0 255 255 48 255 0 255 0 0 0 120 0 255 0 255 0 255 0 0 0 255
    255 255 255 229 167 0 177 255 0 0 0 255 205 255 255 255 0 0 0 255 0
    255 0 255 0 255 92 143 255 104 0 255 0 255 42 0 0 194 0 180 155 255
    0 255 0 255 255 48 255 0 0 254 205 255 85 255 0 0 0 0 0 0 255 255 0
    0 0 255 0 255 0 255 0 233 255 0 255 72 255 0 255 0 0 0 0 255 0 9 255
    255 255 0 0 255 0 255 255 62 0 255 221 0 255 0 0 255 177 0 255 255
    255 0 174 255 0 255 187 202 220 197 0 246 255 0 0 0 11 128 0 0 191
    255 255 0 0 255 255 0 0 6 255 59 0 89 255 255 255 0 0 255 0 255 0 0
    40 255 255 137 0 0 0 119 0 0 255 255 255 255 0 255 0 255 0 0 9 255
    76 0 206 0 255 0 255 255 39 255 0 255 0 255 0 255 255 255 0 0 255 0
    255 255 0 0 0 0 255 255 255 82 0 255 0 255 0 255 0 255 0 222 255 255
    255 0 0 255 0 255 255 0 0 0 255 255 255 255 0 255 0 255 255 255 0 0
    220 118 78 232 255 0 0 0 255 255 255 109 255 255 255 0 255 0 255 0
    255 0 255 0 89 255 0 255 0 255 255 95 0 255 0 255 0 255 255 255 0 0
    141 255 255 0 0 255 255 131 0 171 0 255 255 0 167 0 255 0 192 0 255
    0 255 5 255 255 255 0 0 255 255 254 0 255 0 0 0 255 116 5 0 0 0 255
    255 0 0 0 0 0 255 255 255 66 231 0 255 179 0 0 151 102 255 0 0 0 255
    0 0 0 255 0 255 0 0 255 0 255 0 255 0 255 0 0 0 255 255 255 0 255 0
    255 0 180 255 255 0 0 0 255 0 0 255 0 255 255 255 120 144 79 255 0
    255 0 111 0 255 0 255 255 255 255 0 0 255 255 255 255 29 0 255 255
    240 255 253 0 236 52 255 0 0 0 255 155 255 255 255 10 255 246 255 0
    0 0 0 255 255 255 255 0 255 0 255 153 255 255 0 255 255 255 204 0 0
    176 255 255 0 255 0 0 0 198 0 0 255 0 0 137 255 255 0 246 0 162 0
    255 29 0 22 25 0 0 93 255 255 255 0 255 220 0 0 0 255 255 189 99 0 0
    0 255 255 0 255 0 255 0 255 130 255 234 0 244 255 255 255 255 0 97
    70 255 255 0 255 0 99 0 255 0 48 255 197 255 0 255 10 255 255 255 0
    0 0 255 0 255 255 0 0 0 130 139 255 255 0 255 255 255 0 255 0 255 0
    255 0 255 0 255 0 164 0 255 0 0 255 0 255 0 255 171 84 196 255 0 70
    230 140 0 255 0 0 131 255 255 0 255 0 255 0 255 255 255 0 255 0 255
    0 81 0 0 255 255 255 0 255 0 255 134 255 0 0 228 255 255 255 0 0 0
    255 255 0 255 0 255 255 255 0 255 0 255 255 236 255 0 255 0 0 255 32
    0 255 0 255 0 212 91 255 0 0 119 0 255 0 255 255 0 255 255 255 0 0 0
    0 255 52 0 0 255 0 0 0 255 255 0 31 0 255 107 62 255 255 35 0 255
    255 0 147 0 0 0 0 0 255 61 255 255 101 0 0 52 0 0 255 233 255 0 0 0
    255 255 255 0 255 255 255 0 0 255 255 255 0 0 0 0 255 255 201 0 0
    234 232 255 255 49 0 0 0 0 255 0 255 80 162 0 255 0 0 66 0 255 0 255
    0 43 0 0 0 0 255 255 255 255 255 0 255 255 0 92 224 61 84 0 255 0 0
    65 255 0 0 255 43 255 0 255 0 58 0 255 0 0 0 255 255 255 0 0 0 255
    255 76 255 114 0 255 0 255 0 255 89 255 0 21 255 255 255 225 255 0 0
    0 153 255 26 0 0 255 255 185 124 0 0 0 150 255 79 129 0 255 129 255
    255 83 0 0 0 255 0 255 0 0 255 0 0 255 255 255 255 52 0 0 0 0 5 255
    255 0 0 255 0 255 255 255 0 0 0 0 255 0 255 0 255 197 255 0 255 255
    255 163 0 191 208 255 255 184 0 0 255 0 255 0 255 81 255 0 73 0 255
    0 255 255 255 0 255 208 255 0 0 0 255 0 253 255 253 0 0 0 0 255 0
    255 25 150 255 0 21 0 95 255 146 38 255 0 255 0 255 0 255 0 255 0
    255 0 255 218 235 0 255 255 0 0 0 0 238 17 16 60 224 255 255 255 76
    81 193 40 255 0 255 0 0 0 255 255 0 86 0 255 255 255 0 0 255 0 0 0
    255 168 255 0 179 242 255 131 0 172 53 0 0 0 215 255 0 39 0 255 255
    255 0 255 0 255 255 0 0 0 255 255 255 0 0 255 255 255 255 0 0 0 0
    111 255 255 0 0 0 0 255 0 255 178 255 255 240 0 0 121 101 255 0 169
    255 255 132 255 0 0 0 0 0 255 0 0 109 255 0 138 0 241 124 255 232
    255 255 255 255 0 0 0 255 255 0 255 0 255 0 0 255 255 255 0 0 255 0
    0 118 255 255 0 0 0 255 255 26 0 0 255 255 0 0 2 0 255 153 0 255 0
    85 0 2 255 255 255 0 0 0 255 150 0 255 255 255 0 0 101 255 255 255
    209 0 0 255 255 255 0 0 255 203 255 0 173 0 0 51 0 255 255 255 0 0
    255 255 255 0 255 0 0 0 0 255 255 255 0 81 0 147 0 255 0 255 255 255
    0 0 155 0 255 255 0 0 160 0 0 0 167 255 255 0 0 0 135 0 255 0 255 0
    255 42 0 238 38 255 255 0 0 255 255 255 0 255 0 0 27 0 0 104 0 255 0
    84 0 220 255 255 202 0 0 0 255 173 0 0 255 0 191 0 255 255 255 255
    255 255 0 30 0 255 0 0 255 50 0 60 0 0 222 0 255 0 255 133 0 0 0 255
    255 167 0 0 0 255 0 255 251 255 0 113 0 63 0 0 255 255 0 255 255 69
    255 0 255 255 233 255 223 0 145 0 0 235 0 0 0 131 0 0 242 255 0 255
    0 255 219 255 202 255 255 0 255 255 0 110 0 0 255 0 255 99 255 248 0
    255 255 255 0 0 0 255 255 255 0 255 0 172 0 255 255 255 0 21 88 255
    0 0 255 0 255 237 255 0 220 0 255 255 49 0 255 0 255 159 173 96 0
    169 0 0 102 255 0 255 0 255 0 73 255 0 255 255 255 0 0 255 255 0 255
    0 255 0 255 0 200 255 22 0 0 0 0 0 175 0 255 255 255 0 119 0 0 0 255
    255 0 255 0 255 0 255 255 167 79 0 0 0 162 79 255 184 0 130 0 0 255
    255 164 0 0 255 255 255 216 0 0 255 255 255 255 0 0 0 226 0 255 234
    0 0 255 0 0 255 131 255 255 0 255 59 79 0 255 255 255 255 0 0 109
    255 0 78 255 255 255 255 200 0 0 0 0 0 0 52 255 255 255 0 0 75 255
    255 207 110 0 0 255 255 135 255 0 10 255 255 255 0 0 0 255 255 255
    255 255 84 255 0 255 255 255 255 120 79 255 255 118 255 0 255 255
    112 197 0 0 255 0 255 0 0 255 0 0 255 255 146 0 151 0 255 255 61 157
    0 255 0 28 0 255 255 0 255 255 255 255 0 0 255 255 0 255 173 255 255
    255 255 0 0 0 255 0 255 255 255 255 36 0 255 196 255 0 158 255 255
    64 0 171 0 255 0 255 43 0 225 0 255 0 0 0 255 84 255 255 104 255 255
    255 0 255 0 0 204 255 0 0 0 255 255 0 0 112 253 255 255 0 255 0 82 0
    58 107 62 0 0 255 255 255 255 255 0 0 0 231 255 255 0 255 255 0 0
    255 122 255 47 255 71 255 106 0 255 0 255 234 0 255 255 255 0 255 0
    0 0 255 255 235 0 0 255 0 88 0 255 255 0 26 14 0 0 255 255 255 0 139
    255 255 255 0 0 0 255 0 0 4 216 255 0 5 255 118 255 255 255 0 255 0
    135 0 42 149 0 12 198 255 0 0 0 255 255 255 255 255 0 0 163 0 152
    255 255 255 139 0 0 129 255 255 84 0 0 0 255 0 0 255 0 255 0 0 0 255
    255 0 0 0 0 255 206 238 0 255 71 255 255 255 141 255 0 0 255 255 130
    0 255 0 255 0 255 0 255 152 255 0 255 0 255 0 255 0 0 0 174 255 255
    0 124 0 255 50 255 0 255 100 0 13 0 115 190 0 0 0 0 255 107 255 0 0
    0 0 255 255 0 255 207 255 60 255 244 255 255 0 0 178 255 255 56 0 0
    60 0 255 255 255 202 255 0 255 85 255 255 0 0 74 255 145 255 0 255
    49 221 0 255 0 0 255 255 45 0 255 255 0 255 0 0 0 0 0 159 0 255 78 0
    255 255 0 16 200 255 0 0 0 244 255 224 31 251 0 255 246 0 0 0 255 37
    42 255 0 27 0 89 0 248 255 255 0 0 10 0 255 63 0 0 0 255 123 255 0
    255 0 0 12 0 255 255 255 255 255 255 255 0 0 255 209 255 67 255 0
    255 0 211 0 255 190 255 255 189 136 0 0 0 255 255 211 255 0 255 255
    255 0 255 255 25 107 0 255 255 89 255 0 16 0 0 141 143 190 0 255 255
    187 255 230 0 0 150 255 0 0 0 255 255 255 0 0 0 162 255 255 255 155
    0 0 230 0 0 106 0 255 233 255 255 0 3 255 222 0 140 0 255 81 255 0
    255 0 255 0 255 255 0 4 175 44 255 130 255 255 210 0 0 94 0 0 255
    255 219 255 0 255 0 255 0 0 0 7 255 0 255 0 0 255 0 255 0 201 0 255
    255 255 177 251 124 0 255 0 255 255 255 255 255 0 0 0 255 255 255 0
    0 0 255 22 207 255 255 255 0 255 0 255 0 255 106 255 0 159 0 255 0
    255 0 255 0 0 205 137 141 18 0 34 0 0 0 177 0 0 149 213 255 58 255
    255 0 255 0 255 33 255 245 255 255 64 0 37 0 51 255 0 0 0 250 0 10 0
    0 255 0 0 0 255 255 255 255 255 255 0 0 0 0 0 255 255 0 0 245 255 0
    0 0 255 0 0 227 255 255 132 50 0 0 255 255 0 0 255 255 255 239 0 0 0
    255 0 255 255 255 15 0 0 255 82 255 0 0 0 0 255 255 164 255 255 255
    0 255 0 119 196 255 251 255 255 0 0 89 255 255 86 0 0 28 255 79 1 0
    57 0 255 0 0 255 238 28 0 255 85 255 32 255 0 0 255 0 0 0 255 0 255
    0 0 0 255 252 0 162 255 180 78 255 255 0 255 104 0 255 255 0 0 0 43
    255 2 250 0 0 255 255 0 255 0 0 255 255 255 0 0 0 0 255 255 255 0 0
    255 255 0 111 0 0 40 0 255 0 0 255 255 27 0 183 0 0 255 255 255 0 0
    0 255 255 209 0 0 255 0 255 147 255 0 255 0 255 0 248 0 0 255 0 0
    255 0 0 232 255 255 255 0 0 0 255 255 94 255 0 0 0 255 0 76 69 255
    255 255 59 0 209 0 206 161 0 106 45 198 211 255 135 255 150 255 114
    255 255 131 0 255 0 0 0 255 0 0 210 0 255 255 255 0 0 0 255 0 255
    255 255 255 255 0 255 0 125 230 255 255 0 255 0 0 0 255 255 255 255
    255 60 0 0 104 255 255 224 255 0 255 255 255 255 0 0 0 255 155 255
    255 255 255 0 0 0 255 255 255 102 0 0 170 0 255 0 101 255 93 255 160
    0 255 0 49 255 255 0 255 0 191 255 255 255 0 0 175 255 255 147 192
    53 51 78 127 255 0 0 0 255 255 255 0 164 255 255 0 58 255 118 233 0
    0 0 255 255 0 255 0 0 255 225 255 255 74 0 0 255 255 0 0 0 0 0 0 0
    255 67 255 0 0 0 0 252 0 201 255 255 255 212 255 22 255 0 0 0 255
    255 174 0 0 0 255 255 0 255 255 255 255 0 0 0 0 255 0 255 255 255 0
    239 0 255 65 28 255 44 0 255 0 255 0 255 0 255 0 92 0 0 255 0 255 0
    255 31 0 255 0 0 255 255 0 0 0 0 255 77 255 0 255 0 0 255 0 0 0 255
    0 255 0 255 0 0 160 255 0 0 255 255 255 0 143 239 255 255 255 255 0
    55 0 255 0 45 0 255 0 255 42 31 0 221 0 255 0 0 0 0 255 18 0 255 255
    105 53 255 102 0 30 255 255 255 0 0 0 255 255 0 0 198 0 0 0 0 255 0
    255 0 0 0 255 186 255 0 82 255 0 26 0 255 255 255 229 0 0 255 255
    255 255 255 65 0 187 0 255 255 255 255 0 0 0 0 255 255 187 45 0 0
    255 255 255 0 255 0 255 255 255 0 255 155 255 255 255 0 0 0 96 255
    255 255 125 0 0 0 255 25 255 255 255 0 0 255 255 0 0 255 255 0 0 0
    255 255 255 0 0 255 255 255 43 178 0 246 0 76 0 255 43 0 0 0 255 255
    67 0 100 0 0 0 0 106 255 0 0 0 255 255 0 255 158 255 0 0 0 0 86 0
    255 0 0 0 150 255 255 40 0 0 0 0 255 63 0 13 0 255 0 0 255 0 255 255
    255 0 0 0 4 0 255 255 253 192 0 0 255 0 255 255 0 255 0 255 0 255 0
    86 192 255 255 242 185 0 0 255 255 91 92 255 255 38 0 0 0 255 255
    255 18 214 255 61 255 0 0 0 178 255 255 255 98 0 0 255 109 255 0 0 0
    0 0 5 255 252 191 0 255 65 157 161 255 255 255 111 73 0 0 0 255 144
    104 0 255 255 0 255 0 255 0 255 0 0 0 140 0 0 255 71 151 0 255 255
    255 255 0 0 0 0 0 255 255 65 248 0 174 0 0 0 255 255 255 48 0 123 0
    77 0 233 4 0 0 255 255 255 103 0 255 0 207 28 255 9 255 167 139 0
    255 255 255 0 0 0 73 0 2 255 0 0 0 0 255 0 191 255 0 225 0 255 255
    255 0 0 0 255 255 0 0 0 255 255 255 0 153 0 255 255 0 0 0 255 0 77
    245 0 255 255 255 255 0 0 0 0 255 255 91 0 0 255 255 255 0 0 0 255 0
    0 255 255 206 255 255 0 0 255 0 255 107 0 255 255 255 0 0 255 0 0 0
    255 255 255 0 0 17 255 255 0 255 255 151 255 0 0 162 0 255 219 255
    187 255 0 0 0 255 0 255 0 255 255 255 56 0 0 255 255 94 0 255 0 255
    255 78 0 0 147 0 255 255 255 255 255 255 0 0 83 255 255 255 0 255
    255 255 0 255 0 255 0 255 0 255 255 228 0 40 255 220 241 255 6 255 0
    0 255 73 255 0 255 0 255 255 0 255 144 255 0 0 0 197 255 255 0 82
    255 255 0 0 255 255 255 185 0 61 255 255 123 0 0 255 255 255 255 255
    0 0 0 0 0 255 20 0 0 0 255 255 0 93 170 255 255 0 0 81 0 255 0 255
    221 255 255 140 255 179 255 0 0 0 0 0 0 0 255 255 170 0 255 114 255
    255 255 0 255 255 0 0 74 251 0 0 255 255 255 255 181 255 0 255 0 255
    110 255 178 255 0 255 255 255 255 0 189 0 100 6 0 0 8 188 255 0 255
    0 0 21 0 255 255 255 61 53 255 255 255 0 0 0 0 170 0 255 84 0 98 255
    255 187 0 255 0 0 0 255 255 0 255 0 255 49 255 255 255 0 75 0 0 255
    228 255 0 255 255 0 0 255 255 255 0 119 0 55 255 0 0 0 255 0 255 0
    255 23 0 0 37 255 133 0 0 237 0 0 196 0 255 255 255 255 0 0 0 0 255
    255 132 255 0 255 109 255 129 255 0 214 40 0 0 160 255 255 255 0 0 0
    108 255 255 236 0 28 255 0 96 255 0 255 255 236 0 0 0 0 255 195 255
    0 244 255 157 0 0 0 255 255 255 117 255 0 0 0 255 0 255 0 32 255 255
    255 0 155 46 255 0 245 255 82 36 49 255 0 2 255 0 0 0 255 255 0 0
    255 255 255 0 0 0 0 255 167 255 255 255 255 255 0 0 0 64 255 255 255
    0 255 255 255 172 0 0 0 255 255 255 255 255 164 111 48 0 0 0 151 72
    139 0 255 0 95 0 255 255 255 0 0 0 97 255 0 255 255 0 0 185 255 255
    0 255 126 255 163 255 255 255 255 0 98 0 255 0 89 255 255 255 255 0
    255 255 0 0 0 255 255 46 0 203 188 255 82 223 0 0 199 255 0 134 255
    255 0 0 255 255 200 255 0 0 0 24 0 255 0 255 0 255 255 255 48 188 0
    0 255 0 255 255 255 0 0 255 0 255 0 255 0 255 206 255 0 0 255 255 30
    0 0 255 255 255 0 0 0 0 255 255 0 0 172 255 246 0 92 255 0 0 0 255
    255 255 0 0 0 255 255 103 0 0 255 255 0 255 166 0 177 40 255 0 0 182
    44 238 21 0 0 0 255 89 255 89 255 0 176 255 255 71 0 52 255 255 0 0
    0 195 255 183 255 255 0 255 180 255 0 0 255 255 244 0 124 127 255
    255 52 35 255 255 0 0 0 255 0 255 255 255 0 255 197 255 255 0 0 255
    0 192 190 255 255 255 0 255 166 255 255 0 0 72 255 22 255 255 255 0
    0 255 255 0 104 0 0 172 0 174 0 255 255 0 0 0 0 255 0 45 7 0 255 0
    201 0 255 255 255 36 73 0 255 255 255 0 224 0 60 6 255 143 255 0 255
    0 255 0 218 255 0 0 0 121 255 255 255 0 0 0 76 255 71 0 0 72 255 0
    255 0 97 0 255 179 0 0 108 255 255 255 5 0 255 255 53 23 0 255 255
    255 144 255 0 255 166 186 11 0 0 255 97 255 0 73 255 0 0 0 255 161
    255 0 0 76 255 255 86 0 0 255 0 255 0 255 0 255 0 255 171 255 0 72 0
    129 54 159 0 0 255 201 255 0 255 81 0 255 0 255 0 255 0 0 0 0 255 0
    255 0 0 255 0 255 255 138 0 255 0 255 197 0 0 0 0 0 255 255 177 255
    255 0 255 0 255 0 255 138 203 189 255 0 255 0 138 204 0 0 0 255 134
    199 0 0 0 255 255 255 0 0 0 127 255 255 255 0 0 22 255 255 95 197 0
    0 0 0 255 255 150 0 0 255 223 106 255 237 0 0 255 255 255 0 0 0 0
    255 255 255 0 242 0 255 80 255 255 97 0 0 91 207 255 118 255 255 255
    0 255 0 255 212 0 0 255 0 0 9 255 255 255 70 0 255 255 193 37 0 255
    138 0 0 0 255 95 255 225 255 0 93 124 0 0 255 255 185 255 0 0 0 255
    255 255 0 0 0 255 255 255 0 255 0 198 255 235 255 0 0 0 255 0 62 255
    0 255 0 255 212 164 44 255 0 0 0 255 255 21 0 255 66 255 0 255 255
    100 255 0 255 0 255 0 255 0 255 255 250 0 0 255 255 255 255 0 0 0 0
    255 255 255 0 255 0 222 0 255 159 255 0 0 1 0 255 0 0 170 255 89 255
    255 255 223 0 0 0 193 0 255 255 255 60 0 0 0 255 255 255 54 0 255 6
    189 0 255 102 255 255 255 0 177 0 0 255 0 0 0 255 187 255 255 255 0
    118 0 0 255 0 255 255 255 0 255 0 255 0 255 0 185 30 255 96 0 255
    234 255 255 0 11 240 255 255 74 255 0 0 203 255 255 0 0 0 255 194
    255 0 196 0 255 102 23 255 255 255 0 255 0 255 0 255 0 255 255 255
    125 255 0 0 0 255 255 255 137 255 251 186 0 0 170 0 255 255 255 0
    177 0 255 0 255 0 0 0 255 255 0 255 207 255 98 207 255 255 0 0 251
    255 0 0 255 255 111 99 0 255 255 255 255 0 0 255 0 255 59 0 0 0 28 0
    0 0 255 0 255 226 0 0 0 0 0 0 0 255 0 0 0 255 255 0 0 255 255 255 49
    255 0 255 214 255 0 124 0 0 0 0 255 0 255 0 255 0 188 0 255 255 255
    255 0 255 255 0 0 57 0 255 255 255 0 255 2 255 0 255 0 255 255 0 0 0
    255 0 255 0 0 0 0 255 255 255 119 0 0 158 255 224 255 255 245 0 255
    255 157 0 143 255 255 0 0 0 255 182 255 255 0 215 255 32 0 0 0 255 0
    0 255 232 0 0 80 255 0 0 0 255 0 0 0 189 255 0 0 255 255 80 129 255
    17 0 25 98 255 0 0 255 0 41 251 0 255 255 0 0 0 0 0 255 255 255 136
    0 255 255 255 0 0 165 255 255 0 0 0 255 0 7 0 0 0 255 255 0 96 0 255
    255 255 135 0 0 99 161 0 255 48 0 0 0 0 0 0 255 215 0 0 0 184 0 255
    0 236 0 255 255 255 0 33 0 58 255 0 255 255 0 255 0 0 0 255 255 255
    34 0 0 0 0 0 255 0 255 4 255 0 110 116 255 232 0 0 0 36 255 231 0
    255 0 255 0 217 162 255 255 0 0 0 193 101 131 255 111 0 0 0 0 0 255
    255 0 178 0 255 35 255 215 255 0 133 240 240 246 0 0 0 255 255 255 0
    204 0 0 0 255 0 255 0 255 234 0 34 255 216 0 0 59 88 255 0 185 0 0
    255 255 0 247 230 255 0 215 255 0 137 217 0 0 0 255 255 0 0 255 0
    255 92 255 255 255 0 252 0 217 175 36 133 255 0 78 255 0 0 0 0 255
    255 11 255 43 255 0 255 0 255 0 0 0 255 255 255 0 0 255 255 255 0 0
    255 190 255 255 0 0 255 0 0 0 0 179 0 255 0 255 0 255 0 255 100 116
    255 240 255 205 255 0 255 255 0 101 177 255 255 0 0 255 255 0 0 0
    230 255 0 255 0 146 255 154 255 0 255 0 0 255 28 0 0 255 0 255 0 255
    255 255 255 0 55 84 230 255 0 0 0 0 0 168 146 250 179 255 0 123 0
    100 255 255 23 255 255 0 0 0 255 255 0 255 255 0 0 0 29 0 255 0 202
    92 255 255 255 255 0 118 0 0 82 0 255 0 0 255 0 0 0 255 185 255 255
    0 169 0 255 255 121 11 135 255 0 158 0 255 255 255 0 0 0 255 38 255
    0 21 0 242 255 127 255 255 255 255 0 255 0 109 255 0 255 0 0 0 255 0
    255 0 0 255 255 219 0 0 63 0 255 0 0 0 20 255 0 0 0 0 255 0 0 0 255
    0 255 0 255 255 255 0 0 255 255 255 252 41 0 0 255 94 0 0 0 0 255 0
    0 75 0 255 0 255 0 0 0 255 0 228 255 0 208 0 0 150 0 255 0 167 0 255
    0 255 0 255 0 255 95 0 0 255 255 57 0 0 0 255 0 0 255 255 0 255 0
    255 255 0 0 0 0 0 115 3 255 255 0 0 0 0 0 255 0 255 0 0 0 163 255 0
    255 117 255 255 0 248 255 0 0 255 144 0 0 0 233 0 255 0 255 0 255
    161 255 0 255 0 255 0 0 0 255 255 255 11 244 0 0 255 0 255 0 251 81
    255 255 0 0 0 255 0 0 0 0 167 0 124 0 255 108 0 0 0 255 255 255 230
    0 0 255 255 0 0 0 255 0 0 19 227 69 76 0 255 0 255 255 0 255 0 189
    255 255 255 0 0 0 255 0 0 225 0 93 0 151 88 255 255 255 0 0 255 244
    0 255 255 255 0 55 0 0 0 0 255 255 255 255 73 255 255 255 255 255
    255 255 101 130 0 45 0 0 224 255 22 255 0 0 66 15 255 255 0 0 0 255
    132 255 255 255 0 255 70 83 255 202 255 255 255 220 255 255 255 17 0
    0 180 0 172 0 0 255 146 0 0 255 255 255 0 255 0 255 0 0 0 246 0 0
    255 188 0 255 0 255 0 255 255 255 0 46 14 0 255 0 255 0 0 0 255 255
    0 98 0 0 255 255 255 107 137 0 255 0 0 0 138 255 255 0 255 255 0 0 0
    255 255 255 0 255 178 118 255 108 0 0 153 255 0 0 255 255 0 191 255
    0 0 0 0 204 0 255 0 25 255 255 255 0 0 0 0 255 8 0 255 255 34 0 0 0
    255 255 255 0 255 255 255 0 0 255 255 97 255 255 0 11 255 255 0 0 0
    0 255 255 255 255 0 0 255 255 255 0 255 0 0 0 246 149 255 255 255 0
    255 255 244 255 0 255 0 255 0 70 255 247 255 179 255 255 255 226 255
    0 166 255 255 255 0 0 196 203 255 0 0 255 0 0 0 0 255 75 255 0 255
    255 197 77 255 0 0 0 44 255 255 169 255 255 255 0 0 211 95 0 0 255
    255 0 80 217 255 255 0 0 0 255 255 255 0 255 0 255 0 167 103 255 204
    255 255 74 150 0 180 0 255 255 0 0 164 255 64 255 0 0 255 255 255 28
    255 103 0 0 151 0 255 5 255 0 145 0 255 255 0 255 53 17 0 47 13 177
    53 0 26 255 107 0 0 234 255 255 205 255 41 255 0 89 0 255 255 255
    255 0 0 64 255 24 255 0 137 0 255 0 255 255 255 0 0 255 255 0 0 239
    80 0 218 163 255 0 175 255 255 0 0 0 0 0 9 0 255 1 117 193 255 0 171
    0 0 255 0 255 0 255 255 255 0 0 0 217 215 0 255 255 255 255 0 255 0
    85 69 206 139 0 221 0 255 255 255 255 167 255 0 0 239 255 0 255 60
    255 41 255 0 255 38 255 7 255 255 0 97 255 255 92 13 0 0 0 255 23
    255 0 255 255 0 0 0 255 25 255 0 255 255 255 213 0 0 4 18 255 255
    255 4 0 255 255 255 0 0 0 0 255 0 255 0 255 0 0 255 255 255 0 0 0
    255 255 255 0 0 0 255 0 0 0 0 65 175 255 255 62 0 64 255 255 0 0 5
    255 255 255 0 144 0 0 102 0 255 0 0 255 0 255 90 255 255 255 54 0
    255 255 255 0 255 0 255 0 0 255 0 255 255 255 56 0 74 255 50 110 0 0
    0 255 255 255 255 33 0 255 255 255 0 255 166 255 0 255 59 0 0 0 255
    255 255 255 0 255 34 255 217 255 0 255 0 0 0 255 255 0 0 0 53 255
    255 255 0 0 137 52 255 0 44 255 0 0 255 73 255 255 255 255 0 124 0
    255 0 255 255 133 0 255 0 255 255 255 0 0 0 255 255 255 0 255 0 197
    0 184 0 120 255 255 0 52 255 53 0 0 255 0 255 0 255 0 255 0 255 255
    249 0 0 143 0 0 0 255 0 255 254 255 0 255 255 255 0 83 0 136 255 255
    255 255 255 0 255 0 133 0 255 255 0 0 75 255 255 255 19 245 0 255
    255 255 255 255 255 45 0 48 255 255 62 255 141 255 128 255 255 255 0
    0 0 0 163 255 214 0 255 207 255 255 0 177 255 255 193 255 0 255 103
    255 0 0 0 0 255 144 184 165 0 97 255 0 0 0 255 0 1 0 255 32 0 211 0
    255 0 0 0 255 9 0 0 129 255 255 206 52 53 255 255 0 255 0 248 0 0
    222 54 0 0 255 0 129 77 255 255 0 0 255 127 42 20 249 0 255 0 255
    255 255 0 0 255 0 156 0 255 0 0 0 255 255 255 119 255 255 0 0 123 0
    0 255 255 0 0 0 255 0 0 0 0 255 0 255 0 255 0 148 255 0 255 255 255
    0 0 0 0 0 0 255 255 255 0 0 0 255 255 234 255 0 0 202 255 255 255
    151 0 255 0 255 0 0 255 0 255 14 255 0 255 239 0 255 255 255 0 123
    255 0 0 137 255 0 255 0 61 173 255 255 95 56 0 0 232 255 255 231 0
    255 0 0 0 0 150 255 255 0 0 0 53 140 255 255 0 255 0 0 255 255 255 0
    0 0 255 11 255 255 0 0 0 255 211 255 0 186 0 0 7 255 0 0 0 99 0 0 0
    0 255 97 255 255 0 0 255 255 255 0 0 0 0 255 255 255 255 0 0 0 0 255
    255 0 255 0 0 0 255 255 0 255 0 240 0 0 0 255 255 255 16 0 0 255 242
    9 255 255 255 0 0 128 255 255 58 255 0 238 0 117 255 0 157 0 222 0 0
    0 219 0 126 255 255 64 0 0 225 0 0 0 0 255 0 255 120 116 255 140 198
    0 217 255 0 0 255 255 255 0 255 31 0 255 255 255 0 255 0 0 0 0 255
    255 59 0 255 255 255 0 0 255 255 0 0 190 0 255 171 255 116 255 85 0
    0 255 255 0 0 0 0 255 255 0 0 0 255 122 93 0 255 255 0 0 188 0 0 0 0
    255 255 255 255 255 0 0 255 255 255 70 0 0 0 255 253 255 66 180 0 0
    255 255 0 0 0 255 255 255 255 254 0 0 89 255 255 78 255 0 0 255 255
    255 0 0 0 0 255 0 255 0 255 0 0 255 208 99 255 255 110 0 0 0 255 0 0
    0 255 255 255 143 0 0 0 255 0 0 0 255 0 255 0 255 0 50 0 255 255 98
    0 0 0 193 171 204 0 255 58 0 255 0 36 255 81 255 255 0 255 0 0 0 255
    255 255 0 255 30 255 0 255 255 255 48 255 255 255 255 81 61 0 255
    255 0 0 255 183 255 228 255 0 255 255 255 255 121 255 0 255 140 0 0
    207 156 255 255 0 0 0 255 255 0 85 0 255 0 156 0 43 0 255 88 255 0
    82 0 255 0 0 0 194 255 0 96 255 0 255 0 0 0 0 0 0 255 0 0 255 255 51
    0 207 0 255 0 70 0 255 255 0 0 255 0 0 0 255 58 255 255 255 182 0 0
    0 0 0 99 255 255 0 255 255 255 0 0 255 255 96 255 40 0 255 0 0 0 255
    255 255 0 0 255 255 0 0 0 255 255 0 0 0 0 255 0 255 255 255 104 0
    119 255 61 0 255 0 255 0 0 0 255 255 88 255 0 255 50 255 0 255 0 0
    255 255 255 0 0 21 255 255 255 255 255 0 255 0 255 0 255 121 0 255
    255 255 0 0 255 164 255 0 255 0 255 0 0 0 255 255 255 0 0 0 255 187
    255 255 0 255 0 0 0 255 0 255 255 255 0 0 0 109 255 255 255 134 38 0
    77 0 255 94 235 255 0 0 0 0 255 0 255 255 255 255 0 0 0 255 200 255
    0 255 255 15 0 80 136 0 0 255 0 24 0 255 37 255 0 255 255 255 255 0
    255 0 0 100 0 255 210 255 0 0 0 255 255 76 0 0 255 0 0 0 255 255 255
    255 255 184 246 255 0 227 0 16 0 0 255 123 255 48 0 0 255 255 0 0 0
    255 0 255 0 255 0 141 255 255 255 54 105 0 0 92 255 0 255 0 255 0
    111 0 213 255 0 255 0 56 94 255 255 0 40 0 117 125 255 0 0 0 255 255
    255 0 241 255 255 255 0 255 255 255 0 0 0 255 0 255 156 0 255 0 0 0
    0 255 187 255 0 255 255 255 255 255 0 0 0 201 0 255 172 255 0 255 0
    0 255 15 255 0 255 0 255 0 0 0 125 255 32 255 255 255 0 241 255 255
    255 248 0 0 0 252 255 233 0 255 255 242 0 0 255 255 147 0 255 0 0 0
    255 0 255 0 255 154 255 0 0 0 255 255 122 255 0 41 144 0 0 107 254
    255 255 0 136 37 239 0 255 0 255 132 255 255 255 255 111 0 28 151
    255 0 140 115 255 0 15 0 0 0 0 0 255 255 0 131 255 0 255 93 113 255
    255 0 184 0 255 255 255 102 0 0 0 0 255 255 255 0 127 157 232 255 0
    0 0 0 173 255 255 255 255 0 0 0 184 255 255 255 255 213 255 255 255
    255 0 255 255 255 191 255 255 0 0 122 0 0 255 255 255 255 255 55 155
    0 255 255 0 0 0 0 255 255 255 192 255 0 0 0 255 0 255 0 165 0 255
    255 0 0 169 0 0 255 250 255 0 206 0 255 0 255 223 0 255 255 255 0
    255 0 255 0 255 0 87 110 255 255 200 73 0 164 255 255 255 0 255 0
    255 0 38 0 246 255 255 255 0 42 178 255 255 0 0 0 0 255 0 0 0 84 255
    0 0 0 220 161 255 255 9 191 255 0 0 193 168 0 255 224 0 211 255 255
    0 0 238 0 255 255 59 255 0 255 0 255 148 231 227 0 0 0 231 255 0 255
    182 255 102 0 0 255 0 208 255 0 0 0 255 255 255 0 0 0 255 255 0 255
    44 255 0 255 255 0 0 0 255 255 255 208 0 255 0 231 114 255 0 255 100
    255 255 0 0 255 255 255 0 0 255 0 0 255 255 255 109 0 238 0 210 0
    255 255 0 0 0 0 101 255 0 255 255 214 0 255 255 0 137 0 255 0 0 0 0
    255 0 255 255 0 0 255 0 5 255 255 255 0 0 0 0 255 255 255 0 78 181 0
    255 1 255 255 222 0 176 228 255 255 255 0 42 0 24 59 255 255 0 255
    74 0 24 255 255 248 255 255 0 55 143 233 255 255 0 0 193 0 160 255 0
    0 255 255 255 0 133 0 255 0 255 0 255 0 0 0 0 255 0 255 255 255 0 0
    0 0 120 189 255 0 255 255 0 0 0 0 255 255 177 0 39 255 255 36 255 0
    0 0 255 255 0 161 103 255 0 255 255 0 154 0 255 255 255 0 0 236 255
    255 255 0 0 0 255 0 0 0 255 0 200 255 0 0 255 255 0 255 0 0 0 0 255
    36 25 0 0 255 0 255 103 255 0 0 0 74 0 0 0 255 0 0 0 216 0 255 255
    255 0 0 151 255 255 0 35 0 0 0 0 255 171 255 255 255 0 0 0 255 255 0
    0 0 255 255 110 0 0 255 255 0 0 0 255 0 255 0 0 255 0 255 0 255 0 77
    255 255 255 81 0 0 255 63 0 0 255 0 255 0 0 0 255 255 229 0 192 255
    173 0 255 0 0 0 0 0 10 255 76 0 207 0 59 0 226 255 255 42 0 46 240
    255 0 255 0 20 0 17 0 0 0 255 0 0 0 255 234 11 54 0 0 255 255 255 0
    255 79 255 0 255 255 255 0 0 255 255 255 132 0 255 0 255 194 0 119
    30 255 255 0 255 255 255 39 0 255 49 255 78 0 255 212 23 0 142 224
    255 0 255 0 255 0 5 0 255 255 232 255 255 98 0 255 0 255 255 0 203 0
    255 255 255 255 0 255 0 0 255 28 255 222 43 0 0 255 0 83 0 255 255
    255 0 0 0 255 0 255 0 193 255 255 0 0 0 255 255 35 0 0 65 255 255 0
    255 255 255 255 0 255 3 0 0 0 255 255 255 0 0 0 0 0 255 216 183 0
    255 255 255 38 0 0 255 255 255 0 0 0 62 255 0 255 255 0 255 0 0 255
    0 255 243 0 0 107 255 255 0 255 0 242 121 255 0 28 0 255 0 0 255 142
    0 23 153 255 255 0 0 0 255 0 175 40 255 255 255 0 0 0 255 255 255 0
    0 0 99 0 113 99 255 0 255 0 0 255 230 255 0 0 0 0 158 255 255 210 0
    255 0 255 102 255 0 0 0 0 0 0 255 0 226 0 255 132 163 0 0 123 0 255
    85 171 100 255 0 0 255 255 0 0 255 0 65 0 217 0 243 255 255 255 0
    255 32 255 108 255 255 0 194 0 255 0 143 255 0 255 0 255 0 180 99
    255 255 255 255 0 0 155 255 0 255 122 16 0 255 255 255 87 0 255 61 0
    255 255 255 215 0 205 255 145 126 0 247 255 255 255 0 84 255 0 255
    226 255 0 62 0 255 0 0 129 0 122 255 255 104 152 0 255 0 255 255 255
    0 0 217 141 255 255 127 0 0 0 127 255 255 255 0 123 11 48 255 141
    110 0 0 255 255 231 61 0 0 13 0 0 0 126 255 255 107 255 255 0 0 145
    255 0 255 204 255 0 0 255 255 255 0 0 0 0 255 255 0 255 255 0 172 0
    255 0 0 0 255 48 255 255 52 0 255 255 255 244 0 56 0 251 0 255 0 255
    0 25 0 0 255 251 0 0 255 0 255 0 255 0 255 0 0 21 82 255 255 0 255
    69 255 255 0 0 255 255 93 0 0 0 242 73 21 255 255 0 146 255 255 255
    0 0 0 255 0 3 255 131 0 255 255 0 0 0 255 255 255 255 255 0 221 0
    255 0 255 255 255 0 0 0 255 255 122 255 0 20 255 84 255 157 255 0
    232 255 255 0 255 255 0 0 255 255 255 255 255 0 255 0 0 255 255 255
    255 0 255 0 0 0 0 255 255 0 0 0 255 255 255 255 0 255 0 255 56 255
    255 0 0 46 0 255 0 51 0 255 88 160 0 33 0 0 24 201 255 0 255 0 255 0
    255 0 255 255 255 0 0 255 255 0 201 15 255 0 255 200 0 161 0 160 255
    255 0 0 0 255 255 124 255 255 255 255 47 0 123 255 28 164 255 0 128
    255 0 0 255 255 0 0 255 255 9 0 255 255 255 140 0 255 29 41 0 255
    255 112 0 0 255 0 255 255 128 0 183 255 0 255 0 7 255 247 0 0 255
    255 232 109 0 156 255 255 0 0 0 0 236 0 0 0 0 255 255 255 0 168 0
    255 255 100 255 0 204 255 255 0 133 0 0 0 0 255 0 255 255 255 56 255
    255 0 0 0 255 0 0 0 255 255 0 255 255 168 0 0 38 0 186 255 255 0 211
    36 255 0 255 255 255 0 0 0 255 255 255 0 0 0 0 255 255 255 255 83
    128 154 0 255 100 255 255 255 0 0 0 255 255 255 0 0 255 255 0 0 255
    146 0 0 255 230 255 86 255 255 0 153 255 0 0 0 255 236 255 0 0 0 0
    255 255 255 0 0 0 38 207 255 255 0 89 91 0 0 0 255 255 255 0 255 0 0
    255 255 145 0 129 255 255 0 0 255 79 0 182 255 55 255 69 0 255 0 255
    251 0 0 255 105 255 255 255 0 255 255 255 0 0 0 153 255 255 165 255
    0 0 0 207 255 255 0 154 0 204 0 0 255 255 133 199 0 0 0 0 0 0 255
    255 255 0 255 195 0 0 255 176 255 255 255 255 0 0 201 0 0 255 46 255
    0 255 0 0 0 0 255 255 255 255 132 2 0 0 155 0 0 162 0 111 255 215 0
    34 0 255 0 62 0 255 0 255 94 255 40 255 16 0 225 255 255 77 255 232
    255 0 0 0 255 255 255 193 0 255 0 18 115 154 255 0 255 0 255 0 255
    96 0 141 0 255 255 255 0 0 255 255 0 255 255 255 0 0 0 255 172 255 0
    255 0 255 20 255 0 255 0 95 0 255 255 0 255 0 145 0 0 255 255 255 0
    255 0 131 108 255 255 255 255 0 0 154 255 70 255 0 186 255 255 255 0
    0 0 0 255 255 0 0 255 0 255 0 123 255 132 19 0 129 160 0 27 0 255
    176 255 241 0 255 70 0 0 0 255 0 0 142 0 0 177 4 255 0 255 0 40 174
    255 0 255 45 7 154 111 255 255 255 158 0 255 0 255 78 255 205 255 0
    255 0 255 255 255 0 0 0 255 0 0 0 255 255 113 0 0 255 0 249 255 47 0
    0 255 0 0 0 67 255 255 0 192 0 190 255 0 255 174 255 0 18 255 255
    255 195 255 0 255 245 131 0 255 0 255 255 255 0 0 255 130 10 255 242
    0 0 0 255 255 6 255 0 255 255 121 0 31 255 255 0 227 0 255 48 255 88
    234 255 0 0 0 255 231 167 0 255 255 255 195 255 255 0 63 0 222 0 255
    255 0 0 0 0 0 0 255 255 255 255 0 0 0 0 143 0 255 0 255 252 45 255
    255 0 0 0 0 86 0 255 0 0 0 0 255 255 255 0 0 0 0 255 255 157 0 0 159
    13 25 6 255 255 255 255 0 0 0 0 245 147 255 0 56 255 255 255 0 255
    255 255 30 35 0 255 70 255 0 0 204 255 0 0 255 0 88 96 193 0 0 255 0
    0 107 110 255 0 0 45 0 52 229 0 0 0 255 255 255 0 67 255 255 0 0 255
    255 255 0 0 0 249 255 0 34 252 204 255 0 0 0 255 255 255 255 255 255
    0 255 0 255 0 0 114 255 0 255 0 0 11 0 0 255 28 0 255 255 0 0 0 255
    0 0 255 0 255 255 255 255 12 255 126 255 0 0 178 0 255 0 0 255 0 255
    0 255 0 130 27 0 255 255 0 0 255 0 0 7 0 255 255 0 0 151 180 0 211
    255 255 255 85 255 255 0 0 237 255 0 162 0 0 255 255 0 0 0 0 255 0
    255 0 255 0 0 255 255 124 0 0 255 255 255 2 255 54 0 255 255 55 255
    0 0 0 0 255 215 0 255 0 0 0 255 0 255 255 255 0 0 188 142 255 255 64
    0 0 255 0 255 255 13 255 69 70 0 0 255 255 144 0 216 138 255 0 255 0
    255 255 255 0 255 0 0 0 7 0 255 0 0 0 217 255 255 121 0 0 0 255 255
    0 0 255 0 0 255 82 255 118 255 13 255 0 255 0 255 0 255 139 255 255
    177 255 255 47 255 0 0 0 0 0 255 53 255 0 205 0 255 255 255 255 0
    164 0 255 255 255 195 0 0 0 255 0 255 0 255 255 255 253 0 0 255 246
    255 255 255 0 255 85 149 63 255 154 0 255 0 68 196 0 0 157 255 171
    130 67 255 0 255 0 255 0 255 0 255 0 0 20 0 255 255 0 255 255 0 0
    255 171 255 0 95 255 30 0 104 0 196 0 248 86 255 0 255 255 0 117 255
    8 135 0 255 255 0 0 255 0 0 0 0 255 255 2 255 0 0 94 255 0 255 49 0
    0 0 0 255 255 255 0 64 37 255 168 255 0 255 0 0 255 255 196 255 90
    255 0 0 68 255 255 255 255 0 0 0 255 255 141 0 255 229 255 255 0 0
    16 247 233 255 0 255 0 0 162 0 249 255 81 173 0 172 0 255 179 0 0 13
    255 0 255 0 194 124 255 0 255 0 24 0 147 255 255 0 91 255 183 0 0
    255 255 50 0 0 188 0 20 255 0 255 18 255 0 251 0 255 255 0 247 100
    255 0 18 0 0 255 190 255 0 11 0 255 255 255 126 0 132 255 255 76 0 0
    0 255 154 255 255 255 0 0 255 255 255 179 255 80 255 0 0 255 0 255 0
    255 255 255 255 0 0 0 0 255 255 255 255 0 255 0 255 202 255 39 255
    235 0 255 79 255 0 236 154 140 255 255 112 0 0 0 127 0 255 0 255 0 0
    209 255 255 0 0 255 255 255 0 0 255 203 255 0 0 255 255 255 103 255
    230 51 63 0 0 255 0 255 0 255 136 255 0 255 0 0 161 76 255 137 255
    255 0 255 88 98 0 0 255 0 255 255 255 0 0 137 255 255 0 0 0 0 255
    255 255 0 0 0 190 255 255 0 0 0 0 255 0 0 0 255 175 0 0 185 157 0 0
    52 255 255 0 152 255 255 255 0 255 255 188 255 0 255 0 255 0 255 0
    223 0 255 255 68 255 139 255 255 0 255 251 255 67 255 0 255 255 255
    0 0 204 255 0 70 0 255 0 255 217 255 255 72 48 255 255 174 105 121 0
    255 0 255 0 255 255 255 255 0 0 0 0 196 255 0 44 168 255 136 255 255
    255 0 0 0 124 0 0 205 255 169 255 166 0 0 255 255 255 28 5 255 255 0
    0 0 255 33 25 255 171 0 49 255 255 0 0 255 255 95 0 255 255 134 255
    255 255 0 0 255 0 79 0 0 0 92 255 255 255 51 0 255 255 255 0 0 0 255
    255 255 255 255 0 255 255 255 27 0 0 255 0 14 0 255 0 255 255 255 0
    255 0 0 219 0 20 226 0 0 0 0 255 255 255 0 0 0 255 0 0 13 255 13 0 0
    0 0 0 255 255 255 255 255 215 52 0 255 0 67 255 0 120 203 255 255 0
    255 255 0 186 0 255 0 255 0 255 0 255 0 255 0 91 0 0 0 0 0 255 255
    255 28 255 151 255 0 0 0 255 255 255 0 0 255 0 255 255 255 255 0 85
    0 255 255 0 0 0 255 255 0 0 0 0 255 0 255 0 0 146 254 0 13 132 0 255
    0 98 0 255 255 255 0 1 0 0 0 0 255 255 255 0 142 0 30 0 255 255 48
    88 245 0 0 194 255 255 255 0 255 0 255 145 0 0 0 0 255 103 79 255
    255 255 40 80 255 255 255 0 0 0 134 255 214 255 255 255 0 255 255 0
    117 255 255 30 0 0 255 255 0 251 0 0 99 0 0 255 0 255 0 255 255 164
    123 42 255 255 0 0 255 118 0 0 0 184 255 255 0 0 0 255 255 89 39 0 0
    255 255 216 0 0 255 0 0 0 255 255 0 0 0 71 255 255 0 196 0 255 255
    255 79 162 79 255 255 47 69 126 255 94 255 83 255 0 255 101 255 0
    129 0 178 255 255 173 255 0 70 251 0 255 255 255 214 0 75 255 255 0
    69 0 114 85 255 0 0 0 255 0 255 76 255 255 174 255 255 0 0 255 164 0
    0 255 255 255 222 187 255 92 0 6 131 255 195 167 0 255 221 192 50
    255 0 0 207 246 255 0 0 0 255 255 105 115 0 0 255 143 255 255 176
    255 255 0 0 0 253 255 255 63 197 0 255 255 255 255 16 0 255 23 129 0
    0 0 255 255 255 89 255 255 0 255 0 0 161 255 0 255 0 255 148 255 255
    255 0 255 255 0 150 255 255 255 0 255 91 0 255 0 255 0 255 0 0 255
    222 0 0 255 0 255 0 8 128 240 35 0 19 0 255 255 0 5 0 0 0 0 0 255
    255 255 0 0 0 255 255 0 0 255 255 255 233 0 0 0 70 255 133 0 255 152
    0 0 102 255 255 0 0 0 131 0 0 101 255 0 71 255 255 0 255 201 78 255
    0 255 255 255 255 0 0 0 255 255 255 0 0 0 255 0 255 0 0 115 255 109
    179 154 96 0 0 180 0 255 255 255 0 0 66 155 255 0 0 0 255 134 0 0 57
    0 105 0 191 0 0 255 0 238 34 21 255 0 0 0 255 255 0 159 105 255 0
    255 0 0 0 0 255 0 255 255 0 255 0 255 0 0 255 255 0 0 253 240 0 0
    255 255 236 0 255 255 0 29 0 240 0 255 0 255 0 255 0 255 255 174 255
    0 135 157 255 255 163 201 255 255 224 255 0 0 109 0 0 255 0 166 0
    255 0 255 255 255 255 255 0 255 255 255 0 0 189 75 0 255 255 0 255 0
    255 0 255 255 255 0 0 255 68 215 37 0 255 0 193 255 0 0 0 1 255 255
    14 0 0 228 0 0 143 183 255 0 5 0 0 255 255 255 0 255 252 255 166 255
    0 0 12 210 0 255 255 0 0 5 255 0 0 187 0 255 255 0 43 0 0 255 0 145
    248 92 0 255 156 255 255 255 0 0 255 0 255 0 255 0 0 255 255 255 99
    239 0 255 0 0 0 0 255 0 255 255 255 118 189 12 62 255 255 255 124 0
    255 0 255 255 0 94 128 102 0 0 0 211 0 255 0 34 255 22 255 255 0 255
    0 0 0 255 0 123 110 231 192 0 255 94 255 201 255 255 164 0 70 0 118
    255 0 255 0 255 255 255 255 149 255 255 166 229 83 170 0 188 132 253
    0 0 255 255 255 255 0 0 255 255 255 0 255 135 255 255 255 73 255 108
    169 255 255 255 255 255 255 255 0 172 203 225 75 0 0 42 55 255 0 0
    207 0 140 255 255 195 0 0 255 0 0 255 38 255 220 0 0 0 255 0 142 0
    255 255 255 0 255 255 255 255 0 255 0 0 146 0 140 255 0 0 255 0 255
    65 255 0 236 0 9 95 255 69 0 227 0 255 143 49 255 103 0 255 130 0
    255 0 254 0 45 174 255 0 254 244 255 255 0 0 255 255 255 150 0 149 0
    0 0 0 0 71 137 255 255 152 0 0 32 25 255 0 0 0 0 255 255 255 0 255 0
    255 0 255 80 255 255 0 255 29 0 207 0 255 0 227 160 255 255 16 0 0
    27 112 255 107 0 33 255 255 255 255 0 255 0 0 0 0 255 255 255 0 159
    0 17 99 255 0 0 105 255 255 22 60 0 239 255 255 0 0 255 185 255 0 49
    0 255 213 0 0 205 255 255 0 255 255 116 0 0 255 182 255 0 255 44 0
    255 255 255 0 0 255 28 0 117 255 5 0 255 63 183 0 0 0 75 255 255 255
    255 255 210 255 6 255 200 0 61 255 255 0 255 0 45 0 71 255 255 5 0 0
    0 26 255 0 255 0 255 38 55 255 255 114 0 43 0 0 255 0 0 255 255 255
    0 255 0 0 44 255 0 0 0 251 255 0 0 255 22 0 0 0 255 0 255 0 0 255 0
    161 246 59 255 0 0 255 255 255 0 0 0 0 91 255 0 0 255 0 204 0 255 0
    144 255 0 69 0 255 255 112 255 0 255 0 0 239 167 0 255 255 0 255 228
    255 0 105 0 255 255 255 0 194 255 0 255 0 255 0 0 0 255 0 0 85 0 79
    12 255 0 255 255 0 255 166 200 0 0 255 255 255 150 255 255 255 0 0 0
    149 255 255 0 0 0 255 255 255 85 0 255 0 182 0 198 0 187 42 0 255 0
    255 42 255 240 0 0 0 255 255 255 0 0 0 6 90 0 255 183 0 0 34 0 255 0
    255 0 255 255 0 0 255 255 0 0 255 255 255 255 0 167 0 0 255 0 194 0
    234 0 0 0 134 0 255 254 255 0 255 0 255 255 0 0 0 255 255 255 85 255
    0 0 255 0 255 226 255 0 87 0 255 0 255 0 255 0 0 255 0 255 38 0 0 0
    255 255 127 40 0 0 0 207 0 255 252 0 255 202 22 0 255 255 0 255 180
    0 0 0 0 16 255 255 255 255 0 0 26 218 0 47 0 255 0 255 0 255 0 0 255
    255 148 255 0 0 22 127 255 0 0 0 255 23 255 0 0 134 0 255 152 85 255
    0 19 255 255 255 0 0 0 226 0 193 252 255 255 129 0 255 0 255 0 0 255
    255 0 0 0 255 255 97 255 255 0 0 255 255 0 0 0 255 0 255 0 0 255 44
    255 0 255 255 0 255 255 255 255 198 0 255 0 255 0 255 255 255 0 255
    0 255 0 255 0 0 0 255 132 255 255 0 0 14 255 255 255 216 81 0 0 0 90
    0 255 255 188 255 0 255 44 255 255 0 0 255 212 255 255 0 80 0 0 0
    255 255 255 0 94 0 0 255 0 66 255 255 255 0 0 35 20 255 248 0 0 255
    255 255 255 255 95 0 255 196 60 0 147 0 3 0 255 0 255 0 0 255 255
    193 245 255 255 255 0 212 5 182 0 255 255 255 0 0 0 255 255 0 0 255
    255 76 0 0 255 255 0 0 0 196 64 0 255 0 103 0 255 255 255 255 238
    255 0 0 0 255 0 255 0 0 0 255 255 109 255 0 255 0 255 255 255 0 0 0
    0 255 255 0 166 0 255 255 0 255 0 0 0 5 255 255 255 255 55 0 255 0
    255 75 255 76 255 0 0 187 255 0 255 0 255 255 255 0 0 210 255 255
    227 255 74 255 0 0 255 255 255 225 0 255 204 0 0 0 0 255 255 255 255
    255 0 255 0 0 140 0 0 0 255 82 255 0 0 0 0 255 11 255 0 255 27 209
    255 255 255 0 0 5 255 87 160 117 0 255 255 255 0 45 255 255 0 255
    255 255 255 255 0 255 255 174 0 0 0 0 0 204 255 0 0 0 0 255 255 255
    0 0 255 255 228 44 0 0 0 255 0 255 0 99 255 255 0 0 0 0 0 0 255 0
    255 9 255 169 255 0 236 0 51 0 0 175 255 255 67 255 58 0 255 255 255
    255 0 0 255 0 255 255 255 255 44 0 255 0 255 255 52 255 0 0 0 0 255
    255 0 0 255 255 119 0 165 255 139 255 255 255 0 255 11 0 85 0 255 0
    82 0 223 255 197 0 0 0 138 0 255 245 48 255 0 0 0 255 255 0 0 0 61
    255 0 0 0 255 0 0 0 0 0 255 255 255 130 0 0 0 0 255 255 255 255 255
    255 255 255 56 0 0 255 255 0 0 133 255 0 0 0 255 255 255 0 0 0 216
    255 0 255 255 0 177 0 255 0 255 225 255 0 255 0 255 255 255 255 0 0
    0 255 171 255 255 0 0 0 255 255 0 255 93 255 0 0 0 255 0 184 0 255 0
    255 255 0 121 255 255 255 119 0 0 0 255 255 0 255 255 255 172 255
    255 0 0 0 255 0 255 145 0 255 0 255 255 255 0 0 0 0 94 39 255 182
    255 255 255 162 255 0 255 97 0 0 255 255 255 0 15 0 234 0 0 181 255
    0 80 0 255 0 0 255 180 0 255 57 0 255 25 255 0 255 255 255 252 255 0
    205 0 0 255 255 255 152 0 0 255 92 0 255 255 255 0 0 0 2 255 255 255
    0 255 255 255 102 0 255 0 84 0 255 0 0 0 0 255 130 159 255 255 255 0
    0 0 255 255 255 176 0 255 0 0 255 255 233 0 255 0 255 0 0 0 29 128
    255 0 255 0 255 0 255 255 188 112 0 239 255 0 255 0 255 0 0 255 255
    255 0 0 255 0 255 255 255 60 0 41 255 255 0 76 255 255 0 198 246 255
    0 0 0 0 255 255 255 255 0 158 0 139 0 156 0 40 68 0 0 96 0 0 255 255
    255 0 0 0 0 0 40 255 218 255 0 255 0 0 0 255 255 206 95 0 0 255 21 0
    0 185 0 93 255 14 255 37 127 0 255 64 0 0 255 255 255 133 0 255 255
    255 255 0 191 0 255 0 255 0 255 0 255 235 199 0 0 255 255 255 140 0
    0 180 0 0 255 0 255 125 255 0 163 255 255 255 255 212 133 255 0 0
    255 255 0 0 255 0 0 0 188 255 156 237 0 0 0 254 255 0 193 255 255
    255 0 193 75 28 0 0 255 192 255 0 255 255 0 255 228 255 95 0 167 255
    160 0 0 255 224 0 255 255 0 0 189 0 255 186 254 98 255 255 255 178
    164 201 255 255 0 255 0 255 255 0 0 0 255 255 124 0 0 255 255 255 15
    255 7 0 0 255 255 0 0 255 255 200 0 255 0 255 0 255 83 255 255 255
    255 0 0 50 131 216 13 186 0 0 255 0 104 0 255 0 255 255 16 0 0 255
    255 0 255 0 255 255 255 0 0 255 255 60 0 0 0 230 255 255 0 255 49 0
    0 4 46 255 255 161 255 0 255 0 0 255 0 0 0 1 0 255 255 14 0 255 0
    192 0 255 0 126 0 255 108 255 0 0 55 0 255 255 255 0 255 0 0 0 255
    255 255 0 255 255 0 255 0 255 255 0 33 255 255 255 237 255 0 255 0
    255 0 255 255 255 0 0 255 255 255 0 0 255 0 255 0 0 0 178 255 255 0
    255 47 0 255 0 255 0 255 0 255 0 0 0 255 0 16 0 255 255 255 122 0 3
    255 255 58 55 255 255 255 255 255 0 0 0 30 255 255 255 0 255 255 0
    111 43 255 255 92 35 255 255 255 255 0 0 0 0 0 0 255 234 0 203 255
    87 79 255 0 255 0 0 0 229 255 0 0 255 255 0 0 255 169 255 108 170
    255 218 0 0 41 255 255 255 0 0 23 255 0 0 0 255 25 0 53 255 0 0 0 0
    255 255 255 0 0 130 255 0 255 255 84 0 255 0 255 255 255 0 255 255
    255 0 202 0 171 255 255 255 0 255 41 86 0 0 0 255 255 0 0 0 255 255
    255 0 0 255 255 0 255 255 255 0 165 0 255 0 0 0 255 121 255 32 0 0
    203 0 255 0 255 0 0 0 0 0 132 161 255 0 0 255 114 236 0 0 41 255 215
    255 0 255 255 0 0 0 73 0 0 255 255 247 0 12 0 0 255 255 255 0 255 0
    255 255 139 255 246 255 255 255 219 0 0 0 255 132 255 0 0 0 12 255
    253 0 0 0 0 0 255 176 255 0 90 0 255 255 0 0 255 41 13 0 255 255 0
    89 0 255 255 0 0 104 209 0 0 255 107 0 0 0 143 0 0 194 255 255 18 0
    0 180 228 0 0 130 255 0 255 255 255 255 0 0 0 255 255 255 0 255 0 0
    0 0 255 255 116 255 0 0 0 255 255 13 0 254 255 255 254 0 27 108 0 63
    0 255 0 0 255 0 255 0 255 255 255 0 96 0 0 255 255 141 0 255 255 18
    0 0 0 255 0 0 0 255 255 255 0 255 0 0 0 128 255 255 255 79 0 0 255
    255 0 255 0 9 0 107 255 41 255 0 0 0 251 255 0 255 255 255 0 255 0
    255 0 0 125 0 255 0 0 22 255 242 0 0 255 255 177 255 55 0 0 171 0
    255 255 182 0 0 255 153 255 255 110 0 0 0 0 0 255 255 255 0 179 0
    255 255 0 0 201 255 46 255 242 0 0 255 255 255 255 0 184 0 255 255
    255 0 0 0 255 255 255 0 255 0 127 0 192 0 0 255 0 0 0 0 156 0 0 0
    255 153 0 255 255 255 0 255 0 100 0 255 255 255 0 0 0 255 0 39 0 255
    0 0 255 120 85 0 213 118 255 0 200 0 95 255 255 0 0 125 154 0 0 0
    255 223 255 0 204 0 0 255 255 255 0 68 255 255 0 255 0 0 255 255 136
    213 178 255 0 0 255 0 121 255 236 255 0 0 255 0 0 0 255 195 0 0 255
    0 0 255 0 255 255 255 0 217 0 255 255 0 0 255 255 255 0 0 255 255 0
    0 0 255 220 255 0 0 148 0 0 0 255 255 135 255 230 0 0 0 255 26 0 255
    255 255 255 0 0 0 0 255 109 0 37 255 0 187 255 0 255 116 255 0 255 0
    0 255 255 255 255 0 255 0 231 255 0 255 0 0 0 255 255 0 0 255 255 0
    90 26 105 255 0 0 184 194 0 0 0 192 255 0 255 255 255 0 0 255 0 255
    0 255 255 255 0 118 157 0 0 47 255 255 0 255 255 255 255 0 255 0 255
    0 255 180 255 0 255 255 255 0 0 0 255 0 241 255 0 113 255 210 255 0
    0 173 0 255 0 255 0 255 174 255 255 255 0 255 0 192 66 255 255 0 0
    255 255 204 255 255 0 0 255 0 25 0 11 183 255 0 212 255 255 255 0 43
    54 0 255 0 255 0 0 0 255 255 255 0 255 0 0 253 255 0 255 255 0 0 0
    255 255 255 0 0 0 0 0 92 0 190 255 237 255 255 255 255 0 34 0 0 0 0
    0 255 0 0 0 215 255 255 255 192 107 255 255 202 160 255 248 108 0 0
    109 255 255 255 0 0 0 221 255 255 0 0 0 0 0 255 255 255 99 167 0 255
    0 255 0 0 0 0 0 255 255 255 0 127 10 255 136 0 255 255 255 0 70 154
    255 255 0 0 0 255 180 0 54 163 0 0 217 227 0 230 255 255 0 255 82 0
    255 255 255 255 255 255 0 255 195 103 24 255 57 0 197 222 0 255 255
    236 255 255 0 255 0 179 183 255 85 0 69 0 255 255 46 255 0 255 0 0 0
    0 255 243 38 255 0 255 0 255 30 255 255 0 255 216 255 0 0 255 255 73
    201 255 0 50 0 193 253 0 0 64 251 255 0 0 0 0 95 255 186 255 255 255
    0 0 0 231 0 255 0 45 0 0 255 0 255 59 0 255 0 255 67 255 255 255 255
    255 255 0 133 240 255 168 0 255 0 0 230 255 255 0 0 0 255 115 252
    255 196 255 255 0 0 0 255 212 0 0 255 0 255 0 1 0 0 0 0 141 51 255
    64 255 0 255 0 255 255 255 0 255 137 255 0 200 255 119 255 0 0 0 255
    255 0 0 255 255 51 255 91 0 121 0 255 0 101 0 99 61 255 0 255 5 255
    0 0 144 192 255 0 73 255 255 255 255 255 255 0 0 0 0 0 255 255 255
    255 255 0 255 0 255 0 255 255 255 255 0 255 255 255 0 192 0 255 0
    255 0 255 0 166 0 22 255 0 255 0 255 120 0 0 255 0 163 0 255 255 0
    255 11 255 255 89 156 169 255 0 255 70 0 212 255 255 195 0 191 76
    255 255 0 177 2 255 255 0 191 0 111 202 194 255 255 0 0 255 255 0
    255 23 255 0 49 0 255 77 161 0 0 0 255 255 255 0 0 0 255 23 79 255 0
    0 189 164 0 255 0 42 0 138 0 255 0 0 0 0 255 255 0 0 0 110 255 2 255
    0 0 255 21 49 74 213 255 255 255 255 255 210 0 0 255 0 255 0 0 0 0 0
    0 255 255 0 0 0 184 37 255 255 94 227 0 0 255 255 255 0 122 0 255
    223 255 0 0 42 255 223 221 255 0 255 255 0 0 255 255 255 0 0 255 255
    0 0 255 163 42 0 255 0 255 255 0 0 188 183 255 255 65 0 0 48 0 84
    255 255 255 255 255 96 8 255 0 0 255 0 97 144 0 0 0 255 255 0 0 255
    0 123 255 255 0 0 255 255 0 0 255 255 21 0 12 255 255 123 0 92 0 255
    237 0 0 246 255 255 242 194 255 162 255 0 255 255 255 0 0 26 0 255
    162 0 0 255 255 255 0 0 0 255 0 255 136 0 0 0 255 255 255 0 0 0 60
    255 241 255 255 0 0 0 255 0 255 255 255 0 62 0 37 0 255 179 255 0 9
    0 0 212 255 255 255 255 255 255 0 109 0 31 0 0 255 255 255 0 0 0 224
    0 255 0 37 255 255 0 139 0 0 43 255 130 71 0 0 0 167 0 255 0 255 0
    255 0 255 127 28 0 181 0 255 0 255 0 0 0 0 255 255 255 0 0 255 120 0
    255 0 255 0 0 0 0 255 9 255 0 241 0 0 164 255 0 255 181 255 0 0 255
    255 247 0 255 130 104 0 255 164 255 0 0 79 210 0 255 130 255 0 0 0
    255 46 255 255 255 0 255 0 138 0 99 255 255 255 113 255 0 255 255
    255 0 0 0 255 0 226 255 0 255 255 255 255 0 176 255 151 0 255 0 255
    255 211 148 0 143 0 234 0 0 0 255 255 255 255 199 65 0 0 255 0 111 0
    234 96 255 255 255 0 0 0 255 255 0 255 255 255 255 255 224 40 0 0 0
    0 255 0 255 0 255 0 0 201 0 125 255 255 0 255 255 245 255 0 255 0
    255 109 255 255 0 255 109 164 0 0 255 0 124 255 241 0 255 255 26 9
    255 0 161 255 232 0 0 255 90 97 240 255 255 220 0 26 238 0 0 0 255
    255 38 237 61 255 0 0 0 255 255 0 8 0 255 255 79 255 0 255 255 255 0
    0 0 0 0 233 77 255 255 0 51 11 0 0 230 0 255 255 255 0 0 255 255 255
    0 255 123 48 0 255 255 255 0 0 255 0 0 0 0 33 255 0 0 255 0 0 255
    255 255 255 60 0 0 0 0 0 255 0 0 228 0 255 214 255 0 0 255 113 255 0
    0 0 255 255 0 0 0 253 7 0 255 255 0 255 0 255 0 231 255 255 0 255 0
    64 0 255 255 255 255 255 86 255 0 255 0 0 0 255 44 90 255 0 255 0
    255 255 255 0 0 255 255 21 0 0 255 255 57 0 255 255 255 255 0 255
    255 255 193 224 255 255 47 255 0 0 0 0 40 0 14 50 0 0 0 255 255 114
    0 0 255 255 0 0 0 255 0 178 0 255 255 0 0 255 55 229 0 0 143 0 10
    255 255 0 0 255 0 255 0 255 43 255 255 0 0 0 28 0 255 0 0 89 255 255
    0 255 0 240 0 105 255 216 0 242 255 255 0 0 0 76 104 255 174 255 0
    45 255 0 27 0 255 255 0 255 9 30 0 0 255 0 255 0 255 0 255 255 0 0 0
    5 0 0 0 255 7 0 0 255 255 255 233 0 0 255 0 0 255 0 255 0 0 0 118
    187 255 255 182 255 0 11 0 255 255 255 0 255 0 219 169 255 224 244 0
    0 255 12 255 255 255 0 157 0 55 0 0 255 255 0 255 205 255 0 255 0
    255 255 255 255 255 255 0 25 255 0 53 0 255 111 0 77 255 255 255 255
    63 138 255 250 0 0 55 177 255 255 0 255 0 0 0 255 17 255 255 0 255 0
    255 0 67 0 0 0 255 0 0 255 255 0 0 0 255 255 255 77 0 255 0 0 255 0
    0 0 255 0 3 255 0 0 255 0 0 0 255 0 255 255 255 139 255 0 255 0 129
    63 0 255 255 8 0 255 171 255 0 186 0 255 238 255 249 255 101 76 255
    255 0 255 0 0 0 255 0 255 0 255 255 223 255 0 255 255 0 0 0 101 0
    255 151 255 255 0 0 0 255 242 61 0 159 255 0 255 255 14 255 0 255 0
    0 255 255 255 0 0 255 0 255 255 255 255 0 0 255 0 0 255 255 255 37 0
    0 255 131 255 255 0 0 0 0 255 54 255 0 0 0 0 0 144 255 0 255 147 255
    0 255 82 255 255 0 0 0 255 49 0 188 255 255 0 0 255 255 0 255 0 0 0
    0 26 0 0 139 12 127 0 255 236 222 0 219 229 0 255 0 255 0 255 255 0
    255 0 255 255 0 0 44 255 0 255 0 255 0 255 63 255 132 0 255 0 219 0
    255 0 255 0 0 0 255 0 255 0 255 45 255 0 0 255 206 255 255 0 255 0
    255 255 216 0 0 255 0 255 0 255 27 255 252 255 255 0 255 0 255 0 255
    173 255 0 255 255 255 0 0 19 242 174 0 0 155 0 0 0 0 255 242 0 255
    90 255 144 255 0 255 0 255 255 255 0 0 0 255 255 255 0 255 255 0 235
    0 218 0 255 255 0 234 179 0 255 0 0 0 0 0 255 0 130 0 255 0 0 0 0
    255 255 0 0 0 96 255 0 0 0 255 255 255 0 97 255 8 181 9 255 0 219 0
    0 255 255 56 243 0 255 0 255 0 255 0 255 0 255 255 0 0 255 0 255 0
    255 255 255 70 255 0 61 65 0 255 0 255 3 255 31 0 218 255 0 207 255
    255 0 255 0 255 0 0 255 255 255 0 0 0 0 0 0 255 255 255 0 0 0 255
    134 255 0 157 0 255 255 255 0 0 0 255 255 80 0 255 0 0 0 255 255 66
    0 0 0 234 88 255 255 249 96 0 255 0 255 4 255 255 0 183 0 255 0 255
    0 255 0 74 255 156 255 0 0 0 163 255 20 255 255 0 28 27 113 255 197
    255 0 255 255 79 0 0 0 255 255 116 255 0 0 255 112 0 125 0 0 0 255
    78 255 0 255 0 255 124 0 0 0 0 0 255 255 179 170 0 255 0 75 255 221
    255 0 255 0 209 0 255 255 255 208 255 0 0 0 255 0 231 255 255 255 0
    0 0 0 252 255 255 255 255 255 0 0 0 255 255 133 0 255 0 255 255 255
    255 71 255 255 0 0 0 255 255 0 0 0 255 102 0 255 255 255 122 186 255
    0 0 255 255 255 119 255 0 0 0 255 255 225 185 255 255 255 0 126 255
    182 0 0 0 0 0 255 0 255 0 255 255 0 255 0 255 0 255 185 255 0 183 0
    255 196 255 255 0 184 0 255 255 255 143 159 50 0 179 255 255 0 0 0 0
    255 205 0 255 45 0 0 0 107 255 255 0 25 255 255 255 0 195 0 255 0
    255 0 0 28 255 255 255 0 240 255 255 255 255 0 255 0 140 0 255 15
    255 0 0 255 107 214 255 255 0 210 255 255 0 255 235 255 171 88 255
    14 255 146 0 255 0 0 0 255 0 255 255 0 0 0 255 0 255 52 255 255 0
    255 115 252 0 119 0 255 0 255 0 0 46 186 255 255 0 255 195 255 255
    255 0 0 255 0 0 0 139 255 0 120 220 255 255 255 0 255 0 0 0 57 255
    255 0 0 0 0 255 0 255 160 255 255 51 22 232 255 227 255 255 255 0 0
    194 227 229 0 255 222 0 0 0 82 0 0 0 255 255 255 0 255 11 0 46 71
    255 255 255 0 238 240 0 0 158 139 0 255 255 255 255 0 255 106 255 0
    255 0 255 255 0 0 0 119 255 0 255 255 255 82 0 255 0 255 255 255 0
    255 255 255 255 0 12 255 25 255 0 0 26 255 255 0 0 0 0 255 0 19 144
    0 0 54 255 255 0 255 0 0 0 188 255 255 0 157 0 0 234 47 255 0 0 0
    181 218 32 0 255 255 255 255 0 0 0 0 255 255 255 25 0 0 0 255 255 0
    148 0 0 108 0 0 255 255 255 255 0 0 255 255 255 0 198 65 228 0 255 0
    208 0 255 38 255 224 84 0 130 255 0 0 0 77 0 0 255 0 255 255 0 0 255
    255 0 0 8 0 0 255 2 255 0 255 255 0 0 141 34 255 255 125 0 0 0 92 0
    0 0 255 0 255 38 255 26 110 98 255 255 0 0 255 255 3 255 131 186 162
    200 0 0 0 170 123 255 255 0 0 135 0 0 100 255 0 0 255 177 0 0 255 0
    255 0 255 255 255 255 129 0 5 34 0 255 0 0 0 255 255 255 72 0 39 142
    255 255 0 0 255 255 212 0 255 255 122 255 0 0 113 0 141 255 255 255
    255 255 255 12 0 255 255 255 0 255 255 255 255 60 236 255 194 255 0
    0 0 255 158 255 0 255 0 0 0 49 255 255 1 0 173 0 255 0 255 255 102 0
    228 0 0 255 255 255 0 255 0 29 255 255 0 255 60 255 0 255 0 255 0 0
    0 255 152 255 0 0 184 67 178 234 0 0 221 0 0 0 246 0 172 162 255 0
    255 255 0 0 0 255 255 255 255 0 0 0 255 255 255 202 255 0 0 0 255 9
    255 0 255 0 255 255 0 0 222 0 255 0 255 92 255 202 111 255 116 89 0
    0 0 237 0 200 0 255 0 0 177 255 96 0 0 255 255 255 0 0 0 255 255 255
    0 0 255 0 255 0 0 0 17 199 195 0 255 0 80 0 0 0 255 82 255 255 0 0
    24 255 255 0 255 0 255 0 255 255 40 0 255 0 255 0 255 50 152 0 0 255
    255 37 255 0 0 0 255 255 255 0 255 0 255 0 0 0 0 196 255 208 255 138
    1 0 48 255 0 0 45 255 0 0 0 255 4 0 0 0 255 0 255 245 0 153 255 255
    0 0 0 0 54 0 250 255 255 0 0 0 255 255 255 255 0 0 46 255 255 0 38
    255 255 255 0 255 0 255 255 0 81 0 255 255 255 0 0 255 207 109 0 199
    255 255 106 255 0 108 255 54 89 255 0 55 255 85 0 0 0 255 255 215
    226 127 79 0 0 0 0 255 255 255 115 219 0 224 0 177 68 246 255 116
    255 201 255 0 255 0 169 0 255 42 0 255 0 255 0 255 255 255 0 0 0 153
    255 114 16 0 255 203 0 255 0 255 0 255 194 255 66 0 91 0 255 255 0 0
    255 235 255 0 255 22 74 0 0 255 255 255 0 0 0 0 0 0 24 0 0 0 230 0
    255 0 255 11 255 0 255 0 255 0 0 255 194 0 255 255 255 0 113 0 0 255
    255 255 0 0 255 255 255 0 255 0 108 89 255 128 255 255 0 0 0 255 0
    255 186 255 0 0 0 95 255 255 0 255 255 255 255 255 0 255 0 255 255
    255 255 34 0 0 255 204 255 0 254 116 255 255 0 37 255 93 130 0 0 255
    255 255 24 255 255 255 0 0 254 255 199 255 29 168 255 0 255 255 120
    0 0 255 255 255 0 176 0 0 255 0 0 255 69 255 0 255 209 255 0 0 0 0
    255 241 255 255 163 0 30 255 255 255 0 255 0 108 0 202 255 255 255 0
    25 0 0 0 255 0 255 255 255 0 0 255 255 255 81 255 0 0 255 255 72 223
    0 255 0 255 255 255 0 214 0 255 0 0 255 0 7 0 240 255 255 0 255 255
    0 95 255 0 255 0 0 0 0 0 0 255 0 0 255 255 255 0 0 14 255 255 255
    255 255 13 255 59 255 0 255 205 193 0 255 255 255 0 255 0 255 255
    145 10 0 255 233 0 0 0 220 0 255 66 0 0 110 255 255 255 255 0 0 255
    113 0 0 225 104 255 0 52 0 255 0 0 248 255 0 255 0 255 0 0 0 255 255
    255 0 160 0 255 239 255 255 0 255 0 246 255 0 255 0 255 15 2 0 255
    255 255 0 0 0 117 217 255 255 255 187 255 255 89 140 0 0 255 0 153
    255 255 221 217 255 0 255 0 0 255 0 0 108 255 255 255 0 0 255 255
    255 255 0 0 255 255 0 0 0 0 255 255 183 144 0 0 255 255 255 0 0 0
    255 255 255 0 255 255 255 255 0 0 0 255 255 0 0 0 255 108 0 0 255
    255 255 0 255 0 28 0 207 255 255 255 255 0 0 50 255 255 197 254 255
    255 0 255 255 255 0 0 255 255 255 0 255 0 239 255 255 66 0 219 37
    255 255 0 0 0 0 22 0 255 0 255 0 0 255 0 255 0 9 173 255 255 255 67
    210 255 255 255 255 255 0 255 175 255 255 250 0 255 0 255 255 255 0
    144 0 255 0 0 255 0 0 25 255 0 255 255 255 0 255 0 0 255 99 0 0 255
    255 255 76 255 255 0 255 225 103 249 255 255 0 0 255 255 255 0 255 0
    255 124 255 0 0 63 255 255 200 0 0 0 253 255 138 255 255 255 0 0 130
    255 255 255 0 156 0 0 195 255 255 78 255 0 255 154 255 46 255 0 255
    255 255 255 0 0 0 255 255 0 0 255 255 255 0 0 103 255 0 255 0 0 129
    255 255 0 0 255 255 161 126 255 0 0 0 255 255 255 0 241 255 0 144 0
    0 255 0 255 0 173 146 0 255 255 255 255 70 0 0 255 150 0 0 0 0 255
    255 241 0 0 255 114 255 0 32 133 238 0 255 0 255 255 255 255 255 192
    0 130 168 255 0 255 0 191 255 6 155 0 4 236 0 255 0 0 0 255 0 255
    154 255 231 255 0 255 4 255 255 0 255 0 255 255 160 255 46 0 255 255
    255 255 255 124 0 0 0 65 0 255 0 255 255 0 0 0 255 0 0 0 255 255 136
    0 0 0 0 255 0 8 0 0 255 98 0 255 0 255 0 255 255 0 0 0 255 0 255 255
    68 255 255 212 0 0 0 255 255 0 255 0 40 210 255 0 126 4 255 0 255 0
    0 0 0 37 255 255 0 255 255 0 255 0 255 255 255 0 0 255 255 218 255 0
    172 255 0 211 255 255 255 255 0 129 0 0 140 255 255 255 0 0 255 255
    0 0 0 255 215 0 255 0 0 0 255 23 147 255 255 16 255 162 0 0 103 255
    0 255 255 255 0 16 57 255 0 152 255 229 255 255 0 0 0 232 0 86 88 7
    0 0 255 255 23 0 111 0 255 255 255 255 255 112 0 0 0 255 255 32 255
    110 0 0 143 255 240 255 255 0 45 255 112 0 0 98 255 255 0 0 0 0 255
    0 237 0 255 107 0 0 0 216 255 234 0 255 255 0 0 255 255 0 0 255 0
    255 0 255 0 0 161 0 255 0 0 0 255 0 255 0 0 0 0 255 255 255 127 0 0
    255 135 255 225 0 174 0 255 0 255 0 255 0 0 15 255 255 132 0 255 0
    255 255 0 255 0 255 0 255 0 111 255 236 255 26 255 255 255 0 255 0 0
    255 255 255 111 0 192 255 0 255 0 255 0 194 0 0 255 0 255 4 0 98 255
    255 0 255 0 255 0 255 0 255 0 255 0 255 0 0 0 255 255 0 100 0 0 255
    244 0 255 255 255 0 223 255 255 0 0 6 0 255 255 107 0 255 255 0 255
    0 67 0 75 0 255 0 101 0 255 255 0 0 0 155 99 255 0 255 0 0 255 47 42
    0 0 255 255 255 0 0 0 255 111 125 255 0 0 7 244 102 0 255 0 0 101
    255 255 123 0 0 27 0 0 255 255 255 0 255 255 255 0 44 0 255 0 0 255
    0 255 255 255 0 147 25 137 255 84 255 255 0 0 255 102 21 255 0 255
    255 255 0 0 209 255 255 105 255 125 255 0 0 0 0 255 255 0 0 0 0 255
    255 0 0 255 255 0 188 0 0 255 255 255 239 0 255 0 38 14 255 255 255
    0 0 255 0 255 44 255 0 0 184 0 0 255 255 255 0 0 0 0 92 70 255 0 255
    0 136 67 0 255 0 9 1 0 145 152 255 0 255 0 0 0 255 255 255 0 255 0 0
    0 255 252 255 0 255 0 219 154 60 1 0 0 0 39 255 255 255 152 255 255
    255 0 10 0 255 0 255 255 255 0 255 255 255 255 0 0 0 0 237 255 255
    255 130 255 255 255 178 0 0 0 0 0 255 255 255 255 99 0 0 220 0 0 0 0
    255 0 255 71 0 0 255 255 0 0 255 94 255 255 0 0 0 255 255 255 0 73
    255 255 255 250 185 132 0 0 249 255 0 70 0 255 255 0 129 0 255 255
    255 0 0 0 0 255 255 0 0 0 255 255 0 0 133 255 94 192 0 0 0 0 255 255
    232 255 21 255 237 0 255 0 0 255 255 0 87 233 255 0 0 255 255 255
    255 0 0 46 255 255 76 0 0 0 103 255 248 255 0 255 0 0 255 255 255
    255 255 255 221 255 0 192 0 52 255 255 157 143 0 117 255 40 0 0 210
    0 255 255 0 255 0 67 136 255 0 163 168 0 0 0 255 255 255 0 189 255 0
    255 255 229 0 8 130 255 255 255 255 0 255 0 255 255 255 0 23 0 0 255
    0 0 0 0 255 0 0 0 255 255 0 0 255 62 255 62 255 21 255 191 140 0 255
    255 0 0 0 200 0 255 138 233 255 0 0 255 0 255 0 0 0 255 255 251 0 0
    0 0 255 17 255 0 255 111 134 255 0 255 255 255 0 0 255 19 0 24 255 0
    255 0 0 255 81 0 233 0 255 0 255 0 255 0 255 217 255 0 0 255 101 255
    255 0 255 0 178 169 255 0 0 95 255 10 0 0 255 255 0 255 137 255 255
    0 0 20 195 255 255 208 0 0 255 0 4 255 255 255 0 0 255 0 255 0 255 0
    255 255 0 255 255 255 255 255 0 119 0 0 0 0 255 255 0 4 255 255 0
    255 0 255 0 0 0 0 255 169 255 0 0 255 255 0 0 255 255 255 56 56 86 0
    94 255 255 0 0 67 0 255 255 255 0 0 255 255 176 255 0 255 0 205 0
    230 255 255 22 0 140 255 255 0 138 0 0 255 67 0 24 255 0 255 210 255
    255 255 0 113 33 255 255 0 255 0 255 255 255 39 0 0 255 255 255 0 74
    216 229 88 255 255 147 255 0 0 0 255 255 107 0 0 255 9 255 213 175 0
    214 0 255 0 190 0 255 255 0 255 170 0 164 135 255 0 255 0 0 0 0 255
    110 0 255 255 0 185 255 0 74 255 255 255 0 0 255 255 202 58 93 0 255
    0 0 255 197 0 119 255 0 255 231 255 0 200 0 255 0 255 0 255 0 255
    170 255 255 0 255 0 0 255 255 0 0 0 255 122 0 255 255 255 0 255 229
    255 255 0 0 0 9 0 97 157 255 255 100 0 136 0 255 0 189 255 0 0 156
    67 0 255 255 35 0 0 0 0 0 255 255 255 0 37 0 255 0 255 0 0 255 255 0
    0 255 255 0 255 0 153 0 90 255 255 0 0 255 235 70 240 0 0 255 0 0 0
    255 255 255 218 255 0 255 0 0 131 255 0 0 0 115 0 0 255 255 0 0 0 0
    0 255 177 255 255 255 255 0 255 244 255 255 0 111 255 255 255 76 0 0
    0 0 0 16 106 255 255 0 255 47 255 0 0 0 0 255 255 255 255 255 0 0 0
    255 0 101 0 222 0 255 255 140 0 0 149 0 0 255 0 25 177 255 255 0 255
    210 0 0 74 0 255 0 169 255 0 255 0 248 0 255 0 0 255 0 255 204 255 0
    0 5 255 255 0 0 0 95 255 223 0 255 36 188 0 105 0 255 255 255 0 255
    0 75 0 0 0 0 0 255 112 0 0 121 255 0 0 132 0 255 0 0 255 255 231 97
    0 255 77 13 0 142 0 255 255 0 0 0 255 234 0 0 193 189 255 0 0 0 0
    255 0 255 0 0 0 255 88 0 0 255 255 23 255 0 0 107 255 255 31 87 0 81
    0 229 255 0 255 0 255 255 255 0 0 0 255 0 255 0 255 255 255 125 0 0
    0 255 255 255 255 255 0 0 255 255 224 255 100 255 177 255 0 255 255
    255 255 0 136 0 0 255 255 255 255 0 9 75 255 0 5 255 255 0 0 0 0 255
    0 255 252 255 0 165 0 255 255 255 255 0 0 193 129 255 0 255 242 255
    0 0 255 255 42 0 0 0 0 41 0 255 0 255 0 255 0 255 255 0 183 255 255
    255 0 255 0 255 162 255 241 255 0 255 189 255 255 0 0 0 119 255 255
    255 11 0 0 70 255 255 255 0 0 0 255 0 99 253 0 255 0 0 255 255 0 0
    91 64 255 142 56 255 50 0 255 255 255 0 30 4 50 0 0 255 47 255 0 180
    0 133 0 255 211 255 0 164 0 0 255 0 0 45 67 255 183 255 0 255 255
    255 255 255 0 255 0 255 120 255 0 0 57 13 255 0 108 0 0 255 77 255
    255 74 255 0 255 129 0 0 255 255 0 255 0 255 255 0 119 0 255 255 0
    104 0 255 181 0 0 198 255 0 255 40 186 0 255 33 255 0 255 0 255 0 0
    46 0 255 23 0 0 0 193 0 255 0 255 0 255 0 255 87 255 0 255 89 255
    255 230 212 255 0 0 102 241 0 0 255 255 255 95 255 0 255 255 255 0 0
    0 0 255 40 255 0 62 78 0 255 255 255 0 0 255 255 255 0 0 0 66 255 0
    60 0 255 255 255 153 255 0 255 0 0 0 0 188 255 255 255 0 0 0 0 255
    192 255 0 255 255 255 255 255 0 0 0 255 0 106 255 255 101 0 0 255
    255 0 0 0 255 255 77 0 0 255 67 184 54 0 0 0 255 0 0 0 196 0 0 235
    176 255 93 14 255 139 0 0 255 255 0 0 255 255 0 0 0 255 255 63 0 0
    255 255 0 0 0 255 0 0 0 39 255 255 255 255 255 111 0 160 0 0 255 255
    255 0 255 255 255 0 0 255 255 0 0 0 255 165 255 0 255 0 0 255 255
    255 0 0 255 255 143 0 0 0 0 127 0 0 0 255 255 255 255 255 0 0 0 194
    255 255 255 0 53 0 255 0 255 0 255 255 255 79 0 0 255 255 0 240 0 87
    0 255 208 0 0 0 255 0 0 0 225 187 255 0 255 0 255 0 255 0 255 255 0
    0 0 255 0 0 54 109 68 0 255 0 255 0 255 0 255 255 255 0 187 157 0 86
    255 0 0 255 255 255 0 0 255 255 255 255 0 0 0 42 0 0 253 0 84 255
    255 0 0 43 0 255 0 0 246 255 255 255 0 0 255 84 255 0 255 171 255 0
    255 0 255 0 255 0 255 145 157 0 0 41 134 0 145 0 255 255 0 128 0 255
    139 255 255 0 255 0 0 255 0 0 89 255 0 0 0 45 0 255 255 255 187 255
    11 0 0 66 0 255 255 255 0 0 0 255 255 255 0 0 255 255 0 0 255 192 0
    255 255 0 0 255 255 0 0 0 255 0 191 255 122 255 236 0 0 76 0 255 0
    172 0 224 255 255 0 0 255 94 255 255 255 158 0 142 255 107 0 0 255
    255 255 1 124 0 0 0 158 255 255 255 69 0 255 255 255 0 255 0 255 0
    255 0 255 255 0 0 0 0 146 255 255 255 0 0 0 15 0 255 255 0 80 218
    255 0 255 0 0 255 255 255 0 248 0 255 188 0 0 255 255 0 0 191 0 0
    255 182 255 218 0 147 255 0 0 0 0 154 0 182 142 255 255 0 255 0 0
    255 0 130 255 0 234 101 0 0 255 118 165 255 255 0 255 255 0 0 0 255
    78 255 0 0 255 0 53 0 255 40 255 0 35 0 255 0 255 0 255 255 110 66
    215 0 0 255 255 255 255 0 167 0 255 255 0 0 39 255 255 198 0 0 255 0
    255 0 251 0 0 0 255 129 0 0 255 142 112 255 255 0 34 0 145 255 0 0
    255 255 0 255 0 66 255 0 255 107 221 255 0 210 0 0 0 255 255 255 255
    157 0 0 255 0 255 64 0 255 255 0 0 255 255 0 0 240 0 250 225 255 255
    89 0 0 40 232 255 0 255 0 0 86 255 0 255 178 0 111 0 0 255 148 0 255
    156 0 0 0 247 255 0 23 255 255 0 0 167 0 0 196 255 255 0 39 0 255 0
    255 0 255 0 10 0 0 0 0 195 255 255 0 138 0 255 0 255 149 255 255 255
    0 0 63 255 0 255 25 255 73 255 255 0 255 0 0 0 0 255 0 0 0 0 255 255
    0 255 0 255 0 0 0 255 255 255 0 0 13 0 255 153 255 255 0 255 0 0 255
    58 255 255 0 255 255 255 0 0 0 255 172 255 0 0 173 255 255 0 0 0 255
    176 0 0 255 255 255 255 0 255 0 0 0 255 0 255 227 255 0 0 0 0 112
    255 255 255 255 0 0 0 255 255 255 0 131 118 255 255 255 0 0 0 25 0
    255 0 95 0 136 0 255 128 237 0 0 255 0 0 0 255 255 0 0 0 118 0 0 97
    255 255 0 0 255 40 0 255 255 0 0 0 255 255 33 255 0 51 0 0 255 255
    255 0 0 0 0 0 255 255 255 65 255 255 0 153 0 32 0 0 0 255 127 255 0
    0 255 255 255 255 255 0 0 123 0 0 0 255 255 255 0 255 0 255 14 180 0
    236 255 255 255 0 255 0 0 0 255 255 0 255 0 255 0 0 52 20 0 165 0
    171 0 255 255 0 0 255 0 0 255 255 255 0 0 255 180 255 0 227 0 26 211
    255 153 0 0 0 255 249 0 0 0 0 0 0 0 255 255 0 0 0 255 0 255 0 119
    149 179 0 255 255 255 255 255 0 0 0 0 255 255 255 255 0 0 88 255 134
    255 0 255 255 255 255 0 255 222 0 0 255 255 0 0 0 255 0 255 44 255
    33 255 0 255 207 255 0 255 0 255 255 255 255 255 0 255 255 239 0 255
    190 235 255 105 0 151 255 240 255 0 255 0 255 255 0 255 255 255 0
    255 0 255 255 0 0 0 255 48 144 255 255 255 0 0 0 140 255 0 0 0 0 255
    0 255 0 255 0 255 0 0 0 255 255 94 255 0 255 255 0 255 229 0 0 0 255
    249 255 139 125 0 0 28 0 210 0 0 0 194 255 255 255 0 0 0 3 0 255 182
    0 139 255 0 255 0 0 140 0 0 69 102 125 255 255 0 0 0 192 22 255 0 0
    0 255 255 255 255 255 255 255 255 36 211 0 0 255 255 184 255 0 178 0
    255 255 255 0 0 190 255 0 0 0 64 23 255 255 255 0 19 255 194 0 236
    255 174 0 255 33 255 0 0 0 178 0 255 0 138 0 255 0 255 0 0 255 255 0
    255 255 0 36 0 255 47 255 0 0 0 255 255 255 97 0 0 255 255 255 0 0
    106 255 0 0 127 0 4 0 255 0 255 176 255 255 223 116 0 0 255 0 189 0
    255 255 255 255 0 255 255 255 0 255 0 255 255 83 123 255 0 255 0 255
    197 0 255 0 255 213 255 0 255 0 255 0 0 0 0 255 255 118 98 0 0 0 255
    255 255 249 0 0 255 0 255 255 255 255 255 0 255 0 38 0 255 0 255 0
    255 0 255 0 255 255 255 0 0 0 160 255 0 255 255 62 140 0 255 255 255
    27 35 202 158 183 255 0 0 88 255 255 49 15 255 0 100 0 255 59 255 0
    0 255 0 255 0 85 255 7 255 0 0 255 0 255 0 104 0 0 255 255 70 0 255
    0 255 0 255 49 255 0 255 255 255 255 255 255 0 255 255 255 0 55 255
    255 0 0 126 255 255 0 139 0 255 50 255 255 0 255 244 255 0 0 255 0 0
    148 255 0 0 0 77 255 0 255 0 25 255 0 255 255 0 0 255 255 234 255
    122 0 0 135 255 255 255 255 255 0 0 0 0 0 255 255 63 27 255 0 255 0
    6 104 255 120 20 0 23 255 255 255 0 0 0 0 255 255 255 0 0 0 0 0 255
    255 255 0 255 0 213 0 255 68 255 0 255 255 66 173 160 0 0 0 255 0 87
    0 0 255 255 0 0 0 0 0 0 212 255 255 255 255 0 0 0 255 39 255 0 176
    68 255 148 0 255 255 255 255 0 0 0 0 0 255 255 0 0 154 255 255 0 48
    0 92 80 255 0 255 0 197 255 255 125 0 127 0 0 255 255 0 255 255 255
    255 255 255 0 0 255 255 255 0 0 0 0 255 255 255 255 255 130 251 0
    255 197 28 0 131 0 74 255 0 255 255 0 0 0 255 255 255 0 6 115 107
    255 0 255 0 255 255 255 143 63 0 255 0 0 255 0 255 0 255 238 0 0 15
    255 255 0 0 0 255 255 255 95 40 0 0 85 0 255 146 255 68 0 255 201 0
    0 0 235 255 255 0 255 206 255 0 0 0 255 107 150 0 0 0 182 255 0 0 85
    255 0 255 0 255 255 255 0 0 0 0 81 255 255 0 255 80 0 0 255 255 205
    255 255 255 0 0 0 225 0 255 255 255 255 125 0 255 255 255 255 255
    255 255 0 0 255 255 255 255 0 255 0 255 255 138 0 255 0 0 0 255 0 0
    0 255 98 0 131 255 0 0 255 0 0 0 255 255 174 255 0 0 0 255 255 255
    255 0 0 255 152 255 255 117 255 0 255 216 255 0 124 0 0 255 0 0 0 0
    0 0 255 132 255 0 0 255 255 255 0 0 0 255 62 0 112 79 224 0 82 0 4
    255 255 0 0 255 255 255 0 0 220 255 255 170 255 95 208 122 0 177 255
    0 0 0 0 255 255 255 0 0 255 255 221 0 0 255 255 0 0 0 255 0 25 0 0
    255 0 0 255 255 255 0 255 0 255 0 33 255 255 197 0 0 87 35 0 140 255
    255 0 0 183 204 255 187 255 0 0 24 255 0 0 255 255 255 255 255 131
    255 255 255 255 255 9 234 255 255 255 0 255 255 102 0 0 255 255 0 0
    0 154 255 255 35 0 255 0 255 0 229 124 0 0 255 0 255 255 255 255 0 0
    0 0 0 0 6 189 0 255 26 255 0 255 255 0 255 0 255 0 255 248 169 204
    255 0 255 0 255 255 255 0 255 255 255 0 0 255 255 255 0 0 0 0 255 0
    255 0 255 255 255 186 205 117 0 220 255 255 0 0 0 255 255 0 255 255
    255 0 0 126 0 2 196 255 255 0 255 0 230 155 255 251 0 207 255 0 0
    255 0 194 13 0 104 255 255 255 0 0 255 255 65 255 255 78 0 255 0 0 0
    255 255 255 83 157 0 255 255 123 0 255 255 0 255 0 0 0 255 0 0 0 0
    255 0 0 0 0 0 0 55 0 255 255 255 40 0 0 255 129 181 255 174 255 0
    255 0 255 14 0 255 167 0 0 255 255 255 0 255 255 0 255 255 255 103
    255 0 0 0 255 255 90 255 0 255 255 0 0 0 255 255 255 255 0 0 97 255
    255 255 0 255 149 255 0 23 255 255 255 0 107 0 255 81 255 170 255
    218 0 0 0 175 39 255 221 0 0 249 0 255 0 45 255 255 0 255 0 255 0
    255 0 255 0 180 255 255 118 0 129 0 0 0 0 255 0 255 58 255 255 32
    248 207 255 255 0 255 0 0 255 0 0 0 255 99 0 255 255 255 253 0 255 0
    0 0 255 255 0 255 206 0 0 0 255 0 0 255 0 255 0 255 0 208 0 0 0 169
    255 214 0 0 0 81 0 255 255 0 123 255 255 255 255 255 0 0 0 209 0 132
    255 255 0 0 219 255 218 0 255 78 255 155 255 255 255 255 0 255 255
    255 161 0 0 0 255 255 0 0 255 255 255 0 173 22 65 0 0 255 182 255 0
    255 0 0 87 255 255 255 255 255 0 255 255 255 255 0 255 0 255 0 255
    152 255 0 255 0 92 255 255 144 0 0 255 0 0 255 0 255 151 196 0 239
    255 255 0 214 40 255 28 255 255 0 117 255 0 255 255 255 255 0 0 255
    255 0 26 255 0 0 45 146 0 0 255 66 255 0 68 0 220 255 255 0 0 255 61
    0 0 0 0 255 255 255 188 0 0 0 255 182 255 0 0 0 71 0 255 0 0 0 0 0
    255 255 0 250 0 241 0 255 0 0 255 255 0 0 0 255 0 255 0 241 68 255 0
    255 0 255 255 255 0 255 255 255 95 0 15 0 229 0 36 46 54 0 255 0 159
    0 255 0 0 255 0 255 0 255 4 255 88 0 68 0 183 255 255 255 0 0 247
    245 0 0 0 255 0 86 103 134 0 255 0 87 0 255 0 0 0 177 255 255 0 0 0
    255 255 71 255 0 0 0 255 255 255 0 128 0 115 0 221 255 0 0 1 0 0 0
    102 0 0 0 62 255 255 50 0 0 255 0 0 255 0 255 0 255 0 255 0 0 0 255
    255 0 255 255 255 0 0 0 203 255 255 255 0 0 255 0 255 0 255 0 0 255
    255 255 0 0 0 255 255 255 0 255 157 147 0 255 73 255 255 255 0 0 0 0
    0 255 0 255 0 255 255 0 123 0 0 0 255 255 255 0 0 0 255 228 255 255
    255 255 0 0 223 255 255 0 0 255 255 255 121 0 0 255 0 255 0 0 0 255
    0 255 0 255 255 255 0 0 255 255 219 0 226 255 255 62 0 215 255 255
    255 0 0 0 0 0 255 13 0 0 255 255 214 0 76 0 0 255 0 255 0 0 255 0
    255 255 255 83 255 0 229 0 104 0 249 0 130 255 255 255 255 0 255 255
    255 0 156 255 255 0 0 0 255 0 255 201 255 0 0 255 255 0 255 145 0
    255 255 0 70 0 255 0 255 255 255 129 0 255 255 0 0 0 228 255 150 213
    0 255 0 242 0 255 0 255 255 255 0 0 0 0 221 255 255 88 66 92 255 0 0
    57 255 0 0 0 20 37 0 255 67 255 255 0 255 58 0 150 0 0 255 0 222 0
    255 121 0 0 255 255 255 227 0 0 255 255 0 0 0 255 0 0 225 255 255
    255 161 0 0 0 255 0 255 255 0 0 0 255 255 13 0 0 255 255 0 0 255 190
    0 0 213 104 255 255 150 255 0 0 0 255 0 0 0 255 255 0 0 0 255 255
    255 0 72 255 255 255 255 0 0 255 255 192 0 111 255 190 0 255 0 0 0
    255 0 222 255 0 0 0 16 249 255 255 0 244 0 0 150 0 237 149 255 124
    255 0 0 0 0 227 255 255 255 0 194 255 0 255 0 255 0 255 0 123 0 255
    0 0 255 202 19 0 255 0 0 0 255 166 255 0 0 0 255 255 0 255 0 126 0
    255 255 133 183 0 0 27 0 203 255 0 255 0 255 0 255 0 0 255 255 255
    255 0 255 255 0 255 0 50 255 255 255 255 255 0 0 255 255 255 255 0
    255 255 0 0 255 37 72 38 255 0 157 255 22 255 218 154 0 255 93 255
    255 255 178 255 0 0 43 2 255 0 255 0 0 0 255 255 255 0 0 255 239 47
    255 0 255 255 255 0 58 255 255 156 255 255 0 196 0 179 0 0 255 0 33
    0 0 0 255 255 255 48 0 255 255 255 0 206 0 77 204 0 255 0 176 231 0
    255 0 255 0 157 0 0 0 255 0 0 255 255 255 0 193 255 217 68 0 0 255 0
    255 0 0 18 173 0 155 0 63 255 0 0 0 0 107 0 0 39 255 0 255 255 0 0
    255 0 0 0 95 255 0 0 0 111 255 165 0 0 0 255 255 252 0 255 255 0 255
    255 255 0 255 255 0 0 255 199 161 4 99 255 0 255 157 255 0 218 255 0
    255 0 255 232 0 255 0 255 255 255 255 0 255 255 255 0 255 0 255 255
    0 255 54 241 0 255 255 0 78 0 0 0 255 0 0 94 255 255 0 255 0 95 43 0
    162 255 255 0 60 9 109 156 217 182 255 255 0 255 255 255 0 0 0 255
    255 255 0 255 85 0 255 204 255 0 0 0 255 255 205 0 0 255 255 0 0 255
    0 216 120 0 255 255 255 255 0 141 162 253 0 255 255 0 255 0 255 0 0
    255 255 255 0 0 0 255 255 235 0 255 0 255 186 255 0 0 172 255 0 114
    255 255 255 255 255 255 0 255 255 255 255 0 255 255 182 97 0 255 30
    0 255 0 49 0 255 0 255 172 197 0 0 255 255 0 0 0 141 255 10 0 0 0
    255 255 0 255 255 255 0 17 255 0 255 134 255 0 0 236 255 255 255 0
    255 255 255 0 0 0 101 255 255 255 0 17 0 252 154 0 0 255 255 0 0 109
    255 255 255 255 255 255 0 0 255 255 255 0 255 0 255 0 198 255 251
    255 0 0 0 0 0 0 0 255 255 148 180 255 0 255 0 0 255 255 255 0 255 0
    255 0 0 0 0 255 255 15 126 0 0 32 123 255 255 255 255 0 0 0 0 255
    255 0 0 255 0 255 0 255 0 0 255 255 255 255 0 104 0 16 0 226 0 255
    255 255 0 0 0 205 105 221 49 255 142 0 0 0 255 0 0 255 255 84 255
    173 255 175 0 0 0 255 255 255 6 0 255 96 255 0 255 255 0 230 255 255
    0 255 0 226 0 255 0 255 255 255 255 0 255 0 255 0 255 0 255 0 0 0
    255 255 0 0 0 159 255 0 125 0 0 0 255 255 15 0 255 0 255 255 0 0 255
    0 255 0 255 0 255 0 255 0 255 0 255 255 255 0 255 0 255 255 0 0 255
    121 0 255 255 69 86 84 255 0 167 255 149 255 0 126 194 10 0 0 255
    185 255 255 0 112 0 255 235 255 0 47 255 0 0 152 255 255 0 53 148
    255 255 0 0 78 255 31 34 255 255 255 0 149 255 255 0 0 0 255 255 0
    255 0 73 255 255 0 255 0 228 0 255 255 0 255 0 255 0 205 0 238 0 255
    255 255 163 0 255 140 255 0 0 255 0 0 0 0 0 255 255 255 255 255 14 0
    101 255 24 0 255 0 0 0 255 255 0 255 77 255 255 84 255 255 255 0 0
    255 5 255 0 255 0 0 0 0 0 255 255 255 0 0 0 255 0 255 0 255 0 255
    255 255 255 255 255 255 0 0 0 255 0 255 245 0 255 0 0 0 255 255 255
    255 0 255 0 0 0 235 255 0 255 0 0 45 0 255 255 178 78 0 0 87 25 255
    0 255 0 0 255 0 0 0 255 0 57 0 30 90 0 0 121 0 0 0 139 255 255 0 159
    0 255 255 53 0 255 255 0 0 0 255 0 0 0 255 255 0 0 0 255 255 0 0 255
    255 255 0 255 255 7 255 255 255 180 0 0 255 14 218 71 255 0 0 255
    255 255 0 0 0 255 0 213 0 255 0 0 0 127 255 255 255 52 255 0 157 0 0
    255 255 0 50 255 255 40 0 0 255 255 180 0 255 0 255 0 255 159 255
    255 255 255 0 0 0 255 255 0 0 255 255 0 255 255 142 0 255 0 255 208
    255 137 255 255 0 255 255 56 255 45 0 255 214 0 255 0 63 255 255 255
    255 0 161 0 123 255 255 255 0 255 35 255 0 255 255 33 43 0 0 0 255
    255 255 0 255 0 255 255 255 0 55 0 0 255 255 209 255 255 0 255 255
    248 87 0 0 0 255 255 0 0 0 0 0 255 1 22 207 255 0 0 0 0 255 255 194
    255 0 255 255 255 164 0 0 255 0 255 0 0 255 0 255 242 255 76 255 169
    50 0 255 255 0 0 22 0 0 255 186 190 0 255 255 255 39 0 0 255 0 93
    142 0 255 34 255 255 0 0 0 232 255 0 105 0 255 255 0 255 255 0 255 0
    238 255 0 0 0 0 0 0 255 255 255 0 0 0 0 0 0 0 0 255 0 26 255 255 0 0
    50 255 255 0 0 75 255 255 255 0 77 255 94 255 158 0 0 0 255 0 255 0
    255 0 255 255 255 255 255 0 0 0 0 0 0 0 241 0 255 0 156 0 173 112 0
    0 255 255 255 92 0 255 255 255 255 106 24 51 162 0 0 255 255 255 74
    0 0 0 255 255 0 129 0 255 235 255 138 0 98 0 255 0 0 0 249 0 255 0 0
    255 255 255 255 0 243 0 255 255 0 255 255 255 0 182 0 255 0 0 0 0
    233 255 199 255 87 0 255 96 255 0 190 0 216 255 255 255 0 0 0 0 255
    255 0 255 0 0 255 255 255 0 255 255 167 0 0 255 0 55 0 0 255 112 255
    0 0 255 255 0 0 0 255 0 118 255 0 219 0 255 0 255 255 255 85 255 0
    255 255 0 255 0 85 0 255 255 255 0 0 0 255 255 144 0 75 255 255 0
    166 154 247 205 255 125 0 168 0 117 0 255 255 105 0 0 255 31 255 0 0
    0 255 18 157 0 0 21 255 255 255 0 167 0 255 104 115 142 0 255 255 0
    0 122 255 255 0 255 0 0 255 255 0 255 255 255 212 0 0 52 0 0 255 212
    255 0 0 0 255 184 255 0 0 0 255 255 0 255 255 212 215 25 175 255 255
    0 255 255 255 0 235 146 255 0 0 255 236 255 0 255 0 255 255 255 0
    255 115 0 0 0 0 133 0 0 255 136 255 229 0 233 0 255 13 255 0 255 255
    198 0 255 221 0 0 0 0 255 255 6 0 0 0 18 18 252 0 255 0 255 0 255 0
    0 80 0 220 255 255 86 0 117 114 255 0 255 255 255 0 239 0 255 11 255
    0 255 117 0 0 255 0 4 0 255 255 255 187 0 0 0 144 0 0 0 41 0 28 0 0
    72 255 255 255 0 255 0 255 255 47 0 255 0 0 255 0 77 0 255 0 138 0 0
    0 0 255 238 183 0 255 0 231 0 255 252 46 0 255 255 255 248 0 255 0
    255 0 0 255 255 0 0 120 0 255 0 178 101 0 255 0 0 255 0 0 0 68 255 0
    0 218 0 0 255 255 255 255 189 255 143 255 0 66 97 255 255 0 255 0
    118 12 0 255 99 47 0 255 0 255 251 255 255 0 255 30 9 0 255 0 0 0 0
    240 255 54 190 0 0 255 149 0 0 0 255 0 255 255 255 0 0 0 160 0 255
    255 0 255 255 45 0 255 225 129 0 35 255 255 0 255 0 255 255 255 232
    221 255 0 255 44 255 75 255 0 0 0 0 148 0 52 0 0 160 198 255 255 0 0
    0 255 255 255 0 0 0 223 255 234 255 255 0 0 255 0 0 0 255 255 6 79 0
    255 0 47 0 255 255 255 255 0 255 0 0 255 255 0 255 255 162 0 0 255
    255 0 255 0 0 255 94 255 0 0 0 255 0 0 0 0 255 255 255 0 0 0 255 0
    255 255 255 0 0 0 255 255 255 0 255 0 0 156 0 255 255 255 255 0 255
    0 255 255 0 255 0 21 0 255 255 0 80 255 255 0 255 0 219 0 255 255
    255 255 255 0 0 82 183 255 255 255 255 0 243 255 255 0 255 0 255 0 0
    0 0 255 0 74 255 143 94 255 255 0 255 0 255 0 255 29 0 157 255 0 0
    12 255 255 118 0 0 0 255 0 0 0 255 255 0 255 0 255 255 255 255 0 0
    245 73 255 0 255 0 255 58 255 255 255 255 0 255 0 255 255 255 200
    255 0 0 127 255 221 0 0 255 255 0 0 0 255 255 0 0 0 0 0 221 255 255
    0 255 10 0 0 125 255 0 255 0 0 0 255 132 255 57 255 255 0 0 0 0 255
    0 177 0 0 255 0 255 0 0 0 248 129 255 0 255 0 255 0 255 0 77 0 0 255
    255 255 255 0 0 255 203 4 0 0 117 0 255 255 255 255 255 0 255 247
    255 0 255 0 0 0 255 255 49 0 255 201 255 255 108 0 38 0 255 0 54 255
    255 0 255 62 255 0 0 255 255 255 0 0 81 255 0 243 163 76 114 255 255
    122 0 0 255 255 249 255 255 0 0 0 255 255 131 0 255 0 162 255 255
    255 0 0 0 0 255 53 0 0 255 255 0 0 255 255 0 0 251 255 255 255 255
    255 255 0 255 0 0 0 255 0 255 159 255 0 255 255 255 0 0 0 0 100 191
    255 255 0 255 213 255 0 255 0 255 0 255 255 0 244 0 226 0 255 201 0
    0 0 255 255 255 184 255 86 0 0 0 0 255 0 0 40 0 158 200 255 255 255
    0 0 0 255 22 0 0 94 0 255 90 0 76 255 0 255 0 255 249 0 0 0 255 0 0
    202 255 255 0 0 255 255 255 0 255 0 142 0 0 0 253 0 255 0 193 0 221
    0 155 255 255 239 206 0 0 63 255 255 0 255 255 255 0 0 229 24 60 73
    255 255 109 255 0 0 0 255 255 255 211 0 0 184 255 213 111 216 0 0
    255 255 255 114 0 255 255 255 0 76 0 0 216 255 255 0 0 0 55 0 255
    165 255 0 255 255 255 0 0 0 72 255 255 0 112 0 60 244 0 15 134 255
    255 255 0 142 196 255 255 255 0 255 0 255 32 0 0 0 19 0 0 0 255 255
    78 0 0 255 19 255 0 0 0 0 255 171 255 0 0 0 255 0 255 255 0 228 0
    255 102 255 0 255 194 255 34 255 0 4 0 255 138 255 255 131 255 0 255
    0 255 0 255 0 255 0 0 255 252 255 0 255 255 255 0 0 8 255 255 224 0
    255 255 0 149 238 255 139 255 148 0 0 0 87 145 196 0 255 0 255 0 0
    255 24 0 255 236 255 0 255 255 0 89 0 14 255 161 255 255 0 84 103 0
    255 140 60 0 0 255 255 255 64 0 19 0 255 0 9 0 0 255 255 255 255 195
    199 0 0 57 0 255 215 0 255 0 0 0 0 163 255 255 255 0 0 0 0 255 205
    255 0 255 255 0 0 0 124 255 252 0 0 0 0 0 255 255 255 173 255 255 0
    0 110 0 255 0 0 255 242 255 255 255 255 0 0 255 255 0 255 167 255
    222 255 0 215 0 232 255 237 143 171 0 219 0 255 255 215 0 255 0 255
    0 0 255 247 100 67 0 0 255 255 255 0 0 0 0 69 255 255 255 28 255 0 0
    0 0 0 0 255 96 255 63 0 1 255 251 0 255 255 0 255 0 255 0 255 0 255
    138 255 0 0 255 0 75 255 255 53 199 151 0 0 0 255 232 99 255 0 0 255
    0 80 0 255 255 10 255 0 0 0 0 0 211 255 255 173 255 0 0 112 0 255
    255 81 0 255 0 255 255 255 255 255 255 0 255 0 140 0 255 255 157 255
    0 141 255 255 0 58 255 0 255 255 255 255 0 0 0 255 255 255 0 255 0
    255 255 255 0 0 255 0 255 255 0 255 0 163 0 0 255 0 0 0 0 0 0 36 255
    128 0 245 255 0 0 255 194 255 178 0 255 0 225 255 0 0 0 231 255 62 0
    0 204 255 255 255 255 255 255 255 3 0 101 0 95 149 255 82 255 255
    255 15 0 0 255 0 255 0 175 0 0 255 245 255 255 255 0 255 0 255 255
    255 0 0 0 84 108 255 0 255 255 232 0 210 0 0 6 255 255 0 0 255 255 0
    0 255 0 0 20 255 255 0 255 0 148 0 255 255 0 255 255 225 0 110 255
    174 0 0 0 0 255 230 255 255 255 255 0 255 69 0 0 0 255 255 255 255 0
    0 255 189 83 255 255 0 0 0 253 11 0 255 255 255 0 0 255 0 0 0 0 255
    64 255 190 0 3 255 153 255 0 0 0 71 74 255 255 0 255 255 255 255 0
    255 255 0 255 255 255 0 0 0 0 0 0 83 0 100 0 255 0 255 255 255 0 0 0
    0 0 255 0 255 255 188 0 0 255 255 0 0 185 255 83 0 0 255 0 255 255
    255 0 255 0 255 0 255 0 0 0 0 255 0 255 255 0 255 255 255 0 0 255 0
    255 0 0 0 0 0 255 196 0 10 0 255 147 255 255 0 50 0 255 255 0 0 255
    35 234 0 255 255 224 0 255 0 255 0 255 255 0 0 0 255 0 0 0 255 0 255
    255 255 0 145 0 255 255 255 183 0 135 0 0 17 255 164 221 248 255 0 0
    67 222 255 255 255 0 255 0 255 0 0 0 255 216 107 255 0 255 255 255 0
    0 0 255 255 247 255 28 125 0 255 255 0 255 252 255 118 243 255 253
    114 0 84 245 255 255 255 0 0 255 0 0 0 0 255 255 244 255 0 255 255 0
    146 255 141 0 255 255 0 0 0 255 0 255 0 0 0 255 0 255 0 255 0 255 0
    255 0 0 255 0 255 0 255 255 255 0 251 198 255 255 255 0 0 255 255
    149 255 255 0 255 0 255 0 255 255 82 180 255 255 255 255 99 0 0 0
    255 255 45 7 255 0 255 0 0 255 0 255 0 255 0 255 199 0 0 0 255 0 0
    215 255 255 83 0 255 255 107 0 1 255 0 255 0 255 0 255 255 255 255
    255 255 255 255 255 0 0 255 255 255 0 0 0 67 255 255 40 255 255 0 0
    22 118 255 255 0 255 0 123 255 255 255 0 77 255 10 33 0 255 108 0 0
    0 255 255 0 255 91 255 0 0 0 0 254 177 255 168 0 255 0 0 170 255 255
    37 0 0 255 255 43 255 0 0 0 255 254 255 0 255 0 0 9 255 20 255 0 255
    101 0 255 224 255 0 255 0 0 255 207 0 169 255 255 241 0 255 255 54 0
    0 125 255 255 0 0 0 0 0 255 0 255 224 255 196 255 130 157 0 255 255
    255 255 0 0 0 0 255 0 255 0 0 255 0 255 0 255 0 243 255 157 0 0 0 0
    255 0 255 0 0 0 0 255 255 32 255 255 255 0 255 255 91 241 0 117 0
    159 42 251 0 223 0 255 216 255 255 11 255 0 255 0 0 0 255 0 0 0 82
    255 0 0 0 241 0 156 109 0 208 0 0 131 0 255 0 255 255 0 222 78 255 0
    0 0 255 246 0 0 185 255 48 250 255 6 255 0 0 0 33 0 255 0 255 255
    255 255 0 0 255 0 0 0 0 0 160 255 255 0 150 255 167 0 0 255 255 0 0
    0 255 120 255 0 187 47 255 255 0 0 0 255 255 0 0 255 255 255 255 255
    255 0 255 0 255 0 0 0 65 0 0 0 255 255 255 255 255 255 0 0 0 0 255 0
    255 0 255 255 255 165 0 255 255 255 45 255 255 0 255 52 203 0 255
    255 255 0 0 0 0 29 0 255 255 255 20 255 255 255 185 0 0 255 0 0 0
    128 0 255 76 255 255 255 255 167 11 0 255 0 212 0 255 179 255 255
    255 255 0 0 0 0 0 255 255 0 255 0 255 0 255 0 255 82 121 255 0 255 0
    0 255 255 87 0 0 255 0 255 0 0 24 192 255 0 0 0 255 0 255 255 255
    255 132 0 0 0 255 112 3 0 255 255 255 0 0 255 150 255 212 255 0 255
    142 255 0 0 0 0 189 255 0 0 255 255 255 0 0 0 255 0 255 255 255 0 0
    0 255 255 255 0 0 0 0 255 255 255 208 255 255 0 255 0 255 0 255 75
    86 0 255 230 0 21 255 255 255 175 0 255 0 0 0 255 0 0 255 255 255
    255 0 255 0 255 255 0 0 255 0 0 164 255 255 255 0 0 0 255 0 255 0
    102 0 182 255 0 0 255 255 255 0 0 0 255 255 255 255 69 0 0 255 0 255
    0 255 0 0 0 0 255 0 255 0 255 0 0 255 0 255 0 255 255 120 66 0 255
    255 0 0 255 245 54 255 0 255 0 255 188 255 0 255 0 0 36 0 0 255 255
    255 255 255 255 0 255 255 0 255 0 222 0 224 0 0 0 117 0 255 0 255 0
    0 73 255 255 0 0 0 255 0 228 0 255 255 255 251 0 255 255 0 0 0 255 0
    255 0 255 255 255 0 255 255 255 0 0 0 0 255 255 0 255 255 255 255 0
    0 79 129 0 255 0 156 255 0 85 255 255 255 255 0 255 255 255 0 255
    108 255 0 0 255 255 0 179 255 255 255 52 255 0 168 0 255 255 255 0
    255 255 165 0 0 139 255 255 158 255 0 255 0 255 255 255 255 129 213
    0 255 0 255 255 255 255 0 218 0 255 255 255 255 0 0 255 0 0 0 255
    255 255 255 0 0 0 0 255 235 126 0 0 134 23 0 0 253 255 0 0 255 255
    255 0 255 255 119 255 0 44 232 255 255 0 255 0 255 0 255 255 255 77
    0 0 255 255 70 255 27 201 0 0 255 0 114 0 0 207 255 0 0 255 255 255
    0 255 159 0 255 0 255 92 255 0 255 255 0 22 111 0 255 0 255 225 255
    125 216 255 0 0 156 0 255 255 66 66 0 0 255 0 0 156 255 48 255 255
    255 255 0 0 255 71 255 255 0 0 255 0 0 0 45 255 0 255 29 176 0 156
    255 255 255 255 255 0 4 255 255 255 0 0 255 255 209 0 0 255 255 192
    255 255 0 0 255 255 255 0 22 0 0 255 0 0 255 255 255 185 255 0 255
    255 255 255 255 255 134 255 255 0 0 255 0 0 1 255 255 0 0 255 250
    255 13 255 13 175 130 255 58 0 255 255 255 241 255 0 0 0 255 0 0 0
    255 0 255 241 0 36 255 0 115 255 229 99 0 255 180 255 161 255 255 0
    255 0 255 255 232 255 255 255 0 255 80 252 0 0 152 255 255 255 0 158
    0 254 255 206 0 255 0 255 0 255 255 0 0 37 255 141 255 0 255 159 255
    0 0 0 255 0 255 95 0 255 255 139 255 255 255 0 0 0 0 0 255 0 255 255
    255 0 0 255 255 255 0 0 0 255 255 255 255 255 233 0 0 255 255 0 0
    255 255 255 0 0 255 255 255 28 255 255 194 255 255 0 184 255 255 255
    255 0 0 0 0 251 35 255 255 192 0 233 0 24 0 255 255 255 255 0 239 92
    0 0 255 75 0 0 255 255 110 0 209 255 0 0 0 255 255 0 255 255 255 1
    255 0 255 255 255 87 160 0 255 0 0 0 0 255 244 29 255 255 251 0 0 0
    214 241 0 221 255 134 155 87 255 116 255 255 0 0 0 255 255 255 83
    255 0 255 0 255 0 255 0 0 79 0 255 0 255 0 255 255 0 0 0 1 255 0 83
    255 0 21 0 255 255 255 0 0 0 0 255 0 255 0 165 0 202 0 0 255 103 248
    255 255 132 0 60 154 255 255 255 104 255 255 0 0 219 0 0 255 255 191
    0 0 0 0 0 255 255 0 255 255 255 0 255 0 0 0 110 178 255 255 72 0 0
    255 0 0 255 255 255 163 0 0 0 0 0 255 0 0 0 0 255 68 255 0 0 255 255
    132 0 39 66 0 0 49 72 255 255 255 0 255 255 0 0 0 255 0 255 0 255
    255 255 255 0 255 255 0 255 0 255 0 0 0 136 0 208 0 255 198 0 255
    255 0 181 255 255 255 255 173 0 80 222 255 140 255 99 255 255 0 255
    0 137 0 255 0 255 0 255 0 255 0 0 0 255 67 255 0 0 255 0 0 255 15 0
    255 255 0 0 0 0 255 255 255 0 180 255 255 41 255 133 255 255 255 255
    94 0 255 0 255 255 155 0 0 0 255 255 13 0 255 255 255 0 0 124 255
    255 0 255 0 0 0 0 45 255 255 66 0 0 0 0 255 255 255 0 135 255 153
    208 0 0 0 229 255 255 224 0 17 0 8 0 142 0 255 255 217 0 0 255 0 0
    84 0 255 0 255 245 255 0 0 0 255 180 255 0 0 255 24 20 0 17 29 0 255
    255 0 255 0 99 255 128 255 0 153 0 0 255 0 255 0 0 0 0 205 0 255 0
    255 0 0 255 255 0 0 0 0 0 255 255 0 255 0 255 191 0 255 255 0 255
    255 61 0 153 0 255 255 255 181 105 255 0 0 0 78 0 255 27 255 255 0
    255 0 255 240 255 0 255 102 255 0 0 45 0 0 255 0 255 0 28 0 55 0 0 0
    255 255 255 71 255 255 0 248 0 255 0 196 0 0 0 255 255 255 165 255
    103 0 67 255 121 255 82 152 255 0 42 0 0 255 0 255 255 0 255 0 239
    255 0 0 0 106 255 255 255 255 0 0 136 0 0 0 255 0 255 0 255 0 255 0
    255 255 0 255 0 255 255 245 0 0 253 255 255 215 0 0 230 255 0 255 0
    255 0 57 255 0 255 255 24 0 255 255 0 49 0 0 255 0 255 0 114 0 255
    255 255 0 255 0 0 255 255 255 0 0 255 0 0 0 0 64 0 14 255 0 255 0
    255 255 255 19 9 0 0 0 255 255 0 75 255 255 255 255 0 0 0 11 255 255
    255 255 255 0 0 0 193 110 255 93 0 182 255 0 0 255 255 255 0 0 255 0
    255 0 255 255 255 174 0 0 255 5 255 0 147 255 255 255 255 0 255 0 4
    78 255 72 255 237 255 255 255 70 255 243 0 255 255 0 0 94 255 0 255
    255 0 0 0 0 255 255 255 0 255 255 0 0 255 255 0 110 0 255 213 255
    255 255 0 0 0 255 255 255 110 255 255 255 0 0 165 0 255 0 0 0 0 16 0
    131 255 255 255 0 255 0 138 0 119 0 0 209 255 255 0 14 0 255 0 255 0
    255 0 215 0 0 255 148 187 0 255 255 255 0 0 0 255 201 0 0 0 0 0 255
    181 16 0 0 255 255 255 0 0 255 169 24 255 0 255 255 255 255 0 255
    255 22 0 255 0 0 0 255 255 0 0 25 19 255 0 162 255 255 0 124 62 255
    0 0 0 134 0 0 255 0 255 255 255 255 205 81 0 0 255 255 255 62 0 182
    0 0 164 255 255 0 219 255 255 255 0 0 255 0 255 93 0 0 255 175 255 0
    0 255 255 255 0 89 0 255 0 255 255 255 255 0 255 0 0 255 73 195 255
    0 255 0 83 216 0 0 0 0 255 0 0 0 255 0 255 0 255 0 149 0 255 0 255
    188 255 0 255 0 109 0 0 0 125 111 255 255 196 255 145 210 0 0 255 0
    255 0 255 0 255 0 202 0 255 0 149 0 255 0 255 0 255 0 205 255 0 0 0
    255 255 255 0 0 0 0 0 255 0 255 0 255 107 0 0 103 74 255 255 37 255
    29 0 0 0 255 255 255 0 0 255 211 255 0 0 29 35 255 255 255 255 255
    255 0 254 0 0 18 0 255 255 0 255 98 175 255 255 0 196 0 0 0 255 0 0
    0 255 174 255 0 21 255 255 255 0 0 255 255 0 0 255 255 255 0 240 255
    32 103 255 0 0 255 255 255 255 0 255 0 255 0 4 0 239 0 255 0 255 141
    255 255 0 0 0 255 0 0 0 0 35 21 255 255 255 0 0 0 255 0 0 213 0 0
    238 255 61 255 255 255 0 0 255 255 255 0 27 255 255 255 0 0 162 255
    0 0 255 255 0 0 0 255 255 255 255 0 157 0 255 5 0 170 250 0 0 0 255
    255 255 0 0 0 255 0 255 255 255 255 5 0 255 246 200 0 0 122 0 255
    255 255 0 0 0 255 255 255 255 58 132 0 255 0 0 87 153 255 251 0 255
    255 0 0 30 255 255 255 0 0 0 255 183 225 0 0 163 152 255 255 0 0 0 0
    0 255 255 0 13 255 0 255 0 0 0 0 23 255 83 255 70 255 255 89 0 255 0
    67 108 153 255 255 74 255 198 0 255 227 185 0 80 223 197 255 0 255 0
    255 0 0 255 0 0 0 255 0 0 91 15 255 255 255 0 237 0 255 255 255 0 0
    225 255 39 0 0 0 0 255 0 255 0 255 0 255 0 0 0 255 0 255 251 255 0
    255 0 255 0 255 0 0 0 27 255 0 0 178 74 255 128 66 0 0 0 255 255 0 0
    255 255 255 0 95 209 0 255 60 255 255 0 0 0 0 187 0 0 0 255 255 255
    255 142 0 0 0 255 255 0 0 0 255 255 255 255 255 163 255 255 0 0 0
    255 0 255 248 255 0 0 242 255 255 0 219 194 143 0 255 255 255 0 255
    0 0 255 255 255 255 0 160 255 255 0 0 255 0 0 0 255 255 255 52 0 0 0
    0 0 255 119 64 0 134 255 255 255 72 48 255 206 255 255 0 0 0 0 255
    255 0 255 0 255 0 255 0 255 0 255 255 150 0 0 0 0 0 71 255 168 255 0
    255 0 255 0 255 0 255 0 255 239 0 125 0 255 255 255 0 0 0 125 0 255
    0 133 255 255 255 255 255 0 73 255 255 0 0 0 101 255 255 0 0 73 0 0
    0 255 0 22 0 255 0 0 255 0 126 0 255 0 255 255 255 255 208 255 255
    109 0 0 255 0 0 89 0 255 255 0 57 0 255 255 0 255 0 255 0 255 211
    255 0 255 0 255 0 255 182 0 164 0 255 255 174 255 0 255 255 171 0
    137 0 255 255 45 255 180 0 0 0 255 0 255 0 0 0 140 255 0 0 0 255 0
    255 0 84 255 0 255 0 139 255 255 255 255 255 0 255 255 147 255 255
    255 0 0 0 68 138 255 223 255 0 0 0 255 255 0 78 0 0 0 255 255 158
    255 255 0 255 0 76 255 255 0 0 0 255 0 255 0 0 0 255 255 255 0 0 255
    255 255 0 0 0 255 0 255 0 255 232 119 0 255 255 255 0 255 0 0 0 0 0
    0 255 0 255 255 255 0 255 0 255 255 0 255 0 0 0 0 255 137 189 172
    255 0 255 0 255 255 255 0 0 255 0 255 0 102 105 255 5 0 0 255 255
    228 255 0 0 0 0 255 0 237 255 0 0 0 255 0 255 167 255 255 253 176 0
    255 255 255 0 0 0 255 255 255 146 57 0 255 0 167 0 255 255 255 0 0
    202 0 255 255 255 203 255 0 255 194 0 255 0 239 255 59 255 73 255 0
    0 0 45 255 193 255 255 255 255 0 255 255 0 0 0 0 0 255 255 10 255 0
    0 0 0 255 150 0 255 0 255 0 255 46 150 0 226 0 255 0 0 255 255 0 0 0
    240 203 0 255 0 255 255 0 0 0 255 0 255 255 255 0 0 0 255 255 255 0
    0 198 255 255 255 255 0 0 0 255 255 0 91 0 255 255 230 255 255 0 255
    0 255 0 255 238 123 0 255 20 0 0 0 255 255 255 0 255 255 255 255 255
    0 0 130 0 255 255 2 0 0 255 255 255 0 0 223 255 255 0 0 71 0 241 255
    255 0 0 255 255 0 0 0 33 134 0 21 255 255 255 15 0 249 0 0 34 255
    255 0 255 0 248 60 0 255 0 255 0 0 255 0 0 255 217 0 0 37 0 0 0 0
    255 0 255 173 0 0 0 233 0 255 0 255 255 88 255 0 255 255 59 0 0 0 0
    255 0 0 255 255 0 36 0 255 255 255 0 255 0 162 0 201 0 255 0 239 198
    255 255 255 255 0 255 0 255 0 255 0 0 110 255 188 0 30 255 190 1 154
    255 255 104 0 0 240 255 255 255 255 194 255 0 255 0 0 0 255 255 122
    0 123 0 0 0 153 255 119 255 255 255 50 255 255 198 6 0 255 255 38
    255 255 0 152 0 255 15 255 0 62 255 255 255 255 0 0 0 255 255 255
    255 195 255 255 0 255 255 255 157 0 0 0 255 99 255 0 0 227 0 0 0 255
    255 0 0 255 255 0 0 0 255 0 0 0 0 255 255 255 0 0 255 255 255 0 255
    0 0 23 255 255 255 255 226 0 0 44 255 255 0 0 136 65 255 196 255 0 0
    80 255 255 255 0 255 0 255 111 255 0 5 42 255 255 0 39 0 255 0 0 255
    255 0 0 0 99 0 255 255 255 27 255 255 255 255 0 0 0 255 255 255 118
    247 0 0 255 255 255 255 255 0 255 0 0 0 244 255 255 0 255 148 0 0 95
    0 193 0 183 255 0 0 0 240 0 252 0 255 0 255 0 0 0 0 0 255 255 249 0
    0 255 255 255 0 95 0 255 255 255 255 0 0 0 255 77 255 0 0 0 255 255
    69 0 0 255 0 253 198 62 0 109 64 255 0 255 0 255 255 231 0 255 255 0
    183 255 208 255 255 0 38 255 81 0 0 0 201 255 0 255 255 255 255 0
    255 255 183 0 203 255 255 255 0 231 87 255 110 10 0 255 255 47 0 0
    255 0 255 0 255 0 255 130 255 255 0 255 164 0 0 7 255 0 97 255 0 255
    58 255 215 0 0 255 255 0 255 0 255 0 255 0 255 0 255 204 0 0 0 255
    255 255 0 255 0 0 0 255 255 0 0 0 255 255 255 0 255 0 21 0 0 138 7
    255 255 0 161 182 255 0 255 255 255 0 0 0 255 0 255 255 255 0 255
    255 255 83 0 0 255 0 0 112 199 255 0 0 0 0 221 255 0 0 255 0 0 0 0
    255 255 0 255 0 164 255 255 0 0 28 0 255 183 255 0 255 0 255 0 0 255
    255 0 0 0 255 165 68 0 0 0 255 0 249 255 255 255 0 162 0 255 0 255 0
    0 255 255 255 0 255 138 255 0 255 255 255 255 255 255 255 0 0 255
    255 0 0 0 0 255 140 0 0 255 0 255 0 255 0 116 255 0 255 0 255 0 255
    0 162 255 0 162 0 255 255 255 0 52 174 0 255 0 255 0 255 0 255 0 255
    255 255 255 255 255 0 0 0 255 165 0 0 255 0 255 0 255 0 12 255 19
    197 0 216 255 255 121 255 255 255 66 0 255 0 255 255 0 0 76 255 255
    78 255 255 28 0 0 0 213 135 255 132 0 255 0 255 255 255 105 0 255 0
    255 0 255 0 6 0 255 44 255 255 0 0 46 255 220 255 255 102 0 0 63 255
    0 255 0 0 0 255 255 0 0 0 255 255 0 208 0 0 255 255 255 19 85 9 0 0
    255 0 0 0 0 255 0 255 255 255 0 0 255 0 147 0 0 255 255 103 24 0 255
    255 47 255 0 64 0 0 0 255 255 151 255 130 0 0 255 255 255 255 246 0
    24 255 255 255 255 255 255 255 0 0 0 11 255 0 182 0 255 0 255 255
    255 0 255 255 0 84 232 255 223 255 0 255 0 0 22 255 255 255 0 0 255
    255 255 0 215 0 0 0 27 255 26 28 255 0 0 255 255 0 255 255 255 0 0
    255 255 255 255 0 255 102 0 0 240 255 255 0 0 0 0 255 255 255 255
    255 255 148 255 0 255 41 255 0 255 0 255 0 255 194 255 9 255 0 0 0
    109 0 255 0 255 112 43 106 255 255 0 0 0 255 0 255 0 255 0 255 0 0
    119 255 0 0 0 255 255 255 197 0 0 138 255 0 76 255 0 127 255 255 0
    41 0 250 0 255 0 255 51 255 0 132 0 0 158 255 0 0 22 255 0 0 0 255 0
    255 255 255 0 62 0 0 255 255 0 117 0 255 255 255 255 255 0 0 255 0 0
    0 255 255 255 24 72 0 121 0 255 0 255 255 0 0 0 0 255 0 255 0 255 0
    16 255 138 170 0 188 255 255 103 28 0 255 190 255 80 0 0 255 0 0 255
    0 255 193 0 163 255 255 0 0 0 255 255 255 255 0 255 255 255 0 0 0 0
    255 255 255 0 0 0 0 255 255 124 201 255 255 0 0 255 114 65 0 255 255
    255 255 76 0 0 255 255 0 0 17 255 0 0 0 255 255 153 0 255 255 0 255
    255 138 0 0 255 255 239 0 161 255 255 0 63 217 0 39 0 255 154 0 255
    0 255 255 255 0 0 0 229 255 255 4 255 255 111 255 0 255 0 20 255 166
    0 0 255 0 255 0 0 203 0 255 0 24 0 0 0 0 255 255 0 0 0 255 137 255
    255 0 255 0 255 227 0 97 0 0 0 55 0 0 255 0 27 255 255 0 0 38 255 0
    62 0 255 0 26 127 0 255 0 142 0 151 0 0 255 0 255 0 255 0 0 255 0 0
    255 0 255 0 255 57 0 0 214 255 0 255 0 255 255 255 255 0 0 0 255 255
    255 0 255 0 255 255 255 255 255 0 0 255 106 255 0 255 0 255 0 0 0 90
    0 255 255 255 0 0 0 0 0 255 210 0 0 43 255 255 0 0 0 0 255 255 0 0
    235 255 108 255 0 255 0 255 255 0 61 255 255 255 255 241 0 0 168 255
    0 37 255 255 0 0 114 190 255 0 255 0 169 0 255 49 255 255 148 0 255
    255 241 0 0 255 106 255 255 0 0 0 247 255 255 0 5 0 0 53 0 255 0 121
    0 255 0 255 0 0 39 0 14 255 91 182 255 0 0 0 255 255 255 0 47 27 255
    0 0 0 255 0 255 0 255 0 0 0 255 255 29 255 0 255 0 255 255 255 0 255
    0 0 0 255 255 0 255 0 17 0 255 255 255 0 255 10 255 0 173 0 255 255
    0 0 182 142 255 0 255 0 0 0 255 255 95 255 0 17 0 255 255 255 0 227
    112 255 255 255 0 255 0 0 0 193 255 255 255 0 111 255 0 255 0 255
    255 209 0 255 255 255 0 203 255 255 0 0 0 255 255 255 0 255 255 91 0
    0 0 255 255 0 255 255 0 0 255 168 255 147 255 0 255 0 0 255 255 255
    255 0 255 155 253 0 0 131 0 90 0 0 255 255 0 0 255 60 0 145 28 255
    255 0 255 156 255 0 0 53 80 255 0 249 0 255 0 1 179 0 255 0 0 0 0
    255 255 255 0 0 255 5 0 204 0 0 0 255 0 106 87 255 255 0 0 255 255 0
    255 0 0 0 0 255 0 0 0 255 50 255 255 72 255 176 255 0 0 0 255 255 0
    255 255 51 0 0 255 255 255 0 255 0 255 0 0 203 0 0 0 138 0 255 255
    255 0 0 220 0 251 0 77 255 255 0 255 166 0 0 0 255 255 0 0 36 0 255
    0 255 255 255 255 0 98 255 254 255 0 31 0 0 255 0 0 55 255 255 117 0
    0 255 255 255 112 255 0 0 152 255 255 255 49 0 204 255 0 255 0 255 0
    255 255 0 0 255 255 255 0 255 255 255 0 243 0 0 255 255 255 37 15 0
    0 0 165 255 255 175 0 0 0 0 0 0 0 0 0 0 0 255 255 255 255 255 221 0
    0 24 0 255 146 0 0 0 255 255 255 255 255 0 0 242 0 0 0 107 0 223 255
    226 255 255 0 0 0 255 255 255 0 0 0 66 0 255 68 0 0 255 0 0 135 0
    255 0 255 39 255 255 255 0 70 0 123 40 152 255 0 23 255 255 248 0
    255 255 255 165 255 0 0 255 255 255 0 0 255 255 0 0 0 0 255 0 0 254
    255 255 255 0 0 0 0 35 0 255 172 0 255 255 233 255 58 255 0 0 0 255
    255 255 0 0 255 255 0 255 255 0 255 255 255 0 0 0 142 255 255 0 0
    255 255 255 0 0 255 255 255 0 0 0 255 0 255 0 0 244 255 255 255 0
    255 255 255 9 0 255 0 255 0 0 0 75 255 255 0 0 255 248 4 255 255 255
    0 0 0 0 255 255 0 0 255 0 255 0 255 255 255 255 255 255 0 0 0 0 255
    255 255 0 255 84 255 0 255 255 255 0 255 230 0 0 0 255 62 255 0 0
    133 255 255 63 255 11 255 255 0 145 0 79 0 255 255 44 0 255 0 0 255
    41 0 0 188 0 255 0 255 0 255 0 255 255 255 255 218 0 255 62 255 182
    255 255 33 237 0 0 0 0 0 255 255 85 0 0 255 0 0 255 255 255 0 0 0
    255 154 255 255 0 0 0 255 255 0 255 68 0 0 255 255 0 255 255 255 255
    0 255 0 255 222 255 0 0 0 255 0 255 78 255 0 255 255 0 0 255 0 0 255
    0 0 0 255 255 255 0 0 255 0 0 0 106 255 255 181 0 0 255 255 255 255
    255 220 118 0 255 255 0 0 214 0 65 0 255 255 156 0 10 0 255 0 27 255
    0 255 0 0 0 0 255 10 255 0 45 0 72 255 255 0 205 0 0 0 255 0 255 0
    255 255 113 0 48 255 0 255 0 0 0 255 255 255 0 106 232 0 255 0 255 0
    255 128 255 255 0 255 0 200 255 87 167 255 255 255 255 0 0 0 174 243
    0 255 255 255 0 0 255 127 255 0 255 117 0 0 9 255 255 255 26 97 255
    0 255 0 255 255 167 255 255 214 255 0 255 0 169 0 253 255 0 255 255
    225 0 0 0 193 0 0 15 70 172 50 0 255 255 0 255 0 0 255 0 255 0 255 0
    0 56 133 216 0 0 0 255 255 0 255 255 255 100 0 0 81 0 255 0 255 139
    0 0 0 0 0 0 93 28 255 255 255 181 0 255 255 0 0 0 0 48 255 255 255
    255 255 0 0 255 66 255 0 0 0 0 255 255 255 0 0 255 0 255 0 0 0 8 0 0
    255 255 255 0 255 0 255 0 241 128 255 255 154 0 0 0 255 0 0 0 255
    255 0 196 255 255 255 255 255 0 255 139 255 255 255 0 0 20 255 255 0
    0 0 30 175 0 255 255 255 0 255 255 232 150 0 255 39 215 0 136 68 0
    255 20 0 0 255 255 127 0 156 255 143 0 0 0 255 255 0 255 186 255 0
    255 255 255 0 148 0 0 106 255 255 255 131 0 0 57 255 166 255 0 146
    129 0 255 255 255 109 0 198 0 0 28 255 255 0 121 255 255 0 0 0 0 255
    70 255 0 0 0 0 255 0 161 255 255 82 255 0 255 0 0 0 0 51 56 255 255
    255 0 0 139 0 255 108 255 0 255 255 153 0 255 255 0 0 255 54 0 0 0
    255 255 255 0 250 0 254 0 255 226 255 255 14 87 255 255 0 226 255
    169 30 255 0 255 0 53 166 255 143 255 241 255 205 0 0 0 255 208 0 0
    255 255 0 255 0 255 0 246 255 200 255 49 149 0 0 255 255 255 0 255 0
    255 255 0 255 0 255 0 255 255 255 117 118 255 0 0 0 0 0 0 0 255 6
    255 255 160 255 0 0 255 0 255 0 0 74 245 0 202 131 58 255 255 46 255
    255 0 0 193 255 255 184 255 255 0 0 0 0 98 247 255 0 0 0 166 0 0 0
    223 0 255 255 92 155 135 0 0 0 16 255 0 0 0 255 255 0 255 0 55 0 121
    174 255 255 0 245 255 0 69 103 255 255 0 216 0 0 255 255 255 255 255
    0 0 0 255 0 255 0 0 13 0 9 255 255 205 210 0 255 255 255 255 0 0 0
    203 255 16 255 0 0 0 255 255 225 255 255 36 92 0 255 0 255 0 52 255
    255 24 148 0 243 255 255 96 154 255 0 242 162 255 0 255 0 0 104 180
    0 255 255 255 31 0 0 255 255 255 255 0 0 0 0 255 255 255 170 255 137
    255 255 255 0 255 255 98 0 255 0 255 255 255 255 0 0 255 255 255 0
    255 0 131 0 0 214 255 86 72 0 255 0 23 67 255 255 4 0 255 255 0 0 23
    255 0 117 255 255 255 255 0 255 255 22 0 0 255 18 255 0 255 153 255
    255 0 0 0 0 255 0 255 0 0 91 0 23 0 255 79 0 255 255 0 0 255 0 255
    211 255 142 0 255 255 121 0 255 255 0 0 0 8 0 255 255 0 255 0 255
    164 139 255 0 0 63 255 255 0 72 0 255 0 0 0 255 0 255 255 202 255 0
    255 63 9 255 255 255 0 255 255 204 160 255 255 0 0 255 255 0 0 24
    255 255 0 0 0 0 0 255 25 255 72 255 5 255 211 255 255 0 0 0 0 255
    255 198 40 158 255 255 172 0 0 255 255 255 186 0 255 255 255 0 35
    255 255 255 255 0 255 0 255 0 125 0 255 170 255 148 158 197 255 255
    115 255 0 255 0 0 0 255 253 255 255 0 0 0 150 211 0 207 0 255 0 255
    19 0 0 0 255 255 0 255 0 0 0 255 0 255 0 210 0 201 0 255 255 0 0 255
    255 0 255 0 153 0 203 0 255 255 167 0 220 0 255 0 161 0 255 0 255 0
    0 0 181 154 58 0 0 255 48 147 0 122 255 0 0 255 255 255 0 0 255 0
    255 0 199 255 255 0 0 99 0 88 255 255 217 206 0 255 0 255 0 255 0
    255 0 85 255 255 182 255 0 0 174 0 255 209 255 0 255 123 255 255 255
    255 20 0 0 255 255 255 0 255 0 0 0 255 208 255 0 255 12 0 255 255 0
    0 255 255 255 0 0 37 0 82 39 0 255 0 2 219 98 255 255 0 0 0 0 255 34
    255 255 0 255 123 0 255 0 156 174 12 255 0 255 0 255 0 255 0 96 0
    129 255 0 255 0 255 0 0 0 30 255 255 0 0 0 0 0 255 0 151 255 255 0
    255 109 0 0 255 255 255 255 0 0 22 0 16 0 255 137 255 255 255 0 168
    0 255 255 255 22 0 0 255 0 0 96 255 26 0 0 0 255 84 0 0 0 37 255 255
    255 0 17 0 0 255 55 255 255 0 255 0 255 0 255 0 255 0 0 53 219 255 0
    114 0 0 0 255 0 255 0 255 0 255 0 255 184 255 0 0 0 9 165 255 255
    255 255 0 159 0 255 129 0 93 255 255 255 0 0 0 38 255 255 203 0 0
    255 255 77 215 152 255 255 255 0 0 155 12 255 255 0 247 0 162 0 255
    255 255 0 0 0 255 0 255 0 255 0 255 255 0 255 0 255 0 255 0 8 0 0 0
    255 255 46 0 255 255 198 0 0 0 0 0 0 0 0 255 0 255 255 255 0 0 255
    255 255 255 208 47 255 255 255 0 255 255 0 0 0 0 0 255 255 216 255 0
    255 0 0 0 255 255 255 15 255 183 255 81 0 0 255 0 255 255 0 255 255
    255 255 255 0 203 239 255 0 0 255 255 255 255 255 0 0 0 0 255 255
    102 0 0 0 255 185 255 0 189 0 92 0 255 255 255 32 163 0 255 255 255
    255 0 0 141 255 255 255 0 53 255 255 255 255 255 200 0 0 0 255 255
    162 0 0 224 249 237 0 255 255 81 255 0 67 0 0 0 0 0 255 255 0 0 0
    255 255 255 255 0 0 0 0 255 255 116 255 0 143 0 0 15 214 0 0 232 255
    0 0 114 169 255 0 255 0 255 47 255 0 0 0 120 0 0 255 255 0 255 0 221
    255 255 255 178 0 0 255 255 0 0 92 255 0 223 0 255 0 255 0 255 255 0
    0 0 134 255 0 131 191 0 255 0 0 0 0 255 0 255 0 255 0 255 255 79 0 0
    0 255 255 255 255 255 0 0 255 255 0 0 0 255 255 255 0 19 0 255 135
    255 0 0 255 255 255 0 0 0 0 255 160 255 69 255 0 0 0 251 255 255 255
    0 255 255 255 0 0 0 142 255 255 255 0 0 255 0 255 255 255 0 0 187
    255 0 0 193 69 52 0 255 0 115 255 0 0 130 222 0 0 0 255 128 0 0 255
    0 43 0 255 0 255 0 90 255 255 249 255 255 0 0 0 0 0 0 255 0 255 255
    255 0 176 0 255 0 214 255 255 255 0 255 255 255 0 0 255 199 255 0
    151 0 255 224 255 0 0 0 255 245 0 255 255 255 12 255 0 0 0 0 255 0
    255 255 255 0 0 255 0 255 0 0 0 255 255 255 0 255 91 255 133 56 0
    255 0 255 0 0 205 160 27 0 0 255 255 255 255 0 255 0 255 127 255 0 0
    255 255 0 0 0 0 255 255 0 255 0 95 145 221 106 255 255 0 0 255 255 0
    251 118 255 0 255 255 0 255 0 148 0 255 0 0 0 0 255 255 0 255 0 255
    0 255 255 225 0 255 0 19 0 255 255 0 255 0 255 0 255 255 255 0 0 255
    255 0 255 92 30 66 0 255 183 146 0 0 0 0 255 149 0 255 0 71 0 255 1
    255 114 255 0 255 0 255 0 255 255 225 18 255 0 110 0 255 0 0 0 255
    255 0 255 0 213 255 255 255 0 255 0 255 255 255 203 0 255 59 0 0 25
    255 255 0 0 114 255 0 112 0 215 0 255 255 0 0 0 255 255 145 0 0 255
    255 207 0 0 181 228 0 0 255 51 255 0 255 255 255 0 0 255 255 0 0 0 0
    181 255 0 0 0 255 255 0 255 0 0 0 255 255 75 244 0 0 255 255 255 116
    0 255 0 255 0 185 0 255 0 0 0 107 0 0 231 0 255 0 255 255 255 0 0
    255 0 255 0 255 0 255 0 255 0 255 255 241 0 255 255 255 255 8 0 255
    168 255 0 255 0 255 67 110 0 255 0 0 0 17 255 0 0 255 255 255 0 0
    255 255 0 255 145 0 0 0 255 0 0 120 255 0 215 0 255 255 255 255 186
    138 0 0 255 255 255 255 0 255 255 0 0 255 0 255 255 0 0 0 170 200
    255 0 0 0 206 255 255 255 167 255 0 255 0 255 0 203 165 0 0 255 255
    255 0 0 255 255 0 0 255 255 255 245 192 0 255 199 185 0 0 255 255 55
    0 0 255 0 255 255 255 0 0 1 0 0 255 0 0 227 255 76 0 255 0 255 255
    255 0 255 175 0 0 255 255 0 0 0 83 255 0 255 0 255 0 255 255 34 255
    0 0 0 167 255 0 0 255 0 0 0 255 255 0 0 0 255 255 168 255 0 255 255
    0 0 0 255 0 255 255 0 0 0 204 248 48 0 0 94 0 0 106 255 248 0 89 0
    255 255 49 0 0 0 255 255 0 0 0 145 255 255 255 160 126 0 255 255 0 0
    255 255 255 179 0 255 96 155 0 255 144 255 255 68 0 0 147 255 177
    255 183 0 133 255 255 255 255 255 0 0 0 255 255 255 255 255 228 255
    189 0 0 179 255 231 255 0 255 255 0 255 0 0 0 255 255 255 255 255
    255 0 255 255 178 255 0 137 0 0 255 110 255 0 0 1 255 255 0 255 255
    255 133 0 0 0 255 255 0 255 255 0 0 253 139 255 255 0 255 0 255 255
    255 0 0 255 192 0 181 0 255 0 255 255 255 0 191 136 0 0 255 255 255
    164 255 255 0 255 255 232 60 0 255 255 255 255 255 0 0 0 0 0 0 255 0
    255 0 255 0 0 0 0 255 0 0 197 255 255 0 255 255 0 255 0 255 0 255 0
    39 0 255 234 82 0 255 109 255 255 255 255 0 65 255 255 0 255 0 0 255
    35 255 0 57 0 150 0 35 53 255 98 0 94 255 0 0 255 255 197 0 0 148 30
    184 0 255 255 255 255 0 0 255 0 0 0 185 255 255 0 255 0 0 0 255 255
    0 0 0 0 0 0 0 198 255 235 255 0 255 0 0 0 255 255 255 0 255 0 255 0
    91 56 255 255 255 0 0 255 255 0 0 252 255 170 0 255 255 255 0 134
    152 255 0 196 255 255 255 255 0 255 0 0 255 0 255 22 255 84 0 0 255
    78 0 255 255 255 0 255 0 255 255 0 0 155 0 21 0 0 255 255 255 0 0
    255 0 255 0 255 0 156 246 255 0 0 0 255 16 255 148 255 74 255 0 0 0
    0 0 255 0 255 112 12 255 0 255 0 255 255 255 0 255 0 255 255 0 255
    195 255 0 255 255 0 0 0 255 255 0 0 0 255 0 0 0 0 255 255 255 255 0
    255 0 0 0 255 119 255 0 135 255 98 0 0 255 255 255 0 229 91 255 0
    255 0 255 255 255 255 255 92 255 0 0 255 59 255 255 122 0 239 255 0
    231 98 200 0 0 0 0 255 241 255 255 51 0 0 0 0 137 255 2 255 0 255
    255 0 255 255 255 0 0 159 255 255 0 0 255 255 255 0 170 255 255 0
    255 67 255 245 78 125 255 82 0 0 0 255 255 255 172 11 255 0 247 0
    255 0 255 0 255 0 0 0 255 255 0 255 0 0 255 255 104 255 0 0 132 205
    255 0 197 0 255 255 0 235 255 255 0 126 255 102 255 0 255 0 255 0
    255 0 255 0 255 255 106 255 255 34 0 0 140 255 255 255 255 0 0 0 255
    0 255 0 0 255 255 0 38 255 250 0 205 255 255 0 0 23 255 0 0 67 255 0
    255 5 255 0 255 0 255 8 255 232 0 255 205 255 255 0 37 255 255 0 0 0
    255 255 255 0 0 0 255 0 129 0 255 255 255 255 0 0 70 63 255 0 255 0
    0 255 0 0 0 0 207 249 255 0 0 255 0 255 240 0 0 0 255 0 237 255 0
    255 255 255 0 0 0 255 255 6 0 255 0 255 255 0 0 255 0 0 0 255 255 0
    255 159 255 0 255 0 0 0 255 0 255 80 224 133 228 255 0 0 255 0 0 255
    255 109 0 0 255 0 0 160 255 255 172 255 255 255 0 255 0 33 0 255 255
    0 19 0 255 0 255 0 255 111 255 255 0 0 0 198 255 255 255 255 26 0 0
    0 255 255 255 0 0 0 218 26 255 255 0 0 255 0 0 255 107 0 22 255 255
    255 0 0 0 0 0 255 255 0 0 0 0 255 0 255 255 118 0 255 0 255 0 255 0
    42 0 0 114 255 255 124 33 255 8 0 255 87 123 255 255 0 0 0 255 255 0
    0 0 0 255 255 0 55 0 0 255 255 255 255 0 0 30 255 255 0 130 0 255
    223 249 0 0 0 0 0 47 198 0 0 203 0 255 0 0 216 0 255 157 0 255 0 255
    0 255 0 255 255 0 255 255 217 130 0 255 255 255 84 46 0 50 255 255
    27 0 28 19 255 255 0 35 0 255 255 0 255 238 255 0 0 0 255 205 35 255
    255 0 0 255 255 0 0 255 0 0 255 255 0 0 0 255 0 255 255 159 0 255
    255 255 0 0 112 255 48 108 255 0 182 247 61 70 0 228 0 255 0 0 0 0
    255 19 0 0 255 0 255 0 0 0 141 255 255 0 0 0 255 48 0 26 0 255 255
    255 0 0 0 0 0 0 0 0 255 255 255 0 255 104 227 0 255 0 255 62 255 255
    212 255 255 0 0 0 141 0 211 73 255 0 255 134 255 164 0 255 222 255 0
    255 148 0 247 255 68 255 149 255 255 255 0 0 0 0 255 255 255 162 255
    122 0 0 0 255 255 255 255 255 178 0 0 255 255 198 167 255 0 0 0 0 0
    255 0 0 0 0 2 0 255 255 255 0 255 0 0 0 255 255 255 140 255 0 255
    255 0 142 0 0 0 88 0 255 255 0 0 255 255 255 255 0 214 0 176 175 0
    255 0 255 0 255 255 255 255 60 0 219 255 255 0 255 0 255 0 255 0 255
    0 0 0 255 237 239 0 173 255 62 0 255 255 0 208 0 255 16 0 0 242 255
    255 182 0 255 11 255 255 255 255 0 0 255 255 255 0 0 255 255 0 0 0 0
    255 0 255 236 163 255 140 0 0 255 255 255 255 0 0 0 22 255 255 0 0 0
    255 255 177 255 13 255 0 0 255 0 255 0 0 25 255 255 0 0 65 255 255 0
    0 0 255 255 255 130 255 25 255 0 0 132 0 255 255 255 0 255 144 255 0
    180 255 26 0 0 255 98 0 0 255 255 255 0 124 127 0 255 23 20 0 0 255
    0 255 0 98 255 157 0 0 0 255 255 151 0 0 255 255 0 255 255 155 0 0 0
    255 0 255 0 255 166 255 255 0 255 0 255 255 158 0 0 0 0 0 255 255
    255 124 0 82 0 0 255 61 0 0 206 255 255 255 0 255 0 139 255 255 0 52
    179 255 0 0 0 0 255 176 255 222 255 0 255 0 255 112 255 0 93 255 255
    0 0 255 105 255 1 95 255 255 0 0 0 0 0 26 155 255 255 0 0 255 225 0
    0 255 1 0 0 255 0 255 146 0 255 0 0 143 255 255 121 255 255 0 0 0 0
    255 255 169 0 0 0 255 0 255 255 0 0 0 0 200 0 255 255 0 255 0 255
    255 0 183 167 255 255 223 28 255 255 255 255 255 0 119 0 255 255 49
    255 0 0 255 255 143 255 0 255 210 100 0 255 0 27 27 0 255 0 255 0 0
    0 255 255 0 255 0 255 255 0 111 0 255 0 0 21 0 255 255 255 0 0 0 255
    0 0 0 255 236 255 189 255 0 255 0 35 0 255 255 255 0 12 0 255 0 149
    255 255 255 42 0 208 255 0 163 255 56 129 0 0 164 0 0 0 0 255 255
    255 255 0 0 0 255 255 255 0 0 0 143 255 255 0 255 0 255 26 255 255 0
    0 0 0 0 255 255 255 255 255 255 255 255 93 255 235 0 30 0 0 255 255
    0 0 255 255 0 255 0 238 0 255 121 255 0 255 72 19 0 255 255 255 255
    0 0 255 255 255 255 39 0 0 0 255 0 255 0 0 0 255 186 178 255 0 0 0 0
    255 255 255 0 255 7 255 0 255 89 0 0 255 255 255 0 0 0 255 0 255 106
    255 188 0 0 0 0 0 0 0 196 255 93 255 74 0 0 255 255 0 255 0 255 255
    0 255 0 255 155 0 202 255 255 0 123 255 0 0 94 255 255 255 0 0 0 255
    255 255 0 180 27 0 29 255 0 0 0 0 255 131 255 0 0 0 148 255 0 0 0
    255 167 255 0 255 0 255 255 52 0 0 255 0 255 0 0 0 255 0 255 255 41
    217 104 255 255 0 0 252 255 0 255 0 255 74 255 0 255 255 0 0 51 0
    255 177 0 0 255 0 255 0 255 0 255 255 0 59 255 255 0 0 255 9 255 0
    255 135 255 0 0 0 255 255 255 118 255 255 0 0 255 255 255 12 0 0 0 0
    0 176 255 255 255 195 0 255 255 255 0 47 0 255 255 255 94 255 0 172
    147 255 0 255 0 171 0 104 0 0 255 255 255 255 148 0 0 255 0 0 0 255
    0 255 255 0 200 0 0 255 255 255 205 0 0 0 0 255 0 255 0 255 255 255
    65 255 0 0 173 0 177 255 255 255 255 0 0 0 255 0 202 255 255 255 0 0
    0 69 35 255 0 126 255 0 255 25 181 0 0 255 0 0 47 0 0 0 0 255 255
    255 63 67 255 0 255 255 0 255 0 255 0 255 0 255 0 26 255 255 255 0
    255 0 255 0 255 80 255 0 0 255 255 255 0 0 0 0 0 255 255 255 255 14
    88 255 0 2 255 205 255 0 99 255 255 0 0 255 65 255 255 255 0 0 0 255
    0 47 0 255 255 0 0 0 255 0 0 92 0 255 255 255 0 0 0 92 255 0 120 0
    238 255 255 255 0 255 0 255 255 0 0 44 171 0 0 0 30 255 0 255 255
    255 255 0 255 0 255 255 255 0 135 0 0 0 255 68 255 66 0 0 255 255 0
    255 255 143 0 0 255 199 255 255 0 255 0 193 255 0 134 0 255 0 0 232
    255 0 255 255 255 0 255 0 255 0 255 0 215 252 255 255 0 0 255 255 0
    255 0 0 0 0 0 0 255 0 255 240 255 0 255 255 0 0 0 86 255 0 255 0 0 0
    255 255 255 255 255 0 255 77 0 255 255 0 0 20 255 0 255 0 255 0 56 0
    184 0 255 0 255 210 4 183 0 255 255 255 255 0 23 0 255 255 0 0 56 0
    255 0 255 134 172 0 220 244 255 0 0 0 255 0 0 255 255 255 228 0 0
    255 0 255 191 0 255 255 255 255 0 0 255 255 255 0 255 0 0 0 255 255
    0 0 0 87 189 0 51 0 0 0 0 255 0 0 150 255 148 255 0 0 0 255 255 255
    85 255 239 0 255 255 0 0 166 255 255 0 0 255 0 255 215 255 255 0 255
    0 255 255 255 0 0 255 0 255 0 255 0 102 132 0 0 110 255 255 255 0 0
    255 255 255 57 255 0 0 255 0 255 255 0 0 0 171 10 32 0 0 170 255 0
    255 144 255 34 0 255 255 0 250 0 0 255 255 0 0 131 0 255 0 255 0 62
    160 255 234 0 0 255 0 29 148 30 255 0 0 0 0 255 215 149 0 0 168 110
    255 255 0 0 0 0 255 0 0 213 0 200 165 255 255 0 255 255 255 208 255
    0 0 0 255 0 255 255 0 133 0 255 0 117 28 198 0 109 0 99 255 255 0 0
    255 255 149 0 255 0 255 212 148 212 157 0 0 0 0 0 255 255 255 0 0 0
    0 139 0 0 192 255 255 255 0 121 0 255 0 126 102 255 168 118 255 255
    0 223 0 255 62 255 255 0 237 71 255 255 254 0 0 0 255 255 255 255 0
    184 253 255 0 0 44 255 255 0 0 0 255 0 0 110 255 255 255 0 0 0 0 0
    255 69 0 64 255 0 0 0 255 255 0 0 0 255 255 155 0 85 255 0 255 0 255
    255 81 255 0 255 0 155 0 255 0 255 0 255 0 255 0 255 0 0 255 255 255
    0 255 0 255 0 255 91 255 0 255 255 0 102 255 255 32 0 255 169 255 0
    255 0 255 0 0 255 255 81 0 255 255 255 207 255 0 0 255 194 0 23 0 0
    0 102 0 0 0 255 0 255 255 0 0 201 255 254 255 0 225 0 255 0 255 255
    202 0 255 0 0 0 255 0 0 0 177 0 255 255 255 0 0 121 0 255 0 133 0 0
    255 255 255 191 184 57 255 0 255 0 0 0 255 164 0 0 0 0 255 255 0 0
    167 255 0 255 99 0 127 255 255 255 0 255 0 34 0 143 2 0 0 14 255 255
    255 0 246 0 0 0 0 255 255 255 255 73 0 0 255 0 255 0 68 214 91 0 0
    220 0 0 107 0 255 0 0 255 0 0 255 255 255 255 103 255 0 0 172 255 0
    255 255 0 0 243 255 255 255 0 0 0 0 255 255 209 115 0 216 138 255
    255 46 0 0 0 0 255 149 0 0 66 255 255 0 255 17 132 0 0 255 255 255 0
    11 0 0 255 44 255 168 49 255 255 255 255 255 0 0 0 255 201 0 255 255
    0 0 255 0 255 79 255 255 0 0 255 255 255 0 0 255 0 255 0 255 255 0 0
    0 0 0 255 255 192 61 0 109 129 255 255 255 255 0 75 0 255 255 0 0
    255 0 197 0 0 255 255 199 255 255 255 0 255 255 0 8 46 89 140 0 255
    0 0 255 0 0 0 255 0 0 54 0 0 181 0 0 255 255 255 219 0 0 255 166 0 0
    255 255 0 93 255 255 255 0 255 0 255 0 66 255 0 0 255 0 0 0 255 0
    255 255 255 0 0 0 255 255 173 11 125 0 255 184 255 0 0 255 0 255 255
    0 0 146 255 255 202 0 255 0 255 255 255 0 255 0 129 34 199 202 0 251
    255 255 0 255 0 107 255 255 0 0 0 255 255 0 255 15 0 0 255 255 255
    255 22 128 200 255 0 0 0 255 255 255 0 255 0 255 0 255 255 15 255
    147 255 0 255 109 255 218 0 0 0 255 0 255 0 0 255 15 255 0 255 255 0
    0 255 255 0 255 0 255 0 52 255 0 0 0 255 255 230 255 43 0 0 0 91 255
    255 255 0 255 255 255 0 0 237 255 93 0 0 139 198 255 255 0 0 111 0
    17 0 189 0 255 255 255 233 0 0 0 255 255 175 255 255 255 255 0 0 178
    0 255 23 125 213 0 255 0 255 47 0 136 145 99 255 0 0 0 0 255 255 255
    17 0 0 0 255 255 70 0 30 255 0 255 255 255 0 0 255 255 14 255 27 0 0
    255 0 0 145 255 255 130 0 0 0 255 0 0 46 255 255 255 255 0 0 240 255
    255 255 246 0 0 0 0 255 199 255 255 0 0 255 0 0 0 255 185 0 0 255
    255 255 0 0 0 0 255 0 255 255 255 0 0 255 3 255 0 255 0 0 119 255
    255 0 0 9 255 255 0 0 0 255 255 255 233 255 255 0 255 255 60 0 0 245
    255 255 202 255 255 255 0 0 0 255 255 255 255 0 243 0 0 0 39 255 255
    255 69 0 255 180 255 0 255 255 255 66 156 206 0 0 255 55 203 0 0 0
    255 144 255 0 0 0 255 0 0 255 255 255 0 255 182 0 0 255 0 255 255
    255 255 208 255 0 255 0 255 0 0 255 255 255 0 255 255 133 0 52 0 255
    0 0 0 179 255 0 0 0 26 255 255 255 0 0 0 255 255 215 0 0 0 0 255 255
    0 0 255 0 8 0 69 255 255 157 0 0 0 43 53 0 69 60 255 255 0 255 0 23
    0 255 255 255 255 0 255 255 255 255 255 0 38 0 0 255 0 0 0 255 255
    255 255 255 255 0 0 0 255 255 0 211 255 162 0 95 62 0 255 255 255 0
    229 0 255 0 255 0 255 255 255 255 207 253 0 255 0 255 119 98 0 0 255
    16 233 255 207 255 255 255 0 176 46 95 0 255 255 255 0 0 204 0 255
    255 0 0 0 255 255 0 255 0 255 0 255 0 255 255 255 0 214 255 255 0 26
    238 255 0 22 255 0 0 117 255 0 255 0 166 255 0 255 0 50 0 255 255
    255 137 0 162 255 255 234 255 255 255 78 28 0 0 177 255 0 209 106
    255 0 0 255 0 235 0 255 7 255 0 255 255 255 255 0 0 0 255 200 255
    255 0 0 0 255 255 136 40 0 215 255 255 0 83 123 255 0 0 255 255 122
    252 64 130 14 0 255 0 255 0 255 255 139 255 0 255 255 0 247 0 250 0
    255 0 255 0 0 0 191 255 255 255 255 51 0 255 255 0 255 0 255 0 0 255
    77 0 255 0 0 255 255 0 255 255 255 0 255 255 182 46 0 255 255 0 0 0
    255 255 22 254 0 0 255 255 0 0 0 255 0 255 255 104 0 0 255 0 255 0
    255 0 57 0 0 255 0 255 255 255 255 0 101 255 255 17 0 0 0 255 255
    255 255 255 0 107 255 0 255 231 0 0 255 115 255 255 0 0 0 255 211
    255 0 255 255 0 255 0 255 0 255 99 33 0 255 255 0 46 255 0 105 255 0
    226 0 255 255 255 0 0 255 0 255 255 255 222 255 255 0 0 255 255 0 0
    0 0 255 0 0 0 0 255 255 0 0 0 255 0 255 255 255 0 255 255 0 0 191 25
    68 255 255 140 14 0 255 255 255 0 0 118 125 0 255 255 255 0 201 255
    255 0 212 0 0 255 255 0 224 0 0 0 198 0 0 255 255 0 255 255 250 0
    255 255 0 255 45 0 0 0 102 179 255 206 0 52 255 0 0 255 0 255 255
    255 255 42 0 255 232 255 0 255 0 48 0 111 0 0 255 255 255 0 0 0 255
    255 255 0 74 255 255 0 0 0 255 255 255 24 0 255 255 0 255 212 0 255
    0 201 0 255 255 200 0 172 255 0 253 0 213 0 255 255 13 255 0 0 174
    255 255 0 255 255 255 255 15 102 0 255 255 255 0 0 72 255 255 204
    255 0 231 255 255 194 0 0 0 255 0 0 239 0 0 255 231 0 218 255 107
    255 255 0 12 255 255 255 171 12 0 87 0 255 79 118 0 255 207 255 0
    255 116 0 36 255 186 0 205 0 0 0 255 255 29 0 255 255 0 0 0 0 255 0
    255 255 255 0 0 255 255 255 0 0 255 255 255 255 0 99 0 255 86 0 0 0
    182 0 255 255 255 255 221 0 255 61 51 113 0 255 0 255 0 255 0 197 0
    255 57 255 246 0 35 40 0 255 131 255 0 0 0 255 0 0 0 255 255 255 164
    63 0 0 0 255 255 223 0 255 250 229 0 0 255 0 255 255 255 0 0 255 255
    255 255 0 255 255 255 0 255 0 0 0 255 255 255 255 65 0 255 0 3 0 0
    29 0 255 0 255 255 255 255 0 0 255 255 255 123 0 0 255 255 175 255
    255 255 0 32 0 255 0 255 0 138 83 255 255 255 182 0 255 255 255 255
    255 0 0 152 255 255 173 101 253 0 89 18 0 255 255 37 0 32 0 201 255
    255 0 231 0 0 164 0 255 104 255 86 255 140 255 255 0 0 0 255 255 255
    0 0 83 255 255 0 255 0 0 182 0 255 81 118 0 0 255 255 86 78 39 255
    255 255 0 0 255 255 214 144 255 255 255 0 0 150 0 255 255 168 57 69
    0 0 243 255 222 0 0 0 255 0 255 0 255 0 0 255 255 62 255 0 78 255
    255 0 255 255 0 0 0 114 255 0 239 0 255 201 255 0 6 139 208 242 0 0
    255 37 0 0 0 30 0 255 23 255 255 27 255 0 0 167 255 217 0 0 255 0
    147 0 0 0 0 140 0 0 0 255 255 0 255 0 255 136 255 0 26 0 32 193 255
    255 255 255 0 0 0 0 255 0 255 157 255 0 0 0 0 43 255 11 0 0 255 255
    255 144 120 0 0 255 146 0 0 255 0 255 255 255 0 134 255 219 255 255
    255 11 0 0 255 0 0 0 0 82 255 0 255 0 0 0 255 245 116 92 255 35 170
    63 255 0 255 0 255 122 178 0 7 0 255 0 0 91 255 255 0 0 0 255 255 0
    0 0 255 19 255 0 219 69 72 255 84 255 0 0 183 255 255 0 0 0 0 255
    255 0 255 255 255 0 0 255 252 0 0 0 255 255 255 0 255 72 255 174 0
    255 0 255 181 242 146 255 255 255 255 255 135 227 0 255 0 0 0 0 0
    255 0 0 255 0 0 160 99 255 0 0 255 255 212 255 81 253 0 0 0 0 0 0
    255 15 255 0 0 255 0 0 0 255 0 255 0 255 0 255 0 255 255 106 0 49 0
    0 255 0 0 0 0 0 0 255 255 255 0 0 9 255 255 255 15 255 0 0 79 0 0 0
    255 255 255 255 0 233 0 0 143 0 255 136 0 0 122 255 255 0 0 255 0
    255 0 144 0 255 0 0 0 255 247 0 0 0 255 212 0 255 241 0 255 255 255
    197 138 255 255 0 81 0 255 0 0 255 0 0 255 255 0 255 0 255 0 255 0 0
    255 255 255 0 0 255 0 17 0 255 0 255 0 255 0 255 0 255 0 121 255 255
    0 0 255 0 255 0 255 255 255 255 0 0 255 29 255 0 108 0 255 255 0 0 0
    255 194 0 0 0 255 255 255 45 0 0 255 0 0 53 0 255 255 255 255 0 255
    255 0 255 12 255 74 90 0 0 255 0 0 255 0 255 0 255 255 0 255 22 255
    0 255 0 255 0 255 255 0 200 0 255 255 255 255 220 0 162 158 255 0
    221 0 0 0 255 255 8 148 0 149 67 0 0 255 0 0 255 255 240 0 255 0 217
    0 255 92 255 0 255 0 255 255 50 255 255 255 0 0 255 0 225 0 255 255
    0 255 215 255 95 0 18 255 255 0 0 255 0 255 255 255 55 0 12 255 255
    0 255 255 255 0 0 255 255 0 90 197 255 237 78 0 209 0 255 0 255 0
    165 0 255 0 0 0 255 255 255 0 255 255 0 0 0 99 255 0 255 255 0 255 0
    0 0 1 0 0 255 0 255 255 255 0 0 0 0 0 255 0 255 255 0 0 116 255 255
    0 0 255 255 255 192 255 255 225 213 200 255 0 0 0 255 72 255 255 0 0
    0 52 255 255 255 0 255 255 255 255 0 72 0 0 255 255 255 0 133 0 0
    119 255 178 255 255 0 0 0 255 255 0 0 0 255 0 0 0 255 255 0 0 255
    128 255 0 0 0 255 255 59 255 76 0 0 255 255 49 255 17 88 255 0 121 0
    0 0 0 255 102 255 185 255 0 255 142 0 255 0 255 255 0 0 0 255 62 255
    255 255 0 0 0 255 255 255 255 153 253 255 0 255 0 0 0 255 54 56 255
    0 255 0 255 0 102 47 255 255 196 0 0 0 255 167 255 0 255 0 80 0 255
    0 255 255 0 0 0 255 0 255 0 255 255 0 255 0 114 255 53 10 255 151
    255 0 255 0 255 255 255 255 255 0 0 255 255 0 255 255 19 255 143 0 0
    0 0 43 255 255 255 255 0 0 0 255 0 255 0 255 255 0 0 0 0 255 195 255
    255 226 255 0 255 0 64 73 255 0 0 0 0 255 0 213 178 255 255 255 255
    0 255 0 255 208 255 0 255 132 45 0 255 255 255 0 255 88 79 0 0 255 0
    0 255 255 210 0 195 0 255 0 255 0 255 0 0 0 255 35 0 0 111 255 255
    255 197 0 0 0 255 0 0 219 0 255 255 0 0 0 0 255 255 0 0 0 0 255 255
    255 0 0 59 255 92 104 0 255 255 255 0 0 0 0 0 112 255 69 0 255 255 0
    0 126 255 40 252 255 255 255 255 0 0 205 0 12 255 255 255 0 0 0 255
    138 255 207 0 255 255 243 0 0 0 255 255 255 8 164 0 255 0 255 255
    255 255 0 0 0 133 0 0 0 255 0 142 0 255 0 255 0 255 0 0 147 255 255
    111 0 255 218 0 0 0 255 0 255 0 0 255 122 0 255 255 255 255 241 0 0
    0 255 255 88 255 0 121 0 255 0 255 0 0 0 255 255 165 0 255 0 255 255
    184 0 255 137 0 0 255 0 255 0 255 255 0 234 0 255 255 0 0 255 255
    145 0 255 255 255 255 136 0 0 200 255 0 255 0 255 0 255 90 0 255 255
    0 0 255 255 255 0 0 0 0 255 0 0 0 0 255 255 0 0 0 0 0 255 255 255
    179 255 0 0 0 0 0 255 239 141 255 0 255 0 39 0 0 0 255 255 255 0 255
    255 255 255 0 0 255 255 255 255 142 0 0 255 255 0 255 0 120 214 0
    142 0 165 170 140 255 133 255 0 255 0 255 0 255 255 255 254 0 121 0
    255 0 0 255 255 255 88 255 0 0 0 0 0 0 0 173 184 255 255 255 50 0
    255 255 184 40 255 0 0 255 0 124 0 255 0 47 180 0 255 167 134 207 0
    255 0 0 0 0 255 255 255 0 86 0 0 209 196 255 255 0 0 255 104 0 0 255
    141 255 0 255 0 0 0 255 48 255 154 255 255 0 255 255 113 0 0 255 235
    0 255 255 0 0 0 0 0 0 0 0 255 0 0 0 0 0 0 255 255 255 0 255 0 255 0
    255 255 255 255 0 0 255 0 255 0 255 111 0 255 0 236 0 255 255 255
    255 255 0 255 0 255 255 255 23 255 255 0 0 228 34 0 237 255 17 0 150
    219 255 0 255 92 255 255 255 0 255 0 230 0 255 255 101 0 95 0 255
    255 255 26 255 87 0 91 255 255 255 255 255 0 0 0 255 255 255 255 0 0
    255 183 0 255 0 255 0 255 231 255 0 0 255 187 0 0 155 255 102 161 0
    208 255 0 255 255 255 215 255 6 0 71 0 255 255 255 0 0 0 255 255 255
    0 0 0 255 255 255 0 50 170 46 0 0 255 255 255 0 0 212 255 0 197 0 0
    255 255 0 0 0 212 249 0 255 255 255 0 0 0 255 255 0 0 0 52 255 255
    59 255 255 255 255 0 255 0 9 131 255 141 255 0 0 0 0 0 255 0 255 0
    255 255 234 113 0 0 0 255 255 255 146 185 255 0 0 0 255 255 255 255
    0 0 255 255 0 117 255 255 255 0 70 0 0 255 0 0 0 255 255 0 104 0 255
    0 255 103 255 255 0 0 255 0 0 0 129 255 0 130 7 0 0 193 129 177 0 96
    0 255 0 255 0 104 172 255 255 0 42 255 0 0 0 255 0 107 255 255 0 255
    0 255 0 217 255 0 255 0 0 0 0 231 255 41 255 0 255 99 83 0 134 0 0
    255 0 255 0 0 255 0 255 0 0 255 0 255 0 255 0 255 0 255 255 255 0
    255 0 106 255 0 255 20 0 0 255 255 0 0 255 255 255 0 14 0 0 0 255
    255 158 0 169 0 255 84 0 0 73 255 255 255 171 255 124 0 29 0 60 0 0
    0 0 0 255 164 214 103 0 255 0 255 255 255 0 0 235 255 62 255 0 0 0
    255 0 255 0 0 0 194 255 0 8 0 0 255 0 0 0 255 255 255 255 255 38 0
    255 255 255 255 255 63 234 4 212 0 255 55 0 166 255 255 146 0 126 57
    0 31 0 0 0 136 255 255 0 0 0 255 0 255 0 255 0 255 0 0 255 213 255
    255 255 255 0 0 0 255 37 255 0 255 255 0 0 0 255 0 97 19 255 0 255
    255 229 0 0 255 255 255 0 255 255 91 255 255 0 0 255 255 255 12 140
    0 0 116 0 255 182 255 0 0 251 0 0 0 213 255 255 0 64 255 0 0 0 0 255
    186 255 255 0 255 193 255 0 255 40 0 0 255 255 255 0 255 255 0 255 0
    0 0 255 0 194 0 0 255 0 0 252 255 0 255 255 255 255 177 0 0 106 173
    173 0 255 14 255 255 0 109 255 255 255 0 31 204 255 7 255 136 228
    255 255 0 64 0 0 0 0 255 56 255 171 220 255 107 0 0 0 255 42 189 0
    226 66 255 255 226 0 0 75 2 255 0 0 255 0 0 1 0 100 0 255 255 255 0
    0 0 113 0 0 0 255 255 255 0 0 109 255 255 0 0 136 255 255 255 0 0 0
    255 255 255 255 255 255 0 0 0 0 255 26 255 0 255 255 255 0 0 255 255
    0 0 126 255 255 0 0 94 255 0 52 206 255 255 0 0 57 255 132 55 0 0
    255 0 255 0 0 255 255 255 0 0 0 255 255 0 255 0 208 255 0 0 0 255 0
    0 191 0 255 0 255 1 136 255 128 255 255 202 255 0 156 3 255 0 0 0
    255 0 255 255 0 0 255 255 87 136 0 0 255 255 168 255 0 255 255 255
    255 0 0 0 255 0 234 0 255 0 0 0 0 0 0 255 255 245 255 0 255 255 0
    255 174 117 0 255 48 0 81 0 0 0 0 255 0 255 255 255 0 0 255 255 42
    218 0 54 255 0 0 3 255 255 0 0 0 0 191 255 255 196 111 0 0 0 0 255
    255 0 255 0 255 255 255 123 0 0 173 6 255 28 111 0 0 255 131 255 255
    255 103 0 255 255 240 141 193 255 255 0 0 255 255 0 0 255 255 0 0
    255 125 255 255 0 1 0 0 233 215 255 255 190 255 255 0 255 0 255 0
    255 0 255 0 255 177 0 0 66 255 84 0 255 142 255 255 0 255 0 225 71 0
    255 255 0 0 255 255 255 0 255 255 0 0 0 0 255 255 0 255 0 138 255 0
    255 255 255 0 178 0 0 0 0 0 255 0 255 52 123 0 0 0 255 0 255 0 255
    91 255 0 255 0 255 5 0 255 0 0 255 0 0 0 0 0 211 255 0 255 255 0 255
    129 92 0 255 255 255 0 255 255 235 0 115 255 255 255 255 172 0 255
    14 255 0 46 163 255 255 0 0 255 0 0 89 194 251 0 0 255 255 255 0 0
    255 0 244 241 255 135 255 109 0 0 255 255 255 105 0 255 0 0 0 224 0
    0 0 0 170 255 255 255 233 255 0 0 120 2 255 255 0 255 0 0 0 45 255 0
    74 81 255 0 255 0 255 104 255 0 255 0 255 255 255 255 0 255 79 255 0
    220 255 255 127 0 231 255 0 198 0 255 0 0 0 255 255 255 0 0 0 0 255
    0 255 0 0 255 122 255 0 255 4 0 87 255 255 255 0 0 0 255 255 255 255
    255 96 108 0 134 255 255 0 255 255 255 0 0 255 142 0 255 255 0 255 0
    255 29 255 0 255 0 238 255 0 0 0 183 0 0 0 0 255 255 255 0 57 255
    255 255 0 255 0 0 0 255 255 0 0 0 0 0 255 0 5 1 255 67 0 255 255 0
    201 255 255 255 255 0 0 255 3 201 0 0 0 0 255 0 0 255 0 255 0 198 0
    0 255 255 255 0 0 0 255 33 255 253 0 255 0 5 0 255 255 181 0 255 255
    69 0 0 0 0 255 0 0 0 255 0 0 0 255 206 0 0 178 255 255 57 0 0 255
    255 255 0 255 240 255 255 0 204 216 255 142 205 0 0 129 0 255 255
    255 255 0 0 255 184 125 206 95 255 0 255 255 255 205 0 244 255 0 0 0
    32 255 0 255 0 0 0 0 255 255 15 255 0 208 255 18 131 255 255 206 0 0
    0 255 7 255 0 255 0 255 0 255 0 255 0 255 0 0 47 255 255 0 0 0 0 0
    255 0 255 255 152 32 255 0 74 255 255 0 255 164 0 0 0 255 255 165 0
    255 255 255 0 0 0 234 0 69 52 51 0 255 0 255 255 0 0 255 255 255 255
    87 255 146 170 0 129 0 255 81 48 0 0 255 255 255 0 0 0 0 0 255 0 255
    0 255 61 255 188 255 0 0 0 255 0 0 231 20 255 0 0 162 0 255 0 255 0
    255 255 0 255 0 0 0 255 0 44 108 0 0 1 0 255 255 201 0 155 255 255 0
    255 251 0 0 255 207 255 255 214 0 255 255 255 0 0 255 255 255 255 0
    0 255 255 0 0 0 255 255 0 0 0 255 255 255 211 0 255 0 255 255 130
    255 43 255 0 0 0 95 255 255 0 0 222 0 255 0 255 241 255 0 255 255
    210 0 255 81 0 255 141 255 255 0 255 160 52 0 0 255 0 255 226 0 0 0
    255 59 255 0 40 200 0 255 255 255 255 255 251 255 0 53 195 0 0 0 0
    98 255 0 255 34 0 255 0 255 0 255 0 255 0 0 0 189 255 193 255 0 255
    255 255 0 255 0 255 0 0 0 141 0 51 0 255 65 0 0 0 0 0 255 255 189 0
    58 255 255 160 0 0 0 255 255 245 0 0 255 255 255 129 0 255 0 0 32
    255 255 124 0 0 0 255 255 56 0 0 0 255 255 0 0 255 229 255 0 255 0
    255 0 255 0 0 255 0 255 0 255 255 0 0 0 255 0 255 250 255 94 0 0 0
    30 11 0 255 0 255 0 0 0 255 22 255 68 12 196 0 165 0 255 0 255 0 0
    255 255 255 0 206 80 255 0 255 177 255 0 0 0 255 243 255 0 255 0 238
    0 255 0 255 255 255 255 255 255 255 0 0 255 255 3 255 0 158 255 97 0
    0 255 0 148 255 8 0 0 0 255 255 255 0 255 255 0 255 0 61 142 250 255
    0 255 0 0 255 0 0 189 0 255 0 255 255 255 0 0 0 255 255 0 255 0 255
    255 0 50 0 87 131 255 255 0 0 0 0 255 255 56 255 0 0 255 255 255 255
    37 10 48 255 0 255 255 255 0 55 80 223 255 255 255 0 163 255 255 255
    255 0 0 250 255 0 0 0 255 255 0 255 0 0 165 255 0 0 255 255 255 95 0
    218 0 0 255 0 255 255 0 0 0 255 0 255 255 255 0 255 255 0 0 0 255 0
    255 0 255 113 255 0 0 117 0 255 0 0 255 255 255 0 0 255 0 0 0 255 72
    255 0 226 0 255 18 255 255 109 255 0 0 0 255 255 0 255 0 0 0 120 23
    255 255 0 255 0 0 0 255 255 0 255 255 255 0 86 0 0 149 0 255 0 0 0
    255 0 0 255 255 0 0 255 0 255 0 66 0 255 255 255 255 255 0 0 34 0 0
    0 255 255 0 0 0 0 255 141 255 255 141 255 39 0 0 0 255 255 255 248 0
    255 255 255 0 255 0 255 255 255 0 0 165 0 255 255 178 0 0 0 255 255
    255 0 0 0 255 255 255 255 255 236 0 0 0 13 255 255 255 178 0 0 0 255
    3 0 0 184 255 0 0 255 255 0 119 255 255 255 80 230 255 255 49 0 229
    164 255 255 255 0 0 6 75 255 0 255 0 255 47 0 255 255 255 255 0 0 0
    255 255 0 255 255 0 0 0 34 0 0 0 255 255 0 2 255 255 237 0 134 255
    255 0 0 0 255 0 0 0 255 203 255 255 0 255 255 255 0 0 255 255 255
    255 0 255 0 255 0 0 255 21 230 0 0 255 0 255 255 0 0 129 0 0 255 255
    0 0 0 255 255 255 255 255 0 0 0 101 255 0 255 0 255 0 0 0 255 255
    255 202 255 199 0 0 0 255 255 255 0 0 183 255 0 255 255 0 255 102
    255 255 0 0 5 230 228 0 255 255 255 255 228 0 0 138 0 78 22 0 0 0
    255 0 255 255 0 255 54 255 0 255 0 255 0 167 246 255 0 0 0 255 0 0
    180 150 130 0 152 255 255 0 0 145 255 255 0 0 111 255 0 24 255 249
    255 255 255 0 85 255 232 255 129 255 255 29 0 0 0 0 255 255 0 0 0 0
    255 0 207 44 0 255 162 255 230 0 255 255 255 0 0 255 0 255 0 255 248
    255 186 255 148 238 255 0 0 255 255 255 255 255 0 0 255 22 255 0 0 0
    255 43 201 0 255 255 255 0 255 47 255 0 143 124 0 255 67 255 0 255 0
    255 255 255 0 146 255 0 255 0 255 0 123 0 0 255 255 255 242 229 0
    255 255 255 0 255 0 0 0 0 255 255 255 0 255 255 235 0 255 164 78 231
    255 255 67 0 90 0 255 226 0 0 255 255 255 255 119 0 0 255 0 0 231
    255 59 0 255 255 255 122 0 0 255 255 255 0 0 0 255 195 193 0 255 0
    255 0 0 0 164 255 0 65 0 255 0 0 255 0 255 0 255 0 0 255 255 255 0
    203 0 255 255 255 255 255 0 255 38 38 0 255 0 255 255 255 0 255 0
    255 40 255 255 255 200 255 255 126 255 0 165 0 82 0 169 0 0 194 126
    255 228 0 215 222 255 14 255 117 0 143 255 255 0 255 50 0 255 255 21
    0 0 31 255 255 0 0 212 255 255 0 169 0 255 255 0 255 0 231 150 255
    255 248 0 0 76 179 255 255 0 255 0 180 228 58 255 135 0 185 54 255
    255 0 227 255 255 0 0 0 0 108 153 234 255 255 255 0 255 0 255 0 255
    0 157 0 0 255 0 197 0 255 255 255 255 0 168 255 255 255 0 0 0 0 255
    255 0 0 0 255 255 41 71 0 197 0 255 255 11 217 0 255 255 152 0 255 0
    1 255 255 192 255 0 255 52 255 0 255 255 255 0 0 0 0 255 255 0 0 0 0
    255 255 255 255 254 0 0 0 255 255 0 0 0 209 255 0 0 255 0 255 0 255
    255 150 0 255 0 255 255 255 0 0 0 255 0 255 0 0 105 0 255 255 0 0
    255 0 157 255 255 0 0 0 255 255 0 255 217 255 0 0 236 255 18 0 0 0 0
    255 255 0 137 236 255 255 255 255 236 0 0 0 0 255 255 255 179 0 255
    49 0 0 58 255 87 255 0 43 161 139 134 0 0 255 210 255 0 0 0 255 255
    0 0 255 255 37 0 255 255 255 0 0 255 0 255 255 255 0 0 0 255 255 23
    0 0 255 178 255 0 0 0 255 122 255 255 0 0 0 255 252 255 0 255 0 0 0
    255 255 255 0 255 62 255 0 28 0 255 0 255 0 180 255 0 16 0 0 255 0
    255 255 255 255 0 255 255 255 0 0 0 255 255 0 0 255 255 80 232 190 0
    148 255 255 127 0 0 255 0 255 0 255 0 0 255 79 255 0 1 255 203 0 255
    202 0 255 255 91 255 255 255 0 0 0 255 0 0 0 96 255 255 0 0 0 255
    255 51 0 101 255 0 0 255 0 0 0 255 255 255 0 0 77 255 255 0 0 186
    146 0 255 0 255 0 109 0 255 255 255 0 255 133 85 41 15 255 255 0 255
    255 255 0 0 0 0 255 37 255 255 0 0 0 0 255 255 255 63 0 0 255 0 255
    255 0 127 0 255 0 255 255 255 255 0 255 0 0 0 0 39 0 57 0 255 95 255
    255 255 173 0 196 255 78 255 38 0 255 255 0 255 255 74 255 246 0 0
    255 255 0 255 0 255 0 0 255 255 255 0 194 0 255 0 255 255 255 255
    207 150 0 0 255 255 255 255 60 0 0 255 255 255 0 143 0 255 0 0 0 255
    255 101 0 0 255 255 69 0 255 255 255 0 218 4 255 0 255 255 255 215 0
    196 255 0 0 0 255 117 0 0 255 255 108 0 255 0 171 0 255 0 255 0 0
    255 29 43 255 0 255 0 255 0 0 255 0 255 255 255 210 255 124 255 0 22
    0 240 0 51 168 202 0 255 0 129 155 0 0 255 255 176 255 0 0 0 255 255
    0 255 0 0 255 255 0 0 255 0 255 255 255 0 0 255 0 255 34 0 255 255 0
    255 190 0 255 3 0 0 255 255 0 255 0 255 0 255 0 0 255 255 0 208 36 0
    187 0 255 255 0 0 0 255 255 255 0 0 0 255 0 255 184 0 0 2 0 0 255
    255 0 255 255 255 255 0 0 105 255 255 255 84 0 255 0 1 0 49 255 255
    255 255 0 0 0 255 255 0 99 0 255 255 0 180 0 255 255 0 0 240 255 255
    0 93 0 255 91 255 0 0 0 255 0 255 200 0 0 0 0 0 107 255 0 255 0 255
    255 255 9 95 255 0 0 0 255 255 246 0 0 255 255 255 0 0 0 255 0 255
    255 18 67 0 255 255 0 0 0 255 0 255 255 255 0 61 255 0 255 0 255 255
    255 0 0 0 255 255 255 8 227 0 0 255 255 0 0 0 97 255 255 255 255 255
    255 39 57 0 0 255 255 255 255 0 255 0 0 211 0 162 0 0 18 255 13 255
    0 255 0 121 26 219 0 0 0 255 255 0 0 0 255 107 24 12 255 255 65 0
    244 255 255 0 198 0 0 255 255 255 122 0 80 176 255 19 247 255 255 0
    0 0 51 0 255 93 0 0 255 0 255 0 255 255 0 255 0 255 0 255 255 255 0
    255 0 255 0 0 0 255 118 0 0 135 255 0 38 255 255 3 128 0 0 255 255
    255 255 255 0 0 0 255 255 0 255 255 255 0 0 255 255 255 0 174 0 255
    183 255 0 0 0 0 125 255 255 255 89 255 0 35 0 255 255 255 255 119 0
    255 255 255 255 0 0 0 255 255 0 0 0 255 123 255 0 135 255 53 255 0
    255 139 255 207 0 0 0 0 255 255 255 255 0 169 107 0 0 0 0 255 200
    255 0 0 255 255 255 0 0 31 255 255 0 0 89 255 116 0 255 0 255 255
    255 0 239 0 0 255 0 255 255 255 0 0 0 255 255 216 0 255 0 255 0 255
    0 177 0 123 255 255 0 120 0 0 0 127 0 255 255 249 0 0 255 255 231 0
    255 0 211 255 255 255 52 0 255 255 255 0 255 0 255 0 255 0 255 255
    29 26 0 0 0 0 255 255 0 0 255 255 255 238 255 255 251 0 223 147 255
    0 0 0 0 77 255 255 255 0 255 0 255 255 255 0 0 0 255 255 255 255 0 0
    255 0 255 255 117 0 78 255 0 255 0 255 255 0 0 255 255 78 255 0 255
    68 255 255 0 0 78 255 255 3 0 255 0 255 0 255 255 255 0 165 206 255
    0 255 255 0 0 0 255 172 255 255 255 101 148 255 0 255 0 0 255 0 9
    255 0 255 0 255 0 0 0 146 255 255 167 140 179 0 255 0 255 0 0 0 255
    255 255 255 0 0 25 255 255 255 255 255 0 0 0 0 0 22 255 255 0 255
    255 72 159 0 100 255 255 255 0 0 158 255 255 0 255 0 255 255 255 0 9
    0 0 255 255 255 0 255 0 255 66 255 40 255 0 0 50 0 255 255 255 0 0 0
    255 152 255 0 255 255 0 152 255 255 221 121 255 0 0 0 255 0 255 255
    255 0 0 0 255 255 0 255 0 0 0 255 255 255 21 255 255 119 0 148 255
    78 226 0 255 255 0 0 191 0 0 0 255 255 0 255 0 0 0 26 255 255 255 0
    0 0 0 255 255 0 255 163 255 0 4 255 82 255 0 0 255 255 0 255 255 0 0
    255 255 255 0 80 255 255 255 0 255 255 0 236 255 189 0 255 0 0 0 255
    255 119 255 0 0 255 255 0 15 255 255 255 255 255 0 0 255 255 255 0
    255 137 0 0 255 255 0 109 255 0 255 191 255 0 0 255 135 255 202 255
    0 0 0 47 0 0 255 255 0 0 0 0 255 255 84 0 255 255 0 0 208 255 255 0
    255 25 255 0 255 143 227 0 255 255 0 54 0 255 0 64 0 42 255 255 0
    255 99 255 0 0 98 0 0 0 255 255 146 0 0 255 162 255 0 255 255 255
    215 248 255 255 0 203 255 0 0 0 84 255 0 84 0 255 0 255 0 255 0 0
    221 255 255 0 0 0 255 255 18 255 0 255 125 0 85 255 255 69 0 212 0 0
    255 0 118 0 70 0 255 255 255 0 0 255 255 70 255 0 255 159 255 255 0
    159 14 255 0 78 255 255 255 0 255 86 25 0 0 238 255 0 0 188 87 255 0
    255 255 255 0 255 0 255 255 30 0 0 255 255 0 0 255 0 236 255 25 255
    0 0 0 255 217 79 0 255 0 255 0 255 0 255 0 34 80 255 255 0 0 0 255 0
    0 0 49 255 255 255 0 183 0 255 255 255 0 0 75 255 235 255 0 255 0
    151 0 255 0 255 255 255 0 242 248 255 0 255 0 255 151 0 255 233 255
    113 0 255 0 255 0 70 0 244 255 0 140 198 255 255 255 0 0 169 0 0 255
    255 255 30 0 0 255 0 53 0 255 0 20 255 93 0 255 180 255 0 255 255
    185 255 0 0 0 0 144 255 255 32 205 142 255 187 0 0 255 0 192 0 72 0
    0 131 255 227 255 0 0 226 241 0 0 0 255 255 0 255 0 255 0 0 255 255
    214 255 255 27 0 0 255 255 164 143 210 238 255 0 0 0 255 0 137 255 0
    56 255 241 255 0 255 255 255 54 0 83 255 255 0 0 0 255 0 255 20 0 0
    0 255 145 46 0 0 25 0 255 39 0 255 0 255 0 199 131 255 24 255 0 255
    25 255 255 255 0 255 255 0 0 0 255 0 255 0 255 169 0 255 0 255 0 237
    255 0 0 0 255 0 255 0 255 0 0 255 255 123 151 121 0 255 255 255 255
    255 0 0 255 255 255 0 255 0 255 0 255 0 141 0 0 0 255 255 0 167 124
    0 0 0 0 255 255 255 255 0 0 255 205 255 115 0 0 0 0 0 255 255 0 0 0
    255 255 20 0 1 255 255 255 0 0 255 0 0 0 255 255 172 131 255 36 0 0
    88 255 255 255 131 0 255 17 13 255 255 0 0 255 0 255 106 0 0 0 40 0
    0 0 255 0 167 255 255 255 0 0 0 255 255 0 0 255 0 0 0 255 0 0 0 123
    97 34 0 111 255 185 0 0 0 255 63 255 0 255 135 214 255 0 192 0 59
    155 255 0 255 0 126 0 0 14 0 4 255 0 255 0 255 106 0 0 255 0 255 0
    255 255 228 0 0 255 0 0 111 255 192 0 255 255 0 0 0 255 255 0 0 0
    255 0 0 150 255 0 255 0 71 255 255 0 255 0 255 0 40 0 255 138 194
    200 0 18 0 255 255 255 255 25 0 255 255 255 0 0 0 255 0 0 5 107 255
    255 248 0 0 124 0 255 255 255 0 255 255 255 208 0 17 0 0 0 41 255 0
    0 116 0 44 207 255 255 0 0 87 255 255 0 0 255 255 0 255 0 255 255
    187 255 255 255 0 255 255 0 0 244 255 255 0 0 0 136 0 94 255 0 0 0 0
    0 0 227 163 52 0 0 0 255 255 255 72 0 255 0 0 0 0 255 255 255 0 255
    0 255 0 0 0 128 0 27 255 255 0 0 255 255 255 0 255 0 255 255 9 0 255
    0 123 68 254 255 0 0 255 255 0 251 0 248 0 255 0 0 11 255 255 0 66 0
    255 0 0 0 255 167 255 0 255 91 255 0 255 255 0 255 255 255 0 210 255
    255 255 0 255 0 255 240 255 148 0 104 255 255 0 0 114 255 255 0 34 0
    255 0 0 255 0 0 0 255 255 255 7 255 255 255 255 255 255 0 0 0 0 158
    255 255 0 0 0 0 0 0 255 255 160 136 0 0 0 0 25 0 255 0 255 255 0 255
    0 0 255 0 152 0 255 0 0 0 0 255 67 255 0 255 0 255 255 0 0 255 0 0 0
    255 255 255 151 0 0 0 255 0 28 255 255 0 192 255 255 138 0 0 151 0 0
    255 255 255 0 255 0 255 0 255 0 255 255 0 177 255 255 76 0 249 255
    255 0 86 0 255 124 0 12 0 0 255 0 255 0 255 78 166 0 29 20 255 0 0
    255 255 255 0 255 255 255 0 0 84 255 255 214 0 32 255 255 255 82 0 0
    255 255 184 0 255 0 0 255 0 0 255 255 142 0 255 0 0 255 255 255 0 0
    0 255 255 166 204 90 0 30 0 255 0 255 255 255 194 242 0 255 81 255
    142 0 255 0 255 0 255 255 107 0 0 255 255 162 0 255 29 9 0 159 0 22
    220 255 236 0 0 0 0 255 255 255 0 240 255 0 255 212 255 255 255 90
    212 0 255 0 255 0 255 0 255 136 164 187 255 119 255 255 255 38 0 255
    255 94 0 0 255 114 255 0 0 255 255 255 0 0 255 136 255 0 0 255 255 0
    208 153 255 0 0 0 5 0 255 0 255 0 255 216 152 233 255 255 255 0 246
    0 0 246 0 0 255 255 255 0 0 255 255 255 0 255 255 206 0 0 141 0 0
    255 255 255 0 0 255 255 255 255 0 0 0 220 255 255 150 0 0 186 187
    255 0 255 0 255 0 255 255 255 0 0 0 228 0 255 0 255 0 255 255 0 0 0
    255 255 255 0 0 255 255 0 0 0 255 0 255 255 255 255 0 0 0 241 255
    255 255 255 255 0 0 0 0 0 255 0 255 115 255 255 255 255 255 0 0 0
    255 255 255 56 0 255 255 74 0 0 79 255 255 0 0 255 0 255 0 255 0 242
    0 255 0 153 255 169 0 80 255 133 255 255 255 0 78 104 0 0 0 0 241
    255 255 255 255 255 172 54 0 0 230 0 0 255 255 255 0 81 255 255 235
    255 255 255 245 255 255 14 255 0 159 30 255 0 0 0 120 255 0 0 150
    255 119 183 255 0 255 79 255 0 0 255 234 142 0 0 0 255 126 255 113
    255 0 0 255 0 0 255 205 255 255 0 0 0 111 255 255 255 0 156 0 0 0
    255 0 228 255 255 0 0 0 0 19 197 131 71 0 255 0 255 255 255 255 255
    0 0 36 0 255 0 255 0 255 0 166 255 85 255 0 255 255 0 0 0 255 152 0
    0 60 255 255 255 0 171 255 255 209 0 0 0 0 255 255 255 255 0 0 82 0
    0 240 62 255 0 255 255 255 255 49 0 255 255 255 255 0 255 0 255 255
    255 0 255 0 255 0 255 255 255 255 0 0 255 255 255 0 255 0 255 109
    255 0 255 255 165 0 132 255 255 0 0 7 255 255 255 255 146 255 0 255
    149 208 250 255 252 0 0 255 0 255 245 0 255 83 0 0 135 255 0 0 255
    255 255 0 0 0 255 255 0 0 255 255 0 48 0 201 0 0 86 255 0 0 99 14
    255 0 255 0 0 0 38 156 255 0 255 8 104 255 255 255 0 255 0 255 0 255
    255 255 255 255 59 202 0 255 0 255 193 166 0 0 0 255 255 176 0 0 0
    255 0 255 0 57 0 0 105 0 255 255 255 0 255 0 255 0 152 0 0 255 129 0
    255 229 17 255 191 255 0 0 207 0 0 255 255 255 255 255 219 0 0 0 220
    255 255 0 255 255 0 0 255 0 255 0 196 0 255 255 255 0 0 0 255 255
    255 255 255 0 0 167 255 255 255 157 0 0 255 0 255 0 0 255 0 255 0 0
    255 255 255 255 86 24 114 8 255 0 0 255 255 255 251 255 0 0 205 160
    0 255 255 255 255 0 255 25 0 58 0 0 0 255 54 255 0 255 255 92 0 255
    1 255 0 0 255 0 255 0 0 0 0 255 193 0 255 255 255 0 194 255 255 255
    0 255 255 255 0 0 255 255 0 0 0 255 0 70 0 255 0 255 0 0 96 0 255
    255 0 0 0 113 255 0 255 0 0 255 255 156 0 0 0 77 99 255 224 255 0
    255 0 63 0 255 12 0 194 255 255 0 0 255 0 104 255 6 0 255 0 255 162
    105 49 0 192 0 255 0 86 0 255 241 0 0 0 255 0 0 0 255 255 255 0 255
    28 0 181 255 0 255 0 255 0 255 0 255 223 255 0 255 0 255 0 0 212 0
    138 148 230 28 215 0 0 0 58 205 255 0 0 255 255 255 0 143 0 0 255
    255 0 0 0 255 0 0 255 255 255 255 255 40 0 0 0 255 0 150 0 255 255
    255 117 175 255 255 255 0 0 0 255 211 255 255 0 255 0 58 0 255 0 128
    226 0 16 0 253 255 0 0 0 0 161 0 255 210 255 0 0 0 255 0 0 185 214
    255 166 255 255 255 255 0 255 0 155 255 0 255 0 255 255 0 0 255 0
    255 222 0 0 0 0 255 255 255 0 255 0 0 0 0 255 255 255 255 0 0 83 0 0
    255 56 255 0 255 255 0 0 255 0 255 255 255 0 255 255 255 0 0 255 0
    255 0 255 255 0 0 255 163 255 228 255 255 0 0 255 0 13 255 255 255 0
    231 255 0 0 174 0 117 0 255 0 14 255 0 255 172 255 0 255 0 124 0 0
    242 255 255 38 0 0 205 255 0 12 92 255 0 0 0 159 151 0 0 69 0 0 73
    255 41 0 255 255 0 0 255 44 0 29 0 0 0 0 255 0 255 0 155 0 255 0 168
    43 255 255 255 255 94 162 0 0 0 255 255 255 0 0 221 255 255 255 0 0
    255 0 0 91 104 255 0 0 255 0 0 255 255 255 0 124 255 0 0 255 255 255
    171 0 0 255 255 255 183 0 20 255 255 0 255 211 0 0 0 255 0 0 0 255
    255 255 0 255 11 35 0 0 255 255 255 0 255 181 0 0 255 255 0 0 0 255
    255 0 0 0 0 255 255 0 0 0 255 0 255 101 255 0 112 255 255 0 116 255
    255 0 0 81 255 255 0 255 0 176 255 255 237 0 255 0 255 0 255 0 218
    151 0 47 0 255 0 255 239 0 0 0 0 255 0 0 255 132 0 0 0 255 224 21
    233 0 0 201 255 255 0 0 255 255 255 0 0 0 154 255 23 0 0 255 255 0 0
    0 255 255 0 0 197 116 255 255 255 0 0 0 255 32 255 0 0 54 255 255
    160 0 255 24 0 0 0 255 0 0 131 255 255 255 255 0 255 0 245 243 255 0
    228 0 41 0 255 255 255 0 255 255 255 0 0 255 255 255 0 0 255 255 0 0
    144 255 160 0 0 65 255 255 255 255 0 0 211 255 0 255 255 254 172 0
    255 224 255 0 0 156 27 100 255 216 255 0 0 0 255 0 255 0 187 52 176
    0 73 0 255 0 0 255 0 255 0 0 0 255 255 255 0 0 0 109 0 0 56 255 255
    255 0 0 255 0 0 0 255 255 167 219 0 0 255 255 255 0 0 0 255 0 90 0
    150 0 255 255 0 255 0 3 0 0 0 106 255 0 255 255 255 0 255 0 255 255
    0 0 0 255 0 110 0 0 255 255 192 0 89 255 255 255 255 0 0 255 0 255 0
    135 255 255 0 255 255 0 0 0 0 20 52 255 255 86 255 104 0 0 255 255 0
    136 199 84 141 0 255 0 255 0 216 253 255 0 255 0 255 0 106 255 149 0
    0 0 255 0 33 255 255 45 0 255 253 255 0 255 0 255 0 255 209 0 80 255
    255 255 255 173 0 0 255 255 0 183 255 255 0 255 210 0 0 255 0 0 0
    255 0 91 0 120 255 59 114 255 255 248 0 27 5 159 0 255 197 255 0 81
    145 255 255 255 0 255 0 0 0 87 217 255 0 0 0 255 255 69 0 0 0 0 0 0
    255 0 0 255 0 255 0 127 149 0 0 0 255 255 128 255 0 255 8 0 140 255
    36 0 255 255 109 255 65 0 255 255 255 21 0 3 0 0 255 0 255 0 255 235
    255 0 0 0 0 0 255 0 255 0 63 0 0 255 255 0 255 101 172 0 255 0 202
    255 255 255 255 255 91 0 0 0 0 255 0 255 255 0 0 0 255 255 255 0 255
    255 55 209 255 126 255 255 255 0 0 0 0 255 255 255 255 144 0 0 0 0
    255 0 255 142 0 0 255 0 255 114 200 0 255 0 255 211 0 0 205 0 76 255
    255 255 0 146 161 255 0 0 255 122 255 0 255 0 148 0 255 0 151 0 255
    255 255 255 0 105 0 255 0 255 0 0 255 0 243 0 255 80 255 0 0 255 255
    0 37 0 255 0 255 0 151 255 0 0 20 0 0 255 255 0 255 204 0 0 255 0
    255 0 255 46 255 255 0 255 255 158 198 255 0 194 255 255 0 38 255 0
    0 0 161 69 255 0 255 0 255 255 0 0 0 255 255 96 255 0 255 137 255 0
    0 255 105 0 255 0 255 0 255 0 255 0 255 255 255 255 0 0 255 25 255 0
    0 161 0 0 58 255 184 0 0 0 255 255 0 255 0 223 255 171 0 0 0 0 141
    255 255 0 255 0 255 255 0 53 0 255 67 0 0 0 255 255 255 255 0 30 0
    255 255 255 0 255 255 255 0 0 203 255 255 0 0 0 255 255 255 255 255
    255 0 0 188 255 255 0 12 255 255 0 0 0 255 255 0 0 0 255 255 255 255
    0 255 73 255 0 255 255 255 6 0 0 255 255 255 0 0 0 0 0 0 0 255 118 0
    0 100 255 255 225 0 0 71 255 0 0 0 255 0 255 255 67 54 0 255 255 255
    255 0 255 0 249 76 0 242 7 255 0 104 0 0 255 255 0 0 0 0 2 0 255 255
    255 0 0 0 255 0 0 246 104 255 0 0 0 255 255 0 0 0 255 0 255 0 0 0
    255 255 130 0 255 0 255 0 14 255 255 0 0 0 255 0 0 255 255 162 0 255
    0 255 255 255 0 0 86 218 109 0 255 0 255 49 255 0 255 108 255 255 0
    0 76 0 207 194 0 0 255 255 238 41 0 255 0 0 0 60 0 255 0 0 0 255 0 0
    0 0 0 255 255 0 0 0 255 255 198 255 255 0 0 85 255 255 255 0 255 0
    255 0 0 0 0 255 255 247 0 255 179 255 0 255 167 0 255 255 0 255 0
    255 255 255 255 24 255 0 0 255 86 255 255 0 48 255 255 255 255 0 0
    255 255 255 0 255 79 255 255 0 255 0 0 255 0 0 0 255 255 195 255 0
    255 0 0 0 177 151 255 0 255 255 255 255 0 103 255 0 255 0 255 0 255
    255 255 255 255 0 255 0 255 255 255 20 0 255 28 0 0 0 255 17 0 255 0
    255 0 255 0 255 0 255 255 8 0 70 0 33 0 255 78 255 0 0 0 255 210 0
    255 0 35 255 255 255 255 255 0 155 184 0 0 255 255 0 223 255 0 187 0
    255 255 255 0 0 26 0 150 178 255 255 255 0 95 226 133 255 231 7 0
    255 255 207 252 212 0 0 0 255 0 255 31 255 0 192 0 0 0 255 255 255 0
    255 255 255 255 0 255 0 255 0 255 0 255 0 255 0 0 255 255 255 0 255
    0 255 0 255 0 255 0 0 0 224 255 255 255 255 0 255 246 255 0 255 209
    0 255 0 255 0 255 0 0 255 255 255 255 255 255 0 0 0 255 255 255 71
    255 0 151 61 255 0 0 0 255 53 9 0 0 100 0 255 255 255 0 0 0 255 0
    255 190 176 255 255 255 255 0 11 255 255 255 0 0 255 255 0 255 255 0
    0 0 0 255 255 0 0 0 0 255 255 255 255 0 255 0 255 255 255 0 209 0
    110 255 0 0 0 255 0 73 255 255 255 0 0 137 0 255 0 8 32 0 255 0 42
    255 255 255 129 0 0 0 255 255 255 255 236 0 0 0 0 69 255 255 255 255
    0 0 50 255 255 124 0 212 255 255 192 255 0 11 0 255 255 0 0 0 255
    255 255 70 0 0 0 194 255 0 0 255 255 0 255 143 0 255 0 255 209 255
    202 255 0 0 44 50 0 0 192 248 255 255 255 0 255 255 255 200 180 14 0
    0 78 255 255 255 0 255 123 255 255 10 0 255 194 0 0 255 255 255 255
    0 173 0 0 0 0 80 89 221 0 219 0 0 0 255 0 255 0 0 0 255 165 255 0
    255 0 0 0 255 0 0 255 255 255 255 154 255 0 255 0 255 0 0 30 255 0
    255 0 255 0 255 255 255 0 90 255 0 255 255 0 0 0 0 255 0 0 255 218
    255 8 195 255 0 255 0 75 0 228 255 255 255 17 255 0 255 181 255 255
    255 0 0 255 0 187 255 40 255 0 0 217 53 255 0 255 0 0 0 189 255 0 0
    255 0 0 255 255 255 255 0 57 0 0 255 80 0 0 255 255 0 255 240 0 0 0
    116 255 255 0 0 199 255 255 0 88 95 0 141 255 93 0 0 0 255 255 255
    255 0 0 0 0 21 0 255 255 255 69 0 255 255 255 0 0 255 0 202 255 255
    219 255 0 255 0 0 0 255 255 207 255 0 255 0 255 0 0 46 0 255 255 255
    0 32 255 255 106 0 0 104 0 0 255 255 255 8 255 255 0 255 0 255 255
    255 0 255 62 0 0 255 255 255 0 0 0 0 255 246 255 0 84 138 58 255 0 0
    0 255 0 0 255 255 0 255 255 255 0 255 0 0 0 255 255 255 255 0 72 0
    255 0 0 99 255 202 255 0 0 255 255 255 0 142 0 153 255 0 0 0 255 255
    226 255 255 238 57 255 255 137 0 0 0 255 126 255 255 255 154 0 70
    255 255 51 0 255 152 84 0 0 0 0 0 255 255 0 255 255 255 255 0 255 0
    209 0 255 255 0 0 0 136 255 255 255 0 0 0 254 255 255 0 46 255 0 255
    255 222 166 0 255 255 0 88 0 143 255 255 0 130 116 255 255 0 0 90
    255 255 255 255 255 0 159 0 255 255 49 0 0 0 0 44 255 255 235 0 0
    184 188 0 0 57 0 136 0 255 0 0 255 0 255 0 255 0 255 255 0 0 0 15 0
    0 255 80 233 0 51 255 204 0 0 0 255 0 255 114 151 0 162 0 0 0 255
    255 255 0 255 34 177 0 75 255 255 0 241 255 0 0 255 84 255 255 0 255
    69 0 255 249 64 141 0 255 29 0 38 59 84 0 0 0 144 255 255 0 255 127
    0 133 0 255 117 0 0 0 0 0 255 0 255 0 49 0 255 0 0 0 255 196 0 255
    29 0 153 8 255 0 255 0 22 0 199 0 0 255 255 26 0 59 255 0 255 0 153
    137 255 0 202 0 255 0 255 0 112 0 255 255 70 255 0 138 255 0 255 0
    255 0 255 0 255 0 255 152 255 0 255 255 255 0 63 133 255 73 0 0 255
    255 255 0 255 0 255 0 255 0 233 0 255 255 125 0 0 255 0 57 0 255 255
    255 0 5 255 255 0 60 255 255 80 0 0 255 0 255 0 255 255 197 0 0 255
    255 255 0 0 0 255 115 255 255 255 0 255 0 255 0 0 0 0 255 255 0 0 0
    255 255 255 50 0 255 46 195 0 120 0 255 0 0 148 250 255 0 0 255 0
    255 163 255 0 0 0 255 123 0 0 0 255 255 255 0 0 0 255 255 255 219
    134 200 0 255 0 255 0 106 255 0 58 12 255 0 255 0 0 0 62 158 0 255
    255 0 0 255 255 157 255 97 255 0 255 124 255 0 98 0 0 0 67 0 255 255
    0 136 255 255 0 0 0 9 255 0 255 209 255 235 0 255 0 10 255 0 0 0 255
    255 0 124 255 224 255 0 0 0 0 0 0 0 230 255 255 255 55 86 255 255 0
    106 255 0 19 0 254 255 255 140 0 0 255 0 255 255 71 255 0 255 0 255
    78 0 135 0 106 0 255 0 112 203 255 0 255 0 0 0 255 255 0 255 203 255
    255 0 255 255 255 0 0 255 0 0 0 0 130 255 255 229 255 0 59 143 255 0
    255 177 0 0 238 255 71 0 255 0 255 255 38 0 79 0 255 89 255 0 0 255
    255 0 225 255 159 255 255 255 0 255 0 0 25 0 208 154 255 0 0 0 200
    255 255 255 255 0 0 255 20 14 228 255 126 0 255 255 184 255 255 232
    0 234 255 255 0 255 0 0 0 94 255 147 255 0 106 0 255 0 22 0 255 162
    255 139 0 255 0 255 0 40 0 255 0 255 255 255 117 255 0 255 149 0 0
    222 163 0 0 0 255 0 255 255 255 0 0 0 255 255 255 0 0 255 255 0 0 0
    109 255 255 255 0 0 0 255 255 255 255 173 123 255 0 0 255 0 255 0
    255 255 0 10 0 0 72 255 255 0 255 176 255 0 0 255 0 255 255 255 255
    0 161 0 0 255 0 0 0 255 255 255 0 0 0 255 0 0 0 255 0 255 0 0 255
    255 0 55 0 0 254 0 0 255 255 255 0 0 0 35 0 255 0 179 0 255 0 255
    255 255 255 0 255 0 0 0 255 21 210 0 0 255 0 255 0 255 0 255 112 0
    255 255 255 0 0 255 255 255 0 0 0 255 255 255 255 255 255 255 255
    249 0 255 5 0 0 0 255 255 0 0 255 255 14 0 0 255 255 255 0 255 255 0
    152 50 255 0 0 255 0 227 255 255 255 0 255 0 255 0 64 0 183 137 255
    0 255 255 255 0 255 9 255 173 0 255 255 255 255 0 255 255 255 38 0
    138 154 241 255 255 182 0 255 255 0 2 61 0 0 133 255 255 0 229 255
    255 0 0 255 255 255 255 0 0 255 0 178 0 255 255 0 0 0 255 255 220 0
    30 0 148 255 255 44 0 255 255 40 0 0 0 0 0 255 220 255 255 242 255 0
    0 255 255 46 0 173 0 255 0 221 255 216 255 0 207 255 47 255 255 255
    0 0 0 0 255 0 98 0 172 255 255 255 0 255 106 0 0 0 255 255 32 254
    255 139 76 255 255 0 90 0 0 255 0 0 0 63 255 255 0 0 255 255 255 255
    0 128 0 0 0 255 255 255 0 0 255 16 255 255 255 205 255 0 0 0 140 255
    0 0 155 255 255 255 0 64 0 0 136 40 255 255 0 68 95 0 255 255 0 0 0
    0 255 0 255 0 0 0 255 255 255 0 0 244 255 255 255 89 0 0 255 0 255
    255 174 0 133 0 163 62 255 0 255 255 255 0 202 0 109 255 255 255 0
    255 0 255 0 255 48 255 0 56 33 255 0 255 0 118 0 0 0 91 0 0 0 0 0 0
    255 0 214 255 0 255 0 136 103 255 0 108 255 255 0 0 0 255 255 2 255
    255 216 127 138 0 255 255 255 0 255 255 0 0 255 255 157 103 255 153
    0 0 90 213 255 134 97 0 55 0 255 255 255 0 89 231 47 255 255 139 241
    0 255 255 255 255 255 255 21 0 99 0 255 0 255 0 0 255 186 255 0 0 0
    255 255 0 255 0 239 0 127 255 244 255 0 105 0 0 255 0 0 0 255 31 255
    0 159 0 0 255 0 255 0 235 0 0 255 255 255 0 0 209 255 0 255 0 117 0
    255 255 255 0 194 178 0 0 0 255 85 134 34 255 160 255 0 0 0 0 0 0 0
    193 255 105 255 0 0 128 255 215 0 77 255 62 255 0 0 114 255 255 0
    229 0 0 0 255 255 255 0 255 0 0 0 255 255 255 0 210 0 100 0 100 255
    255 255 0 255 0 238 0 0 118 255 207 0 3 214 255 255 255 0 255 0 255
    0 255 255 0 78 239 255 255 0 178 13 255 255 0 152 0 255 0 255 255 0
    0 63 226 103 255 255 0 0 0 64 150 75 0 20 125 255 255 0 0 0 255 168
    255 0 0 0 248 0 255 255 255 0 0 0 0 204 0 255 148 85 0 255 255 0 4
    211 0 207 0 69 255 0 100 0 255 255 0 83 255 139 0 255 255 255 255 0
    0 255 255 0 0 0 255 0 255 255 255 0 0 0 255 255 80 255 56 255 0 0
    255 0 0 0 36 0 255 255 0 255 255 255 151 255 255 255 0 0 255 255 222
    248 0 255 0 0 255 255 255 255 0 0 247 255 255 0 255 255 255 0 0 0 82
    255 255 255 82 0 0 108 0 255 99 255 0 0 0 244 0 255 255 255 32 255 0
    255 0 120 0 255 255 0 0 33 255 0 255 76 255 255 0 255 255 255 255
    173 0 0 255 255 255 0 255 255 0 0 0 255 255 60 255 239 0 184 0 0 255
    0 131 255 255 0 255 0 0 0 236 242 0 255 255 255 0 255 0 255 0 0 0
    255 255 255 0 0 255 255 111 0 0 255 0 255 255 0 0 0 255 0 255 0 255
    0 255 164 196 0 0 152 0 0 255 82 0 53 255 0 0 0 255 199 255 80 255
    118 0 255 0 255 0 255 255 0 255 255 0 0 255 1 0 0 255 255 192 0 253
    96 0 139 0 36 123 0 47 0 0 30 0 158 0 255 255 232 0 0 255 71 255 255
    255 0 181 0 255 0 0 238 0 255 233 72 0 0 255 255 255 21 60 129 81 0
    255 255 255 0 14 75 0 115 0 173 0 76 0 0 84 255 255 255 20 13 255
    255 0 255 0 255 255 0 200 255 41 255 0 0 255 255 34 255 0 208 0 0
    155 255 255 255 0 164 0 0 195 255 180 0 10 134 255 255 0 114 0 255 0
    31 0 255 255 0 0 255 255 0 0 55 0 255 255 18 55 0 0 255 255 255 255
    255 0 0 255 0 0 0 0 255 103 255 0 255 0 255 0 0 255 0 185 255 255 0
    0 0 255 93 0 255 255 255 231 0 255 255 255 0 0 3 255 255 255 0 255
    255 0 0 0 133 0 219 255 0 0 0 255 255 255 0 255 255 0 255 0 255 0 0
    0 0 255 184 0 0 0 255 0 194 255 255 255 255 93 0 0 150 0 255 255 33
    29 255 255 0 0 255 0 0 0 255 255 0 255 213 255 0 0 0 255 255 0 0 255
    255 162 255 0 255 0 255 255 255 242 255 56 255 0 255 255 0 255 0 255
    255 0 0 0 0 244 255 90 255 0 255 0 255 255 170 0 0 255 0 0 0 0 255 0
    255 255 255 0 255 0 211 255 255 71 0 0 0 255 0 255 0 160 255 0 255
    255 1 0 0 255 255 0 0 0 200 5 37 153 255 0 84 255 0 255 255 255 209
    255 255 106 0 255 36 137 0 0 255 255 0 0 189 0 0 255 0 254 12 255
    255 255 163 0 0 255 255 255 0 0 116 255 0 255 0 0 0 0 0 255 255 33
    255 255 0 147 255 255 0 0 0 255 255 255 255 0 0 255 255 0 0 0 45 255
    0 0 255 0 255 255 255 0 0 255 0 255 0 255 0 255 0 164 0 255 178 242
    0 70 155 255 255 0 156 255 0 0 58 192 255 0 0 255 255 255 133 0 255
    0 0 255 255 162 0 246 77 173 255 0 0 255 248 214 94 255 0 255 155
    100 0 10 255 0 255 0 255 0 255 255 195 0 0 0 255 255 0 15 0 255 0
    255 0 255 0 255 255 216 102 0 255 0 0 0 255 255 0 0 0 255 0 255 0 0
    121 181 0 255 201 0 255 255 50 0 255 237 0 0 255 255 255 0 255 3 255
    0 255 135 0 0 255 255 255 124 255 207 0 255 255 255 28 255 0 255 183
    0 0 198 0 0 0 0 92 191 255 255 255 255 255 0 255 0 0 0 0 255 0 58 0
    66 255 255 0 255 255 0 255 0 0 0 255 255 255 0 255 0 55 32 55 0 0
    255 255 255 243 255 0 0 0 0 255 0 0 0 255 255 255 187 0 0 0 0 0 255
    7 255 255 0 0 0 255 0 0 255 167 13 0 255 196 255 0 151 255 255 0 0
    172 199 0 255 0 255 200 45 97 0 212 255 0 255 196 0 0 255 52 255 0 0
    0 255 255 255 0 85 99 0 255 0 255 255 0 77 0 255 0 255 0 255 0 255
    255 0 213 255 0 0 255 193 255 210 0 0 255 116 0 0 255 255 0 180 37
    255 100 0 0 0 90 255 210 0 0 255 0 0 253 255 255 255 0 255 0 0 209
    255 126 0 118 0 255 255 255 0 0 255 255 251 0 0 255 0 255 170 227 35
    0 0 0 255 255 255 0 44 0 255 0 255 255 255 111 0 255 0 255 0 255 0
    255 255 255 0 20 0 228 255 255 134 255 255 255 255 56 0 255 0 0 207
    255 236 255 0 0 128 0 207 0 255 255 255 255 0 0 255 255 141 255 0 0
    0 227 1 255 0 255 255 0 255 191 255 0 0 0 255 255 0 255 0 218 172 0
    83 92 255 0 255 255 168 0 255 255 255 0 27 0 0 0 43 0 255 255 0 255
    78 0 0 255 255 255 255 0 0 255 0 255 0 0 17 255 255 17 255 0 255 77
    116 255 222 255 0 255 255 0 0 255 255 94 0 0 255 255 0 0 0 7 0 255
    144 0 154 0 0 103 230 183 255 255 255 106 250 255 255 255 0 95 118
    255 255 0 0 0 0 0 223 255 255 0 0 0 255 130 149 0 0 22 0 0 0 255 255
    255 0 6 255 255 148 0 0 255 255 0 255 99 255 36 0 0 255 115 0 0 0 0
    255 0 0 0 255 255 53 0 166 0 255 171 255 0 255 55 0 0 0 255 0 0 0
    207 255 0 141 9 255 0 0 255 0 255 0 255 194 255 0 207 255 0 250 170
    255 153 255 164 255 0 0 0 0 101 255 98 144 0 0 255 255 79 0 0 255 0
    255 255 203 132 0 0 255 255 255 0 255 255 0 154 93 50 0 255 0 255 0
    255 0 255 255 255 0 0 0 255 255 255 255 0 255 0 255 0 255 255 255
    255 227 0 0 255 50 255 0 0 255 255 255 36 255 255 0 255 0 255 0 47 0
    255 255 0 0 255 255 0 255 70 0 255 173 0 0 255 255 153 0 255 0 0 0
    42 255 105 0 93 255 255 255 255 255 220 255 0 255 255 67 0 255 0 0
    255 169 0 0 255 255 255 0 0 0 255 255 255 0 0 0 255 255 255 237 0 0
    0 0 255 255 255 255 123 247 0 0 255 255 0 0 0 0 255 44 129 0 255 0
    255 148 0 0 255 255 0 0 0 204 255 255 0 0 189 255 0 255 255 255 0 0
    0 0 255 255 255 0 0 255 0 169 255 186 0 96 255 255 0 255 0 159 0 255
    255 74 0 0 255 0 0 255 52 255 0 255 255 255 255 255 0 0 0 255 69 255
    0 0 0 0 0 255 230 255 0 0 0 0 255 255 151 0 0 0 38 255 148 255 0 164
    118 3 255 255 255 0 255 255 255 0 142 255 154 18 255 255 112 0 46
    255 242 0 198 0 167 255 0 255 255 9 168 0 0 255 0 255 0 255 164 0 0
    0 0 11 255 255 255 200 0 178 255 0 0 255 255 130 244 0 255 245 0 68
    0 255 0 0 0 163 255 255 0 126 255 255 0 255 0 255 162 255 0 255 0 0
    123 255 193 165 255 0 0 255 3 255 0 0 0 95 255 196 0 0 255 255 72
    255 0 205 0 0 255 255 255 0 255 255 255 0 0 255 197 0 0 0 255 255
    255 214 176 255 255 0 0 0 255 118 255 230 0 0 0 0 0 255 0 0 255 176
    0 0 255 255 92 255 205 204 0 0 255 255 0 112 255 255 255 0 0 0 255
    48 0 255 255 255 0 255 0 255 0 255 243 255 0 238 255 253 41 0 0 255
    177 0 255 211 255 0 104 0 255 0 0 37 250 255 0 34 0 255 0 244 255
    255 255 0 255 215 255 255 255 0 0 0 255 255 255 255 255 255 201 255
    0 0 255 255 154 0 144 255 255 0 0 150 0 0 0 0 255 255 255 245 152 0
    255 0 255 0 0 0 0 255 255 255 255 136 0 255 255 255 116 0 12 255 0 0
    0 255 0 0 0 255 94 0 0 255 221 255 0 16 0 255 255 255 255 0 187 0
    255 0 255 0 0 0 255 0 0 0 255 0 75 255 0 255 0 255 255 255 255 0 50
    0 255 0 0 255 255 255 0 0 0 255 255 202 255 0 255 255 0 0 0 255 0
    255 52 0 0 255 255 0 255 0 0 111 253 38 0 255 98 0 0 0 0 255 0 255
    110 192 255 172 255 0 0 0 122 0 0 0 255 0 74 0 255 0 255 0 255 0 0
    255 255 255 0 106 255 0 255 0 228 255 255 255 255 255 0 0 255 79 0 0
    0 96 51 255 0 255 209 0 255 0 255 255 0 255 255 255 0 0 158 255 0 0
    0 255 0 255 0 255 255 0 111 72 242 0 0 31 0 207 255 191 255 15 184 0
    255 0 255 139 255 0 255 255 0 255 255 0 255 255 255 0 0 0 255 255
    255 0 255 0 255 255 255 255 0 0 0 255 255 255 255 0 0 0 0 251 255
    255 0 255 255 0 164 12 46 255 255 0 0 10 176 0 0 255 0 0 0 255 255
    255 255 0 255 192 0 255 0 52 255 255 255 0 121 0 0 0 0 255 255 93
    221 143 0 0 255 255 255 0 0 255 0 82 255 172 160 255 255 0 0 255 0
    255 0 37 0 0 255 231 255 0 255 127 54 157 0 0 255 43 255 255 255 255
    0 0 0 0 0 0 255 0 0 98 255 198 0 64 255 255 0 0 0 231 255 247 255
    255 180 243 254 0 0 0 255 255 255 133 82 120 255 255 0 0 0 140 255
    116 0 255 0 130 0 255 0 255 255 255 255 255 126 0 255 255 135 0 0
    241 255 255 34 0 48 0 0 255 73 71 204 255 255 26 255 255 0 255 0 10
    0 255 0 255 0 255 40 255 255 101 0 100 129 0 211 255 255 116 0 200
    255 40 0 255 255 255 142 0 221 0 255 0 255 51 0 255 255 255 211 255
    0 0 240 0 255 0 255 255 243 0 255 255 255 0 0 0 255 255 139 0 0 255
    255 255 0 0 255 0 255 0 255 255 185 255 0 0 35 87 255 0 255 0 0 0
    255 255 255 0 0 255 255 255 0 0 0 255 255 255 153 255 255 255 255 0
    107 0 255 88 0 0 0 255 0 0 250 255 255 255 0 0 0 207 0 107 167 206
    255 60 255 255 89 0 0 0 255 31 197 0 255 255 255 255 0 74 255 255
    255 0 255 0 0 255 54 255 0 0 255 0 255 0 0 53 0 255 95 0 255 255 255
    24 0 0 0 255 255 255 0 255 0 0 255 0 255 0 0 0 162 205 255 58 255
    255 0 182 0 255 0 255 0 0 255 255 255 0 151 255 255 134 255 255 255
    255 61 0 0 255 0 0 0 255 0 255 255 255 0 255 255 255 250 255 255 0 0
    0 255 255 0 0 0 0 255 150 255 255 0 0 0 151 255 180 255 255 0 70 20
    255 255 255 168 0 0 255 255 255 0 0 255 255 0 0 0 255 255 255 0 126
    255 255 89 0 0 255 129 0 0 160 78 0 255 255 255 0 0 69 66 0 0 255
    255 145 199 255 0 255 255 186 0 0 255 0 255 40 203 0 82 0 0 0 0 255
    0 0 0 0 0 118 255 255 151 255 255 127 0 0 255 0 255 255 0 0 0 28 246
    255 255 71 255 255 0 255 255 255 0 0 0 0 255 0 0 255 0 255 255 0 0
    255 0 0 82 0 255 0 80 62 255 255 140 0 255 0 126 57 255 0 0 0 136 0
    255 255 240 0 0 255 255 0 0 0 176 255 255 0 255 0 0 0 255 0 0 255
    255 255 255 169 0 255 255 0 255 0 0 0 255 255 76 255 46 0 255 0 255
    0 0 255 49 0 0 0 0 248 255 255 255 255 99 0 255 255 255 255 91 245
    255 164 255 127 255 0 0 0 255 255 0 0 255 199 255 255 255 0 211 0 0
    0 0 255 255 255 255 0 68 248 19 255 0 255 51 0 0 0 255 202 255 0 114
    0 255 0 255 255 0 255 0 191 211 255 0 0 255 255 255 0 28 101 255 0
    255 30 255 255 255 56 0 255 0 255 231 0 0 0 255 187 0 0 0 255 255
    255 199 0 255 0 0 0 137 0 160 255 94 255 255 255 234 0 0 255 255 255
    0 255 0 255 0 0 255 255 255 135 255 0 0 195 0 255 255 255 255 0 0
    233 255 255 255 0 255 0 255 255 255 68 0 0 255 255 255 0 162 0 255
    255 255 0 0 255 255 58 0 0 0 255 255 0 255 0 255 0 255 255 0 255 0
    255 255 135 0 255 148 138 79 0 0 255 255 255 255 255 58 255 255 3 0
    17 83 255 255 255 0 255 0 255 0 0 143 0 0 255 255 0 0 255 255 0 255
    0 0 95 255 255 0 157 255 105 2 255 231 0 255 36 255 255 12 178 0 255
    255 0 0 26 255 255 0 255 255 0 255 3 255 0 0 255 255 255 0 0 0 0 0
    251 255 255 0 240 255 255 0 0 147 0 255 255 0 0 248 255 255 35 0 0
    156 145 0 255 255 255 0 10 255 255 255 106 255 0 255 0 216 0 54 255
    224 0 255 0 255 0 255 0 255 0 146 0 255 0 0 255 255 255 0 255 255 0
    0 255 255 47 0 255 0 54 0 34 126 158 189 171 255 204 0 255 0 0 255
    255 255 0 255 255 0 0 254 255 255 255 255 255 0 0 255 255 255 255
    255 255 0 91 30 255 158 255 0 175 0 255 0 255 0 0 0 5 255 230 255 0
    0 255 255 150 0 130 101 0 0 0 255 0 255 113 226 166 255 0 255 157
    155 0 0 255 255 0 0 0 3 0 180 255 255 0 255 0 42 0 255 0 231 126 255
    251 0 64 76 255 0 231 255 0 0 255 255 255 6 0 255 255 0 70 255 255
    255 0 255 143 255 255 174 255 0 0 0 0 255 0 255 0 255 0 255 255 0
    217 204 0 255 245 255 255 0 18 255 255 255 0 123 255 0 0 255 0 0 223
    255 0 255 255 0 0 0 255 255 255 0 255 252 0 0 255 195 0 222 255 255
    255 119 255 255 255 0 0 0 12 0 0 0 0 226 0 27 46 255 0 255 0 0 81
    255 176 255 255 0 255 255 207 0 255 255 255 0 81 0 0 0 255 255 255 0
    255 255 255 0 255 255 227 0 0 0 0 255 0 0 5 0 146 139 255 247 0 0 0
    147 213 63 255 255 113 0 0 31 0 255 72 0 0 255 255 0 0 0 255 255 37
    255 0 255 255 0 0 0 255 255 0 0 111 64 255 225 255 0 255 0 0 30 255
    255 0 0 255 255 103 255 255 216 0 54 0 239 252 0 255 255 255 255 0
    62 255 137 0 0 0 255 65 0 0 255 255 146 255 210 151 161 255 0 0 255
    255 162 0 255 255 255 0 0 255 0 75 255 232 16 255 255 133 255 46 211
    56 0 0 107 255 255 255 0 0 0 0 172 255 0 0 0 255 255 0 0 0 255 255
    91 255 41 162 0 255 255 0 0 0 0 0 255 255 255 255 36 255 255 255 0
    255 255 255 0 0 239 255 255 0 0 0 255 0 255 255 128 255 178 0 226 1
    0 49 0 255 255 255 0 255 0 255 255 255 0 0 143 155 255 255 60 255 0
    0 255 0 0 0 255 0 255 255 255 0 0 0 0 0 0 255 0 255 0 255 171 255 0
    255 0 215 0 255 0 0 124 255 255 36 0 0 0 255 255 248 0 255 101 255
    156 255 150 83 0 0 56 255 35 0 0 109 0 91 199 0 0 0 255 255 0 0 0
    255 0 0 0 255 0 0 0 0 116 153 144 255 255 255 172 255 255 0 255 233
    255 0 0 0 255 255 255 238 0 17 255 11 0 186 0 47 215 0 255 60 0 255
    255 251 0 0 0 0 0 0 0 0 255 255 255 0 0 0 255 255 255 0 255 0 255
    255 0 0 52 66 0 255 255 188 0 0 255 255 255 0 0 0 255 0 167 0 0 37
    255 142 255 0 0 0 255 108 0 0 255 255 34 0 255 0 0 75 0 0 255 255 0
    0 0 255 0 0 0 255 0 6 184 255 0 75 153 0 255 0 255 0 255 247 66 119
    152 255 0 0 0 255 0 0 255 0 0 68 151 255 120 255 225 0 0 255 255 0 0
    255 255 255 0 0 245 0 40 255 0 0 0 113 0 198 255 220 0 255 255 255 0
    0 255 0 255 255 255 255 0 255 0 255 255 255 117 0 0 0 255 255 15 0 0
    0 255 255 226 0 255 255 255 255 0 0 75 255 0 140 255 255 0 236 0 0 0
    255 255 0 0 0 0 0 0 0 255 255 255 83 0 255 182 255 170 255 0 137 25
    255 63 137 0 0 0 130 255 0 0 112 255 255 255 255 0 0 255 0 255 255 0
    238 0 0 135 255 163 0 255 255 0 0 0 0 255 255 138 0 0 0 255 255 12 0
    0 172 255 0 0 0 235 0 0 0 255 67 0 52 255 0 0 255 255 0 88 0 0 255
    255 255 255 13 0 0 0 0 255 255 39 0 255 0 0 255 40 255 0 255 255 255
    0 255 0 255 255 0 255 255 255 0 0 255 255 255 255 5 0 0 203 77 34 0
    0 120 255 0 196 219 0 255 255 0 37 0 255 255 0 255 146 10 0 255 247
    0 0 40 255 0 255 0 0 0 56 255 255 255 255 255 0 0 219 0 0 0 0 255
    255 255 182 180 255 0 255 111 0 255 255 0 179 255 101 255 0 0 170
    255 0 54 255 255 0 255 0 27 255 255 0 255 178 255 255 255 255 255 0
    0 174 96 255 0 255 255 244 0 255 255 200 0 0 255 255 58 0 255 0 183
    145 255 0 0 0 0 255 255 255 0 255 0 255 0 0 0 0 255 255 255 255 255
    255 0 199 0 0 0 0 255 255 255 0 255 0 255 0 255 255 255 79 0 0 37
    255 108 255 12 0 0 0 0 0 255 196 225 0 255 255 255 0 0 0 255 0 0 0
    255 0 255 0 255 0 255 255 0 0 0 255 0 255 0 255 0 255 0 255 0 0 0
    255 255 255 90 170 255 0 255 0 0 0 0 255 255 255 0 255 255 255 255
    154 255 255 255 0 0 0 255 0 0 0 255 255 0 0 255 248 255 255 176 0 0
    255 131 217 52 0 255 0 255 35 79 195 255 152 89 0 60 255 255 0 0 92
    0 255 0 0 0 255 255 255 161 0 255 0 255 0 0 248 255 0 255 0 255 138
    175 190 255 255 255 255 69 0 0 64 255 46 0 78 0 255 255 98 0 0 0 0
    146 0 0 255 69 255 0 255 255 255 0 0 169 255 255 233 0 0 255 255 0 0
    26 255 215 255 0 255 255 0 255 0 255 0 148 255 255 0 0 0 255 248 0 0
    255 255 255 175 0 255 255 80 0 255 255 255 0 255 0 255 0 255 0 255
    255 255 0 255 255 255 255 0 255 255 255 255 114 230 0 0 16 0 255 0
    255 255 255 255 83 145 0 163 0 255 214 255 0 255 0 255 255 255 9 255
    0 255 0 255 0 255 255 255 0 255 255 255 255 212 255 253 255 255 0 0
    0 255 255 255 0 10 6 0 255 255 255 0 0 0 0 255 255 0 0 0 0 255 255 0
    255 0 0 0 0 255 255 255 255 125 255 255 255 0 0 0 255 255 108 255
    255 0 255 0 255 0 0 148 255 255 0 135 0 255 255 133 62 53 0 0 0 255
    200 0 255 0 144 255 0 255 157 0 255 89 255 0 203 76 213 0 0 255 255
    253 255 15 49 0 89 255 212 89 0 0 0 255 255 255 0 12 0 255 255 255 0
    0 0 255 196 255 255 0 0 0 138 0 0 255 255 255 0 255 255 0 0 0 255 1
    255 147 0 255 255 255 19 0 119 0 255 0 0 255 255 255 0 0 0 255 255
    255 255 211 255 255 0 0 0 236 255 255 0 0 0 102 255 59 255 0 255 94
    216 0 196 255 255 0 0 0 255 0 0 255 255 255 89 0 52 255 255 158 0 0
    255 255 160 255 255 255 105 255 0 0 255 255 0 255 255 255 0 255 255
    0 38 0 255 0 255 255 0 163 0 110 0 255 200 255 0 148 0 255 3 255 255
    255 0 255 202 255 0 0 0 255 255 255 255 0 0 255 255 255 0 0 0 255 80
    255 0 135 0 255 255 255 0 0 0 255 9 255 233 0 255 100 255 0 255 255
    0 0 255 0 0 255 255 0 0 255 0 255 0 255 255 0 0 255 0 0 0 0 0 255
    255 255 255 0 0 255 94 255 255 255 0 88 0 255 0 0 56 255 0 255 254 0
    104 0 255 0 255 255 0 0 0 0 255 255 0 255 112 2 255 243 185 175 255
    0 0 160 0 0 255 0 0 0 255 255 0 0 0 245 0 255 255 98 0 88 255 255 13
    189 0 255 255 255 0 0 0 255 156 20 0 255 174 255 0 255 0 174 0 0 92
    0 0 255 255 0 0 255 0 0 255 255 255 255 0 255 0 255 0 233 45 187 218
    0 0 255 194 255 0 0 0 178 0 104 0 255 0 0 0 24 255 255 0 255 0 255 0
    255 0 126 0 255 255 255 40 0 255 255 255 0 255 0 255 255 255 255 0
    255 0 0 0 0 0 48 255 0 0 255 0 3 0 159 0 0 0 233 115 255 0 255 255
    191 0 0 138 0 0 255 195 255 255 0 0 101 203 255 255 255 19 255 81
    159 0 0 0 255 0 255 0 237 27 255 0 92 255 137 0 230 0 0 240 63 255 0
    138 0 255 255 255 0 0 255 131 0 0 0 0 194 255 255 0 158 255 255 0 0
    213 0 255 255 255 0 0 0 0 0 255 54 255 255 255 255 0 0 255 255 169 0
    0 0 0 255 255 129 71 255 255 0 222 153 255 255 255 255 0 0 255 255
    255 0 0 255 0 0 0 0 0 255 255 233 0 255 255 255 186 255 255 0 0 255
    255 0 0 255 255 0 0 166 255 255 255 255 0 0 0 255 48 255 255 0 0 255
    255 0 255 0 255 159 255 255 255 0 0 3 255 255 255 0 0 8 255 80 165 0
    255 255 0 0 19 181 127 255 0 255 145 255 0 255 0 0 19 0 0 189 0 255
    200 255 0 255 0 23 0 0 255 255 255 0 77 0 0 0 255 255 0 0 255 37 0 0
    255 0 255 64 255 0 0 0 255 255 0 0 0 0 0 195 0 0 234 0 255 255 255
    255 255 0 0 0 0 53 0 255 255 255 255 94 0 255 255 255 0 0 0 255 255
    0 255 0 254 175 255 0 255 213 255 185 0 0 255 107 236 0 0 0 3 255 0
    255 0 255 255 0 255 255 0 0 255 255 255 80 255 0 0 255 106 0 255 0
    255 1 180 255 17 255 255 255 0 27 0 0 255 255 255 255 255 255 255 0
    115 0 255 0 255 255 251 0 255 255 62 255 226 255 98 0 0 255 27 51
    255 255 0 168 0 255 255 255 255 0 255 255 133 255 0 255 255 255 0 18
    0 255 255 255 161 0 0 255 0 0 0 0 255 13 52 0 136 0 255 0 0 0 255
    255 0 0 255 255 255 0 255 0 30 33 255 255 255 255 0 255 0 255 0 255
    0 255 0 255 0 255 0 0 255 0 255 45 255 255 0 0 0 255 255 0 159 23
    255 4 176 0 255 197 255 255 0 0 89 255 255 0 255 255 255 129 0 0 0
    255 0 0 49 255 255 0 212 0 0 255 255 67 0 255 255 255 117 234 255
    255 0 0 0 255 255 159 0 255 255 0 25 255 0 105 255 255 255 0 195 130
    0 0 255 0 0 255 248 255 29 255 0 255 255 255 255 0 222 255 255 0 40
    0 162 0 255 0 0 0 255 255 81 0 221 255 0 175 0 255 0 0 1 0 255 0 11
    255 255 0 255 0 86 255 255 0 255 0 255 0 0 0 28 236 255 255 0 255 0
    107 255 255 255 0 0 255 255 0 255 255 43 0 255 0 160 0 0 255 255 255
    255 0 255 255 0 255 216 255 0 152 255 0 255 255 173 0 0 255 255 255
    0 255 255 255 255 0 0 255 0 0 255 255 255 0 151 0 255 208 173 255
    255 2 64 255 52 75 93 255 255 255 0 255 255 255 0 0 138 255 70 0 255
    0 255 255 255 0 0 0 255 142 80 0 255 179 255 0 0 0 40 0 255 255 0 0
    0 0 201 178 255 0 0 255 236 0 14 255 255 0 0 255 44 118 255 255 50 0
    17 0 45 253 255 0 255 0 255 255 255 0 255 0 255 0 255 255 255 0 0 0
    0 0 255 255 255 170 0 0 255 0 255 33 113 255 255 255 255 0 255 0 255
    0 0 255 255 141 0 0 232 0 0 0 255 255 255 0 219 248 0 179 0 255 255
    0 0 0 255 241 255 255 0 255 38 0 0 24 192 255 0 255 30 255 0 0 255
    255 0 0 255 129 0 0 0 0 255 214 255 111 60 0 255 0 84 18 67 0 255
    255 255 255 0 140 255 102 255 0 255 78 195 255 255 103 0 0 0 255 255
    0 255 0 255 0 255 255 255 0 255 0 184 0 255 144 255 132 198 216 0
    255 255 0 0 165 0 91 0 255 255 255 0 0 255 255 199 156 255 0 0 0 194
    0 255 0 255 0 255 0 0 149 0 68 231 0 255 110 0 0 255 255 255 255 255
    255 39 255 0 0 0 122 255 153 0 0 255 0 0 0 255 255 242 0 59 255 255
    255 0 42 0 255 255 184 255 0 0 0 37 255 255 0 0 110 81 0 0 238 22
    211 217 0 0 255 255 143 0 0 0 255 0 255 0 0 255 255 198 5 255 255 0
    0 91 255 170 255 255 0 255 255 0 255 10 255 0 255 255 224 0 190 255
    255 0 255 0 255 0 0 0 255 255 255 0 0 0 255 0 172 0 255 0 255 0 78 0
    230 0 0 0 255 255 255 0 0 0 0 255 255 0 255 0 0 255 0 0 0 17 143 255
    255 255 0 54 0 0 255 0 255 0 0 2 255 255 255 0 233 72 0 255 198 255
    0 0 255 0 0 6 80 0 0 0 41 255 238 255 255 255 61 255 0 204 0 255 50
    138 0 255 0 255 236 255 255 0 0 0 255 0 11 0 255 47 0 255 255 160
    255 0 255 0 255 0 186 0 0 0 0 119 0 131 192 0 255 0 0 0 142 23 255 0
    0 0 255 0 240 0 255 0 255 147 0 255 0 0 0 55 255 255 255 255 0 155 0
    170 0 0 202 255 199 255 255 4 16 174 0 255 0 0 255 0 255 0 255 255
    255 0 255 0 255 255 73 0 0 0 0 0 255 187 200 162 141 255 255 0 0 0 0
    255 255 255 0 0 255 0 71 255 255 255 0 255 0 255 255 255 0 0 0 255 0
    255 0 128 253 0 255 255 53 0 69 255 255 255 0 0 231 255 255 0 0 0
    255 255 0 0 0 255 255 255 255 180 255 0 0 102 255 255 0 184 255 255
    141 0 0 122 0 0 255 255 255 0 0 0 255 255 0 0 0 0 0 0 255 255 209 0
    0 0 0 255 255 0 0 255 0 13 0 0 0 255 255 0 64 0 0 169 0 255 0 255
    255 255 0 0 15 255 196 0 131 255 255 255 0 0 0 255 0 137 255 255 0 0
    0 38 255 255 255 255 0 255 255 255 42 0 255 0 179 255 171 91 255 0
    255 255 0 0 255 0 0 0 0 0 0 255 255 0 255 0 255 0 0 0 255 255 0 0 0
    255 255 143 0 157 0 0 109 255 0 0 255 255 255 0 255 255 255 0 0 170
    255 0 64 74 255 0 255 255 72 0 0 0 237 255 255 0 255 0 0 255 255 255
    0 22 91 0 255 0 255 0 70 0 0 0 0 255 158 233 0 255 255 0 255 0 0 43
    0 255 151 0 50 0 121 255 255 255 53 255 255 0 0 255 0 255 255 255
    255 0 255 255 0 0 0 255 140 255 37 0 49 255 0 255 0 0 255 0 255 255
    22 211 0 255 255 0 0 0 0 255 239 14 0 117 0 255 255 255 255 0 255
    255 186 0 219 255 255 0 255 0 255 0 93 255 77 255 255 0 0 112 255 0
    0 0 255 255 255 0 255 0 255 0 255 0 255 0 255 255 0 0 0 255 255 94
    255 249 255 0 0 0 0 4 0 255 255 86 255 0 0 0 255 78 255 0 0 255 255
    236 0 255 0 178 14 114 0 255 255 255 255 0 0 0 249 255 255 0 0 255
    255 0 0 134 61 255 0 255 0 0 0 255 255 255 255 255 218 0 0 255 255 0
    0 0 167 255 255 255 23 0 0 230 0 255 0 255 255 143 0 255 0 178 0 255
    91 255 0 255 255 255 255 255 0 81 0 0 106 255 0 0 255 0 255 0 153
    249 0 0 147 255 0 195 36 0 255 255 0 0 0 148 243 158 243 226 0 255
    95 255 255 255 255 0 0 0 255 73 151 115 255 0 255 0 255 0 255 48 191
    0 0 0 255 0 0 255 255 255 0 0 0 16 255 0 34 0 255 255 118 0 0 255 0
    144 0 255 255 255 131 70 210 0 255 231 0 0 0 255 255 255 0 0 0 255 0
    0 0 255 59 255 161 0 0 166 255 255 255 255 135 0 255 0 255 42 255
    114 145 255 255 0 0 255 255 255 0 255 0 255 255 255 255 255 255 255
    0 114 255 244 0 0 255 255 255 255 213 255 142 255 0 0 189 0 255 255
    255 0 255 0 255 0 255 0 129 255 0 0 0 0 255 255 255 0 202 0 255 232
    255 0 0 0 255 255 222 255 192 0 0 255 255 0 71 255 0 255 0 0 255 0 0
    199 169 190 139 255 255 135 0 0 168 255 255 255 0 255 141 255 0 0
    136 255 255 0 0 255 0 255 0 255 0 255 0 255 255 73 231 255 255 0 250
    255 255 255 0 94 189 255 197 255 4 0 106 0 255 255 219 0 255 255 255
    0 255 0 0 255 191 255 255 255 255 0 0 109 255 255 255 60 255 0 0 255
    255 255 0 0 0 255 255 255 0 255 255 253 255 255 0 255 0 137 255 255
    255 0 255 116 0 160 0 0 0 94 255 143 92 0 0 0 0 0 143 138 255 255 0
    255 0 205 0 255 255 255 0 0 248 255 255 190 0 0 176 255 166 255 0
    172 110 0 0 13 110 0 255 255 0 255 0 0 255 255 0 140 255 0 0 0 135
    129 152 171 255 255 255 0 255 0 255 0 0 117 255 0 0 255 0 255 0 255
    255 255 123 0 0 0 181 0 225 255 255 255 255 0 255 255 255 0 255 0
    255 202 164 0 255 255 255 255 255 0 131 0 255 241 0 0 255 255 255 0
    0 127 255 255 255 101 0 129 255 255 255 0 255 255 255 28 132 255 35
    0 255 75 0 0 31 255 0 0 0 0 0 0 255 255 34 255 255 255 0 0 0 0 186
    65 255 255 0 0 255 255 255 255 175 0 255 255 29 255 255 255 255 0 0
    0 255 255 255 0 255 255 255 0 241 255 39 255 0 255 0 255 132 21 0 0
    0 255 255 0 255 0 255 0 0 255 0 0 0 255 255 255 255 0 0 16 255 255
    255 0 0 0 255 0 255 0 61 0 187 255 255 255 0 210 28 0 0 255 224 0 0
    255 0 255 151 255 255 0 0 0 0 255 255 255 221 0 0 0 255 0 0 80 255 0
    0 0 0 255 168 200 0 0 248 110 0 0 219 255 255 0 0 0 0 255 0 0 0 0 0
    255 255 255 0 255 0 255 255 230 0 0 255 255 70 0 0 101 255 0 0 0 0
    255 68 255 0 255 0 66 255 113 111 0 255 191 255 0 0 0 255 255 255
    242 0 182 0 255 0 0 58 255 0 255 230 195 88 20 238 255 255 37 0 255
    0 250 0 255 0 182 0 255 255 0 0 163 255 255 0 255 146 0 53 0 30 0
    126 219 255 67 255 0 140 255 255 0 0 0 255 255 255 255 119 255 0 0
    63 0 0 228 255 142 255 0 61 0 0 255 255 0 0 0 255 255 255 167 145 0
    193 0 255 0 255 0 0 0 0 0 0 44 255 255 202 255 0 0 255 255 255 255
    255 0 0 0 255 142 167 0 6 0 255 140 3 0 0 30 255 255 255 0 0 0 255
    255 17 255 0 255 0 184 202 164 197 0 167 255 0 0 0 255 0 0 0 255 0
    123 0 255 0 148 0 255 255 255 114 255 81 0 0 255 255 255 0 0 255 0
    255 255 0 255 67 0 255 46 255 126 255 255 0 129 132 0 0 93 255 227
    255 255 255 0 16 22 8 0 0 84 0 208 255 0 255 0 255 255 125 0 0 96
    255 255 0 0 0 0 187 50 0 255 255 255 255 0 0 0 255 255 0 30 0 255 10
    0 0 255 89 255 0 0 255 106 255 0 255 0 0 0 255 255 111 0 0 0 252 0
    255 255 36 0 0 0 255 0 255 255 255 245 255 255 0 255 0 86 0 79 44
    133 165 0 0 0 255 255 255 196 0 255 0 255 0 0 255 255 0 0 255 0 255
    0 0 255 255 0 233 0 255 255 255 82 0 0 255 255 185 255 255 0 255 255
    0 122 0 255 0 0 255 0 60 0 255 0 255 0 255 58 0 0 255 10 255 255 0 0
    0 0 0 0 0 0 103 255 116 255 0 214 0 0 0 0 255 255 255 162 0 0 255
    163 247 0 127 255 255 203 4 252 0 236 255 0 162 0 0 0 255 238 255 0
    255 107 255 0 159 158 0 255 129 0 0 255 255 204 0 255 255 255 255 0
    0 0 0 0 221 0 93 229 255 83 0 114 0 255 255 255 28 0 0 255 0 0 255 0
    255 255 255 255 0 0 255 255 255 0 255 0 0 101 0 0 0 155 0 0 0 242
    255 255 255 255 255 171 255 0 0 255 255 255 0 0 0 0 253 0 139 255
    214 247 0 171 0 255 255 199 255 0 255 0 255 255 135 0 0 0 107 255 44
    0 0 255 255 0 255 0 255 0 67 71 255 0 0 204 255 29 60 67 0 0 0 0 0
    170 0 0 255 136 198 187 155 255 0 0 254 255 255 0 0 255 0 255 0 104
    0 179 255 255 255 0 0 0 255 120 255 255 141 0 0 255 0 255 0 255 0 23
    0 255 0 255 0 217 0 255 255 17 255 0 255 170 196 0 38 0 0 0 175 255
    255 0 255 188 255 0 0 84 237 158 0 0 0 255 138 38 0 0 60 0 255 0 255
    255 0 0 0 255 0 0 0 255 0 71 255 0 0 0 255 255 0 149 0 255 255 255 0
    255 0 255 171 59 255 255 255 0 0 255 0 0 0 0 255 255 204 0 0 0 255
    213 0 255 0 225 86 255 193 22 0 0 255 0 255 255 243 48 0 0 0 0 255
    118 0 255 226 248 116 255 148 0 59 255 255 81 0 255 0 37 255 0 255
    255 255 0 87 0 0 201 32 255 255 0 255 0 255 255 94 58 0 228 0 0 255
    255 91 59 255 0 255 0 255 0 255 0 0 0 255 255 255 0 255 0 93 2 255
    255 255 255 0 255 255 255 0 0 0 255 0 205 0 0 255 255 255 92 255 255
    255 0 255 0 181 0 0 0 130 255 0 0 255 0 255 22 28 0 0 255 255 255
    255 25 0 0 0 171 0 230 0 0 25 255 0 255 0 227 255 0 0 255 255 112 0
    0 255 0 255 0 255 181 218 255 255 181 154 0 0 0 255 0 255 224 255
    255 0 91 255 255 255 0 0 0 255 23 255 255 25 255 232 200 255 255 0 0
    0 255 255 255 182 0 0 20 208 255 255 212 255 0 255 0 0 0 255 255 0 0
    0 126 0 255 255 255 0 56 0 35 67 57 3 0 0 236 87 255 255 255 0 255
    255 255 0 218 0 200 0 255 255 255 205 145 0 255 0 255 255 255 0 255
    255 255 0 0 255 221 87 0 255 117 255 0 255 255 0 0 0 255 20 255 0
    233 255 255 0 0 0 255 255 108 0 196 0 255 67 255 0 0 0 118 0 255 151
    77 0 255 255 255 0 0 0 0 175 255 255 255 255 255 255 255 0 215 255 0
    90 255 255 0 0 0 0 213 57 255 228 0 255 255 0 10 0 0 255 255 0 0 55
    0 0 255 255 255 255 255 255 255 255 255 0 0 23 255 0 0 251 255 255 0
    255 177 190 0 145 255 255 255 48 140 255 255 255 255 0 0 5 255 0 0
    255 0 255 0 255 0 95 32 255 255 0 80 0 0 0 255 94 164 0 100 0 8 0 0
    255 0 149 255 0 255 255 255 0 255 0 255 0 255 255 0 0 255 0 255 0 0
    229 255 0 0 0 0 0 10 255 255 255 0 0 246 255 255 0 0 0 49 0 255 0
    255 0 215 0 255 0 255 255 83 199 0 0 255 255 5 157 255 255 0 170 51
    0 255 255 255 255 43 255 0 48 255 255 255 0 134 0 0 255 255 0 102 0
    255 255 226 0 86 255 255 0 0 0 255 0 255 255 0 0 0 255 255 255 0 0
    255 0 94 147 255 0 255 0 0 0 255 255 255 46 255 0 0 255 0 255 0 0
    199 255 154 255 0 255 255 102 0 0 255 255 255 0 255 0 0 0 255 255
    255 0 255 255 0 255 255 255 255 0 0 0 0 255 0 0 180 0 255 0 255 255
    255 255 37 255 255 155 0 0 6 0 255 255 255 0 0 255 255 0 0 0 255 255
    0 255 255 0 112 255 255 0 0 11 255 14 255 255 0 255 0 255 0 255 0 0
    255 255 0 0 255 0 255 255 106 0 0 0 255 73 255 0 0 0 255 82 48 0 0
    255 0 255 0 255 0 255 0 255 0 0 0 255 0 0 255 255 255 0 255 248 154
    255 0 0 0 255 255 86 0 255 255 255 228 0 90 12 255 0 255 0 255 24 0
    0 0 255 255 255 0 0 185 0 0 255 255 0 0 255 255 255 0 0 123 255 215
    255 193 14 133 0 255 83 255 0 0 255 255 255 69 255 0 0 0 255 209 0 0
    255 67 255 0 255 0 237 0 255 255 255 218 0 255 0 0 0 255 121 0 54
    255 255 255 0 146 0 0 0 93 255 147 255 0 0 255 0 255 0 255 255 255 0
    255 0 255 255 255 0 0 255 255 255 0 255 137 0 87 0 0 255 255 126 0 0
    117 255 255 105 0 178 255 255 228 0 255 0 255 255 255 255 0 0 255
    255 255 0 0 0 255 255 0 0 0 255 0 255 255 0 255 0 255 0 255 0 0 0 0
    255 0 0 255 255 176 0 255 0 255 217 255 255 0 255 255 0 0 255 255
    255 84 255 0 0 0 255 255 0 0 255 31 255 0 255 255 0 255 255 255 204
    255 0 0 0 255 255 255 0 0 0 0 255 255 0 47 0 109 255 255 0 255 255 0
    255 255 255 177 0 0 255 0 0 0 255 0 0 0 0 0 255 0 255 0 232 0 255
    255 255 255 255 255 0 0 186 116 255 21 255 255 191 255 0 255 255 255
    0 255 193 255 0 0 0 0 255 255 107 0 193 255 255 0 255 13 255 0 135
    255 0 255 0 255 255 255 0 0 255 0 0 0 255 0 75 0 237 255 255 159 0
    255 255 0 255 0 255 20 0 0 255 0 255 147 255 255 255 255 0 0 255 255
    255 25 0 46 3 255 255 0 0 0 73 117 255 255 66 227 0 0 244 26 0 0 0
    255 0 134 0 0 0 0 255 0 96 0 255 0 255 242 255 0 255 0 255 255 255 0
    0 255 255 255 0 0 0 255 18 0 0 0 255 255 255 255 0 182 0 255 255 255
    0 0 0 0 255 255 255 0 232 0 0 255 255 255 255 0 0 255 201 194 27 0
    255 255 0 0 0 0 255 187 255 0 124 0 255 0 2 0 0 98 159 120 35 0 255
    0 255 0 129 0 255 255 0 255 0 36 0 0 255 0 255 255 255 0 255 78 255
    255 255 0 0 255 159 0 0 255 0 4 255 0 255 0 107 0 255 0 43 0 171 221
    255 0 0 0 0 255 236 255 0 0 0 37 255 126 0 0 255 255 222 255 149 0
    255 0 255 255 229 0 0 0 255 0 255 255 35 0 32 255 255 0 123 255 69
    98 0 0 255 18 0 255 0 0 97 0 255 0 255 19 0 255 255 119 0 69 255 255
    0 0 0 0 255 251 0 255 0 255 0 255 255 0 191 0 255 0 255 0 255 186
    255 0 151 0 121 255 255 200 0 0 255 255 0 0 255 43 88 255 255 255 0
    0 0 255 126 0 0 0 255 255 139 0 0 255 255 255 255 106 0 0 0 255 0
    206 0 18 0 255 0 255 0 255 0 0 0 255 255 0 17 0 0 105 255 0 0 0 255
    255 255 149 0 204 0 223 255 255 0 0 255 255 0 101 0 28 0 98 255 255
    0 0 0 0 0 0 255 255 255 137 255 0 0 0 0 0 15 15 255 0 39 0 255 149 0
    25 255 215 255 0 255 0 153 0 255 255 0 255 13 255 0 106 0 255 255 98
    255 21 255 5 255 255 255 226 50 0 255 0 255 0 0 255 255 255 255 0
    203 0 255 255 255 0 0 255 255 255 0 0 255 255 0 98 14 255 0 0 255 0
    0 0 255 255 16 126 40 89 10 255 0 255 255 0 255 0 0 0 0 0 176 255 0
    0 99 255 255 68 81 0 87 255 255 0 0 0 255 255 255 0 255 255 43 0 255
    255 255 159 255 0 214 0 0 51 255 255 255 0 0 248 255 255 1 255 0 255
    0 125 0 0 123 255 255 255 255 67 0 255 255 255 255 213 255 0 20 0 64
    255 0 255 7 84 238 25 70 139 255 255 255 0 246 0 119 255 255 255 166
    255 0 254 255 0 255 0 255 0 255 255 34 0 255 104 255 0 0 255 255 255
    0 255 0 255 0 0 255 127 255 255 132 255 0 0 14 108 255 0 0 0 0 255
    106 0 0 255 0 255 0 255 0 0 0 255 255 107 123 0 200 0 0 0 255 255
    255 30 255 255 53 255 255 160 0 0 255 0 0 255 0 0 158 240 0 0 0 255
    115 255 0 188 0 255 0 255 255 88 36 0 201 255 255 255 0 0 255 255 0
    0 0 255 0 37 255 255 255 0 0 255 255 141 0 106 0 0 0 255 0 255 0 0 0
    0 255 91 255 255 0 0 0 150 0 255 0 255 4 160 0 255 0 97 255 9 0 255
    255 0 0 0 12 111 255 255 255 0 255 106 255 121 0 0 255 255 0 219 0
    205 0 207 245 255 255 87 0 0 132 255 254 0 0 255 0 0 0 0 255 0 0 0
    255 12 18 191 255 255 0 255 255 255 68 0 0 255 255 255 0 0 255 5 0
    255 0 255 0 255 0 255 0 70 0 255 0 222 0 255 255 255 155 138 0 0 255
    255 255 0 0 255 255 0 255 0 0 0 255 255 0 193 255 255 232 0 255 255
    0 11 0 0 128 255 255 185 190 47 255 255 0 0 0 255 255 0 0 136 255
    255 255 197 0 0 0 255 0 255 255 250 0 255 0 255 11 0 255 0 0 0 0 255
    255 61 169 159 0 159 231 0 255 255 82 0 112 255 0 255 0 0 0 255 255
    255 0 0 255 0 255 255 255 0 0 0 255 255 0 255 132 242 255 255 255 0
    0 255 255 255 136 0 0 255 0 120 0 0 0 0 255 184 0 0 0 197 255 255
    136 255 0 0 0 171 255 0 255 0 252 151 255 0 0 0 255 142 251 255 205
    255 255 239 217 247 255 255 0 255 255 0 194 0 255 0 255 255 255 123
    255 255 0 0 0 255 0 255 255 255 0 0 255 255 255 0 0 255 0 255 0 203
    0 255 255 255 255 0 255 255 255 255 0 255 255 0 44 255 255 0 39 0 0
    0 0 255 255 255 0 255 255 0 255 190 255 0 255 255 255 255 0 0 0 255
    0 0 0 255 0 128 255 0 0 255 255 161 0 0 124 0 0 6 112 255 255 0 162
    255 255 255 17 162 0 255 0 255 255 175 0 185 0 255 0 0 207 255 255 0
    0 219 255 255 255 48 86 0 232 0 255 0 255 255 98 255 0 255 0 255 76
    255 224 255 0 207 0 0 254 255 197 217 255 255 0 0 0 255 182 255 0
    255 0 255 0 0 73 255 255 0 84 255 255 214 0 181 0 255 0 143 0 255 0
    255 0 91 0 255 255 255 173 255 133 0 255 0 255 0 246 0 0 77 0 255
    255 0 114 175 255 0 255 1 0 0 255 124 0 0 115 0 255 0 0 0 168 255 0
    255 0 0 0 255 255 255 255 0 0 0 255 255 255 255 124 0 0 0 255 0 255
    0 208 0 255 202 6 255 0 216 198 0 0 0 255 84 8 239 255 136 0 0 0 0
    255 0 0 0 255 0 6 0 0 255 255 255 0 135 0 255 0 255 255 255 0 255 0
    121 255 0 0 255 255 255 0 0 106 255 255 255 0 0 0 0 220 0 255 255 30
    0 255 255 255 0 190 211 7 255 0 59 255 255 62 255 179 255 0 0 0 0
    166 0 255 255 255 0 255 0 11 216 255 116 0 11 0 255 61 255 255 0 0 0
    249 255 255 255 69 0 0 255 255 255 255 0 0 255 0 255 255 0 0 0 255
    255 241 255 155 255 83 66 0 255 48 0 0 255 172 255 0 128 255 0 255 0
    255 0 0 255 255 255 255 0 255 46 55 0 255 0 48 255 255 255 0 233 91
    0 155 0 255 240 255 0 255 255 243 0 0 255 0 129 0 128 255 0 255 0
    249 0 255 0 100 255 8 255 0 255 0 255 7 164 0 102 255 255 0 0 0 255
    0 77 201 255 0 0 0 255 255 255 255 255 255 169 255 0 244 255 0 0 255
    0 255 255 0 0 255 255 96 0 255 255 255 0 255 0 255 0 0 255 210 255
    255 0 70 152 0 0 128 255 255 255 39 0 0 255 0 0 0 255 27 255 0 255 0
    255 0 0 255 255 205 0 255 0 255 0 255 255 0 255 255 0 0 0 255 255
    255 121 0 0 106 237 0 0 255 255 255 246 20 255 255 255 0 255 68 0
    119 0 255 95 0 0 255 255 255 176 35 128 255 19 0 255 0 103 255 66
    255 225 255 255 255 255 0 0 0 255 255 255 0 190 0 0 255 255 0 255 0
    255 0 255 0 255 0 0 255 255 255 0 0 31 0 0 155 255 0 255 255 0 0 0 0
    255 0 255 255 255 0 255 0 255 0 255 0 255 71 0 0 255 0 255 255 255 0
    255 255 0 0 0 255 255 255 125 255 0 0 48 255 255 255 0 242 0 255 255
    232 255 0 255 0 194 195 255 0 0 0 0 0 255 0 255 61 255 6 191 0 255
    255 0 255 0 255 0 0 0 255 0 163 40 0 0 255 168 255 0 0 0 240 255 255
    119 0 255 195 255 113 168 0 0 0 2 0 0 0 255 255 147 255 164 0 0 255
    255 0 255 255 0 255 255 255 0 255 0 255 255 255 0 47 131 255 255 0 0
    255 0 0 0 0 255 255 0 0 0 129 0 255 0 255 0 255 176 84 0 0 142 0 255
    255 0 3 255 255 0 255 0 136 0 255 0 222 255 0 255 220 0 0 0 0 255 0
    255 23 0 0 0 168 22 255 255 255 0 0 0 255 255 67 255 153 208 39 255
    255 0 255 255 255 0 255 255 255 37 0 0 0 255 0 255 0 255 0 255 0 0 0
    255 0 10 102 255 0 255 0 0 255 0 255 0 0 0 255 158 255 0 44 0 154
    255 255 255 0 18 0 255 0 255 47 255 129 0 255 0 255 0 102 255 0 0
    118 0 255 107 255 255 158 255 0 0 0 243 255 139 255 0 80 0 0 0 255
    90 255 0 255 54 255 21 0 0 255 255 0 255 255 255 255 0 255 255 0 255
    0 0 0 255 255 255 0 255 51 0 0 255 255 0 65 148 36 0 0 239 249 0 255
    36 255 225 255 0 0 255 0 255 0 0 105 255 255 165 0 0 255 0 0 255 110
    255 0 255 255 255 0 0 232 255 136 0 255 0 0 255 255 199 255 0 255 0
    255 56 0 0 0 255 251 0 255 255 255 0 23 0 255 70 255 255 255 110 0
    255 142 0 0 0 255 0 255 0 0 0 255 255 0 255 58 255 0 58 0 255 255
    250 255 0 255 0 254 0 171 249 255 255 0 0 255 0 0 255 0 255 0 126 0
    255 218 255 0 81 205 0 255 255 44 0 247 255 0 255 0 0 7 255 255 255
    0 255 0 255 0 255 255 255 0 255 255 0 0 0 255 0 255 255 255 0 0 0
    255 255 255 0 0 0 255 255 255 255 0 255 0 0 255 255 12 255 38 0 55 0
    255 153 255 0 255 0 0 0 0 255 201 255 0 131 195 0 255 0 255 0 169 73
    255 204 0 137 255 0 0 0 255 218 237 3 72 0 0 255 255 0 16 0 233 255
    64 36 0 255 255 255 119 238 255 122 0 127 0 255 255 28 0 0 185 255
    255 207 0 255 1 255 0 64 0 255 0 255 0 255 30 255 0 255 231 0 0 0
    222 0 0 29 255 255 255 255 151 0 63 0 221 0 255 0 0 255 0 255 255
    255 128 0 0 0 107 255 0 215 0 255 24 0 0 0 255 255 255 255 255 255 0
    115 0 255 0 255 0 0 208 0 255 0 255 0 255 0 0 0 255 0 203 0 255 0
    255 255 255 216 0 0 0 255 139 255 0 0 0 255 0 255 0 255 127 255 0 0
    0 255 255 255 0 9 0 255 0 255 0 255 241 255 0 255 188 0 0 0 255 255
    255 0 217 223 255 145 0 0 39 255 211 255 255 255 0 0 255 255 255 0
    179 69 205 107 0 0 255 10 255 0 255 7 255 0 0 0 255 210 255 0 0 0
    255 255 0 0 248 255 0 0 255 255 255 0 241 0 255 0 255 255 0 155 141
    0 255 255 51 255 255 0 0 255 255 0 255 0 255 0 255 255 255 45 204
    135 255 0 255 255 0 0 255 0 0 0 255 255 0 0 55 255 0 0 213 0 255 122
    255 0 59 255 111 0 0 0 64 255 255 154 255 0 255 192 255 88 255 0 255
    255 180 0 0 0 0 0 0 0 169 0 0 255 255 255 255 0 35 0 255 0 0 0 255
    255 162 255 0 255 0 255 0 0 66 0 255 255 255 75 24 121 254 0 255 0
    255 16 255 0 255 255 0 79 0 0 113 0 255 0 255 0 0 255 0 196 0 0 255
    255 255 0 0 255 253 0 255 255 255 255 122 255 88 255 255 0 0 37 255
    255 255 0 255 255 0 0 255 255 0 255 0 255 255 0 63 255 0 255 0 255
    255 0 0 0 255 255 255 0 0 0 0 122 255 255 255 255 0 0 0 255 255 255
    0 255 0 46 255 0 148 255 0 255 255 255 0 0 0 255 255 255 0 0 29 255
    255 0 0 0 255 255 255 0 224 255 255 255 255 0 0 0 0 1 61 255 0 0 0 0
    255 255 0 255 255 0 107 255 59 239 255 233 0 0 255 191 255 0 255 0
    255 0 255 255 165 255 0 0 104 255 255 0 0 0 12 255 255 0 0 255 255 0
    255 86 255 0 163 0 255 255 0 11 0 255 255 255 207 255 255 0 0 0 40 0
    0 0 0 255 255 255 196 0 255 255 255 255 0 0 255 255 238 0 0 46 15
    185 179 0 0 0 255 255 111 105 255 157 0 0 0 0 0 0 255 120 255 255 0
    133 0 255 242 255 0 0 255 255 255 0 255 0 0 0 212 255 0 0 255 0 0
    158 255 0 255 0 0 0 0 0 8 255 255 0 255 255 0 255 0 255 0 0 255 0
    255 255 0 0 0 61 0 0 255 255 0 128 0 73 255 255 255 63 0 0 0 8 0 255
    255 255 0 255 0 255 186 255 107 255 255 255 0 0 96 255 255 132 0 255
    69 255 255 86 0 0 0 0 255 255 255 255 0 255 0 0 255 0 252 94 214 59
    255 255 72 0 107 255 255 0 255 130 255 74 0 255 255 0 0 255 0 255 94
    255 0 33 0 0 255 0 255 0 255 0 255 186 0 255 0 119 0 0 255 0 74 0
    255 0 0 255 0 255 0 0 0 255 255 255 255 255 0 255 255 135 0 0 0 255
    255 255 0 0 0 218 0 255 202 255 0 255 0 0 105 255 0 0 255 255 158
    106 255 255 255 255 191 0 255 0 16 255 38 0 0 216 255 0 255 0 255
    108 255 0 255 0 255 0 0 0 0 0 0 255 236 0 0 111 255 0 0 0 255 255
    255 58 255 0 255 255 255 255 0 255 0 255 0 97 255 255 255 0 255 81 0
    255 146 255 255 0 0 0 226 255 255 255 0 0 255 0 0 0 255 0 162 0 255
    0 255 255 0 0 149 255 255 0 255 0 212 69 0 255 0 0 255 255 255 255 0
    255 0 255 0 255 255 0 0 0 0 0 226 255 0 0 0 255 255 255 0 153 0 24
    255 255 58 0 255 255 255 255 0 0 0 255 0 85 0 0 255 0 216 0 255 0
    255 0 255 120 255 0 255 255 0 34 0 255 135 171 255 255 0 0 255 255
    255 0 0 155 255 0 255 203 255 254 0 255 255 255 0 85 0 239 0 255 255
    244 0 107 146 144 0 255 255 241 3 255 207 255 255 0 255 0 0 242 57
    255 0 255 109 252 255 0 0 48 0 0 0 241 0 255 255 78 0 255 0 255 0 0
    255 0 0 0 0 0 63 255 31 255 255 0 0 255 0 255 16 255 255 255 0 255
    255 255 0 0 0 0 112 255 70 0 255 255 255 199 0 255 255 183 0 255 0
    255 0 0 0 0 31 184 239 255 255 255 255 0 255 63 0 255 255 255 0 0 0
    255 255 26 0 0 255 28 255 0 21 0 0 255 0 255 255 255 83 255 0 0 255
    101 255 72 0 255 255 255 0 0 0 255 181 0 255 255 255 0 255 255 25
    239 0 255 255 0 0 255 255 255 0 0 0 205 255 255 0 0 0 0 255 0 255
    255 255 0 0 255 0 84 0 255 0 255 0 0 255 194 14 255 255 0 0 95 0 255
    104 255 0 0 0 0 0 9 255 255 6 0 0 255 255 0 255 176 255 255 255 0
    104 0 255 255 0 183 255 167 255 0 255 0 1 0 255 255 6 0 90 255 253 0
    255 137 255 0 255 0 255 255 0 0 0 255 0 255 0 255 0 0 0 255 255 0
    255 0 255 0 255 255 255 136 0 60 255 0 255 142 255 0 0 255 0 78 0
    194 255 0 120 0 255 0 255 255 0 255 0 0 236 255 57 255 255 255 0 0 0
    92 0 154 255 255 0 255 0 255 0 41 0 255 0 0 255 31 0 0 205 0 255 214
    0 0 162 212 80 0 255 255 90 0 239 0 255 0 0 0 98 255 255 40 0 0 27
    255 255 0 69 66 64 0 139 255 9 104 0 255 92 255 255 210 0 0 255 67
    90 0 255 0 255 0 227 255 0 0 0 9 255 0 255 255 255 0 113 0 255 0 255
    255 0 255 255 255 0 0 0 255 255 255 255 255 255 255 0 255 0 255 92 0
    255 0 255 0 0 39 0 0 255 255 255 255 255 51 0 0 255 255 0 255 0 187
    0 255 255 255 0 0 255 255 255 0 255 255 224 0 0 0 255 0 0 0 255 255
    0 255 0 255 0 0 0 0 255 0 255 255 0 255 0 255 0 0 255 0 255 255 255
    0 255 255 255 0 0 0 0 255 255 255 0 5 40 0 0 162 255 0 0 0 255 255 0
    0 255 0 33 255 255 255 255 0 0 139 98 209 255 255 0 0 0 0 255 243 0
    255 0 255 0 255 0 255 255 0 0 0 255 0 255 0 0 0 255 141 0 255 255
    255 0 144 0 209 98 0 0 255 38 255 113 255 86 0 0 0 0 114 6 255 62
    255 91 255 87 0 220 255 255 0 0 79 0 0 255 128 255 255 0 255 0 255
    56 255 0 255 0 0 1 0 255 0 255 0 255 0 255 0 255 0 0 0 255 0 255 0 0
    255 9 255 255 0 87 0 255 0 255 0 255 0 29 0 0 255 0 0 255 255 255 0
    0 255 0 0 0 237 158 0 255 255 255 255 0 0 0 255 255 255 0 255 0 0
    255 255 255 0 255 255 0 0 0 249 0 39 0 255 255 255 0 0 0 0 255 0 244
    0 0 255 133 255 255 19 255 0 137 37 0 0 0 255 255 0 255 255 255 0 0
    0 255 0 255 0 255 0 162 0 0 255 255 255 0 0 0 0 131 255 255 0 92 255
    255 255 255 0 255 0 0 0 6 255 255 0 0 255 255 0 0 48 255 0 255 55 0
    254 0 0 96 255 0 0 255 255 255 255 0 0 201 255 120 124 0 0 255 255
    255 0 0 255 0 255 0 255 0 0 0 255 255 129 255 118 33 0 71 255 255
    255 0 0 78 255 255 0 255 255 255 0 255 255 255 231 0 255 255 255 16
    255 0 133 0 0 255 0 255 0 255 0 0 0 0 255 255 0 0 255 243 255 0 0
    182 0 255 255 0 0 93 255 255 0 0 255 255 0 255 0 0 255 0 255 0 255
    255 0 255 0 0 0 0 18 139 0 0 255 255 0 246 0 255 0 255 115 255 255
    255 0 0 0 255 119 255 114 102 0 255 255 215 162 0 0 0 17 255 255 0 0
    15 0 3 255 201 0 220 73 255 255 0 255 141 255 216 0 255 255 255 0 0
    41 255 255 255 0 0 0 255 0 255 0 87 0 255 0 255 0 0 0 255 255 255
    255 207 255 255 255 255 0 255 0 0 154 255 0 0 255 255 255 143 255 0
    89 255 255 0 249 255 0 197 0 117 0 0 0 0 0 0 244 177 26 255 0 255 0
    255 71 0 0 25 255 255 255 7 0 0 90 0 255 255 255 240 0 255 255 0 34
    47 0 171 222 0 255 189 0 208 0 255 255 0 0 255 255 200 0 0 219 0 0
    255 0 0 255 0 0 0 206 255 255 255 0 255 255 255 0 0 238 255 255 255
    190 0 0 0 0 245 250 0 230 0 255 65 255 214 255 255 255 0 228 229 255
    255 0 255 0 255 42 184 67 3 0 255 255 255 0 133 169 0 0 255 0 0 255
    255 255 255 16 0 0 255 255 0 0 19 205 0 0 0 255 255 255 0 0 0 131 0
    0 237 255 255 0 0 0 255 10 25 0 255 0 255 255 83 0 255 193 255 0 0
    50 255 0 255 255 255 255 0 0 0 0 109 0 233 255 255 0 0 0 242 0 255 0
    255 255 0 0 6 0 255 0 255 0 0 0 0 63 0 255 0 255 0 0 255 255 255 255
    0 0 95 255 0 255 255 255 0 0 88 0 233 0 255 0 255 0 0 85 0 255 0 255
    0 0 0 255 255 255 255 134 255 0 0 255 255 255 0 0 0 255 255 0 0 255
    255 0 255 0 255 255 255 255 0 255 0 224 0 255 0 0 255 0 0 0 255 255
    255 0 255 88 0 0 40 204 172 255 255 255 0 0 255 255 0 255 0 255 255
    255 138 0 255 255 255 0 0 255 255 0 0 170 0 79 255 255 255 0 77 0
    255 255 254 0 123 184 255 0 0 0 235 255 42 255 255 114 255 255 255
    134 0 255 30 255 255 0 0 0 255 255 0 145 255 255 0 0 255 0 0 0 255 0
    0 88 0 255 0 255 73 212 255 0 255 0 255 0 75 0 255 255 185 0 71 0
    255 255 255 77 255 255 0 0 0 0 243 0 255 255 205 222 195 255 163 0
    174 0 255 0 0 0 0 27 0 255 255 255 0 255 0 255 255 0 0 255 9 255 0
    255 113 0 255 0 255 0 0 255 255 0 0 0 255 121 255 0 68 206 237 0 0 0
    2 255 255 255 0 0 0 0 255 0 255 0 208 0 75 0 255 255 255 255 0 187 0
    255 255 100 0 0 0 255 0 255 255 255 255 57 70 255 0 255 0 0 255 255
    0 0 0 255 255 255 255 0 122 0 255 0 255 255 255 0 0 0 255 0 0 255 0
    231 151 0 0 156 36 255 255 255 0 255 255 79 251 244 0 255 0 255 0
    255 255 117 255 0 148 255 0 0 0 255 0 0 92 0 255 65 255 255 255 0
    156 10 83 0 191 221 255 195 0 120 255 255 255 255 0 0 159 255 255 0
    0 0 255 0 0 0 0 255 255 255 192 0 236 255 0 0 255 255 0 167 255 0 0
    255 0 0 255 0 0 255 255 255 0 255 255 255 56 0 0 112 0 255 160 190
    255 0 255 145 255 0 0 0 255 255 0 0 0 0 255 0 255 0 0 0 142 255 49 0
    92 255 255 0 0 255 34 255 0 255 0 207 24 0 102 255 19 255 77 255 168
    0 0 42 112 255 255 255 199 0 0 255 255 255 0 0 227 0 0 255 255 255 0
    255 255 255 0 0 255 255 140 0 255 0 0 0 0 0 19 255 0 0 0 255 116 255
    253 0 219 0 255 0 255 206 0 0 0 255 7 255 255 0 0 0 255 255 0 0 136
    255 255 0 209 0 0 255 0 255 0 0 0 0 255 0 255 212 255 0 255 0 189
    169 255 5 27 255 255 255 0 255 255 255 255 255 151 0 0 0 0 172 255 0
    0 0 255 0 0 225 0 255 0 0 0 255 255 255 0 0 0 255 0 255 255 255 0
    255 0 255 0 112 0 219 255 0 0 0 0 255 59 255 255 255 162 195 0 0 0
    255 255 255 0 255 255 255 0 0 255 133 255 0 255 0 255 0 255 0 0 0
    255 149 206 0 0 255 255 40 255 143 152 0 64 0 18 0 36 0 251 255 255
    0 255 255 255 255 255 0 7 0 0 255 143 255 0 255 255 255 230 0 255 0
    0 0 0 255 163 255 255 0 0 156 199 0 27 0 255 255 255 255 0 16 255 0
    255 255 255 255 0 255 0 255 255 255 255 40 0 113 0 0 255 0 0 255 255
    255 0 0 0 255 57 0 78 0 92 255 255 255 255 0 255 0 0 170 255 0 145
    142 203 255 230 0 255 0 0 0 0 255 255 255 255 0 244 0 255 5 255 255
    255 255 214 0 0 0 0 0 191 0 255 255 0 0 0 255 255 194 255 255 255
    255 0 0 41 96 0 65 255 255 255 255 255 88 0 255 0 209 255 0 255 0
    255 255 255 0 244 255 0 0 0 0 255 255 0 0 250 255 255 119 0 255 255
    0 64 0 255 0 0 255 255 255 0 25 0 255 0 255 255 255 0 64 255 0 255 0
    255 0 0 255 255 255 255 0 0 0 0 255 0 255 0 131 255 0 255 0 0 255
    255 255 0 255 0 255 0 0 0 68 3 255 0 196 255 169 255 174 255 0 0 0
    104 255 0 0 0 0 255 255 255 255 0 0 0 255 0 255 176 255 0 0 0 255
    147 255 255 255 0 153 0 33 255 0 243 0 255 127 251 255 0 255 0 255 0
    255 0 190 157 137 255 255 255 0 0 0 202 0 220 100 255 255 0 0 0 0
    183 0 0 255 255 248 0 93 225 255 255 255 255 0 205 0 206 0 0 0 48 0
    0 0 255 0 60 255 255 121 255 0 0 0 103 255 248 252 255 255 180 0 84
    208 0 0 255 255 255 255 234 0 0 0 255 255 168 255 84 53 0 255 120
    255 255 255 0 97 1 255 255 143 255 124 0 0 174 139 104 0 82 0 255
    255 0 0 0 0 0 255 0 0 195 255 0 0 0 0 255 0 197 255 94 0 0 0 255 52
    255 0 212 255 0 255 0 182 0 255 249 0 0 0 255 110 92 0 255 11 255 0
    255 0 0 0 181 255 72 0 255 255 255 0 100 0 255 0 255 255 255 0 58 0
    0 255 255 0 0 16 255 101 0 0 255 255 255 255 38 155 0 255 0 0 27 0
    174 255 255 255 0 0 0 188 255 255 255 255 0 255 193 0 0 9 79 33 255
    255 78 0 0 255 136 255 0 255 0 0 255 56 255 0 255 0 255 56 0 67 28
    250 0 0 255 255 255 0 0 0 255 255 0 96 255 255 0 0 255 255 255 0 11
    255 0 255 238 0 255 0 255 0 0 255 131 202 255 209 255 0 0 255 255
    255 0 164 255 255 0 2 0 247 252 0 0 255 0 0 0 0 0 255 255 255 0 0
    255 0 17 255 255 0 255 0 255 0 0 255 0 85 162 0 255 255 0 0 255 255
    0 255 0 0 255 25 0 253 255 149 0 255 255 255 0 20 0 0 0 0 255 255
    239 0 0 255 255 255 0 0 255 250 0 0 55 255 255 249 255 0 8 0 0 0 255
    255 198 255 255 255 0 255 0 255 48 255 0 0 101 169 0 0 255 0 0 0 255
    0 255 255 255 0 0 0 255 255 255 80 255 0 255 0 255 0 255 216 255 0
    255 255 255 255 0 194 130 255 255 0 0 0 255 137 255 255 255 255 0 0
    255 0 164 175 222 255 0 45 0 0 255 255 255 0 0 0 2 0 138 0 0 0 255
    255 0 0 0 255 0 255 255 255 255 0 222 0 0 227 0 0 0 255 0 255 255
    255 255 0 0 255 0 255 0 0 255 255 83 0 0 0 169 131 255 255 72 255 0
    255 0 255 129 255 0 255 0 237 0 96 255 0 255 112 204 0 79 238 170
    255 255 255 255 0 255 0 255 0 0 255 255 0 0 255 0 255 255 0 0 0 255
    255 255 255 0 255 165 255 41 42 0 27 78 0 255 0 255 94 255 255 0 0 0
    255 0 255 0 255 255 0 0 0 255 255 255 255 0 238 202 255 0 255 64 255
    255 0 0 0 0 244 255 0 255 0 0 0 194 0 143 255 255 255 0 227 0 0 0
    255 255 0 0 0 0 0 255 242 255 255 0 0 255 255 0 255 255 106 0 0 255
    0 192 0 58 0 108 255 0 0 0 255 255 0 251 0 255 0 0 0 0 255 255 255 0
    255 0 255 0 255 0 255 0 255 0 0 255 255 1 0 0 56 118 102 220 0 255 0
    0 24 255 0 0 0 255 255 255 0 40 255 111 103 46 0 0 255 255 255 255 0
    0 0 252 0 187 70 255 0 23 0 89 0 0 0 166 255 255 230 0 0 0 129 32
    255 255 255 0 255 0 255 120 147 65 76 255 0 223 0 255 221 255 255 0
    0 255 103 255 74 0 0 194 0 0 0 155 255 0 0 255 255 0 123 0 255 255
    70 0 202 255 255 255 0 0 255 0 190 0 255 255 255 255 255 0 0 0 0 255
    0 0 0 187 0 255 0 255 127 0 255 206 0 47 92 0 255 0 0 0 255 255 255
    0 0 255 255 255 0 255 0 1 255 244 255 0 52 0 255 255 255 0 0 0 0 255
    0 238 255 0 255 0 255 0 23 0 0 255 255 0 11 128 255 104 0 225 252 0
    0 0 0 255 0 255 0 247 0 155 255 255 255 255 255 0 219 0 255 0 123
    255 140 0 0 234 255 16 163 121 174 255 0 255 35 0 0 32 94 0 88 0 255
    255 255 73 0 255 0 0 0 255 255 255 0 142 0 0 255 61 154 255 182 241
    115 0 255 0 255 0 90 0 255 0 0 0 188 0 54 0 187 255 255 0 0 255 255
    156 50 255 255 255 0 0 0 57 255 255 255 97 255 0 255 0 255 255 55 0
    255 255 25 0 0 255 0 196 0 0 0 255 0 128 0 14 255 255 26 255 0 0 84
    255 255 0 0 255 18 6 255 0 66 255 143 0 255 0 255 0 0 255 255 255
    255 0 235 41 0 16 255 255 138 183 0 0 0 0 255 32 111 255 0 152 255 0
    92 0 0 0 37 255 255 0 245 255 0 0 246 255 255 0 0 255 29 255 0 255 0
    0 247 255 36 0 0 79 255 255 0 255 255 200 11 255 255 0 0 100 0 0 255
    194 255 0 255 0 0 0 97 121 245 255 0 0 0 51 0 0 255 255 0 255 255 74
    255 0 255 255 0 255 255 146 0 164 255 255 28 0 0 0 0 41 0 255 0 255
    202 255 0 255 0 0 0 255 255 255 0 255 0 0 0 0 92 255 255 0 0 0 118
    255 255 255 0 93 0 78 255 255 0 0 60 255 73 0 255 0 193 0 255 255 94
    255 0 255 255 255 255 255 0 0 0 255 255 0 0 255 255 0 0 0 0 255 255
    255 51 0 0 0 255 255 0 255 163 255 0 255 19 0 255 0 255 196 0 255 0
    255 255 255 0 255 255 146 255 0 32 197 255 0 109 255 142 255 0 255 0
    255 0 0 0 172 0 255 0 0 0 53 0 255 255 18 0 255 0 0 94 0 255 255 255
    242 0 255 0 255 0 0 0 31 0 255 255 255 255 0 0 0 0 156 0 93 255 255
    255 255 0 0 71 71 206 0 255 0 255 0 40 0 0 0 255 0 255 0 44 0 255
    255 255 0 255 0 255 0 0 0 255 255 0 0 0 255 0 255 255 255 94 244 171
    255 0 255 0 25 151 0 0 255 211 242 0 65 255 255 0 204 0 255 255 255
    255 0 255 255 0 85 0 0 0 255 249 0 0 0 255 255 255 255 95 0 255 255
    255 188 0 69 94 255 0 255 255 255 0 255 255 190 0 255 0 255 74 255
    111 0 0 0 255 0 0 0 0 255 0 0 0 255 255 255 0 159 255 0 255 0 255
    255 255 255 185 0 29 255 58 0 255 218 255 255 0 0 255 224 255 255 0
    255 32 0 255 72 62 0 0 96 0 0 255 182 255 0 154 0 255 0 255 245 255
    0 255 255 253 167 0 0 255 255 255 0 0 1 255 255 0 255 0 11 0 255 255
    255 0 0 163 255 255 0 40 0 255 255 255 255 255 0 128 231 255 59 255
    0 255 255 255 0 239 255 0 0 255 229 124 255 252 0 0 0 255 0 255 0
    255 0 0 0 0 255 0 255 255 255 255 255 0 0 255 99 255 255 0 255 0 0 0
    255 255 255 220 0 0 255 0 255 255 255 73 0 255 0 255 0 255 0 188 196
    255 0 255 255 255 0 255 255 0 0 0 239 98 0 255 255 0 0 0 255 0 0 255
    255 224 0 0 0 255 206 255 122 222 255 255 255 0 255 0 139 0 255 0
    255 255 255 255 0 0 0 115 0 0 255 0 255 160 83 0 255 144 255 255 0
    255 0 155 254 255 255 255 255 240 255 0 10 0 255 0 0 38 255 196 255
    255 0 0 0 255 0 83 0 255 255 0 0 0 0 255 255 255 105 0 0 255 255 255
    255 255 0 255 228 250 0 255 179 255 255 0 255 0 255 255 255 255 255
    2 0 0 0 255 0 0 0 60 255 255 255 0 0 0 255 0 255 255 255 0 255 255
    255 0 255 255 255 0 255 0 133 0 255 255 0 0 66 0 0 0 255 0 255 0 254
    0 0 255 255 0 0 0 255 0 113 242 253 255 255 255 0 170 255 255 206 0
    0 255 255 255 255 0 0 121 255 255 0 207 255 0 0 0 119 255 90 126 255
    209 0 255 0 0 0 255 255 255 0 0 0 255 9 255 0 255 255 255 0 0 0 255
    255 255 0 40 0 255 255 0 0 0 0 255 0 0 0 255 255 40 57 255 255 0 0 0
    0 255 0 0 255 0 27 255 79 0 0 0 255 0 214 65 0 255 255 0 255 0 255 0
    255 0 255 0 255 0 0 255 129 255 0 0 0 255 0 255 255 241 0 140 255
    255 216 0 255 0 255 0 108 0 159 163 0 228 255 136 0 0 255 255 255
    255 0 255 7 0 0 0 255 0 0 0 170 142 255 255 0 0 0 255 0 0 0 255 0
    255 106 51 255 0 0 0 0 255 0 0 0 0 0 255 0 255 255 255 255 255 255
    194 255 0 255 0 0 0 184 76 255 0 255 255 255 255 0 0 0 255 10 123 0
    186 0 255 0 255 208 255 0 255 169 255 97 255 0 255 58 255 0 0 251
    255 255 255 0 255 255 255 0 0 0 255 255 7 255 0 65 0 60 0 255 0 255
    0 0 0 0 0 177 255 255 255 255 255 0 255 0 178 154 0 255 0 255 0 0 0
    255 0 55 0 0 0 0 255 255 255 37 255 50 255 0 255 0 255 0 194 233 255
    0 196 0 222 0 123 0 255 212 0 0 186 255 95 255 255 255 37 0 0 255
    242 177 255 0 82 0 255 0 255 0 255 255 0 255 43 255 255 255 0 0 40
    92 195 0 255 255 0 0 0 255 255 255 0 255 255 255 255 255 255 255 0 0
    254 255 255 0 0 65 56 0 255 78 34 0 0 0 255 255 255 255 255 255 0
    255 0 0 0 209 255 0 0 255 255 0 255 0 0 0 255 255 255 0 0 255 255
    255 0 23 255 0 255 0 0 0 255 229 255 0 255 0 255 0 0 0 255 255 255 0
    255 255 182 0 92 0 255 255 0 0 236 255 255 0 255 0 0 0 22 255 0 0 0
    0 240 0 0 0 255 255 64 12 0 255 255 255 255 0 193 130 255 255 255 0
    211 255 255 255 0 150 0 255 167 255 255 0 255 0 0 0 255 0 255 0 0
    255 0 255 255 255 102 212 0 0 43 255 0 255 0 255 59 0 220 25 39 96 0
    0 0 59 255 122 0 255 0 0 0 7 0 82 176 255 41 255 255 103 0 255 0 255
    146 255 0 0 255 255 255 0 255 0 255 0 46 22 219 0 0 0 255 73 0 0 81
    8 0 255 209 255 0 0 0 176 193 0 0 0 77 0 221 255 0 255 0 255 0 255
    255 0 6 0 161 255 255 0 255 30 255 0 189 0 197 90 0 0 255 255 255 0
    164 63 0 255 0 0 180 255 176 0 0 0 0 71 0 255 0 255 0 0 0 255 255
    255 255 105 141 70 255 255 255 0 255 0 242 0 223 255 207 0 199 9 0 0
    255 255 0 0 5 174 0 0 242 255 255 255 255 255 0 0 0 116 0 188 255
    255 255 255 0 237 0 255 255 255 215 255 255 82 0 255 198 255 97 0 0
    0 255 0 255 0 255 238 255 157 255 255 0 0 0 0 255 31 255 179 0 45
    255 0 201 3 255 255 0 0 0 255 0 255 0 0 0 255 255 100 0 0 213 255
    255 0 181 0 0 0 159 7 51 255 249 255 0 255 0 255 0 255 57 0 255 255
    0 0 0 255 255 255 255 255 255 0 175 255 255 0 0 0 255 255 254 0 109
    148 0 160 0 73 255 161 111 255 255 0 0 255 0 255 0 255 0 0 0 75 255
    0 53 255 0 255 0 255 70 152 0 0 255 0 0 19 255 255 0 123 0 0 141 255
    255 0 255 255 255 255 255 0 255 0 255 83 255 0 0 76 0 172 0 255 0 0
    0 0 255 233 255 0 255 0 255 110 255 0 255 255 0 194 223 0 0 255 105
    52 255 0 255 0 255 250 0 0 255 255 255 0 0 0 255 255 255 0 175 255
    255 0 0 255 0 76 0 255 255 212 255 0 255 0 255 255 255 255 100 0 107
    0 255 179 0 0 0 255 255 163 0 255 141 255 255 255 255 0 119 67 255
    110 255 102 255 255 230 255 0 255 0 255 255 255 255 255 0 0 0 255
    255 255 0 77 0 255 255 255 0 0 0 255 118 0 255 170 255 255 0 0 255
    255 255 0 255 0 255 255 239 0 163 255 0 82 255 255 158 248 66 255 0
    255 208 0 116 0 73 255 0 0 0 179 44 245 255 0 91 49 119 0 255 255
    255 255 0 255 0 0 0 0 255 255 0 255 255 0 0 0 255 255 255 255 0 255
    0 0 0 255 0 0 255 255 255 0 255 52 235 255 47 0 255 255 255 255 255
    71 0 0 0 0 0 0 0 255 0 255 0 255 230 255 0 255 0 255 0 255 199 255 0
    0 255 255 251 0 0 255 0 255 0 255 0 0 255 123 232 255 42 255 255 255
    0 200 0 255 87 0 60 255 255 255 219 0 0 0 255 255 0 0 255 255 255 0
    0 0 255 0 255 0 0 255 0 255 255 255 255 245 108 157 255 0 255 0 255
    72 172 255 0 173 0 255 0 0 0 240 255 255 189 136 0 255 0 96 0 0 42
    255 0 109 255 0 101 255 255 255 0 52 0 255 0 203 0 9 0 255 255 0 0
    255 0 0 0 200 255 255 255 0 0 0 255 255 99 22 251 123 255 255 255 0
    255 0 0 0 164 255 255 255 255 0 255 0 255 255 255 255 199 112 34 255
    0 255 182 255 0 0 0 255 255 222 0 255 92 255 255 182 0 255 14 0 0 0
    255 252 255 0 0 118 255 255 255 0 0 255 255 104 0 0 0 255 255 255 0
    0 255 255 0 255 0 0 0 68 255 255 255 0 0 255 0 0 187 0 255 255 255 0
    255 255 196 0 255 0 43 36 103 0 255 0 255 0 255 0 206 0 29 255 198 0
    0 104 0 5 255 255 255 141 255 0 255 0 255 255 255 108 0 255 255 255
    227 255 0 211 255 255 72 255 255 255 0 0 255 255 75 0 0 2 36 0 0 255
    255 255 0 255 0 0 0 255 151 0 0 255 255 255 255 255 0 0 0 0 26 255
    255 0 255 0 0 0 148 255 255 255 255 255 0 0 255 0 229 108 255 0 0
    109 0 0 255 255 255 0 0 255 0 255 199 255 0 0 0 0 255 132 255 0 0 0
    0 255 255 255 0 16 0 174 138 0 255 0 0 0 0 255 255 255 0 0 91 0 255
    0 255 0 0 0 0 0 229 255 255 0 0 0 255 255 255 255 0 0 215 255 236 0
    255 255 145 0 42 255 255 255 0 255 0 0 255 117 255 255 0 0 0 0 194
    255 0 117 255 0 62 255 255 255 0 255 0 255 0 0 243 255 255 0 255 0 0
    162 255 255 0 0 255 0 255 0 255 0 0 255 0 0 255 255 255 0 0 0 0 0 0
    255 160 191 93 255 224 255 255 255 111 49 227 200 255 129 255 255 0
    185 0 0 61 255 255 0 255 0 255 0 244 255 0 0 222 255 166 0 255 0 255
    0 0 0 255 255 31 151 0 255 255 0 180 0 255 247 255 255 194 255 0 190
    0 255 0 0 0 17 255 81 255 42 0 229 0 255 0 0 73 255 255 120 14 255
    44 0 0 41 255 255 0 255 0 0 0 138 0 255 255 0 0 0 150 255 255 0 0
    201 255 255 10 0 0 0 255 255 21 0 255 0 28 255 255 255 0 1 255 0 248
    166 255 0 0 47 0 255 255 255 255 196 0 0 0 0 84 0 255 255 255 0 0 0
    0 255 255 0 255 255 255 255 255 0 0 106 255 255 255 244 255 0 0 0
    255 255 151 255 234 111 0 0 255 255 255 0 255 0 255 0 0 0 255 255 0
    0 255 255 0 0 255 255 255 29 0 0 194 255 0 0 202 255 255 20 0 0 0
    255 0 114 255 255 0 0 255 255 0 0 0 255 151 0 255 208 255 0 255 0 0
    0 231 0 255 0 0 0 255 0 0 101 255 255 0 255 0 255 0 255 0 0 255 255
    255 0 0 142 36 255 255 255 251 0 0 0 146 0 255 0 0 0 0 0 255 255 0 0
    53 0 204 0 255 32 216 255 255 161 255 19 255 0 255 204 0 255 255 228
    0 185 164 0 255 255 0 255 53 255 0 255 202 255 255 255 77 75 255 174
    0 255 0 0 52 255 0 0 255 0 0 255 255 255 255 0 0 0 0 255 0 0 255 255
    255 0 0 0 255 255 255 160 6 255 0 0 255 0 71 0 255 0 0 155 193 0 0 0
    79 255 115 255 200 0 0 0 255 255 255 255 0 101 0 0 0 0 255 0 224 230
    0 35 255 76 0 0 0 255 5 97 0 0 141 255 0 255 255 255 255 200 255 0 0
    0 255 165 255 186 56 116 255 0 0 0 50 207 214 255 255 255 0 0 0 22
    25 255 210 0 166 0 159 0 0 0 0 255 79 255 255 35 255 255 0 0 0 0 255
    46 255 0 255 0 0 0 125 255 0 150 90 0 0 255 255 0 0 214 255 255 0
    255 119 0 0 0 0 255 255 0 255 0 255 255 255 255 255 0 132 0 0 255 0
    255 0 18 255 255 255 0 0 80 255 255 0 0 0 255 0 160 0 92 255 255 178
    255 255 255 0 255 0 0 0 255 0 255 0 0 0 255 255 255 0 65 0 255 255
    209 255 255 0 51 0 255 0 0 0 255 0 0 0 0 235 255 255 0 0 0 0 255 0
    255 0 255 0 114 255 0 255 0 255 0 0 0 255 0 0 0 255 172 255 0 255 0
    16 255 16 0 255 0 255 0 255 255 255 30 0 255 169 242 255 0 255 255
    255 0 255 0 255 105 255 0 255 255 0 255 255 255 0 0 255 255 0 255 0
    255 122 0 0 255 255 185 174 255 255 0 255 255 46 0 0 255 180 59 255
    0 22 0 0 255 255 255 0 255 0 0 0 255 255 255 215 0 255 0 10 255 246
    255 255 0 131 0 255 0 0 0 0 0 239 0 0 0 255 255 255 0 0 0 0 153 0
    200 180 255 0 255 0 0 0 59 0 0 0 255 0 255 70 255 190 213 255 0 255
    255 5 100 98 255 0 0 213 255 255 0 255 255 0 0 0 255 255 255 255 255
    228 255 108 255 0 0 0 131 11 255 255 0 255 0 139 0 255 0 255 0 0 0
    232 0 0 255 0 0 0 255 255 0 60 0 0 192 0 255 0 255 255 0 255 65 255
    0 0 0 37 183 18 0 120 10 0 251 0 20 0 255 255 255 0 67 164 255 255
    97 255 14 254 0 230 255 255 0 255 255 128 0 0 99 255 255 153 0 255
    68 0 0 0 255 0 255 255 115 0 0 47 194 0 0 107 0 255 0 255 255 150 0
    135 255 255 255 199 0 0 0 255 255 255 0 148 255 255 255 0 0 171 255
    255 0 0 0 255 0 0 169 255 255 139 251 242 174 0 0 255 111 255 255
    190 0 94 255 203 0 255 0 255 0 186 0 255 0 255 255 3 255 61 150 0 0
    255 25 255 0 255 5 255 0 255 255 255 0 255 102 101 255 119 255 0 131
    255 255 94 0 255 11 255 207 0 255 255 255 0 0 255 255 18 0 0 112 0
    255 255 255 0 0 232 0 156 255 255 245 255 0 122 0 255 255 255 0 0
    255 255 255 255 0 0 0 7 255 0 255 0 75 141 255 0 0 0 255 0 90 0 230
    0 255 255 0 255 0 0 255 255 174 0 0 100 255 255 0 0 255 0 0 76 0 0
    255 0 0 0 255 255 255 0 255 0 255 97 255 0 255 185 255 0 255 255 55
    0 255 225 215 255 255 0 0 0 116 255 255 255 0 0 255 0 255 0 0 255
    255 255 212 0 157 141 155 0 255 255 40 255 0 255 0 255 0 0 239 0 255
    92 255 0 0 25 123 120 255 100 0 42 255 255 0 255 0 0 255 255 255 46
    36 0 0 0 0 78 255 255 255 162 255 0 0 70 0 0 255 255 255 0 255 0 255
    0 255 0 255 255 255 0 255 0 255 0 255 0 255 255 255 0 0 0 255 0 0
    255 255 255 255 11 255 51 0 0 255 0 255 255 255 32 0 116 0 255 0 255
    0 149 255 0 226 157 255 0 255 0 255 0 0 69 255 255 255 255 173 255
    236 0 0 104 255 0 255 100 143 222 134 255 44 128 38 0 0 255 0 255 81
    255 255 0 0 0 255 0 70 255 255 255 73 255 126 255 255 0 71 255 0 255
    166 255 0 255 0 255 0 3 151 255 255 0 0 209 0 8 255 255 0 255 0 255
    255 0 255 0 255 250 0 0 0 145 0 255 255 255 255 0 0 0 74 0 255 255
    236 196 0 0 255 255 0 0 35 80 0 25 0 255 0 0 0 255 33 255 255 255 0
    112 0 255 255 255 255 0 255 255 255 0 255 0 163 0 255 255 85 0 0 196
    255 255 255 255 0 0 32 0 66 0 72 255 255 255 0 255 255 255 0 220 101
    0 255 0 255 255 255 255 233 0 255 255 255 0 0 68 0 255 255 255 0 227
    0 0 255 39 255 48 77 0 80 233 136 255 255 0 0 0 255 255 255 0 255 48
    0 255 55 0 255 255 255 0 0 85 255 0 122 0 0 255 0 0 0 255 0 0 0 0 26
    255 255 0 0 65 255 0 255 0 0 228 255 255 255 255 0 0 74 255 0 0 0
    255 255 202 255 0 255 0 255 0 0 0 0 179 0 255 255 248 255 255 255 0
    102 0 255 69 255 0 0 255 255 255 0 0 0 255 255 0 0 0 255 0 17 65 0 0
    255 255 255 0 163 161 255 255 255 0 95 255 0 0 99 255 247 0 0 0 255
    44 24 0 0 0 0 255 101 0 219 0 240 0 255 255 0 0 0 179 0 255 0 0 35 0
    200 123 255 255 169 255 0 255 28 0 0 255 255 255 255 41 0 0 255 255
    255 255 0 255 0 0 0 35 255 0 255 255 13 255 255 255 255 255 0 0 0
    255 0 255 255 255 39 65 0 255 0 0 255 255 0 0 255 255 255 0 32 222
    255 255 0 255 0 233 0 255 255 255 194 255 0 173 28 255 86 139 255
    255 255 4 0 213 255 101 255 0 255 187 145 255 255 31 0 0 106 0 255 0
    255 0 255 0 0 255 255 0 0 255 0 0 0 255 215 0 255 255 255 0 255 145
    0 0 86 251 0 117 0 255 0 0 0 255 0 0 0 255 255 255 0 0 0 255 255 255
    211 0 0 255 0 25 0 0 0 0 255 0 255 0 255 0 255 0 255 167 0 0 0 0 255
    255 255 124 0 0 0 248 189 255 161 0 0 18 255 255 255 0 0 0 255 255
    171 255 0 0 0 255 255 255 0 255 0 0 0 194 0 0 0 193 255 0 255 0 0 0
    255 255 255 0 0 0 0 0 101 255 255 188 0 255 255 255 0 255 255 255
    255 0 0 121 0 0 0 255 255 0 0 255 255 0 0 255 0 255 250 0 255 255 26
    0 175 0 255 255 255 245 255 255 0 255 92 255 0 112 0 255 0 255 228 0
    255 255 0 0 12 0 255 72 255 0 0 0 2 0 0 0 235 0 255 255 255 255 0
    255 80 0 0 0 0 47 0 43 29 255 5 0 255 255 0 240 255 200 0 223 255
    255 255 255 0 247 255 0 0 195 0 0 247 0 255 255 255 0 0 255 0 0 0 0
    255 255 255 255 255 255 29 0 114 255 255 255 151 0 0 0 242 255 0 255
    0 255 37 255 0 255 52 255 0 255 255 53 0 0 255 255 0 0 255 255 0 255
    38 0 255 0 255 255 177 0 255 0 255 0 0 0 0 0 77 0 255 255 255 92 0
    255 105 255 255 255 255 245 0 0 60 255 241 49 0 0 255 255 255 0 0 0
    255 255 223 255 0 0 0 255 255 169 255 0 255 0 255 255 255 0 0 217
    255 255 0 0 255 255 149 0 255 255 255 0 0 0 0 255 0 255 255 0 255 0
    68 0 0 255 255 255 0 255 255 0 0 0 255 255 255 255 0 255 255 0 0 93
    255 255 0 255 33 0 0 0 255 255 62 0 0 103 0 255 255 200 0 63 0 0 29
    255 0 255 0 255 255 255 0 0 255 0 255 0 255 0 255 0 255 255 255 255
    0 0 169 255 0 0 0 255 21 255 255 168 0 0 0 129 0 1 191 255 0 255 0
    255 25 255 0 255 255 255 255 255 0 0 255 255 0 0 0 42 255 255 0 0 0
    255 117 0 39 255 255 255 0 0 0 255 255 242 255 0 0 255 255 0 87 138
    148 151 0 0 0 255 0 255 239 255 37 255 0 146 255 255 156 0 0 136 255
    62 15 0 0 59 165 255 255 255 0 0 0 255 255 255 255 0 0 0 35 255 255
    255 255 0 0 0 255 255 0 255 0 255 164 102 0 0 5 0 255 242 255 188
    255 0 255 0 0 96 0 61 92 0 0 255 255 255 0 0 255 255 0 255 0 24 0
    255 154 255 255 255 0 0 0 0 0 255 255 255 255 65 255 0 52 0 11 255
    255 184 255 255 0 0 255 222 186 0 0 0 0 255 0 232 0 255 255 255 0
    255 0 255 0 169 255 0 0 0 255 255 255 255 0 255 0 255 0 255 255 0
    255 0 255 0 255 255 0 255 0 0 0 0 0 115 0 0 255 255 255 0 0 255 0 0
    202 255 121 57 255 194 255 0 255 0 152 0 0 193 0 255 154 0 0 54 47
    255 255 192 0 0 255 0 0 0 255 255 255 255 0 0 0 0 228 255 154 0 0 15
    255 255 255 0 0 255 255 255 0 0 0 0 76 0 19 0 255 255 217 255 0 255
    0 0 255 255 0 0 255 24 0 0 0 255 255 255 255 0 0 140 215 255 0 0 255
    0 255 255 0 255 0 0 0 166 21 0 0 255 0 0 0 255 27 152 255 255 183
    255 0 0 0 120 0 255 255 255 7 255 224 0 0 255 0 0 255 255 0 0 0 255
    255 0 255 255 255 156 255 255 122 0 0 255 0 255 255 255 255 0 0 103
    255 255 0 0 49 255 255 0 231 255 0 0 111 255 255 255 60 0 255 255 37
    255 0 0 255 36 191 0 148 255 255 255 0 255 0 113 255 165 255 255 255
    255 255 255 0 255 255 0 0 255 0 255 0 255 255 255 0 221 0 255 0 0 0
    255 40 255 0 255 255 255 0 0 255 255 0 255 0 255 172 134 255 0 0 0
    255 255 255 0 0 255 255 255 0 255 255 255 255 0 0 215 0 0 219 255
    255 0 255 0 255 20 255 255 0 0 255 0 255 255 0 0 0 0 140 58 255 158
    118 255 0 255 0 255 255 0 46 123 232 255 192 255 0 255 255 0 0 0 255
    0 188 82 255 0 0 0 0 255 92 141 103 0 0 0 255 0 255 255 255 46 255
    255 0 0 255 255 0 0 255 255 255 255 8 255 0 255 0 0 0 255 255 0 0 0
    255 255 255 0 0 255 0 0 0 0 255 0 95 255 169 0 0 255 255 41 142 255
    0 0 255 203 0 0 5 0 255 255 255 255 255 0 0 0 255 255 255 0 0 0 255
    255 0 255 0 0 63 255 211 0 255 255 0 0 0 0 0 255 255 0 0 0 255 255
    255 0 0 0 255 255 255 0 255 255 255 0 0 236 0 0 0 255 0 255 255 255
    0 56 197 173 255 0 255 234 255 0 0 255 255 93 0 0 255 0 255 255 255
    0 0 0 0 0 255 178 255 0 0 0 255 255 0 255 0 255 255 0 255 0 255 146
    255 255 255 0 0 0 255 0 255 114 255 255 78 0 44 173 255 255 173 0 0
    0 255 255 0 208 124 255 255 0 255 0 255 0 255 134 76 97 0 121 0 155
    63 255 236 0 255 0 148 0 224 232 255 0 208 0 255 255 0 0 255 255 255
    0 255 0 255 177 255 0 0 0 0 0 0 0 0 165 255 255 0 0 217 255 255 255
    255 0 0 0 0 255 255 171 255 0 54 0 255 0 0 0 255 0 0 252 221 255 0
    255 0 255 171 255 0 255 0 255 0 90 0 156 0 0 0 0 255 0 255 0 11 255
    255 255 255 117 0 255 255 255 0 0 0 0 0 255 0 255 0 255 255 255 0
    255 255 0 87 0 255 59 0 255 245 255 0 0 0 255 0 255 0 255 50 141 173
    255 215 0 0 255 0 32 255 255 0 255 0 255 255 0 0 255 255 255 0 255 0
    170 218 0 185 45 255 140 0 0 255 255 255 0 0 0 80 255 0 52 0 255 26
    255 0 0 15 255 255 175 238 255 0 0 255 216 0 255 134 255 59 0 0 0
    255 0 255 0 100 0 98 67 97 255 255 255 68 0 0 0 255 0 255 0 255 0
    255 0 0 0 255 255 255 255 255 0 0 0 175 255 255 0 153 255 94 0 237
    255 255 0 0 255 255 255 0 0 255 255 255 124 246 255 33 0 255 0 126 0
    171 0 255 0 255 255 255 0 193 255 255 0 255 255 183 242 0 255 255
    255 161 255 0 78 0 255 0 0 255 255 255 0 255 0 255 0 255 0 255 255 0
    0 255 255 255 0 0 184 255 0 255 0 255 0 255 0 202 0 94 255 255 0 255
    0 57 0 0 255 255 255 255 147 0 0 255 0 195 0 0 255 0 255 255 0 0 205
    255 255 63 9 20 0 0 0 255 0 255 0 255 85 255 255 255 0 46 0 176 0
    152 44 123 255 0 0 0 0 124 0 255 255 0 0 0 255 0 255 0 255 79 255
    255 0 0 0 0 0 255 255 255 44 119 162 0 0 0 255 255 187 197 0 45 0
    255 0 0 10 0 255 105 255 0 150 0 255 255 255 0 0 0 0 126 0 0 0 0 255
    255 255 0 0 142 138 255 255 131 255 255 0 0 0 255 255 255 0 0 0 255
    255 104 0 0 0 0 0 255 255 25 0 255 0 0 0 255 0 255 0 1 255 255 255
    255 255 218 0 0 255 255 255 175 0 0 0 0 0 0 255 0 255 255 255 80 159
    0 0 0 255 0 255 255 255 0 186 0 255 255 0 138 0 255 255 255 255 0 0
    255 255 255 249 0 255 0 255 255 255 0 0 0 0 255 0 255 255 255 255 0
    255 255 255 0 255 255 255 255 0 0 194 255 255 0 0 255 0 255 0 201
    255 203 0 0 255 0 255 255 255 0 255 255 0 0 255 0 0 255 255 51 0 0 0
    35 255 255 0 0 56 255 255 7 255 0 0 0 255 255 255 0 255 0 61 0 255
    84 98 255 0 0 0 0 228 255 97 0 255 184 0 0 0 0 0 255 255 255 255 255
    37 255 0 255 0 255 0 5 255 255 255 0 204 255 0 255 0 255 136 255 255
    0 0 255 255 0 0 238 255 137 0 0 255 255 109 255 242 255 255 0 0 0
    255 200 255 0 0 255 255 232 13 255 0 0 0 157 0 0 0 0 255 0 255 255
    178 255 0 0 255 255 255 178 255 0 255 21 53 0 118 255 0 0 54 255 0
    255 0 75 37 0 255 0 255 226 255 0 0 255 255 0 0 204 0 255 255 255 0
    255 0 255 79 255 255 255 0 255 0 0 0 0 255 255 244 0 120 255 255 232
    0 255 0 255 255 231 0 0 0 0 88 255 255 227 255 0 99 0 255 0 229 255
    255 0 255 255 255 0 0 255 156 81 0 189 0 255 255 252 0 0 255 0 255
    114 255 0 124 0 106 0 255 0 255 110 255 74 255 255 253 96 255 28 0 0
    0 255 165 0 27 16 255 255 0 0 0 255 255 0 0 0 96 255 0 255 0 0 0 255
    255 255 0 0 0 126 0 0 0 255 255 255 0 0 255 190 2 255 144 255 0 255
    0 255 0 0 0 116 0 255 0 255 0 255 255 255 255 255 0 255 255 255 66 0
    0 255 255 28 0 255 0 255 254 65 0 255 255 0 0 255 0 68 0 0 255 255
    197 0 0 0 0 255 255 72 0 0 233 0 0 0 255 13 0 0 255 255 255 255 0
    255 255 255 255 255 32 0 0 0 213 153 255 255 175 143 73 0 0 255 0
    255 0 0 50 255 145 80 180 255 255 255 0 97 255 255 79 0 0 0 255 186
    255 0 0 18 0 255 79 255 0 255 255 0 0 0 255 255 0 191 0 255 255 255
    246 69 0 0 255 0 255 0 255 180 0 0 0 255 255 255 0 248 103 0 25 0
    255 255 255 255 248 157 31 255 249 255 0 0 21 0 255 0 255 0 203 0
    255 255 0 255 0 0 160 0 0 109 0 0 255 174 0 123 255 0 255 255 255 0
    0 255 54 255 0 0 0 255 255 255 0 0 0 255 255 108 255 0 255 0 255 0
    245 0 255 0 255 32 255 0 0 0 0 255 0 255 255 0 0 0 0 79 255 255 0 0
    255 0 0 0 88 0 0 255 255 255 255 0 255 10 255 0 255 0 0 0 0 0 114
    232 255 0 107 255 84 255 0 255 255 0 0 0 255 0 255 74 255 0 44 255
    10 0 0 133 64 255 88 165 0 255 0 139 0 255 0 255 255 255 0 0 255 255
    164 0 255 255 8 0 0 255 0 0 0 204 90 0 0 0 0 255 197 255 255 255 255
    255 255 0 0 0 144 0 0 255 153 255 0 0 252 255 255 0 0 0 255 0 0 255
    0 0 0 255 255 130 211 185 255 0 255 255 255 0 0 255 255 255 0 255 0
    255 0 61 0 235 255 0 0 255 137 255 255 255 255 255 255 88 255 0 0
    159 255 213 255 255 0 255 0 114 0 98 0 0 0 112 255 255 0 255 0 105
    255 9 255 62 0 255 255 255 0 255 28 247 137 130 255 0 34 255 134 75
    156 255 0 255 255 255 203 0 0 255 0 187 0 0 255 0 255 0 255 0 0 255
    0 0 255 0 255 0 0 0 255 255 255 0 255 0 167 0 255 0 251 0 215 0 255
    0 0 0 255 0 54 0 91 255 255 0 0 0 255 255 0 0 255 255 255 0 255 255
    0 255 0 255 0 251 255 0 0 0 255 255 123 255 255 255 0 0 0 255 34 255
    0 0 0 255 255 0 0 255 255 255 0 255 13 255 0 0 0 255 255 255 0 0 108
    255 0 0 255 0 0 0 149 0 255 0 255 0 176 255 179 239 0 0 255 255 255
    123 126 255 0 0 133 0 25 255 255 228 0 67 255 255 255 0 0 255 255
    255 255 255 0 0 0 0 255 159 44 0 155 255 88 255 0 255 92 255 0 41 0
    243 0 0 255 255 255 0 255 0 0 99 0 212 0 255 255 255 0 0 255 255 255
    0 255 0 255 0 109 218 0 0 0 255 0 214 255 255 255 255 27 0 255 104 0
    0 93 105 255 255 84 255 135 255 114 0 255 255 255 0 0 0 255 0 255
    145 101 0 0 0 255 255 0 0 0 136 43 0 0 255 255 255 255 0 0 0 255 255
    255 0 255 0 97 255 66 3 0 255 0 0 255 0 0 110 119 0 0 255 56 151 255
    138 255 0 255 255 0 255 0 0 255 255 190 255 38 0 255 0 255 255 255 0
    0 255 255 40 0 213 0 255 255 170 0 0 255 255 0 63 255 255 255 0 0 0
    255 255 255 0 255 255 255 0 255 0 255 0 255 0 233 255 0 96 0 255 0
    128 255 0 255 0 255 226 255 255 255 238 0 255 255 255 255 0 255 0 0
    189 255 255 208 31 77 255 0 255 0 255 255 0 0 199 255 255 255 0 255
    255 72 0 0 0 255 255 255 0 255 121 0 0 0 187 255 168 255 0 255 255 0
    111 0 114 0 0 255 237 255 255 0 255 255 0 255 255 48 0 255 255 242 0
    0 110 255 255 255 0 0 255 255 255 255 0 255 0 255 0 255 0 0 77 54
    255 99 0 40 0 0 0 0 0 180 255 0 0 255 255 255 255 251 249 255 255
    255 0 255 0 255 0 244 255 255 0 0 0 0 255 0 234 42 255 255 0 0 0 0
    255 0 255 0 255 255 255 145 0 255 0 0 255 0 51 255 255 2 0 0 0 255 0
    0 255 0 0 255 255 255 0 0 0 255 1 255 0 62 0 255 255 0 195 255 255
    193 0 0 0 0 255 255 255 0 0 0 166 147 255 255 255 0 255 255 0 0 255
    255 255 0 0 0 255 151 0 0 0 0 46 255 0 255 0 0 255 255 255 84 0 0
    255 0 0 255 176 255 103 145 158 13 0 67 255 255 0 0 0 0 255 0 255 0
    255 0 255 255 255 255 252 0 0 133 0 255 0 255 0 0 0 0 230 70 0 255 0
    0 255 23 194 0 67 0 255 169 0 0 255 255 255 255 0 255 231 255 255 0
    0 129 0 255 0 0 133 0 0 255 255 151 95 255 255 255 0 255 0 255 39 0
    0 0 255 255 162 0 0 255 11 255 14 255 0 0 0 79 255 0 255 255 255 255
    0 255 12 0 0 0 185 75 0 255 0 255 255 0 255 0 0 136 255 0 0 0 0 255
    0 255 255 255 0 0 0 0 44 255 16 255 255 255 163 255 0 0 0 0 114 255
    0 31 0 159 16 255 255 255 172 0 0 0 255 0 255 0 255 0 255 115 0 255
    255 255 0 253 159 255 0 0 255 255 0 255 0 255 255 255 255 0 0 0 255
    255 143 0 210 255 0 150 0 146 255 255 131 255 255 0 153 0 255 255 0
    255 255 0 0 15 255 56 0 0 255 255 132 181 0 0 0 0 0 255 97 245 0 0 0
    255 0 255 0 119 0 92 255 255 255 0 56 255 255 201 255 0 255 0 0 255
    0 255 0 255 0 255 0 255 0 0 0 0 0 0 177 153 0 0 255 0 255 0 255 0 0
    0 255 255 255 255 0 255 0 255 0 255 229 0 255 29 255 0 255 0 0 255
    234 134 0 0 255 255 146 0 255 255 255 0 0 0 0 188 0 255 255 0 0 0 0
    255 0 216 0 255 255 255 255 255 0 255 255 255 255 137 0 229 255 0 0
    44 255 0 0 0 0 0 0 59 255 0 0 255 255 255 46 110 0 0 177 0 0 0 255
    255 255 0 0 192 149 255 0 255 210 0 0 255 255 0 0 255 255 255 255
    221 0 255 0 150 0 255 0 255 255 255 0 0 255 13 0 142 255 255 255 0 0
    146 255 255 255 255 0 0 0 255 255 255 255 6 0 255 255 0 188 0 255 0
    255 0 255 255 255 255 255 0 0 0 0 0 255 255 255 255 0 248 0 255 255
    255 232 43 0 0 255 255 255 0 255 255 0 0 255 0 255 255 0 251 0 0 170
    255 74 0 0 255 162 0 24 0 0 255 252 228 0 255 118 58 0 255 0 0 0 255
    10 168 255 6 158 0 186 0 213 0 0 0 198 255 210 0 28 255 0 255 255
    228 0 255 58 8 208 0 172 229 0 0 0 255 0 0 253 92 0 0 255 0 255 252
    0 25 0 34 255 0 22 0 255 255 255 0 255 0 255 0 255 0 89 246 0 125
    255 115 255 255 0 255 28 255 0 0 0 108 255 153 255 0 255 255 255 6 0
    0 0 255 255 255 106 109 255 0 255 0 81 0 0 255 0 255 0 255 0 102 0
    197 0 83 255 255 0 0 0 191 255 0 0 28 255 224 255 255 255 37 0 95
    255 255 255 255 0 0 0 209 116 255 0 0 139 255 255 0 255 78 0 0 255
    255 0 0 0 255 201 0 0 255 255 255 0 50 255 0 0 68 255 0 134 255 0
    211 0 255 255 255 0 54 255 0 255 0 0 0 27 0 255 249 255 0 255 0 255
    239 255 255 255 255 255 255 0 255 143 255 0 255 255 0 255 0 0 0 255
    0 255 0 255 0 255 92 0 255 15 255 255 31 88 255 114 255 0 255 255 0
    0 0 0 0 0 255 252 255 0 255 0 12 0 255 177 0 255 0 255 255 0 255 255
    0 0 255 0 0 255 255 0 57 255 255 0 0 36 0 1 0 255 0 0 0 0 255 69 255
    28 24 0 0 0 255 0 255 0 179 188 65 0 0 255 255 255 0 0 0 255 255 255
    255 0 255 0 255 0 0 255 239 255 136 109 255 0 0 0 35 0 209 0 255 255
    240 255 255 0 0 0 255 255 142 241 0 0 255 255 255 60 0 0 255 157 255
    0 0 0 255 255 255 255 0 0 0 255 0 255 255 161 245 0 98 0 0 24 0 255
    47 37 46 225 255 0 203 255 0 255 0 55 128 255 255 0 0 0 219 180 225
    255 0 255 255 0 0 219 0 255 0 255 0 255 0 255 255 0 0 255 255 255
    255 255 255 0 255 0 208 0 0 105 0 0 85 0 255 0 255 0 255 0 255 14
    255 0 180 98 255 0 255 62 118 255 255 255 92 9 0 255 20 0 57 255 233
    255 255 0 0 90 255 255 255 253 0 255 255 0 0 255 0 255 0 255 182 255
    0 0 0 126 255 255 0 104 255 255 255 0 0 0 255 0 255 0 255 0 0 0 255
    255 255 0 0 255 255 255 72 255 255 130 18 0 0 255 0 255 113 42 255 0
    255 0 255 220 16 255 255 29 255 255 255 255 48 255 255 255 0 255 0
    255 255 255 255 0 255 255 255 0 255 0 103 0 0 255 255 255 0 255 0
    255 0 255 255 0 255 255 44 0 0 255 255 0 236 0 0 0 255 0 255 108 0
    255 0 255 255 0 122 0 255 255 255 0 0 0 255 226 255 255 255 0 0 113
    255 0 2 0 255 255 58 0 255 255 255 0 9 0 6 255 255 255 0 0 255 255 0
    161 255 255 255 255 0 255 0 255 255 0 0 255 255 255 55 0 0 255 0 154
    255 255 185 255 255 0 0 0 255 0 255 217 0 56 0 0 39 0 255 0 255 255
    150 255 0 255 0 255 0 190 220 255 0 10 0 255 255 160 255 0 0 0 255
    255 255 255 0 0 255 255 0 0 0 0 255 0 255 0 0 0 255 255 255 0 255 0
    0 0 0 255 0 255 0 255 183 255 255 0 255 0 105 155 255 0 255 0 255 0
    255 255 0 0 255 255 255 0 0 0 255 255 255 255 255 255 255 255 255
    155 205 0 0 0 255 255 255 0 0 118 255 207 0 255 113 255 0 24 255 0 0
    255 255 54 255 38 255 84 189 178 0 0 255 0 197 255 0 255 0 0 0 255
    255 255 248 16 255 0 0 255 255 0 255 255 0 255 255 255 16 0 255 255
    70 255 255 255 0 0 255 0 255 193 0 0 0 255 92 0 255 31 210 41 0 0
    255 255 255 0 0 0 255 251 0 0 0 19 255 34 0 255 255 255 0 255 130 0
    121 12 236 0 0 0 0 0 0 255 62 0 0 74 255 255 0 255 0 255 255 247 0 0
    255 255 255 255 255 0 0 0 255 255 255 0 0 0 255 0 0 0 255 255 0 255
    255 0 2 84 255 0 0 11 255 0 255 255 255 255 0 0 0 255 255 255 0 0
    205 74 126 255 0 179 0 0 0 255 255 255 0 0 255 0 162 99 255 0 247
    255 255 255 0 0 0 0 129 255 19 255 0 0 0 0 0 255 118 255 0 255 0 255
    0 0 0 0 33 255 255 179 255 255 93 0 255 0 0 255 0 255 0 255 255 255
    255 0 71 0 255 0 255 0 255 0 255 203 255 0 0 0 255 255 131 0 0 0 255
    0 255 0 0 0 57 0 255 255 255 255 255 0 0 255 255 0 255 0 255 90 255
    17 0 255 220 255 255 255 0 255 111 255 0 255 255 255 0 0 255 78 149
    0 255 255 23 128 0 0 0 0 255 0 0 0 255 0 0 255 0 255 0 0 78 53 255
    198 0 0 0 255 0 255 0 255 255 17 0 0 0 105 149 0 0 0 255 255 255 0 0
    215 255 255 255 255 0 0 0 0 255 255 255 0 0 0 0 255 255 255 0 0 0
    255 255 255 7 128 255 212 255 0 0 0 255 255 255 58 0 0 255 255 255 0
    197 0 255 255 96 255 255 255 255 0 255 0 128 0 255 255 255 0 255 255
    250 255 0 43 0 255 0 0 255 255 0 0 0 255 255 255 255 0 0 0 0 5 0 255
    255 255 0 228 179 209 0 0 0 0 255 255 255 0 0 0 255 255 255 0 220 78
    234 0 255 15 255 3 0 0 0 255 255 255 0 255 255 255 255 2 0 179 61 0
    0 0 255 209 0 0 0 255 255 255 255 0 255 255 0 0 0 255 255 255 0 0 83
    255 175 255 88 255 14 0 166 255 255 0 255 255 255 0 0 10 255 255 255
    0 0 193 0 208 255 255 0 255 0 0 255 0 67 66 255 255 0 0 255 255 0 0
    147 118 255 255 0 255 0 255 0 81 0 115 0 255 207 255 0 0 0 0 0 255
    255 0 0 0 0 0 255 255 255 0 255 0 255 0 0 184 255 0 255 34 135 0 158
    0 255 255 0 0 0 255 161 159 151 255 255 255 0 0 217 51 0 0 0 255 163
    255 255 255 0 23 0 0 0 0 255 255 255 0 255 255 255 0 0 255 0 140 255
    0 0 242 255 37 255 0 255 73 0 255 255 0 203 0 255 0 255 0 255 0 255
    255 0 0 0 255 0 255 255 255 0 0 255 0 255 255 55 105 0 0 0 255 255 0
    0 255 53 0 0 0 7 255 255 0 255 0 255 255 0 0 168 255 0 255 0 255 255
    0 0 0 255 255 37 150 0 255 255 255 140 0 255 0 0 0 58 255 0 255 0 12
    0 0 0 255 255 192 0 255 0 255 255 0 0 255 0 255 0 72 0 0 255 255 255
    255 255 0 163 0 0 0 148 255 255 85 0 255 78 0 0 86 0 88 0 255 0 192
    0 0 0 255 255 255 0 255 0 214 0 14 255 255 0 255 0 255 0 206 255 0
    255 0 0 255 255 255 117 255 255 255 24 255 0 255 0 255 0 255 255 0
    255 0 0 0 144 255 0 0 65 255 255 0 253 0 255 0 255 255 0 255 0 0 255
    130 0 36 0 255 210 255 255 0 0 222 255 255 124 41 0 255 0 0 0 255 98
    255 0 255 255 0 0 255 200 0 0 255 255 70 0 255 0 200 255 255 253 70
    0 0 255 255 0 0 0 147 255 255 0 172 255 255 249 137 0 0 255 255 186
    255 255 162 255 255 0 255 0 255 0 0 0 255 255 0 255 43 255 0 0 255
    255 0 255 255 0 0 255 255 255 78 255 2 0 0 255 159 0 95 0 0 154 255
    255 255 255 149 0 0 0 255 228 255 0 255 0 0 0 255 0 255 255 255 217
    255 0 255 95 255 0 121 136 255 0 0 24 255 255 0 255 0 255 140 255
    161 255 247 0 237 0 255 0 255 95 255 0 0 0 0 0 255 64 216 158 0 255
    36 255 255 255 178 255 0 255 255 255 0 255 0 255 0 255 0 255 72 76 0
    17 121 255 255 0 0 255 52 197 0 133 255 255 0 0 255 255 85 0 0 255 0
    255 0 255 0 0 0 255 176 178 85 0 0 255 235 255 0 255 255 255 0 5 32
    255 255 0 0 0 0 0 255 255 255 0 255 255 255 0 0 0 255 255 255 0 0 0
    255 255 0 255 0 196 0 255 0 255 255 255 255 255 0 255 0 206 0 255 0
    138 255 255 255 0 0 255 255 255 0 134 0 255 151 255 142 255 0 0 0
    255 255 255 0 0 0 0 213 0 117 0 255 255 0 0 141 0 255 255 0 0 1 255
    255 102 135 255 255 255 255 33 255 15 0 0 255 255 0 0 0 134 0 0 255
    124 255 0 71 0 0 255 0 255 0 255 150 0 0 255 0 0 0 0 241 255 255 255
    0 191 0 255 58 0 40 0 255 255 255 0 233 214 0 255 255 0 0 0 0 0 255
    255 255 0 0 0 255 255 255 255 177 0 0 78 0 0 0 0 255 255 255 0 255 0
    255 255 72 0 0 255 39 0 0 0 255 255 0 0 0 0 0 0 255 255 203 0 3 100
    101 141 0 252 255 255 0 0 0 0 255 0 255 0 255 255 255 131 0 255 235
    0 255 255 55 145 0 255 255 255 0 255 255 0 0 0 255 117 0 0 0 116 255
    0 255 0 255 255 0 149 0 146 0 0 0 44 255 255 159 255 0 255 14 0 49 0
    43 0 0 0 0 47 255 0 108 255 255 0 0 0 255 255 255 255 0 0 0 255 0 0
    0 0 255 255 255 255 0 0 0 255 0 0 0 255 255 28 0 255 255 255 255 198
    0 80 0 255 239 0 39 27 255 0 142 255 255 255 249 198 83 0 255 0 255
    124 0 107 75 255 0 0 0 0 255 86 255 0 165 0 255 170 0 37 0 255 34
    255 0 255 255 0 0 0 0 0 255 255 255 255 255 76 255 255 0 0 255 0 0 0
    255 0 21 109 0 33 255 255 0 0 0 255 214 255 255 240 0 81 0 255 255
    255 0 54 0 0 0 255 255 0 0 0 255 255 235 0 66 255 255 255 0 0 0 255
    0 255 255 255 0 255 0 0 255 0 255 255 255 26 131 0 255 255 0 239 0 0
    0 173 0 0 255 255 0 0 0 40 0 0 0 0 0 43 255 224 255 255 0 0 247 0
    255 154 0 0 0 255 0 0 219 99 0 0 0 255 255 255 0 185 255 0 0 238 255
    255 0 7 46 255 0 0 255 0 0 255 255 0 0 0 30 0 255 0 255 255 255 255
    0 154 106 255 255 0 255 21 255 0 255 0 0 255 0 255 120 81 152 124 95
    255 19 0 0 0 207 255 255 255 199 255 255 255 0 82 255 199 0 255 186
    255 0 0 0 140 0 0 0 255 0 255 0 255 0 255 0 0 255 0 142 117 255 51
    240 255 255 179 195 0 255 0 255 0 0 0 136 255 255 0 64 0 255 255 255
    0 5 0 0 215 255 255 255 0 0 255 93 255 0 255 0 0 148 33 0 0 0 255 0
    255 0 0 0 255 19 255 8 0 255 109 98 255 0 255 0 0 204 255 255 255
    255 0 0 255 0 0 0 255 255 154 0 255 0 0 0 255 255 255 255 0 0 0 217
    255 233 255 0 0 0 135 255 0 255 0 255 255 255 0 0 56 255 255 0 0 0 0
    0 255 255 255 0 0 221 255 68 141 255 255 0 255 255 0 222 0 255 0 255
    0 255 0 255 0 255 255 121 0 222 255 255 0 255 0 255 255 255 255 0 0
    212 232 247 255 255 144 0 230 255 0 56 0 255 0 255 0 255 255 255 0
    255 0 255 255 255 140 0 112 255 255 255 0 0 255 255 21 0 65 255 26
    255 0 0 167 0 255 255 0 0 0 255 236 124 0 0 0 63 255 255 0 0 255 255
    156 77 134 184 0 0 0 0 0 0 0 112 0 88 62 0 255 0 0 0 255 0 255 119
    255 0 255 0 255 0 0 59 255 0 0 3 255 0 255 0 255 255 213 255 137 4 0
    227 216 255 255 255 0 70 0 152 0 0 0 80 255 0 0 0 255 89 255 0 0 0
    255 0 166 91 166 131 0 255 162 0 229 0 255 31 255 0 17 0 255 207 208
    255 52 255 0 255 255 0 0 255 255 21 0 106 0 255 255 0 0 0 119 80 0
    171 255 255 0 100 255 0 255 0 255 255 255 255 0 165 255 255 255 0 42
    0 106 0 255 255 131 0 255 255 255 255 0 0 0 255 255 193 0 99 255 142
    255 0 0 255 255 0 0 255 0 0 0 255 255 232 152 202 255 0 0 255 244
    255 0 255 255 0 0 0 255 0 255 0 255 0 0 0 255 255 255 230 0 0 0 255
    48 255 0 255 255 0 255 0 0 69 59 255 255 255 255 255 0 0 255 255 0 0
    255 255 255 0 0 21 156 172 21 0 0 255 255 255 216 61 151 0 82 255
    231 255 255 255 0 0 0 100 0 0 255 0 139 0 0 255 255 255 0 0 42 0 96
    196 255 255 255 0 0 128 0 0 255 225 255 255 255 0 255 175 0 106 212
    0 255 255 255 0 0 0 255 0 255 0 255 255 255 255 0 156 0 0 0 0 255 37
    255 0 255 56 255 0 255 255 255 255 0 255 0 255 0 0 0 0 0 255 253 255
    0 158 0 255 255 255 255 255 0 255 0 255 0 255 0 255 0 255 0 0 0 0
    255 255 239 0 0 255 255 0 0 135 255 255 255 255 255 255 255 0 0 54
    255 0 0 255 255 48 45 255 0 0 255 255 0 0 196 255 0 139 0 0 0 0 255
    0 255 255 255 0 0 185 0 255 127 0 0 255 0 184 255 255 0 0 0 255 255
    255 0 0 0 0 255 0 255 237 255 255 0 255 255 255 215 0 0 0 255 255 0
    255 0 89 0 0 255 204 0 0 134 0 255 0 0 255 211 255 255 255 0 0 0 0
    255 255 0 0 0 255 255 0 0 218 255 0 255 255 0 0 32 80 119 17 255 255
    255 255 210 0 0 49 255 255 242 0 255 226 214 0 0 250 0 150 0 0 0 0
    255 0 255 209 255 255 255 0 255 0 0 204 0 255 0 255 0 0 0 0 0 255
    255 189 0 255 255 0 255 255 255 255 134 255 0 255 0 255 255 255 60 0
    0 255 0 0 145 0 0 255 0 255 0 255 0 220 255 255 255 0 0 0 214 127 0
    0 0 255 68 0 156 0 255 200 17 255 0 151 0 255 3 0 66 255 0 0 148 0 5
    0 38 255 255 0 208 255 255 0 142 0 255 0 88 255 255 255 0 155 81 255
    0 210 255 0 255 255 29 255 255 255 0 0 255 255 0 255 74 255 0 0 0 69
    33 255 255 0 255 255 146 0 255 182 255 0 92 0 255 255 31 71 255 255
    124 211 0 19 0 255 69 33 0 0 0 255 255 0 255 0 171 0 0 255 0 255 255
    255 0 255 255 0 0 0 47 255 255 0 255 0 255 144 255 0 0 0 255 0 255 0
    255 255 255 0 255 255 255 0 81 255 0 0 65 87 0 255 0 255 0 216 159
    255 141 0 255 0 255 111 0 255 0 206 0 0 255 0 0 0 0 0 255 0 0 4 0
    255 255 255 0 0 255 141 0 255 255 255 0 0 0 203 255 255 255 69 0 0
    255 123 0 255 255 255 161 0 255 255 255 0 4 0 0 255 255 255 75 0 0
    255 0 255 0 255 0 255 93 70 85 67 255 255 255 0 0 0 122 255 0 23 0 0
    0 255 0 255 0 255 0 255 255 95 0 0 0 255 0 255 0 255 0 0 176 0 255
    18 0 127 255 255 0 0 255 255 255 0 255 0 255 199 255 255 255 196 0
    255 0 200 255 255 255 255 0 0 0 255 62 0 255 255 0 0 255 255 0 0 102
    255 255 195 0 0 255 75 83 0 0 255 0 255 0 255 255 0 255 255 255 0 0
    0 0 255 255 255 0 0 0 31 0 0 206 255 255 0 0 31 6 255 107 0 4 255
    177 0 255 0 0 0 255 255 255 255 255 0 17 0 255 255 255 255 0 0 154
    225 255 255 255 255 255 249 0 0 0 255 0 255 0 128 0 0 255 255 255
    255 0 0 0 107 255 255 230 255 0 255 255 255 0 0 161 255 189 97 246
    255 255 0 0 0 84 255 255 43 0 255 0 255 0 255 255 0 255 255 255 4 0
    255 255 184 0 0 237 0 204 255 253 255 255 255 0 255 2 255 112 228 0
    255 255 121 0 0 255 255 0 181 11 255 0 0 68 95 255 169 255 0 255 0
    255 0 255 0 113 255 0 255 255 0 255 0 255 49 255 255 86 255 255 92 0
    137 255 173 255 255 255 0 0 255 255 255 255 0 0 0 249 0 255 255 48
    255 255 255 0 0 255 0 255 0 0 31 255 255 255 0 0 0 255 0 255 255 255
    0 0 88 255 0 255 53 255 0 255 49 0 255 0 255 49 255 206 0 255 255 0
    0 135 0 255 255 0 138 76 255 255 0 0 255 0 255 255 255 255 0 0 0 255
    0 0 181 0 255 0 255 0 255 0 255 0 0 255 0 255 137 255 0 0 0 255 0
    255 0 255 0 255 0 255 0 255 255 178 255 255 86 0 0 255 0 0 100 255
    255 0 8 0 44 255 0 255 255 255 0 190 0 86 255 255 255 255 255 0 0
    255 255 255 0 0 255 255 255 183 255 0 255 44 252 0 0 0 0 255 181 248
    255 37 222 0 249 255 0 0 0 0 255 255 0 255 8 255 255 0 0 182 255 255
    151 255 255 5 0 0 255 255 255 244 255 0 0 0 11 75 0 36 255 0 255 0 0
    255 127 0 0 198 255 255 0 255 255 0 139 0 255 0 255 0 0 157 0 255 0
    152 255 0 255 255 0 255 0 255 0 255 0 0 255 255 0 255 0 255 255 255
    0 0 0 46 145 255 255 255 255 131 30 0 255 0 255 255 255 255 0 48 255
    255 0 10 226 8 255 255 255 0 68 0 255 255 255 114 0 21 255 255 255
    75 255 0 0 75 50 255 0 0 0 10 0 255 0 255 130 0 25 255 255 0 0 0 255
    253 255 0 255 0 65 255 214 0 71 255 191 0 255 255 255 0 5 0 0 0 255
    255 255 0 0 126 0 0 0 149 255 0 171 255 147 0 255 255 255 0 255 0 0
    0 255 0 99 255 0 255 0 255 255 0 255 69 0 255 49 0 0 255 255 255 0
    77 35 255 0 0 0 255 0 0 255 0 0 0 0 150 255 144 0 0 255 0 255 0 255
    0 0 0 255 255 15 138 255 164 0 0 255 255 255 0 255 0 0 0 165 255 255
    0 255 72 255 255 255 213 173 255 0 255 0 255 32 255 245 0 255 255 0
    255 0 255 173 255 0 0 0 0 255 255 66 0 33 255 0 0 0 255 255 0 0 0
    255 255 255 255 103 255 0 0 104 255 189 0 0 0 255 174 0 255 0 253
    255 255 255 255 0 255 255 255 0 87 156 0 175 255 0 255 0 0 0 70 156
    0 0 255 255 255 255 255 114 0 0 255 172 0 255 0 255 74 0 0 0 255 255
    255 0 0 11 189 255 255 93 0 0 0 0 136 164 0 0 0 0 0 175 41 255 133 0
    64 130 0 0 114 255 0 255 231 255 255 24 0 0 255 0 255 0 7 0 0 255
    255 255 156 0 0 255 0 155 0 255 255 255 25 0 255 255 255 255 0 29
    255 255 0 0 45 255 255 255 0 0 255 255 255 0 0 255 255 160 255 255 0
    0 255 0 67 0 0 83 0 146 102 191 255 0 255 0 255 0 0 255 0 255 0 255
    0 255 1 94 255 96 255 255 102 0 0 188 255 51 0 0 0 0 255 0 255 237
    90 0 255 0 0 0 255 60 140 0 0 255 255 255 255 255 190 0 255 0 121 0
    255 255 0 255 0 255 0 0 0 204 0 102 0 255 13 0 0 0 255 255 0 19 0 0
    0 0 255 255 255 0 0 0 34 47 255 255 255 142 2 12 255 255 255 0 0 0
    255 255 255 95 166 0 255 255 90 0 255 255 0 85 0 255 255 255 84 0 78
    163 116 0 0 0 0 0 255 0 255 0 0 0 0 255 203 255 0 255 0 255 255 193
    255 0 255 0 255 106 102 137 0 20 255 255 179 0 0 255 255 251 0 0 0 1
    149 255 0 0 0 255 0 255 49 255 0 0 225 0 255 0 255 0 0 255 47 0 0
    255 0 0 76 0 255 0 255 207 211 255 255 141 0 0 0 255 0 255 26 255 9
    255 0 0 200 0 255 255 218 0 0 41 255 255 0 255 255 0 255 234 255 0 0
    0 62 0 255 254 0 0 245 0 0 236 255 255 0 255 0 142 180 255 255 18 0
    0 255 0 255 0 175 0 0 0 255 255 0 49 0 169 0 54 0 75 0 255 0 255 0
    85 255 0 0 255 34 239 255 255 0 0 255 255 255 255 0 0 0 0 142 255 0
    0 0 255 255 0 93 0 255 22 0 255 255 0 60 0 255 0 255 0 255 0 0 0 255
    255 255 255 255 255 0 0 0 255 0 255 0 0 0 0 255 255 0 0 0 255 161 0
    0 255 205 79 255 55 255 255 35 0 28 255 255 0 0 0 255 0 255 0 0 0 0
    62 122 0 43 255 255 7 0 0 0 255 0 0 22 171 83 255 255 255 0 255 0
    255 22 255 255 0 255 255 166 0 0 0 0 0 0 0 161 0 255 165 255 0 255 0
    0 92 0 199 165 255 0 0 0 255 41 255 0 255 0 0 0 255 255 255 255 255
    142 0 255 0 255 255 216 0 255 0 0 0 0 0 255 0 255 183 0 255 0 255 66
    255 255 0 73 0 0 229 0 224 255 186 0 0 215 255 255 255 255 255 0 255
    86 0 0 255 255 0 28 0 255 0 255 0 255 0 227 0 0 255 0 255 0 0 255 0
    255 255 255 0 255 255 255 0 0 255 63 0 255 255 255 255 112 0 255 0
    255 255 255 0 255 0 255 141 255 0 0 0 255 255 255 0 0 0 255 255 0
    255 98 255 255 74 0 0 0 213 255 255 0 0 0 57 255 0 0 0 0 0 0 255 255
    255 228 0 0 255 0 0 255 17 0 255 0 255 0 255 0 255 255 255 254 255 0
    62 0 0 0 161 255 255 212 0 148 255 255 0 255 0 113 255 181 255 0 255
    255 255 255 46 121 44 171 255 0 26 0 245 0 0 0 255 255 255 0 120 0
    255 255 255 255 0 0 57 69 255 255 179 0 255 0 189 0 255 0 103 90 255
    255 255 0 0 255 255 255 255 255 171 0 255 255 30 30 0 116 0 0 104 0
    255 255 255 255 0 125 0 255 255 255 0 0 255 246 255 0 255 255 0 57 0
    255 0 127 0 0 0 255 255 0 255 246 255 0 0 0 255 255 255 0 0 255 0
    255 0 255 255 0 0 0 218 0 0 0 16 255 170</data></your_img>
</opencv_storage>
