<?xml version="1.0"?>
<opencv_storage>
<filter_type>2</filter_type>
<only_luma>0</only_luma>
<r1>1</r1>
<r2>5</r2>
<L2_diff>1.</L2_diff>
<test_img type_id="opencv-matrix">
  <rows>128</rows>
  <cols>256</cols>
  <dt>"3u"</dt>
  <data>
    161 79 204 87 35 173 237 52 193 246 253 211 59 161 42 99 220 161 27
    255 164 64 250 251 179 225 131 94 175 220 212 152 129 117 96 124 86
    135 40 160 12 201 177 4 131 105 244 164 115 44 36 218 171 211 220
    122 9 116 25 197 72 92 57 72 189 232 198 53 215 161 82 170 158 121
    223 235 46 19 207 69 221 110 142 251 46 175 132 140 145 230 47 109
    99 105 251 135 66 215 209 202 38 40 140 127 31 196 7 165 241 1 118
    58 42 169 179 125 46 165 118 237 132 105 186 216 61 231 215 75 83
    223 8 71 187 193 174 219 80 17 166 67 204 77 230 116 200 142 226 167
    20 249 164 128 206 130 125 33 182 113 238 21 172 180 141 125 10 255
    255 223 220 49 215 172 82 124 11 55 85 213 79 71 225 245 233 181 176
    156 191 84 6 224 203 40 248 173 65 179 170 78 111 158 175 211 110
    245 186 0 229 171 143 23 0 146 38 161 254 183 208 58 50 174 21 247
    80 230 140 144 205 29 220 63 185 186 190 23 249 226 28 25 189 206 52
    81 22 94 224 168 140 114 79 35 42 201 157 142 210 206 136 234 21 117
    77 241 148 76 231 108 159 2 17 214 115 160 105 7 9 57 15 215 166 222
    13 18 175 227 10 125 237 121 12 186 225 236 55 42 244 106 147 62 27
    43 27 79 39 110 14 153 146 74 120 191 45 64 227 93 173 217 112 169
    45 205 52 199 244 177 202 237 91 201 244 152 211 75 106 63 185 145
    185 58 96 233 159 96 78 141 17 69 221 133 57 48 144 204 96 109 30 88
    23 187 122 230 111 127 65 31 243 221 167 80 40 213 127 54 23 99 123
    19 240 24 166 89 69 36 22 114 105 52 206 32 211 89 203 18 116 253
    106 2 221 104 247 73 110 206 242 121 98 152 28 78 189 67 107 2 67
    199 164 162 146 52 84 7 54 106 68 215 152 107 36 88 242 143 47 18
    192 80 141 76 176 251 161 148 126 191 52 45 28 238 64 234 18 108 88
    39 250 21 214 166 113 240 137 13 239 203 246 36 115 95 115 167 22
    112 144 49 128 29 200 82 78 217 201 17 230 2 100 27 14 1 225 86 144
    31 52 85 161 103 237 20 168 230 151 107 121 37 197 137 46 13 78 120
    234 102 16 54 169 233 175 236 64 194 63 179 183 91 225 91 94 128 32
    69 135 110 36 69 95 32 108 8 128 106 43 103 58 126 140 15 9 247 158
    148 57 21 9 218 40 171 181 8 182 240 143 74 255 238 241 40 107 218
    238 73 22 108 213 209 213 108 62 236 186 84 108 74 117 53 220 187 26
    181 60 71 172 248 249 185 169 173 86 6 248 88 122 237 180 235 92 194
    51 36 93 206 100 71 170 33 188 201 251 99 111 224 194 44 105 94 173
    64 204 41 135 177 29 125 93 92 145 255 82 81 156 126 83 252 143 208
    121 188 103 207 73 72 246 155 52 231 169 160 1 88 21 216 252 50 233
    237 242 159 97 247 70 167 237 29 106 110 22 253 64 241 174 136 229
    145 77 82 151 147 89 122 42 175 139 85 255 39 45 158 31 173 240 214
    67 169 93 180 182 229 8 164 233 191 223 95 73 214 92 215 235 24 110
    33 239 28 156 124 129 125 133 4 178 224 84 32 35 13 102 214 111 71 8
    26 31 170 43 36 134 25 94 75 199 18 153 144 208 130 76 136 237 163
    251 38 139 236 183 73 62 108 171 5 91 162 76 126 203 0 172 179 238
    11 117 221 231 158 252 23 16 195 234 90 3 121 205 238 7 211 185 209
    116 33 41 172 213 28 119 8 117 248 42 124 23 112 195 252 51 165 12
    202 118 23 10 205 237 211 111 195 203 121 122 103 93 252 91 198 203
    23 107 233 200 168 177 203 133 122 199 212 58 195 109 56 94 252 100
    176 164 131 100 83 251 17 63 17 85 202 13 246 238 36 109 37 228 195
    183 64 6 211 85 209 67 156 49 91 39 253 217 230 100 156 113 190 26
    30 99 156 40 114 150 193 158 171 132 45 174 123 40 29 80 234 94 247
    46 135 72 164 216 68 79 59 205 40 47 201 39 89 149 244 124 16 0 203
    150 214 17 16 98 183 114 106 81 82 25 166 58 7 251 104 128 94 241
    197 100 94 70 186 110 50 207 87 31 205 76 60 7 119 26 230 54 176 66
    134 243 96 44 149 141 155 56 195 15 136 184 244 187 74 211 172 51
    152 123 239 63 38 212 170 248 226 207 16 10 151 148 205 238 81 250
    105 183 22 99 114 31 101 117 15 219 64 62 90 99 199 101 198 237 185
    244 108 55 163 44 13 207 63 150 13 77 152 3 181 14 165 41 150 0 42
    111 214 61 42 51 69 99 6 73 202 38 60 202 225 230 223 171 104 96 131
    218 82 114 173 119 119 141 15 38 98 52 167 12 109 111 208 32 12 158
    83 243 102 220 40 124 206 78 227 159 166 17 115 147 159 173 55 5 172
    64 110 13 163 69 180 184 88 227 27 6 184 72 198 235 167 134 18 15
    251 78 135 144 164 212 54 159 33 152 226 44 96 62 50 100 65 48 60
    221 23 129 43 36 12 6 209 31 58 250 135 83 223 146 52 188 229 98 187
    44 250 243 108 27 254 208 129 154 178 186 254 213 34 37 200 213 170
    90 15 163 147 27 206 29 112 44 3 174 87 24 198 146 140 193 77 69 149
    242 170 150 68 149 92 76 4 10 46 247 21 137 180 22 123 71 237 183
    209 223 50 199 245 248 84 179 250 19 14 59 60 46 179 136 2 69 233 91
    217 229 217 60 75 162 237 197 194 127 130 116 218 58 46 37 121 223
    49 113 128 131 51 16 142 250 33 88 226 157 224 221 2 78 233 167 36
    91 238 193 90 18 62 177 126 114 186 93 140 55 113 172 135 35 63 43
    169 248 165 72 74 241 43 25 187 208 175 81 155 69 4 205 33 53 113 65
    22 189 229 39 130 196 248 126 58 99 100 156 249 188 177 4 16 166 244
    59 64 5 68 86 198 205 147 49 239 220 186 223 59 132 161 23 224 102
    235 237 189 246 4 188 4 175 214 250 37 191 96 122 222 219 11 7 0 119
    203 126 164 225 204 242 207 188 147 153 7 6 45 12 245 22 189 187 51
    70 93 127 101 33 101 112 46 66 58 11 133 44 46 62 253 99 163 32 110
    223 155 101 255 161 54 235 19 26 17 153 30 136 132 78 220 98 161 117
    115 197 208 193 124 167 225 191 123 187 11 214 210 0 77 235 133 155
    145 107 249 93 188 132 214 167 73 200 26 169 41 109 56 155 164 239
    125 27 24 225 120 54 184 225 85 159 17 144 191 112 27 218 227 2 98
    116 57 124 79 228 43 169 7 227 232 196 178 251 169 11 97 8 186 80
    247 101 176 43 199 181 99 154 221 194 135 69 255 229 194 217 11 85
    188 197 114 77 30 247 175 132 239 157 236 102 94 234 205 108 184 54
    158 2 0 183 33 106 245 16 160 58 53 89 5 28 146 143 153 174 71 48
    159 20 50 86 172 176 224 5 94 70 3 141 100 57 44 45 111 0 70 102 75
    248 5 224 36 215 226 52 20 148 40 117 124 93 14 73 155 236 214 251
    106 48 226 156 172 114 219 39 251 245 96 220 81 34 85 242 147 41 60
    35 177 242 152 50 161 239 141 115 156 81 230 136 222 160 0 16 96 39
    159 9 240 59 150 172 104 183 112 32 222 167 72 101 163 162 216 140
    13 218 175 151 221 72 249 183 212 57 101 48 100 74 228 86 144 159 57
    11 125 151 167 209 251 219 198 106 233 236 233 40 117 113 163 124
    121 108 186 126 20 58 223 109 197 250 253 195 102 111 236 216 62 94
    121 224 114 106 204 199 118 102 225 86 85 34 55 216 169 20 153 227
    19 28 58 182 123 24 130 196 205 239 134 219 195 84 3 28 16 204 198
    250 101 82 200 127 146 244 185 135 66 183 175 82 199 110 151 187 137
    251 232 62 130 244 255 226 109 26 141 50 239 88 174 127 56 28 10 5
    165 69 231 200 56 146 117 73 75 40 189 84 239 169 169 79 180 74 85
    101 58 157 196 0 212 73 5 84 71 135 172 223 25 171 0 217 4 223 62
    232 6 163 29 247 154 25 228 236 215 115 87 227 251 75 215 98 128 11
    5 214 212 253 253 131 118 199 202 7 20 41 23 159 237 181 68 175 76
    150 162 98 237 56 35 1 8 206 92 164 145 139 95 196 174 32 198 14 125
    191 159 139 4 106 97 129 253 3 47 56 157 102 26 241 77 46 213 47 48
    220 251 53 179 134 47 96 42 215 88 229 9 129 73 81 98 95 99 241 94
    245 181 147 234 248 52 127 196 15 39 245 10 58 54 235 30 173 192 14
    190 34 242 164 65 36 245 191 152 246 138 208 166 108 87 140 64 178
    130 161 144 39 225 63 244 213 38 106 251 166 63 111 178 126 196 156
    107 254 90 38 236 124 75 140 235 202 135 47 13 172 167 126 228 16 96
    231 215 159 54 179 234 189 57 158 195 51 18 157 5 140 38 107 150 237
    50 253 113 41 176 197 16 89 63 121 155 69 142 102 213 12 50 197 112
    23 201 242 105 138 180 67 57 239 217 41 240 12 181 66 242 205 184
    118 89 138 26 122 191 143 167 6 65 73 88 59 81 248 57 123 208 62 198
    8 159 143 183 110 62 82 89 184 143 109 234 118 143 193 123 126 107
    104 49 106 20 170 75 22 46 137 160 195 206 247 66 33 33 77 216 123
    179 226 166 143 218 72 85 208 198 99 116 199 229 171 225 244 104 105
    15 189 220 150 108 246 164 182 14 150 156 196 134 78 180 106 51 67
    11 199 183 112 115 122 6 94 38 51 54 37 20 64 109 43 17 245 13 59
    109 188 156 165 242 167 20 69 162 253 231 20 214 171 0 38 63 99 106
    108 203 76 228 249 50 105 180 3 53 124 91 47 208 9 62 39 73 44 84
    158 206 198 110 128 234 44 112 241 174 92 225 9 82 92 151 210 69 21
    96 244 217 73 44 148 69 100 170 59 118 49 25 78 195 103 2 129 242 52
    241 180 121 237 141 77 97 138 158 66 198 156 200 58 148 198 202 133
    196 227 35 28 177 66 117 105 72 202 55 116 19 116 99 11 101 180 37
    81 70 69 34 8 42 101 11 189 84 104 202 103 57 104 62 24 67 229 106
    87 82 83 213 43 109 42 129 123 110 82 200 249 246 119 137 138 101
    186 132 90 150 208 118 26 29 38 255 247 173 91 129 238 105 16 145
    111 5 158 34 30 245 66 225 183 212 91 53 59 184 82 20 158 47 189 122
    221 32 101 208 205 105 17 229 90 250 32 26 235 43 98 112 239 2 253
    234 132 120 208 179 44 11 27 17 87 238 146 46 127 99 232 163 7 223
    248 246 66 33 163 45 110 17 248 236 81 141 193 54 198 213 239 33 116
    251 220 179 198 108 84 222 75 110 129 152 24 38 195 166 163 234 37
    47 208 138 11 201 0 68 10 40 24 158 167 7 213 80 107 109 175 205 74
    10 226 195 162 228 121 16 181 14 255 185 238 187 43 237 68 133 81
    177 59 152 113 5 18 164 198 110 61 195 234 250 16 20 27 38 156 134
    18 89 240 64 31 10 204 89 197 76 124 46 116 20 26 246 121 149 141 72
    43 213 194 133 101 20 252 245 37 184 76 118 103 156 217 97 16 142 12
    178 140 198 64 164 16 37 108 160 116 14 198 84 29 233 111 113 172 45
    221 125 249 204 161 190 24 187 234 39 19 137 73 89 51 251 67 55 108
    225 238 2 174 28 173 205 24 141 132 156 228 107 24 32 196 140 144
    183 154 230 112 181 248 11 126 97 16 172 135 111 245 39 81 9 203 90
    17 89 55 250 199 57 213 232 122 201 72 128 74 67 144 207 157 133 68
    161 31 21 67 143 231 31 205 96 107 9 31 72 4 110 14 41 210 196 7 104
    55 11 233 24 250 253 218 135 158 135 115 199 169 47 149 107 147 133
    66 25 64 58 193 101 11 185 81 33 199 221 33 124 9 10 95 110 142 106
    46 185 91 121 254 98 216 191 214 255 236 14 187 224 228 59 63 98 87
    94 170 193 253 233 209 81 32 250 191 200 61 194 113 242 153 220 61
    30 240 4 123 135 1 108 26 178 130 83 108 60 29 59 58 106 17 109 221
    137 91 140 5 186 10 81 148 161 177 119 251 0 111 208 90 210 141 235
    107 42 40 202 253 191 185 106 18 78 204 27 178 97 24 38 158 116 126
    128 141 181 220 211 79 240 33 99 62 53 37 120 237 122 110 159 121 63
    175 64 174 198 197 189 112 214 26 153 239 69 144 89 233 16 247 156 1
    181 97 229 242 170 69 218 150 182 209 215 13 173 96 154 126 98 46
    106 21 116 156 248 186 225 34 135 103 222 130 114 144 197 130 27 150
    137 253 50 19 225 179 80 38 97 48 180 3 187 17 198 216 242 123 52
    153 60 251 190 10 155 203 242 206 152 145 201 71 254 234 67 158 88
    115 166 156 7 133 60 185 148 240 111 192 53 32 117 22 33 216 174 43
    1 59 79 144 87 227 132 238 226 2 117 123 11 78 153 159 200 57 152
    217 227 161 70 241 124 116 59 79 102 171 218 202 29 91 194 199 119
    214 172 63 7 36 175 36 53 81 62 13 68 107 116 21 201 34 155 46 183
    46 200 44 14 108 29 30 100 166 206 224 121 33 59 162 190 244 7 131
    42 125 8 26 99 72 34 73 72 200 240 238 170 252 126 195 91 8 54 132
    53 241 79 3 157 255 166 63 194 246 56 20 237 51 30 185 37 223 49 92
    204 30 220 88 21 60 29 38 52 182 182 66 45 252 90 159 10 198 215 80
    186 51 1 161 126 255 55 250 157 188 32 250 57 73 127 227 197 140 222
    75 248 81 56 96 46 125 128 63 74 16 14 231 88 115 163 102 17 95 180
    186 86 11 170 203 255 137 128 146 116 110 77 49 135 248 89 251 103
    34 168 189 42 146 245 160 184 202 93 161 125 211 108 82 199 106 71
    14 83 246 251 139 200 112 95 252 153 127 78 205 91 25 203 243 233 15
    57 61 247 215 33 4 203 100 254 232 18 64 225 244 22 153 241 194 25
    85 132 245 39 79 69 170 131 41 255 164 186 149 95 227 27 210 104 129
    151 139 122 80 77 111 107 168 135 196 58 106 177 169 214 168 220 79
    148 61 33 245 138 45 250 66 15 11 13 48 47 45 109 109 89 121 230 83
    115 4 242 230 57 177 213 110 113 154 220 172 145 48 161 245 113 123
    99 1 41 126 159 77 53 128 116 123 145 59 114 16 76 212 229 105 38
    107 186 242 172 191 194 39 77 178 111 148 0 64 210 157 164 117 231
    200 52 198 239 199 174 210 161 114 42 78 127 57 233 113 178 213 101
    30 30 83 226 6 3 7 216 108 255 99 144 115 6 191 156 103 89 70 137
    236 48 171 241 63 81 205 211 122 55 75 157 241 176 205 223 133 236
    76 229 207 89 58 154 219 218 78 23 150 244 42 1 77 185 199 63 249
    234 138 237 15 191 107 73 77 168 34 252 4 233 149 138 69 167 115 143
    240 193 146 220 96 242 230 35 20 97 69 50 79 37 253 49 167 170 129
    192 77 220 161 161 182 169 36 114 228 213 150 83 127 78 103 138 160
    255 179 5 67 53 121 67 194 198 89 139 27 234 138 68 155 15 188 177
    140 24 254 236 160 74 57 220 63 160 73 5 14 167 231 250 243 146 57
    20 103 64 47 147 96 33 182 186 181 165 95 127 117 35 107 203 234 211
    52 238 141 237 219 87 245 246 37 112 208 51 122 131 24 2 192 17 18
    77 182 53 218 95 145 17 210 243 122 226 161 234 206 230 93 157 15
    154 37 182 43 192 86 178 165 169 234 38 244 161 80 137 174 166 144
    236 167 233 21 72 29 106 182 119 196 111 51 179 168 132 141 185 210
    89 242 12 84 194 208 120 242 14 136 178 210 81 206 41 60 107 129 171
    142 157 212 107 161 232 125 107 246 4 17 132 138 234 91 174 122 183
    81 67 13 144 63 59 104 124 171 49 45 83 219 216 177 19 249 137 92 98
    49 217 88 224 102 111 231 105 12 107 198 182 80 63 204 61 94 226 99
    44 46 92 128 93 216 36 7 181 127 120 90 129 114 144 238 104 126 102
    171 212 40 210 23 70 79 97 70 57 168 200 202 50 79 43 103 192 6 68
    121 203 3 144 24 32 148 164 179 222 193 103 53 43 87 220 169 175 197
    175 39 56 233 24 89 78 223 109 232 147 20 62 108 7 164 242 149 92 14
    153 63 56 83 148 230 94 237 109 86 255 103 209 60 103 145 246 78 213
    110 47 59 104 29 180 146 0 249 100 152 145 137 127 213 176 255 164
    143 32 119 171 166 32 112 239 173 84 33 54 157 30 207 87 79 154 14
    92 175 247 213 20 136 74 122 100 249 241 69 99 229 23 5 19 250 212
    15 208 134 164 242 235 241 25 215 35 203 177 139 84 221 179 236 222
    244 192 44 236 68 102 150 60 247 31 46 119 44 120 179 222 36 231 225
    192 37 244 6 127 148 114 213 78 39 230 63 173 140 94 139 50 46 162
    118 107 62 167 175 189 77 11 1 247 162 89 77 37 24 82 19 77 61 168
    148 19 124 246 158 10 252 112 8 191 218 125 86 178 243 178 241 75
    177 232 97 142 34 125 3 114 237 35 247 18 115 170 110 46 116 62 238
    8 218 0 8 103 26 89 243 140 171 204 69 30 106 196 163 187 77 199 203
    204 45 172 240 39 54 63 167 95 150 100 255 110 66 164 139 135 208
    213 218 19 14 161 220 8 55 158 153 240 228 96 80 14 16 89 8 70 207
    19 150 111 131 64 96 17 105 50 39 27 2 31 183 104 16 174 247 147 61
    80 120 75 52 77 58 224 145 93 29 247 140 186 115 90 241 15 191 193
    155 84 166 48 121 79 61 239 113 19 21 4 12 23 37 120 18 248 69 89
    163 84 154 124 113 58 113 159 151 87 169 86 16 252 66 80 174 138 17
    230 132 120 247 195 211 182 219 194 181 255 61 184 163 20 207 46 159
    133 216 151 70 232 166 193 53 127 209 168 20 27 53 254 225 138 44 37
    112 211 83 201 66 237 166 244 236 216 190 50 203 6 170 184 172 55
    111 124 149 32 70 229 67 114 172 232 35 20 190 171 131 253 115 245
    216 57 89 99 136 238 7 205 190 242 92 231 197 104 21 143 60 155 48
    95 119 111 114 98 210 7 43 44 111 192 217 18 89 47 176 120 43 5 250
    24 153 100 97 12 45 125 148 55 248 180 73 10 255 149 202 230 100 108
    166 87 91 78 212 52 109 45 252 239 217 173 120 222 98 109 16 69 3 42
    203 191 216 208 228 144 85 254 215 132 1 89 55 51 249 255 165 199 98
    151 106 102 228 14 109 43 106 95 113 204 52 31 134 41 117 199 90 81
    223 63 189 222 191 209 220 241 20 139 188 85 227 248 155 199 43 99
    88 152 101 6 243 242 180 167 141 119 6 191 70 4 208 156 11 205 62 40
    110 155 132 145 245 105 98 238 18 97 57 87 203 29 96 211 213 217 208
    190 156 84 202 248 86 52 13 162 94 233 44 146 81 98 71 47 216 221
    125 171 138 14 182 101 159 84 254 74 115 88 107 134 18 225 107 56
    207 6 8 66 128 203 153 26 30 147 60 216 115 236 111 61 147 238 204
    24 30 206 4 146 81 82 84 113 131 89 168 80 117 231 83 158 235 88 203
    61 78 214 177 48 35 212 240 53 148 40 71 137 108 122 51 114 38 121
    13 164 238 146 120 173 113 115 47 191 137 247 133 90 212 244 17 180
    18 190 85 242 246 93 230 132 152 222 222 161 18 141 17 11 208 116
    163 252 99 190 122 94 254 159 197 223 30 199 183 245 94 60 143 148
    219 149 89 11 195 22 104 175 58 229 220 167 202 166 164 62 66 48 108
    125 233 108 224 201 255 56 217 171 204 60 11 138 32 64 204 249 81
    242 131 12 49 130 7 144 249 244 213 21 107 204 9 165 153 10 241 71
    68 240 52 122 19 1 123 133 206 238 102 234 255 51 129 204 81 102 54
    171 115 31 240 37 61 203 222 34 159 138 25 198 106 94 140 228 90 121
    46 226 241 29 133 185 234 100 107 107 174 83 181 243 139 49 110 52
    103 177 255 110 108 126 200 218 241 227 239 60 222 128 252 138 26 94
    108 21 196 193 204 157 198 166 240 252 225 131 164 101 110 236 19
    249 221 80 216 144 240 152 164 63 252 52 24 211 33 188 42 3 62 212
    62 183 106 115 220 194 26 189 6 166 118 64 192 141 177 201 121 176
    131 171 197 161 192 9 107 139 226 45 19 218 141 103 78 177 11 38 71
    38 163 152 34 179 138 102 156 253 18 62 111 253 164 177 181 151 246
    224 233 189 27 128 201 28 4 10 56 115 252 68 246 158 233 246 10 252
    8 175 102 43 183 245 19 47 198 150 236 120 229 115 237 79 3 57 182
    197 191 53 105 110 6 114 159 1 233 8 222 3 110 81 8 239 16 198 162
    43 8 43 175 204 32 68 196 61 59 105 95 218 127 90 214 182 221 37 98
    42 202 222 41 183 31 101 154 5 52 218 97 137 40 151 111 77 45 47 225
    165 156 133 52 15 99 196 247 137 28 154 187 127 177 8 155 28 203 39
    215 41 146 84 125 101 99 142 26 215 230 99 225 0 173 213 160 104 88
    208 87 119 126 226 29 138 137 49 126 52 142 16 188 72 230 206 152
    103 113 57 29 37 136 160 159 191 130 93 198 156 2 3 185 130 34 224
    232 236 88 128 231 230 135 77 17 71 233 172 202 51 246 55 10 241 7
    124 205 165 64 34 116 40 94 52 80 140 21 235 190 153 146 190 153 144
    231 236 184 5 107 84 232 93 103 61 154 247 78 141 46 145 71 105 195
    242 73 157 154 74 217 201 61 13 195 14 56 150 124 31 186 34 14 175
    161 198 73 40 34 15 18 158 126 47 254 248 45 55 150 95 166 115 187
    240 226 230 150 135 32 158 61 82 131 79 234 119 72 210 227 20 229
    188 56 223 205 207 224 17 82 161 13 55 193 57 111 160 120 186 143
    171 19 42 213 7 33 181 163 38 138 71 40 100 24 82 171 237 230 78 120
    94 159 215 72 88 205 217 247 17 249 53 248 19 171 244 68 86 198 21
    194 250 25 149 98 89 216 153 211 121 184 44 152 9 110 14 168 240 199
    229 132 138 54 83 100 11 1 45 182 142 191 39 208 28 26 60 229 249
    228 47 137 127 56 253 80 164 175 6 139 201 164 20 108 111 17 208 0
    222 93 254 185 20 73 168 204 68 15 30 35 11 152 69 103 52 2 71 39
    103 47 145 77 212 50 112 197 240 210 109 71 156 161 98 107 26 184 1
    129 100 98 203 154 150 31 180 70 29 153 69 23 106 50 161 221 153 37
    114 45 58 172 145 58 93 253 162 93 252 123 7 91 160 96 14 113 107
    112 147 25 16 177 50 196 181 68 49 112 250 93 75 110 219 219 154 49
    208 153 235 128 105 191 249 175 246 61 162 196 148 17 124 166 206
    199 226 15 134 184 3 162 108 41 167 12 146 26 60 146 221 145 210 250
    188 152 211 197 129 195 210 55 156 125 107 132 244 59 76 253 229 158
    158 1 200 85 160 79 104 194 57 251 108 218 62 11 245 116 30 19 253
    252 157 177 19 246 206 117 107 253 40 70 19 241 44 15 121 216 177
    248 50 139 39 10 164 163 215 82 234 162 233 207 200 68 12 145 145
    216 233 223 110 85 57 126 69 219 122 137 102 11 250 41 211 242 151
    121 15 181 120 213 65 46 86 145 59 188 65 42 141 164 208 25 98 25
    118 241 145 103 148 98 187 80 174 28 76 165 164 237 43 209 222 93 68
    36 159 221 112 207 0 91 105 117 185 65 119 130 188 62 117 13 214 252
    158 236 49 140 179 79 132 8 190 105 253 12 125 228 206 159 181 249
    204 159 40 191 21 233 187 18 148 233 3 212 18 9 18 185 247 153 60
    173 121 212 40 19 209 177 135 179 117 17 20 202 173 213 107 249 201
    185 96 99 226 53 245 171 15 208 102 30 168 13 235 84 47 161 73 113
    195 52 31 107 182 217 119 146 88 164 138 93 129 210 168 132 142 148
    116 152 87 28 151 169 251 111 28 229 14 210 163 77 170 229 63 130
    124 163 111 76 114 125 103 2 224 15 187 182 172 24 231 100 211 240
    23 179 13 221 214 78 252 50 191 215 93 29 167 86 139 193 251 37 135
    169 234 116 107 31 200 245 99 226 172 210 163 218 0 163 187 56 254
    52 98 184 244 29 218 127 94 82 243 201 212 134 120 205 21 249 218
    244 150 124 75 170 198 161 123 190 227 46 65 133 180 140 65 148 12
    63 125 165 67 80 254 153 138 90 240 165 78 102 177 251 26 23 154 205
    39 34 108 114 94 153 103 64 163 109 114 209 90 160 111 144 234 199
    159 64 213 51 51 191 79 47 33 157 222 87 113 222 117 86 105 205 164
    128 12 57 142 90 201 95 81 176 38 172 127 253 131 232 227 30 97 49
    225 109 19 224 183 157 129 118 16 60 97 178 40 113 225 76 176 64 99
    117 184 5 194 173 177 152 231 235 108 101 38 123 102 127 15 35 85 28
    101 254 29 172 210 124 225 224 157 194 169 202 139 112 153 103 37
    201 63 129 80 118 216 115 175 90 59 87 138 153 202 165 152 118 215
    160 173 187 116 171 229 201 174 58 209 251 133 16 120 132 244 30 0
    120 85 174 122 58 195 130 126 109 81 216 52 130 85 113 212 163 65
    187 78 72 254 209 90 241 172 154 97 144 223 76 0 253 109 139 160 126
    174 136 90 229 93 130 1 166 13 141 196 28 101 26 103 17 23 159 252
    255 146 76 237 48 6 144 11 238 189 241 17 54 216 172 136 137 245 13
    197 55 219 191 193 174 37 228 188 85 152 47 45 12 156 219 183 60 8
    178 78 176 203 49 197 28 249 86 226 245 159 216 166 221 74 25 219
    115 142 30 125 1 202 11 255 246 219 39 173 223 75 123 150 153 176
    242 234 9 197 89 71 13 117 192 153 21 59 44 26 15 241 214 151 213
    139 176 1 124 167 161 171 104 241 60 145 126 191 195 12 249 52 140
    239 88 39 158 225 238 180 87 208 158 46 192 255 162 121 115 162 186
    230 107 215 93 8 191 185 11 41 123 25 104 233 130 21 254 244 173 192
    146 241 231 59 100 32 65 167 47 119 197 202 242 85 143 199 244 113 5
    149 69 20 216 25 21 166 196 247 161 85 35 10 110 117 97 10 223 221
    30 152 120 227 243 140 18 220 137 160 157 185 154 182 92 68 35 89 33
    90 135 194 173 132 179 109 163 95 136 176 132 215 205 125 169 73 14
    25 182 202 160 211 173 88 194 189 147 136 173 201 227 112 200 184
    231 61 235 46 51 174 41 133 1 9 11 198 145 22 74 177 184 174 89 89
    223 166 69 23 156 194 198 71 229 42 251 197 39 142 91 137 123 249 33
    73 48 4 70 17 55 191 21 143 30 216 20 103 30 138 134 224 139 182 2
    62 52 208 161 230 135 57 196 110 4 81 200 5 8 59 141 236 84 227 235
    39 189 192 47 255 26 5 160 28 53 179 20 105 120 154 233 169 10 131
    74 163 65 92 208 197 254 90 40 152 25 156 24 193 236 136 7 69 51 68
    146 169 50 199 147 163 158 204 139 163 203 193 24 125 212 255 117
    109 130 239 5 183 76 11 254 188 66 230 121 185 40 107 81 180 97 171
    82 90 101 186 59 83 66 202 219 103 12 229 193 20 173 57 209 45 101
    33 46 145 8 101 0 191 46 173 214 198 169 58 229 176 32 217 11 119
    237 184 215 85 146 38 175 218 246 2 233 154 72 59 217 7 245 62 89 61
    127 151 188 198 165 173 178 61 129 127 116 214 25 61 111 2 34 3 22
    46 214 162 204 7 164 218 81 0 136 34 172 96 99 81 219 151 20 40 38
    12 89 93 43 11 101 9 122 113 94 51 22 211 180 173 231 246 235 42 55
    41 254 32 3 25 6 42 91 134 164 47 139 192 135 221 129 116 43 95 173
    204 81 0 35 143 53 248 230 114 94 138 218 198 106 245 153 212 229
    134 214 173 212 157 16 153 2 4 110 71 72 237 196 214 103 96 112 245
    112 140 72 93 96 111 182 176 190 218 71 55 148 130 132 130 194 161
    179 15 46 7 225 81 200 249 28 156 210 94 88 213 180 163 47 223 44
    112 89 156 96 207 32 197 234 148 183 3 96 231 128 56 161 237 189 2 4
    105 186 55 41 82 137 254 196 114 68 50 132 85 30 132 161 36 124 0
    182 202 192 130 85 175 46 221 185 220 86 174 35 40 195 198 4 107 209
    173 246 255 74 189 16 11 2 92 71 37 219 82 151 172 171 73 255 242
    244 85 232 167 187 49 0 219 181 232 20 169 5 128 184 33 49 14 232
    167 98 150 79 99 164 38 52 61 25 159 164 81 236 142 117 116 113 138
    28 30 219 211 100 49 88 18 246 83 152 167 66 100 191 127 61 129 2 64
    8 174 247 217 228 42 4 30 199 193 57 10 247 254 69 81 138 246 8 79
    14 238 118 56 42 247 202 164 94 23 154 167 208 176 253 146 134 30 0
    127 210 43 83 227 239 123 7 191 51 32 122 63 205 135 4 195 208 155
    178 159 62 51 136 228 26 140 65 224 150 14 192 163 121 154 133 107
    121 109 134 184 217 30 161 194 255 9 144 107 203 71 251 33 173 122
    215 59 75 137 98 148 243 237 109 146 38 119 1 194 179 25 123 213 213
    174 237 104 26 80 84 49 121 107 107 212 40 226 94 177 74 246 254 212
    243 18 106 227 59 114 209 199 191 88 103 238 248 180 32 232 83 31
    122 103 105 123 104 67 137 90 253 132 178 108 253 108 117 114 179
    243 102 53 193 214 78 182 158 251 104 161 37 114 19 148 123 111 135
    217 116 108 67 6 4 41 16 53 61 4 141 80 159 140 157 4 47 137 198 12
    159 77 217 149 232 3 6 18 181 124 38 79 79 40 192 19 253 1 74 213
    220 245 18 156 63 48 202 221 175 66 104 89 35 17 0 152 55 88 241 108
    146 106 121 39 180 102 135 146 108 4 149 226 184 99 51 191 205 131
    146 253 58 141 141 81 27 171 79 212 65 114 2 173 10 89 40 152 156
    141 61 205 37 159 27 95 46 249 192 46 144 212 114 178 152 130 118 93
    39 79 149 139 92 31 172 206 4 2 217 1 218 138 167 37 151 105 174 160
    53 38 82 34 114 188 215 118 246 134 163 3 60 211 92 91 189 197 155
    150 52 92 169 57 49 232 29 98 57 93 239 57 123 243 146 92 111 78 89
    189 47 69 232 29 13 71 2 68 67 56 196 186 81 39 220 47 54 49 217 219
    228 237 54 47 21 78 113 86 16 19 147 238 151 25 225 182 219 241 50
    173 126 124 193 213 195 211 169 135 136 12 204 205 188 49 215 75 81
    70 120 83 165 81 94 213 116 46 206 15 98 224 120 247 175 80 240 160
    177 51 162 139 123 31 243 250 209 128 88 65 148 132 14 230 162 84
    160 217 86 251 242 35 0 72 227 91 48 26 149 86 27 132 222 85 157 123
    98 102 23 94 142 236 126 83 228 30 160 122 155 2 71 129 211 133 214
    197 65 160 107 132 131 51 5 243 20 185 197 150 251 44 225 49 23 179
    42 211 47 97 244 77 136 159 119 204 194 222 109 141 170 60 116 139
    49 145 251 140 61 193 67 133 125 192 25 151 80 126 111 212 100 59
    106 146 229 153 186 24 69 188 35 102 69 238 41 20 100 230 206 222
    217 72 87 93 200 93 11 100 250 172 113 124 30 56 223 244 220 186 122
    59 160 64 167 210 124 5 148 9 27 90 177 227 128 186 180 216 5 249
    122 29 47 102 122 167 190 152 115 170 83 124 191 165 154 36 70 44
    180 134 133 173 225 200 137 27 70 45 180 107 230 34 122 241 217 133
    79 121 195 65 111 144 201 13 103 55 209 207 225 172 80 126 88 230
    230 110 163 117 62 10 62 198 150 212 183 195 190 127 139 29 83 3 102
    87 193 174 88 51 173 237 74 155 189 207 52 82 38 62 128 112 136 163
    28 104 154 18 236 143 195 205 69 19 106 199 217 213 27 45 102 104
    144 32 116 168 219 202 205 187 255 227 20 4 156 105 41 20 176 179
    206 238 44 49 109 15 12 79 175 117 242 83 84 135 179 213 110 112 108
    197 64 195 3 176 123 79 217 32 250 229 45 180 243 80 27 178 72 54
    229 135 220 134 96 187 41 11 216 121 126 50 140 123 10 41 42 254 154
    224 200 124 122 26 18 251 15 182 249 251 210 157 81 178 130 172 62
    194 10 59 18 228 20 252 93 233 178 182 61 188 145 205 42 128 170 127
    100 84 231 237 106 192 20 225 220 131 1 194 46 16 117 151 247 236 71
    119 186 174 26 165 172 247 13 104 109 235 193 170 226 164 88 150 174
    250 109 80 130 46 218 126 27 140 126 4 225 175 199 58 102 150 139
    201 63 82 183 230 123 180 233 240 218 85 236 59 19 182 178 246 65 63
    45 48 88 209 115 217 125 248 218 59 80 22 71 22 229 193 34 148 172
    131 76 223 106 2 227 230 234 127 108 239 171 146 47 90 237 63 213
    147 241 144 212 232 3 13 5 255 234 61 191 231 166 242 75 230 47 82
    98 197 176 251 130 92 13 4 43 116 91 251 39 29 2 114 207 13 179 45
    245 221 212 99 177 48 194 91 241 72 200 130 223 227 81 84 66 140 5
    145 26 54 119 149 92 115 155 253 42 148 67 26 196 106 51 69 252 239
    255 213 178 197 236 199 54 124 6 70 62 156 114 225 112 179 15 232 40
    44 48 166 9 221 213 157 71 238 51 157 152 6 180 61 94 69 110 127 60
    189 25 253 250 248 133 4 87 2 122 103 81 164 119 25 125 143 126 143
    92 39 228 12 66 64 236 22 216 63 210 14 178 145 73 239 70 224 100 37
    142 89 240 97 27 101 58 132 217 122 255 39 243 6 29 80 217 164 104
    159 88 80 237 200 142 3 148 63 132 179 241 235 159 48 0 251 224 244
    188 196 1 134 154 248 224 98 226 40 198 188 71 107 13 97 45 91 138
    224 136 254 217 172 142 42 40 75 165 142 150 40 162 230 135 10 69
    143 185 208 163 138 216 13 147 228 150 24 178 250 227 5 8 229 128
    158 142 90 73 44 118 144 136 139 133 77 47 75 187 78 221 173 33 213
    4 49 73 135 84 220 121 85 30 126 211 146 172 190 77 242 190 51 123
    162 2 207 139 180 98 113 145 157 159 120 185 236 205 28 209 72 22
    177 79 74 101 8 159 227 219 252 95 149 226 253 39 51 50 74 54 114
    137 164 185 88 198 71 89 230 35 47 2 86 252 230 76 149 82 227 191
    221 167 14 93 208 192 243 110 90 53 131 230 54 127 127 123 67 9 255
    158 2 93 202 125 83 215 139 153 207 177 35 243 127 124 254 43 16 194
    29 185 225 49 207 41 186 159 67 180 192 61 186 216 157 206 53 94 162
    222 205 63 45 204 92 48 200 156 135 219 39 87 11 137 181 55 160 204
    79 23 61 134 165 86 69 233 254 156 254 153 43 74 95 15 1 80 81 241
    73 161 68 150 185 13 7 188 127 197 211 60 188 55 60 158 81 24 40 138
    49 202 88 244 201 229 176 161 27 57 47 235 191 19 94 69 100 157 96
    223 6 34 132 245 230 141 104 184 114 72 164 76 254 220 79 125 47 252
    104 132 14 108 181 214 233 31 184 51 126 68 20 156 40 148 112 12 73
    137 227 210 229 187 1 200 133 138 150 93 6 12 33 144 174 204 43 137
    86 252 114 198 125 130 65 38 104 247 56 201 101 209 151 171 124 63
    228 140 113 254 96 43 152 163 158 210 20 224 238 63 201 81 38 49 115
    42 150 211 42 108 62 96 147 84 200 1 32 116 9 32 44 108 225 125 239
    84 136 117 77 74 14 57 79 218 54 20 168 12 86 121 94 155 51 245 12
    211 228 74 139 151 72 232 43 228 69 97 55 97 204 131 5 220 112 194
    168 39 136 186 180 254 140 47 31 165 47 37 13 205 116 185 148 102 30
    156 234 79 30 45 101 184 16 110 71 204 145 40 26 227 229 111 124 54
    139 128 182 125 136 208 225 251 98 170 214 181 220 173 165 240 212
    217 45 18 149 148 143 85 41 88 93 216 249 147 204 73 207 18 78 115
    85 62 212 34 93 125 32 143 185 24 105 59 10 108 252 206 48 156 182
    51 188 114 16 92 153 228 108 131 202 211 149 17 253 107 233 238 186
    142 49 86 192 201 148 191 79 123 170 255 67 241 144 132 240 202 95
    122 14 250 213 196 15 72 44 0 163 164 41 36 36 104 147 240 34 73 245
    10 144 95 133 33 20 193 58 242 37 200 99 51 169 5 76 156 238 246 148
    207 244 7 114 163 182 96 223 153 28 25 78 32 220 17 107 243 92 253
    210 142 106 120 232 145 195 116 59 118 237 77 244 205 190 145 167
    189 182 213 97 235 232 5 43 167 60 2 80 67 84 92 220 224 45 68 66 90
    108 55 20 96 126 121 83 45 194 216 107 96 90 148 187 236 87 243 88
    217 220 123 141 243 78 231 84 168 20 145 35 209 224 84 166 163 245
    45 64 101 10 50 68 12 225 16 169 60 203 197 101 235 90 8 63 29 62 2
    28 167 87 94 148 21 29 215 188 89 99 177 160 165 114 95 66 131 235
    126 43 89 194 162 229 176 187 152 31 11 237 138 219 16 76 113 105 98
    26 172 251 48 203 74 55 39 138 92 138 41 160 65 46 189 4 195 215 149
    77 209 71 224 255 18 0 52 42 118 151 157 46 206 95 177 130 151 157
    224 3 236 189 156 146 169 61 104 184 225 232 173 246 132 192 11 222
    253 30 154 103 46 106 150 53 212 228 184 88 228 231 217 219 104 80
    85 34 99 228 54 180 10 91 31 130 222 56 166 251 236 170 76 169 146
    71 51 231 166 114 200 141 226 152 55 245 19 169 102 45 102 135 220
    106 155 109 26 195 213 81 48 96 124 122 37 170 57 93 159 197 238 30
    76 39 72 144 36 229 182 243 12 127 135 15 191 32 182 209 228 63 215
    197 148 7 150 92 48 10 16 160 245 57 41 208 79 46 136 73 233 214 134
    64 237 161 5 141 153 148 188 95 201 88 60 253 64 151 254 40 85 210
    192 60 92 223 138 51 79 36 91 10 149 67 6 80 110 30 23 144 68 156 87
    236 145 121 80 253 10 55 6 76 247 178 161 144 233 90 8 203 56 29 19
    205 220 41 182 156 241 1 79 197 108 140 28 205 224 164 84 251 41 130
    23 231 99 43 16 210 38 249 221 234 195 26 19 240 120 165 214 37 50
    210 181 93 183 218 98 72 198 167 89 132 242 207 77 55 64 85 90 93
    126 39 224 196 218 228 143 130 26 36 175 255 163 48 207 72 92 233
    244 207 222 111 14 170 118 248 29 155 83 110 51 192 83 217 132 138
    34 0 10 103 37 38 34 99 230 255 27 179 177 145 201 252 255 156 117
    211 128 155 49 94 216 222 160 238 186 157 245 250 13 5 196 177 215
    77 43 137 78 24 22 55 46 7 121 194 23 29 62 240 223 109 235 148 31
    48 136 215 51 208 247 133 130 39 192 134 150 14 176 189 141 23 26
    232 89 248 196 67 130 221 181 8 92 133 121 96 78 32 104 189 119 9 79
    139 216 40 180 85 244 47 20 217 151 251 124 201 77 135 215 56 114 7
    20 57 143 62 214 117 207 71 26 153 0 149 1 203 67 48 38 202 227 151
    128 55 58 196 166 242 134 105 126 168 62 148 6 43 242 242 59 104 84
    26 146 164 182 101 163 45 61 164 23 240 200 152 180 52 159 169 45 40
    14 30 158 51 166 197 52 70 123 223 102 204 108 205 202 47 28 15 39
    63 127 183 154 152 164 193 127 56 72 167 55 184 179 33 95 217 2 17
    112 173 59 107 60 15 118 131 136 41 65 18 252 34 142 97 45 119 204
    148 94 232 191 44 2 89 200 197 185 61 34 55 70 3 135 141 73 5 59 145
    0 70 142 13 213 222 117 83 100 66 87 19 18 30 160 7 250 116 17 33 64
    64 214 11 233 91 8 65 166 46 176 39 189 55 214 56 73 197 235 5 142
    136 149 228 250 29 86 242 72 79 36 51 205 94 203 55 137 209 165 241
    210 254 83 15 124 162 213 36 78 119 143 57 71 231 167 202 236 185 73
    195 253 92 96 73 177 63 92 217 25 117 242 149 120 109 175 122 206
    176 31 100 187 228 70 180 30 190 85 72 242 87 18 132 183 254 108 155
    244 48 222 175 61 88 96 206 134 212 112 203 68 142 178 121 3 136 1
    118 246 148 104 10 103 167 169 68 24 67 206 78 108 65 126 221 118
    166 58 128 191 73 125 206 195 79 195 46 199 6 179 172 51 2 239 154
    109 0 53 21 38 18 77 156 37 0 242 68 118 173 46 192 250 234 204 209
    164 169 194 46 163 130 3 134 180 75 29 211 75 38 172 22 39 39 182 86
    194 254 214 84 225 231 190 106 81 90 197 89 19 57 21 237 136 253 160
    66 140 194 180 230 121 50 92 171 238 255 157 220 45 200 226 233 236
    232 71 135 111 248 195 236 3 202 58 55 157 133 192 104 171 143 98
    186 5 47 18 206 188 102 221 51 24 91 121 213 3 42 43 34 209 56 174
    20 181 81 88 195 252 21 165 80 78 61 101 68 44 116 15 199 123 144
    174 57 41 120 254 110 221 116 155 118 83 182 58 101 153 47 62 98 55
    248 166 51 146 136 80 83 60 86 250 163 178 55 175 224 137 32 51 77
    90 160 44 93 124 182 195 214 54 98 21 118 36 126 93 45 127 205 204
    74 184 241 182 229 153 133 112 189 8 126 120 225 183 237 29 227 31
    156 198 20 187 80 0 238 118 4 102 133 248 10 139 249 185 49 16 249
    156 248 95 100 155 101 205 72 89 188 203 208 158 199 75 202 140 247
    130 47 195 79 120 208 10 42 155 98 235 173 239 173 61 103 18 80 36
    225 82 103 237 94 207 171 187 59 84 64 196 20 4 152 35 35 206 190 76
    128 170 76 142 87 1 218 116 125 51 111 5 10 122 84 108 189 180 57
    164 78 207 181 182 223 211 183 165 247 225 43 109 64 118 149 192 112
    233 46 214 55 232 107 47 179 209 63 210 218 176 159 21 181 24 41 27
    16 4 172 117 46 226 144 184 150 102 142 232 7 18 32 105 171 241 117
    155 181 170 22 54 91 106 50 210 110 178 241 61 14 101 88 40 217 215
    11 109 188 248 117 84 140 228 206 171 35 68 210 232 39 42 200 187 89
    18 125 199 56 138 250 154 235 156 119 246 177 23 121 190 183 70 116
    128 151 0 161 99 183 221 61 17 227 17 206 209 140 175 140 66 173 147
    73 160 48 112 23 231 13 233 139 206 92 14 226 254 179 209 80 209 36
    132 119 104 108 52 155 124 15 118 55 207 197 158 88 153 225 107 72
    246 187 11 159 185 234 233 151 187 117 170 250 7 35 133 106 64 70
    139 255 104 216 166 136 65 222 154 213 28 73 130 106 39 154 99 120
    158 176 98 87 152 76 200 143 33 4 151 129 104 144 11 254 92 62 142
    44 158 30 170 46 212 32 147 96 220 159 221 76 247 195 68 138 202 231
    202 202 37 6 91 164 97 83 176 190 186 164 97 191 52 101 52 175 174
    10 145 28 132 216 131 15 64 22 17 220 178 47 17 189 217 189 82 10 15
    204 100 14 220 123 141 84 166 32 134 173 0 120 181 208 196 150 195
    132 79 41 145 151 163 131 212 65 191 84 76 161 192 88 152 244 200
    153 239 235 232 127 60 101 72 63 182 120 199 253 122 230 160 79 249
    65 136 51 104 117 84 118 113 144 68 31 183 117 23 51 12 136 203 111
    11 85 15 96 144 109 154 176 242 154 253 113 235 247 162 195 203 119
    156 195 228 127 27 7 36 46 84 0 210 31 226 210 190 21 35 244 122 153
    8 81 234 156 116 95 74 4 103 111 135 99 117 75 225 121 83 10 74 45
    240 238 127 207 30 22 97 13 103 199 241 91 133 252 224 254 111 73 85
    76 240 219 52 136 9 237 51 173 30 172 253 105 150 131 207 80 8 35
    176 128 30 128 194 209 61 26 81 125 131 249 187 154 250 0 152 133
    154 33 227 3 14 51 80 243 127 103 23 169 73 24 35 20 75 184 178 177
    226 47 60 36 23 103 205 21 30 51 176 18 6 251 44 152 88 114 110 255
    142 192 193 167 81 173 172 101 73 84 97 129 149 250 244 137 122 187
    154 160 45 252 88 245 150 234 207 65 249 31 172 242 156 65 47 97 79
    185 238 66 224 161 171 111 233 200 85 211 91 223 172 3 15 89 117 235
    237 168 71 10 129 59 199 43 77 45 130 104 158 100 1 85 134 4 49 20
    240 100 18 254 161 61 101 116 228 101 201 203 142 12 64 60 168 247
    234 139 204 155 184 65 215 62 88 116 47 182 99 170 112 150 188 5 83
    249 85 82 156 243 195 63 163 132 24 168 65 213 50 214 24 215 116 28
    232 246 92 74 51 153 205 121 212 45 240 167 105 27 100 142 147 238
    51 96 5 103 139 127 80 22 206 115 147 111 12 178 224 134 27 17 200 6
    4 46 222 130 150 214 8 66 190 7 38 157 6 177 69 16 228 252 11 143
    216 151 39 101 183 126 35 108 32 31 132 204 147 192 239 38 136 0 86
    207 239 131 202 98 58 59 206 245 34 100 8 126 141 181 199 173 86 244
    236 196 157 76 109 109 85 4 127 60 198 4 171 78 152 200 234 108 21
    197 111 246 15 60 94 27 91 113 146 193 132 175 125 89 229 178 250
    230 135 118 28 46 162 228 39 162 255 145 142 35 0 29 7 25 71 13 249
    255 76 16 155 116 38 173 72 32 140 140 57 59 149 7 92 231 12 85 160
    15 248 102 117 11 149 30 151 127 229 98 130 86 31 105 107 119 146
    211 93 110 44 89 55 141 119 184 127 232 73 207 140 175 238 159 21
    236 172 41 127 43 79 140 88 166 148 253 86 49 240 29 209 81 221 216
    0 112 192 198 159 121 32 145 246 223 41 241 145 70 132 151 59 28 0
    210 214 147 94 236 250 162 43 76 180 49 119 10 32 175 9 102 200 70
    32 222 82 193 204 182 166 135 86 45 224 28 244 30 255 205 202 227
    251 206 90 43 102 5 65 196 158 92 197 29 84 77 184 21 24 18 165 163
    155 232 105 3 132 117 236 27 225 20 122 87 160 207 74 215 92 233 106
    196 110 121 213 98 170 124 214 154 12 227 67 188 236 161 142 177 182
    248 212 71 196 60 120 91 204 69 22 44 208 190 195 123 71 98 96 40
    173 145 66 73 78 246 169 51 229 105 32 51 94 35 172 161 3 203 28 216
    73 225 37 14 55 111 34 46 49 208 155 210 249 220 100 92 60 4 231 2
    251 244 5 248 225 38 142 114 136 182 120 236 71 204 219 5 203 237 93
    45 47 44 68 75 221 32 79 225 84 109 44 222 193 50 44 254 86 171 75
    82 189 179 218 234 211 202 93 99 11 138 196 92 113 28 32 162 102 45
    5 146 41 120 19 78 89 184 234 107 225 207 18 222 227 60 37 124 203
    95 54 251 27 15 131 138 108 232 53 235 177 26 226 97 86 244 204 48
    187 19 148 250 82 184 193 63 179 103 4 39 229 185 38 101 149 191 151
    170 145 170 197 56 154 251 202 191 220 237 45 79 124 127 231 61 53 8
    164 189 125 104 167 112 145 72 155 170 171 250 13 120 50 152 1 22
    173 140 164 210 26 100 190 40 72 135 207 214 103 168 166 215 64 164
    73 233 21 3 68 212 80 88 61 148 248 212 18 141 176 91 224 3 103 209
    85 131 143 81 112 165 95 36 122 255 93 238 164 210 195 219 63 187
    157 237 187 203 47 57 114 233 23 233 180 170 184 116 62 40 143 61
    101 88 153 44 250 111 185 223 99 166 81 93 136 210 216 235 178 5 217
    249 129 128 48 107 160 2 158 123 37 129 129 252 178 8 251 9 159 39
    213 0 71 178 116 72 239 30 200 157 202 159 219 248 37 75 22 67 145
    159 91 133 231 131 6 162 190 67 110 152 125 141 97 241 157 109 26
    165 151 68 33 167 119 142 22 46 241 49 84 127 207 105 154 119 114 70
    93 112 58 10 236 175 239 2 105 72 100 195 165 91 155 246 220 234 150
    217 3 209 255 183 245 102 143 72 49 38 35 171 4 84 144 107 3 65 17
    55 164 38 220 34 240 71 77 23 121 134 180 33 115 174 109 135 58 132
    187 43 166 97 15 119 165 126 159 155 227 34 68 56 3 49 237 160 115 3
    133 49 154 59 226 60 64 0 206 232 119 255 238 12 167 52 43 246 211
    94 176 28 30 28 51 0 138 169 18 221 72 141 114 67 44 46 53 74 223
    125 42 181 60 12 45 204 211 179 239 55 44 209 210 80 142 63 50 255
    84 163 220 232 241 186 235 244 6 231 158 21 26 90 135 227 74 221 126
    172 130 184 97 206 104 23 111 217 178 230 29 191 22 78 9 16 165 216
    77 122 150 65 250 25 53 68 167 181 62 7 37 2 240 70 168 239 85 252
    37 103 43 22 98 17 98 213 2 29 43 143 154 190 80 38 30 55 152 91 131
    118 204 54 104 109 224 160 99 34 207 244 82 224 193 164 51 192 229
    250 193 215 158 250 86 194 111 59 108 200 182 160 251 147 220 34 31
    182 117 216 86 107 118 245 127 20 52 238 12 105 62 115 76 45 1 4 174
    39 5 210 132 248 63 138 29 192 191 247 28 236 251 185 61 39 73 219
    16 57 101 79 122 148 154 158 172 178 120 0 245 131 240 227 139 241
    44 188 162 160 104 177 47 14 141 146 213 3 153 247 120 116 253 175
    216 126 146 189 186 152 151 48 138 192 150 3 116 199 109 177 138 148
    114 219 68 115 239 203 166 34 119 163 249 2 170 145 218 75 149 1 151
    8 17 52 188 192 174 5 0 160 29 142 234 242 138 103 105 222 195 200
    173 137 232 110 23 189 149 126 104 3 47 22 17 193 127 29 30 39 89
    159 14 50 153 128 7 49 79 192 55 223 122 120 136 82 36 42 103 174
    162 53 56 68 3 222 236 50 77 45 0 100 19 159 219 232 91 126 190 245
    202 138 129 102 64 237 190 223 125 228 91 89 68 160 174 50 49 180 47
    42 193 180 192 25 41 91 213 35 24 122 166 40 158 156 95 102 37 143
    154 187 77 223 197 142 75 174 244 90 47 218 221 67 22 65 207 3 20
    198 125 226 79 49 33 159 140 102 112 147 248 179 207 176 187 84 183
    83 43 158 103 216 68 35 250 107 26 163 254 32 192 172 33 173 64 144
    186 253 30 224 181 54 253 233 51 166 236 183 212 115 248 228 174 77
    6 154 187 180 36 0 179 158 180 106 42 4 158 122 28 205 151 3 116 71
    11 233 250 152 26 112 235 72 181 97 75 64 210 242 251 83 72 164 197
    38 138 33 105 113 45 190 162 44 255 193 243 128 131 230 148 62 237
    187 62 38 108 188 34 213 129 94 227 229 147 0 219 240 47 14 225 132
    120 134 103 40 57 149 110 117 154 42 60 114 56 108 153 216 117 116
    102 27 246 13 223 131 62 183 56 67 219 222 54 55 9 252 103 161 27 39
    73 120 63 171 36 97 226 179 205 154 84 0 107 43 14 26 24 30 255 214
    144 162 198 207 188 106 140 64 24 191 130 0 222 193 129 26 43 54 43
    253 172 2 236 175 197 42 21 98 109 12 113 13 217 109 40 68 137 13
    127 153 21 141 1 112 149 184 162 158 53 17 5 81 77 21 186 77 69 148
    5 36 50 253 232 48 230 140 64 229 134 68 10 151 78 203 47 106 100
    115 38 204 179 197 180 132 56 190 136 236 137 17 95 175 201 179 148
    139 21 70 220 149 149 121 58 40 230 221 74 4 185 56 89 177 70 89 28
    160 64 231 213 171 231 227 203 242 42 0 148 217 135 226 159 97 8 78
    15 255 224 51 105 52 201 161 161 118 70 241 42 223 34 115 63 246 247
    128 199 69 17 255 61 212 177 21 233 196 96 232 221 112 78 194 26 40
    112 172 212 184 181 230 113 141 246 204 113 100 220 128 104 56 4 58
    117 213 135 4 179 9 232 204 245 79 66 140 87 100 129 235 112 136 71
    190 136 77 126 16 181 8 231 9 165 198 237 71 145 213 80 135 113 146
    46 216 140 59 122 121 110 28 228 28 16 36 198 92 123 187 163 187 100
    207 33 75 106 217 22 162 112 215 233 164 83 255 48 1 76 112 255 219
    213 137 67 164 20 175 177 161 122 172 219 28 168 21 26 83 224 196
    184 133 76 41 16 113 229 27 250 245 171 76 141 119 106 82 199 196
    112 178 172 48 101 25 34 216 35 103 53 232 249 28 44 212 158 167 97
    147 46 235 67 163 58 18 215 163 249 92 11 221 178 215 141 191 85 0
    28 177 74 185 228 229 159 213 139 99 240 84 34 112 63 62 200 111 147
    209 34 148 145 178 250 167 145 117 46 124 85 31 219 218 176 217 3
    208 210 7 224 131 131 192 43 240 216 220 70 21 158 2 58 190 201 30
    203 166 65 59 197 20 225 133 91 68 196 115 220 14 82 232 230 116 90
    7 116 135 160 186 226 153 84 27 193 33 104 76 2 174 30 162 246 93 19
    63 115 170 215 0 176 130 206 6 102 77 188 202 10 54 253 159 36 152
    216 236 247 198 76 239 247 194 102 46 223 195 63 184 211 237 28 68
    247 71 178 122 131 56 161 252 44 245 94 126 224 83 84 147 133 46 102
    124 51 108 148 57 85 189 210 38 241 78 52 43 182 12 135 245 43 64
    224 107 55 194 63 80 60 207 189 70 58 239 35 152 26 43 202 42 120 56
    127 57 192 14 213 192 193 78 8 198 220 219 68 7 140 191 227 228 55
    33 121 206 78 223 17 59 234 90 120 132 184 251 185 0 33 98 89 166 49
    242 67 47 84 48 175 210 233 229 9 109 138 247 240 46 189 159 214 9
    166 99 48 247 218 112 209 189 150 203 44 78 42 219 118 130 34 142
    138 250 93 37 66 199 89 175 223 153 10 175 172 163 214 127 28 133
    191 144 238 156 208 21 97 139 197 65 152 115 164 80 5 244 79 177 216
    190 235 11 27 88 28 133 144 54 98 11 115 60 116 219 236 203 65 217
    72 44 81 146 155 27 177 147 137 226 159 195 209 248 200 127 166 222
    52 39 108 57 239 16 23 239 37 20 243 44 6 164 61 119 246 86 231 215
    206 196 213 15 192 235 132 25 228 119 247 121 223 240 226 240 240
    148 42 241 194 31 234 243 164 58 8 188 39 234 226 193 26 194 89 113
    180 119 251 211 2 78 84 202 239 234 131 113 238 94 6 144 69 166 155
    113 242 2 6 240 200 157 24 75 1 195 243 240 0 114 0 236 29 66 194 91
    252 169 37 247 50 0 52 134 130 6 19 198 252 33 100 36 118 65 37 98
    65 52 25 205 23 146 92 245 17 205 168 100 229 3 3 19 23 41 151 23
    197 32 228 215 211 189 240 166 166 119 23 143 53 108 236 141 29 227
    225 124 12 67 106 193 99 2 34 63 204 53 44 216 19 146 244 164 94 104
    88 50 48 51 232 134 55 172 127 90 18 88 241 172 202 19 82 11 11 26
    194 135 46 150 86 121 80 78 109 66 221 235 231 24 25 4 19 13 46 171
    161 47 129 34 131 30 21 165 102 139 82 41 155 57 81 71 102 99 170
    175 94 172 90 76 219 164 173 49 100 224 120 27 144 244 71 26 97 36
    119 164 149 37 20 133 2 59 121 52 238 139 24 229 152 240 134 163 42
    175 224 229 48 76 109 72 203 30 118 55 168 133 182 90 235 89 241 250
    171 171 255 67 68 199 204 97 48 153 187 46 37 36 56 241 23 7 152 12
    13 73 65 57 170 70 54 26 160 236 205 78 52 48 88 11 109 254 76 21 12
    85 57 219 33 211 188 94 153 212 186 122 161 218 8 241 179 46 135 19
    56 78 32 218 64 129 58 150 156 26 138 32 211 61 193 235 152 219 239
    174 151 239 79 198 86 110 147 144 219 27 230 224 168 102 218 84 47
    149 169 163 220 150 42 138 42 199 217 188 184 125 216 209 200 204
    124 210 16 7 199 108 39 123 142 64 110 162 69 31 164 229 52 238 254
    151 142 68 143 99 217 48 114 77 170 68 76 205 6 57 120 100 242 67 78
    10 39 149 80 53 152 71 107 197 226 215 251 68 246 163 97 230 105 151
    167 174 24 39 88 124 110 104 213 122 248 205 94 15 229 26 128 170
    193 65 170 184 20 134 233 217 210 161 247 227 221 182 62 193 136 242
    157 194 168 171 210 217 173 223 173 181 42 169 23 205 103 70 219 42
    18 73 5 91 115 217 115 46 203 159 46 225 16 122 158 251 3 225 177
    129 182 198 179 22 11 148 108 29 245 208 54 80 23 97 198 53 217 166
    189 75 40 238 122 200 43 64 49 4 53 221 186 106 250 226 243 58 86
    255 82 17 18 24 81 37 48 152 180 62 150 78 232 97 254 141 47 141 25
    16 56 72 219 82 122 55 227 30 191 74 179 58 18 140 221 43 242 167 44
    133 163 161 200 103 147 149 153 212 218 191 168 78 118 57 152 137
    109 212 123 254 157 252 60 56 217 141 124 1 247 118 168 144 74 50
    208 92 143 153 17 192 114 248 67 251 217 101 10 104 24 245 217 81
    106 176 23 114 225 75 155 7 169 44 107 109 69 109 108 117 170 222
    147 170 155 141 150 198 36 245 50 161 119 132 57 245 8 121 19 80 170
    66 85 31 170 9 153 151 83 121 239 73 234 160 180 85 54 19 145 196
    154 214 126 37 96 38 117 66 94 200 102 124 99 31 20 59 101 226 235
    48 41 6 233 233 229 184 3 172 192 112 212 99 21 218 244 115 243 40
    224 155 224 123 214 178 227 54 144 1 216 253 36 236 180 138 72 65
    103 85 195 1 129 155 79 167 134 160 179 144 50 163 80 17 166 141 226
    1 32 34 69 108 244 165 153 94 125 159 55 189 15 215 88 154 251 239
    208 142 184 184 104 45 87 36 76 133 175 193 120 12 89 2 242 226 166
    148 91 76 29 164 252 166 55 64 132 254 232 222 118 205 72 144 191
    144 127 130 61 197 224 160 124 47 157 85 121 99 6 141 136 38 132 0
    207 52 73 228 34 67 185 193 209 54 240 136 189 103 223 239 148 193
    37 232 14 157 93 151 46 155 244 52 139 4 171 252 113 1 255 250 166
    253 87 51 190 73 198 55 170 79 207 67 116 193 211 82 245 9 99 93 34
    200 84 14 122 8 162 227 13 49 135 225 168 70 48 158 154 137 64 215
    139 221 7 4 228 57 236 48 6 13 162 102 96 201 72 225 243 99 222 228
    164 43 154 204 129 60 50 24 106 67 131 1 123 72 191 48 0 239 60 224
    37 182 19 83 185 249 194 98 172 246 70 63 212 124 67 158 48 70 113
    157 163 222 217 83 38 115 101 210 56 4 40 235 25 50 0 191 227 157
    145 249 87 111 211 139 189 218 188 218 95 21 18 8 183 175 118 109
    109 38 115 186 9 188 84 71 12 139 11 65 20 210 88 30 125 58 181 218
    254 46 227 58 203 199 163 156 37 249 184 128 230 124 147 79 170 227
    124 46 184 55 236 32 117 212 34 198 106 136 61 246 46 31 97 108 91
    150 244 245 151 252 48 195 230 26 67 241 64 200 231 139 105 81 51 75
    67 247 254 16 53 231 253 77 237 187 218 138 229 69 44 38 140 145 195
    46 216 42 101 11 168 61 6 138 95 52 123 197 95 1 74 205 42 11 77 193
    154 51 188 142 147 17 167 249 68 50 233 161 97 236 95 178 131 190 9
    209 185 49 68 102 14 175 32 157 16 163 150 206 10 32 64 140 90 51
    176 161 152 168 228 207 153 24 84 230 0 30 12 148 162 166 123 214
    170 98 201 195 241 60 216 78 77 38 46 233 195 70 5 70 74 158 173 250
    212 63 27 215 84 189 1 249 10 138 140 46 145 153 204 196 252 190 51
    63 25 217 187 89 46 237 187 8 14 64 102 73 241 33 174 196 6 193 105
    31 15 64 250 46 194 135 179 6 101 99 207 54 60 133 228 171 223 226
    93 53 133 10 248 231 186 2 61 158 61 195 39 131 66 128 131 61 62 135
    41 65 213 225 212 46 196 142 65 82 240 50 107 192 162 173 182 81 127
    236 189 59 189 141 94 82 87 104 243 251 215 182 36 62 218 120 95 219
    184 250 95 167 160 193 183 111 130 220 188 181 24 144 250 194 87 222
    166 233 21 87 252 100 172 7 71 48 64 70 255 63 23 66 180 176 136 158
    81 102 15 42 81 254 213 216 88 151 109 112 91 240 187 22 163 149 181
    76 66 147 30 9 231 45 197 165 187 0 37 215 109 104 127 173 78 89 208
    39 176 9 29 83 17 35 205 130 89 167 90 218 136 17 0 124 55 42 254
    194 31 176 8 12 24 95 42 241 89 100 1 129 83 25 160 103 181 96 146
    22 24 135 37 6 97 243 128 85 70 229 252 23 82 30 175 75 212 211 1
    171 7 165 141 45 23 68 231 152 64 13 51 158 135 42 36 195 224 126
    125 116 88 239 82 11 77 204 106 27 170 231 27 73 114 10 26 115 7 161
    1 218 84 185 172 253 4 72 126 131 87 127 194 135 29 131 195 162 225
    94 32 215 227 107 41 219 249 159 208 217 57 239 208 154 207 108 235
    194 37 10 88 141 51 9 124 165 43 94 4 163 35 113 164 131 188 140 222
    25 88 25 10 85 141 5 240 207 113 149 175 57 78 139 25 48 89 252 0
    210 82 238 43 22 39 249 179 188 201 220 122 38 131 109 162 200 32
    125 63 167 238 74 77 163 215 225 191 231 47 71 25 188 127 57 208 12
    234 107 6 235 10 153 254 244 111 66 127 68 8 211 141 178 125 148 138
    195 76 190 190 138 146 125 93 97 172 128 175 210 10 56 92 194 189 61
    10 136 143 246 66 76 140 137 19 153 78 68 92 76 83 169 167 157 169 0
    129 92 227 214 195 250 10 14 81 171 197 57 58 33 134 97 57 134 98 67
    39 95 90 90 222 237 68 238 11 16 238 231 1 167 67 161 229 245 96 104
    197 161 157 138 38 71 106 108 158 128 111 46 50 237 27 15 245 29 39
    96 18 182 14 168 140 198 167 220 124 194 193 159 215 183 68 254 75
    150 155 162 78 103 57 32 216 47 18 15 28 253 157 196 191 16 143 63
    155 64 187 180 19 204 19 197 84 120 160 170 24 41 149 116 2 151 21
    63 179 9 201 90 0 35 212 82 254 153 219 58 20 66 245 126 198 160 33
    170 56 225 83 130 8 40 34 217 142 47 42 201 188 159 138 66 159 158
    134 103 208 115 65 108 248 1 236 238 222 49 253 190 23 151 126 157
    104 94 61 75 132 137 57 64 211 127 223 194 119 59 94 38 223 27 239
    151 90 29 52 112 35 53 222 133 9 225 165 145 77 174 136 113 46 88
    238 84 54 193 211 46 12 91 163 230 222 237 243 99 77 128 205 181 36
    216 132 30 155 117 238 81 241 200 136 161 185 87 207 111 11 122 49
    248 177 145 66 241 86 134 45 110 56 187 216 49 40 90 125 128 141 74
    241 158 103 176 141 242 29 212 58 16 187 209 171 152 140 132 147 61
    254 145 133 70 116 21 229 161 29 142 45 214 236 198 221 169 246 50
    92 202 156 7 146 14 113 12 69 206 92 66 114 88 112 34 202 224 255 62
    139 66 8 141 137 213 90 249 104 62 154 171 191 100 142 103 68 182
    238 149 92 0 247 74 234 247 209 58 71 5 91 122 94 162 27 72 133 42
    167 252 47 184 160 24 233 222 18 238 156 155 41 68 201 162 14 19 54
    70 22 113 200 133 202 177 15 38 135 93 207 128 24 125 102 42 104 242
    49 208 223 120 103 3 97 229 141 182 170 141 107 111 101 240 216 47
    194 58 87 48 92 83 69 51 175 78 118 162 124 154 213 47 9 211 36 59
    21 127 166 98 52 103 43 21 72 220 16 194 169 188 23 36 58 28 170 120
    214 118 213 196 63 18 248 64 68 155 31 189 132 196 3 241 131 43 6
    211 169 175 5 40 234 113 96 130 50 92 55 67 123 166 140 167 191 87
    83 81 44 8 171 170 178 53 136 192 252 224 99 126 222 221 159 200 26
    146 61 205 232 78 218 186 39 68 41 171 250 126 194 231 41 255 51 90
    35 160 137 5 64 127 99 55 169 70 58 80 178 45 185 42 201 240 129 68
    56 27 22 16 238 143 154 98 84 15 222 170 229 58 228 17 140 73 189
    241 156 138 163 111 114 248 204 193 43 221 101 214 199 209 5 150 11
    235 58 84 32 56 98 36 9 128 24 137 248 163 247 49 202 253 14 215 2
    78 229 135 211 151 41 239 209 80 11 182 1 126 12 192 139 88 254 255
    222 221 157 136 20 77 215 4 108 129 158 79 191 151 131 230 165 14 9
    146 3 240 39 135 8 120 186 63 241 239 187 102 61 254 60 115 210 5 86
    35 23 15 10 244 96 145 39 141 65 249 9 132 184 39 168 219 48 16 64
    34 183 123 148 109 217 36 228 142 66 85 211 130 179 63 8 76 53 213
    222 188 57 164 237 166 173 23 248 196 233 95 75 176 75 246 96 26 153
    75 114 118 164 149 238 191 151 81 104 233 212 59 232 139 75 44 184
    65 43 90 115 224 86 215 175 120 238 253 245 222 222 47 105 89 118 59
    118 219 117 254 90 148 44 16 145 199 3 136 156 15 177 106 249 70 61
    31 179 2 148 1 234 108 43 125 202 133 238 45 131 103 37 31 50 37 69
    60 124 188 151 205 53 57 199 114 139 161 80 186 72 123 33 78 59 231
    95 203 51 161 115 99 71 72 159 114 222 235 21 5 60 192 218 55 52 53
    149 58 179 238 92 171 234 152 204 0 140 236 226 30 68 200 145 205
    154 153 211 174 109 174 232 108 197 61 230 106 17 249 248 171 133
    209 227 42 72 100 107 213 113 20 73 117 142 96 134 38 182 133 68 61
    159 82 136 65 79 68 209 223 6 130 148 66 127 139 153 176 58 234 194
    227 130 13 184 197 17 5 69 6 138 7 146 102 182 19 169 11 8 4 123 100
    135 238 163 72 83 147 78 24 195 165 232 69 20 6 192 125 169 168 144
    78 101 26 104 182 84 174 80 5 10 79 31 96 47 110 103 5 76 156 109 56
    65 8 171 179 193 157 150 95 34 249 156 115 51 117 137 212 178 254 90
    37 139 146 244 145 3 225 167 36 188 4 217 47 210 152 30 57 181 67 95
    74 190 108 214 247 58 109 78 181 66 201 232 106 214 64 251 89 250 69
    57 90 56 24 20 108 250 108 108 139 252 41 181 202 9 167 135 246 7
    179 173 174 217 39 206 196 60 255 64 25 210 157 218 205 58 152 189
    244 151 33 43 79 182 249 41 63 229 133 196 195 158 23 16 174 251 224
    123 163 252 138 103 121 135 94 87 187 93 68 235 155 47 169 46 179 72
    78 3 205 131 120 224 250 20 85 106 242 211 161 65 218 157 243 36 14
    126 218 239 182 125 143 150 201 88 153 135 50 124 202 188 41 81 188
    49 201 237 231 44 16 196 181 222 109 165 103 233 21 216 207 88 226
    194 47 64 171 89 248 53 15 203 179 29 115 175 147 101 241 218 184
    198 5 249 178 251 170 241 57 236 76 226 161 191 187 218 156 76 130
    34 144 92 55 139 66 19 220 65 187 96 73 226 153 153 40 109 73 72 18
    215 223 105 124 100 113 86 61 240 120 123 19 58 119 34 1 89 134 158
    249 229 85 38 87 173 74 33 40 31 137 67 190 69 136 53 122 194 138 69
    147 11 144 160 49 241 182 126 177 171 45 33 157 193 157 40 137 188
    216 117 115 58 122 176 16 230 244 101 154 71 155 121 154 215 133 254
    163 131 109 104 163 219 28 178 62 144 113 120 52 171 49 219 79 162
    189 187 246 71 44 249 37 35 39 151 116 70 218 121 176 243 228 116
    252 52 168 9 124 67 110 8 78 238 72 189 209 96 96 214 50 32 49 168
    102 10 143 189 85 22 207 186 238 63 118 240 42 104 16 32 180 103 112
    212 98 126 226 200 35 84 216 71 66 250 102 214 30 168 182 254 229 3
    113 213 77 186 70 207 43 99 188 178 193 87 74 174 30 210 168 204 232
    251 62 182 86 199 110 254 102 47 78 214 201 156 54 12 236 168 11 182
    69 203 179 220 162 254 36 181 224 106 205 209 156 125 35 159 89 46
    205 197 118 3 41 77 135 131 202 201 146 46 210 163 6 110 212 87 116
    203 46 23 96 88 57 199 84 166 133 203 20 221 103 178 138 60 213 175
    36 134 180 151 142 69 75 74 157 19 229 67 200 203 54 113 116 8 1 197
    58 78 164 250 236 67 251 131 103 38 54 157 184 108 76 208 137 201
    194 74 17 119 64 90 195 111 62 130 190 146 42 252 113 241 119 251
    154 207 100 12 184 31 249 178 232 31 76 111 86 158 245 16 16 191 234
    88 5 203 112 214 116 74 95 35 190 82 24 9 28 226 75 145 214 121 29
    211 73 1 212 125 207 27 119 188 47 172 93 70 0 244 145 151 20 179 75
    173 182 166 28 16 68 35 109 180 113 107 66 222 60 76 234 245 194 142
    237 240 58 119 178 71 60 224 251 65 129 154 216 143 199 67 241 159
    103 14 25 142 239 184 254 43 110 27 20 206 40 68 32 78 207 162 76
    213 71 3 168 220 223 163 36 253 153 9 168 64 174 183 103 12 119 66
    154 154 233 41 11 97 67 118 231 185 130 95 94 38 135 67 227 35 222
    196 107 213 230 150 198 168 201 21 172 37 52 193 70 189 15 177 206
    209 99 32 200 242 109 187 40 140 207 117 83 221 231 208 172 249 80
    37 2 157 159 161 80 151 161 193 8 126 62 103 147 128 234 178 40 249
    44 29 12 173 115 70 50 49 175 206 80 195 125 162 219 117 142 84 148
    92 155 43 186 203 73 67 14 49 186 167 25 123 240 113 53 97 204 152
    149 120 27 180 102 40 139 65 61 59 208 207 31 241 156 144 61 150 134
    127 138 77 154 164 100 90 163 90 173 112 144 116 151 254 174 19 178
    32 124 209 68 131 98 190 235 138 124 129 62 225 9 201 190 124 80 168
    213 178 23 57 23 1 184 98 16 8 162 199 39 51 29 81 113 122 27 150
    137 218 227 101 205 77 176 41 53 71 58 239 244 100 72 232 103 254
    229 49 129 106 246 40 102 53 242 66 166 99 239 99 184 77 168 17 76
    216 209 135 130 65 171 96 205 191 184 147 3 156 148 96 138 206 31 26
    119 80 187 51 171 113 13 164 189 214 186 110 70 31 240 35 149 181 19
    49 29 59 130 180 224 196 172 61 230 43 13 91 22 77 230 127 218 210
    131 175 89 80 93 101 21 184 209 179 214 206 215 39 222 134 116 232
    145 12 250 139 236 1 186 155 21 60 211 164 180 56 170 216 252 68 181
    62 125 178 224 120 149 113 95 223 202 169 137 99 212 132 91 113 39
    46 163 66 148 156 190 70 110 238 9 163 66 6 68 183 19 194 107 143
    114 52 167 34 120 9 242 230 12 86 64 85 141 168 177 226 174 139 125
    244 128 251 145 229 204 123 140 61 90 253 46 177 212 8 165 220 211
    184 217 168 197 83 222 132 166 46 76 68 193 75 182 236 230 78 36 157
    207 60 19 78 64 130 151 148 89 206 191 190 109 11 73 48 40 164 17 67
    74 153 214 197 52 77 233 97 225 0 157 43 224 76 202 249 28 134 12 19
    253 228 119 169 65 162 248 128 112 149 202 186 164 242 84 103 75 103
    165 46 223 234 16 65 135 50 154 23 36 174 225 3 111 242 231 62 19
    252 228 92 4 120 26 220 164 16 131 152 86 54 90 114 189 28 152 157
    118 235 116 148 218 53 124 222 211 110 73 186 13 88 102 50 3 187 228
    131 26 23 222 185 127 50 232 132 231 65 23 38 129 193 31 252 87 104
    193 220 53 233 205 84 39 161 87 131 237 217 147 199 192 147 189 177
    54 171 83 95 169 59 32 51 239 87 92 57 216 190 1 81 138 165 166 69
    10 149 10 230 182 95 13 181 23 85 102 251 244 0 34 77 104 199 135
    185 50 12 207 222 81 73 5 234 33 239 141 138 39 43 19 1 183 146 100
    97 22 86 190 22 107 106 149 92 55 142 96 84 212 126 21 68 117 94 225
    224 16 158 37 201 151 94 154 167 25 86 211 144 113 19 59 109 220 12
    19 234 57 219 199 54 238 4 153 123 12 104 147 252 183 139 205 145
    239 144 5 206 173 79 120 243 60 107 222 4 85 58 5 164 211 210 102 37
    126 130 134 34 239 177 254 174 53 59 14 200 210 223 48 229 117 70 36
    33 24 24 181 223 241 145 111 19 222 185 9 35 8 2 189 1 82 69 29 139
    91 243 208 65 187 127 145 242 240 5 236 148 195 14 205 248 17 130 30
    31 175 232 240 110 99 6 163 104 124 98 200 7 162 163 229 141 15 23
    170 149 131 76 218 93 55 123 124 99 77 204 14 252 126 251 1 209 254
    75 196 214 231 221 61 219 9 87 87 177 93 25 227 171 13 122 137 139
    119 91 115 229 179 82 121 228 193 4 70 120 231 236 159 199 100 50 87
    46 254 254 20 144 32 34 224 188 46 185 139 255 21 235 139 221 118
    239 89 237 125 99 254 33 210 30 86 46 87 69 237 67 96 65 109 238 151
    90 11 233 91 207 215 248 68 254 255 62 234 232 94 217 213 46 117 112
    104 247 228 102 199 63 68 160 154 188 20 133 153 184 14 109 70 107
    170 26 97 134 31 146 247 116 237 9 213 149 120 192 236 83 226 216
    183 3 4 1 14 223 241 155 135 68 35 22 54 207 82 189 189 159 31 207
    189 109 28 113 11 76 233 75 127 197 233 251 104 161 95 42 96 93 8 16
    11 232 38 0 38 100 130 223 232 85 82 157 163 187 69 185 183 20 245
    225 194 1 72 175 96 118 89 235 252 231 222 149 150 116 168 41 111
    156 233 87 218 138 85 246 143 206 239 100 115 59 80 250 169 25 78 57
    199 15 76 108 6 108 157 134 34 10 107 241 203 96 1 196 124 193 140
    148 200 96 232 183 92 67 198 45 176 220 197 219 161 21 198 21 204 51
    215 147 24 51 193 115 69 92 147 158 133 28 171 43 50 145 55 87 150
    149 248 58 239 70 12 228 60 157 233 221 78 180 214 177 182 119 128
    192 107 22 142 165 61 95 57 81 30 243 159 132 250 201 105 60 245 91
    95 170 164 199 41 188 222 200 104 40 39 195 222 78 137 56 244 47 189
    132 153 63 206 188 87 203 5 130 207 35 92 91 205 65 121 9 184 186 57
    101 112 67 238 131 160 239 27 198 65 184 17 3 50 115 13 9 0 195 90
    90 104 227 187 166 66 102 126 58 159 209 104 230 2 156 2 96 21 118
    91 246 189 8 130 194 151 8 222 15 158 220 197 157 70 190 80 24 48 63
    245 104 123 69 104 21 250 217 253 207 4 130 126 52 66 11 230 161 249
    131 124 49 225 99 44 101 109 202 183 218 20 29 101 105 186 18 54 148
    24 182 84 229 185 121 91 87 51 37 143 212 56 108 61 141 175 47 39
    245 110 3 0 136 250 85 32 167 181 185 234 228 249 244 151 100 245
    238 238 16 52 50 149 151 223 186 117 105 180 154 188 61 214 208 193
    49 135 233 220 213 135 104 105 57 155 64 38 82 120 203 75 70 120 192
    214 176 165 193 132 214 41 51 41 227 219 147 129 237 35 160 106 202
    96 32 5 91 111 205 161 69 45 116 88 185 135 237 250 228 74 17 157
    235 85 19 20 193 224 31 168 76 30 32 64 150 21 181 164 236 215 132
    84 106 232 124 15 181 176 205 28 244 188 238 142 122 34 96 228 220
    49 183 79 1 180 9 56 68 160 137 130 26 213 109 217 164 6 175 23 255
    234 155 241 161 54 176 175 200 67 236 85 18 51 7 210 192 28 200 81 0
    90 218 115 189 159 163 108 32 139 5 93 75 56 62 109 15 155 220 48
    178 46 53 83 92 120 82 238 27 103 24 67 38 95 147 125 85 170 247 96
    88 98 60 77 233 206 19 48 29 207 6 120 13 102 30 145 66 84 62 150 16
    50 252 49 183 185 215 222 12 183 192 77 174 243 92 20 162 192 21 145
    37 67 245 127 138 237 87 195 76 237 86 67 76 53 75 2 76 91 141 43
    255 97 193 119 10 42 112 198 62 128 58 157 133 199 144 35 168 212 2
    235 60 86 46 126 248 128 209 21 115 19 115 86 110 151 121 39 231 86
    54 184 234 74 219 134 247 171 193 228 92 17 160 241 88 132 111 154
    32 24 128 228 166 150 247 251 199 191 92 87 32 176 24 54 169 188 170
    85 58 9 173 185 48 103 172 243 58 50 129 201 237 189 9 78 171 31 142
    233 66 32 142 212 150 75 192 6 82 70 198 88 93 106 170 233 228 45
    195 162 72 233 17 228 69 86 119 156 84 224 42 51 194 152 211 192 62
    50 179 21 20 171 172 77 243 98 222 93 196 87 19 184 142 231 244 127
    139 70 143 243 133 113 42 108 5 249 120 87 118 143 37 188 117 22 207
    210 148 24 4 231 14 2 131 212 189 169 96 232 212 64 1 33 104 178 161
    251 241 146 232 35 99 227 58 237 88 93 107 10 253 118 254 11 196 19
    82 74 48 13 183 109 249 253 33 26 255 181 54 77 121 31 157 23 95 36
    246 240 0 56 245 171 7 77 230 61 102 217 65 222 58 94 197 177 15 239
    242 124 55 91 4 221 220 28 37 133 137 38 19 158 244 103 122 73 187
    28 81 195 143 54 141 128 241 94 53 84 193 137 196 63 58 146 26 175
    192 83 178 135 112 158 103 137 228 218 119 113 13 32 175 11 244 123
    119 23 51 191 250 11 142 192 10 252 28 80 114 255 200 199 190 250 96
    35 164 116 63 105 222 175 64 93 0 65 59 102 94 75 225 65 198 2 55
    178 173 62 213 250 237 196 245 244 126 8 81 158 242 204 255 153 223
    74 83 105 200 25 108 93 151 30 140 242 158 113 14 211 31 86 150 197
    124 154 120 225 182 140 146 86 173 138 146 217 161 185 224 55 222 88
    43 144 108 220 224 104 126 123 40 28 42 61 65 15 34 210 215 171 137
    85 218 225 130 242 245 172 12 46 101 87 215 134 111 39 184 17 41 119
    132 167 250 75 135 225 155 115 162 166 52 94 229 202 120 108 198 208
    227 20 251 153 140 132 51 243 16 174 10 64 204 28 129 227 255 55 124
    197 165 53 224 108 170 35 157 192 232 75 88 43 205 154 173 255 10
    152 32 250 253 74 119 114 246 70 121 25 230 207 183 26 110 220 225
    50 69 213 11 62 129 106 66 133 143 223 177 77 169 94 209 223 1 155
    183 4 219 175 102 38 186 152 124 169 192 225 240 184 175 188 80 147
    92 49 135 164 62 50 221 137 41 165 223 249 11 186 98 34 35 12 209
    232 50 42 209 245 57 37 143 49 174 253 98 154 66 36 217 125 107 16
    117 85 110 137 74 200 18 121 255 90 171 125 116 87 11 15 121 100 172
    88 15 110 244 33 166 15 202 205 100 1 185 248 103 109 238 65 32 234
    40 109 107 210 242 243 73 67 11 73 212 126 252 104 127 239 233 155
    148 17 209 236 174 38 148 100 229 248 53 51 202 180 63 89 26 37 198
    126 92 81 8 60 88 25 93 48 135 241 78 155 114 206 155 255 241 20 149
    17 164 62 25 238 47 165 158 107 216 9 136 163 35 64 163 19 166 81 95
    53 100 101 49 237 27 48 129 101 50 231 77 209 158 166 47 5 74 231 36
    125 9 25 32 201 232 49 129 159 6 144 121 252 21 153 152 187 239 96
    40 80 196 125 203 215 130 172 140 64 122 147 117 33 122 51 62 128
    131 96 206 11 232 112 251 105 234 250 6 245 101 30 170 27 136 173
    220 30 84 6 6 27 163 39 72 111 111 28 119 3 139 125 224 37 161 231
    226 219 206 41 202 115 88 142 252 98 124 27 218 64 48 51 167 36 68
    233 6 111 146 117 193 109 85 61 158 228 73 219 63 250 167 178 244 4
    125 98 106 132 23 119 207 169 183 100 57 244 68 187 228 113 213 174
    234 201 22 252 163 113 25 179 27 248 129 169 177 32 88 198 212 154 4
    252 95 132 144 218 85 197 153 252 173 178 46 17 126 100 114 64 40 37
    0 157 255 177 182 83 187 148 248 89 22 215 108 184 236 255 22 225
    183 93 201 253 208 113 106 251 166 203 117 116 52 133 2 252 92 67 87
    106 192 12 122 142 95 157 17 78 56 102 22 41 46 11 228 247 58 25 101
    87 30 182 92 216 77 75 46 132 244 26 176 2 3 253 134 183 155 79 118
    141 97 67 133 184 192 200 79 212 244 224 238 63 200 1 65 106 66 168
    113 184 104 97 201 231 99 204 252 89 118 191 11 92 163 74 205 232 88
    31 65 27 84 198 18 24 56 17 136 124 64 122 25 16 216 44 200 9 94 243
    237 35 41 51 7 106 210 67 255 94 142 22 178 244 209 154 190 230 129
    251 8 56 50 126 29 102 125 215 152 25 230 156 22 158 65 122 251 112
    66 246 101 81 156 188 4 148 61 160 114 118 135 22 254 10 138 117 184
    118 255 211 71 160 38 252 170 176 138 208 247 126 22 230 154 120 253
    0 145 7 143 204 66 42 40 163 62 98 132 4 94 31 163 58 44 241 3 44
    239 250 27 113 248 241 161 176 108 120 157 192 208 22 149 89 14 146
    157 255 254 186 243 195 20 120 55 245 184 14 139 178 8 47 50 141 222
    217 64 236 53 240 86 133 125 51 110 46 145 150 71 179 160 53 187 98
    22 182 70 33 20 109 85 36 116 188 181 204 71 249 193 42 66 240 245
    149 88 104 57 49 186 125 171 158 133 164 211 212 148 71 124 23 149
    193 86 198 213 100 177 94 239 118 172 53 79 94 95 243 130 153 175 84
    16 235 55 218 80 115 37 209 6 165 90 91 19 213 165 214 66 26 36 180
    216 88 244 53 116 148 190 101 155 186 184 201 33 12 48 200 144 35 77
    30 166 48 84 6 165 83 86 180 189 51 118 225 108 100 3 7 168 5 46 199
    101 54 33 191 206 21 86 75 220 3 213 226 12 71 2 153 98 240 122 211
    105 97 65 122 11 223 35 141 47 147 234 100 87 159 131 241 192 25 8
    54 176 144 185 126 184 240 232 5 12 180 91 72 71 204 228 62 193 48
    147 67 18 195 22 196 76 231 72 41 104 7 38 24 12 91 250 96 88 4 92
    186 196 190 248 140 155 136 112 58 157 39 18 28 198 191 85 46 112
    153 117 21 47 217 108 192 184 229 157 171 208 56 226 70 235 28 106
    98 80 182 229 235 83 57 153 201 166 71 85 137 184 88 98 141 183 61
    155 40 255 169 34 146 63 144 61 113 9 87 102 80 13 143 174 72 29 170
    77 114 202 245 111 187 5 66 250 57 95 98 76 216 175 95 160 114 156
    247 20 101 154 190 30 141 39 87 212 224 84 54 113 169 242 250 31 255
    127 4 41 43 163 112 254 166 132 219 118 181 126 117 244 148 8 100
    246 4 236 179 184 104 174 54 175 112 16 73 92 147 79 174 17 90 150
    63 112 87 235 235 58 32 59 124 40 23 210 186 101 105 121 118 91 245
    132 17 95 186 91 22 230 40 6 79 193 240 86 110 63 147 160 114 198
    168 183 66 62 26 83 105 238 112 89 6 235 8 223 150 12 114 38 5 93
    132 220 84 146 167 174 71 7 165 216 86 82 25 132 214 252 19 89 118
    223 81 62 237 199 8 189 254 52 106 207 228 155 117 254 159 129 31
    114 158 125 61 137 166 201 135 140 103 159 56 245 39 102 122 4 192
    164 173 91 81 94 22 75 247 236 46 156 146 9 18 33 60 247 201 166 217
    133 85 182 54 25 62 252 92 221 70 19 227 214 157 182 53 154 210 8
    188 164 253 197 249 87 111 133 84 120 164 227 135 22 6 253 98 200
    235 108 10 70 46 165 173 252 249 174 230 127 59 233 250 112 16 18
    139 123 6 240 233 250 192 2 61 158 170 28 3 103 138 37 125 145 199
    90 66 101 57 195 192 73 172 5 63 18 208 188 128 98 48 98 237 170 147
    128 147 131 104 40 105 224 210 68 235 159 11 86 25 116 222 32 12 197
    45 109 102 250 208 52 96 153 248 185 47 164 221 88 139 119 14 211
    104 36 45 64 21 234 25 121 7 227 239 241 68 170 82 84 57 62 107 244
    35 111 12 223 152 73 24 180 244 237 27 162 122 198 204 191 223 32
    250 83 149 99 90 219 181 157 36 177 165 8 172 16 197 122 114 210 219
    195 152 156 19 90 173 88 168 161 34 171 202 44 52 242 57 202 5 255
    40 117 83 26 142 204 181 217 196 69 174 207 200 139 35 96 162 13 14
    112 175 107 234 119 218 61 135 203 234 129 34 29 21 250 137 233 112
    136 133 122 242 33 2 99 228 155 147 242 158 215 43 44 93 149 53 185
    100 53 147 249 112 134 155 100 225 247 164 154 57 69 60 48 201 217
    28 8 104 145 150 248 71 219 146 128 220 111 17 128 231 140 194 226
    57 112 32 9 85 11 150 152 141 255 2 39 113 165 155 190 207 185 178
    247 102 73 157 197 204 200 211 91 60 9 194 70 131 119 246 139 48 210
    178 93 116 49 206 145 104 57 150 85 31 80 13 222 231 214 32 229 210
    154 144 40 30 206 99 233 111 200 83 167 221 58 108 173 40 92 163 215
    80 219 8 175 7 39 244 140 161 38 22 249 182 49 28 78 89 117 168 113
    203 167 155 250 9 101 36 93 41 69 186 62 121 224 110 147 213 138 190
    85 26 182 132 26 147 252 38 175 18 216 22 149 189 137 186 238 0 132
    163 4 179 249 238 205 231 135 114 85 102 35 147 162 226 239 101 25
    58 144 4 0 145 26 219 138 131 137 136 41 126 171 102 178 206 250 156
    24 119 24 209 160 197 36 200 137 17 0 119 72 216 148 119 219 210 145
    168 248 186 23 122 14 55 186 216 191 200 103 13 120 195 218 233 227
    230 170 35 137 162 153 24 226 184 40 58 156 139 143 140 184 161 98
    180 35 86 250 196 23 29 160 74 40 81 45 5 5 58 93 187 248 97 84 131
    82 112 231 212 175 92 2 101 248 55 117 1 35 100 52 203 255 92 204
    192 121 80 192 63 179 166 94 157 241 210 8 108 20 25 213 155 25 3
    181 115 0 208 136 23 80 33 252 115 102 154 61 210 44 114 176 72 202
    53 191 151 10 38 120 18 67 41 4 207 46 125 132 211 225 247 166 166
    126 106 221 217 158 230 113 9 29 141 200 14 59 104 179 253 20 213 43
    39 14 173 13 65 233 85 227 32 72 209 134 78 181 100 207 148 94 250
    188 112 215 227 163 185 16 8 191 104 127 60 137 39 79 121 149 238
    194 6 136 168 46 42 7 177 5 241 86 68 79 31 128 30 105 235 210 59
    195 120 177 171 184 68 162 48 70 71 176 118 14 24 214 87 228 130 52
    40 225 111 244 75 17 53 44 38 150 64 22 103 234 206 198 251 16 168
    85 183 103 176 109 25 216 24 162 76 41 15 193 35 53 116 206 203 25
    234 183 224 52 71 128 128 3 179 65 96 97 61 36 157 157 99 93 151 78
    159 48 59 23 86 123 116 23 4 43 240 182 96 224 190 146 76 217 63 117
    20 32 136 237 92 223 253 101 30 169 126 244 81 33 25 153 193 221 227
    74 59 141 157 42 46 159 233 201 223 47 84 33 134 108 122 111 57 222
    11 88 157 236 135 91 101 65 212 203 6 244 49 84 173 241 115 62 6 149
    53 170 13 237 194 23 233 86 138 226 232 55 101 139 241 2 89 244 105
    226 24 176 99 46 81 221 116 206 60 7 18 94 96 209 120 85 151 15 137
    241 135 53 109 225 140 225 104 232 105 144 95 159 83 101 202 81 81
    24 16 105 198 152 71 23 230 36 124 103 156 130 75 8 109 81 51 47 148
    137 92 90 141 2 3 186 132 165 109 254 84 124 39 167 10 143 4 188 56
    24 12 161 158 146 241 227 234 107 48 20 208 43 64 159 101 14 55 101
    202 55 0 60 139 177 113 58 190 193 125 211 1 168 68 219 126 36 252
    58 103 244 152 175 63 63 9 41 205 124 154 112 110 69 138 154 199 202
    131 149 217 23 102 19 50 139 153 228 175 122 241 18 232 208 158 182
    171 128 116 200 202 57 123 229 194 222 65 73 171 235 253 245 7 73 45
    188 59 116 70 140 255 209 178 50 43 205 249 95 188 109 216 176 180
    191 57 25 4 141 45 138 215 62 194 175 172 240 202 64 101 156 195 135
    27 207 206 134 57 165 119 225 232 56 82 119 203 172 243 16 117 115 1
    135 125 3 240 167 81 79 103 215 148 132 126 253 96 212 131 165 100
    192 184 171 31 225 186 0 126 71 130 97 72 189 115 217 218 150 254
    243 125 41 204 30 18 2 99 98 14 115 246 49 251 46 249 129 62 5 31 89
    138 194 136 82 149 21 245 2 222 98 159 220 9 223 245 168 180 57 3 32
    249 226 148 182 206 53 233 231 51 53 170 189 58 37 169 155 17 188 50
    143 147 82 215 141 209 173 97 20 6 84 3 90 139 70 221 94 120 5 107
    162 46 120 209 175 68 96 122 160 166 131 60 211 241 159 190 120 144
    95 114 16 50 252 242 88 10 15 70 1 234 222 68 222 113 98 183 221 76
    76 148 29 62 236 0 191 70 49 86 33 183 46 222 75 254 88 27 202 52
    186 143 184 41 235 103 193 194 249 15 8 202 86 128 160 229 250 26
    250 178 109 19 102 104 47 132 225 154 42 19 187 183 28 207 62 131
    199 163 154 52 165 178 158 112 131 158 230 198 205 121 193 75 69 178
    252 25 157 213 64 189 18 75 250 57 208 143 194 175 224 225 159 55
    242 114 40 65 35 188 134 31 226 51 209 201 112 193 108 156 50 129 82
    9 161 120 45 24 92 53 22 56 255 178 150 32 209 1 64 216 66 244 60 61
    192 157 200 212 209 159 121 242 172 25 84 28 72 97 172 125 87 33 139
    94 174 14 155 117 233 13 60 23 251 250 27 184 12 205 115 5 184 87 78
    199 111 29 141 240 178 81 123 127 66 75 123 31 100 126 200 217 85
    216 216 35 91 121 60 170 92 224 114 49 230 19 249 86 188 64 250 157
    144 15 106 85 10 216 202 71 157 51 194 108 29 3 205 106 0 102 208
    185 201 8 39 91 214 247 146 61 190 210 163 227 128 84 93 103 138 222
    145 201 53 17 244 32 137 99 178 3 214 119 33 120 29 43 230 115 239
    16 75 178 149 194 175 33 173 22 173 48 140 101 197 35 221 214 162
    136 108 241 134 106 77 199 181 230 78 170 108 90 28 10 6 231 205 225
    184 80 170 38 5 176 29 88 68 96 244 58 146 162 244 180 232 37 134 87
    195 254 119 15 55 253 17 241 118 60 41 7 154 28 205 84 130 100 234
    226 17 230 63 128 128 208 177 170 56 77 113 58 248 49 152 255 252 22
    249 155 150 19 125 43 197 178 159 202 70 26 6 173 155 249 28 42 243
    113 150 22 185 235 148 171 96 22 104 155 34 192 186 122 190 247 169
    210 253 116 55 116 54 58 244 170 13 168 9 52 36 132 87 93 183 82 215
    20 207 228 242 18 69 190 31 151 117 28 45 235 43 135 27 141 85 215
    251 247 161 227 220 242 206 134 192 213 225 12 219 117 117 243 47 67
    141 36 26 223 38 11 2 171 163 178 22 223 212 85 233 1 59 144 207 166
    157 247 65 113 120 196 186 152 157 7 162 56 131 194 3 107 71 63 134
    159 136 17 246 231 93 212 141 227 233 18 125 248 196 149 51 79 228
    86 33 183 84 38 209 154 130 159 63 110 147 115 74 176 147 75 176 241
    58 147 61 74 94 207 251 11 45 124 39 57 64 41 66 179 159 195 181 244
    205 155 181 179 235 9 24 29 85 178 223 53 26 84 213 243 170 98 127
    28 242 161 106 251 230 192 204 163 33 138 115 107 235 17 228 117 255
    28 222 70 14 225 246 70 183 236 215 117 97 192 211 232 213 97 208
    189 223 249 42 77 52 222 64 224 134 135 23 50 55 123 196 17 156 71
    111 120 175 221 168 141 47 245 45 97 244 106 140 249 245 30 33 29 72
    198 140 218 57 227 36 162 129 104 69 144 248 217 26 199 210 97 70
    153 255 87 85 120 88 47 192 248 61 90 41 101 199 226 189 47 130 236
    47 69 248 72 159 142 93 80 144 163 178 185 231 155 153 100 71 117 54
    47 135 193 129 237 141 54 234 10 206 42 66 235 193 238 106 234 77 80
    35 32 79 140 179 39 1 51 225 42 130 37 68 111 127 132 189 7 29 219
    202 166 31 73 77 2 237 168 170 162 1 177 140 134 157 231 238 206 72
    95 3 19 10 62 93 7 226 67 136 95 185 51 85 25 123 57 127 63 174 159
    8 20 91 127 123 55 30 123 229 127 103 201 194 79 63 173 221 69 93
    148 129 108 12 207 18 56 16 32 250 115 134 139 123 220 183 75 57 250
    3 1 92 174 95 169 94 126 202 167 167 234 39 170 176 117 28 63 217
    117 240 147 232 183 145 58 163 122 93 53 12 126 252 138 236 85 79
    235 59 163 46 43 26 80 166 240 84 14 191 199 232 190 9 128 61 184
    255 65 66 238 104 99 134 230 122 72 84 23 83 71 227 102 57 79 130
    245 14 202 134 22 88 85 236 56 17 133 188 244 133 208 52 229 45 206
    193 118 111 95 164 201 181 206 205 232 251 59 14 169 196 109 70 232
    171 187 94 214 53 51 153 186 31 89 181 74 182 21 32 184 250 104 226
    137 237 115 131 169 4 168 255 25 100 109 83 191 165 12 98 161 247
    126 219 230 118 108 244 9 240 170 101 202 115 189 202 211 104 122
    192 120 108 216 211 211 226 148 164 138 146 227 8 113 19 30 186 209
    30 31 48 103 63 12 172 39 95 2 6 133 67 83 0 73 219 235 177 224 137
    75 216 14 141 237 67 98 168 4 157 55 108 73 145 41 227 131 147 182
    212 249 239 178 251 218 52 87 28 103 9 146 250 166 178 43 119 120
    176 160 71 157 35 157 17 88 130 1 150 108 182 51 214 228 126 155 115
    57 67 248 143 37 238 211 212 92 195 22 68 202 54 118 120 23 43 139
    217 171 236 146 168 213 14 77 32 248 5 162 177 132 201 253 111 136
    220 148 168 80 203 42 153 158 212 117 180 235 201 60 149 247 152 73
    94 244 85 136 162 78 92 11 245 190 22 242 219 112 11 162 204 19 190
    153 206 222 107 159 123 146 40 235 222 66 24 175 137 254 121 161 215
    199 180 129 121 29 215 12 254 48 91 167 97 182 119 248 111 106 93
    124 154 147 17 166 58 156 67 68 212 173 94 19 173 44 74 200 242 41
    136 43 121 172 81 224 182 55 225 44 19 57 168 184 128 222 214 227 32
    225 0 115 210 188 232 24 1 234 79 81 223 40 4 187 134 98 178 79 52 1
    102 221 53 179 135 17 254 33 87 114 181 90 14 168 173 66 15 55 46 6
    236 176 114 114 82 122 248 2 25 239 43 46 198 116 54 221 8 32 201
    108 107 223 185 127 203 225 123 235 133 3 249 207 133 227 43 6 89 12
    27 214 19 242 183 26 49 5 25 248 7 247 243 54 113 6 94 1 6 230 66
    173 36 187 94 16 188 240 241 219 72 238 175 149 167 253 5 27 145 252
    147 36 82 111 87 98 114 122 29 160 219 235 235 152 95 27 150 3 107
    56 30 137 6 227 206 152 95 106 81 45 172 38 224 10 86 30 252 107 49
    72 74 137 31 191 151 187 138 104 153 152 117 231 74 105 162 175 52
    246 184 36 243 140 140 151 186 192 104 129 7 36 91 193 210 162 180
    239 86 189 51 117 72 255 217 102 79 245 155 86 212 200 34 252 207 91
    46 109 190 195 193 69 3 17 230 77 106 206 242 94 96 56 239 98 51 14
    216 155 192 132 107 234 183 83 233 254 230 61 216 245 31 132 45 61
    129 129 230 119 231 47 40 229 151 49 54 132 217 0 172 121 1 48 168
    50 67 4 94 67 28 141 238 34 108 25 27 185 35 129 87 185 70 170 120
    119 19 98 132 191 156 167 160 171 198 138 51 238 10 31 214 217 170
    253 208 138 174 4 86 46 172 77 154 80 89 90 83 188 224 98 66 89 165
    221 147 52 26 225 166 246 118 28 244 243 42 123 195 46 171 240 42 88
    50 123 45 28 199 147 56 199 54 196 167 234 67 175 232 101 196 97 231
    227 33 67 231 179 28 247 29 20 194 169 213 156 5 220 201 170 231 88
    73 81 235 164 181 216 205 128 135 66 80 239 178 28 253 6 189 246 218
    143 45 169 66 35 83 192 153 237 45 235 255 155 212 93 108 110 113 50
    247 70 179 253 12 171 37 45 124 208 150 2 73 196 207 6 240 163 127
    165 74 45 13 178 36 4 186 130 104 239 98 156 109 36 207 135 8 36 167
    143 30 204 32 97 201 15 231 80 61 43 200 124 214 38 1 83 200 21 187
    7 213 220 112 19 116 38 185 31 194 130 128 192 170 89 23 116 105 103
    24 12 160 2 92 132 29 157 182 113 134 66 97 82 95 123 197 113 246 44
    176 132 189 94 34 31 161 80 41 107 146 106 155 23 112 46 33 24 255
    135 181 202 114 11 214 181 75 149 105 230 10 55 165 234 36 90 162 41
    42 152 153 91 7 198 141 68 235 234 170 93 110 95 213 123 44 9 36 193
    149 189 221 212 75 194 239 203 130 28 97 246 51 38 146 231 211 75
    243 77 206 122 79 19 137 116 225 145 89 79 80 91 74 12 48 236 217
    129 99 221 148 4 138 50 182 160 68 176 16 225 160 122 101 27 48 143
    2 88 62 63 218 68 208 183 149 12 189 23 227 98 42 44 196 170 199 114
    248 118 230 195 168 102 88 189 81 191 118 86 159 81 43 145 57 31 59
    222 30 44 47 255 241 159 201 248 124 84 126 124 168 45 96 147 169
    245 122 104 132 157 78 93 210 47 201 20 62 87 131 44 77 110 72 36 17
    88 153 85 97 42 106 236 244 233 105 3 45 226 233 239 201 175 252 21
    85 147 246 118 78 220 216 175 122 24 57 246 149 194 61 147 215 127
    24 204 16 109 22 191 117 183 231 63 172 115 23 82 49 85 242 155 128
    82 19 141 127 24 98 224 55 184 92 75 212 13 252 67 183 1 114 49 224
    216 19 251 152 200 183 10 14 3 162 14 64 58 89 148 253 152 243 176
    169 252 203 107 55 6 220 169 209 208 16 241 11 48 143 107 31 28 165
    247 154 110 65 226 178 36 95 124 188 173 29 250 108 116 55 153 151
    254 78 167 155 255 70 153 219 224 1 35 242 52 143 42 74 36 146 164
    227 77 57 185 167 38 207 23 189 119 192 8 5 87 108 108 241 243 153
    108 82 135 204 176 108 7 208 38 11 248 4 22 213 20 118 160 90 115
    112 124 213 110 192 135 226 114 119 207 18 235 89 5 168 58 8 14 125
    177 137 239 40 184 98 110 15 93 51 119 253 102 186 94 202 34 246 172
    46 130 163 140 252 36 198 250 154 30 112 46 160 203 74 215 116 241
    18 159 125 14 111 38 255 164 245 181 50 41 109 226 163 247 242 82
    189 133 240 231 42 58 16 101 31 243 96 26 167 58 112 196 28 83 190
    99 135 111 244 209 54 163 159 85 136 10 61 90 214 218 244 203 126
    200 92 42 21 67 242 181 69 29 167 206 176 145 67 111 78 208 175 156
    219 78 131 91 60 227 117 130 116 241 252 19 38 204 79 227 95 168 204
    221 14 231 233 34 213 158 4 21 58 208 224 43 103 62 246 41 11 236
    165 43 183 105 41 198 136 113 220 55 148 54 37 223 160 192 38 32 156
    179 196 125 173 216 181 109 209 15 110 0 68 197 60 91 59 187 207 124
    168 151 131 201 89 9 42 78 189 40 146 151 6 194 197 219 78 5 55 50
    179 93 131 240 25 158 28 218 31 168 163 159 203 72 139 193 213 106
    90 153 254 101 242 82 255 197 32 185 130 181 9 250 146 243 21 212
    169 74 114 25 4 13 151 22 117 19 152 120 23 238 41 189 211 96 80 239
    100 214 241 97 18 43 8 228 205 44 98 121 246 102 188 48 34 81 108
    223 74 230 59 180 148 221 67 105 88 139 137 241 132 72 254 144 112
    238 174 162 76 221 52 187 241 199 26 117 59 147 54 80 229 129 37 18
    10 93 214 83 122 84 105 211 21 231 26 73 94 136 151 69 112 215 173
    55 178 193 38 47 251 152 55 37 58 67 211 239 139 33 157 240 83 27
    225 251 126 246 28 239 60 203 182 55 197 103 95 233 30 29 93 154 118
    242 149 38 116 135 89 15 63 247 215 19 167 141 112 58 222 62 132 134
    52 208 199 38 133 169 143 232 17 58 129 89 54 153 52 28 203 55 99
    204 53 159 194 216 155 112 105 7 11 141 1 193 85 190 127 136 1 153
    172 165 171 233 133 91 121 123 85 38 117 1 158 129 13 155 179 3 243
    62 222 215 84 87 106 74 120 165 237 182 63 80 247 76 3 3 150 30 127
    235 101 37 161 53 247 249 249 56 207 63 11 196 254 112 56 66 89 20
    132 6 115 73 37 207 58 232 122 4 188 233 192 211 75 2 137 137 193
    104 9 97 176 130 190 178 54 79 100 175 191 202 43 32 189 98 51 200 4
    86 230 52 232 65 98 241 138 135 183 152 205 157 158 229 143 12 195
    80 83 78 85 19 168 27 93 187 233 121 108 244 74 117 105 237 63 206
    181 136 227 93 150 85 77 109 157 5 20 232 92 234 148 178 190 151 35
    62 50 226 0 70 193 9 18 106 247 52 219 192 146 83 176 5 146 213 38
    37 66 7 142 124 103 160 159 167 49 135 101 1 112 95 218 176 222 189
    90 89 73 155 25 10 176 83 170 145 132 163 31 177 127 129 53 210 173
    173 46 121 179 145 103 234 156 35 244 237 105 23 1 124 189 242 174
    165 78 85 119 109 90 0 131 155 223 134 141 108 116 235 93 200 3 10
    137 224 215 37 67 229 176 249 230 93 193 161 54 206 152 246 61 80
    220 101 40 208 198 243 235 63 226 196 17 86 200 126 111 221 54 210
    16 11 9 239 247 209 106 218 17 171 243 178 219 209 168 157 121 64 45
    236 144 228 92 104 151 238 122 164 142 139 110 91 145 46 187 217 111
    159 170 42 191 101 198 61 105 177 121 94 100 7 27 93 69 62 35 36 135
    90 185 143 64 213 131 125 106 58 189 232 186 16 200 206 118 134 191
    161 12 230 9 146 112 55 39 98 43 58 38 178 2 50 192 21 194 222 23 24
    189 76 233 2 96 45 170 103 161 160 164 9 59 16 178 238 40 82 26 95
    115 71 28 196 90 79 66 242 143 219 152 144 128 25 254 61 66 97 129
    130 204 212 5 61 132 218 70 32 89 87 238 138 22 118 74 111 225 105
    182 10 145 214 92 104 69 210 172 74 199 172 63 188 228 157 176 143
    200 162 157 91 211 96 170 228 44 198 221 102 233 109 222 10 117 182
    72 153 253 138 187 100 213 169 250 86 23 161 145 218 194 141 253 27
    8 194 106 204 222 59 81 224 254 57 47 191 177 186 77 234 174 212 47
    89 110 233 36 197 155 19 69 82 139 71 153 167 64 214 163 101 94 27
    135 176 222 77 142 83 186 124 124 48 12 89 229 59 177 184 93 193 202
    172 185 241 174 137 75 48 102 100 107 117 163 128 244 209 123 43 70
    195 209 28 108 106 26 71 41 68 182 234 180 182 132 106 184 110 189
    181 13 108 202 65 178 194 32 185 229 211 44 128 61 105 146 8 71 221
    184 110 18 15 148 21 101 13 105 170 84 91 16 129 9 4 225 220 200 112
    184 216 140 108 58 34 246 183 222 22 99 100 146 188 188 160 20 173
    146 125 23 34 116 52 63 105 38 27 92 247 145 11 130 44 84 0 27 72
    182 127 3 226 247 97 60 50 171 178 50 143 225 10 223 3 192 1 39 152
    109 89 52 121 106 27 255 39 140 201 47 28 72 13 12 245 185 162 168
    91 220 63 171 252 49 162 104 72 172 190 226 161 155 65 35 213 50 63
    224 223 164 187 47 67 109 108 226 251 198 67 192 238 240 238 179 31
    183 132 3 7 43 29 61 178 211 233 12 117 126 17 178 48 231 230 59 147
    161 233 179 180 173 223 197 167 69 172 8 102 252 164 161 54 87 144
    19 194 36 103 248 39 34 245 165 157 215 66 104 192 179 143 180 41
    215 122 65 244 45 48 106 136 94 50 182 196 64 247 2 30 60 158 60 233
    53 176 109 187 130 218 164 84 73 122 175 122 217 170 48 201 150 246
    87 104 46 154 206 217 177 220 50 78 98 37 26 84 101 254 108 212 33
    38 12 55 189 111 85 1 156 218 112 228 225 246 161 126 183 139 177 43
    42 124 204 130 150 232 181 152 17 147 205 91 212 90 44 83 220 105 13
    122 173 198 65 114 212 224 84 217 35 199 58 115 35 90 171 247 83 135
    231 118 140 180 248 211 139 237 74 247 139 115 140 141 169 21 46 223
    220 79 7 32 67 26 187 179 44 243 2 222 188 69 69 246 136 65 58 137
    49 61 230 178 211 192 201 18 101 120 219 74 170 220 52 87 62 130 211
    31 240 221 115 123 233 66 71 222 96 136 182 228 25 134 10 237 126 93
    53 106 32 68 28 193 11 8 81 164 23 196 62 31 52 189 72 167 135 10 27
    184 46 129 145 167 224 157 125 221 135 61 148 183 209 36 151 66 70
    83 152 70 92 59 244 56 16 241 151 172 68 78 83 138 89 72 159 104 80
    50 61 59 227 28 253 65 150 221 93 179 169 52 67 102 193 193 131 87
    168 161 188 104 139 151 23 231 249 87 76 95 129 159 120 151 195 177
    36 191 108 182 12 226 103 196 249 252 83 202 66 113 216 153 151 104
    178 73 103 64 195 121 195 109 88 44 42 255 246 78 228 218 169 64 110
    141 247 64 42 159 35 226 180 92 71 182 121 187 57 195 157 97 74 255
    123 203 154 151 112 200 144 251 62 163 190 55 141 230 199 22 34 4
    185 188 174 154 72 246 87 75 123 10 101 231 47 216 84 34 96 204 222
    194 87 205 167 50 155 192 87 108 223 144 45 234 206 187 190 220 51
    32 220 12 69 105 169 203 9 58 199 68 208 74 239 128 252 99 41 191 22
    25 84 177 220 234 197 168 50 161 167 185 121 39 218 210 246 177 152
    60 28 161 202 82 132 12 223 152 32 85 82 127 104 161 64 87 12 207 0
    91 126 241 169 198 231 121 72 81 166 234 119 188 220 178 25 154 85
    230 18 208 136 235 41 12 153 159 246 47 44 6 205 201 147 12 188 126
    63 236 18 240 243 36 128 88 228 48 230 107 122 34 212 121 133 61 70
    224 238 129 103 94 242 176 87 26 82 37 244 71 100 164 177 242 250
    108 229 199 160 30 249 116 158 210 202 51 103 160 175 203 2 104 118
    83 125 104 219 90 18 203 172 133 18 241 208 204 170 222 113 18 214
    144 1 4 58 75 159 201 130 224 120 49 40 72 13 161 241 162 61 31 228
    78 231 59 3 179 242 50 164 16 137 8 67 205 141 128 197 210 174 79 44
    158 122 235 192 72 14 120 1 47 74 2 123 201 189 196 123 222 209 211
    206 211 73 22 44 178 228 232 178 3 71 24 240 49 217 163 211 145 102
    70 117 69 54 84 81 193 10 251 98 77 198 83 223 127 58 228 227 20 218
    90 111 200 198 203 99 132 177 8 203 123 25 63 59 118 65 121 233 190
    252 138 168 0 160 84 122 65 160 158 132 177 170 202 100 129 159 22
    74 68 104 13 63 104 161 108 118 195 31 102 88 135 53 25 30 96 30 161
    54 116 47 218 7 190 82 101 241 31 5 84 17 177 29 250 95 66 75 157 80
    6 135 143 204 9 239 120 215 157 130 190 128 210 82 137 193 109 225
    234 248 40 233 217 91 12 192 230 237 128 252 77 195 222 206 227 211
    8 215 235 21 193 165 207 135 95 2 247 114 237 157 164 36 210 147 79
    252 225 135 124 149 47 226 115 92 243 169 133 47 229 195 101 32 221
    118 43 218 251 182 119 204 13 87 197 75 86 7 217 16 146 122 244 253
    188 170 55 33 127 23 187 237 233 46 220 147 224 11 157 22 150 0 60
    25 195 196 105 187 182 120 174 165 65 247 5 172 131 214 130 120 170
    105 30 167 69 117 191 111 50 27 222 189 232 138 220 220 133 82 139
    145 123 254 65 141 87 131 101 95 209 174 37 31 74 157 4 164 145 250
    107 180 160 241 217 142 92 151 73 2 146 254 146 118 84 67 86 146 241
    223 15 120 123 191 111 246 26 39 28 147 90 219 151 96 61 18 144 57
    159 84 92 233 154 157 71 229 254 239 239 129 237 191 6 219 17 195
    207 123 253 246 32 124 226 105 32 241 59 52 51 107 36 246 138 233 20
    175 109 183 199 4 98 237 86 209 133 212 242 42 138 199 102 133 165 9
    202 233 166 200 150 252 254 164 11 65 33 73 181 170 40 1 143 252 15
    103 106 217 155 229 156 125 49 210 229 16 142 65 33 53 68 76 251 177
    230 165 144 250 144 240 255 9 224 64 113 4 167 147 85 249 245 41 217
    247 32 6 201 70 58 92 112 243 14 77 248 28 185 140 2 154 48 193 35
    246 104 182 67 17 61 237 118 110 111 186 36 217 41 197 247 131 65
    231 148 8 146 223 54 76 178 145 218 175 134 142 151 249 50 171 138
    233 225 164 245 66 29 157 50 10 56 230 205 251 202 52 190 103 0 254
    187 61 22 223 43 3 18 160 67 137 215 127 12 91 54 163 241 166 65 233
    34 202 179 171 115 102 192 204 251 40 240 171 157 192 140 155 116
    119 90 167 241 100 29 226 36 56 199 36 232 147 158 6 181 152 38 223
    240 56 134 151 35 174 183 46 46 226 16 49 197 33 192 216 241 1 160
    27 68 18 127 185 154 219 140 220 190 41 52 5 39 44 207 139 208 160
    207 62 248 8 16 90 223 242 8 106 48 143 124 190 97 20 224 191 217 35
    57 219 152 231 143 109 138 118 44 1 141 136 200 131 189 57 122 230
    255 61 104 18 36 130 76 49 62 140 6 124 101 199 141 35 102 230 197
    153 203 152 104 47 82 67 63 36 78 104 168 16 219 127 66 37 125 244
    22 219 214 90 239 72 105 15 165 14 34 36 249 48 139 22 70 37 177 29
    39 243 107 188 182 138 163 214 31 8 137 202 223 225 66 191 168 245
    61 184 212 182 59 22 202 196 222 6 78 40 19 158 42 63 49 23 142 104
    249 199 212 114 156 164 79 153 155 82 131 219 110 72 227 108 144 240
    210 93 218 57 76 90 197 36 251 200 110 210 18 53 122 209 19 118 201
    188 69 55 87 138 178 192 212 74 123 27 201 148 201 69 81 201 134 30
    232 191 185 151 17 89 42 218 251 144 105 220 233 197 132 24 206 173
    204 143 239 37 174 50 182 203 187 188 82 152 12 162 199 81 152 214
    32 122 176 206 250 214 23 48 120 55 5 249 107 147 210 211 137 217 11
    150 239 235 181 127 10 70 170 128 33 118 10 72 210 47 251 98 22 13
    216 123 75 221 229 75 176 156 27 113 47 168 149 113 46 128 34 169
    127 230 97 124 15 107 58 29 24 159 253 20 86 83 174 105 4 104 142
    113 172 167 64 97 118 35 208 30 148 187 48 26 71 211 190 133 157 103
    7 229 130 189 176 232 225 142 70 225 228 108 6 25 215 142 236 252 38
    37 168 227 236 239 140 212 169 229 32 86 241 124 205 32 81 70 44 74
    118 66 170 234 81 124 81 245 59 57 192 11 179 187 12 247 73 174 135
    55 101 139 59 47 169 177 239 58 145 172 117 157 143 156 42 209 162
    102 23 78 103 186 77 22 108 30 50 225 141 198 237 95 111 152 37 2 80
    250 193 7 225 170 37 109 4 134 114 225 48 76 32 93 27 78 40 59 215
    214 186 160 222 58 168 232 245 242 212 77 2 209 45 104 246 128 149
    116 170 89 70 208 119 241 79 137 102 44 193 197 179 159 248 175 12
    144 73 122 113 177 44 247 95 44 194 137 59 248 207 91 95 186 57 199
    226 56 189 89 168 223 50 95 244 59 216 133 140 142 254 86 139 83 80
    13 211 40 3 33 24 78 191 3 9 145 151 184 136 102 219 63 135 34 177 5
    77 233 106 62 64 230 221 207 247 196 252 212 186 165 102 156 174 2
    105 149 29 143 159 66 96 135 153 47 111 123 148 204 173 67 2 128 5
    11 56 230 214 64 208 180 228 149 30 189 235 138 155 169 20 195 5 86
    65 8 15 157 56 87 49 70 165 131 189 33 61 33 252 28 155 213 110 9
    132 182 47 16 3 226 19 233 238 55 157 97 79 50 92 210 185 253 39 39
    9 219 50 115 35 121 224 239 163 14 240 84 195 117 195 145 188 152
    135 125 235 28 250 154 19 115 131 6 68 131 152 102 1 97 197 48 109
    83 245 118 172 178 246 211 238 155 106 186 25 154 148 63 100 31 82
    204 91 153 156 148 56 84 243 8 201 114 247 252 200 39 51 147 197 63
    232 7 198 173 244 55 186 78 39 106 120 228 3 31 178 177 249 151 61
    58 90 200 196 98 110 184 202 171 6 213 22 110 64 144 86 4 20 195 171
    143 129 73 71 111 223 185 70 132 131 28 110 182 194 10 214 33 224 72
    43 95 240 51 207 132 113 86 135 245 25 176 79 44 3 115 117 8 120 210
    197 32 72 128 218 219 16 156 164 135 185 100 234 177 102 135 43 29
    19 219 176 199 232 75 151 159 17 117 0 238 44 59 59 91 81 179 209
    142 92 76 240 157 42 18 13 142 218 216 6 92 73 156 134 85 55 193 230
    236 195 101 52 165 59 150 29 144 178 89 249 210 134 175 251 185 28
    121 69 103 6 110 202 136 156 125 19 232 106 53 96 40 104 108 140 126
    27 167 39 212 150 86 136 97 148 85 116 245 242 205 163 97 242 26 158
    53 13 128 213 172 67 120 13 160 18 59 31 158 113 242 178 213 127 147
    227 71 138 36 105 244 24 15 233 40 196 62 219 157 118 39 190 109 112
    167 205 113 219 60 196 24 102 121 115 107 208 108 147 162 183 40 57
    12 189 110 170 127 159 208 216 73 210 90 19 150 59 21 43 106 28 142
    241 193 86 103 60 125 129 82 142 186 118 162 167 18 188 11 82 142 51
    45 25 95 156 53 6 133 222 91 149 70 153 100 253 176 9 68 230 37 163
    111 38 169 155 217 137 254 25 143 181 153 46 211 105 157 146 251 44
    48 58 200 158 56 175 193 159 66 201 20 29 203 146 205 62 68 147 244
    215 191 191 35 95 220 193 247 147 244 214 11 201 140 104 31 68 102
    121 17 236 89 123 202 236 181 157 110 5 1 241 120 10 37 78 112 122
    187 29 222 83 3 151 236 27 7 0 181 248 151 209 225 154 175 129 53 46
    95 218 127 135 99 76 81 129 109 121 53 182 18 102 69 195 252 221 77
    182 89 180 66 186 55 9 9 93 86 94 18 98 129 187 148 208 227 73 43 38
    207 102 100 28 22 116 162 233 37 86 47 240 68 230 211 157 174 158
    248 143 19 216 241 250 88 73 75 116 92 81 78 232 42 124 239 242 154
    123 250 57 57 137 15 168 10 106 236 199 42 172 172 167 228 126 135
    35 14 236 17 134 144 177 226 244 148 46 248 239 82 76 153 29 62 137
    98 145 137 44 226 187 204 44 193 8 118 68 68 104 239 156 171 170 203
    129 81 148 56 21 214 142 93 43 45 103 34 107 238 205 94 163 41 240
    204 176 161 135 100 153 199 222 113 226 63 7 82 17 232 6 25 18 249
    189 137 230 147 112 172 79 221 195 0 200 243 228 107 180 204 45 128
    71 30 224 224 240 190 59 44 220 16 77 44 98 145 144 249 67 52 242
    137 149 203 42 196 108 93 214 45 221 113 78 12 160 237 238 26 159 50
    137 249 160 152 46 101 151 136 50 122 94 236 18 152 180 203 198 243
    128 141 78 123 146 248 174 240 209 204 118 36 36 236 172 38 43 67 75
    130 245 88 0 135 145 100 14 35 40 196 12 170 23 193 49 188 218 232
    44 9 160 50 242 237 109 161 79 115 245 0 26 133 41 122 127 69 108
    198 97 76 210 55 134 131 9 6 148 129 87 78 223 1 206 47 21 123 158
    82 211 85 80 84 113 239 94 51 242 192 223 110 166 207 185 249 91 133
    237 241 13 61 104 57 191 105 123 22 120 48 99 224 50 108 243 98 32
    54 63 234 64 206 58 74 29 11 246 72 33 255 6 28 213 37 207 212 10
    145 81 46 89 230 25 138 250 230 232 125 183 252 220 137 239 112 126
    203 223 13 30 177 245 167 191 193 237 70 124 8 23 16 125 44 122 4
    255 95 87 134 219 211 161 181 6 224 106 122 144 208 106 190 79 174
    249 8 22 252 64 14 164 116 36 18 31 118 182 112 50 105 7 34 228 28
    147 242 205 231 6 123 11 233 150 8 73 130 6 43 19 164 238 2 52 183
    43 89 215 44 50 220 33 83 174 168 67 35 155 67 79 238 193 219 148
    227 187 3 99 104 223 4 5 78 20 50 47 157 235 222 201 98 30 58 89 9 6
    229 35 156 28 5 131 48 51 118 101 137 244 70 68 72 41 113 99 149 25
    80 208 33 222 30 33 96 157 59 167 89 96 238 112 77 87 164 40 179 19
    164 165 187 66 125 84 217 226 87 242 162 11 126 209 120 63 75 165 6
    221 41 56 48 199 223 54 6 206 11 106 127 189 210 109 122 53 154 218
    176 157 57 240 51 189 134 204 222 104 238 248 62 30 213 144 253 192
    171 133 169 178 12 199 138 209 204 224 153 35 4 255 87 163 146 100
    144 45 153 20 220 108 145 34 102 210 228 148 154 26 237 6 193 33 213
    66 87 93 151 85 103 79 58 98 207 194 84 8 92 120 215 242 101 116 174
    150 132 120 43 194 36 17 232 127 249 199 215 145 237 150 18 15 130
    178 215 16 178 252 16 255 122 213 133 56 108 33 38 167 212 183 205
    86 181 125 98 49 93 176 45 160 193 126 195 155 154 130 122 116 46
    156 60 216 135 105 9 83 37 150 22 116 30 218 146 96 24 191 10 190
    189 235 223 56 172 195 181 164 51 42 64 184 0 61 25 109 244 41 63
    187 11 118 136 218 14 107 67 185 7 231 100 11 64 234 168 205 140 120
    252 11 136 104 93 44 221 57 42 96 12 51 111 150 30 90 74 110 48 24 4
    223 36 216 70 42 32 141 121 245 109 252 49 124 218 139 111 211 103
    241 133 120 193 172 247 126 253 251 217 173 79 14 89 173 26 84 10
    236 219 136 108 193 227 124 243 65 253 178 60 28 78 10 206 247 77 92
    156 144 144 87 13 93 120 99 13 100 204 65 193 42 85 52 56 154 41 184
    207 36 203 174 248 99 178 172 246 226 40 63 43 147 95 25 12 160 121
    16 96 195 51 201 25 169 45 5 211 60 112 116 76 125 218 88 143 216
    154 221 28 108 38 179 185 237 23 109 185 104 30 234 157 211 0 79 164
    104 136 118 45 223 195 78 142 157 249 201 108 82 1 14 107 207 92 187
    197 58 192 246 244 199 103 254 59 125 180 150 249 60 179 159 196 214
    255 88 158 93 37 191 158 163 217 90 2 5 4 196 74 77 175 185 144 16 7
    127 122 34 46 249 177 210 86 186 17 18 16 30 59 135 126 2 101 28 233
    147 13 92 92 196 154 18 214 49 227 95 222 61 218 64 245 26 17 149 77
    0 219 108 155 135 247 210 10 212 208 231 74 46 50 123 97 32 222 44
    165 228 136 14 214 8 226 201 43 81 1 215 247 193 202 77 201 155 53
    71 192 127 61 221 40 206 27 34 12 225 49 104 57 208 1 127 211 75 169
    132 138 195 5 51 213 219 114 136 232 44 101 98 20 135 186 73 64 99
    220 0 201 148 60 247 145 65 52 108 91 138 212 249 203 2 33 145 235
    94 151 185 40 128 47 90 145 17 59 226 101 27 61 208 5 94 55 53 86 93
    175 66 168 183 182 231 239 137 43 233 220 49 142 76 36 240 21 66 82
    2 210 83 206 106 93 191 103 9 238 195 131 20 218 134 155 146 175 76
    196 82 119 163 142 26 68 16 85 5 100 176 25 21 169 73 255 15 247 87
    130 70 5 58 104 38 196 237 28 50 95 144 142 173 141 207 95 169 152
    183 1 255 27 181 183 178 253 81 36 183 174 66 177 37 4 109 32 176
    245 219 245 67 76 92 192 223 217 255 207 185 202 169 113 185 209 65
    255 95 93 108 175 212 89 63 188 69 232 126 255 34 189 78 198 106 189
    87 165 118 197 16 113 170 72 100 111 205 210 126 33 45 62 241 62 36
    252 5 198 91 15 163 54 230 158 186 224 32 165 82 18 13 66 226 41 231
    52 89 13 229 244 103 250 79 217 16 37 201 191 245 235 219 184 44 79
    28 104 241 237 207 210 91 178 103 16 202 201 216 150 138 132 31 35
    149 232 185 111 144 239 238 248 233 206 193 0 73 75 82 143 73 28 7
    172 123 139 41 177 130 127 166 30 247 93 154 146 1 19 224 241 197
    248 130 77 211 220 89 168 117 75 255 94 189 238 50 253 15 65 242 202
    90 96 216 28 173 128 169 120 130 175 237 161 32 54 40 212 105 215
    102 197 130 129 228 3 112 214 108 19 148 4 132 34 209 168 47 250 112
    219 12 89 111 0 137 230 136 114 48 246 162 222 52 41 115 60 195 182
    31 65 67 20 134 235 170 140 182 48 98 113 193 177 222 59 194 198 226
    153 190 88 133 201 79 188 130 236 213 251 201 110 107 107 11 167 182
    173 192 115 155 151 122 186 137 46 207 152 136 187 162 247 127 118
    135 21 124 180 129 91 78 144 65 91 54 28 76 87 88 24 170 113 69 84
    94 202 28 230 121 101 60 78 225 159 133 121 57 35 73 8 2 245 88 244
    103 63 192 53 204 252 82 193 127 80 84 175 18 133 37 7 68 64 96 163
    145 236 70 82 208 2 94 242 149 160 187 83 114 250 31 156 150 93 90
    218 191 76 8 105 214 119 191 14 99 124 86 210 200 71 37 60 248 2 103
    250 171 7 135 211 199 56 36 249 68 92 119 75 246 173 172 161 144 62
    189 128 49 114 205 184 230 157 21 186 169 229 182 255 224 87 255 168
    44 142 13 241 17 199 55 233 252 42 25 13 165 233 198 212 89 143 110
    160 22 102 253 82 1 83 93 71 103 168 119 150 2 125 89 165 224 212 61
    86 216 146 52 75 62 133 160 251 181 187 251 10 0 35 249 68 11 244
    234 177 84 55 37 201 89 79 13 234 13 96 41 204 51 160 236 23 54 157
    185 11 203 45 137 84 113 2 101 82 61 158 172 171 123 6 217 206 254
    140 186 104 162 49 231 198 87 61 166 185 83 66 129 171 102 179 38 30
    102 35 77 193 247 200 10 5 181 245 94 214 92 74 41 237 236 141 227
    119 43 136 212 33 141 19 205 33 208 142 19 41 156 13 245 240 37 250
    14 207 39 35 22 50 165 59 216 187 83 252 175 171 232 240 8 250 59 32
    24 233 157 165 99 120 121 69 156 248 67 217 125 234 142 87 129 36
    182 79 63 113 226 213 124 249 112 32 6 6 209 73 71 8 110 34 155 140
    141 254 120 141 111 146 54 22 113 227 67 19 76 243 244 135 118 110
    10 156 46 232 0 36 190 153 117 12 128 70 184 255 178 67 11 166 135
    80 102 232 221 96 96 223 187 232 248 206 71 21 91 158 143 170 246 53
    225 104 88 154 153 109 182 51 12 80 213 87 139 76 99 113 115 35 220
    167 242 32 144 63 233 177 179 102 20 107 204 62 22 109 232 158 49 89
    147 124 68 241 102 222 132 79 220 55 66 242 129 170 112 62 44 174 1
    219 199 108 204 237 164 15 102 185 23 243 253 85 229 42 95 95 52 138
    12 65 231 80 55 35 41 191 95 180 54 161 231 247 163 152 151 237 115
    197 117 80 150 223 167 149 64 193 245 103 79 251 52 57 255 46 130
    126 150 240 124 25 94 216 130 79 89 38 162 28 11 92 43 200 0 27 79
    111 63 36 241 38 54 249 224 37 162 221 54 69 197 160 115 139 174 192
    73 213 242 91 113 92 199 111 94 82 130 7 136 96 120 114 21 121 200
    142 62 207 211 173 75 162 34 78 18 147 34 179 173 154 108 75 11 203
    87 72 46 18 204 175 22 118 121 24 180 87 76 247 201 194 237 59 70
    135 227 224 33 134 138 26 85 26 123 111 158 170 165 226 26 160 112
    100 193 234 126 236 54 200 162 112 65 54 104 212 33 215 69 88 171
    182 4 44 109 199 129 124 104 104 179 227 92 217 182 48 251 63 165 23
    56 195 52 234 251 56 68 239 131 101 149 203 172 245 89 133 150 63 68
    218 149 168 123 98 168 93 89 83 105 206 141 252 17 225 6 137 58 70
    101 211 1 196 67 105 199 126 175 82 14 159 238 121 138 28 117 15 95
    214 207 16 41 100 99 224 236 69 2 162 132 215 204 227 33 200 238 163
    156 108 190 211 39 123 204 98 133 203 138 211 11 240 169 61 150 119
    79 168 20 147 15 72 77 35 159 11 52 22 178 140 227 4 156 63 162 85
    72 118 17 227 125 216 46 206 156 239 128 102 29 31 7 189 164 183 216
    70 110 76 37 92 241 2 201 169 72 67 167 232 208 61 234 184 121 126
    217 102 203 112 127 43 196 18 74 201 29 194 144 42 106 101 13 69 72
    186 26 175 17 50 195 7 114 199 248 61 255 228 109 45 95 232 178 228
    43 134 72 130 75 208 18 173 40 168 20 114 239 29 131 59 117 218 35
    92 220 136 98 203 177 248 67 52 110 250 156 196 42 28 187 198 240 24
    50 124 151 65 96 157 111 61 184 67 115 138 225 35 140 33 82 91 250
    211 109 88 206 34 88 160 163 80 89 207 206 68 70 255 92 55 30 109 77
    5 198 169 74 70 140 133 112 59 129 23 168 151 25 135 10 232 200 85
    223 44 13 89 33 220 238 248 115 44 239 146 212 61 58 133 12 123 215
    223 61 219 37 124 54 83 86 98 216 139 58 124 86 248 225 135 77 111
    126 151 195 173 178 79 42 49 18 116 199 253 87 168 200 59 27 71 113
    154 165 104 138 184 244 223 62 234 92 226 15 167 165 84 243 98 70
    222 216 69 230 250 155 123 180 33 116 248 75 163 187 192 71 103 221
    223 180 252 244 74 45 101 173 20 219 62 169 163 61 62 221 139 61 128
    109 13 60 143 130 13 184 51 71 113 77 0 42 253 116 208 141 58 26 96
    50 195 130 176 79 42 23 77 166 149 223 148 255 145 54 54 141 198 181
    190 88 146 39 104 76 16 187 91 198 38 80 244 11 4 206 61 60 141 59
    169 223 153 164 193 168 215 235 193 12 204 187 85 115 25 63 140 140
    159 190 223 232 57 153 224 24 12 113 224 162 205 203 143 178 196 254
    210 242 142 67 39 84 56 20 19 148 218 81 243 180 21 166 101 14 0 33
    214 197 122 83 22 182 247 220 5 58 117 221 9 226 133 241 21 181 155
    100 46 178 124 247 118 128 168 174 167 186 74 217 2 91 145 195 90
    134 19 2 29 74 131 159 229 137 240 87 195 160 194 214 107 124 9 117
    230 245 18 84 33 184 237 98 178 35 36 101 26 4 244 133 158 68 152 45
    5 87 67 31 200 33 186 177 199 163 222 26 16 173 89 232 120 72 108
    242 76 164 25 79 156 187 82 251 43 21 225 103 4 213 69 235 62 163
    210 226 252 65 195 113 147 63 29 45 187 167 56 142 139 95 216 17 226
    149 133 20 138 72 26 90 103 177 240 76 159 136 186 221 17 12 220 189
    179 166 117 202 73 234 56 142 159 124 30 181 52 181 109 26 85 145
    202 28 22 95 169 171 163 150 184 6 147 128 10 70 179 90 211 222 58
    72 77 110 89 44 77 0 36 84 7 104 122 11 250 122 83 124 27 232 120
    162 212 41 176 217 190 249 199 233 131 202 62 208 182 46 181 11 80
    153 222 30 127 88 6 144 52 219 168 1 11 123 211 58 251 12 41 6 206 2
    112 176 27 17 33 124 152 78 165 171 171 158 160 177 231 247 41 104
    251 152 154 194 150 125 250 149 100 221 249 174 60 30 108 99 0 196
    91 236 92 3 203 84 126 33 18 171 241 178 228 81 129 28 85 203 90 212
    129 38 189 229 131 237 242 94 217 15 92 225 21 98 51 226 3 240 163
    10 75 82 79 164 231 170 178 10 213 136 64 249 253 114 58 192 191 144
    183 114 156 188 142 217 223 237 37 172 184 172 81 201 143 69 51 219
    228 252 80 205 182 254 161 71 118 160 183 55 241 145 186 66 155 149
    16 91 239 206 195 37 10 4 86 188 167 16 1 114 119 49 54 117 38 54 21
    108 22 85 200 1 90 36 244 51 239 188 120 149 187 46 250 192 223 29
    207 130 53 141 167 81 150 11 11 147 122 254 1 125 152 58 26 6 81 244
    79 134 190 201 116 200 189 17 149 54 29 142 148 255 30 177 211 180
    71 183 252 139 105 119 146 196 0 192 124 244 197 15 190 201 251 47
    22 8 232 3 211 159 34 94 176 150 223 209 164 204 154 154 154 251 15
    239 43 160 190 53 215 143 202 203 68 189 144 45 177 97 51 250 131
    195 135 83 50 6 198 187 21 200 111 49 51 68 255 115 117 234 213 159
    85 106 77 115 238 212 14 143 247 230 77 185 235 84 223 6 202 139 22
    228 198 161 80 190 241 52 158 26 155 128 131 112 147 209 211 39 56
    73 154 224 191 147 190 219 64 182 98 134 139 230 44 27 69 169 110 83
    153 133 29 168 119 63 96 101 96 185 156 183 35 181 189 200 141 230
    31 98 85 4 196 66 123 61 103 49 18 100 210 100 200 29 65 141 137 73
    12 41 224 232 155 180 228 201 19 208 190 208 24 6 96 82 58 14 112
    228 171 103 8 66 106 75 5 221 47 110 125 45 180 85 103 196 61 187
    150 69 210 163 195 236 155 220 39 236 127 181 155 251 216 74 135 162
    236 152 95 74 230 139 142 191 109 111 100 33 249 6 152 226 78 33 75
    180 224 216 189 182 65 133 62 156 14 129 45 188 120 181 164 220 181
    43 159 239 195 229 159 217 213 233 115 177 114 74 104 120 40 57 255
    118 238 139 173 158 131 55 219 194 197 61 36 142 206 53 189 89 204
    17 187 4 96 26 106 223 219 140 142 68 166 76 149 120 139 66 206 97
    19 216 237 18 206 209 94 171 57 245 227 160 27 233 241 167 245 55 66
    62 230 221 96 202 147 45 146 5 215 147 194 34 174 232 21 74 89 123
    93 82 240 205 24 57 189 207 138 80 20 95 163 66 89 221 44 220 145
    212 223 228 80 91 35 29 174 2 83 166 59 220 90 238 172 4 134 110 164
    188 129 210 172 252 141 28 213 48 184 160 22 230 47 250 171 185 29
    215 39 187 167 49 238 115 32 117 23 90 210 103 129 218 75 76 63 232
    226 114 82 207 42 182 122 18 111 144 158 122 40 5 73 65 241 163 152
    69 163 129 250 206 172 51 133 8 7 118 57 248 104 119 223 198 146 2
    53 67 80 73 216 242 169 203 168 236 204 247 110 71 93 176 219 52 162
    10 241 201 177 249 166 219 168 182 119 213 133 63 168 42 49 190 222
    3 92 238 172 185 39 161 83 237 210 224 60 193 183 197 35 193 175 80
    71 12 230 77 88 45 115 29 21 243 58 101 124 124 8 7 0 253 38 179 103
    216 46 93 5 106 151 120 106 135 129 141 195 210 115 22 108 41 61 250
    149 37 194 84 207 76 114 238 16 30 77 69 105 33 205 84 4 199 249 215
    207 9 240 51 232 225 139 158 187 240 72 212 233 124 181 127 99 53
    151 111 242 206 193 92 142 200 93 92 155 119 29 37 40 86 30 201 10
    146 86 174 32 194 88 173 122 253 120 135 187 252 222 77 12 241 213
    35 78 91 10 96 19 220 168 236 229 193 130 121 65 80 240 196 144 7 64
    206 179 140 214 236 222 208 216 8 103 127 138 141 37 10 155 65 181
    235 86 101 111 164 181 43 70 165 69 85 164 80 63 234 164 39 181 173
    187 78 235 91 126 229 26 199 169 103 241 16 146 194 46 0 23 30 110
    121 247 105 198 3 224 102 68 178 177 202 61 191 95 197 57 100 67 169
    105 149 208 77 67 163 231 212 203 158 33 70 118 210 34 72 217 201
    203 167 214 101 95 135 247 179 124 48 39 124 134 51 80 190 225 137
    109 105 17 55 133 25 251 241 234 238 206 227 69 254 182 82 52 125 94
    71 100 193 29 212 15 111 196 135 81 124 1 239 158 23 185 124 111 164
    3 59 5 138 254 46 56 119 198 77 183 136 53 142 146 161 106 122 86
    216 122 193 123 81 85 20 119 169 187 186 114 83 222 237 11 97 22 243
    1 82 198 150 154 117 110 167 152 154 230 244 210 72 143 172 118 23
    236 111 45 21 171 105 227 167 122 132 93 62 12 59 182 6 243 251 97
    32 35 3 146 151 21 153 238 47 110 20 171 187 219 88 34 67 13 93 149
    163 3 143 30 230 77 242 221 134 25 211 120 49 129 81 74 86 106 94 36
    83 197 10 178 143 70 108 57 70 147 91 175 243 238 112 137 138 112
    170 234 214 50 107 251 28 246 138 84 36 173 8 162 168 17 57 125 29
    47 135 171 186 88 17 36 137 211 24 202 135 250 118 104 126 21 187 74
    81 177 237 3 240 253 65 118 42 248 166 37 162 37 129 63 101 49 250
    195 192 210 79 166 189 97 233 248 136 106 179 192 186 121 12 210 44
    53 51 231 249 47 20 87 73 5 209 27 252 141 157 68 42 96 13 200 129
    158 149 153 226 145 225 151 158 17 199 149 196 234 192 206 168 230
    204 229 116 15 10 131 79 220 193 14 59 89 72 202 37 194 41 13 243 16
    249 12 241 88 217 115 37 43 198 251 233 59 223 94 18 195 96 115 98
    84 165 186 64 128 23 94 36 35 66 8 214 91 70 199 223 117 239 239 21
    88 14 197 195 242 117 44 183 148 144 190 141 217 78 103 225 69 180
    97 234 180 157 22 0 100 116 115 210 72 38 55 99 101 75 193 43 253
    254 197 59 107 227 8 234 12 223 150 109 130 233 12 7 175 175 17 22
    244 202 136 126 157 226 70 63 92 106 190 57 13 18 146 110 190 126
    225 15 162 79 205 126 191 35 21 242 47 141 157 240 82 28 18 133 214
    5 43 133 188 122 164 23 27 38 74 93 148 31 52 241 8 102 34 20 12 76
    171 220 145 235 147 71 220 219 139 70 229 175 9 88 165 98 42 149 73
    216 199 171 141 172 15 129 172 102 158 207 170 170 95 191 104 68 231
    241 249 243 168 49 127 194 205 115 26 174 169 45 223 219 166 223 203
    130 180 147 132 162 119 68 110 214 60 94 170 195 195 204 204 167 136
    230 233 202 254 139 121 127 80 135 41 68 249 136 64 1 103 192 221 48
    21 45 161 204 175 205 72 242 86 132 226 138 68 242 34 210 85 150 119
    190 233 160 127 210 218 102 64 158 62 21 16 98 34 97 143 240 205 205
    159 14 117 199 141 133 237 119 165 135 10 193 172 230 196 74 102 134
    107 48 213 244 199 164 182 22 221 138 63 199 255 114 152 181 52 255
    100 34 53 186 135 68 118 32 181 118 233 90 31 62 12 132 213 23 74
    142 153 219 147 235 88 193 84 46 179 38 46 79 20 80 191 11 67 45 37
    211 209 235 213 182 216 84 188 43 68 90 159 92 30 25 71 127 170 227
    176 15 182 6 54 55 67 228 181 18 198 213 103 92 221 194 152 65 7 140
    81 9 5 104 171 99 133 77 48 168 180 48 63 140 21 243 177 233 207 142
    31 164 198 225 4 45 88 153 97 164 198 229 108 82 230 203 61 80 68
    208 203 85 111 42 12 154 113 69 102 5 29 87 10 231 169 7 119 147 235
    224 62 69 242 124 68 150 155 134 178 205 21 193 227 236 187 138 51
    248 12 7 102 210 146 77 89 249 9 109 113 153 241 253 155 90 82 254
    102 104 167 50 107 70 162 47 29 217 5 203 182 177 132 229 107 66 146
    24 202 89 76 100 188 101 62 82 235 121 78 226 232 115 204 40 9 78 91
    202 188 177 133 74 178 51 115 62 222 210 143 110 67 39 91 33 16 38
    114 138 255 60 118 139 124 219 54 189 252 153 198 69 44 118 206 67
    195 77 65 118 35 63 93 44 133 139 88 175 120 51 42 112 121 156 30 72
    94 143 64 206 176 118 8 164 113 79 140 43 240 157 19 154 182 176 34
    35 140 112 228 43 202 215 248 130 30 183 113 78 32 64 165 169 250
    118 50 156 47 107 3 186 241 236 157 22 14 211 124 112 179 63 223 64
    176 124 124 96 159 68 77 87 247 167 63 147 234 140 226 80 125 31 184
    177 112 17 145 75 242 93 79 132 72 128 67 180 138 128 68 247 3 106
    38 39 41 227 3 81 231 162 13 112 98 133 240 211 88 16 193 122 214 38
    10 136 50 179 29 147 180 218 174 72 218 89 93 54 137 51 134 204 102
    227 154 126 15 250 107 100 250 246 97 58 111 203 61 131 74 59 4 215
    242 74 146 207 29 218 193 96 11 218 87 77 222 133 73 173 113 86 70
    128 59 53 6 156 251 203 188 60 67 174 83 84 47 167 11 173 222 166
    114 66 114 129 114 183 7 170 5 254 210 178 150 110 150 148 12 1 247
    46 27 52 24 205 6 100 72 135 3 117 222 123 43 91 221 20 180 93 154
    250 229 223 203 255 168 229 234 185 152 199 97 86 39 43 179 66 93
    225 12 159 85 218 56 0 88 66 206 171 6 193 149 13 187 54 147 104 104
    228 27 177 196 165 107 15 79 37 74 146 33 28 184 40 70 233 12 60 12
    159 109 182 220 58 249 130 57 190 138 204 64 88 4 44 14 64 101 228
    35 6 219 145 178 105 5 84 237 165 90 150 233 156 164 177 81 71 64
    128 104 144 73 143 150 226 173 209 74 154 71 13 79 3 1 169 80 85 163
    99 246 24 242 48 0 2 69 94 178 186 238 11 88 82 190 134 170 120 129
    108 96 49 56 51 124 88 34 75 82 135 190 79 113 223 207 209 62 191
    170 87 53 198 87 96 70 91 34 41 159 133 74 136 0 45 154 54 131 178
    150 88 199 130 27 200 16 253 134 193 128 69 31 76 63 231 67 231 239
    137 102 133 137 219 108 55 210 235 57 131 28 154 226 52 145 115 151
    62 47 52 147 31 71 110 49 197 196 47 171 219 240 95 157 40 195 201
    83 99 0 206 171 254 128 207 177 117 94 25 166 99 251 188 143 224 206
    7 25 102 95 209 115 0 239 113 224 191 215 47 21 221 60 244 77 156
    111 2 166 81 152 61 80 28 189 57 137 218 192 22 168 3 192 47 136 146
    82 219 148 39 170 125 231 19 14 168 219 15 244 41 81 143 134 183 209
    190 75 26 30 19 39 113 215 60 205 101 79 100 46 7 235 127 195 210
    140 152 230 255 9 173 213 34 226 253 160 67 133 240 221 114 237 136
    254 154 81 114 155 54 106 191 131 111 68 148 53 78 167 84 77 143 153
    40 178 105 116 38 70 199 152 31 167 38 140 80 100 235 40 194 0 149
    88 132 56 137 92 212 136 153 204 153 44 209 195 119 78 121 130 22 53
    65 87 52 103 3 127 67 234 115 97 146 206 198 171 223 243 20 60 53
    228 148 37 185 149 95 199 123 239 154 245 128 226 68 91 37 65 243
    223 33 47 78 10 231 180 145 13 233 176 125 55 117 135 210 20 90 10
    54 30 155 80 116 228 17 236 39 3 194 10 146 253 80 230 170 250 149
    50 82 5 249 56 132 188 4 119 162 193 209 246 41 69 91 204 74 223 190
    243 105 91 47 191 175 111 103 235 2 65 177 239 204 205 212 188 76
    254 136 217 194 59 130 101 205 238 226 203 56 231 24 120 64 3 226 62
    22 189 75 29 245 105 121 132 184 130 107 168 246 174 126 19 220 209
    119 194 206 211 225 198 17 42 1 134 94 59 91 66 142 250 153 13 47
    131 51 141 183 213 127 77 137 251 153 223 212 213 39 50 91 223 63 53
    233 236 230 23 204 107 157 117 141 186 55 183 45 112 18 168 19 35
    216 150 249 49 170 38 65 250 134 106 203 92 138 15 203 67 140 2 227
    9 185 189 11 175 98 81 241 82 59 203 194 48 159 17 39 184 228 244
    192 218 213 46 237 0 173 74 236 116 219 209 148 235 71 191 62 255
    213 109 87 251 207 165 210 247 61 117 5 110 186 152 225 74 192 108
    86 91 241 149 75 9 95 101 209 78 42 57 198 17 222 215 157 103 181
    182 131 87 31 179 210 13 123 64 254 118 135 159 138 12 88 53 184 150
    242 130 164 140 197 120 198 88 114 24 82 81 163 74 205 182 182 157
    218 28 168 174 149 124 79 184 182 151 81 154 170 242 95 237 100 121
    18 94 111 35 118 119 224 127 219 245 93 165 254 104 165 240 49 76
    238 228 110 192 48 58 82 151 99 233 33 66 4 135 174 156 46 12 37 247
    40 34 106 34 24 227 219 122 118 125 176 25 64 248 150 232 105 200
    143 168 186 70 129 27 3 184 161 76 23 101 227 211 154 123 242 169
    225 34 164 209 243 91 18 220 199 122 94 134 130 7 141 157 65 93 180
    252 120 105 226 34 46 211 54 21 48 3 245 177 39 13 48 17 193 3 33
    242 193 150 231 46 249 117 163 96 233 221 196 106 0 14 143 255 186
    178 137 39 231 197 22 239 89 63 156 199 75 39 90 239 249 83 189 75
    148 44 64 247 6 36 157 27 222 29 79 118 237 21 13 188 110 114 10 216
    130 63 22 234 21 94 235 33 98 79 190 186 4 105 36 126 35 64 27 111
    221 139 205 11 117 214 62 226 54 171 160 77 219 118 43 120 253 51
    213 51 54 187 57 209 254 145 52 20 111 169 232 230 133 121 133 76
    236 190 218 58 101 249 168 202 128 72 249 179 150 52 204 10 18 30
    192 83 20 162 8 114 151 234 38 95 39 40 251 53 44 233 52 66 79 204
    105 66 155 46 201 145 181 178 109 95 33 248 78 6 84 90 179 45 136 19
    186 197 162 107 155 105 137 18 77 103 186 106 77 133 39 87 62 253
    137 125 0 188 24 251 218 26 104 29 223 124 151 39 185 63 154 0 203
    150 150 185 218 248 188 64 116 220 59 189 40 145 234 105 17 252 164
    9 253 225 208 20 104 226 42 86 114 146 2 127 172 175 81 103 60 120
    230 209 222 206 223 110 18 44 235 165 20 243 44 33 138 34 147 128
    197 121 60 60 27 80 157 9 53 18 46 79 27 252 52 197 169 134 253 176
    41 198 205 143 235 5 100 89 108 15 122 212 38 102 254 66 170 138 213
    192 31 50 196 45 178 143 171 193 127 216 116 226 79 185 88 19 47 14
    43 15 173 120 126 86 246 20 228 162 25 227 109 93 110 211 57 222 124
    98 177 253 222 215 6 182 225 240 99 231 4 31 241 159 159 222 199 224
    121 95 32 127 138 205 239 12 8 60 23 254 114 243 162 123 160 4 246
    39 6 135 170 78 184 209 26 54 100 6 183 164 154 76 178 221 248 162
    54 70 139 228 43 17 235 254 99 207 6 156 248 57 7 163 162 102 8 69
    86 6 250 193 143 188 82 102 76 232 113 169 149 243 53 217 113 112 73
    71 178 35 203 37 137 6 172 134 139 98 156 65 50 153 4 117 73 16 90
    188 169 75 65 91 105 50 12 222 197 108 77 220 111 58 228 255 253 194
    117 0 168 233 104 155 158 74 63 229 119 33 234 113 51 103 173 96 26
    198 178 17 17 183 189 33 107 75 141 69 68 119 188 179 101 14 170 100
    102 179 91 195 185 30 173 111 42 243 156 212 54 26 204 243 141 152
    146 5 115 147 213 247 130 160 17 253 91 207 20 20 75 7 205 249 178
    107 194 146 29 132 72 206 22 15 96 67 127 108 9 150 72 23 234 125 72
    8 92 126 176 30 158 202 110 180 227 151 83 239 56 185 213 164 125 33
    214 211 174 129 235 10 228 62 151 199 183 122 237 173 130 128 80 222
    176 106 126 9 48 67 23 219 3 1 233 159 176 251 175 86 16 54 150 124
    75 63 198 22 120 215 125 66 154 131 219 159 113 17 216 245 196 157 2
    135 214 37 191 234 18 51 175 57 55 65 169 230 14 211 77 3 157 188
    199 153 6 75 149 197 153 210 113 79 214 241 35 234 31 36 161 44 235
    49 241 221 24 252 213 13 132 189 249 107 99 44 242 92 177 176 177
    133 120 248 245 61 79 90 223 113 75 180 44 208 111 157 89 224 136
    237 145 123 173 60 149 80 150 60 178 218 138 230 114 255 141 48 173
    169 242 251 243 28 193 55 14 145 219 87 176 246 46 208 107 40 190
    213 65 0 69 71 47 73 15 79 163 134 147 207 156 173 155 127 34 108
    230 210 49 200 237 96 247 53 71 70 154 250 109 54 2 187 65 200 248
    24 41 104 128 36 124 29 154 135 120 137 85 106 163 166 135 211 186
    188 247 9 234 22 143 160 203 217 179 248 116 98 231 32 255 131 212
    79 3 18 2 241 43 129 50 219 224 90 55 115 29 96 253 25 94 31 238 46
    49 120 196 204 14 242 184 51 141 230 215 114 134 129 114 129 36 120
    231 117 36 152 227 12 95 75 235 71 24 91 55 110 174 150 9 167 78 23
    88 75 0 185 160 240 103 56 226 93 227 80 86 185 128 87 142 201 77
    109 159 39 200 216 229 116 67 17 116 179 105 49 14 126 208 104 133
    248 64 126 43 18 4 117 68 138 50 192 135 157 166 101 3 233 6 174 13
    215 176 26 68 54 7 155 213 86 226 44 164 34 44 149 151 39 1 119 7
    162 43 175 243 158 124 210 246 210 0 154 177 55 68 92 17 142 25 190
    25 14 152 22 112 11 227 23 50 168 195 34 38 197 39 241 5 140 219 66
    68 164 206 186 50 244 41 195 53 80 135 22 119 152 153 7 94 163 23
    149 28 105 154 66 218 191 37 223 27 224 230 247 135 4 184 30 26 109
    142 50 147 48 241 52 11 61 104 228 82 102 185 28 91 62 123 77 107 88
    45 76 228 104 110 56 49 15 219 224 135 121 54 235 227 215 100 203 0
    59 97 222 165 91 217 147 144 164 46 18 25 74 69 78 233 63 37 96 55
    27 105 231 108 57 102 7 250 32 46 116 106 212 64 181 98 190 108 141
    174 4 193 13 181 213 79 110 109 188 164 43 156 42 25 203 14 99 44
    113 151 243 110 75 145 238 112 130 33 142 128 59 168 3 153 122 232
    97 111 214 176 33 49 194 23 96 51 48 193 83 35 106 235 156 1 146 18
    131 128 0 154 203 184 246 207 32 87 101 64 113 72 49 239 171 165 49
    241 133 145 9 244 55 239 68 205 227 78 98 192 252 120 67 161 227 12
    255 4 17 149 48 132 217 182 146 31 251 218 7 176 66 145 96 20 192
    100 227 125 222 199 218 185 239 29 140 151 179 142 23 181 26 15 29
    72 29 78 251 164 208 69 23 56 120 119 20 127 191 101 81 113 183 50
    166 62 17 151 6 233 238 253 156 136 106 10 223 251 159 79 77 220 161
    8 47 21 174 10 109 241 237 131 192 222 214 55 250 31 184 151 9 233
    58 102 86 133 194 106 41 217 117 232 241 54 51 56 185 17 250 222 204
    195 165 53 241 0 159 218 164 26 232 238 6 161 186 89 151 157 181 5
    137 144 53 220 235 250 60 160 146 24 202 20 200 43 182 14 101 251
    108 160 225 255 152 45 54 78 222 126 73 114 111 168 104 119 138 0 94
    141 131 87 162 37 119 37 130 58 240 17 90 66 85 20 65 143 136 89 170
    92 114 155 169 210 245 32 167 220 101 128 217 128 94 157 249 107 110
    27 176 6 243 40 67 22 254 212 190 89 187 30 235 221 82 155 29 167
    176 127 153 122 72 28 190 180 183 1 248 192 65 194 167 213 227 194
    203 185 254 208 95 187 190 201 61 146 244 146 227 6 193 42 148 94
    146 121 127 130 44 42 163 27 89 119 14 173 45 253 107 12 227 39 4
    205 131 8 127 98 24 200 76 192 141 140 204 17 164 3 133 181 202 32
    57 94 96 51 165 55 7 206 80 15 58 146 131 138 170 54 208 133 67 162
    109 105 149 22 72 220 199 208 115 200 156 125 216 156 102 16 206 164
    160 165 150 145 155 198 31 84 231 175 94 40 202 208 37 149 55 255 19
    172 107 205 164 27 234 97 19 172 100 208 3 27 26 50 54 87 73 101 22
    252 118 72 148 123 196 147 78 69 40 209 72 205 220 235 199 169 141
    169 58 228 225 220 50 144 198 250 23 126 4 88 121 69 199 111 9 167
    199 19 240 185 0 59 250 98 45 235 229 219 201 129 251 88 85 251 183
    58 95 94 150 249 46 50 176 96 200 55 163 197 49 39 237 174 148 136
    33 104 201 159 45 175 179 61 4 236 200 52 243 28 240 243 255 208 143
    29 120 201 190 40 252 234 143 80 187 139 5 233 135 36 101 24 39 180
    67 184 61 36 145 150 218 55 97 184 151 95 13 77 67 246 113 175 82
    144 228 185 176 48 13 69 218 105 235 251 164 80 189 96 88 1 59 170
    147 111 74 106 108 132 78 114 191 93 237 113 74 228 95 199 50 177
    183 43 215 132 87 139 45 28 24 109 228 201 8 164 87 109 81 199 154
    11 241 21 23 62 21 223 242 67 199 146 34 14 241 203 249 20 149 40
    164 33 250 99 29 53 126 241 244 91 142 200 120 2 89 206 100 18 114
    25 9 182 70 74 22 102 12 220 87 99 103 27 122 5 64 157 12 86 55 138
    93 245 224 49 21 97 151 241 44 49 254 102 124 103 12 247 225 190 228
    109 171 167 176 161 103 124 99 247 122 220 34 37 121 108 139 80 67
    255 46 30 44 228 36 98 63 238 198 253 140 181 148 224 103 200 143
    139 97 84 62 1 79 167 69 106 166 198 17 204 209 190 107 242 237 6 83
    86 106 83 83 178 174 14 79 187 25 189 130 189 30 5 6 109 218 96 94
    160 34 234 130 50 108 110 137 195 203 104 161 198 94 38 103 93 194
    101 157 203 68 13 209 39 190 181 122 79 32 244 113 127 66 119 206
    108 108 33 3 221 167 6 35 27 45 153 91 220 82 9 52 108 98 95 128 234
    134 211 241 159 243 129 159 133 204 235 98 229 206 181 212 95 144
    100 192 44 44 104 197 194 204 139 56 97 209 208 88 110 31 213 238
    225 12 173 97 21 29 182 199 172 21 63 25 249 59 214 24 4 0 82 228
    149 60 71 154 88 245 72 177 88 211 253 89 168 220 55 155 149 195 31
    15 97 207 15 240 237 32 90 141 235 177 94 251 241 35 104 106 83 148
    8 178 219 31 78 149 59 84 232 182 39 194 243 112 15 6 146 238 91 37
    69 61 168 46 227 98 121 242 172 46 23 213 49 248 105 81 70 221 208
    131 191 135 231 126 55 36 94 110 186 102 71 100 55 120 80 106 8 247
    104 132 180 5 178 181 102 77 219 56 157 234 202 147 20 104 109 74 45
    248 194 195 77 131 214 254 36 65 240 142 252 95 142 93 96 87 78 0
    248 160 50 42 187 41 142 23 7 113 161 123 204 172 148 242 5 166 184
    150 7 131 225 233 219 5 92 241 119 75 141 127 88 224 9 100 170 65
    125 171 27 165 33 93 214 177 26 22 158 91 202 157 146 3 167 28 77
    180 216 158 167 181 236 20 249 240 160 113 13 51 11 71 132 17 145
    177 218 43 209 125 225 132 247 116 108 253 110 111 28 105 87 181 5
    12 3 77 176 251 216 172 16 234 204 100 183 84 18 240 82 140 66 250
    99 13 89 137 205 99 28 53 11 116 87 186 165 112 128 131 121 17 226
    19 86 118 226 55 157 206 13 69 31 2 69 48 123 139 27 99 132 209 23
    48 102 116 139 230 107 249 50 147 115 77 87 95 156 83 103 130 126
    198 54 29 204 221 92 186 10 218 238 130 53 126 212 136 187 59 30 107
    204 97 252 63 183 133 193 50 193 84 90 64 86 253 4 119 151 152 187
    122 151 168 233 159 94 26 128 215 92 85 103 29 9 95 169 14 218 147
    24 74 239 201 0 7 72 120 202 21 87 10 239 134 45 150 224 158 205 63
    197 30 58 173 228 96 133 230 8 39 197 245 46 232 77 18 54 180 122
    121 74 237 133 237 169 213 1 157 83 65 158 10 108 77 31 177 142 186
    9 190 198 97 58 84 96 222 25 118 108 57 79 169 179 79 103 116 158 1
    23 41 215 17 73 103 134 77 130 30 117 53 52 221 138 30 23 114 154
    232 45 112 110 73 71 255 83 168 8 153 174 240 103 31 51 248 90 203
    225 226 138 186 74 90 187 145 7 225 86 194 58 20 117 230 211 128 31
    46 207 28 116 247 123 29 88 93 5 121 18 18 142 34 69 212 82 162 136
    41 208 149 33 166 17 240 181 0 85 159 58 144 239 133 131 220 233 40
    156 131 135 183 24 39 65 62 201 135 138 49 216 144 193 224 60 168
    197 183 63 241 126 254 45 197 246 32 42 24 193 204 35 104 48 110 130
    92 84 85 129 16 234 19 110 98 4 166 151 16 158 10 143 101 189 136
    170 5 41 38 137 76 58 244 178 40 152 200 237 95 81 14 188 120 30 253
    214 203 7 144 190 233 63 19 136 210 80 153 237 127 181 224 105 232
    142 159 161 38 52 67 86 184 82 223 157 158 217 164 118 87 9 146 153
    175 21 199 128 60 5 38 120 42 40 39 76 141 100 232 36 132 62 130 240
    8 194 137 41 249 101 156 78 171 3 26 6 94 63 191 39 253 137 6 49 182
    87 108 165 92 72 123 113 57 82 218 170 145 200 101 252 36 182 230
    177 102 34 16 211 9 87 140 111 77 197 6 145 4 15 175 218 16 154 67
    92 219 240 55 253 34 111 177 77 99 97 211 229 64 55 159 227 198 150
    51 238 128 15 199 8 234 15 66 10 139 32 213 149 18 144 16 250 164 39
    22 162 203 238 11 122 126 109 242 106 104 200 43 102 43 97 131 101
    32 35 94 186 252 39 147 182 35 91 243 181 243 219 104 62 16 94 101
    54 167 229 202 53 163 56 149 17 150 31 2 113 64 39 67 99 87 82 35
    239 89 126 227 235 115 200 139 104 35 24 6 197 102 199 144 75 23 236
    236 145 238 20 126 253 196 129 24 237 7 198 48 130 190 227 31 92 162
    219 82 136 113 238 95 180 80 9 246 206 129 229 207 180 173 113 80
    177 52 131 3 74 141 17 158 149 28 241 110 42 225 107 141 150 21 53
    195 63 96 121 80 245 225 194 137 208 20 83 0 71 39 18 73 130 142 175
    82 221 132 209 103 225 50 34 47 58 173 14 243 52 255 138 42 125 122
    157 131 199 79 137 112 27 56 209 104 171 132 164 100 18 242 116 65
    166 182 52 44 24 212 4 31 244 147 251 176 47 127 43 27 140 174 18 98
    229 210 7 189 147 45 82 134 26 3 81 93 91 11 4 111 153 56 111 52 236
    200 137 160 180 215 1 211 176 67 118 5 237 188 185 231 12 244 239
    252 216 123 105 60 196 115 114 214 246 118 14 59 227 192 15 77 133
    244 86 179 190 83 106 241 20 100 52 230 120 108 198 43 152 101 118
    66 201 207 196 204 30 0 245 54 30 248 144 194 215 62 74 254 181 54
    201 32 153 5 38 221 45 110 24 16 24 76 22 159 233 231 207 223 217 39
    106 137 228 76 254 74 204 9 8 151 13 50 7 84 104 42 75 140 212 166
    105 13 35 14 220 87 44 194 174 247 142 136 241 255 122 223 94 130
    131 68 88 239 101 134 154 190 162 20 246 6 75 88 74 44 44 145 65 228
    174 172 122 202 223 17 188 69 133 233 123 166 197 3 128 255 209 151
    97 227 42 8 184 107 179 103 45 239 221 57 98 60 204 238 136 149 143
    83 116 106 120 62 14 206 114 229 121 149 49 222 92 169 4 186 143 62
    200 182 196 81 151 53 65 60 3 77 185 89 100 66 48 64 211 253 44 185
    68 40 22 191 66 78 189 132 247 91 51 80 103 94 19 105 200 33 98 233
    174 113 2 135 246 148 49 164 146 191 0 18 188 161 67 50 20 52 233 28
    141 187 233 177 136 237 100 50 90 90 149 67 71 158 142 8 66 106 84
    121 81 244 237 128 208 175 93 28 63 191 220 151 207 157 151 128 110
    170 39 153 60 234 57 80 118 179 32 225 208 156 131 56 31 252 71 12
    97 84 190 155 127 149 216 119 203 229 141 217 107 248 148 8 225 105
    47 143 109 150 125 252 227 105 192 149 46 26 44 46 170 74 98 110 184
    208 82 143 105 220 69 168 32 238 201 23 17 5 7 66 63 72 124 25 164
    85 83 30 215 121 114 117 154 36 232 60 168 246 2 203 182 146 232 193
    83 64 121 179 159 237 18 223 204 171 204 56 32 44 244 29 6 112 142
    171 168 167 104 71 130 251 160 235 224 41 202 143 44 142 181 254 170
    4 86 81 151 223 254 61 14 153 116 153 219 166 78 140 227 40 77 178
    37 81 191 77 6 96 220 130 1 169 156 18 236 224 158 93 178 108 80 37
    42 45 196 25 43 40 166 208 173 159 151 11 72 196 147 196 76 68 163
    235 135 225 29 133 199 134 27 238 27 33 65 102 131 91 227 98 199 165
    170 153 162 43 164 242 94 183 42 57 55 162 1 220 106 36 196 164 205
    120 44 197 76 206 173 216 56 90 121 209 163 52 135 98 172 132 225
    201 26 19 253 190 36 66 112 251 20 246 6 28 194 90 46 172 134 64 212
    7 45 225 47 187 135 193 157 221 156 127 190 199 34 3 22 215 27 70 34
    97 184 194 170 69 30 4 114 75 200 111 252 96 12 216 119 244 102 164
    59 14 90 127 18 209 246 20 236 230 106 163 155 148 226 65 74 197 238
    138 26 35 185 64 166 34 238 121 23 237 80 112 61 10 191 197 110 50
    89 164 187 138 208 162 177 214 47 237 158 44 86 175 176 234 129 29
    36 32 44 80 38 87 160 23 127 178 15 126 252 67 206 10 101 135 155
    133 191 215 196 145 150 10 176 114 179 52 61 7 241 55 9 195 84 120
    82 114 50 104 142 21 12 155 5 109 203 253 8 74 176 215 44 229 151
    135 68 39 139 224 129 141 215 162 49 209 161 92 11 66 48 195 190 135
    245 139 202 219 30 160 246 54 162 126 18 210 102 31 220 170 123 154
    141 34 127 38 58 238 212 89 235 109 12 208 29 177 239 250 41 176 189
    246 63 18 246 3 66 238 112 197 88 49 162 248 108 63 137 147 32 238
    145 3 140 42 187 187 114 14 174 210 91 115 124 62 228 122 42 233 117
    1 227 227 71 48 84 70 55 174 106 212 216 11 70 249 163 239 116 203
    132 249 19 254 203 115 13 179 220 73 165 79 90 84 202 2 143 241 231
    153 44 111 95 178 89 41 203 112 171 166 204 10 95 97 232 169 182 120
    149 137 91 73 18 215 129 236 228 51 207 23 181 138 157 153 139 9 109
    126 0 200 30 177 253 190 36 133 187 249 79 45 225 162 212 208 237 17
    155 156 42 13 210 225 193 193 126 146 89 155 91 63 12 142 157 231 4
    159 122 204 36 189 222 74 189 186 253 65 101 179 61 8 210 52 162 108
    93 22 111 112 191 223 55 92 246 14 190 186 202 173 44 35 103 67 192
    208 252 116 8 2 55 247 3 14 89 159 67 53 93 244 193 183 63 53 157
    157 2 214 109 200 83 116 98 129 34 172 157 235 77 73 143 247 183 185
    95 155 50 33 168 2 137 214 96 81 234 228 9 39 73 101 105 174 38 112
    27 93 4 93 236 81 147 208 121 185 182 65 9 102 230 225 107 192 101 0
    31 7 199 58 208 239 138 12 190 42 90 245 200 216 248 20 84 233 177
    20 165 220 48 124 69 231 232 247 131 205 241 250 98 178 143 187 130
    63 15 175 208 102 7 3 33 146 254 113 226 99 131 215 35 36 235 45 215
    151 194 87 10 61 194 128 83 126 193 47 253 20 178 172 90 238 164 13
    124 100 59 208 157 8 237 1 167 37 39 190 242 39 14 159 32 39 243 172
    247 255 189 4 77 229 231 150 145 248 71 157 63 204 244 47 210 1 146
    110 221 77 151 217 26 84 161 175 220 202 57 245 183 198 40 164 195
    60 70 75 171 238 106 149 243 33 141 221 210 226 85 143 137 166 151
    232 172 45 9 250 90 205 229 15 193 160 0 41 46 121 26 111 139 72 250
    29 82 190 198 227 171 7 157 36 21 92 15 144 15 232 225 181 77 106
    244 166 198 207 250 123 116 205 197 105 128 142 243 7 162 224 176
    247 99 86 91 83 213 86 135 174 188 226 29 47 74 226 91 251 31 19 0
    232 72 252 197 199 28 55 253 20 129 62 209 47 221 211 113 55 45 73
    34 153 118 66 122 13 46 92 3 14 37 199 16 17 67 216 64 194 87 214 51
    219 2 239 177 95 72 154 111 34 42 240 137 149 227 67 254 26 83 23 15
    144 6 3 54 182 70 186 115 27 115 201 121 43 12 64 149 225 105 227
    181 20 38 238 163 175 144 84 239 192 159 73 207 16 172 252 201 178
    142 91 59 247 50 111 11 98 231 101 127 253 125 170 78 102 6 47 150
    109 86 178 188 33 69 217 196 231 242 82 104 158 10 233 116 66 180 65
    194 113 69 227 188 92 41 234 143 223 33 243 49 21 10 8 227 202 106
    209 253 119 74 88 186 213 165 169 253 71 133 224 95 79 209 195 28
    140 248 1 65 142 171 138 51 246 158 190 170 222 112 112 3 162 51 63
    26 172 113 163 31 114 174 31 36 9 18 111 38 30 210 142 191 216 236
    124 161 62 146 98 225 21 178 66 150 242 95 51 175 132 38 96 84 135
    179 7 127 228 65 197 56 221 168 122 18 249 53 136 5 166 205 99 118
    110 141 164 169 225 15 255 19 237 11 251 239 37 41 34 16 159 137 16
    184 184 243 163 139 201 69 109 200 83 220 33 130 71 48 79 144 228 93
    109 106 254 72 161 250 247 96 61 151 3 156 184 188 171 41 241 162 66
    83 159 64 85 191 171 46 48 177 72 234 140 107 110 139 165 197 139 32
    192 5 181 85 245 239 26 228 216 180 64 12 198 43 209 30 152 255 180
    185 189 7 52 132 96 183 158 252 50 109 240 223 99 232 228 253 116
    185 84 98 55 185 199 148 179 237 80 72 33 212 104 150 116 90 96 220
    4 48 37 19 193 84 181 167 157 182 235 146 190 9 24 144 45 149 239
    240 219 49 218 233 61 100 86 218 217 200 235 149 80 132 2 131 185
    164 85 184 181 218 157 146 9 38 10 163 203 48 127 237 89 156 229 190
    237 139 163 216 20 210 240 117 101 4 166 161 90 186 104 227 42 240
    14 11 236 98 81 220 213 86 60 23 106 40 0 202 25 199 64 172 80 157
    143 194 149 124 43 1 213 201 54 154 42 172 190 58 79 58 232 171 133
    22 7 160 86 217 106 7 213 60 145 3 8 24 207 165 93 157 207 61 6 202
    163 38 176 164 240 156 215 187 222 93 224 118 112 231 217 72 132 36
    218 4 44 155 197 175 167 154 66 29 122 147 244 103 76 181 251 59 62
    37 116 81 52 32 93 141 52 13 224 36 214 215 188 62 142 94 68 12 98
    21 5 253 255 0 123 24 208 57 77 194 213 234 76 70 128 119 167 92 159
    22 109 14 9 140 252 178 177 51 57 228 247 112 89 231 24 219 70 146
    227 196 190 40 37 86 77 71 228 145 243 227 249 113 47 37 48 37 65
    238 89 47 204 74 181 94 58 168 32 5 251 19 114 198 203 192 236 245
    33 175 50 4 119 217 77 195 103 167 126 140 104 37 108 47 194 41 134
    41 199 41 30 230 78 215 146 223 247 197 87 240 219 220 146 45 235
    219 26 254 232 6 31 67 6 237 98 8 136 65 23 251 132 16 218 181 128
    100 224 82 5 180 121 111 215 221 247 224 222 79 123 240 156 203 125
    166 217 72 62 75 24 218 116 205 242 196 198 107 249 89 183 194 33 13
    191 71 231 27 123 159 132 68 5 194 46 121 214 244 135 170 180 159 43
    67 166 199 32 209 235 226 121 11 144 71 36 224 227 102 168 240 213
    114 149 153 138 149 8 79 213 3 15 122 224 103 32 41 97 115 236 41 78
    152 155 152 58 142 211 85 36 129 134 238 116 41 72 80 4 215 178 133
    34 187 248 121 92 208 25 115 71 224 128 87 129 185 218 170 224 165
    225 53 98 76 196 213 229 209 146 51 243 217 141 25 234 124 163 23 19
    30 15 172 33 193 209 118 181 141 217 231 192 38 16 219 3 237 177 55
    98 78 198 11 197 29 47 150 252 94 64 77 97 254 229 250 136 239 35
    155 104 225 205 154 249 63 63 121 165 145 154 190 228 202 138 93 199
    7 211 218 171 224 238 52 206 133 126 56 246 104 182 211 57 202 9 43
    180 18 234 64 255 122 104 50 204 63 89 235 85 20 62 57 35 102 109
    123 125 214 228 98 128 66 86 180 92 69 124 36 3 129 49 92 2 159 241
    137 232 196 210 62 238 162 61 177 57 36 232 167 205 13 250 34 48 71
    96 177 80 62 5 80 103 143 254 168 163 83 88 107 80 192 200 122 106
    152 254 169 89 211 9 194 140 103 221 64 179 191 78 255 226 65 41 65
    176 121 72 158 16 235 99 231 148 197 59 160 155 10 140 63 41 239 24
    3 237 152 44 148 71 140 53 70 56 108 104 148 45 195 234 23 54 213
    162 232 54 143 75 238 186 210 54 247 201 92 124 206 32 173 238 165
    160 189 97 43 230 149 110 201 133 58 245 127 141 185 69 215 13 6 67
    29 180 28 233 245 181 231 224 77 97 195 101 80 188 77 236 214 195 58
    133 86 57 215 84 21 106 240 120 39 197 218 119 62 161 169 10 159 226
    118 54 73 79 192 241 183 251 243 63 207 194 86 254 184 218 174 51
    168 185 84 173 121 104 145 43 125 222 240 132 187 174 117 90 140 102
    26 180 178 140 220 114 120 128 122 133 179 133 97 227 59 43 0 105
    203 71 189 210 121 120 239 38 99 11 20 203 146 91 78 138 59 189 84
    114 206 92 32 124 115 176 183 50 98 115 20 81 151 233 183 153 19 104
    77 51 195 163 2 138 86 127 43 208 11 246 239 31 7 140 24 10 10 140
    205 63 253 157 111 43 208 238 150 19 115 166 142 145 144 10 61 75 74
    85 14 50 65 182 182 117 14 137 39 68 156 234 35 176 246 170 156 227
    222 55 148 135 231 41 191 73 19 32 254 105 233 12 133 254 183 9 80
    177 221 15 187 131 87 134 197 39 196 185 209 199 203 64 213 166 206
    174 28 88 215 99 50 191 227 165 238 35 245 107 190 37 232 12 83 41
    28 10 238 204 5 233 43 212 217 96 200 59 27 198 109 174 81 25 132
    102 147 216 7 115 112 169 165 158 157 3 27 229 107 159 238 250 246
    128 120 214 217 119 115 250 9 113 60 246 195 196 39 122 66 158 105
    105 61 122 6 79 120 200 193 42 70 20 66 126 43 45 28 115 109 171 149
    164 123 165 150 134 97 198 191 4 62 134 151 165 162 45 178 46 186 56
    13 134 99 81 130 172 239 118 235 147 253 7 75 74 70 226 184 137 174
    253 254 167 199 103 111 175 69 161 93 228 132 88 32 83 199 192 109
    71 165 103 107 197 215 221 37 222 156 189 158 241 67 108 86 116 216
    190 8 110 152 131 29 86 138 163 38 212 115 171 56 125 129 33 139 53
    134 25 145 149 165 219 111 64 190 252 243 60 169 170 131 61 18 122
    214 68 59 131 170 87 249 194 174 19 188 204 131 226 216 223 172 102
    215 10 33 15 132 118 245 180 164 110 147 23 162 87 98 185 234 187
    117 221 244 0 160 208 57 73 107 121 61 144 215 66 178 56 244 5 152
    109 22 82 68 32 112 31 26 156 49 183 7 143 48 16 148 182 147 21 142
    106 127 85 30 132 13 123 212 93 233 238 51 54 230 130 191 17 46 202
    67 252 153 155 93 116 29 97 27 54 237 128 154 34 2 156 175 160 98 28
    61 166 87 234 76 168 63 41 62 230 132 40 22 218 124 219 73 206 235
    253 194 149 202 108 175 46 205 88 220 176 161 63 171 190 246 255 107
    248 40 61 163 126 54 254 196 208 133 78 24 176 181 7 126 60 63 114
    53 2 89 229 110 33 41 179 17 220 1 144 124 96 24 166 52 46 109 84
    194 167 254 228 222 63 111 247 114 190 188 85 110 144 4 149 105 65
    62 4 203 122 18 159 66 169 71 64 159 108 192 106 175 17 252 150 183
    53 69 170 185 113 236 124 43 49 219 42 94 137 76 171 211 171 205 81
    108 222 132 18 240 243 27 199 181 164 114 48 75 207 203 219 114 40
    144 65 117 135 119 136 152 108 108 123 95 155 248 61 88 103 220 75
    28 64 83 29 204 161 127 135 232 30 50 52 162 30 102 74 204 82 81 18
    143 121 139 114 229 93 105 237 87 180 219 103 35 140 244 148 82 144
    18 45 197 34 41 117 131 175 61 14 64 96 34 244 55 203 31 146 76 245
    26 56 49 244 80 41 227 126 15 178 85 101 154 60 241 237 205 7 6 18
    35 50 112 115 98 204 220 53 171 39 185 41 218 233 226 218 166 35 104
    50 141 155 246 167 44 248 93 254 19 51 89 156 177 91 147 138 213 39
    99 6 6 254 18 68 178 225 165 90 12 232 147 237 0 217 94 141 27 150 1
    129 79 49 216 72 205 244 13 155 41 80 77 145 44 230 119 155 157 225
    108 66 196 44 230 231 182 120 243 54 214 127 219 50 122 56 246 217
    76 158 204 2 153 17 70 165 196 197 232 28 227 82 19 81 236 173 180
    13 163 218 3 36 159 0 27 169 229 41 89 94 157 57 6 246 41 180 166
    165 32 215 216 236 228 73 44 173 77 196 22 217 124 58 174 215 153 11
    116 36 244 206 209 48 110 227 159 124 77 195 155 106 228 39 105 135
    174 5 6 13 181 232 143 79 24 37 201 107 145 215 66 173 204 10 247 46
    250 230 146 74 90 22 151 237 70 116 2 174 124 206 174 18 105 123 239
    237 97 101 9 17 84 98 44 30 102 165 243 250 213 95 215 167 152 72 62
    185 182 209 171 18 110 199 59 204 246 102 162 206 135 162 191 76 237
    11 240 170 143 196 188 83 88 217 86 210 180 31 77 219 84 16 138 93
    209 34 10 69 38 24 0 2 107 141 164 33 95 125 99 106 56 96 95 164 72
    35 226 162 22 81 151 222 180 19 162 24 240 20 25 181 225 189 6 133
    78 145 173 47 30 79 42 207 24 164 221 42 36 249 233 205 128 251 233
    223 152 248 147 231 201 154 116 139 175 118 113 58 111 205 160 109
    216 86 183 198 111 216 53 179 118 49 209 94 221 25 31 196 182 155
    140 129 177 39 174 207 123 74 86 48 118 156 213 135 179 78 195 233
    174 221 213 242 137 8 150 49 175 159 91 178 54 137 123 106 90 42 34
    176 9 128 30 27 238 48 184 191 84 54 252 108 46 131 114 67 169 58 53
    45 245 71 194 194 252 80 140 246 181 12 173 175 112 120 76 48 61 40
    123 67 144 51 56 113 5 184 2 154 199 153 74 160 75 187 179 81 70 71
    88 13 4 51 119 82 23 93 79 204 142 108 186 44 77 160 84 228 90 182
    158 219 247 113 72 226 83 26 168 3 5 86 154 228 123 12 18 164 142 43
    123 123 142 185 179 91 211 14 119 199 180 253 59 60 220 62 45 30 112
    144 160 127 20 66 244 60 152 118 199 245 164 33 43 103 119 210 99
    203 196 145 158 3 204 141 7 251 154 240 215 66 91 109 206 119 164 52
    145 212 126 30 145 189 227 55 153 229 117 125 73 153 62 109 211 126
    89 100 104 62 103 143 197 51 18 4 10 187 69 83 153 208 118 243 139
    124 182 83 240 0 151 17 83 92 128 33 30 88 51 36 41 176 243 36 155
    112 214 227 249 143 230 213 186 17 230 7 60 241 9 164 49 118 26 198
    132 208 222 37 207 224 237 149 146 15 229 216 7 163 73 228 163 174
    248 29 190 183 188 22 102 252 63 67 57 193 65 98 128 58 136 74 97
    208 185 92 210 19 253 2 172 243 37 167 91 241 240 206 157 197 58 114
    77 22 7 179 26 222 158 63 160 236 25 114 31 198 150 244 246 23 200
    20 69 177 205 83 49 152 184 93 175 232 99 73 245 203 213 166 246 171
    175 2 90 70 175 77 96 102 206 83 23 40 156 148 74 41 136 168 166 77
    155 166 49 221 95 32 208 74 231 222 133 62 140 47 211 33 138 42 184
    141 130 253 103 10 112 173 132 123 148 103 232 90 60 101 85 194 12
    207 103 255 188 146 134 111 71 61 240 153 48 213 179 51 234 188 142
    28 237 226 90 176 113 221 82 149 215 15 178 130 21 3 203 181 140 25
    7 53 191 209 229 106 121 16 132 230 212 138 247 192 235 107 16 174
    62 174 84 24 90 202 189 76 145 196 104 120 22 157 53 90 166 243 4
    175 193 252 190 221 128 164 107 90 165 217 89 123 71 250 246 79 115
    209 133 121 170 182 17 192 125 154 2 116 129 23 220 96 57 13 238 22
    162 193 93 203 151 128 165 224 58 153 143 121 122 94 251 6 147 20 66
    97 212 228 123 217 25 5 209 118 72 189 47 197 40 37 0 242 246 253
    110 38 68 29 194 38 222 122 231 205 201 75 198 1 129 235 47 231 241
    159 105 126 202 28 121 125 188 221 40 253 148 194 72 220 149 27 1
    246 114 186 253 0 159 90 159 105 168 18 92 22 110 57 148 56 174 131
    192 79 204 8 33 191 195 122 59 85 54 136 32 44 166 237 226 117 132
    235 104 211 212 69 250 28 12 179 245 70 235 66 228 149 140 21 112
    133 117 57 132 13 167 28 147 166 244 35 8 72 239 133 204 208 9 97
    115 3 54 26 185 36 216 136 0 203 150 73 181 51 24 170 78 81 216 89
    230 230 7 97 190 196 83 210 150 215 52 117 112 168 78 45 147 26 110
    149 205 77 176 136 168 250 83 211 51 102 27 175 61 101 18 203 224
    113 175 183 234 44 240 208 178 176 117 122 103 36 88 2 138 150 158
    97 65 55 165 226 42 25 123 174 130 101 168 40 65 177 5 74 12 67 49
    214 56 26 150 210 32 112 125 201 15 79 88 197 7 76 26 156 241 22 133
    129 238 56 193 59 98 67 187 30 166 130 111 93 188 81 136 218 127 14
    206 216 59 217 210 148 239 153 0 202 62 140 175 25 216 13 60 59 112
    126 195 74 123 24 137 92 83 107 151 24 127 3 148 175 181 6 60 21 207
    30 169 196 138 184 24 94 150 17 52 21 31 241 254 245 67 25 101 166
    28 200 192 166 210 200 41 17 4 26 173 81 160 74 115 121 166 180 240
    0 35 3 227 217 248 18 155 251 226 131 182 138 181 19 188 88 106 236
    5 235 216 101 202 172 216 112 90 57 194 203 226 227 87 204 3 232 195
    194 144 246 68 37 243 83 89 10 190 73 229 39 188 116 68 122 164 67
    197 64 164 167 201 204 137 27 224 91 155 29 180 134 109 243 184 180
    96 128 207 151 0 15 160 115 41 49 68 174 65 118 227 110 93 247 153 6
    18 112 23 48 200 32 22 252 192 60 101 103 58 122 38 24 9 225 78 123
    146 134 189 130 210 169 242 107 202 209 156 200 226 30 165 52 68 50
    140 53 148 65 179 192 177 222 181 144 27 132 165 252 135 158 134 23
    186 76 200 186 18 42 21 234 149 228 166 211 88 3 148 74 213 62 249 6
    215 173 197 191 77 30 159 6 65 242 216 145 157 98 147 52 161 216 245
    246 110 133 251 50 51 16 250 151 224 163 5 58 199 231 23 90 93 215
    205 205 231 215 147 19 239 33 176 161 115 210 205 98 67 91 132 67 94
    84 195 143 198 149 220 59 39 62 172 219 15 6 105 126 43 74 40 104 77
    145 107 9 18 70 88 182 148 60 28 250 237 67 198 169 167 150 223 143
    205 146 185 149 163 60 252 224 44 64 155 186 147 149 225 152 79 75
    201 33 166 225 173 206 12 97 171 201 208 13 153 113 86 239 17 74 91
    1 148 120 123 245 134 183 48 100 102 98 230 168 134 74 79 25 153 188
    173 113 122 157 234 90 52 201 82 167 127 195 0 201 251 96 36 236 36
    93 156 19 171 69 250 236 250 46 209 234 134 164 169 182 17 9 239 237
    118 127 40 32 69 23 164 127 149 201 146 34 32 16 34 141 8 196 247
    200 234 177 80 49 197 57 108 93 253 210 222 191 159 14 39 9 172 109
    94 209 9 231 77 88 213 210 161 241 120 240 230 148 60 101 220 119
    189 191 234 131 16 196 15 171 45 236 75 7 193 65 65 2 216 143 140
    128 17 237 117 9 86 213 31 69 179 44 21 220 60 236 49 116 0 112 125
    240 23 130 227 231 78 10 16 63 198 97 172 164 16 139 108 53 121 99
    164 104 211 14 121 143 139 86 220 222 22 239 104 105 36 123 21 177
    160 124 137 205 86 102 169 137 113 86 171 41 128 68 108 38 7 122 160
    98 36 223 112 222 68 133 51 128 168 236 252 113 241 221 15 189 4 29
    75 10 54 221 121 46 176 214 147 187 36 3 46 2 86 181 196 60 146 116
    22 100 74 159 208 242 16 96 4 110 55 42 184 12 218 101 189 205 167
    215 196 148 101 109 177 144 219 219 90 152 44 253 198 229 1 166 63
    111 42 137 191 166 41 206 189 114 32 191 237 247 17 32 87 24 62 136
    104 241 88 186 161 137 138 89 34 241 245 157 100 242 13 230 35 130
    17 129 158 23 182 157 124 241 73 241 140 214 185 43 244 229 169 233
    6 51 3 246 53 194 235 25 119 24 235 64 214 200 16 218 7 109 240 253
    83 56 189 85 70 22 217 192 9 122 118 26 246 76 11 85 58 119 103 11
    129 23 228 78 106 220 205 21 144 25 222 176 63 131 36 172 78 113 50
    216 198 149 233 12 142 209 107 83 31 149 183 34 6 235 92 101 78 241
    168 172 206 179 103 104 47 26 182 165 239 130 12 68 160 251 161 224
    127 172 255 152 125 100 199 46 26 213 198 86 136 31 240 22 66 238 48
    152 23 33 137 134 161 69 101 73 36 35 247 164 45 147 70 209 112 105
    183 231 72 158 112 56 189 20 7 86 69 249 137 130 207 148 48 248 5
    217 248 32 84 237 140 182 132 253 237 136 95 172 215 86 217 237 62
    196 34 165 13 21 39 39 16 107 0 11 201 236 82 150 237 27 241 248 52
    76 80 0 187 76 206 34 3 46 14 46 175 109 214 164 183 25 133 15 242
    80 6 80 32 136 39 252 45 160 169 240 232 99 41 247 21 137 184 232
    105 197 16 120 89 181 130 91 76 122 145 108 56 115 107 145 119 248
    208 63 248 210 140 72 129 99 0 180 35 41 152 233 126 22 4 174 151
    217 98 220 4 241 233 82 137 74 10 187 124 13 88 169 241 194 139 209
    169 11 95 81 234 22 3 81 79 156 121 254 98 181 50 70 161 205 2 228
    164 204 82 212 130 150 214 105 216 239 120 230 255 252 67 114 60 184
    189 235 95 142 58 121 20 118 83 87 4 23 103 148 222 235 151 136 192
    173 176 193 42 232 252 228 61 111 243 120 61 163 151 51 217 189 89
    97 228 1 91 164 145 73 204 82 122 206 125 110 87 166 19 72 33 96 166
    12 39 102 176 187 124 97 66 132 211 30 208 169 47 219 58 156 156 102
    76 250 90 9 142 74 142 40 8 71 104 142 62 193 214 69 253 205 120 239
    244 56 93 31 117 232 238 146 210 102 111 204 8 13 71 93 109 36 7 218
    116 128 164 48 237 199 18 84 0 222 138 134 211 174 205 232 135 68 9
    147 81 200 214 218 183 136 95 238 185 93 217 2 103 198 106 91 106
    220 1 123 252 172 11 205 106 120 166 175 235 198 253 85 193 104 0
    198 246 221 104 247 202 57 122 231 112 57 192 39 254 70 192 102 64
    15 5 14 88 14 124 165 225 246 164 69 60 207 194 221 12 90 13 99 246
    201 87 168 115 123 31 234 223 5 132 190 160 239 86 220 34 78 47 235
    26 250 24 123 86 226 39 24 107 198 158 216 154 191 176 112 28 125
    245 233 205 215 35 106 34 116 45 152 69 176 250 112 66 72 130 40 190
    44 213 28 40 119 171 202 133 198 148 104 59 122 216 21 178 156 168
    51 23 20 44 78 45 208 62 133 79 151 214 157 195 77 140 108 18 106
    153 35 143 230 179 171 222 189 230 174 185 15 147 128 156 254 244
    164 66 147 26 117 87 117 48 167 230 247 60 223 67 248 249 191 35 242
    188 3 169 175 203 111 30 47 26 25 184 113 9 48 253 45 248 219 244
    173 82 41 66 11 219 154 110 74 57 159 4 253 65 215 245 90 207 171 50
    134 78 113 145 254 223 231 211 36 193 57 175 113 144 75 99 134 173
    137 199 44 99 191 237 229 171 38 22 25 140 227 221 150 22 179 113
    107 68 208 104 31 178 46 143 75 168 249 233 94 68 35 77 170 207 214
    108 101 30 86 104 23 75 132 29 231 22 11 120 190 177 194 129 199 226
    129 158 19 142 147 128 184 248 22 14 225 166 11 97 215 69 6 99 121
    48 69 33 61 72 64 148 61 173 184 165 137 86 251 45 189 76 179 162
    219 244 199 216 246 60 43 211 227 229 4 27 67 240 186 58 251 186 231
    184 72 2 21 59 131 52 186 113 91 177 28 129 63 170 98 95 73 199 101
    76 246 54 129 119 69 203 236 195 248 99 185 139 173 183 236 190 72
    69 88 83 222 36 26 234 193 112 187 180 65 85 111 38 210 204 146 48
    16 149 228 167 246 63 157 82 56 164 57 186 207 220 166 138 103 160
    111 133 163 19 49 41 218 250 4 213 141 216 203 82 40 142 249 193 139
    255 218 33 154 133 175 74 145 79 64 253 45 182 99 24 164 134 0 230
    221 80 25 74 45 21 175 140 254 25 245 73 243 175 142 170 154 153 34
    212 144 3 11 77 3 223 244 114 22 158 65 68 163 93 150 177 17 41 99
    75 21 209 37 138 44 4 155 26 5 5 118 41 174 227 148 112 190 199 227
    185 46 100 18 254 68 100 10 245 134 240 74 26 186 244 137 240 227
    152 76 66 244 245 59 167 36 150 203 223 32 72 11 238 97 212 57 66
    136 173 24 22 233 202 194 28 213 104 216 48 244 74 77 217 61 7 107
    98 21 142 182 238 63 185 174 154 97 142 115 34 23 163 113 160 152
    189 147 194 247 255 20 64 244 209 70 162 117 197 37 3 44 191 253 71
    133 218 184 159 176 156 68 158 217 206 120 97 98 167 150 63 167 154
    64 62 90 80 23 127 81 241 127 45 233 205 126 151 247 91 11 133 240
    118 179 19 188 103 21 114 90 125 82 118 105 175 121 253 156 170 42
    75 8 163 213 129 44 104 64 216 117 49 136 27 0 30 241 19 21 237 183
    130 239 230 95 255 215 253 160 235 131 50 1 46 206 239 79 125 19 149
    42 143 52 163 129 160 80 47 206 123 58 29 175 82 189 247 120 204 199
    225 56 36 165 151 201 135 46 206 63 144 216 193 56 32 175 161 55 181
    14 244 2 9 250 181 171 205 104 225 87 113 45 75 163 105 153 137 111
    204 219 227 168 153 100 67 218 81 167 246 51 165 48 237 226 86 133
    18 154 165 110 129 42 200 56 219 94 76 121 245 93 159 252 46 111 122
    108 197 17 18 119 128 88 64 68 186 241 179 199 61 155 119 82 25 108
    95 135 180 45 167 82 155 90 198 3 115 230 20 159 138 144 229 109 83
    166 22 238 70 50 51 208 139 237 139 4 72 46 110 49 33 85 84 178 92
    16 69 175 206 17 152 97 179 169 123 58 108 85 37 165 172 97 200 193
    140 99 18 89 95 33 149 114 34 233 24 218 55 0 249 142 236 176 14 10
    5 204 182 199 24 160 5 149 212 17 180 102 105 7 156 249 107 196 100
    5 83 2 71 30 105 36 84 164 138 80 145 192 241 182 34 217 178 204 37
    32 186 57 0 130 78 195 71 174 81 51 151 173 115 0 176 2 147 242 174
    87 136 125 108 49 72 176 71 220 61 17 158 165 4 65 118 196 212 56 89
    232 95 104 37 175 156 199 131 231 43 187 146 234 12 237 50 128 166
    32 21 141 65 140 158 3 243 3 61 121 200 157 56 185 142 162 3 43 253
    248 143 90 229 188 226 190 158 213 20 208 207 92 105 138 168 97 186
    79 243 31 156 127 207 132 145 238 211 20 187 74 2 116 161 179 52 11
    33 57 164 110 156 210 126 230 167 10 21 108 239 237 141 162 166 221
    46 187 204 152 7 105 164 155 26 250 238 221 111 162 97 105 75 187 40
    56 22 255 170 23 13 214 50 90 220 230 233 138 92 173 5 41 139 86 156
    28 164 202 143 175 201 223 21 81 119 61 27 21 50 176 191 18 94 213
    101 189 201 6 206 107 226 138 204 253 207 26 219 137 39 23 251 52
    192 96 10 44 56 100 114 190 129 135 182 193 244 38 245 48 170 171
    136 105 166 15 9 24 63 86 152 129 38 118 29 82 169 249 220 250 19
    251 101 185 8 87 5 211 93 49 158 45 230 80 201 255 98 166 252 188
    178 193 94 240 109 243 172 218 54 249 206 213 23 79 205 220 249 109
    153 147 75 39 234 55 84 184 237 158 154 93 118 22 146 218 213 121 51
    58 151 197 126 85 28 100 246 125 200 183 34 74 41 103 203 198 221
    223 209 207 136 122 238 55 59 39 178 25 86 57 227 235 37 114 33 155
    42 76 76 210 119 7 52 189 145 75 34 109 230 70 184 78 218 245 11 3 1
    235 134 187 84 232 89 80 177 177 224 42 50 98 248 17 250 117 143 133
    248 91 45 252 243 139 226 199 79 210 79 56 191 185 184 28 161 99 168
    131 205 55 148 219 229 46 125 184 109 88 79 213 222 142 5 18 99 29
    243 225 156 71 179 12 206 150 49 110 116 96 68 52 117 243 95 3 15
    240 95 177 90 247 139 166 77 83 70 93 130 220 105 144 43 28 218 34
    56 10 9 216 162 250 225 212 7 176 28 36 12 54 90 105 7 124 101 16
    151 7 208 150 94 16 31 141 144 220 235 47 185 86 203 101 123 73 122
    90 61 160 44 115 170 183 117 160 105 170 37 29 19 8 208 247 95 94 48
    162 153 80 18 60 13 85 208 24 86 247 122 73 159 226 173 178 129 168
    208 77 127 41 84 216 167 35 12 137 32 18 35 108 204 198 38 196 254
    103 117 157 239 107 133 243 227 93 117 204 121 0 231 78 170 34 64
    134 121 106 66 144 7 83 187 63 147 2 10 177 238 50 93 17 191 143 149
    124 116 16 70 45 202 60 117 194 150 147 179 192 212 126 146 87 0 158
    206 99 204 197 23 4 126 125 104 8 249 171 150 178 67 81 210 208 98
    68 79 18 25 5 40 237 208 48 113 72 169 213 117 3 198 74 17 71 14 128
    172 176 187 195 158 244 40 209 60 242 226 2 81 33 34 104 204 49 243
    241 237 174 240 197 243 252 254 93 195 6 135 175 199 247 6 0 118 231
    70 30 95 110 88 224 25 60 224 68 116 59 180 67 149 118 94 156 246
    157 222 107 58 136 244 20 207 30 28 129 87 85 70 28 29 48 92 19 14
    59 195 114 85 210 174 38 249 161 95 168 121 142 41 201 79 177 197
    216 40 139 205 216 216 23 229 197 180 67 144 67 18 48 4 55 239 82
    179 74 56 88 62 106 143 81 197 128 126 48 119 87 79 168 73 254 59 63
    57 179 219 154 203 209 60 147 135 224 161 36 113 90 39 160 239 30
    216 86 152 105 134 184 176 198 180 192 162 185 37 136 217 189 255 65
    68 151 213 238 10 76 147 71 228 227 56 16 131 125 222 220 41 177 50
    134 100 0 195 255 236 5 131 225 136 187 128 135 138 175 179 212 42
    124 67 50 52 212 63 28 95 56 24 147 235 196 132 31 168 116 207 63 50
    243 31 76 180 155 122 219 240 125 30 248 75 218 201 206 109 129 93
    116 104 244 13 239 121 41 127 18 106 31 153 58 197 252 38 254 122
    231 147 70 142 235 197 17 127 223 53 8 189 250 5 65 84 27 172 174
    207 113 4 186 125 121 130 47 50 115 57 2 35 255 42 69 246 180 29 8
    29 251 192 233 227 207 167 174 14 188 124 171 206 146 104 112 68 178
    216 43 25 102 36 175 246 111 34 29 91 59 185 220 200 17 35 33 74 34
    129 209 145 34 166 95 182 101 179 192 124 251 225 155 19 72 118 57
    74 174 84 184 13 61 164 190 128 22 249 70 81 176 204 91 184 22 240
    222 225 16 119 190 33 117 188 115 161 215 121 234 233 232 255 191
    176 75 200 99 196 120 151 53 224 65 157 164 192 52 182 168 179 105
    101 168 52 163 125 218 136 108 29 76 221 164 118 163 118 65 150 56
    194 153 188 91 221 153 113 130 125 229 72 85 92 167 217 149 216 217
    144 168 26 255 94 7 234 20 57 161 128 41 13 60 174 86 103 66 121 75
    156 173 209 74 118 68 232 36 87 245 35 181 40 96 123 199 41 233 128
    154 74 224 187 189 67 132 28 137 137 15 189 142 139 41 17 192 58 223
    91 143 10 85 112 250 182 175 192 97 6 20 31 214 177 248 57 126 204
    73 162 212 253 47 124 84 147 148 221 8 123 224 54 83 178 47 210 231
    29 119 39 212 191 226 138 213 164 123 216 175 220 171 180 178 173 12
    46 239 216 171 145 138 149 19 61 49 193 208 255 58 151 38 247 194
    232 84 243 49 178 188 126 111 106 77 42 110 67 102 203 210 164 41
    207 97 20 73 247 218 241 126 176 233 198 238 160 235 141 189 246 229
    149 45 34 137 35 95 161 1 254 80 176 78 110 31 76 66 151 14 129 159
    186 31 34 67 222 175 12 107 199 102 61 175 174 196 236 17 69 216 15
    228 110 240 157 43 240 191 95 96 9 29 83 177 35 60 37 76 141 78 71
    192 99 133 179 76 230 46 106 225 14 174 67 131 81 228 252 140 56 79
    101 117 38 166 23 11 148 101 94 185 217 219 37 41 211 217 167 69 117
    248 158 204 215 205 161 56 96 218 65 127 227 108 144 100 219 87 4
    247 124 239 142 124 150 173 63 35 58 25 81 129 188 212 96 241 196
    152 183 215 244 85 141 207 41 253 253 27 243 13 46 31 20 128 35 249
    176 18 19 121 18 223 224 37 88 33 227 59 136 142 39 198 173 5 53 23
    59 130 254 38 213 3 84 61 51 187 254 81 27 156 93 107 208 156 46 71
    237 212 195 77 46 192 87 8 89 67 122 105 121 31 208 57 221 148 92 27
    181 54 162 209 166 152 145 212 128 53 219 199 242 68 226 140 140 31
    220 42 115 116 222 184 206 224 149 121 31 185 193 75 234 132 176 236
    117 28 88 49 87 247 194 62 190 225 134 47 75 181 47 223 50 133 132
    158 170 4 107 128 157 141 137 214 171 183 77 1 184 173 47 198 191
    141 150 47 40 169 226 190 87 181 66 171 229 145 63 30 75 73 85 41
    157 240 118 103 29 248 105 128 134 191 142 138 90 193 36 12 202 243
    183 251 241 64 243 178 60 68 5 119 90 212 227 71 246 171 149 207 52
    92 153 228 194 26 190 22 21 61 49 203 83 77 196 112 36 33 9 134 64
    78 98 57 181 214 211 5 69 211 126 140 20 153 73 100 3 93 60 245 82
    236 80 25 10 36 138 206 9 240 87 36 42 210 194 255 224 163 118 224
    60 22 38 242 34 149 132 162 236 211 8 45 50 57 249 144 217 69 212
    185 77 250 73 78 206 52 214 143 5 199 102 79 182 213 176 54 236 244
    86 186 237 174 57 3 4 221 235 199 15 220 203 76 21 100 159 71 226
    136 145 179 183 227 176 48 10 29 35 79 92 107 71 176 251 97 176 89
    149 186 125 166 216 252 180 185 138 110 116 89 184 255 86 29 137 22
    81 79 215 103 12 213 222 100 119 65 190 143 230 107 217 246 213 15
    54 162 218 188 6 107 234 55 62 16 40 180 108 140 83 205 130 171 216
    49 28 192 227 168 217 146 106 67 248 26 33 216 65 229 32 99 109 173
    133 204 203 86 61 85 245 8 63 215 185 159 224 167 176 36 204 195 213
    170 68 194 217 73 8 69 7 109 171 7 144 22 134 119 102 137 214 154 20
    78 133 23 150 244 120 165 103 134 8 213 191 58 30 26 46 42 124 1 65
    48 207 29 136 172 48 35 148 109 255 132 131 97 230 114 149 216 234
    252 110 182 4 199 192 203 15 3 99 13 167 31 83 222 8 13 145 115 113
    45 68 104 114 155 28 135 151 5 101 109 204 199 73 130 145 165 110
    212 199 70 96 203 148 130 26 46 185 245 43 85 22 61 250 48 172 145
    103 90 109 192 51 62 215 98 237 187 156 138 185 251 247 61 122 136
    249 2 160 22 164 159 5 59 107 69 65 186 12 39 246 122 214 131 72 239
    85 208 183 156 116 129 179 185 56 202 151 127 157 110 253 102 212 80
    175 206 204 190 91 231 231 90 255 224 241 11 84 145 93 192 100 112
    28 226 35 86 185 23 185 111 109 143 118 83 3 186 66 108 135 242 54 8
    199 32 36 114 108 128 6 79 5 11 46 67 199 58 236 72 197 125 19 180
    251 255 151 164 27 137 82 11 31 205 127 225 185 194 236 200 160 202
    191 102 227 230 16 207 28 11 115 189 8 232 121 136 174 131 44 11 97
    82 211 34 162 158 209 93 156 47 44 214 166 124 129 166 86 230 204
    224 101 236 180 165 122 115 85 79 104 253 180 96 167 138 151 46 247
    70 106 177 73 162 143 243 99 116 96 99 168 72 83 167 127 218 15 192
    147 194 160 17 158 92 242 223 12 210 66 101 121 21 245 245 212 111
    217 69 141 173 107 164 96 62 193 161 252 149 188 5 104 145 61 205
    253 2 203 97 76 107 95 239 168 118 193 166 152 79 233 47 3 153 1 145
    45 5 111 6 123 14 7 154 161 70 98 125 164 254 34 214 133 158 201 233
    85 140 143 196 243 142 128 244 207 73 182 152 204 3 180 20 106 113
    202 143 33 240 237 148 155 220 182 112 218 239 4 33 214 186 229 214
    180 3 233 166 179 131 56 187 127 109 11 158 226 126 152 71 220 142
    230 135 189 29 210 5 24 65 1 105 181 208 197 224 15 93 206 97 105
    185 180 232 224 250 113 178 222 30 65 171 203 168 39 53 29 150 217
    65 250 168 59 244 53 95 14 162 239 123 66 150 205 80 125 57 144 11
    77 193 251 197 170 232 191 76 115 189 75 232 206 201 242 174 21 112
    123 212 192 4 252 159 169 160 250 174 30 99 166 158 47 152 228 168
    46 151 49 149 210 246 127 105 149 213 205 89 60 13 156 105 166 91 16
    50 145 25 88 12 216 80 143 128 169 23 253 162 236 242 74 69 123 75 0
    183 99 71 170 65 220 171 20 149 15 2 22 124 214 209 233 245 198 255
    69 115 177 246 214 66 133 112 35 91 240 159 113 13 92 245 186 171
    178 144 221 144 23 32 242 9 165 168 1 192 247 106 136 134 182 216
    171 87 90 80 196 8 170 32 232 141 47 94 9 18 129 221 246 146 144 20
    138 193 208 7 76 19 231 109 219 79 197 14 162 224 14 27 246 57 164
    21 90 130 155 8 116 89 158 210 104 34 172 226 43 29 221 111 17 166
    78 146 157 246 243 227 247 195 105 150 200 244 191 37 224 155 60 68
    186 4 97 155 149 185 143 50 99 84 185 40 149 85 68 32 239 149 236 62
    139 120 84 128 62 60 36 61 162 239 105 198 66 64 247 219 141 201 39
    182 180 99 128 135 140 38 130 139 19 147 215 103 22 184 65 141 144
    63 222 240 199 207 173 8 59 4 176 97 185 130 114 29 111 90 72 49 140
    174 171 205 242 64 115 49 93 93 157 179 11 130 23 33 23 65 23 185
    119 103 212 165 8 107 20 16 249 25 247 61 169 17 145 166 139 196 44
    232 173 53 124 9 0 219 83 22 61 59 42 59 208 170 56 102 203 171 212
    170 229 107 211 60 204 24 255 45 14 188 189 103 36 70 47 113 105 39
    110 59 121 247 35 196 1 227 131 234 130 169 98 189 44 186 207 23 123
    194 150 107 126 75 117 156 12 93 29 133 255 164 205 171 211 118 173
    96 40 255 64 40 196 106 206 157 104 230 158 74 87 66 238 105 148 165
    187 42 170 190 129 194 193 141 19 139 108 6 178 149 41 101 225 108
    140 85 45 153 15 203 227 154 224 147 167 57 114 109 14 9 65 250 217
    133 158 33 18 29 8 185 99 253 150 21 156 219 173 50 19 134 11 119
    225 142 30 179 144 59 66 101 219 247 192 103 187 155 121 54 11 7 155
    7 76 211 79 216 226 181 232 248 217 100 206 59 62 237 213 33 13 255
    90 185 18 156 50 235 226 26 129 78 120 182 33 112 224 10 138 222 49
    121 117 45 132 131 80 87 15 62 146 245 149 215 18 72 239 132 232 109
    180 183 50 187 141 64 230 236 95 136 47 124 143 199 178 184 112 228
    197 118 38 41 189 149 111 107 212 99 174 114 93 149 197 68 160 34
    147 97 45 170 51 126 66 191 133 192 249 74 207 185 103 117 15 210
    141 61 137 143 80 235 143 55 15 159 127 199 117 49 17 8 63 53 12 60
    186 24 101 59 21 151 131 234 161 170 84 204 194 120 83 146 195 90
    216 108 193 12 111 183 209 173 80 161 208 156 174 112 198 169 20 161
    54 66 117 77 251 94 173 150 197 140 98 193 170 241 225 184 20 137
    165 125 6 192 174 187 96 75 103 116 99 212 120 115 119 249 151 13 48
    102 213 105 52 37 217 91 124 127 75 126 219 8 213 249 126 114 28 245
    148 111 169 194 134 215 224 227 85 148 223 112 154 231 253 148 103
    36 214 158 131 29 69 82 136 151 96 182 189 214 158 212 129 53 157 92
    106 127 194 90 126 50 196 39 85 151 53 66 231 177 24 12 110 151 208
    213 101 95 130 228 177 204 45 121 209 82 24 39 157 110 235 61 121 71
    133 237 198 253 170 220 169 104 223 232 229 186 198 205 104 242 54
    156 162 40 7 137 30 37 88 166 79 234 14 77 23 72 241 153 94 61 176
    162 113 155 7 66 45 201 250 219 194 250 178 237 73 60 6 251 199 211
    5 172 211 108 133 210 99 22 9 169 146 138 133 84 6 136 166 31 10 238
    139 62 100 84 172 241 35 3 161 246 6 113 120 126 80 200 12 20 48 193
    74 0 213 116 226 9 251 108 186 14 138 38 200 174 138 30 247 116 153
    187 233 255 160 218 192 54 131 53 158 125 142 34 53 95 235 161 50
    207 144 64 192 137 26 144 214 230 42 9 22 42 89 157 150 251 15 85
    114 44 106 83 5 94 224 3 167 29 62 55 82 14 192 69 150 31 202 42 251
    144 169 47 179 33 244 110 156 155 214 159 190 97 139 19 210 197 255
    98 193 205 31 249 107 247 78 2 182 137 173 29 32 213 15 123 216 41
    177 125 104 249 151 111 211 181 221 187 109 142 29 167 164 3 60 80
    79 147 42 191 108 79 224 4 92 114 110 212 159 141 232 75 92 157 250
    149 99 206 228 233 1 68 141 226 197 156 223 17 253 64 136 116 179
    109 12 102 144 91 246 162 111 146 109 14 182 167 64 31 132 167 41
    221 160 246 50 247 87 159 52 229 126 114 204 187 232 237 136 129 242
    145 142 5 189 2 45 50 1 176 183 39 46 74 36 15 223 119 240 151 92
    211 79 132 173 104 213 192 88 21 178 234 246 89 220 68 233 70 134 62
    31 100 200 204 35 118 206 102 230 251 241 156 3 64 41 231 105 241 75
    60 178 59 83 186 214 170 156 210 193 50 136 223 18 138 173 168 222
    164 93 246 100 44 158 28 251 31 220 4 207 161 124 115 30 210 24 20
    70 36 153 151 43 130 185 245 39 155 44 154 87 178 159 42 84 255 30
    45 215 183 244 30 213 134 81 138 157 95 195 146 83 173 95 111 186
    121 130 247 206 242 241 176 213 212 14 187 137 226 227 110 141 131
    157 162 242 226 65 167 145 78 149 234 112 98 23 87 252 225 5 15 168
    127 23 238 190 95 50 156 251 238 161 27 98 224 250 66 226 96 124 229
    217 205 228 24 185 69 123 51 149 21 114 39 158 161 100 130 106 179
    144 254 234 197 144 60 11 111 162 181 56 214 185 31 1 91 4 195 146
    211 95 201 97 59 154 42 61 134 34 167 88 203 149 43 163 205 55 142
    21 249 20 208 200 31 57 107 198 108 133 163 16 181 250 248 24 1 82
    91 93 216 248 189 52 120 213 86 94 233 214 158 63 196 250 34 224 141
    56 69 28 194 30 159 59 86 72 68 122 97 254 158 133 248 222 4 189 240
    185 5 229 179 152 124 34 34 113 14 98 67 207 31 83 180 70 248 212
    205 196 241 107 254 54 133 139 213 80 167 248 90 32 130 46 50 185
    221 58 80 37 175 59 223 195 10 248 12 87 236 79 212 226 96 129 177
    150 45 5 141 58 19 224 182 66 29 54 64 25 5 2 68 123 48 120 39 141
    65 169 93 82 75 239 252 151 207 122 191 155 242 130 76 118 205 194
    54 118 117 76 163 198 126 141 95 132 6 162 20 194 8 254 77 191 111
    15 117 162 162 115 94 171 240 202 207 58 240 171 214 190 220 99 248
    129 209 49 133 142 80 148 239 75 77 13 155 39 6 49 201 169 153 63
    179 118 170 152 228 119 73 190 232 202 98 205 231 238 241 161 92 57
    218 60 57 74 99 159 10 106 158 86 100 169 55 8 33 51 73 188 67 183
    184 62 1 154 40 154 76 224 53 212 202 167 9 136 137 104 194 212 231
    25 167 115 114 91 181 25 106 44 167 132 78 200 184 139 136 200 130
    70 227 7 158 245 152 63 118 210 125 44 204 199 3 190 7 154 194 216
    68 111 38 33 159 213 117 60 73 70 125 168 47 25 171 69 240 60 96 65
    213 49 242 135 84 188 139 211 192 32 202 137 44 71 243 104 127 185
    120 215 97 5 122 46 143 6 170 28 207 69 112 49 95 150 30 43 24 158
    170 188 209 195 133 171 75 121 86 205 231 203 17 158 63 233 131 203
    134 218 35 60 77 159 62 120 111 58 75 3 151 165 116 150 75 142 242 7
    66 209 219 90 49 164 117 5 225 206 65 237 233 104 61 158 127 179 97
    93 237 203 238 59 81 99 17 210 171 96 35 17 113 195 141 151 102 217
    139 95 214 203 153 179 88 219 38 84 60 15 41 57 244 70 221 77 130 15
    143 170 100 133 21 9 31 180 109 6 63 31 97 17 112 115 157 251 68 54
    53 177 147 63 203 174 247 193 138 38 225 69 183 215 192 180 237 156
    192 68 158 90 208 17 50 66 188 228 231 44 136 136 248 24 87 177 133
    155 124 133 109 203 181 48 58 221 9 94 235 62 114 77 77 45 209 179 9
    102 189 243 71 161 113 70 135 150 163 22 187 155 34 61 37 123 140 86
    122 200 127 22 30 136 120 37 137 71 140 184 95 209 49 236 237 129 64
    191 185 120 33 225 245 26 251 99 219 247 214 215 37 99 24 24 246 223
    179 110 251 120 138 103 220 116 80 241 237 108 225 208 159 153 66
    166 5 151 177 224 186 132 203 23 51 202 240 85 221 171 57 187 4 185
    112 84 70 0 126 1 97 48 35 252 163 213 102 86 112 230 63 148 18 84
    245 9 5 219 72 243 221 157 110 117 219 114 172 58 36 106 236 216 207
    167 9 30 3 88 145 142 174 99 148 116 251 72 106 146 253 136 49 97 98
    104 39 80 84 7 70 93 28 203 247 52 131 178 144 91 90 204 73 146 123
    162 217 19 135 160 118 162 234 57 47 149 178 230 94 165 101 137 100
    239 195 78 71 131 19 40 96 230 97 127 59 243 102 174 218 178 32 31
    244 52 54 185 226 207 211 184 30 228 226 237 48 120 177 239 187 245
    231 248 36 48 139 246 214 36 72 31 162 20 206 110 223 22 59 40 72 53
    123 128 19 33 38 174 98 207 139 148 160 14 167 128 7 171 154 202 83
    20 169 21 95 228 91 104 100 209 73 237 32 182 170 157 16 193 19 229
    17 37 67 50 46 225 71 99 173 19 243 215 255 226 243 63 99 110 121
    134 136 178 207 134 40 128 6 200 200 15 99 32 243 200 40 247 176 206
    130 104 51 216 6 248 216 195 197 87 133 57 34 75 140 255 108 128 174
    225 100 247 221 126 146 67 204 103 18 139 16 152 150 249 130 100 124
    111 2 227 191 19 49 192 226 51 177 60 100 142 249 84 66 237 70 249
    206 150 42 208 200 252 103 56 236 4 230 41 132 41 170 163 189 223
    208 114 203 50 231 8 128 67 248 88 140 80 239 32 96 210 57 158 106
    85 45 112 98 133 82 56 33 205 179 76 154 169 22 49 168 90 192 229
    110 158 132 155 87 245 79 200 174 53 56 254 164 113 5 51 152 66 10
    231 27 74 9 211 121 123 181 26 115 222 66 161 26 150 214 104 91 160
    52 209 85 75 32 138 141 152 46 143 223 248 116 69 91 141 137 196 78
    58 201 19 223 91 48 63 95 170 123 226 14 227 94 222 165 41 149 173
    201 106 44 102 15 98 210 210 126 245 232 164 64 83 123 206 115 131
    173 222 95 52 36 86 231 2 251 32 255 216 78 46 78 108 187 219 148 62
    78 116 213 166 193 104 50 124 72 210 193 185 191 164 11 46 188 14 77
    148 159 245 159 132 210 115 44 20 211 136 208 107 48 0 140 2 116 72
    231 49 39 242 17 155 239 243 85 143 84 188 225 252 50 153 80 112 200
    157 235 166 130 101 90 164 125 210 164 237 12 212 249 137 225 111 41
    182 18 145 13 42 194 223 180 183 185 81 30 73 147 113 117 155 169
    194 150 31 172 57 130 191 158 163 89 199 45 17 94 129 114 69 180 1
    75 245 102 204 58 165 253 211 78 60 74 254 139 186 252 216 127 235
    206 188 209 222 210 51 69 187 237 150 126 28 241 244 59 131 205 116
    1 43 210 106 239 19 90 113 11 65 161 26 195 31 20 126 157 117 225
    135 161 5 48 3 72 138 112 144 81 142 174 244 178 171 218 25 113 58 4
    49 144 56 165 127 62 33 76 124 66 240 221 5 155 111 91 151 177 193
    144 234 22 18 228 217 222 134 199 92 158 3 224 220 210 129 0 144 73
    252 22 11 116 59 17 172 225 49 247 110 49 66 44 211 255 122 253 138
    172 148 255 141 6 76 150 31 24 11 114 106 203 34 72 92 236 178 115
    31 97 252 70 250 194 61 190 108 93 44 193 230 89 235 9 36 68 226 17
    65 9 171 225 38 31 153 69 216 122 54 68 57 230 71 122 7 180 3 183 77
    171 16 33 32 95 81 46 24 109 231 207 8 215 12 228 97 42 60 84 125 18
    52 227 238 214 144 53 88 136 86 108 5 239 180 179 124 236 201 16 114
    247 30 191 188 133 60 214 157 63 174 136 119 224 202 72 9 111 142 86
    228 96 78 200 2 95 147 46 185 2 59 227 141 242 12 195 147 110 90 197
    92 1 157 9 82 26 173 76 225 55 113 227 140 223 193 173 116 222 7 67
    7 99 96 112 165 203 200 17 147 246 44 187 81 103 136 218 130 67 185
    227 71 41 64 235 221 237 196 205 108 41 49 183 184 27 14 196 73 57
    50 225 6 174 50 199 54 136 33 223 59 159 112 69 214 196 222 115 50
    190 210 176 73 67 115 22 96 204 244 101 252 83 254 7 133 32 76 216
    60 16 8 196 66 36 27 183 33 74 107 64 239 73 138 233 121 51 71 146
    187 152 238 4 73 122 64 194 111 94 142 90 209 44 196 25 184 234 61
    182 217 191 116 44 154 132 224 1 205 215 14 227 113 172 77 81 247 8
    182 250 69 63 52 252 43 148 155 107 103 122 134 113 123 249 72 192
    101 178 175 182 250 84 43 142 128 112 59 26 253 18 49 60 165 168 245
    49 52 215 201 134 48 222 89 216 43 38 244 228 189 191 173 58 5 202
    119 161 103 172 239 105 173 151 245 164 189 61 141 189 147 67 222
    239 164 63 205 19 94 158 151 151 127 70 128 170 86 72 135 56 47 145
    194 72 19 230 32 143 107 214 125 157 136 16 246 199 237 35 50 98 48
    241 20 107 2 223 31 130 79 73 209 161 79 130 38 82 54 116 65 80 155
    17 115 171 202 232 69 253 151 34 185 141 154 46 95 226 234 208 17
    216 73 233 150 73 55 26 154 46 193 181 13 109 227 143 130 111 129
    176 91 147 179 223 183 10 142 69 163 138 167 105 157 70 184 52 139
    240 152 49 149 184 83 34 172 69 106 172 106 215 181 187 125 12 176 1
    240 118 126 6 116 108 162 239 98 55 33 67 146 190 53 241 128 180 210
    203 40 87 112 199 33 118 150 52 135 150 20 9 22 222 59 87 67 96 113
    143 62 68 188 95 18 254 25 242 46 249 136 213 252 165 205 28 143 128
    78 111 35 173 231 251 73 232 141 94 12 29 157 104 0 169 3 250 70 181
    241 42 20 154 54 133 125 138 72 198 30 161 84 122 229 67 70 248 46
    124 251 226 233 46 236 46 27 196 208 74 199 133 35 64 18 243 164 58
    219 191 17 148 79 128 166 61 153 107 38 119 26 239 139 113 205 29
    223 7 1 30 204 242 220 166 116 205 210 115 171 62 11 157 102 120 18
    0 56 237 171 46 102 213 77 240 39 228 236 253 95 229 27 94 69 15 104
    231 44 155 53 61 165 46 84 207 164 183 73 53 133 123 78 113 219 221
    60 56 93 113 241 234 74 72 177 192 5 131 235 115 103 129 244 107 193
    189 89 214 213 164 17 39 40 210 181 17 180 113 26 159 55 147 121 221
    91 8 128 199 197 33 101 91 123 238 242 150 196 123 156 8 222 88 150
    193 105 12 57 171 21 172 151 65 32 129 173 142 168 151 49 178 140 77
    73 192 135 85 26 62 212 43 202 42 165 149 61 64 54 26 96 40 22 121
    121 191 133 85 35 184 119 220 219 120 110 116 177 250 188 0 58 23
    203 182 234 151 231 149 86 110 163 46 132 10 149 14 79 84 153 216
    151 214 44 23 26 242 239 39 231 175 222 52 15 138 76 103 63 3 87 87
    1 55 84 72 99 116 128 58 220 82 135 200 150 61 51 231 2 41 48 19 204
    66 110 71 249 231 242 144 52 219 189 44 156 224 138 9 123 26 16 166
    67 128 100 108 122 163 12 51 176 195 216 181 26 151 245 199 72 249
    195 216 253 1 174 27 119 112 7 199 27 214 232 182 213 74 138 201 204
    36 33 206 119 51 42 80 51 45 185 45 64 56 0 59 140 168 217 103 215
    139 89 142 107 45 49 71 194 37 219 43 57 196 240 245 179 221 215 99
    123 5 182 70 84 159 81 9 190 140 11 200 118 90 172 3 48 227 189 32
    89 80 166 34 246 157 56 201 199 255 111 18 148 158 99 133 67 126 132
    52 92 96 215 197 213 178 62 14 54 253 223 231 75 10 198 91 14 207 6
    61 195 19 199 225 124 227 149 206 83 153 72 255 109 113 226 247 107
    31 22 186 176 89 185 38 192 18 176 119 251 32 238 134 154 143 227 21
    197 66 42 229 71 169 45 167 131 192 241 126 5 207 62 93 76 166 215
    51 13 210 219 82 188 250 73 186 251 246 119 7 251 129 157 83 123 53
    110 89 213 241 86 191 217 185 14 75 44 200 100 78 108 175 169 7 227
    204 156 186 240 114 138 72 164 104 225 221 227 151 249 188 140 5 131
    7 37 241 247 170 248 131 84 199 116 150 40 216 74 247 155 75 66 30
    140 161 198 132 188 42 7 127 23 172 211 224 52 3 169 192 208 245 167
    230 91 121 162 175 65 193 87 150 9 146 121 0 84 108 58 66 219 154 78
    55 127 188 18 19 184 81 131 158 200 56 130 104 158 6 250 195 168 99
    141 110 82 153 114 3 80 11 39 10 49 64 238 202 104 203 8 94 99 55 98
    166 118 64 206 95 206 126 94 79 81 37 84 198 247 249 157 61 60 232
    241 11 55 146 198 134 71 73 107 93 109 14 178 118 202 199 242 253
    154 205 142 28 142 168 62 22 235 232 68 64 126 47 43 56 98 64 98 227
    49 40 82 223 110 0 79 183 217 112 225 57 65 63 155 32 188 85 166 16
    113 133 137 82 216 43 238 198 123 231 115 58 218 151 56 251 230 253
    67 122 53 228 14 81 18 141 112 228 205 247 251 232 190 141 164 251
    159 203 237 74 96 41 47 251 132 168 32 132 5 131 129 22 154 103 21
    141 133 163 159 142 104 125 3 237 239 20 136 194 96 79 16 206 199 56
    153 160 103 255 188 15 222 1 60 242 177 233 245 63 52 176 111 126
    175 14 83 28 239 192 152 217 245 111 220 176 63 250 52 224 151 122
    218 135 26 5 133 24 26 139 78 91 46 108 9 116 52 182 16 181 10 22
    111 48 16 192 231 165 13 76 59 13 201 149 206 98 61 77 74 97 141 51
    153 2 66 156 246 254 57 175 210 186 237 235 66 20 34 58 87 8 49 68
    231 96 236 45 141 128 174 23 82 233 194 207 215 188 252 111 197 200
    71 167 40 152 133 248 112 95 30 51 205 254 166 171 183 79 20 199 125
    41 28 46 32 238 244 191 54 96 62 254 84 114 19 197 50 84 48 177 189
    66 220 131 100 99 191 132 199 148 99 8 132 11 32 188 9 11 83 123 44
    137 39 20 143 91 2 237 255 42 60 79 238 66 144 223 105 143 236 218
    238 80 85 228 35 147 126 56 26 120 224 34 144 90 101 32 181 80 61 97
    71 91 144 214 170 127 180 209 153 179 82 233 51 247 176 78 153 68 81
    162 114 196 169 42 180 173 14 183 159 107 106 28 235 60 107 121 159
    99 34 248 150 84 189 255 211 16 164 70 184 253 213 184 49 127 66 238
    223 252 20 126 120 135 136 52 154 63 132 234 44 79 154 87 155 74 227
    23 159 8 211 173 169 237 222 164 34 30 196 131 53 28 143 247 128 54
    81 204 81 144 207 188 254 57 251 102 219 81 215 57 103 195 210 55
    176 96 60 198 162 214 49 153 139 155 12 196 227 10 104 12 128 247 63
    12 244 7 190 43 199 171 108 147 42 151 16 1 212 236 102 231 55 146
    207 128 109 252 148 113 210 253 43 65 89 148 178 227 103 247 113 237
    197 223 70 224 70 31 10 251 184 123 51 20 25 244 146 88 81 20 225
    167 16 105 121 103 165 231 26 252 34 24 148 126 227 147 244 11 170
    94 90 212 184 85 145 69 73 161 7 18 147 140 24 84 215 49 251 216 39
    178 139 123 145 28 92 75 109 28 34 136 193 39 58 98 35 241 38 152 49
    157 163 159 246 124 200 60 234 10 128 147 13 49 192 225 167 129 181
    93 173 186 61 101 72 59 12 183 3 7 76 154 95 155 236 192 232 169 84
    227 113 86 48 234 203 97 146 113 43 35 151 167 97 238 55 188 227 187
    193 63 97 233 155 68 38 24 10 158 123 170 157 23 211 34 156 154 85
    139 100 124 75 218 167 245 198 187 14 91 141 86 34 53 69 186 207 151
    140 97 167 37 197 198 237 103 244 107 38 234 207 167 19 87 181 205
    169 183 41 162 42 35 185 41 145 46 107 46 111 147 86 89 200 2 186
    245 129 113 49 78 147 92 219 1 31 185 94 99 152 47 184 27 7 2 94 166
    110 20 15 61 194 153 227 111 180 193 77 101 72 94 190 126 202 239
    217 231 27 73 220 131 174 212 89 93 216 165 113 201 177 37 65 60 122
    229 5 14 160 44 109 183 110 205 126 107 91 190 86 12 92 21 163 111
    31 128 60 219 57 159 203 241 12 40 39 108 95 85 113 195 252 200 178
    233 12 125 63 152 149 150 105 200 124 180 169 163 61 234 72 82 79
    170 38 197 200 54 155 104 150 193 165 22 153 213 176 85 17 178 31
    154 65 14 97 228 119 143 193 131 178 49 202 115 139 233 175 225 32
    108 173 105 25 229 80 168 73 201 98 219 208 34 226 169 78 209 121
    129 227 52 190 178 183 145 219 242 87 251 74 55 141 77 10 54 215 226
    181 251 247 93 36 123 138 183 161 59 3 66 171 48 202 42 200 129 208
    190 69 225 11 240 141 184 152 249 135 174 207 186 52 198 221 73 125
    76 67 130 12 118 153 79 134 179 234 159 39 53 194 77 16 31 208 155
    254 202 123 2 131 90 240 147 49 188 9 235 250 197 172 73 103 10 193
    125 214 218 90 47 152 115 201 160 157 9 230 15 229 14 66 166 5 237
    28 156 51 90 62 22 31 236 64 45 139 31 12 25 168 21 195 65 203 194
    160 47 92 98 86 223 73 243 60 164 204 183 0 108 49 200 146 249 237
    52 241 167 222 181 58 103 71 53 29 49 88 249 81 127 61 58 233 120 93
    205 27 211 57 221 163 22 176 227 177 182 69 78 68 140 185 78 20 177
    32 133 200 228 4 24 232 233 250 98 49 139 164 77 141 247 75 195 225
    210 176 208 218 50 54 35 15 67 205 211 207 164 201 209 128 199 240
    16 114 148 125 170 135 85 203 65 241 106 145 173 195 165 37 13 39
    188 223 109 117 40 217 242 104 198 119 46 166 120 126 161 37 114 130
    229 236 69 242 244 176 49 36 246 255 90 120 68 59 45 85 147 145 33
    188 61 113 97 226 115 29 11 51 193 18 166 205 141 198 187 8 27 22 61
    49 254 95 12 45 107 88 220 106 165 249 208 248 170 122 239 55 44 150
    232 156 32 186 58 222 171 208 77 202 106 50 81 216 180 111 238 181
    138 49 147 255 170 85 74 121 187 246 179 56 131 255 20 37 93 5 219
    145 172 178 121 243 61 201 157 184 157 161 25 197 86 152 41 45 124
    215 212 101 33 217 244 156 208 165 102 155 114 249 133 170 119 191
    114 226 61 130 43 68 182 232 170 125 92 128 144 215 181 70 201 125
    96 30 201 79 114 113 52 216 61 27 88 98 213 253 164 135 112 253 99
    73 91 162 3 235 18 146 125 249 204 96 184 148 230 23 198 128 171 81
    204 228 102 27 133 49 230 25 196 212 113 42 76 133 19 3 133 97 44 66
    82 234 40 154 50 62 144 50 169 146 123 21 234 86 42 161 240 234 174
    211 87 233 8 215 239 159 68 90 197 140 222 196 113 131 37 149 183 44
    3 229 106 201 20 6 215 163 221 101 253 47 211 80 142 166 217 29 71 5
    60 49 60 231 205 83 70 146 249 29 214 0 207 207 19 252 35 205 227 46
    20 40 73 69 182 151 191 105 190 85 33 34 116 157 195 201 0 193 44
    200 186 255 9 99 177 214 43 157 109 11 86 197 213 251 3 252 232 108
    82 115 129 59 208 226 113 157 184 111 13 188 217 212 175 225 195 207
    240 31 102 190 151 67 224 19 162 28 177 35 176 241 33 242 1 235 182
    178 51 103 18 112 207 52 123 249 242 176 218 87 115 160 115 238 183
    89 15 65 74 84 143 189 192 227 126 130 195 238 25 239 246 248 224
    134 203 46 119 193 168 171 128 84 18 9 92 201 90 227 121 114 218 179
    23 130 12 193 34 33 221 90 30 92 5 227 215 234 83 4 201 184 38 142
    174 80 162 188 84 38 53 24 93 238 125 5 54 194 117 194 35 211 81 67
    184 2 8 224 232 50 237 5 87 240 74 22 98 73 7 77 185 225 101 232 232
    125 126 137 182 224 21 231 103 190 223 158 127 174 206 62 241 4 223
    244 158 42 214 187 147 114 47 163 103 78 124 9 212 67 196 34 127 103
    68 92 107 229 169 176 248 115 41 17 24 196 207 40 32 89 127 131 34
    60 228 120 225 108 13 56 251 76 59 154 69 245 53 69 136 230 127 91
    249 1 187 199 237 237 18 44 118 144 193 241 207 134 52 84 50 177 143
    57 14 254 24 46 214 202 124 196 117 78 174 86 203 218 122 48 94 95
    108 59 158 24 66 242 55 195 155 94 252 232 8 44 229 223 52 252 224
    214 180 104 59 176 218 219 122 208 191 20 93 157 85 80 212 17 53 37
    224 130 10 11 122 92 58 216 104 181 197 0 170 97 38 179 85 71 218
    144 175 50 193 165 178 250 173 189 185 212 72 115 73 92 146 244 115
    239 41 5 136 43 180 173 153 50 89 241 175 177 37 64 45 201 74 65 252
    168 255 208 101 171 170 253 107 44 121 185 91 66 58 167 41 24 48 64
    235 164 121 103 65 206 154 145 69 168 37 172 238 70 184 23 45 234 33
    220 255 240 245 6 84 99 6 142 247 87 21 221 99 79 92 91 222 205 14
    140 164 240 106 68 171 215 105 167 150 23 247 117 154 234 7 234 79
    76 83 38 44 32 55 16 81 232 164 102 44 209 240 123 17 91 169 117 131
    28 52 112 137 248 101 231 52 244 157 199 106 186 203 58 208 183 180
    102 153 137 88 219 64 11 235 70 114 69 252 67 162 14 137 2 253 112
    206 229 196 167 122 184 210 61 192 171 72 32 253 102 117 221 163 65
    251 156 180 42 16 50 47 141 171 175 141 191 105 171 117 178 65 253
    121 26 152 53 193 45 139 155 90 11 153 84 68 151 89 15 12 106 196
    170 254 95 133 104 14 137 111 254 204 218 40 194 159 124 36 209 87 2
    7 183 4 222 101 130 245 83 78 177 42 255 68 183 216 253 164 254 130
    170 124 42 28 210 187 187 100 83 174 245 76 93 183 30 180 190 47 160
    108 76 178 36 175 170 110 108 242 39 251 180 252 51 246 223 93 154
    60 144 58 245 32 0 134 110 67 213 245 24 122 107 189 217 132 181 48
    125 32 141 186 24 132 18 35 80 89 157 254 55 12 98 104 229 56 254 62
    75 156 130 3 251 251 21 1 183 78 122 185 21 105 78 51 238 162 186 59
    62 17 159 92 76 62 15 170 166 218 52 216 96 156 97 38 56 248 145 140
    140 106 177 107 60 132 230 49 227 231 86 43 1 131 82 118 213 108 40
    231 79 218 210 60 229 121 66 12 219 164 18 66 190 144 67 144 70 141
    113 178 100 195 48 2 191 125 29 148 152 142 232 44 80 152 67 151 222
    75 199 51 97 192 112 102 93 234 225 28 97 182 174 166 153 164 59 9
    35 31 69 200 18 209 78 40 91 173 144 179 21 76 44 239 212 181 114 56
    107 56 230 151 101 175 225 183 5 140 204 10 202 144 174 133 13 154
    254 22 115 65 90 94 72 94 111 48 238 82 6 69 199 40 219 75 95 196 60
    203 126 128 64 21 189 239 76 58 245 51 214 51 78 190 73 54 38 241
    239 58 254 254 159 116 98 57 133 119 88 3 155 176 13 209 231 94 56
    23 91 16 121 162 89 48 247 110 248 208 206 168 73 2 135 171 126 120
    209 212 184 177 30 175 204 183 148 128 112 42 232 13 198 224 186 193
    92 180 111 4 72 161 157 157 190 116 140 146 110 196 59 110 167 144
    122 224 43 109 184 246 209 53 175 84 194 173 86 182 152 131 113 169
    35 10 140 215 86 218 80 158 8 210 198 79 249 210 122 10 253 228 5 89
    139 93 53 62 39 41 203 20 88 202 197 133 88 229 203 214 226 184 8
    112 72 84 191 255 104 83 109 229 188 38 31 124 207 238 240 107 76 74
    17 41 94 108 200 155 202 128 177 122 118 225 131 104 134 198 91 88
    138 54 175 1 123 72 148 68 105 141 185 5 87 194 70 194 68 104 225 20
    127 5 65 65 133 220 42 40 196 49 246 128 95 53 12 133 102 65 141 146
    42 197 237 194 116 18 252 83 118 47 142 106 3 122 99 117 79 13 35
    100 46 129 202 183 14 150 74 57 161 245 156 68 45 76 76 3 226 107 12
    60 173 87 5 166 142 58 235 242 6 124 197 14 212 48 183 51 191 220
    136 79 218 193 221 149 208 39 103 206 120 237 240 209 126 184 237
    215 123 80 57 160 146 119 5 52 195 83 193 157 236 219 96 164 248 51
    227 56 43 120 103 191 242 130 66 239 96 84 102 116 137 24 68 202 78
    228 188 110 211 33 1 227 189 83 111 116 64 170 95 41 17 20 60 243 36
    71 105 76 187 32 90 0 178 128 75 94 250 66 221 253 127 201 129 130
    130 48 108 222 181 54 136 229 188 3 181 74 170 163 92 213 181 253 48
    104 246 122 120 154 193 49 213 151 17 139 219 44 18 34 198 235 206
    20 216 210 6 204 208 95 35 211 253 78 120 199 23 121 64 166 50 144
    111 67 114 151 164 84 176 198 113 235 214 58 172 233 236 146 117 106
    1 182 21 75 126 193 182 125 161 232 200 140 88 133 86 227 180 186 31
    240 115 2 49 213 17 195 3 51 148 117 128 186 106 26 97 119 207 165
    242 27 194 39 78 183 187 143 69 54 248 7 19 62 11 11 124 51 217 125
    4 151 158 191 43 5 158 84 35 233 145 17 0 173 134 182 142 117 51 218
    229 42 106 155 232 28 175 90 223 45 210 182 228 31 196 21 204 75 99
    28 141 60 128 222 90 29 167 226 207 69 202 187 85 202 160 32 97 57
    140 77 254 152 45 120 4 63 167 85 21 240 108 220 41 186 83 125 68 61
    26 164 23 213 251 251 49 69 9 147 206 1 136 199 62 31 74 244 213 91
    185 182 86 64 16 176 161 148 222 255 186 103 134 72 4 246 65 126 34
    139 252 111 128 79 109 24 112 252 27 55 190 29 247 176 45 101 90 17
    217 144 86 204 115 113 160 99 43 92 151 9 157 83 191 159 97 252 190
    239 172 69 215 231 246 157 42 252 198 64 28 101 206 210 104 149 222
    77 92 50 125 111 60 116 132 149 18 162 0 55 191 160 30 72 231 95 179
    117 47 155 224 158 107 38 125 59 65 206 36 111 146 41 226 134 145 66
    158 209 198 42 104 192 67 117 155 238 32 11 125 238 106 125 113 80
    245 19 73 124 30 99 223 172 146 10 246 16 148 21 68 129 34 161 223
    32 255 103 196 216 207 116 133 43 7 142 135 104 29 81 37 103 133 149
    83 233 220 246 214 119 71 119 67 146 47 9 114 100 147 27 104 94 144
    68 79 133 123 152 152 151 78 82 120 30 247 189 186 28 200 11 23 124
    233 210 136 132 49 101 148 46 46 68 130 20 94 190 241 177 182 15 21
    109 220 62 62 66 51 242 168 170 213 226 12 67 141 39 34 106 93 40 89
    239 105 232 229 65 190 81 204 77 165 181 64 123 3 26 210 173 177 97
    134 208 16 215 36 72 2 103 193 71 102 89 215 39 33 16 171 235 77 224
    172 114 231 155 249 4 58 74 23 78 166 94 182 135 85 202 77 58 101 12
    206 2 168 86 60 232 92 168 238 125 60 28 70 166 229 175 138 40 225
    132 8 250 0 152 103 226 141 25 74 66 216 240 5 252 18 35 207 233 251
    124 121 66 54 129 147 96 205 20 123 45 216 229 243 115 121 1 172 213
    68 214 129 226 19 52 222 120 229 62 36 187 214 51 77 27 156 59 51
    179 223 52 235 181 100 78 73 201 99 162 50 17 185 123 84 226 167 175
    89 62 187 83 1 252 169 232 233 90 137 32 19 240 122 92 52 216 222
    195 162 140 202 194 100 133 26 58 90 85 31 247 190 55 185 46 108 50
    48 43 225 187 68 137 52 188 151 79 15 9 158 255 10 219 140 41 243
    207 139 167 109 214 248 89 239 116 240 189 27 85 173 14 254 188 131
    108 180 40 249 207 132 176 255 71 93 207 104 203 105 151 253 223 120
    107 140 145 110 187 200 136 70 238 136 53 160 180 92 3 125 214 194
    162 250 91 148 152 119 82 184 197 74 190 85 40 162 145 225 255 96 99
    28 40 86 226 75 248 34 136 141 53 83 117 81 52 172 12 233 6 170 224
    16 86 241 254 19 228 129 209 35 45 44 234 85 1 245 9 132 179 21 178
    152 223 104 112 20 162 169 229 175 126 59 66 114 210 22 44 114 87
    142 6 255 134 47 109 61 103 44 236 24 179 140 79 63 197 174 188 92
    17 192 212 174 72 211 178 48 223 124 242 118 61 105 221 93 11 16 180
    187 46 157 247 236 68 215 203 247 137 65 188 65 236 93 180 39 120
    149 48 74 108 206 187 222 172 67 175 8 20 63 85 61 213 34 17 75 34
    128 8 181 84 87 11 29 138 244 111 18 5 25 17 254 198 238 115 155 120
    94 247 112 172 229 120 41 209 24 106 242 116 46 100 59 119 122 127
    201 72 143 55 208 198 211 177 100 196 56 123 107 136 55 165 19 54
    191 159 123 42 69 134 12 4 79 53 151 12 207 196 227 161 207 86 40
    107 109 45 19 75 189 137 13 135 39 163 27 201 137 2 188 252 2 166 14
    175 148 248 87 64 239 122 190 190 176 97 49 36 163 162 252 197 40 48
    249 127 226 28 49 183 80 157 205 173 16 5 51 54 221 155 109 64 16
    102 128 143 132 79 230 30 37 18 99 66 28 200 244 84 188 14 55 154 78
    114 127 99 136 38 236 114 231 50 20 108 237 139 195 198 90 114 225
    210 22 236 235 128 180 88 108 123 173 139 217 105 26 225 197 178 208
    205 210 125 13 112 95 67 114 198 69 47 142 249 218 91 64 246 216 108
    174 62 135 26 219 222 228 188 210 251 189 252 126 137 168 119 104
    185 217 180 7 92 213 23 111 0 5 142 55 137 202 53 190 163 58 3 1 102
    136 93 88 250 38 124 1 27 177 34 47 241 255 237 0 194 121 74 181 115
    146 163 201 232 58 32 68 51 104 170 34 89 226 144 143 196 236 181
    176 32 243 30 241 192 221 118 227 237 152 119 86 85 25 182 183 90 33
    173 128 241 0 245 17 29 209 5 163 73 45 165 61 238 255 3 196 170 80
    122 251 99 77 227 103 103 17 8 221 31 111 34 54 145 223 72 165 187
    145 123 84 195 135 123 187 227 86 61 187 81 69 170 8 223 208 245 107
    30 126 168 190 198 100 109 29 35 241 218 201 76 55 244 233 138 146
    226 196 142 211 221 220 193 143 88 200 133 213 185 65 195 44 215 148
    160 117 112 50 38 198 150 248 159 222 199 200 113 204 22 229 241 5
    118 78 181 61 94 129 58 43 44 83 73 114 42 165 198 19 121 6 203 91
    68 97 99 252 102 129 62 115 79 68 84 73 105 78 231 58 98 117 78 11
    128 37 178 212 101 197 236 120 102 3 178 131 67 228 161 23 171 226
    202 27 203 170 148 18 50 154 195 2 47 251 151 52 107 41 82 47 67 64
    143 171 68 187 210 255 136 221 191 24 143 188 181 102 253 169 53 82
    2 248 177 71 196 205 18 232 114 254 16 31 51 180 41 184 176 234 253
    48 244 58 147 15 84 198 26 157 166 183 132 187 251 52 103 64 236 34
    33 85 220 142 84 154 131 214 61 85 7 43 68 134 71 102 175 76 45 188
    19 73 172 168 250 173 36 81 54 36 205 254 17 236 253 208 205 157 122
    227 10 45 237 133 113 188 187 149 58 252 226 204 242 57 225 155 236
    120 113 169 22 198 110 121 123 32 168 72 241 54 39 119 93 53 139 21
    155 138 129 90 88 140 178 250 154 106 171 248 230 194 236 95 165 48
    92 6 162 210 9 20 154 194 223 96 60 162 83 120 104 75 182 117 92 250
    142 219 11 26 49 13 24 37 155 102 91 144 26 111 93 136 193 174 255
    136 235 189 76 184 101 233 31 202 29 39 20 55 73 180 13 110 3 111
    161 228 183 5 178 0 223 253 231 108 84 201 202 122 113 14 15 141 220
    29 14 210 220 193 6 172 66 86 17 246 152 8 24 34 247 214 72 236 20
    164 210 181 93 54 187 53 196 42 138 168 46 34 70 158 110 180 182 234
    230 183 118 99 139 61 246 192 71 203 19 241 164 184 249 155 120 128
    75 228 91 246 105 146 233 123 47 88 123 217 23 147 165 229 209 250
    231 77 64 226 46 209 181 155 159 70 183 74 215 239 151 203 210 143
    12 76 180 109 55 110 223 228 161 102 68 42 151 99 236 49 130 3 229
    80 11 198 180 182 123 224 204 190 212 178 65 198 251 175 234 65 234
    172 62 140 225 235 210 52 251 170 211 45 168 39 98 20 5 235 243 111
    167 63 105 117 137 21 99 40 87 218 196 91 69 41 179 224 40 184 237
    104 144 220 61 243 31 147 230 153 53 228 103 86 225 226 151 163 220
    233 212 65 13 220 136 52 237 46 123 249 111 19 58 185 160 202 6 244
    7 234 157 185 165 217 7 158 213 63 19 81 60 153 25 67 73 233 164 169
    142 193 176 200 193 60 53 8 48 239 174 150 2 131 26 238 34 171 79 77
    226 120 141 200 33 113 220 133 204 227 245 11 154 124 181 191 213
    150 197 145 219 139 94 75 178 169 7 162 221 183 208 198 152 48 196
    111 86 26 168 50 245 4 76 52 13 85 77 50 64 241 210 151 98 139 16 17
    48 73 228 224 147 172 148 164 211 108 205 166 175 160 161 196 88 66
    69 228 242 226 177 5 21 17 160 42 168 134 140 34 254 216 61 190 81
    100 87 241 49 67 159 25 249 253 75 130 237 215 78 75 103 247 65 168
    189 133 160 8 98 225 169 14 59 88 71 180 31 119 165 142 252 100 250
    150 38 3 45 63 88 197 187 8 2 253 145 2 216 184 129 202 117 208 50
    211 231 50 196 79 46 215 255 24 65 3 225 187 160 76 73 56 118 94 15
    29 168 68 192 217 24 188 149 157 1 206 166 108 18 130 61 3 91 137
    126 197 243 241 152 158 25 232 218 9 93 43 65 250 41 42 194 199 118
    153 167 238 132 47 164 248 101 91 179 173 147 63 81 108 159 23 96 92
    179 240 13 6 67 150 65 158 145 200 7 116 152 161 3 248 10 93 142 140
    199 109 129 17 82 246 199 16 45 13 57 27 21 201 171 6 40 252 9 160
    55 99 55 241 203 113 66 37 255 84 120 185 247 134 116 222 90 73 98
    243 0 163 18 153 104 216 198 56 199 160 124 179 81 237 18 197 6 197
    127 145 9 38 196 35 244 196 173 225 124 237 174 254 182 114 8 5 193
    98 115 248 177 236 18 158 24 254 193 38 12 174 8 234 91 247 46 26
    215 53 213 25 183 58 115 23 197 1 75 78 1 176 213 110 128 79 148 139
    248 14 132 202 51 186 84 113 87 18 64 48 122 128 231 226 247 54 138
    96 221 29 121 227 62 110 72 136 41 240 77 99 243 37 42 91 191 139
    107 251 221 185 166 45 191 41 149 11 54 80 62 157 189 98 249 85 65
    63 235 201 211 124 4 185 135 93 45 218 225 4 148 144 247 43 156 22
    83 156 206 214 78 143 245 139 111 26 130 18 190 127 87 154 53 22 134
    111 16 88 137 154 72 35 129 190 181 137 67 102 187 165 43 17 229 137
    251 224 225 122 40 232 80 50 164 200 241 153 175 24 48 245 67 252
    197 93 57 17 138 36 156 187 3 162 228 116 133 52 64 120 162 234 230
    188 135 201 59 208 123 141 172 88 79 146 166 244 234 97 132 216 132
    66 221 92 91 128 207 65 95 139 48 233 148 126 253 117 245 241 102 12
    58 252 76 161 203 20 217 96 159 213 228 29 63 28 152 161 73 141 91
    59 42 30 225 210 1 207 90 161 62 197 86 33 187 154 100 18 163 172 29
    252 34 203 222 200 104 65 27 227 99 87 189 4 205 85 200 173 24 58 13
    253 150 167 104 52 75 6 51 8 80 156 180 116 243 128 36 103 132 223
    67 186 246 173 151 203 231 204 92 112 164 175 35 65 55 1 163 222 72
    4 138 143 60 12 169 160 253 236 74 84 126 164 161 74 142 155 172 73
    141 15 55 193 46 151 78 138 41 224 55 75 232 253 19 244 17 100 1 201
    251 72 159 104 218 8 34 144 228 220 218 141 158 117 217 245 230 215
    107 62 142 234 181 4 100 1 74 14 185 31 155 105 80 3 182 49 227 125
    124 11 26 86 157 170 12 221 250 237 154 240 174 250 245 230 140 190
    176 79 52 16 3 219 243 177 117 103 172 30 152 149 25 89 117 60 0 142
    65 116 149 50 26 17 126 227 252 7 253 57 114 56 151 17 229 197 5 183
    165 35 43 254 97 28 142 235 68 88 222 18 65 189 249 53 17 153 60 77
    88 218 21 203 131 99 216 168 149 0 28 113 204 19 184 95 47 204 187
    217 88 45 175 69 177 164 44 179 233 214 144 134 243 28 219 141 100
    188 11 81 193 107 123 122 73 72 148 78 255 241 123 98 225 43 97 169
    211 46 163 85 49 128 168 5 145 62 66 185 129 39 244 189 159 121 53
    59 14 204 115 172 111 217 75 133 58 76 152 59 36 228 245 172 201 32
    123 23 74 11 173 249 9 39 27 58 119 118 124 10 161 86 78 50 189 208
    89 150 11 151 134 66 234 99 44 11 83 64 120 33 72 97 213 22 171 108
    33 58 68 189 141 174 164 118 213 77 43 150 216 82 66 143 151 230 103
    115 230 31 80 66 150 107 250 172 34 64 155 163 25 20 249 205 155 92
    78 39 130 218 192 144 72 116 36 24 244 13 123 244 125 50 169 9 68 14
    249 64 242 39 89 70 179 129 125 189 216 19 84 135 71 207 221 166 11
    131 134 153 95 145 115 141 40 189 252 154 142 214 8 161 243 130 142
    168 209 133 42 240 77 216 75 221 5 227 115 181 4 18 37 116 205 113
    91 222 132 100 168 22 238 157 142 117 225 242 47 66 92 196 42 80 74
    22 110 94 167 196 222 188 189 74 107 15 200 148 193 75 150 233 68 62
    240 107 102 42 182 52 48 144 72 41 44 184 133 219 58 186 78 100 132
    153 61 54 191 37 135 249 82 113 122 137 144 216 193 253 185 205 18
    49 230 50 228 254 228 76 201 186 251 90 225 231 24 225 226 117 62
    205 172 221 236 248 177 128 85 71 65 147 13 239 217 97 165 16 244 20
    132 207 118 131 115 199 177 26 159 233 219 199 129 114 243 121 204
    226 87 208 252 200 153 6 201 7 200 26 245 165 176 15 179 163 87 54
    78 161 254 195 56 210 55 151 240 17 81 56 68 8 206 9 198 25 151 46
    61 153 26 114 143 125 125 185 185 57 76 163 129 75 179 251 228 28 77
    86 141 80 95 33 221 190 66 232 8 133 42 19 126 117 77 143 173 64 14
    154 20 243 26 149 139 46 94 6 59 153 121 88 9 158 179 94 242 91 36
    27 100 161 93 139 109 235 255 88 144 143 2 129 27 65 92 50 172 104
    135 79 250 113 238 11 66 0 9 55 74 123 67 173 165 199 228 25 133 225
    195 29 236 72 180 90 105 62 47 242 51 39 199 38 198 252 86 128 185
    249 122 209 40 88 91 230 201 233 163 143 218 99 168 31 232 143 33
    169 123 78 193 222 231 5 46 145 205 251 239 139 56 165 251 97 81 62
    52 149 14 205 22 53 127 250 81 123 194 33 207 101 33 75 121 202 90
    144 163 168 122 20 180 81 26 48 130 178 199 157 80 167 120 112 61
    255 26 83 172 74 214 4 199 41 42 96 184 97 119 36 61 161 252 64 137
    145 152 37 221 125 249 63 182 125 67 49 48 212 19 132 83 110 106 187
    198 81 83 137 79 70 88 59 240 3 63 207 43 45 152 246 7 154 48 255 14
    54 163 59 115 203 47 71 25 76 173 246 94 145 97 222 120 253 93 48
    143 227 222 180 250 55 205 249 9 147 148 196 185 225 29 252 72 247
    156 234 95 224 245 108 169 167 66 122 160 19 177 241 95 124 112 54
    206 251 61 46 71 243 72 131 218 116 62 42 239 11 150 62 64 219 65 25
    51 43 205 165 94 118 195 243 39 201 82 238 153 166 0 136 107 226 53
    175 89 135 225 146 221 73 245 36 20 51 247 32 0 129 43 248 17 173
    141 99 89 237 76 173 132 150 59 134 16 92 18 220 8 191 108 92 40 213
    127 66 37 7 229 150 32 228 76 81 233 132 108 159 121 234 208 237 221
    141 53 155 50 71 244 173 156 109 227 206 122 83 89 202 245 252 106
    246 180 67 132 92 191 233 153 187 100 8 32 193 205 141 6 149 188 170
    209 147 251 158 254 143 253 253 137 238 67 20 130 211 233 113 184 92
    146 240 178 128 81 127 221 55 11 131 159 32 228 199 201 19 187 149
    237 254 66 138 100 234 184 52 216 246 140 166 104 93 63 55 81 170
    178 7 159 10 90 252 38 228 55 90 143 81 121 13 68 248 244 98 188 219
    96 159 107 26 252 65 139 180 242 212 151 94 126 131 233 239 44 95
    181 116 98 90 93 167 208 7 228 66 104 158 105 218 160 223 215 92 50
    2 22 248 162 137 11 136 217 197 29 134 72 130 0 45 177 251 44 70 169
    234 73 183 165 121 70 122 223 140 35 129 52 74 81 244 53 108 229 26
    123 247 196 171 127 37 192 10 162 235 211 162 25 168 177 71 100 217
    254 180 53 5 40 69 104 102 34 125 182 28 154 103 49 208 65 127 188 7
    155 132 117 69 183 164 132 250 102 63 69 41 29 115 65 193 143 3 59
    112 249 177 70 88 30 52 178 58 34 251 25 110 97 32 107 79 16 53 88
    226 20 180 234 207 117 67 56 111 56 187 178 213 105 3 4 54 33 204
    138 7 123 255 220 96 161 223 3 78 165 18 47 234 56 155 78 20 111 78
    248 134 232 42 10 53 94 92 247 210 66 241 242 228 140 208 155 0 141
    83 52 24 31 227 164 86 100 139 95 42 7 78 68 28 55 206 167 169 123
    126 63 168 129 19 46 13 73 209 61 189 47 78 24 146 1 249 66 152 72
    213 211 165 108 193 31 54 31 152 108 63 88 24 47 37 17 227 105 37 57
    70 48 230 186 160 89 77 58 248 165 75 244 26 194 180 28 237 104 107
    231 226 247 238 25 112 111 57 62 91 150 12 170 183 28 95 231 176 48
    193 207 156 100 13 47 46 218 72 176 195 239 42 126 27 0 85 28 180 71
    90 163 3 197 6 108 254 194 152 216 60 38 163 254 161 80 246 100 254
    130 89 249 181 245 144 9 119 12 6 48 14 78 158 153 176 54 98 44 225
    151 67 65 28 20 201 51 28 65 207 26 24 253 97 138 99 149 155 239 179
    79 103 184 178 98 66 21 238 110 98 237 120 242 237 71 54 3 202 165
    99 84 44 249 212 84 127 45 87 240 147 54 132 166 64 241 129 97 84
    124 152 15 178 93 67 235 244 19 203 203 228 166 213 171 14 226 157
    13 72 196 169 110 237 212 117 20 255 212 148 199 37 38 199 224 159
    101 44 200 34 10 34 225 36 30 186 37 179 209 25 152 151 14 189 20 62
    163 174 94 27 163 81 140 205 111 185 180 100 121 255 104 196 205 200
    84 191 82 120 224 3 158 235 3 187 121 184 233 225 75 26 153 136 142
    98 173 134 139 231 74 165 173 28 70 146 114 131 176 26 20 92 160 164
    226 239 172 148 46 225 199 71 67 238 97 164 184 159 15 27 179 247 15
    71 9 188 180 106 187 227 230 82 57 184 148 33 188 112 120 177 102
    126 33 129 126 0 99 150 146 42 73 213 185 68 21 28 253 234 194 66
    143 147 251 3 7 108 210 138 172 160 148 45 220 2 227 242 116 117 80
    71 34 129 164 25 129 203 226 154 138 140 43 231 68 234 52 187 244
    223 144 45 237 184 217 0 127 129 135 129 4 77 115 93 16 230 224 142
    195 2 80 6 29 196 187 80 241 242 110 37 215 147 225 237 136 171 49
    85 19 185 107 102 25 202 17 239 102 71 82 143 162 169 193 180 49 120
    3 46 214 2 245 222 115 159 243 164 202 66 175 37 33 148 87 255 179
    169 94 104 212 234 251 209 90 180 8 47 61 227 219 145 112 139 22 237
    13 228 206 88 220 122 97 23 203 74 148 78 252 165 88 145 49 13 222
    58 194 84 199 111 199 5 100 120 46 246 129 88 215 3 67 244 246 198
    78 79 82 78 108 195 4 185 154 135 73 21 21 71 160 134 132 102 143 40
    139 167 71 167 185 66 33 73 226 251 215 253 241 144 96 164 200 242
    73 221 149 19 101 92 211 208 198 178 213 140 11 4 182 189 177 77 243
    251 4 201 18 61 197 123 198 242 174 86 82 198 119 17 251 102 156 146
    41 114 164 198 146 33 213 184 157 67 221 23 157 151 169 238 81 229 8
    103 27 171 101 69 66 65 179 174 52 191 198 103 243 124 233 0 200 21
    224 224 171 156 71 142 236 2 136 80 169 251 125 160 15 227 236 241
    121 116 98 19 149 186 67 161 98 22 68 211 162 80 208 163 128 17 14
    138 193 140 171 194 93 242 128 19 133 210 108 26 68 103 78 215 153
    75 91 30 155 98 61 33 129 192 28 147 135 26 140 85 192 133 156 99
    198 97 11 169 92 175 147 65 131 79 38 152 182 18 19 123 109 230 79
    173 177 26 103 111 218 206 248 234 216 217 99 233 245 64 40 123 121
    205 78 151 53 79 190 162 13 101 213 92 9 162 109 58 173 133 46 160
    80 204 190 245 10 166 123 197 88 9 206 2 31 20 210 21 14 17 86 22 46
    255 143 255 35 170 73 29 225 244 27 96 18 49 144 232 253 193 60 185
    224 175 44 114 75 56 131 185 122 195 17 239 92 222 52 52 211 170 134
    60 221 105 223 21 173 11 191 160 193 52 195 181 13 147 102 38 249
    225 84 163 72 255 55 46 205 124 3 167 249 215 170 90 25 118 109 156
    82 60 5 17 17 215 102 144 249 66 224 222 62 74 247 173 183 80 193
    154 59 143 127 155 241 0 246 100 184 79 18 94 179 149 186 1 31 26
    116 211 209 48 241 159 216 143 200 205 246 103 183 218 237 112 117
    37 185 228 172 23 5 134 14 111 122 133 149 222 34 246 44 249 138 185
    38 121 76 222 218 255 28 150 179 108 74 18 16 187 143 56 82 31 161
    101 172 45 111 163 7 141 226 160 27 99 152 0 172 158 239 27 118 124
    160 110 25 139 135 110 215 246 131 154 68 118 180 131 9 4 91 127 73
    18 12 98 110 166 1 51 234 2 147 133 130 213 234 170 193 26 67 122 74
    127 52 237 159 222 11 11 54 198 180 188 248 219 182 105 50 89 59 241
    242 35 161 41 203 54 173 35 132 14 72 173 170 63 130 55 121 240 147
    140 238 27 97 79 12 65 124 159 34 233 239 54 159 29 141 214 90 169
    94 123 241 63 100 26 128 242 149 120 211 159 186 121 183 245 244 30
    0 77 171 38 76 250 124 210 173 176 224 235 107 254 201 249 226 99 88
    8 165 212 235 248 48 207 36 33 54 192 193 245 180 65 84 68 254 184
    79 186 190 254 107 244 84 202 40 197 51 135 135 145 80 86 81 133 193
    162 93 244 191 204 95 72 182 19 228 55 9 225 128 210 50 15 121 95 28
    231 9 133 139 197 59 99 57 1 242 195 178 144 46 35 128 114 151 43 63
    203 207 148 132 207 125 98 194 76 244 1 173 73 122 192 254 237 188
    138 218 165 146 215 61 41 13 169 138 164 132 192 251 102 180 162 83
    65 84 89 89 179 193 43 14 42 115 79 227 137 163 183 175 104 158 142
    180 169 208 209 154 2 96 145 240 191 29 110 196 80 108 23 133 9 123
    248 39 137 238 143 39 40 233 87 199 94 206 206 15 76 239 82 50 230
    254 207 156 174 180 25 75 149 171 194 126 60 210 115 22 131 99 131 2
    249 78 160 99 111 72 132 140 213 184 26 97 104 136 51 125 67 122 133
    129 225 155 100 37 48 122 46 48 28 15 36 145 138 95 221 163 13 248
    76 194 239 190 8 157 191 142 105 197 85 203 155 73 245 243 17 65 94
    109 183 36 153 32 177 151 69 58 200 205 140 28 111 58 206 45 98 174
    167 143 232 213 133 123 214 21 89 132 78 217 94 198 83 185 70 248
    215 86 56 208 99 134 115 131 106 171 194 147 157 38 115 108 67 101
    90 236 81 69 88 109 242 31 98 212 161 107 198 244 140 28 242 141 67
    21 80 192 197 110 124 40 103 181 170 136 158 124 109 238 201 46 225
    230 194 168 143 60 164 237 128 67 173 222 5 21 209 54 96 189 117 219
    198 164 157 234 17 104 107 82 218 114 34 185 166 63 85 81 217 228 82
    82 149 148 2 30 196 28 15 100 215 217 12 210 177 17 175 113 95 153
    237 194 234 121 54 180 154 177 226 136 63 227 48 151 66 190 8 73 63
    192 197 144 46 109 101 191 181 120 228 173 216 91 191 235 223 129
    198 184 222 133 97 62 108 174 176 147 243 127 108 225 20 179 188 55
    165 167 36 115 238 245 234 251 68 170 130 57 47 241 248 129 48 107
    84 115 17 24 153 133 229 217 78 64 159 117 64 250 148 100 126 236
    103 146 237 48 15 141 147 125 207 146 115 101 161 209 0 203 51 136
    25 48 207 25 19 114 236 179 79 232 13 11 100 59 76 49 168 51 70 240
    237 10 222 46 136 148 56 228 172 26 145 70 211 224 158 236 23 108
    129 175 86 158 248 174 210 70 76 236 119 38 184 65 114 236 126 108
    118 253 45 50 224 90 16 216 5 39 145 81 216 204 130 149 132 88 148
    100 161 60 126 133 117 62 136 77 4 8 184 239 47 11 117 172 161 63
    236 48 166 213 176 141 49 133 210 126 56 139 48 38 23 112 127 65 125
    193 4 218 43 146 73 80 163 237 101 10 35 120 217 131 175 139 166 194
    190 115 114 106 8 137 190 179 201 173 160 148 7 155 63 28 172 56 73
    50 124 87 127 245 55 193 21 174 54 247 42 249 253 183 97 40 87 88
    218 174 79 194 66 113 11 245 191 64 234 138 204 38 209 232 21 188 21
    173 242 186 132 173 248 204 224 52 150 117 87 89 52 120 20 195 7 167
    183 212 58 93 169 244 144 167 55 253 69 226 169 19 175 34 171 243
    115 121 59 215 121 86 225 159 73 20 188 179 238 231 49 18 197 205
    128 84 179 18 187 169 184 167 136 77 1 246 17 11 37 148 68 46 119 60
    207 171 240 69 161 48 107 216 3 161 111 27 85 224 58 151 99 145 147
    84 47 114 0 161 183 136 193 105 41 104 151 130 150 152 214 103 140
    250 240 102 69 135 115 227 138 231 160 21 220 165 89 153 221 201 193
    174 178 42 186 30 207 129 13 205 38 20 119 211 227 86 163 219 128
    229 231 213 87 21 76 88 141 23 16 55 17 4 15 25 190 244 188 118 192
    201 21 25 8 149 67 129 211 59 145 180 65 105 21 214 23 167 162 50
    245 43 59 23 15 146 180 36 184 148 193 211 81 251 242 30 204 26 245
    74 52 253 38 13 79 1 237 143 15 161 245 45 220 83 35 127 217 175 132
    144 152 125 224 238 218 2 227 217 216 9 67 24 93 200 222 94 14 190
    153 90 45 38 242 175 194 67 39 217 56 209 24 242 128 162 60 157 115
    213 121 127 171 123 20 160 194 140 82 191 90 0 162 148 53 41 36 116
    200 216 133 145 144 153 231 251 222 97 252 62 227 104 157 41 40 249
    166 116 2 255 18 90 171 95 248 255 61 146 32 151 54 75 14 141 67 203
    123 110 145 159 182 166 200 150 169 74 213 109 209 252 2 112 121 133
    211 161 182 162 70 156 18 184 101 99 44 70 33 140 134 232 166 156
    157 213 77 59 18 138 49 172 189 112 68 134 242 30 195 51 117 87 88
    10 152 128 66 161 103 242 195 243 89 167 30 88 213 34 51 159 19 63
    86 62 169 196 208 81 12 6 63 72 3 97 23 158 111 228 57 69 59 164 56
    112 161 116 95 31 190 121 70 60 9 121 3 192 243 103 155 147 226 240
    68 148 225 231 153 58 121 145 213 102 232 20 52 217 84 228 238 232
    97 163 237 222 227 254 54 170 222 38 194 100 251 202 78 74 56 7 13
    221 246 170 35 251 83 42 103 211 204 124 91 237 37 13 10 202 175 56
    192 193 53 167 106 38 63 55 193 248 141 90 171 53 208 213 161 46 200
    19 61 186 207 112 121 176 84 189 232 218 185 56 28 49 155 109 216
    214 243 184 155 103 13 15 191 0 22 32 244 154 191 8 21 172 145 17
    120 160 227 190 9 37 132 74 172 180 206 145 242 9 136 0 194 82 27 17
    230 44 84 138 127 103 215 225 175 243 212 37 123 201 159 47 235 25
    29 137 28 122 44 211 104 189 207 36 0 254 187 239 218 72 68 182 150
    160 246 140 193 143 101 103 86 19 192 49 158 0 105 175 107 132 119
    220 122 180 78 189 192 153 174 68 242 95 26 194 240 123 74 23 232 67
    32 115 120 75 51 134 243 29 92 86 37 16 30 72 138 143 68 150 84 244
    20 171 87 167 177 219 111 215 246 100 41 215 79 200 28 99 82 192 172
    164 174 165 105 97 84 227 180 158 120 212 28 215 211 60 185 176 99
    42 72 186 191 37 242 48 90 95 179 148 156 58 126 3 35 52 47 16 144
    184 1 163 2 162 146 3 92 33 241 68 2 209 108 74 104 154 108 159 28
    24 184 65 20 116 0 108 222 225 142 149 4 219 74 39 253 140 162 210
    173 151 60 7 213 115 218 110 248 98 216 3 184 252 148 97 204 53 30
    226 52 124 208 191 15 55 62 234 108 106 107 4 126 49 20 106 42 208
    56 54 152 51 236 103 142 66 42 142 220 16 28 59 120 224 157 249 203
    255 210 132 206 62 45 86 41 105 141 98 235 33 217 117 251 152 255
    242 176 145 49 150 252 135 58 79 73 249 136 227 164 73 140 57 163 84
    246 91 127 126 69 206 38 117 16 113 238 170 82 52 148 167 138 17 245
    209 97 30 210 156 81 24 109 159 249 167 171 118 207 3 138 45 247 223
    225 17 236 62 97 158 176 247 140 248 8 41 48 71 28 205 189 49 61 31
    168 54 9 255 228 30 34 216 201 115 179 20 203 210 214 60 69 181 240
    15 78 240 122 100 14 175 98 58 120 58 111 119 37 191 26 138 170 25
    227 18 211 217 141 22 77 201 4 210 168 164 218 69 0 10 56 89 88 127
    203 225 110 98 94 113 24 110 199 145 97 22 53 151 235 173 246 118
    108 138 90 18 111 153 1 223 208 44 131 176 110 244 228 254 71 222
    180 225 133 13 172 53 92 16 141 168 204 46 134 125 189 27 253 146 77
    62 217 4 9 206 16 175 11 47 64 199 227 183 43 128 82 123 230 211 176
    157 41 174 10 248 102 1 198 254 74 67 232 158 138 37 93 61 55 47 54
    242 45 139 106 140 137 77 239 114 185 253 53 93 178 188 53 157 24
    151 67 38 200 42 109 169 159 247 33 66 17 222 130 84 126 135 77 71
    243 184 98 126 106 245 82 78 128 130 202 179 118 91 212 191 108 231
    12 30 76 6 153 119 246 147 65 35 163 196 75 234 123 249 77 226 149
    185 254 110 63 113 214 182 223 8 79 100 237 152 178 99 28 7 182 145
    195 206 109 86 172 231 136 46 123 87 20 186 238 33 5 255 9 37 86 144
    37 11 51 192 93 239 95 97 89 90 148 161 164 254 15 129 243 23 37 97
    11 92 170 237 87 214 40 215 111 230 92 32 69 195 179 62 80 82 230
    252 201 210 81 241 28 181 106 158 202 235 27 16 228 236 154 189 110
    118 100 141 67 50 168 204 197 52 155 217 244 219 104 32 9 48 56 37
    199 246 105 216 136 62 163 21 46 70 227 238 235 7 82 35 132 130 192
    156 174 91 186 178 64 45 143 196 82 78 40 220 81 36 166 164 33 77
    245 235 14 126 49 167 235 101 240 37 41 52 196 209 44 44 183 196 175
    192 122 207 207 91 34 69 58 237 251 229 104 25 229 60 217 53 99 217
    7 10 39 143 244 8 238 194 60 249 159 201 2 205 108 240 229 173 138
    158 86 72 42 95 73 175 135 200 38 154 85 133 67 208 195 209 153 252
    248 148 18 171 121 72 81 188 204 251 222 125 9 25 231 115 218 163
    251 64 123 71 60 205 154 57 72 82 127 4 4 73 95 161 240 218 77 3 253
    160 65 58 107 94 73 97 211 17 52 73 103 117 49 40 109 252 170 165
    182 224 24 118 209 210 79 121 170 102 153 103 114 30 43 200 189 136
    249 208 237 195 62 42 251 200 48 134 102 46 93 226 154 190 207 157
    120 81 59 116 131 234 98 96 155 16 129 19 223 71 19 72 27 232 86 16
    79 8 177 203 165 28 106 14 221 220 89 67 19 117 73 226 223 166 33
    184 191 242 40 41 163 137 8 233 135 69 150 86 221 228 244 68 120 107
    108 36 88 235 49 79 82 70 240 179 29 109 142 253 255 203 98 156 207
    86 97 130 134 223 246 56 186 33 126 2 153 130 251 147 167 19 102 105
    47 164 47 197 197 146 32 118 194 228 185 235 122 195 4 199 81 68 100
    205 179 226 66 213 79 17 129 43 171 211 250 53 11 52 236 4 24 164
    103 52 99 187 47 199 156 251 130 117 110 183 246 10 190 176 152 252
    19 26 180 131 66 212 189 146 29 230 116 208 62 111 253 160 194 46 82
    134 255 57 38 21 115 192 237 107 68 66 133 1 91 238 57 47 34 249 78
    17 195 177 151 164 24 37 113 207 38 112 71 220 132 12 172 109 154 72
    167 155 233 55 220 61 210 226 128 165 126 185 106 204 102 207 102
    152 7 141 140 86 116 140 137 204 57 239 41 115 69 72 133 148 81 165
    207 104 111 172 255 27 35 197 159 84 42 218 61 158 172 126 46 204
    129 144 148 90 48 33 110 75 120 53 201 139 31 220 54 247 154 30 115
    154 102 27 245 52 183 71 11 255 127 33 144 116 225 127 40 136 206
    126 112 220 146 144 41 102 131 171 57 234 236 235 226 243 45 88 79
    218 129 16 198 109 114 115 144 189 167 166 202 135 63 247 246 243 70
    8 136 190 143 17 64 210 202 241 62 144 2 176 142 246 155 87 2 156 16
    164 52 166 109 126 185 80 115 61 34 57 217 142 174 78 137 208 221 42
    34 182 82 202 132 194 153 207 57 222 232 20 210 20 96 144 225 202
    194 111 117 195 112 35 73 66 41 220 169 213 147 184 36 47 124 131 46
    174 237 85 229 115 119 50 107 157 42 219 95 190 207 160 124 185 164
    84 155 68 159 99 7 40 250 215 120 58 148 47 149 129 94 163 89 15 156
    87 120 5 91 99 219 126 40 2 177 108 225 126 155 117 125 91 233 84
    144 171 77 157 136 122 40 57 124 146 249 98 159 10 87 197 211 46 157
    99 76 156 137 90 141 110 30 56 208 146 111 26 108 140 189 5 33 226
    235 206 48 164 89 241 9 185 118 200 215 78 115 233 108 223 75 39 74
    0 83 94 53 220 171 176 68 220 97 65 160 34 15 38 3 56 194 27 28 111
    228 6 228 48 179 46 109 21 179 13 201 36 100 213 250 11 227 226 153
    255 243 155 59 72 11 110 76 160 31 47 75 212 163 143 59 154 166 11
    218 29 246 137 111 192 26 37 50 7 144 52 80 184 177 25 224 173 224
    201 250 241 14 169 153 198 114 226 121 67 224 246 248 175 56 13 193
    41 178 237 19 117 108 122 254 94 175 215 100 81 207 37 136 37 86 95
    207 66 3 43 135 184 90 70 112 57 214 47 174 220 93 157 170 72 55 127
    103 121 178 131 61 161 161 77 221 100 99 207 164 52 142 191 207 29
    97 23 48 104 4 16 179 128 242 142 52 124 211 128 176 71 181 76 21
    163 10 187 142 25 9 48 131 135 143 244 178 169 212 126 42 16 228 81
    112 75 124 138 215 120 0 218 164 144 243 61 237 129 53 232 73 5 188
    144 184 196 135 67 147 210 2 90 218 81 52 23 7 134 161 207 107 95 93
    109 24 254 56 78 170 189 114 74 21 187 132 240 152 4 229 99 227 24
    93 194 83 90 254 0 117 240 196 197 13 74 112 104 109 172 0 18 9 135
    206 98 133 221 245 190 15 160 208 69 145 132 234 12 19 165 207 141
    224 46 38 235 160 185 66 6 8 87 203 158 251 174 163 7 151 52 209 106
    166 232 19 84 61 102 46 116 48 176 228 13 73 41 139 71 48 211 214
    138 203 86 64 62 25 98 171 218 249 61 38 106 136 226 200 59 212 197
    218 235 76 31 50 26 179 242 121 160 200 190 18 169 5 171 88 41 10
    163 200 121 226 94 113 80 67 160 213 187 142 234 208 153 10 137 245
    203 137 177 52 234 112 71 54 181 240 35 108 9 12 171 232 55 139 106
    83 234 4 40 226 127 141 240 133 16 104 173 247 183 115 214 89 116
    154 86 35 42 227 198 152 64 195 56 155 157 224 159 164 77 233 67 55
    163 136 118 13 121 216 44 27 121 105 76 242 251 21 231 74 134 241 65
    198 96 170 150 199 167 192 166 189 222 123 168 215 182 48 6 216 0
    231 254 242 73 130 197 187 95 108 179 106 45 205 97 247 45 167 181
    249 75 238 181 172 49 30 221 88 90 35 218 136 143 101 131 237 117
    121 78 34 46 23 38 210 11 54 10 86 143 76 202 15 190 124 34 140 123
    60 168 161 89 9 31 242 2 202 125 151 113 174 80 33 173 225 82 121
    126 32 100 12 225 83 34 185 179 90 42 42 82 220 78 116 206 201 89
    219 226 189 7 245 72 28 15 16 119 30 219 27 251 210 50 170 4 122 91
    124 229 176 201 199 197 224 59 166 253 209 122 144 173 53 119 138 78
    193 23 220 243 123 38 113 192 82 170 11 211 199 160 29 214 74 203
    245 247 197 70 15 68 13 117 229 195 40 64 109 11 54 196 226 249 145
    54 27 25 57 194 42 89 128 53 39 33 44 23 48 246 5 29 209 170 184 156
    90 117 217 38 18 23 0 70 239 36 7 8 202 73 66 246 136 232 158 33 97
    222 102 172 43 119 125 86 31 160 191 136 254 51 232 53 26 193 74 71
    98 228 68 155 223 227 66 30 251 82 46 191 185 153 3 19 250 194 129
    232 237 125 110 129 6 217 205 63 126 226 244 206 129 201 8 212 200
    59 180 5 55 177 253 47 160 52 130 229 236 147 89 115 8 2 87 11 73
    131 2 199 158 116 212 208 246 93 67 213 168 83 3 156 172 77 161 134
    240 102 244 247 102 110 248 138 199 234 241 107 160 52 250 218 252 3
    45 172 29 55 169 17 175 155 5 112 180 14 158 116 145 90 201 24 236
    154 168 8 25 132 156 98 230 78 191 35 159 17 54 251 57 159 24 176 49
    248 169 42 3 26 113 156 227 101 150 81 108 17 216 235 127 88 223 253
    64 72 231 253 105 204 232 25 62 131 50 6 195 10 28 60 150 76 65 197
    112 12 95 88 243 229 93 132 31 234 22 208 74 223 107 35 215 15 144
    134 246 8 3 72 119 92 156 3 240 102 251 234 211 51 49 63 189 89 193
    139 37 232 11 166 7 74 222 151 85 63 13 134 126 74 50 221 101 169
    197 253 15 42 149 184 130 195 222 188 241 29 75 70 180 239 248 88
    184 37 226 95 21 209 250 17 28 28 205 219 82 91 53 4 242 102 185 138
    174 86 176 231 209 161 192 169 42 87 53 75 123 74 189 88 120 197 101
    112 193 119 236 237 93 188 9 155 226 79 212 43 175 86 37 0 110 151
    140 121 132 169 67 242 121 246 140 174 82 244 134 31 50 8 51 165 12
    51 10 195 224 249 73 96 43 143 199 153 52 186 29 111 84 200 22 158
    248 158 200 20 134 84 165 93 166 158 70 73 72 190 197 97 59 213 21
    37 33 235 164 228 147 71 116 174 144 5 30 171 18 191 238 210 174 224
    148 172 65 148 17 248 154 226 94 152 239 219 202 137 40 170 140 16
    219 192 194 48 106 151 33 230 194 165 60 29 143 5 96 50 103 130 113
    28 135 107 15 18 138 105 253 4 87 230 47 236 238 94 50 188 153 161
    72 166 37 224 122 72 51 153 213 251 105 176 108 210 129 198 131 86
    24 9 182 244 35 183 109 197 165 160 5 11 62 65 102 187 178 180 43 6
    210 90 29 194 101 160 238 190 63 211 112 202 111 15 193 71 17 244 34
    143 227 230 131 233 72 27 27 102 73 130 197 209 116 220 19 190 129
    191 254 134 7 172 19 155 182 163 236 74 153 59 185 160 203 74 151 20
    110 170 165 251 243 219 106 122 184 92 15 152 236 155 114 105 166
    227 78 3 137 57 57 223 148 120 104 189 245 166 152 177 94 95 126 30
    176 238 42 68 41 92 221 158 196 236 122 119 223 210 166 242 141 36
    206 94 184 165 48 238 1 206 51 130 179 137 233 175 174 6 175 248 184
    88 211 69 241 192 255 123 99 196 159 246 176 107 203 31 219 27 15
    216 61 183 22 106 172 225 70 239 221 154 62 82 68 109 192 136 232
    147 66 213 44 197 128 190 228 4 233 49 79 71 214 220 122 110 201 194
    3 194 195 183 18 27 77 69 236 40 28 82 59 184 52 14 165 159 114 191
    99 162 152 253 203 18 198 134 234 228 224 26 60 176 150 141 217 155
    222 102 16 11 171 54 47 190 166 228 203 214 163 244 169 10 38 76 166
    16 110 244 162 141 110 79 27 84 252 146 51 126 13 122 110 125 106 1
    24 187 23 33 52 26 143 196 235 80 156 247 210 86 214 111 219 87 189
    255 173 116 183 105 103 53 219 89 26 209 19 155 117 212 43 181 2 36
    12 62 198 127 147 154 156 175 17 146 249 89 227 120 182 27 153 142
    253 164 182 94 147 234 122 145 42 102 137 181 106 84 73 155 40 88
    162 146 118 102 220 138 177 54 119 189 34 123 5 245 242 91 237 165
    225 39 252 67 120 152 139 148 173 120 223 208 72 161 4 111 133 89
    209 91 135 231 46 215 9 203 160 166 111 33 174 48 16 66 161 161 179
    130 253 157 52 145 59 100 40 125 123 168 170 225 67 68 117 231 34
    199 76 243 220 214 210 3 135 23 102 155 201 82 4 35 227 87 87 184
    173 19 56 165 181 237 33 70 218 131 2 84 71 176 190 39 160 148 142
    198 82 64 246 158 22 131 55 117 69 139 108 56 178 236 190 189 105 52
    131 37 203 151 59 138 129 211 92 153 59 27 54 110 96 199 225 170 21
    158 107 120 163 84 54 55 149 105 189 91 139 12 112 94 209 115 101 28
    109 71 195 171 104 65 156 129 195 122 141 252 147 171 172 47 49 36
    45 57 17 113 12 63 244 224 214 200 132 207 146 234 168 11 58 164 121
    186 150 94 215 248 7 183 187 77 45 28 36 101 86 153 194 188 171 69
    36 15 36 27 124 34 175 222 226 243 2 36 124 185 252 88 196 249 9 30
    247 105 129 181 175 194 242 155 142 151 216 25 57 159 61 56 89 124
    18 135 165 229 63 117 182 33 228 40 170 161 111 223 66 47 94 134 26
    214 221 21 246 237 40 7 19 191 93 16 28 60 44 89 153 11 188 145 151
    141 244 210 202 45 202 125 218 12 226 218 75 208 109 203 176 82 141
    40 99 11 20 219 112 173 223 43 24 192 208 57 250 85 228 172 152 148
    193 158 78 152 22 137 188 40 181 48 237 196 45 112 115 230 127 82
    237 150 50 58 230 224 170 226 40 38 175 80 45 159 62 226 10 70 81 32
    136 73 29 121 171 51 99 6 250 129 98 113 180 112 212 184 13 132 33
    234 121 192 206 229 122 192 83 103 3 228 147 217 42 201 227 25 25 62
    4 30 238 43 112 105 28 76 12 252 11 147 12 219 178 81 122 55 62 114
    151 215 33 172 38 96 163 148 66 219 213 28 111 41 134 73 135 219 138
    151 223 244 214 179 45 216 236 4 116 157 81 66 37 172 102 75 184 132
    255 27 100 121 180 26 49 225 192 176 65 49 147 123 138 173 49 130 35
    86 216 40 20 67 160 218 68 11 187 141 168 31 103 88 87 127 13 105
    165 104 232 70 197 251 5 164 178 184 214 202 200 117 172 120 13 46
    51 233 188 198 6 73 197 201 133 99 36 182 140 102 76 73 77 127 184
    245 130 233 118 37 222 247 55 200 164 1 1 171 194 71 48 27 147 36 52
    250 168 199 184 114 159 59 102 197 124 58 109 98 33 39 210 89 232
    121 232 191 111 78 107 125 227 183 239 244 199 249 245 231 170 150
    177 92 227 89 249 240 99 73 64 56 137 96 238 239 7 245 231 62 71 157
    52 38 145 226 89 144 193 90 220 196 253 255 45 193 48 13 244 43 236
    120 198 146 15 76 55 9 91 98 152 140 105 226 81 209 70 226 238 207
    51 16 11 203 109 66 226 99 58 189 62 28 241 189 194 127 24 100 194
    158 75 123 25 190 39 114 21 225 199 75 236 173 183 108 198 116 255
    253 123 253 73 172 15 213 125 215 2 118 18 178 208 163 208 227 225
    207 93 18 247 168 87 252 57 140 92 176 27 236 145 92 231 252 171 249
    121 126 34 162 164 42 37 246 36 166 134 248 22 93 15 121 24 31 3 213
    187 90 114 227 154 160 34 102 12 237 234 243 22 188 215 185 173 213
    27 54 245 65 130 194 90 175 91 192 183 0 41 12 1 63 114 132 135 148
    221 223 169 122 192 68 160 59 161 223 11 177 102 5 99 188 10 255 189
    118 223 102 49 71 122 183 188 174 31 213 98 106 255 101 90 132 231
    174 228 169 72 130 195 101 65 137 124 9 60 24 159 169 160 36 141 70
    128 109 137 254 130 250 160 77 115 55 252 213 210 206 223 61 198 155
    232 28 28 202 13 119 109 56 159 244 128 49 80 15 124 63 253 183 117
    233 206 237 146 65 147 204 201 89 165 105 194 139 6 169 31 211 125
    221 154 109 24 240 49 146 5 211 253 197 162 192 132 56 209 22 139
    163 80 80 127 121 186 79 79 221 103 118 133 149 101 22 245 53 87 63
    21 207 72 232 14 97 132 198 240 64 102 70 199 190 172 134 21 230 195
    15 64 205 100 217 179 114 89 11 189 46 182 125 231 96 181 0 197 187
    79 70 123 103 229 162 135 66 110 247 254 95 56 19 59 14 197 44 156
    190 91 175 177 193 25 136 252 79 132 19 122 58 24 65 93 121 130 144
    109 75 10 79 216 70 135 197 158 215 123 3 131 123 166 230 210 81 226
    180 14 204 211 8 125 107 9 183 25 231 65 95 60 36 151 253 74 12 14
    194 75 78 108 175 94 184 36 101 10 233 249 63 42 150 108 144 166 12
    176 132 141 164 171 188 107 91 181 86 210 241 185 99 241 208 138 20
    5 48 61 192 183 95 28 233 24 98 147 164 212 81 166 178 64 181 231
    110 209 47 34 56 174 158 206 17 64 129 176 108 245 94 229 96 68 91
    95 156 148 14 183 175 40 230 216 53 183 77 183 9 83 66 119 224 101
    171 39 167 98 221 90 190 76 93 95 160 112 49 25 115 69 86 46 131 81
    245 195 141 228 70 170 167 160 224 165 65 178 30 79 160 199 251 108
    25 0 34 13 125 145 51 81 109 54 198 15 78 87 91 144 167 127 210 17
    109 204 171 215 158 120 223 212 236 164 101 76 107 231 64 79 133 205
    113 23 4 246 129 165 84 53 239 58 159 114 34 239 138 74 243 31 108
    220 46 69 170 249 161 208 120 5 205 45 32 49 248 117 185 63 251 217
    136 173 97 6 53 190 197 77 176 33 131 175 227 50 225 166 172 67 137
    179 255 163 175 1 194 114 34 15 84 19 26 25 201 91 215 64 180 202
    182 55 8 54 180 94 56 20 238 165 132 121 188 34 135 132 190 166 208
    145 153 183 231 251 68 147 26 103 255 229 255 95 14 223 172 187 120
    204 140 0 236 84 24 192 41 30 103 112 44 43 15 35 205 109 29 233 32
    241 14 60 12 6 195 88 249 56 38 58 235 70 183 233 182 225 111 105
    210 20 22 33 48 132 214 202 71 79 101 9 24 151 200 154 78 167 72 22
    170 88 212 73 56 27 7 152 230 181 45 234 234 147 39 250 51 137 107
    13 206 92 99 58 158 201 122 40 30 177 68 247 93 126 208 6 200 171
    173 5 45 184 10 111 27 63 57 108 18 201 246 120 203 17 198 125 63 57
    224 0 26 159 93 87 254 179 110 246 227 149 40 32 209 230 97 173 204
    30 180 6 190 221 71 199 45 74 209 59 90 67 46 224 5 255 1 163 142 56
    82 151 39 107 25 206 22 99 196 154 167 8 67 120 184 125 36 30 152
    200 241 238 94 110 167 144 240 13 16 135 118 95 90 246 80 91 117 227
    38 13 122 44 211 55 198 216 57 7 99 111 243 5 230 118 244 183 25 228
    230 209 124 243 195 137 215 28 224 255 203 53 105 144 3 18 255 48
    254 138 180 112 25 227 210 172 168 88 129 214 82 133 69 159 232 85
    118 42 242 219 98 234 57 84 166 28 78 35 98 70 168 196 118 15 37 38
    73 242 42 175 181 10 84 240 30 100 212 135 52 111 114 13 215 214 252
    8 126 185 232 84 191 34 140 15 71 178 64 180 239 6 5 198 178 0 125
    153 132 195 250 177 249 200 186 127 179 35 226 146 17 49 141 221 185
    238 27 91 56 129 199 42 147 82 229 55 146 239 140 193 193 208 72 171
    47 63 194 236 64 152 175 24 28 127 19 60 90 3 191 98 177 178 41 247
    94 236 11 153 169 45 175 193 186 149 128 216 138 112 132 243 215 239
    153 238 57 28 209 19 196 89 124 181 32 201 5 56 6 162 222 155 44 32
    40 21 197 138 252 121 236 182 134 128 254 67 95 56 1 54 40 83 41 190
    93 69 252 211 237 202 247 184 140 116 11 99 152 138 86 78 251 208
    109 66 172 118 215 241 228 251 13 218 116 159 149 180 90 160 129 91
    172 186 86 9 93 10 164 208 109 179 91 68 98 188 29 172 169 4 107 199
    0 246 121 177 0 169 70 100 253 177 55 129 201 18 130 220 249 105 29
    191 62 10 61 249 66 49 238 165 242 74 73 153 252 88 78 215 201 226
    33 80 162 204 70 148 94 79 121 197 178 192 89 200 23 199 82 36 44 58
    43 119 3 121 60 115 54 69 117 6 206 179 97 98 116 228 78 118 210 202
    96 25 180 218 158 56 39 52 176 239 99 7 142 85 123 158 50 230 3 136
    127 12 41 130 139 14 150 148 254 80 233 143 108 140 7 104 198 232
    186 181 223 187 236 222 131 164 1 54 159 158 24 251 225 165 205 153
    167 131 11 71 85 7 155 253 45 231 179 70 32 105 109 199 212 68 93 61
    51 11 210 136 93 181 151 247 26 104 160 149 213 100 4 159 136 192
    173 162 152 190 233 71 38 212 254 248 119 58 21 145 53 210 45 125 16
    50 208 59 248 134 209 36 144 173 105 40 47 144 99 204 157 48 103 167
    98 172 170 70 21 12 200 193 40 110 46 132 119 140 43 182 237 54 124
    78 135 23 18 231 106 228 34 228 199 167 218 45 230 204 159 72 18 32
    140 11 159 0 187 62 59 30 223 254 49 176 193 18 182 21 234 109 184
    130 132 139 89 63 152 135 178 206 163 130 63 249 159 68 141 34 211
    104 226 215 218 25 208 82 77 26 31 20 78 232 163 49 247 89 242 33 60
    28 46 168 69 125 103 154 117 227 141 92 33 158 6 100 93 79 72 179 37
    62 102 248 123 45 252 14 69 229 149 101 157 165 7 66 109 140 125 197
    31 101 16 171 140 118 226 175 165 2 7 229 16 217 117 209 132 42 147
    138 121 188 202 116 190 8 246 22 21 35 1 179 184 133 11 127 180 205
    6 65 143 67 79 166 177 161 120 141 53 187 18 17 33 179 91 220 220 33
    136 47 241 203 60 203 27 208 164 73 54 202 164 192 195 173 86 155
    151 137 97 252 168 51 208 78 127 247 48 3 188 253 77 76 100 215 135
    184 108 136 52 233 178 97 84 82 67 73 6 54 225 230 230 201 53 127 16
    44 171 36 171 131 5 116 173 44 198 220 141 183 25 74 248 87 198 112
    128 154 167 73 169 154 39 36 4 0 95 201 183 221 194 158 114 82 169
    42 158 100 129 121 55 160 55 197 120 246 125 98 226 192 2 54 179 88
    211 243 107 186 251 177 114 198 178 193 218 196 95 166 177 36 89 230
    140 218 144 153 17 18 0 76 113 161 22 126 86 228 210 41 27 82 249 43
    86 78 177 167 68 188 6 224 13 240 106 50 56 102 115 215 143 186 181
    163 92 186 92 21 178 215 186 140 239 62 192 9 184 187 33 71 61 36
    166 78 14 76 126 154 247 206 14 116 45 53 55 15 205 143 86 16 255 36
    50 39 228 245 220 30 64 15 215 48 6 11 250 241 211 46 222 219 17 146
    92 91 196 245 126 157 73 178 212 243 28 47 242 247 123 23 4 252 247
    125 242 76 231 205 90 4 128 87 163 7 128 246 240 3 235 65 165 7 205
    220 153 25 126 227 66 118 151 1 108 161 126 137 172 49 126 178 115
    44 204 36 185 167 141 106 197 255 154 147 66 201 197 229 154 22 239
    124 141 239 202 245 147 111 106 25 215 168 212 242 131 36 40 167 245
    57 103 221 125 73 213 206 22 8 54 148 143 168 56 197 14 237 79 48 21
    101 125 113 212 117 1 84 248 41 217 165 177 194 52 91 45 127 188 249
    162 16 16 227 136 189 25 15 58 200 244 203 13 237 232 37 159 235 191
    66 216 185 129 252 191 61 210 68 28 120 244 44 71 59 160 61 175 187
    63 233 136 125 229 181 13 254 41 97 247 78 121 214 175 87 72 95 41
    185 199 158 54 195 228 21 16 78 176 70 129 69 62 188 101 230 154 198
    109 254 139 234 104 83 70 66 187 43 10 243 13 144 152 152 102 175
    139 236 29 224 92 208 240 219 208 50 244 247 83 43 168 245 125 192
    49 163 71 153 92 2 161 12 158 5 123 11 248 108 27 132 216 46 96 224
    219 163 34 61 105 211 49 29 4 143 211 98 132 161 221 218 255 197 111
    65 165 62 237 93 20 189 141 236 48 53 169 80 113 133 97 18 202 205
    112 11 70 46 134 120 71 253 116 215 63 46 221 57 248 217 245 5 79 4
    10 107 13 93 71 171 142 222 196 47 132 38 203 250 175 24 163 228 42
    138 46 143 37 64 76 37 36 90 188 29 190 139 62 51 154 195 19 193 155
    121 1 180 26 165 117 106 211 128 101 39 83 245 241 77 67 196 243 138
    249 69 126 50 154 148 3 197 105 48 120 7 41 191 77 38 248 154 75 90
    211 194 14 76 232 206 103 95 219 238 234 211 115 53 245 109 175 159
    12 124 128 175 240 248 202 76 16 118 114 235 113 113 136 78 11 80 83
    28 74 1 18 250 228 99 225 215 84 111 10 0 10 162 121 160 211 80 234
    222 59 82 243 57 130 55 253 152 10 130 139 183 170 33 142 99 245 166
    100 133 173 155 84 241 223 132 111 142 181 37 164 85 87 197 168 252
    116 147 93 78 252 172 59 222 9 68 60 192 151 249 97 30 3 32 236 129
    198 216 205 73 30 244 149 35 98 211 54 204 252 59 131 69 30 121 94
    32 121 173 81 238 212 26 113 237 161 42 17 229 249 73 7 242 222 135
    76 144 195 37 221 165 230 192 40 191 40 201 161 35 107 35 83 239 166
    80 212 1 216 36 105 190 134 26 73 108 119 220 187 143 58 67 227 53
    174 162 135 68 179 37 73 238 122 15 241 137 121 165 126 130 105 240
    122 137 14 255 39 74 227 131 245 54 124 11 94 188 74 218 236 226 8
    228 138 148 220 163 161 61 38 207 221 237 216 162 227 23 185 170 175
    48 63 166 147 40 234 22 198 207 57 120 136 51 142 21 85 97 137 184
    147 196 211 182 59 78 106 132 149 74 55 98 255 77 19 107 209 138 233
    62 230 117 18 207 70 95 236 74 154 242 26 97 120 145 108 99 232 60
    49 73 43 228 251 3 30 93 162 166 189 62 153 74 3 23 89 87 120 252
    116 183 178 51 112 30 76 156 20 111 112 186 119 131 213 16 14 61 66
    145 246 206 247 240 64 90 29 10 52 1 120 222 153 24 194 206 189 119
    122 64 248 253 24 57 197 110 191 227 247 219 41 63 45 244 85 238 150
    33 28 121 195 153 30 23 239 167 22 241 196 90 16 32 48 252 194 179
    60 50 12 28 46 145 252 250 80 56 135 223 5 245 33 85 129 216 17 114
    178 81 185 237 54 143 64 237 211 221 183 176 167 140 245 230 8 244
    114 11 90 176 203 148 164 227 103 54 240 122 189 194 132 186 195 215
    56 28 26 162 132 203 241 112 162 109 211 125 175 34 12 6 193 1 248
    120 119 245 185 14 46 209 199 162 13 193 76 186 76 114 180 173 243
    86 156 6 212 47 250 45 140 241 217 183 40 84 246 180 82 105 75 124
    92 67 86 15 69 10 151 33 29 115 185 38 63 89 120 199 152 23 69 121
    46 174 168 68 147 141 221 204 141 201 40 48 112 193 229 159 76 78 11
    98 195 157 122 179 46 205 220 135 61 7 86 110 13 106 235 247 96 212
    102 213 85 237 116 34 55 246 107 130 30 145 97 217 183 38 201 125
    215 159 169 85 18 102 83 9 111 123 58 127 89 217 96 135 170 16 29
    238 103 188 177 215 112 78 13 53 20 247 147 214 145 105 178 251 114
    171 142 22 1 241 0 163 247 152 91 24 106 196 149 234 74 110 131 50
    199 24 122 132 129 193 78 118 87 135 30 43 2 133 170 134 98 56 103 9
    190 162 138 155 21 40 58 214 196 128 197 167 173 53 124 78 3 223 223
    137 12 162 213 11 242 251 169 26 151 80 26 67 30 209 53 3 174 224
    108 183 221 254 18 35 12 80 143 57 157 218 132 32 55 87 47 194 52
    110 165 194 75 91 46 207 180 6 83 225 8 20 10 184 105 25 156 158 48
    238 58 59 69 92 8 210 219 10 109 54 65 56 6 235 242 113 197 154 103
    65 61 197 224 251 29 219 125 164 247 226 9 17 135 9 116 63 44 96 246
    138 13 229 44 61 17 15 73 61 70 205 47 14 5 10 232 153 78 37 237 27
    102 132 33 32 74 68 177 183 212 181 179 87 32 76 163 189 141 40 189
    159 206 66 170 174 174 18 21 70 253 52 62 181 71 173 36 137 136 93
    171 166 66 188 82 17 215 39 230 145 214 35 27 219 9 63 16 189 131
    124 178 186 83 19 179 148 4 253 239 237 121 186 102 206 242 122 162
    204 59 3 153 77 144 3 47 238 110 69 230 39 119 197 226 40 4 176 50
    82 19 59 174 40 136 28 9 57 40 145 78 173 130 22 91 215 20 45 80 197
    81 15 82 255 230 114 102 177 203 37 160 154 21 39 219 153 170 19 201
    78 245 232 125 242 149 37 179 34 76 27 89 37 228 152 99 100 186 182
    87 20 186 104 54 64 189 7 32 150 17 0 6 126 31 199 5 76 130 200 16
    183 207 134 232 53 72 231 173 109 125 124 58 104 42 212 139 213 244
    254 234 181 23 167 230 232 24 30 178 98 172 145 89 70 228 49 222 59
    73 79 77 175 6 103 179 51 227 164 81 58 211 210 243 135 161 93 136
    28 32 201 253 95 141 102 60 127 240 39 205 133 207 99 231 95 7 211
    83 212 2 219 154 201 72 27 34 102 21 216 25 104 40 228 199 247 134
    49 213 69 80 192 187 28 150 69 28 210 123 185 202 175 117 57 170 220
    39 104 33 153 114 177 41 38 209 75 204 76 23 160 189 70 85 19 115 16
    113 215 124 131 211 170 243 246 138 196 2 210 97 62 140 67 30 161 31
    253 63 123 109 22 65 126 230 136 142 174 146 155 138 235 238 214 198
    47 62 8 221 27 14 193 104 214 180 250 54 16 200 248 79 199 124 86 70
    191 163 39 252 213 117 21 198 65 207 87 85 155 17 169 3 118 211 80
    86 176 149 133 254 2 149 30 68 110 6 32 15 136 72 221 96 70 50 212 3
    238 98 227 194 179 106 108 120 47 237 136 8 121 73 106 164 127 108
    158 219 230 6 214 50 11 17 153 24 116 216 146 50 58 176 215 127 168
    23 228 38 210 126 95 200 76 194 42 141 216 26 209 63 205 244 152 191
    41 54 250 182 132 150 154 174 253 159 42 54 74 20 29 186 83 29 184
    102 14 127 111 138 1 44 139 190 30 101 241 149 196 141 176 224 7 80
    91 98 252 128 31 123 229 77 129 59 73 155 236 206 39 75 246 189 60
    119 240 185 64 126 122 113 31 172 170 147 144 121 230 150 127 86 165
    255 210 32 126 208 150 246 51 103 91 115 123 233 38 151 231 203 241
    0 67 107 184 19 5 147 22 101 30 55 23 199 66 167 161 195 181 215 76
    2 146 118 171 249 120 26 182 175 86 93 253 254 203 210 139 227 89 82
    52 117 32 110 114 40 63 98 150 96 244 17 152 74 21 169 151 225 126
    131 208 178 81 164 195 229 10 4 133 55 156 113 6 41 57 95 106 99 190
    41 202 211 78 197 51 42 44 40 229 150 237 47 61 47 242 225 146 119
    55 98 122 177 112 1 64 42 77 223 184 237 127 247 126 124 191 188 114
    205 162 15 52 89 229 71 44 46 106 227 99 205 140 52 181 122 209 208
    5 52 35 232 103 154 55 30 228 113 86 87 220 247 212 219 252 32 1 102
    106 124 253 126 214 51 4 174 101 202 4 249 132 31 15 228 190 147 189
    84 232 93 115 232 160 5 23 224 138 105 220 235 51 71 176 245 185 109
    176 150 162 110 25 68 87 50 197 58 46 28 158 123 212 121 98 177 80
    133 1 214 1 119 80 237 90 127 239 115 106 125 225 146 78 156 209 237
    219 20 67 239 144 115 50 122 231 109 29 33 246 156 219 180 97 219
    117 120 247 155 177 236 199 156 217 12 37 191 160 234 217 196 195 66
    250 108 178 221 120 30 97 235 239 86 23 87 209 47 153 62 210 221 92
    64 113 198 202 176 14 90 226 222 21 37 141 162 254 8 40 63 120 143
    45 215 175 110 9 210 71 106 230 111 148 192 63 53 188 173 229 236 49
    111 15 40 100 115 98 67 236 12 237 32 77 212 173 4 154 221 196 94 69
    196 210 146 123 135 3 191 156 100 45 225 27 249 76 245 206 230 87
    169 54 252 65 230 217 209 157 136 32 13 1 26 60 154 120 43 97 175 86
    132 179 245 59 252 107 144 189 105 138 143 46 151 219 203 211 82 142
    49 155 9 51 137 125 118 232 205 211 97 181 182 229 153 131 138 9 134
    47 182 105 128 57 185 32 197 105 123 117 164 218 239 79 177 155 52 1
    173 174 86 122 255 252 173 226 214 194 5 229 246 11 13 75 97 227 194
    25 160 157 49 149 115 53 64 231 30 145 39 253 55 187 75 215 104 152
    97 2 92 216 30 232 45 42 211 95 191 103 185 65 92 53 74 49 39 140
    232 32 140 166 173 172 51 19 142 162 223 115 249 19 42 166 16 105 2
    86 157 50 203 70 200 82 141 56 61 244 102 64 60 10 83 190 51 73 107
    111 249 38 156 251 37 86 126 114 248 62 88 83 135 26 219 143 60 94
    220 249 157 194 80 215 81 170 88 147 223 134 14 62 136 226 124 210
    141 225 32 64 32 112 82 30 168 124 164 230 51 53 97 41 118 65 148
    148 20 155 69 183 41 52 177 45 222 179 231 143 125 219 140 185 210 1
    177 95 72 174 58 199 40 210 51 122 234 218 85 9 195 128 25 151 110
    236 212 100 196 228 87 153 27 248 233 136 160 63 110 159 38 235 13
    10 239 40 111 15 116 255 188 59 131 88 175 184 53 0 63 240 106 25
    173 215 202 128 165 55 141 61 32 96 136 10 185 44 16 10 252 2 171
    233 10 187 155 40 196 178 119 105 227 178 107 110 78 216 133 74 145
    73 38 226 250 15 229 126 242 99 243 131 101 208 195 202 182 167 12
    70 160 213 195 251 239 210 144 103 225 183 47 114 215 34 198 134 115
    1 218 44 37 216 17 85 218 12 226 109 53 40 241 97 169 66 145 189 202
    212 4 19 142 22 4 98 60 47 69 152 30 71 200 210 221 26 94 211 92 185
    217 38 141 81 203 65 176 64 218 1 94 216 167 36 196 177 40 168 191
    106 29 17 190 23 128 251 177 35 138 84 188 52 164 237 159 132 13 53
    165 149 99 222 198 226 207 17 63 247 50 141 51 210 97 43 174 68 149
    49 73 122 71 74 77 227 32 139 204 74 42 247 21 31 178 145 79 129 211
    128 102 59 254 186 36 143 237 137 219 25 211 16 12 253 227 85 250 49
    8 124 61 195 117 211 204 221 99 105 229 254 238 190 41 91 118 218 54
    56 30 46 17 212 13 118 102 141 116 202 127 152 208 9 243 27 179 96
    91 146 31 93 30 93 255 98 192 225 171 243 217 246 67 235 189 103 207
    92 67 60 223 88 16 43 131 227 82 34 229 11 56 116 6 210 109 29 131
    152 175 142 253 74 157 7 11 53 197 54 187 150 78 36 105 207 125 68
    130 212 43 58 119 105 77 183 206 0 129 141 46 19 204 222 17 140 237
    112 169 232 173 14 113 135 221 58 72 25 19 211 79 3 83 211 239 113
    165 128 186 158 67 96 32 66 140 165 230 76 70 88 155 208 158 255 0
    13 159 58 16 167 30 247 10 79 150 87 97 214 136 159 60 47 14 53 107
    28 74 233 244 93 170 159 141 150 66 128 57 252 89 2 21 41 117 170 55
    123 233 109 185 201 153 213 146 210 32 24 155 142 198 179 117 72 114
    38 34 241 155 141 133 204 253 66 244 141 14 122 9 92 121 245 171 101
    232 89 172 114 132 253 47 100 8 79 153 43 122 122 172 145 236 70 103
    226 171 49 205 105 100 45 218 56 116 108 72 10 49 136 114 176 199
    249 43 53 40 91 99 0 238 203 137 210 52 90 49 67 243 64 197 20 5 245
    199 188 177 188 239 235 132 69 245 139 58 109 189 49 30 245 161 203
    216 255 187 40 136 215 231 70 48 57 96 95 40 243 113 199 138 204 208
    206 38 33 159 154 7 121 240 84 94 224 219 118 245 26 219 69 5 60 137
    227 65 213 138 214 123 192 136 97 144 179 23 8 123 84 98 138 184 212
    160 104 195 252 4 104 191 254 99 127 203 102 75 195 155 238 47 57
    191 169 171 98 136 22 207 66 44 52 244 84 215 80 203 138 167 20 69
    25 146 183 95 23 125 207 41 163 80 245 76 201 138 108 200 28 219 0
    248 202 41 3 211 79 252 124 96 252 183 132 134 91 156 234 88 126 45
    120 88 135 204 132 134 37 134 75 15 78 129 96 43 129 42 205 116 213
    198 66 127 44 208 46 131 1 89 145 144 250 177 141 57 176 59 19 148
    109 233 244 160 25 145 64 153 166 114 222 125 58 43 125 140 197 199
    239 49 186 7 86 55 31 226 139 181 70 221 50 19 115 45 213 95 204 70
    210 216 136 230 185 50 135 253 34 45 250 194 210 168 113 94 237 112
    122 93 80 142 92 190 209 65 252 26 116 49 86 254 207 216 52 234 153
    254 123 111 160 76 17 17 138 151 202 162 123 69 7 192 113 217 72 47
    206 200 244 185 234 201 195 21 218 142 164 165 185 241 108 136 49
    106 227 202 172 106 77 253 12 58 89 122 219 159 132 39 21 171 137
    202 155 17 7 191 6 37 162 115 239 233 94 222 215 69 31 238 104 225
    198 180 138 71 113 24 163 150 90 189 1 182 155 127 132 35 85 173 41
    224 73 203 4 2 191 12 36 135 91 129 76 101 14 161 116 11 225 230 131
    33 242 217 234 37 139 45 131 128 7 111 182 193 100 241 103 181 77
    204 221 75 158 94 136 75 6 115 94 82 173 159 228 37 76 8 33 24 148
    147 242 134 72 249 93 221 174 253 166 152 14 12 28 95 116 116 59 171
    232 32 34 19 193 255 50 113 56 109 242 31 75 91 66 142 193 84 85 118
    88 116 142 252 82 138 246 72 173 166 53 160 168 80 225 228 54 195
    177 71 62 116 172 195 4 122 120 70 232 211 159 252 45 40 159 215 27
    91 205 104 144 146 253 230 247 76 166 12 102 94 10 231 93 94 71 32 4
    231 53 13 160 179 186 53 108 97 241 141 246 189 200 177 77 137 124
    44 55 161 79 244 4 58 33 118 114 114 161 138 137 254 43 230 149 166
    76 227 70 189 72 187 233 255 173 178 209 240 182 172 6 9 250 230 93
    169 55 103 68 254 137 52 92 181 139 65 51 90 46 139 108 209 205 54
    218 79 146 108 63 97 99 222 211 200 70 126 241 199 1 250 60 217 38
    155 50 81 186 157 252 142 111 56 96 150 158 65 142 11 179 28 163 62
    10 4 186 9 145 140 7 60 30 45 197 92 109 138 190 68 97 139 194 97 96
    144 8 149 120 111 151 8 81 245 18 37 190 188 223 166 20 101 112 177
    62 191 56 71 166 67 127 134 69 114 12 51 149 188 20 72 85 175 232
    199 255 167 181 142 106 22 172 244 205 46 221 217 186 101 115 21 83
    30 227 130 125 98 211 228 201 157 7 131 207 84 173 122 130 47 146
    184 90 107 9 214 235 80 3 79 77 41 207 191 200 42 162 169 2 50 25 88
    15 212 79 18 81 78 63 163 83 64 115 171 216 91 27 31 114 56 0 76 50
    127 14 128 23 86 194 162 58 2 185 118 117 20 49 137 48 171 191 42
    217 195 137 240 5 213 249 63 226 69 159 74 109 254 230 226 5 221 153
    174 76 134 190 106 127 236 100 47 63 90 42 132 189 100 4 246 92 199
    205 177 113 137 87 164 249 112 204 60 255 50 81 20 61 182 154 1 161
    102 59 233 134 139 47 80 129 144 245 140 237 113 250 77 54 229 218
    15 71 195 24 73 211 16 85 84 202 87 163 3 192 213 209 235 38 189 162
    249 108 192 136 240 21 191 104 52 241 158 103 213 148 219 164 48 209
    8 184 223 69 235 51 187 19 141 239 250 220 129 31 70 75 89 237 244
    157 96 66 64 205 16 26 250 204 37 71 210 106 139 32 154 158 109 46
    102 222 18 140 145 210 221 124 242 66 156 122 86 2 162 154 26 22 75
    11 249 38 212 176 252 89 150 205 55 70 41 29 220 145 169 112 14 251
    114 27 42 99 70 79 196 76 13 131 182 156 80 84 115 214 159 215 195
    209 60 188 30 214 147 55 44 126 127 207 7 236 126 75 39 208 43 175
    158 220 3 20 95 137 55 75 33 205 20 84 34 51 51 16 178 29 173 69 91
    155 194 121 225 55 164 170 73 222 119 90 106 64 21 245 250 7 142 172
    54 67 209 190 140 211 200 226 230 95 37 238 20 101 16 7 4 219 149
    196 216 187 98 110 138 183 73 183 94 132 220 240 134 81 172 4 235 68
    205 155 95 169 8 26 68 201 76 171 240 254 207 227 132 146 227 56 115
    172 242 5 114 193 162 35 137 52 253 101 151 134 122 175 143 50 229 6
    3 108 220 138 43 31 206 45 72 116 66 48 229 164 228 185 116 82 218
    73 117 155 57 175 191 26 199 0 7 26 11 78 124 204 249 135 251 4 8
    168 250 235 221 143 146 69 100 86 148 201 66 65 71 163 194 175 188
    177 128 88 106 184 118 193 59 200 220 223 4 141 46 74 18 94 107 83
    120 25 240 165 131 17 167 42 19 7 115 30 83 8 68 251 46 101 212 177
    207 220 102 127 44 119 203 76 59 221 103 30 137 148 153 62 254 237
    163 57 212 205 166 131 122 26 46 229 36 103 186 251 16 92 68 11 206
    176 80 252 106 149 37 45 228 120 2 182 94 123 188 220 206 161 179
    159 87 59 86 236 35 134 151 17 130 212 149 24 31 184 21 52 118 106
    133 222 120 186 237 254 189 8 182 223 39 218 53 88 86 87 0 150 19
    174 125 33 119 158 92 185 43 65 169 118 178 203 36 124 165 35 21 24
    220 149 153 51 165 95 114 129 97 27 25 221 171 110 247 138 235 132
    242 215 11 46 119 29 108 118 147 11 142 36 181 91 9 16 98 60 210 75
    45 75 59 31 83 199 252 135 190 14 171 164 85 154 2 202 103 98 98 216
    83 55 35 67 127 37 7 21 51 81 35 25 54 6 185 27 48 144 75 146 38 77
    104 6 92 34 32 240 122 140 101 105 219 64 43 14 105 178 222 203 14
    252 69 195 14 122 89 14 127 84 128 128 198 165 219 134 226 46 6 78
    166 103 195 108 156 141 58 110 171 22 233 85 235 7 216 37 189 67 164
    243 219 98 210 242 219 2 155 64 10 189 133 63 77 106 112 167 160 55
    12 2 172 104 187 32 104 242 28 37 63 88 53 44 198 10 180 62 116 157
    203 180 136 243 49 42 230 31 235 84 134 7 10 17 218 234 159 135 221
    105 61 48 248 25 62 75 5 92 71 199 190 81 145 39 57 36 74 173 124 8
    77 185 56 4 217 229 13 84 148 228 236 116 98 112 148 31 204 186 194
    172 150 206 171 196 147 127 11 238 61 247 172 74 229 83 55 165 234
    226 95 159 242 220 75 118 136 145 130 95 202 15 144 60 245 222 15 3
    192 2 221 178 148 125 234 36 8 136 151 20 245 181 74 197 155 191 139
    204 9 167 4 23 127 8 88 76 212 166 76 60 182 175 182 183 234 110 89
    155 100 74 31 85 119 174 62 50 89 57 191 189 90 210 69 226 137 64 57
    131 218 42 84 185 228 238 193 4 213 237 200 140 80 182 218 23 112
    145 65 105 11 199 127 217 45 156 189 242 43 36 202 168 140 212 218
    61 142 15 224 156 60 212 177 102 62 101 233 186 132 161 28 237 251
    188 80 170 13 229 239 111 88 92 78 192 172 192 249 54 220 145 19 128
    250 85 159 204 110 181 49 113 246 165 153 161 101 204 124 80 13 231
    122 41 94 225 102 232 203 124 135 139 123 150 223 23 6 63 128 29 70
    75 2 41 195 141 8 240 247 82 233 161 242 122 191 41 227 130 150 252
    62 187 215 88 250 163 8 255 158 18 109 46 209 88 167 154 1 116 86 66
    24 84 116 32 66 190 76 115 58 175 73 16 18 43 185 224 227 14 29 124
    25 100 172 129 145 117 243 13 58 199 103 150 120 132 230 70 106 91
    157 85 161 110 86 166 177 56 205 112 181 148 204 209 34 139 109 173
    230 183 229 27 211 48 222 166 184 243 137 248 184 61 188 234 100 191
    131 88 214 160 101 69 112 150 170 61 11 211 178 41 1 6 27 156 160 46
    15 39 28 135 96 118 28 124 201 121 136 127 140 202 62 235 95 215 231
    108 100 58 216 213 188 131 62 161 218 68 5 212 230 122 215 15 2 89
    37 207 75 235 187 111 124 170 169 97 66 83 108 238 69 82 96 0 64 223
    194 65 13 224 15 223 45 216 59 213 2 117 81 28 185 29 179 37 149 160
    122 97 71 191 29 60 58 220 33 19 37 188 14 116 134 50 254 114 6 206
    252 122 57 24 137 132 155 88 3 215 136 7 16 40 40 94 130 46 78 152
    50 78 86 236 43 215 155 221 26 41 15 109 140 128 200 67 54 218 192
    219 52 109 240 110 230 156 132 100 221 116 9 14 39 99 108 112 126
    151 201 138 36 123 124 38 120 99 237 88 129 105 151 38 57 255 177 84
    160 63 26 81 17 196 34 76 35 190 2 114 81 126 20 128 36 37 36 234 94
    240 213 159 33 187 126 20 162 230 110 111 186 128 67 3 24 252 63 133
    132 84 15 64 171 83 251 155 28 28 96 198 87 5 198 140 7 20 148 108
    164 45 195 191 65 138 236 124 249 24 168 18 52 89 164 146 207 14 206
    235 58 43 24 57 53 190 240 180 251 121 94 137 80 218 23 195 176 0 65
    151 182 128 77 116 74 213 67 19 166 211 31 154 65 242 159 76 8 152
    98 4 1 244 234 192 71 132 9 110 155 0 19 11 29 110 211 128 174 170
    183 7 87 173 236 97 238 64 44 82 89 26 94 60 15 170 115 195 159 141
    131 249 8 119 145 62 106 247 163 175 117 17 216 20 142 66 78 173 178
    253 243 13 188 120 128 109 142 61 129 217 124 227 251 153 109 229 62
    91 50 66 83 134 253 113 163 132 119 53 252 10 157 73 111 231 62 163
    26 84 168 119 218 178 204 69 181 252 215 138 182 115 100 191 201 132
    25 163 182 158 104 92 32 176 105 14 128 124 185 32 53 81 222 179 252
    117 221 115 207 247 182 2 182 245 70 209 64 231 54 104 245 87 67 1
    109 44 255 121 135 112 50 250 77 2 3 55 58 174 147 107 133 197 195
    149 240 217 20 107 215 15 99 242 21 122 190 92 81 223 221 150 48 137
    229 120 46 55 33 82 245 61 49 167 249 173 209 121 140 48 224 130 188
    83 29 216 45 144 180 2 180 244 115 211 47 194 20 181 59 115 133 56
    150 67 228 3 51 236 198 149 37 11 112 83 41 137 8 190 64 106 96 131
    254 56 226 72 104 98 200 234 36 67 39 232 225 204 7 138 79 136 7 173
    226 155 76 69 172 160 174 73 101 42 124 214 19 33 141 243 88 8 248
    114 111 97 191 162 240 122 245 79 211 79 3 109 175 82 118 228 39 27
    96 249 32 86 101 60 175 150 246 175 147 175 137 19 122 40 22 74 76
    251 124 175 75 4 156 239 5 179 98 18 115 101 171 177 82 154 14 170
    101 197 183 96 212 5 71 233 38 48 253 192 219 35 19 255 43 39 167 19
    207 219 155 171 197 110 23 173 97 253 164 147 212 247 38 141 119 14
    181 129 238 72 212 117 12 103 216 178 242 125 132 26 186 109 221 97
    36 34 146 190 14 255 171 154 79 33 153 155 86 197 74 156 130 214 72
    124 29 201 89 87 242 103 240 48 44 65 217 58 131 146 249 41 124 107
    182 86 111 81 233 170 230 75 2 206 105 65 199 18 229 100 176 98 157
    45 121 208 118 208 181 178 69 201 234 177 134 237 72 204 211 153 53
    31 83 214 154 251 134 31 159 249 77 89 94 207 71 57 59 26 187 112 6
    151 132 150 77 99 96 143 44 95 19 122 27 156 108 217 63 136 162 135
    136 188 97 137 198 254 184 210 147 56 179 205 154 114 101 120 130
    149 166 26 165 51 17 166 150 205 23 203 94 210 98 172 67 234 73 141
    108 122 34 80 3 35 71 192 51 197 195 216 205 242 233 214 21 22 175 8
    193 213 243 163 97 192 26 78 76 214 76 84 35 4 81 170 125 1 32 58
    184 13 191 192 254 22 106 66 204 238 115 18 12 112 123 50 121 229
    255 249 45 214 119 155 192 145 2 170 159 135 121 23 208 94 47 247
    127 175 119 229 24 16 127 103 46 172 156 66 179 59 99 132 30 211 155
    229 164 194 125 191 26 213 50 194 155 159 124 153 35 129 13 92 9 80
    235 21 100 123 159 158 212 224 207 49 110 138 14 164 135 169 121 217
    108 137 159 170 134 215 215 160 162 9 54 64 118 242 172 82 21 90 211
    85 64 167 110 233 251 71 250 100 94 223 190 124 16 138 227 25 63 96
    47 244 56 246 173 172 141 161 149 201 166 30 120 190 204 66 224 2
    233 6 127 159 29 87 195 200 202 42 31 133 6 188 40 59 220 209 222
    166 167 98 94 174 55 156 192 0 104 251 142 230 22 209 33 236 202 70
    43 241 30 28 194 40 180 86 180 141 207 33 101 36 72 41 97 235 136
    112 197 208 70 101 243 215 27 253 88 22 156 150 105 140 214 243 109
    151 145 86 106 73 134 119 40 86 171 174 248 132 194 124 228 84 110
    187 219 209 58 58 117 46 26 136 223 117 63 112 208 231 235 122 91
    195 229 0 188 202 29 150 124 109 179 103 166 66 111 19 211 75 136
    100 181 39 107 198 245 121 146 175 43 114 150 156 204 117 221 182 44
    2 65 254 20 235 136 236 63 217 187 96 102 14 58 208 24 240 189 78
    187 117 24 167 26 106 220 105 187 68 19 78 74 189 1 249 107 2 49 247
    80 208 165 205 41 194 109 219 197 253 225 75 177 193 58 124 186 187
    87 255 108 241 67 194 116 105 52 222 73 230 193 2 224 4 18 83 160 86
    99 108 139 72 79 72 186 168 118 103 7 59 199 233 244 148 169 224 47
    17 249 69 201 193 204 65 171 108 174 48 75 86 230 175 246 102 8 6
    241 216 65 205 143 78 160 92 92 251 223 64 252 160 106 124 145 201
    88 21 254 12 192 182 76 8 188 191 132 3 121 144 165 208 127 232 134
    246 97 63 195 214 152 184 17 101 121 80 190 74 4 33 87 236 221 181
    162 53 126 126 65 195 229 146 126 89 36 23 115 45 124 154 22 49 43
    188 54 249 227 7 23 13 10 211 122 53 196 169 144 66 4 168 101 102
    248 187 122 201 21 21 208 58 17 187 211 15 13 6 212 57 245 75 43 101
    251 109 111 243 46 91 194 52 241 146 60 37 253 72 169 181 139 151 53
    194 19 166 16 243 223 214 224 241 186 241 117 58 85 19 106 124 35 92
    58 52 85 179 43 169 37 88 159 46 96 249 118 158 100 198 235 190 18
    234 52 239 199 200 39 146 24 74 34 49 199 231 160 55 0 101 137 103
    167 152 94 62 60 72 58 194 162 27 117 67 202 71 121 101 148 18 160
    121 110 147 66 252 189 123 160 231 46 225 64 156 198 103 140 12 76
    42 221 186 232 42 222 232 193 234 145 7 223 176 203 88 248 96 147
    211 130 1 101 181 35 126 176 65 221 57 48 116 173 247 88 197 161 16
    128 25 120 246 108 84 46 105 212 111 10 92 41 71 210 236 28 137 19
    38 102 135 83 206 89 22 166 163 5 76 28 31 8 82 109 84 245 105 33
    161 154 177 113 244 56 194 69 5 202 232 167 39 64 24 104 122 173 45
    166 39 57 214 109 28 182 54 156 172 170 246 157 9 221 114 199 129 47
    92 236 152 102 32 76 22 158 140 229 172 235 220 217 70 200 177 111
    178 218 226 9 239 66 141 203 217 64 206 158 212 178 236 233 76 25
    146 168 245 153 8 210 63 8 162 102 251 5 178 134 96 174 143 31 119
    191 73 56 37 129 208 60 218 187 198 216 118 176 7 248 92 185 202 56
    100 174 194 75 86 239 185 64 133 246 114 238 217 54 82 135 213 120
    13 179 10 62 229 203 8 173 9 64 182 106 251 88 228 199 249 132 148
    146 116 49 87 220 155 246 55 109 170 153 93 150 145 0 212 252 187 0
    255 9 215 82 111 76 187 227 252 189 133 251 21 181 139 73 23 9 143
    194 40 205 20 182 214 56 169 33 171 54 210 190 104 136 19 252 147
    112 38 113 55 149 167 89 113 90 130 189 228 198 208 224 234 36 243
    14 44 218 93 60 26 201 92 6 210 198 84 9 81 112 12 138 62 38 231 88
    178 179 241 219 71 203 242 14 109 1 218 29 184 29 99 121 196 230 151
    191 204 226 30 90 7 88 232 160 115 97 59 236 50 52 87 48 93 100 249
    201 92 85 81 79 85 133 175 114 183 130 64 208 224 78 81 247 210 195
    191 77 78 221 185 194 5 213 110 205 168 134 196 227 173 118 78 144
    176 81 103 164 251 254 223 134 248 210 140 107 1 138 232 86 174 212
    253 168 86 99 66 254 60 225 11 1 72 69 228 38 87 81 113 153 188 150
    1 67 100 92 106 8 63 105 120 83 101 152 17 202 211 83 107 92 97 243
    123 234 41 224 115 78 152 191 175 165 246 241 112 34 145 221 48 130
    47 172 172 27 223 121 37 65 183 32 79 42 163 123 243 212 230 254 118
    248 15 129 83 18 238 163 205 61 247 223 196 233 248 200 4 230 138 92
    160 109 63 146 16 161 252 145 3 35 233 22 204 104 243 32 32 130 116
    235 107 107 179 102 0 190 52 97 243 169 32 87 36 198 15 162 202 224
    150 101 107 78 176 239 96 194 14 226 213 220 204 71 182 68 8 147 60
    78 79 111 211 172 178 243 156 188 173 249 196 32 111 103 185 52 93
    230 85 222 219 160 116 227 223 61 66 146 61 245 245 114 53 142 73
    155 166 201 99 73 109 199 80 123 142 200 68 1 84 137 197 8 253 203
    185 232 236 87 233 68 151 80 223 18 41 168 223 120 238 110 40 99 1
    248 66 212 208 203 236 144 250 212 22 178 141 71 80 239 88 137 51 69
    24 108 217 150 114 144 78 22 9 181 67 207 63 47 128 162 175 30 197
    92 5 74 54 141 82 193 239 235 230 209 61 123 139 211 250 20 170 107
    82 0 107 33 9 38 227 155 236 229 51 35 70 229 47 62 221 4 230 81 150
    115 142 173 220 161 152 239 196 95 255 255 182 185 149 27 197 106
    179 246 31 59 135 62 61 49 1 65 33 0 188 114 110 4 141 110 19 63 141
    240 129 203 201 93 247 58 152 169 189 136 123 164 148 229 172 149 72
    154 117 52 172 108 30 208 106 173 105 118 165 84 228 251 167 74 140
    61 245 15 182 195 58 132 66 142 62 109 202 191 236 231 92 66 16 234
    96 242 214 195 151 76 186 78 93 27 247 253 34 1 119 155 230 117 186
    69 132 84 60 63 60 63 36 189 135 198 244 84 160 232 248 84 174 31
    113 37 72 178 227 227 211 170 221 184 38 71 162 64 11 253 120 77 76
    89 247 252 217 68 6 110 184 220 147 215 254 23 27 150 136 200 228 31
    76 215 131 99 224 84 10 154 67 77 218 70 250 19 69 177 191 123 167 2
    101 130 77 7 18 15 226 51 236 113 43 159 133 142 36 224 211 127 159
    105 5 129 241 132 36 164 251 148 66 53 21 232 39 69 35 224 31 203
    197 18 153 150 65 23 177 79 168 159 241 219 128 126 205 95 56 249
    186 44 95 47 93 255 117 203 182 222 47 178 62 197 21 93 228 44 45 85
    91 16 128 18 29 175 81 192 166 178 252 91 161 236 77 210 33 21 96
    230 15 38 251 30 212 104 158 26 242 12 241 150 73 36 202 214 27 138
    67 200 12 216 249 229 91 24 118 39 79 31 112 59 3 243 49 17 9 253 77
    236 182 2 202 113 217 140 224 112 215 74 252 142 198 140 42 71 164
    225 123 59 201 19 120 231 240 61 125 74 164 222 93 246 12 228 91 223
    144 124 163 240 146 224 150 159 180 49 5 50 117 58 122 44 90 242 173
    236 110 177 203 130 114 149 39 1 18 163 58 16 171 246 230 225 92 150
    59 144 201 33 45 169 250 124 40 164 13 44 125 167 13 158 79 1 201
    238 216 246 16 131 141 5 213 148 133 161 67 166 147 245 40 206 46 32
    249 92 137 197 105 60 206 14 101 242 207 170 243 251 18 164 145 142
    157 206 227 168 19 45 176 44 77 157 195 3 82 168 193 68 47 184 124
    115 39 0 87 220 82 129 11 130 1 154 78 160 118 191 250 4 42 243 83
    51 193 226 122 4 159 135 194 169 218 240 132 72 114 50 154 88 141
    204 232 55 154 213 208 122 24 68 224 133 197 168 24 110 165 46 136
    184 154 199 185 156 27 248 73 249 197 233 117 38 178 178 58 107 81
    145 127 114 52 106 24 113 127 48 218 205 155 169 51 208 94 232 94
    201 61 7 153 154 192 172 15 219 251 133 149 183 195 185 217 243 59
    249 90 10 47 218 235 255 172 100 50 120 34 76 102 141 194 179 92 54
    54 40 255 174 24 184 133 236 98 252 4 43 149 220 69 141 48 184 106
    83 105 106 52 228 17 205 237 103 239 221 17 210 185 50 31 168 228
    216 17 33 196 126 182 20 245 57 116 148 76 238 84 110 38 13 34 252
    235 205 193 123 215 86 136 17 117 237 211 135 8 241 230 27 13 114
    234 250 162 29 133 59 149 13 216 251 80 216 19 77 226 11 85 95 22 44
    71 196 46 57 176 182 244 145 166 169 248 2 39 7 181 100 55 253 80
    126 150 119 71 59 246 105 113 44 251 46 110 53 143 198 86 149 226 6
    46 253 79 181 228 226 7 233 0 107 251 140 229 132 44 243 4 56 51 204
    238 18 117 93 43 245 122 235 252 194 210 23 182 125 0 112 22 94 134
    231 23 100 168 229 174 76 117 225 12 71 194 120 216 223 165 207 203
    97 77 13 239 109 40 244 67 250 206 206 133 78 30 138 149 55 211 16
    200 89 89 226 37 162 190 77 250 62 192 92 214 16 199 242 143 158 228
    69 207 115 221 156 254 90 39 16 76 39 89 230 13 13 12 213 161 240 22
    169 82 22 43 120 96 172 118 237 119 90 115 11 182 80 12 128 145 30
    150 251 107 231 137 91 17 36 46 119 52 62 179 48 111 191 108 90 140
    26 210 105 170 234 156 226 0 166 84 95 158 155 64 43 179 201 7 101
    97 102 76 42 48 18 107 190 56 194 11 251 210 29 0 31 95 237 168 251
    159 204 213 184 24 113 166 61 74 149 97 142 67 244 137 245 86 61 104
    127 238 23 15 160 169 128 246 5 108 162 47 140 212 98 8 132 149 179
    168 160 180 115 189 141 172 86 60 66 68 135 166 105 24 111 199 240
    212 26 28 133 34 218 33 245 187 218 31 202 201 89 143 32 201 36 202
    73 181 25 41 243 255 24 165 87 13 157 170 95 67 205 150 74 194 229
    134 3 101 142 49 17 22 45 71 188 166 136 77 90 132 26 77 170 141 141
    81 54 14 235 196 187 194 12 182 25 100 199 222 49 4 48 90 36 111 150
    111 45 28 44 26 158 221 230 7 115 248 251 73 14 201 226 232 220 174
    204 30 70 69 151 101 107 176 202 113 209 247 252 127 124 121 191 62
    70 71 59 70 210 225 243 65 2 217 163 42 96 215 196 158 203 210 243
    124 112 189 245 77 237 218 150 171 105 145 122 206 177 233 64 158
    211 112 177 11 213 18 243 216 207 229 136 127 20 57 138 212 112 41
    17 169 233 117 92 190 224 50 127 145 96 81 93 29 161 141 212 207 114
    119 43 64 94 31 123 239 232 146 76 254 101 7 32 91 125 126 144 146
    47 223 175 43 162 41 223 186 184 119 12 243 187 74 71 188 97 126 100
    100 146 33 63 145 180 251 186 42 72 144 201 216 50 51 211 213 50 71
    147 226 63 169 240 146 85 192 17 89 90 232 122 147 170 33 45 255 8
    164 161 243 192 103 42 28 113 55 72 244 65 235 97 176 134 197 174
    139 121 17 59 34 33 95 75 58 255 44 12 239 55 210 40 95 55 119 59
    108 168 8 61 52 143 182 7 239 51 126 191 249 55 79 160 45 39 182 157
    127 94 203 113 193 80 173 249 39 251 215 12 0 157 70 143 109 139 237
    150 40 123 245 52 123 197 106 161 3 52 42 141 38 152 7 39 223 121 96
    64 19 5 160 254 115 242 80 186 75 2 35 158 206 164 98 164 16 44 161
    73 39 44 174 43 92 44 224 252 32 219 232 198 56 183 237 179 185 164
    206 12 213 208 199 217 180 226 102 144 195 245 43 107 108 111 198 30
    149 61 88 100 128 225 197 168 49 163 189 253 91 207 60 132 123 212 3
    212 206 132 210 181 218 14 223 143 82 216 107 105 37 223 143 10 85
    154 63 53 252 227 83 10 155 40 24 71 142 90 206 78 85 117 247 254 80
    223 96 44 84 132 19 158 160 124 164 212 102 202 72 47 118 89 107 108
    228 89 174 65 239 133 209 101 188 210 124 190 11 31 95 21 254 141 37
    163 172 54 156 251 161 109 199 239 9 45 204 99 102 206 31 145 120 3
    240 243 155 73 250 255 218 186 239 251 114 115 127 176 238 54 252
    251 200 90 209 32 149 157 219 73 252 182 2 16 31 164 129 28 87 254
    175 186 82 58 73 85 33 181 160 37 206 228 37 124 159 154 37 132 56
    250 199 65 91 148 128 59 158 0 148 246 141 107 154 78 236 40 111 200
    210 235 119 207 190 188 236 181 166 100 46 244 248 130 0 192 19 109
    124 26 7 165 231 32 207 63 70 92 177 24 69 33 183 80 73 234 241 24
    96 198 73 53 230 103 105 134 238 170 146 152 227 27 190 208 147 188
    6 5 77 17 201 103 75 57 94 174 82 185 239 101 90 103 76 100 122 80
    243 120 126 44 233 48 142 31 156 141 244 36 173 107 78 28 108 43 29
    170 199 112 245 87 212 189 34 136 247 242 59 45 195 95 25 138 62 109
    224 217 220 4 48 197 241 160 44 107 58 212 129 68 160 125 88 180 76
    132 216 112 55 240 52 1 65 88 237 87 190 42 145 233 87 216 56 45 228
    142 201 39 249 4 24 182 37 153 184 254 158 165 30 143 129 120 34 58
    101 184 122 196 168 12 85 147 104 255 22 65 65 17 34 153 206 52 30
    158 99 165 202 254 160 40 145 134 233 220 212 90 62 173 147 117 244
    113 26 190 48 252 41 132 82 26 83 174 249 34 196 92 30 84 130 245 53
    221 245 26 157 46 68 216 93 100 120 123 60 124 30 254 247 65 187 225
    208 140 8 182 113 60 223 108 91 106 108 157 42 144 85 209 65 225 21
    7 62 168 244 238 195 127 191 112 65 148 152 182 14 92 159 4 92 8 86
    183 199 109 183 161 248 251 95 190 189 124 10 109 192 21 197 211 27
    66 25 65 142 98 141 137 253 89 181 28 94 97 136 3 150 242 243 2 29
    122 174 122 80 10 10 108 210 189 8 155 118 26 50 255 160 133 145 193
    241 209 51 176 144 77 58 202 237 139 147 179 251 171 77 222 36 47
    115 225 33 13 41 171 134 174 108 157 70 201 176 150 116 50 160 49 82
    103 113 64 180 57 176 108 246 173 252 54 237 142 20 102 61 162 184
    233 100 30 244 239 238 151 138 4 166 224 108 162 136 91 98 144 146
    220 54 145 112 28 98 39 188 134 53 135 70 195 166 105 189 7 95 255
    119 26 171 31 84 88 215 42 72 136 243 46 243 99 122 118 156 108 195
    35 224 120 234 69 229 132 181 73 203 52 163 227 219 169 57 239 237
    203 147 118 140 182 240 120 69 207 111 207 144 234 199 166 47 135 28
    214 202 107 176 211 180 250 233 132 196 185 170 140 135 161 161 156
    171 188 104 176 136 220 5 19 28 90 12 179 137 188 170 36 244 164 235
    64 97 72 177 207 236 183 255 132 142 46 30 194 27 100 25 199 174 167
    150 31 13 188 158 19 63 36 193 36 74 105 23 39 193 239 123 81 108 92
    246 58 129 157 245 64 3 77 109 121 70 49 200 29 55 242 217 250 171
    10 153 21 2 203 112 66 111 79 89 49 118 191 243 203 161 217 116 216
    167 100 31 241 217 78 38 238 254 28 54 167 222 111 197 142 196 11
    193 39 218 223 197 132 205 231 126 34 237 229 204 144 100 29 178 51
    23 43 89 142 52 237 239 31 202 0 240 81 21 124 92 4 89 194 56 32 33
    175 129 69 255 144 40 14 108 30 208 55 37 194 51 212 185 83 84 35 35
    127 249 157 229 240 200 251 159 200 141 68 112 84 105 221 36 240 206
    235 200 41 132 12 155 213 52 134 230 106 243 113 214 136 151 54 232
    32 0 39 9 82 195 160 89 119 99 222 53 26 214 89 52 241 49 241 221 47
    36 207 230 111 51 223 101 169 192 190 91 197 84 85 222 197 0 144 188
    212 237 0 238 106 119 8 70 216 124 100 252 76 243 69 245 72 188 69
    22 157 177 25 218 79 185 236 87 217 174 216 240 68 216 190 200 138
    74 96 167 135 221 54 145 239 149 87 210 159 99 9 17 100 79 254 163
    81 22 196 58 26 42 64 181 160 53 44 170 242 1 154 160 30 160 87 100
    23 209 118 225 101 203 118 223 247 238 201 107 96 68 200 60 165 27
    106 14 124 242 97 121 80 201 23 121 24 190 44 110 169 187 151 24 100
    79 237 244 142 218 109 216 156 253 67 54 150 62 255 196 69 193 181
    82 90 71 218 171 121 37 121 47 13 68 166 203 253 204 11 198 130 87
    122 156 47 41 169 165 65 12 215 37 40 130 199 64 255 63 170 155 53
    109 248 241 47 60 238 84 97 26 202 180 148 92 83 0 4 103 203 23 124
    104 21 209 230 248 212 95 92 45 237 245 51 101 96 250 113 85 238 76
    10 106 244 157 148 241 157 195 195 142 47 37 50 110 191 159 88 235
    116 247 25 58 37 167 121 121 9 97 214 252 52 51 233 214 155 100 227
    130 49 255 85 199 249 156 7 207 57 23 148 162 67 150 141 86 117 127
    200 162 119 209 216 238 112 189 156 159 14 229 142 223 99 185 98 135
    107 79 179 215 114 164 85 123 247 159 41 169 191 69 223 209 29 204
    188 96 215 114 246 232 5 123 193 80 57 43 69 250 66 41 193 175 75 28
    111 154 110 192 43 73 204 238 243 71 118 184 8 208 207 246 124 122
    105 166 0 43 87 126 255 16 104 219 242 0 232 129 105 195 190 75 95
    40 213 7 68 223 196 253 64 116 92 229 105 216 102 72 53 106 246 113
    10 52 243 127 2 213 152 249 215 96 233 177 236 200 131 66 76 64 115
    78 199 9 146 85 198 105 136 77 64 93 240 242 136 189 98 175 201 0 52
    89 157 215 223 43 52 154 67 197 247 215 157 86 252 73 194 153 106
    179 53 205 28 74 171 52 130 142 60 112 103 209 138 2 103 119 150 133
    7 155 221 148 167 154 223 243 213 41 255 102 132 1 13 67 83 204 116
    73 218 71 6 251 157 114 233 97 102 110 128 90 89 39 194 141 11 200
    118 221 43 65 44 2 98 20 69 187 177 26 206 253 27 200 135 93 211 195
    115 134 178 241 223 248 41 183 102 192 35 148 69 249 132 119 49 188
    57 215 91 182 253 247 86 137 136 166 101 207 22 91 5 170 112 228 246
    57 182 133 107 26 152 34 232 12 39 214 120 35 40 134 166 165 123 141
    160 196 213 109 227 94 246 225 114 198 176 198 108 117 210 64 214
    204 225 49 252 176 142 60 37 118 103 106 113 38 143 80 126 198 114
    214 142 26 95 250 11 61 226 119 108 195 240 204 105 64 207 72 244 26
    148 86 26 55 220 240 17 31 68 165 107 194 108 211 250 226 6 114 171
    65 151 246 95 153 245 95 243 80 104 111 163 209 59 98 143 221 141
    227 101 58 172 45 135 29 212 118 230 131 55 228 194 1 2 27 79 97 206
    16 188 251 82 12 231 160 39 182 20 15 146 221 224 208 24 234 5 36
    187 251 55 88 122 204 124 86 137 62 133 123 156 188 248 201 64 92
    211 22 145 83 137 24 225 190 127 47 8 148 248 74 10 100 252 106 249
    37 181 95 36 197 200 194 204 206 191 0 183 177 141 117 250 181 5 104
    70 41 29 176 172 248 50 133 3 22 68 103 24 97 19 49 248 153 89 242
    128 216 169 113 247 195 222 81 40 219 125 72 230 26 231 126 79 222
    83 9 29 138 191 132 190 42 19 195 241 167 250 99 78 30 27 14 27 237
    236 111 139 119 69 142 187 168 175 235 63 110 24 91 84 50 164 15 87
    172 226 54 157 80 20 142 26 11 212 139 19 89 192 235 198 221 58 115
    145 241 102 140 147 17 221 165 105 6 194 59 179 21 189 74 18 212 198
    3 44 237 174 242 141 212 10 34 52 97 167 86 199 211 239 137 167 213
    68 92 17 106 43 27 71 63 95 197 184 182 2 0 73 111 113 3 137 53 113
    27 104 208 45 194 102 211 150 113 70 42 11 86 151 245 40 83 227 27
    44 34 9 37 3 122 113 30 204 241 68 37 223 205 236 92 86 76 226 10 6
    167 162 99 22 196 249 191 60 104 158 8 10 197 108 25 176 39 68 68 92
    71 250 98 57 75 54 153 61 242 55 22 228 149 114 202 240 185 24 17 26
    53 64 65 216 80 5 179 236 11 231 112 26 53 80 255 26 233 140 172 248
    19 161 192 240 234 94 162 226 186 107 24 154 218 140 40 5 129 158 33
    81 119 163 91 42 220 15 193 232 227 245 227 240 201 12 144 221 89
    182 161 35 8 243 150 220 139 17 103 175 90 74 237 132 188 252 66 27
    50 93 133 203 210 158 253 255 10 1 93 95 179 252 187 154 200 205 151
    178 189 206 198 168 47 114 105 31 86 5 130 70 20 101 196 199 57 25
    14 69 195 191 12 85 61 168 155 156 49 146 160 33 202 58 187 114 10
    75 94 43 206 149 107 191 185 153 226 172 225 42 115 40 92 3 26 75 32
    75 46 25 246 26 144 168 133 68 3 91 253 114 208 41 71 8 33 251 164
    17 131 143 181 74 211 117 240 107 218 149 84 228 151 212 146 26 56
    45 134 72 141 62 71 51 100 233 255 208 223 128 150 162 164 239 67 23
    49 215 89 165 201 237 88 183 101 254 60 106 30 139 105 225 186 109
    83 82 55 70 13 134 212 55 10 62 110 55 39 255 229 246 50 146 1 95 64
    253 82 171 69 176 14 120 188 98 219 61 43 132 112 34 64 163 18 70
    141 167 1 64 90 122 130 59 0 9 161 82 169 124 122 241 234 175 181
    130 120 208 224 66 99 236 174 153 5 222 118 251 178 29 195 218 146
    105 194 178 31 197 124 105 124 73 20 151 82 208 4 91 213 232 110 177
    135 170 13 207 196 62 195 202 82 193 234 135 128 156 187 223 162 175
    38 82 170 167 65 45 23 28 231 106 253 204 111 234 83 52 145 86 9 127
    171 180 68 139 252 175 210 155 167 94 90 134 36 247 85 220 81 99 19
    14 251 9 195 202 60 185 229 2 116 150 254 109 162 255 123 41 73 128
    59 214 15 163 32 211 98 219 196 86 129 92 97 62 149 176 118 38 135
    72 21 112 109 139 102 98 30 248 111 212 139 255 32 24 137 206 82 13
    94 253 55 46 73 196 56 236 245 148 232 96 20 12 13 160 208 131 19 3
    245 218 32 54 66 247 59 15 184 105 177 198 94 38 222 177 157 234 82
    29 201 32 22 183 226 152 113 155 221 35 184 65 213 102 47 73 206 11
    196 22 165 42 227 114 239 7 12 195 255 63 195 48 17 16 69 238 147
    108 97 159 123 253 5 238 159 79 21 193 84 86 145 79 92 79 248 169
    198 44 48 159 122 244 190 82 149 208 100 8 170 62 130 77 195 238 75
    137 92 26 115 175 178 41 120 127 177 105 194 207 49 140 162 66 134
    52 23 56 212 214 207 39 147 190 194 98 104 126 22 160 208 68 32 47
    13 142 76 92 88 129 210 240 152 25 103 62 54 86 220 196 107 148 191
    169 20 95 28 165 97 18 104 214 193 152 39 189 231 130 7 19 238 163
    48 92 82 110 81 99 165 247 107 78 200 245 230 250 160 244 85 166 65
    76 163 227 6 146 41 104 92 149 80 193 149 121 142 253 33 77 182 255
    58 148 242 101 199 35 10 109 130 152 16 39 107 13 91 211 30 167 245
    146 88 171 143 186 164 22 10 210 237 173 107 66 239 57 120 109 6 115
    83 207 75 99 95 231 26 15 161 205 49 87 229 24 188 75 35 94 226 255
    18 47 77 229 153 115 200 203 72 59 139 3 248 205 177 23 193 181 16
    163 254 217 105 158 49 78 18 115 110 197 160 226 17 122 73 156 42 52
    6 227 112 40 78 98 68 29 103 96 25 127 104 23 0 101 222 47 230 248
    113 209 19 247 185 128 240 68 151 242 75 136 117 237 202 239 255 215
    183 35 181 2 255 149 97 11 48 159 50 35 154 34 99 171 77 169 72 222
    58 221 116 176 39 128 241 142 221 253 179 246 131 186 52 90 201 101
    31 123 92 243 60 40 128 60 107 159 82 223 26 189 224 202 46 199 221
    103 201 132 190 43 146 123 250 44 38 175 235 162 60 84 232 151 12 39
    103 64 4 217 99 55 73 230 66 77 22 171 88 125 77 33 246 228 15 3 254
    99 255 12 211 73 31 244 252 27 77 66 129 77 148 88 199 7 206 26 159
    220 236 192 209 85 177 143 209 103 161 130 136 64 58 21 37 210 95
    123 130 52 179 131 247 178 239 197 145 185 17 64 154 138 20 62 239 0
    110 232 173 187 172 157 167 89 74 158 216 117 146 96 211 90 242 66
    207 240 41 118 157 208 159 225 115 192 35 127 52 173 233 105 116 253
    49 252 205 91 56 85 105 188 181 67 224 169 112 85 49 21 225 247 66
    19 230 187 101 179 12 238 234 121 239 233 38 128 237 86 7 158 9 122
    127 123 129 124 161 120 105 210 245 60 32 34 202 102 42 241 20 208
    53 238 23 167 90 156 224 136 208 119 107 129 210 153 115 30 202 95
    46 173 34 99 24 19 137 211 151 42 199 152 247 57 138 141 7 142 192
    27 52 53 108 209 190 152 130 153 156 31 2 242 151 22 143 194 171 65
    42 177 12 124 203 208 6 74 172 171 66 9 78 39 27 76 88 148 111 190
    163 249 46 162 53 8 40 144 54 123 13 23 175 43 65 75 111 38 220 130
    206 49 193 133 21 72 102 64 92 54 190 168 130 187 138 229 212 165
    142 86 224 177 118 153 253 49 124 255 199 198 66 252 154 75 51 88
    156 168 194 7 21 114 186 136 17 19 24 228 245 202 21 230 53 121 209
    145 16 80 55 191 2 89 118 157 58 46 246 123 137 223 117 52 173 228
    248 212 156 3 154 163 68 81 83 197 89 46 16 108 12 205 206 217 40 21
    30 250 91 144 105 47 56 231 226 77 91 177 9 31 133 55 227 14 103 173
    44 19 124 104 150 137 61 16 100 115 216 255 158 208 111 8 52 73 6
    241 233 96 136 68 207 168 222 229 11 187 96 107 176 45 186 40 108 36
    97 189 13 162 243 180 246 90 7 122 143 130 121 254 185 189 194 13 15
    173 69 184 161 159 174 80 96 159 221 161 148 126 39 142 86 244 224
    246 178 66 74 158 134 126 230 175 92 229 103 142 240 97 248 249 58
    140 187 245 249 107 58 197 203 10 155 4 54 91 113 50 129 200 116 149
    207 5 195 128 226 106 188 249 67 98 44 89 37 29 101 174 15 134 204
    68 44 44 163 246 137 232 255 125 183 52 206 195 36 240 168 31 249
    139 51 72 48 66 31 138 23 246 164 139 37 253 53 157 119 148 134 176
    253 11 104 90 31 100 36 123 104 20 112 229 166 194 70 139 153 47 97
    99 215 15 234 236 223 132 140 83 80 214 125 59 192 31 128 139 25 32
    57 9 60 149 18 25 17 168 37 13 130 89 246 255 62 129 250 71 200 13
    60 134 131 97 177 225 45 226 11 211 48 245 220 242 142 232 234 146
    104 47 144 75 0 4 7 175 164 139 24 210 184 2 12 154 201 15 137 96 10
    32 78 246 194 204 131 197 33 177 235 241 127 68 92 231 38 4 241 133
    14 135 185 37 179 86 206 134 20 174 56 242 179 205 45 27 74 36 70
    184 243 34 87 11 51 234 105 216 174 23 65 127 119 103 97 90 215 160
    128 108 145 42 199 47 28 54 36 62 212 182 143 13 167 151 191 181 64
    22 97 88 224 57 100 41 100 210 31 244 166 59 90 166 147 204 44 207
    23 113 90 204 65 2 212 218 105 112 80 213 30 144 167 166 100 249 131
    165 59 1 209 97 106 178 169 187 156 167 144 235 75 188 214 57 9 210
    23 48 252 7 117 183 200 191 79 178 82 162 102 114 154 117 223 55 200
    230 10 41 89 171 18 147 155 213 177 129 138 201 80 30 67 161 210 51
    120 250 121 47 203 17 105 28 245 30 251 244 167 198 159 192 22 70
    185 232 37 185 139 7 249 165 214 157 100 0 42 68 148 181 117 121 222
    228 86 149 136 229 80 72 48 183 53 233 30 254 224 188 19 79 151 222
    92 42 83 202 140 237 30 117 63 21 185 98 130 39 134 34 103 143 62 67
    171 241 185 5 3 211 2 132 53 244 0 27 65 117 136 93 204 83 219 89 83
    132 224 237 40 253 128 109 8 194 116 28 171 190 192 45 100 187 240 2
    192 10 217 95 106 155 188 85 12 14 128 149 156 33 135 196 13 182 163
    229 90 181 146 107 2 88 178 159 124 248 206 53 198 248 141 5 53 29
    168 91 40 140 74 37 176 127 214 223 108 128 59 194 76 0 160 172 13
    243 133 154 116 177 48 253 46 209 234 89 164 210 232 81 160 100 27
    74 75 162 201 143 210 58 245 119 172 113 112 250 117 57 1 82 64 110
    234 27 49 140 16 49 54 113 253 99 249 123 140 70 116 106 171 48 127
    148 210 7 26 6 26 128 184 58 92 201 15 97 208 183 17 204 160 241 21
    237 160 1 144 251 114 230 136 208 202 225 118 48 129 49 228 232 199
    252 204 173 252 142 146 238 104 167 146 247 241 206 104 60 118 167
    129 57 64 170 113 35 226 61 203 116 113 180 219 117 144 142 109 226
    23 71 35 62 145 222 25 180 65 84 5 132 49 21 111 154 236 160 157 44
    213 102 57 131 68 35 177 36 43 198 138 252 161 14 56 24 30 205 92 38
    131 234 208 4 129 56 74 190 127 172 42 7 149 222 39 252 51 110 64
    106 251 21 52 140 134 166 86 150 150 127 183 180 170 40 53 77 80 215
    225 243 120 246 164 164 51 52 201 13 14 86 65 57 247 26 165 75 62 11
    47 240 112 23 204 176 195 69 130 2 243 159 127 56 27 11 19 87 69 128
    120 222 211 179 186 7 58 113 126 1 105 162 126 9 124 207 10 9 4 22
    98 193 80 30 25 208 103 6 235 136 20 241 204 97 203 187 237 75 191
    151 180 36 68 229 94 239 77 74 178 123 17 225 196 144 96 182 220 29
    62 210 40 243 247 101 29 51 112 65 41 169 42 1 12 92 161 35 75 218
    251 18 152 171 67 166 187 42 209 54 131 181 241 84 50 244 7 147 35
    16 108 172 197 70 167 245 160 83 149 50 3 4 195 59 115 128 245 213
    125 53 132 138 130 60 23 155 5 3 159 101 136 246 0 163 175 109 99
    139 246 64 111 9 67 129 44 56 148 18 93 40 176 251 182 186 100 13
    239 165 254 176 47 206 235 206 185 190 37 55 13 170 105 176 229 227
    144 103 239 128 55 172 213 119 70 216 130 118 131 47 46 184 174 157
    86 26 114 203 200 150 182 118 29 37 242 223 16 241 16 17 207 161 252
    227 99 2 239 4 254 144 180 250 246 166 106 98 127 167 98 112 7 88 81
    42 75 139 236 250 152 185 153 95 42 80 130 14 65 247 33 189 225 160
    2 101 216 7 24 61 4 101 20 62 78 230 22 71 241 73 90 27 169 223 93
    235 8 85 70 92 36 162 214 94 202 60 109 213 121 230 115 150 17 119
    101 113 170 193 22 2 212 173 148 168 77 86 58 62 54 236 19 118 37 8
    194 254 219 41 86 72 193 95 125 145 71 194 145 249 172 134 97 66 89
    198 58 5 160 20 70 55 227 233 40 91 122 127 130 14 174 93 209 239 4
    246 75 1 54 92 165 192 162 100 170 123 225 120 64 40 14 108 142 176
    22 15 212 71 228 200 189 129 127 60 221 11 121 116 26 110 94 154 91
    117 156 69 45 122 149 216 225 250 169 48 185 62 14 42 237 181 135
    253 203 248 194 232 166 119 163 85 137 97 56 179 159 90 174 217 232
    5 199 240 249 192 61 102 148 64 205 126 122 229 142 251 228 96 79 58
    179 172 158 165 243 77 148 245 234 189 87 41 41 99 153 230 43 247
    132 154 179 249 249 207 240 11 56 60 64 240 139 64 40 87 133 253 182
    107 89 233 111 137 199 121 247 178 138 40 2 247 128 1 69 211 93 207
    77 62 206 57 253 114 47 186 91 113 163 59 168 175 41 75 172 238 187
    66 57 213 218 237 129 244 190 220 120 83 105 130 242 79 252 115 176
    8 202 181 73 140 9 79 81 113 223 181 254 145 32 43 12 108 154 245
    153 23 151 176 170 127 216 72 1 211 231 87 45 102 138 65 58 189 60
    39 170 31 97 6 21 137 236 111 221 36 155 242 240 194 60 16 32 203 20
    134 85 49 252 83 22 36 222 204 52 6 125 107 234 70 190 57 129 254
    172 98 231 116 235 146 82 235 240 183 60 97 16 66 195 239 96 170 103
    0 143 77 16 241 78 219 54 87 116 54 233 16 58 185 73 244 243 198 46
    227 148 166 116 65 235 78 179 229 149 44 212 163 67 241 240 162 103
    113 17 113 20 5 228 119 173 211 111 234 44 192 15 139 255 230 24 84
    206 83 232 81 125 226 186 140 238 136 19 233 36 71 193 115 9 86 240
    135 158 189 31 149 65 254 69 87 188 189 169 148 164 135 230 152 127
    247 250 240 63 247 9 252 54 208 48 125 151 19 31 70 13 114 89 85 67
    243 203 217 34 50 75 121 112 156 228 234 95 77 156 10 101 99 47 210
    120 252 110 225 243 55 82 231 153 126 65 220 231 9 124 46 214 148
    165 52 30 158 62 202 42 56 7 74 120 44 117 245 131 119 23 96 254 157
    101 19 167 236 193 92 23 18 0 182 195 110 155 56 146 222 97 44 40
    191 183 1 111 188 251 21 103 183 175 30 6 79 116 38 5 59 86 219 63
    111 182 109 182 141 88 19 57 209 112 154 201 202 26 113 12 47 178
    252 68 112 201 104 216 221 15 116 79 73 46 233 205 133 37 5 161 20
    199 29 35 177 93 55 221 175 166 1 182 206 152 27 35 88 76 92 230 215
    112 212 220 48 1 59 180 231 22 184 124 108 3 171 41 246 29 134 179
    33 74 197 184 197 8 149 103 139 102 222 97 173 200 254 28 177 108 9
    3 61 178 19 23 44 111 167 124 41 39 189 176 186 115 128 225 32 116
    238 209 54 47 197 216 129 181 210 114 42 172 95 109 192 133 255 194
    36 61 4 195 76 33 195 234 176 21 80 48 250 17 123 149 45 237 33 58
    74 231 18 235 126 233 195 81 148 93 233 94 211 236 3 171 11 108 179
    62 251 158 85 186 226 157 101 232 255 165 85 223 211 20 167 155 136
    174 19 18 211 207 171 155 40 66 137 36 102 10 191 32 253 221 3 171
    163 176 3 6 136 6 103 175 170 233 217 18 46 27 205 220 20 159 31 68
    2 81 202 63 83 112 200 220 47 70 141 109 100 194 82 141 12 64 64 167
    211 78 70 77 206 84 87 165 155 56 214 244 170 177 188 30 235 212 85
    130 159 154 84 116 5 243 157 214 207 48 48 142 105 28 209 139 65 155
    224 147 157 101 100 87 5 227 64 230 38 179 77 33 117 144 242 30 33
    104 109 8 230 121 172 89 11 200 166 11 168 91 138 45 232 0 126 162
    133 16 135 56 242 96 247 246 144 54 134 210 246 157 68 253 241 114
    116 105 79 223 231 221 228 49 30 57 38 177 196 230 88 2 238 179 187
    206 163 197 194 131 216 199 159 203 206 165 115 172 190 88 202 152
    57 173 53 198 26 170 70 237 183 198 37 101 31 189 114 164 37 4 85
    192 131 87 127 224 118 15 144 47 148 47 88 137 157 109 99 187 15 111
    24 92 189 219 78 158 157 37 224 50 168 198 115 158 216 119 6 203 173
    154 104 198 254 122 90 161 68 126 1 96 127 213 22 227 202 171 206
    162 48 45 110 27 37 218 119 234 242 90 191 35 252 76 145 26 223 175
    32 111 83 114 238 100 167 190 182 29 1 4 215 233 51 239 1 90 64 67
    227 107 134 137 234 253 12 17 241 174 165 98 48 215 247 130 73 230
    94 202 249 191 186 125 118 213 13 92 47 4 13 68 165 136 245 153 7
    155 7 178 162 190 68 105 66 139 233 56 230 159 76 37 98 135 158 119
    4 167 213 95 153 67 234 203 109 131 224 198 72 184 40 77 83 200 109
    157 163 121 1 154 90 30 223 5 76 141 241 192 141 130 121 94 122 103
    8 34 177 83 251 150 100 73 190 72 62 101 213 239 125 72 73 37 67 72
    58 163 77 245 221 190 128 60 196 222 25 37 166 51 16 97 2 118 111
    184 166 28 155 167 150 245 214 23 161 93 208 113 83 16 22 32 65 197
    247 163 50 41 18 219 115 146 242 198 159 7 217 218 191 9 122 35 236
    173 194 214 107 17 88 60 169 212 195 43 127 235 254 184 25 220 184
    245 106 6 226 43 235 42 173 81 255 97 191 138 192 107 84 227 53 55
    195 145 45 185 118 250 172 215 171 105 57 248 82 59 85 96 187 27 40
    179 4 210 185 218 51 247 48 164 203 140 41 107 250 23 63 46 216 102
    45 179 21 31 140 74 241 174 105 197 217 59 97 98 85 132 199 35 74
    152 73 214 7 181 172 33 209 33 70 63 17 203 231 130 41 29 32 111 2
    245 143 38 57 248 159 212 236 190 169 158 79 87 186 65 51 176 87 63
    220 101 218 102 95 176 124 232 236 170 49 32 181 76 144 8 85 20 16
    123 116 147 182 103 203 170 9 201 212 185 244 171 228 98 139 57 174
    176 139 3 42 120 103 107 140 35 73 123 228 91 53 225 9 36 72 99 161
    87 91 55 93 39 90 101 107 178 79 208 181 199 185 231 29 149 8 45 248
    99 216 190 173 70 208 40 176 139 27 217 99 100 252 41 246 165 147
    173 55 132 51 49 105 114 255 81 230 41 198 12 104 89 15 145 92 216
    39 103 26 209 136 91 84 93 163 133 238 85 232 21 157 190 119 235 7
    169 69 151 126 157 37 30 86 209 18 30 218 86 22 101 147 95 69 67 124
    64 223 195 135 85 104 60 118 82 80 71 131 226 164 174 91 33 246 206
    229 163 10 55 76 136 216 57 168 166 62 95 68 145 85 238 94 63 157 98
    169 187 229 56 215 111 195 86 190 39 248 252 109 215 244 4 178 154 1
    114 210 75 127 153 144 244 134 192 201 144 34 250 119 203 128 55 48
    99 143 70 39 243 151 83 50 245 252 233 61 208 17 15 177 182 35 180
    220 146 55 85 14 4 202 196 118 130 138 177 98 40 187 169 252 157 53
    142 176 245 203 239 34 208 49 190 77 61 86 194 122 133 117 87 143 14
    175 162 166 95 120 127 155 204 76 127 167 27 225 169 226 148 7 194
    188 89 57 187 129 152 92 111 132 194 228 93 196 235 161 76 183 221
    200 220 10 68 239 111 6 200 55 43 86 163 141 184 148 96 197 167 68
    234 113 185 178 50 120 117 173 22 239 175 229 80 152 243 208 229 49
    214 55 73 58 164 237 128 213 16 17 209 198 42 158 189 31 138 46 180
    238 142 188 198 67 82 239 25 95 255 93 119 85 250 244 252 5 68 12 5
    219 139 79 123 108 73 251 43 252 57 93 14 212 10 187 44 244 70 152
    44 91 103 207 162 4 202 181 83 79 172 22 199 233 29 35 204 160 136
    86 99 216 198 139 189 133 185 215 4 142 5 181 212 59 80 220 66 134
    251 106 132 11 161 66 130 166 248 254 164 73 181 72 139 79 43 233
    131 124 42 93 10 55 40 128 131 62 169 36 234 202 76 168 136 115 155
    8 229 43 108 69 116 255 230 56 136 209 173 14 165 165 119 82 226 76
    146 39 165 186 8 75 61 160 127 59 95 226 185 125 94 243 224 194 90
    16 244 8 8 158 251 174 174 235 151 208 129 147 148 31 113 120 222
    191 23 40 179 193 141 124 56 185 95 233 231 14 238 111 76 110 55 196
    75 8 16 75 85 156 144 146 87 24 208 191 34 250 19 203 83 1 226 224
    10 201 177 175 75 88 57 161 105 47 55 134 31 238 171 148 165 251 148
    111 244 1 233 78 37 100 27 120 53 124 108 18 75 159 200 9 21 226 194
    228 74 186 178 81 94 84 17 181 187 4 169 232 89 31 9 117 170 252 254
    233 136 109 255 14 92 212 182 244 93 8 115 180 5 0 235 156 107 13
    103 138 189 105 182 207 73 82 189 75 137 150 154 237 245 4 106 29 94
    135 194 156 242 160 154 214 27 35 217 209 12 191 206 198 25 106 103
    39 217 82 2 157 244 23 190 201 26 108 253 65 13 98 188 34 33 179 119
    46 19 219 192 73 181 94 253 244 74 201 149 123 197 151 121 231 94
    209 195 185 44 163 54 114 154 21 52 19 185 155 10 212 102 214 200
    255 123 153 122 9 227 116 115 173 100 119 196 33 168 33 167 53 163
    248 161 227 219 240 158 211 88 95 252 5 193 32 153 88 84 226 242 186
    248 154 153 163 10 139 63 227 156 156 91 249 87 69 230 177 33 216 6
    74 245 83 123 94 69 252 92 171 238 103 202 239 220 155 215 109 219
    158 93 15 26 247 127 120 228 52 219 63 101 10 250 156 213 161 144
    120 167 201 223 103 137 108 188 118 246 187 198 83 15 105 33 37 254
    43 221 18 73 129 42 76 50 54 234 4 32 125 69 212 74 95 190 249 83 55
    87 81 6 133 104 223 195 37 225 0 163 116 7 38 179 235 92 251 135 17
    181 78 184 37 211 36 46 135 112 236 139 188 179 184 140 172 107 172
    207 187 126 41 114 99 184 8 163 4 244 182 116 0 229 151 218 145 20
    172 19 117 38 85 172 116 82 17 139 105 61 57 115 11 56 174 254 149
    108 235 52 132 178 210 35 194 48 17 227 57 233 1 151 137 7 124 28 46
    132 232 56 164 40 36 87 177 89 172 122 229 142 122 80 181 122 92 3
    204 113 166 189 230 193 248 106 142 184 53 160 253 151 37 107 223
    124 221 211 167 16 185 24 247 65 55 55 228 127 109 34 197 94 99 63
    219 124 101 51 87 135 156 96 54 249 179 22 30 45 97 126 171 85 164
    196 49 232 46 115 108 232 94 254 66 206 220 229 128 129 76 7 21 97
    120 156 237 213 125 237 118 94 179 197 178 7 224 139 23 218 62 46
    154 19 24 152 166 168 67 112 61 196 51 113 216 152 201 64 20 174 233
    200 134 223 49 173 27 173 49 162 223 102 122 245 97 138 185 226 137
    70 173 143 200 157 158 142 95 241 193 8 198 35 153 80 174 4 9 5 82
    200 35 180 231 132 237 160 148 202 52 79 62 23 225 88 78 163 216 153
    87 155 255 223 110 172 167 176 88 91 132 150 22 198 116 118 39 188
    137 106 252 226 155 50 64 88 77 98 188 111 31 2 231 85 7 60 211 170
    105 28 125 61 83 165 93 36 88 251 164 245 181 146 144 163 49 96 33
    173 229 66 44 110 83 95 215 97 144 250 137 100 211 87 154 209 211
    150 105 70 101 232 161 230 72 220 84 236 3 103 222 225 212 232 111
    251 48 117 156 160 62 207 16 18 151 104 206 224 202 60 48 177 250 28
    26 19 20 106 146 213 171 231 47 132 25 230 165 42 86 203 204 42 152
    121 39 98 224 133 121 111 59 102 211 170 7 35 105 41 108 42 7 83 12
    135 107 60 115 106 228 29 40 194 250 84 118 187 181 239 72 235 9 105
    224 112 139 127 194 166 20 21 150 51 184 68 165 63 128 1 86 193 221
    107 40 108 12 222 40 58 193 64 77 193 52 40 244 140 142 97 84 237 28
    39 167 1 47 221 175 90 128 39 147 133 162 221 118 48 124 239 191 216
    141 117 159 239 152 185 146 94 195 214 70 68 28 91 132 45 254 234
    128 196 93 229 142 152 7 120 184 128 168 153 72 67 9 140 108 193 26
    241 218 247 55 133 193 154 124 241 245 226 100 45 148 29 45 230 9 93
    164 67 40 208 209 176 79 147 33 71 199 87 47 55 67 134 190 29 167
    174 93 255 251 86 36 20 217 114 117 94 122 152 239 170 120 77 242
    102 126 221 182 175 109 153 162 138 207 205 230 79 94 239 251 20 195
    19 6 133 159 112 55 101 80 182 215 164 7 212 196 155 191 198 65 201
    144 223 123 212 53 249 228 123 86 216 104 221 15 52 16 55 159 57 41
    153 239 17 107 88 142 252 116 98 122 101 236 34 79 218 249 80 20 188
    125 44 21 45 23 84 45 180 166 218 170 182 206 66 205 130 148 4 175
    46 158 165 222 128 189 173 229 33 121 121 163 123 172 110 2 74 117
    209 29 41 4 28 186 78 80 181 245 248 133 206 190 41 160 44 120 7 109
    204 206 231 243 103 51 245 25 196 203 82 49 215 184 112 16 65 201
    159 48 180 68 2 64 33 32 27 216 42 16 173 12 12 169 232 231 159 9
    181 78 243 172 206 92 209 152 20 209 121 253 84 143 185 106 222 218
    37 137 122 150 62 83 43 176 167 49 16 193 251 28 196 120 149 176 218
    147 225 103 155 154 223 136 253 58 103 106 163 166 213 52 21 229 20
    1 69 32 207 10 46 116 153 79 54 168 185 165 55 210 199 71 232 94 87
    184 167 198 208 93 72 160 213 196 238 149 5 218 74 149 164 225 219
    215 202 182 250 110 26 183 131 199 186 144 248 101 63 149 236 170 73
    61 88 80 200 34 220 181 251 19 46 217 7 34 166 16 254 114 249 223 54
    200 221 163 139 208 145 153 92 83 116 252 234 29 87 17 49 220 93 95
    11 61 177 190 187 45 183 7 213 4 199 69 176 236 138 64 135 98 239 65
    185 158 67 108 24 249 124 232 57 83 26 95 60 237 175 121 61 133 154
    167 147 90 147 165 175 147 124 200 230 48 155 130 70 46 253 184 211
    142 169 212 241 63 43 34 199 156 242 17 149 112 54 4 89 126 188 85
    145 34 54 146 158 65 78 242 139 79 25 126 255 170 236 220 8 9 104
    190 173 107 194 122 198 9 115 203 98 177 10 30 81 165 107 171 66 148
    51 151 137 10 210 236 42 204 157 92 40 85 26 120 3 152 157 238 142
    88 37 9 232 31 10 15 149 104 178 35 10 61 170 134 107 236 84 240 77
    224 169 147 234 80 97 42 94 200 222 114 103 242 106 44 101 144 168
    246 70 77 90 94 134 117 211 94 210 64 46 146 199 18 130 88 129 177
    17 183 123 190 232 250 240 121 140 136 64 44 4 30 7 96 112 49 200
    238 90 234 158 198 13 5 137 250 124 90 28 93 98 66 144 241 124 3 183
    217 27 167 66 45 179 43 254 165 202 180 196 27 254 129 70 246 54 189
    117 11 171 142 224 201 99 153 35 137 112 205 213 138 201 199 88 174
    50 8 211 141 203 212 200 67 172 94 159 223 130 141 229 139 134 143
    136 216 239 113 121 238 192 200 152 171 5 202 26 24 169 82 205 130
    58 129 243 169 121 197 153 74 151 123 244 214 231 168 216 235 19 255
    18 41 238 152 195 5 248 149 46 56 52 173 111 99 131 234 158 72 220
    160 143 73 251 74 97 103 113 89 230 140 253 10 165 116 186 78 151
    182 167 197 61 166 170 23 2 127 162 171 70 233 231 211 41 25 239 212
    163 248 165 126 246 24 60 8 82 64 90 127 92 123 144 44 98 92 124 148
    33 130 234 187 213 21 152 149 203 238 6 22 135 83 64 31 91 197 10
    201 252 243 112 220 117 50 188 56 3 57 108 151 67 192 7 235 15 193
    250 248 172 11 15 161 199 137 222 140 24 203 32 220 172 173 84 11
    179 146 66 99 118 202 94 44 130 156 74 231 180 51 117 130 125 45 40
    101 73 245 109 69 241 199 53 179 244 184 14 188 202 14 238 155 113
    133 23 49 167 35 138 233 147 234 226 72 160 168 56 158 137 85 122
    221 220 98 0 84 63 74 40 185 211 111 63 111 183 215 50 129 33 50 82
    127 194 246 0 142 160 208 171 16 121 30 120 249 144 142 107 250 55
    100 175 231 155 98 250 196 239 17 186 210 175 117 8 225 134 180 64
    90 98 201 136 163 141 203 219 31 135 123 149 140 225 216 185 153 161
    26 212 191 153 103 70 159 47 48 124 227 36 179 128 231 167 141 194
    162 77 29 248 28 21 178 205 128 121 156 41 219 177 16 209 221 134
    173 180 235 171 13 61 111 111 14 82 222 163 45 249 235 141 91 21 143
    85 236 195 221 159 56 183 121 43 105 59 106 182 94 154 31 182 240
    117 244 19 40 33 212 135 178 134 77 83 211 58 163 85 9 160 212 170
    163 16 116 83 209 246 188 202 33 145 48 133 84 176 189 111 91 102
    109 254 72 158 155 3 83 1 187 252 69 204 189 239 197 102 119 213 10
    109 94 142 235 166 81 104 33 32 161 236 113 242 255 210 188 217 6 64
    212 102 88 168 171 125 122 175 45 92 182 113 136 29 2 232 122 144 61
    84 167 81 72 184 58 69 48 92 117 210 161 48 46 14 230 246 80 38 243
    216 254 110 108 94 207 212 11 210 211 201 67 10 147 243 78 124 234
    146 104 198 159 126 7 129 7 222 201 225 179 150 151 203 28 147 51
    236 39 214 56 69 28 229 174 15 83 250 114 4 77 48 238 180 134 38 63
    173 163 222 202 42 65 206 34 122 179 81 157 30 158 95 58 2 225 209
    211 94 165 79 248 62 148 153 15 74 104 96 124 85 85 111 141 49 101
    224 100 178 198 27 160 59 245 140 182 145 242 30 193 139 77 184 93
    191 148 170 103 50 108 18 2 35 123 100 169 132 180 42 177 180 97 57
    96 245 169 31 10 146 204 144 44 15 162 131 142 163 112 184 13 228 61
    19 7 185 169 25 224 167 144 6 177 244 148 155 174 196 94 100 176 203
    115 31 144 173 239 3 157 110 107 44 199 50 109 156 141 3 243 200 22
    47 65 227 216 133 8 191 3 45 159 206 200 121 156 85 135 118 202 91
    225 158 252 39 243 20 177 171 11 107 152 230 185 126 140 153 165 62
    162 155 48 97 17 170 179 17 255 94 55 220 198 193 209 125 149 78 103
    93 214 11 26 194 11 109 213 59 102 206 111 25 75 20 79 16 60 104 15
    247 197 235 125 114 11 126 39 248 29 131 4 19 246 9 168 201 24 154
    101 178 244 4 4 50 213 38 29 199 117 42 19 36 101 114 11 94 192 6
    134 59 133 227 74 44 191 229 92 192 111 90 110 45 47 21 35 247 45 40
    47 35 134 38 27 7 96 184 13 52 128 99 90 189 32 145 252 8 36 126 123
    116 161 191 45 66 241 56 120 216 234 32 51 174 162 215 57 47 49 188
    112 224 80 7 9 83 2 2 131 226 130 40 232 65 229 218 96 30 210 84 179
    154 216 223 241 209 150 78 47 169 116 96 189 89 194 88 78 126 87 43
    38 90 135 130 36 181 135 154 139 112 201 118 23 225 114 122 116 62
    98 85 59 232 70 137 4 52 229 105 176 66 44 248 163 237 132 31 224
    164 220 246 222 164 17 170 50 42 119 9 207 47 50 235 243 179 145 237
    37 219 39 53 138 215 200 41 16 143 180 59 5 176 213 5 82 130 139 64
    145 65 175 0 55 196 121 166 15 226 213 41 10 208 230 35 53 141 127
    180 76 128 114 155 251 168 210 59 105 20 22 34 202 74 155 214 72 222
    192 168 129 26 82 113 32 140 216 78 249 113 105 188 68 12 238 179
    232 147 123 177 35 168 153 141 186 195 190 232 190 125 58 193 5 210
    93 14 41 165 125 26 181 192 204 10 61 205 192 120 162 162 98 235 80
    173 181 193 3 139 16 222 170 141 252 235 74 73 211 70 148 146 165 23
    46 46 65 171 176 216 167 233 231 18 188 130 164 134 21 40 149 63 11
    101 15 226 144 112 10 140 193 248 150 144 85 36 100 191 100 88 23 9
    203 134 76 188 210 162 227 207 118 84 34 95 202 237 162 224 247 55
    73 89 2 42 31 181 219 115 137 189 253 64 180 233 69 119 59 164 109
    249 175 32 197 83 109 248 63 210 215 144 160 255 36 213 19 205 33 23
    242 249 253 167 99 210 144 208 126 35 73 120 16 13 215 145 139 85 8
    8 110 137 9 204 83 248 96 18 169 142 26 130 36 107 158 63 122 12 165
    123 40 227 252 39 26 217 119 122 199 107 208 229 246 151 141 88 56
    225 176 203 129 140 168 94 141 41 48 50 185 222 112 195 191 83 188
    128 156 222 68 61 96 87 1 108 14 109 225 120 78 183 40 181 239 162
    228 243 4 23 110 66 159 83 177 161 77 218 207 192 53 32 73 215 75
    218 83 176 106 173 234 129 119 168 77 220 168 28 115 222 26 222 141
    215 42 83 139 248 27 76 247 142 16 237 192 11 134 106 201 114 234
    201 111 114 79 236 88 131 121 105 69 163 89 148 165 228 230 225 16
    79 231 201 87 227 155 38 7 153 52 201 207 66 101 201 29 111 216 194
    176 132 219 130 41 41 37 229 202 133 90 170 143 20 49 36 97 250 64
    161 201 204 84 38 200 154 87 4 230 7 171 8 43 50 140 64 198 107 221
    197 206 147 165 239 125 238 49 20 136 101 84 202 115 238 156 90 229
    164 216 20 159 118 116 92 85 40 196 243 169 41 213 255 64 94 105 82
    75 71 102 33 13 69 240 94 170 19 173 86 100 199 67 52 21 151 106 134
    225 159 112 49 98 204 241 78 142 58 139 3 151 253 148 64 66 14 124
    215 228 103 58 21 157 195 134 172 93 49 34 43 11 42 157 205 90 179
    238 249 119 249 55 45 213 227 78 8 67 177 116 106 245 80 167 216 49
    80 94 214 85 208 216 222 38 116 212 249 224 114 170 40 53 201 120
    184 9 140 1 238 92 163 80 198 182 99 195 40 239 127 74 193 201 204
    186 135 230 194 100 99 218 32 135 35 147 207 3 75 145 168 12 7 182
    236 27 104 64 163 65 117 246 244 102 136 70 82 255 46 38 204 73 38
    52 166 193 67 198 146 195 244 156 173 212 97 26 45 48 216 99 18 151
    187 13 52 4 0 19 220 102 189 53 5 209 189 218 61 227 150 111 53 131
    230 141 131 108 255 189 217 87 200 88 246 213 113 128 93 142 210 87
    157 155 184 120 215 131 48 212 72 6 219 59 144 160 119 35 197 245 62
    227 102 116 96 175 123 64 63 120 39 243 189 216 19 161 167 255 228
    81 177 173 27 16 158 90 57 219 122 113 201 42 122 116 92 132 211 120
    43 240 9 168 179 213 3 160 28 206 202 93 247 54 176 139 131 91 224
    195 197 135 217 94 87 85 109 211 39 50 169 46 230 78 160 45 67 125
    159 46 39 102 103 103 40 31 90 31 249 116 175 226 55 238 196 212 87
    173 43 59 243 223 121 242 14 175 139 88 76 91 187 9 48 51 49 67 49
    121 247 200 154 251 191 25 18 226 147 29 167 38 154 131 93 173 191
    40 237 167 8 249 35 253 29 38 133 120 43 59 141 161 255 196 217 153
    137 32 26 89 78 79 130 228 119 162 91 188 242 46 72 236 67 212 46
    217 69 162 135 161 223 41 163 92 200 67 21 170 94 254 23 166 94 0 95
    18 65 188 12 61 98 18 28 173 243 17 134 79 46 187 216 110 242 171 73
    18 1 181 106 96 209 90 37 157 18 158 130 196 171 59 12 31 251 166 49
    7 162 32 100 217 23 206 95 53 65 197 232 244 106 222 32 76 67 209
    223 8 160 198 250 151 124 167 150 212 197 16 140 123 68 108 150 196
    43 206 72 214 162 20 202 169 223 10 137 155 30 120 21 108 154 144
    127 188 122 195 156 224 42 17 136 103 124 100 25 109 3 84 195 83 235
    13 167 205 10 99 247 8 140 125 217 219 195 235 49 64 209 191 77 146
    174 146 230 178 90 144 108 94 145 27 178 15 193 179 221 25 38 22 228
    2 48 189 232 173 148 160 222 221 156 8 220 79 71 69 119 75 41 24 93
    52 67 7 64 255 48 88 147 159 106 60 49 98 146 154 29 9 86 130 20 167
    233 72 53 225 12 49 163 178 87 240 174 162 47 91 106 28 168 125 189
    211 16 242 228 84 231 163 209 185 181 139 190 196 84 141 52 205 161
    79 42 61 134 23 15 24 116 223 249 155 87 42 13 46 180 251 140 46 27
    153 204 212 152 134 252 113 239 238 172 73 248 157 129 132 55 217
    160 180 87 33 80 127 74 126 151 33 42 179 108 37 67 81 113 103 105
    167 161 232 186 136 52 233 57 121 73 36 213 105 235 195 224 170 186
    55 1 222 123 40 19 177 250 75 244 72 52 13 41 225 250 89 64 146 196
    182 44 200 132 154 204 117 207 250 162 9 145 57 136 26 121 152 156
    99 72 73 150 74 152 18 134 49 197 144 41 228 220 251 28 165 86 173
    236 160 92 253 141 104 4 154 55 20 254 0 27 119 161 34 141 122 249
    67 6 79 107 4 166 235 36 48 40 115 181 250 142 167 38 60 192 80 94
    11 155 190 125 4 228 145 202 232 60 204 203 57 150 15 115 86 58 91
    123 61 32 221 51 18 197 188 8 107 183 78 121 237 147 207 1 63 185 69
    205 140 35 159 155 127 230 120 197 196 208 5 208 25 248 175 95 33
    128 177 217 245 237 100 2 153 229 91 218 67 129 90 204 33 13 194 134
    216 140 241 71 12 99 188 164 48 83 97 143 235 25 136 213 48 173 53
    141 22 12 243 51 122 241 131 215 98 237 239 64 155 90 71 126 48 253
    240 57 16 216 151 190 159 110 156 14 160 25 215 10 145 9 219 247 157
    130 115 64 49 97 2 93 207 154 60 47 207 110 94 67 63 201 73 33 28 99
    138 165 22 108 231 159 248 199 199 71 54 128 58 33 196 51 195 14 29
    184 25 206 7 42 168 116 178 75 103 126 47 150 60 100 125 104 150 80
    16 239 62 128 10 48 254 251 21 119 84 35 103 105 225 165 215 133 44
    129 39 208 67 28 29 84 1 211 103 49 32 168 119 75 83 193 121 200 193
    64 32 47 88 193 51 250 86 127 37 204 49 82 127 18 123 8 200 109 235
    209 76 245 23 11 120 5 16 124 130 147 7 174 80 70 163 111 55 29 4
    247 162 57 64 34 53 12 51 59 246 171 248 135 230 245 40 85 95 30 38
    2 244 176 49 167 42 187 128 173 249 22 224 240 216 219 41 153 7 217
    99 111 206 168 19 188 245 144 194 121 179 5 85 186 104 20 166 109
    152 132 169 252 255 255 161 184 224 100 23 217 11 56 23 13 230 219
    205 194 14 69 96 50 153 197 208 125 14 159 18 176 5 7 176 66 251 215
    143 234 185 138 148 89 154 99 111 48 158 134 162 1 208 66 66 74 42
    230 50 121 102 207 87 7 95 221 67 142 20 69 194 86 249 102 46 110 5
    255 10 35 255 32 32 164 70 59 192 30 26 38 208 143 164 97 21 203 45
    125 105 166 45 74 137 118 93 178 126 51 35 72 194 113 66 215 8 110
    72 79 37 15 23 192 137 178 190 74 3 219 122 12 236 245 182 21 115
    250 109 203 39 224 129 153 233 191 159 239 153 109 167 170 232 137
    241 130 118 142 88 219 78 156 145 174 181 94 8 253 220 250 198 110
    75 163 75 24 199 146 251 117 250 250 30 228 130 104 51 74 23 218 160
    76 128 150 60 110 129 45 96 16 101 167 255 106 8 211 116 37 201 126
    230 186 135 33 210 127 32 22 163 254 228 115 192 241 252 188 94 58 1
    34 59 119 4 242 78 21 199 206 71 63 230 201 103 253 115 16 25 198
    168 103 95 216 78 89 65 91 167 166 26 50 109 254 19 103 165 80 149
    39 184 217 148 94 95 28 173 60 217 118 212 175 9 73 128 186 203 177
    249 64 104 231 81 55 227 60 74 199 153 52 244 151 84 124 201 74 31
    138 249 98 44 23 80 172 57 43 229 103 12 252 201 48 239 55 16 16 23
    93 100 97 74 56 40 222 114 40 254 35 212 162 13 237 239 120 147 29
    36 14 56 96 76 169 50 231 175 33 117 70 193 80 221 190 65 181 177 38
    19 224 29 136 9 214 4 145 111 124 43 113 250 96 195 240 203 157 102
    113 26 142 117 131 1 24 233 46 125 193 28 89 166 82 51 125 122 88 59
    58 230 90 247 168 212 103 226 168 148 128 4 184 107 103 23 150 10 88
    175 183 103 36 231 231 134 153 147 225 25 40 254 92 76 19 85 220 86
    98 170 59 59 18 130 145 149 92 130 218 200 69 170 160 30 118 191 223
    213 242 86 133 109 188 177 200 124 194 239 10 196 108 181 228 76 5
    253 198 118 251 106 106 254 214 108 122 6 157 24 63 168 52 225 230
    37 126 176 14 51 146 171 150 80 12 9 173 68 239 232 91 193 64 40 21
    54 148 60 165 238 231 124 191 181 178 95 12 147 100 20 138 52 140
    221 123 230 135 145 234 63 140 244 42 173 231 193 174 108 126 101
    149 251 209 229 123 13 149 210 28 107 42 54 78 140 44 205 52 38 184
    137 74 143 185 37 128 181 107 180 18 177 122 130 214 228 167 61 146
    220 62 117 143 253 120 215 23 34 171 148 171 201 121 121 86 154 254
    176 177 88 151 32 143 98 103 196 92 214 242 143 127 188 122 39 19 94
    136 248 38 224 16 183 235 65 102 45 227 33 215 227 116 105 101 131
    114 205 58 138 103 227 55 162 255 231 131 55 197 251 237 234 97 140
    249 56 37 182 184 34 229 71 2 172 73 231 234 68 155 16 98 210 149 55
    58 165 110 226 114 201 100 177 88 53 120 198 5 173 0 74 61 73 160 83
    203 109 91 166 173 198 20 217 250 108 137 161 84 208 138 72 43 192
    77 197 185 146 71 255 218 114 100 185 7 86 137 129 251 71 34 211 14
    255 142 221 101 221 103 21 240 23 97 43 178 170 222 182 209 77 148
    220 17 218 166 71 226 96 238 74 221 143 224 41 36 145 116 66 61 129
    38 109 98 4 240 77 187 101 8 75 197 26 68 170 87 241 64 180 246 52
    99 121 32 191 176 34 239 0 103 51 104 70 215 187 51 123 19 220 216
    151 27 145 185 211 93 202 65 121 200 15 7 224 244 183 46 147 58 219
    64 79 233 177 79 223 25 130 27 88 85 63 22 41 54 207 183 120 213 179
    113 66 254 89 119 159 210 87 103 216 114 191 80 18 175 66 24 80 66
    10 144 133 34 66 129 175 98 87 130 143 154 252 48 30 68 57 169 4 26
    119 196 180 240 203 166 141 9 221 188 104 196 197 110 199 200 106
    155 145 208 52 250 146 38 29 149 140 21 157 249 178 36 133 253 13 64
    64 206 231 72 82 56 174 125 66 134 118 219 162 169 170 220 118 111
    243 33 80 244 162 11 38 183 116 57 196 151 5 79 8 5 220 176 72 70 35
    72 65 134 199 44 55 106 169 48 162 203 166 1 190 197 81 205 96 49 6
    96 222 27 16 19 46 183 39 66 34 69 50 168 38 180 55 54 230 19 76 113
    48 28 216 194 180 106 5 13 231 96 183 249 195 150 28 89 58 199 143
    125 212 248 88 15 62 20 162 23 79 194 76 180 185 1 128 42 27 157 8
    125 171 27 243 49 94 131 134 231 160 92 160 164 47 33 249 29 185 149
    197 213 71 40 54 240 36 95 118 212 175 148 54 70 85 195 185 198 244
    194 204 71 91 35 37 24 150 182 36 111 151 24 95 224 207 112 41 75 29
    35 195 26 178 87 57 135 88 237 232 147 209 85 171 6 163 114 190 170
    63 37 90 118 112 151 0 84 110 220 234 185 165 133 242 54 182 149 12
    95 133 199 117 241 24 244 168 72 159 179 12 105 94 43 140 134 114 92
    63 152 3 205 192 37 43 63 48 248 86 56 129 178 113 166 171 15 218
    148 250 24 16 73 50 194 39 250 96 155 206 166 112 166 92 153 70 68
    77 233 26 119 93 48 110 83 88 106 100 81 175 150 155 191 14 254 87
    147 240 129 239 151 38 157 140 151 21 122 243 91 75 162 217 181 176
    250 226 53 2 183 119 195 163 38 50 28 189 234 143 166 16 211 64 33
    226 23 156 112 29 93 50 180 63 243 79 243 197 69 111 255 37 155 192
    241 61 105 83 235 155 37 102 91 147 123 224 95 172 66 93 184 196 83
    186 169 133 16 176 223 220 155 149 96 119 29 44 245 210 4 16 137 116
    215 234 25 44 187 243 190 66 63 221 127 193 99 132 200 188 134 60 8
    35 222 45 197 249 226 75 11 126 106 57 156 217 50 99 158 53 53 111
    223 4 228 141 197 130 130 95 108 81 190 195 248 6 30 69 33 4 183 4
    44 32 228 52 149 188 192 216 150 20 106 244 213 49 53 197 237 153
    199 206 235 6 226 124 106 182 218 109 200 0 70 236 217 115 200 168
    222 194 38 188 135 113 45 255 97 199 90 249 172 129 248 216 173 67
    252 14 122 2 0 54 53 94 131 247 92 142 248 51 241 175 107 63 154 186
    243 21 127 222 20 118 52 90 102 141 100 22 47 32 47 182 57 99 145
    224 123 174 190 82 150 212 245 234 211 133 247 47 149 38 49 211 239
    202 5 71 131 66 81 73 157 116 1 213 237 36 227 243 253 62 8 219 232
    187 113 67 218 71 154 112 162 253 220 47 119 229 198 28 66 235 52
    249 243 132 49 36 213 34 207 161 78 170 19 122 93 139 187 117 175
    175 124 250 139 95 11 55 55 76 128 170 205 228 101 133 96 184 63 41
    22 17 198 33 29 30 194 150 126 161 29 151 48 106 207 188 19 213 132
    202 179 90 91 214 114 151 20 50 187 147 74 112 118 111 160 237 132 9
    77 126 140 173 154 215 130 210 21 13 174 185 83 130 41 236 149 198
    128 117 167 16 129 127 13 20 134 55 187 105 213 7 53 21 22 57 12 2
    180 92 136 63 34 148 117 105 69 196 218 56 239 93 177 93 78 26 52 29
    174 131 23 89 156 134 107 73 179 108 10 10 67 208 176 219 94 161 171
    39 238 86 71 135 53 134 113 250 44 88 143 145 143 114 98 100 152 174
    125 68 251 211 45 224 94 15 244 15 9 219 255 178 121 107 98 158 33
    44 195 151 230 11 102 213 122 15 91 29 247 122 128 42 105 206 210
    255 72 168 28 49 159 250 253 33 74 51 152 112 85 20 244 177 5 253
    127 29 206 84 164 110 18 69 132 106 26 64 153 42 176 17 119 75 43
    195 28 2 80 73 92 45 23 48 177 2 46 104 42 234 7 45 224 193 57 135
    247 3 6 128 254 27 175 24 198 216 81 30 127 201 176 22 213 199 123
    252 205 14 137 86 188 72 93 147 228 190 243 46 86 124 90 129 111 222
    79 34 25 77 228 252 99 140 40 125 147 141 120 251 36 166 0 42 131
    118 253 154 122 81 179 77 233 71 213 52 57 222 211 64 209 107 121
    146 169 85 188 236 152 152 28 111 219 206 25 25 104 252 164 113 132
    75 253 51 62 247 200 223 6 227 34 144 200 72 164 166 23 172 141 63
    78 7 87 136 54 110 12 149 89 65 155 148 247 234 197 181 167 229 124
    78 45 75 14 90 86 196 208 111 139 18 147 18 68 104 141 62 0 114 151
    187 1 238 168 47 82 216 203 112 200 156 3 23 45 223 94 14 111 81 103
    218 113 146 199 28 57 150 6 163 87 95 73 54 158 29 60 219 151 199 83
    94 51 182 54 80 117 91 158 228 146 174 33 83 184 75 115 137 193 83
    174 39 113 162 251 16 206 191 239 145 232 33 180 62 85 111 194 193
    193 63 95 189 51 118 195 159 117 128 136 10 253 44 186 194 254 112
    37 207 167 54 127 45 87 71 19 253 64 239 222 89 67 111 100 143 6 122
    150 17 54 227 151 67 40 227 36 172 51 56 173 229 185 70 251 216 39
    251 105 36 210 10 70 209 173 81 233 127 112 195 53 182 103 165 71
    253 19 126 205 198 152 100 17 160 142 1 197 188 52 117 118 28 13 71
    205 218 54 155 75 30 27 252 112 194 190 8 238 153 173 106 253 3 92
    199 254 149 216 217 142 150 75 255 110 141 94 164 132 128 5 82 7 93
    202 116 220 250 35 206 178 213 207 68 148 20 118 222 145 106 184 13
    185 181 210 99 40 177 86 96 20 59 138 3 2 225 150 223 178 89 213 103
    143 221 164 235 39 89 0 105 229 159 152 217 5 36 249 28 214 18 230 2
    199 5 8 37 195 200 84 195 131 49 217 222 9 24 73 135 251 0 119 7 107
    105 252 56 78 161 50 119 85 25 208 181 40 108 110 155 167 78 74 212
    155 28 36 193 170 155 122 130 246 160 29 61 16 129 120 67 126 16 210
    186 181 208 4 233 4 232 154 96 173 248 184 136 5 154 165 7 132 254
    215 154 19 79 195 29 93 5 10 37 209 191 54 217 39 50 171 120 218 220
    80 221 234 167 58 233 156 47 109 164 109 194 59 95 221 59 203 228
    136 70 211 183 213 225 220 219 194 97 163 159 197 66 34 63 94 152
    113 152 54 32 183 174 165 238 185 117 79 203 148 188 147 195 9 235
    69 83 15 53 126 151 179 57 228 160 15 64 47 185 228 59 84 105 60 35
    35 1 216 66 231 211 168 118 36 106 53 27 36 0 15 42 231 104 226 116
    31 96 11 225 197 4 151 81 173 28 116 117 28 134 81 115 227 161 213
    154 118 163 163 216 233 79 202 222 137 100 57 37 191 15 225 243 97
    75 251 155 199 222 84 183 252 184 178 45 121 74 80 62 152 39 7 52
    243 137 108 7 189 44 215 208 154 210 106 128 26 241 7 34 2 193 121
    104 196 110 227 186 3 241 67 200 177 44 211 5 152 153 74 30 117 204
    93 26 113 0 230 19 196 28 136 102 98 169 248 171 219 194 194 227 94
    198 158 249 123 43 233 228 158 226 64 234 60 132 8 241 121 58 101 67
    45 2 20 77 100 61 13 34 194 137 156 185 123 169 38 193 150 202 79 16
    73 51 173 100 14 146 97 80 205 213 93 194 155 13 190 100 118 128 79
    172 137 181 131 200 6 193 39 208 21 26 30 148 32 49 72 250 58 33 83
    88 115 162 18 233 79 56 128 7 55 131 61 38 40 119 244 225 155 46 142
    149 16 137 213 78 160 79 79 116 20 94 182 27 111 10 55 147 19 221 95
    61 89 193 171 214 250 8 230 214 99 146 38 144 80 15 223 74 51 152 27
    0 176 75 23 210 38 199 152 87 209 15 16 31 148 34 31 30 19 214 33 56
    142 84 254 122 249 228 2 190 207 18 163 156 41 63 137 33 1 88 159 61
    250 21 6 200 18 41 4 255 223 252 112 223 46 74 96 166 4 120 113 102
    21 182 42 236 164 133 151 72 173 126 249 22 153 156 179 108 251 171
    129 140 195 178 192 134 126 205 229 54 167 203 31 40 99 192 84 248
    128 137 251 224 77 118 79 215 39 200 248 178 251 48 130 13 43 77 89
    195 101 28 3 221 64 12 100 104 71 247 182 158 166 226 121 252 118
    152 43 48 217 45 136 135 138 222 41 164 192 138 21 146 230 224 240
    205 55 197 164 232 248 80 241 102 75 75 94 102 149 53 21 10 146 104
    124 131 187 150 1 117 23 72 224 238 147 56 195 135 48 122 82 8 64 18
    240 77 99 108 65 104 199 98 105 63 53 2 99 183 58 96 65 148 183 130
    223 162 208 234 20 207 197 118 192 20 111 92 189 24 202 31 149 141
    155 237 209 205 82 190 134 99 172 121 161 12 194 113 51 226 18 6 254
    181 19 11 13 34 140 237 242 49 149 124 211 27 13 49 139 16 2 182 150
    62 64 210 206 132 31 118 212 37 43 216 100 62 8 67 205 110 174 218
    105 48 29 29 248 159 194 226 8 164 186 217 231 48 150 168 24 246 194
    78 127 34 44 236 208 212 177 28 198 251 115 168 195 200 114 80 60 82
    118 123 52 136 51 63 148 159 52 194 220 9 122 210 68 135 11 180 171
    235 152 115 54 21 201 252 196 121 113 155 124 241 226 192 222 205
    128 112 21 129 82 169 122 204 103 14 160 4 89 218 116 45 156 37 100
    239 245 64 237 161 67 147 210 79 148 152 175 79 37 244 176 62 76 175
    180 27 73 47 88 245 218 249 143 37 241 61 207 191 108 101 200 125
    110 252 160 184 135 173 243 160 220 167 226 180 239 140 252 194 181
    74 151 46 48 218 108 203 129 47 159 105 229 143 153 29 1 139 108 50
    174 232 241 59 173 3 38 232 227 60 156 126 152 120 161 34 91 50 32
    52 132 40 181 42 7 186 198 196 160 11 215 66 127 145 22 97 1 172 55
    156 26 2 22 76 200 191 142 199 179 254 189 59 29 223 123 166 190 199
    48 162 116 128 89 12 201 74 255 177 24 106 85 217 18 208 224 141 149
    165 109 242 154 1 145 128 50 221 68 153 238 72 53 250 210 140 123
    120 196 72 152 134 24 41 40 99 250 188 226 70 210 132 157 133 127
    154 239 134 22 212 237 124 178 81 146 222 69 91 66 75 244 26 179 191
    101 84 114 11 76 84 218 255 74 70 238 214 67 56 206 126 128 39 185
    68 80 55 249 124 139 123 116 161 177 243 184 226 185 201 150 110 136
    187 72 90 160 96 18 249 191 118 2 245 242 249 140 184 226 102 79 154
    14 175 119 176 116 97 116 103 215 77 231 18 121 139 94 4 95 255 188
    88 200 98 193 114 11 68 6 170 28 171 139 230 84 174 100 229 155 174
    149 11 118 24 246 84 20 118 88 221 232 201 109 156 218 27 27 216 166
    123 43 143 190 203 237 119 76 2 172 99 67 138 155 14 188 159 175 7
    55 61 16 181 21 179 75 186 42 174 245 166 212 129 240 200 14 102 173
    208 62 37 138 165 177 20 106 232 8 19 59 74 97 38 3 15 124 158 209
    127 155 233 140 61 159 200 239 6 2 19 196 162 31 134 58 211 216 121
    158 137 125 73 76 178 41 207 156 42 140 255 57 174 59 149 221 232
    138 248 213 83 148 100 63 193 165 52 23 130 62 32 68 150 118 237 137
    180 190 28 249 181 64 235 172 67 13 83 241 24 37 139 94 150 240 179
    203 157 156 169 107 74 150 92 52 1 117 89 238 172 157 195 221 74 90
    19 164 146 142 238 163 105 103 125 205 88 86 178 79 250 196 71 91 34
    223 200 72 32 254 4 184 0 235 236 238 154 148 148 123 105 8 220 242
    111 120 134 213 150 235 165 110 59 89 143 149 43 111 236 207 66 223
    214 34 230 197 153 31 160 117 236 88 8 67 190 251 218 204 141 254
    170 244 134 85 120 178 145 100 2 75 45 196 187 191 202 244 2 66 82
    13 107 96 156 112 134 33 165 78 176 128 151 107 106 136 66 66 183
    186 197 251 78 236 55 200 253 72 233 29 7 113 193 50 247 133 254 127
    98 183 192 222 194 82 174 199 213 26 144 92 165 188 14 12 183 178
    228 201 48 3 198 162 100 58 143 251 178 20 161 19 23 175 10 139 47
    164 210 1 224 93 30 254 88 205 97 199 41 100 79 91 188 225 68 100 61
    10 204 147 206 139 44 172 91 98 210 122 144 209 155 43 51 24 171 127
    57 42 73 46 172 193 128 17 11 11 36 240 129 192 91 194 130 200 164
    83 87 29 113 2 142 34 73 168 192 114 136 238 19 64 37 246 196 24 56
    25 32 204 177 148 206 239 54 229 18 23 197 86 54 214 82 151 136 170
    129 77 194 248 56 118 173 139 83 25 128 210 126 182 171 237 106 18
    106 117 35 232 210 185 188 110 123 76 5 91 27 205 111 0 170 31 152
    58 5 101 114 153 249 193 149 40 27 175 240 8 134 104 30 212 142 71
    65 157 89 176 220 92 179 123 54 47 17 215 16 29 44 114 203 56 116
    252 28 186 44 223 97 50 107 229 110 17 245 160 61 223 218 199 217
    146 249 22 236 43 190 134 201 113 197 83 84 196 215 219 130 43 66 9
    108 110 150 109 60 121 34 74 187 205 67 154 234 26 30 80 207 108 195
    170 144 77 88 219 48 81 121 243 154 150 166 188 183 63 191 246 6 90
    21 70 124 52 102 229 108 10 196 202 246 251 183 202 101 24 202 39
    189 112 195 82 37 32 84 205 198 99 20 159 3 206 55 62 86 89 217 55
    189 54 137 196 5 157 50 132 6 168 131 247 242 165 202 62 98 229 169
    8 193 184 89 170 234 149 217 209 26 114 64 145 250 65 137 168 91 167
    64 163 115 109 18 92 176 205 167 174 15 191 177 46 182 17 227 197 1
    212 201 99 162 163 2 215 251 68 4 1 40 142 28 163 213 104 235 38 42
    132 83 81 48 24 115 213 236 140 134 155 141 30 209 56 79 147 127 202
    32 245 124 62 177 173 234 218 78 194 125 193 193 77 137 102 148 105
    143 240 144 194 72 154 67 200 203 116 178 107 129 36 75 96 196 219
    59 46 196 4 240 70 44 107 73 208 216 72 238 203 232 18 157 20 43 202
    75 185 160 203 182 8 112 33 242 215 254 219 102 213 113 218 1 34 104
    183 75 20 75 153 116 22 23 94 249 108 200 21 144 54 125 192 241 95
    141 243 141 232 151 254 119 223 189 111 208 242 0 8 145 135 123 91
    56 69 178 52 79 174 57 161 102 27 52 59 106 80 19 161 105 69 89 118
    18 233 93 142 179 217 254 30 248 243 63 73 75 255 238 255 89 17 141
    46 159 254 77 212 190 158 200 82 106 205 219 191 82 221 98 12 132
    203 173 88 175 214 252 173 17 98 245 69 44 108 105 227 44 71 158 41
    111 59 15 214 86 226 64 145 127 219 205 150 99 130 8 25 130 36 91
    213 43 36 242 152 4 42 236 250 244 161 197 236 109 153 184 219 99 58
    248 55 239 204 180 73 164 194 103 249 241 108 40 236 254 185 222 20
    198 32 36 173 205 200 12 177 161 253 127 134 117 100 100 206 206 118
    253 117 235 169 174 53 76 70 200 143 84 162 196 49 75 113 142 218
    212 61 24 89 164 129 247 69 189 7 143 144 243 124 240 56 29 53 178
    237 99 92 218 148 34 99 30 205 39 106 60 169 100 116 234 167 21 166
    227 98 60 80 30 192 132 91 223 120 171 142 230 56 17 2 121 155 160
    24 227 15 46 143 136 23 176 80 110 150 74 85 165 251 102 16 135 3
    167 143 190 43 4 233 131 140 35 22 171 226 236 250 29 231 117 238 22
    219 113 212 5 84 211 117 165 29 253 166 110 221 54 254 232 189 198
    213 108 59 208 167 206 140 254 35 200 112 210 177 201 65 245 247 176
    49 236 28 228 253 51 35 92 16 95 242 246 76 209 131 158 62 130 66 60
    242 2 240 201 78 13 129 24 23 50 52 119 7 240 212 138 194 41 117 18
    56 80 24 197 157 220 166 41 20 176 152 73 174 146 94 201 107 40 155
    96 116 111 75 36 63 113 70 194 9 218 62 222 141 87 97 25 46 221 223
    157 99 3 54 212 77 96 224 131 174 104 189 4 84 101 149 65 35 27 74
    170 170 143 153 36 12 79 134 128 152 141 66 45 74 63 101 22 243 196
    135 118 98 75 252 23 228 183 16 113 77 180 34 26 2 3 172 213 101 251
    183 164 218 107 118 26 15 137 182 46 115 109 124 198 66 37 201 99 4
    170 251 138 91 193 83 216 245 244 54 27 48 4 242 194 59 180 70 215
    86 148 5 0 165 217 128 202 135 184 211 36 43 97 57 70 203 165 28 164
    89 244 73 54 161 89 109 177 52 217 50 115 105 117 213 169 153 249 74
    59 244 193 203 152 184 63 130 24 86 222 45 214 159 48 180 57 191 218
    169 190 59 65 48 55 199 30 133 191 49 146 151 134 149 10 60 11 209
    49 159 29 138 183 207 125 73 23 199 53 114 132 191 4 208 113 231 123
    102 151 64 68 165 166 228 237 239 126 97 212 19 203 102 171 222 80
    44 162 2 8 217 21 17 44 84 78 73 244 178 1 143 181 97 103 239 44 222
    10 67 111 31 83 7 46 72 187 243 137 242 166 76 168 59 97 226 66 2
    139 42 225 219 17 197 165 204 90 216 22 230 100 132 40 7 35 242 130
    70 93 4 79 234 180 114 9 37 90 167 60 151 74 170 38 224 114 121 59
    224 167 201 180 238 143 152 149 126 199 128 130 198 90 64 159 44 47
    229 192 26 162 115 0 190 43 168 139 23 81 174 81 176 142 65 94 238
    186 66 245 31 48 222 78 155 61 192 206 221 30 245 8 156 24 99 157
    200 247 118 175 237 253 78 47 117 68 194 36 78 40 187 238 100 9 189
    82 94 117 32 109 77 141 5 19 234 194 161 171 192 49 186 252 135 101
    50 197 16 32 135 234 172 22 215 141 196 95 236 207 109 6 12 131 164
    223 103 187 74 65 251 229 155 50 1 157 28 68 199 19 40 134 67 80 60
    165 138 22 250 241 233 150 173 6 25 48 33 42 122 93 134 143 211 105
    70 235 99 111 199 105 188 26 97 119 65 36 249 81 133 46 131 228 87
    231 85 66 39 88 210 227 112 43 59 248 172 48 152 161 101 51 207 181
    17 131 134 85 200 111 109 197 249 49 168 157 83 37 159 119 10 136
    245 103 254 248 168 161 90 141 53 100 218 11 171 53 102 117 22 186
    82 5 108 220 115 192 232 213 129 54 144 247 130 117 227 161 37 222
    98 20 228 107 220 39 84 54 54 77 119 2 116 224 125 192 164 207 167
    209 74 35 224 201 115 121 235 186 240 85 58 108 75 145 213 36 105
    253 239 217 169 132 238 138 119 253 139 219 156 98 127 229 6 40 102
    115 230 28 126 139 139 156 155 148 109 148 23 177 178 126 64 184 14
    122 12 109 112 72 206 97 224 58 97 85 135 250 136 203 68 83 64 174
    206 164 209 209 244 143 151 12 244 6 26 179 40 147 246 49 254 198 15
    243 125 61 135 209 146 53 134 161 157 114 18 160 140 51 80 76 248
    168 190 233 226 24 211 251 221 242 38 107 29 206 6 16 115 135 4 123
    10 83 102 91 80 245 220 186 28 71 209 246 104 237 196 231 240 87 112
    81 126 104 53 165 68 206 121 49 241 255 118 76 90 114 233 165 83 124
    163 96 168 47 199 160 159 34 68 39 153 156 22 11 122 3 44 21 83 247
    214 238 161 163 255 207 47 10 126 32 188 185 32 214 204 26 225 249
    202 168 0 216 235 166 82 221 108 133 18 41 227 216 132 16 146 94 193
    116 229 240 18 29 81 52 121 7 113 234 23 158 208 31 167 157 73 254
    82 183 202 25 108 38 148 234 173 8 60 162 48 216 191 43 210 85 59 55
    198 62 156 211 215 45 170 40 135 177 124 195 75 18 46 123 57 235 229
    134 241 92 108 193 14 247 75 80 21 239 132 155 234 238 174 247 161
    28 159 101 156 44 23 116 77 95 23 252 214 177 74 95 246 195 207 163
    35 190 215 164 181 203 107 48 34 197 97 173 238 67 96 55 104 86 187
    83 252 143 6 241 11 75 38 212 198 56 243 33 239 105 232 248 83 151
    200 84 91 202 38 121 81 105 97 2 157 3 243 155 13 208 213 15 37 48
    60 176 189 61 110 233 3 114 151 180 93 53 27 120 56 122 181 31 12
    135 154 51 204 146 246 192 201 25 165 214 100 98 1 7 143 154 219 181
    244 105 85 159 168 68 181 100 222 216 123 72 193 220 254 137 38 47
    28 133 114 154 128 9 144 97 226 13 146 111 57 162 76 144 200 126 242
    213 166 67 166 161 192 186 249 225 125 163 250 248 173 154 232 213
    36 102 234 232 63 54 242 144 52 58 206 151 68 234 234 237 133 209
    182 61 255 25 156 106 205 3 192 49 218 11 205 33 179 25 124 232 2 60
    157 238 116 231 72 182 172 77 74 141 103 79 8 175 55 230 99 232 212
    166 50 79 203 209 4 254 166 96 19 95 46 137 79 196 250 117 172 27 46
    242 63 189 60 44 79 99 232 188 123 57 210 98 72 182 229 44 119 22 3
    146 34 140 161 224 86 196 117 57 198 11 133 68 38 88 50 14 36 254
    217 201 174 34 108 168 187 205 49 66 172 207 216 68 227 67 76 132 10
    133 219 136 27 180 198 42 232 5 197 130 253 8 142 170 174 111 24 100
    113 122 90 13 88 240 193 125 124 96 32 92 14 189 10 119 160 249 79
    61 24 129 120 52 42 251 253 230 167 200 68 240 180 168 96 5 76 83 78
    100 69 157 48 90 63 229 202 1 166 212 161 132 39 128 37 234 169 179
    60 120 144 173 126 253 32 11 26 143 162 75 3 92 225 67 3 246 119 163
    249 228 98 123 208 236 52 64 4 11 124 56 111 37 90 1 99 138 22 223
    214 90 18 102 70 97 215 152 189 236 60 102 192 212 167 124 99 229 56
    132 127 178 44 255 85 241 62 182 245 199 38 41 92 168 220 216 196
    233 69 132 244 98 169 109 95 180 50 4 175 7 116 155 172 34 164 97
    219 195 228 8 80 134 65 138 153 0 208 83 180 230 19 154 57 224 144
    46 58 59 207 211 38 159 109 90 205 28 147 180 37 253 5 248 104 108
    87 212 185 170 113 120 233 122 230 178 15 216 171 138 150 208 112 64
    27 247 116 80 209 86 67 150 117 114 168 12 97 40 89 183 5 104 62 152
    47 196 176 55 221 253 248 235 187 105 74 73 205 21 164 181 26 93 92
    201 201 159 38 95 173 78 7 117 222 243 141 182 246 110 248 139 106
    47 46 218 236 43 245 68 237 190 54 196 210 177 42 173 139 198 98 55
    50 191 196 136 7 53 163 32 211 61 59 189 103 51 204 11 180 21 180
    147 165 50 42 44 238 208 17 233 212 3 228 35 60 26 146 199 13 1 108
    3 22 5 90 130 200 46 55 123 82 167 222 232 197 54 17 72 172 173 38
    173 229 209 226 91 178 25 75 117 168 82 199 187 80 254 213 243 229
    117 124 19 79 216 66 172 119 101 153 106 74 100 143 99 45 136 247 28
    184 72 243 86 59 247 254 187 66 175 103 69 143 234 94 150 188 23 233
    24 27 208 93 166 12 140 241 61 133 47 224 140 70 160 238 248 112 100
    35 203 171 10 46 200 71 33 254 172 226 236 98 195 136 172 215 198
    186 139 21 31 105 142 120 223 202 188 195 59 249 156 17 6 233 215
    159 31 218 26 247 236 63 8 90 187 245 189 255 23 51 198 107 163 60
    40 174 85 24 165 153 87 236 168 214 10 219 101 188 246 55 78 39 194
    163 237 148 63 237 119 26 51 184 90 100 148 166 254 214 95 121 26
    160 237 103 213 52 75 0 27 94 145 213 219 11 0 224 29 220 148 166 74
    82 74 47 53 73 121 40 96 16 243 5 45 72 179 105 189 41 194 214 80
    146 188 61 109 236 227 167 74 90 6 182 248 131 46 28 36 73 101 129
    154 209 109 52 219 230 184 198 234 19 60 111 42 153 86 235 192 247
    208 123 60 23 111 130 174 52 40 94 27 67 63 63 105 83 95 246 37 207
    38 249 5 192 163 126 207 184 125 80 102 66 32 65 25 195 23 122 111
    170 174 111 107 213 113 216 122 147 156 19 68 207 15 158 165 238 133
    62 70 149 102 104 18 33 151 136 242 122 92 192 134 157 42 125 132 49
    24 173 171 65 244 166 145 253 222 115 251 240 89 67 39 49 214 79 42
    207 72 21 219 153 182 245 101 129 42 80 253 216 211 47 182 87 48 151
    244 224 249 173 227 105 105 188 151 17 163 191 79 218 9 223 101 128
    21 129 37 216 161 164 15 139 48 139 127 200 2 150 120 111 223 213
    163 153 213 2 21 114 68 61 82 52 181 74 68 59 231 137 214 166 33 141
    7 109 57 107 199 130 252 138 2 63 99 115 174 68 131 219 230 175 102
    61 191 85 128 10 228 228 183 103 158 9 254 104 74 78 26 42 88 197 83
    43 11 166 18 16 252 158 169 133 129 181 181 32 130 100 166 176 72 84
    20 11 120 17 104 116 160 134 24 98 209 197 70 227 145 153 210 196
    164 232 176 64 38 67 25 208 107 183 9 123 244 138 112 37 54 170 125
    5 231 211 83 39 247 180 100 231 197 136 214 242 78 97 35 212 73 236
    176 101 229 66 247 15 187 190 126 239 34 65 54 134 241 198 234 24
    202 194 143 179 8 86 209 83 220 46 138 212 225 116 240 182 106 17 17
    172 81 233 226 252 205 147 225 42 182 124 165 213 101 102 16 130 35
    70 69 70 235 93 145 49 92 14 249 47 135 60 253 8 9 185 10 36 201 65
    232 215 175 156 237 75 64 65 79 195 35 73 181 159 164 135 95 253 168
    226 106 179 127 26 223 212 64 30 51 211 109 197 222 68 218 173 173
    209 61 245 114 150 169 86 171 146 172 91 176 154 148 101 229 251 213
    89 171 130 161 122 30 198 9 103 242 42 76 22 166 62 14 185 117 243
    65 13 92 96 248 250 205 131 118 190 146 46 107 64 61 64 210 149 204
    225 136 78 231 124 39 195 213 66 217 181 137 142 254 166 234 11 31
    115 121 232 87 193 114 116 191 105 24 197 123 199 183 220 144 14 181
    241 124 241 44 97 5 162 11 165 202 220 146 7 144 224 224 188 150 155
    104 34 209 179 83 29 242 180 155 93 152 0 13 243 194 210 234 69 98 8
    28 68 215 5 65 196 196 100 193 201 61 81 17 22 166 17 192 104 252 31
    148 155 187 180 191 192 238 100 68 227 32 108 47 117 200 32 237 98
    145 148 203 211 12 23 5 104 110 51 114 33 31 60 74 21 20 64 54 126
    135 108 119 34 135 64 63 127 34 244 17 57 162 119 223 171 84 216 51
    186 169 249 5 150 247 111 239 8 5 212 234 88 11 98 15 87 3 151 114
    120 144 132 9 107 183 178 223 112 82 121 174 149 13 27 94 10 226 42
    124 157 52 206 26 179 14 114 77 20 50 47 66 13 92 59 212 61 187 75
    190 69 245 46 178 87 191 50 11 127 186 44 27 37 85 251 83 162 177 51
    96 39 220 4 184 139 148 54 100 23 212 58 238 0 222 39 233 26 166 108
    15 24 229 248 144 142 77 46 154 209 244 83 32 87 107 230 7 188 44 69
    60 23 160 237 68 147 21 76 126 249 244 84 85 54 215 205 43 89 184 77
    233 144 223 180 235 152 122 50 142 55 39 91 99 89 233 38 154 86 112
    2 23 161 130 47 98 158 108 78 105 101 174 41 155 53 235 10 87 77 123
    228 111 58 185 246 254 58 182 11 145 15 177 113 49 30 250 65 141 206
    192 161 213 59 22 142 113 138 71 212 209 211 236 8 3 247 114 85 13
    114 104 134 38 3 63 160 172 71 94 185 69 9 31 146 11 71 136 137 148
    70 51 196 89 16 22 194 95 79 88 25 17 69 187 112 24 25 201 98 139
    151 200 122 114 242 112 177 32 72 74 45 144 139 188 234 76 80 177 25
    98 77 79 217 49 14 14 60 119 34 211 144 23 218 24 76 70 207 104 21
    145 21 69 122 137 192 123 89 140 179 146 234 15 50 100 11 96 244 110
    238 79 142 130 103 95 162 201 252 191 47 108 59 45 167 211 229 160
    115 157 201 51 86 27 23 193 138 118 219 182 66 49 158 154 42 84 202
    247 27 16 185 232 62 110 99 183 154 47 115 176 59 37 164 8 8 140 111
    205 30 184 219 103 193 184 97 45 40 108 121 100 38 153 107 107 3 47
    54 176 132 212 51 184 52 120 145 20 237 159 150 182 118 234 255 104
    62 235 195 197 40 21 180 215 45 15 214 197 5 220 121 167 29 226 235
    103 15 145 50 167 227 181 137 181 133 70 183 165 133 139 51 60 186
    118 101 23 103 104 7 201 15 255 178 71 82 183 66 21 21 7 53 116 14
    75 152 54 106 125 27 128 115 241 153 100 80 65 234 197 213 135 166
    70 207 157 95 174 253 8 55 108 192 254 250 121 158 79 130 238 235
    144 12 212 166 213 166 93 1 56 158 94 77 98 230 252 205 81 183 29
    198 70 124 188 151 72 196 195 246 74 173 105 249 174 34 165 224 43
    198 138 173 211 247 122 184 130 175 218 207 202 238 76 132 37 195
    158 40 228 55 17 90 189 54 201 245 155 53 225 81 176 209 3 146 232
    178 243 151 160 143 100 130 83 49 50 231 146 186 231 122 72 158 83
    164 33 242 96 236 198 233 228 230 154 37 75 200 37 244 70 51 219 60
    133 32 95 128 91 31 9 225 33 91 92 173 248 224 48 188 196 22 13 134
    110 162 10 125 111 193 74 10 175 190 75 235 154 23 191 250 104 29
    169 148 246 146 185 36 59 131 199 61 141 207 172 40 163 53 159 82
    178 156 132 14 15 166 179 41 163 89 1 142 148 229 68 49 227 171 153
    250 73 113 29 156 34 147 239 7 184 18 3 178 192 240 85 7 66 181 84
    113 203 172 194 193 54 96 72 118 95 53 55 85 125 57 224 74 36 43 99
    51 63 93 6 34 138 204 164 246 115 242 125 132 157 169 39 227 66 40
    66 140 136 195 171 196 219 12 206 129 85 73 161 209 179 124 115 113
    211 62 17 251 91 5 233 197 202 69 8 69 254 149 240 129 70 49 218 89
    132 60 207 81 89 8 29 114 192 194 152 68 225 60 48 29 150 92 81 1 0
    149 51 185 57 247 233 218 233 134 93 202 222 59 115 210 172 230 133
    88 126 68 215 109 150 9 191 202 174 30 153 226 136 193 69 242 97 152
    197 172 43 7 116 140 196 27 109 110 126 15 111 191 100 95 107 184 78
    99 84 205 58 185 186 90 172 65 79 77 54 111 205 204 36 38 74 107 238
    34 27 231 0 205 45 22 237 132 44 231 180 180 249 162 49 9 27 167 121
    144 181 201 44 26 211 187 180 180 104 91 0 174 103 158 48 221 250
    114 60 221 193 9 215 86 100 91 52 194 223 15 53 135 67 170 105 121
    92 113 146 236 130 110 239 90 117 8 125 44 187 10 33 220 122 224 153
    87 116 118 78 49 193 62 94 32 173 78 66 79 68 74 250 208 218 14 23
    104 231 24 241 157 91 106 213 181 29 4 5 144 8 37 64 92 64 15 116
    209 217 83 163 42 216 124 81 121 91 48 247 98 124 15 101 249 206 134
    107 34 103 149 222 155 101 91 50 216 193 217 80 216 28 117 131 23
    161 73 20 133 48 79 176 56 174 66 95 227 212 186 76 232 72 221 231
    245 142 86 157 91 28 205 5 56 28 242 70 97 229 198 157 39 149 36 196
    184 167 180 228 144 182 102 16 11 117 212 167 233 99 44 61 179 97
    117 127 95 48 189 13 142 230 18 30 72 153 42 214 114 150 210 108 72
    66 36 246 123 98 75 28 42 124 252 148 139 32 167 207 124 130 203 248
    213 94 74 113 16 212 65 207 160 145 96 171 17 167 113 169 206 21 107
    205 106 146 159 1 23 80 35 69 163 2 150 90 100 119 9 94 108 22 254
    238 150 24 93 24 146 74 208 56 220 151 135 166 18 220 65 167 156 37
    152 58 52 3 18 36 148 34 143 194 69 247 92 249 175 45 231 31 187 67
    147 93 204 208 230 140 6 225 180 32 210 153 50 243 92 139 219 123 37
    66 241 20 102 62 55 181 137 201 178 176 128 61 93 11 153 218 69 78
    230 216 239 32 57 120 192 134 29 63 250 159 24 128 253 40 142 82 122
    3 226 221 101 121 64 109 198 176 123 194 120 252 220 40 158 63 100
    44 242 200 6 96 237 138 147 110 190 109 238 133 24 19 189 236 189 42
    141 210 255 138 31 83 144 238 233 122 51 37 112 202 56 59 130 77 36
    188 19 251 207 159 140 232 86 148 181 70 192 220 32 174 62 73 120 26
    186 201 34 76 16 228 207 91 16 166 21 229 61 205 8 9 54 77 223 57
    153 169 161 246 29 114 172 83 161 89 42 17 166 137 19 100 96 217 125
    55 159 82 166 181 59 95 99 253 140 163 96 155 53 137 48 70 103 242
    171 53 11 179 222 74 86 28 177 247 147 164 164 188 154 46 113 226
    242 148 69 252 14 30 117 182 143 117 70 85 29 135 86 187 89 221 117
    114 35 70 197 115 22 204 111 105 36 65 248 83 107 224 253 150 221
    110 118 71 238 31 78 138 125 182 68 78 140 101 34 40 114 13 247 199
    209 222 210 63 89 95 191 25 235 57 36 240 154 232 156 101 241 49 217
    252 172 80 164 3 95 174 34 31 182 161 178 149 156 1 127 39 160 129
    35 191 88 193 48 63 178 78 174 224 179 201 82 58 12 152 41 48 206 56
    239 58 54 26 182 137 207 62 176 201 145 3 168 139 233 227 52 138 239
    89 248 47 156 101 81 26 229 195 97 209 151 148 115 35 188 192 45 185
    115 250 246 157 26 110 95 108 136 186 226 4 99 41 141 239 65 193 158
    14 12 192 58 102 105 142 177 167 39 101 251 93 14 144 38 51 196 217
    203 71 125 83 3 76 201 219 204 42 245 91 44 253 117 100 23 46 132
    212 15 223 16 108 251 46 177 249 218 0 167 102 59 207 161 239 241 28
    134 122 178 106 29 38 102 67 7 6 85 3 105 150 187 135 39 172 144 151
    232 35 114 135 19 205 105 151 4 120 117 55 112 56 208 147 1 12 77
    229 35 43 60 60 171 162 0 3 149 175 108 71 185 214 185 98 179 231 21
    14 239 191 62 210 162 161 38 76 11 207 194 108 251 158 58 123 101
    237 1 45 15 162 59 60 115 36 86 255 118 148 43 228 230 26 194 148
    206 181 216 43 109 163 184 98 173 84 193 60 181 133 154 241 46 141
    51 172 210 209 55 226 71 252 252 37 75 102 72 10 72 124 174 95 180
    97 145 150 98 38 139 226 129 132 103 157 28 245 182 157 212 168 118
    244 197 222 8 245 6 94 9 152 6 66 209 112 114 158 157 247 142 237
    226 123 160 50 203 142 40 93 6 22 219 79 150 137 227 109 1 101 114
    194 213 247 85 19 140 4 45 18 50 99 184 239 119 82 126 150 220 56
    146 54 203 239 198 93 28 9 97 120 161 31 36 243 144 78 255 172 56
    244 145 62 14 92 175 228 66 229 145 51 98 251 91 168 199 210 238 36
    18 252 18 23 245 79 119 218 92 249 63 200 238 254 107 225 20 142 143
    160 136 184 17 251 101 160 56 110 52 168 143 120 254 211 86 115 221
    134 202 197 196 166 100 136 99 179 9 37 120 145 96 196 47 168 121 52
    127 235 201 194 33 41 25 225 121 53 230 89 217 253 186 196 182 27 13
    7 39 83 202 56 83 198 126 187 142 232 36 199 104 60 35 142 122 164
    113 140 242 238 230 162 23 201 43 113 59 205 26 189 171 69 173 215
    64 163 43 243 18 99 187 93 171 80 222 221 8 5 219 128 1 152 158 143
    170 103 45 206 124 253 247 90 53 228 41 190 219 44 37 122 130 28 25
    16 240 164 113 193 102 145 229 167 146 29 226 169 2 149 2 110 24 181
    244 139 124 24 45 85 165 159 118 114 55 210 146 204 71 189 143 55
    178 188 169 228 47 54 73 168 222 87 30 158 73 224 252 59 157 137 232
    165 217 234 27 152 51 113 50 97 56 218 204 36 222 28 109 250 184 138
    190 72 227 72 54 221 73 59 182 192 102 232 133 37 210 198 20 252 207
    253 195 99 84 130 50 163 253 36 202 187 180 159 183 82 67 44 85 161
    133 1 37 90 115 243 53 169 242 38 248 33 9 69 101 244 74 252 206 139
    61 23 219 52 209 161 33 34 11 122 148 212 171 13 205 138 176 34 133
    139 71 110 134 127 30 73 170 106 108 67 249 142 57 198 210 153 50
    169 143 15 93 56 131 210 234 48 230 253 121 165 161 117 253 30 75 2
    122 197 63 78 41 60 27 131 223 91 76 121 106 172 134 103 220 187 165
    179 208 131 167 219 102 159 233 250 225 86 223 4 198 218 1 220 191
    174 32 251 247 245 51 81 34 248 116 7 208 72 163 213 44 113 244 239
    22 132 79 48 124 226 73 93 16 203 213 66 78 203 71 29 60 196 110 193
    74 171 95 235 21 130 195 195 92 41 91 128 118 16 8 80 197 94 48 24
    151 131 160 30 248 97 198 6 132 208 93 117 129 13 91 20 136 91 86
    190 173 106 250 46 81 219 46 62 79 29 34 43 35 124 104 219 215 28
    135 152 64 209 26 107 179 148 160 160 189 135 176 199 24 186 169 44
    34 2 37 47 168 182 242 200 249 160 45 151 37 119 44 37 27 153 132 98
    205 179 20 26 19 38 83 61 28 89 240 108 42 11 53 125 66 125 93 64
    227 205 191 231 30 85 100 11 124 30 243 33 103 41 217 3 133 96 195
    58 60 136 107 118 169 88 162 21 219 79 13 157 196 112 70 44 13 252
    227 48 55 19 131 221 87 252 126 137 247 83 194 178 140 220 45 153
    202 69 225 75 24 51 10 134 87 76 165 74 67 178 94 106 33 125 130 213
    111 185 193 247 68 114 163 145 210 198 143 212 119 96 105 210 223
    179 212 203 127 114 201 79 106 28 15 0 129 2 9 212 78 163 31 90 184
    197 50 79 11 216 30 250 26 125 66 210 169 192 235 216 128 90 50 146
    148 33 209 70 104 134 88 213 116 153 179 169 15 112 202 7 25 47 127
    87 94 140 227 112 114 181 38 88 27 144 52 238 117 101 232 149 67 28
    25 241 23 68 196 142 187 147 116 109 205 145 37 105 40 2 113 134 187
    251 13 162 55 234 72 90 38 23 27 66 65 151 233 232 52 168 183 223 38
    164 224 105 46 107 140 16 16 208 236 73 106 113 178 59 148 35 154 55
    169 69 23 35 131 42 91 113 231 141 68 47 127 66 83 125 150 211 14
    171 64 246 216 69 77 22 85 225 250 31 161 13 124 38 177 192 191 235
    136 174 226 101 96 139 109 60 8 101 154 104 171 31 171 162 4 214 114
    96 225 245 249 85 177 190 191 221 226 85 42 137 137 105 132 164 9 20
    182 215 210 69 156 28 224 188 246 252 234 121 140 227 178 234 133
    220 169 110 116 117 60 3 199 102 164 52 176 87 71 184 67 201 14 17
    106 131 152 132 90 172 103 64 167 29 110 182 235 30 82 8 149 238 230
    9 52 142 5 200 209 212 155 94 172 11 201 142 214 91 112 46 98 118 7
    184 105 222 56 82 209 22 135 90 110 42 68 44 171 122 237 111 175 234
    184 56 106 157 149 111 241 82 207 219 229 1 176 16 91 231 29 220 41
    222 54 81 62 1 153 157 144 73 120 0 116 206 104 188 148 145 239 18
    119 26 200 76 246 210 178 63 50 60 144 41 249 177 252 228 157 67 71
    215 81 218 158 145 125 49 83 33 207 55 92 76 101 19 113 9 63 15 210
    0 187 214 194 21 22 103 119 51 63 172 11 243 158 129 122 159 239 166
    122 124 192 28 208 130 143 3 53 35 67 112 125 199 187 94 241 247 26
    238 135 64 28 147 56 207 44 60 145 139 82 123 183 213 59 200 96 158
    155 77 242 194 131 141 5 143 111 62 244 51 32 40 177 235 240 106 177
    201 6 248 230 50 134 210 255 235 10 102 190 246 151 29 54 246 16 24
    253 10 221 131 226 168 123 133 226 199 160 8 130 13 163 37 159 177
    243 209 251 179 213 83 18 41 80 41 22 89 189 121 91 223 82 95 141
    125 15 91 40 81 75 102 59 49 121 48 9 8 125 107 159 51 54 110 89 62
    113 104 118 166 79 218 72 179 205 0 34 16 201 70 241 63 61 110 232 0
    18 119 186 98 12 1 164 181 230 195 128 198 161 115 135 66 141 171 30
    40 153 235 192 125 60 4 52 222 180 101 97 112 230 253 231 76 245 10
    212 112 97 245 99 189 60 115 20 214 236 110 200 120 181 106 102 246
    148 61 239 74 175 221 132 232 91 167 166 213 246 3 26 4 104 162 68
    81 228 199 14 115 145 151 203 149 117 205 210 201 116 151 189 224
    134 246 59 130 143 195 150 155 140 70 255 135 54 121 149 155 227 150
    225 137 68 1 230 64 176 6 234 48 208 53 249 205 30 93 42 89 81 169
    200 159 75 14 183 80 39 132 20 185 165 144 198 197 30 41 198 167 173
    137 207 29 68 202 157 136 163 161 6 31 255 8 92 250 46 18 234 187 4
    166 69 216 18 81 33 211 87 38 206 86 209 177 6 161 159 248 162 111
    106 142 202 53 74 19 84 151 131 234 29 16 10 189 215 99 44 57 159
    153 145 247 249 165 170 7 40 32 51 75 80 240 181 102 243 120 166 75
    206 97 173 228 115 124 166 230 96 235 174 74 132 182 37 92 30 31 246
    65 234 42 99 211 95 238 4 27 120 117 189 116 71 118 143 22 92 133 5
    177 53 90 78 20 27 51 166 78 149 94 151 39 168 203 108 0 194 93 190
    27 207 47 217 182 126 52 209 136 108 115 202 235 124 209 203 12 180
    164 35 228 20 169 202 166 94 91 116 188 222 139 192 137 186 178 253
    9 113 140 97 49 219 109 158 184 183 181 115 219 251 14 219 4 56 21
    237 147 125 230 244 243 2 165 232 156 3 223 245 144 237 24 190 32
    228 180 245 17 129 128 105 60 177 97 250 209 188 109 179 196 213 137
    84 255 225 71 196 172 230 239 110 71 195 61 62 50 245 250 146 104 40
    73 206 55 78 155 153 26 70 227 94 111 71 87 158 227 97 93 104 206 93
    233 200 59 162 74 35 86 249 255 20 139 9 207 157 23 77 89 80 37 140
    253 133 48 48 31 236 223 62 153 38 107 95 38 43 188 30 41 207 234
    194 153 216 45 60 219 92 56 87 243 161 92 112 15 127 160 205 189 82
    14 83 133 183 119 4 2 11 235 202 13 73 67 124 132 210 217 54 143 56
    231 135 89 27 73 98 191 33 31 147 248 86 148 126 245 227 31 133 76
    178 112 116 39 54 38 35 8 52 242 178 198 216 162 87 249 250 113 60
    181 141 196 192 162 234 162 252 141 244 229 71 164 117 61 120 185
    150 249 143 213 189 41 233 116 57 19 219 232 69 158 99 53 81 192 225
    72 169 143 229 37 169 181 201 154 237 56 120 158 195 155 34 223 168
    50 63 240 76 185 199 226 138 86 34 59 201 97 174 110 4 117 111 196
    158 116 235 221 244 68 170 58 78 25 144 82 114 160 127 246 94 100 38
    56 224 241 122 188 39 43 234 164 3 138 52 29 90 60 21 244 113 74 163
    229 136 157 170 212 116 203 188 172 103 191 211 1 105 249 36 127 87
    238 129 94 77 65 243 90 112 153 89 165 175 122 152 182 127 53 207
    114 250 32 26 129 0 33 161 226 82 145 63 198 128 152 160 98 31 32
    254 60 160 61 158 247 128 145 136 67 112 202 56 50 17 62 142 127 46
    115 113 236 70 171 252 127 181 53 157 145 176 142 144 135 237 252 87
    93 130 35 8 6 222 2 143 105 104 87 45 56 223 79 135 99 71 49 135 29
    244 27 83 184 246 186 188 180 115 150 244 16 251 238 76 93 78 139
    162 109 150 60 228 86 58 252 146 75 190 230 208 97 45 152 111 189
    138 240 34 248 143 198 11 206 52 88 15 240 255 250 79 44 15 185 187
    94 145 123 143 137 201 54 240 24 22 238 109 151 178 176 246 108 60
    186 157 38 98 112 156 223 255 165 34 249 214 3 36 220 20 41 37 186
    135 188 187 245 58 169 248 20 44 193 184 190 247 164 21 36 9 43 95
    97 115 16 145 13 70 107 192 115 158 38 98 50 58 173 229 237 82 193
    23 31 147 170 143 80 230 56 231 52 192 74 194 154 253 67 12 199 251
    8 27 238 177 149 81 224 133 72 221 238 49 13 115 121 73 250 72 219
    238 136 96 143 142 97 240 5 109 190 24 78 56 238 48 25 247 68 140 19
    54 218 92 91 0 34 66 144 150 230 83 236 225 204 64 72 63 207 77 42
    215 31 193 12 175 61 202 117 36 85 48 146 128 85 229 172 238 219 72
    9 116 155 32 225 28 208 240 17 207 73 22 5 230 169 192 148 240 110
    195 245 236 158 216 138 221 166 81 220 157 54 191 221 28 128 223 249
    216 249 49 175 55 173 8 218 67 212 191 113 232 151 127 152 232 166
    32 221 158 154 203 170 114 134 15 92 108 222 70 197 230 73 162 210
    55 85 210 187 42 248 245 185 158 51 12 219 14 114 166 190 76 237 119
    70 46 28 8 224 116 132 222 166 127 92 181 99 152 155 236 116 192 61
    130 252 177 211 153 222 121 105 75 180 199 12 95 57 67 39 118 155
    149 186 235 140 19 221 200 131 6 61 171 43 209 235 142 65 81 188 142
    127 37 94 232 61 90 216 72 198 218 176 177 148 190 224 66 252 0 54
    121 166 197 91 61 159 62 105 204 1 8 245 91 175 68 34 16 120 128 35
    170 230 157 62 77 255 161 24 140 56 186 68 48 98 123 85 18 209 63
    250 65 210 170 170 152 34 166 98 176 223 197 130 112 43 53 141 92 20
    64 195 99 216 242 19 230 40 222 150 23 189 112 194 142 218 124 148
    178 207 228 42 218 170 13 70 160 66 217 106 58 16 143 218 156 253
    191 114 147 241 231 23 18 176 238 235 14 116 6 97 33 152 93 77 216
    250 177 253 198 39 35 3 176 91 126 71 70 122 191 187 79 245 81 142
    75 29 146 221 205 200 128 144 16 136 254 75 192 10 160 238 89 16 90
    37 152 46 36 111 100 25 15 49 242 59 203 76 191 179 63 248 65 200
    120 227 98 35 227 200 141 156 65 49 103 108 155 45 227 210 26 136
    198 225 176 170 73 19 238 245 34 154 62 201 190 178 230 222 0 239 10
    188 42 4 1 60 157 142 85 41 162 32 81 30 136 10 189 174 158 26 83 99
    127 138 222 74 160 159 210 121 38 60 239 198 21 64 23 93 237 163 196
    126 19 161 171 72 251 133 153 188 50 143 12 36 126 90 15 168 174 90
    143 248 65 81 117 169 211 186 8 229 99 129 215 88 156 129 234 108
    216 40 211 76 216 69 209 95 177 215 214 102 37 85 71 3 14 58 139 230
    218 152 131 181 53 60 118 168 193 70 246 38 35 167 214 199 151 74
    106 0 243 187 241 131 18 99 84 76 80 174 252 238 101 101 252 188 115
    250 172 176 242 142 44 141 255 124 230 7 6 158 254 196 26 188 49 228
    248 214 28 95 111 252 146 226 123 70 233 180 45 208 89 163 111 80
    133 159 78 133 8 187 125 4 197 146 122 20 144 212 97 46 229 205 81
    136 226 219 38 166 40 253 91 21 107 36 117 22 84 52 180 224 19 146
    185 205 182 67 80 1 225 188 154 216 165 120 187 193 76 14 161 107
    238 135 99 93 108 5 101 143 134 133 46 251 210 103 123 4 46 135 57
    214 122 186 48 118 193 60 199 89 232 122 98 236 174 194 135 167 140
    211 162 105 74 103 20 106 196 139 99 138 199 73 10 147 53 138 26 47
    246 68 29 4 65 51 7 241 35 131 22 204 9 80 239 196 227 242 107 109
    124 222 250 113 10 80 118 194 193 62 144 42 109 218 248 151 4 246 73
    174 202 220 97 103 217 139 237 144 114 200 3 141 117 236 65 73 61 16
    142 108 4 58 225 139 216 80 124 32 47 131 235 4 81 198 255 52 28 113
    99 70 169 38 233 93 225 160 231 84 243 105 179 206 49 134 29 66 172
    45 140 70 144 69 148 20 169 171 138 7 113 203 88 246 192 217 67 134
    189 197 254 0 249 201 33 212 94 61 171 71 183 1 67 253 119 120 208
    199 199 88 155 79 21 219 34 146 218 225 114 191 221 19 48 58 196 239
    152 146 62 37 91 248 11 227 96 187 5 234 32 66 123 84 184 116 50 32
    68 10 80 16 154 140 13 29 248 159 158 57 120 121 67 82 252 21 4 171
    242 11 115 27 235 90 129 150 175 173 169 9 249 9 207 214 122 115 151
    42 123 114 230 166 108 77 216 32 103 92 208 61 247 29 18 163 90 216
    5 68 23 47 45 247 62 61 153 65 201 87 158 228 69 218 53 188 38 54 48
    154 0 149 175 132 249 179 255 85 157 69 136 65 174 112 70 207 31 238
    177 224 228 217 169 0 78 176 229 14 48 194 253 91 245 88 68 18 186
    211 145 186 84 239 15 11 146 216 93 20 119 152 112 203 154 238 100
    94 33 83 100 101 203 40 185 138 96 100 73 26 129 196 212 162 130 43
    138 17 204 104 29 97 232 45 227 165 100 12 229 191 118 79 54 160 56
    36 249 218 131 90 225 171 59 197 98 223 241 99 83 68 54 25 214 211
    226 145 168 216 228 244 9 75 137 175 76 190 18 16 92 74 63 255 198
    158 116 238 23 73 51 68 170 196 41 171 116 254 167 46 140 164 125
    110 93 221 60 51 180 175 3 135 71 31 19 130 32 174 61 119 148 232
    193 218 198 152 145 152 101 141 160 128 205 103 193 84 66 183 224
    186 133 7 20 143 83 177 163 188 207 218 35 66 34 226 226 138 182 23
    209 0 190 125 206 144 42 38 62 133 74 160 241 221 180 19 216 191 163
    104 148 30 218 242 104 248 60 34 81 91 137 183 15 111 208 91 219 165
    194 191 245 210 171 21 85 8 138 71 91 4 140 166 69 203 235 38 206
    128 77 52 13 194 70 108 152 163 185 35 58 135 235 26 65 101 105 188
    234 236 95 27 15 128 168 222 75 130 87 2 152 117 45 127 154 186 237
    190 82 95 172 251 87 2 236 27 135 9 150 43 109 32 216 244 69 143 18
    226 4 71 138 9 251 70 19 14 83 40 57 170 49 213 230 34 230 203 150
    53 211 43 48 136 156 169 184 87 23 87 66 56 151 232 254 229 91 173
    158 75 150 218 169 1 27 253 104 36 65 73 61 121 168 184 6 146 131
    146 149 244 38 13 88 233 217 170 13 36 41 171 72 215 108 181 20 125
    51 142 79 251 59 79 241 116 221 52 73 126 4 65 23 202 61 70 127 61
    70 230 29 196 228 150 20 240 54 151 113 23 60 46 3 71 219 218 128
    152 153 231 108 18 180 205 90 160 82 181 66 114 220 118 103 237 222
    162 242 23 32 58 79 207 1 161 171 33 12 194 62 16 181 210 24 105 200
    11 192 246 179 223 48 244 32 26 191 212 117 52 61 145 55 26 198 102
    56 140 64 232 24 126 48 46 131 62 200 183 19 132 6 21 174 255 56 242
    123 203 79 17 59 181 246 174 195 123 7 16 150 144 206 139 204 223
    112 76 245 91 187 221 185 156 76 97 51 18 37 14 81 190 99 36 100 44
    37 90 230 10 132 213 2 180 99 61 188 150 12 0 4 97 148 82 76 139 88
    91 106 5 28 7 55 153 218 122 10 41 56 89 36 168 168 116 128 252 252
    94 134 162 39 32 218 196 124 192 39 90 212 133 101 34 106 11 81 65
    20 78 5 133 13 120 169 21 234 202 60 6 135 244 111 117 56 50 53 221
    14 39 41 68 222 62 170 150 1 13 177 131 32 32 75 90 94 193 239 251
    54 10 214 140 231 236 231 13 20 207 23 217 188 241 106 19 204 246
    113 141 251 240 236 7 168 231 96 239 99 132 102 157 189 154 177 47
    194 107 236 80 164 24 230 57 73 116 89 125 191 3 147 11 159 180 191
    187 127 212 176 254 191 157 102 94 94 100 254 47 68 14 109 95 15 46
    13 120 41 224 141 3 233 26 188 87 140 122 138 134 197 224 84 236 138
    109 47 185 116 99 89 29 247 138 19 68 89 207 191 206 62 78 152 193
    122 10 244 143 241 17 87 127 80 245 61 19 51 102 117 16 85 128 81
    172 149 176 176 60 221 35 245 38 169 15 175 120 190 23 67 34 93 224
    150 165 102 53 197 64 135 177 7 96 152 57 252 112 246 66 167 189 47
    17 136 79 61 215 111 52 73 129 189 169 44 156 54 166 68 186 244 79
    177 161 129 27 133 164 175 196 96 64 227 10 114 126 32 229 244 222
    199 28 170 71 67 135 243 74 22 188 205 145 210 84 222 35 115 238 141
    62 65 13 215 141 170 163 46 44 71 150 126 67 229 114 96 133 202 99 1
    226 135 121 177 29 185 66 80 86 31 110 66 41 254 105 130 194 233 239
    153 85 32 250 191 94 170 119 28 210 217 218 26 182 177 17 213 94 252
    62 80 157 27 206 119 41 174 46 148 108 253 112 223 192 147 176 249
    64 206 245 62 176 176 61 56 136 173 26 70 107 15 40 185 249 46 215
    112 39 200 101 26 164 76 102 219 144 141 151 247 236 164 219 114 113
    212 135 147 172 55 166 121 6 206 105 234 34 131 63 12 164 207 223 34
    208 23 71 239 216 209 253 84 146 216 64 70 86 218 161 224 76 0 12
    173 55 209 29 243 86 234 105 115 110 126 173 94 7 169 168 231 19 211
    124 2 158 87 210 152 85 16 101 242 21 30 96 126 74 56 156 197 148 56
    161 38 53 182 57 56 178 61 144 27 160 239 87 190 45 203 52 132 44
    168 73 229 175 118 241 243 149 112 189 131 152 86 41 97 151 77 66
    215 140 135 249 202 58 247 91 57 131 19 77 154 113 183 106 194 250
    188 139 15 244 148 151 19 2 102 165 121 66 116 102 212 41 106 42 237
    156 216 196 80 33 154 212 155 210 121 90 130 31 131 111 22 236 8 25
    203 93 50 67 133 2 121 239 114 246 151 222 81 60 132 116 108 2 71
    216 69 208 70 146 48 41 4 4 168 253 191 244 10 231 212 254 13 124
    118 194 79 56 234 128 167 174 240 188 150 57 13 181 97 51 235 98 224
    40 127 30 173 144 210 204 114 74 82 190 170 177 173 202 164 134 226
    55 173 33 209 143 143 128 245 149 80 135 245 130 25 47 6 111 38 202
    153 8 150 18 50 202 221 216 101 46 47 130 77 109 240 105 238 252 217
    25 86 16 161 132 8 121 215 229 21 177 205 87 4 176 144 196 75 109
    217 39 25 28 212 239 199 67 242 173 249 119 54 218 77 190 122 253 14
    2 241 158 44 42 117 112 131 126 215 78 80 243 161 225 55 185 143 30
    1 67 147 125 169 205 139 109 85 36 91 38 87 217 193 113 221 236 57
    82 229 172 143 109 121 201 144 139 246 249 150 168 105 183 112 83
    161 197 167 87 253 213 131 57 137 110 42 81 89 65 228 183 102 44 204
    15 155 213 145 2 109 253 195 71 18 247 249 144 52 63 85 215 251 160
    39 219 81 65 98 121 167 135 140 28 241 30 193 21 117 157 128 185 124
    222 205 40 204 43 123 201 243 35 133 15 46 150 72 28 101 122 72 193
    60 41 114 166 134 226 153 167 171 121 254 62 214 116 153 26 57 113
    237 175 119 182 225 224 211 186 67 236 141 60 228 167 145 1 36 54
    114 207 128 135 199 121 207 204 219 12 146 127 210 229 45 143 244 66
    14 210 219 227 86 29 49 107 25 198 98 147 244 134 144 84 196 207 205
    86 173 220 159 78 67 101 85 31 40 51 58 95 204 243 72 175 176 95 173
    10 210 223 16 45 179 141 63 216 103 67 8 121 152 147 111 28 24 133
    53 74 97 156 10 181 154 215 184 232 40 21 14 129 243 251 63 83 98
    105 225 228 219 156 103 76 170 219 140 173 167 157 96 73 33 43 34
    119 46 54 74 186 19 129 178 82 144 104 54 35 151 44 49 246 52 144
    120 5 147 86 2 162 58 97 13 247 98 155 127 141 227 25 195 252 138
    115 181 34 69 120 214 154 181 193 134 143 67 171 221 81 246 174 142
    132 190 250 40 9 80 81 222 121 169 20 179 71 59 181 192 81 33 34 169
    190 232 5 52 136 130 1 76 93 76 116 159 220 58 170 96 225 133 45 210
    25 22 169 24 48 172 29 206 111 50 121 126 47 173 109 136 115 170 119
    95 9 41 48 224 219 165 138 143 228 85 217 11 60 98 2 17 159 132 86
    238 138 48 74 128 93 23 192 60 140 131 212 252 224 104 137 73 76 50
    57 199 213 173 178 46 50 230 207 204 100 252 186 169 78 165 32 180
    59 202 252 139 42 241 69 213 235 54 20 242 135 150 172 64 27 156 236
    2 96 191 248 110 86 138 47 163 230 28 33 137 212 136 80 180 122 92
    53 193 229 116 185 207 105 168 41 45 89 71 7 211 89 190 146 1 7 40
    226 171 101 209 143 207 223 226 32 192 65 209 44 223 190 189 250 61
    130 144 88 253 147 43 112 225 138 19 21 70 109 157 243 60 125 18 46
    49 236 39 209 156 126 162 96 165 188 133 176 121 133 125 63 174 69
    121 193 141 84 18 104 180 55 186 73 183 79 8 95 118 137 174 26 165
    149 43 10 227 87 13 6 127 245 59 248 185 32 103 90 215 94 237 159
    116 35 134 1 178 203 148 163 230 29 222 128 55 195 119 184 161 250
    171 84 62 191 36 41 77 4 194 67 60 187 22 124 120 63 196 24 172 161
    18 51 21 20 152 180 200 153 102 88 143 100 210 104 3 131 5 18 221 12
    68 97 225 196 126 113 160 181 199 62 21 225 120 207 52 237 207 210
    23 217 214 45 107 0 111 97 24 225 71 170 90 187 62 118 36 235 44 209
    22 40 54 187 161 97 223 57 225 228 164 89 187 174 113 200 74 20 246
    73 175 43 11 126 170 21 30 206 120 158 157 46 210 198 216 205 139 54
    61 106 5 219 77 174 51 24 254 15 195 63 220 232 199 3 194 237 212 32
    210 232 171 22 162 181 68 57 243 228 198 135 131 168 164 47 99 138
    128 109 17 0 26 33 185 54 105 63 127 16 98 167 88 156 196 15 200 210
    244 1 194 242 149 111 199 41 96 8 4 123 23 0 137 149 152 67 86 151
    151 42 236 184 40 25 156 227 123 6 254 229 165 101 106 213 55 208 24
    54 94 81 250 9 107 246 213 123 119 248 168 234 237 169 14 104 83 21
    42 9 186 230 56 174 211 250 27 208 41 168 246 189 252 14 144 178 241
    5 166 55 119 51 63 252 202 164 158 115 227 60 62 16 72 122 245 7 102
    239 88 37 239 146 223 155 150 145 150 97 134 224 63 197 20 158 238
    215 81 161 166 188 144 64 56 203 228 87 138 203 234 106 145 185 19
    22 253 64 229 7 12 244 193 34 230 55 144 19 149 160 142 60 8 115 79
    117 103 192 71 152 101 92 80 69 232 225 100 241 41 142 156 12 170
    232 67 167 196 157 177 201 120 41 98 230 67 8 253 45 20 95 249 117
    217 245 6 254 151 79 38 200 13 37 197 118 121 37 81 89 22 166 156
    194 175 184 95 180 146 212 241 199 244 39 126 195 83 179 80 99 160
    184 127 93 65 219 17 219 255 148 38 190 130 249 80 224 122 122 9 35
    48 243 71 54 106 235 164 108 111 84 52 217 2 228 93 113 200 39 246
    155 169 236 38 65 14 174 222 37 153 13 162 60 11 204 246 190 240 57
    13 0 168 113 42 153 247 59 1 30 116 231 140 68 137 134 167 157 196
    181 194 7 53 57 3 206 19 71 209 190 167 65 28 16 180 33 161 55 210
    73 63 55 7 247 164 114 188 88 69 14 154 93 118 197 144 236 142 195
    210 124 252 95 52 247 114 73 57 33 247 230 105 230 192 67 117 51 115
    138 119 231 228 56 105 241 254 130 173 223 83 13 11 13 97 23 234 80
    119 92 180 117 53 113 141 176 145 201 124 62 114 175 182 112 155 76
    162 230 148 209 104 53 41 193 54 114 23 43 184 23 175 230 69 119 20
    249 1 21 154 182 251 180 236 204 183 157 19 238 1 251 130 193 194 36
    76 218 214 66 149 176 41 47 7 53 102 4 216 215 244 180 169 16 117 35
    246 0 21 41 71 91 29 105 196 138 193 219 248 174 99 218 195 165 176
    56 36 135 196 13 101 93 197 226 141 128 8 16 73 229 165 0 175 100
    169 98 8 123 63 172 180 109 179 173 122 10 195 50 102 107 34 213 197
    39 52 18 170 218 147 81 12 81 211 238 62 61 168 237 85 55 27 98 255
    219 214 55 56 221 91 208 201 68 17 145 95 0 202 199 184 102 22 152
    141 83 158 227 94 38 173 217 162 150 117 212 82 43 204 154 67 236
    238 231 183 65 76 23 142 56 86 187 253 195 198 58 93 104 123 50 39
    38 16 178 134 159 239 143 14 201 178 8 190 10 194 16 143 63 237 110
    58 233 73 81 35 215 235 194 241 170 217 249 70 156 239 53 144 231 77
    252 217 53 85 172 149 246 55 28 161 120 83 108 219 44 229 69 221 32
    61 246 134 17 67 180 96 177 39 9 249 168 146 10 223 156 58 247 149
    15 22 0 220 57 76 166 39 187 147 86 171 105 1 251 213 206 244 86 36
    248 94 67 170 77 218 160 118 117 186 194 204 135 186 138 251 10 214
    85 239 139 231 130 219 127 54 243 189 104 104 177 191 50 241 24 66
    235 21 113 191 140 67 210 130 152 187 110 101 187 49 35 178 135 165
    252 88 7 224 216 94 59 62 31 211 101 212 199 40 153 229 134 200 176
    209 65 224 18 150 109 19 204 28 54 91 214 252 74 70 220 163 209 159
    45 135 220 7 235 87 241 13 114 229 225 50 105 77 33 77 167 16 107
    218 140 151 131 27 115 220 0 182 85 96 68 52 129 136 85 57 105 102
    143 19 146 169 164 91 197 216 231 127 241 219 59 49 243 15 188 38 87
    198 14 194 29 43 64 136 252 66 127 147 29 248 3 26 104 182 69 67 119
    161 21 83 137 132 206 225 60 175 154 85 235 5 139 68 32 40 144 224
    182 151 125 167 85 144 32 156 255 165 108 48 51 77 151 97 70 251 69
    233 130 159 196 49 248 14 145 14 219 74 191 201 99 191 112 125 130 7
    107 69 195 217 183 92 22 202 178 122 238 118 117 84 137 68 34 5 38
    93 117 91 76 205 239 182 120 192 38 96 91 135 223 12 191 211 181 198
    147 221 121 68 126 217 80 125 14 60 173 1 159 28 245 223 171 215 101
    158 94 117 163 38 242 208 129 68 84 170 229 225 37 220 241 48 93 84
    190 81 91 174 104 214 190 159 45 59 10 55 59 36 68 222 113 197 144
    80 69 117 90 8 196 117 253 80 193 24 199 98 117 85 63 59 225 116 155
    74 21 154 24 253 42 54 16 242 224 219 88 179 220 218 91 101 218 29
    72 37 91 141 76 67 165 206 51 81 66 180 205 40 238 219 186 191 84 2
    125 151 127 17 97 239 150 104 182 204 78 102 157 126 116 142 107 84
    92 65 158 205 185 58 246 194 9 15 63 73 67 224 140 103 10 229 190
    229 95 237 231 61 116 211 5 109 131 32 148 40 147 145 81 48 100 20 2
    209 178 115 110 11 20 31 138 220 119 199 107 24 17 57 126 214 222 66
    221 203 255 217 33 220 15 244 17 36 68 162 61 199 118 245 222 143 13
    67 225 80 212 66 113 233 246 215 222 11 137 23 34 252 255 183 168
    150 177 65 255 101 248 195 7 231 154 24 7 228 38 62 185 196 72 117
    190 74 183 150 71 238 141 171 152 165 80 148 17 57 244 161 79 167
    157 216 32 199 89 191 238 131 113 4 83 139 148 211 180 155 106 107
    105 251 216 234 187 76 180 20 29 170 120 118 217 166 182 83 205 169
    241 161 250 148 187 122 98 181 128 204 203 23 78 205 111 193 132 129
    8 248 100 79 123 117 109 109 166 160 247 248 144 154 195 63 131 66
    71 157 168 137 147 55 97 82 219 114 244 106 48 193 190 113 173 102
    176 168 219 222 120 25 178 13 97 96 114 197 151 51 228 174 204 25
    126 206 196 69 179 119 145 207 116 212 173 125 151 121 199 147 29
    169 216 151 47 167 77 253 186 49 128 44 85 209 164 178 66 65 118 190
    10 249 84 216 101 80 200 1 207 20 141 251 244 91 58 11 186 232 209
    246 13 86 220 81 27 218 109 28 80 174 169 187 114 52 75 116 173 250
    64 174 16 88 211 168 223 184 57 40 89 0 87 15 87 79 113 179 20 211
    100 177 242 45 127 235 96 250 79 204 170 107 240 106 235 3 253 27 5
    107 238 246 21 39 18 34 179 193 113 63 129 207 112 172 57 231 235
    162 184 14 225 93 69 154 192 48 169 250 50 141 79 205 202 209 21 235
    174 54 201 182 89 197 202 220 174 79 100 132 76 129 168 248 16 102
    171 210 140 251 58 18 7 44 83 217 135 20 173 86 120 100 170 249 179
    118 23 243 215 190 249 33 54 133 50 19 152 112 185 130 216 223 206
    217 184 73 145 87 54 96 173 210 40 18 47 153 240 76 0 52 208 88 95
    41 218 18 175 10 6 167 229 26 183 23 102 209 223 212 70 225 209 77 6
    103 248 66 58 239 123 35 28 255 145 160 18 164 168 197 227 143 44 92
    200 183 235 229 212 131 225 118 71 106 235 138 249 130 12 218 92 221
    32 85 233 85 249 117 145 96 218 54 228 153 245 69 107 81 104 170 196
    206 187 244 32 32 199 151 116 42 102 196 96 0 35 148 0 190 150 40 74
    2 4 51 193 201 156 242 122 8 29 236 168 120 179 164 68 69 250 44 110
    165 2 22 100 150 195 83 85 143 192 224 140 175 24 46 169 48 64 6 147
    149 157 239 24 108 60 138 81 126 109 134 59 5 28 172 160 96 254 130
    204 104 147 235 218 216 131 30 116 232 25 160 220 56 11 248 24 10
    210 192 190 246 139 110 125 85 160 245 32 164 72 38 141 237 94 232
    49 168 101 252 76 4 104 233 145 136 46 251 185 247 166 196 39 126
    108 98 173 115 81 95 191 228 238 167 113 78 58 161 197 197 68 65 105
    80 254 68 222 135 41 204 216 155 179 203 67 103 107 202 153 96 38
    136 193 27 204 234 60 156 58 107 76 44 41 81 59 115 108 6 192 76 5 3
    78 230 93 20 223 10 219 91 206 171 99 20 5 81 26 136 12 180 92 90 22
    222 46 212 13 93 193 184 70 154 126 74 241 41 254 88 216 237 177 214
    11 20 98 80 176 144 123 120 135 161 10 231 117 13 240 31 13 71 107
    156 250 66 214 203 130 243 121 21 141 210 150 162 186 53 215 42 65
    101 159 236 31 47 236 238 17 213 136 49 223 219 156 168 245 165 17
    147 103 239 170 100 9 178 56 74 73 244 229 188 253 18 100 108 52 31
    177 106 253 28 228 32 250 249 215 33 182 146 134 172 132 184 153 83
    37 87 37 166 94 84 85 137 143 245 52 209 114 143 101 34 79 203 93 38
    90 101 21 119 101 32 98 51 119 137 177 56 15 44 53 45 97 140 200 234
    11 179 212 105 155 169 237 254 202 210 164 41 79 181 223 228 246 157
    173 194 217 176 89 204 139 56 20 37 226 114 6 157 237 167 64 250 226
    86 15 75 60 100 125 33 84 144 54 224 50 227 23 225 240 149 133 58
    111 27 199 232 194 86 35 89 53 110 103 81 77 27 36 251 183 50 219
    100 164 233 190 107 128 222 248 202 1 209 191 85 91 230 99 179 104
    62 136 207 52 218 1 149 78 1 128 101 137 231 49 234 98 41 161 135 3
    217 132 161 87 88 95 130 207 200 236 152 145 138 69 252 161 188 71
    229 60 118 0 11 112 22 216 178 73 92 89 157 244 115 146 207 204 106
    49 64 165 85 184 79 231 235 44 144 50 220 34 36 81 39 161 16 10 148
    121 64 146 226 149 183 250 13 237 146 42 226 54 188 92 26 107 122 3
    97 136 134 95 4 75 61 77 86 117 5 107 255 87 167 197 96 214 25 135
    165 141 52 198 191 210 113 71 75 21 39 116 190 202 127 209 154 4 202
    255 235 103 185 58 80 250 77 49 37 222 122 103 51 188 159 65 119 185
    234 114 170 65 208 110 136 38 205 37 12 73 215 118 232 151 68 164
    200 162 194 134 103 211 16 247 192 2 112 121 5 213 69 172 104 213 24
    118 66 220 37 35 30 109 107 154 118 62 220 159 126 96 138 175 122
    112 191 200 53 23 57 104 207 144 234 246 240 209 43 235 232 98 102
    59 53 67 100 229 16 4 141 215 38 70 118 82 132 106 31 218 31 52 222
    17 132 119 251 79 63 102 218 185 17 197 34 55 93 221 249 68 110 242
    183 25 235 36 229 159 64 227 255 178 131 51 174 122 125 226 138 107
    30 82 189 52 94 251 209 243 55 162 175 217 169 101 144 140 48 95 163
    228 70 248 79 145 155 165 19 97 120 220 221 217 130 22 152 46 139 6
    232 239 176 225 251 138 32 14 18 201 164 89 209 214 82 51 47 12 172
    182 46 156 196 100 156 202 137 168 195 168 215 60 2 56 28 218 45 242
    64 98 87 52 197 248 0 239 161 131 122 249 252 133 19 100 7 37 132
    128 152 216 63 101 12 20 73 175 45 88 190 12 250 10 150 16 246 168
    252 155 149 49 213 193 6 242 110 39 185 76 94 141 63 200 30 61 175
    138 59 35 12 12 75 75 26 132 181 175 72 143 150 10 111 202 101 80 74
    79 216 228 38 59 73 24 16 56 0 129 88 85 45 131 181 132 134 101 167
    147 82 124 119 205 223 74 27 211 10 202 36 9 80 120 190 202 113 138
    133 184 70 211 42 40 26 97 137 162 196 71 68 182 105 238 68 173 241
    49 122 129 95 212 106 186 65 120 60 97 175 123 162 115 213 41 137
    176 220 10 22 4 44 23 100 38 63 73 169 140 100 177 171 41 241 108 81
    22 163 25 7 204 147 113 242 3 66 174 106 10 204 44 160 127 16 145
    226 157 208 159 165 119 126 66 144 38 202 101 97 44 186 100 70 72 3
    53 131 48 251 81 115 220 55 99 5 185 59 114 227 215 83 79 255 91 102
    253 108 18 65 116 144 99 248 210 118 102 96 189 206 127 2 1 76 239
    219 188 201 104 208 242 219 165 68 77 75 48 45 117 100 134 211 226
    36 182 120 13 104 29 248 195 110 164 184 164 168 216 231 155 5 23
    235 112 116 9 128 108 95 238 179 225 90 243 205 128 9 129 43 155 157
    237 183 216 223 143 46 192 1 179 125 197 57 18 190 18 250 108 2 176
    114 181 239 227 182 26 68 92 15 21 208 176 235 113 111 112 49 176
    178 217 50 162 52 220 213 173 48 34 152 172 20 30 140 37 29 6 101 21
    72 125 219 164 223 230 124 251 222 180 231 152 92 47 128 26 253 192
    60 247 143 30 247 214 36 145 105 243 253 54 145 189 163 134 61 28
    183 232 104 167 165 116 131 196 120 114 48 178 16 226 64 220 96 18
    176 128 237 59 49 121 45 109 54 154 208 94 241 253 241 12 211 173
    232 104 207 5 202 79 83 169 207 153 116 45 100 177 44 228 48 208 8
    230 254 124 238 253 196 154 58 215 172 192 157 254 86 27 182 206 86
    49 193 128 161 200 61 250 112 34 122 127 192 120 80 34 61 217 180
    168 112 135 92 54 153 146 38 96 252 253 144 44 141 140 35 206 122
    131 168 38 108 203 88 0 4 136 51 47 53 247 238 30 199 194 191 250 7
    185 200 200 41 202 69 187 236 234 178 136 176 107 132 173 95 113 176
    129 192 105 96 227 236 107 172 174 91 46 10 140 29 73 26 162 185 155
    60 29 61 58 79 188 119 209 250 135 106 148 177 217 100 112 71 231
    154 254 246 4 244 248 71 110 226 150 242 204 96 82 98 78 232 24 16
    34 99 89 93 187 34 206 155 115 97 6 220 36 141 82 10 129 24 7 197 20
    95 130 122 125 27 216 184 120 3 146 62 150 63 30 79 235 255 92 252
    212 196 39 194 184 64 144 187 196 72 56 6 107 211 116 128 238 179
    175 231 141 12 149 83 176 152 11 119 13 29 221 134 85 223 130 248 13
    49 45 34 54 66 235 106 249 181 57 228 32 200 149 163 8 156 110 109
    85 203 66 209 8 16 71 205 175 61 222 252 69 193 169 79 249 35 144 31
    142 223 17 89 20 25 180 22 53 21 7 107 120 106 137 145 97 237 219
    174 13 241 99 209 61 203 226 103 129 49 132 170 238 63 203 83 193
    209 149 208 232 121 184 253 211 67 182 202 229 199 79 118 238 32 89
    71 90 232 131 94 244 227 87 87 166 115 73 59 188 123 36 83 100 95 8
    40 235 83 115 119 35 46 156 185 65 163 99 92 122 197 2 253 46 75 23
    23 171 14 167 238 45 252 171 71 104 46 189 221 105 99 110 67 102 169
    158 88 139 178 50 147 221 95 43 73 5 197 228 223 11 196 79 210 53
    248 191 207 251 137 120 147 223 221 75 70 25 49 166 70 200 124 204
    152 155 181 248 197 95 247 66 87 112 91 162 246 65 93 226 192 125 33
    17 237 141 178 108 243 225 203 225 249 175 140 22 37 150 200 170 68
    12 223 30 139 97 205 0 38 73 227 59 213 182 75 13 73 134 39 93 191
    29 85 189 80 97 42 4 35 19 147 183 174 94 204 173 140 235 110 97 185
    91 105 243 103 180 152 105 250 54 30 71 247 231 92 148 219 117 21 92
    136 8 46 158 100 132 220 45 178 154 207 31 56 220 53 53 114 64 229
    120 161 244 135 224 232 214 196 249 94 106 159 93 239 9 179 125 213
    109 112 122 162 58 45 28 196 43 10 108 125 76 225 231 148 238 232
    130 8 58 164 40 104 109 197 159 107 166 6 107 144 178 225 247 226
    154 23 208 64 120 207 63 220 214 37 27 213 65 150 239 71 82 18 29 55
    142 86 40 157 197 26 112 207 69 56 156 123 120 216 255 183 119 206
    26 30 128 126 154 84 66 221 165 75 224 199 83 206 45 216 12 239 211
    24 65 225 78 51 225 100 67 1 68 18 197 25 117 156 184 151 187 166
    127 67 0 61 156 195 12 194 37 84 176 2 40 2 181 148 131 9 91 25 72
    52 173 1 62 91 74 194 87 191 18 222 64 66 139 7 100 124 40 75 71 78
    156 27 81 88 187 218 36 8 46 77 176 227 233 133 243 168 87 129 110
    79 107 113 148 150 103 135 4 40 175 53 232 252 154 17 180 146 2 209
    252 215 51 180 116 34 63 40 62 12 21 134 232 148 215 154 249 31 31
    82 240 185 2 235 199 143 181 205 125 103 143 77 111 52 221 211 227
    25 114 140 16 140 199 176 30 248 22 147 91 96 168 107 122 160 222
    190 50 56 45 163 11 118 228 217 32 19 132 47 32 101 185 118 170 9 77
    102 41 30 182 77 128 254 17 254 25 28 251 206 62 27 52 74 132 141
    138 153 20 109 148 143 95 60 203 206 116 111 229 26 9 77 36 93 49
    106 129 116 130 83 128 141 223 192 70 21 239 31 114 57 211 123 65
    217 124 55 19 232 246 89 102 25 224 185 95 231 234 83 96 229 70 203
    42 109 121 31 240 132 106 130 48 110 39 159 83 89 110 147 67 49 157
    108 88 61 165 158 221 153 40 219 25 213 80 210 207 150 61 247 200 82
    157 234 183 117 33 16 212 221 95 181 203 14 88 47 150 220 255 226 45
    167 31 151 60 1 22 189 141 85 166 229 69 1 164 168 90 187 146 9 90
    194 221 12 212 233 64 80 28 34 156 52 163 234 0 66 48 123 231 199
    240 154 127 100 4 156 208 168 137 36 236 234 35 76 197 216 194 112
    146 76 193 59 70 33 112 107</data></test_img>
<my_img type_id="opencv-matrix">
  <rows>128</rows>
  <cols>256</cols>
  <dt>"3u"</dt>
  <data>
    180 54 237 68 0 192 255 0 228 255 255 255 42 174 0 77 255 178 0 255
    216 45 255 255 222 255 152 85 198 255 255 158 145 118 88 140 68 140
    0 190 0 255 202 0 136 98 255 170 88 19 7 255 187 248 255 104 0 111 0
    213 31 61 3 29 200 255 249 1 255 194 42 188 186 116 252 255 0 0 248
    48 255 100 156 255 0 196 159 122 142 255 0 115 71 102 255 138 30 255
    255 242 0 0 128 131 0 241 0 178 255 0 96 31 11 185 193 137 0 191 111
    255 134 105 211 255 38 255 255 57 61 255 0 38 215 220 185 255 49 0
    170 31 222 49 255 97 230 133 255 181 0 255 175 113 253 151 122 0 186
    113 255 0 173 204 141 132 0 255 255 255 255 9 255 176 62 121 0 4 71
    255 55 41 255 255 255 214 226 182 230 71 0 255 221 0 255 208 27 218
    178 63 116 160 209 253 85 255 206 0 255 180 149 0 0 156 0 173 255
    192 248 24 0 177 0 255 54 255 146 123 225 0 255 33 214 218 242 0 255
    255 0 0 219 245 0 57 0 62 255 182 133 129 59 0 15 255 181 149 255
    243 135 255 0 112 71 255 166 68 255 117 189 0 0 255 85 174 109 0 0
    14 0 255 176 255 0 0 214 255 0 142 255 123 0 205 255 255 11 0 255 79
    155 22 0 0 0 36 0 102 0 169 157 55 105 218 10 24 255 72 213 254 113
    202 0 255 14 252 255 196 255 255 85 255 255 172 255 48 82 54 197 158
    244 9 89 255 152 73 59 166 0 46 255 120 13 28 160 245 79 118 0 60 0
    201 127 255 90 140 57 0 255 255 199 63 26 255 135 14 0 88 108 0 255
    0 176 79 23 0 0 98 47 33 251 0 248 97 225 0 93 255 92 0 247 88 255
    32 104 255 255 120 101 151 0 36 199 41 87 0 41 245 159 182 163 5 63
    0 22 103 32 255 157 105 12 64 255 152 0 0 231 20 140 50 206 255 191
    149 114 228 0 0 0 255 21 255 0 107 74 0 255 0 248 184 67 255 147 0
    255 246 255 0 129 81 101 222 0 85 173 0 128 0 232 61 54 255 228 0
    255 0 107 0 0 0 255 31 139 2 5 60 181 83 255 0 188 255 160 108 109 0
    216 134 11 0 15 102 255 73 0 28 193 255 193 255 49 244 24 213 209 77
    255 72 67 143 0 18 137 107 0 58 72 0 102 0 129 88 0 85 10 112 162 0
    0 255 182 168 32 0 0 255 0 210 239 0 198 255 159 65 255 255 255 0 88
    255 255 46 0 102 255 227 255 93 2 255 192 45 68 57 111 0 255 189 0
    194 32 27 215 255 255 216 197 206 74 0 255 49 122 255 219 255 73 255
    37 0 99 250 77 43 189 0 227 255 255 124 123 255 241 12 106 91 202 29
    253 5 132 194 0 127 64 82 139 255 81 48 170 150 67 255 177 255 133
    228 110 247 43 25 255 164 21 255 190 195 0 82 0 255 255 14 255 255
    255 184 88 255 25 159 255 0 77 92 0 255 30 255 205 154 255 166 50 61
    173 139 68 116 0 192 155 38 255 7 14 178 0 181 255 255 34 182 109
    203 190 255 0 174 255 216 255 97 45 255 60 255 255 0 121 0 255 0 171
    145 136 134 159 0 187 255 43 0 0 0 84 255 99 52 0 0 0 202 0 0 136 0
    91 62 239 0 164 152 255 142 36 144 255 191 255 11 157 255 205 48 23
    109 203 0 59 205 31 132 237 0 192 201 255 0 103 255 255 163 255 0 0
    232 255 70 0 110 255 255 0 255 237 246 115 0 0 200 255 0 129 0 103
    255 0 132 0 101 245 255 25 180 0 236 123 0 0 238 255 255 103 232 255
    106 114 100 66 255 55 226 228 0 92 255 239 184 201 251 143 101 236
    255 14 234 101 0 72 255 83 196 188 141 83 55 255 0 21 0 59 253 0 255
    255 0 97 0 255 230 205 30 0 255 54 234 25 167 15 69 0 255 255 255 93
    180 87 224 0 0 81 193 0 119 180 227 173 217 133 4 207 115 0 0 55 255
    69 255 7 143 47 171 255 28 55 17 242 0 0 255 0 57 159 255 125 0 0
    244 161 245 0 0 87 196 93 98 66 55 0 184 27 0 255 99 120 79 255 246
    85 79 34 233 119 1 255 77 0 231 44 13 0 118 0 255 30 211 31 140 255
    67 7 148 134 162 10 230 0 129 214 255 208 40 255 201 15 152 118 255
    5 0 255 194 255 255 255 0 0 164 146 244 255 48 255 92 206 0 72 101 0
    96 92 0 255 24 30 88 86 248 91 232 255 220 255 111 20 201 0 0 231 28
    167 0 61 170 0 226 0 174 0 173 0 1 112 255 32 0 15 38 91 0 33 233 9
    17 244 255 255 255 191 101 92 150 255 46 126 206 107 111 139 0 0 63
    10 190 0 109 98 255 0 0 178 46 255 87 255 3 137 255 43 255 177 202 0
    124 170 164 195 22 0 196 48 80 0 193 32 215 224 45 255 0 0 228 47
    222 255 185 159 0 0 255 55 149 160 196 255 14 200 0 161 255 0 95 40
    3 94 54 8 21 255 0 137 0 0 0 0 247 0 3 255 138 52 255 168 8 207 255
    91 196 6 255 255 84 0 255 255 117 159 217 222 255 255 9 0 240 248
    169 81 0 182 165 0 232 0 108 0 0 214 60 0 242 150 154 228 80 52 161
    255 199 176 42 144 66 49 0 0 0 255 0 137 212 0 127 28 255 205 255
    255 7 233 255 255 53 206 255 0 0 17 15 0 190 151 0 46 255 77 242 255
    255 14 38 209 255 237 240 144 129 117 255 29 10 0 101 255 0 85 141
    146 10 0 152 255 0 84 255 169 255 255 0 62 255 177 0 65 255 219 60 0
    41 219 102 99 211 71 154 20 108 197 139 0 44 0 185 255 183 50 52 255
    0 0 239 239 208 59 180 45 0 247 0 10 111 31 0 225 255 0 145 250 255
    119 18 94 88 173 255 213 201 0 0 193 255 17 25 0 8 47 225 242 160 0
    255 255 203 255 9 122 171 0 255 73 255 255 207 255 0 205 0 181 255
    255 0 239 101 115 249 255 0 0 0 110 240 128 201 255 255 255 255 232
    162 168 0 0 0 0 255 0 225 233 20 51 72 140 78 0 86 110 8 36 17 0 122
    0 19 33 255 94 183 0 112 255 167 101 255 174 30 255 0 0 0 175 0 138
    143 54 255 69 188 113 111 241 247 236 130 199 255 216 128 218 0 255
    249 0 53 255 138 165 155 96 255 82 220 127 253 199 46 227 0 177 0
    109 20 158 192 255 109 0 0 255 126 3 207 255 79 162 0 159 212 108 0
    255 255 0 77 117 35 99 50 255 0 207 0 255 255 235 210 255 195 0 85 0
    205 45 255 102 209 8 248 219 81 178 255 235 151 40 255 255 220 255 0
    68 224 237 109 45 0 255 204 148 255 183 255 100 87 255 244 104 208
    21 185 0 0 219 0 98 255 0 171 5 0 74 0 0 144 132 152 195 47 0 164 0
    14 52 198 200 255 0 72 30 0 152 74 11 0 0 120 0 38 75 51 255 0 255 0
    255 255 0 0 152 0 108 118 54 0 47 178 255 250 255 83 7 255 165 171
    119 255 0 255 255 64 255 46 0 58 255 147 0 18 0 207 255 173 6 186
    255 146 111 171 60 255 133 255 184 0 0 69 0 153 0 255 33 150 188 99
    226 105 0 255 173 50 71 186 192 255 141 0 255 208 180 255 47 255 207
    255 39 89 16 98 35 255 70 147 182 9 0 131 166 195 253 255 255 242
    111 255 255 255 0 98 102 171 124 113 102 223 126 0 6 255 105 240 255
    255 241 87 102 255 255 26 63 125 255 102 92 249 237 103 101 255 51
    64 0 5 255 180 0 174 255 0 0 8 186 124 0 144 246 253 255 150 255 226
    57 0 0 0 231 239 255 87 61 255 126 150 255 219 130 24 210 211 35 239
    100 168 224 125 255 255 10 138 255 255 255 89 0 154 0 255 69 179 127
    10 0 0 0 180 28 255 230 18 163 102 49 62 0 227 60 255 213 182 58 209
    61 51 94 26 169 252 0 255 46 0 68 54 137 218 255 0 196 0 255 0 255
    29 255 0 176 0 255 172 0 255 255 255 111 59 255 255 47 255 84 136 0
    0 255 255 255 255 145 131 243 229 0 0 0 0 167 255 217 34 220 58 169
    184 57 255 12 0 0 0 242 75 179 156 139 83 238 193 0 247 0 122 212
    173 148 0 119 74 122 255 0 13 22 164 82 0 255 37 5 255 7 17 255 255
    9 218 135 9 83 0 255 65 255 0 122 44 44 91 75 82 255 91 255 211 167
    255 255 12 113 230 0 0 255 0 8 5 255 0 163 243 0 212 0 255 157 35 2
    255 225 156 255 153 253 192 96 75 136 41 214 126 192 155 0 255 17
    255 255 0 120 255 185 26 103 218 113 226 171 91 255 61 0 255 118 50
    137 255 234 148 8 0 203 183 117 255 0 71 255 255 167 8 221 255 216
    14 161 245 5 0 174 0 134 0 94 179 255 13 255 110 0 210 236 0 62 28
    139 163 36 156 101 255 0 16 250 105 0 250 255 99 143 199 55 0 255
    255 0 255 0 213 20 255 252 202 119 77 146 0 106 218 148 188 0 26 27
    68 21 49 255 22 138 255 21 254 0 196 160 205 107 38 64 55 231 145
    107 255 108 174 244 114 128 108 78 10 81 0 184 60 0 18 143 168 227
    251 255 22 0 0 41 255 113 207 255 180 153 255 38 44 241 217 71 105
    233 255 183 255 255 76 104 0 220 255 157 95 255 186 222 0 173 163
    204 132 52 201 97 18 44 0 241 212 102 105 116 0 61 0 0 14 0 0 25 104
    0 0 255 0 17 118 225 193 187 255 211 0 40 198 255 255 0 255 180 0 0
    18 92 86 95 255 49 255 255 0 98 226 0 14 130 77 0 247 0 4 0 39 0 56
    176 250 237 83 132 255 3 89 255 176 64 255 0 47 60 150 238 36 0 86
    255 255 40 1 166 7 80 171 0 120 18 0 37 223 79 0 133 255 20 255 185
    113 255 124 57 72 143 185 23 222 180 251 7 161 255 226 134 226 255 0
    0 211 37 120 88 23 251 26 94 0 105 80 0 98 220 0 69 42 35 0 0 0 95 0
    234 69 84 255 93 20 85 23 0 30 255 92 73 58 47 255 0 101 2 121 118
    90 66 238 255 255 112 143 150 98 205 131 68 148 235 101 0 0 0 255
    255 192 76 132 255 100 0 168 104 0 179 0 0 255 45 255 208 255 76 0
    16 214 55 0 189 0 226 122 255 0 80 239 255 80 0 255 61 255 0 0 255 0
    66 111 255 0 255 255 127 120 244 199 5 0 0 0 54 255 148 0 137 79 255
    193 0 255 255 255 22 0 192 0 115 0 255 255 36 164 242 19 220 255 255
    0 120 255 255 192 254 98 59 255 25 94 140 151 0 0 236 188 187 255 0
    16 252 145 0 229 0 36 0 2 0 189 192 0 254 70 104 96 199 255 49 0 255
    243 171 255 101 0 226 0 255 213 255 216 0 255 20 128 73 194 14 174
    102 0 0 175 239 104 22 219 255 255 0 0 0 0 157 135 0 60 255 12 0 0
    234 71 235 44 117 0 113 0 0 255 123 157 158 45 0 255 219 129 83 0
    255 255 0 212 47 119 79 152 255 77 0 152 0 200 139 214 21 186 0 0 95
    173 90 0 248 59 0 255 78 115 181 0 255 116 255 249 170 245 0 216 255
    0 0 142 50 43 9 255 16 20 108 255 255 0 203 0 212 242 0 182 138 186
    255 105 0 0 230 157 158 234 187 255 109 214 255 0 138 72 0 200 119
    100 255 0 56 0 228 69 0 61 13 255 250 14 255 255 110 234 48 144 58
    43 161 248 175 134 29 177 0 0 25 157 255 0 255 93 91 0 0 36 0 90 0 0
    255 229 0 106 16 0 255 0 255 255 255 147 199 161 107 235 192 0 168
    112 123 128 25 0 37 24 233 78 0 219 51 0 243 255 0 126 0 0 85 83 160
    96 5 216 70 124 255 89 255 236 255 255 255 0 246 255 255 23 19 70 63
    65 178 228 255 254 255 57 0 255 229 209 28 241 94 255 160 255 30 0
    255 0 120 133 0 100 0 214 127 53 112 21 0 30 12 103 0 82 255 140 75
    150 0 231 0 58 159 182 192 109 255 0 112 255 53 255 151 255 98 0 8
    246 255 219 213 89 0 71 234 0 219 79 0 0 165 101 130 115 151 220 255
    245 70 255 0 86 33 0 0 101 255 120 94 190 126 40 203 48 212 238 231
    235 102 255 0 165 255 42 136 69 255 0 255 185 0 215 78 255 255 212
    44 255 175 193 255 255 0 198 95 160 107 71 0 82 0 109 183 255 215
    255 0 149 91 255 136 110 154 244 123 0 173 131 255 18 0 255 212 39 0
    78 0 190 0 214 0 229 255 255 137 20 175 16 255 224 0 169 241 255 238
    166 160 239 34 255 255 26 173 57 83 160 150 0 125 27 219 154 255 83
    234 4 0 114 0 0 255 181 0 0 16 48 153 69 255 131 255 255 0 105 132 0
    56 163 181 242 29 175 255 255 172 51 255 121 122 27 55 98 181 255
    253 0 97 233 237 128 255 201 42 0 0 211 0 0 71 2 0 46 97 105 0 247 0
    171 1 206 3 235 0 0 94 0 0 85 180 242 255 119 0 23 169 224 255 0 130
    0 110 0 0 57 26 0 33 43 225 255 255 206 255 118 224 57 0 11 107 0
    255 34 0 181 255 191 9 226 255 5 0 255 6 0 221 0 255 13 66 254 0 255
    57 0 18 0 0 0 212 214 23 5 255 82 178 0 255 255 33 228 10 0 182 132
    255 22 255 193 208 0 255 25 51 131 255 237 158 255 46 255 53 18 91 0
    129 135 20 40 0 0 255 68 100 200 89 0 71 201 218 65 0 186 238 255
    128 126 156 101 106 53 6 130 255 76 255 93 0 202 235 0 164 255 180
    214 236 92 189 125 255 113 42 253 88 31 0 65 255 255 148 252 121 76
    255 168 109 45 255 70 0 253 255 255 0 26 28 255 255 0 0 243 69 255
    255 0 20 255 255 0 160 255 215 0 69 121 255 0 54 34 206 128 2 255
    166 216 178 64 255 0 254 108 132 166 144 124 61 60 110 80 181 145
    231 17 105 206 191 255 166 255 59 152 26 0 255 143 3 255 39 0 0 0 4
    0 0 118 95 64 118 255 72 107 0 255 255 13 214 255 101 95 175 255 193
    159 8 170 255 85 118 92 0 0 110 186 25 11 133 98 108 155 10 102 0 35
    255 255 85 4 107 231 255 174 222 234 0 45 205 91 159 0 25 255 170
    184 122 255 246 2 236 255 243 204 253 179 99 0 45 127 15 255 99 200
    255 93 0 0 48 254 0 0 0 255 80 255 74 152 111 0 213 168 68 69 28 127
    255 0 187 255 22 55 248 250 97 8 61 164 255 212 248 255 140 255 66
    255 234 77 33 157 255 255 46 0 175 255 10 0 44 221 255 25 255 255
    134 255 0 213 106 20 63 187 0 255 0 255 165 142 43 191 120 137 255
    221 161 255 81 255 255 0 0 86 0 0 49 0 255 0 190 216 143 229 48 255
    167 163 216 195 0 106 255 255 159 65 135 58 109 148 183 255 194 0 35
    9 126 37 230 248 74 167 0 255 145 23 179 0 227 216 156 0 255 255 170
    50 31 255 21 167 38 0 0 174 255 255 255 171 23 0 89 29 0 169 93 0
    199 221 205 187 76 125 123 0 108 247 255 255 22 255 156 255 255 48
    255 255 0 109 241 0 117 133 0 0 231 0 0 53 171 8 255 58 151 0 244
    255 124 255 194 255 255 255 78 158 0 164 0 229 0 232 80 206 186 202
    255 0 255 192 64 153 209 195 160 255 195 255 0 49 0 87 213 93 236
    108 4 213 181 137 149 217 250 64 255 0 61 230 239 131 255 0 159 204
    251 52 231 3 27 89 121 215 143 175 255 96 169 255 105 82 255 0 0 147
    149 255 79 210 126 204 67 32 0 163 16 12 89 110 187 15 0 45 255 255
    185 0 255 122 69 89 0 255 44 255 98 94 255 104 0 94 235 212 25 42
    249 13 81 255 79 16 6 86 127 60 255 0 0 205 124 110 71 134 99 149
    255 77 126 96 204 251 0 255 0 39 40 71 32 30 195 241 244 0 58 0 81
    223 0 28 125 241 0 151 0 0 155 167 192 255 216 68 23 0 58 255 179
    182 247 198 0 16 255 0 63 69 255 96 255 164 0 32 93 0 200 255 171 75
    0 181 13 4 60 151 255 70 255 118 61 255 90 255 33 91 187 255 53 255
    111 0 27 104 0 202 153 0 255 90 171 165 153 131 255 222 255 193 165
    0 109 202 192 0 103 255 188 77 0 28 172 0 255 50 43 179 0 70 206 255
    255 0 140 42 117 84 255 255 20 75 255 0 0 0 255 238 0 255 154 188
    255 255 255 0 255 0 236 196 133 71 255 207 255 255 255 236 0 255 32
    81 141 18 255 0 15 106 0 109 210 255 0 255 255 230 0 255 0 120 168
    103 255 44 5 255 20 189 153 78 144 13 0 167 126 102 34 193 208 216
    69 0 0 255 170 55 70 0 0 68 0 62 13 194 173 0 124 255 174 0 255 114
    0 245 255 129 75 211 255 223 255 34 207 255 73 163 0 123 0 100 255 0
    255 0 101 202 105 0 112 38 255 0 255 0 0 114 0 68 255 130 202 251 27
    0 109 209 195 223 56 255 248 241 8 199 255 0 3 24 185 73 151 80 255
    102 25 187 149 143 245 255 255 0 0 181 255 0 18 195 177 255 255 96
    51 0 0 65 0 40 240 0 185 84 116 50 66 0 93 0 0 0 0 0 221 92 0 210
    255 154 21 40 112 29 12 42 11 255 157 71 0 255 153 204 103 78 255 0
    231 226 178 61 174 10 139 36 29 255 95 0 0 0 0 0 0 121 0 255 42 72
    197 47 157 140 97 16 103 180 158 62 192 55 0 255 33 41 203 137 0 255
    143 120 255 234 254 209 255 243 217 255 12 226 195 0 249 0 169 128
    255 176 44 255 184 238 22 126 254 178 0 0 16 255 255 127 18 0 92 249
    44 241 44 255 192 255 255 255 218 6 252 0 176 222 180 32 98 128 169
    0 36 255 34 89 190 255 0 0 241 189 128 255 105 255 255 22 56 66 139
    255 0 251 227 255 81 255 243 86 0 147 16 156 15 83 109 100 103 79
    255 0 0 17 94 200 255 0 60 15 197 120 0 0 255 0 146 84 71 0 0 138
    141 11 255 211 51 0 255 173 236 255 97 93 180 68 55 37 255 0 109 18
    255 255 255 195 109 255 66 83 0 29 0 0 254 232 255 253 255 155 67
    255 255 142 0 70 24 0 255 255 194 255 99 180 91 88 255 0 88 0 100 77
    106 226 18 0 142 0 102 241 58 60 255 22 234 255 239 255 255 255 0
    139 237 63 255 255 180 229 0 87 68 174 94 0 255 255 203 194 149 120
    0 214 50 0 252 159 0 236 10 0 103 169 142 137 255 83 72 255 0 79 6
    38 255 0 81 253 248 255 246 235 178 71 234 255 61 0 0 177 69 255 0
    157 63 77 61 12 255 255 127 203 148 0 206 106 175 66 255 54 95 73 97
    128 0 255 90 0 248 0 0 27 115 222 172 0 0 162 18 242 115 255 97 25
    166 255 255 0 0 255 0 131 50 53 52 101 134 55 205 62 106 255 62 165
    255 65 255 27 42 255 203 14 0 254 255 1 166 0 38 132 83 123 0 79 0
    129 0 178 255 136 119 200 84 116 5 221 147 255 133 69 255 255 0 212
    0 245 65 255 255 73 255 149 161 255 255 171 0 157 0 0 255 99 174 255
    79 236 133 71 255 165 242 255 0 249 201 255 77 28 156 152 255 174 77
    0 218 0 76 209 5 255 255 189 241 182 175 2 17 6 76 121 255 94 255
    238 255 20 255 197 245 13 0 145 0 5 255 255 51 255 162 0 16 141 0
    139 255 255 255 0 87 255 0 186 169 0 255 22 32 255 0 122 0 0 109 133
    255 255 103 255 255 9 125 255 48 97 23 200 110 0 255 0 29 253 255 0
    194 155 0 231 104 79 157 255 72 136 3 255 255 0 148 228 255 92 91
    118 198 48 213 255 145 0 123 12 77 201 255 115 110 134 255 255 255
    255 255 41 255 136 255 148 0 78 92 0 231 220 255 167 243 201 255 255
    255 139 191 91 83 255 0 255 255 51 255 147 255 154 167 32 255 5 0
    254 0 222 0 0 22 238 26 224 111 96 255 234 0 220 0 196 114 21 239
    142 206 242 114 228 151 196 245 178 226 0 92 148 255 0 0 255 151 80
    49 220 0 0 51 0 194 161 0 221 153 90 173 255 0 24 89 255 181 185 230
    165 255 255 255 226 0 116 241 0 0 0 6 116 255 22 255 170 255 255 0
    255 0 196 81 0 226 255 0 16 229 167 255 121 255 119 255 84 0 24 211
    238 228 0 92 91 0 111 169 0 255 0 255 0 104 59 0 255 0 220 185 0 0 1
    193 240 0 44 250 29 17 87 87 255 124 81 255 211 255 0 93 8 233 255 0
    215 0 84 162 0 29 255 73 148 0 158 103 42 12 0 255 169 158 143 17 0
    67 240 255 129 0 187 205 118 212 0 178 0 228 0 255 0 168 81 116 98
    91 151 0 255 255 78 255 0 202 255 173 84 72 255 62 98 132 255 0 149
    142 0 124 6 144 0 220 51 255 255 156 85 110 16 0 0 145 178 170 239
    128 70 231 158 0 0 225 117 0 255 255 255 73 134 255 255 142 56 0 37
    255 201 240 0 255 12 0 255 0 117 248 192 21 0 118 0 75 0 57 146 0
    255 227 163 164 238 175 153 255 255 207 0 109 57 255 54 88 35 162
    255 41 142 0 147 37 68 236 255 25 192 175 47 255 243 28 0 219 0 0
    157 118 0 219 0 0 202 185 228 21 0 0 0 0 180 114 0 255 255 0 18 171
    72 192 113 234 255 255 255 174 144 0 172 25 48 127 46 255 117 41 255
    255 0 255 226 28 255 247 248 255 0 72 185 0 18 222 0 95 179 107 208
    160 207 0 0 255 0 0 216 185 0 133 31 0 83 0 79 201 255 255 50 134 73
    183 255 36 74 236 255 255 0 255 26 255 0 185 255 20 58 236 0 246 255
    0 175 72 77 255 160 248 139 206 0 163 0 86 0 192 255 243 255 142 153
    12 45 58 0 0 0 203 131 210 0 248 0 0 32 255 255 255 3 168 134 10 255
    42 173 191 0 142 225 161 0 92 97 0 254 0 255 58 255 229 0 42 189 235
    44 0 0 0 0 159 29 71 19 0 27 0 81 0 141 50 255 34 110 241 255 255 89
    35 188 166 75 90 0 195 0 126 86 82 229 154 160 0 203 37 0 144 37 0
    87 15 175 252 164 0 114 0 4 186 155 17 75 255 177 59 255 122 0 63
    166 76 0 100 103 88 147 0 0 222 0 229 216 47 0 95 255 60 45 105 255
    255 184 28 253 176 255 139 102 227 255 210 255 24 180 241 156 0 137
    183 255 224 255 0 135 228 0 191 106 0 187 0 162 0 2 158 255 154 255
    255 231 168 255 245 120 230 255 0 173 130 103 132 255 34 51 255 255
    184 171 0 251 56 167 54 95 224 15 255 91 255 22 0 255 101 0 0 255
    255 177 223 0 255 255 101 86 255 0 17 0 255 12 0 140 255 206 255 6
    146 2 0 193 186 255 63 255 190 255 252 247 47 0 170 158 255 255 255
    103 50 43 135 37 255 123 145 89 0 255 0 255 255 174 124 0 212 109
    255 35 8 85 145 18 218 29 0 157 181 255 0 89 0 110 255 141 99 167 89
    208 51 214 0 52 199 191 255 0 255 255 55 47 0 168 255 92 249 0 77 95
    123 213 22 114 131 207 20 103 0 255 255 161 255 0 138 209 40 134 0
    209 71 255 0 112 255 255 173 226 255 250 194 0 231 0 255 225 0 155
    255 0 230 0 0 0 196 255 151 25 207 120 255 0 0 255 180 124 213 113 0
    0 230 211 255 100 255 246 217 88 97 255 9 255 203 0 255 85 0 198 0
    255 56 2 189 40 96 240 13 0 95 229 255 86 130 72 163 130 72 119 252
    207 138 144 162 87 168 75 0 150 192 255 105 0 255 0 255 201 27 201
    255 31 126 130 187 100 49 91 120 90 0 255 0 208 217 190 0 255 89 255
    255 0 228 0 255 255 48 255 10 214 255 48 0 200 63 154 225 255 0 137
    184 255 117 95 0 236 255 93 255 203 255 189 255 0 186 237 42 255 15
    82 232 255 0 255 134 84 61 255 254 255 144 143 254 0 255 255 255 169
    137 63 195 228 173 110 210 255 13 21 130 208 131 31 163 0 27 120 192
    33 67 255 193 148 61 255 188 46 89 214 255 0 0 168 251 0 0 111 99 69
    160 86 24 194 92 113 255 71 190 92 161 255 242 176 45 255 11 0 217
    33 0 0 174 255 53 110 255 112 64 93 239 169 116 0 8 144 56 250 55 56
    206 0 201 130 255 116 255 255 0 72 0 255 93 0 255 210 163 135 100 0
    22 73 208 0 94 255 40 205 29 77 121 210 0 225 221 218 175 255 255 93
    98 0 108 85 114 0 0 56 0 83 255 0 208 255 126 255 255 188 233 183
    246 135 89 177 85 0 255 20 132 59 114 255 121 203 72 26 69 121 159
    250 186 182 119 255 173 191 230 110 194 255 255 217 34 255 255 144 0
    103 132 255 0 0 131 37 218 124 14 243 130 128 97 47 255 28 129 53
    100 251 175 22 235 54 33 255 255 71 255 206 155 81 143 255 56 0 255
    100 129 173 137 211 125 74 255 92 139 0 195 0 133 236 0 88 0 93 0 0
    200 255 255 149 51 255 2 0 153 0 255 200 255 0 4 255 204 130 156 255
    0 228 25 250 212 226 221 0 255 236 49 167 7 0 0 156 251 205 25 0 211
    45 206 224 5 232 0 255 67 255 255 172 255 188 255 39 0 255 106 120 0
    96 0 231 0 255 255 255 0 207 255 27 126 175 185 212 255 255 0 225 71
    57 0 96 240 149 0 37 0 0 0 255 254 161 255 158 218 0 115 200 170 192
    86 255 35 154 131 212 229 0 255 12 131 255 74 0 162 255 255 194 60
    255 176 0 232 255 171 117 120 177 216 255 101 255 84 0 229 206 0 0
    132 0 66 255 137 0 255 255 204 253 165 255 255 7 82 0 17 188 1 126
    245 247 255 69 156 240 255 103 0 170 43 0 255 0 0 184 231 255 177 80
    0 0 103 105 88 0 255 255 0 177 110 255 255 137 0 255 157 162 180 223
    171 213 59 29 0 52 0 64 130 230 191 133 207 89 178 90 146 203 129
    255 239 108 194 33 0 0 216 233 174 248 194 80 232 215 142 154 208
    250 255 106 248 233 255 18 255 0 0 206 0 124 0 0 0 238 157 0 60 201
    206 211 64 83 255 189 39 0 177 239 218 46 255 0 255 247 0 167 67 136
    131 255 0 43 0 0 36 0 17 233 0 147 0 255 0 94 9 130 141 255 134 206
    0 25 26 255 184 255 141 2 238 108 0 54 238 0 0 23 140 255 44 255 255
    0 238 222 0 255 0 0 179 0 14 202 0 91 116 150 255 188 0 137 29 173
    28 64 236 236 255 63 1 150 0 168 0 203 255 139 0 51 0 2 152 183 0
    246 151 166 193 234 148 172 241 237 0 112 255 255 102 82 134 255 0
    226 53 0 255 208 38 255 118 215 0 93 61 186 72 180 59 69 86 206 40
    55 29 237 255 95 0 255 232 0 218 24 254 0 87 0 0 150 0 85 0 223 0
    205 252 235 220 18 255 190 0 255 0 109 255 215 242 50 185 0 177 255
    255 0 255 189 30 29 255 0 255 24 52 33 132 173 216 243 198 188 217
    25 130 120 95 255 0 28 97 0 0 0 0 7 254 175 249 0 186 255 47 0 145 0
    205 72 74 62 254 174 0 0 0 0 51 83 0 0 92 0 106 108 71 2 0 250 212
    215 255 255 255 0 0 10 255 0 0 0 0 2 49 142 204 0 154 245 146 255
    149 109 14 79 178 236 47 0 0 143 0 255 255 101 93 142 255 229 99 255
    159 255 255 144 255 205 255 171 0 196 0 0 113 41 44 255 234 255 114
    71 101 255 92 134 52 82 76 111 223 206 220 255 47 8 164 142 136 143
    228 184 197 0 0 0 255 40 243 255 0 172 255 80 71 251 234 187 0 255 0
    76 73 161 75 247 0 233 255 148 224 0 82 255 120 12 167 255 215 0 0
    94 212 14 0 57 137 255 240 108 33 7 134 48 0 141 168 0 124 0 216 247
    228 131 79 203 5 255 230 255 64 197 0 0 224 233 0 106 255 187 255
    255 38 235 0 0 0 62 20 0 255 40 177 211 191 52 255 255 255 75 255
    189 214 3 0 255 202 255 0 205 0 113 219 0 0 0 255 171 67 168 49 95
    174 0 20 23 0 183 170 35 255 150 109 128 95 149 0 0 255 255 66 18 72
    0 255 57 161 197 35 86 247 120 24 134 0 37 0 209 255 240 255 23 0 0
    242 240 9 0 255 255 47 34 156 255 0 48 0 255 109 20 4 255 243 183 72
    0 162 191 255 203 255 152 142 0 0 115 244 0 51 255 255 131 0 238 1 0
    120 26 247 133 0 253 244 164 207 178 25 4 156 255 0 142 25 255 168 0
    223 183 96 164 118 103 126 98 128 207 255 0 150 238 255 0 127 100
    217 44 255 0 201 121 247 21 41 158 86 143 255 255 107 164 0 118 0
    239 210 0 167 255 253 216 255 96 0 54 65 13 116 88 114 250 0 255 90
    205 44 255 255 255 255 0 99 255 4 110 255 230 239 76 84 255 255 183
    0 255 54 0 119 85 88 112 76 46 134 66 255 144 213 90 255 119 108 95
    199 255 87 12 255 254 73 233 189 255 89 173 0 109 0 142 127 108 140
    255 107 105 34 0 0 0 0 18 6 0 147 33 159 151 160 0 6 144 218 0 172
    42 255 142 255 0 0 0 206 98 0 64 47 0 210 0 255 0 28 255 255 255 0
    182 13 0 242 255 184 38 86 57 0 0 0 163 6 46 255 98 153 109 132 0
    201 86 130 165 99 0 148 255 209 85 13 237 251 133 156 255 16 137 155
    48 0 188 55 255 22 111 0 185 0 57 2 147 172 138 35 246 0 175 0 83 0
    255 236 0 166 255 109 203 181 133 113 83 0 61 170 154 78 0 194 255 0
    0 255 0 255 154 201 7 163 108 196 182 10 14 56 0 102 221 255 121 255
    155 185 0 38 255 71 66 242 218 160 158 14 83 196 10 5 255 0 92 18 58
    255 6 114 255 161 77 107 49 52 241 16 35 255 0 0 37 0 34 34 16 243
    204 48 0 252 3 0 9 255 255 255 255 14 4 0 36 78 53 0 0 155 255 150 0
    255 206 255 255 0 219 119 110 233 255 221 245 175 140 148 0 237 255
    215 0 247 54 38 40 109 50 174 48 59 255 103 0 250 0 80 255 117 255
    220 67 255 189 214 4 180 157 119 2 255 255 248 134 75 48 166 136 0
    255 178 64 179 255 49 255 255 3 0 21 255 52 0 0 169 58 0 130 255 50
    165 118 83 75 0 62 143 255 127 74 255 0 180 132 154 0 41 136 250 134
    255 245 37 172 100 117 146 11 0 255 0 221 255 164 255 0 255 5 0 222
    0 255 0 68 255 50 135 191 113 236 248 255 92 160 189 0 107 153 0 161
    255 148 52 209 33 142 124 212 0 146 52 129 96 255 96 17 106 165 255
    180 226 0 31 227 0 82 28 255 0 0 95 255 246 255 255 43 75 74 222 76
    0 86 255 185 105 136 0 18 255 255 255 219 118 35 185 32 182 255 111
    0 155 0 0 73 205 255 129 215 225 255 0 255 114 0 15 88 125 177 235
    177 103 187 68 114 230 193 165 0 38 0 200 146 131 188 255 244 124 0
    47 0 199 95 255 0 102 255 255 141 38 112 226 25 92 143 237 0 86 12
    255 244 255 200 50 137 68 255 255 105 176 105 30 0 27 239 163 249
    222 240 238 143 145 0 52 0 77 66 229 207 81 11 192 255 47 175 233
    250 3 54 5 13 121 99 110 166 0 78 165 0 255 133 234 248 42 0 105 230
    255 242 0 12 86 62 155 0 115 216 255 254 255 221 255 255 0 0 173 78
    0 0 203 206 246 255 0 0 86 0 0 50 210 102 255 69 66 143 207 255 106
    123 102 214 33 224 0 202 127 57 255 0 255 255 0 213 255 45 0 218 68
    16 255 149 255 126 86 238 0 0 255 114 128 2 139 132 0 0 2 255 173
    255 243 119 139 0 0 255 0 205 255 255 255 188 66 202 135 184 22 205
    0 9 0 255 0 255 91 255 210 212 36 223 158 243 0 136 203 119 94 50
    255 255 89 231 0 255 255 114 0 227 1 0 106 154 255 255 46 104 229
    192 0 185 201 255 0 89 119 255 220 183 255 180 75 158 181 255 104 59
    148 14 255 130 0 148 119 0 255 205 254 21 109 184 138 254 38 41 218
    255 115 226 255 255 255 75 255 33 0 211 201 255 33 7 11 0 54 254 100
    255 132 255 255 29 56 0 31 0 255 229 0 156 210 119 44 255 97 0 255
    255 255 132 96 255 202 153 14 81 255 20 255 175 255 154 248 255 0 0
    0 255 255 27 239 255 193 255 49 255 13 50 103 223 204 255 121 66 0 0
    4 120 63 255 1 0 0 111 241 0 236 8 255 255 226 93 211 11 218 72 255
    46 255 122 255 255 38 69 39 137 0 147 0 0 118 156 75 105 161 255 0
    154 20 0 233 90 6 42 255 255 255 255 216 243 255 236 19 111 0 32 32
    148 97 255 104 206 0 255 0 0 11 189 0 255 255 175 49 255 1 179 170 0
    209 25 75 33 102 115 22 229 0 255 255 255 140 0 76 0 107 87 44 180
    116 0 117 165 124 169 71 3 255 0 35 39 255 0 255 36 255 0 215 171 56
    255 30 255 87 0 161 58 255 79 0 111 13 132 255 132 255 0 255 0 0 62
    255 189 87 175 63 67 255 248 133 0 180 32 126 217 255 255 187 29 0
    255 255 255 240 255 0 143 178 255 255 90 255 0 246 214 27 90 0 68 1
    66 145 255 141 255 255 181 154 0 0 27 176 139 160 0 168 255 136 0 20
    145 186 238 173 143 255 0 136 255 141 0 210 255 255 0 0 255 110 150
    152 70 47 0 116 159 143 139 130 52 0 42 235 55 255 212 0 255 0 0 70
    133 59 255 136 77 0 128 255 154 198 242 60 255 222 3 136 178 0 255
    131 215 72 83 175 172 174 121 219 255 239 0 255 41 0 207 41 30 83 0
    176 255 255 255 116 150 255 255 0 0 11 45 18 125 136 196 222 60 255
    32 66 255 0 18 0 57 255 255 54 180 78 255 217 255 200 0 86 255 229
    255 103 80 26 140 255 4 127 134 107 26 0 255 174 0 70 251 121 51 255
    168 160 255 216 0 255 137 114 255 0 0 241 0 231 255 11 254 0 224 181
    18 206 249 15 217 255 184 255 25 82 178 252 239 11 0 253 65 1 251
    173 124 247 0 64 0 147 222 4 172 250 44 0 12 128 188 57 33 255 255
    181 255 165 10 34 73 0 0 40 48 255 45 192 35 165 250 0 0 239 117 232
    255 21 210 19 10 168 59 0 0 151 12 239 73 255 236 255 214 174 0 13 0
    255 211 0 75 43 75 165 66 255 0 0 129 255 255 157 94 217 104 41 198
    60 255 255 59 116 0 255 98 133 0 106 222 255 255 0 226 13 122 27 0
    174 0 157 95 0 71 150 255 255 255 218 0 250 129 138 163 53 0 0 0 129
    197 244 0 164 74 255 110 225 127 132 24 0 99 255 0 248 79 243 170
    191 127 35 255 152 113 255 70 0 176 187 165 255 0 255 255 24 241 41
    0 3 101 0 148 255 0 105 16 91 169 45 238 0 0 102 0 0 0 112 255 126
    255 69 141 122 46 39 0 7 41 255 0 0 216 0 48 125 75 162 2 255 0 255
    255 30 169 154 40 255 0 255 38 77 17 67 242 125 0 255 94 229 207 0
    161 205 209 255 146 0 0 179 0 0 0 239 103 216 183 92 0 157 255 51 0
    0 84 213 0 98 29 237 167 0 0 255 255 94 126 0 141 116 202 124 152
    255 255 255 78 200 255 189 255 205 196 255 247 255 9 0 175 155 138
    54 8 74 70 255 255 154 248 42 255 0 33 124 59 12 255 0 56 131 0 144
    214 0 88 26 0 84 255 255 0 187 219 0 217 111 0 69 173 255 82 137 231
    253 168 0 255 98 255 255 205 144 0 68 227 244 159 219 65 118 191 255
    38 255 162 128 255 250 80 117 0 255 255 228 0 44 4 0 161 183 0 0 0
    82 139 255 0 49 255 0 149 87 137 0 0 224 16 255 0 255 94 4 201 0 45
    183 255 255 165 255 255 0 114 194 214 79 255 182 0 0 50 0 255 0 99
    255 76 255 255 164 97 113 255 144 213 107 10 100 255 38 255 251 232
    158 202 220 217 255 64 255 255 0 0 198 18 0 60 40 69 74 255 255 0 25
    31 52 78 14 0 55 127 111 59 0 229 255 95 77 82 169 245 255 81 255 69
    255 255 116 152 255 56 255 71 180 0 148 0 255 255 51 184 177 255 2
    23 91 0 10 28 0 255 0 196 38 255 254 68 255 79 0 37 0 14 0 0 188 71
    77 170 0 0 255 218 72 91 224 164 186 124 74 30 143 255 134 0 78 236
    187 255 216 230 175 0 0 255 143 255 0 35 115 87 87 0 219 255 0 251
    52 16 8 153 73 154 0 174 37 0 237 0 236 255 177 58 255 48 255 255 0
    0 10 0 90 161 170 7 249 85 189 125 157 175 255 0 255 215 148 135 179
    25 83 210 255 255 200 255 139 240 0 255 255 0 168 89 0 98 159 1 249
    255 222 63 255 255 255 255 78 53 65 0 101 255 14 213 0 78 0 135 255
    16 190 255 255 193 62 193 175 52 9 255 206 98 246 146 255 152 22 255
    0 204 84 0 100 143 255 87 178 107 0 225 255 47 0 74 118 107 0 191 22
    79 181 234 255 0 56 1 39 144 0 255 203 255 0 141 157 0 248 0 206 255
    255 29 255 242 166 0 150 82 5 0 0 181 255 1 0 255 45 8 146 40 255
    255 147 24 255 193 0 159 164 153 219 71 235 77 35 255 12 181 255 0
    82 255 233 30 73 255 140 0 47 0 86 0 155 51 0 49 97 0 0 168 35 165
    75 255 172 97 48 255 0 23 0 38 255 211 167 160 255 54 0 249 6 0 0
    244 255 0 220 174 255 0 46 245 74 143 0 255 255 176 64 255 0 117 0
    255 76 0 0 255 0 255 255 255 240 0 0 255 111 191 255 0 4 255 208 72
    210 255 82 32 243 199 79 136 255 246 38 5 23 43 61 77 118 0 255 241
    255 255 154 129 0 0 210 255 186 0 255 51 71 255 255 252 255 112 0
    198 137 255 0 173 63 99 24 236 54 255 139 139 0 0 0 74 0 0 0 72 255
    255 0 229 228 155 255 255 255 172 101 250 124 154 11 89 255 255 186
    255 228 173 255 255 0 0 223 204 255 35 2 130 48 0 0 0 0 0 113 227 0
    0 31 255 255 88 255 168 0 2 161 255 0 255 255 125 136 0 225 147 161
    0 202 233 133 0 0 255 60 255 234 30 139 255 208 0 76 130 116 79 42 0
    88 203 131 0 41 160 255 0 220 53 255 11 0 255 177 255 127 248 47 134
    255 0 104 0 0 10 140 19 255 105 255 30 0 171 0 151 0 243 40 0 0 242
    255 153 133 16 36 240 185 255 142 93 124 185 24 163 0 0 255 255 2 99
    75 0 138 169 209 80 174 0 10 186 0 255 233 158 213 5 181 173 0 0 0 0
    164 0 187 245 13 34 115 255 98 242 100 239 244 0 0 0 0 38 117 216
    186 159 184 248 121 28 70 186 0 224 209 0 89 255 0 0 110 199 26 95
    22 0 94 131 139 0 20 0 255 0 147 85 0 109 230 174 68 255 229 2 0 75
    224 218 211 28 0 12 38 0 145 134 37 0 14 155 0 35 154 0 255 255 126
    55 69 25 48 0 0 0 168 0 255 104 0 0 18 34 246 0 255 79 0 40 192 0
    203 0 222 11 255 33 31 254 255 0 171 157 171 255 255 0 56 255 23 49
    0 1 225 70 244 19 146 255 189 255 255 255 64 0 105 180 252 0 43 109
    136 15 42 255 191 248 255 227 51 224 255 70 81 49 192 0 61 255 0 100
    255 152 127 117 224 109 231 218 0 75 218 255 31 217 0 215 55 30 255
    62 0 132 214 255 102 173 255 0 255 209 29 72 93 253 131 246 111 230
    40 135 226 112 0 170 0 118 255 143 93 0 91 189 176 48 0 50 241 61
    103 39 157 255 103 204 27 118 234 39 121 255 228 50 245 11 239 0 191
    214 15 0 255 177 84 0 22 0 0 0 28 172 0 0 255 48 105 199 0 242 255
    255 240 252 192 204 237 0 204 142 0 144 209 34 0 255 29 0 199 0 0 0
    206 73 222 255 255 68 255 255 228 98 55 52 214 51 0 8 0 255 131 255
    194 26 165 229 195 255 113 7 75 195 255 255 174 255 13 241 255 255
    255 255 27 139 112 255 230 255 0 236 29 1 176 150 233 84 212 167 76
    219 0 0 0 255 223 92 255 14 0 66 112 255 0 0 4 0 255 15 196 0 216 73
    47 244 255 0 171 72 51 9 89 30 0 119 0 230 122 134 196 24 0 118 255
    104 255 117 175 99 59 213 0 78 156 0 30 87 18 255 185 0 161 147 46
    78 29 89 255 180 223 23 201 255 143 0 13 54 64 182 8 66 135 222 232
    241 11 92 0 106 0 113 85 0 117 242 255 50 231 255 215 255 153 134
    117 213 0 126 125 255 232 255 0 255 0 155 248 0 232 57 0 255 133 0
    76 154 255 0 159 255 212 10 0 255 157 255 95 102 170 94 255 50 63
    237 247 243 171 244 56 253 147 255 156 0 238 55 93 236 0 6 185 85
    255 190 255 183 14 107 0 35 0 255 54 88 255 93 235 200 230 32 50 29
    215 0 0 165 0 0 252 219 47 127 206 53 164 62 0 255 107 124 3 98 0 0
    118 64 83 224 219 25 182 49 252 216 217 255 255 219 179 255 255 0
    101 42 98 165 225 101 255 0 252 14 255 102 20 232 255 31 254 255 215
    184 0 221 0 0 0 0 0 209 116 14 255 158 217 172 97 142 255 0 0 0 83
    189 255 115 164 211 193 0 0 76 88 0 245 96 188 255 22 0 85 79 0 255
    255 0 98 244 255 108 67 157 255 246 188 0 40 244 255 9 0 251 219 61
    0 121 252 14 145 255 168 255 164 130 255 196 0 110 231 223 32 97 145
    165 0 183 78 196 255 36 0 255 0 255 255 143 201 143 45 201 140 36
    176 10 95 0 255 0 255 136 255 89 0 255 255 203 255 52 255 0 124 101
    97 89 0 169 109 0 121 0 248 239 173 68 175 255 90 36 255 226 0 174
    214 255 255 177 243 114 183 255 0 0 150 84 29 31 155 255 86 255 207
    163 29 255 167 250 0 37 142 69 0 158 70 108 152 201 75 70 162 35 229
    144 0 0 154 119 89 139 0 255 68 26 142 2 185 0 193 18 255 0 154 76
    255 193 255 52 255 255 47 175 255 255 252 237 0 0 69 187 96 64 205
    253 218 200 96 222 6 95 0 194 202 0 165 0 137 255 121 0 29 0 0 255
    209 7 0 225 252 207 64 0 0 248 68 0 255 119 153 58 193 0 127 200 0
    112 213 255 252 162 249 149 46 5 151 164 182 132 255 33 242 68 27
    180 234 66 182 255 255 180 255 255 255 125 35 89 41 18 224 108 244
    255 112 255 174 50 255 22 147 8 80 127 56 102 96 155 39 0 207 89 0
    12 0 157 232 78 0 53 0 81 149 77 166 200 255 164 255 95 255 255 158
    231 250 112 174 229 255 111 0 0 0 0 44 0 255 0 255 255 237 0 0 255
    125 152 0 87 255 171 113 84 36 0 83 92 133 78 104 44 255 111 53 0 48
    0 255 255 113 255 0 0 76 0 72 233 255 68 137 255 255 255 117 52 77
    36 255 255 30 145 0 255 18 208 0 194 255 106 153 138 243 56 0 0 189
    148 0 122 238 247 25 0 75 121 132 255 226 189 255 0 171 141 148 0
    255 0 0 7 46 255 126 81 0 195 31 0 0 0 45 217 196 209 255 4 27 10 0
    82 247 0 0 13 212 0 0 255 0 173 87 102 127 255 136 244 241 180 68
    194 194 75 28 59 85 128 149 255 255 125 135 221 163 179 1 255 67 255
    164 255 255 15 255 0 180 255 160 24 4 70 45 225 255 42 255 196 192
    97 255 246 76 255 73 255 199 0 0 70 113 255 255 205 60 0 131 26 239
    7 35 14 127 80 181 88 0 67 130 0 19 0 255 84 0 255 182 9 100 113 255
    93 227 238 159 0 37 21 178 255 255 157 252 182 221 31 255 32 61 112
    0 221 86 192 116 168 238 0 56 255 62 65 164 255 253 21 196 138 0 191
    49 243 11 255 0 255 130 0 255 255 84 51 22 183 230 130 255 0 255 185
    87 0 92 139 157 255 11 91 0 74 135 113 36 0 248 108 172 105 0 224
    255 125 0 0 229 0 0 11 255 124 153 255 0 10 244 0 0 176 0 216 46 0
    255 255 0 160 255 172 0 93 226 117 0 100 0 0 141 255 153 222 255 0
    137 0 66 255 255 131 251 90 49 16 231 255 0 82 0 125 143 209 255 208
    83 255 255 230 179 50 81 94 59 0 118 38 218 0 213 49 171 255 255 96
    0 247 102 255 0 18 75 0 56 97 153 235 135 203 132 69 255 202 255 255
    144 131 0 0 184 255 0 179 255 156 149 0 0 0 0 0 41 0 255 255 40 0
    179 119 0 205 38 0 132 142 13 12 170 0 79 255 0 80 204 0 255 88 105
    0 144 0 162 125 255 79 128 69 0 82 86 104 146 246 64 91 0 61 20 126
    108 216 118 255 58 241 140 215 255 171 0 255 198 0 130 0 49 155 70
    189 149 255 60 0 255 0 251 59 255 255 0 109 215 233 180 122 0 150
    255 255 0 255 166 33 106 157 21 0 0 253 251 167 82 255 255 183 1 45
    222 0 105 0 0 198 0 73 247 32 0 255 71 224 233 214 187 144 63 0 255
    0 255 0 255 255 234 255 255 237 71 0 99 0 13 239 177 69 237 0 50 54
    205 0 0 0 194 171 164 255 102 0 132 107 255 0 255 0 124 62 176 252
    51 255 71 255 99 235 85 117 255 79 191 106 251 172 0 255 35 207 255
    182 154 207 223 255 249 52 232 21 111 77 237 47 0 0 255 218 227 126
    53 89 80 0 204 166 38 57 62 255 195 5 255 107 0 12 87 0 181 188 0
    244 5 255 36 255 5 0 5 109 0 6 23 255 182 255 255 255 87 73 11 0 255
    0 255 255 0 255 255 0 155 96 136 216 114 255 41 255 255 0 251 255 64
    0 0 0 32 46 255 0 60 255 51 104 1 255 247 5 13 255 54 191 64 57 231
    218 255 255 255 241 90 95 0 140 228 63 95 0 0 169 91 0 0 159 0 101 0
    45 70 203 255 88 255 255 0 255 255 20 0 120 255 53 0 255 0 0 144 132
    69 255 5 255 206 0 255 77 58 255 232 0 213 0 160 255 49 228 235 10
    187 91 0 0 255 206 0 93 194 225 166 204 144 207 255 18 171 255 249
    224 255 255 6 69 106 111 255 10 8 0 181 208 115 94 184 95 159 42 184
    180 175 255 0 92 0 159 0 0 208 152 190 255 0 81 229 0 49 150 253 250
    86 209 178 255 27 173 59 255 0 0 47 244 39 53 33 162 255 253 0 159
    187 65 255 0 99 255 51 144 155 45 109 189 86 0 132 255 78 255 199
    255 243 255 28 231 178 255 213 228 3 28 117 255 0 255 215 190 211
    121 40 0 153 40 85 68 173 0 255 113 202 255 81 188 57 97 147 250 255
    255 223 0 255 255 115 128 4 101 187 0 177 119 0 133 111 255 197 0
    255 0 177 0 252 0 21 213 91 29 255 0 238 182 252 173 255 255 0 53 0
    38 157 179 77 145 255 131 0 176 239 27 111 182 127 147 82 255 186
    111 0 185 187 35 0 202 109 165 0 3 255 0 66 164 231 111 167 106 118
    44 63 121 22 0 255 199 255 0 101 50 86 239 190 76 181 255 255 255
    179 255 0 255 255 218 255 85 161 41 1 0 0 195 0 64 164 85 0 48 0 22
    191 9 255 0 255 59 59 0 118 158 205 0 111 219 105 150 23 128 244 0
    191 83 0 129 184 133 160 172 255 0 44 18 0 0 255 184 108 0 132 26
    169 15 255 29 33 0 247 255 118 255 255 0 201 15 5 255 239 76 204 0 0
    0 18 0 142 187 0 255 39 148 115 21 0 0 11 40 255 116 0 209 23 0 0
    240 255 199 255 41 0 245 255 30 156 35 5 255 63 191 255 255 255 222
    255 255 0 255 181 0 0 70 151 255 57 255 133 197 156 191 98 255 96 0
    123 255 210 255 0 216 0 39 0 0 180 255 51 129 156 31 255 0 16 32 186
    209 0 0 0 0 255 35 202 255 57 255 0 67 0 0 69 0 96 255 0 0 0 143 162
    213 59 0 0 23 177 65 128 118 250 24 95 113 255 180 106 0 255 255 37
    255 239 176 11 242 255 255 231 255 185 255 52 237 102 23 85 243 208
    167 255 170 255 0 0 217 93 255 68 91 114 255 125 0 8 255 0 97 25 110
    48 5 0 0 211 0 0 255 136 255 34 144 0 230 229 255 0 255 255 218 15 0
    44 251 0 22 91 32 99 173 172 165 196 216 121 0 255 129 255 255 134
    255 0 205 191 171 80 209 0 0 143 144 251 0 160 255 105 85 255 197
    255 106 169 228 212 179 163 0 140 213 153 0 110 245 108 188 162 163
    96 255 54 100 255 253 200 0 111 197 255 0 206 152 255 46 161 0 155 0
    0 17 193 226 191 0 0 179 0 156 255 255 155 89 104 255 209 230 208
    138 255 117 0 227 162 112 89 0 9 0 0 210 119 0 0 0 73 187 0 0 172
    122 0 0 65 231 4 255 125 111 153 60 0 0 95 173 182 6 22 55 0 255 255
    14 52 12 0 82 0 179 255 255 96 144 233 255 249 150 144 86 33 255 235
    255 133 255 80 61 43 174 200 0 0 222 5 4 216 205 232 0 6 82 249 0 0
    126 186 0 172 166 82 95 0 151 174 239 60 255 234 164 40 201 255 73 0
    255 255 23 0 35 252 0 0 234 121 255 57 0 0 172 147 80 99 160 255 219
    243 217 229 54 232 68 0 179 75 255 39 0 255 101 0 202 255 0 229 196
    0 217 32 158 222 255 0 255 214 0 255 255 5 190 255 208 255 96 255
    255 200 52 0 162 211 197 0 0 204 172 219 106 7 0 170 119 0 240 165 0
    117 44 0 255 255 183 0 115 255 24 189 84 44 32 255 255 255 71 36 186
    236 0 143 0 73 98 0 230 169 0 255 235 255 125 128 255 155 14 255 212
    26 0 97 222 0 255 139 67 255 255 152 0 255 255 0 0 255 140 112 135
    102 0 19 178 91 93 171 0 23 108 12 100 169 253 95 117 76 0 255 0 255
    143 16 232 16 27 255 255 16 16 0 255 85 181 0 0 57 114 17 201 0 82
    255 212 250 163 65 0 96 0 0 0 0 0 255 255 134 192 247 255 217 82 155
    41 0 229 127 0 255 210 118 0 0 11 0 255 213 0 255 186 240 0 0 83 74
    0 97 0 252 94 0 44 143 0 129 165 0 137 0 100 161 194 187 166 16 0 0
    55 61 0 223 52 23 160 0 0 2 255 255 6 255 161 35 255 139 44 0 168 75
    230 4 110 87 123 0 241 217 229 212 157 22 210 152 255 142 0 94 196
    235 206 159 155 0 46 255 161 163 129 16 0 255 255 55 0 226 15 50 195
    32 67 0 183 45 255 255 201 255 255 254 255 12 0 194 255 146 255 188
    86 0 60 0 255 255 10 100 15 250 159 188 115 32 255 0 255 0 116 38
    255 255 98 249 55 0 255 29 255 217 0 255 233 104 255 255 106 39 242
    0 0 112 198 255 206 218 255 117 168 255 250 104 89 255 126 87 26 0
    30 109 255 130 0 232 0 255 255 255 59 48 157 64 87 122 255 119 143
    42 232 121 37 141 0 176 0 255 0 174 246 255 44 160 255 57 137 107
    157 0 255 137 31 137 117 100 0 255 0 0 0 250 75 94 228 193 217 86
    255 0 33 104 255 0 188 111 255 255 179 55 255 1 0 56 86 255 255 247
    143 34 180 0 191 211 187 122 210 255 0 194 0 0 67 255 236 206 151 35
    9 0 111 255 0 255 255 212 51 157 133 98 46 254 245 102 216 191 0 92
    0 0 255 0 76 1 255 255 0 10 255 159 181 80 153 0 255 15 187 33 0 255
    173 255 73 0 255 209 255 133 213 83 0 0 206 34 219 255 255 173 255
    151 71 255 53 0 103 13 23 236 93 153 250 0 175 157 195 255 191 155
    118 0 105 64 0 254 255 200 255 0 255 255 0 255 126 136 233 9 255 255
    255 35 0 179 0 16 228 225 0 227 173 26 24 232 0 255 140 71 24 211
    115 255 0 61 255 255 116 62 0 128 139 165 228 255 177 67 0 227 0 88
    42 0 204 0 183 255 62 0 41 104 186 255 0 198 140 239 0 87 41 214 244
    0 27 255 159 0 172 255 255 255 255 56 255 255 239 95 0 255 232 21
    215 240 255 0 39 255 30 185 103 141 21 187 255 0 255 99 122 255 67
    62 156 123 0 84 127 0 109 171 14 66 235 252 0 255 56 4 10 199 0 132
    255 13 32 255 86 20 228 32 64 34 250 234 32 33 255 0 167 0 0 239 0
    112 28 113 27 233 0 255 235 229 51 0 234 255 252 41 0 157 220 255
    255 23 0 126 241 53 255 0 27 255 66 118 144 219 255 214 0 0 82 63
    189 0 255 25 2 72 0 195 252 255 255 0 117 143 255 255 0 235 175 255
    0 192 87 6 255 255 111 255 216 170 253 0 53 5 255 99 140 0 149 145
    255 85 0 47 249 58 201 255 173 0 204 199 173 252 128 0 133 229 150
    255 178 255 0 77 152 227 31 159 112 200 51 0 255 59 212 255 223 255
    0 0 72 0 121 143 16 74 0 110 15 119 255 255 243 35 255 43 0 55 139
    170 0 220 164 139 255 203 227 255 255 246 120 192 255 1 0 100 18 255
    0 0 255 0 0 255 0 0 174 4 116 255 65 255 255 247 246 255 0 219 255
    123 0 255 119 255 116 255 255 255 255 255 168 1 255 236 0 255 255
    181 21 0 237 0 255 255 220 0 228 64 105 204 99 255 255 0 56 56 246
    255 255 143 104 255 77 0 167 44 192 164 102 255 0 0 255 224 161 0 45
    0 206 255 255 0 114 0 255 0 20 237 57 255 189 0 255 15 0 14 117 128
    0 0 251 255 0 88 0 127 4 0 83 32 0 0 250 0 152 76 255 0 255 187 74
    255 0 0 0 0 0 167 0 230 0 255 255 255 236 255 192 187 112 0 142 8 99
    255 153 0 255 255 132 0 46 91 218 87 0 0 37 238 3 0 255 0 149 255
    204 70 83 76 19 0 6 255 142 20 211 119 72 0 62 255 190 230 0 57 0 0
    0 224 133 9 165 67 125 55 49 107 51 255 255 255 0 0 0 0 0 0 201 180
    8 144 0 143 0 0 200 79 145 73 2 171 6 65 48 84 78 190 202 62 209 54
    48 255 184 227 5 86 255 99 0 169 255 20 0 87 0 121 168 151 5 0 138 0
    0 109 8 255 147 0 255 171 255 143 192 10 186 255 255 3 61 105 31 252
    0 106 36 198 130 224 97 255 78 255 255 188 201 255 39 42 248 243 85
    9 144 229 0 0 0 7 255 0 0 172 0 0 39 20 13 181 30 22 0 175 255 249
    42 21 17 59 0 86 255 50 0 0 62 25 255 0 255 224 71 176 255 219 114
    185 255 0 255 209 0 131 0 14 34 0 255 36 126 14 170 173 0 151 0 255
    28 249 255 167 255 255 209 195 255 71 250 60 94 164 150 255 0 255
    255 196 90 255 62 0 167 195 170 255 168 2 134 0 230 251 216 220 124
    255 255 245 234 114 255 0 0 232 86 0 132 142 17 88 165 36 0 187 255
    0 255 255 186 141 39 153 69 248 9 103 56 209 43 47 255 0 13 120 89
    255 11 43 0 0 157 42 5 157 43 93 238 255 255 255 33 255 164 69 255
    92 161 178 190 0 0 67 119 102 85 255 126 255 255 64 0 255 0 115 183
    228 20 200 230 0 142 255 247 249 197 255 255 255 202 26 238 120 255
    184 218 206 202 252 255 209 255 199 223 0 188 0 230 93 32 255 0 0 50
    0 66 108 255 110 0 255 175 8 255 0 108 195 255 0 255 226 133 199 246
    208 0 0 164 100 0 255 250 0 57 0 88 236 0 255 190 207 47 8 255 104
    232 0 27 21 0 14 255 218 111 255 255 255 21 60 255 51 0 0 0 39 0 0
    167 200 30 174 74 255 84 255 148 2 150 0 0 23 39 255 67 123 40 255 0
    226 59 198 32 0 163 255 0 255 193 0 146 195 171 240 80 173 174 173
    255 255 228 188 50 98 26 186 141 93 255 118 255 191 255 29 15 255
    161 131 0 255 119 177 165 57 1 255 76 158 163 0 230 119 255 25 255
    255 65 0 90 0 255 255 49 89 206 0 122 255 36 177 0 188 0 72 86 26 98
    103 122 195 255 160 197 162 141 166 246 0 255 0 172 139 130 20 255 0
    122 0 48 187 37 45 0 199 0 156 175 36 124 255 36 255 174 211 49 18 0
    152 233 153 255 133 0 71 0 119 41 83 240 89 123 72 0 0 22 83 255 255
    0 14 0 255 255 255 236 0 214 224 92 255 82 0 255 255 114 255 2 255
    189 255 152 255 214 255 13 151 0 255 255 0 255 200 139 37 30 88 42
    215 0 124 168 39 189 146 171 215 150 0 183 50 0 185 118 255 0 0 0 39
    91 255 192 169 78 126 171 9 222 0 255 80 163 255 255 255 159 212 222
    69 0 67 0 47 139 202 229 104 0 70 0 255 255 183 177 79 69 0 186 255
    176 20 54 156 255 255 255 129 255 39 149 222 151 137 142 5 246 255
    172 126 0 181 69 124 92 0 159 120 0 130 0 255 0 38 255 0 46 201 238
    255 14 255 154 225 88 255 255 159 242 0 255 0 175 79 175 8 157 255 0
    142 0 193 255 114 0 255 255 188 255 77 22 214 37 235 16 179 58 249
    51 98 243 255 60 255 0 95 79 0 249 46 0 117 0 171 255 0 15 129 255
    182 30 33 165 161 145 47 255 142 255 0 0 255 0 255 22 0 0 188 78 67
    251 52 255 255 92 255 255 200 6 178 250 131 38 22 0 73 24 130 0 120
    58 235 0 0 255 26 255 0 224 0 50 221 255 229 83 214 255 35 37 255
    114 32 177 0 41 106 174 187 255 255 83 0 90 91 239 15 0 0 255 0 0 0
    249 255 150 171 255 64 107 255 151 224 255 212 255 56 0 0 0 211 208
    99 107 112 0 124 221 0 221 84 18 0 138 0 26 0 254 72 0 131 17 207
    255 255 11 255 25 250 250 167 187 0 255 217 123 255 127 156 54 196
    255 117 1 231 12 255 0 133 252 0 246 96 132 42 255 14 0 74 107 69
    157 255 255 166 255 6 227 255 0 32 255 22 242 255 139 90 44 14 40 22
    255 255 0 12 255 255 46 255 232 255 145 255 62 6 6 144 171 228 4 255
    6 80 0 190 21 0 143 74 0 124 238 77 0 41 232 0 0 44 238 146 0 216
    150 155 0 196 255 37 16 255 176 87 255 69 199 132 216 0 255 218 0 41
    84 0 193 0 174 0 172 170 250 0 0 37 140 66 0 223 184 170 207 255 255
    176 0 44 255 0 0 0 149 166 185 118 254 204 83 235 231 255 10 255 41
    45 0 0 255 215 30 0 41 49 154 181 255 255 13 0 254 71 208 0 255 0
    125 152 0 166 159 254 243 255 214 23 23 0 255 215 64 4 255 199 0 0
    38 89 12 255 0 185 245 0 218 84 0 0 24 255 0 224 153 202 0 78 78 235
    17 20 149 255 191 255 255 70 23 133 0 255 255 207 0 41 181 6 235 0
    119 24 108 123 6 13 146 0 22 250 255 255 0 241 166 16 47 255 0 91
    246 154 208 221 43 131 255 214 8 238 153 78 63 62 107 255 255 251
    229 0 10 255 108 73 255 222 255 85 197 192 222 229 108 125 255 228
    205 0 166 255 232 80 255 207 255 0 66 255 80 191 0 49 17 16 43 255
    26 0 24 219 202 136 180 66 87 0 0 57 255 255 255 64 189 101 118 66
    255 224 0 180 176 224 30 33 178 0 0 255 0 238 190 215 0 0 255 106 97
    128 222 48 62 247 0 194 0 0 57 0 0 250 133 65 189 76 252 138 0 0 118
    8 0 255 224 0 204 0 0 0 69 0 255 64 91 0 142 52 0 170 105 208 68 155
    0 0 137 0 0 77 255 133 63 45 255 255 0 65 0 205 21 246 245 0 214 0
    184 151 0 0 33 255 157 41 0 11 177 133 4 0 225 255 135 135 117 66
    255 59 0 53 255 92 0 190 255 0 36 107 0 0 98 0 150 0 255 60 208 205
    255 0 18 129 129 52 123 216 148 0 140 239 161 255 90 0 248 255 93 0
    255 255 167 255 255 16 255 252 165 255 84 255 224 0 0 60 129 5 0 119
    168 0 70 0 182 0 101 176 147 216 148 255 0 59 0 0 55 149 0 255 255
    94 168 215 0 39 131 0 0 70 255 0 253 48 255 14 0 0 255 212 223 254
    255 120 0 136 89 169 240 0 118 26 191 255 43 70 174 255 255 219 255
    9 36 0 233 123 18 255 0 255 95 0 255 0 174 255 255 110 40 136 43 0
    255 153 207 120 167 155 236 53 245 224 135 175 132 75 76 218 119 195
    251 0 26 73 210 216 29 0 143 163 255 43 57 156 144 0 152 59 29 72 45
    68 191 187 200 188 0 118 95 255 252 238 255 0 0 61 172 252 12 14 0
    140 70 23 142 76 29 0 75 98 70 255 255 42 255 0 0 255 255 0 203 56
    193 255 255 89 108 252 176 173 149 0 51 106 86 173 138 114 7 12 255
    0 0 255 0 0 69 0 234 0 201 168 228 191 255 134 230 241 160 255 214
    28 255 56 156 179 184 34 77 27 0 255 0 0 0 0 255 147 255 228 0 171
    21 173 27 210 205 0 236 0 255 60 100 181 188 0 0 166 101 0 175 0 35
    198 0 246 67 0 0 252 67 255 161 255 23 0 39 255 113 255 186 0 193 27
    255 51 131 0 0 0 255 160 16 7 236 230 195 145 21 192 174 132 89 255
    107 33 119 255 0 255 255 255 6 255 248 0 157 130 181 78 69 27 36 132
    135 0 26 255 122 255 246 105 25 70 0 255 0 255 169 58 0 10 107 0 1
    255 139 0 255 190 143 54 204 139 99 15 58 255 57 8 227 239 7 0 67
    185 255 255 255 255 92 53 111 237 220 0 255 137 0 164 106 255 42 255
    246 134 194 221 44 246 110 0 115 12 255 212 159 36 255 53 146 0 109
    22 201 255 12 0 59 130 125 134 38 255 171 87 218 172 255 0 255 27 0
    226 240 181 177 138 160 151 21 255 150 126 36 117 0 255 168 0 136 0
    255 255 238 255 193 255 17 70 255 160 0 153 0 99 0 24 255 59 31 110
    58 100 0 255 255 255 24 154 20 0 150 132 244 57 255 98 18 156 190
    226 58 155 110 11 208 255 159 63 0 255 46 255 255 248 40 50 0 65 114
    65 181 0 24 146 1 190 255 0 209 181 0 255 255 0 255 166 186 0 27 238
    170 0 0 12 45 0 91 249 124 245 219 0 0 151 59 241 125 0 119 98 0 82
    255 7 247 255 112 99 0 77 255 141 203 186 155 111 115 91 255 255 0
    241 17 52 0 68 53 19 9 200 44 125 187 101 176 255 0 0 255 0 21 0 133
    189 85 2 84 20 0 45 255 0 211 189 214 0 0 21 0 191 128 253 107 255
    241 9 0 255 20 31 168 0 222 139 241 0 255 152 0 0 255 189 189 0 1
    255 109 81 123 22 77 17 40 115 191 149 191 226 71 58 58 12 0 191 185
    188 15 153 223 255 255 89 136 255 255 160 240 0 143 28 248 255 45
    255 216 0 37 0 189 255 122 242 255 0 255 14 60 0 166 161 0 31 134 74
    4 204 36 9 83 212 5 225 3 254 255 111 19 24 0 0 0 255 156 158 113 72
    0 255 210 255 37 255 0 148 61 221 255 177 152 213 114 111 255 248
    227 7 255 85 255 253 242 0 178 0 255 11 39 0 0 62 0 0 138 0 150 255
    179 255 1 248 255 0 255 0 47 255 120 255 163 0 255 255 47 0 201 0
    108 0 226 153 50 255 255 255 255 176 136 0 46 255 0 98 140 170 46
    236 166 129 255 182 0 0 138 0 255 0 123 0 114 219 5 255 255 233 90
    38 255 22 95 255 0 48 0 0 0 0 255 68 147 0 155 27 255 0 131 235 0
    179 255 0 0 28 0 190 120 150 93 255 0 255 152 30 51 255 139 196 29 0
    45 8 255 255 227 33 190 255 190 205 0 255 245 255 80 57 207 21 255
    63 0 179 57 97 122 193 159 255 231 179 61 94 255 255 27 255 156 45 2
    190 16 0 63 113 255 44 255 234 123 255 255 255 255 255 1 93 76 100
    24 133 255 129 255 86 162 0 0 165 229 0 156 154 0 203 95 255 39 2 0
    208 0 156 0 255 125 0 124 255 145 255 20 138 94 0 0 0 0 26 15 130
    222 170 255 18 16 255 103 144 193 52 224 42 116 1 57 30 255 92 248
    18 195 124 70 60 43 187 119 255 255 0 0 21 233 255 7 18 7 169 13 188
    255 79 202 255 186 255 0 151 255 255 0 31 252 160 247 180 201 255
    209 112 194 255 106 216 22 255 103 0 255 255 202 144 253 255 0 47 88
    83 255 104 0 52 112 145 72 153 0 211 150 42 26 188 44 120 46 63 24
    255 255 0 147 167 39 123 138 166 202 24 255 239 255 138 0 222 242 0
    0 37 0 132 0 159 83 215 0 175 0 0 0 130 75 124 255 189 20 55 179 46
    0 223 176 255 42 0 0 236 120 182 198 151 54 97 0 108 204 45 190 58 0
    0 44 0 66 4 90 80 0 51 167 82 36 33 0 209 194 230 167 170 89 0 255
    153 96 28 115 150 255 206 255 75 0 144 156 255 157 0 255 180 0 230 0
    255 10 240 166 0 17 201 29 56 39 235 101 246 255 27 87 49 229 0 237
    255 96 255 43 255 63 255 29 2 71 17 0 0 104 255 95 92 167 255 0 221
    246 0 187 139 255 0 200 200 187 255 0 251 222 0 255 21 0 255 164 255
    249 37 184 230 255 169 0 13 37 206 255 0 38 255 138 222 239 189 0 0
    191 255 255 127 178 255 130 85 130 129 83 54 228 68 22 255 163 22
    191 0 205 38 40 0 251 126 98 255 255 0 68 101 255 252 170 42 255 155
    255 0 0 119 255 255 213 141 144 152 250 47 170 154 2 117 245 208 0
    75 228 9 229 255 255 0 0 251 220 255 110 188 91 255 0 255 255 53 255
    236 6 35 200 57 255 20 0 250 207 0 110 211 162 72 255 248 203 244 0
    255 220 255 197 255 6 255 44 255 177 227 216 255 174 45 149 0 143 65
    0 153 26 0 255 30 231 84 43 255 167 152 6 107 54 40 0 255 255 84 115
    81 117 62 18 255 108 104 0 16 106 0 0 64 153 165 255 255 68 0 66 179
    54 0 0 0 131 37 235 38 131 28 106 225 144 40 158 0 159 175 10 255
    210 111 205 205 3 0 152 231 172 0 159 224 249 118 114 9 130 210 0
    255 255 71 172 46 166 118 160 255 140 255 190 143 119 88 199 255 0
    200 36 156 110 99 24 198 10 255 71 194 243 227 255 49 1 255 0 0 0
    165 105 33 255 146 216 255 255 116 255 24 197 0 105 47 81 0 64 255
    36 230 255 72 86 250 16 0 8 180 92 0 144 232 62 0 255 225 255 21 111
    255 0 87 0 0 216 69 102 255 75 126 255 241 0 48 255 24 27 255 81 255
    0 181 219 255 255 0 112 255 43 189 36 255 0 92 219 191 238 63 42 198
    0 255 196 239 255 255 46 214 79 247 104 255 92 2 55 240 247 164 17 0
    255 182 0 226 43 241 211 255 205 255 0 215 255 91 243 251 176 114 0
    181 61 0 246 225 106 0 0 57 134 123 242 255 140 0 255 176 0 116 254
    65 109 238 0 0 66 62 21 229 50 179 139 235 0 255 106 198 156 17 255
    220 0 144 222 170 139 39 40 39 175 0 255 36 228 250 0 104 111 0 0
    229 9 48 194 255 255 48 255 133 91 0 8 164 200 104 57 255 149 243
    225 43 0 113 33 72 218 100 24 117 237 159 0 255 135 255 129 255 173
    254 86 0 216 0 255 208 255 14 44 109 49 181 255 0 0 230 255 56 0 255
    108 244 119 58 76 0 214 45 0 0 0 255 56 141 255 111 0 255 45 0 255
    123 255 0 132 224 0 198 96 50 0 255 179 159 0 226 52 190 219 197 0 0
    32 0 104 208 100 86 28 255 36 42 255 255 223 156 255 255 0 138 220
    38 15 255 255 42 134 194 255 156 253 45 255 193 89 0 0 170 255 196
    255 0 112 0 0 255 0 14 0 53 254 184 49 250 65 0 192 255 255 192 0
    255 152 0 203 36 202 212 80 0 130 31 163 165 255 0 0 100 47 110 255
    220 145 88 72 0 148 29 255 0 255 244 96 255 255 200 234 196 238 0
    190 0 12 219 48 242 0 200 249 246 79 0 255 255 93 229 0 143 255 112
    63 255 255 255 190 255 67 0 0 162 164 169 68 167 185 228 0 121 21 85
    168 129 255 194 0 255 4 0 0 189 98 32 9 3 198 246 39 243 131 181 255
    111 143 46 166 70 161 0 215 233 36 41 0 0 213 201 0 114 255 100 6 93
    234 169 162 114 0 213 66 0 158 12 25 25 244 255 0 255 183 163 26 154
    132 121 141 36 168 196 65 91 176 55 203 106 145 113 151 255 200 0
    216 0 111 245 19 133 83 210 255 126 123 129 30 255 0 222 233 130 76
    200 255 189 0 32 0 0 211 98 0 0 185 245 0 5 0 46 103 108 0 178 138
    255 255 92 250 51 194 0 10 47 5 255 255 80 60 255 69 255 255 10 145
    92 255 0 70 13 255 43 178 85 255 82 217 41 167 0 52 255 235 156 124
    37 223 59 245 229 197 159 0 169 175 61 135 255 0 0 139 54 199 13 207
    101 0 213 213 255 218 105 57 0 255 0 156 202 0 21 0 9 133 217 255
    238 181 31 255 0 0 79 0 47 255 118 255 251 126 209 51 49 77 86 0 215
    255 209 255 241 255 0 255 144 92 255 154 0 255 155 255 0 219 192 0
    29 248 197 206 28 209 255 255 35 205 42 114 201 255 127 159 111 74
    255 238 187 142 82 255 129 72 125 0 0 182 31 161 182 229 52 119 255
    0 172 43 0 34 208 0 225 78 165 103 0 193 0 105 0 255 255 0 50 32 55
    149 171 206 255 211 148 126 255 121 255 145 255 255 99 165 8 60 255
    0 209 255 0 192 255 251 223 255 210 235 71 255 150 175 0 41 47 226
    53 205 255 255 71 0 184 255 25 0 59 25 121 179 173 78 255 229 229
    104 0 42 0 0 169 0 31 39 156 255 235 10 68 255 77 255 0 156 1 255 33
    225 255 0 144 0 0 255 255 122 206 46 193 255 124 97 159 250 201 189
    255 60 90 56 84 187 0 255 255 0 41 135 13 148 0 0 203 255 0 88 255
    255 28 0 255 255 55 0 112 0 254 170 0 125 160 56 26 66 107 220 0 165
    182 97 255 116 156 255 21 141 255 255 99 47 230 0 42 94 17 0 208 255
    133 0 0 255 223 118 27 255 123 255 31 0 0 141 211 0 255 61 84 249
    255 13 255 245 46 0 171 64 139 255 255 171 240 243 163 216 206 16
    203 42 70 180 34 0 9 255 74 66 14 255 239 0 49 149 176 179 37 0 155
    0 255 221 73 0 226 0 68 77 255 255 0 0 49 87 247 150 222 28 0 255
    248 53 50 0 255 0 255 165 136 0 0 0 0 198 149 73 95 0 57 235 0 74 99
    158 61 10 169 99 49 243 131 0 20 141 55 255 255 0 170 1 241 174 65
    158 195 0 70 241 168 112 0 30 95 255 0 0 255 15 255 238 23 255 0 170
    140 0 98 157 255 227 165 255 157 255 155 0 255 198 49 118 255 32 98
    255 0 65 36 0 188 246 255 89 0 146 134 141 0 255 207 255 191 26 50 0
    241 255 255 0 255 99 25 0 0 0 0 206 255 255 156 121 0 255 215 0 0 0
    0 210 0 63 26 0 161 48 255 255 14 223 156 141 255 255 0 255 169 226
    0 255 255 0 157 0 0 214 255 255 109 89 0 178 93 104 87 255 0 174 194
    255 167 0 0 195 161 134 39 255 72 18 132 143 74 66 255 0 255 152 255
    0 252 255 47 248 255 255 255 2 255 0 57 57 200 73 0 255 193 0 132
    140 145 119 80 120 255 216 68 109 255 231 0 50 125 255 255 165 255
    89 13 77 2 255 255 0 162 0 0 255 207 0 215 163 255 0 255 150 255 117
    255 66 255 126 80 255 0 255 0 51 5 46 36 255 23 82 29 92 255 162 67
    0 255 61 239 255 255 37 255 255 29 255 255 66 255 255 0 124 112 90
    255 255 86 245 33 41 172 162 216 0 138 157 216 0 79 47 68 170 0 69
    139 0 152 255 102 255 0 255 163 98 247 255 58 255 255 205 0 0 0 0
    255 255 166 154 42 0 0 14 254 59 230 249 182 0 255 229 84 0 106 0 49
    255 49 146 254 255 255 88 185 90 0 80 68 0 0 0 255 0 0 1 97 122 255
    255 64 61 185 169 208 30 220 210 0 255 255 231 0 36 189 68 109 81
    255 255 255 255 150 163 119 171 14 101 154 255 70 255 167 57 255 165
    249 255 91 138 8 51 255 181 0 72 15 247 0 42 103 0 97 159 134 0 0 99
    255 255 93 0 241 121 220 133 152 237 72 255 210 69 41 234 0 186 255
    223 255 161 0 232 0 255 0 255 171 0 12 237 100 37 82 166 179 142 0
    198 1 0 159 18 82 148 159 255 12 255 40 0 255 27 144 255 255 54 217
    255 211 225 114 122 226 100 0 144 187 16 66 28 43 0 255 184 148 255
    255 107 34 255 84 72 195 201 249 0 255 255 223 125 0 0 232 255 51
    142 17 255 4 202 133 166 27 241 210 49 255 0 132 254 0 69 50 236 16
    97 0 205 211 2 79 108 31 255 126 177 255 0 228 31 215 0 0 0 98 0 0 0
    237 87 80 93 255 240 179 20 98 131 7 192 253 89 255 0 161 0 75 0 108
    70 255 230 0 114 245 163 0 255 0 167 255 238 157 27 219 61 0 0 37
    255 70 106 37 92 0 255 255 255 255 0 140 120 7 26 0 255 186 255 134
    132 0 255 73 0 106 97 226 209 255 0 0 91 82 213 0 5 173 0 204 58 255
    213 108 55 61 12 0 147 244 14 85 32 148 199 0 0 255 88 0 0 138 255
    66 0 203 235 220 255 255 255 255 175 82 255 255 255 0 31 16 148 152
    255 238 115 89 220 171 229 27 246 255 226 8 149 255 254 255 153 98
    98 16 160 24 0 33 106 244 36 48 125 226 255 206 194 240 142 250 0 12
    0 255 255 147 159 255 0 186 104 236 70 0 0 84 97 241 182 24 4 130 70
    233 132 255 255 255 63 0 188 255 61 0 0 250 255 0 191 39 0 0 30 166
    0 226 181 255 255 147 48 99 255 104 0 225 214 250 0 255 230 255 151
    118 10 62 255 255 10 212 37 0 196 0 16 39 160 160 124 0 255 91 249
    194 0 212 0 255 255 183 255 170 31 212 222 248 17 255 69 0 35 0 255
    218 0 248 62 0 76 255 121 226 188 198 117 0 161 0 43 60 4 19 113 0
    175 255 2 200 12 22 56 99 109 46 255 0 83 0 26 0 82 153 127 58 185
    255 82 61 94 41 34 255 255 0 0 0 232 0 137 0 80 0 144 34 59 21 159 0
    6 255 14 206 219 255 255 0 253 233 25 209 255 76 0 168 232 0 160 0
    37 255 115 154 255 74 240 54 255 67 27 50 4 52 0 50 88 144 15 255 94
    228 110 0 0 108 240 28 137 31 162 134 239 161 0 211 243 0 255 22 54
    14 125 255 127 251 0 125 0 105 54 87 161 119 0 255 83 0 216 255 34
    255 151 255 196 233 255 72 0 183 255 61 114 99 175 0 0 135 255 175
    175 255 255 255 220 76 49 0 205 0 2 197 215 193 50 22 0 191 211 5 79
    197 255 26 13 122 250 255 222 0 50 201 0 132 255 35 0 166 255 151 38
    225 0 52 29 237 69 65 117 188 255 255 0 238 179 40 255 0 255 37 55
    116 167 59 255 5 13 242 160 255 218 29 0 187 0 0 189 186 43 255 82
    255 62 240 66 0 237 140 255 255 127 152 41 143 255 113 85 0 85 0 255
    120 64 122 152 0 229 126 0 255 255 165 0 0 255 0 0 132 255 227 200
    83 255 252 32 0 0 109 206 171 255 255 157 255 0 96 255 0 255 64 75
    97 0 255 104 255 0 227 0 52 30 0 0 201 90 255 255 0 0 255 203 15 49
    122 0 151 0 81 0 255 255 0 32 255 188 0 50 255 23 96 255 35 255 1 74
    255 202 0 255 255 125 38 75 0 255 255 0 4 132 135 0 0 189 255 77 133
    40 232 0 42 248 152 17 148 132 255 80 0 56 218 139 219 16 17 161 0
    203 216 56 214 120 92 199 95 136 255 255 107 121 0 0 198 0 255 127
    114 0 9 235 255 0 161 204 0 255 0 60 118 255 238 248 231 255 77 0
    195 111 13 92 255 192 28 64 0 18 23 91 84 49 255 50 229 0 28 202 192
    44 255 255 255 241 255 255 113 0 71 170 255 255 255 173 255 47 38 99
    229 0 84 68 149 0 146 255 166 101 0 255 0 36 148 244 121 151 116 255
    191 142 150 60 212 144 153 255 178 227 255 6 255 56 0 162 100 255
    255 88 136 137 0 0 0 14 14 0 0 248 255 185 147 76 255 255 135 255
    255 199 0 12 97 63 238 136 83 0 214 0 0 110 121 188 255 32 144 255
    150 100 173 185 7 76 255 255 116 84 250 252 255 0 255 165 151 146 2
    255 0 196 0 18 247 0 125 255 255 16 100 255 179 6 255 100 197 0 162
    224 255 48 81 0 252 156 186 255 0 175 0 255 255 54 107 107 255 42
    122 0 255 255 222 0 107 255 255 0 49 255 0 19 123 101 45 137 130 255
    199 46 204 77 255 255 0 194 223 0 255 198 94 0 210 179 122 191 235
    255 255 228 204 225 49 150 59 0 128 182 8 0 255 150 2 183 255 255 0
    219 81 0 0 0 255 255 15 0 255 255 22 0 152 0 204 255 79 199 39 0 255
    109 104 0 116 81 93 148 40 255 0 122 255 63 210 126 100 81 0 0 112
    61 194 77 0 111 255 0 191 0 240 255 82 0 222 255 92 100 255 19 0 255
    0 84 87 254 255 255 39 32 0 51 240 112 255 91 140 255 255 186 159 0
    255 255 185 0 176 87 255 255 6 26 255 202 37 74 0 0 232 112 76 69 0
    19 60 0 68 0 140 255 59 173 126 255 153 255 255 0 177 0 166 46 0 255
    13 190 174 100 255 0 148 203 0 52 180 0 190 56 67 15 89 93 0 255 0 0
    143 87 13 255 62 255 178 192 18 0 43 255 0 114 0 0 0 255 255 1 151
    187 0 160 127 255 0 168 158 220 255 63 13 50 224 118 234 255 126 188
    142 37 114 164 108 0 125 20 15 144 138 93 247 0 255 109 255 89 255
    255 0 255 101 0 203 0 131 207 255 0 56 0 0 0 167 0 39 112 86 0 95 0
    136 115 255 2 191 255 255 255 242 3 255 114 66 146 255 87 120 0 255
    21 0 10 191 0 46 255 0 108 155 104 224 91 69 26 165 255 44 255 40
    255 202 205 255 0 111 80 88 126 0 125 245 180 231 85 14 255 36 219
    255 94 255 207 255 225 0 255 189 98 0 197 0 255 127 195 225 0 71 251
    255 169 0 255 81 100 164 255 63 232 184 255 193 198 0 0 132 78 89 32
    0 0 0 170 255 196 228 73 222 167 255 60 0 255 83 206 255 255 0 255
    217 81 254 255 255 99 84 255 180 240 119 100 11 108 0 255 66 39 55
    77 227 0 121 164 77 179 0 62 11 70 0 12 6 0 255 255 18 0 92 88 1 201
    67 255 44 54 0 108 255 0 203 0 0 255 137 209 168 58 121 149 78 43
    118 206 239 241 78 255 255 255 255 9 249 0 6 98 38 171 88 217 93 87
    252 255 84 248 255 48 122 216 0 89 169 36 255 255 71 0 23 0 52 228 0
    0 4 0 144 107 24 136 0 0 255 0 249 0 85 255 255 0 15 28 0 104 255 29
    255 76 158 0 210 255 255 159 241 255 126 255 0 3 13 115 0 73 124 255
    162 0 255 174 0 184 23 118 255 98 50 255 88 59 169 208 0 162 20 190
    108 100 150 0 255 0 134 115 213 119 255 253 46 192 0 255 210 203 156
    236 255 123 0 255 165 119 255 0 161 0 131 244 44 0 0 194 6 58 142 0
    64 0 174 16 7 255 0 1 255 255 0 87 255 255 177 205 125 107 155 226
    249 0 149 61 0 155 183 255 255 223 255 227 0 108 0 255 212 0 139 203
    0 0 6 126 255 255 37 255 20 255 66 121 130 6 102 0 144 168 48 214
    182 11 229 65 0 209 19 0 0 99 85 0 112 228 223 241 37 255 234 3 34
    255 255 141 61 88 15 0 211 110 193 171 138 196 246 245 167 40 120 0
    147 217 46 233 253 105 196 78 255 99 197 16 55 70 72 255 113 170 202
    48 0 255 2 243 76 100 8 247 0 185 88 54 0 249 184 242 39 0 0 196 255
    55 255 24 108 167 221 95 177 228 227 234 0 0 7 236 150 0 43 0 195 0
    52 0 181 55 49 215 224 12 108 255 98 69 0 0 192 0 0 239 81 12 0 228
    237 0 65 45 255 0 245 255 0 30 0 163 84 255 130 247 97 74 36 108 0
    255 0 140 2 152 255 92 85 208 122 255 224 0 0 11 215 172 225 138 223
    255 255 0 0 218 74 50 40 255 255 20 238 0 168 15 0 245 0 242 46 255
    39 2 98 0 0 0 0 70 255 69 79 0 80 239 236 228 255 159 175 155 106 10
    160 0 0 0 237 230 56 0 103 163 103 0 0 255 100 245 216 255 174 194
    255 29 255 24 255 0 95 97 45 202 255 255 59 21 171 240 195 37 62 149
    212 72 77 148 205 28 184 3 255 193 0 164 26 140 27 104 0 58 83 43 0
    156 191 32 0 176 58 115 241 255 112 225 0 38 255 14 95 74 52 255 200
    89 190 103 177 255 0 89 170 215 0 163 0 65 255 255 64 25 131 204 255
    255 0 255 128 0 6 6 197 97 255 220 148 255 137 221 115 116 255 172 0
    86 255 0 255 207 217 78 189 20 192 99 0 41 64 148 31 201 0 49 162 35
    114 70 255 255 14 0 28 126 1 0 255 235 82 98 136 115 67 255 146 0 96
    229 58 0 255 0 0 67 231 255 59 100 30 156 191 95 243 192 206 30 48 0
    48 87 255 98 65 0 255 0 255 163 0 101 0 0 65 117 255 66 151 196 199
    43 0 182 255 51 66 0 118 255 255 0 70 107 255 51 12 255 248 0 229
    255 14 96 255 255 157 115 255 171 129 0 105 184 133 22 132 208 219
    150 146 93 173 27 255 0 108 112 0 234 188 191 54 58 93 0 26 255 255
    0 167 158 0 0 0 11 255 235 183 255 127 58 203 24 0 29 255 62 255 59
    0 255 255 177 196 15 177 255 0 231 188 255 241 255 76 93 132 51 107
    175 255 146 0 0 255 70 214 255 90 0 58 0 183 222 255 255 205 255 138
    28 255 255 95 0 0 156 129 0 255 255 255 224 0 40 158 180 0 0 112 143
    0 114 148 238 72 37 93 8 238 208 44 197 0 28 0 229 220 122 94 24 87
    255 198 152 116 163 129 74 0 109 253 252 49 255 185 0 64 0 102 255 0
    0 231 0 108 66 255 255 0 96 175 255 223 2 192 255 55 150 138 0 255
    91 0 6 36 0 255 0 127 0 255 255 255 35 202 75 69 19 15 96 255 0 110
    0 255 176 28 0 196 255 255 0 182 118 243 244 223 255 0 255 67 159 90
    79 255 199 194 0 206 191 0 193 0 228 115 133 255 255 255 165 170 0
    62 187 65 186 179 0 186 238 0 34 255 10 239 0 255 0 92 79 0 157 255
    190 255 241 53 208 255 240 133 0 70 176 0 0 105 205 70 255 133 255
    22 149 226 255 130 0 0 0 255 133 255 93 133 134 104 255 0 0 72 255
    164 171 255 187 255 0 0 73 138 16 208 72 10 160 255 81 129 183 94
    255 255 178 161 15 43 20 0 224 255 0 0 100 148 153 255 59 255 152
    128 255 95 0 126 255 147 207 255 23 100 0 0 68 0 167 152 138 255 0 0
    111 170 152 222 255 221 186 255 98 41 183 243 218 222 255 68 16 0
    223 31 126 107 255 161 0 255 205 56 107 13 249 150 86 23 147 46 0 48
    0 255 255 254 0 255 255 147 159 0 0 250 77 255 102 247 58 197 255 12
    93 196 0 63 179 248 53 255 0 202 0 0 255 137 193 0 0 255 188 0 0 58
    67 111 192 106 255 169 182 255 0 76 0 74 0 26 233 6 96 255 109 161
    255 141 218 65 0 216 138 0 153 255 0 183 0 255 0 157 227 129 222 255
    0 136 202 0 214 255 255 250 255 154 115 74 101 0 165 183 255 255 91
    0 29 170 0 0 167 0 255 147 132 163 152 0 131 209 83 208 255 255 181
    0 132 0 248 168 237 0 232 161 0 0 122 48 255 171 131 255 255 176 197
    255 217 0 118 0 9 213 255 219 255 92 0 135 232 255 255 255 255 181 0
    141 181 170 0 255 207 0 21 179 127 151 152 218 175 94 228 0 41 255
    242 0 0 194 37 0 46 0 0 0 22 68 218 255 87 67 142 66 112 255 255 192
    83 0 81 255 4 100 0 0 77 6 255 255 91 255 222 107 62 225 24 218 182
    90 183 255 255 0 108 0 0 250 170 0 0 222 97 0 255 148 0 60 0 255 114
    95 186 22 255 0 113 209 31 255 13 229 188 0 1 130 0 35 0 0 250 0 116
    137 255 255 255 218 187 129 110 255 255 175 255 95 0 0 138 244 0 27
    93 214 255 0 255 2 0 0 194 0 16 255 73 255 0 36 255 126 57 230 76
    255 184 74 255 250 114 255 255 188 236 0 0 222 77 125 18 146 15 54
    114 170 255 217 0 150 177 4 0 0 200 0 255 68 24 47 0 137 0 94 255
    250 28 236 125 201 202 212 29 186 0 26 34 197 107 0 0 255 61 255 147
    14 0 255 115 255 42 0 32 0 0 164 25 0 85 255 250 243 255 0 198 68
    207 97 189 109 0 255 0 177 46 0 0 230 0 20 91 252 248 0 255 228 255
    13 23 130 98 0 201 32 66 96 30 0 171 170 84 74 150 56 174 2 30 0 48
    125 95 0 0 0 255 219 79 255 251 155 37 252 17 88 0 0 139 255 63 255
    255 110 0 196 131 255 33 0 0 164 232 255 255 56 43 146 169 7 3 183
    255 240 255 26 63 0 160 100 108 90 17 255 0 66 157 255 138 56 97 34
    255 244 0 255 12 64 196 255 105 0 0 154 3 202 0 255 225 0 255 79 144
    255 255 34 58 144 255 0 85 255 73 255 0 172 91 0 52 255 108 233 31 0
    0 90 88 228 108 71 174 0 144 255 158 8 107 255 151 255 101 255 96
    157 70 203 62 88 242 52 62 0 0 85 235 163 29 0 255 0 112 93 154 141
    51 0 85 62 11 0 150 143 53 76 148 0 0 211 139 181 101 255 75 112 0
    201 0 125 0 196 15 0 0 182 201 161 255 255 255 101 19 0 251 0 16 163
    90 0 2 79 233 11 0 41 132 200 108 14 227 222 126 255 0 205 51 255
    126 0 255 22 93 255 167 218 0 29 0 0 253 133 144 103 120 22 151 189
    206 233 133 148 255 0 71 0 1 136 167 255 183 117 255 0 255 255 167
    220 187 130 96 227 249 13 121 255 226 255 52 57 209 255 255 255 0 37
    0 205 7 113 47 134 255 241 203 35 0 246 255 76 216 126 255 195 218
    220 19 0 0 147 0 135 247 32 230 204 192 255 239 34 80 165 225 136 0
    252 246 128 19 197 113 255 255 33 60 126 255 176 255 0 117 100 0 140
    132 0 255 189 63 53 80 255 160 126 135 255 80 254 139 169 83 226 223
    204 0 255 224 0 119 15 111 76 36 233 112 255 255 158 255 255 113 0
    239 0 0 0 73 88 0 114 255 10 255 3 255 126 11 0 0 64 127 221 135 77
    166 0 255 0 255 99 157 255 0 255 255 173 209 23 0 0 255 255 154 236
    252 0 255 255 0 4 195 224 14 0 183 171 0 230 0 156 174 60 255 147
    254 194 77 0 0 60 0 81 138 27 255 84 121 0 110 201 0 123 255 209 38
    66 135 185 198 138 31 255 255 179 236 131 146 75 127 0 9 255 255 67
    0 0 54 0 255 255 34 255 112 100 218 255 54 55 175 0 23 255 0 220 32
    5 62 0 216 3 255 44 255 69 0 254 17 217 157 206 0 255 94 219 218 255
    0 0 253 48 129 176 255 255 0 255 216 89 0 100 115 0 120 255 173 0 0
    218 209 0 255 34 137 248 190 175 13 186 207 174 122 127 172 255 228
    255 120 227 52 27 181 255 0 155 255 23 206 0 51 255 13 255 154 239
    220 255 255 168 3 255 105 0 34 0 225 141 0 255 13 255 242 109 228
    100 184 5 127 65 0 167 122 0 0 85 18 0 30 255 203 165 0 255 0 16 255
    17 255 26 34 228 169 255 255 254 204 101 255 201 0 59 0 17 67 205
    117 61 2 148 97 211 0 154 120 255 0 31 0 255 255 0 232 0 254 116 0
    231 61 46 249 114 0 153 255 216 59 140 136 20 38 126 0 87 123 249
    255 53 255 255 0 74 126 25 185 85 255 88 34 255 0 255 67 219 34 255
    173 141 0 108 67 0 255 249 42 174 11 240 96 0 0 245 99 0 90 248 217
    233 0 13 71 255 255 159 30 241 245 178 255 129 52 77 88 151 255 146
    255 15 0 255 0 141 82 214 0 255 120 0 114 0 0 255 91 255 0 57 223
    141 241 201 0 196 0 195 5 132 100 224 0 255 255 177 147 109 255 144
    90 70 240 212 255 41 189 100 56 0 0 0 255 255 255 225 55 212 0 0 199
    0 45 18 79 255 15 172 203 255 203 255 0 152 60 220 255 113 0 31 255
    0 255 118 19 0 0 149 0 243 64 133 87 255 255 0 255 40 124 133 241
    205 180 26 53 91 16 255 8 166 255 255 0 255 185 167 0 112 5 234 187
    174 231 35 0 0 188 146 255 0 0 255 82 168 0 196 255 171 182 87 0 79
    171 0 218 245 134 221 255 208 249 255 125 17 127 27 2 255 186 0 183
    0 0 0 142 56 73 220 65 255 0 248 255 255 0 32 231 0 152 113 0 12 255
    0 137 0 152 68 255 255 255 185 255 255 255 247 162 234 255 255 0 255
    106 112 255 9 38 163 0 0 255 3 0 0 209 189 186 0 255 251 73 255 0 41
    166 245 190 168 255 38 102 116 253 210 160 184 0 194 0 130 237 0 105
    35 23 141 178 141 0 255 255 76 255 153 255 255 0 130 255 253 150 5
    67 255 61 0 209 50 0 235 158 148 166 29 114 143 108 38 193 151 24
    205 255 13 161 26 38 52 243 255 0 0 126 0 0 18 0 18 208 182 251 224
    255 255 169 218 208 255 0 0 0 42 187 255 0 0 91 255 255 184 86 120 0
    255 177 91 255 255 245 251 169 0 137 93 94 255 0 255 126 255 0 255
    52 0 255 255 22 207 255 255 113 77 234 253 255 255 87 255 209 255
    255 6 48 26 255 34 255 131 131 0 13 3 123 220 0 183 37 99 119 201
    255 193 140 0 255 0 77 255 80 148 255 255 0 0 0 31 221 135 253 26
    255 0 182 145 95 26 153 255 252 0 251 255 70 34 181 255 62 56 144 68
    0 225 255 14 80 20 94 245 255 213 12 133 255 0 41 255 32 170 153 85
    53 141 168 201 229 255 169 173 81 26 116 12 0 148 219 123 255 132 13
    255 0 255 0 47 255 231 255 89 255 60 37 0 0 43 125 205 0 0 17 255 0
    117 0 36 101 121 131 249 0 0 255 243 178 0 56 53 0 255 186 192 186 0
    213 142 140 204 255 255 255 28 74 0 0 0 31 68 0 255 41 138 96 204 0
    56 0 123 15 129 12 194 171 0 0 61 123 114 9 0 127 255 109 94 247 236
    57 25 186 255 42 73 143 130 90 0 255 0 17 0 0 255 96 152 151 115 255
    213 47 30 255 0 0 89 201 68 189 91 132 244 183 197 255 0 191 191 100
    0 30 255 98 255 173 255 222 161 0 186 106 44 30 0 108 255 138 255 60
    63 255 22 176 2 0 0 36 196 255 42 0 239 222 255 232 0 148 29 206 255
    36 23 255 96 67 151 255 118 48 74 0 56 44 255 88 42 67 152 255 0 252
    145 0 75 53 255 19 0 131 229 255 131 255 5 255 9 231 224 113 98 70
    208 246 211 255 252 255 255 23 0 210 251 88 61 255 219 231 76 255 26
    1 169 216 0 66 214 31 224 0 0 233 255 84 255 147 255 107 141 209 0
    196 255 0 93 107 61 214 178 0 81 182 255 137 255 255 115 89 255 0
    255 193 97 255 115 214 249 253 94 120 235 118 99 255 255 253 255 174
    198 140 166 255 0 128 0 0 231 241 0 0 0 90 28 0 196 2 58 0 0 131 18
    70 0 44 255 255 209 255 148 47 255 0 148 255 28 75 195 0 174 19 91
    27 145 0 255 151 163 222 255 255 255 207 255 253 8 67 0 91 0 152 255
    198 210 2 136 111 207 186 29 180 0 165 0 57 117 0 164 98 215 16 255
    255 104 182 119 2 20 255 161 0 255 255 252 84 249 0 27 234 0 110 107
    0 0 157 255 205 255 155 200 251 0 39 0 255 0 173 214 146 242 255 114
    144 255 175 187 51 242 0 154 184 255 107 214 255 254 22 164 255 170
    32 73 255 46 144 197 55 71 0 255 221 0 255 255 82 0 177 249 0 221
    172 255 255 85 187 118 154 7 255 255 45 0 209 162 255 124 196 255
    230 214 132 112 0 253 0 255 5 47 193 70 207 125 255 109 89 97 105
    173 149 0 187 14 181 37 37 255 193 67 0 198 13 31 248 255 1 139 3
    124 207 31 255 216 0 255 0 0 31 194 206 135 255 255 255 0 255 0 103
    241 229 255 0 0 255 38 53 255 0 0 221 136 73 203 49 23 0 76 255 9
    225 151 0 255 0 66 111 196 72 0 185 203 26 0 12 11 0 255 202 109 101
    65 130 255 0 0 255 0 9 238 95 16 255 0 0 236 90 107 255 218 134 234
    255 122 255 136 0 255 251 105 255 0 0 63 0 0 255 0 255 210 0 0 0 0
    255 0 255 255 0 120 0 85 0 0 255 24 176 0 216 98 0 219 255 255 255
    51 255 198 150 186 255 0 0 154 255 142 0 64 88 40 79 99 104 0 173
    255 255 255 162 62 0 164 0 87 3 0 136 0 255 242 168 76 87 63 0 188 0
    255 0 64 0 255 113 0 50 40 130 0 228 173 209 155 78 182 148 108 255
    32 76 185 202 0 255 226 0 255 149 148 159 216 215 77 144 0 0 62 228
    249 172 215 255 65 225 34 116 27 255 255 89 55 255 191 49 255 249 0
    255 254 81 4 107 218 231 234 51 0 0 255 51 81 248 255 85 76 1 255 82
    0 0 255 156 220 136 85 255 225 64 255 255 255 24 255 255 0 125 13 22
    128 110 255 119 255 24 0 255 157 3 13 138 255 0 200 119 0 4 193 0 21
    0 80 28 0 148 255 0 84 0 0 215 0 129 69 199 46 187 116 98 0 95 135
    221 182 189 205 203 228 142 6 255 0 0 255 255 210 255 255 148 207 0
    57 0 192 50 151 47 82 78 54 220 255 94 54 52 185 255 149 8 0 255 168
    255 120 0 255 255 0 130 255 0 178 255 0 51 5 115 4 0 250 153 23 255
    17 222 197 255 33 203 255 100 240 72 255 255 0 32 255 195 0 255 0 0
    222 163 255 163 0 255 236 178 255 52 36 71 255 185 202 255 255 148
    129 46 53 255 193 0 255 0 219 255 255 157 0 198 38 0 73 235 150 255
    2 255 255 173 255 97 96 93 104 35 255 36 221 255 0 211 16 0 119 249
    174 0 33 255 245 0 255 178 117 184 20 0 0 204 0 0 221 124 82 255 77
    185 93 0 255 144 0 0 191 156 0 252 0 90 255 0 255 64 26 21 241 127
    255 0 0 88 221 0 231 0 254 255 87 0 120 0 224 0 248 149 120 228 205
    78 0 108 82 72 0 0 174 0 64 144 0 163 217 121 133 31 77 60 67 124
    235 102 255 13 200 134 214 67 0 0 168 55 2 92 153 106 157 0 109 15 0
    0 255 128 220 254 111 0 255 212 46 150 103 255 0 5 199 255 0 70 190
    0 0 178 175 74 0 246 167 36 255 255 202 89 118 71 251 103 0 0 0 224
    154 223 255 255 53 239 255 248 150 0 72 255 0 0 157 255 255 55 255
    51 245 111 61 0 132 112 255 150 61 53 34 57 50 0 19 255 255 138 94
    255 152 0 142 6 212 165 42 214 0 255 191 103 96 0 0 139 0 63 21 27
    255 33 255 216 162 0 207 0 255 85 0 11 217 197 236 116 255 116 255
    236 187 82 82 211 42 230 116 55 194 53 0 148 13 0 21 255 0 0 0 255
    255 163 237 255 129 58 121 112 185 0 69 150 189 255 113 87 159 174
    35 91 239 0 253 0 11 75 108 0 53 99 31 0 0 63 163 51 71 6 104 255
    255 255 98 0 9 255 255 255 231 192 255 0 55 172 255 115 61 255 243
    199 139 0 22 255 157 228 30 148 255 114 0 243 0 82 0 236 106 204 255
    7 176 106 0 54 17 75 255 187 124 56 0 139 127 0 94 255 20 224 66 61
    253 0 255 23 211 0 113 0 255 255 0 255 168 237 208 0 0 0 167 0 25 29
    61 177 255 168 255 212 196 255 223 113 45 0 255 212 240 247 0 255 0
    5 135 94 11 0 179 255 147 108 45 255 196 0 65 123 240 174 0 255 95
    114 34 149 169 255 34 191 174 255 42 163 255 255 0 0 255 12 129 18
    57 0 151 165 255 53 0 244 177 0 243 0 201 107 223 0 0 68 83 91 255
    255 164 102 57 120 226 206 75 0 255 0 0 255 0 0 255 0 107 188 63 104
    98 106 255 98 220 131 255 93 109 255 0 255 64 0 190 9 0 0 134 195
    141 255 6 212 86 93 0 84 0 120 255 93 210 77 252 0 255 199 0 139 176
    142 255 0 222 255 160 0 105 0 177 237 37 255 93 255 0 168 130 0 111
    0 255 175 255 206 13 0 99 255 178 255 255 74 245 128 255 255 0 39 0
    75 0 255 83 0 186 16 98 228 0 66 227 97 135 82 255 246 0 170 174 38
    125 0 21 71 255 255 255 255 127 225 73 1 0 19 255 210 28 0 217 239
    202 145 34 120 52 248 194 178 255 43 152 73 13 255 124 140 106 255
    255 0 2 247 59 255 77 184 255 255 0 255 255 0 255 170 0 0 0 251 255
    1 100 14 255 1 0 255 172 0 216 99 0 255 151 96 255 14 162 18 0 255
    171 233 0 0 174 201 243 144 196 255 215 89 255 0 88 0 16 232 19 75
    18 200 255 128 193 170 134 245 69 0 0 37 225 0 160 175 0 229 238 255
    38 0 16 0 212 61 136 255 0 165 0 255 0 184 187 166 232 34 129 209
    247 98 61 166 255 90 255 50 255 231 0 209 134 209 0 255 169 255 0
    255 206 20 114 0 0 0 162 0 114 0 151 122 0 255 0 226 255 94 57 255
    95 255 255 70 0 0 0 255 240 2 109 130 255 91 219 20 0 65 101 255 40
    255 43 209 185 255 42 106 59 132 126 255 131 35 255 143 102 255 203
    187 54 255 16 212 255 228 0 115 17 156 10 45 255 118 0 0 0 63 255 56
    137 49 92 255 0 255 0 41 97 144 167 23 108 255 198 7 224 243 0 0 255
    152 0 18 24 16 255 255 144 0 175 255 69 0 255 255 116 255 0 255 18
    237 233 0 254 80 67 255 0 0 65 163 100 255 176 0 109 144 54 0 25 255
    255 0 196 168 106 12 255 24 140 161 14 249 252 14 147 203 167 255 0
    27 136 56 1 172 15 0 255 30 78 255 28 185 250 255 179 106 101 0 0
    141 0 223 60 227 132 141 0 166 197 183 198 255 142 73 96 118 48 0
    114 0 169 131 0 168 214 0 255 30 255 255 61 69 88 47 120 161 255 244
    11 50 255 35 0 0 158 0 116 255 62 0 169 24 255 255 255 18 251 45 0
    231 255 95 2 33 74 0 137 0 89 38 0 242 0 255 114 0 235 255 232 255
    44 0 134 118 214 86 0 105 201 127 220 199 6 55 90 187 210 242 0 0
    221 84 8 253 0 69 255 0 255 13 63 255 137 131 222 188 246 175 172
    255 150 0 233 41 59 29 50 0 174 0 78 223 255 112 98 255 52 109 87
    255 21 253 218 143 255 67 151 58 45 91 166 0 0 255 59 255 161 202
    234 160 0 31 7 255 0 47 234 0 0 86 255 6 252 251 143 60 197 0 145
    255 0 0 33 0 139 108 83 176 181 206 7 131 96 0 99 86 255 206 255 233
    71 73 27 173 0 0 229 51 186 151 148 192 0 213 138 134 15 254 192 182
    0 128 211 134 89 255 171 0 255 255 96 0 0 139 228 255 214 218 34 80
    130 85 66 0 105 175 255 107 162 139 101 255 75 234 0 0 116 255 255 0
    33 255 168 255 255 45 249 187 0 255 156 255 34 50 255 105 0 252 255
    255 255 30 255 230 0 69 255 116 110 255 16 250 0 0 0 255 255 224 94
    255 0 189 255 206 255 240 182 168 111 33 5 255 144 255 75 95 170 255
    121 188 144 143 97 70 144 4 220 255 103 189 206 0 215 97 240 32 94
    207 111 67 86 0 0 80 30 36 0 0 138 75 220 154 31 255 142 118 102 14
    227 255 212 0 231 254 108 126 230 169 0 255 0 137 96 0 0 77 0 16 0
    214 0 5 237 0 213 255 0 0 228 36 255 0 47 0 201 85 170 191 169 0 51
    0 187 255 0 66 0 84 115 18 0 245 76 47 43 255 146 255 162 153 134 0
    255 13 16 86 118 113 235 249 0 18 134 255 22 0 69 52 255 122 0 133
    37 84 255 89 227 0 134 255 59 83 36 255 202 38 255 200 14 243 255
    178 210 165 252 189 182 71 255 85 171 255 9 242 255 92 255 102 255 0
    104 221 21 185 255 136 223 97 255 183 255 79 0 188 160 255 214 140
    255 0 0 246 84 239 255 27 55 255 255 15 11 236 211 212 51 255 222
    239 15 58 104 255 0 223 146 0 27 54 138 47 173 193 33 255 188 81 87
    0 153 195 255 68 152 65 220 133 118 5 0 58 255 10 202 224 62 232 250
    201 211 255 199 150 51 0 88 75 84 104 175 116 255 243 127 0 32 230
    249 0 77 100 0 33 2 47 204 255 213 211 154 103 194 106 234 203 0 104
    239 22 208 234 0 211 255 255 0 125 31 97 150 0 28 248 201 118 0 0
    163 0 116 0 100 193 49 70 0 143 0 0 255 255 241 113 220 255 127 111
    34 0 255 211 255 0 98 91 140 217 211 179 0 194 160 126 0 0 108 4 20
    96 2 0 59 255 145 0 146 7 60 0 0 34 217 141 0 255 255 81 32 0 202
    215 0 162 255 0 255 0 243 0 0 175 90 49 22 134 84 0 255 0 149 234 0
    0 38 0 0 255 208 179 193 66 255 22 189 255 0 185 102 50 201 222 255
    160 179 33 0 255 12 22 255 255 164 229 19 12 108 99 255 255 249 41
    255 255 255 255 229 0 222 145 0 0 3 0 33 205 252 255 0 128 130 0 211
    7 255 255 15 167 167 255 210 220 204 255 228 182 30 194 0 91 255 166
    196 9 67 159 0 224 0 79 255 0 0 255 197 171 255 34 110 236 200 147
    205 0 255 107 37 255 0 1 116 126 75 0 214 232 12 255 0 0 16 153 26
    255 19 215 102 215 131 255 196 70 31 126 211 81 255 190 0 242 152
    255 67 97 0 173 255 253 210 255 0 39 82 0 0 48 89 255 90 255 0 0 0 5
    207 104 66 0 187 255 104 255 255 255 171 130 218 140 201 0 0 133 233
    121 152 255 198 166 0 167 255 56 255 86 0 44 255 90 0 108 208 241 48
    111 255 255 59 255 0 236 15 103 0 53 183 255 56 130 255 117 144 208
    255 249 155 255 42 255 165 94 134 146 189 0 0 255 242 34 0 0 47 0
    220 204 13 255 0 255 231 29 42 255 122 19 29 146 7 25 255 217 245
    238 255 0 81 131 255 37 216 255 0 72 11 140 255 0 255 255 85 128 255
    25 26 255 82 132 212 255 0 148 0 255 123 46 33 82 0 23 0 209 0 0 38
    186 0 220 48 0 0 226 50 153 151 0 0 224 34 105 164 205 255 182 123
    255 137 22 146 215 255 0 147 39 11 54 154 16 58 9 255 27 0 255 174
    194 28 54 52 125 77 54 172 88 50 11 27 19 255 0 255 37 174 255 53
    200 189 23 35 83 216 218 107 65 181 181 226 77 153 176 0 255 255 62
    41 102 119 170 120 168 236 215 0 225 107 208 0 255 93 234 255 255 63
    255 48 99 255 168 161 115 203 49 100 22 242 116 230 104 80 0 0 255
    255 55 255 255 200 31 101 132 255 29 0 170 0 255 202 60 45 210 104
    218 10 236 182 68 46 255 121 233 181 166 119 243 160 255 22 182 233
    0 137 255 238 0 0 0 218 202 193 176 42 255 62 21 148 0 78 255 0 255
    83 0 82 255 255 218 74 255 190 7 178 219 62 83 255 142 0 255 254 225
    215 255 0 0 255 0 29 79 173 247 0 26 235 30 246 44 255 120 255 87 0
    237 0 0 63 209 255 255 250 196 7 184 191 218 122 0 255 254 255 193
    176 44 0 201 226 47 143 0 255 167 0 52 72 124 83 183 34 43 0 241 0
    74 148 255 187 247 255 136 50 49 198 255 114 213 255 207 0 157 72
    255 0 248 135 255 0 0 166 172 255 7 0 0 233 233 134 0 217 115 53 255
    0 255 255 3 139 75 255 9 255 105 123 0 255 114 141 31 50 255 255 129
    104 81 255 206 58 0 51 0 255 38 78 197 203 255 255 100 255 236 162 0
    255 100 180 255 238 20 82 173 203 240 0 94 110 57 116 88 255 82 0
    252 210 135 0 255 255 238 209 255 107 0 254 134 0 0 15 56 171 222
    144 255 104 6 0 39 0 182 255 196 26 0 255 33 255 42 0 223 255 3 178
    0 154 0 32 251 149 134 230 248 200 36 14 189 105 255 231 26 0 123 0
    0 30 0 111 241 217 242 135 255 255 249 244 255 58 0 16 213 255 255
    205 0 40 0 255 16 255 198 255 169 79 40 112 26 14 56 57 233 0 255
    101 31 237 62 255 138 21 255 255 0 255 61 112 242 224 255 61 141 205
    0 244 126 0 30 25 107 35 118 255 234 255 155 199 0 184 59 123 35 166
    185 128 188 206 253 74 135 182 0 35 35 77 0 34 79 190 108 109 243 0
    75 80 133 0 0 0 62 0 198 11 120 4 255 0 230 53 83 255 0 0 63 0 201 0
    255 83 25 36 165 49 0 126 156 247 0 255 114 248 184 136 237 125 255
    49 156 243 83 255 255 255 0 255 255 73 0 219 255 255 124 255 70 217
    255 254 255 255 0 255 255 0 225 192 240 130 87 0 255 106 255 162 177
    0 255 164 61 255 255 139 120 174 14 255 113 72 255 204 125 0 255 241
    81 0 255 108 0 255 255 206 121 255 0 66 244 51 50 0 255 0 163 132
    255 255 219 204 20 0 134 0 200 255 255 8 255 150 255 0 155 0 150 0 5
    0 224 239 81 225 223 116 201 185 34 255 0 209 143 255 143 110 208 87
    0 179 31 102 221 87 12 0 255 222 255 162 255 255 139 66 141 150 120
    255 28 148 62 133 102 67 238 196 0 0 61 177 0 179 154 255 108 222
    187 255 255 135 74 178 42 0 161 255 140 112 61 38 80 157 255 255 0
    124 131 220 89 255 0 0 0 150 62 255 149 87 28 0 152 11 159 57 66 255
    179 176 47 255 255 255 255 123 255 238 0 252 0 233 251 117 255 255 0
    126 255 87 0 255 23 12 11 89 0 255 152 255 0 206 125 188 250 0 81
    255 55 254 130 255 255 0 148 234 67 140 184 0 243 255 189 249 160
    255 255 155 0 46 0 32 202 182 6 0 142 255 0 100 118 255 156 255 183
    123 6 255 255 0 141 38 0 2 17 38 255 201 255 192 156 255 140 255 255
    0 255 29 92 0 186 164 64 255 255 0 255 255 0 0 254 52 22 60 108 255
    0 57 255 0 220 157 0 172 5 239 0 255 97 213 45 0 30 255 108 96 115
    225 0 255 4 233 255 112 25 255 173 0 160 255 7 52 220 145 255 205
    152 148 177 255 16 207 146 255 255 172 255 25 0 168 0 0 23 255 236
    255 248 19 242 98 0 255 229 17 0 255 0 0 0 192 30 140 255 118 0 84
    19 175 255 166 48 255 0 237 208 183 122 96 223 250 255 0 255 204 156
    241 135 161 116 126 65 173 255 81 0 255 0 25 226 0 255 135 167 0 199
    170 0 255 255 10 136 163 0 184 210 0 0 255 0 13 239 0 231 255 255 0
    162 0 29 0 135 212 165 255 160 255 228 0 3 0 0 0 250 150 248 210 251
    27 255 0 0 69 255 255 0 119 24 128 109 226 98 0 255 224 255 0 22 255
    163 255 149 86 135 115 0 0 149 134 255 143 221 45 134 255 255 42 73
    0 0 119 42 6 17 153 0 112 82 234 157 0 86 255 238 174 250 163 72 2
    40 26 13 0 42 107 198 0 255 138 17 0 118 255 0 255 255 70 255 44 94
    0 176 0 0 0 255 2 148 0 36 0 207 0 0 255 115 224 224 159 185 255 0 0
    136 254 255 255 59 223 197 255 30 213 255 215 21 0 255 230 255 0 51
    5 0 190 0 15 11 0 140 93 255 245 254 123 182 196 52 168 185 52 122
    255 95 46 255 96 153 255 252 60 255 17 31 64 240 0 255 238 106 255 0
    0 135 244 0 106 252 215 51 28 60 149 201 222 247 53 126 0 242 148
    245 44 44 255 140 0 255 215 209 168 0 76 0 255 255 173 96 255 255
    231 128 0 247 209 255 147 255 0 195 14 215 238 212 214 54 171 0 184
    242 52 175 255 0 124 203 246 255 255 0 0 126 8 0 255 99 155 250 255
    142 255 0 165 255 255 206 136 0 32 193 129 0 113 0 53 255 0 255 86 0
    0 255 125 39 255 255 55 182 172 0 94 10 179 162 81 0 122 0 191 111
    255 91 111 0 99 17 0 0 172 255 0 79 43 203 103 0 113 165 85 180 193
    17 80 97 0 255 0 133 236 0 0 47 255 217 140 179 78 0 255 136 234 229
    255 255 163 30 255 255 76 0 0 255 129 255 255 0 7 188 255 255 255
    153 255 196 255 0 51 255 117 241 0 64 36 0 47 126 42 198 255 65 132
    69 255 26 16 254 0 212 230 0 255 34 192 137 0 84 126 13 0 194 188
    255 15 164 189 97 164 154 148 0 250 187 80 0 44 84 212 32 0 113 0 0
    255 146 241 255 75 94 165 0 0 45 255 227 0 255 173 0 115 0 140 111
    255 0 29 0 56 0 41 0 28 255 255 209 187 255 33 190 255 255 255 242
    53 0 255 0 99 255 147 167 97 200 77 19 249 121 255 56 155 97 0 235
    242 219 174 255 213 0 162 44 107 102 193 0 255 86 0 249 138 18 255
    255 60 78 224 6 240 255 10 222 74 183 255 6 88 255 28 249 138 158
    166 255 82 158 56 51 0 241 0 0 0 0 44 207 0 0 152 153 235 118 99 255
    15 126 0 194 0 31 255 78 34 32 255 255 243 255 246 255 255 225 191
    90 179 192 0 113 151 0 144 163 41 93 130 173 0 108 152 155 243 203
    33 0 142 0 0 7 255 255 23 255 215 255 162 0 222 255 128 175 195 0
    234 0 62 28 0 0 154 4 57 0 33 188 133 228 0 17 0 255 0 152 255 90 0
    132 218 0 0 0 255 0 255 255 8 170 89 64 20 83 255 197 255 1 0 0 250
    0 118 0 121 255 255 194 0 255 72 234 103 227 166 211 174 143 129 255
    0 255 168 0 113 127 0 27 126 171 80 0 90 221 0 100 61 255 126 214
    217 255 255 255 170 109 235 0 169 142 21 103 0 57 255 57 170 184 170
    9 58 255 0 250 102 255 255 212 20 13 148 221 24 255 0 247 197 255 17
    218 59 0 88 102 255 0 0 205 194 255 149 27 41 51 224 255 66 110 218
    242 185 0 255 0 81 8 137 72 0 0 236 192 133 125 47 30 82 255 208 32
    138 144 0 99 206 230 0 255 0 255 59 0 92 255 7 251 132 120 74 152
    255 0 200 68 0 0 105 124 0 96 255 232 0 46 126 255 255 0 183 196 130
    228 97 255 216 71 138 10 0 0 255 190 220 255 45 162 191 0 100 0 255
    0 5 33 63 45 204 241 161 70 28 255 164 0 0 0 146 255 255 0 73 37 152
    143 48 10 227 255 255 240 77 32 194 8 152 0 151 204 71 255 255 161
    199 255 221 0 116 45 86 0 110 255 126 188 129 0 255 85 10 92 0 92 99
    148 112 0 174 0 255 163 54 156 82 162 87 97 255 255 255 171 92 255 0
    182 13 0 131 255 191 39 114 0 167 0 11 0 169 115 255 213 255 129 151
    255 42 142 0 83 255 0 0 255 0 228 33 252 172 111 0 227 93 99 190 246
    108 255 21 231 0 77 123 97 99 255 106 144 189 212 0 24 0 212 91 199
    134 187 255 248 37 255 51 0 169 5 0 0 83 0 150 255 240 44 85 53 115
    120 60 134 228 111 179 186 0 220 0 54 151 0 7 0 60 167 13 0 143 255
    54 166 49 166 95 255 209 0 27 255 0 168 93 0 199 167 255 149 255 0
    152 227 161 0 255 103 165 152 255 7 0 35 245 189 21 217 235 169 19
    255 0 0 250 163 251 26 49 158 255 255 222 237 0 79 255 226 255 150
    255 255 0 236 143 78 0 18 85 108 0 255 60 122 246 255 205 168 98 0 0
    255 97 0 0 46 96 111 219 0 255 59 0 164 255 0 0 0 230 255 166 255
    255 182 211 125 21 15 57 255 114 133 86 54 43 120 106 98 8 226 0 79
    60 214 255 255 52 235 82 204 29 213 10 0 0 59 67 77 0 88 138 233 168
    255 255 53 0 0 250 82 84 0 0 94 176 255 0 62 0 255 35 255 254 184
    211 156 255 166 0 255 255 255 63 42 33 96 70 42 43 255 0 117 255 255
    176 128 255 8 14 129 0 185 0 93 255 246 0 214 210 164 255 123 140 0
    0 255 0 130 152 192 255 255 170 7 255 255 41 39 172 0 32 126 67 150
    137 1 255 210 236 5 209 0 98 28 40 89 255 184 196 200 243 137 47 170
    20 0 255 128 62 0 0 91 0 87 255 249 72 197 0 255 255 206 189 133 99
    167 233 255 95 255 14 0 40 0 255 0 0 0 255 236 138 255 184 120 180
    48 255 223 0 255 255 255 109 204 255 0 133 60 0 255 255 255 220 18 8
    253 0 46 0 76 157 120 255 41 0 255 142 157 255 0 222 87 67 255 0 255
    105 59 0 156 255 255 0 196 15 147 255 191 177 18 78 156 130 0 104 77
    255 0 169 220 255 253 255 124 150 64 120 147 255 192 255 249 252 101
    0 0 255 181 0 0 36 45 122 255 76 0 137 179 61 0 0 4 211 0 186 0 236
    0 234 255 255 15 0 183 4 255 255 98 207 43 104 255 0 0 151 0 122 117
    27 102 246 79 40 255 0 145 122 0 0 158 124 57 44 255 0 249 11 0 126
    163 51 251 48 66 63 86 255 82 1 255 230 255 105 212 243 226 255 65
    145 255 255 0 41 95 11 221 67 120 0 110 18 88 255 0 78 255 87 0 1 57
    255 3 243 16 30 0 0 255 21 0 255 0 0 255 0 237 245 0 159 43 0 55 255
    0 130 255 255 255 148 232 255 255 154 255 109 114 238 255 0 0 223
    255 184 223 247 255 34 124 0 0 0 126 0 102 0 255 78 72 146 255 255
    178 214 0 255 98 115 165 252 106 231 58 211 255 0 0 255 21 0 178 105
    0 0 0 108 207 85 0 99 0 0 255 0 163 255 255 255 0 131 0 255 168 0 35
    143 0 5 0 188 255 0 13 210 0 83 255 0 0 255 0 60 200 194 31 0 191 33
    32 255 226 255 159 255 210 0 74 83 255 0 0 64 0 16 14 180 255 255
    231 89 0 11 73 0 0 255 0 165 0 0 127 8 24 129 88 149 255 40 64 47 0
    130 67 166 0 43 254 0 255 0 0 89 151 33 184 55 72 255 109 37 73 178
    0 201 0 188 190 214 40 129 50 255 255 67 255 199 0 138 237 108 7 49
    191 0 255 10 14 2 231 255 0 0 255 0 78 119 224 232 97 139 15 163 255
    196 173 32 255 12 232 127 248 255 84 255 255 17 0 255 160 255 222
    209 138 182 208 0 248 148 246 239 255 176 0 0 255 53 173 160 74 154
    0 155 0 255 100 167 0 79 255 255 149 170 0 255 0 207 0 249 34 49 87
    155 50 92 57 15 83 230 202 73 0 72 123 251 255 97 120 188 160 128 99
    0 233 0 0 255 116 255 244 255 156 255 156 0 0 118 208 255 0 236 255
    0 255 135 255 137 13 105 0 0 187 253 208 243 76 228 114 85 3 66 216
    0 181 237 117 232 184 175 129 130 112 0 175 22 242 132 78 0 51 0 155
    0 100 0 254 160 65 0 221 0 226 213 255 255 9 215 230 204 189 19 0 28
    205 0 20 0 87 255 0 34 237 0 106 149 253 0 86 36 217 0 255 96 0 23
    255 198 236 148 132 255 0 139 110 76 11 255 17 0 84 0 8 105 165 0 63
    53 100 0 0 0 255 0 255 56 0 0 134 128 255 87 255 5 108 255 147 96
    255 75 255 138 117 235 217 255 124 255 255 249 209 72 0 60 185 0 62
    0 255 255 157 92 244 255 133 255 27 255 209 0 0 48 0 226 255 63 92
    163 154 168 63 0 67 105 81 0 75 244 30 210 4 67 0 7 165 0 212 247 0
    240 203 255 67 216 204 255 255 9 23 0 151 64 0 0 151 127 0 92 234 12
    247 0 188 0 0 255 10 110 116 41 122 255 58 157 255 170 255 0 101 0
    208 219 255 0 79 231 91 0 255 178 250 0 50 172 69 146 84 0 255 229
    72 169 170 255 229 63 73 0 0 98 255 56 234 254 6 255 255 255 235 102
    255 34 138 207 155 255 26 201 195 214 255 255 59 176 87 0 231 169
    157 255 55 0 0 0 226 31 60 197 223 154 0 0 142 104 0 15 255 209 255
    74 210 0 0 0 0 10 126 115 0 88 0 255 169 0 70 51 230 162 0 255 8 255
    91 255 25 255 33 255 0 0 166 26 0 255 110 172 139 255 255 0 255 252
    255 63 0 26 114 94 0 255 12 172 255 133 0 255 0 255 247 9 67 0 255
    255 220 248 39 255 176 9 38 234 122 21 255 0 247 0 0 0 255 0 85 2
    255 0 115 255 54 198 127 159 246 0 8 255 255 110 141 255 2 90 84 0
    146 209 51 37 63 255 0 229 169 17 255 153 28 5 124 72 127 255 255
    244 0 0 147 255 62 147 232 0 111 9 63 151 0 5 255 93 0 10 249 0 59
    13 4 52 73 199 24 204 201 206 255 255 162 12 255 255 9 148 50 0 255
    0 41 50 0 249 50 252 107 68 245 94 0 255 242 130 0 255 154 145 168
    208 54 234 64 95 196 156 0 32 0 54 0 71 199 0 0 195 54 255 0 255 74
    126 47 0 32 105 0 221 255 0 4 97 150 141 196 154 255 72 184 177 210
    0 255 0 216 207 204 255 37 1 223 177 39 212 0 0 109 0 219 255 254
    255 50 58 85 233 255 255 255 243 224 241 185 116 232 251 21 255 85
    67 93 194 255 42 29 231 32 255 141 255 0 239 62 232 112 207 67 184
    105 243 0 97 199 59 78 111 255 251 136 6 16 26 255 16 0 255 0 255 76
    0 210 21 255 172 229 255 0 194 60 0 0 33 255 0 255 18 68 0 255 255
    78 255 42 255 0 0 252 238 255 255 255 223 0 66 0 80 255 255 255 255
    64 207 97 0 242 234 255 147 147 142 0 0 153 255 209 104 176 255 255
    255 255 243 230 0 57 47 29 145 39 0 0 177 120 141 0 215 123 124 183
    0 255 58 155 173 0 0 255 255 237 255 147 49 255 255 54 209 109 56
    255 78 221 255 9 255 0 27 255 255 58 89 255 0 190 135 207 121 139
    199 255 173 0 29 0 252 75 253 98 240 123 136 255 0 99 255 64 0 146 0
    131 0 243 207 0 255 108 255 0 66 99 0 136 255 133 114 12 255 184 255
    17 5 107 8 230 202 0 46 38 0 149 255 175 146 206 0 92 100 219 210
    255 24 240 247 255 166 219 54 141 245 54 237 136 255 255 255 245 84
    101 96 0 180 213 176 224 112 173 165 118 231 132 3 255 166 150 219
    170 255 118 109 144 0 131 208 116 67 59 147 34 60 20 0 44 56 60 0
    190 108 32 55 87 255 0 255 127 86 20 53 255 180 141 129 26 0 49 0 0
    255 86 255 107 51 255 8 255 255 73 234 156 55 60 192 0 129 0 0 49 9
    75 184 142 255 39 51 255 0 64 255 158 175 217 74 111 255 0 166 165
    58 76 255 228 45 0 107 255 88 219 0 84 137 45 255 234 41 0 25 255 0
    78 255 190 0 156 255 229 3 0 255 25 65 108 62 255 188 197 194 132 10
    217 127 0 115 240 190 255 196 0 219 202 255 219 255 255 56 255 169 0
    142 0 255 0 231 26 255 255 0 0 0 177 255 245 255 65 160 110 184 0 92
    255 45 0 66 70 23 85 184 116 146 0 138 72 161 255 255 26 53 255 133
    12 53 8 140 180 255 213 216 255 0 0 0 255 27 0 255 255 171 83 24 0
    233 74 28 0 255 0 71 0 244 0 183 255 0 13 182 212 0 237 0 132 62 93
    0 79 57 24 161 184 205 129 0 255 249 255 168 214 111 196 4 255 245
    63 23 202 218 62 29 136 187 85 215 0 0 90 0 33 234 255 232 0 0 225
    255 51 255 83 49 0 255 255 139 255 127 0 147 248 0 136 0 245 0 251
    170 0 4 181 0 255 255 0 255 0 255 0 0 0 8 193 28 255 232 61 255 224
    187 255 255 0 255 35 0 0 255 168 180 82 114 127 21 171 255 45 255
    121 255 140 56 147 0 221 62 24 112 255 252 110 255 106 0 0 0 238 37
    23 0 105 0 162 142 150 255 117 141 85 171 13 0 107 255 24 0 58 255
    255 134 109 121 0 152 0 255 0 0 220 146 118 0 131 53 213 255 212 40
    0 192 135 29 103 255 255 83 85 255 240 255 255 255 29 0 87 162 133
    192 255 25 255 90 65 174 156 81 208 0 0 71 255 57 135 52 77 112 116
    0 255 203 255 0 179 31 255 208 196 101 0 77 248 36 0 92 255 163 0 76
    171 113 38 255 92 255 134 64 255 8 28 255 119 191 113 30 16 210 0
    255 255 86 255 255 180 0 103 223 0 255 255 46 255 0 85 95 0 140 0 16
    255 54 8 2 0 211 86 214 18 192 255 255 186 177 172 255 106 236 118
    36 157 255 190 159 24 232 255 78 46 255 12 9 255 7 140 126 157 255
    113 0 76 255 147 43 66 8 180 0 0 64 0 255 0 0 73 105 39 0 255 5 24
    255 255 7 180 255 10 25 255 176 109 155 226 251 36 255 255 72 108 64
    236 101 73 58 132 0 148 78 103 116 0 108 243 135 21 255 255 182 51
    179 0 44 0 138 0 209 203 165 103 51 0 228 58 31 2 0 241 199 0 103
    112 0 210 61 41 255 235 224 255 27 41 127 255 255 0 138 128 0 54 0
    120 103 152 195 189 255 0 177 123 64 241 255 118 255 14 246 183 100
    40 17 93 255 0 255 47 52 213 211 0 0 98 248 113 128 99 97 204 255 74
    255 222 4 255 16 191 0 22 247 0 255 255 18 39 255 141 78 162 253 198
    255 67 132 164 22 25 250 162 179 120 78 167 66 66 45 89 236 151 255
    0 255 0 126 7 31 92 255 0 241 28 90 244 107 207 68 0 176 255 113 147
    0 118 0 65 251 234 0 1 76 76 254 255 25 0 182 127 250 236 255 0 252
    255 188 169 100 217 253 0 117 255 64 130 250 142 251 0 255 191 5 174
    109 57 175 0 167 0 33 45 0 171 0 14 0 200 150 255 0 181 30 173 55 45
    118 0 255 131 255 9 255 173 255 129 81 0 0 0 233 184 199 255 49 92
    64 0 93 255 0 253 215 48 48 209 255 255 43 255 242 105 145 255 95
    235 108 119 0 231 0 42 255 0 227 149 0 87 74 0 24 20 208 0 199 0 0
    236 0 102 247 255 28 255 255 123 2 86 255 198 255 0 139 46 113 38
    242 0 172 0 213 0 80 255 0 130 20 95 255 0 53 255 145 97 236 205 255
    37 17 97 255 141 231 3 0 215 228 255 0 12 125 161 35 71 179 104 14
    228 30 93 157 255 0 139 5 70 69 255 255 95 72 255 0 45 192 194 49 71
    255 255 24 26 255 70 0 0 104 44 0 224 205 33 43 163 146 89 18 138 0
    184 161 0 146 0 255 252 44 255 0 0 63 0 255 255 255 127 6 255 138
    244 32 8 132 0 123 251 255 22 255 0 131 7 43 65 70 255 150 31 125 84
    255 255 141 57 106 147 161 228 210 205 42 11 16 0 108 245 255 66 181
    254 25 0 41 111 160 189 106 162 223 255 255 29 255 75 255 0 204 200
    54 255 73 34 255 255 45 255 255 156 128 215 0 108 255 38 179 226 228
    51 78 255 255 223 255 255 56 0 88 211 0 255 53 181 207 21 22 255 132
    25 138 103 0 22 160 123 0 219 5 31 99 39 0 0 255 112 241 156 5 0 70
    5 237 129 200 49 9 0 54 195 145 255 170 255 157 36 19 148 246 195
    222 56 147 0 91 36 0 229 71 238 0 57 255 0 0 243 17 19 123 32 207
    255 171 205 234 207 255 255 247 0 236 223 58 91 0 27 134 149 164 210
    255 255 12 181 255 0 0 110 254 174 255 252 172 206 238 255 255 255
    173 13 0 45 1 0 0 152 255 61 255 225 0 178 90 0 0 0 254 232 115 68 0
    200 255 255 0 21 137 255 0 255 141 255 0 211 185 79 11 205 124 255
    123 157 200 200 202 209 50 255 0 72 171 217 65 143 0 0 0 47 126 169
    255 146 255 56 251 194 218 255 95 120 0 94 255 255 0 75 0 235 255 84
    213 0 0 83 0 0 255 136 169 31 168 9 0 52 21 0 245 0 213 216 232 176
    255 0 0 186 66 255 108 42 97 255 48 182 0 56 172 213 55 255 0 0 255
    70 0 253 44 255 23 195 255 255 255 56 238 113 174 24 0 15 212 197 17
    167 159 91 255 0 255 167 154 0 139 54 0 74 103 214 255 49 193 143
    203 255 0 0 255 218 209 196 116 235 36 255 15 127 182 130 0 199 15
    215 96 0 52 124 235 0 0 74 189 183 183 167 218 0 156 140 0 35 214 61
    252 255 8 34 39 87 59 0 36 0 0 55 0 82 108 0 255 111 54 127 0 255 85
    183 255 0 212 255 235 255 244 255 135 247 17 255 211 0 219 0 33 152
    255 0 124 81 0 157 3 255 185 0 0 126 253 12 255 0 0 0 254 0 83 204 0
    0 0 116 158 40 196 190 207 193 175 194 255 255 0 81 255 157 158 245
    166 124 255 150 92 255 255 194 15 0 97 75 0 236 66 255 89 0 243 42
    113 0 0 203 255 202 255 49 146 0 52 255 48 238 144 0 219 255 121 255
    255 82 255 0 66 255 0 83 17 255 0 255 186 0 51 64 60 169 255 204 199
    0 255 152 14 255 255 111 18 225 227 139 221 107 180 216 147 255 255
    255 0 197 237 187 53 229 155 43 11 255 255 255 77 255 223 255 185 52
    119 190 221 7 255 165 225 21 177 177 0 85 255 230 227 0 0 0 54 227
    194 0 0 120 117 13 17 118 0 5 0 100 0 73 233 0 95 0 255 16 255 234
    106 186 222 14 255 235 255 0 254 131 6 152 166 50 165 0 0 151 112
    255 0 116 154 16 0 0 58 255 50 161 234 236 136 243 222 0 169 12 0
    129 157 255 0 192 255 207 39 233 255 125 93 100 146 230 0 228 137
    255 240 0 220 236 255 0 0 0 255 0 229 183 0 86 184 159 255 254 186
    244 174 171 176 255 0 255 0 182 229 4 255 160 251 253 42 229 155 1
    212 73 14 255 122 232 150 66 9 0 254 217 0 237 97 0 2 38 255 111 107
    255 255 181 54 104 35 108 255 246 0 152 255 255 41 229 255 54 255 0
    255 148 0 255 227 178 57 227 255 0 172 0 176 129 143 117 146 247 255
    0 28 53 169 255 245 150 227 255 44 223 103 133 148 255 3 0 61 198 99
    51 162 128 0 191 126 24 76 94 72 207 168 229 0 221 235 238 157 255 0
    82 76 0 240 23 108 22 90 13 0 88 251 74 234 0 23 144 124 42 0 0 255
    255 160 210 255 245 0 252 233 252 0 0 84 31 16 0 97 255 193 94 0 30
    101 47 0 255 0 87 121 0 215 52 101 236 18 239 154 27 255 174 237 255
    183 255 0 255 145 204 177 255 255 49 140 174 255 182 65 52 255 149
    145 237 83 102 89 0 255 0 160 255 44 0 48 229 255 250 241 216 29 131
    32 160 0 118 0 224 122 197 188 255 202 7 194 255 238 255 179 255 255
    255 107 204 98 48 78 114 0 16 255 127 255 129 203 176 128 34 255 209
    234 19 0 172 250 13 218 64 230 0 207 0 81 0 94 255 255 172 147 49
    188 51 149 108 144 42 255 93 0 255 255 0 243 249 84 197 5 255 255
    182 0 255 255 176 255 21 39 41 255 255 76 255 164 13 171 0 250 158
    233 0 210 255 0 41 50 120 75 31 255 244 0 20 222 236 126 66 0 62 175
    4 64 255 0 255 172 255 255 255 64 68 5 0 217 0 80 191 33 255 57 255
    182 0 146 87 185 223 126 253 197 255 142 0 255 0 220 174 0 255 0 255
    216 204 0 255 0 213 209 0 255 110 0 108 0 54 255 103 115 255 68 64
    41 255 255 115 85 248 0 225 131 0 114 146 185 130 0 0 58 18 255 183
    167 59 185 145 255 254 197 5 127 0 0 113 7 255 96 120 255 240 157 0
    13 44 40 34 255 255 183 251 212 255 241 255 102 41 78 191 249 10 189
    0 255 247 203 255 190 255 203 217 132 255 141 26 193 0 0 216 255 0
    67 255 188 207 0 190 68 255 255 255 31 230 223 242 0 241 203 38 43 0
    255 50 56 0 107 0 0 255 21 65 120 104 0 0 0 255 0 212 92 241 10 90 0
    86 157 90 111 157 134 152 232 244 109 0 103 0 3 255 143 0 235 61 255
    48 111 255 0 0 52 32 68 0 247 53 0 244 255 255 251 0 255 9 255 255
    129 168 229 255 27 255 255 114 205 122 76 30 166 79 255 255 229 86
    164 243 84 61 157 109 0 0 0 53 0 248 0 142 81 209 0 220 80 195 117
    255 121 143 231 255 255 51 0 255 249 0 53 65 0 57 0 255 183 255 255
    232 126 116 46 39 255 226 142 0 37 249 202 152 255 255 255 255 255 0
    105 118 130 152 0 0 183 21 208 255 56 95 112 185 221 0 42 181 29 37
    184 63 10 255 195 2 220 194 222 53 255 78 128 255 0 252 193 92 255 0
    156 232 0 0 0 0 92 102 255 98 244 0 255 96 31 218 213 245 38 221 82
    240 19 80 55 199 84 160 255 46 37 202 255 255 255 173 0 43 88 245 0
    40 255 255 235 188 255 106 85 146 255 197 135 8 0 131 128 6 58 223
    255 138 99 89 0 9 130 0 255 255 255 255 250 255 24 255 232 21 0 121
    60 19 84 213 0 255 0 102 236 127 69 125 0 255 176 0 224 123 72 187 0
    23 0 150 255 5 21 121 240 34 219 147 6 158 165 178 99 117 70 255 120
    234 128 60 67 0 105 179 226 235 120 69 255 255 0 68 0 255 0 53 240
    156 162 115 98 184 170 165 255 255 255 28 137 218 97 0 255 99 0 0
    193 74 255 181 119 136 69 28 0 16 206 0 255 255 80 0 0 0 159 160 0
    179 255 19 102 0 201 224 255 76 0 43 0 60 160 169 0 142 0 255 42 255
    255 143 0 255 117 2 138 46 45 60 104 80 0 61 241 0 190 149 33 99 25
    24 148 70 183 255 255 89 162 167 96 184 255 255 0 105 255 0 255 133
    61 0 194 0 178 201 0 17 132 0 4 141 195 230 74 0 0 141 255 0 254 135
    255 124 95 120 0 218 42 59 209 255 0 255 255 46 110 0 255 166 0 192
    0 119 31 76 9 255 221 233 255 49 195 215 83 255 255 141 90 208 211
    235 112 0 255 14 0 11 255 255 0 0 53 37 0 241 0 255 128 158 27 0 78
    0 228 140 173 153 175 255 136 255 153 156 0 229 165 243 255 222 255
    195 255 250 255 102 0 0 120 43 255 223 0 27 69 35 238 0 238 0 0 255
    0 255 0 255 64 255 122 0 5 243 255 255 18 255 90 0 227 80 98 79 36
    208 212 25 124 0 73 0 0 7 0 251 70 35 247 255 95 255 255 0 82 0 236
    228 255 110 3 214 142 151 219 131 255 50 70 255 36 211 85 255 192
    163 0 0 77 105 96 253 47 6 14 106 78 37 233 0 255 255 251 25 109 255
    0 255 0 255 178 71 132 255 0 0 207 205 0 0 255 232 148 122 167 255
    26 37 83 87 202 24 0 0 163 89 223 133 255 0 182 53 239 136 221 0 0
    255 0 155 180 255 64 0 0 148 255 0 0 144 237 123 171 0 0 0 61 75 169
    0 4 255 0 74 0 0 0 49 196 255 150 255 156 37 255 255 137 27 255 193
    0 57 193 82 1 153 53 255 231 208 150 195 0 120 202 77 179 242 209
    194 75 246 95 37 255 255 255 255 197 7 132 224 247 107 0 212 198 8
    255 255 185 255 245 148 223 166 123 188 122 27 95 255 21 73 193 225
    241 240 255 197 149 255 255 251 255 156 111 142 48 139 0 38 255 146
    32 0 88 233 249 13 0 0 193 255 186 255 66 255 68 129 255 135 47 255
    0 250 74 160 118 213 255 179 115 255 255 78 25 156 19 0 0 68 0 75
    151 255 247 228 182 0 104 255 146 137 255 115 184 132 0 225 190 255
    234 35 113 138 81 10 255 255 233 188 220 0 255 140 23 251 255 116
    180 219 2 255 76 0 24 213 133 44 115 0 225 117 255 77 0 32 0 117 254
    0 45 152 162 255 168 255 67 244 68 0 202 0 0 57 0 19 213 0 29 9 0
    255 255 255 255 211 255 54 238 0 22 64 163 52 0 0 41 128 190 255 201
    0 213 0 1 14 12 255 215 0 246 255 86 79 255 220 172 40 0 147 49 0 0
    97 197 82 157 59 8 193 195 6 41 148 0 255 212 255 255 153 0 183 232
    255 0 0 80 176 73 177 247 255 97 70 255 240 22 76 35 255 255 53 102
    17 0 170 104 19 90 0 0 59 0 255 182 0 124 156 255 255 17 40 255 110
    26 167 183 135 198 255 0 211 255 255 237 136 13 255 0 0 77 250 175
    19 74 255 0 102 115 147 255 255 167 76 57 255 74 88 178 17 84 19 194
    0 0 255 0 234 210 209 127 255 94 27 169 0 244 74 45 74 221 97 9 66
    255 130 59 255 255 98 239 0 0 67 67 245 223 199 142 57 205 12 110 31
    255 245 151 101 31 0 68 0 0 0 96 143 255 0 124 141 102 255 23 223
    255 155 243 40 9 121 247 29 227 38 13 121 0 25 94 0 149 140 42 193
    119 9 0 102 121 167 0 37 99 160 31 255 208 106 0 196 108 58 135 0
    255 187 0 188 225 209 0 0 140 90 255 0 245 255 255 141 0 219 96 36 0
    24 181 183 255 101 1 164 4 105 0 207 255 255 159 0 0 251 103 104 216
    39 255 31 212 129 115 91 186 43 65 57 255 202 29 174 255 163 255 75
    124 0 209 201 109 0 166 49 255 65 40 142 23 135 18 210 149 117 42
    255 0 71 8 0 0 255 0 46 255 164 0 111 89 137 255 255 75 0 215 118
    250 0 0 145 0 214 0 149 227 255 198 33 255 79 59 9 142 8 136 248 84
    255 165 110 0 255 94 65 255 255 76 3 107 244 0 129 29 2 0 253 255 38
    151 251 0 254 231 87 0 255 66 17 255 128 42 210 96 54 31 132 31 12 0
    176 255 250 224 37 38 222 46 63 14 183 0 213 255 194 109 22 115 123
    87 212 0 187 0 255 246 199 178 80 156 161 0 0 255 0 0 11 0 250 0 79
    54 123 0 91 255 132 0 72 255 0 208 82 164 255 255 255 249 255 182
    255 255 218 169 236 63 52 0 0 224 15 71 255 0 185 64 249 30 0 82 24
    249 186 0 231 156 0 209 15 153 81 82 255 0 199 244 168 97 0 54 0 31
    148 0 0 220 0 24 255 0 20 0 176 91 216 255 19 255 131 28 230 138 235
    32 48 0 0 0 21 66 255 0 0 255 156 220 103 0 79 255 190 86 181 255
    169 195 221 76 50 17 139 91 146 48 152 162 255 212 255 47 183 26 0
    54 0 0 193 44 45 173 83 255 0 255 0 0 0 24 86 194 201 255 0 68 68
    210 132 205 125 113 104 62 0 10 0 126 56 0 42 42 143 228 46 102 255
    250 243 37 234 204 52 21 237 58 59 41 67 0 0 172 130 27 149 0 0 175
    1 139 208 154 65 255 135 0 255 0 255 146 212 142 24 0 52 26 255 36
    255 255 153 93 125 146 255 93 15 255 255 16 146 0 170 255 6 155 116
    150 29 0 18 166 0 36 112 1 240 245 3 188 255 255 73 172 0 211 232 57
    84 0 240 185 255 141 239 214 115 61 0 187 81 255 244 144 255 255 0 0
    93 54 254 111 0 255 113 255 220 255 8 0 255 21 255 46 197 97 0 186
    57 168 34 48 0 239 29 129 255 227 0 191 0 229 0 142 160 62 255 165 0
    194 119 255 0 0 204 244 0 255 0 50 159 124 206 233 229 48 0 0 0 0
    102 255 6 248 92 44 84 0 0 255 119 249 255 150 174 255 255 0 205 255
    0 255 255 183 45 135 255 255 114 255 146 255 181 64 112 179 29 93
    233 141 99 54 170 14 55 188 54 49 170 165 15 210 86 112 0 28 255 144
    0 189 0 145 47 107 255 0 236 0 168 72 126 23 152 99 255 133 179 254
    170 15 255 238 122 40 120 140 0 5 45 45 0 97 0 109 35 255 113 84 155
    255 251 184 255 255 0 19 17 255 143 0 230 148 77 231 142 255 174 255
    143 255 40 81 0 40 255 255 0 13 57 0 255 210 143 0 255 218 114 13
    106 131 248 0 78 0 19 0 155 50 105 255 0 255 0 0 241 0 159 255 50
    255 202 255 167 5 64 0 255 1 134 239 0 126 188 218 244 255 0 42 97
    245 48 255 230 255 92 60 0 231 198 84 88 255 0 31 215 255 255 249
    255 236 49 255 131 255 233 25 145 98 255 255 255 254 7 255 0 115 40
    0 255 22 0 241 44 0 255 94 123 133 236 140 105 198 255 211 139 0 255
    255 106 244 255 251 255 237 0 0 0 140 53 14 87 41 145 255 161 0 9
    124 0 154 221 255 128 36 153 255 167 255 255 255 1 0 65 255 23 17
    255 255 255 0 243 127 179 107 160 229 19 220 3 103 0 191 0 5 255 170
    255 0 200 3 21 255 122 94 250 78 134 0 228 35 145 0 255 0 210 231 0
    199 80 29 255 56 20 246 226 0 170 0 0 216 255 255 222 255 255 10 255
    0 188 42 255 108 255 255 160 255 54 238 20 255 255 95 68 255 255 182
    255 255 27 115 0 85 219 157 255 46 238 103 39 74 255 141 46 0 51 69
    237 44 0 11 233 0 255 253 180 80 207 215 133 72 0 209 250 0 132 30
    255 112 120 177 145 0 71 24 211 173 255 139 201 162 221 119 247 59
    113 0 35 60 186 35 255 216 198 177 255 0 196 197 157 138 59 206 198
    176 65 159 209 255 78 255 98 109 0 66 102 0 109 113 255 126 255 255
    71 183 255 77 177 255 10 40 255 255 92 235 7 15 54 143 70 255 0 29 0
    133 192 168 17 0 0 255 0 0 100 0 0 255 255 114 106 120 203 0 41 255
    165 255 103 254 150 182 217 38 131 0 0 218 181 53 0 96 255 244 187
    124 255 209 255 3 190 255 255 85 0 255 235 110 77 137 143 0 152 176
    22 76 229 255 107 99 255 0 0 255 16 0 28 0 255 210 0 0 6 0 231 0 0
    255 240 173 255 8 255 112 183 87 255 255 237 93 0 0 150 255 217 233
    133 0 255 220 0 255 76 29 158 222 55 0 61 255 255 48 231 45 152 0 8
    255 0 0 172 0 255 0 46 103 255 0 0 228 110 105 0 255 145 3 0 255 0
    61 255 0 80 60 216 209 0 95 0 114 0 29 0 98 255 126 255 0 139 255 13
    255 15 196 177 43 255 119 0 133 255 0 254 16 17 222 1 253 255 146 9
    0 120 188 255 255 142 132 132 41 255 221 255 31 83 255 190 251 131
    44 255 229 145 20 243 0 0 0 215 24 0 181 0 103 154 255 0 66 0 0 255
    0 7 255 0 30 36 226 86 19 161 5 246 152 211 230 102 88 0 255 48 0 66
    71 207 3 149 0 219 255 172 114 165 108 143 0 64 101 209 93 42 147 7
    69 36 255 161 112 0 239 0 255 254 0 100 0 255 139 159 0 213 40 180 0
    242 174 161 214 255 255 224 47 112 255 21 222 0 143 255 79 0 255 185
    0 255 255 253 0 90 255 0 58 123 148 0 121 204 205 47 105 32 138 255
    255 255 250 255 119 0 0 255 191 0 255 1 0 149 0 164 128 233 127 8 47
    0 48 177 0 3 0 0 46 0 255 22 234 225 125 255 209 6 255 243 164 255 0
    104 81 93 0 125 255 0 88 255 55 191 136 255 223 0 33 226 0 208 159
    204 243 120 255 117 255 53 229 45 0 0 0 0 0 178 113 111 65 255 0 255
    194 0 255 100 64 94 255 29 255 139 80 208 255 255 255 0 227 255 255
    81 255 0 0 255 160 185 255 249 255 109 93 0 136 147 239 255 0 0 14 0
    255 86 255 183 143 188 0 255 0 0 148 188 47 204 253 0 13 97 0 209
    178 177 72 213 255 255 201 25 32 130 255 4 0 255 255 72 255 0 166
    255 7 0 183 167 84 0 52 73 0 255 222 155 232 71 99 54 255 116 181
    182 255 20 255 119 104 51 38 217 0 236 0 157 0 195 149 145 98 172 22
    8 167 0 107 55 0 75 226 177 37 25 62 87 0 0 255 227 106 36 255 106
    20 255 255 255 245 111 0 194 255 80 166 182 42 8 255 107 0 255 116
    14 96 217 68 0 245 219 0 0 235 222 0 94 59 144 48 25 115 225 202 114
    0 211 88 75 221 59 236 234 0 206 99 0 255 163 242 22 0 245 255 141
    173 167 0 123 167 247 255 145 178 0 255 61 226 0 0 49 0 246 255 215
    83 249 159 0 125 29 255 0 0 88 29 115 102 0 173 27 0 255 123 32 0 66
    114 184 0 181 248 96 208 255 149 58 255 17 216 255 158 120 0 250 252
    181 128 255 0 255 20 176 247 208 135 255 195 124 144 55 255 208 80
    136 0 11 21 0 255 0 0 255 183 210 255 213 78 0 27 165 111 38 22 227
    0 104 255 132 40 169 140 255 171 117 0 255 255 214 196 0 146 255 0
    230 255 0 22 216 11 0 34 184 255 0 254 52 0 181 211 225 161 0 52 157
    218 154 237 120 54 255 255 0 255 0 0 181 9 255 2 255 255 0 255 255 0
    154 224 255 101 78 0 255 75 208 198 209 147 111 255 255 33 51 78 255
    104 53 215 9 248 104 180 69 255 163 255 151 133 217 21 165 57 160 27
    216 255 148 255 109 255 153 14 225 203 255 255 255 0 221 30 0 151
    255 73 198 255 11 255 102 0 231 251 28 0 47 52 0 34 0 59 189 135 163
    255 185 198 171 128 0 95 255 252 14 255 255 77 255 15 44 41 180 255
    87 23 0 223 31 235 255 0 0 90 114 0 113 0 178 117 131 138 58 97 192
    197 137 255 211 231 255 0 255 0 151 185 230 255 212 255 103 99 255 0
    255 137 245 61 0 0 0 255 1 135 16 255 255 69 8 125 0 60 255 0 78 0
    255 11 3 115 235 243 0 255 228 10 151 255 255 106 130 136 106 120 0
    124 255 105 0 167 255 0 81 55 255 33 0 81 22 83 205 161 0 191 49 0
    65 46 0 218 175 255 88 15 255 63 255 49 52 223 122 59 142 252 40 77
    179 2 234 252 255 125 26 0 103 187 82 3 0 129 255 80 153 255 12 123
    6 0 0 106 24 141 19 223 157 165 218 92 0 255 0 215 0 255 215 0 53 23
    0 180 255 65 255 17 197 2 0 170 154 0 0 119 0 189 17 198 255 181 132
    255 255 248 0 183 213 0 51 78 0 146 0 227 0 0 148 0 107 0 255 0 0
    189 247 0 0 235 0 255 0 131 255 31 41 177 255 219 11 255 1 243 0 73
    158 0 123 166 171 0 86 200 0 164 0 101 181 32 255 221 0 255 0 255
    255 255 145 0 232 0 0 106 142 22 147 2 255 19 0 33 90 255 52 103 233
    0 85 20 116 52 89 78 0 48 255 91 96 17 29 0 255 255 146 130 30 255
    255 255 84 255 0 26 82 255 174 62 255 151 152 188 0 0 0 43 36 40 255
    17 0 86 24 0 69 255 92 20 96 0 255 0 5 97 100 255 15 222 94 222 97
    144 195 0 248 0 225 255 29 121 87 204 191 0 180 0 0 230 0 72 1 118
    164 255 122 44 159 255 94 130 0 157 123 22 191 0 163 120 255 84 117
    255 202 0 13 242 0 72 11 0 232 50 0 96 255 173 0 166 0 121 121 0 173
    241 203 255 249 0 81 84 18 120 29 11 255 210 186 12 255 163 143 0
    255 25 255 37 242 255 66 84 234 255 124 30 199 255 0 255 0 0 171 0
    122 255 224 170 0 255 255 0 199 21 152 74 0 233 75 255 139 255 250
    255 224 255 0 133 161 202 145 0 196 0 0 0 48 0 42 255 184 253 58 0
    13 123 119 0 129 249 108 47 115 218 16 185 28 0 174 0 255 255 255
    179 144 111 0 255 255 179 55 53 255 171 0 6 0 204 0 104 255 255 144
    236 255 255 36 255 0 226 150 0 255 15 86 54 106 229 96 0 255 112 255
    255 11 7 18 232 0 255 255 245 255 186 10 255 0 175 255 176 0 255 255
    0 191 215 71 163 171 214 0 147 154 18 251 255 255 13 187 155 0 234 0
    216 0 208 0 62 255 94 173 255 255 167 0 23 37 255 130 42 108 98 191
    70 115 150 0 71 157 131 81 177 0 113 0 125 18 255 0 62 26 62 0 28
    157 120 65 204 84 107 182 169 255 255 0 194 255 76 136 255 142 84
    177 255 103 91 0 203 0 255 2 36 0 255 255 211 83 221 0 255 255 40
    185 0 189 202 108 178 121 45 0 215 214 211 0 255 247 38 229 211 255
    255 235 249 222 255 255 77 228 216 248 16 164 255 156 255 0 229 2
    135 95 156 111 124 126 0 0 194 0 66 130 0 207 1 255 86 0 255 0 0 250
    141 0 135 72 0 236 47 220 137 158 239 0 207 0 117 210 228 0 22 77 71
    0 198 5 0 252 65 0 12 153 137 155 192 9 255 133 36 193 100 92 171 0
    41 255 231 255 105 253 174 132 255 175 94 0 233 190 185 174 173 155
    163 252 0 53 255 200 55 0 255 234 0 168 13 255 0 176 103 254 176 0
    255 76 0 207 71 255 0 0 0 0 19 53 54 92 0 255 108 61 162 126 231 133
    42 37 2 255 45 255 255 255 249 196 166 201 19 255 255 255 15 164 244
    255 0 138 0 56 128 18 226 109 0 205 242 0 255 226 0 12 255 84 0 255
    255 255 249 124 255 79 55 255 203 18 76 82 166 255 0 22 203 67 238 7
    163 248 18 0 255 205 152 146 0 87 252 169 0 185 212 20 0 255 236 0
    255 2 255 255 255 254 154 0 106 238 223 0 255 255 168 50 247 145 0
    255 143 0 102 0 3 208 34 225 31 0 175 166 255 18 98 237 157 69 0 63
    37 255 114 226 77 172 255 216 207 18 0 46 255 74 255 255 193 71 230
    74 76 0 28 183 160 93 40 104 102 121 55 102 234 71 255 107 57 255 66
    255 0 207 228 0 255 120 70 142 0 0 0 95 255 236 0 197 80 95 57 253
    174 0 255 0 0 48 0 255 255 17 255 180 0 0 255 250 255 0 163 0 196 0
    255 96 0 24 120 255 255 67 159 255 112 0 61 255 81 0 107 0 0 209 47
    38 0 107 0 255 78 73 89 0 125 0 37 170 0 56 17 153 72 255 255 7 0 78
    158 255 0 0 255 78 120 105 0 255 255 240 255 96 214 193 196 187 99
    139 88 255 114 255 0 0 130 103 139 48 39 255 1 0 0 255 0 55 47 255
    230 255 169 209 179 255 67 255 164 110 83 49 15 0 35 179 43 72 191
    247 0 230 255 229 78 255 255 0 74 69 87 53 62 202 201 0 40 220 0 221
    125 219 0 0 0 74 255 69 73 174 0 255 129 1 115 104 150 223 248 99
    171 241 74 0 98 89 244 77 173 249 13 0 255 0 218 221 139 60 0 255
    108 129 31 127 242 92 101 0 0 255 184 0 0 0 0 171 65 255 74 0 4 93
    71 77 138 255 142 255 255 190 255 133 170 141 239 255 83 255 253 208
    255 90 146 85 221 0 0 96 221 217 247 152 11 75 236 248 79 100 0 255
    255 255 0 196 103 0 0 207 252 193 0 39 0 255 5 255 0 0 0 65 255 170
    18 48 164 61 255 49 220 67 249 255 52 191 255 7 169 135 230 1 0 94
    255 0 255 255 0 84 173 255 208 77 255 255 0 78 104 69 153 0 216 255
    0 50 173 4 56 255 223 0 245 255 106 0 0 152 255 53 0 51 25 190 0 255
    75 106 255 199 0 0 255 0 255 109 59 50 255 236 137 228 135 255 115 0
    0 60 74 220 76 43 78 13 110 47 84 0 255 98 127 214 0 201 218 93 50
    255 35 169 255 248 147 0 92 91 40 0 255 230 241 52 137 255 255 0 48
    255 157 255 73 148 80 70 79 34 0 255 179 3 13 219 0 148 0 0 108 161
    122 248 202 169 255 0 197 230 164 0 133 255 255 255 0 76 255 112 58
    153 128 67 255 0 91 203 28 118 188 0 185 0 64 255 187 0 0 166 88 234
    161 150 0 183 0 32 217 255 179 174 238 255 0 255 255 153 104 0 0 0
    36 127 0 148 203 255 4 255 143 255 129 255 119 89 255 89 89 0 70 51
    199 0 0 0 37 190 255 237 209 0 255 240 61 225 59 0 255 49 149 40 255
    95 0 78 141 250 78 0 28 0 106 51 211 192 102 114 129 109 0 255 0 73
    104 255 32 147 250 0 29 0 0 26 0 133 131 0 83 119 255 0 0 88 112 145
    255 101 255 21 158 103 44 66 70 173 58 89 123 121 235 27 0 251 255
    51 225 0 249 255 132 23 144 255 129 222 36 0 99 249 63 255 32 222
    145 225 15 222 56 67 17 62 255 0 114 179 171 235 109 164 180 255 176
    74 0 132 255 54 59 89 0 0 70 174 0 255 151 0 50 255 244 0 0 40 96
    235 0 62 0 255 146 0 168 255 188 237 39 243 0 23 198 255 65 144 255
    0 0 248 255 0 255 60 0 9 192 108 111 45 255 148 255 187 255 0 159 53
    15 174 0 94 55 0 200 148 230 0 215 251 82 28 71 80 255 0 123 116 23
    46 207 224 67 96 125 193 0 0 0 255 0 46 105 144 54 136 0 128 20 2
    255 141 0 0 116 169 255 0 103 118 41 41 255 61 198 0 160 203 255 101
    0 21 255 86 255 255 255 171 224 57 63 239 159 0 255 57 231 37 0 104
    255 254 129 0 5 255 0 107 255 127 0 57 85 0 103 0 0 166 0 31 255 59
    183 138 6 255 163 0 199 0 255 198 0 76 177 5 157 255 144 128 255 255
    0 175 138 127 219 0 0 34 18 245 156 146 5 255 158 236 255 27 189 255
    219 21 255 148 255 8 238 255 0 7 0 225 219 0 94 2 89 113 74 58 66
    125 0 255 0 113 81 0 206 155 0 191 0 161 104 223 149 201 0 0 0 148
    61 18 255 218 0 164 232 255 74 46 0 242 109 0 255 255 254 0 137 242
    255 19 0 141 245 43 167 255 138 220 255 113 255 136 190 184 0 18 43
    43 215 59 255 173 171 255 176 111 54 0 158 166 195 0 218 113 27 0 0
    126 0 0 0 45 138 90 255 0 149 22 128 255 0 251 157 0 255 99 169 50
    201 0 0 0 65 22 228 0 255 151 0 17 214 65 88 182 78 37 112 108 14 62
    255 184 150 235 82 255 0 223 255 187 87 0 0 255 0 60 149 95 48 229 0
    137 0 0 201 255 0 163 48 65 255 255 12 255 0 74 195 47 78 81 255 255
    26 30 182 255 245 159 6 255 132 0 247 0 255 0 28 0 159 0 255 176 0
    180 0 255 200 0 0 178 244 255 0 125 128 92 255 85 95 247 1 90 0 81
    134 72 0 0 89 207 255 0 168 212 0 93 255 215 255 255 96 31 0 84 96 0
    189 255 236 8 203 27 147 0 151 0 0 108 15 0 39 80 78 53 0 255 82 105
    255 255 92 247 152 73 0 0 0 224 77 212 156 39 0 255 255 151 255 0
    135 255 229 128 0 255 0 224 14 121 223 255 0 67 188 251 53 147 105
    255 79 200 67 0 255 255 121 255 255 199 212 123 47 196 9 124 0 30
    158 0 183 149 0 255 111 0 255 86 139 173 0 4 226 20 71 118 62 255
    255 243 144 255 0 56 0 29 0 0 53 137 156 207 64 255 149 255 88 255 0
    1 5 18 196 0 255 14 255 146 3 143 115 169 142 223 54 148 109 0 18
    236 95 187 137 184 78 0 255 121 8 194 204 3 0 0 255 0 0 255 154 255
    192 18 141 0 0 139 198 0 71 255 252 0 228 172 0 47 135 0 0 59 72 53
    0 0 85 157 19 103 25 255 231 143 168 214 255 0 255 193 26 132 0 255
    204 219 255 0 255 255 255 255 120 108 36 248 114 98 255 255 129 0 20
    255 209 0 50 136 255 52 199 253 28 94 255 0 81 20 255 96 97 239 0
    180 81 98 52 234 251 233 250 0 0 255 14 0 255 136 239 255 35 34 255
    216 4 229 0 177 0 0 255 0 100 0 0 0 50 0 188 255 255 255 255 255 0
    84 146 255 42 255 31 247 0 0 158 0 0 0 46 78 0 33 152 246 194 99 0 0
    0 255 66 0 228 204 255 150 142 255 255 103 255 84 122 140 21 61 255
    75 140 164 214 180 0 255 0 30 47 36 0 0 161 39 255 204 201 124 232
    255 0 217 37 144 255 89 196 243 0 124 255 255 143 68 255 0 0 213 77
    207 95 0 255 255 0 97 18 233 255 139 163 154 59 115 91 114 34 0 254
    99 255 133 169 23 255 93 199 0 228 175 39 244 227 245 59 171 10 36
    44 0 56 223 56 91 47 8 33 255 255 0 216 38 0 0 236 36 58 225 133 255
    92 15 70 82 82 0 96 249 0 79 255 209 115 0 165 255 142 6 184 150 231
    0 0 208 171 13 0 0 20 255 0 154 235 255 206 140 255 103 20 64 77 166
    17 25 175 149 0 44 102 67 121 53 255 255 128 255 213 73 0 22 225 255
    147 249 190 166 118 101 204 0 164 28 255 28 64 116 210 0 255 255 171
    147 17 0 255 27 0 82 57 241 182 121 184 255 120 248 255 159 255 97
    255 177 0 255 83 0 160 92 161 135 255 255 86 229 158 2 0 0 0 177 36
    90 93 231 253 72 161 117 255 50 209 0 255 241 0 0 0 0 38 35 45 118 0
    178 67 50 0 255 134 72 116 170 0 255 8 188 255 0 249 223 158 255 230
    68 28 116 212 180 255 0 255 242 194 240 23 0 0 255 0 0 101 130 196
    180 181 104 40 140 255 145 255 255 0 248 180 0 154 211 255 184 0 72
    53 182 255 255 31 0 185 108 163 255 198 51 135 255 0 49 224 0 47 228
    38 0 70 255 129 0 212 187 0 255 255 173 81 212 99 56 0 0 0 227 0 1 0
    191 240 190 182 174 0 48 221 141 227 53 17 190 255 142 255 0 122 250
    120 0 255 0 0 15 86 122 65 255 101 228 178 196 157 194 0 190 255 91
    217 0 23 13 185 0 255 102 0 254 188 255 123 8 246 66 255 197 255 30
    87 128 253 176 18 143 104 189 137 255 251 0 0 255 212 0 41 109 255 0
    255 0 0 237 57 0 203 133 28 255 0 0 255 0 223 133 238 200 255 171
    135 219 242 0 0 0 254 0 31 1 84 205 226 200 30 0 0 101 43 254 94 255
    97 0 255 111 255 75 185 23 0 82 121 0 255 255 0 255 255 84 187 174
    141 255 28 46 223 255 149 0 0 214 27 170 0 255 102 0 255 26 99 26 0
    230 230 84 21 58 185 225 135 250 187 198 251 0 255 185 0 68 210 210
    255 125 0 0 0 0 46 0 52 186 0 114 231 0 135 255 34 255 0 85 136 178
    145 215 255 240 172 175 0 211 101 198 23 19 0 255 8 0 255 49 121 71
    119 0 79 156 0 0 180 0 93 255 255 0 39 216 255 0 255 193 138 31 0
    156 255 133 152 255 187 0 246 174 54 0 36 3 234 225 137 255 154 247
    255 0 188 255 9 171 135 0 255 83 0 255 185 109 186 133 0 123 0 15
    255 255 57 255 90 0 255 0 197 255 255 10 195 230 255 16 0 255 0 35
    255 99 255 73 0 195 255 96 27 158 174 0 255 148 0 164 0 206 209 101
    0 195 255 68 108 117 35 255 106 0 255 111 0 255 255 53 0 64 50 10
    197 106 253 255 0 37 255 179 255 118 255 150 255 0 255 255 95 0 221
    255 25 181 65 59 71 239 0 144 255 255 174 2 110 90 196 58 0 249 94
    199 188 255 0 85 71 255 186 209 118 148 145 78 27 0 255 123 255 255
    0 255 0 211 141 142 158 144 0 92 125 0 255 0 195 255 228 0 122 219
    255 40 15 255 187 248 255 255 0 156 168 0 0 255 255 219 237 130 151
    67 157 80 19 0 141 190 255 0 180 105 234 0 223 255 45 218 232 255 18
    88 216 14 0 244 3 181 84 70 0 87 117 222 255 20 73 255 0 232 211 230
    214 0 9 106 47 233 253 255 129 0 0 29 255 0 0 94 168 59 24 85 255
    229 216 49 18 201 174 0 255 120 244 67 110 76 145 0 193 176 255 67
    58 186 255 213 228 81 183 0 0 199 0 141 255 99 54 255 255 0 0 45 76
    82 203 0 90 0 82 0 62 255 48 173 255 120 218 213 57 0 86 255 255 79
    243 102 0 0 0 237 20 244 255 143 0 226 7 66 255 235 255 255 0 47 255
    206 0 182 255 3 121 44 255 255 255 140 252 255 255 93 233 154 214
    142 52 0 191 248 84 0 0 0 151 255 105 255 91 129 255 0 0 255 14 255
    159 224 63 0 26 222 122 42 130 240 0 255 0 203 212 53 255 176 0 121
    97 14 255 189 0 255 0 193 0 0 236 255 3 0 198 0 0 255 201 255 255
    236 0 55 255 255 154 172 255 46 171 34 232 255 0 255 0 155 98 255 54
    153 255 0 45 177 208 255 253 15 255 215 236 2 164 234 9 41 41 189
    255 81 174 255 0 150 255 251 255 58 168 163 155 158 255 191 0 0 255
    54 247 255 0 241 187 0 0 0 111 0 99 141 31 255 0 65 247 230 255 190
    0 182 0 0 55 0 165 0 255 255 198 64 106 255 192 237 255 255 123 101
    255 240 85 113 150 255 0 182 255 198 255 84 62 74 58 253 60 159 199
    217 255 0 0 59 255 58 255 0 0 0 255 32 255 231 242 0 14 255 0 120 42
    250 3 255 255 93 13 0 57 0 171 113 39 138 0 6 75 0 0 0 237 0 0 41
    255 31 236 79 246 22 255 0 255 221 73 36 156 130 0 0 255 142 195 255
    35 255 0 51 0 0 137 0 0 13 214 33 217 119 0 93 238 117 0 0 42 177
    255 80 255 221 0 0 255 181 216 154 70 255 216 167 42 255 0 208 255
    242 217 166 77 18 255 1 100 0 68 255 77 118 255 121 186 47 89 0 0
    162 87 47 195 227 0 52 255 226 255 255 43 93 175 0 255 90 24 187 24
    227 77 37 255 210 62 0 255 153 255 0 255 0 0 0 0 255 237 68 255 255
    124 67 61 225 255 166 206 255 39 146 255 72 61 255 243 0 158 255 0
    35 149 199 151 15 255 203 228 208 255 117 95 0 172 5 20 0 186 104
    186 0 111 202 0 0 0 0 106 0 0 252 168 235 255 255 121 176 53 152 89
    255 0 208 16 152 255 79 2 205 130 0 79 59 139 201 0 118 255 37 226
    25 255 200 107 0 255 18 128 0 175 243 76 118 103 157 188 206 255 0
    255 0 255 0 255 255 0 0 0 0 166 133 0 226 223 255 184 150 255 21 103
    242 39 255 0 130 63 0 41 167 255 71 95 104 255 46 182 255 255 66 14
    191 0 169 203 221 195 0 255 181 17 63 177 29 45 219 199 0 16 229 23
    255 166 80 111 166 179 245 145 0 244 0 211 55 255 255 0 255 255 210
    25 0 254 0 255 0 161 255 197 216 223 0 15 142 93 190 174 255 4 84
    255 255 78 255 255 255 104 204 72 95 12 219 247 151 205 255 55 36 0
    245 92 161 115 70 70 255 0 3 0 0 219 45 215 186 167 218 255 155 236
    0 0 169 0 152 255 255 255 16 255 255 13 87 62 255 255 238 255 161 58
    143 0 126 215 176 71 197 225 255 150 139 0 0 0 180 238 0 128 255 64
    182 255 217 255 136 184 255 0 255 255 103 85 0 197 171 63 222 95 255
    0 255 0 0 255 74 59 255 255 69 28 0 106 0 0 247 0 220 48 200 74 186
    173 236 181 138 15 0 255 238 21 177 5 209 225 29 56 15 255 183 121 0
    0 176 54 255 100 0 255 16 145 0 0 0 255 200 61 180 255 15 0 247 174
    0 210 195 255 176 255 233 255 72 255 138 91 255 255 43 128 0 255 0 0
    198 255 189 191 177 23 0 107 152 255 102 42 227 255 15 23 0 104 57 0
    0 58 148 0 0 255 0 255 255 209 31 160 80 25 0 82 0 0 255 255 0 114 0
    249 13 61 239 255 255 50 43 128 130 173 57 176 0 85 0 0 134 255 202
    201 22 14 255 255 91 75 255 0 255 35 150 255 223 228 10 0 67 54 34
    255 169 255 255 255 104 19 11 2 0 37 255 81 7 255 50 224 80 24 229 0
    0 255 0 109 255 252 221 255 255 0 203 18 0 120 255 33 244 81 188 132
    136 83 0 77 0 236 0 125 0 241 0 0 255 43 255 156 253 255 253 60 255
    255 255 138 0 255 255 0 255 255 0 0 39 0 255 62 0 146 21 0 255 134 0
    255 202 120 74 255 51 0 218 114 108 255 255 255 255 255 68 128 255
    174 245 117 176 255 25 39 43 0 255 99 250 255 239 251 102 255 63 210
    239 0 0 215 48 255 0 123 180 138 35 0 233 1 116 255 255 134 199 230
    167 0 15 194 250 0 239 255 255 110 0 177 38 0 255 255 93 187 255 255
    110 157 187 133 162 0 38 255 0 0 135 255 92 0 21 78 98 255 0 66 177
    172 177 24 148 255 58 0 131 145 255 121 0 52 65 0 255 207 139 9 227
    255 127 67 255 0 92 46 255 129 59 153 209 255 215 255 196 255 17 87
    67 229 238 255 255 164 26 255 255 154 0 255 134 183 0 0 0 0 199 0
    227 255 114 228 155 255 255 227 0 0 255 0 255 213 20 80 62 230 0 250
    0 0 156 255 58 27 51 88 255 255 255 155 255 0 171 101 255 252 154
    255 31 12 106 174 157 144 231 255 237 129 67 246 0 255 255 194 255
    255 0 234 150 128 18 255 94 210 255 8 255 0 0 218 0 255 33 255 127
    96 41 255 18 80 255 54 0 32 16 0 74 109 133 127 255 255 93 135 51 74
    212 71 20 140 0 0 121 14 77 0 180 255 131 255 248 248 44 255 178 21
    229 20 0 255 181 236 0 255 0 0 49 74 192 30 16 0 53 81 151 255 183
    170 61 68 96 40 211 254 119 99 164 255 178 72 251 0 243 145 83 255
    21 229 240 35 255 255 20 6 27 198 101 40 159 0 255 77 255 163 231 22
    179 172 0 144 13 0 255 0 0 255 159 0 149 38 155 10 34 18 79 92 165 0
    230 255 0 9 255 159 255 24 156 50 255 223 250 23 255 249 69 114 251
    0 197 255 195 175 230 95 2 255 173 95 255 157 6 255 122 151 208 44
    255 0 0 33 0 205 0 255 255 218 255 255 68 88 227 84 49 215 50 255
    255 236 40 121 48 6 254 50 0 91 255 117 0 232 255 91 26 183 201 0
    179 255 99 0 51 45 227 255 212 255 255 21 253 241 43 255 204 255 209
    1 205 218 56 195 91 70 150 0 115 255 255 144 225 200 101 70 139 83 0
    218 199 153 255 103 109 113 116 127 216 132 73 255 25 0 0 90 217 24
    228 255 106 122 255 0 82 0 0 233 149 72 53 132 32 215 60 92 240 68 0
    113 120 194 209 1 84 90 0 47 156 255 220 176 0 91 49 0 229 165 0 151
    80 123 19 255 0 255 255 0 0 152 0 0 0 154 242 12 255 188 104 8 236
    255 160 0 126 195 146 149 161 0 13 56 29 61 0 6 19 229 225 83 0 152
    0 27 187 255 0 217 255 207 167 255 255 23 163 148 255 0 230 50 0 0
    255 101 255 0 126 255 213 0 59 212 255 0 224 148 56 127 255 3 229
    222 234 237 254 33 254 187 234 204 0 74 255 85 10 241 255 203 255 0
    255 94 209 0 255 0 39 1 0 0 255 241 0 255 10 255 255 63 255 28 0 243
    73 175 54 0 129 92 148 255 0 101 109 194 171 151 197 0 0 255 84 192
    255 255 255 132 116 255 255 117 125 255 0 129 34 255 236 217 13 129
    34 186 106 89 48 137 0 66 129 226 222 3 34 0 22 111 3 0 0 100 96 181
    164 175 118 182 185 119 74 245 226 0 22 137 149 198 169 1 197 0 206
    8 0 137 84 42 119 210 255 104 255 167 255 0 35 43 15 255 208 141 197
    255 255 183 234 82 102 189 40 181 69 255 141 67 0 72 220 232 96 19
    198 92 98 223 255 255 0 255 185 212 189 255 43 107 78 97 255 218 0
    89 179 115 0 56 152 190 0 255 116 196 13 116 117 0 150 15 121 0 152
    159 186 255 110 39 221 255 255 23 186 201 136 10 0 119 255 15 23 153
    196 51 255 236 190 0 233 249 134 255 255 255 201 79 255 0 0 0 132
    131 255 212 191 132 163 0 199 75 90 243 255 232 118 255 255 0 190
    255 13 35 100 136 26 159 255 33 208 10 255 0 162 110 0 68 41 0 116 0
    0 163 24 205 0 177 9 0 175 224 164 0 148 88 119 56 0 144 0 105 255
    84 255 255 0 16 255 121 207 0 2 239 35 255 177 159 73 109 0 97 0 0
    255 98 165 0 0 178 186 160 78 0 23 190 55 255 54 204 29 0 12 255 142
    0 0 255 134 250 53 244 255 255 224 164 242 99 180 4 239 44 255 203
    170 30 191 226 255 255 93 255 0 10 191 129 10 255 222 255 141 61 0
    200 214 0 123 26 20 115 21 0 55 255 109 0 3 219 0 255 0 154 128 71 0
    180 21 0 107 73 244 189 255 255 255 42 108 255 100 220 236 52 107
    142 0 176 88 44 42 0 255 114 0 172 26 183 31 36 172 101 208 116 202
    0 255 157 211 17 41 196 206 88 255 141 0 9 255 0 68 141 55 194 248
    197 255 45 97 255 127 0 255 255 0 241 200 181 114 0 58 255 228 252
    110 0 152 17 98 126 114 128 159 104 103 130 65 171 255 10 56 96 249
    38 0 39 64 0 240 191 123 128 255 0 0 14 182 0 84 36 227 50 50 0 146
    111 132 93 255 68 89 255 59 204 255 85 0 156 255 138 61 170 0 0 241
    0 11 119 117 204 26 0 45 72 0 255 28 229 0 148 33 255 0 6 4 255 60 0
    255 112 0 208 57 70 179 28 255 255 238 0 0 0 0 0 91 99 77 246 255 10
    190 0 212 0 255 255 255 255 193 0 91 7 134 163 255 189 5 255 66 255
    0 5 75 161 200 73 150 142 250 0 77 0 0 255 0 30 202 255 203 63 0 255
    139 255 0 255 83 139 0 142 0 118 52 1 255 36 250 255 0 160 0 45 41
    139 0 255 134 161 166 255 85 11 242 0 255 255 189 132 255 15 255 141
    255 20 113 9 255 255 27 193 233 0 170 0 34 210 225 244 255 0 255 82
    0 67 255 209 201 0 184 255 0 0 195 0 0 194 255 0 61 90 169 8 0 255 0
    195 194 201 0 255 255 255 255 41 11 199 54 244 0 255 135 10 201 255
    165 0 129 0 255 255 250 11 121 255 167 128 47 231 178 75 255 0 93
    132 197 0 0 0 205 255 144 54 0 2 242 79 156 255 29 200 250 0 255 6
    255 255 138 64 86 0 159 255 33 122 0 195 113 237 212 0 104 119 255
    255 75 89 0 0 66 71 0 0 103 171 255 255 255 100 255 191 159 59 24
    208 218 248 190 0 101 242 15 238 255 89 185 246 127 179 221 57 255 0
    255 181 138 240 211 68 78 255 72 246 218 0 53 255 68 0 139 70 254 1
    0 47 0 0 0 0 97 135 205 0 81 142 80 106 36 69 70 185 27 0 255 168 0
    67 158 255 202 0 174 0 255 0 0 224 255 217 0 147 55 140 200 0 0 39 3
    242 0 176 255 0 0 255 255 235 126 255 255 250 155 255 148 255 240
    162 118 133 206 115 100 20 97 242 168 100 255 65 228 229 98 255 1
    209 123 0 241 62 255 0 0 246 193 171 142 136 208 0 180 249 104 44 69
    8 96 176 254 133 211 59 228 255 194 255 255 255 129 0 178 0 219 165
    76 223 14 137 140 85 73 0 0 198 0 126 0 0 255 0 204 237 50 14 255 90
    0 136 108 26 172 15 0 0 255 36 226 246 255 48 156 255 213 0 212 208
    114 123 55 15 27 0 128 17 157 21 28 99 0 218 0 159 251 166 60 186 34
    225 204 44 41 26 63 0 0 7 100 53 0 72 57 255 150 108 234 6 61 178 47
    255 76 215 198 255 255 105 51 255 58 0 170 0 0 54 169 255 113 0 0
    167 158 0 125 114 139 223 196 80 255 0 116 240 186 255 16 0 255 8 0
    0 89 143 167 130 0 33 255 27 171 123 228 255 172 0 1 73 123 249 67
    255 238 149 178 0 250 160 0 255 175 255 255 38 68 74 255 96 179 0
    139 255 124 0 159 235 255 9 175 255 99 116 53 188 15 87 255 128 67
    101 105 30 102 156 233 7 0 0 0 212 37 69 180 255 125 255 149 139 220
    58 255 0 147 0 56 65 136 0 0 64 10 0 0 204 255 0 181 114 255 255 255
    160 255 251 227 0 255 0 19 255 0 181 13 109 0 240 136 253 255 5 251
    255 255 161 168 0 255 251 0 190 47 255 174 201 255 0 220 224 233 0
    100 255 13 28 27 228 14 66 123 5 134 38 66 255 204 66 255 0 255 0
    186 255 0 190 75 255 255 232 181 240 37 86 44 0 0 213 0 254 186 30
    188 255 0 113 0 231 156 255 255 0 249 0 34 201 225 42 4 162 208 59
    208 255 83 58 255 248 255 183 255 217 199 0 74 43 179 55 82 79 251
    74 0 0 170 147 42 12 140 197 189 61 177 199 0 255 82 0 254 60 255
    255 147 34 126 5 253 0 141 0 223 164 126 255 92 0 93 190 129 113 160
    91 255 66 6 67 71 213 0 255 91 255 227 140 132 101 25 9 255 157 0
    255 200 15 255 216 149 0 255 255 62 200 115 255 42 160 255 0 193 139
    0 0 242 187 116 0 0 19 215 244 255 109 97 0 128 255 252 147 255 220
    255 100 0 198 7 197 49 0 64 239 223 30 152 255 79 87 0 154 1 56 189
    255 0 199 245 255 222 255 121 180 106 67 185 255 77 116 44 255 255
    51 122 255 164 114 212 232 0 209 144 164 0 125 133 0 255 85 3 0 255
    0 200 231 71 255 167 123 182 255 19 173 148 129 115 73 255 0 154 0
    22 100 254 255 117 255 0 0 255 127 42 208 6 228 0 4 0 255 255 255 88
    4 26 0 231 0 255 129 255 255 246 52 236 0 142 255 0 255 255 173 93
    134 255 0 116 126 221 255 0 255 188 231 42 255 171 0 0 255 92 227
    255 0 185 85 162 88 178 0 80 0 89 30 145 11 206 141 210 53 255 0 0
    238 223 108 23 51 9 137 0 0 198 255 255 115 131 255 96 255 255 36
    255 0 0 211 255 30 255 22 255 158 153 0 88 156 95 11 131 0 181 0 144
    198 255 0 0 60 255 132 244 255 0 95 97 0 9 0 232 0 255 158 0 255 170
    34 222 20 0 195 50 48 255 53 255 255 0 66 227 234 66 247 157 255 11
    119 91 186 51 0 159 0 90 162 239 56 214 155 188 255 42 247 8 74 0
    191 18 79 0 245 255 87 192 224 255 0 255 255 183 208 93 117 76 0 68
    0 143 157 165 100 22 20 183 255 0 0 141 188 123 91 183 0 13 200 0 32
    0 17 0 243 20 0 170 255 0 99 123 234 0 63 67 222 0 55 0 166 255 0
    150 144 255 33 230 32 83 34 208 0 176 128 95 74 219 49 140 255 142 0
    247 255 27 255 255 145 255 168 0 246 4 136 212 0 255 0 22 30 98 130
    224 49 132 0 142 88 46 102 153 0 146 0 160 212 188 0 18 0 245 0 194
    236 139 216 0 91 163 0 12 0 0 255 255 255 41 0 95 188 0 255 239 189
    255 228 0 0 0 0 185 47 187 65 122 132 182 205 255 0 0 0 255 252 255
    0 164 255 255 139 215 148 204 0 230 53 85 255 0 255 255 90 247 202
    252 96 63 22 226 219 255 255 73 245 0 255 240 216 156 255 52 0 255
    68 49 0 224 53 255 0 219 100 28 113 160 32 230 32 192 196 230 253
    134 0 255 54 156 0 208 149 93 255 221 210 76 126 251 167 0 0 177 106
    0 0 66 203 18 128 255 105 86 255 177 0 0 117 0 1 247 3 0 255 246 44
    93 104 21 103 0 0 0 255 45 113 167 137 212 138 251 189 255 112 255
    255 173 240 255 0 177 14 24 0 137 4 152 35 219 221 195 255 203 175 0
    138 189 255 136 182 131 0 235 24 222 207 0 0 0 255 150 255 191 254
    70 0 167 40 242 10 255 0 249 217 218 232 35 0 179 0 16 255 247 167
    163 72 175 0 177 255 255 255 91 133 255 25 0 0 255 151 255 198 0 18
    220 255 0 74 84 255 240 247 255 255 153 0 255 0 210 186 109 248 236
    95 37 68 125 25 73 65 225 154 235 148 255 38 0 12 200 255 0 0 105
    107 0 45 0 98 56 155 89 0 0 41 48 211 175 20 0 255 255 52 243 202
    199 163 255 165 255 165 226 174 178 27 255 255 0 42 175 220 160 160
    255 160 29 50 250 0 185 255 199 252 0 84 192 239 246 0 168 103 53
    255 0 41 71 0 170 112 108 255 127 209 8 83 85 70 255 189 125 44 59 0
    147 215 192 107 121 176 255 53 27 255 49 173 113 227 0 238 255 84 0
    255 0 65 175 0 199 33 255 255 255 3 254 255 112 173 194 215 0 0 255
    255 89 111 0 0 16 0 184 115 130 241 153 0 0 0 0 140 0 235 255 236
    255 203 63 10 238 22 95 69 255 255 255 241 177 0 10 0 190 94 70 255
    0 255 49 57 255 251 203 255 123 255 255 169 20 94 255 105 215 230
    255 130 0 236 0 171 0 255 36 0 232 30 26 0 255 152 144 131 0 255 98
    0 62 255 0 35 217 0 0 255 22 255 0 112 0 93 133 255 0 127 255 255 45
    0 0 25 231 65 196 174 0 152 94 25 108 92 178 92 255 0 121 160 146 62
    255 255 0 255 98 86 0 123 0 205 193 107 158 255 63 89 203 140 105 69
    199 0 130 33 97 1 0 104 181 68 0 255 114 255 41 151 3 124 195 255
    255 106 255 255 0 221 0 0 37 0 20 255 122 2 203 255 155 205 0 0 0 0
    53 206 248 13 154 109 0 106 71 188 255 255 0 89 0 90 31 0 229 0 255
    104 224 255 188 255 235 160 93 96 206 139 255 255 64 174 10 255 242
    255 0 190 26 94 1 127 231 189 0 248 243 102 0 229 255 255 0 0 59 0 4
    132 77 255 47 210 154 132 144 56 0 255 255 151 98 255 0 255 0 123 0
    104 171 0 223 177 130 255 35 255 153 255 225 0 255 255 190 255 0 15
    0 255 0 230 255 0 116 0 255 16 255 251 0 255 0 104 255 255 49 25 227
    51 26 0 255 219 0 130 123 0 255 36 0 70 12 117 84 0 127 0 255 57 87
    255 248 0 159 0 255 184 33 144 0 184 35 100 13 255 231 161 255 0 151
    250 88 57 0 161 223 0 0 255 79 80 70 255 209 188 255 220 89 87 12 0
    209 182 255 133 0 45 179 255 175 255 136 200 255 182 143 98 234 5 0
    255 230 68 146 0 255 0 37 255 0 168 0 0 158 139 166 29 97 58 0 0 255
    174 3 157 52 245 109 105 233 255 43 176 108 0 217 0 0 55 11 255 144
    110 255 143 13 255 0 238 255 0 57 255 148 202 115 255 255 149 75 193
    255 42 255 255 26 211 0 180 0 0 0 0 0 82 0 0 236 255 56 180 255 0
    255 255 5 42 62 0 206 36 240 0 0 0 0 3 209 99 255 174 214 0 127 0
    255 55 0 68 0 137 7 255 25 198 209 255 255 88 1 255 0 146 247 255 99
    250 0 120 71 215 129 70 51 109 160 91 17 96 114 155 117 255 251 28
    255 254 147 42 124 61 0 197 0 0 151 255 142 0 0 210 137 248 95 255 0
    255 255 45 140 28 0 205 126 0 45 191 255 242 131 255 195 0 69 36 255
    0 0 42 58 169 122 255 100 212 12 28 181 230 0 255 189 251 49 248 149
    144 255 109 255 255 117 255 255 255 22 96 48 195 218 255 70 154 21
    116 0 95 44 68 0 0 104 160 255 255 170 140 241 192 207 246 0 255 255
    255 34 88 255 116 25 188 176 9 255 235 50 79 255 0 53 202 151 44 252
    68 116 255 130 102 71 181 0 41 0 85 200 0 3 96 193 219 126 89 50 133
    255 0 255 189 14 255 9 169 189 92 37 255 72 0 160 39 152 0 0 30 100
    139 17 239 255 23 255 255 116 255 255 0 84 0 106 255 255 155 255 83
    91 255 0 0 29 66 84 0 0 255 108 126 204 0 255 230 0 65 0 255 143 135
    255 200 255 255 124 52 0 152 65 230 255 255 204 156 92 255 206 71
    255 0 97 234 85 54 95 255 0 110 255 184 0 244 90 125 181 195 255 234
    255 47 243 83 0 251 255 255 69 255 248 4 113 255 95 27 245 0 255 31
    214 90 19 0 0 0 54 0 139 167 255 255 198 51 30 255 231 255 0 90 0 82
    255 230 54 202 112 125 0 255 255 0 154 229 186 255 48 255 0 38 7 255
    0 255 0 95 60 255 0 0 105 229 187 255 160 228 211 98 0 131 255 255
    253 255 0 107 0 107 7 158 41 210 255 110 34 60 126 0 209 0 255 0 0
    124 200 239 120 244 161 85 32 123 255 0 201 184 185 1 0 0 5 55 0 246
    17 140 58 186 255 174 240 56 147 98 0 87 172 0 152 255 218 203 255
    228 255 193 225 0 158 138 169 255 255 186 26 157 0 100 58 126 7 187
    255 255 25 255 14 255 255 224 0 255 222 0 217 198 239 93 0 0 0 0 217
    109 0 12 255 6 255 255 255 221 54 13 30 0 255 150 105 45 36 166 0
    255 21 255 255 52 255 184 0 142 41 104 150 255 250 255 255 0 221 21
    177 97 147 47 83 149 186 133 255 0 88 251 255 255 189 0 0 0 131 255
    255 151 0 217 99 93 24 240 78 0 203 10 145 47 192 255 255 78 48 0 59
    189 250 255 106 106 0 62 99 0 46 129 0 255 0 0 102 225 200 235 141
    255 255 133 189 0 154 166 118 220 255 0 0 255 187 0 84 255 32 0 83
    114 0 43 0 24 30 33 169 16 198 222 184 142 66 255 2 217 56 211 193
    255 255 246 255 255 42 0 243 255 255 0 0 20 255 232 29 255 238 255
    216 42 0 0 7 126 2 220 99 74 205 0 127 39 200 82 78 53 249 71 55 255
    4 142 131 26 255 255 240 255 92 232 155 200 223 255 231 49 44 66 48
    255 7 0 255 231 111 217 222 35 63 114 0 236 244 159 17 0 174 255 176
    255 34 196 60 17 189 26 211 255 253 198 145 89 181 85 119 168 0 0 0
    255 255 0 255 147 240 238 39 0 135 255 204 129 255 255 0 180 108 181
    37 143 62 20 255 0 206 74 0 197 122 0 255 255 46 0 36 0 0 196 165
    255 0 255 47 255 214 129 195 174 171 0 255 137 0 0 30 0 255 255 120
    0 197 37 31 185 89 149 201 0 0 97 48 0 255 16 149 11 0 180 0 0 0 122
    5 207 255 180 122 238 232 255 228 3 93 0 255 46 64 0 255 136 255 71
    0 227 255 128 255 255 170 41 27 255 255 14 206 0 165 233 255 0 37 0
    255 82 255 15 26 142 185 0 0 255 250 208 0 255 110 255 7 255 50 28
    255 11 0 89 80 0 129 241 255 28 230 198 147 83 144 108 0 0 171 113
    157 156 238 150 204 255 255 0 30 255 233 35 156 97 224 0 0 12 216
    255 29 135 255 212 164 214 171 29 167 255 255 112 74 72 180 162 25
    193 161 38 10 70 43 0 115 49 255 124 0 255 255 120 167 255 95 0 139
    255 109 205 0 234 99 0 117 66 123 62 109 99 197 126 255 166 190 2 56
    0 172 255 132 5 94 30 255 97 13 156 0 0 0 255 0 0 255 207 121 255
    255 73 255 255 255 179 255 141 17 0 0 252 255 42 126 0 144 0 147 12
    176 130 187 49 0 255 121 5 0 213 58 224 255 130 255 230 255 25 0 200
    143 236 130 0 255 32 152 255 242 27 0 219 158 4 209 0 255 0 0 255
    205 201 255 95 255 36 114 0 26 180 73 155 130 96 254 255 255 190 158
    92 31 255 62 185 255 3 191 0 255 255 60 152 0 165 178 88 127 0 240
    14 255 74 52 123 255 77 175 255 0 98 97 74 235 0 0 120 119 61 34 52
    234 255 209 246 7 163 124 46 0 112 65 134 205 10 184 58 159 75 247 0
    95 255 0 174 144 157 255 107 76 188 0 255 35 11 31 243 158 255 135 0
    59 0 89 1 0 81 63 192 71 0 18 213 244 0 181 92 211 193 116 12 108 54
    0 190 212 78 245 225 152 88 0 78 78 0 168 99 0 255 0 255 24 0 255
    123 255 203 0 0 0 236 212 231 0 192 0 155 255 0 193 89 87 0 174 255
    84 238 86 0 69 0 36 0 85 0 55 188 139 59 146 216 255 209 0 255 187
    243 0 0 224 16 0 143 66 209 30 219 51 2 172 203 100 0 202 0 158 255
    199 80 139 112 119 12 48 213 46 255 32 0 178 179 0 28 118 227 252 16
    63 255 67 93 0 193 169 206 131 255 0 199 153 255 0 255 0 95 188 0 0
    145 20 130 155 0 255 0 23 106 225 186 7 206 162 177 0 0 255 255 163
    71 255 237 255 236 186 255 0 248 244 73 90 142 202 88 208 61 255 0
    181 152 255 146 158 255 255 0 228 52 0 115 167 201 7 0 0 28 184 94
    181 255 115 255 197 0 0 98 255 255 154 182 189 255 1 199 254 162 0
    77 201 188 0 255 255 255 106 187 94 88 54 210 5 18 0 255 185 0 0 255
    12 59 255 255 255 143 63 195 0 0 138 38 164 0 190 255 144 220 253
    255 0 56 106 0 0 0 0 211 237 0 89 255 65 226 255 0 255 112 255 146
    247 255 247 0 253 143 0 0 255 6 199 75 0 0 23 84 109 223 115 141 217
    232 255 0 255 15 197 204 142 85 181 0 0 0 32 55 143 108 0 115 0 67
    192 255 255 255 0 255 93 213 0 57 0 242 70 4 169 0 255 41 235 255 79
    182 255 210 210 213 76 255 79 255 198 255 32 255 234 254 0 52 251
    241 255 88 164 165 40 0 255 13 52 232 255 173 171 73 108 0 139 255
    255 119 0 39 154 235 130 62 0 96 255 113 253 210 0 45 0 95 255 241
    255 255 255 255 139 128 255 22 29 6 199 0 78 21 255 255 0 109 1 181
    0 52 36 250 134 0 17 231 153 48 0 119 255 24 225 37 255 255 0 0 0
    255 121 208 58 255 85 62 202 222 255 0 15 106 255 0 255 113 155 135
    255 81 0 255 255 151 255 222 46 255 42 10 216 224 226 0 176 99 164
    131 245 27 156 255 255 0 123 206 110 67 52 255 255 124 0 0 82 0 255
    255 162 30 201 0 241 147 0 84 73 92 34 0 100 255 62 0 0 255 94 187
    56 255 148 170 51 61 51 80 125 255 88 142 0 0 255 0 10 0 0 255 182
    255 255 255 0 189 0 0 0 0 63 72 0 128 71 0 175 0 243 144 66 0 0 149
    143 255 255 2 229 70 249 92 116 56 123 70 39 191 9 96 191 215 111
    184 109 176 0 0 0 0 255 255 74 90 9 189 166 43 0 28 0 63 255 0 62
    255 134 43 176 255 195 198 129 187 245 44 121 0 49 255 183 0 0 140 0
    0 0 96 239 242 0 235 255 104 113 183 255 98 143 255 255 76 118 254
    117 0 255 50 185 0 32 145 106 95 32 141 0 50 206 9 145 0 0 203 255 7
    81 0 220 127 134 130 97 0 23 0 234 11 119 237 144 158 197 221 250
    115 156 64 0 157 255 71 220 247 0 0 115 123 90 0 255 185 153 203 40
    59 255 255 76 34 55 0 0 0 0 255 242 4 108 55 185 255 121 0 243 38 0
    48 0 128 193 202 223 227 192 255 3 255 29 255 255 0 53 0 0 98 244 9
    255 255 255 217 255 255 255 255 255 73 254 0 144 199 228 255 0 0 102
    255 34 0 99 103 50 255 0 14 255 24 103 27 205 23 159 111 73 181 255
    171 255 107 22 141 255 0 251 0 0 137 40 57 35 0 0 0 80 0 0 17 224 95
    49 255 215 0 255 189 71 188 113 141 2 233 58 188 240 255 0 149 232
    255 255 0 255 238 195 31 154 19 0 13 0 19 255 43 195 56 10 62 9 79
    153 49 214 132 126 0 108 62 44 185 37 255 27 27 30 192 255 175 255
    255 35 160 143 255 171 0 115 68 0 182 255 0 255 65 169 108 127 226
    202 231 211 221 158 223 0 134 253 197 255 41 31 168 246 255 0 50 150
    18 246 255 13 0 141 111 255 253 0 201 0 147 76 0 244 255 255 0 134
    255 137 213 145 154 153 209 216 246 0 135 32 6 4 244 39 0 88 20 0
    151 255 238 130 0 194 110 255 11 6 255 0 57 232 163 116 255 255 131
    0 255 55 255 236 255 111 125 77 96 101 255 0 255 107 0 115 0 88 0
    169 11 236 255 0 255 143 255 181 39 158 255 228 0 124 255 13 0 221
    255 0 28 71 0 187 209 254 91 0 229 99 105 132 0 0 80 9 0 0 255 0 39
    255 201 0 0 0 255 232 255 255 253 206 222 0 229 125 168 252 155 92
    112 43 199 255 0 0 98 0 173 255 98 0 0 74 9 209 255 227 0 0 0 56 0
    125 255 146 0 211 76 203 96 217 231 113 255 255 167 0 36 113 8 41
    174 47 232 0 33 176 221 127 0 255 30 41 212 230 81 217 0 255 255 255
    0 104 232 0 112 223 85 177 255 109 255 255 255 255 223 191 55 207 74
    231 112 166 11 255 32 167 171 234 14 212 206 220 92 99 186 13 184
    128 255 145 102 0 41 255 178 101 179 113 29 167 21 240 170 227 74
    255 183 109 127 132 255 44 80 82 196 255 160 255 255 178 197 0 255
    87 0 255 0 28 187 131 12 0 37 213 43 77 55 130 43 162 197 255 42 116
    39 255 0 59 255 0 234 0 83 135 217 0 255 133 181 65 255 228 209 37
    145 0 125 151 0 216 149 117 0 0 234 10 255 87 145 0 69 106 255 222
    186 237 75 0 0 0 238 197 255 16 140 255 32 177 255 255 12 138 60 145
    149 255 0 118 255 17 52 211 0 255 255 0 120 0 254 216 247 161 255
    170 116 255 196 255 199 181 225 201 0 3 255 255 197 153 146 157 0 13
    8 220 242 255 13 166 7 255 250 255 78 255 11 212 213 114 97 88 46 0
    103 25 85 249 245 194 0 255 72 0 47 255 255 255 135 215 255 249 255
    188 255 166 222 255 255 163 0 0 163 0 86 189 0 255 52 197 58 107 0
    51 42 158 0 119 174 213 0 0 33 255 197 0 91 244 90 16 232 200 214
    255 0 28 255 0 255 100 255 179 0 255 218 70 71 0 0 52 206 0 16 0 37
    135 52 42 233 81 151 213 46 255 0 98 255 0 196 52 130 66 255 255 141
    21 58 86 105 0 187 0 0 164 95 69 216 255 255 0 0 249 255 182 27 113
    255 170 231 255 238 180 9 77 255 20 125 255 101 142 66 255 63 0 255
    113 255 156 126 159 190 22 0 25 0 58 120 225 255 70 255 246 164 198
    255 255 63 177 255 0 255 255 0 255 0 0 0 0 127 0 255 212 0 0 131 0
    255 255 0 82 0 255 17 128 157 0 229 194 0 19 0 30 126 255 0 252 0 68
    16 1 208 255 46 0 188 69 85 241 186 18 40 255 255 230 58 2 235 58 0
    67 29 111 89 111 0 255 11 255 172 67 0 220 0 178 255 194 163 146 255
    139 18 255 251 255 40 255 156 128 0 255 7 119 120 255 216 254 255
    181 120 0 236 219 31 255 140 195 255 98 0 78 12 61 255 247 20 230
    255 131 0 40 200 0 255 19 133 128 160 192 0 92 129 170 162 152 255
    196 211 56 0 211 201 0 251 208 131 157 5 9 189 255 230 64 226 39 202
    255 156 41 0 42 52 68 0 181 255 122 81 0 255 103 115 145 229 141 123
    44 221 0 0 255 255 192 255 255 11 255 195 0 28 0 103 67 237 255 51
    255 188 162 252 0 91 156 255 236 0 227 0 0 33 7 242 53 58 236 98 0 0
    0 142 7 53 86 14 214 253 255 0 43 255 135 145 0 151 50 71 0 67 22
    255 32 255 54 0 0 0 145 248 0 255 66 0 0 254 223 255 255 185 122 255
    20 0 0 255 0 158 147 162 255 245 0 20 7 23 255 152 255 42 255 239 39
    255 55 46 255 0 255 163 0 231 89 41 208 255 208 0 255 255 55 229 255
    175 34 0 0 255 255 242 0 255 247 48 0 91 188 41 255 157 165 234 224
    255 190 0 0 0 0 41 61 89 41 204 255 78 200 70 173 214 139 204 255
    255 217 211 174 125 121 70 210 255 60 0 154 0 34 35 255 86 0 255 255
    85 127 46 222 156 255 103 255 255 255 0 10 183 243 213 0 85 255 6 17
    0 0 190 98 146 60 241 137 183 255 3 0 226 255 180 248 160 81 4 255 0
    0 255 18 255 0 67 98 191 137 228 238 72 14 50 255 0 26 255 218 179
    255 202 215 0 243 239 255 213 35 224 255 35 0 53 0 78 185 0 148 0
    144 115 94 129 255 173 0 42 146 0 156 255 115 180 110 141 0 255 231
    21 0 0 0 0 117 0 38 14 255 0 130 213 12 0 152 97 255 126 144 86 255
    95 168 255 255 255 108 225 0 245 201 244 0 0 92 0 173 0 47 255 0 0
    139 110 98 0 50 79 102 173 0 118 169 0 81 89 244 229 37 145 148 194
    103 255 255 32 68 235 144 138 0 4 190 255 0 59 0 27 255 0 187 148
    100 60 81 239 1 14 255 67 255 230 173 140 203 255 255 41 124 132 255
    0 158 0 170 163 0 11 85 30 22 205 0 0 255 115 255 129 60 255 55 252
    224 172 130 121 217 219 19 254 167 129 178 95 255 91 255 68 204 254
    250 227 62 255 255 84 255 255 255 0 63 144 62 224 80 81 0 255 0 61
    221 0 209 93 86 157 110 55 0 216 32 95 145 255 20 0 251 0 0 104 99
    121 0 55 0 0 23 30 239 32 255 48 246 120 0 220 255 255 173 181 0 131
    43 0 0 244 131 255 219 232 255 247 196 239 218 95 255 255 0 246 0 0
    120 214 0 255 128 131 196 135 2 0 79 61 242 0 174 182 248 81 190 7 0
    255 184 130 135 203 59 255 255 255 93 255 224 183 105 101 66 48 89
    255 199 81 176 149 161 0 255 29 81 209 43 180 135 255 94 97 84 80
    186 38 70 194 124 255 0 233 151 218 182 0 182 69 255 255 0 255 34 91
    129 0 255 255 249 116 255 55 160 191 100 185 76 43 232 181 255 175
    231 0 88 161 9 255 255 0 251 68 62 105 65 255 197 115 234 214 156 33
    255 0 0 174 0 134 2 0 91 0 115 0 0 160 174 46 79 121 202 255 0 255
    159 160 241 255 55 144 153 228 255 147 136 255 255 44 201 178 235 0
    221 0 68 108 244 156 0 255 255 155 185 255 228 97 255 255 0 0 255
    227 255 255 224 0 255 189 213 122 2 224 122 83 0 170 255 109 165 43
    255 141 255 155 218 0 252 0 0 27 0 97 198 249 233 255 0 81 255 61 94
    219 218 255 255 255 109 204 255 0 30 194 235 188 0 24 0 140 255 16
    255 196 16 255 13 81 0 178 255 108 32 169 249 54 114 14 157 0 38 247
    255 226 187 255 227 34 102 220 27 255 241 218 255 203 0 86 119 244
    202 0 255 177 196 173 255 212 0 82 213 167 0 179 255 193 14 162 19
    158 237 255 142 99 165 255 241 82 29 0 163 92 179 85 0 0 167 0 60 0
    250 52 140 144 194 0 255 190 255 255 40 39 109 65 0 202 72 37 195 31
    255 189 0 152 0 0 0 125 255 254 255 255 239 255 23 127 217 255 255
    34 153 124 0 55 255 175 111 0 87 255 217 219 198 158 255 152 0 0 255
    0 193 185 0 230 255 96 146 123 233 255 180 80 64 51 238 0 183 6 255
    146 0 86 0 0 125 255 255 149 167 0 146 237 244 0 51 0 255 88 248 61
    239 0 169 255 0 0 255 8 192 0 55 141 158 0 121 61 175 255 96 0 209
    255 0 0 255 93 0 185 72 148 173 255 255 255 255 231 103 161 249 255
    225 0 255 158 0 40 214 0 83 162 163 220 135 6 80 61 203 3 139 62 42
    0 255 152 255 24 148 120 41 113 16 0 0 11 152 255 80 236 31 27 255
    255 144 247 0 207 197 68 133 134 133 0 142 148 0 154 255 68 0 234 29
    158 170 28 255 255 230 255 194 0 37 0 184 71 207 135 111 0 101 65 32
    0 150 194 188 255 255 27 110 10 75 78 174 207 0 113 0 0 0 18 0 219
    124 102 255 197 0 113 0 0 255 0 255 27 195 0 168 199 133 255 5 255
    206 4 124 0 0 239 54 0 19 28 0 6 253 192 15 112 255 191 255 216 255
    115 255 26 255 0 255 3 0 223 226 85 0 43 6 88 94 0 91 18 124 255 0
    230 0 255 141 255 146 186 74 220 0 208 255 0 99 236 153 66 130 38
    102 166 0 68 0 135 255 179 244 180 255 108 189 72 0 255 14 0 224 84
    255 162 94 255 177 60 68 27 255 101 136 199 220 0 207 233 123 237
    235 160 0 159 91 0 219 164 0 84 255 105 144 51 6 181 0 242 255 173
    255 142 194 7 85 103 0 0 16 255 241 118 173 0 0 0 0 217 67 255 161 0
    173 255 201 4 0 142 0 112 255 154 0 219 151 33 35 95 255 255 235 112
    239 174 125 0 0 0 157 0 57 253 31 255 255 213 255 255 255 87 255 29
    15 255 255 0 0 255 66 204 0 171 0 255 255 0 137 49 118 223 0 112 255
    0 148 255 9 120 121 0 128 123 49 59 0 34 160 255 144 255 0 54 255
    142 255 106 215 207 0 220 136 9 255 255 64 146 2 107 157 222 205 219
    94 255 225 125 0 0 224 147 96 105 255 79 198 126 76 188 220 28 180 0
    159 71 3 194 3 127 33 225 124 236 255 34 255 223 105 108 0 255 145 7
    152 164 33 255 156 9 0 174 120 245 110 0 0 0 27 8 0 16 223 0 83 37 0
    162 124 255 187 181 80 237 227 122 42 168 236 61 255 110 228 0 106
    214 242 211 42 189 255 175 202 104 234 188 0 183 7 28 101 48 255 75
    196 167 242 144 82 229 201 255 255 217 0 132 195 118 0 228 198 211
    78 49 104 113 87 252 119 109 96 255 175 0 14 85 243 85 19 0 255 69
    98 119 30 129 255 0 251 255 119 107 0 255 153 86 204 216 130 251 255
    255 63 170 255 107 160 255 255 152 98 0 255 174 129 0 29 52 136 159
    73 208 238 255 162 255 123 6 182 77 87 133 222 78 114 12 218 0 64
    175 12 33 255 200 0 0 106 136 236 255 102 88 132 255 201 242 0 114
    238 45 0 0 170 85 255 14 128 46 126 255 229 255 205 255 197 109 255
    255 255 214 244 255 96 255 7 155 184 0 0 149 0 0 74 191 48 255 0 44
    0 36 255 179 78 17 224 170 89 177 0 40 6 235 255 255 241 255 215 255
    54 30 0 255 241 249 0 208 255 87 142 252 67 0 0 178 136 124 142 68 0
    134 202 0 0 255 156 26 103 54 188 255 0 0 196 255 0 89 131 119 49
    245 0 0 11 229 29 0 249 123 255 0 255 104 201 0 141 0 235 204 126 0
    255 110 185 211 255 255 186 255 235 12 119 22 160 125 157 1 9 72 255
    179 8 252 147 3 246 150 0 156 255 255 0 0 0 0 70 168 165 255 0 57
    113 0 91 54 0 75 255 0 190 0 22 12 42 0 200 38 160 0 243 3 255 170
    175 7 204 0 255 104 161 169 255 174 214 83 148 0 255 226 255 92 239
    251 0 255 97 255 49 0 222 114 202 0 0 253 0 112 255 0 207 108 76 255
    148 111 255 199 255 214 99 153 0 169 167 0 16 54 40 164 0 224 94 42
    255 0 79 104 90 255 172 157 255 48 83 190 255 182 97 249 255 255 0
    49 163 255 231 177 255 0 255 26 127 116 197 106 0 97 158 60 255 190
    89 183 106 0 205 200 11 0 172 203 0 255 202 255 11 255 67 170 26 255
    136 105 255 203 255 255 130 147 255 150 156 0 196 0 0 8 0 202 190 0
    16 36 2 0 255 119 255 172 77 255 55 136 218 67 255 236 67 0 211 255
    255 74 255 47 255 24 135 38 0 80 250 245 0 143 251 97 255 255 255
    173 0 41 0 255 77 255 40 12 232 0 37 215 246 189 168 254 217 7 137
    255 0 137 204 187 255 189 71 255 82 6 163 0 255 0 255 0 247 193 113
    105 0 244 0 0 42 0 174 167 4 129 239 255 0 180 0 162 63 200 184 0 71
    255 0 0 255 207 255 0 255 146 50 148 175 55 227 157 47 190 79 96 219
    129 128 255 247 255 255 216 255 255 0 219 133 255 255 89 162 155 168
    192 255 255 30 206 175 65 162 255 123 100 0 68 255 255 0 0 197 122 0
    255 229 70 20 190 255 255 198 0 87 255 255 21 255 82 128 255 242 255
    255 0 220 44 108 19 161 0 109 0 181 189 73 133 110 208 154 255 255
    228 161 24 0 97 185 206 5 246 205 0 0 65 0 219 164 255 76 234 90 4
    173 0 0 135 0 180 61 252 159 0 187 239 17 156 0 255 0 247 225 0 28
    98 231 81 137 199 0 207 255 255 0 0 80 64 75 255 255 236 0 126 255
    53 80 255 255 178 25 251 255 0 255 157 15 24 0 226 0 179 23 51 53 29
    119 99 255 165 138 255 255 0 223 255 231 0 255 217 153 133 0 0 94 0
    66 28 248 0 57 224 48 255 255 247 255 255 101 255 10 149 149 253 64
    184 255 50 0 136 0 0 216 253 15 52 0 197 4 253 223 0 255 0 61 255 45
    255 255 77 129 203 144 0 0 148 15 0 255 213 35 0 12 29 0 0 0 7 94 3
    104 0 145 7 174 86 44 39 255 255 161 245 130 228 162 255 127 50 105
    237 216 2 103 123 29 182 221 119 142 81 130 0 176 0 209 0 255 41 215
    107 0 112 169 185 107 77 211 255 249 255 29 255 199 255 232 255 95
    255 140 255 6 136 169 41 152 255 55 54 0 163 0 0 20 234 196 159 31
    225 120 181 165 255 116 27 216 255 235 79 255 255 255 255 181 84 7
    255 14 4 36 74 173 0 106 185 54 87 187 15 0 0 4 33 219 30 210 219 17
    0 179 1 155 51 255 18 255 255 185 0 156 160 83 232 245 255 0 184 136
    95 66 214 0 82 0 190 112 64 254 203 142 141 241 133 48 255 0 172 255
    157 28 115 255 125 0 252 246 0 215 0 167 237 241 45 108 11 0 166 249
    115 19 50 48 116 186 6 0 199 37 255 34 65 39 255 14 255 176 57 230
    138 243 219 0 229 143 0 40 255 94 125 221 119 255 81 0 115 0 135 0
    188 0 240 30 108 6 63 162 0 0 0 184 192 216 255 242 159 194 36 127
    54 232 255 239 0 189 29 255 146 233 136 255 0 28 54 175 14 121 93 7
    49 0 147 195 79 169 42 152 255 0 18 254 244 57 0 186 109 0 255 255
    17 255 255 89 24 191 128 213 87 87 255 230 255 10 50 104 0 237 184
    62 0 0 89 226 151 164 74 255 151 71 255 252 170 220 68 255 0 44 15 0
    0 3 255 27 255 56 133 0 157 202 74 131 0 0 0 198 110 0 30 0 71 0 112
    96 173 255 45 0 14 204 164 43 255 209 255 235 128 0 255 36 208 255
    221 223 255 198 241 45 184 66 236 0 15 32 213 255 255 7 156 145 255
    0 72 216 137 159 130 131 99 239 211 12 21 255 0 69 255 33 105 40 59
    0 232 210 0 86 248 255 12 196 120 45 136 179 182 0 228 165 0 35 0
    119 156 38 104 247 125 0 0 139 118 0 144 51 144 197 94 255 0 255 255
    127 46 240 222 128 0 255 255 0 255 92 255 255 244 255 0 71 0 0 255
    255 198 99 255 108 122 97 255 99 52 255 255 98 255 255 180 161 34
    206 0 177 211 255 227 125 255 0 11 249 255 39 255 199 20 229 0 222
    114 58 57 0 133 0 96 10 0 255 186 255 96 65 116 255 22 161 0 43 255
    0 0 255 51 255 255 183 105 106 255 85 187 33 0 89 255 253 236 188 0
    0 0 68 141 157 199 82 168 123 255 63 96 155 255 132 0 98 72 71 0 49
    61 0 34 71 0 232 255 12 130 207 148 61 67 245 9 154 112 176 255 0
    137 188 107 178 255 20 3 167 197 255 74 192 93 152 88 255 233 44 47
    126 0 0 83 255 88 127 21 255 100 186 255 209 0 0 255 0 3 226 255 231
    255 220 0 255 255 255 9 93 234 255 213 255 255 255 0 15 144 255 255
    0 35 0 184 0 234 90 255 0 13 0 38 0 103 131 0 0 0 207 72 255 147 172
    185 0 202 136 0 186 179 243 48 0 215 0 65 255 65 100 87 245 65 255 0
    198 202 174 0 229 0 255 0 0 59 0 0 255 23 108 199 0 255 255 255 255
    255 32 77 104 100 138 135 202 238 137 9 126 0 234 237 0 92 0 255 247
    0 255 207 236 143 73 14 255 0 255 255 227 234 35 149 6 0 39 132 255
    84 129 209 255 86 255 255 120 160 34 236 72 0 154 0 168 168 255 123
    84 150 81 0 255 223 0 10 235 255 18 196 27 79 118 255 61 28 255 38
    255 250 160 0 255 228 255 75 21 255 0 255 0 127 5 179 184 209 255
    235 123 235 6 255 0 115 45 255 63 136 52 255 0 66 255 23 163 94 48 6
    88 80 122 48 22 0 254 208 18 168 200 0 4 214 58 233 255 115 171 140
    182 75 255 59 220 224 10 10 255 187 93 0 10 176 14 0 255 0 47 0 248
    107 102 213 0 107 255 31 180 0 158 255 85 78 187 4 249 59 52 0 143
    153 183 24 155 255 255 114 43 84 160 136 250 43 25 235 0 255 71 5 25
    82 185 102 255 0 255 73 255 182 0 167 182 234 92 0 103 0 63 255 255
    110 255 255 193 34 64 114 250 120 131 207 255 68 11 0 83 255 0 255 0
    255 255 56 11 67 99 214 255 163 43 62 110 255 185 226 91 30 116 58
    254 232 223 222 187 0 0 219 0 45 149 177 255 183 134 251 118 0 0 242
    126 237 92 0 0 154 0 114 33 255 0 0 255 0 158 255 255 69 162 79 213
    255 255 0 177 49 105 255 165 255 199 128 93 90 181 128 255 172 255 0
    255 255 149 255 109 0 199 0 159 0 0 237 255 208 199 207 50 0 38 139
    101 112 152 184 236 151 0 207 17 113 222 178 170 66 247 1 0 83 122
    74 25 196 0 63 255 70 255 20 183 255 240 44 27 40 255 152 205 255
    255 135 255 255 224 253 255 255 8 65 231 255 171 142 0 255 255 21
    137 254 123 0 7 255 80 255 0 70 116 0 27 173 0 223 0 0 139 175 108
    255 134 186 0 4 0 22 129 103 144 63 167 209 255 209 202 255 0 109 21
    0 4 164 6 177 118 29 0 52 122 17 255 255 0 171 100 85 159 191 230
    137 255 0 0 255 255 255 128 251 97 171 0 255 255 255 162 0 164 41
    255 0 0 123 17 0 202 255 0 255 122 7 23 10 255 255 120 255 152 212
    153 255 175 0 52 167 0 0 0 111 71 238 2 32 73 255 199 124 0 88 255
    39 255 237 25 220 82 61 0 230 255 46 255 0 0 11 255 0 15 0 183 255 0
    0 178 25 255 106 20 21 26 255 40 124 0 200 0 205 57 190 0 0 0 58 51
    0 0 95 255 248 0 255 0 255 74 0 35 51 143 0 17 255 255 255 156 13 64
    134 55 84 0 255 227 186 132 255 239 0 110 255 0 213 212 137 23 255
    183 3 190 136 99 255 246 48 0 119 148 56 255 66 43 255 0 66 158 0
    223 0 16 255 156 255 0 231 180 87 63 237 53 0 154 0 51 0 188 29 255
    18 97 255 135 255 237 193 97 255 0 25 0 74 82 87 177 248 255 0 176
    255 0 220 50 84 143 255 137 12 226 255 41 0 47 255 255 255 223 252
    125 0 2 212 209 0 0 226 46 0 0 255 0 175 21 245 9 116 0 255 22 181
    94 20 255 219 255 131 3 233 255 200 22 27 109 0 74 250 255 95 255 56
    255 0 145 0 35 255 18 0 0 245 42 0 0 208 0 54 90 24 255 26 146 255
    120 15 58 166 220 160 255 0 49 115 24 224 87 95 153 48 251 7 227 0
    227 255 25 220 255 217 121 0 164 144 255 0 255 255 0 255 105 203 34
    59 255 0 218 255 49 32 6 255 0 139 173 90 100 108 147 105 112 255 34
    220 86 210 205 208 255 44 6 145 122 105 5 0 255 0 10 34 174 189 255
    18 22 255 241 149 0 255 81 255 0 0 255 255 224 218 203 26 0 233 112
    149 86 200 255 90 209 149 255 178 216 12 131 234 152 43 255 255 168
    24 253 0 65 183 154 172 121 43 113 185 55 44 146 21 0 149 227 25 0
    255 0 142 98 238 109 185 147 0 255 228 255 0 12 80 0 255 0 91 0 255
    0 132 60 36 255 162 65 147 0 52 16 99 19 54 172 0 118 196 238 255 33
    255 177 0 223 154 176 3 77 255 255 250 0 255 44 255 171 32 25 0 188
    2 238 224 0 116 255 145 140 111 146 209 71 160 214 255 214 0 139 39
    166 142 187 106 148 34 228 0 152 255 146 1 181 207 39 0 188 36 91
    172 100 255 191 240 138 0 219 0 255 99 122 0 113 100 180 255 92 16 0
    22 161 225 6 255 137 221 255 246 0 77 113 233 0 122 177 3 137 166 0
    0 0 255 5 61 53 59 114 155 14 22 226 53 0 255 0 255 5 255 160 255
    255 191 250 0 151 127 41 111 0 198 255 255 45 255 152 79 0 0 182 75
    0 195 0 255 39 198 255 0 0 162 5 137 106 145 42 220 0 181 47 106 255
    6 46 255 0 141 255 255 255 8 255 0 0 230 244 34 228 141 0 26 0 255
    178 3 255 219 0 157 49 127 180 20 170 84 0 126 0 255 154 87 237 0
    255 0 0 0 235 255 255 192 125 246 243 117 192 11 0 150 63 94 0 0 10
    255 193 0 100 255 59 255 0 255 255 255 84 255 0 82 49 0 106 255 0
    170 4 31 208 9 75 255 177 221 40 11 148 118 46 97 255 255 35 31 78
    109 255 255 47 29 205 226 0 121 255 95 89 143 255 100 242 231 72 255
    255 181 0 11 0 255 216 0 233 111 0 192 22 146 98 255 67 0 148 226
    214 0 92 81 133 255 255 174 234 126 165 0 255 67 154 221 105 0 18
    192 0 191 166 30 0 152 198 145 194 156 0 206 161 39 54 235 126 83 0
    30 255 0 236 2 177 157 7 33 0 0 77 0 0 132 105 213 138 56 3 221 108
    254 255 117 93 121 191 255 224 0 16 0 235 191 255 166 255 167 57 97
    185 0 121 0 162 0 51 55 162 255 140 255 4 0 0 255 255 0 255 199 255
    23 0 153 41 82 34 0 59 64 0 33 53 37 84 110 125 24 255 66 150 246
    175 17 1 255 0 0 0 0 239 13 109 55 255 255 255 145 7 255 217 0 158
    255 134 0 126 0 0 186 31 123 77 82 123 174 0 23 196 229 255 212 0
    166 255 232 51 255 249 255 255 0 218 0 103 94 0 238 0 242 255 204
    255 37 138 234 241 0 0 255 110 0 0 52 0 0 199 0 14 11 0 25 140 186
    255 90 255 160 40 158 86 0 0 30 225 0 255 0 22 251 255 255 210 255
    255 59 124 0 198 26 40 173 40 0 213 160 0 236 95 77 188 0 0 255 206
    0 57 61 185 0 255 184 8 252 243 255 92 0 172 161 75 147 26 123 133 7
    97 79 255 224 251 217 40 0 5 255 255 255 51 0 247 69 0 255 0 18 239
    0 237 255 133 255 186 246 69 166 35 255 120 97 255 255 92 0 0 208
    185 56 211 0 224 0 196 131 255 0 255 157 161 140 255 0 231 36 0 255
    38 188 13 185 145 234 255 129 0 255 33 72 50 185 255 0 0 253 255 55
    210 255 49 222 255 255 119 0 255 123 151 59 100 6 103 52 255 255 57
    240 255 204 0 55 4 247 66 53 102 200 176 0 255 254 183 212 255 108
    115 41 191 83 255 255 255 163 255 205 139 0 127 0 0 255 255 188 255
    147 72 221 120 145 0 255 39 255 164 39 40 0 148 189 237 132 217 0 0
    131 0 193 237 255 24 0 204 235 244 255 214 255 87 110 193 188 18 243
    61 163 0 153 119 0 53 108 25 23 255 177 42 6 135 215 0 0 223 41 130
    181 242 24 125 111 181 0 255 235 195 74 158 112 50 175 100 0 41 0 0
    0 4 25 255 248 104 248 0 78 94 16 87 181 115 42 237 73 247 117 71 47
    48 0 76 229 255 255 175 37 33 255 255 0 3 162 234 117 38 35 65 63 93
    0 201 120 238 247 255 255 170 255 158 0 157 191 19 0 255 255 36 26
    118 2 0 29 83 36 86 255 14 0 42 255 100 0 61 230 255 106 255 43 17
    20 164 0 200 73 184 0 110 151 122 68 255 0 255 242 92 255 88 17 255
    158 24 255 255 255 53 101 16 255 0 54 0 155 104 255 254 255 255 255
    242 149 179 255 163 230 255 38 77 0 0 255 117 181 0 137 0 115 122 0
    140 95 0 129 141 183 154 151 112 122 0 255 255 0 148 225 88 55 0 255
    232 2 163 190 79 255 213 0 255 0 22 255 208 255 255 30 7 224 84 117
    199 0 63 0 255 213 167 255 255 120 255 206 27 255 2 255 160 97 255
    130 0 0 115 0 0 139 38 53 0 91 0 103 6 217 0 222 0 0 105 1 0 220 255
    181 0 72 31 0 253 144 254 93 37 74 29 81 142 2 177 0 33 172 255 255
    21 225 255 222 255 255 29 0 0 4 61 0 0 30 255 66 255 13 136 149 204
    0 48 255 229 255 255 238 255 114 238 246 43 183 5 180 131 255 118 83
    0 1 245 255 179 208 225 63 0 228 120 0 0 0 0 255 255 229 23 84 40
    255 74 108 0 234 14 40 11 207 207 52 255 128 86 93 228 142 229 155
    89 0 131 0 0 210 0 0 54 113 0 125 0 0 159 73 0 255 255 1 22 64 255
    13 141 255 108 143 255 255 255 34 84 255 0 169 120 24 0 100 255 0
    127 68 76 0 213 49 23 95 39 89 146 251 208 130 217 255 184 209 81
    255 3 255 220 44 176 41 69 183 96 241 184 0 240 198 0 223 185 107
    103 0 255 21 84 124 181 77 0 255 168 49 236 255 254 0 202 24 204 255
    253 210 17 127 39 255 255 255 0 123 122 132 132 4 187 18 114 255 0
    66 181 62 165 59 255 0 175 0 255 218 186 255 255 177 0 0 217 134 0 0
    157 255 130 0 58 255 44 140 237 240 255 7 255 87 255 59 255 20 83
    227 240 0 210 96 25 232 199 255 0 172 155 160 0 216 255 0 103 0 115
    255 20 0 255 0 233 0 241 206 82 157 7 151 0 0 255 255 93 255 23 165
    254 108 97 255 174 99 245 255 1 28 78 158 206 255 105 255 111 255
    255 255 50 255 41 0 0 255 208 105 27 0 0 255 147 63 63 0 255 198 0
    92 125 92 179 255 0 255 0 0 160 127 255 163 255 0 187 91 58 255 213
    45 160 37 32 155 0 0 153 150 0 50 255 0 255 255 0 207 143 123 163 0
    67 35 91 0 0 149 231 0 19 83 0 255 0 178 9 181 190 178 255 137 249
    16 255 0 115 175 0 9 225 255 182 146 211 66 221 211 19 81 45 0 0 205
    0 0 37 185 83 176 255 222 255 208 54 255 119 49 1 255 244 49 166 104
    0 0 150 168 81 255 9 241 255 214 252 12 65 255 134 5 2 0 0 178 106
    202 164 0 253 0 166 168 57 148 97 124 47 255 191 255 250 233 0 70
    142 52 0 17 23 221 251 144 150 95 187 0 251 243 255 85 255 111 0 255
    246 194 0 67 229 243 197 210 5 191 0 0 209 0 153 8 91 3 97 161 59 64
    255 0 227 255 130 113 15 65 153 54 255 0 0 230 64 88 146 0 214 0 0 0
    70 186 107 0 0 30 215 158 255 103 208 236 47 97 56 68 227 130 235
    255 255 255 0 57 255 121 192 255 87 77 255 195 105 229 211 0 26 20
    116 255 0 0 176 0 117 216 97 255 119 76 73 217 54 0 89 0 186 102 0
    124 25 255 33 165 252 255 0 0 0 95 87 61 125 242 255 250 219 255 0
    119 46 161 164 167 101 227 130 206 208 186 18 255 61 41 59 199 0 220
    247 0 161 100 152 250 189 0 160 255 190 51 0 196 0 157 29 0 95 255
    113 158 223 138 204 0 255 97 131 255 198 255 0 97 185 89 0 255 50
    187 37 252 68 255 255 0 255 200 49 243 107 145 255 11 231 214 211
    155 255 255 59 255 47 1 154 56 0 2 255 255 208 255 255 80 3 135 131
    205 175 23 0 35 174 0 237 2 252 117 254 228 36 255 0 255 149 220 160
    255 150 191 255 231 10 226 255 31 125 55 31 137 0 106 165 60 138 212
    255 171 0 3 220 63 0 0 255 169 255 255 131 0 161 67 255 153 6 243 0
    255 255 222 196 49 114 0 223 139 254 255 72 17 172 98 225 187 170 0
    255 0 255 0 46 184 0 255 0 159 7 67 42 0 0 255 20 3 153 0 0 0 185 0
    237 50 248 236 165 3 83 82 68 255 40 255 22 173 247 203 0 99 20 241
    163 255 255 11 255 200 255 224 22 96 53 0 0 0 57 255 44 129 36 5 255
    119 86 237 0 255 4 255 200 0 218 255 190 217 56 50 37 141 207 33 0
    216 0 112 233 255 0 0 255 255 255 70 2 167 177 22 165 255 32 251 255
    255 210 235 255 0 2 0 0 24 255 255 241 188 240 255 121 243 255 0 107
    181 105 188 136 79 247 33 255 108 167 201 230 188 3 0 0 222 255 107
    122 15 255 255 97 240 130 0 190 101 118 178 0 120 134 255 255 30 255
    255 201 0 0 255 255 57 103 27 8 4 58 163 146 0 232 31 102 69 255 101
    0 0 0 238 0 180 255 137 240 211 0 0 0 21 0 255 76 0 0 85 48 255 92
    181 255 255 255 182 120 255 4 0 160 255 162 0 239 17 255 209 243 49
    249 101 0 44 255 198 91 255 223 154 2 163 255 182 68 45 133 219 255
    207 18 132 255 0 0 73 0 254 160 208 197 130 255 10 245 195 201 206
    190 0 229 62 148 0 12 121 255 255 93 0 255 255 154 255 188 80 181
    113 255 159 200 132 233 111 255 25 132 1 52 218 255 198 129 90 146
    147 255 206 46 250 140 64 0 255 49 101 109 3 242 24 0 63 92 248 255
    188 129 108 255 76 36 85 154 0 255 0 146 129 255 254 83 195 177 255
    0 232 134 194 49 243 255 75 0 141 5 255 0 233 255 102 0 38 148 0 0
    150 68 0 35 64 255 0 173 0 35 144 5 187 157 99 0 255 67 0 190 255
    255 193 255 83 255 0 254 255 161 35 74 253 152 255 245 109 138 0 144
    211 0 0 255 108 233 0 0 255 164 255 76 255 18 254 52 153 186 252 0
    15 0 36 0 10 255 224 47 48 157 255 0 255 0 255 255 0 255 0 247 255 0
    0 3 50 34 205 162 225 87 212 54 0 0 116 172 218 227 0 223 0 234 205
    255 0 76 208 252 0 173 118 0 64 241 255 255 0 255 255 80 68 133 125
    22 255 255 106 173 230 108 0 223 255 255 219 255 245 246 255 0 90
    240 151 27 255 0 193 0 217 0 185 255 0 255 0 255 213 198 21 89 0 116
    249 15 135 255 255 197 255 84 119 186 108 255 207 55 0 21 43 74 137
    215 232 255 135 141 230 255 0 255 255 255 255 127 254 1 116 242 169
    195 137 53 0 0 74 230 60 255 130 121 255 210 0 140 0 228 0 0 255 52
    0 81 0 255 255 255 71 0 255 211 0 157 201 50 182 220 62 1 20 0 71
    255 123 0 26 230 101 222 0 254 50 20 218 0 0 255 255 8 255 0 63 255
    39 0 79 35 0 22 205 255 78 255 255 124 128 138 205 255 0 255 95 219
    255 170 129 191 244 27 255 0 255 255 179 8 255 228 159 95 7 187 65
    47 117 0 255 34 226 0 122 85 40 71 101 255 185 200 255 100 2 0 0 229
    250 0 0 59 117 136 0 31 255 109 255 104 0 19 255 56 11 153 38 255 0
    32 148 255 117 62 255 0 218 238 255 255 0 25 128 151 225 255 250 134
    25 74 7 208 164 21 0 255 0 1 255 236 120 252 120 70 217 73 229 255
    117 20 76 77 96 10 183 0 42 255 5 239 165 69 255 255 0 0 255 255 20
    255 255 255 207 118 29 214 255 255 121 255 244 0 87 177 55 55 255 0
    10 0 255 128 0 0 119 70 12 255 89 217 241 0 194 72 0 217 67 22 255
    147 194 17 253 178 200 255 201 223 224 255 36 111 54 80 165 255 103
    255 9 0 141 0 222 190 159 25 57 255 198 200 0 28 3 235 57 51 255 198
    255 255 104 215 186 255 122 0 118 223 67 13 9 179 0 0 0 8 255 197 95
    81 48 231 156 159 20 192 0 176 255 39 202 0 11 255 0 255 255 255 255
    0 65 91 0 128 255 62 0 255 85 46 61 56 255 254 0 153 190 255 100 45
    205 252 77 189 183 0 255 105 173 255 0 255 52 35 57 0 0 0 13 0 51
    255 193 97 0 255 255 111 0 72 186 102 129 0 2 92 133 255 87 255 24
    255 188 238 88 240 255 10 254 221 210 97 179 144 70 255 22 0 255 38
    106 36 255 42 161 0 142 0 255 100 246 255 242 200 123 223 255 2 228
    194 38 0 255 89 95 255 187 34 255 173 198 0 0 9 0 143 194 193 145
    208 102 182 115 209 9 255 130 0 178 21 214 1 135 158 67 0 175 53 32
    155 56 0 0 100 241 173 255 83 121 101 0 137 91 255 246 255 3 234 172
    119 0 239 73 0 0 211 0 255 88 120 255 61 52 206 0 255 33 217 255 255
    213 255 125 203 128 0 0 247 212 218 91 47 222 255 26 82 222 0 207
    214 0 195 87 43 213 0 187 215 80 111 255 0 255 234 255 16 255 255 72
    176 27 143 20 255 0 0 141 102 34 255 255 0 135 102 232 255 142 233
    27 128 0 152 213 0 142 0 0 66 69 171 255 15 0 84 91 255 22 255 35 42
    198 124 0 255 255 0 0 231 53 100 200 0 107 60 8 255 185 216 15 24 0
    154 60 50 25 0 172 185 255 0 255 81 156 81 6 9 255 160 135 143 100
    197 111 14 127 255 0 255 255 72 0 0 133 55 115 255 106 0 255 58 255
    255 9 255 117 27 0 255 187 0 40 234 158 30 145 45 150 92 197 81 226
    7 0 203 106 0 152 162 145 255 0 63 153 21 167 254 34 254 16 75 229
    107 95 73 255 255 0 95 233 209 185 165 186 24 0 0 0 38 226 0 255 55
    0 72 183 143 201 0 39 0 255 237 204 110 24 106 9 255 173 92 196 255
    230 0 152 255 0 248 149 208 158 0 184 255 0 113 27 88 64 33 78 76 0
    255 48 0 59 235 0 255 37 83 244 9 236 129 124 31 0 198 255 41 16 255
    13 250 8 51 225 53 26 0 255 255 23 255 255 177 114 90 12 126 111 71
    0 168 212 0 255 255 61 6 0 64 0 119 184 70 12 255 105 255 244 253
    214 45 0 132 182 140 112 253 255 222 197 0 209 242 220 156 136 105 0
    255 0 228 255 223 228 75 219 96 0 48 166 169 168 217 97 141 150 88
    227 21 94 200 135 119 255 0 105 212 255 242 24 193 59 239 192 70 226
    154 126 101 185 0 0 129 255 54 255 50 169 0 246 229 29 255 255 120 0
    255 255 0 61 159 58 0 14 0 0 247 0 62 251 248 150 61 255 239 241 255
    193 0 115 43 33 225 255 96 69 86 255 209 0 0 144 255 255 255 103 44
    63 0 4 74 106 241 164 255 133 221 132 112 255 132 89 158 255 77 74
    146 8 198 0 118 49 161 28 85 149 222 0 74 232 27 227 43 84 255 0 116
    0 20 14 126 255 0 0 254 0 255 124 71 16 0 135 86 29 164 162 8 252
    255 249 112 0 255 76 102 0 151 97 0 119 89 111 44 0 0 77 0 123 244
    213 0 166 59 0 158 255 157 31 0 55 53 0 255 95 0 21 200 54 0 196 148
    4 255 255 0 144 237 0 255 0 215 17 227 255 137 60 255 239 255 158
    255 2 91 255 119 255 255 255 130 226 255 255 118 59 30 159 138 113 0
    7 243 38 214 181 255 255 93 163 255 3 255 13 4 103 70 222 255 117 40
    255 76 57 75 98 125 0 29 239 37 255 211 92 255 0 0 255 217 47 97 108
    32 180 76 0 0 0 18 255 0 49 94 54 221 0 76 0 196 135 35 83 255 21
    255 255 125 255 123 129 138 9 88 255 208 15 134 255 214 0 221 37 212
    187 74 255 221 255 9 91 255 133 94 188 232 7 255 166 0 149 255 0 0 0
    226 255 241 0 255 255 0 255 255 75 0 255 255 42 108 238 0 107 29 182
    6 148 100 29 103 167 181 71 200 252 101 255 255 18 195 255 255 137
    120 90 0 202 0 37 127 214 225 142 167 255 244 147 71 143 52 255 221
    208 0 255 124 0 14 248 0 236 0 10 163 103 109 216 81 0 95 117 241
    180 255 0 243 0 36 215 203 133 31 8 255 0 0 23 0 0 112 0 255 115 0
    163 170 236 0 0 188 37 0 255 161 0 0 190 127 208 156 115 3 255 255 0
    84 165 255 0 188 80 255 0 239 221 255 0 228 0 233 40 75 0 149 20 118
    255 67 0 185 255 250 29 251 232 58 255 178 0 79 35 155 34 255 165 0
    114 0 30 200 63 0 255 97 255 1 226 54 102 49 10 0 195 0 249 255 255
    7 41 0 164 251 0 126 255 14 0 47 255 255 67 228 221 77 16 0 200 178
    165 255 255 220 78 159 59 0 255 31 118 0 151 255 100 129 38 98 0 92
    255 0 9 238 0 255 217 0 89 77 0 255 153 54 255 109 100 196 104 0 71
    178 0 172 55 226 187 79 255 230 255 217 26 255 255 255 181 4 255 224
    25 0 88 247 240 89 174 255 34 71 0 118 102 20 99 136 146 0 200 0 4
    236 183 0 43 255 69 212 130 4 171 255 174 91 0 122 24 7 251 0 81 152
    0 255 140 159 26 161 255 235 0 96 222 27 97 165 255 0 0 127 255 83
    121 117 38 255 0 45 139 0 90 255 213 153 0 255 0 157 0 22 152 0 178
    255 0 255 83 241 255 243 126 116 0 0 129 115 71 0 54 0 73 137 164 57
    255 255 255 255 122 43 120 38 153 8 0 113 68 146 0 95 65 164 27 51
    164 113 163 176 155 34 66 114 0 255 224 214 0 235 0 0 115 255 248
    130 143 1 80 164 0 0 43 134 0 80 226 255 218 204 0 0 77 255 15 27 49
    30 255 196 207 255 255 0 28 153 0 0 84 65 0 61 255 77 255 255 28 220
    60 231 51 186 215 21 118 0 0 255 184 204 92 133 248 0 255 0 29 0 91
    229 42 71 65 255 0 0 0 205 255 37 255 213 116 255 165 255 0 0 50 0
    42 185 70 208 131 75 248 35 39 85 0 255 0 177 62 6 255 70 183 255
    125 15 0 46 176 255 200 159 0 255 130 0 255 0 161 78 255 156 0 74 23
    255 255 0 255 0 0 255 255 255 122 132 46 13 135 147 73 252 0 123 29
    255 255 255 134 118 0 196 255 36 254 127 255 0 2 255 123 255 29 0
    220 250 2 46 0 161 20 0 223 255 3 255 229 89 60 48 236 91 180 18 0
    240 125 62 255 187 214 59 22 232 49 0 255 176 255 255 57 153 0 0 255
    115 63 19 250 255 217 200 148 245 231 93 143 0 19 63 52 0 255 221 14
    214 0 107 0 11 0 255 217 31 161 1 209 170 42 0 0 165 255 0 255 157 0
    255 245 157 203 94 255 255 66 255 112 255 214 0 69 189 0 255 204 128
    95 212 0 255 251 139 186 255 49 68 244 77 251 93 148 255 255 103 82
    152 149 99 221 229 151 27 255 144 0 178 208 61 0 132 255 223 186 255
    87 155 172 122 54 210 241 39 223 67 0 192 147 255 255 88 89 0 0 77
    255 43 255 0 133 151 2 47 117 51 8 196 0 255 0 196 255 0 70 255 255
    0 255 143 249 0 1 5 255 57 0 255 0 123 220 0 190 176 255 92 93 0 189
    179 255 203 127 24 23 110 243 0 0 101 59 142 0 255 142 0 88 40 74 0
    255 0 200 156 53 20 238 195 228 83 0 228 255 181 33 245 196 2 255
    117 255 124 33 104 250 77 0 0 216 237 0 165 255 255 45 255 250 255
    139 29 229 36 255 66 217 0 102 156 0 49 101 253 198 255 197 21 217 0
    0 40 57 5 255 0 0 53 0 117 0 221 52 61 0 0 144 255 79 0 0 0 0 255
    240 255 97 180 127 68 255 99 189 255 107 0 255 0 68 255 84 9 77 17
    121 108 113 236 44 165 10 255 239 251 200 90 240 17 114 92 145 34
    181 0 18 217 172 123 0 19 132 0 0 45 11 161 0 255 244 255 195 255 82
    0 104 90 11 0 40 216 136 0 139 0 186 0 255 140 0 225 255 0 185 0 207
    147 255 82 50 255 129 223 232 199 81 0 0 182 176 255 255 3 2 255 126
    255 0 15 225 41 173 247 187 0 0 10 7 251 158 98 19 0 93 132 158 126
    50 255 0 0 0 77 48 0 242 255 61 219 0 16 147 49 110 120 80 149 0 255
    105 255 1 0 105 255 132 222 227 64 96 255 248 0 255 255 128 205 75
    103 110 204 141 255 99 0 255 248 219 253 241 255 118 0 106 86 19 106
    241 39 14 158 255 255 68 31 255 253 94 195 24 130 0 255 255 255 222
    255 255 224 255 122 144 193 104 92 223 255 213 0 90 255 0 107 0 0
    165 3 148 255 10 224 197 24 0 0 79 162 73 65 255 0 117 0 0 216 0 22
    255 255 255 0 229 119 34 205 120 152 167 246 255 0 0 39 1 109 201 0
    69 255 146 145 252 255 211 202 0 255 0 255 227 255 113 255 255 155
    111 76 69 0 206 206 65 10 184 139 255 0 255 0 0 255 0 169 50 0 198
    11 255 255 0 243 192 50 121 255 104 39 255 88 75 0 0 249 0 113 0 5
    169 255 49 181 224 159 117 61 229 143 111 213 255 62 22 223 40 40
    199 0 255 242 255 104 0 121 179 231 225 81 114 0 0 255 255 244 56 15
    255 255 134 163 255 254 136 248 255 255 229 157 80 246 139 255 213
    44 233 0 255 157 159 101 113 17 0 239 170 255 188 255 242 255 96 253
    0 255 255 0 112 66 217 1 59 130 15 0 0 53 46 122 0 177 238 0 123 0
    255 79 16 92 81 255 91 128 27 102 47 31 75 59 85 47 255 19 87 113 32
    0 122 0 207 255 85 251 255 119 77 0 208 124 22 255 196 0 180 255 255
    0 237 202 168 0 0 172 228 0 0 255 150 15 84 0 55 2 33 13 165 204 40
    229 255 255 138 255 231 0 165 220 209 78 255 185 27 57 0 255 192 35
    240 246 0 255 91 255 0 0 24 216 0 238 205 255 255 16 255 24 148 0 44
    255 0 167 204 222 120 224 255 8 98 25 255 0 0 64 254 128 54 165 136
    255 9 44 0 0 32 127 26 74 203 50 0 223 0 34 182 182 255 170 0 65 2 0
    234 255 0 255 255 255 242 170 116 255 0 0 255 119 101 215 221 148 19
    255 255 255 255 18 255 147 255 111 86 188 0 217 82 121 119 0 206 28
    255 17 0 140 74 0 150 0 159 139 127 72 81 161 201 255 193 77 208 255
    255 244 255 74 190 17 76 0 176 255 0 0 181 226 255 95 19 184 61 114
    99 39 227 118 87 255 146 255 0 0 0 0 0 0 164 74 68 154 0 101 80 139
    219 214 255 133 255 228 54 220 101 255 0 246 0 0 0 14 44 188 0 102 0
    99 183 255 213 0 215 0 255 255 255 112 58 254 237 111 96 0 0 133 255
    0 0 251 255 230 0 201 37 47 0 255 154 0 0 0 255 251 31 255 0 175 255
    204 78 11 234 0 226 0 115 193 0 0 44 181 118 201 235 255 255 221 126
    75 176 30 255 235 48 248 0 255 194 217 255 170 125 141 51 255 52 255
    89 146 255 113 0 67 112 255 0 167 202 255 253 255 255 43 34 255 0
    243 207 158 185 41 217 43 255 255 152 255 255 149 0 44 200 88 25 98
    255 255 180 89 39 4 157 93 255 6 140 0 255 54 0 249 199 229 134 255
    255 224 255 213 40 254 255 198 255 36 255 194 27 163 255 255 255 15
    255 217 255 0 198 0 92 0 0 255 255 103 196 51 84 116 134 0 75 0 69
    255 229 81 23 1 211 255 0 222 255 83 180 253 26 255 0 155 255 153 12
    255 92 57 255 255 174 188 255 255 255 26 0 255 133 0 255 10 121 255
    98 0 25 203 192 222 0 255 0 255 182 202 167 255 0 161 255 16 0 43 13
    141 0 20 27 255 178 166 155 245 194 250 229 12 31 0 1 255 197 151 0
    143 0 255 0 187 61 46 255 100 149 255 0 122 255 124 255 255 255 0
    171 123 196 233 253 176 230 153 255 140 70 40 198 187 0 178 255 216
    255 236 162 15 220 111 46 0 196 11 255 0 53 25 0 52 42 11 39 255 255
    154 90 161 0 0 10 28 255 255 164 207 176 184 255 114 250 184 224 173
    175 253 73 32 44 255 255 255 197 0 0 0 162 0 192 152 145 0 255 255
    14 234 60 88 55 255 7 27 185 0 255 255 46 133 255 254 58 51 109 255
    29 180 209 146 179 0 75 255 186 0 26 65 26 203 0 128 190 161 255 63
    255 165 0 0 7 30 38 230 205 0 0 255 150 0 255 213 126 243 120 255 11
    255 255 8 233 52 2 253 255 0 36 0 255 205 162 50 49 18 103 65 0 0
    180 45 235 255 0 217 187 175 0 248 197 88 0 123 34 0 57 151 125 218
    255 255 172 186 0 255 255 0 86 0 9 255 0 0 239 239 118 162 190 255
    135 0 188 255 82 68 211 187 172 26 52 101 167 0 78 58 210 255 0 0 44
    159 32 155 175 246 0 103 180 173 0 255 0 79 155 131 238 103 134 0 61
    255 229 0 0 0 16 0 0 247 199 0 10 255 0 167 18 82 13 255 231 116 21
    0 255 50 101 228 255 123 111 255 79 29 88 255 0 174 0 161 93 255 251
    20 250 186 119 220 68 255 0 242 0 223 131 143 0 0 236 0 255 209 207
    255 126 255 207 255 206 108 0 0 225 59 111 255 196 255 0 188 0 255
    247 0 0 208 0 255 60 255 20 0 255 21 255 0 208 29 100 0 226 0 45 68
    0 200 243 108 123 47 162 139 255 0 138 249 4 217 48 93 58 0 11 25
    110 111 255 255 255 43 140 68 255 0 101 255 0 93 61 127 0 255 47 54
    255 0 0 60 215 145 84 255 255 205 201 0 217 0 141 0 3 56 8 189 215
    79 255 49 57 35 255 237 255 117 0 223 137 78 4 252 255 0 156 181 255
    0 182 0 58 180 252 255 63 149 255 138 112 0 135 0 230 132 67 188 3 0
    150 97 0 67 135 176 54 0 150 248 205 149 36 72 225 181 0 0 255 143
    255 255 255 130 0 255 64 0 198 243 255 166 204 0 5 255 16 255 240 69
    28 0 145 0 163 236 0 194 255 94 143 1 40 113 180 255 255 225 155 253
    32 244 113 146 196 62 51 162 197 255 255 95 141 255 140 34 255 68 48
    109 255 15 63 163 0 255 165 134 255 91 255 255 96 0 29 255 34 173
    239 0 255 92 173 255 255 0 56 0 172 190 29 168 80 24 0 0 255 255 0
    255 74 171 28 235 58 0 216 157 84 0 174 181 0 255 0 228 255 223 109
    45 0 255 60 55 231 0 243 51 228 191 0 24 0 255 150 199 99 0 42 0 3 0
    45 165 216 130 255 135 3 87 135 255 42 205 255 193 169 254 255 248
    74 121 175 191 0 41 10 0 171 255 46 0 150 137 22 0 195 178 255 255
    55 66 145 192 185 41 168 164 192 48 157 0 43 229 0 168 51 136 0 255
    14 40 255 255 0 255 0 94 0 222 255 39 168 93 255 0 0 166 253 255 255
    148 187 131 255 255 255 255 117 29 151 255 186 0 89 0 36 0 204 0 163
    107 45 0 203 13 255 123 114 0 0 61 156 192 0 255 255 255 170 255 180
    255 255 255 133 224 182 41 16 0 0 255 255 202 116 91 203 0 150 170 0
    65 104 14 0 173 19 89 164 9 0 0 133 255 255 0 255 27 102 19 156 0
    255 229 0 211 194 0 0 255 77 0 142 255 6 54 255 0 17 225 255 7 0 169
    35 36 77 255 0 247 166 81 255 189 165 0 0 126 242 0 242 98 0 255 206
    255 65 0 200 35 194 188 0 219 255 255 147 145 255 0 255 155 71 230 0
    58 239 97 114 111 35 36 159 45 255 255 108 88 255 0 70 188 235 4 172
    54 1 120 171 0 154 31 23 228 131 0 255 209 163 122 17 23 0 251 105
    177 103 255 58 132 0 37 174 16 0 255 255 193 255 0 132 0 35 0 180
    255 0 5 0 3 101 107 116 0 182 64 43 10 221 241 56 165 0 173 140 5
    255 69 0 0 42 19 112 0 36 87 252 0 192 99 0 12 29 233 141 200 186
    115 255 49 0 162 255 60 23 149 156 255 60 107 255 0 58 59 158 89 255
    211 0 20 160 173 0 0 255 241 164 86 65 0 129 255 217 147 45 113 0 0
    255 0 120 255 117 0 198 0 24 0 255 38 255 2 66 51 200 127 114 239
    255 0 64 153 36 255 255 188 0 133 142 162 74 156 117 152 8 235 255
    161 162 255 0 192 255 122 147 195 250 139 0 255 51 253 63 255 0 255
    121 189 0 0 0 89 249 110 71 255 119 100 193 0 255 192 168 121 255
    255 2 32 74 230 0 48 45 0 81 87 185 230 255 219 212 46 107 0 247 160
    215 64 158 255 35 12 255 85 73 0 217 14 0 160 31 0 12 227 134 255 20
    220 31 103 126 172 24 14 235 0 145 255 56 99 130 148 160 255 239 255
    220 255 0 24 255 0 255 255 255 51 245 231 255 81 255 255 0 255 255
    116 28 249 223 255 255 255 197 116 80 20 18 167 0 255 255 76 191 0
    255 0 121 246 104 124 98 239 202 0 175 255 255 214 125 100 255 88
    238 255 64 255 255 253 175 0 243 0 233 0 255 194 207 0 194 192 64 14
    70 172 255 226 32 255 14 158 255 0 47 26 19 0 244 0 235 0 180 9 26
    185 0 114 150 136 133 212 228 19 42 200 135 50 214 255 255 0 49 70
    156 62 63 0 255 220 42 255 0 129 0 0 115 103 33 144 216 23 0 170 0
    255 0 167 150 0 90 0 25 170 105 75 0 188 209 76 255 65 0 0 73 184 73
    153 108 255 255 54 161 156 0 127 0 24 75 12 198 98 148 58 255 111
    255 0 27 0 0 0 32 121 12 208 177 240 255 0 149 255 222 0 255 40 196
    61 82 19 0 255 10 7 246 0 242 255 78 152 211 255 124 248 0 67 78 255
    233 255 181 160 255 77 186 0 255 148 0 186 121 55 209 255 255 0 11
    164 247 255 255 173 14 173 255 64 59 15 11 146 0 244 0 9 123 255 55
    116 240 0 243 84 0 44 124 255 69 157 188 192 109 0 210 53 0 21 122
    214 255 169 52 190 122 87 11 255 0 56 199 45 255 0 222 7 0 68 208 73
    114 1 28 185 255 35 153 159 176 0 255 146 255 19 228 140 27 22 0 251
    0 139 49 111 103 219 250 51 39 158 35 31 80 11 255 0 18 239 0 0 161
    255 0 149 8 255 0 3 193 11 91 229 0 56 0 42 199 255 86 157 93 255
    119 255 91 6 164 255 255 211 255 0 245 255 0 156 150 210 230 255 0
    255 41 255 179 255 80 255 255 90 182 174 15 125 175 0 202 255 61 118
    109 11 247 255 30 9 42 255 30 122 255 110 5 0 255 0 171 26 3 255 25
    0 4 0 244 173 70 113 239 255 0 245 65 255 174 177 0 132 104 252 0
    203 84 137 255 164 255 36 255 0 0 17 255 0 0 137 2 255 0 198 168 71
    94 255 42 205 137 159 16 128 0 60 0 255 0 209 110 82 0 239 136 15 0
    0 255 157 0 255 46 63 255 128 109 172 117 255 255 255 255 149 13 172
    13 16 255 210 173 91 255 245 103 67 63 231 255 255 79 255 214 40 141
    71 222 255 157 231 88 0 0 214 241 141 0 166 234 186 255 177 255 196
    255 148 255 255 125 255 40 0 130 255 255 96 240 81 160 255 199 131
    42 109 255 15 0 143 159 0 255 241 252 0 232 161 255 255 39 131 97
    255 224 8 255 255 146 184 73 84 32 5 61 187 204 0 190 0 64 255 0 255
    22 69 139 39 128 0 38 255 255 74 240 255 62 192 87 0 255 25 148 223
    255 253 173 79 136 140 255 255 0 71 210 108 78 70 68 189 255 0 255
    42 97 177 106 255 194 255 255 72 25 0 0 255 185 143 0 138 255 235 0
    126 43 125 0 0 199 255 2 28 195 255 36 219 212 124 39 120 255 143 0
    122 26 33 43 255 0 94 255 0 110 255 225 200 118 0 234 0 178 255 255
    197 0 206 205 33 92 255 255 197 13 0 0 25 70 96 0 112 219 0 171 82
    10 246 35 141 218 0 164 114 123 29 209 183 131 255 85 17 28 0 0 97
    26 218 141 0 31 98 255 209 28 96 0 9 216 25 0 255 0 87 73 0 97 48 0
    3 61 255 0 210 255 255 122 25 13 107 11 217 217 252 94 0 0 6 0 234
    149 0 117 255 255 72 177 255 0 47 191 0 5 255 0 165 37 0 99 57 255
    125 255 0 0 11 54 60 255 255 20 255 255 255 129 255 178 0 141 48 2 0
    0 255 186 49 78 154 70 0 0 40 25 0 34 246 195 189 127 143 23 167 127
    0 0 0 36 239 10 224 4 47 0 136 0 255 36 160 72 248 255 180 107 232 0
    11 0 171 91 26 84 0 0 0 0 255 100 0 26 37 0 255 223 177 82 61 20 255
    187 52 255 0 225 194 0 255 90 104 255 255 255 255 0 111 111 18 16 70
    178 0 201 234 0 68 255 205 9 244 253 161 79 0 0 4 255 52 199 246 255
    0 122 0 0 61 0 205 41 76 185 0 250 0 110 255 218 157 255 8 0 181 255
    179 56 255 92 255 133 57 255 206 255 143 0 104 0 0 0 0 52 148 175
    200 11 88 8 255 168 38 34 0 0 225 0 0 24 248 0 0 255 80 155 83 171
    166 255 215 59 87 207 190 88 35 0 255 77 79 255 118 255 255 44 25 0
    247 165 82 63 0 255 253 43 147 3 80 255 152 21 153 190 17 255 129 82
    80 115 157 0 213 78 17 255 255 0 254 255 255 186 255 206 0 255 177 0
    40 231 197 99 255 255 113 0 255 255 149 255 7 0 234 255 189 78 0 252
    0 0 0 255 0 0 227 0 209 255 0 175 162 0 238 0 39 184 184 87 0 176 67
    135 245 108 220 205 73 113 255 99 223 250 255 47 217 40 109 255 0
    180 255 0 222 128 195 255 255 52 0 175 146 145 93 207 144 150 255 43
    196 217 0 47 144 89 123 182 0 0 79 182 170 255 255 189 175 0 255 239
    22 36 255 67 149 213 178 0 0 210 255 0 39 0 224 227 90 210 255 255
    62 5 236 164 0 227 102 125 200 88 133 0 141 134 0 65 152 157 0 48
    255 201 52 0 0 255 255 237 44 145 155 255 0 0 104 244 146 198 199
    160 13 255 0 255 255 102 117 43 45 0 121 181 0 129 255 255 169 157
    158 0 255 34 255 10 211 255 255 157 11 255 215 251 0 134 122 117 132
    0 54 115 68 0 255 255 145 241 0 48 0 0 240 220 39 255 255 105 0 255
    180 255 255 162 193 10 51 0 199 104 81 0 254 0 255 90 36 72 155 188
    185 210 210 0 119 0 6 255 0 255 255 108 184 255 190 241 33 218 0 0
    163 47 255 207 200 99 97 255 255 255 255 70 215 0 4 33 255 255 145
    119 147 0 255 0 255 255 54 255 127 70 0 238 57 153 54 255 174 71 166
    0 0 255 12 221 65 240 95 235 0 93 138 0 255 124 48 255 0 39 255 255
    238 58 61 62 37 96 239 0 215 177 122 35 0 0 34 178 137 126 91 158 0
    151 181 33 190 204 35 0 49 255 255 255 255 255 154 88 189 242 255 38
    255 158 0 90 71 255 255 230 212 255 153 0 0 218 216 193 48 255 255 0
    249 0 33 229 113 246 255 193 73 47 250 107 0 255 80 168 165 0 108
    172 235 150 0 255 224 161 31 255 0 170 177 198 255 43 255 0 78 0 181
    95 31 37 19 203 197 0 240 245 83 255 133 255 0 255 0 255 255 178 179
    42 133 255 0 131 63 191 255 124 189 0 255 255 255 134 131 82 0 170
    210 32 189 92 0 40 253 186 72 245 188 144 0 0 158 239 136 206 240 68
    255 134 0 142 255 96 0 41 97 37 255 160 53 68 0 157 68 15 0 126 211
    0 155 131 0 143 57 219 128 158 78 234 71 0 212 62 183 156 18 145 44
    0 151 192 0 0 120 107 255 37 203 199 0 83 103 255 239 255 255 255
    255 69 255 255 20 0 128 118 223 47 165 12 39 226 179 0 99 255 73 0
    179 113 4 184 139 1 184 62 242 225 255 0 191 129 248 53 0 249 0 0 0
    252 0 0 0 65 0 9 255 152 255 0 200 56 0 255 255 0 81 0 3 159 255 255
    252 31 217 255 190 0 103 51 1 135 221 118 236 0 255 84 255 15 9 255
    193 137 35 255 96 255 0 193 0 236 192 222 21 232 218 0 143 95 0 255
    255 65 196 49 255 13 0 255 124 0 199 255 255 196 69 0 105 92 166 54
    27 0 0 0 255 77 152 255 24 255 255 8 52 255 199 224 43 226 165 11
    158 103 183 255 0 255 96 193 71 0 77 203 158 201 0 0 0 92 255 242 7
    255 178 255 162 245 246 255 118 221 255 255 103 121 0 205 255 178 0
    0 133 0 97 126 116 163 255 0 255 0 255 150 207 1 130 54 255 255 255
    0 153 213 98 45 0 0 208 131 14 54 0 175 84 191 0 115 188 0 145 255
    192 0 87 171 0 189 185 255 0 116 140 179 105 0 162 134 100 255 255
    146 194 43 114 230 132 0 0 79 101 42 0 0 93 95 186 0 18 255 0 172
    139 154 255 255 219 244 0 42 105 33 142 13 255 185 255 0 0 26 231
    205 231 255 255 200 82 15 62 2 255 255 0 171 3 236 17 197 0 117 0 34
    192 185 18 140 19 125 255 155 156 255 0 71 53 0 19 122 166 0 255 255
    1 182 0 129 255 52 191 76 96 255 27 75 0 128 255 128 115 255 190 228
    114 191 255 255 0 0 55 196 0 34 255 122 244 214 193 255 255 96 255
    243 255 255 77 71 0 195 255 255 255 0 249 0 0 27 230 224 255 218 45
    66 20 255 207 55 226 234 255 108 255 78 236 5 235 11 137 131 147 54
    60 62 127 232 199 82 255 229 247 63 53 213 0 255 23 0 255 120 242 21
    0 131 60 0 255 0 144 130 225 27 70 21 0 255 239 195 146 7 0 114 104
    164 0 21 244 254 146 124 255 120 77 229 42 255 0 203 61 111 244 255
    255 221 153 255 184 149 255 31 0 0 197 137 169 140 224 255 83 213
    199 48 23 63 62 58 199 215 0 0 0 103 53 255 156 171 218 204 109 179
    159 217 190 231 245 161 0 93 145 255 244 0 110 229 43 79 0 143 0 116
    255 0 137 255 155 0 0 255 63 214 66 242 251 0 46 255 50 13 255 255
    249 162 213 226 0 38 159 192 224 148 17 255 110 0 116 94 131 0 255
    53 174 81 88 47 130 147 255 219 0 71 90 138 0 115 34 117 144 127 255
    181 97 0 16 127 0 0 0 0 0 144 144 53 255 184 0 255 41 224 255 221 0
    164 227 160 92 237 63 255 176 34 255 255 0 40 67 108 207 0 176 0 198
    174 30 16 239 254 132 0 96 5 246 0 69 215 195 154 255 255 118 120
    255 0 65 129 54 249 77 241 73 224 42 255 255 57 21 250 80 144 110
    144 98 196 227 164 163 0 123 84 34 77 51 255 44 28 65 110 255 0 83
    255 193 102 241 255 147 0 255 154 26 0 71 230 236 102 132 0 104 223
    185 157 179 127 109 255 250 10 255 255 233 202 159 29 193 255 132 28
    193 255 0 0 255 8 77 237 110 255 253 183 172 255 0 93 98 32 255 117
    0 207 193 20 52 50 255 255 60 58 157 161 0 0 240 0 0 69 255 255 0
    255 220 0 187 102 58 162 255 235 255 127 15 221 169 198 255 135 41
    255 8 166 29 204 0 54 34 218 242 154 13 104 78 236 206 108 255 209
    255 85 233 255 255 128 250 225 255 131 77 42 101 202 199 175 255 130
    109 255 0 206 233 0 205 189 0 125 255 255 255 255 24 186 137 9 5 255
    255 125 5 96 51 88 0 0 155 133 255 255 52 14 189 110 27 255 175 88
    145 255 83 148 255 9 0 155 157 119 245 165 117 74 196 255 0 251 12
    133 0 0 255 0 0 97 255 208 37 255 0 0 101 19 38 0 186 20 26 255 255
    0 255 0 138 164 10 255 189 0 161 31 248 255 178 255 0 96 131 201 72
    173 255 222 251 63 48 255 116 0 221 32 124 255 116 106 110 255 11 0
    255 70 0 255 0 0 155 57 255 240 130 181 128 59 144 85 189 19 109 140
    93 12 132 47 0 0 213 255 3 0 126 195 166 20 255 11 180 255 210 158 1
    145 255 105 0 146 0 0 0 96 116 35 122 230 0 255 0 158 55 38 184 255
    80 0 0 117 255 146 211 156 204 243 220 98 116 93 0 155 240 219 254
    203 181 184 0 161 29 0 200 23 36 0 150 69 117 255 20 227 0 192 18
    255 0 255 255 209 77 17 68 49 255 192 40 234 53 85 0 255 218 23 255
    134 255 0 245 255 0 212 0 192 255 220 140 211 255 252 255 10 160 109
    58 75 4 92 0 248 0 192 225 247 34 72 183 255 151 187 26 255 32 255
    192 0 211 0 187 255 100 108 11 255 113 50 255 191 49 0 239 198 255
    255 0 0 239 247 104 49 211 0 217 177 222 185 148 51 0 255 0 0 0 157
    19 0 114 29 232 208 255 39 197 0 96 255 0 160 116 0 55 255 8 149 75
    156 161 49 3 103 0 180 217 119 246 96 0 85 171 129 159 161 255 101
    156 255 255 80 45 145 112 255 139 255 173 0 255 172 68 180 255 253
    222 212 201 0 217 0 255 122 0 255 0 0 115 246 255 71 196 255 114 255
    255 255 63 0 47 67 141 0 0 8 0 0 0 0 211 255 209 109 245 242 0 0 0
    160 20 128 255 9 153 191 43 79 0 255 0 193 184 1 255 0 14 0 0 151
    207 0 219 160 218 255 55 255 255 0 245 0 255 31 3 255 0 0 53 0 255
    153 0 198 255 0 255 70 0 118 255 200 114 163 177 112 255 255 255 0
    255 255 248 0 38 0 60 218 255 67 0 229 166 68 13 0 255 192 237 15 0
    255 13 248 0 255 130 177 21 167 115 255 130 125 205 117 0 179 240
    147 61 241 61 0 171 162 0 0 0 112 241 255 149 179 167 158 255 255
    255 84 255 26 255 91 172 0 0 255 185 100 0 255 0 55 208 64 255 255 6
    153 0 143 7 40 0 144 37 239 107 106 156 176 222 184 236 177 197 32
    255 114 240 255 0 109 119 127 255 168 227 186 38 179 0 201 86 72 0
    29 0 134 138 255 200 177 181 255 55 22 0 149 0 196 212 116 32 143
    255 0 224 5 107 65 62 0 153 133 40 176 101 255 231 255 74 198 0 60
    255 0 5 173 0 26 60 26 190 232 255 69 0 0 24 25 0 87 0 159 99 255 25
    36 31 188 16 98 177 114 86 0 225 111 34 24 0 107 0 221 255 101 184
    170 255 255 31 183 255 255 165 26 119 159 238 69 255 0 6 255 54 255
    255 255 95 195 255 255 255 255 12 210 255 1 230 84 255 236 23 32 23
    0 0 255 255 186 0 255 65 0 86 254 246 107 74 255 0 0 0 232 203 7 237
    234 10 195 96 0 32 1 237 255 145 84 208 15 255 255 169 0 250 0 11
    213 252 107 130 223 76 243 255 255 228 36 0 10 169 95 255 255 255
    215 171 94 0 0 203 0 0 0 255 166 210 0 0 188 132 0 108 182 255 228 0
    0 139 43 198 212 251 169 255 0 136 0 237 53 0 0 255 1 48 164 127 82
    255 255 182 255 255 0 117 254 161 0 255 0 0 158 0 133 0 248 84 213
    255 0 0 255 216 255 255 34 48 219 150 186 255 153 244 146 60 91 62 0
    233 0 167 0 79 202 91 136 131 255 121 211 60 219 226 172 194 32 255
    91 0 242 255 132 43 0 255 32 0 106 119 46 0 134 255 0 62 65 0 0 0 30
    153 138 34 167 57 255 0 185 70 180 217 255 99 250 255 85 8 255 54
    236 0 80 61 226 190 184 213 178 93 92 52 255 222 172 131 255 0 255
    255 19 208 226 77 0 48 229 219 0 255 14 65 92 208 169 177 25 122 0 0
    9 8 0 157 215 0 205 0 184 151 0 77 0 255 43 0 255 118 57 82 181 99
    175 0 0 206 28 0 118 0 100 255 255 152 157 0 255 32 0 255 137 162
    255 195 161 25 0 255 115 255 104 255 85 253 0 208 255 150 80 255 9 0
    255 14 100 248 226 0 8 34 255 63 102 101 0 124 0 0 105 0 248 10 26
    170 16 255 83 143 29 0 149 248 0 0 25 119 255 169 255 249 255 255
    136 255 21 0 55 0 78 129 73 255 0 255 115 255 177 255 255 192 157 0
    148 255 123 21 44 52 255 123 255 205 33 151 32 174 66 255 67 129 137
    11 254 0 108 0 90 255 194 52 2 151 184 141 0 255 255 67 0 255 156 48
    0 91 176 255 193 199 107 232 0 143 0 255 255 255 0 255 26 72 194 209
    255 154 255 0 0 12 30 0 225 216 5 7 0 198 4 0 255 255 0 0 255 231
    110 204 0 237 251 255 22 26 215 255 0 39 255 116 89 0 202 85 11 113
    7 87 106 0 221 0 146 195 0 255 0 239 255 143 0 57 253 0 255 196 167
    255 34 0 0 24 68 70 141 241 255 115 83 78 108 0 85 238 138 77 0 7
    162 255 200 255 111 101 151 71 0 98 156 0 255 241 0 144 198 101 255
    255 255 42 255 226 255 134 0 176 11 74 0 131 193 235 0 132 121 222 0
    255 152 35 32 255 0 0 255 0 195 0 0 46 221 255 222 4 142 57 120 255
    255 206 182 2 190 0 255 85 0 232 255 44 41 255 175 135 0 74 21 25 0
    19 255 0 144 103 131 127 54 255 100 193 255 2 60 213 213 7 177 0 143
    30 0 236 7 96 182 180 255 0 35 0 255 130 63 127 157 67 25 255 222 81
    133 94 255 53 63 152 117 255 213 101 85 255 222 89 255 0 0 57 0 173
    124 255 161 52 0 174 233 45 255 132 255 51 255 166 200 255 104 27
    110 255 197 255 0 54 95 255 158 192 95 0 0 220 145 225 255 106 65
    204 255 138 2 121 81 0 212 255 0 0 255 0 0 65 132 0 0 21 225 62 255
    69 80 76 64 164 178 180 255 0 134 255 0 0 82 0 60 193 255 77 255 7
    255 81 255 77 0 39 226 196 24 66 59 255 255 233 255 46 255 0 206 100
    164 241 255 0 0 255 255 159 217 106 91 78 151 22 0 175 223 236 16
    184 255 255 255 89 0 0 10 26 0 251 255 74 255 147 20 204 0 7 63 255
    255 255 0 45 0 130 123 220 187 200 66 221 209 36 0 156 221 59 47 1
    255 46 0 180 194 0 33 255 255 0 130 18 182 255 82 255 2 0 0 209 247
    0 0 219 209 210 254 124 238 250 49 0 45 12 255 255 255 88 0 255 19
    255 8 83 255 0 0 0 137 255 0 255 232 19 255 177 246 0 246 112 255
    255 201 167 170 65 52 0 72 54 180 140 246 0 174 69 136 42 255 252
    254 169 255 255 166 0 198 127 28 59 230 244 255 255 124 0 0 255 97
    255 178 255 29 126 42 20 243 150 26 23 54 119 0 0 49 64 169 255 255
    53 0 255 179 13 8 111 77 29 67 255 0 1 50 88 102 14 0 102 255 197
    175 227 255 0 114 255 255 54 123 196 90 161 90 104 0 0 243 216 133
    255 255 255 242 26 0 255 230 0 147 87 0 75 255 180 227 245 191 118
    67 41 97 135 255 78 65 170 0 128 0 255 27 0 63 0 255 61 0 66 0 198
    242 180 0 102 0 255 255 55 57 0 110 39 255 255 191 1 217 242 255 0 0
    216 130 0 255 127 40 176 66 255 255 255 45 124 102 100 0 56 255 5 51
    65 28 255 202 0 99 140 255 255 229 93 172 250 45 77 128 134 255 255
    18 215 0 124 0 154 142 255 144 198 0 89 92 0 170 4 229 231 154 0 131
    246 255 227 255 127 237 0 235 72 34 98 255 202 255 32 255 40 0 137 5
    200 245 255 11 0 4 255 0 0 186 76 0 92 204 4 231 168 255 134 103 91
    219 255 0 223 196 162 255 0 0 222 123 40 255 231 155 0 255 107 255
    27 118 255 173 238 4 55 157 255 6 7 0 96 226 255 96 27 16 155 0 56
    255 3 0 0 255 62 0 231 190 157 160 0 0 99 240 0 90 39 255 123 0 205
    99 157 59 162 179 255 15 255 21 245 255 134 173 125 228 98 235 86
    247 87 164 0 133 147 47 122 128 152 255 30 255 0 115 47 31 124 169
    53 170 255 97 98 191 255 0 0 237 183 47 2 255 23 169 210 119 0 255
    129 151 170 79 17 0 90 34 110 0 236 148 0 255 14 255 166 0 93 180 89
    0 255 0 209 51 0 255 138 0 151 103 255 116 0 130 254 124 89 255 144
    133 1 77 124 206 0 255 255 255 255 255 5 68 54 243 122 0 242 90 107
    109 160 224 195 186 255 134 39 255 255 255 26 0 116 213 147 0 44 255
    230 255 30 151 0 212 153 255 171 62 0 167 0 176 15 196 100 117 222
    50 103 24 0 4 255 148 197 64 127 255 255 0 0 216 55 236 130 232 168
    252 18 255 255 0 252 0 71 156 255 255 235 94 127 242 74 0 59 34 0
    255 176 248 168 210 0 16 120 125 0 207 255 59 255 116 125 0 100 188
    3 255 91 236 255 181 123 210 187 68 188 23 171 77 0 3 255 255 112 41
    152 1 156 124 70 187 43 0 168 53 109 0 69 78 255 126 0 0 196 91 255
    126 176 137 113 80 255 65 159 202 50 174 140 119 13 28 101 171 255
    78 189 0 60 239 240 0 171 100 41 167 139 63 151 120 0 22 243 160 102
    0 89 118 227 0 0 255 255 232 17 194 68 255 0 204 109 220 255 35 104
    255 85 255 46 0 32 0 54 54 0 255 190 201 13 255 86 16 172 0 0 0 0 12
    208 0 0 107 255 0 255 15 207 0 96 0 184 0 232 0 80 255 255 0 255 255
    172 255 255 167 39 42 0 81 30 163 0 0 60 250 166 156 24 172 194 0
    255 0 255 129 89 249 0 0 0 0 149 0 50 234 177 0 255 207 255 239 255
    255 0 176 186 242 86 255 140 44 255 255 255 220 22 0 238 0 180 255 0
    113 108 109 255 70 215 255 79 75 239 0 133 0 76 70 253 36 0 16 120
    223 48 45 101 22 255 0 211 255 74 172 178 38 20 127 96 117 207 141
    35 190 182 52 255 86 89 255 197 22 127 234 242 0 66 0 0 99 0 0 193
    118 255 155 20 141 255 136 208 35 210 43 0 192 0 205 154 0 0 0 116
    139 160 255 224 179 255 142 0 0 255 55 107 52 124 135 255 127 0 255
    178 148 255 34 255 138 10 255 37 0 237 156 214 235 139 27 151 253 0
    53 255 34 12 0 0 138 182 234 94 75 80 92 0 255 12 39 204 203 120 53
    0 220 129 255 164 0 255 90 255 0 70 255 44 63 255 0 112 255 223 241
    0 54 105 87 97 204 0 0 0 139 255 98 151 255 255 236 0 210 255 46 149
    128 255 0 0 188 252 123 255 16 0 255 167 191 36 0 0 59 241 175 255
    201 175 0 169 21 244 84 192 255 0 45 0 91 0 98 1 200 255 0 34 0 142
    44 0 255 255 123 251 53 24 42 0 76 189 255 255 18 0 106 130 255 248
    28 255 250 255 255 51 0 16 0 201 255 132 181 247 241 0 197 0 180 61
    0 0 171 247 114 255 83 97 58 34 163 255 222 134 255 240 168 0 133
    255 243 142 202 6 255 106 42 4 213 255 0 88 0 0 203 255 19 158 114
    53 255 0 0 255 125 148 255 163 0 93 208 255 205 114 255 65 123 169
    69 0 0 255 231 148 35 229 14 154 177 255 181 172 67 255 23 3 167 115
    122 0 104 255 0 0 123 98 32 255 255 0 255 53 128 255 28 243 85 201
    161 233 195 230 190 230 255 115 181 250 213 0 0 255 0 255 255 255 60
    123 244 227 76 90 221 95 5 251 75 255 7 187 222 255 46 255 219 193
    12 0 255 66 66 0 255 152 161 95 137 255 105 124 50 0 10 0 0 248 0 19
    0 58 143 42 241 0 212 129 0 142 126 0 189 181 57 0 0 255 0 238 125
    165 101 183 65 0 179 255 33 89 133 0 76 0 255 62 0 214 190 60 1 0 59
    255 44 113 255 243 84 255 255 218 0 255 33 0 0 0 98 0 255 0 255 243
    10 203 0 124 60 98 255 206 255 238 235 255 27 174 255 251 123 157
    201 7 113 148 44 228 0 255 255 115 0 115 226 59 188 0 254 237 172 0
    255 56 242 255 255 241 22 0 28 0 101 255 246 0 13 112 0 1 236 255
    255 160 46 0 0 33 228 0 65 112 0 0 0 6 0 0 255 0 0 255 203 213 192
    78 115 255 0 0 0 0 14 255 0 0 0 230 28 35 255 144 255 180 0 89 255
    86 188 0 99 123 61 0 169 225 142 255 3 255 0 0 247 33 32 94 255 30
    173 255 255 27 0 255 62 8 227 216 175 0 0 255 249 134 255 255 117
    109 140 0 255 255 22 136 255 255 248 131 246 0 255 228 7 215 0 13
    198 255 15 195 11 140 255 255 163 48 110 0 0 54 0 31 136 0 238 187
    95 250 240 255 57 26 255 178 54 0 176 185 45 162 135 255 65 255 255
    77 107 255 143 232 255 255 106 199 0 255 255 255 0 4 193 0 15 202 0
    199 173 0 116 203 0 171 110 148 87 236 0 255 166 183 0 0 165 167 81
    255 38 225 0 190 0 22 255 0 169 0 197 5 255 193 0 0 0 113 167 255 87
    165 69 85 0 254 255 124 60 255 255 33 51 255 255 80 239 255 0 9 146
    0 0 229 0 0 33 172 45 22 234 100 0 99 54 255 255 82 141 0 255 0 248
    37 255 91 0 255 0 147 133 255 0 0 50 103 56 174 0 255 99 255 255 255
    27 10 26 230 47 230 146 0 255 0 175 0 33 255 147 59 25 0 142 131 26
    6 255 87 180 236 255 0 0 171 226 133 252 255 218 255 0 49 51 193 255
    255 79 216 0 255 81 0 255 255 0 0 0 246 255 40 95 25 0 255 79 214
    148 196 67 204 255 255 185 247 199 0 57 4 48 112 31 235 63 101 229
    73 111 245 107 255 255 70 232 0 182 255 39 255 0 190 65 0 0 101 157
    140 125 139 185 65 255 124 255 162 203 83 255 132 0 25 0 4 187 0 25
    0 243 255 255 41 111 19 144 243 167 23 220 0 95 64 245 0 169 255 173
    231 0 150 59 190 54 176 186 34 52 26 218 233 53 25 255 0 0 0 255 183
    255 171 42 109 193 156 0 0 205 0 209 255 255 205 255 161 175 35 160
    0 255 184 255 105 176 255 255 243 145 0 209 157 0 255 215 232 13 112
    173 0 255 234 183 23 0 136 0 72 3 94 136 102 0 124 98 0 0 130 87 255
    0 89 255 0 255 255 72 3 221 171 176 38 203 0 255 112 25 12 163 237
    255 92 209 99 255 119 228 136 47 0 0 219 255 0 230 104 236 189 187 0
    0 27 44 95 216 213 202 0 0 255 74 0 240 83 177 255 227 26 255 114
    240 96 0 237 19 0 255 0 152 255 255 143 255 39 0 0 80 30 122 246 238
    102 255 0 232 134 232 255 110 0 210 0 164 207 163 255 49 157 27 215
    170 236 53 151 0 103 193 185 255 255 255 109 127 232 68 0 176 255
    159 107 101 180 255 38 0 160 5 8 255 174 114 91 238 255 180 169 217
    75 80 127 0 197 255 0 56 15 87 255 167 248 255 123 128 255 255 191
    255 145 0 251 70 226 187 0 255 0 243 12 132 216 131 255 197 192 0
    215 255 198 68 252 37 255 218 255 132 71 253 174 255 201 118 236 0
    255 0 0 252 14 222 0 82 228 255 37 255 255 163 33 56 43 93 229 121
    255 171 16 255 3 234 126 226 255 0 255 0 36 45 253 255 128 106 255
    239 0 236 232 209 0 0 46 27 255 0 0 48 26 226 12 0 183 174 94 219 83
    187 166 255 245 0 235 144 255 255 255 0 20 205 156 160 255 188 255
    86 0 0 174 12 12 232 201 255 247 255 199 255 194 0 0 51 217 0 90 255
    169 155 116 53 0 80 255 145 14 136 0 121 87 106 107 0 0 214 0 0 16 0
    132 232 255 66 159 255 234 56 255 102 255 82 213 255 203 106 224 100
    91 6 255 49 0 255 0 164 118 255 0 209 0 0 0 23 246 120 158 171 183
    217 0 176 255 83 255 125 215 0 146 159 255 175 222 82 161 255 120
    168 5 88 131 207 84 62 52 165 0 66 187 167 114 80 255 142 213 15 105
    216 0 111 0 255 255 58 255 180 255 0 255 49 115 153 145 177 190 107
    255 230 37 184 0 103 143 43 255 70 124 255 5 255 0 252 179 176 102 0
    210 14 0 39 165 179 212 120 255 181 4 148 34 79 0 132 126 179 211
    255 43 33 137 255 0 241 51 255 255 250 255 0 150 0 77 165 237 73 0 0
    255 62 57 220 215 0 9 175 210 255 0 23 255 123 0 58 35 197 228 0 186
    163 131 229 60 19 255 170 0 136 7 106 24 123 110 13 206 255 224 220
    103 24 126 0 238 165 38 164 132 255 53 176 7 0 5 106 81 232 255 191
    0 168 112 101 159 64 20 2 165 98 218 71 165 0 104 84 231 100 95 0
    109 41 211 198 81 42 163 142 234 124 158 255 154 194 194 0 3 0 0 3 0
    118 0 15 255 255 255 255 153 255 161 255 195 0 27 183 135 211 167 66
    255 255 0 210 231 31 0 0 0 82 66 174 232 218 193 23 0 0 0 0 127 0
    200 255 255 255 0 0 127 207 255 44 237 255 0 0 255 87 128 223 207
    238 255 172 147 167 255 0 26 166 16 2 48 107 0 128 184 255 15 118
    226 0 255 10 191 182 102 255 23 19 77 130 0 255 255 0 255 255 8 0 0
    224 63 0 0 32 0 59 154 0 219 166 157 156 255 255 250 0 248 130 255 0
    255 255 30 255 93 245 213 48 144 0 77 0 0 255 84 196 255 1 0 234 244
    18 255 69 255 208 181 171 235 183 52 176 0 147 213 0 218 0 255 246 1
    111 109 255 122 48 255 156 20 22 255 255 182 255 0 0 215 46 4 174 22
    255 0 21 85 0 134 55 0 126 199 1 81 0 255 132 83 123 208 108 255 213
    0 129 0 255 107 217 244 255 110 215 63 80 0 255 155 255 0 247 255 0
    0 25 0 0 255 1 96 107 0 47 0 255 0 162 0 255 212 50 133 21 24 99 163
    255 0 200 0 77 192 171 26 255 255 0 99 0 132 28 121 255 150 167 255
    255 255 216 0 255 255 0 109 173 44 44 0 201 84 52 209 146 255 0 71
    124 189 0 3 255 238 200 25 2 164 103 134 189 0 140 0 45 255 8 0 45
    173 255 31 0 215 153 191 0 84 64 59 139 0 90 183 87 255 28 246 255 0
    204 210 222 255 238 241 102 185 106 0 17 9 255 210 254 0 57 255 233
    138 102 0 216 144 91 53 43 54 122 222 255 116 255 110 0 255 255 2
    232 208 0 0 176 219 21 3 0 141 0 21 255 198 243 200 120 189 20 92
    241 116 11 107 76 0 0 249 79 255 129 255 236 103 65 116 117 255 209
    255 255 255 255 255 255 179 179 212 76 255 86 255 255 86 37 13 9 137
    60 255 255 0 255 255 10 32 185 3 0 165 255 68 161 231 73 255 243 255
    255 0 233 10 0 255 0 255 121 236 139 0 36 15 0 55 76 158 136 100 255
    65 255 58 255 255 242 16 0 0 245 91 53 255 95 28 232 41 0 255 210
    254 127 0 114 243 177 70 120 0 242 0 103 0 255 232 51 255 211 223
    101 253 121 255 255 114 255 45 196 0 234 113 255 0 101 0 189 255 186
    255 255 255 255 76 0 255 174 77 255 29 142 74 213 0 255 169 69 255
    255 195 255 132 133 0 179 175 0 0 255 0 167 150 255 0 70 0 101 0 0 0
    255 204 61 115 255 157 162 2 97 0 255 255 255 0 234 255 222 193 255
    0 5 255 15 121 244 58 205 52 245 207 0 5 0 0 4 89 139 133 145 255
    255 178 133 234 16 181 10 141 255 0 191 93 0 75 212 0 255 209 110
    255 82 14 21 120 197 206 207 0 255 90 94 255 103 74 140 255 197 255
    214 38 138 249 97 25 146 113 0 19 0 170 202 186 0 158 31 141 93 141
    255 137 255 178 52 110 28 255 255 252 255 255 49 241 175 255 0 0 252
    0 107 116 13 176 255 115 12 51 0 117 17 255 228 111 255 248 255 164
    38 156 255 242 76 194 92 249 139 0 198 0 247 133 255 174 107 0 255 0
    147 0 251 255 241 185 240 136 0 255 0 135 184 55 47 123 117 222 40
    60 255 76 124 134 171 93 0 255 1 70 23 0 240 28 255 0 92 142 232 255
    34 94 41 238 217 200 137 0 255 216 0 38 255 88 255 200 112 77 0 220
    0 189 130 255 71 199 0 216 228 45 44 125 100 255 175 146 44 99 255
    255 73 8 0 4 0 224 0 162 229 72 214 212 251 0 129 255 39 128 0 118
    16 0 27 81 104 113 152 91 57 0 46 255 30 140 236 172 255 120 0 132
    120 191 255 255 80 255 208 0 237 255 0 127 86 0 207 0 255 20 74 51 0
    171 255 62 0 0 220 46 48 108 209 65 203 2 90 0 255 255 21 5 165 88
    153 184 0 220 135 136 180 202 238 77 77 220 68 252 255 221 88 255
    229 130 0 0 10 11 204 215 62 0 255 0 71 181 173 255 52 189 220 17
    216 255 86 255 1 0 6 194 174 221 0 29 138 190 92 255 65 255 81 34 83
    66 171 163 0 216 205 0 255 255 36 204 49 224 0 66 44 111 255 106 184
    0 189 85 255 71 212 64 86 67 178 98 0 0 98 23 50 12 144 43 255 236
    139 255 56 192 183 170 255 182 24 214 0 64 182 247 255 96 0 0 0 0
    125 156 10 62 109 18 230 0 46 81 75 152 192 122 255 0 116 252 189
    255 188 142 255 254 255 183 96 43 79 255 25 44 148 241 105 0 0 255
    100 188 75 12 255 1 172 122 0 255 142 52 255 0 100 255 8 35 203 255
    179 248 112 0 233 6 0 3 255 112 211 53 255 255 138 210 86 0 12 235
    228 52 199 0 131 210 255 13 255 191 202 44 140 218 255 186 208 0 228
    119 0 0 56 0 0 0 229 67 255 40 219 234 213 23 0 14 196 62 27 0 255
    190 121 108 229 0 146 139 227 180 248 165 174 202 255 255 24 150 0
    95 255 255 255 59 0 255 192 218 132 251 160 0 255 57 0 221 0 0 79
    107 0 0 0 0 255 93 0 255 0 255 0 21 0 0 225 70 255 17 0 22 255 48
    200 255 217 255 93 92 245 0 0 0 1 127 255 236 39 59 88 0 0 150 229
    168 50 200 42 0 181 75 254 33 39 0 0 147 255 214 0 255 255 157 0 255
    0 138 86 0 255 75 76 19 188 219 128 0 0 229 45 255 63 136 255 0 245
    185 202 0 0 218 0 95 0 45 15 102 0 244 255 140 246 0 255 111 15 21
    255 0 0 188 69 76 255 220 98 255 255 166 1 0 252 255 58 195 247 0
    209 0 216 255 36 249 0 47 251 2 75 17 0 255 0 255 0 164 166 6 66 164
    0 92 0 250 0 76 234 173 201 0 40 120 210 103 5 0 173 235 255 255 90
    108 172 145 255 0 0 145 116 63 74 255 57 54 119 255 0 0 123 0 255 1
    212 255 5 0 79 101 255 0 255 99 255 215 0 255 255 253 108 255 240
    149 255 0 255 255 237 4 63 170 0 0 255 0 255 139 208 99 0 255 250
    186 206 59 122 255 35 144 45 176 255 61 115 0 255 255 74 255 8 67
    192 0 55 0 82 36 193 228 103 0 1 0 34 255 0 214 219 0 59 255 0 73
    255 137 0 130 111 0 255 255 255 0 134 237 255 62 230 0 145 0 53 214
    11 206 255 0 0 238 198 0 118 186 142 252 255 218 255 251 225 131 212
    0 255 154 0 9 149 255 217 255 0 65 10 130 244 0 154 39 255 21 157
    255 160 236 233 246 32 203 0 22 236 255 11 172 208 0 0 122 0 33 71 0
    230 81 216 217 0 255 85 255 0 155 208 0 217 213 223 174 136 255 152
    100 149 255 255 255 160 255 25 0 255 0 226 63 132 199 0 244 0 14 0
    160 255 170 0 0 0 0 227 152 255 124 255 224 128 144 255 29 78 6 0 0
    0 52 0 234 69 31 255 252 255 248 255 220 139 114 0 73 156 143 54 45
    255 251 94 46 213 99 255 255 255 255 0 255 115 193 156 199 73 168
    129 89 191 212 64 0 81 0 178 247 106 201 62 42 73 210 0 189 203 0 89
    254 0 255 115 197 0 215 59 80 255 219 17 144 255 0 156 255 255 94 0
    232 35 0 7 255 17 0 255 174 255 38 36 168 255 73 58 255 240 255 0 61
    171 229 21 149 89 55 117 226 225 211 67 246 0 244 59 0 2 8 0 108 0
    109 17 92 0 35 117 0 238 215 70 87 112 255 42 124 255 228 78 0 206
    255 163 26 0 22 203 255 88 0 164 81 110 179 9 255 0 147 136 0 4 127
    147 0 156 176 255 47 255 160 77 146 0 78 230 255 228 198 255 230 255
    255 130 180 0 13 178 176 0 255 255 193 255 185 206 125 0 43 67 0 181
    255 8 255 227 49 0 93 103 235 255 32 73 47 12 0 255 139 80 219 164
    255 0 94 196 151 255 69 0 184 130 213 199 196 160 221 255 50 5 255
    255 255 137 13 0 144 0 248 0 127 0 11 255 17 255 143 248 0 163 203
    92 0 8 161 69 236 191 10 97 203 86 192 203 48 0 0 244 226 0 103 11
    134 119 159 3 220 255 13 125 39 143 0 0 255 100 255 0 255 233 183
    255 0 255 248 180 50 0 0 147 0 171 0 202 31 22 0 255 255 0 215 242 0
    214 0 255 101 200 122 134 150 56 23 175 149 200 245 187 128 27 255
    183 16 145 2 250 110 255 255 255 0 246 59 50 0 0 0 34 255 192 0 255
    74 255 0 22 0 0 203 23 117 97 150 98 255 145 47 0 164 0 80 81 37 48
    204 0 27 86 255 119 0 255 0 35 255 154 67 176 175 0 34 106 141 117
    232 0 88 0 200 156 92 255 183 174 0 0 255 0 255 107 252 134 0 165
    155 100 218 242 113 210 0 255 0 0 0 0 205 223 135 0 144 215 242 0 29
    174 35 31 207 221 172 131 166 0 218 0 0 2 228 57 255 255 0 168 8 255
    251 31 231 0 255 190 38 14 248 198 220 213 192 70 161 167 138 84 255
    176 4 252 42 122 255 0 0 212 255 65 24 91 255 120 211 117 145 13 255
    198 74 58 57 25 46 0 15 255 255 255 241 39 150 0 0 201 0 183 149 0
    115 216 0 231 255 155 211 0 57 255 64 235 106 130 178 191 40 178 142
    0 0 0 0 69 252 194 255 230 178 105 45 195 0 164 79 123 117 12 192 15
    215 130 255 119 65 255 219 0 7 198 55 255 255 101 223 255 198 122
    221 194 237 255 237 81 177 212 0 55 255 141 255 159 156 0 0 0 33 87
    178 0 130 70 255 255 0 0 58 255 6 67 52 218 182 34 240 0 255 0 255
    107 8 12 80 119 255 151 224 206 164 90 225 81 0 204 255 218 138 255
    32 235 0 215 233 0 54 31 0 180 50 0 59 127 170 255 251 0 117 0 5 15
    0 249 158 58 0 255 0 0 7 255 255 255 0 20 0 255 0 0 0 255 255 255 5
    255 255 0 168 71 63 234 255 123 181 39 213 253 255 0 0 255 255 125 0
    0 255 255 133 255 68 255 255 47 0 120 66 189 0 118 255 255 0 255 39
    196 0 247 255 156 0 124 255 25 108 160 0 100 169 119 154 183 13 117
    204 102 17 238 0 219 177 158 107 238 255 175 162 40 238 222 255 171
    0 255 122 131 255 236 255 159 104 100 0 255 186 241 255 120 0 0 186
    255 16 91 255 146 45 255 239 0 0 26 159 152 183 29 238 0 255 32 0 0
    76 100 112 240 115 0 44 255 3 255 182 222 214 3 89 3 116 227 255 197
    0 0 255 145 222 0 0 15 242 255 245 0 255 255 0 194 255 235 41 255
    232 113 255 226 14 255 42 0 106 255 0 42 3 173 17 200 223 17 255 146
    111 255 209 0 255 0 67 255 39 119 255 200 71 38 92 0 218 235 168 3
    227 255 0 0 65 191 33 121 39 29 216 91 255 166 243 115 255 133 255
    97 66 42 13 233 0 0 255 0 153 178 169 105 189 161 255 0 255 83 255
    255 255 255 0 255 255 62 0 202 255 130 217 8 180 21 166 57 0 169 0
    171 0 115 0 255 97 0 136 253 6 77 255 255 173 0 43 87 255 7 0 0 143
    253 78 150 202 255 255 255 255 101 47 198 21 255 86 0 234 145 255 13
    10 208 53 99 156 70 0 233 255 98 0 41 0 137 110 34 255 93 255 33 2
    255 20 255 255 255 0 58 0 0 93 0 67 26 199 147 253 250 18 146 0 249
    255 196 0 176 255 0 141 17 154 0 29 42 0 0 73 214 0 232 168 33 4 170
    255 0 219 181 125 0 202 0 179 114 76 244 131 93 5 38 255 255 53 46
    250 255 142 255 42 120 0 168 163 0 234 96 0 120 0 0 252 33 0 255 163
    45 61 255 238 0 27 255 238 77 72 255 255 255 255 112 24 255 99 191
    164 0 129 132 215 255 255 255 62 0 123 126 255 110 118 142 60 0 41
    53 0 63 0 0 255 255 83 255 255 56 102 0 0 0 173 118 173 254 64 255
    255 13 60 255 22 123 14 255 168 0 141 142 207 198 0 149 88 255 178
    85 139 218 177 60 255 255 149 100 141 214 0 181 59 64 239 179 255
    103 174 78 39 255 198 8 255 0 39 37 218 169 255 74 0 0 0 255 118 228
    255 255 57 0 255 172 0 94 255 21 252 255 32 124 48 0 99 77 0 108 218
    59 255 255 0 97 255 189 0 0 255 255 46 0 255 255 146 39 164 229 0
    255 170 255 229 0 234 0 222 196 0 95 0 42 255 193 47 254 0 255 0 88
    217 120 0 61 107 104 255 227 153 17 39 255 25 210 186 148 48 227 0
    38 255 100 0 255 134 116 197 123 150 99 255 131 141 0 255 0 31 255
    131 255 12 123 0 64 222 21 255 255 255 0 255 140 152 255 167 175 7 0
    250 255 255 249 192 255 0 226 194 174 7 17 182 137 0 255 0 246 246 1
    122 126 4 151 0 54 78 126 206 146 225 255 204 11 56 89 125 164 45 5
    70 255 44 0 112 244 152 255 48 255 123 0 255 47 72 255 35 179 255 0
    100 102 176 104 83 255 19 0 51 0 255 255 0 0 82 180 181 212 30 162
    50 0 0 84 68 107 255 110 220 219 14 99 0 61 165 0 106 102 236 129
    128 255 0 0 22 23 154 255 250 255 255 44 74 0 0 8 0 115 255 158 0
    235 244 215 120 126 43 255 255 0 18 242 102 215 255 255 255 0 35 6
    255 53 255 164 0 0 114 215 162 0 0 255 198 0 255 245 68 0 0 1 255
    217 192 26 3 0 0 3 134 255 255 75 25 144 255 0 255 0 55 127 255 0 97
    239 52 213 255 24 140 44 255 242 255 226 202 207 150 255 255 0 255
    99 0 63 214 247 139 185 255 81 11 255 114 209 235 120 201 234 247 11
    0 0 174 115 251 255 103 187 109 254 124 194 0 0 0 224 0 255 127 98
    255 207 0 0 241 255 151 0 245 38 214 56 100 207 219 255 65 199 0 234
    26 255 0 170 255 255 248 0 57 255 195 36 101 40 123 76 31 54 0 25 0
    168 0 0 109 206 0 36 76 112 242 160 0 46 109 0 189 189 16 166 147
    255 249 139 232 0 4 91 229 255 145 34 66 0 62 237 163 123 222 0 236
    255 131 25 0 64 103 0 94 255 255 87 255 115 255 51 255 127 0 22 255
    94 124 0 173 78 255 224 0 255 139 253 186 188 79 0 85 60 0 102 116
    14 130 66 255 88 135 218 0 0 255 77 208 207 255 107 44 0 13 0 255
    147 255 176 92 228 255 107 183 160 0 0 255 0 175 255 159 93 0 97 244
    135 255 38 84 138 5 247 0 123 142 149 239 59 132 76 119 0 0 0 145
    189 133 86 35 93 0 234 183 131 183 0 0 30 255 223 113 238 187 197 13
    112 60 0 255 255 133 0 182 255 0 255 255 182 0 159 56 0 31 0 255 21
    0 214 255 98 200 255 255 0 0 0 66 146 5 168 255 137 0 28 65 4 235 25
    115 201 228 62 65 13 255 216 0 60 255 0 0 0 220 96 0 192 177 0 255 6
    15 45 75 0 255 255 0 111 7 35 11 0 255 255 96 246 188 96 27 37 244
    255 255 0 255 130 161 255 255 0 0 151 0 83 28 2 78 255 144 0 255 0 9
    0 0 41 20 13 251 4 0 0 0 255 173 69 0 255 0 87 127 0 0 48 44 207 215
    255 221 217 83 0 52 178 226 145 1 207 177 255 39 188 206 201 0 0 25
    255 10 27 207 54 202 0 145 154 69 207 189 26 234 63 0 255 0 255 155
    255 1 0 255 0 18 0 227 130 110 206 217 68 0 214 152 0 255 255 255
    126 232 99 255 255 122 190 255 25 0 156 47 174 0 1 255 96 42 255 0
    108 246 255 0 0 211 7 56 0 15 201 0 138 0 0 25 0 152 61 203 131 0 79
    230 0 1 36 231 47 0 60 255 255 99 99 203 237 0 187 180 0 0 253 165
    204 0 241 60 255 255 138 255 160 0 218 0 53 0 64 0 255 171 90 97 241
    224 71 0 221 94 6 18 231 0 0 137 0 0 0 118 0 229 0 45 136 248 0 217
    255 141 255 22 45 255 209 100 116 116 15 66 0 255 134 255 255 255
    255 227 0 187 255 255 0 0 194 62 182 154 63 42 255 0 255 10 30 47 29
    185 0 92 206 0 255 179 46 18 244 254 255 117 177 72 133 0 0 244 255
    71 148 86 0 124 255 0 248 146 255 82 255 80 0 254 68 255 0 255 170
    235 45 0 0 86 0 250 0 93 0 255 246 255 145 17 255 35 61 225 229 0
    145 32 0 248 115 227 246 195 129 0 200 255 0 104 0 161 123 212 0 0
    255 39 246 67 0 197 226 28 72 0 113 0 94 255 125 154 255 206 255 255
    147 241 0 250 84 9 166 19 0 189 0 255 11 115 112 0 22 103 255 129
    150 211 167 175 149 255 255 255 230 18 21 0 255 0 0 238 75 244 215
    255 20 0 255 255 27 229 126 72 33 237 191 0 255 255 85 0 255 20 253
    59 51 188 0 193 0 116 243 61 71 193 178 145 255 0 163 0 27 109 0 0 0
    109 37 255 66 37 2 254 0 255 81 255 237 189 90 108 103 0 255 135 0
    120 36 82 182 127 78 172 255 255 0 255 9 0 0 168 0 100 255 146 16 0
    214 255 131 184 0 255 0 255 104 66 255 42 224 3 138 255 0 255 31 255
    255 140 253 0 7 255 211 111 187 166 200 255 162 0 31 48 0 0 218 52 0
    210 96 0 105 97 146 0 0 149 214 0 87 255 172 246 147 193 255 0 52 78
    73 255 135 0 113 255 34 102 21 43 136 255 255 0 37 255 204 12 115
    255 210 27 122 120 120 0 188 193 156 154 115 255 177 143 83 188 255
    255 0 147 255 153 255 24 104 88 82 126 255 0 179 255 247 255 0 45 97
    209 0 0 160 0 70 0 8 0 232 40 191 178 238 198 254 49 0 157 104 191
    255 104 0 216 197 70 86 255 255 249 255 148 255 84 47 5 101 0 90 102
    0 32 92 140 67 255 0 181 51 0 209 167 255 124 132 255 218 73 178 249
    255 0 0 148 0 172 114 0 5 16 79 98 90 246 1 255 255 40 233 12 0 8 0
    255 167 255 0 24 5 255 255 146 117 23 89 97 206 95 0 32 3 56 255 211
    255 128 255 139 113 253 232 99 252 191 0 4 61 255 22 0 17 105 255 76
    242 158 20 235 109 255 255 0 28 0 255 99 185 8 0 255 104 57 71 255
    255 248 255 255 0 0 100 90 111 255 113 255 13 0 205 83 239 0 255 147
    0 0 255 233 158 222 72 255 77 108 255 172 0 0 255 143 74 255 255 9
    43 198 255 203 100 215 163 178 103 0 32 46 3 236 14 9 0 172 111 255
    126 90 224 61 143 0 255 0 112 53 255 85 125 255 134 101 131 255 160
    43 188 255 255 255 0 30 255 147 102 15 114 255 112 0 0 255 168 255
    216 87 255 115 124 255 189 211 255 240 169 255 0 0 252 167 255 255
    230 251 36 255 85 210 255 121 0 88 255 255 65 0 63 255 0 179 30 243
    255 84 35 122 242 241 210 0 64 255 255 0 0 158 172 255 0 0 45 130
    158 0 255 215 92 0 250 32 102 255 109 156 226 31 15 222 193 255 255
    6 110 0 0 69 96 80 27 255 0 255 0 32 255 194 0 159 255 228 67 51 235
    247 153 113 140 0 225 171 95 14 255 0 255 50 255 249 255 83 200 27
    255 36 255 255 250 175 139 0 0 0 0 24 168 118 0 86 197 77 147 229
    255 39 255 116 153 222 100 157 162 0 173 255 253 255 50 153 11 156 0
    0 143 122 109 255 255 251 54 225 215 255 154 125 136 0 125 0 202 77
    105 7 215 0 210 104 113 116 177 255 255 50 206 159 5 0 182 205 70
    110 255 255 200 255 255 233 0 255 255 0 0 57 68 255 238 0 194 184 3
    156 117 4 21 255 0 156 8 255 30 223 36 255 91 155 85 0 58 255 0 255
    14 4 250 81 243 84 218 41 50 11 54 0 0 156 255 0 155 172 200 212 2 0
    162 184 255 111 255 0 8 190 0 89 0 76 175 5 241 42 236 55 150 25 21
    255 86 16 44 0 46 216 0 51 102 89 255 0 162 255 0 73 123 111 255 11
    51 62 137 0 255 160 20 71 255 255 171 238 66 253 47 190 66 143 255
    142 0 35 150 255 130 240 154 255 0 27 0 109 48 0 202 110 180 255 0 5
    104 0 122 19 146 164 0 161 32 233 0 15 220 0 255 227 255 177 133 255
    141 221 229 0 217 55 45 204 3 227 0 250 0 124 255 255 59 0 237 117 0
    158 91 255 255 63 233 255 71 181 0 255 255 139 186 34 94 167 0 255 0
    0 255 0 105 0 96 255 214 25 158 55 185 233 10 0 37 255 86 0 191 255
    247 134 181 34 142 8 0 66 119 0 197 0 0 0 255 0 193 255 0 228 165 0
    242 214 129 90 255 205 86 123 63 248 135 35 165 45 0 255 255 0 255
    145 255 72 255 140 99 255 224 230 194 186 0 16 174 255 215 255 255
    244 145 85 255 204 0 120 255 0 223 134 93 0 255 0 0 255 0 75 255 0
    255 110 17 0 255 74 208 47 157 229 240 255 0 0 164 0 0 78 36 1 11
    189 0 44 248 255 255 0 79 255 67 215 255 0 155 56 252 38 190 25 255
    0 66 255 177 0 236 213 0 178 220 97 0 0 241 0 120 255 182 0 136 56
    231 15 176 255 175 141 0 22 196 166 86 255 235 255 255 0 39 255 18
    156 12 255 89 0 223 38 167 20 47 133 47 37 57 255 0 159 255 41 2 255
    0 0 207 156 46 127 255 150 68 12 255 224 0 169 255 130 255 0 255 0 0
    255 255 47 255 11 0 124 36 245 112 250 254 255 102 99 255 255 255
    248 0 81 126 255 13 20 0 0 0 244 0 124 98 142 113 235 147 179 250 0
    255 0 203 81 59 171 0 95 0 83 255 55 232 255 193 255 255 255 36 255
    237 71 255 84 37 14 255 59 0 13 135 255 57 0 255 0 27 95 0 255 96 0
    151 173 208 162 255 30 181 0 0 26 244 0 218 170 56 0 96 255 128 38
    130 255 0 29 129 96 64 226 251 0 140 152 10 0 255 255 0 169 255 101
    184 255 211 0 118 140 255 10 38 0 0 255 44 0 63 255 255 98 190 151
    220 182 27 90 0 37 143 190 255 61 62 86 183 255 159 255 0 0 196 24 0
    197 0 255 0 63 187 60 87 255 147 186 23 0 0 11 87 0 35 255 255 87
    191 179 162 160 54 124 13 255 71 0 0 0 112 212 2 113 255 104 227 249
    185 255 165 255 0 0 185 148 240 209 97 47 120 0 0 255 175 160 138
    239 255 15 255 157 0 121 0 83 103 255 205 74 255 78 209 111 125 255
    0 84 0 39 152 0 123 122 208 135 255 57 82 255 223 10 249 116 81 0
    255 2 105 104 55 0 5 146 109 190 251 255 3 6 0 93 87 0 255 246 150
    255 10 81 19 20 255 18 232 0 0 255 237 247 204 232 255 255 132 28
    255 153 0 89 241 1 0 255 188 237 255 255 210 0 130 241 255 27 0 0 83
    55 0 255 106 234 155 252 255 245 0 0 165 154 0 111 255 40 76 255 255
    116 255 0 252 38 0 17 131 255 22 255 152 255 120 230 154 73 143 210
    0 0 123 60 75 141 215 255 174 109 241 255 0 96 211 255 87 118 255 93
    42 237 185 255 14 33 211 196 193 72 128 0 247 40 0 5 255 68 255 62
    250 143 203 0 49 0 140 224 74 0 132 251 6 183 64 255 47 250 149 90
    245 0 255 0 255 255 0 0 255 32 255 124 80 255 221 147 149 60 171 255
    56 113 10 119 59 118 252 134 124 0 145 47 0 40 115 75 0 131 0 255
    118 255 239 27 130 2 243 0 127 0 55 145 136 255 216 132 28 214 27 0
    165 95 255 255 168 0 168 35 180 182 92 255 104 14 13 103 167 233 241
    255 1 210 0 74 0 0 255 132 212 50 255 17 0 109 0 255 82 241 38 255
    255 137 255 231 0 150 255 0 6 255 222 255 188 107 86 255 97 111 69
    66 149 69 221 249 26 255 0 97 11 76 255 246 255 11 255 182 255 110
    97 187 35 0 0 142 172 238 183 131 36 0 227 82 255 56 6 251 255 255
    231 255 253 240 0 255 141 187 184 224 255 91 167 35 79 255 241 200
    98 49 255 0 17 79 125 249 171 128 6 0 203 127 234 171 0 0 208 0 0
    165 97 255 255 72 255 255 24 0 255 82 255 222 197 137 47 87 0 174
    151 61 231 0 212 176 109 136 0 54 189 0 255 37 251 0 0 247 0 0 143
    65 125 60 95 0 199 116 0 255 255 128 15 255 255 255 0 140 3 125 116
    0 102 211 244 82 255 91 217 27 255 255 33 176 83 126 35 0 112 74 45
    182 171 255 0 48 0 0 0 146 155 255 140 63 255 90 255 216 255 193 160
    0 0 0 73 99 115 19 202 255 0 5 0 229 255 0 137 27 98 255 0 65 86 42
    158 245 69 73 123 73 99 156 255 56 152 255 41 203 175 3 201 184 46
    255 255 0 244 217 42 23 109 192 234 0 123 125 41 255 243 181 255 1 0
    187 255 0 76 255 95 161 164 255 255 255 49 201 0 96 86 0 255 76 49
    57 0 0 255 16 0 174 220 212 30 97 82 255 141 255 222 242 218 48 146
    131 0 34 174 45 255 0 19 0 98 111 94 173 152 153 255 11 255 171 193
    54 255 54 223 37 227 255 255 218 225 255 255 216 206 0 0 255 255 63
    212 15 98 44 255 139 11 88 216 150 30 21 85 0 158 105 255 255 22 255
    58 154 108 23 94 93 255 255 251 49 124 255 247 0 255 24 255 0 161 9
    62 229 167 255 152 113 38 75 162 174 36 154 0 212 0 162 32 0 0 214 0
    141 146 0 31 0 0 228 79 95 145 236 42 99 141 237 80 75 165 0 161 126
    99 172 0 55 255 0 0 230 219 255 195 0 94 119 193 30 223 31 35 187 28
    121 141 42 117 0 20 164 222 0 46 65 214 255 233 255 200 207 167 102
    0 187 255 237 8 255 255 205 91 100 0 60 0 255 136 121 86 255 255 243
    185 0 148 252 49 191 123 153 0 141 210 53 96 0 255 255 66 0 50 62 0
    239 244 229 0 187 197 0 14 0 56 0 255 49 0 70 55 16 204 63 47 94 183
    255 78 0 0 111 19 0 27 0 125 0 135 0 40 218 175 21 0 225 97 104 0 0
    147 0 188 230 0 255 232 128 255 0 255 255 22 255 31 174 44 87 255
    255 255 0 255 166 182 53 138 238 79 128 255 80 0 28 60 0 117 210 76
    0 255 81 233 248 210 103 151 53 172 255 105 243 26 255 2 54 0 17 208
    146 0 190 86 6 255 129 145 0 58 134 151 255 164 255 105 255 51 28
    255 255 0 51 217 0 48 245 0 57 62 244 72 167 0 237 253 255 255 0 242
    195 255 109 227 139 255 0 218 94 6 255 183 96 255 169 255 196 1 255
    0 223 255 20 255 3 237 0 155 255 255 255 137 0 50 51 64 255 255 170
    84 23 18 255 0 0 255 250 0 47 255 88 141 0 166 167 95 0 81 255 0 148
    152 255 255 132 255 25 172 126 65 0 167 164 0 0 36 0 255 0 255 215
    255 66 156 252 26 52 3 0 255 139 207 107 0 255 97 0 0 80 28 45 235
    65 0 123 208 176 34 64 125 255 193 255 239 255 32 228 0 255 160 0 10
    132 131 246 0 255 132 33 0 246 0 183 179 255 0 0 93 131 12 42 0 235
    0 41 0 15 0 0 193 0 186 41 76 178 226 114 255 13 192 185 46 255 103
    64 87 31 0 255 255 0 151 197 19 34 255 235 140 255 255 255 255 86 0
    255 0 65 0 0 0 255 180 217 255 225 86 104 152 206 44 220 79 133 255
    255 133 67 200 0 255 27 238 172 78 178 0 0 27 230 48 184 255 255 242
    255 142 150 255 0 95 182 255 0 93 241 162 0 135 12 255 88 172 130
    118 218 136 1 255 0 0 97 255 134 0 0 247 0 22 106 35 19 255 190 255
    216 124 72 255 60 119 178 24 222 224 0 238 0 0 0 0 59 125 241 255
    127 255 0 0 191 255 255 255 163 159 39 97 54 152 230 24 33 40 202
    223 200 223 202 126 70 105 217 112 232 38 243 255 255 0 145 4 37 0
    61 82 72 117 0 255 215 121 0 180 10 0 0 113 0 73 0 42 255 1 98 255
    220 249 255 97 134 0 113 242 39 16 255 82 0 136 163 165 18 255 255
    182 16 255 255 175 128 134 0 7 255 0 79 231 255 0 87 44 0 254 192 43
    255 81 168 0 0 255 109 0 220 78 129 215 255 255 168 226 194 57 16 71
    255 0 137 175 0 138 255 151 0 0 230 0 3 131 99 135 255 119 213 255
    255 225 0 244 255 0 255 5 54 61 58 0 160 0 196 133 0 131 177 55 228
    0 26 210 116 207 255 0 120 186 0 0 0 255 174 164 24 191 67 102 120
    84 0 0 255 201 114 255 142 255 136 255 255 0 12 116 0 89 118 162 0
    147 0 209 89 0 0 87 15 244 25 0 39 29 0 55 243 255 142 245 0 206 175
    63 159 0 247 95 86 83 255 70 23 0 29 104 0 0 0 7 63 0 0 19 0 215 0 0
    170 48 155 0 55 103 0 78 0 0 255 125 143 82 109 255 14 5 0 98 213
    255 239 0 255 40 234 0 127 64 0 129 62 135 136 236 185 255 141 255 4
    0 58 192 83 231 109 180 155 15 101 179 0 255 66 255 0 255 0 221 42
    164 255 255 97 255 255 255 0 182 41 0 215 126 18 58 88 94 185 156 14
    0 0 184 85 229 0 101 255 0 0 16 62 15 6 226 0 214 22 102 177 236 199
    150 255 6 9 255 0 255 58 138 0 0 0 255 255 164 149 255 98 18 0 255 0
    24 42 0 89 41 227 219 52 144 0 19 0 29 197 113 0 43 215 15 0 255 255
    0 60 166 255 255 112 77 98 180 0 250 211 232 208 173 231 201 236 149
    133 0 255 11 255 190 25 255 42 9 181 255 255 90 172 255 255 32 103
    130 154 113 74 237 0 147 16 255 255 0 0 223 0 255 205 149 125 255 0
    0 145 156 0 255 220 40 250 176 223 152 233 0 186 0 0 123 0 73 48 240
    204 47 13 226 213 201 225 255 83 70 175 71 35 0 44 119 197 0 17 71 8
    229 228 72 255 50 255 147 31 0 138 255 0 63 215 255 255 236 0 255
    255 221 151 40 208 255 0 117 153 13 84 0 236 115 255 2 181 234 255 0
    0 247 185 130 255 255 23 140 0 255 171 15 255 206 84 40 88 255 203
    137 193 0 255 255 203 56 199 0 255 255 90 83 87 54 227 193 226 255
    14 255 176 0 129 255 82 171 243 99 213 10 112 255 183 179 180 93 250
    113 43 0 255 123 6 82 255 88 255 246 147 141 147 118 156 255 0 0 27
    116 0 3 54 0 0 238 170 0 255 255 65 255 193 255 137 236 0 255 140
    154 255 30 221 255 57 255 183 0 255 156 0 95 1 255 54 184 189 0 102
    63 19 0 53 122 0 36 222 42 111 24 199 51 0 0 0 204 255 255 0 0 124 0
    80 195 139 153 116 255 0 17 244 80 170 99 145 255 42 95 68 162 55
    181 100 64 197 215 3 242 107 204 158 249 251 0 162 96 198 255 204
    255 0 255 3 255 175 195 255 135 255 226 6 242 255 82 228 137 62 255
    173 95 31 90 161 196 25 0 254 197 0 0 0 0 164 159 0 0 0 0 142 71 115
    0 125 252 118 143 139 161 225 26 255 68 255 255 100 109 36 255 249
    220 138 28 192 255 39 0 255 255 116 255 0 0 60 0 255 40 255 247 112
    133 201 191 76 47 68 91 255 31 60 91 0 21 255 236 12 0 255 0 255 24
    255 32 255 0 118 63 0 220 0 213 0 169 197 110 85 46 240 0 24 26 255
    0 0 0 215 0 94 134 0 255 116 0 244 255 128 13 0 146 136 168 69 0 244
    132 0 0 0 0 60 133 0 36 165 28 30 63 255 0 255 167 251 0 0 0 78 132
    128 249 49 25 255 227 255 4 108 255 102 255 191 140 73 255 114 0 0 0
    85 88 104 119 156 240 152 0 124 135 0 111 73 255 64 114 104 164 0 8
    255 195 49 170 38 0 45 0 231 0 43 0 215 0 97 56 112 0 112 0 0 0 255
    100 255 255 181 0 217 136 0 170 255 91 98 222 128 38 0 0 255 25 142
    128 44 0 24 196 63 255 165 0 0 80 249 44 0 248 150 0 0 160 83 177 0
    230 246 26 154 255 111 255 0 188 0 0 95 173 176 255 0 255 255 5 6 0
    24 28 220 255 218 255 112 101 148 59 255 0 240 225 0 25 162 212 118
    41 117 36 255 64 0 192 255 0 165 37 255 181 44 0 174 85 0 0 255 255
    234 46 144 0 91 166 0 0 0 0 98 255 126 194 188 219 0 61 201 255 79
    255 31 0 50 59 0 79 13 0 188 106 214 183 154 139 255 0 124 171 16 95
    255 169 207 107 0 255 0 149 56 54 202 208 255 255 0 226 108 140 107
    127 27 124 255 117 255 255 160 105 255 25 81 12 34 62 138 255 100
    180 146 127 0 255 0 183 38 100 255 17 178 0 57 193 105 255 201 254
    47 216 255 255 153 233 114 84 232 252 124 0 204 200 156 100 78 0 212
    85 0 119 105 223 0 2 62 255 201 255 118 255 119 243 255 212 0 221
    255 25 255 28 255 4 90 255 58 29 0 89 0 255 123 138 100 3 255 18 0 0
    9 10 188 167 83 139 245 240 156 255 255 0 97 255 0 74 255 0 104 217
    67 51 255 255 161 11 129 255 112 0 23 0 41 255 25 0 186 255 195 250
    143 139 0 255 133 219 70 0 255 0 142 211 0 219 255 116 255 0 227 0
    180 19 117 128 21 169 23 255 0 0 255 229 150 0 0 105 43 0 124 0 222
    27 95 67 131 255 0 255 45 91 69 231 255 0 46 0 255 255 225 0 140 53
    143 0 191 255 169 35 30 208 167 187 52 78 0 106 250 0 0 132 255 53 0
    255 121 86 85 224 186 255 132 255 57 255 47 0 102 201 46 113 255 0 0
    79 255 0 70 114 14 187 166 255 213 169 199 141 0 108 0 0 43 35 255
    110 208 75 0 170 255 0 198 89 0 118 70 196 177 59 184 0 182 95 227
    214 92 255 0 46 255 0 8 255 214 255 0 0 255 0 0 204 0 244 255 162
    187 233 110 0 207 77 255 211 147 255 255 0 152 123 0 202 137 255 30
    255 136 0 108 255 204 255 126 127 0 227 94 255 81 0 0 145 226 0 255
    200 166 56 0 156 157 53 226 47 182 133 240 43 104 0 249 62 65 255 76
    255 2 0 48 255 13 134 160 255 0 110 97 214 57 102 52 255 172 255 57
    0 255 78 34 226 0 255 81 193 80 163 0 112 244 113 241 218 212 45 241
    255 208 141 255 44 227 255 165 17 0 70 247 159 255 137 0 180 255 65
    66 84 250 31 22 27 0 214 112 0 153 132 151 47 89 92 130 0 79 0 105 0
    160 101 255 35 142 190 126 130 239 80 157 255 255 214 255 183 22 209
    248 160 118 84 120 128 158 193 0 201 11 0 206 158 255 0 255 79 255
    95 205 58 255 53 149 111 108 2 49 0 0 32 245 7 227 255 255 253 255
    255 255 0 0 206 0 232 247 255 182 82 245 0 19 51 250 31 60 0 0 62
    192 103 0 0 15 227 0 213 253 255 0 104 48 235 255 101 0 0 102 121 0
    132 255 255 255 8 255 126 158 229 151 0 195 180 148 113 0 255 78 0
    255 129 190 124 255 0 0 146 89 0 208 171 20 215 11 92 125 0 253 182
    255 182 238 143 224 0 255 11 232 168 173 137 159 0 140 0 77 0 44 255
    0 76 138 174 189 255 255 255 11 101 149 0 187 135 206 129 255 107
    148 174 186 136 255 255 188 186 0 30 29 102 255 206 61 0 70 255 81
    22 198 107 255 255 34 255 91 81 255 228 132 0 131 255 0 31 67 0 255
    20 255 221 204 177 190 175 255 190 0 99 248 250 35 255 0 255 0 124
    190 0 79 232 239 249 0 0 132 0 231 0 37 255 252 255 191 178 98 76
    192 3 169 242 0 85 255 151 255 0 255 0 255 249 31 0 255 0 0 232 0
    212 69 217 161 247 0 72 0 26 0 79 255 142 104 248 255 49 82 255 254
    0 255 71 0 176 170 87 143 255 255 86 171 150 63 104 49 132 113 0 52
    197 206 255 149 252 130 255 73 99 222 255 236 11 27 111 0 0 135 255
    112 37 103 246 255 255 114 79 240 255 0 218 240 0 155 119 79 199 86
    174 47 84 0 249 36 120 76 213 1 97 236 255 133 160 210 4 103 170 184
    255 97 255 222 0 0 42 255 0 255 153 255 43 253 236 64 80 0 21 245 0
    255 223 35 235 98 0 187 0 98 252 80 226 24 0 43 42 214 0 255 111 0
    10 255 59 229 186 251 0 226 93 255 241 255 255 51 206 236 15 116 230
    211 47 255 100 255 38 227 114 81 17 255 30 255 214 0 255 0 0 71 162
    56 81 95 153 35 50 42 227 181 100 99 0 1 255 255 255 156 178 255 0 0
    255 43 233 222 253 47 176 104 195 0 36 77 255 176 255 95 0 0 255 255
    34 248 151 46 190 74 59 255 255 32 255 179 97 110 160 251 63 0 255 0
    210 219 35 0 199 226 132 0 115 158 178 250 131 255 145 255 64 14 249
    244 153 217 0 78 127 35 206 37 0 0 62 255 255 214 185 4 145 119 27
    237 255 150 137 50 0 0 100 0 112 158 0 0 0 243 0 255 255 0 0 0 0 255
    126 6 228 191 140 24 0 187 77 108 255 214 122 245 0 0 255 1 0 233
    244 0 0 0 253 19 255 55 5 93 255 102 103 255 0 81 228 4 255 172 19 0
    255 35 190 203 156 150 9 236 0 188 0 255 255 255 255 255 225 255 122
    34 55 0 93 89 0 70 25 14 60 199 0 187 0 67 187 0 74 255 120 184 110
    223 255 208 0 255 2 255 240 237 0 148 0 38 0 0 231 255 169 28 0 89
    141 88 180 162 70 23 35 35 8 224 174 0 113 28 241 30 99 81 155 0 171
    111 94 164 28 255 218 104 195 255 0 255 33 155 233 72 126 0 37 0 255
    217 255 7 255 255 224 255 141 0 255 193 250 73 255 77 152 255 134 0
    93 217 0 137 199 33 255 32 17 107 196 255 65 234 185 0 143 0 107 255
    95 55 3 91 255 92 0 86 0 46 250 255 0 154 0 0 84 132 62 255 77 0 197
    175 0 47 0 0 0 55 100 53 255 94 0 188 173 216 109 255 5 244 39 0 253
    255 196 11 40 0 90 118 196 0 190 0 12 255 86 0 231 29 183 223 180
    255 174 0 255 101 237 135 9 70 255 171 77 0 46 0 165 160 255 198 255
    255 255 43 252 211 119 212 255 255 0 255 50 136 254 255 33 249 172
    255 204 255 255 70 0 166 181 255 162 0 255 29 0 184 88 255 0 215 151
    65 207 174 0 113 220 47 16 0 138 244 23 255 232 243 255 117 206 0
    255 74 211 255 16 102 203 238 46 64 255 231 29 156 255 95 255 255 16
    65 140 255 131 0 222 0 20 255 255 0 207 0 24 208 88 255 65 255 255
    255 144 164 160 125 7 72 255 173 255 0 103 196 163 82 171 167 0 255
    255 227 0 255 0 255 67 102 63 217 255 255 218 142 255 0 217 145 30 0
    0 161 212 0 255 0 208 255 25 188 0 190 10 255 242 83 151 0 255 157
    94 1 102 14 157 199 64 114 69 118 225 255 233 255 255 255 0 255 0 0
    255 52 5 0 247 59 0 251 237 60 0 55 97 0 149 25 0 255 72 209 207 255
    255 28 255 255 0 89 0 255 0 196 0 96 117 244 255 165 226 243 255 0
    62 0 69 255 166 118 78 4 255 5 0 71 8 76 81 255 240 62 60 50 58 61
    137 197 108 214 151 39 246 255 68 52 255 255 215 228 48 48 255 210
    235 0 255 117 237 190 150 238 255 210 109 44 165 190 67 91 194 255
    255 255 137 255 255 133 100 0 141 255 54 200 255 255 180 81 79 25
    255 26 255 0 0 48 15 255 0 68 81 117 158 235 170 0 58 79 53 94 0 27
    84 110 49 90 168 0 247 255 25 115 74 86 255 111 255 2 255 123 42 169
    232 208 173 255 255 108 0 168 255 0 120 7 209 199 0 255 115 0 15 196
    0 42 0 190 113 255 255 255 255 120 255 0 129 63 0 255 185 222 32 255
    255 232 255 255 251 0 255 151 66 183 89 21 160 0 186 255 158 0 0 255
    0 236 83 255 0 0 150 106 255 97 101 204 80 0 238 3 76 255 177 0 71 0
    245 0 181 251 255 162 100 115 58 205 255 75 236 0 255 255 255 240 45
    207 38 0 142 0 45 46 95 241 189 208 255 175 231 186 255 242 0 99 95
    216 5 76 255 56 255 255 185 121 255 255 15 45 164 32 255 255 101 3
    150 52 161 180 241 65 29 92 237 62 123 143 240 38 0 70 137 230 0 255
    244 201 255 255 72 255 41 175 60 255 0 0 191 255 103 255 120 0 70 0
    255 21 255 255 246 255 152 255 255 0 213 158 46 61 255 77 131 23 37
    0 85 255 160 98 157 50 0 0 214 24 240 46 0 129 172 206 0 241 68 0 47
    13 147 59 226 255 255 255 255 21 150 131 245 255 0 193 112 45 0 86 0
    0 0 255 157 255 255 11 0 32 255 0 28 255 0 255 39 156 106 133 195
    255 191 175 255 240 71 255 255 205 226 173 0 237 82 198 255 0 26 143
    21 14 2 0 19 0 0 197 113 88 0 153 98 0 31 136 255 135 232 254 64 255
    20 157 188 201 136 103 189 162 255 193 150 30 161 107 0 187 93 0 250
    92 188 91 128 203 51 255 255 180 56 145 35 255 0 195 254 21 141 47
    160 24 110 248 214 255 255 82 57 0 255 89 255 255 239 163 41 228 60
    88 0 255 255 0 0 119 175 255 112 226 45 142 60 14 20 24 18 0 226 142
    246 255 76 187 255 255 60 196 0 112 0 35 217 255 255 255 198 255 233
    0 44 197 24 0 255 116 56 51 85 255 255 255 32 0 117 207 255 154 255
    255 0 0 163 137 228 255 0 45 255 131 91 255 84 0 175 33 56 255 34
    255 0 53 209 222 114 192 0 84 122 39 0 0 0 255 3 255 101 0 183 147
    152 0 255 250 94 186 105 0 126 255 125 1 204 255 150 32 11 0 255 0
    42 0 255 0 250 255 0 162 169 19 0 209 60 192 166 255 255 138 126 255
    82 10 255 212 0 81 12 85 255 115 250 234 255 0 208 29 227 0 82 255 0
    1 60 60 0 134 0 0 212 60 233 186 203 255 71 188 255 48 254 0 0 72
    255 0 0 255 0 254 100 184 0 255 0 255 155 39 0 248 255 0 134 53 255
    0 255 255 255 70 0 118 0 21 0 95 10 0 255 6 0 0 255 47 255 209 0 246
    116 255 151 255 111 255 57 255 152 228 139 0 49 169 255 118 19 249 0
    109 255 255 19 123 46 174 255 73 255 0 255 79 255 157 128 199 255
    164 255 160 179 208 5 0 19 100 21 132 0 73 255 209 255 116 216 247
    115 123 169 0 0 0 190 14 0 195 255 255 255 77 171 12 159 244 0 0 180
    255 105 0 198 0 0 121 174 0 169 56 0 243 255 255 255 0 143 145 0 255
    149 125 183 35 189 153 255 0 251 7 0 255 76 129 227 100 10 220 0 69
    255 255 176 255 255 0 186 165 144 158 234 255 175 0 0 204 0 47 171
    226 0 42 191 229 30 0 220 111 99 11 0 71 255 61 122 0 143 0 172 51
    174 118 210 255 0 0 255 71 1 223 255 118 0 186 133 222 205 255 255
    131 51 102 4 167 68 154 237 255 21 164 254 236 132 0 25 255 128 225
    182 0 86 182 0 144 205 152 219 221 155 0 255 47 255 242 255 100 0
    205 183 13 99 47 134 116 84 7 96 0 111 126 0 255 239 171 189 13 255
    69 255 68 234 24 0 167 161 230 185 0 255 255 131 170 210 243 231 255
    255 9 255 67 0 6 255 255 255 198 106 0 117 0 41 90 143 221 196 74 17
    21 0 255 207 0 233 144 255 86 255 0 0 166 238 23 148 3 206 98 46 88
    90 0 255 0 227 255 73 255 255 0 246 222 14 0 196 255 255 0 0 225 126
    204 0 255 21 90 161 30 255 49 95 0 0 0 255 255 252 227 145 255 45
    144 0 103 255 255 144 0 255 255 0 0 90 255 255 160 0 133 12 182 0
    255 255 46 255 0 62 255 0 61 75 0 0 36 242 5 25 207 232 255 164 198
    193 255 0 0 0 230 74 21 255 57 124 162 136 44 26 255 97 91 0 255 0
    94 18 138 227 45 160 255 0 8 255 57 192 255 255 0 255 0 83 255 134
    255 118 0 255 0 17 10 236 255 0 106 57 0 255 104 255 255 224 255 0
    218 110 0 110 0 59 144 255 0 77 190 255 210 27 118 255 0 48 247 114
    255 255 181 255 246 79 53 0 255 83 0 255 29 255 255 248 135 53 0 150
    157 0 255 0 239 60 62 255 0 181 214 31 255 19 216 76 240 0 228 255
    137 176 255 33 248 120 255 177 255 60 0 0 42 0 42 255 0 0 0 255 178
    255 0 196 43 0 19 100 95 217 104 255 107 77 117 0 222 66 0 130 186 0
    173 255 105 255 161 65 0 6 0 105 22 12 224 13 94 227 92 80 139 0 255
    94 195 255 170 255 0 185 62 60 173 150 39 0 218 247 0 100 100 84 45
    0 17 0 86 230 13 240 0 255 255 0 0 0 49 255 194 255 184 241 255 214
    0 91 194 15 42 164 91 138 42 255 145 255 57 23 95 118 255 0 0 182
    186 125 255 0 106 186 0 145 255 68 0 133 183 200 204 183 218 123 224
    162 177 68 38 26 45 122 170 98 0 100 239 255 255 0 0 125 0 255 0 255
    221 255 0 255 250 71 156 0 241 0 231 54 203 0 0 255 255 0 200 61 0
    177 192 68 27 255 168 39 231 255 147 0 79 146 0 0 0 9 42 216 191 134
    49 85 124 0 45 182 140 147 70 17 0 255 219 217 230 0 208 0 69 234
    255 0 0 20 63 0 107 146 83 0 0 2 0 142 255 255 0 102 255 255 28 0
    255 255 255 255 202 247 0 30 31 154 73 96 191 241 91 255 255 255 134
    117 127 211 14 28 48 19 34 241 255 255 34 0 255 181 0 75 255 217 181
    245 243 255 135 86 223 255 47 255 255 173 187 94 150 132 237 208 255
    28 197 255 100 200 0 255 0 255 255 255 255 134 129 0 30 144 245 112
    0 0 212 255 98 77 212 255 1 112 168 81 50 88 0 182 137 255 253 94
    103 0 43 80 0 124 255 255 148 59 255 71 0 0 54 120 124 153 156 1 255
    192 0 186 0 255 203 217 112 0 255 210 30 32 217 77 123 61 95 153 0
    21 158 190 255 213 0 42 136 229 252 0 1 255 255 0 17 152 255 11 184
    255 144 50 220 0 74 73 255 123 153 205 0 0 255 0 187 190 255 241 83
    15 0 106 17 58 255 27 255 94 211 142 242 208 138 103 0 10 0 0 79 36
    11 255 0 0 255 3 255 0 87 6 109 16 84 180 0 13 17 158 190 0 255 9
    120 226 255 13 56 185 0 0 193 184 116 80 252 116 211 38 204 255 0
    255 252 0 0 159 23 142 72 132 255 144 0 129 255 1 118 242 78 187 0 8
    0 115 0 174 0 0 255 115 62 29 0 0 191 255 90 255 56 214 50 0 0 171
    255 170 72 208 0 0 175 35 0 7 196 0 71 0 255 255 0 255 255 232 13
    228 255 204 201 190 255 0 254 255 229 255 214 255 93 146 207 255 0
    90 94 95 232 0 152 25 78 99 108 255 255 183 0 195 226 255 83 234 27
    120 117 253 0 255 247 136 239 212 255 0 255 166 51 255 97 89 0 255
    137 0 69 169 24 7 255 255 40 0 188 5 0 34 154 43 247 51 62 132 255
    255 42 255 85 0 58 117 0 176 170 130 207 247 91 255 57 0 123 73 96
    89 255 81 204 33 255 160 255 113 240 255 124 217 0 0 87 0 255 152 0
    208 212 0 176 255 165 90 239 255 0 2 245 94 70 239 0 152 112 0 255
    255 160 65 255 255 255 215 255 255 99 111 114 208 255 21 255 255 244
    64 255 0 152 179 248 28 255 210 0 0 0 187 131 0 69 255 180 210 60 16
    51 73 0 217 185 0 255 255 0 126 178 178 0 154 22 255 238 24 69 167
    115 3 189 0 153 255 142 92 152 37 255 0 101 220 255 255 114 246 237
    211 255 199 185 87 5 255 255 119 0 233 0 75 116 0 0 186 255 0 246 54
    33 71 201 0 22 0 226 53 36 255 255 0 86 237 31 1 255 106 89 146 255
    203 153 197 255 0 255 255 137 239 0 0 61 0 242 93 45 18 88 202 49
    209 255 69 68 106 44 89 117 55 255 121 117 1 255 6 144 0 155 163 255
    0 205 92 49 0 93 4 0 198 232 116 255 55 244 222 0 153 255 255 24 0
    244 72 0 140 29 95 255 255 255 0 16 255 255 182 3 105 27 255 129 29
    176 116 73 220 60 143 255 94 16 255 9 0 33 61 255 76 240 5 167 255
    61 255 17 17 255 146 240 0 255 0 0 216 15 168 209 255 174 178 0 161
    119 131 0 17 90 213 105 247 197 0 90 147 85 255 0 18 40 0 0 166 255
    0 0 185 93 181 231 255 177 0 174 153 255 255 255 86 41 202 160 107
    255 116 0 229 18 255 0 137 86 0 59 203 255 0 227 74 0 62 144 255 0
    255 255 0 192 0 11 255 65 61 134 116 23 127 0 255 255 23 236 255 241
    142 0 224 89 7 255 92 78 93 103 169 0 147 58 225 29 255 0 0 28 178
    255 255 219 134 237 100 24 144 151 211 0 63 174 0 57 0 57 204 217 95
    222 177 255 255 72 217 214 110 0 92 214 0 233 246 0 27 0 20 136 82
    155 136 255 67 205 0 59 101 136 0 170 255 255 0 0 118 191 100 63 0 0
    82 255 219 0 185 122 0 2 255 187 139 157 237 255 247 4 216 154 46 20
    244 255 140 162 214 255 206 51 255 10 0 103 255 0 0 3 185 143 180
    105 192 41 241 198 170 109 18 173 0 51 80 86 21 194 30 193 93 255
    215 255 28 255 125 0 97 19 154 204 255 89 0 255 255 255 160 150 0
    181 255 82 174 148 68 92 139 148 255 3 160 109 0 84 0 232 126 12 154
    51 245 182 93 236 0 85 255 98 0 216 0 60 63 255 14 38 155 255 0 255
    96 100 129 161 106 221 0 255 125 255 30 255 142 195 44 251 24 179
    255 255 208 16 255 255 226 171 140 155 202 255 110 42 255 98 247 162
    255 237 186 0 139 0 250 242 95 201 252 197 255 255 136 220 220 204
    144 138 170 187 158 198 221 96 194 137 255 0 0 0 62 0 192 150 236
    199 0 255 165 255 47 75 45 204 247 255 215 255 136 165 4 0 236 0 77
    0 239 184 173 181 0 0 204 177 0 11 0 235 0 26 107 0 0 216 255 119 42
    101 76 255 16 126 174 255 34 0 61 81 106 24 0 239 0 22 255 255 255
    180 0 192 0 0 255 92 25 98 38 62 4 94 227 255 239 185 255 114 249
    203 78 0 255 255 52 0 255 255 0 18 193 255 90 235 152 232 0 244 0
    255 255 216 133 255 255 139 0 255 255 251 167 80 0 190 1 0 0 66 161
    1 255 255 0 247 0 255 50 0 129 74 0 66 231 24 0 0 203 126 41 255 169
    0 0 96 0 248 3 11 242 0 255 213 27 85 4 0 133 255 143 255 255 233
    255 176 220 161 32 83 46 95 255 0 255 254 255 254 0 143 0 140 255 0
    137 255 98 255 116 255 137 162 10 255 0 0 8 0 49 221 168 50 117 83
    255 15 0 255 68 0 255 0 255 255 9 0 241 255 96 5 255 93 196 241 215
    71 249 61 45 255 231 0 150 212 255 255 0 255 81 109 0 19 255 102 80
    255 41 255 44 255 33 215 45 0 173 192 0 255 40 204 255 58 255 188
    255 255 42 255 241 234 154 47 74 190 137 255 25 173 255 163 82 255
    175 90 0 0 82 44 255 188 46 0 242 9 0 11 25 224 187 18 13 196 255 0
    176 191 0 169 67 95 0 248 117 255 89 252 123 255 255 255 248 106 79
    34 226 16 181 0 92 0 116 255 92 118 50 255 0 108 0 232 0 101 188 209
    164 0 93 49 255 255 157 255 95 255 163 255 24 10 174 19 255 255 29
    241 216 66 75 39 255 184 118 0 117 0 0 54 187 244 255 255 0 255 149
    44 117 179 3 18 192 193 36 0 255 0 0 125 242 39 255 47 196 188 21 88
    255 255 8 8 255 60 74 0 235 201 157 61 39 0 0 81 249 0 115 101 0 255
    255 255 255 88 85 0 255 255 9 89 85 255 96 57 255 57 0 95 255 182
    175 255 194 245 226 155 11 0 20 98 238 186 91 255 136 255 0 24 0 169
    104 131 0 72 252 255 23 0 255 255 159 89 255 125 16 255 56 225 255
    166 0 244 18 0 159 172 38 162 148 61 101 122 240 185 119 255 255 255
    115 208 180 166 0 255 153 247 77 192 77 151 107 38 204 255 95 187 63
    118 255 175 0 198 221 7 255 255 0 255 224 81 255 92 255 255 0 111
    224 30 4 0 21 255 27 0 227 189 40 0 103 161 83 241 0 57 246 255 255
    47 119 239 0 253 255 255 136 126 91 186 0 0 69 132 255 0 91 255 255
    0 255 146 79 226 226 60 67 0 255 0 37 255 233 255 30 113 86 255 81
    249 103 39 1 85 255 104 0 10 255 132 0 255 175 255 255 102 255 200
    255 235 128 35 29 25 90 47 222 0 148 77 225 108 128 55 46 58 255 255
    128 225 77 187 222 0 9 68 150 245 255 0 21 176 22 231 255 255 178 59
    255 23 235 167 83 212 7 253 0 30 215 0 129 153 31 108 84 255 153 0
    95 108 150 135 0 189 255 152 197 195 255 255 255 0 255 82 116 0 0 23
    62 245 92 44 255 30 0 255 164 113 255 91 91 88 133 74 66 0 235 144 0
    251 101 255 8 19 0 0 68 0 34 205 195 0 250 255 0 233 140 69 251 235
    104 130 219 255 255 255 0 208 102 216 0 161 42 255 144 101 15 207 27
    255 80 216 255 255 69 155 155 175 76 241 0 70 0 192 106 255 255 23
    203 138 98 0 161 0 255 0 0 255 115 0 0 140 181 177 126 160 163 234
    250 102 255 81 255 255 100 236 199 242 83 110 255 42 255 243 255 20
    255 215 144 31 0 111 81 98 125 0 165 58 108 233 102 255 153 0 67 255
    0 8 255 124 91 233 255 246 86 40 238 11 255 0 145 52 0 9 255 255 0 0
    31 189 92 230 95 255 255 255 0 109 199 22 157 255 70 171 255 75 255
    54 94 101 183 245 6 87 176 255 144 255 89 17 191 4 135 0 255 117 255
    147 13 255 211 0 0 0 52 83 247 0 222 255 62 0 255 178 0 215 0 0 153
    255 255 226 0 255 0 0 234 255 22 69 107 255 118 33 152 34 119 128
    181 218 255 254 0 80 248 0 138 69 121 0 255 221 114 17 0 168 255 49
    0 84 255 80 255 0 222 77 0 250 251 225 247 255 234 0 227 209 148 112
    255 200 0 97 40 0 0 184 206 255 8 146 0 0 41 73 0 86 0 0 255 167 60
    255 118 255 190 90 255 226 255 60 0 255 99 36 255 0 255 112 29 255
    36 0 0 149 222 116 231 0 0 255 255 185 255 72 49 0 0 0 0 255 255 109
    160 133 54 165 246 197 187 255 25 93 0 77 57 0 190 0 66 187 255 19
    183 54 0 164 0 0 255 139 0 85 231 255 217 255 32 105 150 255 73 153
    161 0 255 180 72 0 238 21 219 0 231 55 0 255 255 0 7 255 206 255 152
    255 0 0 21 71 193 58 238 255 255 145 202 255 25 80 0 97 0 0 44 27 85
    226 208 215 0 0 40 87 114 0 141 12 109 0 101 255 0 249 119 255 176
    113 45 14 0 67 160 255 0 56 255 0 0 0 0 0 0 123 107 0 251 255 43 5
    255 255 255 66 87 35 255 0 0 185 187 87 0 233 255 216 21 104 186 0 0
    252 98 0 214 0 44 39 75 43 255 64 17 60 16 161 25 255 8 0 255 166
    103 239 255 225 0 0 0 0 20 22 255 71 0 230 255 0 255 123 0 12 71 255
    0 255 155 199 255 0 187 233 255 255 76 180 255 222 104 0 172 255 136
    0 0 143 167 0 56 98 182 64 0 255 0 223 255 255 255 255 255 244 0 157
    255 54 195 194 0 0 255 157 255 141 0 88 200 67 39 255 131 216 255 16
    0 13 62 137 243 254 178 255 255 0 0 72 62 194 255 225 155 243 251
    170 206 238 243 237 196 0 111 81 0 73 0 122 45 0 98 222 228 29 0 0
    53 240 210 0 72 32 189 155 171 22 170 174 0 249 28 217 93 0 50 58 2
    255 144 85 242 209 171 255 200 255 0 104 0 71 0 0 46 0 38 0 0 255 0
    146 198 137 33 0 78 255 96 244 0 41 0 0 255 183 0 131 163 205 46 239
    122 255 94 255 159 51 255 143 255 172 0 12 0 125 17 122 9 29 13 80
    255 255 238 255 123 178 180 170 255 19 0 4 255 62 176 245 255 75 209
    93 255 19 96 0 155 91 255 228 88 58 60 16 43 0 123 255 9 0 18 114 28
    0 255 255 255 3 155 0 60 22 255 61 181 42 203 0 113 213 71 255 21 0
    137 91 0 24 177 0 38 156 172 0 21 79 109 107 15 0 0 151 72 177 123
    131 255 255 210 213 122 114 238 255 28 69 255 206 157 0 255 96 255
    204 0 242 255 165 81 251 211 0 242 131 72 135 46 0 155 42 243 0 68
    255 255 99 190 146 193 0 255 246 1 239 255 39 229 255 142 125 185
    227 255 178 192 5 68 185 173 19 0 0 0 255 97 255 255 107 255 56 1
    155 50 0 126 192 216 34 168 255 208 255 176 192 73 89 136 1 255 53
    255 53 79 0 0 255 0 241 253 8 230 255 0 123 163 255 102 183 255 110
    0 47 114 2 255 0 171 0 255 82 255 221 40 144 72 77 16 150 199 110 0
    120 22 0 93 93 134 76 79 0 255 101 246 133 255 0 0 132 243 66 0 80
    255 8 0 52 245 13 255 255 175 255 82 0 0 0 165 223 147 0 0 255 255 0
    37 23 255 43 0 219 92 187 244 97 6 255 203 173 255 61 0 238 0 0 191
    255 175 84 183 255 0 217 32 245 107 0 36 239 0 205 0 192 0 255 123
    255 0 0 222 255 28 226 9 0 0 41 255 156 110 78 175 134 255 0 255 191
    39 0 223 50 56 141 60 81 49 255 173 227 0 8 197 109 255 249 44 158
    255 62 0 202 19 129 67 233 255 44 143 89 0 93 198 195 0 102 126 213
    88 220 255 0 148 180 13 134 12 0 7 244 255 251 0 162 226 224 78 99
    158 0 166 254 13 0 7 0 144 59 71 77 144 255 255 178 0 115 21 20 61
    255 241 110 165 229 201 0 89 0 170 85 0 88 253 245 174 0 221 255 144
    0 0 255 163 0 62 59 95 44 77 176 255 106 56 252 255 255 255 181 255
    71 201 51 56 184 255 0 172 5 90 90 151 57 220 165 107 143 255 0 52
    219 255 19 169 255 70 237 0 0 89 124 154 0 0 115 0 82 255 0 201 255
    166 85 206 149 221 207 0 0 255 255 214 100 47 255 1 115 122 0 107 59
    255 67 75 86 255 0 0 200 233 2 83 255 0 225 56 0 89 249 255 0 9 60
    255 162 116 250 237 39 37 153 0 255 243 189 0 243 230 0 195 255 255
    81 176 22 49 0 105 98 206 180 255 0 115 37 166 0 7 0 255 106 0 51 87
    12 0 100 81 0 116 97 0 0 95 255 0 255 255 102 255 0 255 215 118 255
    24 154 255 60 123 110 255 237 255 255 255 221 3 202 0 255 155 58 0 0
    178 2 0 179 0 81 192 50 182 48 255 20 255 109 191 0 128 255 153 255
    255 221 255 139 221 10 53 245 83 0 126 76 255 0 0 142 0 92 187 38
    255 0 214 255 224 0 255 255 80 243 140 217 9 148 123 255 15 0 209
    255 179 23 61 255 146 0 0 85 36 0 255 98 9 35 255 34 46 0 184 61 137
    55 0 255 255 0 0 255 86 255 0 255 58 0 255 255 0 44 40 116 56 146 68
    242 0 254 0 177 255 255 236 252 73 222 148 255 109 179 128 148 10 7
    0 0 241 79 119 131 10 208 146 255 204 255 245 156 216 0 17 168 135 0
    13 255 0 100 255 206 218 188 176 201 67 44 171 246 116 142 76 255 73
    255 33 236 255 0 121 153 229 169 255 99 216 0 137 4 194 255 89 109
    255 1 255 248 72 32 54 89 226 202 28 255 201 107 57 0 0 255 255 15 0
    255 213 68 212 0 255 255 111 255 255 0 121 255 56 0 188 0 95 116 122
    121 110 189 129 87 253 255 32 0 0 251 83 0 255 0 235 16 255 0 171 99
    164 255 147 245 112 93 125 245 170 86 0 246 60 0 186 0 88 0 0 148
    251 169 5 249 169 255 16 151 150 0 142 205 0 12 12 97 255 221 173
    125 164 171 0 0 255 161 0 151 239 177 21 2 210 0 122 247 255 0 43
    204 186 17 0 38 0 0 33 73 160 116 220 201 255 0 173 15 0 0 137 0 113
    0 0 212 0 30 55 99 0 255 141 255 19 236 159 0 31 81 31 73 0 249 186
    132 242 135 255 255 184 160 61 255 218 93 161 255 4 114 255 233 250
    27 255 167 48 14 66 171 176 218 0 0 101 200 108 0 0 0 255 255 237 0
    255 10 105 250 149 0 54 0 222 0 62 111 159 10 12 255 107 125 255 119
    16 226 255 255 255 183 0 180 192 27 70 54 216 83 0 0 113 0 240 255
    255 0 0 0 255 67 138 94 26 32 255 255 34 62 219 0 0 145 15 255 0 94
    193 0 0 120 77 149 116 23 0 81 103 255 255 193 255 96 0 17 38 0 255
    255 77 151 37 255 199 255 255 0 238 91 82 193 2 207 0 84 0 67 228 0
    179 255 182 255 65 0 114 149 144 112 255 231 214 241 0 0 192 37 205
    179 176 219 61 87 176 255 157 149 131 0 141 67 255 255 255 211 33 57
    174 137 114 255 186 61 255 84 166 255 65 255 255 28 149 216 255 255
    95 37 249 235 0 170 0 12 69 95 14 144 255 105 166 255 0 240 136 255
    109 229 255 43 98 0 66 3 0 90 212 0 132 255 40 0 17 192 255 130 255
    255 132 223 2 248 242 0 255 197 0 255 150 17 48 5 34 0 146 0 255 189
    137 0 255 18 169 121 178 145 199 255 0 89 69 0 81 0 106 98 0 115 255
    185 245 36 147 159 0 79 97 255 0 255 255 255 143 161 81 47 255 136
    17 244 0 135 152 0 0 35 0 14 153 0 0 0 191 0 0 152 81 255 255 35 163
    255 42 255 0 31 144 125 82 219 254 9 255 0 255 10 255 255 255 154
    255 255 160 102 0 135 37 0 0 0 197 176 147 0 255 232 0 0 185 244 0
    136 84 0 0 61 255 215 242 145 247 0 197 255 255 140 28 73 255 0 0
    255 137 0 155 213 0 210 64 255 133 0 222 12 255 210 241 2 0 47 0 26
    198 255 0 63 0 0 255 93 255 204 0 19 111 124 80 71 79 255 187 133
    104 154 0 223 0 0 9 0 28 226 231 149 0 194 152 216 213 20 0 78 64
    255 13 81 0 85 255 0 255 202 20 74 193 168 231 0 255 0 99 58 242 46
    0 255 255 93 99 59 255 0 138 193 185 87 255 128 192 32 0 255 91 107
    212 202 226 171 201 161 255 54 223 255 25 0 255 0 0 255 0 110 217
    255 230 51 213 61 196 102 94 180 109 255 21 244 255 0 0 61 180 0 154
    172 255 209 121 154 234 67 0 34 187 255 4 117 255 94 0 255 0 78 0
    255 0 255 255 181 230 179 229 0 42 217 255 0 218 147 0 255 177 249
    166 93 0 0 32 161 214 109 133 255 255 75 158 133 255 53 20 28 205 2
    255 0 255 255 200 0 55 154 255 67 0 51 232 132 255 0 109 22 0 203 83
    111 0 131 0 92 151 27 45 205 255 220 0 0 249 0 117 2 255 0 0 29 90
    117 68 238 51 255 71 60 123 255 255 0 255 126 77 0 232 109 0 194 231
    226 22 90 235 255 0 244 0 255 85 89 182 204 83 0 0 135 152 169 0 137
    238 0 203 197 255 69 202 157 83 0 59 209 168 84 255 255 8 245 255
    144 0 27 0 182 59 0 154 36 0 210 109 255 255 98 143 20 223 40 0 181
    202 0 255 141 164 114 188 0 255 0 251 255 75 188 247 255 58 165 84 0
    38 37 175 240 169 255 30 255 118 192 116 94 255 98 11 0 58 21 93 255
    0 0 148 0 9 11 112 255 78 255 145 148 30 112 101 178 1 129 146 255 0
    0 0 0 118 213 5 66 242 0 73 255 202 0 255 200 255 0 255 199 0 145
    255 116 255 159 250 236 255 115 10 133 0 255 255 246 255 247 211 255
    154 152 255 84 183 157 255 255 245 104 17 106 178 125 21 19 213 92 0
    255 24 255 121 102 208 255 125 162 164 91 255 0 40 0 22 165 255 0
    227 18 52 0 125 11 0 96 180 255 176 189 8 242 94 20 121 41 0 205 0 5
    243 127 255 174 0 37 0 0 252 62 0 154 255 255 0 131 32 33 205 118
    205 0 0 169 250 5 255 16 124 8 91 255 0 12 147 135 185 64 157 166
    131 205 201 193 0 21 48 41 255 255 255 108 255 202 187 7 1 225 0 0
    72 13 26 255 0 189 48 18 0 0 255 85 0 252 211 224 50 133 0 255 157
    103 26 0 0 0 52 35 127 104 255 255 198 214 0 11 111 126 0 98 192 133
    0 120 246 0 0 0 0 74 225 55 0 0 255 101 0 255 149 0 255 252 89 243
    239 255 42 219 178 204 0 56 255 61 255 63 47 216 125 0 255 250 135
    75 224 255 0 36 255 0 255 255 73 0 10 94 13 0 206 0 0 0 77 194 0 41
    255 255 0 186 208 26 194 208 0 241 16 126 205 255 58 13 255 0 161 0
    0 95 189 246 46 204 255 182 42 168 13 0 0 238 22 111 140 255 255 141
    11 144 156 130 13 0 167 0 0 190 76 145 255 0 193 207 102 93 165 255
    10 118 0 4 150 0 11 155 0 65 0 194 255 213 239 84 0 255 176 255 211
    2 255 255 235 210 240 0 11 0 195 104 192 255 255 168 89 255 126 0
    197 255 127 35 255 137 94 128 14 7 214 181 168 79 0 109 255 240 153
    222 122 0 0 255 255 0 255 0 0 255 184 255 255 88 0 255 0 255 165 216
    255 255 190 100 77 129 175 79 93 0 53 70 0 41 158 255 255 176 228
    186 69 0 40 129 0 28 255 0 228 255 174 0 78 255 0 0 3 0 79 0 5 47
    255 0 36 255 45 88 0 191 255 73 255 0 69 19 73 0 191 255 54 255 33
    107 255 100 255 102 158 0 130 93 102 187 228 0 0 255 188 157 182 59
    61 16 36 11 255 0 129 10 0 219 255 255 0 87 40 226 71 125 157 50 244
    145 255 191 137 94 23 65 237 9 0 178 0 25 12 255 255 0 88 106 126
    135 0 210 55 246 255 0 255 48 0 9 65 186 216 183 91 204 120 255 117
    22 0 0 74 129 196 0 0 255 24 255 247 214 146 142 12 255 0 97 106 0
    101 69 169 74 109 172 33 0 138 153 255 255 255 175 2 198 17 0 0 255
    207 139 255 242 255 227 255 189 107 172 60 127 52 9 200 168 74 196
    255 255 0 229 255 255 238 41 87 138 37 247 119 121 255 128 255 255
    67 59 13 199 195 166 168 255 55 155 255 255 213 64 0 0 64 167 255 0
    255 152 164 217 255 255 240 255 0 24 22 27 255 138 33 0 57 134 255
    211 94 64 255 90 150 255 112 255 207 138 0 0 255 143 0 31 255 63 245
    59 39 255 4 255 113 0 210 73 108 178 15 196 208 10 53 189 255 218 25
    22 255 255 255 138 255 231 255 113 64 76 134 255 45 255 119 215 0
    255 208 20 160 0 50 51 111 255 203 255 145 0 9 0 97 161 255 161 0
    170 210 201 126 255 49 0 252 255 67 0 95 164 31 25 230 17 0 201 0 64
    0 0 146 255 90 255 0 176 255 255 229 27 0 0 227 0 133 44 0 255 68 0
    0 255 238 0 0 138 93 255 43 228 23 124 255 184 87 255 113 255 159 66
    255 255 197 18 84 0 21 215 255 76 191 97 0 157 43 0 255 34 255 12 57
    116 0 255 0 22 230 40 255 255 246 14 255 171 193 100 42 255 45 208
    255 142 10 255 195 40 255 255 192 109 96 0 125 0 0 255 92 202 255 92
    255 14 228 0 162 255 255 0 57 255 60 255 75 130 255 241 133 255 156
    0 255 0 27 219 122 0 69 255 132 163 246 0 155 38 255 33 63 238 239
    193 165 186 132 255 169 130 255 255 255 30 255 0 255 0 243 16 110
    154 0 0 18 0 81 60 71 40 255 245 249 0 7 40 114 102 158 255 255 63
    54 163 0 93 77 0 255 99 255 101 255 255 13 50 255 171 121 24 255 255
    0 137 0 255 163 184 11 0 181 15 238 0 16 0 38 122 0 112 255 145 121
    0 79 255 170 100 0 187 255 236 57 0 0 0 191 228 104 172 22 153 255
    79 2 0 232 216 0 88 225 255 0 71 226 189 0 0 35 98 0 0 18 57 255 15
    104 224 105 223 139 70 0 30 254 110 169 246 229 0 112 0 0 210 255 35
    106 245 89 254 255 0 99 60 46 1 255 240 142 0 0 183 0 234 0 0 227 62
    21 255 211 200 0 215 255 158 0 0 78 42 60 255 255 108 255 255 16 0
    23 201 255 0 201 138 83 0 203 0 255 0 127 213 0 49 230 225 220 0 150
    90 136 96 255 77 200 248 255 0 206 94 0 0 16 205 0 0 2 93 169 124 0
    0 231 199 226 88 130 255 0 92 255 248 7 1 255 255 118 212 255 105 0
    225 63 94 243 129 255 230 0 26 0 227 63 0 227 255 189 0 53 15 255 0
    132 163 0 255 0 13 61 255 0 255 126 255 229 63 165 92 255 72 255 255
    0 194 0 99 198 14 255 176 68 227 255 182 78 255 255 176 58 255 255 0
    195 163 140 195 0 0 254 251 193 175 0 37 140 0 94 0 222 0 255 255 0
    202 184 206 0 0 153 0 89 211 188 255 255 0 17 0 252 255 0 180 0 31 0
    24 254 27 60 111 246 255 0 46 165 100 79 229 44 146 0 29 21 189 255
    48 44 55 248 60 46 185 174 8 255 255 176 212 231 0 255 255 66 121
    178 167 26 113 0 255 177 255 255 5 0 135 80 0 255 161 27 174 255 166
    165 69 90 52 0 255 28 255 0 225 52 0 112 147 255 0 0 102 102 0 255
    115 192 76 0 238 187 0 188 70 128 0 255 0 110 182 113 0 123 9 255 67
    255 255 153 18 139 249 255 176 19 255 255 90 108 94 54 255 255 255
    255 22 0 22 0 194 223 255 56 0 255 203 204 255 190 241 246 132 255
    239 160 248 247 189 99 197 221 44 252 159 15 188 9 210 0 200 45 255
    216 223 0 85 0 224 104 177 0 0 45 232 138 54 129 255 97 0 152 6 165
    0 75 146 168 98 79 218 0 97 0 64 213 255 48 173 187 0 255 7 186 253
    105 171 255 116 0 252 216 157 97 236 255 109 70 171 52 121 0 57 135
    255 0 255 249 193 255 173 0 0 92 0 0 255 99 255 255 85 228 0 255 47
    151 0 255 215 0 112 59 92 255 83 178 225 225 0 0 0 255 255 0 255 0
    72 33 47 255 91 142 154 255 255 0 0 255 197 186 79 1 255 255 128 53
    255 70 253 255 240 241 115 109 250 0 56 0 0 0 34 173 125 255 171 0
    171 0 204 166 218 39 96 17 158 255 6 255 174 45 0 55 121 181 100 0
    185 240 75 169 14 255 255 86 136 255 227 24 208 0 47 77 230 99 168
    188 116 0 178 49 0 255 0 60 151 255 243 161 135 127 74 108 103 0 0
    201 62 255 172 86 45 242 42 14 82 255 255 116 64 39 0 42 27 42 187
    50 255 255 225 152 29 229 255 0 0 208 0 0 98 0 102 108 201 189 0 184
    199 174 255 255 0 182 86 251 98 49 0 0 0 24 225 255 178 7 0 0 255 89
    135 255 246 186 0 255 251 225 0 112 0 255 192 221 255 89 0 56 11 191
    246 255 23 138 255 255 217 0 255 211 255 97 0 255 0 255 1 172 65 255
    77 221 160 233 99 53 255 11 2 227 138 2 223 109 255 198 255 213 93
    10 255 58 22 90 75 222 0 0 208 0 255 235 255 32 255 18 195 242 148 0
    97 255 0 21 0 255 77 0 220 0 0 142 38 255 204 79 229 255 20 68 76 57
    142 228 0 52 176 35 255 0 216 200 0 255 0 51 37 0 254 255 127 2 0 0
    96 0 255 155 0 28 255 186 238 255 234 201 179 48 55 211 31 0 202 58
    18 255 75 255 99 72 220 110 255 255 214 3 0 232 32 147 0 55 0 0 127
    114 158 206 85 253 209 0 255 255 229 255 204 255 75 160 26 204 201
    145 0 1 105 90 87 150 0 44 119 255 55 0 255 0 0 44 61 166 57 57 15
    75 0 70 84 95 201 49 245 224 246 223 255 0 178 0 0 255 78 255 235
    199 35 244 0 192 138 0 255 57 76 255 0 255 195 156 185 0 137 0 20 97
    111 255 69 255 0 234 0 93 80 0 169 78 247 17 83 0 255 147 64 64 84
    170 132 255 70 255 0 174 243 98 255 0 178 49 147 133 179 0 0 53 252
    0 0 255 65 0 75 159 80 24 46 148 25 255 249 138 59 99 20 114 52 38
    39 127 255 180 203 67 3 255 233 255 181 0 39 52 137 255 9 197 197 18
    76 48 151 50 255 85 31 190 85 172 219 255 34 255 116 222 65 225 0
    255 255 86 255 255 0 200 183 0 102 255 44 118 164 156 255 139 232
    254 142 0 255 116 229 126 11 6 69 154 29 0 255 166 41 17 255 255 255
    35 255 0 0 212 199 0 225 255 149 4 49 0 0 240 239 110 122 150 204 90
    0 218 179 255 184 16 166 208 255 251 255 1 255 7 205 50 5 78 223 120
    154 112 63 148 0 203 176 186 77 125 123 167 246 25 128 193 0 255 187
    255 159 0 241 215 41 4 206 113 149 62 102 140 229 255 77 223 255 195
    55 219 255 226 255 0 29 255 93 0 220 16 0 65 183 131 212 154 70 239
    180 33 255 96 206 195 0 118 112 192 0 255 206 255 58 160 255 247 255
    7 255 10 38 6 195 255 104 255 0 0 255 234 0 184 236 0 141 4 203 255
    126 233 246 16 57 255 0 70 255 82 133 73 255 255 255 0 39 0 0 255
    130 51 131 104 63 255 2 255 28 64 0 255 0 207 0 255 39 140 15 66 85
    242 193 0 250 227 47 57 188 0 223 255 0 0 249 175 131 72 80 255 220
    158 239 128 220 255 0 153 0 202 255 8 69 255 24 135 255 94 146 0 181
    29 143 189 255 255 177 48 224 45 156 52 0 255 134 118 0 70 0 15 0
    116 124 20 206 0 255 245 45 196 143 97 163 0 255 0 95 50 113 255 255
    14 148 249 209 0 180 200 95 54 255 51 146 0 168 222 0 12 14 168 102
    13 90 255 236 128 55 255 255 217 66 0 255 0 0 167 255 193 202 255
    177 255 127 148 167 0 106 112 249 228 0 0 214 219 144 115 29 225 61
    255 255 0 255 104 48 111 0 229 43 0 0 52 72 156 150 165 67 0 255 225
    0 255 0 255 62 0 255 255 0 247 189 200 53 58 23 158 84 0 30 133 0
    255 203 177 201 255 162 117 255 0 255 48 0 71 0 117 0 118 113 0 24
    159 245 0 0 255 231 255 33 216 208 54 66 48 0 214 224 0 194 255 61 0
    0 123 184 255 255 255 145 111 255 0 73 254 219 255 62 0 88 221 0 0
    255 181 73 0 104 141 216 85 214 255 42 43 224 44 141 168 177 255 255
    0 93 0 83 138 229 183 255 182 177 255 0 0 255 248 0 225 252 239 0 95
    88 0 255 70 0 187 255 0 244 255 0 92 255 30 0 80 221 0 0 214 118 0 0
    255 219 41 224 74 255 255 49 250 174 128 246 177 119 255 89 255 244
    234 0 180 10 97 165 0 17 0 221 162 0 255 100 255 251 255 124 163 117
    0 255 93 108 196 77 131 222 0 190 0 206 5 178 255 186 255 255 255
    172 255 56 72 255 0 230 0 168 75 63 255 255 220 255 180 183 179 0
    159 17 255 166 165 82 255 73 34 255 206 0 255 0 44 255 55 111 67 36
    255 56 198 255 95 249 255 255 182 255 94 255 169 74 0 0 255 136 113
    255 0 255 30 74 0 255 183 250 193 154 118 171 238 252 77 132 92 222
    122 255 229 234 51 0 92 0 0 255 0 255 0 35 137 0 72 0 2 255 0 0 131
    37 255 49 82 244 255 63 6 59 61 0 148 83 255 218 0 255 0 188 103 0 0
    205 255 65 255 131 0 216 43 216 0 249 0 0 147 101 255 137 234 213
    216 156 207 110 190 243 224 119 0 110 76 208 0 180 0 255 224 110 0
    255 144 255 156 0 212 0 121 0 49 191 96 73 0 144 95 8 9 107 0 16 210
    255 159 103 255 12 126 212 254 0 253 5 0 255 5 255 0 152 145 0 112 0
    1 126 255 22 175 8 0 69 199 61 189 116 255 150 114 52 186 116 63 0
    236 113 178 222 255 239 255 104 162 219 7 172 255 169 0 89 255 124
    255 255 194 0 222 0 255 28 9 25 255 122 86 0 243 99 76 32 255 122 81
    23 62 123 195 90 2 255 191 0 0 0 67 130 191 55 201 230 0 255 0 103
    105 255 79 255 42 235 255 255 124 111 29 0 0 65 108 154 255 255 114
    255 120 67 207 232 194 0 255 134 0 255 3 0 162 0 0 160 172 183 35 96
    19 241 0 86 255 157 234 47 0 192 255 216 132 255 6 198 0 184 0 178
    255 86 111 255 86 141 199 255 152 43 218 152 235 174 178 151 77 255
    220 0 235 4 150 43 208 0 0 0 41 234 0 211 255 140 255 198 176 248 2
    63 16 0 255 63 56 173 255 180 69 166 255 255 117 206 194 201 70 64
    155 152 0 238 113 108 0 228 137 98 255 255 173 3 34 74 44 68 208 104
    0 0 255 57 0 25 254 193 80 0 133 0 46 181 82 0 69 255 192 255 226
    178 153 192 5 75 0 205 255 31 12 106 50 74 255 76 158 255 152 103
    255 63 173 242 241 148 90 35 83 255 175 255 59 255 66 255 0 79 255
    255 255 255 101 255 21 107 177 173 24 255 0 0 194 78 234 255 234 34
    0 201 255 0 0 0 0 74 158 252 186 255 24 110 0 255 171 2 67 237 244 0
    156 141 0 81 255 137 120 110 27 74 240 193 0 0 97 0 82 0 0 59 0 137
    97 16 118 93 255 0 0 237 255 51 131 234 219 255 50 255 0 96 255 101
    151 138 232 195 0 0 182 0 202 50 171 23 138 0 72 233 255 99 6 95 0
    255 0 27 245 31 52 250 23 3 255 150 167 85 53 255 0 0 213 0 0 255
    182 67 132 0 150 117 179 255 114 16 125 255 223 255 141 118 193 255
    169 221 174 79 215 241 31 33 0 72 139 1 255 255 123 236 72 255 156
    149 0 115 204 114 160 156 51 17 0 144 89 228 0 255 255 255 3 132 253
    169 127 255 255 255 88 0 168 0 0 255 0 64 187 51 0 234 255 208 61
    175 0 28 243 62 0 11 29 138 219 0 212 209 77 255 255 72 8 0 250 95
    89 92 124 152 255 203 107 31 255 92 116 255 198 213 110 163 189 146
    252 248 255 64 79 255 255 0 249 0 0 140 166 90 18 89 53 212 255 185
    0 255 252 167 245 235 35 248 147 255 133 255 7 255 255 106 65 255 71
    255 0 3 0 7 173 16 0 162 255 0 102 92 140 255 100 93 107 79 255 0 58
    255 255 63 0 207 118 0 0 0 0 61 3 204 196 255 211 226 242 31 236 132
    156 0 192 0 170 178 255 130 222 212 255 0 130 129 159 127 195 94 0
    20 110 252 0 0 0 0 213 50 31 223 255 255 125 255 205 0 169 0 113 0
    82 255 225 255 255 89 6 255 0 212 248 67 11 255 215 106 0 31 255 178
    0 230 28 0 28 0 0 0 255 0 0 216 0 0 198 255 255 183 0 227 63 255 183
    254 64 251 165 0 255 128 255 71 169 229 77 255 255 0 154 108 159 35
    51 0 203 181 4 0 233 255 0 242 131 160 206 255 163 255 91 161 169
    255 141 255 18 95 109 179 189 255 1 0 255 0 0 33 0 254 0 0 121 169
    33 13 180 211 184 22 255 235 34 255 76 78 217 174 248 231 65 61 174
    255 230 255 167 0 255 41 166 181 255 255 255 255 211 255 112 0 211
    130 245 218 146 255 94 25 166 255 169 35 23 40 69 235 0 255 203 255
    0 0 255 0 0 168 0 255 97 255 255 0 255 255 185 149 243 148 169 77 64
    105 255 255 0 65 0 9 255 51 82 0 54 185 228 224 8 210 0 248 0 249 33
    180 255 145 28 147 84 255 14 222 173 37 82 0 255 124 255 21 44 0 61
    7 255 195 106 40 121 171 177 138 63 169 179 189 165 112 247 255 0
    166 153 15 1 255 205 255 168 189 255 255 15 0 0 225 169 255 0 145
    119 0 0 62 111 218 52 141 0 4 149 171 25 33 255 139 36 0 135 255 177
    255 255 0 0 100 216 202 107 213 128 240 0 107 255 51 202 0 0 69 180
    90 201 52 164 18 173 148 0 255 255 0 250 177 75 0 67 0 103 0 182 168
    255 168 79 0 0 255 0 0 0 152 85 194 0 0 24 198 128 112 255 48 255 57
    255 190 163 255 47 66 1 77 230 255 113 94 255 86 0 97 146 178 255 37
    57 72 89 142 116 255 75 255 43 0 162 240 0 141 58 111 201 0 227 131
    227 255 255 255 120 158 152 15 0 0 0 0 72 101 9 252 255 78 255 167
    242 0 0 156 255 125 70 0 76 86 24 149 255 134 0 213 255 0 198 39 10
    198 0 255 199 247 208 229 0 255 134 45 255 12 223 97 0 224 128 255
    249 69 188 0 125 99 246 248 141 253 228 65 208 13 0 255 137 238 253
    253 38 194 74 168 255 132 153 255 147 143 161 141 255 255 111 121
    255 234 234 184 197 0 229 0 0 193 50 244 150 27 127 255 205 112 249
    167 56 183 128 255 255 255 208 255 255 0 255 0 0 255 161 235 0 255
    162 0 22 19 208 93 81 155 255 177 46 255 195 146 47 255 39 70 110 98
    73 255 147 255 0 186 136 221 38 176 224 195 244 19 177 204 0 0 115
    164 185 27 255 255 255 0 0 255 242 192 255 173 127 255 0 26 0 37 37
    50 115 79 103 147 0 76 66 130 150 0 159 255 207 255 0 172 168 221
    255 0 0 144 57 19 0 85 241 0 255 255 255 114 255 106 0 228 1 0 20
    101 137 37 238 0 255 0 213 255 255 186 0 0 178 230 145 255 156 0 236
    0 255 175 191 65 0 203 144 27 86 107 240 80 0 141 162 33 255 212 18
    100 115 128 2 0 81 41 255 104 32 255 246 9 214 255 226 0 226 255 0
    255 165 112 134 0 8 185 0 150 255 162 255 255 26 191 183 4 191 143
    76 119 255 255 80 0 66 31 34 0 221 254 108 48 107 212 247 0 124 0 0
    48 116 228 255 0 162 161 255 200 0 134 0 95 255 136 135 95 255 17 90
    195 255 174 72 255 233 255 0 219 247 197 115 0 255 155 194 14 64 76
    243 143 171 150 255 255 0 148 115 155 136 252 255 203 161 193 0 255
    228 159 81 37 177 6 0 122 255 0 217 146 255 204 165 255 202 50 0 255
    0 0 210 244 144 122 171 2 255 214 0 255 255 151 206 219 255 207 0 25
    95 106 0 34 255 184 1 255 255 146 82 0 163 67 255 219 255 184 5 226
    124 0 104 5 80 212 58 164 0 228 255 104 255 0 0 0 246 145 189 147 33
    65 247 14 197 68 0 186 255 186 184 0 120 82 255 255 222 255 0 157 11
    120 65 201 229 100 76 87 94 255 14 162 178 0 53 0 211 255 55 245 229
    255 235 84 122 255 0 121 72 147 255 176 48 79 0 0 181 255 105 255
    255 239 221 255 0 20 237 61 66 182 171 136 115 201 11 57 198 89 131
    0 0 255 102 161 36 44 204 42 28 211 17 37 13 70 102 250 184 15 15 0
    255 255 59 0 255 255 255 101 116 90 242 255 0 255 255 254 41 0 170
    255 38 120 255 163 88 244 178 112 0 133 0 255 249 255 211 160 163
    236 0 153 12 255 0 245 29 25 0 255 195 0 46 255 101 0 33 1 255 194
    123 2 38 212 171 255 255 0 25 249 0 117 213 68 162 0 164 82 4 0 255
    255 245 75 186 58 255 29 157 154 0 40 71 63 113 58 53 98 141 0 73
    255 77 207 239 0 178 38 255 165 226 159 255 0 219 146 59 227 90 235
    159 200 94 0 93 0 0 1 107 92 200 131 215 0 200 216 89 10 99 255 188
    0 0 155 239 149 0 0 207 129 151 185 104 226 0 255 28 0 0 212 190 0
    255 205 153 0 202 255 164 161 208 237 81 83 191 237 119 0 160 202
    255 0 178 114 77 13 238 6 92 176 147 0 255 244 0 0 47 255 255 133 0
    227 0 8 167 255 248 107 183 58 118 131 248 68 255 185 255 0 255 0
    217 185 0 106 168 255 230 115 152 171 185 35 192 174 0 80 0 191 189
    0 255 77 17 255 236 255 243 137 168 37 92 80 243 0 0 220 0 105 255
    29 101 234 96 0 20 0 48 0 29 102 0 255 237 255 140 95 0 129 0 255 0
    128 0 0 255 0 185 251 0 184 73 195 255 0 0 2 255 0 0 242 108 0 0 0
    70 100 0 75 223 0 147 30 129 255 48 5 232 255 68 255 104 62 108 3 4
    0 0 255 0 5 0 0 141 0 0 0 51 206 0 0 142 74 75 239 0 164 255 0 0 143
    101 94 172 236 0 37 255 31 98 255 255 0 0 211 182 255 21 0 27 223 90
    255 58 0 0 38 0 0 121 255 121 1 255 45 255 255 80 0 245 69 191 162
    255 255 255 255 160 57 3 188 100 76 220 51 234 68 37 146 45 0 0 64
    149 133 0 210 155 161 141 109 253 102 0 255 123 117 126 18 86 66 27
    255 26 159 0 3 255 57 222 35 0 255 188 255 127 0 255 189 255 255 255
    188 0 186 16 0 118 0 238 0 9 255 255 207 158 255 0 255 0 9 152 255
    241 0 0 158 206 10 0 205 255 0 51 155 146 30 143 33 216 0 9 242 112
    190 0 255 255 0 0 251 255 0 13 160 145 197 57 147 101 170 255 187
    255 33 94 0 0 0 239 34 162 255 42 255 228 183 129 0 71 113 0 154 255
    36 255 102 82 236 26 0 255 204 255 158 113 202 0 191 165 133 232 218
    231 255 230 117 6 232 0 243 70 0 0 194 128 0 201 226 243 0 24 249
    231 113 187 179 94 255 43 183 205 218 0 128 0 255 187 138 255 255 35
    61 253 38 155 136 182 0 15 0 34 196 219 255 185 255 255 0 238 141
    171 147 0 8 171 15 0 92 0 255 155 116 0 156 231 255 175 163 60 0 83
    209 68 61 0 0 249 153 48 228 255 182 255 255 111 75 1 78 249 255 183
    255 255 0 39 83 0 0 0 206 255 105 157 225 255 18 214 255 37 108 33
    188 96 255 205 0 246 65 103 255 43 253 255 146 213 255 0 255 0 255 0
    0 255 255 255 183 96 252 142 255 112 0 50 96 0 0 241 148 136 49 0 0
    88 125 0 242 46 255 63 0 205 125 0 128 0 87 156 20 123 0 190 122 0
    255 255 0 0 255 113 106 238 113 245 255 255 154 143 93 9 255 209 255
    127 154 179 74 145 0 5 21 217 255 100 251 238 74 234 126 169 255 29
    34 82 40 0 103 0 77 255 111 58 224 0 219 255 186 255 255 0 0 106 28
    172 55 219 187 58 255 238 221 19 0 52 255 45 255 71 211 102 185 255
    139 101 195 44 255 187 0 123 255 0 255 150 255 0 46 160 255 0 36 255
    143 0 255 228 0 130 109 238 94 255 252 116 114 64 255 56 113 115 101
    52 166 76 157 184 255 255 255 0 60 255 242 60 255 169 0 0 166 0 234
    255 26 101 238 0 106 255 236 225 128 255 137 0 6 0 255 246 150 74
    209 154 0 33 0 78 255 24 182 255 241 73 0 237 201 58 0 255 0 177 0 0
    8 150 34 232 114 255 245 255 180 182 255 128 255 0 0 140 82 64 229
    110 255 179 66 255 198 255 0 166 120 80 72 61 0 233 255 196 0 255
    255 30 85 88 62 41 29 97 0 0 46 255 75 194 0 212 81 68 244 32 0 0
    156 83 139 255 175 117 11 73 255 255 40 173 34 151 0 153 255 151 24
    40 0 104 255 255 91 45 0 186 230 127 208 75 0 0 4 0 0 171 243 82 211
    255 255 101 255 35 0 255 255 17 0 37 186 100 95 255 50 187 255 17 41
    58 255 54 220 255 255 0 130 254 255 255 91 200 0 0 248 114 196 0 146
    0 255 69 183 48 245 205 87 234 0 255 130 51 240 235 249 229 146 255
    249 75 87 255 0 138 0 160 248 0 48 152 186 0 0 219 255 0 80 41 184
    32 103 255 255 88 166 21 57 255 0 0 253 25 0 11 182 224 44 248 158
    234 255 172 189 250 82 0 0 0 255 80 0 176 209 0 0 0 0 0 252 86 231
    16 0 255 230 255 37 255 158 94 7 122 255 144 122 124 255 216 255 74
    243 71 255 245 106 139 64 160 255 72 193 181 216 119 255 130 0 255
    29 0 255 18 145 169 117 0 244 255 27 255 101 125 75 198 127 12 44
    110 0 255 222 255 0 179 199 255 255 38 217 202 0 0 169 62 2 255 114
    114 239 0 120 99 62 137 255 105 3 255 0 175 202 249 0 175 0 255 236
    75 255 4 213 160 123 67 255 235 247 150 255 72 82 63 93 255 0 16 197
    2 255 70 182 15 36 134 176 0 0 93 65 77 0 0 74 0 255 117 204 255 26
    255 222 246 85 197 8 29 255 255 115 255 0 214 149 70 48 77 230 0 0 4
    0 28 0 127 255 223 172 255 232 0 0 255 143 0 177 0 169 122 61 190
    228 0 255 186 0 255 0 255 0 0 135 90 0 9 150 174 255 226 255 175 132
    0 0 77 46 44 134 255 114 175 78 210 255 0 43 255 43 251 0 253 49 166
    135 199 255 0 191 54 249 33 0 201 62 255 0 190 84 0 95 0 38 225 0 31
    84 0 0 194 255 0 134 72 0 223 255 94 255 185 48 0 0 217 83 61 255 63
    0 176 0 177 121 245 200 23 0 0 255 183 1 0 185 0 80 255 0 254 93 21
    32 242 255 255 89 255 1 52 32 255 255 0 181 251 255 165 133 202 159
    255 245 0 147 126 43 87 172 233 7 253 37 255 196 0 255 181 255 0 127
    173 0 115 0 96 153 136 148 209 117 224 161 255 0 0 150 86 102 71 0
    91 0 57 222 63 255 0 185 255 0 79 255 0 155 130 254 255 222 255 10
    22 251 214 43 135 187 164 255 202 75 167 90 87 150 0 217 0 220 214
    255 0 0 0 255 0 0 231 255 209 166 198 255 255 180 0 255 64 31 27 108
    48 0 0 63 16 45 0 31 255 2 81 169 181 122 42 24 83 136 160 0 0 72
    148 0 188 255 37 26 255 0 8 211 193 85 255 190 183 2 70 109 0 186
    122 225 252 0 255 255 50 255 186 255 208 210 160 228 227 64 161 13
    249 177 45 0 14 122 0 0 0 124 255 255 164 71 13 0 0 199 255 139 5 0
    164 248 255 163 145 255 112 255 255 197 51 255 152 129 152 20 255
    165 205 65 0 62 124 38 131 165 0 2 202 83 0 33 57 112 91 108 197 183
    255 230 153 26 255 20 137 48 0 255 102 255 247 255 214 219 9 0 255
    110 0 0 215 255 50 255 61 25 0 0 255 255 62 32 146 241 203 0 241 150
    153 255 114 238 255 161 0 154 15 132 0 103 167 178 79 39 62 166 39
    161 0 144 5 246 169 0 255 255 255 0 211 62 201 255 175 88 255 141 94
    0 175 17 0 255 0 0 114 194 0 136 126 255 29 0 55 96 0 175 255 0 2 21
    118 200 255 149 203 0 23 245 54 66 0 155 212 116 0 255 163 231 255
    40 240 249 14 136 0 114 34 13 75 106 20 0 255 16 0 227 223 0 80 233
    41 104 255 155 234 0 31 227 34 240 146 0 181 174 136 255 104 239 227
    252 0 255 0 255 205 65 0 127 206 255 255 255 98 0 169 255 68 255 54
    119 83 246 0 0 245 143 252 149 255 66 0 76 225 195 0 52 82 152 255 0
    158 255 12 206 0 162 0 0 255 18 108 255 145 255 87 255 255 13 185 67
    46 142 0 255 255 4 0 255 157 224 173 106 183 0 166 0 246 0 170 0 255
    255 177 137 126 25 13 74 0 61 237 186 29 0 250 104 63 36 14 221 43 0
    0 65 127 175 0 109 255 182 255 248 253 42 18 144 0 0 224 0 234 0 0
    216 0 254 0 0 200 98 202 26 93 126 0 159 22 61 145 81 170 52 0 255
    30 131 0 4 255 255 0 108 65 0 80 86 255 160 255 147 0 125 0 236 34 0
    0 45 0 250 95 0 0 191 118 40 63 240 100 235 241 21 0 11 60 228 14
    255 69 124 0 249 26 49 127 0 128 0 254 114 255 255 56 255 0 0 126 0
    0 121 108 154 0 202 64 28 177 98 34 0 0 255 166 0 27 0 8 0 16 12 255
    204 255 154 255 255 0 49 58 0 0 0 255 196 0 194 15 218 119 190 255 0
    255 255 246 255 0 171 0 255 81 82 254 190 0 212 255 128 213 127 197
    0 39 224 80 0 184 95 170 141 185 255 255 255 184 215 255 87 0 255 0
    5 0 0 255 251 252 220 0 39 80 15 170 220 255 126 0 197 0 188 0 0 210
    28 255 255 158 255 216 146 170 72 169 76 104 10 177 162 179 0 255 34
    28 49 0 255 19 100 88 240 80 0 81 255 35 150 0 42 245 45 255 94 0 96
    0 255 0 0 255 0 0 195 34 23 229 0 0 0 255 158 202 92 0 243 0 118 96
    193 0 39 153 121 68 201 124 12 0 38 230 102 23 255 0 80 46 33 0 0 0
    217 128 212 236 55 0 255 118 0 255 255 211 0 116 255 90 244 0 255
    145 168 255 240 183 255 168 106 191 190 255 153 255 131 112 167 54
    255 42 177 162 180 213 81 0 255 255 255 246 99 32 198 30 0 251 152
    255 106 255 255 0 255 119 93 8 46 0 255 170 32 121 173 18 97 125 5
    81 0 89 191 255 100 0 255 120 0 239 142 255 202 150 0 255 141 0 0
    192 255 255 124 245 255 255 228 97 27 0 0 15 119 0 255 70 0 255 255
    51 21 255 242 82 255 129 0 0 220 181 95 70 255 70 70 14 64 184 177 0
    2 95 255 0 77 193 37 172 0 203 255 160 82 80 0 190 21 255 101 245
    219 0 61 150 210 242 199 255 48 96 255 46 0 255 17 41 243 168 6 255
    182 50 115 233 65 0 134 255 75 0 0 52 181 1 0 255 98 0 255 248 0 255
    13 0 0 0 77 67 76 56 19 0 255 117 0 255 0 255 182 0 255 255 126 157
    0 0 0 6 76 59 182 8 255 199 0 126 44 233 50 255 234 39 214 211 0 0
    255 0 113 0 255 0 142 105 111 0 102 255 87 230 255 240 181 98 118 0
    145 106 137 0 0 255 0 125 255 0 73 203 70 22 120 114 62 23 43 255 73
    255 206 255 94 255 190 165 136 0 203 81 88 0 163 0 72 185 230 94 0
    255 255 138 184 148 255 0 0 255 75 52 0 58 255 52 70 198 19 21 0 114
    155 163 78 126 255 239 27 209 169 0 128 211 255 255 255 85 146 83
    223 219 229 125 245 255 0 232 80 205 255 36 0 255 214 113 255 91 102
    255 251 103 115 0 176 0 19 183 0 255 255 0 123 193 0 3 148 198 150
    45 0 0 224 23 255 255 72 232 37 0 0 28 157 38 195 255 255 131 234
    218 220 76 0 172 74 0 161 22 140 255 131 255 144 155 255 37 150 255
    1 213 255 228 210 85 132 104 149 255 241 255 144 0 152 254 0 92 19 0
    39 153 0 244 25 4 220 153 30 160 238 0 136 214 91 208 0 202 130 118
    255 255 183 25 178 255 17 114 150 255 110 253 0 0 194 141 178 240
    128 123 72 177 255 203 212 58 176 0 131 88 85 230 85 255 255 149 131
    221 122 0 0 58 144 255 0 255 0 217 255 19 89 0 255 0 252 255 114 97
    98 128 91 239 9 129 86 255 3 190 255 255 150 22 251 255 255 255 82
    132 255 16 0 220 222 0 255 47 0 204 52 255 255 22 187 0 89 253 161
    19 38 183 108 255 113 249 97 208 68 15 129 247 0 203 0 44 24 46 170
    47 255 101 86 197 201 247 0 255 255 87 130 186 82 252 134 36 0 220
    41 225 223 175 47 255 255 105 92 230 0 48 127 116 255 39 0 248 0 255
    151 255 92 255 82 0 255 0 79 0 203 189 255 227 255 46 169 255 0 255
    185 40 255 81 255 47 255 144 255 0 0 157 100 20 23 136 0 94 80 0 255
    33 217 96 0 33 230 0 34 198 51 255 30 189 255 0 89 146 0 218 205 0
    255 0 86 15 89 49 255 233 21 132 0 255 255 167 0 162 228 255 82 255
    21 122 255 0 0 255 255 208 9 174 36 255 37 55 255 201 61 255 0 141 0
    85 65 15 0 0 20 250 227 119 255 234 103 41 255 72 124 190 252 82 103
    255 108 229 65 0 218 16 0 64 20 0 149 135 0 28 131 200 77 71 151 133
    168 255 0 0 29 0 188 0 0 125 246 205 255 228 194 158 0 255 224 80
    229 229 105 229 240 86 162 165 254 10 255 165 0 0 167 146 0 175 255
    220 0 137 255 0 39 25 238 255 37 54 5 185 137 32 137 121 255 171 193
    175 255 120 97 255 0 50 255 170 0 0 236 96 6 231 164 0 70 0 0 255
    184 22 44 0 35 18 124 228 2 0 88 195 0 162 255 198 0 240 238 63 252
    76 13 0 86 255 0 0 0 6 226 0 29 0 45 16 194 0 229 22 17 255 0 40 121
    19 0 255 247 207 83 0 0 255 90 206 255 243 149 0 96 11 228 156 113
    254 255 39 0 36 0 171 0 53 250 48 212 215 0 136 0 0 176 0 145 190 0
    255 7 93 146 140 255 185 72 178 182 0 0 255 0 221 150 235 255 37 0
    23 255 0 61 124 254 185 159 31 37 63 255 213 255 255 240 255 53 73 4
    0 0 165 219 0 119 172 0 88 255 255 89 0 71 0 0 234 0 217 89 8 144 75
    255 255 174 255 74 217 0 189 106 224 190 34 4 77 104 110 161 0 70 82
    255 255 210 184 146 255 6 203 152 0 83 144 242 128 255 0 255 192 33
    181 204 0 101 82 1 161 136 113 81 27 180 0 247 230 0 9 32 0 255 76
    18 143 206 114 203 201 0 255 139 255 0 0 53 0 216 0 255 85 186 255
    173 128 186 64 175 45 25 53 255 0 120 72 0 107 71 63 89 95 44 200
    148 168 223 0 255 68 169 255 106 255 159 0 178 132 183 0 102 255 75
    20 207 255 198 203 255 255 6 0 203 102 212 153 0 15 0 229 255 138
    195 0 255 29 0 255 0 148 97 0 68 11 206 25 255 47 255 228 13 116 255
    0 160 224 255 45 105 74 255 170 0 89 65 163 119 255 93 210 51 81 220
    240 66 218 176 148 0 191 255 255 166 184 86 122 0 0 255 242 0 0 155
    101 248 255 0 0 219 255 208 39 35 255 114 221 86 150 237 196 130 34
    0 0 255 0 234 255 255 52 0 126 110 12 164 255 0 81 156 24 7 101 255
    0 255 145 250 125 125 94 84 72 237 223 255 0 0 49 0 0 205 0 0 0 255
    20 161 217 225 255 169 0 102 255 255 20 18 255 255 162 242 247 255 0
    255 147 85 218 255 108 255 0 35 255 255 111 240 195 255 213 0 234
    139 105 0 255 89 231 63 255 205 139 255 255 189 45 255 0 111 0 0 6 4
    66 149 255 81 159 255 0 255 219 100 52 173 210 255 0 129 255 0 102
    19 87 87 143 93 0 9 0 5 218 11 90 153 255 112 196 246 64 179 255 255
    255 255 143 255 0 175 4 0 255 255 252 0 52 149 20 47 47 160 120 0
    255 255 0 255 255 255 25 0 255 255 217 101 31 255 54 164 116 161 255
    255 0 109 255 241 0 40 255 2 255 255 119 0 0 255 0 233 177 42 178 0
    111 75 138 221 100 203 201 108 255 127 64 0 0 13 26 125 190 251 255
    95 134 81 199 12 0 0 0 233 0 0 0 223 161 128 169 0 174 0 85 255 201
    0 255 136 252 225 70 75 255 104 171 0 12 227 169 34 121 120 104 168
    255 137 0 74 137 148 210 174 255 130 255 0 0 210 217 61 138 0 255
    176 231 143 128 194 0 137 124 0 0 124 15 231 77 255 0 17 0 0 23 0 0
    207 66 155 20 0 159 103 104 31 244 255 12 255 96 199 75 53 0 12 0
    191 127 0 67 178 126 77 29 210 84 0 0 33 235 187 255 70 183 195 0
    255 58 31 126 8 123 94 255 6 55 138 136 155 106 72 79 175 200 130 35
    255 255 0 255 75 0 255 0 0 255 255 183 121 98 80 178 0 0 224 165 255
    0 84 250 117 0 59 0 255 118 131 6 101 245 255 255 42 205 0 5 173 255
    255 0 50 9 160 99 35 0 255 191 0 255 110 0 255 63 195 119 0 38 131
    123 0 31 176 0 213 0 116 51 5 234 0 0 68 42 85 13 0 13 199 0 5 99 1
    255 0 0 255 230 12 143 255 0 0 123 255 0 204 0 232 255 62 0 109 249
    194 0 255 252 102 255 251 0 138 56 213 47 71 169 255 236 255 9 61
    140 73 130 108 255 48 0 0 34 255 255 74 157 0 130 183 134 115 255 0
    184 0 0 152 98 255 174 100 73 221 43 255 59 255 34 21 255 255 41 251
    124 124 165 224 73 235 255 173 201 0 83 255 240 0 0 88 255 189 100
    134 51 255 12 39 255 234 255 0 255 0 154 245 19 206 183 0 211 132 14
    60 0 69 144 3 101 0 157 57 35 167 155 255 255 255 220 189 255 129 36
    12 49 0 67 59 238 249 109 142 0 175 0 36 92 149 33 0 102 163 216 0
    255 197 1 56 255 254 88 245 182 0 0 0 245 72 0 110 54 98 255 108 151
    245 0 16 154 0 173 56 68 47 0 178 0 14 255 158 241 62 77 11 214 6 41
    118 64 166 255 159 204 0 57 206 26 97 128 219 54 182 0 85 171 255 0
    233 240 255 154 255 0 196 42 48 99 224 211 202 31 81 211 15 94 230
    180 85 136 130 0 255 0 218 222 255 113 0 253 196 0 121 0 68 22 0 255
    30 255 255 65 45 92 96 145 0 138 170 0 20 255 153 35 3 255 0 195 16
    26 193 255 235 43 255 255 0 255 86 0 255 0 30 245 196 46 255 125 95
    224 7 213 84 167 38 255 0 128 243 237 168 80 0 187 131 0 255 202 14
    122 111 0 0 22 252 255 0 180 54 0 0 255 95 222 239 0 255 170 200 93
    255 0 65 251 255 147 255 255 150 173 50 255 111 133 90 166 124 117 0
    46 0 85 244 90 255 255 1 255 189 255 255 24 169 0 113 255 127 101
    235 0 233 222 250 77 0 197 76 80 0 23 155 0 0 255 149 255 201 72 255
    91 155 255 165 255 0 70 0 88 255 156 167 255 0 0 255 0 255 0 255 0
    237 0 0 0 217 240 61 243 162 4 255 255 0 0 41 149 255 0 132 0 88 91
    255 12 51 193 4 123 61 0 253 208 0 105 106 181 190 37 46 244 162 0 0
    238 211 178 113 130 255 163 0 41 0 122 112 27 149 0 255 221 227 238
    0 255 0 255 187 54 203 255 214 135 0 178 204 0 127 255 255 172 0 66
    221 0 69 0 0 0 255 213 0 255 0 3 195 108 255 255 58 255 255 182 19
    255 171 0 97 165 91 217 2 82 255 16 243 255 131 48 255 213 255 255
    255 255 228 89 181 180 242 28 0 36 57 158 102 168 25 0 220 212 197
    255 227 126 59 243 162 207 169 238 0 255 32 62 0 24 130 148 213 10
    255 185 0 48 0 226 255 9 60 95 6 0 0 0 255 41 255 255 196 109 0 94 0
    0 0 0 0 0 255 86 255 115 0 86 0 255 234 0 179 62 202 0 112 134 0 151
    79 113 255 179 255 178 121 193 175 255 255 54 240 255 142 90 12 0
    233 0 255 255 61 43 255 170 235 255 72 204 255 208 199 0 109 48 34
    22 147 0 0 11 255 133 83 0 228 0 255 250 171 255 105 123 0 255 0 0 0
    226 133 89 239 90 255 229 0 255 40 247 203 0 255 0 158 162 44 0 112
    246 69 0 105 0 255 0 236 0 127 99 77 207 255 192 255 224 239 255 72
    239 158 255 133 0 255 255 153 255 37 255 35 141 0 255 118 9 107 28
    11 0 0 36 90 36 0 0 237 156 198 218 141 210 12 236 155 240 53 0 33 8
    206 87 0 172 83 53 251 255 79 230 171 0 246 79 95 127 45 211 157 196
    149 244 0 229 0 240 0 0 0 155 0 9 57 255 29 0 73 67 110 187 0 255 58
    9 140 0 11 131 14 0 0 121 255 255 165 9 154 171 0 134 255 37 179 50
    40 126 0 50 228 0 101 0 25 163 0 255 77 38 85 232 203 255 255 0 255
    255 79 166 4 163 43 0 255 33 2 159 0 0 207 26 0 255 0 255 163 56 255
    0 0 0 163 0 0 0 0 255 0 0 149 71 255 117 255 255 0 230 250 0 188 176
    0 20 126 0 0 57 165 15 255 0 0 255 0 0 0 255 255 255 119 255 7 33 92
    177 0 116 103 84 0 220 0 255 201 129 182 57 176 123 255 0 168 184
    198 104 255 202 142 149 225 197 225 139 116 255 255 0 184 242 0 0 86
    228 54 255 134 132 255 255 52 108 47 255 0 241 255 184 255 1 130 0 0
    34 47 218 69 0 0 255 12 0 91 84 45 255 220 156 185 255 111 255 119
    177 0 0 255 0 132 142 134 255 0 164 232 143 0 143 255 255 255 255 6
    250 196 255 255 42 255 86 33 53 65 75 150 14 0 0 177 91 121 142 213
    148 0 120 0 54 255 255 165 21 223 153 0 112 63 0 15 0 255 36 84 117
    26 85 246 64 98 34 8 0 64 194 5 83 11 172 210 131 255 174 250 255 0
    245 236 115 218 0 99 67 217 0 229 0 154 143 185 255 252 251 47 233
    132 81 198 119 183 0 230 93 0 255 0 0 255 188 0 0 0 0 127 255 255 17
    169 115 255 0 0 4 137 0 0 208 155 17 28 255 242 143 0 105 255 0 0
    255 76 21 0 43 250 68 200 255 80 18 0 0 255 167 213 255 0 169 219
    255 255 13 181 196 0 255 238 43 124 1 0 255 240 255 206 0 255 255
    117 203 247 242 122 34 49 59 103 97 0 134 8 38 177 178 17 243 255 0
    128 242 32 156 0 210 212 255 176 123 24 0 251 255 231 121 108 177
    115 255 255 219 255 255 136 89 0 131 52 181 115 255 104 0 187 0 78
    255 94 5 175 0 87 255 255 32 255 191 34 163 255 65 146 174 203 38 0
    255 195 20 34 194 211 0 46 16 74 255 255 255 157 0 255 4 244 216 99
    99 230 121 104 255 172 227 150 198 255 173 255 195 255 220 255 144
    255 238 206 26 162 4 0 255 92 246 118 10 175 95 255 152 170 0 0 146
    96 19 210 255 255 9 195 0 0 255 255 13 179 136 167 124 185 0 63 14 0
    9 116 0 209 6 0 234 216 227 192 0 255 21 137 152 0 81 0 199 10 155 0
    0 0 33 236 217 169 248 226 255 231 29 0 255 128 185 236 238 5 189
    117 149 78 0 255 32 255 231 0 112 84 255 0 251 255 153 173 194 99
    255 175 0 166 132 9 255 36 162 255 32 16 255 255 142 122 120 221 21
    164 124 0 0 0 81 255 212 255 51 254 140 174 120 130 174 255 145 0
    255 255 111 237 56 150 255 26 70 54 50 255 0 206 233 72 65 86 0 38
    46 255 255 49 46 255 255 27 21 251 125 98 0 224 16 62 23 255 133 131
    131 125 170 206 255 220 255 245 244 172 103 137 223 36 63 184 74 0
    255 228 108 0 255 255 255 157 250 255 86 59 185 0 206 110 218 112 89
    120 97 255 55 255 0 126 151 77 0 88 255 234 85 253 91 234 118 0 46 0
    190 0 195 155 255 67 206 99 255 172 210 165 0 103 0 255 41 0 122 64
    255 255 252 87 173 255 0 0 255 185 102 6 169 223 232 255 127 61 0
    191 89 28 162 174 0 227 192 202 0 16 24 0 204 0 209 61 226 3 201 255
    184 255 123 255 252 0 88 199 247 11 0 163 186 197 0 95 255 0 0 15 41
    70 0 0 0 122 178 255 134 179 255 155 33 172 237 255 0 0 0 234 187 0
    160 31 255 255 118 198 149 140 42 34 198 0 245 181 0 152 255 23 204
    26 164 255 255 158 255 255 54 159 86 23 225 180 1 0 136 26 0 44 182
    116 255 147 225 246 0 255 241 28 255 203 45 0 52 255 0 0 166 82 167
    255 221 244 182 178 194 91 43 155 63 11 0 115 64 255 211 186 237 255
    47 71 0 188 147 142 255 178 94 90 128 243 58 59 216 46 255 231 48 89
    0 255 253 11 0 255 0 209 0 255 255 255 151 158 151 121 102 0 253 255
    92 109 150 252 156 255 190 101 27 43 150 153 0 98 255 233 18 255 249
    0 255 236 167 0 158 96 255 45 0 44 223 255 255 238 165 255 197 255
    133 53 120 198 135 75 0 51 0 219 221 239 235 255 0 36 67 0 94 69 169
    113 140 2 179 41 207 132 148 99 94 130 36 46 221 216 236 255 66 255
    14 248 255 12 255 0 0 112 221 0 255 141 255 145 90 222 235 255 225
    69 208 227 255 0 126 97 166 209 0 0 208 211 255 252 9 0 238 185 66
    37 141 255 189 0 191 0 0 176 0 147 0 183 235 0 255 70 0 255 57 235
    82 247 0 70 71 59 209 255 35 91 31 0 255 157 247 132 0 205 69 62 255
    117 125 237 169 4 12 0 197 109 17 0 29 18 187 222 135 0 0 0 0 255
    125 214 79 231 133 240 192 51 68 0 81 0 151 0 46 205 236 120 164 255
    0 40 0 255 234 0 27 0 0 232 211 169 250 255 28 255 0 0 237 51 26 238
    77 168 141 211 139 21 232 255 8 132 198 123 61 0 133 255 121 216 206
    255 85 0 101 105 0 255 255 215 231 96 126 65 0 77 0 234 90 0 195 0
    171 12 0 95 97 171 255 232 180 3 0 202 255 0 141 102 0 255 143 19 42
    174 59 210 255 66 221 122 17 19 0 255 0 0 0 100 242 1 117 255 0 223
    0 255 74 0 86 255 87 0 255 177 3 255 255 231 255 161 255 0 255 6 213
    150 236 96 237 57 59 225 250 255 134 14 33 0 94 91 149 96 16 116 0
    54 224 249 33 161 255 0 0 66 253 96 228 190 174 48 66 255 1 58 123
    255 171 157 195 220 241 25 223 255 0 54 0 35 130 3 89 255 110 0 241
    255 255 255 233 255 90 0 255 0 223 112 227 73 0 6 73 243 241 78 0
    191 0 255 20 36 75 81 255 13 221 10 142 231 0 174 0 129 0 187 137
    255 255 178 255 20 72 255 174 0 227 192 62 199 255 156 255 251 0 117
    14 140 255 27 143 187 71 199 27 183 114 102 0 67 207 246 185 222 0
    243 197 6 212 0 255 223 0 255 249 74 197 195 0 254 255 25 0 0 0 138
    0 186 255 88 255 0 0 150 36 54 14 0 109 255 255 138 133 182 142 0
    245 0 42 145 130 243 0 255 128 28 211 191 255 255 59 238 125 231 226
    60 162 90 172 111 152 255 165 240 49 190 42 244 252 108 217 105 133
    0 58 88 222 255 12 4 240 0 255 33 7 108 35 255 255 44 255 255 255 0
    181 0 0 246 34 214 175 249 219 0 101 0 255 248 255 255 92 255 122
    255 0 0 92 210 39 0 49 173 100 0 0 100 255 106 233 0 159 22 127 219
    255 76 161 255 156 255 171 255 115 255 243 84 253 255 0 0 157 136
    109 75 33 40 208 23 49 204 23 179 84 0 0 3 110 49 0 189 101 31 71
    121 0 255 68 154 200 255 255 0 255 255 35 63 55 255 255 255 77 0 169
    15 183 255 51 255 222 175 249 48 106 255 255 232 52 255 93 0 135 250
    204 81 206 255 255 217 0 88 255 28 2 120 98 255 1 42 184 0 107 31 0
    250 53 255 40 159 135 255 255 165 86 145 0 0 132 0 59 255 0 0 255
    176 0 0 255 255 255 190 242 255 92 178 206 255 92 22 255 8 255 246
    207 44 180 245 81 255 255 89 0 255 255 199 255 0 233 0 0 194 239 242
    0 205 183 255 121 117 125 89 68 254 245 124 255 118 255 181 180 3 32
    28 227 147 55 179 232 8 51 95 141 255 253 19 0 73 187 116 255 24 216
    0 147 165 255 115 255 31 0 4 196 255 75 65 255 154 0 85 0 253 0 95
    20 188 87 108 255 193 0 194 255 75 34 43 0 230 123 77 255 112 196
    134 255 16 0 0 103 178 159 0 255 0 0 149 128 0 211 30 96 162 43 64
    181 255 88 0 133 0 175 132 237 0 0 255 120 126 0 0 189 255 255 255 0
    255 124 255 0 255 109 255 0 36 255 112 165 0 255 186 90 255 20 255
    255 213 237 255 103 21 248 194 240 140 255 0 245 112 247 203 237 31
    255 255 207 21 255 0 255 255 0 0 82 0 86 255 255 54 255 133 182 16
    127 36 38 255 0 255 244 42 0 128 0 0 0 16 109 0 255 251 146 238 0
    125 0 0 68 0 240 178 255 203 0 0 196 175 61 211 161 76 254 98 7 184
    52 115 101 30 0 29 82 46 225 0 255 39 252 152 59 78 0 0 254 255 162
    68 0 3 255 45 64 255 138 204 86 227 0 43 73 162 25 0 0 41 205 194
    135 178 0 0 59 143 123 150 168 19 0 41 20 94 0 255 237 115 133 86 64
    255 0 255 215 0 105 44 198 0 0 0 0 200 255 75 255 228 169 255 87 85
    0 0 130 213 0 104 92 109 215 22 0 219 76 0 186 255 126 78 243 62 255
    255 255 10 0 0 0 255 217 12 218 24 255 63 149 0 0 201 255 132 249
    120 223 255 0 0 97 7 13 253 189 0 204 73 255 49 0 193 72 101 207 21
    255 0 110 97 101 252 191 180 255 60 28 255 242 248 172 232 27 127 0
    60 255 0 255 174 5 215 11 245 255 200 242 24 39 6 17 229 0 144 245
    12 167 158 149 167 0 31 0 254 0 185 0 142 225 253 138 38 0 239 19
    101 132 246 0 254 100 255 120 87 163 15 34 172 187 255 255 255 125
    69 255 0 235 89 187 255 37 0 177 0 0 255 0 0 0 56 41 38 255 207 0
    158 225 96 89 255 0 255 0 28 100 0 68 0 4 53 209 255 145 255 196 58
    206 17 54 255 27 0 145 0 255 255 0 236 203 236 61 255 0 255 75 138 1
    0 0 255 119 24 87 0 43 255 183 110 0 0 61 168 9 167 41 191 0 255 117
    128 31 255 205 231 233 255 159 179 185 133 237 135 127 246 71 21 190
    0 10 255 230 0 194 109 0 227 0 178 165 0 64 188 36 210 160 25 92 255
    219 19 255 0 0 255 41 169 29 213 255 255 0 255 0 166 0 86 165 252
    255 117 196 255 255 56 21 105 43 238 0 60 0 222 255 89 0 234 56 60
    117 0 102 53 150 0 0 255 214 185 206 228 8 221 255 155 73 0 240 0 0
    128 255 198 0 255 165 249 92 255 246 114 0 0 140 174 255 102 231 56
    30 255 255 176 0 0 193 0 38 237 0 0 134 16 44 25 198 152 0 255 255
    255 164 198 0 0 3 0 0 104 82 135 155 255 93 36 255 73 94 245 99 213
    0 84 133 30 0 255 66 145 4 157 255 55 255 54 45 5 60 244 255 115 3
    26 255 192 0 169 196 90 0 242 207 0 127 131 70 240 111 104 248 255 0
    176 201 54 0 169 115 0 137 255 67 255 255 174 182 61 165 0 86 252 0
    196 0 82 114 0 209 54 0 105 255 92 227 255 255 132 9 158 255 115 112
    255 177 0 255 77 0 255 78 255 0 48 23 0 45 97 0 108 255 116 224 184
    249 175 239 41 0 255 240 107 103 255 218 255 62 24 94 9 146 255 0 94
    255 255 255 196 149 255 148 109 255 155 255 182 71 135 255 0 0 93 99
    255 0 130 155 143 179 166 162 87 161 0 193 219 119 19 216 0 113 0 83
    82 41 244 78 255 26 81 56 126 255 124 237 41 56 26 188 251 189 255
    255 255 140 158 0 255 0 0 196 0 156 255 0 255 236 0 255 126 7 141
    242 166 0 148 174 172 101 0 190 153 3 37 59 255 182 206 255 255 0
    255 255 255 255 0 88 0 240 0 0 116 115 0 122 0 43 91 72 50 255 252
    214 0 50 255 255 84 255 236 255 255 64 123 53 121 102 3 179 40 252
    128 1 255 255 121 55 75 98 255 177 58 139 174 100 209 12 252 168 183
    0 34 6 153 166 0 0 110 0 2 0 68 255 255 255 203 201 255 255 12 0 132
    0 199 228 0 255 255 0 255 255 252 184 0 255 255 177 57 255 104 149 0
    0 255 255 124 0 160 90 232 102 255 255 0 0 61 0 111 0 99 255 0 178
    255 0 207 173 51 255 63 229 242 0 109 0 152 255 213 0 38 197 6 255
    242 0 255 85 5 26 251 36 159 255 255 0 206 13 141 229 122 221 53 0 0
    118 0 255 255 117 255 84 106 222 0 255 39 49 0 255 153 154 255 255
    182 255 186 0 182 68 158 0 0 103 38 70 0 255 255 194 53 79 255 237
    255 189 0 254 255 173 223 243 91 9 2 250 64 205 255 40 81 21 94 71
    224 57 255 144 0 255 0 48 0 255 226 15 255 0 255 100 255 255 57 166
    246 51 69 247 0 131 50 89 79 0 189 0 255 197 0 251 253 0 0 12 34 210
    226 22 115 255 0 102 183 200 82 14 0 117 14 125 225 0 0 159 166 12
    252 167 255 230 248 0 191 250 70 74 0 0 146 169 255 197 255 95 41
    193 182 18 203 84 255 255 121 55 236 255 255 139 0 18 0 136 96 169
    130 0 152 84 255 0 177 121 13 183 43 153 253 131 255 255 188 29 214
    187 223 234 255 255 146 178 255 255 197 159 255 255 0 93 255 255 29
    0 255 146 0 13 255 142 26 255 255 255 142 255 210 29 255 0 169 91
    219 0 221 0 255 0 251 0 216 0 125 255 0 26 179 255 127 255 46 221
    213 43 54 141 88 45 0 189 19 255 84 255 255 191 26 62 255 255 0 255
    181 65 0 78 6 129 52 233 255 116 213 0 3 255 16 203 23 4 59 85 255
    210 117 7 255 85 35 215 255 3 104 0 0 161 0 146 189 255 84 235 129
    23 253 0 144 25 0 69 9 0 0 255 255 234 195 0 109 172 221 255 2 44
    203 255 255 23 255 35 37 134 0 151 255 133 0 235 244 9 255 0 242 118
    255 0 146 218 203 114 0 79 100 124 77 0 63 255 226 124 139 66 0 71 0
    216 0 110 182 255 56 25 0 128 112 13 0 255 255 255 206 254 46 255
    214 188 64 0 62 48 51 88 34 175 12 69 27 255 255 0 207 252 180 145 0
    150 0 255 194 193 37 133 168 178 118 255 0 0 0 138 182 40 0 71 255 1
    0 255 112 173 255 255 108 124 243 255 0 13 0 0 98 0 84 0 67 0 84 144
    0 255 251 53 0 68 46 60 255 157 206 255 13 85 225 255 190 121 98 255
    12 109 136 215 0 255 64 255 32 204 255 217 0 0 84 178 255 254 229
    255 28 129 255 67 176 96 56 205 5 0 197 0 84 172 187 0 184 101 255
    216 255 0 41 141 1 128 158 0 255 54 200 255 0 187 3 255 154 4 28 9
    244 255 0 177 99 71 255 0 163 211 0 255 0 255 93 81 65 251 218 201
    92 121 255 101 255 210 0 255 197 136 170 235 103 11 0 255 99 48 255
    58 21 170 108 94 191 0 88 0 60 197 0 84 9 153 0 228 206 19 255 255
    255 255 212 98 39 36 255 0 176 219 0 80 51 241 240 154 0 64 207 35 0
    110 255 255 154 228 255 104 255 138 85 9 0 255 255 0 255 41 255 229
    7 239 246 206 8 191 133 229 79 26 11 222 231 160 0 2 190 0 255 31 10
    224 84 22 227 0 227 0 209 159 173 19 0 0 255 255 0 255 255 0 255 0
    35 0 151 249 0 0 105 0 0 0 68 114 228 18 29 137 62 207 255 255 233 0
    0 25 193 214 0 209 255 253 255 85 218 0 33 120 186 68 241 229 71 255
    246 255 255 112 129 0 47 255 18 198 126 96 172 86 51 93 142 89 4 141
    255 0 216 57 255 83 26 255 255 232 54 201 96 24 161 255 75 171 216 0
    255 0 0 255 72 192 0 148 255 28 138 12 255 148 45 179 255 255 108 92
    0 242 179 0 0 236 61 0 255 198 255 255 88 251 123 196 255 235 218
    132 0 0 90 150 112 255 251 227 243 8 255 185 0 0 255 255 174 0 255 0
    255 255 24 0 67 239 255 214 255 0 14 238 81 182 17 0 207 54 0 190
    168 74 255 204 255 0 255 102 194 255 0 63 0 204 183 255 152 13 255
    111 0 11 216 77 81 168 185 255 247 91 139 0 186 255 85 255 8 57 0 0
    66 146 255 255 0 0 255 0 255 170 199 61 54 56 10 21 43 115 9 69 0
    255 0 0 61 191 108 236 0 235 255 31 163 224 15 110 255 255 189 51 84
    0 188 255 123 0 0 0 42 92 129 158 255 116 25 255 255 213 232 255 0
    28 105 0 160 63 255 224 255 255 123 42 0 97 138 197 2 3 69 0 27 14 9
    107 54 77 255 0 255 21 255 0 237 191 106 255 213 129 45 79 34 0 10 0
    243 0 105 113 183 212 108 93 255 117 255 114 160 164 0 41 251 0 188
    183 255 147 11 35 173 82 89 0 0 177 131 255 124 80 236 135 181 0 109
    140 4 0 203 205 21 255 213 148 255 255 105 255 255 57 40 0 0 255 40
    0 255 45 0 255 173 193 255 90 135 9 51 255 255 246 13 217 65 0 164
    255 255 255 207 255 83 84 222 169 0 196 232 65 255 0 255 99 116 0
    139 0 255 193 173 0 148 13 153 135 235 0 158 110 102 255 255 181 175
    255 0 0 108 22 19 53 9 214 45 39 23 255 148 255 199 0 167 0 117 15
    88 246 125 255 148 0 41 90 96 193 48 148 255 255 215 101 19 214 62
    143 0 255 255 224 99 166 0 255 73 26 56 0 0 71 223 66 0 0 205 0 0
    255 182 177 147 138 209 229 0 137 100 198 198 35 71 0 0 125 0 96 93
    183 150 0 85 255 232 39 255 175 166 255 224 185 255 205 0 0 50 0 236
    101 212 0 127 255 143 114 0 27 205 107 0 255 255 46 0 255 205 72 255
    238 134 255 255 59 57 0 255 21 255 204 82 255 24 255 0 242 223 110
    255 0 33 14 120 255 228 255 0 255 230 134 224 0 47 244 44 255 11 141
    255 255 104 255 225 81 0 0 191 46 255 255 255 241 142 255 13 206 124
    186 255 76 97 0 123 0 12 36 36 255 73 137 9 60 0 255 0 133 31 255 0
    0 227 0 0 234 32 255 255 195 176 255 54 23 11 54 224 0 30 209 168
    186 134 72 255 189 255 95 208 132 0 255 246 34 0 0 255 84 226 255 27
    255 190 191 249 24 255 99 163 191 56 198 142 203 61 187 180 162 92
    255 255 255 80 205 126 171 106 0 255 0 84 255 0 37 0 198 28 0 221 90
    255 23 0 85 76 255 255 239 149 108 234 141 0 86 17 32 26 253 171 236
    255 133 51 255 118 0 247 255 30 255 215 141 154 255 183 255 0 0 120
    108 255 60 229 107 107 235 86 0 247 108 247 214 255 162 0 233 255
    125 255 5 82 0 189 0 192 247 255 185 0 168 255 255 226 162 188 95 0
    255 207 56 0 255 213 160 82 162 0 0 255 229 251 255 48 83 0 0 31 252
    0 25 235 236 81 235 255 14 52 0 0 174 0 210 90 255 0 161 177 215 228
    215 227 255 68 43 255 0 115 0 99 246 0 255 92 169 159 248 255 0 0 0
    94 95 8 113 0 0 37 20 0 0 24 18 127 136 115 125 0 145 36 22 121 0
    255 0 15 182 112 255 175 62 255 1 214 184 255 0 155 255 90 255 0 0
    254 255 50 0 71 0 41 0 151 105 106 148 142 0 115 220 189 255 113 62
    117 186 161 0 0 69 0 255 0 123 190 19 255 0 199 0 107 54 0 2 2 22 0
    63 23 255 26 224 68 211 39 255 15 206 48 222 10 0 129 214 0 0 0 52
    255 33 167 218 8 77 0 255 0 211 147 146 30 93 0 251 35 255 0 255 8
    255 0 193 104 0 0 255 255 145 173 79 23 174 252 255 67 16 71 99 255
    0 221 1 29 43 0 183 255 42 172 0 63 119 255 255 69 70 25 255 245 0
    73 228 60 255 154 255 214 255 182 122 14 145 22 0 87 85 77 255 0 160
    62 106 0 0 201 138 0 82 180 94 42 88 100 189 0 170 9 255 0 60 47 114
    255 103 35 210 255 255 25 215 0 141 0 206 106 0 0 255 26 140 252 219
    178 253 14 0 143 107 151 37 255 250 241 255 0 0 255 104 44 0 127 72
    122 0 0 25 180 190 44 68 206 47 0 0 161 0 38 152 144 159 36 8 227 67
    0 0 216 72 50 69 0 0 14 213 113 0 0 242 68 135 173 249 130 105 255
    100 203 0 40 47 1 143 136 230 255 47 51 207 0 82 38 47 255 0 0 0 17
    118 0 255 144 0 255 0 56 21 255 79 0 165 0 36 144 150 223 132 73 153
    219 156 255 0 4 89 0 75 255 105 255 56 156 131 80 87 186 231 255 232
    0 110 33 0 203 255 255 183 116 165 240 9 60 0 0 240 147 95 255 234
    30 2 181 164 0 66 249 255 0 0 230 255 8 112 97 227 174 0 101 216 0 0
    185 0 0 147 96 250 0 212 255 87 223 225 92 3 0 102 115 90 0 155 102
    90 0 6 22 186 139 255 0 227 7 117 176 0 255 179 161 214 120 255 255
    96 40 255 238 244 0 0 204 251 11 0 255 235 0 255 139 185 0 255 255
    69 0 185 0 194 255 200 150 215 143 29 227 174 129 165 0 4 221 93 85
    0 81 89 0 248 0 255 213 35 64 186 36 0 0 0 0 111 0 51 174 0 95 112 0
    124 101 255 151 83 70 47 255 229 253 136 182 33 236 169 82 190 255 0
    10 108 224 255 255 124 190 67 135 255 255 154 0 255 187 255 187 89 0
    0 171 72 36 90 255 255 237 53 218 0 235 25 123 237 160 62 222 226
    255 43 195 87 255 199 0 187 255 0 233 149 207 255 255 115 223 130
    195 255 233 245 255 29 146 0 225 183 0 255 17 0 74 214 16 232 255
    170 4 255 47 192 255 0 161 255 188 255 175 181 139 85 115 63 4 2 255
    151 203 255 136 36 158 84 175 0 255 80 255 243 255 255 255 171 0 50
    223 0 255 35 3 255 9 134 0 76 124 72 0 0 255 0 58 77 197 255 255 7
    214 251 0 0 124 110 171 0 120 93 230 56 0 208 229 42 255 169 0 225
    255 89 0 209 149 255 154 228 10 1 138 238 16 142 255 206 3 199 19
    186 59 206 188 136 0 0 186 203 0 183 70 0 153 154 255 41 0 255 196
    162 255 43 100 0 165 0 145 255 0 218 0 0 206 209 255 63 0 36 208 48
    89 254 191 224 231 8 66 48 109 69 10 21 58 106 30 255 44 0 0 74 0 15
    65 0 0 160 255 181 255 117 255 126 147 197 175 2 255 33 0 40 147 146
    255 196 255 255 0 255 136 48 55 174 255 208 134 98 113 255 12 0 255
    48 0 255 228 228 30 0 61 255 134 255 143 45 20 243 79 119 13 240 55
    65 0 0 111 220 231 160 42 255 20 0 0 163 64 49 0 0 148 9 215 28 255
    255 255 255 161 72 255 255 14 121 255 193 255 134 69 146 35 255 96
    168 0 225 237 201 0 177 255 135 236 43 255 79 143 227 217 0 0 112
    145 224 0 104 101 128 0 103 225 86 69 108 210 72 75 79 255 28 231
    225 65 202 23 66 78 31 112 246 255 0 22 70 83 255 0 0 255 0 255 5 0
    255 143 8 255 226 210 255 193 3 0 0 179 112 144 217 242 3 0 255 221
    205 214 115 71 0 198 106 167 0 255 255 105 33 255 229 0 255 59 89 78
    0 240 255 0 21 141 25 186 98 123 82 108 174 255 141 97 255 77 112 0
    120 0 220 0 4 255 118 255 168 60 117 111 40 0 239 27 72 0 205 51 15
    56 27 45 255 252 249 0 0 102 255 0 255 197 71 86 249 223 0 0 0 140 0
    0 36 75 40 0 126 255 251 72 187 0 255 127 51 135 69 12 255 77 123 0
    79 255 240 129 95 0 96 147 255 157 99 89 10 255 255 255 62 255 0 104
    140 0 180 36 0 152 9 49 201 16 211 31 90 255 255 230 36 255 48 255
    255 255 155 77 180 74 0 251 0 8 0 255 53 78 255 245 168 5 170 0 225
    233 191 225 255 145 197 91 0 0 117 255 164 255 99 0 31 201 70 113
    135 62 2 221 0 153 255 0 0 52 164 1 255 90 151 255 96 54 46 0 255
    101 71 63 0 0 129 255 164 142 0 192 255 119 136 250 255 255 72 50
    112 0 255 29 240 171 147 82 203 0 196 100 199 255 0 100 243 77 155
    173 0 0 61 0 32 181 0 167 77 96 130 0 100 99 0 255 255 154 0 69 0
    136 47 249 7 255 165 153 200 0 255 23 186 180 0 164 30 0 0 0 0 138 0
    151 209 33 255 55 255 204 0 255 0 201 38 158 75 237 253 255 148 0
    255 212 0 255 180 6 255 66 157 255 134 0 32 255 0 78 30 15 221 136
    246 207 209 120 27 78 0 163 255 42 61 255 248 255 0 18 103 222 139 0
    22 255 164 0 144 255 0 148 65 123 0 255 255 76 125 46 96 224 203 143
    250 118 255 255 0 193 33 78 0 255 255 0 77 255 146 143 97 247 85 255
    143 0 0 234 255 216 3 147 255 255 139 0 69 147 255 255 117 9 0 85
    214 8 9 127 43 0 202 0 255 252 167 152 255 62 157 211 32 221 255 0
    206 1 30 115 0 211 220 0 44 0 255 254 53 0 189 0 255 18 237 0 0 16
    45 255 13 169 201 180 255 0 113 214 57 175 78 0 0 177 122 0 84 76
    255 130 13 186 60 166 209 29 76 90 255 147 181 78 170 20 141 21 36
    84 255 197 0 0 231 255 34 89 0 201 255 156 181 198 223 170 0 93 255
    255 153 24 255 0 0 116 201 143 94 40 68 0 140 68 218 69 255 109 113
    0 31 249 103 0 248 94 91 0 23 255 37 100 255 255 162 255 121 117 43
    255 0 60 126 117 207 30 58 140 84 0 0 108 0 255 241 233 255 255 34
    59 87 227 0 255 19 0 255 165 255 161 98 255 10 255 255 184 56 190 0
    65 206 0 0 208 190 225 182 178 0 138 0 196 131 0 237 81 232 7 34 228
    70 216 255 219 255 46 39 0 155 0 20 254 14 255 22 16 0 188 151 253
    25 194 247 152 0 171 135 255 255 9 165 255 70 255 0 167 100 51 0 255
    230 76 255 171 164 130 0 229 229 0 229 109 255 255 167 0 91 89 87
    135 218 255 0 108 0 149 255 20 233 177 0 0 224 21 87 89 153 211 190
    0 87 255 65 0 167 0 6 245 255 250 33 137 75 0 56 247 255 225 0 255
    72 0 255 114 85 0 0 137 248 0 255 0 96 255 4 219 255 255 0 193 104
    17 255 177 255 255 0 177 120 199 102 0 4 89 17 0 0 69 0 102 166 223
    149 0 218 162 157 255 0 104 141 0 234 100 163 0 112 98 18 115 6 253
    158 0 0 57 255 0 0 53 17 178 186 0 0 176 202 86 48 222 255 232 94
    207 255 0 0 255 232 28 255 185 184 5 56 0 255 231 87 255 187 24 119
    85 255 0 2 0 171 10 17 119 0 59 255 121 175 0 255 255 0 241 170 234
    216 255 0 73 193 206 79 201 73 225 30 217 130 173 255 0 148 27 190
    255 255 37 255 30 255 255 0 48 89 25 0 27 132 188 75 209 92 156 175
    81 0 157 255 124 125 96 170 0 255 216 161 255 198 124 255 255 255 0
    255 0 68 0 162 0 9 255 110 113 188 189 255 143 255 255 134 194 3 254
    142 0 95 0 0 255 59 149 132 255 99 0 92 132 221 255 255 55 0 142 0 0
    0 12 96 201 255 116 72 123 155 248 9 165 17 243 255 230 79 0 0 73
    103 171 0 0 255 153 41 255 197 0 255 169 29 0 78 222 255 28 255 164
    10 84 255 68 173 243 252 255 0 0 255 0 0 255 40 116 255 82 255 16
    242 255 255 100 255 0 141 148 167 151 199 0 255 79 155 27 97 21 207
    151 116 255 255 66 123 255 141 246 248 252 194 95 140 81 207 0 0 122
    139 70 227 8 174 126 10 138 255 248 224 0 12 0 255 122 9 255 74 255
    255 226 228 203 0 0 0 0 60 234 17 61 233 135 216 149 255 0 215 98 27
    0 140 122 173 124 152 255 255 255 180 0 255 0 90 25 240 0 222 209 30
    208 255 40 186 5 255 0 73 223 60 207 59 255 255 0 0 255 123 0 166
    186 138 177 85 24 244 124 255 255 58 27 255 0 218 255 10 0 106 126 0
    0 0 255 174 97 253 98 155 255 185 166 0 255 185 0 148 0 109 0 190
    255 121 125 0 0 29 179 169 101 110 3 255 160 232 15 216 157 3 226
    207 159 255 0 8 42 170 251 59 0 161 30 255 255 22 194 147 255 179
    251 255 0 151 2 98 1 70 8 246 229 0 255 0 83 255 211 135 218 43 255
    39 10 255 31 19 213 215 101 255 155 0 255 255 0 255 255 255 234 76
    53 127 0 186 255 0 241 239 225 170 217 67 39 1 58 166 140 0 0 78 91
    255 17 199 255 0 255 0 0 31 76 255 30 255 255 143 19 0 255 0 246 180
    0 0 0 119 144 255 193 0 246 149 192 0 135 150 22 90 137 123 0 39 196
    108 100 29 255 153 11 248 255 169 0 189 152 0 67 12 136 255 255 11
    255 255 115 184 187 103 255 0 65 0 103 235 22 48 0 11 0 108 255 61
    55 136 101 203 144 86 255 211 178 206 247 126 189 255 91 190 255 255
    255 70 255 0 235 255 0 255 232 208 0 255 255 255 23 57 0 255 121 0
    255 51 184 255 6 109 255 255 0 148 76 14 110 255 43 60 0 250 255 15
    64 236 48 0 19 236 104 217 52 176 87 255 0 139 240 223 79 0 62 123
    109 0 0 39 223 78 8 0 154 133 173 0 255 79 235 0 138 255 65 116 138
    0 64 0 137 75 49 245 193 81 255 0 62 255 0 24 50 0 0 0 0 122 75 255
    255 0 142 177 17 255 0 98 212 141 180 176 235 138 201 246 0 214 191
    0 0 0 0 0 188 224 255 247 255 179 4 181 0 111 0 0 0 177 154 74 255
    206 0 0 0 0 65 49 0 68 255 90 2 0 8 118 39 110 89 37 255 239 250 255
    0 79 64 0 121 0 255 0 70 0 255 0 123 88 214 26 22 148 97 112 189 71
    179 0 255 72 0 169 231 89 53 26 0 255 255 0 34 0 139 255 66 255 144
    164 255 54 249 229 138 255 0 192 242 18 255 46 0 19 0 146 59 45 200
    52 18 207 75 87 0 114 136 255 112 238 237 255 28 128 210 145 255 234
    159 255 127 84 92 255 255 180 255 246 110 108 240 36 104 0 0 0 143 0
    0 255 50 193 0 80 220 226 10 40 0 246 0 255 0 112 41 244 212 221 255
    255 130 80 0 165 136 0 246 40 92 137 71 255 110 170 212 204 0 108
    230 0 0 0 127 53 79 163 255 99 125 212 0 84 0 138 18 255 120 74 255
    143 34 0 0 255 0 29 245 152 214 170 123 104 255 161 0 93 0 0 104 124
    211 255 0 185 24 255 34 60 0 0 0 29 35 147 255 255 0 180 229 255 0
    184 255 97 0 94 167 0 0 252 255 27 89 124 204 27 168 1 150 11 179 48
    0 0 148 6 61 97 255 130 35 0 125 23 53 101 163 255 0 210 38 255 255
    22 44 0 42 255 255 0 176 0 108 0 202 226 223 255 143 205 255 84 86
    157 108 26 0 100 178 83 204 0 201 189 0 255 113 86 255 255 255 72
    208 245 216 255 255 74 0 149 138 67 132 185 0 0 217 255 255 58 173 0
    255 206 255 255 255 131 168 255 203 255 136 255 202 84 95 125 0 0
    241 70 170 12 203 80 55 202 21 242 0 0 92 125 152 145 80 196 87 34
    193 0 97 225 255 0 67 0 157 255 255 0 6 165 0 240 245 244 183 87 199
    0 234 140 255 92 92 3 77 97 0 226 78 255 10 59 255 0 123 77 99 0 35
    1 189 126 255 98 200 255 207 13 89 179 144 115 255 65 253 255 255 0
    197 0 67 255 0 255 0 255 14 51 27 0 156 153 136 37 109 0 102 239 83
    238 147 148 255 0 105 0 237 51 255 245 205 28 0 41 148 0 255 206 255
    255 179 30 51 255 49 252 168 149 134 1 45 0 242 0 66 52 72 0 89 0 29
    0 255 0 212 255 230 0 0 100 103 0 28 192 0 255 192 129 133 176 255
    183 118 140 227 0 250 140 149 0 0 0 30 112 132 250 226 79 255 255 0
    255 137 40 0 154 23 251 0 15 166 140 72 112 213 255 0 249 83 178 182
    37 255 222 130 147 0 164 80 19 255 1 0 0 211 255 255 86 226 255 0
    255 255 13 149 243 255 255 0 85 235 255 165 0 6 255 0 0 255 0 255
    131 255 194 118 153 255 238 173 0 130 0 183 0 170 213 255 255 255
    201 255 56 0 0 38 0 0 66 205 114 72 255 70 51 147 111 0 64 0 53 46
    101 8 0 123 7 0 0 125 91 175 6 16 103 70 19 117 94 117 201 55 255 37
    203 246 0 0 0 237 58 255 41 27 101 255 0 0 125 207 78 0 0 193 204
    255 243 136 240 183 105 138 31 141 196 0 0 174 255 208 122 39 0 6
    255 211 95 77 111 255 255 255 64 255 0 255 87 68 255 76 217 34 116 0
    255 255 88 255 118 199 106 82 255 153 36 255 44 218 255 127 255 69
    194 185 255 255 0 0 0 90 179 16 58 255 227 0 113 145 159 242 161 123
    253 255 250 121 176 238 255 143 255 26 129 142 242 171 174 175 43
    255 146 11 127 186 185 255 172 255 152 34 0 255 48 199 0 255 18 254
    23 255 247 0 80 0 57 65 171 252 185 52 0 226 40 0 138 0 229 197 142
    237 255 0 0 255 186 192 140 252 0 47 255 165 150 182 203 0 0 255 0
    67 255 8 0 255 224 0 195 43 255 0 56 0 255 66 0 255 51 242 206 0 192
    182 255 187 117 108 159 237 3 37 0 63 160 129 255 0 0 0 211 255 80 0
    22 179 172 151 255 255 193 207 0 0 0 0 48 40 255 205 80 255 115 185
    49 247 73 211 255 107 132 204 255 79 255 213 43 124 217 0 73 0 0 255
    9 255 11 72 245 63 255 0 0 117 94 203 106 24 115 142 0 71 132 0 194
    5 67 43 0 0 7 182 66 163 86 182 0 171 255 73 0 231 87 221 0 255 7
    249 220 112 19 255 145 101 130 255 255 118 255 250 0 211 186 0 255 0
    190 242 190 71 83 115 236 255 153 233 139 210 206 255 0 117 161 60 0
    255 107 168 233 224 227 101 255 255 0 255 0 18 0 255 163 131 255 255
    255 0 192 255 175 0 255 255 146 255 0 251 0 255 209 255 0 123 118 83
    26 192 81 255 255 224 102 204 225 255 148 58 255 255 31 231 187 255
    255 103 42 230 31 30 7 255 255 146 107 0 53 252 0 46 170 173 0 36
    255 68 103 48 71 196 255 78 84 108 250 77 255 233 17 180 52 0 68 255
    255 0 155 0 237 166 0 63 67 67 1 132 255 134 2 7 0 255 255 33 163 0
    93 65 0 9 207 0 0 246 255 221 168 255 2 9 255 75 11 67 255 170 60
    109 0 131 162 242 214 62 0 58 121 211 115 0 0 0 255 212 0 63 46 132
    125 238 255 19 146 39 255 129 79 0 32 79 225 0 0 165 255 75 158 128
    255 255 0 143 53 195 107 105 0 13 0 0 0 10 255 195 236 255 186 79
    255 255 100 19 202 143 232 222 190 255 192 255 141 255 255 44 177
    124 12 117 212 160 255 143 255 218 0 255 89 21 0 255 255 19 170 89 2
    34 214 255 29 187 163 255 0 195 207 219 160 255 34 99 165 237 155 0
    255 196 0 43 255 46 235 223 255 152 48 2 30 234 71 212 83 0 110 91
    229 179 118 255 255 255 42 190 28 61 0 157 59 117 181 125 255 91 89
    0 16 255 255 135 245 0 5 255 178 0 148 9 0 67 14 0 255 91 40 190 255
    144 169 216 255 98 255 232 188 87 230 255 0 88 255 0 130 61 255 139
    66 56 21 255 61 113 173 68 187 206 119 167 230 133 11 255 110 255 0
    0 130 0 0 169 255 60 139 40 240 118 161 198 77 0 0 255 31 192 21 182
    255 116 148 162 31 118 240 1 6 0 0 128 108 0 96 96 255 33 204 255
    122 220 21 166 163 190 147 167 142 255 255 51 74 139 0 0 0 255 0 153
    106 76 73 0 21 255 59 128 94 46 18 122 0 255 0 67 212 255 241 227
    225 117 177 255 0 255 255 58 76 38 152 180 86 177 35 255 65 25 255
    153 52 224 255 255 66 14 179 109 211 147 255 0 255 159 232 0 249 31
    53 0 255 255 255 61 5 0 215 213 73 144 124 135 154 255 0 255 0 0 255
    102 166 214 210 255 97 39 223 157 0 80 102 170 255 255 192 0 255 255
    0 0 255 0 0 0 224 135 229 231 255 23 195 255 0 0 241 213 224 255 192
    0 0 0 3 61 77 111 0 158 0 43 97 234 109 174 0 95 21 21 200 255 255
    56 220 0 0 159 199 151 53 255 25 255 20 222 53 236 184 255 40 0 235
    255 0 0 255 210 161 60 255 138 30 255 255 9 0 130 105 51 255 36 255
    255 152 95 159 149 84 255 0 103 226 0 67 15 255 4 0 255 31 158 0 9
    255 70 61 0 0 34 133 169 255 65 255 255 240 55 42 27 255 45 2 255 0
    217 0 200 25 249 106 0 62 0 150 136 70 255 194 255 255 42 0 98 174 0
    255 0 252 255 0 239 67 0 0 255 197 214 176 255 104 236 255 255 183
    255 150 255 179 34 255 177 0 218 255 0 135 255 255 255 255 2 192 26
    190 0 255 26 255 218 105 255 175 120 184 255 191 0 255 187 170 255
    191 116 124 0 75 90 255 44 236 255 23 199 255 19 58 255 215 0 255
    255 208 176 3 0 255 0 93 203 216 48 255 110 43 9 0 0 255 118 143 255
    200 136 65 224 94 167 171 255 97 238 16 132 255 211 255 180 255 118
    107 45 209 238 0 65 13 26 0 113 177 175 218 255 162 0 255 233 128 0
    43 190 0 252 255 162 43 56 228 153 120 0 64 255 6 74 255 40 232 255
    206 209 159 228 255 29 255 0 0 120 179 234 49 20 184 16 73 255 0 0
    255 53 207 44 0 0 127 120 0 194 255 177 28 39 255 185 0 147 29 208
    32 0 80 125 53 0 245 36 255 41 255 187 185 166 0 201 80 205 255 223
    131 107 0 13 126 57 0 35 240 81 252 255 0 255 0 255 158 0 228 108
    235 162 255 138 162 197 255 255 0 255 203 0 29 168 16 255 96 45 0
    153 255 170 255 246 121 145 255 255 0 0 207 255 255 0 122 0 97 0 164
    85 52 255 255 198 255 240 3 0 0 199 63 115 49 43 125 238 222 52 255
    60 159 48 0 165 255 221 235 126 167 0 153 255 45 246 0 175 255 33 0
    68 0 154 0 0 84 85 0 0 16 255 4 245 40 211 213 29 255 37 251 119 255
    93 0 255 235 147 176 27 0 79 82 169 0 255 255 0 139 235 255 183 193
    61 0 255 255 0 173 43 224 225 203 255 255 0 255 0 223 0 0 0 4 153
    152 57 0 193 0 38 0 143 0 215 191 173 0 69 84 112 134 255 43 184 183
    255 134 0 27 255 222 0 52 0 71 255 179 229 140 0 188 215 27 255 148
    165 220 17 171 0 0 123 71 0 196 210 67 139 255 38 48 115 189 255 212
    0 255 75 127 255 91 174 121 255 98 255 0 255 51 251 38 255 92 193
    255 250 82 0 54 30 0 0 3 135 255 255 174 140 208 11 48 100 197 239
    12 255 0 0 199 255 219 171 70 99 0 255 201 255 131 0 91 56 45 54 197
    255 255 93 107 255 220 111 255 206 188 255 160 1 153 255 118 255 0 0
    182 255 232 0 223 27 255 255 255 0 76 113 255 154 255 141 34 255 207
    0 255 72 181 117 45 155 195 60 131 0 230 121 0 241 168 127 0 141 255
    79 0 255 255 60 137 255 255 0 198 0 255 73 0 87 0 100 0 58 4 207 255
    0 164 206 245 197 27 46 0 255 225 154 255 183 115 227 232 44 0 176
    80 255 134 69 82 85 0 85 142 132 152 0 255 252 70 123 0 2 131 19 255
    110 237 0 110 250 20 226 75 255 113 81 255 199 248 147 194 153 255
    170 83 33 83 0 91 244 152 74 134 231 36 0 168 13 152 0 6 255 14 0 0
    42 5 0 255 0 119 0 255 0 43 255 226 255 255 112 94 139 255 255 105 0
    50 112 229 219 18 167 10 109 255 255 167 0 255 54 203 245 255 97 100
    255 147 255 155 117 242 0 173 118 255 42 47 27 0 158 79 0 34 255 155
    255 63 126 0 0 136 255 0 59 249 255 19 0 103 74 26 182 0 255 93 255
    196 255 69 255 109 208 245 15 139 0 28 198 0 150 43 131 48 155 0 199
    196 137 0 121 253 69 255 208 255 36 135 243 235 255 0 255 238 0 255
    79 17 192 36 217 0 29 255 104 122 255 244 233 46 179 39 0 255 0 145
    255 255 99 240 255 0 5 10 226 255 142 156 44 0 78 255 0 255 88 225 0
    255 0 27 132 59 212 102 5 0 25 0 40 0 163 148 0 0 255 173 165 3 119
    119 14 50 255 0 0 194 255 0 93 0 255 70 133 166 204 211 164 0 255 0
    244 255 91 124 168 0 131 98 255 191 98 36 255 0 69 89 245 16 255 0 0
    180 44 255 0 14 0 0 0 255 12 20 182 35 255 77 159 255 51 255 4 210 0
    0 25 151 0 167 188 164 255 196 255 67 170 34 131 21 189 101 36 255 0
    255 217 255 255 255 190 0 42 197 255 0 0 243 255 67 255 73 36 0 224
    255 146 210 52 255 0 0 173 255 84 0 125 186 112 233 174 255 86 80 0
    53 79 92 243 0 215 157 62 102 45 0 143 228 255 181 144 9 141 0 246
    84 0 86 255 0 255 195 97 0 255 242 104 30 32 169 0 0 255 255 123 72
    255 194 28 239 90 255 255 78 56 24 3 0 255 249 255 163 194 255 255
    255 0 56 158 195 59 214 0 0 84 47 34 255 233 175 121 255 0 44 14 35
    198 233 12 197 104 255 205 1 157 179 116 106 78 255 28 3 212 211 0
    134 46 0 0 127 0 185 31 111 163 255 235 255 241 174 152 148 87 141
    176 126 246 76 237 71 17 213 255 197 140 0 0 148 50 206 182 216 245
    255 0 29 0 255 255 138 208 0 250 0 217 109 235 153 0 0 18 138 38 169
    255 255 204 0 252 218 164 88 161 0 255 255 84 255 24 0 48 44 130 212
    0 123 254 67 255 195 243 237 255 255 191 0 67 0 123 29 68 0 162 192
    19 252 255 0 255 117 68 12 0 233 29 83 175 189 213 0 16 136 255 0 41
    117 95 222 255 255 75 0 0 121 189 255 35 132 63 0 157 96 0 143 160
    219 255 220 70 82 181 255 59 0 255 0 130 0 169 0 105 0 255 255 43
    160 0 255 0 44 148 0 255 23 0 0 45 0 17 188 0 255 255 0 255 244 178
    6 248 9 4 140 168 178 205 61 0 64 56 19 163 255 255 255 72 213 191
    39 153 255 200 0 0 255 84 0 30 35 22 96 198 220 0 140 143 156 156
    255 0 0 78 255 255 198 0 0 0 202 41 255 107 194 0 124 12 157 52 255
    30 65 255 115 255 0 49 126 0 40 0 246 27 20 135 20 30 255 0 242 255
    160 0 255 4 170 83 0 21 0 0 24 255 255 133 164 183 255 91 0 212 250
    58 162 56 198 38 89 255 114 87 255 255 176 255 0 0 14 60 250 0 183
    205 0 0 231 20 0 209 255 0 91 255 0 226 255 218 255 0 255 0 0 230
    255 103 0 34 145 7 0 242 104 7 130 35 255 0 130 7 0 146 20 240 207 0
    129 0 0 190 255 30 255 111 255 82 0 31 215 255 204 222 128 0 0 134
    151 246 133 255 255 99 60 255 54 212 255 205 177 34 71 0 0 0 0 49
    202 74 0 89 6 0 65 255 0 134 255 0 207 101 19 206 151 0 0 0 97 152
    53 54 143 48 62 95 0 0 0 19 181 255 105 0 0 11 71 0 187 207 116 148
    255 255 68 140 183 0 0 255 228 123 230 14 74 255 134 85 0 95 0 41 29
    0 47 0 123 0 118 200 0 255 240 9 0 145 255 92 122 16 23 0 232 0 0 0
    51 255 19 189 169 0 0 197 118 0 0 53 69 67 212 255 255 10 0 255 136
    255 255 255 0 0 255 0 255 208 255 100 0 255 255 92 156 255 255 255 0
    195 255 60 255 73 141 94 163 223 168 211 5 232 81 255 58 175 0 255
    13 31 122 58 127 213 0 162 0 174 208 226 217 118 255 226 255 222 181
    97 83 86 74 255 3 22 0 114 53 0 9 0 114 0 255 155 0 255 0 209 51 139
    121 130 133 252 255 65 255 146 103 3 218 99 90 70 0 255 154 0 32 81
    232 218 255 34 65 170 234 115 0 255 139 255 0 65 137 35 255 31 0 23
    78 90 0 66 117 43 191 138 202 186 28 255 0 255 0 190 0 182 121 213 0
    21 0 84 255 154 186 88 0 253 34 136 215 0 92 161 21 255 117 255 33
    184 239 0 0 153 66 5 255 104 12 54 133 235 189 8 173 22 184 29 219
    255 63 216 188 141 0 136 191 196 232 84 30 255 0 113 129 0 255 255
    255 240 0 211 40 7 127 255 37 0 229 240 160 248 52 255 0 98 255 144
    17 28 0 255 149 188 184 0 4 57 167 114 28 255 109 80 144 246 92 0
    255 151 138 216 0 225 28 45 58 0 101 29 0 255 107 127 255 255 255
    184 65 0 255 213 71 205 115 0 255 255 255 0 225 202 0 255 71 255 23
    52 184 0 246 98 0 210 1 159 106 255 120 255 241 156 214 255 20 255
    255 12 203 206 15 9 135 186 0 28 96 0 0 199 255 9 255 113 0 240 66 0
    180 50 85 255 149 135 159 255 255 189 255 109 97 255 116 158 174 0
    185 108 0 253 78 255 0 128 41 0 176 255 255 0 255 0 38 255 255 255
    255 65 165 255 17 45 61 255 172 255 56 0 0 200 6 255 0 255 58 255
    112 107 100 116 213 73 0 191 185 255 0 255 126 0 188 60 252 162 67 0
    85 255 0 0 86 121 30 16 156 241 146 7 199 0 0 211 13 1 207 37 141 0
    187 255 49 233 0 232 18 133 19 190 46 255 222 105 255 255 171 125
    221 137 154 55 0 72 157 45 38 255 150 148 255 255 20 255 72 1 122 0
    50 161 108 221 84 233 255 227 170 0 255 156 159 0 0 91 179 95 14 96
    95 240 0 86 0 255 158 255 245 57 0 177 255 153 255 124 57 139 0 144
    93 0 255 0 0 247 74 2 48 136 0 113 255 108 255 164 255 75 24 146 101
    104 0 37 255 29 251 49 143 0 0 0 0 191 255 240 255 0 255 255 255 0
    112 107 224 31 7 255 133 192 208 255 236 165 10 0 226 69 2 255 81
    255 0 117 0 193 157 254 247 118 42 46 211 198 203 186 255 181 138
    255 26 191 0 248 172 147 133 255 167 51 146 255 125 0 1 0 89 0 247
    156 0 171 0 1 229 255 255 84 0 4 139 18 104 255 81 255 255 255 0 70
    0 176 140 0 120 255 255 0 229 255 50 0 205 160 244 51 73 255 0 0 0
    255 255 247 35 255 202 255 88 23 255 37 214 119 255 0 0 255 173 0 0
    120 113 113 122 255 31 64 255 176 255 21 202 154 0 0 40 166 106 187
    255 151 103 80 0 76 7 71 255 248 100 255 255 29 64 255 189 154 111
    119 255 167 144 255 255 173 204 92 199 108 56 169 248 202 62 255 255
    125 41 138 96 0 49 69 33 255 216 81 12 255 0 155 255 177 0 91 255
    219 29 0 255 255 150 17 25 73 252 255 193 0 255 67 23 88 123 185 139
    142 0 255 0 216 0 116 174 108 228 124 255 255 0 255 0 98 226 255 0
    132 0 0 144 37 0 85 112 45 230 27 0 117 184 124 255 156 198 188 122
    255 35 252 105 170 0 23 97 255 206 132 209 255 255 255 229 31 255
    152 0 255 185 147 0 0 19 107 252 128 150 248 113 254 247 255 0 148
    127 255 255 0 164 255 44 0 255 255 255 71 0 18 82 0 238 69 144 255
    145 152 72 235 255 246 76 203 255 173 52 31 82 55 0 0 10 24 89 244
    255 46 216 205 83 200 0 255 255 0 10 211 147 17 248 79 39 0 107 164
    142 85 0 0 127 16 23 82 156 0 202 177 253 207 255 6 0 0 116 255 255
    21 78 102 93 255 255 255 192 90 56 202 255 147 196 200 177 80 40 0 0
    0 109 0 11 48 228 0 144 218 61 152 92 23 0 170 12 0 255 3 152 136 0
    159 65 0 167 33 83 0 255 94 150 136 153 255 0 231 255 157 93 197 0
    34 116 255 160 209 238 146 151 42 200 255 45 255 198 142 135 219 255
    0 0 56 40 255 112 189 0 230 37 27 217 217 65 0 2 202 231 255 0 20
    123 125 0 28 81 48 95 188 255 25 202 96 255 131 0 255 0 0 191 0 10
    193 0 255 110 0 131 131 0 207 110 146 100 182 109 70 0 0 1 255 241
    185 137 161 255 69 255 0 12 93 0 0 185 122 61 255 139 0 38 123 59 0
    210 19 145 132 255 255 255 91 139 24 50 0 0 229 243 188 209 7 8 255
    254 227 99 255 207 179 52 187 0 211 24 221 255 132 0 255 29 244 255
    1 0 255 137 153 209 22 0 174 255 0 81 225 255 104 70 166 0 185 255 0
    0 149 243 125 40 213 110 73 6 241 255 107 224 254 99 179 0 3 72 30 0
    255 47 218 150 0 0 0 255 186 91 255 148 245 255 255 0 227 34 255 3
    255 235 216 255 27 151 151 54 255 151 0 119 255 125 0 0 50 91 161
    255 33 123 0 0 3 255 0 255 174 119 202 87 175 220 124 190 126 141
    111 28 207 22 123 236 128 70 0 74 213 1 207 56 222 41 0 94 102 143
    192 0 183 166 0 0 255 54 0 0 122 255 10 255 216 0 102 87 255 62 255
    160 91 0 132 0 220 249 154 193 255 0 255 132 0 241 120 219 188 255
    213 60 17 239 0 0 52 0 234 12 22 225 0 117 110 51 233 0 192 182 0 17
    0 0 177 212 235 182 86 75 158 89 241 86 0 143 0 0 255 0 36 79 255
    249 121 111 187 201 250 25 0 255 132 248 8 255 255 252 0 255 245 0
    96 0 112 61 0 255 31 192 94 197 28 101 4 255 0 252 0 0 13 215 178 81
    255 12 255 255 176 77 223 198 94 235 45 0 255 49 189 0 0 121 180 0 0
    244 127 168 182 1 255 220 255 249 134 8 33 97 0 255 37 196 6 0 255 0
    223 26 255 255 222 0 225 255 255 0 255 255 187 0 177 218 17 30 255
    255 236 136 143 214 185 0 91 142 114 96 0 0 0 0 209 14 93 26 132 0
    68 183 66 175 238 0 239 255 255 0 243 255 159 116 255 6 86 0 0 127 0
    0 145 165 154 48 69 176 179 0 255 226 0 0 166 255 111 0 255 255 202
    91 107 255 5 249 0 6 67 58 255 0 95 255 255 119 115 255 203 255 255
    215 0 72 57 0 0 0 199 255 9 214 250 255 0 255 11 178 255 225 255 0
    155 206 255 0 189 0 110 4 17 255 228 184 192 94 255 19 26 0 48 111
    255 0 80 255 49 0 255 151 255 179 164 160 170 74 141 255 22 235 0
    171 255 255 52 176 185 199 150 25 16 251 255 53 163 255 255 104 134
    237 0 0 255 20 255 0 0 255 215 0 255 22 148 0 171 176 152 15 0 120
    71 110 96 247 36 172 93 67 73 43 255 255 77 255 0 160 177 0 199 255
    21 175 250 179 186 253 132 0 94 255 11 0 255 0 0 78 255 104 255 255
    0 255 170 62 0 243 0 0 234 110 106 0 58 77 0 199 158 214 225 224 80
    217 162 255 255 232 255 1 122 230 56 222 64 88 186 195 112 66 39 255
    0 254 255 155 9 235 145 255 49 255 120 118 0 0 0 255 40 8 98 255 175
    90 118 63 14 255 0 255 86 105 255 0 255 156 196 255 0 49 0 208 255 0
    167 0 185 23 0 255 255 239 255 17 0 0 182 112 0 169 255 20 0 0 100
    255 147 32 156 154 178 179 235 210 236 0 28 12 0 254 0 44 252 207
    180 30 0 0 210 0 182 13 255 47 17 26 0 255 197 123 220 60 55 0 183
    74 106 251 157 255 166 247 249 125 255 80 4 255 99 43 15 0 255 255
    93 255 240 32 105 4 112 137 112 255 255 18 103 255 255 122 185 255
    52 0 0 0 67 0 255 44 107 60 192 99 3 104 158 197 166 247 126 18 94
    208 197 98 173 55 180 255 169 250 91 7 0 212 1 91 0 0 217 0 183 255
    36 117 0 255 0 0 168 197 255 195 255 238 229 181 0 255 0 255 136 228
    245 0 62 255 255 22 152 194 0 8 0 6 91 0 255 255 255 213 201 0 99 0
    255 0 0 0 32 60 0 82 233 142 240 255 255 215 79 255 223 161 198 21 0
    132 246 0 71 84 231 255 147 146 0 0 49 255 188 0 217 75 194 75 0 135
    38 195 207 100 204 196 134 0 222 13 81 101 0 253 231 3 20 0 195 255
    135 64 0 60 251 255 26 18 189 255 42 31 0 62 255 255 243 20 30 255
    70 255 233 39 0 147 91 0 234 244 224 84 0 179 153 59 166 255 89 0
    192 255 191 152 105 255 54 0 254 173 32 255 255 255 214 26 56 0 141
    12 55 220 255 228 242 33 77 92 126 0 0 0 0 208 150 168 255 160 0 255
    194 0 209 0 235 0 142 27 255 103 19 255 56 49 3 255 255 229 255 200
    255 255 45 182 255 0 153 255 38 255 255 0 64 193 152 255 23 0 199
    131 37 104 255 0 255 47 255 0 31 255 130 0 47 212 58 213 0 0 255 168
    159 0 255 195 0 255 147 0 0 0 255 13 47 198 0 207 150 51 205 99 0
    255 255 242 255 59 0 255 66 33 194 41 255 185 116 109 220 234 246
    150 200 142 255 0 255 68 255 151 255 133 255 129 0 255 219 94 76 210
    217 0 255 0 27 255 0 97 234 145 30 255 142 131 219 108 77 211 2 0
    206 132 177 255 92 0 255 255 73 28 40 0 252 78 254 238 0 181 255 143
    248 216 255 41 255 0 163 102 0 241 0 12 89 255 255 52 68 255 185 255
    184 0 153 255 0 255 73 255 0 98 255 255 5 94 42 0 41 176 0 92 255
    144 163 134 0 115 255 0 206 69 71 20 10 131 144 38 20 92 92 152 0
    147 195 184 74 251 255 255 130 255 255 10 6 255 0 215 0 70 221 0 227
    0 0 43 132 255 26 130 161 0 255 0 0 85 190 43 17 107 188 0 59 158
    135 223 255 33 214 169 57 255 0 134 35 0 4 143 255 213 162 123 172
    66 148 0 172 255 181 106 0 0 52 159 63 36 255 34 255 119 179 236 0
    255 0 134 0 255 37 224 255 69 237 110 125 117 0 99 28 215 255 217 86
    0 255 206 125 255 128 132 54 147 47 0 0 0 71 129 74 59 255 255 197
    113 235 0 80 50 134 255 0 240 255 198 251 151 255 132 25 124 255 40
    137 0 20 197 0 187 0 255 255 196 255 78 197 90 117 181 0 255 252 143
    33 63 215 255 255 0 255 255 25 81 61 223 49 64 211 102 249 222 178 4
    19 0 0 18 0 33 255 102 231 151 43 41 102 72 0 233 101 255 58 243 0
    232 87 115 76 20 38 255 91 181 41 0 165 0 255 0 28 0 255 255 255 73
    215 255 255 73 86 255 0 26 0 77 162 64 36 182 252 11 53 55 219 249
    10 255 255 212 245 70 0 118 165 130 0 82 255 150 91 224 245 38 89
    181 109 117 146 104 72 78 31 180 255 207 25 255 238 0 0 34 50 21 255
    168 90 0 255 221 255 84 255 255 23 119 255 0 97 145 0 147 0 156 153
    56 0 87 0 0 251 203 93 104 0 0 0 135 255 112 228 89 0 0 30 125 254
    255 44 255 234 255 255 0 255 0 255 0 0 40 176 30 246 125 255 255 153
    0 24 255 45 255 35 111 255 255 255 255 0 151 0 0 255 255 211 189 169
    195 35 255 78 255 214 0 255 155 0 0 255 0 26 215 230 38 101 236 27
    216 164 42 255 146 190 169 186 53 163 0 3 255 157 49 181 163 255 0
    255 74 231 255 124 106 0 59 144 143 251 198 149 97 97 98 255 255 255
    230 35 223 0 0 202 109 93 250 196 215 56 249 217 255 197 255 157 231
    133 80 224 122 247 255 0 63 244 96 235 137 137 0 255 86 56 105 99
    110 84 190 202 255 255 164 164 223 45 130 34 45 150 174 160 154 15
    80 50 255 90 255 97 0 251 237 88 191 100 197 193 255 255 115 0 196 0
    71 83 106 255 151 15 255 194 253 0 131 255 218 41 223 116 152 255
    106 255 190 132 157 98 242 160 0 188 255 151 0 194 36 255 222 11 134
    16 52 239 171 196 24 12 122 209 0 255 53 255 94 41 241 0 254 0 125
    255 255 73 30 0 231 255 255 255 0 73 255 51 0 255 112 0 56 202 181
    218 105 15 70 104 207 255 26 203 0 77 255 193 255 216 26 0 54 0 50 0
    76 40 94 220 0 255 94 185 255 11 138 255 77 255 56 248 193 103 255
    95 255 0 255 0 0 105 255 255 0 0 0 0 203 214 96 24 133 255 108 198
    14 255 255 176 207 0 255 78 24 171 231 8 193 255 22 161 47 255 232
    250 0 255 188 12 236 207 61 232 244 255 197 36 84 147 34 117 187 255
    0 83 204 245 141 255 12 0 0 0 53 253 140 0 193 66 130 83 197 255 205
    130 0 255 254 226 255 0 14 152 6 0 168 115 235 140 255 255 246 255
    211 52 169 61 27 66 182 255 3 0 0 160 255 51 0 9 240 71 84 0 255 0
    215 0 0 208 255 0 223 0 87 255 255 255 30 255 255 54 0 90 255 16 9
    255 132 0 0 255 166 174 0 193 182 229 255 139 4 83 246 202 255 255
    255 132 255 121 36 85 255 140 255 124 0 255 57 255 0 58 255 44 255
    127 132 83 255 14 255 170 255 35 102 56 87 199 234 233 235 255 0 0
    241 156 115 0 76 237 84 0 0 162 0 217 146 0 43 0 0 6 221 248 154 255
    133 0 0 255 170 101 207 186 26 42 255 0 90 172 0 0 60 143 242 35 88
    163 218 255 137 211 0 0 193 0 31 0 173 164 168 255 0 106 34 147 78
    121 109 145 19 0 0 199 186 77 255 155 255 113 160 255 247 255 129 0
    119 255 0 171 255 12 0 255 0 0 255 248 211 255 163 94 137 65 184 255
    0 187 53 0 150 255 89 255 27 195 84 255 66 0 91 255 149 131 19 255
    223 255 186 216 2 118 80 74 200 109 65 91 226 255 255 186 101 62 23
    170 228 240 28 39 90 38 255 15 255 140 0 250 255 171 219 249 50 91
    95 239 180 69 0 139 225 0 245 255 10 163 16 95 59 0 0 67 15 120 99 0
    245 46 0 0 47 255 67 0 255 0 255 76 253 214 87 0 0 49 0 142 0 208 81
    65 0 255 5 255 0 73 250 216 27 188 109 48 255 0 255 90 255 255 208
    255 0 0 85 46 209 140 111 127 136 190 0 255 100 0 255 0 0 49 93 179
    255 48 255 244 140 255 114 0 151 255 165 188 215 13 255 1 33 68 178
    255 0 6 255 255 0 255 146 1 255 255 175 174 255 196 0 174 113 255
    186 85 0 213 11 24 28 255 255 221 255 0 78 106 0 0 195 84 255 0 255
    0 255 255 255 0 225 140 129 206 120 216 159 44 2 53 0 187 86 37 75
    156 139 255 3 253 104 152 75 0 58 224 74 0 69 77 0 109 75 0 70 2 113
    129 193 18 0 0 11 0 75 138 243 255 0 221 255 94 175 190 255 255 239
    255 190 4 61 206 255 255 255 179 205 228 255 208 48 241 142 7 0 0
    255 87 0 177 255 204 43 255 255 67 0 54 21 85 126 0 66 152 12 255 6
    255 0 255 255 168 132 20 135 0 224 255 215 60 6 69 7 104 75 41 62 0
    0 255 192 1 255 80 185 255 229 110 114 255 255 227 0 255 222 55 85
    255 86 202 91 14 155 229 21 255 0 160 51 0 148 76 135 255 1 255 84 0
    187 140 0 255 136 174 48 66 83 131 239 236 255 172 147 146 40 255
    190 212 27 255 18 92 0 0 97 0 255 210 25 94 65 178 255 94 160 246
    247 84 10 34 180 59 216 40 255 255 13 159 1 255 0 0 50 0 177 0 0 167
    113 22 170 255 157 226 255 0 255 157 0 255 3 248 97 0 110 116 0 86
    137 124 97 0 41 50 30 64 127 0 106 255 48 195 248 94 254 0 141 195
    150 7 248 210 255 87 22 51 0 0 109 229 223 116 255 168 0 247 255 255
    92 219 11 52 255 57 1 0 255 110 75 0 222 178 25 107 235 255 93 210
    25 232 103 119 0 241 0 0 48 250 95 255 172 18 183 234 166 230 146 99
    246 0 255 234 0 112 115 0 243 36 191 91 255 0 96 28 255 0 0 0 98 86
    170 121 35 255 173 132 80 140 205 115 94 219 242 6 0 28 94 255 157
    255 255 255 255 0 255 255 75 71 14 24 33 81 255 0 0 154 255 0 39 122
    57 121 100 0 255 0 9 255 0 137 117 255 57 31 111 255 193 0 252 0 12
    75 255 255 28 115 255 211 0 255 0 255 177 11 255 255 212 136 11 214
    115 112 255 140 91 0 50 223 0 64 255 255 255 29 167 193 255 184 87
    155 142 7 82 175 255 42 255 44 152 158 177 0 81 123 255 255 255 125
    0 157 3 140 0 255 255 200 255 255 155 0 0 0 234 171 63 251 255 67 5
    1 0 174 205 0 164 237 91 159 251 147 190 230 184 254 17 0 0 0 255 0
    255 34 82 80 0 236 255 0 255 188 145 127 255 255 142 0 87 0 0 149
    133 168 255 46 83 0 0 43 213 0 76 225 0 255 0 159 0 255 180 255 164
    167 6 255 217 0 255 90 0 222 34 104 152 22 255 0 24 219 133 21 0 0 0
    51 41 0 148 219 190 56 151 174 0 74 223 105 54 45 50 255 255 8 10 43
    0 0 5 0 125 57 67 8 132 215 137 139 85 184 162 55 137 125 232 255 50
    0 255 0 231 0 0 57 109 243 235 108 161 144 207 40 242 0 0 0 76 147
    179 250 50 46 216 97 255 25 198 255 6 128 134 88 255 100 215 41 117
    30 89 215 126 196 137 255 23 148 209 255 0 0 0 0 0 98 0 29 44 195
    151 98 212 210 1 255 104 55 0 178 0 0 255 156 106 255 0 28 190 106 0
    228 13 178 135 0 160 255 185 247 179 196 107 111 45 130 0 255 79 92
    9 214 95 25 39 0 2 125 16 255 49 116 255 9 82 0 238 20 93 255 252 60
    60 255 51 89 255 95 0 14 112 169 54 255 255 125 86 75 208 234 111 0
    0 53 255 255 225 245 88 251 255 254 176 34 53 24 0 0 111 83 132 255
    255 0 217 101 0 95 0 255 228 97 175 231 187 175 255 255 169 0 0 255
    93 115 0 129 112 66 255 226 255 77 255 238 115 0 124 0 189 180 255
    233 249 255 150 5 219 0 208 112 230 17 0 231 0 255 95 0 207 116 202
    255 255 206 0 26 75 0 0 234 192 255 97 100 115 0 186 205 255 7 186
    13 255 255 199 22 0 181 185 0 0 143 0 0 0 86 0 53 116 255 191 255
    255 140 255 255 226 255 156 104 0 125 0 255 222 22 255 161 0 255 255
    0 158 89 255 255 24 163 207 168 114 18 0 205 255 89 183 197 102 121
    234 119 84 15 207 0 255 26 255 89 0 197 132 255 18 0 124 0 78 10 174
    255 65 255 255 255 0 246 197 255 88 245 0 246 53 45 203 233 154 118
    0 104 186 0 255 0 247 0 255 255 113 255 255 234 179 21 255 195 214
    166 255 54 0 211 239 64 0 244 124 175 240 36 255 101 0 125 117 215
    102 62 0 29 255 215 193 102 147 75 5 157 178 0 73 255 255 146 15 157
    154 0 255 136 150 210 0 107 254 70 0 0 133 21 0 6 255 255 0 235 238
    226 255 0 225 248 239 0 246 42 203 255 255 215 130 216 105 112 199
    81 90 211 135 219 88 71 255 255 87 181 213 71 0 0 140 0 23 0 199 212
    145 27 0 22 17 44 215 116 229 255 133 98 147 205 249 67 111 43 255
    159 255 255 0 255 255 36 112 255 162 255 244 85 84 62 65 255 0 0 0
    79 56 70 216 0 255 163 113 99 0 255 0 140 75 0 121 0 0 234 0 67 128
    122 119 0 255 227 118 0 151 26 154 26 0 45 255 255 85 255 255 244 3
    236 216 44 158 211 244 33 10 0 101 245 115 147 255 227 189 255 163 0
    171 61 188 150 0 115 0 0 255 138 68 255 117 255 0 12 0 0 21 23 255
    80 255 216 24 255 0 231 159 160 0 161 95 84 74 234 25 231 0 0 44 241
    191 15 255 255 25 234 203 46 255 0 167 0 140 255 0 68 0 0 213 0 0 0
    0 91 99 104 167 184 97 255 255 182 0 255 97 252 45 252 255 98 118 0
    127 190 255 25 238 72 234 245 169 255 255 137 225 255 255 26 200 241
    255 227 67 115 255 0 67 44 74 255 145 75 255 255 76 92 202 96 40 17
    216 126 0 71 102 99 0 0 255 41 114 127 0 7 160 228 2 178 83 66 119
    255 0 255 5 35 0 0 208 0 200 255 0 255 200 28 130 0 219 255 86 86
    111 17 76 204 166 51 173 221 8 166 255 61 2 41 0 240 255 246 0 243
    63 255 4 255 240 232 255 150 133 155 255 255 39 56 0 5 178 36 246
    117 244 185 182 221 255 218 75 255 32 37 115 44 165 255 30 67 255
    212 132 0 0 255 151 185 98 255 255 255 255 255 213 162 0 0 172 244
    200 32 0 255 0 135 102 246 0 0 68 255 9 255 231 56 0 58 156 14 67
    236 0 60 231 61 70 1 0 0 0 161 222 218 78 255 204 147 255 98 77 214
    64 111 255 85 223 159 74 255 0 0 58 255 255 76 159 255 139 0 75 168
    0 0 190 55 135 255 0 223 162 250 0 0 255 12 0 104 41 255 104 202 255
    137 255 255 255 215 255 106 88 167 84 255 0 218 119 240 104 67 104
    189 5 0 0 229 0 0 117 122 36 255 255 142 255 255 131 0 13 182 0 96
    90 222 158 71 171 0 89 147 205 255 255 255 176 0 242 17 93 255 23
    255 255 0 0 255 39 178 255 19 53 0 0 20 111 66 0 156 255 0 102 255
    64 11 180 126 106 255 255 211 121 255 0 0 141 110 160 47 41 255 201
    32 254 245 40 249 0 244 0 255 255 0 36 255 21 0 254 56 0 0 25 0 220
    0 105 167 214 174 228 168 135 25 0 33 185 210 0 255 0 41 211 0 0 0
    198 155 115 0 63 0 47 3 195 0 28 64 66 221 51 241 0 255 36 21 158 0
    79 126 0 43 51 34 151 0 68 57 206 249 0 0 0 21 184 255 255 133 255
    204 57 117 114 48 83 100 163 138 104 131 0 0 196 17 255 255 157 0
    234 148 0 252 255 255 4 218 117 0 0 0 15 0 0 136 255 166 238 156 255
    0 0 55 255 215 0 255 255 129 214 246 125 94 150 53 106 19 251 234
    255 0 106 156 0 119 235 190 0 255 0 154 88 67 201 105 139 172 255
    228 4 33 9 178 0 106 255 255 0 0 132 8 0 83 228 90 186 0 57 102 0 0
    238 51 142 255 0 255 0 0 255 246 13 0 23 35 124 126 151 194 0 91 172
    155 74 7 254 247 110 83 255 0 0 47 0 73 0 98 122 78 138 61 100 148
    255 220 21 0 255 0 102 18 255 119 8 253 130 13 0 255 255 73 90 0 255
    202 63 255 255 53 86 255 30 225 0 101 115 0 255 105 81 130 13 86 0
    190 43 52 104 144 42 25 162 108 69 14 201 190 255 170 0 255 0 255 68
    255 255 164 40 255 229 83 176 255 214 111 0 0 255 255 52 213 244 0
    70 0 185 255 255 255 0 183 0 137 13 0 0 249 145 73 209 255 32 0 196
    196 65 215 193 0 35 241 255 0 255 255 13 77 0 0 191 0 172 255 0 42 7
    114 255 224 255 177 122 111 0 173 230 185 115 0 255 255 0 55 240 255
    222 108 139 64 210 21 26 0 93 95</data></my_img>
<your_img type_id="opencv-matrix">
  <rows>128</rows>
  <cols>256</cols>
  <dt>"3u"</dt>
  <data>
    180 54 237 68 0 192 255 0 228 255 255 255 42 174 0 77 255 178 0 255
    216 45 255 255 222 255 152 85 198 255 255 158 145 118 88 140 68 140
    0 190 0 255 202 0 136 98 255 170 88 19 7 255 187 248 255 104 0 111 0
    213 31 61 3 29 200 255 249 1 255 194 42 188 186 116 252 255 0 0 248
    48 255 100 156 255 0 196 159 122 142 255 0 115 71 102 255 138 30 255
    255 242 0 0 128 131 0 241 0 178 255 0 96 31 11 185 193 137 0 191 111
    255 134 105 211 255 38 255 255 57 61 255 0 38 215 220 185 255 49 0
    170 31 222 49 255 97 230 133 255 181 0 255 175 113 253 151 122 0 186
    113 255 0 173 204 141 132 0 255 255 255 255 9 255 176 62 121 0 4 71
    255 55 41 255 255 255 214 226 182 230 71 0 255 221 0 255 208 27 218
    178 63 116 160 209 253 85 255 206 0 255 180 149 0 0 156 0 173 255
    192 248 24 0 177 0 255 54 255 146 123 225 0 255 33 214 218 242 0 255
    255 0 0 219 245 0 57 0 62 255 182 133 129 59 0 15 255 181 149 255
    243 135 255 0 112 71 255 166 68 255 117 189 0 0 255 85 174 109 0 0
    14 0 255 176 255 0 0 214 255 0 142 255 123 0 205 255 255 11 0 255 79
    155 22 0 0 0 36 0 102 0 169 157 55 105 218 10 24 255 72 213 254 113
    202 0 255 14 252 255 196 255 255 85 255 255 172 255 48 82 54 197 158
    244 9 89 255 152 73 59 166 0 46 255 120 13 28 160 245 79 118 0 60 0
    201 127 255 90 140 57 0 255 255 199 63 26 255 135 14 0 88 108 0 255
    0 176 79 23 0 0 98 47 33 251 0 248 97 225 0 93 255 92 0 247 88 255
    32 104 255 255 120 101 151 0 36 199 41 87 0 41 245 159 182 163 5 63
    0 22 103 32 255 157 105 12 64 255 152 0 0 231 20 140 50 206 255 191
    149 114 228 0 0 0 255 21 255 0 107 74 0 255 0 248 184 67 255 147 0
    255 246 255 0 129 81 101 222 0 85 173 0 128 0 232 61 54 255 228 0
    255 0 107 0 0 0 255 31 139 2 5 60 181 83 255 0 188 255 160 108 109 0
    216 134 11 0 15 102 255 73 0 28 193 255 193 255 49 244 24 213 209 77
    255 72 67 143 0 18 137 107 0 58 72 0 102 0 129 88 0 85 10 112 162 0
    0 255 182 168 32 0 0 255 0 210 239 0 198 255 159 65 255 255 255 0 88
    255 255 46 0 102 255 227 255 93 2 255 192 45 68 57 111 0 255 189 0
    194 32 27 215 255 255 216 197 206 74 0 255 49 122 255 219 255 73 255
    37 0 99 250 77 43 189 0 227 255 255 124 123 255 241 12 106 91 202 29
    253 5 132 194 0 127 64 82 139 255 81 48 170 150 67 255 177 255 133
    228 110 247 43 25 255 164 21 255 190 195 0 82 0 255 255 14 255 255
    255 184 88 255 25 159 255 0 77 92 0 255 30 255 205 154 255 166 50 61
    173 139 68 116 0 192 155 38 255 7 14 178 0 181 255 255 34 182 109
    203 190 255 0 174 255 216 255 97 45 255 60 255 255 0 121 0 255 0 171
    145 136 134 159 0 187 255 43 0 0 0 84 255 99 52 0 0 0 202 0 0 136 0
    91 62 239 0 164 152 255 142 36 144 255 191 255 11 157 255 205 48 23
    109 203 0 59 205 31 132 237 0 192 201 255 0 103 255 255 163 255 0 0
    232 255 70 0 110 255 255 0 255 237 246 115 0 0 200 255 0 129 0 103
    255 0 132 0 101 245 255 25 180 0 236 123 0 0 238 255 255 103 232 255
    106 114 100 66 255 55 226 228 0 92 255 239 184 201 251 143 101 236
    255 14 234 101 0 72 255 83 196 188 141 83 55 255 0 21 0 59 253 0 255
    255 0 97 0 255 230 205 30 0 255 54 234 25 167 15 69 0 255 255 255 93
    180 87 224 0 0 81 193 0 119 180 227 173 217 133 4 207 115 0 0 55 255
    69 255 7 143 47 171 255 28 55 17 242 0 0 255 0 57 159 255 125 0 0
    244 161 245 0 0 87 196 93 98 66 55 0 184 27 0 255 99 120 79 255 246
    85 79 34 233 119 1 255 77 0 231 44 13 0 118 0 255 30 211 31 140 255
    67 7 148 134 162 10 230 0 129 214 255 208 40 255 201 15 152 118 255
    5 0 255 194 255 255 255 0 0 164 146 244 255 48 255 92 206 0 72 101 0
    96 92 0 255 24 30 88 86 248 91 232 255 220 255 111 20 201 0 0 231 28
    167 0 61 170 0 226 0 174 0 173 0 1 112 255 32 0 15 38 91 0 33 233 9
    17 244 255 255 255 191 101 92 150 255 46 126 206 107 111 139 0 0 63
    10 190 0 109 98 255 0 0 178 46 255 87 255 3 137 255 43 255 177 202 0
    124 170 164 195 22 0 196 48 80 0 193 32 215 224 45 255 0 0 228 47
    222 255 185 159 0 0 255 55 149 160 196 255 14 200 0 161 255 0 95 40
    3 94 54 8 21 255 0 137 0 0 0 0 247 0 3 255 138 52 255 168 8 207 255
    91 196 6 255 255 84 0 255 255 117 159 217 222 255 255 9 0 240 248
    169 81 0 182 165 0 232 0 108 0 0 214 60 0 242 150 154 228 80 52 161
    255 199 176 42 144 66 49 0 0 0 255 0 137 212 0 127 28 255 205 255
    255 7 233 255 255 53 206 255 0 0 17 15 0 190 151 0 46 255 77 242 255
    255 14 38 209 255 237 240 144 129 117 255 29 10 0 101 255 0 85 141
    146 10 0 152 255 0 84 255 169 255 255 0 62 255 177 0 65 255 219 60 0
    41 219 102 99 211 71 154 20 108 197 139 0 44 0 185 255 183 50 52 255
    0 0 239 239 208 59 180 45 0 247 0 10 111 31 0 225 255 0 145 250 255
    119 18 94 88 173 255 213 201 0 0 193 255 17 25 0 8 47 225 242 160 0
    255 255 203 255 9 122 171 0 255 73 255 255 207 255 0 205 0 181 255
    255 0 239 101 115 249 255 0 0 0 110 240 128 201 255 255 255 255 232
    162 168 0 0 0 0 255 0 225 233 20 51 72 140 78 0 86 110 8 36 17 0 122
    0 19 33 255 94 183 0 112 255 167 101 255 174 30 255 0 0 0 175 0 138
    143 54 255 69 188 113 111 241 247 236 130 199 255 216 128 218 0 255
    249 0 53 255 138 165 155 96 255 82 220 127 253 199 46 227 0 177 0
    109 20 158 192 255 109 0 0 255 126 3 207 255 79 162 0 159 212 108 0
    255 255 0 77 117 35 99 50 255 0 207 0 255 255 235 210 255 195 0 85 0
    205 45 255 102 209 8 248 219 81 178 255 235 151 40 255 255 220 255 0
    68 224 237 109 45 0 255 204 148 255 183 255 100 87 255 244 104 208
    21 185 0 0 219 0 98 255 0 171 5 0 74 0 0 144 132 152 195 47 0 164 0
    14 52 198 200 255 0 72 30 0 152 74 11 0 0 120 0 38 75 51 255 0 255 0
    255 255 0 0 152 0 108 118 54 0 47 178 255 250 255 83 7 255 165 171
    119 255 0 255 255 64 255 46 0 58 255 147 0 18 0 207 255 173 6 186
    255 146 111 171 60 255 133 255 184 0 0 69 0 153 0 255 33 150 188 99
    226 105 0 255 173 50 71 186 192 255 141 0 255 208 180 255 47 255 207
    255 39 89 16 98 35 255 70 147 182 9 0 131 166 195 253 255 255 242
    111 255 255 255 0 98 102 171 124 113 102 223 126 0 6 255 105 240 255
    255 241 87 102 255 255 26 63 125 255 102 92 249 237 103 101 255 51
    64 0 5 255 180 0 174 255 0 0 8 186 124 0 144 246 253 255 150 255 226
    57 0 0 0 231 239 255 87 61 255 126 150 255 219 130 24 210 211 35 239
    100 168 224 125 255 255 10 138 255 255 255 89 0 154 0 255 69 179 127
    10 0 0 0 180 28 255 230 18 163 102 49 62 0 227 60 255 213 182 58 209
    61 51 94 26 169 252 0 255 46 0 68 54 137 218 255 0 196 0 255 0 255
    29 255 0 176 0 255 172 0 255 255 255 111 59 255 255 47 255 84 136 0
    0 255 255 255 255 145 131 243 229 0 0 0 0 167 255 217 34 220 58 169
    184 57 255 12 0 0 0 242 75 179 156 139 83 238 193 0 247 0 122 212
    173 148 0 119 74 122 255 0 13 22 164 82 0 255 37 5 255 7 17 255 255
    9 218 135 9 83 0 255 65 255 0 122 44 44 91 75 82 255 91 255 211 167
    255 255 12 113 230 0 0 255 0 8 5 255 0 163 243 0 212 0 255 157 35 2
    255 225 156 255 153 253 192 96 75 136 41 214 126 192 155 0 255 17
    255 255 0 120 255 185 26 103 218 113 226 171 91 255 61 0 255 118 50
    137 255 234 148 8 0 203 183 117 255 0 71 255 255 167 8 221 255 216
    14 161 245 5 0 174 0 134 0 94 179 255 13 255 110 0 210 236 0 62 28
    139 163 36 156 101 255 0 16 250 105 0 250 255 99 143 199 55 0 255
    255 0 255 0 213 20 255 252 202 119 77 146 0 106 218 148 188 0 26 27
    68 21 49 255 22 138 255 21 254 0 196 160 205 107 38 64 55 231 145
    107 255 108 174 244 114 128 108 78 10 81 0 184 60 0 18 143 168 227
    251 255 22 0 0 41 255 113 207 255 180 153 255 38 44 241 217 71 105
    233 255 183 255 255 76 104 0 220 255 157 95 255 186 222 0 173 163
    204 132 52 201 97 18 44 0 241 212 102 105 116 0 61 0 0 14 0 0 25 104
    0 0 255 0 17 118 225 193 187 255 211 0 40 198 255 255 0 255 180 0 0
    18 92 86 95 255 49 255 255 0 98 226 0 14 130 77 0 247 0 4 0 39 0 56
    176 250 237 83 132 255 3 89 255 176 64 255 0 47 60 150 238 36 0 86
    255 255 40 1 166 7 80 171 0 120 18 0 37 223 79 0 133 255 20 255 185
    113 255 124 57 72 143 185 23 222 180 251 7 161 255 226 134 226 255 0
    0 211 37 120 88 23 251 26 94 0 105 80 0 98 220 0 69 42 35 0 0 0 95 0
    234 69 84 255 93 20 85 23 0 30 255 92 73 58 47 255 0 101 2 121 118
    90 66 238 255 255 112 143 150 98 205 131 68 148 235 101 0 0 0 255
    255 192 76 132 255 100 0 168 104 0 179 0 0 255 45 255 208 255 76 0
    16 214 55 0 189 0 226 122 255 0 80 239 255 80 0 255 61 255 0 0 255 0
    66 111 255 0 255 255 127 120 244 199 5 0 0 0 54 255 148 0 137 79 255
    193 0 255 255 255 22 0 192 0 115 0 255 255 36 164 242 19 220 255 255
    0 120 255 255 192 254 98 59 255 25 94 140 151 0 0 236 188 187 255 0
    16 252 145 0 229 0 36 0 2 0 189 192 0 254 70 104 96 199 255 49 0 255
    243 171 255 101 0 226 0 255 213 255 216 0 255 20 128 73 194 14 174
    102 0 0 175 239 104 22 219 255 255 0 0 0 0 157 135 0 60 255 12 0 0
    234 71 235 44 117 0 113 0 0 255 123 157 158 45 0 255 219 129 83 0
    255 255 0 212 47 119 79 152 255 77 0 152 0 200 139 214 21 186 0 0 95
    173 90 0 248 59 0 255 78 115 181 0 255 116 255 249 170 245 0 216 255
    0 0 142 50 43 9 255 16 20 108 255 255 0 203 0 212 242 0 182 138 186
    255 105 0 0 230 157 158 234 187 255 109 214 255 0 138 72 0 200 119
    100 255 0 56 0 228 69 0 61 13 255 250 14 255 255 110 234 48 144 58
    43 161 248 175 134 29 177 0 0 25 157 255 0 255 93 91 0 0 36 0 90 0 0
    255 229 0 106 16 0 255 0 255 255 255 147 199 161 107 235 192 0 168
    112 123 128 25 0 37 24 233 78 0 219 51 0 243 255 0 126 0 0 85 83 160
    96 5 216 70 124 255 89 255 236 255 255 255 0 246 255 255 23 19 70 63
    65 178 228 255 254 255 57 0 255 229 209 28 241 94 255 160 255 30 0
    255 0 120 133 0 100 0 214 127 53 112 21 0 30 12 103 0 82 255 140 75
    150 0 231 0 58 159 182 192 109 255 0 112 255 53 255 151 255 98 0 8
    246 255 219 213 89 0 71 234 0 219 79 0 0 165 101 130 115 151 220 255
    245 70 255 0 86 33 0 0 101 255 120 94 190 126 40 203 48 212 238 231
    235 102 255 0 165 255 42 136 69 255 0 255 185 0 215 78 255 255 212
    44 255 175 193 255 255 0 198 95 160 107 71 0 82 0 109 183 255 215
    255 0 149 91 255 136 110 154 244 123 0 173 131 255 18 0 255 212 39 0
    78 0 190 0 214 0 229 255 255 137 20 175 16 255 224 0 169 241 255 238
    166 160 239 34 255 255 26 173 57 83 160 150 0 125 27 219 154 255 83
    234 4 0 114 0 0 255 181 0 0 16 48 153 69 255 131 255 255 0 105 132 0
    56 163 181 242 29 175 255 255 172 51 255 121 122 27 55 98 181 255
    253 0 97 233 237 128 255 201 42 0 0 211 0 0 71 2 0 46 97 105 0 247 0
    171 1 206 3 235 0 0 94 0 0 85 180 242 255 119 0 23 169 224 255 0 130
    0 110 0 0 57 26 0 33 43 225 255 255 206 255 118 224 57 0 11 107 0
    255 34 0 181 255 191 9 226 255 5 0 255 6 0 221 0 255 13 66 254 0 255
    57 0 18 0 0 0 212 214 23 5 255 82 178 0 255 255 33 228 10 0 182 132
    255 22 255 193 208 0 255 25 51 131 255 237 158 255 46 255 53 18 91 0
    129 135 20 40 0 0 255 68 100 200 89 0 71 201 218 65 0 186 238 255
    128 126 156 101 106 53 6 130 255 76 255 93 0 202 235 0 164 255 180
    214 236 92 189 125 255 113 42 253 88 31 0 65 255 255 148 252 121 76
    255 168 109 45 255 70 0 253 255 255 0 26 28 255 255 0 0 243 69 255
    255 0 20 255 255 0 160 255 215 0 69 121 255 0 54 34 206 128 2 255
    166 216 178 64 255 0 254 108 132 166 144 124 61 60 110 80 181 145
    231 17 105 206 191 255 166 255 59 152 26 0 255 143 3 255 39 0 0 0 4
    0 0 118 95 64 118 255 72 107 0 255 255 13 214 255 101 95 175 255 193
    159 8 170 255 85 118 92 0 0 110 186 25 11 133 98 108 155 10 102 0 35
    255 255 85 4 107 231 255 174 222 234 0 45 205 91 159 0 25 255 170
    184 122 255 246 2 236 255 243 204 253 179 99 0 45 127 15 255 99 200
    255 93 0 0 48 254 0 0 0 255 80 255 74 152 111 0 213 168 68 69 28 127
    255 0 187 255 22 55 248 250 97 8 61 164 255 212 248 255 140 255 66
    255 234 77 33 157 255 255 46 0 175 255 10 0 44 221 255 25 255 255
    134 255 0 213 106 20 63 187 0 255 0 255 165 142 43 191 120 137 255
    221 161 255 81 255 255 0 0 86 0 0 49 0 255 0 190 216 143 229 48 255
    167 163 216 195 0 106 255 255 159 65 135 58 109 148 183 255 194 0 35
    9 126 37 230 248 74 167 0 255 145 23 179 0 227 216 156 0 255 255 170
    50 31 255 21 167 38 0 0 174 255 255 255 171 23 0 89 29 0 169 93 0
    199 221 205 187 76 125 123 0 108 247 255 255 22 255 156 255 255 48
    255 255 0 109 241 0 117 133 0 0 231 0 0 53 171 8 255 58 151 0 244
    255 124 255 194 255 255 255 78 158 0 164 0 229 0 232 80 206 186 202
    255 0 255 192 64 153 209 195 160 255 195 255 0 49 0 87 213 93 236
    108 4 213 181 137 149 217 250 64 255 0 61 230 239 131 255 0 159 204
    251 52 231 3 27 89 121 215 143 175 255 96 169 255 105 82 255 0 0 147
    149 255 79 210 126 204 67 32 0 163 16 12 89 110 187 15 0 45 255 255
    185 0 255 122 69 89 0 255 44 255 98 94 255 104 0 94 235 212 25 42
    249 13 81 255 79 16 6 86 127 60 255 0 0 205 124 110 71 134 99 149
    255 77 126 96 204 251 0 255 0 39 40 71 32 30 195 241 244 0 58 0 81
    223 0 28 125 241 0 151 0 0 155 167 192 255 216 68 23 0 58 255 179
    182 247 198 0 16 255 0 63 69 255 96 255 164 0 32 93 0 200 255 171 75
    0 181 13 4 60 151 255 70 255 118 61 255 90 255 33 91 187 255 53 255
    111 0 27 104 0 202 153 0 255 90 171 165 153 131 255 222 255 193 165
    0 109 202 192 0 103 255 188 77 0 28 172 0 255 50 43 179 0 70 206 255
    255 0 140 42 117 84 255 255 20 75 255 0 0 0 255 238 0 255 154 188
    255 255 255 0 255 0 236 196 133 71 255 207 255 255 255 236 0 255 32
    81 141 18 255 0 15 106 0 109 210 255 0 255 255 230 0 255 0 120 168
    103 255 44 5 255 20 189 153 78 144 13 0 167 126 102 34 193 208 216
    69 0 0 255 170 55 70 0 0 68 0 62 13 194 173 0 124 255 174 0 255 114
    0 245 255 129 75 211 255 223 255 34 207 255 73 163 0 123 0 100 255 0
    255 0 101 202 105 0 112 38 255 0 255 0 0 114 0 68 255 130 202 251 27
    0 109 209 195 223 56 255 248 241 8 199 255 0 3 24 185 73 151 80 255
    102 25 187 149 143 245 255 255 0 0 181 255 0 18 195 177 255 255 96
    51 0 0 65 0 40 240 0 185 84 116 50 66 0 93 0 0 0 0 0 221 92 0 210
    255 154 21 40 112 29 12 42 11 255 157 71 0 255 153 204 103 78 255 0
    231 226 178 61 174 10 139 36 29 255 95 0 0 0 0 0 0 121 0 255 42 72
    197 47 157 140 97 16 103 180 158 62 192 55 0 255 33 41 203 137 0 255
    143 120 255 234 254 209 255 243 217 255 12 226 195 0 249 0 169 128
    255 176 44 255 184 238 22 126 254 178 0 0 16 255 255 127 18 0 92 249
    44 241 44 255 192 255 255 255 218 6 252 0 176 222 180 32 98 128 169
    0 36 255 34 89 190 255 0 0 241 189 128 255 105 255 255 22 56 66 139
    255 0 251 227 255 81 255 243 86 0 147 16 156 15 83 109 100 103 79
    255 0 0 17 94 200 255 0 60 15 197 120 0 0 255 0 146 84 71 0 0 138
    141 11 255 211 51 0 255 173 236 255 97 93 180 68 55 37 255 0 109 18
    255 255 255 195 109 255 66 83 0 29 0 0 254 232 255 253 255 155 67
    255 255 142 0 70 24 0 255 255 194 255 99 180 91 88 255 0 88 0 100 77
    106 226 18 0 142 0 102 241 58 60 255 22 234 255 239 255 255 255 0
    139 237 63 255 255 180 229 0 87 68 174 94 0 255 255 203 194 149 120
    0 214 50 0 252 159 0 236 10 0 103 169 142 137 255 83 72 255 0 79 6
    38 255 0 81 253 248 255 246 235 178 71 234 255 61 0 0 177 69 255 0
    157 63 77 61 12 255 255 127 203 148 0 206 106 175 66 255 54 95 73 97
    128 0 255 90 0 248 0 0 27 115 222 172 0 0 162 18 242 115 255 97 25
    166 255 255 0 0 255 0 131 50 53 52 101 134 55 205 62 106 255 62 165
    255 65 255 27 42 255 203 14 0 254 255 1 166 0 38 132 83 123 0 79 0
    129 0 178 255 136 119 200 84 116 5 221 147 255 133 69 255 255 0 212
    0 245 65 255 255 73 255 149 161 255 255 171 0 157 0 0 255 99 174 255
    79 236 133 71 255 165 242 255 0 249 201 255 77 28 156 152 255 174 77
    0 218 0 76 209 5 255 255 189 241 182 175 2 17 6 76 121 255 94 255
    238 255 20 255 197 245 13 0 145 0 5 255 255 51 255 162 0 16 141 0
    139 255 255 255 0 87 255 0 186 169 0 255 22 32 255 0 122 0 0 109 133
    255 255 103 255 255 9 125 255 48 97 23 200 110 0 255 0 29 253 255 0
    194 155 0 231 104 79 157 255 72 136 3 255 255 0 148 228 255 92 91
    118 198 48 213 255 145 0 123 12 77 201 255 115 110 134 255 255 255
    255 255 41 255 136 255 148 0 78 92 0 231 220 255 167 243 201 255 255
    255 139 191 91 83 255 0 255 255 51 255 147 255 154 167 32 255 5 0
    254 0 222 0 0 22 238 26 224 111 96 255 234 0 220 0 196 114 21 239
    142 206 242 114 228 151 196 245 178 226 0 92 148 255 0 0 255 151 80
    49 220 0 0 51 0 194 161 0 221 153 90 173 255 0 24 89 255 181 185 230
    165 255 255 255 226 0 116 241 0 0 0 6 116 255 22 255 170 255 255 0
    255 0 196 81 0 226 255 0 16 229 167 255 121 255 119 255 84 0 24 211
    238 228 0 92 91 0 111 169 0 255 0 255 0 104 59 0 255 0 220 185 0 0 1
    193 240 0 44 250 29 17 87 87 255 124 81 255 211 255 0 93 8 233 255 0
    215 0 84 162 0 29 255 73 148 0 158 103 42 12 0 255 169 158 143 17 0
    67 240 255 129 0 187 205 118 212 0 178 0 228 0 255 0 168 81 116 98
    91 151 0 255 255 78 255 0 202 255 173 84 72 255 62 98 132 255 0 149
    142 0 124 6 144 0 220 51 255 255 156 85 110 16 0 0 145 178 170 239
    128 70 231 158 0 0 225 117 0 255 255 255 73 134 255 255 142 56 0 37
    255 201 240 0 255 12 0 255 0 117 248 192 21 0 118 0 75 0 57 146 0
    255 227 163 164 238 175 153 255 255 207 0 109 57 255 54 88 35 162
    255 41 142 0 147 37 68 236 255 25 192 175 47 255 243 28 0 219 0 0
    157 118 0 219 0 0 202 185 228 21 0 0 0 0 180 114 0 255 255 0 18 171
    72 192 113 234 255 255 255 174 144 0 172 25 48 127 46 255 117 41 255
    255 0 255 226 28 255 247 248 255 0 72 185 0 18 222 0 95 179 107 208
    160 207 0 0 255 0 0 216 185 0 133 31 0 83 0 79 201 255 255 50 134 73
    183 255 36 74 236 255 255 0 255 26 255 0 185 255 20 58 236 0 246 255
    0 175 72 77 255 160 248 139 206 0 163 0 86 0 192 255 243 255 142 153
    12 45 58 0 0 0 203 131 210 0 248 0 0 32 255 255 255 3 168 134 10 255
    42 173 191 0 142 225 161 0 92 97 0 254 0 255 58 255 229 0 42 189 235
    44 0 0 0 0 159 29 71 19 0 27 0 81 0 141 50 255 34 110 241 255 255 89
    35 188 166 75 90 0 195 0 126 86 82 229 154 160 0 203 37 0 144 37 0
    87 15 175 252 164 0 114 0 4 186 155 17 75 255 177 59 255 122 0 63
    166 76 0 100 103 88 147 0 0 222 0 229 216 47 0 95 255 60 45 105 255
    255 184 28 253 176 255 139 102 227 255 210 255 24 180 241 156 0 137
    183 255 224 255 0 135 228 0 191 106 0 187 0 162 0 2 158 255 154 255
    255 231 168 255 245 120 230 255 0 173 130 103 132 255 34 51 255 255
    184 171 0 251 56 167 54 95 224 15 255 91 255 22 0 255 101 0 0 255
    255 177 223 0 255 255 101 86 255 0 17 0 255 12 0 140 255 206 255 6
    146 2 0 193 186 255 63 255 190 255 252 247 47 0 170 158 255 255 255
    103 50 43 135 37 255 123 145 89 0 255 0 255 255 174 124 0 212 109
    255 35 8 85 145 18 218 29 0 157 181 255 0 89 0 110 255 141 99 167 89
    208 51 214 0 52 199 191 255 0 255 255 55 47 0 168 255 92 249 0 77 95
    123 213 22 114 131 207 20 103 0 255 255 161 255 0 138 209 40 134 0
    209 71 255 0 112 255 255 173 226 255 250 194 0 231 0 255 225 0 155
    255 0 230 0 0 0 196 255 151 25 207 120 255 0 0 255 180 124 213 113 0
    0 230 211 255 100 255 246 217 88 97 255 9 255 203 0 255 85 0 198 0
    255 56 2 189 40 96 240 13 0 95 229 255 86 130 72 163 130 72 119 252
    207 138 144 162 87 168 75 0 150 192 255 105 0 255 0 255 201 27 201
    255 31 126 130 187 100 49 91 120 90 0 255 0 208 217 190 0 255 89 255
    255 0 228 0 255 255 48 255 10 214 255 48 0 200 63 154 225 255 0 137
    184 255 117 95 0 236 255 93 255 203 255 189 255 0 186 237 42 255 15
    82 232 255 0 255 134 84 61 255 254 255 144 143 254 0 255 255 255 169
    137 63 195 228 173 110 210 255 13 21 130 208 131 31 163 0 27 120 192
    33 67 255 193 148 61 255 188 46 89 214 255 0 0 168 251 0 0 111 99 69
    160 86 24 194 92 113 255 71 190 92 161 255 242 176 45 255 11 0 217
    33 0 0 174 255 53 110 255 112 64 93 239 169 116 0 8 144 56 250 55 56
    206 0 201 130 255 116 255 255 0 72 0 255 93 0 255 210 163 135 100 0
    22 73 208 0 94 255 40 205 29 77 121 210 0 225 221 218 175 255 255 93
    98 0 108 85 114 0 0 56 0 83 255 0 208 255 126 255 255 188 233 183
    246 135 89 177 85 0 255 20 132 59 114 255 121 203 72 26 69 121 159
    250 186 182 119 255 173 191 230 110 194 255 255 217 34 255 255 144 0
    103 132 255 0 0 131 37 218 124 14 243 130 128 97 47 255 28 129 53
    100 251 175 22 235 54 33 255 255 71 255 206 155 81 143 255 56 0 255
    100 129 173 137 211 125 74 255 92 139 0 195 0 133 236 0 88 0 93 0 0
    200 255 255 149 51 255 2 0 153 0 255 200 255 0 4 255 204 130 156 255
    0 228 25 250 212 226 221 0 255 236 49 167 7 0 0 156 251 205 25 0 211
    45 206 224 5 232 0 255 67 255 255 172 255 188 255 39 0 255 106 120 0
    96 0 231 0 255 255 255 0 207 255 27 126 175 185 212 255 255 0 225 71
    57 0 96 240 149 0 37 0 0 0 255 254 161 255 158 218 0 115 200 170 192
    86 255 35 154 131 212 229 0 255 12 131 255 74 0 162 255 255 194 60
    255 176 0 232 255 171 117 120 177 216 255 101 255 84 0 229 206 0 0
    132 0 66 255 137 0 255 255 204 253 165 255 255 7 82 0 17 188 1 126
    245 247 255 69 156 240 255 103 0 170 43 0 255 0 0 184 231 255 177 80
    0 0 103 105 88 0 255 255 0 177 110 255 255 137 0 255 157 162 180 223
    171 213 59 29 0 52 0 64 130 230 191 133 207 89 178 90 146 203 129
    255 239 108 194 33 0 0 216 233 174 248 194 80 232 215 142 154 208
    250 255 106 248 233 255 18 255 0 0 206 0 124 0 0 0 238 157 0 60 201
    206 211 64 83 255 189 39 0 177 239 218 46 255 0 255 247 0 167 67 136
    131 255 0 43 0 0 36 0 17 233 0 147 0 255 0 94 9 130 141 255 134 206
    0 25 26 255 184 255 141 2 238 108 0 54 238 0 0 23 140 255 44 255 255
    0 238 222 0 255 0 0 179 0 14 202 0 91 116 150 255 188 0 137 29 173
    28 64 236 236 255 63 1 150 0 168 0 203 255 139 0 51 0 2 152 183 0
    246 151 166 193 234 148 172 241 237 0 112 255 255 102 82 134 255 0
    226 53 0 255 208 38 255 118 215 0 93 61 186 72 180 59 69 86 206 40
    55 29 237 255 95 0 255 232 0 218 24 254 0 87 0 0 150 0 85 0 223 0
    205 252 235 220 18 255 190 0 255 0 109 255 215 242 50 185 0 177 255
    255 0 255 189 30 29 255 0 255 24 52 33 132 173 216 243 198 188 217
    25 130 120 95 255 0 28 97 0 0 0 0 7 254 175 249 0 186 255 47 0 145 0
    205 72 74 62 254 174 0 0 0 0 51 83 0 0 92 0 106 108 71 2 0 250 212
    215 255 255 255 0 0 10 255 0 0 0 0 2 49 142 204 0 154 245 146 255
    149 109 14 79 178 236 47 0 0 143 0 255 255 101 93 142 255 229 99 255
    159 255 255 144 255 205 255 171 0 196 0 0 113 41 44 255 234 255 114
    71 101 255 92 134 52 82 76 111 223 206 220 255 47 8 164 142 136 143
    228 184 197 0 0 0 255 40 243 255 0 172 255 80 71 251 234 187 0 255 0
    76 73 161 75 247 0 233 255 148 224 0 82 255 120 12 167 255 215 0 0
    94 212 14 0 57 137 255 240 108 33 7 134 48 0 141 168 0 124 0 216 247
    228 131 79 203 5 255 230 255 64 197 0 0 224 233 0 106 255 187 255
    255 38 235 0 0 0 62 20 0 255 40 177 211 191 52 255 255 255 75 255
    189 214 3 0 255 202 255 0 205 0 113 219 0 0 0 255 171 67 168 49 95
    174 0 20 23 0 183 170 35 255 150 109 128 95 149 0 0 255 255 66 18 72
    0 255 57 161 197 35 86 247 120 24 134 0 37 0 209 255 240 255 23 0 0
    242 240 9 0 255 255 47 34 156 255 0 48 0 255 109 20 4 255 243 183 72
    0 162 191 255 203 255 152 142 0 0 115 244 0 51 255 255 131 0 238 1 0
    120 26 247 133 0 253 244 164 207 178 25 4 156 255 0 142 25 255 168 0
    223 183 96 164 118 103 126 98 128 207 255 0 150 238 255 0 127 100
    217 44 255 0 201 121 247 21 41 158 86 143 255 255 107 164 0 118 0
    239 210 0 167 255 253 216 255 96 0 54 65 13 116 88 114 250 0 255 90
    205 44 255 255 255 255 0 99 255 4 110 255 230 239 76 84 255 255 183
    0 255 54 0 119 85 88 112 76 46 134 66 255 144 213 90 255 119 108 95
    199 255 87 12 255 254 73 233 189 255 89 173 0 109 0 142 127 108 140
    255 107 105 34 0 0 0 0 18 6 0 147 33 159 151 160 0 6 144 218 0 172
    42 255 142 255 0 0 0 206 98 0 64 47 0 210 0 255 0 28 255 255 255 0
    182 13 0 242 255 184 38 86 57 0 0 0 163 6 46 255 98 153 109 132 0
    201 86 130 165 99 0 148 255 209 85 13 237 251 133 156 255 16 137 155
    48 0 188 55 255 22 111 0 185 0 57 2 147 172 138 35 246 0 175 0 83 0
    255 236 0 166 255 109 203 181 133 113 83 0 61 170 154 78 0 194 255 0
    0 255 0 255 154 201 7 163 108 196 182 10 14 56 0 102 221 255 121 255
    155 185 0 38 255 71 66 242 218 160 158 14 83 196 10 5 255 0 92 18 58
    255 6 114 255 161 77 107 49 52 241 16 35 255 0 0 37 0 34 34 16 243
    204 48 0 252 3 0 9 255 255 255 255 14 4 0 36 78 53 0 0 155 255 150 0
    255 206 255 255 0 219 119 110 233 255 221 245 175 140 148 0 237 255
    215 0 247 54 38 40 109 50 174 48 59 255 103 0 250 0 80 255 117 255
    220 67 255 189 214 4 180 157 119 2 255 255 248 134 75 48 166 136 0
    255 178 64 179 255 49 255 255 3 0 21 255 52 0 0 169 58 0 130 255 50
    165 118 83 75 0 62 143 255 127 74 255 0 180 132 154 0 41 136 250 134
    255 245 37 172 100 117 146 11 0 255 0 221 255 164 255 0 255 5 0 222
    0 255 0 68 255 50 135 191 113 236 248 255 92 160 189 0 107 153 0 161
    255 148 52 209 33 142 124 212 0 146 52 129 96 255 96 17 106 165 255
    180 226 0 31 227 0 82 28 255 0 0 95 255 246 255 255 43 75 74 222 76
    0 86 255 185 105 136 0 18 255 255 255 219 118 35 185 32 182 255 111
    0 155 0 0 73 205 255 129 215 225 255 0 255 114 0 15 88 125 177 235
    177 103 187 68 114 230 193 165 0 38 0 200 146 131 188 255 244 124 0
    47 0 199 95 255 0 102 255 255 141 38 112 226 25 92 143 237 0 86 12
    255 244 255 200 50 137 68 255 255 105 176 105 30 0 27 239 163 249
    222 240 238 143 145 0 52 0 77 66 229 207 81 11 192 255 47 175 233
    250 3 54 5 13 121 99 110 166 0 78 165 0 255 133 234 248 42 0 105 230
    255 242 0 12 86 62 155 0 115 216 255 254 255 221 255 255 0 0 173 78
    0 0 203 206 246 255 0 0 86 0 0 50 210 102 255 69 66 143 207 255 106
    123 102 214 33 224 0 202 127 57 255 0 255 255 0 213 255 45 0 218 68
    16 255 149 255 126 86 238 0 0 255 114 128 2 139 132 0 0 2 255 173
    255 243 119 139 0 0 255 0 205 255 255 255 188 66 202 135 184 22 205
    0 9 0 255 0 255 91 255 210 212 36 223 158 243 0 136 203 119 94 50
    255 255 89 231 0 255 255 114 0 227 1 0 106 154 255 255 46 104 229
    192 0 185 201 255 0 89 119 255 220 183 255 180 75 158 181 255 104 59
    148 14 255 130 0 148 119 0 255 205 254 21 109 184 138 254 38 41 218
    255 115 226 255 255 255 75 255 33 0 211 201 255 33 7 11 0 54 254 100
    255 132 255 255 29 56 0 31 0 255 229 0 156 210 119 44 255 97 0 255
    255 255 132 96 255 202 153 14 81 255 20 255 175 255 154 248 255 0 0
    0 255 255 27 239 255 193 255 49 255 13 50 103 223 204 255 121 66 0 0
    4 120 63 255 1 0 0 111 241 0 236 8 255 255 226 93 211 11 218 72 255
    46 255 122 255 255 38 69 39 137 0 147 0 0 118 156 75 105 161 255 0
    154 20 0 233 90 6 42 255 255 255 255 216 243 255 236 19 111 0 32 32
    148 97 255 104 206 0 255 0 0 11 189 0 255 255 175 49 255 1 179 170 0
    209 25 75 33 102 115 22 229 0 255 255 255 140 0 76 0 107 87 44 180
    116 0 117 165 124 169 71 3 255 0 35 39 255 0 255 36 255 0 215 171 56
    255 30 255 87 0 161 58 255 79 0 111 13 132 255 132 255 0 255 0 0 62
    255 189 87 175 63 67 255 248 133 0 180 32 126 217 255 255 187 29 0
    255 255 255 240 255 0 143 178 255 255 90 255 0 246 214 27 90 0 68 1
    66 145 255 141 255 255 181 154 0 0 27 176 139 160 0 168 255 136 0 20
    145 186 238 173 143 255 0 136 255 141 0 210 255 255 0 0 255 110 150
    152 70 47 0 116 159 143 139 130 52 0 42 235 55 255 212 0 255 0 0 70
    133 59 255 136 77 0 128 255 154 198 242 60 255 222 3 136 178 0 255
    131 215 72 83 175 172 174 121 219 255 239 0 255 41 0 207 41 30 83 0
    176 255 255 255 116 150 255 255 0 0 11 45 18 125 136 196 222 60 255
    32 66 255 0 18 0 57 255 255 54 180 78 255 217 255 200 0 86 255 229
    255 103 80 26 140 255 4 127 134 107 26 0 255 174 0 70 251 121 51 255
    168 160 255 216 0 255 137 114 255 0 0 241 0 231 255 11 254 0 224 181
    18 206 249 15 217 255 184 255 25 82 178 252 239 11 0 253 65 1 251
    173 124 247 0 64 0 147 222 4 172 250 44 0 12 128 188 57 33 255 255
    181 255 165 10 34 73 0 0 40 48 255 45 192 35 165 250 0 0 239 117 232
    255 21 210 19 10 168 59 0 0 151 12 239 73 255 236 255 214 174 0 13 0
    255 211 0 75 43 75 165 66 255 0 0 129 255 255 157 94 217 104 41 198
    60 255 255 59 116 0 255 98 133 0 106 222 255 255 0 226 13 122 27 0
    174 0 157 95 0 71 150 255 255 255 218 0 250 129 138 163 53 0 0 0 129
    197 244 0 164 74 255 110 225 127 132 24 0 99 255 0 248 79 243 170
    191 127 35 255 152 113 255 70 0 176 187 165 255 0 255 255 24 241 41
    0 3 101 0 148 255 0 105 16 91 169 45 238 0 0 102 0 0 0 112 255 126
    255 69 141 122 46 39 0 7 41 255 0 0 216 0 48 125 75 162 2 255 0 255
    255 30 169 154 40 255 0 255 38 77 17 67 242 125 0 255 94 229 207 0
    161 205 209 255 146 0 0 179 0 0 0 239 103 216 183 92 0 157 255 51 0
    0 84 213 0 98 29 237 167 0 0 255 255 94 126 0 141 116 202 124 152
    255 255 255 78 200 255 189 255 205 196 255 247 255 9 0 175 155 138
    54 8 74 70 255 255 154 248 42 255 0 33 124 59 12 255 0 56 131 0 144
    214 0 88 26 0 84 255 255 0 187 219 0 217 111 0 69 173 255 82 137 231
    253 168 0 255 98 255 255 205 144 0 68 227 244 159 219 65 118 191 255
    38 255 162 128 255 250 80 117 0 255 255 228 0 44 4 0 161 183 0 0 0
    82 139 255 0 49 255 0 149 87 137 0 0 224 16 255 0 255 94 4 201 0 45
    183 255 255 165 255 255 0 114 194 214 79 255 182 0 0 50 0 255 0 99
    255 76 255 255 164 97 113 255 144 213 107 10 100 255 38 255 251 232
    158 202 220 217 255 64 255 255 0 0 198 18 0 60 40 69 74 255 255 0 25
    31 52 78 14 0 55 127 111 59 0 229 255 95 77 82 169 245 255 81 255 69
    255 255 116 152 255 56 255 71 180 0 148 0 255 255 51 184 177 255 2
    23 91 0 10 28 0 255 0 196 38 255 254 68 255 79 0 37 0 14 0 0 188 71
    77 170 0 0 255 218 72 91 224 164 186 124 74 30 143 255 134 0 78 236
    187 255 216 230 175 0 0 255 143 255 0 35 115 87 87 0 219 255 0 251
    52 16 8 153 73 154 0 174 37 0 237 0 236 255 177 58 255 48 255 255 0
    0 10 0 90 161 170 7 249 85 189 125 157 175 255 0 255 215 148 135 179
    25 83 210 255 255 200 255 139 240 0 255 255 0 168 89 0 98 159 1 249
    255 222 63 255 255 255 255 78 53 65 0 101 255 14 213 0 78 0 135 255
    16 190 255 255 193 62 193 175 52 9 255 206 98 246 146 255 152 22 255
    0 204 84 0 100 143 255 87 178 107 0 225 255 47 0 74 118 107 0 191 22
    79 181 234 255 0 56 1 39 144 0 255 203 255 0 141 157 0 248 0 206 255
    255 29 255 242 166 0 150 82 5 0 0 181 255 1 0 255 45 8 146 40 255
    255 147 24 255 193 0 159 164 153 219 71 235 77 35 255 12 181 255 0
    82 255 233 30 73 255 140 0 47 0 86 0 155 51 0 49 97 0 0 168 35 165
    75 255 172 97 48 255 0 23 0 38 255 211 167 160 255 54 0 249 6 0 0
    244 255 0 220 174 255 0 46 245 74 143 0 255 255 176 64 255 0 117 0
    255 76 0 0 255 0 255 255 255 240 0 0 255 111 191 255 0 4 255 208 72
    210 255 82 32 243 199 79 136 255 246 38 5 23 43 61 77 118 0 255 241
    255 255 154 129 0 0 210 255 186 0 255 51 71 255 255 252 255 112 0
    198 137 255 0 173 63 99 24 236 54 255 139 139 0 0 0 74 0 0 0 72 255
    255 0 229 228 155 255 255 255 172 101 250 124 154 11 89 255 255 186
    255 228 173 255 255 0 0 223 204 255 35 2 130 48 0 0 0 0 0 113 227 0
    0 31 255 255 88 255 168 0 2 161 255 0 255 255 125 136 0 225 147 161
    0 202 233 133 0 0 255 60 255 234 30 139 255 208 0 76 130 116 79 42 0
    88 203 131 0 41 160 255 0 220 53 255 11 0 255 177 255 127 248 47 134
    255 0 104 0 0 10 140 19 255 105 255 30 0 171 0 151 0 243 40 0 0 242
    255 153 133 16 36 240 185 255 142 93 124 185 24 163 0 0 255 255 2 99
    75 0 138 169 209 80 174 0 10 186 0 255 233 158 213 5 181 173 0 0 0 0
    164 0 187 245 13 34 115 255 98 242 100 239 244 0 0 0 0 38 117 216
    186 159 184 248 121 28 70 186 0 224 209 0 89 255 0 0 110 199 26 95
    22 0 94 131 139 0 20 0 255 0 147 85 0 109 230 174 68 255 229 2 0 75
    224 218 211 28 0 12 38 0 145 134 37 0 14 155 0 35 154 0 255 255 126
    55 69 25 48 0 0 0 168 0 255 104 0 0 18 34 246 0 255 79 0 40 192 0
    203 0 222 11 255 33 31 254 255 0 171 157 171 255 255 0 56 255 23 49
    0 1 225 70 244 19 146 255 189 255 255 255 64 0 105 180 252 0 43 109
    136 15 42 255 191 248 255 227 51 224 255 70 81 49 192 0 61 255 0 100
    255 152 127 117 224 109 231 218 0 75 218 255 31 217 0 215 55 30 255
    62 0 132 214 255 102 173 255 0 255 209 29 72 93 253 131 246 111 230
    40 135 226 112 0 170 0 118 255 143 93 0 91 189 176 48 0 50 241 61
    103 39 157 255 103 204 27 118 234 39 121 255 228 50 245 11 239 0 191
    214 15 0 255 177 84 0 22 0 0 0 28 172 0 0 255 48 105 199 0 242 255
    255 240 252 192 204 237 0 204 142 0 144 209 34 0 255 29 0 199 0 0 0
    206 73 222 255 255 68 255 255 228 98 55 52 214 51 0 8 0 255 131 255
    194 26 165 229 195 255 113 7 75 195 255 255 174 255 13 241 255 255
    255 255 27 139 112 255 230 255 0 236 29 1 176 150 233 84 212 167 76
    219 0 0 0 255 223 92 255 14 0 66 112 255 0 0 4 0 255 15 196 0 216 73
    47 244 255 0 171 72 51 9 89 30 0 119 0 230 122 134 196 24 0 118 255
    104 255 117 175 99 59 213 0 78 156 0 30 87 18 255 185 0 161 147 46
    78 29 89 255 180 223 23 201 255 143 0 13 54 64 182 8 66 135 222 232
    241 11 92 0 106 0 113 85 0 117 242 255 50 231 255 215 255 153 134
    117 213 0 126 125 255 232 255 0 255 0 155 248 0 232 57 0 255 133 0
    76 154 255 0 159 255 212 10 0 255 157 255 95 102 170 94 255 50 63
    237 247 243 171 244 56 253 147 255 156 0 238 55 93 236 0 6 185 85
    255 190 255 183 14 107 0 35 0 255 54 88 255 93 235 200 230 32 50 29
    215 0 0 165 0 0 252 219 47 127 206 53 164 62 0 255 107 124 3 98 0 0
    118 64 83 224 219 25 182 49 252 216 217 255 255 219 179 255 255 0
    101 42 98 165 225 101 255 0 252 14 255 102 20 232 255 31 254 255 215
    184 0 221 0 0 0 0 0 209 116 14 255 158 217 172 97 142 255 0 0 0 83
    189 255 115 164 211 193 0 0 76 88 0 245 96 188 255 22 0 85 79 0 255
    255 0 98 244 255 108 67 157 255 246 188 0 40 244 255 9 0 251 219 61
    0 121 252 14 145 255 168 255 164 130 255 196 0 110 231 223 32 97 145
    165 0 183 78 196 255 36 0 255 0 255 255 143 201 143 45 201 140 36
    176 10 95 0 255 0 255 136 255 89 0 255 255 203 255 52 255 0 124 101
    97 89 0 169 109 0 121 0 248 239 173 68 175 255 90 36 255 226 0 174
    214 255 255 177 243 114 183 255 0 0 150 84 29 31 155 255 86 255 207
    163 29 255 167 250 0 37 142 69 0 158 70 108 152 201 75 70 162 35 229
    144 0 0 154 119 89 139 0 255 68 26 142 2 185 0 193 18 255 0 154 76
    255 193 255 52 255 255 47 175 255 255 252 237 0 0 69 187 96 64 205
    253 218 200 96 222 6 95 0 194 202 0 165 0 137 255 121 0 29 0 0 255
    209 7 0 225 252 207 64 0 0 248 68 0 255 119 153 58 193 0 127 200 0
    112 213 255 252 162 249 149 46 5 151 164 182 132 255 33 242 68 27
    180 234 66 182 255 255 180 255 255 255 125 35 89 41 18 224 108 244
    255 112 255 174 50 255 22 147 8 80 127 56 102 96 155 39 0 207 89 0
    12 0 157 232 78 0 53 0 81 149 77 166 200 255 164 255 95 255 255 158
    231 250 112 174 229 255 111 0 0 0 0 44 0 255 0 255 255 237 0 0 255
    125 152 0 87 255 171 113 84 36 0 83 92 133 78 104 44 255 111 53 0 48
    0 255 255 113 255 0 0 76 0 72 233 255 68 137 255 255 255 117 52 77
    36 255 255 30 145 0 255 18 208 0 194 255 106 153 138 243 56 0 0 189
    148 0 122 238 247 25 0 75 121 132 255 226 189 255 0 171 141 148 0
    255 0 0 7 46 255 126 81 0 195 31 0 0 0 45 217 196 209 255 4 27 10 0
    82 247 0 0 13 212 0 0 255 0 173 87 102 127 255 136 244 241 180 68
    194 194 75 28 59 85 128 149 255 255 125 135 221 163 179 1 255 67 255
    164 255 255 15 255 0 180 255 160 24 4 70 45 225 255 42 255 196 192
    97 255 246 76 255 73 255 199 0 0 70 113 255 255 205 60 0 131 26 239
    7 35 14 127 80 181 88 0 67 130 0 19 0 255 84 0 255 182 9 100 113 255
    93 227 238 159 0 37 21 178 255 255 157 252 182 221 31 255 32 61 112
    0 221 86 192 116 168 238 0 56 255 62 65 164 255 253 21 196 138 0 191
    49 243 11 255 0 255 130 0 255 255 84 51 22 183 230 130 255 0 255 185
    87 0 92 139 157 255 11 91 0 74 135 113 36 0 248 108 172 105 0 224
    255 125 0 0 229 0 0 11 255 124 153 255 0 10 244 0 0 176 0 216 46 0
    255 255 0 160 255 172 0 93 226 117 0 100 0 0 141 255 153 222 255 0
    137 0 66 255 255 131 251 90 49 16 231 255 0 82 0 125 143 209 255 208
    83 255 255 230 179 50 81 94 59 0 118 38 218 0 213 49 171 255 255 96
    0 247 102 255 0 18 75 0 56 97 153 235 135 203 132 69 255 202 255 255
    144 131 0 0 184 255 0 179 255 156 149 0 0 0 0 0 41 0 255 255 40 0
    179 119 0 205 38 0 132 142 13 12 170 0 79 255 0 80 204 0 255 88 105
    0 144 0 162 125 255 79 128 69 0 82 86 104 146 246 64 91 0 61 20 126
    108 216 118 255 58 241 140 215 255 171 0 255 198 0 130 0 49 155 70
    189 149 255 60 0 255 0 251 59 255 255 0 109 215 233 180 122 0 150
    255 255 0 255 166 33 106 157 21 0 0 253 251 167 82 255 255 183 1 45
    222 0 105 0 0 198 0 73 247 32 0 255 71 224 233 214 187 144 63 0 255
    0 255 0 255 255 234 255 255 237 71 0 99 0 13 239 177 69 237 0 50 54
    205 0 0 0 194 171 164 255 102 0 132 107 255 0 255 0 124 62 176 252
    51 255 71 255 99 235 85 117 255 79 191 106 251 172 0 255 35 207 255
    182 154 207 223 255 249 52 232 21 111 77 237 47 0 0 255 218 227 126
    53 89 80 0 204 166 38 57 62 255 195 5 255 107 0 12 87 0 181 188 0
    244 5 255 36 255 5 0 5 109 0 6 23 255 182 255 255 255 87 73 11 0 255
    0 255 255 0 255 255 0 155 96 136 216 114 255 41 255 255 0 251 255 64
    0 0 0 32 46 255 0 60 255 51 104 1 255 247 5 13 255 54 191 64 57 231
    218 255 255 255 241 90 95 0 140 228 63 95 0 0 169 91 0 0 159 0 101 0
    45 70 203 255 88 255 255 0 255 255 20 0 120 255 53 0 255 0 0 144 132
    69 255 5 255 206 0 255 77 58 255 232 0 213 0 160 255 49 228 235 10
    187 91 0 0 255 206 0 93 194 225 166 204 144 207 255 18 171 255 249
    224 255 255 6 69 106 111 255 10 8 0 181 208 115 94 184 95 159 42 184
    180 175 255 0 92 0 159 0 0 208 152 190 255 0 81 229 0 49 150 253 250
    86 209 178 255 27 173 59 255 0 0 47 244 39 53 33 162 255 253 0 159
    187 65 255 0 99 255 51 144 155 45 109 189 86 0 132 255 78 255 199
    255 243 255 28 231 178 255 213 228 3 28 117 255 0 255 215 190 211
    121 40 0 153 40 85 68 173 0 255 113 202 255 81 188 57 97 147 250 255
    255 223 0 255 255 115 128 4 101 187 0 177 119 0 133 111 255 197 0
    255 0 177 0 252 0 21 213 91 29 255 0 238 182 252 173 255 255 0 53 0
    38 157 179 77 145 255 131 0 176 239 27 111 182 127 147 82 255 186
    111 0 185 187 35 0 202 109 165 0 3 255 0 66 164 231 111 167 106 118
    44 63 121 22 0 255 199 255 0 101 50 86 239 190 76 181 255 255 255
    179 255 0 255 255 218 255 85 161 41 1 0 0 195 0 64 164 85 0 48 0 22
    191 9 255 0 255 59 59 0 118 158 205 0 111 219 105 150 23 128 244 0
    191 83 0 129 184 133 160 172 255 0 44 18 0 0 255 184 108 0 132 26
    169 15 255 29 33 0 247 255 118 255 255 0 201 15 5 255 239 76 204 0 0
    0 18 0 142 187 0 255 39 148 115 21 0 0 11 40 255 116 0 209 23 0 0
    240 255 199 255 41 0 245 255 30 156 35 5 255 63 191 255 255 255 222
    255 255 0 255 181 0 0 70 151 255 57 255 133 197 156 191 98 255 96 0
    123 255 210 255 0 216 0 39 0 0 180 255 51 129 156 31 255 0 16 32 186
    209 0 0 0 0 255 35 202 255 57 255 0 67 0 0 69 0 96 255 0 0 0 143 162
    213 59 0 0 23 177 65 128 118 250 24 95 113 255 180 106 0 255 255 37
    255 239 176 11 242 255 255 231 255 185 255 52 237 102 23 85 243 208
    167 255 170 255 0 0 217 93 255 68 91 114 255 125 0 8 255 0 97 25 110
    48 5 0 0 211 0 0 255 136 255 34 144 0 230 229 255 0 255 255 218 15 0
    44 251 0 22 91 32 99 173 172 165 196 216 121 0 255 129 255 255 134
    255 0 205 191 171 80 209 0 0 143 144 251 0 160 255 105 85 255 197
    255 106 169 228 212 179 163 0 140 213 153 0 110 245 108 188 162 163
    96 255 54 100 255 253 200 0 111 197 255 0 206 152 255 46 161 0 155 0
    0 17 193 226 191 0 0 179 0 156 255 255 155 89 104 255 209 230 208
    138 255 117 0 227 162 112 89 0 9 0 0 210 119 0 0 0 73 187 0 0 172
    122 0 0 65 231 4 255 125 111 153 60 0 0 95 173 182 6 22 55 0 255 255
    14 52 12 0 82 0 179 255 255 96 144 233 255 249 150 144 86 33 255 235
    255 133 255 80 61 43 174 200 0 0 222 5 4 216 205 232 0 6 82 249 0 0
    126 186 0 172 166 82 95 0 151 174 239 60 255 234 164 40 201 255 73 0
    255 255 23 0 35 252 0 0 234 121 255 57 0 0 172 147 80 99 160 255 219
    243 217 229 54 232 68 0 179 75 255 39 0 255 101 0 202 255 0 229 196
    0 217 32 158 222 255 0 255 214 0 255 255 5 190 255 208 255 96 255
    255 200 52 0 162 211 197 0 0 204 172 219 106 7 0 170 119 0 240 165 0
    117 44 0 255 255 183 0 115 255 24 189 84 44 32 255 255 255 71 36 186
    236 0 143 0 73 98 0 230 169 0 255 235 255 125 128 255 155 14 255 212
    26 0 97 222 0 255 139 67 255 255 152 0 255 255 0 0 255 140 112 135
    102 0 19 178 91 93 171 0 23 108 12 100 169 253 95 117 76 0 255 0 255
    143 16 232 16 27 255 255 16 16 0 255 85 181 0 0 57 114 17 201 0 82
    255 212 250 163 65 0 96 0 0 0 0 0 255 255 134 192 247 255 217 82 155
    41 0 229 127 0 255 210 118 0 0 11 0 255 213 0 255 186 240 0 0 83 74
    0 97 0 252 94 0 44 143 0 129 165 0 137 0 100 161 194 187 166 16 0 0
    55 61 0 223 52 23 160 0 0 2 255 255 6 255 161 35 255 139 44 0 168 75
    230 4 110 87 123 0 241 217 229 212 157 22 210 152 255 142 0 94 196
    235 206 159 155 0 46 255 161 163 129 16 0 255 255 55 0 226 15 50 195
    32 67 0 183 45 255 255 201 255 255 254 255 12 0 194 255 146 255 188
    86 0 60 0 255 255 10 100 15 250 159 188 115 32 255 0 255 0 116 38
    255 255 98 249 55 0 255 29 255 217 0 255 233 104 255 255 106 39 242
    0 0 112 198 255 206 218 255 117 168 255 250 104 89 255 126 87 26 0
    30 109 255 130 0 232 0 255 255 255 59 48 157 64 87 122 255 119 143
    42 232 121 37 141 0 176 0 255 0 174 246 255 44 160 255 57 137 107
    157 0 255 137 31 137 117 100 0 255 0 0 0 250 75 94 228 193 217 86
    255 0 33 104 255 0 188 111 255 255 179 55 255 1 0 56 86 255 255 247
    143 34 180 0 191 211 187 122 210 255 0 194 0 0 67 255 236 206 151 35
    9 0 111 255 0 255 255 212 51 157 133 98 46 254 245 102 216 191 0 92
    0 0 255 0 76 1 255 255 0 10 255 159 181 80 153 0 255 15 187 33 0 255
    173 255 73 0 255 209 255 133 213 83 0 0 206 34 219 255 255 173 255
    151 71 255 53 0 103 13 23 236 93 153 250 0 175 157 195 255 191 155
    118 0 105 64 0 254 255 200 255 0 255 255 0 255 126 136 233 9 255 255
    255 35 0 179 0 16 228 225 0 227 173 26 24 232 0 255 140 71 24 211
    115 255 0 61 255 255 116 62 0 128 139 165 228 255 177 67 0 227 0 88
    42 0 204 0 183 255 62 0 41 104 186 255 0 198 140 239 0 87 41 214 244
    0 27 255 159 0 172 255 255 255 255 56 255 255 239 95 0 255 232 21
    215 240 255 0 39 255 30 185 103 141 21 187 255 0 255 99 122 255 67
    62 156 123 0 84 127 0 109 171 14 66 235 252 0 255 56 4 10 199 0 132
    255 13 32 255 86 20 228 32 64 34 250 234 32 33 255 0 167 0 0 239 0
    112 28 113 27 233 0 255 235 229 51 0 234 255 252 41 0 157 220 255
    255 23 0 126 241 53 255 0 27 255 66 118 144 219 255 214 0 0 82 63
    189 0 255 25 2 72 0 195 252 255 255 0 117 143 255 255 0 235 175 255
    0 192 87 6 255 255 111 255 216 170 253 0 53 5 255 99 140 0 149 145
    255 85 0 47 249 58 201 255 173 0 204 199 173 252 128 0 133 229 150
    255 178 255 0 77 152 227 31 159 112 200 51 0 255 59 212 255 223 255
    0 0 72 0 121 143 16 74 0 110 15 119 255 255 243 35 255 43 0 55 139
    170 0 220 164 139 255 203 227 255 255 246 120 192 255 1 0 100 18 255
    0 0 255 0 0 255 0 0 174 4 116 255 65 255 255 247 246 255 0 219 255
    123 0 255 119 255 116 255 255 255 255 255 168 1 255 236 0 255 255
    181 21 0 237 0 255 255 220 0 228 64 105 204 99 255 255 0 56 56 246
    255 255 143 104 255 77 0 167 44 192 164 102 255 0 0 255 224 161 0 45
    0 206 255 255 0 114 0 255 0 20 237 57 255 189 0 255 15 0 14 117 128
    0 0 251 255 0 88 0 127 4 0 83 32 0 0 250 0 152 76 255 0 255 187 74
    255 0 0 0 0 0 167 0 230 0 255 255 255 236 255 192 187 112 0 142 8 99
    255 153 0 255 255 132 0 46 91 218 87 0 0 37 238 3 0 255 0 149 255
    204 70 83 76 19 0 6 255 142 20 211 119 72 0 62 255 190 230 0 57 0 0
    0 224 133 9 165 67 125 55 49 107 51 255 255 255 0 0 0 0 0 0 201 180
    8 144 0 143 0 0 200 79 145 73 2 171 6 65 48 84 78 190 202 62 209 54
    48 255 184 227 5 86 255 99 0 169 255 20 0 87 0 121 168 151 5 0 138 0
    0 109 8 255 147 0 255 171 255 143 192 10 186 255 255 3 61 105 31 252
    0 106 36 198 130 224 97 255 78 255 255 188 201 255 39 42 248 243 85
    9 144 229 0 0 0 7 255 0 0 172 0 0 39 20 13 181 30 22 0 175 255 249
    42 21 17 59 0 86 255 50 0 0 62 25 255 0 255 224 71 176 255 219 114
    185 255 0 255 209 0 131 0 14 34 0 255 36 126 14 170 173 0 151 0 255
    28 249 255 167 255 255 209 195 255 71 250 60 94 164 150 255 0 255
    255 196 90 255 62 0 167 195 170 255 168 2 134 0 230 251 216 220 124
    255 255 245 234 114 255 0 0 232 86 0 132 142 17 88 165 36 0 187 255
    0 255 255 186 141 39 153 69 248 9 103 56 209 43 47 255 0 13 120 89
    255 11 43 0 0 157 42 5 157 43 93 238 255 255 255 33 255 164 69 255
    92 161 178 190 0 0 67 119 102 85 255 126 255 255 64 0 255 0 115 183
    228 20 200 230 0 142 255 247 249 197 255 255 255 202 26 238 120 255
    184 218 206 202 252 255 209 255 199 223 0 188 0 230 93 32 255 0 0 50
    0 66 108 255 110 0 255 175 8 255 0 108 195 255 0 255 226 133 199 246
    208 0 0 164 100 0 255 250 0 57 0 88 236 0 255 190 207 47 8 255 104
    232 0 27 21 0 14 255 218 111 255 255 255 21 60 255 51 0 0 0 39 0 0
    167 200 30 174 74 255 84 255 148 2 150 0 0 23 39 255 67 123 40 255 0
    226 59 198 32 0 163 255 0 255 193 0 146 195 171 240 80 173 174 173
    255 255 228 188 50 98 26 186 141 93 255 118 255 191 255 29 15 255
    161 131 0 255 119 177 165 57 1 255 76 158 163 0 230 119 255 25 255
    255 65 0 90 0 255 255 49 89 206 0 122 255 36 177 0 188 0 72 86 26 98
    103 122 195 255 160 197 162 141 166 246 0 255 0 172 139 130 20 255 0
    122 0 48 187 37 45 0 199 0 156 175 36 124 255 36 255 174 211 49 18 0
    152 233 153 255 133 0 71 0 119 41 83 240 89 123 72 0 0 22 83 255 255
    0 14 0 255 255 255 236 0 214 224 92 255 82 0 255 255 114 255 2 255
    189 255 152 255 214 255 13 151 0 255 255 0 255 200 139 37 30 88 42
    215 0 124 168 39 189 146 171 215 150 0 183 50 0 185 118 255 0 0 0 39
    91 255 192 169 78 126 171 9 222 0 255 80 163 255 255 255 159 212 222
    69 0 67 0 47 139 202 229 104 0 70 0 255 255 183 177 79 69 0 186 255
    176 20 54 156 255 255 255 129 255 39 149 222 151 137 142 5 246 255
    172 126 0 181 69 124 92 0 159 120 0 130 0 255 0 38 255 0 46 201 238
    255 14 255 154 225 88 255 255 159 242 0 255 0 175 79 175 8 157 255 0
    142 0 193 255 114 0 255 255 188 255 77 22 214 37 235 16 179 58 249
    51 98 243 255 60 255 0 95 79 0 249 46 0 117 0 171 255 0 15 129 255
    182 30 33 165 161 145 47 255 142 255 0 0 255 0 255 22 0 0 188 78 67
    251 52 255 255 92 255 255 200 6 178 250 131 38 22 0 73 24 130 0 120
    58 235 0 0 255 26 255 0 224 0 50 221 255 229 83 214 255 35 37 255
    114 32 177 0 41 106 174 187 255 255 83 0 90 91 239 15 0 0 255 0 0 0
    249 255 150 171 255 64 107 255 151 224 255 212 255 56 0 0 0 211 208
    99 107 112 0 124 221 0 221 84 18 0 138 0 26 0 254 72 0 131 17 207
    255 255 11 255 25 250 250 167 187 0 255 217 123 255 127 156 54 196
    255 117 1 231 12 255 0 133 252 0 246 96 132 42 255 14 0 74 107 69
    157 255 255 166 255 6 227 255 0 32 255 22 242 255 139 90 44 14 40 22
    255 255 0 12 255 255 46 255 232 255 145 255 62 6 6 144 171 228 4 255
    6 80 0 190 21 0 143 74 0 124 238 77 0 41 232 0 0 44 238 146 0 216
    150 155 0 196 255 37 16 255 176 87 255 69 199 132 216 0 255 218 0 41
    84 0 193 0 174 0 172 170 250 0 0 37 140 66 0 223 184 170 207 255 255
    176 0 44 255 0 0 0 149 166 185 118 254 204 83 235 231 255 10 255 41
    45 0 0 255 215 30 0 41 49 154 181 255 255 13 0 254 71 208 0 255 0
    125 152 0 166 159 254 243 255 214 23 23 0 255 215 64 4 255 199 0 0
    38 89 12 255 0 185 245 0 218 84 0 0 24 255 0 224 153 202 0 78 78 235
    17 20 149 255 191 255 255 70 23 133 0 255 255 207 0 41 181 6 235 0
    119 24 108 123 6 13 146 0 22 250 255 255 0 241 166 16 47 255 0 91
    246 154 208 221 43 131 255 214 8 238 153 78 63 62 107 255 255 251
    229 0 10 255 108 73 255 222 255 85 197 192 222 229 108 125 255 228
    205 0 166 255 232 80 255 207 255 0 66 255 80 191 0 49 17 16 43 255
    26 0 24 219 202 136 180 66 87 0 0 57 255 255 255 64 189 101 118 66
    255 224 0 180 176 224 30 33 178 0 0 255 0 238 190 215 0 0 255 106 97
    128 222 48 62 247 0 194 0 0 57 0 0 250 133 65 189 76 252 138 0 0 118
    8 0 255 224 0 204 0 0 0 69 0 255 64 91 0 142 52 0 170 105 208 68 155
    0 0 137 0 0 77 255 133 63 45 255 255 0 65 0 205 21 246 245 0 214 0
    184 151 0 0 33 255 157 41 0 11 177 133 4 0 225 255 135 135 117 66
    255 59 0 53 255 92 0 190 255 0 36 107 0 0 98 0 150 0 255 60 208 205
    255 0 18 129 129 52 123 216 148 0 140 239 161 255 90 0 248 255 93 0
    255 255 167 255 255 16 255 252 165 255 84 255 224 0 0 60 129 5 0 119
    168 0 70 0 182 0 101 176 147 216 148 255 0 59 0 0 55 149 0 255 255
    94 168 215 0 39 131 0 0 70 255 0 253 48 255 14 0 0 255 212 223 254
    255 120 0 136 89 169 240 0 118 26 191 255 43 70 174 255 255 219 255
    9 36 0 233 123 18 255 0 255 95 0 255 0 174 255 255 110 40 136 43 0
    255 153 207 120 167 155 236 53 245 224 135 175 132 75 76 218 119 195
    251 0 26 73 210 216 29 0 143 163 255 43 57 156 144 0 152 59 29 72 45
    68 191 187 200 188 0 118 95 255 252 238 255 0 0 61 172 252 12 14 0
    140 70 23 142 76 29 0 75 98 70 255 255 42 255 0 0 255 255 0 203 56
    193 255 255 89 108 252 176 173 149 0 51 106 86 173 138 114 7 12 255
    0 0 255 0 0 69 0 234 0 201 168 228 191 255 134 230 241 160 255 214
    28 255 56 156 179 184 34 77 27 0 255 0 0 0 0 255 147 255 228 0 171
    21 173 27 210 205 0 236 0 255 60 100 181 188 0 0 166 101 0 175 0 35
    198 0 246 67 0 0 252 67 255 161 255 23 0 39 255 113 255 186 0 193 27
    255 51 131 0 0 0 255 160 16 7 236 230 195 145 21 192 174 132 89 255
    107 33 119 255 0 255 255 255 6 255 248 0 157 130 181 78 69 27 36 132
    135 0 26 255 122 255 246 105 25 70 0 255 0 255 169 58 0 10 107 0 1
    255 139 0 255 190 143 54 204 139 99 15 58 255 57 8 227 239 7 0 67
    185 255 255 255 255 92 53 111 237 220 0 255 137 0 164 106 255 42 255
    246 134 194 221 44 246 110 0 115 12 255 212 159 36 255 53 146 0 109
    22 201 255 12 0 59 130 125 134 38 255 171 87 218 172 255 0 255 27 0
    226 240 181 177 138 160 151 21 255 150 126 36 117 0 255 168 0 136 0
    255 255 238 255 193 255 17 70 255 160 0 153 0 99 0 24 255 59 31 110
    58 100 0 255 255 255 24 154 20 0 150 132 244 57 255 98 18 156 190
    226 58 155 110 11 208 255 159 63 0 255 46 255 255 248 40 50 0 65 114
    65 181 0 24 146 1 190 255 0 209 181 0 255 255 0 255 166 186 0 27 238
    170 0 0 12 45 0 91 249 124 245 219 0 0 151 59 241 125 0 119 98 0 82
    255 7 247 255 112 99 0 77 255 141 203 186 155 111 115 91 255 255 0
    241 17 52 0 68 53 19 9 200 44 125 187 101 176 255 0 0 255 0 21 0 133
    189 85 2 84 20 0 45 255 0 211 189 214 0 0 21 0 191 128 253 107 255
    241 9 0 255 20 31 168 0 222 139 241 0 255 152 0 0 255 189 189 0 1
    255 109 81 123 22 77 17 40 115 191 149 191 226 71 58 58 12 0 191 185
    188 15 153 223 255 255 89 136 255 255 160 240 0 143 28 248 255 45
    255 216 0 37 0 189 255 122 242 255 0 255 14 60 0 166 161 0 31 134 74
    4 204 36 9 83 212 5 225 3 254 255 111 19 24 0 0 0 255 156 158 113 72
    0 255 210 255 37 255 0 148 61 221 255 177 152 213 114 111 255 248
    227 7 255 85 255 253 242 0 178 0 255 11 39 0 0 62 0 0 138 0 150 255
    179 255 1 248 255 0 255 0 47 255 120 255 163 0 255 255 47 0 201 0
    108 0 226 153 50 255 255 255 255 176 136 0 46 255 0 98 140 170 46
    236 166 129 255 182 0 0 138 0 255 0 123 0 114 219 5 255 255 233 90
    38 255 22 95 255 0 48 0 0 0 0 255 68 147 0 155 27 255 0 131 235 0
    179 255 0 0 28 0 190 120 150 93 255 0 255 152 30 51 255 139 196 29 0
    45 8 255 255 227 33 190 255 190 205 0 255 245 255 80 57 207 21 255
    63 0 179 57 97 122 193 159 255 231 179 61 94 255 255 27 255 156 45 2
    190 16 0 63 113 255 44 255 234 123 255 255 255 255 255 1 93 76 100
    24 133 255 129 255 86 162 0 0 165 229 0 156 154 0 203 95 255 39 2 0
    208 0 156 0 255 125 0 124 255 145 255 20 138 94 0 0 0 0 26 15 130
    222 170 255 18 16 255 103 144 193 52 224 42 116 1 57 30 255 92 248
    18 195 124 70 60 43 187 119 255 255 0 0 21 233 255 7 18 7 169 13 188
    255 79 202 255 186 255 0 151 255 255 0 31 252 160 247 180 201 255
    209 112 194 255 106 216 22 255 103 0 255 255 202 144 253 255 0 47 88
    83 255 104 0 52 112 145 72 153 0 211 150 42 26 188 44 120 46 63 24
    255 255 0 147 167 39 123 138 166 202 24 255 239 255 138 0 222 242 0
    0 37 0 132 0 159 83 215 0 175 0 0 0 130 75 124 255 189 20 55 179 46
    0 223 176 255 42 0 0 236 120 182 198 151 54 97 0 108 204 45 190 58 0
    0 44 0 66 4 90 80 0 51 167 82 36 33 0 209 194 230 167 170 89 0 255
    153 96 28 115 150 255 206 255 75 0 144 156 255 157 0 255 180 0 230 0
    255 10 240 166 0 17 201 29 56 39 235 101 246 255 27 87 49 229 0 237
    255 96 255 43 255 63 255 29 2 71 17 0 0 104 255 95 92 167 255 0 221
    246 0 187 139 255 0 200 200 187 255 0 251 222 0 255 21 0 255 164 255
    249 37 184 230 255 169 0 13 37 206 255 0 38 255 138 222 239 189 0 0
    191 255 255 127 178 255 130 85 130 129 83 54 228 68 22 255 163 22
    191 0 205 38 40 0 251 126 98 255 255 0 68 101 255 252 170 42 255 155
    255 0 0 119 255 255 213 141 144 152 250 47 170 154 2 117 245 208 0
    75 228 9 229 255 255 0 0 251 220 255 110 188 91 255 0 255 255 53 255
    236 6 35 200 57 255 20 0 250 207 0 110 211 162 72 255 248 203 244 0
    255 220 255 197 255 6 255 44 255 177 227 216 255 174 45 149 0 143 65
    0 153 26 0 255 30 231 84 43 255 167 152 6 107 54 40 0 255 255 84 115
    81 117 62 18 255 108 104 0 16 106 0 0 64 153 165 255 255 68 0 66 179
    54 0 0 0 131 37 235 38 131 28 106 225 144 40 158 0 159 175 10 255
    210 111 205 205 3 0 152 231 172 0 159 224 249 118 114 9 130 210 0
    255 255 71 172 46 166 118 160 255 140 255 190 143 119 88 199 255 0
    200 36 156 110 99 24 198 10 255 71 194 243 227 255 49 1 255 0 0 0
    165 105 33 255 146 216 255 255 116 255 24 197 0 105 47 81 0 64 255
    36 230 255 72 86 250 16 0 8 180 92 0 144 232 62 0 255 225 255 21 111
    255 0 87 0 0 216 69 102 255 75 126 255 241 0 48 255 24 27 255 81 255
    0 181 219 255 255 0 112 255 43 189 36 255 0 92 219 191 238 63 42 198
    0 255 196 239 255 255 46 214 79 247 104 255 92 2 55 240 247 164 17 0
    255 182 0 226 43 241 211 255 205 255 0 215 255 91 243 251 176 114 0
    181 61 0 246 225 106 0 0 57 134 123 242 255 140 0 255 176 0 116 254
    65 109 238 0 0 66 62 21 229 50 179 139 235 0 255 106 198 156 17 255
    220 0 144 222 170 139 39 40 39 175 0 255 36 228 250 0 104 111 0 0
    229 9 48 194 255 255 48 255 133 91 0 8 164 200 104 57 255 149 243
    225 43 0 113 33 72 218 100 24 117 237 159 0 255 135 255 129 255 173
    254 86 0 216 0 255 208 255 14 44 109 49 181 255 0 0 230 255 56 0 255
    108 244 119 58 76 0 214 45 0 0 0 255 56 141 255 111 0 255 45 0 255
    123 255 0 132 224 0 198 96 50 0 255 179 159 0 226 52 190 219 197 0 0
    32 0 104 208 100 86 28 255 36 42 255 255 223 156 255 255 0 138 220
    38 15 255 255 42 134 194 255 156 253 45 255 193 89 0 0 170 255 196
    255 0 112 0 0 255 0 14 0 53 254 184 49 250 65 0 192 255 255 192 0
    255 152 0 203 36 202 212 80 0 130 31 163 165 255 0 0 100 47 110 255
    220 145 88 72 0 148 29 255 0 255 244 96 255 255 200 234 196 238 0
    190 0 12 219 48 242 0 200 249 246 79 0 255 255 93 229 0 143 255 112
    63 255 255 255 190 255 67 0 0 162 164 169 68 167 185 228 0 121 21 85
    168 129 255 194 0 255 4 0 0 189 98 32 9 3 198 246 39 243 131 181 255
    111 143 46 166 70 161 0 215 233 36 41 0 0 213 201 0 114 255 100 6 93
    234 169 162 114 0 213 66 0 158 12 25 25 244 255 0 255 183 163 26 154
    132 121 141 36 168 196 65 91 176 55 203 106 145 113 151 255 200 0
    216 0 111 245 19 133 83 210 255 126 123 129 30 255 0 222 233 130 76
    200 255 189 0 32 0 0 211 98 0 0 185 245 0 5 0 46 103 108 0 178 138
    255 255 92 250 51 194 0 10 47 5 255 255 80 60 255 69 255 255 10 145
    92 255 0 70 13 255 43 178 85 255 82 217 41 167 0 52 255 235 156 124
    37 223 59 245 229 197 159 0 169 175 61 135 255 0 0 139 54 199 13 207
    101 0 213 213 255 218 105 57 0 255 0 156 202 0 21 0 9 133 217 255
    238 181 31 255 0 0 79 0 47 255 118 255 251 126 209 51 49 77 86 0 215
    255 209 255 241 255 0 255 144 92 255 154 0 255 155 255 0 219 192 0
    29 248 197 206 28 209 255 255 35 205 42 114 201 255 127 159 111 74
    255 238 187 142 82 255 129 72 125 0 0 182 31 161 182 229 52 119 255
    0 172 43 0 34 208 0 225 78 165 103 0 193 0 105 0 255 255 0 50 32 55
    149 171 206 255 211 148 126 255 121 255 145 255 255 99 165 8 60 255
    0 209 255 0 192 255 251 223 255 210 235 71 255 150 175 0 41 47 226
    53 205 255 255 71 0 184 255 25 0 59 25 121 179 173 78 255 229 229
    104 0 42 0 0 169 0 31 39 156 255 235 10 68 255 77 255 0 156 1 255 33
    225 255 0 144 0 0 255 255 122 206 46 193 255 124 97 159 250 201 189
    255 60 90 56 84 187 0 255 255 0 41 135 13 148 0 0 203 255 0 88 255
    255 28 0 255 255 55 0 112 0 254 170 0 125 160 56 26 66 107 220 0 165
    182 97 255 116 156 255 21 141 255 255 99 47 230 0 42 94 17 0 208 255
    133 0 0 255 223 118 27 255 123 255 31 0 0 141 211 0 255 61 84 249
    255 13 255 245 46 0 171 64 139 255 255 171 240 243 163 216 206 16
    203 42 70 180 34 0 9 255 74 66 14 255 239 0 49 149 176 179 37 0 155
    0 255 221 73 0 226 0 68 77 255 255 0 0 49 87 247 150 222 28 0 255
    248 53 50 0 255 0 255 165 136 0 0 0 0 198 149 73 95 0 57 235 0 74 99
    158 61 10 169 99 49 243 131 0 20 141 55 255 255 0 170 1 241 174 65
    158 195 0 70 241 168 112 0 30 95 255 0 0 255 15 255 238 23 255 0 170
    140 0 98 157 255 227 165 255 157 255 155 0 255 198 49 118 255 32 98
    255 0 65 36 0 188 246 255 89 0 146 134 141 0 255 207 255 191 26 50 0
    241 255 255 0 255 99 25 0 0 0 0 206 255 255 156 121 0 255 215 0 0 0
    0 210 0 63 26 0 161 48 255 255 14 223 156 141 255 255 0 255 169 226
    0 255 255 0 157 0 0 214 255 255 109 89 0 178 93 104 87 255 0 174 194
    255 167 0 0 195 161 134 39 255 72 18 132 143 74 66 255 0 255 152 255
    0 252 255 47 248 255 255 255 2 255 0 57 57 200 73 0 255 193 0 132
    140 145 119 80 120 255 216 68 109 255 231 0 50 125 255 255 165 255
    89 13 77 2 255 255 0 162 0 0 255 207 0 215 163 255 0 255 150 255 117
    255 66 255 126 80 255 0 255 0 51 5 46 36 255 23 82 29 92 255 162 67
    0 255 61 239 255 255 37 255 255 29 255 255 66 255 255 0 124 112 90
    255 255 86 245 33 41 172 162 216 0 138 157 216 0 79 47 68 170 0 69
    139 0 152 255 102 255 0 255 163 98 247 255 58 255 255 205 0 0 0 0
    255 255 166 154 42 0 0 14 254 59 230 249 182 0 255 229 84 0 106 0 49
    255 49 146 254 255 255 88 185 90 0 80 68 0 0 0 255 0 0 1 97 122 255
    255 64 61 185 169 208 30 220 210 0 255 255 231 0 36 189 68 109 81
    255 255 255 255 150 163 119 171 14 101 154 255 70 255 167 57 255 165
    249 255 91 138 8 51 255 181 0 72 15 247 0 42 103 0 97 159 134 0 0 99
    255 255 93 0 241 121 220 133 152 237 72 255 210 69 41 234 0 186 255
    223 255 161 0 232 0 255 0 255 171 0 12 237 100 37 82 166 179 142 0
    198 1 0 159 18 82 148 159 255 12 255 40 0 255 27 144 255 255 54 217
    255 211 225 114 122 226 100 0 144 187 16 66 28 43 0 255 184 148 255
    255 107 34 255 84 72 195 201 249 0 255 255 223 125 0 0 232 255 51
    142 17 255 4 202 133 166 27 241 210 49 255 0 132 254 0 69 50 236 16
    97 0 205 211 2 79 108 31 255 126 177 255 0 228 31 215 0 0 0 98 0 0 0
    237 87 80 93 255 240 179 20 98 131 7 192 253 89 255 0 161 0 75 0 108
    70 255 230 0 114 245 163 0 255 0 167 255 238 157 27 219 61 0 0 37
    255 70 106 37 92 0 255 255 255 255 0 140 120 7 26 0 255 186 255 134
    132 0 255 73 0 106 97 226 209 255 0 0 91 82 213 0 5 173 0 204 58 255
    213 108 55 61 12 0 147 244 14 85 32 148 199 0 0 255 88 0 0 138 255
    66 0 203 235 220 255 255 255 255 175 82 255 255 255 0 31 16 148 152
    255 238 115 89 220 171 229 27 246 255 226 8 149 255 254 255 153 98
    98 16 160 24 0 33 106 244 36 48 125 226 255 206 194 240 142 250 0 12
    0 255 255 147 159 255 0 186 104 236 70 0 0 84 97 241 182 24 4 130 70
    233 132 255 255 255 63 0 188 255 61 0 0 250 255 0 191 39 0 0 30 166
    0 226 181 255 255 147 48 99 255 104 0 225 214 250 0 255 230 255 151
    118 10 62 255 255 10 212 37 0 196 0 16 39 160 160 124 0 255 91 249
    194 0 212 0 255 255 183 255 170 31 212 222 248 17 255 69 0 35 0 255
    218 0 248 62 0 76 255 121 226 188 198 117 0 161 0 43 60 4 19 113 0
    175 255 2 200 12 22 56 99 109 46 255 0 83 0 26 0 82 153 127 58 185
    255 82 61 94 41 34 255 255 0 0 0 232 0 137 0 80 0 144 34 59 21 159 0
    6 255 14 206 219 255 255 0 253 233 25 209 255 76 0 168 232 0 160 0
    37 255 115 154 255 74 240 54 255 67 27 50 4 52 0 50 88 144 15 255 94
    228 110 0 0 108 240 28 137 31 162 134 239 161 0 211 243 0 255 22 54
    14 125 255 127 251 0 125 0 105 54 87 161 119 0 255 83 0 216 255 34
    255 151 255 196 233 255 72 0 183 255 61 114 99 175 0 0 135 255 175
    175 255 255 255 220 76 49 0 205 0 2 197 215 193 50 22 0 191 211 5 79
    197 255 26 13 122 250 255 222 0 50 201 0 132 255 35 0 166 255 151 38
    225 0 52 29 237 69 65 117 188 255 255 0 238 179 40 255 0 255 37 55
    116 167 59 255 5 13 242 160 255 218 29 0 187 0 0 189 186 43 255 82
    255 62 240 66 0 237 140 255 255 127 152 41 143 255 113 85 0 85 0 255
    120 64 122 152 0 229 126 0 255 255 165 0 0 255 0 0 132 255 227 200
    83 255 252 32 0 0 109 206 171 255 255 157 255 0 96 255 0 255 64 75
    97 0 255 104 255 0 227 0 52 30 0 0 201 90 255 255 0 0 255 203 15 49
    122 0 151 0 81 0 255 255 0 32 255 188 0 50 255 23 96 255 35 255 1 74
    255 202 0 255 255 125 38 75 0 255 255 0 4 132 135 0 0 189 255 77 133
    40 232 0 42 248 152 17 148 132 255 80 0 56 218 139 219 16 17 161 0
    203 216 56 214 120 92 199 95 136 255 255 107 121 0 0 198 0 255 127
    114 0 9 235 255 0 161 204 0 255 0 60 118 255 238 248 231 255 77 0
    195 111 13 92 255 192 28 64 0 18 23 91 84 49 255 50 229 0 28 202 192
    44 255 255 255 241 255 255 113 0 71 170 255 255 255 173 255 47 38 99
    229 0 84 68 149 0 146 255 166 101 0 255 0 36 148 244 121 151 116 255
    191 142 150 60 212 144 153 255 178 227 255 6 255 56 0 162 100 255
    255 88 136 137 0 0 0 14 14 0 0 248 255 185 147 76 255 255 135 255
    255 199 0 12 97 63 238 136 83 0 214 0 0 110 121 188 255 32 144 255
    150 100 173 185 7 76 255 255 116 84 250 252 255 0 255 165 151 146 2
    255 0 196 0 18 247 0 125 255 255 16 100 255 179 6 255 100 197 0 162
    224 255 48 81 0 252 156 186 255 0 175 0 255 255 54 107 107 255 42
    122 0 255 255 222 0 107 255 255 0 49 255 0 19 123 101 45 137 130 255
    199 46 204 77 255 255 0 194 223 0 255 198 94 0 210 179 122 191 235
    255 255 228 204 225 49 150 59 0 128 182 8 0 255 150 2 183 255 255 0
    219 81 0 0 0 255 255 15 0 255 255 22 0 152 0 204 255 79 199 39 0 255
    109 104 0 116 81 93 148 40 255 0 122 255 63 210 126 100 81 0 0 112
    61 194 77 0 111 255 0 191 0 240 255 82 0 222 255 92 100 255 19 0 255
    0 84 87 254 255 255 39 32 0 51 240 112 255 91 140 255 255 186 159 0
    255 255 185 0 176 87 255 255 6 26 255 202 37 74 0 0 232 112 76 69 0
    19 60 0 68 0 140 255 59 173 126 255 153 255 255 0 177 0 166 46 0 255
    13 190 174 100 255 0 148 203 0 52 180 0 190 56 67 15 89 93 0 255 0 0
    143 87 13 255 62 255 178 192 18 0 43 255 0 114 0 0 0 255 255 1 151
    187 0 160 127 255 0 168 158 220 255 63 13 50 224 118 234 255 126 188
    142 37 114 164 108 0 125 20 15 144 138 93 247 0 255 109 255 89 255
    255 0 255 101 0 203 0 131 207 255 0 56 0 0 0 167 0 39 112 86 0 95 0
    136 115 255 2 191 255 255 255 242 3 255 114 66 146 255 87 120 0 255
    21 0 10 191 0 46 255 0 108 155 104 224 91 69 26 165 255 44 255 40
    255 202 205 255 0 111 80 88 126 0 125 245 180 231 85 14 255 36 219
    255 94 255 207 255 225 0 255 189 98 0 197 0 255 127 195 225 0 71 251
    255 169 0 255 81 100 164 255 63 232 184 255 193 198 0 0 132 78 89 32
    0 0 0 170 255 196 228 73 222 167 255 60 0 255 83 206 255 255 0 255
    217 81 254 255 255 99 84 255 180 240 119 100 11 108 0 255 66 39 55
    77 227 0 121 164 77 179 0 62 11 70 0 12 6 0 255 255 18 0 92 88 1 201
    67 255 44 54 0 108 255 0 203 0 0 255 137 209 168 58 121 149 78 43
    118 206 239 241 78 255 255 255 255 9 249 0 6 98 38 171 88 217 93 87
    252 255 84 248 255 48 122 216 0 89 169 36 255 255 71 0 23 0 52 228 0
    0 4 0 144 107 24 136 0 0 255 0 249 0 85 255 255 0 15 28 0 104 255 29
    255 76 158 0 210 255 255 159 241 255 126 255 0 3 13 115 0 73 124 255
    162 0 255 174 0 184 23 118 255 98 50 255 88 59 169 208 0 162 20 190
    108 100 150 0 255 0 134 115 213 119 255 253 46 192 0 255 210 203 156
    236 255 123 0 255 165 119 255 0 161 0 131 244 44 0 0 194 6 58 142 0
    64 0 174 16 7 255 0 1 255 255 0 87 255 255 177 205 125 107 155 226
    249 0 149 61 0 155 183 255 255 223 255 227 0 108 0 255 212 0 139 203
    0 0 6 126 255 255 37 255 20 255 66 121 130 6 102 0 144 168 48 214
    182 11 229 65 0 209 19 0 0 99 85 0 112 228 223 241 37 255 234 3 34
    255 255 141 61 88 15 0 211 110 193 171 138 196 246 245 167 40 120 0
    147 217 46 233 253 105 196 78 255 99 197 16 55 70 72 255 113 170 202
    48 0 255 2 243 76 100 8 247 0 185 88 54 0 249 184 242 39 0 0 196 255
    55 255 24 108 167 221 95 177 228 227 234 0 0 7 236 150 0 43 0 195 0
    52 0 181 55 49 215 224 12 108 255 98 69 0 0 192 0 0 239 81 12 0 228
    237 0 65 45 255 0 245 255 0 30 0 163 84 255 130 247 97 74 36 108 0
    255 0 140 2 152 255 92 85 208 122 255 224 0 0 11 215 172 225 138 223
    255 255 0 0 218 74 50 40 255 255 20 238 0 168 15 0 245 0 242 46 255
    39 2 98 0 0 0 0 70 255 69 79 0 80 239 236 228 255 159 175 155 106 10
    160 0 0 0 237 230 56 0 103 163 103 0 0 255 100 245 216 255 174 194
    255 29 255 24 255 0 95 97 45 202 255 255 59 21 171 240 195 37 62 149
    212 72 77 148 205 28 184 3 255 193 0 164 26 140 27 104 0 58 83 43 0
    156 191 32 0 176 58 115 241 255 112 225 0 38 255 14 95 74 52 255 200
    89 190 103 177 255 0 89 170 215 0 163 0 65 255 255 64 25 131 204 255
    255 0 255 128 0 6 6 197 97 255 220 148 255 137 221 115 116 255 172 0
    86 255 0 255 207 217 78 189 20 192 99 0 41 64 148 31 201 0 49 162 35
    114 70 255 255 14 0 28 126 1 0 255 235 82 98 136 115 67 255 146 0 96
    229 58 0 255 0 0 67 231 255 59 100 30 156 191 95 243 192 206 30 48 0
    48 87 255 98 65 0 255 0 255 163 0 101 0 0 65 117 255 66 151 196 199
    43 0 182 255 51 66 0 118 255 255 0 70 107 255 51 12 255 248 0 229
    255 14 96 255 255 157 115 255 171 129 0 105 184 133 22 132 208 219
    150 146 93 173 27 255 0 108 112 0 234 188 191 54 58 93 0 26 255 255
    0 167 158 0 0 0 11 255 235 183 255 127 58 203 24 0 29 255 62 255 59
    0 255 255 177 196 15 177 255 0 231 188 255 241 255 76 93 132 51 107
    175 255 146 0 0 255 70 214 255 90 0 58 0 183 222 255 255 205 255 138
    28 255 255 95 0 0 156 129 0 255 255 255 224 0 40 158 180 0 0 112 143
    0 114 148 238 72 37 93 8 238 208 44 197 0 28 0 229 220 122 94 24 87
    255 198 152 116 163 129 74 0 109 253 252 49 255 185 0 64 0 102 255 0
    0 231 0 108 66 255 255 0 96 175 255 223 2 192 255 55 150 138 0 255
    91 0 6 36 0 255 0 127 0 255 255 255 35 202 75 69 19 15 96 255 0 110
    0 255 176 28 0 196 255 255 0 182 118 243 244 223 255 0 255 67 159 90
    79 255 199 194 0 206 191 0 193 0 228 115 133 255 255 255 165 170 0
    62 187 65 186 179 0 186 238 0 34 255 10 239 0 255 0 92 79 0 157 255
    190 255 241 53 208 255 240 133 0 70 176 0 0 105 205 70 255 133 255
    22 149 226 255 130 0 0 0 255 133 255 93 133 134 104 255 0 0 72 255
    164 171 255 187 255 0 0 73 138 16 208 72 10 160 255 81 129 183 94
    255 255 178 161 15 43 20 0 224 255 0 0 100 148 153 255 59 255 152
    128 255 95 0 126 255 147 207 255 23 100 0 0 68 0 167 152 138 255 0 0
    111 170 152 222 255 221 186 255 98 41 183 243 218 222 255 68 16 0
    223 31 126 107 255 161 0 255 205 56 107 13 249 150 86 23 147 46 0 48
    0 255 255 254 0 255 255 147 159 0 0 250 77 255 102 247 58 197 255 12
    93 196 0 63 179 248 53 255 0 202 0 0 255 137 193 0 0 255 188 0 0 58
    67 111 192 106 255 169 182 255 0 76 0 74 0 26 233 6 96 255 109 161
    255 141 218 65 0 216 138 0 153 255 0 183 0 255 0 157 227 129 222 255
    0 136 202 0 214 255 255 250 255 154 115 74 101 0 165 183 255 255 91
    0 29 170 0 0 167 0 255 147 132 163 152 0 131 209 83 208 255 255 181
    0 132 0 248 168 237 0 232 161 0 0 122 48 255 171 131 255 255 176 197
    255 217 0 118 0 9 213 255 219 255 92 0 135 232 255 255 255 255 181 0
    141 181 170 0 255 207 0 21 179 127 151 152 218 175 94 228 0 41 255
    242 0 0 194 37 0 46 0 0 0 22 68 218 255 87 67 142 66 112 255 255 192
    83 0 81 255 4 100 0 0 77 6 255 255 91 255 222 107 62 225 24 218 182
    90 183 255 255 0 108 0 0 250 170 0 0 222 97 0 255 148 0 60 0 255 114
    95 186 22 255 0 113 209 31 255 13 229 188 0 1 130 0 35 0 0 250 0 116
    137 255 255 255 218 187 129 110 255 255 175 255 95 0 0 138 244 0 27
    93 214 255 0 255 2 0 0 194 0 16 255 73 255 0 36 255 126 57 230 76
    255 184 74 255 250 114 255 255 188 236 0 0 222 77 125 18 146 15 54
    114 170 255 217 0 150 177 4 0 0 200 0 255 68 24 47 0 137 0 94 255
    250 28 236 125 201 202 212 29 186 0 26 34 197 107 0 0 255 61 255 147
    14 0 255 115 255 42 0 32 0 0 164 25 0 85 255 250 243 255 0 198 68
    207 97 189 109 0 255 0 177 46 0 0 230 0 20 91 252 248 0 255 228 255
    13 23 130 98 0 201 32 66 96 30 0 171 170 84 74 150 56 174 2 30 0 48
    125 95 0 0 0 255 219 79 255 251 155 37 252 17 88 0 0 139 255 63 255
    255 110 0 196 131 255 33 0 0 164 232 255 255 56 43 146 169 7 3 183
    255 240 255 26 63 0 160 100 108 90 17 255 0 66 157 255 138 56 97 34
    255 244 0 255 12 64 196 255 105 0 0 154 3 202 0 255 225 0 255 79 144
    255 255 34 58 144 255 0 85 255 73 255 0 172 91 0 52 255 108 233 31 0
    0 90 88 228 108 71 174 0 144 255 158 8 107 255 151 255 101 255 96
    157 70 203 62 88 242 52 62 0 0 85 235 163 29 0 255 0 112 93 154 141
    51 0 85 62 11 0 150 143 53 76 148 0 0 211 139 181 101 255 75 112 0
    201 0 125 0 196 15 0 0 182 201 161 255 255 255 101 19 0 251 0 16 163
    90 0 2 79 233 11 0 41 132 200 108 14 227 222 126 255 0 205 51 255
    126 0 255 22 93 255 167 218 0 29 0 0 253 133 144 103 120 22 151 189
    206 233 133 148 255 0 71 0 1 136 167 255 183 117 255 0 255 255 167
    220 187 130 96 227 249 13 121 255 226 255 52 57 209 255 255 255 0 37
    0 205 7 113 47 134 255 241 203 35 0 246 255 76 216 126 255 195 218
    220 19 0 0 147 0 135 247 32 230 204 192 255 239 34 80 165 225 136 0
    252 246 128 19 197 113 255 255 33 60 126 255 176 255 0 117 100 0 140
    132 0 255 189 63 53 80 255 160 126 135 255 80 254 139 169 83 226 223
    204 0 255 224 0 119 15 111 76 36 233 112 255 255 158 255 255 113 0
    239 0 0 0 73 88 0 114 255 10 255 3 255 126 11 0 0 64 127 221 135 77
    166 0 255 0 255 99 157 255 0 255 255 173 209 23 0 0 255 255 154 236
    252 0 255 255 0 4 195 224 14 0 183 171 0 230 0 156 174 60 255 147
    254 194 77 0 0 60 0 81 138 27 255 84 121 0 110 201 0 123 255 209 38
    66 135 185 198 138 31 255 255 179 236 131 146 75 127 0 9 255 255 67
    0 0 54 0 255 255 34 255 112 100 218 255 54 55 175 0 23 255 0 220 32
    5 62 0 216 3 255 44 255 69 0 254 17 217 157 206 0 255 94 219 218 255
    0 0 253 48 129 176 255 255 0 255 216 89 0 100 115 0 120 255 173 0 0
    218 209 0 255 34 137 248 190 175 13 186 207 174 122 127 172 255 228
    255 120 227 52 27 181 255 0 155 255 23 206 0 51 255 13 255 154 239
    220 255 255 168 3 255 105 0 34 0 225 141 0 255 13 255 242 109 228
    100 184 5 127 65 0 167 122 0 0 85 18 0 30 255 203 165 0 255 0 16 255
    17 255 26 34 228 169 255 255 254 204 101 255 201 0 59 0 17 67 205
    117 61 2 148 97 211 0 154 120 255 0 31 0 255 255 0 232 0 254 116 0
    231 61 46 249 114 0 153 255 216 59 140 136 20 38 126 0 87 123 249
    255 53 255 255 0 74 126 25 185 85 255 88 34 255 0 255 67 219 34 255
    173 141 0 108 67 0 255 249 42 174 11 240 96 0 0 245 99 0 90 248 217
    233 0 13 71 255 255 159 30 241 245 178 255 129 52 77 88 151 255 146
    255 15 0 255 0 141 82 214 0 255 120 0 114 0 0 255 91 255 0 57 223
    141 241 201 0 196 0 195 5 132 100 224 0 255 255 177 147 109 255 144
    90 70 240 212 255 41 189 100 56 0 0 0 255 255 255 225 55 212 0 0 199
    0 45 18 79 255 15 172 203 255 203 255 0 152 60 220 255 113 0 31 255
    0 255 118 19 0 0 149 0 243 64 133 87 255 255 0 255 40 124 133 241
    205 180 26 53 91 16 255 8 166 255 255 0 255 185 167 0 112 5 234 187
    174 231 35 0 0 188 146 255 0 0 255 82 168 0 196 255 171 182 87 0 79
    171 0 218 245 134 221 255 208 249 255 125 17 127 27 2 255 186 0 183
    0 0 0 142 56 73 220 65 255 0 248 255 255 0 32 231 0 152 113 0 12 255
    0 137 0 152 68 255 255 255 185 255 255 255 247 162 234 255 255 0 255
    106 112 255 9 38 163 0 0 255 3 0 0 209 189 186 0 255 251 73 255 0 41
    166 245 190 168 255 38 102 116 253 210 160 184 0 194 0 130 237 0 105
    35 23 141 178 141 0 255 255 76 255 153 255 255 0 130 255 253 150 5
    67 255 61 0 209 50 0 235 158 148 166 29 114 143 108 38 193 151 24
    205 255 13 161 26 38 52 243 255 0 0 126 0 0 18 0 18 208 182 251 224
    255 255 169 218 208 255 0 0 0 42 187 255 0 0 91 255 255 184 86 120 0
    255 177 91 255 255 245 251 169 0 137 93 94 255 0 255 126 255 0 255
    52 0 255 255 22 207 255 255 113 77 234 253 255 255 87 255 209 255
    255 6 48 26 255 34 255 131 131 0 13 3 123 220 0 183 37 99 119 201
    255 193 140 0 255 0 77 255 80 148 255 255 0 0 0 31 221 135 253 26
    255 0 182 145 95 26 153 255 252 0 251 255 70 34 181 255 62 56 144 68
    0 225 255 14 80 20 94 245 255 213 12 133 255 0 41 255 32 170 153 85
    53 141 168 201 229 255 169 173 81 26 116 12 0 148 219 123 255 132 13
    255 0 255 0 47 255 231 255 89 255 60 37 0 0 43 125 205 0 0 17 255 0
    117 0 36 101 121 131 249 0 0 255 243 178 0 56 53 0 255 186 192 186 0
    213 142 140 204 255 255 255 28 74 0 0 0 31 68 0 255 41 138 96 204 0
    56 0 123 15 129 12 194 171 0 0 61 123 114 9 0 127 255 109 94 247 236
    57 25 186 255 42 73 143 130 90 0 255 0 17 0 0 255 96 152 151 115 255
    213 47 30 255 0 0 89 201 68 189 91 132 244 183 197 255 0 191 191 100
    0 30 255 98 255 173 255 222 161 0 186 106 44 30 0 108 255 138 255 60
    63 255 22 176 2 0 0 36 196 255 42 0 239 222 255 232 0 148 29 206 255
    36 23 255 96 67 151 255 118 48 74 0 56 44 255 88 42 67 152 255 0 252
    145 0 75 53 255 19 0 131 229 255 131 255 5 255 9 231 224 113 98 70
    208 246 211 255 252 255 255 23 0 210 251 88 61 255 219 231 76 255 26
    1 169 216 0 66 214 31 224 0 0 233 255 84 255 147 255 107 141 209 0
    196 255 0 93 107 61 214 178 0 81 182 255 137 255 255 115 89 255 0
    255 193 97 255 115 214 249 253 94 120 235 118 99 255 255 253 255 174
    198 140 166 255 0 128 0 0 231 241 0 0 0 90 28 0 196 2 58 0 0 131 18
    70 0 44 255 255 209 255 148 47 255 0 148 255 28 75 195 0 174 19 91
    27 145 0 255 151 163 222 255 255 255 207 255 253 8 67 0 91 0 152 255
    198 210 2 136 111 207 186 29 180 0 165 0 57 117 0 164 98 215 16 255
    255 104 182 119 2 20 255 161 0 255 255 252 84 249 0 27 234 0 110 107
    0 0 157 255 205 255 155 200 251 0 39 0 255 0 173 214 146 242 255 114
    144 255 175 187 51 242 0 154 184 255 107 214 255 254 22 164 255 170
    32 73 255 46 144 197 55 71 0 255 221 0 255 255 82 0 177 249 0 221
    172 255 255 85 187 118 154 7 255 255 45 0 209 162 255 124 196 255
    230 214 132 112 0 253 0 255 5 47 193 70 207 125 255 109 89 97 105
    173 149 0 187 14 181 37 37 255 193 67 0 198 13 31 248 255 1 139 3
    124 207 31 255 216 0 255 0 0 31 194 206 135 255 255 255 0 255 0 103
    241 229 255 0 0 255 38 53 255 0 0 221 136 73 203 49 23 0 76 255 9
    225 151 0 255 0 66 111 196 72 0 185 203 26 0 12 11 0 255 202 109 101
    65 130 255 0 0 255 0 9 238 95 16 255 0 0 236 90 107 255 218 134 234
    255 122 255 136 0 255 251 105 255 0 0 63 0 0 255 0 255 210 0 0 0 0
    255 0 255 255 0 120 0 85 0 0 255 24 176 0 216 98 0 219 255 255 255
    51 255 198 150 186 255 0 0 154 255 142 0 64 88 40 79 99 104 0 173
    255 255 255 162 62 0 164 0 87 3 0 136 0 255 242 168 76 87 63 0 188 0
    255 0 64 0 255 113 0 50 40 130 0 228 173 209 155 78 182 148 108 255
    32 76 185 202 0 255 226 0 255 149 148 159 216 215 77 144 0 0 62 228
    249 172 215 255 65 225 34 116 27 255 255 89 55 255 191 49 255 249 0
    255 254 81 4 107 218 231 234 51 0 0 255 51 81 248 255 85 76 1 255 82
    0 0 255 156 220 136 85 255 225 64 255 255 255 24 255 255 0 125 13 22
    128 110 255 119 255 24 0 255 157 3 13 138 255 0 200 119 0 4 193 0 21
    0 80 28 0 148 255 0 84 0 0 215 0 129 69 199 46 187 116 98 0 95 135
    221 182 189 205 203 228 142 6 255 0 0 255 255 210 255 255 148 207 0
    57 0 192 50 151 47 82 78 54 220 255 94 54 52 185 255 149 8 0 255 168
    255 120 0 255 255 0 130 255 0 178 255 0 51 5 115 4 0 250 153 23 255
    17 222 197 255 33 203 255 100 240 72 255 255 0 32 255 195 0 255 0 0
    222 163 255 163 0 255 236 178 255 52 36 71 255 185 202 255 255 148
    129 46 53 255 193 0 255 0 219 255 255 157 0 198 38 0 73 235 150 255
    2 255 255 173 255 97 96 93 104 35 255 36 221 255 0 211 16 0 119 249
    174 0 33 255 245 0 255 178 117 184 20 0 0 204 0 0 221 124 82 255 77
    185 93 0 255 144 0 0 191 156 0 252 0 90 255 0 255 64 26 21 241 127
    255 0 0 88 221 0 231 0 254 255 87 0 120 0 224 0 248 149 120 228 205
    78 0 108 82 72 0 0 174 0 64 144 0 163 217 121 133 31 77 60 67 124
    235 102 255 13 200 134 214 67 0 0 168 55 2 92 153 106 157 0 109 15 0
    0 255 128 220 254 111 0 255 212 46 150 103 255 0 5 199 255 0 70 190
    0 0 178 175 74 0 246 167 36 255 255 202 89 118 71 251 103 0 0 0 224
    154 223 255 255 53 239 255 248 150 0 72 255 0 0 157 255 255 55 255
    51 245 111 61 0 132 112 255 150 61 53 34 57 50 0 19 255 255 138 94
    255 152 0 142 6 212 165 42 214 0 255 191 103 96 0 0 139 0 63 21 27
    255 33 255 216 162 0 207 0 255 85 0 11 217 197 236 116 255 116 255
    236 187 82 82 211 42 230 116 55 194 53 0 148 13 0 21 255 0 0 0 255
    255 163 237 255 129 58 121 112 185 0 69 150 189 255 113 87 159 174
    35 91 239 0 253 0 11 75 108 0 53 99 31 0 0 63 163 51 71 6 104 255
    255 255 98 0 9 255 255 255 231 192 255 0 55 172 255 115 61 255 243
    199 139 0 22 255 157 228 30 148 255 114 0 243 0 82 0 236 106 204 255
    7 176 106 0 54 17 75 255 187 124 56 0 139 127 0 94 255 20 224 66 61
    253 0 255 23 211 0 113 0 255 255 0 255 168 237 208 0 0 0 167 0 25 29
    61 177 255 168 255 212 196 255 223 113 45 0 255 212 240 247 0 255 0
    5 135 94 11 0 179 255 147 108 45 255 196 0 65 123 240 174 0 255 95
    114 34 149 169 255 34 191 174 255 42 163 255 255 0 0 255 12 129 18
    57 0 151 165 255 53 0 244 177 0 243 0 201 107 223 0 0 68 83 91 255
    255 164 102 57 120 226 206 75 0 255 0 0 255 0 0 255 0 107 188 63 104
    98 106 255 98 220 131 255 93 109 255 0 255 64 0 190 9 0 0 134 195
    141 255 6 212 86 93 0 84 0 120 255 93 210 77 252 0 255 199 0 139 176
    142 255 0 222 255 160 0 105 0 177 237 37 255 93 255 0 168 130 0 111
    0 255 175 255 206 13 0 99 255 178 255 255 74 245 128 255 255 0 39 0
    75 0 255 83 0 186 16 98 228 0 66 227 97 135 82 255 246 0 170 174 38
    125 0 21 71 255 255 255 255 127 225 73 1 0 19 255 210 28 0 217 239
    202 145 34 120 52 248 194 178 255 43 152 73 13 255 124 140 106 255
    255 0 2 247 59 255 77 184 255 255 0 255 255 0 255 170 0 0 0 251 255
    1 100 14 255 1 0 255 172 0 216 99 0 255 151 96 255 14 162 18 0 255
    171 233 0 0 174 201 243 144 196 255 215 89 255 0 88 0 16 232 19 75
    18 200 255 128 193 170 134 245 69 0 0 37 225 0 160 175 0 229 238 255
    38 0 16 0 212 61 136 255 0 165 0 255 0 184 187 166 232 34 129 209
    247 98 61 166 255 90 255 50 255 231 0 209 134 209 0 255 169 255 0
    255 206 20 114 0 0 0 162 0 114 0 151 122 0 255 0 226 255 94 57 255
    95 255 255 70 0 0 0 255 240 2 109 130 255 91 219 20 0 65 101 255 40
    255 43 209 185 255 42 106 59 132 126 255 131 35 255 143 102 255 203
    187 54 255 16 212 255 228 0 115 17 156 10 45 255 118 0 0 0 63 255 56
    137 49 92 255 0 255 0 41 97 144 167 23 108 255 198 7 224 243 0 0 255
    152 0 18 24 16 255 255 144 0 175 255 69 0 255 255 116 255 0 255 18
    237 233 0 254 80 67 255 0 0 65 163 100 255 176 0 109 144 54 0 25 255
    255 0 196 168 106 12 255 24 140 161 14 249 252 14 147 203 167 255 0
    27 136 56 1 172 15 0 255 30 78 255 28 185 250 255 179 106 101 0 0
    141 0 223 60 227 132 141 0 166 197 183 198 255 142 73 96 118 48 0
    114 0 169 131 0 168 214 0 255 30 255 255 61 69 88 47 120 161 255 244
    11 50 255 35 0 0 158 0 116 255 62 0 169 24 255 255 255 18 251 45 0
    231 255 95 2 33 74 0 137 0 89 38 0 242 0 255 114 0 235 255 232 255
    44 0 134 118 214 86 0 105 201 127 220 199 6 55 90 187 210 242 0 0
    221 84 8 253 0 69 255 0 255 13 63 255 137 131 222 188 246 175 172
    255 150 0 233 41 59 29 50 0 174 0 78 223 255 112 98 255 52 109 87
    255 21 253 218 143 255 67 151 58 45 91 166 0 0 255 59 255 161 202
    234 160 0 31 7 255 0 47 234 0 0 86 255 6 252 251 143 60 197 0 145
    255 0 0 33 0 139 108 83 176 181 206 7 131 96 0 99 86 255 206 255 233
    71 73 27 173 0 0 229 51 186 151 148 192 0 213 138 134 15 254 192 182
    0 128 211 134 89 255 171 0 255 255 96 0 0 139 228 255 214 218 34 80
    130 85 66 0 105 175 255 107 162 139 101 255 75 234 0 0 116 255 255 0
    33 255 168 255 255 45 249 187 0 255 156 255 34 50 255 105 0 252 255
    255 255 30 255 230 0 69 255 116 110 255 16 250 0 0 0 255 255 224 94
    255 0 189 255 206 255 240 182 168 111 33 5 255 144 255 75 95 170 255
    121 188 144 143 97 70 144 4 220 255 103 189 206 0 215 97 240 32 94
    207 111 67 86 0 0 80 30 36 0 0 138 75 220 154 31 255 142 118 102 14
    227 255 212 0 231 254 108 126 230 169 0 255 0 137 96 0 0 77 0 16 0
    214 0 5 237 0 213 255 0 0 228 36 255 0 47 0 201 85 170 191 169 0 51
    0 187 255 0 66 0 84 115 18 0 245 76 47 43 255 146 255 162 153 134 0
    255 13 16 86 118 113 235 249 0 18 134 255 22 0 69 52 255 122 0 133
    37 84 255 89 227 0 134 255 59 83 36 255 202 38 255 200 14 243 255
    178 210 165 252 189 182 71 255 85 171 255 9 242 255 92 255 102 255 0
    104 221 21 185 255 136 223 97 255 183 255 79 0 188 160 255 214 140
    255 0 0 246 84 239 255 27 55 255 255 15 11 236 211 212 51 255 222
    239 15 58 104 255 0 223 146 0 27 54 138 47 173 193 33 255 188 81 87
    0 153 195 255 68 152 65 220 133 118 5 0 58 255 10 202 224 62 232 250
    201 211 255 199 150 51 0 88 75 84 104 175 116 255 243 127 0 32 230
    249 0 77 100 0 33 2 47 204 255 213 211 154 103 194 106 234 203 0 104
    239 22 208 234 0 211 255 255 0 125 31 97 150 0 28 248 201 118 0 0
    163 0 116 0 100 193 49 70 0 143 0 0 255 255 241 113 220 255 127 111
    34 0 255 211 255 0 98 91 140 217 211 179 0 194 160 126 0 0 108 4 20
    96 2 0 59 255 145 0 146 7 60 0 0 34 217 141 0 255 255 81 32 0 202
    215 0 162 255 0 255 0 243 0 0 175 90 49 22 134 84 0 255 0 149 234 0
    0 38 0 0 255 208 179 193 66 255 22 189 255 0 185 102 50 201 222 255
    160 179 33 0 255 12 22 255 255 164 229 19 12 108 99 255 255 249 41
    255 255 255 255 229 0 222 145 0 0 3 0 33 205 252 255 0 128 130 0 211
    7 255 255 15 167 167 255 210 220 204 255 228 182 30 194 0 91 255 166
    196 9 67 159 0 224 0 79 255 0 0 255 197 171 255 34 110 236 200 147
    205 0 255 107 37 255 0 1 116 126 75 0 214 232 12 255 0 0 16 153 26
    255 19 215 102 215 131 255 196 70 31 126 211 81 255 190 0 242 152
    255 67 97 0 173 255 253 210 255 0 39 82 0 0 48 89 255 90 255 0 0 0 5
    207 104 66 0 187 255 104 255 255 255 171 130 218 140 201 0 0 133 233
    121 152 255 198 166 0 167 255 56 255 86 0 44 255 90 0 108 208 241 48
    111 255 255 59 255 0 236 15 103 0 53 183 255 56 130 255 117 144 208
    255 249 155 255 42 255 165 94 134 146 189 0 0 255 242 34 0 0 47 0
    220 204 13 255 0 255 231 29 42 255 122 19 29 146 7 25 255 217 245
    238 255 0 81 131 255 37 216 255 0 72 11 140 255 0 255 255 85 128 255
    25 26 255 82 132 212 255 0 148 0 255 123 46 33 82 0 23 0 209 0 0 38
    186 0 220 48 0 0 226 50 153 151 0 0 224 34 105 164 205 255 182 123
    255 137 22 146 215 255 0 147 39 11 54 154 16 58 9 255 27 0 255 174
    194 28 54 52 125 77 54 172 88 50 11 27 19 255 0 255 37 174 255 53
    200 189 23 35 83 216 218 107 65 181 181 226 77 153 176 0 255 255 62
    41 102 119 170 120 168 236 215 0 225 107 208 0 255 93 234 255 255 63
    255 48 99 255 168 161 115 203 49 100 22 242 116 230 104 80 0 0 255
    255 55 255 255 200 31 101 132 255 29 0 170 0 255 202 60 45 210 104
    218 10 236 182 68 46 255 121 233 181 166 119 243 160 255 22 182 233
    0 137 255 238 0 0 0 218 202 193 176 42 255 62 21 148 0 78 255 0 255
    83 0 82 255 255 218 74 255 190 7 178 219 62 83 255 142 0 255 254 225
    215 255 0 0 255 0 29 79 173 247 0 26 235 30 246 44 255 120 255 87 0
    237 0 0 63 209 255 255 250 196 7 184 191 218 122 0 255 254 255 193
    176 44 0 201 226 47 143 0 255 167 0 52 72 124 83 183 34 43 0 241 0
    74 148 255 187 247 255 136 50 49 198 255 114 213 255 207 0 157 72
    255 0 248 135 255 0 0 166 172 255 7 0 0 233 233 134 0 217 115 53 255
    0 255 255 3 139 75 255 9 255 105 123 0 255 114 141 31 50 255 255 129
    104 81 255 206 58 0 51 0 255 38 78 197 203 255 255 100 255 236 162 0
    255 100 180 255 238 20 82 173 203 240 0 94 110 57 116 88 255 82 0
    252 210 135 0 255 255 238 209 255 107 0 254 134 0 0 15 56 171 222
    144 255 104 6 0 39 0 182 255 196 26 0 255 33 255 42 0 223 255 3 178
    0 154 0 32 251 149 134 230 248 200 36 14 189 105 255 231 26 0 123 0
    0 30 0 111 241 217 242 135 255 255 249 244 255 58 0 16 213 255 255
    205 0 40 0 255 16 255 198 255 169 79 40 112 26 14 56 57 233 0 255
    101 31 237 62 255 138 21 255 255 0 255 61 112 242 224 255 61 141 205
    0 244 126 0 30 25 107 35 118 255 234 255 155 199 0 184 59 123 35 166
    185 128 188 206 253 74 135 182 0 35 35 77 0 34 79 190 108 109 243 0
    75 80 133 0 0 0 62 0 198 11 120 4 255 0 230 53 83 255 0 0 63 0 201 0
    255 83 25 36 165 49 0 126 156 247 0 255 114 248 184 136 237 125 255
    49 156 243 83 255 255 255 0 255 255 73 0 219 255 255 124 255 70 217
    255 254 255 255 0 255 255 0 225 192 240 130 87 0 255 106 255 162 177
    0 255 164 61 255 255 139 120 174 14 255 113 72 255 204 125 0 255 241
    81 0 255 108 0 255 255 206 121 255 0 66 244 51 50 0 255 0 163 132
    255 255 219 204 20 0 134 0 200 255 255 8 255 150 255 0 155 0 150 0 5
    0 224 239 81 225 223 116 201 185 34 255 0 209 143 255 143 110 208 87
    0 179 31 102 221 87 12 0 255 222 255 162 255 255 139 66 141 150 120
    255 28 148 62 133 102 67 238 196 0 0 61 177 0 179 154 255 108 222
    187 255 255 135 74 178 42 0 161 255 140 112 61 38 80 157 255 255 0
    124 131 220 89 255 0 0 0 150 62 255 149 87 28 0 152 11 159 57 66 255
    179 176 47 255 255 255 255 123 255 238 0 252 0 233 251 117 255 255 0
    126 255 87 0 255 23 12 11 89 0 255 152 255 0 206 125 188 250 0 81
    255 55 254 130 255 255 0 148 234 67 140 184 0 243 255 189 249 160
    255 255 155 0 46 0 32 202 182 6 0 142 255 0 100 118 255 156 255 183
    123 6 255 255 0 141 38 0 2 17 38 255 201 255 192 156 255 140 255 255
    0 255 29 92 0 186 164 64 255 255 0 255 255 0 0 254 52 22 60 108 255
    0 57 255 0 220 157 0 172 5 239 0 255 97 213 45 0 30 255 108 96 115
    225 0 255 4 233 255 112 25 255 173 0 160 255 7 52 220 145 255 205
    152 148 177 255 16 207 146 255 255 172 255 25 0 168 0 0 23 255 236
    255 248 19 242 98 0 255 229 17 0 255 0 0 0 192 30 140 255 118 0 84
    19 175 255 166 48 255 0 237 208 183 122 96 223 250 255 0 255 204 156
    241 135 161 116 126 65 173 255 81 0 255 0 25 226 0 255 135 167 0 199
    170 0 255 255 10 136 163 0 184 210 0 0 255 0 13 239 0 231 255 255 0
    162 0 29 0 135 212 165 255 160 255 228 0 3 0 0 0 250 150 248 210 251
    27 255 0 0 69 255 255 0 119 24 128 109 226 98 0 255 224 255 0 22 255
    163 255 149 86 135 115 0 0 149 134 255 143 221 45 134 255 255 42 73
    0 0 119 42 6 17 153 0 112 82 234 157 0 86 255 238 174 250 163 72 2
    40 26 13 0 42 107 198 0 255 138 17 0 118 255 0 255 255 70 255 44 94
    0 176 0 0 0 255 2 148 0 36 0 207 0 0 255 115 224 224 159 185 255 0 0
    136 254 255 255 59 223 197 255 30 213 255 215 21 0 255 230 255 0 51
    5 0 190 0 15 11 0 140 93 255 245 254 123 182 196 52 168 185 52 122
    255 95 46 255 96 153 255 252 60 255 17 31 64 240 0 255 238 106 255 0
    0 135 244 0 106 252 215 51 28 60 149 201 222 247 53 126 0 242 148
    245 44 44 255 140 0 255 215 209 168 0 76 0 255 255 173 96 255 255
    231 128 0 247 209 255 147 255 0 195 14 215 238 212 214 54 171 0 184
    242 52 175 255 0 124 203 246 255 255 0 0 126 8 0 255 99 155 250 255
    142 255 0 165 255 255 206 136 0 32 193 129 0 113 0 53 255 0 255 86 0
    0 255 125 39 255 255 55 182 172 0 94 10 179 162 81 0 122 0 191 111
    255 91 111 0 99 17 0 0 172 255 0 79 43 203 103 0 113 165 85 180 193
    17 80 97 0 255 0 133 236 0 0 47 255 217 140 179 78 0 255 136 234 229
    255 255 163 30 255 255 76 0 0 255 129 255 255 0 7 188 255 255 255
    153 255 196 255 0 51 255 117 241 0 64 36 0 47 126 42 198 255 65 132
    69 255 26 16 254 0 212 230 0 255 34 192 137 0 84 126 13 0 194 188
    255 15 164 189 97 164 154 148 0 250 187 80 0 44 84 212 32 0 113 0 0
    255 146 241 255 75 94 165 0 0 45 255 227 0 255 173 0 115 0 140 111
    255 0 29 0 56 0 41 0 28 255 255 209 187 255 33 190 255 255 255 242
    53 0 255 0 99 255 147 167 97 200 77 19 249 121 255 56 155 97 0 235
    242 219 174 255 213 0 162 44 107 102 193 0 255 86 0 249 138 18 255
    255 60 78 224 6 240 255 10 222 74 183 255 6 88 255 28 249 138 158
    166 255 82 158 56 51 0 241 0 0 0 0 44 207 0 0 152 153 235 118 99 255
    15 126 0 194 0 31 255 78 34 32 255 255 243 255 246 255 255 225 191
    90 179 192 0 113 151 0 144 163 41 93 130 173 0 108 152 155 243 203
    33 0 142 0 0 7 255 255 23 255 215 255 162 0 222 255 128 175 195 0
    234 0 62 28 0 0 154 4 57 0 33 188 133 228 0 17 0 255 0 152 255 90 0
    132 218 0 0 0 255 0 255 255 8 170 89 64 20 83 255 197 255 1 0 0 250
    0 118 0 121 255 255 194 0 255 72 234 103 227 166 211 174 143 129 255
    0 255 168 0 113 127 0 27 126 171 80 0 90 221 0 100 61 255 126 214
    217 255 255 255 170 109 235 0 169 142 21 103 0 57 255 57 170 184 170
    9 58 255 0 250 102 255 255 212 20 13 148 221 24 255 0 247 197 255 17
    218 59 0 88 102 255 0 0 205 194 255 149 27 41 51 224 255 66 110 218
    242 185 0 255 0 81 8 137 72 0 0 236 192 133 125 47 30 82 255 208 32
    138 144 0 99 206 230 0 255 0 255 59 0 92 255 7 251 132 120 74 152
    255 0 200 68 0 0 105 124 0 96 255 232 0 46 126 255 255 0 183 196 130
    228 97 255 216 71 138 10 0 0 255 190 220 255 45 162 191 0 100 0 255
    0 5 33 63 45 204 241 161 70 28 255 164 0 0 0 146 255 255 0 73 37 152
    143 48 10 227 255 255 240 77 32 194 8 152 0 151 204 71 255 255 161
    199 255 221 0 116 45 86 0 110 255 126 188 129 0 255 85 10 92 0 92 99
    148 112 0 174 0 255 163 54 156 82 162 87 97 255 255 255 171 92 255 0
    182 13 0 131 255 191 39 114 0 167 0 11 0 169 115 255 213 255 129 151
    255 42 142 0 83 255 0 0 255 0 228 33 252 172 111 0 227 93 99 190 246
    108 255 21 231 0 77 123 97 99 255 106 144 189 212 0 24 0 212 91 199
    134 187 255 248 37 255 51 0 169 5 0 0 83 0 150 255 240 44 85 53 115
    120 60 134 228 111 179 186 0 220 0 54 151 0 7 0 60 167 13 0 143 255
    54 166 49 166 95 255 209 0 27 255 0 168 93 0 199 167 255 149 255 0
    152 227 161 0 255 103 165 152 255 7 0 35 245 189 21 217 235 169 19
    255 0 0 250 163 251 26 49 158 255 255 222 237 0 79 255 226 255 150
    255 255 0 236 143 78 0 18 85 108 0 255 60 122 246 255 205 168 98 0 0
    255 97 0 0 46 96 111 219 0 255 59 0 164 255 0 0 0 230 255 166 255
    255 182 211 125 21 15 57 255 114 133 86 54 43 120 106 98 8 226 0 79
    60 214 255 255 52 235 82 204 29 213 10 0 0 59 67 77 0 88 138 233 168
    255 255 53 0 0 250 82 84 0 0 94 176 255 0 62 0 255 35 255 254 184
    211 156 255 166 0 255 255 255 63 42 33 96 70 42 43 255 0 117 255 255
    176 128 255 8 14 129 0 185 0 93 255 246 0 214 210 164 255 123 140 0
    0 255 0 130 152 192 255 255 170 7 255 255 41 39 172 0 32 126 67 150
    137 1 255 210 236 5 209 0 98 28 40 89 255 184 196 200 243 137 47 170
    20 0 255 128 62 0 0 91 0 87 255 249 72 197 0 255 255 206 189 133 99
    167 233 255 95 255 14 0 40 0 255 0 0 0 255 236 138 255 184 120 180
    48 255 223 0 255 255 255 109 204 255 0 133 60 0 255 255 255 220 18 8
    253 0 46 0 76 157 120 255 41 0 255 142 157 255 0 222 87 67 255 0 255
    105 59 0 156 255 255 0 196 15 147 255 191 177 18 78 156 130 0 104 77
    255 0 169 220 255 253 255 124 150 64 120 147 255 192 255 249 252 101
    0 0 255 181 0 0 36 45 122 255 76 0 137 179 61 0 0 4 211 0 186 0 236
    0 234 255 255 15 0 183 4 255 255 98 207 43 104 255 0 0 151 0 122 117
    27 102 246 79 40 255 0 145 122 0 0 158 124 57 44 255 0 249 11 0 126
    163 51 251 48 66 63 86 255 82 1 255 230 255 105 212 243 226 255 65
    145 255 255 0 41 95 11 221 67 120 0 110 18 88 255 0 78 255 87 0 1 57
    255 3 243 16 30 0 0 255 21 0 255 0 0 255 0 237 245 0 159 43 0 55 255
    0 130 255 255 255 148 232 255 255 154 255 109 114 238 255 0 0 223
    255 184 223 247 255 34 124 0 0 0 126 0 102 0 255 78 72 146 255 255
    178 214 0 255 98 115 165 252 106 231 58 211 255 0 0 255 21 0 178 105
    0 0 0 108 207 85 0 99 0 0 255 0 163 255 255 255 0 131 0 255 168 0 35
    143 0 5 0 188 255 0 13 210 0 83 255 0 0 255 0 60 200 194 31 0 191 33
    32 255 226 255 159 255 210 0 74 83 255 0 0 64 0 16 14 180 255 255
    231 89 0 11 73 0 0 255 0 165 0 0 127 8 24 129 88 149 255 40 64 47 0
    130 67 166 0 43 254 0 255 0 0 89 151 33 184 55 72 255 109 37 73 178
    0 201 0 188 190 214 40 129 50 255 255 67 255 199 0 138 237 108 7 49
    191 0 255 10 14 2 231 255 0 0 255 0 78 119 224 232 97 139 15 163 255
    196 173 32 255 12 232 127 248 255 84 255 255 17 0 255 160 255 222
    209 138 182 208 0 248 148 246 239 255 176 0 0 255 53 173 160 74 154
    0 155 0 255 100 167 0 79 255 255 149 170 0 255 0 207 0 249 34 49 87
    155 50 92 57 15 83 230 202 73 0 72 123 251 255 97 120 188 160 128 99
    0 233 0 0 255 116 255 244 255 156 255 156 0 0 118 208 255 0 236 255
    0 255 135 255 137 13 105 0 0 187 253 208 243 76 228 114 85 3 66 216
    0 181 237 117 232 184 175 129 130 112 0 175 22 242 132 78 0 51 0 155
    0 100 0 254 160 65 0 221 0 226 213 255 255 9 215 230 204 189 19 0 28
    205 0 20 0 87 255 0 34 237 0 106 149 253 0 86 36 217 0 255 96 0 23
    255 198 236 148 132 255 0 139 110 76 11 255 17 0 84 0 8 105 165 0 63
    53 100 0 0 0 255 0 255 56 0 0 134 128 255 87 255 5 108 255 147 96
    255 75 255 138 117 235 217 255 124 255 255 249 209 72 0 60 185 0 62
    0 255 255 157 92 244 255 133 255 27 255 209 0 0 48 0 226 255 63 92
    163 154 168 63 0 67 105 81 0 75 244 30 210 4 67 0 7 165 0 212 247 0
    240 203 255 67 216 204 255 255 9 23 0 151 64 0 0 151 127 0 92 234 12
    247 0 188 0 0 255 10 110 116 41 122 255 58 157 255 170 255 0 101 0
    208 219 255 0 79 231 91 0 255 178 250 0 50 172 69 146 84 0 255 229
    72 169 170 255 229 63 73 0 0 98 255 56 234 254 6 255 255 255 235 102
    255 34 138 207 155 255 26 201 195 214 255 255 59 176 87 0 231 169
    157 255 55 0 0 0 226 31 60 197 223 154 0 0 142 104 0 15 255 209 255
    74 210 0 0 0 0 10 126 115 0 88 0 255 169 0 70 51 230 162 0 255 8 255
    91 255 25 255 33 255 0 0 166 26 0 255 110 172 139 255 255 0 255 252
    255 63 0 26 114 94 0 255 12 172 255 133 0 255 0 255 247 9 67 0 255
    255 220 248 39 255 176 9 38 234 122 21 255 0 247 0 0 0 255 0 85 2
    255 0 115 255 54 198 127 159 246 0 8 255 255 110 141 255 2 90 84 0
    146 209 51 37 63 255 0 229 169 17 255 153 28 5 124 72 127 255 255
    244 0 0 147 255 62 147 232 0 111 9 63 151 0 5 255 93 0 10 249 0 59
    13 4 52 73 199 24 204 201 206 255 255 162 12 255 255 9 148 50 0 255
    0 41 50 0 249 50 252 107 68 245 94 0 255 242 130 0 255 154 145 168
    208 54 234 64 95 196 156 0 32 0 54 0 71 199 0 0 195 54 255 0 255 74
    126 47 0 32 105 0 221 255 0 4 97 150 141 196 154 255 72 184 177 210
    0 255 0 216 207 204 255 37 1 223 177 39 212 0 0 109 0 219 255 254
    255 50 58 85 233 255 255 255 243 224 241 185 116 232 251 21 255 85
    67 93 194 255 42 29 231 32 255 141 255 0 239 62 232 112 207 67 184
    105 243 0 97 199 59 78 111 255 251 136 6 16 26 255 16 0 255 0 255 76
    0 210 21 255 172 229 255 0 194 60 0 0 33 255 0 255 18 68 0 255 255
    78 255 42 255 0 0 252 238 255 255 255 223 0 66 0 80 255 255 255 255
    64 207 97 0 242 234 255 147 147 142 0 0 153 255 209 104 176 255 255
    255 255 243 230 0 57 47 29 145 39 0 0 177 120 141 0 215 123 124 183
    0 255 58 155 173 0 0 255 255 237 255 147 49 255 255 54 209 109 56
    255 78 221 255 9 255 0 27 255 255 58 89 255 0 190 135 207 121 139
    199 255 173 0 29 0 252 75 253 98 240 123 136 255 0 99 255 64 0 146 0
    131 0 243 207 0 255 108 255 0 66 99 0 136 255 133 114 12 255 184 255
    17 5 107 8 230 202 0 46 38 0 149 255 175 146 206 0 92 100 219 210
    255 24 240 247 255 166 219 54 141 245 54 237 136 255 255 255 245 84
    101 96 0 180 213 176 224 112 173 165 118 231 132 3 255 166 150 219
    170 255 118 109 144 0 131 208 116 67 59 147 34 60 20 0 44 56 60 0
    190 108 32 55 87 255 0 255 127 86 20 53 255 180 141 129 26 0 49 0 0
    255 86 255 107 51 255 8 255 255 73 234 156 55 60 192 0 129 0 0 49 9
    75 184 142 255 39 51 255 0 64 255 158 175 217 74 111 255 0 166 165
    58 76 255 228 45 0 107 255 88 219 0 84 137 45 255 234 41 0 25 255 0
    78 255 190 0 156 255 229 3 0 255 25 65 108 62 255 188 197 194 132 10
    217 127 0 115 240 190 255 196 0 219 202 255 219 255 255 56 255 169 0
    142 0 255 0 231 26 255 255 0 0 0 177 255 245 255 65 160 110 184 0 92
    255 45 0 66 70 23 85 184 116 146 0 138 72 161 255 255 26 53 255 133
    12 53 8 140 180 255 213 216 255 0 0 0 255 27 0 255 255 171 83 24 0
    233 74 28 0 255 0 71 0 244 0 183 255 0 13 182 212 0 237 0 132 62 93
    0 79 57 24 161 184 205 129 0 255 249 255 168 214 111 196 4 255 245
    63 23 202 218 62 29 136 187 85 215 0 0 90 0 33 234 255 232 0 0 225
    255 51 255 83 49 0 255 255 139 255 127 0 147 248 0 136 0 245 0 251
    170 0 4 181 0 255 255 0 255 0 255 0 0 0 8 193 28 255 232 61 255 224
    187 255 255 0 255 35 0 0 255 168 180 82 114 127 21 171 255 45 255
    121 255 140 56 147 0 221 62 24 112 255 252 110 255 106 0 0 0 238 37
    23 0 105 0 162 142 150 255 117 141 85 171 13 0 107 255 24 0 58 255
    255 134 109 121 0 152 0 255 0 0 220 146 118 0 131 53 213 255 212 40
    0 192 135 29 103 255 255 83 85 255 240 255 255 255 29 0 87 162 133
    192 255 25 255 90 65 174 156 81 208 0 0 71 255 57 135 52 77 112 116
    0 255 203 255 0 179 31 255 208 196 101 0 77 248 36 0 92 255 163 0 76
    171 113 38 255 92 255 134 64 255 8 28 255 119 191 113 30 16 210 0
    255 255 86 255 255 180 0 103 223 0 255 255 46 255 0 85 95 0 140 0 16
    255 54 8 2 0 211 86 214 18 192 255 255 186 177 172 255 106 236 118
    36 157 255 190 159 24 232 255 78 46 255 12 9 255 7 140 126 157 255
    113 0 76 255 147 43 66 8 180 0 0 64 0 255 0 0 73 105 39 0 255 5 24
    255 255 7 180 255 10 25 255 176 109 155 226 251 36 255 255 72 108 64
    236 101 73 58 132 0 148 78 103 116 0 108 243 135 21 255 255 182 51
    179 0 44 0 138 0 209 203 165 103 51 0 228 58 31 2 0 241 199 0 103
    112 0 210 61 41 255 235 224 255 27 41 127 255 255 0 138 128 0 54 0
    120 103 152 195 189 255 0 177 123 64 241 255 118 255 14 246 183 100
    40 17 93 255 0 255 47 52 213 211 0 0 98 248 113 128 99 97 204 255 74
    255 222 4 255 16 191 0 22 247 0 255 255 18 39 255 141 78 162 253 198
    255 67 132 164 22 25 250 162 179 120 78 167 66 66 45 89 236 151 255
    0 255 0 126 7 31 92 255 0 241 28 90 244 107 207 68 0 176 255 113 147
    0 118 0 65 251 234 0 1 76 76 254 255 25 0 182 127 250 236 255 0 252
    255 188 169 100 217 253 0 117 255 64 130 250 142 251 0 255 191 5 174
    109 57 175 0 167 0 33 45 0 171 0 14 0 200 150 255 0 181 30 173 55 45
    118 0 255 131 255 9 255 173 255 129 81 0 0 0 233 184 199 255 49 92
    64 0 93 255 0 253 215 48 48 209 255 255 43 255 242 105 145 255 95
    235 108 119 0 231 0 42 255 0 227 149 0 87 74 0 24 20 208 0 199 0 0
    236 0 102 247 255 28 255 255 123 2 86 255 198 255 0 139 46 113 38
    242 0 172 0 213 0 80 255 0 130 20 95 255 0 53 255 145 97 236 205 255
    37 17 97 255 141 231 3 0 215 228 255 0 12 125 161 35 71 179 104 14
    228 30 93 157 255 0 139 5 70 69 255 255 95 72 255 0 45 192 194 49 71
    255 255 24 26 255 70 0 0 104 44 0 224 205 33 43 163 146 89 18 138 0
    184 161 0 146 0 255 252 44 255 0 0 63 0 255 255 255 127 6 255 138
    244 32 8 132 0 123 251 255 22 255 0 131 7 43 65 70 255 150 31 125 84
    255 255 141 57 106 147 161 228 210 205 42 11 16 0 108 245 255 66 181
    254 25 0 41 111 160 189 106 162 223 255 255 29 255 75 255 0 204 200
    54 255 73 34 255 255 45 255 255 156 128 215 0 108 255 38 179 226 228
    51 78 255 255 223 255 255 56 0 88 211 0 255 53 181 207 21 22 255 132
    25 138 103 0 22 160 123 0 219 5 31 99 39 0 0 255 112 241 156 5 0 70
    5 237 129 200 49 9 0 54 195 145 255 170 255 157 36 19 148 246 195
    222 56 147 0 91 36 0 229 71 238 0 57 255 0 0 243 17 19 123 32 207
    255 171 205 234 207 255 255 247 0 236 223 58 91 0 27 134 149 164 210
    255 255 12 181 255 0 0 110 254 174 255 252 172 206 238 255 255 255
    173 13 0 45 1 0 0 152 255 61 255 225 0 178 90 0 0 0 254 232 115 68 0
    200 255 255 0 21 137 255 0 255 141 255 0 211 185 79 11 205 124 255
    123 157 200 200 202 209 50 255 0 72 171 217 65 143 0 0 0 47 126 169
    255 146 255 56 251 194 218 255 95 120 0 94 255 255 0 75 0 235 255 84
    213 0 0 83 0 0 255 136 169 31 168 9 0 52 21 0 245 0 213 216 232 176
    255 0 0 186 66 255 108 42 97 255 48 182 0 56 172 213 55 255 0 0 255
    70 0 253 44 255 23 195 255 255 255 56 238 113 174 24 0 15 212 197 17
    167 159 91 255 0 255 167 154 0 139 54 0 74 103 214 255 49 193 143
    203 255 0 0 255 218 209 196 116 235 36 255 15 127 182 130 0 199 15
    215 96 0 52 124 235 0 0 74 189 183 183 167 218 0 156 140 0 35 214 61
    252 255 8 34 39 87 59 0 36 0 0 55 0 82 108 0 255 111 54 127 0 255 85
    183 255 0 212 255 235 255 244 255 135 247 17 255 211 0 219 0 33 152
    255 0 124 81 0 157 3 255 185 0 0 126 253 12 255 0 0 0 254 0 83 204 0
    0 0 116 158 40 196 190 207 193 175 194 255 255 0 81 255 157 158 245
    166 124 255 150 92 255 255 194 15 0 97 75 0 236 66 255 89 0 243 42
    113 0 0 203 255 202 255 49 146 0 52 255 48 238 144 0 219 255 121 255
    255 82 255 0 66 255 0 83 17 255 0 255 186 0 51 64 60 169 255 204 199
    0 255 152 14 255 255 111 18 225 227 139 221 107 180 216 147 255 255
    255 0 197 237 187 53 229 155 43 11 255 255 255 77 255 223 255 185 52
    119 190 221 7 255 165 225 21 177 177 0 85 255 230 227 0 0 0 54 227
    194 0 0 120 117 13 17 118 0 5 0 100 0 73 233 0 95 0 255 16 255 234
    106 186 222 14 255 235 255 0 254 131 6 152 166 50 165 0 0 151 112
    255 0 116 154 16 0 0 58 255 50 161 234 236 136 243 222 0 169 12 0
    129 157 255 0 192 255 207 39 233 255 125 93 100 146 230 0 228 137
    255 240 0 220 236 255 0 0 0 255 0 229 183 0 86 184 159 255 254 186
    244 174 171 176 255 0 255 0 182 229 4 255 160 251 253 42 229 155 1
    212 73 14 255 122 232 150 66 9 0 254 217 0 237 97 0 2 38 255 111 107
    255 255 181 54 104 35 108 255 246 0 152 255 255 41 229 255 54 255 0
    255 148 0 255 227 178 57 227 255 0 172 0 176 129 143 117 146 247 255
    0 28 53 169 255 245 150 227 255 44 223 103 133 148 255 3 0 61 198 99
    51 162 128 0 191 126 24 76 94 72 207 168 229 0 221 235 238 157 255 0
    82 76 0 240 23 108 22 90 13 0 88 251 74 234 0 23 144 124 42 0 0 255
    255 160 210 255 245 0 252 233 252 0 0 84 31 16 0 97 255 193 94 0 30
    101 47 0 255 0 87 121 0 215 52 101 236 18 239 154 27 255 174 237 255
    183 255 0 255 145 204 177 255 255 49 140 174 255 182 65 52 255 149
    145 237 83 102 89 0 255 0 160 255 44 0 48 229 255 250 241 216 29 131
    32 160 0 118 0 224 122 197 188 255 202 7 194 255 238 255 179 255 255
    255 107 204 98 48 78 114 0 16 255 127 255 129 203 176 128 34 255 209
    234 19 0 172 250 13 218 64 230 0 207 0 81 0 94 255 255 172 147 49
    188 51 149 108 144 42 255 93 0 255 255 0 243 249 84 197 5 255 255
    182 0 255 255 176 255 21 39 41 255 255 76 255 164 13 171 0 250 158
    233 0 210 255 0 41 50 120 75 31 255 244 0 20 222 236 126 66 0 62 175
    4 64 255 0 255 172 255 255 255 64 68 5 0 217 0 80 191 33 255 57 255
    182 0 146 87 185 223 126 253 197 255 142 0 255 0 220 174 0 255 0 255
    216 204 0 255 0 213 209 0 255 110 0 108 0 54 255 103 115 255 68 64
    41 255 255 115 85 248 0 225 131 0 114 146 185 130 0 0 58 18 255 183
    167 59 185 145 255 254 197 5 127 0 0 113 7 255 96 120 255 240 157 0
    13 44 40 34 255 255 183 251 212 255 241 255 102 41 78 191 249 10 189
    0 255 247 203 255 190 255 203 217 132 255 141 26 193 0 0 216 255 0
    67 255 188 207 0 190 68 255 255 255 31 230 223 242 0 241 203 38 43 0
    255 50 56 0 107 0 0 255 21 65 120 104 0 0 0 255 0 212 92 241 10 90 0
    86 157 90 111 157 134 152 232 244 109 0 103 0 3 255 143 0 235 61 255
    48 111 255 0 0 52 32 68 0 247 53 0 244 255 255 251 0 255 9 255 255
    129 168 229 255 27 255 255 114 205 122 76 30 166 79 255 255 229 86
    164 243 84 61 157 109 0 0 0 53 0 248 0 142 81 209 0 220 80 195 117
    255 121 143 231 255 255 51 0 255 249 0 53 65 0 57 0 255 183 255 255
    232 126 116 46 39 255 226 142 0 37 249 202 152 255 255 255 255 255 0
    105 118 130 152 0 0 183 21 208 255 56 95 112 185 221 0 42 181 29 37
    184 63 10 255 195 2 220 194 222 53 255 78 128 255 0 252 193 92 255 0
    156 232 0 0 0 0 92 102 255 98 244 0 255 96 31 218 213 245 38 221 82
    240 19 80 55 199 84 160 255 46 37 202 255 255 255 173 0 43 88 245 0
    40 255 255 235 188 255 106 85 146 255 197 135 8 0 131 128 6 58 223
    255 138 99 89 0 9 130 0 255 255 255 255 250 255 24 255 232 21 0 121
    60 19 84 213 0 255 0 102 236 127 69 125 0 255 176 0 224 123 72 187 0
    23 0 150 255 5 21 121 240 34 219 147 6 158 165 178 99 117 70 255 120
    234 128 60 67 0 105 179 226 235 120 69 255 255 0 68 0 255 0 53 240
    156 162 115 98 184 170 165 255 255 255 28 137 218 97 0 255 99 0 0
    193 74 255 181 119 136 69 28 0 16 206 0 255 255 80 0 0 0 159 160 0
    179 255 19 102 0 201 224 255 76 0 43 0 60 160 169 0 142 0 255 42 255
    255 143 0 255 117 2 138 46 45 60 104 80 0 61 241 0 190 149 33 99 25
    24 148 70 183 255 255 89 162 167 96 184 255 255 0 105 255 0 255 133
    61 0 194 0 178 201 0 17 132 0 4 141 195 230 74 0 0 141 255 0 254 135
    255 124 95 120 0 218 42 59 209 255 0 255 255 46 110 0 255 166 0 192
    0 119 31 76 9 255 221 233 255 49 195 215 83 255 255 141 90 208 211
    235 112 0 255 14 0 11 255 255 0 0 53 37 0 241 0 255 128 158 27 0 78
    0 228 140 173 153 175 255 136 255 153 156 0 229 165 243 255 222 255
    195 255 250 255 102 0 0 120 43 255 223 0 27 69 35 238 0 238 0 0 255
    0 255 0 255 64 255 122 0 5 243 255 255 18 255 90 0 227 80 98 79 36
    208 212 25 124 0 73 0 0 7 0 251 70 35 247 255 95 255 255 0 82 0 236
    228 255 110 3 214 142 151 219 131 255 50 70 255 36 211 85 255 192
    163 0 0 77 105 96 253 47 6 14 106 78 37 233 0 255 255 251 25 109 255
    0 255 0 255 178 71 132 255 0 0 207 205 0 0 255 232 148 122 167 255
    26 37 83 87 202 24 0 0 163 89 223 133 255 0 182 53 239 136 221 0 0
    255 0 155 180 255 64 0 0 148 255 0 0 144 237 123 171 0 0 0 61 75 169
    0 4 255 0 74 0 0 0 49 196 255 150 255 156 37 255 255 137 27 255 193
    0 57 193 82 1 153 53 255 231 208 150 195 0 120 202 77 179 242 209
    194 75 246 95 37 255 255 255 255 197 7 132 224 247 107 0 212 198 8
    255 255 185 255 245 148 223 166 123 188 122 27 95 255 21 73 193 225
    241 240 255 197 149 255 255 251 255 156 111 142 48 139 0 38 255 146
    32 0 88 233 249 13 0 0 193 255 186 255 66 255 68 129 255 135 47 255
    0 250 74 160 118 213 255 179 115 255 255 78 25 156 19 0 0 68 0 75
    151 255 247 228 182 0 104 255 146 137 255 115 184 132 0 225 190 255
    234 35 113 138 81 10 255 255 233 188 220 0 255 140 23 251 255 116
    180 219 2 255 76 0 24 213 133 44 115 0 225 117 255 77 0 32 0 117 254
    0 45 152 162 255 168 255 67 244 68 0 202 0 0 57 0 19 213 0 29 9 0
    255 255 255 255 211 255 54 238 0 22 64 163 52 0 0 41 128 190 255 201
    0 213 0 1 14 12 255 215 0 246 255 86 79 255 220 172 40 0 147 49 0 0
    97 197 82 157 59 8 193 195 6 41 148 0 255 212 255 255 153 0 183 232
    255 0 0 80 176 73 177 247 255 97 70 255 240 22 76 35 255 255 53 102
    17 0 170 104 19 90 0 0 59 0 255 182 0 124 156 255 255 17 40 255 110
    26 167 183 135 198 255 0 211 255 255 237 136 13 255 0 0 77 250 175
    19 74 255 0 102 115 147 255 255 167 76 57 255 74 88 178 17 84 19 194
    0 0 255 0 234 210 209 127 255 94 27 169 0 244 74 45 74 221 97 9 66
    255 130 59 255 255 98 239 0 0 67 67 245 223 199 142 57 205 12 110 31
    255 245 151 101 31 0 68 0 0 0 96 143 255 0 124 141 102 255 23 223
    255 155 243 40 9 121 247 29 227 38 13 121 0 25 94 0 149 140 42 193
    119 9 0 102 121 167 0 37 99 160 31 255 208 106 0 196 108 58 135 0
    255 187 0 188 225 209 0 0 140 90 255 0 245 255 255 141 0 219 96 36 0
    24 181 183 255 101 1 164 4 105 0 207 255 255 159 0 0 251 103 104 216
    39 255 31 212 129 115 91 186 43 65 57 255 202 29 174 255 163 255 75
    124 0 209 201 109 0 166 49 255 65 40 142 23 135 18 210 149 117 42
    255 0 71 8 0 0 255 0 46 255 164 0 111 89 137 255 255 75 0 215 118
    250 0 0 145 0 214 0 149 227 255 198 33 255 79 59 9 142 8 136 248 84
    255 165 110 0 255 94 65 255 255 76 3 107 244 0 129 29 2 0 253 255 38
    151 251 0 254 231 87 0 255 66 17 255 128 42 210 96 54 31 132 31 12 0
    176 255 250 224 37 38 222 46 63 14 183 0 213 255 194 109 22 115 123
    87 212 0 187 0 255 246 199 178 80 156 161 0 0 255 0 0 11 0 250 0 79
    54 123 0 91 255 132 0 72 255 0 208 82 164 255 255 255 249 255 182
    255 255 218 169 236 63 52 0 0 224 15 71 255 0 185 64 249 30 0 82 24
    249 186 0 231 156 0 209 15 153 81 82 255 0 199 244 168 97 0 54 0 31
    148 0 0 220 0 24 255 0 20 0 176 91 216 255 19 255 131 28 230 138 235
    32 48 0 0 0 21 66 255 0 0 255 156 220 103 0 79 255 190 86 181 255
    169 195 221 76 50 17 139 91 146 48 152 162 255 212 255 47 183 26 0
    54 0 0 193 44 45 173 83 255 0 255 0 0 0 24 86 194 201 255 0 68 68
    210 132 205 125 113 104 62 0 10 0 126 56 0 42 42 143 228 46 102 255
    250 243 37 234 204 52 21 237 58 59 41 67 0 0 172 130 27 149 0 0 175
    1 139 208 154 65 255 135 0 255 0 255 146 212 142 24 0 52 26 255 36
    255 255 153 93 125 146 255 93 15 255 255 16 146 0 170 255 6 155 116
    150 29 0 18 166 0 36 112 1 240 245 3 188 255 255 73 172 0 211 232 57
    84 0 240 185 255 141 239 214 115 61 0 187 81 255 244 144 255 255 0 0
    93 54 254 111 0 255 113 255 220 255 8 0 255 21 255 46 197 97 0 186
    57 168 34 48 0 239 29 129 255 227 0 191 0 229 0 142 160 62 255 165 0
    194 119 255 0 0 204 244 0 255 0 50 159 124 206 233 229 48 0 0 0 0
    102 255 6 248 92 44 84 0 0 255 119 249 255 150 174 255 255 0 205 255
    0 255 255 183 45 135 255 255 114 255 146 255 181 64 112 179 29 93
    233 141 99 54 170 14 55 188 54 49 170 165 15 210 86 112 0 28 255 144
    0 189 0 145 47 107 255 0 236 0 168 72 126 23 152 99 255 133 179 254
    170 15 255 238 122 40 120 140 0 5 45 45 0 97 0 109 35 255 113 84 155
    255 251 184 255 255 0 19 17 255 143 0 230 148 77 231 142 255 174 255
    143 255 40 81 0 40 255 255 0 13 57 0 255 210 143 0 255 218 114 13
    106 131 248 0 78 0 19 0 155 50 105 255 0 255 0 0 241 0 159 255 50
    255 202 255 167 5 64 0 255 1 134 239 0 126 188 218 244 255 0 42 97
    245 48 255 230 255 92 60 0 231 198 84 88 255 0 31 215 255 255 249
    255 236 49 255 131 255 233 25 145 98 255 255 255 254 7 255 0 115 40
    0 255 22 0 241 44 0 255 94 123 133 236 140 105 198 255 211 139 0 255
    255 106 244 255 251 255 237 0 0 0 140 53 14 87 41 145 255 161 0 9
    124 0 154 221 255 128 36 153 255 167 255 255 255 1 0 65 255 23 17
    255 255 255 0 243 127 179 107 160 229 19 220 3 103 0 191 0 5 255 170
    255 0 200 3 21 255 122 94 250 78 134 0 228 35 145 0 255 0 210 231 0
    199 80 29 255 56 20 246 226 0 170 0 0 216 255 255 222 255 255 10 255
    0 188 42 255 108 255 255 160 255 54 238 20 255 255 95 68 255 255 182
    255 255 27 115 0 85 219 157 255 46 238 103 39 74 255 141 46 0 51 69
    237 44 0 11 233 0 255 253 180 80 207 215 133 72 0 209 250 0 132 30
    255 112 120 177 145 0 71 24 211 173 255 139 201 162 221 119 247 59
    113 0 35 60 186 35 255 216 198 177 255 0 196 197 157 138 59 206 198
    176 65 159 209 255 78 255 98 109 0 66 102 0 109 113 255 126 255 255
    71 183 255 77 177 255 10 40 255 255 92 235 7 15 54 143 70 255 0 29 0
    133 192 168 17 0 0 255 0 0 100 0 0 255 255 114 106 120 203 0 41 255
    165 255 103 254 150 182 217 38 131 0 0 218 181 53 0 96 255 244 187
    124 255 209 255 3 190 255 255 85 0 255 235 110 77 137 143 0 152 176
    22 76 229 255 107 99 255 0 0 255 16 0 28 0 255 210 0 0 6 0 231 0 0
    255 240 173 255 8 255 112 183 87 255 255 237 93 0 0 150 255 217 233
    133 0 255 220 0 255 76 29 158 222 55 0 61 255 255 48 231 45 152 0 8
    255 0 0 172 0 255 0 46 103 255 0 0 228 110 105 0 255 145 3 0 255 0
    61 255 0 80 60 216 209 0 95 0 114 0 29 0 98 255 126 255 0 139 255 13
    255 15 196 177 43 255 119 0 133 255 0 254 16 17 222 1 253 255 146 9
    0 120 188 255 255 142 132 132 41 255 221 255 31 83 255 190 251 131
    44 255 229 145 20 243 0 0 0 215 24 0 181 0 103 154 255 0 66 0 0 255
    0 7 255 0 30 36 226 86 19 161 5 246 152 211 230 102 88 0 255 48 0 66
    71 207 3 149 0 219 255 172 114 165 108 143 0 64 101 209 93 42 147 7
    69 36 255 161 112 0 239 0 255 254 0 100 0 255 139 159 0 213 40 180 0
    242 174 161 214 255 255 224 47 112 255 21 222 0 143 255 79 0 255 185
    0 255 255 253 0 90 255 0 58 123 148 0 121 204 205 47 105 32 138 255
    255 255 250 255 119 0 0 255 191 0 255 1 0 149 0 164 128 233 127 8 47
    0 48 177 0 3 0 0 46 0 255 22 234 225 125 255 209 6 255 243 164 255 0
    104 81 93 0 125 255 0 88 255 55 191 136 255 223 0 33 226 0 208 159
    204 243 120 255 117 255 53 229 45 0 0 0 0 0 178 113 111 65 255 0 255
    194 0 255 100 64 94 255 29 255 139 80 208 255 255 255 0 227 255 255
    81 255 0 0 255 160 185 255 249 255 109 93 0 136 147 239 255 0 0 14 0
    255 86 255 183 143 188 0 255 0 0 148 188 47 204 253 0 13 97 0 209
    178 177 72 213 255 255 201 25 32 130 255 4 0 255 255 72 255 0 166
    255 7 0 183 167 84 0 52 73 0 255 222 155 232 71 99 54 255 116 181
    182 255 20 255 119 104 51 38 217 0 236 0 157 0 195 149 145 98 172 22
    8 167 0 107 55 0 75 226 177 37 25 62 87 0 0 255 227 106 36 255 106
    20 255 255 255 245 111 0 194 255 80 166 182 42 8 255 107 0 255 116
    14 96 217 68 0 245 219 0 0 235 222 0 94 59 144 48 25 115 225 202 114
    0 211 88 75 221 59 236 234 0 206 99 0 255 163 242 22 0 245 255 141
    173 167 0 123 167 247 255 145 178 0 255 61 226 0 0 49 0 246 255 215
    83 249 159 0 125 29 255 0 0 88 29 115 102 0 173 27 0 255 123 32 0 66
    114 184 0 181 248 96 208 255 149 58 255 17 216 255 158 120 0 250 252
    181 128 255 0 255 20 176 247 208 135 255 195 124 144 55 255 208 80
    136 0 11 21 0 255 0 0 255 183 210 255 213 78 0 27 165 111 38 22 227
    0 104 255 132 40 169 140 255 171 117 0 255 255 214 196 0 146 255 0
    230 255 0 22 216 11 0 34 184 255 0 254 52 0 181 211 225 161 0 52 157
    218 154 237 120 54 255 255 0 255 0 0 181 9 255 2 255 255 0 255 255 0
    154 224 255 101 78 0 255 75 208 198 209 147 111 255 255 33 51 78 255
    104 53 215 9 248 104 180 69 255 163 255 151 133 217 21 165 57 160 27
    216 255 148 255 109 255 153 14 225 203 255 255 255 0 221 30 0 151
    255 73 198 255 11 255 102 0 231 251 28 0 47 52 0 34 0 59 189 135 163
    255 185 198 171 128 0 95 255 252 14 255 255 77 255 15 44 41 180 255
    87 23 0 223 31 235 255 0 0 90 114 0 113 0 178 117 131 138 58 97 192
    197 137 255 211 231 255 0 255 0 151 185 230 255 212 255 103 99 255 0
    255 137 245 61 0 0 0 255 1 135 16 255 255 69 8 125 0 60 255 0 78 0
    255 11 3 115 235 243 0 255 228 10 151 255 255 106 130 136 106 120 0
    124 255 105 0 167 255 0 81 55 255 33 0 81 22 83 205 161 0 191 49 0
    65 46 0 218 175 255 88 15 255 63 255 49 52 223 122 59 142 252 40 77
    179 2 234 252 255 125 26 0 103 187 82 3 0 129 255 80 153 255 12 123
    6 0 0 106 24 141 19 223 157 165 218 92 0 255 0 215 0 255 215 0 53 23
    0 180 255 65 255 17 197 2 0 170 154 0 0 119 0 189 17 198 255 181 132
    255 255 248 0 183 213 0 51 78 0 146 0 227 0 0 148 0 107 0 255 0 0
    189 247 0 0 235 0 255 0 131 255 31 41 177 255 219 11 255 1 243 0 73
    158 0 123 166 171 0 86 200 0 164 0 101 181 32 255 221 0 255 0 255
    255 255 145 0 232 0 0 106 142 22 147 2 255 19 0 33 90 255 52 103 233
    0 85 20 116 52 89 78 0 48 255 91 96 17 29 0 255 255 146 130 30 255
    255 255 84 255 0 26 82 255 174 62 255 151 152 188 0 0 0 43 36 40 255
    17 0 86 24 0 69 255 92 20 96 0 255 0 5 97 100 255 15 222 94 222 97
    144 195 0 248 0 225 255 29 121 87 204 191 0 180 0 0 230 0 72 1 118
    164 255 122 44 159 255 94 130 0 157 123 22 191 0 163 120 255 84 117
    255 202 0 13 242 0 72 11 0 232 50 0 96 255 173 0 166 0 121 121 0 173
    241 203 255 249 0 81 84 18 120 29 11 255 210 186 12 255 163 143 0
    255 25 255 37 242 255 66 84 234 255 124 30 199 255 0 255 0 0 171 0
    122 255 224 170 0 255 255 0 199 21 152 74 0 233 75 255 139 255 250
    255 224 255 0 133 161 202 145 0 196 0 0 0 48 0 42 255 184 253 58 0
    13 123 119 0 129 249 108 47 115 218 16 185 28 0 174 0 255 255 255
    179 144 111 0 255 255 179 55 53 255 171 0 6 0 204 0 104 255 255 144
    236 255 255 36 255 0 226 150 0 255 15 86 54 106 229 96 0 255 112 255
    255 11 7 18 232 0 255 255 245 255 186 10 255 0 175 255 176 0 255 255
    0 191 215 71 163 171 214 0 147 154 18 251 255 255 13 187 155 0 234 0
    216 0 208 0 62 255 94 173 255 255 167 0 23 37 255 130 42 108 98 191
    70 115 150 0 71 157 131 81 177 0 113 0 125 18 255 0 62 26 62 0 28
    157 120 65 204 84 107 182 169 255 255 0 194 255 76 136 255 142 84
    177 255 103 91 0 203 0 255 2 36 0 255 255 211 83 221 0 255 255 40
    185 0 189 202 108 178 121 45 0 215 214 211 0 255 247 38 229 211 255
    255 235 249 222 255 255 77 228 216 248 16 164 255 156 255 0 229 2
    135 95 156 111 124 126 0 0 194 0 66 130 0 207 1 255 86 0 255 0 0 250
    141 0 135 72 0 236 47 220 137 158 239 0 207 0 117 210 228 0 22 77 71
    0 198 5 0 252 65 0 12 153 137 155 192 9 255 133 36 193 100 92 171 0
    41 255 231 255 105 253 174 132 255 175 94 0 233 190 185 174 173 155
    163 252 0 53 255 200 55 0 255 234 0 168 13 255 0 176 103 254 176 0
    255 76 0 207 71 255 0 0 0 0 19 53 54 92 0 255 108 61 162 126 231 133
    42 37 2 255 45 255 255 255 249 196 166 201 19 255 255 255 15 164 244
    255 0 138 0 56 128 18 226 109 0 205 242 0 255 226 0 12 255 84 0 255
    255 255 249 124 255 79 55 255 203 18 76 82 166 255 0 22 203 67 238 7
    163 248 18 0 255 205 152 146 0 87 252 169 0 185 212 20 0 255 236 0
    255 2 255 255 255 254 154 0 106 238 223 0 255 255 168 50 247 145 0
    255 143 0 102 0 3 208 34 225 31 0 175 166 255 18 98 237 157 69 0 63
    37 255 114 226 77 172 255 216 207 18 0 46 255 74 255 255 193 71 230
    74 76 0 28 183 160 93 40 104 102 121 55 102 234 71 255 107 57 255 66
    255 0 207 228 0 255 120 70 142 0 0 0 95 255 236 0 197 80 95 57 253
    174 0 255 0 0 48 0 255 255 17 255 180 0 0 255 250 255 0 163 0 196 0
    255 96 0 24 120 255 255 67 159 255 112 0 61 255 81 0 107 0 0 209 47
    38 0 107 0 255 78 73 89 0 125 0 37 170 0 56 17 153 72 255 255 7 0 78
    158 255 0 0 255 78 120 105 0 255 255 240 255 96 214 193 196 187 99
    139 88 255 114 255 0 0 130 103 139 48 39 255 1 0 0 255 0 55 47 255
    230 255 169 209 179 255 67 255 164 110 83 49 15 0 35 179 43 72 191
    247 0 230 255 229 78 255 255 0 74 69 87 53 62 202 201 0 40 220 0 221
    125 219 0 0 0 74 255 69 73 174 0 255 129 1 115 104 150 223 248 99
    171 241 74 0 98 89 244 77 173 249 13 0 255 0 218 221 139 60 0 255
    108 129 31 127 242 92 101 0 0 255 184 0 0 0 0 171 65 255 74 0 4 93
    71 77 138 255 142 255 255 190 255 133 170 141 239 255 83 255 253 208
    255 90 146 85 221 0 0 96 221 217 247 152 11 75 236 248 79 100 0 255
    255 255 0 196 103 0 0 207 252 193 0 39 0 255 5 255 0 0 0 65 255 170
    18 48 164 61 255 49 220 67 249 255 52 191 255 7 169 135 230 1 0 94
    255 0 255 255 0 84 173 255 208 77 255 255 0 78 104 69 153 0 216 255
    0 50 173 4 56 255 223 0 245 255 106 0 0 152 255 53 0 51 25 190 0 255
    75 106 255 199 0 0 255 0 255 109 59 50 255 236 137 228 135 255 115 0
    0 60 74 220 76 43 78 13 110 47 84 0 255 98 127 214 0 201 218 93 50
    255 35 169 255 248 147 0 92 91 40 0 255 230 241 52 137 255 255 0 48
    255 157 255 73 148 80 70 79 34 0 255 179 3 13 219 0 148 0 0 108 161
    122 248 202 169 255 0 197 230 164 0 133 255 255 255 0 76 255 112 58
    153 128 67 255 0 91 203 28 118 188 0 185 0 64 255 187 0 0 166 88 234
    161 150 0 183 0 32 217 255 179 174 238 255 0 255 255 153 104 0 0 0
    36 127 0 148 203 255 4 255 143 255 129 255 119 89 255 89 89 0 70 51
    199 0 0 0 37 190 255 237 209 0 255 240 61 225 59 0 255 49 149 40 255
    95 0 78 141 250 78 0 28 0 106 51 211 192 102 114 129 109 0 255 0 73
    104 255 32 147 250 0 29 0 0 26 0 133 131 0 83 119 255 0 0 88 112 145
    255 101 255 21 158 103 44 66 70 173 58 89 123 121 235 27 0 251 255
    51 225 0 249 255 132 23 144 255 129 222 36 0 99 249 63 255 32 222
    145 225 15 222 56 67 17 62 255 0 114 179 171 235 109 164 180 255 176
    74 0 132 255 54 59 89 0 0 70 174 0 255 151 0 50 255 244 0 0 40 96
    235 0 62 0 255 146 0 168 255 188 237 39 243 0 23 198 255 65 144 255
    0 0 248 255 0 255 60 0 9 192 108 111 45 255 148 255 187 255 0 159 53
    15 174 0 94 55 0 200 148 230 0 215 251 82 28 71 80 255 0 123 116 23
    46 207 224 67 96 125 193 0 0 0 255 0 46 105 144 54 136 0 128 20 2
    255 141 0 0 116 169 255 0 103 118 41 41 255 61 198 0 160 203 255 101
    0 21 255 86 255 255 255 171 224 57 63 239 159 0 255 57 231 37 0 104
    255 254 129 0 5 255 0 107 255 127 0 57 85 0 103 0 0 166 0 31 255 59
    183 138 6 255 163 0 199 0 255 198 0 76 177 5 157 255 144 128 255 255
    0 175 138 127 219 0 0 34 18 245 156 146 5 255 158 236 255 27 189 255
    219 21 255 148 255 8 238 255 0 7 0 225 219 0 94 2 89 113 74 58 66
    125 0 255 0 113 81 0 206 155 0 191 0 161 104 223 149 201 0 0 0 148
    61 18 255 218 0 164 232 255 74 46 0 242 109 0 255 255 254 0 137 242
    255 19 0 141 245 43 167 255 138 220 255 113 255 136 190 184 0 18 43
    43 215 59 255 173 171 255 176 111 54 0 158 166 195 0 218 113 27 0 0
    126 0 0 0 45 138 90 255 0 149 22 128 255 0 251 157 0 255 99 169 50
    201 0 0 0 65 22 228 0 255 151 0 17 214 65 88 182 78 37 112 108 14 62
    255 184 150 235 82 255 0 223 255 187 87 0 0 255 0 60 149 95 48 229 0
    137 0 0 201 255 0 163 48 65 255 255 12 255 0 74 195 47 78 81 255 255
    26 30 182 255 245 159 6 255 132 0 247 0 255 0 28 0 159 0 255 176 0
    180 0 255 200 0 0 178 244 255 0 125 128 92 255 85 95 247 1 90 0 81
    134 72 0 0 89 207 255 0 168 212 0 93 255 215 255 255 96 31 0 84 96 0
    189 255 236 8 203 27 147 0 151 0 0 108 15 0 39 80 78 53 0 255 82 105
    255 255 92 247 152 73 0 0 0 224 77 212 156 39 0 255 255 151 255 0
    135 255 229 128 0 255 0 224 14 121 223 255 0 67 188 251 53 147 105
    255 79 200 67 0 255 255 121 255 255 199 212 123 47 196 9 124 0 30
    158 0 183 149 0 255 111 0 255 86 139 173 0 4 226 20 71 118 62 255
    255 243 144 255 0 56 0 29 0 0 53 137 156 207 64 255 149 255 88 255 0
    1 5 18 196 0 255 14 255 146 3 143 115 169 142 223 54 148 109 0 18
    236 95 187 137 184 78 0 255 121 8 194 204 3 0 0 255 0 0 255 154 255
    192 18 141 0 0 139 198 0 71 255 252 0 228 172 0 47 135 0 0 59 72 53
    0 0 85 157 19 103 25 255 231 143 168 214 255 0 255 193 26 132 0 255
    204 219 255 0 255 255 255 255 120 108 36 248 114 98 255 255 129 0 20
    255 209 0 50 136 255 52 199 253 28 94 255 0 81 20 255 96 97 239 0
    180 81 98 52 234 251 233 250 0 0 255 14 0 255 136 239 255 35 34 255
    216 4 229 0 177 0 0 255 0 100 0 0 0 50 0 188 255 255 255 255 255 0
    84 146 255 42 255 31 247 0 0 158 0 0 0 46 78 0 33 152 246 194 99 0 0
    0 255 66 0 228 204 255 150 142 255 255 103 255 84 122 140 21 61 255
    75 140 164 214 180 0 255 0 30 47 36 0 0 161 39 255 204 201 124 232
    255 0 217 37 144 255 89 196 243 0 124 255 255 143 68 255 0 0 213 77
    207 95 0 255 255 0 97 18 233 255 139 163 154 59 115 91 114 34 0 254
    99 255 133 169 23 255 93 199 0 228 175 39 244 227 245 59 171 10 36
    44 0 56 223 56 91 47 8 33 255 255 0 216 38 0 0 236 36 58 225 133 255
    92 15 70 82 82 0 96 249 0 79 255 209 115 0 165 255 142 6 184 150 231
    0 0 208 171 13 0 0 20 255 0 154 235 255 206 140 255 103 20 64 77 166
    17 25 175 149 0 44 102 67 121 53 255 255 128 255 213 73 0 22 225 255
    147 249 190 166 118 101 204 0 164 28 255 28 64 116 210 0 255 255 171
    147 17 0 255 27 0 82 57 241 182 121 184 255 120 248 255 159 255 97
    255 177 0 255 83 0 160 92 161 135 255 255 86 229 158 2 0 0 0 177 36
    90 93 231 253 72 161 117 255 50 209 0 255 241 0 0 0 0 38 35 45 118 0
    178 67 50 0 255 134 72 116 170 0 255 8 188 255 0 249 223 158 255 230
    68 28 116 212 180 255 0 255 242 194 240 23 0 0 255 0 0 101 130 196
    180 181 104 40 140 255 145 255 255 0 248 180 0 154 211 255 184 0 72
    53 182 255 255 31 0 185 108 163 255 198 51 135 255 0 49 224 0 47 228
    38 0 70 255 129 0 212 187 0 255 255 173 81 212 99 56 0 0 0 227 0 1 0
    191 240 190 182 174 0 48 221 141 227 53 17 190 255 142 255 0 122 250
    120 0 255 0 0 15 86 122 65 255 101 228 178 196 157 194 0 190 255 91
    217 0 23 13 185 0 255 102 0 254 188 255 123 8 246 66 255 197 255 30
    87 128 253 176 18 143 104 189 137 255 251 0 0 255 212 0 41 109 255 0
    255 0 0 237 57 0 203 133 28 255 0 0 255 0 223 133 238 200 255 171
    135 219 242 0 0 0 254 0 31 1 84 205 226 200 30 0 0 101 43 254 94 255
    97 0 255 111 255 75 185 23 0 82 121 0 255 255 0 255 255 84 187 174
    141 255 28 46 223 255 149 0 0 214 27 170 0 255 102 0 255 26 99 26 0
    230 230 84 21 58 185 225 135 250 187 198 251 0 255 185 0 68 210 210
    255 125 0 0 0 0 46 0 52 186 0 114 231 0 135 255 34 255 0 85 136 178
    145 215 255 240 172 175 0 211 101 198 23 19 0 255 8 0 255 49 121 71
    119 0 79 156 0 0 180 0 93 255 255 0 39 216 255 0 255 193 138 31 0
    156 255 133 152 255 187 0 246 174 54 0 36 3 234 225 137 255 154 247
    255 0 188 255 9 171 135 0 255 83 0 255 185 109 186 133 0 123 0 15
    255 255 57 255 90 0 255 0 197 255 255 10 195 230 255 16 0 255 0 35
    255 99 255 73 0 195 255 96 27 158 174 0 255 148 0 164 0 206 209 101
    0 195 255 68 108 117 35 255 106 0 255 111 0 255 255 53 0 64 50 10
    197 106 253 255 0 37 255 179 255 118 255 150 255 0 255 255 95 0 221
    255 25 181 65 59 71 239 0 144 255 255 174 2 110 90 196 58 0 249 94
    199 188 255 0 85 71 255 186 209 118 148 145 78 27 0 255 123 255 255
    0 255 0 211 141 142 158 144 0 92 125 0 255 0 195 255 228 0 122 219
    255 40 15 255 187 248 255 255 0 156 168 0 0 255 255 219 237 130 151
    67 157 80 19 0 141 190 255 0 180 105 234 0 223 255 45 218 232 255 18
    88 216 14 0 244 3 181 84 70 0 87 117 222 255 20 73 255 0 232 211 230
    214 0 9 106 47 233 253 255 129 0 0 29 255 0 0 94 168 59 24 85 255
    229 216 49 18 201 174 0 255 120 244 67 110 76 145 0 193 176 255 67
    58 186 255 213 228 81 183 0 0 199 0 141 255 99 54 255 255 0 0 45 76
    82 203 0 90 0 82 0 62 255 48 173 255 120 218 213 57 0 86 255 255 79
    243 102 0 0 0 237 20 244 255 143 0 226 7 66 255 235 255 255 0 47 255
    206 0 182 255 3 121 44 255 255 255 140 252 255 255 93 233 154 214
    142 52 0 191 248 84 0 0 0 151 255 105 255 91 129 255 0 0 255 14 255
    159 224 63 0 26 222 122 42 130 240 0 255 0 203 212 53 255 176 0 121
    97 14 255 189 0 255 0 193 0 0 236 255 3 0 198 0 0 255 201 255 255
    236 0 55 255 255 154 172 255 46 171 34 232 255 0 255 0 155 98 255 54
    153 255 0 45 177 208 255 253 15 255 215 236 2 164 234 9 41 41 189
    255 81 174 255 0 150 255 251 255 58 168 163 155 158 255 191 0 0 255
    54 247 255 0 241 187 0 0 0 111 0 99 141 31 255 0 65 247 230 255 190
    0 182 0 0 55 0 165 0 255 255 198 64 106 255 192 237 255 255 123 101
    255 240 85 113 150 255 0 182 255 198 255 84 62 74 58 253 60 159 199
    217 255 0 0 59 255 58 255 0 0 0 255 32 255 231 242 0 14 255 0 120 42
    250 3 255 255 93 13 0 57 0 171 113 39 138 0 6 75 0 0 0 237 0 0 41
    255 31 236 79 246 22 255 0 255 221 73 36 156 130 0 0 255 142 195 255
    35 255 0 51 0 0 137 0 0 13 214 33 217 119 0 93 238 117 0 0 42 177
    255 80 255 221 0 0 255 181 216 154 70 255 216 167 42 255 0 208 255
    242 217 166 77 18 255 1 100 0 68 255 77 118 255 121 186 47 89 0 0
    162 87 47 195 227 0 52 255 226 255 255 43 93 175 0 255 90 24 187 24
    227 77 37 255 210 62 0 255 153 255 0 255 0 0 0 0 255 237 68 255 255
    124 67 61 225 255 166 206 255 39 146 255 72 61 255 243 0 158 255 0
    35 149 199 151 15 255 203 228 208 255 117 95 0 172 5 20 0 186 104
    186 0 111 202 0 0 0 0 106 0 0 252 168 235 255 255 121 176 53 152 89
    255 0 208 16 152 255 79 2 205 130 0 79 59 139 201 0 118 255 37 226
    25 255 200 107 0 255 18 128 0 175 243 76 118 103 157 188 206 255 0
    255 0 255 0 255 255 0 0 0 0 166 133 0 226 223 255 184 150 255 21 103
    242 39 255 0 130 63 0 41 167 255 71 95 104 255 46 182 255 255 66 14
    191 0 169 203 221 195 0 255 181 17 63 177 29 45 219 199 0 16 229 23
    255 166 80 111 166 179 245 145 0 244 0 211 55 255 255 0 255 255 210
    25 0 254 0 255 0 161 255 197 216 223 0 15 142 93 190 174 255 4 84
    255 255 78 255 255 255 104 204 72 95 12 219 247 151 205 255 55 36 0
    245 92 161 115 70 70 255 0 3 0 0 219 45 215 186 167 218 255 155 236
    0 0 169 0 152 255 255 255 16 255 255 13 87 62 255 255 238 255 161 58
    143 0 126 215 176 71 197 225 255 150 139 0 0 0 180 238 0 128 255 64
    182 255 217 255 136 184 255 0 255 255 103 85 0 197 171 63 222 95 255
    0 255 0 0 255 74 59 255 255 69 28 0 106 0 0 247 0 220 48 200 74 186
    173 236 181 138 15 0 255 238 21 177 5 209 225 29 56 15 255 183 121 0
    0 176 54 255 100 0 255 16 145 0 0 0 255 200 61 180 255 15 0 247 174
    0 210 195 255 176 255 233 255 72 255 138 91 255 255 43 128 0 255 0 0
    198 255 189 191 177 23 0 107 152 255 102 42 227 255 15 23 0 104 57 0
    0 58 148 0 0 255 0 255 255 209 31 160 80 25 0 82 0 0 255 255 0 114 0
    249 13 61 239 255 255 50 43 128 130 173 57 176 0 85 0 0 134 255 202
    201 22 14 255 255 91 75 255 0 255 35 150 255 223 228 10 0 67 54 34
    255 169 255 255 255 104 19 11 2 0 37 255 81 7 255 50 224 80 24 229 0
    0 255 0 109 255 252 221 255 255 0 203 18 0 120 255 33 244 81 188 132
    136 83 0 77 0 236 0 125 0 241 0 0 255 43 255 156 253 255 253 60 255
    255 255 138 0 255 255 0 255 255 0 0 39 0 255 62 0 146 21 0 255 134 0
    255 202 120 74 255 51 0 218 114 108 255 255 255 255 255 68 128 255
    174 245 117 176 255 25 39 43 0 255 99 250 255 239 251 102 255 63 210
    239 0 0 215 48 255 0 123 180 138 35 0 233 1 116 255 255 134 199 230
    167 0 15 194 250 0 239 255 255 110 0 177 38 0 255 255 93 187 255 255
    110 157 187 133 162 0 38 255 0 0 135 255 92 0 21 78 98 255 0 66 177
    172 177 24 148 255 58 0 131 145 255 121 0 52 65 0 255 207 139 9 227
    255 127 67 255 0 92 46 255 129 59 153 209 255 215 255 196 255 17 87
    67 229 238 255 255 164 26 255 255 154 0 255 134 183 0 0 0 0 199 0
    227 255 114 228 155 255 255 227 0 0 255 0 255 213 20 80 62 230 0 250
    0 0 156 255 58 27 51 88 255 255 255 155 255 0 171 101 255 252 154
    255 31 12 106 174 157 144 231 255 237 129 67 246 0 255 255 194 255
    255 0 234 150 128 18 255 94 210 255 8 255 0 0 218 0 255 33 255 127
    96 41 255 18 80 255 54 0 32 16 0 74 109 133 127 255 255 93 135 51 74
    212 71 20 140 0 0 121 14 77 0 180 255 131 255 248 248 44 255 178 21
    229 20 0 255 181 236 0 255 0 0 49 74 192 30 16 0 53 81 151 255 183
    170 61 68 96 40 211 254 119 99 164 255 178 72 251 0 243 145 83 255
    21 229 240 35 255 255 20 6 27 198 101 40 159 0 255 77 255 163 231 22
    179 172 0 144 13 0 255 0 0 255 159 0 149 38 155 10 34 18 79 92 165 0
    230 255 0 9 255 159 255 24 156 50 255 223 250 23 255 249 69 114 251
    0 197 255 195 175 230 95 2 255 173 95 255 157 6 255 122 151 208 44
    255 0 0 33 0 205 0 255 255 218 255 255 68 88 227 84 49 215 50 255
    255 236 40 121 48 6 254 50 0 91 255 117 0 232 255 91 26 183 201 0
    179 255 99 0 51 45 227 255 212 255 255 21 253 241 43 255 204 255 209
    1 205 218 56 195 91 70 150 0 115 255 255 144 225 200 101 70 139 83 0
    218 199 153 255 103 109 113 116 127 216 132 73 255 25 0 0 90 217 24
    228 255 106 122 255 0 82 0 0 233 149 72 53 132 32 215 60 92 240 68 0
    113 120 194 209 1 84 90 0 47 156 255 220 176 0 91 49 0 229 165 0 151
    80 123 19 255 0 255 255 0 0 152 0 0 0 154 242 12 255 188 104 8 236
    255 160 0 126 195 146 149 161 0 13 56 29 61 0 6 19 229 225 83 0 152
    0 27 187 255 0 217 255 207 167 255 255 23 163 148 255 0 230 50 0 0
    255 101 255 0 126 255 213 0 59 212 255 0 224 148 56 127 255 3 229
    222 234 237 254 33 254 187 234 204 0 74 255 85 10 241 255 203 255 0
    255 94 209 0 255 0 39 1 0 0 255 241 0 255 10 255 255 63 255 28 0 243
    73 175 54 0 129 92 148 255 0 101 109 194 171 151 197 0 0 255 84 192
    255 255 255 132 116 255 255 117 125 255 0 129 34 255 236 217 13 129
    34 186 106 89 48 137 0 66 129 226 222 3 34 0 22 111 3 0 0 100 96 181
    164 175 118 182 185 119 74 245 226 0 22 137 149 198 169 1 197 0 206
    8 0 137 84 42 119 210 255 104 255 167 255 0 35 43 15 255 208 141 197
    255 255 183 234 82 102 189 40 181 69 255 141 67 0 72 220 232 96 19
    198 92 98 223 255 255 0 255 185 212 189 255 43 107 78 97 255 218 0
    89 179 115 0 56 152 190 0 255 116 196 13 116 117 0 150 15 121 0 152
    159 186 255 110 39 221 255 255 23 186 201 136 10 0 119 255 15 23 153
    196 51 255 236 190 0 233 249 134 255 255 255 201 79 255 0 0 0 132
    131 255 212 191 132 163 0 199 75 90 243 255 232 118 255 255 0 190
    255 13 35 100 136 26 159 255 33 208 10 255 0 162 110 0 68 41 0 116 0
    0 163 24 205 0 177 9 0 175 224 164 0 148 88 119 56 0 144 0 105 255
    84 255 255 0 16 255 121 207 0 2 239 35 255 177 159 73 109 0 97 0 0
    255 98 165 0 0 178 186 160 78 0 23 190 55 255 54 204 29 0 12 255 142
    0 0 255 134 250 53 244 255 255 224 164 242 99 180 4 239 44 255 203
    170 30 191 226 255 255 93 255 0 10 191 129 10 255 222 255 141 61 0
    200 214 0 123 26 20 115 21 0 55 255 109 0 3 219 0 255 0 154 128 71 0
    180 21 0 107 73 244 189 255 255 255 42 108 255 100 220 236 52 107
    142 0 176 88 44 42 0 255 114 0 172 26 183 31 36 172 101 208 116 202
    0 255 157 211 17 41 196 206 88 255 141 0 9 255 0 68 141 55 194 248
    197 255 45 97 255 127 0 255 255 0 241 200 181 114 0 58 255 228 252
    110 0 152 17 98 126 114 128 159 104 103 130 65 171 255 10 56 96 249
    38 0 39 64 0 240 191 123 128 255 0 0 14 182 0 84 36 227 50 50 0 146
    111 132 93 255 68 89 255 59 204 255 85 0 156 255 138 61 170 0 0 241
    0 11 119 117 204 26 0 45 72 0 255 28 229 0 148 33 255 0 6 4 255 60 0
    255 112 0 208 57 70 179 28 255 255 238 0 0 0 0 0 91 99 77 246 255 10
    190 0 212 0 255 255 255 255 193 0 91 7 134 163 255 189 5 255 66 255
    0 5 75 161 200 73 150 142 250 0 77 0 0 255 0 30 202 255 203 63 0 255
    139 255 0 255 83 139 0 142 0 118 52 1 255 36 250 255 0 160 0 45 41
    139 0 255 134 161 166 255 85 11 242 0 255 255 189 132 255 15 255 141
    255 20 113 9 255 255 27 193 233 0 170 0 34 210 225 244 255 0 255 82
    0 67 255 209 201 0 184 255 0 0 195 0 0 194 255 0 61 90 169 8 0 255 0
    195 194 201 0 255 255 255 255 41 11 199 54 244 0 255 135 10 201 255
    165 0 129 0 255 255 250 11 121 255 167 128 47 231 178 75 255 0 93
    132 197 0 0 0 205 255 144 54 0 2 242 79 156 255 29 200 250 0 255 6
    255 255 138 64 86 0 159 255 33 122 0 195 113 237 212 0 104 119 255
    255 75 89 0 0 66 71 0 0 103 171 255 255 255 100 255 191 159 59 24
    208 218 248 190 0 101 242 15 238 255 89 185 246 127 179 221 57 255 0
    255 181 138 240 211 68 78 255 72 246 218 0 53 255 68 0 139 70 254 1
    0 47 0 0 0 0 97 135 205 0 81 142 80 106 36 69 70 185 27 0 255 168 0
    67 158 255 202 0 174 0 255 0 0 224 255 217 0 147 55 140 200 0 0 39 3
    242 0 176 255 0 0 255 255 235 126 255 255 250 155 255 148 255 240
    162 118 133 206 115 100 20 97 242 168 100 255 65 228 229 98 255 1
    209 123 0 241 62 255 0 0 246 193 171 142 136 208 0 180 249 104 44 69
    8 96 176 254 133 211 59 228 255 194 255 255 255 129 0 178 0 219 165
    76 223 14 137 140 85 73 0 0 198 0 126 0 0 255 0 204 237 50 14 255 90
    0 136 108 26 172 15 0 0 255 36 226 246 255 48 156 255 213 0 212 208
    114 123 55 15 27 0 128 17 157 21 28 99 0 218 0 159 251 166 60 186 34
    225 204 44 41 26 63 0 0 7 100 53 0 72 57 255 150 108 234 6 61 178 47
    255 76 215 198 255 255 105 51 255 58 0 170 0 0 54 169 255 113 0 0
    167 158 0 125 114 139 223 196 80 255 0 116 240 186 255 16 0 255 8 0
    0 89 143 167 130 0 33 255 27 171 123 228 255 172 0 1 73 123 249 67
    255 238 149 178 0 250 160 0 255 175 255 255 38 68 74 255 96 179 0
    139 255 124 0 159 235 255 9 175 255 99 116 53 188 15 87 255 128 67
    101 105 30 102 156 233 7 0 0 0 212 37 69 180 255 125 255 149 139 220
    58 255 0 147 0 56 65 136 0 0 64 10 0 0 204 255 0 181 114 255 255 255
    160 255 251 227 0 255 0 19 255 0 181 13 109 0 240 136 253 255 5 251
    255 255 161 168 0 255 251 0 190 47 255 174 201 255 0 220 224 233 0
    100 255 13 28 27 228 14 66 123 5 134 38 66 255 204 66 255 0 255 0
    186 255 0 190 75 255 255 232 181 240 37 86 44 0 0 213 0 254 186 30
    188 255 0 113 0 231 156 255 255 0 249 0 34 201 225 42 4 162 208 59
    208 255 83 58 255 248 255 183 255 217 199 0 74 43 179 55 82 79 251
    74 0 0 170 147 42 12 140 197 189 61 177 199 0 255 82 0 254 60 255
    255 147 34 126 5 253 0 141 0 223 164 126 255 92 0 93 190 129 113 160
    91 255 66 6 67 71 213 0 255 91 255 227 140 132 101 25 9 255 157 0
    255 200 15 255 216 149 0 255 255 62 200 115 255 42 160 255 0 193 139
    0 0 242 187 116 0 0 19 215 244 255 109 97 0 128 255 252 147 255 220
    255 100 0 198 7 197 49 0 64 239 223 30 152 255 79 87 0 154 1 56 189
    255 0 199 245 255 222 255 121 180 106 67 185 255 77 116 44 255 255
    51 122 255 164 114 212 232 0 209 144 164 0 125 133 0 255 85 3 0 255
    0 200 231 71 255 167 123 182 255 19 173 148 129 115 73 255 0 154 0
    22 100 254 255 117 255 0 0 255 127 42 208 6 228 0 4 0 255 255 255 88
    4 26 0 231 0 255 129 255 255 246 52 236 0 142 255 0 255 255 173 93
    134 255 0 116 126 221 255 0 255 188 231 42 255 171 0 0 255 92 227
    255 0 185 85 162 88 178 0 80 0 89 30 145 11 206 141 210 53 255 0 0
    238 223 108 23 51 9 137 0 0 198 255 255 115 131 255 96 255 255 36
    255 0 0 211 255 30 255 22 255 158 153 0 88 156 95 11 131 0 181 0 144
    198 255 0 0 60 255 132 244 255 0 95 97 0 9 0 232 0 255 158 0 255 170
    34 222 20 0 195 50 48 255 53 255 255 0 66 227 234 66 247 157 255 11
    119 91 186 51 0 159 0 90 162 239 56 214 155 188 255 42 247 8 74 0
    191 18 79 0 245 255 87 192 224 255 0 255 255 183 208 93 117 76 0 68
    0 143 157 165 100 22 20 183 255 0 0 141 188 123 91 183 0 13 200 0 32
    0 17 0 243 20 0 170 255 0 99 123 234 0 63 67 222 0 55 0 166 255 0
    150 144 255 33 230 32 83 34 208 0 176 128 95 74 219 49 140 255 142 0
    247 255 27 255 255 145 255 168 0 246 4 136 212 0 255 0 22 30 98 130
    224 49 132 0 142 88 46 102 153 0 146 0 160 212 188 0 18 0 245 0 194
    236 139 216 0 91 163 0 12 0 0 255 255 255 41 0 95 188 0 255 239 189
    255 228 0 0 0 0 185 47 187 65 122 132 182 205 255 0 0 0 255 252 255
    0 164 255 255 139 215 148 204 0 230 53 85 255 0 255 255 90 247 202
    252 96 63 22 226 219 255 255 73 245 0 255 240 216 156 255 52 0 255
    68 49 0 224 53 255 0 219 100 28 113 160 32 230 32 192 196 230 253
    134 0 255 54 156 0 208 149 93 255 221 210 76 126 251 167 0 0 177 106
    0 0 66 203 18 128 255 105 86 255 177 0 0 117 0 1 247 3 0 255 246 44
    93 104 21 103 0 0 0 255 45 113 167 137 212 138 251 189 255 112 255
    255 173 240 255 0 177 14 24 0 137 4 152 35 219 221 195 255 203 175 0
    138 189 255 136 182 131 0 235 24 222 207 0 0 0 255 150 255 191 254
    70 0 167 40 242 10 255 0 249 217 218 232 35 0 179 0 16 255 247 167
    163 72 175 0 177 255 255 255 91 133 255 25 0 0 255 151 255 198 0 18
    220 255 0 74 84 255 240 247 255 255 153 0 255 0 210 186 109 248 236
    95 37 68 125 25 73 65 225 154 235 148 255 38 0 12 200 255 0 0 105
    107 0 45 0 98 56 155 89 0 0 41 48 211 175 20 0 255 255 52 243 202
    199 163 255 165 255 165 226 174 178 27 255 255 0 42 175 220 160 160
    255 160 29 50 250 0 185 255 199 252 0 84 192 239 246 0 168 103 53
    255 0 41 71 0 170 112 108 255 127 209 8 83 85 70 255 189 125 44 59 0
    147 215 192 107 121 176 255 53 27 255 49 173 113 227 0 238 255 84 0
    255 0 65 175 0 199 33 255 255 255 3 254 255 112 173 194 215 0 0 255
    255 89 111 0 0 16 0 184 115 130 241 153 0 0 0 0 140 0 235 255 236
    255 203 63 10 238 22 95 69 255 255 255 241 177 0 10 0 190 94 70 255
    0 255 49 57 255 251 203 255 123 255 255 169 20 94 255 105 215 230
    255 130 0 236 0 171 0 255 36 0 232 30 26 0 255 152 144 131 0 255 98
    0 62 255 0 35 217 0 0 255 22 255 0 112 0 93 133 255 0 127 255 255 45
    0 0 25 231 65 196 174 0 152 94 25 108 92 178 92 255 0 121 160 146 62
    255 255 0 255 98 86 0 123 0 205 193 107 158 255 63 89 203 140 105 69
    199 0 130 33 97 1 0 104 181 68 0 255 114 255 41 151 3 124 195 255
    255 106 255 255 0 221 0 0 37 0 20 255 122 2 203 255 155 205 0 0 0 0
    53 206 248 13 154 109 0 106 71 188 255 255 0 89 0 90 31 0 229 0 255
    104 224 255 188 255 235 160 93 96 206 139 255 255 64 174 10 255 242
    255 0 190 26 94 1 127 231 189 0 248 243 102 0 229 255 255 0 0 59 0 4
    132 77 255 47 210 154 132 144 56 0 255 255 151 98 255 0 255 0 123 0
    104 171 0 223 177 130 255 35 255 153 255 225 0 255 255 190 255 0 15
    0 255 0 230 255 0 116 0 255 16 255 251 0 255 0 104 255 255 49 25 227
    51 26 0 255 219 0 130 123 0 255 36 0 70 12 117 84 0 127 0 255 57 87
    255 248 0 159 0 255 184 33 144 0 184 35 100 13 255 231 161 255 0 151
    250 88 57 0 161 223 0 0 255 79 80 70 255 209 188 255 220 89 87 12 0
    209 182 255 133 0 45 179 255 175 255 136 200 255 182 143 98 234 5 0
    255 230 68 146 0 255 0 37 255 0 168 0 0 158 139 166 29 97 58 0 0 255
    174 3 157 52 245 109 105 233 255 43 176 108 0 217 0 0 55 11 255 144
    110 255 143 13 255 0 238 255 0 57 255 148 202 115 255 255 149 75 193
    255 42 255 255 26 211 0 180 0 0 0 0 0 82 0 0 236 255 56 180 255 0
    255 255 5 42 62 0 206 36 240 0 0 0 0 3 209 99 255 174 214 0 127 0
    255 55 0 68 0 137 7 255 25 198 209 255 255 88 1 255 0 146 247 255 99
    250 0 120 71 215 129 70 51 109 160 91 17 96 114 155 117 255 251 28
    255 254 147 42 124 61 0 197 0 0 151 255 142 0 0 210 137 248 95 255 0
    255 255 45 140 28 0 205 126 0 45 191 255 242 131 255 195 0 69 36 255
    0 0 42 58 169 122 255 100 212 12 28 181 230 0 255 189 251 49 248 149
    144 255 109 255 255 117 255 255 255 22 96 48 195 218 255 70 154 21
    116 0 95 44 68 0 0 104 160 255 255 170 140 241 192 207 246 0 255 255
    255 34 88 255 116 25 188 176 9 255 235 50 79 255 0 53 202 151 44 252
    68 116 255 130 102 71 181 0 41 0 85 200 0 3 96 193 219 126 89 50 133
    255 0 255 189 14 255 9 169 189 92 37 255 72 0 160 39 152 0 0 30 100
    139 17 239 255 23 255 255 116 255 255 0 84 0 106 255 255 155 255 83
    91 255 0 0 29 66 84 0 0 255 108 126 204 0 255 230 0 65 0 255 143 135
    255 200 255 255 124 52 0 152 65 230 255 255 204 156 92 255 206 71
    255 0 97 234 85 54 95 255 0 110 255 184 0 244 90 125 181 195 255 234
    255 47 243 83 0 251 255 255 69 255 248 4 113 255 95 27 245 0 255 31
    214 90 19 0 0 0 54 0 139 167 255 255 198 51 30 255 231 255 0 90 0 82
    255 230 54 202 112 125 0 255 255 0 154 229 186 255 48 255 0 38 7 255
    0 255 0 95 60 255 0 0 105 229 187 255 160 228 211 98 0 131 255 255
    253 255 0 107 0 107 7 158 41 210 255 110 34 60 126 0 209 0 255 0 0
    124 200 239 120 244 161 85 32 123 255 0 201 184 185 1 0 0 5 55 0 246
    17 140 58 186 255 174 240 56 147 98 0 87 172 0 152 255 218 203 255
    228 255 193 225 0 158 138 169 255 255 186 26 157 0 100 58 126 7 187
    255 255 25 255 14 255 255 224 0 255 222 0 217 198 239 93 0 0 0 0 217
    109 0 12 255 6 255 255 255 221 54 13 30 0 255 150 105 45 36 166 0
    255 21 255 255 52 255 184 0 142 41 104 150 255 250 255 255 0 221 21
    177 97 147 47 83 149 186 133 255 0 88 251 255 255 189 0 0 0 131 255
    255 151 0 217 99 93 24 240 78 0 203 10 145 47 192 255 255 78 48 0 59
    189 250 255 106 106 0 62 99 0 46 129 0 255 0 0 102 225 200 235 141
    255 255 133 189 0 154 166 118 220 255 0 0 255 187 0 84 255 32 0 83
    114 0 43 0 24 30 33 169 16 198 222 184 142 66 255 2 217 56 211 193
    255 255 246 255 255 42 0 243 255 255 0 0 20 255 232 29 255 238 255
    216 42 0 0 7 126 2 220 99 74 205 0 127 39 200 82 78 53 249 71 55 255
    4 142 131 26 255 255 240 255 92 232 155 200 223 255 231 49 44 66 48
    255 7 0 255 231 111 217 222 35 63 114 0 236 244 159 17 0 174 255 176
    255 34 196 60 17 189 26 211 255 253 198 145 89 181 85 119 168 0 0 0
    255 255 0 255 147 240 238 39 0 135 255 204 129 255 255 0 180 108 181
    37 143 62 20 255 0 206 74 0 197 122 0 255 255 46 0 36 0 0 196 165
    255 0 255 47 255 214 129 195 174 171 0 255 137 0 0 30 0 255 255 120
    0 197 37 31 185 89 149 201 0 0 97 48 0 255 16 149 11 0 180 0 0 0 122
    5 207 255 180 122 238 232 255 228 3 93 0 255 46 64 0 255 136 255 71
    0 227 255 128 255 255 170 41 27 255 255 14 206 0 165 233 255 0 37 0
    255 82 255 15 26 142 185 0 0 255 250 208 0 255 110 255 7 255 50 28
    255 11 0 89 80 0 129 241 255 28 230 198 147 83 144 108 0 0 171 113
    157 156 238 150 204 255 255 0 30 255 233 35 156 97 224 0 0 12 216
    255 29 135 255 212 164 214 171 29 167 255 255 112 74 72 180 162 25
    193 161 38 10 70 43 0 115 49 255 124 0 255 255 120 167 255 95 0 139
    255 109 205 0 234 99 0 117 66 123 62 109 99 197 126 255 166 190 2 56
    0 172 255 132 5 94 30 255 97 13 156 0 0 0 255 0 0 255 207 121 255
    255 73 255 255 255 179 255 141 17 0 0 252 255 42 126 0 144 0 147 12
    176 130 187 49 0 255 121 5 0 213 58 224 255 130 255 230 255 25 0 200
    143 236 130 0 255 32 152 255 242 27 0 219 158 4 209 0 255 0 0 255
    205 201 255 95 255 36 114 0 26 180 73 155 130 96 254 255 255 190 158
    92 31 255 62 185 255 3 191 0 255 255 60 152 0 165 178 88 127 0 240
    14 255 74 52 123 255 77 175 255 0 98 97 74 235 0 0 120 119 61 34 52
    234 255 209 246 7 163 124 46 0 112 65 134 205 10 184 58 159 75 247 0
    95 255 0 174 144 157 255 107 76 188 0 255 35 11 31 243 158 255 135 0
    59 0 89 1 0 81 63 192 71 0 18 213 244 0 181 92 211 193 116 12 108 54
    0 190 212 78 245 225 152 88 0 78 78 0 168 99 0 255 0 255 24 0 255
    123 255 203 0 0 0 236 212 231 0 192 0 155 255 0 193 89 87 0 174 255
    84 238 86 0 69 0 36 0 85 0 55 188 139 59 146 216 255 209 0 255 187
    243 0 0 224 16 0 143 66 209 30 219 51 2 172 203 100 0 202 0 158 255
    199 80 139 112 119 12 48 213 46 255 32 0 178 179 0 28 118 227 252 16
    63 255 67 93 0 193 169 206 131 255 0 199 153 255 0 255 0 95 188 0 0
    145 20 130 155 0 255 0 23 106 225 186 7 206 162 177 0 0 255 255 163
    71 255 237 255 236 186 255 0 248 244 73 90 142 202 88 208 61 255 0
    181 152 255 146 158 255 255 0 228 52 0 115 167 201 7 0 0 28 184 94
    181 255 115 255 197 0 0 98 255 255 154 182 189 255 1 199 254 162 0
    77 201 188 0 255 255 255 106 187 94 88 54 210 5 18 0 255 185 0 0 255
    12 59 255 255 255 143 63 195 0 0 138 38 164 0 190 255 144 220 253
    255 0 56 106 0 0 0 0 211 237 0 89 255 65 226 255 0 255 112 255 146
    247 255 247 0 253 143 0 0 255 6 199 75 0 0 23 84 109 223 115 141 217
    232 255 0 255 15 197 204 142 85 181 0 0 0 32 55 143 108 0 115 0 67
    192 255 255 255 0 255 93 213 0 57 0 242 70 4 169 0 255 41 235 255 79
    182 255 210 210 213 76 255 79 255 198 255 32 255 234 254 0 52 251
    241 255 88 164 165 40 0 255 13 52 232 255 173 171 73 108 0 139 255
    255 119 0 39 154 235 130 62 0 96 255 113 253 210 0 45 0 95 255 241
    255 255 255 255 139 128 255 22 29 6 199 0 78 21 255 255 0 109 1 181
    0 52 36 250 134 0 17 231 153 48 0 119 255 24 225 37 255 255 0 0 0
    255 121 208 58 255 85 62 202 222 255 0 15 106 255 0 255 113 155 135
    255 81 0 255 255 151 255 222 46 255 42 10 216 224 226 0 176 99 164
    131 245 27 156 255 255 0 123 206 110 67 52 255 255 124 0 0 82 0 255
    255 162 30 201 0 241 147 0 84 73 92 34 0 100 255 62 0 0 255 94 187
    56 255 148 170 51 61 51 80 125 255 88 142 0 0 255 0 10 0 0 255 182
    255 255 255 0 189 0 0 0 0 63 72 0 128 71 0 175 0 243 144 66 0 0 149
    143 255 255 2 229 70 249 92 116 56 123 70 39 191 9 96 191 215 111
    184 109 176 0 0 0 0 255 255 74 90 9 189 166 43 0 28 0 63 255 0 62
    255 134 43 176 255 195 198 129 187 245 44 121 0 49 255 183 0 0 140 0
    0 0 96 239 242 0 235 255 104 113 183 255 98 143 255 255 76 118 254
    117 0 255 50 185 0 32 145 106 95 32 141 0 50 206 9 145 0 0 203 255 7
    81 0 220 127 134 130 97 0 23 0 234 11 119 237 144 158 197 221 250
    115 156 64 0 157 255 71 220 247 0 0 115 123 90 0 255 185 153 203 40
    59 255 255 76 34 55 0 0 0 0 255 242 4 108 55 185 255 121 0 243 38 0
    48 0 128 193 202 223 227 192 255 3 255 29 255 255 0 53 0 0 98 244 9
    255 255 255 217 255 255 255 255 255 73 254 0 144 199 228 255 0 0 102
    255 34 0 99 103 50 255 0 14 255 24 103 27 205 23 159 111 73 181 255
    171 255 107 22 141 255 0 251 0 0 137 40 57 35 0 0 0 80 0 0 17 224 95
    49 255 215 0 255 189 71 188 113 141 2 233 58 188 240 255 0 149 232
    255 255 0 255 238 195 31 154 19 0 13 0 19 255 43 195 56 10 62 9 79
    153 49 214 132 126 0 108 62 44 185 37 255 27 27 30 192 255 175 255
    255 35 160 143 255 171 0 115 68 0 182 255 0 255 65 169 108 127 226
    202 231 211 221 158 223 0 134 253 197 255 41 31 168 246 255 0 50 150
    18 246 255 13 0 141 111 255 253 0 201 0 147 76 0 244 255 255 0 134
    255 137 213 145 154 153 209 216 246 0 135 32 6 4 244 39 0 88 20 0
    151 255 238 130 0 194 110 255 11 6 255 0 58 232 163 116 255 255 131
    0 255 55 255 236 255 111 125 77 96 101 255 0 255 107 0 115 0 88 0
    169 11 236 255 0 255 143 255 181 39 158 255 228 0 124 255 13 0 221
    255 0 28 71 0 187 209 254 91 0 229 99 105 132 0 0 80 9 0 0 255 0 39
    255 201 0 0 0 255 232 255 255 253 206 222 0 229 125 168 252 155 92
    112 43 199 255 0 0 98 0 173 255 98 0 0 74 9 209 255 227 0 0 0 56 0
    125 255 146 0 211 76 203 96 217 231 113 255 255 167 0 36 113 8 41
    174 47 232 0 33 176 221 127 0 255 30 41 212 230 81 217 0 255 255 255
    0 104 232 0 112 223 85 177 255 109 255 255 255 255 223 191 55 207 74
    231 112 166 11 255 32 167 171 234 14 212 206 220 92 99 186 13 184
    128 255 145 102 0 41 255 178 101 179 113 29 167 21 240 170 227 74
    255 183 109 127 132 255 44 80 82 196 255 160 255 255 178 197 0 255
    87 0 255 0 28 187 131 12 0 37 213 43 77 55 130 43 162 197 255 42 116
    39 255 0 59 255 0 234 0 83 135 217 0 255 133 181 65 255 228 209 37
    145 0 125 151 0 216 149 117 0 0 234 10 255 87 145 0 69 106 255 222
    186 237 75 0 0 0 238 197 255 16 140 255 32 177 255 255 12 138 60 145
    149 255 0 118 255 17 52 211 0 255 255 0 120 0 254 216 247 161 255
    170 116 255 196 255 199 181 225 201 0 3 255 255 197 153 146 157 0 13
    8 220 242 255 13 166 7 255 250 255 78 255 11 212 213 114 97 88 46 0
    103 25 85 249 245 194 0 255 72 0 47 255 255 255 135 215 255 249 255
    188 255 166 222 255 255 163 0 0 163 0 86 189 0 255 52 197 58 107 0
    51 42 158 0 119 174 213 0 0 33 255 197 0 91 244 90 16 232 200 214
    255 0 28 255 0 255 100 255 179 0 255 218 70 71 0 0 52 206 0 16 0 37
    135 52 42 233 81 151 213 46 255 0 98 255 0 196 52 130 66 255 255 141
    21 58 86 105 0 187 0 0 164 95 69 216 255 255 0 0 249 255 182 27 113
    255 170 231 255 238 180 9 77 255 20 125 255 101 142 66 255 63 0 255
    113 255 156 126 159 190 22 0 25 0 58 120 225 255 70 255 246 164 198
    255 255 63 177 255 0 255 255 0 255 0 0 0 0 127 0 255 212 0 0 131 0
    255 255 0 82 0 255 17 128 157 0 229 194 0 19 0 30 126 255 0 252 0 68
    16 1 208 255 46 0 188 69 85 241 186 18 40 255 255 230 58 2 235 58 0
    67 29 111 89 111 0 255 11 255 172 67 0 220 0 178 255 194 163 146 255
    139 18 255 251 255 40 255 156 128 0 255 7 119 120 255 216 254 255
    181 120 0 236 219 31 255 140 195 255 98 0 78 12 61 255 247 20 230
    255 131 0 40 200 0 255 19 133 128 160 192 0 92 129 170 162 152 255
    196 211 56 0 211 201 0 251 208 131 157 5 9 189 255 230 64 226 39 202
    255 156 41 0 42 52 68 0 181 255 122 81 0 255 103 115 145 229 141 123
    44 221 0 0 255 255 192 255 255 11 255 195 0 28 0 103 67 237 255 51
    255 188 162 252 0 91 156 255 236 0 227 0 0 33 7 242 53 58 236 98 0 0
    0 142 7 53 86 14 214 253 255 0 43 255 135 145 0 151 50 71 0 67 22
    255 32 255 54 0 0 0 145 248 0 255 66 0 0 254 223 255 255 185 122 255
    20 0 0 255 0 158 147 162 255 245 0 20 7 23 255 152 255 42 255 239 39
    255 55 46 255 0 255 163 0 231 89 41 208 255 208 0 255 255 55 229 255
    175 34 0 0 255 255 242 0 255 247 48 0 91 188 41 255 157 165 234 224
    255 190 0 0 0 0 41 61 89 41 204 255 78 200 70 173 214 139 204 255
    255 217 211 174 125 121 70 210 255 60 0 154 0 34 35 255 86 0 255 255
    85 127 46 222 156 255 103 255 255 255 0 10 183 243 213 0 85 255 6 17
    0 0 190 98 146 60 241 137 183 255 3 0 226 255 180 248 160 81 4 255 0
    0 255 18 255 0 67 98 191 137 228 238 72 14 50 255 0 26 255 218 179
    255 202 215 0 243 239 255 213 35 224 255 35 0 53 0 78 185 0 148 0
    144 115 94 129 255 173 0 42 146 0 156 255 115 180 110 141 0 255 231
    21 0 0 0 0 117 0 38 14 255 0 130 213 12 0 152 97 255 126 144 86 255
    95 168 255 255 255 108 225 0 245 201 244 0 0 92 0 173 0 47 255 0 0
    139 110 98 0 50 79 102 173 0 118 169 0 81 89 244 229 37 145 148 194
    103 255 255 32 68 235 144 138 0 4 190 255 0 59 0 27 255 0 187 148
    100 60 81 239 1 14 255 67 255 230 173 140 203 255 255 41 124 132 255
    0 158 0 170 163 0 11 85 30 22 205 0 0 255 115 255 129 60 255 55 252
    224 172 130 121 217 219 19 254 167 129 178 95 255 91 255 68 204 254
    250 227 62 255 255 84 255 255 255 0 63 144 62 224 80 81 0 255 0 61
    221 0 209 93 86 157 110 55 0 216 32 95 145 255 20 0 251 0 0 104 99
    121 0 55 0 0 23 30 239 32 255 48 246 120 0 220 255 255 173 181 0 131
    43 0 0 244 131 255 219 232 255 247 196 239 218 95 255 255 0 246 0 0
    120 214 0 255 128 131 196 135 2 0 79 61 242 0 174 182 248 81 190 7 0
    255 184 130 135 203 59 255 255 255 93 255 224 183 105 101 66 48 89
    255 199 81 176 149 161 0 255 29 81 209 43 180 135 255 94 97 84 80
    186 38 70 194 124 255 0 233 151 218 182 0 182 69 255 255 0 255 34 91
    129 0 255 255 249 116 255 55 160 191 100 185 76 43 232 181 255 175
    231 0 88 161 9 255 255 0 251 68 62 105 65 255 197 115 234 214 156 33
    255 0 0 174 0 134 2 0 91 0 115 0 0 160 174 46 79 121 202 255 0 255
    159 160 241 255 55 144 153 228 255 147 136 255 255 44 201 178 235 0
    221 0 68 108 244 156 0 255 255 155 185 255 228 97 255 255 0 0 255
    227 255 255 224 0 255 189 213 122 2 224 122 83 0 170 255 109 165 43
    255 141 255 155 218 0 252 0 0 27 0 97 198 249 233 255 0 81 255 61 94
    219 218 255 255 255 109 204 255 0 30 194 235 188 0 24 0 140 255 16
    255 196 16 255 13 81 0 178 255 108 32 169 249 54 114 14 157 0 38 247
    255 226 187 255 227 34 102 220 27 255 241 218 255 203 0 86 119 244
    202 0 255 177 196 173 255 212 0 82 213 167 0 179 255 193 14 162 19
    158 237 255 142 99 165 255 241 82 29 0 163 92 179 85 0 0 167 0 60 0
    250 52 140 144 194 0 255 190 255 255 40 39 109 65 0 202 72 37 195 31
    255 189 0 152 0 0 0 125 255 254 255 255 239 255 23 127 217 255 255
    34 153 124 0 55 255 175 111 0 87 255 217 219 198 158 255 152 0 0 255
    0 193 185 0 230 255 96 146 123 233 255 180 80 64 51 238 0 183 6 255
    146 0 86 0 0 125 255 255 149 167 0 146 237 244 0 51 0 255 88 248 61
    239 0 169 255 0 0 255 8 192 0 55 141 158 0 121 61 175 255 96 0 209
    255 0 0 255 93 0 185 72 148 173 255 255 255 255 231 103 161 249 255
    225 0 255 158 0 40 214 0 83 162 163 220 135 6 80 61 203 3 139 62 42
    0 255 152 255 24 148 120 41 113 16 0 0 11 152 255 80 236 31 27 255
    255 144 247 0 207 197 68 133 134 133 0 142 148 0 154 255 68 0 234 29
    158 170 28 255 255 230 255 194 0 37 0 184 71 207 135 111 0 101 65 32
    0 150 194 188 255 255 27 110 10 75 78 174 207 0 113 0 0 0 18 0 219
    124 102 255 197 0 113 0 0 255 0 255 27 195 0 168 199 133 255 5 255
    206 4 124 0 0 239 54 0 19 28 0 6 253 192 15 112 255 191 255 216 255
    115 255 26 255 0 255 3 0 223 226 85 0 43 6 88 94 0 91 18 124 255 0
    230 0 255 141 255 146 186 74 220 0 208 255 0 99 236 153 66 130 38
    102 166 0 68 0 135 255 179 244 180 255 108 189 72 0 255 14 0 224 84
    255 162 94 255 177 60 68 27 255 101 136 199 220 0 207 233 123 237
    235 160 0 159 91 0 219 164 0 84 255 105 144 51 6 181 0 242 255 173
    255 142 194 7 85 103 0 0 16 255 241 118 173 0 0 0 0 217 67 255 161 0
    173 255 201 4 0 142 0 112 255 154 0 219 151 33 35 95 255 255 235 112
    239 174 125 0 0 0 157 0 57 253 31 255 255 213 255 255 255 87 255 29
    15 255 255 0 0 255 66 204 0 171 0 255 255 0 137 49 118 223 0 112 255
    0 148 255 9 120 121 0 128 123 49 59 0 34 160 255 144 255 0 54 255
    142 255 106 215 207 0 220 136 9 255 255 64 146 2 107 157 222 205 219
    94 255 225 125 0 0 224 147 96 105 255 79 198 126 76 188 220 28 180 0
    159 71 3 194 3 127 33 225 124 236 255 34 255 223 105 108 0 255 145 7
    152 164 33 255 156 9 0 174 120 245 110 0 0 0 27 8 0 16 223 0 83 37 0
    162 124 255 187 181 80 237 227 122 42 168 236 61 255 110 228 0 106
    214 242 211 42 189 255 175 202 104 234 188 0 183 7 28 101 48 255 75
    196 167 242 144 82 229 201 255 255 217 0 132 195 118 0 228 198 211
    78 49 104 113 87 252 119 109 96 255 175 0 14 85 243 85 19 0 255 69
    98 119 30 129 255 0 251 255 119 107 0 255 153 86 204 216 130 251 255
    255 63 170 255 107 160 255 255 152 98 0 255 174 129 0 29 52 136 159
    73 208 238 255 162 255 123 6 182 77 87 133 222 78 114 12 218 0 64
    175 12 33 255 200 0 0 106 136 236 255 102 88 132 255 201 242 0 114
    238 45 0 0 170 85 255 14 128 46 126 255 229 255 205 255 197 109 255
    255 255 214 244 255 96 255 7 155 184 0 0 149 0 0 74 191 48 255 0 44
    0 36 255 179 78 17 224 170 89 177 0 40 6 235 255 255 241 255 215 255
    54 30 0 255 241 249 0 208 255 87 142 252 67 0 0 178 136 124 142 68 0
    134 202 0 0 255 156 26 103 54 188 255 0 0 196 255 0 89 131 119 49
    245 0 0 11 229 29 0 249 123 255 0 255 104 201 0 141 0 235 204 126 0
    255 110 185 211 255 255 186 255 235 12 119 22 160 125 157 1 9 72 255
    179 8 252 147 3 246 150 0 156 255 255 0 0 0 0 70 168 165 255 0 57
    113 0 91 54 0 75 255 0 190 0 22 12 42 0 200 38 160 0 243 3 255 170
    175 7 204 0 255 104 161 169 255 174 214 83 148 0 255 226 255 92 239
    251 0 255 97 255 49 0 222 114 202 0 0 253 0 112 255 0 207 108 76 255
    148 111 255 199 255 214 99 153 0 169 167 0 16 54 40 164 0 224 94 42
    255 0 79 104 90 255 172 157 255 48 83 190 255 182 97 249 255 255 0
    49 163 255 231 177 255 0 255 26 127 116 197 106 0 97 158 60 255 190
    89 183 106 0 205 200 11 0 172 203 0 255 202 255 11 255 67 170 26 255
    136 105 255 203 255 255 130 147 255 150 156 0 196 0 0 8 0 202 190 0
    16 36 2 0 255 119 255 172 77 255 55 136 218 67 255 236 67 0 211 255
    255 74 255 47 255 24 135 38 0 80 250 245 0 143 251 97 255 255 255
    173 0 41 0 255 77 255 40 12 232 0 37 215 246 189 168 254 217 7 137
    255 0 137 204 187 255 189 71 255 82 6 163 0 255 0 255 0 247 193 113
    105 0 244 0 0 42 0 174 167 4 129 239 255 0 180 0 162 63 200 184 0 71
    255 0 0 255 207 255 0 255 146 50 148 175 55 227 157 47 190 79 96 219
    129 128 255 247 255 255 216 255 255 0 219 133 255 255 89 162 155 168
    192 255 255 30 206 175 65 162 255 123 100 0 68 255 255 0 0 197 122 0
    255 229 70 20 190 255 255 198 0 87 255 255 21 255 82 128 255 242 255
    255 0 220 44 108 19 161 0 109 0 181 189 73 133 110 208 154 255 255
    228 161 24 0 97 185 206 5 246 205 0 0 65 0 219 164 255 76 234 90 4
    173 0 0 135 0 180 61 252 159 0 187 239 17 156 0 255 0 247 225 0 28
    98 231 81 137 199 0 207 255 255 0 0 80 64 75 255 255 236 0 126 255
    53 80 255 255 178 25 251 255 0 255 157 15 24 0 226 0 179 23 51 53 29
    119 99 255 165 138 255 255 0 223 255 231 0 255 217 153 133 0 0 94 0
    66 28 248 0 57 224 48 255 255 247 255 255 101 255 10 149 149 253 64
    184 255 50 0 136 0 0 216 253 15 52 0 197 4 253 223 0 255 0 61 255 45
    255 255 77 129 203 144 0 0 148 15 0 255 213 35 0 12 29 0 0 0 7 94 3
    104 0 145 7 174 86 44 39 255 255 161 245 130 228 162 255 127 50 105
    237 216 2 103 123 29 182 221 119 142 81 130 0 176 0 209 0 255 41 215
    107 0 112 169 185 107 77 211 255 249 255 29 255 199 255 232 255 95
    255 140 255 6 136 169 41 152 255 55 54 0 163 0 0 20 234 196 159 31
    225 120 181 165 255 116 27 216 255 235 79 255 255 255 255 181 84 7
    255 14 4 36 74 173 0 106 185 54 87 187 15 0 0 4 33 219 30 210 219 17
    0 179 1 155 51 255 18 255 255 185 0 156 160 83 232 245 255 0 184 136
    95 66 214 0 82 0 190 112 64 254 203 142 141 241 133 48 255 0 172 255
    157 28 115 255 125 0 252 246 0 215 0 167 237 241 45 108 11 0 166 249
    115 19 50 48 116 186 6 0 199 37 255 34 65 39 255 14 255 176 57 230
    138 243 219 0 229 143 0 40 255 94 125 221 119 255 81 0 115 0 135 0
    188 0 240 30 108 6 63 162 0 0 0 184 192 216 255 242 159 194 36 127
    54 232 255 239 0 189 29 255 146 233 136 255 0 28 54 175 14 121 93 7
    49 0 147 195 79 169 42 152 255 0 18 254 244 57 0 186 109 0 255 255
    17 255 255 89 24 191 128 213 87 87 255 230 255 10 50 104 0 237 184
    62 0 0 89 226 151 164 74 255 151 71 255 252 170 220 68 255 0 44 15 0
    0 3 255 27 255 56 133 0 157 202 74 131 0 0 0 198 110 0 30 0 71 0 112
    96 173 255 45 0 14 204 164 43 255 209 255 235 128 0 255 36 208 255
    221 223 255 198 241 45 184 66 236 0 15 32 213 255 255 7 156 145 255
    0 72 216 137 159 130 131 99 239 211 12 21 255 0 69 255 33 105 40 59
    0 232 210 0 86 248 255 12 196 120 45 136 179 182 0 228 165 0 35 0
    119 156 38 104 247 125 0 0 139 118 0 144 51 144 197 94 255 0 255 255
    127 46 240 222 128 0 255 255 0 255 92 255 255 244 255 0 71 0 0 255
    255 198 99 255 108 122 97 255 99 52 255 255 98 255 255 180 161 34
    206 0 177 211 255 227 125 255 0 11 249 255 39 255 199 20 229 0 222
    114 58 57 0 133 0 96 10 0 255 186 255 96 65 116 255 22 161 0 43 255
    0 0 255 51 255 255 183 105 106 255 85 187 33 0 89 255 253 236 188 0
    0 0 68 141 157 199 82 168 123 255 63 96 155 255 132 0 98 72 71 0 49
    61 0 34 71 0 232 255 12 130 207 148 61 67 245 9 154 112 176 255 0
    137 188 107 178 255 20 3 167 197 255 74 192 93 152 88 255 233 44 47
    126 0 0 83 255 88 127 21 255 100 186 255 209 0 0 255 0 3 226 255 231
    255 220 0 255 255 255 9 93 234 255 213 255 255 255 0 15 144 255 255
    0 35 0 184 0 234 90 255 0 13 0 38 0 103 131 0 0 0 207 72 255 147 172
    185 0 202 136 0 186 179 243 48 0 215 0 65 255 65 100 87 245 65 255 0
    198 202 174 0 229 0 255 0 0 59 0 0 255 23 108 199 0 255 255 255 255
    255 32 77 104 100 138 135 202 238 137 9 126 0 234 237 0 92 0 255 247
    0 255 207 236 143 73 14 255 0 255 255 227 234 35 149 6 0 39 132 255
    84 129 209 255 86 255 255 120 160 34 236 72 0 154 0 168 168 255 123
    84 150 81 0 255 223 0 10 235 255 18 196 27 79 118 255 61 28 255 38
    255 250 160 0 255 228 255 75 21 255 0 255 0 127 5 179 184 209 255
    235 123 235 6 255 0 115 45 255 63 136 52 255 0 66 255 23 163 94 48 6
    88 80 122 48 22 0 254 208 18 168 200 0 4 214 58 233 255 115 171 140
    182 75 255 59 220 224 10 10 255 187 93 0 10 176 14 0 255 0 47 0 248
    107 102 213 0 107 255 31 180 0 158 255 85 78 187 4 249 59 52 0 143
    153 183 24 155 255 255 114 43 84 160 136 250 43 25 235 0 255 71 5 25
    82 185 102 255 0 255 73 255 182 0 167 182 234 92 0 103 0 63 255 255
    110 255 255 193 34 64 114 250 120 131 207 255 68 11 0 83 255 0 255 0
    255 255 56 11 67 99 214 255 163 43 62 110 255 185 226 91 30 116 58
    254 232 223 222 187 0 0 219 0 45 149 177 255 183 134 251 118 0 0 242
    126 237 92 0 0 154 0 114 33 255 0 0 255 0 158 255 255 69 162 79 213
    255 255 0 177 49 105 255 165 255 199 128 93 90 181 128 255 172 255 0
    255 255 149 255 109 0 199 0 159 0 0 237 255 208 199 207 50 0 38 139
    101 112 152 184 236 151 0 207 17 113 222 178 170 66 247 1 0 83 122
    74 25 196 0 63 255 70 255 20 183 255 240 44 27 40 255 152 205 255
    255 135 255 255 224 253 255 255 8 65 231 255 171 142 0 255 255 21
    137 254 123 0 7 255 80 255 0 70 116 0 27 173 0 223 0 0 139 175 108
    255 134 186 0 4 0 22 129 103 144 63 167 209 255 209 202 255 0 109 21
    0 4 164 6 177 118 29 0 52 122 17 255 255 0 171 100 85 159 191 230
    137 255 0 0 255 255 255 128 251 97 171 0 255 255 255 162 0 164 41
    255 0 0 123 17 0 202 255 0 255 122 7 23 10 255 255 120 255 152 212
    153 255 175 0 52 167 0 0 0 111 71 238 2 32 73 255 199 124 0 88 255
    39 255 237 25 220 82 61 0 230 255 46 255 0 0 11 255 0 15 0 183 255 0
    0 178 25 255 106 20 21 26 255 40 124 0 200 0 205 57 190 0 0 0 58 51
    0 0 95 255 248 0 255 0 255 74 0 35 51 143 0 17 255 255 255 156 13 64
    134 55 84 0 255 227 186 132 255 239 0 110 255 0 213 212 137 23 255
    183 3 190 136 99 255 246 48 0 119 148 56 255 66 43 255 0 66 158 0
    223 0 16 255 156 255 0 231 180 87 63 237 53 0 154 0 51 0 188 29 255
    18 97 255 135 255 237 193 97 255 0 25 0 74 82 87 177 248 255 0 176
    255 0 220 50 84 143 255 137 12 226 255 41 0 47 255 255 255 223 252
    125 0 2 212 209 0 0 226 46 0 0 255 0 175 21 245 9 116 0 255 22 181
    94 20 255 219 255 131 3 233 255 200 22 27 109 0 74 250 255 95 255 56
    255 0 145 0 35 255 18 0 0 245 42 0 0 208 0 54 90 24 255 26 146 255
    120 15 58 166 220 160 255 0 49 115 24 224 87 95 153 48 251 7 227 0
    227 255 25 220 255 217 121 0 164 144 255 0 255 255 0 255 105 203 34
    59 255 0 218 255 49 32 6 255 0 139 173 90 100 108 147 105 112 255 34
    220 86 210 205 208 255 44 6 145 122 105 5 0 255 0 10 34 174 189 255
    18 22 255 241 149 0 255 81 255 0 0 255 255 224 218 203 26 0 233 112
    149 86 200 255 90 209 149 255 178 216 12 131 234 152 43 255 255 168
    24 253 0 65 183 154 172 121 43 113 185 55 44 146 21 0 149 227 25 0
    255 0 142 98 238 109 185 147 0 255 228 255 0 12 80 0 255 0 91 0 255
    0 132 60 36 255 162 65 147 0 52 16 99 19 54 172 0 118 196 238 255 33
    255 177 0 223 154 176 3 77 255 255 250 0 255 44 255 171 32 25 0 188
    2 238 224 0 116 255 145 140 111 146 209 71 160 214 255 214 0 139 39
    166 142 187 106 148 34 228 0 152 255 146 1 181 207 39 0 188 36 91
    172 100 255 191 240 138 0 219 0 255 99 122 0 113 100 180 255 92 16 0
    22 161 225 6 255 137 221 255 246 0 77 113 233 0 122 177 3 137 166 0
    0 0 255 5 61 53 59 114 155 14 22 226 53 0 255 0 255 5 255 160 255
    255 191 250 0 151 127 41 111 0 198 255 255 45 255 152 79 0 0 182 75
    0 195 0 255 39 198 255 0 0 162 5 137 106 145 42 220 0 181 47 106 255
    6 46 255 0 141 255 255 255 8 255 0 0 230 244 34 228 141 0 26 0 255
    178 3 255 219 0 157 49 127 180 20 170 84 0 126 0 255 154 87 237 0
    255 0 0 0 235 255 255 192 125 246 243 117 192 11 0 150 63 94 0 0 10
    255 193 0 100 255 59 255 0 255 255 255 84 255 0 82 49 0 106 255 0
    170 4 31 208 9 75 255 177 221 40 11 148 118 46 97 255 255 35 31 78
    109 255 255 47 29 205 226 0 121 255 95 89 143 255 100 242 231 72 255
    255 181 0 11 0 255 216 0 233 111 0 192 22 146 98 255 67 0 148 226
    214 0 92 81 133 255 255 174 234 126 165 0 255 67 154 221 105 0 18
    192 0 191 166 30 0 152 198 145 194 156 0 206 161 39 54 235 126 83 0
    30 255 0 236 2 177 157 7 33 0 0 77 0 0 132 105 213 138 56 3 221 108
    254 255 117 93 121 191 255 224 0 16 0 235 191 255 166 255 167 57 97
    185 0 121 0 162 0 51 55 162 255 140 255 4 0 0 255 255 0 255 199 255
    23 0 153 41 82 34 0 59 64 0 33 53 37 84 110 125 24 255 66 150 246
    175 17 1 255 0 0 0 0 239 13 109 55 255 255 255 145 7 255 217 0 158
    255 134 0 126 0 0 186 31 123 77 82 123 174 0 23 196 229 255 212 0
    166 255 232 51 255 249 255 255 0 218 0 103 94 0 238 0 242 255 204
    255 37 138 234 241 0 0 255 110 0 0 52 0 0 199 0 14 11 0 25 140 186
    255 90 255 160 40 158 86 0 0 30 225 0 255 0 22 251 255 255 210 255
    255 59 124 0 198 26 40 173 40 0 213 160 0 236 95 77 188 0 0 255 206
    0 57 61 185 0 255 184 8 252 243 255 92 0 172 161 75 147 26 123 133 7
    97 79 255 224 251 217 40 0 5 255 255 255 51 0 247 69 0 255 0 18 239
    0 237 255 133 255 186 246 69 166 35 255 120 97 255 255 92 0 0 208
    185 56 211 0 224 0 196 131 255 0 255 157 161 140 255 0 231 36 0 255
    38 188 13 185 145 234 255 129 0 255 33 72 50 185 255 0 0 253 255 55
    210 255 49 222 255 255 119 0 255 123 151 59 100 6 103 52 255 255 57
    240 255 204 0 55 4 247 66 53 102 200 176 0 255 254 183 212 255 108
    115 41 191 83 255 255 255 163 255 205 139 0 127 0 0 255 255 188 255
    147 72 221 120 145 0 255 39 255 164 39 40 0 148 189 237 132 217 0 0
    131 0 193 237 255 24 0 204 235 244 255 214 255 87 110 193 188 18 243
    61 163 0 153 119 0 53 108 25 23 255 177 42 6 135 215 0 0 223 41 130
    181 242 24 125 111 181 0 255 235 195 74 158 112 50 175 100 0 41 0 0
    0 4 25 255 248 104 248 0 78 94 16 87 181 115 42 237 73 247 117 71 47
    48 0 76 229 255 255 175 37 33 255 255 0 3 162 234 117 38 35 65 63 93
    0 201 120 238 247 255 255 170 255 158 0 157 191 19 0 255 255 36 26
    118 2 0 29 83 36 86 255 14 0 42 255 100 0 61 230 255 106 255 43 17
    20 164 0 200 73 184 0 110 151 122 68 255 0 255 242 92 255 88 17 255
    158 24 255 255 255 53 101 16 255 0 54 0 155 104 255 254 255 255 255
    242 149 179 255 163 230 255 38 77 0 0 255 117 181 0 137 0 115 122 0
    140 95 0 129 141 183 154 151 112 122 0 255 255 0 148 225 88 55 0 255
    232 2 163 190 79 255 213 0 255 0 22 255 208 255 255 30 7 224 84 117
    199 0 63 0 255 213 167 255 255 120 255 206 27 255 2 255 160 97 255
    130 0 0 115 0 0 139 38 53 0 91 0 103 6 217 0 222 0 0 105 1 0 220 255
    181 0 72 31 0 253 144 254 93 37 74 29 81 142 2 177 0 33 172 255 255
    21 225 255 222 255 255 29 0 0 4 61 0 0 30 255 66 255 13 136 149 204
    0 48 255 229 255 255 238 255 114 238 246 43 183 5 180 131 255 118 83
    0 1 245 255 179 208 225 63 0 228 120 0 0 0 0 255 255 229 23 84 40
    255 74 108 0 234 14 40 11 207 207 52 255 128 86 93 228 142 229 155
    89 0 131 0 0 210 0 0 54 113 0 125 0 0 159 73 0 255 255 1 22 64 255
    13 141 255 108 143 255 255 255 34 84 255 0 169 120 24 0 100 255 0
    127 68 76 0 213 49 23 95 39 89 146 251 208 130 217 255 184 209 81
    255 3 255 220 44 176 41 69 183 96 241 184 0 240 198 0 223 185 107
    103 0 255 21 84 124 181 77 0 255 168 49 236 255 254 0 202 24 204 255
    253 210 17 127 39 255 255 255 0 123 122 132 132 4 187 18 114 255 0
    66 181 62 165 59 255 0 175 0 255 218 186 255 255 177 0 0 217 134 0 0
    157 255 130 0 58 255 44 140 237 240 255 7 255 87 255 59 255 20 83
    227 240 0 210 96 25 232 199 255 0 172 155 160 0 216 255 0 103 0 115
    255 20 0 255 0 233 0 241 206 82 157 7 151 0 0 255 255 93 255 23 165
    254 108 97 255 174 99 245 255 1 28 78 158 206 255 105 255 111 255
    255 255 50 255 41 0 0 255 208 105 27 0 0 255 147 63 63 0 255 198 0
    92 125 92 179 255 0 255 0 0 160 127 255 163 255 0 187 91 58 255 213
    45 160 37 32 155 0 0 153 150 0 50 255 0 255 255 0 207 143 123 163 0
    67 35 91 0 0 149 231 0 19 83 0 255 0 178 9 181 190 178 255 137 249
    16 255 0 115 175 0 9 225 255 182 146 211 66 221 211 19 81 45 0 0 205
    0 0 37 185 83 176 255 222 255 208 54 255 119 49 1 255 244 49 166 104
    0 0 150 168 81 255 9 241 255 214 252 12 65 255 134 5 2 0 0 178 106
    202 164 0 253 0 166 168 57 148 97 124 47 255 191 255 250 233 0 70
    142 52 0 17 23 221 251 144 150 95 187 0 251 243 255 85 255 111 0 255
    246 194 0 67 229 243 197 210 5 191 0 0 209 0 153 8 91 3 97 161 59 64
    255 0 227 255 130 113 15 65 153 54 255 0 0 230 64 88 146 0 214 0 0 0
    70 186 107 0 0 30 215 158 255 103 208 236 47 97 56 68 227 130 235
    255 255 255 0 57 255 121 192 255 87 77 255 195 105 229 211 0 26 20
    116 255 0 0 176 0 117 216 97 255 119 76 73 217 54 0 89 0 186 102 0
    124 25 255 33 165 252 255 0 0 0 95 87 61 125 242 255 250 219 255 0
    119 46 161 164 167 101 227 130 206 208 186 18 255 61 41 59 199 0 220
    247 0 161 100 152 250 189 0 160 255 190 51 0 196 0 157 29 0 95 255
    113 158 223 138 204 0 255 97 131 255 198 255 0 97 185 89 0 255 50
    187 37 252 68 255 255 0 255 200 49 243 107 145 255 11 231 214 211
    155 255 255 59 255 47 1 154 56 0 2 255 255 208 255 255 80 3 135 131
    205 175 23 0 35 174 0 237 2 252 117 254 228 36 255 0 255 149 220 160
    255 150 191 255 231 10 226 255 31 125 55 31 137 0 106 165 60 138 212
    255 171 0 3 220 63 0 0 255 169 255 255 131 0 161 67 255 153 6 243 0
    255 255 222 196 49 114 0 223 139 254 255 72 17 172 98 225 187 170 0
    255 0 255 0 46 184 0 255 0 159 7 67 42 0 0 255 20 3 153 0 0 0 185 0
    237 50 248 236 165 3 83 82 68 255 40 255 22 173 247 203 0 99 20 241
    163 255 255 11 255 200 255 224 22 96 53 0 0 0 57 255 44 129 36 5 255
    119 86 237 0 255 4 255 200 0 218 255 190 217 56 50 37 141 207 33 0
    216 0 112 233 255 0 0 255 255 255 70 2 167 177 22 165 255 32 251 255
    255 210 235 255 0 2 0 0 24 255 255 241 188 240 255 121 243 255 0 107
    181 105 188 136 79 247 33 255 108 167 201 230 188 3 0 0 222 255 107
    122 15 255 255 97 240 130 0 190 101 118 178 0 120 134 255 255 30 255
    255 201 0 0 255 255 57 103 27 8 4 58 163 146 0 232 31 102 69 255 101
    0 0 0 238 0 180 255 137 240 211 0 0 0 21 0 255 76 0 0 85 48 255 92
    181 255 255 255 182 120 255 4 0 160 255 162 0 239 17 255 209 243 49
    249 101 0 44 255 198 91 255 223 154 2 163 255 182 68 45 133 219 255
    207 18 132 255 0 0 73 0 254 160 208 197 130 255 10 245 195 201 206
    190 0 229 62 148 0 12 121 255 255 93 0 255 255 154 255 188 80 181
    113 255 159 200 132 233 111 255 25 132 1 52 218 255 198 129 90 146
    147 255 206 46 250 140 64 0 255 49 101 109 3 242 24 0 63 92 248 255
    188 129 108 255 76 36 85 154 0 255 0 146 129 255 254 83 195 177 255
    0 232 134 194 49 243 255 75 0 141 5 255 0 233 255 102 0 38 148 0 0
    150 68 0 35 64 255 0 173 0 35 144 5 187 157 99 0 255 67 0 190 255
    255 193 255 83 255 0 254 255 161 35 74 253 152 255 245 109 138 0 144
    211 0 0 255 108 233 0 0 255 164 255 76 255 18 254 52 153 186 252 0
    15 0 36 0 10 255 224 47 48 157 255 0 255 0 255 255 0 255 0 247 255 0
    0 3 50 34 205 162 225 87 212 54 0 0 116 172 218 227 0 223 0 234 205
    255 0 76 208 252 0 173 118 0 64 241 255 255 0 255 255 80 68 133 125
    22 255 255 106 173 230 108 0 223 255 255 219 255 245 246 255 0 90
    240 151 27 255 0 193 0 217 0 185 255 0 255 0 255 213 198 21 89 0 116
    249 15 135 255 255 197 255 84 119 186 108 255 207 55 0 21 43 74 137
    215 232 255 135 141 230 255 0 255 255 255 255 127 254 1 116 242 169
    195 137 53 0 0 74 230 60 255 130 121 255 210 0 140 0 228 0 0 255 52
    0 81 0 255 255 255 71 0 255 211 0 157 201 50 182 220 62 1 20 0 71
    255 123 0 26 230 101 222 0 254 50 20 218 0 0 255 255 8 255 0 63 255
    39 0 79 35 0 22 205 255 78 255 255 124 128 138 205 255 0 255 95 219
    255 170 129 191 244 27 255 0 255 255 179 8 255 228 159 95 7 187 65
    47 117 0 255 34 226 0 122 85 40 71 101 255 185 200 255 100 2 0 0 229
    250 0 0 59 117 136 0 31 255 109 255 104 0 19 255 56 11 153 38 255 0
    32 148 255 117 62 255 0 218 238 255 255 0 25 128 151 225 255 250 134
    25 74 7 208 164 21 0 255 0 1 255 236 120 252 120 70 217 73 229 255
    117 20 76 77 96 10 183 0 42 255 5 239 165 69 255 255 0 0 255 255 20
    255 255 255 207 118 29 214 255 255 121 255 244 0 87 177 55 55 255 0
    10 0 255 128 0 0 119 70 12 255 89 217 241 0 194 72 0 217 67 22 255
    147 194 17 253 178 200 255 201 223 224 255 36 111 54 80 165 255 103
    255 9 0 141 0 222 190 159 25 57 255 198 200 0 28 3 235 57 51 255 198
    255 255 104 215 186 255 122 0 118 223 67 13 9 179 0 0 0 8 255 197 95
    81 48 231 156 159 20 192 0 176 255 39 202 0 11 255 0 255 255 255 255
    0 65 91 0 128 255 62 0 255 85 46 61 56 255 254 0 153 190 255 100 45
    205 252 77 189 183 0 255 105 173 255 0 255 52 35 57 0 0 0 13 0 51
    255 193 97 0 255 255 111 0 72 186 102 129 0 2 92 133 255 87 255 24
    255 188 238 88 240 255 10 254 221 210 97 179 144 70 255 22 0 255 38
    106 36 255 42 161 0 142 0 255 100 246 255 242 200 123 223 255 2 228
    194 38 0 255 89 95 255 187 34 255 173 198 0 0 9 0 143 194 193 145
    208 102 182 115 209 9 255 130 0 178 21 214 1 135 158 67 0 175 53 32
    155 56 0 0 100 241 173 255 83 121 101 0 137 91 255 246 255 3 234 172
    119 0 239 73 0 0 211 0 255 88 120 255 61 52 206 0 255 33 217 255 255
    213 255 125 203 128 0 0 247 212 218 91 47 222 255 26 82 222 0 207
    214 0 195 87 43 213 0 187 215 80 111 255 0 255 234 255 16 255 255 72
    176 27 143 20 255 0 0 141 102 34 255 255 0 135 102 232 255 142 233
    27 128 0 152 213 0 142 0 0 66 69 171 255 15 0 84 91 255 22 255 35 42
    198 124 0 255 255 0 0 231 53 100 200 0 107 60 8 255 185 216 15 24 0
    154 60 50 25 0 172 185 255 0 255 81 156 81 6 9 255 160 135 143 100
    197 111 14 127 255 0 255 255 72 0 0 133 55 115 255 106 0 255 58 255
    255 9 255 117 27 0 255 187 0 40 234 158 30 145 45 150 92 197 81 226
    7 0 203 106 0 152 162 145 255 0 63 153 21 167 254 34 254 16 75 229
    107 95 73 255 255 0 95 233 209 185 165 186 24 0 0 0 38 226 0 255 55
    0 72 183 143 201 0 39 0 255 237 204 110 24 106 9 255 173 92 196 255
    230 0 152 255 0 248 149 208 158 0 184 255 0 113 27 88 64 33 78 76 0
    255 48 0 59 235 0 255 37 83 244 9 236 129 124 31 0 198 255 41 16 255
    13 250 8 51 225 53 26 0 255 255 23 255 255 177 114 90 12 126 111 71
    0 168 212 0 255 255 61 6 0 64 0 119 184 70 12 255 105 255 244 253
    214 45 0 132 182 140 112 253 255 222 197 0 209 242 220 156 136 105 0
    255 0 228 255 223 228 75 219 96 0 48 166 169 168 217 97 141 150 88
    227 21 94 200 135 119 255 0 105 212 255 242 24 193 59 239 192 70 226
    154 126 101 185 0 0 129 255 54 255 50 169 0 246 229 29 255 255 120 0
    255 255 0 61 159 58 0 14 0 0 247 0 62 251 248 150 61 255 239 241 255
    193 0 115 43 33 225 255 96 69 86 255 209 0 0 144 255 255 255 103 44
    63 0 4 74 106 241 164 255 133 221 132 112 255 132 89 158 255 77 74
    146 8 198 0 118 49 161 28 85 149 222 0 74 232 27 227 43 84 255 0 116
    0 20 14 126 255 0 0 254 0 255 124 71 16 0 135 86 29 164 162 8 252
    255 249 112 0 255 76 102 0 151 97 0 119 89 111 44 0 0 77 0 123 244
    213 0 166 59 0 158 255 157 31 0 55 53 0 255 95 0 21 200 54 0 196 148
    4 255 255 0 144 237 0 255 0 215 17 227 255 137 60 255 239 255 158
    255 2 91 255 119 255 255 255 130 226 255 255 118 59 30 159 138 113 0
    7 243 38 214 181 255 255 93 163 255 3 255 13 4 103 70 222 255 117 40
    255 76 57 75 98 125 0 29 239 37 255 211 92 255 0 0 255 217 47 97 108
    32 180 76 0 0 0 18 255 0 49 94 54 221 0 76 0 196 135 35 83 255 21
    255 255 125 255 123 129 138 9 88 255 208 15 134 255 214 0 221 37 212
    187 74 255 221 255 9 91 255 133 94 188 232 7 255 166 0 149 255 0 0 0
    226 255 241 0 255 255 0 255 255 75 0 255 255 42 108 238 0 107 29 182
    6 148 100 29 103 167 181 71 200 252 101 255 255 18 195 255 255 137
    120 90 0 202 0 37 127 214 225 142 167 255 244 147 71 143 52 255 221
    208 0 255 124 0 14 248 0 236 0 10 163 103 109 216 81 0 95 117 241
    180 255 0 243 0 36 215 203 133 31 8 255 0 0 23 0 0 112 0 255 115 0
    163 170 236 0 0 188 37 0 255 161 0 0 190 127 208 156 115 3 255 255 0
    84 165 255 0 188 80 255 0 239 221 255 0 228 0 233 40 75 0 149 20 118
    255 67 0 185 255 250 29 251 232 58 255 178 0 79 35 155 34 255 165 0
    114 0 30 200 63 0 255 97 255 1 226 54 102 49 10 0 195 0 249 255 255
    7 41 0 164 251 0 126 255 14 0 47 255 255 67 228 221 77 16 0 200 178
    165 255 255 220 78 159 59 0 255 31 118 0 151 255 100 129 38 98 0 92
    255 0 9 238 0 255 217 0 89 77 0 255 153 54 255 109 100 196 104 0 71
    178 0 172 55 226 187 79 255 230 255 217 26 255 255 255 181 4 255 224
    25 0 88 247 240 89 174 255 34 71 0 118 102 20 99 136 146 0 200 0 4
    236 183 0 43 255 69 212 130 4 171 255 174 91 0 122 24 7 251 0 81 152
    0 255 140 159 26 161 255 235 0 96 222 27 97 165 255 0 0 127 255 83
    121 117 38 255 0 45 139 0 90 255 213 153 0 255 0 157 0 22 152 0 178
    255 0 255 83 241 255 243 126 116 0 0 129 115 71 0 54 0 73 137 164 57
    255 255 255 255 122 43 120 38 153 8 0 113 68 146 0 95 65 164 27 51
    164 113 163 176 155 34 66 114 0 255 224 214 0 235 0 0 115 255 248
    130 143 1 80 164 0 0 43 134 0 80 226 255 218 204 0 0 77 255 15 27 49
    30 255 196 207 255 255 0 28 153 0 0 84 65 0 61 255 77 255 255 28 220
    60 231 51 186 215 21 118 0 0 255 184 204 92 133 248 0 255 0 29 0 91
    229 42 71 65 255 0 0 0 205 255 37 255 213 116 255 165 255 0 0 50 0
    42 185 70 208 131 75 248 35 39 85 0 255 0 177 62 6 255 70 183 255
    125 15 0 46 176 255 200 159 0 255 130 0 255 0 161 78 255 156 0 74 23
    255 255 0 255 0 0 255 255 255 122 132 46 13 135 147 73 252 0 123 29
    255 255 255 134 118 0 196 255 36 254 127 255 0 2 255 123 255 29 0
    220 250 2 46 0 161 20 0 223 255 3 255 229 89 60 48 236 91 180 18 0
    240 125 62 255 187 214 59 22 232 49 0 255 176 255 255 57 153 0 0 255
    115 63 19 250 255 217 200 148 245 231 93 143 0 19 63 52 0 255 221 14
    214 0 107 0 11 0 255 217 31 161 1 209 170 42 0 0 165 255 0 255 157 0
    255 245 157 203 94 255 255 66 255 112 255 214 0 69 189 0 255 204 128
    95 212 0 255 251 139 186 255 49 68 244 77 251 93 148 255 255 103 82
    152 149 99 221 229 151 27 255 144 0 178 208 61 0 132 255 223 186 255
    87 155 172 122 54 210 241 39 223 67 0 192 147 255 255 88 89 0 0 77
    255 43 255 0 133 151 2 47 117 51 8 196 0 255 0 196 255 0 70 255 255
    0 255 143 249 0 1 5 255 57 0 255 0 123 220 0 190 176 255 92 93 0 189
    179 255 203 127 24 23 110 243 0 0 101 59 142 0 255 142 0 88 40 74 0
    255 0 200 156 53 20 238 195 228 83 0 228 255 181 33 245 196 2 255
    117 255 124 33 104 250 77 0 0 216 237 0 165 255 255 45 255 250 255
    139 29 229 36 255 66 217 0 102 156 0 49 101 253 198 255 197 21 217 0
    0 40 57 5 255 0 0 53 0 117 0 221 52 61 0 0 144 255 79 0 0 0 0 255
    240 255 97 180 127 68 255 99 189 255 107 0 255 0 68 255 84 9 77 17
    121 108 113 236 44 165 10 255 239 251 200 90 240 17 114 92 145 34
    181 0 18 217 172 123 0 19 132 0 0 45 11 161 0 255 244 255 195 255 82
    0 104 90 11 0 40 216 136 0 139 0 186 0 255 140 0 225 255 0 185 0 207
    147 255 82 50 255 129 223 232 199 81 0 0 182 176 255 255 3 2 255 126
    255 0 15 225 41 173 247 187 0 0 10 7 251 158 98 19 0 93 132 158 126
    50 255 0 0 0 77 48 0 242 255 61 219 0 16 147 49 110 120 80 149 0 255
    105 255 1 0 105 255 132 222 227 64 96 255 248 0 255 255 128 205 75
    103 110 204 141 255 99 0 255 248 219 253 241 255 118 0 106 86 19 106
    241 39 14 158 255 255 68 31 255 253 94 195 24 130 0 255 255 255 222
    255 255 224 255 122 144 193 104 92 223 255 213 0 90 255 0 107 0 0
    165 3 148 255 10 224 197 24 0 0 79 162 73 65 255 0 117 0 0 216 0 22
    255 255 255 0 229 119 34 205 120 152 167 246 255 0 0 39 1 109 201 0
    69 255 146 145 252 255 211 202 0 255 0 255 227 255 113 255 255 155
    111 76 69 0 206 206 65 10 184 139 255 0 255 0 0 255 0 169 50 0 198
    11 255 255 0 243 192 50 121 255 104 39 255 88 75 0 0 249 0 113 0 5
    169 255 49 181 224 159 117 61 229 143 111 213 255 62 22 223 40 40
    199 0 255 242 255 104 0 121 179 231 225 81 114 0 0 255 255 244 56 15
    255 255 134 163 255 254 136 248 255 255 229 157 80 246 139 255 213
    44 233 0 255 157 159 101 113 17 0 239 170 255 188 255 242 255 96 253
    0 255 255 0 112 66 217 1 59 130 15 0 0 53 46 122 0 177 238 0 123 0
    255 79 16 92 81 255 91 128 27 102 47 31 75 59 85 47 255 19 87 113 32
    0 122 0 207 255 85 251 255 119 77 0 208 124 22 255 196 0 180 255 255
    0 237 202 168 0 0 172 228 0 0 255 150 15 84 0 55 2 33 13 165 204 40
    229 255 255 138 255 231 0 165 220 209 78 255 185 27 57 0 255 192 35
    240 246 0 255 91 255 0 0 24 216 0 238 205 255 255 16 255 24 148 0 44
    255 0 167 204 222 120 224 255 8 98 25 255 0 0 64 254 128 54 165 136
    255 9 44 0 0 32 127 26 74 203 50 0 223 0 34 182 182 255 170 0 65 2 0
    234 255 0 255 255 255 242 170 116 255 0 0 255 119 101 215 221 148 19
    255 255 255 255 18 255 147 255 111 86 188 0 217 82 121 119 0 206 28
    255 17 0 140 74 0 150 0 159 139 127 72 81 161 201 255 193 77 208 255
    255 244 255 74 190 17 76 0 176 255 0 0 181 226 255 95 19 184 61 114
    99 39 227 118 87 255 146 255 0 0 0 0 0 0 164 74 68 154 0 101 80 139
    219 214 255 133 255 228 54 220 101 255 0 246 0 0 0 14 44 188 0 102 0
    99 183 255 213 0 215 0 255 255 255 112 58 254 237 111 96 0 0 133 255
    0 0 251 255 230 0 201 37 47 0 255 154 0 0 0 255 251 31 255 0 175 255
    204 78 11 234 0 226 0 115 193 0 0 44 181 118 201 235 255 255 221 126
    75 176 30 255 235 48 248 0 255 194 217 255 170 125 141 51 255 52 255
    89 146 255 113 0 67 112 255 0 167 202 255 253 255 255 43 34 255 0
    243 207 158 185 41 217 43 255 255 152 255 255 149 0 44 200 88 25 98
    255 255 180 89 39 4 157 93 255 6 140 0 255 54 0 249 199 229 134 255
    255 224 255 213 40 254 255 198 255 36 255 194 27 163 255 255 255 15
    255 217 255 0 198 0 92 0 0 255 255 103 196 51 84 116 134 0 75 0 69
    255 229 81 23 1 211 255 0 222 255 83 180 253 26 255 0 155 255 153 12
    255 92 57 255 255 174 188 255 255 255 26 0 255 133 0 255 10 121 255
    98 0 25 203 192 222 0 255 0 255 182 202 167 255 0 161 255 16 0 43 13
    141 0 20 27 255 178 166 155 245 194 250 229 12 31 0 1 255 197 151 0
    143 0 255 0 187 61 46 255 100 149 255 0 122 255 124 255 255 255 0
    171 123 196 233 253 176 230 153 255 140 70 40 198 187 0 178 255 216
    255 236 162 15 220 111 46 0 196 11 255 0 53 25 0 52 42 11 39 255 255
    154 90 161 0 0 10 28 255 255 164 207 176 184 255 114 250 184 224 173
    175 253 73 32 44 255 255 255 197 0 0 0 162 0 192 152 145 0 255 255
    14 234 60 88 55 255 7 27 185 0 255 255 46 133 255 254 58 51 109 255
    29 180 209 146 179 0 75 255 186 0 26 65 26 203 0 128 190 161 255 63
    255 165 0 0 7 30 38 230 205 0 0 255 150 0 255 213 126 243 120 255 11
    255 255 8 233 52 2 253 255 0 36 0 255 205 162 50 49 18 103 65 0 0
    180 45 235 255 0 217 187 175 0 248 197 88 0 123 34 0 57 151 125 218
    255 255 172 186 0 255 255 0 86 0 9 255 0 0 239 239 118 162 190 255
    135 0 188 255 82 68 211 187 172 26 52 101 167 0 78 58 210 255 0 0 44
    159 32 155 175 246 0 103 180 173 0 255 0 79 155 131 238 103 134 0 61
    255 229 0 0 0 16 0 0 247 199 0 10 255 0 167 18 82 13 255 231 116 21
    0 255 50 101 228 255 123 111 255 79 29 88 255 0 174 0 161 93 255 251
    20 250 186 119 220 68 255 0 242 0 223 131 143 0 0 236 0 255 209 207
    255 126 255 207 255 206 108 0 0 225 59 111 255 196 255 0 188 0 255
    247 0 0 208 0 255 60 255 20 0 255 21 255 0 208 29 100 0 226 0 45 68
    0 200 243 108 123 47 162 139 255 0 138 249 4 217 48 93 58 0 11 25
    110 111 255 255 255 43 140 68 255 0 101 255 0 93 61 127 0 255 47 54
    255 0 0 60 215 145 84 255 255 205 201 0 217 0 141 0 3 56 8 189 215
    79 255 49 57 35 255 237 255 117 0 223 137 78 4 252 255 0 156 181 255
    0 182 0 58 180 252 255 63 149 255 138 112 0 135 0 230 132 67 188 3 0
    150 97 0 67 135 176 54 0 150 248 205 149 36 72 225 181 0 0 255 143
    255 255 255 130 0 255 64 0 198 243 255 166 204 0 5 255 16 255 240 69
    28 0 145 0 163 236 0 194 255 94 143 1 40 113 180 255 255 225 155 253
    32 244 113 146 196 62 51 162 197 255 255 95 141 255 140 34 255 68 48
    109 255 15 63 163 0 255 165 134 255 91 255 255 96 0 29 255 34 173
    239 0 255 92 173 255 255 0 56 0 172 190 29 168 80 24 0 0 255 255 0
    255 74 171 28 235 58 0 216 157 84 0 174 181 0 255 0 228 255 223 109
    45 0 255 60 55 231 0 243 51 228 191 0 24 0 255 150 199 99 0 42 0 3 0
    45 165 216 130 255 135 3 87 135 255 42 205 255 193 169 254 255 248
    74 121 175 191 0 41 10 0 171 255 46 0 150 137 22 0 195 178 255 255
    55 66 145 192 185 41 168 164 192 48 157 0 43 229 0 168 51 136 0 255
    14 40 255 255 0 255 0 94 0 222 255 39 168 93 255 0 0 166 253 255 255
    148 187 131 255 255 255 255 117 29 151 255 186 0 89 0 36 0 204 0 163
    107 45 0 203 13 255 123 114 0 0 61 156 192 0 255 255 255 170 255 180
    255 255 255 133 224 182 41 16 0 0 255 255 202 116 91 203 0 150 170 0
    65 104 14 0 173 19 89 164 9 0 0 133 255 255 0 255 27 102 19 156 0
    255 229 0 211 194 0 0 255 77 0 142 255 6 54 255 0 17 225 255 7 0 169
    35 36 77 255 0 247 166 81 255 189 165 0 0 126 242 0 242 98 0 255 206
    255 65 0 200 35 194 188 0 219 255 255 147 145 255 0 255 155 71 230 0
    58 239 97 114 111 35 36 159 45 255 255 108 88 255 0 70 188 235 4 172
    54 1 120 171 0 154 31 23 228 131 0 255 209 163 122 17 23 0 251 105
    177 103 255 58 132 0 37 174 16 0 255 255 193 255 0 132 0 35 0 180
    255 0 5 0 3 101 107 116 0 182 64 43 10 221 241 56 165 0 173 140 5
    255 69 0 0 42 19 112 0 36 87 252 0 192 99 0 12 29 233 141 200 186
    115 255 49 0 162 255 60 23 149 156 255 60 107 255 0 58 59 158 89 255
    211 0 20 160 173 0 0 255 241 164 86 65 0 129 255 217 147 45 113 0 0
    255 0 120 255 117 0 198 0 24 0 255 38 255 2 66 51 200 127 114 239
    255 0 64 153 36 255 255 188 0 133 142 162 74 156 117 152 8 235 255
    161 162 255 0 192 255 122 147 195 250 139 0 255 51 253 63 255 0 255
    121 189 0 0 0 89 249 110 71 255 119 100 193 0 255 192 168 121 255
    255 2 32 74 230 0 48 45 0 81 87 185 230 255 219 212 46 107 0 247 160
    215 64 158 255 35 12 255 85 73 0 217 14 0 160 31 0 12 227 134 255 20
    220 31 103 126 172 24 14 235 0 145 255 56 99 130 148 160 255 239 255
    220 255 0 24 255 0 255 255 255 51 245 231 255 81 255 255 0 255 255
    116 28 249 223 255 255 255 197 116 80 20 18 167 0 255 255 76 191 0
    255 0 121 246 104 124 98 239 202 0 175 255 255 214 125 100 255 88
    238 255 64 255 255 253 175 0 243 0 233 0 255 194 207 0 194 192 64 14
    70 172 255 226 32 255 14 158 255 0 47 26 19 0 244 0 235 0 180 9 26
    185 0 114 150 136 133 212 228 19 42 200 135 50 214 255 255 0 49 70
    156 62 63 0 255 220 42 255 0 129 0 0 115 103 33 144 216 23 0 170 0
    255 0 167 150 0 90 0 25 170 105 75 0 188 209 76 255 65 0 0 73 184 73
    153 108 255 255 54 161 156 0 127 0 24 75 12 198 98 148 58 255 111
    255 0 27 0 0 0 32 121 12 208 177 240 255 0 149 255 222 0 255 40 196
    61 82 19 0 255 10 7 246 0 242 255 78 152 211 255 124 248 0 67 78 255
    233 255 181 160 255 77 186 0 255 148 0 186 121 55 209 255 255 0 11
    164 247 255 255 173 14 173 255 64 59 15 11 146 0 244 0 9 123 255 55
    116 240 0 243 84 0 44 124 255 69 157 188 192 109 0 210 53 0 21 122
    214 255 169 52 190 122 87 11 255 0 56 199 45 255 0 222 7 0 68 208 73
    114 1 28 185 255 35 153 159 176 0 255 146 255 19 228 140 27 22 0 251
    0 139 49 111 103 219 250 51 39 158 35 31 80 11 255 0 18 239 0 0 161
    255 0 149 8 255 0 3 193 11 91 229 0 56 0 42 199 255 86 157 93 255
    119 255 91 6 164 255 255 211 255 0 245 255 0 156 150 210 230 255 0
    255 41 255 179 255 80 255 255 90 182 174 15 125 175 0 202 255 61 118
    109 11 247 255 30 9 42 255 30 122 255 110 5 0 255 0 171 26 3 255 25
    0 4 0 244 173 70 113 239 255 0 245 65 255 174 177 0 132 104 252 0
    203 84 137 255 164 255 36 255 0 0 17 255 0 0 137 2 255 0 198 168 71
    94 255 42 205 137 159 16 128 0 60 0 255 0 209 110 82 0 239 136 15 0
    0 255 157 0 255 46 63 255 128 109 172 117 255 255 255 255 149 13 172
    13 16 255 210 173 91 255 245 103 67 63 231 255 255 79 255 214 40 141
    71 222 255 157 231 88 0 0 214 241 141 0 166 234 186 255 177 255 196
    255 148 255 255 125 255 40 0 130 255 255 96 240 81 160 255 199 131
    42 109 255 15 0 143 159 0 255 241 252 0 232 161 255 255 39 131 97
    255 224 8 255 255 146 184 73 84 32 5 61 187 204 0 190 0 64 255 0 255
    22 69 139 39 128 0 38 255 255 74 240 255 62 192 87 0 255 25 148 223
    255 253 173 79 136 140 255 255 0 71 210 108 78 70 68 189 255 0 255
    42 97 177 106 255 194 255 255 72 25 0 0 255 185 143 0 138 255 235 0
    126 43 125 0 0 199 255 2 28 195 255 36 219 212 124 39 120 255 143 0
    122 26 33 43 255 0 94 255 0 110 255 225 200 118 0 234 0 178 255 255
    197 0 206 205 33 92 255 255 197 13 0 0 25 70 96 0 112 219 0 171 82
    10 246 35 141 218 0 164 114 123 29 209 183 131 255 85 17 28 0 0 97
    26 218 141 0 31 98 255 209 28 96 0 9 216 25 0 255 0 87 73 0 97 48 0
    3 61 255 0 210 255 255 122 25 13 107 11 217 217 252 94 0 0 6 0 234
    149 0 117 255 255 72 177 255 0 47 191 0 5 255 0 165 37 0 99 57 255
    125 255 0 0 11 54 60 255 255 20 255 255 255 129 255 178 0 141 48 2 0
    0 255 186 49 78 154 70 0 0 40 25 0 34 246 195 189 127 143 23 167 127
    0 0 0 36 239 10 224 4 47 0 136 0 255 36 160 72 248 255 180 107 232 0
    11 0 171 91 26 84 0 0 0 0 255 100 0 26 37 0 255 223 177 82 61 20 255
    187 52 255 0 225 194 0 255 90 104 255 255 255 255 0 111 111 18 16 70
    178 0 201 234 0 68 255 205 9 244 253 161 79 0 0 4 255 52 199 246 255
    0 122 0 0 61 0 205 41 76 185 0 250 0 110 255 218 157 255 8 0 181 255
    179 56 255 92 255 133 57 255 206 255 143 0 104 0 0 0 0 52 148 175
    200 11 88 8 255 168 38 34 0 0 225 0 0 24 248 0 0 255 80 155 83 171
    166 255 215 59 87 207 190 88 35 0 255 77 79 255 118 255 255 44 25 0
    247 165 82 63 0 255 253 43 147 3 80 255 152 21 153 190 17 255 129 82
    80 115 157 0 213 78 17 255 255 0 254 255 255 186 255 206 0 255 177 0
    40 231 197 99 255 255 113 0 255 255 149 255 7 0 234 255 189 78 0 252
    0 0 0 255 0 0 227 0 209 255 0 175 162 0 238 0 39 184 184 87 0 176 67
    135 245 108 220 205 73 113 255 99 223 250 255 47 217 40 109 255 0
    180 255 0 222 128 195 255 255 52 0 175 146 145 93 207 144 150 255 43
    196 217 0 47 144 89 123 182 0 0 79 182 170 255 255 189 175 0 255 239
    22 36 255 67 149 213 178 0 0 210 255 0 39 0 224 227 90 210 255 255
    62 5 236 164 0 227 102 125 200 88 133 0 141 134 0 65 152 157 0 48
    255 201 52 0 0 255 255 237 44 145 155 255 0 0 104 244 146 198 199
    160 13 255 0 255 255 102 117 43 45 0 121 181 0 129 255 255 169 157
    158 0 255 34 255 10 211 255 255 157 11 255 215 251 0 134 122 117 132
    0 54 115 68 0 255 255 145 241 0 48 0 0 240 220 39 255 255 105 0 255
    180 255 255 162 193 10 51 0 199 104 81 0 254 0 255 90 36 72 155 188
    185 210 210 0 119 0 6 255 0 255 255 108 184 255 190 241 33 218 0 0
    163 47 255 207 200 99 97 255 255 255 255 70 215 0 4 33 255 255 145
    119 147 0 255 0 255 255 54 255 127 70 0 238 57 153 54 255 174 71 166
    0 0 255 12 221 65 240 95 235 0 93 138 0 255 124 48 255 0 39 255 255
    238 58 61 62 37 96 239 0 215 177 122 35 0 0 34 178 137 126 91 158 0
    151 181 33 190 204 35 0 49 255 255 255 255 255 154 88 189 242 255 38
    255 158 0 90 71 255 255 230 212 255 153 0 0 218 216 193 48 255 255 0
    249 0 33 229 113 246 255 193 73 47 250 107 0 255 80 168 165 0 108
    172 235 150 0 255 224 161 31 255 0 170 177 198 255 43 255 0 78 0 181
    95 31 37 19 203 197 0 240 245 83 255 133 255 0 255 0 255 255 178 179
    42 133 255 0 131 63 191 255 124 189 0 255 255 255 134 131 82 0 170
    210 32 189 92 0 40 253 186 72 245 188 144 0 0 158 239 136 206 240 68
    255 134 0 142 255 96 0 41 97 37 255 160 53 68 0 157 68 15 0 126 211
    0 155 131 0 143 57 219 128 158 78 234 71 0 212 62 183 156 18 145 44
    0 151 192 0 0 120 107 255 37 203 199 0 83 103 255 239 255 255 255
    255 69 255 255 20 0 128 118 223 47 165 12 39 226 179 0 99 255 73 0
    179 113 4 184 139 1 184 62 242 225 255 0 191 129 248 53 0 249 0 0 0
    252 0 0 0 65 0 9 255 152 255 0 200 56 0 255 255 0 81 0 3 159 255 255
    252 31 217 255 190 0 103 51 1 135 221 118 236 0 255 84 255 15 9 255
    193 137 35 255 96 255 0 193 0 236 192 222 21 232 218 0 143 95 0 255
    255 65 196 49 255 13 0 255 124 0 199 255 255 196 69 0 105 92 166 54
    27 0 0 0 255 77 152 255 24 255 255 8 52 255 199 224 43 226 165 11
    158 103 183 255 0 255 96 193 71 0 77 203 158 201 0 0 0 92 255 242 7
    255 178 255 162 245 246 255 118 221 255 255 103 121 0 205 255 178 0
    0 133 0 97 126 116 163 255 0 255 0 255 150 207 1 130 54 255 255 255
    0 153 213 98 45 0 0 208 131 14 54 0 175 84 191 0 115 188 0 145 255
    192 0 87 171 0 189 185 255 0 116 140 179 105 0 162 134 100 255 255
    146 194 43 114 230 132 0 0 79 101 42 0 0 93 95 186 0 18 255 0 172
    139 154 255 255 219 244 0 42 105 33 142 13 255 185 255 0 0 26 231
    205 231 255 255 200 82 15 62 2 255 255 0 171 3 236 17 197 0 117 0 34
    192 185 18 140 19 125 255 155 156 255 0 71 53 0 19 122 166 0 255 255
    1 182 0 129 255 52 191 76 96 255 27 75 0 128 255 128 115 255 190 228
    114 191 255 255 0 0 55 196 0 34 255 122 244 214 193 255 255 96 255
    243 255 255 77 71 0 195 255 255 255 0 249 0 0 27 230 224 255 218 45
    66 20 255 207 55 226 234 255 108 255 78 236 5 235 11 137 131 147 54
    60 62 127 232 199 82 255 229 247 63 53 213 0 255 23 0 255 120 242 21
    0 131 60 0 255 0 144 130 225 27 70 21 0 255 239 195 146 7 0 114 104
    164 0 21 244 254 146 124 255 120 77 229 42 255 0 203 61 111 244 255
    255 221 153 255 184 149 255 31 0 0 197 137 169 140 224 255 83 213
    199 48 23 63 62 58 199 215 0 0 0 103 53 255 156 171 218 204 109 179
    159 217 190 231 245 161 0 93 145 255 244 0 110 229 43 79 0 143 0 116
    255 0 137 255 155 0 0 255 63 214 66 242 251 0 46 255 50 13 255 255
    249 162 213 226 0 38 159 192 224 148 17 255 110 0 116 94 131 0 255
    53 174 81 88 47 130 147 255 219 0 71 90 138 0 115 34 117 144 127 255
    181 97 0 16 127 0 0 0 0 0 144 144 53 255 184 0 255 41 224 255 221 0
    164 227 160 92 237 63 255 176 34 255 255 0 40 67 108 207 0 176 0 198
    174 30 16 239 254 132 0 96 5 246 0 69 215 195 154 255 255 118 120
    255 0 65 129 54 249 77 241 73 224 42 255 255 57 21 250 80 144 110
    144 98 196 227 164 163 0 123 84 34 77 51 255 44 28 65 110 255 0 83
    255 193 102 241 255 147 0 255 154 26 0 71 230 236 102 132 0 104 223
    185 157 179 127 109 255 250 10 255 255 233 202 159 29 193 255 132 28
    193 255 0 0 255 8 77 237 110 255 253 183 172 255 0 93 98 32 255 117
    0 207 193 20 52 50 255 255 60 58 157 161 0 0 240 0 0 69 255 255 0
    255 220 0 187 102 58 162 255 235 255 127 15 221 169 198 255 135 41
    255 8 166 29 204 0 54 34 218 242 154 13 104 78 236 206 108 255 209
    255 85 233 255 255 128 250 225 255 131 77 42 101 202 199 175 255 130
    109 255 0 206 233 0 205 189 0 125 255 255 255 255 24 186 137 9 5 255
    255 125 5 96 51 88 0 0 155 133 255 255 52 14 189 110 27 255 175 88
    145 255 83 148 255 9 0 155 157 119 245 165 117 74 196 255 0 251 12
    133 0 0 255 0 0 97 255 208 37 255 0 0 101 19 38 0 186 20 26 255 255
    0 255 0 138 164 10 255 189 0 161 31 248 255 178 255 0 96 131 201 72
    173 255 222 251 63 48 255 116 0 221 32 124 255 116 106 110 255 11 0
    255 70 0 255 0 0 155 57 255 240 130 181 128 59 144 85 189 19 109 140
    93 12 132 47 0 0 213 255 3 0 126 195 166 20 255 11 180 255 210 158 1
    145 255 105 0 146 0 0 0 96 116 35 122 230 0 255 0 158 55 38 184 255
    80 0 0 117 255 146 211 156 204 243 220 98 116 93 0 155 240 219 254
    203 181 184 0 161 29 0 200 23 36 0 150 69 117 255 20 227 0 192 18
    255 0 255 255 209 77 17 68 49 255 192 40 234 53 85 0 255 218 23 255
    134 255 0 245 255 0 212 0 192 255 220 140 211 255 252 255 10 160 109
    58 75 4 92 0 248 0 192 225 247 34 72 183 255 151 187 26 255 32 255
    192 0 211 0 187 255 100 108 11 255 113 50 255 191 49 0 239 198 255
    255 0 0 239 247 104 49 211 0 217 177 222 185 148 51 0 255 0 0 0 157
    19 0 114 29 232 208 255 39 197 0 96 255 0 160 116 0 55 255 8 149 75
    156 161 49 3 103 0 180 217 119 246 96 0 85 171 129 159 161 255 101
    156 255 255 80 45 145 112 255 139 255 173 0 255 172 68 180 255 253
    222 212 201 0 217 0 255 122 0 255 0 0 115 246 255 71 196 255 114 255
    255 255 63 0 47 67 141 0 0 8 0 0 0 0 211 255 209 109 245 242 0 0 0
    160 20 128 255 9 153 191 43 79 0 255 0 193 184 1 255 0 14 0 0 151
    207 0 219 160 218 255 55 255 255 0 245 0 255 31 3 255 0 0 53 0 255
    153 0 198 255 0 255 70 0 118 255 200 114 163 177 112 255 255 255 0
    255 255 248 0 38 0 60 218 255 67 0 229 166 68 13 0 255 192 237 15 0
    255 13 248 0 255 130 177 21 167 115 255 130 125 205 117 0 179 240
    147 61 241 61 0 171 162 0 0 0 112 241 255 149 179 167 158 255 255
    255 84 255 26 255 91 172 0 0 255 185 100 0 255 0 55 208 64 255 255 6
    153 0 143 7 40 0 144 37 239 107 106 156 176 222 184 236 177 197 32
    255 114 240 255 0 109 119 127 255 168 227 186 38 179 0 201 86 72 0
    29 0 134 138 255 200 177 181 255 55 22 0 149 0 196 212 116 32 143
    255 0 224 5 107 65 62 0 153 133 40 176 101 255 231 255 74 198 0 60
    255 0 5 173 0 26 60 26 190 232 255 69 0 0 24 25 0 87 0 159 99 255 25
    36 31 188 16 98 177 114 86 0 225 111 34 24 0 107 0 221 255 101 184
    170 255 255 31 183 255 255 165 26 119 159 238 69 255 0 6 255 54 255
    255 255 95 195 255 255 255 255 12 210 255 1 230 84 255 236 23 32 23
    0 0 255 255 186 0 255 65 0 86 254 246 107 74 255 0 0 0 232 203 7 237
    234 10 195 96 0 32 1 237 255 145 84 208 15 255 255 169 0 250 0 11
    213 252 107 130 223 76 243 255 255 228 36 0 10 169 95 255 255 255
    215 171 94 0 0 203 0 0 0 255 166 210 0 0 188 132 0 108 182 255 228 0
    0 139 43 198 212 251 169 255 0 136 0 237 53 0 0 255 1 48 164 127 82
    255 255 182 255 255 0 117 254 161 0 255 0 0 158 0 133 0 248 84 213
    255 0 0 255 216 255 255 34 48 219 150 186 255 153 244 146 60 91 62 0
    233 0 167 0 79 202 91 136 131 255 121 211 60 219 226 172 194 32 255
    91 0 242 255 132 43 0 255 32 0 106 119 46 0 134 255 0 62 65 0 0 0 30
    153 138 34 167 57 255 0 185 70 180 217 255 99 250 255 85 8 255 54
    236 0 80 61 226 190 184 213 178 93 92 52 255 222 172 131 255 0 255
    255 19 208 226 77 0 48 229 219 0 255 14 65 92 208 169 177 25 122 0 0
    9 8 0 157 215 0 205 0 184 151 0 77 0 255 43 0 255 118 57 82 181 99
    175 0 0 206 28 0 118 0 100 255 255 152 157 0 255 32 0 255 137 162
    255 195 161 25 0 255 115 255 104 255 85 253 0 208 255 150 80 255 9 0
    255 14 100 248 226 0 8 34 255 63 102 101 0 124 0 0 105 0 248 10 26
    170 16 255 83 143 29 0 149 248 0 0 25 119 255 169 255 249 255 255
    136 255 21 0 55 0 78 129 73 255 0 255 115 255 177 255 255 192 157 0
    148 255 123 21 44 52 255 123 255 205 33 151 32 174 66 255 67 129 137
    11 254 0 108 0 90 255 194 52 2 151 184 141 0 255 255 67 0 255 156 48
    0 91 176 255 193 199 107 232 0 143 0 255 255 255 0 255 26 72 194 209
    255 154 255 0 0 12 30 0 225 216 5 7 0 198 4 0 255 255 0 0 255 231
    110 204 0 237 251 255 22 26 215 255 0 39 255 116 89 0 202 85 11 113
    7 87 106 0 221 0 146 195 0 255 0 239 255 143 0 57 253 0 255 196 167
    255 34 0 0 24 68 70 141 241 255 115 83 78 108 0 85 238 138 77 0 7
    162 255 200 255 111 101 151 71 0 98 156 0 255 241 0 144 198 101 255
    255 255 42 255 226 255 134 0 176 11 74 0 131 193 235 0 132 121 222 0
    255 152 35 32 255 0 0 255 0 195 0 0 46 221 255 222 4 142 57 120 255
    255 206 182 2 190 0 255 85 0 232 255 44 41 255 175 135 0 74 21 25 0
    19 255 0 144 103 131 127 54 255 100 193 255 2 60 213 213 7 177 0 143
    30 0 236 7 96 182 180 255 0 35 0 255 130 63 127 157 67 25 255 222 81
    133 94 255 53 63 152 117 255 213 101 85 255 222 89 255 0 0 57 0 173
    124 255 161 52 0 174 233 45 255 132 255 51 255 166 200 255 104 27
    110 255 197 255 0 54 95 255 158 192 95 0 0 220 145 225 255 106 65
    204 255 138 2 121 81 0 212 255 0 0 255 0 0 65 132 0 0 21 225 62 255
    69 80 76 64 164 178 180 255 0 134 255 0 0 82 0 60 193 255 77 255 7
    255 81 255 77 0 39 226 196 24 66 59 255 255 233 255 46 255 0 206 100
    164 241 255 0 0 255 255 159 217 106 91 78 151 22 0 175 223 236 16
    184 255 255 255 89 0 0 10 26 0 251 255 74 255 147 20 204 0 7 63 255
    255 255 0 45 0 130 123 220 187 200 66 221 209 36 0 156 221 59 47 1
    255 46 0 180 194 0 33 255 255 0 130 18 182 255 82 255 2 0 0 209 247
    0 0 219 209 210 254 124 238 250 49 0 45 12 255 255 255 88 0 255 19
    255 8 83 255 0 0 0 137 255 0 255 232 19 255 177 246 0 246 112 255
    255 201 167 170 65 52 0 72 54 180 140 246 0 174 69 136 42 255 252
    254 169 255 255 166 0 198 127 28 59 230 244 255 255 124 0 0 255 97
    255 178 255 29 126 42 20 243 150 26 23 54 119 0 0 49 64 169 255 255
    53 0 255 179 13 8 111 77 29 67 255 0 1 50 88 102 14 0 102 255 197
    175 227 255 0 114 255 255 54 123 196 90 161 90 104 0 0 243 216 133
    255 255 255 242 26 0 255 230 0 147 87 0 75 255 180 227 245 191 118
    67 41 97 135 255 78 65 170 0 128 0 255 27 0 63 0 255 61 0 66 0 198
    242 180 0 102 0 255 255 55 57 0 110 39 255 255 191 1 217 242 255 0 0
    216 130 0 255 127 40 176 66 255 255 255 45 124 102 100 0 56 255 5 51
    65 28 255 202 0 99 140 255 255 229 93 172 250 45 77 128 134 255 255
    18 215 0 124 0 154 142 255 144 198 0 89 92 0 170 4 229 231 154 0 131
    246 255 227 255 127 237 0 235 72 34 98 255 202 255 32 255 40 0 137 5
    200 245 255 11 0 4 255 0 0 186 76 0 92 204 4 231 168 255 134 103 91
    219 255 0 223 196 162 255 0 0 222 123 40 255 231 155 0 255 107 255
    27 118 255 173 238 4 55 157 255 6 7 0 96 226 255 96 27 16 155 0 56
    255 3 0 0 255 62 0 231 190 157 160 0 0 99 240 0 90 39 255 123 0 205
    99 157 59 162 179 255 15 255 21 245 255 134 173 125 228 98 235 86
    247 87 164 0 133 147 47 122 128 152 255 30 255 0 115 47 31 124 169
    53 170 255 97 98 191 255 0 0 237 183 47 2 255 23 169 210 119 0 255
    129 151 170 79 17 0 90 34 110 0 236 148 0 255 14 255 166 0 93 180 89
    0 255 0 209 51 0 255 138 0 151 103 255 116 0 130 254 124 89 255 144
    133 1 77 124 206 0 255 255 255 255 255 5 68 54 243 122 0 242 90 107
    109 160 224 195 186 255 134 39 255 255 255 26 0 116 213 147 0 44 255
    230 255 30 151 0 212 153 255 171 62 0 167 0 176 15 196 100 117 222
    50 103 24 0 4 255 148 197 64 127 255 255 0 0 216 55 236 130 232 168
    252 18 255 255 0 252 0 71 156 255 255 235 94 127 242 74 0 59 34 0
    255 176 248 168 210 0 16 120 125 0 207 255 59 255 116 125 0 100 188
    3 255 91 236 255 181 123 210 187 68 188 23 171 77 0 3 255 255 112 41
    152 1 156 124 70 187 43 0 168 53 109 0 69 78 255 126 0 0 196 91 255
    126 176 137 113 80 255 65 159 202 50 174 140 119 13 28 101 171 255
    78 189 0 60 239 240 0 171 100 41 167 139 63 151 120 0 22 243 160 102
    0 89 118 227 0 0 255 255 232 17 194 68 255 0 204 109 220 255 35 104
    255 85 255 46 0 32 0 54 54 0 255 190 201 13 255 86 16 172 0 0 0 0 12
    208 0 0 107 255 0 255 15 207 0 96 0 184 0 232 0 80 255 255 0 255 255
    172 255 255 167 39 42 0 81 30 163 0 0 60 250 166 156 24 172 194 0
    255 0 255 129 89 249 0 0 0 0 149 0 50 234 177 0 255 207 255 239 255
    255 0 176 186 242 86 255 140 44 255 255 255 220 22 0 238 0 180 255 0
    113 108 109 255 70 215 255 79 75 239 0 133 0 76 70 253 36 0 16 120
    223 48 45 101 22 255 0 211 255 74 172 178 38 20 127 96 117 207 141
    35 190 182 52 255 86 89 255 197 22 127 234 242 0 66 0 0 99 0 0 193
    118 255 155 20 141 255 136 208 35 210 43 0 192 0 205 154 0 0 0 116
    139 160 255 224 179 255 142 0 0 255 55 107 52 124 135 255 127 0 255
    178 148 255 34 255 138 10 255 37 0 237 156 214 235 139 27 151 253 0
    53 255 34 12 0 0 138 182 234 94 75 80 92 0 255 12 39 204 203 120 53
    0 220 129 255 164 0 255 90 255 0 70 255 44 63 255 0 112 255 223 241
    0 54 105 87 97 204 0 0 0 139 255 98 151 255 255 236 0 210 255 46 149
    128 255 0 0 188 252 123 255 16 0 255 167 191 36 0 0 59 241 175 255
    201 175 0 169 21 244 84 192 255 0 45 0 91 0 98 1 200 255 0 34 0 142
    44 0 255 255 123 251 53 24 42 0 76 189 255 255 18 0 106 130 255 248
    28 255 250 255 255 51 0 16 0 201 255 132 181 247 241 0 197 0 180 61
    0 0 171 247 114 255 83 97 58 34 163 255 222 134 255 240 168 0 133
    255 243 142 202 6 255 106 42 4 213 255 0 88 0 0 203 255 19 158 114
    53 255 0 0 255 125 148 255 163 0 93 208 255 205 114 255 65 123 169
    69 0 0 255 231 148 35 229 14 154 177 255 181 172 67 255 23 3 167 115
    122 0 104 255 0 0 123 98 32 255 255 0 255 53 128 255 28 243 85 201
    161 233 195 230 190 230 255 115 181 250 213 0 0 255 0 255 255 255 60
    123 244 227 76 90 221 95 5 251 75 255 7 187 222 255 46 255 219 193
    12 0 255 66 66 0 255 152 161 95 137 255 105 124 50 0 10 0 0 248 0 19
    0 58 143 42 241 0 212 129 0 142 126 0 189 181 57 0 0 255 0 238 125
    165 101 183 65 0 179 255 33 89 133 0 76 0 255 62 0 214 190 60 1 0 59
    255 44 113 255 243 84 255 255 218 0 255 33 0 0 0 98 0 255 0 255 243
    10 203 0 124 60 98 255 206 255 238 235 255 27 174 255 251 123 157
    201 7 113 148 44 228 0 255 255 115 0 115 226 59 188 0 254 237 172 0
    255 56 242 255 255 241 22 0 28 0 101 255 246 0 13 112 0 1 236 255
    255 160 46 0 0 33 228 0 65 112 0 0 0 6 0 0 255 0 0 255 203 213 192
    78 115 255 0 0 0 0 14 255 0 0 0 230 28 35 255 144 255 180 0 89 255
    86 188 0 99 123 61 0 169 225 142 255 3 255 0 0 247 33 32 94 255 30
    173 255 255 27 0 255 62 8 227 216 175 0 0 255 249 134 255 255 117
    109 140 0 255 255 22 136 255 255 248 131 246 0 255 228 7 215 0 13
    198 255 15 195 11 140 255 255 163 48 110 0 0 54 0 31 136 0 238 187
    95 250 240 255 57 26 255 178 54 0 176 185 45 162 135 255 65 255 255
    77 107 255 143 232 255 255 106 199 0 255 255 255 0 4 193 0 15 202 0
    199 173 0 116 203 0 171 110 148 87 236 0 255 166 183 0 0 165 167 81
    255 38 225 0 190 0 22 255 0 169 0 197 5 255 193 0 0 0 113 167 255 87
    165 69 85 0 254 255 124 60 255 255 33 51 255 255 80 239 255 0 9 146
    0 0 229 0 0 33 172 45 22 234 100 0 99 54 255 255 82 141 0 255 0 248
    37 255 91 0 255 0 147 133 255 0 0 50 103 56 174 0 255 99 255 255 255
    27 10 26 230 47 230 146 0 255 0 175 0 33 255 147 59 25 0 142 131 26
    6 255 87 180 236 255 0 0 171 226 133 252 255 218 255 0 49 51 193 255
    255 79 216 0 255 81 0 255 255 0 0 0 246 255 40 95 25 0 255 79 214
    148 196 67 204 255 255 185 247 199 0 57 4 48 112 31 235 63 101 229
    73 111 245 107 255 255 70 232 0 182 255 39 255 0 190 65 0 0 101 157
    140 125 139 185 65 255 124 255 162 203 83 255 132 0 25 0 4 187 0 25
    0 243 255 255 41 111 19 144 243 167 23 220 0 95 64 245 0 169 255 173
    231 0 150 59 190 54 176 186 34 52 26 218 233 53 25 255 0 0 0 255 183
    255 171 42 109 193 156 0 0 205 0 209 255 255 205 255 161 175 35 160
    0 255 184 255 105 176 255 255 243 145 0 209 157 0 255 215 232 13 112
    173 0 255 234 183 23 0 136 0 72 3 94 136 102 0 124 98 0 0 130 87 255
    0 89 255 0 255 255 72 3 221 171 176 38 203 0 255 112 25 12 163 237
    255 92 209 99 255 119 228 136 47 0 0 219 255 0 230 104 236 189 187 0
    0 27 44 95 216 213 202 0 0 255 74 0 240 83 177 255 227 26 255 114
    240 96 0 237 19 0 255 0 152 255 255 143 255 39 0 0 80 30 122 246 238
    102 255 0 232 134 232 255 110 0 210 0 164 207 163 255 49 157 27 215
    170 236 53 151 0 103 193 185 255 255 255 109 127 232 68 0 176 255
    159 107 101 180 255 38 0 160 5 8 255 174 114 91 238 255 180 169 217
    75 80 127 0 197 255 0 56 15 87 255 167 248 255 123 128 255 255 191
    255 145 0 251 70 226 187 0 255 0 243 12 132 216 131 255 197 192 0
    215 255 198 68 252 37 255 218 255 132 71 253 174 255 201 118 236 0
    255 0 0 252 14 222 0 82 228 255 37 255 255 163 33 56 43 93 229 121
    255 171 16 255 3 234 126 226 255 0 255 0 36 45 253 255 128 106 255
    239 0 236 232 209 0 0 46 27 255 0 0 48 26 226 12 0 183 174 94 219 83
    187 166 255 245 0 235 144 255 255 255 0 20 205 156 160 255 188 255
    86 0 0 174 12 12 232 201 255 247 255 199 255 194 0 0 51 217 0 90 255
    169 155 116 53 0 80 255 145 14 136 0 121 87 106 107 0 0 214 0 0 16 0
    132 232 255 66 159 255 234 56 255 102 255 82 213 255 203 106 224 100
    91 6 255 49 0 255 0 164 118 255 0 209 0 0 0 23 246 120 158 171 183
    217 0 176 255 83 255 125 215 0 146 159 255 175 222 82 161 255 120
    168 5 88 131 207 84 62 52 165 0 66 187 167 114 80 255 142 213 15 105
    216 0 111 0 255 255 58 255 180 255 0 255 49 115 153 145 177 190 107
    255 230 37 184 0 103 143 43 255 70 124 255 5 255 0 252 179 176 102 0
    210 14 0 39 165 179 212 120 255 181 4 148 34 79 0 132 126 179 211
    255 43 33 137 255 0 241 51 255 255 250 255 0 150 0 77 165 237 73 0 0
    255 62 57 220 215 0 9 175 210 255 0 23 255 123 0 58 35 197 228 0 186
    163 131 229 60 19 255 170 0 136 7 106 24 123 110 13 206 255 224 220
    103 24 126 0 238 165 38 164 132 255 53 176 7 0 5 106 81 232 255 191
    0 168 112 101 159 64 20 2 165 98 218 71 165 0 104 84 231 100 95 0
    109 41 211 198 81 42 163 142 234 124 158 255 154 194 194 0 3 0 0 3 0
    118 0 15 255 255 255 255 153 255 161 255 195 0 27 183 135 211 167 66
    255 255 0 210 231 31 0 0 0 82 66 174 232 218 193 23 0 0 0 0 127 0
    200 255 255 255 0 0 127 207 255 44 237 255 0 0 255 87 128 223 207
    238 255 172 147 167 255 0 26 166 16 2 48 107 0 128 184 255 15 118
    226 0 255 10 191 182 102 255 23 19 77 130 0 255 255 0 255 255 8 0 0
    224 63 0 0 32 0 59 154 0 219 166 157 156 255 255 250 0 248 130 255 0
    255 255 30 255 93 245 213 48 144 0 77 0 0 255 84 196 255 1 0 234 244
    18 255 69 255 208 181 171 235 183 52 176 0 147 213 0 218 0 255 246 1
    111 109 255 122 48 255 156 20 22 255 255 182 255 0 0 215 46 4 174 22
    255 0 21 85 0 134 55 0 126 199 1 81 0 255 132 83 123 208 108 255 213
    0 129 0 255 107 217 244 255 110 215 63 80 0 255 155 255 0 247 255 0
    0 25 0 0 255 1 96 107 0 47 0 255 0 162 0 255 212 50 133 21 24 99 163
    255 0 200 0 77 192 171 26 255 255 0 99 0 132 28 121 255 150 167 255
    255 255 216 0 255 255 0 109 173 44 44 0 201 84 52 209 146 255 0 71
    124 189 0 3 255 238 200 25 2 164 103 134 189 0 140 0 45 255 8 0 45
    173 255 31 0 215 153 191 0 84 64 59 139 0 90 183 87 255 28 246 255 0
    204 210 222 255 238 241 102 185 106 0 17 9 255 210 254 0 57 255 233
    138 102 0 216 144 91 53 43 54 122 222 255 116 255 110 0 255 255 2
    232 208 0 0 176 219 21 3 0 141 0 21 255 198 243 200 120 189 20 92
    241 116 11 107 76 0 0 249 79 255 129 255 236 103 65 116 117 255 209
    255 255 255 255 255 255 179 179 212 76 255 86 255 255 86 37 13 9 137
    60 255 255 0 255 255 10 32 185 3 0 165 255 68 161 231 73 255 243 255
    255 0 233 10 0 255 0 255 121 236 139 0 36 15 0 55 76 158 136 100 255
    65 255 58 255 255 242 16 0 0 245 91 53 255 95 28 232 41 0 255 210
    254 127 0 114 243 177 70 120 0 242 0 103 0 255 232 51 255 211 223
    101 253 121 255 255 114 255 45 196 0 234 113 255 0 101 0 189 255 186
    255 255 255 255 76 0 255 174 77 255 29 142 74 213 0 255 169 69 255
    255 195 255 132 133 0 179 175 0 0 255 0 167 150 255 0 70 0 101 0 0 0
    255 204 61 115 255 157 162 2 97 0 255 255 255 0 234 255 222 193 255
    0 5 255 15 121 244 58 205 52 245 207 0 5 0 0 4 89 139 133 145 255
    255 178 133 234 16 181 10 141 255 0 191 93 0 75 212 0 255 209 110
    255 82 14 21 120 197 206 207 0 255 90 94 255 103 74 140 255 197 255
    214 38 138 249 97 25 146 113 0 19 0 170 202 186 0 158 31 141 93 141
    255 137 255 178 52 110 28 255 255 252 255 255 49 241 175 255 0 0 252
    0 107 116 13 176 255 115 12 51 0 117 17 255 228 111 255 248 255 164
    38 156 255 242 76 194 92 249 139 0 198 0 247 133 255 174 107 0 255 0
    147 0 251 255 241 185 240 136 0 255 0 135 184 55 47 123 117 222 40
    60 255 76 124 134 171 93 0 255 1 70 23 0 240 28 255 0 92 142 232 255
    34 94 41 238 217 200 137 0 255 216 0 38 255 88 255 200 112 77 0 220
    0 189 130 255 71 199 0 216 228 45 44 125 100 255 175 146 44 99 255
    255 73 8 0 4 0 224 0 162 229 72 214 212 251 0 129 255 39 128 0 118
    16 0 27 81 104 113 152 91 57 0 46 255 30 140 236 172 255 120 0 132
    120 191 255 255 80 255 208 0 237 255 0 127 86 0 207 0 255 20 74 51 0
    171 255 62 0 0 220 46 48 108 209 65 203 2 90 0 255 255 21 5 165 88
    153 184 0 220 135 136 180 202 238 77 77 220 68 252 255 221 88 255
    229 130 0 0 10 11 204 215 62 0 255 0 71 181 173 255 52 189 220 17
    216 255 86 255 1 0 6 194 174 221 0 29 138 190 92 255 65 255 81 34 83
    66 171 163 0 216 205 0 255 255 36 204 49 224 0 66 44 111 255 106 184
    0 189 85 255 71 212 64 86 67 178 98 0 0 98 23 50 12 144 43 255 236
    139 255 56 192 183 170 255 182 24 214 0 64 182 247 255 96 0 0 0 0
    125 156 10 62 109 18 230 0 46 81 75 152 192 122 255 0 116 252 189
    255 188 142 255 254 255 183 96 43 79 255 25 44 148 241 105 0 0 255
    100 188 75 12 255 1 172 122 0 255 142 52 255 0 100 255 8 35 203 255
    179 248 112 0 233 6 0 3 255 112 211 53 255 255 138 210 86 0 12 235
    228 52 199 0 131 210 255 13 255 191 202 44 140 218 255 186 208 0 228
    119 0 0 56 0 0 0 229 67 255 40 219 234 213 23 0 14 196 62 27 0 255
    190 121 108 229 0 146 139 227 180 248 165 174 202 255 255 24 150 0
    95 255 255 255 59 0 255 192 218 132 251 160 0 255 57 0 221 0 0 79
    107 0 0 0 0 255 93 0 255 0 255 0 21 0 0 225 70 255 17 0 22 255 48
    200 255 217 255 93 92 245 0 0 0 1 127 255 236 39 59 88 0 0 150 229
    168 50 200 42 0 181 75 254 33 39 0 0 147 255 214 0 255 255 157 0 255
    0 138 86 0 255 75 76 19 188 219 128 0 0 229 45 255 63 136 255 0 245
    185 202 0 0 218 0 95 0 45 15 102 0 244 255 140 246 0 255 111 15 21
    255 0 0 188 69 76 255 220 98 255 255 166 1 0 252 255 58 195 247 0
    209 0 216 255 36 249 0 47 251 2 75 17 0 255 0 255 0 164 166 6 66 164
    0 92 0 250 0 76 234 173 201 0 40 120 210 103 5 0 173 235 255 255 90
    108 172 145 255 0 0 145 116 63 74 255 57 54 119 255 0 0 123 0 255 1
    212 255 5 0 79 101 255 0 255 99 255 215 0 255 255 253 108 255 240
    149 255 0 255 255 237 4 63 170 0 0 255 0 255 139 208 99 0 255 250
    186 206 59 122 255 35 144 45 176 255 61 115 0 255 255 74 255 8 67
    192 0 55 0 82 36 193 228 103 0 1 0 34 255 0 214 219 0 59 255 0 73
    255 137 0 130 111 0 255 255 255 0 134 237 255 62 230 0 145 0 53 214
    11 206 255 0 0 238 198 0 118 186 142 252 255 218 255 251 225 131 212
    0 255 154 0 9 149 255 217 255 0 65 10 130 244 0 154 39 255 21 157
    255 160 236 233 246 32 203 0 22 236 255 11 172 208 0 0 122 0 33 71 0
    230 81 216 217 0 255 85 255 0 155 208 0 217 213 223 174 136 255 152
    100 149 255 255 255 160 255 25 0 255 0 226 63 132 199 0 244 0 14 0
    160 255 170 0 0 0 0 227 152 255 124 255 224 128 144 255 29 78 6 0 0
    0 52 0 234 69 31 255 252 255 248 255 220 139 114 0 73 156 143 54 45
    255 251 94 46 213 99 255 255 255 255 0 255 115 193 156 199 73 168
    129 89 191 212 64 0 81 0 178 247 106 201 62 42 73 210 0 189 203 0 89
    254 0 255 115 197 0 215 59 80 255 219 17 144 255 0 156 255 255 94 0
    232 35 0 7 255 17 0 255 174 255 38 36 168 255 73 58 255 240 255 0 61
    171 229 21 149 89 55 117 226 225 211 67 246 0 244 59 0 2 8 0 108 0
    109 17 92 0 35 117 0 238 215 70 87 112 255 42 124 255 228 78 0 206
    255 163 26 0 22 203 255 88 0 164 81 110 179 9 255 0 147 136 0 4 127
    147 0 156 176 255 47 255 160 77 146 0 78 230 255 228 198 255 230 255
    255 130 180 0 13 178 176 0 255 255 193 255 185 206 125 0 43 67 0 181
    255 8 255 227 49 0 93 103 235 255 32 73 47 12 0 255 139 80 219 164
    255 0 94 196 151 255 69 0 184 130 213 199 196 160 221 255 50 5 255
    255 255 137 13 0 144 0 248 0 127 0 11 255 17 255 143 248 0 163 203
    92 0 8 161 69 236 191 10 97 203 86 192 203 48 0 0 244 226 0 103 11
    134 119 159 3 220 255 13 125 39 143 0 0 255 100 255 0 255 233 183
    255 0 255 248 180 50 0 0 147 0 171 0 202 31 22 0 255 255 0 215 242 0
    214 0 255 101 200 122 134 150 56 23 175 149 200 245 187 128 27 255
    183 16 145 2 250 110 255 255 255 0 246 59 50 0 0 0 34 255 192 0 255
    74 255 0 22 0 0 203 23 117 97 150 98 255 145 47 0 164 0 80 81 37 48
    204 0 27 86 255 119 0 255 0 35 255 154 67 176 175 0 34 106 141 117
    232 0 88 0 200 156 92 255 183 174 0 0 255 0 255 107 252 134 0 165
    155 100 218 242 113 210 0 255 0 0 0 0 205 223 135 0 144 215 242 0 29
    174 35 31 207 221 172 131 166 0 218 0 0 2 228 57 255 255 0 168 8 255
    251 31 231 0 255 190 38 14 248 198 220 213 192 70 161 167 138 84 255
    176 4 252 42 122 255 0 0 212 255 65 24 91 255 120 211 117 145 13 255
    198 74 58 57 25 46 0 15 255 255 255 241 39 150 0 0 201 0 183 149 0
    115 216 0 231 255 155 211 0 57 255 64 235 106 130 178 191 40 178 142
    0 0 0 0 69 252 194 255 230 178 105 45 195 0 164 79 123 117 12 192 15
    215 130 255 119 65 255 219 0 7 198 55 255 255 101 223 255 198 122
    221 194 237 255 237 81 177 212 0 55 255 141 255 159 156 0 0 0 33 87
    178 0 130 70 255 255 0 0 58 255 6 67 52 218 182 34 240 0 255 0 255
    107 8 12 80 119 255 151 224 206 164 90 225 81 0 204 255 218 138 255
    32 235 0 215 233 0 54 31 0 180 50 0 59 127 170 255 251 0 117 0 5 15
    0 249 158 58 0 255 0 0 7 255 255 255 0 20 0 255 0 0 0 255 255 255 5
    255 255 0 168 71 63 234 255 123 181 39 213 253 255 0 0 255 255 125 0
    0 255 255 133 255 68 255 255 47 0 120 66 189 0 118 255 255 0 255 39
    196 0 247 255 156 0 124 255 25 108 160 0 100 169 119 154 183 13 117
    204 102 17 238 0 219 177 158 107 238 255 175 162 40 238 222 255 171
    0 255 122 131 255 236 255 159 104 100 0 255 186 241 255 120 0 0 186
    255 16 91 255 146 45 255 239 0 0 26 159 152 183 29 238 0 255 32 0 0
    76 100 112 240 115 0 44 255 3 255 182 222 214 3 89 3 116 227 255 197
    0 0 255 145 222 0 0 15 242 255 245 0 255 255 0 194 255 235 41 255
    232 113 255 226 14 255 42 0 106 255 0 42 3 173 17 200 223 17 255 146
    111 255 209 0 255 0 67 255 39 119 255 200 71 38 92 0 218 235 168 3
    227 255 0 0 65 191 33 121 39 29 216 91 255 166 243 115 255 133 255
    97 66 42 13 233 0 0 255 0 153 178 169 105 189 161 255 0 255 83 255
    255 255 255 0 255 255 62 0 202 255 130 217 8 180 21 166 57 0 169 0
    171 0 115 0 255 97 0 136 253 6 77 255 255 173 0 43 87 255 7 0 0 143
    253 78 150 202 255 255 255 255 101 47 198 21 255 86 0 234 145 255 13
    10 208 53 99 156 70 0 233 255 98 0 41 0 137 110 34 255 93 255 33 2
    255 20 255 255 255 0 58 0 0 93 0 67 26 199 147 253 250 18 146 0 249
    255 196 0 176 255 0 141 17 154 0 29 42 0 0 73 214 0 232 168 33 4 170
    255 0 219 181 125 0 202 0 179 114 76 244 131 93 5 38 255 255 53 46
    250 255 142 255 42 120 0 168 163 0 234 96 0 120 0 0 252 33 0 255 163
    45 61 255 238 0 27 255 238 77 72 255 255 255 255 112 24 255 99 191
    164 0 129 132 215 255 255 255 62 0 123 126 255 110 118 142 60 0 41
    53 0 63 0 0 255 255 83 255 255 56 102 0 0 0 173 118 173 254 64 255
    255 13 60 255 22 123 14 255 168 0 141 142 207 198 0 149 88 255 178
    85 139 218 177 60 255 255 149 100 141 214 0 181 59 64 239 179 255
    103 174 78 39 255 198 8 255 0 39 37 218 169 255 74 0 0 0 255 118 228
    255 255 57 0 255 172 0 94 255 21 252 255 32 124 48 0 99 77 0 108 218
    59 255 255 0 97 255 189 0 0 255 255 46 0 255 255 146 39 164 229 0
    255 170 255 229 0 234 0 222 196 0 95 0 42 255 193 47 254 0 255 0 88
    217 120 0 61 107 104 255 227 153 17 39 255 25 210 186 148 48 227 0
    38 255 100 0 255 134 116 197 123 150 99 255 131 141 0 255 0 31 255
    131 255 12 123 0 64 222 21 255 255 255 0 255 140 152 255 167 175 7 0
    250 255 255 249 192 255 0 226 194 174 7 17 182 137 0 255 0 246 246 1
    122 126 4 151 0 54 78 126 206 146 225 255 204 11 56 89 125 164 45 5
    70 255 44 0 112 244 152 255 48 255 123 0 255 47 72 255 35 179 255 0
    100 102 176 104 83 255 19 0 51 0 255 255 0 0 82 180 181 212 30 162
    50 0 0 84 68 107 255 110 220 219 14 99 0 61 165 0 106 102 236 129
    128 255 0 0 22 23 154 255 250 255 255 44 74 0 0 8 0 115 255 158 0
    235 244 215 120 126 43 255 255 0 18 242 102 215 255 255 255 0 35 6
    255 53 255 164 0 0 114 215 162 0 0 255 198 0 255 245 68 0 0 1 255
    217 192 26 3 0 0 3 134 255 255 75 25 144 255 0 255 0 55 127 255 0 97
    239 52 213 255 24 140 44 255 242 255 226 202 207 150 255 255 0 255
    99 0 63 214 247 139 185 255 81 11 255 114 209 235 120 201 234 247 11
    0 0 174 115 251 255 103 187 109 254 124 194 0 0 0 224 0 255 127 98
    255 207 0 0 241 255 151 0 245 38 214 56 100 207 219 255 65 199 0 234
    26 255 0 170 255 255 248 0 57 255 195 36 101 40 123 76 31 54 0 25 0
    168 0 0 109 206 0 36 76 112 242 160 0 46 109 0 189 189 16 166 147
    255 249 139 232 0 4 91 229 255 145 34 66 0 62 237 163 123 222 0 236
    255 131 25 0 64 103 0 94 255 255 87 255 115 255 51 255 127 0 22 255
    94 124 0 173 78 255 224 0 255 139 253 186 188 79 0 85 60 0 102 116
    14 130 66 255 88 135 218 0 0 255 77 208 207 255 107 44 0 13 0 255
    147 255 176 92 228 255 107 183 160 0 0 255 0 175 255 159 93 0 97 244
    135 255 38 84 138 5 247 0 123 142 149 239 59 132 76 119 0 0 0 145
    189 133 86 35 93 0 234 183 131 183 0 0 30 255 223 113 238 187 197 13
    112 60 0 255 255 133 0 182 255 0 255 255 182 0 159 56 0 31 0 255 21
    0 214 255 98 200 255 255 0 0 0 66 146 5 168 255 137 0 28 65 4 235 25
    115 201 228 62 65 13 255 216 0 60 255 0 0 0 220 96 0 192 177 0 255 6
    15 45 75 0 255 255 0 111 7 35 11 0 255 255 96 246 188 96 27 37 244
    255 255 0 255 130 161 255 255 0 0 151 0 83 28 2 78 255 144 0 255 0 9
    0 0 41 20 13 251 4 0 0 0 255 173 69 0 255 0 87 127 0 0 48 44 207 215
    255 221 217 83 0 52 178 226 145 1 207 177 255 39 188 206 201 0 0 25
    255 10 27 207 54 202 0 145 154 69 207 189 26 234 63 0 255 0 255 155
    255 1 0 255 0 18 0 227 130 110 206 217 68 0 214 152 0 255 255 255
    126 232 99 255 255 122 190 255 25 0 156 47 174 0 1 255 96 42 255 0
    108 246 255 0 0 211 7 56 0 15 201 0 138 0 0 25 0 152 61 203 131 0 79
    230 0 1 36 231 47 0 60 255 255 99 99 203 237 0 187 180 0 0 253 165
    204 0 241 60 255 255 138 255 160 0 218 0 53 0 64 0 255 171 90 97 241
    224 71 0 221 94 6 18 231 0 0 137 0 0 0 118 0 229 0 45 136 248 0 217
    255 141 255 22 45 255 209 100 116 116 15 66 0 255 134 255 255 255
    255 227 0 187 255 255 0 0 194 62 182 154 63 42 255 0 255 10 30 47 29
    185 0 92 206 0 255 179 46 18 244 254 255 117 177 72 133 0 0 244 255
    71 148 86 0 124 255 0 248 146 255 82 255 80 0 254 68 255 0 255 170
    235 45 0 0 86 0 250 0 93 0 255 246 255 145 17 255 35 61 225 229 0
    145 32 0 248 115 227 246 195 129 0 200 255 0 104 0 161 123 212 0 0
    255 39 246 67 0 197 226 28 72 0 113 0 94 255 125 154 255 206 255 255
    147 241 0 250 84 9 166 19 0 189 0 255 11 115 112 0 22 103 255 129
    150 211 167 175 149 255 255 255 230 18 21 0 255 0 0 238 75 244 215
    255 20 0 255 255 27 229 126 72 33 237 191 0 255 255 85 0 255 20 253
    59 51 188 0 193 0 116 243 61 71 193 178 145 255 0 163 0 27 109 0 0 0
    109 37 255 66 37 2 254 0 255 81 255 237 189 90 108 103 0 255 135 0
    120 36 82 182 127 78 172 255 255 0 255 9 0 0 168 0 100 255 146 16 0
    214 255 131 184 0 255 0 255 104 66 255 42 224 3 138 255 0 255 31 255
    255 140 253 0 7 255 211 111 187 166 200 255 162 0 31 48 0 0 218 52 0
    210 96 0 105 97 146 0 0 149 214 0 87 255 172 246 147 193 255 0 52 78
    73 255 135 0 113 255 34 102 21 43 136 255 255 0 37 255 204 12 115
    255 210 27 122 120 120 0 188 193 156 154 115 255 177 143 83 188 255
    255 0 147 255 153 255 24 104 88 82 126 255 0 179 255 247 255 0 45 97
    209 0 0 160 0 70 0 8 0 232 40 191 178 238 198 254 49 0 157 104 191
    255 104 0 216 197 70 86 255 255 249 255 148 255 84 47 5 101 0 90 102
    0 32 92 140 67 255 0 181 51 0 209 167 255 124 132 255 218 73 178 249
    255 0 0 148 0 172 114 0 5 16 79 98 90 246 1 255 255 40 233 12 0 8 0
    255 167 255 0 24 5 255 255 146 117 23 89 97 206 95 0 32 3 56 255 211
    255 128 255 139 113 253 232 99 252 191 0 4 61 255 22 0 17 105 255 76
    242 158 20 235 109 255 255 0 28 0 255 99 185 8 0 255 104 57 71 255
    255 248 255 255 0 0 100 90 111 255 113 255 13 0 205 83 239 0 255 147
    0 0 255 233 158 222 72 255 77 108 255 172 0 0 255 143 74 255 255 9
    43 198 255 203 100 215 163 178 103 0 32 46 3 236 14 9 0 172 111 255
    126 90 224 61 143 0 255 0 112 53 255 85 125 255 134 101 131 255 160
    43 188 255 255 255 0 30 255 147 102 15 114 255 112 0 0 255 168 255
    216 87 255 115 124 255 189 211 255 240 169 255 0 0 252 167 255 255
    230 251 36 255 85 210 255 121 0 88 255 255 65 0 63 255 0 179 30 243
    255 84 35 122 242 241 210 0 64 255 255 0 0 158 172 255 0 0 45 130
    158 0 255 215 92 0 250 32 102 255 109 156 226 31 15 222 193 255 255
    6 110 0 0 69 96 80 27 255 0 255 0 32 255 194 0 159 255 228 67 51 235
    247 153 113 140 0 225 171 95 14 255 0 255 50 255 249 255 83 200 27
    255 36 255 255 250 175 139 0 0 0 0 24 168 118 0 86 197 77 147 229
    255 39 255 116 153 222 100 157 162 0 173 255 253 255 50 153 11 156 0
    0 143 122 109 255 255 251 54 225 215 255 154 125 136 0 125 0 202 77
    105 7 215 0 210 104 113 116 177 255 255 50 206 159 5 0 182 205 70
    110 255 255 200 255 255 233 0 255 255 0 0 57 68 255 238 0 194 184 3
    156 117 4 21 255 0 156 8 255 30 223 36 255 91 155 85 0 58 255 0 255
    14 4 250 81 243 84 218 41 50 11 54 0 0 156 255 0 155 172 200 212 2 0
    162 184 255 111 255 0 8 190 0 89 0 76 175 5 241 42 236 55 150 25 21
    255 86 16 44 0 46 216 0 51 102 89 255 0 162 255 0 73 123 111 255 11
    51 62 137 0 255 160 20 71 255 255 171 238 66 253 47 190 66 143 255
    142 0 35 150 255 130 240 154 255 0 27 0 109 48 0 202 110 180 255 0 5
    104 0 122 19 146 164 0 161 32 233 0 15 220 0 255 227 255 177 133 255
    141 221 229 0 217 55 45 204 3 227 0 250 0 124 255 255 59 0 237 117 0
    158 91 255 255 63 233 255 71 181 0 255 255 139 186 34 94 167 0 255 0
    0 255 0 105 0 96 255 214 25 158 55 185 233 10 0 37 255 86 0 191 255
    247 134 181 34 142 8 0 66 119 0 197 0 0 0 255 0 193 255 0 228 165 0
    242 214 129 90 255 205 86 123 63 248 135 35 165 45 0 255 255 0 255
    145 255 72 255 140 99 255 224 230 194 186 0 16 174 255 215 255 255
    244 145 85 255 204 0 120 255 0 223 134 93 0 255 0 0 255 0 75 255 0
    255 110 17 0 255 74 208 47 157 229 240 255 0 0 164 0 0 78 36 1 11
    189 0 44 248 255 255 0 79 255 67 215 255 0 155 56 252 38 190 25 255
    0 66 255 177 0 236 213 0 178 220 97 0 0 241 0 120 255 182 0 136 56
    231 15 176 255 175 141 0 22 196 166 86 255 235 255 255 0 39 255 18
    156 12 255 89 0 223 38 167 20 47 133 47 37 57 255 0 159 255 41 2 255
    0 0 207 156 46 127 255 150 68 12 255 224 0 169 255 130 255 0 255 0 0
    255 255 47 255 11 0 124 36 245 112 250 254 255 102 99 255 255 255
    248 0 81 126 255 13 20 0 0 0 244 0 124 98 142 113 235 147 179 250 0
    255 0 203 81 59 171 0 95 0 83 255 55 232 255 193 255 255 255 36 255
    237 71 255 84 37 14 255 59 0 13 135 255 57 0 255 0 27 95 0 255 96 0
    151 173 208 162 255 30 181 0 0 26 244 0 218 170 56 0 96 255 128 38
    130 255 0 29 129 96 64 226 251 0 140 152 10 0 255 255 0 169 255 101
    184 255 211 0 118 140 255 10 38 0 0 255 44 0 63 255 255 98 190 151
    220 182 27 90 0 37 143 190 255 61 62 86 183 255 159 255 0 0 196 24 0
    197 0 255 0 63 187 60 87 255 147 186 23 0 0 11 87 0 35 255 255 87
    191 179 162 160 54 124 13 255 71 0 0 0 112 212 2 113 255 104 227 249
    185 255 165 255 0 0 185 148 240 209 97 47 120 0 0 255 175 160 138
    239 255 15 255 157 0 121 0 83 103 255 205 74 255 78 209 111 125 255
    0 84 0 39 152 0 123 122 208 135 255 57 82 255 223 10 249 116 81 0
    255 2 105 104 55 0 5 146 109 190 251 255 3 6 0 93 87 0 255 246 150
    255 10 81 19 20 255 18 232 0 0 255 237 247 204 232 255 255 132 28
    255 153 0 89 241 1 0 255 188 237 255 255 210 0 130 241 255 27 0 0 83
    55 0 255 106 234 155 252 255 245 0 0 165 154 0 111 255 40 76 255 255
    116 255 0 252 38 0 17 131 255 22 255 152 255 120 230 154 73 143 210
    0 0 123 60 75 141 215 255 174 109 241 255 0 96 211 255 87 118 255 93
    42 237 185 255 14 33 211 196 193 72 128 0 247 40 0 5 255 68 255 62
    250 143 203 0 49 0 140 224 74 0 132 251 6 183 64 255 47 250 149 90
    245 0 255 0 255 255 0 0 255 32 255 124 80 255 221 147 149 60 171 255
    56 113 10 119 59 118 252 134 124 0 145 47 0 40 115 75 0 131 0 255
    118 255 239 27 130 2 243 0 127 0 55 145 136 255 216 132 28 214 27 0
    165 95 255 255 168 0 168 35 180 182 92 255 104 14 13 103 167 233 241
    255 1 210 0 74 0 0 255 132 212 50 255 17 0 109 0 255 82 241 38 255
    255 137 255 231 0 150 255 0 6 255 222 255 188 107 86 255 97 111 69
    66 149 69 221 249 26 255 0 97 11 76 255 246 255 11 255 182 255 110
    97 187 35 0 0 142 172 238 183 131 36 0 227 82 255 56 6 251 255 255
    231 255 253 240 0 255 141 187 184 224 255 91 167 35 79 255 241 200
    98 49 255 0 17 79 125 249 171 128 6 0 203 127 234 171 0 0 208 0 0
    165 97 255 255 72 255 255 24 0 255 82 255 222 197 137 47 87 0 174
    151 61 231 0 212 176 109 136 0 54 189 0 255 37 251 0 0 247 0 0 143
    65 125 60 95 0 199 116 0 255 255 128 15 255 255 255 0 140 3 125 116
    0 102 211 244 82 255 91 217 27 255 255 33 176 83 126 35 0 112 74 45
    182 171 255 0 48 0 0 0 146 155 255 140 63 255 90 255 216 255 193 160
    0 0 0 73 99 115 19 202 255 0 5 0 229 255 0 137 27 98 255 0 65 86 42
    158 245 69 73 123 73 99 156 255 56 152 255 41 203 175 3 201 184 46
    255 255 0 244 217 42 23 109 192 234 0 123 125 41 255 243 181 255 1 0
    187 255 0 76 255 95 161 164 255 255 255 49 201 0 96 86 0 255 76 49
    57 0 0 255 16 0 174 220 212 30 97 82 255 141 255 222 242 218 48 146
    131 0 34 174 45 255 0 19 0 98 111 94 173 152 153 255 11 255 171 193
    54 255 54 223 37 227 255 255 218 225 255 255 216 206 0 0 255 255 63
    212 15 98 44 255 139 11 88 216 150 30 21 85 0 158 105 255 255 22 255
    58 154 108 23 94 93 255 255 251 49 124 255 247 0 255 24 255 0 161 9
    62 229 167 255 152 113 38 75 162 174 36 154 0 212 0 162 32 0 0 214 0
    141 146 0 31 0 0 228 79 95 145 236 42 99 141 237 80 75 165 0 161 126
    99 172 0 55 255 0 0 230 219 255 195 0 94 119 193 30 223 31 35 187 28
    121 141 42 117 0 20 164 222 0 46 65 214 255 233 255 200 207 167 102
    0 187 255 237 8 255 255 205 91 100 0 60 0 255 136 121 86 255 255 243
    185 0 148 252 49 191 123 153 0 141 210 53 96 0 255 255 66 0 50 62 0
    239 244 229 0 187 197 0 14 0 56 0 255 49 0 70 55 16 204 63 47 94 183
    255 78 0 0 111 19 0 27 0 125 0 135 0 40 218 175 21 0 225 97 104 0 0
    147 0 188 230 0 255 232 128 255 0 255 255 22 255 31 174 44 87 255
    255 255 0 255 166 182 53 138 238 79 128 255 80 0 28 60 0 117 210 76
    0 255 81 233 248 210 103 151 53 172 255 105 243 26 255 2 54 0 17 208
    146 0 190 86 6 255 129 145 0 58 134 151 255 164 255 105 255 51 28
    255 255 0 51 217 0 48 245 0 57 62 244 72 167 0 237 253 255 255 0 242
    195 255 109 227 139 255 0 218 94 6 255 183 96 255 169 255 196 1 255
    0 223 255 20 255 3 237 0 155 255 255 255 137 0 50 51 64 255 255 170
    84 23 18 255 0 0 255 250 0 47 255 88 141 0 166 167 95 0 81 255 0 148
    152 255 255 132 255 25 172 126 65 0 167 164 0 0 36 0 255 0 255 215
    255 66 156 252 26 52 3 0 255 139 207 107 0 255 97 0 0 80 28 45 235
    65 0 123 208 176 34 64 125 255 193 255 239 255 32 228 0 255 160 0 10
    132 131 246 0 255 132 33 0 246 0 183 179 255 0 0 93 131 12 42 0 235
    0 41 0 15 0 0 193 0 186 41 76 178 226 114 255 13 192 185 46 255 103
    64 87 31 0 255 255 0 151 197 19 34 255 235 140 255 255 255 255 86 0
    255 0 65 0 0 0 255 180 217 255 225 86 104 152 206 44 220 79 133 255
    255 133 67 200 0 255 27 238 172 78 178 0 0 27 230 48 184 255 255 242
    255 142 150 255 0 95 182 255 0 93 241 162 0 135 12 255 88 172 130
    118 218 136 1 255 0 0 97 255 134 0 0 247 0 22 106 35 19 255 190 255
    216 124 72 255 60 119 178 24 222 224 0 238 0 0 0 0 59 125 241 255
    127 255 0 0 191 255 255 255 163 159 39 97 54 152 230 24 33 40 202
    223 200 223 202 126 70 105 217 112 232 38 243 255 255 0 145 4 37 0
    61 82 72 117 0 255 215 121 0 180 10 0 0 113 0 73 0 42 255 1 98 255
    220 249 255 97 134 0 113 242 39 16 255 82 0 136 163 165 18 255 255
    182 16 255 255 175 128 134 0 7 255 0 79 231 255 0 87 44 0 254 192 43
    255 81 168 0 0 255 109 0 220 78 129 215 255 255 168 226 194 57 16 71
    255 0 137 175 0 138 255 151 0 0 230 0 3 131 99 135 255 119 213 255
    255 225 0 244 255 0 255 5 54 61 58 0 160 0 196 133 0 131 177 55 228
    0 26 210 116 207 255 0 120 186 0 0 0 255 174 164 24 191 67 102 120
    84 0 0 255 201 114 255 142 255 136 255 255 0 12 116 0 89 118 162 0
    147 0 209 89 0 0 87 15 244 25 0 39 29 0 55 243 255 142 245 0 206 175
    63 159 0 247 95 86 83 255 70 23 0 29 104 0 0 0 7 63 0 0 19 0 215 0 0
    170 48 155 0 55 103 0 78 0 0 255 125 143 82 109 255 14 5 0 98 213
    255 239 0 255 40 234 0 127 64 0 129 62 135 136 236 185 255 141 255 4
    0 58 192 83 231 109 180 155 15 101 179 0 255 66 255 0 255 0 221 42
    164 255 255 97 255 255 255 0 182 41 0 215 126 18 58 88 94 185 156 14
    0 0 184 85 229 0 101 255 0 0 16 62 15 6 226 0 214 22 102 177 236 199
    150 255 6 9 255 0 255 58 138 0 0 0 255 255 164 149 255 98 18 0 255 0
    24 42 0 89 41 227 219 52 144 0 19 0 29 197 113 0 43 215 15 0 255 255
    0 60 166 255 255 112 77 98 180 0 250 211 232 208 173 231 201 236 149
    133 0 255 11 255 190 25 255 42 9 181 255 255 90 172 255 255 32 103
    130 154 113 74 237 0 147 16 255 255 0 0 223 0 255 205 149 125 255 0
    0 145 156 0 255 220 40 250 176 223 152 233 0 186 0 0 123 0 73 48 240
    204 47 13 226 213 201 225 255 83 70 175 71 35 0 44 119 197 0 17 71 8
    229 228 72 255 50 255 147 31 0 138 255 0 63 215 255 255 236 0 255
    255 221 151 40 208 255 0 117 153 13 84 0 236 115 255 2 181 234 255 0
    0 247 185 130 255 255 23 140 0 255 171 15 255 206 84 40 88 255 203
    137 193 0 255 255 203 56 199 0 255 255 90 83 87 54 227 193 226 255
    14 255 176 0 129 255 82 171 243 99 213 10 112 255 183 179 180 93 250
    113 43 0 255 123 6 82 255 88 255 246 147 141 147 118 156 255 0 0 27
    116 0 3 54 0 0 238 170 0 255 255 65 255 193 255 137 236 0 255 140
    154 255 30 221 255 57 255 183 0 255 156 0 95 1 255 54 184 189 0 102
    63 19 0 53 122 0 36 222 42 111 24 199 51 0 0 0 204 255 255 0 0 124 0
    80 195 139 153 116 255 0 17 244 80 170 99 145 255 42 95 68 162 55
    181 100 64 197 215 3 242 107 204 158 249 251 0 162 96 198 255 204
    255 0 255 3 255 175 195 255 135 255 226 6 242 255 82 228 137 62 255
    173 95 31 90 161 196 25 0 254 197 0 0 0 0 164 159 0 0 0 0 142 71 115
    0 125 252 118 143 139 161 225 26 255 68 255 255 100 109 36 255 249
    220 138 28 192 255 39 0 255 255 116 255 0 0 60 0 255 40 255 247 112
    133 201 191 76 47 68 91 255 31 60 91 0 21 255 236 12 0 255 0 255 24
    255 32 255 0 118 63 0 220 0 213 0 169 197 110 85 46 240 0 24 26 255
    0 0 0 215 0 94 134 0 255 116 0 244 255 128 13 0 146 136 168 69 0 244
    132 0 0 0 0 60 133 0 36 165 28 30 63 255 0 255 167 251 0 0 0 78 132
    128 249 49 25 255 227 255 4 108 255 102 255 191 140 73 255 114 0 0 0
    85 88 104 119 156 240 152 0 124 135 0 111 73 255 64 114 104 164 0 8
    255 195 49 170 38 0 45 0 231 0 43 0 215 0 97 56 112 0 112 0 0 0 255
    100 255 255 181 0 217 136 0 170 255 91 98 222 128 38 0 0 255 25 142
    128 44 0 24 196 63 255 165 0 0 80 249 44 0 248 150 0 0 160 83 177 0
    230 246 26 154 255 111 255 0 188 0 0 95 173 176 255 0 255 255 5 6 0
    24 28 220 255 218 255 112 101 148 59 255 0 240 225 0 25 162 212 118
    41 117 36 255 64 0 192 255 0 165 37 255 181 44 0 174 85 0 0 255 255
    234 46 144 0 91 166 0 0 0 0 98 255 126 194 188 219 0 61 201 255 79
    255 31 0 50 59 0 79 13 0 188 106 214 183 154 139 255 0 124 171 16 95
    255 169 207 107 0 255 0 149 56 54 202 208 255 255 0 226 108 140 107
    127 27 124 255 117 255 255 160 105 255 25 81 12 34 62 138 255 100
    180 146 127 0 255 0 183 38 100 255 17 178 0 57 193 105 255 201 254
    47 216 255 255 153 233 114 84 232 252 124 0 204 200 156 100 78 0 212
    85 0 119 105 223 0 2 62 255 201 255 118 255 119 243 255 212 0 221
    255 25 255 28 255 4 90 255 58 29 0 89 0 255 123 138 100 3 255 18 0 0
    9 10 188 167 83 139 245 240 156 255 255 0 97 255 0 74 255 0 104 217
    67 51 255 255 161 11 129 255 112 0 23 0 41 255 25 0 186 255 195 250
    143 139 0 255 133 219 70 0 255 0 142 211 0 219 255 116 255 0 227 0
    180 19 117 128 21 169 23 255 0 0 255 229 150 0 0 105 43 0 124 0 222
    27 95 67 131 255 0 255 45 91 69 231 255 0 46 0 255 255 225 0 140 53
    143 0 191 255 169 35 30 208 167 187 52 78 0 106 250 0 0 132 255 53 0
    255 121 86 85 224 186 255 132 255 57 255 47 0 102 201 46 113 255 0 0
    79 255 0 70 114 14 187 166 255 213 169 199 141 0 108 0 0 43 35 255
    110 208 75 0 170 255 0 198 89 0 118 70 196 177 59 184 0 182 95 227
    214 92 255 0 46 255 0 8 255 214 255 0 0 255 0 0 204 0 244 255 162
    187 233 110 0 207 77 255 211 147 255 255 0 152 123 0 202 137 255 30
    255 136 0 108 255 204 255 126 127 0 227 94 255 81 0 0 145 226 0 255
    200 166 56 0 156 157 53 226 47 182 133 240 43 104 0 249 62 65 255 76
    255 2 0 48 255 13 134 160 255 0 110 97 214 57 102 52 255 172 255 57
    0 255 78 34 226 0 255 81 193 80 163 0 112 244 113 241 218 212 45 241
    255 208 141 255 44 227 255 165 17 0 70 247 159 255 137 0 180 255 65
    66 84 250 31 22 27 0 214 112 0 153 132 151 47 89 92 130 0 79 0 105 0
    160 101 255 35 142 190 126 130 239 80 157 255 255 214 255 183 22 209
    248 160 118 84 120 128 158 193 0 201 11 0 206 158 255 0 255 79 255
    95 205 58 255 53 149 111 108 2 49 0 0 32 245 7 227 255 255 253 255
    255 255 0 0 206 0 232 247 255 182 82 245 0 19 51 250 31 60 0 0 62
    192 103 0 0 15 227 0 213 253 255 0 104 48 235 255 101 0 0 102 121 0
    132 255 255 255 8 255 126 158 229 151 0 195 180 148 113 0 255 78 0
    255 129 190 124 255 0 0 146 89 0 208 171 20 215 11 92 125 0 253 182
    255 182 238 143 224 0 255 11 232 168 173 137 159 0 140 0 77 0 44 255
    0 76 138 174 189 255 255 255 11 101 149 0 187 135 206 129 255 107
    148 174 186 136 255 255 188 186 0 30 29 102 255 206 61 0 70 255 81
    22 198 107 255 255 34 255 91 81 255 228 132 0 131 255 0 31 67 0 255
    20 255 221 204 177 190 175 255 190 0 99 248 250 35 255 0 255 0 124
    190 0 79 232 239 249 0 0 132 0 231 0 37 255 252 255 191 178 98 76
    192 3 169 242 0 85 255 151 255 0 255 0 255 249 31 0 255 0 0 232 0
    212 69 217 161 247 0 72 0 26 0 79 255 142 104 248 255 49 82 255 254
    0 255 71 0 176 170 87 143 255 255 86 171 150 63 104 49 132 113 0 52
    197 206 255 149 252 130 255 73 99 222 255 236 11 27 111 0 0 135 255
    112 37 103 246 255 255 114 79 240 255 0 218 240 0 155 119 79 199 86
    174 47 84 0 249 36 120 76 213 1 97 236 255 133 160 210 4 103 170 184
    255 97 255 222 0 0 42 255 0 255 153 255 43 253 236 64 80 0 21 245 0
    255 223 35 235 98 0 187 0 98 252 80 226 24 0 43 42 214 0 255 111 0
    10 255 59 229 186 251 0 226 93 255 241 255 255 51 206 236 15 116 230
    211 47 255 100 255 38 227 114 81 17 255 30 255 214 0 255 0 0 71 162
    56 81 95 153 35 50 42 227 181 100 99 0 1 255 255 255 156 178 255 0 0
    255 43 233 222 253 47 176 104 195 0 36 77 255 176 255 95 0 0 255 255
    34 248 151 46 190 74 59 255 255 32 255 179 97 110 160 251 63 0 255 0
    210 219 35 0 199 226 132 0 115 158 178 250 131 255 145 255 64 14 249
    244 153 217 0 78 127 35 206 37 0 0 62 255 255 214 185 4 145 119 27
    237 255 150 137 50 0 0 100 0 112 158 0 0 0 243 0 255 255 0 0 0 0 255
    126 6 228 191 140 24 0 187 77 108 255 214 122 245 0 0 255 1 0 233
    244 0 0 0 253 19 255 55 5 93 255 102 103 255 0 81 228 4 255 172 19 0
    255 35 190 203 156 150 9 236 0 188 0 255 255 255 255 255 225 255 122
    34 55 0 93 89 0 70 25 14 60 199 0 187 0 67 187 0 74 255 120 184 110
    223 255 208 0 255 2 255 240 237 0 148 0 38 0 0 231 255 169 28 0 89
    141 88 180 162 70 23 35 35 8 224 174 0 113 28 241 30 99 81 155 0 171
    111 94 164 28 255 218 104 195 255 0 255 33 155 233 72 126 0 37 0 255
    217 255 7 255 255 224 255 141 0 255 193 250 73 255 77 152 255 134 0
    93 217 0 137 199 33 255 32 17 107 196 255 65 234 185 0 143 0 107 255
    95 55 3 91 255 92 0 86 0 46 250 255 0 154 0 0 84 132 62 255 77 0 197
    175 0 47 0 0 0 55 100 53 255 94 0 188 173 216 109 255 5 244 39 0 253
    255 196 11 40 0 90 118 196 0 190 0 12 255 86 0 231 29 183 223 180
    255 174 0 255 101 237 135 9 70 255 171 77 0 46 0 165 160 255 198 255
    255 255 43 252 211 119 212 255 255 0 255 50 136 254 255 33 249 172
    255 204 255 255 70 0 166 181 255 162 0 255 29 0 184 88 255 0 215 151
    65 207 174 0 113 220 47 16 0 138 244 23 255 232 243 255 117 206 0
    255 74 211 255 16 102 203 238 46 64 255 231 29 156 255 95 255 255 16
    65 140 255 131 0 222 0 20 255 255 0 207 0 24 208 88 255 65 255 255
    255 144 164 160 125 7 72 255 173 255 0 103 196 163 82 171 167 0 255
    255 227 0 255 0 255 67 102 63 217 255 255 218 142 255 0 217 145 30 0
    0 161 212 0 255 0 208 255 25 188 0 190 10 255 242 83 151 0 255 157
    94 1 102 14 157 199 64 114 69 118 225 255 233 255 255 255 0 255 0 0
    255 52 5 0 247 59 0 251 237 60 0 55 97 0 149 25 0 255 72 209 207 255
    255 28 255 255 0 89 0 255 0 196 0 96 117 244 255 165 226 243 255 0
    62 0 69 255 166 118 78 4 255 5 0 71 8 76 81 255 240 62 60 50 58 61
    137 197 108 214 151 39 246 255 68 52 255 255 215 228 48 48 255 210
    235 0 255 117 237 190 150 238 255 210 109 44 165 190 67 91 194 255
    255 255 137 255 255 133 100 0 141 255 54 200 255 255 180 81 79 25
    255 26 255 0 0 48 15 255 0 68 81 117 158 235 170 0 58 79 53 94 0 27
    84 110 49 90 168 0 247 255 25 115 74 86 255 111 255 2 255 123 42 169
    232 208 173 255 255 108 0 168 255 0 120 7 209 199 0 255 115 0 15 196
    0 42 0 190 113 255 255 255 255 120 255 0 129 63 0 255 185 222 32 255
    255 232 255 255 251 0 255 151 66 183 89 21 160 0 186 255 158 0 0 255
    0 236 83 255 0 0 150 106 255 97 101 204 80 0 238 3 76 255 177 0 71 0
    245 0 181 251 255 162 100 115 58 205 255 75 236 0 255 255 255 240 45
    207 38 0 142 0 45 46 95 241 189 208 255 175 231 186 255 242 0 99 95
    216 5 76 255 56 255 255 185 121 255 255 15 45 164 32 255 255 101 3
    150 52 161 180 241 65 29 92 237 62 123 143 240 38 0 70 137 230 0 255
    244 201 255 255 72 255 41 175 60 255 0 0 191 255 103 255 120 0 70 0
    255 21 255 255 246 255 152 255 255 0 213 158 46 61 255 77 131 23 37
    0 85 255 160 98 157 50 0 0 214 24 240 46 0 129 172 206 0 241 68 0 47
    13 147 59 226 255 255 255 255 21 150 131 245 255 0 193 112 45 0 86 0
    0 0 255 157 255 255 11 0 32 255 0 28 255 0 255 39 156 106 133 195
    255 191 175 255 240 71 255 255 205 226 173 0 237 82 198 255 0 26 143
    21 14 2 0 19 0 0 197 113 88 0 153 98 0 31 136 255 135 232 254 64 255
    20 157 188 201 136 103 189 162 255 193 150 30 161 107 0 187 93 0 250
    92 188 91 128 203 51 255 255 180 56 145 35 255 0 195 254 21 141 47
    160 24 110 248 214 255 255 82 57 0 255 89 255 255 239 163 41 228 60
    88 0 255 255 0 0 119 175 255 112 226 45 142 60 14 20 24 18 0 226 142
    246 255 76 187 255 255 60 196 0 112 0 35 217 255 255 255 198 255 233
    0 44 197 24 0 255 116 56 51 85 255 255 255 32 0 117 207 255 154 255
    255 0 0 163 137 228 255 0 45 255 131 91 255 84 0 175 33 56 255 34
    255 0 53 209 222 114 192 0 84 122 39 0 0 0 255 3 255 101 0 183 147
    152 0 255 250 94 186 105 0 126 255 125 1 204 255 150 32 11 0 255 0
    42 0 255 0 250 255 0 162 169 19 0 209 60 192 166 255 255 138 126 255
    82 10 255 212 0 81 12 85 255 115 250 234 255 0 208 29 227 0 82 255 0
    1 60 60 0 134 0 0 212 60 233 186 203 255 71 188 255 48 254 0 0 72
    255 0 0 255 0 254 100 184 0 255 0 255 155 39 0 248 255 0 134 53 255
    0 255 255 255 70 0 118 0 21 0 95 10 0 255 6 0 0 255 47 255 209 0 246
    116 255 151 255 111 255 57 255 152 228 139 0 49 169 255 118 19 249 0
    109 255 255 19 123 46 174 255 73 255 0 255 79 255 157 128 199 255
    164 255 160 179 208 5 0 19 100 21 132 0 73 255 209 255 116 216 247
    115 123 169 0 0 0 190 14 0 195 255 255 255 77 171 12 159 244 0 0 180
    255 105 0 198 0 0 121 174 0 169 56 0 243 255 255 255 0 143 145 0 255
    149 125 183 35 189 153 255 0 251 7 0 255 76 129 227 100 10 220 0 69
    255 255 176 255 255 0 186 165 144 158 234 255 175 0 0 204 0 47 171
    226 0 42 191 229 30 0 220 111 99 11 0 71 255 61 122 0 143 0 172 51
    174 118 210 255 0 0 255 71 1 223 255 118 0 186 133 222 205 255 255
    131 51 102 4 167 68 154 237 255 21 164 254 236 132 0 25 255 128 225
    182 0 86 182 0 144 205 152 219 221 155 0 255 47 255 242 255 100 0
    205 183 13 99 47 134 116 84 7 96 0 111 126 0 255 239 171 189 13 255
    69 255 68 234 24 0 167 161 230 185 0 255 255 131 170 210 243 231 255
    255 9 255 67 0 6 255 255 255 198 106 0 117 0 41 90 143 221 196 74 17
    21 0 255 207 0 233 144 255 86 255 0 0 166 238 23 148 3 206 98 46 88
    90 0 255 0 227 255 73 255 255 0 246 222 14 0 196 255 255 0 0 225 126
    204 0 255 21 90 161 30 255 49 95 0 0 0 255 255 252 227 145 255 45
    144 0 103 255 255 144 0 255 255 0 0 90 255 255 160 0 133 12 182 0
    255 255 46 255 0 62 255 0 61 75 0 0 36 242 5 25 207 232 255 164 198
    193 255 0 0 0 230 74 21 255 57 124 162 136 44 26 255 97 91 0 255 0
    94 18 138 227 45 160 255 0 8 255 57 192 255 255 0 255 0 83 255 134
    255 118 0 255 0 17 10 236 255 0 106 57 0 255 104 255 255 224 255 0
    218 110 0 110 0 59 144 255 0 77 190 255 210 27 118 255 0 48 247 114
    255 255 181 255 246 79 53 0 255 83 0 255 29 255 255 248 135 53 0 150
    157 0 255 0 239 60 62 255 0 181 214 31 255 19 216 76 240 0 228 255
    137 176 255 33 248 120 255 177 255 60 0 0 42 0 42 255 0 0 0 255 178
    255 0 196 43 0 19 100 95 217 104 255 107 77 117 0 222 66 0 130 186 0
    173 255 105 255 161 65 0 6 0 105 22 12 224 13 94 227 92 80 139 0 255
    94 195 255 170 255 0 185 62 60 173 150 39 0 218 247 0 100 100 84 45
    0 17 0 86 230 13 240 0 255 255 0 0 0 49 255 194 255 184 241 255 214
    0 91 194 15 42 164 91 138 42 255 145 255 57 23 95 118 255 0 0 182
    186 125 255 0 106 186 0 145 255 68 0 133 183 200 204 183 218 123 224
    162 177 68 38 26 45 122 170 98 0 100 239 255 255 0 0 125 0 255 0 255
    221 255 0 255 250 71 156 0 241 0 231 54 203 0 0 255 255 0 200 61 0
    177 192 68 27 255 168 39 231 255 147 0 79 146 0 0 0 9 42 216 191 134
    49 85 124 0 45 182 140 147 70 17 0 255 219 217 230 0 208 0 69 234
    255 0 0 20 63 0 107 146 83 0 0 2 0 142 255 255 0 102 255 255 28 0
    255 255 255 255 202 247 0 30 31 154 73 96 191 241 91 255 255 255 134
    117 127 211 14 28 48 19 34 241 255 255 34 0 255 181 0 75 255 217 181
    245 243 255 135 86 223 255 47 255 255 173 187 94 150 132 237 208 255
    28 197 255 100 200 0 255 0 255 255 255 255 134 129 0 30 144 245 112
    0 0 212 255 98 77 212 255 1 112 168 81 50 88 0 182 137 255 253 94
    103 0 43 80 0 124 255 255 148 59 255 71 0 0 54 120 124 153 156 1 255
    192 0 186 0 255 203 217 112 0 255 210 30 32 217 77 123 61 95 153 0
    21 158 190 255 213 0 42 136 229 252 0 1 255 255 0 17 152 255 11 184
    255 144 50 220 0 74 73 255 123 153 205 0 0 255 0 187 190 255 241 83
    15 0 106 17 58 255 27 255 94 211 142 242 208 138 103 0 10 0 0 79 36
    11 255 0 0 255 3 255 0 87 6 109 16 84 180 0 13 17 158 190 0 255 9
    120 226 255 13 56 185 0 0 193 184 116 80 252 116 211 38 204 255 0
    255 252 0 0 159 23 142 72 132 255 144 0 129 255 1 118 242 78 187 0 8
    0 115 0 174 0 0 255 115 62 29 0 0 191 255 90 255 56 214 50 0 0 171
    255 170 72 208 0 0 175 35 0 7 196 0 71 0 255 255 0 255 255 232 13
    228 255 204 201 190 255 0 254 255 229 255 214 255 93 146 207 255 0
    90 94 95 232 0 152 25 78 99 108 255 255 183 0 195 226 255 83 234 27
    120 117 253 0 255 247 136 239 212 255 0 255 166 51 255 97 89 0 255
    137 0 69 169 24 7 255 255 40 0 188 5 0 34 154 43 247 51 62 132 255
    255 42 255 85 0 58 117 0 176 170 130 207 247 91 255 57 0 123 73 96
    89 255 81 204 33 255 160 255 113 240 255 124 217 0 0 87 0 255 152 0
    208 212 0 176 255 165 90 239 255 0 2 245 94 70 239 0 152 112 0 255
    255 160 65 255 255 255 215 255 255 99 111 114 208 255 21 255 255 244
    64 255 0 152 179 248 28 255 210 0 0 0 187 131 0 69 255 180 210 60 16
    51 73 0 217 185 0 255 255 0 126 178 178 0 154 22 255 238 24 69 167
    115 3 189 0 153 255 142 92 152 37 255 0 101 220 255 255 114 246 237
    211 255 199 185 87 5 255 255 119 0 233 0 75 116 0 0 186 255 0 246 54
    33 71 201 0 22 0 226 53 36 255 255 0 86 237 31 1 255 106 89 146 255
    203 153 197 255 0 255 255 137 239 0 0 61 0 242 93 45 18 88 202 49
    209 255 69 68 106 44 89 117 55 255 121 117 1 255 6 144 0 155 163 255
    0 205 92 49 0 93 4 0 198 232 116 255 55 244 222 0 153 255 255 24 0
    244 72 0 140 29 95 255 255 255 0 16 255 255 182 3 105 27 255 129 29
    176 116 73 220 60 143 255 94 16 255 9 0 33 61 255 76 240 5 167 255
    61 255 17 17 255 146 240 0 255 0 0 216 15 168 209 255 174 178 0 161
    119 131 0 17 90 213 105 247 197 0 90 147 85 255 0 18 40 0 0 166 255
    0 0 185 93 181 231 255 177 0 174 153 255 255 255 86 41 202 160 107
    255 116 0 229 18 255 0 137 86 0 59 203 255 0 227 74 0 62 144 255 0
    255 255 0 192 0 11 255 65 61 134 116 23 127 0 255 255 23 236 255 241
    142 0 224 89 7 255 92 78 93 103 169 0 147 58 225 29 255 0 0 28 178
    255 255 219 134 237 100 24 144 151 211 0 63 174 0 57 0 57 204 217 95
    222 177 255 255 72 217 214 110 0 92 214 0 233 246 0 27 0 20 136 82
    155 136 255 67 205 0 59 101 136 0 170 255 255 0 0 118 191 100 63 0 0
    82 255 219 0 185 122 0 2 255 187 139 157 237 255 247 4 216 154 46 20
    244 255 140 162 214 255 206 51 255 10 0 103 255 0 0 3 185 143 180
    105 192 41 241 198 170 109 18 173 0 51 80 86 21 194 30 193 93 255
    215 255 28 255 125 0 97 19 154 204 255 89 0 255 255 255 160 150 0
    181 255 82 174 148 68 92 139 148 255 3 160 109 0 84 0 232 126 12 154
    51 245 182 93 236 0 85 255 98 0 216 0 60 63 255 14 38 155 255 0 255
    96 100 129 161 106 221 0 255 125 255 30 255 142 195 44 251 24 179
    255 255 208 16 255 255 226 171 140 155 202 255 110 42 255 98 247 162
    255 237 186 0 139 0 250 242 95 201 252 197 255 255 136 220 220 204
    144 138 170 187 158 198 221 96 194 137 255 0 0 0 62 0 192 150 236
    199 0 255 165 255 47 75 45 204 247 255 215 255 136 165 4 0 236 0 77
    0 239 184 173 181 0 0 204 177 0 11 0 235 0 26 107 0 0 216 255 119 42
    101 76 255 16 126 174 255 34 0 61 81 106 24 0 239 0 22 255 255 255
    180 0 192 0 0 255 92 25 98 38 62 4 94 227 255 239 185 255 114 249
    203 78 0 255 255 52 0 255 255 0 18 193 255 90 235 152 232 0 244 0
    255 255 216 133 255 255 139 0 255 255 251 167 80 0 190 1 0 0 66 161
    1 255 255 0 247 0 255 50 0 129 74 0 66 231 24 0 0 203 126 41 255 169
    0 0 96 0 248 3 11 242 0 255 213 27 85 4 0 133 255 143 255 255 233
    255 176 220 161 32 83 46 95 255 0 255 254 255 254 0 143 0 140 255 0
    137 255 98 255 116 255 137 162 10 255 0 0 8 0 49 221 168 50 117 83
    255 15 0 255 68 0 255 0 255 255 9 0 241 255 96 5 255 93 196 241 215
    71 249 61 45 255 231 0 150 212 255 255 0 255 81 109 0 19 255 102 80
    255 41 255 44 255 33 215 45 0 173 192 0 255 40 204 255 58 255 188
    255 255 42 255 241 234 154 47 74 190 137 255 25 173 255 163 82 255
    175 90 0 0 82 44 255 188 46 0 242 9 0 11 25 224 187 18 13 196 255 0
    176 191 0 169 67 95 0 248 117 255 89 252 123 255 255 255 248 106 79
    34 226 16 181 0 92 0 116 255 92 118 50 255 0 108 0 232 0 101 188 209
    164 0 93 49 255 255 157 255 95 255 163 255 24 10 174 19 255 255 29
    241 216 66 75 39 255 184 118 0 117 0 0 54 187 244 255 255 0 255 149
    44 117 179 3 18 192 193 36 0 255 0 0 125 242 39 255 47 196 188 21 88
    255 255 8 8 255 60 74 0 235 201 157 61 39 0 0 81 249 0 115 101 0 255
    255 255 255 88 85 0 255 255 9 89 85 255 96 57 255 57 0 95 255 182
    175 255 194 245 226 155 11 0 20 98 238 186 91 255 136 255 0 24 0 169
    104 131 0 72 252 255 23 0 255 255 159 89 255 125 16 255 56 225 255
    166 0 244 18 0 159 172 38 162 148 61 101 122 240 185 119 255 255 255
    115 208 180 166 0 255 153 247 77 192 77 151 107 38 204 255 95 187 63
    118 255 175 0 198 221 7 255 255 0 255 224 81 255 92 255 255 0 111
    224 30 4 0 21 255 27 0 227 189 40 0 103 161 83 241 0 57 246 255 255
    47 119 239 0 253 255 255 136 126 91 186 0 0 69 132 255 0 91 255 255
    0 255 146 79 226 226 60 67 0 255 0 37 255 233 255 30 113 86 255 81
    249 103 39 1 85 255 104 0 10 255 132 0 255 175 255 255 102 255 200
    255 235 128 35 29 25 90 47 222 0 148 77 225 108 128 55 46 58 255 255
    128 225 77 187 222 0 9 68 150 245 255 0 21 176 22 231 255 255 178 59
    255 23 235 167 83 212 7 253 0 30 215 0 129 153 31 108 84 255 153 0
    95 108 150 135 0 189 255 152 197 195 255 255 255 0 255 82 116 0 0 23
    62 245 92 44 255 30 0 255 164 113 255 91 91 88 133 74 66 0 235 144 0
    251 101 255 8 19 0 0 68 0 34 205 195 0 250 255 0 233 140 69 251 235
    104 130 219 255 255 255 0 208 102 216 0 161 42 255 144 101 15 207 27
    255 80 216 255 255 69 155 155 175 76 241 0 70 0 192 106 255 255 23
    203 138 98 0 161 0 255 0 0 255 115 0 0 140 181 177 126 160 163 234
    250 102 255 81 255 255 100 236 199 242 83 110 255 42 255 243 255 20
    255 215 144 31 0 111 81 98 125 0 165 58 108 233 102 255 153 0 67 255
    0 8 255 124 91 233 255 246 86 40 238 11 255 0 145 52 0 9 255 255 0 0
    31 189 92 230 95 255 255 255 0 109 199 22 157 255 70 171 255 75 255
    54 94 101 183 245 6 87 176 255 144 255 89 17 191 4 135 0 255 117 255
    147 13 255 211 0 0 0 52 83 247 0 222 255 62 0 255 178 0 215 0 0 153
    255 255 226 0 255 0 0 234 255 22 69 107 255 118 33 152 34 119 128
    181 218 255 254 0 80 248 0 138 69 121 0 255 221 114 17 0 168 255 49
    0 84 255 80 255 0 222 77 0 250 251 225 247 255 234 0 227 209 148 112
    255 200 0 97 40 0 0 184 206 255 8 146 0 0 41 73 0 86 0 0 255 167 60
    255 118 255 190 90 255 226 255 60 0 255 99 36 255 0 255 112 29 255
    36 0 0 149 222 116 231 0 0 255 255 185 255 72 49 0 0 0 0 255 255 109
    160 133 54 165 246 197 187 255 25 93 0 77 57 0 190 0 66 187 255 19
    183 54 0 164 0 0 255 139 0 85 231 255 217 255 32 105 150 255 73 153
    161 0 255 180 72 0 238 21 219 0 231 55 0 255 255 0 7 255 206 255 152
    255 0 0 21 71 193 58 238 255 255 145 202 255 25 80 0 97 0 0 44 27 85
    226 208 215 0 0 40 87 114 0 141 12 109 0 101 255 0 249 119 255 176
    113 45 14 0 67 160 255 0 56 255 0 0 0 0 0 0 123 107 0 251 255 43 5
    255 255 255 66 87 35 255 0 0 185 187 87 0 233 255 216 21 104 186 0 0
    252 98 0 214 0 44 39 75 43 255 64 17 60 16 161 25 255 8 0 255 166
    103 239 255 225 0 0 0 0 20 22 255 71 0 230 255 0 255 123 0 12 71 255
    0 255 155 199 255 0 187 233 255 255 76 180 255 222 104 0 172 255 136
    0 0 143 167 0 56 98 182 64 0 255 0 223 255 255 255 255 255 244 0 157
    255 54 195 194 0 0 255 157 255 141 0 88 200 67 39 255 131 216 255 16
    0 13 62 137 243 254 178 255 255 0 0 72 62 194 255 225 155 243 251
    170 206 238 243 237 196 0 111 81 0 73 0 122 45 0 98 222 228 29 0 0
    53 240 210 0 72 32 189 155 171 22 170 174 0 249 28 217 93 0 50 58 2
    255 144 85 242 209 171 255 200 255 0 104 0 71 0 0 46 0 38 0 0 255 0
    146 198 137 33 0 78 255 96 244 0 41 0 0 255 183 0 131 163 205 46 239
    122 255 94 255 159 51 255 143 255 172 0 12 0 125 17 122 9 29 13 80
    255 255 238 255 123 178 180 170 255 19 0 4 255 62 176 245 255 75 209
    93 255 19 96 0 155 91 255 228 88 58 60 16 43 0 123 255 9 0 18 114 28
    0 255 255 255 3 155 0 60 22 255 61 181 42 203 0 113 213 71 255 21 0
    137 91 0 24 177 0 38 156 172 0 21 79 109 107 15 0 0 151 72 177 123
    131 255 255 210 213 122 114 238 255 28 69 255 206 157 0 255 96 255
    204 0 242 255 165 81 251 211 0 242 131 72 135 46 0 155 42 243 0 68
    255 255 99 190 146 193 0 255 246 1 239 255 39 229 255 142 125 185
    227 255 178 192 5 68 185 173 19 0 0 0 255 97 255 255 107 255 56 1
    155 50 0 126 192 216 34 168 255 208 255 176 192 73 89 136 1 255 53
    255 53 79 0 0 255 0 241 253 8 230 255 0 123 163 255 102 183 255 110
    0 47 114 2 255 0 171 0 255 82 255 221 40 144 72 77 16 150 199 110 0
    120 22 0 93 93 134 76 79 0 255 101 246 133 255 0 0 132 243 66 0 80
    255 8 0 52 245 13 255 255 175 255 82 0 0 0 165 223 147 0 0 255 255 0
    37 23 255 43 0 219 92 187 244 97 6 255 203 173 255 61 0 238 0 0 191
    255 175 84 183 255 0 217 32 245 107 0 36 239 0 205 0 192 0 255 123
    255 0 0 222 255 28 226 9 0 0 41 255 156 110 78 175 134 255 0 255 191
    39 0 223 50 56 141 60 81 49 255 173 227 0 8 197 109 255 249 44 158
    255 62 0 202 19 129 67 233 255 44 143 89 0 93 198 195 0 102 126 213
    88 220 255 0 148 180 13 134 12 0 7 244 255 251 0 162 226 224 78 99
    158 0 166 254 13 0 7 0 144 59 71 77 144 255 255 178 0 115 21 20 61
    255 241 110 165 229 201 0 89 0 170 85 0 88 253 245 174 0 221 255 144
    0 0 255 163 0 62 59 95 44 77 176 255 106 56 252 255 255 255 181 255
    71 201 51 56 184 255 0 172 5 90 90 151 57 220 165 107 143 255 0 52
    219 255 19 169 255 70 237 0 0 89 124 154 0 0 115 0 82 255 0 201 255
    166 85 206 149 221 207 0 0 255 255 214 100 47 255 1 115 122 0 107 59
    255 67 75 86 255 0 0 200 233 2 83 255 0 225 56 0 89 249 255 0 9 60
    255 162 116 250 237 39 37 153 0 255 243 189 0 243 230 0 195 255 255
    81 176 22 49 0 105 98 206 180 255 0 115 37 166 0 7 0 255 106 0 51 87
    12 0 100 81 0 116 97 0 0 95 255 0 255 255 102 255 0 255 215 118 255
    24 154 255 60 123 110 255 237 255 255 255 221 3 202 0 255 155 58 0 0
    178 2 0 179 0 81 192 50 182 48 255 20 255 109 191 0 128 255 153 255
    255 221 255 139 221 10 53 245 83 0 126 76 255 0 0 142 0 92 187 38
    255 0 214 255 224 0 255 255 80 243 140 217 9 148 123 255 15 0 209
    255 179 23 61 255 146 0 0 85 36 0 255 98 9 35 255 34 46 0 184 61 137
    55 0 255 255 0 0 255 86 255 0 255 58 0 255 255 0 44 40 116 56 146 68
    242 0 254 0 177 255 255 236 252 73 222 148 255 109 179 128 148 10 7
    0 0 241 79 119 131 10 208 146 255 204 255 245 156 216 0 17 168 135 0
    13 255 0 100 255 206 218 188 176 201 67 44 171 246 116 142 76 255 73
    255 33 236 255 0 121 153 229 169 255 99 216 0 137 4 194 255 89 109
    255 1 255 248 72 32 54 89 226 202 28 255 201 107 57 0 0 255 255 15 0
    255 213 68 212 0 255 255 111 255 255 0 121 255 56 0 188 0 95 116 122
    121 110 189 129 87 253 255 32 0 0 251 83 0 255 0 235 16 255 0 171 99
    164 255 147 245 112 93 125 245 170 86 0 246 60 0 186 0 88 0 0 148
    251 169 5 249 169 255 16 151 150 0 142 205 0 12 12 97 255 221 173
    125 164 171 0 0 255 161 0 151 239 177 21 2 210 0 122 247 255 0 43
    204 186 17 0 38 0 0 33 73 160 116 220 201 255 0 173 15 0 0 137 0 113
    0 0 212 0 30 55 99 0 255 141 255 19 236 159 0 31 81 31 73 0 249 186
    132 242 135 255 255 184 160 61 255 218 93 161 255 4 114 255 233 250
    27 255 167 48 14 66 171 176 218 0 0 101 200 108 0 0 0 255 255 237 0
    255 10 105 250 149 0 54 0 222 0 62 111 159 10 12 255 107 125 255 119
    16 226 255 255 255 183 0 180 192 27 70 54 216 83 0 0 113 0 240 255
    255 0 0 0 255 67 138 94 26 32 255 255 34 62 219 0 0 145 15 255 0 94
    193 0 0 120 77 149 116 23 0 81 103 255 255 193 255 96 0 17 38 0 255
    255 77 151 37 255 199 255 255 0 238 91 82 193 2 207 0 84 0 67 228 0
    179 255 182 255 65 0 114 149 144 112 255 231 214 241 0 0 192 37 205
    179 176 219 61 87 176 255 157 149 131 0 141 67 255 255 255 211 33 57
    174 137 114 255 186 61 255 84 166 255 65 255 255 28 149 216 255 255
    95 37 249 235 0 170 0 12 69 95 14 144 255 105 166 255 0 240 136 255
    109 229 255 43 98 0 66 3 0 90 212 0 132 255 40 0 17 192 255 130 255
    255 132 223 2 248 242 0 255 197 0 255 150 17 48 5 34 0 146 0 255 189
    137 0 255 18 169 121 178 145 199 255 0 89 69 0 81 0 106 98 0 115 255
    185 245 36 147 159 0 79 97 255 0 255 255 255 143 161 81 47 255 136
    17 244 0 135 152 0 0 35 0 14 153 0 0 0 191 0 0 152 81 255 255 35 163
    255 42 255 0 31 144 125 82 219 254 9 255 0 255 10 255 255 255 154
    255 255 160 102 0 135 37 0 0 0 197 176 147 0 255 232 0 0 185 244 0
    136 84 0 0 61 255 215 242 145 247 0 197 255 255 140 28 73 255 0 0
    255 137 0 155 213 0 210 64 255 133 0 222 12 255 210 241 2 0 47 0 26
    198 255 0 63 0 0 255 93 255 204 0 19 111 124 80 71 79 255 187 133
    104 154 0 223 0 0 9 0 28 226 231 149 0 194 152 216 213 20 0 78 64
    255 13 81 0 85 255 0 255 202 20 74 193 168 231 0 255 0 99 58 242 46
    0 255 255 93 99 59 255 0 138 193 185 87 255 128 192 32 0 255 91 107
    212 202 226 171 201 161 255 54 223 255 25 0 255 0 0 255 0 110 217
    255 230 51 213 61 196 102 94 180 109 255 21 244 255 0 0 61 180 0 154
    172 255 209 121 154 234 67 0 34 187 255 4 117 255 94 0 255 0 78 0
    255 0 255 255 181 230 179 229 0 42 217 255 0 218 147 0 255 177 249
    166 93 0 0 32 161 214 109 133 255 255 75 158 133 255 53 20 28 205 2
    255 0 255 255 200 0 55 154 255 67 0 51 232 132 255 0 109 22 0 203 83
    111 0 131 0 92 151 27 45 205 255 220 0 0 249 0 117 2 255 0 0 29 90
    117 68 238 51 255 71 60 123 255 255 0 255 126 77 0 232 109 0 194 231
    226 22 90 235 255 0 244 0 255 85 89 182 204 83 0 0 135 152 169 0 137
    238 0 203 197 255 69 202 157 83 0 59 209 168 84 255 255 8 245 255
    144 0 27 0 182 59 0 154 36 0 210 109 255 255 98 143 20 223 40 0 181
    202 0 255 141 164 114 188 0 255 0 251 255 75 188 247 255 58 165 84 0
    38 37 175 240 169 255 30 255 118 192 116 94 255 98 11 0 58 21 93 255
    0 0 148 0 9 11 112 255 78 255 145 148 30 112 101 178 1 129 146 255 0
    0 0 0 118 213 5 66 242 0 73 255 202 0 255 200 255 0 255 199 0 145
    255 116 255 159 250 236 255 115 10 133 0 255 255 246 255 247 211 255
    154 152 255 84 183 157 255 255 245 104 17 106 178 125 21 19 213 92 0
    255 24 255 121 102 208 255 125 162 164 91 255 0 40 0 22 165 255 0
    227 18 52 0 125 11 0 96 180 255 176 189 8 242 94 20 121 41 0 205 0 5
    243 127 255 174 0 37 0 0 252 62 0 154 255 255 0 131 32 33 205 118
    205 0 0 169 250 5 255 16 124 8 91 255 0 12 147 135 185 64 157 166
    131 205 201 193 0 21 48 41 255 255 255 108 255 202 187 7 1 225 0 0
    72 13 26 255 0 189 48 18 0 0 255 85 0 252 211 224 50 133 0 255 157
    103 26 0 0 0 52 35 127 104 255 255 198 214 0 11 111 126 0 98 192 133
    0 120 246 0 0 0 0 74 225 55 0 0 255 101 0 255 149 0 255 252 89 243
    239 255 42 219 178 204 0 56 255 61 255 63 47 216 125 0 255 250 135
    75 224 255 0 36 255 0 255 255 73 0 10 94 13 0 206 0 0 0 77 194 0 41
    255 255 0 186 208 26 194 208 0 241 16 126 205 255 58 13 255 0 161 0
    0 95 189 246 46 204 255 182 42 168 13 0 0 238 22 111 140 255 255 141
    11 144 156 130 13 0 167 0 0 190 76 145 255 0 193 207 102 93 165 255
    10 118 0 4 150 0 11 155 0 65 0 194 255 213 239 84 0 255 176 255 211
    2 255 255 235 210 240 0 11 0 195 104 192 255 255 168 89 255 126 0
    197 255 127 35 255 137 94 128 14 7 214 181 168 79 0 109 255 240 153
    222 122 0 0 255 255 0 255 0 0 255 184 255 255 88 0 255 0 255 165 216
    255 255 190 100 77 129 175 79 93 0 53 70 0 41 158 255 255 176 228
    186 69 0 40 129 0 28 255 0 228 255 174 0 78 255 0 0 3 0 79 0 5 47
    255 0 36 255 45 88 0 191 255 73 255 0 69 19 73 0 191 255 54 255 33
    107 255 100 255 102 158 0 130 93 102 187 228 0 0 255 188 157 182 59
    61 16 36 11 255 0 129 10 0 219 255 255 0 87 40 226 71 125 157 50 244
    145 255 191 137 94 23 65 237 9 0 178 0 25 12 255 255 0 88 106 126
    135 0 210 55 246 255 0 255 48 0 9 65 186 216 183 91 204 120 255 117
    22 0 0 74 129 196 0 0 255 24 255 247 214 146 142 12 255 0 97 106 0
    101 69 169 74 109 172 33 0 138 153 255 255 255 175 2 198 17 0 0 255
    207 139 255 242 255 227 255 189 107 172 60 127 52 9 200 168 74 196
    255 255 0 229 255 255 238 41 87 138 37 247 119 121 255 128 255 255
    67 59 13 199 195 166 168 255 55 155 255 255 213 64 0 0 64 167 255 0
    255 152 164 217 255 255 240 255 0 24 22 27 255 138 33 0 57 134 255
    211 94 64 255 90 150 255 112 255 207 138 0 0 255 143 0 31 255 63 245
    59 39 255 4 255 113 0 210 73 108 178 15 196 208 10 53 189 255 218 25
    22 255 255 255 138 255 231 255 113 64 76 134 255 45 255 119 215 0
    255 208 20 160 0 50 51 111 255 203 255 145 0 9 0 97 161 255 161 0
    170 210 201 126 255 49 0 252 255 67 0 95 164 31 25 230 17 0 201 0 64
    0 0 146 255 90 255 0 176 255 255 229 27 0 0 227 0 133 44 0 255 68 0
    0 255 238 0 0 138 93 255 43 228 23 124 255 184 87 255 113 255 159 66
    255 255 197 18 84 0 21 215 255 76 191 97 0 157 43 0 255 34 255 12 57
    116 0 255 0 22 230 40 255 255 246 14 255 171 193 100 42 255 45 208
    255 142 10 255 195 40 255 255 192 109 96 0 125 0 0 255 92 202 255 92
    255 14 228 0 162 255 255 0 57 255 60 255 75 130 255 241 133 255 156
    0 255 0 27 219 122 0 69 255 132 163 246 0 155 38 255 33 63 238 239
    193 165 186 132 255 169 130 255 255 255 30 255 0 255 0 243 16 110
    154 0 0 18 0 81 60 71 40 255 245 249 0 7 40 114 102 158 255 255 63
    54 163 0 93 77 0 255 99 255 101 255 255 13 50 255 171 121 24 255 255
    0 137 0 255 163 184 11 0 181 15 238 0 16 0 38 122 0 112 255 145 121
    0 79 255 170 100 0 187 255 236 57 0 0 0 191 228 104 172 22 153 255
    79 2 0 232 216 0 88 225 255 0 71 226 189 0 0 35 98 0 0 18 57 255 15
    104 224 105 223 139 70 0 30 254 110 169 246 229 0 112 0 0 210 255 35
    106 245 89 254 255 0 99 60 46 1 255 240 142 0 0 183 0 234 0 0 227 62
    21 255 211 200 0 215 255 158 0 0 78 42 60 255 255 108 255 255 16 0
    23 201 255 0 201 138 83 0 203 0 255 0 127 213 0 49 230 225 220 0 150
    90 136 96 255 77 200 248 255 0 206 94 0 0 16 205 0 0 2 93 169 124 0
    0 231 199 226 88 130 255 0 92 255 248 7 1 255 255 118 212 255 105 0
    225 63 94 243 129 255 230 0 26 0 227 63 0 227 255 189 0 53 15 255 0
    132 163 0 255 0 13 61 255 0 255 126 255 229 63 165 92 255 72 255 255
    0 194 0 99 198 14 255 176 68 227 255 182 78 255 255 176 58 255 255 0
    195 163 140 195 0 0 254 251 193 175 0 37 140 0 94 0 222 0 255 255 0
    202 184 206 0 0 153 0 89 211 188 255 255 0 17 0 252 255 0 180 0 31 0
    24 254 27 60 111 246 255 0 46 165 100 79 229 44 146 0 29 21 189 255
    48 44 55 248 60 46 185 174 8 255 255 176 212 231 0 255 255 66 121
    178 167 26 113 0 255 177 255 255 5 0 135 80 0 255 161 27 174 255 166
    165 69 90 52 0 255 28 255 0 225 52 0 112 147 255 0 0 102 102 0 255
    115 192 76 0 238 187 0 188 70 128 0 255 0 110 182 113 0 123 9 255 67
    255 255 153 18 139 249 255 176 19 255 255 90 108 94 54 255 255 255
    255 22 0 22 0 194 223 255 56 0 255 203 204 255 190 241 246 132 255
    239 160 248 247 189 99 197 221 44 252 159 15 188 9 210 0 200 45 255
    216 223 0 85 0 224 104 177 0 0 45 232 138 54 129 255 97 0 152 6 165
    0 75 146 168 98 79 218 0 97 0 64 213 255 48 173 187 0 255 7 186 253
    105 171 255 116 0 252 216 157 97 236 255 109 70 171 52 121 0 57 135
    255 0 255 249 193 255 173 0 0 92 0 0 255 99 255 255 85 228 0 255 47
    151 0 255 215 0 112 59 92 255 83 178 225 225 0 0 0 255 255 0 255 0
    72 33 47 255 91 142 154 255 255 0 0 255 197 186 79 1 255 255 128 53
    255 70 253 255 240 241 115 109 250 0 56 0 0 0 34 173 125 255 171 0
    171 0 204 166 218 39 96 17 158 255 6 255 174 45 0 55 121 181 100 0
    185 240 75 169 14 255 255 86 136 255 227 24 208 0 47 77 230 99 168
    188 116 0 178 49 0 255 0 60 151 255 243 161 135 127 74 108 103 0 0
    201 62 255 172 86 45 242 42 14 82 255 255 116 64 39 0 42 27 42 187
    50 255 255 225 152 29 229 255 0 0 208 0 0 98 0 102 108 201 189 0 184
    199 174 255 255 0 182 86 251 98 49 0 0 0 24 225 255 178 7 0 0 255 89
    135 255 246 186 0 255 251 225 0 112 0 255 192 221 255 89 0 56 11 191
    246 255 23 138 255 255 217 0 255 211 255 97 0 255 0 255 1 172 65 255
    77 221 160 233 99 53 255 11 2 227 138 2 223 109 255 198 255 213 93
    10 255 58 22 90 75 222 0 0 208 0 255 235 255 32 255 18 195 242 148 0
    97 255 0 21 0 255 77 0 220 0 0 142 38 255 204 79 229 255 20 68 76 57
    142 228 0 52 176 35 255 0 216 200 0 255 0 51 37 0 254 255 127 2 0 0
    96 0 255 155 0 28 255 186 238 255 234 201 179 48 55 211 31 0 202 58
    18 255 75 255 99 72 220 110 255 255 214 3 0 232 32 147 0 55 0 0 127
    114 158 206 85 253 209 0 255 255 229 255 204 255 75 160 26 204 201
    145 0 1 105 90 87 150 0 44 119 255 55 0 255 0 0 44 61 166 57 57 15
    75 0 70 84 95 201 49 245 224 246 223 255 0 178 0 0 255 78 255 235
    199 35 244 0 192 138 0 255 57 76 255 0 255 195 156 185 0 137 0 20 97
    111 255 69 255 0 234 0 93 80 0 169 78 247 17 83 0 255 147 64 64 84
    170 132 255 70 255 0 174 243 98 255 0 178 49 147 133 179 0 0 53 252
    0 0 255 65 0 75 159 80 24 46 148 25 255 249 138 59 99 20 114 52 38
    39 127 255 180 203 67 3 255 233 255 181 0 39 52 137 255 9 197 197 18
    76 48 151 50 255 85 31 190 85 172 219 255 34 255 116 222 65 225 0
    255 255 86 255 255 0 200 183 0 102 255 44 118 164 156 255 139 232
    254 142 0 255 116 229 126 11 6 69 154 29 0 255 166 41 17 255 255 255
    35 255 0 0 212 199 0 225 255 149 4 49 0 0 240 239 110 122 150 204 90
    0 218 179 255 184 16 166 208 255 251 255 1 255 7 205 50 5 78 223 120
    154 112 63 148 0 203 176 186 77 125 123 167 246 25 128 193 0 255 187
    255 159 0 241 215 41 4 206 113 149 62 102 140 229 255 77 223 255 195
    55 219 255 226 255 0 29 255 93 0 220 16 0 65 183 131 212 154 70 239
    180 33 255 96 206 195 0 118 112 192 0 255 206 255 58 160 255 247 255
    7 255 10 38 6 195 255 104 255 0 0 255 234 0 184 236 0 141 4 203 255
    126 233 246 16 57 255 0 70 255 82 133 73 255 255 255 0 39 0 0 255
    130 51 131 104 63 255 2 255 28 64 0 255 0 207 0 255 39 140 15 66 85
    242 193 0 250 227 47 57 188 0 223 255 0 0 249 175 131 72 80 255 220
    158 239 128 220 255 0 153 0 202 255 8 69 255 24 135 255 94 146 0 181
    29 143 189 255 255 177 48 224 45 156 52 0 255 134 118 0 70 0 15 0
    116 124 20 206 0 255 245 45 196 143 97 163 0 255 0 95 50 113 255 255
    14 148 249 209 0 180 200 95 54 255 51 146 0 168 222 0 12 14 168 102
    13 90 255 236 128 55 255 255 217 66 0 255 0 0 167 255 193 202 255
    177 255 127 148 167 0 106 112 249 228 0 0 214 219 144 115 29 225 61
    255 255 0 255 104 48 111 0 229 43 0 0 52 72 156 150 165 67 0 255 225
    0 255 0 255 62 0 255 255 0 247 189 200 53 58 23 158 84 0 30 133 0
    255 203 177 201 255 162 117 255 0 255 48 0 71 0 117 0 118 113 0 24
    159 245 0 0 255 231 255 33 216 208 54 66 48 0 214 224 0 194 255 61 0
    0 123 184 255 255 255 145 111 255 0 73 254 219 255 62 0 88 221 0 0
    255 181 73 0 104 141 216 85 214 255 42 43 224 44 141 168 177 255 255
    0 93 0 83 138 229 183 255 182 177 255 0 0 255 248 0 225 252 239 0 95
    88 0 255 70 0 187 255 0 244 255 0 92 255 30 0 80 221 0 0 214 118 0 0
    255 219 41 224 74 255 255 49 250 174 128 246 177 119 255 89 255 244
    234 0 180 10 97 165 0 17 0 221 162 0 255 100 255 251 255 124 163 117
    0 255 93 108 196 77 131 222 0 190 0 206 5 178 255 186 255 255 255
    172 255 56 72 255 0 230 0 168 75 63 255 255 220 255 180 183 179 0
    159 17 255 166 165 82 255 73 34 255 206 0 255 0 44 255 55 111 67 36
    255 56 198 255 95 249 255 255 182 255 94 255 169 74 0 0 255 136 113
    255 0 255 30 74 0 255 183 250 193 154 118 171 238 252 77 132 92 222
    122 255 229 234 51 0 92 0 0 255 0 255 0 35 137 0 72 0 2 255 0 0 131
    37 255 49 82 244 255 63 6 59 61 0 148 83 255 218 0 255 0 188 103 0 0
    205 255 65 255 131 0 216 43 216 0 249 0 0 147 101 255 137 234 213
    216 156 207 110 190 243 224 119 0 110 76 208 0 180 0 255 224 110 0
    255 144 255 156 0 212 0 121 0 49 191 96 73 0 144 95 8 9 107 0 16 210
    255 159 103 255 12 126 212 254 0 253 5 0 255 5 255 0 152 145 0 112 0
    1 126 255 22 175 8 0 69 199 61 189 116 255 150 114 52 186 116 63 0
    236 113 178 222 255 239 255 104 162 219 7 172 255 169 0 89 255 124
    255 255 194 0 222 0 255 28 9 25 255 122 86 0 243 99 76 32 255 122 81
    23 62 123 195 90 2 255 191 0 0 0 67 130 191 55 201 230 0 255 0 103
    105 255 79 255 42 235 255 255 124 111 29 0 0 65 108 154 255 255 114
    255 120 67 207 232 194 0 255 134 0 255 3 0 162 0 0 160 172 183 35 96
    19 241 0 86 255 157 234 47 0 192 255 216 132 255 6 198 0 184 0 178
    255 86 111 255 86 141 199 255 152 43 218 152 235 174 178 151 77 255
    220 0 235 4 150 43 208 0 0 0 41 234 0 211 255 140 255 198 176 248 2
    63 16 0 255 63 56 173 255 180 69 166 255 255 117 206 194 201 70 64
    155 152 0 238 113 108 0 228 137 98 255 255 173 3 34 74 44 68 208 104
    0 0 255 57 0 25 254 193 80 0 133 0 46 181 82 0 69 255 192 255 226
    178 153 192 5 75 0 205 255 31 12 106 50 74 255 76 158 255 152 103
    255 63 173 242 241 148 90 35 83 255 175 255 59 255 66 255 0 79 255
    255 255 255 101 255 21 107 177 173 24 255 0 0 194 78 234 255 234 34
    0 201 255 0 0 0 0 74 158 252 186 255 24 110 0 255 171 2 67 237 244 0
    156 141 0 81 255 137 120 110 27 74 240 193 0 0 97 0 82 0 0 59 0 137
    97 16 118 93 255 0 0 237 255 51 131 234 219 255 50 255 0 96 255 101
    151 138 232 195 0 0 182 0 202 50 171 23 138 0 72 233 255 99 6 95 0
    255 0 27 245 31 52 250 23 3 255 150 167 85 53 255 0 0 213 0 0 255
    182 67 132 0 150 117 179 255 114 16 125 255 223 255 141 118 193 255
    169 221 174 79 215 241 31 33 0 72 139 1 255 255 123 236 72 255 156
    149 0 115 204 114 160 156 51 17 0 144 89 228 0 255 255 255 3 132 253
    169 127 255 255 255 88 0 168 0 0 255 0 64 187 51 0 234 255 208 61
    175 0 28 243 62 0 11 29 138 219 0 212 209 77 255 255 72 8 0 250 95
    89 92 124 152 255 203 107 31 255 92 116 255 198 213 110 163 189 146
    252 248 255 64 79 255 255 0 249 0 0 140 166 90 18 89 53 212 255 185
    0 255 252 167 245 235 35 248 147 255 133 255 7 255 255 106 65 255 71
    255 0 3 0 7 173 16 0 162 255 0 102 92 140 255 100 93 107 79 255 0 58
    255 255 63 0 207 118 0 0 0 0 61 3 204 196 255 211 226 242 31 236 132
    156 0 192 0 170 178 255 130 222 212 255 0 130 129 159 127 195 94 0
    20 110 252 0 0 0 0 213 50 31 223 255 255 125 255 205 0 169 0 113 0
    82 255 225 255 255 89 6 255 0 212 248 67 11 255 215 106 0 31 255 178
    0 230 28 0 28 0 0 0 255 0 0 216 0 0 198 255 255 183 0 227 63 255 183
    254 64 251 165 0 255 128 255 71 169 229 77 255 255 0 154 108 159 35
    51 0 203 181 4 0 233 255 0 242 131 160 206 255 163 255 91 161 169
    255 141 255 18 95 109 179 189 255 1 0 255 0 0 33 0 254 0 0 121 169
    33 13 180 211 184 22 255 235 34 255 76 78 217 174 248 231 65 61 174
    255 230 255 167 0 255 41 166 181 255 255 255 255 211 255 112 0 211
    130 245 218 146 255 94 25 166 255 169 35 23 40 69 235 0 255 203 255
    0 0 255 0 0 168 0 255 97 255 255 0 255 255 185 149 243 148 169 77 64
    105 255 255 0 65 0 9 255 51 82 0 54 185 228 224 8 210 0 248 0 249 33
    180 255 145 28 147 84 255 14 222 173 37 82 0 255 124 255 21 44 0 61
    7 255 195 106 40 121 171 177 138 63 169 179 189 165 112 247 255 0
    166 153 15 1 255 205 255 168 189 255 255 15 0 0 225 169 255 0 145
    119 0 0 62 111 218 52 141 0 4 149 171 25 33 255 139 36 0 135 255 177
    255 255 0 0 100 216 202 107 213 128 240 0 107 255 51 202 0 0 69 180
    90 201 52 164 18 173 148 0 255 255 0 250 177 75 0 67 0 103 0 182 168
    255 168 79 0 0 255 0 0 0 152 85 194 0 0 24 198 128 112 255 48 255 57
    255 190 163 255 47 66 1 77 230 255 113 94 255 86 0 97 146 178 255 37
    57 72 89 142 116 255 75 255 43 0 162 240 0 141 58 111 201 0 227 131
    227 255 255 255 120 158 152 15 0 0 0 0 72 101 9 252 255 78 255 167
    242 0 0 156 255 125 70 0 76 86 24 149 255 134 0 213 255 0 198 39 10
    198 0 255 199 247 208 229 0 255 134 45 255 12 223 97 0 224 128 255
    249 69 188 0 125 99 246 248 141 253 228 65 208 13 0 255 137 238 253
    253 38 194 74 168 255 132 153 255 147 143 161 141 255 255 111 121
    255 234 234 184 197 0 229 0 0 193 50 244 150 27 127 255 205 112 249
    167 56 183 128 255 255 255 208 255 255 0 255 0 0 255 161 235 0 255
    162 0 22 19 208 93 81 155 255 177 46 255 195 146 47 255 39 70 110 98
    73 255 147 255 0 186 136 221 38 176 224 195 244 19 177 204 0 0 115
    164 185 27 255 255 255 0 0 255 242 192 255 173 127 255 0 26 0 37 37
    50 115 79 103 147 0 76 66 130 150 0 159 255 207 255 0 172 168 221
    255 0 0 144 57 19 0 85 241 0 255 255 255 114 255 106 0 228 1 0 20
    101 137 37 238 0 255 0 213 255 255 186 0 0 178 230 145 255 156 0 236
    0 255 175 191 65 0 203 144 27 86 107 240 80 0 141 162 33 255 212 18
    100 115 128 2 0 81 41 255 104 32 255 246 9 214 255 226 0 226 255 0
    255 165 112 134 0 8 185 0 150 255 162 255 255 26 191 183 4 191 143
    76 119 255 255 80 0 66 31 34 0 221 254 108 48 107 212 247 0 124 0 0
    48 116 228 255 0 162 161 255 200 0 134 0 95 255 136 135 95 255 17 90
    195 255 174 72 255 233 255 0 219 247 197 115 0 255 155 194 14 64 76
    243 143 171 150 255 255 0 148 115 155 136 252 255 203 161 193 0 255
    228 159 81 37 177 6 0 122 255 0 217 146 255 204 165 255 202 50 0 255
    0 0 210 244 144 122 171 2 255 214 0 255 255 151 206 219 255 207 0 25
    95 106 0 34 255 184 1 255 255 146 82 0 163 67 255 219 255 184 5 226
    124 0 104 5 80 212 58 164 0 228 255 104 255 0 0 0 246 145 189 147 33
    65 247 14 197 68 0 186 255 186 184 0 120 82 255 255 222 255 0 157 11
    120 65 201 229 100 76 87 94 255 14 162 178 0 53 0 211 255 55 245 229
    255 235 84 122 255 0 121 72 147 255 176 48 79 0 0 181 255 105 255
    255 239 221 255 0 20 237 61 66 182 171 136 115 201 11 57 198 89 131
    0 0 255 102 161 36 44 204 42 28 211 17 37 13 70 102 250 184 15 15 0
    255 255 59 0 255 255 255 101 116 90 242 255 0 255 255 254 41 0 170
    255 38 120 255 163 88 244 178 112 0 133 0 255 249 255 211 160 163
    236 0 153 12 255 0 245 29 25 0 255 195 0 46 255 101 0 33 1 255 194
    123 2 38 212 171 255 255 0 25 249 0 117 213 68 162 0 164 82 4 0 255
    255 245 75 186 58 255 29 157 154 0 40 71 63 113 58 53 98 141 0 73
    255 77 207 239 0 178 38 255 165 226 159 255 0 219 146 59 227 90 235
    159 200 94 0 93 0 0 1 107 92 200 131 215 0 200 216 89 10 99 255 188
    0 0 155 239 149 0 0 207 129 151 185 104 226 0 255 28 0 0 212 190 0
    255 205 153 0 202 255 164 161 208 237 81 83 191 237 119 0 160 202
    255 0 178 114 77 13 238 6 92 176 147 0 255 244 0 0 47 255 255 133 0
    227 0 8 167 255 248 107 183 58 118 131 248 68 255 185 255 0 255 0
    217 185 0 106 168 255 230 115 152 171 185 35 192 174 0 80 0 191 189
    0 255 77 17 255 236 255 243 137 168 37 92 80 243 0 0 220 0 105 255
    29 101 234 96 0 20 0 48 0 29 102 0 255 237 255 140 95 0 129 0 255 0
    128 0 0 255 0 185 251 0 184 73 195 255 0 0 2 255 0 0 242 108 0 0 0
    70 100 0 75 223 0 147 30 129 255 48 5 232 255 68 255 104 62 108 3 4
    0 0 255 0 5 0 0 141 0 0 0 51 206 0 0 142 74 75 239 0 164 255 0 0 143
    101 94 172 236 0 37 255 31 98 255 255 0 0 211 182 255 21 0 27 223 90
    255 58 0 0 38 0 0 121 255 121 1 255 45 255 255 80 0 245 69 191 162
    255 255 255 255 160 57 3 188 100 76 220 51 234 68 37 146 45 0 0 64
    149 133 0 210 155 161 141 109 253 102 0 255 123 117 126 18 86 66 27
    255 26 159 0 3 255 57 222 35 0 255 188 255 127 0 255 189 255 255 255
    188 0 186 16 0 118 0 238 0 9 255 255 207 158 255 0 255 0 9 152 255
    241 0 0 158 206 10 0 205 255 0 51 155 146 30 143 33 216 0 9 242 112
    190 0 255 255 0 0 251 255 0 13 160 145 197 57 147 101 170 255 187
    255 33 94 0 0 0 239 34 162 255 42 255 228 183 129 0 71 113 0 154 255
    36 255 102 82 236 26 0 255 204 255 158 113 202 0 191 165 133 232 218
    231 255 230 117 6 232 0 243 70 0 0 194 128 0 201 226 243 0 24 249
    231 113 187 179 94 255 43 183 205 218 0 128 0 255 187 138 255 255 35
    61 253 38 155 136 182 0 15 0 34 196 219 255 185 255 255 0 238 141
    171 147 0 8 171 15 0 92 0 255 155 116 0 156 231 255 175 163 60 0 83
    209 68 61 0 0 249 153 48 228 255 182 255 255 111 75 1 78 249 255 183
    255 255 0 39 83 0 0 0 206 255 105 157 225 255 18 214 255 37 108 33
    188 96 255 205 0 246 65 103 255 43 253 255 146 213 255 0 255 0 255 0
    0 255 255 255 183 96 252 142 255 112 0 50 96 0 0 241 148 136 49 0 0
    88 125 0 242 46 255 63 0 205 125 0 128 0 87 156 20 123 0 190 122 0
    255 255 0 0 255 113 106 238 113 245 255 255 154 143 93 9 255 209 255
    127 154 179 74 145 0 5 21 217 255 100 251 238 74 234 126 169 255 29
    34 82 40 0 103 0 77 255 111 58 224 0 219 255 186 255 255 0 0 106 28
    172 55 219 187 58 255 238 221 19 0 52 255 45 255 71 211 102 185 255
    139 101 195 44 255 187 0 123 255 0 255 150 255 0 46 160 255 0 36 255
    143 0 255 228 0 130 109 238 94 255 252 116 114 64 255 56 113 115 101
    52 166 76 157 184 255 255 255 0 60 255 242 60 255 169 0 0 166 0 234
    255 26 101 238 0 106 255 236 225 128 255 137 0 6 0 255 246 150 74
    209 154 0 33 0 78 255 24 182 255 241 73 0 237 201 58 0 255 0 177 0 0
    8 150 34 232 114 255 245 255 180 182 255 128 255 0 0 140 82 64 229
    110 255 179 66 255 198 255 0 166 120 80 72 61 0 233 255 196 0 255
    255 30 85 88 62 41 29 97 0 0 46 255 75 194 0 212 81 68 244 32 0 0
    156 83 139 255 175 117 11 73 255 255 40 173 34 151 0 153 255 151 24
    40 0 104 255 255 91 45 0 186 230 127 208 75 0 0 4 0 0 171 243 82 211
    255 255 101 255 35 0 255 255 17 0 37 186 100 95 255 50 187 255 17 41
    58 255 54 220 255 255 0 130 254 255 255 91 200 0 0 248 114 196 0 146
    0 255 69 183 48 245 205 87 234 0 255 130 51 240 235 249 229 146 255
    249 75 87 255 0 138 0 160 248 0 48 152 186 0 0 219 255 0 80 41 184
    32 103 255 255 88 166 21 57 255 0 0 253 25 0 11 182 224 44 248 158
    234 255 172 189 250 82 0 0 0 255 80 0 176 209 0 0 0 0 0 252 86 231
    16 0 255 230 255 37 255 158 94 7 122 255 144 122 124 255 216 255 74
    243 71 255 245 106 139 64 160 255 72 193 181 216 119 255 130 0 255
    29 0 255 18 145 169 117 0 244 255 27 255 101 125 75 198 127 12 44
    110 0 255 222 255 0 179 199 255 255 38 217 202 0 0 169 62 2 255 114
    114 239 0 120 99 62 137 255 105 3 255 0 175 202 249 0 175 0 255 236
    75 255 4 213 160 123 67 255 235 247 150 255 72 82 63 93 255 0 16 197
    2 255 70 182 15 36 134 176 0 0 93 65 77 0 0 74 0 255 117 204 255 26
    255 222 246 85 197 8 29 255 255 115 255 0 214 149 70 48 77 230 0 0 4
    0 28 0 127 255 223 172 255 232 0 0 255 143 0 177 0 169 122 61 190
    228 0 255 186 0 255 0 255 0 0 135 90 0 9 150 174 255 226 255 175 132
    0 0 77 46 44 134 255 114 175 78 210 255 0 43 255 43 251 0 253 49 166
    135 199 255 0 191 54 249 33 0 201 62 255 0 190 84 0 95 0 38 225 0 31
    84 0 0 194 255 0 134 72 0 223 255 94 255 185 48 0 0 217 83 61 255 63
    0 176 0 177 121 245 200 23 0 0 255 183 1 0 185 0 80 255 0 254 93 21
    32 242 255 255 89 255 1 52 32 255 255 0 181 251 255 165 133 202 159
    255 245 0 147 126 43 87 172 233 7 253 37 255 196 0 255 181 255 0 127
    173 0 115 0 96 153 136 148 209 117 224 161 255 0 0 150 86 102 71 0
    91 0 57 222 63 255 0 185 255 0 79 255 0 155 130 254 255 222 255 10
    22 251 214 43 135 187 164 255 202 75 167 90 87 150 0 217 0 220 214
    255 0 0 0 255 0 0 231 255 209 166 198 255 255 180 0 255 64 31 27 108
    48 0 0 63 16 45 0 31 255 2 81 169 181 122 42 24 83 136 160 0 0 72
    148 0 188 255 37 26 255 0 8 211 193 85 255 190 183 2 70 109 0 186
    122 225 252 0 255 255 50 255 186 255 208 210 160 228 227 64 161 13
    249 177 45 0 14 122 0 0 0 124 255 255 164 71 13 0 0 199 255 139 5 0
    164 248 255 163 145 255 112 255 255 197 51 255 152 129 152 20 255
    165 205 65 0 62 124 38 131 165 0 2 202 83 0 33 57 112 91 108 197 183
    255 230 153 26 255 20 137 48 0 255 102 255 247 255 214 219 9 0 255
    110 0 0 215 255 50 255 61 25 0 0 255 255 62 32 146 241 203 0 241 150
    153 255 114 238 255 161 0 154 15 132 0 103 167 178 79 39 62 166 39
    161 0 144 5 246 169 0 255 255 255 0 211 62 201 255 175 88 255 141 94
    0 175 17 0 255 0 0 114 194 0 136 126 255 29 0 55 96 0 175 255 0 2 21
    118 200 255 149 203 0 23 245 54 66 0 155 212 116 0 255 163 231 255
    40 240 249 14 136 0 114 34 13 75 106 20 0 255 16 0 227 223 0 80 233
    41 104 255 155 234 0 31 227 34 240 146 0 181 174 136 255 104 239 227
    252 0 255 0 255 205 65 0 127 206 255 255 255 98 0 169 255 68 255 54
    119 83 246 0 0 245 143 252 149 255 66 0 76 225 195 0 52 82 152 255 0
    158 255 12 206 0 162 0 0 255 18 108 255 145 255 87 255 255 13 185 67
    46 142 0 255 255 4 0 255 157 224 173 106 183 0 166 0 246 0 170 0 255
    255 177 137 126 25 13 74 0 61 237 186 29 0 250 104 63 36 14 221 43 0
    0 65 127 175 0 109 255 182 255 248 253 42 18 144 0 0 224 0 234 0 0
    216 0 254 0 0 200 98 202 26 93 126 0 159 22 61 145 81 170 52 0 255
    30 131 0 4 255 255 0 108 65 0 80 86 255 160 255 147 0 125 0 236 34 0
    0 45 0 250 95 0 0 191 118 40 63 240 100 235 241 21 0 11 60 228 14
    255 69 124 0 249 26 49 127 0 128 0 254 114 255 255 56 255 0 0 126 0
    0 121 108 154 0 202 64 28 177 98 34 0 0 255 166 0 27 0 8 0 16 12 255
    204 255 154 255 255 0 49 58 0 0 0 255 196 0 194 15 218 119 190 255 0
    255 255 246 255 0 171 0 255 81 82 254 190 0 212 255 128 213 127 197
    0 39 224 80 0 184 95 170 141 185 255 255 255 184 215 255 87 0 255 0
    5 0 0 255 251 252 220 0 39 80 15 170 220 255 126 0 197 0 188 0 0 210
    28 255 255 158 255 216 146 170 72 169 76 104 10 177 162 179 0 255 34
    28 49 0 255 19 100 88 240 80 0 81 255 35 150 0 42 245 45 255 94 0 96
    0 255 0 0 255 0 0 195 34 23 229 0 0 0 255 158 202 92 0 243 0 118 96
    193 0 39 153 121 68 201 124 12 0 38 230 102 23 255 0 80 46 33 0 0 0
    217 128 212 236 55 0 255 118 0 255 255 211 0 116 255 90 244 0 255
    145 168 255 240 183 255 168 106 191 190 255 153 255 131 112 167 54
    255 42 177 162 180 213 81 0 255 255 255 246 99 32 198 30 0 251 152
    255 106 255 255 0 255 119 93 8 46 0 255 170 32 121 173 18 97 125 5
    81 0 89 191 255 100 0 255 120 0 239 142 255 202 150 0 255 141 0 0
    192 255 255 124 245 255 255 228 97 27 0 0 15 119 0 255 70 0 255 255
    51 21 255 242 82 255 129 0 0 220 181 95 70 255 70 70 14 64 184 177 0
    2 95 255 0 77 193 37 172 0 203 255 160 82 80 0 190 21 255 101 245
    219 0 61 150 210 242 199 255 48 96 255 46 0 255 17 41 243 168 6 255
    182 50 115 233 65 0 134 255 75 0 0 52 181 1 0 255 98 0 255 248 0 255
    13 0 0 0 77 67 76 56 19 0 255 117 0 255 0 255 182 0 255 255 126 157
    0 0 0 6 76 59 182 8 255 199 0 126 44 233 50 255 234 39 214 211 0 0
    255 0 113 0 255 0 142 105 111 0 102 255 87 230 255 240 181 98 118 0
    145 106 137 0 0 255 0 125 255 0 73 203 70 22 120 114 62 23 43 255 73
    255 206 255 94 255 190 165 136 0 203 81 88 0 163 0 72 185 230 94 0
    255 255 138 184 148 255 0 0 255 75 52 0 58 255 52 70 198 19 21 0 114
    155 163 78 126 255 239 27 209 169 0 128 211 255 255 255 85 146 83
    223 219 229 125 245 255 0 232 80 205 255 36 0 255 214 113 255 91 102
    255 251 103 115 0 176 0 19 183 0 255 255 0 123 193 0 3 148 198 150
    45 0 0 224 23 255 255 72 232 37 0 0 28 157 38 195 255 255 131 234
    218 220 76 0 172 74 0 161 22 140 255 131 255 144 155 255 37 150 255
    1 213 255 228 210 85 132 104 149 255 241 255 144 0 152 254 0 92 19 0
    39 153 0 244 25 4 220 153 30 160 238 0 136 214 91 208 0 202 130 118
    255 255 183 25 178 255 17 114 150 255 110 253 0 0 194 141 178 240
    128 123 72 177 255 203 212 58 176 0 131 88 85 230 85 255 255 149 131
    221 122 0 0 58 144 255 0 255 0 217 255 19 89 0 255 0 252 255 114 97
    98 128 91 239 9 129 86 255 3 190 255 255 150 22 251 255 255 255 82
    132 255 16 0 220 222 0 255 47 0 204 52 255 255 22 187 0 89 253 161
    19 38 183 108 255 113 249 97 208 68 15 129 247 0 203 0 44 24 46 170
    47 255 101 86 197 201 247 0 255 255 87 130 186 82 252 134 36 0 220
    41 225 223 175 47 255 255 105 92 230 0 48 127 116 255 39 0 248 0 255
    151 255 92 255 82 0 255 0 79 0 203 189 255 227 255 46 169 255 0 255
    185 40 255 81 255 47 255 144 255 0 0 157 100 20 23 136 0 94 80 0 255
    33 217 96 0 33 230 0 34 198 51 255 30 189 255 0 89 146 0 218 205 0
    255 0 86 15 89 49 255 233 21 132 0 255 255 167 0 162 228 255 82 255
    21 122 255 0 0 255 255 208 9 174 36 255 37 55 255 201 61 255 0 141 0
    85 65 15 0 0 20 250 227 119 255 234 103 41 255 72 124 190 252 82 103
    255 108 229 65 0 218 16 0 64 20 0 149 135 0 28 131 200 77 71 151 133
    168 255 0 0 29 0 188 0 0 125 246 205 255 228 194 158 0 255 224 80
    229 229 105 229 240 86 162 165 254 10 255 165 0 0 167 146 0 175 255
    220 0 137 255 0 39 25 238 255 37 54 5 185 137 32 137 121 255 171 193
    175 255 120 97 255 0 50 255 170 0 0 236 96 6 231 164 0 70 0 0 255
    184 22 44 0 35 18 124 228 2 0 88 195 0 162 255 198 0 240 238 63 252
    76 13 0 86 255 0 0 0 6 226 0 29 0 45 16 194 0 229 22 17 255 0 40 121
    19 0 255 247 207 83 0 0 255 90 206 255 243 149 0 96 11 228 156 113
    254 255 39 0 36 0 171 0 53 250 48 212 215 0 136 0 0 176 0 145 190 0
    255 7 93 146 140 255 185 72 178 182 0 0 255 0 221 150 235 255 37 0
    23 255 0 61 124 254 185 159 31 37 63 255 213 255 255 240 255 53 73 4
    0 0 165 219 0 119 172 0 88 255 255 89 0 71 0 0 234 0 217 89 8 144 75
    255 255 174 255 74 217 0 189 106 224 190 34 4 77 104 110 161 0 70 82
    255 255 210 184 146 255 6 203 152 0 83 144 242 128 255 0 255 192 33
    181 204 0 101 82 1 161 136 113 81 27 180 0 247 230 0 9 32 0 255 76
    18 143 206 114 203 201 0 255 139 255 0 0 53 0 216 0 255 85 186 255
    173 128 186 64 175 45 25 53 255 0 120 72 0 107 71 63 89 95 44 200
    148 168 223 0 255 68 169 255 106 255 159 0 178 132 183 0 102 255 75
    20 207 255 198 203 255 255 6 0 203 102 212 153 0 15 0 229 255 138
    195 0 255 29 0 255 0 148 97 0 68 11 206 25 255 47 255 228 13 116 255
    0 160 224 255 45 105 74 255 170 0 89 65 163 119 255 93 210 51 81 220
    240 66 218 176 148 0 191 255 255 166 184 86 122 0 0 255 242 0 0 155
    101 248 255 0 0 219 255 208 39 35 255 114 221 86 150 237 196 130 34
    0 0 255 0 234 255 255 52 0 126 110 12 164 255 0 81 156 24 7 101 255
    0 255 145 250 125 125 94 84 72 237 223 255 0 0 49 0 0 205 0 0 0 255
    20 161 217 225 255 169 0 102 255 255 20 18 255 255 162 242 247 255 0
    255 147 85 218 255 108 255 0 35 255 255 111 240 195 255 213 0 234
    139 105 0 255 89 231 63 255 205 139 255 255 189 45 255 0 111 0 0 6 4
    66 149 255 81 159 255 0 255 219 100 52 173 210 255 0 129 255 0 102
    19 87 87 143 93 0 9 0 5 218 11 90 153 255 112 196 246 64 179 255 255
    255 255 143 255 0 175 4 0 255 255 252 0 52 149 20 47 47 160 120 0
    255 255 0 255 255 255 25 0 255 255 217 101 31 255 54 164 116 161 255
    255 0 109 255 241 0 40 255 2 255 255 119 0 0 255 0 233 177 42 178 0
    111 75 138 221 100 203 201 108 255 127 64 0 0 13 26 125 190 251 255
    95 134 81 199 12 0 0 0 233 0 0 0 223 161 128 169 0 174 0 85 255 201
    0 255 136 252 225 70 75 255 104 171 0 12 227 169 34 121 120 104 168
    255 137 0 74 137 148 210 174 255 130 255 0 0 210 217 61 138 0 255
    176 231 143 128 194 0 137 124 0 0 124 15 231 77 255 0 17 0 0 23 0 0
    207 66 155 20 0 159 103 104 31 244 255 12 255 96 199 75 53 0 12 0
    191 127 0 67 178 126 77 29 210 84 0 0 33 235 187 255 70 183 195 0
    255 58 31 126 8 123 94 255 6 55 138 136 155 106 72 79 175 200 130 35
    255 255 0 255 75 0 255 0 0 255 255 183 121 98 80 178 0 0 224 165 255
    0 84 250 117 0 59 0 255 118 131 6 101 245 255 255 42 205 0 5 173 255
    255 0 50 9 160 99 35 0 255 191 0 255 110 0 255 63 195 119 0 38 131
    123 0 31 176 0 213 0 116 51 5 234 0 0 68 42 85 13 0 13 199 0 5 99 1
    255 0 0 255 230 12 143 255 0 0 123 255 0 204 0 232 255 62 0 109 249
    194 0 255 252 102 255 251 0 138 56 213 47 71 169 255 236 255 9 61
    140 73 130 108 255 48 0 0 34 255 255 74 157 0 130 183 134 115 255 0
    184 0 0 152 98 255 174 100 73 221 43 255 59 255 34 21 255 255 41 251
    124 124 165 224 73 235 255 173 201 0 83 255 240 0 0 88 255 189 100
    134 51 255 12 39 255 234 255 0 255 0 154 245 19 206 183 0 211 132 14
    60 0 69 144 3 101 0 157 57 35 167 155 255 255 255 220 189 255 129 36
    12 49 0 67 59 238 249 109 142 0 175 0 36 92 149 33 0 102 163 216 0
    255 197 1 56 255 254 88 245 182 0 0 0 245 72 0 110 54 98 255 108 151
    245 0 16 154 0 173 56 68 47 0 178 0 14 255 158 241 62 77 11 214 6 41
    118 64 166 255 159 204 0 57 206 26 97 128 219 54 182 0 85 171 255 0
    233 240 255 154 255 0 196 42 48 99 224 211 202 31 81 211 15 94 230
    180 85 136 130 0 255 0 218 222 255 113 0 253 196 0 121 0 68 22 0 255
    30 255 255 65 45 92 96 145 0 138 170 0 20 255 153 35 3 255 0 195 16
    26 193 255 235 43 255 255 0 255 86 0 255 0 30 245 196 46 255 125 95
    224 7 213 84 167 38 255 0 128 243 237 168 80 0 187 131 0 255 202 14
    122 111 0 0 22 252 255 0 180 54 0 0 255 95 222 239 0 255 170 200 93
    255 0 65 251 255 147 255 255 150 173 50 255 111 133 90 166 124 117 0
    46 0 85 244 90 255 255 1 255 189 255 255 24 169 0 113 255 127 101
    235 0 233 222 250 77 0 197 76 80 0 23 155 0 0 255 149 255 201 72 255
    91 155 255 165 255 0 70 0 88 255 156 167 255 0 0 255 0 255 0 255 0
    237 0 0 0 217 240 61 243 162 4 255 255 0 0 41 149 255 0 132 0 88 91
    255 12 51 193 4 123 61 0 253 208 0 105 106 181 190 37 46 244 162 0 0
    238 211 178 113 130 255 163 0 41 0 122 112 27 149 0 255 221 227 238
    0 255 0 255 187 54 203 255 214 135 0 178 204 0 127 255 255 172 0 66
    221 0 69 0 0 0 255 213 0 255 0 3 195 108 255 255 58 255 255 182 19
    255 171 0 97 165 91 217 2 82 255 16 243 255 131 48 255 213 255 255
    255 255 228 89 181 180 242 28 0 36 57 158 102 168 25 0 220 212 197
    255 227 126 59 243 162 207 169 238 0 255 32 62 0 24 130 148 213 10
    255 185 0 48 0 226 255 9 60 95 6 0 0 0 255 41 255 255 196 109 0 94 0
    0 0 0 0 0 255 86 255 115 0 86 0 255 234 0 179 62 202 0 112 134 0 151
    79 113 255 179 255 178 121 193 175 255 255 54 240 255 142 90 12 0
    233 0 255 255 61 43 255 170 235 255 72 204 255 208 199 0 109 48 34
    22 147 0 0 11 255 133 83 0 228 0 255 250 171 255 105 123 0 255 0 0 0
    226 133 89 239 90 255 229 0 255 40 247 203 0 255 0 158 162 44 0 112
    246 69 0 105 0 255 0 236 0 127 99 77 207 255 192 255 224 239 255 72
    239 158 255 133 0 255 255 153 255 37 255 35 141 0 255 118 9 107 28
    11 0 0 36 90 36 0 0 237 156 198 218 141 210 12 236 155 240 53 0 33 8
    206 87 0 172 83 53 251 255 79 230 171 0 246 79 95 127 45 211 157 196
    149 244 0 229 0 240 0 0 0 155 0 9 57 255 29 0 73 67 110 187 0 255 58
    9 140 0 11 131 14 0 0 121 255 255 165 9 154 171 0 134 255 37 179 50
    40 126 0 50 228 0 101 0 25 163 0 255 77 38 85 232 203 255 255 0 255
    255 79 166 4 163 43 0 255 33 2 159 0 0 207 26 0 255 0 255 163 56 255
    0 0 0 163 0 0 0 0 255 0 0 149 71 255 117 255 255 0 230 250 0 188 176
    0 20 126 0 0 57 165 15 255 0 0 255 0 0 0 255 255 255 119 255 7 33 92
    177 0 116 103 84 0 220 0 255 201 129 182 57 176 123 255 0 168 184
    198 104 255 202 142 149 225 197 225 139 116 255 255 0 184 242 0 0 86
    228 54 255 134 132 255 255 52 108 47 255 0 241 255 184 255 1 130 0 0
    34 47 218 69 0 0 255 12 0 91 84 45 255 220 156 185 255 111 255 119
    177 0 0 255 0 132 142 134 255 0 164 232 143 0 143 255 255 255 255 6
    250 196 255 255 42 255 86 33 53 65 75 150 14 0 0 177 91 121 142 213
    148 0 120 0 54 255 255 165 21 223 153 0 112 63 0 15 0 255 36 84 117
    26 85 246 64 98 34 8 0 64 194 5 83 11 172 210 131 255 174 250 255 0
    245 236 115 218 0 99 67 217 0 229 0 154 143 185 255 252 251 47 233
    132 81 198 119 183 0 230 93 0 255 0 0 255 188 0 0 0 0 127 255 255 17
    169 115 255 0 0 4 137 0 0 208 155 17 28 255 242 143 0 105 255 0 0
    255 76 21 0 43 250 68 200 255 80 18 0 0 255 167 213 255 0 169 219
    255 255 13 181 196 0 255 238 43 124 1 0 255 240 255 206 0 255 255
    117 203 247 242 122 34 49 59 103 97 0 134 8 38 177 178 17 243 255 0
    128 242 32 156 0 210 212 255 176 123 24 0 251 255 231 121 108 177
    115 255 255 219 255 255 136 89 0 131 52 181 115 255 104 0 187 0 78
    255 94 5 175 0 87 255 255 32 255 191 34 163 255 65 146 174 203 38 0
    255 195 20 34 194 211 0 46 16 74 255 255 255 157 0 255 4 244 216 99
    99 230 121 104 255 172 227 150 198 255 173 255 195 255 220 255 144
    255 238 206 26 162 4 0 255 92 246 118 10 175 95 255 152 170 0 0 146
    96 19 210 255 255 9 195 0 0 255 255 13 179 136 167 124 185 0 63 14 0
    9 116 0 209 6 0 234 216 227 192 0 255 21 137 152 0 81 0 199 10 155 0
    0 0 33 236 217 169 248 226 255 231 29 0 255 128 185 236 238 5 189
    117 149 78 0 255 32 255 231 0 112 84 255 0 251 255 153 173 194 99
    255 175 0 166 132 9 255 36 162 255 32 16 255 255 142 122 120 221 21
    164 124 0 0 0 81 255 212 255 51 254 140 174 120 130 174 255 145 0
    255 255 111 237 56 150 255 26 70 54 50 255 0 206 233 72 65 86 0 38
    46 255 255 49 46 255 255 27 21 251 125 98 0 224 16 62 23 255 133 131
    131 125 170 206 255 220 255 245 244 172 103 137 223 36 63 184 74 0
    255 228 108 0 255 255 255 157 250 255 86 59 185 0 206 110 218 112 89
    120 97 255 55 255 0 126 151 77 0 88 255 234 85 253 91 234 118 0 46 0
    190 0 195 155 255 67 206 99 255 172 210 165 0 103 0 255 41 0 122 64
    255 255 252 87 173 255 0 0 255 185 102 6 169 223 232 255 127 61 0
    191 89 28 162 174 0 227 192 202 0 16 24 0 204 0 209 61 226 3 201 255
    184 255 123 255 252 0 88 199 247 11 0 163 186 197 0 95 255 0 0 15 41
    70 0 0 0 122 178 255 134 179 255 155 33 172 237 255 0 0 0 234 187 0
    160 31 255 255 118 198 149 140 42 34 198 0 245 181 0 152 255 23 204
    26 164 255 255 158 255 255 54 159 86 23 225 180 1 0 136 26 0 44 182
    116 255 147 225 246 0 255 241 28 255 203 45 0 52 255 0 0 166 82 167
    255 221 244 182 178 194 91 43 155 63 11 0 115 64 255 211 186 237 255
    47 71 0 188 147 142 255 178 94 90 128 243 58 59 216 46 255 231 48 89
    0 255 253 11 0 255 0 209 0 255 255 255 151 158 151 121 102 0 253 255
    92 109 150 252 156 255 190 101 27 43 150 153 0 98 255 233 18 255 249
    0 255 236 167 0 158 96 255 45 0 44 223 255 255 238 165 255 197 255
    133 53 120 198 135 75 0 51 0 219 221 239 235 255 0 36 67 0 94 69 169
    113 140 2 179 41 207 132 148 99 94 130 36 46 221 216 236 255 66 255
    14 248 255 12 255 0 0 112 221 0 255 141 255 145 90 222 235 255 225
    69 208 227 255 0 126 97 166 209 0 0 208 211 255 252 9 0 238 185 66
    37 141 255 189 0 191 0 0 176 0 147 0 183 235 0 255 70 0 255 57 235
    82 247 0 70 71 59 209 255 35 91 31 0 255 157 247 132 0 205 69 62 255
    117 125 237 169 4 12 0 197 109 17 0 29 18 187 222 135 0 0 0 0 255
    125 214 79 231 133 240 192 51 68 0 81 0 151 0 46 205 236 120 164 255
    0 40 0 255 234 0 27 0 0 232 211 169 250 255 28 255 0 0 237 51 26 238
    77 168 141 211 139 21 232 255 8 132 198 123 61 0 133 255 121 216 206
    255 85 0 101 105 0 255 255 215 231 96 126 65 0 77 0 234 90 0 195 0
    171 12 0 95 97 171 255 232 180 3 0 202 255 0 141 102 0 255 143 19 42
    174 59 210 255 66 221 122 17 19 0 255 0 0 0 100 242 1 117 255 0 223
    0 255 74 0 86 255 87 0 255 177 3 255 255 231 255 161 255 0 255 6 213
    150 236 96 237 57 59 225 250 255 134 14 33 0 94 91 149 96 16 116 0
    54 224 249 33 161 255 0 0 66 253 96 228 190 174 48 66 255 1 58 123
    255 171 157 195 220 241 25 223 255 0 54 0 35 130 3 89 255 110 0 241
    255 255 255 233 255 90 0 255 0 223 112 227 73 0 6 73 243 241 78 0
    191 0 255 20 36 75 81 255 13 221 10 142 231 0 174 0 129 0 187 137
    255 255 178 255 20 72 255 174 0 227 192 62 199 255 156 255 251 0 117
    14 140 255 27 143 187 71 199 27 183 114 102 0 67 207 246 185 222 0
    243 197 6 212 0 255 223 0 255 249 74 197 195 0 254 255 25 0 0 0 138
    0 186 255 88 255 0 0 150 36 54 14 0 109 255 255 138 133 182 142 0
    245 0 42 145 130 243 0 255 128 28 211 191 255 255 59 238 125 231 226
    60 162 90 172 111 152 255 165 240 49 190 42 244 252 108 217 105 133
    0 58 88 222 255 12 4 240 0 255 33 7 108 35 255 255 44 255 255 255 0
    181 0 0 246 34 214 175 249 219 0 101 0 255 248 255 255 92 255 122
    255 0 0 92 210 39 0 49 173 100 0 0 100 255 106 233 0 159 22 127 219
    255 76 161 255 156 255 171 255 115 255 243 84 253 255 0 0 157 136
    109 75 33 40 208 23 49 204 23 179 84 0 0 3 110 49 0 189 101 31 71
    121 0 255 68 154 200 255 255 0 255 255 35 63 55 255 255 255 77 0 169
    15 183 255 51 255 222 175 249 48 106 255 255 232 52 255 93 0 135 250
    204 81 206 255 255 217 0 88 255 28 2 120 98 255 1 42 184 0 107 31 0
    250 53 255 40 159 135 255 255 165 86 145 0 0 132 0 59 255 0 0 255
    176 0 0 255 255 255 190 242 255 92 178 206 255 92 22 255 8 255 246
    207 44 180 245 81 255 255 89 0 255 255 199 255 0 233 0 0 194 239 242
    0 205 183 255 121 117 125 89 68 254 245 124 255 118 255 181 180 3 32
    28 227 147 55 179 232 8 51 95 141 255 253 19 0 73 187 116 255 24 216
    0 147 165 255 115 255 31 0 4 196 255 75 65 255 154 0 85 0 253 0 95
    20 188 87 108 255 193 0 194 255 75 34 43 0 230 123 77 255 112 196
    134 255 16 0 0 103 178 159 0 255 0 0 149 128 0 211 30 96 162 43 64
    181 255 88 0 133 0 175 132 237 0 0 255 120 126 0 0 189 255 255 255 0
    255 124 255 0 255 109 255 0 36 255 112 165 0 255 186 90 255 20 255
    255 213 237 255 103 21 248 194 240 140 255 0 245 112 247 203 237 31
    255 255 207 21 255 0 255 255 0 0 82 0 86 255 255 54 255 133 182 16
    127 36 38 255 0 255 244 42 0 128 0 0 0 16 109 0 255 251 146 238 0
    125 0 0 68 0 240 178 255 203 0 0 196 175 61 211 161 76 254 98 7 184
    52 115 101 30 0 29 82 46 225 0 255 39 252 152 59 78 0 0 254 255 162
    68 0 3 255 45 64 255 138 204 86 227 0 43 73 162 25 0 0 41 205 194
    135 178 0 0 59 143 123 150 168 19 0 41 20 94 0 255 237 115 133 86 64
    255 0 255 215 0 105 44 198 0 0 0 0 200 255 75 255 228 169 255 87 85
    0 0 130 213 0 104 92 109 215 22 0 219 76 0 186 255 126 78 243 62 255
    255 255 10 0 0 0 255 217 12 218 24 255 63 149 0 0 201 255 132 249
    120 223 255 0 0 97 7 13 253 189 0 204 73 255 49 0 193 72 101 207 21
    255 0 110 97 101 252 191 180 255 60 28 255 242 248 172 232 27 127 0
    60 255 0 255 174 5 215 11 245 255 200 242 24 39 6 17 229 0 144 245
    12 167 158 149 167 0 31 0 254 0 185 0 142 225 253 138 38 0 239 19
    101 132 246 0 254 100 255 120 87 163 15 34 172 187 255 255 255 125
    69 255 0 235 89 187 255 37 0 177 0 0 255 0 0 0 56 41 38 255 207 0
    158 225 96 89 255 0 255 0 28 100 0 68 0 4 53 209 255 145 255 196 58
    206 17 54 255 27 0 145 0 255 255 0 236 203 236 61 255 0 255 75 138 1
    0 0 255 119 24 87 0 43 255 183 110 0 0 61 168 9 167 41 191 0 255 117
    128 31 255 205 231 233 255 159 179 185 133 237 135 127 246 71 21 190
    0 10 255 230 0 194 109 0 227 0 178 165 0 64 188 36 210 160 25 92 255
    219 19 255 0 0 255 41 169 29 213 255 255 0 255 0 166 0 86 165 252
    255 117 196 255 255 56 21 105 43 238 0 60 0 222 255 89 0 234 56 60
    117 0 102 53 150 0 0 255 214 185 206 228 8 221 255 155 73 0 240 0 0
    128 255 198 0 255 165 249 92 255 246 114 0 0 140 174 255 102 231 56
    30 255 255 176 0 0 193 0 38 237 0 0 134 16 44 25 198 152 0 255 255
    255 164 198 0 0 3 0 0 104 82 135 155 255 93 36 255 73 94 245 99 213
    0 84 133 30 0 255 66 145 4 157 255 55 255 54 45 5 60 244 255 115 3
    26 255 192 0 169 196 90 0 242 207 0 127 131 70 240 111 104 248 255 0
    176 201 54 0 169 115 0 137 255 67 255 255 174 182 61 165 0 86 252 0
    196 0 82 114 0 209 54 0 105 255 92 227 255 255 132 9 158 255 115 112
    255 177 0 255 77 0 255 78 255 0 48 23 0 45 97 0 108 255 116 224 184
    249 175 239 41 0 255 240 107 103 255 218 255 62 24 94 9 146 255 0 94
    255 255 255 196 149 255 148 109 255 155 255 182 71 135 255 0 0 93 99
    255 0 130 155 143 179 166 162 87 161 0 193 219 119 19 216 0 113 0 83
    82 41 244 78 255 26 81 56 126 255 124 237 41 56 26 188 251 189 255
    255 255 140 158 0 255 0 0 196 0 156 255 0 255 236 0 255 126 7 141
    242 166 0 148 174 172 101 0 190 153 3 37 59 255 182 206 255 255 0
    255 255 255 255 0 88 0 240 0 0 116 115 0 122 0 43 91 72 50 255 252
    214 0 50 255 255 84 255 236 255 255 64 123 53 121 102 3 179 40 252
    128 1 255 255 121 55 75 98 255 177 58 139 174 100 209 12 252 168 183
    0 34 6 153 166 0 0 110 0 2 0 68 255 255 255 203 201 255 255 12 0 132
    0 199 228 0 255 255 0 255 255 252 184 0 255 255 177 57 255 104 149 0
    0 255 255 124 0 160 90 232 102 255 255 0 0 61 0 111 0 99 255 0 178
    255 0 207 173 51 255 63 229 242 0 109 0 152 255 213 0 38 197 6 255
    242 0 255 85 5 26 251 36 159 255 255 0 206 13 141 229 122 221 53 0 0
    118 0 255 255 117 255 84 106 222 0 255 39 49 0 255 153 154 255 255
    182 255 186 0 182 68 158 0 0 103 38 70 0 255 255 194 53 79 255 237
    255 189 0 254 255 173 223 243 91 9 2 250 64 205 255 40 81 21 94 71
    224 57 255 144 0 255 0 48 0 255 226 15 255 0 255 100 255 255 57 166
    246 51 69 247 0 131 50 89 79 0 189 0 255 197 0 251 253 0 0 12 34 210
    226 22 115 255 0 102 183 200 82 14 0 117 14 125 225 0 0 159 166 12
    252 167 255 230 248 0 191 250 70 74 0 0 146 169 255 197 255 95 41
    193 182 18 203 84 255 255 121 55 236 255 255 139 0 18 0 136 96 169
    130 0 152 84 255 0 177 121 13 183 43 153 253 131 255 255 188 29 214
    187 223 234 255 255 146 178 255 255 197 159 255 255 0 93 255 255 29
    0 255 146 0 13 255 142 26 255 255 255 142 255 210 29 255 0 169 91
    219 0 221 0 255 0 251 0 216 0 125 255 0 26 179 255 127 255 46 221
    213 43 54 141 88 45 0 189 19 255 84 255 255 191 26 62 255 255 0 255
    181 65 0 78 6 129 52 233 255 116 213 0 3 255 16 203 23 4 59 85 255
    210 117 7 255 85 35 215 255 3 104 0 0 161 0 146 189 255 84 235 129
    23 253 0 144 25 0 69 9 0 0 255 255 234 195 0 109 172 221 255 2 44
    203 255 255 23 255 35 37 134 0 151 255 133 0 235 244 9 255 0 242 118
    255 0 146 218 203 114 0 79 100 124 77 0 63 255 226 124 139 66 0 71 0
    216 0 110 182 255 56 25 0 128 112 13 0 255 255 255 206 254 46 255
    214 188 64 0 62 48 51 88 34 175 12 69 27 255 255 0 207 252 180 145 0
    150 0 255 194 193 37 133 168 178 118 255 0 0 0 138 182 40 0 71 255 1
    0 255 112 173 255 255 108 124 243 255 0 13 0 0 98 0 84 0 67 0 84 144
    0 255 251 53 0 68 46 60 255 157 206 255 13 85 225 255 190 121 98 255
    12 109 136 215 0 255 64 255 32 204 255 217 0 0 84 178 255 254 229
    255 28 129 255 67 176 96 56 205 5 0 197 0 84 172 187 0 184 101 255
    216 255 0 41 141 1 128 158 0 255 54 200 255 0 187 3 255 154 4 28 9
    244 255 0 177 99 71 255 0 163 211 0 255 0 255 93 81 65 251 218 201
    92 121 255 101 255 210 0 255 197 136 170 235 103 11 0 255 99 48 255
    58 21 170 108 94 191 0 88 0 60 197 0 84 9 153 0 228 206 19 255 255
    255 255 212 98 39 36 255 0 176 219 0 80 51 241 240 154 0 64 207 35 0
    110 255 255 154 228 255 104 255 138 85 9 0 255 255 0 255 41 255 229
    7 239 246 206 8 191 133 229 79 26 11 222 231 160 0 2 190 0 255 31 10
    224 84 22 227 0 227 0 209 159 173 19 0 0 255 255 0 255 255 0 255 0
    35 0 151 249 0 0 105 0 0 0 68 114 228 18 29 137 62 207 255 255 233 0
    0 25 193 214 0 209 255 253 255 85 218 0 33 120 186 68 241 229 71 255
    246 255 255 112 129 0 47 255 18 198 126 96 172 86 51 93 142 89 4 141
    255 0 216 57 255 83 26 255 255 232 54 201 96 24 161 255 75 171 216 0
    255 0 0 255 72 192 0 148 255 28 138 12 255 148 45 179 255 255 108 92
    0 242 179 0 0 236 61 0 255 198 255 255 88 251 123 196 255 235 218
    132 0 0 90 150 112 255 251 227 243 8 255 185 0 0 255 255 174 0 255 0
    255 255 24 0 67 239 255 214 255 0 14 238 81 182 17 0 207 54 0 190
    168 74 255 204 255 0 255 102 194 255 0 63 0 204 183 255 152 13 255
    111 0 11 216 77 81 168 185 255 247 91 139 0 186 255 85 255 8 57 0 0
    66 146 255 255 0 0 255 0 255 170 199 61 54 56 10 21 43 115 9 69 0
    255 0 0 61 191 108 236 0 235 255 31 163 224 15 110 255 255 189 51 84
    0 188 255 123 0 0 0 42 92 129 158 255 116 25 255 255 213 232 255 0
    28 105 0 160 63 255 224 255 255 123 42 0 97 138 197 2 3 69 0 27 14 9
    107 54 77 255 0 255 21 255 0 237 191 106 255 213 129 45 79 34 0 10 0
    243 0 105 113 183 212 108 93 255 117 255 114 160 164 0 41 251 0 188
    183 255 147 11 35 173 82 89 0 0 177 131 255 124 80 236 135 181 0 109
    140 4 0 203 205 21 255 213 148 255 255 105 255 255 57 40 0 0 255 40
    0 255 45 0 255 173 193 255 90 135 9 51 255 255 246 13 217 65 0 164
    255 255 255 207 255 83 84 222 169 0 196 232 65 255 0 255 99 116 0
    139 0 255 193 173 0 148 13 153 135 235 0 158 110 102 255 255 181 175
    255 0 0 108 22 19 53 9 214 45 39 23 255 148 255 199 0 167 0 117 15
    88 246 125 255 148 0 41 90 96 193 48 148 255 255 215 101 19 214 62
    143 0 255 255 224 99 166 0 255 73 26 56 0 0 71 223 66 0 0 205 0 0
    255 182 177 147 138 209 229 0 137 100 198 198 35 71 0 0 125 0 96 93
    183 150 0 85 255 232 39 255 175 166 255 224 185 255 205 0 0 50 0 236
    101 212 0 127 255 143 114 0 27 205 107 0 255 255 46 0 255 205 72 255
    238 134 255 255 59 57 0 255 21 255 204 82 255 24 255 0 242 223 110
    255 0 33 14 120 255 228 255 0 255 230 134 224 0 47 244 44 255 11 141
    255 255 104 255 225 81 0 0 191 46 255 255 255 241 142 255 13 206 124
    186 255 76 97 0 123 0 12 36 36 255 73 137 9 60 0 255 0 133 31 255 0
    0 227 0 0 234 32 255 255 195 176 255 54 23 11 54 224 0 30 209 168
    186 134 72 255 189 255 95 208 132 0 255 246 34 0 0 255 84 226 255 27
    255 190 191 249 24 255 99 163 191 56 198 142 203 61 187 180 162 92
    255 255 255 80 205 126 171 106 0 255 0 84 255 0 37 0 198 28 0 221 90
    255 23 0 85 76 255 255 239 149 108 234 141 0 86 17 32 26 253 171 236
    255 133 51 255 118 0 247 255 30 255 215 141 154 255 183 255 0 0 120
    108 255 60 229 107 107 235 86 0 247 108 247 214 255 162 0 233 255
    125 255 5 82 0 189 0 192 247 255 185 0 168 255 255 226 162 188 95 0
    255 207 56 0 255 213 160 82 162 0 0 255 229 251 255 48 83 0 0 31 252
    0 25 235 236 81 235 255 14 52 0 0 174 0 210 90 255 0 161 177 215 228
    215 227 255 68 43 255 0 115 0 99 246 0 255 92 169 159 248 255 0 0 0
    94 95 8 113 0 0 37 20 0 0 24 18 127 136 115 125 0 145 36 22 121 0
    255 0 15 182 112 255 175 62 255 1 214 184 255 0 155 255 90 255 0 0
    254 255 50 0 71 0 41 0 151 105 106 148 142 0 115 220 189 255 113 62
    117 186 161 0 0 69 0 255 0 123 190 19 255 0 199 0 107 54 0 2 2 22 0
    63 23 255 26 224 68 211 39 255 15 206 48 222 10 0 129 214 0 0 0 52
    255 33 167 218 8 77 0 255 0 211 147 146 30 93 0 251 35 255 0 255 8
    255 0 193 104 0 0 255 255 145 173 79 23 174 252 255 67 16 71 99 255
    0 221 1 29 43 0 183 255 42 172 0 63 119 255 255 69 70 25 255 245 0
    73 228 60 255 154 255 214 255 182 122 14 145 22 0 87 85 77 255 0 160
    62 106 0 0 201 138 0 82 180 94 42 88 100 189 0 170 9 255 0 60 47 114
    255 103 35 210 255 255 25 215 0 141 0 206 106 0 0 255 26 140 252 219
    178 253 14 0 143 107 151 37 255 250 241 255 0 0 255 104 44 0 127 72
    122 0 0 25 180 190 44 68 206 47 0 0 161 0 38 152 144 159 36 8 227 67
    0 0 216 72 50 69 0 0 14 213 113 0 0 242 68 135 173 249 130 105 255
    100 203 0 40 47 1 143 136 230 255 47 51 207 0 82 38 47 255 0 0 0 17
    118 0 255 144 0 255 0 56 21 255 79 0 165 0 36 144 150 223 132 73 153
    219 156 255 0 4 89 0 75 255 105 255 56 156 131 80 87 186 231 255 232
    0 110 33 0 203 255 255 183 116 165 240 9 60 0 0 240 147 95 255 234
    30 2 181 164 0 66 249 255 0 0 230 255 8 112 97 227 174 0 101 216 0 0
    185 0 0 147 96 250 0 212 255 87 223 225 92 3 0 102 115 90 0 155 102
    90 0 6 22 186 139 255 0 227 7 117 176 0 255 179 161 214 120 255 255
    96 40 255 238 244 0 0 204 251 11 0 255 235 0 255 139 185 0 255 255
    69 0 185 0 194 255 200 150 215 143 29 227 174 129 165 0 4 221 93 85
    0 81 89 0 248 0 255 213 35 64 186 36 0 0 0 0 111 0 51 174 0 95 112 0
    124 101 255 151 83 70 47 255 229 253 136 182 33 236 169 82 190 255 0
    10 108 224 255 255 124 190 67 135 255 255 154 0 255 187 255 187 89 0
    0 171 72 36 90 255 255 237 53 218 0 235 25 123 237 160 62 222 226
    255 43 195 87 255 199 0 187 255 0 233 149 207 255 255 115 223 130
    195 255 233 245 255 29 146 0 225 183 0 255 17 0 74 214 16 232 255
    170 4 255 47 192 255 0 161 255 188 255 175 181 139 85 115 63 4 2 255
    151 203 255 136 36 158 84 175 0 255 80 255 243 255 255 255 171 0 50
    223 0 255 35 3 255 9 134 0 76 124 72 0 0 255 0 58 77 197 255 255 7
    214 251 0 0 124 110 171 0 120 93 230 56 0 208 229 42 255 169 0 225
    255 89 0 209 149 255 154 228 10 1 138 238 16 142 255 206 3 199 19
    186 59 206 188 136 0 0 186 203 0 183 70 0 153 154 255 41 0 255 196
    162 255 43 100 0 165 0 145 255 0 218 0 0 206 209 255 63 0 36 208 48
    89 254 191 224 231 8 66 48 109 69 10 21 58 106 30 255 44 0 0 74 0 15
    65 0 0 160 255 181 255 117 255 126 147 197 175 2 255 33 0 40 147 146
    255 196 255 255 0 255 136 48 55 174 255 208 134 98 113 255 12 0 255
    48 0 255 228 228 30 0 61 255 134 255 143 45 20 243 79 119 13 240 55
    65 0 0 111 220 231 160 42 255 20 0 0 163 64 49 0 0 148 9 215 28 255
    255 255 255 161 72 255 255 14 121 255 193 255 134 69 146 35 255 96
    168 0 225 237 201 0 177 255 135 236 43 255 79 143 227 217 0 0 112
    145 224 0 104 101 128 0 103 225 86 69 108 210 72 75 79 255 28 231
    225 65 202 23 66 78 31 112 246 255 0 22 70 83 255 0 0 255 0 255 5 0
    255 143 8 255 226 210 255 193 3 0 0 179 112 144 217 242 3 0 255 221
    205 214 115 71 0 198 106 167 0 255 255 105 33 255 229 0 255 59 89 78
    0 240 255 0 21 141 25 186 98 123 82 108 174 255 141 97 255 77 112 0
    120 0 220 0 4 255 118 255 168 60 117 111 40 0 239 27 72 0 205 51 15
    56 27 45 255 252 249 0 0 102 255 0 255 197 71 86 249 223 0 0 0 140 0
    0 36 75 40 0 126 255 251 72 187 0 255 127 51 135 69 12 255 77 123 0
    79 255 240 129 95 0 96 147 255 157 99 89 10 255 255 255 62 255 0 104
    140 0 180 36 0 152 9 49 201 16 211 31 90 255 255 230 36 255 48 255
    255 255 155 77 180 74 0 251 0 8 0 255 53 78 255 245 168 5 170 0 225
    233 191 225 255 145 197 91 0 0 117 255 164 255 99 0 31 201 70 113
    135 62 2 221 0 153 255 0 0 52 164 1 255 90 151 255 96 54 46 0 255
    101 71 63 0 0 129 255 164 142 0 192 255 119 136 250 255 255 72 50
    112 0 255 29 240 171 147 82 203 0 196 100 199 255 0 100 243 77 155
    173 0 0 61 0 32 181 0 167 77 96 130 0 100 99 0 255 255 154 0 69 0
    136 47 249 7 255 165 153 200 0 255 23 186 180 0 164 30 0 0 0 0 138 0
    151 209 33 255 55 255 204 0 255 0 201 38 158 75 237 253 255 148 0
    255 212 0 255 180 6 255 66 157 255 134 0 32 255 0 78 30 15 221 136
    246 207 209 120 27 78 0 163 255 42 61 255 248 255 0 18 103 222 139 0
    22 255 164 0 144 255 0 148 65 123 0 255 255 76 125 46 96 224 203 143
    250 118 255 255 0 193 33 78 0 255 255 0 77 255 146 143 97 247 85 255
    143 0 0 234 255 216 3 147 255 255 139 0 69 147 255 255 117 9 0 85
    214 8 9 127 43 0 202 0 255 252 167 152 255 62 157 211 32 221 255 0
    206 1 30 115 0 211 220 0 44 0 255 254 53 0 189 0 255 18 237 0 0 16
    45 255 13 169 201 180 255 0 113 214 57 175 78 0 0 177 122 0 84 76
    255 130 13 186 60 166 209 29 76 90 255 147 181 78 170 20 141 21 36
    84 255 197 0 0 231 255 34 89 0 201 255 156 181 198 223 170 0 93 255
    255 153 24 255 0 0 116 201 143 94 40 68 0 140 68 218 69 255 109 113
    0 31 249 103 0 248 94 91 0 23 255 37 100 255 255 162 255 121 117 43
    255 0 60 126 117 207 30 58 140 84 0 0 108 0 255 241 233 255 255 34
    59 87 227 0 255 19 0 255 165 255 161 98 255 10 255 255 184 56 190 0
    65 206 0 0 208 190 225 182 178 0 138 0 196 131 0 237 81 232 7 34 228
    70 216 255 219 255 46 39 0 155 0 20 254 14 255 22 16 0 188 151 253
    25 194 247 152 0 171 135 255 255 9 165 255 70 255 0 167 100 51 0 255
    230 76 255 171 164 130 0 229 229 0 229 109 255 255 167 0 91 89 87
    135 218 255 0 108 0 149 255 20 233 177 0 0 224 21 87 89 153 211 190
    0 87 255 65 0 167 0 6 245 255 250 33 137 75 0 56 247 255 225 0 255
    72 0 255 114 85 0 0 137 248 0 255 0 96 255 4 219 255 255 0 193 104
    17 255 177 255 255 0 177 120 199 102 0 4 89 17 0 0 69 0 102 166 223
    149 0 218 162 157 255 0 104 141 0 234 100 163 0 112 98 18 115 6 253
    158 0 0 57 255 0 0 53 17 178 186 0 0 176 202 86 48 222 255 232 94
    207 255 0 0 255 232 28 255 185 184 5 56 0 255 231 87 255 187 24 119
    85 255 0 2 0 171 10 17 119 0 59 255 121 175 0 255 255 0 241 170 234
    216 255 0 73 193 206 79 201 73 225 30 217 130 173 255 0 148 27 190
    255 255 37 255 30 255 255 0 48 89 25 0 27 132 188 75 209 92 156 175
    81 0 157 255 124 125 96 170 0 255 216 161 255 198 124 255 255 255 0
    255 0 68 0 162 0 9 255 110 113 188 189 255 143 255 255 134 194 3 254
    142 0 95 0 0 255 59 149 132 255 99 0 92 132 221 255 255 55 0 142 0 0
    0 12 96 201 255 116 72 123 155 248 9 165 17 243 255 230 79 0 0 73
    103 171 0 0 255 153 41 255 197 0 255 169 29 0 78 222 255 28 255 164
    10 84 255 68 173 243 252 255 0 0 255 0 0 255 40 116 255 82 255 16
    242 255 255 100 255 0 141 148 167 151 199 0 255 79 155 27 97 21 207
    151 116 255 255 66 123 255 141 246 248 252 194 95 140 81 207 0 0 122
    139 70 227 8 174 126 10 138 255 248 224 0 12 0 255 122 9 255 74 255
    255 226 228 203 0 0 0 0 60 234 17 61 233 135 216 149 255 0 215 98 27
    0 140 122 173 124 152 255 255 255 180 0 255 0 90 25 240 0 222 209 30
    208 255 40 186 5 255 0 73 223 60 207 59 255 255 0 0 255 123 0 166
    186 138 177 85 24 244 124 255 255 58 27 255 0 218 255 10 0 106 126 0
    0 0 255 174 97 253 98 155 255 185 166 0 255 185 0 148 0 109 0 190
    255 121 125 0 0 29 179 169 101 110 3 255 160 232 15 216 157 3 226
    207 159 255 0 8 42 170 251 59 0 161 30 255 255 22 194 147 255 179
    251 255 0 151 2 98 1 70 8 246 229 0 255 0 83 255 211 135 218 43 255
    39 10 255 31 19 213 215 101 255 155 0 255 255 0 255 255 255 234 76
    53 127 0 186 255 0 241 239 225 170 217 67 39 1 58 166 140 0 0 78 91
    255 17 199 255 0 255 0 0 31 76 255 30 255 255 143 19 0 255 0 246 180
    0 0 0 119 144 255 193 0 246 149 192 0 135 150 22 90 137 123 0 39 196
    108 100 29 255 153 11 248 255 169 0 189 152 0 67 12 136 255 255 11
    255 255 115 184 187 103 255 0 65 0 103 235 22 48 0 11 0 108 255 61
    55 136 101 203 144 86 255 211 178 206 247 126 189 255 91 190 255 255
    255 70 255 0 235 255 0 255 232 208 0 255 255 255 23 57 0 255 121 0
    255 51 184 255 6 109 255 255 0 148 76 14 110 255 43 60 0 250 255 15
    64 236 48 0 19 236 104 217 52 176 87 255 0 139 240 223 79 0 62 123
    109 0 0 39 223 78 8 0 154 133 173 0 255 79 235 0 138 255 65 116 138
    0 64 0 137 75 49 245 193 81 255 0 62 255 0 24 50 0 0 0 0 122 75 255
    255 0 142 177 17 255 0 98 212 141 180 176 235 138 201 246 0 214 191
    0 0 0 0 0 188 224 255 247 255 179 4 181 0 111 0 0 0 177 154 74 255
    206 0 0 0 0 65 49 0 68 255 90 2 0 8 118 39 110 89 37 255 239 250 255
    0 79 64 0 121 0 255 0 70 0 255 0 123 88 214 26 22 148 97 112 189 71
    179 0 255 72 0 169 231 89 53 26 0 255 255 0 34 0 139 255 66 255 144
    164 255 54 249 229 138 255 0 192 242 18 255 46 0 19 0 146 59 45 200
    52 18 207 75 87 0 114 136 255 112 238 237 255 28 128 210 145 255 234
    159 255 127 84 92 255 255 180 255 246 110 108 240 36 104 0 0 0 143 0
    0 255 50 193 0 80 220 226 10 40 0 246 0 255 0 112 41 244 212 221 255
    255 130 80 0 165 136 0 246 40 92 137 71 255 110 170 212 204 0 108
    230 0 0 0 127 53 79 163 255 99 125 212 0 84 0 138 18 255 120 74 255
    143 34 0 0 255 0 29 245 152 214 170 123 104 255 161 0 93 0 0 104 124
    211 255 0 185 24 255 34 60 0 0 0 29 35 147 255 255 0 180 229 255 0
    184 255 97 0 94 167 0 0 252 255 27 89 124 204 27 168 1 150 11 179 48
    0 0 148 6 61 97 255 130 35 0 125 23 53 101 163 255 0 210 38 255 255
    22 44 0 42 255 255 0 176 0 108 0 202 226 223 255 143 205 255 84 86
    157 108 26 0 100 178 83 204 0 201 189 0 255 113 86 255 255 255 72
    208 245 216 255 255 74 0 149 138 67 132 185 0 0 217 255 255 58 173 0
    255 206 255 255 255 131 168 255 203 255 136 255 202 84 95 125 0 0
    241 70 170 12 203 80 55 202 21 242 0 0 92 125 152 145 80 196 87 34
    193 0 97 225 255 0 67 0 157 255 255 0 6 165 0 240 245 244 183 87 199
    0 234 140 255 92 92 3 77 97 0 226 78 255 10 59 255 0 123 77 99 0 35
    1 189 126 255 98 200 255 207 13 89 179 144 115 255 65 253 255 255 0
    197 0 67 255 0 255 0 255 14 51 27 0 156 153 136 37 109 0 102 239 83
    238 147 148 255 0 105 0 237 51 255 245 205 28 0 41 148 0 255 206 255
    255 179 30 51 255 49 252 168 149 134 1 45 0 242 0 66 52 72 0 89 0 29
    0 255 0 212 255 230 0 0 100 103 0 28 192 0 255 192 129 133 176 255
    183 118 140 227 0 250 140 149 0 0 0 30 112 132 250 226 79 255 255 0
    255 137 40 0 154 23 251 0 15 166 140 72 112 213 255 0 249 83 178 182
    37 255 222 130 147 0 164 80 19 255 1 0 0 211 255 255 86 226 255 0
    255 255 13 149 243 255 255 0 85 235 255 165 0 6 255 0 0 255 0 255
    131 255 194 118 153 255 238 173 0 130 0 183 0 170 213 255 255 255
    201 255 56 0 0 38 0 0 66 205 114 72 255 70 51 147 111 0 64 0 53 46
    101 8 0 123 7 0 0 125 91 175 6 16 103 70 19 117 94 117 201 55 255 37
    203 246 0 0 0 237 58 255 41 27 101 255 0 0 125 207 78 0 0 193 204
    255 243 136 240 183 105 138 31 141 196 0 0 174 255 208 122 39 0 6
    255 211 95 77 111 255 255 255 64 255 0 255 87 68 255 76 217 34 116 0
    255 255 88 255 118 199 106 82 255 153 36 255 44 218 255 127 255 69
    194 185 255 255 0 0 0 90 179 16 58 255 227 0 113 145 159 242 161 123
    253 255 250 121 176 238 255 143 255 26 129 142 242 171 174 175 43
    255 146 11 127 186 185 255 172 255 152 34 0 255 48 199 0 255 18 254
    23 255 247 0 80 0 57 65 171 252 185 52 0 226 40 0 138 0 229 197 142
    237 255 0 0 255 186 192 140 252 0 47 255 165 150 182 203 0 0 255 0
    67 255 8 0 255 224 0 195 43 255 0 56 0 255 66 0 255 51 242 206 0 192
    182 255 187 117 108 159 237 3 37 0 63 160 129 255 0 0 0 211 255 80 0
    22 179 172 151 255 255 193 207 0 0 0 0 48 40 255 205 80 255 115 185
    49 247 73 211 255 107 132 204 255 79 255 213 43 124 217 0 73 0 0 255
    9 255 11 72 245 63 255 0 0 117 94 203 106 24 115 142 0 71 132 0 194
    5 67 43 0 0 7 182 66 163 86 182 0 171 255 73 0 231 87 221 0 255 7
    249 220 112 19 255 145 101 130 255 255 118 255 250 0 211 186 0 255 0
    190 242 190 71 83 115 236 255 153 233 139 210 206 255 0 117 161 60 0
    255 107 168 233 224 227 101 255 255 0 255 0 18 0 255 163 131 255 255
    255 0 192 255 175 0 255 255 146 255 0 251 0 255 209 255 0 123 118 83
    26 192 81 255 255 224 102 204 225 255 148 58 255 255 31 231 187 255
    255 103 42 230 31 30 7 255 255 146 107 0 53 252 0 46 170 173 0 36
    255 68 103 48 71 196 255 78 84 108 250 77 255 233 17 180 52 0 68 255
    255 0 155 0 237 166 0 63 67 67 1 132 255 134 2 7 0 255 255 33 163 0
    93 65 0 9 207 0 0 246 255 221 168 255 2 9 255 75 11 67 255 170 60
    109 0 131 162 242 214 62 0 58 121 211 115 0 0 0 255 212 0 63 46 132
    125 238 255 19 146 39 255 129 79 0 32 79 225 0 0 165 255 75 158 128
    255 255 0 143 53 195 107 105 0 13 0 0 0 10 255 195 236 255 186 79
    255 255 100 19 202 143 232 222 190 255 192 255 141 255 255 44 177
    124 12 117 212 160 255 143 255 218 0 255 89 21 0 255 255 19 170 89 2
    34 214 255 29 187 163 255 0 195 207 219 160 255 34 99 165 237 155 0
    255 196 0 43 255 46 235 223 255 152 48 2 30 234 71 212 83 0 110 91
    229 179 118 255 255 255 42 190 28 61 0 157 59 117 181 125 255 91 89
    0 16 255 255 135 245 0 5 255 178 0 148 9 0 67 14 0 255 91 40 190 255
    144 169 216 255 98 255 232 188 87 230 255 0 88 255 0 130 61 255 139
    66 56 21 255 61 113 173 68 187 206 119 167 230 133 11 255 110 255 0
    0 130 0 0 169 255 60 139 40 240 118 161 198 77 0 0 255 31 192 21 182
    255 116 148 162 31 118 240 1 6 0 0 128 108 0 96 96 255 33 204 255
    122 220 21 166 163 190 147 167 142 255 255 51 74 139 0 0 0 255 0 153
    106 76 73 0 21 255 59 128 94 46 18 122 0 255 0 67 212 255 241 227
    225 117 177 255 0 255 255 58 76 38 152 180 86 177 35 255 65 25 255
    153 52 224 255 255 66 14 179 109 211 147 255 0 255 159 232 0 249 31
    53 0 255 255 255 61 5 0 215 213 73 144 124 135 154 255 0 255 0 0 255
    102 166 214 210 255 97 39 223 157 0 80 102 170 255 255 192 0 255 255
    0 0 255 0 0 0 224 135 229 231 255 23 195 255 0 0 241 213 224 255 192
    0 0 0 3 61 77 111 0 158 0 43 97 234 109 174 0 95 21 21 200 255 255
    56 220 0 0 159 199 151 53 255 25 255 20 222 53 236 184 255 40 0 235
    255 0 0 255 210 161 60 255 138 30 255 255 9 0 130 105 51 255 36 255
    255 152 95 159 149 84 255 0 103 226 0 67 15 255 4 0 255 31 158 0 9
    255 70 61 0 0 34 133 169 255 65 255 255 240 55 42 27 255 45 2 255 0
    217 0 200 25 249 106 0 62 0 150 136 70 255 194 255 255 42 0 98 174 0
    255 0 252 255 0 239 67 0 0 255 197 214 176 255 104 236 255 255 183
    255 150 255 179 34 255 177 0 218 255 0 135 255 255 255 255 2 192 26
    190 0 255 26 255 218 105 255 175 120 184 255 191 0 255 187 170 255
    191 116 124 0 75 90 255 44 236 255 23 199 255 19 58 255 215 0 255
    255 208 176 3 0 255 0 93 203 216 48 255 110 43 9 0 0 255 118 143 255
    200 136 65 224 94 167 171 255 97 238 16 132 255 211 255 180 255 118
    107 45 209 238 0 65 13 26 0 113 177 175 218 255 162 0 255 233 128 0
    43 190 0 252 255 162 43 56 228 153 120 0 64 255 6 74 255 40 232 255
    206 209 159 228 255 29 255 0 0 120 179 234 49 20 184 16 73 255 0 0
    255 53 207 44 0 0 127 120 0 194 255 177 28 39 255 185 0 147 29 208
    32 0 80 125 53 0 245 36 255 41 255 187 185 166 0 201 80 205 255 223
    131 107 0 13 126 57 0 35 240 81 252 255 0 255 0 255 158 0 228 108
    235 162 255 138 162 197 255 255 0 255 203 0 29 168 16 255 96 45 0
    153 255 170 255 246 121 145 255 255 0 0 207 255 255 0 122 0 97 0 164
    85 52 255 255 198 255 240 3 0 0 199 63 115 49 43 125 238 222 52 255
    60 159 48 0 165 255 221 235 126 167 0 153 255 45 246 0 175 255 33 0
    68 0 154 0 0 84 85 0 0 16 255 4 245 40 211 213 29 255 37 251 119 255
    93 0 255 235 147 176 27 0 79 82 169 0 255 255 0 139 235 255 183 193
    61 0 255 255 0 173 43 224 225 203 255 255 0 255 0 223 0 0 0 4 153
    152 57 0 193 0 38 0 143 0 215 191 173 0 69 84 112 134 255 43 184 183
    255 134 0 27 255 222 0 52 0 71 255 179 229 140 0 188 215 27 255 148
    165 220 17 171 0 0 123 71 0 196 210 67 139 255 38 48 115 189 255 212
    0 255 75 127 255 91 174 121 255 98 255 0 255 51 251 38 255 92 193
    255 250 82 0 54 30 0 0 3 135 255 255 174 140 208 11 48 100 197 239
    12 255 0 0 199 255 219 171 70 99 0 255 201 255 131 0 91 56 45 54 197
    255 255 93 107 255 220 111 255 206 188 255 160 1 153 255 118 255 0 0
    182 255 232 0 223 27 255 255 255 0 76 113 255 154 255 141 34 255 207
    0 255 72 181 117 45 155 195 60 131 0 230 121 0 241 168 127 0 141 255
    79 0 255 255 60 137 255 255 0 198 0 255 73 0 87 0 100 0 58 4 207 255
    0 164 206 245 197 27 46 0 255 225 154 255 183 115 227 232 44 0 176
    80 255 134 69 82 85 0 85 142 132 152 0 255 252 70 123 0 2 131 19 255
    110 237 0 110 250 20 226 75 255 113 81 255 199 248 147 194 153 255
    170 83 33 83 0 91 244 152 74 134 231 36 0 168 13 152 0 6 255 14 0 0
    42 5 0 255 0 119 0 255 0 43 255 226 255 255 112 94 139 255 255 105 0
    50 112 229 219 18 167 10 109 255 255 167 0 255 54 203 245 255 97 100
    255 147 255 155 117 242 0 173 118 255 42 47 27 0 158 79 0 34 255 155
    255 63 126 0 0 136 255 0 59 249 255 19 0 103 74 26 182 0 255 93 255
    196 255 69 255 109 208 245 15 139 0 28 198 0 150 43 131 48 155 0 199
    196 137 0 121 253 69 255 208 255 36 135 243 235 255 0 255 238 0 255
    79 17 192 36 217 0 29 255 104 122 255 244 233 46 179 39 0 255 0 145
    255 255 99 240 255 0 5 10 226 255 142 156 44 0 78 255 0 255 88 225 0
    255 0 27 132 59 212 102 5 0 25 0 40 0 163 148 0 0 255 173 165 3 119
    119 14 50 255 0 0 194 255 0 93 0 255 70 133 166 204 211 164 0 255 0
    244 255 91 124 168 0 131 98 255 191 98 36 255 0 69 89 245 16 255 0 0
    180 44 255 0 14 0 0 0 255 12 20 182 35 255 77 159 255 51 255 4 210 0
    0 25 151 0 167 188 164 255 196 255 67 170 34 131 21 189 101 36 255 0
    255 217 255 255 255 190 0 42 197 255 0 0 243 255 67 255 73 36 0 224
    255 146 210 52 255 0 0 173 255 84 0 125 186 112 233 174 255 86 80 0
    53 79 92 243 0 215 157 62 102 45 0 143 228 255 181 144 9 141 0 246
    84 0 86 255 0 255 195 97 0 255 242 104 30 32 169 0 0 255 255 123 72
    255 194 28 239 90 255 255 78 56 24 3 0 255 249 255 163 194 255 255
    255 0 56 158 195 59 214 0 0 84 47 34 255 233 175 121 255 0 44 14 35
    198 233 12 197 104 255 205 1 157 179 116 106 78 255 28 3 212 211 0
    134 46 0 0 127 0 185 31 111 163 255 235 255 241 174 152 148 87 141
    176 126 246 76 237 71 17 213 255 197 140 0 0 148 50 206 182 216 245
    255 0 29 0 255 255 138 208 0 250 0 217 109 235 153 0 0 18 138 38 169
    255 255 204 0 252 218 164 88 161 0 255 255 84 255 24 0 48 44 130 212
    0 123 254 67 255 195 243 237 255 255 191 0 67 0 123 29 68 0 162 192
    19 252 255 0 255 117 68 12 0 233 29 83 175 189 213 0 16 136 255 0 41
    117 95 222 255 255 75 0 0 121 189 255 35 132 63 0 157 96 0 143 160
    219 255 220 70 82 181 255 59 0 255 0 130 0 169 0 105 0 255 255 43
    160 0 255 0 44 148 0 255 23 0 0 45 0 17 188 0 255 255 0 255 244 178
    6 248 9 4 140 168 178 205 61 0 64 56 19 163 255 255 255 72 213 191
    39 153 255 200 0 0 255 84 0 30 35 22 96 198 220 0 140 143 156 156
    255 0 0 78 255 255 198 0 0 0 202 41 255 107 194 0 124 12 157 52 255
    30 65 255 115 255 0 49 126 0 40 0 246 27 20 135 20 30 255 0 242 255
    160 0 255 4 170 83 0 21 0 0 24 255 255 133 164 183 255 91 0 212 250
    58 162 56 198 38 89 255 114 87 255 255 176 255 0 0 14 60 250 0 183
    205 0 0 231 20 0 209 255 0 91 255 0 226 255 218 255 0 255 0 0 230
    255 103 0 34 145 7 0 242 104 7 130 35 255 0 130 7 0 146 20 240 207 0
    129 0 0 190 255 30 255 111 255 82 0 31 215 255 204 222 128 0 0 134
    151 246 133 255 255 99 60 255 54 212 255 205 177 34 71 0 0 0 0 49
    202 74 0 89 6 0 65 255 0 134 255 0 207 101 19 206 151 0 0 0 97 152
    53 54 143 48 62 95 0 0 0 19 181 255 105 0 0 11 71 0 187 207 116 148
    255 255 68 140 183 0 0 255 228 123 230 14 74 255 134 85 0 95 0 41 29
    0 47 0 123 0 118 200 0 255 240 9 0 145 255 92 122 16 23 0 232 0 0 0
    51 255 19 189 169 0 0 197 118 0 0 53 69 67 212 255 255 10 0 255 136
    255 255 255 0 0 255 0 255 208 255 100 0 255 255 92 156 255 255 255 0
    195 255 60 255 73 141 94 163 223 168 211 5 232 81 255 58 175 0 255
    13 31 122 58 127 213 0 162 0 174 208 226 217 118 255 226 255 222 181
    97 83 86 74 255 3 22 0 114 53 0 9 0 114 0 255 155 0 255 0 209 51 139
    121 130 133 252 255 65 255 146 103 3 218 99 90 70 0 255 154 0 32 81
    232 218 255 34 65 170 234 115 0 255 139 255 0 65 137 35 255 31 0 23
    78 90 0 66 117 43 191 138 202 186 28 255 0 255 0 190 0 182 121 213 0
    21 0 84 255 154 186 88 0 253 34 136 215 0 92 161 21 255 117 255 33
    184 239 0 0 153 66 5 255 104 12 54 133 235 189 8 173 22 184 29 219
    255 63 216 188 141 0 136 191 196 232 84 30 255 0 113 129 0 255 255
    255 240 0 211 40 7 127 255 37 0 229 240 160 248 52 255 0 98 255 144
    17 28 0 255 149 188 184 0 4 57 167 114 28 255 109 80 144 246 92 0
    255 151 138 216 0 225 28 45 58 0 101 29 0 255 107 127 255 255 255
    184 65 0 255 213 71 205 115 0 255 255 255 0 225 202 0 255 71 255 23
    52 184 0 246 98 0 210 1 159 106 255 120 255 241 156 214 255 20 255
    255 12 203 206 15 9 135 186 0 28 96 0 0 199 255 9 255 113 0 240 66 0
    180 50 85 255 149 135 159 255 255 189 255 109 97 255 116 158 174 0
    185 108 0 253 78 255 0 128 41 0 176 255 255 0 255 0 38 255 255 255
    255 65 165 255 17 45 61 255 172 255 56 0 0 200 6 255 0 255 58 255
    112 107 100 116 213 73 0 191 185 255 0 255 126 0 188 60 252 162 67 0
    85 255 0 0 86 121 30 16 156 241 146 7 199 0 0 211 13 1 207 37 141 0
    187 255 49 233 0 232 18 133 19 190 46 255 222 105 255 255 171 125
    221 137 154 55 0 72 157 45 38 255 150 148 255 255 20 255 72 1 122 0
    50 161 108 221 84 233 255 227 170 0 255 156 159 0 0 91 179 95 14 96
    95 240 0 86 0 255 158 255 245 57 0 177 255 153 255 124 57 139 0 144
    93 0 255 0 0 247 74 2 48 136 0 113 255 108 255 164 255 75 24 146 101
    104 0 37 255 29 251 49 143 0 0 0 0 191 255 240 255 0 255 255 255 0
    112 107 224 31 7 255 133 192 208 255 236 165 10 0 226 69 2 255 81
    255 0 117 0 193 157 254 247 118 42 46 211 198 203 186 255 181 138
    255 26 191 0 248 172 147 133 255 167 51 146 255 125 0 1 0 89 0 247
    156 0 171 0 1 229 255 255 84 0 4 139 18 104 255 81 255 255 255 0 70
    0 176 140 0 120 255 255 0 229 255 50 0 205 160 244 51 73 255 0 0 0
    255 255 247 35 255 202 255 88 23 255 37 214 119 255 0 0 255 173 0 0
    120 113 113 122 255 31 64 255 176 255 21 202 154 0 0 40 166 106 187
    255 151 103 80 0 76 7 71 255 248 100 255 255 29 64 255 189 154 111
    119 255 167 144 255 255 173 204 92 199 108 56 169 248 202 62 255 255
    125 41 138 96 0 49 69 33 255 216 81 12 255 0 155 255 177 0 91 255
    219 29 0 255 255 150 17 25 73 252 255 193 0 255 67 23 88 123 185 139
    142 0 255 0 216 0 116 174 108 228 124 255 255 0 255 0 98 226 255 0
    132 0 0 144 37 0 85 112 45 230 27 0 117 184 124 255 156 198 188 122
    255 35 252 105 170 0 23 97 255 206 132 209 255 255 255 229 31 255
    152 0 255 185 147 0 0 19 107 252 128 150 248 113 254 247 255 0 148
    127 255 255 0 164 255 44 0 255 255 255 71 0 18 82 0 238 69 144 255
    145 152 72 235 255 246 76 203 255 173 52 31 82 55 0 0 10 24 89 244
    255 46 216 205 83 200 0 255 255 0 10 211 147 17 248 79 39 0 107 164
    142 85 0 0 127 16 23 82 156 0 202 177 253 207 255 6 0 0 116 255 255
    21 78 102 93 255 255 255 192 90 56 202 255 147 196 200 177 80 40 0 0
    0 109 0 11 48 228 0 144 218 61 152 92 23 0 170 12 0 255 3 152 136 0
    159 65 0 167 33 83 0 255 94 150 136 153 255 0 231 255 157 93 197 0
    34 116 255 160 209 238 146 151 42 200 255 45 255 198 142 135 219 255
    0 0 56 40 255 112 189 0 230 37 27 217 217 65 0 2 202 231 255 0 20
    123 125 0 28 81 48 95 188 255 25 202 96 255 131 0 255 0 0 191 0 10
    193 0 255 110 0 131 131 0 207 110 146 100 182 109 70 0 0 1 255 241
    185 137 161 255 69 255 0 12 93 0 0 185 122 61 255 139 0 38 123 59 0
    210 19 145 132 255 255 255 91 139 24 50 0 0 229 243 188 209 7 8 255
    254 227 99 255 207 179 52 187 0 211 24 221 255 132 0 255 29 244 255
    1 0 255 137 153 209 22 0 174 255 0 81 225 255 104 70 166 0 185 255 0
    0 149 243 125 40 213 110 73 6 241 255 107 224 254 99 179 0 3 72 30 0
    255 47 218 150 0 0 0 255 186 91 255 148 245 255 255 0 227 34 255 3
    255 235 216 255 27 151 151 54 255 151 0 119 255 125 0 0 50 91 161
    255 33 123 0 0 3 255 0 255 174 119 202 87 175 220 124 190 126 141
    111 28 207 22 123 236 128 70 0 74 213 1 207 56 222 41 0 94 102 143
    192 0 183 166 0 0 255 54 0 0 122 255 10 255 216 0 102 87 255 62 255
    160 91 0 132 0 220 249 154 193 255 0 255 132 0 241 120 219 188 255
    213 60 17 239 0 0 52 0 234 12 22 225 0 117 110 51 233 0 192 182 0 17
    0 0 177 212 235 182 86 75 158 89 241 86 0 143 0 0 255 0 36 79 255
    249 121 111 187 201 250 25 0 255 132 248 8 255 255 252 0 255 245 0
    96 0 112 61 0 255 31 192 94 197 28 101 4 255 0 252 0 0 13 215 178 81
    255 12 255 255 176 77 223 198 94 235 45 0 255 49 189 0 0 121 180 0 0
    244 127 168 182 1 255 220 255 249 134 8 33 97 0 255 37 196 6 0 255 0
    223 26 255 255 222 0 225 255 255 0 255 255 187 0 177 218 17 30 255
    255 236 136 143 214 185 0 91 142 114 96 0 0 0 0 209 14 93 26 132 0
    68 183 66 175 238 0 239 255 255 0 243 255 159 116 255 6 86 0 0 127 0
    0 145 165 154 48 69 176 179 0 255 226 0 0 166 255 111 0 255 255 202
    91 107 255 5 249 0 6 67 58 255 0 95 255 255 119 115 255 203 255 255
    215 0 72 57 0 0 0 199 255 9 214 250 255 0 255 11 178 255 225 255 0
    155 206 255 0 189 0 110 4 17 255 228 184 192 94 255 19 26 0 48 111
    255 0 80 255 49 0 255 151 255 179 164 160 170 74 141 255 22 235 0
    171 255 255 52 176 185 199 150 25 16 251 255 53 163 255 255 104 134
    237 0 0 255 20 255 0 0 255 215 0 255 22 148 0 171 176 152 15 0 120
    71 110 96 247 36 172 93 67 73 43 255 255 77 255 0 160 177 0 199 255
    21 175 250 179 186 253 132 0 94 255 11 0 255 0 0 78 255 104 255 255
    0 255 170 62 0 243 0 0 234 110 106 0 58 77 0 199 158 214 225 224 80
    217 162 255 255 232 255 1 122 230 56 222 64 88 186 195 112 66 39 255
    0 254 255 155 9 235 145 255 49 255 120 118 0 0 0 255 40 8 98 255 175
    90 118 63 14 255 0 255 86 105 255 0 255 156 196 255 0 49 0 208 255 0
    167 0 185 23 0 255 255 239 255 17 0 0 182 112 0 169 255 20 0 0 100
    255 147 32 156 154 178 179 235 210 236 0 28 12 0 254 0 44 252 207
    180 30 0 0 210 0 182 13 255 47 17 26 0 255 197 123 220 60 55 0 183
    74 106 251 157 255 166 247 249 125 255 80 4 255 99 43 15 0 255 255
    93 255 240 32 105 4 112 137 112 255 255 18 103 255 255 122 185 255
    52 0 0 0 67 0 255 44 107 60 192 99 3 104 158 197 166 247 126 18 94
    208 197 98 173 55 180 255 169 250 91 7 0 212 1 91 0 0 217 0 183 255
    36 117 0 255 0 0 168 197 255 195 255 238 229 181 0 255 0 255 136 228
    245 0 62 255 255 22 152 194 0 8 0 6 91 0 255 255 255 213 201 0 99 0
    255 0 0 0 32 60 0 82 233 142 240 255 255 215 79 255 223 161 198 21 0
    132 246 0 71 84 231 255 147 146 0 0 49 255 188 0 217 75 194 75 0 135
    38 195 207 100 204 196 134 0 222 13 81 101 0 253 231 3 20 0 195 255
    135 64 0 60 251 255 26 18 189 255 42 31 0 62 255 255 243 20 30 255
    70 255 233 39 0 147 91 0 234 244 224 84 0 179 153 59 166 255 89 0
    192 255 191 152 105 255 54 0 254 173 32 255 255 255 214 26 56 0 141
    12 55 220 255 228 242 33 77 92 126 0 0 0 0 208 150 168 255 160 0 255
    194 0 209 0 235 0 142 27 255 103 19 255 56 49 3 255 255 229 255 200
    255 255 45 182 255 0 153 255 38 255 255 0 64 193 152 255 23 0 199
    131 37 104 255 0 255 47 255 0 31 255 130 0 47 212 58 213 0 0 255 168
    159 0 255 195 0 255 147 0 0 0 255 13 47 198 0 207 150 51 205 99 0
    255 255 242 255 59 0 255 66 33 194 41 255 185 116 109 220 234 246
    150 200 142 255 0 255 68 255 151 255 133 255 129 0 255 219 94 76 210
    217 0 255 0 27 255 0 97 234 145 30 255 142 131 219 108 77 211 2 0
    206 132 177 255 92 0 255 255 73 28 40 0 252 78 254 238 0 181 255 143
    248 216 255 41 255 0 163 102 0 241 0 12 89 255 255 52 68 255 185 255
    184 0 153 255 0 255 73 255 0 98 255 255 5 94 42 0 41 176 0 92 255
    144 163 134 0 115 255 0 206 69 71 20 10 131 144 38 20 92 92 152 0
    147 195 184 74 251 255 255 130 255 255 10 6 255 0 215 0 70 221 0 227
    0 0 43 132 255 26 130 161 0 255 0 0 85 190 43 17 107 188 0 59 158
    135 223 255 33 214 169 57 255 0 134 35 0 4 143 255 213 162 123 172
    66 148 0 172 255 181 106 0 0 52 159 63 36 255 34 255 119 179 236 0
    255 0 134 0 255 37 224 255 69 237 110 125 117 0 99 28 215 255 217 86
    0 255 206 125 255 128 132 54 147 47 0 0 0 71 129 74 59 255 255 197
    113 235 0 80 50 134 255 0 240 255 198 251 151 255 132 25 124 255 40
    137 0 20 197 0 187 0 255 255 196 255 78 197 90 117 181 0 255 252 143
    33 63 215 255 255 0 255 255 25 81 61 223 49 64 211 102 249 222 178 4
    19 0 0 18 0 33 255 102 231 151 43 41 102 72 0 233 101 255 58 243 0
    232 87 115 76 20 38 255 91 181 41 0 165 0 255 0 28 0 255 255 255 73
    215 255 255 73 86 255 0 26 0 77 162 64 36 182 252 11 53 55 219 249
    10 255 255 212 245 70 0 118 165 130 0 82 255 150 91 224 245 38 89
    181 109 117 146 104 72 78 31 180 255 207 25 255 238 0 0 34 50 21 255
    168 90 0 255 221 255 84 255 255 23 119 255 0 97 145 0 147 0 156 153
    56 0 87 0 0 251 203 93 104 0 0 0 135 255 112 228 89 0 0 30 125 254
    255 44 255 234 255 255 0 255 0 255 0 0 40 176 30 246 125 255 255 153
    0 24 255 45 255 35 111 255 255 255 255 0 151 0 0 255 255 211 189 169
    195 35 255 78 255 214 0 255 155 0 0 255 0 26 215 230 38 101 236 27
    216 164 42 255 146 190 169 186 53 163 0 3 255 157 49 181 163 255 0
    255 74 231 255 124 106 0 59 144 143 251 198 149 97 97 98 255 255 255
    230 35 223 0 0 202 109 93 250 196 215 56 249 217 255 197 255 157 231
    133 80 224 122 247 255 0 63 244 96 235 137 137 0 255 86 56 105 99
    110 84 190 202 255 255 164 164 223 45 130 34 45 150 174 160 154 15
    80 50 255 90 255 97 0 251 237 88 191 100 197 193 255 255 115 0 196 0
    71 83 106 255 151 15 255 194 253 0 131 255 218 41 223 116 152 255
    106 255 190 132 157 98 242 160 0 188 255 151 0 194 36 255 222 11 134
    16 52 239 171 196 24 12 122 209 0 255 53 255 94 41 241 0 254 0 125
    255 255 73 30 0 231 255 255 255 0 73 255 51 0 255 112 0 56 202 181
    218 105 15 70 104 207 255 26 203 0 77 255 193 255 216 26 0 54 0 50 0
    76 40 94 220 0 255 94 185 255 11 138 255 77 255 56 248 193 103 255
    95 255 0 255 0 0 105 255 255 0 0 0 0 203 214 96 24 133 255 108 198
    14 255 255 176 207 0 255 78 24 171 231 8 193 255 22 161 47 255 232
    250 0 255 188 12 236 207 61 232 244 255 197 36 84 147 34 117 187 255
    0 83 204 245 141 255 12 0 0 0 53 253 140 0 193 66 130 83 197 255 205
    130 0 255 254 226 255 0 14 152 6 0 168 115 235 140 255 255 246 255
    211 52 169 61 27 66 182 255 3 0 0 160 255 51 0 9 240 71 84 0 255 0
    215 0 0 208 255 0 223 0 87 255 255 255 30 255 255 54 0 90 255 16 9
    255 132 0 0 255 166 174 0 193 182 229 255 139 4 83 246 202 255 255
    255 132 255 121 36 85 255 140 255 124 0 255 57 255 0 58 255 44 255
    127 132 83 255 14 255 170 255 35 102 56 87 199 234 233 235 255 0 0
    241 156 115 0 76 237 84 0 0 162 0 217 146 0 43 0 0 6 221 248 154 255
    133 0 0 255 170 101 207 186 26 42 255 0 90 172 0 0 60 143 242 35 88
    163 218 255 137 211 0 0 193 0 31 0 173 164 168 255 0 106 34 147 78
    121 109 145 19 0 0 199 186 77 255 155 255 113 160 255 247 255 129 0
    119 255 0 171 255 12 0 255 0 0 255 248 211 255 163 94 137 65 184 255
    0 187 53 0 150 255 89 255 27 195 84 255 66 0 91 255 149 131 19 255
    223 255 186 216 2 118 80 74 200 109 65 91 226 255 255 186 101 62 23
    170 228 240 28 39 90 38 255 15 255 140 0 250 255 171 219 249 50 91
    95 239 180 69 0 139 225 0 245 255 10 163 16 95 59 0 0 67 15 120 99 0
    245 46 0 0 47 255 67 0 255 0 255 76 253 214 87 0 0 49 0 142 0 208 81
    65 0 255 5 255 0 73 250 216 27 188 109 48 255 0 255 90 255 255 208
    255 0 0 85 46 209 140 111 127 136 190 0 255 100 0 255 0 0 49 93 179
    255 48 255 244 140 255 114 0 151 255 165 188 215 13 255 1 33 68 178
    255 0 6 255 255 0 255 146 1 255 255 175 174 255 196 0 174 113 255
    186 85 0 213 11 24 28 255 255 221 255 0 78 106 0 0 195 84 255 0 255
    0 255 255 255 0 225 140 129 206 120 216 159 44 2 53 0 187 86 37 75
    156 139 255 3 253 104 152 75 0 58 224 74 0 69 77 0 109 75 0 70 2 113
    129 193 18 0 0 11 0 75 138 243 255 0 221 255 94 175 190 255 255 239
    255 190 4 61 206 255 255 255 179 205 228 255 208 48 241 142 7 0 0
    255 87 0 177 255 204 43 255 255 67 0 54 21 85 126 0 66 152 12 255 6
    255 0 255 255 168 132 20 135 0 224 255 215 60 6 69 7 104 75 41 62 0
    0 255 192 1 255 80 185 255 229 110 114 255 255 227 0 255 222 55 85
    255 86 202 91 14 155 229 21 255 0 160 51 0 148 76 135 255 1 255 84 0
    187 140 0 255 136 174 48 66 83 131 239 236 255 172 147 146 40 255
    190 212 27 255 18 92 0 0 97 0 255 210 25 94 65 178 255 94 160 246
    247 84 10 34 180 59 216 40 255 255 13 159 1 255 0 0 50 0 177 0 0 167
    113 22 170 255 157 226 255 0 255 157 0 255 3 248 97 0 110 116 0 86
    137 124 97 0 41 50 30 64 127 0 106 255 48 195 248 94 254 0 141 195
    150 7 248 210 255 87 22 51 0 0 109 229 223 116 255 168 0 247 255 255
    92 219 11 52 255 57 1 0 255 110 75 0 222 178 25 107 235 255 93 210
    25 232 103 119 0 241 0 0 48 250 95 255 172 18 183 234 166 230 146 99
    246 0 255 234 0 112 115 0 243 36 191 91 255 0 96 28 255 0 0 0 98 86
    170 121 35 255 173 132 80 140 205 115 94 219 242 6 0 28 94 255 157
    255 255 255 255 0 255 255 75 71 14 24 33 81 255 0 0 154 255 0 39 122
    57 121 100 0 255 0 9 255 0 137 117 255 57 31 111 255 193 0 252 0 12
    75 255 255 28 115 255 211 0 255 0 255 177 11 255 255 212 136 11 214
    115 112 255 140 91 0 50 223 0 64 255 255 255 29 167 193 255 184 87
    155 142 7 82 175 255 42 255 44 152 158 177 0 81 123 255 255 255 125
    0 157 3 140 0 255 255 200 255 255 155 0 0 0 234 171 63 251 255 67 5
    1 0 174 205 0 164 237 91 159 251 147 190 230 184 254 17 0 0 0 255 0
    255 34 82 80 0 236 255 0 255 188 145 127 255 255 142 0 87 0 0 149
    133 168 255 46 83 0 0 43 213 0 76 225 0 255 0 159 0 255 180 255 164
    167 6 255 217 0 255 90 0 222 34 104 152 22 255 0 24 219 133 21 0 0 0
    51 41 0 148 219 190 56 151 174 0 74 223 105 54 45 50 255 255 8 10 43
    0 0 5 0 125 57 67 8 132 215 137 139 85 184 162 55 137 125 232 255 50
    0 255 0 231 0 0 57 109 243 235 108 161 144 207 40 242 0 0 0 76 147
    179 250 50 46 216 97 255 25 198 255 6 128 134 88 255 100 215 41 117
    30 89 215 126 196 137 255 23 148 209 255 0 0 0 0 0 98 0 29 44 195
    151 98 212 210 1 255 104 55 0 178 0 0 255 156 106 255 0 28 190 106 0
    228 13 178 135 0 160 255 185 247 179 196 107 111 45 130 0 255 79 92
    9 214 95 25 39 0 2 125 16 255 49 116 255 9 82 0 238 20 93 255 252 60
    60 255 51 89 255 95 0 14 112 169 54 255 255 125 86 75 208 234 111 0
    0 53 255 255 225 245 88 251 255 254 176 34 53 24 0 0 111 83 132 255
    255 0 217 101 0 95 0 255 228 97 175 231 187 175 255 255 169 0 0 255
    93 115 0 129 112 66 255 226 255 77 255 238 115 0 124 0 189 180 255
    233 249 255 150 5 219 0 208 112 230 17 0 231 0 255 95 0 207 116 202
    255 255 206 0 26 75 0 0 234 192 255 97 100 115 0 186 205 255 7 186
    13 255 255 199 22 0 181 185 0 0 143 0 0 0 86 0 53 116 255 191 255
    255 140 255 255 226 255 156 104 0 125 0 255 222 22 255 161 0 255 255
    0 158 89 255 255 24 163 207 168 114 18 0 205 255 89 183 197 102 121
    234 119 84 15 207 0 255 26 255 89 0 197 132 255 18 0 124 0 78 10 174
    255 65 255 255 255 0 246 197 255 88 245 0 246 53 45 203 233 154 118
    0 104 186 0 255 0 247 0 255 255 113 255 255 234 179 21 255 195 214
    166 255 54 0 211 239 64 0 244 124 175 240 36 255 101 0 125 117 215
    102 62 0 29 255 215 193 102 147 75 5 157 178 0 73 255 255 146 15 157
    154 0 255 136 150 210 0 107 254 70 0 0 133 21 0 6 255 255 0 235 238
    226 255 0 225 248 239 0 246 42 203 255 255 215 130 216 105 112 199
    81 90 211 135 219 88 71 255 255 87 181 213 71 0 0 140 0 23 0 199 212
    145 27 0 22 17 44 215 116 229 255 133 98 147 205 249 67 111 43 255
    159 255 255 0 255 255 36 112 255 162 255 244 85 84 62 65 255 0 0 0
    79 56 70 216 0 255 163 113 99 0 255 0 140 75 0 121 0 0 234 0 67 128
    122 119 0 255 227 118 0 151 26 154 26 0 45 255 255 85 255 255 244 3
    236 216 44 158 211 244 33 10 0 101 245 115 147 255 227 189 255 163 0
    171 61 188 150 0 115 0 0 255 138 68 255 117 255 0 12 0 0 21 23 255
    80 255 216 24 255 0 231 159 160 0 161 95 84 74 234 25 231 0 0 44 241
    191 15 255 255 25 234 203 46 255 0 167 0 140 255 0 68 0 0 213 0 0 0
    0 91 99 104 167 184 97 255 255 182 0 255 97 252 45 252 255 98 118 0
    127 190 255 25 238 72 234 245 169 255 255 137 225 255 255 26 200 241
    255 227 67 115 255 0 67 44 74 255 145 75 255 255 76 92 202 96 40 17
    216 126 0 71 102 99 0 0 255 41 114 127 0 7 160 228 2 178 83 66 119
    255 0 255 5 35 0 0 208 0 200 255 0 255 200 28 130 0 219 255 86 86
    111 17 76 204 166 51 173 221 8 166 255 61 2 41 0 240 255 246 0 243
    63 255 4 255 240 232 255 150 133 155 255 255 39 56 0 5 178 36 246
    117 244 185 182 221 255 218 75 255 32 37 115 44 165 255 30 67 255
    212 132 0 0 255 151 185 98 255 255 255 255 255 213 162 0 0 172 244
    200 32 0 255 0 135 102 246 0 0 68 255 9 255 231 56 0 58 156 14 67
    236 0 60 231 61 70 1 0 0 0 161 222 218 78 255 204 147 255 98 77 214
    64 111 255 85 223 159 74 255 0 0 58 255 255 76 159 255 139 0 75 168
    0 0 190 55 135 255 0 223 162 250 0 0 255 12 0 104 41 255 104 202 255
    137 255 255 255 215 255 106 88 167 84 255 0 218 119 240 104 67 104
    189 5 0 0 229 0 0 117 122 36 255 255 142 255 255 131 0 13 182 0 96
    90 222 158 71 171 0 89 147 205 255 255 255 176 0 242 17 93 255 23
    255 255 0 0 255 39 178 255 19 53 0 0 20 111 66 0 156 255 0 102 255
    64 11 180 126 106 255 255 211 121 255 0 0 141 110 160 47 41 255 201
    32 254 245 40 249 0 244 0 255 255 0 36 255 21 0 254 56 0 0 25 0 220
    0 105 167 214 174 228 168 135 25 0 33 185 210 0 255 0 41 211 0 0 0
    198 155 115 0 63 0 47 3 195 0 28 64 66 221 51 241 0 255 36 21 158 0
    79 126 0 43 51 34 151 0 68 57 206 249 0 0 0 21 184 255 255 133 255
    204 57 117 114 48 83 100 163 138 104 131 0 0 196 17 255 255 157 0
    234 148 0 252 255 255 4 218 117 0 0 0 15 0 0 136 255 166 238 156 255
    0 0 55 255 215 0 255 255 129 214 246 125 94 150 53 106 19 251 234
    255 0 106 156 0 119 235 190 0 255 0 154 88 67 201 105 139 172 255
    228 4 33 9 178 0 106 255 255 0 0 132 8 0 83 228 90 186 0 57 102 0 0
    238 51 142 255 0 255 0 0 255 246 13 0 23 35 124 126 151 194 0 91 172
    155 74 7 254 247 110 83 255 0 0 47 0 73 0 98 122 78 138 61 100 148
    255 220 21 0 255 0 102 18 255 119 8 253 130 13 0 255 255 73 90 0 255
    202 63 255 255 53 86 255 30 225 0 101 115 0 255 105 81 130 13 86 0
    190 43 52 104 144 42 25 162 108 69 14 201 190 255 170 0 255 0 255 68
    255 255 164 40 255 229 83 176 255 214 111 0 0 255 255 52 213 244 0
    70 0 185 255 255 255 0 183 0 137 13 0 0 249 145 73 209 255 32 0 196
    196 65 215 193 0 35 241 255 0 255 255 13 77 0 0 191 0 172 255 0 42 7
    114 255 224 255 177 122 111 0 173 230 185 115 0 255 255 0 55 240 255
    222 108 139 64 210 21 26 0 93 95</data></your_img>
</opencv_storage>
