<?xml version="1.0"?>
<opencv_storage>
<filter_type>2</filter_type>
<only_luma>0</only_luma>
<r1>1</r1>
<r2>5</r2>
<L2_diff>1.</L2_diff>
<test_img type_id="opencv-matrix">
  <rows>128</rows>
  <cols>256</cols>
  <dt>"3u"</dt>
  <data>
    86 226 192 98 217 14 223 47 106 206 158 96 240 254 136 218 204 137
    178 30 51 25 98 155 76 68 229 186 162 144 191 251 55 173 132 39 205
    242 211 182 192 19 242 153 154 157 162 46 72 87 123 67 141 85 131
    189 133 16 90 24 182 59 105 104 179 254 154 223 32 248 217 39 164
    149 45 194 214 74 167 16 170 235 111 207 192 34 126 33 152 100 197
    108 154 50 127 183 31 176 233 104 134 134 206 137 243 111 205 144
    243 137 192 148 133 59 22 44 196 28 221 95 216 95 191 95 206 54 168
    242 8 232 78 241 173 50 23 182 80 18 20 16 96 54 33 22 167 172 138
    38 239 250 189 124 161 28 167 197 100 79 47 213 59 154 211 200 85
    117 40 152 128 43 158 145 125 17 13 35 73 78 62 95 146 160 169 238
    184 172 2 60 209 82 157 9 93 130 204 74 76 216 156 56 134 122 2 1 70
    145 90 45 110 101 236 92 221 119 130 190 4 42 242 214 21 192 110 251
    70 113 54 20 88 10 250 123 100 46 6 105 108 104 3 65 80 214 239 147
    70 181 250 3 155 31 148 23 231 8 3 39 55 3 70 194 156 254 87 226 152
    51 174 99 208 21 167 16 139 186 207 130 31 7 156 17 167 228 83 78
    162 6 224 158 200 146 35 181 213 112 111 78 89 23 15 245 141 181 148
    171 165 234 90 105 77 133 72 131 116 37 127 248 77 21 78 247 183 79
    53 162 173 194 194 201 219 80 195 80 34 123 113 129 248 42 188 124
    250 145 133 244 244 141 38 202 106 216 144 10 91 217 118 35 241 157
    86 8 242 72 41 75 0 105 118 82 231 180 29 35 201 134 238 120 255 119
    245 252 4 81 4 212 172 36 200 184 74 160 236 17 41 133 160 10 13 186
    60 12 31 110 211 97 32 38 87 195 206 232 226 21 0 141 3 51 215 190
    227 37 154 171 19 254 152 68 197 23 80 109 5 79 82 50 57 173 1 128
    128 1 225 175 190 224 255 188 74 199 55 95 179 20 188 188 158 164
    188 247 134 119 238 234 249 147 191 143 23 66 205 57 2 169 161 185
    250 135 55 132 23 144 73 254 113 14 120 159 123 125 171 164 9 66 34
    100 210 246 197 192 88 213 246 164 215 223 188 97 164 218 209 217
    139 34 227 182 38 85 169 246 153 87 62 148 144 180 39 156 46 215 145
    243 230 82 168 5 144 198 109 115 140 232 255 88 127 38 80 187 166
    144 147 39 248 222 49 187 113 94 149 222 27 13 177 224 106 196 120
    120 86 209 165 72 247 65 107 63 91 184 238 190 99 0 131 138 19 214
    199 203 241 233 149 218 208 98 62 83 55 166 205 5 111 207 145 65 54
    176 219 140 79 65 153 98 89 205 70 65 155 81 177 14 170 225 237 161
    4 249 164 152 244 208 192 135 107 34 104 62 147 32 90 89 219 115 207
    0 220 166 114 67 50 196 238 41 232 196 232 242 27 25 255 222 16 16
    223 157 255 39 27 186 126 91 95 62 90 176 149 152 191 131 173 171 43
    205 177 214 109 62 89 241 212 254 164 181 23 39 52 231 164 60 245
    201 142 143 151 102 199 25 57 70 213 48 168 86 131 251 247 13 87 224
    56 147 123 25 239 73 22 29 58 86 253 147 160 151 184 68 97 220 186
    241 176 245 8 43 223 136 21 6 148 235 97 113 7 206 63 171 115 176
    214 70 9 148 252 68 135 200 5 202 135 206 228 132 29 230 238 11 238
    195 83 20 161 20 47 3 147 63 38 116 139 186 87 100 93 218 103 217
    193 83 177 221 190 88 162 163 247 158 101 234 224 132 232 121 112 76
    228 68 124 188 65 192 186 137 199 179 106 152 67 255 56 195 0 253 58
    248 214 111 116 130 1 188 44 230 129 212 51 5 58 132 39 98 230 23
    255 220 198 118 253 88 41 13 221 95 120 242 27 134 236 193 89 84 223
    30 160 220 75 72 222 124 152 146 10 31 252 194 152 25 120 255 124 77
    19 182 7 149 247 188 135 79 150 69 174 242 23 234 192 156 21 244 13
    137 183 90 28 193 15 196 32 162 39 190 13 132 62 101 227 169 26 241
    88 13 200 211 218 20 111 21 156 91 107 234 236 210 203 108 19 141
    237 125 83 64 3 82 22 235 138 44 180 37 72 240 48 176 227 27 29 213
    216 232 163 4 17 152 67 237 93 115 33 81 95 179 226 124 23 61 70 7
    197 209 33 60 250 56 250 235 144 142 164 107 177 22 212 81 42 103 0
    173 121 254 152 76 178 245 236 167 194 156 90 99 224 71 190 18 89
    208 178 97 47 136 162 81 202 138 206 52 190 73 55 179 34 133 164 202
    180 72 17 235 227 0 152 230 126 196 23 206 102 192 136 136 235 3 179
    40 11 81 189 244 6 235 232 134 4 128 202 235 89 151 57 105 140 226
    84 189 248 213 106 255 74 96 140 234 71 30 157 204 87 180 195 223
    142 143 54 220 251 131 148 112 127 154 39 77 236 229 183 206 123 183
    254 176 197 17 162 130 154 117 81 170 167 127 60 199 99 167 252 4
    128 195 42 193 67 33 156 54 67 119 196 85 100 87 61 202 248 165 248
    83 175 227 10 76 76 61 248 15 163 41 216 158 4 25 37 3 36 67 36 26
    253 66 74 116 246 14 107 240 196 115 70 58 130 143 228 203 28 143
    237 211 62 82 59 67 131 204 227 171 102 195 107 76 170 81 143 53 5
    64 31 151 76 137 37 202 36 114 207 101 219 203 32 238 145 211 188
    177 88 18 203 102 160 174 9 252 195 223 246 243 172 239 145 237 160
    113 74 63 66 131 153 31 118 112 95 20 197 144 230 207 2 87 58 213
    126 2 6 7 16 35 250 20 61 30 20 181 5 73 213 119 126 28 101 169 130
    33 46 63 25 122 4 34 60 197 207 144 227 170 36 204 23 152 206 169
    114 231 129 2 84 79 76 95 111 12 195 35 213 238 39 199 51 130 4 122
    60 206 51 182 202 214 221 125 235 206 31 241 139 8 38 198 254 154
    209 30 56 48 200 55 216 57 34 212 254 136 244 55 115 66 191 84 8 209
    186 62 138 134 72 53 34 34 167 41 32 239 195 204 143 240 100 198 172
    53 186 74 91 133 190 131 73 75 223 20 229 91 142 233 231 161 177 182
    111 101 225 86 147 52 130 190 22 196 215 119 137 121 105 105 198 108
    12 253 53 25 127 171 102 44 36 91 8 197 252 239 124 102 107 181 196
    63 16 224 142 64 116 74 1 168 186 41 254 0 181 104 193 107 109 141
    141 30 250 184 137 189 109 153 16 125 172 126 154 95 210 130 160 192
    236 168 63 151 249 13 175 115 141 245 47 114 225 88 182 119 165 55
    152 119 188 69 40 135 250 127 199 151 133 40 223 69 253 220 76 107
    22 245 122 168 94 28 12 42 138 74 244 1 31 108 26 189 75 90 94 64 85
    243 111 152 234 183 207 183 100 223 164 8 78 35 175 164 96 103 18
    114 195 154 4 163 108 135 162 146 88 225 96 38 91 151 199 57 140 117
    240 253 144 100 85 174 234 111 233 10 6 193 9 151 82 180 21 7 7 154
    57 14 11 129 104 139 82 158 124 83 221 166 117 97 249 96 120 199 8
    48 253 203 12 250 220 52 58 49 24 116 85 131 132 100 224 46 118 70
    122 183 87 95 133 72 187 64 105 217 139 1 125 142 38 156 131 196 222
    44 13 90 91 194 15 118 26 216 126 8 218 254 104 51 94 62 139 140 73
    59 139 241 232 60 158 30 53 201 14 11 221 58 31 32 120 211 23 244
    210 223 99 41 92 121 214 174 3 82 22 235 26 109 222 144 232 37 63
    154 138 139 179 18 84 47 131 198 225 229 59 148 184 58 28 63 249 45
    214 164 249 15 159 9 190 55 131 169 195 32 197 46 125 199 188 171 58
    174 162 19 107 163 138 100 152 56 252 124 67 49 164 250 221 30 39
    202 186 202 230 169 0 205 55 187 235 167 54 252 239 217 115 173 8 86
    50 178 13 162 103 1 46 62 183 71 213 245 226 136 101 63 229 58 232
    75 17 235 173 89 60 134 125 93 143 34 139 177 175 102 166 33 62 111
    113 35 222 218 86 209 16 17 9 211 3 212 227 61 134 122 69 103 162
    163 22 26 19 235 44 95 237 235 162 113 220 242 55 117 52 136 112 137
    107 167 136 57 254 246 176 120 255 128 186 54 122 248 245 126 205 28
    203 159 94 31 163 243 96 232 150 252 137 141 164 85 83 62 209 124
    252 37 192 220 0 140 63 224 124 69 176 159 221 192 186 122 27 77 30
    45 85 194 168 19 238 252 105 94 177 69 150 142 140 57 239 168 32 69
    82 112 58 167 163 218 238 120 65 152 40 112 233 106 187 249 250 96
    196 175 18 221 221 206 250 91 8 99 143 108 5 181 15 41 107 202 30
    123 75 171 161 87 59 2 104 56 239 55 108 118 234 85 95 252 197 1 95
    1 6 25 155 7 221 172 138 64 252 89 7 208 102 74 176 123 114 251 124
    234 195 80 30 71 174 179 202 43 3 73 48 38 2 57 83 52 119 59 210 86
    153 235 59 206 232 135 75 193 212 35 151 188 79 106 95 189 243 208
    40 180 57 117 214 93 100 197 112 88 150 196 3 77 43 19 18 106 216 24
    98 204 125 70 116 175 41 187 193 8 98 64 45 180 52 66 70 90 62 37
    221 11 198 216 214 141 211 53 116 212 252 243 210 109 199 42 161 215
    137 46 79 121 224 81 231 88 64 145 117 137 35 135 185 234 48 190 106
    153 65 215 37 119 104 240 124 207 255 196 251 200 223 183 249 130 68
    22 163 186 232 130 185 53 249 8 243 130 251 168 86 187 247 135 124
    17 39 43 229 74 167 188 49 4 179 128 159 227 156 120 30 171 21 235
    243 34 93 49 139 137 235 215 78 147 119 54 202 142 54 0 24 5 225 35
    198 98 223 236 236 76 113 229 132 83 243 58 83 225 199 178 214 55
    137 92 255 214 251 104 159 218 119 200 20 254 40 105 159 103 45 159
    31 73 243 180 89 62 196 199 48 87 38 241 218 138 190 245 181 148 162
    142 140 61 180 80 185 92 156 42 110 193 192 121 22 31 185 159 200
    153 187 64 71 60 231 70 246 147 150 13 87 122 101 193 12 169 220 60
    199 111 124 171 99 40 20 87 30 223 15 177 242 103 186 90 1 221 187
    81 182 16 8 139 15 68 211 72 140 178 21 90 145 207 247 191 210 129
    253 56 137 225 240 95 141 124 155 86 100 128 249 30 86 194 253 126
    31 57 68 89 13 126 135 112 43 37 205 190 171 51 23 4 253 31 254 57
    59 148 134 133 68 38 86 29 8 58 97 66 239 20 168 85 41 222 216 71 98
    146 137 99 54 127 197 82 72 197 184 154 172 94 126 28 42 133 233 125
    122 235 149 202 242 198 10 129 215 192 92 95 180 17 62 210 144 196
    10 79 99 141 191 235 132 207 43 73 120 23 14 163 207 225 28 31 95
    229 130 26 156 97 93 64 196 130 126 223 24 78 41 244 54 58 114 211
    99 160 7 255 44 144 186 22 163 46 45 27 190 55 244 0 60 39 53 93 208
    142 240 250 69 150 50 212 83 186 104 160 92 236 87 212 237 251 7 50
    5 63 249 111 146 132 218 77 105 210 80 8 109 202 220 95 51 106 203
    145 131 127 134 67 118 204 46 125 92 162 106 223 156 64 252 132 14
    121 225 157 170 112 6 56 123 169 193 176 53 76 180 223 75 217 245 58
    172 139 5 91 137 188 187 235 60 65 57 69 99 253 210 234 239 201 184
    74 147 218 214 126 192 230 141 133 48 207 6 92 1 49 182 56 8 175 141
    12 144 120 47 82 233 194 22 201 95 14 77 167 237 35 242 169 222 32
    233 88 208 201 63 108 188 45 241 101 109 22 88 10 91 233 202 247 245
    51 152 197 110 179 158 165 136 235 68 79 68 139 217 22 117 33 245
    119 220 244 118 37 189 208 205 77 92 194 154 60 143 209 75 119 103
    106 246 79 216 249 205 213 23 206 92 11 87 108 80 36 73 152 119 129
    165 20 190 163 125 135 143 81 2 81 140 191 53 45 100 237 46 159 47
    53 22 213 240 32 93 34 205 95 18 197 33 191 137 26 220 210 132 14
    235 83 155 12 193 108 110 236 239 122 23 184 85 190 139 243 105 162
    127 111 25 161 205 82 220 54 155 10 76 237 182 96 106 166 230 148
    116 166 60 5 29 172 173 143 86 253 142 62 107 249 11 241 253 33 235
    81 181 115 86 128 142 149 26 147 144 72 69 225 245 178 218 129 17
    162 125 226 22 236 175 70 103 132 55 16 96 238 67 188 243 59 48 89
    248 188 110 2 36 25 236 2 170 200 41 125 58 6 231 32 93 36 20 210 63
    86 164 41 235 66 254 58 73 1 6 234 18 52 231 184 246 193 136 197 124
    120 49 89 210 13 152 35 155 194 116 94 162 168 122 6 33 188 119 123
    88 138 213 106 235 255 57 132 21 50 170 162 43 1 104 87 3 212 213 49
    169 214 214 12 228 57 82 81 178 188 40 37 187 255 57 99 129 248 54
    137 112 89 55 30 186 8 95 157 56 95 41 89 233 103 211 194 5 82 62
    254 65 45 79 204 177 58 34 171 72 8 183 155 77 179 5 77 81 166 130
    133 16 106 11 110 140 244 221 209 153 255 103 65 178 34 18 176 118
    34 91 29 205 36 170 217 45 69 203 15 125 211 214 170 8 110 65 243 38
    206 189 71 74 93 96 171 16 230 158 224 3 246 76 253 254 81 179 244
    46 180 217 26 7 34 203 17 202 149 218 129 186 40 110 56 103 109 191
    129 107 203 218 3 120 229 92 248 21 72 163 92 16 109 67 201 122 144
    148 160 224 249 221 58 102 17 37 62 116 189 92 20 141 142 178 228
    189 250 139 188 229 124 183 41 62 181 81 172 196 179 111 75 169 17
    55 233 108 239 184 193 26 54 139 131 106 74 157 53 180 84 145 107
    146 145 184 211 35 146 190 80 184 119 225 133 229 112 175 112 52 138
    177 97 43 94 115 73 13 125 61 175 138 220 47 69 118 240 12 214 205
    133 160 29 243 9 8 145 20 52 177 189 129 119 159 173 124 48 35 140 7
    82 1 204 30 179 99 250 226 99 95 64 193 225 198 222 174 205 253 97
    160 38 78 0 224 132 99 28 133 153 177 75 100 222 144 94 158 38 172
    155 217 93 62 148 122 230 22 208 97 78 205 115 52 72 253 246 73 126
    232 45 175 175 100 111 39 34 117 58 151 137 102 48 109 183 15 232
    129 162 78 15 97 235 177 216 125 172 176 56 134 23 128 230 190 237
    12 91 232 236 184 255 200 10 58 230 193 58 162 207 86 42 207 37 136
    123 249 27 240 120 166 221 67 38 118 103 126 142 214 228 23 94 210
    110 69 21 44 252 125 191 100 101 229 246 72 24 121 232 1 39 66 146
    77 200 88 190 168 230 180 53 24 30 49 74 175 0 139 192 199 167 180
    65 34 216 159 58 190 222 232 122 209 138 215 244 205 69 185 3 65 111
    27 126 50 227 179 229 68 3 123 93 227 144 140 197 120 194 8 254 16
    23 165 42 116 121 165 165 0 24 85 227 118 65 60 82 192 233 39 204
    143 29 243 62 214 171 23 14 46 147 21 139 138 245 190 156 22 76 63
    156 92 72 79 54 84 105 60 78 231 217 109 235 49 189 69 97 31 13 63
    176 73 37 126 229 67 104 56 79 145 2 142 87 51 111 11 189 76 81 231
    232 164 115 127 230 49 178 232 129 123 115 147 65 244 170 169 166 15
    30 96 209 109 155 175 232 8 46 211 162 30 160 168 252 186 192 200 41
    160 95 39 215 134 111 105 82 204 151 220 16 215 93 112 66 67 175 240
    124 225 15 24 63 36 187 155 30 31 42 127 150 171 19 145 145 0 90 75
    219 18 26 232 103 70 70 59 128 79 100 122 110 92 164 92 89 161 235
    243 78 226 86 237 180 170 163 12 120 54 219 17 58 55 106 44 227 94
    24 168 176 98 148 106 211 37 71 248 152 54 175 84 36 80 31 177 45
    194 49 242 159 45 222 192 67 113 79 161 27 83 107 136 188 150 102 13
    11 87 218 238 226 90 228 228 73 155 77 117 165 48 2 101 92 239 64 13
    86 15 177 10 89 11 221 6 11 9 75 205 121 113 202 241 95 191 164 167
    0 51 74 77 203 25 48 230 127 135 194 227 214 255 119 95 156 152 38
    69 103 45 126 171 29 30 228 181 131 22 254 121 204 144 64 41 129 230
    4 77 41 167 20 193 231 51 58 173 189 44 109 143 1 29 15 149 188 203
    34 81 212 53 245 115 154 226 62 73 94 170 110 146 1 16 94 200 247
    121 27 170 209 4 83 83 228 191 126 168 61 185 17 3 168 85 187 74 144
    62 195 52 158 29 186 190 61 119 197 249 169 197 201 71 87 55 30 36
    80 12 155 68 37 162 135 78 18 213 162 134 138 31 87 102 246 173 30
    166 50 171 64 221 75 224 31 217 73 50 254 127 251 213 227 55 152 94
    137 151 236 7 141 200 73 44 153 133 210 61 141 212 124 23 168 20 185
    83 71 133 86 196 184 176 148 6 141 125 210 61 216 26 219 84 200 204
    11 35 145 156 40 102 130 76 205 211 68 230 169 209 60 158 206 60 87
    227 87 35 16 190 185 211 41 129 247 129 88 67 5 25 193 156 239 83
    193 13 189 148 213 20 152 151 182 40 166 196 93 214 6 216 10 255 190
    172 80 241 8 225 7 42 223 201 78 187 233 41 200 167 132 114 0 180
    237 248 124 229 241 96 5 212 25 224 139 142 61 33 225 212 12 176 227
    48 110 82 92 183 202 111 246 229 102 82 96 45 229 86 186 251 7 128
    61 75 178 141 189 246 57 148 247 136 153 142 73 185 124 126 125 131
    197 7 2 159 251 157 18 64 89 147 200 86 228 18 218 173 149 180 22
    250 11 251 249 253 181 250 17 250 11 216 123 185 121 7 151 232 65
    252 110 64 238 227 109 93 233 105 125 11 25 213 203 21 227 84 170 97
    230 245 122 144 235 189 52 228 140 48 113 64 184 162 241 185 1 31 35
    63 19 185 235 89 217 59 174 220 144 224 140 73 219 227 199 243 57 71
    36 85 119 212 98 6 132 139 223 91 198 209 92 69 114 18 145 99 89 230
    29 59 145 155 179 39 11 193 47 252 177 158 185 161 61 90 186 147 93
    250 3 192 16 218 29 78 110 26 213 111 39 68 137 4 50 148 198 60 131
    57 197 23 16 84 30 125 18 107 174 228 1 129 250 164 40 4 173 230 2
    40 49 81 237 15 147 214 134 255 245 18 222 101 122 97 22 214 49 88
    96 148 173 21 136 9 79 210 39 125 67 245 145 156 146 14 103 76 203
    49 107 116 247 51 125 51 78 56 170 240 30 103 140 215 182 30 31 17
    243 247 230 99 135 11 80 182 246 36 175 18 2 67 119 143 55 176 46 57
    234 53 160 122 118 252 36 235 180 15 7 101 173 70 171 206 203 132
    144 173 128 201 93 201 91 89 101 97 190 101 45 232 155 191 82 24 157
    228 158 35 135 212 214 72 160 65 88 36 47 151 213 249 48 148 158 59
    141 32 149 145 40 47 237 47 30 211 132 128 196 124 176 149 149 42 1
    42 8 82 86 123 26 212 203 75 113 128 252 162 95 241 215 96 85 34 53
    87 194 98 46 29 167 242 79 166 230 56 91 5 18 204 113 238 88 161 252
    255 97 157 36 142 76 199 101 97 111 215 150 95 34 14 248 251 33 127
    55 140 129 107 202 37 26 145 50 182 152 44 34 182 111 159 170 62 105
    91 65 227 201 251 130 154 104 38 83 59 254 221 134 66 139 35 39 172
    105 68 254 131 196 209 42 177 145 254 5 122 244 93 42 223 211 12 93
    15 6 102 237 253 128 64 26 180 126 223 180 5 140 123 38 234 178 153
    68 20 178 24 251 119 146 70 209 97 214 44 190 2 18 119 73 94 0 134 1
    216 231 191 79 92 199 201 163 69 5 244 234 216 234 96 78 126 70 153
    121 154 198 66 187 17 232 57 169 240 177 199 74 233 194 198 19 142
    176 254 154 238 65 89 162 249 184 218 59 95 47 201 70 227 75 153 123
    167 44 215 245 148 111 160 13 26 234 59 87 221 254 123 109 233 15 98
    95 223 244 125 178 40 107 253 85 213 222 68 40 195 221 170 182 3 195
    120 216 170 136 1 191 6 171 169 49 231 199 118 45 172 205 243 223 49
    224 121 113 204 87 176 13 13 124 21 100 65 24 73 100 184 173 72 128
    120 149 140 127 126 106 57 222 169 168 30 163 222 150 129 75 183 213
    55 223 103 90 21 121 40 185 153 220 61 94 222 214 237 207 15 130 103
    101 182 197 169 80 207 124 54 40 155 93 142 49 238 86 230 85 47 159
    61 147 247 205 212 156 252 183 135 242 106 160 140 244 154 201 204 4
    163 54 1 28 237 190 241 238 81 56 194 129 14 225 1 105 26 124 97 68
    32 185 6 127 235 249 9 97 81 155 12 74 69 21 151 211 232 15 234 12
    181 23 146 124 20 222 240 150 228 199 2 139 183 177 227 36 66 211
    116 9 12 125 70 157 136 10 60 214 164 59 102 134 68 246 41 38 151 59
    240 180 143 210 152 15 111 13 12 190 245 91 27 251 18 18 55 21 171
    88 18 246 242 49 169 67 16 61 25 188 211 59 38 228 96 245 244 137 97
    61 83 94 39 95 163 120 246 202 62 114 170 50 119 118 233 214 222 79
    89 78 8 90 105 33 250 135 224 63 214 82 71 26 14 83 109 140 131 66
    81 221 206 239 78 224 25 141 33 180 126 48 139 205 142 185 223 136
    76 229 194 222 188 248 183 164 158 97 168 194 34 236 240 109 164 176
    219 63 252 239 220 54 188 118 96 2 109 245 38 243 240 198 143 144
    201 135 102 160 226 28 42 153 168 145 249 235 41 97 242 231 106 217
    245 80 166 184 176 78 238 158 171 249 27 238 10 24 216 209 66 221 24
    69 59 119 68 127 128 171 78 53 151 9 79 49 6 46 166 85 13 229 148
    239 31 43 166 57 111 60 31 16 79 137 207 84 142 42 72 244 114 160
    118 206 241 191 158 201 234 188 242 192 39 149 163 89 235 213 197
    250 155 230 53 241 253 177 155 31 222 187 20 65 165 216 190 249 184
    120 243 246 165 151 168 180 217 189 78 90 196 99 21 154 227 85 57 15
    100 3 188 100 28 30 7 105 158 21 127 197 185 216 13 164 217 5 101 16
    78 46 178 252 234 229 245 203 155 167 37 73 53 52 55 152 1 32 82 195
    22 206 111 207 163 122 226 27 200 127 138 139 36 164 21 80 67 14 127
    75 240 66 160 205 170 52 107 68 122 247 201 142 163 164 246 7 14 122
    225 167 209 22 45 98 215 182 208 253 148 70 249 70 119 7 149 224 211
    94 209 202 8 72 142 123 42 244 14 24 61 53 40 247 231 28 128 125 28
    156 179 70 45 28 250 60 139 1 77 230 221 52 241 10 45 39 148 174 144
    79 159 99 147 145 43 32 206 71 215 35 252 248 17 2 64 155 194 144
    237 188 101 32 141 102 188 62 26 29 34 67 255 60 210 102 133 170 167
    157 205 56 238 49 116 245 153 62 128 150 230 243 227 6 106 249 196
    211 46 69 234 137 209 190 148 95 49 96 198 52 90 120 177 71 240 191
    204 111 96 252 206 141 84 4 185 29 146 72 22 176 237 227 175 231 42
    190 23 108 93 110 121 196 132 10 33 76 247 189 93 245 107 204 187 39
    52 238 167 17 167 46 1 199 112 117 78 143 217 81 5 24 255 154 58 230
    218 196 70 236 40 198 203 25 23 69 142 56 254 98 243 155 190 235 35
    218 140 20 142 20 20 193 123 65 155 1 91 98 227 26 210 213 222 89
    216 127 37 216 46 166 53 255 126 32 72 254 216 40 223 217 10 246 63
    19 43 156 97 140 56 117 116 100 206 141 202 150 32 229 219 15 207
    226 75 157 77 220 254 229 65 216 161 242 167 109 250 31 184 186 145
    199 106 248 48 121 24 73 151 63 135 149 154 175 234 89 192 117 249
    60 40 119 185 43 157 226 75 188 31 16 163 186 67 193 211 15 146 163
    123 174 41 232 92 97 253 230 178 62 82 249 253 240 65 73 81 169 205
    180 49 245 123 2 128 135 12 135 255 125 204 121 142 28 109 99 13 74
    92 33 125 61 219 47 61 104 116 1 107 230 70 0 95 130 158 203 123 149
    65 94 226 96 23 194 62 14 102 194 30 61 247 92 75 253 47 21 243 109
    111 186 224 0 56 235 207 196 112 196 183 59 141 35 143 252 34 186
    242 201 179 158 189 116 44 145 169 29 74 73 204 134 187 23 76 26 186
    133 226 245 39 97 214 102 241 51 251 138 19 95 238 54 166 211 134
    168 128 252 59 212 105 180 233 67 149 80 139 243 97 252 32 210 91
    162 237 246 117 132 58 115 221 196 192 1 239 95 201 151 42 90 123
    243 218 109 54 170 106 97 93 215 206 171 118 212 183 41 157 217 252
    247 85 161 31 70 76 134 5 245 44 164 218 165 248 114 117 252 179 69
    233 115 241 59 238 64 48 57 50 83 177 169 218 125 220 84 102 5 124
    98 255 68 83 69 208 214 48 75 71 169 100 115 251 255 199 40 53 39
    121 134 12 224 123 64 74 14 214 177 94 37 161 44 254 53 84 254 11
    127 244 4 218 196 3 161 173 19 186 101 173 48 151 250 247 64 243 54
    245 145 105 111 161 180 37 166 196 44 252 233 50 54 131 46 231 174
    73 56 208 202 119 177 120 173 225 225 76 44 134 181 241 172 29 92
    147 225 95 202 56 55 123 64 154 206 49 198 199 244 68 71 218 215 132
    56 48 47 108 40 138 23 24 190 93 25 52 96 232 92 17 246 172 163 253
    77 49 168 37 248 16 139 51 105 212 138 92 180 98 99 125 197 222 22
    89 72 54 29 119 183 45 62 101 1 89 166 251 203 42 87 106 114 162 240
    0 129 52 101 233 253 72 234 37 242 133 247 5 125 43 202 127 221 77
    67 254 243 255 11 179 218 32 208 253 176 139 27 90 29 253 136 2 25
    25 192 204 223 251 209 176 130 222 8 231 41 43 218 209 184 86 87 200
    224 218 185 252 194 99 77 94 32 139 106 14 108 33 73 92 203 218 86
    202 1 191 115 87 166 22 216 234 214 220 218 116 85 222 88 192 83 131
    175 97 233 241 150 36 79 197 131 108 189 139 95 108 239 17 131 19 38
    133 246 205 169 179 100 8 240 47 186 251 115 81 3 42 35 90 8 84 88
    172 137 194 82 169 43 210 77 221 2 240 23 194 114 85 216 173 241 171
    195 166 175 136 6 160 19 221 228 147 172 239 73 179 108 53 81 195
    245 222 68 124 223 124 155 112 186 154 191 194 16 124 74 101 3 223
    172 135 210 27 245 82 71 92 148 211 35 13 102 113 32 41 218 213 246
    235 67 69 223 164 209 41 208 160 254 146 157 42 224 113 115 114 106
    70 255 76 37 235 69 45 69 219 111 207 54 49 12 86 78 135 243 72 3
    145 121 54 89 206 78 2 243 187 154 197 173 58 196 57 92 5 141 236 19
    48 61 112 39 105 11 46 148 65 140 75 69 64 233 224 247 197 52 239 82
    231 128 154 131 25 162 39 181 201 66 1 3 185 150 2 114 102 101 212
    198 189 36 43 26 206 131 54 152 97 22 44 32 199 226 217 91 192 125
    97 143 88 251 193 152 184 203 120 161 131 219 233 251 170 60 216 208
    77 9 7 90 202 84 87 233 118 137 54 200 131 97 154 239 41 224 32 185
    193 126 104 188 104 70 30 162 118 252 78 75 135 235 61 29 171 72 192
    29 102 49 13 44 54 4 146 231 64 188 86 7 26 229 126 8 146 216 17 0
    41 244 157 171 210 178 191 151 255 180 189 39 20 247 79 16 47 1 34
    228 46 186 43 242 145 125 64 157 122 77 153 94 30 158 118 212 141
    182 229 128 18 45 76 49 243 43 212 102 249 176 227 121 76 53 83 249
    153 58 195 30 139 204 182 72 37 125 71 164 182 73 206 250 125 49 168
    165 22 55 174 188 72 157 41 61 12 122 34 167 189 221 206 192 194 136
    106 211 227 129 194 199 92 105 180 177 146 149 36 133 235 19 134 68
    151 16 226 150 179 229 218 240 17 142 190 144 60 209 32 176 221 208
    82 188 139 6 48 139 1 222 59 253 11 12 105 44 51 108 8 240 177 181
    201 213 170 35 119 114 1 122 152 209 49 233 97 148 183 170 79 79 142
    7 14 195 55 6 83 196 97 102 84 83 50 141 35 205 36 63 26 67 77 159
    58 246 152 10 234 86 242 243 106 177 240 92 90 23 168 251 147 230
    222 30 23 1 22 130 17 132 224 65 118 66 44 220 73 10 90 162 78 6 247
    62 251 213 183 183 16 82 194 82 60 249 106 197 174 173 148 218 241
    149 59 22 210 53 149 27 186 138 225 139 203 185 250 29 241 227 62 10
    180 106 252 101 74 61 91 69 213 202 95 38 251 218 218 16 184 235 54
    124 180 141 237 105 244 26 212 184 63 197 121 167 70 79 197 231 147
    153 254 79 195 96 67 169 255 163 156 176 195 51 110 129 93 232 146
    252 248 216 254 113 168 60 209 155 146 114 132 28 61 55 130 142 0 30
    29 184 176 154 238 95 85 230 253 72 2 197 239 109 239 129 211 182
    185 255 238 219 225 178 11 220 108 252 70 241 132 113 89 116 129 253
    216 219 8 63 21 76 89 51 93 72 52 216 45 3 181 194 94 181 7 205 159
    0 98 108 33 191 4 24 241 0 82 48 8 200 42 100 25 80 218 157 9 11 202
    230 189 124 114 46 21 214 5 193 206 228 57 0 141 12 158 255 127 40
    242 201 231 24 64 128 250 229 207 120 72 131 242 98 129 73 29 42 46
    49 68 103 129 130 215 58 106 157 197 29 94 124 189 59 81 5 128 100
    99 227 235 111 103 18 248 214 167 199 175 16 145 237 161 91 203 197
    15 50 95 201 235 187 146 71 2 77 130 52 237 166 196 153 61 103 122
    237 249 51 212 177 188 179 243 234 182 83 188 115 25 234 90 39 50
    233 118 246 85 67 75 150 215 184 229 210 75 125 27 106 30 169 126 16
    94 28 160 181 14 63 90 30 178 244 122 218 253 85 171 218 182 104 18
    226 44 153 12 220 38 207 199 164 26 122 166 84 157 48 233 139 35 217
    161 5 250 143 148 174 32 125 119 233 211 104 57 200 47 65 26 28 250
    233 245 148 63 54 221 202 69 152 146 106 43 41 80 240 127 163 250
    147 138 168 78 226 181 101 181 251 64 52 106 54 13 216 48 2 81 211
    108 241 84 112 7 255 44 19 132 197 8 30 181 25 206 30 49 239 168 176
    116 148 7 174 42 14 144 78 166 58 51 156 13 126 183 116 92 65 149
    185 4 202 237 158 0 251 91 117 181 131 198 134 68 78 9 60 62 9 15
    151 194 55 163 71 172 43 42 38 158 19 85 113 159 43 205 92 255 171
    233 41 157 17 99 182 121 38 246 5 187 109 34 205 117 137 148 130 180
    194 172 125 68 113 247 128 105 51 18 244 157 65 126 110 215 87 159
    78 200 62 64 2 138 160 63 110 228 110 182 29 189 112 7 75 51 149 54
    194 16 86 35 26 187 131 238 25 125 42 160 236 57 123 152 212 88 155
    24 182 149 116 217 233 208 25 212 243 12 2 57 73 1 145 106 245 97
    104 125 186 110 151 30 94 109 30 171 10 230 71 139 7 179 42 49 180
    214 175 204 254 136 223 100 96 154 180 239 127 174 50 148 177 61 41
    69 196 166 188 220 83 99 41 193 158 99 129 60 79 234 197 181 215 7
    117 15 106 48 200 194 132 21 158 175 173 12 221 230 114 6 105 225
    114 164 133 81 192 16 116 160 60 142 80 149 53 237 130 184 115 197
    174 31 228 180 104 133 116 100 224 54 38 64 135 133 64 43 168 83 150
    134 135 115 130 228 96 172 129 24 45 208 240 99 36 57 192 242 0 48
    97 34 147 50 194 168 118 124 168 172 174 104 102 123 161 89 187 102
    164 134 67 245 21 157 175 23 194 102 156 196 34 7 143 122 109 159 94
    137 200 72 5 64 176 221 199 185 115 177 6 190 68 89 130 186 209 72
    59 66 224 31 197 155 129 179 96 105 177 110 254 62 96 139 125 246
    247 165 131 183 236 167 34 35 101 204 83 107 190 80 62 224 146 98
    126 50 3 52 112 100 63 33 51 54 81 58 193 123 236 141 151 149 36 164
    227 120 16 49 74 151 109 144 9 162 147 32 194 188 178 129 124 123 79
    179 221 10 37 191 48 73 234 60 119 162 159 55 198 105 107 102 237 30
    196 151 200 70 67 93 192 173 99 103 181 77 198 178 235 49 153 135
    108 51 123 40 189 193 196 4 46 8 96 51 191 229 219 188 228 150 66 46
    167 218 51 72 252 21 138 163 91 108 237 152 26 176 40 59 148 205 98
    38 72 84 38 230 33 91 8 115 104 112 222 253 231 47 77 201 223 140
    145 62 254 91 63 49 107 80 59 93 241 23 129 54 252 173 4 196 228 205
    85 157 112 72 42 157 209 56 204 105 140 235 201 39 179 96 6 162 67
    118 71 38 140 211 33 193 110 28 180 116 70 61 98 128 192 215 237 86
    180 162 120 244 51 230 57 242 224 28 231 213 183 209 53 193 192 208
    169 15 168 97 248 98 164 43 0 195 108 64 55 172 250 186 190 79 102
    38 72 186 232 117 25 190 21 88 83 190 218 75 212 103 253 33 214 186
    199 137 116 245 173 10 252 12 223 253 145 32 27 137 89 73 133 74 191
    130 109 62 38 139 27 71 63 173 198 184 140 107 55 252 173 143 99 19
    41 167 154 42 203 162 147 102 104 59 254 250 200 245 247 224 7 97 88
    221 110 105 218 85 173 20 4 42 220 141 251 57 226 249 145 189 151 53
    46 130 60 215 132 36 255 155 109 98 74 112 198 202 16 143 213 90 176
    56 61 156 42 167 181 146 17 196 149 101 17 137 31 41 195 42 238 98
    18 208 180 141 3 79 228 121 1 127 160 240 236 179 212 38 216 90 78
    150 27 192 0 237 125 17 184 140 220 110 138 249 70 145 224 56 189
    163 41 147 99 30 157 116 171 63 245 65 230 178 93 47 137 217 103 44
    11 250 211 83 231 158 190 155 217 165 8 1 148 159 231 1 250 25 47 76
    24 141 65 199 42 73 232 100 139 240 236 55 131 41 86 12 23 170 227
    34 23 16 75 151 50 182 165 79 139 161 242 10 135 81 100 248 182 38
    73 98 223 148 124 232 61 65 160 76 52 100 242 254 80 62 82 5 123 80
    57 208 120 179 202 71 80 127 197 101 165 13 65 116 193 221 28 73 190
    26 29 0 163 150 34 46 123 36 212 39 24 236 102 231 228 224 217 87
    121 245 251 200 50 52 189 63 132 57 199 179 241 93 81 86 182 97 38
    27 137 101 199 150 245 217 24 207 85 194 195 64 180 208 138 47 134
    112 59 133 248 118 234 223 221 31 101 115 54 74 203 101 130 81 212
    154 97 153 132 137 230 133 129 243 103 174 203 226 209 105 225 63
    252 109 22 9 139 239 94 118 3 23 93 250 84 86 15 204 87 7 112 120
    192 80 129 227 198 192 81 57 205 180 21 248 13 187 204 99 250 201 26
    163 247 156 116 0 2 253 52 164 3 189 216 27 201 136 136 242 17 239
    178 194 154 59 208 5 249 110 226 88 246 202 172 150 57 109 248 77
    169 2 21 201 182 109 12 166 166 207 177 93 17 118 30 247 212 163 227
    79 194 20 14 200 55 36 202 155 30 220 110 53 70 153 232 199 237 174
    102 126 82 80 214 11 214 158 47 6 126 130 109 26 232 124 191 148 166
    58 129 115 40 210 210 75 222 119 91 101 122 138 22 46 156 75 190 42
    159 135 193 42 211 183 149 20 203 216 82 130 209 27 254 54 253 111
    126 57 164 255 213 0 65 33 85 203 45 244 253 4 150 193 152 219 213
    210 149 159 103 246 191 59 225 28 227 151 217 229 89 16 27 133 22
    195 43 199 218 77 164 135 84 14 80 240 156 204 223 194 165 96 75 140
    33 164 229 254 189 238 155 167 130 254 26 169 147 198 0 64 93 160
    251 182 244 211 203 65 153 181 106 159 236 2 218 166 19 58 80 198
    198 32 17 26 118 172 96 69 169 106 201 242 77 90 251 154 212 138 31
    254 147 71 97 64 79 31 21 30 70 244 205 210 230 133 232 235 220 227
    226 178 204 165 226 210 192 117 164 253 122 161 181 72 112 156 134
    247 162 97 211 255 195 39 233 163 49 21 141 58 58 59 182 38 43 234
    18 248 224 229 106 111 58 90 194 51 95 25 205 254 248 210 100 189 80
    237 163 133 150 198 133 59 205 168 135 191 86 52 191 77 94 37 154
    229 129 74 250 127 113 180 146 97 222 51 160 230 83 40 145 40 35 249
    84 236 217 238 157 118 43 21 29 154 210 210 237 148 125 199 241 176
    66 102 197 41 202 141 21 190 177 58 228 127 29 176 127 227 162 219
    63 47 96 65 232 99 132 61 204 252 75 47 34 64 150 77 57 250 230 8 89
    149 13 195 42 55 210 224 31 218 6 20 93 210 66 254 95 199 68 182 79
    55 186 198 171 120 218 155 248 113 253 173 165 151 35 178 137 86 92
    139 239 242 135 215 206 223 54 214 58 121 100 11 117 93 206 33 37 13
    11 131 216 27 103 153 150 197 6 119 142 152 88 201 172 231 210 174
    52 63 104 202 0 46 215 207 48 231 120 107 205 130 124 34 78 31 29
    176 190 139 225 137 12 193 99 186 177 209 53 131 150 109 127 183 1
    234 129 57 141 104 193 188 107 180 115 181 21 135 169 154 70 106 252
    223 38 191 41 234 53 38 27 254 28 105 243 14 25 39 117 171 125 179
    88 230 235 75 231 54 1 207 152 205 191 34 130 62 36 41 229 32 71 19
    86 36 192 90 48 91 106 45 120 187 59 48 197 1 103 138 170 15 246 179
    63 105 183 64 208 103 225 17 66 50 229 40 137 70 248 154 67 229 88
    76 0 193 229 69 131 143 165 93 171 37 252 43 174 44 79 130 91 49 216
    110 188 21 74 187 62 111 13 220 42 119 107 240 216 101 1 204 86 37
    188 187 74 149 199 93 254 50 202 251 241 200 16 255 251 69 214 83 71
    55 139 123 188 243 149 93 243 173 46 56 184 52 165 208 236 88 154
    121 170 113 210 188 208 208 238 224 19 55 95 190 210 139 208 17 164
    12 129 233 18 91 144 20 11 90 184 92 35 181 171 206 213 40 72 79 2
    123 112 45 17 29 86 200 22 237 217 235 182 203 225 231 169 218 24
    183 57 13 251 43 2 249 127 248 175 152 111 148 177 36 114 0 184 190
    37 56 255 74 241 249 186 2 161 198 254 172 125 212 8 37 238 73 9 231
    165 166 111 131 187 133 115 10 18 63 180 165 186 236 254 44 212 209
    246 105 193 71 151 197 139 200 232 63 157 16 118 70 108 178 165 213
    160 142 96 57 135 221 122 125 103 155 84 238 104 255 109 135 162 43
    198 85 56 114 207 44 105 85 59 168 35 0 164 108 203 172 53 62 116 7
    58 199 51 141 5 171 145 200 144 188 251 161 190 212 175 87 182 195
    249 115 102 19 67 237 233 224 175 59 49 158 67 80 44 74 193 232 168
    74 229 5 8 196 224 231 88 86 70 254 92 143 166 130 236 70 41 226 162
    189 207 94 176 10 161 128 99 52 173 202 157 48 31 47 235 150 49 186
    46 168 211 108 60 128 46 194 117 51 180 169 93 98 8 15 124 101 209
    197 3 195 132 220 125 156 42 154 201 170 200 240 148 218 216 86 196
    201 233 84 95 66 156 149 142 214 125 245 45 183 233 46 141 63 25 209
    160 9 193 87 236 123 103 61 0 215 35 223 69 218 22 184 31 46 170 110
    129 130 160 54 106 63 204 181 51 125 143 150 5 126 221 70 11 36 158
    217 111 199 138 115 92 204 227 157 166 156 156 29 154 22 168 174 196
    124 235 175 124 192 12 46 185 40 11 228 166 227 93 163 231 92 177 99
    222 93 31 191 227 5 213 34 118 185 203 209 54 222 126 16 19 222 158
    127 157 2 194 138 188 81 251 170 77 51 63 162 47 149 15 165 219 102
    51 85 197 172 189 76 243 210 82 8 59 246 7 247 67 187 31 131 174 26
    178 81 191 137 63 177 190 2 250 187 18 6 119 111 156 240 181 6 100
    161 162 97 94 228 225 82 208 254 242 57 3 191 151 193 47 95 186 96
    30 213 98 138 171 108 117 128 255 97 227 89 212 0 26 20 243 140 172
    194 120 165 138 128 2 59 183 88 58 56 30 69 216 24 58 191 21 228 14
    144 42 169 99 149 254 241 87 61 31 55 100 150 4 135 88 117 102 36
    126 125 247 174 229 229 128 160 28 158 246 50 159 157 79 1 202 44
    157 218 175 81 113 9 123 66 19 167 122 71 227 134 139 255 142 146
    202 79 107 20 87 13 225 44 1 46 41 109 181 80 42 166 0 18 67 121 226
    214 182 187 175 202 114 81 159 50 246 177 82 214 77 245 173 166 172
    137 112 142 166 175 152 56 168 88 222 213 49 92 50 31 66 231 17 169
    90 17 160 126 92 176 15 242 200 226 62 135 43 86 27 20 45 103 31 187
    189 228 178 131 116 199 105 107 25 144 133 15 201 93 65 88 82 160 86
    149 73 38 37 143 170 16 234 3 26 246 227 111 96 99 69 75 140 140 68
    167 239 124 121 138 18 33 20 77 52 59 73 229 215 1 76 131 122 238
    238 31 13 163 230 4 176 196 58 57 124 99 108 226 252 240 183 149 125
    238 245 68 135 235 199 38 131 186 252 212 124 56 216 1 31 186 87 133
    219 45 210 249 8 124 36 252 27 104 157 45 189 72 143 98 159 182 120
    109 17 213 10 78 163 241 40 142 162 74 214 13 125 109 244 64 70 163
    17 39 21 82 11 150 114 22 61 238 205 20 159 117 244 65 187 186 86 43
    237 194 147 151 67 4 129 202 116 192 41 85 193 128 249 249 51 51 158
    58 213 82 239 107 136 96 164 183 53 239 226 167 21 141 126 57 90 11
    121 226 147 20 5 219 36 253 241 216 82 246 151 14 235 121 191 54 217
    119 156 230 226 165 243 111 167 142 233 58 127 232 242 238 108 10
    200 189 171 167 34 222 109 117 79 183 39 80 191 56 193 147 211 102
    57 203 237 97 54 104 158 103 99 144 189 162 228 9 22 127 100 126 155
    105 20 109 204 183 88 199 127 218 133 93 248 243 73 249 122 67 245
    250 192 46 112 99 81 208 17 185 136 194 157 58 26 70 83 159 248 34
    154 22 187 100 19 243 219 42 166 6 243 86 172 36 122 253 154 232 152
    29 170 186 159 173 14 126 246 73 219 16 48 116 242 115 3 182 143 114
    50 219 44 48 247 123 234 10 172 190 153 19 189 210 167 207 131 29
    146 10 232 206 185 223 179 247 157 77 182 75 246 84 249 150 244 205
    141 211 154 83 162 187 70 147 183 170 67 137 77 109 131 97 37 150
    117 165 102 163 82 25 99 181 247 152 75 178 189 104 201 207 38 144
    199 140 231 227 98 191 62 107 92 30 149 90 238 26 52 53 115 250 219
    194 252 231 86 236 252 221 20 203 102 213 219 166 188 71 37 161 186
    200 68 31 71 201 89 4 65 178 35 83 78 40 139 231 173 231 214 167 160
    23 24 38 130 139 53 65 162 126 249 170 225 156 209 130 2 44 6 101 64
    242 155 152 188 52 125 68 113 159 137 198 207 45 66 241 56 82 196
    146 48 183 50 13 159 62 245 67 67 85 185 252 236 165 153 176 50 221
    80 187 211 140 65 33 229 208 150 107 94 116 71 231 198 163 65 198
    134 116 230 30 191 12 75 145 3 68 212 251 36 127 57 30 245 223 121
    136 149 173 248 8 146 66 218 24 136 48 230 58 33 21 84 27 189 42 177
    249 29 251 117 251 187 122 252 72 228 170 48 205 44 130 223 10 161
    13 224 75 155 2 48 249 191 225 154 98 52 228 254 70 253 122 159 64
    38 38 230 211 224 174 194 185 82 225 214 97 100 27 216 130 235 33
    133 171 132 244 7 175 34 10 174 156 224 150 208 132 3 234 141 147
    254 65 146 164 161 209 211 217 225 226 140 154 68 2 216 37 233 34
    235 7 25 25 185 177 185 101 196 242 216 213 224 91 60 65 13 85 98 79
    155 249 48 230 91 155 144 208 119 179 87 84 109 194 92 114 84 151
    108 25 180 146 85 9 49 213 6 8 180 124 210 236 88 22 135 190 169 115
    57 84 52 234 81 105 205 196 61 31 204 101 25 136 232 112 219 238 148
    110 78 62 146 71 223 65 60 170 191 52 28 119 246 114 149 55 187 112
    86 5 245 66 228 190 29 108 71 146 5 213 216 193 25 170 237 62 178 93
    49 46 146 80 253 160 125 222 198 176 142 74 175 68 106 64 12 13 20
    84 20 12 63 30 226 114 150 58 191 115 64 203 113 163 24 154 9 217 18
    2 94 251 79 21 94 241 121 177 28 138 231 161 150 76 114 166 69 100
    255 121 105 138 35 174 73 161 14 202 13 20 198 158 134 3 161 24 213
    40 152 130 227 11 9 110 100 253 115 31 56 148 213 187 95 153 241 198
    134 36 70 176 60 142 194 144 47 91 78 176 130 14 68 181 231 102 58
    147 244 41 179 32 141 7 10 210 228 123 184 168 242 187 231 23 38 108
    230 224 213 84 91 105 205 151 225 129 109 197 33 170 20 145 112 96
    43 62 103 5 61 252 44 117 27 204 141 41 208 1 190 73 211 41 155 118
    73 143 171 157 112 130 23 239 102 165 209 160 161 225 26 199 84 253
    223 70 129 184 118 220 254 161 118 42 43 39 147 76 60 153 167 90 32
    180 211 122 3 56 182 86 59 217 159 2 245 75 219 220 93 55 199 122
    160 65 63 100 105 212 72 254 6 1 10 120 78 224 216 149 241 86 208
    240 13 204 96 104 43 116 105 59 143 200 215 189 249 198 215 40 0 156
    54 176 213 60 17 140 14 72 126 30 233 155 17 218 199 20 228 135 130
    210 97 59 233 24 255 103 20 140 133 201 236 20 40 194 191 90 39 159
    181 79 233 136 61 164 208 34 252 236 112 19 196 115 213 1 140 135 49
    14 219 171 149 178 139 230 246 91 214 248 46 36 10 111 232 121 2 171
    145 204 2 207 135 206 187 160 57 62 43 76 180 53 165 214 107 117 97
    39 231 40 177 151 254 23 198 110 212 88 159 121 33 201 42 7 156 25
    131 192 61 141 93 172 238 198 247 125 212 29 83 233 180 95 27 115
    166 163 162 228 119 155 28 89 169 66 60 243 185 188 34 68 188 132
    188 173 20 105 8 189 249 123 92 135 185 22 36 127 116 138 252 62 157
    181 62 13 199 13 102 203 68 134 33 162 206 196 52 252 23 249 21 222
    28 49 106 181 186 5 100 52 41 242 208 2 9 47 180 108 116 110 44 59
    126 164 104 118 192 216 22 220 105 104 201 56 217 79 130 90 41 54
    112 3 10 159 47 235 205 162 40 113 200 0 15 175 78 194 214 2 57 162
    123 52 105 33 88 3 252 172 24 90 49 106 30 197 107 79 174 103 204
    192 0 104 234 244 84 209 85 138 120 98 121 104 29 164 127 7 209 21
    230 135 118 47 33 39 241 7 121 222 178 88 13 17 128 162 92 239 206
    255 126 58 222 169 177 209 94 0 253 251 19 102 128 161 217 210 133
    113 113 135 199 231 134 189 16 114 55 232 174 66 0 205 199 26 205
    245 190 3 34 17 239 45 228 188 246 105 27 133 86 23 194 231 64 175
    216 171 136 1 186 131 229 29 248 218 42 137 88 52 96 46 45 142 171
    170 21 163 186 196 204 241 6 252 254 217 192 103 96 223 188 75 136
    93 255 92 125 248 14 113 80 117 159 205 69 4 235 126 34 61 53 132
    103 162 41 55 127 124 251 128 224 247 182 43 37 223 52 244 131 25
    219 232 198 87 121 239 116 232 54 147 18 201 206 120 92 117 5 42 2
    102 99 55 95 115 146 205 107 64 109 76 132 171 219 133 4 130 129 141
    40 147 32 253 33 183 62 252 202 37 218 25 82 206 115 80 128 128 143
    60 127 160 208 201 48 101 50 82 198 151 157 221 246 171 72 19 41 100
    200 83 137 241 89 53 28 74 225 87 219 16 22 31 202 91 126 98 173 198
    73 27 225 117 204 116 248 215 103 182 98 85 222 31 44 255 179 221
    122 66 113 207 7 11 37 74 205 56 152 128 126 189 66 190 40 111 152
    108 42 147 72 4 218 140 99 140 153 44 41 217 60 28 165 33 178 246
    183 15 245 192 4 8 233 99 87 10 77 153 42 137 77 252 236 48 17 221
    201 194 84 231 0 187 121 78 14 178 101 9 6 186 95 95 99 110 68 95
    136 242 53 158 242 242 191 214 227 130 108 113 138 5 247 82 198 201
    189 63 253 75 159 170 183 114 174 77 249 208 170 167 215 175 23 140
    190 1 109 210 203 45 138 101 218 254 29 32 43 67 215 36 96 67 28 254
    11 106 130 147 246 177 57 233 128 242 167 22 212 156 0 101 77 107
    208 60 41 146 135 91 94 135 225 235 9 163 12 39 63 188 126 37 159
    160 30 251 68 210 204 90 242 91 144 83 175 20 205 127 195 5 28 61
    145 243 61 8 201 221 141 235 61 115 196 100 71 217 171 64 190 52 237
    157 56 7 34 48 193 213 11 170 135 222 75 249 11 120 35 68 31 43 67
    133 152 231 0 21 204 228 58 235 172 231 89 249 220 220 137 9 159 138
    188 27 202 209 89 45 79 212 62 237 247 21 250 131 145 252 27 116 140
    227 109 123 243 227 85 97 185 228 255 252 216 200 92 183 221 234 201
    173 249 236 232 117 45 48 139 224 67 32 123 126 105 155 132 64 151
    69 197 62 12 141 87 100 183 204 201 89 39 109 99 150 61 18 195 78
    198 219 132 170 225 161 72 60 92 67 42 229 156 127 204 57 104 255
    243 188 95 157 241 143 72 11 232 136 106 253 186 39 36 149 38 111 74
    187 145 253 221 212 29 118 8 190 194 150 144 169 154 41 248 75 63 60
    28 1 58 239 146 27 2 103 154 246 167 247 24 188 182 228 250 169 240
    19 112 249 113 187 251 34 208 91 3 66 50 141 191 26 67 115 103 142
    227 153 10 241 19 70 225 212 174 9 81 255 122 156 41 16 221 3 191 98
    183 237 3 213 25 141 223 254 163 186 3 40 173 255 150 206 246 104 38
    33 97 170 246 18 192 149 138 39 152 192 246 15 105 89 222 215 147 23
    158 203 252 204 180 16 176 110 147 233 105 172 19 241 249 255 200 14
    220 10 229 110 193 225 159 194 83 204 148 96 149 39 252 189 190 58
    123 98 82 22 133 189 137 88 130 44 12 75 211 94 137 221 99 173 188
    205 61 253 156 106 97 52 149 17 255 9 87 166 57 230 17 183 174 138
    15 148 14 96 149 45 0 226 0 79 115 210 162 55 54 28 168 162 147 126
    183 212 94 236 5 113 190 3 12 190 150 88 70 123 247 41 54 218 120
    212 171 139 23 53 3 69 13 3 194 207 109 87 225 191 85 245 230 136
    180 67 226 27 128 228 18 37 15 134 164 23 240 132 233 53 225 61 133
    183 229 255 200 24 174 18 33 54 192 223 94 40 173 110 249 136 123 33
    68 203 101 109 180 51 201 169 81 84 60 244 115 146 138 187 130 28 48
    73 156 16 194 32 222 180 93 209 49 7 1 29 48 217 231 143 81 57 252
    86 75 204 127 14 46 221 205 63 196 210 244 38 69 66 45 47 50 23 39
    165 138 196 140 228 95 206 157 11 44 194 250 41 249 89 250 16 200 31
    143 255 38 81 144 247 92 203 48 59 128 160 65 74 234 177 135 0 129
    103 178 63 254 131 65 236 188 251 224 89 188 128 129 124 90 240 67
    23 68 122 124 253 55 166 112 23 75 29 6 160 190 20 193 145 54 213
    127 34 28 89 19 30 115 176 143 215 54 142 80 238 204 2 119 150 194
    11 8 30 202 7 131 175 225 166 246 62 123 236 188 139 135 86 40 28
    235 52 196 77 211 254 67 179 224 225 137 181 178 180 178 173 239 106
    180 124 144 187 167 37 221 171 115 119 46 254 225 237 247 89 71 65
    136 221 10 119 72 136 221 93 38 43 131 19 87 59 47 70 7 221 31 247
    136 121 128 106 225 101 32 112 88 210 79 90 124 101 217 213 50 155
    212 221 127 243 255 82 115 131 135 4 123 28 234 166 63 20 210 60 61
    71 102 67 58 242 136 10 134 169 167 108 171 183 76 167 51 161 120
    120 134 195 213 16 177 37 195 181 114 44 21 96 79 224 83 1 135 157
    162 149 186 241 199 72 199 244 42 104 79 60 227 249 21 80 167 103
    215 65 254 191 65 119 209 179 43 165 121 18 83 134 148 191 85 195 22
    116 29 210 31 122 224 55 53 81 96 223 60 247 100 131 34 122 238 253
    132 67 84 162 102 149 32 97 238 26 144 150 159 180 204 42 3 109 250
    226 7 83 46 155 81 192 190 12 9 35 61 166 136 203 130 134 156 238
    125 77 126 169 5 21 12 136 235 19 49 165 38 12 97 129 196 157 7 3 93
    2 1 65 132 47 199 157 215 249 172 1 125 238 72 82 34 164 118 53 37
    150 68 156 84 88 177 159 17 18 75 134 168 159 245 203 126 46 232 128
    241 253 214 25 119 246 233 153 143 81 203 133 120 63 237 9 127 250
    21 131 172 48 156 85 130 42 94 216 201 112 32 151 233 238 41 190 208
    72 235 186 117 253 240 109 83 92 123 234 158 98 143 104 175 132 0
    193 28 167 202 81 109 165 150 139 169 47 255 82 239 183 89 231 106
    95 239 215 232 234 173 12 242 64 32 33 186 190 57 60 239 211 232 238
    156 142 69 73 33 155 238 226 232 88 124 143 219 135 100 46 204 252
    127 210 68 164 243 186 124 210 230 158 67 126 56 26 206 203 156 115
    105 216 15 248 217 148 66 59 254 128 29 218 110 112 2 246 230 132 39
    156 173 105 25 213 164 250 219 87 122 152 134 221 179 254 113 191
    135 105 209 124 34 42 220 85 98 145 76 70 11 31 151 101 79 12 201
    248 166 149 145 105 34 104 169 1 249 99 160 138 240 184 208 68 83
    189 41 241 99 187 0 210 216 192 183 107 101 197 141 197 168 115 47
    95 27 190 126 7 154 103 106 155 69 61 99 238 94 163 66 51 173 229 20
    241 64 31 235 206 104 232 204 156 64 78 32 24 188 34 83 73 111 84 87
    199 207 234 123 37 126 46 228 116 100 222 63 116 82 90 117 73 86 229
    107 91 40 23 77 83 167 136 118 220 39 58 90 45 94 197 101 151 194
    178 105 19 101 21 208 34 164 24 21 3 207 149 120 89 87 26 147 137
    208 164 26 93 17 114 95 133 231 228 78 3 157 194 200 65 148 144 242
    52 43 168 153 19 235 74 246 109 125 131 110 181 156 76 143 177 220
    77 141 4 197 231 243 199 168 64 13 8 120 73 195 219 179 27 97 119 62
    231 169 69 87 164 21 217 45 232 92 214 69 48 0 219 105 166 134 41
    163 131 210 49 200 230 130 208 127 156 3 234 119 58 118 188 207 190
    112 163 187 179 227 47 33 7 233 238 247 123 107 90 84 67 153 202 206
    160 96 120 94 149 30 249 205 153 210 213 156 152 186 46 164 64 11
    122 63 72 28 20 17 78 229 254 100 0 213 99 147 240 65 53 42 79 152
    145 135 102 139 245 197 207 128 16 82 36 248 92 145 0 236 7 226 128
    70 137 133 5 229 79 130 240 237 104 178 80 197 138 24 121 120 107 91
    133 2 93 23 184 71 253 176 142 216 144 217 211 143 250 9 217 103 79
    233 84 45 87 162 175 242 217 119 2 206 218 213 46 162 237 14 243 10
    179 195 220 77 129 10 249 5 19 113 10 100 132 128 154 51 248 243 58
    165 44 227 184 188 126 233 32 7 130 175 152 62 34 199 189 165 36 87
    125 11 36 54 45 222 29 78 180 103 169 19 214 239 196 120 30 27 44 73
    179 88 180 27 109 136 90 86 73 13 252 167 179 213 175 89 225 86 117
    34 200 243 133 105 47 18 36 204 201 199 85 84 82 6 9 32 124 240 193
    13 149 5 40 247 214 31 187 230 59 248 244 117 118 235 211 117 1 90
    194 66 225 95 231 84 163 144 57 156 9 218 160 47 19 114 79 8 250 107
    20 181 10 235 34 195 18 171 80 87 124 201 246 225 51 151 190 77 85
    167 150 54 199 74 231 53 18 87 220 240 234 197 250 175 229 80 124 40
    121 58 37 19 90 136 26 232 186 239 122 36 174 119 91 7 103 23 13 208
    81 45 11 194 139 74 165 79 39 138 168 196 58 83 215 240 168 165 146
    23 91 171 174 15 63 201 87 147 131 81 247 81 174 94 77 94 86 223 240
    198 154 72 99 141 157 254 196 185 153 217 230 185 251 128 246 1 86
    197 140 1 188 64 225 97 193 252 153 254 140 245 43 9 184 242 4 96
    110 126 59 174 203 11 102 218 116 189 117 54 144 49 50 124 52 43 96
    42 114 44 178 82 94 122 75 171 145 54 152 94 13 189 214 26 109 74
    109 145 161 187 230 244 139 121 55 125 185 169 220 214 17 235 52 48
    131 185 130 122 131 27 213 20 102 181 0 94 36 35 123 122 173 65 106
    72 125 21 229 35 172 11 62 166 204 200 18 31 220 0 204 37 195 0 147
    210 70 109 173 79 29 227 116 174 127 210 203 77 60 196 202 90 133
    149 3 172 82 47 188 22 123 159 162 101 193 186 87 89 96 163 179 186
    210 157 117 78 233 160 90 136 74 194 48 253 211 195 121 195 105 44
    239 71 102 179 233 176 178 246 92 133 179 172 100 250 115 12 24 32
    113 124 221 248 207 205 180 150 108 70 236 237 101 252 46 49 92 184
    3 243 177 121 198 156 113 250 6 55 205 146 245 138 161 101 44 83 178
    137 104 236 130 209 202 76 168 67 47 211 37 27 210 55 82 114 153 193
    205 137 131 175 106 63 157 246 232 90 243 102 154 170 230 47 205 117
    183 162 147 50 159 17 246 214 189 184 153 29 44 233 104 249 247 94
    205 110 215 157 99 88 206 178 73 133 170 9 111 155 143 132 41 149
    104 136 205 159 103 179 4 156 146 132 223 114 4 211 56 148 8 196 51
    1 16 128 136 158 188 162 245 255 83 140 134 195 93 234 39 148 84 224
    174 187 118 153 236 25 147 130 160 76 170 146 20 180 71 240 169 15
    150 92 168 236 130 33 124 130 194 71 74 46 18 99 237 159 104 64 231
    10 84 77 158 15 206 58 85 70 245 46 233 204 184 143 195 88 86 103 52
    125 14 185 63 60 253 104 233 146 37 151 103 41 110 180 16 70 59 49
    166 81 80 69 254 254 77 220 153 40 97 216 108 220 199 17 44 19 116
    172 81 200 4 9 5 76 209 158 235 196 140 186 197 166 125 113 70 66
    200 157 31 124 187 40 189 231 244 68 134 218 49 174 173 174 76 239
    28 39 10 62 195 228 118 1 2 139 66 121 132 190 68 159 27 250 110 6
    39 62 37 122 157 156 83 70 195 39 234 45 31 96 181 77 30 243 104 9
    253 11 219 35 223 78 148 48 26 102 241 211 182 190 107 33 108 42 70
    5 107 19 34 136 149 106 73 243 174 128 195 251 60 173 35 151 132 179
    74 105 59 11 99 160 84 177 213 226 149 18 32 31 244 134 18 101 120
    104 36 209 21 118 93 151 229 201 74 64 230 118 34 137 217 245 69 0
    50 221 48 78 113 209 4 211 248 147 208 105 104 154 7 66 173 130 54
    171 193 184 68 197 200 13 168 93 6 77 104 137 45 82 40 211 51 173
    172 45 55 213 9 100 26 48 170 162 176 73 216 134 249 207 240 158 177
    99 223 62 36 252 246 114 72 191 251 42 85 12 2 75 53 224 114 67 138
    207 248 220 244 117 88 222 77 183 101 34 17 176 107 57 148 129 213
    208 15 214 141 52 115 180 133 231 25 240 68 195 66 230 52 120 175
    166 181 126 108 50 48 52 107 21 213 48 20 212 139 111 220 136 192 46
    156 128 193 130 37 114 5 228 61 153 65 113 132 79 243 117 145 190
    144 146 52 110 105 131 247 236 168 244 49 115 116 250 178 172 103
    143 25 104 130 148 69 173 144 156 22 142 166 28 228 250 176 102 160
    106 212 45 149 234 124 144 30 233 180 50 16 127 182 235 152 246 95
    190 33 146 23 96 114 146 41 133 254 110 126 30 138 206 127 247 211
    119 101 185 135 95 59 80 13 36 68 22 180 209 154 253 86 83 8 216 184
    73 164 112 140 151 178 36 229 26 68 216 231 180 0 99 129 236 140 66
    196 82 183 164 50 7 240 210 248 254 48 229 85 159 24 178 12 79 191
    230 200 173 178 191 189 152 41 250 222 157 24 68 168 65 59 10 231 61
    21 123 43 176 137 19 126 144 113 124 7 152 68 121 87 121 222 237 120
    220 158 237 2 112 169 31 175 225 217 41 75 121 142 21 95 45 131 154
    157 222 243 10 37 191 21 51 91 188 126 84 215 67 185 3 191 125 81 22
    55 44 109 96 167 119 138 59 135 228 72 119 76 4 47 24 113 181 223 66
    129 82 42 86 188 98 39 66 5 229 138 144 33 106 95 208 64 64 14 172
    104 73 55 213 96 126 252 44 245 105 30 79 138 160 20 113 33 177 146
    227 162 169 1 155 16 187 54 62 86 124 186 183 29 138 220 112 142 194
    83 121 72 27 230 255 214 23 233 231 106 247 34 89 81 227 4 117 240
    37 120 53 16 1 231 212 161 220 56 157 136 97 158 51 222 106 213 156
    26 61 90 55 189 5 163 224 50 112 198 136 137 68 71 251 202 194 162
    122 9 252 16 79 142 93 68 221 121 153 119 247 200 205 93 190 169 132
    111 10 176 139 217 158 223 34 243 63 6 174 230 188 151 125 204 119
    85 139 229 169 168 19 240 125 194 44 19 254 108 135 236 196 151 138
    145 19 124 180 102 46 126 215 76 37 254 32 87 113 5 49 215 113 114
    81 128 0 241 235 244 141 22 217 154 203 158 103 18 28 90 146 28 140
    73 77 21 213 221 158 141 212 46 17 252 16 200 72 237 188 15 149 26
    222 147 69 148 226 156 79 64 143 164 45 104 10 199 249 253 87 167 54
    148 241 9 139 89 81 59 79 190 167 129 204 122 28 134 197 74 136 150
    140 230 196 86 174 115 70 119 42 10 115 67 48 108 108 195 32 239 74
    241 87 35 200 253 215 92 225 51 18 126 182 68 45 13 159 234 97 184 3
    197 118 227 213 93 93 231 103 106 237 112 105 185 32 17 76 206 83 25
    68 100 93 219 237 171 183 84 61 40 181 18 234 17 205 26 241 81 170
    132 154 178 163 200 162 96 2 201 65 175 228 63 129 14 160 202 208
    207 144 151 244 199 178 84 32 252 84 154 184 99 212 66 14 152 204 30
    70 167 11 143 77 110 60 48 67 203 173 136 1 86 168 168 152 243 158
    86 238 33 94 176 232 203 93 136 84 139 163 50 168 142 45 103 96 131
    101 178 19 240 114 242 2 61 0 21 188 136 51 200 161 121 133 154 226
    129 2 80 73 9 201 148 63 213 254 220 125 73 52 65 173 204 134 200 11
    178 56 44 118 114 58 226 38 250 119 22 70 26 39 129 73 227 179 135
    228 247 32 2 220 184 218 57 173 195 60 120 12 194 184 41 128 219 206
    233 151 99 236 77 230 145 162 34 201 240 239 59 153 51 138 60 121
    119 32 244 36 85 244 240 148 37 16 167 156 15 62 78 27 242 218 167
    184 100 178 66 140 193 248 67 191 8 178 92 121 4 65 233 223 99 239
    236 72 225 10 83 36 56 6 138 116 55 87 205 216 57 62 75 16 32 20 68
    22 90 22 30 54 97 36 143 133 200 122 2 179 243 224 79 108 77 124 128
    144 125 213 17 237 210 237 36 86 32 122 251 129 14 64 118 181 7 184
    225 162 161 97 172 104 33 18 15 93 201 97 57 74 32 49 195 57 209 66
    121 28 35 212 5 35 244 87 125 215 5 29 235 10 157 217 153 38 85 175
    99 177 237 81 12 30 69 88 129 93 184 129 78 90 180 173 47 106 244
    206 231 12 159 236 26 219 188 125 51 72 246 242 94 161 5 98 56 102
    92 179 210 95 249 131 91 224 103 74 207 199 173 13 58 16 139 77 48
    208 62 10 209 156 248 183 68 86 185 109 237 15 188 194 227 252 58 67
    234 16 205 80 167 241 84 144 162 175 56 11 44 137 246 16 40 17 99
    109 174 43 204 158 29 13 195 226 32 214 208 53 175 215 187 106 124
    188 255 159 78 183 229 15 122 175 53 188 6 130 101 139 64 2 60 57 95
    176 35 134 205 238 122 177 139 100 173 87 175 183 247 140 212 136
    204 94 185 53 198 97 202 65 249 68 138 233 179 85 38 9 48 88 40 144
    223 104 93 120 215 28 224 53 140 144 137 155 103 60 248 172 20 248
    58 253 77 187 228 198 208 235 224 222 207 122 9 249 27 237 238 253
    180 140 42 196 196 112 157 20 84 254 55 15 63 11 52 74 130 208 164
    225 124 53 5 21 177 147 54 250 36 120 48 198 182 112 217 223 25 208
    14 162 71 222 70 86 182 157 89 223 66 143 241 212 210 60 170 197 208
    82 88 196 105 136 87 116 6 29 105 109 239 14 160 81 166 237 240 180
    235 190 81 216 177 137 81 99 172 148 194 149 153 231 187 175 211 203
    199 79 213 26 247 156 207 185 207 240 157 142 31 151 107 37 138 53
    146 212 190 243 169 217 129 69 202 19 51 35 153 228 194 242 85 75
    205 117 167 185 122 203 153 225 235 82 192 64 109 247 45 210 247 41
    24 183 247 186 197 230 21 145 92 119 226 122 172 97 86 109 159 37
    163 205 99 182 19 212 4 96 19 122 190 231 134 145 111 134 6 105 86
    230 173 202 212 148 224 143 160 114 10 61 92 138 161 45 211 55 166
    168 175 145 65 47 17 38 130 57 55 72 208 151 77 105 93 191 244 64
    137 174 144 197 24 251 217 149 14 43 27 241 105 94 120 166 198 79
    219 234 56 131 146 15 77 100 254 178 53 124 198 180 22 28 103 104
    248 165 154 220 169 32 127 233 201 17 28 224 28 101 221 150 239 117
    246 93 35 221 88 27 159 50 184 29 227 82 107 252 187 210 237 199 170
    4 148 192 169 209 75 91 13 159 96 238 152 75 3 194 4 92 237 155 66
    95 250 34 117 203 16 41 0 103 12 165 30 118 35 191 219 24 127 239
    167 87 210 128 137 110 116 162 222 246 237 199 65 131 238 67 154 75
    242 234 37 99 121 237 52 20 5 90 211 74 23 186 228 186 16 112 30 29
    126 107 178 177 61 159 200 144 43 167 190 49 84 92 19 4 100 26 95
    238 176 119 123 121 16 228 146 89 245 200 172 99 79 19 158 217 216
    94 189 74 60 65 66 145 190 181 14 194 30 186 121 155 238 43 75 191
    180 44 67 129 24 139 181 32 201 203 34 116 238 168 89 252 52 26 5 27
    96 121 214 206 216 127 36 254 209 130 152 137 81 56 109 250 168 86
    104 222 225 42 198 15 118 213 93 157 5 218 140 86 245 80 165 241 236
    201 252 246 208 34 94 163 128 215 213 201 24 144 156 59 106 11 120
    89 83 222 254 163 116 58 30 109 19 167 92 85 6 45 184 25 234 248 219
    113 8 1 97 142 161 108 145 130 62 187 96 148 245 127 15 215 43 49 68
    202 167 208 206 215 48 224 1 78 101 27 219 66 197 66 167 57 5 155
    170 118 88 76 192 210 129 171 195 21 219 14 21 126 70 55 145 246 21
    217 137 174 126 84 154 211 171 200 246 118 96 222 132 236 231 86 44
    204 166 1 139 47 147 196 232 154 241 245 99 7 15 168 138 134 77 8 68
    203 252 188 72 101 68 18 13 125 210 141 134 177 126 96 11 200 26 205
    234 177 175 158 223 43 37 100 178 114 45 183 88 31 12 198 153 163
    225 20 242 86 200 77 140 189 64 109 23 226 181 222 184 126 36 95 34
    115 173 27 225 142 237 201 183 121 190 253 36 168 91 146 92 215 133
    96 169 5 20 53 131 34 41 75 16 140 169 113 66 30 156 66 246 24 67
    202 28 215 103 142 9 80 69 140 99 118 247 60 186 201 213 166 112 162
    65 65 244 18 186 9 75 215 236 159 216 20 102 131 40 98 73 152 182
    186 22 187 44 121 142 239 145 23 173 155 202 84 220 49 140 168 17 76
    31 132 172 23 68 23 58 121 67 49 245 227 89 32 172 54 187 167 48 190
    39 39 205 226 144 214 46 85 201 247 44 154 49 224 165 110 171 113
    190 177 126 168 198 163 171 207 73 108 40 62 23 40 205 54 204 2 116
    220 126 80 245 254 119 215 126 136 162 54 205 167 21 117 95 208 42
    11 229 216 43 191 169 69 198 175 119 227 167 32 238 128 66 32 155
    205 177 100 205 98 226 37 207 15 23 105 207 137 161 247 187 203 115
    252 92 20 118 223 31 15 239 123 114 76 130 227 225 88 227 254 237 10
    62 148 235 110 36 8 99 5 231 235 111 206 93 209 171 51 146 174 191
    220 204 133 8 88 168 119 87 31 86 178 102 148 237 183 136 212 180 17
    179 151 20 95 60 182 176 123 39 208 87 128 103 7 120 114 239 247 90
    250 84 187 64 240 181 234 106 215 108 92 118 198 62 74 214 181 221
    173 202 14 164 223 222 134 112 42 229 108 13 70 182 84 37 187 1 11
    240 43 177 81 91 238 165 15 83 93 69 231 9 93 102 74 77 147 117 251
    28 30 167 106 2 43 232 71 163 193 157 132 252 80 227 4 143 71 208
    167 223 132 189 66 54 192 101 67 74 131 80 217 53 1 124 224 36 89 22
    48 241 29 228 46 224 236 109 17 9 122 126 169 158 13 64 89 23 32 3
    80 98 76 189 217 163 184 163 191 47 139 14 248 34 171 203 210 181 87
    12 253 135 235 90 98 45 5 62 180 90 9 224 67 134 225 76 118 176 120
    3 236 9 140 214 53 110 192 157 37 150 58 219 152 166 110 156 159 83
    190 250 89 174 152 153 84 177 112 30 46 90 152 93 24 5 170 113 0 63
    71 12 192 79 94 247 208 108 174 206 74 77 245 189 48 201 26 198 155
    23 222 211 48 221 13 225 93 208 87 227 99 66 34 16 73 61 213 251 214
    206 163 41 162 196 65 36 32 84 219 85 243 89 34 3 46 56 47 70 154 9
    238 102 54 13 248 227 207 123 230 200 31 162 227 215 152 88 8 39 137
    55 88 159 85 230 124 223 121 200 99 169 15 245 235 154 226 250 239
    199 59 36 62 225 193 55 215 168 18 201 226 93 0 29 198 237 235 19
    255 100 4 116 18 12 77 49 130 106 156 145 206 71 25 131 13 13 167
    174 2 125 230 185 102 187 51 194 186 20 221 57 172 240 190 199 151
    106 248 182 80 253 199 123 78 202 227 180 140 116 92 249 125 39 140
    124 3 49 81 210 12 176 163 13 76 63 96 148 19 208 42 69 38 116 178
    110 90 213 79 254 198 108 30 235 115 32 151 126 81 110 192 171 196
    97 222 56 84 143 71 206 184 152 10 152 115 133 201 166 222 152 55 69
    18 88 168 132 65 102 47 168 155 15 8 137 216 28 150 26 142 101 14
    245 183 226 143 203 224 63 247 152 139 233 225 20 86 70 174 227 71 7
    108 253 225 241 74 28 120 220 149 138 102 160 20 251 14 52 83 152 37
    153 77 115 72 156 18 159 224 171 177 14 69 193 201 46 156 253 217 79
    19 69 90 34 247 254 88 245 17 111 44 40 123 224 201 123 225 83 236
    116 211 129 20 10 229 143 80 31 169 138 236 171 240 145 209 38 109
    59 103 160 58 27 123 141 75 55 40 161 86 116 155 165 43 170 128 35
    181 224 1 78 82 53 241 140 135 237 221 163 208 13 108 254 61 139 167
    62 201 179 30 144 54 147 242 179 150 15 115 236 200 42 239 143 180 6
    101 73 5 52 105 129 242 1 161 169 205 158 22 76 36 117 60 9 64 64 78
    187 110 29 156 108 66 223 46 33 135 95 187 182 237 143 169 3 155 9
    206 107 161 124 117 108 1 108 242 183 165 70 168 228 229 245 223 238
    65 204 237 41 72 57 234 188 109 212 173 246 121 33 245 113 186 147
    129 163 27 99 120 120 79 83 58 109 84 66 194 79 153 159 212 89 229
    86 5 136 162 44 71 242 113 62 207 108 230 19 254 37 147 110 188 220
    62 182 35 65 79 75 46 26 160 55 138 60 186 96 172 154 150 152 158
    236 210 65 27 6 152 2 167 79 198 204 218 155 41 21 180 53 30 60 113
    65 196 179 33 104 20 184 135 118 130 91 99 47 169 172 51 46 9 22 85
    45 53 215 220 253 228 141 218 203 242 130 177 60 144 230 206 115 165
    175 137 1 134 199 53 208 222 96 186 217 190 73 71 69 93 210 49 79
    107 101 93 124 222 54 255 227 4 68 107 163 82 229 145 87 183 11 8 85
    22 63 204 237 21 210 62 111 50 18 118 149 248 114 212 213 49 201 185
    158 76 144 121 214 0 79 44 32 174 244 66 165 174 188 65 63 62 113
    156 131 219 190 128 207 172 73 91 132 146 126 154 3 191 156 66 249
    125 139 183 29 142 9 150 129 88 116 81 28 192 2 126 250 53 71 178 76
    167 95 115 193 13 4 248 200 103 218 11 22 188 99 39 188 94 138 192
    85 198 128 158 162 86 91 223 121 7 164 231 138 223 170 98 157 91 181
    130 233 13 173 12 125 193 185 91 215 173 34 45 10 153 112 149 203
    157 207 230 181 191 0 92 82 195 135 71 179 216 59 38 75 235 141 164
    96 163 17 4 71 188 16 207 245 231 225 176 48 74 157 123 156 26 44 21
    127 89 70 6 201 147 36 150 74 53 33 31 37 79 182 109 73 71 5 58 213
    202 32 252 31 198 102 2 81 236 192 148 81 182 47 13 31 44 141 221
    172 50 254 47 234 28 178 28 91 194 67 252 127 111 7 39 131 146 73
    211 15 64 158 208 93 228 136 113 88 216 216 116 71 53 227 87 237 137
    66 162 201 232 124 240 157 117 182 81 108 220 115 179 172 93 149 254
    48 217 103 16 223 199 187 182 4 182 106 9 176 208 189 254 27 236 143
    63 124 159 153 93 149 88 212 173 86 20 252 103 174 205 112 133 195
    69 154 104 65 116 100 83 142 7 80 20 39 44 220 122 101 93 248 170
    110 107 208 4 10 172 140 111 158 175 39 205 155 219 132 16 82 195 51
    0 9 35 193 151 98 11 129 245 1 5 184 206 205 97 112 94 30 141 30 152
    28 94 186 231 43 196 19 252 92 54 237 76 5 68 95 50 255 111 218 174
    201 191 113 22 192 32 162 113 248 71 3 72 70 234 46 121 31 59 125
    157 151 192 229 158 235 58 85 84 196 24 8 3 86 54 232 137 132 249 47
    226 74 229 148 48 236 13 9 115 200 20 237 58 8 105 17 73 150 117 104
    104 41 143 82 0 157 126 236 72 67 184 38 143 175 68 249 23 64 80 46
    79 168 76 215 215 85 111 46 155 17 60 23 148 251 83 205 155 1 134
    223 223 51 28 226 184 109 203 97 219 191 235 152 190 120 33 226 117
    112 12 34 67 14 13 4 204 242 135 192 144 6 86 124 198 80 9 248 93
    217 229 115 34 229 114 240 77 118 218 150 71 61 102 254 128 214 114
    232 241 233 161 61 103 36 131 241 88 94 80 31 105 143 122 175 100
    209 115 97 226 7 70 170 225 8 231 250 136 92 242 241 214 37 6 166 63
    238 39 103 220 187 49 195 33 164 195 154 8 175 132 205 85 199 234
    191 11 21 120 119 143 9 164 170 190 149 37 112 17 125 155 121 93 163
    95 141 26 22 185 67 129 146 68 98 51 174 192 162 207 73 188 132 57
    228 169 79 107 58 163 178 230 247 140 111 219 252 51 94 142 192 225
    150 189 31 148 128 217 98 226 199 107 28 40 99 251 74 184 202 145
    103 30 44 21 217 128 52 180 250 238 207 89 57 127 207 153 167 175
    108 30 87 138 108 207 20 223 166 132 193 244 217 197 8 179 75 184
    153 56 5 8 88 88 117 45 168 134 46 45 156 41 81 209 120 54 119 25
    243 252 58 139 115 165 158 0 235 141 126 6 190 67 66 199 143 84 215
    42 155 34 135 10 138 128 89 129 62 232 95 6 3 200 63 11 44 118 194
    65 135 52 8 133 12 237 159 83 215 201 223 147 191 169 204 150 70 231
    9 103 226 181 72 39 45 156 182 189 12 171 178 52 25 51 12 151 9 204
    125 156 74 171 129 67 13 236 68 55 121 148 163 192 190 11 46 192 9
    26 231 254 104 176 171 46 198 26 180 88 240 126 95 177 243 53 230
    238 149 130 168 182 41 228 105 175 61 61 150 92 86 255 169 139 122
    179 84 178 253 116 44 155 150 158 43 208 42 177 107 237 138 246 235
    254 95 28 192 119 61 142 14 243 121 231 181 172 34 30 24 50 39 79
    113 74 8 241 53 45 173 181 121 249 5 115 109 73 169 26 232 73 95 155
    43 52 64 245 213 114 238 125 138 199 246 169 9 87 226 87 36 8 136
    190 108 68 139 66 75 101 61 164 59 90 142 254 20 124 61 250 180 131
    39 109 45 71 111 71 77 125 203 88 251 40 160 220 158 200 250 33 164
    184 52 148 158 254 197 158 90 209 204 13 84 26 19 14 214 88 251 215
    2 56 124 221 140 238 113 58 252 162 238 130 150 169 10 219 33 59 225
    56 241 162 49 172 33 215 106 180 248 226 119 237 47 242 112 109 22
    147 233 251 156 196 139 23 134 168 42 111 53 162 165 54 213 174 10
    223 92 48 112 107 225 10 3 116 208 184 225 194 75 84 249 82 233 55
    198 204 56 95 42 114 90 26 213 77 91 38 95 142 163 103 107 63 5 131
    114 246 143 205 222 60 9 73 95 151 222 62 53 175 111 24 208 138 32
    216 203 26 214 199 6 151 67 172 49 29 78 154 127 56 114 138 41 51 50
    25 1 201 22 59 180 27 77 166 56 101 82 187 86 124 104 248 41 81 250
    35 238 114 40 112 249 145 118 10 105 243 30 212 189 145 83 234 221
    73 213 59 10 84 131 250 149 150 28 43 120 193 241 22 72 85 153 105
    155 14 240 62 66 51 146 113 39 170 206 195 24 123 154 167 98 199 107
    146 239 214 245 9 169 124 134 112 44 217 181 214 28 165 8 53 76 155
    73 252 144 246 15 93 201 23 15 241 164 42 127 45 108 101 147 60 109
    47 173 31 56 203 171 180 1 54 204 223 20 168 78 168 239 138 3 148
    162 185 228 130 14 251 30 191 78 53 172 73 210 148 222 224 185 23 94
    51 43 198 111 77 177 61 101 222 90 80 118 200 59 22 129 99 209 239
    140 49 247 225 43 77 211 37 239 15 205 177 186 28 171 215 243 186
    251 134 222 112 17 218 243 139 219 156 125 84 246 179 44 42 42 197
    207 218 75 177 152 67 183 98 43 206 161 72 116 169 91 45 45 54 23
    146 5 140 234 199 232 15 53 94 197 14 46 159 156 125 88 221 81 68
    200 129 66 134 209 162 65 233 50 219 39 138 19 61 210 18 89 141 122
    255 169 68 154 114 135 4 233 183 23 53 53 160 199 61 156 224 71 149
    82 201 247 66 60 43 121 252 66 132 40 189 244 149 204 127 207 77 117
    26 37 237 138 143 237 194 229 162 182 100 224 82 130 59 119 186 237
    127 7 74 99 83 232 146 72 35 121 74 154 169 141 190 209 248 60 111
    12 246 209 88 141 220 44 67 230 136 223 45 172 98 106 254 24 71 32
    41 34 29 95 204 14 189 58 7 62 139 8 220 210 27 115 65 82 14 78 48
    206 252 59 72 209 29 165 250 198 252 117 185 56 118 36 215 217 126
    196 140 53 119 194 188 197 92 62 202 15 239 213 103 12 161 157 234
    224 227 20 198 82 82 147 200 187 53 218 64 232 203 210 14 232 33 18
    70 53 236 73 230 124 163 57 82 244 248 77 187 231 71 26 108 217 13
    80 146 108 175 182 181 240 101 111 24 147 195 11 79 93 116 246 67
    146 122 42 254 95 212 228 54 60 30 234 228 161 167 213 64 193 74 198
    62 152 150 5 191 112 77 188 43 138 12 26 207 171 26 61 26 92 175 156
    168 158 30 5 143 215 213 109 205 166 222 149 242 37 41 4 209 222 42
    107 169 107 79 21 119 160 63 42 188 128 125 27 204 212 235 146 51
    151 93 9 4 120 38 187 73 56 251 161 252 8 7 194 220 71 215 63 24 190
    125 74 59 17 61 207 56 191 205 99 21 153 186 142 79 33 112 33 134
    245 27 240 8 81 113 141 239 203 145 242 113 48 137 28 179 228 31 122
    185 31 105 230 223 234 83 36 116 77 107 147 197 44 235 211 42 98 239
    164 223 95 38 170 135 185 100 188 107 194 230 100 149 50 56 101 253
    32 69 220 223 161 223 238 229 17 208 131 53 12 11 196 155 45 4 199
    113 247 12 131 158 176 254 63 198 2 55 4 69 65 1 45 141 145 91 42
    117 146 52 166 126 41 143 94 10 110 209 245 102 68 228 183 57 222
    215 8 207 99 184 109 233 66 81 184 157 131 201 57 66 55 36 94 7 53
    16 112 35 44 39 213 20 181 225 170 164 136 118 180 123 185 137 9 42
    83 96 30 233 69 130 160 31 172 235 175 23 168 11 2 179 83 182 230
    125 74 134 136 23 1 138 144 237 213 220 20 50 125 215 0 157 83 94
    177 197 241 120 20 135 236 178 149 44 174 136 27 205 55 176 252 6
    175 156 114 106 111 81 233 152 130 126 37 45 139 26 169 233 173 74
    219 225 123 126 154 123 126 222 59 182 74 176 63 142 170 159 150 242
    32 230 103 62 216 88 43 43 22 27 185 204 75 63 251 184 236 124 69
    101 238 87 123 229 152 221 152 63 65 191 154 64 111 113 172 164 176
    67 145 207 232 136 217 16 176 47 209 2 143 213 67 78 90 253 40 99 95
    203 158 142 152 241 98 111 53 93 0 220 142 145 29 112 11 109 186 7
    23 235 224 79 103 151 218 67 5 106 229 134 233 162 253 45 116 29 15
    52 144 27 32 173 4 76 213 168 188 124 152 81 203 2 46 158 220 137
    245 159 209 51 111 218 6 82 238 92 78 86 83 158 28 107 241 144 118
    242 69 27 220 221 22 165 62 66 71 30 216 151 191 186 220 253 184 30
    23 215 161 11 61 29 244 94 20 101 34 114 234 173 110 94 174 221 215
    104 12 141 141 12 232 58 178 246 100 65 2 219 69 248 53 84 84 203
    121 238 167 143 184 37 187 58 29 226 123 190 115 227 94 79 184 136
    174 229 150 18 240 169 29 247 140 126 210 64 125 121 255 61 91 13
    149 116 26 142 128 223 188 221 108 11 28 62 0 22 29 140 255 103 223
    94 163 139 145 65 204 103 204 121 109 45 233 56 60 26 156 161 192 53
    50 122 218 150 182 7 56 24 157 175 62 101 195 217 123 153 86 182 55
    197 44 93 176 3 94 117 254 165 195 179 9 217 39 10 218 0 6 158 129
    116 15 238 121 97 164 131 126 132 190 209 187 189 87 9 176 57 54 240
    226 160 204 21 253 176 195 108 136 98 125 168 1 243 240 122 136 16 5
    100 149 25 71 38 199 74 84 2 221 59 77 4 184 9 208 222 217 107 86
    208 73 214 140 41 51 232 92 84 81 132 68 238 155 98 150 39 71 42 52
    7 160 152 63 202 212 39 222 20 8 58 96 171 164 189 103 4 155 123 239
    123 1 92 146 11 170 170 185 33 68 15 79 217 185 27 110 210 138 5 71
    170 193 90 239 246 66 37 16 40 239 254 188 217 231 241 162 3 189 200
    231 74 60 175 184 17 212 34 98 165 88 165 168 108 79 130 143 7 206
    235 206 205 134 197 76 174 54 243 239 178 201 233 188 155 189 158
    197 17 155 220 163 221 87 103 23 138 46 77 55 255 23 171 60 111 3 88
    174 40 212 233 115 255 47 22 147 224 181 149 155 156 164 240 73 82
    80 82 44 127 71 40 12 45 159 116 216 162 166 249 93 248 186 245 250
    232 83 16 115 192 47 138 40 82 108 177 53 39 217 79 245 228 188 194
    226 211 164 165 116 226 213 7 113 101 26 192 117 205 170 44 168 104
    52 110 234 148 45 63 15 94 210 216 129 70 140 189 207 30 191 202 61
    20 33 169 179 186 188 61 44 112 161 99 234 131 97 201 20 181 5 27
    123 35 116 246 21 44 187 135 30 96 132 207 115 73 88 135 119 246 98
    178 228 175 181 175 9 21 54 246 111 209 217 23 71 118 146 43 127 254
    15 82 113 186 140 55 164 203 251 64 37 118 208 28 212 240 243 231 46
    121 198 37 222 69 221 125 134 52 237 226 16 101 155 207 172 29 37
    111 47 158 146 104 183 212 62 170 237 1 40 249 166 191 184 234 150
    33 203 136 203 105 115 93 97 74 7 126 213 92 138 94 237 67 239 221
    208 192 157 221 171 181 32 116 7 236 132 99 62 94 205 152 73 17 59 5
    206 176 33 153 90 22 117 26 84 59 220 148 252 199 223 14 27 121 114
    6 158 164 95 137 40 6 136 243 183 96 192 230 205 158 27 106 81 251
    179 95 218 43 12 15 76 18 227 162 68 159 61 92 71 211 175 30 234 62
    126 81 245 224 154 74 29 3 93 210 9 217 81 84 164 38 86 223 108 25
    111 190 65 132 82 33 47 21 8 115 40 49 99 125 147 179 70 138 72 0
    249 208 171 149 164 204 19 240 8 236 104 214 79 240 38 178 131 171
    207 127 108 49 111 23 237 133 249 47 145 103 150 2 95 185 33 103 14
    83 228 186 82 221 125 253 39 210 234 47 249 252 218 35 164 133 32
    190 60 170 20 231 93 111 198 193 8 141 201 174 255 208 73 246 206 78
    244 74 246 59 139 75 19 181 217 37 82 2 118 236 214 19 100 6 33 103
    139 10 156 82 165 177 98 54 5 94 68 42 158 174 255 70 110 158 98 216
    216 255 9 105 230 163 81 0 239 10 8 33 84 5 171 159 161 169 113 47
    79 25 126 32 190 101 41 249 138 167 58 247 136 181 168 51 179 184 0
    159 91 170 153 139 44 234 118 143 147 151 103 95 93 125 245 9 224
    214 120 161 118 77 153 244 249 179 144 211 31 102 184 168 5 139 123
    221 199 198 109 31 138 62 232 55 34 240 177 49 178 91 101 255 152 25
    106 93 132 53 28 50 52 13 222 67 52 92 43 86 185 160 245 116 142 41
    214 167 241 114 204 155 78 183 127 138 252 245 38 16 111 20 248 225
    120 119 146 98 244 89 148 255 114 43 55 61 251 199 217 210 39 123
    249 14 108 19 111 243 182 234 242 236 111 110 27 49 42 60 222 33 96
    83 231 241 211 14 191 141 134 43 179 100 116 180 66 72 191 105 150
    200 165 129 216 84 129 64 182 140 189 39 22 36 41 10 50 98 131 166
    247 138 67 244 134 116 162 197 250 72 64 245 22 216 231 85 66 243
    219 110 52 229 53 132 180 150 10 53 124 113 50 33 247 198 206 14 216
    96 255 233 204 75 241 9 41 48 218 221 66 244 224 166 193 93 159 102
    22 139 205 79 155 188 190 136 64 48 235 249 13 69 51 27 209 113 65
    108 51 172 97 30 61 167 239 130 165 246 142 36 239 199 55 236 153
    200 195 171 198 135 240 230 178 17 49 234 5 185 130 202 4 175 252
    185 233 41 234 177 201 148 12 62 233 112 5 76 87 17 99 208 135 106
    180 73 18 240 138 111 209 93 43 226 19 180 146 149 204 100 93 39 99
    251 223 166 186 83 128 14 122 128 252 157 17 27 162 173 98 92 47 51
    30 138 17 165 32 141 29 122 58 192 172 141 127 205 198 75 129 146
    223 250 90 246 157 145 132 33 221 137 5 112 74 147 107 170 37 121 0
    158 137 115 59 168 244 18 239 79 44 89 218 64 215 228 90 216 155 170
    216 113 208 58 99 50 196 209 52 191 139 152 71 149 156 57 105 112 62
    230 137 243 157 189 176 253 85 3 8 240 166 8 135 153 140 186 59 17
    122 65 206 226 217 221 28 253 104 141 66 185 1 97 83 123 20 133 170
    154 252 61 163 147 144 92 88 220 246 255 217 157 69 74 182 155 96
    219 228 75 205 215 101 11 54 52 122 209 163 103 78 165 15 86 99 251
    59 12 39 146 96 197 140 237 192 217 45 216 64 242 154 169 93 40 30
    251 15 164 36 36 67 154 20 112 141 97 255 89 97 12 22 77 245 173 202
    228 207 252 59 195 255 235 233 111 42 73 122 174 32 108 238 56 185
    67 50 178 172 65 227 127 162 229 102 87 90 112 180 35 28 132 102 87
    39 161 155 212 139 84 192 66 25 119 149 64 9 43 199 26 127 242 67
    159 6 41 167 78 125 46 80 58 49 145 36 30 62 188 46 189 188 55 28
    247 100 255 95 31 114 43 192 2 161 140 201 171 187 153 139 61 153 27
    130 7 18 185 22 218 92 23 43 81 216 128 215 136 19 104 28 243 136 16
    187 4 46 244 234 67 174 183 131 47 113 228 219 208 38 253 208 15 180
    81 242 86 210 44 178 165 159 60 73 44 149 125 28 161 180 112 74 186
    7 129 5 201 216 252 123 56 143 131 182 99 229 137 248 152 226 113 21
    63 194 126 213 76 150 94 70 239 235 140 191 112 178 204 214 184 58
    80 176 134 239 106 109 19 142 193 13 110 149 72 44 227 73 8 48 159
    243 179 86 105 237 242 36 240 172 55 220 113 13 242 84 216 175 2 137
    228 235 162 60 236 233 142 209 74 63 236 223 190 108 32 42 129 8 56
    219 169 15 19 116 112 135 248 78 37 207 52 119 93 183 218 50 107 205
    239 60 80 224 115 132 182 24 13 235 43 102 76 36 199 129 2 167 152 6
    117 89 227 209 122 65 170 128 147 243 134 246 217 39 105 167 6 64
    251 41 124 36 100 1 241 43 63 11 241 69 30 40 225 233 113 255 131
    104 43 181 139 88 15 117 115 31 187 163 85 141 73 89 46 53 56 173 91
    58 170 125 235 207 149 233 56 6 243 91 216 221 48 61 216 100 5 123
    12 246 179 48 21 240 109 35 79 229 136 130 109 200 210 34 151 235 37
    73 104 106 132 233 235 56 217 138 48 51 198 249 48 96 254 6 223 43
    40 195 51 28 50 3 225 15 169 150 173 247 54 39 8 169 153 231 242 167
    93 247 157 89 191 134 148 49 164 88 209 231 172 11 229 227 202 44
    150 218 187 46 228 47 56 191 248 152 36 9 227 168 11 33 154 25 127
    77 71 8 207 202 213 24 233 24 192 30 203 86 143 110 59 154 240 225
    110 19 198 102 84 83 107 208 156 18 192 234 220 161 50 241 181 152
    90 217 165 187 7 93 196 184 62 120 85 138 89 166 68 207 131 247 14
    83 89 39 136 162 18 5 251 55 53 77 206 143 106 140 62 244 86 240 71
    132 69 183 195 94 103 73 198 213 100 195 95 60 132 83 54 41 94 7 115
    70 228 120 112 68 155 197 145 15 83 144 159 6 146 206 145 242 88 191
    238 40 71 209 51 47 187 13 31 82 14 189 80 238 66 55 88 238 202 231
    39 221 87 165 8 180 83 133 37 47 50 66 8 64 150 241 241 153 202 76
    226 149 6 158 135 137 77 213 58 22 173 138 25 58 121 209 193 243 212
    26 178 118 53 38 225 105 208 234 182 102 130 240 207 111 78 77 186
    75 120 79 203 3 185 189 163 221 182 217 248 230 241 99 161 252 235
    93 61 56 116 114 135 167 96 180 162 173 197 221 48 186 166 117 135
    63 98 59 49 86 183 44 156 50 35 141 2 252 178 223 94 169 205 113 101
    191 150 145 169 242 29 92 112 235 199 42 118 84 191 197 112 50 169
    249 200 152 111 216 230 9 195 231 48 8 238 139 32 54 5 233 229 186
    179 247 207 154 157 230 51 139 42 134 58 59 215 23 220 84 0 215 3
    205 22 160 149 185 102 62 249 152 176 200 238 59 216 59 151 38 206 7
    83 50 43 8 97 180 36 216 84 109 251 6 173 212 94 154 63 130 75 169
    140 138 132 123 185 158 96 113 217 185 117 138 225 217 208 81 94 218
    13 19 203 118 117 54 65 72 246 131 152 60 94 90 152 104 124 162 202
    136 88 202 177 54 162 27 128 116 67 129 152 9 252 232 103 130 79 171
    122 198 207 49 240 95 4 250 13 45 163 193 63 238 112 75 45 177 210 3
    138 103 250 27 92 119 125 28 88 191 212 60 247 26 151 24 231 187 26
    139 216 36 103 227 220 79 83 157 165 108 203 0 46 183 32 224 106 53
    53 13 91 68 41 198 129 173 63 186 19 181 125 81 141 57 56 120 99 187
    44 129 247 214 39 210 41 60 188 73 245 213 127 254 179 182 135 167
    46 55 204 91 0 230 23 86 58 140 229 141 68 96 244 85 227 144 27 247
    132 119 82 51 230 154 140 30 235 151 195 177 168 150 216 189 163 89
    114 172 16 93 87 164 81 76 144 66 102 161 114 70 46 5 139 221 157
    123 17 133 18 19 245 79 61 151 106 136 26 182 50 42 137 52 22 199
    145 155 209 43 11 245 22 71 172 187 219 199 65 176 108 220 189 95 53
    190 39 179 94 143 254 225 6 208 63 75 51 2 145 122 85 66 9 25 142 73
    201 176 197 244 135 129 225 131 225 98 123 241 201 252 80 243 109
    237 141 170 53 33 34 126 253 131 155 73 64 74 177 17 29 136 196 205
    137 169 155 178 46 241 228 100 113 59 187 17 111 202 242 147 219 154
    71 22 166 147 11 99 190 216 1 148 159 174 177 69 229 190 31 0 205
    102 0 94 204 19 87 184 5 84 106 186 30 55 162 158 218 234 205 66 52
    231 87 211 16 42 108 198 255 80 95 59 24 177 54 229 212 60 26 41 250
    24 254 246 13 64 247 102 202 215 35 238 159 144 104 88 53 211 17 106
    28 239 37 177 31 179 178 245 183 152 169 124 180 175 249 63 241 162
    226 36 211 73 54 229 34 43 93 169 225 45 245 16 7 255 236 96 158 98
    12 11 13 139 126 235 93 49 161 253 149 202 162 96 111 125 81 227 9
    117 183 40 221 71 19 235 233 19 106 146 104 196 35 64 26 232 236 249
    230 166 155 237 210 217 148 78 30 87 36 147 56 169 177 153 115 231
    216 40 155 173 81 108 116 246 20 218 183 110 182 15 110 102 116 132
    135 41 119 4 100 99 97 194 48 25 46 155 83 5 217 82 6 99 113 119 218
    240 137 2 143 33 1 91 215 222 172 202 100 122 22 60 188 26 91 205
    176 102 110 47 164 45 121 24 104 230 188 26 145 171 206 163 179 100
    8 29 110 237 42 48 38 34 184 149 177 138 117 116 59 81 248 43 165
    177 144 85 66 49 152 6 98 206 53 127 141 7 109 135 229 113 60 99 124
    41 22 163 114 179 167 166 48 242 37 148 117 191 143 49 216 42 28 140
    118 187 226 88 64 239 65 33 74 192 10 3 194 60 62 105 174 144 158 20
    176 74 5 177 8 178 101 235 115 1 115 193 14 85 159 175 24 12 39 180
    125 151 105 7 232 176 42 46 172 193 92 160 118 222 157 152 24 227
    189 173 87 224 35 239 87 97 12 93 19 106 111 144 22 134 71 151 234
    112 31 109 42 166 45 120 251 53 50 87 129 39 37 184 108 169 7 149
    223 248 246 204 97 72 73 91 245 87 123 118 10 199 165 169 202 119
    205 218 35 102 146 208 160 191 1 162 234 211 205 243 226 147 173 146
    24 240 1 28 170 33 17 188 139 222 174 12 4 156 120 65 176 47 84 132
    6 250 135 53 88 104 204 132 210 22 231 93 247 0 79 151 244 172 77 86
    114 29 177 235 129 218 12 182 85 92 77 183 151 1 47 213 76 201 92
    223 141 147 230 147 195 123 93 178 133 60 236 10 26 134 83 50 2 218
    28 127 3 170 186 230 150 57 10 109 194 55 83 146 17 27 75 248 196
    122 122 109 107 212 68 171 155 111 84 167 8 99 175 117 242 48 97 45
    21 139 102 73 182 241 246 67 122 86 22 58 253 156 62 162 160 254 190
    127 130 166 162 32 44 111 157 146 173 1 158 183 235 200 145 214 185
    66 72 142 193 129 57 244 1 240 228 55 96 241 212 172 56 45 125 182
    73 129 193 145 16 187 123 192 225 10 116 116 236 245 195 204 94 31
    195 93 90 29 115 173 50 49 235 14 210 184 182 188 131 247 193 2 35
    17 136 166 242 202 58 66 247 143 127 60 53 62 69 230 223 90 226 167
    25 226 40 92 170 89 252 231 99 171 188 192 148 226 248 115 207 148
    170 164 179 175 156 253 213 27 204 196 52 11 22 198 92 1 212 35 130
    8 137 152 110 219 96 30 70 161 160 200 229 184 83 146 83 17 174 50
    147 28 210 132 248 35 148 18 118 190 134 158 25 47 249 141 249 74
    211 81 154 197 50 29 77 57 165 230 57 110 224 181 160 132 20 29 160
    129 213 101 8 4 11 142 211 76 181 239 207 112 117 83 221 113 154 224
    27 89 98 238 66 39 191 71 84 91 14 58 29 255 31 241 153 118 87 227
    70 128 193 5 27 26 217 75 43 87 205 133 189 33 221 7 32 118 242 185
    101 40 167 32 252 143 82 104 191 24 150 175 159 164 153 107 13 205
    15 212 108 133 116 219 202 202 93 229 184 65 155 167 117 96 46 225
    73 235 111 114 211 26 176 57 254 102 38 204 144 34 199 115 212 201
    140 79 144 114 254 8 146 63 210 190 200 170 114 224 245 240 200 156
    17 209 249 82 51 57 212 92 27 131 108 126 155 35 154 172 173 193 135
    191 245 134 38 228 179 244 183 23 123 152 27 142 78 154 80 254 135
    28 210 45 251 95 19 207 224 180 19 136 156 187 165 59 208 112 95 59
    188 42 98 183 22 136 51 254 92 84 226 90 116 188 155 236 29 251 163
    144 143 122 24 218 42 194 205 57 197 138 243 31 203 62 182 164 168
    204 87 36 247 75 164 28 148 138 210 196 226 230 2 178 8 29 225 147
    144 29 156 102 92 137 94 183 89 150 244 9 192 70 106 227 49 108 106
    110 150 112 149 108 148 215 92 120 162 79 182 113 149 128 128 239
    210 105 174 119 12 34 170 130 53 145 210 90 121 86 33 141 90 165 151
    63 23 129 223 138 1 151 250 37 211 48 25 12 228 170 158 199 21 63 32
    34 165 184 101 109 178 181 19 6 47 144 236 108 14 104 117 198 148
    158 229 188 65 78 42 84 192 104 22 151 72 42 64 170 65 157 22 49 40
    152 201 249 117 121 41 25 56 34 155 51 203 102 121 198 56 149 126
    217 109 60 229 43 28 254 13 167 7 178 69 195 131 148 73 206 71 84
    231 180 143 27 36 212 37 69 175 63 26 132 104 238 197 198 82 171 159
    58 197 93 108 99 163 10 211 238 86 12 226 215 254 81 91 26 6 222 32
    103 86 252 45 74 110 125 140 123 195 90 255 221 127 165 222 33 157
    235 57 6 91 254 219 216 119 199 99 82 23 160 156 254 143 53 149 129
    184 42 162 112 237 116 203 93 32 53 182 35 225 197 125 73 233 24 112
    79 46 30 158 148 63 59 51 62 27 167 136 106 31 0 236 133 240 192 51
    246 97 34 144 30 175 243 138 75 112 100 94 77 221 140 88 7 24 145 88
    149 8 141 153 17 114 97 84 23 173 0 26 7 243 114 121 46 75 105 226
    128 39 71 22 86 27 28 247 193 197 111 165 137 198 246 65 112 250 142
    54 245 125 246 205 121 175 137 234 22 111 189 150 120 77 53 175 61
    69 191 87 85 80 41 49 106 7 176 87 38 122 128 50 233 180 163 220 150
    35 171 91 195 158 81 171 172 25 119 148 226 1 10 115 114 156 180 83
    63 96 42 125 217 208 140 79 145 30 11 167 106 97 20 30 29 238 137 89
    40 181 198 164 209 85 125 243 78 121 77 49 58 156 63 57 236 202 251
    167 93 253 230 182 42 97 201 141 177 24 36 181 116 155 2 30 106 192
    107 127 253 118 206 204 24 108 231 179 64 58 90 38 197 194 65 104 43
    178 143 108 225 27 50 181 192 47 98 178 240 133 66 96 207 84 112 159
    115 164 120 111 250 49 56 125 228 26 36 136 152 170 88 63 139 33 220
    130 5 165 52 100 125 8 0 57 120 123 55 205 248 95 184 82 88 55 89 45
    201 73 194 116 247 68 144 190 28 87 80 238 33 45 130 169 165 92 193
    240 199 129 92 119 64 245 60 17 43 128 184 13 240 244 17 38 64 131
    202 66 238 178 85 94 31 192 225 172 34 223 56 185 226 93 134 187 164
    5 201 7 249 61 61 4 173 97 47 89 129 24 79 116 211 211 203 119 113
    75 151 122 32 196 15 201 254 244 54 174 149 218 94 44 21 137 215 53
    21 90 160 179 125 197 122 190 26 223 29 75 61 222 141 76 237 206 86
    236 20 32 249 155 9 154 61 153 20 117 112 6 115 237 48 130 20 73 72
    223 55 57 65 135 29 209 186 182 240 14 118 115 159 158 165 8 104 164
    231 227 212 57 155 185 185 19 154 40 74 134 152 234 24 236 127 43 83
    89 178 104 69 72 30 157 159 52 163 223 117 200 54 109 59 142 81 249
    59 124 157 217 157 104 123 19 110 63 240 37 141 100 224 162 193 150
    35 159 46 60 33 170 42 5 54 121 240 195 107 58 145 207 149 34 154 11
    117 14 88 179 126 0 19 1 251 116 218 64 96 79 149 246 236 233 10 39
    65 26 21 223 241 102 213 115 88 230 199 178 126 113 222 169 109 20
    244 83 170 128 251 238 249 1 212 67 184 47 17 63 132 50 46 92 3 73
    251 2 22 151 45 132 149 148 131 76 138 81 113 72 80 247 29 178 7 80
    191 46 36 247 221 245 25 124 111 80 35 108 235 241 36 173 160 80 177
    166 175 175 97 148 17 150 119 248 77 207 198 233 240 62 211 144 145
    192 89 57 167 25 25 91 89 187 156 147 191 155 208 11 162 84 134 13
    30 248 76 73 115 198 116 205 39 240 175 180 254 117 147 193 197 3 29
    95 46 29 201 112 99 150 177 72 67 234 211 219 33 25 218 94 109 119
    135 8 249 149 71 16 15 127 87 122 201 36 8 122 205 56 165 38 220 153
    52 112 59 183 43 220 181 182 228 45 131 255 162 97 40 146 235 206
    249 65 63 69 87 80 234 103 171 53 200 252 95 242 108 142 196 191 125
    84 94 24 107 137 20 11 172 41 232 240 46 200 65 29 128 42 234 81 111
    33 116 83 211 92 55 61 127 99 233 93 49 202 53 172 17 50 107 28 102
    71 186 1 221 29 140 152 79 132 21 152 131 58 96 238 108 114 26 104
    206 122 4 251 173 219 79 183 240 249 15 166 194 83 26 94 226 227 49
    9 219 26 242 6 39 89 167 178 206 210 88 113 182 64 238 228 9 6 9 191
    61 53 230 5 92 182 215 44 27 45 79 50 38 71 170 2 33 162 77 119 38
    182 111 143 206 142 216 228 124 250 120 239 3 49 6 198 49 145 39 1
    136 166 199 75 39 183 201 231 76 105 202 51 182 78 25 183 247 93 112
    209 246 10 17 188 81 70 138 189 188 37 230 92 210 15 166 194 86 201
    94 129 219 48 123 78 250 116 13 96 198 5 100 58 135 157 2 143 18 183
    221 93 71 14 145 112 0 11 175 36 20 211 63 66 181 162 157 186 227
    149 221 226 122 142 114 13 69 148 151 239 29 200 71 92 195 50 170
    156 216 199 192 175 27 2 228 112 23 204 203 236 185 179 4 255 179
    159 214 31 235 40 125 234 6 71 107 104 100 103 133 190 130 125 15
    191 198 149 226 255 12 188 197 3 82 217 136 124 127 176 57 184 88
    106 134 113 227 175 173 136 227 250 192 32 225 175 246 18 0 241 200
    131 109 22 112 60 41 82 171 81 75 157 41 156 71 86 27 222 206 206 86
    218 72 56 113 101 253 50 162 44 132 161 175 126 188 137 22 169 11
    152 66 210 210 228 18 174 58 185 204 166 238 17 180 29 166 93 73 103
    169 166 188 96 86 131 145 219 169 24 114 217 150 166 128 60 244 226
    56 63 251 213 180 236 31 48 228 59 149 169 176 90 196 33 58 42 128
    182 129 168 90 102 23 209 108 47 12 59 6 15 39 27 5 85 18 230 221
    208 39 242 131 89 209 56 240 175 218 7 152 143 189 227 59 48 245 209
    42 186 151 232 238 6 219 14 248 226 90 110 13 162 194 158 113 186
    123 92 184 215 177 105 8 88 85 151 242 252 214 186 72 157 133 178 11
    133 241 206 190 23 181 142 206 157 176 75 211 152 1 50 221 103 124
    223 107 115 231 174 223 189 185 62 38 46 43 179 102 247 181 26 162
    77 160 201 28 147 13 3 193 202 212 117 147 118 45 197 28 204 17 81
    111 170 185 38 208 229 23 24 232 221 139 98 229 128 188 99 118 125
    32 187 115 215 138 112 108 178 128 57 165 26 189 249 53 195 14 129 9
    39 73 20 6 67 81 229 230 211 61 196 160 185 85 103 170 156 206 156
    138 126 178 168 171 74 237 9 117 187 208 210 36 231 16 120 238 91 86
    200 211 187 236 220 14 51 20 145 59 114 54 113 221 196 129 75 126
    238 94 26 200 115 42 200 106 92 57 148 48 74 43 41 221 186 237 170
    21 229 219 216 121 177 25 224 169 113 180 103 141 44 232 94 37 192
    143 113 117 59 15 132 5 242 128 116 162 215 235 81 151 213 113 217
    134 126 165 171 73 225 58 122 142 218 213 90 146 193 88 15 51 175 86
    87 75 89 146 131 198 23 102 178 39 218 126 156 178 173 233 79 13 66
    220 67 51 197 214 250 111 154 1 12 69 32 88 139 134 5 193 127 40 211
    124 96 215 86 67 61 1 90 176 115 112 78 89 17 185 220 145 116 231
    249 103 144 215 66 151 146 242 60 179 127 36 204 70 75 246 38 103
    234 234 224 161 59 244 62 49 219 83 103 36 179 37 29 92 189 206 17
    177 182 53 123 31 70 147 20 20 69 250 130 234 50 93 90 82 92 237 72
    108 250 199 35 72 140 243 66 119 233 45 53 98 167 73 210 222 20 75 7
    78 22 142 80 144 147 113 44 93 11 14 199 186 112 237 67 189 57 171
    40 77 47 102 93 208 145 171 141 58 64 217 158 141 57 250 191 165 145
    196 159 12 112 197 171 191 0 237 221 12 177 30 48 96 26 211 200 111
    205 187 39 136 46 215 6 235 46 102 213 219 220 153 20 182 37 64 159
    230 2 219 178 233 161 180 207 0 226 114 53 169 62 77 235 125 84 171
    103 160 187 77 21 95 217 127 117 216 206 23 163 239 142 4 45 172 116
    108 216 185 162 86 231 171 141 181 159 35 223 74 216 19 173 179 211
    2 50 94 146 221 52 205 48 227 5 200 235 117 228 70 26 183 82 141 230
    20 47 6 101 226 144 240 43 11 16 2 185 252 206 153 203 119 88 121 50
    201 227 171 184 241 173 54 167 211 60 202 166 229 88 127 187 42 63
    114 236 162 128 11 92 28 229 88 136 38 182 56 143 15 176 57 174 104
    20 234 131 56 10 148 27 153 123 111 151 250 60 140 196 133 142 110
    173 209 133 194 48 137 24 246 47 185 116 25 252 28 98 43 209 246 189
    253 43 65 95 191 178 7 144 247 144 204 251 108 77 129 114 105 79 190
    27 58 82 5 96 195 223 46 86 187 20 119 212 243 223 66 239 19 176 12
    136 183 64 71 221 122 70 198 235 153 191 153 65 67 28 99 72 114 51
    231 67 58 8 45 111 69 138 15 58 194 60 222 145 208 211 56 192 27 31
    197 169 153 77 198 102 77 50 9 169 190 75 108 133 207 50 50 111 187
    251 238 75 230 79 136 233 9 98 117 153 165 47 44 30 173 97 145 106
    118 254 72 33 61 204 162 221 187 133 161 24 248 32 248 84 133 196 91
    187 17 134 181 85 28 26 206 183 205 235 38 194 33 169 101 244 105 37
    197 47 132 16 1 245 101 129 60 26 254 206 215 9 81 108 109 241 154
    14 164 232 70 232 17 58 66 173 88 12 120 4 5 146 33 139 109 10 88 54
    205 135 54 219 204 83 203 222 192 68 32 105 233 18 37 89 81 34 11
    151 24 167 21 117 91 254 214 227 13 24 178 60 248 167 101 158 76 6
    209 80 252 85 231 195 166 80 172 180 128 245 189 24 111 193 15 135
    124 161 186 152 92 247 57 132 12 219 170 40 133 23 143 177 45 240
    217 14 115 94 166 59 139 247 185 95 242 92 11 117 15 19 197 163 180
    136 66 70 90 106 146 28 129 207 32 93 39 232 250 119 165 254 123 251
    129 135 69 189 136 145 187 140 235 127 157 80 197 109 236 185 144 2
    87 219 19 221 30 13 127 149 18 23 205 25 132 245 84 0 246 180 196 66
    125 150 134 134 109 79 246 174 53 242 156 188 81 228 128 172 101 252
    41 244 149 126 97 98 31 178 50 247 228 192 228 127 146 6 90 189 87
    253 1 192 44 163 19 157 234 219 227 60 209 255 217 229 214 161 236
    239 192 45 98 228 85 174 111 14 41 87 42 221 142 6 115 60 247 242
    112 219 177 104 198 141 250 74 151 84 221 235 232 252 57 48 186 105
    226 48 51 45 69 219 11 238 34 8 18 220 193 228 13 105 255 135 232
    146 161 101 77 143 24 223 103 16 225 116 51 129 210 67 125 189 19
    179 22 118 148 156 144 149 136 148 34 31 115 133 75 117 240 228 12
    39 158 245 215 203 60 219 43 34 75 115 238 36 84 116 126 208 240 43
    105 48 217 167 87 170 167 88 174 66 153 35 96 69 144 247 213 30 156
    171 206 162 129 242 186 193 33 226 180 32 44 171 127 148 243 7 186
    11 47 187 36 83 219 155 194 23 24 243 100 3 2 48 230 85 187 72 87 35
    177 107 218 131 134 246 1 185 82 177 63 247 20 89 165 16 228 34 151
    211 85 214 165 60 44 12 119 100 161 41 255 207 62 23 28 101 3 147 10
    98 170 38 13 99 151 197 95 135 233 96 93 155 117 48 189 66 138 17
    149 160 182 218 72 45 233 24 239 175 109 222 57 91 75 7 181 240 240
    239 207 52 29 40 100 239 45 76 198 63 225 173 107 108 15 178 169 224
    121 234 80 41 230 248 120 173 7 73 165 199 70 101 128 98 195 188 23
    49 42 172 110 212 86 30 216 86 144 65 86 141 204 29 96 215 99 156
    137 19 182 213 17 48 9 225 19 193 94 115 161 130 67 236 72 185 166
    227 96 251 253 155 88 211 131 9 208 244 205 51 253 15 34 116 197 207
    2 239 126 13 142 214 91 40 140 154 151 129 136 35 71 128 121 239 167
    129 72 211 86 165 74 227 139 69 231 139 231 15 139 136 111 163 24 86
    202 213 227 40 151 167 198 84 229 199 97 208 251 205 175 79 34 111
    93 188 247 135 68 20 45 252 179 191 46 169 71 210 140 57 113 217 89
    224 10 221 54 181 241 23 164 58 40 39 180 203 211 123 227 59 81 101
    59 246 69 124 130 55 185 11 233 252 51 39 254 80 139 163 227 117 73
    104 226 216 233 4 117 219 192 84 32 147 245 66 25 240 140 28 216 134
    112 45 195 102 98 213 132 175 162 193 121 16 163 90 181 251 73 155
    57 61 170 78 90 142 240 199 39 195 224 90 250 63 187 8 75 107 180 7
    94 193 118 42 254 151 5 67 230 184 174 104 136 46 236 57 238 151 51
    50 232 29 130 21 93 76 108 117 242 82 129 111 130 208 140 169 101 79
    65 192 47 142 134 202 51 154 61 50 51 62 251 231 248 68 35 32 133
    110 9 255 31 224 0 198 67 7 166 57 142 17 202 230 190 182 135 66 113
    131 135 253 149 199 114 96 150 120 47 147 196 202 237 117 25 38 170
    229 140 183 227 207 25 2 10 217 65 211 242 222 0 211 164 100 170 174
    59 113 140 40 79 142 43 148 7 52 127 86 45 159 126 183 237 67 116 58
    156 103 18 64 32 123 220 118 240 224 59 115 229 158 166 246 43 78 14
    116 9 43 141 228 127 193 233 68 208 4 216 154 195 35 80 136 88 106
    26 156 138 146 255 63 78 85 253 172 169 237 35 134 130 227 166 254
    12 46 146 235 116 42 105 167 64 117 130 236 70 169 135 45 237 159 85
    155 62 152 170 77 132 85 109 31 172 225 35 185 160 7 122 99 83 198
    159 167 37 177 211 236 189 131 109 48 182 243 99 167 107 252 230 169
    161 131 74 95 101 61 49 139 170 60 237 202 21 71 138 208 122 247 214
    57 86 112 89 69 98 55 48 121 126 224 170 53 83 54 4 242 136 11 164
    15 155 12 6 142 166 57 108 52 33 121 24 112 13 81 193 209 61 168 203
    234 159 95 110 56 38 167 26 87 29 31 193 222 80 209 45 119 248 90
    110 58 216 90 23 12 84 116 220 84 182 165 254 157 226 110 28 16 39
    138 209 114 44 3 213 91 138 143 183 205 105 17 177 97 234 11 250 18
    97 174 177 109 53 65 166 243 41 85 32 158 242 145 142 71 22 195 230
    225 3 246 66 168 74 65 141 197 202 178 36 188 84 219 218 249 77 48
    124 117 1 140 196 10 217 64 254 75 164 133 218 130 50 196 68 171 209
    23 193 127 105 199 68 164 30 22 135 74 212 196 129 71 201 253 160 18
    33 16 61 110 248 246 206 237 252 0 134 197 7 223 60 206 159 36 228 2
    10 244 49 42 34 33 151 184 91 72 0 232 65 33 99 213 117 39 180 179
    188 167 3 141 109 70 137 1 53 92 42 155 172 118 216 123 127 155 36
    247 27 141 233 147 80 156 254 233 133 235 131 33 207 57 223 3 174
    103 132 92 59 140 215 232 30 120 226 119 37 194 120 196 236 247 39
    115 6 149 9 86 204 95 38 253 250 55 46 65 243 184 117 87 80 28 33 28
    26 190 189 179 121 133 154 121 30 83 186 64 140 166 185 143 226 44
    225 67 118 150 36 66 196 116 122 84 2 46 80 132 3 30 86 193 155 196
    3 166 30 235 205 54 202 138 86 83 138 151 232 197 97 194 118 249 101
    110 152 57 253 47 105 39 160 164 199 86 223 246 13 66 229 197 11 24
    24 44 102 73 217 92 68 146 187 178 39 127 169 189 134 3 182 180 128
    30 94 216 30 195 53 10 151 249 192 22 26 193 30 66 25 45 87 69 49
    152 29 253 225 131 79 132 110 129 237 76 208 98 180 196 184 109 11
    141 103 229 231 236 177 201 228 179 222 162 57 129 246 100 80 41 145
    232 8 90 61 69 8 210 180 55 107 224 101 205 178 27 30 132 228 119
    222 213 66 188 71 68 54 89 61 124 142 196 101 26 34 201 104 202 255
    32 215 246 230 135 50 193 99 199 126 71 179 220 196 134 2 93 107 98
    119 124 87 179 63 66 70 31 243 27 199 103 15 223 182 116 207 24 187
    24 85 19 6 102 247 255 156 135 87 170 214 44 195 227 71 47 117 142
    16 212 50 41 97 68 19 126 172 159 4 84 122 162 131 119 23 207 120 16
    238 24 92 15 5 32 200 249 243 52 83 238 100 194 190 222 225 225 87
    22 58 201 39 66 92 245 79 195 234 21 205 78 18 43 120 53 228 212 49
    229 227 35 60 177 9 54 88 201 124 188 108 170 203 159 230 250 55 72
    6 157 197 161 2 145 243 119 105 238 244 28 237 146 236 177 178 214
    118 76 87 117 2 228 54 73 8 78 153 148 7 114 33 82 21 120 57 140 74
    140 126 232 156 125 98 195 22 101 68 163 95 63 165 193 162 229 169
    182 77 166 22 5 242 22 71 43 26 175 35 73 123 122 121 25 131 7 78
    140 133 241 228 129 244 50 33 108 25 77 2 120 87 157 233 45 21 188
    193 151 127 38 254 166 141 223 58 227 243 208 98 226 116 110 208 190
    218 244 238 120 162 8 181 76 31 107 140 134 205 138 236 61 100 11
    215 39 138 153 118 161 194 141 154 203 248 110 44 40 210 96 30 21 47
    252 67 253 70 175 57 219 191 124 219 198 68 230 103 53 116 40 173
    143 213 80 190 27 181 217 111 118 242 188 1 232 179 165 138 30 56
    211 134 223 165 200 88 55 184 154 108 144 211 233 6 45 186 179 171
    237 231 203 165 69 86 123 166 178 163 239 230 73 239 232 11 192 232
    138 6 62 242 59 76 157 160 159 220 12 240 232 65 179 72 211 48 93 10
    85 41 242 35 144 84 105 155 42 124 28 64 155 156 43 90 39 135 148 83
    218 239 26 22 85 65 129 207 219 253 170 152 238 51 247 128 93 132 90
    142 171 139 171 184 65 133 214 30 129 64 252 159 218 219 114 194 249
    223 75 233 51 117 106 135 229 145 67 151 18 235 186 76 48 14 82 36
    73 49 233 110 215 163 90 127 112 233 92 12 172 197 246 215 130 78
    102 47 218 223 197 125 22 229 232 227 17 74 17 34 20 132 130 147 248
    19 34 62 211 165 32 84 3 121 148 92 87 88 234 9 252 217 128 98 238
    113 246 123 73 180 198 30 212 181 167 153 189 51 226 24 63 160 91
    219 224 234 46 144 102 224 128 104 217 92 187 128 2 69 247 242 239
    217 171 133 9 164 106 195 123 119 112 119 143 237 93 117 56 27 141
    90 216 197 161 127 144 96 203 211 121 199 125 171 66 12 54 115 30 80
    100 1 236 157 1 16 15 245 143 190 41 231 154 3 39 135 83 95 250 80
    159 20 33 93 128 228 235 215 37 136 99 62 100 156 6 24 110 166 216
    23 185 100 49 83 255 66 136 114 224 173 168 0 127 199 4 123 43 122
    58 200 181 125 103 159 70 34 93 73 167 34 178 187 7 83 153 206 75
    254 212 73 6 160 117 69 144 48 141 172 119 187 22 14 50 216 254 104
    155 74 135 89 212 187 24 187 124 141 151 207 69 196 148 94 94 145
    255 39 3 145 12 151 79 79 24 129 24 57 137 16 178 6 136 128 110 32
    190 197 251 103 173 71 131 70 130 90 65 38 26 114 236 62 148 75 219
    78 217 210 59 25 43 31 191 134 108 12 146 152 147 195 192 161 190
    191 73 250 230 193 164 40 183 239 186 199 66 206 115 133 19 33 54
    115 175 222 253 123 197 86 210 201 221 53 125 228 136 78 209 117 180
    136 149 124 51 227 64 40 108 78 194 116 220 167 135 199 141 199 147
    33 179 36 33 235 170 33 25 145 80 98 216 63 15 13 221 106 199 189 73
    165 42 249 222 220 148 86 175 124 123 79 239 49 17 103 67 175 223
    203 24 239 242 228 164 203 142 192 99 104 180 153 200 95 129 24 205
    233 92 228 29 207 65 19 215 219 63 33 176 64 24 115 108 175 132 107
    97 156 53 190 250 199 179 5 10 134 84 222 145 173 32 17 84 201 173
    84 24 63 237 127 128 17 176 215 255 176 50 78 176 127 86 16 18 133
    230 78 2 0 189 121 62 160 99 21 10 121 43 82 107 103 181 147 236 224
    23 87 49 92 58 44 97 63 114 200 146 121 187 190 195 132 164 16 81
    112 182 146 180 53 162 116 126 197 171 110 253 117 49 219 74 65 36
    61 42 91 110 254 119 16 49 248 141 145 75 247 141 50 157 60 200 240
    49 33 236 10 16 216 155 74 30 21 44 229 178 223 158 138 235 5 192 53
    157 87 11 255 234 119 21 53 122 80 30 138 193 67 206 79 101 217 176
    12 56 33 57 136 56 107 42 227 32 235 255 109 113 230 21 253 186 219
    114 243 206 100 167 37 92 38 75 127 3 144 236 189 4 27 28 187 92 204
    30 251 222 118 57 255 154 232 209 117 13 129 139 44 21 151 206 124
    103 50 220 117 130 214 119 106 177 38 235 172 102 106 243 21 60 56
    112 164 208 164 46 222 213 77 52 102 107 156 3 143 254 118 18 133
    171 200 237 57 251 205 3 195 33 207 191 39 55 211 210 104 99 45 255
    8 235 63 136 129 109 206 152 43 210 71 59 174 166 215 11 2 14 48 170
    51 42 69 169 58 16 155 203 167 250 191 189 44 1 248 227 49 6 249 113
    71 228 62 156 38 214 186 208 141 172 250 130 178 242 160 231 121 150
    245 242 14 241 44 151 192 230 5 23 146 59 80 138 154 52 109 157 250
    148 161 9 129 69 27 79 218 132 7 191 41 128 7 141 14 114 48 100 28
    14 52 208 68 30 137 61 175 117 177 138 181 87 46 197 103 173 195 19
    174 82 66 165 149 249 140 22 44 138 242 201 235 144 154 101 217 128
    190 211 54 216 50 65 187 78 56 136 127 202 227 223 201 76 142 55 178
    214 211 169 218 212 250 9 86 227 113 154 38 154 52 95 126 73 201 100
    8 33 157 73 9 86 157 230 127 73 4 6 63 129 121 226 11 14 17 178 39
    150 107 133 55 143 138 57 180 31 182 220 33 83 120 114 53 23 255 67
    128 79 252 202 144 143 9 83 67 251 42 138 44 140 219 18 41 87 152 72
    184 157 8 253 50 223 1 142 193 13 16 152 41 38 38 10 181 140 203 213
    90 246 191 19 161 141 60 161 211 165 232 156 185 168 126 236 211 92
    225 141 91 123 245 214 212 117 69 97 91 159 230 216 109 202 90 102
    77 46 252 86 13 226 245 75 19 178 146 155 160 79 238 82 12 158 86
    149 86 54 224 41 143 68 192 151 154 141 210 215 116 235 9 119 5 120
    70 159 201 180 212 77 21 127 35 28 106 106 44 189 223 128 66 140 234
    35 194 168 157 12 18 186 253 16 222 21 136 15 241 181 225 189 24 252
    139 1 51 205 254 51 66 187 91 122 47 141 169 120 39 218 112 5 180
    187 96 199 62 157 240 200 50 50 206 105 60 37 160 108 166 155 5 221
    253 79 153 84 142 31 131 53 127 157 78 114 128 138 31 220 36 95 35
    80 128 178 125 238 224 148 38 40 223 66 121 7 247 42 105 211 41 133
    193 207 228 72 39 62 232 238 75 56 100 127 184 87 208 37 172 54 224
    93 153 216 229 152 111 20 109 188 225 62 191 174 83 203 224 240 211
    147 74 114 185 200 150 0 1 238 222 97 211 230 144 147 136 207 193 97
    172 156 100 38 72 152 164 245 51 196 68 158 13 169 80 101 187 111 51
    242 30 232 123 99 197 119 218 231 138 135 205 60 225 181 60 199 50
    71 10 56 43 67 113 224 220 21 83 247 93 58 124 37 241 248 36 230 7
    141 95 41 146 4 43 237 216 114 127 158 52 106 136 227 248 247 228
    192 43 21 131 55 224 7 241 116 254 169 106 237 27 82 208 220 213 195
    194 114 142 129 226 44 151 17 46 58 131 159 73 222 0 237 55 137 164
    158 100 39 218 197 179 226 51 67 98 103 155 162 54 215 85 21 106 25
    141 235 1 109 29 202 130 168 247 245 28 104 211 141 113 183 237 248
    42 200 144 205 39 252 201 232 151 22 87 209 240 150 9 148 174 232
    206 237 166 82 112 176 208 191 206 97 24 110 137 37 122 22 178 83
    195 124 18 0 153 135 30 20 107 100 90 46 214 219 52 54 209 99 177 37
    28 90 135 79 7 135 147 228 164 203 210 74 243 227 255 75 152 156 129
    182 35 156 185 83 146 98 57 18 8 218 122 234 249 182 193 36 228 130
    251 123 14 12 50 85 53 60 74 174 6 109 215 255 65 166 16 155 38 172
    8 89 162 241 161 152 173 136 249 83 190 234 47 150 185 44 215 139
    135 229 221 119 167 63 66 74 220 181 137 107 74 191 219 157 143 31
    13 81 12 128 252 34 161 108 238 116 2 199 222 154 57 121 139 142 193
    240 136 36 114 115 45 36 133 77 231 249 54 115 211 68 207 85 112 18
    93 73 65 18 138 56 176 45 151 87 105 154 182 215 115 199 159 23 120
    146 218 4 94 195 158 25 59 237 151 142 140 58 10 245 214 233 196 25
    101 121 103 241 231 240 212 66 123 193 107 240 112 245 27 22 87 209
    181 124 154 97 232 16 206 97 167 52 84 202 115 123 151 147 127 247
    40 230 238 18 176 84 47 116 245 125 69 65 53 73 98 52 114 214 124
    169 211 165 168 78 71 250 254 37 90 22 127 194 107 24 154 147 90 155
    102 194 50 179 93 64 233 169 184 169 42 73 221 211 237 75 219 47 143
    114 179 193 159 17 233 221 73 250 225 230 33 189 197 143 176 59 224
    120 97 141 146 43 143 48 124 152 120 245 18 161 72 15 17 220 151 176
    125 80 10 79 195 82 137 165 181 52 1 37 21 19 127 218 126 50 101 219
    53 231 93 5 197 226 223 152 221 86 32 57 142 153 124 201 193 98 151
    159 232 22 252 207 186 200 142 154 245 122 169 160 245 35 87 1 141
    29 102 141 78 110 106 226 129 104 32 63 175 34 252 138 121 14 139 61
    37 7 149 124 127 137 94 85 193 179 237 59 8 97 20 203 33 255 102 171
    222 192 188 12 125 154 205 170 26 98 227 87 90 91 217 87 131 105 49
    125 23 25 41 52 181 189 94 220 171 34 48 121 7 212 16 95 151 160 228
    163 56 130 97 250 109 206 224 103 69 172 59 86 47 234 169 19 197 123
    99 247 251 125 76 131 229 157 95 206 156 86 121 60 109 112 191 129
    107 16 108 151 102 154 184 228 16 168 219 180 29 56 78 188 248 250
    69 49 38 28 108 182 229 201 61 220 100 88 190 183 231 131 204 63 149
    96 6 133 157 80 34 4 187 250 37 222 113 96 121 61 153 67 68 98 15
    157 18 83 227 101 114 255 188 93 74 131 6 112 33 12 35 63 107 72 208
    101 251 202 178 61 155 250 250 11 144 54 177 150 204 235 19 100 188
    22 76 214 100 171 19 229 143 35 119 107 22 119 188 107 52 47 10 30
    117 52 236 130 109 153 111 211 218 98 121 67 105 161 166 228 215 53
    51 17 59 73 117 223 184 139 25 84 113 144 0 165 151 233 61 255 204
    235 234 77 62 71 20 131 207 161 40 218 205 120 54 21 41 96 216 10 62
    162 76 144 5 157 130 77 13 9 252 145 192 26 181 72 197 153 59 3 79
    163 199 34 248 119 135 75 122 154 113 62 139 38 113 220 49 198 21
    191 97 227 81 246 18 205 76 240 108 74 152 236 191 146 84 252 145
    181 124 154 66 147 117 94 238 86 151 235 110 185 178 10 230 185 55
    159 190 254 10 95 210 213 24 82 118 191 128 58 159 127 184 208 1 175
    107 41 211 162 135 22 78 136 91 247 224 118 84 64 4 48 67 94 254 44
    143 153 112 105 232 219 154 39 83 127 110 179 181 229 98 161 6 113
    60 26 138 128 11 163 232 111 143 60 126 154 20 190 15 182 72 180 219
    239 66 55 145 35 23 233 224 253 237 123 19 172 161 60 51 79 182 28
    239 114 24 192 8 163 15 226 252 181 231 121 22 175 168 34 88 0 237
    114 249 9 168 155 216 187 36 44 172 50 45 255 207 2 127 181 4 33 112
    101 90 209 33 3 87 185 203 74 190 107 20 156 10 144 192 218 44 236 9
    189 70 243 172 203 26 254 95 60 12 245 235 248 156 39 123 33 218 23
    231 191 38 213 93 12 180 104 137 195 101 169 37 247 214 52 115 125
    88 128 66 180 130 182 137 17 132 117 192 121 163 99 116 11 173 132
    65 88 91 172 140 18 90 63 32 8 72 38 229 162 67 151 90 46 29 36 124
    151 229 220 230 20 22 245 177 223 192 231 105 67 67 22 238 119 69 17
    197 101 64 179 167 187 25 220 78 174 126 48 82 102 252 44 0 112 162
    42 164 6 72 55 96 153 21 175 75 148 99 37 144 18 122 200 65 35 164
    63 31 105 114 93 97 220 118 9 239 23 91 228 189 217 206 154 84 98 60
    149 3 11 45 87 248 9 121 1 43 132 38 230 177 105 160 18 120 224 224
    28 195 47 47 167 149 70 78 140 97 124 36 25 182 240 115 51 79 91 201
    125 182 44 131 250 199 86 46 78 73 115 68 15 146 251 8 116 35 97 95
    105 45 195 108 64 25 132 251 153 190 36 137 64 220 177 164 62 232
    220 239 70 33 104 163 225 195 194 143 222 255 47 186 250 30 221 104
    123 125 176 31 205 164 96 236 66 137 175 224 117 9 102 69 170 76 81
    177 195 196 244 46 126 194 150 125 240 17 165 79 122 168 59 86 148
    100 189 99 9 79 86 151 251 188 222 213 40 136 78 186 49 133 245 182
    56 92 210 11 108 104 20 115 230 142 56 193 175 202 170 213 240 57
    125 137 107 111 142 93 81 22 79 85 89 88 96 59 144 155 142 220 228
    204 190 197 7 240 172 164 56 226 14 233 251 204 136 103 200 50 98
    110 28 125 23 237 40 45 59 173 68 177 135 105 252 112 146 192 202
    114 195 123 226 37 122 21 3 221 13 206 47 113 147 201 17 12 233 14
    149 202 108 232 161 253 183 103 120 177 133 19 243 138 148 184 46
    192 68 84 94 230 80 111 94 209 24 181 208 118 3 174 30 246 225 143
    114 168 33 75 39 49 9 99 14 54 210 149 189 243 152 98 113 89 7 165
    82 199 75 36 129 122 64 214 210 17 214 142 162 107 178 255 136 153
    248 243 105 191 129 43 103 82 131 159 55 132 136 61 1 38 174 158 134
    91 106 25 76 100 102 15 164 162 34 154 185 199 138 95 240 15 167 90
    249 136 102 238 89 238 40 60 162 22 219 244 147 20 132 6 80 133 187
    186 21 182 226 36 91 33 132 249 2 65 57 89 112 24 212 129 246 210
    209 241 180 252 54 79 151 159 170 214 226 130 91 57 120 244 248 150
    49 207 106 205 106 153 193 91 157 81 44 172 229 43 232 99 134 214 91
    252 139 218 103 91 123 190 126 32 113 63 133 169 180 1 15 91 221 187
    237 203 52 227 159 146 108 200 168 158 101 202 220 248 5 194 154 91
    225 5 162 245 69 216 205 3 75 233 217 191 146 120 224 216 141 198 93
    29 117 112 116 176 91 193 78 13 107 60 91 98 6 84 42 179 68 87 0 59
    201 18 60 119 77 103 74 116 30 136 109 200 139 202 17 48 202 102 150
    4 21 69 243 129 47 168 213 131 230 150 247 47 127 118 120 17 162 120
    76 164 134 98 114 174 122 110 222 186 217 127 153 90 137 169 12 74 8
    189 160 146 80 20 40 112 136 192 75 239 62 182 164 50 40 187 55 126
    61 226 129 123 60 171 248 76 66 76 119 231 111 117 8 44 30 101 132
    76 14 166 91 77 176 26 113 46 57 11 17 234 225 140 17 228 104 251
    131 56 24 131 34 187 213 64 193 97 53 172 129 143 65 164 127 216 203
    180 169 192 56 211 113 31 162 3 189 52 32 216 37 27 176 251 18 21 16
    71 182 180 69 146 249 157 78 185 136 53 72 74 99 186 175 115 60 233
    86 136 232 49 138 229 36 159 0 245 144 217 3 184 187 115 78 165 53
    33 72 33 114 185 0 86 64 114 18 215 153 53 13 250 102 98 116 25 230
    255 45 250 204 253 10 114 250 79 98 188 117 176 225 173 31 6 135 141
    247 234 226 240 143 139 193 205 62 57 80 172 218 167 13 175 96 62 48
    68 113 34 98 85 24 170 21 125 124 34 84 178 88 66 111 150 138 72 150
    39 62 59 195 197 254 173 46 4 222 30 100 216 85 80 137 216 147 148
    47 126 33 74 120 30 192 254 217 101 180 70 212 22 223 197 178 36 71
    67 133 97 167 91 72 210 56 104 239 230 34 228 89 76 141 42 11 179 44
    45 161 170 244 237 54 106 248 10 173 248 208 216 7 252 138 29 124
    173 221 134 161 175 233 236 20 68 115 83 22 112 125 220 118 54 149
    85 93 223 189 152 57 110 172 199 109 27 129 103 184 180 25 18 147
    234 138 195 36 101 222 143 124 221 71 33 55 172 124 68 70 219 70 173
    190 94 52 52 81 185 120 83 8 57 240 55 215 240 89 47 104 30 206 100
    212 66 82 15 118 59 251 156 133 112 180 74 91 20 133 211 221 72 232
    44 239 154 192 104 118 159 205 103 160 98 81 134 125 160 90 98 107
    181 157 252 1 157 6 136 84 217 47 111 162 15 126 56 168 36 168 41
    150 130 222 162 221 79 128 4 232 119 56 41 192 209 8 185 128 90 174
    105 243 100 189 134 245 252 183 39 26 119 246 206 182 199 153 11 54
    49 185 42 234 166 205 192 234 254 152 252 9 106 27 47 173 97 61 54
    116 240 108 170 62 37 99 138 26 42 204 158 8 3 218 58 199 80 165 180
    33 226 188 222 28 121 31 12 208 176 242 106 227 213 204 22 65 186 73
    13 249 125 3 236 113 237 3 215 157 203 166 182 78 182 101 167 2 24
    202 253 122 177 255 139 241 186 191 44 111 222 217 229 238 110 61
    172 81 88 194 55 98 239 179 48 201 83 202 139 224 95 255 57 202 252
    187 37 14 191 13 74 76 85 117 238 21 96 21 150 148 149 101 5 48 242
    197 63 222 196 111 41 173 23 249 151 2 93 164 215 27 88 64 99 8 129
    87 106 230 10 136 223 168 120 64 61 20 210 72 157 59 144 103 156 150
    240 220 103 148 117 64 156 103 148 32 188 61 195 135 215 242 91 63
    198 98 16 151 32 49 1 153 105 146 104 25 46 93 234 194 50 6 38 214
    77 225 50 197 55 112 186 58 57 197 112 9 138 230 166 244 218 244 201
    142 146 33 120 12 217 197 17 47 99 28 179 170 29 68 251 0 192 167
    210 181 179 117 77 218 174 233 232 250 14 188 242 90 30 188 132 161
    69 158 130 87 22 114 234 85 47 43 141 189 74 65 24 123 204 219 55
    169 207 115 192 100 58 150 86 8 204 174 115 89 9 170 103 231 194 86
    195 7 86 34 82 2 124 193 45 165 55 167 96 229 191 6 39 101 250 141
    145 154 10 20 52 214 140 237 33 182 145 232 91 33 154 31 212 60 215
    21 193 127 191 141 226 139 143 21 142 121 198 64 186 15 157 215 236
    218 205 118 133 91 221 144 230 216 249 19 42 186 183 35 250 127 224
    5 37 130 107 221 241 84 85 30 156 125 52 101 30 105 110 103 237 157
    124 13 71 100 144 145 166 111 248 8 122 122 227 67 137 219 248 251
    62 188 42 21 210 204 16 178 69 218 17 96 35 147 194 227 96 93 70 159
    73 169 88 70 63 114 88 4 126 34 91 201 11 213 30 173 43 184 142 136
    161 142 65 41 168 231 194 140 212 189 140 201 30 17 148 236 173 132
    59 138 78 26 159 142 180 19 161 168 216 210 130 164 103 144 83 203
    30 241 251 50 74 81 163 151 51 124 119 247 152 85 75 107 102 38 108
    147 244 125 56 64 97 141 235 72 142 169 5 242 175 200 114 53 30 237
    217 79 131 75 108 3 89 127 26 206 154 38 129 222 163 195 187 26 161
    226 222 140 93 161 228 137 135 17 211 35 53 133 246 163 218 10 237
    255 168 36 26 37 108 103 183 76 133 81 183 35 51 73 207 123 229 3
    151 141 196 44 210 51 95 230 14 187 217 44 77 253 174 107 39 180 59
    250 161 77 5 99 80 23 129 240 241 128 196 237 207 215 17 100 88 183
    169 89 156 65 58 226 41 129 252 249 4 90 71 198 34 147 255 79 205 28
    134 219 99 204 102 108 179 139 75 6 59 27 37 168 170 159 154 204 51
    143 172 103 224 196 19 52 13 39 145 133 62 153 120 192 165 166 192
    111 10 206 55 115 121 55 176 229 162 140 215 108 75 185 103 6 83 1
    182 7 192 55 66 113 142 167 223 199 170 166 78 134 83 104 46 31 4
    159 210 192 180 111 241 27 130 193 232 13 133 164 3 56 81 201 251
    250 27 150 240 101 36 94 121 17 120 232 219 11 132 99 247 7 17 232
    33 100 8 69 250 161 53 110 138 58 51 91 36 230 120 226 1 31 5 117 91
    203 12 2 32 18 3 172 49 252 253 95 198 93 79 39 176 12 45 123 117 45
    25 1 154 41 205 198 172 215 16 137 107 234 43 82 73 202 157 14 139 5
    10 103 225 114 234 249 124 184 223 14 132 41 242 145 176 20 108 127
    38 154 15 235 107 248 34 114 74 102 181 169 79 192 136 18 122 208
    184 27 228 99 214 29 19 250 254 162 208 49 71 8 49 192 74 59 229 121
    84 5 119 106 74 241 149 85 136 180 158 204 18 24 122 222 207 79 238
    10 134 136 218 153 109 185 232 248 208 49 209 135 83 119 254 231 134
    11 55 193 52 58 141 92 126 140 47 169 222 241 241 251 237 64 174 161
    148 244 141 58 29 161 85 92 168 134 145 175 111 11 164 95 133 210
    101 47 165 65 221 61 200 191 152 40 202 126 87 214 249 24 135 64 2
    26 16 241 123 164 192 57 57 71 42 77 82 191 57 84 117 63 64 111 181
    133 132 120 101 1 79 160 182 85 89 117 236 245 224 36 163 120 195 6
    60 207 41 151 238 85 25 57 211 83 96 79 208 141 121 154 190 242 191
    189 122 246 236 6 146 189 153 120 121 35 246 71 221 249 14 103 105
    125 97 172 182 135 21 104 72 207 69 193 217 145 137 179 59 25 153 14
    233 134 91 210 222 77 62 150 69 165 42 252 150 178 64 109 4 188 8
    129 90 158 250 249 185 102 77 84 4 61 175 171 85 201 44 175 249 1 3
    180 143 33 7 144 225 24 2 219 198 141 189 0 21 94 85 221 25 156 154
    40 193 68 48 217 132 39 88 49 170 32 210 112 181 162 134 148 18 217
    32 174 235 164 175 236 234 65 83 18 179 211 216 183 109 175 40 155
    211 147 136 65 58 52 227 191 111 1 229 165 20 153 228 166 181 163
    235 152 48 43 229 92 158 99 193 245 88 0 11 81 156 61 136 175 125
    117 32 35 1 96 174 152 111 71 63 32 82 114 120 107 116 118 93 120
    127 199 56 199 71 64 87 82 21 77 237 79 107 11 24 132 44 128 49 58
    205 5 108 21 223 221 87 218 51 219 226 56 6 120 233 32 108 220 44 35
    174 178 124 183 250 111 230 14 137 73 194 34 78 199 48 93 139 197
    225 62 144 204 201 99 226 246 103 4 68 29 205 234 90 81 59 175 212
    94 158 225 123 138 244 110 238 66 41 254 142 6 169 86 222 18 140 227
    37 202 111 23 58 62 77 153 172 245 20 115 81 230 207 67 215 30 184
    161 234 138 201 165 228 83 0 231 55 190 84 76 222 54 105 184 84 253
    250 190 171 247 68 240 190 60 192 98 71 39 192 30 34 172 237 84 144
    162 9 165 185 79 9 0 238 218 194 16 214 158 225 114 226 224 39 52
    171 50 139 44 135 167 176 228 216 160 26 109 173 146 41 66 87 113
    184 195 81 186 154 101 18 190 210 221 149 111 177 194 161 15 219 221
    95 248 4 239 151 150 194 64 52 70 199 6 220 100 135 57 68 190 1 148
    240 34 43 95 98 131 200 14 28 98 11 192 111 145 156 58 122 47 231
    226 220 56 64 92 67 113 171 106 50 100 113 152 34 191 235 77 70 53
    81 195 14 211 143 64 180 176 21 98 221 211 21 83 25 10 73 74 188 199
    122 42 215 167 86 179 138 41 101 67 177 87 226 87 32 144 170 68 231
    8 127 113 47 234 214 202 161 125 149 160 132 151 189 188 198 139 52
    118 49 110 219 220 251 108 222 132 255 148 197 4 174 206 239 203 155
    243 189 37 48 68 136 207 55 150 26 58 7 136 233 149 209 41 203 164
    104 207 233 84 83 240 188 38 143 3 22 115 226 16 254 143 55 225 171
    103 188 216 249 196 237 88 95 43 233 239 114 202 126 149 170 71 241
    9 205 98 241 149 168 86 186 38 176 82 137 55 170 101 53 69 6 127 23
    69 163 37 161 30 239 95 246 241 77 222 61 252 46 12 248 254 246 167
    82 102 24 31 248 146 148 231 216 251 210 9 248 163 91 20 99 34 140
    223 35 114 224 94 166 25 76 88 255 30 191 92 178 104 212 134 229 9
    135 246 205 25 52 164 51 37 134 112 86 78 104 116 241 33 166 230 1
    101 206 132 9 98 8 180 95 35 61 159 101 209 6 72 221 228 131 109 7
    216 227 248 207 8 93 49 185 190 85 140 193 87 128 251 177 224 135
    141 207 212 164 202 243 9 236 24 157 55 96 224 128 184 17 217 91 121
    31 150 161 216 12 225 173 98 121 155 216 236 181 190 13 223 158 237
    128 51 153 237 27 65 211 25 146 58 122 200 193 203 101 12 235 164
    172 184 106 1 96 68 214 5 119 136 207 235 223 93 211 90 54 87 27 80
    52 138 40 210 60 212 129 147 130 205 180 30 179 152 145 48 116 241
    144 77 20 93 174 15 94 253 241 157 209 11 198 57 69 210 230 209 59
    15 86 69 3 254 80 176 224 158 94 227 247 242 60 61 207 248 155 229
    38 250 162 71 187 106 28 17 118 27 223 89 158 120 247 236 114 51 88
    11 225 129 47 140 185 86 116 210 248 169 140 77 192 91 86 77 199 77
    78 74 212 205 26 102 165 71 223 169 240 218 11 216 114 186 235 11 13
    89 222 195 192 209 225 48 67 87 31 153 76 47 220 170 116 131 20 171
    163 154 222 252 242 78 130 146 222 237 98 240 230 167 142 205 195
    220 53 61 231 32 204 59 211 243 230 98 124 173 57 208 37 244 195 161
    66 71 24 208 230 48 157 154 127 230 113 118 213 173 197 3 120 212 56
    42 50 36 147 45 26 66 254 47 236 118 22 212 100 27 124 11 177 4 183
    220 111 180 168 16 79 236 182 169 216 86 32 30 9 39 148 242 24 203
    79 53 15 205 203 22 153 79 166 230 153 90 9 56 63 238 183 49 54 155
    41 242 104 112 38 63 89 224 100 169 67 14 215 75 80 34 171 47 53 100
    47 70 222 255 222 64 144 34 90 17 121 33 59 201 26 183 219 63 216 80
    237 120 152 89 157 226 112 31 119 117 144 21 32 192 215 3 240 41 131
    242 19 105 33 8 120 144 200 107 217 109 30 155 124 49 151 124 194
    197 250 57 237 16 213 81 251 154 106 146 75 202 56 141 242 110 227
    120 9 231 73 243 145 195 172 29 202 139 251 124 88 74 95 92 29 145
    83 122 87 17 24 64 222 144 173 210 48 178 150 78 111 212 231 126 114
    171 187 183 101 202 191 220 76 67 201 35 164 121 167 64 250 1 165 60
    213 1 110 25 78 79 59 143 187 32 215 180 35 132 249 2 251 224 210
    183 94 79 229 67 162 65 10 159 234 42 125 134 198 123 75 130 36 246
    244 15 76 236 246 75 224 224 51 75 209 108 199 160 223 243 58 239
    103 196 102 204 85 217 76 191 244 134 45 203 254 113 133 218 119 23
    212 6 118 81 140 43 46 248 164 89 23 51 248 25 154 230 10 175 178 19
    4 229 130 183 58 231 194 24 85 180 66 32 222 219 69 223 67 12 172 7
    47 89 118 154 6 59 30 79 131 133 68 180 88 192 68 154 97 143 136 225
    185 233 63 117 252 206 28 227 90 124 226 132 252 205 81 109 117 207
    186 57 139 170 83 79 182 174 104 76 154 230 93 19 151 228 214 75 229
    21 188 172 157 94 182 0 117 99 218 149 98 250 121 33 229 88 6 154
    121 124 113 81 254 240 180 128 241 190 191 173 50 208 114 226 85 62
    202 147 223 153 131 134 11 196 214 154 235 180 89 131 218 86 115 150
    172 31 29 138 114 189 155 165 188 229 84 71 68 142 4 232 179 194 25
    251 177 176 87 248 3 123 207 131 242 103 60 129 173 71 238 236 81 56
    236 31 231 5 178 210 16 78 10 110 170 221 215 202 95 161 178 14 12
    99 118 42 114 50 34 127 247 65 19 52 30 180 84 122 246 47 216 30 69
    90 40 99 75 71 96 167 171 110 241 88 49 42 158 93 243 129 205 2 130
    115 221 82 160 144 7 64 180 146 244 84 197 133 172 158 222 95 85 0
    27 4 233 72 17 100 168 32 49 69 41 196 237 221 24 62 85 223 86 254
    116 15 229 17 169 152 27 108 222 166 14 64 45 223 145 180 204 44 50
    57 237 169 150 248 33 15 99 154 39 220 230 248 73 223 118 139 59 58
    82 7 211 199 125 25 185 223 54 63 159 113 232 15 231 188 114 190 115
    212 206 35 104 20 56 203 160 63 102 136 112 1 10 76 242 49 199 53
    186 14 99 38 122 202 124 210 66 142 108 164 222 22 156 37 208 158 4
    37 62 42 65 245 186 68 9 97 27 120 138 103 117 35 153 172 14 105 228
    108 91 155 93 167 170 126 185 137 237 207 92 155 229 146 233 62 82
    173 241 93 84 85 167 117 1 52 78 9 102 167 128 209 53 12 227 250 242
    122 202 190 55 118 76 102 229 71 64 169 220 196 222 100 138 242 24
    77 242 159 139 106 97 23 160 63 81 17 124 133 211 215 44 42 49 69
    149 3 89 137 139 133 160 70 241 53 79 224 156 76 192 103 159 152 11
    63 228 109 54 238 0 79 222 130 2 204 59 109 243 129 160 7 26 6 64 43
    91 172 167 42 244 167 137 62 68 234 188 139 110 73 90 71 203 4 128
    221 227 210 0 68 181 226 61 158 225 124 147 129 220 5 224 101 255 68
    207 171 46 142 82 67 29 173 34 194 59 159 184 241 165 178 144 234
    166 125 190 215 231 91 88 183 23 225 12 140 155 174 0 210 118 234
    128 31 44 115 99 228 196 51 205 119 15 182 189 131 149 93 174 76 216
    173 107 76 172 57 243 242 49 1 61 168 161 198 126 216 139 198 135
    248 206 237 58 141 243 5 247 84 2 67 180 64 129 187 214 252 88 220
    99 70 190 67 243 204 176 74 183 20 168 99 25 89 10 142 246 166 166
    18 108 217 90 29 49 82 75 123 65 112 64 192 101 4 124 125 237 65 212
    131 149 112 203 134 236 72 253 124 127 146 226 233 74 39 246 79 13
    142 210 142 21 214 229 219 128 210 110 10 7 211 120 230 129 228 42
    123 94 237 71 121 62 172 44 127 254 105 56 39 250 33 6 250 128 94
    239 213 38 10 217 32 181 243 53 86 6 232 191 172 244 254 76 51 93 0
    43 141 106 69 116 133 176 80 93 123 93 229 146 196 125 222 243 125
    71 2 243 209 13 251 251 254 189 59 184 147 63 170 18 199 210 16 81
    123 189 61 101 127 86 145 236 225 94 142 37 223 22 7 189 49 90 107
    237 241 36 111 43 15 109 42 35 136 124 164 80 2 68 39 74 101 190 134
    15 46 229 167 177 104 30 144 227 32 11 66 135 54 197 109 108 120 14
    1 11 179 40 80 15 135 143 151 15 90 66 127 97 227 20 230 152 46 6
    121 93 206 199 180 29 251 218 170 40 89 27 239 209 100 18 65 197 117
    1 215 16 183 46 9 65 253 12 202 238 142 88 62 0 60 60 47 97 146 3 36
    3 71 108 245 187 79 90 250 176 23 95 105 50 119 245 42 18 52 43 198
    51 109 233 220 187 232 16 238 0 61 231 26 185 181 122 99 163 80 175
    97 24 177 156 189 253 56 61 52 92 207 143 141 20 236 26 127 209 82
    139 98 170 156 40 15 72 59 145 233 112 65 4 175 231 100 135 248 44
    187 223 87 240 6 244 148 193 148 125 186 240 186 94 253 136 242 229
    189 190 146 240 188 110 253 12 79 193 70 205 193 212 142 136 162 81
    105 172 106 4 249 1 216 225 181 205 194 19 237 131 51 16 149 248 195
    206 214 62 42 113 100 65 30 81 245 43 209 67 191 219 31 2 194 223
    253 196 30 39 64 226 159 216 10 21 109 30 185 54 236 14 58 227 107
    187 46 213 212 52 251 9 210 26 36 184 16 22 36 59 187 158 113 228
    112 30 49 78 124 34 199 231 171 62 116 248 194 224 157 157 4 239 193
    102 185 218 213 77 65 103 28 45 43 157 131 107 38 116 63 154 185 90
    1 94 9 192 61 83 241 145 12 119 217 84 245 53 2 227 61 136 134 170 5
    67 22 43 66 26 97 70 167 200 248 220 21 234 168 68 234 252 145 202
    10 2 173 142 178 135 113 111 180 16 18 161 138 214 135 47 85 33 109
    123 249 136 41 192 159 236 142 246 119 140 143 228 111 3 78 57 42
    183 84 166 86 41 12 61 255 31 235 51 158 194 130 23 30 86 153 163
    251 117 121 8 66 186 200 28 11 144 84 142 102 118 160 121 102 59 45
    75 58 84 200 81 6 39 146 221 196 41 149 230 37 224 18 175 210 168 31
    4 185 112 249 12 41 163 220 241 52 22 99 177 245 154 202 0 24 182 37
    136 56 221 144 247 138 138 3 230 31 106 190 18 72 132 39 99 187 29
    152 135 137 79 156 248 11 6 17 247 32 121 202 81 225 197 53 61 154
    35 79 41 160 49 29 102 50 181 195 165 183 250 10 147 249 50 42 153
    50 84 58 159 249 109 171 131 63 133 232 82 32 62 204 122 161 149 70
    98 62 95 82 100 196 104 155 165 1 135 26 155 216 55 21 35 194 208
    252 39 121 107 94 198 165 206 205 20 138 119 235 217 70 144 143 193
    202 197 242 56 223 216 97 52 25 255 202 128 106 100 135 186 12 117
    25 136 58 143 23 76 147 98 143 8 187 92 175 188 101 246 7 50 238 72
    108 58 79 253 132 219 252 207 63 24 228 195 207 195 122 165 126 43
    107 102 216 83 123 214 145 252 182 87 55 133 125 160 202 117 3 53
    236 13 7 177 176 73 37 229 149 155 238 172 8 143 92 135 168 166 151
    175 69 169 250 199 101 175 129 233 250 64 172 9 239 170 208 13 107
    94 115 222 119 162 191 63 145 53 80 180 224 152 89 244 35 242 152
    127 12 75 45 141 11 85 122 155 229 104 70 128 150 169 112 124 110
    154 73 246 115 134 86 31 126 2 129 28 151 103 102 204 22 122 220 119
    125 23 115 19 201 133 146 152 116 68 201 86 56 65 213 5 156 171 125
    83 3 17 82 61 151 61 124 138 76 124 75 32 201 228 2 49 86 202 94 45
    171 25 164 184 146 49 106 209 98 22 76 149 0 128 209 126 43 173 117
    9 77 191 31 161 98 151 87 71 76 118 83 118 199 135 228 231 176 105
    38 20 93 255 141 7 69 36 186 56 242 135 154 255 87 68 44 218 2 78
    110 181 149 185 136 180 186 166 182 160 138 152 115 208 8 16 80 174
    45 81 111 65 110 75 217 213 165 134 46 194 185 133 221 93 61 235 49
    50 194 158 244 154 43 3 94 217 159 24 190 222 130 88 220 32 227 9
    211 14 141 196 203 167 193 81 11 96 2 199 68 218 56 75 70 102 88 68
    70 196 44 31 2 76 39 231 75 212 166 252 168 153 57 41 6 37 4 104 55
    198 238 190 70 200 97 64 98 123 165 38 209 98 186 12 94 144 103 130
    49 180 89 200 180 154 179 210 45 41 108 228 87 44 139 70 71 183 127
    162 69 232 190 227 138 183 214 87 126 222 44 47 141 44 251 87 87 106
    124 78 104 232 181 246 15 66 175 57 241 176 82 192 219 44 231 184
    184 43 197 139 17 153 49 107 157 43 218 8 24 2 249 242 77 232 6 150
    80 61 171 54 233 43 146 131 202 62 11 102 77 192 4 249 20 115 116
    222 148 125 115 92 252 7 55 101 176 137 231 172 79 208 192 15 88 205
    50 161 200 189 83 201 154 226 50 80 93 97 191 134 180 235 200 161
    148 148 246 232 39 189 101 2 69 7 161 166 231 30 104 108 40 203 114
    132 16 29 4 185 236 82 198 248 246 76 78 37 254 220 153 238 46 243
    39 105 14 108 76 222 164 95 48 202 228 59 205 219 175 111 90 85 102
    72 239 39 117 4 55 12 11 29 100 88 3 182 177 4 22 36 200 240 187 60
    189 3 171 49 99 87 136 81 202 170 165 130 164 14 75 50 44 213 164
    246 212 129 121 167 198 206 76 202 51 211 23 240 120 120 84 189 9
    164 61 222 23 153 167 82 245 157 235 214 25 190 187 10 33 144 105
    214 205 236 99 173 143 225 216 24 169 216 19 49 42 1 175 118 110 114
    84 121 104 238 181 145 163 97 141 237 119 44 177 112 238 137 194 10
    147 247 201 149 102 164 61 84 121 156 86 247 191 122 92 51 12 206
    238 241 2 255 196 83 13 251 104 16 112 106 158 238 195 59 211 86 7
    75 190 152 190 196 93 33 7 84 159 159 218 22 204 111 225 17 63 181
    103 26 41 67 252 214 235 123 133 76 126 84 113 147 108 73 80 187 0
    238 21 158 90 116 137 239 162 188 207 238 138 124 54 238 164 155 212
    157 159 68 218 118 95 54 62 145 226 188 22 152 0 2 101 180 106 195
    51 45 186 36 156 62 205 179 232 57 60 17 201 84 50 165 112 167 238
    144 206 131 212 72 14 229 130 147 181 68 195 150 63 2 201 54 103 242
    107 7 221 151 110 173 229 206 161 9 96 184 221 93 186 118 237 209
    193 153 252 202 53 170 100 55 183 28 163 23 62 32 58 143 134 26 235
    40 47 161 78 102 56 92 166 193 67 195 38 59 208 165 76 254 181 28
    170 26 242 85 227 50 114 87 135 151 88 85 129 104 20 255 166 236 183
    221 109 94 232 205 141 234 107 147 212 199 74 150 24 214 83 230 17
    77 183 236 206 212 127 112 101 41 136 168 21 94 70 178 161 110 186
    79 184 228 143 20 22 112 170 73 204 95 91 195 254 251 64 114 202 245
    239 104 52 246 237 128 202 43 16 108 215 70 77 109 155 85 29 71 252
    53 99 194 129 150 186 163 244 1 189 75 152 187 244 134 165 246 244
    157 157 241 108 244 118 146 128 212 11 106 185 77 43 145 6 76 28 42
    89 47 193 168 97 27 152 84 124 131 11 121 135 99 216 251 79 56 139
    64 48 188 223 179 168 195 234 154 132 228 154 107 104 194 33 205 47
    130 112 17 214 193 57 137 233 163 202 198 46 112 182 180 92 179 153
    136 20 17 63 185 53 31 116 184 205 173 72 214 45 59 94 138 234 45
    111 208 48 213 220 165 90 52 1 162 142 217 71 126 60 177 251 110 163
    255 151 227 240 83 136 232 122 177 140 210 151 193 164 96 233 98 162
    53 148 129 166 81 80 227 11 12 56 86 60 209 251 133 41 5 32 143 26
    46 67 120 68 80 164 192 96 74 208 38 121 232 84 25 14 68 162 102 115
    153 170 42 15 19 213 50 187 96 194 196 222 24 80 2 86 216 45 254 14
    224 219 55 189 131 41 224 40 18 63 137 31 230 179 209 107 15 189 241
    130 46 8 205 16 25 183 120 4 220 154 247 50 104 45 9 255 187 122 239
    160 55 38 38 57 62 155 221 71 241 37 94 253 36 40 89 98 90 110 143 8
    101 214 203 132 117 128 7 167 205 156 137 226 234 6 111 225 140 42
    70 253 180 45 65 250 128 20 31 144 34 104 81 164 152 2 147 2 108 110
    126 118 232 33 183 84 253 220 67 172 146 219 133 197 33 111 30 155
    91 175 211 228 182 238 229 178 155 111 251 212 26 88 155 218 104 207
    17 74 55 240 123 102 29 63 25 156 253 30 233 223 160 40 185 53 68
    189 114 140 93 93 129 131 142 138 61 196 180 53 116 159 82 234 230
    128 132 236 112 10 218 230 91 165 120 77 163 9 234 103 56 120 27 35
    82 206 28 57 2 19 35 183 34 144 152 140 57 26 168 151 203 172 18 35
    96 167 146 88 79 112 23 127 150 240 173 136 152 148 253 154 176 238
    80 116 49 107 19 171 15 87 16 123 100 95 228 186 224 178 193 110 170
    31 25 246 113 12 119 58 123 117 234 200 198 245 141 206 248 12 38 6
    161 20 213 45 153 115 226 66 33 116 165 6 225 59 90 11 148 71 127 17
    99 65 21 240 76 121 114 169 108 42 229 69 116 70 64 15 17 236 20 110
    162 214 20 3 193 142 110 90 201 41 2 102 86 219 102 42 214 45 236 27
    143 176 187 45 234 232 224 116 16 189 202 184 211 100 79 23 200 177
    54 136 11 249 181 15 208 177 54 114 63 143 82 238 92 57 225 243 225
    206 185 196 34 170 32 88 148 129 52 160 187 194 10 41 188 116 25 115
    132 217 51 89 9 180 61 96 87 212 191 251 57 139 88 235 136 166 115
    222 6 38 155 9 22 236 244 98 152 104 152 7 52 163 196 153 205 2 245
    157 253 243 54 201 0 214 239 216 187 106 63 166 145 138 35 67 252 21
    223 144 205 93 86 184 64 237 148 211 240 83 18 241 183 192 105 118
    61 190 118 36 234 201 11 180 195 112 125 27 199 208 22 236 132 112
    66 79 92 0 136 63 156 148 243 150 125 157 251 7 49 214 223 96 199
    165 161 194 32 74 35 36 237 14 168 9 188 94 180 197 229 153 79 243
    151 65 178 192 180 80 110 206 253 40 173 176 19 108 14 212 106 16 92
    136 109 28 170 117 146 54 177 124 160 133 14 183 247 164 136 31 126
    91 110 165 143 123 71 214 96 255 47 148 240 103 12 2 234 15 113 132
    173 163 36 130 60 158 187 160 69 26 125 100 87 67 228 56 131 89 208
    186 137 95 41 5 157 206 110 35 221 36 223 49 196 5 184 138 147 138 3
    17 72 225 107 17 131 73 141 167 165 90 20 63 64 181 238 30 186 42 86
    93 144 129 168 201 84 85 162 199 71 253 143 182 158 10 162 174 153
    53 90 218 179 122 63 124 151 120 184 212 116 93 124 19 12 227 210 8
    38 208 227 120 191 78 77 228 239 144 180 174 248 129 78 183 30 42
    198 106 81 176 42 237 10 159 83 9 117 40 55 109 212 36 163 238 76
    230 177 67 30 133 31 165 62 231 188 183 4 110 47 211 190 86 142 60
    96 26 167 158 61 10 19 138 111 39 144 248 91 25 23 55 101 96 35 108
    130 215 239 173 0 189 144 237 22 204 105 108 123 132 215 149 126 19
    13 94 69 95 92 40 47 92 162 241 121 65 178 152 119 119 96 37 5 46 83
    6 33 112 133 185 201 73 212 111 22 209 49 11 217 4 169 228 158 35
    188 191 236 216 189 240 51 121 79 142 254 250 249 111 243 65 86 106
    123 113 66 146 15 228 221 228 116 74 98 245 156 100 29 41 88 60 102
    201 11 11 219 168 246 151 213 112 138 19 100 91 210 252 215 49 30
    170 130 121 135 211 155 100 61 35 241 124 146 213 158 71 133 87 226
    176 227 116 222 23 201 106 72 77 17 81 188 28 213 7 213 168 80 57
    162 91 116 90 232 142 109 60 118 107 90 253 99 237 185 217 60 226 27
    177 77 17 122 83 142 81 39 253 164 5 248 10 7 106 183 144 5 214 134
    127 8 207 152 47 42 97 170 34 57 219 184 5 178 62 164 2 8 200 3 130
    125 172 8 135 228 238 225 169 97 87 67 47 138 220 7 1 230 235 98 56
    247 7 177 83 85 159 117 47 251 80 73 54 119 237 248 188 36 195 123
    146 209 123 104 50 86 211 113 222 133 54 56 56 255 232 183 9 93 23
    143 21 94 114 239 14 220 198 158 120 23 130 186 59 72 168 56 54 216
    226 237 106 97 180 192 115 116 124 216 206 122 16 97 61 161 194 196
    245 226 23 24 202 224 203 30 245 0 248 36 108 234 54 12 123 84 58 43
    36 23 16 61 83 9 91 87 62 43 205 140 167 124 180 224 96 18 228 144
    219 83 138 59 138 201 58 41 180 252 238 218 176 163 86 177 49 47 77
    11 107 162 74 11 68 75 4 249 187 85 245 211 156 123 59 90 134 78 14
    224 135 218 102 195 139 20 5 209 9 148 213 148 94 240 126 89 57 127
    95 93 242 36 190 113 83 169 208 219 212 19 91 201 180 83 142 44 142
    247 123 132 230 126 186 196 144 204 110 89 144 14 165 237 169 188 61
    137 68 119 104 72 182 190 5 249 94 246 250 119 45 51 177 95 155 58
    34 232 66 150 240 62 149 7 218 74 241 145 38 176 95 166 214 118 187
    55 235 74 71 220 255 53 162 122 77 84 148 172 174 147 67 232 187 123
    236 195 219 31 86 151 106 138 145 244 190 77 13 41 242 15 129 222
    236 66 146 30 130 0 112 177 187 141 53 108 1 74 252 164 98 243 166
    153 111 169 191 5 165 82 83 39 250 33 101 246 139 118 191 110 142 93
    118 33 90 120 36 22 57 117 144 230 91 111 121 5 221 146 200 155 131
    50 83 232 4 131 22 45 114 201 209 118 92 237 223 243 86 128 102 28
    194 149 73 145 30 52 18 8 145 229 34 203 193 172 166 108 27 125 204
    243 118 178 95 245 114 17 53 191 209 58 209 166 25 224 196 24 252
    106 69 26 249 124 30 107 157 237 69 12 37 14 34 127 151 164 206 129
    42 75 42 64 41 129 238 137 166 194 147 94 170 0 167 18 41 84 84 133
    143 139 4 82 115 117 161 87 138 197 143 123 206 49 242 14 153 123 60
    136 156 82 78 103 107 225 129 75 115 163 193 178 10 96 75 200 138
    119 227 248 119 166 77 141 184 129 11 189 58 111 235 138 230 186 205
    191 107 184 160 98 18 96 236 197 17 213 116 152 121 228 18 202 222
    165 181 56 213 170 211 27 166 14 190 138 213 181 236 112 245 241 133
    145 169 120 153 204 66 220 92 78 100 118 115 227 115 168 228 215 151
    57 156 188 43 229 209 157 248 162 5 26 104 175 80 38 101 249 207 182
    140 115 148 238 249 100 54 123 127 31 206 209 213 139 247 39 186 118
    157 215 28 70 152 223 70 127 9 209 161 235 163 209 203 108 218 83
    164 117 218 247 254 96 179 78 137 4 95 80 232 106 127 4 239 215 89
    208 255 104 49 146 220 86 84 122 7 137 202 114 128 13 64 198 255 167
    137 69 128 80 88 19 135 55 131 251 121 184 148 22 29 100 210 246 45
    202 247 209 1 59 73 79 28 186 136 179 243 171 22 29 228 152 71 78 81
    79 61 91 46 42 233 142 5 108 55 10 186 106 192 204 128 81 120 230
    244 200 68 93 66 213 239 241 67 149 134 248 212 251 19 79 38 188 86
    27 245 251 46 6 195 97 19 221 167 70 140 30 135 219 71 114 15 61 140
    44 38 24 154 246 97 134 232 37 130 25 14 96 38 234 42 144 211 72 185
    6 105 182 32 202 217 227 45 46 111 142 80 155 57 97 83 250 30 86 126
    193 184 184 93 158 144 171 2 223 231 100 117 16 41 20 182 127 156
    113 245 36 215 198 193 237 40 214 54 148 219 108 92 89 219 195 83
    189 83 1 144 123 214 44 40 247 226 155 100 1 197 154 128 50 2 10 181
    164 50 65 104 9 236 11 79 202 172 14 230 16 253 193 43 161 64 120 96
    29 140 190 79 168 17 80 190 10 255 160 203 211 132 237 98 182 43 8
    149 130 174 241 108 23 232 111 42 148 16 110 190 147 204 72 158 143
    157 203 206 235 43 145 185 237 12 5 163 82 189 119 204 9 93 39 240
    83 189 1 254 247 22 151 128 193 254 225 88 184 203 137 4 252 13 163
    47 221 156 49 128 188 88 46 18 28 249 179 20 127 245 226 231 149 45
    34 90 53 175 126 45 131 196 38 146 160 83 221 35 180 226 21 32 99
    193 153 4 73 252 68 66 208 44 175 22 36 109 159 104 180 128 74 143
    120 252 110 218 35 236 115 96 196 92 71 113 66 154 109 23 213 186 6
    161 203 165 166 77 224 94 187 139 106 255 110 143 56 21 178 153 109
    135 8 227 25 4 146 171 26 78 153 65 76 10 247 231 188 140 242 0 219
    244 26 121 243 117 142 146 46 174 106 181 209 227 246 82 87 253 25
    240 243 65 217 94 51 45 159 68 11 113 57 32 240 220 53 53 125 17 219
    230 193 96 174 85 180 204 150 111 211 191 111 192 212 206 174 196 15
    248 151 73 16 137 72 247 205 251 35 56 78 156 6 155 142 7 87 218 145
    255 152 49 223 109 56 75 34 7 171 4 193 183 191 76 88 167 146 88 82
    76 134 229 172 177 212 116 128 99 235 8 170 92 119 78 105 154 251
    191 153 178 120 208 192 107 154 183 223 0 28 50 33 84 90 186 105 149
    198 18 237 22 22 185 34 147 66 20 148 31 89 98 138 250 194 135 246
    215 213 107 211 17 15 226 204 39 250 219 102 4 148 155 52 108 230 11
    233 63 130 42 60 197 174 133 193 156 22 162 86 43 162 32 125 253 111
    148 102 108 207 180 137 236 16 84 92 238 46 113 109 25 44 172 129
    162 34 15 34 150 230 152 34 80 28 22 171 132 187 12 213 54 39 103
    234 82 128 20 209 66 177 232 255 210 19 161 85 49 197 203 235 226
    229 79 85 58 42 75 162 162 154 68 79 133 176 185 59 140 106 29 186
    70 250 184 183 49 109 183 209 247 230 155 41 180 41 143 212 62 146
    93 118 73 2 151 170 88 70 135 202 207 78 145 110 224 82 125 52 162 1
    74 84 195 29 74 115 5 35 33 183 222 165 221 221 153 198 4 245 10 149
    201 89 192 251 145 193 58 153 96 79 246 195 2 22 136 5 103 196 88
    240 249 180 33 218 209 221 165 56 43 39 56 61 77 222 218 157 116 4
    213 86 209 37 170 214 126 41 232 73 122 84 73 193 176 175 57 42 137
    210 240 108 21 139 124 19 48 211 117 232 204 73 251 48 124 121 250
    193 32 67 199 165 159 172 184 201 105 80 219 111 209 152 29 116 79
    243 39 123 85 122 177 27 129 216 149 161 240 33 46 157 128 79 174
    113 10 55 121 2 73 7 184 162 245 141 94 11 222 219 172 231 220 218
    111 28 194 114 206 58 33 232 194 107 4 99 135 230 175 233 15 3 67 10
    155 47 26 124 123 66 135 226 96 66 155 36 20 215 6 170 116 155 220
    186 89 168 40 227 167 249 203 243 127 247 227 123 84 191 72 220 19
    122 164 170 55 34 236 141 231 49 119 53 48 45 109 200 60 9 102 223
    134 244 173 87 135 67 249 255 157 75 78 11 59 134 40 100 51 181 249
    208 191 219 128 27 76 24 170 206 51 251 105 143 87 124 61 152 80 174
    247 37 156 1 103 61 154 187 218 229 173 223 136 39 64 115 80 252 42
    163 204 122 179 6 26 187 237 33 189 228 137 132 68 186 65 4 117 249
    219 204 214 183 251 209 104 195 62 224 86 178 60 170 220 140 244 43
    40 136 63 185 53 148 154 58 70 179 8 150 6 85 185 96 23 56 22 193 75
    147 3 150 111 23 204 224 241 114 210 146 79 16 248 185 7 106 208 75
    17 53 52 35 0 82 67 97 224 126 122 37 98 225 74 109 98 166 139 197
    224 255 229 4 186 209 159 218 164 37 223 41 125 217 162 229 118 96
    213 184 55 5 92 168 157 242 97 109 247 5 140 150 26 185 161 49 127
    53 73 202 71 41 238 152 223 19 230 199 121 153 217 72 239 43 121 189
    191 250 46 225 36 245 138 107 255 195 115 254 62 131 91 97 57 65 85
    132 142 89 253 198 232 196 204 217 38 29 52 168 228 33 221 136 11
    161 246 182 161 167 86 84 199 8 65 184 30 33 177 155 246 132 200 125
    132 120 196 20 249 38 189 204 220 73 224 8 27 230 0 41 61 232 69 196
    97 175 80 26 232 174 44 26 0 59 255 49 144 18 43 70 239 11 200 167
    16 254 73 166 83 115 199 196 232 116 17 60 255 57 206 92 192 169 124
    232 86 164 194 106 109 2 196 19 170 61 242 42 224 237 79 75 183 56
    226 141 101 16 214 140 115 251 36 179 138 138 142 30 100 246 210 198
    4 243 195 249 174 163 107 247 17 90 134 20 113 161 48 84 172 61 11
    95 167 225 65 46 206 209 25 245 193 34 178 237 246 177 146 159 19
    130 150 248 250 12 153 239 252 138 148 222 198 121 232 95 11 87 189
    69 183 156 196 98 12 149 242 0 226 98 216 134 72 127 58 57 6 212 252
    112 19 113 215 100 18 171 98 234 70 82 58 59 107 231 155 208 38 149
    89 69 190 52 210 168 201 125 157 48 253 20 248 29 78 68 54 141 6 149
    202 252 99 173 244 60 227 230 27 137 162 237 89 26 233 232 59 190
    162 216 77 188 76 64 40 110 215 240 189 7 54 210 73 185 41 4 249 219
    23 105 26 86 80 179 164 141 190 216 245 45 118 145 136 206 220 219
    49 42 5 27 100 241 199 188 129 203 248 19 32 70 58 194 89 20 163 116
    228 193 124 149 224 155 17 30 30 150 13 233 36 248 31 122 86 123 16
    245 220 72 238 18 241 145 68 223 246 108 200 177 61 25 3 109 11 194
    74 111 209 211 96 20 153 19 13 66 227 199 128 193 159 157 62 181 103
    80 44 217 63 130 237 223 70 39 191 128 254 34 7 71 210 166 42 178 86
    58 188 54 100 248 216 69 235 69 56 216 57 24 205 85 117 10 20 170
    180 149 210 162 228 251 87 168 191 84 217 20 67 23 131 98 68 133 210
    64 144 227 5 253 156 145 135 232 225 94 91 109 44 160 30 206 109 221
    2 90 180 129 113 125 17 189 44 110 199 250 176 19 145 95 180 31 199
    33 200 13 2 221 152 37 98 178 75 246 23 67 132 223 158 212 155 154
    48 225 240 136 3 154 59 1 135 111 107 108 158 155 190 3 153 26 165
    160 22 201 4 231 103 21 37 72 97 129 24 21 144 90 210 97 39 48 34 9
    222 246 105 148 68 224 24 160 77 117 90 128 83 25 24 16 204 127 160
    18 169 54 128 238 27 150 204 35 212 144 246 131 229 178 134 168 250
    20 196 10 107 183 183 60 236 41 225 64 155 233 246 199 45 66 11 48
    48 178 3 222 87 83 116 162 209 115 121 246 96 67 128 46 49 113 179
    238 189 35 239 55 139 108 37 117 139 130 226 160 28 29 35 27 139 59
    136 137 197 208 222 119 28 94 73 151 140 9 100 5 57 12 194 113 46
    196 143 187 102 154 29 50 250 48 217 236 3 174 139 172 164 1 42 98
    28 134 244 2 0 17 127 45 61 71 103 28 185 187 182 216 164 245 205
    167 18 179 140 89 70 7 230 12 123 212 220 102 115 230 146 233 120
    223 231 112 115 71 130 53 185 216 129 227 52 119 76 219 243 226 127
    181 161 54 56 162 214 57 242 44 224 163 204 150 199 207 19 135 58
    168 84 108 175 163 159 17 141 231 166 165 46 150 218 168 69 92 146
    70 77 218 30 140 183 144 2 253 109 1 250 76 247 86 125 151 86 43 245
    92 15 226 102 254 221 39 70 61 94 174 61 100 67 76 100 249 126 118
    26 149 247 68 196 163 246 201 70 190 98 115 79 113 131 24 91 52 73
    164 39 164 69 220 208 22 28 86 129 85 181 44 94 194 101 53 109 174
    160 128 64 196 85 226 199 236 185 202 143 85 72 186 38 244 176 154
    61 110 82 19 76 159 222 112 134 64 189 102 1 244 197 81 222 177 247
    38 103 208 99 116 93 147 160 92 29 60 3 132 62 14 85 165 134 90 26
    107 237 176 86 23 224 156 253 249 130 131 84 137 45 255 145 75 22 63
    161 82 58 30 100 181 7 71 0 190 94 98 25 122 14 130 105 147 83 81 67
    151 58 252 115 235 34 243 6 226 78 78 252 45 189 235 131 14 32 27
    108 221 179 211 169 47 137 11 69 225 171 192 23 61 255 81 247 126 23
    244 93 11 81 117 216 155 37 189 199 45 168 250 45 3 170 151 119 131
    2 255 61 104 75 36 4 61 142 74 189 247 84 242 86 5 239 170 4 200 142
    167 71 60 171 129 128 158 244 136 179 174 23 114 185 238 87 136 111
    15 235 186 252 120 174 12 245 44 224 146 158 169 187 226 182 67 60
    202 83 247 49 10 233 54 34 194 240 45 204 21 24 210 14 90 31 175 222
    72 58 124 97 110 232 12 201 11 26 254 249 141 142 170 219 252 39 233
    40 230 161 153 143 237 68 226 212 117 187 17 235 98 122 106 82 188
    15 142 87 254 223 209 170 255 70 59 90 176 255 43 153 38 209 104 195
    68 106 220 7 170 95 238 79 223 243 195 144 248 122 90 200 42 98 128
    224 139 86 153 5 250 23 94 82 130 140 230 182 83 79 53 33 219 211
    139 136 94 213 124 211 36 244 238 159 165 193 176 105 163 117 124
    150 89 8 245 67 73 147 161 65 136 47 34 69 38 58 212 157 176 51 43
    159 126 193 9 190 52 140 144 122 102 23 242 72 204 188 117 129 111
    218 140 243 74 146 212 194 98 22 67 109 60 241 82 101 207 171 63 240
    100 51 32 52 246 216 182 235 124 181 33 210 54 138 151 236 131 247
    108 247 213 182 163 132 163 86 115 196 23 220 190 1 55 222 186 16 2
    71 118 228 206 183 203 35 84 254 70 215 83 162 130 246 96 132 15 81
    133 226 119 173 157 98 158 8 48 168 44 155 184 179 244 64 36 220 208
    59 220 168 35 103 101 209 214 185 52 82 61 25 165 112 49 2 240 220
    146 221 131 225 93 84 3 155 250 215 83 13 73 185 163 222 222 253 239
    96 151 128 20 250 101 233 176 253 79 245 135 141 223 84 160 247 145
    78 53 33 36 199 70 167 124 144 214 233 228 148 251 108 37 191 69 243
    194 122 110 197 7 159 111 129 196 212 8 227 66 74 96 2 180 49 225
    102 150 107 158 184 58 215 120 167 230 4 65 32 4 171 111 14 98 51
    194 212 144 168 146 12 129 21 171 254 74 234 239 106 89 144 36 68
    220 243 217 242 202 229 9 43 184 93 117 170 226 15 216 133 114 236
    126 70 203 197 61 248 126 164 56 47 198 117 142 59 76 188 160 100 41
    128 141 71 128 125 194 39 169 50 4 236 108 151 230 45 163 47 3 192
    144 165 43 137 215 200 93 53 153 60 66 148 68 154 108 189 4 51 103
    204 156 166 110 10 254 107 91 25 152 56 245 5 221 213 117 86 28 218
    120 177 184 232 204 203 225 67 97 101 130 161 12 5 255 232 64 38 124
    51 74 252 84 81 107 125 5 3 247 190 234 17 171 11 188 196 96 110 80
    0 113 81 58 6 66 224 226 78 60 82 222 247 241 187 191 81 175 73 215
    255 183 137 62 57 125 14 212 143 213 169 40 128 47 12 40 106 243 198
    30 166 56 211 225 40 195 218 95 201 160 216 249 212 171 14 47 3 107
    121 30 101 52 127 144 72 70 163 176 198 152 101 162 86 114 16 182 48
    91 128 137 31 35 164 163 85 192 245 15 12 233 148 244 113 196 94 45
    114 48 167 40 162 4 81 198 33 220 62 79 112 243 3 76 193 86 180 52
    192 172 205 103 80 192 50 78 64 102 179 230 139 69 33 217 226 98 29
    254 99 65 143 98 52 58 170 53 195 144 135 255 167 66 78 36 251 200
    184 213 174 184 234 143 167 110 168 54 224 236 6 212 138 148 0 118
    152 96 8 225 161 85 132 127 252 112 31 13 179 163 151 21 67 83 1 58
    223 104 173 65 35 251 116 175 11 153 253 12 99 0 241 143 144 48 134
    223 254 177 10 159 119 133 131 15 62 249 66 50 22 247 77 82 61 124
    192 172 198 89 99 42 75 82 216 162 191 245 213 21 107 88 79 184 89
    131 204 97 246 12 250 242 122 243 229 252 255 120 134 212 66 185 9
    18 28 167 90 204 239 61 140 91 151 67 105 91 212 143 47 138 7 54 75
    232 197 27 142 194 105 165 7 29 63 232 196 64 209 7 41 249 170 235
    221 60 180 99 65 211 126 143 110 174 84 252 172 190 251 162 40 122
    150 57 73 121 2 223 128 0 207 115 97 34 9 139 5 16 211 212 137 213
    126 63 38 124 160 154 32 35 52 181 213 128 112 120 72 199 89 242 230
    111 21 111 228 75 185 229 143 104 106 154 148 197 140 80 0 69 17 43
    54 3 120 165 221 102 251 35 75 183 113 169 94 158 172 126 198 167
    110 97 164 182 196 45 221 224 39 13 175 37 73 138 147 9 65 139 191
    82 132 224 157 148 53 221 183 76 235 224 226 113 103 199 17 124 206
    155 151 1 152 177 46 17 205 251 115 176 48 154 4 95 157 162 186 154
    101 13 244 176 68 178 156 4 39 128 99 49 145 7 132 190 103 253 168 4
    141 206 176 101 98 117 0 202 198 241 35 71 182 121 131 193 178 146
    250 239 20 217 249 139 102 96 87 203 235 232 135 204 188 248 101 75
    143 185 198 125 208 0 212 62 115 32 192 157 194 172 71 23 83 244 82
    173 63 215 185 120 158 12 20 62 34 133 157 205 128 36 52 226 72 111
    10 195 132 182 131 165 252 147 88 238 26 208 52 188 98 2 17 20 61
    193 53 153 164 149 76 127 27 71 202 222 29 238 124 16 253 162 36 126
    174 80 182 92 130 42 119 5 249 129 253 11 89 42 190 186 105 160 85
    133 43 85 78 57 188 235 223 166 76 252 190 119 0 125 141 225 189 140
    252 189 142 128 134 171 138 162 37 162 99 124 158 57 82 192 228 171
    255 5 93 41 17 3 101 191 94 13 109 235 139 30 41 114 76 226 235 108
    216 84 34 57 218 83 238 12 67 252 201 181 128 216 120 63 106 164 58
    46 44 51 130 223 79 69 136 121 43 187 78 225 96 11 228 108 156 160
    106 24 93 123 66 64 233 31 222 195 212 170 171 93 162 86 224 51 78
    135 247 100 64 159 126 185 141 195 48 201 180 194 26 35 79 69 188
    197 223 223 163 64 175 84 154 197 12 190 134 4 239 127 84 109 91 19
    251 250 148 224 180 59 107 97 183 223 90 49 17 131 145 198 216 242
    105 240 9 38 195 32 177 33 174 188 118 237 40 152 24 81 111 60 235
    197 42 49 132 105 165 13 112 199 109 135 148 185 53 96 101 93 157 23
    43 147 106 248 4 172 142 225 14 5 249 33 144 172 218 73 243 19 168
    139 12 225 178 12 48 214 101 53 211 92 239 185 116 25 244 71 75 198
    58 141 127 9 54 249 40 100 253 136 121 111 35 175 28 138 28 183 143
    234 63 247 62 115 246 82 9 158 54 232 189 241 233 29 194 240 80 26
    233 119 4 161 111 183 103 88 228 73 114 216 85 108 224 11 196 105
    120 19 110 71 91 70 236 204 35 67 25 30 243 201 71 38 101 201 227
    121 15 243 193 102 230 36 118 211 238 183 33 59 237 8 19 250 157 78
    220 36 54 37 37 6 191 226 223 54 7 58 101 148 66 115 84 54 29 213 3
    165 151 205 98 172 34 255 138 113 128 131 160 144 75 103 186 131 198
    88 238 218 162 59 27 226 174 21 75 206 190 128 101 217 182 82 142 69
    234 197 37 63 52 82 12 187 124 140 77 234 223 176 65 140 137 73 13
    84 32 56 174 196 70 64 228 47 18 14 185 131 171 124 138 202 207 226
    111 77 76 56 110 104 47 39 223 121 230 86 180 160 2 178 110 173 208
    56 126 239 232 213 68 78 209 166 190 249 155 103 74 77 50 133 76 100
    137 193 192 4 5 129 89 116 245 225 58 197 152 22 205 221 160 138 105
    136 107 227 48 25 57 72 120 7 81 118 21 229 158 81 197 220 178 205
    76 242 253 175 111 15 203 28 165 29 225 165 130 207 200 200 94 136
    240 33 203 237 247 185 92 54 131 114 234 237 31 108 101 64 226 61 29
    71 114 3 35 127 28 40 183 15 60 203 215 235 90 119 7 221 190 233 75
    249 100 145 115 132 121 158 24 119 66 188 118 228 59 55 44 143 73
    145 38 78 161 48 126 251 194 223 35 219 9 72 141 99 186 78 24 205 85
    133 180 89 234 104 106 63 112 174 77 121 187 233 140 114 86 188 138
    26 200 124 127 200 172 48 49 177 138 144 127 78 51 138 170 83 199 34
    199 238 253 61 85 254 244 75 28 39 245 224 39 128 63 161 197 71 200
    6 219 109 108 213 254 174 48 124 152 242 43 135 167 21 182 228 127
    244 212 248 58 176 232 35 204 57 207 226 216 116 120 251 43 1 253 68
    206 161 197 110 34 42 227 101 145 173 243 141 205 37 32 89 9 247 249
    88 93 87 240 253 226 143 87 203 217 185 237 28 21 90 190 201 142 25
    126 29 181 68 99 136 69 36 151 20 115 9 43 138 202 91 154 217 22 155
    56 254 243 250 156 31 4 143 128 17 33 9 248 150 62 254 79 25 182 146
    25 32 227 223 17 168 180 64 69 154 87 17 1 190 206 155 193 247 157
    212 194 44 145 236 184 114 230 35 204 217 12 230 180 136 190 80 47
    92 176 185 101 89 103 250 124 96 135 75 193 215 239 30 140 233 138
    79 121 69 50 11 239 197 189 126 87 161 161 159 225 43 5 53 159 212
    86 113 129 238 40 144 59 98 124 141 51 0 41 129 128 66 110 228 64
    204 197 106 110 26 250 202 38 160 153 30 42 127 29 153 110 156 86
    124 251 34 109 253 195 31 34 87 104 32 91 72 241 29 46 31 58 144 218
    41 175 117 210 244 136 94 98 154 211 201 70 3 194 0 115 41 201 112
    180 58 236 206 82 180 152 175 66 214 136 130 199 77 185 88 131 224
    222 138 100 233 205 27 250 21 147 141 75 230 186 28 48 139 26 68 21
    44 137 201 137 107 157 94 200 247 225 132 85 243 157 169 96 47 12
    112 248 252 230 99 238 85 137 40 219 230 10 200 71 202 231 38 125
    115 188 121 239 7 131 75 176 112 13 145 5 25 164 97 201 216 249 210
    63 88 190 76 148 22 167 39 206 131 25 99 97 127 29 227 23 190 97 248
    107 33 58 108 122 223 98 135 81 5 66 30 94 214 218 0 199 44 236 151
    160 234 87 18 134 115 221 7 67 11 23 66 18 212 94 51 218 238 59 142
    43 56 44 229 215 25 245 17 91 188 181 254 218 111 191 206 63 204 96
    201 234 252 193 96 188 1 64 125 135 167 67 144 41 197 27 72 91 209
    80 87 73 32 112 157 85 103 128 129 25 131 144 21 200 62 19 179 184
    33 41 184 5 117 148 83 59 243 221 3 138 212 76 80 35 164 231 218 60
    66 1 188 11 101 180 21 164 248 35 216 21 68 247 127 41 37 192 137
    234 135 14 9 184 12 75 161 239 248 233 188 134 202 161 67 14 43 207
    147 185 147 197 77 26 155 180 147 213 197 217 67 42 162 169 116 34
    88 120 2 78 207 71 180 255 116 144 102 52 99 118 96 154 82 62 186
    146 90 209 65 29 125 188 246 219 53 181 169 153 124 16 13 103 154 12
    105 215 17 56 206 183 15 222 206 2 195 194 226 251 187 29 227 96 59
    133 165 10 124 7 118 188 195 58 88 3 211 181 233 84 45 0 157 220 67
    215 157 74 198 9 213 171 251 85 47 153 45 90 127 65 247 181 119 44
    176 55 88 87 209 55 106 230 156 23 222 156 114 51 162 210 171 22 103
    165 236 76 33 92 138 23 133 168 191 91 154 225 54 27 238 192 65 87
    226 122 35 251 170 128 35 10 147 82 131 109 12 250 17 212 37 190 140
    207 37 169 200 249 148 166 158 156 168 250 65 201 146 59 187 103 160
    137 113 81 43 81 159 89 116 244 43 13 11 240 180 98 40 121 96 155
    209 236 46 81 99 1 133 167 61 230 209 136 68 233 177 231 73 160 145
    166 63 54 81 221 4 205 45 16 81 7 172 130 78 252 43 246 5 7 51 198
    173 197 167 250 203 33 197 169 176 106 202 201 206 60 27 143 72 24
    244 105 201 156 106 205 111 142 1 245 237 161 167 136 105 38 20 137
    23 86 255 213 25 184 218 22 1 52 104 207 13 246 150 64 197 240 95
    213 50 211 248 198 91 92 156 55 93 29 42 71 25 91 208 152 81 165 135
    115 207 118 89 179 80 180 105 207 159 14 119 136 37 209 144 201 180
    154 249 180 66 218 85 206 227 169 126 152 66 174 152 111 83 203 120
    205 205 148 253 154 50 252 37 28 121 56 157 224 71 196 13 204 17 12
    186 58 36 232 253 115 154 195 127 242 66 227 2 165 83 55 101 88 243
    233 201 61 50 13 225 207 47 193 29 18 109 54 5 19 189 150 164 208
    191 188 173 15 182 87 27 18 200 255 250 60 132 78 127 54 78 94 244
    201 133 171 14 94 210 222 120 42 93 106 199 7 171 186 254 217 205
    135 195 165 221 83 255 237 112 52 137 101 135 163 253 84 31 167 212
    208 237 69 251 223 71 25 176 131 1 83 83 24 208 212 76 17 116 126 19
    90 75 131 252 157 19 82 113 33 50 75 11 85 74 106 254 217 89 218 180
    0 237 207 204 190 144 38 107 108 69 217 142 98 94 209 183 208 111 81
    218 50 37 220 187 198 188 254 227 159 185 217 101 251 247 129 192
    156 228 130 89 201 212 150 58 41 2 114 10 134 144 49 248 108 127 238
    71 113 54 217 246 96 174 25 200 113 123 111 152 19 242 240 171 188
    139 133 115 171 38 65 82 155 157 154 4 95 148 229 57 57 117 48 155
    219 92 101 22 20 176 64 171 88 90 66 127 47 161 64 195 235 66 212 76
    197 114 87 243 123 81 200 179 166 183 147 158 69 241 250 1 79 121
    220 240 86 225 226 15 81 72 188 9 113 223 168 132 146 60 65 251 10
    69 139 227 83 249 62 96 110 24 245 188 144 84 108 26 182 54 155 243
    233 1 162 106 139 220 162 237 103 183 66 153 176 155 81 154 66 185
    83 251 47 7 205 78 36 203 17 158 79 253 134 56 105 210 244 224 149
    151 150 45 239 105 80 132 225 188 33 10 100 13 10 101 27 99 1 11 151
    17 1 229 129 38 173 2 240 32 120 96 83 128 22 215 8 95 122 116 96
    220 18 211 253 30 137 54 172 149 72 173 149 179 237 128 183 219 111
    39 127 140 101 163 152 186 203 104 63 231 248 170 231 180 70 69 113
    219 92 255 221 235 121 158 220 220 253 113 103 14 37 180 142 140 231
    31 80 232 8 160 157 57 208 124 74 56 61 71 60 112 103 120 128 136 74
    184 195 217 244 17 126 192 121 149 21 228 157 108 22 253 124 87 177
    62 127 194 178 164 156 8 63 178 56 158 228 52 0 9 191 86 0 236 59
    174 74 195 185 98 171 111 242 25 199 228 120 71 167 45 84 185 141 45
    89 20 38 190 131 201 110 141 195 128 226 149 208 200 199 147 151 209
    254 132 198 182 120 40 240 126 23 143 205 187 80 145 30 206 252 63
    49 216 225 153 143 36 137 67 34 158 232 200 159 231 24 234 95 161
    127 145 202 33 199 171 235 26 166 69 96 95 78 227 166 2 28 236 26
    129 100 97 210 177 53 134 175 162 252 146 60 71 254 131 251 30 200
    179 116 74 144 177 88 38 80 29 197 70 205 127 232 217 74 191 148 188
    55 71 78 122 6 216 0 146 206 223 166 119 3 96 88 102 73 50 89 41 53
    38 36 151 187 162 83 201 175 29 200 251 243 180 151 210 231 62 220
    200 32 230 253 19 25 118 144 92 33 50 218 214 14 150 202 109 237 217
    187 239 244 154 103 166 159 192 125 251 50 149 229 132 204 65 216 20
    107 198 247 195 52 202 244 9 10 144 150 238 94 25 179 183 144 70 77
    165 88 110 225 230 195 33 110 58 80 72 60 246 138 235 170 114 138
    239 128 41 255 177 211 141 205 191 26 102 104 247 50 170 244 19 70
    97 152 167 139 212 37 77 0 44 102 61 15 120 209 7 28 172 215 158 249
    104 116 30 252 167 115 220 247 83 7 235 33 109 81 203 92 81 106 37 3
    251 106 126 147 57 69 33 37 9 188 31 33 247 63 45 179 110 246 104
    165 183 93 56 240 179 17 225 38 150 255 161 58 112 167 200 75 134 78
    2 124 35 9 236 40 251 212 158 128 147 45 5 44 234 87 186 212 152 215
    140 220 66 101 145 49 108 135 243 218 69 46 135 222 133 159 121 7 97
    184 245 68 38 99 5 23 64 175 198 116 200 131 155 156 168 225 126 225
    21 55 110 192 227 5 113 228 204 110 40 183 221 69 39 140 199 182 140
    164 87 216 15 35 193 39 66 164 149 56 116 226 40 151 95 174 150 8
    161 149 71 31 158 52 156 186 215 63 170 211 1 43 53 206 171 103 53
    248 51 190 56 76 151 88 3 19 156 178 118 104 24 65 137 34 151 173
    189 23 25 177 48 105 1 55 144 212 71 192 39 250 200 78 130 12 165
    222 90 247 172 214 98 124 118 45 18 121 5 245 242 186 140 23 225 219
    242 182 163 195 185 59 235 62 111 234 134 21 109 139 66 122 229 160
    55 127 176 148 78 98 166 66 63 205 229 67 109 17 124 80 233 67 64 67
    167 224 40 55 37 68 201 72 122 58 207 127 120 118 80 252 199 110 109
    220 244 180 194 237 14 5 98 83 191 26 202 222 189 130 25 202 56 38
    28 223 78 231 163 5 81 182 102 239 194 159 235 109 23 11 225 146 45
    206 84 49 181 213 140 156 194 182 134 179 212 91 125 157 239 134 171
    72 19 34 107 129 201 214 129 141 75 243 24 206 179 83 189 195 142
    177 171 165 243 185 32 222 216 149 164 32 145 22 239 227 245 122 103
    130 115 154 234 166 248 76 24 30 68 232 145 227 215 92 112 118 90
    119 225 17 238 164 246 229 82 84 83 149 164 225 10 30 95 239 216 89
    154 17 142 116 13 165 97 90 157 246 221 241 5 82 82 105 76 13 181
    228 110 188 12 63 55 236 55 48 56 114 53 41 112 59 204 209 30 157
    124 117 45 137 116 77 22 146 154 227 100 73 14 57 133 162 66 141 226
    191 130 87 81 108 233 172 21 227 204 122 23 239 169 233 208 31 215
    109 246 40 123 178 221 84 180 104 172 72 83 123 209 249 55 238 197
    204 209 93 164 100 222 239 180 211 241 94 14 183 55 156 225 87 123
    158 69 25 169 19 127 102 10 211 169 204 92 152 25 174 2 185 6 24 85
    231 32 170 127 94 246 187 250 205 101 140 168 239 108 113 121 183
    108 209 149 147 247 5 86 143 126 110 145 44 83 222 105 199 80 180
    193 4 180 234 91 185 56 155 67 240 226 168 49 174 201 250 218 106 18
    196 235 243 225 54 21 204 30 243 244 146 131 46 223 33 198 40 115
    138 210 193 214 234 154 159 71 226 123 251 36 228 150 205 100 29 217
    90 151 230 209 101 243 57 161 133 236 201 62 159 187 109 51 83 250
    219 226 230 233 177 34 99 91 254 99 170 204 72 204 115 231 202 144
    181 158 212 66 61 156 161 200 79 55 141 33 213 242 230 210 162 247
    225 199 255 69 249 222 203 190 99 31 89 166 219 64 0 81 64 192 75 2
    187 143 154 0 20 226 221 84 74 114 154 34 87 11 189 54 131 70 188
    114 205 26 241 193 9 32 126 112 174 82 153 129 100 142 222 176 223
    218 10 98 217 46 117 151 28 138 43 90 233 62 223 11 127 17 212 86
    112 1 209 200 26 79 123 218 136 87 138 162 208 144 150 247 217 91
    176 166 154 171 230 120 226 96 233 249 155 148 112 64 7 182 90 186
    223 213 37 46 120 156 198 205 10 153 140 198 116 51 174 65 52 60 201
    184 40 123 161 122 229 250 247 254 111 40 252 232 14 222 12 16 233
    13 192 177 152 22 201 106 113 186 93 107 26 58 31 50 60 181 51 237
    180 241 121 45 24 224 140 176 177 109 43 242 249 235 224 98 94 139
    39 13 225 43 117 138 159 74 172 137 30 50 251 236 31 142 20 81 67
    144 50 5 186 136 224 120 121 138 117 104 51 166 34 74 122 242 120
    255 250 146 104 228 67 216 46 176 26 56 113 253 53 64 93 88 85 112
    72 158 168 121 224 132 114 22 166 73 245 82 19 146 174 30 140 55 110
    96 207 5 254 204 83 237 158 145 176 53 50 188 59 45 63 8 123 210 249
    192 92 8 108 34 162 179 57 9 85 216 247 242 27 129 52 244 157 190 59
    177 154 125 126 244 241 56 71 60 207 127 51 78 25 247 212 46 184 146
    220 130 23 203 12 242 240 232 152 40 233 60 214 117 25 171 161 80 75
    18 231 112 169 76 191 59 222 39 49 83 33 134 232 91 49 56 191 205
    161 40 98 161 97 9 175 2 190 237 212 174 159 254 157 192 143 255 77
    250 166 8 218 23 23 18 112 35 42 186 41 140 116 219 82 63 95 143 145
    109 50 73 234 31 14 86 3 183 117 164 205 76 143 55 229 8 58 180 27
    124 240 185 173 34 205 164 26 68 78 153 217 62 154 211 5 39 101 46
    231 70 119 45 171 148 234 78 79 190 211 54 94 198 213 176 90 205 92
    170 180 180 170 239 182 192 12 222 229 159 56 64 174 35 186 112 122
    112 42 249 191 206 125 112 67 191 125 230 98 28 115 8 59 229 25 164
    102 96 95 6 233 237 60 74 109 95 231 192 114 73 193 94 119 220 17
    177 6 87 32 184 181 221 25 153 145 147 215 149 10 206 162 149 94 219
    205 195 58 176 28 223 48 56 107 27 249 202 21 181 39 225 53 198 146
    211 95 116 195 255 178 219 46 12 189 23 157 17 118 109 164 107 20
    116 223 27 238 53 236 217 133 132 174 204 224 101 30 196 67 89 49 67
    170 103 29 83 65 60 59 18 91 142 53 187 142 166 55 72 15 168 17 154
    146 40 103 2 118 76 13 254 58 38 117 52 229 181 253 232 26 36 122 5
    205 239 16 103 41 83 40 52 243 7 197 52 40 67 38 209 42 8 123 113 7
    106 29 128 93 34 235 174 38 134 152 204 79 8 207 118 187 74 36 14 69
    55 140 149 126 128 139 144 211 155 42 216 248 157 4 57 194 224 235
    244 206 100 42 64 149 192 214 50 188 25 193 3 109 86 15 121 41 134
    124 137 239 237 58 184 35 101 116 151 164 48 236 107 249 226 28 239
    105 1 11 254 133 217 175 38 142 126 17 218 131 202 21 35 99 131 222
    93 253 54 227 22 61 202 109 190 108 69 180 216 211 252 32 156 178
    196 32 77 102 34 141 30 112 161 181 87 64 232 182 2 134 126 195 83
    74 160 44 213 249 0 43 9 118 88 13 65 175 4 169 209 251 228 143 123
    12 169 64 198 130 60 172 113 116 93 94 160 131 130 154 143 234 225
    65 254 39 142 199 60 245 105 236 69 232 64 113 206 240 151 108 217
    253 147 64 41 234 167 218 235 91 211 16 240 70 171 127 242 128 128
    62 183 40 62 202 222 82 209 121 167 97 249 237 113 87 187 2 116 160
    181 113 103 74 87 141 38 216 203 204 185 178 246 94 4 181 223 22 191
    30 208 47 185 113 52 9 186 112 235 6 231 106 125 72 216 77 204 114
    232 4 137 44 42 65 170 30 88 141 95 238 83 20 201 105 231 122 75 52
    32 31 232 168 30 169 176 56 203 229 121 218 43 168 142 24 208 97 12
    255 165 137 79 106 235 84 68 152 58 146 110 84 65 10 204 206 18 143
    206 203 218 106 92 69 204 11 55 180 15 14 45 30 72 76 165 70 50 241
    239 81 220 97 117 13 0 162 6 112 229 95 245 219 218 119 168 89 229
    39 224 42 51 133 123 92 100 177 118 186 30 41 135 16 94 92 97 205 41
    253 174 135 127 234 252 196 196 99 100 193 70 123 194 140 232 5 8
    151 205 52 48 189 34 130 53 49 137 198 61 75 160 193 159 151 228 233
    116 163 116 157 40 155 31 190 135 130 196 45 234 255 189 103 168 48
    91 94 95 158 82 17 203 160 89 253 98 28 112 217 170 144 38 187 217
    214 35 86 132 2 95 6 112 49 179 207 168 220 219 25 232 155 172 223
    239 51 52 180 97 13 215 98 170 57 49 248 195 204 231 251 156 140 231
    183 245 191 22 105 235 23 192 46 101 223 125 13 122 115 127 51 96
    248 189 244 231 11 9 88 18 110 34 147 133 210 181 235 56 113 236 186
    16 149 95 190 207 88 148 74 170 64 176 99 9 114 12 240 239 92 120 89
    189 140 60 90 166 87 16 2 163 158 227 31 25 147 90 57 2 209 127 206
    14 226 237 21 94 50 103 211 176 50 232 180 217 91 252 162 182 61 53
    119 63 159 200 92 119 173 133 225 47 31 144 211 6 188 242 14 195 170
    211 86 73 238 201 59 245 22 51 29 60 17 37 30 116 153 49 253 2 58 15
    83 229 199 11 78 6 175 169 244 249 228 120 91 177 50 205 209 223 49
    225 214 123 235 104 148 171 32 206 74 10 203 174 228 180 1 89 119 54
    161 48 190 214 244 67 172 20 134 110 75 86 117 35 182 161 150 18 77
    38 152 56 237 204 186 35 179 16 192 223 78 175 168 170 13 122 141
    115 223 118 106 128 120 140 15 233 185 211 252 107 76 149 72 50 19
    227 253 206 176 251 42 191 105 25 12 80 118 146 132 128 44 229 122
    242 242 55 225 129 132 221 31 75 7 10 87 35 198 145 217 146 138 85
    222 177 246 214 32 57 1 245 110 209 119 234 185 145 83 134 79 93 131
    136 202 105 234 34 109 79 40 65 240 252 248 103 114 224 201 87 252
    205 143 144 235 205 107 104 11 7 220 165 215 209 72 90 137 143 189
    60 124 124 45 16 11 126 85 54 122 63 122 235 237 238 8 125 239 183
    106 159 94 57 93 196 203 114 140 129 106 235 64 6 8 83 73 118 196
    198 1 47 230 225 223 194 41 33 74 198 237 73 200 7 87 115 5 76 81 27
    198 197 166 126 244 208 54 7 42 113 207 193 88 141 50 91 24 128 59
    225 150 214 51 237 186 204 85 73 172 224 80 131 137 145 124 153 181
    135 51 51 24 250 223 63 229 165 5 26 14 213 171 28 183 166 200 169
    236 215 37 165 201 30 179 125 59 124 131 25 215 80 151 12 250 254
    210 71 48 88 148 98 152 49 92 177 3 214 199 104 119 191 75 158 176 8
    229 69 61 250 30 138 52 140 197 80 130 203 171 243 195 152 186 71 80
    35 165 98 201 215 89 45 221 143 20 182 84 89 205 187 38 250 205 203
    54 230 63 179 250 224 113 115 219 192 203 199 48 33 98 167 36 183 57
    233 118 149 64 2 118 33 134 10 43 16 103 214 44 206 16 232 176 255
    31 189 133 202 122 16 240 43 62 135 41 144 118 179 201 51 158 145 29
    12 179 2 146 0 6 249 139 154 0 163 204 67 122 59 229 123 67 136 185
    145 148 250 146 89 210 214 96 238 198 42 102 103 229 19 107 202 114
    244 19 145 29 155 178 70 86 135 200 165 238 18 228 232 227 22 144 37
    111 74 46 156 128 184 85 254 235 56 166 20 104 30 248 182 25 140 17
    105 71 207 113 71 118 145 246 253 14 66 52 167 100 189 77 133 114 24
    7 99 161 91 13 146 7 60 155 195 212 39 161 199 79 91 141 9 144 170
    219 203 144 167 61 108 200 130 84 148 48 251 14 210 192 248 95 224
    202 125 228 227 74 143 220 193 37 254 58 174 137 231 174 189 122 80
    10 104 126 186 124 195 172 195 227 56 181 100 118 210 176 169 71 89
    254 126 210 65 124 183 106 160 34 86 120 16 103 157 239 235 115 162
    140 117 56 93 104 65 166 164 229 140 199 236 235 227 76 143 98 185
    149 249 252 27 158 192 214 99 10 160 230 132 118 225 44 212 209 195
    219 241 181 124 126 229 107 166 62 212 231 60 174 255 197 244 5 241
    125 216 78 196 183 62 73 113 57 53 131 53 214 32 151 147 233 101 40
    206 51 9 115 8 107 67 132 68 172 139 195 26 22 17 108 236 164 60 50
    165 4 5 9 147 45 80 120 247 184 173 92 19 53 197 14 137 169 198 168
    3 78 92 234 137 115 45 152 79 241 110 143 18 176 169 255 67 212 60
    235 218 227 222 210 31 97 149 149 96 235 129 87 120 17 199 38 137
    157 235 96 68 149 113 137 191 96 225 68 48 181 128 53 182 7 180 54 2
    158 175 43 4 229 128 166 88 112 242 191 110 131 8 200 13 16 93 189
    80 110 4 176 214 73 38 244 105 132 102 126 130 82 206 207 123 27 136
    160 231 247 185 156 63 158 166 111 4 130 48 93 168 174 109 177 129
    219 137 110 223 165 18 74 12 163 241 95 103 106 70 57 143 212 72 204
    38 0 199 51 91 214 71 154 180 42 78 233 13 18 121 207 95 57 38 216
    66 163 63 41 48 115 119 39 167 236 5 189 198 80 30 216 147 68 114
    146 16 104 187 2 214 53 131 62 89 22 66 193 26 225 190 15 178 184 79
    191 22 221 156 64 106 190 142 161 235 99 244 77 70 17 175 105 213
    204 86 48 6 35 129 155 186 190 240 160 34 252 186 25 155 17 62 233
    71 36 84 179 86 193 247 34 151 185 129 191 177 80 232 187 183 176
    139 59 48 65 12 212 123 45 62 202 1 184 233 24 165 226 166 95 219 62
    238 252 48 128 67 0 64 255 74 30 102 45 165 0 111 95 124 0 55 212
    180 34 101 42 35 203 116 124 71 241 215 21 116 215 230 253 220 224
    16 171 89 91 248 161 165 177 208 183 184 114 133 15 193 82 27 100
    133 253 157 222 208 151 4 104 186 138 243 138 181 141 205 84 39 222
    29 140 50 227 232 203 184 214 34 232 123 164 105 103 50 56 28 104 77
    122 107 163 171 171 102 8 213 106 243 141 36 22 99 88 184 190 241
    161 55 123 48 85 13 95 30 75 195 204 192 252 59 110 140 3 230 122
    187 175 180 170 228 111 54 105 167 217 10 56 5 223 183 32 102 8 1 83
    241 255 29 165 234 191 242 209 88 239 102 158 81 135 211 240 164 140
    33 148 184 118 151 40 0 249 192 47 253 129 49 236 16 175 197 162 28
    120 102 72 79 84 47 193 171 9 26 103 189 48 44 221 11 191 16 53 22
    74 183 14 150 195 174 51 110 218 165 26 198 43 35 177 118 140 222 52
    51 13 211 173 73 236 42 67 211 244 147 191 177 95 132 156 157 244
    130 12 247 66 32 4 176 24 19 114 72 77 155 110 143 155 74 148 118 54
    133 224 9 193 26 144 193 169 161 12 225 221 50 77 233 106 105 78 110
    172 169 38 37 208 106 107 51 98 67 183 121 161 82 50 87 193 41 146
    161 180 155 232 104 245 74 70 91 61 253 193 239 155 45 8 37 224 3
    153 229 69 222 130 60 238 114 177 98 61 74 160 141 146 212 175 65
    220 28 87 217 52 206 102 167 130 94 80 61 231 1 3 78 20 114 40 177
    139 107 68 78 111 0 67 79 163 154 255 240 240 155 194 133 81 49 171
    69 223 229 102 9 146 79 90 6 90 148 88 58 72 169 35 65 230 182 39
    247 243 195 12 21 17 76 191 82 199 31 124 122 141 1 90 179 57 41 151
    64 68 65 203 5 200 70 140 2 77 114 176 137 21 196 131 88 61 206 169
    136 2 54 60 48 136 56 65 234 28 19 167 55 137 194 247 127 131 54 151
    157 13 126 81 112 127 117 242 28 149 117 20 68 131 67 2 246 101 249
    115 67 20 232 99 162 5 218 251 184 110 113 218 187 12 193 217 253
    201 79 166 108 123 33 213 79 184 87 193 88 245 209 43 96 119 57 68
    13 9 135 110 176 241 33 158 162 175 72 179 254 139 248 222 80 128 53
    5 44 240 157 208 52 132 237 249 69 238 127 80 233 247 122 11 142 167
    19 9 106 109 164 203 206 141 159 48 74 234 61 213 87 96 98 205 25 48
    75 221 249 179 218 141 112 244 2 119 109 218 195 251 211 3 90 95 113
    209 15 214 41 177 226 217 52 26 9 78 189 176 146 55 51 34 67 200 206
    236 73 209 44 137 91 92 73 207 102 46 255 222 179 166 5 105 3 40 251
    143 161 51 221 230 143 60 217 199 90 30 248 31 246 235 95 157 113
    161 137 190 125 229 57 118 221 207 137 76 240 241 204 250 68 184 217
    97 127 34 180 48 232 154 132 116 167 85 104 227 76 61 73 136 153 42
    202 55 28 135 46 148 178 196 14 94 158 72 36 202 190 136 151 55 231
    4 148 64 75 22 111 246 22 66 10 249 33 185 87 52 47 152 163 112 5 16
    145 216 117 238 81 197 146 182 55 61 54 210 13 13 95 57 124 33 206
    153 19 140 38 78 105 151 127 107 133 54 41 209 220 200 170 198 120
    163 80 39 41 110 140 243 4 3 77 204 167 2 85 77 112 224 142 26 201
    148 237 80 182 135 9 121 5 225 30 110 214 236 211 235 140 48 81 46
    75 187 21 172 220 112 166 12 245 37 41 105 194 153 216 192 40 238
    163 120 109 90 90 50 253 92 79 54 51 120 38 251 157 191 51 225 52
    167 77 2 133 136 223 126 45 144 125 217 26 255 195 155 186 130 156
    171 228 121 125 45 117 11 144 210 33 131 246 67 76 144 165 5 246 169
    224 163 83 143 132 113 148 234 241 254 42 236 170 11 14 243 144 83
    233 96 106 189 143 0 2 108 237 70 42 97 20 27 36 154 124 206 6 100
    152 41 27 16 88 196 140 255 165 0 180 12 41 122 178 19 113 38 159
    158 76 250 253 190 189 158 60 128 64 159 121 85 207 114 112 12 92
    133 158 20 77 205 119 25 48 120 4 133 24 159 41 25 238 194 11 252
    101 52 208 5 48 232 169 111 31 197 224 186 39 239 235 47 25 113 132
    116 66 131 136 0 208 205 82 126 21 219 135 27 115 44 178 89 208 162
    37 219 187 156 153 5 19 41 36 46 140 38 103 82 2 26 34 101 175 30
    202 201 140 243 229 130 0 108 76 93 43 101 175 69 53 183 7 117 51
    210 196 63 166 98 3 47 57 130 248 121 208 12 175 79 159 225 65 236
    135 156 57 144 117 164 27 28 47 49 84 38 213 213 33 204 131 198 153
    43 145 188 246 179 175 52 134 124 218 81 50 241 193 88 5 175 135 146
    235 160 72 114 207 227 253 92 16 155 199 215 197 57 224 161 131 60
    211 233 227 82 221 59 239 141 78 30 67 51 211 63 44 132 243 205 11
    149 88 156 19 250 132 122 106 164 48 192 134 146 96 238 213 64 200
    65 65 123 120 54 20 60 40 69 232 72 140 160 235 170 212 121 113 53
    236 83 118 249 215 180 250 251 83 155 139 134 157 109 75 212 3 142
    113 10 0 88 245 250 143 7 190 96 77 105 229 155 134 239 113 174 3 5
    59 57 175 236 36 220 91 68 137 223 24 36 171 160 107 4 81 112 108 32
    2 18 228 83 29 142 206 247 40 123 131 241 239 188 232 70 112 250 43
    183 29 30 228 143 110 89 81 9 71 166 93 240 8 17 120 87 110 255 84
    179 47 125 253 160 148 207 199 85 184 197 157 176 163 175 22 37 16
    120 48 5 181 9 58 34 81 157 152 136 23 43 236 170 179 62 2 105 251
    199 33 116 185 13 65 94 51 143 253 223 194 172 59 207 91 222 22 121
    198 255 59 60 158 178 103 197 5 30 107 15 31 113 115 1 159 254 213
    160 196 160 92 188 52 53 253 57 113 143 235 93 180 244 182 192 75
    159 38 59 145 46 114 213 94 244 130 165 117 92 187 29 144 179 93 87
    206 145 94 115 219 195 126 218 181 133 118 89 136 31 194 103 159 203
    255 248 171 48 123 46 56 124 44 8 163 91 161 132 208 187 199 17 235
    237 59 40 40 17 108 5 92 40 183 32 232 47 169 47 228 31 244 243 99
    30 50 215 55 95 163 24 45 211 106 171 188 4 206 169 134 209 94 62 55
    161 94 31 151 221 14 3 128 125 218 204 129 143 136 100 163 224 57
    204 227 254 187 237 188 96 209 100 129 119 99 189 72 90 156 159 84
    159 100 98 248 177 254 241 221 178 55 94 87 27 102 63 213 255 85 84
    118 250 48 151 208 207 71 133 133 139 198 190 191 115 175 234 73 246
    157 65 244 237 244 221 97 237 67 146 115 4 143 53 194 170 113 116
    206 128 39 171 125 164 247 169 153 105 4 161 6 72 123 216 233 70 73
    71 247 231 140 28 245 55 31 62 2 129 214 184 0 112 0 24 70 241 145
    94 161 220 129 105 134 173 184 246 190 134 155 248 107 188 48 3 43
    246 45 240 112 63 171 103 20 201 176 75 125 39 30 147 119 226 155
    129 61 129 157 234 70 190 211 118 118 45 151 13 5 245 192 241 178 82
    179 65 84 218 56 158 241 255 8 133 31 115 17 187 214 36 214 235 140
    107 173 28 24 48 131 43 230 66 112 160 177 107 13 31 107 34 79 251
    210 105 216 169 62 59 193 193 231 254 106 148 237 116 125 107 242
    158 93 165 47 242 233 159 212 70 184 121 86 251 212 109 106 187 182
    71 135 213 52 177 139 83 103 244 215 19 100 100 80 136 126 182 208
    17 178 124 235 229 255 78 128 61 169 193 69 93 128 114 216 58 220
    164 174 136 140 197 199 203 8 227 49 249 175 242 82 107 117 47 206
    119 155 7 70 216 30 165 255 2 114 113 242 126 124 234 77 21 133 105
    87 70 197 79 156 113 164 101 165 160 26 243 75 142 85 142 40 141 145
    61 136 27 36 184 178 234 58 234 191 147 110 211 240 180 152 76 132
    90 7 224 167 123 13 9 177 1 176 160 134 209 221 66 90 76 125 96 243
    58 105 116 159 140 70 133 64 191 38 145 166 144 118 57 115 82 45 14
    8 200 173 254 210 82 220 46 71 219 71 209 91 16 133 226 160 66 220
    71 122 120 103 61 81 14 87 133 24 83 106 25 209 224 126 80 169 230
    249 25 194 53 156 113 148 165 210 28 65 41 218 35 239 242 107 255
    219 34 191 44 71 223 134 93 228 107 122 181 148 51 79 54 163 199 113
    129 214 1 109 76 214 26 40 101 136 84 184 170 80 203 115 227 108 184
    98 216 171 118 81 128 89 250 252 49 33 227 7 25 105 21 189 20 194 71
    199 3 224 34 99 227 196 249 37 209 206 228 206 14 69 45 19 64 255
    139 152 245 82 134 252 79 97 140 37 52 1 111 48 96 114 2 162 248 30
    235 154 196 153 75 118 116 239 224 40 221 189 165 85 198 232 236 105
    150 110 13 45 164 15 236 225 69 51 81 2 88 79 15 207 252 93 47 203
    148 57 0 75 24 174 186 84 202 222 64 225 67 165 144 184 141 251 122
    147 155 45 194 132 17 97 97 55 254 88 67 174 88 192 65 6 164 239 151
    234 87 7 9 203 178 52 23 102 214 233 249 34 158 166 218 65 188 95
    198 83 10 145 229 235 92 115 193 176 219 226 143 31 77 185 165 135
    101 56 176 179 183 100 22 103 170 232 26 111 154 12 212 20 4 160 203
    134 155 96 4 88 84 90 99 146 255 11 214 19 141 147 181 22 123 143 22
    22 55 178 168 35 62 142 118 218 96 201 121 149 61 239 26 82 68 237
    135 40 208 252 106 185 27 7 112 124 7 70 146 202 222 199 47 247 224
    132 58 38 195 78 127 194 136 164 125 67 48 130 156 51 76 19 184 85
    146 138 103 26 220 107 175 239 135 34 79 248 168 215 23 125 141 137
    118 222 176 248 211 114 93 177 125 0 36 172 188 205 89 136 70 61 67
    118 228 56 197 7 145 208 126 229 81 52 212 212 52 11 0 151 70 209
    131 218 4 173 187 101 222 27 31 213 211 240 70 169 88 233 126 134
    175 200 0 166 39 195 32 55 90 145 82 66 246 222 10 176 101 64 128
    131 184 177 122 23 2 231 81 217 133 120 203 9 55 75 6 101 196 190 93
    53 39 92 162 138 11 182 83 221 74 250 207 255 120 74 192 138 78 34
    232 83 49 36 20 148 188 4 53 68 166 16 195 4 130 24 13 202 13 97 153
    241 163 136 167 254 153 199 199 46 24 81 150 99 144 145 128 103 180
    166 82 118 186 76 92 96 224 74 202 249 18 211 108 199 168 6 136 51
    249 7 158 194 150 35 129 23 196 173 113 170 1 130 170 88 74 203 118
    2 25 177 114 22 26 71 130 10 125 127 192 143 227 32 198 144 91 37
    184 209 46 111 108 77 112 115 235 172 184 9 123 2 220 113 135 249 63
    85 222 71 161 176 32 190 100 87 229 198 157 212 187 143 46 113 17
    108 153 194 38 237 184 108 55 197 253 171 117 10 37 21 157 20 17 184
    143 163 199 10 248 207 187 26 112 25 63 37 104 222 201 183 164 65
    155 222 164 13 8 118 83 122 208 204 26 231 194 91 143 157 94 2 48
    167 201 85 182 86 164 252 226 92 238 101 3 201 214 233 49 42 181 244
    247 145 53 91 199 80 159 104 166 151 225 179 107 92 195 203 50 18 35
    151 100 193 77 39 163 159 254 164 14 84 232 64 176 55 6 65 151 96 8
    101 136 74 229 123 8 163 56 252 223 67 95 24 42 53 110 123 68 164
    213 77 8 10 76 109 34 185 75 48 11 27 232 20 25 160 16 18 98 243 252
    212 0 252 162 10 109 160 91 68 156 241 193 55 128 116 176 5 92 189
    131 87 20 83 136 28 128 69 61 252 17 88 112 194 167 211 58 35 182
    211 203 186 65 93 201 170 15 125 16 43 142 11 80 3 107 0 77 167 90
    194 182 21 152 106 174 44 152 94 127 194 104 129 74 141 74 210 39
    170 64 254 25 5 217 99 23 119 39 67 224 129 20 218 207 142 69 170 81
    126 92 13 129 205 130 125 87 211 72 20 58 177 177 184 197 236 107
    207 144 77 92 166 205 160 45 145 57 43 189 28 102 225 233 174 135
    159 69 171 218 81 64 81 116 91 230 6 23 220 179 138 218 91 125 113
    166 121 145 58 57 125 161 185 136 93 142 245 45 167 53 30 103 166
    240 151 222 201 100 216 224 124 249 190 212 184 0 126 137 46 222 200
    84 178 147 106 192 108 48 77 214 247 139 232 125 118 211 206 98 36
    89 253 171 98 59 11 225 17 60 77 86 5 134 168 87 200 91 84 191 7 228
    2 196 247 181 141 101 24 246 195 146 97 82 53 182 50 232 33 137 95
    45 29 189 12 80 11 99 196 219 188 72 78 221 164 53 144 198 192 38 87
    112 198 161 48 97 47 34 32 167 31 176 73 68 228 96 174 43 20 64 156
    30 117 251 41 238 240 3 92 225 113 155 33 194 15 182 196 39 140 137
    8 178 162 236 138 225 141 62 114 97 49 102 16 212 83 190 182 156 81
    237 206 214 36 110 194 224 85 223 89 195 210 153 191 138 64 167 21
    140 88 64 210 135 252 52 152 58 119 213 40 212 26 81 64 29 240 79 2
    247 22 124 110 211 109 193 62 197 116 23 27 248 170 104 242 15 4 130
    95 192 96 104 117 97 161 91 31 160 0 182 201 68 110 34 137 22 221 82
    114 53 116 33 192 222 157 38 209 207 255 128 190 112 61 185 154 163
    217 74 5 85 76 61 52 160 172 246 228 125 239 108 4 102 90 169 50 131
    154 247 139 247 76 202 87 106 12 46 106 115 49 209 7 238 77 143 46
    181 172 226 1 216 24 86 193 66 143 244 55 161 101 173 175 231 0 245
    27 29 216 31 130 30 237 16 200 181 238 236 68 88 65 30 42 169 45 242
    239 164 224 140 36 17 56 106 249 24 74 117 57 226 212 0 8 180 144
    177 45 144 12 244 119 46 130 35 212 110 255 94 18 56 113 70 174 31
    168 33 59 166 242 244 99 131 235 152 97 34 231 55 49 223 123 147 186
    107 107 69 6 168 165 130 227 34 62 151 243 249 120 236 23 97 217 130
    75 111 2 63 27 86 122 241 216 195 210 83 97 124 74 36 208 77 42 30
    253 158 31 83 88 128 59 207 101 66 56 65 24 155 175 69 86 253 252 75
    200 134 151 185 227 129 242 13 135 154 137 230 45 160 225 20 130 11
    99 244 218 119 143 178 149 114 150 16 81 75 2 12 156 30 60 108 68
    184 56 46 250 136 42 95 29 108 250 60 29 53 3 73 22 252 238 124 89
    138 9 237 212 69 237 175 91 165 77 22 168 17 249 105 125 102 135 163
    71 222 114 119 165 204 126 48 66 168 135 150 203 240 162 222 140 153
    105 49 248 28 218 5 139 146 171 36 111 57 65 134 181 117 162 69 179
    5 153 93 241 17 194 231 205 80 151 87 207 210 88 75 125 143 223 8 29
    166 12 126 150 121 121 210 168 56 233 232 171 249 118 199 17 124 35
    200 250 16 249 75 30 70 229 104 78 111 32 94 250 151 57 146 253 87
    210 237 218 70 77 239 134 186 175 193 120 56 7 37 144 206 120 30 111
    235 241 97 246 178 92 247 28 188 88 60 249 57 249 6 37 118 243 93
    163 22 17 196 20 9 164 25 197 48 248 201 199 88 230 207 59 222 39
    152 109 31 159 254 56 173 189 98 76 158 22 13 168 197 141 54 139 215
    2 102 231 5 147 253 254 146 203 97 236 46 51 190 141 134 14 196 36
    118 189 179 45 39 17 251 94 250 48 91 250 233 84 33 165 216 192 64
    231 200 61 100 104 8 191 70 172 56 131 214 62 79 249 246 154 78 168
    111 175 75 93 234 153 236 218 140 135 138 195 38 157 193 4 138 115
    78 73 30 159 81 87 196 247 48 121 171 42 163 217 163 61 122 55 14
    102 197 86 206 142 107 157 15 245 67 199 76 140 196 127 47 11 222
    231 140 167 118 177 166 51 186 141 167 25 48 189 54 15 85 159 253
    234 243 227 49 223 43 194 198 103 34 207 222 51 126 123 206 126 123
    61 33 116 79 101 79 40 193 118 85 46 209 43 217 52 42 205 202 121
    250 185 216 143 139 144 3 217 148 248 187 160 164 33 86 87 169 161
    153 123 45 188 204 18 254 47 179 71 224 23 76 10 20 230 219 249 158
    252 120 213 214 220 151 77 114 114 1 58 200 226 156 184 122 247 75
    169 125 138 183 199 209 66 168 152 194 176 131 179 198 186 70 244
    211 227 203 89 23 128 223 192 133 166 0 28 231 53 47 230 85 0 177
    102 53 157 44 194 174 136 41 66 49 237 151 148 36 213 224 165 15 56
    41 81 146 222 213 16 142 46 15 226 78 22 222 200 86 183 181 163 85
    77 242 219 251 118 10 74 113 231 121 53 230 53 223 239 225 98 5 248
    187 128 109 251 95 249 150 241 163 208 134 44 145 66 86 10 48 77 249
    199 150 179 108 193 89 12 135 219 8 25 133 202 112 65 186 31 187 243
    135 163 207 32 90 56 236 134 186 71 252 204 47 250 51 235 181 25 32
    42 57 151 209 158 84 122 139 217 204 160 111 132 246 39 180 92 23
    160 116 240 207 160 5 134 230 217 133 109 1 24 15 252 112 28 83 249
    219 116 59 85 4 129 46 46 248 73 88 188 251 71 222 32 14 11 238 211
    178 81 228 189 59 27 212 14 26 21 122 46 85 7 181 118 201 238 228
    247 109 210 220 37 211 135 54 49 22 51 76 252 229 131 222 100 203
    255 181 63 125 8 205 219 30 194 213 76 227 59 242 84 64 58 254 237
    253 184 148 68 243 70 101 182 213 204 178 106 138 165 124 193 26 119
    80 151 233 93 58 66 211 48 171 143 52 114 183 124 10 252 113 214 107
    78 82 164 91 246 210 3 90 60 64 35 146 122 180 69 157 52 144 64 65
    222 53 152 249 128 168 175 45 52 86 143 32 44 245 8 119 25 131 144
    50 190 240 236 202 140 101 37 14 129 227 246 101 23 129 22 120 127
    91 86 212 3 57 118 177 39 159 79 100 129 196 87 84 159 136 112 241
    205 187 37 236 117 105 173 138 38 100 88 171 249 239 2 220 201 184
    89 167 42 69 199 66 122 76 38 3 165 190 217 49 45 35 228 236 80 15
    238 234 253 50 160 103 49 159 13 136 211 4 164 158 114 171 33 188
    221 244 129 153 202 58 151 81 121 81 54 104 118 174 134 167 56 223
    210 68 39 84 203 13 74 177 210 235 201 238 96 15 175 142 70 118 247
    245 233 155 254 195 188 211 24 35 222 39 45 242 122 38 217 237 48
    100 58 215 155 187 123 11 192 32 61 112 35 61 112 32 143 238 122 12
    252 97 180 99 7 118 14 240 40 192 157 44 85 108 26 178 142 248 27 89
    230 81 222 179 33 78 94 78 237 184 112 104 121 163 60 18 5 61 164 1
    138 147 237 129 142 164 227 243 52 170 119 28 210 172 203 146 141
    239 18 147 215 138 109 43 6 84 128 16 127 121 24 237 82 67 50 184
    166 193 23 137 85 15 73 181 205 109 164 248 249 58 33 154 193 115
    126 139 122 131 169 99 253 90 194 132 134 73 175 53 146 216 254 74
    214 5 178 107 228 111 153 21 9 171 206 255 220 38 96 206 27 37 252
    230 52 35 248 153 100 241 23 227 164 155 51 254 0 237 199 236 210 49
    247 217 154 118 54 180 112 160 65 77 101 246 236 15 105 99 80 8 70
    253 221 167 9 230 231 147 72 21 4 108 243 242 136 88 231 41 217 5 86
    143 99 163 168 174 39 126 33 178 224 159 15 102 30 108 76 12 98 59
    38 23 34 76 128 73 56 228 68 63 243 14 1 206 2 246 249 199 132 106
    40 188 91 223 44 211 123 168 251 111 236 231 8 29 177 216 180 179 3
    187 147 220 16 40 24 91 124 123 69 24 216 187 81 173 141 48 135 242
    165 132 211 243 147 1 89 186 160 48 180 106 198 35 236 133 119 242
    65 146 58 105 126 172 247 163 187 66 110 24 203 116 34 203 41 238 40
    192 207 213 197 110 56 162 177 181 219 18 223 97 182 127 23 147 35
    181 0 242 198 203 83 196 2 35 122 243 15 238 46 10 193 180 176 149
    166 174 44 172 252 67 75 93 164 6 53 66 226 177 119 244 236 27 73
    205 147 52 193 17 36 17 220 173 192 39 77 14 134 10 59 214 67 132 56
    168 56 81 150 177 78 59 48 241 108 18 57 231 217 237 208 44 211 191
    195 44 106 150 54 59 118 149 203 75 170 3 54 2 219 223 220 217 64 79
    60 46 0 195 4 117 129 125 110 147 99 96 18 201 173 151 82 37 114 106
    112 20 40 127 205 11 65 102 221 12 220 32 162 76 29 7 168 243 130
    135 195 161 149 172 79 36 204 213 98 168 208 106 244 44 181 12 84
    179 22 103 85 38 59 92 131 226 4 165 125 165 118 85 92 101 106 170
    44 163 222 49 6 168 225 120 100 233 160 86 250 82 95 97 250 64 87
    154 71 172 123 81 231 237 151 197 224 155 204 27 13 210 1 82 159 84
    117 76 223 220 245 134 36 118 10 7 24 34 212 199 175 125 52 130 96
    145 127 154 204 228 22 163 247 169 101 189 6 184 162 112 46 228 168
    36 177 57 98 227 181 100 65 172 25 99 138 1 70 138 235 213 99 234
    100 74 139 150 99 84 28 209 116 203 22 94 39 7 229 185 161 189 140
    186 127 145 183 13 121 84 151 17 41 82 168 68 123 5 127 199 97 215
    237 173 137 95 232 127 210 47 102 191 108 220 50 175 189 194 104 27
    55 89 206 67 48 7 173 201 80 136 26 81 177 209 1 61 224 108 94 119
    240 190 19 52 68 77 109 156 162 86 98 119 152 166 230 138 64 29 156
    82 99 186 218 82 149 65 24 233 67 151 82 72 76 8 63 199 207 161 129
    25 184 196 202 59 182 188 2 130 182 253 218 29 229 34 136 24 44 118
    30 38 132 150 129 17 225 223 183 219 67 161 27 210 192 189 254 80
    207 115 83 43 239 104 135 77 211 24 179 233 54 241 179 50 165 171 56
    32 5 99 93 115 227 173 106 244 103 156 37 240 73 206 80 31 136 47
    197 221 39 124 235 123 228 221 220 20 19 166 182 45 32 247 67 198
    196 73 109 4 125 156 74 55 244 107 124 162 225 139 69 157 217 61 191
    11 242 165 76 115 250 61 29 119 254 230 112 214 61 18 193 101 231
    197 141 8 147 75 151 7 169 66 155 215 251 103 203 157 0 236 0 99 214
    86 81 230 131 142 109 130 92 13 249 79 19 135 3 88 234 177 153 192
    233 166 189 195 202 52 16 131 252 94 146 206 173 80 143 171 182 255
    175 90 232 175 234 126 46 139 58 25 16 1 129 235 159 48 218 241 24
    172 211 182 77 66 65 132 140 177 109 1 237 10 166 75 206 178 107 116
    194 59 104 12 87 132 209 224 189 220 205 179 31 89 237 230 70 107
    185 115 210 94 227 79 135 49 115 66 254 47 88 106 245 37 243 97 232
    253 151 241 144 112 52 210 119 37 75 155 236 84 140 108 22 213 253
    158 168 167 254 136 247 200 77 113 188 252 98 195 1 252 189 169 211
    128 151 211 203 180 67 155 223 185 179 50 150 136 87 216 196 1 82
    107 54 59 233 8 134 54 94 213 112 25 98 8 237 103 35 213 73 210 6 56
    179 132 60 26 16 227 15 180 56 46 207 167 185 111 91 251 232 41 8
    135 10 44 93 114 61 238 18 137 56 121 200 212 171 171 105 112 196
    186 239 246 116 75 213 157 253 47 132 135 136 108 9 234 194 113 56
    194 148 139 227 59 4 117 160 203 138 97 148 231 3 10 240 227 183 162
    141 250 26 26 135 191 111 82 188 73 248 114 71 64 107 23 201 246 1
    109 147 17 176 142 120 109 142 206 62 148 203 224 110 227 214 213
    249 76 103 214 169 107 113 75 138 184 144 213 201 33 35 178 220 32 0
    99 227 128 152 205 8 117 170 1 62 79 65 80 100 157 17 246 202 245
    252 85 229 181 66 74 147 2 176 161 25 246 14 180 86 211 178 54 28
    151 123 75 255 130 50 67 247 37 149 182 250 146 116 176 226 29 248 5
    43 48 250 36 0 90 197 186 137 10 95 231 92 210 157 207 179 39 133
    233 240 17 239 147 242 83 201 7 230 23 86 209 221 215 193 49 245 33
    111 234 164 45 4 6 89 233 129 216 12 18 13 93 65 206 100 147 61 229
    237 209 5 178 226 67 8 84 128 196 210 203 78 253 53 37 33 181 233 0
    93 90 97 25 248 31 133 249 0 192 52 113 67 63 70 4 102 131 121 60 54
    176 206 132 179 116 38 6 241 228 119 189 79 235 125 153 173 205 22
    217 21 237 216 22 171 57 215 74 148 47 242 22 145 31 219 235 59 155
    179 70 14 142 71 120 123 118 188 40 144 75 22 62 139 76 8 76 35 183
    86 232 249 141 141 3 174 212 210 43 16 44 115 80 127 0 249 48 29 160
    47 170 214 208 103 191 7 49 131 249 46 150 106 13 28 135 132 53 1
    175 83 196 62 220 22 69 129 66 180 139 193 188 128 195 95 58 254 94
    226 35 119 41 177 154 67 210 9 45 59 13 49 203 214 255 57 125 219
    148 231 92 30 179 240 114 79 242 36 17 79 167 12 142 140 31 67 54
    158 205 5 1 63 152 62 39 122 47 209 61 215 99 156 84 201 255 146 222
    202 44 44 135 247 97 151 234 52 156 169 155 242 242 80 96 189 237
    157 225 235 164 4 218 163 45 147 104 159 76 237 246 25 244 111 178
    33 58 95 125 88 171 90 172 176 4 9 176 219 193 156 171 107 150 176
    218 242 154 208 39 60 219 176 159 48 182 16 220 143 140 198 255 84
    120 180 186 67 220 72 10 213 146 144 101 156 60 210 100 53 230 135
    170 135 30 37 152 180 70 216 60 154 0 160 93 70 41 98 25 234 221 207
    70 26 138 35 140 139 90 220 168 45 107 185 71 7 222 130 29 123 195
    63 116 132 73 249 146 49 121 97 141 87 146 65 17 125 203 169 220 118
    21 210 132 228 152 134 220 200 140 74 171 93 214 107 192 161 248 25
    183 239 21 97 20 109 199 165 246 72 10 47 126 57 234 181 85 149 1 19
    9 167 34 35 195 62 152 171 141 33 71 16 41 208 217 164 232 236 225
    173 24 204 100 214 79 44 99 125 141 3 90 127 89 201 45 186 86 4 13
    59 182 225 227 108 92 110 61 118 117 156 79 18 88 37 17 204 174 37
    134 28 36 230 132 153 245 237 181 2 158 204 74 242 131 2 144 209 123
    54 202 81 193 23 116 192 185 181 135 137 67 194 186 133 68 5 70 174
    139 137 47 144 47 28 64 46 144 7 202 156 153 138 26 202 173 30 84 20
    191 218 180 59 191 238 95 54 250 44 250 59 178 213 106 141 75 100
    199 23 243 110 42 233 235 90 108 81 79 69 84 255 84 99 126 117 241
    56 158 64 51 244 113 163 23 138 25 51 190 38 142 193 64 98 216 82
    229 56 228 211 109 234 155 177 131 221 11 82 77 85 152 226 66 235
    114 168 93 100 113 182 253 235 121 104 153 20 52 23 4 244 246 186
    231 70 127 209 132 161 138 87 55 135 131 114 154 134 218 57 173 149
    136 131 80 197 228 154 159 135 122 19 149 194 144 35 229 190 117 172
    212 14 68 58 232 84 205 69 184 100 115 255 249 73 109 231 133 56 222
    177 73 209 175 131 27 185 63 8 4 154 106 44 90 86 181 196 34 114 178
    106 181 251 57 242 212 29 157 147 26 76 188 40 176 200 83 226 178
    102 178 72 140 13 246 101 252 126 204 94 247 5 252 139 170 84 221 9
    153 219 247 7 72 154 210 117 160 244 85 203 30 160 150 212 248 120
    93 202 29 48 157 224 157 192 30 67 83 33 35 220 95 207 197 11 206 96
    197 218 44 253 65 78 181 72 117 85 217 35 33 58 214 24 110 115 187
    57 240 186 29 207 169 0 128 79 36 119 176 69 78 67 235 117 218 255
    253 249 59 104 220 150 98 217 219 225 104 67 16 217 34 193 80 246
    155 49 179 35 82 25 47 253 43 34 110 232 191 71 157 177 150 232 72
    84 201 111 241 181 184 152 219 5 73 16 90 172 27 13 118 79 172 224
    116 202 53 84 213 82 207 35 68 145 53 159 198 174 186 177 60 182 254
    143 91 45 137 197 124 94 237 160 246 113 225 52 209 97 120 55 129 35
    62 118 226 160 177 144 66 40 111 82 32 0 119 153 127 121 130 91 189
    35 39 139 152 138 153 206 6 145 240 84 54 226 76 162 170 204 35 96
    126 103 196 68 50 65 238 136 38 45 130 58 64 44 174 17 233 18 103 40
    172 243 210 224 8 228 250 26 67 7 248 203 180 236 37 174 3 163 27
    222 33 99 187 11 240 102 40 33 16 69 211 203 29 60 13 73 226 178 141
    161 149 75 43 88 124 216 63 190 212 46 58 219 80 197 10 175 159 74 0
    228 186 45 189 19 214 115 241 59 218 111 8 156 87 108 92 76 50 175
    57 66 50 159 91 188 125 213 170 167 133 19 166 245 235 52 91 26 255
    167 17 233 222 14 248 103 238 62 21 152 248 139 142 153 183 156 52
    101 59 1 154 186 57 228 38 176 130 90 193 2 228 25 93 194 60 45 110
    218 135 73 10 34 183 229 223 2 21 35 160 163 145 26 199 78 92 194
    103 179 206 142 63 99 70 46 96 215 29 6 31 47 244 244 144 64 82 166
    33 106 39 159 108 197 17 217 215 95 6 245 175 223 136 186 11 66 133
    185 249 157 86 101 70 126 167 64 75 1 223 145 125 82 93 40 115 183
    194 156 252 9 254 32 32 74 208 180 52 138 171 250 12 15 72 51 140
    121 170 37 159 100 216 32 124 228 4 231 71 164 234 100 178 208 48
    196 226 72 71 184 234 28 214 97 149 78 212 31 96 86 57 102 112 13 34
    139 181 177 55 204 75 96 92 30 204 72 86 9 188 189 42 99 182 3 93 65
    204 124 5 32 190 14 16 245 14 76 35 152 150 158 224 204 21 17 140
    200 253 29 235 82 125 91 132 101 224 54 184 18 58 32 252 219 0 200
    188 72 95 135 10 230 15 235 172 173 80 36 108 231 149 223 94 244 36
    107 64 122 228 133 199 218 217 19 59 254 236 38 138 181 87 247 14
    175 86 23 176 118 97 3 211 115 166 158 131 96 127 125 169 246 97 107
    255 117 128 249 144 182 136 230 18 11 83 63 101 234 129 159 155 87
    251 60 206 182 132 230 92 100 181 27 135 36 19 237 219 55 247 137 94
    30 12 203 255 48 35 173 234 138 249 58 64 225 242 85 77 229 136 240
    61 78 81 175 67 210 177 140 63 76 193 147 88 113 249 217 8 77 131
    174 212 184 66 32 188 156 123 149 76 115 253 117 14 168 37 48 67 185
    82 207 80 140 13 197 41 228 133 192 25 175 163 233 112 226 243 118
    172 147 56 18 31 0 255 1 62 80 78 210 16 163 72 81 254 126 197 176
    54 174 39 231 31 200 160 58 44 123 116 159 214 25 221 110 9 23 235
    27 175 5 208 207 206 141 118 153 36 46 175 22 84 146 92 113 222 133
    223 178 16 212 15 221 132 76 5 31 3 27 166 205 140 7 193 240 18 69
    85 80 169 68 239 117 148 136 99 14 206 143 125 124 107 68 42 109 141
    131 41 147 108 164 13 47 207 215 102 194 238 88 11 47 225 70 235 104
    239 107 151 172 125 139 54 202 122 54 51 17 141 55 46 214 138 145
    170 145 112 219 153 247 178 48 176 57 48 24 159 191 186 121 82 174
    251 64 227 146 119 170 209 109 90 51 214 40 189 29 222 171 164 222
    73 45 94 217 1 167 14 158 46 247 47 187 86 198 13 218 9 210 235 172
    61 5 26 47 202 15 189 240 151 154 224 68 219 49 42 201 60 71 157 220
    217 171 135 219 138 158 23 99 48 89 19 138 156 118 38 179 172 228
    167 181 101 17 11 154 17 93 43 28 214 18 63 211 22 122 186 178 90
    175 194 64 211 142 225 213 20 208 196 97 101 84 123 82 200 57 30 230
    212 127 186 245 184 60 10 109 252 10 115 87 95 204 126 37 127 210 42
    40 168 116 176 26 143 244 76 228 88 103 167 126 157 37 140 59 114
    183 121 90 107 195 126 105 217 83 151 59 204 29 10 26 126 104 232 28
    90 14 191 225 30 171 49 136 109 68 104 142 241 169 109 213 116 27
    104 147 184 3 50 245 110 167 157 164 17 62 191 23 89 124 73 64 219
    107 227 214 248 2 212 72 70 139 215 160 246 237 32 0 205 15 210 56
    176 211 227 239 219 229 44 73 128 198 41 218 8 222 218 205 74 65 240
    229 124 42 119 109 45 75 147 207 151 226 12 148 71 85 148 152 187
    237 207 166 115 20 9 42 128 1 83 57 79 195 21 222 36 201 104 231 226
    217 24 199 255 183 63 210 45 44 119 235 6 234 177 139 116 54 67 142
    18 238 177 218 8 153 102 234 86 151 58 18 139 153 71 208 130 6 15 86
    5 118 17 128 126 104 1 248 24 111 169 126 117 100 251 255 228 171 73
    195 31 206 176 67 106 195 158 131 133 170 127 146 126 124 75 102 53
    138 41 113 211 89 79 58 34 94 127 231 110 34 74 159 100 151 196 205
    33 216 76 204 239 153 61 162 169 119 221 88 167 224 215 229 83 232
    148 221 235 54 248 176 157 36 163 233 226 107 199 253 213 129 176
    103 23 120 157 144 58 64 205 197 77 75 93 164 67 136 134 95 29 79
    211 209 51 73 158 214 207 61 131 207 251 241 22 106 67 10 121 130
    186 206 15 189 120 145 219 13 253 54 179 55 52 32 247 40 244 197 234
    173 100 163 126 212 187 141 100 4 247 37 209 229 101 128 229 127 26
    151 84 15 92 244 40 43 185 221 154 215 185 144 44 66 139 155 79 120
    51 99 163 171 207 129 246 41 204 230 53 24 159 25 65 95 109 179 14
    83 243 207 39 10 16 231 80 176 205 75 77 147 248 68 194 143 33 244
    33 134 135 23 67 246 5 59 3 165 197 53 252 254 50 6 25 190 87 5 242
    71 53 42 69 184 163 106 213 242 144 212 96 221 101 221 230 210 87 83
    42 175 72 197 206 204 187 236 242 236 138 149 169 99 45 54 48 220
    234 122 141 140 172 132 42 249 252 142 151 251 58 236 217 177 106
    198 28 127 108 228 103 72 177 9 60 83 199 102 221 152 35 190 20 251
    142 75 48 27 252 32 135 216 113 66 106 15 100 208 159 85 99 145 99
    93 51 252 129 41 120 39 184 182 13 38 61 121 192 39 125 8 81 15 20
    249 193 68 223 193 172 109 87 191 70 24 40 162 133 23 186 89 80 88
    87 183 107 225 66 131 40 50 232 208 45 184 152 139 79 67 216 56 25
    177 73 122 101 42 164 74 244 97 63 36 225 179 200 176 77 106 236 228
    12 34 185 202 49 174 87 98 227 75 110 218 61 10 226 35 140 236 157
    65 230 61 229 155 99 153 31 9 143 244 22 210 124 185 130 213 175 116
    20 118 76 189 8 148 185 214 192 209 7 13 166 99 228 246 165 227 241
    89 179 21 129 219 217 171 180 148 47 8 198 4 79 87 171 224 152 252
    134 18 154 67 58 48 27 141 72 79 138 86 208 55 157 169 114 8 213 252
    212 183 30 107 180 36 163 162 30 83 189 65 204 41 162 234 131 53 115
    9 74 241 245 226 189 253 74 20 118 116 167 48 186 218 75 181 30 190
    128 157 222 102 189 121 119 150 139 249 2 134 250 127 188 5 23 190
    84 79 124 89 11 244 137 47 126 94 63 66 174 212 31 151 143 99 141 93
    235 113 195 239 157 118 61 254 88 13 105 228 212 11 118 11 110 197
    217 63 62 114 10 231 249 54 195 123 90 196 52 243 177 59 40 226 52
    30 14 121 65 67 86 218 27 106 195 221 231 54 9 84 179 177 124 250
    245 229 33 118 79 140 114 155 231 30 187 224 70 255 216 29 170 245
    88 145 227 241 65 86 250 102 237 218 177 241 67 55 203 20 250 53 44
    210 91 205 73 219 8 21 128 152 64 181 192 62 101 171 64 40 60 250
    131 215 222 151 185 80 241 255 153 45 113 250 148 24 230 245 178 216
    197 245 133 23 201 206 228 222 2 104 46 227 240 174 171 50 114 218
    184 200 199 123 227 182 137 145 94 30 0 83 10 252 2 96 243 96 136
    238 136 108 185 175 19 3 254 238 127 155 48 101 233 111 10 244 217
    158 38 54 223 168 253 72 13 168 154 189 195 101 2 113 212 39 76 2 45
    216 34 37 249 48 67 186 22 40 218 171 229 72 15 246 243 75 202 244
    16 172 174 210 176 126 173 140 14 100 98 16 102 58 102 104 119 25
    145 219 196 229 9 162 250 179 100 104 122 107 48 29 74 200 181 229
    55 147 18 92 200 255 241 40 159 32 223 58 101 86 42 205 59 42 2 183
    202 71 227 79 35 85 209 15 193 209 46 187 166 137 199 16 159 70 100
    55 40 180 160 106 21 93 129 155 37 215 157 193 157 137 68 251 77 240
    72 3 102 198 98 4 0 171 222 4 52 116 20 102 94 144 65 227 196 20 131
    53 145 100 194 160 190 60 15 224 224 248 187 67 7 150 252 110 214
    111 74 249 203 76 114 199 8 87 220 125 255 154 163 12 49 73 34 106
    56 110 245 238 150 116 233 5 123 125 215 107 125 23 242 154 49 183
    224 244 48 255 238 154 97 219 75 180 194 248 233 235 133 222 234 136
    7 51 186 172 156 33 128 156 44 202 227 182 91 202 171 52 57 13 182
    35 234 5 84 120 145 237 200 120 159 139 22 207 135 127 33 168 50 78
    170 120 201 120 60 228 50 79 140 51 37 134 188 16 164 60 85 156 58
    145 94 238 119 98 186 102 212 127 203 129 72 249 43 253 240 219 179
    123 162 176 165 248 131 106 154 169 51 230 147 102 203 76 209 230 4
    46 77 230 90 65 159 234 47 38 248 228 27 10 139 185 178 236 4 135
    190 183 116 145 43 219 77 156 173 70 110 91 181 201 200 203 12 88 13
    240 31 13 35 154 169 221 218 190 146 34 84 242 34 24 169 171 70 153
    75 228 35 95 234 85 199 3 241 44 219 108 41 255 233 141 48 26 119
    245 140 104 53 33 29 98 0 60 104 2 76 219 106 138 173 135 4 85 12
    254 113 148 233 0 24 89 177 83 148 68 44 8 29 113 212 1 160 138 26
    48 209 139 203 67 153 232 25 108 190 57 91 245 242 152 122 139 195
    175 106 221 234 147 97 152 83 114 79 157 128 210 129 252 41 163 133
    119 41 132 68 45 203 18 199 245 85 210 229 9 154 203 145 76 42 153
    237 179 149 250 100 155 37 72 83 33 217 108 242 177 193 25 72 213
    124 141 212 49 13 35 91 229 40 165 162 156 173 255 121 71 97 60 27
    20 39 193 152 106 127 253 193 160 232 99 59 30 146 90 240 23 205 4
    169 185 40 60 31 123 162 134 93 37 237 166 250 41 40 7 231 98 50 246
    87 224 0 64 219 45 241 66 221 45 29 145 78 121 45 150 204 25 154 106
    198 34 212 76 228 155 213 207 133 202 61 65 48 189 0 234 131 247 68
    187 26 252 144 176 55 21 39 231 92 69 124 80 49 98 120 69 212 25 200
    52 232 208 87 112 191 203 126 181 233 181 176 184 230 251 150 185 38
    180 2 36 120 243 23 77 206 115 138 147 160 122 165 168 150 82 85 81
    159 76 185 114 174 70 222 85 2 247 21 180 120 3 36 148 13 105 233
    127 11 179 152 68 32 9 243 238 208 164 106 211 55 123 205 118 217
    189 57 130 95 207 71 206 55 5 169 98 132 29 48 144 249 93 115 192
    241 70 242 5 76 98 212 148 158 104 199 200 61 201 115 84 123 87 14
    116 236 15 142 21 101 132 83 195 171 48 56 111 14 77 130 114 141 101
    47 207 133 19 221 112 100 105 211 85 227 230 17 89 50 220 19 116 125
    85 155 45 254 168 115 108 156 153 154 201 57 58 0 0 20 1 13 102 62
    255 216 167 37 208 102 188 12 55 97 210 76 10 188 178 156 15 10 168
    126 91 36 25 136 167 194 65 159 149 61 235 217 47 42 27 150 177 171
    66 27 138 163 30 35 172 23 214 65 70 209 230 242 210 242 3 80 182
    113 72 196 69 118 47 72 158 21 233 221 90 204 88 118 171 136 213 71
    73 203 9 31 151 209 158 4 64 193 131 147 105 76 28 74 206 192 138
    235 180 245 138 38 21 242 38 250 244 188 174 229 104 104 133 94 249
    113 232 152 69 99 23 125 119 154 143 200 247 174 238 34 56 33 66 196
    240 211 21 204 193 191 48 208 46 206 117 234 25 158 138 206 105 5 17
    176 71 62 226 74 82 249 32 49 47 42 128 191 124 238 134 36 86 216
    182 37 187 119 99 223 119 118 199 244 137 81 131 250 230 0 190 71 53
    57 76 67 117 143 182 204 200 90 169 127 233 110 116 88 29 28 147 250
    115 2 136 6 223 31 140 207 21 220 2 50 121 218 166 89 252 122 71 51
    60 24 78 96 234 23 234 62 24 237 93 236 13 230 69 100 192 135 26 13
    92 24 5 143 179 121 247 185 44 83 120 221 118 13 7 251 121 143 72
    255 158 98 133 130 200 116 200 250 171 112 199 76 42 209 161 117 147
    161 255 159 179 11 183 184 83 240 224 228 21 140 69 45 138 44 1 89
    186 176 33 192 34 2 190 140 39 113 237 42 205 107 28 169 170 35 224
    225 125 138 95 155 250 207 21 12 141 212 120 221 7 244 85 83 153 33
    55 43 198 97 156 207 145 127 141 159 47 245 221 153 247 85 198 81 82
    255 251 233 237 17 15 44 35 105 190 112 125 38 111 252 53 56 81 214
    94 223 189 233 6 211 193 102 199 96 81 153 168 242 56 114 168 62 21
    136 215 221 42 34 249 21 86 77 103 35 69 17 106 194 187 50 34 215 89
    48 128 1 69 180 57 144 169 71 103 41 60 196 49 117 51 44 191 101 174
    173 193 161 6 119 55 232 186 165 135 60 15 162 88 172 239 134 133
    166 209 59 87 136 42 191 115 225 205 249 254 208 231 252 162 176 159
    247 174 189 168 202 2 182 227 89 195 135 75 17 193 144 155 138 86
    190 82 59 127 183 105 254 169 32 223 59 206 9 165 88 195 6 254 124 6
    129 124 6 168 101 113 112 180 40 96 9 235 228 212 94 231 75 196 15
    222 4 212 88 156 27 22 200 89 203 17 159 18 82 67 29 158 202 12 106
    145 122 29 32 32 131 18 176 170 1 115 109 87 86 182 131 168 135 14
    154 8 133 24 69 232 130 195 64 180 177 91 93 4 253 102 117 253 95 98
    232 193 109 18 72 164 195 1 205 38 195 249 251 193 201 95 11 138 221
    154 15 209 161 182 191 237 8 71 119 33 101 117 165 144 15 123 43 127
    253 181 62 37 255 142 104 17 27 44 65 122 12 196 32 14 136 180 153
    142 195 226 252 61 128 122 215 119 228 157 102 100 248 193 99 202
    189 192 76 217 35 95 78 118 10 105 47 18 157 47 168 7 152 1 65 56
    106 171 252 1 114 151 203 223 117 68 128 48 247 143 75 137 76 105
    113 122 37 179 253 178 187 125 7 127 136 81 129 162 26 125 59 167
    177 116 11 153 63 223 189 46 80 103 239 205 52 124 81 186 179 223
    181 130 115 8 87 154 135 91 184 170 150 79 124 218 241 251 24 39 162
    144 149 124 172 46 142 98 214 19 190 106 177 172 84 62 52 195 40 141
    71 50 82 237 132 220 2 191 231 12 2 156 64 231 36 145 220 101 231
    112 218 190 81 163 209 225 33 147 90 70 117 130 137 206 156 129 214
    245 55 190 44 92 155 95 60 237 255 215 219 165 55 71 236 148 170 23
    36 160 100 111 207 73 171 163 20 255 49 192 193 40 59 156 78 64 241
    180 135 171 252 87 241 107 227 211 205 249 65 151 132 208 25 75 232
    142 206 173 120 231 64 223 51 150 31 177 146 190 92 89 130 92 2 93
    23 220 131 150 20 207 29 171 172 212 31 30 221 17 192 24 38 117 2
    217 161 119 192 41 86 12 215 74 197 135 210 151 133 88 200 226 68
    111 3 138 115 225 207 213 133 199 112 39 122 141 161 232 16 186 74
    183 111 143 101 58 227 77 126 20 104 172 139 240 134 98 152 170 175
    137 74 144 200 234 166 133 92 115 116 216 210 224 103 130 91 102 148
    217 93 28 59 186 124 181 39 8 235 106 215 42 236 138 128 250 97 252
    93 120 234 235 14 19 85 143 31 183 232 164 15 12 135 19 14 140 139
    28 5 140 254 46 66 168 0 175 11 83 232 156 75 119 153 186 65 148 189
    62 16 205 174 236 44 99 232 11 245 212 197 66 113 35 236 232 59 68
    125 220 220 233 170 226 210 40 17 118 130 128 240 150 134 38 147 233
    78 175 253 228 241 101 102 163 67 163 201 103 202 241 243 187 211
    152 99 67 57 109 45 224 219 122 99 173 69 1 174 123 70 9 104 239 162
    159 207 37 137 242 221 229 184 243 215 91 177 154 223 50 178 111 45
    88 133 105 27 34 178 103 29 20 30 227 32 62 165 240 0 45 152 115 243
    107 180 89 66 59 176 175 66 213 7 224 82 20 99 221 101 144 39 64 170
    127 236 5 21 241 167 9 253 28 180 4 127 14 223 25 48 84 34 227 209
    87 204 118 10 192 161 154 182 189 62 253 198 198 141 189 238 209 181
    235 21 133 171 118 32 210 231 243 75 32 68 86 230 59 32 62 105 164
    173 197 24 163 114 73 107 208 37 86 206 194 161 54 150 60 227 132
    133 155 50 127 56 140 182 40 131 167 123 108 161 32 84 87 247 47 185
    90 191 131 64 147 153 223 114 127 115 220 102 52 174 236 40 247 241
    39 195 124 99 154 13 148 219 67 149 106 190 45 137 77 32 65 41 205
    81 2 220 73 199 45 95 200 188 42 4 246 161 48 66 159 228 28 148 175
    235 218 128 185 139 99 201 69 252 102 116 118 214 217 15 96 153 92
    100 64 18 237 136 178 4 100 230 242 149 78 202 191 97 6 129 84 231
    59 92 118 166 150 143 34 1 189 126 54 176 109 205 192 62 158 153 172
    211 231 106 226 30 53 32 76 168 77 190 107 102 13 161 243 186 0 14
    81 34 77 218 222 214 203 82 90 5 97 212 221 251 75 162 219 224 179
    154 9 69 66 182 76 189 132 10 171 28 213 164 204 113 177 154 244 153
    251 234 73 147 107 83 210 231 253 182 162 34 36 36 47 72 31 138 67
    243 191 236 173 234 255 197 63 164 231 241 98 185 18 59 137 112 30 6
    104 36 181 165 240 164 174 65 84 196 91 210 116 154 223 164 176 224
    255 23 81 71 20 79 22 239 147 10 136 18 86 18 109 63 65 90 124 141
    174 7 67 9 146 22 156 69 57 146 188 27 111 51 113 121 32 123 134 208
    234 234 129 233 47 148 183 166 184 163 122 99 107 172 13 124 115 141
    2 153 225 245 101 166 164 249 208 252 17 38 108 161 189 26 74 236 83
    223 71 44 204 29 187 200 34 165 249 83 230 145 161 40 226 71 196 26
    166 201 123 187 199 216 159 187 29 196 218 251 15 47 119 129 216 237
    197 54 114 86 105 244 195 196 182 51 215 168 58 244 255 153 164 64
    114 237 145 8 40 211 67 226 208 52 118 208 232 58 164 53 247 37 112
    164 226 97 221 158 210 148 147 119 248 210 12 104 112 185 18 165 41
    190 231 55 183 75 193 241 6 18 20 82 174 35 170 33 244 114 219 195
    253 1 184 78 5 1 37 143 220 184 103 75 17 151 125 55 114 160 161 170
    44 194 57 77 240 108 163 104 146 36 118 227 239 29 40 104 214 93 136
    87 135 19 72 244 153 191 120 85 35 246 88 84 195 73 40 128 150 91
    225 246 207 88 105 33 200 246 205 93 179 79 25 211 81 198 201 82 194
    57 217 226 97 63 216 84 246 151 206 93 13 145 166 150 218 14 196 241
    78 140 35 173 55 112 73 132 205 245 177 30 248 198 188 154 122 173
    29 97 214 37 82 188 74 8 174 29 158 38 213 230 131 141 236 31 73 213
    11 85 130 160 221 57 131 16 49 186 137 85 167 111 116 244 225 139
    197 40 46 205 59 78 178 69 138 100 180 220 5 73 121 19 95 48 58 80
    213 241 61 165 137 13 40 146 204 110 192 223 123 53 76 154 15 122
    231 169 216 153 143 78 97 218 4 91 143 155 177 112 140 157 140 62
    121 65 39 165 39 15 73 51 129 152 118 100 138 81 22 123 46 81 201
    146 230 14 240 151 245 229 20 206 220 231 95 164 60 104 100 121 39
    226 100 248 44 62 182 156 186 173 220 118 249 16 139 132 81 43 137
    205 27 142 146 180 74 196 162 162 123 248 148 249 239 56 228 71 69
    195 197 141 212 51 239 47 247 177 9 11 69 17 120 112 193 123 13 246
    83 162 241 172 163 108 61 124 254 46 59 231 88 84 120 4 252 233 51
    151 229 68 221 180 227 250 67 1 9 185 237 171 158 224 72 232 112 189
    80 63 198 211 57 178 158 188 71 126 130 158 116 212 79 58 77 210 136
    104 7 196 42 144 29 203 145 150 85 70 46 227 55 35 239 253 143 185
    203 52 203 22 39 1 65 211 126 160 175 138 195 70 202 177 248 166 189
    3 205 103 106 128 225 251 95 81 54 186 13 189 56 74 191 35 25 170 72
    154 200 121 111 87 42 178 71 212 224 215 210 225 29 19 178 73 132 33
    120 101 2 29 154 210 93 104 32 73 35 124 188 246 188 226 228 66 113
    63 39 252 69 121 190 92 93 224 213 236 222 54 241 158 72 212 239 243
    209 42 79 222 52 59 162 58 0 41 155 208 246 71 198 118 55 232 102 33
    156 213 136 250 76 162 187 133 128 82 190 76 36 155 133 104 219 91
    126 24 42 151 181 250 50 159 163 255 18 140 96 211 23 61 68 120 33
    38 237 51 203 34 193 139 81 117 79 144 119 156 237 59 175 214 3 144
    18 22 90 179 86 51 35 66 76 241 79 210 243 74 70 99 73 107 121 181
    42 25 119 138 169 200 178 8 220 218 113 26 89 250 168 20 191 10 246
    20 144 24 206 184 177 48 80 139 236 195 186 154 5 25 60 163 209 38
    76 52 88 250 181 33 4 136 74 191 128 127 47 197 28 12 41 44 150 35
    100 115 199 24 105 120 136 129 142 169 195 71 228 208 196 63 20 166
    43 40 64 173 176 239 171 191 154 121 185 30 174 83 9 196 33 216 86
    137 125 199 49 217 195 68 8 113 38 25 133 67 221 172 226 137 223 223
    144 239 76 183 210 7 46 55 33 111 64 3 139 91 31 146 51 142 252 7
    236 213 26 239 55 67 153 4 126 24 97 45 137 75 187 109 135 58 63 50
    254 26 188 3 159 249 4 201 24 100 122 64 192 200 83 126 136 159 174
    251 71 69 124 217 169 165 45 86 112 16 86 84 111 131 217 114 17 81
    108 204 243 228 34 186 196 118 239 73 13 84 4 77 25 153 145 61 67
    233 186 229 148 80 179 204 160 85 92 106 162 157 152 181 38 151 237
    62 1 105 46 9 72 60 176 90 130 110 209 80 238 197 217 159 40 171 253
    9 190 179 243 246 133 182 121 57 213 203 138 2 84 121 102 127 226 79
    15 217 222 85 166 122 205 200 210 33 148 160 69 79 68 20 10 11 5 43
    214 125 148 28 240 53 216 251 224 216 20 85 164 232 6 182 141 197 25
    59 0 2 158 44 150 173 65 144 241 231 223 59 140 154 163 5 110 233
    171 95 117 139 134 63 6 236 192 137 5 156 227 31 157 7 10 7 161 103
    229 61 219 196 123 161 88 241 224 1 19 88 94 81 161 42 62 192 78 120
    112 81 4 176 136 146 227 138 93 21 182 232 82 166 241 97 189 56 154
    134 222 167 116 83 170 35 162 65 66 207 227 11 108 241 239 192 169
    212 215 104 43 225 90 88 95 120 224 15 100 91 96 106 230 160 28 216
    98 234 24 83 90 76 76 81 219 127 60 249 191 186 137 15 162 122 74
    205 37 182 68 255 254 103 77 253 10 15 73 115 46 41 195 26 243 183
    169 166 196 216 132 235 25 242 221 108 199 34 213 197 11 72 81 231
    27 135 149 154 87 188 11 37 227 33 155 51 139 166 243 100 102 82 44
    1 87 178 151 168 149 214 112 108 36 180 139 169 1 31 35 68 134 234 4
    124 70 224 239 135 30 77 151 140 15 167 239 253 179 116 237 234 140
    26 144 167 216 97 41 82 114 113 25 45 54 243 151 68 184 50 3 199 186
    82 137 0 46 137 29 109 241 79 11 2 202 243 121 2 233 26 188 242 61
    233 126 147 166 7 141 64 187 245 88 80 101 133 30 106 249 87 140 236
    132 146 175 200 110 76 99 144 21 77 29 44 41 20 35 234 141 243 8 143
    64 255 71 119 251 206 249 219 241 110 61 190 129 0 237 202 59 134
    173 100 160 230 252 254 240 233 17 230 173 21 127 243 205 17 6 117
    124 96 177 208 219 147 60 15 106 249 207 90 46 49 112 25 187 171 200
    99 102 2 240 3 86 165 42 192 69 51 150 3 180 148 5 106 13 208 127 72
    244 207 117 116 149 64 95 239 82 28 76 221 208 92 58 100 232 150 244
    169 29 248 50 126 68 239 226 111 98 68 129 93 192 29 28 213 187 202
    134 223 125 61 87 182 237 170 180 238 214 253 76 138 193 204 79 220
    229 118 232 88 44 15 14 79 129 210 117 56 200 77 106 215 147 128 51
    161 151 48 205 19 127 25 73 249 48 202 43 99 1 0 115 2 14 93 232 233
    204 15 226 119 202 134 247 128 53 16 194 18 117 218 243 153 73 108
    253 125 13 208 7 224 132 218 34 11 77 159 152 105 149 133 80 252 141
    214 222 156 88 99 12 167 208 160 173 155 10 21 38 239 34 112 12 134
    154 162 31 124 145 37 1 203 253 235 158 142 24 111 150 247 214 227
    11 250 201 177 83 175 59 27 246 161 246 94 174 5 55 92 33 243 64 51
    2 101 26 69 108 84 73 229 76 190 25 250 128 162 164 12 114 182 76 25
    73 213 221 9 67 36 165 121 165 171 135 123 70 157 62 214 49 59 72
    145 145 247 134 116 253 176 147 176 2 91 121 26 50 32 168 247 57 182
    254 38 154 90 154 6 81 128 199 148 121 128 192 8 176 234 64 47 24
    226 23 61 140 179 24 177 2 107 24 131 155 187 143 129 114 98 111 119
    177 64 29 229 230 115 137 26 126 138 247 100 75 221 247 234 18 116
    160 135 251 202 111 61 53 4 39 65 253 43 197 62 196 124 39 222 19 57
    229 195 69 214 32 151 47 158 22 235 245 149 44 246 83 185 254 254
    185 123 195 105 25 71 72 92 220 1 8 172 245 4 169 191 229 74 162 16
    126 173 131 105 218 215 95 221 207 108 47 107 108 246 138 172 196
    223 61 39 84 225 128 14 119 241 229 97 67 229 181 129 255 220 47 27
    1 147 222 122 109 58 39 31 250 121 25 211 18 41 230 107 206 131 2
    145 56 127 101 11 152 247 143 205 145 153 212 237 121 112 182 139
    211 7 7 207 38 60 181 170 227 29 115 39 200 202 116 247 91 141 116
    162 121 32 147 76 51 50 158 182 72 44 102 92 6 11 236 117 6 156 143
    195 159 71 198 212 91 212 53 99 13 65 243 233 219 71 16 48 242 19 47
    230 170 9 183 185 153 184 239 249 59 174 126 209 210 188 54 39 55 46
    253 101 182 207 82 178 164 4 64 206 254 250 147 129 247 29 91 230 88
    33 150 97 2 164 203 50 21 200 128 103 120 202 212 158 64 179 130 246
    116 56 50 227 182 183 98 127 14 119 1 137 24 61 18 67 163 2 26 122
    253 105 48 163 19 105 139 188 119 194 0 41 177 90 90 191 90 225 235
    91 163 132 17 46 74 124 58 120 132 217 59 195 119 248 134 161 160 11
    247 171 168 19 40 186 38 164 68 2 105 6 8 140 228 233 212 224 67 193
    170 21 148 99 235 50 105 232 34 251 49 83 117 106 207 50 88 108 189
    13 69 199 57 229 149 95 159 59 195 21 36 178 128 106 161 102 225 185
    188 80 100 14 38 61 168 13 244 211 134 130 116 0 134 211 137 207 135
    16 154 70 101 194 226 248 47 98 90 93 63 79 106 60 240 33 212 91 174
    21 15 180 103 96 215 28 102 203 165 154 137 45 52 34 6 170 83 6 108
    250 169 98 247 41 50 221 62 65 166 5 255 227 122 120 68 250 51 100
    97 244 96 239 202 56 85 85 26 136 33 220 4 15 23 146 107 31 40 7 236
    29 183 188 76 19 190 51 7 68 151 157 195 79 29 95 182 21 204 46 100
    45 100 196 68 189 116 162 66 93 238 175 130 123 39 142 37 147 230
    209 206 128 221 245 138 9 180 81 205 50 26 200 42 231 88 90 183 50
    63 62 236 62 186 249 251 91 12 32 53 235 252 196 158 151 245 217 122
    208 33 156 104 53 83 126 192 184 230 152 150 90 53 36 197 234 76 59
    151 1 99 209 51 231 77 252 143 61 167 109 163 76 49 152 149 49 2 49
    19 0 131 226 70 156 88 30 173 42 198 148 178 236 62 168 158 228 16
    40 12 166 26 15 154 105 15 137 70 60 252 139 218 74 76 45 35 62 82
    105 46 22 200 73 250 103 216 173 9 216 187 136 151 155 173 134 79 77
    180 124 164 25 251 169 234 247 2 103 137 132 104 131 26 138 241 70
    248 60 171 217 92 216 23 63 2 208 81 225 244 158 79 206 87 157 31 50
    204 1 142 247 144 255 12 216 21 137 213 203 46 144 7 112 1 193 8 30
    235 253 220 114 237 182 200 52 16 83 74 186 166 241 37 41 80 195 110
    68 123 131 114 58 191 242 242 86 160 192 11 87 214 72 164 173 136
    138 168 225 122 38 2 126 191 212 207 67 4 117 150 226 162 62 223 246
    95 244 136 47 214 173 160 236 48 254 66 167 93 189 48 100 19 173 55
    23 242 33 240 208 205 152 147 231 209 155 234 28 27 60 107 140 237
    57 30 3 51 145 18 49 193 114 115 63 193 65 248 132 170 193 38 151
    224 186 47 190 96 229 212 114 28 106 18 252 30 166 255 163 4 88 12
    43 114 64 137 156 105 56 21 167 222 135 71 237 46 22 254 15 210 179
    234 205 104 87 229 142 175 252 8 80 60 26 180 219 78 192 142 29 200
    140 48 20 173 115 56 18 230 115 23 174 252 171 1 70 62 255 104 125
    135 230 243 164 229 250 130 192 27 123 116 98 210 205 123 18 56 120
    149 15 50 221 8 81 58 162 77 134 20 107 159 175 0 97 203 190 232 181
    194 163 229 22 16 239 112 160 163 168 0 92 210 192 239 220 83 41 212
    149 131 173 240 79 84 17 8 95 135 28 53 198 207 170 123 113 121 64 8
    147 137 54 20 115 185 130 44 2 142 185 105 31 251 209 240 88 187 119
    215 141 101 79 252 210 213 3 246 187 243 47 27 145 119 182 172 25
    238 105 78 135 127 217 126 86 57 19 135 128 155 24 157 136 164 148
    110 201 193 61 163 154 173 12 22 25 149 211 74 206 59 117 189 128
    127 246 76 21 246 39 109 198 149 134 233 48 41 193 64 111 95 189 191
    211 207 105 252 121 165 92 14 192 66 40 73 41 42 144 232 121 158 247
    52 5 58 65 237 37 50 148 208 125 51 91 138 160 143 127 58 26 24 17
    124 45 14 29 204 79 60 0 195 239 151 180 218 66 223 184 10 210 88
    226 158 33 110 68 19 129 173 116 227 5 186 21 191 252 140 149 89 83
    82 173 224 72 95 231 206 35 26 122 155 168 237 32 106 21 9 78 180 54
    167 164 51 222 167 58 214 40 180 235 158 127 95 118 65 250 135 234
    119 188 223 191 71 46 86 145 164 132 204 230 172 19 148 44 214 142
    135 88 27 211 108 131 9 238 97 169 124 190 137 72 18 52 208 190 50
    101 10 127 116 59 225 11 70 181 135 13 91 73 38 122 203 223 96 214
    171 148 188 7 66 221 211 72 1 197 149 49 178 91 231 148 215 200 98
    122 197 252 212 64 235 14 59 105 140 216 198 133 42 222 1 112 28 173
    12 247 27 34 242 179 115 57 220 38 189 214 157 232 68 113 103 54 133
    57 38 194 109 92 57 146 127 221 19 248 47 138 123 119 70 62 101 235
    58 196 32 240 147 117 180 107 205 163 140 62 253 41 187 36 96 54 119
    122 178 168 237 103 88 60 21 98 142 90 154 137 45 79 27 73 180 24 50
    4 189 33 179 68 68 250 159 94 0 158 98 73 108 148 182 62 241 68 69
    124 100 75 125 80 209 125 42 127 44 12 205 34 66 36 220 193 75 50
    156 178 58 59 255 37 135 72 89 160 41 180 154 144 222 22 76 35 56
    107 172 10 185 75 53 221 167 44 62 37 147 186 77 27 182 150 122 150
    139 84 86 202 208 18 50 82 141 231 160 120 219 110 60 211 34 196 25
    132 80 168 15 33 148 46 125 196 122 104 98 12 182 46 207 46 85 155
    244 205 170 60 239 98 254 17 92 199 215 47 0 66 157 145 189 117 15
    237 90 22 218 219 23 90 49 131 71 31 159 126 243 248 0 117 240 50
    230 24 13 183 54 121 35 89 69 161 14 9 86 107 91 225 177 221 6 235
    147 120 23 183 31 103 161 50 161 22 92 127 127 10 17 81 209 68 123
    218 227 23 121 234 100 59 178 153 143 91 233 78 114 152 193 248 27
    165 23 214 157 7 164 60 186 237 152 148 120 34 124 221 27 178 206
    243 174 126 95 72 135 215 246 106 127 14 101 187 225 74 136 103 51
    60 95 219 32 190 242 156 142 103 168 107 246 209 22 170 5 34 6 220 3
    124 144 211 180 108 179 101 147 53 128 73 141 240 133 109 101 83 59
    37 80 48 161 45 235 131 197 165 77 123 207 38 139 251 124 81 244 47
    0 57 127 124 158 200 131 69 221 2 87 149 78 116 77 139 2 250 3 37
    180 16 106 249 134 71 203 98 2 31 112 212 157 95 170 153 243 170 69
    81 127 191 164 44 40 53 142 235 227 50 63 50 125 220 110 185 44 158
    21 169 86 129 168 55 83 30 186 30 138 77 101 65 117 78 179 157 234
    163 141 102 72 165 110 103 35 232 103 164 186 102 190 7 83 79 93 6
    157 144 65 74 103 85 75 246 250 17 83 213 82 88 142 0 152 116 194 12
    191 94 161 164 51 26 82 59 46 214 136 139 85 97 4 221 118 200 9 39
    124 110 68 202 141 105 197 211 161 6 95 243 13 51 65 168 120 86 125
    221 72 155 6 74 29 44 207 63 212 170 18 215 175 39 215 70 32 144 96
    21 13 250 19 234 41 162 104 20 80 128 224 197 221 93 222 179 188 156
    65 246 149 199 220 94 19 244 69 122 31 64 201 168 45 137 219 177 179
    131 95 214 183 20 47 205 44 48 196 105 193 79 23 66 104 255 207 151
    161 36 148 56 162 199 201 14 41 248 208 227 95 175 143 142 173 111
    186 47 42 194 73 148 44 65 150 247 85 187 178 0 56 13 111 135 236
    125 232 189 191 76 48 116 34 28 186 218 131 206 47 209 202 45 18 55
    165 3 251 237 149 50 57 81 49 177 60 252 106 100 183 180 80 42 174
    85 115 255 24 76 126 99 38 60 251 171 198 7 232 221 93 215 145 198
    29 26 14 23 123 175 87 160 126 202 233 153 135 72 239 236 132 162
    222 0 248 221 201 229 64 120 153 235 27 231 19 4 119 122 66 199 2 24
    50 237 41 115 245 60 244 156 57 66 21 93 27 25 171 247 115 16 77 135
    188 48 215 122 151 195 184 165 151 234 34 206 245 148 242 49 44 110
    68 139 11 176 138 212 224 231 64 113 166 169 111 100 231 189 164 24
    181 202 29 145 29 156 254 130 250 26 45 164 86 210 190 45 28 210 41
    71 132 56 35 245 133 99 185 63 115 35 44 114 46 59 135 230 43 33 52
    220 121 2 254 115 225 233 48 108 146 240 52 27 43 8 242 149 73 248
    147 57 86 134 42 220 147 27 156 162 133 162 111 191 60 70 160 26 82
    126 211 39 253 128 28 248 181 159 224 179 7 72 173 122 220 169 198
    253 121 244 140 33 89 162 234 41 251 157 98 172 9 235 92 16 91 225
    230 200 113 15 110 207 68 182 229 177 243 101 87 76 107 137 38 243
    252 80 2 42 133 39 54 131 121 159 221 203 25 249 87 161 224 146 156
    157 34 137 127 118 31 54 56 59 74 254 169 217 16 171 157 187 2 114
    82 185 46 108 188 211 58 197 57 6 90 24 32 28 53 67 219 182 112 45
    223 236 46 198 43 239 96 98 94 128 10 152 72 161 149 6 147 246 94 35
    91 16 160 55 122 149 69 99 133 218 124 248 135 245 96 252 210 70 236
    127 143 101 8 49 213 213 215 43 190 255 22 85 166 105 18 98 208 171
    240 21 242 68 34 21 157 220 212 144 136 195 194 112 114 77 35 36 110
    181 186 252 253 197 145 108 93 6 153 99 80 80 155 35 123 250 100 24
    155 160 155 239 254 19 253 80 129 25 122 236 5 27 234 1 112 211 35
    255 231 213 149 92 96 145 213 242 169 225 247 51 240 48 5 16 24 186
    149 95 210 139 65 190 78 99 0 253 59 166 27 193 123 84 57 66 91 119
    112 111 32 202 41 160 170 208 188 148 178 8 56 121 27 235 150 139 42
    236 1 74 139 59 26 248 81 68 6 109 73 214 47 231 193 170 108 101 87
    228 245 217 204 242 171 118 2 141 44 85 132 61 215 164 172 178 70 3
    14 211 8 176 77 245 149 205 189 126 95 166 117 55 157 125 55 30 183
    83 41 219 46 71 83 138 218 222 159 132 123 239 53 143 88 162 152 11
    29 21 70 57 116 198 72 172 99 175 172 77 174 75 0 137 64 196 107 242
    227 159 180 245 74 116 212 158 74 250 190 153 71 137 123 190 184 229
    121 92 69 248 151 65 3 94 154 159 103 75 187 56 213 214 151 150 104
    64 113 7 207 29 245 65 59 197 66 67 5 79 92 100 183 91 158 41 62 160
    2 25 88 243 175 165 254 69 227 190 15 112 31 67 44 157 92 156 251 58
    81 123 89 206 96 126 80 180 16 215 189 13 159 54 96 15 151 112 171
    248 90 162 108 79 176 249 80 50 158 184 13 135 115 55 155 68 247 94
    197 68 27 149 191 236 58 127 122 114 115 157 214 60 46 163 149 245
    173 34 68 105 172 6 203 132 206 216 234 93 217 177 123 232 162 160
    21 66 0 81 70 75 129 122 39 81 239 109 168 214 31 15 155 105 52 229
    176 167 178 108 192 35 103 248 247 161 130 204 195 68 103 150 202 72
    238 105 27 62 4 117 49 239 140 13 101 96 137 206 150 181 163 207 243
    82 208 51 6 56 94 49 232 38 17 41 159 188 174 191 2 164 184 170 246
    234 1 25 251 115 7 128 146 165 41 173 108 217 188 137 219 122 244 50
    242 138 133 114 89 120 234 240 63 216 167 90 244 154 78 156 102 117
    243 90 233 225 149 255 238 76 193 154 233 134 183 66 18 244 191 21
    96 206 2 214 216 134 162 80 217 129 46 63 77 103 160 238 175 130 110
    155 179 65 82 103 236 84 101 2 21 218 17 50 244 101 134 225 143 8 71
    112 173 172 248 88 248 66 241 39 150 116 161 237 143 44 10 224 49 74
    65 21 67 45 142 167 200 48 40 167 120 120 34 118 129 111 143 121 238
    226 6 19 165 244 121 70 87 191 109 9 173 182 8 114 198 176 179 104
    246 38 176 83 150 167 4 176 84 236 14 140 223 206 85 113 131 116 12
    21 125 102 175 165 246 158 168 178 40 73 68 63 44 234 12 79 223 250
    61 147 83 31 249 201 125 210 13 231 172 232 142 7 108 52 242 81 183
    32 164 107 61 249 143 81 28 250 102 179 135 68 186 208 80 16 248 130
    26 180 23 90 137 212 249 176 131 141 7 228 245 7 224 58 189 213 62
    26 1 12 183 61 183 57 125 56 179 161 23 90 147 214 72 18 15 110 93
    111 116 48 162 42 58 214 156 27 157 121 150 204 241 60 82 79 104 2
    123 36 7 159 63 163 253 29 21 9 193 16 253 156 77 255 170 31 64 199
    151 97 40 7 113 169 177 242 169 53 55 97 92 167 215 253 198 171 14
    254 35 12 226 164 172 32 128 182 229 153 219 247 187 225 107 3 83 62
    225 127 203 227 164 219 53 69 127 139 76 82 197 223 77 112 130 116
    221 185 119 18 154 239 235 75 174 120 174 109 88 93 237 77 183 218
    98 121 35 142 11 95 137 232 189 134 169 202 57 2 188 155 225 137 193
    82 118 23 69 145 211 135 15 203 44 206 237 81 174 100 194 75 191 225
    203 200 36 194 187 143 244 187 252 162 107 46 252 70 131 98 47 254
    155 98 5 172 124 162 249 47 63 28 234 44 221 45 24 116 252 43 159
    111 35 87 210 77 85 198 196 39 155 167 196 24 0 246 52 146 88 64 56
    211 88 13 132 164 84 88 204 211 90 152 88 8 80 40 233 17 192 103 122
    81 220 155 133 30 191 235 164 166 35 16 54 115 205 49 144 234 132 31
    16 54 162 11 195 221 190 27 105 24 124 107 163 84 8 5 35 44 102 143
    91 147 141 230 238 110 247 183 21 156 180 155 89 120 250 96 94 163
    55 19 107 99 134 230 145 235 169 43 59 139 246 186 56 173 85 59 18
    142 106 9 141 51 18 51 1 25 122 89 55 164 53 7 9 31 231 14 109 113
    60 88 247 43 128 98 138 163 91 217 161 79 77 60 92 247 53 164 23 17
    226 130 86 128 86 165 47 174 23 77 106 183 46 49 137 47 153 26 143
    69 198 225 159 0 161 62 188 125 152 191 204 23 148 194 108 252 251
    19 255 68 185 181 61 94 13 213 30 191 50 119 46 197 223 46 140 42
    231 231 176 47 100 186 178 73 140 35 235 235 135 235 217 204 216 156
    151 233 124 125 97 97 120 145 94 101 235 164 233 242 151 8 9 120 35
    56 100 127 90 51 163 232 216 112 234 129 89 164 139 163 192 30 229
    139 89 57 175 65 198 65 149 48 211 38 176 221 124 188 238 236 145
    218 180 237 172 141 7 97 237 27 235 25 231 21 102 196 246 93 112 107
    238 83 183 212 138 198 95 212 27 100 193 175 31 184 218 63 199 11
    207 21 172 28 137 215 132 156 235 52 15 91 57 100 171 181 118 60 200
    154 41 3 105 92 85 72 130 77 250 78 151 231 226 42 35 122 43 255 38
    189 33 232 56 98 66 113 137 167 117 101 168 224 237 214 17 216 230
    206 253 172 45 207 13 117 148 52 124 37 43 166 29 65 175 185 89 179
    76 198 133 45 81 119 136 157 204 217 140 238 21 155 177 155 195 177
    103 45 204 245 194 29 67 48 231 215 57 8 11 188 102 201 0 172 106
    143 93 254 15 152 50 163 43 75 221 112 147 252 140 194 175 9 206 28
    123 206 132 116 9 93 61 253 35 159 148 173 145 230 135 72 143 9 123
    65 116 73 7 76 103 34 188 124 99 15 186 41 192 6 138 191 86 23 183
    173 247 78 20 95 133 252 145 240 121 131 73 51 90 235 198 234 208
    233 170 101 231 103 243 254 236 34 32 211 104 142 17 220 123 48 21
    251 56 245 63 236 129 238 150 130 188 168 248 6 16 216 221 147 250
    61 235 67 224 159 17 160 245 147 128 171 182 59 193 200 111 189 188
    57 103 58 159 39 83 64 36 127 85 172 35 95 190 51 63 191 244 156 126
    17 51 18 37 95 248 107 0 1 64 152 16 98 150 90 63 184 95 231 131 172
    86 197 172 106 180 118 132 130 253 7 210 80 248 202 30 239 97 80 25
    193 128 176 210 252 205 186 60 133 167 71 58 54 251 51 73 147 138
    251 80 55 190 147 57 160 110 101 200 39 148 243 126 46 192 187 39 97
    178 20 127 138 51 49 252 115 229 11 187 24 139 13 188 130 141 155
    197 233 123 38 89 235 144 98 83 46 229 44 8 180 223 143 245 66 221
    90 176 178 88 123 88 227 253 239 22 97 26 57 109 173 182 139 229 158
    102 151 245 83 75 19 84 237 132 118 158 129 90 227 165 72 121 74 62
    158 231 100 117 23 184 204 231 134 231 175 64 161 148 41 56 229 125
    115 16 228 169 3 88 167 195 231 153 14 145 41 231 169 181 104 242
    200 244 23 67 89 93 226 202 118 226 231 232 60 1 106 149 230 142 60
    36 19 55 30 97 25 35 75 147 86 91 214 8 214 21 177 150 3 117 152 22
    38 152 18 29 26 237 211 170 59 135 143 70 61 179 19 88 2 27 133 135
    163 184 139 175 183 191 99 191 80 20 77 45 113 192 37 205 150 26 162
    156 241 105 118 112 169 40 203 81 226 128 78 233 219 126 215 111 253
    118 156 246 19 241 215 240 236 102 123 149 20 29 64 109 176 109 160
    40 23 130 240 136 91 115 194 206 190 152 100 86 4 3 65 182 78 130
    119 52 122 92 253 149 181 142 143 251 8 39 201 95 54 250 220 214 123
    61 145 25 180 61 19 68 58 13 180 193 28 113 111 229 39 162 210 192
    73 47 5 139 95 223 111 133 148 232 240 0 84 188 43 81 62 116 31 207
    7 252 38 59 193 78 143 249 43 32 233 189 201 129 33 23 220 169 31 61
    133 230 126 165 47 63 27 88 104 142 140 175 16 254 151 87 22 190 91
    227 70 221 114 200 106 226 193 96 81 190 152 236 166 138 83 251 249
    41 42 244 213 23 223 87 210 154 30 215 48 35 245 27 157 217 153 221
    93 157 233 231 9 6 194 15 3 116 4 187 207 141 14 139 235 53 180 50
    240 131 145 31 147 25 240 170 148 161 14 89 198 119 61 236 81 121
    206 159 183 26 0 79 80 103 86 150 152 162 159 130 114 15 78 171 201
    173 190 156 76 142 60 255 227 122 24 160 93 114 217 213 164 201 218
    73 113 230 65 205 43 240 29 246 139 172 171 186 173 111 77 187 96
    203 205 11 117 118 241 205 205 40 123 246 219 199 190 171 191 214
    166 194 119 152 28 167 12 204 30 32 220 176 29 163 69 198 215 159
    112 148 66 241 99 184 145 206 99 185 80 158 69 215 133 182 103 126
    250 78 30 159 2 137 211 9 155 226 9 114 164 38 177 60 123 190 206
    177 80 166 220 40 82 190 11 7 110 4 221 62 73 213 63 155 218 60 230
    49 232 245 184 188 250 184 205 90 132 208 25 135 28 248 46 203 182
    250 174 203 161 252 155 103 7 19 237 71 123 55 208 88 104 53 155 18
    105 1 111 250 59 160 195 216 223 158 249 167 240 160 68 11 179 130
    222 184 38 154 54 226 96 12 94 102 9 132 114 69 23 24 4 153 219 247
    122 8 25 58 238 157 161 41 38 216 75 198 91 3 70 61 84 229 183 51
    120 112 245 45 29 193 195 213 68 232 7 216 155 239 39 87 150 115 218
    201 134 202 169 115 15 86 171 152 80 73 211 94 185 149 86 136 238
    141 195 59 101 56 78 247 175 128 172 219 100 182 98 109 2 77 5 10 98
    126 141 190 156 115 60 61 17 25 62 17 59 71 175 142 138 6 162 27 187
    192 46 147 52 166 44 133 47 86 138 77 91 197 112 197 22 29 80 87 47
    199 64 156 130 47 203 8 110 146 210 35 186 69 115 118 204 131 250
    175 181 9 210 66 123 162 38 60 192 238 104 175 174 229 1 106 197 88
    208 159 173 188 190 231 218 173 64 229 37 80 90 97 143 224 207 41 30
    171 142 47 12 5 173 92 191 210 199 147 200 167 45 75 82 17 49 49 16
    59 178 225 130 53 113 246 120 232 247 93 186 45 24 239 213 36 134
    124 17 111 193 13 137 178 113 157 223 191 137 211 142 220 34 97 41
    90 187 234 108 51 120 229 122 100 200 157 240 93 58 113 18 174 172
    53 224 86 74 148 164 151 172 31 59 20 139 188 239 165 125 103 26 83
    186 182 185 165 43 57 71 195 131 206 45 134 147 19 65 108 252 53 103
    32 180 104 230 255 67 181 53 93 192 143 213 228 96 249 145 65 24 106
    171 63 208 18 55 98 184 254 90 129 246 198 148 140 206 21 187 202
    202 115 194 186 124 19 173 113 31 85 234 255 168 32 239 6 179 158
    122 128 41 203 239 236 56 100 156 48 173 137 104 48 36 210 9 250 59
    99 115 86 7 30 222 133 63 17 216 159 0 92 109 149 184 124 218 95 9
    248 242 190 6 144 147 138 47 154 26 117 73 118 156 220 17 158 96 101
    27 242 3 135 46 153 187 235 138 6 208 134 38 186 53 231 43 223 42
    241 174 164 196 115 216 247 12 146 39 96 197 102 81 144 30 87 165
    157 152 152 122 37 3 243 19 70 157 178 214 77 146 94 13 98 175 106
    129 1 173 18 118 67 138 96 222 125 163 57 102 157 79 225 115 63 249
    90 187 221 15 209 78 246 154 94 162 235 58 151 172 101 8 250 254 2
    160 59 55 99 96 244 126 235 124 190 76 207 238 176 138 171 234 159
    110 57 10 146 24 183 192 245 150 127 219 252 187 136 35 103 191 231
    123 136 145 224 122 179 118 172 173 199 213 216 143 101 98 135 133
    14 148 175 44 216 105 11 38 93 210 221 93 178 168 203 116 165 142 5
    161 44 152 62 212 145 54 68 46 153 101 68 227 134 172 122 185 105 23
    223 208 46 73 120 157 47 124 221 7 65 139 241 165 100 22 233 40 115
    161 74 192 95 182 82 170 223 197 154 71 162 68 156 5 207 254 242 191
    51 199 105 186 229 110 218 87 18 133 138 190 224 132 126 135 119 47
    57 164 237 252 67 1 217 151 10 205 184 6 196 178 56 115 94 120 25 82
    97 130 104 45 109 155 252 141 217 181 212 63 36 228 184 66 157 179
    52 94 117 93 219 155 252 70 219 158 169 83 43 48 202 97 174 139 60
    214 12 212 7 23 145 159 2 140 236 151 211 78 156 104 221 114 214 233
    238 70 160 210 207 116 4 29 187 8 137 238 201 40 227 185 80 35 108
    196 116 103 211 98 88 75 73 49 235 61 125 111 70 129 118 222 171 13
    246 144 36 140 180 173 72 167 173 132 53 75 163 233 48 131 42 161 78
    186 196 103 243 135 54 39 137 142 33 224 164 21 44 173 116 69 203
    220 87 40 70 91 32 207 219 189 232 7 18 189 66 250 246 197 210 148 3
    124 2 77 87 10 28 245 240 133 46 137 30 230 92 189 114 160 7 137 128
    60 7 241 82 46 15 159 215 53 106 213 139 86 31 139 74 222 217 80 68
    27 152 84 229 112 159 4 133 68 70 201 150 182 116 194 101 12 67 189
    199 193 213 243 128 87 202 95 169 94 177 114 57 202 3 115 243 42 153
    96 211 204 236 106 234 229 14 238 52 89 196 187 134 248 207 126 157
    59 74 16 34 234 143 150 166 61 84 39 247 76 252 170 81 223 138 158
    246 204 134 248 117 237 206 48 115 165 180 166 86 123 171 173 150 90
    55 101 187 171 132 159 215 181 195 86 32 69 144 181 35 39 97 57 20
    200 155 9 206 223 5 115 237 178 202 112 3 208 249 218 248 147 80 175
    100 233 190 128 232 65 84 213 243 29 184 95 155 150 113 134 105 227
    164 194 247 208 152 143 213 156 80 38 235 23 119 39 198 100 227 72
    123 166 217 139 150 103 213 8 206 135 236 52 85 228 4 142 144 8 187
    44 248 236 197 56 81 109 199 126 102 100 13 169 2 244 99 200 9 35
    177 27 220 75 1 175 215 127 97 60 233 185 220 119 77 197 104 189 204
    253 146 132 42 51 196 210 248 118 88 227 19 207 224 106 184 109 255
    86 119 176 84 213 116 230 50 31 219 185 134 204 103 252 72 26 90 217
    35 236 41 130 23 221 86 35 85 95 198 39 141 126 205 52 17 126 60 107
    66 165 128 70 20 34 42 132 207 37 29 124 153 17 221 116 203 210 114
    19 152 213 72 35 237 44 182 110 192 179 7 143 175 42 108 56 51 56
    127 156 202 172 247 194 47 220 246 50 155 252 107 233 211 146 120
    100 213 25 236 203 59 233 210 247 9 81 179 145 19 84 224 162 190 107
    61 195 22 85 196 146 226 172 80 166 90 176 242 187 49 7 27 105 49
    223 38 130 50 224 207 232 22 250 85 150 70 77 63 220 83 154 93 123
    227 251 86 60 34 217 76 91 24 214 217 226 132 178 190 98 238 55 243
    68 94 105 116 115 98 40 74 200 55 214 150 208 1 18 126 60 97 220 103
    78 169 58 208 168 252 172 112 146 57 187 3 161 48 197 148 148 117
    191 4 249 176 162 25 150 219 172 180 65 138 113 90 179 186 25 30 220
    230 245 209 111 121 54 89 185 223 1 195 201 36 161 244 124 68 22 98
    199 78 23 89 140 228 118 8 253 180 223 131 210 46 51 84 155 104 170
    138 149 117 231 136 189 161 165 169 55 136 73 24 58 13 152 212 183
    49 225 163 160 166 54 207 59 30 221 218 86 63 201 112 188 33 193 245
    220 231 57 36 225 20 97 236 171 228 93 5 63 163 102 88 43 7 217 94
    72 58 142 99 220 217 201 87 146 5 209 154 100 245 96 5 163 20 108
    142 8 26 136 93 0 20 118 251 229 201 11 195 169 24 189 168 140 8 167
    62 45 113 233 104 98 38 183 14 129 133 217 46 253 43 36 212 222 225
    29 95 66 62 221 184 138 116 50 102 171 5 68 146 136 136 8 117 33 10
    112 198 238 102 231 251 115 187 215 248 155 86 126 163 2 238 224 167
    82 241 220 171 19 155 237 157 98 255 149 70 161 40 226 37 234 162
    157 44 208 83 123 160 0 120 174 65 161 229 215 44 227 130 140 248
    204 38 116 85 128 17 196 94 59 221 202 39 44 221 228 246 90 8 227 90
    157 249 169 134 66 232 240 219 81 154 14 92 138 48 118 133 24 52 158
    230 173 219 166 195 96 216 173 178 81 170 209 50 176 161 65 32 33 19
    175 31 142 19 163 189 107 32 154 247 158 148 200 160 76 134 75 108
    130 194 128 184 169 217 65 55 25 71 64 155 107 235 189 216 239 72 87
    23 253 236 155 247 12 111 162 121 55 87 90 117 194 38 190 185 179 28
    245 181 49 139 215 17 111 228 192 118 32 19 126 12 245 99 90 102 245
    224 151 241 62 113 121 67 49 90 18 114 156 211 21 121 29 158 177 205
    88 132 163 47 230 50 176 177 221 34 93 153 11 132 208 90 117 156 162
    234 239 215 182 61 178 124 254 173 3 30 208 145 219 242 50 33 66 229
    50 121 58 14 21 230 197 76 32 71 172 140 139 224 142 233 38 64 9 211
    135 113 1 78 87 219 211 31 234 236 38 186 19 221 150 111 217 200 147
    55 241 138 14 100 219 141 128 103 113 24 205 51 132 209 163 54 89
    190 35 30 230 20 229 68 215 217 219 89 172 162 140 174 158 25 222 51
    230 143 186 241 134 145 213 2 17 23 1 62 76 18 229 255 145 131 218
    241 194 124 62 196 96 119 245 98 233 233 173 233 112 138 141 10 46
    15 59 154 211 28 187 51 38 32 241 118 120 6 94 208 47 179 11 203 218
    218 95 223 136 118 236 155 85 100 39 77 170 120 117 223 97 184 231
    212 10 216 234 29 103 128 163 165 174 194 102 49 129 76 190 196 9
    168 171 66 105 28 176 205 236 131 91 26 168 244 32 74 21 181 205 178
    158 121 29 185 100 103 116 76 152 25 166 5 83 122 238 74 25 47 134
    174 39 22 69 205 176 38 26 161 192 83 89 52 190 190 89 207 202 108
    202 1 250 165 194 152 170 180 12 72 110 48 85 116 81 148 254 61 13
    115 11 72 211 126 65 98 99 123 100 14 220 225 72 16 108 206 73 149
    65 119 20 220 109 66 174 100 247 16 188 24 214 236 82 136 165 82 122
    21 7 32 138 215 191 198 84 148 221 205 47 86 107 92 180 43 184 163
    177 46 3 25 234 57 128 201 213 7 63 126 239 201 78 87 71 162 104 149
    144 189 250 88 98 115 108 40 153 87 66 48 21 169 81 120 173 241 138
    106 51 62 35 107 135 34 76 238 166 57 113 111 220 52 166 10 108 108
    36 63 115 166 65 230 234 228 118 253 159 11 10 198 74 225 205 120 61
    47 107 55 9 203 156 202 238 247 152 113 245 200 230 239 88 233 45
    217 184 30 83 210 143 155 2 254 43 250 103 138 74 210 180 204 96 212
    207 226 41 71 97 69 60 33 90 107 16 235 106 157 136 67 30 64 62 201
    106 44 25 8 110 220 100 110 167 138 27 40 152 10 216 137 141 206 213
    240 67 4 153 9 129 213 167 106 138 214 44 158 201 190 26 104 234 200
    172 173 210 6 221 127 35 174 16 130 243 83 162 198 156 157 187 23 55
    236 73 37 48 32 201 139 83 170 70 205 255 51 155 50 197 237 251 153
    215 90 88 253 78 224 207 72 206 63 187 244 171 144 74 131 64 198 66
    38 203 60 87 154 56 10 250 134 66 200 42 81 59 254 62 114 60 74 1
    218 84 106 79 215 218 221 75 125 93 55 50 213 178 165 194 240 108
    190 57 179 200 97 241 186 213 122 66 36 198 75 204 103 30 233 43 168
    2 82 231 95 199 39 82 245 63 89 144 73 31 46 140 158 167 215 70 16
    10 16 2 124 9 39 135 86 95 181 215 112 67 45 218 209 15 150 240 10
    80 251 157 184 239 135 167 177 24 126 244 104 149 125 126 154 191 93
    243 152 4 81 148 198 9 88 109 129 41 197 24 122 222 135 207 19 1 99
    174 253 101 52 142 193 233 218 171 64 189 87 103 79 196 3 49 255 205
    183 154 6 114 32 9 226 36 223 92 206 135 114 248 158 34 191 84 9 236
    168 191 182 216 69 240 124 242 45 196 237 148 20 36 95 142 245 90 2
    44 4 184 158 229 224 233 5 173 232 95 119 120 6 9 161 224 32 37 19
    138 134 114 206 200 84 7 57 51 184 124 117 254 35 245 197 130 139
    238 229 219 55 57 64 93 229 178 104 172 65 218 13 114 79 199 32 37
    14 255 101 35 15 83 17 76 119 158 208 198 205 211 122 2 199 224 242
    16 37 87 202 177 134 50 37 140 59 213 95 199 159 225 159 2 127 129
    246 61 229 180 129 168 7 197 118 86 160 199 245 54 205 35 5 166 36
    98 202 21 149 215 181 197 33 127 69 134 95 215 184 31 235 184 23 67
    149 5 8 20 193 110 51 219 171 177 194 192 110 43 245 7 231 146 93 26
    131 140 7 46 168 83 112 77 89 242 183 249 30 224 230 10 211 98 58
    223 100 209 254 16 95 175 1 117 216 166 190 121 2 167 150 60 186 34
    5 32 146 59 40 51 255 176 150 198 92 43 178 208 248 108 241 153 71
    112 250 59 79 215 244 47 177 108 110 77 77 194 104 32 111 131 68 123
    226 145 63 79 180 253 12 252 168 185 195 250 11 55 52 225 119 26 52
    36 243 101 240 53 246 100 185 180 102 81 33 30 85 249 33 151 8 89
    226 219 174 231 203 90 209 14 155 207 233 106 68 136 238 229 172 152
    108 10 98 125 148 120 125 148 131 247 137 216 64 165 86 49 1 122 5
    236 137 78 124 132 51 203 208 47 236 226 194 134 243 60 208 71 107
    132 47 64 65 16 9 102 88 178 224 179 227 10 89 114 134 108 251 42
    239 161 166 220 248 245 160 154 238 146 104 231 3 255 107 201 183
    185 249 43 178 132 238 9 86 212 20 227 114 19 185 135 33 64 2 245 46
    42 159 180 67 72 112 122 135 165 248 147 71 195 173 234 144 153 68
    195 90 32 19 86 181 223 194 165 107 147 34 143 251 246 110 134 128
    166 106 164 148 201 106 38 239 34 252 102 194 192 109 205 79 79 112
    59 78 214 180 148 131 13 198 68 194 49 103 18 4 220 180 17 224 170
    250 184 63 228 42 72 63 234 210 78 13 239 79 152 213 52 52 149 127
    149 150 240 182 120 162 4 18 140 30 241 107 249 72 40 172 106 116
    190 227 89 49 125 137 59 61 185 2 29 136 194 124 23 168 3 180 229
    205 201 144 83 183 108 228 97 155 248 8 131 117 45 144 75 79 40 18
    188 214 129 3 27 163 252 98 99 118 253 223 87 41 9 47 30 67 246 174
    172 190 145 211 7 218 107 214 180 204 105 82 190 45 133 178 166 41
    145 27 163 10 190 243 26 231 97 164 98 137 244 67 102 207 51 151 139
    68 58 13 152 15 157 37 204 28 102 88 71 123 205 203 255 20 229 224
    204 244 115 88 177 15 124 4 210 75 63 209 171 119 210 195 168 238
    125 240 11 171 114 81 169 122 138 47 8 102 106 159 156 0 175 105 203
    229 12 175 121 46 207 110 60 114 151 196 56 207 79 231 45 36 172 227
    161 103 24 214 199 113 109 34 0 14 220 66 122 24 101 73 89 222 69
    109 118 54 202 128 122 128 246 91 29 251 57 54 214 151 176 199 223
    72 221 249 131 154 88 14 214 238 191 179 102 121 111 99 33 161 181
    92 204 170 243 219 160 120 172 212 196 25 13 134 60 139 241 82 100
    134 9 140 82 116 98 106 234 39 206 210 54 197 60 223 16 127 89 221
    254 75 12 223 172 179 5 18 168 172 83 152 255 178 219 157 190 97 69
    201 246 54 88 104 61 84 106 202 180 44 123 94 29 44 13 128 205 87 3
    103 134 44 181 0 248 77 42 64 174 163 133 78 144 141 143 213 116 31
    239 125 158 8 37 81 54 69 200 38 247 141 144 157 252 173 240 107 231
    76 126 212 143 56 49 66 96 122 11 224 67 250 149 142 171 71 99 233
    49 134 241 87 17 40 181 54 32 228 8 219 207 83 126 87 2 44 176 65 53
    137 60 203 120 201 42 181 33 62 50 57 21 127 202 155 128 235 175 58
    55 113 132 222 73 165 102 70 53 22 172 174 176 59 159 114 80 90 255
    231 122 26 189 248 217 7 159 109 229 1 219 223 24 214 241 41 70 60
    57 242 225 22 114 102 249 83 144 163 154 118 187 121 41 129 178 62
    186 165 14 114 147 218 59 84 5 209 164 16 66 240 46 253 16 178 32 43
    224 77 151 155 251 4 249 234 172 92 77 115 187 141 11 190 186 88 23
    93 239 164 73 104 13 137 191 6 194 139 207 12 24 180 112 30 92 140
    96 100 146 199 53 10 69 164 139 32 55 186 220 148 61 225 186 103 176
    19 197 104 50 142 54 11 15 192 5 93 26 238 15 178 121 245 77 64 50
    231 107 246 209 207 72 238 5 125 154 2 160 90 174 91 100 184 193 81
    19 123 99 181 172 16 112 143 154 115 12 91 61 38 47 141 169 176 238
    152 222 227 35 2 184 217 116 174 152 245 29 215 25 197 185 86 126
    167 59 196 33 181 53 88 37 55 142 128 66 85 134 196 187 116 31 8 253
    171 246 27 218 10 73 239 166 157 208 142 139 92 1 197 190 211 137 49
    160 216 16 39 118 31 216 137 185 218 135 42 56 150 22 196 246 169
    255 197 141 52 103 124 173 71 14 12 50 124 124 178 145 1 227 40 170
    236 60 234 215 5 99 203 71 100 46 216 124 169 74 157 10 11 156 171
    206 146 90 12 137 14 107 217 163 89 127 60 232 20 150 102 165 226
    180 43 82 116 204 170 48 79 136 247 243 2 99 4 132 109 216 135 20 84
    139 216 176 81 156 235 99 216 254 19 160 130 121 98 84 207 6 15 211
    173 155 253 148 180 204 89 153 229 45 114 8 174 80 69 52 160 36 235
    75 176 101 105 28 152 160 95 174 96 49 204 171 81 222 201 124 182 91
    99 197 111 108 37 125 255 73 31 83 162 190 242 15 223 252 172 169 75
    57 228 216 28 214 16 33 172 252 171 112 19 226 210 215 110 176 153
    115 179 41 151 191 116 92 46 12 64 89 230 65 48 42 19 170 132 173
    199 47 138 128 79 78 28 168 27 78 122 205 235 137 165 86 112 160 227
    198 62 102 133 27 207 186 223 163 156 100 156 135 133 146 81 72 157
    61 21 201 32 13 108 153 245 64 42 197 59 242 214 243 232 7 201 41
    245 161 117 254 222 42 10 202 245 124 92 102 196 128 38 160 18 197
    203 24 225 156 230 79 113 174 23 249 13 180 172 150 177 173 31 133
    34 217 19 60 228 71 52 230 97 21 54 1 92 254 123 16 22 53 6 82 41
    200 43 11 74 255 190 167 228 196 58 248 29 109 54 99 94 223 43 207
    39 94 111 119 219 142 65 120 97 187 132 208 214 29 34 3 56 35 189
    194 179 219 211 173 254 63 33 238 36 1 30 161 181 35 100 244 228 89
    128 3 177 52 224 177 240 182 22 26 105 51 47 255 1 20 221 176 46 20
    19 67 2 138 96 50 70 65 173 116 173 157 22 160 196 202 147 214 231
    67 169 234 214 73 204 237 148 184 192 169 149 58 237 219 187 163 51
    188 133 251 158 154 84 226 181 249 226 159 61 192 115 172 0 146 235
    129 111 137 228 193 2 172 96 204 120 229 206 94 46 160 138 53 177
    243 157 10 235 132 227 35 60 183 106 203 251 167 152 145 69 96 243
    252 82 97 231 21 56 234 36 174 226 96 10 13 47 16 92 246 74 23 17
    202 136 182 200 218 65 80 216 153 103 226 163 53 134 82 125 141 165
    22 205 80 248 33 148 107 91 235 78 103 137 134 208 9 190 68 17 62
    222 153 136 30 135 245 168 46 195 176 97 123 26 140 104 46 7 183 78
    96 174 160 148 51 188 170 39 246 136 32 220 74 180 61 89 189 174 205
    60 192 201 168 89 235 112 211 167 217 0 180 27 212 86 129 193 30 157
    170 108 250 242 115 175 0 92 100 22 204 92 163 253 116 72 47 161 193
    191 94 191 185 215 167 226 87 36 21 203 95 200 20 49 176 84 156 16
    23 168 195 161 214 4 106 177 237 138 138 11 172 182 128 123 221 184
    48 57 13 245 138 33 182 245 217 41 173 230 217 212 25 102 143 137
    216 211 74 156 208 200 101 242 58 120 97 87 161 191 161 204 141 206
    199 0 31 245 208 127 200 81 87 40 37 157 51 180 196 6 3 171 78 174
    182 18 130 63 146 123 34 92 105 5 166 5 241 8 195 210 178 199 220 88
    38 195 8 59 167 51 85 222 145 180 165 89 175 183 149 84 57 147 225
    70 189 198 203 197 240 237 15 205 146 125 129 249 117 146 102 240
    156 48 99 99 57 30 47 61 46 236 238 164 87 207 81 193 205 9 186 30
    203 199 248 225 24 36 188 249 33 166 87 128 44 89 246 180 225 47 100
    100 207 86 72 26 247 90 176 70 183 168 86 186 4 181 54 220 3 181 209
    226 34 193 121 62 11 2 195 217 169 192 178 80 209 182 62 60 4 29 214
    94 0 90 253 191 125 107 170 251 177 130 41 2 89 246 195 184 35 202
    235 217 184 4 42 12 88 184 17 246 14 243 110 32 176 0 100 123 48 154
    239 72 227 3 116 107 107 28 160 51 17 124 198 253 145 79 250 221 224
    76 82 123 79 20 83 103 134 155 32 41 84 246 150 177 225 224 181 119
    70 3 167 254 168 8 26 155 90 39 166 248 80 247 66 109 85 32 16 120
    168 15 1 164 77 238 221 223 226 184 207 109 232 11 81 231 197 154 89
    121 170 4 37 51 147 198 194 155 40 33 44 224 31 5 111 82 235 113 84
    75 91 74 31 154 214 141 107 220 183 197 43 1 76 67 243 190 187 182
    93 185 60 101 131 84 36 215 204 218 130 138 3 231 141 76 222 62 239
    37 1 187 134 211 126 218 156 127 18 40 192 70 87 19 46 219 224 17 76
    176 158 58 141 136 106 188 6 27 131 250 160 59 194 169 156 61 242 93
    85 238 75 71 247 28 39 128 205 220 166 207 69 134 160 14 255 253 137
    82 51 170 141 46 241 124 241 52 43 216 51 217 160 31 139 150 115 29
    170 73 156 172 81 227 252 27 196 88 26 244 238 45 187 140 53 204 90
    172 19 166 7 250 151 120 85 167 101 108 151 126 138 134 244 167 163
    168 76 102 219 23 49 175 93 55 61 62 154 16 147 124 203 234 106 63
    102 253 187 187 73 159 239 113 57 13 249 190 149 231 90 173 205 56
    247 251 202 123 45 173 60 214 177 117 117 131 126 223 104 205 179
    203 2 36 199 162 31 205 186 240 19 57 25 197 142 37 44 209 76 158 82
    203 35 34 252 67 182 63 212 60 136 245 164 180 204 220 217 64 79 12
    70 110 176 36 211 51 179 168 174 159 139 48 94 230 157 99 129 161
    118 228 154 211 111 228 13 80 164 75 101 12 24 168 50 115 240 11 233
    192 63 224 125 136 2 167 53 245 25 9 136 225 213 182 196 205 221 35
    130 77 197 97 224 13 116 68 55 131 213 86 162 197 255 202 148 181
    125 190 183 94 103 226 175 106 108 33 159 10 27 224 44 53 180 251 92
    199 191 20 213 67 79 29 173 241 221 233 80 99 32 37 88 187 36 205
    251 234 138 182 178 159 255 156 102 217 143 106 86 114 9 179 151 118
    21 128 64 130 121 114 56 88 18 0 143 40 159 125 151 172 41 248 244
    108 89 10 254 110 82 29 124 193 175 112 255 160 163 56 63 17 174 145
    155 147 229 126 245 103 118 197 39 161 44 233 195 249 36 142 237 34
    34 27 79 8 1 253 209 169 1 246 88 26 131 120 136 149 133 18 185 71
    96 99 32 87 252 13 223 167 202 242 159 182 70 64 163 15 244 191 141
    16 6 225 250 34 122 135 89 163 7 44 213 169 190 154 122 78 61 21 20
    68 211 159 28 11 25 39 222 127 38 173 185 201 127 84 143 151 111 60
    37 240 25 170 28 194 151 216 236 167 213 175 103 120 101 67 78 13 98
    243 187 171 134 132 123 70 180 152 149 152 20 175 138 8 143 70 2 1
    161 133 217 216 151 239 197 114 198 43 212 23 244 114 61 0 95 74 2
    135 73 59 118 126 177 49 110 123 94 61 182 156 174 15 173 58 185 63
    156 59 181 54 44 224 80 66 59 227 186 221 7 118 0 67 45 68 102 118
    34 26 104 204 88 142 90 15 116 13 117 172 167 233 53 191 20 206 203
    64 96 91 255 40 157 44 197 21 91 252 88 84 184 115 146 12 48 196 139
    44 226 54 85 158 131 248 93 192 130 31 141 132 95 43 59 44 63 247
    255 208 38 75 2 50 218 88 44 240 58 97 60 198 43 168 33 30 108 198
    41 252 18 149 41 147 194 176 58 232 40 166 24 195 21 81 66 172 84
    121 77 105 203 30 169 245 69 213 149 161 131 94 84 255 5 142 94 182
    80 111 113 115 136 10 3 246 185 122 155 144 90 50 159 32 157 50 17
    247 181 253 131 249 234 189 101 129 239 142 246 196 106 156 51 61
    124 185 150 70 192 89 123 12 151 63 58 139 7 119 33 241 18 66 18 246
    136 170 133 72 3 223 65 44 70 81 225 67 28 4 96 196 137 18 14 50 239
    87 220 107 31 227 247 200 89 6 189 11 65 145 159 25 192 213 200 119
    101 134 154 11 200 134 5 149 134 45 207 235 208 217 46 233 112 9 235
    56 32 206 131 210 65 54 238 34 26 17 108 154 182 35 27 90 3 180 103
    179 64 203 199 168 208 146 32 142 125 131 231 106 28 57 122 178 206
    206 106 210 127 86 234 167 254 15 231 75 89 113 140 244 50 123 211
    67 238 192 89 29 238 61 117 39 164 172 143 203 132 131 255 5 131 197
    184 14 186 99 167 144 197 119 39 43 118 214 156 208 11 238 242 13
    126 36 140 132 181 241 30 120 48 5 194 252 29 124 225 34 177 154 11
    40 35 145 168 184 146 92 40 45 58 25 95 74 89 178 136 63 23 237 84
    188 228 79 70 17 89 50 97 29 220 198 235 104 167 71 190 115 200 196
    251 234 212 5 100 40 200 75 51 245 179 51 178 247 227 165 199 165
    162 58 2 90 77 101 99 95 46 46 74 7 76 128 147 66 200 17 38 222 39
    106 36 199 15 29 126 155 109 133 247 71 154 9 224 140 7 137 38 247
    53 250 211 151 234 203 191 194 111 103 42 57 108 253 210 90 249 229
    65 89 74 41 220 32 109 43 85 156 38 68 207 114 254 146 102 208 93 47
    177 122 230 200 54 218 240 209 104 109 230 29 243 204 124 191 193
    155 237 178 224 8 179 230 85 117 15 28 59 4 156 42 162 231 117 77 78
    99 94 185 108 113 102 9 93 136 50 57 92 220 181 118 66 77 109 137
    187 28 129 9 55 90 112 12 111 57 7 116 49 23 223 9 56 149 65 70 96
    12 159 29 160 137 192 249 214 169 215 49 176 192 244 102 195 218 184
    199 88 141 165 107 31 21 117 4 135 216 193 22 70 49 218 239 0 107
    223 197 56 241 177 94 97 130 229 223 229 110 21 234 89 170 49 106
    190 203 182 97 193 215 170 28 180 87 92 159 45 163 158 0 25 177 232
    185 85 107 84 13 18 132 0 161 157 51 115 122 125 24 57 189 155 55 52
    14 9 71 46 78 145 91 68 52 29 215 147 198 225 199 200 40 99 53 19 38
    177 249 78 29 23 61 32 191 143 11 247 91 164 78 166 58 251 150 114
    46 155 152 129 169 124 105 67 160 38 151 80 14 68 150 92 87 116 200
    87 32 175 3 54 63 36 222 246 234 184 147 180 109 10 66 79 156 96 139
    122 28 180 13 227 100 58 233 20 154 114 122 29 18 38 71 249 66 94
    132 43 104 218 151 247 201 193 47 15 151 182 93 104 66 141 40 151
    230 170 168 174 73 85 220 125 125 52 236 125 107 0 86 192 223 101
    246 1 177 39 105 49 0 47 235 214 113 240 70 25 248 35 249 223 218 74
    47 75 82 10 162 174 113 139 104 191 217 92 41 90 87 55 137 79 104 51
    154 105 54 217 159 117 182 229 239 147 96 85 14 215 141 125 168 131
    241 144 96 155 113 175 205 12 180 146 92 70 144 196 15 19 191 119 76
    251 34 137 200 245 94 206 235 201 245 137 125 219 163 145 90 46 211
    175 208 105 141 174 5 176 33 182 8 6 226 246 149 15 191 249 204 81
    144 193 180 3 168 18 173 125 254 184 233 49 53 60 12 102 28 160 52
    17 233 51 210 239 208 95 79 55 236 49 230 215 248 205 2 147 57 105
    39 149 83 69 209 188 148 234 11 86 125 225 179 201 90 255 109 90 66
    251 201 220 1 74 253 216 145 157 220 113 163 84 167 212 90 65 203 46
    245 28 147 129 1 94 157 153 108 168 101 115 113 212 164 121 60 13 78
    174 197 132 228 213 40 36 199 231 43 56 5 134 98 33 68 156 96 113
    166 28 80 63 129 250 0 191 0 245 13 178 207 207 130 94 192 198 19
    160 146 35 136 43 10 165 59 37 50 250 211 252 234 27 114 0 127 137 2
    169 66 35 245 115 201 52 88 149 50 251 196 23 147 147 246 236 194 82
    237 108 229 204 205 59 170 112 66 154 234 81 254 91 80 64 201 95 168
    153 160 62 115 166 236 122 25 16 165 236 4 253 6 185 236 237 148 247
    161 36 84 36 54 69 40 225 91 24 219 217 158 231 181 61 248 86 209
    164 181 205 174 71 154 163 191 42 233 134 35 10 158 162 121 35 136
    97 90 139 129 5 30 72 173 41 46 71 97 120 109 193 15 143 185 192 249
    84 213 193 138 23 92 238 50 242 159 35 163 7 91 48 36 26 43 3 234 25
    139 72 76 11 29 180 94 140 141 242 113 145 154 128 17 144 76 250 90
    200 152 203 193 198 80 122 255 209 241 170 180 90 5 94 28 190 89 22
    168 184 22 216 118 167 80 129 175 176 126 149 241 186 189 85 151 63
    251 194 220 232 181 8 118 217 95 219 84 130 83 127 103 191 16 140 23
    188 125 80 161 37 34 222 149 119 143 106 157 95 236 65 131 209 45 3
    107 39 250 142 166 23 110 177 139 219 241 173 19 234 156 174 61 220
    0 44 80 112 138 1 184 13 51 231 167 47 19 104 210 37 121 222 90 11
    246 173 9 178 226 196 51 221 156 140 108 185 36 190 130 201 18 107
    78 205 9 178 78 229 205 60 58 179 143 170 153 242 40 194 243 21 119
    252 179 146 56 117 60 212 207 235 187 82 161 97 72 69 252 155 110 1
    10 210 215 154 70 148 129 228 57 71 200 236 40 239 250 79 116 117
    190 170 233 87 247 231 207 82 146 182 220 85 159 129 117 99 156 160
    27 149 15 16 7 137 169 28 197 33 233 62 64 214 112 224 236 138 4 94
    95 147 159 23 201 44 198 73 7 235 110 89 248 34 124 73 68 222 32 18
    131 110 59 69 138 78 224 219 219 38 59 156 231 242 114 135 170 206
    197 228 164 181 212 125 204 201 193 157 246 253 212 221 210 216 12
    113 119 241 36 5 152 227 187 158 240 187 191 35 129 121 40 229 30 58
    251 155 126 210 227 122 101 242 144 91 120 168 108 151 154 19 184
    253 138 19 130 174 214 70 162 147 208 190 158 237 204 166 87 176 208
    6 142 91 129 71 95 88 3 240 230 53 6 184 69 184 110 147 162 118 4
    119 32 12 227 16 82 164 216 229 91 67 144 178 249 154 246 93 144 80
    255 17 204 255 174 30 207 172 105 132 211 237 166 54 226 11 210 31
    114 27 106 138 247 132 171 192 229 198 32 98 129 49 99 7 192 222 235
    43 186 223 196 198 23 11 147 79 251 67 113 188 133 223 165 89 212
    140 98 54 82 95 106 155 236 94 239 78 221 128 216 57 9 239 56 23 217
    224 248 175 9 155 152 194 127 53 198 39 254 56 99 35 234 80 254 253
    117 137 32 1 206 223 133 194 167 52 145 3 137 126 195 196 121 121
    190 40 138 164 255 27 181 103 22 74 54 162 172 135 192 68 155 146
    157 196 119 52 170 28 132 102 226 224 245 8 197 140 153 26 135 24
    155 240 184 128 143 75 51 2 252 72 61 137 132 138 196 39 9 207 207
    10 75 208 245 154 209 33 24 18 100 165 184 106 155 253 83 56 1 38
    253 166 46 47 116 244 131 55 9 73 253 232 29 233 47 244 90 97 23 105
    155 123 128 55 199 112 223 211 155 146 34 110 67 150 165 181 194 138
    221 110 43 213 51 199 131 6 141 92 114 115 111 106 70 33 205 116 45
    177 81 75 169 246 11 44 124 199 123 13 200 61 53 199 189 1 68 96 103
    15 4 86 176 38 208 221 18 206 208 129 56 148 95 207 109 222 183 71
    152 199 29 6 105 117 77 101 39 142 51 140 132 193 209 143 203 67 120
    195 168 246 85 7 117 130 163 184 131 111 190 235 42 34 217 230 188
    110 162 249 47 137 74 209 169 179 154 60 208 102 16 235 176 83 91
    142 115 108 48 221 29 110 45 0 175 49 252 154 194 171 77 87 187 107
    125 61 150 98 61 231 224 149 16 148 210 51 248 244 194 246 254 77
    162 195 173 60 76 153 241 241 185 188 67 118 202 222 197 100 36 185
    71 107 234 202 250 190 166 118 226 121 169 18 199 18 110 166 198 125
    161 138 102 83 16 67 52 121 108 203 201 67 240 89 169 212 83 153 49
    176 81 205 224 1 18 5 249 171 167 102 240 181 63 105 243 196 116 105
    36 114 150 140 188 156 35 9 85 97 153 91 117 111 105 57 11 222 214
    34 144 72 164 248 21 77 179 187 188 216 23 237 194 87 7 168 34 66
    225 213 40 115 174 80 207 36 152 131 202 118 91 223 230 186 212 131
    251 39 200 17 56 90 227 151 14 124 203 95 168 29 168 25 225 248 69
    109 209 242 58 164 194 38 154 217 217 78 2 54 37 54 255 114 75 8 99
    143 173 9 12 8 163 184 212 124 209 230 160 131 172 210 7 28 216 53
    191 22 76 39 161 112 252 202 64 26 37 99 67 150 48 115 137 69 163
    140 112 83 196 193 37 217 228 70 212 132 235 72 99 108 124 66 183
    187 217 145 125 25 155 160 189 96 28 44 97 227 197 52 142 206 78 174
    239 192 19 225 67 119 58 26 118 111 39 190 174 30 30 133 11 198 65
    174 16 33 243 35 21 88 51 185 151 254 24 63 131 239 46 196 80 218
    225 230 153 130 45 84 95 59 211 30 255 252 55 218 98 194 171 149 30
    195 155 222 167 172 15 148 255 86 88 245 91 219 108 191 125 22 100
    164 59 18 255 122 82 49 242 181 56 49 252 206 245 64 26 170 100 216
    39 233 26 173 204 73 167 37 110 180 35 155 134 248 192 249 212 135
    16 241 38 18 137 142 102 27 125 196 113 152 205 38 195 128 84 192
    231 55 182 238 246 255 22 15 246 194 231 176 18 196 158 226 11 241 0
    156 30 150 183 74 69 1 227 130 53 21 203 86 205 164 25 252 27 241 88
    62 140 31 211 70 13 249 91 9 109 209 200 21 200 191 187 173 138 197
    215 107 152 251 64 157 32 87 209 216 207 170 60 118 227 52 158 119 3
    230 38 57 144 6 52 61 34 199 109 215 42 123 3 11 233 189 1 151 137
    159 135 17 45 74 36 175 119 6 45 202 49 203 97 216 121 144 130 130
    89 192 147 46 15 187 157 1 78 198 91 205 179 28 9 226 33 25 165 153
    200 137 122 219 58 181 71 51 207 143 253 89 35 213 47 176 229 199 43
    20 91 84 56 108 200 228 198 0 67 165 103 104 127 60 51 189 244 187
    228 132 241 46 35 254 50 134 180 14 104 150 177 207 46 158 244 155
    142 110 115 247 81 210 112 170 103 162 161 115 121 172 190 106 145
    190 13 2 248 169 109 42 122 94 9 39 211 156 17 191 44 119 29 108 229
    10 89 75 121 76 227 79 88 178 75 88 93 249 12 42 49 230 114 116 242
    235 87 66 199 241 39 137 166 0 94 86 153 224 198 55 39 100 7 232 159
    119 180 143 209 197 112 192 14 246 176 210 98 236 31 130 65 187 22
    86 188 152 123 178 165 1 164 206 223 204 185 107 156 73 191 74 247
    222 202 138 243 11 107 79 28 86 49 95 189 142 33 106 197 7 85 180 74
    70 185 21 28 99 128 42 48 144 76 232 236 23 199 211 156 227 94 168
    50 135 123 54 241 58 175 62 221 168 199 100 27 86 70 9 196 45 107 74
    248 4 29 135 48 91 64 65 26 177 156 227 111 121 72 129 133 210 211
    90 176 224 200 154 21 136 32 222 205 92 41 173 199 106 90 8 217 18
    183 1 103 80 241 192 255 191 135 110 225 168 103 211 244 123 233 74
    110 247 26 230 209 240 115 39 133 84 58 251 72 210 243 41 61 197 46
    97 84 226 203 172 118 178 102 9 228 230 160 247 179 1 205 160 16 122
    216 82 239 94 135 25 233 91 39 142 66 40 45 53 76 108 108 236 167
    136 98 164 149 126 14 213 12 185 151 11 23 170 11 25 253 99 34 172
    55 63 143 209 17 173 127 18 59 254 79 243 138 3 230 58 126 62 66 187
    190 147 224 152 181 201 64 243 155 73 83 30 131 207 191 149 167 245
    98 29 176 18 45 56 147 239 203 213 171 199 67 203 170 109 68 193 99
    4 7 117 183 153 191 0 103 140 114 173 96 29 216 104 14 48 159 142
    192 156 234 234 103 230 85 5 127 71 155 204 94 113 36 176 77 222 206
    181 242 96 206 17 14 203 104 125 36 175 84 6 108 85 130 114 45 181
    215 139 226 23 155 126 135 236 132 68 143 10 168 140 241 114 72 222
    105 78 252 252 70 228 145 79 169 12 135 121 110 226 235 27 208 77
    178 14 85 231 81 72 68 71 212 211 228 84 183 13 35 149 131 0 8 92
    186 144 94 73 86 31 174 150 56 66 59 134 176 59 210 70 138 9 198 195
    89 240 15 137 49 33 81 160 179 159 249 202 34 192 5 199 254 187 184
    252 118 107 107 100 246 93 220 45 0 187 220 211 255 35 105 212 102
    79 58 166 232 254 15 51 164 82 125 74 10 202 186 199 27 156 31 186 4
    242 237 210 43 181 91 101 75 113 196 118 56 94 59 135 59 12 181 32
    130 74 117 248 34 172 26 118 126 4 233 42 239 251 95 103 162 160 154
    217 0 129 69 40 218 182 157 5 44 192 146 140 215 178 82 46 16 26 158
    157 38 202 28 99 158 199 126 41 111 84 36 54 248 80 160 161 94 171
    27 177 23 95 55 119 61 68 87 108 64 106 106 81 255 67 14 228 147 132
    142 127 90 80 41 254 94 151 135 89 2 56 110 53 185 123 70 197 71 97
    240 200 201 152 96 85 94 116 165 110 124 157 99 84 25 201 154 30 180
    235 204 20 199 87 33 142 150 13 100 232 21 8 231 246 130 231 171 51
    73 67 169 87 108 47 180 90 248 75 246 217 15 227 252 12 30 61 189
    137 101 48 1 183 2 97 47 226 13 7 82 169 166 52 119 133 2 164 15 185
    13 181 243 20 214 18 49 234 213 197 46 39 63 160 217 136 200 162 248
    30 141 105 150 176 95 47 109 192 75 6 52 25 35 171 133 9 5 220 116
    46 144 96 29 8 128 43 250 29 234 170 246 166 113 241 98 198 72 110
    243 135 207 31 65 23 109 199 158 247 24 202 178 213 0 78 42 105 116
    41 11 121 49 128 254 4 166 189 243 22 60 99 142 168 237 226 245 71
    164 48 35 250 151 87 83 127 115 215 217 252 29 39 153 7 72 98 112 51
    86 238 123 111 32 45 14 113 196 204 252 108 153 133 237 182 184 69
    72 130 213 69 116 35 13 95 77 95 125 40 92 195 223 120 111 176 49
    156 107 132 179 185 193 92 4 131 215 37 157 77 4 74 187 228 131 228
    47 191 102 168 72 255 27 194 117 12 214 158 220 234 51 32 202 240 4
    220 165 202 63 146 11 253 209 237 5 38 150 250 3 187 106 244 216 247
    57 179 110 32 72 150 0 87 58 252 78 123 167 100 68 243 2 144 68 248
    135 227 194 130 180 252 146 48 0 168 144 204 197 251 184 117 47 206
    112 182 206 148 221 119 33 238 207 62 89 102 145 227 162 102 18 195
    76 220 243 202 100 31 150 207 217 99 107 136 36 166 130 111 87 57
    128 40 164 15 186 251 45 71 243 169 21 194 52 200 100 117 22 249 92
    240 6 240 53 102 104 71 125 164 103 145 55 149 170 154 65 129 231
    143 232 187 1 131 236 245 95 83 93 253 247 1 190 119 103 189 168 225
    3 243 76 234 109 254 139 121 66 166 227 250 135 187 75 38 108 48 254
    169 87 129 94 160 160 8 247 144 217 120 223 236 181 216 112 46 199
    153 116 6 115 200 7 37 168 219 97 55 253 65 5 244 46 238 176 27 108
    155 248 154 54 24 63 44 207 9 101 252 47 131 150 11 217 172 237 109
    22 89 196 1 83 116 34 167 140 74 120 228 75 208 13 12 36 62 25 152
    65 183 144 234 202 104 2 197 199 123 202 253 25 232 202 52 231 186
    240 211 58 69 185 89 144 209 205 45 255 145 134 203 88 11 227 31 186
    59 70 220 119 27 137 197 2 172 221 156 217 57 57 222 89 195 31 220
    146 130 46 4 237 213 178 141 208 25 24 243 49 199 132 52 230 68 2
    207 242 68 67 238 215 187 149 130 236 164 114 106 143 24 247 50 192
    173 144 134 209 7 132 40 38 155 26 139 57 177 173 222 227 46 61 58
    114 4 82 57 119 243 115 181 80 45 141 87 183 246 174 90 169 217 45
    136 191 206 125 173 73 19 237 218 55 209 235 90 223 80 243 87 153 91
    211 206 57 60 158 232 253 91 15 26 41 82 2 146 148 101 57 163 110
    154 136 127 249 150 104 254 73 26 107 61 69 146 4 248 71 92 72 135
    140 230 125 178 2 190 182 136 117 91 50 98 129 179 179 173 5 255 103
    203 131 253 90 108 116 172 19 124 111 146 20 174 62 109 17 203 176
    70 254 70 142 252 127 197 17 176 116 49 59 87 89 154 184 130 179 99
    100 7 133 81 74 140 88 179 83 39 249 196 82 210 71 207 209 16 84 208
    199 97 57 10 90 204 11 57 81 232 140 78 26 244 152 106 35 139 241
    222 184 137 57 171 171 187 250 236 127 152 125 181 38 165 239 29 87
    193 146 252 241 195 240 151 138 143 105 176 62 214 238 76 180 73 130
    210 30 233 125 105 19 12 150 10 96 234 128 55 120 66 144 189 239 161
    177 2 145 112 51 230 75 56 214 16 178 8 211 225 184 222 188 18 233
    53 198 175 151 209 25 147 231 30 172 65 84 249 42 18 252 57 116 79
    252 216 152 131 91 50 242 18 73 208 240 114 145 175 74 170 43 174
    244 164 5 243 160 58 244 77 117 206 63 215 160 53 184 135 59 20 10
    141 24 170 88 14 149 156 234 125 248 46 76 148 211 50 70 138 221 26
    33 6 164 193 39 69 243 146 189 160 158 89 24 108 94 13 93 93 77 58
    194 100 250 80 158 87 6 243 186 36 138 224 185 174 9 87 172 202 54
    54 10 93 63 35 48 1 125 171 60 184 85 247 153 245 167 236 60 11 9
    203 40 243 243 54 57 0 75 216 20 252 84 239 33 203 119 113 255 72
    112 159 31 62 108 151 8 44 239 100 66 105 45 152 36 83 153 186 108
    215 145 126 175 234 135 176 98 119 222 56 236 240 40 61 159 69 254
    89 87 3 75 62 60 98 230 226 35 34 41 126 2 60 115 0 21 52 138 195
    124 230 36 63 245 65 181 82 93 180 28 36 34 21 246 77 23 185 43 124
    23 210 139 226 0 52 199 95 148 147 147 110 60 177 34 114 104 120 227
    8 116 202 184 32 152 84 173 248 50 52 159 239 195 220 218 38 17 152
    70 76 108 40 109 81 106 158 112 65 170 22 181 22 35 238 33 110 172
    227 12 5 95 140 172 64 101 245 76 217 105 208 121 186 213 26 234 56
    87 153 196 104 6 132 148 90 178 223 237 171 113 224 112 137 44 122
    188 95 25 43 183 214 192 164 207 104 101 75 73 192 50 28 131 166 107
    13 203 79 46 37 236 58 163 180 76 163 75 114 26 160 249 53 11 226
    229 169 215 69 113 6 174 163 24 43 211 2 84 20 139 63 23 140 180 167
    102 213 129 94 2 54 83 221 82 15 70 105 160 184 118 64 16 6 127 67
    163 101 193 254 156 197 108 234 180 122 25 241 237 209 17 187 172 59
    0 94 216 109 209 199 171 82 248 110 239 183 132 31 119 166 189 197
    176 229 161 110 79 184 54 180 61 251 34 130 30 9 75 55 132 17 9 250
    216 28 59 171 94 90 21 216 104 139 245 165 117 218 162 80 65 190 145
    220 113 76 117 18 236 124 215 50 72 89 180 193 135 172 151 57 22 159
    180 224 154 234 214 78 131 85 235 246 199 184 243 230 13 75 100 118
    215 63 25 89 151 28 100 175 109 8 135 56 114 228 111 194 183 209 149
    188 54 128 137 238 25 185 29 18 78 42 53 224 175 24 51 92 164 168 6
    209 144 86 62 119 128 70 11 92 85 43 214 193 0 71 76 192 172 62 103
    55 171 120 18 222 60 148 49 97 179 223 95 106 102 14 142 14 113 57
    95 67 244 41 219 29 173 237 41 224 226 228 19 43 30 118 72 125 119
    39 170 53 96 199 174 93 158 9 152 132 146 253 98 194 187 123 111 55
    132 45 185 158 231 140 19 25 24 135 4 153 243 180 164 81 173 80 152
    102 44 212 228 170 12 67 78 101 112 64 168 254 199 186 74 193 31 77
    17 41 83 65 145 9 26 148 47 47 191 236 206 233 229 226 101 160 171
    197 206 59 157 68 36 53 166 131 149 78 112 161 34 77 27 235 140 238
    207 69 222 30 208 91 242 198 101 254 23 181 127 10 24 142 95 155 220
    37 197 71 223 152 38 19 172 247 25 153 184 82 177 171 189 115 169
    119 148 231 97 110 230 16 215 253 31 200 147 121 182 0 242 35 98 173
    105 240 250 2 39 0 191 178 84 236 1 173 149 1 121 182 43 98 198 79
    150 222 61 87 165 163 196 185 13 189 43 191 76 231 40 52 214 33 33
    32 173 158 159 231 30 39 84 138 199 28 104 131 229 218 78 200 72 129
    131 135 196 225 23 121 176 144 226 233 79 213 138 81 126 71 40 201
    71 52 77 102 196 83 197 66 225 48 138 203 84 157 107 164 98 230 23
    231 85 220 149 134 202 217 18 167 73 32 46 156 28 31 68 60 37 102 8
    18 170 54 96 41 163 122 56 8 2 71 222 103 246 75 155 117 72 38 180
    12 30 231 154 199 129 75 33 176 70 82 206 15 55 38 230 33 190 140
    161 18 50 83 94 7 67 179 58 191 70 29 64 56 210 109 125 187 26 138
    152 129 206 97 147 239 130 88 242 121 200 211 1 28 96 149 113 33 51
    170 252 24 151 175 171 26 160 53 0 6 236 228 251 156 138 229 67 135
    225 57 156 79 50 138 6 64 69 202 51 199 243 197 79 172 64 51 163 116
    143 178 9 239 133 65 186 0 10 147 36 238 251 57 117 82 97 186 179
    225 181 197 237 119 44 183 39 125 41 53 131 103 62 101 35 15 66 171
    43 166 57 64 219 132 42 0 145 161 54 139 229 157 117 203 195 30 2
    169 60 238 67 171 13 105 112 90 70 88 75 25 40 207 1 1 104 208 141
    144 148 92 180 135 127 6 114 193 136 177 208 203 129 227 220 214 59
    105 255 138 47 29 140 17 105 41 29 28 165 77 2 90 157 13 252 118 189
    195 7 232 161 95 228 199 150 248 134 129 9 115 40 128 127 204 226 42
    240 4 121 57 227 85 73 236 170 155 172 217 77 95 232 36 128 156 246
    44 202 220 113 199 149 199 36 4 228 26 177 153 232 224 113 0 40 33
    142 188 163 49 166 61 105 89 165 131 240 92 168 10 157 185 77 150 73
    249 132 102 206 115 80 16 238 99 9 51 152 235 102 215 204 183 6 163
    220 27 108 163 95 10 58 202 135 86 33 140 215 226 22 53 164 255 105
    143 84 185 215 148 128 235 214 195 53 137 77 72 222 140 10 169 165
    94 162 175 231 148 120 109 158 238 116 255 114 87 226 101 56 8 111
    111 5 121 24 243 151 208 11 2 53 113 5 47 216 222 4 39 163 38 31 173
    138 236 27 95 118 166 103 17 109 188 176 102 194 59 121 99 86 255 42
    205 145 78 12 43 250 152 128 5 144 60 115 241 152 254 177 107 96 37
    244 219 219 174 12 157 240 127 77 15 166 251 219 37 107 228 153 89
    191 200 99 6 71 249 107 156 70 113 73 4 79 211 149 217 141 3 43 253
    66 175 191 208 140 185 1 79 47 197 179 212 147 28 117 47 75 200 15
    99 203 7 141 25 44 160 138 124 220 56 246 156 14 110 132 240 242 26
    99 217 181 123 20 204 170 169 252 128 122 190 55 246 53 83 241 185
    145 182 104 87 153 7 176 2 109 140 58 153 250 212 5 202 125 168 179
    83 204 151 215 17 202 150 126 94 231 71 69 130 207 43 254 182 48 34
    35 63 169 111 219 168 203 98 145 228 109 192 149 194 43 27 188 83 58
    241 32 24 70 208 11 141 221 23 161 60 223 195 174 42 238 245 62 183
    145 132 134 192 75 158 230 83 241 43 96 205 249 25 107 208 106 83
    169 242 74 156 16 247 63 215 156 36 138 9 116 5 173 190 175 66 170
    28 119 27 104 160 61 33 197 172 170 117 29 221 49 22 7 84 178 26 86
    202 180 140 249 134 92 158 170 139 136 239 110 11 191 209 222 146 59
    91 232 152 38 154 76 254 51 172 59 226 142 159 18 169 147 248 193
    125 78 118 213 36 62 213 59 36 208 55 199 59 114 141 176 191 172 103
    158 60 90 16 126 125 98 232 45 24 62 44 120 76 50 42 130 128 248 85
    220 119 80 46 128 200 0 224 213 192 250 145 104 32 1 82 14 140 186
    234 241 71 106 166 207 216 230 169 81 175 45 109 189 223 69 48 180
    30 163 121 166 115 90 242 109 218 15 46 80 81 237 49 115 224 17 105
    251 128 54 217 73 112 170 219 63 51 174 170 42 222 35 130 48 240 41
    246 69 234 136 239 238 105 162 187 156 31 41 173 70 92 44 72 120 99
    143 38 235 34 150 245 190 178 151 12 53 182 244 34 111 176 70 59 152
    137 52 188 47 80 38 1 223 205 147 214 67 174 97 61 113 8 198 198 4
    219 84 32 248 41 192 154 64 193 30 15 81 198 191 160 203 155 199 197
    110 44 226 133 220 157 224 240 23 128 202 192 74 35 176 142 102 231
    176 202 184 114 221 160 78 51 217 43 234 134 131 129 66 8 107 250
    191 84 53 162 174 221 177 203 198 198 202 120 16 20 11 163 210 81 67
    140 113 130 14 180 130 189 213 190 172 80 59 94 188 250 229 209 140
    74 151 82 43 209 187 127 21 208 229 16 23 211 122 145 146 244 121
    121 180 5 89 21 248 13 199 127 97 250 232 188 189 195 180 139 91 53
    117 87 182 251 20 143 122 106 194 74 33 24 139 9 53 142 97 90 94 41
    26 162 104 218 203 8 74 59 54 74 11 152 201 46 236 26 88 36 57 50 77
    235 12 91 181 194 38 62 108 169 165 5 109 82 214 214 86 65 140 44 17
    161 61 47 182 196 19 244 149 119 113 20 173 224 7 96 112 169 151 194
    30 87 34 208 235 27 29 166 140 197 152 15 242 47 230 142 117 81 54
    229 242 205 252 227 104 1 88 168 253 160 168 145 8 17 90 64 31 47 82
    214 197 3 119 6 124 3 107 220 73 252 79 0 214 84 101 149 145 162 187
    54 149 148 192 189 168 191 185 0 78 0 185 126 181 76 62 34 235 150
    134 33 18 155 168 72 255 179 126 196 201 248 196 70 108 216 233 159
    21 143 8 213 228 215 231 202 10 165 60 101 23 39 106 122 223 60 24
    30 16 195 18 6 52 189 73 28 247 45 188 148 7 193 87 72 167 95 7 156
    26 62 135 138 219 65 0 198 151 148 180 184 92 121 174 165 112 253
    127 162 250 65 60 87 166 123 248 191 250 255 247 41 248 237 91 116
    239 215 88 17 130 186 160 37 215 235 55 135 48 97 201 94 107 3 99
    130 143 17 112 61 181 48 204 21 110 173 238 96 42 133 153 105 227
    169 211 81 129 74 59 42 93 27 57 49 189 237 166 254 252 226 179 73
    192 21 195 100 45 157 192 2 210 122 23 64 239 72 195 65 228 15 43 34
    186 63 160 205 191 19 208 0 47 202 42 43 125 217 54 134 250 249 222
    59 225 207 13 200 253 246 91 130 15 103 93 74 236 49 155 105 208 28
    143 85 137 14 84 173 149 95 150 229 164 179 149 164 212 245 79 70
    211 92 246 41 69 24 161 109 123 175 89 142 95 160 241 255 217 33 224
    121 81 176 112 244 67 132 180 114 185 196 185 171 40 129 23 157 74
    255 59 105 146 65 157 107 126 51 122 253 198 185 12 77 193 248 221
    107 115 194 20 136 212 207 232 2 105 232 152 46 219 240 130 224 91
    196 86 3 247 76 110 3 132 104 24 6 48 213 46 73 125 11 255 244 62 71
    34 102 25 127 185 196 241 32 151 77 76 229 183 203 23 247 204 107 25
    35 197 85 126 74 246 217 158 217 155 122 69 42 125 128 77 172 28 34
    120 147 76 231 219 99 161 81 190 11 28 53 117 126 141 46 101 129 185
    51 72 182 72 159 211 122 53 37 88 70 249 94 251 204 173 207 9 19 237
    72 11 4 58 184 109 34 65 143 185 80 84 140 7 68 244 182 131 202 166
    169 233 128 123 144 247 185 135 125 210 51 28 252 82 205 140 107 225
    121 142 146 244 205 92 49 93 183 111 110 22 65 7 236 181 158 245 197
    56 170 100 3 248 67 129 243 172 235 167 125 148 61 40 100 7 109 168
    122 148 191 150 234 77 64 87 114 116 105 181 131 136 208 74 15 18 24
    193 24 12 42 28 15 226 120 81 140 86 37 51 187 204 98 171 31 38 166
    162 41 160 14 171 88 87 82 22 95 247 134 27 58 178 245 66 197 244
    124 200 184 87 243 124 159 70 32 149 106 236 221 48 49 107 202 41
    118 57 206 241 110 81 215 206 66 95 116 221 121 12 52 209 82 217 97
    109 8 108 233 210 61 48 239 65 20 211 136 214 226 4 213 220 250 65
    221 244 90 76 211 99 157 194 96 132 184 186 122 244 190 246 166 182
    23 139 198 105 175 76 83 29 93 51 140 41 196 237 169 175 253 48 28
    31 255 221 166 238 100 76 74 162 91 102 122 166 161 89 34 204 249
    142 15 234 251 178 32 86 177 21 60 25 172 76 208 90 72 247 149 176
    123 199 68 215 148 92 86 236 60 200 88 154 183 52 217 168 176 13 148
    110 184 210 31 21 170 49 62 168 199 189 244 156 71 71 18 230 146 50
    244 248 66 28 33 234 250 213 224 200 222 21 24 135 2 65 211 203 116
    24 227 26 90 239 134 9 127 207 13 191 185 75 70 239 140 47 211 27
    178 87 30 253 192 188 226 190 216 176 141 140 240 90 47 199 240 109
    96 129 47 77 127 167 31 164 216 201 28 50 252 183 125 162 218 239
    171 142 141 178 176 228 95 100 0 87 164 117 249 37 102 240 246 27 8
    231 137 180 201 67 209 23 114 172 236 240 213 113 21 231 211 191 231
    150 50 21 63 1 51 9 77 171 136 128 83 40 116 168 140 229 50 81 74 88
    144 155 52 122 187 158 68 60 59 189 150 146 71 155 7 249 229 216 247
    55 150 15 103 50 160 147 61 47 54 246 190 45 141 217 197 183 183 88
    235 254 175 103 190 199 81 214 204 114 190 155 130 170 221 107 105
    254 157 108 144 253 254 19 253 138 200 179 2 62 60 243 160 252 41
    173 63 84 148 23 133 52 204 179 111 4 226 217 6 113 54 56 114 163
    152 179 23 33 188 234 71 134 246 6 241 18 168 82 220 123 243 97 72
    52 180 231 157 3 246 185 196 204 84 67 165 42 16 101 187 75 5 203
    177 245 131 39 32 114 153 70 7 116 82 85 232 94 70 210 195 109 72
    219 57 239 43 74 56 217 229 206 113 17 176 244 115 70 16 49 98 96
    117 225 16 148 141 10 27 129 91 244 106 64 97 230 67 168 192 18 21
    189 124 108 126 201 88 108 195 76 153 160 148 63 186 195 0 254 4 77
    38 208 56 48 147 187 192 46 6 39 1 28 119 33 243 33 146 96 225 248
    22 44 0 54 41 48 208 71 63 70 54 23 34 146 109 124 183 46 171 56 209
    140 114 169 120 48 81 65 217 57 195 196 174 0 189 226 0 41 69 108
    228 214 109 236 136 95 126 225 252 69 158 213 186 113 237 192 168
    151 45 88 207 175 219 224 86 235 4 223 186 242 105 177 189 101 11
    171 60 161 87 228 225 228 103 66 228 97 94 238 228 21 12 7 47 123 50
    29 191 112 2 137 131 102 3 47 242 243 223 205 201 12 59 76 239 40 91
    117 191 26 33 187 243 70 113 43 242 37 32 20 223 143 156 40 43 252
    37 165 1 211 211 146 105 215 19 145 232 148 76 160 192 173 90 210
    157 234 109 166 38 207 164 162 52 122 73 130 48 208 164 145 191 34
    26 167 12 242 177 196 53 202 140 82 113 123 122 133 227 89 97 189 59
    0 221 147 155 6 227 43 223 231 243 217 245 23 162 24 138 238 61 182
    5 208 131 141 6 46 140 58 241 217 250 43 38 2 42 13 93 174 120 68 37
    187 203 101 140 123 213 235 72 137 72 47 70 105 85 83 223 40 32 47
    244 53 192 174 69 74 30 253 222 14 88 98 0 115 70 147 31 38 151 171
    238 48 23 32 207 220 202 121 156 22 96 51 11 228 253 80 219 247 161
    81 73 98 156 72 103 48 62 135 208 50 232 76 164 39 14 81 135 244 209
    143 132 138 150 19 90 118 101 125 84 29 224 133 106 248 93 247 127
    244 164 84 112 242 31 60 147 138 165 47 186 24 137 157 174 15 229
    159 111 184 152 216 193 159 168 11 151 116 230 196 171 48 142 212
    131 9 101 171 125 104 251 209 69 189 49 226 6 159 189 73 87 185 185
    3 166 214 216 35 46 108 241 231 247 243 88 190 151 91 134 8 198 70
    105 213 211 154 121 79 70 121 127 114 101 74 44 186 24 206 98 252
    238 85 0 190 232 154 142 55 230 35 209 232 163 64 135 212 174 207 40
    77 236 12 210 69 78 105 26 14 69 13 168 129 170 71 90 55 3 114 206
    227 44 199 145 232 26 50 116 246 208 209 214 245 154 56 181 190 63
    190 66 148 172 146 157 44 206 156 249 245 44 124 89 117 54 149 222
    77 211 116 123 152 177 17 112 38 118 126 164 61 51 168 164 153 212
    232 205 181 47 162 62 252 101 0 8 53 16 53 237 15 127 36 38 29 231
    70 77 246 10 69 141 216 97 105 133 179 55 26 212 83 133 252 10 182
    56 135 26 170 242 167 163 30 201 246 216 229 173 127 22 115 37 252
    182 20 50 115 93 231 67 59 151 10 184 10 172 67 234 179 106 26 11
    241 243 131 51 148 17 145 149 128 129 215 214 151 32 9 43 129 162
    116 83 130 187 224 124 126 64 54 47 48 224 41 59 248 144 237 90 16
    201 190 146 180 178 81 214 136 191 229 223 115 73 87 74 51 89 59 253
    99 44 116 123 218 54 161 137 222 142 223 223 186 175 19 241 75 204
    151 79 71 191 42 168 213 176 75 65 51 84 213 81 48 129 195 17 154
    136 195 230 38 175 150 128 54 25 191 21 158 174 50 193 9 111 122 67
    186 192 72 194 17 198 148 152 111 229 253 112 219 202 235 43 4 142
    31 104 177 100 186 66 138 187 191 84 159 200 174 140 220 12 185 207
    98 188 195 127 48 245 11 197 248 100 254 164 99 57 24 171 30 211 127
    180 235 173 238 37 253 49 114 236 199 103 214 239 198 46 196 127 210
    124 13 23 58 198 95 193 108 242 6 166 161 229 29 48 20 18 151 140 53
    81 121 235 38 212 132 249 27 208 236 6 204 7 86 42 136 82 75 126 106
    164 97 72 125 167 243 54 49 101 61 245 99 140 224 230 225 247 60 61
    95 100 127 208 138 226 141 95 163 64 75 212 182 171 181 145 96 142
    39 82 45 194 134 24 52 166 24 195 202 56 209 133 113 133 8 138 176
    186 130 128 165 201 119 138 48 38 226 175 68 98 176 191 89 196 46
    108 61 108 139 147 245 232 56 210 209 113 174 115 45 116 30 65 180
    147 94 241 67 1 66 249 91 88 157 100 116 77 107 159 198 57 66 138
    217 63 63 165 59 205 162 94 167 5 125 241 4 243 239 79 211 242 130
    130 164 83 118 52 92 220 226 194 9 206 151 229 12 142 206 213 63 25
    152 174 158 99 138 177 155 145 30 177 77 167 207 102 28 200 131 193
    11 68 31 72 149 125 229 10 86 172 34 178 181 1 187 33 120 194 63 19
    106 132 239 164 171 178 80 106 181 250 68 156 37 74 73 57 192 184 45
    67 135 166 8 253 125 163 26 63 58 194 101 13 158 114 141 25 142 121
    185 4 71 4 250 123 0 121 121 97 162 160 194 7 39 188 28 104 9 230 1
    75 249 20 53 99 15 134 50 17 89 6 182 27 111 222 36 82 0 208 165 215
    85 46 146 11 14 181 169 139 226 246 79 63 5 7 166 158 137 89 211 54
    99 153 112 58 212 152 62 176 49 129 99 76 142 70 208 100 190 250 112
    178 7 0 230 207 4 87 193 135 55 60 202 37 140 136 93 76 49 191 142
    134 193 239 159 68 241 154 241 2 150 46 54 104 142 156 230 207 83 82
    141 201 22 50 99 250 93 111 8 219 184 22 237 62 58 91 186 208 247 64
    218 24 163 69 215 110 161 87 141 183 155 172 131 200 189 14 8 21 147
    223 247 106 36 152 182 138 96 122 142 192 188 35 7 67 116 205 22 7
    215 101 227 72 201 247 12 40 171 191 121 141 104 24 204 149 111 37
    50 18 41 50 3 106 63 230 65 130 218 179 235 170 45 108 184 196 30 73
    219 221 117 211 252 68 51 223 148 176 192 114 148 16 173 172 168 246
    222 143 4 4 227 242 162 82 235 175 13 240 139 17 136 238 22 35 23
    210 159 193 49 1 45 124 173 195 9 192 7 228 10 127 136 159 141 204
    11 213 227 63 247 107 90 118 210 68 6 175 213 204 78 21 63 200 110
    184 135 204 238 111 224 46 126 136 245 129 185 22 215 219 39 120 189
    17 133 147 165 37 22 35 115 183 20 154 252 199 19 183 68 124 138 185
    22 165 187 243 26 14 130 186 106 188 72 41 247 133 166 128 12 112 33
    212 255 48 88 231 205 113 218 8 174 112 84 76 58 128 71 246 187 35
    172 77 102 245 97 124 3 6 38 61 19 23 42 243 148 57 138 23 145 119
    227 214 145 122 162 87 155 109 207 179 174 82 157 179 150 252 77 114
    41 193 208 198 181 64 201 46 124 251 56 173 40 83 93 254 57 207 159
    229 40 135 17 243 121 107 119 39 3 40 182 79 228 46 153 117 85 52
    134 140 240 109 111 14 119 233 50 190 40 169 142 232 215 125 69 90
    89 216 205 135 105 138 37 182 226 12 134 237 158 94 119 234 136 120
    119 145 15 255 28 47 8 133 133 231 195 11 81 88 235 138 54 120 176
    175 83 247 97 135 24 55 68 28 5 220 40 206 74 156 82 243 216 89 203
    97 79 81 204 189 0 240 178 86 122 77 218 93 216 4 150 171 134 112
    230 131 58 8 226 107 3 166 48 86 115 83 116 89 162 51 178 191 103
    129 138 98 15 252 176 195 39 57 163 5 248 56 215 237 103 166 239 207
    48 184 178 110 128 103 169 13 62 22 125 239 169 86 254 80 149 55 70
    121 179 60 114 56 9 165 150 47 27 146 168 169 106 222 224 27 205 253
    102 29 153 239 167 34 145 148 97 151 130 37 142 207 148 192 216 209
    101 218 161 146 8 135 32 180 113 120 166 38 235 131 143 173 199 222
    238 139 8 170 194 26 13 202 5 115 124 32 131 38 129 79 189 196 173
    142 59 147 122 149 219 59 154 43 46 201 4 205 155 219 150 24 113 235
    197 70 204 32 111 206 35 110 219 0 90 155 245 174 139 168 166 60 14
    151 142 157 77 200 62 67 99 191 165 99 96 59 15 64 127 175 207 97 3
    150 90 153 20 111 35 55 186 204 248 37 237 231 33 122 129 35 41 178
    79 92 132 9 136 31 19 123 254 103 163 191 201 73 116 204 242 92 96
    143 166 126 134 243 181 254 29 12 19 137 93 5 144 194 22 145 130 58
    197 222 74 136 4 220 74 42 30 107 40 35 25 199 101 150 75 78 55 149
    9 230 188 181 137 253 63 11 255 224 126 252 172 45 161 95 151 187 34
    227 206 138 203 28 50 249 148 107 167 97 106 175 54 90 87 54 193 229
    176 20 116 176 243 238 164 62 94 115 194 27 251 37 23 249 40 204 71
    74 107 139 37 154 93 197 190 201 145 54 36 231 219 247 213 177 192
    175 62 184 17 110 29 93 161 56 144 69 47 10 115 191 25 131 116 68 56
    163 13 240 88 218 208 83 200 53 9 239 40 134 167 51 104 209 16 121
    61 122 82 182 56 162 231 166 112 9 93 245 25 103 178 4 241 147 236
    177 3 248 80 85 125 22 89 66 20 200 171 254 40 72 88 62 48 194 39 12
    160 27 235 95 219 122 7 131 72 0 182 195 92 139 255 87 95 203 76 108
    166 7 92 87 76 180 108 27 211 55 99 111 68 224 251 247 62 193 80 148
    154 238 157 148 121 212 41 89 60 227 177 186 247 173 13 120 201 222
    162 199 49 105 102 200 13 69 84 139 37 142 134 96 251 254 112 40 247
    70 100 140 29 197 92 41 223 209 32 160 127 140 110 200 76 11 47 203
    210 141 69 75 85 162 69 242 242 58 104 248 147 85 91 223 153 171 184
    115 196 167 209 58 28 231 132 249 247 133 126 93 198 72 127 198 210
    33 129 13 210 252 73 250 248 134 111 24 165 211 74 127 25 43 18 238
    170 91 247 161 247 222 206 33 252 245 38 22 213 214 114 184 198 253
    118 233 120 103 96 25 35 135 180 222 37 125 136 197 241 57 203 251
    168 152 52 231 30 39 154 164 115 1 114 6 16 149 68 198 121 191 131
    121 182 205 59 201 8 35 131 98 42 57 199 177 246 231 192 29 203 53
    44 213 160 217 86 110 182 252 164 66 255 181 245 83 41 14 92 95 220
    58 148 216 219 42 42 193 215 150 34 96 6 183 232 67 17 200 145 221
    130 165 25 254 124 211 219 89 204 249 74 167 181 218 222 247 59 152
    13 170 234 6 73 117 192 9 4 219 139 106 233 245 153 14 233 147 197
    191 221 165 106 18 188 212 168 153 101 227 252 214 6 139 173 148 238
    247 126 194 52 168 149 214 180 214 75 195 211 27 96 251 116 130 210
    250 99 77 251 162 22 88 85 115 186 192 219 29 57 177 186 51 144 62
    207 41 68 204 227 222 112 101 43 26 140 36 160 28 139 22 56 196 81
    220 223 170 183 217 39 173 199 114 124 174 123 235 33 160 32 135 220
    35 172 41 7 139 196 168 127 55 147 192 77 120 31 200 128 198 113 234
    181 74 197 195 17 47 124 143 84 3 20 108 243 113 225 178 116 146 122
    7 155 69 111 201 253 64 169 54 160 12 87 112 2 222 169 93 49 151 235
    88 6 155 142 156 20 159 57 144 159 220 129 8 76 163 96 108 242 173
    224 114 91 213 177 7 205 160 63 43 112 189 148 125 138 15 146 181 24
    41 116 144 46 87 104 157 20 126 48 16 208 182 54 98 118 144 184 139
    43 153 90 17 26 1 216 151 104 41 23 253 7 176 193 91 0 176 201 139
    177 58 235 29 33 189 255 147 156 111 67 78 129 20 180 73 9 101 154
    212 11 33 202 223 141 193 139 128 215 79 5 36 7 123 165 224 220 147
    177 246 104 201 25 172 113 50 182 241 116 67 82 111 191 216 60 13 31
    150 38 215 71 19 7 90 239 220 214 151 149 51 243 67 120 97 91 81 204
    163 175 2 91 245 76 69 127 151 227 3 102 190 238 189 66 83 212 109
    66 22 234 139 250 70 127 210 16 222 158 160 36 72 36 168 196 105 238
    213 133 181 127 24 24 117 94 171 177 163 162 97 228 199 100 28 72
    182 6 133 62 160 1 130 31 173 73 181 36 132 134 179 98 88 3 29 102
    29 132 203 167 4 196 50 64 36 232 123 227 160 16 186 12 163 226 170
    103 48 74 198 220 150 172 198 116 240 129 129 3 164 68 156 35 131
    110 104 154 216 45 150 167 238 184 123 189 128 62 110 244 231 182
    184 71 68 204 210 243 12 250 130 117 142 253 52 83 122 204 5 38 161
    26 3 141 131 85 233 95 59 236 41 119 172 213 132 133 252 250 179 62
    47 0 149 114 135 16 67 233 114 145 88 84 54 126 245 168 112 127 122
    58 108 242 120 40 114 98 194 219 184 30 247 146 105 20 235 242 136
    48 110 178 234 94 26 50 78 32 89 224 222 96 193 238 177 134 51 220
    182 41 47 12 119 115 75 32 97 60 179 46 181 245 137 22 189 202 60 56
    21 61 37 199 240 82 199 196 193 111 9 111 17 210 230 51 53 106 28
    224 116 26 142 107 29 233 166 227 87 157 26 79 96 218 13 63 84 6 83
    220 162 195 129 226 32 70 62 242 85 232 18 169 76 65 105 90 27 31 5
    146 49 2 140 214 204 38 249 21 141 41 253 49 233 244 246 193 254 76
    44 66 254 127 26 118 3 135 53 172 82 89 145 1 203 177 100 87 214 164
    42 197 47 98 210 102 75 36 243 208 153 176 178 42 207 88 140 61 169
    50 44 58 252 136 151 200 77 6 82 126 155 125 27 143 55 150 73 196
    245 51 70 234 35 170 120 44 157 50 77 16 219 152 89 53 228 123 80
    145 172 4 230 93 195 165 8 242 19 247 123 218 22 78 197 153 63 191
    47 170 39 12 113 202 98 243 190 10 190 11 2 221 89 148 204 106 219
    234 147 217 238 126 15 15 100 42 64 52 131 17 29 56 48 113 208 216
    179 9 36 165 209 54 117 0 82 196 89 238 84 11 13 199 196 231 177 226
    217 197 213 81 124 31 24 162 199 137 253 215 235 215 87 201 155 104
    54 114 189 250 247 41 76 223 234 196 34 188 237 65 161 201 92 126
    142 196 38 168 152 196 1 249 241 166 143 173 162 22 242 211 141 171
    97 16 2 59 98 6 165 192 8 194 64 19 163 61 88 6 185 241 16 133 27 10
    210 122 223 50 203 43 181 28 151 78 77 207 3 21 105 185 121 51 254
    189 172 130 104 80 165 235 46 15 221 42 138 224 85 90 21 231 182 216
    108 181 70 192 238 178 166 242 214 34 187 68 153 176 191 219 94 95
    21 167 240 47 241 39 170 194 11 195 233 25 113 110 225 91 136 35 94
    131 83 30 252 96 167 1 100 167 119 230 176 196 158 89 164 185 16 173
    177 171 181 32 211 53 224 232 238 202 55 148 181 212 12 192 187 13 8
    183 210 213 224 134 76 175 163 247 158 113 174 63 20 109 198 232 106
    193 155 73 178 104 177 70 34 10 154 217 194 233 218 196 124 66 180
    162 84 93 41 76 255 10 40 238 4 249 108 208 204 8 124 87 168 104 144
    246 116 224 74 80 216 146 94 163 94 175 127 165 103 69 92 174 92 55
    71 251 253 76 233 195 64 14 209 221 74 211 103 194 245 80 19 69 5
    160 223 43 26 0 213 173 10 143 77 138 40 215 95 241 185 64 232 182
    160 174 177 5 223 250 54 154 207 147 144 19 79 69 75 42 109 41 40
    108 73 41 109 180 181 135 19 141 187 184 191 124 40 98 192 42 247
    235 73 114 159 177 97 144 53 86 118 152 10 65 3 211 2 204 149 197
    133 36 220 150 34 230 13 155 63 193 50 147 207 196 147 141 187 90
    144 50 26 17 9 210 255 21 102 76 4 67 236 179 37 250 54 13 30 130
    118 220 36 55 37 147 233 119 108 107 155 70 163 237 120 96 255 92 52
    48 65 72 80 106 42 159 209 33 134 142 43 165 24 213 150 79 160 178
    95 193 152 173 94 210 87 38 193 136 65 243 199 140 31 157 125 44 137
    175 208 139 176 138 228 63 95 67 116 9 7 151 238 46 207 147 157 21
    68 148 196 221 252 23 182 32 166 188 116 144 48 17 22 38 62 23 103
    76 61 177 52 199 211 76 179 40 250 247 207 254 15 36 3 191 146 197
    218 11 79 132 27 217 232 150 45 66 0 7 196 236 3 211 137 7 189 237
    81 83 163 194 245 144 18 163 199 210 209 77 220 141 208 115 135 39
    156 129 212 118 234 101 37 254 247 194 176 155 231 74 137 169 161 11
    39 133 58 178 11 198 167 47 198 207 173 207 80 4 20 116 134 232 134
    159 63 9 187 224 162 234 20 5 66 166 88 209 254 137 237 84 202 84 40
    254 226 146 110 102 56 35 51 207 82 131 186 44 17 175 44 106 22 44 1
    38 135 206 119 128 249 209 159 25 252 93 76 47 128 75 49 187 35 36
    125 34 15 13 0 64 188 20 48 101 196 104 57 4 185 133 29 104 123 109
    125 160 228 56 120 68 236 163 111 166 104 22 58 230 185 116 236 89
    76 97 40 197 6 134 27 58 180 125 145 116 31 146 240 88 227 128 146
    240 8 229 172 3 76 136 148 7 209 29 199 234 175 193 23 2 141 68 144
    90 204 188 223 204 234 114 198 244 91 116 114 12 106 151 57 119 216
    221 245 236 106 130 42 162 59 241 246 115 216 146 181 41 196 52 125
    172 187 21 250 44 247 42 117 160 165 154 151 154 250 21 238 44 178
    174 59 2 56 110 67 196 249 84 52 32 6 136 128 94 228 77 84 206 222
    32 42 16 179 228 17 219 116 248 221 57 61 36 188 114 22 94 125 120
    167 218 244 22 35 104 15 162 83 125 191 232 156 11 134 1 172 234 208
    194 139 234 183 200 140 138 2 20 153 107 197 62 144 201 96 146 186
    90 9 125 250 122 43 146 85 129 7 115 180 60 248 30 172 187 3 245 152
    254 20 241 115 2 71 94 145 153 205 16 253 52 134 200 191 62 74 238
    101 250 158 64 49 196 248 94 156 159 79 232 29 18 82 161 57 148 159
    120 98 72 4 187 91 47 63 43 21 127 135 164 250 0 139 155 223 183 224
    225 10 152 152 152 52 110 65 238 232 5 242 174 25 84 223 136 241 186
    11 74 204 189 201 107 154 0 73 215 58 180 129 98 26 127 205 92 164
    15 26 239 2 22 107 126 37 21 12 156 7 45 88 75 26 207 230 126 124 56
    145 167 94 45 23 54 245 75 19 240 38 143 223 20 178 108 63 56 185
    210 142 253 228 36 36 109 73 193 170 39 182 209 55 72 185 208 136
    122 15 167 158 141 220 52 81 254 67 231 21 2 51 149 100 85 58 73 51
    93 151 223 102 1 132 227 5 127 158 240 14 28 43 168 177 161 79 158
    195 42 70 224 25 108 200 236 111 101 68 109 252 172 211 27 55 134 35
    14 150 118 207 180 23 142 150 215 200 49 211 147 235 132 199 67 146
    68 96 187 202 52 239 29 128 213 43 16 151 251 205 60 197 176 46 74
    163 176 160 135 205 136 162 24 36 223 56 151 118 49 67 200 70 26 111
    221 169 198 236 166 16 147 100 136 237 163 155 139 62 66 15 24 138
    232 217 187 160 48 187 156 210 98 167 48 251 40 140 22 88 80 19 134
    37 136 88 208 230 136 58 59 68 165 221 61 153 31 189 230 142 112 64
    97 247 167 189 218 43 150 116 223 177 98 83 65 136 147 171 102 183
    79 146 170 3 133 35 136 86 84 248 86 160 171 126 3 182 174 7 176 229
    200 10 43 48 111 42 205 204 2 53 115 127 232 78 23 74 19 247 27 143
    149 236 41 229 107 99 146 69 88 158 184 81 177 65 145 17 92 25 226
    205 198 162 80 233 151 240 120 242 177 173 44 157 142 110 154 140
    157 110 37 148 162 116 56 28 3 38 214 34 235 82 43 139 46 51 95 98
    160 55 201 87 81 161 35 78 136 74 214 84 150 94 111 146 158 77 28
    179 220 71 1 169 11 167 170 149 190 221 219 62 37 132 59 174 175 7
    125 108 231 197 224 171 53 12 93 136 153 71 18 79 117 222 73 131 5
    57 98 21 172 58 110 49 103 65 15 180 28 105 43 255 221 75 215 109
    220 169 147 71 145 122 28 62 63 162 154 87 60 171 132 106 119 98 30
    16 100 195 215 75 2 187 58 108 205 224 166 47 127 192 218 184 61 24
    115 102 54 57 35 69 141 251 34 26 89 152 99 79 227 186 13 109 173 57
    168 196 95 117 51 240 16 252 122 241 235 91 37 111 14 103 1 251 201
    38 34 177 35 193 51 87 224 5 24 135 83 149 229 87 28 167 36 226 65
    135 46 151 239 235 105 2 78 38 204 56 156 222 82 42 106 219 202 210
    143 82 231 134 157 60 144 95 59 148 135 8 126 255 206 194 47 41 43
    161 166 140 22 100 91 104 105 170 20 229 236 162 190 253 3 95 172 56
    8 97 70 31 180 230 50 72 115 139 212 197 113 27 139 235 88 168 177
    247 97 176 27 243 107 214 90 132 234 197 139 164 107 254 237 95 247
    118 148 172 204 121 157 19 133 52 207 234 135 229 39 37 252 10 62 9
    101 187 183 82 110 197 118 71 13 185 69 47 165 2 201 54 41 41 82 140
    211 193 87 79 159 129 97 172 69 54 1 172 243 241 44 10 233 47 235 96
    125 9 236 72 171 139 162 236 43 77 40 104 136 179 119 50 73 112 147
    150 193 18 22 113 218 123 160 27 222 134 121 60 214 109 83 183 80
    192 10 255 251 169 64 164 108 69 89 96 89 202 48 158 249 168 125 109
    245 83 238 69 140 222 62 81 130 7 201 36 147 150 136 69 184 149 105
    35 146 138 187 146 109 237 46 238 106 112 195 7 216 209 41 35 113
    251 119 119 152 189 212 139 68 0 227 23 199 5 77 48 35 1 97 247 154
    39 174 139 177 83 231 172 45 4 105 206 167 121 117 243 68 45 228 112
    155 38 61 150 188 114 239 153 234 159 173 138 197 209 123 47 254 233
    234 186 250 18 56 249 145 70 79 252 67 220 189 74 26 201 192 104 9
    88 45 155 35 158 156 96 216 15 93 192 141 203 154 4 46 67 0 117 221
    130 198 200 10 205 52 90 177 229 130 217 112 232 248 115 64 14 25 80
    204 38 179 195 237 130 224 102 164 198 127 101 75 38 238 134 19 106
    254 212 165 155 122 186 55 23 33 167 63 32 163 6 193 15 106 241 125
    236 42 81 164 25 255 249 120 26 243 232 5 120 176 210 201 206 110
    188 15 238 17 158 20 26 46 240 247 66 23 154 45 68 127 175 248 192
    213 6 243 47 48 85 174 156 218 49 16 47 143 238 126 38 19 246 10 2
    250 116 152 109 163 95 178 56 155 153 87 13 137 199 242 145 224 240
    76 118 66 93 207 52 161 254 31 151 24 43 141 27 243 96 162 24 164 86
    90 32 209 53 72 125 216 115 112 167 207 7 214 66 195 192 176 119 182
    212 63 160 166 142 155 14 65 72 125 64 170 69 255 197 106 204 72 135
    12 76 251 45 192 161 93 212 205 101 12 124 231 138 60 23 176 123 56
    193 83 76 226 106 183 163 38 156 33 219 128 4 207 106 81 126 210 42
    203 64 148 8 171 141 84 110 64 104 125 143 59 13 244 44 172 89 80 23
    253 146 188 216 139 49 20 191 20 9 84 241 171 246 1 66 133 237 145
    156 45 245 74 24 87 29 165 117 194 107 195 10 38 81 33 229 33 216
    120 168 190 54 157 86 183 101 112 90 97 125 192 163 249 175 147 0
    233 47 228 71 37 49 87 144 211 21 59 145 38 168 164 216 90 118 164
    225 190 148 108 140 216 122 84 255 148 73 34 168 91 43 208 70 82 187
    85 187 212 57 163 70 82 174 146 50 185 34 210 77 195 132 52 66 19
    111 216 196 228 244 72 97 237 37 140 205 0 109 211 112 49 153 253 84
    48 176 157 252 145 41 134 7 226 1 247 212 6 78 74 69 60 99 17 67 6
    56 3 39 152 245 77 159 24 39 66 53 172 198 22 35 122 140 177 229 104
    107 79 134 180 73 248 2 151 174 189 39 141 122 247 41 178 232 75 63
    208 15 116 176 183 67 55 104 75 138 125 14 115 191 230 50 247 39 103
    204 151 56 161 47 20 38 142 48 181 50 99 203 185 180 28 80 114 15
    196 177 150 85 95 78 216 76 30 250 33 75 14 242 243 250 70 99 112
    142 88 104 92 56 96 64 190 103 97 29 155 174 27 167 228 101 61 120
    132 88 245 5 126 193 229 57 91 112 150 208 240 125 221 89 240 29 176
    114 167 205 169 203 60 160 121 114 38 99 250 213 238 188 123 213 191
    246 246 14 136 59 23 167 234 222 232 247 43 20 235 234 216 100 247
    164 182 94 159 18 130 151 156 154 65 49 194 227 169 10 143 171 56 74
    41 57 23 155 117 93 19 27 169 203 21 122 97 198 116 35 174 154 137
    203 110 60 101 237 191 153 196 160 194 184 88 19 26 129 142 20 82
    214 166 241 74 57 131 55 15 80 211 157 219 203 188 83 44 113 38 52
    16 17 76 178 229 1 20 71 44 120 196 127 250 176 230 111 246 142 223
    206 30 232 17 116 183 118 116 109 83 126 12 64 65 245 231 61 197 173
    2 176 81 2 209 192 65 151 172 16 209 67 53 81 158 204 232 253 100
    205 218 171 166 22 206 181 202 152 79 214 226 191 52 33 88 17 180
    170 39 8 153 242 173 27 67 23 44 77 38 47 12 205 185 91 229 109 58
    179 203 142 21 213 27 16 210 34 33 183 181 133 15 9 206 169 112 76
    231 147 140 240 209 45 169 58 26 92 6 95 187 17 38 63 219 178 130 17
    136 49 103 163 132 122 162 75 192 66 170 110 111 252 14 225 182 32
    214 168 105 231 11 158 206 226 132 21 77 48 219 52 193 185 14 100
    184 81 41 124 120 99 134 145 14 16 166 218 71 67 66 211 200 24 27 11
    7 208 184 143 63 213 40 26 18 81 239 221 116 41 127 180 210 68 194
    164 124 199 233 158 16 189 143 116 227 100 196 196 125 213 148 207
    18 168 241 10 117 27 41 119 24 34 161 177 192 240 239 87 231 187 249
    36 82 227 138 96 255 172 94 0 181 210 248 152 26 9 27 102 141 85 80
    115 123 87 239 154 16 92 69 187 54 2 126 225 208 135 170 26 132 165
    8 196 2 81 176 181 99 218 205 229 6 156 11 236 92 188 28 202 235 160
    128 97 235 11 20 147 114 24 198 116 213 224 222 45 238 248 78 25 179
    8 103 134 94 85 251 188 115 199 75 40 40 137 166 21 5 55 119 231 108
    198 40 156 103 81 92 51 178 45 221 28 103 197 235 137 227 244 226 8
    123 231 44 207 84 172 40 157 186 3 206 111 5 100 169 188 194 25 242
    193 37 215 27 49 3 69 119 53 100 252 180 73 204 79 33 15 135 150 214
    3 161 26 125 4 104 34 135 23 98 222 135 105 132 82 61 107 218 5 32
    124 8 126 39 68 226 197 157 43 2 67 101 156 122 8 168 220 26 85 134
    119 242 203 135 149 50 72 162 111 203 187 144 227 254 176 124 39 129
    178 127 62 119 110 14 223 45 132 44 255 157 198 58 38 219 199 47 41
    56 231 30 146 125 44 88 247 2 50 27 91 145 99 191 65 13 222 2 230
    127 99 240 148 195 186 42 43 201 117 79 164 254 105 250 3 38 7 157
    195 84 140 27 244 134 133 180 214 101 42 97 203 201 193 63 156 132
    201 29 240 6 95 24 245 173 87 5 27 162 159 92 56 9 192 107 88 152
    170 87 80 178 184 139 155 223 222 152 77 50 208 223 157 128 198 206
    175 216 41 111 71 163 2 42 254 229 131 11 0 43 87 71 184 78 51 31
    229 86 232 243 230 97 74 185 179 61 227 212 210 145 119 124 66 194
    46 59 108 195 227 155 207 89 112 28 195 205 58 200 69 84 111 54 246
    132 21 133 180 167 149 194 158 245 12 160 190 218 16 130 121 52 54
    25 26 96 80 146 241 143 38 187 229 233 92 171 72 100 235 188 143 51
    222 124 192 32 2 190 112 180 21 199 34 120 113 203 125 41 80 21 229
    65 56 232 28 17 180 247 156 126 186 134 208 11 215 154 204 236 205
    32 61 206 248 102 38 66 76 54 88 206 195 23 75 105 193 226 52 176
    198 79 91 129 150 140 3 122 168 252 219 137 213 124 246 216 141 126
    1 98 9 250 22 247 59 246 215 40 204 183 160 85 168 98 163 155 55 184
    233 157 36 72 212 193 121 65 46 228 215 253 220 221 124 94 250 189
    248 169 250 117 85 33 199 87 79 55 254 109 87 90 225 20 24 174 207
    228 253 143 151 108 42 79 191 63 113 12 186 13 217 76 180 65 160 141
    121 121 124 87 155 218 243 51 54 186 11 158 254 64 35 11 88 66 71
    185 98 136 229 105 80 34 126 26 180 219 146 40 144 241 175 235 76
    112 18 89 118 148 102 195 101 89 213 124 155 78 62 247 116 154 7 186
    170 120 84 135 28 226 49 10 34 0 131 248 151 0 108 96 104 219 151
    230 132 74 224 215 73 42 172 65 193 157 97 22 72 216 255 169 81 102
    14 164 106 67 234 68 70 50 101 47 91 10 115 110 127 93 218 175 8 143
    11 198 168 195 66 210 150 216 169 174 45 53 51 234 242 67 3 75 45
    214 16 61 104 129 76 123 80 180 215 58 4 160 104 14 175 84 3 128 44
    232 234 182 25 2 237 59 120 155 153 108 59 235 195 97 187 179 115 10
    57 87 217 232 219 31 98 222 158 35 216 130 55 157 191 93 119 49 179
    58 96 202 82 102 122 40 11 10 199 76 86 62 158 64 198 133 231 169 16
    24 42 38 237 123 165 213 177 184 184 147 88 224 95 239 247 81 104
    114 47 223 174 43 45 72 166 56 231 113 215 9 200 228 62 186 251 109
    177 175 247 103 214 103 212 247 188 128 239 20 22 221 186 46 157 88
    131 227 95 197 89 194 229 5 214 197 110 224 117 134 55 160 79 97 152
    3 254 207 99 39 21 220 83 102 29 42 192 20 144 111 40 248 189 87 72
    93 106 34 233 62 8 132 245 31 93 173 159 172 82 126 40 95 58 19 2
    142 107 248 16 161 65 65 197 46 175 1 32 191 176 105 82 247 82 133
    189 195 141 254 248 30 8 137 173 122 43 84 198 125 152 103 215 113
    241 25 217 247 210 18 55 236 165 161 115 136 158 246 177 144 3 138
    134 190 205 199 173 227 134 151 66 149 164 118 245 139 84 134 145 7
    197 45 6 137 145 210 194 224 136 54 153 237 50 28 127 141 104 177
    147 245 102 82 46 167 51 140 234 118 229 119 12 228 125 231 133 135
    83 237 167 0 226 164 46 74 81 174 214 115 18 176 170 49 56 126 132
    39 250 60 238 71 239 50 187 72 221 4 148 146 46 3 148 136 164 153
    120 121 192 160 237 149 3 112 125 197 83 220 87 67 7 31 146 251 99
    181 187 1 54 55 203 39 178 79 66 12 216 170 205 82 180 122 37 28 47
    37 130 122 209 231 82 231 155 74 30 20 134 114 127 228 191 158 192
    72 43 27 127 75 4 78 154 184 246 107 100 62 148 138 57 218 56 97 195
    125 5 59 160 120 29 167 68 133 104 213 106 110 104 15 135 102 207
    167 230 49 234 212 68 93 198 156 0 137 4 120 210 85 47 192 120 172
    25 211 211 149 152 152 79 151 136 11 209 15 68 158 210 158 100 232
    128 137 128 28 135 227 12 138 35 172 90 66 93 237 151 114 96 129 245
    252 106 187 94 24 193 199 143 90 215 62 254 91 84 79 246 0 81 169 45
    137 0 202 32 40 85 23 108 122 154 123 19 210 148 104 44 207 150 53
    80 44 64 107 171 8 76 157 228 48 104 190 222 175 158 59 87 205 123
    194 227 39 120 131 127 110 147 15 9 98 59 88 180 253 140 80 192 228
    121 208 34 183 149 225 148 1 51 129 79 48 199 99 39 215 48 214 241
    39 119 92 186 27 29 205 14 87 76 161 236 204 254 149 190 41 177 15
    173 21 70 7 222 66 233 95 187 40 168 127 151 160 88 143 32 46 132 40
    23 135 225 151 201 64 0 212 250 88 207 157 155 228 156 60 85 208 181
    13 216 1 93 176 78 33 204 156 243 59 18 126 167 227 190 186 220 90
    216 101 91 202 209 214 56 232 154 220 244 38 243 187 246 145 136 43
    230 236 147 117 214 71 53 19 191 250 138 202 152 7 7 120 104 221 6
    75 150 101 224 70 16 52 184 36 174 39 255 63 197 96 189 163 175 253
    91 136 136 150 139 123 118 90 93 30 150 251 120 84 55 202 96 109 83
    73 110 17 70 207 39 50 167 82 215 61 133 203 27 255 45 74 125 224
    115 100 9 9 9 91 52 246 120 95 58 5 3 209 122 116 254 42 111 104 176
    185 109 39 73 222 173 144 254 248 243 117 5 54 160 215 20 153 194
    246 245 78 209 193 56 114 74 57 44 224 206 30 219 19 40 55 141 129 3
    208 241 17 108 42 65 205 46 31 238 89 156 74 36 166 177 99 29 43 58
    163 94 174 193 243 230 237 105 3 223 56 29 97 145 236 82 34 133 171
    148 118 14 247 38 79 43 115 127 248 57 121 218 74 76 198 105 103 33
    81 27 167 109 1 216 106 57 12 220 72 26 59 245 146 50 147 124 149
    105 10 154 59 48 181 215 190 237 159 26 48 179 30 70 217 21 32 79
    191 223 25 92 34 71 69 255 20 204 228 141 127 6 82 150 221 37 145
    194 68 160 119 182 84 88 15 113 146 0 95 39 202 87 127 72 14 84 208
    132 250 2 100 70 216 127 95 217 42 215 149 102 22 252 47 106 221 233
    64 113 187 96 85 147 166 5 150 41 52 155 196 102 131 205 210 197 156
    152 154 30 152 124 71 105 170 253 14 201 169 248 155 41 208 95 208
    157 127 148 186 251 28 218 0 41 65 109 96 175 232 97 198 38 123 97
    197 189 121 40 71 9 39 147 59 199 213 15 212 217 156 8 6 131 228 8
    48 133 108 206 122 86 46 87 91 204 114 147 118 166 114 238 223 218
    223 124 111 229 125 62 197 170 13 152 30 74 167 84 203 98 7 225 166
    98 138 239 16 236 158 208 235 199 184 27 176 76 170 47 191 237 128
    50 26 238 51 141 153 194 122 146 11 10 161 214 211 214 236 87 163 35
    98 28 200 162 253 17 120 205 153 180 194 152 113 106 88 180 98 77
    143 122 121 58 134 222 95 63 123 172 122 88 124 222 55 189 90 100
    137 53 0 179 207 210 189 88 64 207 117 246 196 181 141 134 197 12 15
    153 182 71 124 75 102 169 204 140 62 38 206 110 93 153 162 14 72 25
    255 180 15 249 166 191 224 120 11 145 67 142 42 147 167 126 209 171
    191 49 248 59 47 76 141 63 79 112 179 161 63 142 130 30 250 201 106
    84 128 153 99 154 154 217 156 164 245 196 227 104 168 37 252 157 255
    15 120 24 157 159 212 243 164 81 101 55 176 246 85 60 85 145 201 4
    204 195 128 121 55 254 151 94 133 6 155 198 119 90 9 132 243 232 57
    18 132 211 47 87 33 236 210 229 177 231 56 244 123 188 62 231 190
    134 111 194 234 197 118 210 87 104 79 72 200 228 243 73 105 28 87
    136 93 76 241 0 87 24 14 193 31 150 73 68 242 78 196 212 105 221 248
    89 52 28 130 196 147 147 8 166 27 80 35 69 93 253 1 219 172 48 253 7
    98 146 106 168 97 223 162 200 250 45 239 102 222 239 52 199 229 105
    71 188 105 77 69 161 26 110 15 149 116 108 247 174 168 243 178 37 53
    128 58 13 189 50 119 45 25 5 158 128 13 153 98 199 23 239 245 169
    145 30 19 159 143 153 16 62 114 53 123 196 79 159 184 37 50 200 202
    89 80 89 57 198 180 26 138 189 90 74 61 130 179 109 24 254 125 33
    185 68 120 58 88 147 71 13 59 198 33 238 203 47 96 90 103 13 30 12
    246 233 87 132 173 98 51 26 62 177 19 70 204 42 250 33 161 253 122
    126 117 238 116 4 121 6 58 230 59 109 222 66 236 76 180 137 165 77
    182 233 155 154 73 26 142 116 113 148 155 71 241 4 81 103 53 215 210
    82 196 248 176 119 17 70 170 133 131 99 255 59 156 152 80 2 143 141
    188 42 40 123 139 246 161 133 92 202 77 166 253 120 133 2 103 26 136
    54 14 202 81 13 183 168 168 164 43 228 200 129 84 179 86 48 248 60
    67 106 115 63 28 151 54 102 252 63 253 167 53 37 197 193 94 225 8
    242 50 30 137 37 26 12 11 71 137 167 232 90 71 209 123 189 127 134
    101 233 121 59 250 57 77 66 225 197 162 34 156 248 139 55 63 77 150
    188 60 187 28 190 31 209 43 116 55 16 145 178 118 29 32 201 25 135
    216 131 59 219 227 28 122 201 13 218 101 240 125 186 224 203 48 209
    198 196 183 235 45 83 219 77 205 10 99 208 174 114 254 252 64 80 47
    219 23 6 247 144 21 61 54 205 152 180 123 234 217 48 19 120 150 185
    108 61 92 148 94 226 230 232 69 73 143 183 233 225 194 86 92 48 81
    195 248 189 165 97 20 87 95 166 97 224 2 139 249 212 22 92 149 209
    84 149 98 186 84 231 129 82 80 44 242 119 29 241 74 14 16 240 158
    108 45 180 215 86 116 78 130 39 194 99 48 242 238 239 133 207 138 65
    113 109 18 16 248 172 104 103 118 126 152 101 240 148 45 196 183 131
    245 211 139 165 204 169 115 139 194 248 234 54 124 81 89 178 230 92
    197 228 230 66 47 156 14 102 41 133 105 219 251 122 172 64 168 43 3
    147 128 167 27 245 71 37 235 11 172 100 194 72 80 50 105 118 163 60
    207 118 206 161 123 15 193 41 79 63 180 222 191 99 116 172 78 132 21
    43 10 201 110 199 134 59 80 245 104 217 133 211 96 45 200 52 35 240
    27 113 2 232 192 108 88 232 110 79 190 233 76 213 135 183 46 246 40
    179 220 111 24 174 121 125 22 149 117 121 0 71 86 177 90 193 155 57
    35 217 248 236 75 43 43 13 51 113 174 106 167 57 233 240 98 61 244
    249 70 226 2 44 2 104 58 71 5 135 172 17 226 108 65 192 236 41 107
    156 45 227 232 56 66 210 180 96 252 111 205 153 113 241 31 129 245
    58 146 221 72 247 4 140 162 6 103 213 70 99 60 71 19 152 234 47 86
    109 186 177 243 167 49 112 12 36 9 255 203 238 11 107 196 213 20 47
    87 54 133 200 211 155 72 46 62 98 120 102 39 157 213 248 246 54 21
    44 176 212 235 180 101 214 133 70 4 177 111 205 18 148 48 236 38 208
    205 170 66 94 236 49 244 224 142 35 84 125 8 145 31 153 243 76 210
    26 0 121 66 76 173 24 102 144 214 36 14 20 65 219 124 45 119 94 28
    16 96 237 8 77 122 222 100 240 184 151 179 160 137 82 21 58 179 249
    76 39 171 3 242 96 185 146 16 22 216 186 236 246 48 89 14 130 170
    132 79 3 228 6 93 181 70 75 158 164 119 9 100 171 54 127 124 157 52
    51 140 144 213 181 202 111 89 21 211 101 195 78 207 128 163 47 73
    224 132 158 77 46 22 172 79 143 112 227 249 62 34 221 63 28 133 117
    114 101 16 227 10 25 227 14 140 243 51 29 96 87 26 217 196 24 195 71
    198 9 246 10 129 184 180 16 76 40 201 244 164 44 88 245 165 165 112
    120 79 114 250 205 223 246 56 4 197 128 80 194 129 113 132 69 197
    107 62 146 36 233 1 123 191 181 232 88 96 69 169 176 123 73 72 197 3
    41 210 145 106 163 29 183 1 19 216 17 124 46 155 152 85 130 219 154
    148 20 225 238 248 7 87 102 110 105 40 197 7 79 169 57 161 194 21
    180 210 40 167 136 198 121 160 37 73 25 154 211 222 254 63 241 243
    123 227 193 122 139 144 94 214 2 160 214 162 79 182 161 124 233 232
    42 107 186 184 241 73 235 63 147 107 58 218 1 208 10 61 14 36 186
    140 84 105 218 37 118 196 102 197 10 68 188 65 95 245 140 141 99 251
    132 180 5 181 9 201 74 135 170 174 107 21 36 131 200 169 102 170 45
    103 14 99 108 20 199 17 10 11 79 181 11 143 14 31 184 78 105 99 92 6
    244 88 58 117 8 233 228 110 50 191 180 101 240 4 215 199 108 73 255
    14 59 106 187 194 15 253 118 112 244 117 9 244 121 21 23 5 188 56
    161 141 204 138 112 252 101 144 157 179 195 58 165 72 196 209 87 200
    89 11 59 143 206 138 223 50 252 191 255 178 1 27 149 117 54 133 23
    140 116 165 190 27 145 203 211 110 153 149 149 231 45 161 209 88 22
    243 41 172 243 18 48 107 233 250 244 127 194 4 226 155 112 55 126 22
    234 7 24 108 156 164 101 60 126 205 214 181 196 44 111 8 240 168 56
    231 93 51 201 12 176 28 212 234 24 67 23 207 198 135 122 188 147 175
    214 193 88 19 59 236 89 194 105 209 37 187 68 5 196 236 59 122 232
    238 62 28 119 94 121 114 129 171 242 10 181 129 142 225 43 220 226
    57 170 33 80 175 39 41 30 7 174 185 177 131 215 133 120 40 246 38 21
    232 149 110 173 76 142 229 66 128 5 225 175 57 169 73 127 249 48 230
    252 8 21 164 166 62 136 192 216 165 131 15 37 171 34 79 130 94 176
    132 5 37 43 226 124 23 231 249 210 170 241 227 129 161 131 200 46
    192 98 80 57 118 240 241 205 58 23 15 80 109 181 141 165 114 174 39
    208 33 44 155 120 148 119 25 86 97 23 157 120 53 106 138 130 10 177
    123 144 216 49 88 58 72 20 252 114 96 133 252 239 234 1 146 73 86
    158 191 103 156 26 57 182 198 175 132 68 16 224 150 191 17 114 236
    186 249 160 81 1 188 235 250 40 227 80 130 199 214 43 249 39 249 28
    209 198 250 180 105 34 54 142 111 179 194 92 3 151 55 37 191 164 66
    95 213 93 104 53 44 47 40 62 247 47 110 103 72 182 233 248 104 81
    163 26 118 112 212 236 248 213 168 126 137 180 7 11 48 244 167 9 239
    75 128 246 245 124 142 127 17 243 55 29 34 176 15 140 223 118 109
    241 240 198 19 92 161 232 129 65 128 78 242 92 172 162 216 230 90
    158 212 205 185 3 140 75 150 160 8 3 39 160 156 146 99 114 151 128
    71 201 175 51 155 223 223 204 76 196 123 245 240 169 30 41 248 33 7
    183 197 30 82 172 42 157 18 153 83 154 241 49 76 15 251 88 64 104
    219 36 135 17 236 71 133 145 246 85 24 158 97 163 216 154 55 157 210
    153 164 158 183 3 13 189 11 167 209 54 95 50 210 178 86 97 58 232 16
    247 125 151 33 229 152 207 61 64 155 42 75 158 58 100 218 34 71 91
    16 69 25 56 53 102 37 206 229 219 109 57 234 107 150 119 107 90 226
    77 1 62 27 240 119 95 208 111 79 151 45 162 27 2 42 40 153 216 93 26
    229 68 7 255 17 177 217 171 219 173 119 232 37 236 114 244 65 8 88
    212 40 81 172 67 96 127 223 206 245 201 60 29 0 95 96 122 235 214
    218 137 69 239 41 6 22 42 212 180 91 77 244 205 126 133 52 102 169
    154 102 255 99 149 132 210 192 193 250 33 75 98 29 199 123 45 145 29
    74 28 157 102 30 175 245 134 240 12 53 212 177 189 2 0 154 203 205 3
    118 42 175 6 247 152 253 198 121 215 83 203 77 39 88 93 11 225 194
    197 79 142 221 122 144 221 230 199 139 101 72 148 56 222 38 49 190
    47 7 115 71 42 42 69 75 141 3 161 5 127 78 90 61 52 142 152 176 8 87
    62 127 239 1 79 234 55 102 10 50 29 209 174 76 19 217 91 88 2 43 146
    22 40 79 132 67 238 191 130 30 169 109 95 206 131 219 79 201 172 199
    94 116 232 133 118 185 215 148 90 57 10 179 218 225 15 208 219 92 58
    183 192 56 216 133 180 95 82 129 0 244 80 87 4 90 237 64 60 27 189
    174 19 71 165 7 68 150 16 198 36 44 232 8 175 193 16 159 46 93 66
    236 22 12 50 253 220 196 37 109 147 241 69 102 249 229 43 80 136 91
    26 79 235 139 163 220 240 118 9 65 135 134 98 206 252 187 41 76 66
    88 122 72 109 66 2 23 232 54 226 252 222 191 121 181 93 27 208 104
    173 233 147 22 8 150 91 148 210 213 117 248 122 5 214 228 6 17 112
    46 190 250 87 5 118 85 49 45 60 134 50 53 194 109 121 242 161 109
    132 148 78 55 82 225 76 99 208 84 243 180 189 208 200 234 110 198
    140 250 195 246 250 130 108 118 46 192 180 241 51 189 137 165 40 16
    124 157 202 133 118 123 0 134 203 221 138 159 126 208 24 174 174 230
    80 95 60 114 3 0 154 163 129 238 136 73 62 230 249 27 159 212 93 188
    148 207 37 27 185 225 213 218 32 182 127 33 55 223 128 88 249 0 96
    162 235 22 58 67 145 251 107 0 44 210 96 104 41 240 75 222 105 224
    37 68 114 250 170 24 138 111 171 105 161 119 182 167 105 45 123 236
    199 171 216 102 145 140 47 194 47 238 161 108 214 159 78 191 250 196
    227 239 247 232 27 215 84 171 151 183 14 122 114 45 224 145 38 87
    191 121 29 100 252 143 191 161 197 107 67 86 230 4 164 107 90 207
    141 250 68 115 65 64 92 55 213 2 58 14 176 142 118 61 102 91 235 234
    42 22 62 187 252 70 35 91 9 188 106 129 15 145 122 171 20 233 18 209
    207 8 21 221 107 123 233 66 108 81 145 197 32 179 160 212 82 17 2 72
    138 182 37 30 138 84 218 164 43 171 106 122 21 164 205 111 64 45 93
    20 81 106 78 99 207 200 219 233 203 114 123 116 6 207 242 20 227 214
    249 234 71 150 9 170 85 138 210 0 12 170 134 123 156 114 197 96 193
    216 53 239 152 87 67 216 182 152 224 51 53 34 85 152 90 65 231 212
    137 140 44 152 240 54 66 72 91 203 117 6 7 44 181 71 195 35 23 129
    152 18 66 248 55 227 91 144 119 159 187 79 58 2 69 190 196 4 38 40
    104 242 17 10 146 117 248 227 216 238 221 101 172 0 66 178 32 195
    242 169 27 19 173 54 147 113 152 145 255 124 18 52 212 57 0 135 17
    12 10 42 248 176 39 122 29 246 200 20 153 134 158 166 229 64 13 60
    207 235 138 234 114 248 202 172 209 113 128 181 165 174 6 229 136 0
    105 10 192 203 221 194 226 129 205 144 46 150 214 196 55 152 50 190
    152 213 64 123 110 59 250 107 219 47 89 164 123 181 151 64 178 191
    191 161 22 73 16 84 84 43 42 126 157 196 151 151 75 124 241 145 101
    107 245 231 62 84 127 203 152 115 190 220 156 8 226 189 232 20 190
    89 76 62 20 119 13 47 156 198 232 245 247 199 234 205 120 184 191 66
    217 10 10 45 48 153 183 200 71 109 230 53 2 73 95 166 128 50 183 116
    138 249 132 118 141 124 214 151 211 142 44 146 109 142 35 18 35 19
    10 168 28 56 255 36 31 99 130 182 176 67 238 29 152 53 199 40 186 26
    240 46 252 13 8 155 251 56 65 234 79 123 176 35 247 141 46 104 88
    222 28 109 186 156 203 201 250 8 37 203 197 62 32 107 25 208 1 183
    42 143 148 175 123 231 247 235 251 255 187 223 89 166 237 124 72 112
    121 201 199 98 7 176 96 88 213 149 92 81 213 197 173 136 187 239 155
    224 152 221 91 191 114 29 127 162 195 156 248 233 74 233 229 97 116
    129 75 184 252 225 125 0 34 15 10 35 108 207 22 236 232 73 169 216
    243 40 58 195 146 55 2 108 55 80 210 237 80 75 130 13 153 129 133
    217 58 204 21 74 210 153 9 152 19 174 97 57 240 23 62 214 63 149 99
    253 208 100 221 250 62 150 137 175 159 111 0 13 136 153 136 215 149
    59 201 211 141 165 147 234 175 96 220 101 77 145 137 106 80 42 74 25
    245 60 66 252 152 60 250 232 225 198 59 253 52 226 137 205 96 142 57
    90 86 39 63 153 91 228 85 190 125 60 170 149 224 9 96 97 37 252 211
    240 81 78 82 166 196 95 248 250 32 116 65 237 61 170 181 27 199 100
    3 57 31 190 242 57 187 209 235 43 164 3 136 230 155 227 171 138 61
    173 109 238 211 53 195 250 76 252 146 215 42 114 46 237 160 120 88
    211 9 79 122 13 191 154 128 203 87 187 240 216 175 239 153 185 126
    246 35 30 206 111 183 130 89 85 83 60 128 210 235 76 135 99 157 59
    253 151 115 194 24 2 93 5 218 125 233 173 130 166 163 68 189 8 108
    138 132 246 171 176 194 155 195 119 15 113 240 66 243 93 241 103 22
    37 121 46 124 132 72 127 144 254 165 235 14 102 203 6 44 142 94 126
    69 75 23 36 149 131 138 67 111 67 246 16 6 120 130 71 186 198 111
    169 79 202 85 53 169 176 85 56 86 146 249 187 97 239 33 101 177 45
    13 170 74 38 208 213 47 252 12 154 223 156 239 112 207 22 74 75 183
    7 44 42 155 124 191 35 174 231 180 109 118 177 37 245 2 251 133 141
    28 203 132 250 251 152 220 200 42 183 122 232 214 213 189 15 241 141
    54 216 96 139 152 0 84 244 37 34 19 244 55 132 252 26 93 103 54 115
    77 79 39 44 26 27 224 120 152 32 115 105 27 22 185 94 194 241 173 69
    48 57 226 199 215 142 85 33 205 94 82 148 86 30 167 178 217 246 64
    242 27 177 164 58 230 70 124 163 198 199 189 237 63 63 238 69 172
    140 207 92 173 32 166 101 4 57 179 51 5 225 154 158 137 37 111 129
    208 193 95 152 234 186 100 171 105 73 144 233 69 126 17 91 174 57
    252 31 169 9 74 228 236 254 59 196 29 121 97 23 198 167 18 64 25 87
    2 232 226 1 15 221 137 47 234 183 100 28 156 0 190 47 8 244 148 185
    33 131 116 214 37 34 88 96 30 157 182 231 54 249 179 195 230 229 99
    195 105 187 47 101 254 20 167 253 94 87 70 34 66 110 163 16 202 117
    128 13 92 41 106 241 137 251 223 214 240 108 215 139 77 65 249 228
    168 165 139 135 191 153 230 174 191 182 232 99 209 179 94 144 31 7
    142 92 145 193 237 222 82 36 148 27 122 167 48 150 20 16 111 48 26
    175 30 190 169 122 71 193 85 242 45 209 131 112 218 166 28 92 32 97
    102 90 147 187 193 95 0 189 241 145 111 197 99 15 98 245 22 219 153
    242 212 209 25 34 62 76 148 63 62 105 154 201 95 126 164 202 168 45
    44 108 221 71 59 16 150 218 99 191 88 254 21 66 207 22 120 167 118
    156 137 96 12 140 81 112 65 83 233 96 187 50 57 230 222 83 217 30
    246 138 206 210 70 188 66 188 188 181 16 27 254 16 194 20 144 199
    231 52 224 159 203 99 149 129 53 48 107 167 164 47 136 176 65 147
    115 203 128 135 164 132 206 33 158 236 30 55 146 199 96 136 220 220
    86 131 129 58 49 183 47 215 167 14 128 161 251 168 111 8 255 181 22
    221 103 251 51 69 116 101 254 74 165 80 211 233 88 249 196 211 6 97
    133 241 48 93 144 129 33 55 178 60 56 217 10 81 239 208 16 76 202 41
    220 186 220 223 59 179 140 95 64 20 105 65 185 128 87 137 2 144 39
    89 114 44 57 190 160 197 84 10 239 177 239 138 165 14 2 123 142 252
    19 147 212 58 173 167 195 15 80 243 27 92 207 226 40 216 78 203 145
    243 116 60 32 79 152 196 96 187 12 72 241 171 57 152 241 22 236 77
    17 168 4 9 35 37 236 70 209 186 241 43 177 114 229 232 97 252 124
    176 118 80 50 48 36 142 67 31 98 38 52 98 63 149 80 129 120 7 153 88
    33 200 203 55 118 195 99 138 56 127 161 156 161 137 124 167 223 222
    152 34 124 15 116 251 193 55 150 197 97 130 195 115 54 13 136 238 80
    118 248 238 175 107 116 240 12 192 253 89 119 118 78 113 245 191 109
    139 122 79 176 230 172 32 218 119 89 182 47 147 45 135 129 191 23 89
    35 253 208 69 51 125 16 22 169 91 80 184 123 95 146 162 174 199 164
    78 54 36 32 29 135 102 207 22 136 143 55 56 128 196 67 215 119 235
    166 47 247 42 156 116 69 179 181 251 220 216 123 128 91 229 237 91
    211 240 249 172 138 58 247 110 30 157 254 176 167 183 177 134 221 60
    178 162 100 91 128 221 172 49 188 69 137 165 174 48 196 6 45 41 213
    77 209 190 226 57 159 12 143 171 66 249 186 96 97 81 77 3 178 197 41
    100 24 71 23 43 124 83 112 207 29 111 249 95 231 187 1 111 46 19 166
    100 51 180 222 219 97 145 137 216 57 96 173 60 177 175 253 34 70 75
    64 104 231 110 199 103 25 195 158 165 164 47 112 125 141 23 197 130
    204 47 37 49 225 17 243 46 66 231 111 99 225 167 146 47 212 152 114
    59 105 206 225 205 90 103 33 27 178 145 17 97 203 154 36 251 242 154
    96 21 148 72 201 182 238 242 20 76 219 199 149 28 124 161 207 170 95
    112 203 240 83 144 107 105 83 112 241 140 80 202 133 82 226 161 211
    200 171 195 130 198 71 132 154 228 78 116 41 197 168 255 120 200 182
    238 32 9 29 144 202 232 5 2 162 5 183 226 20 24 40 247 252 28 166 81
    168 159 98 159 28 88 29 183 177 70 171 233 85 250 39 236 90 110 225
    132 58 81 162 155 14 228 225 135 100 26 98 240 254 45 106 54 161 148
    139 122 7 103 81 132 4 75 148 63 48 25 25 171 163 242 47 84 35 49
    188 24 203 191 154 15 106 110 40 103 15 21 127 149 104 85 213 22 147
    174 236 185 208 252 18 63 107 162 253 57 43 188 54 55 224 11 185 129
    222 200 124 194 230 20 251 214 134 205 22 48 113 80 209 230 187 214
    185 104 10 161 37 213 169 30 195 151 84 200 194 116 183 232 234 34
    83 119 110 51 1 249 190 161 183 220 223 156 241 113 251 232 3 92 81
    113 131 7 109 82 30 212 73 145 43 235 57 205 139 79 173 126 230 200
    191 250 179 13 160 177 209 162 193 143 139 55 53 181 109 26 43 135
    68 155 114 187 40 150 84 61 179 197 252 132 0 19 218 60 45 139 211
    227 95 42 43 200 188 188 96 213 116 116 35 19 186 244 225 76 54 147
    204 222 137 144 195 165 128 249 76 60 71 190 188 38 192 99 231 86 68
    149 109 146 218 205 2 9 188 194 91 214 240 65 229 240 136 91 98 155
    206 232 78 75 10 132 124 230 121 29 106 159 115 163 211 155 213 32
    93 42 8 67 220 174 109 107 147 106 12 6 177 221 12 20 142 162 168
    206 59 177 214 237 58 70 216 222 206 11 132 182 132 209 131 129 179
    87 165 41 130 106 4 12 215 235 188 123 80 156 37 66 245 178 152 144
    216 140 155 85 82 195 234 244 11 58 230 46 44 151 165 187 192 144 60
    95 75 200 142 121 232 20 216 69 67 244 126 165 17 19 163 215 143 72
    105 70 157 129 120 171 147 52 191 142 76 25 65 131 46 244 115 177 26
    228 142 236 192 59 69 126 40 149 116 78 86 161 134 21 230 236 228 55
    189 243 7 232 214 56 72 109 52 34 120 96 37 120 176 110 119 68 2 88
    74 14 48 221 210 41 245 194 113 42 235 253 175 33 118 131 15 174 239
    153 38 151 216 144 164 231 137 2 44 40 201 219 10 207 174 229 214 62
    124 11 207 109 139 36 251 139 253 241 161 167 62 63 233 89 142 214
    97 249 255 131 237 71 94 76 232 30 211 60 125 43 89 170 79 159 11 42
    16 86 177 132 21 56 235 153 43 246 183 159 113 57 57 51 244 179 35
    87 20 130 180 16 156 250 198 44 254 30 71 143 253 72 177 245 214 16
    90 193 191 254 241 196 189 240 119 187 234 176 70 202 102 3 142 44 6
    37 29 19 183 95 35 28 175 242 22 133 99 135 71 71 15 194 146 44 236
    82 151 13 147 182 71 64 146 240 194 161 22 63 233 150 119 223 200
    139 140 18 228 252 118 18 22 204 138 234 69 82 170 113 76 110 227 72
    143 215 118 255 154 23 224 202 234 219 129 140 164 103 111 72 196 15
    11 211 127 69 1 141 154 204 212 238 52 177 17 178 1 81 157 175 243
    199 100 70 159 170 91 0 243 54 244 191 122 2 240 222 91 99 127 12 69
    200 250 51 34 2 88 48 42 12 9 149 17 242 69 47 85 178 12 128 83 77
    56 82 170 31 179 231 54 225 206 28 129 147 37 190 69 50 49 86 102 33
    187 83 35 192 232 254 42 14 52 121 171 99 9 1 27 118 134 80 82 104
    147 94 220 251 93 29 133 34 236 244 172 25 200 85 6 235 147 154 137
    150 83 55 60 110 23 214 38 47 246 226 221 62 207 75 179 155 225 135
    57 216 150 144 38 177 77 237 2 140 26 69 158 67 202 65 19 146 241
    192 121 73 102 143 84 117 73 48 28 170 248 21 132 151 54 49 165 76
    132 71 179 223 34 217 119 213 69 178 241 231 31 155 93 13 32 159 49
    206 187 148 79 116 112 64 152 219 10 185 55 65 61 246 35 39 150 86
    226 95 101 235 49 11 159 66 209 224 221 56 236 44 165 18 157 11 12
    128 131 204 173 174 222 5 73 193 36 179 36 245 214 132 0 118 198 50
    198 189 51 70 136 208 95 117 12 63 238 248 120 252 117 113 179 180
    42 98 129 172 159 167 148 77 227 22 10 116 217 229 86 68 6 103 53
    127 185 114 172 11 99 65 252 19 246 201 210 95 195 87 65 89 54 196
    102 159 189 242 187 231 107 152 76 43 61 201 251 90 164 95 168 180
    132 154 38 237 34 237 238 198 67 135 95 92 26 233 111 127 76 147 125
    40 161 28 38 128 141 14 114 233 50 191 12 227 110 25 30 44 127 25 65
    11 19 49 112 22 209 29 243 201 254 58 56 204 195 13 90 17 157 252
    220 145 87 30 201 123 238 6 114 233 18 203 189 243 202 40 192 54 159
    236 89 25 51 113 61 60 40 137 79 121 166 67 104 58 220 236 184 133
    98 204 153 95 135 35 214 243 26 66 8 57 119 117 188 204 200 186 96
    72 49 231 195 185 170 155 77 167 175 153 52 63 118 73 202 203 227 27
    164 209 167 76 173 49 8 119 205 101 112 237 50 170 162 214 23 169
    185 130 216 57 112 156 130 4 173 125 65 231 49 117 27 230 62 59 180
    202 187 221 88 33 121 196 205 40 77 208 33 221 195 90 100 185 71 119
    113 33 31 61 207 5 160 147 202 145 181 215 2 99 86 196 114 242 84 50
    150 219 133 169 27 87 222 237 77 126 103 130 34 0 128 177 154 179
    223 229 80 133 55 140 25 198 82 32 9 233 246 197 34 198 82 104 110
    25 49 136 248 140 252 133 24 179 122 91 125 28 227 218 247 247 91
    212 209 106 135 254 43 172 245 222 244 143 148 180 9 47 186 38 59
    243 201 125 172 69 6 44 182 5 127 100 46 149 166 238 119 141 248 101
    125 3 32 26 140 130 62 189 213 184 182 106 98 1 140 96 35 99 154 152
    131 241 154 85 48 113 171 46 23 72 75 205 203 89 188 84 183 197 29
    174 69 240 211 146 235 5 5 84 231 199 178 228 127 207 156 93 23 10
    101 66 184 96 73 201 131 65 239 138 190 36 28 190 132 23 203 240 57
    77 221 83 37 109 9 254 41 185 1 151 239 30 27 208 142 177 69 85 179
    166 34 84 36 93 143 112 249 245 16 244 200 167 54 69 178 194 233 205
    184 134 88 14 253 219 131 250 186 190 101 16 191 37 111 15 157 246
    215 247 5 216 104 10 34 244 51 229 109 212 230 25 56 136 64 4 206 1
    25 254 136 77 126 158 132 195 201 211 170 72 171 227 162 122 0 129
    244 189 21 52 92 47 115 13 29 99 246 11 144 0 34 73 231 91 149 176
    58 248 35 85 94 138 232 45 239 174 73 40 94 230 220 210 219 180 234
    145 169 246 122 237 4 126 71 205 62 100 204 115 131 250 17 19 84 31
    28 177 196 216 96 243 113 92 151 217 101 100 122 44 238 124 118 113
    226 127 164 186 232 69 134 190 163 5 93 7 216 129 174 70 164 138 83
    122 123 100 199 88 255 181 137 236 183 221 154 166 219 103 51 35 233
    6 160 153 251 227 101 112 80 9 227 162 138 214 38 97 77 5 102 234
    252 169 49 224 196 246 253 206 73 15 253 191 124 27 124 160 52 183
    42 225 73 59 240 97 244 173 32 161 9 109 195 72 196 33 185 148 135
    115 21 221 20 228 244 180 130 42 20 29 78 250 177 4 113 173 36 72
    131 13 222 43 19 149 24 23 115 37 211 170 228 119 109 9 60 179 102
    186 19 150 59 68 195 218 203 192 16 147 183 93 78 39 240 18 243 189
    167 51 255 186 44 28 61 53 232 164 113 250 253 138 238 67 126 95 48
    38 142 93 179 4 188 226 41 71 239 123 36 235 210 118 45 152 54 107
    109 24 72 203 151 138 13 213 242 251 104 183 120 76 176 2 142 130
    216 11 14 120 127 228 226 199 86 95 230 68 226 70 221 79 137 102 124
    85 95 31 172 179 186 164 33 168 134 152 5 252 35 0 56 254 0 93 62
    123 68 212 235 199 199 132 139 150 201 26 163 12 15 54 46 115 144 12
    168 64 237 118 141 138 204 26 138 57 152 73 81 102 37 177 214 2 84
    79 55 246 210 68 67 234 234 113 174 120 255 28 159 200 239 158 53
    254 50 115 235 17 119 185 143 128 31 203 255 151 252 252 214 92 95
    197 164 185 157 180 43 237 180 91 54 105 131 65 223 248 9 238 81 124
    10 174 205 199 63 209 90 85 250 66 185 188 216 104 110 2 237 211 5
    143 240 125 221 152 113 202 27 169 16 7 107 56 1 66 214 120 12 158
    217 0 227 75 192 42 220 198 139 158 248 183 245 120 17 194 132 223
    38 37 183 193 161 25 159 49 75 166 152 121 28 234 216 140 204 245
    207 149 162 128 246 235 148 58 132 180 88 191 14 223 144 76 71 112
    234 49 34 37 76 80 26 18 27 217 202 104 82 229 20 49 252 31 76 68 33
    25 244 73 110 102 154 178 82 82 109 188 134 185 122 2 201 160 60 189
    189 131 106 34 70 211 31 196 226 7 140 231 52 25 82 209 181 20 73 97
    172 42 99 75 103 17 11 202 238 62 157 133 11 63 249 215 200 33 100
    128 199 152 160 158 208 183 212 42 5 121 103 69 47 86 155 131 99 247
    67 55 128 4 79 186 195 51 235 38 128 28 220 211 21 26 220 142 143
    212 75 67 74 51 227 85 129 190 45 200 221 177 125 175 226 74 50 22
    246 138 183 88 30 199 248 9 72 39 34 255 201 217 233 160 3 127 58 0
    231 129 46 103 141 33 31 196 182 112 242 240 37 129 7 246 131 224
    253 12 66 158 142 198 148 221 156 215 1 55 200 189 182 226 107 41 23
    48 182 41 26 139 138 91 147 79 13 187 1 214 60 202 196 244 196 196
    47 94 178 186 140 96 196 185 213 238 128 74 12 240 244 151 100 94
    153 163 132 68 117 97 162 206 52 131 68 116 88 180 150 123 98 60 8
    46 112 218 162 63 181 56 9 229 96 187 138 13 144 22 155 40 135 81 90
    170 1 176 167 148 38 240 13 149 196 84 235 175 101 132 191 45 9 196
    32 241 112 255 170 57 162 188 217 167 45 243 61 86 4 101 77 102 88
    220 179 252 235 241 24 74 170 35 105 176 206 165 150 75 184 172 196
    62 33 143 14 141 75 108 232 145 189 67 51 108 240 5 51 94 121 127 70
    200 122 134 44 8 22 81 250 147 65 213 121 225 240 153 184 238 45 174
    115 243 171 37 113 155 17 242 37 173 35 33 3 17 50 118 116 151 104
    50 15 139 209 130 140 9 137 22 92 230 90 88 73 233 32 129 144 71 37
    60 173 86 201 93 135 75 72 173 18 109 51 115 179 41 167 82 225 49
    107 250 76 93 255 202 140 226 151 55 59 163 216 13 169 24 4 219 102
    157 182 250 156 202 124 202 130 58 189 26 104 150 93 83 168 7 88 80
    141 146 149 33 172 108 32 30 126 249 47 54 213 87 148 62 201 177 185
    249 167 224 39 70 16 21 178 44 55 3 18 144 171 250 210 213 246 10
    248 212 22 228 208 15 234 112 76 166 160 46 147 151 200 236 106 241
    215 180 242 95 126 145 110 78 246 73 162 13 28 142 137 26 245 248
    112 97 91 76 183 52 59 190 146 66 199 222 239 132 237 76 13 208 136
    242 128 76 153 119 12 20 67 179 147 139 77 244 5 171 3 247 1 58 106
    236 46 94 92 126 152 233 154 74 203 172 83 9 54 204 100 47 180 58 62
    111 0 73 99 105 56 174 251 229 28 189 46 214 199 249 221 249 86 6
    239 169 160 105 64 228 244 161 134 118 3 154 70 202 255 242 253 117
    202 149 203 105 112 50 2 220 131 179 190 193 162 70 116 59 30 31 154
    87 55 46 23 248 28 18 67 164 140 107 23 224 17 253 62 134 79 162 208
    50 175 38 138 166 19 226 178 44 152 189 91 18 166 230 153 2 173 159
    220 66 20 224 118 212 160 197 14 11 199 92 104 149 35 161 166 217
    186 236 81 17 148 125 148 160 249 202 148 10 12 213 76 187 207 185
    154 31 216 29 120 9 191 105 9 137 152 179 114 21 182 216 57 41 158
    70 167 180 75 27 180 87 101 217 58 34 164 190 69 197 187 90 0 153
    120 69 107 88 221 88 244 220 137 191 9 108 13 226 109 174 65 13 173
    240 12 75 7 55 2 207 165 249 221 140 98 246 142 104 204 112 149 121
    73 174 13 82 240 233 204 144 83 133 26 72 81 171 111 214 190 143 119
    118 211 93 245 28 192 107 172 246 250 83 188 240 2 18 143 5 234 134
    125 211 242 188 13 183 220 239 62 51 214 20 222 47 10 59 23 99 191
    42 158 64 181 146 205 157 103 243 247 90 201 143 47 184 220 18 36 9
    217 126 115 197 41 21 213 216 75 117 17 140 193 178 195 144 167 54
    24 211 219 36 143 99 32 219 112 69 179 65 145 168 232 79 120 152 171
    75 40 137 175 99 197 203 30 145 84 224 38 242 103 3 171 159 151 149
    41 232 13 113 119 217 121 54 183 250 197 121 225 23 141 129 128 227
    51 238 249 37 34 217 10 6 73 39 150 242 52 197 225 243 227 86 30 169
    210 71 37 141 69 72 232 174 13 146 223 210 89 16 6 229 144 218 242
    84 143 206 136 99 243 170 202 122 197 211 88 6 175 49 235 5 78 61
    159 247 88 222 220 236 207 74 100 146 121 150 122 87 132 19 183 160
    240 57 3 22 131 57 113 121 142 123 63 172 27 127 248 180 2 142 137
    65 97 220 69 83 145 154 96 184 144 104 251 97 119 2 125 251 184 237
    34 109 162 208 114 121 112 168 221 214 186 48 33 134 29 196 69 17
    102 61 197 132 210 180 76 115 150 57 90 155 131 29 132 225 53 175
    117 168 107 42 21 104 12 193 235 251 9 117 191 137 216 208 62 229 57
    69 243 105 177 92 154 86 213 248 44 194 155 18 98 226 76 80 119 61
    182 150 241 200 10 19 29 233 149 103 209 123 155 141 245 136 214 253
    144 200 244 118 77 52 182 32 145 104 165 167 211 196 77 215 26 9 166
    246 31 15 48 22 80 127 136 35 48 246 196 22 140 53 43 71 62 173 237
    96 118 57 141 170 109 32 197 24 169 117 115 107 28 13 159 157 15 204
    94 108 104 225 39 61 0 177 104 113 214 176 215 180 119 42 115 188 0
    104 146 80 99 74 174 18 210 248 17 166 98 102 184 45 139 109 244 219
    174 253 115 231 41 115 191 184 113 7 140 48 145 51 79 12 30 195 203
    115 97 255 187 114 192 141 67 112 141 81 247 211 226 243 194 2 179
    255 23 66 77 193 140 52 49 241 74 230 36 189 55 0 153 238 127 219 2
    138 33 252 158 114 6 141 170 127 244 57 211 228 130 116 130 190 186
    27 10 94 241 143 161 80 37 230 121 224 215 198 14 178 49 149 15 188
    16 46 7 59 191 165 101 161 176 232 79 168 229 149 237 217 36 128 209
    194 101 12 237 220 2 188 211 238 228 117 180 64 139 7 88 27 21 228
    78 222 94 20 248 196 11 158 70 140 106 134 150 21 229 98 249 89 142
    150 70 56 136 170 44 115 78 146 187 179 204 170 201 143 101 198 107
    241 169 198 56 82 184 76 190 176 108 131 29 240 191 3 242 109 239 13
    192 191 15 165 82 35 136 199 177 55 56 50 212 233 199 161 127 3 27
    189 68 249 138 86 218 6 240 14 173 161 152 155 62 113 139 138 205
    201 97 219 160 140 168 42 175 107 20 73 13 186 223 241 31 44 193 159
    20 86 201 191 222 201 253 131 206 68 151 196 32 228 52 44 48 129 204
    16 254 202 160 51 230 109 148 71 45 202 246 63 113 208 79 142 192
    193 143 110 32 96 203 33 25 197 52 11 57 193 52 178 124 124 173 44
    244 11 62 69 27 244 106 47 177 58 94 180 14 24 235 147 95 76 214 219
    24 24 185 216 181 65 162 14 207 136 115 167 85 52 141 121 17 77 13
    54 35 121 96 38 54 137 164 186 12 52 254 36 23 72 0 228 48 33 108 45
    253 149 247 30 56 178 251 33 102 34 144 227 184 8 253 8 5 121 53 118
    100 3 214 244 8 224 232 123 252 202 31 181 31 169 233 234 191 61 204
    223 174 204 168 215 117 142 150 123 212 187 228 68 39 198 150 54 109
    119 236 62 113 101 46 24 165 81 222 142 125 238 79 149 245 102 167
    17 11 44 112 172 50 132 61 173 239 220 11 46 144 139 182 241 14 102
    185 237 161 185 200 74 149 251 197 24 251 106 54 18 213 44 74 85 101
    89 80 118 160 134 69 220 101 68 226 17 177 159 190 181 198 79 26 167
    168 90 216 213 247 95 229 182 114 207 57 142 160 174 228 23 119 234
    193 225 86 161 179 225 142 80 126 39 94 246 229 161 19 31 176 24 163
    108 145 189 93 2 191 96 0 224 22 10 186 190 85 187 204 9 170 163 79
    185 75 229 189 9 197 254 62 154 83 130 233 246 57 104 133 2 120 118
    250 125 118 229 146 49 192 108 173 0 31 20 39 11 129 242 151 136 118
    250 70 201 197 111 32 199 170 37 39 111 240 240 6 49 128 171 75 208
    21 16 82 202 42 161 148 186 176 33 169 225 195 143 224 183 45 191 46
    42 110 241 35 16 83 179 190 170 55 235 223 3 219 121 209 142 6 85
    245 190 21 239 110 156 112 104 34 234 206 151 253 62 69 230 89 86
    137 241 159 227 244 226 26 59 241 135 152 203 194 48 39 22 147 26
    143 186 49 86 134 168 12 36 140 235 57 234 201 135 195 70 232 35 191
    102 26 16 17 201 150 74 237 253 113 60 1 29 78 207 119 234 32 164 43
    46 69 232 106 245 75 119 192 27 50 255 23 117 159 160 215 50 163 0
    55 96 180 137 207 72 104 24 245 186 180 64 54 30 82 221 187 42 237
    100 103 86 109 43 213 243 230 103 187 145 216 226 140 120 151 6 180
    209 246 251 163 43 109 76 188 59 150 205 13 184 88 62 226 168 51 105
    21 97 103 210 214 1 196 212 63 19 16 172 202 173 229 130 15 21 190
    10 28 137 49 35 110 252 67 112 237 25 121 126 246 82 242 43 117 1
    187 162 147 239 70 139 33 169 101 218 183 146 142 246 128 15 32 251
    154 69 214 244 19 131 180 177 159 170 214 86 93 6 210 25 89 172 194
    55 81 1 50 49 155 197 119 67 171 72 242 236 175 179 18 191 134 19 14
    88 212 2 93 57 186 136 73 157 22 148 37 162 66 121 172 55 4 208 27
    68 156 138 128 177 205 140 15 35 151 64 162 76 177 169 121 12 16 60
    63 14 200 123 187 86 18 247 57 40 79 182 88 142 67 201 106 106 33
    245 134 109 182 34 98 42 42 153 65 224 208 201 58 171 103 101 254
    111 62 36 139 35 151 145 79 154 0 173 9 11 82 12 235 84 115 76 212
    185 31 48 129 230 104 139 124 138 166 227 228 128 195 7 31 233 88 93
    49 105 200 117 190 77 22 208 54 211 232 100 106 67 217 14 23 41 127
    66 107 166 234 56 1 136 86 212 5 28 106 105 100 110 30 178 242 224
    181 42 203 244 95 121 33 214 201 232 0 35 131 69 43 137 101 236 192
    60 0 45 211 132 253 177 144 40 213 65 140 240 12 41 177 85 210 173 2
    127 184 215 25 137 95 160 224 42 23 252 30 143 32 247 239 13 117 123
    154 179 107 252 21 137 71 93 248 79 192 87 46 109 236 20 139 21 223
    2 122 208 138 107 165 37 218 98 44 98 248 188 29 168 90 152 120 49
    240 48 205 226 200 204 249 240 117 71 26 5 168 178 33 52 59 171 178
    205 214 14 69 159 201 90 145 171 214 156 178 147 116 45 170 102 144
    60 255 240 65 85 98 233 65 102 129 1 159 45 233 29 179 255 86 155 36
    130 86 40 159 191 51 133 46 196 94 142 178 144 14 142 103 139 99 196
    189 143 230 202 231 195 139 76 130 148 210 204 222 108 224 53 154
    209 30 134 142 126 103 33 18 236 252 138 178 182 254 229 168 103 47
    105 54 184 79 146 227 11 164 150 139 180 191 181 152 6 152 228 84
    193 35 72 133 233 128 118 49 14 7 17 181 186 188 205 36 87 161 96 81
    25 94 68 172 137 26 32 218 250 230 71 214 194 207 44 8 239 217 160
    134 203 95 78 168 184 103 157 159 99 206 191 132 213 90 115 169 209
    153 199 109 26 138 8 113 158 254 151 78 202 78 229 255 92 230 89 12
    90 20 98 8 149 191 211 127 234 49 40 103 76 57 106 7 32 28 11 124
    196 54 96 23 160 105 117 241 6 255 121 235 221 207 2 221 207 18 58
    220 166 59 205 14 51 80 126 69 3 87 218 194 199 33 78 161 46 10 10
    89 39 209 17 10 78 6 133 223 241 41 152 83 187 12 57 191 185 235 59
    35 148 93 117 128 132 169 92 241 99 44 58 87 68 140 218 165 184 186
    25 184 4 60 83 248 152 102 248 58 162 232 150 205 169 249 232 204
    163 52 154 9 214 133 50 165 4 192 180 70 39 229 126 106 96 164 188
    212 255 91 88 216 143 212 95 221 38 197 237 93 161 11 141 201 33 80
    182 154 61 111 173 255 186 219 212 28 160 213 254 171 166 144 230
    242 175 77 149 182 173 54 124 112 101 226 159 43 0 22 187 132 139
    140 30 29 34 89 118 178 67 111 178 184 33 24 139 46 113 75 253 54 7
    235 2 80 247 225 12 21 1 252 66 255 65 236 186 240 231 117 49 196 7
    160 208 127 145 115 2 148 123 87 106 31 160 1 200 152 82 188 71 213
    26 167 246 110 158 226 121 214 174 95 226 195 77 53 165 29 49 169
    247 127 173 241 232 253 29 243 57 142 208 62 163 217 237 62 198 32
    123 36 115 217 59 40 168 71 27 198 130 181 34 211 217 215 165 6 138
    64 24 136 225 49 80 74 238 38 196 172 26 166 89 7 215 87 171 172 55
    62 179 238 53 113 9 227 204 169 169 160 204 226 167 40 95 228 67 143
    119 93 197 60 4 234 16 134 200 238 18 121 139 64 78 18 64 152 161
    249 93 9 177 199 119 175 126 155 139 210 187 72 191 52 192 136 201
    226 112 245 39 166 47 74 245 179 184 236 245 77 10 150 240 85 101 69
    123 77 192 29 216 241 9 4 85 163 235 225 157 226 51 129 192 199 96
    212 201 78 145 94 87 38 142 204 17 83 126 9 237 44 154 232 125 34
    237 100 85 163 235 27 35 247 39 35 99 96 210 168 183 120 242 181 155
    22 230 128 15 197 79 108 250 79 2 152 51 230 146 28 217 151 183 142
    176 59 1 69 95 150 214 230 136 228 211 76 25 143 248 206 60 141 179
    238 53 194 25 109 109 32 160 67 242 98 106 141 111 81 141 181 20 47
    118 217 175 109 204 216 168 75 88 223 0 165 72 15 110 72 58 36 239
    134 45 102 220 32 232 120 11 196 255 22 42 185 193 42 102 241 207
    237 147 33 10 22 198 124 42 89 72 183 2 132 163 61 43 102 169 194
    166 73 123 37 117 96 234 208 194 186 152 5 134 25 133 248 232 40 121
    75 176 202 163 143 133 10 72 158 109 21 231 4 106 248 159 5 170 197
    39 236 213 211 72 245 244 165 47 29 144 32 241 181 105 88 192 250 95
    179 249 87 180 42 168 31 73 245 176 124 218 143 110 129 236 57 131
    223 219 174 29 217 110 253 106 254 253 243 203 16 39 3 76 161 148
    241 18 81 241 62 255 237 120 21 61 69 141 113 2 195 32 72 217 92 76
    216 91 36 60 82 249 36 141 100 144 92 213 35 20 239 18 146 210 163
    221 95 251 30 87 195 35 186 29 119 100 146 46 154 160 174 140 98 45
    253 233 207 172 250 175 225 0 119 194 248 117 2 120 15 243 82 168
    231 100 77 116 5 79 30 185 252 202 192 174 120 148 142 41 98 62 250
    53 211 191 80 84 36 225 154 86 186 209 188 224 253 154 60 237 119
    117 127 202 125 15 190 73 99 143 138 13 45 68 188 149 0 166 236 19
    78 241 163 182 206 198 60 142 208 120 15 61 180 64 113 35 128 62 244
    181 67 110 148 19 170 225 94 229 143 50 204 242 72 252 36 75 250 161
    43 254 86 113 188 34 88 227 211 101 12 17 137 63 63 201 164 177 73
    189 96 118 22 63 53 2 214 255 174 246 110 225 147 151 163 244 60 21
    202 97 22 22 26 63 255 89 205 171 48 6 197 138 15 71 128 73 193 205
    191 5 98 36 213 71 148 141 22 37 69 8 182 168 191 9 65 1 138 92 234
    68 83 76 30 202 57 46 244 15 209 62 112 105 53 199 148 131 86 31 35
    113 220 48 64 134 93 6 65 165 179 163 18 197 23 135 85 57 80 6 89
    150 57 60 52 146 106 221 38 133 230 113 1 246 142 3 211 131 106 93
    30 31 132 179 58 34 42 46 96 53 60 99 35 117 98 120 72 2 253 226 23
    31 57 122 48 106 7 168 86 79 176 134 15 37 172 234 240 101 91 230
    109 170 158 209 159 99 79 244 116 253 6 150 24 41 191 60 60 206 191
    58 179 124 235 147 182 115 113 41 23 168 104 215 242 160 240 176 97
    152 20 212 96 98 47 99 124 110 45 54 46 187 50 96 248 134 57 53 184
    36 194 39 176 127 173 30 155 248 5 94 81 83 68 111 216 164 255 24 3
    182 201 19 101 29 63 146 144 131 224 69 54 46 231 251 216 124 243 48
    141 188 56 0 80 228 76 33 213 223 50 185 77 217 65 118 3 104 37 219
    149 75 25 250 145 18 101 83 222 58 86 84 204 182 162 129 216 114 8
    235 183 190 155 115 105 153 201 217 233 25 38 97 150 87 10 115 186
    99 1 24 205 61 80 182 37 251 194 11 152 254 162 51 197 134 162 255
    107 34 5 11 162 119 188 130 51 6 46 105 216 233 133 85 118 75 208 82
    48 124 74 254 70 180 13 29 192 59 17 147 193 13 52 57 143 72 118 70
    218 185 87 25 45 153 70 27 50 165 164 192 68 239 17 100 188 215 197
    84 67 72 118 106 24 98 66 233 60 15 172 147 243 220 146 16 186 217
    46 200 221 207 223 196 135 137 162 63 227 36 171 182 183 112 133 139
    171 50 249 195 176 236 180 173 26 62 243 61 9 195 92 157 87 20 86
    248 11 68 60 223 100 202 48 94 5 60 66 19 182 221 93 86 1 250 222
    158 85 120 99 65 217 234 101 148 211 164 156 120 62 131 176 209 78
    183 221 68 192 61 21 230 72 128 189 168 223 102 216 16 231 157 190
    84 116 79 177 186 49 155 96 28 191 1 227 213 142 139 16 182 217 60
    248 57 46 103 46 37 67 167 63 146 96 154 182 137 7 8 71 138 10 4 37
    38 37 19 143 2 58 92 22 33 3 69 75 213 195 181 115 116 131 61 162
    189 186 253 73 162 37 247 172 76 61 211 207 41 9 99 44 95 79 8 203
    33 197 112 224 197 200 164 160 63 216 51 26 169 56 239 237 252 71 65
    145 167 236 33 169 133 8 204 75 60 130 1 114 34 183 176 127 248 253
    164 195 252 162 131 174 43 25 232 178 123 88 156 65 133 42 21 162
    197 204 159 18 205 209 21 96 233 227 126 124 227 239 155 26 12 232
    114 193 135 91 251 210 47 255 6 124 252 226 29 174 194 206 59 208 47
    42 225 189 105 82 154 49 215 247 221 85 103 155 134 167 246 49 248
    242 23 247 1 183 96 37 231 234 103 205 146 116 254 240 77 139 34 184
    202 100 221 86 148 28 229 50 131 85 168 83 224 141 60 130 97 244 122
    188 132 247 120 131 19 127 179 106 40 13 82 194 30 74 155 182 73 25
    140 57 132 222 74 15 101 181 67 103 217 117 122 194 208 174 229 144
    170 13 90 189 146 168 37 210 91 43 53 105 109 102 5 75 12 182 170 55
    12 143 197 230 95 99 248 115 47 37 75 242 24 248 86 165 48 195 51 80
    150 96 166 79 183 200 137 214 121 130 70 164 19 125 7 211 11 55 163
    242 20 233 1 153 36 8 108 94 222 249 153 236 172 165 214 178 52 188
    55 73 138 174 45 200 193 78 62 103 79 136 128 60 168 204 74 137 166
    117 20 162 68 63 72 135 94 184 49 72 20 10 143 254 141 43 106 99 244
    211 137 55 80 27 205 97 220 70 30 146 93 194 144 89 66 17 102 245 36
    156 193 148 46 169 197 233 65 202 183 84 132 103 21 3 25 29 129 17
    184 77 112 1 236 154 178 237 179 119 92 28 252 198 115 161 136 211
    253 71 8 254 191 99 141 188 132 174 112 149 135 133 55 243 225 149
    241 45 231 223 158 254 114 125 49 113 246 240 104 213 27 132 150 245
    223 26 143 70 190 232 2 172 248 171 76 115 107 8 85 96 64 136 183
    207 217 76 6 252 254 37 203 50 108 55 135 233 171 78 140 222 253 3
    113 218 184 5 7 40 96 243 151 195 129 88 126 114 223 249 147 210 214
    190 80 104 78 180 209 95 38 66 69 43 213 39 142 237 47 188 85 144 79
    15 13 137 84 241 213 63 89 127 65 131 156 116 156 65 92 213 224 98
    114 185 142 176 186 158 58 138 88 28 168 252 27 39 58 161 161 98 11
    134 220 94 141 125 205 0 85 141 68 89 212 168 7 32 154 23 83 121 216
    211 84 253 175 87 11 139 241 0 20 227 241 166 73 213 25 83 242 57 88
    19 149 115 254 226 38 101 16 33 228 89 58 50 185 192 54 166 25 9 231
    128 116 56 224 119 18 204 34 38 243 211 243 14 129 103 69 150 39 215
    251 52 2 238 91 194 251 40 129 218 48 217 34 118 229 69 13 222 160
    76 118 76 34 181 244 110 65 194 30 197 40 66 234 201 147 168 186 65
    153 93 117 104 166 236 43 248 115 0 97 32 145 125 235 59 128 247 214
    230 198 34 183 72 181 85 45 232 245 194 248 79 148 196 140 134 206
    179 125 191 45 95 157 105 246 78 184 185 102 210 176 172 175 50 120
    107 252 181 210 86 26 157 214 49 194 208 186 30 222 108 25 242 196
    176 134 66 10 71 159 250 132 152 170 206 33 92 41 103 250 203 197
    114 27 66 43 192 188 14 50 24 96 196 68 200 180 71 183 213 171 157
    99 1 238 193 48 216 23 118 209 151 103 69 39 24 181 12 241 75 91 61
    224 77 52 201 191 130 200 123 157 117 130 88 7 52 64 106 143 9 46
    230 228 45 184 20 140 142 66 19 69 67 69 70 158 142 96 0 146 43 243
    199 197 203 164 2 26 57 157 148 255 149 47 219 118 148 187 120 109
    205 83 239 243 201 157 92 182 77 36 166 105 53 18 81 152 255 80 179
    134 122 7 201 37 121 137 99 193 15 68 120 61 19 197 61 236 13 198
    232 64 5 25 248 199 116 123 138 0 48 138 156 22 195 63 228 237 193
    37 125 62 131 33 172 255 170 173 132 241 96 149 27 35 20 75 172 182
    220 20 187 191 101 8 168 201 94 24 151 126 44 4 2 51 124 229 70 231
    29 128 126 62 94 42 229 219 23 7 18 240 104 159 87 53 63 90 118 219
    22 251 192 200 80 79 222 103 134 177 183 206 246 213 134 1 196 160 1
    244 180 19 243 154 146 95 7 52 143 10 111 109 29 189 16 139 6 69 11
    244 91 170 118 55 156 48 144 15 202 234 154 170 124 211 166 25 108
    136 65 85 19 15 197 247 2 136 224 82 8 86 32 106 100 125 222 226 67
    44 180 9 157 89 164 182 27 41 31 224 248 123 222 196 226 109 255 85
    215 247 254 220 250 144 27 213 26 16 248 175 177 39 248 194 163 225
    61 124 81 134 218 244 11 72 228 16 14 100 236 64 14 167 192 51 196 4
    136 113 236 109 147 71 59 112 112 234 195 190 184 175 181 213 80 12
    82 211 190 87 228 82 76 182 135 255 59 62 226 67 41 253 54 149 212
    185 247 94 202 117 104 46 158 55 111 62 241 245 188 95 209 1 88 11
    246 167 105 193 106 194 158 26 174 212 6 179 129 252 37 163 3 178
    123 217 50 79 158 169 251 27 3 153 27 133 49 221 31 138 110 72 235
    31 219 111 54 37 249 228 58 79 225 47 54 148 192 141 213 203 142 250
    33 254 71 13 212 15 46 209 83 162 248 77 214 218 193 87 247 121 121
    219 77 207 203 45 247 229 231 11 89 72 47 49 238 215 69 70 12 117
    127 164 6 70 87 105 161 66 123 136 91 126 90 195 60 84 36 101 153
    135 50 152 166 179 36 117 41 217 88 94 253 229 34 166 159 65 14 9
    224 254 42 173 85 162 38 38 206 189 32 97 147 243 94 223 63 33 68 41
    53 244 160 4 3 65 201 5 24 197 58 250 174 96 8 71 0 245 47 81 52 70
    128 71 150 105 175 91 25 26 239 251 230 81 126 75 147 39 131 184 96
    117 207 91 191 115 11 102 190 23 62 71 217 195 81 22 82 92 107 45
    176 13 184 136 77 217 214 142 116 107 244 64 45 143 41 107 34 220 13
    85 183 138 244 50 184 172 181 76 118 107 149 51 81 210 209 216 254
    15 124 8 47 205 202 32 37 122 16 196 207 169 200 14 82 49 147 61 207
    176 86 245 232 203 105 98 152 105 253 157 149 195 146 199 153 223 61
    160 198 126 17 48 145 35 211 66 97 80 76 170 14 189 188 42 20 229 17
    100 233 26 167 189 35 69 80 192 238 19 101 49 110 50 183 54 151 168
    160 36 1 0 177 137 17 24 174 239 126 19 208 153 206 124 24 62 165 50
    18 193 102 226 29 31 56 185 11 8 232 139 10 204 125 136 105 66 243
    104 135 220 97 192 19 119 25 207 227 111 70 96 156 26 182 57 17 113
    39 183 149 177 105 235 234 29 20 207 66 87 57 207 159 177 8 119 6 73
    27 138 127 17 54 46 217 108 14 147 156 253 222 128 251 158 199 92 57
    53 4 151 66 122 190 49 153 196 103 51 137 176 248 236 58 33 140 201
    41 82 100 83 64 184 57 193 11 200 31 135 225 211 174 47 174 136 43
    24 135 204 157 40 191 90 235 208 36 85 173 177 15 250 37 151 118 122
    44 85 173 161 180 140 74 101 191 13 103 102 77 179 145 166 77 248 71
    245 0 222 78 190 37 32 201 126 139 22 240 52 30 222 63 153 147 248
    27 156 236 95 1 19 78 195 155 24 170 212 60 229 177 9 81 152 150 132
    196 2 31 104 145 159 22 30 66 33 62 14 94 48 181 209 176 244 185 71
    115 18 143 57 12 25 148 203 209 120 61 59 162 107 248 14 107 18 164
    77 96 118 97 186 1 235 127 101 206 33 220 240 116 9 203 205 162 30
    179 43 18 126 69 59 94 58 70 209 213 160 236 251 27 129 203 16 143
    24 209 60 61 144 36 224 40 216 49 183 1 213 188 57 149 90 164 92 250
    98 27 8 206 179 180 205 206 57 38 194 72 233 4 239 84 15 101 33 244
    5 84 112 44 195 217 251 67 6 64 59 43 81 239 120 109 126 198 32 146
    223 189 52 181 153 150 17 201 255 2 76 159 248 141 220 37 237 135 5
    144 183 255 209 243 231 198 201 125 193 232 21 153 140 88 87 45 145
    186 142 139 123 52 96 51 168 112 167 207 244 73 69 136 53 223 183
    122 124 20 176 176 205 67 81 160 138 64 46 163 24 79 48 112 249 148
    158 101 164 176 223 153 16 28 243 62 83 21 128 118 156 7 184 13 30
    12 111 38 36 192 181 138 87 133 136 2 237 68 209 131 2 58 156 164 88
    104 218 142 195 53 42 152 183 118 244 241 124 249 12 16 158 110 33
    21 68 247 135 25 56 147 40 98 16 114 14 26 52 65 204 139 42 26 66
    248 39 192 153 234 46 24 167 161 139 196 177 85 132 84 234 186 117
    199 107 235 108 83 100 3 12 186 12 250 73 240 175 28 244 219 60 245
    180 126 77 186 246 60 34 187 128 183 28 146 225 43 13 174 38 185 138
    54 146 200 38 208 78 48 230 33 108 41 183 148 199 197 159 150 130
    241 232 175 68 200 140 229 255 86 67 60 108 59 160 180 98 62 65 127
    180 72 242 44 193 41 71 51 252 27 2 240 164 46 165 101 227 182 150
    28 7 30 11 179 152 246 125 146 7 132 79 12 214 41 241 14 152 120 51
    128 152 209 138 229 6 147 51 247 62 97 240 118 46 242 247 136 44 145
    255 216 86 204 197 45 215 140 86 179 188 152 36 151 118 235 170 114
    13 181 86 104 9 18 204 48 115 4 87 96 16 108 189 25 159 143 140 183
    120 249 30 0 108 196 52 82 144 121 183 148 178 232 84 125 103 125 82
    255 212 4 154 253 215 77 165 255 23 47 100 79 228 43 176 174 229 152
    243 237 102 115 101 161 27 219 111 166 65 62 65 114 183 35 4 157 183
    168 205 60 131 63 147 77 178 109 131 189 186 249 149 244 49 238 250
    233 94 26 39 49 178 103 192 122 35 240 21 88 169 179 94 100 182 111
    47 207 74 87 44 159 240 71 156 81 110 253 86 110 5 11 157 48 205 244
    159 154 35 3 130 235 179 230 216 189 35 127 29 94 175 161 7 255 171
    222 39 151 218 93 14 190 132 5 21 214 35 61 189 113 181 75 63 99 223
    112 150 194 6 138 165 246 225 161 3 43 169 197 74 211 245 62 169 177
    50 245 36 7 84 220 217 5 173 169 80 26 20 8 4 152 47 181 184 245 118
    204 66 185 166 101 255 160 171 191 201 149 74 229 52 78 43 27 51 49
    20 76 236 82 182 101 72 231 10 205 92 176 55 71 168 204 217 158 171
    139 14 209 254 232 179 107 175 46 93 249 125 116 51 52 131 231 161
    164 211 121 182 30 14 247 207 198 90 113 228 170 241 236 178 218 142
    18 165 41 186 31 165 107 250 100 224 54 200 61 185 93 22 186 143 117
    142 111 224 162 171 157 218 157 254 9 138 200 136 124 214 85 140 214
    120 116 26 143 97 7 168 139 126 220 14 195 115 178 72 56 55 35 77 95
    176 1 191 182 215 115 215 71 189 244 85 155 107 40 46 231 132 176
    101 18 28 230 229 59 61 226 178 17 13 249 146 221 139 110 106 113
    150 80 250 73 5 88 214 67 124 46 97 83 27 54 18 169 66 88 34 111 226
    121 170 235 198 242 45 124 239 141 239 17 224 58 123 69 36 111 25
    237 165 216 53 150 25 158 104 191 55 51 10 161 26 3 90 216 113 238
    70 210 69 200 150 156 126 73 58 90 159 112 141 206 168 177 179 218
    97 18 93 73 186 117 177 45 92 219 95 217 253 95 134 215 18 70 108
    236 36 61 193 154 102 189 80 151 164 92 145 36 76 185 152 227 162
    128 201 80 120 250 47 137 37 102 155 27 248 190 181 172 144 190 192
    97 43 246 35 104 138 43 250 148 1 177 142 92 107 138 188 227 147 239
    250 224 86 62 119 14 62 126 24 47 193 1 16 127 21 24 120 187 157 7
    99 132 139 197 61 37 101 47 100 29 237 248 53 138 50 181 50 60 218
    235 97 131 209 139 14 117 146 173 121 146 4 81 81 95 234 218 135 137
    131 107 251 212 212 133 0 111 180 130 122 167 192 180 68 225 15 118
    61 124 191 191 49 15 6 168 147 133 28 215 244 137 225 88 44 164 205
    212 64 237 137 51 122 236 62 139 124 203 232 89 73 86 84 68 13 98
    208 147 73 122 132 87 78 122 196 5 249 242 8 51 203 140 46 125 65 79
    182 99 209 82 40 88 98 92 186 67 22 102 156 184 107 205 173 98 252
    159 148 249 202 129 97 24 2 62 19 12 39 140 202 249 91 196 107 103
    207 237 195 35 215 88 217 156 212 70 112 117 131 36 12 104 204 238
    182 24 149 190 151 126 188 102 67 247 73 16 99 156 159 98 232 20 223
    7 255 147 135 216 40 116 234 94 17 246 228 135 156 208 83 60 100 238
    29 191 246 29 120 207 218 158 37 247 93 62 188 68 101 10 5 220 71
    216 185 52 52 68 186 196 175 221 147 19 219 125 87 199 70 179 247
    210 78 48 137 183 75 63 208 120 126 210 11 46 58 154 6 177 231 78
    211 200 138 164 71 110 134 57 34 244 237 198 127 40 219 6 252 119 97
    197 169 37 223 20 47 31 70 216 79 188 154 217 56 99 8 8 225 79 126
    12 21 63 252 253 30 11 136 98 158 73 74 56 139 42 205 122 206 81 66
    122 66 5 1 149 114 63 223 232 113 114 205 11 233 25 233 108 24 17
    233 137 137 187 59 99 159 60 78 94 250 74 219 67 59 192 136 115 40
    145 0 30 35 57 9 77 188 190 41 168 196 41 92 17 195 129 14 28 122 15
    146 156 229 200 235 179 116 171 21 22 200 133 43 126 201 7 18 132
    249 111 135 62 205 213 240 23 1 81 44 132 176 201 132 75 99 153 170
    239 37 157 147 70 190 14 13 68 74 135 104 170 182 102 154 81 210 217
    201 33 70 128 238 186 126 253 233 10 51 246 114 17 95 184 213 44 66
    161 242 222 32 247 142 84 110 71 57 64 153 195 237 30 30 51 220 192
    34 151 190 114 166 31 71 12 49 122 35 5 212 169 154 129 95 66 223 15
    111 64 114 208 183 167 22 198 83 157 233 215 237 60 123 166 176 206
    18 145 162 190 106 239 79 60 112 8 168 152 80 3 224 191 181 165 192
    4 164 253 54 137 47 34 52 240 42 194 225 1 132 206 43 194 138 72 226
    58 90 183 36 21 66 194 150 142 106 234 193 177 151 128 149 217 122
    73 26 234 78 193 117 103 68 37 144 153 237 113 26 46 62 196 83 61 34
    173 32 82 199 62 17 159 79 102 144 108 175 163 229 100 124 214 156
    248 245 198 109 167 33 3 155 61 210 175 190 185 55 128 220 239 66
    255 217 45 217 126 17 194 37 105 154 244 182 106 253 184 153 179 38
    186 73 124 1 91 97 171 153 35 196 45 102 78 69 68 114 217 129 191
    222 159 107 231 93 78 94 202 133 150 73 161 156 199 13 105 107 89
    134 74 150 59 8 237 96 240 139 179 51 46 231 46 194 140 142 176 95
    23 58 199 116 118 229 178 139 23 131 1 221 66 233 225 73 114 210 149
    109 154 115 239 185 38 88 57 234 85 37 252 136 113 224 85 71 161 166
    203 55 115 160 48 46 158 215 90 182 113 17 155 141 50 137 113 243
    203 250 28 39 246 144 37 8 213 141 254 250 37 82 28 134 151 67 95 51
    85 173 17 69 30 166 116 186 40 81 40 153 84 207 156 0 20 144 126 164
    117 108 45 52 238 209 5 67 187 41 148 74 9 46 240 227 23 71 184 29
    201 200 98 16 146 115 202 21 221 186 107 21 216 72 253 168 66 11 254
    206 218 44 100 173 5 106 161 133 97 13 173 59 235 125 99 5 209 55 72
    142 183 184 16 182 9 45 24 219 216 132 32 102 199 99 66 86 251 164
    47 196 44 47 20 44 43 151 26 129 102 0 211 89 235 47 177 129 62 102
    99 96 159 187 113 235 2 250 152 191 233 3 119 255 17 229 75 105 147
    18 118 69 17 43 20 192 150 214 251 161 218 124 255 144 10 66 253 253
    79 218 127 89 166 79 40 40 16 83 4 233 61 109 43 222 15 190 233 84
    13 78 195 218 0 138 90 50 79 194 10 197 137 81 213 101 119 96 167 0
    136 167 224 40 53 114 170 116 119 182 129 19 94 39 12 141 231 96 191
    8 184 208 146 131 139 223 54 144 168 74 99 5 107 192 240 70 6 107 95
    231 84 75 98 91 244 38 2 95 13 187 207 217 135 241 199 211 221 207
    166 163 192 183 167 243 59 140 142 55 218 25 152 226 240 41 118 110
    131 231 160 176 143 134 43 108 203 42 53 95 216 31 122 224 207 218
    144 113 213 124 229 174 224 177 200 18 210 49 90 200 45 59 175 121
    186 178 22 111 203 203 198 191 162 245 65 153 222 79 103 155 39 209
    43 82 113 208 227 254 154 162 255 33 158 182 239 90 194 76 214 98
    169 194 250 231 239 8 130 8 95 35 78 58 169 50 92 67 167 119 82 177
    89 64 233 76 73 186 217 238 88 131 23 98 227 57 252 102 216 28 57 22
    110 128 104 177 228 98 50 168 109 117 17 86 203 69 129 62 72 116 117
    151 107 24 227 240 83 158 132 120 250 236 108 70 104 64 74 214 175
    177 177 243 103 155 133 78 42 98 250 174 114 243 56 206 220 122 26
    23 59 28 170 72 200 74 124 208 34 13 117 163 4 177 48 156 236 83 217
    252 28 99 123 202 178 215 58 25 171 237 221 6 225 169 32 85 77 87 0
    194 140 232 69 28 46 151 61 186 56 107 155 247 217 159 234 29 99 8
    126 101 9 80 138 201 193 212 252 40 21 215 21 119 1 154 241 134 216
    11 184 5 75 117 200 18 233 75 49 204 83 234 213 130 232 144 104 174
    83 1 23 40 212 161 246 218 188 132 67 72 133 7 145 141 91 7 97 149
    76 7 79 220 195 168 119 39 94 28 144 22 225 38 1 206 118 185 84 29
    65 0 214 164 103 124 229 86 180 209 67 41 164 161 78 38 54 167 244
    182 222 18 168 93 165 229 232 13 82 202 84 82 94 173 56 73 99 166 58
    209 23 210 0 252 118 185 212 239 212 17 113 138 21 36 13 206 122 88
    226 224 171 98 228 14 25 240 59 177 135 251 200 118 47 251 53 183
    235 25 0 212 173 140 133 12 233 252 197 38 24 118 5 22 171 75 99 110
    242 211 147 18 230 99 86 232 223 167 159 243 161 3 86 123 117 100
    161 221 248 8 140 154 119 123 227 124 151 196 200 25 206 94 34 200
    224 62 180 25 122 238 141 240 250 120 183 65 200 118 190 99 150 254
    81 200 99 41 75 224 44 239 142 173 21 181 103 99 215 162 140 141 205
    149 197 165 33 107 92 225 42 103 233 128 90 154 226 57 197 220 178
    141 98 169 249 24 137 223 199 174 139 193 47 242 200 55 104 224 193
    192 182 118 11 177 201 144 16 155 43 84 201 123 2 92 93 166 13 14
    194 166 250 53 138 61 166 17 129 244 152 3 101 218 99 127 215 167
    179 49 211 249 93 124 71 180 103 70 8 85 215 120 183 79 137 239 67
    104 104 208 77 80 43 253 85 169 202 200 183 33 210 48 191 33 254 129
    185 213 82 224 191 68 120 26 173 86 209 87 50 90 240 104 105 102 187
    3 58 110 134 239 9 52 197 171 225 12 80 103 47 22 12 200 251 43 205
    222 169 6 200 200 229 138 8 102 77 121 26 19 36 14 214 208 210 217
    54 93 95 203 145 175 73 230 28 172 171 239 102 244 119 26 176 164
    182 73 102 65 205 163 253 47 228 245 30 29 147 95 242 173 213 200
    215 143 217 21 49 126 201 109 65 13 235 208 216 8 196 180 242 79 211
    22 51 96 4 104 70 215 14 236 62 121 236 36 242 137 74 175 99 51 158
    50 169 231 101 95 230 49 62 14 100 60 214 15 16 207 36 66 250 188
    206 85 1 25 210 62 47 227 84 38 17 35 168 0 120 171 123 74 74 38 79
    47 64 92 86 217 95 190 172 196 105 166 128 48 32 38 240 15 227 128 8
    15 17 105 126 143 110 163 84 223 179 233 185 199 139 164 65 118 217
    188 20 233 200 42 235 67 9 209 248 193 242 71 162 55 59 119 208 206
    118 117 184 103 109 97 56 99 146 85 72 164 88 253 15 67 177 173 143
    5 57 84 95 63 0 230 182 78 145 6 139 165 240 0 252 156 254 132 204
    241 148 107 40 236 126 111 20 159 115 182 237 130 19 201 103 243 164
    231 115 7 232 71 128 234 223 167 35 62 169 33 151 114 11 153 196 40
    144 3 177 95 10 96 67 185 108 203 6 250 130 218 41 200 139 76 149
    169 217 217 189 156 250 12 131 3 43 234 167 202 220 153 26 38 43 239
    50 136 5 45 3 173 29 194 214 108 118 182 93 210 157 193 205 21 87 38
    139 245 8 222 208 51 177 93 25 30 117 71 7 181 56 16 230 237 60 42
    150 48 182 161 168 99 199 51 7 102 124 4 235 171 63 94 94 55 39 73
    89 136 120 17 17 217 70 88 44 37 214 204 150 245 43 236 208 197 60
    192 57 58 20 22 48 202 191 245 204 133 231 27 28 195 75 27 124 165
    92 156 15 146 153 227 48 249 204 88 55 108 228 107 89 13 107 204 67
    240 222 75 250 157 86 252 188 155 146 180 82 45 234 39 3 56 245 100
    24 23 175 157 154 188 147 47 123 149 131 48 71 78 90 231 187 255 80
    48 221 18 109 45 0 162 203 223 176 61 167 135 129 39 184 128 112 8
    195 114 195 233 67 248 47 229 83 212 13 100 56 156 82 200 253 237
    113 216 12 196 0 239 203 66 176 82 129 8 112 100 29 114 152 159 204
    18 158 190 198 210 34 161 93 54 207 87 1 145 181 165 171 135 144 172
    241 89 226 77 44 116 69 213 175 29 254 178 250 236 72 232 78 110 150
    117 110 162 250 90 171 186 179 117 233 191 131 10 180 219 214 192
    111 109 217 26 167 23 33 83 111 201 146 191 141 111 143 170 226 132
    54 231 45 198 135 102 91 53 58 192 158 49 186 177 141 6 192 242 39
    42 20 159 10 220 21 22 188 98 171 193 110 52 143 89 12 146 190 19 39
    64 185 95 139 23 202 5 51 214 7 49 198 76 78 22 35 77 5 11 164 236
    71 116 179 135 94 130 236 253 250 227 96 10 128 147 180 32 183 177
    168 114 33 190 16 219 82 0 125 57 67 47 158 238 238 21 177 63 83 56
    92 213 181 158 146 129 223 92 139 248 171 252 226 250 25 140 173 91
    172 39 102 87 158 227 143 167 142 152 71 153 73 193 57 106 143 23
    155 89 36 121 94 53 16 22 74 165 224 200 29 61 77 43 65 247 148 116
    129 87 108 36 84 123 222 67 206 70 96 141 135 195 166 255 64 30 114
    233 220 200 208 169 76 71 89 208 161 123 111 122 239 42 211 19 232
    106 101 255 74 95 159 84 56 211 242 10 118 64 2 226 56 25 172 234
    159 200 107 8 201 38 125 77 253 190 132 184 59 186 114 238 96 96 243
    93 165 18 161 104 13 146 54 42 176 173 69 175 31 42 35 50 109 136 65
    158 29 246 194 225 165 127 100 121 48 144 209 183 58 156 121 170 162
    15 177 4 142 71 36 22 21 102 149 21 162 188 243 42 86 23 68 96 178
    236 127 79 143 225 175 160 31 185 97 162 43 100 219 84 227 106 90 20
    186 129 4 75 240 160 218 220 45 10 150 144 233 71 9 155 210 16 184
    155 33 63 183 109 32 25 178 62 243 10 241 235 234 116 63 197 88 253
    18 153 160 61 165 170 146 148 25 80 22 152 220 170 18 16 133 6 109
    152 135 192 24 160 99 22 116 144 104 199 205 142 52 60 211 134 24 43
    207 175 103 251 103 89 197 224 29 5 108 213 68 64 76 80 195 75 134
    31 181 30 102 5 182 25 250 184 19 167 188 154 194 245 7 57 185 177
    36 79 84 81 254 115 25 206 205 145 57 207 95 169 240 156 75 111 58
    178 243 89 247 50 164 57 20 221 34 234 220 181 172 160 236 237 66
    213 15 168 130 255 12 2 151 52 72 143 106 140 78 192 73 231 101 172
    155 249 222 129 227 24 143 137 202 235 3 60 111 3 113 24 241 183 65
    67 2 235 181 222 118 69 179 19 52 185 222 88 16 228 56 161 59 221
    136 66 157 125 194 188 223 174 84 216 73 56 219 250 202 7 19 247 106
    231 185 144 245 164 110 30 127 30 192 118 196 6 16 150 107 148 161
    12 188 219 142 186 198 241 17 200 238 153 213 197 85 249 115 136 139
    133 182 161 77 27 77 240 219 179 85 33 242 233 209 197 173 0 141 10
    149 67 44 115 66 120 195 161 127 158 17 225 37 184 25 65 102 76 147
    128 228 118 135 216 232 88 15 119 88 9 12 9 104 190 49 2 148 142 241
    246 83 137 31 136 88 157 58 166 229 110 203 165 27 213 97 233 176
    228 166 45 176 142 149 252 38 158 154 125 60 76 124 99 50 17 231 80
    226 13 116 144 166 209 248 46 97 148 185 2 75 251 12 137 101 70 201
    225 153 81 215 87 14 63 145 218 145 55 175 30 13 18 247 237 84 18
    150 254 161 120 97 196 120 100 244 251 130 97 93 18 7 57 172 183 210
    241 79 169 227 249 109 44 79 234 250 78 107 62 240 122 120 114 113 6
    215 13 114 2 180 46 247 233 115 135 98 155 20 39 105 204 92 47 210
    58 105 232 98 34 119 221 158 186 112 0 123 163 54 112 129 68 13 231
    68 71 146 104 172 36 16 241 54 140 139 180 222 175 185 191 177 156
    249 82 40 237 210 134 227 22 66 67 174 101 9 60 65 240 186 209 148
    125 109 206 171 42 164 122 36 250 43 55 151 24 61 15 100 158 142 195
    168 209 53 180 193 189 40 240 155 206 56 124 209 241 37 187 90 15
    228 110 132 128 121 51 14 117 118 235 220 111 65 146 60 129 73 144
    101 219 112 139 13 144 6 121 196 130 97 214 164 58 249 152 5 66 169
    121 133 212 182 224 223 211 8 22 133 69 17 76 37 40 168 175 120 113
    246 230 234 59 96 42 17 195 123 45 201 233 139 69 224 4 114 63 145
    147 231 8 254 0 82 237 79 207 186 82 10 218 10 236 51 215 109 19 53
    22 245 126 24 149 11 159 225 247 32 29 117 115 147 98 154 76 228 109
    241 203 7 254 81 138 11 3 238 45 54 13 80 196 102 88 16 93 110 14 75
    68 246 250 211 40 123 142 24 231 226 152 235 229 77 97 10 135 11 190
    240 178 125 43 142 6 118 144 167 181 67 160 206 200 19 122 176 200
    136 1 129 75 165 78 182 185 227 140 91 61 196 225 2 21 105 127 39
    154 166 147 7 115 69 101 187 39 25 118 2 57 146 168 114 156 197 139
    225 150 189 116 13 243 169 129 126 23 9 163 93 99 47 56 180 5 67 175
    176 166 154 193 178 229 196 141 100 144 16 97 186 40 146 36 198 153
    91 135 78 57 60 129 236 167 247 131 141 42 3 94 47 200 63 118 53 87
    163 111 113 248 208 199 72 72 78 166 56 149 126 16 209 127 179 50 65
    135 222 97 38 221 40 83 35 36 96 168 213 31 252 222 32 113 218 6 103
    64 99 109 6 169 198 79 94 40 173 195 42 34 222 231 15 198 249 203 13
    36 227 181 194 232 207 46 197 49 65 35 117 33 171 219 119 112 154
    120 40 150 211 57 46 207 32 62 180 44 204 225 216 133 206 99 88 118
    241 206 137 111 163 54 123 126 232 73 55 93 63 73 124 112 186 221 19
    222 83 216 95 137 216 199 45 234 188 51 113 205 206 14 200 139 129
    198 116 207 177 14 159 156 54 132 160 127 20 234 144 128 189 250 221
    134 140 26 210 101 45 157 181 229 146 74 176 221 135 48 104 126 170
    198 8 203 50 188 149 97 30 118 209 60 23 111 223 224 102 53 83 10
    150 169 16 99 16 204 40 102 86 212 130 220 155 94 116 41 67 250 27
    229 241 174 143 107 96 221 190 39 51 153 254 63 204 114 72 55 203
    220 123 75 91 0 202 12 34 227 158 37 85 224 207 203 2 223 69 11 104
    84 26 13 169 254 49 66 235 13 187 91 203 62 182 64 239 224 79 118 13
    201 172 164 215 142 109 197 101 226 29 35 170 235 5 60 231 151 65
    115 0 221 91 66 227 182 209 240 61 90 33 172 84 231 188 213 128 115
    109 91 71 239 180 33 249 120 187 76 24 165 17 157 243 87 217 32 137
    100 157 250 191 151 152 61 139 81 172 189 209 3 52 1 242 222 222 73
    107 251 164 97 149 101 163 108 194 151 5 37 58 36 255 77 251 109 38
    245 220 215 111 244 111 112 182 249 138 48 245 110 209 212 117 187
    116 35 239 38 56 207 97 207 114 14 126 81 127 192 170 181 129 237 99
    215 210 143 169 41 53 247 201 216 62 187 238 232 121 159 55 98 252
    247 127 177 5 88 40 242 151 74 248 60 200 89 135 244 195 122 89 248
    128 223 20 89 7 104 147 126 100 12 24 171 237 75 21 99 95 71 110 8
    215 176 94 242 240 248 43 235 193 71 20 223 128 68 22 19 207 14 47
    15 80 237 3 10 237 141 86 222 254 122 77 183 186 238 179 75 102 179
    223 43 210 129 160 120 5 219 178 85 32 217 227 182 152 87 216 3 27
    55 21 80 164 32 131 16 254 19 195 144 51 32 223 35 95 206 24 145 177
    213 240 54 19 193 78 227 71 205 177 118 34 13 58 142 222 75 208 159
    180 68 7 17 158 166 31 93 27 222 16 2 72 214 127 197 237 16 149 164
    181 14 54 149 211 186 240 81 133 53 69 62 32 5 151 133 56 10 36 30 0
    111 175 98 110 182 1 33 46 13 98 200 183 34 65 173 145 186 81 138 90
    92 8 12 225 213 81 36 248 113 242 182 18 161 203 86 141 107 20 232
    60 124 65 90 88 77 107 109 211 214 71 101 232 7 234 108 9 179 129
    214 189 40 34 186 186 112 156 105 38 131 249 65 12 133 58 142 114
    227 170 205 196 224 155 17 239</data></test_img>
<my_img type_id="opencv-matrix">
  <rows>128</rows>
  <cols>256</cols>
  <dt>"3u"</dt>
  <data>
    80 255 230 103 255 0 255 0 93 255 174 68 255 255 138 255 255 152 182
    0 1 0 65 175 30 22 255 212 188 127 217 255 0 190 140 0 250 255 243
    212 247 0 255 180 154 185 188 15 47 82 131 40 162 69 120 248 119 0
    46 0 207 19 114 104 190 255 174 255 0 255 255 0 193 150 0 233 250 47
    206 0 227 255 107 255 237 0 121 0 168 80 234 104 153 22 126 222 0
    180 255 95 127 142 255 127 255 130 246 153 255 130 230 192 131 2 0
    14 217 0 249 86 255 89 232 92 255 0 186 255 0 255 60 255 189 31 0
    197 58 0 0 0 73 9 0 0 172 223 131 10 255 255 214 145 198 0 187 245
    79 45 13 255 45 147 254 234 71 98 3 187 131 18 185 139 114 0 0 0 26
    40 0 74 163 181 202 255 202 201 0 13 245 70 156 0 72 119 255 69 31
    255 165 1 134 136 0 0 22 154 54 14 127 80 255 73 252 113 138 225 0 0
    255 255 0 221 113 255 13 97 22 0 71 0 255 101 61 4 0 103 83 67 0 45
    64 255 255 171 33 213 255 0 172 0 142 0 255 0 0 0 8 0 44 220 197 255
    58 255 156 0 200 80 229 0 197 0 134 233 237 124 0 0 186 0 153 255 59
    61 193 0 255 148 255 155 0 234 255 107 95 59 88 0 0 255 163 210 163
    201 166 255 70 87 33 138 35 123 115 0 93 255 46 0 37 255 188 45 14
    166 191 246 200 236 255 25 239 54 0 115 90 96 255 0 206 131 255 148
    125 255 255 145 0 216 82 250 153 0 60 255 97 0 255 179 66 0 255 35 0
    47 0 98 92 53 255 202 0 0 255 146 255 130 255 103 255 255 0 64 0 255
    185 0 239 223 66 171 255 0 16 140 186 0 0 225 30 0 0 105 253 66 0 0
    86 238 216 255 255 0 0 162 0 1 255 220 255 0 195 219 0 255 157 23
    253 0 67 116 0 60 67 0 23 203 0 125 129 0 255 220 234 255 255 252 41
    240 32 78 212 0 222 222 174 214 202 255 155 72 255 255 255 147 223
    139 0 42 228 16 0 188 180 231 255 142 25 122 0 165 35 255 121 0 144
    175 124 135 212 187 0 34 0 101 255 255 232 234 67 255 255 179 255
    255 221 99 193 255 255 255 154 0 255 226 0 78 194 255 173 85 26 159
    170 212 15 202 20 255 160 255 255 74 217 0 160 255 103 115 153 255
    255 68 149 0 71 221 187 181 162 0 255 255 0 225 95 60 137 255 0 0
    208 255 94 225 111 130 45 248 172 31 255 37 95 23 70 191 255 225 84
    0 139 148 0 255 255 225 255 255 166 255 239 80 26 57 0 173 248 0 76
    242 148 13 3 211 255 154 42 40 172 71 49 248 31 5 169 51 201 0 189
    253 255 177 0 255 203 158 255 255 213 147 101 0 91 20 137 0 70 72
    248 127 255 0 255 185 104 45 12 241 255 21 255 234 255 255 0 0 255
    255 0 0 255 183 255 0 0 220 118 56 55 30 75 190 143 167 213 117 215
    189 0 230 207 238 110 25 63 255 255 255 202 227 0 0 8 255 164 17 255
    243 146 146 166 76 227 0 8 34 230 0 200 48 109 255 255 0 50 255 5
    152 130 0 255 24 0 0 18 49 255 154 186 169 225 36 86 255 234 255 217
    255 0 0 255 151 0 0 155 255 80 87 0 255 45 192 113 196 255 58 0 176
    255 10 149 248 0 255 125 246 255 102 0 255 255 0 255 229 76 0 175 0
    0 0 162 41 0 105 153 216 56 82 69 253 79 255 217 52 204 255 224 53
    181 195 255 167 79 255 255 137 255 112 103 40 255 43 118 238 35 225
    217 151 249 201 111 169 44 255 23 231 0 255 43 255 255 98 117 148 0
    217 0 255 128 255 9 0 38 127 0 88 255 0 255 255 239 128 255 68 0 0
    255 67 116 255 0 142 255 219 68 59 255 0 154 255 51 32 255 128 159
    150 0 0 255 252 156 0 124 255 113 41 0 224 0 145 255 209 148 55 160
    45 206 255 0 255 223 174 0 255 0 137 212 64 0 212 0 234 0 195 0 229
    0 128 44 83 255 189 0 255 66 0 230 255 255 0 110 0 171 65 104 255
    255 255 255 99 0 150 255 117 46 31 0 49 0 255 152 4 212 0 58 255 0
    202 255 0 0 255 255 255 181 0 0 165 34 255 63 102 0 63 71 200 255
    104 0 36 37 0 232 234 0 39 255 19 255 255 155 179 169 101 194 0 246
    45 0 91 0 196 107 255 170 51 207 255 255 203 230 193 63 77 255 22
    232 0 69 255 217 71 0 141 178 46 243 143 250 20 218 52 0 196 0 122
    173 227 218 26 0 255 255 0 173 255 128 237 0 255 106 231 132 151 255
    0 228 7 0 68 236 255 0 255 255 140 0 128 249 255 51 173 28 88 154
    255 51 234 255 239 92 255 34 81 139 255 34 0 173 246 60 185 238 255
    135 149 20 248 255 122 133 84 124 148 0 32 255 255 214 249 122 231
    255 199 226 0 171 125 156 98 59 184 187 130 18 245 82 179 255 0 129
    228 0 233 25 0 171 7 28 91 231 69 85 73 45 245 255 196 255 56 198
    255 0 56 53 27 255 0 190 6 255 176 0 0 0 0 0 20 0 0 255 32 49 106
    255 0 85 255 233 87 40 42 119 133 255 246 0 155 255 255 13 64 32 42
    138 241 255 209 92 245 100 46 194 53 160 7 0 32 0 157 64 157 0 255 0
    92 255 69 255 241 0 255 162 255 209 208 70 0 245 88 154 194 0 255
    221 255 255 255 206 255 166 255 174 103 50 16 24 138 147 0 113 96 92
    0 249 156 255 255 0 72 14 255 115 0 0 0 0 0 255 0 21 0 0 217 0 45
    255 127 132 0 104 203 125 0 18 43 0 123 0 0 39 239 255 160 255 213 2
    255 0 173 255 186 117 255 134 0 68 72 41 82 100 0 244 0 255 255 0
    233 28 126 0 103 11 244 12 213 246 250 255 119 255 250 0 255 131 0 6
    225 255 159 239 0 17 4 223 15 255 19 0 255 255 144 255 30 103 31 223
    65 0 255 212 13 141 135 43 0 0 0 183 0 0 255 245 243 154 255 97 223
    196 15 224 37 71 138 217 138 39 38 255 0 255 86 155 255 255 184 204
    223 107 74 255 61 143 6 127 231 0 233 255 101 155 129 103 90 242 99
    0 255 20 0 145 179 70 0 0 81 0 208 255 255 134 89 94 206 237 21 0
    255 143 15 111 60 0 178 216 0 255 0 215 86 221 99 72 171 149 0 255
    222 117 216 94 167 0 116 201 126 164 63 255 133 164 210 255 194 20
    152 255 0 199 109 146 255 0 112 255 53 211 112 192 8 154 106 215 44
    0 138 255 121 234 174 130 0 255 29 255 255 46 99 0 255 103 180 73 0
    0 0 140 47 255 0 0 111 0 213 27 69 82 27 58 255 103 173 255 218 255
    201 100 255 173 0 63 0 204 171 75 95 0 91 227 164 0 185 117 136 180
    157 60 255 78 0 67 154 221 10 157 90 255 255 150 82 54 202 255 85
    255 0 0 220 0 155 46 199 0 0 0 178 18 0 0 120 97 151 60 193 116 68
    255 199 114 91 255 69 103 242 0 2 255 255 0 255 255 0 27 15 0 108 73
    129 136 87 255 0 110 39 118 218 64 76 126 41 212 21 96 253 134 0 116
    145 0 166 108 230 255 0 0 49 65 231 0 99 0 255 118 0 255 255 86 17
    91 29 131 139 36 24 146 255 255 46 164 0 8 249 0 0 255 19 0 0 129
    255 0 255 243 255 83 0 87 104 255 209 0 61 0 255 0 103 255 132 255 0
    29 162 147 146 208 0 67 0 134 232 255 255 22 169 204 17 0 30 255 8
    230 192 255 0 166 0 213 23 115 188 226 0 251 2 116 246 231 201 15
    216 177 0 91 198 156 78 163 15 255 130 46 0 185 255 255 0 5 247 217
    235 255 194 0 247 24 206 255 186 22 255 255 255 105 194 0 57 23 204
    0 175 88 0 3 29 225 32 255 255 255 147 86 48 255 13 255 39 0 255 185
    64 17 139 116 66 147 0 143 199 193 92 193 0 27 112 100 0 255 255 58
    255 0 0 0 251 0 244 255 23 148 133 47 98 172 191 0 0 0 255 0 70 255
    255 203 94 255 255 12 110 17 135 88 135 93 185 148 0 255 255 192 112
    255 144 209 12 112 255 255 132 239 0 241 169 55 0 171 255 82 255 162
    255 140 140 191 48 52 21 241 125 255 0 228 255 0 146 37 255 124 44
    214 182 255 225 220 142 0 48 0 0 51 230 180 0 255 255 91 88 210 38
    165 150 149 19 255 188 0 30 54 109 42 201 189 255 255 126 47 173 0
    116 255 99 243 255 255 70 238 224 0 255 255 242 255 72 0 85 149 79 0
    216 0 0 99 237 0 136 69 203 168 76 28 0 96 25 255 25 91 128 255 74
    83 255 227 0 81 0 0 0 165 0 255 207 143 38 255 63 0 227 67 40 195
    106 107 255 110 255 212 62 0 33 200 206 230 0 0 24 0 0 0 22 45 6 126
    9 255 80 185 255 25 250 255 155 43 241 254 0 169 214 66 101 73 215
    255 255 0 228 33 112 255 61 102 255 114 54 170 231 0 53 0 0 0 94 255
    0 88 255 125 23 108 227 0 226 242 0 106 20 5 207 0 26 30 75 24 0 255
    0 243 255 252 158 255 21 99 255 255 255 255 103 250 0 176 255 127 17
    39 106 255 42 255 79 13 144 121 122 0 146 215 255 0 220 113 160 27
    243 0 98 89 255 122 255 255 246 255 246 255 208 255 128 42 0 169 216
    255 157 201 27 255 0 255 139 255 196 65 223 255 136 113 0 0 0 255 29
    186 225 11 0 202 124 164 255 179 105 0 212 0 255 255 0 83 15 150 140
    255 255 48 170 113 23 232 140 0 0 0 0 255 0 245 97 255 255 255 48
    111 255 121 50 255 18 58 255 226 202 255 21 156 72 255 255 255 85
    204 255 94 243 0 255 0 89 179 76 0 172 0 33 255 211 66 19 226 231 0
    74 0 255 255 135 229 255 208 145 169 149 134 13 218 46 215 76 177 0
    103 218 215 122 0 0 233 174 236 163 213 34 39 29 255 37 255 159 151
    0 65 131 72 236 0 191 255 33 255 102 119 185 75 0 0 64 0 255 0 199
    255 79 220 96 0 255 248 49 202 0 0 136 0 42 255 37 145 205 0 81 147
    255 255 243 255 149 255 15 138 255 255 70 143 106 165 47 74 124 255
    0 53 225 255 113 0 4 31 52 0 128 127 107 13 0 236 240 178 15 0 0 255
    0 255 38 17 168 147 137 25 0 55 0 0 22 76 25 255 0 197 74 0 255 255
    36 76 168 147 83 14 131 252 40 37 252 196 166 193 62 119 0 0 132 255
    103 115 255 153 235 255 244 0 149 255 206 61 62 207 0 19 247 148 226
    0 66 100 143 242 255 130 255 0 29 121 0 0 170 255 255 0 0 78 255 121
    0 184 83 61 20 252 137 115 255 0 57 0 255 21 6 109 253 83 160 0 255
    0 139 241 0 171 18 0 0 224 0 255 0 10 0 12 80 255 147 255 255 37 164
    17 241 54 215 92 179 106 255 80 247 255 255 0 4 0 19 255 91 151 143
    255 39 92 255 55 0 94 242 255 57 13 102 233 156 136 110 146 34 100
    241 0 102 76 189 86 255 164 18 255 154 0 114 255 176 183 107 0 24
    109 176 220 214 5 62 219 255 31 255 255 6 204 148 0 75 150 217 218
    255 21 23 22 33 81 255 255 255 255 244 227 57 164 255 255 116 229
    255 151 130 0 255 0 81 0 0 207 13 0 214 155 0 162 141 0 59 255 226 0
    255 82 0 47 211 255 0 255 211 255 0 255 87 235 249 19 110 213 0 255
    66 101 0 50 0 65 255 231 255 255 7 179 234 93 206 166 173 141 255 26
    42 10 141 250 0 112 0 255 112 253 255 104 0 219 242 252 40 74 244
    157 23 152 255 32 125 91 90 255 49 255 255 232 255 0 241 84 0 62 87
    53 0 39 165 101 137 193 0 242 184 125 145 157 57 0 54 144 224 29 17
    99 255 0 155 18 31 0 255 255 0 86 0 244 61 0 235 0 244 151 0 255 255
    133 0 255 56 163 0 231 113 92 255 255 133 0 227 73 205 157 255 107
    180 143 108 0 198 255 61 255 21 172 0 40 255 199 76 122 188 255 150
    97 182 17 0 0 192 183 134 63 255 148 32 97 255 0 255 255 0 255 58
    204 107 58 135 135 167 0 150 174 41 43 255 255 205 255 143 0 195 124
    255 0 255 210 29 97 132 6 0 97 255 32 219 255 39 16 83 255 228 97 0
    3 0 255 0 191 252 0 134 20 0 255 0 89 0 0 255 15 69 201 0 255 33 255
    19 44 0 0 255 0 1 255 222 255 240 150 250 111 111 0 57 255 0 163 0
    169 224 107 75 178 170 100 0 0 210 99 119 57 144 255 79 255 255 12
    144 0 0 181 171 0 0 85 60 0 255 255 10 201 255 255 0 255 34 59 48
    183 221 0 0 229 255 12 66 157 255 3 143 107 69 8 0 223 0 56 147 12
    79 0 67 255 69 250 236 0 59 29 255 29 0 45 244 196 5 0 191 41 0 219
    156 51 219 0 47 54 183 138 127 0 81 0 86 148 255 255 255 180 255 85
    26 206 0 0 200 107 0 63 0 255 0 194 255 0 31 247 0 126 232 255 202 0
    107 33 255 0 237 226 33 45 58 71 185 0 255 180 254 0 255 43 255 255
    44 224 255 0 201 253 0 0 0 243 0 234 166 255 134 219 0 95 25 87 100
    213 125 97 255 255 0 132 255 50 255 0 32 186 53 0 80 30 251 113 164
    171 185 255 255 255 28 101 0 0 27 88 215 55 0 158 139 212 255 212
    255 153 212 255 120 209 12 29 208 58 198 234 214 103 28 204 0 17 255
    108 255 214 231 0 0 137 127 81 43 156 5 187 45 145 93 144 144 204
    255 0 161 214 51 222 101 255 144 255 119 219 98 25 162 208 69 1 67
    130 39 0 141 26 201 156 255 12 24 121 255 0 255 255 147 180 0 255 0
    0 174 0 7 198 234 148 111 174 207 133 0 0 156 0 43 0 230 0 211 57
    255 255 70 84 53 230 255 249 255 188 255 255 78 182 0 43 0 255 130
    89 0 122 178 200 41 104 255 135 85 180 0 202 155 255 74 45 178 109
    255 0 255 88 33 255 99 18 38 255 255 51 139 255 0 196 197 82 93 0 0
    100 10 154 149 91 0 114 218 0 255 117 162 81 0 73 255 198 255 122
    201 196 18 146 0 129 255 214 255 0 81 255 255 206 255 248 0 16 255
    229 0 168 253 49 0 255 0 132 123 255 0 255 120 171 255 38 0 115 102
    115 135 255 255 0 71 243 83 24 0 0 255 103 229 108 72 255 255 31 0
    121 255 0 0 28 141 43 244 75 222 187 255 217 7 0 0 0 37 189 0 150
    223 230 190 223 27 0 255 165 6 216 255 255 121 255 154 250 255 238
    40 228 0 20 113 0 120 1 255 200 255 39 0 141 68 255 166 170 237 118
    245 0 255 0 0 185 11 106 99 192 194 0 0 57 255 125 16 24 59 237 255
    0 255 150 0 255 1 255 189 0 0 0 136 0 150 137 255 213 150 0 49 0 162
    57 29 37 0 25 85 17 22 255 243 92 255 12 218 20 51 0 0 26 193 41 0
    115 255 27 96 6 54 131 0 158 41 11 108 0 233 42 59 255 255 186 116
    142 255 15 210 255 130 119 117 174 40 255 201 192 199 0 0 97 250 108
    164 193 255 0 0 255 176 0 192 218 255 201 233 249 0 177 76 0 255 123
    97 104 68 235 158 255 0 255 72 99 49 35 212 255 126 255 0 0 39 0 224
    163 0 0 5 119 178 212 0 167 159 0 51 46 255 0 0 255 85 36 43 11 133
    47 58 114 105 56 173 69 60 164 255 255 50 255 69 255 208 195 192 0
    108 2 255 0 19 27 88 3 255 83 0 205 195 99 147 84 255 0 31 255 178 0
    199 59 0 50 0 195 2 242 6 255 204 0 255 249 39 113 51 185 0 75 115
    142 227 165 85 0 0 79 255 255 255 72 255 255 39 182 66 119 189 22 0
    83 67 255 32 0 66 0 220 0 46 0 255 0 0 0 26 250 100 92 254 255 69
    215 172 177 0 11 21 23 236 0 0 255 121 145 238 255 255 255 116 77
    162 152 0 19 88 0 111 189 0 0 255 209 135 0 255 116 229 158 17 0 128
    255 0 54 8 172 0 229 255 0 16 204 226 0 86 147 0 0 0 160 207 231 0
    66 255 9 255 82 163 255 28 44 72 182 98 160 0 0 80 236 255 127 0 200
    255 0 68 61 255 223 120 195 13 224 0 0 206 56 210 65 151 26 224 4
    157 0 216 226 11 125 253 255 190 255 236 39 59 8 0 0 32 0 176 10 0
    183 138 43 0 255 180 126 137 0 71 64 255 191 0 168 18 173 34 255 41
    255 0 255 32 4 255 117 255 255 255 24 174 93 128 177 255 0 142 234
    36 0 153 136 255 25 142 255 110 0 190 0 212 44 24 136 54 229 223 187
    164 0 144 136 255 32 255 0 255 50 233 244 0 0 149 167 0 88 141 31
    255 255 16 255 205 245 44 183 252 33 66 255 79 0 0 225 210 249 0 143
    255 114 58 22 0 0 215 167 255 64 228 0 203 167 249 0 166 165 217 0
    195 232 66 255 0 255 0 255 255 206 67 255 0 255 0 0 255 247 51 224
    255 0 251 199 149 114 0 221 255 255 128 255 255 65 0 255 0 255 149
    153 38 0 255 255 0 206 255 0 93 65 86 204 246 98 255 255 100 55 78 8
    255 44 202 255 0 131 29 39 209 138 218 255 5 149 255 133 170 160 26
    216 134 134 115 138 253 0 0 176 255 167 0 57 66 149 241 61 255 0 255
    195 148 217 0 255 0 255 255 255 210 255 0 255 0 255 121 197 136 0
    170 255 11 255 98 19 255 255 109 79 255 89 107 0 0 255 227 0 255 67
    192 71 255 255 113 156 255 217 4 255 141 12 107 29 206 148 255 220 0
    0 0 15 0 220 255 56 255 34 194 255 154 255 146 51 255 255 243 255 11
    50 0 42 107 248 76 0 124 133 255 69 231 254 71 39 114 0 142 78 57
    255 0 19 151 154 208 0 0 232 17 255 205 178 214 171 35 66 214 156 73
    255 0 216 0 255 0 51 105 0 255 105 0 34 136 0 0 155 227 27 103 21
    232 0 0 41 0 130 0 87 214 255 0 139 255 186 10 0 210 255 0 0 0 50
    255 0 151 255 123 255 255 0 255 111 117 52 0 255 0 79 75 139 200 0
    134 0 43 237 0 111 33 255 146 151 174 0 74 38 234 0 88 114 255 0 109
    5 37 4 179 255 0 86 156 236 206 0 0 0 255 255 255 83 140 0 67 219
    255 0 202 0 0 35 93 138 6 199 5 6 255 19 189 117 125 255 0 255 212 0
    0 93 199 36 187 255 255 150 164 197 143 253 80 242 85 68 90 64 207
    86 0 255 167 235 77 0 180 255 164 0 133 251 253 31 177 16 58 0 8 166
    254 255 12 163 178 29 139 0 161 162 0 0 255 0 0 255 133 131 238 147
    212 173 160 3 0 0 0 46 76 122 0 255 253 49 103 120 255 192 71 255
    253 56 53 0 0 46 236 76 0 0 176 255 39 189 255 7 75 0 0 233 99 255
    82 179 255 255 81 169 0 150 46 232 102 71 92 255 165 74 0 0 255 255
    0 139 5 161 127 97 255 0 0 168 0 207 176 8 0 222 108 172 205 29 88
    79 32 255 250 255 142 170 94 0 72 25 255 255 141 44 146 0 0 220 86
    39 255 117 255 255 0 211 163 255 0 107 255 77 0 255 246 0 66 0 0 74
    255 255 124 40 0 197 118 255 210 0 150 131 0 255 193 168 28 0 203 0
    255 114 146 62 240 84 255 3 223 0 0 111 40 59 0 140 0 255 255 221 62
    81 247 244 193 38 0 255 255 255 255 76 66 118 9 178 104 175 240 23
    226 0 255 16 183 255 207 244 43 255 228 231 0 147 214 255 180 255 41
    71 190 255 217 255 53 94 15 238 45 255 43 160 133 172 2 255 255 154
    110 181 0 0 255 19 56 255 255 113 108 255 0 101 87 255 255 122 200 9
    107 255 60 255 255 48 0 231 255 185 213 0 244 115 249 199 135 0 218
    0 188 196 2 255 228 118 0 199 255 255 255 15 255 124 109 244 60 206
    0 0 120 0 80 19 0 44 83 204 207 29 130 117 152 132 125 124 78 24 255
    194 205 0 190 255 153 124 55 218 255 12 255 90 77 0 103 0 204 170
    255 20 77 255 251 255 254 0 147 74 95 218 233 201 55 252 125 4 0 168
    89 134 6 255 58 255 66 0 176 9 165 255 255 255 184 255 219 152 255
    85 196 150 255 162 245 243 0 193 6 0 0 255 224 255 255 69 16 247 117
    0 255 0 88 0 134 85 22 0 238 0 106 255 255 0 87 78 166 0 45 47 0 168
    255 255 0 255 0 211 0 157 139 0 255 255 160 255 250 0 149 222 199
    255 0 35 253 95 0 0 107 18 139 140 0 5 255 196 9 91 150 26 255 0 0
    172 17 255 205 158 255 155 0 111 0 0 212 255 69 0 255 0 0 4 0 199 55
    0 255 255 0 189 31 0 18 0 218 254 0 2 255 79 255 255 131 86 26 52 72
    0 82 183 113 255 255 24 97 174 9 115 117 255 247 255 57 57 56 0 60
    88 0 255 140 255 25 255 41 15 0 0 58 89 129 133 16 61 255 255 255 47
    255 0 135 0 211 116 0 154 250 146 232 255 131 57 255 235 255 234 255
    224 183 186 79 196 229 0 255 255 101 190 212 255 24 255 255 255 13
    233 104 71 0 102 255 0 255 255 237 153 166 249 156 98 163 255 0 0
    173 195 146 255 255 0 83 255 255 79 255 255 41 184 241 197 48 255
    178 192 255 0 255 0 0 255 249 26 255 0 30 29 113 32 122 141 181 50 4
    153 0 35 1 0 0 191 79 0 255 173 255 0 9 203 0 110 10 0 0 34 134 247
    52 164 1 34 255 112 182 122 253 255 219 178 255 255 217 255 233 0
    163 183 55 255 255 243 255 173 255 21 255 255 188 165 0 255 218 0 30
    174 255 223 255 228 125 255 255 180 169 210 208 255 224 40 71 233 96
    0 178 255 48 32 0 76 0 206 80 0 0 0 86 180 0 128 236 223 255 0 185
    252 0 74 0 51 0 196 255 255 255 255 249 168 186 0 36 19 0 0 162 0 0
    53 225 0 255 110 255 182 139 255 0 255 141 144 149 0 194 0 50 44 0
    131 46 255 42 190 255 185 5 94 49 125 255 255 163 196 194 255 0 0
    128 255 179 255 0 0 75 255 207 241 255 161 29 255 33 115 0 157 255
    248 65 248 245 0 50 176 103 1 255 0 0 27 0 0 255 255 0 146 132 0 174
    200 36 0 0 255 19 139 0 57 255 252 8 255 0 0 0 159 202 146 59 180 86
    141 161 0 0 252 43 255 0 255 255 0 0 33 176 222 152 255 230 92 0 151
    88 212 29 0 0 0 45 255 6 255 86 142 190 184 174 235 13 255 13 87 255
    150 14 125 167 255 255 255 0 101 255 219 255 1 29 255 128 251 231
    169 72 0 88 227 13 61 135 210 52 255 234 251 118 77 255 252 152 61 0
    209 0 158 47 0 212 255 255 210 255 0 217 0 103 100 96 110 229 117 0
    0 36 255 230 63 255 81 246 222 0 9 255 170 0 206 2 0 227 101 113 52
    140 255 54 0 0 255 169 13 255 255 229 45 255 0 217 255 0 0 47 144 14
    255 91 255 174 221 255 0 255 146 0 160 0 0 209 120 27 162 0 70 76
    255 0 244 255 255 66 255 133 0 255 16 180 4 255 141 0 36 255 247 0
    255 255 0 255 30 0 0 144 79 151 14 132 118 75 254 142 253 178 0 255
    255 0 236 255 51 175 61 255 255 255 26 255 180 255 186 102 255 0 217
    227 153 254 90 255 19 110 0 48 166 10 139 176 161 215 255 79 228 117
    255 35 0 111 220 0 164 255 40 229 0 0 192 219 34 228 255 0 161 183
    115 198 0 255 87 62 255 255 210 35 59 255 255 255 35 51 67 191 255
    211 0 255 110 0 143 139 0 146 255 100 234 130 153 0 114 89 0 49 77 0
    124 20 255 17 7 109 113 0 91 255 27 0 95 157 166 244 124 169 29 69
    255 64 0 240 34 0 96 230 0 18 255 51 37 255 3 0 255 94 105 206 255 0
    5 255 255 234 104 238 200 11 162 0 153 255 0 222 255 237 199 178 231
    114 0 139 178 0 40 36 252 139 202 0 42 0 213 132 255 255 0 100 255
    79 255 4 255 146 0 78 255 9 170 246 143 170 119 255 10 255 94 201
    255 25 183 41 146 255 69 255 0 255 71 179 255 255 109 136 16 118 255
    236 241 0 255 66 212 166 0 72 112 255 255 91 18 179 105 68 57 255
    248 194 119 255 229 0 185 255 255 255 56 189 0 21 33 135 0 255 4 168
    255 184 255 111 107 255 201 59 255 118 255 15 255 30 0 23 0 64 189
    194 255 120 255 64 87 0 117 62 255 30 57 28 238 255 0 35 63 200 83
    129 255 255 239 0 17 0 103 136 0 255 123 27 49 0 249 213 57 0 194 0
    255 13 66 255 0 136 255 0 255 241 0 188 200 0 213 94 197 15 158 255
    255 28 255 15 255 146 89 106 181 198 0 194 244 0 255 255 16 19 126
    10 255 188 62 12 245 252 118 219 144 192 255 255 56 1 144 210 255
    194 0 73 165 255 74 233 22 10 107 10 164 244 0 234 238 255 41 39 255
    255 131 6 0 0 90 0 145 0 0 233 64 0 16 75 255 88 0 255 204 176 255
    41 17 183 0 255 0 145 15 78 255 127 63 210 83 93 121 232 255 0 69 45
    11 0 99 213 0 18 92 0 63 160 255 235 0 83 106 90 170 255 0 140 0 81
    255 255 52 255 0 255 145 255 0 125 0 241 121 255 67 27 255 255 255 0
    220 255 0 255 255 209 154 0 86 0 255 141 0 0 0 226 250 255 255 255
    202 149 255 0 255 0 0 255 246 213 66 61 250 255 255 233 255 229 90
    56 61 0 145 74 0 107 0 42 71 252 255 57 251 0 224 116 56 186 0 255
    255 255 255 255 108 72 255 60 228 41 149 220 73 255 255 167 1 48 242
    123 91 212 156 62 99 255 0 137 0 0 133 255 255 188 223 82 0 255 0
    210 255 98 64 0 0 0 62 0 72 84 184 148 223 44 193 5 252 55 255 0 255
    0 224 107 61 255 194 255 199 228 186 199 122 0 185 0 255 255 131 212
    255 39 202 99 9 58 222 255 255 33 132 255 121 169 104 225 164 229
    243 0 126 48 84 0 255 187 140 255 0 255 68 29 79 152 254 0 0 75 89 0
    0 255 245 255 255 50 41 255 173 239 13 255 177 255 162 176 0 255 102
    92 111 85 30 255 31 0 255 52 0 43 255 86 229 3 0 0 69 46 146 255 20
    0 168 120 6 57 243 50 0 255 237 168 248 210 33 237 18 82 0 145 255 0
    5 30 101 0 73 0 1 140 30 139 39 55 52 255 255 255 224 33 255 57 255
    140 167 115 0 202 0 185 253 30 0 0 194 156 0 106 97 84 237 239 232 0
    7 0 233 133 4 161 79 0 0 0 228 255 255 80 227 137 69 157 67 255 238
    158 221 235 119 182 138 255 255 255 218 17 255 255 45 0 0 60 243 59
    69 255 128 139 21 236 149 62 184 255 0 255 0 223 236 125 99 219 107
    36 0 179 106 255 58 42 143 255 14 0 202 35 229 0 69 0 0 4 3 0 149
    255 28 217 75 0 0 255 122 0 154 255 0 0 15 255 176 187 255 218 231
    176 255 222 240 1 0 255 38 0 25 0 4 255 11 218 4 255 165 127 45 181
    116 41 161 79 0 172 117 255 153 198 255 135 0 0 42 0 255 6 252 98
    255 193 255 133 36 22 60 255 151 22 248 0 152 226 205 41 0 120 35
    184 217 46 252 255 122 0 178 189 0 0 227 209 28 161 0 1 0 114 0 207
    226 255 255 222 241 149 94 255 255 103 226 249 65 93 225 191 135 181
    0 136 255 0 139 35 153 0 255 185 190 255 255 255 0 154 241 138 26
    254 0 204 255 250 60 198 159 0 5 137 0 252 16 255 0 0 85 0 15 87 0
    255 207 214 249 255 196 0 116 107 0 121 159 245 0 255 73 158 204 187
    49 32 147 0 0 230 11 0 48 236 76 57 73 38 0 143 0 227 0 9 0 34 57
    163 14 255 155 0 255 58 255 255 85 200 255 73 65 0 195 255 136 255
    255 0 0 0 0 139 0 126 255 30 117 20 0 255 42 0 67 171 50 0 255 25
    255 255 218 233 0 55 245 42 16 255 85 232 225 193 166 255 255 177 25
    0 248 2 173 0 212 161 255 159 253 219 255 0 255 255 31 0 198 100 255
    77 53 34 63 40 252 248 84 0 255 255 255 0 210 255 2 129 208 145 255
    95 255 0 253 203 0 220 111 178 27 39 233 255 134 164 255 49 232 75
    17 193 255 177 170 193 224 8 100 119 66 255 151 255 255 255 255 119
    188 29 246 169 137 120 117 0 13 6 132 133 0 0 0 220 203 173 255 81
    58 255 255 40 0 251 255 83 255 129 244 209 228 255 255 255 255 206 0
    255 87 255 25 255 143 105 86 123 126 255 255 255 0 21 0 33 53 10 71
    26 14 255 6 0 226 227 83 213 0 255 182 0 102 96 0 229 0 0 255 0 54
    15 0 229 0 75 0 23 255 161 0 0 234 255 202 93 124 0 0 255 0 212 239
    255 0 0 164 0 153 255 119 3 255 251 255 0 53 129 255 255 246 125 55
    142 255 86 128 40 0 0 0 0 35 79 126 142 249 34 99 162 238 0 65 121
    219 10 47 0 122 101 68 255 255 101 104 0 255 255 166 254 207 0 143
    255 186 55 248 226 0 28 92 228 255 220 145 55 0 49 140 0 255 174 232
    151 34 91 102 255 255 10 249 221 218 210 255 255 211 40 215 99 0 255
    76 0 6 255 101 255 53 29 49 177 255 200 255 255 44 121 0 89 0 200
    125 0 89 0 175 210 0 29 82 0 198 255 103 255 255 64 193 255 203 78 0
    255 0 169 0 255 0 231 237 187 0 123 177 56 157 0 255 151 0 255 178 0
    255 153 147 202 0 112 113 255 255 78 25 239 0 30 0 0 255 255 255 183
    27 21 255 239 23 168 157 83 2 0 65 255 124 191 255 148 154 192 37
    255 219 93 220 255 44 17 92 0 0 255 6 0 52 255 104 255 82 117 0 255
    3 0 141 228 0 0 212 0 229 0 18 255 185 196 118 165 0 194 0 0 146 46
    203 0 0 188 0 125 216 100 67 32 154 210 0 235 255 156 0 255 68 108
    211 128 245 139 19 61 0 0 14 0 0 180 230 14 178 54 184 0 0 0 175 0
    44 124 176 5 253 98 255 199 255 18 163 0 85 246 113 0 255 0 235 95 0
    255 104 162 172 136 214 242 185 131 55 98 255 116 89 13 0 255 167 26
    127 115 255 73 174 56 243 39 22 0 142 189 11 101 255 115 227 0 232
    110 0 56 23 168 9 224 0 82 4 0 211 139 255 0 134 17 171 255 17 122
    173 255 62 164 0 214 171 107 255 255 255 0 255 255 0 0 24 16 0 152
    79 255 108 91 127 218 83 154 0 72 82 0 188 0 255 47 140 0 194 0 0
    212 254 203 255 255 139 255 79 85 163 201 255 141 204 12 143 194 7 0
    28 247 180 221 255 64 91 0 211 168 84 128 22 61 255 210 216 255 0
    115 0 90 0 225 231 118 0 164 223 199 0 255 255 103 0 95 255 81 184
    124 34 233 0 118 170 6 155 55 147 14 255 140 218 108 237 201 0 255
    215 80 143 119 68 255 25 0 18 117 127 3 0 175 48 164 126 147 95 143
    255 47 207 130 0 0 223 255 72 0 1 241 255 0 16 78 0 159 0 231 195
    105 103 190 191 194 95 76 124 177 63 219 91 177 133 22 255 0 164 203
    0 242 74 171 242 0 0 146 108 99 178 71 146 233 41 0 38 219 255 236
    209 115 208 0 222 52 70 124 221 251 28 23 35 255 0 251 167 131 222
    72 96 210 101 255 21 78 148 114 255 255 197 139 197 255 197 0 0 95
    241 39 94 228 42 39 255 137 87 120 0 0 6 96 66 22 0 1 18 33 21 246
    97 255 145 160 173 0 190 255 97 0 0 40 147 83 139 0 175 153 0 226
    213 201 121 124 123 50 212 255 0 0 242 0 35 255 18 121 174 178 21
    221 96 80 87 255 0 225 173 238 34 27 71 207 205 80 93 223 50 233 221
    255 15 155 144 81 17 112 0 202 237 213 0 5 0 62 4 211 255 255 208
    255 156 26 0 190 247 0 51 255 0 136 183 83 104 255 154 0 207 0 19
    158 226 83 0 50 51 0 255 0 75 0 104 113 91 255 255 255 24 64 253 255
    159 154 31 255 60 22 5 83 42 8 69 255 0 111 11 255 200 0 234 255 219
    60 169 100 42 0 166 250 9 244 112 150 255 243 0 214 86 0 170 22 115
    48 0 148 255 0 232 99 0 202 89 24 8 81 139 221 255 255 63 217 189
    103 255 8 255 19 255 255 0 255 250 209 255 16 241 220 238 184 0 200
    73 255 79 171 0 0 228 88 33 27 194 255 209 221 69 99 0 41 217 255
    116 0 226 0 56 37 219 255 37 255 94 255 0 255 218 231 145 96 255 184
    0 255 0 255 255 144 0 0 142 52 39 129 34 216 122 91 21 0 130 0 29 30
    197 244 200 147 112 11 255 203 143 91 0 0 189 174 0 238 194 149 96
    104 30 255 255 247 255 255 255 0 87 68 255 97 74 255 62 181 0 0 0
    255 141 255 27 255 255 142 227 160 3 0 124 33 255 136 0 255 173 88
    80 43 107 231 255 0 145 255 58 200 9 18 176 0 169 208 158 0 235 161
    79 0 153 0 0 248 0 255 102 0 255 209 141 0 42 255 121 0 139 195 255
    255 218 255 0 255 53 46 163 0 238 0 255 132 0 217 162 255 111 159
    255 39 162 255 9 221 183 0 172 64 0 188 97 188 50 255 29 255 211 77
    0 136 255 95 0 0 255 255 63 255 197 226 160 255 190 0 0 148 161 255
    0 255 0 2 66 0 145 28 238 0 46 255 106 141 255 255 17 130 0 54 0 0
    186 255 0 0 0 46 174 0 218 205 57 153 188 255 0 163 62 77 255 206 3
    63 75 255 159 127 255 39 19 181 64 28 85 255 255 58 31 65 0 122 54
    13 255 126 212 245 58 63 127 234 73 208 0 51 109 221 255 0 43 247 0
    0 0 177 164 0 5 105 0 255 0 0 255 92 255 255 255 255 77 117 255 255
    232 0 17 225 0 148 31 236 220 255 80 73 57 204 69 0 0 140 85 239 176
    255 255 0 255 43 223 238 11 219 255 137 0 142 91 7 142 255 121 255
    255 255 0 82 106 0 44 254 85 145 59 252 164 73 175 129 137 255 118
    120 255 98 206 241 255 255 97 255 7 255 108 0 0 147 255 52 95 0 0 57
    255 57 65 0 247 60 0 104 102 225 54 114 255 234 222 54 27 255 219 0
    255 0 212 255 72 255 250 0 177 255 156 103 0 0 255 0 171 0 215 255 0
    244 133 133 255 0 255 190 216 169 28 254 0 255 99 255 70 255 245 190
    172 27 102 255 38 198 0 0 233 207 93 0 195 190 226 215 58 0 114 0
    255 255 177 255 59 236 0 0 240 2 0 249 168 0 255 99 27 48 177 255
    232 255 208 101 132 44 64 255 0 255 169 0 0 113 117 94 0 255 124 222
    160 187 19 122 112 0 255 244 42 255 107 74 89 109 152 0 0 174 35 201
    0 177 140 209 0 246 217 175 0 244 255 34 131 252 0 255 9 255 108 119
    28 177 255 254 0 39 0 55 235 0 255 255 0 169 222 160 255 241 255 165
    172 81 255 212 4 255 0 255 159 249 255 70 0 0 120 0 228 0 234 255 28
    182 135 44 0 49 255 172 239 255 237 197 56 41 146 0 191 255 255 232
    255 183 198 145 255 0 182 151 219 0 22 71 189 255 184 255 243 233 25
    148 202 91 162 255 0 238 183 0 16 45 225 222 0 0 0 108 192 75 41 211
    90 226 255 48 75 255 175 243 163 0 255 150 34 62 28 47 0 0 0 37 255
    245 255 255 147 255 255 255 255 255 213 238 185 255 255 241 113 180
    255 116 179 208 42 115 169 127 255 174 72 255 255 249 0 255 198 3 0
    148 12 3 8 205 0 0 255 0 255 255 255 104 109 16 61 217 0 91 0 246
    255 255 255 116 228 52 255 171 133 151 236 139 26 244 176 141 224 68
    5 214 51 71 0 155 255 118 36 255 131 102 208 142 80 255 11 171 255
    74 0 158 0 0 255 60 255 255 255 159 102 4 0 0 173 249 233 255 160
    129 225 255 200 21 80 223 0 245 144 0 220 203 15 255 114 0 221 131
    255 181 255 37 0 64 18 255 82 123 25 237 255 46 10 0 36 162 48 23
    255 255 0 78 149 0 220 0 0 255 250 0 255 0 0 88 243 32 255 66 233 25
    203 56 0 223 236 183 112 255 170 255 118 255 196 197 168 0 215 132
    54 59 136 255 255 140 255 255 255 18 244 15 114 86 0 105 62 249 0 0
    0 0 117 255 0 92 165 151 237 0 114 158 159 60 243 206 255 255 203 2
    33 101 238 0 3 255 255 0 255 130 101 255 126 134 0 52 0 0 211 218
    152 255 154 0 221 85 223 216 255 29 139 173 100 127 214 0 255 140 21
    140 94 235 218 104 211 114 209 0 133 191 167 46 85 255 255 0 234 4
    255 8 0 0 255 0 94 255 0 0 0 122 195 128 227 79 255 255 49 255 24 0
    255 161 252 227 0 153 37 0 0 255 0 18 0 66 0 225 56 12 83 89 6 118
    225 14 15 240 0 85 144 194 0 255 203 21 105 231 48 242 95 255 0 27
    24 255 3 167 68 255 171 31 255 64 57 0 231 255 49 147 161 180 86 206
    1 255 0 190 18 60 148 75 12 255 99 221 0 55 228 24 102 0 255 6 104
    95 255 255 84 0 252 56 0 231 224 48 170 225 70 255 0 255 255 255 255
    0 255 255 24 255 74 20 10 156 108 229 255 168 78 255 203 0 27 210 0
    174 252 255 67 161 114 185 108 255 218 255 254 255 255 0 25 72 223
    245 137 255 0 190 0 117 255 0 55 148 0 0 44 215 70 0 223 200 237 255
    0 45 46 0 102 95 0 0 0 56 230 0 255 255 255 224 249 255 255 198 255
    0 212 13 0 255 0 0 255 112 255 201 167 100 152 201 0 112 0 199 230 0
    44 255 31 255 255 208 0 175 234 255 165 118 255 0 0 255 40 0 255 185
    173 111 120 219 125 118 0 0 27 213 192 211 255 255 11 255 255 255
    101 234 37 159 244 137 247 255 12 156 0 102 41 100 200 192 255 168
    150 105 10 145 255 101 125 108 163 67 255 70 255 117 144 187 0 235
    66 0 102 255 0 95 65 0 182 0 0 196 78 242 198 13 30 110 0 11 228 13
    143 0 202 156 229 177 208 255 185 209 252 203 68 216 219 255 89 101
    0 39 255 255 255 207 41 4 156 33 52 6 37 232 255 180 33 255 0 0 230
    255 255 64 57 37 255 51 149 187 99 255 42 0 255 175 204 241 74 193 0
    176 116 82 1 192 235 164 5 0 0 255 164 0 229 8 167 255 83 23 116 0
    234 110 14 208 185 68 68 0 0 106 77 255 233 0 243 130 255 118 175 0
    174 239 189 238 255 142 255 255 54 246 232 255 60 58 17 173 134 140
    255 118 255 1 197 255 2 144 21 0 241 181 0 223 54 255 121 94 35 0
    250 0 255 39 255 0 214 0 2 192 102 127 113 174 14 89 47 246 203 17
    125 149 172 0 112 255 27 0 0 183 255 98 244 152 118 73 237 255 160
    178 166 162 0 158 0 208 202 251 137 255 208 119 212 0 0 212 0 0 255
    193 255 65 205 255 75 215 86 255 82 0 226 255 0 255 6 108 219 246
    243 0 255 128 0 0 255 168 128 169 0 235 143 208 57 255 189 50 0 19
    170 3 160 0 181 255 76 15 76 232 209 229 45 255 253 53 0 32 255 0
    255 24 230 0 126 195 0 184 48 226 147 22 211 216 0 255 204 0 0 124
    91 156 255 221 0 82 176 182 75 74 255 255 77 246 255 255 21 0 221
    176 207 2 77 217 77 0 253 65 145 197 78 133 136 255 87 255 62 255 0
    0 0 255 139 204 237 106 180 137 123 0 12 207 64 8 21 0 21 255 0 23
    214 0 255 0 145 5 182 96 148 255 255 44 26 0 0 93 150 0 147 56 111
    76 0 123 132 255 189 255 255 143 193 0 183 255 0 183 175 29 0 254 0
    163 255 197 49 90 0 123 32 0 194 110 40 255 143 149 255 143 166 235
    49 95 0 65 0 255 0 0 8 0 100 216 57 0 184 0 0 28 124 255 255 222 215
    207 255 92 57 173 0 255 192 50 255 65 255 201 184 198 152 106 150
    177 205 161 27 205 79 255 255 0 83 3 0 26 255 0 201 81 0 192 101 78
    222 0 255 255 255 38 147 9 47 0 0 15 98 0 221 235 255 222 125 140
    253 96 102 0 173 144 0 245 84 34 78 59 179 63 158 43 0 0 139 185 0
    255 0 0 255 255 107 90 85 59 35 145 156 44 187 255 122 128 148 0 0 0
    44 11 16 50 255 255 0 68 148 108 255 255 0 0 191 255 0 212 240 9 40
    143 82 104 255 255 255 221 181 126 255 255 45 149 255 237 0 122 231
    255 255 116 21 255 0 0 216 64 141 255 0 255 255 0 123 0 255 0 82 176
    0 230 45 142 86 188 208 109 88 0 255 0 26 181 255 0 143 180 40 253 0
    126 103 255 27 20 182 0 0 0 48 0 143 109 0 19 255 234 0 170 117 255
    6 227 230 45 0 255 219 154 171 35 0 124 227 107 227 0 68 237 121 255
    255 0 32 183 10 255 61 255 97 136 82 176 223 2 255 255 184 0 161 124
    0 88 0 107 255 142 0 0 255 0 255 255 255 65 255 170 0 255 120 216 11
    255 132 154 255 255 181 255 119 190 158 255 15 128 255 255 255 91 0
    255 218 190 203 0 255 98 102 57 212 0 43 238 6 221 160 255 88 13 234
    255 72 16 82 177 104 70 175 227 162 255 0 0 138 80 102 175 111 0 101
    255 205 59 246 123 255 137 60 255 255 29 255 138 37 255 255 232 6
    114 81 58 255 0 227 131 220 182 8 0 60 45 170 255 0 174 0 217 88 0
    255 254 0 194 0 255 44 183 0 125 255 156 255 169 0 203 208 150 207 0
    135 255 21 255 0 0 104 255 117 0 188 155 96 0 255 0 0 255 98 255 0
    186 218 165 0 222 248 177 249 122 0 150 0 255 244 205 255 213 255
    166 59 215 63 255 71 255 157 255 255 144 255 173 62 191 212 29 145
    215 184 37 141 51 80 127 79 0 147 104 177 61 181 61 0 75 206 255 148
    47 200 209 83 225 233 2 139 233 152 255 255 95 216 10 105 63 0 160
    63 255 0 5 11 113 255 255 225 255 255 50 255 255 255 0 253 85 255
    255 192 248 42 5 179 208 235 38 0 39 236 60 0 18 189 0 31 39 0 141
    255 189 255 251 180 177 0 0 0 111 132 0 39 159 121 255 186 255 182
    240 134 0 0 0 80 9 255 170 164 235 17 115 40 113 172 140 234 255 3
    18 255 22 35 240 143 0 210 12 0 158 18 255 18 23 63 215 255 255 179
    189 191 15 255 44 212 255 146 33 0 255 251 140 98 93 97 34 255 244
    194 34 231 144 116 255 0 225 0 32 169 0 35 241 255 0 132 16 0 255
    255 110 151 146 196 255 0 153 19 255 0 139 6 255 1 0 0 55 0 229 0
    221 255 0 255 127 255 204 133 255 32 255 196 0 255 0 122 255 0 174 0
    255 26 166 0 3 255 240 252 165 100 11 255 255 33 255 132 155 45 0 0
    255 255 255 189 252 238 58 255 249 68 93 0 245 137 255 0 139 198 124
    255 0 203 0 0 209 168 255 150 255 143 0 255 153 161 255 34 169 199
    182 255 255 255 255 255 141 175 31 0 255 0 255 0 255 0 0 0 203 201
    215 89 242 255 255 255 255 81 7 40 0 47 95 35 171 255 18 255 80 162
    166 255 118 220 68 52 101 224 69 109 72 174 110 0 194 166 47 0 0 245
    0 0 218 110 243 255 65 0 138 214 182 107 29 66 11 255 52 87 255 240
    28 0 240 99 0 153 255 110 255 255 168 102 64 43 133 41 255 42 6 202
    214 27 0 118 255 114 159 34 227 112 72 0 255 46 255 226 0 84 58 156
    0 255 255 233 0 202 255 31 196 80 16 4 149 49 255 170 138 255 242
    230 154 39 204 30 92 30 0 0 0 55 0 0 25 0 255 116 152 9 243 119 34
    241 115 179 0 173 0 255 0 0 88 255 70 0 76 255 116 210 0 148 255 189
    178 40 119 208 34 89 255 114 102 141 0 208 49 163 0 239 0 0 232 167
    133 0 171 0 255 0 146 126 255 0 0 100 76 255 107 0 32 155 255 216 76
    174 255 233 126 0 39 204 1 132 231 151 0 60 40 192 132 0 24 213 255
    84 1 174 255 0 194 0 142 0 0 255 255 126 235 195 255 219 255 0 0 103
    255 255 255 64 82 108 255 159 255 133 104 233 0 195 0 137 109 57 0
    19 100 0 17 255 0 115 0 255 162 0 248 0 218 46 247 0 159 129 38 136
    193 159 94 157 0 255 92 179 255 167 179 255 0 241 57 255 255 33 137
    222 112 255 255 169 112 0 0 0 152 51 20 157 190 83 0 203 252 117 0
    15 207 64 0 255 177 0 255 47 255 255 68 20 237 108 172 13 45 80 73
    254 44 255 0 0 0 126 45 255 255 163 255 61 255 255 0 245 78 86 0 98
    103 13 139 255 255 231 255 247 255 6 0 189 6 195 250 27 0 149 0 31
    119 0 255 166 0 255 235 0 255 142 115 255 78 32 255 0 255 81 0 144
    124 246 255 0 0 229 217 73 0 180 210 39 255 152 11 180 255 0 255 255
    93 0 227 101 232 0 137 130 2 0 255 183 166 207 154 255 255 83 255
    255 0 0 0 90 255 99 0 213 152 255 0 240 155 240 222 170 22 22 3 45
    212 24 184 255 90 115 75 0 255 0 195 165 255 0 230 111 253 54 171
    114 0 236 0 0 165 0 114 203 14 144 66 210 255 220 255 105 246 0 48
    255 215 72 0 122 174 161 189 255 111 176 0 53 204 39 3 255 214 214 0
    54 221 118 218 178 0 112 0 219 255 99 68 151 222 0 0 128 111 149 255
    30 152 227 16 0 247 0 77 238 29 148 0 174 255 204 4 255 0 255 0 255
    0 0 109 184 225 0 89 23 0 255 231 0 0 19 217 69 101 110 0 14 115 167
    103 100 233 255 0 255 86 93 227 23 255 46 127 58 0 0 97 0 0 168 5
    255 238 176 0 94 245 0 0 212 45 214 255 0 32 184 101 0 93 0 60 0 255
    199 0 68 15 79 0 228 97 30 206 79 212 244 0 92 255 255 41 246 75 126
    123 75 105 103 0 175 127 0 255 0 255 140 119 10 0 0 255 0 119 255
    199 73 0 0 124 174 70 255 255 255 136 30 255 193 186 255 81 0 255
    255 0 72 139 171 244 255 149 118 102 151 234 255 146 215 0 113 10
    255 199 29 0 255 255 0 255 255 199 0 0 0 255 0 255 236 255 79 0 158
    54 0 226 255 15 203 255 195 165 0 215 153 255 0 255 255 0 138 54 0
    73 0 6 154 185 200 0 183 223 223 255 255 0 255 255 245 229 98 71 255
    213 43 148 81 255 62 139 255 0 106 53 95 183 255 40 0 255 119 0 31
    21 147 81 181 1 17 140 136 255 126 255 255 218 0 0 255 0 255 138 0
    255 255 242 59 142 255 94 255 13 153 0 229 247 102 81 116 0 4 0 76
    77 0 75 123 160 241 105 34 113 60 134 184 255 128 0 135 147 124 2
    163 0 255 0 214 45 255 239 0 255 0 65 250 98 72 137 143 155 20 130
    183 247 249 13 97 25 43 255 173 173 255 255 180 35 0 0 77 252 53 131
    255 66 3 0 61 255 40 255 0 0 0 238 66 121 85 209 255 46 0 255 115
    245 120 255 255 77 222 68 65 255 0 0 255 207 255 121 40 99 244 0 0 0
    54 243 2 183 130 110 230 36 219 0 103 165 106 0 167 36 0 255 138 84
    149 189 0 0 255 22 0 204 0 212 255 214 0 255 255 0 0 255 71 54 0 48
    158 4 138 45 255 255 1 0 255 243 228 55 255 0 212 133 38 0 205 104 0
    0 219 88 64 83 96 34 59 140 255 16 178 255 255 239 255 255 131 67
    110 158 0 255 59 220 245 229 22 255 54 155 213 198 123 196 55 255
    252 196 191 255 200 0 159 227 0 80 255 255 0 156 84 255 255 0 0 2 20
    250 0 90 20 0 255 0 97 144 135 255 209 15 255 120 255 182 0 255 154
    0 92 46 89 255 25 0 145 128 72 75 132 255 255 0 190 0 0 46 210 120 0
    174 179 0 255 39 246 246 71 255 66 153 68 194 0 244 111 221 0 0 30
    149 255 15 0 245 255 146 255 57 110 243 96 35 255 193 26 225 11 255
    164 16 0 0 9 215 255 0 200 152 255 40 255 0 103 0 34 0 0 36 114 150
    255 0 0 255 255 18 255 198 255 85 255 255 255 142 0 192 140 218 0
    225 255 76 0 43 255 0 255 255 0 255 123 133 255 0 98 158 255 93 121
    255 255 63 86 218 255 255 255 255 246 76 222 255 255 255 213 255 255
    255 116 6 0 118 255 32 0 130 133 80 187 144 35 174 36 227 38 0 140
    60 83 212 241 237 75 0 95 66 161 19 0 242 32 241 255 135 196 255 174
    31 14 67 21 0 255 155 107 243 16 99 255 255 237 74 154 255 130 26 0
    255 133 82 255 201 0 0 147 0 92 37 229 157 255 255 251 0 122 0 207
    216 151 143 195 177 0 255 41 0 25 0 0 11 255 157 0 0 96 175 255 195
    255 0 236 229 255 255 193 255 0 116 255 92 230 255 0 242 80 0 41 0
    161 203 0 53 99 86 136 255 162 0 255 0 37 255 252 218 0 54 255 83
    175 0 0 255 0 221 93 206 255 0 255 0 157 255 255 186 220 0 0 196 255
    163 240 255 106 0 0 77 187 255 0 214 176 135 11 168 227 255 0 111 68
    255 255 154 0 178 255 255 240 200 0 200 99 145 255 100 212 0 255 255
    255 246 0 255 0 255 91 225 255 168 239 51 237 168 81 170 0 255 227
    215 16 118 84 61 0 142 236 140 60 115 0 0 30 252 62 143 255 85 185
    236 252 30 255 158 90 61 21 151 0 255 0 60 189 24 255 0 216 208 134
    0 161 0 63 153 0 0 255 0 59 112 241 184 17 17 0 178 167 169 116 223
    255 77 255 0 94 229 0 0 232 154 78 29 114 255 0 20 255 117 237 210
    144 0 13 0 38 0 0 227 250 90 68 255 231 54 255 255 144 204 33 255 0
    114 255 0 0 0 124 177 0 255 140 255 14 255 35 132 224 255 255 233 0
    220 0 0 8 211 255 76 0 202 91 255 149 138 0 45 255 75 103 219 6 236
    195 48 59 22 255 122 147 148 214 117 0 0 29 169 0 238 0 255 208 67
    255 0 0 0 0 0 255 255 157 58 19 255 53 40 240 134 0 0 255 255 27 238
    255 255 0 24 29 0 0 7 0 0 171 159 233 149 255 76 245 176 0 0 250 255
    8 255 66 255 0 245 0 140 255 12 55 156 255 66 239 26 23 116 199 29
    33 255 212 130 0 157 88 194 25 255 147 39 255 223 255 255 73 244 132
    140 115 67 255 29 0 54 111 124 255 2 194 111 0 48 0 0 182 232 0 229
    170 9 244 138 0 0 81 0 0 110 201 158 255 31 154 59 255 255 0 121 159
    218 0 0 0 240 0 132 219 255 203 255 24 128 255 216 126 145 63 0 0
    255 7 224 43 253 255 37 204 255 255 158 229 209 222 213 204 255 102
    206 139 150 221 186 0 255 203 104 134 10 255 255 255 255 80 48 37
    132 255 0 120 31 119 255 43 0 5 127 0 66 0 8 36 0 255 0 255 135 125
    140 87 255 101 0 113 58 255 44 69 130 72 255 255 6 186 255 255 126
    255 255 44 119 133 132 0 117 0 255 186 22 0 255 17 8 43 100 23 0 255
    129 0 140 179 196 95 194 221 51 188 9 196 120 130 153 232 253 0 198
    0 231 209 102 3 0 83 36 255 51 0 142 182 192 153 222 255 241 33 241
    255 0 94 49 5 255 255 0 67 199 110 255 20 255 226 16 141 255 209 6
    173 114 0 62 140 168 197 61 236 0 115 0 249 0 128 255 2 13 53 72 255
    3 255 87 132 4 124 255 255 159 28 62 189 62 177 0 77 255 0 147 165
    181 188 255 0 0 96 255 255 0 79 2 166 56 202 227 0 0 0 7 167 128 255
    117 124 175 255 127 35 116 197 0 0 0 125 255 0 0 176 0 0 80 129 240
    166 0 0 60 0 0 16 133 15 232 182 255 255 215 0 130 255 30 51 0 174
    110 20 0 151 29 175 66 64 196 164 0 0 52 148 175 167 255 249 115 6
    255 126 255 255 255 0 108 255 255 168 150 71 221 120 116 16 255 0
    122 255 0 142 198 0 153 57 117 0 59 255 233 105 0 179 255 255 0 226
    255 38 255 215 105 255 255 88 61 72 112 255 174 95 162 83 200 134 0
    240 0 199 232 52 111 187 162 157 187 6 255 60 255 225 65 255 107 80
    255 255 255 255 199 0 255 17 0 0 206 234 19 37 255 255 255 255 177
    144 40 59 0 170 255 255 255 56 133 162 254 146 84 3 237 255 119 255
    53 168 255 224 115 255 255 159 31 142 0 0 249 239 162 98 110 255 0
    255 255 177 37 20 255 123 0 255 112 107 0 255 255 116 0 172 203 80 0
    255 170 255 255 72 135 164 144 255 203 255 111 219 139 97 242 134 0
    0 255 56 60 147 58 43 0 0 161 83 46 0 253 255 188 161 158 90 0 88
    197 0 255 89 169 159 255 221 255 33 70 232 0 255 99 202 0 255 255
    215 220 90 77 254 140 237 204 102 7 88 0 220 120 0 181 93 88 175 51
    10 85 255 77 186 55 5 205 255 0 255 26 0 255 251 86 255 249 165 12
    56 0 0 217 0 52 54 107 65 60 238 238 255 111 0 142 1 255 108 90 255
    15 112 59 51 112 26 63 255 75 71 0 0 36 46 180 130 103 255 0 1 68 0
    61 241 101 179 227 204 90 0 86 0 242 0 177 0 0 0 246 154 107 65 74 0
    150 148 248 167 0 80 0 108 72 131 255 255 59 0 168 225 235 20 177
    160 255 16 7 198 177 0 255 42 255 87 119 153 103 213 173 57 158 195
    255 44 155 0 228 255 255 222 202 41 0 0 110 32 219 255 194 0 73 120
    33 255 192 48 74 176 0 255 0 255 83 244 43 0 0 255 71 180 136 0 185
    144 248 22 253 255 123 255 118 181 0 255 124 29 104 221 255 222 119
    202 219 208 255 6 0 0 255 255 255 121 91 83 62 47 162 234 246 175 83
    124 81 160 0 255 245 171 255 255 187 181 226 8 195 24 0 113 4 34 0 0
    0 54 255 255 96 0 255 95 143 255 34 21 2 56 158 142 159 92 154 255
    236 250 130 0 58 0 255 80 131 0 255 0 255 134 25 140 143 0 255 59
    131 255 255 90 205 63 250 139 0 116 112 83 73 124 0 62 0 219 46 255
    200 157 255 154 255 255 147 255 0 255 76 48 255 52 10 62 179 195 255
    255 124 0 241 255 243 4 192 255 0 255 0 196 255 255 51 127 0 255 0 0
    104 0 87 127 122 185 4 255 255 28 205 6 255 220 214 107 255 0 0 129
    187 155 18 0 237 207 192 0 61 143 0 0 9 0 255 0 37 227 97 184 0 255
    255 231 130 0 0 0 32 211 77 203 0 108 139 54 63 40 0 255 181 201 255
    190 77 255 72 118 0 242 255 108 79 19 0 0 250 239 240 69 64 53 0 0 0
    126 255 219 0 157 0 0 255 255 0 225 255 29 255 255 114 100 255 255
    111 0 72 225 34 255 75 255 57 178 155 23 169 0 255 170 0 0 105 65 0
    255 92 0 205 0 255 0 227 0 182 68 84 141 223 255 255 0 176 230 36 40
    184 147 2 230 34 255 12 0 73 255 255 255 241 255 195 255 55 105 0 94
    5 0 0 63 134 0 255 214 255 125 0 207 112 56 0 102 0 0 255 64 8 0 225
    164 31 192 64 0 138 187 238 20 73 255 255 185 189 178 0 53 190 198 0
    17 253 43 154 137 52 255 65 179 73 46 73 61 255 255 220 170 39 78
    157 157 255 240 224 168 255 255 214 255 140 255 0 44 238 136 0 213
    18 255 75 218 255 164 255 142 255 0 0 227 255 0 77 95 127 14 197 253
    0 91 255 120 220 108 3 166 0 0 131 0 0 72 0 105 0 189 68 67 113 52
    187 159 22 180 105 0 222 247 0 96 38 99 157 187 227 255 255 167 126
    19 134 234 176 255 255 0 255 28 2 126 215 130 115 130 0 253 0 100
    203 0 80 0 0 112 97 190 32 75 50 119 0 255 0 196 0 13 190 242 240 0
    0 255 0 231 0 239 0 144 255 28 80 217 54 0 255 118 194 116 249 249
    52 25 234 249 56 128 170 0 195 44 0 219 0 119 182 181 78 205 226 70
    50 83 187 200 211 255 196 126 38 255 189 64 148 60 235 11 255 255
    230 126 235 92 1 255 35 88 213 255 199 215 255 88 131 218 194 78 255
    102 0 0 0 111 114 255 255 249 253 216 162 123 47 255 255 81 255 18 6
    79 216 0 255 211 110 247 167 108 255 0 22 255 147 255 144 188 94 0
    44 203 139 75 255 125 255 249 57 202 35 0 255 0 0 247 13 50 117 176
    231 248 141 134 202 95 28 165 255 255 61 255 93 158 198 255 9 255
    116 192 183 133 4 170 0 255 255 213 202 172 0 0 255 84 255 255 97
    243 92 255 172 95 81 247 220 31 129 213 0 102 166 154 128 0 167 96
    150 255 161 86 219 0 194 147 130 255 105 0 255 10 162 0 227 16 0 0
    139 140 172 229 181 255 255 57 145 137 217 67 255 3 157 70 255 185
    212 115 169 255 0 161 138 177 27 198 167 0 206 56 255 183 0 174 67
    170 255 135 0 118 118 219 11 44 9 0 80 255 174 77 38 255 0 61 36 156
    0 234 22 52 24 255 5 255 255 226 145 231 76 44 79 0 114 0 218 22 11
    255 86 255 158 0 179 96 0 94 203 0 23 29 0 196 54 60 53 255 255 39
    255 164 0 100 255 96 255 221 0 16 0 115 192 30 246 0 0 0 49 249 167
    255 248 151 231 232 185 137 115 46 26 229 164 0 139 228 0 210 255
    255 37 150 255 0 197 197 184 32 255 0 0 0 7 228 255 105 0 0 130 26
    114 134 226 44 167 0 255 99 0 0 24 0 118 182 163 63 37 230 0 255 0 0
    86 202 46 0 255 91 0 255 0 255 0 255 54 150 3 0 88 255 255 227 234
    99 0 95 0 17 0 77 0 0 145 160 86 49 255 205 121 238 255 20 195 0 157
    134 192 27 99 17 0 91 192 67 220 252 255 173 0 0 0 255 144 0 78 136
    94 0 250 0 117 89 160 255 245 48 15 255 121 0 144 255 255 44 0 9 255
    5 43 126 255 0 255 255 145 255 84 98 186 0 17 209 125 0 219 246 223
    41 238 250 0 177 72 0 31 105 145 0 39 8 244 10 201 194 3 23 242 0 94
    0 5 191 157 192 49 255 151 255 255 255 181 193 91 255 26 0 255 255
    109 47 221 255 0 63 0 0 34 3 255 91 38 157 255 255 255 255 121 95
    255 38 209 84 0 0 208 83 5 174 110 255 238 0 255 151 0 117 209 150
    255 0 255 30 219 40 255 1 120 216 193 208 138 96 30 0 7 101 0 255 0
    0 255 155 121 255 147 234 19 183 119 231 132 0 116 0 255 13 175 30
    114 151 52 255 110 135 230 149 136 0 106 91 132 255 255 202 255 8 94
    115 255 188 190 90 148 0 70 127 162 27 183 158 166 0 157 200 0 255
    255 192 77 171 92 255 0 162 255 119 148 0 255 197 0 0 130 194 255
    174 255 76 232 0 168 0 60 111 166 0 138 255 96 122 0 147 248 139 255
    255 124 95 208 143 54 8 54 0 0 35 0 211 246 169 255 75 64 0 255 204
    32 187 105 142 180 207 0 255 0 26 253 255 215 0 100 122 255 145 36
    238 62 201 172 16 0 255 252 255 255 8 255 51 171 0 189 0 44 225 255
    244 195 211 221 237 163 0 255 255 176 0 32 176 19 17 0 255 19 0 132
    0 191 142 0 116 150 106 122 0 158 29 110 62 106 255 255 109 255 176
    255 0 106 196 0 202 255 255 0 36 128 146 0 66 2 135 170 174 255 255
    0 0 242 0 10 69 213 112 80 255 38 224 0 216 127 37 0 21 0 83 74 184
    119 146 22 138 255 24 111 51 0 0 0 99 202 255 37 141 64 0 59 212 74
    0 48 0 255 138 142 0 98 74 255 34 31 0 202 94 47 3 255 82 121 255 0
    255 93 0 46 141 173 0 104 3 203 169 255 197 183 0 176 0 212 3 14 68
    100 221 226 0 153 255 98 154 213 59 127 46 0 255 255 255 0 255 255
    84 255 0 69 48 255 0 99 255 0 116 18 0 0 255 254 171 255 23 199 139
    74 197 4 255 107 249 183 0 30 70 11 214 0 190 255 2 123 240 149 158
    36 41 255 239 231 190 131 0 255 0 52 156 74 30 255 121 163 97 255
    240 249 77 221 192 134 90 0 189 148 253 187 255 0 255 49 0 202 255
    217 163 127 239 113 62 126 255 205 176 0 255 119 239 0 0 255 93 147
    255 224 163 142 151 0 111 198 75 0 127 255 38 0 255 0 61 90 0 0 252
    89 105 47 142 0 255 255 255 145 0 255 153 216 171 87 0 0 68 137 0
    140 51 34 0 249 255 175 143 255 0 0 255 0 249 31 255 234 0 170 0 255
    154 33 165 255 174 72 25 144 172 0 105 0 227 255 255 58 190 21 164
    255 0 137 70 60 17 45 238 177 117 255 112 0 132 228 38 146 176 161
    255 230 65 215 88 32 111 0 0 110 16 0 79 86 239 0 255 33 255 66 0
    248 255 255 75 255 18 0 115 189 12 0 0 170 255 66 220 0 232 106 255
    255 73 92 255 89 102 255 89 100 229 0 0 22 247 60 0 41 89 76 255 255
    213 234 69 23 5 193 0 255 0 240 0 255 60 199 132 160 216 176 236 196
    69 0 245 12 193 255 20 134 0 177 246 244 255 181 184 255 255 204 56
    0 255 55 177 204 87 255 25 0 170 249 0 54 203 0 153 29 107 41 1 45
    246 210 134 0 74 216 177 165 255 176 51 255 0 85 205 255 255 68 144
    60 146 184 0 205 150 3 97 85 128 113 207 0 255 92 255 0 0 0 0 198
    140 25 225 199 136 120 163 255 97 0 65 15 0 244 148 32 255 255 255
    113 31 23 39 179 234 156 249 0 205 18 0 121 92 25 255 0 255 140 0 45
    0 0 140 49 255 209 130 255 255 0 0 255 209 255 12 188 229 24 112 0
    224 213 0 123 255 241 255 163 96 255 38 255 161 182 0 248 255 255 29
    180 11 149 16 122 128 0 255 4 62 255 255 169 3 0 199 161 0 36 66 0
    255 255 192 229 83 221 20 130 245 255 45 237 0 194 62 115 0 17 255
    255 79 255 255 52 255 0 44 0 7 0 130 95 2 58 233 255 0 20 39 0 0 0
    19 0 58 0 0 2 72 0 137 112 239 128 0 215 255 255 55 75 46 109 121
    151 137 255 0 255 244 255 0 64 0 130 255 118 0 17 117 220 0 228 255
    188 176 87 193 84 0 0 0 68 225 61 6 51 0 10 225 21 238 22 102 0 0
    255 0 0 255 59 110 255 0 0 255 0 187 255 153 0 65 214 92 199 255 58
    0 0 41 62 124 80 232 122 53 73 187 215 0 99 255 249 255 0 193 255 0
    255 229 128 11 49 255 255 66 192 0 77 16 67 82 211 242 68 255 141 74
    255 100 58 250 228 183 0 17 0 129 32 1 255 33 0 255 170 255 214 22
    70 223 95 255 0 215 232 255 255 0 40 255 0 255 58 204 255 44 160 171
    192 13 0 0 132 255 0 5 0 85 103 195 0 253 172 0 0 240 255 0 255 255
    28 207 255 219 92 108 221 255 175 59 220 255 0 125 198 12 233 0 130
    77 144 34 0 22 15 78 204 0 132 252 255 111 209 143 93 210 72 203 217
    255 144 255 142 235 102 199 17 237 90 226 51 255 46 142 255 205 67 0
    0 9 63 0 154 255 93 74 122 255 0 255 25 130 155 150 166 96 10 255
    191 0 255 10 255 34 223 255 231 255 255 255 254 247 108 0 255 0 255
    255 255 204 145 9 222 239 105 175 0 61 255 0 0 33 0 23 35 140 255
    181 255 122 11 0 0 221 159 6 255 0 118 12 246 214 97 255 255 0 252 0
    181 39 255 34 50 223 159 56 255 25 150 255 249 255 8 202 234 241 41
    80 238 78 129 57 106 0 0 79 93 255 0 188 52 171 255 255 203 255 230
    54 255 204 133 50 78 196 151 235 167 168 255 233 205 255 246 243 53
    255 0 255 178 255 200 255 255 159 151 0 152 74 0 147 8 164 255 206
    255 195 255 114 29 236 0 9 0 167 255 222 255 73 48 255 90 193 219
    130 255 149 255 255 50 231 41 103 255 0 255 255 0 0 212 255 215 243
    255 0 153 78 117 255 112 198 78 51 114 169 0 204 239 92 216 0 254 0
    64 0 122 227 255 145 161 111 139 0 89 62 255 208 251 255 177 255 145
    182 103 0 32 66 131 166 0 255 30 181 192 195 149 30 8 0 0 112 18 35
    27 248 163 51 100 88 219 255 40 142 208 169 237 0 255 255 144 0 0 0
    255 79 73 124 206 251 56 255 255 0 142 169 0 41 93 255 213 7 124 230
    212 0 0 103 85 255 183 164 255 204 0 132 255 245 0 0 255 0 87 255
    174 255 121 255 79 0 255 53 0 185 0 209 0 255 56 114 255 230 255 255
    238 209 0 175 237 185 244 57 84 0 162 76 255 172 46 0 248 0 60 255
    180 9 92 255 0 104 247 0 0 0 85 0 176 0 117 0 244 255 0 159 255 197
    72 246 127 157 92 126 202 255 255 255 231 36 153 255 29 170 18 255
    255 0 82 124 255 15 0 0 60 251 36 0 224 255 216 0 102 0 0 125 86 220
    219 37 181 246 156 0 187 218 0 57 74 0 0 99 0 60 255 207 112 120 123
    0 255 147 49 255 225 176 94 53 0 179 250 255 73 219 59 28 30 31 145
    226 219 0 250 0 236 125 176 255 0 67 236 205 0 58 149 0 166 214 0
    247 239 0 115 255 199 65 255 3 0 0 0 93 118 248 255 255 128 0 255
    251 115 163 145 51 13 97 255 190 56 98 255 255 0 251 0 107 244 75
    190 0 255 145 49 255 36 172 255 255 241 255 255 254 0 77 189 130 234
    239 255 0 161 162 5 79 0 103 63 57 255 255 204 106 33 0 87 0 191 65
    50 0 0 228 0 255 255 255 111 0 0 86 137 162 94 143 135 42 232 76 153
    255 117 0 255 5 3 40 230 198 255 255 255 5 255 0 50 79 0 255 20 242
    32 201 27 0 178 194 118 70 60 237 242 135 207 225 0 255 0 0 127 38 5
    163 255 0 255 152 188 129 62 169 255 194 246 255 122 99 255 134 255
    255 71 3 244 190 0 152 14 173 245 255 191 255 255 86 0 0 170 132 132
    40 0 51 235 255 212 31 103 42 0 0 118 252 126 148 196 136 72 0 255 0
    246 255 199 210 174 255 0 0 94 210 98 0 199 76 0 0 240 153 179 255 0
    255 64 255 47 141 219 28 101 0 255 212 255 222 117 5 69 0 127 205 0
    255 153 255 255 218 129 245 255 0 197 82 157 76 255 139 79 207 0 0 3
    121 0 0 59 0 143 189 110 26 0 178 10 255 0 35 255 0 249 109 141 0 67
    37 147 83 110 255 29 214 246 252 184 104 191 24 30 255 0 235 0 51
    255 255 178 255 0 92 131 0 78 40 154 208 225 0 234 12 110 142 255
    165 0 191 176 219 53 255 0 132 199 0 49 0 116 182 0 30 0 13 127 32 7
    255 255 62 0 212 16 217 209 0 231 0 0 255 255 142 255 8 53 240 255 0
    174 14 255 175 94 194 102 216 206 112 184 243 180 193 255 29 95 0 28
    0 0 236 13 243 0 103 255 115 59 255 255 94 253 126 144 183 0 255 165
    0 104 60 232 0 0 255 255 0 229 195 28 238 205 110 255 187 0 255 126
    26 0 175 237 200 86 244 87 255 0 250 0 0 99 245 132 169 255 223 230
    106 255 78 0 111 255 0 0 255 111 97 39 121 255 255 67 255 255 255 0
    26 157 255 102 0 0 98 0 255 255 101 251 74 255 200 6 164 189 220 255
    231 149 0 60 184 121 59 0 73 199 76 165 255 216 146 255 227 0 187
    171 0 66 23 209 206 131 0 255 69 119 83 0 113 110 255 255 87 255 82
    229 52 255 211 255 88 255 105 55 118 242 26 48 255 218 253 198 254 0
    188 255 255 141 111 16 255 85 0 32 226 49 0 235 0 0 255 14 209 81 70
    255 180 0 79 70 42 255 0 73 103 43 49 149 110 255 0 0 206 86 0 0 255
    44 165 231 169 146 255 50 255 0 151 41 248 196 255 125 215 36 1 226
    96 33 57 131 66 250 11 0 107 255 0 59 0 6 255 0 255 0 255 255 92 0 0
    117 115 190 194 0 25 74 0 0 0 58 79 43 215 255 178 211 189 225 8 137
    0 255 0 194 247 247 217 68 0 255 149 255 65 94 4 0 32 205 63 0 255
    34 145 255 46 121 196 115 0 255 0 129 255 10 94 215 179 0 145 19 255
    161 189 91 161 183 64 228 255 75 217 200 156 53 202 101 0 9 74 175
    80 0 0 198 92 0 30 49 0 219 63 69 255 254 91 213 255 52 33 255 204 0
    236 0 239 176 0 255 243 4 255 0 255 82 247 71 255 64 35 0 0 59 22
    255 255 255 255 210 1 176 238 30 3 0 70 255 50 255 71 0 0 0 9 0 34
    164 0 255 97 7 0 255 255 233 111 255 255 0 189 255 255 155 73 0 0
    121 0 78 168 70 255 128 255 113 234 83 194 0 255 255 156 255 255 255
    252 18 0 40 255 222 7 255 205 0 231 255 66 0 0 247 255 255 0 255 75
    0 102 0 0 41 10 152 83 175 165 244 30 0 135 0 0 181 202 0 126 255
    223 94 226 4 230 221 0 255 18 192 255 218 244 178 105 255 213 45 255
    249 122 66 255 255 218 178 111 83 255 116 0 161 124 0 16 47 255 0
    202 195 0 59 30 87 166 0 255 0 34 0 112 208 84 83 255 46 255 255 83
    0 255 111 0 159 123 43 119 236 198 235 83 255 21 71 158 55 255 206
    180 0 155 120 139 247 196 255 175 41 31 0 56 185 133 41 79 0 185 152
    0 0 135 255 0 147 0 151 88 0 255 212 255 142 255 255 4 255 178 143
    255 255 0 56 29 190 255 46 0 117 255 255 255 63 0 126 255 152 148 94
    198 0 255 0 0 68 159 0 157 65 100 26 174 0 169 255 187 200 0 22 240
    253 0 179 255 255 43 0 43 74 0 255 255 72 255 0 107 8 0 127 255 225
    130 255 67 255 109 246 162 0 0 255 136 62 0 196 155 255 202 255 157
    255 0 92 33 87 171 14 0 121 142 43 0 1 182 58 115 162 183 0 202 143
    0 182 255 0 30 54 0 255 166 143 255 255 163 255 0 97 255 0 143 196
    26 232 208 0 160 17 145 255 197 167 0 99 255 230 4 255 163 203 0 99
    52 0 14 76 116 255 0 181 188 237 165 0 58 0 96 16 0 31 21 40 195 103
    0 174 87 15 255 0 0 150 89 222 210 255 157 184 0 162 0 237 107 167
    118 93 114 0 97 255 203 200 52 188 255 255 255 255 255 21 213 255 0
    37 13 255 216 92 255 181 255 125 0 255 113 218 152 119 187 0 72 107
    103 45 55 4 99 56 34 220 54 158 167 245 71 255 58 0 133 180 0 41 255
    91 20 250 106 255 0 255 0 146 99 233 255 8 222 0 17 40 39 0 0 163 0
    121 22 210 72 208 172 147 172 170 255 248 29 0 0 176 0 186 54 219
    255 255 167 0 0 189 0 0 16 117 19 225 216 0 88 0 221 126 102 148 69
    103 0 191 192 0 1 0 0 61 19 15 255 255 255 255 167 255 255 255 129
    208 42 154 255 255 103 182 211 141 0 142 254 0 255 255 90 222 255
    228 49 30 41 52 248 0 39 100 87 60 132 255 7 255 255 0 44 104 179 54
    255 161 52 221 0 0 59 0 20 255 255 0 255 14 99 0 0 117 150 255 99
    255 255 4 247 204 164 53 160 120 253 0 58 0 0 197 255 39 171 217 228
    29 31 35 95 186 127 255 229 129 253 200 68 61 147 159 111 165 0 230
    179 44 255 115 147 220 0 136 0 151 129 55 116 52 0 231 0 122 255 1
    25 224 36 189 75 115 234 0 0 255 237 96 255 0 0 222 80 0 235 75 134
    231 74 233 119 182 165 62 54 255 113 0 184 255 129 255 204 78 159 73
    205 133 255 0 203 0 111 236 221 60 255 202 0 0 0 175 101 156 255 202
    255 255 214 238 0 77 51 236 155 21 220 255 15 2 49 255 162 169 74
    187 0 0 50 221 0 248 255 255 255 209 19 46 189 106 169 0 0 0 125 64
    18 0 242 169 0 170 43 23 0 0 0 43 194 86 44 49 0 31 255 236 0 255 0
    243 89 0 69 255 222 157 30 212 8 0 0 6 133 255 197 6 255 0 255 0 204
    0 74 239 11 255 130 97 0 0 133 125 39 246 0 23 181 251 57 255 148 87
    59 255 255 107 30 18 255 52 255 149 40 178 230 255 119 255 179 113
    207 63 102 255 120 204 209 88 160 255 13 255 103 0 255 227 235 215 0
    230 92 0 220 239 236 255 0 255 149 28 121 175 165 72 167 61 254 200
    66 0 255 92 191 255 108 147 249 40 172 93 45 117 82 68 142 0 46 0 0
    3 255 140 89 82 255 198 98 100 255 0 0 198 147 99 179 212 7 247 187
    255 141 0 62 220 0 0 0 0 226 165 78 0 127 255 0 0 207 250 253 71 120
    76 0 145 0 164 0 67 223 255 0 235 0 255 79 2 255 47 0 28 81 0 255
    135 255 194 246 241 86 0 235 0 180 96 255 37 0 44 22 255 0 125 0 6
    116 173 163 239 255 167 255 42 67 51 227 0 0 0 56 0 255 129 134 255
    6 255 54 255 157 2 255 0 0 109 238 0 255 8 0 88 0 39 141 110 107 95
    0 157 40 0 176 129 255 58 46 231 0 155 198 32 255 0 36 72 0 67 199
    48 255 255 60 108 5 164 0 29 0 170 255 59 255 195 0 135 255 255 16 0
    255 210 108 250 94 255 219 255 172 230 126 0 255 106 104 0 0 30 0 0
    0 243 255 131 236 174 0 60 113 237 49 0 255 73 251 255 104 0 255 104
    255 51 115 255 140 36 28 93 255 121 255 122 255 255 255 179 31 102 0
    132 255 49 63 79 0 80 160 108 194 86 255 91 75 255 0 40 198 255 0
    255 255 135 73 255 255 255 0 0 192 26 255 0 74 255 208 17 230 0 186
    226 172 0 186 142 251 41 233 255 211 0 0 103 103 167 0 168 184 221
    154 0 112 0 112 185 87 73 181 63 148 0 0 208 24 133 152 24 90 0 196
    217 182 254 32 230 124 14 255 173 40 102 9 183 197 255 255 153 90
    255 255 20 62 166 214 255 167 233 0 149 147 255 69 255 234 86 0 0 81
    255 43 216 235 151 88 0 2 0 255 145 7 204 255 255 236 83 34 132 255
    171 175 200 107 0 69 146 79 255 0 255 204 145 235 255 255 240 0 221
    49 218 169 12 0 0 58 79 87 0 191 123 0 12 178 0 50 255 99 24 118 0
    255 255 16 152 107 184 169 0 255 137 122 0 220 33 27 239 144 77 255
    0 163 0 124 0 131 123 78 131 17 255 78 0 0 239 24 0 4 121 232 32 153
    15 0 142 0 255 194 64 255 255 255 154 242 186 240 158 35 255 0 85
    255 186 47 0 0 151 213 231 0 204 206 0 0 1 0 181 0 255 161 152 42
    201 137 25 0 255 39 26 127 166 193 210 225 0 0 238 0 0 255 255 101
    209 208 14 229 0 205 75 255 135 60 208 255 13 255 255 168 127 196
    208 1 255 85 208 5 15 175 57 74 255 188 135 121 220 69 189 255 108 0
    177 173 160 0 254 0 195 112 255 152 255 255 255 85 0 231 96 0 151 0
    255 122 255 208 176 0 0 0 0 0 41 98 34 0 255 30 0 221 215 124 255 0
    109 99 43 190 0 255 34 88 193 0 12 25 255 255 102 255 136 133 228
    255 195 0 65 255 61 0 0 135 218 101 38 159 35 32 79 32 181 33 61 163
    255 0 125 29 255 211 118 2 106 0 33 103 36 46 134 240 78 255 0 181
    255 159 228 255 0 179 234 0 160 176 255 231 179 63 255 254 0 56 0 0
    0 255 38 255 255 0 39 129 255 118 255 103 24 255 171 255 129 162 201
    0 255 0 14 255 2 255 163 5 193 0 255 109 191 255 255 118 255 8 255
    116 107 0 167 255 255 186 239 151 0 139 196 0 100 15 189 187 11 255
    194 0 255 59 1 107 78 255 0 0 121 246 203 255 241 41 67 255 58 255 0
    237 250 4 85 0 104 61 0 255 39 68 0 79 146 174 85 107 20 0 136 112
    255 160 251 255 24 0 55 65 157 255 17 5 212 100 0 254 150 0 255 255
    0 255 229 0 163 19 200 0 0 65 167 116 4 102 143 0 7 13 0 0 227 0 25
    195 0 41 181 17 79 65 233 43 119 101 255 0 57 255 0 255 103 0 112
    255 164 125 0 126 255 0 255 237 158 70 255 255 21 247 16 0 70 124
    255 146 160 0 2 108 225 255 0 43 78 149 93 173 0 255 30 24 2 168 118
    0 207 253 229 0 121 170 182 85 249 106 152 255 255 255 0 195 114 138
    109 0 255 222 253 0 193 0 0 72 163 49 255 161 255 0 75 255 0 0 255
    189 0 133 5 106 79 166 44 96 0 199 3 4 237 195 225 0 18 255 255 0
    205 56 187 255 143 0 181 183 196 255 145 0 255 0 218 66 11 193 52
    255 141 255 255 205 0 91 13 10 238 94 47 201 9 90 255 58 51 104 236
    30 0 146 70 246 255 157 0 255 255 0 43 252 0 255 0 243 204 216 0 201
    255 255 215 255 137 255 114 0 255 255 135 255 176 128 74 255 190 1 0
    0 229 247 255 52 216 173 40 220 75 0 255 174 19 111 182 79 0 0 5 0
    162 0 155 255 225 255 0 2 78 233 0 0 182 164 99 66 255 36 30 219 127
    34 141 252 168 29 255 4 255 0 138 0 0 255 0 56 165 114 255 190 40
    175 105 141 0 255 210 0 13 0 176 239 3 173 255 25 168 56 235 255 16
    26 0 115 255 15 138 0 242 255 170 247 118 241 50 96 0 0 255 140 150
    255 238 255 190 208 93 255 32 139 18 100 215 255 113 0 60 82 51 255
    142 40 0 118 49 183 170 151 230 243 255 30 103 0 255 255 69 159 255
    0 47 255 159 255 0 222 73 106 255 0 43 0 0 0 0 76 225 0 218 18 0 22
    139 0 255 244 0 114 26 42 0 59 0 243 255 0 39 255 0 196 255 244 255
    128 213 21 108 0 255 255 120 223 182 24 112 233 218 233 66 40 255 0
    255 255 82 0 191 182 255 255 255 0 245 73 56 167 239 212 23 255 44
    255 242 246 0 255 0 0 36 16 255 30 255 140 179 36 45 255 255 38 244
    255 49 0 110 255 0 47 160 91 219 202 214 255 75 104 0 147 219 0 49
    67 116 255 18 176 122 0 255 76 255 255 11 26 0 255 255 172 206 255
    33 228 53 229 4 152 167 0 240 109 25 229 8 136 0 0 244 191 0 20 0 66
    184 169 170 166 0 0 153 255 247 96 255 195 255 167 255 0 3 0 249 255
    0 86 214 92 51 0 103 172 10 0 211 128 121 0 255 255 255 152 18 154
    78 0 0 110 0 214 55 23 255 179 255 0 0 243 255 41 255 27 0 215 119
    50 18 0 31 255 13 218 251 86 0 175 212 152 56 0 116 0 134 255 0 255
    0 61 120 146 255 255 161 255 103 0 157 0 198 255 0 118 231 0 77 255
    255 255 60 8 105 43 101 155 231 0 255 255 0 91 255 179 255 74 0 197
    125 220 86 236 98 230 255 66 163 4 6 78 255 0 19 255 255 178 255 255
    255 0 240 126 4 0 0 223 165 0 0 238 91 255 0 128 191 199 255 12 240
    0 5 0 19 35 0 0 152 138 62 0 112 153 6 178 128 0 153 81 0 92 255 255
    80 34 255 201 4 255 255 0 242 83 195 98 255 41 47 227 173 113 249 16
    18 13 0 75 0 0 0 105 0 0 10 255 0 209 255 197 207 159 126 233 113
    212 129 0 7 50 65 0 255 29 133 174 0 200 255 193 0 198 0 0 213 50
    213 255 122 54 144 143 0 0 142 169 255 255 255 0 0 136 255 0 182 79
    64 211 222 255 133 0 152 255 197 165 3 198 151 0 241 13 208 255 0
    194 167 124 99 100 71 255 166 137 126 0 3 138 0 177 255 196 48 255
    255 117 126 183 110 130 255 14 205 55 201 39 146 205 164 171 255 0
    255 84 32 255 55 0 0 0 0 199 255 62 22 255 222 255 125 56 85 255 71
    108 255 167 255 180 31 33 221 170 32 110 135 207 185 207 48 157 255
    255 160 255 0 206 7 255 0 156 255 43 55 78 255 0 83 101 250 166 155
    179 255 79 102 20 79 0 255 129 136 0 102 0 97 205 0 0 255 255 64 76
    177 255 33 0 126 255 149 255 184 255 0 107 0 0 2 170 0 0 214 0 43
    255 176 210 126 152 49 251 0 0 196 255 127 255 183 255 0 114 255 0
    36 255 72 47 54 63 181 0 103 255 145 118 255 45 0 255 255 0 183 21
    15 24 0 255 155 246 214 255 255 212 0 0 255 165 0 25 0 255 52 0 89 0
    104 255 197 125 85 220 255 249 91 0 139 135 0 255 24 212 255 79 30 0
    255 40 255 7 62 75 248 108 255 185 145 217 0 230 19 0 255 138 231
    109 255 81 41 224 129 198 255 162 0 255 211 0 255 154 122 255 35 113
    123 255 11 60 0 150 115 0 157 128 255 218 255 114 0 0 18 0 0 0 141
    255 95 255 78 195 151 149 44 245 75 242 118 79 13 255 3 20 0 155 186
    233 3 16 123 255 151 210 0 27 0 163 213 19 87 239 255 124 170 67 216
    12 223 2 76 218 0 95 112 255 207 233 227 0 255 0 0 255 0 0 173 129
    108 0 255 116 87 199 140 137 119 225 255 208 228 81 0 204 21 7 255
    255 192 255 0 255 208 215 106 146 75 132 201 0 255 255 88 163 0 0 99
    160 0 35 0 227 49 42 0 255 27 29 0 224 0 247 255 255 97 78 245 33
    253 162 0 12 255 66 44 66 129 33 255 165 89 179 0 42 5 23 0 177 180
    26 249 255 0 255 0 0 16 77 209 159 228 115 0 173 112 255 119 0 81
    148 0 194 181 212 0 23 0 33 255 218 0 81 239 138 0 31 187 240 59 255
    255 31 0 0 0 255 255 234 255 255 255 188 0 221 242 255 50 4 210 210
    0 255 0 77 186 41 181 204 89 29 140 157 0 253 255 229 242 131 235 65
    188 2 255 255 187 243 255 231 171 221 184 240 0 172 255 184 255 62
    94 0 132 9 14 30 255 0 190 16 101 0 72 186 1 255 255 119 255 4 0 164
    255 222 148 168 180 189 255 49 57 58 48 0 124 44 0 0 8 181 103 255
    191 202 255 85 255 236 255 255 255 82 0 111 210 0 154 1 54 88 199 8
    0 255 63 255 255 221 224 255 255 185 195 107 255 255 0 105 100 0 242
    94 246 198 0 206 99 6 99 255 145 0 37 0 71 238 255 129 35 152 233
    255 0 228 246 6 0 0 194 182 201 221 33 0 101 184 73 255 124 81 241 0
    201 0 0 112 0 102 255 0 0 219 144 0 69 135 235 116 46 65 151 109 255
    89 200 255 200 206 190 0 0 14 255 79 251 255 0 26 102 140 0 116 255
    0 63 107 227 150 5 185 245 255 38 0 124 255 0 255 255 255 255 4 140
    244 0 255 41 255 144 159 0 255 255 0 93 172 242 198 0 0 96 3 159 161
    88 208 255 23 183 255 0 0 255 188 220 215 255 168 0 255 160 236 111
    104 68 86 53 0 140 255 61 152 98 255 46 255 255 255 234 190 255 182
    214 0 109 0 255 126 90 24 77 255 141 42 0 22 0 255 171 0 170 53 0
    115 0 59 32 255 168 255 242 255 0 0 122 95 0 164 178 74 141 0 0 132
    255 224 80 243 255 246 179 0 84 44 255 199 67 255 0 0 0 31 0 255 167
    36 184 25 80 32 255 205 0 255 38 141 58 255 255 170 50 0 0 75 255 0
    255 68 55 201 0 68 255 105 0 111 239 27 146 54 0 8 0 0 104 0 0 92
    113 150 201 31 166 43 0 255 232 199 166 185 241 0 255 0 255 84 255
    72 255 7 213 152 208 253 131 110 17 108 0 255 133 255 7 157 105 153
    0 84 206 0 102 0 38 255 209 42 255 141 255 0 255 255 0 255 255 255 0
    184 137 0 205 26 189 0 255 77 85 244 230 0 157 252 209 255 249 43
    255 239 50 255 39 255 6 150 75 0 194 255 0 72 0 93 255 254 0 94 0 0
    94 146 0 191 56 173 217 80 7 0 66 32 0 167 197 255 35 102 193 71 255
    255 255 0 101 255 181 43 0 255 0 0 0 58 0 183 179 171 200 92 19 47 0
    115 0 238 79 0 255 148 200 20 255 144 212 208 3 209 207 0 173 64 178
    179 148 0 255 121 167 156 183 100 53 69 131 255 0 255 255 104 194
    111 53 177 255 255 204 150 255 0 64 214 182 0 133 130 255 226 249
    114 0 146 22 255 36 0 255 198 0 221 85 78 255 182 0 94 76 114 4 0 14
    0 0 255 21 0 82 8 77 206 198 255 114 151 18 255 188 255 113 253 183
    51 233 139 138 255 255 0 0 123 0 255 255 116 99 155 80 255 67 152
    255 101 0 31 29 255 220 255 255 0 133 255 0 104 0 112 255 201 255
    255 255 108 93 0 18 0 0 255 0 69 69 255 255 255 0 234 147 130 0 198
    94 102 206 22 55 222 88 159 249 197 146 255 83 141 37 208 144 221 0
    0 0 0 0 17 85 130 195 255 120 38 255 126 124 197 213 255 37 36 255 0
    253 255 54 31 255 255 92 12 255 1 130 214 154 0 4 114 93 0 0 255 229
    239 0 255 63 255 255 239 40 255 0 0 12 255 255 23 255 255 189 217 88
    177 84 0 144 242 54 163 214 227 150 31 0 255 255 0 42 4 0 249 90 16
    97 0 209 78 0 40 194 255 124 188 255 160 0 255 248 16 255 164 242
    221 202 254 124 255 255 201 0 4 255 0 195 131 255 0 209 255 207 255
    22 255 199 255 159 0 36 255 90 0 46 64 0 78 251 137 99 217 49 0 255
    153 103 255 79 0 255 0 217 170 173 239 84 85 0 97 255 245 196 217 57
    129 0 122 127 255 177 0 0 181 200 65 64 7 0 0 125 0 171 0 137 0 123
    15 221 219 151 129 250 252 44 143 142 255 255 70 255 176 146 136 0
    255 133 0 120 47 144 85 196 0 117 0 167 147 97 33 196 255 0 255 61 0
    70 255 37 255 255 79 255 176 203 255 117 254 28 100 12 239 255 0 245
    153 155 40 166 164 10 93 101 7 255 135 255 187 225 206 255 70 0 0
    255 183 0 141 160 125 227 23 0 141 43 255 255 255 255 0 255 109 153
    47 222 0 68 61 110 0 144 197 174 255 16 197 168 156 85 89 255 255
    255 255 177 47 40 215 179 73 255 255 34 255 255 58 0 21 14 111 255
    181 73 73 199 0 59 88 255 16 0 0 158 75 233 163 255 235 255 20 255
    44 255 181 195 83 0 0 255 0 173 0 0 16 175 0 105 156 67 255 59 91 0
    0 54 255 196 242 255 255 255 32 245 255 255 255 105 0 33 107 197 0
    94 255 0 213 35 0 216 207 19 255 151 171 255 93 49 72 111 202 0 0
    114 84 65 0 180 182 255 153 64 222 46 0 114 159 20 0 0 247 0 132 255
    27 174 0 2 184 52 120 0 54 28 0 151 0 0 41 228 3 237 240 20 0 255 75
    255 70 0 106 0 230 0 175 150 252 200 207 190 150 23 181 0 126 0 0
    212 0 255 65 0 5 51 255 130 254 161 0 113 0 255 140 0 242 0 14 255
    255 45 197 218 135 15 107 255 255 255 0 255 249 0 210 54 255 75 248
    8 201 179 185 13 40 0 148 114 0 177 199 100 38 210 0 119 0 232 255
    255 126 17 154 133 204 91 255 138 255 153 255 112 0 31 231 103 248
    48 166 99 48 255 255 140 227 118 208 236 255 212 23 77 200 116 255
    98 98 0 142 242 0 97 165 35 0 255 54 0 0 183 255 203 64 93 255 255 0
    255 207 6 255 113 0 255 52 250 207 0 146 255 255 176 24 255 255 151
    255 46 30 255 255 220 103 0 0 123 0 25 255 187 0 0 129 105 116 255
    50 0 255 12 104 68 226 255 0 92 234 255 16 45 255 106 115 213 0 0
    255 0 76 32 0 252 124 0 204 159 0 114 74 255 255 114 40 212 129 163
    255 135 255 255 0 104 200 0 35 255 0 119 0 86 0 255 10 23 0 255 61 0
    8 255 255 95 255 141 92 13 212 142 57 0 107 122 0 194 182 68 144 46
    78 0 8 6 196 70 17 198 119 255 231 149 255 27 0 255 58 248 255 0 12
    247 79 0 135 0 255 228 11 0 255 122 0 41 255 149 124 100 255 255 0
    168 255 0 52 86 93 130 255 255 16 255 154 18 13 225 255 0 91 255 0
    255 14 2 244 0 0 1 0 255 0 200 155 205 255 7 0 0 182 166 255 255 203
    79 255 174 66 225 140 149 0 185 75 237 255 194 0 255 255 239 0 154
    255 209 0 255 14 13 223 255 171 0 0 255 175 0 0 145 0 95 47 41 0 252
    255 255 0 255 0 219 0 234 55 142 100 5 181 255 255 98 0 242 90 47 49
    85 255 163 0 224 255 255 172 0 255 219 145 69 255 178 214 0 54 239
    199 0 111 62 128 83 198 34 255 141 255 0 55 66 0 119 164 0 0 255 45
    0 46 255 143 93 165 25 255 70 255 36 153 32 206 245 81 103 50 255
    255 82 247 82 19 139 45 3 0 72 0 95 33 255 117 111 37 153 245 156 0
    68 158 170 0 151 238 161 255 57 225 255 0 49 255 0 0 205 0 0 39 0
    218 46 255 44 1 97 255 245 255 3 255 72 176 0 208 74 119 0 0 0 14 0
    43 154 255 255 170 255 49 255 163 0 169 147 135 46 255 28 0 210 140
    0 33 117 255 235 255 255 0 212 122 15 0 255 102 240 255 216 104 136
    255 255 110 45 58 212 41 92 57 234 0 229 219 186 255 216 255 255 255
    255 87 191 255 255 70 25 26 108 86 132 192 76 216 205 207 250 255 21
    217 185 109 134 21 79 32 0 52 215 0 173 11 0 166 0 255 205 255 91
    203 255 100 94 234 159 135 196 255 0 85 97 255 240 0 101 58 216 236
    110 25 188 255 248 164 100 255 255 0 226 255 0 0 255 139 0 19 0 255
    255 216 217 255 255 158 178 255 16 141 0 142 17 12 255 0 255 82 0
    255 0 239 0 174 161 209 100 24 255 178 202 247 255 31 255 29 147 0
    226 0 52 0 0 0 71 207 0 255 56 103 255 0 199 255 64 167 17 129 47
    183 153 155 130 122 219 166 95 113 255 232 119 150 255 255 253 58 73
    255 0 0 251 98 124 27 41 34 255 133 175 53 64 77 181 83 137 204 252
    161 76 255 216 23 190 0 142 109 36 143 167 0 255 255 91 135 64 224
    115 236 255 0 255 87 0 255 0 0 190 229 29 255 117 56 0 235 255 0 161
    88 255 0 78 127 125 0 54 243 253 42 255 0 172 0 255 233 0 160 255 0
    89 255 255 49 53 196 177 78 252 0 0 231 0 255 98 8 16 0 68 25 0 215
    138 190 17 213 0 213 136 38 139 20 9 100 76 222 0 138 255 251 0 254
    0 34 219 45 255 250 124 255 210 222 139 193 0 14 255 67 0 255 0 67
    10 157 255 151 40 91 255 64 255 151 0 255 132 107 45 0 255 183 143 0
    255 162 248 217 192 174 255 224 189 59 110 194 0 68 65 182 52 62 157
    16 84 163 99 44 0 0 144 255 183 109 0 143 0 0 255 47 33 172 86 144 0
    209 10 0 131 13 0 231 143 166 255 0 0 255 0 23 195 201 255 237 25
    210 93 255 236 65 2 235 0 191 80 157 255 255 0 245 45 41 6 0 153 110
    50 31 0 0 152 42 255 205 233 255 137 137 255 113 255 84 137 255 255
    255 83 255 98 255 155 197 8 0 0 118 255 133 168 49 26 28 201 0 0 149
    252 238 145 207 169 223 3 255 255 71 96 32 232 0 95 244 255 147 255
    180 46 0 199 146 0 82 222 255 0 179 175 212 203 42 255 227 0 0 255
    76 0 87 246 0 65 230 0 59 81 210 0 21 191 174 255 255 255 36 0 255
    69 242 0 4 111 223 255 52 92 40 0 199 19 255 255 22 0 1 255 0 255
    255 0 39 255 82 235 255 0 255 167 136 101 52 9 247 0 90 0 255 0 204
    0 198 204 255 216 172 201 123 207 200 255 29 255 177 255 0 253 25 0
    255 0 0 72 180 255 0 255 0 0 255 255 71 175 69 0 0 0 153 121 255 80
    1 191 255 144 221 204 76 91 117 45 255 0 98 195 0 255 29 0 255 255 0
    82 136 86 231 0 22 0 255 255 255 255 220 177 255 255 250 150 56 0 39
    0 142 9 209 189 151 132 255 255 0 169 201 64 88 110 255 0 255 226 97
    208 0 113 90 109 146 126 0 122 0 83 80 72 235 0 0 8 172 53 0 255 64
    0 80 125 102 255 255 136 0 168 0 0 77 255 255 198 237 98 123 0 28
    232 0 63 255 179 104 105 0 187 0 122 0 72 255 213 0 151 206 255 166
    200 83 0 0 80 255 0 10 6 0 220 154 208 150 105 123 17 61 255 1 186
    205 158 76 25 9 173 0 84 255 4 128 154 0 105 130 255 102 20 90 124 0
    0 186 111 195 196 187 2 255 0 148 113 210 148 0 255 4 0 159 107 213
    255 53 30 255 37 0 38 230 0 0 227 19 22 94 183 157 171 0 210 41 0
    220 0 191 84 255 118 0 123 234 0 49 169 202 0 0 0 204 104 172 106 0
    255 202 0 0 191 227 56 165 122 255 178 170 0 255 241 194 72 255 0
    255 68 75 0 81 0 80 103 153 0 138 39 160 255 80 0 112 0 187 0 122
    255 3 9 71 125 0 0 230 100 195 0 171 255 255 255 248 93 53 26 73 255
    49 123 98 0 249 187 186 251 94 247 255 0 85 158 243 171 218 0 183
    255 255 255 255 255 165 206 142 0 255 0 0 180 0 0 227 149 255 195 0
    0 166 103 24 203 15 71 124 0 255 140 9 80 103 247 137 255 0 255 76
    255 0 81 179 255 207 48 77 140 0 218 255 142 255 0 223 83 66 46 217
    173 0 12 252 59 247 85 255 162 158 255 167 232 116 91 222 125 19 255
    0 0 142 56 13 0 255 0 138 0 214 229 255 187 24 0 105 229 0 67 146 0
    0 57 255 254 102 133 105 113 255 26 191 176 87 49 194 0 88 204 107
    255 0 94 0 0 158 89 55 214 255 255 37 119 71 0 5 255 173 10 200 182
    255 227 125 135 181 170 0 1 101 150 157 197 0 175 216 255 242 140
    255 230 24 53 160 220 128 17 255 0 255 255 9 86 255 249 195 11 20
    127 201 49 119 247 167 0 223 95 221 255 0 115 110 255 255 218 251 85
    0 240 67 52 0 119 199 0 5 255 0 255 222 223 237 131 255 222 0 0 0
    143 174 255 255 30 46 255 139 117 32 11 18 38 255 255 72 255 193 0
    255 0 68 189 54 255 255 85 219 220 231 153 255 255 105 255 148 190
    194 184 213 176 255 255 0 231 244 4 0 0 244 63 0 252 0 140 0 138 164
    83 255 83 0 44 186 171 235 255 219 58 181 43 0 203 0 163 0 247 146
    255 0 159 0 104 224 121 180 0 0 255 135 255 59 255 51 173 234 3 0 32
    12 195 255 22 127 255 225 173 146 0 0 169 114 245 59 0 0 0 150 255
    52 202 255 255 112 101 71 255 90 178 255 0 82 84 255 43 0 232 26 52
    53 0 17 0 255 0 255 172 107 68 255 37 104 227 0 0 0 255 50 0 90 249
    139 202 1 255 0 0 119 255 224 77 6 192 0 255 158 60 84 228 0 150 197
    179 152 164 93 0 243 0 251 98 137 121 255 241 243 68 255 208 27 166
    190 112 79 14 255 46 255 104 97 255 0 211 10 255 94 0 254 158 0 239
    124 241 237 148 55 155 101 255 0 155 32 255 232 234 190 117 255 255
    255 249 175 0 248 255 71 17 9 255 62 0 148 80 109 164 0 159 208 201
    221 137 222 255 143 0 255 198 255 200 0 122 149 0 146 45 174 35 255
    156 0 250 0 255 73 0 249 255 233 0 136 191 211 182 24 255 100 74 18
    228 0 68 220 0 140 5 255 71 52 255 84 122 229 188 255 0 255 200 150
    163 119 0 255 0 241 255 26 231 148 255 0 246 51 203 178 177 247 60 0
    255 50 174 0 173 159 242 240 255 255 0 235 0 0 255 136 151 0 175 92
    69 153 78 223 66 172 255 0 240 49 81 255 0 114 87 88 157 102 175 108
    151 255 66 122 176 45 218 104 172 139 132 255 255 94 202 113 0 0 197
    133 10 154 253 67 124 63 0 143 66 170 162 18 0 133 255 148 0 185 255
    0 242 17 0 0 255 190 156 227 0 34 0 0 180 225 83 85 203 201 0 0 10
    125 255 88 0 113 106 228 173 171 255 229 23 60 0 62 224 81 0 173 50
    0 36 206 6 159 0 6 0 156 241 255 108 110 0 0 3 0 161 0 248 92 104
    249 9 163 123 255 85 15 255 0 0 255 0 184 0 200 47 228 146 147 31
    255 49 51 255 203 144 0 0 255 0 13 211 14 0 147 84 255 243 254 64
    211 180 48 241 70 101 70 182 0 246 255 70 0 255 255 255 53 80 0 0
    255 0 81 54 255 0 31 93 130 133 130 241 63 255 255 107 192 255 0 159
    255 0 0 80 255 255 255 103 243 85 56 0 171 166 255 150 9 162 154 205
    7 179 112 255 118 252 79 0 31 226 0 255 249 137 65 255 0 109 51 1 0
    166 175 15 29 15 30 0 192 133 84 0 0 255 141 255 246 11 255 78 0 165
    0 211 255 134 50 128 86 88 49 255 154 68 0 0 169 57 169 0 167 178 0
    95 92 51 0 204 0 0 0 255 117 118 24 54 87 255 113 0 38 0 79 0 0 255
    235 238 110 204 145 234 255 28 112 255 147 29 255 139 255 255 122
    203 137 255 0 94 228 169 120 56 4 200 14 34 217 59 40 49 0 0 85 0
    186 75 0 123 134 4 255 206 176 255 160 0 202 59 243 179 51 197 190 0
    111 138 255 0 0 122 98 158 231 36 25 91 0 128 251 241 146 48 163 0 0
    173 63 70 0 0 0 255 137 70 0 223 233 192 255 79 127 255 64 107 41 0
    0 175 26 19 255 236 255 215 87 255 255 217 4 91 250 147 210 0 0 210
    99 168 0 0 88 240 85 119 255 94 254 255 0 94 255 189 4 13 73 0 226
    241 17 98 0 212 149 87 255 0 17 204 227 22 68 218 255 141 42 80 255
    65 89 183 109 191 124 113 255 16 6 117 255 0 0 155 152 190 62 43 134
    0 255 120 0 185 5 64 114 0 0 25 120 113 11 255 255 62 214 51 65 34
    47 0 247 33 236 121 255 34 143 227 0 62 34 255 0 0 146 198 182 81
    239 255 227 126 103 106 14 255 19 0 12 126 227 0 255 255 0 0 16 145
    252 13 255 215 57 92 0 216 255 189 0 255 20 205 255 85 140 222 186 0
    238 0 255 42 11 0 194 91 4 72 117 0 65 117 250 255 233 122 126 29
    147 126 0 223 0 215 255 255 25 187 167 250 79 13 0 135 255 5 0 82
    180 198 118 223 128 211 0 255 0 40 6 255 153 52 255 246 59 255 0 0
    255 160 0 165 10 158 0 104 94 0 95 255 0 124 0 44 42 253 28 1 34 141
    0 252 204 210 255 0 118 96 166 166 173 0 87 174 255 255 251 39 169
    227 225 0 164 5 36 128 157 255 0 255 127 0 78 47 201 98 17 37 0 174
    161 10 194 255 133 229 11 120 34 140 73 255 26 126 168 255 158 93
    127 0 101 16 255 0 152 107 255 190 230 169 5 180 24 27 0 187 0 0 13
    126 255 228 107 40 154 255 149 0 158 0 119 0 49 199 108 0 0 0 255
    105 248 41 97 72 169 255 255 255 0 0 39 0 0 255 255 88 255 119 73
    255 235 222 120 106 255 211 106 0 255 67 191 151 255 255 255 0 255
    32 204 9 0 30 133 0 1 79 0 43 255 0 0 176 0 139 165 161 137 54 161
    55 112 45 44 255 0 210 0 35 238 0 0 255 255 255 0 127 98 44 0 91 255
    255 0 209 176 44 204 184 207 192 85 180 0 148 115 255 52 255 240 255
    255 36 255 164 158 231 71 8 185 0 0 75 71 225 168 168 222 169 255 0
    175 59 132 0 0 255 49 41 108 226 104 235 0 255 185 215 255 105 159
    231 233 0 0 82 0 0 229 100 78 152 216 33 42 255 255 255 0 0 255 68
    82 132 146 0 255 147 37 0 0 139 43 113 255 0 0 135 240 19 182 0 255
    158 0 113 11 213 0 255 217 214 255 5 140 255 167 82 0 163 255 231
    255 19 39 51 47 43 255 89 190 15 238 255 77 255 111 155 219 219 127
    47 61 0 91 141 0 0 221 0 255 255 0 250 40 0 124 0 255 63 92 0 106 73
    255 76 15 40 126 77 255 88 10 250 11 194 0 18 95 0 86 41 219 0 255 0
    144 177 66 131 0 169 135 19 87 255 95 105 0 81 255 114 0 255 208 255
    67 208 255 255 0 193 250 59 0 68 255 255 7 0 255 0 255 0 0 76 188
    208 244 255 70 134 238 22 255 255 0 0 0 225 16 0 255 0 62 236 253 3
    0 3 62 0 0 46 185 0 0 169 41 107 2 220 101 162 255 147 255 255 135
    255 120 255 0 5 0 232 0 148 0 0 142 174 244 45 5 221 250 255 49 107
    243 8 220 53 0 212 255 81 108 249 255 0 0 234 47 23 153 228 210 0
    255 89 255 0 200 221 36 248 74 121 255 2 118 45 255 118 0 82 230 0
    75 26 124 179 0 161 0 213 255 73 35 0 162 86 0 0 197 0 0 255 24 44
    214 176 181 226 255 181 255 255 114 149 127 0 45 154 155 255 0 246
    45 75 238 5 202 173 255 228 219 205 0 0 255 83 0 236 246 255 217 211
    0 255 201 184 255 0 255 0 124 255 0 42 103 94 84 82 139 227 120 133
    0 232 242 160 255 255 0 220 255 0 48 255 141 113 138 199 19 213 67
    95 143 102 255 216 208 141 255 255 237 0 255 205 255 0 0 255 225 124
    77 0 121 7 5 49 189 48 51 173 0 162 44 77 0 255 255 241 62 255 45 24
    102 74 255 0 166 26 119 182 203 111 234 139 0 202 0 168 25 255 255
    255 0 226 23 207 244 193 255 0 206 0 187 84 39 100 186 178 233 78 74
    135 175 255 198 0 111 255 151 196 128 10 255 255 29 54 255 255 209
    255 0 15 255 9 166 193 195 85 219 0 18 3 121 200 114 187 90 76 0 248
    97 0 0 12 0 0 0 0 0 54 0 255 255 239 0 255 134 65 255 10 255 213 255
    0 156 158 207 255 22 0 255 247 0 219 154 255 255 0 255 0 255 255 64
    103 0 183 241 163 113 227 127 78 205 255 189 90 0 64 65 160 255 255
    255 215 41 175 118 200 0 143 255 255 218 0 226 156 239 190 199 36
    255 178 0 23 255 83 136 255 90 127 255 208 255 231 217 26 0 8 7 207
    77 255 223 0 204 52 189 227 0 177 0 0 231 241 253 111 157 118 4 227
    0 255 0 58 119 194 213 0 255 255 0 0 255 255 125 85 255 111 219 68
    126 127 0 210 107 255 146 122 105 202 115 16 178 0 226 255 15 244 0
    128 0 0 27 0 0 20 65 255 255 255 34 247 190 206 73 100 209 158 255
    184 158 132 209 196 188 43 255 0 117 226 255 255 0 255 0 111 255 75
    72 255 255 209 255 255 0 11 0 152 0 111 21 88 255 248 138 56 125 255
    75 0 245 102 1 242 101 73 11 151 0 42 6 2 255 214 255 198 0 255 255
    255 136 215 0 255 191 109 224 81 150 0 255 78 0 220 162 105 102 32 0
    131 0 255 128 119 180 255 255 59 164 255 85 255 139 116 179 204 37
    255 37 106 156 255 255 60 143 229 53 0 0 202 39 56 61 69 144 129 251
    0 90 213 0 255 141 171 214 186 255 67 0 25 255 33 5 248 255 255 101
    167 0 0 44 0 71 147 126 0 226 128 0 255 123 80 255 56 41 36 0 61 187
    105 111 52 83 0 205 255 141 109 255 255 68 158 255 39 147 160 255 18
    216 127 0 248 11 37 255 0 88 255 255 255 191 26 255 31 0 255 56 81 0
    209 0 0 75 232 255 0 208 208 9 129 0 36 158 0 0 39 255 147 255 20 84
    85 56 67 255 46 103 255 245 0 46 170 255 19 113 255 8 10 77 200 40
    248 255 0 49 0 32 0 149 67 146 147 104 0 71 0 0 255 214 99 255 44
    233 8 180 0 48 17 100 76 255 146 190 164 27 30 255 181 142 26 255
    237 198 144 233 195 0 112 236 189 244 0 255 255 0 200 0 6 68 0 247
    247 85 255 214 0 145 2 255 0 255 20 74 255 255 255 156 0 225 0 26
    192 255 0 255 217 255 193 210 255 0 255 120 0 196 29 50 255 119 64
    229 78 157 234 47 0 90 255 132 99 255 255 0 186 255 143 0 0 200 99
    97 255 212 178 68 255 197 142 236 173 0 255 36 255 0 191 203 252 0
    16 74 147 255 0 228 19 255 0 245 255 82 255 35 0 239 38 127 255 0 14
    0 82 255 137 255 0 0 0 0 230 255 247 176 236 120 74 124 0 254 255
    184 211 255 205 8 198 255 29 245 197 255 62 114 240 0 22 118 255 179
    127 0 76 0 255 73 132 0 226 21 146 0 201 16 209 98 0 255 125 15 0
    148 0 168 134 87 177 255 22 140 243 140 141 104 216 251 130 235 15
    137 0 255 4 222 104 0 255 0 91 0 255 255 198 255 6 41 74 223 208 0
    171 255 143 247 255 108 51 129 111 83 35 217 0 23 53 0 79 224 255 0
    59 233 0 116 255 255 255 24 255 0 212 0 142 213 24 48 255 127 40 244
    255 164 227 159 41 37 0 90 37 89 4 255 38 28 0 0 94 23 142 0 25 238
    10 255 149 252 255 26 240 0 0 240 177 179 42 239 93 43 0 0 192 225
    40 97 145 255 5 1 126 222 255 255 54 255 41 135 255 0 76 108 163 184
    12 0 0 194 64 161 77 103 255 49 0 24 250 170 255 213 135 174 0 255 0
    255 71 146 221 77 220 0 123 209 49 0 0 255 211 248 255 2 235 0 190
    85 255 87 0 233 0 140 0 0 255 56 138 29 0 255 228 255 0 64 91 105
    255 175 0 206 255 49 255 0 23 29 193 67 0 124 0 0 169 0 132 106 0 67
    19 255 142 6 255 255 57 239 255 229 50 0 103 255 0 0 62 62 0 0 166 0
    184 0 130 63 255 255 255 0 0 216 10 255 176 68 207 43 0 255 49 255
    61 255 246 183 61 210 228 102 255 224 0 101 239 0 139 134 177 225
    177 64 255 22 126 0 255 181 0 142 0 148 216 0 255 255 0 108 86 195
    22 155 255 221 82 255 73 0 125 0 0 255 192 209 162 40 52 68 103 158
    0 120 250 0 81 0 255 255 102 206 255 117 255 141 135 51 228 134 153
    227 151 255 136 173 74 250 93 255 219 154 0 72 255 0 255 0 0 139 156
    0 0 251 0 118 255 56 0 255 214 240 26 131 171 124 144 110 38 255 206
    0 255 178 198 64 255 123 190 96 255 2 255 154 113 74 60 0 202 0 255
    255 228 255 121 169 0 66 209 63 255 0 217 0 199 0 163 255 255 255 27
    255 255 254 255 255 186 255 255 228 9 91 255 50 194 113 0 0 66 0 255
    145 0 115 21 255 255 108 255 213 97 232 160 255 40 177 70 255 255
    255 255 25 10 219 86 255 0 9 0 29 255 0 255 0 0 0 255 219 255 0 85
    255 132 255 150 175 75 42 161 0 255 84 0 255 117 3 117 255 21 110
    216 0 214 0 116 175 160 168 176 149 157 0 0 104 148 40 108 255 255 0
    0 205 255 255 255 33 255 8 0 62 96 255 0 74 124 126 255 255 4 104 21
    255 185 49 219 192 76 210 15 158 0 81 47 123 255 255 0 178 192 244
    186 129 255 233 235 0 255 225 0 2 195 108 150 255 0 234 0 0 230 0 34
    255 166 235 0 0 255 74 0 0 8 255 54 224 61 73 0 209 109 255 131 156
    255 0 216 75 204 29 255 0 53 178 0 255 0 177 255 55 255 191 32 0 0
    109 89 188 0 255 248 27 0 0 84 0 165 0 79 200 0 0 92 160 244 74 149
    255 69 76 197 103 0 218 29 136 0 157 175 203 255 23 3 255 0 255 194
    82 255 0 80 39 0 227 255 255 255 255 22 0 0 64 255 0 49 246 4 255
    194 105 89 0 210 199 255 120 255 68 1 255 255 119 200 0 61 169 222
    26 90 136 80 241 212 0 4 3 199 84 255 80 0 255 57 133 25 60 135 248
    0 80 255 74 169 163 0 203 253 0 0 0 255 0 222 86 106 205 118 37 255
    32 226 214 255 86 255 255 169 65 255 133 0 246 255 255 5 255 0 0 117
    246 243 0 255 141 0 147 255 78 0 139 181 151 124 144 0 40 112 125
    255 191 116 45 255 62 183 39 255 153 34 255 147 255 0 144 136 82 186
    0 68 243 255 255 0 156 196 243 55 255 244 85 255 255 243 201 69 0
    109 68 208 255 142 71 0 0 255 191 214 2 195 32 244 153 7 113 255 70
    255 0 255 14 214 255 0 200 21 0 6 218 249 247 115 255 30 63 94 6 255
    35 110 145 20 214 0 255 255 0 0 255 63 148 173 255 130 33 97 255 255
    255 0 114 255 237 55 0 161 255 32 0 255 148 0 255 143 86 0 229 89 82
    255 126 187 168 228 115 0 195 61 203 255 29 179 4 15 193 45 59 130
    255 238 0 237 255 67 255 33 211 0 35 100 193 0 73 243 117 0 255 172
    0 55 255 221 199 78 152 2 255 0 255 175 0 36 255 0 141 0 72 49 88
    107 255 60 129 116 132 255 147 194 82 53 22 231 19 135 142 241 0 178
    26 7 21 32 255 255 255 30 0 0 136 82 0 255 0 254 0 244 33 0 187 14
    157 0 229 255 215 216 129 46 100 146 160 255 154 245 112 56 182 106
    0 176 231 222 255 116 0 0 194 255 145 195 255 255 0 0 0 255 25 254
    255 255 0 255 185 83 201 206 8 109 142 0 57 135 0 148 0 5 135 63 10
    184 119 215 255 33 121 28 171 98 0 36 0 123 255 112 255 255 28 127
    255 167 188 255 0 50 0 105 0 0 135 255 120 235 255 41 255 0 255 174
    221 0 41 141 57 74 0 174 127 145 255 28 67 72 255 197 189 255 2 145
    127 255 188 255 0 0 161 255 102 0 98 182 10 117 143 255 44 203 128 0
    255 157 71 182 10 182 196 33 129 73 89 0 185 255 0 215 167 0 119 68
    51 223 156 192 0 201 255 255 221 135 97 5 224 255 74 201 89 255 255
    178 194 144 40 65 88 20 0 155 181 0 255 238 0 40 139 255 114 255 254
    23 59 103 68 36 88 18 6 129 132 255 197 9 80 21 0 255 144 0 195 0
    164 0 0 161 176 2 101 17 0 90 0 103 0 58 225 255 17 176 246 255 163
    77 107 0 0 177 0 61 0 0 231 255 35 255 0 103 255 66 101 14 255 64 0
    0 44 118 255 70 220 196 255 180 255 107 0 0 0 136 239 120 6 0 255 72
    138 174 206 255 88 0 198 87 255 0 255 0 68 201 204 105 32 29 179 255
    7 75 0 190 255 142 156 44 0 217 255 255 0 255 42 173 51 34 148 228
    238 199 2 234 55 255 255 255 45 0 118 108 0 143 231 0 251 31 255 41
    191 137 255 120 0 243 29 192 249 0 251 120 111 244 28 182 0 0 149 37
    255 255 132 68 235 255 168 0 0 0 8 96 255 255 255 255 255 0 150 245
    0 255 22 251 201 0 255 0 0 255 0 0 0 0 164 216 74 37 0 255 43 0 80
    255 124 0 217 210 210 192 0 147 91 31 124 0 23 67 0 165 198 99 255
    113 132 172 0 255 0 124 255 154 61 176 255 255 122 255 129 0 245 9
    255 0 191 91 124 61 6 157 255 255 0 115 255 99 0 247 138 225 255 255
    0 109 0 158 0 54 255 85 0 255 255 31 5 50 255 202 119 71 46 0 0 0 0
    221 206 214 128 127 169 128 0 59 211 11 147 209 212 160 255 7 255 24
    109 185 0 52 243 104 110 73 0 0 59 133 0 0 71 230 179 220 0 188 0
    255 255 16 249 161 59 66 144 169 255 230 78 254 119 255 76 101 159 0
    255 0 86 0 168 197 231 53 255 255 0 22 255 222 0 0 0 0 67 26 255 62
    41 163 216 193 0 124 193 220 133 0 217 204 147 0 69 255 0 236 21 0
    165 255 229 0 0 238 0 22 0 0 58 27 17 161 0 255 255 147 50 142 99
    136 255 44 255 78 210 232 212 115 0 161 98 255 255 255 209 255 255
    214 255 198 10 121 255 80 51 0 148 255 0 65 33 50 0 251 235 14 112
    255 67 237 219 0 0 148 255 96 255 255 24 226 51 17 20 57 21 119 149
    220 78 0 0 250 83 222 255 0 255 255 255 133 0 231 82 227 127 44 204
    255 230 137 0 76 100 65 122 109 53 218 20 28 41 0 255 0 245 96 0 255
    202 126 255 0 226 0 51 0 0 85 255 255 185 147 70 191 255 0 235 255
    44 0 105 158 0 255 17 0 83 34 0 125 208 177 0 84 118 178 135 117 0
    255 114 0 255 0 64 0 0 0 221 255 255 12 63 255 74 231 246 255 255
    255 63 0 41 226 0 24 69 255 46 237 255 0 226 48 0 0 104 8 255 255 7
    255 255 0 20 215 0 3 60 239 105 207 106 203 255 174 255 255 17 56 0
    157 235 175 0 163 255 117 95 255 255 0 255 174 255 207 204 255 118
    68 79 98 0 255 15 55 0 38 179 135 0 116 0 57 0 114 30 158 66 152 121
    255 172 107 75 226 0 89 35 179 86 20 202 227 187 255 195 200 31 203
    0 0 255 0 23 0 0 193 0 38 121 125 113 0 140 0 41 174 132 255 255 125
    255 16 0 79 0 42 0 123 51 157 255 9 0 223 224 165 125 0 255 189 147
    255 20 255 255 250 89 255 118 106 237 234 253 255 255 108 177 0 188
    28 0 91 135 134 222 138 255 24 72 0 250 0 136 161 99 175 222 142 160
    221 255 98 0 0 255 52 0 0 3 255 45 255 52 221 23 255 245 113 255 250
    32 255 102 29 128 0 187 144 255 69 236 0 227 255 98 106 255 229 0
    255 204 176 149 0 21 254 126 255 188 250 64 11 228 178 90 145 254
    255 0 13 216 204 190 255 255 251 180 37 64 130 190 198 190 255 255
    33 255 255 0 221 255 155 0 19 255 29 49 194 169 178 255 0 255 255 38
    199 49 250 0 74 0 47 0 255 0 160 70 73 180 0 121 0 25 168 158 0 71 6
    153 152 42 255 255 0 0 62 29 133 255 255 255 213 182 255 10 255 112
    65 148 63 142 182 135 204 215 26 129 251 0 132 26 255 174 255 255
    102 251 255 255 55 255 14 116 95 123 255 138 45 189 0 255 216 42 7 0
    52 0 31 22 255 112 255 192 81 138 76 255 66 0 217 236 255 255 138 63
    102 0 255 255 255 127 0 255 255 255 0 42 0 0 0 145 119 162 255 0 0
    25 255 179 0 66 0 115 145 70 79 72 255 0 255 255 139 89 255 125 255
    126 20 218 243 0 255 209 166 168 216 0 255 0 22 189 68 255 255 255 3
    159 86 255 121 99 255 68 199 135 0 31 255 255 255 255 199 140 0 185
    86 231 122 117 137 103 145 255 79 104 24 0 146 65 255 254 189 125
    160 90 255 255 127 234 129 190 20 0 19 101 0 67 85 0 255 150 0 0 0
    255 152 227 0 255 179 0 0 149 50 62 255 48 175 0 0 81 122 255 255
    255 0 151 107 12 95 169 0 0 118 202 254 0 225 95 0 57 255 56 150 112
    255 201 200 0 122 226 0 117 0 116 6 234 219 113 78 186 35 0 62 38
    184 0 180 217 0 46 164 252 19 255 255 34 0 174 95 28 161 0 141 208
    90 219 0 0 17 253 255 89 175 60 154 79 254 213 0 224 133 134 165 255
    28 234 166 82 86 155 255 0 0 165 0 146 54 42 0 138 0 16 146 0 194 0
    138 127 98 0 220 244 255 100 207 36 130 57 109 65 32 0 0 104 255 23
    165 55 255 70 245 255 34 0 0 0 214 123 87 0 163 189 152 225 247 174
    221 230 50 255 255 232 193 0 216 255 216 244 34 238 101 129 0 0 3 90
    196 255 255 129 244 66 255 248 255 13 124 255 129 60 255 110 217 137
    166 127 0 255 28 0 101 48 236 96 255 208 131 255 153 242 152 0 211 0
    0 255 174 0 0 158 45 74 255 31 0 0 255 78 228 236 56 189 3 255 255
    255 169 71 209 135 118 59 255 1 0 108 31 196 255 250 0 255 255 255
    207 254 154 240 99 97 220 164 234 92 153 0 232 255 66 255 0 247 44 0
    255 255 25 0 196 29 0 102 91 185 137 98 91 178 22 210 255 221 204 0
    0 143 52 255 156 193 1 0 59 237 182 49 0 35 255 124 133 0 217 255
    255 221 6 50 204 121 58 0 0 136 255 40 0 0 228 109 23 178 93 0 0 103
    3 42 89 99 211 143 255 255 0 71 19 61 5 0 97 17 111 250 156 119 217
    225 231 146 178 0 60 105 210 147 200 16 176 110 124 246 200 101 255
    109 7 255 22 29 0 8 3 64 98 255 133 0 20 255 146 148 49 255 142 12
    190 29 236 255 0 0 255 0 0 255 163 27 0 0 0 255 214 255 155 148 255
    0 237 16 167 78 0 255 255 92 0 12 106 29 0 132 226 26 241 59 71 255
    179 0 12 0 5 114 9 85 0 255 0 255 255 91 107 255 0 255 223 255 118
    255 255 81 182 8 77 0 62 135 0 161 255 203 0 0 0 226 71 254 0 255
    255 116 40 255 168 255 255 117 0 118 140 0 0 165 255 124 90 17 255
    124 121 255 115 106 207 0 255 201 79 100 255 0 17 6 95 170 255 194 1
    255 255 51 11 97 98 162 0 143 255 97 0 156 201 228 255 33 255 252 0
    239 0 246 235 0 30 251 254 97 69 10 255 0 255 43 135 139 95 254 155
    4 255 52 39 196 181 255 0 0 0 1 195 0 0 36 191 33 0 184 253 185 255
    220 244 0 0 255 255 7 0 255 105 27 255 21 170 0 255 221 252 149 204
    255 122 218 255 180 255 119 159 255 255 0 255 3 151 235 255 0 0 166
    5 38 148 168 12 109 187 255 177 186 0 133 46 0 34 255 133 0 223 4
    121 0 144 0 98 20 86 0 0 11 255 51 0 151 24 201 110 215 155 230 99 0
    242 89 203 239 0 197 57 38 176 136 255 141 0 21 148 255 255 255 162
    208 89 255 108 233 255 0 255 1 18 217 43 7 143 117 232 255 255 251
    54 163 3 197 255 255 197 255 255 255 0 71 255 90 169 0 177 28 68 115
    24 241 80 0 0 166 53 0 64 190 255 108 50 0 0 43 126 113 255 0 0 0
    212 6 155 111 147 21 145 155 21 213 0 221 255 0 78 111 122 0 0 255
    40 127 59 255 238 143 159 0 51 37 255 0 157 0 149 255 0 3 73 173 36
    229 186 0 255 15 255 0 149 255 0 0 174 0 0 0 0 223 157 239 255 73
    255 229 0 175 146 19 173 255 177 255 179 210 183 125 255 241 70 255
    150 67 119 255 242 244 109 51 72 71 180 255 249 102 237 73 89 27 0
    255 46 0 255 255 41 0 231 158 175 170 49 255 55 0 180 59 162 62 6
    255 0 153 48 226 171 176 163 255 255 121 255 0 108 0 109 41 185 232
    215 255 44 0 126 0 0 99 90 0 231 255 132 25 159 255 0 229 199 162 0
    0 231 255 0 255 0 152 0 255 210 255 221 0 255 144 0 1 248 255 0 27
    233 68 116 4 147 197 109 0 255 88 0 203 216 80 224 28 165 255 228 2
    0 231 88 23 0 174 96 177 184 0 255 255 47 178 66 145 0 128 20 120
    173 59 102 131 144 0 255 0 67 0 64 150 213 126 255 255 157 0 1 255
    39 109 0 255 0 72 255 2 133 235 239 255 58 0 22 255 255 32 18 101
    147 214 69 255 5 189 19 255 84 160 255 255 168 110 0 106 221 255 30
    253 217 54 255 255 255 255 167 45 108 206 226 159 0 0 255 255 66 255
    255 167 155 141 255 221 72 209 163 66 0 46 144 190 255 4 241 28 178
    0 181 41 69 223 86 26 255 0 255 111 69 255 113 255 255 139 151 255
    30 255 214 26 237 4 32 0 19 8 21 88 255 255 0 55 255 76 28 136 0 255
    255 0 255 0 160 68 0 184 0 0 255 255 86 125 183 19 98 147 255 255
    255 255 226 0 0 128 19 255 0 255 115 255 205 89 255 0 51 255 255 255
    233 252 121 151 141 255 0 158 0 0 5 139 165 54 255 0 255 31 129 189
    170 99 0 255 237 183 255 9 31 84 85 153 179 0 255 55 0 99 0 132 255
    0 86 0 255 102 183 255 255 0 78 255 156 98 199 255 255 0 230 158 252
    0 255 242 255 160 0 65 238 255 148 0 164 205 255 246 255 201 61 104
    206 234 210 255 69 0 95 120 0 117 0 217 59 206 140 0 0 178 152 0 0
    97 79 87 0 255 255 19 13 255 77 201 0 0 72 130 50 0 143 158 255 185
    255 255 56 255 255 255 47 166 186 119 206 0 189 198 55 157 68 12 0 0
    255 105 255 255 221 249 4 255 122 255 114 0 0 5 48 14 0 28 220 0 97
    255 255 42 199 0 150 0 190 0 63 181 255 196 165 211 160 255 64 242
    255 0 181 224 0 255 161 144 255 255 127 207 21 37 45 255 229 136 103
    57 237 255 160 153 0 0 61 0 128 255 0 178 97 255 105 0 253 255 157 4
    132 130 139 218 255 140 0 90 91 0 0 142 42 255 255 10 114 255 32 233
    65 105 0 58 44 16 0 145 16 206 0 170 82 99 186 227 255 108 242 179 0
    127 159 255 0 70 234 166 0 20 255 166 150 150 33 0 255 255 255 235 0
    120 126 108 255 255 255 255 32 151 234 107 255 103 255 0 0 65 255
    201 114 186 79 255 0 252 78 200 2 64 233 107 119 163 157 113 255 0
    255 255 0 205 70 0 108 255 101 33 17 0 33 79 0 107 255 117 186 254
    187 194 59 21 255 255 0 69 0 123 221 90 0 175 168 67 171 109 243 7
    217 85 24 255 202 218 228 0 49 255 255 255 52 255 27 163 102 220 233
    172 0 255 255 54 255 255 255 0 217 255 150 200 23 255 120 80 165 138
    0 157 14 121 160 120 255 0 170 51 0 0 255 164 198 127 81 0 65 228 64
    149 181 209 9 0 5 0 0 128 255 118 17 107 255 8 255 59 0 255 255 255
    158 255 65 0 7 150 154 107 246 231 67 148 166 255 0 255 250 210 240
    148 172 255 137 181 179 255 0 40 0 147 0 79 153 60 102 83 255 143 90
    0 39 205 0 255 148 108 0 140 24 0 0 161 119 117 158 82 69 234 213
    255 22 0 83 0 243 0 255 97 209 255 226 241 0 120 163 243 189 0 88
    255 74 70 76 255 61 133 104 0 109 0 0 5 3 222 218 89 255 211 0 11
    112 0 255 0 72 165 165 255 173 9 138 83 255 83 252 255 79 38 192 24
    54 0 255 193 0 241 126 80 255 255 128 54 136 255 163 66 255 166 52
    117 24 112 97 213 119 105 0 99 169 86 167 226 255 0 204 255 205 0 30
    43 217 255 255 38 14 8 0 96 198 255 236 14 255 96 68 220 225 255 127
    255 39 158 80 0 120 165 59 0 0 221 255 0 255 116 77 123 13 182 16 41
    84 0 186 0 35 255 86 121 255 236 74 47 135 0 92 0 0 0 11 87 50 255
    82 255 255 214 37 162 255 255 0 160 30 197 147 247 255 0 87 215 0 54
    255 72 209 0 255 153 0 124 100 0 107 210 86 0 14 0 0 114 1 255 129
    100 177 104 255 255 73 121 35 82 190 160 255 255 0 11 0 38 39 102
    255 212 143 0 67 119 152 0 188 172 255 26 255 254 255 255 56 32 52 0
    125 255 181 3 255 255 133 18 0 0 61 255 0 25 153 58 148 0 183 119 49
    0 0 255 167 227 0 225 34 222 178 23 0 50 177 227 0 255 134 129 55
    114 173 97 22 153 0 101 255 7 233 0 237 76 255 64 255 0 252 44 255
    121 20 167 255 222 162 60 255 145 217 110 175 37 145 100 77 255 70
    166 255 108 226 204 0 255 231 9 164 237 255 0 54 255 253 0 63 89 222
    133 12 185 129 200 229 0 213 88 0 255 160 137 0 47 150 61 255 255
    111 66 48 0 0 37 81 255 0 157 175 115 91 255 255 168 0 69 145 88 190
    219 255 77 183 0 95 32 0 154 146 0 180 255 94 171 21 106 168 0 216 0
    213 39 216 255 255 36 7 135 0 0 255 255 255 255 126 0 195 187 15 0
    55 209 0 255 109 0 243 0 185 0 255 255 204 255 135 0 200 167 0 58 0
    255 95 255 0 198 174 255 217 0 7 200 0 10 255 255 0 132 235 0 0 116
    76 73 255 0 0 70 217 255 44 228 93 0 169 0 147 233 255 0 255 0 209
    33 255 213 220 0 255 81 12 0 255 255 255 152 0 117 0 255 0 255 231 0
    252 77 0 222 87 149 226 100 201 0 255 255 3 122 126 68 131 36 213
    133 217 157 0 130 101 223 121 189 79 114 0 197 134 32 70 78 202 127
    0 71 22 0 0 41 0 255 178 31 173 71 13 0 0 150 165 255 255 255 0 0
    255 198 255 228 255 113 39 37 0 255 87 50 0 247 80 28 195 189 212 0
    255 29 206 136 0 66 74 255 0 0 118 163 0 173 0 37 0 72 162 0 199 47
    158 82 0 159 0 124 240 15 0 184 19 0 98 112 77 82 255 112 0 255 0 75
    255 238 255 255 176 72 80 20 164 0 0 0 64 255 0 132 0 0 145 0 255
    217 111 184 0 105 255 255 0 238 9 8 182 168 45 49 135 80 113 0 0 209
    255 101 31 53 67 233 132 214 24 138 255 230 56 9 58 39 113 52 0 155
    255 0 105 8 88 77 88 3 216 93 41 0 132 255 145 237 5 138 22 247 197
    173 31 255 255 255 14 0 86 166 255 227 244 152 255 255 2 225 255 0
    255 104 94 114 200 0 238 183 73 255 42 141 209 255 95 0 100 30 182
    62 49 216 234 233 255 1 119 254 160 126 255 0 191 55 118 209 5 56
    155 70 225 75 0 65 75 177 255 233 255 255 7 152 48 222 0 127 255 214
    12 100 255 0 100 95 0 103 255 143 22 239 217 255 208 255 255 8 130
    146 89 82 144 76 57 0 55 42 61 63 81 15 164 174 156 255 255 235 233
    227 0 255 188 164 24 255 0 255 255 237 136 106 242 0 84 97 0 113 0
    255 0 0 33 192 20 211 153 88 255 115 157 225 255 115 228 121 255 0
    127 0 0 255 0 237 8 90 166 245 0 0 255 0 158 245 105 255 174 255 227
    75 108 200 135 0 255 137 164 220 16 246 40 63 80 255 48 98 81 255 0
    190 255 107 0 227 0 255 255 156 115 187 0 42 0 0 0 69 0 10 255 165
    216 255 172 85 99 62 0 176 39 233 43 0 146 125 19 253 246 0 253 141
    187 92 203 255 147 181 255 255 92 229 136 2 90 45 123 174 0 118 142
    28 0 0 198 159 147 70 87 0 25 81 101 0 195 202 0 169 216 240 139 80
    255 0 195 58 255 138 91 255 69 255 6 16 207 0 255 255 129 0 131 0 48
    134 215 236 0 211 255 0 63 0 121 255 0 31 7 69 104 0 255 125 255 255
    255 255 212 255 3 72 163 173 194 252 255 131 81 31 116 255 255 162
    17 255 86 248 82 166 227 61 172 63 0 194 255 0 255 85 150 255 78 255
    145 255 81 69 132 220 115 0 111 24 130 168 202 0 0 73 255 193 255
    255 10 255 177 146 96 243 204 172 77 238 255 255 0 245 175 47 255 0
    180 255 9 255 254 0 50 255 255 217 173 126 255 255 124 227 78 0 123
    109 113 193 67 239 46 0 103 27 63 86 0 71 0 200 36 65 0 7 255 0 19
    120 47 77 50 86 0 144 92 226 152 237 0 10 230 88 152 0 0 28 255 129
    0 183 255 150 255 175 255 0 126 115 96 0 189 107 37 180 138 86 98
    193 128 113 255 240 255 135 175 61 139 180 0 60 0 218 176 139 60 0 5
    92 124 234 37 255 28 198 203 4 0 208 27 108 28 255 136 136 33 185
    255 42 28 67 110 255 102 107 0 8 0 95 141 44 0 197 61 46 204 0 99 0
    27 0 0 255 255 137 0 255 90 255 133 3 0 130 0 204 239 33 212 85 3
    179 122 153 32 185 136 255 241 220 207 229 17 255 115 0 182 0 224 5
    0 255 0 0 199 255 0 0 0 38 203 220 31 160 255 181 62 221 134 10 51
    42 93 211 195 114 27 255 68 140 255 11 154 255 0 166 0 255 163 255 0
    220 218 102 47 184 25 0 51 0 103 194 0 60 30 121 0 255 168 0 0 255
    87 79 120 0 255 255 0 255 243 255 0 104 255 43 84 234 97 202 255 197
    0 0 149 157 255 255 255 255 151 152 239 233 38 35 49 190 255 187 0
    207 81 28 10 33 101 0 80 66 0 195 0 133 128 0 62 202 59 34 103 179
    127 35 163 0 41 26 217 236 255 198 0 0 255 0 73 255 60 56 150 255
    162 150 10 138 0 38 119 0 235 255 255 84 214 68 255 0 255 243 197 0
    39 38 132 83 182 74 55 255 27 88 255 255 0 255 75 43 141 0 0 174 0
    13 166 204 255 255 2 112 255 0 192 255 255 255 0 255 136 0 132 196
    255 132 184 197 255 255 0 16 98 38 0 83 126 255 100 17 179 67 74 255
    216 177 21 93 195 225 90 0 135 75 218 220 0 0 159 255 150 230 0 96
    255 142 110 255 47 0 22 192 122 29 39 255 27 190 220 77 25 9 56 208
    99 72 0 23 255 16 255 255 62 4 93 0 247 80 255 46 55 0 122 33 255
    178 147 100 208 47 66 0 136 255 255 45 255 1 255 169 213 96 103 184
    241 93 177 86 56 137 110 185 77 80 102 205 159 255 0 166 0 119 64
    255 0 101 182 0 107 30 182 0 177 4 157 139 255 172 255 76 128 0 255
    115 8 0 232 242 0 216 126 87 188 97 255 105 224 141 255 255 210 0 0
    123 255 253 194 253 166 0 4 2 219 0 255 196 255 221 255 255 154 255
    0 88 0 0 193 76 35 29 119 255 85 199 29 1 87 152 0 0 243 185 0 0 255
    17 241 62 202 219 0 255 238 255 0 122 0 0 243 213 255 89 255 255 241
    0 25 216 39 0 255 108 0 255 100 255 0 255 185 231 194 204 63 197 93
    192 0 0 255 255 103 218 255 147 255 216 233 16 96 255 255 255 255
    111 33 214 62 74 233 12 74 255 212 0 251 75 229 159 255 84 255 14
    238 255 226 0 0 226 0 10 51 43 108 255 0 80 0 148 132 165 98 0 12
    255 220 39 255 225 113 0 196 0 255 163 0 75 171 250 0 52 35 74 0 127
    52 81 255 0 150 255 173 111 33 31 0 246 39 149 24 150 85 176 174 255
    255 85 161 119 24 171 93 159 0 219 31 235 133 255 255 61 29 242 72 0
    145 0 3 0 167 80 123 96 0 1 72 255 218 9 0 0 255 39 255 7 234 10 92
    215 8 15 234 103 0 141 255 190 255 255 255 237 147 170 0 119 0 255
    225 0 4 82 0 203 197 0 41 255 0 233 190 253 200 227 118 52 255 204
    255 255 255 0 224 255 54 0 224 147 167 41 174 144 60 0 109 255 61 0
    0 143 216 47 33 0 126 248 255 21 217 248 112 230 74 7 162 51 0 254
    184 106 73 0 202 79 255 232 71 237 0 54 0 51 0 112 223 0 195 28 190
    77 255 233 0 7 82 255 136 147 176 0 0 10 255 141 255 0 207 159 255
    52 0 183 0 246 37 255 0 236 135 225 150 255 174 147 0 163 120 234 33
    219 0 171 255 255 255 255 120 145 68 255 158 255 255 255 0 0 240 206
    0 255 122 255 0 0 127 104 253 255 79 60 0 176 113 6 83 0 94 84 81
    255 171 111 0 45 80 144 154 188 113 255 0 127 127 255 33 159 255 255
    255 33 243 5 0 247 247 0 195 51 255 0 87 0 146 225 255 88 78 48 158
    46 184 64 31 27 101 67 0 125 0 67 235 0 255 0 211 3 194 184 125 188
    144 34 0 184 255 229 141 255 234 147 238 0 0 182 255 194 149 13 166
    62 0 177 158 210 0 180 192 255 255 134 210 102 145 84 251 0 255 255
    0 71 54 179 174 14 121 126 255 162 68 55 92 103 0 98 165 255 109 14
    44 85 156 255 27 164 214 0 255 193 236 125 12 0 255 255 34 136 46 88
    0 63 124 0 237 186 10 135 255 184 227 226 0 183 255 255 178 63 192
    255 152 128 0 255 0 0 147 255 187 255 0 255 255 165 0 0 0 94 92 206
    49 141 38 210 0 0 63 244 102 255 0 145 158 229 0 254 1 68 255 0 197
    255 0 32 255 192 84 0 210 0 255 185 26 0 59 52 0 116 255 255 125 235
    255 238 255 0 79 69 202 181 69 189 18 4 255 0 125 255 255 0 61 51
    251 0 153 255 44 254 0 150 255 67 250 110 92 210 133 41 0 25 0 0 193
    180 177 181 244 9 149 209 82 255 242 0 10 0 0 139 147 29 175 123 227
    183 187 242 103 0 254 0 118 122 7 212 255 181 160 255 108 45 223 69
    0 42 0 207 0 209 15 18 114 142 190 255 233 188 187 54 135 50 79 0 0
    0 175 253 228 215 120 255 0 114 235 255 0 131 191 0 21 60 240 255
    255 0 172 255 62 0 72 130 0 96 255 255 0 131 86 255 0 0 255 0 87 0
    17 255 179 6 100 152 6 4 62 0 255 94 255 0 0 0 108 75 219 0 0 0 0 0
    208 4 255 255 85 255 88 50 0 213 0 0 132 94 7 0 0 185 12 255 246 211
    255 0 150 106 255 9 46 48 236 140 0 153 0 0 101 255 104 255 255 114
    216 255 0 136 0 255 135 199 0 97 133 0 164 0 255 92 255 0 83 54 85
    225 191 54 233 151 0 113 255 218 0 255 98 255 0 0 255 255 174 255 0
    49 0 0 238 37 9 255 120 33 0 105 82 32 255 174 64 134 189 163 227 0
    0 115 255 255 50 255 0 142 134 255 163 77 240 255 255 255 7 255 167
    51 96 255 255 134 0 15 222 11 0 147 59 128 129 3 208 255 255 255 255
    255 32 204 183 144 255 157 11 0 174 60 66 192 134 154 216 89 0 186
    72 117 255 76 0 190 37 255 19 255 246 154 0 244 136 64 255 255 0 125
    25 0 0 0 255 113 177 240 25 20 30 0 48 43 239 4 58 120 13 35 86 206
    128 114 113 86 0 37 183 194 67 68 108 255 255 255 0 191 109 228 0 18
    255 0 158 255 59 0 27 253 52 84 56 252 146 115 180 234 255 246 248
    114 255 255 0 158 240 164 122 114 0 255 26 255 255 0 101 102 126 94
    191 218 134 0 87 48 252 27 235 255 160 137 214 18 0 161 0 255 137 67
    255 255 41 26 185 46 178 0 255 167 186 34 93 0 225 0 135 86 174 255
    255 233 89 48 55 0 18 194 191 58 248 0 211 255 0 0 215 141 0 0 153
    255 0 0 255 235 136 241 0 0 70 63 255 0 172 186 0 255 43 4 255 125 0
    71 13 192 0 255 101 205 188 152 158 0 255 0 209 255 169 229 255 255
    37 57 0 215 250 255 222 103 205 13 172 241 156 126 44 25 0 255 223
    98 0 255 188 0 162 255 200 206 165 255 163 3 5 255 73 180 99 220 255
    63 0 0 57 164 9 145 213 95 111 0 0 0 80 193 157 86 35 29 0 51 95 120
    94 121 112 75 120 136 247 12 255 40 41 66 48 0 55 255 26 91 0 0 142
    0 123 8 27 247 0 101 0 255 255 64 255 3 255 255 0 0 125 255 0 92 255
    7 0 192 218 116 204 255 111 255 0 143 29 236 0 48 255 3 72 156 247
    255 35 170 255 254 96 255 255 92 0 58 0 236 255 83 64 32 211 247 77
    178 255 130 136 255 118 255 38 0 255 133 0 181 67 255 0 147 255 0
    246 112 0 33 16 48 161 195 255 0 128 71 255 244 14 255 0 202 183 255
    158 246 177 255 71 0 255 19 206 58 50 255 12 111 204 70 255 255 223
    218 255 59 255 220 19 241 68 27 0 205 0 0 198 255 46 155 190 0 171
    194 52 0 0 255 255 220 0 255 168 255 102 255 255 0 17 182 0 124 0
    139 196 199 255 255 180 0 106 183 148 0 29 64 82 217 237 30 213 184
    75 0 222 251 255 162 109 208 231 203 0 255 255 68 255 0 255 164 172
    246 34 7 51 245 0 255 100 137 16 30 227 0 156 255 0 9 85 81 123 241
    0 0 76 0 228 85 134 182 29 127 13 255 255 255 17 30 69 23 86 206 77
    3 75 104 165 0 217 255 49 49 6 59 226 0 255 147 1 208 225 0 77 255
    255 0 50 0 0 40 25 210 235 119 0 255 208 51 211 134 0 75 35 194 47
    255 74 0 168 194 21 255 0 138 110 0 255 255 231 176 123 176 177 127
    177 229 207 229 134 1 126 7 100 255 255 255 107 255 145 255 162 224
    0 203 255 255 255 182 255 238 3 21 31 155 242 2 169 0 20 0 144 255
    166 255 7 255 206 75 255 255 78 55 255 212 0 152 0 0 100 255 0 255
    168 7 255 198 95 233 255 255 227 255 63 86 0 255 255 97 250 123 177
    184 60 255 0 253 105 255 169 192 79 223 0 197 55 160 1 186 92 13 2 0
    139 0 46 189 0 181 0 255 79 255 255 56 255 0 255 16 0 255 255 255
    192 54 105 0 0 255 158 151 255 255 255 255 0 255 178 66 0 82 0 145
    255 0 99 255 80 178 0 62 73 255 0 222 84 205 104 249 150 255 0 123
    255 234 0 22 193 0 0 129 102 50 58 80 101 255 0 188 255 0 76 255 124
    0 82 0 189 83 0 36 151 80 255 0 25 255 255 132 126 0 255 255 255 255
    0 79 2 216 221 52 164 247 78 152 255 203 255 147 163 255 255 185 247
    255 0 255 0 172 14 63 255 123 198 0 255 72 99 0 132 189 255 0 255
    212 58 132 164 255 255 212 237 0 255 170 255 144 0 175 255 0 32 253
    0 156 15 114 234 221 255 89 0 255 179 181 210 88 0 79 35 255 0 110
    168 240 255 255 74 255 67 6 59 0 46 9 144 0 252 17 255 140 151 137
    245 215 0 217 175 170 11 91 255 142 48 0 87 216 0 67 255 255 182 247
    0 247 20 58 255 255 252 27 0 66 22 0 255 62 189 255 199 89 255 255
    255 38 18 252 255 175 255 0 255 187 41 225 74 0 0 110 0 255 71 194
    124 255 255 108 29 71 0 255 127 0 139 241 59 110 255 255 194 139 46
    214 83 46 55 255 42 46 51 237 240 0 95 200 50 255 194 255 255 0 255
    97 202 255 0 0 77 255 230 229 251 255 0 30 78 0 149 57 0 255 181 105
    130 0 198 187 172 255 255 255 58 149 160 255 255 87 255 255 184 152
    255 230 255 5 26 255 0 250 31 255 255 255 94 139 218 25 255 3 255
    241 173 47 43 0 244 255 0 184 182 119 255 110 112 252 203 253 0 121
    255 13 7 8 0 151 11 0 31 255 0 255 128 0 255 76 0 108 0 207 0 224
    255 89 215 195 0 69 255 208 203 255 44 0 0 0 0 168 255 0 246 71 26 0
    229 239 0 184 71 183 255 157 72 0 14 22 255 230 0 15 184 0 255 92
    103 0 31 70 255 102 182 39 0 255 44 50 0 185 0 0 96 0 46 255 255 255
    40 163 0 63 0 115 0 21 244 0 223 255 22 255 60 255 129 153 78 169
    255 99 0 116 127 145 0 0 231 255 0 255 0 140 255 0 99 0 0 121 146
    242 97 255 102 0 173 118 0 164 123 227 240 255 15 255 0 255 53 255
    171 74 158 37 241 4 131 255 76 255 110 0 255 28 255 145 232 199 0
    236 142 255 115 56 41 78 65 0 145 54 111 58 0 0 26 255 145 212 255 7
    209 179 68 98 255 255 116 121 195 230 221 92 255 233 255 49 42 248 0
    183 125 181 19 255 0 177 10 255 0 75 0 41 52 12 142 219 0 255 217 0
    143 255 0 255 255 255 231 68 52 255 28 179 43 0 191 255 0 129 147
    216 127 48 135 0 255 255 0 57 255 255 26 255 255 0 50 255 97 244 158
    255 255 17 255 96 219 72 243 81 255 57 232 255 128 5 242 255 95 130
    255 101 0 255 0 94 54 147 1 0 255 176 75 0 7 255 0 167 255 0 208 223
    0 0 255 147 208 9 255 230 0 81 212 35 0 255 255 28 255 47 0 205 0 0
    62 106 177 0 27 0 33 149 131 46 232 71 227 38 169 99 152 143 255 228
    255 46 105 255 245 0 255 82 122 255 130 255 255 72 92 101 251 221 17
    142 196 65 50 215 206 107 33 171 255 70 0 179 255 247 61 255 0 231
    202 148 95 212 0 110 98 251 164 76 255 124 0 255 66 0 174 110 136 86
    59 255 255 227 144 255 223 232 202 0 248 103 255 52 27 255 163 255
    172 143 149 0 220 250 164 255 213 72 135 255 67 94 136 203 0 0 149
    111 222 194 183 223 255 69 16 56 155 0 255 206 225 0 255 216 194 65
    255 0 126 250 115 255 90 23 140 209 40 255 255 47 24 255 0 255 0 205
    255 0 39 0 107 188 255 252 255 90 186 221 0 0 81 120 0 105 16 0 124
    255 40 0 16 0 225 57 127 255 4 255 0 38 59 0 61 45 42 79 195 178 101
    255 64 0 5 167 80 255 133 253 0 127 119 255 53 165 166 0 32 220 163
    255 67 245 145 191 171 255 70 46 0 0 0 255 44 0 82 180 0 8 35 0 218
    255 255 0 20 74 255 52 255 117 0 255 0 184 178 0 98 255 177 0 38 8
    255 143 196 250 0 19 20 255 169 153 255 0 0 93 166 0 255 255 255 53
    255 148 149 10 38 61 0 251 247 130 0 214 255 1 42 169 116 255 0 255
    235 95 243 112 255 249 0 96 0 12 249 183 28 81 138 105 0 0 51 255 10
    245 2 218 0 77 0 139 229 110 255 36 153 101 181 255 0 167 0 255 165
    0 0 37 0 2 255 230 15 0 88 0 111 143 76 125 0 164 204 0 89 255 96 58
    188 83 181 198 116 225 154 255 255 92 174 255 144 255 18 55 194 255
    79 52 56 172 96 0 12 60 0 91 170 103 255 15 0 255 255 255 125 249
    239 23 118 46 77 255 44 33 195 255 246 255 91 158 255 0 55 255 192
    143 121 71 0 183 25 67 0 135 144 253 255 4 1 1 39 169 0 67 150 141
    140 177 40 255 21 51 255 187 53 226 97 180 167 0 25 255 89 25 255 0
    51 255 127 0 246 30 107 255 125 172 0 0 0 0 0 67 207 193 0 255 186
    148 38 44 255 199 132 120 40 65 39 240 0 142 255 255 255 0 42 216
    255 18 178 255 124 149 148 255 0 255 97 255 35 255 186 0 137 58 20 0
    189 0 248 38 168 223 255 187 200 150 255 185 122 222 255 255 69 86
    204 0 255 0 145 180 189 0 247 106 255 131 0 2 113 90 255 236 13 255
    116 0 237 207 131 178 74 211 56 255 199 93 65 202 16 255 255 11 0 36
    186 171 212 125 255 166 244 130 255 241 255 15 152 255 0 255 50 0 39
    195 22 122 213 255 255 58 255 79 31 235 23 255 244 200 49 214 0 172
    72 0 60 0 155 255 190 206 0 104 255 50 0 9 51 47 116 40 110 22 230
    85 0 123 117 255 29 255 143 173 109 251 142 255 35 255 129 117 163
    255 255 37 0 255 61 0 132 255 154 0 255 255 255 134 255 105 0 0 241
    115 255 112 255 8 104 82 255 39 114 28 197 0 122 255 82 11 0 255 0 0
    255 124 67 255 255 0 0 255 0 183 255 0 75 0 255 222 185 255 255 55 0
    79 0 0 147 79 30 110 130 207 36 87 114 82 255 154 247 127 255 255
    115 41 0 255 255 0 255 255 255 220 12 226 148 14 206 0 227 255 0 52
    125 204 36 86 139 77 154 255 255 88 153 0 255 0 0 224 7 79 99 255
    255 0 123 0 0 98 5 0 151 132 181 45 0 27 0 27 70 210 140 0 1 255 176
    193 94 0 149 255 0 0 33 138 5 228 112 91 111 0 0 0 191 0 50 0 128
    156 150 0 67 36 127 84 255 0 255 166 0 0 110 68 237 236 208 0 255
    255 197 0 73 0 255 244 82 0 28 241 97 0 255 0 223 1 0 62 255 0 247
    255 128 69 18 0 36 20 0 86 145 0 0 0 23 102 255 216 53 65 255 212 0
    80 113 0 95 255 0 0 16 0 233 3 100 255 255 212 255 0 255 0 31 255 0
    224 207 102 97 191 56 206 78 0 220 169 215 255 25 17 11 55 243 152
    159 0 255 0 114 255 48 147 78 204 164 0 0 46 21 151 255 107 24 0 202
    255 64 162 255 3 224 255 65 255 0 255 149 217 164 123 217 255 219 83
    255 147 255 255 220 247 150 255 227 96 255 0 54 232 24 255 230 255
    159 156 185 72 92 205 87 0 255 0 255 255 200 255 231 0 255 134 0 0
    176 255 235 245 255 24 0 108 79 26 0 56 255 2 254 33 224 255 0 0 232
    255 255 221 0 3 30 255 162 255 0 0 116 0 211 0 255 0 17 255 112 226
    0 255 255 0 255 0 250 0 0 219 0 0 0 5 228 164 101 255 95 0 16 46 111
    0 234 255 187 35 107 255 228 255 188 174 0 255 235 80 220 255 255 59
    23 102 0 0 0 173 121 84 9 104 26 171 209 70 0 75 0 233 12 40 255 152
    0 127 255 64 255 11 0 255 21 143 131 185 0 16 0 0 22 0 77 31 187 235
    255 255 0 255 199 34 255 255 145 244 0 0 172 135 205 141 103 96 196
    0 0 170 122 245 120 4 63 0 93 98 255 142 0 254 188 255 160 255 111
    146 164 255 104 0 54 23 0 211 54 187 64 0 0 32 255 0 255 19 173 255
    117 0 0 78 164 184 255 110 129 0 32 219 238 0 0 165 53 165 101 126
    194 126 82 39 18 40 23 75 211 68 0 0 163 255 231 0 174 255 0 255 0
    198 255 190 0 0 209 95 255 0 0 181 245 255 10 0 100 223 255 159 255
    0 0 217 0 142 25 255 148 255 158 151 0 255 0 94 228 0 50 143 0 84
    220 0 153 148 149 47 174 255 0 0 0 255 0 111 254 49 255 234 7 33 173
    0 47 0 178 0 0 104 16 219 232 186 222 255 0 145 255 0 0 168 20 64 34
    179 255 87 194 157 38 139 255 75 0 35 255 109 187 179 39 81 37 83 61
    84 232 82 173 185 0 145 0 149 255 1 0 0 215 237 255 0 130 98 59 244
    159 247 242 0 131 105 255 255 35 158 154 245 238 224 255 10 255 255
    80 14 0 255 230 124 107 68 135 219 0 107 0 133 14 156 0 55 167 79
    147 0 228 73 209 215 90 255 0 0 255 24 99 23 48 255 126 255 255 255
    43 0 255 237 238 227 123 205 113 0 101 66 255 47 105 255 154 255 229
    64 19 148 119 157 239 107 0 0 255 0 0 192 190 34 0 255 170 156 255
    200 0 153 71 133 177 175 174 191 33 190 255 231 96 211 114 255 255
    24 201 0 255 176 255 0 97 93 94 255 106 176 216 20 160 11 45 197 255
    155 77 255 0 255 183 114 0 35 0 149 0 50 114 171 255 89 42 119 175
    189 83 125 104 158 45 255 108 143 35 0 122 0 123 0 156 103 95 255 0
    121 255 111 127 0 105 0 229 145 153 187 124 29 250 72 4 32 255 0 176
    200 123 59 0 0 56 21 149 23 121 141 39 124 54 0 233 255 0 0 64 234
    57 11 200 0 194 218 152 6 93 246 88 0 52 169 0 126 255 113 0 191 129
    0 56 229 0 168 87 161 45 36 62 108 52 123 242 147 255 255 195 96 0 0
    58 255 120 0 43 0 225 19 255 124 169 255 70 30 8 255 0 55 104 210
    172 206 143 228 220 180 236 179 144 177 122 252 0 0 58 201 0 46 97
    29 93 54 255 239 188 141 0 237 213 132 255 67 13 255 0 0 241 160 255
    187 0 0 73 255 167 0 227 255 132 82 255 0 255 0 241 0 158 229 244
    183 227 56 0 81 0 225 19 255 22 46 38 79 69 32 49 231 0 0 0 47 0 255
    55 255 196 255 193 168 5 0 0 0 0 76 16 225 255 219 41 236 88 32 61
    125 173 0 255 82 228 0 65 144 76 139 1 214 76 243 215 168 214 255 15
    0 104 255 66 0 165 40 25 200 146 178 32 255 235 255 148 214 255 51
    116 255 0 8 160 0 255 60 52 110 137 57 90 255 205 255 0 32 210 10
    255 216 48 253 255 5 255 223 229 0 248 159 0 163 3 116 136 0 255 0 0
    0 255 255 30 255 0 151 46 24 199 13 255 4 140 112 230 13 0 86 52 223
    0 255 0 107 110 255 160 124 101 77 255 0 24 109 213 140 255 198 55
    255 229 0 75 255 1 166 253 238 57 238 180 255 0 61 78 84 233 134 218
    255 255 197 182 166 255 255 0 235 81 0 34 0 163 180 255 0 102 92 0
    243 102 127 0 0 0 204 255 59 242 255 255 49 51 3 255 252 171 255 3
    255 0 85 0 87 47 255 173 68 7 238 255 6 229 255 199 106 67 93 76 45
    255 0 101 0 4 0 0 0 80 80 0 205 207 0 0 3 241 255 232 41 243 0 190
    10 80 81 147 67 255 197 186 148 193 0 45 27 0 255 190 255 255 149
    126 201 255 220 61 255 11 255 0 255 143 121 56 227 0 178 30 255 0
    179 215 51 255 163 255 255 0 211 232 0 0 171 91 246 252 255 100 207
    165 255 255 0 184 255 0 0 1 0 189 114 100 114 64 135 85 255 211 139
    200 85 134 255 108 3 212 104 255 159 232 0 158 255 235 151 79 200 25
    58 125 171 60 255 218 94 89 12 0 246 255 255 0 255 246 55 0 255 93 0
    108 101 181 255 238 32 255 87 0 64 232 162 231 232 80 0 0 71 183 180
    255 0 251 106 255 0 20 199 82 0 0 40 255 255 255 122 117 43 120 56
    94 139 98 30 41 209 0 255 0 162 68 103 143 255 190 211 249 255 157
    122 12 255 180 162 255 158 168 41 255 106 75 18 40 170 255 223 0 161
    0 0 79 208 94 232 18 4 234 0 178 48 243 217 255 21 37 0 232 35 0 197
    89 193 255 155 251 112 255 41 0 255 123 164 197 15 232 140 17 0 233
    23 80 255 94 0 255 165 100 198 255 253 152 0 84 202 255 70 214 112
    255 255 248 182 255 253 8 184 81 13 192 0 177 0 0 0 5 141 126 0 255
    0 5 171 32 72 17 64 206 193 19 243 0 16 255 182 44 255 201 0 199 0
    255 67 255 18 102 68 137 151 43 50 113 89 0 255 196 255 210 255 104
    65 255 236 138 255 96 158 255 238 56 160 0 246 53 255 0 52 213 255
    251 255 142 119 91 0 146 172 0 74 40 217 179 99 240 70 208 255 160 0
    0 107 204 35 255 95 71 238 255 255 48 124 243 255 255 95 26 255 255
    148 247 0 0 103 250 44 46 93 186 62 0 47 255 7 92 250 129 174 203
    204 255 0 236 63 168 224 255 153 199 255 255 184 162 255 105 255 110
    165 123 255 0 92 227 41 0 132 0 55 0 0 71 0 220 212 78 0 184 71 108
    148 0 119 145 80 255 255 56 20 162 53 6 234 255 208 193 254 255 180
    134 255 159 98 92 220 0 244 0 131 111 0 255 228 11 161 255 173 243
    239 0 114 198 203 84 196 177 137 0 0 21 217 15 0 121 220 245 186 52
    255 3 6 77 141 255 0 115 255 0 255 255 169 77 28 0 185 146 253 41
    142 29 204 255 99 201 255 153 255 255 56 134 255 112 216 161 254 164
    235 174 72 255 62 172 15 153 128 190 43 45 255 0 0 32 48 22 246 255
    126 0 0 0 142 0 0 36 114 30 58 198 234 65 37 255 0 106 255 52 0 0 39
    184 70 91 174 191 0 0 0 255 2 213 108 223 230 255 0 72 0 54 255 0
    255 0 255 255 11 235 123 0 255 0 0 33 140 0 255 211 249 124 0 226
    255 129 0 0 255 0 0 236 89 0 255 165 255 0 95 11 0 255 219 115 255
    182 0 0 0 31 17 153 255 25 255 0 72 255 0 0 67 85 55 100 155 0 78
    255 239 127 121 142 0 194 255 174 134 255 255 0 106 255 171 0 39 255
    215 0 36 255 134 0 0 165 0 92 53 187 168 0 161 0 98 106 114 112 255
    0 217 67 255 255 39 208 177 247 144 223 0 85 0 161 73 199 255 255
    223 255 255 222 182 100 255 251 0 57 178 247 69 247 0 38 13 255 106
    90 0 29 0 179 255 0 255 255 170 6 219 25 35 222 102 144 76 68 152
    135 143 176 24 222 219 22 121 201 44 255 255 135 119 255 126 0 255
    255 72 195 126 67 176 0 255 86 18 132 0 5 69 231 0 25 0 0 1 199 0
    147 169 162 31 0 215 148 234 194 0 0 78 180 148 59 53 101 0 127 163
    255 188 137 176 169 255 168 218 255 50 119 11 94 0 177 0 49 0 121 89
    65 255 227 255 206 239 93 221 0 0 255 99 0 116 22 116 106 255 255
    237 255 152 255 255 0 0 0 184 0 247 14 166 113 255 31 0 122 174 0
    255 41 70 0 160 36 116 0 75 33 0 255 42 138 114 209 103 0 255 30 89
    48 36 0 0 255 0 84 188 255 0 0 234 163 94 70 249 0 0 97 45 255 72 2
    255 1 255 0 128 212 219 7 255 255 255 106 0 226 236 195 254 82 62 0
    231 198 5 135 0 255 200 0 255 194 1 100 18 145 35 255 86 20 255 255
    255 254 234 234 0 194 0 58 183 140 26 178 224 236 0 0 226 119 0 122
    127 252 6 65 0 202 11 62 79 253 213 255 15 138 73 255 131 181 118
    255 0 0 164 0 0 255 255 91 158 94 175 0 7 193 201 173 255 0 255 161
    255 255 20 245 0 255 255 255 236 81 39 181 134 145 0 29 255 0 243
    152 243 67 57 220 21 255 155 247 255 58 0 255 204 222 96 118 28 212
    111 0 255 247 0 209 230 101 118 0 243 255 0 255 114 97 21 37 70 0
    141 33 152 153 255 165 111 172 255 0 0 255 255 65 238 191 176 234 0
    34 0 0 255 0 190 0 249 98 200 251 255 164 44 255 160 23 202 228 213
    65 103 255 255 0 206 219 0 84 0 255 83 0 75 134 106 0 203 118 154 12
    218 130 166 165 0 216 255 177 135 0 125 64 103 169 160 147 35 255
    102 255 11 160 255 96 0 0 255 0 91 141 182 175 0 141 34 170 216 187
    46 0 125 86 41 29 255 5 135 73 251 210 127 75 0 0 164 245 87 0 255 0
    255 21 227 0 211 151 156 146 0 0 58 255 90 0 138 41 156 183 188 97 0
    30 34 208 255 0 223 1 66 71 155 131 179 238 65 47 173 249 27 255 153
    212 188 0 174 194 161 11 74 255 204 125 34 121 162 119 208 255 99 64
    141 0 0 255 255 0 0 255 255 113 225 69 58 255 255 164 220 206 255
    126 58 235 0 0 254 84 65 207 0 255 0 180 65 0 106 0 16 85 255 0 181
    255 48 255 211 28 0 132 0 171 32 255 214 207 0 90 0 254 210 58 149
    29 79 0 161 176 26 0 0 154 106 0 153 255 64 0 0 5 77 72 0 95 130 238
    255 206 0 224 172 255 0 247 86 89 136 135 255 175 126 0 0 65 24 54
    67 0 18 69 190 255 116 41 218 171 110 95 68 0 0 0 67 0 0 122 126 219
    255 49 255 99 0 245 2 0 255 0 192 255 195 0 222 238 255 255 226 255
    7 130 65 151 255 255 255 96 255 31 49 102 114 88 22 168 0 255 255
    255 126 39 88 255 167 75 0 0 54 19 77 243 0 0 255 202 255 172 255 95
    130 0 81 69 244 255 255 4 0 206 122 103 130 255 180 69 38 0 255 113
    149 254 180 41 137 72 255 213 255 125 255 0 245 88 15 52 0 48 204 0
    255 0 255 194 42 16 171 73 105 76 255 137 96 29 112 109 68 255 86
    255 220 255 33 255 0 208 56 0 143 43 154 54 0 255 175 0 255 0 0 88
    229 155 0 255 152 113 0 254 156 0 6 67 199 6 4 255 221 0 218 49 189
    0 0 249 0 125 138 190 0 145 255 255 255 194 89 78 22 0 147 255 0 0
    255 255 72 8 255 0 202 60 49 176 94 0 255 48 41 17 107 255 255 221 2
    250 122 151 250 110 98 12 63 255 82 255 131 25 24 26 255 255 216 0
    77 0 147 0 67 122 255 0 255 243 163 120 0 131 220 0 42 219 17 9 255
    255 255 99 71 194 227 107 125 120 255 251 116 0 78 25 188 236 224
    255 255 0 0 227 255 236 0 255 0 255 0 102 255 8 0 114 62 22 0 0 0 0
    30 59 0 63 68 29 0 253 162 192 126 204 255 73 0 255 151 255 58 147
    12 127 250 4 0 223 255 255 255 223 205 48 186 13 0 59 0 85 169 27 0
    61 37 0 255 238 60 255 255 163 129 19 51 141 38 0 255 128 255 88 244
    151 0 0 249 0 161 255 160 83 255 147 86 23 134 82 88 255 0 224 112
    65 193 242 255 255 0 71 234 195 50 157 0 122 255 129 108 255 129 211
    234 145 227 99 71 146 0 196 255 179 231 0 139 41 97 95 30 190 233 0
    255 96 255 255 112 2 0 213 62 141 16 0 255 17 164 255 26 162 0 255
    49 255 151 0 212 65 186 255 104 219 1 255 63 34 255 255 0 183 123 35
    59 171 179 190 172 27 255 214 131 255 234 255 0 60 163 92 141 126
    255 220 37 0 0 255 0 122 255 255 27 141 0 132 0 110 205 210 143 0
    101 0 33 255 178 60 255 188 172 122 199 215 0 180 66 50 0 255 0 68
    255 147 123 232 103 157 78 106 0 85 104 0 0 23 117 142 255 76 110
    116 0 255 138 243 158 135 17 55 255 0 120 0 9 109 236 255 109 92 255
    255 255 68 139 93 0 223 173 23 146 0 8 0 0 146 255 0 246 245 192 171
    104 0 113 235 255 102 206 78 255 110 0 16 218 253 10 255 205 0 255
    237 0 255 107 22 0 255 125 0 100 168 255 35 0 3 0 0 144 171 175 255
    121 0 53 0 29 4 122 255 161 175 240 164 71 177 0 173 0 0 51 57 127
    127 140 0 42 105 110 159 70 143 243 143 120 251 15 255 0 174 124 10
    136 157 47 53 93 92 255 133 53 118 178 224 204 0 77 51 238 157 120
    255 255 122 189 54 154 227 117 0 227 31 105 255 135 255 213 238 248
    82 218 181 80 0 74 255 234 0 249 108 159 112 255 0 250 255 167 211
    14 255 198 249 0 182 0 215 140 255 220 255 109 255 255 128 168 213
    114 173 239 20 255 71 38 83 124 110 255 119 173 255 255 173 6 202
    210 0 255 254 177 255 180 0 0 75 189 48 0 93 255 250 227 172 126 160
    255 255 79 10 132 127 0 243 255 255 136 255 6 214 121 161 255 0 29
    171 255 29 123 0 255 165 255 182 248 255 108 255 70 185 109 255 255
    255 86 202 56 120 0 66 35 255 110 120 0 255 255 67 255 255 86 1 156
    255 49 55 131 0 139 234 85 142 0 26 236 255 200 140 48 124 46 54 0
    138 28 134 255 105 194 169 0 0 69 255 255 0 239 255 247 0 32 40 42 0
    197 141 206 255 222 0 0 255 166 21 57 53 38 14 70 0 0 255 150 0 95 2
    0 210 81 216 255 130 63 120 255 255 236 42 90 43 240 255 255 36 175
    153 255 254 255 0 46 0 225 79 0 255 255 1 0 238 103 0 255 204 33 148
    0 152 246 25 116 0 0 148 0 0 1 166 255 85 138 255 0 137 0 0 70 0 255
    0 159 255 38 217 0 94 213 0 255 255 255 14 5 120 150 29 181 25 76 54
    255 0 66 136 227 212 214 68 179 161 207 0 255 255 64 121 0 0 0 196
    125 166 104 255 0 255 230 229 255 0 255 13 142 255 97 74 78 255 231
    37 241 58 0 153 98 255 17 0 255 255 168 75 0 234 146 115 13 0 0 201
    172 0 46 84 0 255 0 39 254 190 0 255 0 255 237 0 201 45 99 94 0 141
    214 56 204 0 71 232 0 255 169 253 255 145 255 81 221 7 0 165 122 196
    255 91 0 255 94 0 158 0 113 217 147 248 34 176 169 157 238 255 255
    22 149 209 255 0 0 191 52 210 115 243 0 70 0 255 63 228 0 255 255 0
    186 140 226 255 255 68 200 255 141 0 255 0 191 0 253 193 6 116 233
    74 11 0 0 255 214 0 146 255 255 255 168 3 0 67 3 192 134 0 127 237 0
    165 176 50 255 0 204 255 0 0 74 211 164 0 30 255 33 9 249 3 190 0 0
    81 174 82 199 126 46 145 118 255 94 255 0 255 116 54 207 78 33 80 21
    171 89 0 255 221 0 194 224 195 182 54 255 67 224 137 101 255 81 151
    22 0 205 160 97 146 0 255 0 0 145 188 0 33 164 21 42 0 255 255 214
    164 255 0 255 255 0 117 255 109 134 150 0 207 101 216 251 255 255 44
    65 255 0 255 255 21 255 77 1 0 161 37 0 110 27 0 255 255 0 27 134 0
    248 255 214 84 204 51 227 253 163 115 255 235 110 239 255 252 199
    241 0 255 179 38 0 157 42 255 245 255 0 20 67 149 0 154 154 0 73 255
    148 255 169 26 255 99 15 50 0 0 193 0 226 218 230 53 53 194 138 56
    54 56 143 255 200 214 255 117 121 99 255 0 197 73 109 63 105 155 255
    221 166 231 107 249 249 103 168 209 255 0 0 12 0 65 76 226 91 175
    255 0 255 0 0 227 0 159 31 0 172 0 78 82 135 255 234 152 255 255 255
    121 255 0 0 255 224 0 255 255 86 0 167 185 0 104 255 0 255 32 124 0
    9 249 193 133 232 182 0 175 57 0 183 0 114 255 100 157 92 96 255 188
    156 255 0 53 75 255 0 93 118 0 7 184 126 173 0 0 0 154 255 154 0 87
    0 0 206 125 213 0 246 11 0 94 255 70 104 0 255 16 208 255 255 255 0
    181 63 12 227 255 255 255 255 60 53 27 0 42 180 180 167 43 65 125
    204 209 10 143 88 0 224 27 255 204 214 23 102 217 255 255 255 178 0
    210 0 132 255 34 146 75 110 46 0 153 190 67 50 157 255 238 57 148
    101 255 60 113 20 176 0 44 57 233 0 39 111 0 0 0 208 255 180 255 255
    176 224 0 255 0 168 246 52 236 255 136 224 7 164 74 39 255 215 0 0
    144 0 81 234 72 255 255 208 0 255 239 255 185 8 0 0 18 31 41 255 255
    175 107 0 255 63 254 0 202 255 110 0 255 29 113 62 37 229 196 217 30
    0 148 248 255 79 0 149 113 0 6 255 91 255 228 32 255 3 132 117 255
    244 0 28 255 178 174 211 212 245 98 59 255 102 255 180 0 112 45 255
    0 112 80 106 200 0 129 255 161 179 255 0 0 173 126 55 176 113 0 11
    122 0 22 0 209 186 255 169 101 0 255 255 188 255 255 255 116 0 210
    105 255 21 0 255 201 73 0 77 132 255 198 255 0 0 39 0 153 0 0 124
    100 53 126 255 101 23 176 0 0 255 0 210 104 182 255 189 80 207 0 255
    200 255 255 255 125 255 255 117 73 229 24 255 0 104 176 196 18 0 255
    131 255 0 120 18 0 0 88 221 35 0 100 255 111 255 195 69 156 40 255
    255 175 42 47 0 13 117 0 79 16 210 255 255 228 255 118 0 63 0 204
    239 0 255 99 140 76 105 23 158 46 192 255 0 179 0 95 14 171 237 255
    255 195 255 130 0 25 107 49 255 0 191 249 111 241 0 0 249 255 0 228
    255 132 126 32 223 50 0 114 255 255 238 255 209 255 255 96 234 38
    250 58 208 17 198 255 135 255 3 0 158 9 202 16 159 186 11 53 197 0
    160 0 51 226 70 0 35 0 214 39 150 0 168 109 0 249 255 255 118 245
    173 41 0 255 221 0 102 253 20 0 0 5 0 0 51 47 83 255 136 120 0 87
    255 26 103 75 183 154 214 255 255 255 0 226 255 162 255 169 0 255 0
    123 255 181 255 104 73 255 211 3 0 65 187 164 255 83 109 255 0 164
    147 0 214 169 0 135 0 51 247 18 7 255 157 255 0 255 255 105 169 255
    43 255 0 120 224 221 255 0 255 0 255 131 89 255 216 106 255 20 122
    65 70 7 21 44 126 147 56 255 242 255 238 234 255 0 0 10 186 255 0
    255 136 0 179 255 217 178 193 70 58 232 0 19 214 0 0 217 178 255 142
    253 138 125 128 224 0 255 0 228 248 253 39 255 0 0 255 0 0 26 255 29
    218 87 206 65 0 255 205 3 0 0 25 255 2 145 0 0 48 255 0 255 182 0
    255 26 187 62 109 244 222 255 127 0 23 255 10 255 77 218 193 126 255
    51 208 232 104 103 0 249 0 173 41 255 0 255 255 50 69 210 9 255 157
    72 0 255 138 111 255 0 224 153 123 166 0 85 255 255 242 0 255 231
    255 208 195 106 255 0 70 155 0 101 189 10 60 200 36 0 78 194 255 18
    9 255 255 0 255 237 0 207 255 255 195 141 204 0 140 158 255 255 0
    164 255 255 139 167 255 212 117 255 81 0 68 226 35 204 161 236 85 0
    176 255 0 255 75 255 140 18 124 25 12 0 255 255 85 0 107 255 74 0
    207 79 255 41 70 39 16 102 255 172 255 0 161 78 16 229 31 250 213
    245 141 164 17 255 0 255 0 32 48 0 145 0 148 250 255 72 201 255 0
    255 255 0 154 179 255 63 0 255 255 30 219 191 250 46 212 54 25 0 90
    255 255 216 0 8 250 30 214 0 0 255 253 0 73 0 54 35 210 182 145 221
    255 255 0 126 171 136 235 255 255 2 0 0 0 87 255 246 232 132 242 255
    0 0 38 0 234 47 0 184 110 255 243 128 176 255 149 0 0 0 150 0 255 0
    255 0 115 67 111 0 255 255 30 255 0 255 146 22 255 255 95 246 198 12
    0 0 99 0 221 41 99 247 255 77 0 184 0 0 24 255 231 146 234 189 188
    17 213 98 37 0 255 26 138 255 255 36 0 220 133 255 0 0 31 251 172 0
    203 67 17 222 13 84 255 255 24 255 45 0 255 17 0 241 67 111 0 0 195
    213 176 255 186 255 255 63 235 214 43 255 0 25 0 128 67 31 139 251
    11 150 255 0 255 175 152 145 255 255 69 79 80 13 186 0 249 95 247 0
    75 209 127 119 111 0 222 0 105 236 255 205 0 166 78 232 0 225 5 242
    0 0 255 159 0 93 191 61 255 0 52 143 255 191 248 177 187 6 255 255
    132 0 200 21 0 145 104 80 121 170 179 226 0 173 0 188 162 0 243 0
    255 74 0 0 28 69 125 0 0 165 51 239 68 0 0 0 0 255 255 76 162 45 255
    0 169 47 97 63 116 64 0 0 0 226 112 161 0 187 12 119 255 0 173 252 0
    255 143 255 132 255 243 133 191 255 0 234 0 82 233 218 19 255 0 255
    27 172 255 255 236 10 31 0 0 0 197 0 255 72 60 112 180 255 85 120
    255 79 21 139 11 12 118 187 255 224 0 255 30 137 99 5 105 148 137
    255 170 0 0 0 0 129 14 152 138 237 255 255 131 0 87 37 169 148 0 92
    0 16 0 226 104 2 241 149 214 78 174 0 14 255 0 255 255 0 208 142 188
    189 0 4 81 0 133 255 0 0 0 122 0 4 47 93 0 217 228 216 255 194 255
    255 202 0 213 139 61 29 0 255 0 113 249 255 77 104 255 153 255 116
    255 255 102 103 50 131 1 227 255 115 255 3 128 59 255 255 255 126
    221 187 6 8 185 245 28 255 0 255 202 238 176 240 249 0 124 16 202 58
    79 213 168 173 0 157 255 181 201 0 168 255 182 16 74 166 30 39 255 0
    136 219 137 0 255 97 0 255 48 255 68 120 173 46 0 255 40 0 255 81
    255 255 0 51 17 70 209 7 69 55 23 69 255 113 128 0 154 255 43 249
    193 255 240 33 233 83 97 45 90 141 0 76 0 34 180 0 193 26 255 237 0
    0 68 134 53 206 0 62 241 84 0 103 212 182 122 46 225 63 255 250 255
    232 235 163 57 43 235 0 255 218 160 28 100 54 0 56 164 255 98 121 36
    237 78 0 255 231 62 255 187 255 0 92 255 85 105 86 157 164 71 0 12 0
    123 14 0 64 175 139 83 0 99 255 194 71 0 255 186 255 255 126 139 86
    148 0 255 152 54 0 31 168 63 24 0 91 204 0 51 0 207 97 80 0 121 0
    130 83 143 54 45 35 164 42 255 98 255 0 255 0 255 47 48 255 0 230
    255 129 0 0 0 97 255 205 245 184 0 158 0 47 255 167 247 0 13 255 23
    255 129 0 255 62 0 44 115 255 163 0 235 248 0 189 255 3 0 215 163
    115 127 0 255 27 94 44 0 0 11 173 49 234 255 68 255 81 0 255 194 0
    218 148 173 29 24 190 115 127 194 255 133 210 190 0 115 194 255 55
    149 101 0 255 236 255 121 195 0 255 0 255 167 161 187 233 255 222 44
    20 245 67 255 0 0 255 12 0 225 255 0 246 0 0 253 0 83 0 196 255 34
    19 139 78 102 255 0 229 0 0 255 255 154 166 198 255 255 0 255 4 255
    184 158 152 255 42 255 255 112 224 0 255 63 91 87 28 222 0 146 56
    255 255 242 192 255 45 17 72 186 255 0 164 0 246 93 234 30 95 255 0
    192 80 255 57 255 255 241 159 255 126 60 240 0 92 122 255 148 62 174
    0 255 0 70 66 136 132 255 219 57 55 1 0 255 255 133 140 72 253 138
    244 0 255 255 153 185 237 191 101 185 102 111 162 56 0 255 29 44 154
    157 29 131 0 0 44 0 50 255 173 219 12 0 192 119 205 0 233 0 147 154
    106 81 0 255 30 251 223 117 139 102 255 149 255 45 161 255 204 94 0
    34 90 22 255 64 76 255 198 19 255 98 16 0 17 255 231 209 255 113 205
    0 250 8 146 160 255 167 255 111 255 255 192 202 131 189 81 115 231 0
    255 235 0 13 254 222 0 0 62 100 255 247 211 255 0 62 255 25 255 69
    181 133 255 90 117 0 53 137 255 109 196 168 81 182 0 2 200 0 162 208
    213 255 21 0 255 252 8 255 181 0 92 90 250 243 201 10 68 17 0 152
    104 0 0 255 255 149 255 130 255 58 67 0 153 255 248 56 0 44 216 166
    255 255 255 255 78 178 131 0 255 98 255 213 255 56 255 141 139 255
    60 181 255 148 32 30 0 0 236 19 176 122 146 255 255 255 159 255 111
    0 232 41 255 236 117 102 235 0 179 115 121 225 255 0 255 22 49 65 0
    213 9 255 102 152 102 184 228 28 255 113 188 255 0 38 0 0 195 112 0
    86 6 234 255 138 190 154 0 141 0 204 255 26 255 255 76 80 165 0 30
    255 255 255 255 244 255 0 10 237 76 97 202 255 0 255 125 109 255 111
    29 253 237 6 255 118 190 15 0 243 101 145 14 38 226 167 83 0 129 147
    43 134 123 240 0 194 4 0 255 88 145 255 0 184 9 0 225 160 182 0 167
    255 235 84 17 173 25 25 146 41 148 81 224 0 8 79 244 162 197 109 0
    255 105 43 0 152 6 255 0 255 252 112 62 0 255 124 204 216 255 255
    237 255 41 68 76 128 188 0 0 255 255 38 0 131 6 27 255 63 41 82 137
    0 0 255 229 255 0 213 0 209 238 63 116 64 0 90 38 14 0 30 255 255 53
    33 46 255 255 255 237 231 63 220 39 255 255 202 136 28 16 124 0 255
    145 255 192 0 135 0 0 7 79 255 232 0 196 1 246 255 0 240 255 75 249
    192 255 255 253 197 0 0 0 84 114 0 94 13 111 155 52 30 197 205 229
    173 84 179 72 98 0 220 6 53 131 137 0 0 188 187 56 225 255 0 0 255
    158 255 107 248 86 0 103 4 171 0 171 0 57 244 0 255 37 56 114 255 0
    61 224 80 216 31 247 195 251 107 39 222 14 42 20 87 186 255 152 36 0
    255 255 76 0 255 74 20 159 74 14 10 203 0 222 167 131 255 201 31 49
    0 255 229 218 255 197 242 255 139 195 100 199 3 255 255 0 247 146
    158 0 95 179 70 0 255 194 69 147 119 255 113 0 0 214 205 165 0 29 65
    0 16 255 93 207 47 0 255 108 213 0 189 255 0 93 0 255 153 151 3 147
    255 255 201 0 172 101 123 137 0 25 255 19 4 0 255 52 52 41 117 234
    190 238 76 80 0 71 59 255 199 197 255 255 0 89 87 31 215 85 130 243
    96 255 0 255 255 100 255 255 255 255 110 149 248 19 193 0 0 0 172 59
    249 255 33 144 67 162 40 73 70 252 132 0 153 0 15 39 255 237 0 150
    223 90 166 0 0 18 255 208 6 255 0 0 255 188 255 255 10 207 81 29 245
    124 144 114 194 64 255 202 231 255 199 0 122 166 9 44 133 0 255 133
    0 248 113 67 0 0 148 0 0 255 255 132 255 130 37 0 125 181 157 0 0 7
    214 255 107 117 100 49 238 63 255 255 106 0 115 255 23 221 255 138
    109 107 160 161 226 136 65 0 39 0 0 4 0 111 186 255 85 255 0 33 217
    104 188 79 173 206 108 252 204 84 87 167 219 237 6 255 255 0 0 207 0
    30 132 155 0 18 155 227 47 136 255 170 168 9 255 230 36 255 255 255
    93 109 255 0 124 252 150 161 0 148 197 3 0 255 255 92 196 33 157 0
    82 161 172 218 169 91 0 255 199 23 208 174 0 0 113 80 0 158 0 134
    227 80 255 193 0 151 236 212 67 93 119 0 232 245 255 0 53 233 108
    124 236 212 152 255 255 0 255 255 135 91 78 78 239 255 255 155 255
    210 255 108 57 152 222 220 111 252 0 243 32 86 0 225 163 215 186 50
    0 56 255 40 202 33 254 196 87 174 0 0 23 0 128 145 235 131 0 16 255
    48 91 0 219 126 209 127 188 255 147 71 255 0 251 0 198 80 0 0 0 14
    220 0 165 187 157 53 111 0 36 255 255 0 255 131 0 255 182 0 122 210
    55 209 73 128 0 101 0 255 149 255 0 81 0 218 221 96 172 65 134 0 61
    49 19 219 255 255 186 44 255 229 120 0 123 146 255 207 154 255 212
    158 138 145 199 140 182 0 188 92 123 181 34 75 221 255 188 255 0 54
    2 0 0 67 223 66 0 103 255 129 0 3 110 45 255 255 93 255 67 0 12 255
    65 255 0 42 255 230 210 138 255 126 20 85 175 15 0 10 0 108 255 48
    24 150 123 0 218 51 255 76 0 255 91 168 167 83 0 67 115 28 25 255 0
    255 240 252 192 192 91 168 50 255 9 22 141 255 78 30 187 112 201 167
    222 15 241 213 230 0 0 64 6 216 248 255 255 192 23 217 72 159 235 0
    230 152 0 255 113 54 112 68 0 255 255 150 255 209 23 122 76 207 255
    63 6 0 131 144 238 255 255 95 255 0 0 240 0 214 0 194 233 96 255 10
    155 0 53 100 4 255 247 0 21 125 82 183 0 86 232 88 140 161 205 1 65
    87 61 168 0 0 153 95 255 0 198 147 255 0 0 255 0 154 187 255 37 255
    0 188 139 0 255 210 0 9 255 86 19 255 77 255 220 121 0 255 43 39 233
    19 149 141 0 14 255 0 86 255 139 121 84 0 186 0 133 0 211 154 255 36
    255 23 115 255 65 0 181 19 255 231 255 255 0 240 255 35 0 255 107 0
    180 98 210 100 50 255 58 97 255 53 102 255 0 217 91 104 0 101 54 66
    43 255 254 0 34 0 0 255 241 60 0 92 241 255 111 0 255 219 72 255 0
    99 255 255 226 0 23 255 0 0 255 169 37 255 0 9 0 0 0 224 255 255 26
    0 25 85 146 35 117 73 2 0 255 0 191 163 248 109 180 0 255 148 105
    126 114 172 158 36 94 206 131 248 66 255 255 189 22 0 255 197 0 49
    249 221 133 91 255 215 64 164 23 255 235 0 44 22 44 0 192 119 169 47
    255 255 182 30 153 133 12 0 67 0 16 195 246 29 16 255 0 0 0 193 131
    181 116 152 247 249 255 101 41 59 0 68 92 1 0 255 114 255 45 205 185
    0 209 94 195 255 10 117 255 255 255 43 48 255 181 214 255 181 87 33
    46 3 127 58 78 132 235 224 0 0 140 67 111 255 255 18 234 178 0 244
    255 176 148 103 138 87 255 6 0 20 38 89 0 62 116 0 255 170 62 245
    255 223 255 34 255 255 211 103 0 231 0 181 0 255 200 125 249 220 250
    66 141 255 0 243 255 255 217 89 28 146 115 255 255 0 96 85 35 255 24
    0 40 105 0 0 131 0 0 218 0 18 235 255 255 61 108 0 255 222 255 53
    255 86 140 121 118 104 173 0 102 28 225 117 255 36 22 3 139 19 157 0
    37 194 2 135 255 232 255 0 255 0 19 146 68 208 45 0 233 60 150 203
    62 255 78 83 33 85 210 64 106 218 255 149 112 71 228 147 0 235 110
    135 236 189 1 5 197 146 153 123 48 0 135 184 48 238 0 226 255 255 32
    53 255 255 35 0 0 255 255 0 145 23 173 242 26 229 0 255 113 101 255
    255 206 16 120 161 255 0 150 206 0 233 255 116 255 255 255 6 211 255
    0 240 0 236 255 237 115 99 255 0 0 255 22 229 155 233 111 0 8 255 71
    136 198 255 127 226 0 0 65 0 255 255 47 70 75 255 255 255 165 64 244
    254 193 255 0 0 84 209 230 144 0 109 0 194 27 83 139 24 2 158 0 119
    0 0 163 238 60 186 255 0 179 36 255 255 255 188 0 0 158 113 0 0 0
    255 146 7 255 57 0 229 153 0 0 255 255 0 177 220 21 25 165 70 0 0
    216 255 167 226 255 169 255 251 5 154 255 213 94 255 0 247 255 0 255
    208 110 226 70 0 51 213 201 82 67 72 255 117 91 153 65 223 248 255 0
    150 255 145 21 122 52 0 0 255 237 236 132 71 209 172 161 255 0 0 11
    162 255 74 115 128 255 0 159 18 75 117 143 31 0 0 129 114 23 121 255
    19 244 234 104 106 0 255 248 0 177 173 0 0 125 0 159 96 170 45 122
    255 0 89 255 222 0 0 61 91 0 59 60 255 0 8 0 8 160 255 0 219 128 252
    255 146 77 102 165 238 244 44 0 239 0 97 0 232 101 207 26 255 244 54
    219 179 212 35 255 137 134 232 47 224 58 127 255 255 150 80 255 239
    0 255 0 156 154 40 255 213 0 8 146 0 23 0 0 139 237 133 102 182 78
    237 255 255 140 55 255 175 190 67 16 0 95 255 255 255 104 255 69 171
    0 255 255 0 231 49 255 255 0 126 119 218 124 255 0 148 48 217 104 0
    172 0 0 203 80 228 255 255 255 31 68 225 52 161 0 182 0 238 136 0 95
    81 116 0 255 0 232 79 255 91 0 25 102 114 255 84 124 68 0 33 0 59
    255 248 0 246 6 255 160 169 255 51 0 151 86 255 0 36 0 0 23 0 255 74
    3 255 255 20 147 4 27 0 255 255 0 255 0 51 235 198 255 255 97 223
    229 32 251 89 238 255 255 227 67 227 0 47 113 130 191 36 143 6 240 0
    63 83 251 57 64 55 0 99 184 58 96 125 132 0 136 146 0 234 28 0 218
    209 0 0 214 0 103 152 54 14 255 255 0 142 255 58 55 0 186 255 249 20
    40 0 222 0 86 228 0 189 255 0 255 0 25 255 99 0 0 216 148 255 149 0
    0 202 0 29 180 255 255 255 222 135 233 170 28 0 0 249 141 206 165
    240 44 0 173 200 171 250 218 255 32 0 182 171 91 0 60 123 0 43 250
    22 212 255 115 161 90 4 87 117 72 170 50 10 222 147 50 255 32 0 135
    205 255 255 15 218 209 165 112 0 0 80 173 0 94 255 0 9 255 211 0 255
    255 0 243 234 255 255 212 0 255 80 18 127 179 0 123 0 112 219 222 44
    74 0 255 201 255 61 0 0 163 255 0 255 166 26 255 0 255 174 255 69 0
    172 0 70 117 34 255 210 117 0 209 28 48 67 255 11 73 255 171 0 255
    172 102 8 172 255 180 0 92 185 255 33 0 82 143 0 147 189 220 78 167
    255 19 0 255 227 23 56 255 128 0 255 188 135 0 0 160 32 118 92 0 255
    0 254 2 199 160 253 0 190 248 255 152 190 189 176 188 255 25 254 149
    19 231 80 173 136 97 57 9 42 179 71 97 255 6 0 0 255 204 58 0 125 74
    172 241 255 0 46 73 0 136 180 0 255 255 147 31 255 212 255 44 162
    152 184 39 0 53 255 0 238 0 0 51 0 202 124 45 255 0 255 0 0 11 222
    184 229 170 255 255 0 238 198 204 82 230 235 237 23 0 161 35 0 255
    83 237 162 82 247 101 146 0 255 255 143 187 142 88 0 0 154 0 46 255
    254 0 204 255 0 0 0 79 242 0 255 169 12 242 255 68 255 0 240 255 236
    75 76 160 9 65 0 0 61 0 61 255 163 58 216 125 104 255 107 75 231 65
    216 87 241 190 0 125 146 0 248 169 246 206 164 255 215 31 255 75 247
    255 193 131 147 22 191 174 85 55 254 108 234 246 159 255 155 10 255
    0 0 128 12 167 255 41 228 0 253 0 0 230 17 0 255 255 117 182 235 140
    255 20 255 0 159 60 0 92 69 255 255 234 29 16 0 255 231 5 234 0 0 82
    0 0 0 230 174 179 255 235 243 195 0 209 57 0 0 245 255 255 20 149 65
    122 10 61 73 255 243 114 202 0 61 242 255 113 0 96 92 236 0 182 231
    255 255 255 149 230 197 255 53 255 255 87 7 155 89 120 179 255 75 0
    184 254 255 255 36 255 255 26 0 202 116 0 65 45 0 240 255 67 0 107
    129 0 74 62 132 255 185 0 49 93 0 3 27 0 79 49 88 255 255 73 255 218
    0 255 255 233 232 148 0 96 94 30 249 158 88 71 255 204 255 98 48 255
    16 0 255 229 229 226 255 255 179 238 255 94 255 255 147 230 170 255
    138 74 254 251 151 23 0 0 125 0 127 164 1 255 119 117 255 62 104 0
    255 255 67 223 0 218 130 107 111 169 0 255 255 198 222 161 143 97
    200 0 17 75 176 164 178 0 78 156 255 0 16 113 3 152 255 71 85 0 0
    204 20 199 61 73 36 112 0 183 16 246 255 28 255 32 233 103 45 255
    132 35 250 206 195 205 164 203 15 255 255 0 68 122 255 255 48 255
    255 0 52 58 237 0 109 255 176 147 149 25 38 255 0 27 135 255 66 255
    19 80 94 0 255 207 134 51 81 0 200 19 147 255 255 0 183 120 147 255
    196 255 94 239 48 173 220 162 64 179 57 222 62 255 0 0 255 38 0 255
    0 159 56 255 147 26 93 255 255 255 152 186 161 0 255 103 44 145 255
    210 0 0 101 0 0 83 0 80 0 0 182 0 0 255 129 0 191 0 255 0 120 66 58
    138 0 255 0 52 113 99 73 255 0 253 255 0 140 12 192 159 11 187 160
    198 255 133 218 255 96 0 118 149 79 181 168 211 238 115 33 255 255
    171 255 216 37 28 111 255 85 255 255 255 119 185 255 255 255 98 81 0
    0 207 158 127 255 0 59 255 0 186 187 22 255 111 35 4 29 35 1 97 91
    94 125 145 45 228 234 255 255 0 132 244 122 161 0 255 179 109 0 255
    129 40 200 45 125 231 206 176 171 0 20 217 0 157 255 4 0 0 239 34 0
    255 9 205 34 235 214 73 175 104 255 0 238 255 94 56 177 0 58 209 145
    0 71 0 3 230 119 253 107 162 238 142 255 171 250 235 245 176 161 255
    255 133 227 232 112 0 255 136 0 149 255 223 72 163 0 247 255 23 21
    255 255 152 145 0 144 31 0 179 255 238 193 255 0 255 84 176 126 157
    255 0 238 204 255 0 185 41 79 77 39 255 182 0 0 255 0 125 89 78 255
    204 25 151 197 157 255 162 19 53 255 118 255 0 244 213 94 22 136 204
    48 0 44 0 228 19 255 129 255 255 34 240 152 212 7 23 64 105 0 255 0
    153 247 255 196 107 0 61 67 67 20 0 54 0 1 0 0 164 204 170 45 246
    191 0 245 255 255 198 155 255 255 26 255 251 0 255 255 0 0 86 165 63
    0 13 255 255 0 164 253 86 255 255 230 255 255 174 84 178 165 205 120
    255 7 164 255 129 238 30 255 0 100 237 255 239 5 246 255 0 0 155 169
    255 74 0 215 224 161 30 66 211 69 100 255 255 246 0 100 20 46 26 20
    255 144 255 209 101 154 255 132 0 255 207 251 135 250 224 0 78 90
    255 0 175 255 0 42 86 167 176 143 249 0 43 0 0 79 13 0 107 255 0 0
    186 254 171 255 91 123 0 255 191 91 255 255 29 0 255 0 82 49 230 67
    42 100 0 0 255 93 116 161 17 38 0 0 0 207 0 0 255 30 4 214 117 255
    73 176 235 66 7 255 204 0 255 0 145 255 173 12 110 194 247 47 132 54
    0 121 0 0 255 0 255 255 176 117 156 0 0 6 255 58 227 255 169 255 155
    255 27 74 168 0 94 139 255 255 48 0 164 255 126 177 142 0 86 213 255
    30 0 76 0 0 38 207 238 102 240 142 172 174 195 255 128 255 0 18 96
    218 255 0 115 255 237 102 0 212 255 33 0 153 248 220 160 185 66 255
    0 0 237 0 18 185 163 12 123 255 0 157 86 191 158 0 185 155 24 0 187
    9 156 221 255 17 191 255 0 0 24 244 194 92 19 255 7 229 0 42 159 52
    0 0 157 212 99 86 0 39 125 0 172 177 248 0 0 212 0 72 0 0 155 255 59
    251 2 255 230 49 138 0 194 255 54 255 201 255 91 113 112 0 0 123 0
    255 255 210 155 0 255 255 255 209 182 240 212 14 255 11 110 255 118
    0 92 157 28 93 255 173 12 129 216 159 29 86 193 28 24 255 255 27 103
    0 120 55 255 53 22 39 183 255 0 24 0 29 245 38 116 18 241 124 124
    107 49 255 232 87 95 255 255 201 219 255 0 0 66 37 228 0 243 255 214
    122 0 245 8 0 0 255 52 255 200 0 73 218 104 255 235 175 255 103 0 0
    255 150 0 237 61 2 220 255 158 171 232 240 131 209 255 73 117 184
    255 132 198 62 0 0 99 123 236 255 153 158 55 255 0 252 228 46 240
    255 147 223 206 197 255 247 0 255 255 152 177 0 162 0 255 255 255
    114 91 147 101 165 255 180 255 23 0 0 32 255 141 255 255 76 91 105
    62 100 255 0 255 179 255 255 58 83 66 146 174 255 0 0 85 255 255 65
    184 0 144 124 0 198 84 60 184 255 255 255 0 62 60 85 54 0 227 255 94
    228 0 28 16 255 5 0 23 97 1 0 102 5 255 246 0 198 114 94 10 120 113
    42 0 152 170 255 89 53 0 0 151 172 30 167 255 216 133 71 70 95 255
    200 0 255 243 126 0 255 194 255 255 0 255 113 255 0 112 225 251 75
    205 82 209 44 49 118 255 255 12 255 237 242 255 80 193 86 255 255
    200 255 255 74 0 229 10 158 255 55 118 183 32 0 182 0 122 88 0 255
    215 227 75 168 0 202 0 208 0 0 59 255 0 205 137 77 255 215 255 255
    88 177 184 255 105 96 116 220 96 255 155 167 255 0 64 147 112 97 162
    6 64 255 97 245 60 206 239 0 218 255 59 208 20 174 24 255 255 191 12
    210 229 255 255 88 0 247 255 255 255 2 0 255 0 255 255 155 132 0 255
    0 229 8 93 156 255 224 255 255 184 180 64 255 123 255 0 255 168 231
    75 0 255 68 140 255 252 96 255 19 187 120 255 236 19 184 220 92 3 62
    255 255 255 255 255 199 0 66 62 255 58 190 255 48 247 106 255 245
    163 216 164 255 43 29 178 158 232 40 22 142 0 247 255 255 252 183
    255 255 227 255 49 255 255 230 230 93 0 51 176 255 36 0 53 17 228 49
    0 213 145 175 0 0 255 255 55 41 106 149 0 44 0 211 13 119 37 211 103
    243 0 255 237 0 0 136 100 163 57 150 131 83 147 255 190 255 255 0 74
    255 1 100 168 0 144 4 63 255 18 255 0 124 0 252 75 88 0 243 226 0 59
    110 255 137 57 130 182 248 156 152 255 255 67 197 204 160 199 255
    123 255 97 255 255 178 145 102 35 0 205 85 207 255 255 2 0 130 149
    224 251 0 174 129 244 92 0 213 28 0 26 240 223 0 132 188 126 255 255
    255 255 116 16 255 255 0 255 0 0 255 0 212 217 171 0 252 98 104 222
    62 94 0 1 0 1 34 213 0 255 223 255 148 9 0 255 154 197 215 115 0 255
    255 255 255 93 76 166 0 0 255 0 113 149 179 28 180 158 0 2 255 255 0
    165 0 34 19 165 0 0 230 135 255 115 114 148 115 77 0 186 0 48 126
    255 114 255 255 143 102 255 43 255 0 213 0 5 97 255 0 28 68 71 44 93
    45 171 181 111 255 144 117 0 190 46 255 52 0 170 189 0 148 14 113 85
    247 0 255 251 62 255 175 170 211 0 22 227 0 0 33 0 131 245 255 224
    79 0 97 0 161 202 14 0 83 255 255 255 0 138 7 255 178 197 26 206 177
    122 108 255 255 20 46 31 231 113 5 44 0 255 253 0 222 148 255 126 0
    255 0 255 255 255 171 0 255 22 255 108 0 203 158 50 27 0 255 115 187
    60 230 29 255 0 0 64 0 144 255 72 11 16 220 251 159 0 78 165 65 0
    203 0 219 255 255 187 174 255 166 227 140 255 54 255 170 0 255 0 0 0
    102 0 0 222 3 137 121 255 58 20 86 148 140 94 0 33 255 0 0 56 0 214
    101 182 244 39 163 10 255 0 3 224 0 135 255 214 207 0 255 203 0 56
    62 184 255 15 189 255 0 9 82 7 255 51 116 18 197 170 255 43 63 243
    255 5 82 251 245 203 68 255 81 182 210 214 194 255 219 246 0 255 255
    154 8 31 204 0 215 89 108 116 0 255 220 238 132 111 41 224 106 255
    76 0 116 0 9 255 0 185 74 78 63 0 255 255 13 60 104 80 255 226 121
    35 228 85 118 249 0 198 0 71 0 203 221 255 0 176 152 154 255 166 0
    251 191 174 86 255 255 220 16 213 0 255 8 9 114 0 255 232 0 205 0
    255 23 229 179 255 93 114 241 255 200 255 0 0 230 0 173 0 104 94 175
    99 0 117 255 0 255 9 255 255 137 145 193 255 255 71 0 233 38 59 4 26
    193 80 0 58 19 25 23 0 72 148 0 200 141 175 30 47 0 203 0 157 151 0
    68 0 123 28 0 255 3 0 141 9 255 210 255 255 0 0 130 0 233 255 0 84 2
    76 0 0 255 0 235 13 0 24 0 244 0 0 127 100 0 101 0 142 78 0 255 206
    0 147 178 249 63 0 249 102 204 34 0 0 35 0 138 161 118 119 147 146
    255 175 0 255 255 168 0 19 238 255 255 255 253 90 4 33 146 236 242
    11 221 0 216 0 90 58 0 113 0 150 141 133 255 255 24 234 0 79 100 152
    180 14 255 101 255 255 0 255 82 0 0 255 115 255 202 0 146 125 0 255
    135 234 0 0 65 132 255 59 255 20 255 0 17 250 78 224 112 36 235 253
    254 255 0 160 197 221 0 40 84 0 140 0 74 173 206 62 13 255 203 0 149
    126 206 45 46 189 0 254 255 0 0 0 105 60 0 29 209 0 199 255 255 255
    150 116 0 194 15 214 141 8 195 98 115 66 67 172 127 129 168 125 255
    255 16 255 0 138 244 6 255 116 255 34 255 30 104 255 255 171 99 255
    255 170 45 2 255 180 255 255 91 251 0 255 46 193 117 255 120 121 27
    205 0 19 255 255 56 255 129 186 70 255 255 79 85 233 0 110 190 200
    112 93 22 78 152 0 255 255 246 241 198 255 80 0 228 255 0 225 0 250
    1 192 111 0 0 211 101 255 0 255 106 124 43 255 74 225 121 255 0 148
    0 0 22 186 0 73 154 74 255 52 0 255 88 255 127 39 13 0 0 255 187 0
    209 222 28 255 255 112 255 0 207 149 0 255 79 0 255 196 154 56 88
    255 57 21 172 12 149 95 66 37 0 248 254 0 170 255 238 255 95 65 36
    246 0 0 217 0 0 0 0 38 40 189 43 3 255 255 57 255 96 125 0 0 184 0
    102 255 64 255 255 255 129 204 84 255 0 255 0 0 151 127 61 99 202
    106 230 0 0 154 0 72 88 92 244 0 255 205 163 140 255 255 240 238 99
    90 240 55 118 224 143 255 0 0 167 238 10 8 237 0 119 7 0 126 249 26
    32 186 222 175 180 255 255 112 164 124 156 0 161 0 208 133 128 237
    12 255 255 212 85 187 0 53 49 87 168 45 0 252 169 58 255 81 0 123
    255 210 166 0 238 255 255 0 58 136 0 69 0 89 20 204 255 171 255 255
    0 255 173 178 255 255 10 14 230 70 0 255 66 193 11 0 255 215 235 255
    255 178 156 255 213 255 223 0 82 255 0 234 7 69 255 110 0 96 97 137
    0 93 255 216 255 255 0 0 71 0 94 0 156 139 253 218 255 22 108 255
    205 0 180 68 222 254 60 164 45 194 20 200 81 0 124 0 255 255 77 117
    80 240 167 23 74 198 65 0 0 181 180 255 0 0 163 85 24 0 249 127 255
    0 255 255 0 86 0 66 248 194 0 255 215 255 84 255 163 204 20 10 103
    11 169 237 78 102 188 132 255 8 0 150 255 0 218 255 0 224 204 250 72
    31 255 236 17 255 0 7 0 0 0 0 0 113 156 0 255 0 22 0 30 255 230 0 55
    0 192 196 255 255 255 129 81 209 10 255 255 255 4 255 255 118 255 93
    175 187 0 255 40 0 255 193 255 215 0 74 113 3 171 14 217 255 255 31
    203 0 127 99 44 68 100 0 206 163 155 0 40 0 151 9 255 249 222 0 216
    0 233 255 49 186 185 202 0 117 154 95 255 112 91 122 121 153 0 255
    210 239 255 91 42 160 34 10 0 255 255 239 210 255 0 224 102 0 0 49
    119 134 135 145 0 255 117 255 255 26 255 135 139 255 0 40 0 0 58 0
    230 158 251 162 163 66 255 207 255 250 3 21 0 255 99 249 131 255 210
    173 60 131 68 80 133 148 250 108 255 0 107 63 0 24 255 255 255 88
    110 255 240 63 255 255 154 149 255 250 84 99 0 0 255 167 248 255 44
    75 145 148 224 20 126 117 1 0 0 120 48 0 125 22 113 255 255 255 0
    132 255 214 74 180 85 12 82 239 239 108 170 116 78 255 11 0 0 48 37
    91 225 232 0 5 255 255 255 231 0 0 33 234 255 17 248 0 67 95 0 50 44
    0 226 234 194 132 255 255 12 0 0 104 224 207 66 127 2 47 0 122 12
    253 159 255 17 255 231 230 64 36 195 255 49 149 156 159 130 153 212
    139 0 18 0 255 255 22 255 197 0 0 0 255 178 0 228 196 239 194 255
    255 0 189 246 0 210 114 10 142 119 0 253 46 170 0 255 255 247 30 9
    55 141 79 169 0 83 218 0 255 234 79 127 246 39 177 197 0 255 41 8
    255 0 143 4 121 234 35 113 246 190 255 239 169 211 39 40 0 182 71
    227 255 53 5 255 149 0 218 47 70 255 197 5 255 255 252 23 255 26 187
    255 255 112 117 255 234 241 243 11 0 75 183 0 206 17 255 106 166 14
    0 110 0 126 0 0 0 84 245 0 255 0 255 218 255 9 228 139 255 120 0 255
    0 17 141 4 174 105 215 255 8 180 172 0 0 219 0 164 0 0 255 129 163 0
    190 244 29 122 28 255 119 23 146 227 151 160 255 152 65 255 255 69
    255 255 0 83 95 255 0 100 246 106 255 0 162 0 162 206 58 68 147 243
    216 255 0 255 255 255 0 159 0 103 43 0 183 131 229 66 255 255 10 186
    0 90 0 255 216 0 157 0 96 51 239 101 59 123 150 255 255 0 46 24 173
    98 211 45 155 109 0 0 62 182 63 0 173 0 23 173 241 255 0 192 231 44
    86 148 0 157 179 255 231 145 201 26 91 246 126 61 150 5 255 0 227
    234 255 67 255 255 105 255 255 40 151 255 213 0 255 7 212 143 255
    205 207 121 52 0 71 118 214 112 255 205 223 255 24 222 80 108 250
    194 205 38 82 255 123 255 34 127 216 77 185 0 65 130 0 88 170 255
    255 103 191 143 109 0 66 93 19 192 194 255 162 248 255 255 255 34
    151 77 214 159 255 255 0 174 223 255 80 0 184 255 122 125 255 20 255
    255 226 255 255 221 115 145 255 93 211 28 251 255 27 214 255 235 255
    0 255 124 255 52 239 218 18 42 101 13 13 144 22 255 0 170 181 255 96
    0 255 17 0 108 0 102 39 140 37 187 155 216 0 0 0 87 255 177 21 0 176
    0 0 0 150 0 47 126 255 193 202 83 0 9 219 0 135 178 228 198 0 61 76
    255 133 105 5 168 37 255 113 132 0 203 197 255 53 255 34 255 255 255
    255 250 0 88 170 168 78 255 124 75 99 0 244 0 137 185 255 80 23 184
    99 147 244 80 255 35 0 212 125 0 207 0 208 17 0 171 198 0 0 255 129
    188 66 111 255 234 107 118 0 249 0 0 78 214 54 115 0 196 255 33 0
    255 91 110 85 131 129 60 229 249 110 0 150 197 255 255 211 169 31
    178 180 88 0 116 9 56 190 210 97 218 126 255 147 83 255 182 0 54 0
    191 255 64 83 91 25 4 162 255 47 244 6 0 244 0 77 255 32 171 221 0
    62 255 0 0 116 255 76 12 0 255 11 172 37 0 3 101 111 1 203 255 0 239
    248 53 0 255 158 37 103 149 0 88 222 0 255 17 138 19 59 0 34 228 0
    255 232 0 206 218 57 229 0 255 190 24 90 240 154 185 255 79 255 48
    29 0 206 69 235 243 31 0 0 0 123 162 208 219 255 191 0 255 207 0 178
    0 25 255 21 0 65 212 62 229 255 0 158 221 128 221 211 56 255 227 214
    202 144 21 0 34 0 233 115 0 12 250 0 215 255 0 176 255 183 83 255 13
    255 255 0 138 30 0 21 255 24 0 83 0 180 0 95 85 135 0 16 255 171 0
    95 0 0 246 108 123 42 255 255 0 117 255 255 255 255 255 0 196 74 53
    255 178 184 212 255 227 217 130 140 0 228 55 0 95 140 255 185 255
    244 155 0 95 204 154 255 157 210 158 253 48 0 255 0 148 17 255 255
    232 213 255 0 255 123 177 99 86 0 2 0 78 43 108 86 173 189 197 90 0
    255 79 255 145 0 0 79 75 211 210 255 165 10 111 0 58 0 60 0 49 229
    236 217 255 9 102 144 0 255 130 220 203 205 199 255 112 20 79 193
    255 0 34 0 255 209 0 94 0 0 43 255 255 0 209 255 218 255 245 58 255
    96 161 57 131 255 255 190 152 0 169 198 104 158 0 0 255 226 0 255
    119 25 255 0 201 245 172 0 124 85 35 55 63 0 235 197 0 0 93 226 12 0
    255 0 222 0 5 0 35 233 0 153 238 209 23 89 255 182 0 235 0 0 214 98
    140 255 3 12 0 255 182 27 255 0 23 255 255 154 229 227 90 157 177
    180 255 134 0 255 29 0 0 211 0 0 125 41 45 165 100 149 169 43 160
    128 8 153 255 0 245 0 149 222 191 189 0 255 255 0 45 255 103 103 58
    104 191 191 0 0 247 99 74 20 81 35 195 126 176 47 13 61 237 0 143
    203 219 162 255 109 255 48 55 79 41 255 212 255 187 0 0 0 255 0 162
    255 26 255 124 30 255 96 201 86 18 48 167 153 153 255 208 23 255 0
    66 255 3 240 68 205 129 75 59 15 255 0 0 42 0 112 0 216 149 93 42 43
    88 0 27 64 186 174 255 255 255 164 241 137 48 6 207 30 255 255 82 0
    158 53 68 0 73 160 53 16 18 190 0 0 255 209 0 255 255 221 0 0 0 56
    203 45 247 0 111 129 131 0 79 207 5 0 173 35 11 39 246 0 233 47 143
    0 53 90 195 140 0 249 145 58 28 247 179 138 0 20 14 7 145 13 28 255
    0 0 195 23 146 231 255 130 151 4 183 178 0 145 64 105 130 113 255 0
    166 100 0 43 134 40 0 255 97 255 121 48 0 255 89 192 0 255 255 208
    101 90 255 233 0 243 255 255 234 44 184 107 109 0 255 31 205 74 234
    67 255 237 0 84 105 12 28 0 0 137 92 213 255 0 204 175 210 56 213
    255 140 255 255 47 133 24 0 1 255 172 246 24 142 255 255 18 255 140
    49 255 255 124 0 129 183 0 0 103 105 183 237 242 152 185 8 31 255 22
    255 73 62 93 255 0 11 44 255 255 192 255 148 102 255 0 127 124 255
    218 255 255 0 73 69 99 238 0 255 9 185 255 255 13 0 0 39 205 188 137
    8 7 0 30 243 247 255 48 255 1 137 85 59 40 255 86 0 255 255 215 195
    0 104 0 0 255 152 197 0 255 255 141 29 255 249 65 0 255 0 255 255 69
    170 106 193 151 206 136 255 18 119 255 251 155 46 255 255 250 255 55
    228 252 68 144 0 206 21 255 162 153 113 192 65 78 255 57 12 35 146
    150 0 252 20 0 142 9 156 212 245 0 77 185 34 0 251 219 147 165 3 255
    0 146 20 50 0 89 255 0 15 0 255 0 207 76 19 6 150 180 95 0 0 157 253
    115 255 59 244 153 205 29 14 11 255 0 0 94 15 105 0 247 157 0 142 0
    57 76 155 119 94 138 17 0 255 255 232 198 238 114 170 63 0 0 89 135
    255 0 0 44 236 190 0 66 63 85 255 159 0 244 165 255 33 215 159 0 110
    0 255 0 117 255 255 255 255 146 4 43 0 51 228 0 205 252 99 194 0 255
    0 0 101 234 160 255 240 2 255 180 111 77 68 70 4 255 74 40 22 8 98 0
    255 182 226 29 255 10 191 41 0 125 122 255 132 7 168 124 255 0 255
    240 170 224 141 165 185 255 113 115 12 113 0 146 255 0 129 255 32 47
    164 180 0 255 185 255 199 73 161 138 109 150 255 255 255 0 255 201 0
    0 255 132 45 255 74 93 217 162 0 0 98 255 27 0 71 0 0 0 166 118 255
    0 78 153 0 0 0 68 254 130 255 197 0 209 0 0 116 196 0 86 0 184 181
    48 255 255 224 223 188 19 124 36 180 119 62 248 98 113 0 58 154 165
    0 53 240 110 0 4 116 0 140 0 175 13 0 255 237 0 255 85 13 255 0 0
    255 206 106 0 240 255 215 0 255 255 0 0 106 128 97 27 143 157 0 253
    244 55 136 0 255 117 0 110 9 214 57 255 195 0 255 230 176 163 0 0 0
    0 0 145 0 88 53 0 0 0 86 201 0 255 248 146 255 255 133 0 100 37 69 0
    85 205 22 8 225 0 106 16 255 233 1 189 85 0 17 0 145 255 110 249 0
    210 59 190 255 28 255 132 188 38 143 114 188 0 0 14 0 71 0 251 255 0
    237 157 240 159 1 157 219 255 211 202 27 136 121 255 60 1 255 219 49
    0 200 136 140 255 199 45 119 255 255 255 81 0 171 244 255 222 18 255
    196 134 21 255 255 255 57 255 26 255 144 37 0 13 0 245 27 3 144 255
    248 0 175 87 149 0 255 134 111 113 186 0 219 141 147 72 255 255 26
    249 32 32 108 96 10 0 17 0 33 255 43 138 181 255 190 246 142 93 16
    255 54 112 255 255 207 255 255 61 164 147 144 165 98 49 255 0 149 93
    0 0 50 255 255 131 0 251 87 49 94 255 173 139 255 93 201 0 0 40 1
    205 255 0 255 87 33 142 255 0 0 214 184 86 0 57 88 90 0 0 0 255 56 0
    153 255 255 6 136 141 255 255 220 255 31 113 255 0 224 0 0 255 133
    94 59 62 0 34 183 49 255 0 0 113 63 98 255 59 223 0 120 255 166 158
    255 239 65 209 237 183 189 172 202 0 0 0 98 5 0 205 0 11 0 40 165
    149 151 0 3 255 177 213 32 0 96 255 228 0 114 208 0 21 71 0 138 255
    255 241 201 46 252 77 255 0 123 247 255 34 19 181 201 75 233 0 0 100
    0 0 106 101 0 165 255 251 184 244 192 69 210 0 10 255 16 93 167 255
    89 223 255 204 214 43 176 0 16 151 0 113 254 66 255 134 198 121 71
    217 0 142 217 57 66 255 162 93 124 255 235 122 255 202 143 113 79
    155 0 232 130 165 255 255 255 200 5 112 0 17 120 0 0 176 82 178 139
    255 233 243 0 255 255 13 0 0 0 77 0 81 0 198 0 255 0 171 24 255 0
    255 255 77 0 5 255 8 47 177 0 0 255 100 195 227 0 255 191 139 255 66
    22 13 181 69 0 162 255 0 0 145 116 255 244 121 148 157 86 186 255 6
    255 255 255 226 255 222 84 255 66 124 123 58 226 60 70 178 189 55
    178 93 77 255 237 255 255 255 208 8 85 71 0 94 20 255 255 49 53 132
    255 6 156 255 239 46 145 132 154 221 207 236 100 200 255 34 255 188
    25 255 255 255 255 86 255 37 152 110 0 157 10 244 197 116 115 240
    129 0 203 122 198 255 194 187 75 0 185 0 31 121 255 255 48 49 40 255
    255 155 0 255 0 0 43 0 111 255 202 0 108 0 0 47 255 163 80 169 255
    125 89 147 212 201 255 240 145 176 255 79 221 6 0 12 255 0 255 101
    18 206 86 0 254 190 45 141 0 0 163 99 255 167 125 37 133 176 255 37
    232 255 101 115 0 170 0 0 255 219 255 219 56 216 29 79 255 2 178 255
    255 0 127 0 100 0 225 255 0 255 255 137 93 207 0 0 4 137 0 255 46
    116 186 194 96 0 0 95 0 41 255 255 94 255 199 21 17 225 216 255 255
    80 161 255 106 125 99 255 180 60 209 0 255 255 170 255 49 219 130 70
    255 255 113 91 219 231 36 153 255 1 213 154 59 80 255 255 0 95 100
    57 148 120 217 255 0 229 139 255 255 255 62 146 22 179 245 42 75 116
    123 255 27 255 189 207 139 153 251 247 247 0 255 8 255 202 255 68 86
    119 8 242 118 192 0 45 255 0 176 255 0 100 115 255 121 116 255 33 0
    150 88 68 46 231 59 174 111 187 72 179 179 0 255 49 138 55 155 0 142
    143 23 149 0 0 205 199 255 14 255 245 148 121 255 255 208 176 48 152
    102 0 255 187 119 0 0 189 0 207 172 138 255 255 57 67 52 131 73 255
    23 102 110 191 141 29 133 18 229 4 136 193 173 103 7 95 34 0 0 0 250
    186 255 255 69 255 0 33 255 27 255 82 0 154 255 181 33 255 46 125
    113 80 20 68 0 48 120 0 59 89 0 251 255 134 65 172 255 255 0 229 23
    174 107 142 185 250 0 29 0 255 0 255 255 99 255 255 0 236 2 27 255
    138 69 255 112 106 214 172 8 66 19 183 246 93 128 255 0 87 59 251 0
    0 81 140 56 207 197 71 234 117 255 100 215 84 255 213 124 60 128 77
    255 255 0 0 255 0 0 92 0 204 0 216 44 236 0 255 0 86 255 227 255 1
    255 255 255 254 0 49 1 0 24 255 154 182 255 63 141 255 60 64 147 0
    15 0 93 0 70 108 0 185 255 0 255 169 230 167 32 120 99 255 255 0 255
    222 179 60 239 255 255 91 163 92 0 4 182 0 255 255 23 0 58 0 62 61 0
    232 255 67 0 245 156 7 0 53 0 189 232 46 255 255 20 255 43 184 152
    198 143 255 122 163 169 0 224 121 0 93 74 0 255 77 34 198 59 221 49
    0 200 255 158 255 70 0 0 240 192 0 0 76 255 255 255 0 176 193 255 36
    223 74 242 58 0 148 255 255 77 120 242 212 255 255 176 0 53 212 172
    139 100 21 196 202 219 90 0 86 195 255 0 105 164 0 255 0 0 185 236
    118 174 81 0 69 59 76 82 159 255 0 249 0 143 155 216 0 115 163 0 0 8
    193 175 0 27 140 119 255 71 255 127 147 27 255 0 54 26 255 145 0 248
    255 67 195 0 0 82 108 0 25 147 255 255 227 7 255 255 132 15 0 246 42
    121 251 141 174 133 41 0 137 175 2 50 0 206 64 144 150 103 0 255 90
    194 255 145 0 56 255 188 255 0 110 169 147 121 255 225 255 255 121
    63 205 139 0 0 201 208 232 84 136 29 35 24 111 255 14 244 0 165 249
    118 255 49 14 244 255 17 0 0 160 29 234 140 255 0 199 216 66 255 0 0
    255 252 255 53 198 70 255 126 127 214 244 0 182 9 234 0 14 71 138 53
    35 255 255 0 206 101 33 131 125 230 186 124 0 0 255 59 241 141 109
    253 0 14 36 0 95 236 217 71 14 0 58 171 130 0 217 69 255 62 255 255
    255 128 44 231 144 48 0 255 64 0 0 0 166 217 0 8 39 184 0 227 0 137
    0 0 242 0 82 149 255 202 140 207 255 145 236 255 0 0 55 159 75 152
    157 142 72 226 202 38 116 211 52 62 86 255 36 248 255 0 255 79 243
    173 0 146 6 255 0 149 249 145 0 142 0 220 202 110 208 0 133 202 59
    24 244 127 0 0 222 91 0 0 34 133 0 118 126 226 165 255 0 229 143 58
    0 209 255 0 98 111 48 91 111 255 194 206 0 122 0 255 122 128 255 26
    57 255 34 183 212 0 217 91 70 255 247 185 249 241 158 0 117 0 93 178
    223 0 255 209 100 41 240 255 195 107 0 0 0 150 0 0 222 152 186 243 0
    255 255 209 0 94 0 20 0 103 255 237 227 204 25 190 255 186 0 0 111
    56 124 253 255 0 255 255 67 159 203 88 0 13 210 236 76 239 73 191
    255 255 66 255 98 0 252 245 255 10 0 225 255 255 156 19 73 245 47
    164 101 187 161 255 214 107 85 242 225 19 0 0 170 72 232 55 5 181
    182 255 180 0 82 255 20 202 20 0 43 141 88 0 93 145 32 255 136 0 197
    14 255 255 30 75 0 0 1 97 117 24 182 255 35 0 0 42 91 0 201 55 15 0
    0 255 0 0 176 0 0 87 255 255 255 0 255 188 0 92 179 67 35 167 255
    219 21 117 110 208 0 57 225 122 64 0 48 149 0 109 24 4 255 0 63 110
    222 179 255 11 1 227 246 255 228 41 88 247 186 0 144 0 3 147 0 63 0
    83 0 47 182 51 241 218 0 161 120 183 0 171 76 117 229 76 122 63 122
    49 255 0 191 50 255 0 0 255 73 0 120 0 30 255 140 0 255 255 151 22
    193 58 133 68 0 125 255 115 123 54 251 53 0 37 203 206 223 255 255
    89 255 159 54 94 180 255 193 2 168 11 0 237 0 83 255 255 189 137 185
    32 186 254 63 21 53 119 47 255 0 0 255 194 144 255 71 120 100 188 99
    158 29 13 122 168 206 137 58 155 255 0 189 14 0 80 182 255 157 255
    255 94 255 255 131 255 227 255 216 0 133 147 0 255 247 54 214 153 86
    208 107 0 52 255 255 139 255 134 96 253 252 86 0 73 255 183 76 26 0
    255 0 10 59 54 0 129 179 61 255 65 71 214 0 255 0 224 255 198 155
    104 0 255 220 160 81 39 20 205 4 255 0 131 89 0 0 218 0 54 0 83 231
    255 228 60 61 255 191 14 155 240 236 0 69 105 246 174 0 87 0 0 0 184
    0 202 43 17 255 77 184 9 0 31 150 0 96 255 0 255 255 0 69 255 117
    156 0 240 0 215 238 0 166 132 0 218 196 255 151 255 169 24 101 84 10
    80 0 253 57 196 214 182 41 255 255 255 0 96 249 255 69 255 51 238
    255 153 251 147 22 193 0 140 75 37 248 147 255 10 182 31 109 255 0
    255 0 58 22 0 255 27 0 255 0 111 101 237 101 207 20 242 120 0 0 255
    172 81 255 0 0 147 63 230 83 74 123 66 160 84 0 188 0 197 234 33 106
    0 136 0 255 60 84 19 109 0 229 255 166 0 255 248 255 130 223 103 30
    227 159 165 255 28 0 54 35 26 25 178 196 255 255 99 255 110 0 80 66
    180 24 134 164 255 155 255 57 255 54 88 0 0 98 106 2 255 0 255 63
    143 13 201 216 255 0 255 0 58 245 21 164 255 15 184 118 192 218 255
    0 255 0 0 252 0 119 0 255 0 231 219 255 255 45 60 38 0 0 203 14 255
    255 183 255 165 0 0 28 87 255 0 60 123 10 255 255 0 0 211 140 187 0
    164 0 255 112 0 145 0 244 100 255 77 0 31 95 28 180 0 204 0 16 202
    255 255 83 138 255 174 60 0 255 2 5 255 124 164 223 95 109 43 0 215
    165 112 255 0 35 162 255 255 106 255 0 88 255 112 27 100 0 28 0 54
    125 255 249 234 255 55 86 136 29 0 238 49 0 0 255 163 0 75 61 125 17
    243 80 28 12 22 0 160 214 35 60 255 255 23 254 140 152 237 255 123
    255 0 134 171 132 255 0 184 255 0 131 0 71 255 255 123 171 219 164
    123 160 0 38 33 0 0 152 0 13 98 42 221 13 5 255 142 1 86 0 91 255 2
    0 27 0 51 0 255 255 126 69 158 0 255 255 29 255 223 61 195 43 0 179
    0 255 83 128 86 126 192 49 255 105 116 179 245 128 0 33 196 134 179
    255 255 186 255 149 189 79 0 255 0 255 0 137 154 190 0 103 31 37 140
    207 119 171 53 209 0 175 88 255 0 231 255 244 59 168 70 255 255 68
    55 118 147 255 0 0 201 0 138 174 106 117 255 203 14 255 255 199 255
    114 255 0 131 0 229 255 0 255 62 0 36 255 91 39 118 0 56 255 165 10
    170 255 62 255 255 255 43 63 255 127 205 190 216 105 11 0 0 147 238
    108 0 95 255 255 62 255 216 69 255 0 213 70 31 255 12 255 0 0 123
    255 84 188 0 0 243 0 0 185 0 237 0 255 254 225 79 255 255 21 255 0
    166 97 0 195 255 17 205 236 78 43 177 0 0 177 224 143 3 152 255 0 92
    255 0 156 255 255 167 236 83 255 0 6 222 152 125 0 242 0 94 234 211
    2 0 0 255 71 255 12 77 255 255 62 0 181 255 231 33 255 255 20 73 94
    0 218 39 206 8 126 255 12 49 255 255 153 65 199 85 206 44 66 255 162
    255 255 136 134 143 235 0 178 226 0 125 105 28 32 0 172 53 45 233
    255 2 121 211 0 182 255 173 21 126 11 0 100 236 50 255 134 103 174 0
    255 31 217 57 143 236 137 0 0 255 255 139 189 110 223 203 0 215 145
    200 0 0 213 0 0 53 174 255 255 255 255 24 255 2 210 230 84 0 251 255
    4 124 138 244 116 109 21 0 101 52 80 56 0 220 107 60 6 255 0 255 23
    1 255 238 124 255 223 255 147 154 167 0 255 165 255 208 172 198 0 57
    63 192 167 184 126 0 237 246 0 255 2 187 31 255 0 43 0 0 255 255 255
    202 255 130 255 255 255 186 35 97 115 0 13 255 255 183 235 134 255
    53 191 134 136 221 223 250 52 191 161 237 186 134 223 233 209 43 255
    246 255 255 59 0 134 255 215 135 184 0 0 255 12 0 255 62 0 197 89 20
    162 18 218 198 134 5 23 0 255 157 154 0 252 255 167 0 27 0 34 159
    250 246 0 167 0 0 255 31 0 255 225 84 211 202 197 62 48 255 255 255
    124 0 37 107 255 90 19 255 20 255 255 255 97 0 255 241 113 96 255 80
    255 170 255 173 251 129 0 163 29 38 0 0 41 255 228 175 208 108 242
    67 0 137 249 0 0 118 231 106 15 233 0 221 255 147 177 244 0 58 21
    255 130 231 30 255 255 7 255 18 255 212 0 0 0 32 163 250 181 69 121
    146 255 255 175 112 143 255 0 217 65 0 190 90 255 255 179 0 153 255
    255 117 88 0 0 0 255 103 0 85 255 255 111 0 60 0 126 2 0 255 54 73
    235 255 24 255 1 0 0 255 255 203 68 255 239 0 0 255 0 0 0 97 0 48 0
    210 116 235 255 255 255 103 255 255 0 255 118 2 15 0 8 47 255 255
    137 255 111 239 255 213 36 133 0 240 255 0 246 255 47 255 17 255 69
    26 41 255 255 255 208 157 33 255 41 92 229 245 255 223 99 151 187
    115 215 0 128 46 161 255 70 23 42 255 0 201 142 5 108 217 118 0 255
    116 255 88 44 74 177 63 255 250 0 53 19 20 0 153 121 204 30 173 3
    135 29 27 255 16 182 255 133 205 197 5 10 46 170 0 0 255 0 113 0 130
    156 10 246 255 255 246 149 110 10 0 131 255 255 76 0 138 0 122 127
    55 64 251 0 17 114 212 0 170 61 68 123 228 77 33 188 147 90 255 252
    223 0 255 112 77 201 127 0 91 65 187 255 255 0 255 240 219 74 188 5
    29 242 19 118 45 4 0 163 212 255 8 14 0 255 255 64 0 255 255 255 3
    194 91 8 183 0 146 255 0 196 167 100 222 0 223 255 255 122 177 253
    21 178 67 114 50 30 101 127 202 147 214 0 255 255 51 3 50 255 0 45
    211 255 255 233 255 74 0 211 140 33 123 255 255 255 183 255 236 213
    255 0 0 255 0 0 255 115 0 255 255 4 78 17 255 172 212 129 0 219 0 6
    90 0 20 105 0 164 255 132 0 255 100 205 83 0 125 0 255 0 208 197 0
    73 100 0 198 146 255 0 54 255 49 254 202 0 62 80 57 255 221 106 75
    117 173 4 0 0 8 184 0 134 162 255 129 165 190 255 255 8 205 125 0
    255 196 233 158 153 255 0 160 255 135 90 0 0 64 127 0 124 113 0 255
    57 25 27 212 208 227 0 157 67 0 31 217 250 95 199 255 255 43 0 163
    242 103 118 149 115 120 185 82 255 78 230 142 138 46 199 18 152 253
    255 44 255 0 197 86 255 82 150 0 0 194 248 255 255 0 84 253 0 0 255
    255 0 0 255 165 81 255 0 255 192 144 29 255 0 255 233 255 255 1 255
    255 182 109 27 206 106 187 32 58 94 255 255 0 85 75 59 0 33 255 255
    195 0 255 255 138 41 0 0 87 255 255 139 68 255 0 255 0 65 149 82 173
    201 195 0 140 2 209 255 190 0 92 0 103 38 0 84 14 0 0 0 31 120 35 12
    255 48 6 255 0 0 255 0 255 255 246 139 88 0 226 60 255 0 255 116 203
    255 83 255 255 0 0 217 251 218 210 0 230 168 255 0 0 0 39 118 127 40
    0 255 221 53 206 155 0 161 255 182 127 248 255 137 0 56 208 171 0
    190 104 223 0 255 130 96 255 32 146 26 114 124 188 255 177 218 45 95
    0 250 101 0 255 0 255 15 226 255 251 231 101 30 194 201 210 255 0
    255 68 211 102 0 162 0 208 0 255 237 240 51 227 0 0 124 255 0 255 27
    0 218 224 206 158 197 191 0 212 255 20 40 84 161 0 8 39 255 187 109
    255 255 0 50 243 139 0 227 0 0 0 251 195 209 0 40 0 134 0 14 255 26
    135 20 182 17 51 162 183 47 8 0 255 77 0 26 255 255 255 255 0 251
    228 229 0 82 172 6 32 126 156 238 46 190 0 20 0 255 255 254 255 33
    50 37 0 0 237 0 110 142 102 103 155 72 91 0 232 213 171 48 7 104 80
    122 0 0 138 235 0 49 83 255 0 255 0 193 34 0 0 176 255 140 128 245
    180 154 215 53 0 255 255 53 206 255 97 255 9 218 0 43 208 0 74 61 0
    17 59 134 255 0 181 137 178 111 60 90 82 96 200 0 176 255 0 0 185
    255 128 81 255 188 68 255 67 57 78 255 28 69 168 25 218 133 54 255
    255 159 235 255 163 255 0 0 255 0 62 159 51 116 57 255 255 255 137 0
    104 0 0 0 0 255 246 181 137 11 124 83 156 118 167 255 255 0 187 255
    182 101 215 0 200 185 104 5 255 179 0 203 20 76 255 206 91 12 214 0
    57 146 0 43 137 255 250 95 255 85 41 164 150 104 65 0 255 95 236 0
    82 2 0 255 226 202 234 158 232 122 154 214 0 118 60 163 0 0 77 171
    15 141 0 128 254 48 255 255 188 147 84 255 122 255 0 87 237 87 255
    21 204 209 230 90 0 11 61 242 20 0 0 209 230 42 165 0 68 205 255 0
    29 255 97 96 101 255 237 0 23 59 31 88 169 194 59 89 115 174 197 255
    149 21 0 170 52 62 234 255 51 177 35 0 255 25 159 59 46 60 0 31 237
    241 177 129 0 211 232 250 17 213 239 0 156 217 255 255 0 255 0 136 0
    0 119 0 0 122 155 137 0 255 255 209 255 40 178 0 255 224 216 255 43
    244 115 50 3 255 82 135 60 255 0 200 255 2 255 218 0 178 182 18 0 0
    101 48 114 255 200 111 255 103 191 2 255 47 253 50 0 139 0 245 255 0
    131 255 126 255 255 255 0 0 180 196 0 0 255 17 235 220 55 107 0 130
    188 16 11 255 94 120 173 255 149 32 184 255 15 237 0 255 198 23 98
    255 32 0 120 255 255 98 255 35 0 245 68 255 239 144 0 154 44 161 0
    199 40 157 255 255 99 242 178 0 255 0 89 255 46 60 255 136 143 91
    138 75 0 255 38 0 141 0 62 255 200 170 231 255 182 214 231 244 19 0
    119 255 60 155 242 209 55 146 199 192 255 216 92 255 205 255 127 0
    142 16 0 0 0 132 255 180 8 255 255 0 202 254 211 44 39 35 128 133
    191 100 0 255 0 180 60 243 227 79 104 227 15 99 0 60 136 255 255 218
    255 255 211 0 59 255 255 17 94 208 103 255 88 255 43 153 7 93 23 255
    12 72 120 255 4 255 84 255 255 167 255 167 94 4 255 108 0 53 162 255
    39 157 106 0 255 255 178 200 194 255 143 255 249 57 104 237 255 69
    238 0 255 209 193 255 135 174 255 247 213 42 178 255 195 195 16 173
    148 52 255 239 0 40 101 0 13 255 0 136 19 81 253 97 0 69 0 255 84 0
    231 47 251 0 6 186 114 23 0 0 255 0 185 25 0 240 186 213 110 55 255
    255 0 0 133 0 0 64 91 45 255 0 160 9 134 242 252 195 207 106 102 243
    207 255 255 112 44 255 170 255 0 121 151 121 104 0 255 236 119 18
    235 169 119 255 35 0 98 174 235 139 79 165 255 0 0 255 255 216 181
    159 255 0 0 117 212 91 46 228 56 255 98 27 32 94 0 231 255 0 84 166
    0 202 143 120 97 146 251 27 165 247 255 106 255 255 255 255 55 78
    254 180 97 93 42 144 217 147 255 246 0 0 213 255 0 0 101 255 110 182
    255 0 117 195 0 26 37 31 57 91 185 0 255 244 255 255 58 255 226 19
    32 173 0 195 183 0 255 0 218 61 255 220 6 0 167 108 45 255 138 2 32
    255 0 157 225 255 148 103 230 252 0 255 0 0 16 255 0 0 67 232 221
    134 0 82 255 89 255 164 254 216 0 140 255 255 0 255 163 255 68 237 0
    255 0 58 255 255 255 244 17 255 0 95 255 177 0 0 0 71 255 121 255 0
    0 0 54 36 228 87 163 20 255 255 255 0 209 255 26 0 68 126 231 253
    246 49 255 14 0 0 194 255 0 72 83 67 0 255 0 125 255 0 241 15 104 20
    15 52 0 73 147 125 18 9 204 248 124 207 107 0 0 255 255 105 223 57
    255 136 144 215 242 0 255 0 255 255 0 199 13 240 53 158 11 255 0 148
    0 255 255 11 175 210 43 0 158 39 117 120 114 236 0 157 61 0 29 136
    38 0 41 0 218 79 255 255 162 164 0 216 233 238 18 0 6 113 47 118 0
    255 0 0 180 0 196 255 243 81 230 0 13 143 255 0 155 114 0 0 130 133
    0 0 213 43 238 39 255 0 42 135 37 233 137 251 243 109 251 86 12 255
    80 255 0 125 0 199 167 27 255 0 0 29 0 10 238 255 255 22 133 255 161
    255 90 0 216 255 91 59 255 4 0 59 197 0 135 152 0 42 19 168 241 0 0
    41 149 23 0 118 0 245 30 251 87 168 61 248 255 157 255 243 0 0 142
    255 70 162 255 10 166 200 159 255 255 64 92 237 255 186 255 255 188
    0 255 183 0 156 106 186 22 255 255 0 255 116 199 0 15 77 131 58 199
    68 190 208 0 0 195 255 221 171 205 109 172 208 255 255 145 255 4 2
    255 186 164 9 210 0 255 149 122 252 255 45 110 225 215 27 255 48 0
    252 145 148 76 161 10 255 80 10 255 143 183 125 0 0 178 197 40 255
    23 169 0 191 82 18 0 84 0 255 255 243 31 0 154 0 160 138 68 255 190
    0 105 230 33 0 255 125 0 119 223 22 106 128 22 255 152 0 127 75 138
    59 146 38 0 130 245 180 255 115 0 255 124 255 167 151 255 229 147 44
    184 95 255 93 237 196 255 0 219 255 0 72 0 109 243 178 255 46 0 6
    133 17 255 191 58 143 0 0 0 187 0 0 237 41 147 194 148 0 42 0 0 247
    255 178 255 255 255 211 0 253 73 255 46 0 95 107 136 0 73 126 62 246
    0 215 56 0 0 19 206 255 255 100 80 109 15 119 107 162 66 0 58 0 0
    236 185 0 151 0 0 255 134 159 255 255 215 0 180 242 46 255 124 0 145
    247 126 4 232 53 219 0 122 230 207 221 134 137 45 219 211 135 42 0
    43 185 135 144 4 150 6 0 15 3 155 0 243 174 172 162 0 249 193 0 56 0
    204 255 211 25 222 255 79 23 255 9 255 0 204 255 82 144 41 90 238 0
    255 111 2 255 255 59 89 63 48 24 56 255 55 86 137 86 255 18 180 29
    10 255 83 178 0 145 0 0 224 0 144 252 5 89 255 56 255 8 255 255 107
    255 171 218 134 255 0 39 45 63 174 255 31 255 106 175 64 83 118 211
    255 255 118 83 158 0 4 0 0 255 255 214 255 52 127 246 134 176 153 72
    1 140 141 116 154 147 255 18 201 170 144 140 59 234 255 173 172 140
    126 0 139 235 137 0 255 228 85 193 255 0 24 6 255 64 228 34 219 89
    101 255 255 45 113 255 130 18 255 212 37 252 211 124 0 218 33 0 0
    163 101 0 52 67 200 213 0 104 225 80 223 255 24 255 255 0 172 164 0
    48 239 0 187 255 47 255 212 109 194 53 154 0 255 113 255 137 248 87
    255 0 255 160 183 58 255 0 166 255 255 0 54 169 254 109 181 255 65
    248 0 203 159 255 255 111 63 255 0 8 179 255 159 225 0 36 70 0 0 255
    63 249 246 0 255 67 242 255 0 255 31 45 217 36 116 57 255 0 0 29 250
    0 84 115 234 24 255 231 0 255 192 0 140 61 0 99 197 44 42 41 255 112
    255 255 255 255 36 90 255 171 63 255 255 255 89 43 0 255 0 228 45
    255 163 4 224 0 60 0 0 255 0 0 111 255 238 31 188 215 153 255 39 73
    243 103 255 221 210 158 255 0 53 0 60 200 0 0 120 54 189 255 102 255
    7 75 255 49 245 0 29 162 3 182 254 205 229 218 34 205 255 159 76 15
    152 225 117 90 255 176 255 117 255 12 243 78 120 12 124 0 22 105 255
    172 204 167 27 0 103 45 0 0 107 181 140 114 151 70 212 0 0 136 162
    148 166 255 0 149 255 57 8 255 51 179 189 247 0 82 138 82 226 39 7
    20 255 134 0 4 146 6 9 20 199 0 255 0 108 2 191 255 255 255 0 255
    255 0 38 0 255 238 204 255 3 197 0 169 0 255 0 93 221 0 255 88 0 0 0
    26 253 236 0 29 0 33 255 206 143 170 170 30 0 55 110 255 23 208 255
    0 19 255 74 236 0 203 177 42 0 255 207 10 227 0 255 109 255 10 255
    106 0 157 61 90 69 49 3 196 8 3 15 176 62 219 125 242 194 186 147 0
    180 255 255 0 70 0 255 186 0 255 255 0 255 86 255 21 0 172 255 151
    153 170 207 157 0 99 5 0 165 211 15 255 0 204 147 62 224 0 255 0 54
    234 18 10 87 255 123 39 0 0 200 255 255 0 0 0 159 164 150 0 245 60
    56 233 95 204 241 152 19 84 40 0 67 255 0 0 0 8 255 255 148 16 63
    186 0 92 0 168 108 223 0 255 252 78 0 255 187 255 136 218 0 25 120
    209 255 153 82 103 32 120 174 33 44 0 255 160 112 70 80 0 100 212
    221 188 255 0 255 0 0 58 233 219 16 140 207 255 0 0 64 0 131 119 182
    0 182 82 255 0 117 255 0 255 45 185 255 64 213 255 0 241 255 41 38
    233 255 0 255 94 149 43 255 0 76 64 6 71 94 0 0 133 220 198 6 255 35
    83 80 0 241 25 61 0 213 217 0 88 216 0 63 26 252 116 0 0 214 0 0 255
    0 50 0 157 176 147 255 255 0 0 151 235 255 0 255 58 117 77 128 112
    255 3 223 0 22 0 255 255 0 240 234 36 74 147 0 255 0 255 211 188 63
    0 106 255 177 255 83 255 3 86 47 130 255 134 232 255 255 0 15 255
    255 0 170 222 51 255 0 195 60 0 185 106 76 0 255 103 173 174 137 87
    122 132 171 255 74 91 255 101 127 255 154 209 151 255 0 0 73 22 81
    255 116 194 159 58 255 13 234 223 129 255 62 72 193 0 124 0 0 255
    255 8 255 130 78 0 0 238 255 0 0 204 255 147 255 16 31 255 255 66 60
    255 146 255 16 59 74 182 38 253 199 133 25 50 229 161 67 95 255 253
    0 71 128 177 255 218 21 0 214 153 107 158 58 108 255 110 0 181 0 12
    27 217 60 225 65 155 0 241 3 255 148 228 0 208 192 255 95 255 255
    110 178 167 11 0 0 0 255 0 22 47 46 248 0 183 45 49 255 103 240 207
    0 218 0 255 0 224 182 7 7 109 115 182 255 0 255 109 0 0 255 0 199 0
    255 251 251 154 108 168 0 0 208 0 35 178 74 93 255 127 255 209 0 255
    0 255 130 37 0 0 0 0 177 244 138 0 232 255 0 44 73 51 190 45 255 122
    153 155 69 0 252 150 116 112 105 36 0 84 161 118 0 152 102 191 0 7
    255 255 97 237 255 64 0 17 255 51 255 85 255 103 154 220 131 159 11
    232 118 20 0 0 170 9 0 255 132 155 209 166 117 255 173 255 222 0 205
    9 0 0 155 229 211 123 68 217 255 36 255 152 100 195 232 110 59 6 255
    0 228 0 255 182 175 255 53 0 81 255 0 184 0 161 3 255 20 214 86 225
    0 255 0 240 255 193 24 0 0 1 251 0 209 255 159 167 255 37 255 0 0
    235 24 34 175 255 255 176 143 255 142 166 0 77 8 72 0 134 185 102 3
    221 205 255 208 207 113 0 0 162 0 65 5 0 255 0 22 253 0 119 219 197
    71 218 230 43 255 146 255 255 0 255 246 68 96 75 109 52 242 18 0 255
    255 111 225 255 219 25 0 117 255 0 115 73 80 252 120 0 149 255 0 7
    193 114 203 0 165 255 47 255 79 90 195 128 167 0 141 25 107 213 110
    54 90 242 128 94 255 59 153 17 236 0 0 0 108 83 255 0 67 0 227 255 0
    209 0 133 101 27 95 159 255 178 106 255 122 0 75 144 211 0 5 255 90
    187 162 185 0 11 218 0 52 123 36 31 255 106 255 254 255 0 255 33 21
    153 255 162 255 255 0 0 253 0 244 5 207 253 255 255 255 255 14 33
    132 234 0 255 0 255 255 255 42 36 255 255 116 0 105 97 1 43 162 250
    159 255 0 168 32 53 174 176 242 255 242 202 114 0 0 0 115 0 52 10 62
    231 0 255 0 240 109 255 255 255 0 235 255 199 34 255 13 0 129 255 0
    255 185 145 112 5 35 161 0 255 208 255 0 179 87 255 48 142 25 0 157
    158 28 244 130 0 0 60 0 96 0 119 139 85 0 255 0 95 204 149 124 81
    255 255 255 211 51 246 0 254 218 50 101 234 183 132 144 200 134 157
    140 103 49 83 3 154 0 100 252 61 48 33 0 68 121 255 93 0 54 173 97
    151 241 250 0 255 62 248 255 173 21 188 199 115 255 68 209 255 255
    255 63 255 165 255 255 7 255 195 177 0 181 255 255 91 241 255 255
    110 193 117 0 97 174 151 17 36 238 230 55 30 89 191 11 128 140 81 0
    45 255 244 18 41 177 255 254 31 165 244 255 255 0 107 30 0 124 122
    209 247 0 241 108 156 255 0 255 21 186 14 8 0 255 1 255 233 255 208
    91 191 131 255 214 144 73 0 255 0 245 255 79 128 255 131 0 173 67 0
    62 255 0 0 231 255 173 255 213 162 0 27 140 158 46 118 24 87 184 200
    240 132 255 0 220 255 9 0 181 0 16 53 106 194 0 59 255 233 0 0 0 255
    29 189 242 52 57 156 255 25 230 142 0 255 0 120 147 0 26 255 0 0 0
    193 237 0 255 255 8 0 0 240 50 0 255 37 0 0 32 200 191 85 255 255
    169 255 78 255 87 255 255 246 59 56 0 201 41 219 255 255 234 255 255
    255 150 168 172 90 11 7 9 255 255 116 158 152 197 151 0 255 255 146
    179 255 40 255 255 198 91 225 0 122 96 255 77 17 205 0 2 68 226 69
    255 158 0 238 0 255 141 31 6 0 255 0 122 255 95 33 100 0 86 238 177
    59 87 141 90 75 10 255 133 0 120 0 199 190 0 0 0 121 220 0 129 0 54
    0 0 255 223 32 255 249 184 87 57 222 52 0 0 195 139 0 222 66 49 59
    68 223 87 255 43 132 0 0 255 248 8 199 177 144 44 27 255 20 0 213 34
    123 76 11 206 41 255 100 29 0 255 194 243 217 59 93 255 255 0 0 207
    232 0 212 65 83 255 27 96 255 19 0 255 0 141 255 168 49 255 34 255
    169 77 164 0 0 157 255 0 250 134 228 124 253 219 86 0 115 24 227 0
    141 236 246 226 255 0 0 201 74 255 255 174 255 255 74 209 0 123 255
    251 196 203 171 0 0 239 0 51 83 194 255 155 255 144 0 159 30 23 0 0
    153 19 32 126 45 233 0 157 195 126 0 255 255 243 225 0 98 215 0 161
    188 0 66 220 49 255 18 196 255 133 9 98 0 43 255 255 255 221 255 58
    0 106 121 193 0 222 255 40 212 0 222 143 174 255 94 234 120 110 160
    148 255 0 134 255 128 247 0 0 234 62 37 123 78 0 255 137 0 144 88 39
    21 219 255 0 173 162 88 151 81 255 108 240 255 182 114 33 255 84 0
    98 255 253 0 119 0 85 241 254 27 41 126 0 255 255 7 239 120 74 234 5
    255 215 1 2 255 0 0 0 113 40 0 64 255 0 100 231 255 255 10 0 56 219
    190 116 255 255 255 0 122 49 138 89 162 255 0 225 255 29 255 255 0
    210 255 64 142 255 255 16 69 255 79 255 255 198 255 31 7 250 0 255
    27 0 255 64 223 32 255 0 0 122 161 26 210 214 1 98 195 31 0 10 255
    124 247 255 190 235 59 255 255 156 19 105 255 176 0 255 255 211 249
    237 255 142 0 253 231 255 255 0 104 0 255 255 201 214 16 111 255 214
    253 249 129 255 219 130 148 92 0 0 60 0 255 0 80 255 86 141 255 135
    91 210 220 0 0 255 255 117 178 21 82 255 105 0 255 255 183 0 32 255
    194 255 53 0 197 166 220 236 93 0 101 255 0 38 0 0 255 0 0 255 0 27
    234 0 10 255 198 255 52 0 255 255 30 252 255 0 198 206 255 211 106
    203 167 0 82 74 0 88 22 74 95 118 0 154 255 235 255 0 170 255 206 85
    85 114 88 10 0 31 239 196 255 10 151 0 77 236 255 255 0 175 0 255 10
    104 46 0 252 0 0 0 216 243 32 255 66 0 62 255 0 218 255 0 219 173
    141 249 0 163 22 89 24 0 195 172 81 0 83 127 157 0 255 175 217 179
    130 39 255 46 255 56 0 75 233 72 0 0 190 255 0 18 110 0 75 74 149 22
    255 230 0 141 2 152 80 210 174 239 33 0 255 255 255 227 28 0 167 255
    90 255 107 52 255 249 42 95 229 0 71 255 127 255 160 187 0 2 21 0 97
    8 107 255 255 153 116 255 0 115 121 243 101 123 0 255 156 0 227 255
    255 17 255 255 157 83 255 42 204 228 255 255 255 144 255 255 153 0 0
    206 188 156 0 140 180 1 238 255 226 64 241 198 15 6 0 213 0 255 0 59
    135 148 255 233 116 171 140 0 239 123 127 0 195 5 32 207 121 250 117
    48 255 7 63 143 9 0 123 212 0 194 24 65 184 20 151 67 255 122 87 211
    78 255 125 244 126 53 255 0 255 255 255 218 122 198 198 175 255 134
    79 181 191 0 255 140 107 255 19 240 255 0 0 60 255 81 13 168 255 0 0
    255 255 0 0 157 208 201 255 0 140 222 207 117 152 0 255 22 169 209
    17 108 72 207 235 229 243 0 65 0 255 0 0 9 176 200 255 255 238 172 0
    59 255 0 0 192 208 26 163 55 255 0 78 255 69 241 0 255 7 255 110 5
    255 255 159 17 0 112 255 144 89 38 0 0 78 0 10 100 0 43 255 104 135
    204 122 0 73 0 255 93 152 255 0 0 68 200 49 144 29 1 0 0 101 252 0
    180 153 0 9 243 144 237 40 182 255 0 108 226 24 78 255 255 171 104
    154 242 196 95 255 255 150 76 148 57 86 53 181 126 255 142 255 0 160
    137 103 0 141 30 0 242 0 251 255 44 255 255 0 178 255 141 43 0 153
    255 183 155 255 74 164 0 33 56 0 255 86 255 193 231 0 46 255 115 137
    255 10 0 0 65 255 0 200 199 169 218 255 121 37 73 13 0 0 0 250 156
    110 133 255 224 186 255 85 27 0 139 73 255 0 251 0 190 217 0 26 0
    126 182 154 73 4 255 194 255 0 0 0 255 84 0 255 67 255 0 30 255 0
    255 29 255 17 0 162 49 120 0 159 252 0 174 106 232 0 253 61 255 177
    255 255 153 241 26 14 16 212 0 255 131 255 46 237 0 255 161 191 28 0
    0 255 67 36 123 60 4 86 100 31 248 0 245 6 255 250 67 117 236 243
    113 195 255 213 208 224 255 255 157 215 0 214 0 0 118 255 0 46 255
    116 131 156 178 122 185 193 155 55 56 51 174 28 212 108 188 39 255
    52 0 255 0 200 109 0 0 168 0 83 255 117 0 197 163 33 0 0 255 255 240
    185 86 255 11 124 249 108 255 210 30 140 68 244 30 247 33 0 189 84
    129 0 10 166 255 68 107 240 255 39 255 0 34 81 255 162 174 82 240
    249 15 248 115 50 130 91 0 97 255 0 127 0 75 137 52 228 191 10 20
    105 0 45 126 111 154 74 0 255 146 0 255 113 82 120 255 71 255 255 0
    61 14 255 0 96 140 65 174 16 255 200 125 105 182 175 153 236 25 10 0
    0 0 0 0 80 28 255 255 206 2 242 85 230 0 11 79 255 40 0 227 214 168
    0 0 185 93 64 0 0 128 184 228 22 198 155 22 255 253 11 0 0 160 195
    173 31 0 126 181 0 0 201 0 255 22 32 245 255 255 255 255 0 53 225 88
    25 234 8 109 14 28 173 0 255 255 66 255 66 121 194 132 255 26 43 255
    0 0 166 243 160 0 29 231 119 143 89 61 0 32 255 230 149 255 214 255
    156 0 0 255 0 255 255 203 186 255 105 87 135 73 255 109 255 157 30
    81 0 113 109 160 176 247 255 201 255 0 32 0 34 230 255 255 0 255 246
    211 5 246 13 245 123 255 0 177 143 241 99 0 0 215 30 14 255 53 51
    255 0 0 0 0 143 206 119 255 143 0 65 255 203 0 225 119 84 255 120
    121 234 255 148 67 133 255 255 0 227 28 0 3 36 23 108 163 201 237
    252 75 196 124 255 90 102 60 0 0 144 255 102 0 149 0 255 0 144 234 0
    255 0 2 113 255 182 75 255 125 35 1 13 0 42 60 255 0 255 27 0 255 88
    255 0 255 44 62 235 126 0 0 68 0 0 153 204 123 255 205 14 58 107 254
    117 0 0 255 105 143 44 255 176 68 146 128 246 118 243 255 191 109
    239 52 0 255 169 107 155 182 255 175 189 0 239 205 57 255 255 255 0
    140 48 0 135 14 0 65 208 186 0 241 0 0 239 144 0 108 255 0 255 91 0
    208 193 0 255 255 133 156 80 160 255 231 0 0 150 251 121 255 0 255
    65 42 162 0 19 0 226 77 175 243 156 139 158 175 20 255 255 187 255
    77 248 73 63 255 255 255 255 0 0 18 0 81 215 100 134 0 100 255 16 6
    50 255 87 255 230 255 0 248 232 75 253 82 75 160 194 255 0 110 217
    18 0 141 240 255 0 0 255 0 55 59 62 0 47 0 67 245 206 0 0 249 48 0
    128 0 39 198 5 152 184 27 103 0 16 219 0 107 2 0 234 82 206 197 235
    160 0 116 11 255 213 176 152 18 0 194 62 196 255 140 122 195 255 10
    69 124 0 233 104 255 255 255 255 248 255 255 170 211 166 255 201 206
    198 237 0 223 255 55 232 138 37 0 234 146 175 140 64 249 57 26 139
    214 83 255 181 0 255 18 243 0 184 82 227 0 255 117 0 153 109 0 186
    91 83 100 205 0 77 0 255 255 241 95 255 52 235 0 255 0 233 71 179 0
    0 248 81 232 0 177 0 72 35 0 180 250 0 94 160 115 0 0 0 132 0 206
    178 0 99 103 66 69 219 127 191 126 0 158 0 130 0 30 255 117 239 37
    226 207 76 74 0 255 78 103 255 84 80 255 224 109 0 39 184 210 0 255
    0 226 255 255 230 237 72 0 133 255 164 0 255 179 188 219 255 0 36
    123 0 85 87 192 162 0 126 0 104 255 219 25 0 255 134 71 0 0 0 32 105
    0 229 0 0 146 225 156 145 234 255 255 30 133 139 246 104 255 185 72
    81 255 233 84 255 226 225 49 255 0 65 49 98 0 98 0 0 157 0 176 0 138
    0 25 0 88 198 255 0 120 173 250 255 105 44 139 0 255 141 30 146 44
    79 94 120 0 217 255 213 225 125 0 121 138 52 133 168 0 139 18 196
    210 106 0 170 17 255 227 0 72 99 255 240 13 138 58 225 218 255 224
    143 120 0 47 192 121 66 230 194 165 75 139 255 255 255 0 22 186 154
    167 116 205 22 138 92 255 0 241 115 202 221 58 23 20 230 0 135 48 0
    65 255 142 255 0 216 255 0 0 173 24 255 0 159 255 85 255 96 255 237
    60 180 243 255 0 161 73 25 104 130 147 247 169 137 249 255 2 220 0
    68 178 71 34 255 255 255 255 190 33 34 255 143 175 0 0 197 92 106
    255 30 205 187 0 255 0 214 241 0 10 180 59 30 255 215 131 213 255 66
    255 92 255 255 255 255 29 165 143 248 0 34 255 148 236 196 132 255
    42 255 3 175 0 197 162 238 71 54 128 47 0 57 0 255 139 167 0 255 0
    197 193 249 0 0 255 0 220 0 0 122 0 255 183 117 228 0 64 0 253 48
    229 139 255 177 130 70 248 255 28 103 0 132 113 255 255 255 148 239
    104 0 120 147 174 255 0 236 39 203 103 156 92 16 255 39 123 0 82 200
    129 255 126 69 162 172 198 138 37 159 223 255 187 137 76 119 99 247
    245 255 106 143 63 89 143 254 81 0 26 219 116 197 0 0 255 100 255 0
    255 165 114 255 86 255 71 129 255 255 0 0 75 158 0 187 255 165 0 0
    140 0 0 142 132 0 0 150 255 0 30 194 0 195 0 45 255 157 46 107 166
    216 17 158 232 17 0 250 183 255 0 83 255 0 255 255 216 38 108 0 255
    255 9 35 126 255 255 255 205 255 255 0 0 116 121 131 255 159 157 0
    167 255 54 190 255 255 255 98 88 193 43 178 242 95 237 255 255 227
    255 180 83 20 27 99 0 255 255 114 101 214 38 0 201 103 39 0 76 255
    166 177 255 1 147 255 255 255 213 255 255 73 214 173 255 16 202 106
    4 72 137 97 0 0 199 85 0 0 0 255 0 27 199 255 0 2 187 102 255 87 214
    64 28 17 212 187 40 255 0 255 86 0 96 255 69 159 1 37 199 118 255 0
    0 255 179 0 255 0 189 0 136 0 255 0 0 78 0 255 245 50 255 124 0 240
    179 163 214 237 32 255 239 223 153 238 255 255 221 255 0 124 200 113
    0 255 255 255 36 0 36 39 255 19 0 33 87 186 195 224 0 179 108 24 92
    255 0 53 231 216 171 14 161 12 255 117 128 174 5 108 14 149 213 0
    135 194 117 93 181 0 53 66 255 0 209 73 239 142 41 160 169 255 110
    125 112 255 94 6 197 255 0 255 255 0 241 132 78 184 0 166 255 23 139
    109 238 0 147 59 0 46 0 253 52 0 255 54 233 0 82 246 233 2 0 255 183
    0 40 187 255 0 171 219 255 255 122 231 147 84 250 26 255 87 103 111
    255 255 0 83 176 49 75 23 0 255 124 224 0 84 255 255 177 52 234 221
    82 0 137 72 255 36 86 128 185 141 139 0 0 209 125 0 210 95 241 240
    26 168 161 187 255 255 75 255 0 9 0 49 182 42 212 99 105 0 173 255
    206 0 0 67 0 50 255 255 255 243 62 75 0 71 255 255 255 65 188 255
    255 214 162 0 47 31 215 35 201 126 0 192 0 246 181 240 127 198 173
    255 168 255 255 30 155 99 44 255 255 255 194 189 0 0 0 0 14 0 145 18
    255 248 255 201 255 255 247 46 183 255 255 62 229 0 14 132 92 0 0 82
    0 211 188 255 199 195 37 66 233 87 255 118 180 255 197 223 255 255 0
    61 35 0 46 0 255 149 0 155 0 60 0 97 33 41 89 117 154 185 0 38 0 146
    0 171 36 19 166 224 0 99 0 111 118 0 148 137 255 255 255 142 255 2
    176 226 185 241 176 119 86 103 191 0 116 115 145 0 177 255 255 98
    207 196 255 241 255 0 0 102 177 224 0 45 255 40 255 35 0 253 0 204
    248 0 191 255 68 255 164 173 0 255 34 223 0 195 242 116 227 249 255
    198 235 0 236 255 255 0 3 121 124 254 255 237 21 114 73 93 255 241
    234 235 11 255 204 7 255 255 163 206 25 103 255 151 0 1 255 13 255
    255 0 125 250 255 13 177 4 255 0 58 216 255 95 255 163 255 163 152
    130 255 252 0 81 98 221 0 183 8 215 255 15 229 32 239 255 0 0 0 56
    185 0 193 0 255 116 255 252 255 0 198 52 0 0 0 154 255 214 97 53 0
    180 127 0 116 169 174 186 0 238 23 48 255 94 166 89 170 0 92 255 255
    0 0 100 255 61 130 68 143 0 39 255 166 222 119 57 0 255 51 54 234 24
    0 132 152 66 255 255 243 57 94 0 235 255 246 59 214 58 0 255 41 219
    255 65 238 21 255 255 75 53 249 67 255 141 245 92 0 151 192 158 255
    0 235 255 61 142 0 207 13 101 46 136 241 255 208 0 255 231 214 191
    125 195 0 77 255 0 55 221 42 0 190 0 177 0 255 255 110 147 255 0 38
    255 0 74 109 176 255 2 129 0 0 209 137 40 192 99 115 255 255 143 247
    0 0 243 0 45 219 38 155 92 197 255 0 40 108 0 67 0 33 41 254 255 2
    170 161 0 0 178 253 88 238 255 111 8 50 167 0 122 255 191 255 157
    156 51 76 255 0 71 173 169 204 112 149 168 135 37 117 13 0 182 0 0
    42 0 122 167 110 80 142 55 0 137 0 57 244 147 255 0 255 160 255 255
    0 255 255 255 86 183 12 91 75 102 0 255 87 255 3 25 226 164 206 211
    255 111 255 0 142 150 68 0 140 255 0 160 158 213 52 237 184 184 121
    255 157 255 255 26 255 61 39 250 233 155 255 23 255 2 255 193 0 0 36
    0 115 78 239 119 0 255 70 167 255 200 181 119 28 113 255 0 0 255 44
    51 125 0 255 255 0 178 255 26 255 197 255 255 14 0 0 216 255 172 181
    255 36 255 109 216 64 20 239 255 23 208 173 230 39 132 151 166 102
    255 53 23 56 255 142 68 0 235 0 148 0 242 151 141 78 38 1 255 27 0
    255 255 143 239 248 2 245 0 0 0 29 255 99 186 203 133 240 43 252 220
    255 201 234 0 241 113 111 129 255 255 86 61 17 213 0 227 10 42 240 0
    0 201 41 168 232 114 104 74 1 210 48 255 255 255 247 255 0 0 202 33
    122 0 119 74 0 0 172 255 54 88 0 34 0 139 231 255 222 255 255 43 122
    22 0 255 16 107 222 79 81 255 253 255 255 7 255 184 57 255 255 255
    255 0 52 255 3 18 183 32 0 0 199 255 255 43 240 125 9 255 113 0 186
    255 144 255 44 203 230 134 126 65 233 54 0 169 134 90 255 70 122 0 0
    153 194 255 23 164 191 255 0 131 86 233 0 20 21 113 0 0 255 7 247 0
    241 148 36 120 59 149 102 182 255 27 215 255 0 166 0 0 57 181 46 5 0
    31 39 255 47 246 255 33 36 89 41 84 126 207 0 0 119 135 189 255 210
    0 255 255 116 0 85 255 163 0 238 0 255 0 165 0 246 217 214 8 63 151
    255 227 219 193 0 0 23 176 255 0 61 19 62 255 210 0 0 131 53 211 133
    132 0 248 0 0 1 7 159 0 75 112 247 0 100 135 140 143 140 199 241 55
    255 255 233 44 0 185 0 0 30 207 187 255 210 240 169 113 202 0 195 57
    0 226 0 255 66 132 130 238 0 255 243 21 0 87 0 0 123 17 255 204 255
    155 255 255 160 255 33 219 255 0 0 12 0 108 28 0 153 53 0 163 0 154
    255 0 255 250 0 255 5 37 173 0 122 0 63 9 129 37 198 96 112 37 21 0
    255 0 224 0 180 255 0 243 0 78 106 29 233 230 73 133 144 183 200 255
    61 22 113 255 176 180 13 62 111 0 66 67 113 126 250 119 0 62 116 238
    255 255 0 241 242 107 255 31 0 64 0 24 0 156 163 28 32 255 217 255
    168 44 212 246 178 63 67 101 181 169 161 216 0 153 255 13 0 95 0 0
    18 16 209 58 137 105 255 57 255 246 255 199 0 205 255 0 216 222 255
    255 123 223 115 13 249 234 137 0 49 121 79 109 255 47 0 255 253 71
    200 111 255 252 255 0 180 173 39 48 16 0 0 0 0 0 241 120 160 0 255
    14 255 255 255 255 0 68 192 255 0 201 149 251 0 0 0 0 172 0 160 206
    43 170 255 255 255 9 146 176 185 0 103 255 198 74 122 148 141 28 0
    255 226 142 0 179 255 0 155 0 0 0 168 84 255 26 255 247 133 198 64
    255 255 0 0 64 68 44 180 0 30 240 57 94 100 54 0 196 146 151 255 166
    72 0 221 255 27 197 255 61 239 37 158 136 255 189 93 56 201 0 182 33
    24 255 255 0 101 255 255 241 196 255 255 86 0 255 72 48 65 112 255 0
    79 80 86 87 255 189 0 255 85 255 0 52 88 49 53 47 255 120 27 255 216
    225 148 0 187 103 25 237 0 217 37 255 255 83 49 255 0 0 44 99 0 0
    237 0 255 219 194 189 248 255 125 255 0 255 255 99 248 0 251 239 0
    44 72 255 0 137 170 161 61 237 0 0 255 0 192 3 140 195 255 85 87 40
    5 0 32 225 175 175 167 255 102 96 0 197 147 191 0 0 0 12 124 255 0
    139 32 255 255 133 0 50 163 156 0 176 255 255 225 113 255 255 132 0
    157 187 246 79 0 44 107 100 0 32 16 255 169 37 228 19 0 233 217 52
    145 0 0 166 0 87 255 56 0 0 234 255 101 0 255 0 226 255 26 255 126
    152 197 0 152 13 210 255 52 61 104 135 0 89 255 64 157 255 156 153
    208 255 115 34 102 160 0 52 0 0 0 0 0 255 141 255 0 152 30 255 33
    117 255 238 255 255 255 103 25 245 134 0 255 235 10 144 206 79 192
    255 255 255 255 255 0 255 210 0 103 255 250 0 0 126 123 82 200 240
    255 162 22 0 98 255 243 56 0 26 87 0 212 194 228 96 95 0 255 0 51
    196 0 233 25 18 153 0 232 149 0 109 0 255 146 34 255 254 99 116 176
    17 60 255 61 0 49 255 243 67 30 80 255 154 255 201 0 255 6 137 25
    255 255 89 81 49 96 52 219 0 0 255 214 229 134 255 135 11 77 202 255
    196 206 255 255 255 51 154 243 242 56 255 255 107 255 63 1 0 0 35
    102 255 110 25 255 54 107 255 148 135 0 182 159 0 233 0 137 0 62 255
    1 240 0 87 0 0 112 0 0 79 255 255 255 0 255 149 244 150 255 132 13 0
    247 0 119 255 255 172 49 104 255 130 0 255 0 255 138 255 0 0 73 184
    160 105 169 160 55 255 149 255 255 163 77 97 0 187 255 173 208 179 0
    0 0 255 0 107 0 128 163 160 0 109 154 0 0 250 255 255 174 165 0 94
    177 255 255 255 0 255 246 179 67 216 21 0 255 171 255 67 192 0 2 66
    0 255 38 0 0 91 0 30 89 51 39 255 46 233 0 255 128 176 194 0 89 204
    57 0 43 255 255 0 29 0 174 114 182 195 140 109 37 165 8 255 2 9 55
    158 158 255 166 116 255 192 160 197 0 92 94 0 0 0 197 255 20 211 255
    8 160 52 192 0 40 163 232 157 123 128 243 0 199 255 46 0 0 255 0 5
    156 208 0 212 0 96 0 128 186 214 146 132 108 86 95 115 208 32 0 255
    255 113 139 0 118 141 255 87 40 255 255 255 0 114 196 124 255 246 89
    19 7 0 0 29 255 0 236 24 236 125 0 255 0 3 255 224 38 236 0 163 5
    160 0 255 255 144 9 255 55 208 255 255 215 112 235 93 0 43 18 61 255
    0 0 220 255 0 196 219 255 50 165 0 129 190 119 94 255 255 89 255 249
    100 7 84 115 255 134 195 246 255 29 0 56 255 123 0 118 255 255 83 49
    255 227 135 255 255 23 0 0 156 255 101 92 31 4 0 255 115 0 255 0 0
    255 98 234 138 0 154 13 123 87 0 182 255 144 255 166 173 255 255 122
    117 213 136 255 0 0 255 0 26 203 194 255 0 102 3 240 239 106 255 78
    160 118 167 125 0 151 43 4 1 173 209 28 0 86 68 0 0 255 112 0 165
    154 244 189 32 255 255 66 255 5 87 0 25 255 255 255 47 0 14 255 0 0
    255 200 0 225 241 184 224 255 255 23 216 143 238 255 223 22 0 11 0
    255 77 203 244 49 202 187 0 31 255 255 255 154 134 255 0 54 255 59 0
    171 76 0 188 255 0 0 237 133 99 114 242 255 174 49 211 124 255 124
    15 16 255 215 208 74 127 0 122 0 138 0 25 0 34 202 0 0 133 255 90 17
    176 0 99 134 217 123 222 0 8 194 66 80 237 79 255 255 61 190 127 0 8
    25 112 8 101 144 255 20 232 118 255 119 175 187 0 255 178 190 0 0
    213 0 174 31 0 87 0 0 146 255 255 255 255 45 241 203 0 159 73 255 16
    97 255 0 255 6 67 114 88 245 6 62 97 226 0 34 246 7 255 170 70 177
    12 237 0 0 203 128 98 169 105 255 201 219 59 78 0 0 18 206 0 255 255
    133 120 122 0 135 255 131 255 139 0 183 50 90 238 255 255 4 86 50 69
    14 52 95 28 255 0 247 70 189 0 0 221 73 67 255 0 94 246 198 168 145
    9 6 0 0 189 43 0 97 255 183 77 255 7 2 255 26 27 195 0 255 255 124
    106 30 255 7 64 84 255 80 255 252 0 58 62 0 134 0 255 0 0 0 131 105
    0 0 0 255 0 223 216 49 0 222 3 0 33 146 177 225 52 0 89 210 0 240 0
    94 14 82 239 26 220 94 194 11 73 255 186 109 112 0 144 0 133 255 255
    255 138 255 255 129 0 205 36 250 0 0 252 0 255 48 67 208 16 14 31
    255 35 210 255 255 48 0 0 1 255 255 242 204 161 255 255 118 255 0
    158 108 0 64 124 231 203 255 178 166 103 20 0 233 255 42 20 178 0 99
    255 27 255 59 255 163 25 215 82 193 49 4 164 160 9 0 14 0 0 144 255
    22 189 77 0 214 10 234 151 218 255 36 199 188 255 0 0 0 190 0 0 172
    82 0 164 47 26 255 156 255 33 55 4 0 17 26 103 0 0 247 47 255 81 255
    198 0 255 219 134 163 158 195 149 53 53 183 122 188 0 255 181 255
    255 0 96 154 112 88 135 0 142 255 35 255 30 194 255 66 255 0 24 0
    255 42 255 255 180 67 252 61 177 0 6 255 0 147 255 155 255 0 255 0
    137 255 247 7 145 0 92 0 229 0 0 255 255 255 114 255 230 240 21 0 62
    47 212 174 255 0 2 41 215 109 27 109 156 118 7 247 255 255 81 193
    230 0 69 255 48 181 224 157 148 187 255 119 0 0 151 227 248 245 52 0
    121 157 255 184 29 255 255 76 255 145 3 255 184 186 255 5 255 33 180
    92 195 0 87 0 202 0 0 255 0 255 255 252 169 168 255 230 169 255 0 0
    22 81 136 255 11 0 0 0 148 0 0 203 113 89 26 231 33 255 128 189 237
    0 169 255 202 13 235 77 255 255 77 0 95 0 255 0 185 255 179 0 57 0 0
    100 18 144 160 79 25 0 190 255 126 24 255 0 0 255 0 244 216 255 255
    100 73 255 163 193 255 0 60 22 0 214 255 62 246 157 0 239 136 0 0
    196 122 9 0 255 102 0 201 255 197 0 37 36 255 99 119 156 255 255 202
    255 255 143 240 0 141 112 69 255 254 126 0 16 118 163 0 0 255 0 49
    30 171 70 128 0 84 180 201 0 93 238 227 255 227 241 175 255 0 0 255
    100 179 175 198 0 75 255 220 255 255 61 0 255 173 124 197 255 48 52
    0 0 63 136 0 14 248 255 184 115 113 118 32 0 156 152 20 0 104 228
    128 4 0 147 227 93 0 255 255 255 75 229 106 255 158 86 52 255 255
    254 0 255 205 255 9 0 167 103 195 190 0 255 93 56 145 111 255 111 62
    19 0 120 121 156 0 180 143 182 167 97 255 236 12 180 183 195 0 0 0
    157 255 44 255 40 126 220 142 137 255 67 0 255 11 102 248 167 148
    255 12 3 217 27 102 56 249 228 255 255 116 255 123 194 69 0 229 18 0
    46 0 0 158 255 127 165 255 16 0 6 21 255 0 0 155 241 130 8 75 148
    183 142 109 27 0 0 0 114 0 0 0 236 51 38 0 244 255 146 240 255 33
    255 222 0 255 74 255 178 0 106 37 0 150 176 111 255 0 232 0 222 255
    118 158 81 57 31 204 255 34 90 255 230 0 0 102 178 185 255 0 114 0 0
    50 194 14 199 188 8 255 189 21 255 3 217 255 156 113 76 104 29 255
    143 255 115 209 255 213 37 8 48 155 193 131 241 255 193 0 181 5 238
    145 133 49 0 251 94 126 0 255 107 196 117 234 142 41 0 0 236 209 8
    95 0 129 93 19 255 0 13 221 134 0 82 43 0 115 249 255 96 255 184 169
    221 0 40 255 252 40 0 246 173 0 204 76 255 163 255 243 99 134 247
    255 244 19 255 0 23 80 138 255 229 120 0 255 0 94 0 168 0 255 0 0
    255 203 81 23 255 0 233 250 163 255 17 91 80 0 137 9 0 233 88 56 18
    156 121 254 0 255 17 126 126 123 47 15 79 255 24 248 0 255 166 98
    226 116 233 195 135 24 255 0 199 0 74 29 126 129 217 195 255 90 76
    42 0 80 159 79 162 148 3 71 0 51 207 0 23 0 226 0 203 61 35 255 172
    67 0 180 85 58 100 171 211 17 255 45 35 126 95 58 121 62 255 133 0
    133 0 0 243 0 37 0 255 233 42 20 186 230 24 22 255 0 139 45 63 194 0
    211 180 156 255 0 51 0 4 93 191 0 219 48 0 255 167 0 23 0 153 207 37
    0 219 161 94 162 149 69 58 232 244 0 20 65 145 255 197 114 255 108
    14 248 0 231 0 146 63 187 0 0 156 8 114 227 126 84 75 0 202 3 236 4
    54 176 255 255 194 44 255 83 255 0 47 242 255 15 0 32 187 168 222
    117 0 255 77 0 255 255 0 74 0 120 59 0 176 147 255 255 0 145 255 6
    255 0 0 215 8 128 0 64 45 189 0 0 79 98 59 255 237 255 0 255 149 106
    0 222 0 98 172 6 195 0 58 123 117 0 0 49 250 46 104 255 255 0 100
    255 57 17 199 148 155 69 255 50 127 152 226 255 0 206 0 244 172 0
    189 27 225 255 144 157 107 0 131 255 0 223 254 255 207 118 76 45 141
    243 255 92 125 0 74 214 255 39 152 88 0 14 74 255 0 225 255 192 147
    75 209 89 255 253 0 195 0 0 0 255 0 111 147 255 201 84 227 70 153 12
    129 27 142 255 125 109 95 49 16 0 19 10 171 0 255 145 213 204 52 115
    255 0 140 255 107 35 255 5 0 33 136 127 169 241 127 44 255 0 68 167
    55 121 44 155 0 255 0 0 207 0 107 255 123 33 237 89 0 0 100 255 164
    81 195 176 255 201 34 77 126 212 165 0 0 26 153 255 255 18 47 9 123
    255 90 233 0 184 0 195 72 146 197 25 61 0 222 0 134 55 86 28 110 49
    203 178 255 187 145 102 68 189 111 101 0 255 94 186 223 106 223 0 68
    54 55 0 176 160 21 49 105 78 53 255 255 0 48 255 32 49 149 0 152 94
    234 0 223 64 154 183 0 0 66 5 0 255 132 135 77 94 0 255 97 230 0 0
    121 80 30 253 156 90 244 255 203 0 86 255 0 0 39 190 134 74 157 255
    52 192 0 72 0 0 255 21 255 223 0 255 220 0 252 40 0 138 98 0 0 255 0
    255 11 174 84 0 57 124 255 248 255 88 255 204 233 188 40 255 160 241
    255 69 0 255 39 99 0 14 249 196 2 154 255 221 213 136 91 255 203 0 3
    251 0 0 237 82 229 37 0 57 95 255 255 165 186 10 156 16 170 243 243
    0 5 255 236 255 85 217 167 130 195 84 223 0 0 217 39 150 0 35 175
    255 61 228 196 0 2 0 103 147 255 133 255 208 227 51 0 121 0 0 219
    255 130 255 0 247 251 0 0 18 180 0 255 255 156 13 11 57 15 187 4 255
    95 68 237 205 39 7 204 32 104 255 0 40 124 67 0 33 255 208 240 0 255
    255 57 255 154 207 0 0 0 0 104 180 62 191 127 243 255 170 145 49 255
    255 109 184 255 0 255 255 250 255 37 137 172 255 0 255 0 0 109 107
    39 215 0 0 0 255 0 118 255 19 255 178 20 28 0 60 0 0 186 255 105 0
    54 150 200 0 255 116 167 240 206 175 165 255 0 239 255 143 255 1 0
    98 13 124 0 188 134 238 255 255 38 101 188 205 92 95 255 228 184 0
    226 243 0 158 0 179 255 123 255 0 10 183 51 245 214 0 0 242 0 22 146
    0 0 255 132 80 233 37 121 0 0 119 9 6 142 255 0 0 25 255 124 0 255
    112 255 255 15 112 159 255 14 0 17 0 255 156 44 255 164 14 78 146 0
    255 163 0 176 181 139 187 112 230 22 34 182 0 64 135 241 0 255 151 0
    255 227 186 255 212 0 44 203 112 255 205 254 255 131 255 162 0 59
    174 255 0 255 179 71 194 0 255 72 0 61 255 255 232 96 0 92 251 28
    221 255 191 255 77 84 33 93 147 0 255 255 53 0 6 118 0 16 142 103
    179 255 245 0 255 73 182 255 152 177 174 0 137 131 99 0 0 15 18 54
    255 200 255 0 193 185 200 0 104 68 204 8 81 239 255 16 248 22 0 71 0
    0 0 0 47 255 206 125 0 255 255 10 249 14 255 86 83 96 122 0 169 33
    192 171 0 163 255 65 0 76 0 176 11 127 153 36 98 143 255 130 255 148
    255 65 255 255 12 255 122 133 90 0 6 255 249 255 0 235 255 0 73 185
    87 0 87 239 189 255 0 255 20 0 0 154 255 255 160 156 242 215 86 112
    32 0 0 92 212 235 255 255 250 157 98 78 0 146 81 38 39 179 0 101 255
    78 0 181 185 168 255 255 0 255 47 130 0 105 255 0 0 255 0 93 255 0
    255 255 255 159 78 85 158 253 255 193 255 255 0 255 0 0 0 0 227 147
    78 255 135 30 224 49 80 0 255 46 181 0 238 126 42 16 32 64 107 115
    91 0 246 0 163 207 252 221 154 210 0 22 112 0 255 167 149 0 255 0 15
    160 21 0 255 66 20 0 99 46 255 0 255 235 191 110 96 78 255 255 255
    254 255 193 116 0 148 0 53 140 25 255 178 182 212 56 0 0 255 0 210
    67 255 164 255 246 117 96 186 119 10 178 131 16 0 233 62 0 255 3 46
    68 142 255 255 190 158 125 255 20 157 75 183 176 0 0 0 32 7 116 237
    47 208 74 198 199 33 211 43 0 145 30 226 94 255 255 161 213 255 40
    106 255 166 44 255 215 158 33 142 124 218 209 255 123 85 35 255 142
    18 0 72 154 186 80 50 239 26 255 255 164 184 89 35 103 0 255 0 255
    52 27 253 13 45 0 40 99 92 207 89 199 0 36 190 0 0 77 255 211 196
    255 53 255 221 0 116 0 27 2 167 88 171 255 29 66 137 71 249 78 137
    62 216 0 255 220 0 175 10 73 0 173 97 191 255 74 201 113 45 218 255
    53 12 176 225 0 134 121 16 186 38 255 71 231 51 0 174 207 255 16 114
    145 108 98 157 255 30 16 196 141 255 204 0 34 88 194 0 240 142 251
    255 255 87 255 211 132 255 160 177 0 0 0 45 28 47 143 121 2 50 255
    93 172 250 0 0 172 87 0 255 208 175 199 88 233 0 93 255 255 169 125
    246 230 24 79 185 235 16 255 78 0 22 0 100 0 255 133 0 97 69 140 255
    161 229 185 235 255 52 245 16 0 11 60 0 255 0 0 0 188 203 197 249 0
    202 225 174 255 255 0 0 255 97 0 128 176 163 0 208 88 255 231 147
    255 137 255 5 255 139 115 120 61 122 255 255 33 255 202 48 255 166
    28 170 83 98 255 79 255 255 165 255 255 52 231 172 255 132 208 52 0
    255 217 0 85 255 0 242 255 130 176 44 242 123 0 37 56 85 162 255 192
    140 94 162 218 29 53 84 255 53 80 0 0 255 0 7 255 67 122 255 144 0
    34 109 190 197 255 80 255 31 255 5 165 117 184 255 172 0 0 255 10 31
    43 0 17 15 151 188 253 14 0 203 134 119 0 135 119 113 171 92 255 255
    0 0 208 255 119 37 62 229 97 0 209 211 0 116 234 217 199 99 255 0
    205 55 170 183 0 197 66 255 0 143 255 254 62 98 133 101 0 0 136 87
    215 191 255 194 189 203 0 42 62 0 0 255 0 50 255 255 2 163 50 0 255
    228 111 255 0 255 191 255 152 0 110 8 255 40 199 0 184 108 22 255
    151 50 0 255 87 210 142 55 218 255 58 0 255 135 0 207 0 76 148 255
    255 194 140 155 0 255 255 0 255 24 208 255 12 0 0 0 204 19 209 22
    125 24 206 182 0 61 145 255 28 0 0 111 89 92 117 7 198 21 7 255 175
    0 173 142 165 253 255 20 58 79 81 0 134 0 0 189 17 193 255 0 0 0 233
    0 255 190 46 255 215 0 26 246 177 66 0 0 104 186 180 255 202 18 28
    90 85 194 255 255 245 192 0 255 0 0 255 172 206 0 120 215 255 179
    255 255 214 255 86 0 74 6 255 127 230 255 194 255 17 41 120 129 45
    35 231 255 51 88 142 98 255 209 125 0 157 255 255 49 203 118 188 93
    70 59 255 49 204 244 75 103 0 151 0 68 150 255 225 124 186 249 11 0
    236 179 255 134 219 49 101 0 34 151 255 143 0 255 11 252 255 57 196
    100 245 58 214 255 252 240 0 244 216 142 255 216 255 204 82 0 255 37
    142 88 4 255 157 77 0 204 110 189 255 11 25 0 255 0 248 17 0 111 255
    0 165 103 0 69 255 48 55 239 239 0 165 187 236 0 0 255 0 155 72 16 7
    249 79 0 144 197 59 51 250 255 50 173 70 0 57 8 255 0 229 111 113 74
    255 176 152 0 239 255 173 195 0 0 17 114 255 5 153 255 125 0 0 14
    179 0 223 255 222 0 103 0 123 99 182 63 0 0 0 0 74 148 58 150 153
    255 255 101 255 224 0 169 196 170 51 110 255 74 58 181 7 0 92 88 130
    255 148 255 198 5 31 141 255 213 9 211 63 5 0 145 97 0 157 12 0 11 0
    0 142 67 23 199 29 0 0 0 255 0 105 131 18 79 255 0 137 104 118 205
    77 255 199 63 60 19 84 255 2 195 0 0 255 116 69 141 68 189 0 196 0
    43 88 218 0 9 133 2 179 0 158 44 228 255 164 0 186 27 221 131 146
    227 255 0 153 250 82 255 255 0 255 32 223 203 40 72 0 249 0 222 16
    127 0 229 255 6 149 0 255 255 200 10 79 234 207 34 157 0 255 255 134
    255 255 253 255 177 178 255 128 118 69 89 107 129 86 86 255 192 255
    255 168 0 0 119 0 0 70 110 70 12 168 255 255 106 255 139 62 182 136
    181 234 0 255 155 52 14 192 35 234 20 169 7 254 0 178 255 116 221
    255 255 167 255 222 255 184 170 0 81 255 0 255 0 255 0 69 245 255 79
    95 84 255 56 214 255 138 233 83 255 0 85 220 180 0 219 249 19 241 0
    241 0 179 0 138 255 138 179 255 5 0 67 15 74 190 219 119 16 234 167
    0 0 91 72 45 39 122 42 255 52 164 255 255 0 0 119 0 255 1 208 0 255
    2 67 43 83 117 185 94 93 199 255 255 255 0 255 255 229 255 188 0 255
    0 99 151 0 128 0 0 183 0 26 207 197 69 208 42 243 135 0 69 104 149
    169 238 255 165 255 0 178 219 143 250 209 97 11 253 255 233 0 40 17
    255 255 23 0 0 219 94 234 0 207 87 150 97 255 0 173 3 186 10 24 255
    120 133 255 153 247 196 0 255 0 121 237 127 118 0 79 30 255 0 171
    187 206 142 255 155 24 139 0 108 15 102 36 0 66 82 0 225 125 56 0
    206 0 230 0 133 251 61 0 207 192 255 41 0 87 134 255 159 255 115 136
    41 0 82 255 226 255 230 255 198 98 255 79 255 255 255 0 0 255 90 137
    0 255 131 0 0 255 28 255 44 255 128 255 175 129 224 192 255 0 0 255
    255 157 255 36 255 31 255 196 0 183 255 154 129 203 214 21 233 234
    109 214 232 21 91 8 178 0 50 40 0 138 63 178 0 76 243 13 43 236 255
    180 122 0 25 0 0 85 255 99 0 0 27 166 0 83 180 67 51 227 86 255 149
    192 74 221 202 95 217 132 137 144 255 0 249 53 255 237 0 255 81 53 0
    241 132 201 250 255 255 217 32 139 186 36 2 0 255 0 34 163 145 255
    56 9 228 150 18 177 99 95 234 0 158 255 116 7 216 231 0 69 192 0 103
    148 2 10 255 120 255 0 203 0 139 0 214 137 140 175 250 255 126 0 52
    255 145 68 51 0 255 0 0 218 255 141 255 20 255 68 192 205 72 136 58
    255 255 255 0 73 0 12 90 190 220 149 255 205 80 162 255 54 43 0 55
    255 139 110 187 149 67 255 188 39 119 58 23 167 255 77 111 0 216 244
    255 125 255 216 10 181 161 0 14 255 135 97 0 255 201 0 75 173 225
    255 163 0 154 0 255 195 197 108 255 240 255 0 32 68 66 255 234 127
    255 255 255 32 0 107 151 255 138 30 0 0 17 0 72 0 0 39 167 54 81 255
    0 255 0 209 183 0 126 170 0 0 169 0 0 0 255 255 201 32 156 170 34 7
    196 0 64 0 0 145 150 179 220 144 207 228 228 85 213 40 0 49 0 102
    218 0 255 164 0 185 157 255 87 95 107 189 0 232 45 255 125 26 255
    255 120 255 90 255 104 175 255 0 255 255 255 255 86 134 158 0 0 35
    98 201 92 178 19 0 146 255 156 93 128 254 255 237 175 98 73 0 0 27
    206 53 149 110 29 139 60 255 182 215 168 149 255 0 0 247 83 19 255
    255 255 120 52 164 0 216 21 0 48 15 0 208 229 0 110 104 255 0 172
    255 221 34 14 0 137 56 255 102 137 164 255 255 0 60 219 0 53 28 99 0
    255 0 255 0 7 252 43 148 255 0 0 255 224 233 142 0 0 255 191 0 23
    152 255 111 176 2 19 0 54 88 142 163 195 0 255 160 56 0 208 75 255
    35 255 120 242 99 255 234 92 56 212 170 255 181 151 56 255 255 0 0
    255 251 0 255 50 241 179 0 255 0 0 255 0 172 255 164 255 78 176 255
    255 0 0 226 0 0 118 0 206 248 157 0 138 255 0 196 21 255 129 136 4
    141 0 255 188 156 191 0 81 237 96 25 255 55 110 251 158 209 0 0 41
    36 79 69 168 146 198 162 125 113 0 44 199 245 181 233 162 54 160 11
    255 255 108 0 190 78 98 255 252 188 241 255 47 113 255 24 238 0 255
    0 255 146 173 200 215 206 84 51 226 52 232 244 0 118 105 255 236 251
    4 125 255 255 238 227 203 219 255 197 219 119 149 0 179 0 249 0 0
    255 190 0 202 44 235 255 160 108 171 18 255 102 214 175 252 80 204
    73 165 34 255 135 210 98 124 255 53 0 178 0 150 255 0 164 255 0 124
    189 0 225 24 126 230 255 214 60 176 255 0 28 236 0 0 107 0 255 25 44
    255 6 176 255 34 255 0 255 255 223 234 255 209 255 56 141 255 0 133
    0 255 0 247 219 255 215 255 182 255 168 94 0 0 255 31 101 17 247 72
    70 23 163 0 93 0 76 255 28 176 241 255 255 169 255 180 255 188 31 0
    211 113 254 218 0 172 8 255 62 0 87 81 0 112 104 28 0 0 0 164 255
    255 127 0 0 16 255 163 179 7 0 251 29 233 66 0 51 26 33 255 211 0
    119 106 255 0 0 227 236 243 43 255 0 255 168 255 0 75 172 104 255
    241 139 255 199 107 0 64 187 170 65 66 255 67 206 178 64 137 255 158
    232 17 93 26 52 255 224 134 214 255 99 225 98 91 0 52 0 0 93 115 150
    238 161 111 13 22 0 0 15 0 19 30 186 141 142 0 196 0 230 229 0 145
    11 178 0 128 0 57 140 35 68 236 95 229 0 0 66 41 0 242 19 165 115 15
    243 0 96 151 252 0 199 35 103 112 244 140 255 219 209 0 242 18 95
    179 0 21 239 255 84 206 190 255 0 85 245 66 240 170 210 227 221 255
    255 194 36 255 0 50 66 75 146 255 249 0 0 197 139 0 0 0 199 61 224
    255 245 166 253 183 0 62 49 0 0 0 0 15 205 255 135 19 113 255 107
    255 255 67 218 2 0 255 246 0 142 124 0 103 231 0 146 217 92 167 255
    238 140 255 154 255 0 73 0 68 220 255 104 11 99 255 115 79 248 172
    255 78 6 99 0 202 196 5 255 78 50 178 181 152 186 0 26 0 149 225 255
    182 128 96 0 56 215 219 203 194 28 19 45 224 138 255 0 142 167 0 31
    96 255 10 93 1 227 98 255 255 27 217 20 81 235 140 253 255 78 255
    161 29 0 102 192 18 255 0 15 71 195 255 72 139 255 243 147 143 255 0
    223 254 222 112 224 208 118 0 203 101 0 62 255 255 189 0 255 0 197
    164 109 133 0 255 255 255 30 83 183 3 181 137 114 5 0 255 0 255 40
    74 122 71 0 0 255 156 35 0 255 179 0 99 108 160 212 121 255 82 0 255
    255 225 0 149 169 130 0 182 0 110 65 124 178 255 0 172 98 78 0 255 0
    145 19 178 230 255 152 0 255 135 0 222 6 255 0 255 1 255 191 189 239
    107 255 255 0 171 0 50 229 68 42 163 0 76 199 166 157 167 138 0 0
    255 0 55 194 194 255 38 166 101 0 74 190 100 119 0 204 0 97 39 136
    86 255 109 182 27 82 165 29 255 108 26 255 62 219 255 0 255 43 255
    177 60 193 255 18 165 209 94 0 255 255 0 177 11 12 69 68 255 110 255
    124 219 54 243 255 203 161 199 255 172 102 7 0 146 0 201 215 255 165
    147 255 255 213 132 0 78 222 255 138 135 167 255 117 201 136 200 218
    230 250 255 153 86 76 137 130 0 162 206 0 237 88 0 0 66 255 255 63
    228 203 241 105 187 138 0 185 0 169 16 237 151 2 44 0 160 80 35 255
    137 205 117 240 101 0 255 240 0 34 115 155 0 100 255 0 22 150 255
    187 76 0 255 0 97 171 24 220 66 228 51 187 255 223 158 32 172 21 159
    0 255 255 255 233 9 251 92 211 255 93 255 74 0 146 142 218 255 153
    133 134 122 0 27 189 255 255 42 0 255 167 0 246 238 0 240 225 6 107
    75 112 0 56 83 128 93 5 99 188 255 142 255 218 252 37 0 255 235 31
    171 212 16 65 110 92 244 175 255 37 255 184 173 76 1 0 245 79 179
    165 26 255 0 255 0 0 151 174 0 125 255 149 253 50 179 102 255 110
    255 255 255 50 176 251 243 104 0 0 207 0 142 255 235 3 255 222 50 0
    113 237 87 84 255 65 58 66 34 0 255 12 97 98 35 131 108 255 195 0
    255 147 0 149 199 210 36 185 201 129 5 37 187 255 7 130 0 174 40 229
    232 79 255 135 16 0 145 137 0 255 172 0 2 204 112 33 235 255 62 0 49
    82 0 249 255 200 255 0 0 222 36 255 255 237 255 163 0 128 0 39 80 0
    0 255 255 145 19 153 0 255 76 237 120 175 0 141 130 22 0 255 62 0 0
    189 255 4 94 255 147 53 0 159 48 255 255 59 41 0 157 50 255 98 178 0
    140 51 40 242 155 203 93 230 93 0 45 220 248 222 253 255 112 75 255
    72 201 66 209 95 4 248 0 93 255 0 159 94 255 250 255 113 255 255 0
    255 1 64 242 227 138 255 246 121 156 22 33 0 0 255 142 158 193 22 61
    0 255 30 255 193 56 255 149 178 255 239 161 255 110 255 252 0 104
    182 193 193 72 136 186 182 163 67 13 79 210 204 132 192 255 215 239
    83 0 26 146 202 0 0 72 0 0 255 174 0 250 255 0 115 255 198 245 96 0
    255 255 252 255 160 54 213 87 255 230 121 255 36 61 255 255 0 219 77
    169 160 90 131 100 255 185 223 255 247 176 159 249 186 39 0 255 0 92
    0 233 80 255 54 112 199 255 161 163 103 255 0 247 147 255 25 67 255
    0 162 152 0 244 0 255 255 225 26 66 108 237 121 96 91 0 196 0 255 74
    241 0 0 212 0 255 58 0 210 250 138 97 31 255 205 255 111 46 239 89
    230 249 255 150 139 5 8 245 240 255 121 79 255 0 255 255 89 215 98
    255 61 98 204 52 239 102 255 4 0 255 207 133 242 77 255 33 0 74 233
    0 255 3 137 0 255 79 0 67 86 237 0 159 118 255 13 0 133 26 92 20 187
    133 39 0 0 3 116 249 0 0 142 175 0 255 103 247 255 124 0 151 255 44
    0 255 8 202 93 247 216 0 166 205 0 98 23 4 16 142 178 249 209 255
    245 8 255 255 2 189 255 105 255 255 169 113 82 255 0 255 255 20 255
    255 255 0 61 205 150 0 54 255 174 222 87 29 241 0 62 255 142 255 199
    58 213 73 204 255 210 3 0 0 82 0 255 0 131 21 255 255 255 0 255 69
    131 49 41 18 255 47 179 70 120 255 255 75 10 0 254 39 72 0 251 255
    255 143 218 231 94 255 9 255 26 51 83 102 96 71 0 49 228 6 247 145
    254 0 0 137 10 43 255 77 41 202 22 252 183 255 195 110 161 17 210 0
    173 9 229 154 150 131 220 0 255 209 187 0 172 255 182 202 33 133 100
    57 192 220 0 0 255 255 255 249 138 124 10 69 220 255 0 235 246 0 175
    255 130 37 0 83 227 30 0 71 134 255 117 0 255 199 255 122 230 19 0
    52 166 83 184 139 157 121 255 137 222 194 173 199 1 123 29 0 7 0 147
    250 211 2 255 188 168 175 0 255 2 0 255 255 41 30 244 80 226 0 228
    255 255 255 11 0 255 0 88 255 184 255 75 0 18 155 86 80 0 0 255 67
    36 18 153 92 255 255 252 81 167 0 255 154 81 255 75 0 180 0 103 159
    0 0 135 62 0 0 114 255 255 235 0 249 189 0 232 191 131 0 180 40 6 94
    255 94 54 2 209 0 128 134 249 0 255 0 0 255 255 255 0 78 43 4 255
    211 138 108 0 86 186 0 29 147 144 140 0 100 0 0 98 252 255 94 255
    255 118 227 255 255 182 46 135 190 0 255 255 187 48 255 255 199 0
    170 255 168 70 255 157 38 166 11 255 0 255 179 160 12 246 47 122 185
    0 125 200 14 173 255 255 0 255 152 137 255 238 0 108 64 129 0 233 82
    0 255 242 0 19 255 255 255 70 0 255 72 166 255 185 130 42 255 255
    255 63 167 0 51 126 0 100 137 0 12 193 255 218 255 196 243 101 255
    218 212 61 203 255 6 218 174 32 0 0 0 202 0 153 0 175 233 106 0 183
    255 181 167 246 168 41 151 39 99 136 240 122 222 189 255 42 12 0 24
    21 155 92 255 214 255 255 49 93 0 255 255 158 255 0 94 188 97 7 71
    68 120 237 0 217 241 191 0 255 218 0 159 255 0 111 255 209 115 0 0
    122 0 255 82 68 78 255 255 167 255 27 105 104 15 0 60 0 104 156 229
    0 103 0 171 202 248 75 128 180 3 255 15 194 198 255 0 86 175 0 122
    255 65 123 189 192 255 255 255 217 25 209 121 255 192 0 0 255 141
    255 255 16 0 25 255 0 102 42 0 0 255 241 27 0 48 201 123 148 255 148
    255 0 10 0 240 116 103 0 52 56 255 255 0 255 255 0 225 0 255 160 96
    255 244 153 0 255 154 0 80 255 147 121 111 86 0 255 19 125 255 188
    19 55 240 0 0 255 0 255 53 255 255 255 78 190 196 149 211 163 0 255
    23 255 153 224 255 141 153 255 0 0 0 0 28 33 0 255 255 154 147 255
    255 225 130 34 240 71 106 255 84 255 255 211 255 93 140 131 0 1 0 6
    166 237 0 230 15 0 0 255 121 97 0 77 235 0 208 0 231 255 255 80 255
    137 111 255 150 54 81 0 50 197 99 125 255 81 231 255 255 0 255 255 0
    101 139 181 183 200 245 94 16 145 43 226 242 0 194 201 47 96 0 205
    253 255 141 89 0 182 255 0 40 0 228 236 198 193 125 0 235 91 84 128
    56 164 0 182 0 55 124 255 41 0 15 124 212 0 0 44 241 199 0 0 166 226
    43 64 11 213 220 58 252 247 106 255 0 255 191 212 162 184 221 0 30
    95 3 64 107 54 151 255 24 0 122 0 30 255 134 47 85 82 128 95 0 255
    255 41 0 126 250 51 148 38 115 0 255 95 27 200 92 255 0 224 0 255
    255 41 136 177 41 103 0 0 0 137 255 238 245 65 169 255 255 0 63 82
    74 203 0 204 177 197 0 0 0 255 0 102 222 255 0 28 126 255 232 35 73
    32 193 80 152 159 206 255 54 71 118 98 0 161 47 35 0 0 193 68 92 192
    255 133 87 19 23 0 91 141 0 56 255 186 40 114 100 255 0 163 0 91 90
    0 16 104 191 27 255 255 255 99 255 192 0 0 238 46 255 234 117 24 0
    108 8 0 249 168 224 255 255 168 112 255 239 255 255 71 255 0 255 221
    0 59 240 139 162 0 255 5 255 94 138 60 233 204 245 78 250 252 255 0
    25 82 12 12 0 61 100 0 255 94 172 142 23 0 20 22 240 83 0 0 0 99 255
    64 100 206 145 0 0 167 0 255 152 172 247 254 255 34 0 184 0 117 255
    184 88 172 255 0 179 235 223 0 87 255 250 200 202 255 0 255 116 0
    194 0 141 255 42 188 235 185 183 214 0 30 255 34 0 0 0 242 116 66
    213 29 255 255 0 166 13 220 255 255 153 255 68 61 255 42 255 255 42
    250 30 227 255 203 177 42 146 34 241 30 0 255 21 54 178 11 0 255 135
    23 242 0 48 32 255 19 85 29 43 0 255 79 80 58 255 255 255 69 121 78
    14 0 250 220 159 235 255 85 232 27 208 255 75 255 225 249 137 25 0
    229 29 249 73 0 255 0 203 0 48 255 65 255 0 55 255 9 57 154 34 0 0
    137 172 183 255 23 0 0 0 0 107 0 0 136 64 72 218 255 117 35 8 255
    253 0 162 255 0 58 255 189 224 255 150 183 215 0 117 255 93 167 141
    127 174 227 77 255 174 0 51 162 229 0 66 108 121 0 241 0 130 255 123
    237 0 0 72 179 255 79 20 172 217 255 255 196 38 228 73 72 35 230 0 0
    255 245 202 178 0 110 0 0 255 0 255 79 255 146 96 255 171 0 248 39 0
    255 190 228 218 255 44 255 150 255 0 233 255 142 0 6 69 130 255 54 0
    0 0 211 174 255 255 255 0 206 255 62 98 123 0 0 158 255 0 0 0 139
    129 97 238 239 51 0 15 0 199 110 116 255 0 255 239 134 171 255 255
    255 4 16 38 48 255 192 80 181 33 255 0 87 44 234 0 0 0 255 81 0 0 49
    0 20 111 171 241 225 255 255 124 0 239 255 255 0 0 54 226 200 127 0
    0 151 13 243 88 240 182 255 180 0 124 138 255 29 255 215 132 190 0
    241 111 74 183 235 255 10 245 0 0 193 0 76 255 0 154 255 202 242 0
    137 53 138 79 255 213 0 255 222 0 25 152 0 0 0 232 98 0 255 205 197
    210 238 85 3 255 0 255 164 66 0 129 131 0 0 175 58 106 42 74 255 196
    255 0 255 255 0 250 76 17 255 71 241 255 0 74 206 0 95 255 175 224
    129 0 181 172 0 220 0 0 0 165 24 0 22 255 213 150 251 86 16 210 255
    255 105 255 173 42 116 255 18 45 255 255 0 199 101 105 61 30 233 85
    0 102 133 27 102 255 158 36 63 219 255 0 255 206 210 238 255 0 16 10
    255 109 0 15 0 255 85 255 20 255 99 218 200 81 39 0 0 47 255 0 157 0
    58 255 255 185 255 233 76 255 0 173 240 255 87 30 144 255 255 182
    180 100 0 86 118 151 103 133 168 151 255 142 255 46 186 68 3 0 114 0
    255 148 50 150 136 10 255 255 0 255 255 233 159 255 32 255 37 97 132
    0 15 28 0 0 90 64 185 255 210 255 0 68 112 132 93 255 0 255 194 180
    255 255 255 170 169 255 144 85 255 0 255 94 222 217 227 255 0 203
    123 255 0 53 255 0 255 105 0 219 139 0 37 0 255 0 0 187 202 25 50
    128 126 137 187 255 150 55 242 187 255 161 159 44 224 58 0 0 58 214
    255 221 189 101 161 0 137 255 255 103 134 161 186 94 175 156 248 88
    0 255 0 255 96 219 220 94 250 53 56 112 14 39 255 191 170 128 0 254
    12 221 7 66 0 0 255 212 0 255 200 255 197 15 255 0 46 29 255 255 43
    0 255 33 152 255 0 14 160 125 168 160 255 223 98 198 0 0 155 0 255
    102 255 43 5 221 99 125 224 255 69 0 130 146 6 23 229 0 0 157 215
    104 0 186 0 222 255 240 255 158 65 231 99 255 77 167 255 0 144 103 0
    137 24 59 0 0 202 255 119 0 0 175 255 106 81 117 255 255 66 0 0 0 0
    17 255 205 184 221 178 247 0 255 94 251 218 237 80 59 220 0 124 203
    174 0 146 0 194 0 235 255 0 255 91 189 85 139 255 26 90 255 6 152
    147 39 19 0 157 0 152 0 246 0 71 77 16 120 241 243 255 0 255 255 245
    255 98 76 184 0 125 0 254 52 1 255 186 97 255 240 186 255 135 255 0
    190 121 50 182 111 129 15 0 95 80 176 175 0 225 90 240 255 0 215 121
    0 248 83 30 107 161 246 13 245 52 255 0 0 205 255 175 110 0 255 255
    91 82 0 0 0 255 27 109 0 88 44 69 255 27 117 127 13 249 123 119 132
    255 58 0 255 7 6 255 170 191 249 255 41 255 255 115 176 67 0 255 255
    232 213 83 107 99 71 0 187 194 63 255 189 255 255 169 113 191 235
    223 0 0 147 9 149 255 52 84 128 0 133 31 103 75 101 255 0 255 255 18
    231 9 255 0 127 75 255 255 35 0 255 184 200 0 0 197 212 56 165 255
    202 255 186 233 77 26 231 255 8 66 103 29 38 90 248 204 0 119 67 0 0
    0 114 229 55 0 93 131 1 206 0 255 47 0 33 187 171 135 40 175 145 139
    255 115 0 255 112 158 0 0 60 1 19 235 0 255 146 148 190 255 189 255
    100 255 51 130 254 141 11 0 23 87 107 0 255 20 255 156 146 203 30 74
    255 0 137 255 57 0 0 214 0 0 255 0 255 255 39 128 68 0 9 197 13 14
    143 15 238 136 226 0 205 0 28 6 10 0 109 236 168 124 255 204 20 22
    108 130 255 40 173 83 46 8 0 187 201 200 13 177 113 44 55 255 255
    110 0 216 255 252 0 183 101 255 0 255 255 0 255 255 0 37 30 4 255
    255 0 99 103 255 51 172 197 154 125 220 106 0 133 193 13 218 188 0
    92 150 255 18 53 0 252 194 0 53 255 0 255 0 189 0 2 255 43 168 188
    255 0 255 255 201 90 56 113 217 151 0 220 221 60 0 73 255 184 21 101
    0 142 218 0 232 147 249 0 0 208 84 0 74 149 72 77 164 231 23 0 33
    186 160 0 20 211 255 167 29 255 219 94 207 0 239 90 9 159 4 0 0 214
    0 41 0 255 0 176 125 255 62 28 0 255 89 255 255 248 33 255 0 113 163
    0 175 63 201 71 71 219 234 59 0 141 83 203 213 0 129 157 178 108 0
    64 24 0 15 161 208 214 255 173 255 255 0 0 229 255 114 202 169 255 0
    255 0 222 229 48 141 178 37 243 0 221 11 54 0 0 130 122 27 65 133
    238 204 115 0 0 255 180 255 0 255 0 38 255 198 168 250 157 144 73 0
    239 201 255 143 0 183 255 0 0 113 0 255 134 207 255 151 1 26 182 0
    241 255 202 255 238 169 15 97 125 195 40 0 0 6 134 100 202 157 0 255
    4 207 255 31 255 255 0 88 244 46 68 12 255 123 179 52 174 0 0 153
    210 231 167 64 0 156 0 80 255 173 58 106 14 255 0 174 91 170 255 196
    12 64 86 229 187 3 73 129 255 255 0 77 0 137 78 253 132 0 57 134 255
    209 57 182 255 80 255 255 0 193 120 126 97 36 255 0 0 255 193 184
    255 178 219 255 73 185 255 9 113 0 185 62 22 14 175 0 255 53 205 97
    96 0 171 181 68 202 90 8 240 193 60 255 249 116 215 70 83 237 90 103
    0 101 255 37 0 76 199 211 255 0 255 255 197 189 74 39 255 255 0 252
    0 0 185 255 199 93 0 255 255 244 117 202 161 114 202 0 150 211 86 74
    0 0 16 51 255 14 0 16 0 189 147 192 239 1 160 125 48 51 0 207 0 46
    130 253 255 146 203 84 108 194 255 239 31 79 130 0 242 234 255 188
    185 105 174 129 136 150 37 34 164 22 0 227 0 0 89 160 255 16 0 252
    14 255 255 255 255 0 255 0 255 176 90 255 255 1 0 245 255 131 71 86
    244 116 0 187 0 246 243 0 255 161 255 75 98 217 0 255 0 204 223 160
    216 213 0 131 0 255 0 37 255 26 10 255 62 0 23 0 77 255 99 0 0 4 0
    53 0 240 0 0 56 255 228 187 255 239 12 255 0 88 23 61 72 255 0 255 0
    62 105 99 255 145 30 112 80 227 116 246 255 0 0 0 13 0 215 218 205
    255 255 206 255 23 0 255 0 0 0 172 210 0 72 255 255 60 129 0 209 7
    255 200 255 235 0 0 105 0 0 255 0 0 255 197 0 0 0 36 0 141 70 0 46
    37 190 101 201 180 0 177 246 240 158 255 255 36 182 255 255 41 255
    255 155 217 220 202 166 23 255 255 220 179 13 214 136 255 169 168 81
    255 212 255 255 174 12 220 98 195 0 158 255 124 111 143 255 242 0
    215 93 248 104 255 255 78 7 186 141 24 197 255 193 0 255 138 255 0
    19 227 91 238 255 187 172 164 38 72 255 255 50 73 255 0 14 255 0 188
    255 74 0 0 9 0 75 255 46 0 0 231 137 194 240 255 36 58 255 172 76
    255 174 5 137 63 110 147 172 0 244 46 255 0 163 104 64 255 40 87 139
    140 249 0 213 42 0 20 240 165 123 0 132 255 193 0 250 216 80 114 0
    147 86 5 0 211 66 93 194 187 170 0 231 203 0 255 147 0 255 43 200 31
    64 221 216 243 21 232 255 187 76 255 135 251 216 255 0 211 0 255 64
    145 230 0 185 207 96 255 255 103 214 0 82 75 0 253 44 182 255 100 46
    0 171 230 217 87 234 230 253 195 255 68 0 0 233 76 240 0 5 203 52
    166 0 0 216 228 168 255 0 103 210 255 137 157 0 185 232 140 111 255
    224 0 18 0 255 152 0 208 255 255 0 216 255 244 255 0 89 166 120 255
    255 31 177 252 222 80 255 25 113 93 52 177 239 203 253 138 255 255 0
    0 255 255 134 255 70 72 0 0 178 0 204 255 0 0 208 47 191 218 0 129
    35 156 127 0 87 81 0 179 0 255 0 236 255 203 255 255 87 0 230 0 10
    185 5 54 255 147 207 187 72 193 201 159 58 17 140 255 28 218 245 248
    232 255 255 0 229 156 104 123 255 124 147 93 255 163 0 91 68 16 0 26
    30 0 255 255 182 71 255 57 244 250 0 248 0 247 248 255 255 0 0 231
    255 0 183 88 115 2 74 255 196 255 23 77 84 230 72 42 0 255 79 187 44
    214 177 61 218 0 209 30 255 0 201 255 255 0 223 129 16 0 0 230 255
    186 236 230 66 246 208 34 7 0 0 238 72 0 71 255 216 116 104 201 255
    195 134 0 0 77 255 219 228 0 255 255 255 214 0 15 0 64 209 0 255 0
    255 110 0 215 0 80 136 1 172 255 54 255 0 92 112 85 0 168 19 0 138
    234 255 153 71 255 255 255 54 44 131 42 0 51 89 111 160 0 0 49 255
    159 196 255 255 201 134 47 0 172 255 176 0 0 177 66 0 184 255 58 255
    38 99 65 0 0 105 194 0 0 179 54 255 255 255 255 208 241 98 255 0 45
    255 237 162 54 112 196 0 0 15 157 220 223 176 3 0 0 255 0 0 113 30
    255 100 44 61 80 52 0 189 255 151 109 255 218 240 0 0 47 24 255 231
    204 215 89 204 14 75 127 63 0 250 239 244 147 144 0 255 141 47 255
    14 255 0 0 214 142 255 115 255 171 147 0 0 235 28 62 0 0 255 255 0
    58 205 172 28 152 130 98 224 0 0 127 255 173 7 253 197 191 24 255 86
    66 255 53 40 255 0 2 126 252 255 182 255 38 153 203 0 255 255 142 64
    5 203 145 0 255 101 255 8 0 255 0 255 187 0 152 163 111 0 204 28 159
    208 51 255 255 0 242 75 0 255 255 0 223 140 18 218 68 201 0 174 0
    255 160 103 64 193 97 86 170 139 141 133 255 182 169 185 45 96 255 0
    0 215 69 0 6 22 160 0 172 133 236 255 82 27 101 255 228 227 38 186
    255 96 17 0 255 227 160 255 77 204 250 19 255 255 243 104 8 209 13
    255 199 111 119 133 137 255 79 234 218 239 0 0 254 187 0 245 228 255
    0 11 0 229 162 0 12 240 42 165 60 248 0 0 255 20 207 17 255 35 129
    255 189 209 247 255 255 32 56 0 44 101 184 0 255 14 225 196 205 192
    139 16 77 255 150 82 136 168 123 255 172 254 114 255 0 45 192 22 70
    0 0 198 0 106 255 0 255 233 23 255 120 140 0 175 4 255 0 0 160 255
    255 211 228 255 255 0 131 54 214 70 255 0 104 40 0 134 250 74 174
    231 255 240 177 213 112 231 221 79 78 255 191 77 87 0 184 0 0 255 3
    11 226 255 77 255 222 0 255 20 55 0 203 255 255 255 65 91 0 0 72 208
    0 251 255 255 145 225 208 167 255 190 95 255 160 86 75 115 0 203 175
    105 0 119 41 128 113 100 19 62 0 0 155 0 185 126 166 211 0 255 255
    86 76 0 255 106 41 0 109 222 207 102 255 183 174 30 38 0 188 161 151
    171 255 120 255 88 116 236 11 172 0 255 253 255 0 145 255 0 0 0 61 0
    0 255 255 180 0 255 50 0 128 123 133 149 140 0 216 20 80 88 0 68 255
    0 255 184 228 255 161 201 29 38 187 0 255 216 138 0 0 255 255 0 132
    147 68 188 0 11 255 202 242 182 119 51 24 0 0 35 255 173 0 0 0 0 255
    135 0 214 232 237 131 59 151 152 117 22 0 255 0 194 0 255 174 255
    255 184 255 210 81 116 90 24 56 0 75 255 213 195 130 129 112 25 199
    154 150 150 0 203 125 0 128 26 0 0 165 127 255 255 154 255 242 112
    243 4 255 0 255 94 5 0 71 45 0 126 45 22 109 115 214 0 96 146 71 32
    203 159 190 0 198 16 212 30 145 23 227 6 10 255 50 30 21 255 222 246
    0 109 0 15 5 17 84 119 0 0 92 250 51 160 65 0 111 0 116 182 186 255
    14 255 0 245 254 36 64 79 255 0 171 3 237 0 51 255 67 71 209 111 155
    0 0 237 111 0 255 13 60 189 128 255 82 231 133 0 142 116 60 0 15 11
    29 255 255 252 0 47 0 3 255 54 0 255 34 72 28 231 0 182 0 0 96 225 2
    255 0 167 9 150 247 192 19 255 0 165 0 231 0 31 37 174 53 128 41 98
    255 0 197 255 33 252 163 185 135 56 66 255 0 152 77 205 69 89 101
    104 129 0 0 255 201 114 170 157 58 8 167 0 167 0 0 255 206 255 141
    255 255 231 83 133 255 132 255 234 92 191 17 41 121 221 159 41 218
    80 115 0 189 34 11 141 0 91 0 255 0 32 0 255 147 193 142 21 0 255 35
    9 31 44 255 14 0 0 60 230 132 0 0 25 255 56 255 122 0 255 255 243 60
    0 221 0 9 178 159 0 232 255 226 114 93 139 171 0 234 152 0 162 154 0
    254 255 250 255 15 255 99 0 255 21 0 238 119 255 39 6 255 0 0 0 98
    170 203 0 0 70 0 203 97 213 41 243 255 182 255 176 0 160 127 124 255
    90 0 19 126 194 242 255 85 255 146 68 255 208 255 0 255 50 64 100
    147 255 0 139 255 25 255 233 64 0 255 20 107 0 174 224 129 255 130
    140 255 0 119 251 202 0 225 83 179 160 227 123 0 0 107 255 169 255 0
    255 255 0 128 1 147 116 206 255 0 130 14 0 243 255 0 144 255 0 207
    153 0 0 0 166 195 201 159 81 0 0 23 0 71 37 41 199 130 24 0 255 43
    206 255 53 19 0 58 0 55 0 255 244 255 100 199 59 219 114 238 246 255
    255 255 0 77 0 234 40 0 255 213 5 223 255 255 191 236 190 174 7 0 66
    45 78 61 57 0 0 31 0 35 114 164 31 242 0 0 255 0 74 0 233 0 0 136
    171 83 140 255 34 158 0 255 129 0 126 0 255 0 255 255 164 255 255
    232 235 96 91 0 15 97 255 250 61 255 255 29 80 49 0 255 0 85 0 51
    169 0 31 240 94 255 155 85 255 71 5 204 104 255 241 8 255 255 244 87
    109 255 0 255 245 125 231 232 188 255 213 255 0 223 255 46 120 0 0
    20 0 183 1 177 255 102 60 47 78 64 209 81 108 98 0 72 127 11 20 79
    255 209 108 33 51 93 140 197 0 124 0 14 68 92 0 91 28 0 106 2 0 255
    0 15 156 23 47 69 0 185 0 173 131 239 255 245 193 255 0 201 225 255
    84 239 255 221 238 61 154 182 91 0 0 131 0 124 255 220 0 42 18 255
    255 0 95 255 233 10 255 209 71 66 153 255 255 255 111 0 255 64 194
    28 82 229 252 215 75 233 255 188 0 217 54 74 170 0 187 177 0 0 206
    255 198 59 94 61 0 0 139 0 170 173 5 110 118 124 0 23 224 175 23 6 0
    0 37 0 43 159 76 44 7 0 255 164 250 255 255 248 2 90 23 0 0 207 255
    41 0 0 28 0 244 153 0 255 70 193 76 174 27 255 162 104 9 162 160 129
    196 120 82 33 158 0 159 50 0 24 160 51 47 103 225 39 0 194 0 15 30 0
    255 255 255 235 140 201 96 0 20 53 171 52 157 106 0 216 0 255 79 19
    255 0 170 102 109 0 0 0 31 255 8 83 139 0 103 255 157 255 243 221 14
    0 179 210 62 79 45 138 0 171 255 191 193 206 46 59 255 127 129 6 255
    124 79 0 70 240 255 81 255 0 194 0 90 0 0 19 255 255 101 255 36 0
    255 0 255 255 255 44 0 54 60 0 174 199 100 141 102 229 255 66 0 75
    60 6 139 64 84 0 178 89 21 255 200 105 212 255 255 156 97 74 0 255
    147 109 205 133 255 142 89 178 113 201 253 0 218 154 65 24 150 232 0
    0 240 88 56 255 0 143 253 255 85 244 255 248 255 156 144 255 190 157
    85 2 255 195 249 89 157 188 0 208 0 219 0 0 255 255 177 0 246 255
    246 56 145 221 199 0 178 0 201 118 255 210 255 16 21 15 0 89 0 169
    15 0 255 13 252 255 255 93 47 34 255 3 255 255 255 242 0 163 17 84 0
    144 70 28 255 228 161 255 0 59 132 255 227 236 81 255 103 71 42 255
    252 255 0 57 255 255 154 177 255 99 189 69 191 248 57 47 227 0 255 0
    154 132 0 87 182 161 96 189 82 101 109 250 178 123 20 0 70 197 231
    134 255 255 7 0 234 255 0 14 0 146 102 0 45 189 47 126 198 0 64 17
    128 255 0 214 0 255 0 213 255 250 137 71 225 247 0 184 164 0 139 0 0
    185 20 0 15 255 251 255 255 0 103 0 115 125 0 204 27 0 255 92 240 34
    54 161 0 255 226 0 155 155 255 255 232 77 255 104 255 241 238 27 189
    112 24 184 255 47 255 79 21 32 251 68 185 173 184 40 99 187 255 106
    0 0 190 255 0 255 0 227 255 255 172 255 203 0 46 0 12 13 0 255 61 0
    255 255 167 255 204 34 255 51 255 195 198 242 205 44 160 192 212 0
    255 141 0 0 171 178 104 0 146 81 55 146 126 0 0 49 199 0 0 34 85 98
    97 237 0 161 212 226 255 61 255 228 147 0 63 255 0 255 177 0 185 0
    59 0 0 0 0 0 255 0 143 29 43 0 0 209 82 130 142 255 104 146 174 117
    0 147 21 255 71 222 179 229 228 236 64 119 255 246 255 190 206 67 0
    60 0 219 69 0 190 216 0 255 109 187 50 128 205 193 125 165 255 219
    205 69 169 40 255 226 249 255 223 0 111 255 68 255 65 125 71 120 82
    219 0 153 0 222 129 49 189 0 0 255 151 124 161 104 184 63 255 41 120
    255 0 0 112 1 255 137 196 0 110 225 133 255 255 195 0 255 169 174 36
    255 0 0 50 99 136 0 231 0 0 255 171 15 0 92 255 0 112 255 72 0 255
    203 0 214 255 227 7 255 174 127 102 213 0 217 126 231 0 89 46 239 0
    200 52 255 255 9 28 207 149 185 169 255 0 221 255 0 112 255 198 148
    24 122 34 251 255 255 216 66 187 78 37 34 255 173 101 0 0 240 255
    169 44 171 144 255 15 48 242 255 0 255 255 50 112 111 226 195 255 70
    255 255 255 61 157 213 255 45 170 131 115 72 178 180 0 163 0 0 0 150
    196 0 229 0 255 37 42 255 109 255 255 150 0 91 75 172 179 0 238 0
    237 48 0 255 118 62 255 0 124 46 34 255 0 0 142 97 10 40 145 74 255
    255 255 0 23 193 255 255 114 149 204 255 239 255 172 208 255 113 251
    244 241 182 255 255 247 255 248 254 0 100 102 255 0 0 171 255 204
    182 255 216 240 0 119 132 0 255 0 17 255 157 142 255 255 118 82 255
    156 63 124 206 88 152 182 0 206 255 128 0 130 188 255 44 175 157 255
    223 167 255 251 209 76 214 255 0 146 83 118 20 94 79 0 255 255 16 0
    224 53 212 106 147 194 93 0 123 0 0 255 0 55 170 255 255 79 43 171
    203 255 182 255 85 145 68 255 0 248 255 196 0 255 205 98 127 255 255
    186 24 255 0 238 0 106 0 86 156 255 129 201 246 255 247 0 80 138 1
    87 0 230 255 255 17 230 255 227 246 0 0 151 48 255 37 118 228 136
    255 186 75 255 151 78 14 57 91 84 168 255 74 255 74 255 129 255 13 0
    255 19 0 255 255 255 221 0 174 167 237 128 12 246 0 255 27 74 0 255
    49 255 255 105 138 0 0 249 255 118 227 176 9 142 0 146 123 228 239
    109 132 236 0 134 188 255 0 211 110 0 49 2 179 182 144 239 28 180
    168 159 255 123 15 191 0 128 107 255 255 255 0 240 153 148 0 158 0
    151 255 204 132 168 49 15 0 255 30 12 154 124 128 239 0 0 240 255 0
    32 255 255 162 251 0 0 0 74 197 216 101 164 255 65 25 0 0 255 181 21
    5 102 255 120 6 0 43 255 255 0 255 7 255 74 72 0 88 157 134 126 15
    243 112 255 255 185 152 0 111 24 168 184 214 236 137 255 108 0 255 6
    246 124 0 168 84 104 96 94 87 28 0 252 109 0 210 63 23 190 255 0 0
    126 237 114 0 241 24 3 244 220 0 22 75 90 0 0 73 191 0 255 255 0 248
    255 113 11 158 97 242 95 255 220 22 166 239 0 0 99 103 42 92 0 142
    14 162 125 255 255 145 255 41 111 242 179 255 71 0 111 129 179 215
    153 100 213 255 0 0 255 255 227 106 185 255 0 144 43 249 189 201 178
    0 255 94 0 255 216 44 73 155 107 82 8 255 0 99 0 0 206 0 255 178 207
    207 42 67 228 87 113 20 159 70 12 255 255 167 0 175 255 13 255 255
    235 255 255 68 192 229 221 27 47 166 255 255 217 226 44 117 247 255
    239 75 0 216 26 96 255 238 255 229 186 114 255 117 176 0 249 0 84
    188 217 109 174 147 72 56 0 22 0 117 79 249 227 38 255 62 191 255 48
    166 15 198 50 233 255 0 0 0 255 181 177 91 255 218 24 90 255 226 98
    102 0 108 150 139 217 170 0 0 63 80 169 76 106 107 104 24 0 255 255
    0 170 32 169 255 0 49 228 203 218 255 0 255 246 48 0 207 0 24 255
    255 0 105 201 43 251 0 167 127 246 135 76 255 255 227 255 152 255 0
    242 0 22 79 255 175 0 143 234 65 184 0 182 0 255 255 30 103 251 255
    0 194 239 0 159 255 255 35 0 22 0 12 255 109 47 0 87 150 174 0 0 0
    153 219 255 118 255 255 177 146 200 255 0 0 255 7 213 0 44 0 177 116
    255 255 46 0 0 81 21 161 0 109 152 35 166 151 112 42 240 234 0 255
    255 39 255 135 255 25 71 113 117 32 221 219 252 156 123 0 167 168
    224 73 0 6 82 255 239 9 163 255 54 191 255 222 0 255 45 92 42 0 126
    103 0 237 215 0 0 146 0 234 42 213 0 0 255 0 0 63 0 214 168 255 0 9
    125 255 4 235 72 255 255 255 168 123 10 51 64 9 255 0 255 255 5 255
    72 217 195 147 0 226 158 255 171 179 0 163 255 63 79 255 85 255 83
    231 136 0 85 193 2 0 255 128 68 10 255 232 22 5 255 253 255 38 0 175
    87 255 0 255 0 190 255 38 174 0 106 200 0 200 143 255 232 255 255
    133 0 255 0 0 136 146 81 0 133 239 97 170 255 0 238 163 53 236 255
    23 209 255 255 255 0 0 255 234 255 204 0 230 183 255 0 255 0 168 0
    133 217 55 37 0 255 139 7 0 253 64 255 188 0 255 0 255 73 26 144 0
    255 22 0 255 76 0 97 250 243 0 230 237 221 201 160 241 255 106 171
    255 21 165 0 63 255 254 243 211 36 120 255 8 175 108 0 255 0 17 144
    0 21 4 0 235 94 255 1 117 0 0 255 224 0 172 161 170 119 0 9 39 0 189
    114 0 1 242 10 221 96 255 122 151 154 112 49 223 152 0 0 219 165 0
    60 237 66 243 219 0 0 255 0 0 191 150 252 130 122 255 11 208 32 15
    255 139 255 49 0 255 0 196 255 231 0 0 66 65 21 98 243 255 252 0 41
    187 71 71 126 46 0 237 255 198 255 122 255 11 0 255 0 121 209 0 88
    159 214 252 1 177 255 161 162 102 106 255 53 255 110 192 97 178 190
    116 105 205 241 89 164 241 0 0 255 160 79 0 129 74 0 0 255 187 0 231
    0 123 0 94 255 0 78 51 102 43 255 41 59 225 25 68 82 255 0 0 4 255
    106 95 255 255 62 33 255 255 0 148 201 0 70 63 168 255 241 22 2 87 0
    255 162 113 228 150 255 232 109 238 0 255 213 240 76 255 0 102 27
    221 0 64 242 162 100 210 187 0 182 255 255 245 219 116 173 55 240 46
    255 255 245 163 255 0 95 46 0 79 0 83 240 145 0 102 230 0 60 219 38
    26 212 0 0 70 124 0 5 167 27 255 255 0 255 255 163 255 68 190 0 158
    109 13 255 18 208 37 255 202 255 91 0 81 31 0 231 10 88 57 255 0 0
    140 8 65 17 25 0 194 166 255 90 128 50 129 128 255 255 69 205 255
    237 171 0 164 0 255 255 83 0 211 239 94 53 0 255 0 211 0 83 64 255
    223 255 235 131 101 255 197 82 255 255 110 255 35 101 255 0 255 255
    255 107 0 144 48 29 255 30 254 255 0 18 238 3 86 61 255 254 186 117
    216 82 0 255 255 156 255 211 0 248 163 0 125 255 54 255 82 140 0 255
    80 0 157 21 0 0 19 59 109 84 255 192 141 104 181 171 133 0 255 0 226
    182 0 0 201 0 0 255 69 0 208 23 28 142 253 0 190 139 0 15 255 41 255
    145 0 255 14 118 26 20 229 228 152 255 178 235 255 29 255 170 21 76
    0 132 255 231 161 182 255 76 0 211 0 0 4 164 255 238 255 205 246 32
    244 206 74 31 236 74 0 0 112 206 150 241 0 91 143 94 225 76 0 255 80
    0 26 179 134 247 177 255 255 82 255 64 0 135 35 172 232 96 95 0 223
    58 255 255 201 255 92 254 0 0 250 84 127 0 189 55 0 85 57 114 108 0
    224 255 129 255 0 169 131 124 255 120 41 167 0 187 142 255 103 38
    255 83 36 255 255 41 255 160 53 189 0 148 122 83 255 255 0 255 61
    209 0 57 255 54 48 48 65 255 255 255 73 219 0 0 155 134 0 0 80 224
    144 74 46 55 0 176 151 9 39 3 151 193 0 244 29 138 0 228 221 70 255
    0 136 0 0 46 156 204 152 255 246 0 230 0 227 255 208 207 255 115 107
    80 105 255 49 255 25 0 229 255 239 255 0 90 255 84 50 34 194 255 255
    0 2 188 58 108 50 0 233 218 235 0 164 0 204 0 255 255 255 4 218 85
    88 42 96 243 101 12 79 28 140 8 0 220 0 162 40 105 255 0 198 0 113
    123 0 255 0 255 255 74 113 198 169 167 255 0 144 24 0 255 205 160 0
    6 232 142 143 255 206 60 0 0 0 182 168 0 255 0 86 179 242 122 0 107
    63 0 29 255 50 176 176 87 188 0 211 0 56 12 111 9 30 51 95 30 90 86
    44 255 47 0 255 151 124 154 124 68 45 0 255 68 166 142 57 0 0 97 14
    204 127 33 246 38 75 255 255 237 171 94 82 73 112 183 90 138 172 76
    60 0 254 173 0 202 255 230 0 249 61 0 163 145 0 85 255 0 0 255 255
    127 255 208 14 29 35 172 50 81 2 212 66 255 46 255 255 0 255 255 0 0
    19 205 134 73 3 0 214 0 57 0 255 0 0 63 197 187 0 121 132 0 178 0
    214 0 217 255 0 255 0 0 255 240 221 4 1 17 172 255 131 245 186 255 0
    167 104 149 199 87 0 98 238 28 0 18 0 0 193 136 0 0 255 104 1 149 73
    0 0 108 20 255 0 255 192 255 200 103 255 92 253 31 111 255 116 242 0
    33 0 98 225 183 255 0 244 212 255 0 54 0 89 111 0 0 129 0 131 255 0
    179 224 255 0 31 97 165 196 255 255 255 38 191 15 0 255 156 47 81
    148 101 255 255 255 0 6 171 0 22 75 102 3 48 255 110 88 0 0 0 100
    224 248 255 110 190 148 255 225 233 43 54 146 255 47 116 0 0 72 41
    72 117 0 88 236 255 123 105 224 12 179 113 148 201 203 230 78 0 152
    255 0 170 52 0 43 221 255 128 255 4 227 92 187 50 255 0 231 117 0
    255 176 255 255 23 0 246 255 0 255 202 233 42 173 0 255 255 255 0 0
    160 255 0 224 103 255 255 255 22 206 111 0 52 157 0 56 8 255 45 119
    217 89 27 255 0 155 30 255 151 255 246 121 208 255 165 11 0 196 158
    225 245 255 208 116 3 239 97 194 251 156 255 126 0 255 239 26 68 99
    147 255 191 95 0 244 47 255 255 242 77 0 164 245 255 66 94 141 0 178
    129 102 58 17 123 0 185 0 218 255 14 24 255 189 0 236 12 228 97 103
    0 255 83 255 0 255 25 78 107 47 125 193 91 176 17 162 197 177 39 137
    255 149 255 242 0 143 255 255 84 64 74 255 255 0 225 130 73 211 199
    255 0 255 62 255 89 255 151 114 36 187 255 255 121 228 49 0 108 0
    255 202 59 133 75 194 161 0 255 146 255 104 255 255 195 255 115 0
    239 170 101 0 97 246 0 0 192 255 83 14 255 36 0 255 3 255 212 0 112
    159 255 160 1 0 38 0 245 0 81 255 0 137 167 0 255 189 255 117 0 82
    229 0 79 122 0 196 153 26 131 255 39 255 0 0 0 4 0 166 34 203 135
    255 255 90 0 235 240 97 240 255 0 255 255 0 255 212 255 254 16 48
    210 52 145 255 247 5 255 158 125 248 54 0 255 0 223 27 31 255 113 0
    147 250 0 196 255 183 255 18 42 255 70 238 0 255 167 133 0 0 255 255
    204 148 247 0 0 255 0 228 115 0 255 18 0 234 255 25 33 255 255 220
    162 131 255 183 93 98 157 0 255 12 206 197 147 142 253 0 134 0 0 149
    0 149 31 196 203 255 255 4 27 23 107 0 49 14 111 255 88 226 60 11
    160 51 205 255 196 68 201 255 0 156 211 238 119 202 46 0 255 255 3
    255 255 79 255 50 255 86 161 70 255 255 16 35 196 255 255 66 0 0 0
    47 0 142 162 76 13 183 112 173 135 130 255 169 88 255 31 0 92 0 41
    147 0 255 46 65 59 140 158 255 135 212 0 242 208 127 111 78 9 85 136
    207 219 194 0 255 104 235 143 255 85 80 124 208 0 127 104 133 0 185
    18 91 0 245 212 23 255 37 149 255 115 244 0 206 112 0 23 58 72 175
    208 154 210 91 82 0 133 57 36 140 69 224 67 0 255 248 60 255 38 244
    255 0 68 242 241 77 15 0 55 254 0 7 66 255 146 42 0 255 162 89 0 138
    255 255 214 150 27 211 207 221 255 255 117 172 132 218 0 162 255 0
    71 233 169 255 255 248 255 161 137 134 89 209 14 255 255 43 212 40
    145 255 0 255 118 102 0 0 174 0 59 255 120 16 108 49 160 210 255 171
    196 0 170 103 0 255 21 18 255 0 222 0 255 255 200 255 227 0 255 0
    246 220 151 255 0 159 255 0 207 23 56 255 0 0 255 8 110 49 255 255
    173 131 71 12 255 0 34 255 255 106 153 201 54 187 11 189 255 190 0
    255 188 16 255 55 117 255 28 255 172 16 216 125 18 0 0 158 0 178 80
    0 178 182 255 126 255 10 49 172 255 14 33 130 255 0 0 0 181 231 0 44
    255 165 210 182 177 62 0 104 62 0 67 92 38 29 232 77 255 55 174 80 0
    255 228 0 147 255 217 195 0 64 210 239 12 10 0 69 18 0 1 0 139 196
    50 227 72 255 179 255 204 255 28 0 0 255 0 255 255 0 39 0 43 255 0
    255 77 255 0 255 120 101 255 35 103 176 0 26 88 174 0 0 255 71 27
    106 0 163 0 61 161 228 92 255 186 135 192 255 139 208 92 120 255 21
    255 255 0 26 168 34 255 55 53 0 41 29 25 74 255 255 0 0 0 132 0 26
    107 0 0 7 146 223 112 255 0 30 255 21 215 60 66 214 0 0 0 0 255 38 0
    220 0 123 0 247 128 255 0 0 252 79 139 161 157 85 22 213 0 102 88
    112 255 0 89 255 196 0 172 55 180 255 9 3 193 255 221 255 255 0 0
    183 25 42 95 0 101 62 75 196 106 43 190 0 221 0 0 255 0 107 201 255
    0 0 85 147 204 17 103 255 44 255 93 246 117 245 255 0 255 17 60 158
    219 75 0 129 164 73 187 255 255 196 106 255 90 131 0 107 210 68 0 0
    210 251 218 174 255 99 75 31 41 215 0 0 131 183 84 0 245 58 0 0 255
    1 191 212 22 180 44 111 0 178 255 18 0 255 255 197 255 52 121 0 198
    203 0 0 255 0 46 0 151 18 0 153 217 194 99 255 126 86 0 0 76 255 51
    0 64 97 172 199 103 36 0 0 135 28 195 100 222 255 184 239 103 255
    220 114 0 255 255 243 0 231 191 10 0 73 255 85 248 248 185 54 255
    102 255 223 126 0 110 180 233 224 196 255 185 84 49 207 22 192 18
    255 0 132 0 0 34 15 139 0 0 255 255 0 35 215 74 84 0 255 101 145 255
    192 119 255 205 56 34 231 147 255 98 53 106 0 255 108 252 6 46 72
    188 220 141 186 160 22 0 191 214 255 163 255 255 55 134 55 255 255
    233 207 255 255 0 46 76 111 240 23 0 78 166 0 68 199 91 0 144 2 104
    255 96 252 210 250 175 215 20 134 156 255 0 206 0 0 54 3 9 255 198 0
    15 68 192 200 0 255 165 49 42 121 119 20 0 92 68 0 255 250 0 45 49
    230 187 13 90 17 202 118 0 255 22 136 14 85 205 255 70 83 83 0 126 0
    91 24 58 43 255 0 255 0 207 255 0 255 255 255 0 6 0 98 39 109 111 0
    196 21 74 250 199 80 182 0 168 122 156 255 74 229 222 121 97 19 121
    10 209 170 255 138 0 0 0 152 0 166 255 219 186 63 198 43 175 90 1
    255 255 186 0 33 54 93 98 30 202 255 243 214 61 242 0 36 0 0 49 19
    155 0 0 164 0 0 242 255 244 255 255 255 92 190 192 239 255 3 157 50
    0 11 184 128 141 37 105 170 0 59 0 255 130 255 242 32 255 0 243 66
    255 238 90 255 0 205 123 0 0 156 53 167 255 0 242 32 255 164 0 0 203
    255 0 171 225 55 208 206 233 108 179 134 150 255 90 96 255 0 255 255
    0 255 148 113 216 0 255 0 81 220 77 255 255 0 16 0 231 217 46 255 0
    195 183 0 117 217 12 86 246 65 157 255 48 54 187 179 250 190 0 231 0
    207 42 255 1 5 246 0 0 0 195 176 160 255 0 0 64 134 241 0 104 138
    255 255 57 253 48 141 146 115 236 255 0 127 220 140 255 255 60 255
    161 32 130 30 0 241 28 12 56 79 213 49 237 33 255 0 150 255 68 173
    117 171 80 255 0 255 65 255 180 140 255 255 0 180 35 0 0 165 0 0 34
    20 0 89 0 0 203 31 75 0 177 116 17 0 0 42 255 83 255 60 168 140 31 0
    225 0 0 255 156 239 145 54 0 215 23 43 255 0 0 13 255 0 216 160 170
    0 4 52 76 0 18 213 0 230 32 0 37 24 240 96 129 215 0 152 157 126 249
    75 160 255 113 85 255 96 246 247 0 0 71 154 116 0 0 203 255 0 178
    199 185 0 167 22 0 0 255 255 255 186 134 255 46 135 255 18 167 54 2
    139 0 10 47 244 8 233 255 233 46 193 37 0 193 107 137 211 0 255 135
    31 228 0 0 159 0 255 255 11 132 57 81 237 190 255 223 236 255 102 0
    220 0 117 0 11 136 83 22 76 0 0 38 185 9 187 8 30 255 117 0 0 162
    183 0 158 255 180 120 248 255 0 0 208 12 255 34 212 0 82 106 61 42
    57 38 0 0 255 0 0 94 252 135 142 178 65 205 144 116 0 100 212 129
    204 253 255 135 255 255 255 3 89 255 133 0 0 131 0 87 0 0 0 185 39 0
    64 174 0 255 111 216 244 0 255 187 57 255 234 168 255 145 125 0 123
    0 116 121 253 255 0 255 0 120 36 255 56 49 255 200 191 202 255 55 74
    255 0 128 179 255 8 255 255 119 243 152 255 0 0 255 0 215 178 255
    255 104 0 13 0 127 221 185 1 201 28 88 87 179 136 255 78 199 0 155
    228 53 161 30 255 125 80 238 91 55 0 255 91 0 0 175 255 84 255 236
    206 0 176 255 0 83 177 84 0 4 235 117 72 0 157 255 255 0 2 175 255
    111 142 69 243 255 150 144 255 255 237 9 161 68 28 255 150 0 186 200
    82 164 222 255 148 131 90 172 255 101 255 123 35 255 86 9 0 105 90 0
    108 0 255 165 246 0 0 6 93 0 0 255 255 0 0 187 0 0 179 134 255 0 75
    115 170 85 0 105 224 187 80 221 20 133 85 68 255 0 246 157 47 0 0
    255 165 128 0 152 21 94 255 160 255 212 113 90 0 255 255 255 228 0
    183 255 136 61 0 186 255 255 0 107 255 179 54 223 255 94 0 56 255 90
    171 23 110 49 0 50 255 140 255 158 0 7 255 21 201 246 240 160 199 0
    63 0 221 214 255 149 0 125 4 28 238 0 85 246 0 142 0 0 178 142 113
    255 12 255 162 0 103 131 255 255 0 86 255 216 107 0 255 199 179 255
    132 121 223 3 255 5 51 255 214 150 211 98 74 165 0 206 0 108 157 10
    154 255 255 0 254 136 197 227 66 239 180 255 0 253 163 119 76 255 31
    33 142 255 0 255 219 0 0 0 30 170 99 255 198 255 69 165 255 91 207
    172 236 0 0 240 51 0 255 0 0 36 255 0 131 255 0 190 12 255 238 196 0
    255 255 10 205 150 130 139 231 47 181 255 55 255 0 66 255 255 0 100
    255 91 64 202 255 68 170 0 255 24 253 193 0 136 0 100 0 190 237 173
    37 197 0 120 0 75 181 15 0 232 188 193 103 0 255 0 0 0 49 203 0 55
    255 233 138 255 169 70 198 227 127 107 255 114 0 231 255 251 161 30
    68 255 158 0 175 56 255 20 214 24 255 165 162 0 193 164 255 228 122
    66 127 255 0 14 255 26 0 255 15 224 26 106 160 209 247 199 87 181 12
    62 0 122 130 58 255 0 0 19 0 114 26 5 0 129 142 255 60 255 116 45 0
    115 252 0 255 255 225 255 157 92 0 0 61 0 139 223 255 255 50 109 201
    255 255 255 207 73 214 23 107 228 255 31 18 233 0 195 117 207 115 80
    255 103 255 0 6 66 55 255 0 107 255 0 91 255 118 19 255 54 97 195
    255 44 4 206 191 0 255 0 131 5 255 8 255 48 255 150 255 255 93 175
    228 162 0 0 180 30 62 0 46 101 65 155 0 255 0 140 255 220 198 169 0
    17 212 255 0 105 202 40 9 165 137 18 232 5 66 0 0 255 237 152 255 33
    196 87 22 103 0 230 235 0 255 64 0 255 0 233 172 12 234 0 0 65 237
    227 181 251 171 246 245 102 18 255 138 255 170 255 255 0 132 251 235
    50 0 216 144 92 255 195 255 218 100 255 184 27 19 255 1 255 147 124
    144 54 0 91 255 225 68 18 189 218 255 227 255 249 232 241 123 0 0 0
    193 255 53 41 153 121 129 0 220 144 223 252 214 201 62 39 82 223 255
    255 255 147 31 166 54 0 246 217 133 0 249 255 0 0 255 127 150 160
    255 105 111 210 0 55 0 255 0 231 133 93 255 255 236 228 233 205 145
    70 12 112 58 197 255 0 153 105 100 226 38 0 0 135 0 10 136 82 67 78
    0 0 180 82 255 244 0 53 20 1 35 0 176 247 0 255 0 72 0 12 13 29 255
    0 64 224 235 0 41 101 183 185 0 113 62 255 255 56 23 157 0 0 174 30
    0 212 232 0 255 149 104 109 0 189 255 0 65 106 174 150 232 0 56 0
    242 255 0 0 191 125 234 166 0 255 0 255 141 102 77 17 255 255 239
    255 255 94 0 66 211 255 162 187 174 0 0 68 21 0 13 49 255 233 0 121
    0 118 0 94 255 14 255 69 0 255 54 79 181 138 185 221 11 164 159 225
    221 183 225 198 0 42 0 213 116 187 51 26 0 255 155 139 0 0 178 179
    25 255 204 131 255 229 255 249 33 93 255 255 171 0 163 0 255 255 231
    255 255 0 191 14 73 0 0 98 108 255 12 0 0 0 244 0 0 19 229 38 0 255
    7 231 164 0 252 66 44 194 56 0 187 0 26 132 139 255 25 0 255 160 151
    219 224 73 119 206 186 103 255 123 173 255 41 26 60 179 131 255 246
    255 255 255 0 255 255 58 116 255 255 70 0 129 219 175 0 255 255 13
    142 10 72 230 70 103 0 75 131 140 0 89 17 203 3 251 0 92 213 255 79
    0 159 171 82 255 193 255 62 135 41 7 0 57 0 13 0 224 255 187 255 255
    255 223 40 223 0 232 92 0 191 227 0 254 129 0 38 255 50 227 35 255 0
    0 0 219 24 175 251 210 0 255 0 0 245 0 0 128 255 18 133 255 255 255
    19 255 255 0 247 255 255 65 138 0 93 55 32 255 0 163 104 245 0 153
    68 135 0 61 199 160 67 158 255 186 219 178 182 250 255 64 31 254 66
    255 0 39 0 173 97 112 196 73 150 57 208 255 255 255 0 255 124 44 181
    108 255 22 139 221 87 227 224 208 194 0 122 0 177 43 255 18 101 166
    5 175 82 135 24 107 255 255 222 0 75 216 255 255 91 80 255 0 123 255
    255 255 0 92 255 169 2 255 255 134 255 64 253 55 0 255 46 95 0 123
    111 0 0 6 255 0 46 128 0 255 255 17 42 0 90 0 132 224 231 255 0 185
    58 47 255 227 255 0 255 253 99 0 0 240 51 117 47 255 255 173 255 175
    113 32 0 115 114 36 177 0 0 125 156 47 255 255 83 170 48 239 0 0 32
    110 119 161 24 90 143 233 19 44 225 40 185 255 114 14 0 75 33 255 84
    255 255 191 255 0 0 255 38 0 0 15 223 83 0 38 161 214 36 59 177 0 32
    255 211 127 255 178 205 255 140 113 168 255 220 138 121 255 20 0 255
    59 242 144 94 255 115 154 153 255 248 71 3 93 190 95 88 0 34 0 255
    208 167 255 234 32 200 80 0 255 20 134 255 200 255 193 118 161 4 0
    88 0 110 189 117 175 220 158 255 44 31 69 113 89 95 224 129 148 255
    42 0 0 0 211 0 0 7 0 0 255 110 53 138 67 0 6 235 255 89 196 0 0 199
    154 0 193 0 194 63 62 91 0 67 255 139 0 23 217 255 38 241 255 124
    251 227 66 255 119 186 35 0 181 86 255 255 20 22 102 236 0 109 16
    252 255 103 55 255 255 50 67 120 255 127 0 40 255 44 253 78 97 0 108
    255 252 27 10 255 24 0 255 136 255 255 0 255 255 255 33 255 255 79
    48 255 81 163 248 75 144 224 221 127 255 227 255 202 208 0 147 228
    84 184 40 55 0 61 24 143 0 253 255 164 210 255 4 0 0 255 255 186 255
    98 44 41 182 87 84 106 195 181 62 0 232 255 162 0 255 255 207 0 67
    204 0 21 0 194 42 255 76 34 255 161 210 114 243 38 255 173 63 74 255
    14 243 67 161 213 2 255 193 209 0 157 97 204 250 0 0 189 0 34 192
    254 223 255 168 50 37 0 255 150 0 255 255 23 0 0 255 255 249 255 241
    255 0 0 150 0 16 248 234 111 0 255 0 66 255 127 0 138 248 0 223 238
    59 28 255 138 1 255 0 229 62 0 255 212 222 255 237 255 216 152 153
    255 69 0 255 255 96 91 147 0 29 120 202 0 181 255 247 0 7 255 205
    108 188 255 255 188 167 145 201 201 255 79 91 0 55 181 101 255 0 75
    255 255 0 0 255 127 197 239 24 255 0 110 217 255 255 255 119 0 255
    255 211 255 165 16 0 23 0 18 0 43 205 139 126 76 0 113 202 142 255
    14 61 47 60 153 163 16 124 218 174 31 28 12 214 171 141 50 171 0 255
    255 255 255 17 148 0 84 5 160 159 0 0 19 255 208 6 159 255 232 210
    231 75 255 255 213 84 229 252 62 255 243 111 213 174 137 191 255 102
    88 255 165 96 138 255 255 0 255 138 231 215 0 31 28 255 163 255 0
    190 17 48 151 0 117 4 249 213 116 0 255 255 0 107 23 15 106 173 154
    209 0 0 221 255 33 153 255 0 255 0 175 62 255 131 255 105 54 16 203
    255 160 0 255 200 220 245 54 22 184 0 0 74 204 44 0 246 202 255 144
    0 0 89 167 27 0 127 47 49 255 74 16 255 225 88 48 255 13 255 0 41 31
    255 255 252 118 0 222 255 86 40 0 13 72 73 100 255 0 135 150 0 0 111
    73 255 82 42 78 255 29 167 227 0 0 210 118 87 114 254 66 94 242 35
    166 166 176 24 234 239 0 255 0 43 0 240 35 0 167 241 218 0 0 0 0 0
    95 0 255 0 151 83 255 255 0 8 0 0 0 0 255 32 25 37 26 0 0 167 93 122
    195 0 202 6 251 152 93 195 125 0 52 49 255 6 230 247 199 0 211 255 0
    4 41 90 255 255 110 255 161 81 133 255 255 15 175 255 216 107 255
    236 202 175 9 69 242 181 255 255 72 255 0 255 222 255 93 195 236 90
    0 196 24 191 61 255 255 255 100 49 255 82 80 255 255 0 0 0 0 124 8 0
    227 114 0 148 139 94 0 20 255 255 255 255 255 0 3 56 255 0 63 102
    232 0 0 227 255 33 103 2 255 0 0 0 255 147 164 0 0 255 0 190 0 249
    255 119 108 255 0 144 255 156 39 182 234 209 80 248 175 255 101 184
    7 229 182 179 10 113 55 130 5 252 185 141 229 0 0 198 0 255 216 233
    9 245 150 53 112 103 124 141 255 65 79 236 40 0 248 169 159 0 255 11
    255 255 255 255 255 0 204 0 136 255 21 216 0 244 133 145 0 12 162 20
    255 255 255 3 0 0 0 0 54 203 112 43 0 221 252 87 159 142 255 255 34
    152 61 0 40 99 53 51 255 3 0 5 255 0 217 200 46 62 0 255 255 0 85 79
    0 101 37 169 0 0 172 209 255 1 0 15 246 255 244 123 172 0 82 19 0
    255 255 46 255 255 189 64 40 90 170 45 85 0 35 146 251 6 255 55 172
    0 0 52 136 255 251 158 146 132 158 0 40 113 76 110 59 0 255 139 83
    255 88 255 120 255 186 44 128 255 0 44 160 134 188 0 225 0 138 175
    199 0 255 194 106 217 176 255 226 165 193 0 184 115 255 255 219 12
    141 255 131 0 88 197 126 75 255 251 37 235 15 255 0 175 235 45 42
    224 215 0 180 255 253 1 24 98 255 255 255 255 57 233 188 61 129 0
    239 41 86 255 255 175 115 67 45 106 113 108 74 34 0 223 0 242 64 255
    255 64 0 238 255 150 131 8 255 0 253 255 188 22 146 255 200 255 0 67
    255 0 255 34 38 111 0 0 42 0 189 133 190 35 71 24 0 100 255 255 2
    236 155 255 0 9 108 255 255 252 255 255 177 3 233 226 12 243 41 171
    192 136 185 12 251 160 255 255 0 123 60 113 1 146 255 38 243 106 107
    161 187 0 98 0 106 111 167 10 0 206 188 159 255 255 255 212 23 195
    27 255 85 0 0 17 0 16 255 0 118 0 0 0 255 45 54 255 0 23 150 255 84
    92 151 204 9 0 255 54 129 255 0 214 15 127 0 196 255 178 176 0 243
    255 255 255 206 126 0 93 0 255 194 0 4 87 56 255 15 15 157 0 212 0
    188 36 255 196 93 0 0 255 255 127 20 164 0 141 169 130 139 252 255
    169 0 0 0 123 187 91 70 134 212 255 109 111 17 18 0 0 255 0 8 255
    147 255 71 0 252 224 143 208 205 63 255 135 235 255 255 123 44 64 46
    8 61 15 255 71 6 103 121 255 29 180 165 255 154 255 255 224 227 0
    255 48 234 171 52 48 225 0 178 250 190 39 45 0 39 254 62 3 137 236 0
    178 140 228 255 0 204 154 134 0 0 239 0 175 206 0 228 0 94 123 13
    221 222 38 223 0 237 178 159 103 255 255 103 255 245 255 0 0 148 0
    77 181 94 216 17 149 221 217 68 164 230 188 134 255 0 209 243 73 217
    238 111 6 255 0 246 255 81 255 184 89 10 0 190 0 255 109 213 255 207
    255 0 255 1 100 255 225 99 250 255 227 24 236 110 238 95 0 0 0 243
    69 219 102 255 0 190 186 255 0 0 0 0 150 150 9 48 134 255 0 252 152
    255 0 255 255 0 241 0 69 0 118 43 50 126 84 189 80 45 121 172 255 11
    3 88 24 255 85 151 255 255 255 255 26 21 80 78 116 242 152 250 164
    80 182 34 51 255 204 188 218 149 86 139 5 64 0 218 147 0 24 205 0
    251 255 0 255 138 103 148 0 143 211 207 138 141 175 232 121 154 18 5
    255 203 38 83 212 226 54 241 4 91 22 90 152 158 255 255 11 255 255
    95 191 118 0 107 0 24 205 139 65 255 42 0 29 255 74 43 179 90 106 56
    96 171 234 22 29 140 255 12 22 201 7 239 193 46 193 0 123 255 0 255
    255 55 255 255 136 120 192 48 117 14 66 255 255 241 0 249 177 255 0
    148 250 253 25 0 169 203 161 85 146 209 189 169 0 225 50 186 247 97
    1 237 141 232 0 44 0 33 161 124 255 0 71 218 0 211 213 0 218 0 118
    240 12 0 99 140 255 186 212 226 76 102 213 255 28 164 0 50 44 6 223
    207 0 31 146 187 0 255 119 173 0 23 8 234 84 0 175 102 155 0 137 130
    227 0 25 0 255 120 0 141 118 91 176 172 236 0 5 239 0 96 0 255 0 29
    255 0 11 75 0 147 0 0 63 0 208 0 79 255 0 63 0 250 178 253 48 2 160
    0 0 213 172 143 255 255 56 31 0 0 182 155 155 62 255 29 70 164 113 3
    253 178 5 194 9 135 69 47 146 30 255 99 218 255 109 212 0 0 255 247
    0 81 237 155 0 28 255 0 130 149 73 53 10 245 157 128 228 255 194 41
    255 181 255 0 160 17 0 100 152 165 255 249 62 63 151 237 0 0 82 255
    60 98 0 255 201 0 255 45 35 72 217 255 255 42 255 0 176 28 255 97
    173 64 146 222 162 191 124 237 220 0 0 0 141 255 255 105 0 146 235
    150 81 133 151 228 215 6 0 19 115 247 0 0 255 95 255 46 230 255 0 0
    196 215 117 141 104 0 255 142 81 0 0 0 0 3 0 90 22 255 34 133 255
    190 255 203 0 89 210 234 0 48 255 255 103 240 255 35 7 255 146 198
    212 108 160 0 198 198 168 255 255 155 0 0 255 255 176 61 255 202 0
    255 155 0 143 255 0 0 0 255 168 229 24 0 2 126 219 235 0 232 0 255 0
    113 169 169 143 255 0 255 255 24 255 111 68 105 255 27 0 197 255 238
    45 0 16 237 95 227 147 243 255 90 255 6 118 146 255 126 213 0 255
    255 0 112 204 0 114 155 182 0 0 0 102 200 0 176 255 214 0 211 44 118
    150 226 0 190 217 255 0 0 134 211 64 219 37 0 255 123 177 121 0 102
    0 255 255 0 73 255 249 106 255 0 201 116 52 46 22 137 16 255 227 0
    224 61 67 255 74 115 0 0 0 15 0 0 0 255 143 13 163 0 174 110 255 255
    132 128 192 75 164 114 244 208 211 69 181 221 149 255 48 112 0 224
    255 235 228 36 255 0 135 255 0 208 7 58 69 255 34 240 196 255 0 152
    0 255 107 69 107 0 0 0 198 61 255 0 160 127 71 23 138 147 255 101
    106 0 112 255 0 243 0 174 159 255 245 133 39 49 83 253 220 132 97
    142 0 219 255 0 123 255 176 72 128 255 157 107 115 153 0 255 0 17 0
    131 148 255 248 0 59 75 255 119 6 103 224 188 52 255 76 132 0 0 33 0
    0 255 0 249 54 179 51 255 255 69 252 76 47 40 243 231 0 255 212 77
    106 56 255 78 253 0 162 204 132 93 255 127 6 0 255 75 0 198 0 40 105
    57 113 69 174 0 191 230 82 112 165 88 0 255 193 215 0 31 172 0 255 8
    255 255 82 185 255 255 5 236 205 102 121 85 187 0 24 0 119 255 190
    85 255 61 181 24 42 127 192 26 103 23 0 187 165 4 0 169 200 174 81
    255 255 0 248 255 97 0 170 255 177 0 154 146 64 160 132 0 162 246
    167 230 255 251 94 248 171 164 0 142 0 201 106 111 169 0 255 129 153
    219 228 255 255 153 0 186 221 0 0 234 0 118 111 0 142 0 124 48 216
    229 195 150 16 178 117 153 255 0 170 0 0 230 0 250 166 255 159 0 107
    255 215 31 255 0 92 242 0 104 255 0 67 181 255 199 133 187 204 34 0
    166 153 178 46 255 28 38 84 223 202 81 87 26 0 26 126 199 255 92 0
    159 83 153 0 109 0 12 230 245 255 1 255 255 0 130 142 0 0 209 48 52
    127 0 121 0 0 129 255 102 178 253 242 44 105 255 255 67 92 162 206
    127 143 255 230 255 0 0 0 135 67 0 148 234 0 160 165 21 246 255 53
    148 0 255 50 0 0 92 4 0 0 240 71 162 53 28 30 155 0 255 217 202 145
    255 31 0 255 255 115 255 212 8 184 84 176 227 0 255 227 149 247 0 20
    255 153 103 192 76 110 187 0 85 51 0 228 255 189 0 130 188 255 255
    174 41 81 115 208 0 255 0 0 255 0 255 38 35 115 133 0 188 75 224 218
    234 157 17 0 255 255 255 255 202 252 178 30 215 0 100 0 71 181 14
    145 41 4 0 102 224 0 147 118 19 25 192 0 255 58 255 255 39 255 24 0
    255 0 128 194 0 100 252 0 109 25 109 53 211 21 186 255 176 96 0 79
    255 0 86 220 0 255 160 255 214 0 255 65 52 110 0 82 35 0 248 206 255
    7 39 89 20 0 228 0 0 185 0 255 74 255 116 0 141 32 0 206 229 71 148
    255 72 71 251 48 102 194 0 63 54 36 209 80 0 254 2 87 115 42 255 255
    255 37 234 52 162 176 255 177 148 122 255 0 57 4 255 203 198 255 214
    0 118 255 255 170 247 21 90 97 232 0 57 82 137 0 169 137 94 255 255
    116 17 255 53 89 136 0 242 63 0 255 255 0 186 145 144 91 222 56 0 0
    244 255 130 25 38 59 176 15 255 255 7 105 255 164 54 75 255 179 191
    223 113 230 178 255 12 0 255 128 255 255 126 114 70 252 46 113 240
    255 0 131 0 252 255 33 255 255 139 111 0 192 246 23 134 0 0 0 255
    193 81 255 191 255 255 244 0 255 255 0 0 255 255 116 206 255 255 108
    255 106 89 80 0 0 126 214 255 0 142 151 246 255 18 248 255 205 165
    18 255 0 0 172 173 105 0 110 0 0 164 47 234 119 238 145 106 236 247
    8 248 0 0 129 77 0 36 253 199 255 255 230 0 255 19 0 255 156 255 72
    112 216 255 197 50 255 217 255 75 0 0 58 57 255 0 163 255 255 0 9
    233 254 152 0 83 0 195 255 16 0 253 149 255 123 180 0 255 108 255
    255 32 255 255 27 210 221 245 255 255 8 175 0 180 255 0 26 109 225 0
    0 255 152 90 255 255 151 0 255 157 233 232 252 196 124 0 197 235 201
    174 89 255 255 255 0 152 206 133 255 255 116 248 22 196 170 255 218
    255 62 221 255 0 71 255 112 131 255 255 80 43 255 159 0 64 57 115
    204 216 255 0 11 202 217 3 145 18 255 0 37 253 255 255 96 97 2 0 145
    0 159 0 121 0 14 239 50 255 255 175 222 255 0 201 232 106 142 194
    116 255 0 188 0 143 255 0 194 0 0 163 230 191 152 8 164 219 56 120 0
    255 137 234 111 255 221 42 229 234 0 0 107 155 56 0 0 99 255 95 255
    215 103 154 114 0 175 40 80 246 255 16 184 29 161 0 82 89 0 255 169
    84 7 154 255 74 0 163 174 155 0 195 16 172 187 255 131 0 42 190 67
    98 255 210 255 104 81 255 205 0 248 175 33 0 88 227 142 112 170 0
    132 218 0 0 111 154 0 59 89 155 0 119 14 0 242 197 9 94 120 149 222
    137 0 172 83 0 0 0 255 152 87 2 0 255 0 216 243 79 0 222 252 145 189
    29 255 0 0 246 255 171 157 119 50 45 118 0 187 52 0 69 182 255 0 0
    255 255 134 247 133 126 255 32 0 0 0 100 183 255 255 163 216 255 105
    234 0 205 111 0 216 255 111 43 75 122 230 255 24 0 0 161 0 254 42 0
    0 80 255 255 255 188 177 31 255 38 111 109 69 63 252 174 217 0 75
    255 50 40 120 168 255 0 90 233 255 230 31 56 252 112 38 0 255 143
    255 40 136 255 0 255 166 183 0 22 1 191 229 98 255 255 151 205 115 0
    0 103 84 197 204 194 186 74 255 247 76 0 46 197 0 118 25 157 0 120 0
    206 44 210 0 141 135 204 84 52 0 0 83 0 121 252 188 0 232 17 28 0
    255 114 255 168 0 241 0 178 255 178 96 9 58 247 255 162 210 235 114
    255 135 136 0 180 49 168 0 132 102 82 169 255 4 170 198 255 213 114
    209 136 23 97 255 255 212 240 36 30 242 255 255 0 255 130 101 165
    255 17 55 124 252 0 0 180 0 0 152 143 67 255 77 13 255 0 101 206 255
    142 148 255 255 214 40 0 0 156 80 137 0 43 255 106 154 88 59 9 133
    255 188 110 123 126 15 93 255 108 0 103 82 208 255 224 0 255 163 88
    0 255 255 145 9 103 193 255 58 0 3 37 0 39 255 255 62 227 255 208
    134 20 255 202 1 14 0 108 106 33 0 87 26 227 17 212 255 151 0 239
    252 7 14 0 16 0 254 255 53 255 229 240 101 0 107 0 231 255 7 20 86 0
    255 105 0 167 100 0 255 194 255 66 161 0 47 69 255 0 25 68 0 53 255
    201 226 136 255 0 32 35 255 60 255 0 197 48 22 93 68 0 0 0 171 5 0
    153 255 249 0 255 0 127 5 255 14 255 255 255 245 255 64 0 25 255 111
    0 118 0 127 0 199 53 60 175 0 245 216 82 70 255 177 12 246 0 79 255
    99 50 7 255 255 165 221 220 0 255 73 147 32 174 15 7 16 255 139 166
    249 61 0 57 128 174 110 0 143 8 158 46 222 255 8 42 255 0 201 118 0
    170 9 44 0 255 170 51 26 255 125 44 179 207 0 255 64 245 181 0 255 0
    255 138 255 0 46 249 156 43 210 0 188 3 0 119 245 60 255 232 0 230 0
    0 255 67 159 239 98 255 255 159 255 255 126 0 0 80 0 15 15 119 0 0
    23 0 91 244 255 213 0 8 185 240 9 112 0 69 226 62 255 51 0 0 221 230
    255 202 255 255 218 255 47 124 0 0 181 232 135 255 255 255 255 70
    246 159 80 10 98 216 255 255 0 59 255 255 231 0 215 255 12 175 250
    67 136 148 219 0 173 174 235 0 255 255 178 162 224 210 0 255 254 119
    206 65 0 0 18 76 0 183 217 0 244 38 0 182 24 64 0 213 255 0 135 0 0
    255 113 255 22 243 12 202 0 161 49 53 255 0 0 94 225 102 0 255 212
    204 147 104 58 177 255 0 0 255 0 140 255 46 67 0 255 221 255 114 215
    49 227 255 207 173 255 255 0 214 35 163 192 216 255 61 78 0 187 255
    0 255 4 201 225 0 253 255 0 115 91 255 76 123 0 63 120 59 0 255 75
    206 0 93 212 106 255 200 233 183 68 173 212 0 209 199 193 205 0 255
    4 255 255 255 243 13 151 220 255 0 213 227 0 0 227 242 255 255 151
    63 199 197 255 164 95 207 45 0 105 237 255 105 232 193 60 206 83 201
    52 0 0 187 255 221 255 255 255 149 20 207 188 44 84 0 36 255 0 0 255
    0 255 83 255 255 0 140 67 194 99 134 255 107 255 40 57 255 149 79
    183 79 204 122 170 88 25 67 197 83 21 33 255 255 57 255 244 31 0 255
    255 57 255 94 232 255 68 0 49 0 186 255 12 0 0 255 183 0 177 64 148
    0 255 90 255 217 35 255 220 166 211 212 0 255 255 22 168 253 154 120
    0 53 17 33 0 89 0 0 83 57 0 85 205 206 139 0 153 226 219 218 120 0
    77 236 0 255 255 59 115 170 212 78 156 24 43 114 158 0 5 0 255 0 246
    181 233 158 0 255 164 0 255 0 156 30 221 5 159 254 244 164 154 219
    70 125 0 0 0 0 255 255 0 99 62 0 26 255 205 0 255 23 0 0 124 121 255
    0 14 4 142 255 95 94 108 162 42 187 255 115 88 255 76 0 0 22 26 42
    99 0 167 255 0 138 152 0 193 0 255 169 43 192 213 71 246 171 202 74
    251 73 0 244 142 42 255 250 156 0 182 123 0 138 218 255 149 223 153
    255 20 57 36 105 0 0 175 255 11 247 156 180 0 33 180 226 255 255 0
    217 0 179 219 110 140 0 0 0 0 26 0 87 41 14 196 8 253 252 43 216 3
    255 255 229 255 0 0 0 213 166 216 255 0 70 138 0 255 255 158 0 29 0
    0 230 255 0 255 171 0 222 255 64 63 197 249 255 157 0 182 238 255
    255 70 255 157 255 113 126 0 167 135 255 118 255 96 0 255 255 241
    201 167 255 56 132 196 180 0 0 136 13 212 0 243 191 0 248 253 195
    255 50 0 0 115 129 255 139 182 26 0 228 255 174 255 0 0 43 199 57
    252 255 151 255 69 255 66 0 255 255 132 115 76 19 0 4 246 47 108 226
    8 0 191 0 79 0 0 0 0 149 253 119 140 255 255 187 0 255 80 20 9 146
    42 0 215 0 0 126 0 0 0 0 14 229 0 3 84 234 86 26 0 216 136 0 90 131
    103 115 176 255 25 112 47 255 176 94 197 88 0 21 255 211 94 255 60
    60 76 10 243 0 136 0 10 213 105 171 126 0 160 255 60 255 143 155 255
    0 255 196 0 49 152 158 0 255 0 240 255 196 241 0 0 162 19 130 60 234
    222 255 255 255 102 239 255 65 115 111 0 73 161 13 111 255 255 255
    255 99 126 3 192 25 255 255 93 255 164 218 1 233 7 115 204 214 0 255
    0 255 0 117 186 170 181 154 168 255 0 255 0 180 196 15 0 13 101 34
    225 255 55 0 0 0 127 114 74 255 41 42 245 255 0 0 0 202 255 0 255 99
    255 255 18 18 0 210 101 0 89 130 120 171 255 255 0 0 99 0 182 47 123
    216 255 157 0 149 0 189 255 255 232 152 255 219 222 139 157 0 0 153
    83 226 26 173 246 90 150 220 80 0 111 255 114 0 141 62 144 0 102 215
    17 255 0 190 227 0 255 168 255 0 255 129 0 40 75 140 177 252 0 255
    15 127 246 234 31 46 255 75 255 180 21 7 235 255 78 161 179 40 255 0
    0 61 166 33 154 180 120 81 43 0 195 75 0 14 0 0 120 128 190 255 0
    167 167 255 224 255 255 0 161 161 166 2 109 22 255 255 0 255 198 0
    62 255 134 255 223 0 47 252 218 221 98 170 0 39 255 7 210 144 88 0
    126 255 88 189 0 0 255 0 0 91 131 0 0 0 174 0 0 78 47 0 250 255 131
    139 27 138 186 81 0 0 17 255 27 0 255 0 155 255 0 207 107 19 36 224
    255 145 255 255 0 0 104 32 236 188 0 220 255 9 36 215 249 132 115 0
    187 175 139 255 2 60 255 34 255 0 0 18 148 82 71 28 54 15 86 166 255
    105 0 136 255 0 116 175 255 0 0 7 191 204 177 51 182 248 0 40 255 0
    92 251 255 81 90 34 105 255 181 255 0 0 144 0 0 174 102 232 215 0
    156 169 252 232 36 255 164 255 132 242 50 145 32 82 213 230 21 255 0
    123 255 2 0 169 255 255 14 235 240 0 44 187 224 176 152 255 148 206
    0 0 255 9 161 120 0 32 231 27 0 116 255 199 216 255 193 0 154 97 133
    255 202 166 137 22 20 0 0 152 255 255 232 178 15 232 175 250 101 187
    5 255 0 155 0 53 56 0 131 0 144 70 244 255 137 28 23 26 188 255 15
    171 0 222 255 137 117 38 79 255 179 218 255 3 177 110 255 192 87 72
    33 129 171 190 85 229 60 159 201 0 139 0 135 50 67 255 60 176 201
    143 0 207 216 0 183 255 233 0 2 15 96 0 242 243 0 30 105 134 255 33
    0 39 0 255 0 134 181 255 0 255 106 67 160 31 64 176 212 63 193 30
    150 0 80 0 255 231 238 184 55 255 180 255 127 255 210 202 15 173 172
    93 163 146 183 104 0 171 176 102 17 0 0 0 254 0 255 56 0 156 0 24 83
    75 174 18 234 69 41 190 0 65 129 44 255 69 163 87 93 167 190 43 0
    215 255 21 0 206 0 178 205 157 228 255 255 37 0 155 18 193 207 0 125
    93 255 227 255 218 17 0 87 135 171 42 0 45 117 255 40 128 0 37 81 0
    192 15 86 0 95 29 0 204 0 86 0 255 255 56 255 98 255 197 152 44 145
    106 0 14 19 182 177 65 31 217 147 88 106 90 0 0 80 222 255 31 0 236
    22 95 253 255 185 23 139 248 255 219 30 0 112 72 13 27 0 31 145 255
    0 0 82 179 73 39 255 246 0 98 223 0 189 229 96 120 17 255 0 255 127
    255 255 56 0 94 0 92 0 255 251 0 0 218 0 235 13 61 255 0 0 155 60
    152 255 76 0 198 0 255 48 145 22 158 255 255 87 0 54 0 235 15 163
    255 56 0 90 255 236 244 142 55 255 134 163 25 164 84 27 160 148 0
    139 255 255 237 11 14 0 170 191 136 0 96 72 96 101 199 0 255 255 172
    223 255 0 60 184 12 0 72 25 0 188 255 0 40 120 150 243 237 114 0 137
    255 57 179 212 255 88 197 0 255 83 254 63 126 255 224 143 185 106
    255 255 61 255 123 158 192 229 112 171 0 149 16 251 255 128 255 0 0
    255 0 20 0 71 209 201 61 91 236 129 34 0 230 28 0 190 0 224 2 0 0 46
    156 254 242 82 59 185 115 70 211 49 5 0 194 255 255 0 0 255 0 255 92
    112 0 255 50 214 135 186 255 0 43 0 96 124 207 119 9 33 108 148 157
    218 0 0 106 255 106 166 0 255 146 109 8 255 104 53 202 67 223 0 255
    255 185 38 175 103 28 57 79 82 237 0 183 255 189 135 101 255 75 255
    46 160 255 6 58 117 0 244 0 138 175 144 27 193 159 75 0 150 133 225
    153 102 255 0 255 93 114 232 0 249 255 0 0 117 255 111 124 157 230
    255 158 39 0 255 0 237 0 41 14 0 0 83 255 167 0 212 147 210 57 255
    209 2 0 96 255 175 109 119 255 36 5 255 93 177 0 18 189 202 96 255
    162 255 195 200 142 233 255 115 5 255 255 255 221 255 0 2 255 164 28
    61 255 28 255 238 57 0 239 234 71 0 61 0 170 0 179 167 76 255 0 91
    239 163 255 164 0 26 31 0 112 255 121 229 240 0 252 12 66 221 255
    138 255 116 255 255 109 31 0 0 33 240 2 201 248 255 131 255 113 170
    244 139 94 60 0 255 156 0 106 255 253 182 185 118 213 27 0 0 200 9 0
    188 0 228 0 96 255 117 255 7 95 192 0 255 255 122 0 255 255 0 140
    227 255 241 251 122 216 0 255 0 173 0 0 0 255 255 25 0 175 6 25 124
    215 255 236 255 0 255 10 0 62 192 169 255 28 0 4 152 255 122 0 0 255
    0 0 255 119 165 107 195 75 211 19 168 164 70 0 151 242 255 156 255
    255 45 132 34 76 255 0 170 255 0 171 0 0 152 0 255 79 181 0 168 83
    38 0 255 18 34 146 255 104 105 191 241 0 255 31 231 240 203 126 214
    255 11 174 189 144 154 0 24 26 128 28 183 40 255 225 87 247 26 152 0
    30 255 0 226 205 68 255 255 97 0 123 255 136 21 0 217 122 8 249 56
    35 255 74 214 180 0 173 0 255 115 0 255 98 54 140 244 5 241 21 180 0
    183 165 79 97 34 119 118 148 31 0 255 7 185 80 68 0 255 160 212 255
    149 0 0 229 0 0 77 255 185 255 0 35 145 255 168 165 0 255 49 0 68 0
    177 102 220 97 235 0 0 53 0 255 0 255 112 182 230 20 175 62 205 74
    113 74 85 140 214 173 255 214 154 0 255 1 255 52 0 14 53 147 250 0
    35 160 0 179 183 255 77 131 177 255 226 158 104 158 255 112 79 255
    165 49 0 189 68 0 255 41 59 230 51 235 255 18 187 49 48 209 140 9
    240 0 243 57 213 141 17 42 0 116 255 248 255 255 39 103 255 0 166
    251 0 114 255 122 3 160 255 64 15 210 168 255 139 0 144 0 255 0 255
    255 0 60 48 40 19 88 0 35 0 11 0 0 160 255 45 180 0 2 31 4 192 239 0
    1 118 139 207 255 102 117 42 138 213 50 255 0 146 221 224 1 151 115
    255 0 198 255 35 18 255 0 83 202 206 26 18 91 34 142 127 0 111 219
    255 2 255 0 80 255 179 18 164 4 0 0 154 0 211 21 75 255 223 220 0 59
    98 0 225 196 158 69 68 55 255 20 0 255 0 43 0 255 255 255 48 90 114
    134 43 103 70 6 86 24 209 91 60 0 169 197 0 185 255 86 14 121 134 49
    255 0 124 218 255 13 68 109 146 239 255 118 255 91 255 0 208 107 199
    245 181 235 26 173 124 111 0 95 255 249 255 230 133 255 227 255 255
    0 151 17 0 207 255 255 255 255 6 0 255 255 255 91 255 206 212 92 180
    0 126 161 171 175 40 10 232 255 205 0 154 199 6 28 0 24 0 167 108 58
    0 0 197 233 0 118 63 222 115 0 198 153 131 233 121 19 83 255 217 173
    255 182 215 227 66 0 0 108 160 0 56 255 186 255 38 33 128 13 0 46
    255 177 255 246 241 55 0 111 0 0 0 0 40 200 255 0 0 45 0 109 231 123
    255 217 255 109 255 149 255 247 0 255 0 99 205 105 103 85 58 137 0
    48 49 255 255 18 254 208 0 207 56 0 253 234 24 195 200 0 255 34 14
    64 179 249 255 255 85 255 255 192 209 0 251 209 233 178 63 248 255
    226 4 0 78 0 189 196 0 0 175 255 162 0 52 0 0 36 0 0 0 239 208 61
    255 105 21 216 246 151 0 255 0 0 255 0 0 225 211 141 0 0 255 194 103
    56 255 184 154 255 249 0 205 15 0 97 0 68 220 0 0 35 251 207 126 0
    145 10 74 184 122 117 183 30 230 29 198 98 123 255 0 255 216 0 255
    173 84 255 0 185 248 255 150 0 49 3 255 2 230 217 0 101 221 45 10
    113 121 76 136 183 0 0 184 255 45 31 50 255 238 0 0 0 0 248 219 147
    31 255 0 0 0 46 255 255 108 0 138 211 242 43 223 181 122 231 255 183
    0 231 164 100 255 86 232 224 134 255 169 255 0 173 255 0 92 0 0 104
    0 0 180 219 237 255 255 85 255 228 255 0 52 255 134 81 255 205 78 0
    215 253 255 168 0 0 0 86 132 58 49 120 123 59 255 163 0 60 31 224 12
    0 146 255 235 145 214 0 141 172 0 241 0 48 225 209 86 255 255 255 0
    171 0 255 66 234 0 232 255 182 124 97 255 0 0 166 87 0 230 104 255
    255 255 5 255 255 47 0 196 0 95 147 75 55 255 215 98 251 46 0 0 137
    188 0 0 6 127 255 86 240 0 167 94 52 64 15 217 0 255 0 77 255 255
    150 255 255 255 0 147 255 0 255 72 192 2 166 230 0 252 110 0 88 192
    226 235 0 255 245 0 255 0 0 0 37 127 0 81 255 202 29 255 57 0 0 135
    147 255 0 165 0 107 0 70 0 132 0 84 255 119 96 147 56 11 75 255 0 0
    116 0 134 0 30 255 210 178 6 0 33 87 175 130 0 190 255 0 76 151 123
    255 244 129 179 11 32 177 99 242 231 169 255 255 214 116 0 142 196
    116 18 126 96 0 255 15 130 5 255 174 240 25 0 255 224 3 0 19 255 0
    130 135 0 56 255 0 1 0 80 137 70 255 23 0 255 0 255 131 71 255 154
    214 241 0 8 243 116 39 196 255 82 255 0 0 0 160 223 65 159 0 255 146
    127 219 255 96 8 91 245 248 227 36 172 156 225 0 255 0 78 0 255 186
    67 0 0 184 163 74 10 0 242 104 57 168 201 74 44 201 223 144 160 255
    255 169 51 27 247 255 166 121 250 242 197 255 0 111 40 181 0 0 255
    255 118 0 0 5 55 39 207 61 15 0 255 82 255 255 255 69 56 221 206 45
    255 255 255 169 113 122 39 221 0 13 111 231 255 170 249 78 122 0 237
    244 0 254 21 64 103 0 255 141 0 141 221 184 161 225 174 255 0 170
    228 255 0 130 109 0 1 0 0 88 32 147 255 152 0 226 255 255 74 200 42
    85 255 216 150 3 255 121 222 0 0 226 102 201 0 237 0 115 92 229 129
    0 68 0 255 7 4 255 0 0 210 255 165 144 210 145 252 0 255 186 240 255
    251 6 31 255 255 81 0 38 39 0 57 234 236 0 47 88 233 255 5 199 254
    46 65 120 148 137 0 129 184 255 255 133 255 133 255 255 141 121 0 65
    0 255 0 255 31 255 255 6 248 221 181 64 185 73 170 179 23 212 255
    191 0 44 255 228 124 26 14 255 255 255 255 255 122 71 255 235 255
    198 255 121 47 0 225 56 44 0 255 85 47 64 255 0 0 211 255 255 255
    165 173 122 0 52 225 30 94 0 233 0 255 60 205 43 184 162 108 122 135
    76 173 255 255 2 35 231 0 165 255 25 0 0 72 24 42 225 73 131 255 93
    42 0 138 0 184 255 165 0 165 255 165 255 54 84 0 58 109 150 102 236
    75 74 255 117 198 43 28 255 99 165 0 225 208 131 79 134 0 255 10 0 0
    0 131 255 190 0 106 100 89 255 179 255 154 57 255 255 46 6 209 37
    203 174 76 0 52 255 255 193 45 92 0 192 86 32 255 30 50 5 69 16 55 0
    119 94 125 73 255 195 0 148 0 242 184 248 45 255 182 255 194 207 9
    16 16 255 255 43 0 53 9 243 0 31 98 131 62 109 43 204 255 21 0 176
    85 0 200 48 0 152 17 255 255 222 0 0 255 12 93 192 178 83 35 255 217
    81 217 194 102 0 19 66 255 255 255 0 69 255 172 0 255 151 0 175 241
    59 120 26 213 29 89 244 48 99 106 0 0 0 219 51 51 30 174 48 250 155
    255 180 0 0 0 0 255 138 190 255 223 230 228 167 61 255 87 255 255 59
    104 129 0 255 197 0 0 47 191 0 255 115 255 0 250 255 33 221 255 95
    224 199 255 89 255 129 255 255 232 139 255 0 0 255 212 0 187 87 149
    255 70 250 71 229 255 0 255 239 84 255 125 134 19 177 43 75 183 0
    255 255 81 0 0 255 50 88 0 0 235 0 156 103 0 255 207 72 44 78 97 0
    255 50 0 143 255 0 79 202 199 196 45 136 0 67 24 0 0 134 96 255 0
    186 40 23 237 0 210 0 0 216 199 88 48 255 66 139 234 247 146 255 255
    0 0 161 196 115 0 72 216 125 160 92 248 117 255 0 255 255 252 0 11
    255 176 177 110 147 185 255 217 161 0 147 141 207 251 251 211 255
    147 177 31 172 182 108 255 157 50 136 144 0 218 0 0 147 155 255 231
    255 155 0 164 255 0 0 133 147 93 194 160 255 89 39 10 196 4 132 255
    104 255 115 0 255 124 255 138 142 61 255 212 0 255 186 3 40 62 215
    246 102 0 192 203 2 9 136 138 0 255 33 255 57 255 12 213 63 255 0
    149 163 0 0 178 139 185 168 145 137 229 175 255 158 0 118 133 251 58
    253 71 34 0 0 176 255 70 213 235 0 18 14 234 0 197 55 34 0 255 202
    247 54 207 122 0 0 0 0 130 111 255 255 46 255 177 33 0 0 135 93 132
    255 211 179 227 28 0 0 125 61 0 47 170 220 255 100 105 34 172 139 17
    255 31 103 228 112 0 21 179 112 0 197 46 130 83 255 91 96 88 0 147
    91 255 197 255 5 255 255 47 84 237 187 0 152 0 100 255 56 0 227 127
    185 0 255 255 155 163 162 42 179 118 0 249 0 24 158 240 174 74 255
    138 133 130 0 127 255 0 133 0 198 56 23 71 255 167 115 92 122 255
    255 74 238 80 0 219 238 137 90 255 16 255 79 47 43 255 0 39 195 0
    143 0 243 0 0 78 0 104 113 171 126 0 252 153 90 20 251 160 10 56 0
    26 88 204 0 37 180 255 6 93 242 255 191 172 21 68 236 97 234 255 6
    124 121 118 91 152 0 0 87 7 55 189 255 151 56 254 255 121 255 0 226
    180 255 168 0 6 126 40 0 254 90 0 255 8 255 255 0 120 78 229 0 0 250
    0 64 37 183 255 233 255 159 214 0 199 0 170 0 21 0 255 14 255 86 204
    0 207 131 164 183 61 146 0 0 141 0 0 146 255 151 255 57 0 255 255 63
    255 192 170 255 175 35 57 255 203 0 255 0 71 204 48 0 245 164 255 18
    0 146 190 255 224 214 255 67 255 97 82 233 255 255 17 255 171 255
    255 0 255 230 255 164 148 15 255 255 171 111 252 67 28 0 240 255 132
    255 175 0 0 119 79 255 0 52 180 97 255 31 0 35 197 0 205 11 255 42
    240 99 235 172 194 255 79 137 140 160 138 123 111 86 76 0 167 255
    124 72 10 247 77 75 68 42 96 0 37 255 0 20 193 59 255 13 145 255 0
    255 3 39 144 255 100 96 0 0 0 73 8 255 111 74 41 0 0 255 103 99 255
    0 106 112 195 219 99 0 45 255 194 158 255 255 255 125 0 25 177 239 0
    164 222 255 255 35 255 241 0 112 49 1 0 255 225 0 255 0 0 24 127 130
    0 232 255 0 82 0 40 242 0 0 255 54 184 37 0 192 187 69 0 0 18 178 66
    201 255 255 255 255 113 0 255 8 0 78 141 255 62 0 170 200 157 123 0
    255 3 40 12 108 119 255 13 118 255 35 24 244 97 70 0 51 0 191 90 0
    255 104 9 0 255 34 0 15 255 163 12 167 132 168 96 0 168 20 25 216
    255 235 255 185 0 23 200 0 41 246 0 0 50 232 255 0 72 0 23 40 255 0
    255 255 137 136 0 67 152 255 0 156 246 46 188 109 212 63 73 0 89 152
    0 66 0 235 62 115 68 0 70 252 137 255 0 101 36 250 123 65 255 0 255
    186 74 0 255 0 89 255 255 18 109 223 74 55 156 198 0 164 0 2 170 240
    106 135 255 255 249 177 176 168 0 168 133 30 85 198 255 0 255 205
    255 169 0 255 84 249 172 138 157 213 255 0 253 0 0 42 94 82 202 255
    79 247 0 125 94 230 237 109 0 35 0 0 148 0 231 255 0 255 255 181 0 0
    136 255 0 0 142 93 240 119 65 12 54 64 229 100 143 115 204 114 255
    255 255 255 124 127 255 130 32 239 192 0 161 0 46 163 53 255 87 0
    255 194 65 162 255 0 255 171 255 255 251 214 0 197 55 199 0 227 255
    127 4 0 255 19 142 181 228 120 157 0 0 177 255 249 247 255 75 173 0
    80 0 232 187 255 0 124 255 161 217 232 168 112 110 53 223 79 46 160
    126 117 14 134 255 57 20 111 200 125 68 132 255 19 222 63 70 140 9 0
    222 244 247 235 75 30 255 98 255 244 213 134 144 254 0 0 172 203 43
    126 59 101 185 255 172 23 10 249 90 65 159 169 0 56 0 255 215 0 255
    195 214 255 138 0 162 28 150 0 169 188 122 255 199 226 7 255 26 0 40
    151 30 36 91 211 175 22 157 122 0 255 229 92 56 120 170 70 173 173
    255 184 191 255 237 255 93 187 0 255 153 255 0 105 0 160 175 241 255
    188 64 94 5 203 255 53 29 52 156 230 0 237 249 135 128 0 255 152 70
    156 0 165 226 120 79 0 141 255 255 28 0 137 252 6 70 5 255 255 255
    217 255 27 255 135 232 19 255 239 137 94 236 255 242 105 249 53 95
    41 50 247 255 255 43 93 0 68 147 51 31 255 0 57 0 0 232 0 172 52 29
    255 32 242 255 93 255 255 63 21 0 125 218 158 167 0 177 0 46 0 25 69
    255 0 255 190 0 255 0 87 162 81 203 76 255 165 238 255 14 255 69 255
    255 0 248 255 82 24 224 93 39 50 172 0 93 0 164 119 87 255 215 202
    255 215 0 10 148 16 0 224 0 109 7 0 0 178 136 0 166 90 245 0 255 255
    184 170 0 0 165 153 152 0 37 112 0 120 244 35 178 218 0 7 227 243 64
    52 92 17 227 211 0 132 215 72 46 28 139 204 105 0 255 121 0 237 45
    127 17 55 153 38 0 42 244 0 255 255 14 77 67 93 0 0 0 255 255 70 147
    203 82 7 0 29 208 0 34 251 0 255 0 191 255 112 137 119 255 113 0 142
    0 5 255 28 99 255 45 255 62 206 147 199 75 205 255 173 147 65 0 136
    113 102 165 165 27 255 0 61 99 15 255 255 56 248 255 214 117 0 59
    184 138 134 92 255 12 160 180 70 0 148 153 211 5 0 109 137 255 176
    134 83 250 62 195 255 126 137 0 100 0 118 1 0 233 47 0 204 181 198
    182 0 255 238 130 76 199 52 12 255 3 42 90 105 37 0 167 20 93 255 13
    255 192 26 0 240 244 80 255 0 255 7 0 142 0 0 0 0 45 119 192 255 69
    54 254 123 229 133 114 95 255 108 17 255 27 52 26 255 241 185 0 172
    255 152 6 31 67 163 209 22 221 0 235 0 255 16 105 28 0 165 199 113 0
    0 255 0 132 255 147 14 255 255 0 132 254 0 255 89 255 143 223 255
    243 19 255 249 236 216 255 9 74 255 43 255 0 87 255 193 104 255 255
    36 64 0 255 0 0 255 139 0 20 23 241 157 219 115 255 255 17 0 100 170
    198 89 28 79 161 68 255 255 255 40 53 160 210 255 255 229 76 75 20
    57 235 255 226 188 67 0 63 78 174 77 255 0 138 255 255 0 69 175 247
    54 151 92 232 40 255 137 55 56 0 255 97 0 255 45 0 0 255 175 99 0
    215 246 56 110 58 123 0 235 85 0 255 255 255 145 255 134 18 105 101
    0 0 255 194 79 105 131 113 163 85 255 165 0 247 217 138 255 255 135
    173 251 199 108 149 223 255 255 6 138 66 32 202 255 53 240 255 255
    24 14 150 0 97 0 138 109 255 255 133 188 26 203 0 0 172 121 196 0
    255 42 0 255 0 205 79 231 56 37 13 79 113 174 16 243 125 242 180 105
    0 210 0 47 23 207 255 214 84 117 173 49 132 0 0 0 226 103 242 147 20
    66 255 89 255 152 255 76 0 251 0 0 255 0 109 0 255 232 78 72 255 102
    51 230 255 53 240 136 209 11 255 0 197 255 105 0 206 130 119 0 154
    116 92 0 30 72 194 53 240 190 13 21 255 255 255 55 0 13 0 0 103 192
    93 200 28 255 255 102 33 255 255 18 255 0 0 0 87 13 29 0 145 196 0
    255 93 27 215 255 0 94 184 0 255 255 18 24 255 205 64 255 87 248 172
    83 255 0 119 255 9 152 255 31 255 0 138 176 0 101 238 23 66 11 30 0
    162 255 0 63 103 215 205 255 169 0 96 0 0 0 255 251 255 0 103 240
    248 0 4 82 21 133 243 248 175 64 20 30 70 122 108 0 176 255 255 255
    33 0 7 206 255 255 228 83 255 146 18 0 191 93 238 0 151 18 255 0 242
    255 194 27 78 255 0 255 255 151 0 77 119 0 162 0 170 255 43 248 0 0
    122 20 49 209 0 94 161 255 0 0 0 27 255 104 0 124 66 0 0 73 255 0 55
    122 255 90 255 236 146 195 176 126 54 0 0 187 255 32 0 212 0 255 77
    201 161 0 0 255 213 255 255 0 90 0 136 201 134 45 0 255 0 62 232 29
    39 178 180 114 0 87 195 10 122 132 180 4 8 171 164 249 224 255 114
    71 0 255 88 233 58 250 130 175 7 48 255 131 176 45 0 0 187 66 154 89
    255 255 16 0 255 19 0 149 85 108 97 0 255 0 0 255 0 142 255 0 0 104
    72 0 255 222 0 245 50 251 0 255 0 131 202 197 0 51 3 239 255 187 13
    77 255 172 185 110 113 74 111 255 243 255 255 17 0 242 143 53 231
    134 113 136 39 245 93 29 157 0 255 0 117 241 201 255 81 84 31 182
    202 107 45 51 232 0 0 255 154 100 181 0 231 0 0 255 0 129 0 153 173
    67 137 255 180 167 0 255 255 255 0 77 97 96 80 0 233 0 44 178 6 184
    233 0 215 255 5 195 129 234 110 164 0 41 0 169 255 255 255 50 255
    255 132 255 231 126 142 140 86 255 0 186 248 171 65 199 188 130 255
    255 0 112 218 229 255 31 255 25 172 100 15 255 0 244 0 24 0 0 224
    139 67 105 255 0 116 228 91 232 0 43 246 9 76 255 144 150 91 255 152
    202 0 207 0 240 48 126 196 197 104 0 0 132 255 178 101 208 12 90 0
    96 107 0 246 0 0 0 52 225 0 147 0 0 213 44 97 88 79 0 255 56 24 137
    0 255 255 108 17 245 202 80 255 0 255 255 68 43 255 0 24 101 227 227
    0 255 127 100 255 125 0 255 100 0 0 0 226 16 183 156 249 126 82 255
    90 142 163 205 219 13 190 30 244 244 36 237 80 0 14 164 225 141 255
    18 255 235 255 208 0 0 160 91 4 125 0 134 90 193 232 0 151 246 255
    94 177 152 165 255 0 177 248 48 0 255 0 186 255 0 0 89 255 255 255
    137 255 0 255 171 85 19 101 0 255 0 0 113 172 184 85 18 137 255 242
    222 237 10 120 0 255 199 0 255 72 0 242 0 211 0 255 255 0 44 0 248
    234 121 120 229 173 197 243 217 52 0 24 255 43 232 117 245 0 223 35
    0 244 255 22 125 255 255 27 0 118 80 89 99 126 185 255 0 219 133 152
    255 0 255 255 19 203 0 37 204 0 0 0 0 201 224 189 135 255 135 94 0
    255 0 0 255 159 94 200 41 144 255 34 134 0 255 206 6 194 30 142 255
    1 255 255 0 0 188 186 29 146 229 255 177 142 0 0 206 0 48 134 55 196
    125 0 0 0 255 124 0 255 255 255 179 255 255 127 173 145 239 0 208 75
    62 38 108 255 255 235 22 0 0 77 93 195 154 180 102 214 0 247 0 0 192
    110 152 105 0 81 71 0 180 103 0 95 143 117 0 203 126 159 252 0 74 21
    35 0 255 116 79 140 255 255 255 0 162 44 53 163 214 72 163 0 13 197
    226 186 126 30 0 255 141 231 0 106 255 191 255 181 49 0 210 255 255
    0 255 68 118 248 255 2 255 0 255 0 246 255 255 225 86 0 22 165 83
    198 236 69 0 188 39 0 237 189 30 87 255 87 78 11 5 22 0 25 255 0 112
    110 56 218 255 255 91 50 176 0 100 108 250 255 255 255 188 127 142
    198 0 0 7 255 177 0 255 47 124 255 255 129 160 126 0 255 16 0 0 199
    0 132 255 115 112 255 255 244 0 86 185 255 132 31 150 46 255 89 200
    181 255 255 52 202 251 236 230 0 146 53 144 155 0 0 0 172 155 136 83
    97 167 137 36 226 209 0 173 255 255 251 53 252 113 255 255 199 0 0
    255 0 0 228 240 0 74 200 0 182 0 189 61 163 255 21 49 0 255 82 30
    107 255 0 131 0 255 41 130 152 255 64 0 186 76 177 255 187 0 181 255
    162 178 170 221 0 0 223 0 189 251 8 86 0 247 205 59 93 25 255 0 255
    151 168 0 255 175 253 36 54 182 2 60 169 25 86 255 0 57 68 0 28 0 4
    21 92 0 248 255 255 103 23 255 92 157 122 92 69 255 34 0 37 0 255
    113 70 255 109 53 160 3 180 0 0 0 0 148 255 82 0 255 27 0 255 0 223
    253 195 255 182 132 255 0 255 108 255 38 0 56 255 0 40 209 35 79 137
    255 247 255 242 18 0 0 80 86 95 255 255 255 154 20 255 0 0 0 0 255
    202 69 65 255 255 130 133 27 82 194 159 83 255 91 179 146 255 231
    214 255 0 39 80 0 227 108 0 138 0 57 0 159 106 0 203 255 132 255 0 0
    253 201 223 0 0 157 230 239 0 126 11 205 0 255 164 255 255 124 255
    54 254 43 0 75 72 0 255 242 239 47 167 255 111 159 255 255 238 147
    84 50 146 25 255 0 5 235 6 0 108 47 0 2 39 65 134 0 181 0 126 59 78
    27 25 146 158 213 0 81 28 123 255 0 67 255 11 78 0 0 0 232 205 44 0
    255 70 58 0 0 156 0 0 58 136 33 255 215 130 0 187 112 78 247 149 255
    64 239 201 249 85 105 255 128 112 220 249 149 73 18 0 208 255 255 0
    255 255 62 15 208 222 16 255 131 203 49 46 143 0 255 56 59 0 66 255
    18 12 0 219 204 0 32 192 0 24 172 0 232 0 0 255 0 195 220 0 176 0 74
    12 255 0 0 1 255 255 228 1 100 173 255 39 80 255 255 0 55 138 75 0
    44 255 139 184 255 255 127 0 14 142 143 71 255 255 211 0 40 33 61
    100 32 92 27 0 0 255 0 255 255 255 230 102 225 73 0 255 81 189 255
    151 0 0 157 71 148 255 255 100 255 127 0 249 255 0 0 113 0 217 255
    64 0 119 69 0 0 26 138 9 6 240 98 121 255 180 109 135 151 58 0 57
    255 23 86 255 37 255 228 224 255 250 255 94 248 149 255 229 255 255
    122 99 110 0 226 208 255 0 234 145 173 0 0 139 155 230 141 102 132 0
    133 251 255 139 184 154 255 0 200 196 255 37 79 23 94 0 0 162 164
    107 255 136 48 30 255 255 0 198 255 66 209 159 255 0 0 223 255 255
    255 1 246 138 0 4 255 129 66 255 0 70 168 255 0 24 41 140 255 94 0 0
    241 86 76 0 255 42 255 113 255 4 47 99 255 207 0 137 112 172 87 189
    103 199 192 78 2 128 255 224 182 255 72 149 142 3 220 0 255 160 74
    255 157 43 226 255 235 255 255 255 255 0 255 65 169 150 220 0 130
    106 0 255 154 0 65 228 116 0 97 255 155 221 187 240 98 21 64 255 0
    197 123 82 255 152 255 47 117 41 45 74 16 255 0 6 0 194 142 116 35
    92 71 255 255 0 0 38 204 255 31 0 68 0 210 88 120 0 146 116 164 0
    255 0 242 255 0 0 255 74 113 255 28 110 44 147 253 0 200 176 248 59
    0 0 39 147 205 0 0 166 46 255 185 14 204 99 129 0 191 255 96 13 19
    71 0 48 105 33 99 239 233 255 255 244 105 126 101 0 255 255 0 255
    255 255 255 38 179 0 186 59 139 255 0 0 201 130 130 163 111 248 80
    237 255 7 255 180 67 38 255 217 146 255 12 26 0 60 163 66 43 255 252
    149 166 3 172 255 14 29 44 70 252 108 0 0 0 207 32 232 0 0 130 169 0
    41 255 0 255 72 156 120 166 224 41 18 0 36 220 229 0 3 0 97 255 0 0
    194 121 255 255 255 255 255 91 200 0 36 218 0 237 255 193 0 0 209 12
    143 112 179 159 255 132 0 10 255 17 0 131 0 0 0 0 255 176 4 129 0
    255 253 0 174 154 168 173 255 21 0 36 247 255 138 255 111 255 243
    188 255 97 147 224 176 218 0 255 155 0 100 0 222 250 255 252 255 139
    255 166 0 165 255 226 14 163 4 211 153 255 21 139 111 23 255 86 255
    7 52 171 118 215 168 47 214 222 233 175 0 46 0 36 66 0 0 113 173 214
    162 194 41 127 255 149 85 98 255 255 27 52 124 255 153 100 231 255
    168 0 255 228 255 0 228 73 45 7 0 114 0 0 170 245 255 255 255 255
    255 255 129 215 240 27 255 0 0 0 0 152 208 255 38 92 255 7 0 54 62
    197 119 2 229 98 143 255 127 114 157 126 255 161 255 173 10 151 99
    156 0 0 0 0 0 197 0 20 255 0 0 120 135 221 198 43 255 0 171 18 226 9
    200 0 255 0 255 0 0 173 255 1 20 255 40 105 219 0 255 164 4 98 72
    255 0 106 235 164 250 255 255 0 0 241 226 9 0 86 0 238 0 198 0 134
    153 198 129 255 255 255 255 255 217 255 65 187 255 113 48 88 112 234
    224 70 0 211 66 53 255 157 80 52 255 249 193 131 240 255 167 255 171
    255 64 221 106 0 130 176 240 164 255 255 29 255 255 48 107 159 48
    220 255 255 123 0 0 0 0 0 89 249 0 255 255 45 213 255 255 0 24 240
    131 0 0 114 0 43 255 255 48 42 133 0 173 127 132 255 12 255 0 25 255
    168 0 169 0 200 60 0 255 0 30 255 13 164 73 255 255 66 255 255 29
    170 159 192 159 111 0 0 136 156 131 255 182 13 245 255 135 186 162
    255 195 75 255 91 56 163 133 87 50 2 45 0 255 17 1 255 173 19 255
    255 255 227 35 255 4 255 130 245 74 138 19 58 51 0 11 173 70 255 56
    226 120 29 181 150 255 0 83 95 0 255 247 255 79 62 63 193 236 72 255
    255 0 120 39 255 22 192 225 0 237 84 0 33 0 233 255 21 230 249 255 0
    181 0 139 255 154 255 196 150 44 205 92 255 255 7 244 255 61 255 156
    255 2 95 29 255 158 116 80 255 0 53 115 0 245 165 127 255 63 227 255
    255 211 255 174 228 136 255 0 0 243 76 215 123 53 67 54 18 117 254
    255 44 135 90 165 14 255 143 83 239 0 0 73 0 253 113 255 208 129 186
    178 29 206 0 86 144 112 255 181 207 232 144 236 136 0 111 255 16 255
    62 255 98 0 0 122 0 113 138 58 134 173 255 192 255 0 99 255 0 5 161
    79 115 52 46 0 0 161 139 151 46 103 27 255 0 0 111 127 35 227 246 96
    191 42 238 53 4 176 191 53 18 69 149 255 215 74 255 0 64 207 0 0 184
    54 0 255 255 0 255 0 179 255 185 255 100 255 0 38 52 210 0 10 0 159
    127 235 0 206 255 232 92 118 196 0 255 0 255 135 145 0 243 153 255
    255 175 255 230 0 226 110 255 255 254 245 0 255 155 5 255 73 147 164
    0 46 255 0 0 0 255 25 124 255 0 67 94 10 97 28 51 0 0 0 0 255 106
    161 0 114 101 0 0 227 73 230 255 202 45 9 24 255 231 255 165 61 0
    255 60 53 157 67 0 196 206 255 255 39 255 0 209 193 4 255 36 115 198
    252 248 231 255 15 26 255 48 185 153 255 91 200 4 208 95 0 8 209 9 0
    255 181 190 139 5 116 115 255 232 73 169 255 216 82 206 102 33 159
    255 16 129 0 68 197 11 255 0 195 0 51 255 255 255 27 252 0 125 92 0
    236 185 0 37 0 58 0 255 255 0 0 255 137 0 255 228 79 0 166 0 218 0 0
    255 160 221 0 143 126 247 0 0 79 75 0 164 199 255 2 255 216 214 255
    255 90 236 86 229 0 79 255 0 179 255 73 68 45 0 18 106 172 0 240 113
    118 0 79 0 93 255 134 255 255 255 255 107 255 153 58 21 255 255 178
    190 163 163 216 162 255 199 242 212 255 90 255 195 56 160 0 0 149 79
    161 235 255 255 57 0 174 0 134 193 0 171 0 0 106 4 0 212 0 222 209
    96 49 219 59 255 4 254 153 90 255 191 0 82 0 73 95 73 155 224 249 92
    0 250 255 153 94 240 94 0 89 255 0 255 177 255 255 255 0 0 34 27 161
    9 31 90 155 243 98 127 188 242 194 0 14 95 255 53 19 0 175 255 85
    230 65 255 0 39 243 0 113 191 118 175 141 73 0 134 65 101 12 64 255
    55 213 17 1 255 255 57 255 0 255 147 231 255 35 218 22 219 205 213 0
    0 255 0 223 0 153 246 255 13 255 177 242 76 163 150 9 0 91 201 183 7
    146 211 31 159 92 244 128 138 210 129 250 0 168 255 0 7 162 246 75
    152 255 255 60 128 145 4 2 216 2 255 190 0 135 183 255 200 109 0 255
    220 0 255 85 255 0 44 122 76 255 44 191 56 255 255 57 255 239 255 0
    70 138 255 0 65 165 131 0 10 214 0 10 255 0 63 255 254 0 48 244 0
    255 216 255 255 13 209 143 65 14 0 100 26 217 115 63 161 0 137 0 62
    107 3 18 215 176 235 61 0 255 192 255 124 198 0 0 114 141 255 0 162
    255 4 185 186 223 0 41 255 0 60 255 255 0 255 52 244 147 255 120 32
    0 52 165 210 80 227 0 36 255 194 19 180 255 0 255 54 0 181 0 0 0 0
    255 47 248 229 255 6 218 108 255 255 70 255 126 191 112 55 12 0 0
    139 25 0 84 0 0 74 18 152 43 135 114 0 173 52 0 249 237 23 112 226
    81 163 14 138 184 162 184 153 124 193 255 255 168 0 131 0 106 255
    224 18 162 255 87 119 227 112 11 0 155 255 41 106 255 255 194 97 124
    255 0 218 255 50 118 118 48 89 255 202 88 135 114 53 191 255 197 0
    255 95 54 188 0 137 3 137 126 226 0 61 0 255 236 20 19 119 0 0 201
    66 44 205 122 70 173 184 206 242 191 59 19 8 0 0 141 83 244 0 155
    164 18 18 142 247 39 255 132 255 194 0 255 0 172 119 37 209 209 255
    255 255 137 142 66 255 255 65 253 255 255 193 143 29 255 90 0 168
    255 206 176 216 212 136 255 37 206 185 82 89 122 255 208 0 245 36
    132 197 201 1 232 0 5 19 255 53 255 243 255 22 173 0 154 199 24 255
    214 68 68 59 55 0 201 245 0 74 0 26 0 0 126 39 106 255 0 100 255 59
    255 226 0 104 3 0 172 82 0 204 255 255 86 155 144 255 11 88 193 19
    200 192 255 0 35 69 29 73 255 89 233 95 0 239 185 185 180 13 95 133
    171 0 240 146 223 14 0 7 255 0 255 0 22 255 102 85 255 194 149 0 255
    158 112 24 104 255 255 248 77 116 0 0 237 151 0 81 255 171 0 255 255
    166 81 0 164 52 237 212 255 255 0 53 255 218 168 0 120 182 250 201
    81 101 247 255 45 168 94 90 49 96 255 135 64 255 138 56 255 197 255
    255 191 242 142 242 39 118 176 255 41 113 0 218 197 255 123 245 210
    255 0 0 0 153 245 255 0 0 184 0 205 255 0 0 0 255 255 0 187 54 178
    159 66 177 0 58 0 201 210 18 210 255 44 255 0 255 62 85 255 136 10
    62 186 171 0 255 255 134 95 0 99 255 255 0 97 18 170 157 134 117 0
    87 56 126 0 26 152 0 1 0 0 175 179 255 0 71 0 2 226 0 248 239 166 0
    92 89 0 78 0 0 123 161 92 64 255 0 167 201 255 231 233 255 0 33 101
    171 255 16 0 247 3 16 255 0 213 151 255 255 132 243 255 0 255 254
    129 243 0 15 112 67 255 255 232 255 230 107 0 193 0 255 197 0 237
    177 58 255 255 120 208 255 255 0 63 101 84 5 0 255 230 189 210 255
    255 162 255 103 255 255 0 62 65 102 123 0 96 52 0 254 39 150 0 255
    22 245 144 61 204 110 255 245 214 255 231 0 196 200 243 181 217 140
    143 0 1 203 82 0 0 128 14 168 88 205 0 146 77 21 203 208 255 140 0 0
    255 21 0 148 254 255 68 0 2 237 216 221 79 255 104 110 0 0 213 255
    255 49 23 159 244 255 139 158 238 199 122 255 56 29 46 225 220 0 223
    88 255 62 47 172 100 154 255 241 0 0 236 224 48 255 255 49 255 255
    143 59 106 168 244 255 57 57 0 142 117 255 112 0 98 187 100 186 255
    161 245 0 65 0 0 29 253 211 96 88 158 80 0 0 200 255 0 0 153 168 187
    249 23 205 255 255 24 45 254 255 252 0 149 223 111 255 121 133 225
    68 176 0 121 98 0 0 254 255 197 105 61 186 0 19 255 198 161 147 255
    120 158 72 46 226 255 255 0 26 255 16 0 167 201 214 212 154 37 73 46
    247 126 117 255 0 255 38 26 255 112 181 0 0 181 248 133 34 99 41 189
    122 116 210 153 11 240 150 37 0 33 128 0 255 97 192 0 255 151 255
    236 12 40 128 0 151 97 48 60 208 138 0 255 255 255 23 229 255 0 255
    255 15 51 98 6 0 112 87 4 125 207 105 109 17 0 67 30 0 0 255 255 0
    255 255 86 0 255 255 180 0 120 141 0 187 255 168 0 174 255 140 171
    255 138 0 6 0 237 255 0 255 191 255 255 12 126 0 233 98 141 0 255
    150 255 255 172 193 31 41 255 57 145 255 80 255 255 133 255 51 78 72
    255 0 255 33 133 0 60 188 41 170 0 9 0 63 216 138 0 9 255 183 0 255
    224 184 116 30 37 0 255 196 0 64 0 137 207 0 173 255 221 0 255 0 13
    159 255 37 186 255 255 0 62 230 220 255 255 230 243 255 106 217 255
    176 31 255 76 0 158 0 0 0 0 0 222 73 0 0 208 255 0 149 95 124 59 33
    0 230 145 0 255 71 152 0 153 201 30 22 162 255 209 180 0 23 255 151
    104 255 236 162 156 0 255 255 120 0 0 236 136 255 37 59 197 94 45 96
    255 45 153 255 100 255 164 0 255 229 255 255 117 164 192 85 97 40
    233 0 0 255 128 37 0 171 179 227 255 255 19 208 0 196 0 51 195 189
    255 246 89 46 177 203 61 0 255 0 255 240 107 0 255 255 65 87 138 0
    24 227 255 8 0 0 72 0 0 0 0 162 0 255 41 4 64 200 0 129 50 34 19 51
    191 0 197 255 6 255 255 0 145 164 0 226 30 0 0 62 80 0 222 65 0 230
    255 255 0 0 12 101 179 77 0 0 0 117 124 49 50 101 175 79 252 255 80
    0 149 0 255 255 208 0 255 66 0 255 171 159 141 147 62 19 33 82 0 255
    0 0 255 255 252 14 255 47 198 162 255 152 2 255 166 140 0 192 58 255
    0 145 0 46 166 25 255 38 0 166 255 231 127 47 83 137 53 108 53 9 0
    196 255 0 129 173 7 0 182 48 132 21 219 255 0 255 119 255 47 197 255
    255 0 174 69 0 0 170 0 247 222 146 69 108 110 19 167 255 0 241 29 38
    28 255 0 0 172 67 255 71 75 255 5 0 188 38 255 255 255 32 255 5 181
    0 189 0 0 140 125 246 200 206 255 0 38 243 0 202 0 255 255 131 0 119
    241 0 233 220 19 40 155 239 72 109 0 25 255 255 114 255 110 112 219
    196 17 83 130 207 162 177 157 31 255 0 0 91 255 255 38 44 0 87 1 129
    206 103 191 0 81 43 255 0 255 249 251 80 229 66 34 71 1 225 77 173
    228 255 222 255 88 161 35 0 15 240 255 71 184 76 214 192 127 160 0
    255 0 255 255 239 29 125 89 71 0 255 89 135 53 156 108 0 175 0 0 128
    135 0 108 255 8 235 0 255 107 0 0 0 126 0 28 0 0 0 101 0 255 0 255
    240 255 26 0 252 220 0 83 0 168 255 250 161 77 0 232 119 255 0 107
    255 0 249 211 255 251 0 235 13 173 255 73 0 17 104 5 13 0 133 53 123
    178 31 117 15 248 255 222 146 90 248 166 77 149 0 252 255 0 39 0 17
    115 111 228 224 244 221 82 69 0 255 243 203 187 185 52 180 195 152 0
    43 120 30 238 242 255 0 179 255 181 36 195 1 0 107 241 86 109 255 5
    187 168 255 0 175 225 133 255 26 92 167 131 0 206 113 33 255 18 103
    0 255 32 26 220 230 212 255 75 0 105 221 255 0 59 255 0 255 248 63
    84 216 22 107 104 0 0 35 255 0 182 183 249 152 217 255 0 95 59 220
    96 255 63 0 185 255 133 201 0 56 255 255 40 123 92 133 0 0 131 214
    182 204 255 255 55 119 32 132 0 233 55 0 0 255 255 244 0 236 70 79
    96 0 0 141 255 134 255 140 0 210 102 70 128 0 255 255 255 255 82 255
    244 106 140 255 11 187 255 255 255 135 177 193 0 18 229 0 29 255 228
    110 194 54 0 0 214 0 121 103 10 155 201 255 129 149 255 80 127 0 0 0
    148 140 29 244 253 224 223 89 88 0 153 82 0 87 181 165 138 255 165
    58 6 106 189 0 0 46 20 230 247 58 233 46 207 227 0 207 36 255 253
    136 255 0 0 61 255 231 203 255 136 248 146 65 0 0 82 41 210 73 39
    252 124 27 255 136 238 0 0 233 140 0 249 255 17 51 255 42 0 108 0
    255 3 204 0 142 255 0 0 255 149 218 32 58 211 175 0 70 0 78 152 85
    255 255 0 255 240 178 14 39 209 242 255 251 211 143 71 0 255 255 113
    255 214 234 70 0 229 0 107 0 160 255 255 255 0 255 93 0 0 255 15 255
    82 255 255 0 27 156 4 0 244 0 0 255 139 47 126 188 139 228 253 255
    199 42 195 255 197 132 0 127 255 215 0 6 72 0 99 0 0 92 255 0 152 0
    0 49 255 70 180 214 12 255 0 59 66 145 255 0 255 204 42 0 77 255 255
    255 255 221 255 152 188 255 111 255 0 130 41 247 44 83 250 105 133
    255 0 0 67 0 0 195 238 255 79 255 112 71 160 255 82 90 129 7 255 109
    104 112 255 135 183 217 255 41 120 253 171 0 78 0 255 125 184 46 174
    145 45 124 118 92 246 52 255 209 137 255 220 255 158 187 255 96 0 0
    255 0 168 167 255 255 81 114 71 0 255 181 155 255 0 75 53 0 88 255
    255 194 14 255 249 255 255 255 55 0 255 229 126 0 144 187 0 225 0
    255 31 37 255 63 255 208 0 194 0 99 230 53 245 0 229 161 134 108 0
    255 0 255 255 195 136 0 0 0 32 255 223 0 119 219 0 39 130 0 255 0 0
    163 0 0 112 0 255 189 255 118 112 0 21 198 98 210 0 177 26 23 244
    255 249 246 0 161 219 68 32 0 255 0 255 234 182 0 255 222 0 0 39 12
    255 187 106 255 255 143 255 38 124 69 0 0 137 69 197 0 239 255 0 46
    255 113 0 255 255 105 3 150 11 78 108 0 39 240 172 138 0 255 255 255
    82 224 109 39 203 0 145 122 252 0 0 109 126 255 255 253 59 83 255 26
    255 47 250 49 128 97 116 71 67 0 191 197 206 208 0 192 151 158 0 255
    0 0 28 255 0 62 41 134 35 255 255 255 251 142 146 166 245 0 170 0 0
    7 0 104 156 0 194 32 255 121 127 170 249 0 144 0 154 59 48 83 0 186
    255 0 59 39 1 255 237 52 36 255 255 94 199 121 255 0 180 235 255 191
    8 255 13 108 255 0 113 206 155 119 0 255 255 152 255 255 255 69 82
    237 189 215 169 214 0 255 199 62 14 97 153 10 255 255 0 255 68 126 0
    198 249 228 33 255 58 69 255 15 228 225 255 93 92 0 255 255 0 158
    255 102 255 170 106 234 0 202 0 0 99 0 0 23 252 110 0 178 255 0 255
    43 221 7 255 255 143 194 255 202 255 118 0 226 124 255 0 0 228 225
    161 0 187 13 40 182 162 125 0 255 255 143 243 255 255 160 191 140
    255 255 174 20 133 212 29 224 0 255 142 53 49 95 255 11 0 0 43 52 0
    0 0 255 242 83 66 255 0 0 255 0 24 47 0 0 255 66 89 86 176 204 64 76
    90 217 130 212 108 0 246 186 28 221 226 122 79 0 26 255 0 221 255 0
    140 255 24 0 52 255 198 0 56 84 193 9 72 39 103 0 0 255 255 0 189
    149 0 50 255 255 244 0 96 124 235 166 185 183 252 217 255 1 0 117 89
    18 3 63 189 131 82 255 35 23 158 0 42 230 219 0 255 0 132 0 255 255
    0 0 255 147 142 243 23 36 33 4 255 37 129 225 0 242 255 201 108 202
    255 43 4 0 255 117 215 77 0 236 255 0 42 0 0 255 240 255 255 186 0
    149 20 0 255 138 0 80 153 0 0 240 215 106 255 255 0 141 0 255 117
    255 255 0 37 170 150 234 155 255 179 255 0 21 254 217 199 255 82 0 0
    0 218 0 0 170 138 54 152 29 0 218 0 255 29 224 241 255 226 239 5 76
    196 202 121 70 240 201 253 255 125 63 0 255 255 165 78 77 162 181
    131 33 113 86 189 230 8 121 42 117 57 209 167 114 91 18 0 10 93 255
    187 13 224 18 0 255 93 201 124 0 153 0 174 0 136 61 62 199 0 202 221
    156 0 255 0 163 251 63 255 208 78 151 222 0 0 235 0 255 106 255 199
    19 188 229 255 183 0 255 19 49 0 80 60 91 64 255 204 255 255 255 0
    49 206 0 97 204 243 196 165 56 230 200 231 33 0 146 0 162 42 97 255
    146 232 35 0 94 255 0 12 96 120 113 47 250 109 135 0 0 0 44 255 156
    40 255 124 255 255 165 218 255 8 191 97 255 190 0 114 158 0 255 0
    188 0 0 0 0 7 110 100 148 92 3 0 151 254 130 136 0 148 0 63 255 74
    60 51 255 0 143 164 44 0 22 195 61 243 71 141 45 25 195 0 110 0 110
    217 0 218 61 255 17 85 255 55 83 255 240 155 255 170 32 16 178 255 0
    198 0 0 255 87 172 213 255 187 247 137 255 131 25 220 0 84 159 67 56
    182 0 73 52 153 162 167 0 191 98 0 0 126 255 0 17 255 63 165 35 248
    218 212 255 193 255 0 39 0 0 200 0 2 0 0 168 184 255 255 255 255 0
    255 255 0 255 255 0 255 106 37 182 175 3 159 146 254 255 91 255 255
    210 255 78 127 181 83 41 255 40 176 0 0 172 148 0 255 255 98 81 77
    49 205 9 2 214 152 36 238 255 255 115 255 56 0 255 132 255 138 26
    161 110 0 0 25 187 158 132 49 255 0 191 0 255 0 18 97 255 0 92 71
    129 160 255 167 42 252 207 59 0 27 255 78 4 228 13 41 105 0 37 87 88
    18 189 255 255 0 230 29 255 249 255 255 255 82 0 255 190 161 101 42
    255 255 172 134 107 0 167 32 254 255 255 255 104 251 169 254 65 119
    15 0 255 128 214 234 233 186 41 113 26 0 0 153 64 20 0 0 255 0 0 30
    168 151 80 0 255 0 255 20 144 50 160 255 0 212 0 139 196 0 255 193 0
    164 235 75 0 174 255 168 0 219 169 255 27 0 255 118 255 166 240 0 0
    254 56 87 160 0 194 166 254 222 255 54 0 158 132 164 172 255 236 168
    0 0 255 31 228 255 229 164 0 255 0 96 0 219 112 0 139 179 215 114 0
    226 255 0 14 172 31 173 215 57 0 226 70 88 255 21 0 196 216 31 220
    218 76 0 166 115 54 93 90 255 61 255 255 141 222 0 106 0 255 93 215
    48 0 202 255 0 24 0 19 0 240 197 255 255 167 82 255 170 85 244 105
    156 116 46 197 0 63 255 255 250 154 71 131 0 27 54 193 103 255 226
    162 110 121 255 54 255 2 224 91 209 255 255 72 216 255 0 0 156 0 255
    134 134 255 255 238 0 221 255 255 27 18 255 0 255 0 0 29 0 80 216 0
    187 27 197 160 255 186 91 255 255 72 254 157 0 223 255 0 0 0 252 108
    103 251 0 0 255 255 40 120 0 150 220 187 235 144 193 22 0 252 255 0
    152 79 0 255 93 18 214 33 145 174 255 51 118 170 183 42 0 155 215 91
    247 240 0 148 61 255 0 255 97 0 212 169 151 150 0 255 0 98 91 255
    105 16 217 255 228 99 255 0 147 132 133 255 7 255 255 0 0 255 0 0 42
    0 148 255 18 239 255 255 255 60 0 180 245 37 0 153 21 18 255 205 0
    157 255 225 69 0 0 255 129 255 255 58 149 248 124 84 255 205 228 128
    235 255 66 0 195 0 255 0 63 20 167 255 56 255 255 255 255 48 68 155
    110 151 114 63 127 0 196 178 255 18 0 0 123 4 112 104 149 131 24 207
    0 127 255 217 0 166 161 26 73 255 42 42 163 165 83 218 141 98 255 77
    122 0 130 255 198 255 0 90 181 255 99 127 99 200 255 254 230 20 0
    153 0 229 15 0 104 20 238 129 255 235 39 108 174 7 56 179 123 0 137
    255 5 197 124 191 107 0 0 96 0 220 255 255 0 122 246 139 255 255 31
    255 23 49 255 95 209 65 192 68 245 255 0 237 168 0 72 255 23 43 110
    28 219 159 255 245 0 0 0 255 144 93 255 130 180 163 255 142 255 255
    155 250 255 101 43 14 202 0 155 100 177 195 255 230 37 255 0 0 190
    255 0 0 14 0 52 114 139 0 0 255 241 0 152 16 6 55 21 196 255 78 121
    36 139 207 86 0 246 0 169 114 107 97 0 0 178 177 0 255 87 89 98 255
    0 16 0 191 96 100 255 208 255 207 129 0 121 222 0 92 140 41 84 57
    212 0 255 255 0 185 82 86 224 10 164 108 255 255 202 255 117 255 0
    91 217 222 112 0 159 0 140 0 62 0 0 242 242 109 84 255 234 97 228
    151 11 106 156 63 255 255 255 255 246 0 199 255 0 28 68 227 146 0 20
    255 41 255 0 234 27 0 178 255 117 255 0 134 0 255 169 105 0 128 201
    118 255 27 252 255 121 112 114 223 206 0 0 81 255 128 165 72 0 255
    116 255 255 235 0 216 20 150 0 223 0 0 0 2 235 201 91 174 212 255 49
    203 255 152 255 255 0 141 255 234 102 0 255 255 0 220 255 255 255
    120 230 16 150 0 54 0 0 255 47 255 79 0 255 213 0 169 17 155 77 139
    181 0 255 92 255 51 153 158 23 25 144 192 10 111 46 166 224 195 255
    194 255 159 87 248 90 255 180 237 13 58 221 41 210 203 86 155 0 255
    225 0 255 90 255 0 224 234 0 200 56 0 129 232 206 0 22 23 255 255
    244 178 140 0 0 236 20 255 135 66 255 0 255 0 195 183 145 173 19 123
    157 137 250 249 77 255 198 142 208 0 188 85 0 53 0 206 255 255 0 0
    239 164 0 72 255 235 255 246 255 143 249 32 184 232 0 255 13 0 0 129
    255 0 255 255 173 11 255 95 149 45 3 251 255 20 105 255 52 153 223
    233 168 117 0 79 255 0 0 248 0 0 38 227 0 212 127 132 219 0 255 0 12
    41 0 255 85 7 209 14 86 210 0 0 255 164 73 33 252 255 0 0 221 255
    195 34 167 0 252 129 113 197 63 28 139 111 0 33 0 20 0 92 113 0 9
    161 184 219 0 0 255 0 0 43 0 255 0 0 98 0 255 156 255 0 6 211 255 0
    86 0 144 255 217 0 255 0 0 132 1 103 83 0 255 255 0 255 255 111 255
    241 0 206 0 188 255 255 230 27 255 255 202 247 178 255 120 145 176
    124 255 215 255 27 0 254 141 4 97 101 255 10 97 91 0 0 201 48 255
    166 123 255 62 170 255 90 186 0 0 0 91 210 0 144 38 179 255 255 0 0
    158 136 192 255 0 85 209 255 174 222 255 36 165 255 222 0 255 96 4 0
    250 0 15 59 100 54 36 123 190 141 43 255 75 53 255 0 210 180 222 206
    229 51 0 191 193 74 255 254 255 85 255 202 83 255 7 161 174 178 255
    0 107 255 234 255 68 196 207 255 153 35 134 0 69 255 255 169 0 0 197
    0 194 86 157 229 57 0 224 62 0 255 0 0 227 217 70 219 245 0 196 181
    64 219 43 255 223 0 246 255 26 190 59 116 255 255 0 102 145 0 105
    115 255 129 109 255 165 0 219 73 169 0 0 0 0 0 128 255 160 141 118
    255 51 234 253 105 0 237 202 0 0 100 255 255 0 1 154 188 32 245 0 0
    56 244 0 173 160 225 214 0 198 255 224 140 255 208 0 244 4 1 109 255
    0 0 55 215 233 174 17 255 255 0 255 80 254 167 0 81 255 210 0 255 87
    158 108 96 0 255 251 158 255 36 26 255 71 64 159 255 179 255 255 255
    0 36 255 145 160 251 236 0 0 0 164 0 147 224 0 69 141 192 0 0 157
    255 20 255 243 148 226 46 255 0 221 91 0 0 0 243 168 46 255 255 106
    37 0 0 50 239 120 255 0 168 20 0 40 255 110 255 33 121 239 0 0 255 0
    105 175 196 254 2 191 0 5 95 201 154 255 53 99 0 255 219 195 40 19 0
    54 255 227 0 255 100 83 65 90 16 255 255 255 94 231 170 255 255 147
    132 165 0 231 255 255 255 183 4 104 56 220 0 171 253 0 242 78 14 255
    169 7 97 0 66 86 255 255 0 241 255 23 0 0 215 239 183 255 148 0 0
    229 0 0 160 0 0 98 255 29 104 255 0 106 131 255 60 255 7 102 0 226
    178 142 255 33 137 0 178 72 255 221 137 149 255 142 0 0 255 162 18
    255 255 0 157 209 214 173 198 251 84 69 0 255 0 61 210 219 13 72 0 9
    23 165 238 119 47 194 48 255 255 209 217 0 248 138 0 0 82 237 0 87 0
    223 141 17 179 0 148 9 175 12 106 209 0 0 247 0 42 166 140 130 174
    254 153 0 0 172 25 165 47 203 182 119 0 0 38 26 0 255 117 220 72 0
    255 31 0 50 218 68 137 40 233 106 88 0 255 110 98 214 0 85 0 0 158
    34 255 253 231 9 216 89 82 255 98 9 0 152 0 177 146 42 176 0 198 0 0
    56 0 255 43 122 46 255 226 0 0 129 255 88 145 142 165 184 255 255
    121 245 0 0 255 46 67 0 102 241 113 226 44 0 255 0 254 255 107 97 24
    255 0 0 3 127 37 98 196 255 32 0 139 65 255 0 0 111 63 85 122 0 186
    255 255 220 5 248 255 73 141 1 255 242 255 0 0 155 25 4 160 75 255
    226 12 0 35 250 124 255 199 168 0 255 12 140 255 0 6 200 51 255 194
    0 124 210 255 0 125 81 171 255 0 0 255 0 146 0 255 255 0 146 120 158
    220 87 255 0 152 34 86 255 42 249 82 0 125 255 0 146 0 255 0 95 253
    145 111 184 0 255 74 0 79 255 207 0 203 80 150 108 4 255 2 255 255
    255 255 255 255 102 35 0 0 180 205 0 8 25 195 183 242 255 0 15 180
    239 70 159 201 255 166 198 167 95 2 184 84 148 19 255 255 34 50 85
    255 12 91 143 0 192 8 255 0 201 255 59 185 0 145 74 0 203 226 16 163
    7 231 80 136 204 163 0 149 98 150 82 245 219 148 255 241 255 238 131
    39 130 156 255 242 255 102 255 11 153 255 0 117 160 103 93 0 0 255
    255 153 212 247 255 255 204 92 0 95 10 196 57 153 255 0 193 162 135
    206 214 223 172 0 178 255 47 235 0 31 132 255 113 99 3 0 0 0 204 200
    203 255 0 52 187 54 41 0 62 29 199 140 0 0 255 255 255 34 255 232
    246 0 0 255 255 164 113 255 69 51 205 214 94 182 173 83 255 213 122
    255 76 108 214 254 155 244 83 0 150 0 102 156 255 157 41 255 51 255
    255 66 255 54 0 62 0 67 0 148 225 235 124 255 6 0 93 38 11 82 0 0 0
    0 140 210 0 93 0 187 80 108 255 0 255 136 255 255 254 0 255 255 0 19
    255 167 15 255 0 6 58 111 38 0 54 255 238 241 0 54 160 17 0 0 62 0
    234 0 0 42 0 132 253 255 4 162 60 226 0 12 222 199 255 21 0 177 62
    114 124 137 189 56 255 89 0 34 86 40 133 255 184 224 225 0 221 0 18
    53 255 147 85 255 24 188 255 170 255 188 255 255 243 184 35 184 0
    255 157 0 203 0 226 210 35 6 255 131 103 92 213 221 255 255 65 86
    255 155 255 87 255 2 221 255 82 180 0 149 245 0 45 211 162 26 102
    223 255 196 255 254 0 191 255 255 220 182 155 255 255 205 66 175 195
    202 20 125 120 83 255 173 14 0 0 235 126 140 160 0 0 0 57 111 214 29
    95 204 225 0 0 161 0 100 45 255 9 0 255 0 35 255 255 0 0 0 255 22
    255 41 255 232 255 255 107 8 234 0 163 255 126 170 118 0 167 119 75
    83 0 192 0 241 167 62 223 36 255 0 183 255 96 178 255 106 255 174 73
    255 224 39 0 176 0 0 183 255 118 190 255 255 255 0 255 16 152 250 22
    187 253 255 21 239 0 119 0 101 255 1 0 202 30 0 247 133 218 0 255
    255 255 180 0 148 31 0 156 255 8 63 18 255 0 198 209 0 188 57 0 247
    73 196 180 27 19 197 255 11 103 0 255 232 202 208 182 254 255 192 0
    78 255 23 132 113 70 230 15 0 255 0 137 252 255 0 113 134 30 66 0 39
    156 181 255 73 0 224 248 102 199 139 183 142 254 231 43 224 13 225
    136 245 255 99 255 0 201 16 38 255 199 206 255 255 49 0 173 255 60
    75 50 134 38 240 0 255 255 0 0 75 195 255 255 193 255 13 135 242 226
    73 255 249 56 161 87 62 0 140 249 0 65 123 0 255 7 161 255 114 0 255
    84 65 182 255 0 0 255 0 0 94 73 246 218 219 134 255 224 179 0 255
    114 0 253 37 76 255 35 0 189 4 255 162 0 255 179 216 130 205 35 0 34
    79 159 255 255 140 255 255 74 0 152 255 235 40 162 205 255 14 226 0
    100 88 0 169 23 255 92 81 165 102 35 159 205 0 16 116 255 212 88 255
    255 185 33 90 255 0 200 37 0 113 36 24 0 255 131 12 113 255 0 255
    111 0 250 255 0 0 223 239 0 107 255 239 255 162 0 0 0 225 118 0 50
    48 214 0 118 183 21 0 97 192 234 186 48 118 0 105 62 255 251 222 231
    145 0 144 0 122 255 255 0 118 56 199 224 174 157 119 0 30 168 78 0
    255 0 84 255 179 0 194 243 0 255 255 255 39 255 255 188 4 2 170 0
    255 208 109 72 224 255 78 210 255 66 208 6 198 0 42 255 193 121 255
    161 103 128 255 20 120 255 255 187 0 255 98 255 109 255 255 255 236
    0 4 0 33 175 144 255 0 66 255 47 255 255 138 0 23 49 137 80 0 227 0
    35 255 71 51 255 59 0 20 66 255 0 141 86 151 60 255 0 0 255 0 162
    255 172 255 66 255 0 66 232 0 204 0 104 84 145 0 152 173 190 147 78
    0 255 255 255 197 255 208 255 0 92 234 255 91 0 145 0 255 58 166 255
    80 40 106 0 53 0 217 255 230 237 212 121 156 139 0 75 7 255 0 249
    243 42 61 0 255 162 64 240 255 217 255 255 174 11 255 120 115 136
    248 119 0 233 34 67 152 138 0 0 25 232 171 0 196 255 0 69 255 191
    219 255 249 39 160 252 122 0 29 207 20 100 0 126 24 255 215 28 108
    184 0 191 255 87 255 173 12 241 255 48 255 6 48 255 178 0 255 57 106
    232 0 52 255 254 79 0 0 142 21 38 230 191 216 29 236 72 88 0 27 19 0
    255 255 203 255 110 255 173 161 192 255 35 0 243 64 0 0 0 29 255 72
    243 202 5 0 245 146 0 39 142 42 210 255 227 0 91 0 255 44 163 151 0
    4 39 0 220 182 228 0 29 0 144 63 255 23 68 52 0 250 3 0 255 0 251 23
    98 91 15 224 140 129 59 0 0 87 255 0 12 145 79 0 18 192 214 161 0
    253 0 139 67 0 63 0 59 158 23 4 8 172 100 255 0 125 255 103 0 255
    157 0 255 146 98 65 0 0 108 211 13 0 0 0 78 0 30 87 0 101 55 118 63
    0 255 255 0 0 19 124 7 66 0 193 57 42 205 138 0 0 204 255 255 99 75
    255 89 211 188 249 205 82 61 255 100 255 0 162 0 0 241 11 4 251 222
    19 200 120 255 145 198 111 95 0 0 184 89 255 255 168 255 202 83 170
    0 255 65 68 4 76 119 96 8 0 1 230 9 79 255 143 18 19 224 0 239 0 201
    136 182 0 171 255 0 82 31 78 55 88 255 181 255 0 0 203 230 0 59 0 31
    146 155 119 255 53 9 6 255 255 248 134 255 1 146 217 25 0 39 255 49
    0 255 255 18 218 77 255 36 111 0 93 0 255 159 48 0 255 164 0 93 59
    255 22 64 62 249 204 178 136 255 114 0 255 205 222 175 107 111 163
    226 251 255 0 0 82 166 67 0 103 212 89 0 0 248 36 58 225 0 255 255 0
    160 255 199 24 255 157 179 255 88 0 0 0 183 111 219 125 0 0 0 89 255
    255 139 72 131 50 245 55 12 132 38 255 35 229 0 0 247 4 0 166 217 0
    0 33 162 55 123 59 255 212 67 0 0 162 34 0 19 187 187 196 31 255 0
    89 220 251 242 65 49 26 109 98 0 93 24 255 35 0 209 163 255 255 166
    0 219 255 1 242 255 243 255 242 142 132 184 32 255 0 189 218 218 99
    122 160 199 0 255 229 203 255 205 201 0 19 255 18 0 226 68 157 56 0
    53 255 0 30 36 255 70 231 3 82 0 27 44 0 218 255 81 91 0 255 255 167
    70 130 80 27 255 255 87 167 252 184 181 104 37 133 196 247 40 219
    255 31 225 20 0 255 33 142 233 197 255 93 255 0 255 182 216 61 112
    45 190 230 0 181 74 0 227 0 255 255 154 154 0 228 255 13 255 15 0 90
    8 0 33 175 36 176 88 168 208 132 0 0 41 147 0 0 0 0 0 0 156 0 9 73 0
    0 0 39 42 255 239 206 98 119 134 9 200 219 198 255 44 174 0 255 199
    57 29 255 242 0 0 83 0 77 40 0 244 0 244 117 255 255 233 181 183 22
    255 15 0 199 20 255 255 255 51 37 156 180 255 0 196 151 0 255 38 15
    127 0 108 0 215 200 116 255 255 202 242 255 183 127 213 0 0 255 207
    106 72 180 27 129 0 0 178 229 244 174 0 237 255 0 76 255 255 120 110
    255 255 171 0 0 255 108 210 142 63 255 230 10 255 0 107 255 255 0
    188 229 243 9 255 0 0 255 199 68 65 168 0 255 255 255 83 86 179 134
    180 255 1 255 255 0 255 0 220 85 0 255 255 79 255 181 123 255 255 64
    162 0 229 254 84 255 78 161 0 255 4 133 65 187 66 255 141 31 143 80
    255 130 236 150 255 122 129 0 135 202 94 3 0 70 248 0 40 195 198 57
    0 137 25 130 255 48 0 85 235 26 69 255 113 119 236 255 223 255 151
    227 0 56 225 147 175 0 255 76 0 26 75 112 70 0 52 0 202 196 21 0 151
    225 255 63 95 255 106 7 0 48 255 0 255 61 180 3 224 13 66 163 75 198
    66 225 250 139 255 130 120 49 200 0 126 0 255 0 10 190 255 0 255 0
    148 0 0 97 81 255 255 164 255 195 189 255 202 19 213 0 21 140 188 0
    230 225 47 7 82 55 145 122 6 208 225 42 155 187 95 0 180 28 22 40
    133 84 204 2 53 0 0 145 255 142 19 109 87 255 255 126 24 68 0 255 82
    255 46 0 154 61 229 148 69 44 0 94 255 0 183 252 153 2 187 248 255
    26 245 236 45 136 104 0 0 0 0 122 0 202 53 107 0 255 185 203 255 198
    117 85 0 255 232 111 180 144 254 255 43 0 255 228 73 160 227 134 187
    104 146 139 124 0 255 255 163 255 0 255 255 163 255 127 117 14 104
    255 255 91 255 0 142 160 255 255 0 170 45 217 255 0 217 255 209 56
    104 111 0 57 77 30 122 208 253 255 70 0 255 255 0 231 28 100 0 125
    255 183 55 154 255 255 0 95 255 193 0 0 0 62 255 155 226 127 52 146
    108 255 255 177 253 255 241 64 98 69 197 252 79 0 44 38 0 255 0 146
    255 0 234 70 129 49 0 0 138 56 255 255 12 71 132 27 110 148 110 178
    25 73 255 255 59 104 237 146 187 230 177 27 157 72 0 200 255 0 6 40
    178 183 74 0 171 255 69 164 124 255 0 50 144 28 54 255 203 0 0 174 0
    54 131 255 255 53 255 203 80 0 144 255 0 0 255 255 173 38 255 0 49
    255 25 62 0 162 120 255 255 0 116 0 0 255 53 24 2 208 220 0 210 0 0
    255 114 99 28 255 126 0 255 0 0 255 245 255 0 139 100 40 172 0 255
    255 8 0 255 66 220 255 0 149 255 11 255 0 111 255 29 0 255 170 36
    110 48 0 203 255 107 21 225 0 235 0 25 255 233 157 195 220 28 169 63
    111 94 189 255 0 255 128 0 87 0 148 108 255 23 117 255 255 255 239 0
    230 42 210 68 4 255 255 233 255 61 169 244 152 144 248 199 115 223 6
    84 163 88 255 45 205 228 86 255 208 199 200 15 108 110 255 199 254
    82 0 186 253 4 241 255 214 0 255 114 0 255 244 205 141 25 0 33 180
    255 122 171 201 236 0 73 8 88 255 246 243 117 0 42 0 212 229 0 19 0
    79 239 26 255 221 49 216 255 190 163 107 0 255 238 9 255 0 102 240
    161 79 23 7 0 192 0 255 35 63 17 255 66 0 236 221 145 239 107 185
    112 115 92 0 8 38 96 140 0 0 255 255 0 224 0 154 158 39 0 26 36 41
    54 162 151 73 0 175 0 255 245 218 232 180 0 0 14 184 136 255 180 5
    255 112 150 226 103 99 255 69 255 255 244 170 74 213 34 0 181 80 0 0
    39 161 255 46 209 139 104 0 251 0 112 126 75 235 0 13 135 12 0 239
    18 255 0 234 255 30 0 0 255 217 96 112 142 0 0 135 149 0 222 43 255
    255 220 0 116 35 114 0 194 255 203 192 146 255 76 149 0 0 0 45 194
    216 255 0 227 232 86 0 185 246 66 0 157 112 0 0 0 15 127 255 46 255
    0 121 133 23 90 0 255 255 0 0 0 255 94 161 86 8 11 58 140 244 0 255
    212 255 56 37 255 99 128 220 229 244 255 255 142 0 249 180 0 255 225
    0 255 185 139 64 0 19 149 0 120 96 0 217 0 137 0 17 0 255 72 204 114
    20 170 23 167 0 234 255 170 188 120 255 194 0 114 122 14 50 0 0 241
    255 0 143 255 64 0 72 0 109 85 120 255 255 49 0 224 0 175 73 202 224
    0 0 0 255 255 115 255 252 255 111 255 61 255 255 255 255 255 139 0
    255 0 0 255 190 207 0 255 238 174 255 21 133 56 123 255 255 0 52 255
    0 0 84 255 27 0 197 224 0 220 0 158 106 255 100 144 53 29 107 100
    255 233 247 233 202 211 255 61 0 70 255 212 57 255 73 51 206 146 255
    15 16 255 20 0 255 18 188 255 229 255 67 244 126 75 0 161 31 94 33
    255 255 224 89 255 0 60 0 255 198 87 239 99 244 193 0 211 255 0 219
    130 255 0 176 0 194 121 255 7 52 180 187 255 0 0 172 0 124 13 255 0
    133 98 46 255 0 255 117 29 0 255 255 4 54 255 3 14 158 239 145 255
    255 152 255 0 255 53 0 255 0 18 249 40 192 255 61 255 255 222 75 255
    124 135 255 38 255 255 4 255 255 255 0 60 36 0 0 255 250 29 55 0 96
    127 181 0 41 69 101 188 14 128 154 80 125 82 232 15 65 0 82 182 141
    18 171 203 200 1 104 0 255 62 71 255 255 0 181 177 33 0 0 255 255 0
    190 66 188 0 0 255 209 0 92 161 255 85 255 25 0 58 0 7 255 177 0 0
    16 255 0 0 253 14 255 202 66 0 52 0 255 1 37 0 38 132 37 173 104 205
    68 0 0 255 255 255 70 120 56 157 0 143 218 88 120 255 64 228 116 0
    83 230 0 27 38 255 223 48 0 48 79 86 0 209 0 217 140 30 255 254 153
    120 92 255 11 27 151 0 100 0 255 0 54 218 160 255 10 227 198 203 40
    100 97 160 11 52 255 250 255 255 0 127 0 0 237 227 0 0 124 0 242 247
    183 248 0 45 4 160 0 244 221 56 255 255 232 102 91 142 87 255 163
    168 250 159 244 175 255 22 180 232 122 0 4 162 0 255 25 67 58 40 199
    0 205 230 0 0 255 0 84 255 0 180 223 0 41 47 218 255 0 86 14 91 10
    226 9 146 188 163 0 0 0 187 145 0 0 194 255 127 0 254 177 242 125 0
    17 189 0 0 243 85 255 0 0 17 225 0 0 255 140 0 255 120 144 104 26
    255 102 148 255 93 233 0 133 0 245 255 109 60 89 190 0 227 8 0 131 0
    217 173 206 100 255 255 0 0 250 45 60 0 252 168 187 0 123 0 41 0 129
    138 0 9 0 255 95 0 189 173 255 255 133 255 179 254 51 11 18 0 185 26
    113 234 18 152 229 91 5 151 202 255 255 40 0 143 235 0 52 94 63 23
    212 11 206 0 241 0 140 255 233 206 0 186 144 0 0 135 252 168 0 252
    54 255 255 0 47 203 192 0 255 0 158 117 100 10 64 204 170 205 150 39
    81 228 0 78 74 56 196 153 208 52 255 54 255 0 255 46 209 7 0 230 132
    138 0 255 3 0 255 15 153 155 255 0 146 255 75 0 0 45 227 162 0 191
    255 13 255 209 0 42 177 159 126 242 0 0 94 138 165 0 0 28 0 21 0 75
    2 210 254 209 255 214 65 106 0 157 6 0 0 173 245 243 118 15 48 180
    92 255 0 84 0 186 43 75 129 77 235 0 255 137 87 255 0 255 255 114 0
    255 255 165 0 217 0 0 116 26 34 94 1 52 255 255 188 255 255 0 141
    241 0 144 0 246 30 25 154 0 255 0 252 17 200 0 255 225 14 171 88 187
    48 255 91 0 0 237 211 197 255 255 9 2 231 42 255 0 255 61 0 100 0
    255 0 60 121 11 223 255 255 31 0 37 25 0 39 255 111 85 132 232 0 153
    255 212 17 208 168 165 0 227 255 0 36 192 255 144 255 0 255 146 0
    151 227 255 255 255 255 243 247 130 226 255 0 163 149 75 63 1 156
    218 135 151 113 11 76 7 190 107 194 249 255 51 34 156 3 255 202 107
    136 0 200 202 252 32 51 188 138 10 0 176 0 52 11 91 255 156 186 117
    175 207 255 177 0 0 255 17 55 0 120 125 154 0 209 0 0 0 101 0 0 228
    211 150 59 144 147 0 255 33 248 131 0 4 174 180 72 103 255 142 232
    28 0 162 225 107 255 255 132 255 0 0 172 104 0 0 24 255 134 0 38 166
    0 75 0 94 0 0 18 19 245 137 10 0 40 255 0 219 162 255 0 0 209 166
    134 254 188 58 133 52 255 218 99 244 108 255 88 47 91 0 0 218 0 255
    37 255 219 0 255 255 16 255 228 123 44 209 255 21 0 232 146 215 0
    163 255 0 0 204 0 224 165 9 177 244 0 255 44 0 255 0 106 12 229 162
    231 243 186 160 133 255 255 195 46 254 148 255 255 64 36 26 100 15
    188 212 77 27 25 126 200 43 255 12 240 6 29 28 255 0 0 255 191 5 203
    77 255 203 164 0 0 0 0 205 149 255 140 170 0 138 48 0 255 5 255 0
    166 122 0 136 164 250 156 255 0 154 18 255 23 78 255 108 0 255 255
    141 2 160 255 255 49 255 239 0 255 158 62 202 228 160 0 178 117 255
    219 111 0 213 68 91 0 0 250 6 90 0 60 80 0 86 227 0 179 158 155 216
    118 255 0 0 80 240 13 59 158 111 217 155 218 255 62 135 93 115 32
    255 242 0 169 255 255 44 176 255 0 0 71 59 255 0 209 205 255 183 255
    255 107 95 97 178 0 255 102 183 34 19 26 85 209 0 0 181 215 188 232
    25 123 13 154 40 199 88 121 217 235 255 161 255 8 255 255 255 73 0 0
    3 195 73 230 111 0 255 0 55 196 209 64 79 241 107 0 255 39 61 7 154
    255 35 181 49 98 255 59 95 0 0 179 0 254 255 177 177 0 0 142 255 218
    255 255 226 0 129 0 71 210 187 0 255 208 255 0 168 255 43 0 234 121
    0 0 255 0 16 226 113 215 39 49 98 255 94 172 227 0 154 193 255 255
    175 0 16 195 226 56 255 255 28 203 206 0 255 0 0 73 247 255 0 193
    204 51 0 0 0 0 148 9 212 222 255 117 252 42 223 184 75 255 177 206
    217 244 157 50 255 8 53 0 0 0 11 0 30 255 49 233 81 30 255 0 252 70
    206 15 37 202 229 255 160 204 162 0 248 255 255 218 105 216 6 70 255
    120 98 10 17 132 255 194 178 255 133 235 0 0 255 245 234 70 109 255
    203 255 255 188 255 151 0 194 0 219 0 171 105 255 76 250 26 233 20
    216 77 0 225 141 104 161 93 255 194 197 194 255 172 255 0 152 249
    132 123 255 65 137 255 120 120 0 165 91 0 205 140 122 255 0 227 112
    205 43 18 15 0 42 83 200 0 228 222 255 123 255 57 233 255 59 178 98
    0 12 255 119 204 102 0 0 255 255 8 20 255 194 0 0 255 163 255 135
    123 105 106 182 56 255 57 0 79 255 26 114 12 74 62 0 10 0 177 28 50
    0 89 255 119 203 255 226 255 0 144 255 146 255 0 255 14 105 45 0 95
    0 255 202 254 39 169 0 171 75 244 8 0 0 172 0 0 95 251 107 255 43
    252 26 245 157 152 128 40 0 69 170 92 140 248 182 210 195 255 80 0
    63 42 214 89 204 0 66 255 63 246 255 85 126 255 0 26 88 255 0 12 244
    160 80 238 44 146 185 69 154 0 51 215 159 255 180 118 255 40 127 255
    0 139 0 82 174 0 255 231 217 188 163 213 227 82 0 255 0 84 141 0 255
    154 0 206 144 77 95 141 244 255 161 255 255 255 64 20 116 0 18 116 0
    0 233 0 0 133 0 0 101 231 175 0 110 123 139 231 21 0 77 0 89 0 255
    255 13 138 17 212 6 4 255 255 78 138 255 151 0 107 161 186 115 152 0
    69 69 76 255 255 137 159 146 115 255 250 255 147 0 107 206 129 112
    207 241 200 33 255 0 112 27 103 220 215 0 0 0 173 154 132 0 255 255
    136 255 67 1 163 242 255 10 255 150 4 121 255 31 151 120 255 255 66
    41 66 77 25 0 84 255 144 47 144 140 62 46 136 243 0 255 255 0 14 255
    154 0 124 43 45 218 68 255 63 0 90 74 70 213 37 0 90 160 213 90 255
    214 78 255 169 170 255 246 142 69 0 0 8 0 0 1 148 255 255 71 250 111
    82 255 255 240 6 255 76 255 185 255 41 83 104 141 0 0 114 238 255
    209 0 166 216 166 116 242 80 33 255 51 0 76 201 163 72 255 0 255 0
    255 156 144 255 0 113 255 77 0 255 255 141 169 255 64 11 85 255 0
    205 255 0 97 255 255 191 0 255 70 31 221 39 94 0 0 255 25 255 228 2
    28 42 222 234 203 255 159 0 255 137 66 234 38 222 255 250 65 3 148
    230 36 27 255 97 121 255 0 3 25 162 0 204 255 45 249 255 143 162 36
    91 130 5 0 255 255 248 125 11 255 0 255 135 63 255 198 0 255 0 3 0
    30 255 46 219 182 255 9 98 0 0 255 28 107 0 0 28 255 255 0 0 127 82
    173 37 34 16 137 0 249 113 254 59 26 129 23 0 0 166 107 16 255 255
    84 127 252 0 255 0 255 119 0 0 255 150 130 231 12 86 175 25 52 93
    255 45 255 40 30 248 136 109 0 159 0 0 0 15 0 51 216 237 3 201 230 7
    78 0 229 129 0 0 123 0 163 171 255 255 255 202 115 218 0 0 245 134 0
    128 252 0 0 136 255 104 147 37 250 255 255 0 0 54 0 140 180 232 144
    51 109 174 188 255 3 174 149 31 206 0 0 31 38 150 85 194 212 91 174
    55 250 254 244 0 45 145 255 220 132 255 255 0 0 255 98 0 82 220 255
    0 40 184 255 255 0 255 140 40 112 40 24 43 157 222 255 0 0 21 255
    221 0 175 229 113 183 0 33 0 0 119 0 0 255 213 166 121 78 32 255 0
    105 20 118 255 226 205 0 255 59 163 255 253 255 12 126 179 216 249 0
    168 183 195 106 255 32 25 102 0 190 165 42 0 255 222 214 195 237 0
    181 255 19 133 20 0 12 255 0 224 255 0 131 243 0 248 151 61 255 26
    71 218 0 0 18 222 174 144 95 255 239 202 189 130 167 255 141 35 0
    255 24 228 112 92 45 0 154 158 255 109 0 0 16 244 55 20 0 208 0 57
    237 32 0 166 66 80 146 104 197 184 255 92 128 255 174 255 255 241 85
    199 0 0 166 18 255 191 225 227 23 135 255 255 38 255 255 0 255 116 0
    236 0 88 164 255 217 99 255 221 174 226 0 235 37 121 0 65 80 189 163
    0 254 0 76 59 26 33 112 255 122 210 255 174 94 255 70 59 76 243 135
    147 42 161 149 226 0 77 87 63 121 22 157 15 0 255 71 255 137 202 1 6
    255 0 235 146 126 212 77 0 15 236 101 104 255 212 140 0 134 0 255 19
    255 255 25 114 248 145 95 166 99 255 227 0 73 21 255 69 0 255 142 92
    255 71 49 169 186 235 7 111 177 0 17 166 255 76 213 123 0 167 144 18
    148 117 255 238 255 0 0 255 158 0 0 255 148 255 255 0 82 0 123 160
    33 80 4 56 204 0 37 0 183 107 209 0 56 5 160 52 253 172 0 0 156 124
    176 104 103 0 1 255 255 0 50 224 0 157 55 0 17 255 255 0 53 236 0
    238 255 79 0 156 110 240 0 255 234 87 0 255 29 255 189 22 0 255 246
    255 0 86 206 0 85 185 131 71 0 190 13 255 122 62 0 255 22 45 155 217
    208 0 198 0 3 0 255 255 136 0 111 242 90 42 65 255 188 0 240 10 0 0
    0 0 158 0 135 79 0 255 73 255 0 199 135 21 77 83 69 174 200 101 255
    0 255 178 229 255 0 126 255 0 255 38 81 169 0 104 26 0 0 0 255 158
    255 255 181 255 147 255 168 0 31 255 255 35 255 145 69 197 47 0 0 0
    49 0 255 36 86 7 255 0 201 255 48 0 60 228 255 0 149 89 0 53 224 0
    235 150 46 255 85 116 90 193 0 137 176 255 0 3 104 178 78 94 209 122
    0 74 8 0 150 255 85 233 0 238 255 174 149 145 255 24 159 203 58 96 0
    98 211 255 46 0 93 80 255 60 53 82 68 255 0 0 86 0 215 252 255 148
    255 246 255 255 255 205 183 249 223 168 255 21 125 140 5 255 0 162
    255 255 7 105 121 138 255 182 207 164 152 0 93 241 0 4 82 255 0 130
    255 240 255 148 125 255 130 255 199 255 219 246 0 248 0 64 245 0 18
    201 111 221 230 0 113 255 240 240 227 192 255 33 170 255 49 104 167
    0 255 0 62 106 255 255 255 162 191 255 0 177 214 255 72 228 57 255
    110 204 255 255 255 255 0 144 0 79 0 35 19 186 0 81 35 179 129 49
    211 66 20 255 71 57 204 255 255 41 162 0 88 255 16 255 87 255 0 15 0
    88 125 85 200 255 74 0 206 104 106 0 66 252 19 119 16 18 112 101 163
    102 0 255 255 64 184 155 124 255 255 112 40 92 30 36 246 206 181 203
    255 78 165 141 48 0 79 255 187 115 255 10 255 255 121 0 0 32 0 176
    39 252 52 110 255 0 0 111 165 0 207 0 182 255 42 255 255 0 98 110
    226 190 255 28 0 200 255 255 0 255 191 0 48 53 73 0 218 161 255 30 0
    10 154 21 216 6 107 183 255 255 177 255 0 78 0 114 84 0 45 146 253
    220 242 255 0 0 255 0 105 0 147 255 134 244 0 222 0 32 136 229 0 255
    42 0 255 43 255 255 117 255 170 84 212 51 0 0 0 255 178 255 255 218
    148 31 48 140 0 157 161 68 0 88 167 44 0 56 255 232 187 112 0 82 0
    165 0 255 0 0 255 111 231 61 0 34 0 255 175 84 132 255 73 212 255 38
    0 175 169 42 0 10 199 255 226 255 0 212 83 185 255 255 0 60 236 49
    47 77 201 11 49 77 173 19 239 0 250 0 255 124 209 255 255 255 0 104
    143 0 0 0 252 132 66 255 255 199 74 255 0 0 255 37 196 149 255 246
    116 8 255 0 197 255 0 0 254 188 150 138 0 255 255 237 0 0 108 0 0
    186 40 70 84 255 255 144 0 255 72 50 255 255 181 171 255 179 0 55
    131 104 81 182 255 255 0 152 181 112 124 255 130 144 235 236 0 246
    90 0 246 255 13 215 0 117 255 156 255 255 133 213 23 250 112 212 97
    164 255 65 228 89 7 53 255 13 255 146 195 0 227 92 71 255 180 148
    156 255 162 236 205 0 102 68 255 3 89 255 121 83 181 255 26 236 255
    202 164 91 197 255 0 152 255 245 199 146 249 5 255 246 10 103 255
    220 226 226 118 0 205 237 136 0 178 0 32 255 126 0 69 66 189 0 0 223
    182 255 18 141 29 198 0 136 255 170 0 87 255 79 124 255 197 218 0
    255 255 79 119 37 206 79 47 0 37 255 115 203 35 147 255 25 88 96 239
    63 48 0 255 67 194 247 254 225 0 255 19 223 0 255 145 233 255 47 255
    237 34 135 0 192 80 245 78 24 78 255 109 83 79 237 0 26 105 136 255
    0 9 246 200 255 0 42 79 0 0 0 255 255 0 249 255 199 0 255 251 255
    162 0 85 56 95 0 0 0 0 255 255 236 255 40 68 93 245 152 180 51 255 0
    218 206 255 107 255 125 0 211 171 199 47 93 46 245 194 255 17 255
    255 0 0 158 75 255 200 255 246 255 156 254 0 5 122 233 109 23 0 255
    245 255 0 237 220 255 55 249 0 8 74 0 68 46 255 0 255 31 113 255 0
    255 145 58 206 93 23 176 14 198 255 90 92 255 4 52 0 83 23 245 0 0
    255 0 33 255 222 255 62 0 0 248 25 0 255 65 0 0 0 186 0 125 186 107
    52 30 0 55 0 27 58 46 255 90 209 212 236 84 182 138 12 0 2 255 0 255
    121 0 0 0 79 136 137 114 192 59 255 211 255 220 241 155 185 48 106
    255 224 0 255 238 0 255 48 0 255 255 227 255 42 199 39 15 128 255
    252 112 121 225 91 101 85 2 79 158 50 40 183 66 255 0 35 219 188 148
    0 26 40 75 37 0 255 210 55 176 0 152 184 255 0 255 173 255 144 255
    255 175 97 0 255 126 88 0 180 102 208 255 114 0 255 87 255 176 255
    118 0 255 41 127 255 255 188 0 30 186 0 178 108 0 168 230 0 134 0
    198 68 0 79 24 207 113 239 0 255 125 255 5 237 144 53 164 197 255
    255 215 179 255 0 136 0 0 255 168 236 255 144 0 0 0 255 5 128 0 1 0
    192 0 203 255 96 119 222 78 255 179 234 246 0 67 0 134 255 0 255 246
    5 215 69 0 0 93 27 0 210 15 0 255 255 21 0 172 4 215 185 184 87 220
    15 0 110 112 0 255 190 30 78 62 19 0 40 80 132 115 0 0 253 24 46 0 0
    255 247 163 255 9 255 248 241 2 215 7 0 0 0 0 231 237 255 238 134
    255 0 0 228 27 0 121 188 90 172 0 156 174 255 8 255 240 72 23 100
    255 100 77 0 89 255 27 255 255 46 255 171 69 255 230 164 157 235 68
    0 255 0 0 0 255 80 0 0 210 172 169 246 173 13 119 156 133 0 48 65 66
    255 233 255 61 2 255 0 85 0 0 186 239 255 205 17 193 139 122 0 207
    129 88 0 240 98 227 255 42 255 4 255 64 239 0 96 2 165 69 222 255
    255 102 255 0 236 0 255 247 22 213 57 133 0 99 78 0 116 149 178 255
    0 181 233 240 255 0 178 75 11 245 55 0 151 209 183 188 146 165 196
    255 45 255 38 0 99 24 255 188 0 255 210 255 255 36 255 42 92 166 101
    100 184 255 54 185 226 207 93 255 224 140 0 217 255 255 229 95 113
    248 0 191 0 0 55 79 234 158 214 149 99 142 188 255 135 2 255 0 201
    155 80 55 22 7 226 187 0 203 226 145 0 232 255 0 4 0 174 0 255 0 0
    235 76 202 235 96 16 160 71 0 156 214 0 0 36 199 67 149 0 250 0 4
    255 0 8 248 45 51 0 0 66 0 0 183 255 31 96 220 143 81 154 255 255
    255 255 81 0 109 154 208 0 209 211 189 106 0 237 0 255 65 0 145 5 43
    11 156 255 255 0 222 31 49 27 66 255 205 183 167 129 255 85 143 255
    188 255 255 255 0 142 203 62 195 0 91 61 165 255 146 199 162 167 48
    182 34 232 20 101 160 0 181 61 0 122 77 10 0 0 51 199 255 222 0 22
    51 9 38 255 178 107 135 83 99 0 85 121 255 40 255 48 87 160 154 250
    194 255 33 0 114 255 255 255 255 180 66 48 75 252 180 133 109 140
    255 7 255 0 255 95 83 255 50 86 189 66 24 246 255 0 104 22 0 255 9 0
    201 255 185 255 93 0 243 0 133 45 255 216 156 232 37 214 103 255 67
    67 255 75 188 0 186 81 0 169 1 0 217 184 41 199 0 0 0 0 105 123 27
    183 0 255 226 255 198 128 76 108 2 167 245 216 40 177 135 209 175 0
    228 0 137 44 0 0 0 93 173 0 175 230 255 0 76 0 29 74 201 255 137 70
    162 255 225 167 0 218 82 185 0 101 255 45 255 99 57 0 222 127 0 57
    255 164 255 255 12 0 144 163 255 38 0 194 240 0 214 165 0 21 214 100
    0 0 202 26 255 0 255 255 255 116 34 241 65 255 0 167 177 11 182 184
    140 159 0 58 0 163 255 193 0 0 149 0 95 159 143 215 0 185 98 0 120
    160 92 241 245 158 7 17 250 128 0 5 255 201 89 255 98 71 245 255 0 0
    92 255 15 37 65 60 221 33 148 0 201 0 96 0 212 0 255 229 0 193 217
    181 235 255 0 16 204 199 0 34 52 52 255 115 0 251 245 145 18 252 88
    187 255 174 42 100 18 210 255 65 255 3 196 14 0 255 0 255 255 210
    205 180 255 255 33 255 0 183 129 255 0 0 159 5 39 141 94 149 43 216
    43 255 80 206 168 255 255 120 255 0 141 152 238 255 0 40 86 0 117 0
    255 217 26 55 0 255 215 255 122 41 213 0 9 199 255 65 0 255 30 160
    23 255 126 33 190 109 225 229 255 206 56 255 38 21 255 255 247 0 0
    255 95 255 229 179 255 182 116 0 125 0 212 96 239 0 0 171 76 170 186
    0 230 255 139 217 234 255 0 250 255 172 255 223 63 255 92 136 129
    131 227 165 65 0 40 255 255 209 72 0 255 255 253 230 185 0 150 0 152
    45 0 126 19 118 250 162 132 176 0 255 0 222 0 28 100 37 165 126 255
    126 143 255 255 74 0 111 55 0 0 0 79 224 18 0 183 170 255 255 70 158
    0 123 72 179 3 198 255 92 252 181 0 255 84 255 189 255 187 7 201 146
    164 255 0 167 161 119 17 32 125 83 9 0 255 55 253 0 107 160 168 255
    255 0 85 149 219 0 33 255 0 137 77 46 250 255 179 42 255 53 0 35 149
    255 143 17 216 0 0 0 255 255 62 0 160 255 156 103 92 221 131 87 255
    255 131 68 73 0 0 5 187 198 246 255 62 182 255 255 105 0 39 255 255
    37 85 23 255 113 101 105 89 0 252 0 102 0 199 0 255 255 118 132 74
    165 0 0 98 231 46 2 255 19 85 255 70 0 118 255 178 214 76 0 111 169
    15 94 120 33 0 255 51 35 155 103 196 0 0 255 0 148 128 215 255 202
    222 226 198 177 255 63 0 255 249 128 255 0 49 27 178 92 0 26 41 255
    216 255 163 135 119 248 190 4 205 104 0 255 0 17 160 0 25 0 89 172
    144 232 189 255 30 210 223 213 0 255 193 232 23 132 255 255 0 240 74
    0 255 103 147 121 123 15 0 123 125 255 255 105 36 143 27 126 54 144
    96 255 98 127 0 142 0 127 224 130 82 255 190 9 255 159 0 29 190 130
    138 255 216 255 255 255 0 0 142 30 0 44 0 0 194 223 114 117 255 255
    255 36 90 3 0 238 114 8 245 255 170 34 255 0 110 29 172 163 255 0
    255 0 64 255 52 255 227 59 0 255 0 255 13 255 110 0 16 0 255 119 0
    179 0 171 255 255 0 0 115 112 155 80 161 60 255 94 255 233 0 255 39
    138 0 0 255 7 2 0 71 234 70 79 0 56 106 0 51 45 255 255 243 0 125
    151 0 255 255 159 255 255 54 60 0 148 0 230 255 201 130 2 156 0 94
    139 186 215 23 185 246 245 0 127 210 212 135 0 108 70 187 62 221 218
    255 184 76 13 255 254 0 0 83 123 0 157 208 168 0 138 79 58 228 0 0
    124 0 15 170 199 94 205 255 141 255 179 220 133 0 255 208 113 155 0
    0 176 78 71 0 13 218 0 50 207 207 180 165 255 231 255 239 155 86 162
    0 73 224 0 156 5 233 146 82 141 60 14 42 142 255 182 255 137 137 0 0
    69 0 207 24 112 3 60 187 85 94 255 255 245 47 17 59 176 0 170 136 0
    239 134 200 0 34 143 255 89 0 255 0 45 0 0 60 186 255 0 255 255 0
    117 255 0 85 15 73 126 0 178 236 62 87 0 211 226 0 0 255 255 0 232
    255 242 0 0 255 227 230 255 250 0 222 18 11 0 103 0 190 255 105 97
    175 132 0 156 255 5 0 255 0 11 207 14 255 255 255 122 255 94 49 130
    255 255 149 115 190 22 131 121 255 53 0 84 29 32 109 82 205 255 0
    255 62 255 57 142 255 238 0 255 220 18 107 241 255 0 239 157 148 251
    89 255 202 0 201 154 25 148 173 122 0 255 177 134 229 255 255 134
    150 0 255 88 0 210 204 255 165 69 189 255 157 0 109 143 190 230 0
    255 0 207 182 81 0 103 229 34 0 113 255 255 92 17 95 0 155 194 0 76
    0 240 0 95 80 255 136 252 185 76 107 0 30 255 0 255 255 204 161 88
    78 255 206 2 0 168 255 0 238 112 14 34 255 255 105 49 68 0 255 0 0
    255 172 0 82 255 245 248 0 255 56 0 92 74 0 0 188 255 0 42 255 0 227
    69 249 42 220 40 255 255 36 126 0 238 186 181 255 168 116 226 95 255
    0 0 202 255 0 21 255 158 15 113 0 255 82 29 255 220 238 255 33 67 0
    184 47 255 230 255 122 116 99 75 25 255 208 0 255 90 239 41 0 187 0
    162 255 77 255 0 156 79 161 255 198 170 166 22 135 64 194 225 255 0
    25 0 255 255 255 70 100 255 190 65 153 79 192 105 225 133 0 24 0 0
    255 23 255 113 0 255 255 235 92 255 81 83 211 255 149 7 255 99 243
    255 90 199 92 0 255 0 0 240 77 237 95 0 122 32 125 201 197 182 135
    255 89 255 255 130 197 6 0 255 243 255 33 222 255 255 122 188 15 76
    255 255 135 208 0 61 0 255 163 45 255 34 240 74 148 255 233 135 83
    255 124 255 0 80 0 95 166 104 104 0 0 200 255 26 0 100 75 45 113 0
    255 204 77 255 255 255 5 255 244 69 0 255 149 43 0 0 253 0 16 0 36
    255 0 0 255 127 56 255 255 132 52 219 206 255 200 63 64 208 255 0
    235 138 184 133 0 255 214 59 0 255 255 209 173 72 252 0 0 38 0 61
    169 0 126 0 255 0 222 176 0 0 255 0 48 255 0 153 215 241 255 12 0
    228 41 255 37 244 201 112 0 0 29 161 255 38 255 178 198 43 0 0 188
    199 0 77 0 255 0 0 45 247 124 245 255 0 172 187 241 0 15 190 248 201
    255 56 151 18 33 16 0 0 158 149 0 0 0 0 0 115 187 91 97 193 0 0 17 0
    64 235 204 0 51 219 151 209 43 146 78 53 0 0 255 255 85 0 255 142
    255 227 0 156 255 69 139 80 0 255 11 136 14 53 78 35 83 89 255 255
    34 93 255 0 255 101 0 226 125 255 223 0 0 224 192 120 190 112 3 112
    255 17 0 142 35 150 93 255 207 248 216 255 175 0 255</data></my_img>
<your_img type_id="opencv-matrix">
  <rows>128</rows>
  <cols>256</cols>
  <dt>"3u"</dt>
  <data>
    80 255 230 103 255 0 255 0 93 255 174 68 255 255 138 255 255 152 182
    0 1 0 65 175 30 22 255 212 188 127 217 255 0 190 140 0 250 255 243
    212 247 0 255 180 154 185 188 15 47 82 131 40 162 69 120 248 119 0
    46 0 207 19 114 104 190 255 174 255 0 255 255 0 193 150 0 233 250 47
    206 0 227 255 107 255 237 0 121 0 168 80 234 104 153 22 126 222 0
    180 255 95 127 142 255 127 255 130 246 153 255 130 230 192 131 2 0
    14 217 0 249 86 255 89 232 92 255 0 186 255 0 255 60 255 189 31 0
    197 58 0 0 0 73 9 0 0 172 223 131 10 255 255 214 145 198 0 187 245
    79 45 13 255 45 147 254 234 71 98 3 187 131 18 185 139 114 0 0 0 26
    40 0 74 163 181 202 255 202 201 0 13 245 70 156 0 72 119 255 69 31
    255 165 1 134 136 0 0 22 154 54 14 127 80 255 73 252 113 138 225 0 0
    255 255 0 221 113 255 13 97 22 0 71 0 255 101 61 4 0 103 83 67 0 45
    64 255 255 171 33 213 255 0 172 0 142 0 255 0 0 0 8 0 44 220 197 255
    58 255 156 0 200 80 229 0 197 0 134 233 237 124 0 0 186 0 153 255 59
    61 193 0 255 148 255 155 0 234 255 107 95 59 88 0 0 255 163 210 163
    201 166 255 70 87 33 138 35 123 115 0 93 255 46 0 37 255 188 45 14
    166 191 246 200 236 255 25 239 54 0 115 90 96 255 0 206 131 255 148
    125 255 255 145 0 216 82 250 153 0 60 255 97 0 255 179 66 0 255 35 0
    47 0 98 92 53 255 202 0 0 255 146 255 130 255 103 255 255 0 64 0 255
    185 0 239 223 66 171 255 0 16 140 186 0 0 225 30 0 0 105 253 66 0 0
    86 238 216 255 255 0 0 162 0 1 255 220 255 0 195 219 0 255 157 23
    253 0 67 116 0 60 67 0 23 203 0 125 129 0 255 220 234 255 255 252 41
    240 32 78 212 0 222 222 174 214 202 255 155 72 255 255 255 147 223
    139 0 42 228 16 0 188 180 231 255 142 25 122 0 165 35 255 121 0 144
    175 124 135 212 187 0 34 0 101 255 255 232 234 67 255 255 179 255
    255 221 99 193 255 255 255 154 0 255 226 0 78 194 255 173 85 26 159
    170 212 15 202 20 255 160 255 255 74 217 0 160 255 103 115 153 255
    255 68 149 0 71 221 187 181 162 0 255 255 0 225 95 60 137 255 0 0
    208 255 94 225 111 130 45 248 172 31 255 37 95 23 70 191 255 225 84
    0 139 148 0 255 255 225 255 255 166 255 239 80 26 57 0 173 248 0 76
    242 148 13 3 211 255 154 42 40 172 71 49 248 31 5 169 51 201 0 189
    253 255 177 0 255 203 158 255 255 213 147 101 0 91 20 137 0 70 72
    248 127 255 0 255 185 104 45 12 241 255 21 255 234 255 255 0 0 255
    255 0 0 255 183 255 0 0 220 118 56 55 30 75 190 143 167 213 117 215
    189 0 230 207 238 110 25 63 255 255 255 202 227 0 0 8 255 164 17 255
    243 146 146 166 76 227 0 8 34 230 0 200 48 109 255 255 0 50 255 5
    152 130 0 255 24 0 0 18 49 255 154 186 169 225 36 86 255 234 255 217
    255 0 0 255 151 0 0 155 255 80 87 0 255 45 192 113 196 255 58 0 176
    255 10 149 248 0 255 125 246 255 102 0 255 255 0 255 229 76 0 175 0
    0 0 162 41 0 105 153 216 56 82 69 253 79 255 217 52 204 255 224 53
    181 195 255 167 79 255 255 137 255 112 103 40 255 43 118 238 35 225
    217 151 249 201 111 169 44 255 23 231 0 255 43 255 255 98 117 148 0
    217 0 255 128 255 9 0 38 127 0 88 255 0 255 255 239 128 255 68 0 0
    255 67 116 255 0 142 255 219 68 59 255 0 154 255 51 32 255 128 159
    150 0 0 255 252 156 0 124 255 113 41 0 224 0 145 255 209 148 55 160
    45 206 255 0 255 223 174 0 255 0 137 212 64 0 212 0 234 0 195 0 229
    0 128 44 83 255 189 0 255 66 0 230 255 255 0 110 0 171 65 104 255
    255 255 255 99 0 150 255 117 46 31 0 49 0 255 152 4 212 0 58 255 0
    202 255 0 0 255 255 255 181 0 0 165 34 255 63 102 0 63 71 200 255
    104 0 36 37 0 232 234 0 39 255 19 255 255 155 179 169 101 194 0 246
    45 0 91 0 196 107 255 170 51 207 255 255 203 230 193 63 77 255 22
    232 0 69 255 217 71 0 141 178 46 243 143 250 20 218 52 0 196 0 122
    173 227 218 26 0 255 255 0 173 255 128 237 0 255 106 231 132 151 255
    0 228 7 0 68 236 255 0 255 255 140 0 128 249 255 51 173 28 88 154
    255 51 234 255 239 92 255 34 81 139 255 34 0 173 246 60 185 238 255
    135 149 20 248 255 122 133 84 124 148 0 32 255 255 214 249 122 231
    255 199 226 0 171 125 156 98 59 184 187 130 18 245 82 179 255 0 129
    228 0 233 25 0 171 7 28 91 231 69 85 73 45 245 255 196 255 56 198
    255 0 56 53 27 255 0 190 6 255 176 0 0 0 0 0 20 0 0 255 32 49 106
    255 0 85 255 233 87 40 42 119 133 255 246 0 155 255 255 13 64 32 42
    138 241 255 209 92 245 100 46 194 53 160 7 0 32 0 157 64 157 0 255 0
    92 255 69 255 241 0 255 162 255 209 208 70 0 245 88 154 194 0 255
    221 255 255 255 206 255 166 255 174 103 50 16 24 138 147 0 113 96 92
    0 249 156 255 255 0 72 14 255 115 0 0 0 0 0 255 0 21 0 0 217 0 45
    255 127 132 0 104 203 125 0 18 43 0 123 0 0 39 239 255 160 255 213 2
    255 0 173 255 186 117 255 134 0 68 72 41 82 100 0 244 0 255 255 0
    233 28 126 0 103 11 244 12 213 246 250 255 119 255 250 0 255 131 0 6
    225 255 159 239 0 17 4 223 15 255 19 0 255 255 144 255 30 103 31 223
    65 0 255 212 13 141 135 43 0 0 0 183 0 0 255 245 243 154 255 97 223
    196 15 224 37 71 138 217 138 39 38 255 0 255 86 155 255 255 184 204
    223 107 74 255 61 143 6 127 231 0 233 255 101 155 129 103 90 242 99
    0 255 20 0 145 179 70 0 0 81 0 208 255 255 134 89 94 206 237 21 0
    255 143 15 111 60 0 178 216 0 255 0 215 86 221 99 72 171 149 0 255
    222 117 216 94 167 0 116 201 126 164 63 255 133 164 210 255 194 20
    152 255 0 199 109 146 255 0 112 255 53 211 112 192 8 154 106 215 44
    0 138 255 121 234 174 130 0 255 29 255 255 46 99 0 255 103 180 73 0
    0 0 140 47 255 0 0 111 0 213 27 69 82 27 58 255 103 173 255 218 255
    201 100 255 173 0 63 0 204 171 75 95 0 91 227 164 0 185 117 136 180
    157 60 255 78 0 67 154 221 10 157 90 255 255 150 82 54 202 255 85
    255 0 0 220 0 155 46 199 0 0 0 178 18 0 0 120 97 151 60 193 116 68
    255 199 114 91 255 69 103 242 0 2 255 255 0 255 255 0 27 15 0 108 73
    129 136 87 255 0 110 39 118 218 64 76 126 41 212 21 96 253 134 0 116
    145 0 166 108 230 255 0 0 49 65 231 0 99 0 255 118 0 255 255 86 17
    91 29 131 139 36 24 146 255 255 46 164 0 8 249 0 0 255 19 0 0 129
    255 0 255 243 255 83 0 87 104 255 209 0 61 0 255 0 103 255 132 255 0
    29 162 147 146 208 0 67 0 134 232 255 255 22 169 204 17 0 30 255 8
    230 192 255 0 166 0 213 23 115 188 226 0 251 2 116 246 231 201 15
    216 177 0 91 198 156 78 163 15 255 130 46 0 185 255 255 0 5 247 217
    235 255 194 0 247 24 206 255 186 22 255 255 255 105 194 0 57 23 204
    0 175 88 0 3 29 225 32 255 255 255 147 86 48 255 13 255 39 0 255 185
    64 17 139 116 66 147 0 143 199 193 92 193 0 27 112 100 0 255 255 58
    255 0 0 0 251 0 244 255 23 148 133 47 98 172 191 0 0 0 255 0 70 255
    255 203 94 255 255 12 110 17 135 88 135 93 185 148 0 255 255 192 112
    255 144 209 12 112 255 255 132 239 0 241 169 55 0 171 255 82 255 162
    255 140 140 191 48 52 21 241 125 255 0 228 255 0 146 37 255 124 44
    214 182 255 225 220 142 0 48 0 0 51 230 180 0 255 255 91 88 210 38
    165 150 149 19 255 188 0 30 54 109 42 201 189 255 255 126 47 173 0
    116 255 99 243 255 255 70 238 224 0 255 255 242 255 72 0 85 149 79 0
    216 0 0 99 237 0 136 69 203 168 76 28 0 96 25 255 25 91 128 255 74
    83 255 227 0 81 0 0 0 165 0 255 207 143 38 255 63 0 227 67 40 195
    106 107 255 110 255 212 62 0 33 200 206 230 0 0 24 0 0 0 22 45 6 126
    9 255 80 185 255 25 250 255 155 43 241 254 0 169 214 66 101 73 215
    255 255 0 228 33 112 255 61 102 255 114 54 170 231 0 53 0 0 0 94 255
    0 88 255 125 23 108 227 0 226 242 0 106 20 5 207 0 26 30 75 24 0 255
    0 243 255 252 158 255 21 99 255 255 255 255 103 250 0 176 255 127 17
    39 106 255 42 255 79 13 144 121 122 0 146 215 255 0 220 113 160 27
    243 0 98 89 255 122 255 255 246 255 246 255 208 255 128 42 0 169 216
    255 157 201 27 255 0 255 139 255 196 65 223 255 136 113 0 0 0 255 29
    186 225 11 0 202 124 164 255 179 105 0 212 0 255 255 0 83 15 150 140
    255 255 48 170 113 23 232 140 0 0 0 0 255 0 245 97 255 255 255 48
    111 255 121 50 255 18 58 255 226 202 255 21 156 72 255 255 255 85
    204 255 94 243 0 255 0 89 179 76 0 172 0 33 255 211 66 19 226 231 0
    74 0 255 255 135 229 255 208 145 169 149 134 13 218 46 215 76 177 0
    103 218 215 122 0 0 233 174 236 163 213 34 39 29 255 37 255 159 151
    0 65 131 72 236 0 191 255 33 255 102 119 185 75 0 0 64 0 255 0 199
    255 79 220 96 0 255 248 49 202 0 0 136 0 42 255 37 145 205 0 81 147
    255 255 243 255 149 255 15 138 255 255 70 143 106 165 47 74 124 255
    0 53 225 255 113 0 4 31 52 0 128 127 107 13 0 236 240 178 15 0 0 255
    0 255 38 17 168 147 137 25 0 55 0 0 22 76 25 255 0 197 74 0 255 255
    36 76 168 147 83 14 131 252 40 37 252 196 166 193 62 119 0 0 132 255
    103 115 255 153 235 255 244 0 149 255 206 61 62 207 0 19 247 148 226
    0 66 100 143 242 255 130 255 0 29 121 0 0 170 255 255 0 0 78 255 121
    0 184 83 61 20 252 137 115 255 0 57 0 255 21 6 109 253 83 160 0 255
    0 139 241 0 171 18 0 0 224 0 255 0 10 0 12 80 255 147 255 255 37 164
    17 241 54 215 92 179 106 255 80 247 255 255 0 4 0 19 255 91 151 143
    255 39 92 255 55 0 94 242 255 57 13 102 233 156 136 110 146 34 100
    241 0 102 76 189 86 255 164 18 255 154 0 114 255 176 183 107 0 24
    109 176 220 214 5 62 219 255 31 255 255 6 204 148 0 75 150 217 218
    255 21 23 22 33 81 255 255 255 255 244 227 57 164 255 255 116 229
    255 151 130 0 255 0 81 0 0 207 13 0 214 155 0 162 141 0 59 255 226 0
    255 82 0 47 211 255 0 255 211 255 0 255 87 235 249 19 110 213 0 255
    66 101 0 50 0 65 255 231 255 255 7 179 234 93 206 166 173 141 255 26
    42 10 141 250 0 112 0 255 112 253 255 104 0 219 242 252 40 74 244
    157 23 152 255 32 125 91 90 255 49 255 255 232 255 0 241 84 0 62 87
    53 0 39 165 101 137 193 0 242 184 125 145 157 57 0 54 144 224 29 17
    99 255 0 155 18 31 0 255 255 0 86 0 244 61 0 235 0 244 151 0 255 255
    133 0 255 56 163 0 231 113 92 255 255 133 0 227 73 205 157 255 107
    180 143 108 0 198 255 61 255 21 172 0 40 255 199 76 122 188 255 150
    97 182 17 0 0 192 183 134 63 255 148 32 97 255 0 255 255 0 255 58
    204 107 58 135 135 167 0 150 174 41 43 255 255 205 255 143 0 195 124
    255 0 255 210 29 97 132 6 0 97 255 32 219 255 39 16 83 255 228 97 0
    3 0 255 0 191 252 0 134 20 0 255 0 89 0 0 255 15 69 201 0 255 33 255
    19 44 0 0 255 0 1 255 222 255 240 150 250 111 111 0 57 255 0 163 0
    169 224 107 75 178 170 100 0 0 210 99 119 57 144 255 79 255 255 12
    144 0 0 181 171 0 0 85 60 0 255 255 10 201 255 255 0 255 34 59 48
    183 221 0 0 229 255 12 66 157 255 3 143 107 69 8 0 223 0 56 147 12
    79 0 67 255 69 250 236 0 59 29 255 29 0 45 244 196 5 0 191 41 0 219
    156 51 219 0 47 54 183 138 127 0 81 0 86 148 255 255 255 180 255 85
    26 206 0 0 200 107 0 63 0 255 0 194 255 0 31 247 0 126 232 255 202 0
    107 33 255 0 237 226 33 45 58 71 185 0 255 180 254 0 255 43 255 255
    44 224 255 0 201 253 0 0 0 243 0 234 166 255 134 219 0 95 25 87 100
    213 125 97 255 255 0 132 255 50 255 0 32 186 53 0 80 30 251 113 164
    171 185 255 255 255 28 101 0 0 27 88 215 55 0 158 139 212 255 212
    255 153 212 255 120 209 12 29 208 58 198 234 214 103 28 204 0 17 255
    108 255 214 231 0 0 137 127 81 43 156 5 187 45 145 93 144 144 204
    255 0 161 214 51 222 101 255 144 255 119 219 98 25 162 208 69 1 67
    130 39 0 141 26 201 156 255 12 24 121 255 0 255 255 147 180 0 255 0
    0 174 0 7 198 234 148 111 174 207 133 0 0 156 0 43 0 230 0 211 57
    255 255 70 84 53 230 255 249 255 188 255 255 78 182 0 43 0 255 130
    89 0 122 178 200 41 104 255 135 85 180 0 202 155 255 74 45 178 109
    255 0 255 88 33 255 99 18 38 255 255 51 139 255 0 196 197 82 93 0 0
    100 10 154 149 91 0 114 218 0 255 117 162 81 0 73 255 198 255 122
    201 196 18 146 0 129 255 214 255 0 81 255 255 206 255 248 0 16 255
    229 0 168 253 49 0 255 0 132 123 255 0 255 120 171 255 38 0 115 102
    115 135 255 255 0 71 243 83 24 0 0 255 103 229 108 72 255 255 31 0
    121 255 0 0 28 141 43 244 75 222 187 255 217 7 0 0 0 37 189 0 150
    223 230 190 223 27 0 255 165 6 216 255 255 121 255 154 250 255 238
    40 228 0 20 113 0 120 1 255 200 255 39 0 141 68 255 166 170 237 118
    245 0 255 0 0 185 11 106 99 192 194 0 0 57 255 125 16 24 59 237 255
    0 255 150 0 255 1 255 189 0 0 0 136 0 150 137 255 213 150 0 49 0 162
    57 29 37 0 25 85 17 22 255 243 92 255 12 218 20 51 0 0 26 193 41 0
    115 255 27 96 6 54 131 0 158 41 11 108 0 233 42 59 255 255 186 116
    142 255 15 210 255 130 119 117 174 40 255 201 192 199 0 0 97 250 108
    164 193 255 0 0 255 176 0 192 218 255 201 233 249 0 177 76 0 255 123
    97 104 68 235 158 255 0 255 72 99 49 35 212 255 126 255 0 0 39 0 224
    163 0 0 5 119 178 212 0 167 159 0 51 46 255 0 0 255 85 36 43 11 133
    47 58 114 105 56 173 69 60 164 255 255 50 255 69 255 208 195 192 0
    108 2 255 0 19 27 88 3 255 83 0 205 195 99 147 84 255 0 31 255 178 0
    199 59 0 50 0 195 2 242 6 255 204 0 255 249 39 113 51 185 0 75 115
    142 227 165 85 0 0 79 255 255 255 72 255 255 39 182 66 119 189 22 0
    83 67 255 32 0 66 0 220 0 46 0 255 0 0 0 26 250 100 92 254 255 69
    215 172 177 0 11 21 23 236 0 0 255 121 145 238 255 255 255 116 77
    162 152 0 19 88 0 111 189 0 0 255 209 135 0 255 116 229 158 17 0 128
    255 0 54 8 172 0 229 255 0 16 204 226 0 86 147 0 0 0 160 207 231 0
    66 255 9 255 82 163 255 28 44 72 182 98 160 0 0 80 236 255 127 0 200
    255 0 68 61 255 223 120 195 13 224 0 0 206 56 210 65 151 26 224 4
    157 0 216 226 11 125 253 255 190 255 236 39 59 8 0 0 32 0 176 10 0
    183 138 43 0 255 180 126 137 0 71 64 255 191 0 168 18 173 34 255 41
    255 0 255 32 4 255 117 255 255 255 24 174 93 128 177 255 0 142 234
    36 0 153 136 255 25 142 255 110 0 190 0 212 44 24 136 54 229 223 187
    164 0 144 136 255 32 255 0 255 50 233 244 0 0 149 167 0 88 141 31
    255 255 16 255 205 245 44 183 252 33 66 255 79 0 0 225 210 249 0 143
    255 114 58 22 0 0 215 167 255 64 228 0 203 167 249 0 166 165 217 0
    195 232 66 255 0 255 0 255 255 206 67 255 0 255 0 0 255 247 51 224
    255 0 251 199 149 114 0 221 255 255 128 255 255 65 0 255 0 255 149
    153 38 0 255 255 0 206 255 0 93 65 86 204 246 98 255 255 100 55 78 8
    255 44 202 255 0 131 29 39 209 138 218 255 5 149 255 133 170 160 26
    216 134 134 115 138 253 0 0 176 255 167 0 57 66 149 241 61 255 0 255
    195 148 217 0 255 0 255 255 255 210 255 0 255 0 255 121 197 136 0
    170 255 11 255 98 19 255 255 109 79 255 89 107 0 0 255 227 0 255 67
    192 71 255 255 113 156 255 217 4 255 141 12 107 29 206 148 255 220 0
    0 0 15 0 220 255 56 255 34 194 255 154 255 146 51 255 255 243 255 11
    50 0 42 107 248 76 0 124 133 255 69 231 254 71 39 114 0 142 78 57
    255 0 19 151 154 208 0 0 232 17 255 205 178 214 171 35 66 214 156 73
    255 0 216 0 255 0 51 105 0 255 105 0 34 136 0 0 155 227 27 103 21
    232 0 0 41 0 130 0 87 214 255 0 139 255 186 10 0 210 255 0 0 0 50
    255 0 151 255 123 255 255 0 255 111 117 52 0 255 0 79 75 139 200 0
    134 0 43 237 0 111 33 255 146 151 174 0 74 38 234 0 88 114 255 0 109
    5 37 4 179 255 0 86 156 236 206 0 0 0 255 255 255 83 140 0 67 219
    255 0 202 0 0 35 93 138 6 199 5 6 255 19 189 117 125 255 0 255 212 0
    0 93 199 36 187 255 255 150 164 197 143 253 80 242 85 68 90 64 207
    86 0 255 167 235 77 0 180 255 164 0 133 251 253 31 177 16 58 0 8 166
    254 255 12 163 178 29 139 0 161 162 0 0 255 0 0 255 133 131 238 147
    212 173 160 3 0 0 0 46 76 122 0 255 253 49 103 120 255 192 71 255
    253 56 53 0 0 46 236 76 0 0 176 255 39 189 255 7 75 0 0 233 99 255
    82 179 255 255 81 169 0 150 46 232 102 71 92 255 165 74 0 0 255 255
    0 139 5 161 127 97 255 0 0 168 0 207 176 8 0 222 108 172 205 29 88
    79 32 255 250 255 142 170 94 0 72 25 255 255 141 44 146 0 0 220 86
    39 255 117 255 255 0 211 163 255 0 107 255 77 0 255 246 0 66 0 0 74
    255 255 124 40 0 197 118 255 210 0 150 131 0 255 193 168 28 0 203 0
    255 114 146 62 240 84 255 3 223 0 0 111 40 59 0 140 0 255 255 221 62
    81 247 244 193 38 0 255 255 255 255 76 66 118 9 178 104 175 240 23
    226 0 255 16 183 255 207 244 43 255 228 231 0 147 214 255 180 255 41
    71 190 255 217 255 53 94 15 238 45 255 43 160 133 172 2 255 255 154
    110 181 0 0 255 19 56 255 255 113 108 255 0 101 87 255 255 122 200 9
    107 255 60 255 255 48 0 231 255 185 213 0 244 115 249 199 135 0 218
    0 188 196 2 255 228 118 0 199 255 255 255 15 255 124 109 244 60 206
    0 0 120 0 80 19 0 44 83 204 207 29 130 117 152 132 125 124 78 24 255
    194 205 0 190 255 153 124 55 218 255 12 255 90 77 0 103 0 204 170
    255 20 77 255 251 255 254 0 147 74 95 218 233 201 55 252 125 4 0 168
    89 134 6 255 58 255 66 0 176 9 165 255 255 255 184 255 219 152 255
    85 196 150 255 162 245 243 0 193 6 0 0 255 224 255 255 69 16 247 117
    0 255 0 88 0 134 85 22 0 238 0 106 255 255 0 87 78 166 0 45 47 0 168
    255 255 0 255 0 211 0 157 139 0 255 255 160 255 250 0 149 222 199
    255 0 35 253 95 0 0 107 18 139 140 0 5 255 196 9 91 150 26 255 0 0
    172 17 255 205 158 255 155 0 111 0 0 212 255 69 0 255 0 0 4 0 199 55
    0 255 255 0 189 31 0 18 0 218 254 0 2 255 79 255 255 131 86 26 52 72
    0 82 183 113 255 255 24 97 174 9 115 117 255 247 255 57 57 56 0 60
    88 0 255 140 255 25 255 41 15 0 0 58 89 129 133 16 61 255 255 255 47
    255 0 135 0 211 116 0 154 250 146 232 255 131 57 255 235 255 234 255
    224 183 186 79 196 229 0 255 255 101 190 212 255 24 255 255 255 13
    233 104 71 0 102 255 0 255 255 237 153 166 249 156 98 163 255 0 0
    173 195 146 255 255 0 83 255 255 79 255 255 41 184 241 197 48 255
    178 192 255 0 255 0 0 255 249 26 255 0 30 29 113 32 122 141 181 50 4
    153 0 35 1 0 0 191 79 0 255 173 255 0 9 203 0 110 10 0 0 34 134 247
    52 164 1 34 255 112 182 122 253 255 219 178 255 255 217 255 233 0
    163 183 55 255 255 243 255 173 255 21 255 255 188 165 0 255 218 0 30
    174 255 223 255 228 125 255 255 180 169 210 208 255 224 40 71 233 96
    0 178 255 48 32 0 76 0 206 80 0 0 0 86 180 0 128 236 223 255 0 185
    252 0 74 0 51 0 196 255 255 255 255 249 168 186 0 36 19 0 0 162 0 0
    53 225 0 255 110 255 182 139 255 0 255 141 144 149 0 194 0 50 44 0
    131 46 255 42 190 255 185 5 94 49 125 255 255 163 196 194 255 0 0
    128 255 179 255 0 0 75 255 207 241 255 161 29 255 33 115 0 157 255
    248 65 248 245 0 50 176 103 1 255 0 0 27 0 0 255 255 0 146 132 0 174
    200 36 0 0 255 19 139 0 57 255 252 8 255 0 0 0 159 202 146 59 180 86
    141 161 0 0 252 43 255 0 255 255 0 0 33 176 222 152 255 230 92 0 151
    88 212 29 0 0 0 45 255 6 255 86 142 190 184 174 235 13 255 13 87 255
    150 14 125 167 255 255 255 0 101 255 219 255 1 29 255 128 251 231
    169 72 0 88 227 13 61 135 210 52 255 234 251 118 77 255 252 152 61 0
    209 0 158 47 0 212 255 255 210 255 0 217 0 103 100 96 110 229 117 0
    0 36 255 230 63 255 81 246 222 0 9 255 170 0 206 2 0 227 101 113 52
    140 255 54 0 0 255 169 13 255 255 229 45 255 0 217 255 0 0 47 144 14
    255 91 255 174 221 255 0 255 146 0 160 0 0 209 120 27 162 0 70 76
    255 0 244 255 255 66 255 133 0 255 16 180 4 255 141 0 36 255 247 0
    255 255 0 255 30 0 0 144 79 151 14 132 118 75 254 142 253 178 0 255
    255 0 236 255 51 175 61 255 255 255 26 255 180 255 186 102 255 0 217
    227 153 254 90 255 19 110 0 48 166 10 139 176 161 215 255 79 228 117
    255 35 0 111 220 0 164 255 40 229 0 0 192 219 34 228 255 0 161 183
    115 198 0 255 87 62 255 255 210 35 59 255 255 255 35 51 67 191 255
    211 0 255 110 0 143 139 0 146 255 100 234 130 153 0 114 89 0 49 77 0
    124 20 255 17 7 109 113 0 91 255 27 0 95 157 166 244 124 169 29 69
    255 64 0 240 34 0 96 230 0 18 255 51 37 255 3 0 255 94 105 206 255 0
    5 255 255 234 104 238 200 11 162 0 153 255 0 222 255 237 199 178 231
    114 0 139 178 0 40 36 252 139 202 0 42 0 213 132 255 255 0 100 255
    79 255 4 255 146 0 78 255 9 170 246 143 170 119 255 10 255 94 201
    255 25 183 41 146 255 69 255 0 255 71 179 255 255 109 136 16 118 255
    236 241 0 255 66 212 166 0 72 112 255 255 91 18 179 105 68 57 255
    248 194 119 255 229 0 185 255 255 255 56 189 0 21 33 135 0 255 4 168
    255 184 255 111 107 255 201 59 255 118 255 15 255 30 0 23 0 64 189
    194 255 120 255 64 87 0 117 62 255 30 57 28 238 255 0 35 63 200 83
    129 255 255 239 0 17 0 103 136 0 255 123 27 49 0 249 213 57 0 194 0
    255 13 66 255 0 136 255 0 255 241 0 188 200 0 213 94 197 15 158 255
    255 28 255 15 255 146 89 106 181 198 0 194 244 0 255 255 16 19 126
    10 255 188 62 12 245 252 118 219 144 192 255 255 56 1 144 210 255
    194 0 73 165 255 74 233 22 10 107 10 164 244 0 234 238 255 41 39 255
    255 131 6 0 0 90 0 145 0 0 233 64 0 16 75 255 88 0 255 204 176 255
    41 17 183 0 255 0 145 15 78 255 127 63 210 83 93 121 232 255 0 69 45
    11 0 99 213 0 18 92 0 63 160 255 235 0 83 106 90 170 255 0 140 0 81
    255 255 52 255 0 255 145 255 0 125 0 241 121 255 67 27 255 255 255 0
    220 255 0 255 255 209 154 0 86 0 255 141 0 0 0 226 250 255 255 255
    202 149 255 0 255 0 0 255 246 213 66 61 250 255 255 233 255 229 90
    56 61 0 145 74 0 107 0 42 71 252 255 57 251 0 224 116 56 186 0 255
    255 255 255 255 108 72 255 60 228 41 149 220 73 255 255 167 1 48 242
    123 91 212 156 62 99 255 0 137 0 0 133 255 255 188 223 82 0 255 0
    210 255 98 64 0 0 0 62 0 72 84 184 148 223 44 193 5 252 55 255 0 255
    0 224 107 61 255 194 255 199 228 186 199 122 0 185 0 255 255 131 212
    255 39 202 99 9 58 222 255 255 33 132 255 121 169 104 225 164 229
    243 0 126 48 84 0 255 187 140 255 0 255 68 29 79 152 254 0 0 75 89 0
    0 255 245 255 255 50 41 255 173 239 13 255 177 255 162 176 0 255 102
    92 111 85 30 255 31 0 255 52 0 43 255 86 229 3 0 0 69 46 146 255 20
    0 168 120 6 57 243 50 0 255 237 168 248 210 33 237 18 82 0 145 255 0
    5 30 101 0 73 0 1 140 30 139 39 55 52 255 255 255 224 33 255 57 255
    140 167 115 0 202 0 185 253 30 0 0 194 156 0 106 97 84 237 239 232 0
    7 0 233 133 4 161 79 0 0 0 228 255 255 80 227 137 69 157 67 255 238
    158 221 235 119 182 138 255 255 255 218 17 255 255 45 0 0 60 243 59
    69 255 128 139 21 236 149 62 184 255 0 255 0 223 236 125 99 219 107
    36 0 179 106 255 58 42 143 255 14 0 202 35 229 0 69 0 0 4 3 0 149
    255 28 217 75 0 0 255 122 0 154 255 0 0 15 255 176 187 255 218 231
    176 255 222 240 1 0 255 38 0 25 0 4 255 11 218 4 255 165 127 45 181
    116 41 161 79 0 172 117 255 153 198 255 135 0 0 42 0 255 6 252 98
    255 193 255 133 36 22 60 255 151 22 248 0 152 226 205 41 0 120 35
    184 217 46 252 255 122 0 178 189 0 0 227 209 28 161 0 1 0 114 0 207
    226 255 255 222 241 149 94 255 255 103 226 249 65 93 225 191 135 181
    0 136 255 0 139 35 153 0 255 185 190 255 255 255 0 154 241 138 26
    254 0 204 255 250 60 198 159 0 5 137 0 252 16 255 0 0 85 0 15 87 0
    255 207 214 249 255 196 0 116 107 0 121 159 245 0 255 73 158 204 187
    49 32 147 0 0 230 11 0 48 236 76 57 73 38 0 143 0 227 0 9 0 34 57
    163 14 255 155 0 255 58 255 255 85 200 255 73 65 0 195 255 136 255
    255 0 0 0 0 139 0 126 255 30 117 20 0 255 42 0 67 171 50 0 255 25
    255 255 218 233 0 55 245 42 16 255 85 232 225 193 166 255 255 177 25
    0 248 2 173 0 212 161 255 159 253 219 255 0 255 255 31 0 198 100 255
    77 53 34 63 40 252 248 84 0 255 255 255 0 210 255 2 129 208 145 255
    95 255 0 253 203 0 220 111 178 27 39 233 255 134 164 255 49 232 75
    17 193 255 177 170 193 224 8 100 119 66 255 151 255 255 255 255 119
    188 29 246 169 137 120 117 0 13 6 132 133 0 0 0 220 203 173 255 81
    58 255 255 40 0 251 255 83 255 129 244 209 228 255 255 255 255 206 0
    255 87 255 25 255 143 105 86 123 126 255 255 255 0 21 0 33 53 10 71
    26 14 255 6 0 226 227 83 213 0 255 182 0 102 96 0 229 0 0 255 0 54
    15 0 229 0 75 0 23 255 161 0 0 234 255 202 93 124 0 0 255 0 212 239
    255 0 0 164 0 153 255 119 3 255 251 255 0 53 129 255 255 246 125 55
    142 255 86 128 40 0 0 0 0 35 79 126 142 249 34 99 162 238 0 65 121
    219 10 47 0 122 101 68 255 255 101 104 0 255 255 166 254 207 0 143
    255 186 55 248 226 0 28 92 228 255 220 145 55 0 49 140 0 255 174 232
    151 34 91 102 255 255 10 249 221 218 210 255 255 211 40 215 99 0 255
    76 0 6 255 101 255 53 29 49 177 255 200 255 255 44 121 0 89 0 200
    125 0 89 0 175 210 0 29 82 0 198 255 103 255 255 64 193 255 203 78 0
    255 0 169 0 255 0 231 237 187 0 123 177 56 157 0 255 151 0 255 178 0
    255 153 147 202 0 112 113 255 255 78 25 239 0 30 0 0 255 255 255 183
    27 21 255 239 23 168 157 83 2 0 65 255 124 191 255 148 154 192 37
    255 219 93 220 255 44 17 92 0 0 255 6 0 52 255 104 255 82 117 0 255
    3 0 141 228 0 0 212 0 229 0 18 255 185 196 118 165 0 194 0 0 146 46
    203 0 0 188 0 125 216 100 67 32 154 210 0 235 255 156 0 255 68 108
    211 128 245 139 19 61 0 0 14 0 0 180 230 14 178 54 184 0 0 0 175 0
    44 124 176 5 253 98 255 199 255 18 163 0 85 246 113 0 255 0 235 95 0
    255 104 162 172 136 214 242 185 131 55 98 255 116 89 13 0 255 167 26
    127 115 255 73 174 56 243 39 22 0 142 189 11 101 255 115 227 0 232
    110 0 56 23 168 9 224 0 82 4 0 211 139 255 0 134 17 171 255 17 122
    173 255 62 164 0 214 171 107 255 255 255 0 255 255 0 0 24 16 0 152
    79 255 108 91 127 218 83 154 0 72 82 0 188 0 255 47 140 0 194 0 0
    212 254 203 255 255 139 255 79 85 163 201 255 141 204 12 143 194 7 0
    28 247 180 221 255 64 91 0 211 168 84 128 22 61 255 210 216 255 0
    115 0 90 0 225 231 118 0 164 223 199 0 255 255 103 0 95 255 81 184
    124 34 233 0 118 170 6 155 55 147 14 255 140 218 108 237 201 0 255
    215 80 143 119 68 255 25 0 18 117 127 3 0 175 48 164 126 147 95 143
    255 47 207 130 0 0 223 255 72 0 1 241 255 0 16 78 0 159 0 231 195
    105 103 190 191 194 95 76 124 177 63 219 91 177 133 22 255 0 164 203
    0 242 74 171 242 0 0 146 108 99 178 71 146 233 41 0 38 219 255 236
    209 115 208 0 222 52 70 124 221 251 28 23 35 255 0 251 167 131 222
    72 96 210 101 255 21 78 148 114 255 255 197 139 197 255 197 0 0 95
    241 39 94 228 42 39 255 137 87 120 0 0 6 96 66 22 0 1 18 33 21 246
    97 255 145 160 173 0 190 255 97 0 0 40 147 83 139 0 175 153 0 226
    213 201 121 124 123 50 212 255 0 0 242 0 35 255 18 121 174 178 21
    221 96 80 87 255 0 225 173 238 34 27 71 207 205 80 93 223 50 233 221
    255 15 155 144 81 17 112 0 202 237 213 0 5 0 62 4 211 255 255 208
    255 156 26 0 190 247 0 51 255 0 136 183 83 104 255 154 0 207 0 19
    158 226 83 0 50 51 0 255 0 75 0 104 113 91 255 255 255 24 64 253 255
    159 154 31 255 60 22 5 83 42 8 69 255 0 111 11 255 200 0 234 255 219
    60 169 100 42 0 166 250 9 244 112 150 255 243 0 214 86 0 170 22 115
    48 0 148 255 0 232 99 0 202 89 24 8 81 139 221 255 255 63 217 189
    103 255 8 255 19 255 255 0 255 250 209 255 16 241 220 238 184 0 200
    73 255 79 171 0 0 228 88 33 27 194 255 209 221 69 99 0 41 217 255
    116 0 226 0 56 37 219 255 37 255 94 255 0 255 218 231 145 96 255 184
    0 255 0 255 255 144 0 0 142 52 39 129 34 216 122 91 21 0 130 0 29 30
    197 244 200 147 112 11 255 203 143 91 0 0 189 174 0 238 194 149 96
    104 30 255 255 247 255 255 255 0 87 68 255 97 74 255 62 181 0 0 0
    255 141 255 27 255 255 142 227 160 3 0 124 33 255 136 0 255 173 88
    80 43 107 231 255 0 145 255 58 200 9 18 176 0 169 208 158 0 235 161
    79 0 153 0 0 248 0 255 102 0 255 209 141 0 42 255 121 0 139 195 255
    255 218 255 0 255 53 46 163 0 238 0 255 132 0 217 162 255 111 159
    255 39 162 255 9 221 183 0 172 64 0 188 97 188 50 255 29 255 211 77
    0 136 255 95 0 0 255 255 63 255 197 226 160 255 190 0 0 148 161 255
    0 255 0 2 66 0 145 28 238 0 46 255 106 141 255 255 17 130 0 54 0 0
    186 255 0 0 0 46 174 0 218 205 57 153 188 255 0 163 62 77 255 206 3
    63 75 255 159 127 255 39 19 181 64 28 85 255 255 58 31 65 0 122 54
    13 255 126 212 245 58 63 127 234 73 208 0 51 109 221 255 0 43 247 0
    0 0 177 164 0 5 105 0 255 0 0 255 92 255 255 255 255 77 117 255 255
    232 0 17 225 0 148 31 236 220 255 80 73 57 204 69 0 0 140 85 239 176
    255 255 0 255 43 223 238 11 219 255 137 0 142 91 7 142 255 121 255
    255 255 0 82 106 0 44 254 85 145 59 252 164 73 175 129 137 255 118
    120 255 98 206 241 255 255 97 255 7 255 108 0 0 147 255 52 95 0 0 57
    255 57 65 0 247 60 0 104 102 225 54 114 255 234 222 54 27 255 219 0
    255 0 212 255 72 255 250 0 177 255 156 103 0 0 255 0 171 0 215 255 0
    244 133 133 255 0 255 190 216 169 28 254 0 255 99 255 70 255 245 190
    172 27 102 255 38 198 0 0 233 207 93 0 195 190 226 215 58 0 114 0
    255 255 177 255 59 236 0 0 240 2 0 249 168 0 255 99 27 48 177 255
    232 255 208 101 132 44 64 255 0 255 169 0 0 113 117 94 0 255 124 222
    160 187 19 122 112 0 255 244 42 255 107 74 89 109 152 0 0 174 35 201
    0 177 140 209 0 246 217 175 0 244 255 34 131 252 0 255 9 255 108 119
    28 177 255 254 0 39 0 55 235 0 255 255 0 169 222 160 255 241 255 165
    172 81 255 212 4 255 0 255 159 249 255 70 0 0 120 0 228 0 234 255 28
    182 135 44 0 49 255 172 239 255 237 197 56 41 146 0 191 255 255 232
    255 183 198 145 255 0 182 151 219 0 22 71 189 255 184 255 243 233 25
    148 202 91 162 255 0 238 183 0 16 45 225 222 0 0 0 108 192 75 41 211
    90 226 255 48 75 255 175 243 163 0 255 150 34 62 28 47 0 0 0 37 255
    245 255 255 147 255 255 255 255 255 213 238 185 255 255 241 113 180
    255 116 179 208 42 115 169 127 255 174 72 255 255 249 0 255 198 3 0
    148 12 3 8 205 0 0 255 0 255 255 255 104 109 16 61 217 0 91 0 246
    255 255 255 116 228 52 255 171 133 151 236 139 26 244 176 141 224 68
    5 214 51 71 0 155 255 118 36 255 131 102 208 142 80 255 11 171 255
    74 0 158 0 0 255 60 255 255 255 159 102 4 0 0 173 249 233 255 160
    129 225 255 200 21 80 223 0 245 144 0 220 203 15 255 114 0 221 131
    255 181 255 37 0 64 18 255 82 123 25 237 255 46 10 0 36 162 48 23
    255 255 0 78 149 0 220 0 0 255 250 0 255 0 0 88 243 32 255 66 233 25
    203 56 0 223 236 183 112 255 170 255 118 255 196 197 168 0 215 132
    54 59 136 255 255 140 255 255 255 18 244 15 114 86 0 105 62 249 0 0
    0 0 117 255 0 92 165 151 237 0 114 158 159 60 243 206 255 255 203 2
    33 101 238 0 3 255 255 0 255 130 101 255 126 134 0 52 0 0 211 218
    152 255 154 0 221 85 223 216 255 29 139 173 100 127 214 0 255 140 21
    140 94 235 218 104 211 114 209 0 133 191 167 46 85 255 255 0 234 4
    255 8 0 0 255 0 94 255 0 0 0 122 195 128 227 79 255 255 49 255 24 0
    255 161 252 227 0 153 37 0 0 255 0 18 0 66 0 225 56 12 83 89 6 118
    225 14 15 240 0 85 144 194 0 255 203 21 105 231 48 242 95 255 0 27
    24 255 3 167 68 255 171 31 255 64 57 0 231 255 49 147 161 180 86 206
    1 255 0 190 18 60 148 75 12 255 99 221 0 55 228 24 102 0 255 6 104
    95 255 255 84 0 252 56 0 231 224 48 170 225 70 255 0 255 255 255 255
    0 255 255 24 255 74 20 10 156 108 229 255 168 78 255 203 0 27 210 0
    174 252 255 67 161 114 185 108 255 218 255 254 255 255 0 25 72 223
    245 137 255 0 190 0 117 255 0 55 148 0 0 44 215 70 0 223 200 237 255
    0 45 46 0 102 95 0 0 0 56 230 0 255 255 255 224 249 255 255 198 255
    0 212 13 0 255 0 0 255 112 255 201 167 100 152 201 0 112 0 199 230 0
    44 255 31 255 255 208 0 175 234 255 165 118 255 0 0 255 40 0 255 185
    173 111 120 219 125 118 0 0 27 213 192 211 255 255 11 255 255 255
    101 234 37 159 244 137 247 255 12 156 0 102 41 100 200 192 255 168
    150 105 10 145 255 101 125 108 163 67 255 70 255 117 144 187 0 235
    66 0 102 255 0 95 65 0 182 0 0 196 78 242 198 13 30 110 0 11 228 13
    143 0 202 156 229 177 208 255 185 209 252 203 68 216 219 255 89 101
    0 39 255 255 255 207 41 4 156 33 52 6 37 232 255 180 33 255 0 0 230
    255 255 64 57 37 255 51 149 187 99 255 42 0 255 175 204 241 74 193 0
    176 116 82 1 192 235 164 5 0 0 255 164 0 229 8 167 255 83 23 116 0
    234 110 14 208 185 68 68 0 0 106 77 255 233 0 243 130 255 118 175 0
    174 239 189 238 255 142 255 255 54 246 232 255 60 58 17 173 134 140
    255 118 255 1 197 255 2 144 21 0 241 181 0 223 54 255 121 94 35 0
    250 0 255 39 255 0 214 0 2 192 102 127 113 174 14 89 47 246 203 17
    125 149 172 0 112 255 27 0 0 183 255 98 244 152 118 73 237 255 160
    178 166 162 0 158 0 208 202 251 137 255 208 119 212 0 0 212 0 0 255
    193 255 65 205 255 75 215 86 255 82 0 226 255 0 255 6 108 219 246
    243 0 255 128 0 0 255 168 128 169 0 235 143 208 57 255 189 50 0 19
    170 3 160 0 181 255 76 15 76 232 209 229 45 255 253 53 0 32 255 0
    255 24 230 0 126 195 0 184 48 226 147 22 211 216 0 255 204 0 0 124
    91 156 255 221 0 82 176 182 75 74 255 255 77 246 255 255 21 0 221
    176 207 2 77 217 77 0 253 65 145 197 78 133 136 255 87 255 62 255 0
    0 0 255 139 204 237 106 180 137 123 0 12 207 64 8 21 0 21 255 0 23
    214 0 255 0 145 5 182 96 148 255 255 44 26 0 0 93 150 0 147 56 111
    76 0 123 132 255 189 255 255 143 193 0 183 255 0 183 175 29 0 254 0
    163 255 197 49 90 0 123 32 0 194 110 40 255 143 149 255 143 166 235
    49 95 0 65 0 255 0 0 8 0 100 216 57 0 184 0 0 28 124 255 255 222 215
    207 255 92 57 173 0 255 192 50 255 65 255 201 184 198 152 106 150
    177 205 161 27 205 79 255 255 0 83 3 0 26 255 0 201 81 0 192 101 78
    222 0 255 255 255 38 147 9 47 0 0 15 98 0 221 235 255 222 125 140
    253 96 102 0 173 144 0 245 84 34 78 59 179 63 158 43 0 0 139 185 0
    255 0 0 255 255 107 90 85 59 35 145 156 44 187 255 122 128 148 0 0 0
    44 11 16 50 255 255 0 68 148 108 255 255 0 0 191 255 0 212 240 9 40
    143 82 104 255 255 255 221 181 126 255 255 45 149 255 237 0 122 231
    255 255 116 21 255 0 0 216 64 141 255 0 255 255 0 123 0 255 0 82 176
    0 230 45 142 86 188 208 109 88 0 255 0 26 181 255 0 143 180 40 253 0
    126 103 255 27 20 182 0 0 0 48 0 143 109 0 19 255 234 0 170 117 255
    6 227 230 45 0 255 219 154 171 35 0 124 227 107 227 0 68 237 121 255
    255 0 32 183 10 255 61 255 97 136 82 176 223 2 255 255 184 0 161 124
    0 88 0 107 255 142 0 0 255 0 255 255 255 65 255 170 0 255 120 216 11
    255 132 154 255 255 181 255 119 190 158 255 15 128 255 255 255 91 0
    255 218 190 203 0 255 98 102 57 212 0 43 238 6 221 160 255 88 13 234
    255 72 16 82 177 104 70 175 227 162 255 0 0 138 80 102 175 111 0 101
    255 205 59 246 123 255 137 60 255 255 29 255 138 37 255 255 232 6
    114 81 58 255 0 227 131 220 182 8 0 60 45 170 255 0 174 0 217 88 0
    255 254 0 194 0 255 44 183 0 125 255 156 255 169 0 203 208 150 207 0
    135 255 21 255 0 0 104 255 117 0 188 155 96 0 255 0 0 255 98 255 0
    186 218 165 0 222 248 177 249 122 0 150 0 255 244 205 255 213 255
    166 59 215 63 255 71 255 157 255 255 144 255 173 62 191 212 29 145
    215 184 37 141 51 80 127 79 0 147 104 177 61 181 61 0 75 206 255 148
    47 200 209 83 225 233 2 139 233 152 255 255 95 216 10 105 63 0 160
    63 255 0 5 11 113 255 255 225 255 255 50 255 255 255 0 253 85 255
    255 192 248 42 5 179 208 235 38 0 39 236 60 0 18 189 0 31 39 0 141
    255 189 255 251 180 177 0 0 0 111 132 0 39 159 121 255 186 255 182
    240 134 0 0 0 80 9 255 170 164 235 17 115 40 113 172 140 234 255 3
    18 255 22 35 240 143 0 210 12 0 158 18 255 18 23 63 215 255 255 179
    189 191 15 255 44 212 255 146 33 0 255 251 140 98 93 97 34 255 244
    194 34 231 144 116 255 0 225 0 32 169 0 35 241 255 0 132 16 0 255
    255 110 151 146 196 255 0 153 19 255 0 139 6 255 1 0 0 55 0 229 0
    221 255 0 255 127 255 204 133 255 32 255 196 0 255 0 122 255 0 174 0
    255 26 166 0 3 255 240 252 165 100 11 255 255 33 255 132 155 45 0 0
    255 255 255 189 252 238 58 255 249 68 93 0 245 137 255 0 139 198 124
    255 0 203 0 0 209 168 255 150 255 143 0 255 153 161 255 34 169 199
    182 255 255 255 255 255 141 175 31 0 255 0 255 0 255 0 0 0 203 201
    215 89 242 255 255 255 255 81 7 40 0 47 95 35 171 255 18 255 80 162
    166 255 118 220 68 52 101 224 69 109 72 174 110 0 194 166 47 0 0 245
    0 0 218 110 243 255 65 0 138 214 182 107 29 66 11 255 52 87 255 240
    28 0 240 99 0 153 255 110 255 255 168 102 64 43 133 41 255 42 6 202
    214 27 0 118 255 114 159 34 227 112 72 0 255 46 255 226 0 84 58 156
    0 255 255 233 0 202 255 31 196 80 16 4 149 49 255 170 138 255 242
    230 154 39 204 30 92 30 0 0 0 55 0 0 25 0 255 116 152 9 243 119 34
    241 115 179 0 173 0 255 0 0 88 255 70 0 76 255 116 210 0 148 255 189
    178 40 119 208 34 89 255 114 102 141 0 208 49 163 0 239 0 0 232 167
    133 0 171 0 255 0 146 126 255 0 0 100 76 255 107 0 32 155 255 216 76
    174 255 233 126 0 39 204 1 132 231 151 0 60 40 192 132 0 24 213 255
    84 1 174 255 0 194 0 142 0 0 255 255 126 235 195 255 219 255 0 0 103
    255 255 255 64 82 108 255 159 255 133 104 233 0 195 0 137 109 57 0
    19 100 0 17 255 0 115 0 255 162 0 248 0 218 46 247 0 159 129 38 136
    193 159 94 157 0 255 92 179 255 167 179 255 0 241 57 255 255 33 137
    222 112 255 255 169 112 0 0 0 152 51 20 157 190 83 0 203 252 117 0
    15 207 64 0 255 177 0 255 47 255 255 68 20 237 108 172 13 45 80 73
    254 44 255 0 0 0 126 45 255 255 163 255 61 255 255 0 245 78 86 0 98
    103 13 139 255 255 231 255 247 255 6 0 189 6 195 250 27 0 149 0 31
    119 0 255 166 0 255 235 0 255 142 115 255 78 32 255 0 255 81 0 144
    124 246 255 0 0 229 217 73 0 180 210 39 255 152 11 180 255 0 255 255
    93 0 227 101 232 0 137 130 2 0 255 183 166 207 154 255 255 83 255
    255 0 0 0 90 255 99 0 213 152 255 0 240 155 240 222 170 22 22 3 45
    212 24 184 255 90 115 75 0 255 0 195 165 255 0 230 111 253 54 171
    114 0 236 0 0 165 0 114 203 14 144 66 210 255 220 255 105 246 0 48
    255 215 72 0 122 174 161 189 255 111 176 0 53 204 39 3 255 214 214 0
    54 221 118 218 178 0 112 0 219 255 99 68 151 222 0 0 128 111 149 255
    30 152 227 16 0 247 0 77 238 29 148 0 174 255 204 4 255 0 255 0 255
    0 0 109 184 225 0 89 23 0 255 231 0 0 19 217 69 101 110 0 14 115 167
    103 100 233 255 0 255 86 93 227 23 255 46 127 58 0 0 97 0 0 168 5
    255 238 176 0 94 245 0 0 212 45 214 255 0 32 184 101 0 93 0 60 0 255
    199 0 68 15 79 0 228 97 30 206 79 212 244 0 92 255 255 41 246 75 126
    123 75 105 103 0 175 127 0 255 0 255 140 119 10 0 0 255 0 119 255
    199 73 0 0 124 174 70 255 255 255 136 30 255 193 186 255 81 0 255
    255 0 72 139 171 244 255 149 118 102 151 234 255 146 215 0 113 10
    255 199 29 0 255 255 0 255 255 199 0 0 0 255 0 255 236 255 79 0 158
    54 0 226 255 15 203 255 195 165 0 215 153 255 0 255 255 0 138 54 0
    73 0 6 154 185 200 0 183 223 223 255 255 0 255 255 245 229 98 71 255
    213 43 148 81 255 62 139 255 0 106 53 95 183 255 40 0 255 119 0 31
    21 147 81 181 1 17 140 136 255 126 255 255 218 0 0 255 0 255 138 0
    255 255 242 59 142 255 94 255 13 153 0 229 247 102 81 116 0 4 0 76
    77 0 75 123 160 241 105 34 113 60 134 184 255 128 0 135 147 124 2
    163 0 255 0 214 45 255 239 0 255 0 65 250 98 72 137 143 155 20 130
    183 247 249 13 97 25 43 255 173 173 255 255 180 35 0 0 77 252 53 131
    255 66 3 0 61 255 40 255 0 0 0 238 66 121 85 209 255 46 0 255 115
    245 120 255 255 77 222 68 65 255 0 0 255 207 255 121 40 99 244 0 0 0
    54 243 2 183 130 110 230 36 219 0 103 165 106 0 167 36 0 255 138 84
    149 189 0 0 255 22 0 204 0 212 255 214 0 255 255 0 0 255 71 54 0 48
    158 4 138 45 255 255 1 0 255 243 228 55 255 0 212 133 38 0 205 104 0
    0 219 88 64 83 96 34 59 140 255 16 178 255 255 239 255 255 131 67
    110 158 0 255 59 220 245 229 22 255 54 155 213 198 123 196 55 255
    252 196 191 255 200 0 159 227 0 80 255 255 0 156 84 255 255 0 0 2 20
    250 0 90 20 0 255 0 97 144 135 255 209 15 255 120 255 182 0 255 154
    0 92 46 89 255 25 0 145 128 72 75 132 255 255 0 190 0 0 46 210 120 0
    174 179 0 255 39 246 246 71 255 66 153 68 194 0 244 111 221 0 0 30
    149 255 15 0 245 255 146 255 57 110 243 96 35 255 193 26 225 11 255
    164 16 0 0 9 215 255 0 200 152 255 40 255 0 103 0 34 0 0 36 114 150
    255 0 0 255 255 18 255 198 255 85 255 255 255 142 0 192 140 218 0
    225 255 76 0 43 255 0 255 255 0 255 123 133 255 0 98 158 255 93 121
    255 255 63 86 218 255 255 255 255 246 76 222 255 255 255 213 255 255
    255 116 6 0 118 255 32 0 130 133 80 187 144 35 174 36 227 38 0 140
    60 83 212 241 237 75 0 95 66 161 19 0 242 32 241 255 135 196 255 174
    31 14 67 21 0 255 155 107 243 16 99 255 255 237 74 154 255 130 26 0
    255 133 82 255 201 0 0 147 0 92 37 229 157 255 255 251 0 122 0 207
    216 151 143 195 177 0 255 41 0 25 0 0 11 255 157 0 0 96 175 255 195
    255 0 236 229 255 255 193 255 0 116 255 92 230 255 0 242 80 0 41 0
    161 203 0 53 99 86 136 255 162 0 255 0 37 255 252 218 0 54 255 83
    175 0 0 255 0 221 93 206 255 0 255 0 157 255 255 186 220 0 0 196 255
    163 240 255 106 0 0 77 187 255 0 214 176 135 11 168 227 255 0 111 68
    255 255 154 0 178 255 255 240 200 0 200 99 145 255 100 212 0 255 255
    255 246 0 255 0 255 91 225 255 168 239 51 237 168 81 170 0 255 227
    215 16 118 84 61 0 142 236 140 60 115 0 0 30 252 62 143 255 85 185
    236 252 30 255 158 90 61 21 151 0 255 0 60 189 24 255 0 216 208 134
    0 161 0 63 153 0 0 255 0 59 112 241 184 17 17 0 178 167 169 116 223
    255 77 255 0 94 229 0 0 232 154 78 29 114 255 0 20 255 117 237 210
    144 0 13 0 38 0 0 227 250 90 68 255 231 54 255 255 144 204 33 255 0
    114 255 0 0 0 124 177 0 255 140 255 14 255 35 132 224 255 255 233 0
    220 0 0 8 211 255 76 0 202 91 255 149 138 0 45 255 75 103 219 6 236
    195 48 59 22 255 122 147 148 214 117 0 0 29 169 0 238 0 255 208 67
    255 0 0 0 0 0 255 255 157 58 19 255 53 40 240 134 0 0 255 255 27 238
    255 255 0 24 29 0 0 7 0 0 171 159 233 149 255 76 245 176 0 0 250 255
    8 255 66 255 0 245 0 140 255 12 55 156 255 66 239 26 23 116 199 29
    33 255 212 130 0 157 88 194 25 255 147 39 255 223 255 255 73 244 132
    140 115 67 255 29 0 54 111 124 255 2 194 111 0 48 0 0 182 232 0 229
    170 9 244 138 0 0 81 0 0 110 201 158 255 31 154 59 255 255 0 121 159
    218 0 0 0 240 0 132 219 255 203 255 24 128 255 216 126 145 63 0 0
    255 7 224 43 253 255 37 204 255 255 158 229 209 222 213 204 255 102
    206 139 150 221 186 0 255 203 104 134 10 255 255 255 255 80 48 37
    132 255 0 120 31 119 255 43 0 5 127 0 66 0 8 36 0 255 0 255 135 125
    140 87 255 101 0 113 58 255 44 69 130 72 255 255 6 186 255 255 126
    255 255 44 119 133 132 0 117 0 255 186 22 0 255 17 8 43 100 23 0 255
    129 0 140 179 196 95 194 221 51 188 9 196 120 130 153 232 253 0 198
    0 231 209 102 3 0 83 36 255 51 0 142 182 192 153 222 255 241 33 241
    255 0 94 49 5 255 255 0 67 199 110 255 20 255 226 16 141 255 209 6
    173 114 0 62 140 168 197 61 236 0 115 0 249 0 128 255 2 13 53 72 255
    3 255 87 132 4 124 255 255 159 28 62 189 62 177 0 77 255 0 147 165
    181 188 255 0 0 96 255 255 0 79 2 166 56 202 227 0 0 0 7 167 128 255
    117 124 175 255 127 35 116 197 0 0 0 125 255 0 0 176 0 0 80 129 240
    166 0 0 60 0 0 16 133 15 232 182 255 255 215 0 130 255 30 51 0 174
    110 20 0 151 29 175 66 64 196 164 0 0 52 148 175 167 255 249 115 6
    255 126 255 255 255 0 108 255 255 168 150 71 221 120 116 16 255 0
    122 255 0 142 198 0 153 57 117 0 59 255 233 105 0 179 255 255 0 226
    255 38 255 215 105 255 255 88 61 72 112 255 174 95 162 83 200 134 0
    240 0 199 232 52 111 187 162 157 187 6 255 60 255 225 65 255 107 80
    255 255 255 255 199 0 255 17 0 0 206 234 19 37 255 255 255 255 177
    144 40 59 0 170 255 255 255 56 133 162 254 146 84 3 237 255 119 255
    53 168 255 224 115 255 255 159 31 142 0 0 249 239 162 98 110 255 0
    255 255 177 37 20 255 123 0 255 112 107 0 255 255 116 0 172 203 80 0
    255 170 255 255 72 135 164 144 255 203 255 111 219 139 97 242 134 0
    0 255 56 60 147 58 43 0 0 161 83 46 0 253 255 188 161 158 90 0 88
    197 0 255 89 169 159 255 221 255 33 70 232 0 255 99 202 0 255 255
    215 220 90 77 254 140 237 204 102 7 88 0 220 120 0 181 93 88 175 51
    10 85 255 77 186 55 5 205 255 0 255 26 0 255 251 86 255 249 165 12
    56 0 0 217 0 52 54 107 65 60 238 238 255 111 0 142 1 255 108 90 255
    15 112 59 51 112 26 63 255 75 71 0 0 36 46 180 130 103 255 0 1 68 0
    61 241 101 179 227 204 90 0 86 0 242 0 177 0 0 0 246 154 107 65 74 0
    150 148 248 167 0 80 0 108 72 131 255 255 59 0 168 225 235 20 177
    160 255 16 7 198 177 0 255 42 255 87 119 153 103 213 173 57 158 195
    255 44 155 0 228 255 255 222 202 41 0 0 110 32 219 255 194 0 73 120
    33 255 192 48 74 176 0 255 0 255 83 244 43 0 0 255 71 180 136 0 185
    144 248 22 253 255 123 255 118 181 0 255 124 29 104 221 255 222 119
    202 219 208 255 6 0 0 255 255 255 121 91 83 62 47 162 234 246 175 83
    124 81 160 0 255 245 171 255 255 187 181 226 8 195 24 0 113 4 34 0 0
    0 54 255 255 96 0 255 95 143 255 34 21 2 56 158 142 159 92 154 255
    236 250 130 0 58 0 255 80 131 0 255 0 255 134 25 140 143 0 255 59
    131 255 255 90 205 63 250 139 0 116 112 83 73 124 0 62 0 219 46 255
    200 157 255 154 255 255 147 255 0 255 76 48 255 52 10 62 179 195 255
    255 124 0 241 255 243 4 192 255 0 255 0 196 255 255 51 127 0 255 0 0
    104 0 87 127 122 185 4 255 255 28 205 6 255 220 214 107 255 0 0 129
    187 155 18 0 237 207 192 0 61 143 0 0 9 0 255 0 37 227 97 184 0 255
    255 231 130 0 0 0 32 211 77 203 0 108 139 54 63 40 0 255 181 201 255
    190 77 255 72 118 0 242 255 108 79 19 0 0 250 239 240 69 64 53 0 0 0
    126 255 219 0 157 0 0 255 255 0 225 255 29 255 255 114 100 255 255
    111 0 72 225 34 255 75 255 57 178 155 23 169 0 255 170 0 0 105 65 0
    255 92 0 205 0 255 0 227 0 182 68 84 141 223 255 255 0 176 230 36 40
    184 147 2 230 34 255 12 0 73 255 255 255 241 255 195 255 55 105 0 94
    5 0 0 63 134 0 255 214 255 125 0 207 112 56 0 102 0 0 255 64 8 0 225
    164 31 192 64 0 138 187 238 20 73 255 255 185 189 178 0 53 190 198 0
    17 253 43 154 137 52 255 65 179 73 46 73 61 255 255 220 170 39 78
    157 157 255 240 224 168 255 255 214 255 140 255 0 44 238 136 0 213
    18 255 75 218 255 164 255 142 255 0 0 227 255 0 77 95 127 14 197 253
    0 91 255 120 220 108 3 166 0 0 131 0 0 72 0 105 0 189 68 67 113 52
    187 159 22 180 105 0 222 247 0 96 38 99 157 187 227 255 255 167 126
    19 134 234 176 255 255 0 255 28 2 126 215 130 115 130 0 253 0 100
    203 0 80 0 0 112 97 190 32 75 50 119 0 255 0 196 0 13 190 242 240 0
    0 255 0 231 0 239 0 144 255 28 80 217 54 0 255 118 194 116 249 249
    52 25 234 249 56 128 170 0 195 44 0 219 0 119 182 181 78 205 226 70
    50 83 187 200 211 255 196 126 38 255 189 64 148 60 235 11 255 255
    230 126 235 92 1 255 35 88 213 255 199 215 255 88 131 218 194 78 255
    102 0 0 0 111 114 255 255 249 253 216 162 123 47 255 255 81 255 18 6
    79 216 0 255 211 110 247 167 108 255 0 22 255 147 255 144 188 94 0
    44 203 139 75 255 125 255 249 57 202 35 0 255 0 0 247 13 50 117 176
    231 248 141 134 202 95 28 165 255 255 61 255 93 158 198 255 9 255
    116 192 183 133 4 170 0 255 255 213 202 172 0 0 255 84 255 255 97
    243 92 255 172 95 81 247 220 31 129 213 0 102 166 154 128 0 167 96
    150 255 161 86 219 0 194 147 130 255 105 0 255 10 162 0 227 16 0 0
    139 140 172 229 181 255 255 57 145 137 217 67 255 3 157 70 255 185
    212 115 169 255 0 161 138 177 27 198 167 0 206 56 255 183 0 174 67
    170 255 135 0 118 118 219 11 44 9 0 80 255 174 77 38 255 0 61 36 156
    0 234 22 52 24 255 5 255 255 226 145 231 76 44 79 0 114 0 218 22 11
    255 86 255 158 0 179 96 0 94 203 0 23 29 0 196 54 60 53 255 255 39
    255 164 0 100 255 96 255 221 0 16 0 115 192 30 246 0 0 0 49 249 167
    255 248 151 231 232 185 137 115 46 26 229 164 0 139 228 0 210 255
    255 37 150 255 0 197 197 184 32 255 0 0 0 7 228 255 105 0 0 130 26
    114 134 226 44 167 0 255 99 0 0 24 0 118 182 163 63 37 230 0 255 0 0
    86 202 46 0 255 91 0 255 0 255 0 255 54 150 3 0 88 255 255 227 234
    99 0 95 0 17 0 77 0 0 145 160 86 49 255 205 121 238 255 20 195 0 157
    134 192 27 99 17 0 91 192 67 220 252 255 173 0 0 0 255 144 0 78 136
    94 0 250 0 117 89 160 255 245 48 15 255 121 0 144 255 255 44 0 9 255
    5 43 126 255 0 255 255 145 255 84 98 186 0 17 209 125 0 219 246 223
    41 238 250 0 177 72 0 31 105 145 0 39 8 244 10 201 194 3 23 242 0 94
    0 5 191 157 192 49 255 151 255 255 255 181 193 91 255 26 0 255 255
    109 47 221 255 0 63 0 0 34 3 255 91 38 157 255 255 255 255 121 95
    255 38 209 84 0 0 208 83 5 174 110 255 238 0 255 151 0 117 209 150
    255 0 255 30 219 40 255 1 120 216 193 208 138 96 30 0 7 101 0 255 0
    0 255 155 121 255 147 234 19 183 119 231 132 0 116 0 255 13 175 30
    114 151 52 255 110 135 230 149 136 0 106 91 132 255 255 202 255 8 94
    115 255 188 190 90 148 0 70 127 162 27 183 158 166 0 157 200 0 255
    255 192 77 171 92 255 0 162 255 119 148 0 255 197 0 0 130 194 255
    174 255 76 232 0 168 0 60 111 166 0 138 255 96 122 0 147 248 139 255
    255 124 95 208 143 54 8 54 0 0 35 0 211 246 169 255 75 64 0 255 204
    32 187 105 142 180 207 0 255 0 26 253 255 215 0 100 122 255 145 36
    238 62 201 172 16 0 255 252 255 255 8 255 51 171 0 189 0 44 225 255
    244 195 211 221 237 163 0 255 255 176 0 32 176 19 17 0 255 19 0 132
    0 191 142 0 116 150 106 122 0 158 29 110 62 106 255 255 109 255 176
    255 0 106 196 0 202 255 255 0 36 128 146 0 66 2 135 170 174 255 255
    0 0 242 0 10 69 213 112 80 255 38 224 0 216 127 37 0 21 0 83 74 184
    119 146 22 138 255 24 111 51 0 0 0 99 202 255 37 141 64 0 59 212 74
    0 48 0 255 138 142 0 98 74 255 34 31 0 202 94 47 3 255 82 121 255 0
    255 93 0 46 141 173 0 104 3 203 169 255 197 183 0 176 0 212 3 14 68
    100 221 226 0 153 255 98 154 213 59 127 46 0 255 255 255 0 255 255
    84 255 0 69 48 255 0 99 255 0 116 18 0 0 255 254 171 255 23 199 139
    74 197 4 255 107 249 183 0 30 70 11 214 0 190 255 2 123 240 149 158
    36 41 255 239 231 190 131 0 255 0 52 156 74 30 255 121 163 97 255
    240 249 77 221 192 134 90 0 189 148 253 187 255 0 255 49 0 202 255
    217 163 127 239 113 62 126 255 205 176 0 255 119 239 0 0 255 93 147
    255 224 163 142 151 0 111 198 75 0 127 255 38 0 255 0 61 90 0 0 252
    89 105 47 142 0 255 255 255 145 0 255 153 216 171 87 0 0 68 137 0
    140 51 34 0 249 255 175 143 255 0 0 255 0 249 31 255 234 0 170 0 255
    154 33 165 255 174 72 25 144 172 0 105 0 227 255 255 58 190 21 164
    255 0 137 70 60 17 45 238 177 117 255 112 0 132 228 38 146 176 161
    255 230 65 215 88 32 111 0 0 110 16 0 79 86 239 0 255 33 255 66 0
    248 255 255 75 255 18 0 115 189 12 0 0 170 255 66 220 0 232 106 255
    255 73 92 255 89 102 255 89 100 229 0 0 22 247 60 0 41 89 76 255 255
    213 234 69 23 5 193 0 255 0 240 0 255 60 199 132 160 216 176 236 196
    69 0 245 12 193 255 20 134 0 177 246 244 255 181 184 255 255 204 56
    0 255 55 177 204 87 255 25 0 170 249 0 54 203 0 153 29 107 41 1 45
    246 210 134 0 74 216 177 165 255 176 51 255 0 85 205 255 255 68 144
    60 146 184 0 205 150 3 97 85 128 113 207 0 255 92 255 0 0 0 0 198
    140 25 225 199 136 120 163 255 97 0 65 15 0 244 148 32 255 255 255
    113 31 23 39 179 234 156 249 0 205 18 0 121 92 25 255 0 255 140 0 45
    0 0 140 49 255 209 130 255 255 0 0 255 209 255 12 188 229 24 112 0
    224 213 0 123 255 241 255 163 96 255 38 255 161 182 0 248 255 255 29
    180 11 149 16 122 128 0 255 4 62 255 255 169 3 0 199 161 0 36 66 0
    255 255 192 229 83 221 20 130 245 255 45 237 0 194 62 115 0 17 255
    255 79 255 255 52 255 0 44 0 7 0 130 95 2 58 233 255 0 20 39 0 0 0
    19 0 58 0 0 2 72 0 137 112 239 128 0 215 255 255 55 75 46 109 121
    151 137 255 0 255 244 255 0 64 0 130 255 118 0 17 117 220 0 228 255
    188 176 87 193 84 0 0 0 68 225 61 6 51 0 10 225 21 238 22 102 0 0
    255 0 0 255 59 110 255 0 0 255 0 187 255 153 0 65 214 92 199 255 58
    0 0 41 62 124 80 232 122 53 73 187 215 0 99 255 249 255 0 193 255 0
    255 229 128 11 49 255 255 66 192 0 77 16 67 82 211 242 68 255 141 74
    255 100 58 250 228 183 0 17 0 129 32 1 255 33 0 255 170 255 214 22
    70 223 95 255 0 215 232 255 255 0 40 255 0 255 58 204 255 44 160 171
    192 13 0 0 132 255 0 5 0 85 103 195 0 253 172 0 0 240 255 0 255 255
    28 207 255 219 92 108 221 255 175 59 220 255 0 125 198 12 233 0 130
    77 144 34 0 22 15 78 204 0 132 252 255 111 209 143 93 210 72 203 217
    255 144 255 142 235 102 199 17 237 90 226 51 255 46 142 255 205 67 0
    0 9 63 0 154 255 93 74 122 255 0 255 25 130 155 150 166 96 10 255
    191 0 255 10 255 34 223 255 231 255 255 255 254 247 108 0 255 0 255
    255 255 204 145 9 222 239 105 175 0 61 255 0 0 33 0 23 35 140 255
    181 255 122 11 0 0 221 159 6 255 0 118 12 246 214 97 255 255 0 252 0
    181 39 255 34 50 223 159 56 255 25 150 255 249 255 8 202 234 241 41
    80 238 78 129 57 106 0 0 79 93 255 0 188 52 171 255 255 203 255 230
    54 255 204 133 50 78 196 151 235 167 168 255 233 205 255 246 243 53
    255 0 255 178 255 200 255 255 159 151 0 152 74 0 147 8 164 255 206
    255 195 255 114 29 236 0 9 0 167 255 222 255 73 48 255 90 193 219
    130 255 149 255 255 50 231 41 103 255 0 255 255 0 0 212 255 215 243
    255 0 153 78 117 255 112 198 78 51 114 169 0 204 239 92 216 0 254 0
    64 0 122 227 255 145 161 111 139 0 89 62 255 208 251 255 177 255 145
    182 103 0 32 66 131 166 0 255 30 181 192 195 149 30 8 0 0 112 18 35
    27 248 163 51 100 88 219 255 40 142 208 169 237 0 255 255 144 0 0 0
    255 79 73 124 206 251 56 255 255 0 142 169 0 41 93 255 213 7 124 230
    212 0 0 103 85 255 183 164 255 204 0 132 255 245 0 0 255 0 87 255
    174 255 121 255 79 0 255 53 0 185 0 209 0 255 56 114 255 230 255 255
    238 209 0 175 237 185 244 57 84 0 162 76 255 172 46 0 248 0 60 255
    180 9 92 255 0 104 247 0 0 0 85 0 176 0 117 0 244 255 0 159 255 197
    72 246 127 157 92 126 202 255 255 255 231 36 153 255 29 170 18 255
    255 0 82 124 255 15 0 0 60 251 36 0 224 255 216 0 102 0 0 125 86 220
    219 37 181 246 156 0 187 218 0 57 74 0 0 99 0 60 255 207 112 120 123
    0 255 147 49 255 225 176 94 53 0 179 250 255 73 219 59 28 30 31 145
    226 219 0 250 0 236 125 176 255 0 67 236 205 0 58 149 0 166 214 0
    247 239 0 115 255 199 65 255 3 0 0 0 93 118 248 255 255 128 0 255
    251 115 163 145 51 13 97 255 190 56 98 255 255 0 251 0 107 244 75
    190 0 255 145 49 255 36 172 255 255 241 255 255 254 0 77 189 130 234
    239 255 0 161 162 5 79 0 103 63 57 255 255 204 106 33 0 87 0 191 65
    50 0 0 228 0 255 255 255 111 0 0 86 137 162 94 143 135 42 232 76 153
    255 117 0 255 5 3 40 230 198 255 255 255 5 255 0 50 79 0 255 20 242
    32 201 27 0 178 194 118 70 60 237 242 135 207 225 0 255 0 0 127 38 5
    163 255 0 255 152 188 129 62 169 255 194 246 255 122 99 255 134 255
    255 71 3 244 190 0 152 14 173 245 255 191 255 255 86 0 0 170 132 132
    40 0 51 235 255 212 31 103 42 0 0 118 252 126 148 196 136 72 0 255 0
    246 255 199 210 174 255 0 0 94 210 98 0 199 76 0 0 240 153 179 255 0
    255 64 255 47 141 219 28 101 0 255 212 255 222 117 5 69 0 127 205 0
    255 153 255 255 218 129 245 255 0 197 82 157 76 255 139 79 207 0 0 3
    121 0 0 59 0 143 189 110 26 0 178 10 255 0 35 255 0 249 109 141 0 67
    37 147 83 110 255 29 214 246 252 184 104 191 24 30 255 0 235 0 51
    255 255 178 255 0 92 131 0 78 40 154 208 225 0 234 12 110 142 255
    165 0 191 176 219 53 255 0 132 199 0 49 0 116 182 0 30 0 13 127 32 7
    255 255 62 0 212 16 217 209 0 231 0 0 255 255 142 255 8 53 240 255 0
    174 14 255 175 94 194 102 216 206 112 184 243 180 193 255 29 95 0 28
    0 0 236 13 243 0 103 255 115 59 255 255 94 253 126 144 183 0 255 165
    0 104 60 232 0 0 255 255 0 229 195 28 238 205 110 255 187 0 255 126
    26 0 175 237 200 86 244 87 255 0 250 0 0 99 245 132 169 255 223 230
    106 255 78 0 111 255 0 0 255 111 97 39 121 255 255 67 255 255 255 0
    26 157 255 102 0 0 98 0 255 255 101 251 74 255 200 6 164 189 220 255
    231 149 0 60 184 121 59 0 73 199 76 165 255 216 146 255 227 0 187
    171 0 66 23 209 206 131 0 255 69 119 83 0 113 110 255 255 87 255 82
    229 52 255 211 255 88 255 105 55 118 242 26 48 255 218 253 198 254 0
    188 255 255 141 111 16 255 85 0 32 226 49 0 235 0 0 255 14 209 81 70
    255 180 0 79 70 42 255 0 73 103 43 49 149 110 255 0 0 206 86 0 0 255
    44 165 231 169 146 255 50 255 0 151 41 248 196 255 125 215 36 1 226
    96 33 57 131 66 250 11 0 107 255 0 59 0 6 255 0 255 0 255 255 92 0 0
    117 115 190 194 0 25 74 0 0 0 58 79 43 215 255 178 211 189 225 8 137
    0 255 0 194 247 247 217 68 0 255 149 255 65 94 4 0 32 205 63 0 255
    34 145 255 46 121 196 115 0 255 0 129 255 10 94 215 179 0 145 19 255
    161 189 91 161 183 64 228 255 75 217 200 156 53 202 101 0 9 74 175
    80 0 0 198 92 0 30 49 0 219 63 69 255 254 91 213 255 52 33 255 204 0
    236 0 239 176 0 255 243 4 255 0 255 82 247 71 255 64 35 0 0 59 22
    255 255 255 255 210 1 176 238 30 3 0 70 255 50 255 71 0 0 0 9 0 34
    164 0 255 97 7 0 255 255 233 111 255 255 0 189 255 255 155 73 0 0
    121 0 78 168 70 255 128 255 113 234 83 194 0 255 255 156 255 255 255
    252 18 0 40 255 222 7 255 205 0 231 255 66 0 0 247 255 255 0 255 75
    0 102 0 0 41 10 152 83 175 165 244 30 0 135 0 0 181 202 0 126 255
    223 94 226 4 230 221 0 255 18 192 255 218 244 178 105 255 213 45 255
    249 122 66 255 255 218 178 111 83 255 116 0 161 124 0 16 47 255 0
    202 195 0 59 30 87 166 0 255 0 34 0 112 208 84 83 255 46 255 255 83
    0 255 111 0 159 123 43 119 236 198 235 83 255 21 71 158 55 255 206
    180 0 155 120 139 247 196 255 175 41 31 0 56 185 133 41 79 0 185 152
    0 0 135 255 0 147 0 151 88 0 255 212 255 142 255 255 4 255 178 143
    255 255 0 56 29 190 255 46 0 117 255 255 255 63 0 126 255 152 148 94
    198 0 255 0 0 68 159 0 157 65 100 26 174 0 169 255 187 200 0 22 240
    253 0 179 255 255 43 0 43 74 0 255 255 72 255 0 107 8 0 127 255 225
    130 255 67 255 109 246 162 0 0 255 136 62 0 196 155 255 202 255 157
    255 0 92 33 87 171 14 0 121 142 43 0 1 182 58 115 162 183 0 202 143
    0 182 255 0 30 54 0 255 166 143 255 255 163 255 0 97 255 0 143 196
    26 232 208 0 160 17 145 255 197 167 0 99 255 230 4 255 163 203 0 99
    52 0 14 76 116 255 0 181 188 237 165 0 58 0 96 16 0 31 21 40 195 103
    0 174 87 15 255 0 0 150 89 222 210 255 157 184 0 162 0 237 107 167
    118 93 114 0 97 255 203 200 52 188 255 255 255 255 255 21 213 255 0
    37 13 255 216 92 255 181 255 125 0 255 113 218 152 119 187 0 72 107
    103 45 55 4 99 56 34 220 54 158 167 245 71 255 58 0 133 180 0 41 255
    91 20 250 106 255 0 255 0 146 99 233 255 8 222 0 17 40 39 0 0 163 0
    121 22 210 72 208 172 147 172 170 255 248 29 0 0 176 0 186 54 219
    255 255 167 0 0 189 0 0 16 117 19 225 216 0 88 0 221 126 102 148 69
    103 0 191 192 0 1 0 0 61 19 15 255 255 255 255 167 255 255 255 129
    208 42 154 255 255 103 182 211 141 0 142 254 0 255 255 90 222 255
    228 49 30 41 52 248 0 39 100 87 60 132 255 7 255 255 0 44 104 179 54
    255 161 52 221 0 0 59 0 20 255 255 0 255 14 99 0 0 117 150 255 99
    255 255 4 247 204 164 53 160 120 253 0 58 0 0 197 255 39 171 217 228
    29 31 35 95 186 127 255 229 129 253 200 68 61 147 159 111 165 0 230
    179 44 255 115 147 220 0 136 0 151 129 55 116 52 0 231 0 122 255 1
    25 224 36 189 75 115 234 0 0 255 237 96 255 0 0 222 80 0 235 75 134
    231 74 233 119 182 165 62 54 255 113 0 184 255 129 255 204 78 159 73
    205 133 255 0 203 0 111 236 221 60 255 202 0 0 0 175 101 156 255 202
    255 255 214 238 0 77 51 236 155 21 220 255 15 2 49 255 162 169 74
    187 0 0 50 221 0 248 255 255 255 209 19 46 189 106 169 0 0 0 125 64
    18 0 242 169 0 170 43 23 0 0 0 43 194 86 44 49 0 31 255 236 0 255 0
    243 89 0 69 255 222 157 30 212 8 0 0 6 133 255 197 6 255 0 255 0 204
    0 74 239 11 255 130 97 0 0 133 125 39 246 0 23 181 251 57 255 148 87
    59 255 255 107 30 18 255 52 255 149 40 178 230 255 119 255 179 113
    207 63 102 255 120 204 209 88 160 255 13 255 103 0 255 227 235 215 0
    230 92 0 220 239 236 255 0 255 149 28 121 175 165 72 167 61 254 200
    66 0 255 92 191 255 108 147 249 40 172 93 45 117 82 68 142 0 46 0 0
    3 255 140 89 82 255 198 98 100 255 0 0 198 147 99 179 212 7 247 187
    255 141 0 62 220 0 0 0 0 226 165 78 0 127 255 0 0 207 250 253 71 120
    76 0 145 0 164 0 67 223 255 0 235 0 255 79 2 255 47 0 28 81 0 255
    135 255 194 246 241 86 0 235 0 180 96 255 37 0 44 22 255 0 125 0 6
    116 173 163 239 255 167 255 42 67 51 227 0 0 0 56 0 255 129 134 255
    6 255 54 255 157 2 255 0 0 109 238 0 255 8 0 88 0 39 141 110 107 95
    0 157 40 0 176 129 255 58 46 231 0 155 198 32 255 0 36 72 0 67 199
    48 255 255 60 108 5 164 0 29 0 170 255 59 255 195 0 135 255 255 16 0
    255 210 108 250 94 255 219 255 172 230 126 0 255 106 104 0 0 30 0 0
    0 243 255 131 236 174 0 60 113 237 49 0 255 73 251 255 104 0 255 104
    255 51 115 255 140 36 28 93 255 121 255 122 255 255 255 179 31 102 0
    132 255 49 63 79 0 80 160 108 194 86 255 91 75 255 0 40 198 255 0
    255 255 135 73 255 255 255 0 0 192 26 255 0 74 255 208 17 230 0 186
    226 172 0 186 142 251 41 233 255 211 0 0 103 103 167 0 168 184 221
    154 0 112 0 112 185 87 73 181 63 148 0 0 208 24 133 152 24 90 0 196
    217 182 254 32 230 124 14 255 173 40 102 9 183 197 255 255 153 90
    255 255 20 62 166 214 255 167 233 0 149 147 255 69 255 234 86 0 0 81
    255 43 216 235 151 88 0 2 0 255 145 7 204 255 255 236 83 34 132 255
    171 175 200 107 0 69 146 79 255 0 255 204 145 235 255 255 240 0 221
    49 218 169 12 0 0 58 79 87 0 191 123 0 12 178 0 50 255 99 24 118 0
    255 255 16 152 107 184 169 0 255 137 122 0 220 33 27 239 144 77 255
    0 163 0 124 0 131 123 78 131 17 255 78 0 0 239 24 0 4 121 232 32 153
    15 0 142 0 255 194 64 255 255 255 154 242 186 240 158 35 255 0 85
    255 186 47 0 0 151 213 231 0 204 206 0 0 1 0 181 0 255 161 152 42
    201 137 25 0 255 39 26 127 166 193 210 225 0 0 238 0 0 255 255 101
    209 208 14 229 0 205 75 255 135 60 208 255 13 255 255 168 127 196
    208 1 255 85 208 5 15 175 57 74 255 188 135 121 220 69 189 255 108 0
    177 173 160 0 254 0 195 112 255 152 255 255 255 85 0 231 96 0 151 0
    255 122 255 208 176 0 0 0 0 0 41 98 34 0 255 30 0 221 215 124 255 0
    109 99 43 190 0 255 34 88 193 0 12 25 255 255 102 255 136 133 228
    255 195 0 65 255 61 0 0 135 218 101 38 159 35 32 79 32 181 33 61 163
    255 0 125 29 255 211 118 2 106 0 33 103 36 46 134 240 78 255 0 181
    255 159 228 255 0 179 234 0 160 176 255 231 179 63 255 254 0 56 0 0
    0 255 38 255 255 0 39 129 255 118 255 103 24 255 171 255 129 162 201
    0 255 0 14 255 2 255 163 5 193 0 255 109 191 255 255 118 255 8 255
    116 107 0 167 255 255 186 239 151 0 139 196 0 100 15 189 187 11 255
    194 0 255 59 1 107 78 255 0 0 121 246 203 255 241 41 67 255 58 255 0
    237 250 4 85 0 104 61 0 255 39 68 0 79 146 174 85 107 20 0 136 112
    255 160 251 255 24 0 55 65 157 255 17 5 212 100 0 254 150 0 255 255
    0 255 229 0 163 19 200 0 0 65 167 116 4 102 143 0 7 13 0 0 227 0 25
    195 0 41 181 17 79 65 233 43 119 101 255 0 57 255 0 255 103 0 112
    255 164 125 0 126 255 0 255 237 158 70 255 255 21 247 16 0 70 124
    255 146 160 0 2 108 225 255 0 43 78 149 93 173 0 255 30 24 2 168 118
    0 207 253 229 0 121 170 182 85 249 106 152 255 255 255 0 195 114 138
    109 0 255 222 253 0 193 0 0 72 163 49 255 161 255 0 75 255 0 0 255
    189 0 133 5 106 79 166 44 96 0 199 3 4 237 195 225 0 18 255 255 0
    205 56 187 255 143 0 181 183 196 255 145 0 255 0 218 66 11 193 52
    255 141 255 255 205 0 91 13 10 238 94 47 201 9 90 255 58 51 104 236
    30 0 146 70 246 255 157 0 255 255 0 43 252 0 255 0 243 204 216 0 201
    255 255 215 255 137 255 114 0 255 255 135 255 176 128 74 255 190 1 0
    0 229 247 255 52 216 173 40 220 75 0 255 174 19 111 182 79 0 0 5 0
    162 0 155 255 225 255 0 2 78 233 0 0 182 164 99 66 255 36 30 219 127
    34 141 252 168 29 255 4 255 0 138 0 0 255 0 56 165 114 255 190 40
    175 105 141 0 255 210 0 13 0 176 239 3 173 255 25 168 56 235 255 16
    26 0 115 255 15 138 0 242 255 170 247 118 241 50 96 0 0 255 140 150
    255 238 255 190 208 93 255 32 139 18 100 215 255 113 0 60 82 51 255
    142 40 0 118 49 183 170 151 230 243 255 30 103 0 255 255 69 159 255
    0 47 255 159 255 0 222 73 106 255 0 43 0 0 0 0 76 225 0 218 18 0 22
    139 0 255 244 0 114 26 42 0 59 0 243 255 0 39 255 0 196 255 244 255
    128 213 21 108 0 255 255 120 223 182 24 112 233 218 233 66 40 255 0
    255 255 82 0 191 182 255 255 255 0 245 73 56 167 239 212 23 255 44
    255 242 246 0 255 0 0 36 16 255 30 255 140 179 36 45 255 255 38 244
    255 49 0 110 255 0 47 160 91 219 202 214 255 75 104 0 147 219 0 49
    67 116 255 18 176 122 0 255 76 255 255 11 26 0 255 255 172 206 255
    33 228 53 229 4 152 167 0 240 109 25 229 8 136 0 0 244 191 0 20 0 66
    184 169 170 166 0 0 153 255 247 96 255 195 255 167 255 0 3 0 249 255
    0 86 214 92 51 0 103 172 10 0 211 128 121 0 255 255 255 152 18 154
    78 0 0 110 0 214 55 23 255 179 255 0 0 243 255 41 255 27 0 215 119
    50 18 0 31 255 13 218 251 86 0 175 212 152 56 0 116 0 134 255 0 255
    0 61 120 146 255 255 161 255 103 0 157 0 198 255 0 118 231 0 77 255
    255 255 60 8 105 43 101 155 231 0 255 255 0 91 255 179 255 74 0 197
    125 220 86 236 98 230 255 66 163 4 6 78 255 0 19 255 255 178 255 255
    255 0 240 126 4 0 0 223 165 0 0 238 91 255 0 128 191 199 255 12 240
    0 5 0 19 35 0 0 152 138 62 0 112 153 6 178 128 0 153 81 0 92 255 255
    80 34 255 201 4 255 255 0 242 83 195 98 255 41 47 227 173 113 249 16
    18 13 0 75 0 0 0 105 0 0 10 255 0 209 255 197 207 159 126 233 113
    212 129 0 7 50 65 0 255 29 133 174 0 200 255 193 0 198 0 0 213 50
    213 255 122 54 144 143 0 0 142 169 255 255 255 0 0 136 255 0 182 79
    64 211 222 255 133 0 152 255 197 165 3 198 151 0 241 13 208 255 0
    194 167 124 99 100 71 255 166 137 126 0 3 138 0 177 255 196 48 255
    255 117 126 183 110 130 255 14 205 55 201 39 146 205 164 171 255 0
    255 84 32 255 55 0 0 0 0 199 255 62 22 255 222 255 125 56 85 255 71
    108 255 167 255 180 31 33 221 170 32 110 135 207 185 207 48 157 255
    255 160 255 0 206 7 255 0 156 255 43 55 78 255 0 83 101 250 166 155
    179 255 79 102 20 79 0 255 129 136 0 102 0 97 205 0 0 255 255 64 76
    177 255 33 0 126 255 149 255 184 255 0 107 0 0 2 170 0 0 214 0 43
    255 176 210 126 152 49 251 0 0 196 255 127 255 183 255 0 114 255 0
    36 255 72 47 54 63 181 0 103 255 145 118 255 45 0 255 255 0 183 21
    15 24 0 255 155 246 214 255 255 212 0 0 255 165 0 25 0 255 52 0 89 0
    104 255 197 125 85 220 255 249 91 0 139 135 0 255 24 212 255 79 30 0
    255 40 255 7 62 75 248 108 255 185 145 217 0 230 19 0 255 138 231
    109 255 81 41 224 129 198 255 162 0 255 211 0 255 154 122 255 35 113
    123 255 11 60 0 150 115 0 157 128 255 218 255 114 0 0 18 0 0 0 141
    255 95 255 78 195 151 149 44 245 75 242 118 79 13 255 3 20 0 155 186
    233 3 16 123 255 151 210 0 27 0 163 213 19 87 239 255 124 170 67 216
    12 223 2 76 218 0 95 112 255 207 233 227 0 255 0 0 255 0 0 173 129
    108 0 255 116 87 199 140 137 119 225 255 208 228 81 0 204 21 7 255
    255 192 255 0 255 208 215 106 146 75 132 201 0 255 255 88 163 0 0 99
    160 0 35 0 227 49 42 0 255 27 29 0 224 0 247 255 255 97 78 245 33
    253 162 0 12 255 66 44 66 129 33 255 165 89 179 0 42 5 23 0 177 180
    26 249 255 0 255 0 0 16 77 209 159 228 115 0 173 112 255 119 0 81
    148 0 194 181 212 0 23 0 33 255 218 0 81 239 138 0 31 187 240 59 255
    255 31 0 0 0 255 255 234 255 255 255 188 0 221 242 255 50 4 210 210
    0 255 0 77 186 41 181 204 89 29 140 157 0 253 255 229 242 131 235 65
    188 2 255 255 187 243 255 231 171 221 184 240 0 172 255 184 255 62
    94 0 132 9 14 30 255 0 190 16 101 0 72 186 1 255 255 119 255 4 0 164
    255 222 148 168 180 189 255 49 57 58 48 0 124 44 0 0 8 181 103 255
    191 202 255 85 255 236 255 255 255 82 0 111 210 0 154 1 54 88 199 8
    0 255 63 255 255 221 224 255 255 185 195 107 255 255 0 105 100 0 242
    94 246 198 0 206 99 6 99 255 145 0 37 0 71 238 255 129 35 152 233
    255 0 228 246 6 0 0 194 182 201 221 33 0 101 184 73 255 124 81 241 0
    201 0 0 112 0 102 255 0 0 219 144 0 69 135 235 116 46 65 151 109 255
    89 200 255 200 206 190 0 0 14 255 79 251 255 0 26 102 140 0 116 255
    0 63 107 227 150 5 185 245 255 38 0 124 255 0 255 255 255 255 4 140
    244 0 255 41 255 144 159 0 255 255 0 93 172 242 198 0 0 96 3 159 161
    88 208 255 23 183 255 0 0 255 188 220 215 255 168 0 255 160 236 111
    104 68 86 53 0 140 255 61 152 98 255 46 255 255 255 234 190 255 182
    214 0 109 0 255 126 90 24 77 255 141 42 0 22 0 255 171 0 170 53 0
    115 0 59 32 255 168 255 242 255 0 0 122 95 0 164 178 74 141 0 0 132
    255 224 80 243 255 246 179 0 84 44 255 199 67 255 0 0 0 31 0 255 167
    36 184 25 80 32 255 205 0 255 38 141 58 255 255 170 50 0 0 75 255 0
    255 68 55 201 0 68 255 105 0 111 239 27 146 54 0 8 0 0 104 0 0 92
    113 150 201 31 166 43 0 255 232 199 166 185 241 0 255 0 255 84 255
    72 255 7 213 152 208 253 131 110 17 108 0 255 133 255 7 157 105 153
    0 84 206 0 102 0 38 255 209 42 255 141 255 0 255 255 0 255 255 255 0
    184 137 0 205 26 189 0 255 77 85 244 230 0 157 252 209 255 249 43
    255 239 50 255 39 255 6 150 75 0 194 255 0 72 0 93 255 254 0 94 0 0
    94 146 0 191 56 173 217 80 7 0 66 32 0 167 197 255 35 102 193 71 255
    255 255 0 101 255 181 43 0 255 0 0 0 58 0 183 179 171 200 92 19 47 0
    115 0 238 79 0 255 148 200 20 255 144 212 208 3 209 207 0 173 64 178
    179 148 0 255 121 167 156 183 100 53 69 131 255 0 255 255 104 194
    111 53 177 255 255 204 150 255 0 64 214 182 0 133 130 255 226 249
    114 0 146 22 255 36 0 255 198 0 221 85 78 255 182 0 94 76 114 4 0 14
    0 0 255 21 0 82 8 77 206 198 255 114 151 18 255 188 255 113 253 183
    51 233 139 138 255 255 0 0 123 0 255 255 116 99 155 80 255 67 152
    255 101 0 31 29 255 220 255 255 0 133 255 0 104 0 112 255 201 255
    255 255 108 93 0 18 0 0 255 0 69 69 255 255 255 0 234 147 130 0 198
    94 102 206 22 55 222 88 159 249 197 146 255 83 141 37 208 144 221 0
    0 0 0 0 17 85 130 195 255 120 38 255 126 124 197 213 255 37 36 255 0
    253 255 54 31 255 255 92 12 255 1 130 214 154 0 4 114 93 0 0 255 229
    239 0 255 63 255 255 239 40 255 0 0 12 255 255 23 255 255 189 217 88
    177 84 0 144 242 54 163 214 227 150 31 0 255 255 0 42 4 0 249 90 16
    97 0 209 78 0 40 194 255 124 188 255 160 0 255 248 16 255 164 242
    221 202 254 124 255 255 201 0 4 255 0 195 131 255 0 209 255 207 255
    22 255 199 255 159 0 36 255 90 0 46 64 0 78 251 137 99 217 49 0 255
    153 103 255 79 0 255 0 217 170 173 239 84 85 0 97 255 245 196 217 57
    129 0 122 127 255 177 0 0 181 200 65 64 7 0 0 125 0 171 0 137 0 123
    15 221 219 151 129 250 252 44 143 142 255 255 70 255 176 146 136 0
    255 133 0 120 47 144 85 196 0 117 0 167 147 97 33 196 255 0 255 61 0
    70 255 37 255 255 79 255 176 203 255 117 254 28 100 12 239 255 0 245
    153 155 40 166 164 10 93 101 7 255 135 255 187 225 206 255 70 0 0
    255 183 0 141 160 125 227 23 0 141 43 255 255 255 255 0 255 109 153
    47 222 0 68 61 110 0 144 197 174 255 16 197 168 156 85 89 255 255
    255 255 177 47 40 215 179 73 255 255 34 255 255 58 0 21 14 111 255
    181 73 73 199 0 59 88 255 16 0 0 158 75 233 163 255 235 255 20 255
    44 255 181 195 83 0 0 255 0 173 0 0 16 175 0 105 156 67 255 59 91 0
    0 54 255 196 242 255 255 255 32 245 255 255 255 105 0 33 107 197 0
    94 255 0 213 35 0 216 207 19 255 151 171 255 93 49 72 111 202 0 0
    114 84 65 0 180 182 255 153 64 222 46 0 114 159 20 0 0 247 0 132 255
    27 174 0 2 184 52 120 0 54 28 0 151 0 0 41 228 3 237 240 20 0 255 75
    255 70 0 106 0 230 0 175 150 252 200 207 190 150 23 181 0 126 0 0
    212 0 255 65 0 5 51 255 130 254 161 0 113 0 255 140 0 242 0 14 255
    255 45 197 218 135 15 107 255 255 255 0 255 249 0 210 54 255 75 248
    8 201 179 185 13 40 0 148 114 0 177 199 100 38 210 0 119 0 232 255
    255 126 17 154 133 204 91 255 138 255 153 255 112 0 31 231 103 248
    48 166 99 48 255 255 140 227 118 208 236 255 212 23 77 200 116 255
    98 98 0 142 242 0 97 165 35 0 255 54 0 0 183 255 203 64 93 255 255 0
    255 207 6 255 113 0 255 52 250 207 0 146 255 255 176 24 255 255 151
    255 46 30 255 255 220 103 0 0 123 0 25 255 187 0 0 129 105 116 255
    50 0 255 12 104 68 226 255 0 92 234 255 16 45 255 106 115 213 0 0
    255 0 76 32 0 252 124 0 204 159 0 114 74 255 255 114 40 212 129 163
    255 135 255 255 0 104 200 0 35 255 0 119 0 86 0 255 10 23 0 255 61 0
    8 255 255 95 255 141 92 13 212 142 57 0 107 122 0 194 182 68 144 46
    78 0 8 6 196 70 17 198 119 255 231 149 255 27 0 255 58 248 255 0 12
    247 79 0 135 0 255 228 11 0 255 122 0 41 255 149 124 100 255 255 0
    168 255 0 52 86 93 130 255 255 16 255 154 18 13 225 255 0 91 255 0
    255 14 2 244 0 0 1 0 255 0 200 155 205 255 7 0 0 182 166 255 255 203
    79 255 174 66 225 140 149 0 185 75 237 255 194 0 255 255 239 0 154
    255 209 0 255 14 13 223 255 171 0 0 255 175 0 0 145 0 95 47 41 0 252
    255 255 0 255 0 219 0 234 55 142 100 5 181 255 255 98 0 242 90 47 49
    85 255 163 0 224 255 255 172 0 255 219 145 69 255 178 214 0 54 239
    199 0 111 62 128 83 198 34 255 141 255 0 55 66 0 119 164 0 0 255 45
    0 46 255 143 93 165 25 255 70 255 36 153 32 206 245 81 103 50 255
    255 82 247 82 19 139 45 3 0 72 0 95 33 255 117 111 37 153 245 156 0
    68 158 170 0 151 238 161 255 57 225 255 0 49 255 0 0 205 0 0 39 0
    218 46 255 44 1 97 255 245 255 3 255 72 176 0 208 74 119 0 0 0 14 0
    43 154 255 255 170 255 49 255 163 0 169 147 135 46 255 28 0 210 140
    0 33 117 255 235 255 255 0 212 122 15 0 255 102 240 255 216 104 136
    255 255 110 45 58 212 41 92 57 234 0 229 219 186 255 216 255 255 255
    255 87 191 255 255 70 25 26 108 86 132 192 76 216 205 207 250 255 21
    217 185 109 134 21 79 32 0 52 215 0 173 11 0 166 0 255 205 255 91
    203 255 100 94 234 159 135 196 255 0 85 97 255 240 0 101 58 216 236
    110 25 188 255 248 164 100 255 255 0 226 255 0 0 255 139 0 19 0 255
    255 216 217 255 255 158 178 255 16 141 0 142 17 12 255 0 255 82 0
    255 0 239 0 174 161 209 100 24 255 178 202 247 255 31 255 29 147 0
    226 0 52 0 0 0 71 207 0 255 56 103 255 0 199 255 64 167 17 129 47
    183 153 155 130 122 219 166 95 113 255 232 119 150 255 255 253 58 73
    255 0 0 251 98 124 27 41 34 255 133 175 53 64 77 181 83 137 204 252
    161 76 255 216 23 190 0 142 109 36 143 167 0 255 255 91 135 64 224
    115 236 255 0 255 87 0 255 0 0 190 229 29 255 117 56 0 235 255 0 161
    88 255 0 78 127 125 0 54 243 253 42 255 0 172 0 255 233 0 160 255 0
    89 255 255 49 53 196 177 78 252 0 0 231 0 255 98 8 16 0 68 25 0 215
    138 190 17 213 0 213 136 38 139 20 9 100 76 222 0 138 255 251 0 254
    0 34 219 45 255 250 124 255 210 222 139 193 0 14 255 67 0 255 0 67
    10 157 255 151 40 91 255 64 255 151 0 255 132 107 45 0 255 183 143 0
    255 162 248 217 192 174 255 224 189 59 110 194 0 68 65 182 52 62 157
    16 84 163 99 44 0 0 144 255 183 109 0 143 0 0 255 47 33 172 86 144 0
    209 10 0 131 13 0 231 143 166 255 0 0 255 0 23 195 201 255 237 25
    210 93 255 236 65 2 235 0 191 80 157 255 255 0 245 45 41 6 0 153 110
    50 31 0 0 152 42 255 205 233 255 137 137 255 113 255 84 137 255 255
    255 83 255 98 255 155 197 8 0 0 118 255 133 168 49 26 28 201 0 0 149
    252 238 145 207 169 223 3 255 255 71 96 32 232 0 95 244 255 147 255
    180 46 0 199 146 0 82 222 255 0 179 175 212 203 42 255 227 0 0 255
    76 0 87 246 0 65 230 0 59 81 210 0 21 191 174 255 255 255 36 0 255
    69 242 0 4 111 223 255 52 92 40 0 199 19 255 255 22 0 1 255 0 255
    255 0 39 255 82 235 255 0 255 167 136 101 52 9 247 0 90 0 255 0 204
    0 198 204 255 216 172 201 123 207 200 255 29 255 177 255 0 253 25 0
    255 0 0 72 180 255 0 255 0 0 255 255 71 175 69 0 0 0 153 121 255 80
    1 191 255 144 221 204 76 91 117 45 255 0 98 195 0 255 29 0 255 255 0
    82 136 86 231 0 22 0 255 255 255 255 220 177 255 255 250 150 56 0 39
    0 142 9 209 189 151 132 255 255 0 169 201 64 88 110 255 0 255 226 97
    208 0 113 90 109 146 126 0 122 0 83 80 72 235 0 0 8 172 53 0 255 64
    0 80 125 102 255 255 136 0 168 0 0 77 255 255 198 237 98 123 0 28
    232 0 63 255 179 104 105 0 187 0 122 0 72 255 213 0 151 206 255 166
    200 83 0 0 80 255 0 10 6 0 220 154 208 150 105 123 17 61 255 1 186
    205 158 76 25 9 173 0 84 255 4 128 154 0 105 130 255 102 20 90 124 0
    0 186 111 195 196 187 2 255 0 148 113 210 148 0 255 4 0 159 107 213
    255 53 30 255 37 0 38 230 0 0 227 19 22 94 183 157 171 0 210 41 0
    220 0 191 84 255 118 0 123 234 0 49 169 202 0 0 0 204 104 172 106 0
    255 202 0 0 191 227 56 165 122 255 178 170 0 255 241 194 72 255 0
    255 68 75 0 81 0 80 103 153 0 138 39 160 255 80 0 112 0 187 0 122
    255 3 9 71 125 0 0 230 100 195 0 171 255 255 255 248 93 53 26 73 255
    49 123 98 0 249 187 186 251 94 247 255 0 85 158 243 171 218 0 183
    255 255 255 255 255 165 206 142 0 255 0 0 180 0 0 227 149 255 195 0
    0 166 103 24 203 15 71 124 0 255 140 9 80 103 247 137 255 0 255 76
    255 0 81 179 255 207 48 77 140 0 218 255 142 255 0 223 83 66 46 217
    173 0 12 252 59 247 85 255 162 158 255 167 232 116 91 222 125 19 255
    0 0 142 56 13 0 255 0 138 0 214 229 255 187 24 0 105 229 0 67 146 0
    0 57 255 254 102 133 105 113 255 26 191 176 87 49 194 0 88 204 107
    255 0 94 0 0 158 89 55 214 255 255 37 119 71 0 5 255 173 10 200 182
    255 227 125 135 181 170 0 1 101 150 157 197 0 175 216 255 242 140
    255 230 24 53 160 220 128 17 255 0 255 255 9 86 255 249 195 11 20
    127 201 49 119 247 167 0 223 95 221 255 0 115 110 255 255 218 251 85
    0 240 67 52 0 119 199 0 5 255 0 255 222 223 237 131 255 222 0 0 0
    143 174 255 255 30 46 255 139 117 32 11 18 38 255 255 72 255 193 0
    255 0 68 189 54 255 255 85 219 220 231 153 255 255 105 255 148 190
    194 184 213 176 255 255 0 231 244 4 0 0 244 63 0 252 0 140 0 138 164
    83 255 83 0 44 186 171 235 255 219 58 181 43 0 203 0 163 0 247 146
    255 0 159 0 104 224 121 180 0 0 255 135 255 59 255 51 173 234 3 0 32
    12 195 255 22 127 255 225 173 146 0 0 169 114 245 59 0 0 0 150 255
    52 202 255 255 112 101 71 255 90 178 255 0 82 84 255 43 0 232 26 52
    53 0 17 0 255 0 255 172 107 68 255 37 104 227 0 0 0 255 50 0 90 249
    139 202 1 255 0 0 119 255 224 77 6 192 0 255 158 60 84 228 0 150 197
    179 152 164 93 0 243 0 251 98 137 121 255 241 243 68 255 208 27 166
    190 112 79 14 255 46 255 104 97 255 0 211 10 255 94 0 254 158 0 239
    124 241 237 148 55 155 101 255 0 155 32 255 232 234 190 117 255 255
    255 249 175 0 248 255 71 17 9 255 62 0 148 80 109 164 0 159 208 201
    221 137 222 255 143 0 255 198 255 200 0 122 149 0 146 45 174 35 255
    156 0 250 0 255 73 0 249 255 233 0 136 191 211 182 24 255 100 74 18
    228 0 68 220 0 140 5 255 71 52 255 84 122 229 188 255 0 255 200 150
    163 119 0 255 0 241 255 26 231 148 255 0 246 51 203 178 177 247 60 0
    255 50 174 0 173 159 242 240 255 255 0 235 0 0 255 136 151 0 175 92
    69 153 78 223 66 172 255 0 240 49 81 255 0 114 87 88 157 102 175 108
    151 255 66 122 176 45 218 104 172 139 132 255 255 94 202 113 0 0 197
    133 10 154 253 67 124 63 0 143 66 170 162 18 0 133 255 148 0 185 255
    0 242 17 0 0 255 190 156 227 0 34 0 0 180 225 83 85 203 201 0 0 10
    125 255 88 0 113 106 228 173 171 255 229 23 60 0 62 224 81 0 173 50
    0 36 206 6 159 0 6 0 156 241 255 108 110 0 0 3 0 161 0 248 92 104
    249 9 163 123 255 85 15 255 0 0 255 0 184 0 200 47 228 146 147 31
    255 49 51 255 203 144 0 0 255 0 13 211 14 0 147 84 255 243 254 64
    211 180 48 241 70 101 70 182 0 246 255 70 0 255 255 255 53 80 0 0
    255 0 81 54 255 0 31 93 130 133 130 241 63 255 255 107 192 255 0 159
    255 0 0 80 255 255 255 103 243 85 56 0 171 166 255 150 9 162 154 205
    7 179 112 255 118 252 79 0 31 226 0 255 249 137 65 255 0 109 51 1 0
    166 175 15 29 15 30 0 192 133 84 0 0 255 141 255 246 11 255 78 0 165
    0 211 255 134 50 128 86 88 49 255 154 68 0 0 169 57 169 0 167 178 0
    95 92 51 0 204 0 0 0 255 117 118 24 54 87 255 113 0 38 0 79 0 0 255
    235 238 110 204 145 234 255 28 112 255 147 29 255 139 255 255 122
    203 137 255 0 94 228 169 120 56 4 200 14 34 217 59 40 49 0 0 85 0
    186 75 0 123 134 4 255 206 176 255 160 0 202 59 243 179 51 197 190 0
    111 138 255 0 0 122 98 158 231 36 25 91 0 128 251 241 146 48 163 0 0
    173 63 70 0 0 0 255 137 70 0 223 233 192 255 79 127 255 64 107 41 0
    0 175 26 19 255 236 255 215 87 255 255 217 4 91 250 147 210 0 0 210
    99 168 0 0 88 240 85 119 255 94 254 255 0 94 255 189 4 13 73 0 226
    241 17 98 0 212 149 87 255 0 17 204 227 22 68 218 255 141 42 80 255
    65 89 183 109 191 124 113 255 16 6 117 255 0 0 155 152 190 62 43 134
    0 255 120 0 185 5 64 114 0 0 25 120 113 11 255 255 62 214 51 65 34
    47 0 247 33 236 121 255 34 143 227 0 62 34 255 0 0 146 198 182 81
    239 255 227 126 103 106 14 255 19 0 12 126 227 0 255 255 0 0 16 145
    252 13 255 215 57 92 0 216 255 189 0 255 20 205 255 85 140 222 186 0
    238 0 255 42 11 0 194 91 4 72 117 0 65 117 250 255 233 122 126 29
    147 126 0 223 0 215 255 255 25 187 167 250 79 13 0 135 255 5 0 82
    180 198 118 223 128 211 0 255 0 40 6 255 153 52 255 246 59 255 0 0
    255 160 0 165 10 158 0 104 94 0 95 255 0 124 0 44 42 253 28 1 34 141
    0 252 204 210 255 0 118 96 166 166 173 0 87 174 255 255 251 39 169
    227 225 0 164 5 36 128 157 255 0 255 127 0 78 47 201 98 17 37 0 174
    161 10 194 255 133 229 11 120 34 140 73 255 26 126 168 255 158 93
    127 0 101 16 255 0 152 107 255 190 230 169 5 180 24 27 0 187 0 0 13
    126 255 228 107 40 154 255 149 0 158 0 119 0 49 199 108 0 0 0 255
    105 248 41 97 72 169 255 255 255 0 0 39 0 0 255 255 88 255 119 73
    255 235 222 120 106 255 211 106 0 255 67 191 151 255 255 255 0 255
    32 204 9 0 30 133 0 1 79 0 43 255 0 0 176 0 139 165 161 137 54 161
    55 112 45 44 255 0 210 0 35 238 0 0 255 255 255 0 127 98 44 0 91 255
    255 0 209 176 44 204 184 207 192 85 180 0 148 115 255 52 255 240 255
    255 36 255 164 158 231 71 8 185 0 0 75 71 225 168 168 222 169 255 0
    175 59 132 0 0 255 49 41 108 226 104 235 0 255 185 215 255 105 159
    231 233 0 0 82 0 0 229 100 78 152 216 33 42 255 255 255 0 0 255 68
    82 132 146 0 255 147 37 0 0 139 43 113 255 0 0 135 240 19 182 0 255
    158 0 113 11 213 0 255 217 214 255 5 140 255 167 82 0 163 255 231
    255 19 39 51 47 43 255 89 190 15 238 255 77 255 111 155 219 219 127
    47 61 0 91 141 0 0 221 0 255 255 0 250 40 0 124 0 255 63 92 0 106 73
    255 76 15 40 126 77 255 88 10 250 11 194 0 18 95 0 86 41 219 0 255 0
    144 177 66 131 0 169 135 19 87 255 95 105 0 81 255 114 0 255 208 255
    67 208 255 255 0 193 250 59 0 68 255 255 7 0 255 0 255 0 0 76 188
    208 244 255 70 134 238 22 255 255 0 0 0 225 16 0 255 0 62 236 253 3
    0 3 62 0 0 46 185 0 0 169 41 107 2 220 101 162 255 147 255 255 135
    255 120 255 0 5 0 232 0 148 0 0 142 174 244 45 5 221 250 255 49 107
    243 8 220 53 0 212 255 81 108 249 255 0 0 234 47 23 153 228 210 0
    255 89 255 0 200 221 36 248 74 121 255 2 118 45 255 118 0 82 230 0
    75 26 124 179 0 161 0 213 255 73 35 0 162 86 0 0 197 0 0 255 24 44
    214 176 181 226 255 181 255 255 114 149 127 0 45 154 155 255 0 246
    45 75 238 5 202 173 255 228 219 205 0 0 255 83 0 236 246 255 217 211
    0 255 201 184 255 0 255 0 124 255 0 42 103 94 84 82 139 227 120 133
    0 232 242 160 255 255 0 220 255 0 48 255 141 113 138 199 19 213 67
    95 143 102 255 216 208 141 255 255 237 0 255 205 255 0 0 255 225 124
    77 0 121 7 5 49 189 48 51 173 0 162 44 77 0 255 255 241 62 255 45 24
    102 74 255 0 166 26 119 182 203 111 234 139 0 202 0 168 25 255 255
    255 0 226 23 207 244 193 255 0 206 0 187 84 39 100 186 178 233 78 74
    135 175 255 198 0 111 255 151 196 128 10 255 255 29 54 255 255 209
    255 0 15 255 9 166 193 195 85 219 0 18 3 121 200 114 187 90 76 0 248
    97 0 0 12 0 0 0 0 0 54 0 255 255 239 0 255 134 65 255 10 255 213 255
    0 156 158 207 255 22 0 255 247 0 219 154 255 255 0 255 0 255 255 64
    103 0 183 241 163 113 227 127 78 205 255 189 90 0 64 65 160 255 255
    255 215 41 175 118 200 0 143 255 255 218 0 226 156 239 190 199 36
    255 178 0 23 255 83 136 255 90 127 255 208 255 231 217 26 0 8 7 207
    77 255 223 0 204 52 189 227 0 177 0 0 231 241 253 111 157 118 4 227
    0 255 0 58 119 194 213 0 255 255 0 0 255 255 125 85 255 111 219 68
    126 127 0 210 107 255 146 122 105 202 115 16 178 0 226 255 15 244 0
    128 0 0 27 0 0 20 65 255 255 255 34 247 190 206 73 100 209 158 255
    184 158 132 209 196 188 43 255 0 117 226 255 255 0 255 0 111 255 75
    72 255 255 209 255 255 0 11 0 152 0 111 21 88 255 248 138 56 125 255
    75 0 245 102 1 242 101 73 11 151 0 42 6 2 255 214 255 198 0 255 255
    255 136 215 0 255 191 109 224 81 150 0 255 78 0 220 162 105 102 32 0
    131 0 255 128 119 180 255 255 59 164 255 85 255 139 116 179 204 37
    255 37 106 156 255 255 60 143 229 53 0 0 202 39 56 61 69 144 129 251
    0 90 213 0 255 141 171 214 186 255 67 0 25 255 33 5 248 255 255 101
    167 0 0 44 0 71 147 126 0 226 128 0 255 123 80 255 56 41 36 0 61 187
    105 111 52 83 0 205 255 141 109 255 255 68 158 255 39 147 160 255 18
    216 127 0 248 11 37 255 0 88 255 255 255 191 26 255 31 0 255 56 81 0
    209 0 0 75 232 255 0 208 208 9 129 0 36 158 0 0 39 255 147 255 20 84
    85 56 67 255 46 103 255 245 0 46 170 255 19 113 255 8 10 77 200 40
    248 255 0 49 0 32 0 149 67 146 147 104 0 71 0 0 255 214 99 255 44
    233 8 180 0 48 17 100 76 255 146 190 164 27 30 255 181 142 26 255
    237 198 144 233 195 0 112 236 189 244 0 255 255 0 200 0 6 68 0 247
    247 85 255 214 0 145 2 255 0 255 20 74 255 255 255 156 0 225 0 26
    192 255 0 255 217 255 193 210 255 0 255 120 0 196 29 50 255 119 64
    229 78 157 234 47 0 90 255 132 99 255 255 0 186 255 143 0 0 200 99
    97 255 212 178 68 255 197 142 236 173 0 255 36 255 0 191 203 252 0
    16 74 147 255 0 228 19 255 0 245 255 82 255 35 0 239 38 127 255 0 14
    0 82 255 137 255 0 0 0 0 230 255 247 176 236 120 74 124 0 254 255
    184 211 255 205 8 198 255 29 245 197 255 62 114 240 0 22 118 255 179
    127 0 76 0 255 73 132 0 226 21 146 0 201 16 209 98 0 255 125 15 0
    148 0 168 134 87 177 255 22 140 243 140 141 104 216 251 130 235 15
    137 0 255 4 222 104 0 255 0 91 0 255 255 198 255 6 41 74 223 208 0
    171 255 143 247 255 108 51 129 111 83 35 217 0 23 53 0 79 224 255 0
    59 233 0 116 255 255 255 24 255 0 212 0 142 213 24 48 255 127 40 244
    255 164 227 159 41 37 0 90 37 89 4 255 38 28 0 0 94 23 142 0 25 238
    10 255 149 252 255 26 240 0 0 240 177 179 42 239 93 43 0 0 192 225
    40 97 145 255 5 1 126 222 255 255 54 255 41 135 255 0 76 108 163 184
    12 0 0 194 64 161 77 103 255 49 0 24 250 170 255 213 135 174 0 255 0
    255 71 146 221 77 220 0 123 209 49 0 0 255 211 248 255 2 235 0 190
    85 255 87 0 233 0 140 0 0 255 56 138 29 0 255 228 255 0 64 91 105
    255 175 0 206 255 49 255 0 23 29 193 67 0 124 0 0 169 0 132 106 0 67
    19 255 142 6 255 255 57 239 255 229 50 0 103 255 0 0 62 62 0 0 166 0
    184 0 130 63 255 255 255 0 0 216 10 255 176 68 207 43 0 255 49 255
    61 255 246 183 61 210 228 102 255 224 0 101 239 0 139 134 177 225
    177 64 255 22 126 0 255 181 0 142 0 148 216 0 255 255 0 108 86 195
    22 155 255 221 82 255 73 0 125 0 0 255 192 209 162 40 52 68 103 158
    0 120 250 0 81 0 255 255 102 206 255 117 255 141 135 51 228 134 153
    227 151 255 136 173 74 250 93 255 219 154 0 72 255 0 255 0 0 139 156
    0 0 251 0 118 255 56 0 255 214 240 26 131 171 124 144 110 38 255 206
    0 255 178 198 64 255 123 190 96 255 2 255 154 113 74 60 0 202 0 255
    255 228 255 121 169 0 66 209 63 255 0 217 0 199 0 163 255 255 255 27
    255 255 254 255 255 186 255 255 228 9 91 255 50 194 113 0 0 66 0 255
    145 0 115 21 255 255 108 255 213 97 232 160 255 40 177 70 255 255
    255 255 25 10 219 86 255 0 9 0 29 255 0 255 0 0 0 255 219 255 0 85
    255 132 255 150 175 75 42 161 0 255 84 0 255 117 3 117 255 21 110
    216 0 214 0 116 175 160 168 176 149 157 0 0 104 148 40 108 255 255 0
    0 205 255 255 255 33 255 8 0 62 96 255 0 74 124 126 255 255 4 104 21
    255 185 49 219 192 76 210 15 158 0 81 47 123 255 255 0 178 192 244
    186 129 255 233 235 0 255 225 0 2 195 108 150 255 0 234 0 0 230 0 34
    255 166 235 0 0 255 74 0 0 8 255 54 224 61 73 0 209 109 255 131 156
    255 0 216 75 204 29 255 0 53 178 0 255 0 177 255 55 255 191 32 0 0
    109 89 188 0 255 248 27 0 0 84 0 165 0 79 200 0 0 92 160 244 74 149
    255 69 76 197 103 0 218 29 136 0 157 175 203 255 23 3 255 0 255 194
    82 255 0 80 39 0 227 255 255 255 255 22 0 0 64 255 0 49 246 4 255
    194 105 89 0 210 199 255 120 255 68 1 255 255 119 200 0 61 169 222
    26 90 136 80 241 212 0 4 3 199 84 255 80 0 255 57 133 25 60 135 248
    0 80 255 74 169 163 0 203 253 0 0 0 255 0 222 86 106 205 118 37 255
    32 226 214 255 86 255 255 169 65 255 133 0 246 255 255 5 255 0 0 117
    246 243 0 255 141 0 147 255 78 0 139 181 151 124 144 0 40 112 125
    255 191 116 45 255 62 183 39 255 153 34 255 147 255 0 144 136 82 186
    0 68 243 255 255 0 156 196 243 55 255 244 85 255 255 243 201 69 0
    109 68 208 255 142 71 0 0 255 191 214 2 195 32 244 153 7 113 255 70
    255 0 255 14 214 255 0 200 21 0 6 218 249 247 115 255 30 63 94 6 255
    35 110 145 20 214 0 255 255 0 0 255 63 148 173 255 130 33 97 255 255
    255 0 114 255 237 55 0 161 255 32 0 255 148 0 255 143 86 0 229 89 82
    255 126 187 168 228 115 0 195 61 203 255 29 179 4 15 193 45 59 130
    255 238 0 237 255 67 255 33 211 0 35 100 193 0 73 243 117 0 255 172
    0 55 255 221 199 78 152 2 255 0 255 175 0 36 255 0 141 0 72 49 88
    107 255 60 129 116 132 255 147 194 82 53 22 231 19 135 142 241 0 178
    26 7 21 32 255 255 255 30 0 0 136 82 0 255 0 254 0 244 33 0 187 14
    157 0 229 255 215 216 129 46 100 146 160 255 154 245 112 56 182 106
    0 176 231 222 255 116 0 0 194 255 145 195 255 255 0 0 0 255 25 254
    255 255 0 255 185 83 201 206 8 109 142 0 57 135 0 148 0 5 135 63 10
    184 119 215 255 33 121 28 171 98 0 36 0 123 255 112 255 255 28 127
    255 167 188 255 0 50 0 105 0 0 135 255 120 235 255 41 255 0 255 174
    221 0 41 141 57 74 0 174 127 145 255 28 67 72 255 197 189 255 2 145
    127 255 188 255 0 0 161 255 102 0 98 182 10 117 143 255 44 203 128 0
    255 157 71 182 10 182 196 33 129 73 89 0 185 255 0 215 167 0 119 68
    51 223 156 192 0 201 255 255 221 135 97 5 224 255 74 201 89 255 255
    178 194 144 40 65 88 20 0 155 181 0 255 238 0 40 139 255 114 255 254
    23 59 103 68 36 88 18 6 129 132 255 197 9 80 21 0 255 144 0 195 0
    164 0 0 161 176 2 101 17 0 90 0 103 0 58 225 255 17 176 246 255 163
    77 107 0 0 177 0 61 0 0 231 255 35 255 0 103 255 66 101 14 255 64 0
    0 44 118 255 70 220 196 255 180 255 107 0 0 0 136 239 120 6 0 255 72
    138 174 206 255 88 0 198 87 255 0 255 0 68 201 204 105 32 29 179 255
    7 75 0 190 255 142 156 44 0 217 255 255 0 255 42 173 51 34 148 228
    238 199 2 234 55 255 255 255 45 0 118 108 0 143 231 0 251 31 255 41
    191 137 255 120 0 243 29 192 249 0 251 120 111 244 28 182 0 0 149 37
    255 255 132 68 235 255 168 0 0 0 8 96 255 255 255 255 255 0 150 245
    0 255 22 251 201 0 255 0 0 255 0 0 0 0 164 216 74 37 0 255 43 0 80
    255 124 0 217 210 210 192 0 147 91 31 124 0 23 67 0 165 198 99 255
    113 132 172 0 255 0 124 255 154 61 176 255 255 122 255 129 0 245 9
    255 0 191 91 124 61 6 157 255 255 0 115 255 99 0 247 138 225 255 255
    0 109 0 158 0 54 255 85 0 255 255 31 5 50 255 202 119 71 46 0 0 0 0
    221 206 214 128 127 169 128 0 59 211 11 147 209 212 160 255 7 255 24
    109 185 0 52 243 104 110 73 0 0 59 133 0 0 71 230 179 220 0 188 0
    255 255 16 249 161 59 66 144 169 255 230 78 254 119 255 76 101 159 0
    255 0 86 0 168 197 231 53 255 255 0 22 255 222 0 0 0 0 67 26 255 62
    41 163 216 193 0 124 193 220 133 0 217 204 147 0 69 255 0 236 21 0
    165 255 229 0 0 238 0 22 0 0 58 27 17 161 0 255 255 147 50 142 99
    136 255 44 255 78 210 232 212 115 0 161 98 255 255 255 209 255 255
    214 255 198 10 121 255 80 51 0 148 255 0 65 33 50 0 251 235 14 112
    255 67 237 219 0 0 148 255 96 255 255 24 226 51 17 20 57 21 119 149
    220 78 0 0 250 83 222 255 0 255 255 255 133 0 231 82 227 127 44 204
    255 230 137 0 76 100 65 122 109 53 218 20 28 41 0 255 0 245 96 0 255
    202 126 255 0 226 0 51 0 0 85 255 255 185 147 70 191 255 0 235 255
    44 0 105 158 0 255 17 0 83 34 0 125 208 177 0 84 118 178 135 117 0
    255 114 0 255 0 64 0 0 0 221 255 255 12 63 255 74 231 246 255 255
    255 63 0 41 226 0 24 69 255 46 237 255 0 226 48 0 0 104 8 255 255 7
    255 255 0 20 215 0 3 60 239 105 207 106 203 255 174 255 255 17 56 0
    157 235 175 0 163 255 117 95 255 255 0 255 174 255 207 204 255 118
    68 79 98 0 255 15 55 0 38 179 135 0 116 0 57 0 114 30 158 66 152 121
    255 172 107 75 226 0 89 35 179 86 20 202 227 187 255 195 200 31 203
    0 0 255 0 23 0 0 193 0 38 121 125 113 0 140 0 41 174 132 255 255 125
    255 16 0 79 0 42 0 123 51 157 255 9 0 223 224 165 125 0 255 189 147
    255 20 255 255 250 89 255 118 106 237 234 253 255 255 108 177 0 188
    28 0 91 135 134 222 138 255 24 72 0 250 0 136 161 99 175 222 142 160
    221 255 98 0 0 255 52 0 0 3 255 45 255 52 221 23 255 245 113 255 250
    32 255 102 29 128 0 187 144 255 69 236 0 227 255 98 106 255 229 0
    255 204 176 149 0 21 254 126 255 188 250 64 11 228 178 90 145 254
    255 0 13 216 204 190 255 255 251 180 37 64 130 190 198 190 255 255
    33 255 255 0 221 255 155 0 19 255 29 49 194 169 178 255 0 255 255 38
    199 49 250 0 74 0 47 0 255 0 160 70 73 180 0 121 0 25 168 158 0 71 6
    153 152 42 255 255 0 0 62 29 133 255 255 255 213 182 255 10 255 112
    65 148 63 142 182 135 204 215 26 129 251 0 132 26 255 174 255 255
    102 251 255 255 55 255 14 116 95 123 255 138 45 189 0 255 216 42 7 0
    52 0 31 22 255 112 255 192 81 138 76 255 66 0 217 236 255 255 138 63
    102 0 255 255 255 127 0 255 255 255 0 42 0 0 0 145 119 162 255 0 0
    25 255 179 0 66 0 115 145 70 79 72 255 0 255 255 139 89 255 125 255
    126 20 218 243 0 255 209 166 168 216 0 255 0 22 189 68 255 255 255 3
    159 86 255 121 99 255 68 199 135 0 31 255 255 255 255 199 140 0 185
    86 231 122 117 137 103 145 255 79 104 24 0 146 65 255 254 189 125
    160 90 255 255 127 234 129 190 20 0 19 101 0 67 85 0 255 150 0 0 0
    255 152 227 0 255 179 0 0 149 50 62 255 48 175 0 0 81 122 255 255
    255 0 151 107 12 95 169 0 0 118 202 254 0 225 95 0 57 255 56 150 112
    255 201 200 0 122 226 0 117 0 116 6 234 219 113 78 186 35 0 62 38
    184 0 180 217 0 46 164 252 19 255 255 34 0 174 95 28 161 0 141 208
    90 219 0 0 17 253 255 89 175 60 154 79 254 213 0 224 133 134 165 255
    28 234 166 82 86 155 255 0 0 165 0 146 54 42 0 138 0 16 146 0 194 0
    138 127 98 0 220 244 255 100 207 36 130 57 109 65 32 0 0 104 255 23
    165 55 255 70 245 255 34 0 0 0 214 123 87 0 163 189 152 225 247 174
    221 230 50 255 255 232 193 0 216 255 216 244 34 238 101 129 0 0 3 90
    196 255 255 129 244 66 255 248 255 13 124 255 129 60 255 110 217 137
    166 127 0 255 28 0 101 48 236 96 255 208 131 255 153 242 152 0 211 0
    0 255 174 0 0 158 45 74 255 31 0 0 255 78 228 236 56 189 3 255 255
    255 169 71 209 135 118 59 255 1 0 108 31 196 255 250 0 255 255 255
    207 254 154 240 99 97 220 164 234 92 153 0 232 255 66 255 0 247 44 0
    255 255 25 0 196 29 0 102 91 185 137 98 91 178 22 210 255 221 204 0
    0 143 52 255 156 193 1 0 59 237 182 49 0 35 255 124 133 0 217 255
    255 221 6 50 204 121 58 0 0 136 255 40 0 0 228 109 23 178 93 0 0 103
    3 42 89 99 211 143 255 255 0 71 19 61 5 0 97 17 111 250 156 119 217
    225 231 146 178 0 60 105 210 147 200 16 176 110 124 246 200 101 255
    109 7 255 22 29 0 8 3 64 98 255 133 0 20 255 146 148 49 255 142 12
    190 29 236 255 0 0 255 0 0 255 163 27 0 0 0 255 214 255 155 148 255
    0 237 16 167 78 0 255 255 92 0 12 106 29 0 132 226 26 241 59 71 255
    179 0 12 0 5 114 9 85 0 255 0 255 255 91 107 255 0 255 223 255 118
    255 255 81 182 8 77 0 62 135 0 161 255 203 0 0 0 226 71 254 0 255
    255 116 40 255 168 255 255 117 0 118 140 0 0 165 255 124 90 17 255
    124 121 255 115 106 207 0 255 201 79 100 255 0 17 6 95 170 255 194 1
    255 255 51 11 97 98 162 0 143 255 97 0 156 201 228 255 33 255 252 0
    239 0 246 235 0 30 251 254 97 69 10 255 0 255 43 135 139 95 254 155
    4 255 52 39 196 181 255 0 0 0 1 195 0 0 36 191 33 0 184 253 185 255
    220 244 0 0 255 255 7 0 255 105 27 255 21 170 0 255 221 252 149 204
    255 122 218 255 180 255 119 159 255 255 0 255 3 151 235 255 0 0 166
    5 38 148 168 12 109 187 255 177 186 0 133 46 0 34 255 133 0 223 4
    121 0 144 0 98 20 86 0 0 11 255 51 0 151 24 201 110 215 155 230 99 0
    242 89 203 239 0 197 57 38 176 136 255 141 0 21 148 255 255 255 162
    208 89 255 108 233 255 0 255 1 18 217 43 7 143 117 232 255 255 251
    54 163 3 197 255 255 197 255 255 255 0 71 255 90 169 0 177 28 68 115
    24 241 80 0 0 166 53 0 64 190 255 108 50 0 0 43 126 113 255 0 0 0
    212 6 155 111 147 21 145 155 21 213 0 221 255 0 78 111 122 0 0 255
    40 127 59 255 238 143 159 0 51 37 255 0 157 0 149 255 0 3 73 173 36
    229 186 0 255 15 255 0 149 255 0 0 174 0 0 0 0 223 157 239 255 73
    255 229 0 175 146 19 173 255 177 255 179 210 183 125 255 241 70 255
    150 67 119 255 242 244 109 51 72 71 180 255 249 102 237 73 89 27 0
    255 46 0 255 255 41 0 231 158 175 170 49 255 55 0 180 59 162 62 6
    255 0 153 48 226 171 176 163 255 255 121 255 0 108 0 109 41 185 232
    215 255 44 0 126 0 0 99 90 0 231 255 132 25 159 255 0 229 199 162 0
    0 231 255 0 255 0 152 0 255 210 255 221 0 255 144 0 1 248 255 0 27
    233 68 116 4 147 197 109 0 255 88 0 203 216 80 224 28 165 255 228 2
    0 231 88 23 0 174 96 177 184 0 255 255 47 178 66 145 0 128 20 120
    173 59 102 131 144 0 255 0 67 0 64 150 213 126 255 255 157 0 1 255
    39 109 0 255 0 72 255 2 133 235 239 255 58 0 22 255 255 32 18 101
    147 214 69 255 5 189 19 255 84 160 255 255 168 110 0 106 221 255 30
    253 217 54 255 255 255 255 167 45 108 206 226 159 0 0 255 255 66 255
    255 167 155 141 255 221 72 209 163 66 0 46 144 190 255 4 241 28 178
    0 181 41 69 223 86 26 255 0 255 111 69 255 113 255 255 139 151 255
    30 255 214 26 237 4 32 0 19 8 21 88 255 255 0 55 255 76 28 136 0 255
    255 0 255 0 160 68 0 184 0 0 255 255 86 125 183 19 98 147 255 255
    255 255 226 0 0 128 19 255 0 255 115 255 205 89 255 0 51 255 255 255
    233 252 121 151 141 255 0 158 0 0 5 139 165 54 255 0 255 31 129 189
    170 99 0 255 237 183 255 9 31 84 85 153 179 0 255 55 0 99 0 132 255
    0 86 0 255 102 183 255 255 0 78 255 156 98 199 255 255 0 230 158 252
    0 255 242 255 160 0 65 238 255 148 0 164 205 255 246 255 201 61 104
    206 234 210 255 69 0 95 120 0 117 0 217 59 206 140 0 0 178 152 0 0
    97 79 87 0 255 255 19 13 255 77 201 0 0 72 130 50 0 143 158 255 185
    255 255 56 255 255 255 47 166 186 119 206 0 189 198 55 157 68 12 0 0
    255 105 255 255 221 249 4 255 122 255 114 0 0 5 48 14 0 28 220 0 97
    255 255 42 199 0 150 0 190 0 63 181 255 196 165 211 160 255 64 242
    255 0 181 224 0 255 161 144 255 255 127 207 21 37 45 255 229 136 103
    57 237 255 160 153 0 0 61 0 128 255 0 178 97 255 105 0 253 255 157 4
    132 130 139 218 255 140 0 90 91 0 0 142 42 255 255 10 114 255 32 233
    65 105 0 58 44 16 0 145 16 206 0 170 82 99 186 227 255 108 242 179 0
    127 159 255 0 70 234 166 0 20 255 166 150 150 33 0 255 255 255 235 0
    120 126 108 255 255 255 255 32 151 234 107 255 103 255 0 0 65 255
    201 114 186 79 255 0 252 78 200 2 64 233 107 119 163 157 113 255 0
    255 255 0 205 70 0 108 255 101 33 17 0 33 79 0 107 255 117 186 254
    187 194 59 21 255 255 0 69 0 123 221 90 0 175 168 67 171 109 243 7
    217 85 24 255 202 218 228 0 49 255 255 255 52 255 27 163 102 220 233
    172 0 255 255 54 255 255 255 0 217 255 150 200 23 255 120 80 165 138
    0 157 14 121 160 120 255 0 170 51 0 0 255 164 198 127 81 0 65 228 64
    149 181 209 9 0 5 0 0 128 255 118 17 107 255 8 255 59 0 255 255 255
    158 255 65 0 7 150 154 107 246 231 67 148 166 255 0 255 250 210 240
    148 172 255 137 181 179 255 0 40 0 147 0 79 153 60 102 83 255 143 90
    0 39 205 0 255 148 108 0 140 24 0 0 161 119 117 158 82 69 234 213
    255 22 0 83 0 243 0 255 97 209 255 226 241 0 120 163 243 189 0 88
    255 74 70 76 255 61 133 104 0 109 0 0 5 3 222 218 89 255 211 0 11
    112 0 255 0 72 165 165 255 173 9 138 83 255 83 252 255 79 38 192 24
    54 0 255 193 0 241 126 80 255 255 128 54 136 255 163 66 255 166 52
    117 24 112 97 213 119 105 0 99 169 86 167 226 255 0 204 255 205 0 30
    43 217 255 255 38 14 8 0 96 198 255 236 14 255 96 68 220 225 255 127
    255 39 158 80 0 120 165 59 0 0 221 255 0 255 116 77 123 13 182 16 41
    84 0 186 0 35 255 86 121 255 236 74 47 135 0 92 0 0 0 11 87 50 255
    82 255 255 214 37 162 255 255 0 160 30 197 147 247 255 0 87 215 0 54
    255 72 209 0 255 153 0 124 100 0 107 210 86 0 14 0 0 114 1 255 129
    100 177 104 255 255 73 121 35 82 190 160 255 255 0 11 0 38 39 102
    255 212 143 0 67 119 152 0 188 172 255 26 255 254 255 255 56 32 52 0
    125 255 181 3 255 255 133 18 0 0 61 255 0 25 153 58 148 0 183 119 49
    0 0 255 167 227 0 225 34 222 178 23 0 50 177 227 0 255 134 129 55
    114 173 97 22 153 0 101 255 7 233 0 237 76 255 64 255 0 252 44 255
    121 20 167 255 222 162 60 255 145 217 110 175 37 145 100 77 255 70
    166 255 108 226 204 0 255 231 9 164 237 255 0 54 255 253 0 63 89 222
    133 12 185 129 200 229 0 213 88 0 255 160 137 0 47 150 61 255 255
    111 66 48 0 0 37 81 255 0 157 175 115 91 255 255 168 0 69 145 88 190
    219 255 77 183 0 95 32 0 154 146 0 180 255 94 171 21 106 168 0 216 0
    213 39 216 255 255 36 7 135 0 0 255 255 255 255 126 0 195 187 15 0
    55 209 0 255 109 0 243 0 185 0 255 255 204 255 135 0 200 167 0 58 0
    255 95 255 0 198 174 255 217 0 7 200 0 10 255 255 0 132 235 0 0 116
    76 73 255 0 0 70 217 255 44 228 93 0 169 0 147 233 255 0 255 0 209
    33 255 213 220 0 255 81 12 0 255 255 255 152 0 117 0 255 0 255 231 0
    252 77 0 222 87 149 226 100 201 0 255 255 3 122 126 68 131 36 213
    133 217 157 0 130 101 223 121 189 79 114 0 197 134 32 70 78 202 127
    0 71 22 0 0 41 0 255 178 31 173 71 13 0 0 150 165 255 255 255 0 0
    255 198 255 228 255 113 39 37 0 255 87 50 0 247 80 28 195 189 212 0
    255 29 206 136 0 66 74 255 0 0 118 163 0 173 0 37 0 72 162 0 199 47
    158 82 0 159 0 124 240 15 0 184 19 0 98 112 77 82 255 112 0 255 0 75
    255 238 255 255 176 72 80 20 164 0 0 0 64 255 0 132 0 0 145 0 255
    217 111 184 0 105 255 255 0 238 9 8 182 168 45 49 135 80 113 0 0 209
    255 101 31 53 67 233 132 214 24 138 255 230 56 9 58 39 113 52 0 155
    255 0 105 8 88 77 88 3 216 93 41 0 132 255 145 237 5 138 22 247 197
    173 31 255 255 255 14 0 86 166 255 227 244 152 255 255 2 225 255 0
    255 104 94 114 200 0 238 183 73 255 42 141 209 255 95 0 100 30 182
    62 49 216 234 233 255 1 119 254 160 126 255 0 191 55 118 209 5 56
    155 70 225 75 0 65 75 177 255 233 255 255 7 152 48 222 0 127 255 214
    12 100 255 0 100 95 0 103 255 143 22 239 217 255 208 255 255 8 130
    146 89 82 144 76 57 0 55 42 61 63 81 15 164 174 156 255 255 235 233
    227 0 255 188 164 24 255 0 255 255 237 136 106 242 0 84 97 0 113 0
    255 0 0 33 192 20 211 153 88 255 115 157 225 255 115 228 121 255 0
    127 0 0 255 0 237 8 90 166 245 0 0 255 0 158 245 105 255 174 255 227
    75 108 200 135 0 255 137 164 220 16 246 40 63 80 255 48 98 81 255 0
    190 255 107 0 227 0 255 255 156 115 187 0 42 0 0 0 69 0 10 255 165
    216 255 172 85 99 62 0 176 39 233 43 0 146 125 19 253 246 0 253 141
    187 92 203 255 147 181 255 255 92 229 136 2 90 45 123 174 0 118 142
    28 0 0 198 159 147 70 87 0 25 81 101 0 195 202 0 169 216 240 139 80
    255 0 195 58 255 138 91 255 69 255 6 16 207 0 255 255 129 0 131 0 48
    134 215 236 0 211 255 0 63 0 121 255 0 31 7 69 104 0 255 125 255 255
    255 255 212 255 3 72 163 173 194 252 255 131 81 31 116 255 255 162
    17 255 86 248 82 166 227 61 172 63 0 194 255 0 255 85 150 255 78 255
    145 255 81 69 132 220 115 0 111 24 130 168 202 0 0 73 255 193 255
    255 10 255 177 146 96 243 204 172 77 238 255 255 0 245 175 47 255 0
    180 255 9 255 254 0 50 255 255 217 173 126 255 255 124 227 78 0 123
    109 113 193 67 239 46 0 103 27 63 86 0 71 0 200 36 65 0 7 255 0 19
    120 47 77 50 86 0 144 92 226 152 237 0 10 230 88 152 0 0 28 255 129
    0 183 255 150 255 175 255 0 126 115 96 0 189 107 37 180 138 86 98
    193 128 113 255 240 255 135 175 61 139 180 0 60 0 218 176 139 60 0 5
    92 124 234 37 255 28 198 203 4 0 208 27 108 28 255 136 136 33 185
    255 42 28 67 110 255 102 107 0 8 0 95 141 44 0 197 61 46 204 0 99 0
    27 0 0 255 255 137 0 255 90 255 133 3 0 130 0 204 239 33 212 85 3
    179 122 153 32 185 136 255 241 220 207 229 17 255 115 0 182 0 224 5
    0 255 0 0 199 255 0 0 0 38 203 220 31 160 255 181 62 221 134 10 51
    42 93 211 195 114 27 255 68 140 255 11 154 255 0 166 0 255 163 255 0
    220 218 102 47 184 25 0 51 0 103 194 0 60 30 121 0 255 168 0 0 255
    87 79 120 0 255 255 0 255 243 255 0 104 255 43 84 234 97 202 255 197
    0 0 149 157 255 255 255 255 151 152 239 233 38 35 49 190 255 187 0
    207 81 28 10 33 101 0 80 66 0 195 0 133 128 0 62 202 59 34 103 179
    127 35 163 0 41 26 217 236 255 198 0 0 255 0 73 255 60 56 150 255
    162 150 10 138 0 38 119 0 235 255 255 84 214 68 255 0 255 243 197 0
    39 38 132 83 182 74 55 255 27 88 255 255 0 255 75 43 141 0 0 174 0
    13 166 204 255 255 2 112 255 0 192 255 255 255 0 255 136 0 132 196
    255 132 184 197 255 255 0 16 98 38 0 83 126 255 100 17 179 67 74 255
    216 177 21 93 195 225 90 0 135 75 218 220 0 0 159 255 150 230 0 96
    255 142 110 255 47 0 22 192 122 29 39 255 27 190 220 77 25 9 56 208
    99 72 0 23 255 16 255 255 62 4 93 0 247 80 255 46 55 0 122 33 255
    178 147 100 208 47 66 0 136 255 255 45 255 1 255 169 213 96 103 184
    241 93 177 86 56 137 110 185 77 80 102 205 159 255 0 166 0 119 64
    255 0 101 182 0 107 30 182 0 177 4 157 139 255 172 255 76 128 0 255
    115 8 0 232 242 0 216 126 87 188 97 255 105 224 141 255 255 210 0 0
    123 255 253 194 253 166 0 4 2 219 0 255 196 255 221 255 255 154 255
    0 88 0 0 193 76 35 29 119 255 85 199 29 1 87 152 0 0 243 185 0 0 255
    17 241 62 202 219 0 255 238 255 0 122 0 0 243 213 255 89 255 255 241
    0 25 216 39 0 255 108 0 255 100 255 0 255 185 231 194 204 63 197 93
    192 0 0 255 255 103 218 255 147 255 216 233 16 96 255 255 255 255
    111 33 214 62 74 233 12 74 255 212 0 251 75 229 159 255 84 255 14
    238 255 226 0 0 226 0 10 51 43 108 255 0 80 0 148 132 165 98 0 12
    255 220 39 255 225 113 0 196 0 255 163 0 75 171 250 0 52 35 74 0 127
    52 81 255 0 150 255 173 111 33 31 0 246 39 149 24 150 85 176 174 255
    255 85 161 119 24 171 93 159 0 219 31 235 133 255 255 61 29 242 72 0
    145 0 3 0 167 80 123 96 0 1 72 255 218 9 0 0 255 39 255 7 234 10 92
    215 8 15 234 103 0 141 255 190 255 255 255 237 147 170 0 119 0 255
    225 0 4 82 0 203 197 0 41 255 0 233 190 253 200 227 118 52 255 204
    255 255 255 0 224 255 54 0 224 147 167 41 174 144 60 0 109 255 61 0
    0 143 216 47 33 0 126 248 255 21 217 248 112 230 74 7 162 51 0 254
    184 106 73 0 202 79 255 232 71 237 0 54 0 51 0 112 223 0 195 28 190
    77 255 233 0 7 82 255 136 147 176 0 0 10 255 141 255 0 207 159 255
    52 0 183 0 246 37 255 0 236 135 225 150 255 174 147 0 163 120 234 33
    219 0 171 255 255 255 255 120 145 68 255 158 255 255 255 0 0 240 206
    0 255 122 255 0 0 127 104 253 255 79 60 0 176 113 6 83 0 94 84 81
    255 171 111 0 45 80 144 154 188 113 255 0 127 127 255 33 159 255 255
    255 33 243 5 0 247 247 0 195 51 255 0 87 0 146 225 255 88 78 48 158
    46 184 64 31 27 101 67 0 125 0 67 235 0 255 0 211 3 194 184 125 188
    144 34 0 184 255 229 141 255 234 147 238 0 0 182 255 194 149 13 166
    62 0 177 158 210 0 180 192 255 255 134 210 102 145 84 251 0 255 255
    0 71 54 179 174 14 121 126 255 162 68 55 92 103 0 98 165 255 109 14
    44 85 156 255 27 164 214 0 255 193 236 125 12 0 255 255 34 136 46 88
    0 63 124 0 237 186 10 135 255 184 227 226 0 183 255 255 178 63 192
    255 152 128 0 255 0 0 147 255 187 255 0 255 255 165 0 0 0 94 92 206
    49 141 38 210 0 0 63 244 102 255 0 145 158 229 0 254 1 68 255 0 197
    255 0 32 255 192 84 0 210 0 255 185 26 0 59 52 0 116 255 255 125 235
    255 238 255 0 79 69 202 181 69 189 18 4 255 0 125 255 255 0 61 51
    251 0 153 255 44 254 0 150 255 67 250 110 92 210 133 41 0 25 0 0 193
    180 177 181 244 9 149 209 82 255 242 0 10 0 0 139 147 29 175 123 227
    183 187 242 103 0 254 0 118 122 7 212 255 181 160 255 108 45 223 69
    0 42 0 207 0 209 15 18 114 142 190 255 233 188 187 54 135 50 79 0 0
    0 175 253 228 215 120 255 0 114 235 255 0 131 191 0 21 60 240 255
    255 0 172 255 62 0 72 130 0 96 255 255 0 131 86 255 0 0 255 0 87 0
    17 255 179 6 100 152 6 4 62 0 255 94 255 0 0 0 108 75 219 0 0 0 0 0
    208 4 255 255 85 255 88 50 0 213 0 0 132 94 7 0 0 185 12 255 246 211
    255 0 150 106 255 9 46 48 236 140 0 153 0 0 101 255 104 255 255 114
    216 255 0 136 0 255 135 199 0 97 133 0 164 0 255 92 255 0 83 54 85
    225 191 54 233 151 0 113 255 218 0 255 98 255 0 0 255 255 174 255 0
    49 0 0 238 37 9 255 120 33 0 105 82 32 255 174 64 134 189 163 227 0
    0 115 255 255 50 255 0 142 134 255 163 77 240 255 255 255 7 255 167
    51 96 255 255 134 0 15 222 11 0 147 59 128 129 3 208 255 255 255 255
    255 32 204 183 144 255 157 11 0 174 60 66 192 134 154 216 89 0 186
    72 117 255 76 0 190 37 255 19 255 246 154 0 244 136 64 255 255 0 125
    25 0 0 0 255 113 177 240 25 20 30 0 48 43 239 4 58 120 13 35 86 206
    128 114 113 86 0 37 183 194 67 68 108 255 255 255 0 191 109 228 0 18
    255 0 158 255 59 0 27 253 52 84 56 252 146 115 180 234 255 246 248
    114 255 255 0 158 240 164 122 114 0 255 26 255 255 0 101 102 126 94
    191 218 134 0 87 48 252 27 235 255 160 137 214 18 0 161 0 255 137 67
    255 255 41 26 185 46 178 0 255 167 186 34 93 0 225 0 135 86 174 255
    255 233 89 48 55 0 18 194 191 58 248 0 211 255 0 0 215 141 0 0 153
    255 0 0 255 235 136 241 0 0 70 63 255 0 172 186 0 255 43 4 255 125 0
    71 13 192 0 255 101 205 188 152 158 0 255 0 209 255 169 229 255 255
    37 57 0 215 250 255 222 103 205 13 172 241 156 126 44 25 0 255 223
    98 0 255 188 0 162 255 200 206 165 255 163 3 5 255 73 180 99 220 255
    63 0 0 57 164 9 145 213 95 111 0 0 0 80 193 157 86 35 29 0 51 95 120
    94 121 112 75 120 136 247 12 255 40 41 66 48 0 55 255 26 91 0 0 142
    0 123 8 27 247 0 101 0 255 255 64 255 3 255 255 0 0 125 255 0 92 255
    7 0 192 218 116 204 255 111 255 0 143 29 236 0 48 255 3 72 156 247
    255 35 170 255 254 96 255 255 92 0 58 0 236 255 83 64 32 211 247 77
    178 255 130 136 255 118 255 38 0 255 133 0 181 67 255 0 147 255 0
    246 112 0 33 16 48 161 195 255 0 128 71 255 244 14 255 0 202 183 255
    158 246 177 255 71 0 255 19 206 58 50 255 12 111 204 70 255 255 223
    218 255 59 255 220 19 241 68 27 0 205 0 0 198 255 46 155 190 0 171
    194 52 0 0 255 255 220 0 255 168 255 102 255 255 0 17 182 0 124 0
    139 196 199 255 255 180 0 106 183 148 0 29 64 82 217 237 30 213 184
    75 0 222 251 255 162 109 208 231 203 0 255 255 68 255 0 255 164 172
    246 34 7 51 245 0 255 100 137 16 30 227 0 156 255 0 9 85 81 123 241
    0 0 76 0 228 85 134 182 29 127 13 255 255 255 17 30 69 23 86 206 77
    3 75 104 165 0 217 255 49 49 6 59 226 0 255 147 1 208 225 0 77 255
    255 0 50 0 0 40 25 210 235 119 0 255 208 51 211 134 0 75 35 194 47
    255 74 0 168 194 21 255 0 138 110 0 255 255 231 176 123 176 177 127
    177 229 207 229 134 1 126 7 100 255 255 255 107 255 145 255 162 224
    0 203 255 255 255 182 255 238 3 21 31 155 242 2 169 0 20 0 144 255
    166 255 7 255 206 75 255 255 78 55 255 212 0 152 0 0 100 255 0 255
    168 7 255 198 95 233 255 255 227 255 63 86 0 255 255 97 250 123 177
    184 60 255 0 253 105 255 169 192 79 223 0 197 55 160 1 186 92 13 2 0
    139 0 46 189 0 181 0 255 79 255 255 56 255 0 255 16 0 255 255 255
    192 54 105 0 0 255 158 151 255 255 255 255 0 255 178 66 0 82 0 145
    255 0 99 255 80 178 0 62 73 255 0 222 84 205 104 249 150 255 0 123
    255 234 0 22 193 0 0 129 102 50 58 80 101 255 0 188 255 0 76 255 124
    0 82 0 189 83 0 36 151 80 255 0 25 255 255 132 126 0 255 255 255 255
    0 79 2 216 221 52 164 247 78 152 255 203 255 147 163 255 255 185 247
    255 0 255 0 172 14 63 255 123 198 0 255 72 99 0 132 189 255 0 255
    212 58 132 164 255 255 212 237 0 255 170 255 144 0 175 255 0 32 253
    0 156 15 114 234 221 255 89 0 255 179 181 210 88 0 79 35 255 0 110
    168 240 255 255 74 255 67 6 59 0 46 9 144 0 252 17 255 140 151 137
    245 215 0 217 175 170 11 91 255 142 48 0 87 216 0 67 255 255 182 247
    0 247 20 58 255 255 252 27 0 66 22 0 255 62 189 255 199 89 255 255
    255 38 18 252 255 175 255 0 255 187 41 225 74 0 0 110 0 255 71 194
    124 255 255 108 29 71 0 255 127 0 139 241 59 110 255 255 194 139 46
    214 83 46 55 255 42 46 51 237 240 0 95 200 50 255 194 255 255 0 255
    97 202 255 0 0 77 255 230 229 251 255 0 30 78 0 149 57 0 255 181 105
    130 0 198 187 172 255 255 255 58 149 160 255 255 87 255 255 184 152
    255 230 255 5 26 255 0 250 31 255 255 255 94 139 218 25 255 3 255
    241 173 47 43 0 244 255 0 184 182 119 255 110 112 252 203 253 0 121
    255 13 7 8 0 151 11 0 31 255 0 255 128 0 255 76 0 108 0 207 0 224
    255 89 215 195 0 69 255 208 203 255 44 0 0 0 0 168 255 0 246 71 26 0
    229 239 0 184 71 183 255 157 72 0 14 22 255 230 0 15 184 0 255 92
    103 0 31 70 255 102 182 39 0 255 44 50 0 185 0 0 96 0 46 255 255 255
    40 163 0 63 0 115 0 21 244 0 223 255 22 255 60 255 129 153 78 169
    255 99 0 116 127 145 0 0 231 255 0 255 0 140 255 0 99 0 0 121 146
    242 97 255 102 0 173 118 0 164 123 227 240 255 15 255 0 255 53 255
    171 74 158 37 241 4 131 255 76 255 110 0 255 28 255 145 232 199 0
    236 142 255 115 56 41 78 65 0 145 54 111 58 0 0 26 255 145 212 255 7
    209 179 68 98 255 255 116 121 195 230 221 92 255 233 255 49 42 248 0
    183 125 181 19 255 0 177 10 255 0 75 0 41 52 12 142 219 0 255 217 0
    143 255 0 255 255 255 231 68 52 255 28 179 43 0 191 255 0 129 147
    216 127 48 135 0 255 255 0 57 255 255 26 255 255 0 50 255 97 244 158
    255 255 17 255 96 219 72 243 81 255 57 232 255 128 5 242 255 95 130
    255 101 0 255 0 94 54 147 1 0 255 176 75 0 7 255 0 167 255 0 208 223
    0 0 255 147 208 9 255 230 0 81 212 35 0 255 255 28 255 47 0 205 0 0
    62 106 177 0 27 0 33 149 131 46 232 71 227 38 169 99 152 143 255 228
    255 46 105 255 245 0 255 82 122 255 130 255 255 72 92 101 251 221 17
    142 196 65 50 215 206 107 33 171 255 70 0 179 255 247 61 255 0 231
    202 148 95 212 0 110 98 251 164 76 255 124 0 255 66 0 174 110 136 86
    59 255 255 227 144 255 223 232 202 0 248 103 255 52 27 255 163 255
    172 143 149 0 220 250 164 255 213 72 135 255 67 94 136 203 0 0 149
    111 222 194 183 223 255 69 16 56 155 0 255 206 225 0 255 216 194 65
    255 0 126 250 115 255 90 23 140 209 40 255 255 47 24 255 0 255 0 205
    255 0 39 0 107 188 255 252 255 90 186 221 0 0 81 120 0 105 16 0 124
    255 40 0 16 0 225 57 127 255 4 255 0 38 59 0 61 45 42 79 195 178 101
    255 64 0 5 167 80 255 133 253 0 127 119 255 53 165 166 0 32 220 163
    255 67 245 145 191 171 255 70 46 0 0 0 255 44 0 82 180 0 8 35 0 218
    255 255 0 20 74 255 52 255 117 0 255 0 184 178 0 98 255 177 0 38 8
    255 143 196 250 0 19 20 255 169 153 255 0 0 93 166 0 255 255 255 53
    255 148 149 10 38 61 0 251 247 130 0 214 255 1 42 169 116 255 0 255
    235 95 243 112 255 249 0 96 0 12 249 183 28 81 138 105 0 0 51 255 10
    245 2 218 0 77 0 139 229 110 255 36 153 101 181 255 0 167 0 255 165
    0 0 37 0 2 255 230 15 0 88 0 111 143 76 125 0 164 204 0 89 255 96 58
    188 83 181 198 116 225 154 255 255 92 174 255 144 255 18 55 194 255
    79 52 56 172 96 0 12 60 0 91 170 103 255 15 0 255 255 255 125 249
    239 23 118 46 77 255 44 33 195 255 246 255 91 158 255 0 55 255 192
    143 121 71 0 183 25 67 0 135 144 253 255 4 1 1 39 169 0 67 150 141
    140 177 40 255 21 51 255 187 53 226 97 180 167 0 25 255 89 25 255 0
    51 255 127 0 246 30 107 255 125 172 0 0 0 0 0 67 207 193 0 255 186
    148 38 44 255 199 132 120 40 65 39 240 0 142 255 255 255 0 42 216
    255 18 178 255 124 149 148 255 0 255 97 255 35 255 186 0 137 58 20 0
    189 0 248 38 168 223 255 187 200 150 255 185 122 222 255 255 69 86
    204 0 255 0 145 180 189 0 247 106 255 131 0 2 113 90 255 236 13 255
    116 0 237 207 131 178 74 211 56 255 199 93 65 202 16 255 255 11 0 36
    186 171 212 125 255 166 244 130 255 241 255 15 152 255 0 255 50 0 39
    195 22 122 213 255 255 58 255 79 31 235 23 255 244 200 49 214 0 172
    72 0 60 0 155 255 190 206 0 104 255 50 0 9 51 47 116 40 110 22 230
    85 0 123 117 255 29 255 143 173 109 251 142 255 35 255 129 117 163
    255 255 37 0 255 61 0 132 255 154 0 255 255 255 134 255 105 0 0 241
    115 255 112 255 8 104 82 255 39 114 28 197 0 122 255 82 11 0 255 0 0
    255 124 67 255 255 0 0 255 0 183 255 0 75 0 255 222 185 255 255 55 0
    79 0 0 147 79 30 110 130 207 36 87 114 82 255 154 247 127 255 255
    115 41 0 255 255 0 255 255 255 220 12 226 148 14 206 0 227 255 0 52
    125 204 36 86 139 77 154 255 255 88 153 0 255 0 0 224 7 79 99 255
    255 0 123 0 0 98 5 0 151 132 181 45 0 27 0 27 70 210 140 0 1 255 176
    193 94 0 149 255 0 0 33 138 5 228 112 91 111 0 0 0 191 0 50 0 128
    156 150 0 67 36 127 84 255 0 255 166 0 0 110 68 237 236 208 0 255
    255 197 0 73 0 255 244 82 0 28 241 97 0 255 0 223 1 0 62 255 0 247
    255 128 69 18 0 36 20 0 86 145 0 0 0 23 102 255 216 53 65 255 212 0
    80 113 0 95 255 0 0 16 0 233 3 100 255 255 212 255 0 255 0 31 255 0
    224 207 102 97 191 56 206 78 0 220 169 215 255 25 17 11 55 243 152
    159 0 255 0 114 255 48 147 78 204 164 0 0 46 21 151 255 107 24 0 202
    255 64 162 255 3 224 255 65 255 0 255 149 217 164 123 217 255 219 83
    255 147 255 255 220 247 150 255 227 96 255 0 54 232 24 255 230 255
    159 156 185 72 92 205 87 0 255 0 255 255 200 255 231 0 255 134 0 0
    176 255 235 245 255 24 0 108 79 26 0 56 255 2 254 33 224 255 0 0 232
    255 255 221 0 3 30 255 162 255 0 0 116 0 211 0 255 0 17 255 112 226
    0 255 255 0 255 0 250 0 0 219 0 0 0 5 228 164 101 255 95 0 16 46 111
    0 234 255 187 35 107 255 228 255 188 174 0 255 235 80 220 255 255 59
    23 102 0 0 0 173 121 84 9 104 26 171 209 70 0 75 0 233 12 40 255 152
    0 127 255 64 255 11 0 255 21 143 131 185 0 16 0 0 22 0 77 31 187 235
    255 255 0 255 199 34 255 255 145 244 0 0 172 135 205 141 103 96 196
    0 0 170 122 245 120 4 63 0 93 98 255 142 0 254 188 255 160 255 111
    146 164 255 104 0 54 23 0 211 54 187 64 0 0 32 255 0 255 19 173 255
    117 0 0 78 164 184 255 110 129 0 32 219 238 0 0 165 53 165 101 126
    194 126 82 39 18 40 23 75 211 68 0 0 163 255 231 0 174 255 0 255 0
    198 255 190 0 0 209 95 255 0 0 181 245 255 10 0 100 223 255 159 255
    0 0 217 0 142 25 255 148 255 158 151 0 255 0 94 228 0 50 143 0 84
    220 0 153 148 149 47 174 255 0 0 0 255 0 111 254 49 255 234 7 33 173
    0 47 0 178 0 0 104 16 219 232 186 222 255 0 145 255 0 0 168 20 64 34
    179 255 87 194 157 38 139 255 75 0 35 255 109 187 179 39 81 37 83 61
    84 232 82 173 185 0 145 0 149 255 1 0 0 215 237 255 0 130 98 59 244
    159 247 242 0 131 105 255 255 35 158 154 245 238 224 255 10 255 255
    80 14 0 255 230 124 107 68 135 219 0 107 0 133 14 156 0 55 167 79
    147 0 228 73 209 215 90 255 0 0 255 24 99 23 48 255 126 255 255 255
    43 0 255 237 238 227 123 205 113 0 101 66 255 47 105 255 154 255 229
    64 19 148 119 157 239 107 0 0 255 0 0 192 190 34 0 255 170 156 255
    200 0 153 71 133 177 175 174 191 33 190 255 231 96 211 114 255 255
    24 201 0 255 176 255 0 97 93 94 255 106 176 216 20 160 11 45 197 255
    155 77 255 0 255 183 114 0 35 0 149 0 50 114 171 255 89 42 119 175
    189 83 125 104 158 45 255 108 143 35 0 122 0 123 0 156 103 95 255 0
    121 255 111 127 0 105 0 229 145 153 187 124 29 250 72 4 32 255 0 176
    200 123 59 0 0 56 21 149 23 121 141 39 124 54 0 233 255 0 0 64 234
    57 11 200 0 194 218 152 6 93 246 88 0 52 169 0 126 255 113 0 191 129
    0 56 229 0 168 87 161 45 36 62 108 52 123 242 147 255 255 195 96 0 0
    58 255 120 0 43 0 225 19 255 124 169 255 70 30 8 255 0 55 104 210
    172 206 143 228 220 180 236 179 144 177 122 252 0 0 58 201 0 46 97
    29 93 54 255 239 188 141 0 237 213 132 255 67 13 255 0 0 241 160 255
    187 0 0 73 255 167 0 227 255 132 82 255 0 255 0 241 0 158 229 244
    183 227 56 0 81 0 225 19 255 22 46 38 79 69 32 49 231 0 0 0 47 0 255
    55 255 196 255 193 168 5 0 0 0 0 76 16 225 255 219 41 236 88 32 61
    125 173 0 255 82 228 0 65 144 76 139 1 214 76 243 215 168 214 255 15
    0 104 255 66 0 165 40 25 200 146 178 32 255 235 255 148 214 255 51
    116 255 0 8 160 0 255 60 52 110 137 57 90 255 205 255 0 32 210 10
    255 216 48 253 255 5 255 223 229 0 248 159 0 163 3 116 136 0 255 0 0
    0 255 255 30 255 0 151 46 24 199 13 255 4 140 112 230 13 0 86 52 223
    0 255 0 107 110 255 160 124 101 77 255 0 24 109 213 140 255 198 55
    255 229 0 75 255 1 166 253 238 57 238 180 255 0 61 78 84 233 134 218
    255 255 197 182 166 255 255 0 235 81 0 34 0 163 180 255 0 102 92 0
    243 102 127 0 0 0 204 255 59 242 255 255 49 51 3 255 252 171 255 3
    255 0 85 0 87 47 255 173 68 7 238 255 6 229 255 199 106 67 93 76 45
    255 0 101 0 4 0 0 0 80 80 0 205 207 0 0 3 241 255 232 41 243 0 190
    10 80 81 147 67 255 197 186 148 193 0 45 27 0 255 190 255 255 149
    126 201 255 220 61 255 11 255 0 255 143 121 56 227 0 178 30 255 0
    179 215 51 255 163 255 255 0 211 232 0 0 171 91 246 252 255 100 207
    165 255 255 0 184 255 0 0 1 0 189 114 100 114 64 135 85 255 211 139
    200 85 134 255 108 3 212 104 255 159 232 0 158 255 235 151 79 200 25
    58 125 171 60 255 218 94 89 12 0 246 255 255 0 255 246 55 0 255 93 0
    108 101 181 255 238 32 255 87 0 64 232 162 231 232 80 0 0 71 183 180
    255 0 251 106 255 0 20 199 82 0 0 40 255 255 255 122 117 43 120 56
    94 139 98 30 41 209 0 255 0 162 68 103 143 255 190 211 249 255 157
    122 12 255 180 162 255 158 168 41 255 106 75 18 40 170 255 223 0 161
    0 0 79 208 94 232 18 4 234 0 178 48 243 217 255 21 37 0 232 35 0 197
    89 193 255 155 251 112 255 41 0 255 123 164 197 15 232 140 17 0 233
    23 80 255 94 0 255 165 100 198 255 253 152 0 84 202 255 70 214 112
    255 255 248 182 255 253 8 184 81 13 192 0 177 0 0 0 5 141 126 0 255
    0 5 171 32 72 17 64 206 193 19 243 0 16 255 182 44 255 201 0 199 0
    255 67 255 18 102 68 137 151 43 50 113 89 0 255 196 255 210 255 104
    65 255 236 138 255 96 158 255 238 56 160 0 246 53 255 0 52 213 255
    251 255 142 119 91 0 146 172 0 74 40 217 179 99 240 70 208 255 160 0
    0 107 204 35 255 95 71 238 255 255 48 124 243 255 255 95 26 255 255
    148 247 0 0 103 250 44 46 93 186 62 0 47 255 7 92 250 129 174 203
    204 255 0 236 63 168 224 255 153 199 255 255 184 162 255 105 255 110
    165 123 255 0 92 227 41 0 132 0 55 0 0 71 0 220 212 78 0 184 71 108
    148 0 119 145 80 255 255 56 20 162 53 6 234 255 208 193 254 255 180
    134 255 159 98 92 220 0 244 0 131 111 0 255 228 11 161 255 173 243
    239 0 114 198 203 84 196 177 137 0 0 21 217 15 0 121 220 245 186 52
    255 3 6 77 141 255 0 115 255 0 255 255 169 77 28 0 185 146 253 41
    142 29 204 255 99 201 255 153 255 255 56 134 255 112 216 161 254 164
    235 174 72 255 62 172 15 153 128 190 43 45 255 0 0 32 48 22 246 255
    126 0 0 0 142 0 0 36 114 30 58 198 234 65 37 255 0 106 255 52 0 0 39
    184 70 91 174 191 0 0 0 255 2 213 108 223 230 255 0 72 0 54 255 0
    255 0 255 255 11 235 123 0 255 0 0 33 140 0 255 211 249 124 0 226
    255 129 0 0 255 0 0 236 89 0 255 165 255 0 95 11 0 255 219 115 255
    182 0 0 0 31 17 153 255 25 255 0 72 255 0 0 67 85 55 100 155 0 78
    255 239 127 121 142 0 194 255 174 134 255 255 0 106 255 171 0 39 255
    215 0 36 255 134 0 0 165 0 92 53 187 168 0 161 0 98 106 114 112 255
    0 217 67 255 255 39 208 177 247 144 223 0 85 0 161 73 199 255 255
    223 255 255 222 182 100 255 251 0 57 178 247 69 247 0 38 13 255 106
    90 0 29 0 179 255 0 255 255 170 6 219 25 35 222 102 144 76 68 152
    135 143 176 24 222 219 22 121 201 44 255 255 135 119 255 126 0 255
    255 72 195 126 67 176 0 255 86 18 132 0 5 69 231 0 25 0 0 1 199 0
    147 169 162 31 0 215 148 234 194 0 0 78 180 148 59 53 101 0 127 163
    255 188 137 176 169 255 168 218 255 50 119 11 94 0 177 0 49 0 121 89
    65 255 227 255 206 239 93 221 0 0 255 99 0 116 22 116 106 255 255
    237 255 152 255 255 0 0 0 184 0 247 14 166 113 255 31 0 122 174 0
    255 41 70 0 160 36 116 0 75 33 0 255 42 138 114 209 103 0 255 30 89
    48 36 0 0 255 0 84 188 255 0 0 234 163 94 70 249 0 0 97 45 255 72 2
    255 1 255 0 128 212 219 7 255 255 255 106 0 226 236 195 254 82 62 0
    231 198 5 135 0 255 200 0 255 194 1 100 18 145 35 255 86 20 255 255
    255 254 234 234 0 194 0 58 183 140 26 178 224 236 0 0 226 119 0 122
    127 252 6 65 0 202 11 62 79 253 213 255 15 138 73 255 131 181 118
    255 0 0 164 0 0 255 255 91 158 94 175 0 7 193 201 173 255 0 255 161
    255 255 20 245 0 255 255 255 236 81 39 181 134 145 0 29 255 0 243
    152 243 67 57 220 21 255 155 247 255 58 0 255 204 222 96 118 28 212
    111 0 255 247 0 209 230 101 118 0 243 255 0 255 114 97 21 37 70 0
    141 33 152 153 255 165 111 172 255 0 0 255 255 65 238 191 176 234 0
    34 0 0 255 0 190 0 249 98 200 251 255 164 44 255 160 23 202 228 213
    65 103 255 255 0 206 219 0 84 0 255 83 0 75 134 106 0 203 118 154 12
    218 130 166 165 0 216 255 177 135 0 125 64 103 169 160 147 35 255
    102 255 11 160 255 96 0 0 255 0 91 141 182 175 0 141 34 170 216 187
    46 0 125 86 41 29 255 5 135 73 251 210 127 75 0 0 164 245 87 0 255 0
    255 21 227 0 211 151 156 146 0 0 58 255 90 0 138 41 156 183 188 97 0
    30 34 208 255 0 223 1 66 71 155 131 179 238 65 47 173 249 27 255 153
    212 188 0 174 194 161 11 74 255 204 125 34 121 162 119 208 255 99 64
    141 0 0 255 255 0 0 255 255 113 225 69 58 255 255 164 220 206 255
    126 58 235 0 0 254 84 65 207 0 255 0 180 65 0 106 0 16 85 255 0 181
    255 48 255 211 28 0 132 0 171 32 255 214 207 0 90 0 254 210 58 149
    29 79 0 161 176 26 0 0 154 106 0 153 255 64 0 0 5 77 72 0 95 130 238
    255 206 0 224 172 255 0 247 86 89 136 135 255 175 126 0 0 65 24 54
    67 0 18 69 190 255 116 41 218 171 110 95 68 0 0 0 67 0 0 122 126 219
    255 49 255 99 0 245 2 0 255 0 192 255 195 0 222 238 255 255 226 255
    7 130 65 151 255 255 255 96 255 31 49 102 114 88 22 168 0 255 255
    255 126 39 88 255 167 75 0 0 54 19 77 243 0 0 255 202 255 172 255 95
    130 0 81 69 244 255 255 4 0 206 122 103 130 255 180 69 38 0 255 113
    149 254 180 41 137 72 255 213 255 125 255 0 245 88 15 52 0 48 204 0
    255 0 255 194 42 16 171 73 105 76 255 137 96 29 112 109 68 255 86
    255 220 255 33 255 0 208 56 0 143 43 154 54 0 255 175 0 255 0 0 88
    229 155 0 255 152 113 0 254 156 0 6 67 199 6 4 255 221 0 218 49 189
    0 0 249 0 125 138 190 0 145 255 255 255 194 89 78 22 0 147 255 0 0
    255 255 72 8 255 0 202 60 49 176 94 0 255 48 41 17 107 255 255 221 2
    250 122 151 250 110 98 12 63 255 82 255 131 25 24 26 255 255 216 0
    77 0 147 0 67 122 255 0 255 243 163 120 0 131 220 0 42 219 17 9 255
    255 255 99 71 194 227 107 125 120 255 251 116 0 78 25 188 236 224
    255 255 0 0 227 255 236 0 255 0 255 0 102 255 8 0 114 62 22 0 0 0 0
    30 59 0 63 68 29 0 253 162 192 126 204 255 73 0 255 151 255 58 147
    12 127 250 4 0 223 255 255 255 223 205 48 186 13 0 59 0 85 169 27 0
    61 37 0 255 238 60 255 255 163 129 19 51 141 38 0 255 128 255 88 244
    151 0 0 249 0 161 255 160 83 255 147 86 23 134 82 88 255 0 224 112
    65 193 242 255 255 0 71 234 195 50 157 0 122 255 129 108 255 129 211
    234 145 227 99 71 146 0 196 255 179 231 0 139 41 97 95 30 190 233 0
    255 96 255 255 112 2 0 213 62 141 16 0 255 17 164 255 26 162 0 255
    49 255 151 0 212 65 186 255 104 219 1 255 63 34 255 255 0 183 123 35
    59 171 179 190 172 27 255 214 131 255 234 255 0 60 163 92 141 126
    255 220 37 0 0 255 0 122 255 255 27 141 0 132 0 110 205 210 143 0
    101 0 33 255 178 60 255 188 172 122 199 215 0 180 66 50 0 255 0 68
    255 147 123 232 103 157 78 106 0 85 104 0 0 23 117 142 255 76 110
    116 0 255 138 243 158 135 17 55 255 0 120 0 9 109 236 255 109 92 255
    255 255 68 139 93 0 223 173 23 146 0 8 0 0 146 255 0 246 245 192 171
    104 0 113 235 255 102 206 78 255 110 0 16 218 253 10 255 205 0 255
    237 0 255 107 22 0 255 125 0 100 168 255 35 0 3 0 0 144 171 175 255
    121 0 53 0 29 4 122 255 161 175 240 164 71 177 0 173 0 0 51 57 127
    127 140 0 42 105 110 159 70 143 243 143 120 251 15 255 0 174 124 10
    136 157 47 53 93 92 255 133 53 118 178 224 204 0 77 51 238 157 120
    255 255 122 189 54 154 227 117 0 227 31 105 255 135 255 213 238 248
    82 218 181 80 0 74 255 234 0 249 108 159 112 255 0 250 255 167 211
    14 255 198 249 0 182 0 215 140 255 220 255 109 255 255 128 168 213
    114 173 239 20 255 71 38 83 124 110 255 119 173 255 255 173 6 202
    210 0 255 254 177 255 180 0 0 75 189 48 0 93 255 250 227 172 126 160
    255 255 79 10 132 127 0 243 255 255 136 255 6 214 121 161 255 0 29
    171 255 29 123 0 255 165 255 182 248 255 108 255 70 185 109 255 255
    255 86 202 56 120 0 66 35 255 110 120 0 255 255 67 255 255 86 1 156
    255 49 55 131 0 139 234 85 142 0 26 236 255 200 140 48 124 46 54 0
    138 28 134 255 105 194 169 0 0 69 255 255 0 239 255 247 0 32 40 42 0
    197 141 206 255 222 0 0 255 166 21 57 53 38 14 70 0 0 255 150 0 95 2
    0 210 81 216 255 130 63 120 255 255 236 42 90 43 240 255 255 36 175
    153 255 254 255 0 46 0 225 79 0 255 255 1 0 238 103 0 255 204 33 148
    0 152 246 25 116 0 0 148 0 0 1 166 255 85 138 255 0 137 0 0 70 0 255
    0 159 255 38 217 0 94 213 0 255 255 255 14 5 120 150 29 181 25 76 54
    255 0 66 136 227 212 214 68 179 161 207 0 255 255 64 121 0 0 0 196
    125 166 104 255 0 255 230 229 255 0 255 13 142 255 97 74 78 255 231
    37 241 58 0 153 98 255 17 0 255 255 168 75 0 234 146 115 13 0 0 201
    172 0 46 84 0 255 0 39 254 190 0 255 0 255 237 0 201 45 99 94 0 141
    214 56 204 0 71 232 0 255 169 253 255 145 255 81 221 7 0 165 122 196
    255 91 0 255 94 0 158 0 113 217 147 248 34 176 169 157 238 255 255
    22 149 209 255 0 0 191 52 210 115 243 0 70 0 255 63 228 0 255 255 0
    186 140 226 255 255 68 200 255 141 0 255 0 191 0 253 193 6 116 233
    74 11 0 0 255 214 0 146 255 255 255 168 3 0 67 3 192 134 0 127 237 0
    165 176 50 255 0 204 255 0 0 74 211 164 0 30 255 33 9 249 3 190 0 0
    81 174 82 199 126 46 145 118 255 94 255 0 255 116 54 207 78 33 80 21
    171 89 0 255 221 0 194 224 195 182 54 255 67 224 137 101 255 81 151
    22 0 205 160 97 146 0 255 0 0 145 188 0 33 164 21 42 0 255 255 214
    164 255 0 255 255 0 117 255 109 134 150 0 207 101 216 251 255 255 44
    65 255 0 255 255 21 255 77 1 0 161 37 0 110 27 0 255 255 0 27 134 0
    248 255 214 84 204 51 227 253 163 115 255 235 110 239 255 252 199
    241 0 255 179 38 0 157 42 255 245 255 0 20 67 149 0 154 154 0 73 255
    148 255 169 26 255 99 15 50 0 0 193 0 226 218 230 53 53 194 138 56
    54 56 143 255 200 214 255 117 121 99 255 0 197 73 109 63 105 155 255
    221 166 231 107 249 249 103 168 209 255 0 0 12 0 65 76 226 91 175
    255 0 255 0 0 227 0 159 31 0 172 0 78 82 135 255 234 152 255 255 255
    121 255 0 0 255 224 0 255 255 86 0 167 185 0 104 255 0 255 32 124 0
    9 249 193 133 232 182 0 175 57 0 183 0 114 255 100 157 92 96 255 188
    156 255 0 53 75 255 0 93 118 0 7 184 126 173 0 0 0 154 255 154 0 87
    0 0 206 125 213 0 246 11 0 94 255 70 104 0 255 16 208 255 255 255 0
    181 63 12 227 255 255 255 255 60 53 27 0 42 180 180 167 43 65 125
    204 209 10 143 88 0 224 27 255 204 214 23 102 217 255 255 255 178 0
    210 0 132 255 34 146 75 110 46 0 153 190 67 50 157 255 238 57 148
    101 255 60 113 20 176 0 44 57 233 0 39 111 0 0 0 208 255 180 255 255
    176 224 0 255 0 168 246 52 236 255 136 224 7 164 74 39 255 215 0 0
    144 0 81 234 72 255 255 208 0 255 239 255 185 8 0 0 18 31 41 255 255
    175 107 0 255 63 254 0 202 255 110 0 255 29 113 62 37 229 196 217 30
    0 148 248 255 79 0 149 113 0 6 255 91 255 228 32 255 3 132 117 255
    244 0 28 255 178 174 211 212 245 98 59 255 102 255 180 0 112 45 255
    0 112 80 106 200 0 129 255 161 179 255 0 0 173 126 55 176 113 0 11
    122 0 22 0 209 186 255 169 101 0 255 255 188 255 255 255 116 0 210
    105 255 21 0 255 201 73 0 77 132 255 198 255 0 0 39 0 153 0 0 124
    100 53 126 255 101 23 176 0 0 255 0 210 104 182 255 189 80 207 0 255
    200 255 255 255 125 255 255 117 73 229 24 255 0 104 176 196 18 0 255
    131 255 0 120 18 0 0 88 221 35 0 100 255 111 255 195 69 156 40 255
    255 175 42 47 0 13 117 0 79 16 210 255 255 228 255 118 0 63 0 204
    239 0 255 99 140 76 105 23 158 46 192 255 0 179 0 95 14 171 237 255
    255 195 255 130 0 25 107 49 255 0 191 249 111 241 0 0 249 255 0 228
    255 132 126 32 223 50 0 114 255 255 238 255 209 255 255 96 234 38
    250 58 208 17 198 255 135 255 3 0 158 9 202 16 159 186 11 53 197 0
    160 0 51 226 70 0 35 0 214 39 150 0 168 109 0 249 255 255 118 245
    173 41 0 255 221 0 102 253 20 0 0 5 0 0 51 47 83 255 136 120 0 87
    255 26 103 75 183 154 214 255 255 255 0 226 255 162 255 169 0 255 0
    123 255 181 255 104 73 255 211 3 0 65 187 164 255 83 109 255 0 164
    147 0 214 169 0 135 0 51 247 18 7 255 157 255 0 255 255 105 169 255
    43 255 0 120 224 221 255 0 255 0 255 131 89 255 216 106 255 20 122
    65 70 7 21 44 126 147 56 255 242 255 238 234 255 0 0 10 186 255 0
    255 136 0 179 255 217 178 193 70 58 232 0 19 214 0 0 217 178 255 142
    253 138 125 128 224 0 255 0 228 248 253 39 255 0 0 255 0 0 26 255 29
    218 87 206 65 0 255 205 3 0 0 25 255 2 145 0 0 48 255 0 255 182 0
    255 26 187 62 109 244 222 255 127 0 23 255 10 255 77 218 193 126 255
    51 208 232 104 103 0 249 0 173 41 255 0 255 255 50 69 210 9 255 157
    72 0 255 138 111 255 0 224 153 123 166 0 85 255 255 242 0 255 231
    255 208 195 106 255 0 70 155 0 101 189 10 60 200 36 0 78 194 255 18
    9 255 255 0 255 237 0 207 255 255 195 141 204 0 140 158 255 255 0
    164 255 255 139 167 255 212 117 255 81 0 68 226 35 204 161 236 85 0
    176 255 0 255 75 255 140 18 124 25 12 0 255 255 85 0 107 255 74 0
    207 79 255 41 70 39 16 102 255 172 255 0 161 78 16 229 31 250 213
    245 141 164 17 255 0 255 0 32 48 0 145 0 148 250 255 72 201 255 0
    255 255 0 154 179 255 63 0 255 255 30 219 191 250 46 212 54 25 0 90
    255 255 216 0 8 250 30 214 0 0 255 253 0 73 0 54 35 210 182 145 221
    255 255 0 126 171 136 235 255 255 2 0 0 0 87 255 246 232 132 242 255
    0 0 38 0 234 47 0 184 110 255 243 128 176 255 149 0 0 0 150 0 255 0
    255 0 115 67 111 0 255 255 30 255 0 255 146 22 255 255 95 246 198 12
    0 0 99 0 221 41 99 247 255 77 0 184 0 0 24 255 231 146 234 189 188
    17 213 98 37 0 255 26 138 255 255 36 0 220 133 255 0 0 31 251 172 0
    203 67 17 222 13 84 255 255 24 255 45 0 255 17 0 241 67 111 0 0 195
    213 176 255 186 255 255 63 235 214 43 255 0 25 0 128 67 31 139 251
    11 150 255 0 255 175 152 145 255 255 69 79 80 13 186 0 249 95 247 0
    75 209 127 119 111 0 222 0 105 236 255 205 0 166 78 232 0 225 5 242
    0 0 255 159 0 93 191 61 255 0 52 143 255 191 248 177 187 6 255 255
    132 0 200 21 0 145 104 80 121 170 179 226 0 173 0 188 162 0 243 0
    255 74 0 0 28 69 125 0 0 165 51 239 68 0 0 0 0 255 255 76 162 45 255
    0 169 47 97 63 116 64 0 0 0 226 112 161 0 187 12 119 255 0 173 252 0
    255 143 255 132 255 243 133 191 255 0 234 0 82 233 218 19 255 0 255
    27 172 255 255 236 10 31 0 0 0 197 0 255 72 60 112 180 255 85 120
    255 79 21 139 11 12 118 187 255 224 0 255 30 137 99 5 105 148 137
    255 170 0 0 0 0 129 14 152 138 237 255 255 131 0 87 37 169 148 0 92
    0 16 0 226 104 2 241 149 214 78 174 0 14 255 0 255 255 0 208 142 188
    189 0 4 81 0 133 255 0 0 0 122 0 4 47 93 0 217 228 216 255 194 255
    255 202 0 213 139 61 29 0 255 0 113 249 255 77 104 255 153 255 116
    255 255 102 103 50 131 1 227 255 115 255 3 128 59 255 255 255 126
    221 187 6 8 185 245 28 255 0 255 202 238 176 240 249 0 124 16 202 58
    79 213 168 173 0 157 255 181 201 0 168 255 182 16 74 166 30 39 255 0
    136 219 137 0 255 97 0 255 48 255 68 120 173 46 0 255 40 0 255 81
    255 255 0 51 17 70 209 7 69 55 23 69 255 113 128 0 154 255 43 249
    193 255 240 33 233 83 97 45 90 141 0 76 0 34 180 0 193 26 255 237 0
    0 68 134 53 206 0 62 241 84 0 103 212 182 122 46 225 63 255 250 255
    232 235 163 57 43 235 0 255 218 160 28 100 54 0 56 164 255 98 121 36
    237 78 0 255 231 62 255 187 255 0 92 255 85 105 86 157 164 71 0 12 0
    123 14 0 64 175 139 83 0 99 255 194 71 0 255 186 255 255 126 139 86
    148 0 255 152 54 0 31 168 63 24 0 91 204 0 51 0 207 97 80 0 121 0
    130 83 143 54 45 35 164 42 255 98 255 0 255 0 255 47 48 255 0 230
    255 129 0 0 0 97 255 205 245 184 0 158 0 47 255 167 247 0 13 255 23
    255 129 0 255 62 0 44 115 255 163 0 235 248 0 189 255 3 0 215 163
    115 127 0 255 27 94 44 0 0 11 173 49 234 255 68 255 81 0 255 194 0
    218 148 173 29 24 190 115 127 194 255 133 210 190 0 115 194 255 55
    149 101 0 255 236 255 121 195 0 255 0 255 167 161 187 233 255 222 44
    20 245 67 255 0 0 255 12 0 225 255 0 246 0 0 253 0 83 0 196 255 34
    19 139 78 102 255 0 229 0 0 255 255 154 166 198 255 255 0 255 4 255
    184 158 152 255 42 255 255 112 224 0 255 63 91 87 28 222 0 146 56
    255 255 242 192 255 45 17 72 186 255 0 164 0 246 93 234 30 95 255 0
    192 80 255 57 255 255 241 159 255 126 60 240 0 92 122 255 148 62 174
    0 255 0 70 66 136 132 255 219 57 55 1 0 255 255 133 140 72 253 138
    244 0 255 255 153 185 237 191 101 185 102 111 162 56 0 255 29 44 154
    157 29 131 0 0 44 0 50 255 173 219 12 0 192 119 205 0 233 0 147 154
    106 81 0 255 30 251 223 117 139 102 255 149 255 45 161 255 204 94 0
    34 90 22 255 64 76 255 198 19 255 98 16 0 17 255 231 209 255 113 205
    0 250 8 146 160 255 167 255 111 255 255 192 202 131 189 81 115 231 0
    255 235 0 13 254 222 0 0 62 100 255 247 211 255 0 62 255 25 255 69
    181 133 255 90 117 0 53 137 255 109 196 168 81 182 0 2 200 0 162 208
    213 255 21 0 255 252 8 255 181 0 92 90 250 243 201 10 68 17 0 152
    104 0 0 255 255 149 255 130 255 58 67 0 153 255 248 56 0 44 216 166
    255 255 255 255 78 178 131 0 255 98 255 213 255 56 255 141 139 255
    60 181 255 148 32 30 0 0 236 19 176 122 146 255 255 255 159 255 111
    0 232 41 255 236 117 102 235 0 179 115 121 225 255 0 255 22 49 65 0
    213 9 255 102 152 102 184 228 28 255 113 188 255 0 38 0 0 195 112 0
    86 6 234 255 138 190 154 0 141 0 204 255 26 255 255 76 80 165 0 30
    255 255 255 255 244 255 0 10 237 76 97 202 255 0 255 125 109 255 111
    29 253 237 6 255 118 190 15 0 243 101 145 14 38 226 167 83 0 129 147
    43 134 123 240 0 194 4 0 255 88 145 255 0 184 9 0 225 160 182 0 167
    255 235 84 17 173 25 25 146 41 148 81 224 0 8 79 244 162 197 109 0
    255 105 43 0 152 6 255 0 255 252 112 62 0 255 124 204 216 255 255
    237 255 41 68 76 128 188 0 0 255 255 38 0 131 6 27 255 63 41 82 137
    0 0 255 229 255 0 213 0 209 238 63 116 64 0 90 38 14 0 30 255 255 53
    33 46 255 255 255 237 231 63 220 39 255 255 202 136 28 16 124 0 255
    145 255 192 0 135 0 0 7 79 255 232 0 196 1 246 255 0 240 255 75 249
    192 255 255 253 197 0 0 0 84 114 0 94 13 111 155 52 30 197 205 229
    173 84 179 72 98 0 220 6 53 131 137 0 0 188 187 56 225 255 0 0 255
    158 255 107 248 86 0 103 4 171 0 171 0 57 244 0 255 37 56 114 255 0
    61 224 80 216 31 247 195 251 107 39 222 14 42 20 87 186 255 152 36 0
    255 255 76 0 255 74 20 159 74 14 10 203 0 222 167 131 255 201 31 49
    0 255 229 218 255 197 242 255 139 195 100 199 3 255 255 0 247 146
    158 0 95 179 70 0 255 194 69 147 119 255 113 0 0 214 205 165 0 29 65
    0 16 255 93 207 47 0 255 108 213 0 189 255 0 93 0 255 153 151 3 147
    255 255 201 0 172 101 123 137 0 25 255 19 4 0 255 52 52 41 117 234
    190 238 76 80 0 71 59 255 199 197 255 255 0 89 87 31 215 85 130 243
    96 255 0 255 255 100 255 255 255 255 110 149 248 19 193 0 0 0 172 59
    249 255 33 144 67 162 40 73 70 252 132 0 153 0 15 39 255 237 0 150
    223 90 166 0 0 18 255 208 6 255 0 0 255 188 255 255 10 207 81 29 245
    124 144 114 194 64 255 202 231 255 199 0 122 166 9 44 133 0 255 133
    0 248 113 67 0 0 148 0 0 255 255 132 255 130 37 0 125 181 157 0 0 7
    214 255 107 117 100 49 238 63 255 255 106 0 115 255 23 221 255 138
    109 107 160 161 226 136 65 0 39 0 0 4 0 111 186 255 85 255 0 33 217
    104 188 79 173 206 108 252 204 84 87 167 219 237 6 255 255 0 0 207 0
    30 132 155 0 18 155 227 47 136 255 170 168 9 255 230 36 255 255 255
    93 109 255 0 124 252 150 161 0 148 197 3 0 255 255 92 196 33 157 0
    82 161 172 218 169 91 0 255 199 23 208 174 0 0 113 80 0 158 0 134
    227 80 255 193 0 151 236 212 67 93 119 0 232 245 255 0 53 233 108
    124 236 212 152 255 255 0 255 255 135 91 78 78 239 255 255 155 255
    210 255 108 57 152 222 220 111 252 0 243 32 86 0 225 163 215 186 50
    0 56 255 40 202 33 254 196 87 174 0 0 23 0 128 145 235 131 0 16 255
    48 91 0 219 126 209 127 188 255 147 71 255 0 251 0 198 80 0 0 0 14
    220 0 165 187 157 53 111 0 36 255 255 0 255 131 0 255 182 0 122 210
    55 209 73 128 0 101 0 255 149 255 0 81 0 218 221 96 172 65 134 0 61
    49 19 219 255 255 186 44 255 229 120 0 123 146 255 207 154 255 212
    158 138 145 199 140 182 0 188 92 123 181 34 75 221 255 188 255 0 54
    2 0 0 67 223 66 0 103 255 129 0 3 110 45 255 255 93 255 67 0 12 255
    65 255 0 42 255 230 210 138 255 126 20 85 175 15 0 10 0 108 255 48
    24 150 123 0 218 51 255 76 0 255 91 168 167 83 0 67 115 28 25 255 0
    255 240 252 192 192 91 168 50 255 9 22 141 255 78 30 187 112 201 167
    222 15 241 213 230 0 0 64 6 216 248 255 255 192 23 217 72 159 235 0
    230 152 0 255 113 54 112 68 0 255 255 150 255 209 23 122 76 207 255
    63 6 0 131 144 238 255 255 95 255 0 0 240 0 214 0 194 233 96 255 10
    155 0 53 100 4 255 247 0 21 125 82 183 0 86 232 88 140 161 205 1 65
    87 61 168 0 0 153 95 255 0 198 147 255 0 0 255 0 154 187 255 37 255
    0 188 139 0 255 210 0 9 255 86 19 255 77 255 220 121 0 255 43 39 233
    19 149 141 0 14 255 0 86 255 139 121 84 0 186 0 133 0 211 154 255 36
    255 23 115 255 65 0 181 19 255 231 255 255 0 240 255 35 0 255 107 0
    180 98 210 100 50 255 58 97 255 53 102 255 0 217 91 104 0 101 54 66
    43 255 254 0 34 0 0 255 241 60 0 92 241 255 111 0 255 219 72 255 0
    99 255 255 226 0 23 255 0 0 255 169 37 255 0 9 0 0 0 224 255 255 26
    0 25 85 146 35 117 73 2 0 255 0 191 163 248 109 180 0 255 148 105
    126 114 172 158 36 94 206 131 248 66 255 255 189 22 0 255 197 0 49
    249 221 133 91 255 215 64 164 23 255 235 0 44 22 44 0 192 119 169 47
    255 255 182 30 153 133 12 0 67 0 16 195 246 29 16 255 0 0 0 193 131
    181 116 152 247 249 255 101 41 59 0 68 92 1 0 255 114 255 45 205 185
    0 209 94 195 255 10 117 255 255 255 43 48 255 181 214 255 181 87 33
    46 3 127 58 78 132 235 224 0 0 140 67 111 255 255 18 234 178 0 244
    255 176 148 103 138 87 255 6 0 20 38 89 0 62 116 0 255 170 62 245
    255 223 255 34 255 255 211 103 0 231 0 181 0 255 200 125 249 220 250
    66 141 255 0 243 255 255 217 89 28 146 115 255 255 0 96 85 35 255 24
    0 40 105 0 0 131 0 0 218 0 18 235 255 255 61 108 0 255 222 255 53
    255 86 140 121 118 104 173 0 102 28 225 117 255 36 22 3 139 19 157 0
    37 194 2 135 255 232 255 0 255 0 19 146 68 208 45 0 233 60 150 203
    62 255 78 83 33 85 210 64 106 218 255 149 112 71 228 147 0 235 110
    135 236 189 1 5 197 146 153 123 48 0 135 184 48 238 0 226 255 255 32
    53 255 255 35 0 0 255 255 0 145 23 173 242 26 229 0 255 113 101 255
    255 206 16 120 161 255 0 150 206 0 233 255 116 255 255 255 6 211 255
    0 240 0 236 255 237 115 99 255 0 0 255 22 229 155 233 111 0 8 255 71
    136 198 255 127 226 0 0 65 0 255 255 47 70 75 255 255 255 165 64 244
    254 193 255 0 0 84 209 230 144 0 109 0 194 27 83 139 24 2 158 0 119
    0 0 163 238 60 186 255 0 179 36 255 255 255 188 0 0 158 113 0 0 0
    255 146 7 255 57 0 229 153 0 0 255 255 0 177 220 21 25 165 70 0 0
    216 255 167 226 255 169 255 251 5 154 255 213 94 255 0 247 255 0 255
    208 110 226 70 0 51 213 201 82 67 72 255 117 91 153 65 223 248 255 0
    150 255 145 21 122 52 0 0 255 237 236 132 71 209 172 161 255 0 0 11
    162 255 74 115 128 255 0 159 18 75 117 143 31 0 0 129 114 23 121 255
    19 244 234 104 106 0 255 248 0 177 173 0 0 125 0 159 96 170 45 122
    255 0 89 255 222 0 0 61 91 0 59 60 255 0 8 0 8 160 255 0 219 128 252
    255 146 77 102 165 238 244 44 0 239 0 97 0 232 101 207 26 255 244 54
    219 179 212 35 255 137 134 232 47 224 58 127 255 255 150 80 255 239
    0 255 0 156 154 40 255 213 0 8 146 0 23 0 0 139 237 133 102 182 78
    237 255 255 140 55 255 175 190 67 16 0 95 255 255 255 104 255 69 171
    0 255 255 0 231 49 255 255 0 126 119 218 124 255 0 148 48 217 104 0
    172 0 0 203 80 228 255 255 255 31 68 225 52 161 0 182 0 238 136 0 95
    81 116 0 255 0 232 79 255 91 0 25 102 114 255 84 124 68 0 33 0 59
    255 248 0 246 6 255 160 169 255 51 0 151 86 255 0 36 0 0 23 0 255 74
    3 255 255 20 147 4 27 0 255 255 0 255 0 51 235 198 255 255 97 223
    229 32 251 89 238 255 255 227 67 227 0 47 113 130 191 36 143 6 240 0
    63 83 251 57 64 55 0 99 184 58 96 125 132 0 136 146 0 234 28 0 218
    209 0 0 214 0 103 152 54 14 255 255 0 142 255 58 55 0 186 255 249 20
    40 0 222 0 86 228 0 189 255 0 255 0 25 255 99 0 0 216 148 255 149 0
    0 202 0 29 180 255 255 255 222 135 233 170 28 0 0 249 141 206 165
    240 44 0 173 200 171 250 218 255 32 0 182 171 91 0 60 123 0 43 250
    22 212 255 115 161 90 4 87 117 72 170 50 10 222 147 50 255 32 0 135
    205 255 255 15 218 209 165 112 0 0 80 173 0 94 255 0 9 255 211 0 255
    255 0 243 234 255 255 212 0 255 80 18 127 179 0 123 0 112 219 222 44
    74 0 255 201 255 61 0 0 163 255 0 255 166 26 255 0 255 174 255 69 0
    172 0 70 117 34 255 210 117 0 209 28 48 67 255 11 73 255 171 0 255
    172 102 8 172 255 180 0 92 185 255 33 0 82 143 0 147 189 220 78 167
    255 19 0 255 227 23 56 255 128 0 255 188 135 0 0 160 32 118 92 0 255
    0 254 2 199 160 253 0 190 248 255 152 190 189 176 188 255 25 254 149
    19 231 80 173 136 97 57 9 42 179 71 97 255 6 0 0 255 204 58 0 125 74
    172 241 255 0 46 73 0 136 180 0 255 255 147 31 255 212 255 44 162
    152 184 39 0 53 255 0 238 0 0 51 0 202 124 45 255 0 255 0 0 11 222
    184 229 170 255 255 0 238 198 204 82 230 235 237 23 0 161 35 0 255
    83 237 162 82 247 101 146 0 255 255 143 187 142 88 0 0 154 0 46 255
    254 0 204 255 0 0 0 79 242 0 255 169 12 242 255 68 255 0 240 255 236
    75 76 160 9 65 0 0 61 0 61 255 163 58 216 125 104 255 107 75 231 65
    216 87 241 190 0 125 146 0 248 169 246 206 164 255 215 31 255 75 247
    255 193 131 147 22 191 174 85 55 254 108 234 246 159 255 155 10 255
    0 0 128 12 167 255 41 228 0 253 0 0 230 17 0 255 255 117 182 235 140
    255 20 255 0 159 60 0 92 69 255 255 234 29 16 0 255 231 5 234 0 0 82
    0 0 0 230 174 179 255 235 243 195 0 209 57 0 0 245 255 255 20 149 65
    122 10 61 73 255 243 114 202 0 61 242 255 113 0 96 92 236 0 182 231
    255 255 255 149 230 197 255 53 255 255 87 7 155 89 120 179 255 75 0
    184 254 255 255 36 255 255 26 0 202 116 0 65 45 0 240 255 67 0 107
    129 0 74 62 132 255 185 0 49 93 0 3 27 0 79 49 88 255 255 73 255 218
    0 255 255 233 232 148 0 96 94 30 249 158 88 71 255 204 255 98 48 255
    16 0 255 229 229 226 255 255 179 238 255 94 255 255 147 230 170 255
    138 74 254 251 151 23 0 0 125 0 127 164 1 255 119 117 255 62 104 0
    255 255 67 223 0 218 130 107 111 169 0 255 255 198 222 161 143 97
    200 0 17 75 176 164 178 0 78 156 255 0 16 113 3 152 255 71 85 0 0
    204 20 199 61 73 36 112 0 183 16 246 255 28 255 32 233 103 45 255
    132 35 250 206 195 205 164 203 15 255 255 0 68 122 255 255 48 255
    255 0 52 58 237 0 109 255 176 147 149 25 38 255 0 27 135 255 66 255
    19 80 94 0 255 207 134 51 81 0 200 19 147 255 255 0 183 120 147 255
    196 255 94 239 48 173 220 162 64 179 57 222 62 255 0 0 255 38 0 255
    0 159 56 255 147 26 93 255 255 255 152 186 161 0 255 103 44 145 255
    210 0 0 101 0 0 83 0 80 0 0 182 0 0 255 129 0 191 0 255 0 120 66 58
    138 0 255 0 52 113 99 73 255 0 253 255 0 140 12 192 159 11 187 160
    198 255 133 218 255 96 0 118 149 79 181 168 211 238 115 33 255 255
    171 255 216 37 28 111 255 85 255 255 255 119 185 255 255 255 98 81 0
    0 207 158 127 255 0 59 255 0 186 187 22 255 111 35 4 29 35 1 97 91
    94 125 145 45 228 234 255 255 0 132 244 122 161 0 255 179 109 0 255
    129 40 200 45 125 231 206 176 171 0 20 217 0 157 255 4 0 0 239 34 0
    255 9 205 34 235 214 73 175 104 255 0 238 255 94 56 177 0 58 209 145
    0 71 0 3 230 119 253 107 162 238 142 255 171 250 235 245 176 161 255
    255 133 227 232 112 0 255 136 0 149 255 223 72 163 0 247 255 23 21
    255 255 152 145 0 144 31 0 179 255 238 193 255 0 255 84 176 126 157
    255 0 238 204 255 0 185 41 79 77 39 255 182 0 0 255 0 125 89 78 255
    204 25 151 197 157 255 162 19 53 255 118 255 0 244 213 94 22 136 204
    48 0 44 0 228 19 255 129 255 255 34 240 152 212 7 23 64 105 0 255 0
    153 247 255 196 107 0 61 67 67 20 0 54 0 1 0 0 164 204 170 45 246
    191 0 245 255 255 198 155 255 255 26 255 251 0 255 255 0 0 86 165 63
    0 13 255 255 0 164 253 86 255 255 230 255 255 174 84 178 165 205 120
    255 7 164 255 129 238 30 255 0 100 237 255 239 5 246 255 0 0 155 169
    255 74 0 215 224 161 30 66 211 69 100 255 255 246 0 100 20 46 26 20
    255 144 255 209 101 154 255 132 0 255 207 251 135 250 224 0 78 90
    255 0 175 255 0 42 86 167 176 143 249 0 43 0 0 79 13 0 107 255 0 0
    186 254 171 255 91 123 0 255 191 91 255 255 29 0 255 0 82 49 230 67
    42 100 0 0 255 93 116 161 17 38 0 0 0 207 0 0 255 30 4 214 117 255
    73 176 235 66 7 255 204 0 255 0 145 255 173 12 110 194 247 47 132 54
    0 121 0 0 255 0 255 255 176 117 156 0 0 6 255 58 227 255 169 255 155
    255 27 74 168 0 94 139 255 255 48 0 164 255 126 177 142 0 86 213 255
    30 0 76 0 0 38 207 238 102 240 142 172 174 195 255 128 255 0 18 96
    218 255 0 115 255 237 102 0 212 255 33 0 153 248 220 160 185 66 255
    0 0 237 0 18 185 163 12 123 255 0 157 86 191 158 0 185 155 24 0 187
    9 156 221 255 17 191 255 0 0 24 244 194 92 19 255 7 229 0 42 159 52
    0 0 157 212 99 86 0 39 125 0 172 177 248 0 0 212 0 72 0 0 155 255 59
    251 2 255 230 49 138 0 194 255 54 255 201 255 91 113 112 0 0 123 0
    255 255 210 155 0 255 255 255 209 182 240 212 14 255 11 110 255 118
    0 92 157 28 93 255 173 12 129 216 159 29 86 193 28 24 255 255 27 103
    0 120 55 255 53 22 39 183 255 0 24 0 29 245 38 116 18 241 124 124
    107 49 255 232 87 95 255 255 201 219 255 0 0 66 37 228 0 243 255 214
    122 0 245 8 0 0 255 52 255 200 0 73 218 104 255 235 175 255 103 0 0
    255 150 0 237 61 2 220 255 158 171 232 240 131 209 255 73 117 184
    255 132 198 62 0 0 99 123 236 255 153 158 55 255 0 252 228 46 240
    255 147 223 206 197 255 247 0 255 255 152 177 0 162 0 255 255 255
    114 91 147 101 165 255 180 255 23 0 0 32 255 141 255 255 76 91 105
    62 100 255 0 255 179 255 255 58 83 66 146 174 255 0 0 85 255 255 65
    184 0 144 124 0 198 84 60 184 255 255 255 0 62 60 85 54 0 227 255 94
    228 0 28 16 255 5 0 23 97 1 0 102 5 255 246 0 198 114 94 10 120 113
    42 0 152 170 255 89 53 0 0 151 172 30 167 255 216 133 71 70 95 255
    200 0 255 243 126 0 255 194 255 255 0 255 113 255 0 112 225 251 75
    205 82 209 44 49 118 255 255 12 255 237 242 255 80 193 86 255 255
    200 255 255 74 0 229 10 158 255 55 118 183 32 0 182 0 122 88 0 255
    215 227 75 168 0 202 0 208 0 0 59 255 0 205 137 77 255 215 255 255
    88 177 184 255 105 96 116 220 96 255 155 167 255 0 64 147 112 97 162
    6 64 255 97 245 60 206 239 0 218 255 59 208 20 174 24 255 255 191 12
    210 229 255 255 88 0 247 255 255 255 2 0 255 0 255 255 155 132 0 255
    0 229 8 93 156 255 224 255 255 184 180 64 255 123 255 0 255 168 231
    75 0 255 68 140 255 252 96 255 19 187 120 255 236 19 184 220 92 3 62
    255 255 255 255 255 199 0 66 62 255 58 190 255 48 247 106 255 245
    163 216 164 255 43 29 178 158 232 40 22 142 0 247 255 255 252 183
    255 255 227 255 49 255 255 230 230 93 0 51 176 255 36 0 53 17 228 49
    0 213 145 175 0 0 255 255 55 41 106 149 0 44 0 211 13 119 37 211 103
    243 0 255 237 0 0 136 100 163 57 150 131 83 147 255 190 255 255 0 74
    255 1 100 168 0 144 4 63 255 18 255 0 124 0 252 75 88 0 243 226 0 59
    110 255 137 57 130 182 248 156 152 255 255 67 197 204 160 199 255
    123 255 97 255 255 178 145 102 35 0 205 85 207 255 255 2 0 130 149
    224 251 0 174 129 244 92 0 213 28 0 26 240 223 0 132 188 126 255 255
    255 255 116 16 255 255 0 255 0 0 255 0 212 217 171 0 252 98 104 222
    62 94 0 1 0 1 34 213 0 255 223 255 148 9 0 255 154 197 215 115 0 255
    255 255 255 93 76 166 0 0 255 0 113 149 179 28 180 158 0 2 255 255 0
    165 0 34 19 165 0 0 230 135 255 115 114 148 115 77 0 186 0 48 126
    255 114 255 255 143 102 255 43 255 0 213 0 5 97 255 0 28 68 71 44 93
    45 171 181 111 255 144 117 0 190 46 255 52 0 170 189 0 148 14 113 85
    247 0 255 251 62 255 175 170 211 0 22 227 0 0 33 0 131 245 255 224
    79 0 97 0 161 202 14 0 83 255 255 255 0 138 7 255 178 197 26 206 177
    122 108 255 255 20 46 31 231 113 5 44 0 255 253 0 222 148 255 126 0
    255 0 255 255 255 171 0 255 22 255 108 0 203 158 50 27 0 255 115 187
    60 230 29 255 0 0 64 0 144 255 72 11 16 220 251 159 0 78 165 65 0
    203 0 219 255 255 187 174 255 166 227 140 255 54 255 170 0 255 0 0 0
    102 0 0 222 3 137 121 255 58 20 86 148 140 94 0 33 255 0 0 56 0 214
    101 182 244 39 163 10 255 0 3 224 0 135 255 214 207 0 255 203 0 56
    62 184 255 15 189 255 0 9 82 7 255 51 116 18 197 170 255 43 63 243
    255 5 82 251 245 203 68 255 81 182 210 214 194 255 219 246 0 255 255
    154 8 31 204 0 215 89 108 116 0 255 220 238 132 111 41 224 106 255
    76 0 116 0 9 255 0 185 74 78 63 0 255 255 13 60 104 80 255 226 121
    35 228 85 118 249 0 198 0 71 0 203 221 255 0 176 152 154 255 166 0
    251 191 174 86 255 255 220 16 213 0 255 8 9 114 0 255 232 0 205 0
    255 23 229 179 255 93 114 241 255 200 255 0 0 230 0 173 0 104 94 175
    99 0 117 255 0 255 9 255 255 137 145 193 255 255 71 0 233 38 59 4 26
    193 80 0 58 19 25 23 0 72 148 0 200 141 175 30 47 0 203 0 157 151 0
    68 0 123 28 0 255 3 0 141 9 255 210 255 255 0 0 130 0 233 255 0 84 2
    76 0 0 255 0 235 13 0 24 0 244 0 0 127 100 0 101 0 142 78 0 255 206
    0 147 178 249 63 0 249 102 204 34 0 0 35 0 138 161 118 119 147 146
    255 175 0 255 255 168 0 19 238 255 255 255 253 90 4 33 146 236 242
    11 221 0 216 0 90 58 0 113 0 150 141 133 255 255 24 234 0 79 100 152
    180 14 255 101 255 255 0 255 82 0 0 255 115 255 202 0 146 125 0 255
    135 234 0 0 65 132 255 59 255 20 255 0 17 250 78 224 112 36 235 253
    254 255 0 160 197 221 0 40 84 0 140 0 74 173 206 62 13 255 203 0 149
    126 206 45 46 189 0 254 255 0 0 0 105 60 0 29 209 0 199 255 255 255
    150 116 0 194 15 214 141 8 195 98 115 66 67 172 127 129 168 125 255
    255 16 255 0 138 244 6 255 116 255 34 255 30 104 255 255 171 99 255
    255 170 45 2 255 180 255 255 91 251 0 255 46 193 117 255 120 121 27
    205 0 19 255 255 56 255 129 186 70 255 255 79 85 233 0 110 190 200
    112 93 22 78 152 0 255 255 246 241 198 255 80 0 228 255 0 225 0 250
    1 192 111 0 0 211 101 255 0 255 106 124 43 255 74 225 121 255 0 148
    0 0 22 186 0 73 154 74 255 52 0 255 88 255 127 39 13 0 0 255 187 0
    209 222 28 255 255 112 255 0 207 149 0 255 79 0 255 196 154 56 88
    255 57 21 172 12 149 95 66 37 0 248 254 0 170 255 238 255 95 65 36
    246 0 0 217 0 0 0 0 38 40 189 43 3 255 255 57 255 96 125 0 0 184 0
    102 255 64 255 255 255 129 204 84 255 0 255 0 0 151 127 61 99 202
    106 230 0 0 154 0 72 88 92 244 0 255 205 163 140 255 255 240 238 99
    90 240 55 118 224 143 255 0 0 167 238 10 8 237 0 119 7 0 126 249 26
    32 186 222 175 180 255 255 112 164 124 156 0 161 0 208 133 128 237
    12 255 255 212 85 187 0 53 49 87 168 45 0 252 169 58 255 81 0 123
    255 210 166 0 238 255 255 0 58 136 0 69 0 89 20 204 255 171 255 255
    0 255 173 178 255 255 10 14 230 70 0 255 66 193 11 0 255 215 235 255
    255 178 156 255 213 255 223 0 82 255 0 234 7 69 255 110 0 96 97 137
    0 93 255 216 255 255 0 0 71 0 94 0 156 139 253 218 255 22 108 255
    205 0 180 68 222 254 60 164 45 194 20 200 81 0 124 0 255 255 77 117
    80 240 167 23 74 198 65 0 0 181 180 255 0 0 163 85 24 0 249 127 255
    0 255 255 0 86 0 66 248 194 0 255 215 255 84 255 163 204 20 10 103
    11 169 237 78 102 188 132 255 8 0 150 255 0 218 255 0 224 204 250 72
    31 255 236 17 255 0 7 0 0 0 0 0 113 156 0 255 0 22 0 30 255 230 0 55
    0 192 196 255 255 255 129 81 209 10 255 255 255 4 255 255 118 255 93
    175 187 0 255 40 0 255 193 255 215 0 74 113 3 171 14 217 255 255 31
    203 0 127 99 44 68 100 0 206 163 155 0 40 0 151 9 255 249 222 0 216
    0 233 255 49 186 185 202 0 117 154 95 255 112 91 122 121 153 0 255
    210 239 255 91 42 160 34 10 0 255 255 239 210 255 0 224 102 0 0 49
    119 134 135 145 0 255 117 255 255 26 255 135 139 255 0 40 0 0 58 0
    230 158 251 162 163 66 255 207 255 250 3 21 0 255 99 249 131 255 210
    173 60 131 68 80 133 148 250 108 255 0 107 63 0 24 255 255 255 88
    110 255 240 63 255 255 154 149 255 250 84 99 0 0 255 167 248 255 44
    75 145 148 224 20 126 117 1 0 0 120 48 0 125 22 113 255 255 255 0
    132 255 214 74 180 85 12 82 239 239 108 170 116 78 255 11 0 0 48 37
    91 225 232 0 5 255 255 255 231 0 0 33 234 255 17 248 0 67 95 0 50 44
    0 226 234 194 132 255 255 12 0 0 104 224 207 66 127 2 47 0 122 12
    253 159 255 17 255 231 230 64 36 195 255 49 149 156 159 130 153 212
    139 0 18 0 255 255 22 255 197 0 0 0 255 178 0 228 196 239 194 255
    255 0 189 246 0 210 114 10 142 119 0 253 46 170 0 255 255 247 30 9
    55 141 79 169 0 83 218 0 255 234 79 127 246 39 177 197 0 255 41 8
    255 0 143 4 121 234 35 113 246 190 255 239 169 211 39 40 0 182 71
    227 255 53 5 255 149 0 218 47 70 255 197 5 255 255 252 23 255 26 187
    255 255 112 117 255 234 241 243 11 0 75 183 0 206 17 255 106 166 14
    0 110 0 126 0 0 0 84 245 0 255 0 255 218 255 9 228 139 255 120 0 255
    0 17 141 4 174 105 215 255 8 180 172 0 0 219 0 164 0 0 255 129 163 0
    190 244 29 122 28 255 119 23 146 227 151 160 255 152 65 255 255 69
    255 255 0 83 95 255 0 100 246 106 255 0 162 0 162 206 58 68 147 243
    216 255 0 255 255 255 0 159 0 103 43 0 183 131 229 66 255 255 10 186
    0 90 0 255 216 0 157 0 96 51 239 101 59 123 150 255 255 0 46 24 173
    98 211 45 155 109 0 0 62 182 63 0 173 0 23 173 241 255 0 192 231 44
    86 148 0 157 179 255 231 145 201 26 91 246 126 61 150 5 255 0 227
    234 255 67 255 255 105 255 255 40 151 255 213 0 255 7 212 143 255
    205 207 121 52 0 71 118 214 112 255 205 223 255 24 222 80 108 250
    194 205 38 82 255 123 255 34 127 216 77 185 0 65 130 0 88 170 255
    255 103 191 143 109 0 66 93 19 192 194 255 162 248 255 255 255 34
    151 77 214 159 255 255 0 174 223 255 80 0 184 255 122 125 255 20 255
    255 226 255 255 221 115 145 255 93 211 28 251 255 27 214 255 235 255
    0 255 124 255 52 239 218 18 42 101 13 13 144 22 255 0 170 181 255 96
    0 255 17 0 108 0 102 39 140 37 187 155 216 0 0 0 87 255 177 21 0 176
    0 0 0 150 0 47 126 255 193 202 83 0 9 219 0 135 178 228 198 0 61 76
    255 133 105 5 168 37 255 113 132 0 203 197 255 53 255 34 255 255 255
    255 250 0 88 170 168 78 255 124 75 99 0 244 0 137 185 255 80 23 184
    99 147 244 80 255 35 0 212 125 0 207 0 208 17 0 171 198 0 0 255 129
    188 66 111 255 234 107 118 0 249 0 0 78 214 54 115 0 196 255 33 0
    255 91 110 85 131 129 60 229 249 110 0 150 197 255 255 211 169 31
    178 180 88 0 116 9 56 190 210 97 218 126 255 147 83 255 182 0 54 0
    191 255 64 83 91 25 4 162 255 47 244 6 0 244 0 77 255 32 171 221 0
    62 255 0 0 116 255 76 12 0 255 11 172 37 0 3 101 111 1 203 255 0 239
    248 53 0 255 158 37 103 149 0 88 222 0 255 17 138 19 59 0 34 228 0
    255 232 0 206 218 57 229 0 255 190 24 90 240 154 185 255 79 255 48
    29 0 206 69 235 243 31 0 0 0 123 162 208 219 255 191 0 255 207 0 178
    0 25 255 21 0 65 212 62 229 255 0 158 221 128 221 211 56 255 227 214
    202 144 21 0 34 0 233 115 0 12 250 0 215 255 0 176 255 183 83 255 13
    255 255 0 138 30 0 21 255 24 0 83 0 180 0 95 85 135 0 16 255 171 0
    95 0 0 246 108 123 42 255 255 0 117 255 255 255 255 255 0 196 74 53
    255 178 184 212 255 227 217 130 140 0 228 55 0 95 140 255 185 255
    244 155 0 95 204 154 255 157 210 158 253 48 0 255 0 148 17 255 255
    232 213 255 0 255 123 177 99 86 0 2 0 78 43 108 86 173 189 197 90 0
    255 79 255 145 0 0 79 75 211 210 255 165 10 111 0 58 0 60 0 49 229
    236 217 255 9 102 144 0 255 130 220 203 205 199 255 112 20 79 193
    255 0 34 0 255 209 0 94 0 0 43 255 255 0 209 255 218 255 245 58 255
    96 161 57 131 255 255 190 152 0 169 198 104 158 0 0 255 226 0 255
    119 25 255 0 201 245 172 0 124 85 35 55 63 0 235 197 0 0 93 226 12 0
    255 0 222 0 5 0 35 233 0 153 238 209 23 89 255 182 0 235 0 0 214 98
    140 255 3 12 0 255 182 27 255 0 23 255 255 154 229 227 90 157 177
    180 255 134 0 255 29 0 0 211 0 0 125 41 45 165 100 149 169 43 160
    128 8 153 255 0 245 0 149 222 191 189 0 255 255 0 45 255 103 103 58
    104 191 191 0 0 247 99 74 20 81 35 195 126 176 47 13 61 237 0 143
    203 219 162 255 109 255 48 55 79 41 255 212 255 187 0 0 0 255 0 162
    255 26 255 124 30 255 96 201 86 18 48 167 153 153 255 208 23 255 0
    66 255 3 240 68 205 129 75 59 15 255 0 0 42 0 112 0 216 149 93 42 43
    88 0 27 64 186 174 255 255 255 164 241 137 48 6 207 30 255 255 82 0
    158 53 68 0 73 160 53 16 18 190 0 0 255 209 0 255 255 221 0 0 0 56
    203 45 247 0 111 129 131 0 79 207 5 0 173 35 11 39 246 0 233 47 143
    0 53 90 195 140 0 249 145 58 28 247 179 138 0 20 14 7 145 13 28 255
    0 0 195 23 146 231 255 130 151 4 183 178 0 145 64 105 130 113 255 0
    166 100 0 43 134 40 0 255 97 255 121 48 0 255 89 192 0 255 255 208
    101 90 255 233 0 243 255 255 234 44 184 107 109 0 255 31 205 74 234
    67 255 237 0 84 105 12 28 0 0 137 92 213 255 0 204 175 210 56 213
    255 140 255 255 47 133 24 0 1 255 172 246 24 142 255 255 18 255 140
    49 255 255 124 0 129 183 0 0 103 105 183 237 242 152 185 8 31 255 22
    255 73 62 93 255 0 11 44 255 255 192 255 148 102 255 0 127 124 255
    218 255 255 0 73 69 99 238 0 255 9 185 255 255 13 0 0 39 205 188 137
    8 7 0 30 243 247 255 48 255 1 137 85 59 40 255 86 0 255 255 215 195
    0 104 0 0 255 152 197 0 255 255 141 29 255 249 65 0 255 0 255 255 69
    170 106 193 151 206 136 255 18 119 255 251 155 46 255 255 250 255 55
    228 252 68 144 0 206 21 255 162 153 113 192 65 78 255 57 12 35 146
    150 0 252 20 0 142 9 156 212 245 0 77 185 34 0 251 219 147 165 3 255
    0 146 20 50 0 89 255 0 15 0 255 0 207 76 19 6 150 180 95 0 0 157 253
    115 255 59 244 153 205 29 14 11 255 0 0 94 15 105 0 247 157 0 142 0
    57 76 155 119 94 138 17 0 255 255 232 198 238 114 170 63 0 0 89 135
    255 0 0 44 236 190 0 66 63 85 255 159 0 244 165 255 33 215 159 0 110
    0 255 0 117 255 255 255 255 146 4 43 0 51 228 0 205 252 99 194 0 255
    0 0 101 234 160 255 240 2 255 180 111 77 68 70 4 255 74 40 22 8 98 0
    255 182 226 29 255 10 191 41 0 125 122 255 132 7 168 124 255 0 255
    240 170 224 141 165 185 255 113 115 12 113 0 146 255 0 129 255 32 47
    164 180 0 255 185 255 199 73 161 138 109 150 255 255 255 0 255 201 0
    0 255 132 45 255 74 93 217 162 0 0 98 255 27 0 71 0 0 0 166 118 255
    0 78 153 0 0 0 68 254 130 255 197 0 209 0 0 116 196 0 86 0 184 181
    48 255 255 224 223 188 19 124 36 180 119 62 248 98 113 0 58 154 165
    0 53 240 110 0 4 116 0 140 0 175 13 0 255 237 0 255 85 13 255 0 0
    255 206 106 0 240 255 215 0 255 255 0 0 106 128 97 27 143 157 0 253
    244 55 136 0 255 117 0 110 9 214 57 255 195 0 255 230 176 163 0 0 0
    0 0 145 0 88 53 0 0 0 86 201 0 255 248 146 255 255 133 0 100 37 69 0
    85 205 22 8 225 0 106 16 255 233 1 189 85 0 17 0 145 255 110 249 0
    210 59 190 255 28 255 132 188 38 143 114 188 0 0 14 0 71 0 251 255 0
    237 157 240 159 1 157 219 255 211 202 27 136 121 255 60 1 255 219 49
    0 200 136 140 255 199 45 119 255 255 255 81 0 171 244 255 222 18 255
    196 134 21 255 255 255 57 255 26 255 144 37 0 13 0 245 27 3 144 255
    248 0 175 87 149 0 255 134 111 113 186 0 219 141 147 72 255 255 26
    249 32 32 108 96 10 0 17 0 33 255 43 138 181 255 190 246 142 93 16
    255 54 112 255 255 207 255 255 61 164 147 144 165 98 49 255 0 149 93
    0 0 50 255 255 131 0 251 87 49 94 255 173 139 255 93 201 0 0 40 1
    205 255 0 255 87 33 142 255 0 0 214 184 86 0 57 88 90 0 0 0 255 56 0
    153 255 255 6 136 141 255 255 220 255 31 113 255 0 224 0 0 255 133
    94 59 62 0 34 183 49 255 0 0 113 63 98 255 59 223 0 120 255 166 158
    255 239 65 209 237 183 189 172 202 0 0 0 98 5 0 205 0 11 0 40 165
    149 151 0 3 255 177 213 32 0 96 255 228 0 114 208 0 21 71 0 138 255
    255 241 201 46 252 77 255 0 123 247 255 34 19 181 201 75 233 0 0 100
    0 0 106 101 0 165 255 251 184 244 192 69 210 0 10 255 16 93 167 255
    89 223 255 204 214 43 176 0 16 151 0 113 254 66 255 134 198 121 71
    217 0 142 217 57 66 255 162 93 124 255 235 122 255 202 143 113 79
    155 0 232 130 165 255 255 255 200 5 112 0 17 120 0 0 176 82 178 139
    255 233 243 0 255 255 13 0 0 0 77 0 81 0 198 0 255 0 171 24 255 0
    255 255 77 0 5 255 8 47 177 0 0 255 100 195 227 0 255 191 139 255 66
    22 13 181 69 0 162 255 0 0 145 116 255 244 121 148 157 86 186 255 6
    255 255 255 226 255 222 84 255 66 124 123 58 226 60 70 178 189 55
    178 93 77 255 237 255 255 255 208 8 85 71 0 94 20 255 255 49 53 132
    255 6 156 255 239 46 145 132 154 221 207 236 100 200 255 34 255 188
    25 255 255 255 255 86 255 37 152 110 0 157 10 244 197 116 115 240
    129 0 203 122 198 255 194 187 75 0 185 0 31 121 255 255 48 49 40 255
    255 155 0 255 0 0 43 0 111 255 202 0 108 0 0 47 255 163 80 169 255
    125 89 147 212 201 255 240 145 176 255 79 221 6 0 12 255 0 255 101
    18 206 86 0 254 190 45 141 0 0 163 99 255 167 125 37 133 176 255 37
    232 255 101 115 0 170 0 0 255 219 255 219 56 216 29 79 255 2 178 255
    255 0 127 0 100 0 225 255 0 255 255 137 93 207 0 0 4 137 0 255 46
    116 186 194 96 0 0 95 0 41 255 255 94 255 199 21 17 225 216 255 255
    80 161 255 106 125 99 255 180 60 209 0 255 255 170 255 49 219 130 70
    255 255 113 91 219 231 36 153 255 1 213 154 59 80 255 255 0 95 100
    57 148 120 217 255 0 229 139 255 255 255 62 146 22 179 245 42 75 116
    123 255 27 255 189 207 139 153 251 247 247 0 255 8 255 202 255 68 86
    119 8 242 118 192 0 45 255 0 176 255 0 100 115 255 121 116 255 33 0
    150 88 68 46 231 59 174 111 187 72 179 179 0 255 49 138 55 155 0 142
    143 23 149 0 0 205 199 255 14 255 245 148 121 255 255 208 176 48 152
    102 0 255 187 119 0 0 189 0 207 172 138 255 255 57 67 52 131 73 255
    23 102 110 191 141 29 133 18 229 4 136 193 173 103 7 95 34 0 0 0 250
    186 255 255 69 255 0 33 255 27 255 82 0 154 255 181 33 255 46 125
    113 80 20 68 0 48 120 0 59 89 0 251 255 134 65 172 255 255 0 229 23
    174 107 142 185 250 0 29 0 255 0 255 255 99 255 255 0 236 2 27 255
    138 69 255 112 106 214 172 8 66 19 183 246 93 128 255 0 87 59 251 0
    0 81 140 56 207 197 71 234 117 255 100 215 84 255 213 124 60 128 77
    255 255 0 0 255 0 0 92 0 204 0 216 44 236 0 255 0 86 255 227 255 1
    255 255 255 254 0 49 1 0 24 255 154 182 255 63 141 255 60 64 147 0
    15 0 93 0 70 108 0 185 255 0 255 169 230 167 32 120 99 255 255 0 255
    222 179 60 239 255 255 91 163 92 0 4 182 0 255 255 23 0 58 0 62 61 0
    232 255 67 0 245 156 7 0 53 0 189 232 46 255 255 20 255 43 184 152
    198 143 255 122 163 169 0 224 121 0 93 74 0 255 77 34 198 59 221 49
    0 200 255 158 255 70 0 0 240 192 0 0 76 255 255 255 0 176 193 255 36
    223 74 242 58 0 148 255 255 77 120 242 212 255 255 176 0 53 212 172
    139 100 21 196 202 219 90 0 86 195 255 0 105 164 0 255 0 0 185 236
    118 174 81 0 69 59 76 82 159 255 0 249 0 143 155 216 0 115 163 0 0 8
    193 175 0 27 140 119 255 71 255 127 147 27 255 0 54 26 255 145 0 248
    255 67 195 0 0 82 108 0 25 147 255 255 227 7 255 255 132 15 0 246 42
    121 251 141 174 133 41 0 137 175 2 50 0 206 64 144 150 103 0 255 90
    194 255 145 0 56 255 188 255 0 110 169 147 121 255 225 255 255 121
    63 205 139 0 0 201 208 232 84 136 29 35 24 111 255 14 244 0 165 249
    118 255 49 14 244 255 17 0 0 160 29 234 140 255 0 199 216 66 255 0 0
    255 252 255 53 198 70 255 126 127 214 244 0 182 9 234 0 14 71 138 53
    35 255 255 0 206 101 33 131 125 230 186 124 0 0 255 59 241 141 109
    253 0 14 36 0 95 236 217 71 14 0 58 171 130 0 217 69 255 62 255 255
    255 128 44 231 144 48 0 255 64 0 0 0 166 217 0 8 39 184 0 227 0 137
    0 0 242 0 82 149 255 202 140 207 255 145 236 255 0 0 55 159 75 152
    157 142 72 226 202 38 116 211 52 62 86 255 36 248 255 0 255 79 243
    173 0 146 6 255 0 149 249 145 0 142 0 220 202 110 208 0 133 202 59
    24 244 127 0 0 222 91 0 0 34 133 0 118 126 226 165 255 0 229 143 58
    0 209 255 0 98 111 48 91 111 255 194 206 0 122 0 255 122 128 255 26
    57 255 34 183 212 0 217 91 70 255 247 185 249 241 158 0 117 0 93 178
    223 0 255 209 100 41 240 255 195 107 0 0 0 150 0 0 222 152 186 243 0
    255 255 209 0 94 0 20 0 103 255 237 227 204 25 190 255 186 0 0 111
    56 124 253 255 0 255 255 67 159 203 88 0 13 210 236 76 239 73 191
    255 255 66 255 98 0 252 245 255 10 0 225 255 255 156 19 73 245 47
    164 101 187 161 255 214 107 85 242 225 19 0 0 170 72 232 55 5 181
    182 255 180 0 82 255 20 202 20 0 43 141 88 0 93 145 32 255 136 0 197
    14 255 255 30 75 0 0 1 97 117 24 182 255 35 0 0 42 91 0 201 55 15 0
    0 255 0 0 176 0 0 87 255 255 255 0 255 188 0 92 179 67 35 167 255
    219 21 117 110 208 0 57 225 122 64 0 48 149 0 109 24 4 255 0 63 110
    222 179 255 11 1 227 246 255 228 41 88 247 186 0 144 0 3 147 0 63 0
    83 0 47 182 51 241 218 0 161 120 183 0 171 76 117 229 76 122 63 122
    49 255 0 191 50 255 0 0 255 73 0 120 0 30 255 140 0 255 255 151 22
    193 58 133 68 0 125 255 115 123 54 251 53 0 37 203 206 223 255 255
    89 255 159 54 94 180 255 193 2 168 11 0 237 0 83 255 255 189 137 185
    32 186 254 63 21 53 119 47 255 0 0 255 194 144 255 71 120 100 188 99
    158 29 13 122 168 206 137 58 155 255 0 189 14 0 80 182 255 157 255
    255 94 255 255 131 255 227 255 216 0 133 147 0 255 247 54 214 153 86
    208 107 0 52 255 255 139 255 134 96 253 252 86 0 73 255 183 76 26 0
    255 0 10 59 54 0 129 179 61 255 65 71 214 0 255 0 224 255 198 155
    104 0 255 220 160 81 39 20 205 4 255 0 131 89 0 0 218 0 54 0 83 231
    255 228 60 61 255 191 14 155 240 236 0 69 105 246 174 0 87 0 0 0 184
    0 202 43 17 255 77 184 9 0 31 150 0 96 255 0 255 255 0 69 255 117
    156 0 240 0 215 238 0 166 132 0 218 196 255 151 255 169 24 101 84 10
    80 0 253 57 196 214 182 41 255 255 255 0 96 249 255 69 255 51 238
    255 153 251 147 22 193 0 140 75 37 248 147 255 10 182 31 109 255 0
    255 0 58 22 0 255 27 0 255 0 111 101 237 101 207 20 242 120 0 0 255
    172 81 255 0 0 147 63 230 83 74 123 66 160 84 0 188 0 197 234 33 106
    0 136 0 255 60 84 19 109 0 229 255 166 0 255 248 255 130 223 103 30
    227 159 165 255 28 0 54 35 26 25 178 196 255 255 99 255 110 0 80 66
    180 24 134 164 255 155 255 57 255 54 88 0 0 98 106 2 255 0 255 63
    143 13 201 216 255 0 255 0 58 245 21 164 255 15 184 118 192 218 255
    0 255 0 0 252 0 119 0 255 0 231 219 255 255 45 60 38 0 0 203 14 255
    255 183 255 165 0 0 28 87 255 0 60 123 10 255 255 0 0 211 140 187 0
    164 0 255 112 0 145 0 244 100 255 77 0 31 95 28 180 0 204 0 16 202
    255 255 83 138 255 174 60 0 255 2 5 255 124 164 223 95 109 43 0 215
    165 112 255 0 35 162 255 255 106 255 0 88 255 112 27 100 0 28 0 54
    125 255 249 234 255 55 86 136 29 0 238 49 0 0 255 163 0 75 61 125 17
    243 80 28 12 22 0 160 214 35 60 255 255 23 254 140 152 237 255 123
    255 0 134 171 132 255 0 184 255 0 131 0 71 255 255 123 171 219 164
    123 160 0 38 33 0 0 152 0 13 98 42 221 13 5 255 142 1 86 0 91 255 2
    0 27 0 51 0 255 255 126 69 158 0 255 255 29 255 223 61 195 43 0 179
    0 255 83 128 86 126 192 49 255 105 116 179 245 128 0 33 196 134 179
    255 255 186 255 149 189 79 0 255 0 255 0 137 154 190 0 103 31 37 140
    207 119 171 53 209 0 175 88 255 0 231 255 244 59 168 70 255 255 68
    55 118 147 255 0 0 201 0 138 174 106 117 255 203 14 255 255 199 255
    114 255 0 131 0 229 255 0 255 62 0 36 255 91 39 118 0 56 255 165 10
    170 255 62 255 255 255 43 63 255 127 205 190 216 105 11 0 0 147 238
    108 0 95 255 255 62 255 216 69 255 0 213 70 31 255 12 255 0 0 123
    255 84 188 0 0 243 0 0 185 0 237 0 255 254 225 79 255 255 21 255 0
    166 97 0 195 255 17 205 236 78 43 177 0 0 177 224 143 3 152 255 0 92
    255 0 156 255 255 167 236 83 255 0 6 222 152 125 0 242 0 94 234 211
    2 0 0 255 71 255 12 77 255 255 62 0 181 255 231 33 255 255 20 73 94
    0 218 39 206 8 126 255 12 49 255 255 153 65 199 85 206 44 66 255 162
    255 255 136 134 143 235 0 178 226 0 125 105 28 32 0 172 53 45 233
    255 2 121 211 0 182 255 173 21 126 11 0 100 236 50 255 134 103 174 0
    255 31 217 57 143 236 137 0 0 255 255 139 189 110 223 203 0 215 145
    200 0 0 213 0 0 53 174 255 255 255 255 24 255 2 210 230 84 0 251 255
    4 124 138 244 116 109 21 0 101 52 80 56 0 220 107 60 6 255 0 255 23
    1 255 238 124 255 223 255 147 154 167 0 255 165 255 208 172 198 0 57
    63 192 167 184 126 0 237 246 0 255 2 187 31 255 0 43 0 0 255 255 255
    202 255 130 255 255 255 186 35 97 115 0 13 255 255 183 235 134 255
    53 191 134 136 221 223 250 52 191 161 237 186 134 223 233 209 43 255
    246 255 255 59 0 134 255 215 135 184 0 0 255 12 0 255 62 0 197 89 20
    162 18 218 198 134 5 23 0 255 157 154 0 252 255 167 0 27 0 34 159
    250 246 0 167 0 0 255 31 0 255 225 84 211 202 197 62 48 255 255 255
    124 0 37 107 255 90 19 255 20 255 255 255 97 0 255 241 113 96 255 80
    255 170 255 173 251 129 0 163 29 38 0 0 41 255 228 175 208 108 242
    67 0 137 249 0 0 118 231 106 15 233 0 221 255 147 177 244 0 58 21
    255 130 231 30 255 255 7 255 18 255 212 0 0 0 32 163 250 181 69 121
    146 255 255 175 112 143 255 0 217 65 0 190 90 255 255 179 0 153 255
    255 117 88 0 0 0 255 103 0 85 255 255 111 0 60 0 126 2 0 255 54 73
    235 255 24 255 1 0 0 255 255 203 68 255 239 0 0 255 0 0 0 97 0 48 0
    210 116 235 255 255 255 103 255 255 0 255 118 2 15 0 8 47 255 255
    137 255 111 239 255 213 36 133 0 240 255 0 246 255 47 255 17 255 69
    26 41 255 255 255 208 157 33 255 41 92 229 245 255 223 99 151 187
    115 215 0 128 46 161 255 70 23 42 255 0 201 142 5 108 217 118 0 255
    116 255 88 44 74 177 63 255 250 0 53 19 20 0 153 121 204 30 173 3
    135 29 27 255 16 182 255 133 205 197 5 10 46 170 0 0 255 0 113 0 130
    156 10 246 255 255 246 149 110 10 0 131 255 255 76 0 138 0 122 127
    55 64 251 0 17 114 212 0 170 61 68 123 228 77 33 188 147 90 255 252
    223 0 255 112 77 201 127 0 91 65 187 255 255 0 255 240 219 74 188 5
    29 242 19 118 45 4 0 163 212 255 8 14 0 255 255 64 0 255 255 255 3
    194 91 8 183 0 146 255 0 196 167 100 222 0 223 255 255 122 177 253
    21 178 67 114 50 30 101 127 202 147 214 0 255 255 51 3 50 255 0 45
    211 255 255 233 255 74 0 211 140 33 123 255 255 255 183 255 236 213
    255 0 0 255 0 0 255 115 0 255 255 4 78 17 255 172 212 129 0 219 0 6
    90 0 20 105 0 164 255 132 0 255 100 205 83 0 125 0 255 0 208 197 0
    73 100 0 198 146 255 0 54 255 49 254 202 0 62 80 57 255 221 106 75
    117 173 4 0 0 8 184 0 134 162 255 129 165 190 255 255 8 205 125 0
    255 196 233 158 153 255 0 160 255 135 90 0 0 64 127 0 124 113 0 255
    57 25 27 212 208 227 0 157 67 0 31 217 250 95 199 255 255 43 0 163
    242 103 118 149 115 120 185 82 255 78 230 142 138 46 199 18 152 253
    255 44 255 0 197 86 255 82 150 0 0 194 248 255 255 0 84 253 0 0 255
    255 0 0 255 165 81 255 0 255 192 144 29 255 0 255 233 255 255 1 255
    255 182 109 27 206 106 187 32 58 94 255 255 0 85 75 59 0 33 255 255
    195 0 255 255 138 41 0 0 87 255 255 139 68 255 0 255 0 65 149 82 173
    201 195 0 140 2 209 255 190 0 92 0 103 38 0 84 14 0 0 0 31 120 35 12
    255 48 6 255 0 0 255 0 255 255 246 139 88 0 226 60 255 0 255 116 203
    255 83 255 255 0 0 217 251 218 210 0 230 168 255 0 0 0 39 118 127 40
    0 255 221 53 206 155 0 161 255 182 127 248 255 137 0 56 208 171 0
    190 104 223 0 255 130 96 255 32 146 26 114 124 188 255 177 218 45 95
    0 250 101 0 255 0 255 15 226 255 251 231 101 30 194 201 210 255 0
    255 68 211 102 0 162 0 208 0 255 237 240 51 227 0 0 124 255 0 255 27
    0 218 224 206 158 197 191 0 212 255 20 40 84 161 0 8 39 255 187 109
    255 255 0 50 243 139 0 227 0 0 0 251 195 209 0 40 0 134 0 14 255 26
    135 20 182 17 51 162 183 47 8 0 255 77 0 26 255 255 255 255 0 251
    228 229 0 82 172 6 32 126 156 238 46 190 0 20 0 255 255 254 255 33
    50 37 0 0 237 0 110 142 102 103 155 72 91 0 232 213 171 48 7 104 80
    122 0 0 138 235 0 49 83 255 0 255 0 193 34 0 0 176 255 140 128 245
    180 154 215 53 0 255 255 53 206 255 97 255 9 218 0 43 208 0 74 61 0
    17 59 134 255 0 181 137 178 111 60 90 82 96 200 0 176 255 0 0 185
    255 128 81 255 188 68 255 67 57 78 255 28 69 168 25 218 133 54 255
    255 159 235 255 163 255 0 0 255 0 62 159 51 116 57 255 255 255 137 0
    104 0 0 0 0 255 246 181 137 11 124 83 156 118 167 255 255 0 187 255
    182 101 215 0 200 185 104 5 255 179 0 203 20 76 255 206 91 12 214 0
    57 146 0 43 137 255 250 95 255 85 41 164 150 104 65 0 255 95 236 0
    82 2 0 255 226 202 234 158 232 122 154 214 0 118 60 163 0 0 77 171
    15 141 0 128 254 48 255 255 188 147 84 255 122 255 0 87 237 87 255
    21 204 209 230 90 0 11 61 242 20 0 0 209 230 42 165 0 68 205 255 0
    29 255 97 96 101 255 237 0 23 59 31 88 169 194 59 89 115 174 197 255
    149 21 0 170 52 62 234 255 51 177 35 0 255 25 159 59 46 60 0 31 237
    241 177 129 0 211 232 250 17 213 239 0 156 217 255 255 0 255 0 136 0
    0 119 0 0 122 155 137 0 255 255 209 255 40 178 0 255 224 216 255 43
    244 115 50 3 255 82 135 60 255 0 200 255 2 255 218 0 178 182 18 0 0
    101 48 114 255 200 111 255 103 191 2 255 47 253 50 0 139 0 245 255 0
    131 255 126 255 255 255 0 0 180 196 0 0 255 17 235 220 55 107 0 130
    188 16 11 255 94 120 173 255 149 32 184 255 15 237 0 255 198 23 98
    255 32 0 120 255 255 98 255 35 0 245 68 255 239 144 0 154 44 161 0
    199 40 157 255 255 99 242 178 0 255 0 89 255 46 60 255 136 143 91
    138 75 0 255 38 0 141 0 62 255 200 170 231 255 182 214 231 244 19 0
    119 255 60 155 242 209 55 146 199 192 255 216 92 255 205 255 127 0
    142 16 0 0 0 132 255 180 8 255 255 0 202 254 211 44 39 35 128 133
    191 100 0 255 0 180 60 243 227 79 104 227 15 99 0 60 136 255 255 218
    255 255 211 0 59 255 255 17 94 208 103 255 88 255 43 153 7 93 23 255
    12 72 120 255 4 255 84 255 255 167 255 167 94 4 255 108 0 53 162 255
    39 157 106 0 255 255 178 200 194 255 143 255 249 57 104 237 255 69
    238 0 255 209 193 255 135 174 255 247 213 42 178 255 195 195 16 173
    148 52 255 239 0 40 101 0 13 255 0 136 19 81 253 97 0 69 0 255 84 0
    231 47 251 0 6 186 114 23 0 0 255 0 185 25 0 240 186 213 110 55 255
    255 0 0 133 0 0 64 91 45 255 0 160 9 134 242 252 195 207 106 102 243
    207 255 255 112 44 255 170 255 0 121 151 121 104 0 255 236 119 18
    235 169 119 255 35 0 98 174 235 139 79 165 255 0 0 255 255 216 181
    159 255 0 0 117 212 91 46 228 56 255 98 27 32 94 0 231 255 0 84 166
    0 202 143 120 97 146 251 27 165 247 255 106 255 255 255 255 55 78
    254 180 97 93 42 144 217 147 255 246 0 0 213 255 0 0 101 255 110 182
    255 0 117 195 0 26 37 31 57 91 185 0 255 244 255 255 58 255 226 19
    32 173 0 195 183 0 255 0 218 61 255 220 6 0 167 108 45 255 138 2 32
    255 0 157 225 255 148 103 230 252 0 255 0 0 16 255 0 0 67 232 221
    134 0 82 255 89 255 164 254 216 0 140 255 255 0 255 163 255 68 237 0
    255 0 58 255 255 255 244 17 255 0 95 255 177 0 0 0 71 255 121 255 0
    0 0 54 36 228 87 163 20 255 255 255 0 209 255 26 0 68 126 231 253
    246 49 255 14 0 0 194 255 0 72 83 67 0 255 0 125 255 0 241 15 104 20
    15 52 0 73 147 125 18 9 204 248 124 207 107 0 0 255 255 105 223 57
    255 136 144 215 242 0 255 0 255 255 0 199 13 240 53 158 11 255 0 148
    0 255 255 11 175 210 43 0 158 39 117 120 114 236 0 157 61 0 29 136
    38 0 41 0 218 79 255 255 162 164 0 216 233 238 18 0 6 113 47 118 0
    255 0 0 180 0 196 255 243 81 230 0 13 143 255 0 155 114 0 0 130 133
    0 0 213 43 238 39 255 0 42 135 37 233 137 251 243 109 251 86 12 255
    80 255 0 125 0 199 167 27 255 0 0 29 0 10 238 255 255 22 133 255 161
    255 90 0 216 255 91 59 255 4 0 59 197 0 135 152 0 42 19 168 241 0 0
    41 149 23 0 118 0 245 30 251 87 168 61 248 255 157 255 243 0 0 142
    255 70 162 255 10 166 200 159 255 255 64 92 237 255 186 255 255 188
    0 255 183 0 156 106 186 22 255 255 0 255 116 199 0 15 77 131 58 199
    68 190 208 0 0 195 255 221 171 205 109 172 208 255 255 145 255 4 2
    255 186 164 9 210 0 255 149 122 252 255 45 110 225 215 27 255 48 0
    252 145 148 76 161 10 255 80 10 255 143 183 125 0 0 178 197 40 255
    23 169 0 191 82 18 0 84 0 255 255 243 31 0 154 0 160 138 68 255 190
    0 105 230 33 0 255 125 0 119 223 22 106 128 22 255 152 0 127 75 138
    59 146 38 0 130 245 180 255 115 0 255 124 255 167 151 255 229 147 44
    184 95 255 93 237 196 255 0 219 255 0 72 0 109 243 178 255 46 0 6
    133 17 255 191 58 143 0 0 0 187 0 0 237 41 147 194 148 0 42 0 0 247
    255 178 255 255 255 211 0 253 73 255 46 0 95 107 136 0 73 126 62 246
    0 215 56 0 0 19 206 255 255 100 80 109 15 119 107 162 66 0 58 0 0
    236 185 0 151 0 0 255 134 159 255 255 215 0 180 242 46 255 124 0 145
    247 126 4 232 53 219 0 122 230 207 221 134 137 45 219 211 135 42 0
    43 185 135 144 4 150 6 0 15 3 155 0 243 174 172 162 0 249 193 0 56 0
    204 255 211 25 222 255 79 23 255 9 255 0 204 255 82 144 41 90 238 0
    255 111 2 255 255 59 89 63 48 24 56 255 55 86 137 86 255 18 180 29
    10 255 83 178 0 145 0 0 224 0 144 252 5 89 255 56 255 8 255 255 107
    255 171 218 134 255 0 39 45 63 174 255 31 255 106 175 64 83 118 211
    255 255 118 83 158 0 4 0 0 255 255 214 255 52 127 246 134 176 153 72
    1 140 141 116 154 147 255 18 201 170 144 140 59 234 255 173 172 140
    126 0 139 235 137 0 255 228 85 193 255 0 24 6 255 64 228 34 219 89
    101 255 255 45 113 255 130 18 255 212 37 252 211 124 0 218 33 0 0
    163 101 0 52 67 200 213 0 104 225 80 223 255 24 255 255 0 172 164 0
    48 239 0 187 255 47 255 212 109 194 53 154 0 255 113 255 137 248 87
    255 0 255 160 183 58 255 0 166 255 255 0 54 169 254 109 181 255 65
    248 0 203 159 255 255 111 63 255 0 8 179 255 159 225 0 36 70 0 0 255
    63 249 246 0 255 67 242 255 0 255 31 45 217 36 116 57 255 0 0 29 250
    0 84 115 234 24 255 231 0 255 192 0 140 61 0 99 197 44 42 41 255 112
    255 255 255 255 36 90 255 171 63 255 255 255 89 43 0 255 0 228 45
    255 163 4 224 0 60 0 0 255 0 0 111 255 238 31 188 215 153 255 39 73
    243 103 255 221 210 158 255 0 53 0 60 200 0 0 120 54 189 255 102 255
    7 75 255 49 245 0 29 162 3 182 254 205 229 218 34 205 255 159 76 15
    152 225 117 90 255 176 255 117 255 12 243 78 120 12 124 0 22 105 255
    172 204 167 27 0 103 45 0 0 107 181 140 114 151 70 212 0 0 136 162
    148 166 255 0 149 255 57 8 255 51 179 189 247 0 82 138 82 226 39 7
    20 255 134 0 4 146 6 9 20 199 0 255 0 108 2 191 255 255 255 0 255
    255 0 38 0 255 238 204 255 3 197 0 169 0 255 0 93 221 0 255 88 0 0 0
    26 253 236 0 29 0 33 255 206 143 170 170 30 0 55 110 255 23 208 255
    0 19 255 74 236 0 203 177 42 0 255 207 10 227 0 255 109 255 10 255
    106 0 157 61 90 69 49 3 196 8 3 15 176 62 219 125 242 194 186 147 0
    180 255 255 0 70 0 255 186 0 255 255 0 255 86 255 21 0 172 255 151
    153 170 207 157 0 99 5 0 165 211 15 255 0 204 147 62 224 0 255 0 54
    234 18 10 87 255 123 39 0 0 200 255 255 0 0 0 159 164 150 0 245 60
    56 233 95 204 241 152 19 84 40 0 67 255 0 0 0 8 255 255 148 16 63
    186 0 92 0 168 108 223 0 255 252 78 0 255 187 255 136 218 0 25 120
    209 255 153 82 103 32 120 174 33 44 0 255 160 112 70 80 0 100 212
    221 188 255 0 255 0 0 58 233 219 16 140 207 255 0 0 64 0 131 119 182
    0 182 82 255 0 117 255 0 255 45 185 255 64 213 255 0 241 255 41 38
    233 255 0 255 94 149 43 255 0 76 64 6 71 94 0 0 133 220 198 6 255 35
    83 80 0 241 25 61 0 213 217 0 88 216 0 63 26 252 116 0 0 214 0 0 255
    0 50 0 157 176 147 255 255 0 0 151 235 255 0 255 58 117 77 128 112
    255 3 223 0 22 0 255 255 0 240 234 36 74 147 0 255 0 255 211 188 63
    0 106 255 177 255 83 255 3 86 47 130 255 134 232 255 255 0 15 255
    255 0 170 222 51 255 0 195 60 0 185 106 76 0 255 103 173 174 137 87
    122 132 171 255 74 91 255 101 127 255 154 209 151 255 0 0 73 22 81
    255 116 194 159 58 255 13 234 223 129 255 62 72 193 0 124 0 0 255
    255 8 255 130 78 0 0 238 255 0 0 204 255 147 255 16 31 255 255 66 60
    255 146 255 16 59 74 182 38 253 199 133 25 50 229 161 67 95 255 253
    0 71 128 177 255 218 21 0 214 153 107 158 58 108 255 110 0 181 0 12
    27 217 60 225 65 155 0 241 3 255 148 228 0 208 192 255 95 255 255
    110 178 167 11 0 0 0 255 0 22 47 46 248 0 183 45 49 255 103 240 207
    0 218 0 255 0 224 182 7 7 109 115 182 255 0 255 109 0 0 255 0 199 0
    255 251 251 154 108 168 0 0 208 0 35 178 74 93 255 127 255 209 0 255
    0 255 130 37 0 0 0 0 177 244 138 0 232 255 0 44 73 51 190 45 255 122
    153 155 69 0 252 150 116 112 105 36 0 84 161 118 0 152 102 191 0 7
    255 255 97 237 255 64 0 17 255 51 255 85 255 103 154 220 131 159 11
    232 118 20 0 0 170 9 0 255 132 155 209 166 117 255 173 255 222 0 205
    9 0 0 155 229 211 123 68 217 255 36 255 152 100 195 232 110 59 6 255
    0 228 0 255 182 175 255 53 0 81 255 0 184 0 161 3 255 20 214 86 225
    0 255 0 240 255 193 24 0 0 1 251 0 209 255 159 167 255 37 255 0 0
    235 24 34 175 255 255 176 143 255 142 166 0 77 8 72 0 134 185 102 3
    221 205 255 208 207 113 0 0 162 0 65 5 0 255 0 22 253 0 119 219 197
    71 218 230 43 255 146 255 255 0 255 246 68 96 75 109 52 242 18 0 255
    255 111 225 255 219 25 0 117 255 0 115 73 80 252 120 0 149 255 0 7
    193 114 203 0 165 255 47 255 79 90 195 128 167 0 141 25 107 213 110
    54 90 242 128 94 255 59 153 17 236 0 0 0 108 83 255 0 67 0 227 255 0
    209 0 133 101 27 95 159 255 178 106 255 122 0 75 144 211 0 5 255 90
    187 162 185 0 11 218 0 52 123 36 31 255 106 255 254 255 0 255 33 21
    153 255 162 255 255 0 0 253 0 244 5 207 253 255 255 255 255 14 33
    132 234 0 255 0 255 255 255 42 36 255 255 116 0 105 97 1 43 162 250
    159 255 0 168 32 53 174 176 242 255 242 202 114 0 0 0 115 0 52 10 62
    231 0 255 0 240 109 255 255 255 0 235 255 199 34 255 13 0 129 255 0
    255 185 145 112 5 35 161 0 255 208 255 0 179 87 255 48 142 25 0 157
    158 28 244 130 0 0 60 0 96 0 119 139 85 0 255 0 95 204 149 124 81
    255 255 255 211 51 246 0 254 218 50 101 234 183 132 144 200 134 157
    140 103 49 83 3 154 0 100 252 61 48 33 0 68 121 255 93 0 54 173 97
    151 241 250 0 255 62 248 255 173 21 188 199 115 255 68 209 255 255
    255 63 255 165 255 255 7 255 195 177 0 181 255 255 91 241 255 255
    110 193 117 0 97 174 151 17 36 238 230 55 30 89 191 11 128 140 81 0
    45 255 244 18 41 177 255 254 31 165 244 255 255 0 107 30 0 124 122
    209 247 0 241 108 156 255 0 255 21 186 14 8 0 255 1 255 233 255 208
    91 191 131 255 214 144 73 0 255 0 245 255 79 128 255 131 0 173 67 0
    62 255 0 0 231 255 173 255 213 162 0 27 140 158 46 118 24 87 184 200
    240 132 255 0 220 255 9 0 181 0 16 53 106 194 0 59 255 233 0 0 0 255
    29 189 242 52 57 156 255 25 230 142 0 255 0 120 147 0 26 255 0 0 0
    193 237 0 255 255 8 0 0 240 50 0 255 37 0 0 32 200 191 85 255 255
    169 255 78 255 87 255 255 246 59 56 0 201 41 219 255 255 234 255 255
    255 150 168 172 90 11 7 9 255 255 116 158 152 197 151 0 255 255 146
    179 255 40 255 255 198 91 225 0 122 96 255 77 17 205 0 2 68 226 69
    255 158 0 238 0 255 141 31 6 0 255 0 122 255 95 33 100 0 86 238 177
    59 87 141 90 75 10 255 133 0 120 0 199 190 0 0 0 121 220 0 129 0 54
    0 0 255 223 32 255 249 184 87 57 222 52 0 0 195 139 0 222 66 49 59
    68 223 87 255 43 132 0 0 255 248 8 199 177 144 44 27 255 20 0 213 34
    123 76 11 206 41 255 100 29 0 255 194 243 217 59 93 255 255 0 0 207
    232 0 212 65 83 255 27 96 255 19 0 255 0 141 255 168 49 255 34 255
    169 77 164 0 0 157 255 0 250 134 228 124 253 219 86 0 115 24 227 0
    141 236 246 226 255 0 0 201 74 255 255 174 255 255 74 209 0 123 255
    251 196 203 171 0 0 239 0 51 83 194 255 155 255 144 0 159 30 23 0 0
    153 19 32 126 45 233 0 157 195 126 0 255 255 243 225 0 98 215 0 161
    188 0 66 220 49 255 18 196 255 133 9 98 0 43 255 255 255 221 255 58
    0 106 121 193 0 222 255 40 212 0 222 143 174 255 94 234 120 110 160
    148 255 0 134 255 128 247 0 0 234 62 37 123 78 0 255 137 0 144 88 39
    21 219 255 0 173 162 88 151 81 255 108 240 255 182 114 33 255 84 0
    98 255 253 0 119 0 85 241 254 27 41 126 0 255 255 7 239 120 74 234 5
    255 215 1 2 255 0 0 0 113 40 0 64 255 0 100 231 255 255 10 0 56 219
    190 116 255 255 255 0 122 49 138 89 162 255 0 225 255 29 255 255 0
    210 255 64 142 255 255 16 69 255 79 255 255 198 255 31 7 250 0 255
    27 0 255 64 223 32 255 0 0 122 161 26 210 214 1 98 195 31 0 10 255
    124 247 255 190 235 59 255 255 156 19 105 255 176 0 255 255 211 249
    237 255 142 0 253 231 255 255 0 104 0 255 255 201 214 16 111 255 214
    253 249 129 255 219 130 148 92 0 0 60 0 255 0 80 255 86 141 255 135
    91 210 220 0 0 255 255 117 178 21 82 255 105 0 255 255 183 0 32 255
    194 255 53 0 197 166 220 236 93 0 101 255 0 38 0 0 255 0 0 255 0 27
    234 0 10 255 198 255 52 0 255 255 30 252 255 0 198 206 255 211 106
    203 167 0 82 74 0 88 22 74 95 118 0 154 255 235 255 0 170 255 206 85
    85 114 88 10 0 31 239 196 255 10 151 0 77 236 255 255 0 175 0 255 10
    104 46 0 252 0 0 0 216 243 32 255 66 0 62 255 0 218 255 0 219 173
    141 249 0 163 22 89 24 0 195 172 81 0 83 127 157 0 255 175 217 179
    130 39 255 46 255 56 0 75 233 72 0 0 190 255 0 18 110 0 75 74 149 22
    255 230 0 141 2 152 80 210 174 239 33 0 255 255 255 227 28 0 167 255
    90 255 107 52 255 249 42 95 229 0 71 255 127 255 160 187 0 2 21 0 97
    8 107 255 255 153 116 255 0 115 121 243 101 123 0 255 156 0 227 255
    255 17 255 255 157 83 255 42 204 228 255 255 255 144 255 255 153 0 0
    206 188 156 0 140 180 1 238 255 226 64 241 198 15 6 0 213 0 255 0 59
    135 148 255 233 116 171 140 0 239 123 127 0 195 5 32 207 121 250 117
    48 255 7 63 143 9 0 123 212 0 194 24 65 184 20 151 67 255 122 87 211
    78 255 125 244 126 53 255 0 255 255 255 218 122 198 198 175 255 134
    79 181 191 0 255 140 107 255 19 240 255 0 0 60 255 81 13 168 255 0 0
    255 255 0 0 157 208 201 255 0 140 222 207 117 152 0 255 22 169 209
    17 108 72 207 235 229 243 0 65 0 255 0 0 9 176 200 255 255 238 172 0
    59 255 0 0 192 208 26 163 55 255 0 78 255 69 241 0 255 7 255 110 5
    255 255 159 17 0 112 255 144 89 38 0 0 78 0 10 100 0 43 255 104 135
    204 122 0 73 0 255 93 152 255 0 0 68 200 49 144 29 1 0 0 101 252 0
    180 153 0 9 243 144 237 40 182 255 0 108 226 24 78 255 255 171 104
    154 242 196 95 255 255 150 76 148 57 86 53 181 126 255 142 255 0 160
    137 103 0 141 30 0 242 0 251 255 44 255 255 0 178 255 141 43 0 153
    255 183 155 255 74 164 0 33 56 0 255 86 255 193 231 0 46 255 115 137
    255 10 0 0 65 255 0 200 199 169 218 255 121 37 73 13 0 0 0 250 156
    110 133 255 224 186 255 85 27 0 139 73 255 0 251 0 190 217 0 26 0
    126 182 154 73 4 255 194 255 0 0 0 255 84 0 255 67 255 0 30 255 0
    255 29 255 17 0 162 49 120 0 159 252 0 174 106 232 0 253 61 255 177
    255 255 153 241 26 14 16 212 0 255 131 255 46 237 0 255 161 191 28 0
    0 255 67 36 123 60 4 86 100 31 248 0 245 6 255 250 67 117 236 243
    113 195 255 213 208 224 255 255 157 215 0 214 0 0 118 255 0 46 255
    116 131 156 178 122 185 193 155 55 56 51 174 28 212 108 188 39 255
    52 0 255 0 200 109 0 0 168 0 83 255 117 0 197 163 33 0 0 255 255 240
    185 86 255 11 124 249 108 255 210 30 140 68 244 30 247 33 0 189 84
    129 0 10 166 255 68 107 240 255 39 255 0 34 81 255 162 174 82 240
    249 15 248 115 50 130 91 0 97 255 0 127 0 75 137 52 228 191 10 20
    105 0 45 126 111 154 74 0 255 146 0 255 113 82 120 255 71 255 255 0
    61 14 255 0 96 140 65 174 16 255 200 125 105 182 175 153 236 25 10 0
    0 0 0 0 80 28 255 255 206 2 242 85 230 0 11 79 255 40 0 227 214 168
    0 0 185 93 64 0 0 128 184 228 22 198 155 22 255 253 11 0 0 160 195
    173 31 0 126 181 0 0 201 0 255 22 32 245 255 255 255 255 0 53 225 88
    25 234 8 109 14 28 173 0 255 255 66 255 66 121 194 132 255 26 43 255
    0 0 166 243 160 0 29 231 119 143 89 61 0 32 255 230 149 255 214 255
    156 0 0 255 0 255 255 203 186 255 105 87 135 73 255 109 255 157 30
    81 0 113 109 160 176 247 255 201 255 0 32 0 34 230 255 255 0 255 246
    211 5 246 13 245 123 255 0 177 143 241 99 0 0 215 30 14 255 53 51
    255 0 0 0 0 143 206 119 255 143 0 65 255 203 0 225 119 84 255 120
    121 234 255 148 67 133 255 255 0 227 28 0 3 36 23 108 163 201 237
    252 75 196 124 255 90 102 60 0 0 144 255 102 0 149 0 255 0 144 234 0
    255 0 2 113 255 182 75 255 125 35 1 13 0 42 60 255 0 255 27 0 255 88
    255 0 255 44 62 235 126 0 0 68 0 0 153 204 123 255 205 14 58 107 254
    117 0 0 255 105 143 44 255 176 68 146 128 246 118 243 255 191 109
    239 52 0 255 169 107 155 182 255 175 189 0 239 205 57 255 255 255 0
    140 48 0 135 14 0 65 208 186 0 241 0 0 239 144 0 108 255 0 255 91 0
    208 193 0 255 255 133 156 80 160 255 231 0 0 150 251 121 255 0 255
    65 42 162 0 19 0 226 77 175 243 156 139 158 175 20 255 255 187 255
    77 248 73 63 255 255 255 255 0 0 18 0 81 215 100 134 0 100 255 16 6
    50 255 87 255 230 255 0 248 232 75 253 82 75 160 194 255 0 110 217
    18 0 141 240 255 0 0 255 0 55 59 62 0 47 0 67 245 206 0 0 249 48 0
    128 0 39 198 5 152 184 27 103 0 16 219 0 107 2 0 234 82 206 197 235
    160 0 116 11 255 213 176 152 18 0 194 62 196 255 140 122 195 255 10
    69 124 0 233 104 255 255 255 255 248 255 255 170 211 166 255 201 206
    198 237 0 223 255 55 232 138 37 0 234 146 175 140 64 249 57 26 139
    214 83 255 181 0 255 18 243 0 184 82 227 0 255 117 0 153 109 0 186
    91 83 100 205 0 77 0 255 255 241 95 255 52 235 0 255 0 233 71 179 0
    0 248 81 232 0 177 0 72 35 0 180 250 0 94 160 115 0 0 0 132 0 206
    178 0 99 103 66 69 219 127 191 126 0 158 0 130 0 30 255 117 239 37
    226 207 76 74 0 255 78 103 255 84 80 255 224 109 0 39 184 210 0 255
    0 226 255 255 230 237 72 0 133 255 164 0 255 179 188 219 255 0 36
    123 0 85 87 192 162 0 126 0 104 255 219 25 0 255 134 71 0 0 0 32 105
    0 229 0 0 146 225 156 145 234 255 255 30 133 139 246 104 255 185 72
    81 255 233 84 255 226 225 49 255 0 65 49 98 0 98 0 0 157 0 176 0 138
    0 25 0 88 198 255 0 120 173 250 255 105 44 139 0 255 141 30 146 44
    79 94 120 0 217 255 213 225 125 0 121 138 52 133 168 0 139 18 196
    210 106 0 170 17 255 227 0 72 99 255 240 13 138 58 225 218 255 224
    143 120 0 47 192 121 66 230 194 165 75 139 255 255 255 0 22 186 154
    167 116 205 22 138 92 255 0 241 115 202 221 58 23 20 230 0 135 48 0
    65 255 142 255 0 216 255 0 0 173 24 255 0 159 255 85 255 96 255 237
    60 180 243 255 0 161 73 25 104 130 147 247 169 137 249 255 2 220 0
    68 178 71 34 255 255 255 255 190 33 34 255 143 175 0 0 197 92 106
    255 30 205 187 0 255 0 214 241 0 10 180 59 30 255 215 131 213 255 66
    255 92 255 255 255 255 29 165 143 248 0 34 255 148 236 196 132 255
    42 255 3 175 0 197 162 238 71 54 128 47 0 57 0 255 139 167 0 255 0
    197 193 249 0 0 255 0 220 0 0 122 0 255 183 117 228 0 64 0 253 48
    229 139 255 177 130 70 248 255 28 103 0 132 113 255 255 255 148 239
    104 0 120 147 174 255 0 236 39 203 103 156 92 16 255 39 123 0 82 200
    129 255 126 69 162 172 198 138 37 159 223 255 187 137 76 119 99 247
    245 255 106 143 63 89 143 254 81 0 26 219 116 197 0 0 255 100 255 0
    255 165 114 255 86 255 71 129 255 255 0 0 75 158 0 187 255 165 0 0
    140 0 0 142 132 0 0 150 255 0 30 194 0 195 0 45 255 157 46 107 166
    216 17 158 232 17 0 250 183 255 0 83 255 0 255 255 216 38 108 0 255
    255 9 35 126 255 255 255 205 255 255 0 0 116 121 131 255 159 157 0
    167 255 54 190 255 255 255 98 88 193 43 178 242 95 237 255 255 227
    255 180 83 20 27 99 0 255 255 114 101 214 38 0 201 103 39 0 76 255
    166 177 255 1 147 255 255 255 213 255 255 73 214 173 255 16 202 106
    4 72 137 97 0 0 199 85 0 0 0 255 0 27 199 255 0 2 187 102 255 87 214
    64 28 17 212 187 40 255 0 255 86 0 96 255 69 159 1 37 199 118 255 0
    0 255 179 0 255 0 189 0 136 0 255 0 0 78 0 255 245 50 255 124 0 240
    179 163 214 237 32 255 239 223 153 238 255 255 221 255 0 124 200 113
    0 255 255 255 36 0 36 39 255 19 0 33 87 186 195 224 0 179 108 24 92
    255 0 53 231 216 171 14 161 12 255 117 128 174 5 108 14 149 213 0
    135 194 117 93 181 0 53 66 255 0 209 73 239 142 41 160 169 255 110
    125 112 255 94 6 197 255 0 255 255 0 241 132 78 184 0 166 255 23 139
    109 238 0 147 59 0 46 0 253 52 0 255 54 233 0 82 246 233 2 0 255 183
    0 40 187 255 0 171 219 255 255 122 231 147 84 250 26 255 87 103 111
    255 255 0 83 176 49 75 23 0 255 124 224 0 84 255 255 177 52 234 221
    82 0 137 72 255 36 86 128 185 141 139 0 0 209 125 0 210 95 241 240
    26 168 161 187 255 255 75 255 0 9 0 49 182 42 212 99 105 0 173 255
    206 0 0 67 0 50 255 255 255 243 62 75 0 71 255 255 255 65 188 255
    255 214 162 0 47 31 215 35 201 126 0 192 0 246 181 240 127 198 173
    255 168 255 255 30 155 99 44 255 255 255 194 189 0 0 0 0 14 0 145 18
    255 248 255 201 255 255 247 46 183 255 255 62 229 0 14 132 92 0 0 82
    0 211 188 255 199 195 37 66 233 87 255 118 180 255 197 223 255 255 0
    61 35 0 46 0 255 149 0 155 0 60 0 97 33 41 89 117 154 185 0 38 0 146
    0 171 36 19 166 224 0 99 0 111 118 0 148 137 255 255 255 142 255 2
    176 226 185 241 176 119 86 103 191 0 116 115 145 0 177 255 255 98
    207 196 255 241 255 0 0 102 177 224 0 45 255 40 255 35 0 253 0 204
    248 0 191 255 68 255 164 173 0 255 34 223 0 195 242 116 227 249 255
    198 235 0 236 255 255 0 3 121 124 254 255 237 21 114 73 93 255 241
    234 235 11 255 204 7 255 255 163 206 25 103 255 151 0 1 255 13 255
    255 0 125 250 255 13 177 4 255 0 58 216 255 95 255 163 255 163 152
    130 255 252 0 81 98 221 0 183 8 215 255 15 229 32 239 255 0 0 0 56
    185 0 193 0 255 116 255 252 255 0 198 52 0 0 0 154 255 214 97 53 0
    180 127 0 116 169 174 186 0 238 23 48 255 94 166 89 170 0 92 255 255
    0 0 100 255 61 130 68 143 0 39 255 166 222 119 57 0 255 51 54 234 24
    0 132 152 66 255 255 243 57 94 0 235 255 246 59 214 58 0 255 41 219
    255 65 238 21 255 255 75 53 249 67 255 141 245 92 0 151 192 158 255
    0 235 255 61 142 0 207 13 101 46 136 241 255 208 0 255 231 214 191
    125 195 0 77 255 0 55 221 42 0 190 0 177 0 255 255 110 147 255 0 38
    255 0 74 109 176 255 2 129 0 0 209 137 40 192 99 115 255 255 143 247
    0 0 243 0 45 219 38 155 92 197 255 0 40 108 0 67 0 33 41 254 255 2
    170 161 0 0 178 253 88 238 255 111 8 50 167 0 122 255 191 255 157
    156 51 76 255 0 71 173 169 204 112 149 168 135 37 117 13 0 182 0 0
    42 0 122 167 110 80 142 55 0 137 0 57 244 147 255 0 255 160 255 255
    0 255 255 255 86 183 12 91 75 102 0 255 87 255 3 25 226 164 206 211
    255 111 255 0 142 150 68 0 140 255 0 160 158 213 52 237 184 184 121
    255 157 255 255 26 255 61 39 250 233 155 255 23 255 2 255 193 0 0 36
    0 115 78 239 119 0 255 70 167 255 200 181 119 28 113 255 0 0 255 44
    51 125 0 255 255 0 178 255 26 255 197 255 255 14 0 0 216 255 172 181
    255 36 255 109 216 64 20 239 255 23 208 173 230 39 132 151 166 102
    255 53 23 56 255 142 68 0 235 0 148 0 242 151 141 78 38 1 255 27 0
    255 255 143 239 248 2 245 0 0 0 29 255 99 186 203 133 240 43 252 220
    255 201 234 0 241 113 111 129 255 255 86 61 17 213 0 227 10 42 240 0
    0 201 41 168 232 114 104 74 1 210 48 255 255 255 247 255 0 0 202 33
    122 0 119 74 0 0 172 255 54 88 0 34 0 139 231 255 222 255 255 43 122
    22 0 255 16 107 222 79 81 255 253 255 255 7 255 184 57 255 255 255
    255 0 52 255 3 18 183 32 0 0 199 255 255 43 240 125 9 255 113 0 186
    255 144 255 44 203 230 134 126 65 233 54 0 169 134 90 255 70 122 0 0
    153 194 255 23 164 191 255 0 131 86 233 0 20 21 113 0 0 255 7 247 0
    241 148 36 120 59 149 102 182 255 27 215 255 0 166 0 0 57 181 46 5 0
    31 39 255 47 246 255 33 36 89 41 84 126 207 0 0 119 135 189 255 210
    0 255 255 116 0 85 255 163 0 238 0 255 0 165 0 246 217 214 8 63 151
    255 227 219 193 0 0 23 176 255 0 61 19 62 255 210 0 0 131 53 211 133
    132 0 248 0 0 1 7 159 0 75 112 247 0 100 135 140 143 140 199 241 55
    255 255 233 44 0 185 0 0 30 207 187 255 210 240 169 113 202 0 195 57
    0 226 0 255 66 132 130 238 0 255 243 21 0 87 0 0 123 17 255 204 255
    155 255 255 160 255 33 219 255 0 0 12 0 108 28 0 153 53 0 163 0 154
    255 0 255 250 0 255 5 37 173 0 122 0 63 9 129 37 198 96 112 37 21 0
    255 0 224 0 180 255 0 243 0 78 106 29 233 230 73 133 144 183 200 255
    61 22 113 255 176 180 13 62 111 0 66 67 113 126 250 119 0 62 116 238
    255 255 0 241 242 107 255 31 0 64 0 24 0 156 163 28 32 255 217 255
    168 44 212 246 178 63 67 101 181 169 161 216 0 153 255 13 0 95 0 0
    18 16 209 58 137 105 255 57 255 246 255 199 0 205 255 0 216 222 255
    255 123 223 115 13 249 234 137 0 49 121 79 109 255 47 0 255 253 71
    200 111 255 252 255 0 180 173 39 48 16 0 0 0 0 0 241 120 160 0 255
    14 255 255 255 255 0 68 192 255 0 201 149 251 0 0 0 0 172 0 160 206
    43 170 255 255 255 9 146 176 185 0 103 255 198 74 122 148 141 28 0
    255 226 142 0 179 255 0 155 0 0 0 168 84 255 26 255 247 133 198 64
    255 255 0 0 64 68 44 180 0 30 240 57 94 100 54 0 196 146 151 255 166
    72 0 221 255 27 197 255 61 239 37 158 136 255 189 93 56 201 0 182 33
    24 255 255 0 101 255 255 241 196 255 255 86 0 255 72 48 65 112 255 0
    79 80 86 87 255 189 0 255 85 255 0 52 88 49 53 47 255 120 27 255 216
    225 148 0 187 103 25 237 0 217 37 255 255 83 49 255 0 0 44 99 0 0
    237 0 255 219 194 189 248 255 125 255 0 255 255 99 248 0 251 239 0
    44 72 255 0 137 170 161 61 237 0 0 255 0 192 3 140 195 255 85 87 40
    5 0 32 225 175 175 167 255 102 96 0 197 147 191 0 0 0 12 124 255 0
    139 32 255 255 133 0 50 163 156 0 176 255 255 225 113 255 255 132 0
    157 187 246 79 0 44 107 100 0 32 16 255 169 37 228 19 0 233 217 52
    145 0 0 166 0 87 255 56 0 0 234 255 101 0 255 0 226 255 26 255 126
    152 197 0 152 13 210 255 52 61 104 135 0 89 255 64 157 255 156 153
    208 255 115 34 102 160 0 52 0 0 0 0 0 255 141 255 0 152 30 255 33
    117 255 238 255 255 255 103 25 245 134 0 255 235 10 144 206 79 192
    255 255 255 255 255 0 255 210 0 103 255 250 0 0 126 123 82 200 240
    255 162 22 0 98 255 243 56 0 26 87 0 212 194 228 96 95 0 255 0 51
    196 0 233 25 18 153 0 232 149 0 109 0 255 146 34 255 254 99 116 176
    17 60 255 61 0 49 255 243 67 30 80 255 154 255 201 0 255 6 137 25
    255 255 89 81 49 96 52 219 0 0 255 214 229 134 255 135 11 77 202 255
    196 206 255 255 255 51 154 243 242 56 255 255 107 255 63 1 0 0 35
    102 255 110 25 255 54 107 255 148 135 0 182 159 0 233 0 137 0 62 255
    1 240 0 87 0 0 112 0 0 79 255 255 255 0 255 149 244 150 255 132 13 0
    247 0 119 255 255 172 49 104 255 130 0 255 0 255 138 255 0 0 73 184
    160 105 169 160 55 255 149 255 255 163 77 97 0 187 255 173 208 179 0
    0 0 255 0 107 0 128 163 160 0 109 154 0 0 250 255 255 174 165 0 94
    177 255 255 255 0 255 246 179 67 216 21 0 255 171 255 67 192 0 2 66
    0 255 38 0 0 91 0 30 89 51 39 255 46 233 0 255 128 176 194 0 89 204
    57 0 43 255 255 0 29 0 174 114 182 195 140 109 37 165 8 255 2 9 55
    158 158 255 166 116 255 192 160 197 0 92 94 0 0 0 197 255 20 211 255
    8 160 52 192 0 40 163 232 157 123 128 243 0 199 255 46 0 0 255 0 5
    156 208 0 212 0 96 0 128 186 214 146 132 108 86 95 115 208 32 0 255
    255 113 139 0 118 141 255 87 40 255 255 255 0 114 196 124 255 246 89
    19 7 0 0 29 255 0 236 24 236 125 0 255 0 3 255 224 38 236 0 163 5
    160 0 255 255 144 9 255 55 208 255 255 215 112 235 93 0 43 18 61 255
    0 0 220 255 0 196 219 255 50 165 0 129 190 119 94 255 255 89 255 249
    100 7 84 115 255 134 195 246 255 29 0 56 255 123 0 118 255 255 83 49
    255 227 135 255 255 23 0 0 156 255 101 92 31 4 0 255 115 0 255 0 0
    255 98 234 138 0 154 13 123 87 0 182 255 144 255 166 173 255 255 122
    117 213 136 255 0 0 255 0 26 203 194 255 0 102 3 240 239 106 255 78
    160 118 167 125 0 151 43 4 1 173 209 28 0 86 68 0 0 255 112 0 165
    154 244 189 32 255 255 66 255 5 87 0 25 255 255 255 47 0 14 255 0 0
    255 200 0 225 241 184 224 255 255 23 216 143 238 255 223 22 0 11 0
    255 77 203 244 49 202 187 0 31 255 255 255 154 134 255 0 54 255 59 0
    171 76 0 188 255 0 0 237 133 99 114 242 255 174 49 211 124 255 124
    15 16 255 215 208 74 127 0 122 0 138 0 25 0 34 202 0 0 133 255 90 17
    176 0 99 134 217 123 222 0 8 194 66 80 237 79 255 255 61 190 127 0 8
    25 112 8 101 144 255 20 232 118 255 119 175 187 0 255 178 190 0 0
    213 0 174 31 0 87 0 0 146 255 255 255 255 45 241 203 0 159 73 255 16
    97 255 0 255 6 67 114 88 245 6 62 97 226 0 34 246 7 255 170 70 177
    12 237 0 0 203 128 98 169 105 255 201 219 59 78 0 0 18 206 0 255 255
    133 120 122 0 135 255 131 255 139 0 183 50 90 238 255 255 4 86 50 69
    14 52 95 28 255 0 247 70 189 0 0 221 73 67 255 0 94 246 198 168 145
    9 6 0 0 189 43 0 97 255 183 77 255 7 2 255 26 27 195 0 255 255 124
    106 30 255 7 64 84 255 80 255 252 0 58 62 0 134 0 255 0 0 0 131 105
    0 0 0 255 0 223 216 49 0 222 3 0 33 146 177 225 52 0 89 210 0 240 0
    94 14 82 239 26 220 94 194 11 73 255 186 109 112 0 144 0 133 255 255
    255 138 255 255 129 0 205 36 250 0 0 252 0 255 48 67 208 16 14 31
    255 35 210 255 255 48 0 0 1 255 255 242 204 161 255 255 118 255 0
    158 108 0 64 124 231 203 255 178 166 103 20 0 233 255 42 20 178 0 99
    255 27 255 59 255 163 25 215 82 193 49 4 164 160 9 0 14 0 0 144 255
    22 189 77 0 214 10 234 151 218 255 36 199 188 255 0 0 0 190 0 0 172
    82 0 164 47 26 255 156 255 33 55 4 0 17 26 103 0 0 247 47 255 81 255
    198 0 255 219 134 163 158 195 149 53 53 183 122 188 0 255 181 255
    255 0 96 154 112 88 135 0 142 255 35 255 30 194 255 66 255 0 24 0
    255 42 255 255 180 67 252 61 177 0 6 255 0 147 255 155 255 0 255 0
    137 255 247 7 145 0 92 0 229 0 0 255 255 255 114 255 230 240 21 0 62
    47 212 174 255 0 2 41 215 109 27 109 156 118 7 247 255 255 81 193
    230 0 69 255 48 181 224 157 148 187 255 119 0 0 151 227 248 245 52 0
    121 157 255 184 29 255 255 76 255 145 3 255 184 186 255 5 255 33 180
    92 195 0 87 0 202 0 0 255 0 255 255 252 169 168 255 230 169 255 0 0
    22 81 136 255 11 0 0 0 148 0 0 203 113 89 26 231 33 255 128 189 237
    0 169 255 202 13 235 77 255 255 77 0 95 0 255 0 185 255 179 0 57 0 0
    100 18 144 160 79 25 0 190 255 126 24 255 0 0 255 0 244 216 255 255
    100 73 255 163 193 255 0 60 22 0 214 255 62 246 157 0 239 136 0 0
    196 122 9 0 255 102 0 201 255 197 0 37 36 255 99 119 156 255 255 202
    255 255 143 240 0 141 112 69 255 254 126 0 16 118 163 0 0 255 0 49
    30 171 70 128 0 84 180 201 0 93 238 227 255 227 241 175 255 0 0 255
    100 179 175 198 0 75 255 220 255 255 61 0 255 173 124 197 255 48 52
    0 0 63 136 0 14 248 255 184 115 113 118 32 0 156 152 20 0 104 228
    128 4 0 147 227 93 0 255 255 255 75 229 106 255 158 86 52 255 255
    254 0 255 205 255 9 0 167 103 195 190 0 255 93 56 145 111 255 111 62
    19 0 120 121 156 0 180 143 182 167 97 255 236 12 180 183 195 0 0 0
    157 255 44 255 40 126 220 142 137 255 67 0 255 11 102 248 167 148
    255 12 3 217 27 102 56 249 228 255 255 116 255 123 194 69 0 229 18 0
    46 0 0 158 255 127 165 255 16 0 6 21 255 0 0 155 241 130 8 75 148
    183 142 109 27 0 0 0 114 0 0 0 236 51 38 0 244 255 146 240 255 33
    255 222 0 255 74 255 178 0 106 37 0 150 176 111 255 0 232 0 222 255
    118 158 81 57 31 204 255 34 90 255 230 0 0 102 178 185 255 0 114 0 0
    50 194 14 199 188 8 255 189 21 255 3 217 255 156 113 76 104 29 255
    143 255 115 209 255 213 37 8 48 155 193 131 241 255 193 0 181 5 238
    145 133 49 0 251 94 126 0 255 107 196 117 234 142 41 0 0 236 209 8
    95 0 129 93 19 255 0 13 221 134 0 82 43 0 115 249 255 96 255 184 169
    221 0 40 255 252 40 0 246 173 0 204 76 255 163 255 243 99 134 247
    255 244 19 255 0 23 80 138 255 229 120 0 255 0 94 0 168 0 255 0 0
    255 203 81 23 255 0 233 250 163 255 17 91 80 0 137 9 0 233 88 56 18
    156 121 254 0 255 17 126 126 123 47 15 79 255 24 248 0 255 166 98
    226 116 233 195 135 24 255 0 199 0 74 29 126 129 217 195 255 90 76
    42 0 80 159 79 162 148 3 71 0 51 207 0 23 0 226 0 203 61 35 255 172
    67 0 180 85 58 100 171 211 17 255 45 35 126 95 58 121 62 255 133 0
    133 0 0 243 0 37 0 255 233 42 20 186 230 24 22 255 0 139 45 63 194 0
    211 180 156 255 0 51 0 4 93 191 0 219 48 0 255 167 0 23 0 153 207 37
    0 219 161 94 162 149 69 58 232 244 0 20 65 145 255 197 114 255 108
    14 248 0 231 0 146 63 187 0 0 156 8 114 227 126 84 75 0 202 3 236 4
    54 176 255 255 194 44 255 83 255 0 47 242 255 15 0 32 187 168 222
    117 0 255 77 0 255 255 0 74 0 120 59 0 176 147 255 255 0 145 255 6
    255 0 0 215 8 128 0 64 45 189 0 0 79 98 59 255 237 255 0 255 149 106
    0 222 0 98 172 6 195 0 58 123 117 0 0 49 250 46 104 255 255 0 100
    255 57 17 199 148 155 69 255 50 127 152 226 255 0 206 0 244 172 0
    189 27 225 255 144 157 107 0 131 255 0 223 254 255 207 118 76 45 141
    243 255 92 125 0 74 214 255 39 152 88 0 14 74 255 0 225 255 192 147
    75 209 89 255 253 0 195 0 0 0 255 0 111 147 255 201 84 227 70 153 12
    129 27 142 255 125 109 95 49 16 0 19 10 171 0 255 145 213 204 52 115
    255 0 140 255 107 35 255 5 0 33 136 127 169 241 127 44 255 0 68 167
    55 121 44 155 0 255 0 0 207 0 107 255 123 33 237 89 0 0 100 255 164
    81 195 176 255 201 34 77 126 212 165 0 0 26 153 255 255 18 47 9 123
    255 90 233 0 184 0 195 72 146 197 25 61 0 222 0 134 55 86 28 110 49
    203 178 255 187 145 102 68 189 111 101 0 255 94 186 223 106 223 0 68
    54 55 0 176 160 21 49 105 78 53 255 255 0 48 255 32 49 149 0 152 94
    234 0 223 64 154 183 0 0 66 5 0 255 132 135 77 94 0 255 97 230 0 0
    121 80 30 253 156 90 244 255 203 0 86 255 0 0 39 190 134 74 157 255
    52 192 0 72 0 0 255 21 255 223 0 255 220 0 252 40 0 138 98 0 0 255 0
    255 11 174 84 0 57 124 255 248 255 88 255 204 233 188 40 255 160 241
    255 69 0 255 39 99 0 14 249 196 2 154 255 221 213 136 91 255 203 0 3
    251 0 0 237 82 229 37 0 57 95 255 255 165 186 10 156 16 170 243 243
    0 5 255 236 255 85 217 167 130 195 84 223 0 0 217 39 150 0 35 175
    255 61 228 196 0 2 0 103 147 255 133 255 208 227 51 0 121 0 0 219
    255 130 255 0 247 251 0 0 18 180 0 255 255 156 13 11 57 15 187 4 255
    95 68 237 205 39 7 204 32 104 255 0 40 124 67 0 33 255 208 240 0 255
    255 57 255 154 207 0 0 0 0 104 180 62 191 127 243 255 170 145 49 255
    255 109 184 255 0 255 255 250 255 37 137 172 255 0 255 0 0 109 107
    39 215 0 0 0 255 0 118 255 19 255 178 20 28 0 60 0 0 186 255 105 0
    54 150 200 0 255 116 167 240 206 175 165 255 0 239 255 143 255 1 0
    98 13 124 0 188 134 238 255 255 38 101 188 205 92 95 255 228 184 0
    226 243 0 158 0 179 255 123 255 0 10 183 51 245 214 0 0 242 0 22 146
    0 0 255 132 80 233 37 121 0 0 119 9 6 142 255 0 0 25 255 124 0 255
    112 255 255 15 112 159 255 14 0 17 0 255 156 44 255 164 14 78 146 0
    255 163 0 176 181 139 187 112 230 22 34 182 0 64 135 241 0 255 151 0
    255 227 186 255 212 0 44 203 112 255 205 254 255 131 255 162 0 59
    174 255 0 255 179 71 194 0 255 72 0 61 255 255 232 96 0 92 251 28
    221 255 191 255 77 84 33 93 147 0 255 255 53 0 6 118 0 16 142 103
    179 255 245 0 255 73 182 255 152 177 174 0 137 131 99 0 0 15 18 54
    255 200 255 0 193 185 200 0 104 68 204 8 81 239 255 16 248 22 0 71 0
    0 0 0 47 255 206 125 0 255 255 10 249 14 255 86 83 96 122 0 169 33
    192 171 0 163 255 65 0 76 0 176 11 127 153 36 98 143 255 130 255 148
    255 65 255 255 12 255 122 133 90 0 6 255 249 255 0 235 255 0 73 185
    87 0 87 239 189 255 0 255 20 0 0 154 255 255 160 156 242 215 86 112
    32 0 0 92 212 235 255 255 250 157 98 78 0 146 81 38 39 179 0 101 255
    78 0 181 185 168 255 255 0 255 47 130 0 105 255 0 0 255 0 93 255 0
    255 255 255 159 78 85 158 253 255 193 255 255 0 255 0 0 0 0 227 147
    78 255 135 30 224 49 80 0 255 46 181 0 238 126 42 16 32 64 107 115
    91 0 246 0 163 207 252 221 154 210 0 22 112 0 255 167 149 0 255 0 15
    160 21 0 255 66 20 0 99 46 255 0 255 235 191 110 96 78 255 255 255
    254 255 193 116 0 148 0 53 140 25 255 178 182 212 56 0 0 255 0 210
    67 255 164 255 246 117 96 186 119 10 178 131 16 0 233 62 0 255 3 46
    68 142 255 255 190 158 125 255 20 157 75 183 176 0 0 0 32 7 116 237
    47 208 74 198 199 33 211 43 0 145 30 226 94 255 255 161 213 255 40
    106 255 166 44 255 215 158 33 142 124 218 209 255 123 85 35 255 142
    18 0 72 154 186 80 50 239 26 255 255 164 184 89 35 103 0 255 0 255
    52 27 253 13 45 0 40 99 92 207 89 199 0 36 190 0 0 77 255 211 196
    255 53 255 221 0 116 0 27 2 167 88 171 255 29 66 137 71 249 78 137
    62 216 0 255 220 0 175 10 73 0 173 97 191 255 74 201 113 45 218 255
    53 12 176 225 0 134 121 16 186 38 255 71 231 51 0 174 207 255 16 114
    145 108 98 157 255 30 16 196 141 255 204 0 34 88 194 0 240 142 251
    255 255 87 255 211 132 255 160 177 0 0 0 45 28 47 143 121 2 50 255
    93 172 250 0 0 172 87 0 255 208 175 199 88 233 0 93 255 255 169 125
    246 230 24 79 185 235 16 255 78 0 22 0 100 0 255 133 0 97 69 140 255
    161 229 185 235 255 52 245 16 0 11 60 0 255 0 0 0 188 203 197 249 0
    202 225 174 255 255 0 0 255 97 0 128 176 163 0 208 88 255 231 147
    255 137 255 5 255 139 115 120 61 122 255 255 33 255 202 48 255 166
    28 170 83 98 255 79 255 255 165 255 255 52 231 172 255 132 208 52 0
    255 217 0 85 255 0 242 255 130 176 44 242 123 0 37 56 85 162 255 192
    140 94 162 218 29 53 84 255 53 80 0 0 255 0 7 255 67 122 255 144 0
    34 109 190 197 255 80 255 31 255 5 165 117 184 255 172 0 0 255 10 31
    43 0 17 15 151 188 253 14 0 203 134 119 0 135 119 113 171 92 255 255
    0 0 208 255 119 37 62 229 97 0 209 211 0 116 234 217 199 99 255 0
    205 55 170 183 0 197 66 255 0 143 255 254 62 98 133 101 0 0 136 87
    215 191 255 194 189 203 0 42 62 0 0 255 0 50 255 255 2 163 50 0 255
    228 111 255 0 255 191 255 152 0 110 8 255 40 199 0 184 108 22 255
    151 50 0 255 87 210 142 55 218 255 58 0 255 135 0 207 0 76 148 255
    255 194 140 155 0 255 255 0 255 24 208 255 12 0 0 0 204 19 209 22
    125 24 206 182 0 61 145 255 28 0 0 111 89 92 117 7 198 21 7 255 175
    0 173 142 165 253 255 20 58 79 81 0 134 0 0 189 17 193 255 0 0 0 233
    0 255 190 46 255 215 0 26 246 177 66 0 0 104 186 180 255 202 18 28
    90 85 194 255 255 245 192 0 255 0 0 255 172 206 0 120 215 255 179
    255 255 214 255 86 0 74 6 255 127 230 255 194 255 17 41 120 129 45
    35 231 255 51 88 142 98 255 209 125 0 157 255 255 49 203 118 188 93
    70 59 255 49 204 244 75 103 0 151 0 68 150 255 225 124 186 249 11 0
    236 179 255 134 219 49 101 0 34 151 255 143 0 255 11 252 255 57 196
    100 245 58 214 255 252 240 0 244 216 142 255 216 255 204 82 0 255 37
    142 88 4 255 157 77 0 204 110 189 255 11 25 0 255 0 248 17 0 111 255
    0 165 103 0 69 255 48 55 239 239 0 165 187 236 0 0 255 0 155 72 16 7
    249 79 0 144 197 59 51 250 255 50 173 70 0 57 8 255 0 229 111 113 74
    255 176 152 0 239 255 173 195 0 0 17 114 255 5 153 255 125 0 0 14
    179 0 223 255 222 0 103 0 123 99 182 63 0 0 0 0 74 148 58 150 153
    255 255 101 255 224 0 169 196 170 51 110 255 74 58 181 7 0 92 88 130
    255 148 255 198 5 31 141 255 213 9 211 63 5 0 145 97 0 157 12 0 11 0
    0 142 67 23 199 29 0 0 0 255 0 105 131 18 79 255 0 137 104 118 205
    77 255 199 63 60 19 84 255 2 195 0 0 255 116 69 141 68 189 0 196 0
    43 88 218 0 9 133 2 179 0 158 44 228 255 164 0 186 27 221 131 146
    227 255 0 153 250 82 255 255 0 255 32 223 203 40 72 0 249 0 222 16
    127 0 229 255 6 149 0 255 255 200 10 79 234 207 34 157 0 255 255 134
    255 255 253 255 177 178 255 128 118 69 89 107 129 86 86 255 192 255
    255 168 0 0 119 0 0 70 110 70 12 168 255 255 106 255 139 62 182 136
    181 234 0 255 155 52 14 192 35 234 20 169 7 254 0 178 255 116 221
    255 255 167 255 222 255 184 170 0 81 255 0 255 0 255 0 69 245 255 79
    95 84 255 56 214 255 138 233 83 255 0 85 220 180 0 219 249 19 241 0
    241 0 179 0 138 255 138 179 255 5 0 67 15 74 190 219 119 16 234 167
    0 0 91 72 45 39 122 42 255 52 164 255 255 0 0 119 0 255 1 208 0 255
    2 67 43 83 117 185 94 93 199 255 255 255 0 255 255 229 255 188 0 255
    0 99 151 0 128 0 0 183 0 26 207 197 69 208 42 243 135 0 69 104 149
    169 238 255 165 255 0 178 219 143 250 209 97 11 253 255 233 0 40 17
    255 255 23 0 0 219 94 234 0 207 87 150 97 255 0 173 3 186 10 24 255
    120 133 255 153 247 196 0 255 0 121 237 127 118 0 79 30 255 0 171
    187 206 142 255 155 24 139 0 108 15 102 36 0 66 82 0 225 125 56 0
    206 0 230 0 133 251 61 0 207 192 255 41 0 87 134 255 159 255 115 136
    41 0 82 255 226 255 230 255 198 98 255 79 255 255 255 0 0 255 90 137
    0 255 131 0 0 255 28 255 44 255 128 255 175 129 224 192 255 0 0 255
    255 157 255 36 255 31 255 196 0 183 255 154 129 203 214 21 233 234
    109 214 232 21 91 8 178 0 50 40 0 138 63 178 0 76 243 13 43 236 255
    180 122 0 25 0 0 85 255 99 0 0 27 166 0 83 180 67 51 227 86 255 149
    192 74 221 202 95 217 132 137 144 255 0 249 53 255 237 0 255 81 53 0
    241 132 201 250 255 255 217 32 139 186 36 2 0 255 0 34 163 145 255
    56 9 228 150 18 177 99 95 234 0 158 255 116 7 216 231 0 69 192 0 103
    148 2 10 255 120 255 0 203 0 139 0 214 137 140 175 250 255 126 0 52
    255 145 68 51 0 255 0 0 218 255 141 255 20 255 68 192 205 72 136 58
    255 255 255 0 73 0 12 90 190 220 149 255 205 80 162 255 54 43 0 55
    255 139 110 187 149 67 255 188 39 119 58 23 167 255 77 111 0 216 244
    255 125 255 216 10 181 161 0 14 255 135 97 0 255 201 0 75 173 225
    255 163 0 154 0 255 195 197 108 255 240 255 0 32 68 66 255 234 127
    255 255 255 32 0 107 151 255 138 30 0 0 17 0 72 0 0 39 167 54 81 255
    0 255 0 209 183 0 126 170 0 0 169 0 0 0 255 255 201 32 156 170 34 7
    196 0 64 0 0 145 150 179 220 144 207 228 228 85 213 40 0 49 0 102
    218 0 255 164 0 185 157 255 87 95 107 189 0 232 45 255 125 26 255
    255 120 255 90 255 104 175 255 0 255 255 255 255 86 134 158 0 0 35
    98 201 92 178 19 0 146 255 156 93 128 254 255 237 175 98 73 0 0 27
    206 53 149 110 29 139 60 255 182 215 168 149 255 0 0 247 83 19 255
    255 255 120 52 164 0 216 21 0 48 15 0 208 229 0 110 104 255 0 172
    255 221 34 14 0 137 56 255 102 137 164 255 255 0 60 219 0 53 28 99 0
    255 0 255 0 7 252 43 148 255 0 0 255 224 233 142 0 0 255 191 0 23
    152 255 111 176 2 19 0 54 88 142 163 195 0 255 160 56 0 208 75 255
    35 255 120 242 99 255 234 92 56 212 170 255 181 151 56 255 255 0 0
    255 251 0 255 50 241 179 0 255 0 0 255 0 172 255 164 255 78 176 255
    255 0 0 226 0 0 118 0 206 248 157 0 138 255 0 196 21 255 129 136 4
    141 0 255 188 156 191 0 81 237 96 25 255 55 110 251 158 209 0 0 41
    36 79 69 168 146 198 162 125 113 0 44 199 245 181 233 162 54 160 11
    255 255 108 0 190 78 98 255 252 188 241 255 47 113 255 24 238 0 255
    0 255 146 173 200 215 206 84 51 226 52 232 244 0 118 105 255 236 251
    4 125 255 255 238 227 203 219 255 197 219 119 149 0 179 0 249 0 0
    255 190 0 202 44 235 255 160 108 171 18 255 102 214 175 252 80 204
    73 165 34 255 135 210 98 124 255 53 0 178 0 150 255 0 164 255 0 124
    189 0 225 24 126 230 255 214 60 176 255 0 28 236 0 0 107 0 255 25 44
    255 6 176 255 34 255 0 255 255 223 234 255 209 255 56 141 255 0 133
    0 255 0 247 219 255 215 255 182 255 168 94 0 0 255 31 101 17 247 72
    70 23 163 0 93 0 76 255 28 176 241 255 255 169 255 180 255 188 31 0
    211 113 254 218 0 172 8 255 62 0 87 81 0 112 104 28 0 0 0 164 255
    255 127 0 0 16 255 163 179 7 0 251 29 233 66 0 51 26 33 255 211 0
    119 106 255 0 0 227 236 243 43 255 0 255 168 255 0 75 172 104 255
    241 139 255 199 107 0 64 187 170 65 66 255 67 206 178 64 137 255 158
    232 17 93 26 52 255 224 134 214 255 99 225 98 91 0 52 0 0 93 115 150
    238 161 111 13 22 0 0 15 0 19 30 186 141 142 0 196 0 230 229 0 145
    11 178 0 128 0 57 140 35 68 236 95 229 0 0 66 41 0 242 19 165 115 15
    243 0 96 151 252 0 199 35 103 112 244 140 255 219 209 0 242 18 95
    179 0 21 239 255 84 206 190 255 0 85 245 66 240 170 210 227 221 255
    255 194 36 255 0 50 66 75 146 255 249 0 0 197 139 0 0 0 199 61 224
    255 245 166 253 183 0 62 49 0 0 0 0 15 205 255 135 19 113 255 107
    255 255 67 218 2 0 255 246 0 142 124 0 103 231 0 146 217 92 167 255
    238 140 255 154 255 0 73 0 68 220 255 104 11 99 255 115 79 248 172
    255 78 6 99 0 202 196 5 255 78 50 178 181 152 186 0 26 0 149 225 255
    182 128 96 0 56 215 219 203 194 28 19 45 224 138 255 0 142 167 0 31
    96 255 10 93 1 227 98 255 255 27 217 20 81 235 140 253 255 78 255
    161 29 0 102 192 18 255 0 15 71 195 255 72 139 255 243 147 143 255 0
    223 254 222 112 224 208 118 0 203 101 0 62 255 255 189 0 255 0 197
    164 109 133 0 255 255 255 30 83 183 3 181 137 114 5 0 255 0 255 40
    74 122 71 0 0 255 156 35 0 255 179 0 99 108 160 212 121 255 82 0 255
    255 225 0 149 169 130 0 182 0 110 65 124 178 255 0 172 98 78 0 255 0
    145 19 178 230 255 152 0 255 135 0 222 6 255 0 255 1 255 191 189 239
    107 255 255 0 171 0 50 229 68 42 163 0 76 199 166 157 167 138 0 0
    255 0 55 194 194 255 38 166 101 0 74 190 100 119 0 204 0 97 39 136
    86 255 109 182 27 82 165 29 255 108 26 255 62 219 255 0 255 43 255
    177 60 193 255 18 165 209 94 0 255 255 0 177 11 12 69 68 255 110 255
    124 219 54 243 255 203 161 199 255 172 102 7 0 146 0 201 215 255 165
    147 255 255 213 132 0 78 222 255 138 135 167 255 117 201 136 200 218
    230 250 255 153 86 76 137 130 0 162 206 0 237 88 0 0 66 255 255 63
    228 203 241 105 187 138 0 185 0 169 16 237 151 2 44 0 160 80 35 255
    137 205 117 240 101 0 255 240 0 34 115 155 0 100 255 0 22 150 255
    187 76 0 255 0 97 171 24 220 66 228 51 187 255 223 158 32 172 21 159
    0 255 255 255 233 9 251 92 211 255 93 255 74 0 146 142 218 255 153
    133 134 122 0 27 189 255 255 42 0 255 167 0 246 238 0 240 225 6 107
    75 112 0 56 83 128 93 5 99 188 255 142 255 218 252 37 0 255 235 31
    171 212 16 65 110 92 244 175 255 37 255 184 173 76 1 0 245 79 179
    165 26 255 0 255 0 0 151 174 0 125 255 149 253 50 179 102 255 110
    255 255 255 50 176 251 243 104 0 0 207 0 142 255 235 3 255 222 50 0
    113 237 87 84 255 65 58 66 34 0 255 12 97 98 35 131 108 255 195 0
    255 147 0 149 199 210 36 185 201 129 5 37 187 255 7 130 0 174 40 229
    232 79 255 135 16 0 145 137 0 255 172 0 2 204 112 33 235 255 62 0 49
    82 0 249 255 200 255 0 0 222 36 255 255 237 255 163 0 128 0 39 80 0
    0 255 255 145 19 153 0 255 76 237 120 175 0 141 130 22 0 255 62 0 0
    189 255 4 94 255 147 53 0 159 48 255 255 59 41 0 157 50 255 98 178 0
    140 51 40 242 155 203 93 230 93 0 45 220 248 222 253 255 112 75 255
    72 201 66 209 95 4 248 0 93 255 0 159 94 255 250 255 113 255 255 0
    255 1 64 242 227 138 255 246 121 156 22 33 0 0 255 142 158 193 22 61
    0 255 30 255 193 56 255 149 178 255 239 161 255 110 255 252 0 104
    182 193 193 72 136 186 182 163 67 13 79 210 204 132 192 255 215 239
    83 0 26 146 202 0 0 72 0 0 255 174 0 250 255 0 115 255 198 245 96 0
    255 255 252 255 160 54 213 87 255 230 121 255 36 61 255 255 0 219 77
    169 160 90 131 100 255 185 223 255 247 176 159 249 186 39 0 255 0 92
    0 233 80 255 54 112 199 255 161 163 103 255 0 247 147 255 25 67 255
    0 162 152 0 244 0 255 255 225 26 66 108 237 121 96 91 0 196 0 255 74
    241 0 0 212 0 255 58 0 210 250 138 97 31 255 205 255 111 46 239 89
    230 249 255 150 139 5 8 245 240 255 121 79 255 0 255 255 89 215 98
    255 61 98 204 52 239 102 255 4 0 255 207 133 242 77 255 33 0 74 233
    0 255 3 137 0 255 79 0 67 86 237 0 159 118 255 13 0 133 26 92 20 187
    133 39 0 0 3 116 249 0 0 142 175 0 255 103 247 255 124 0 151 255 44
    0 255 8 202 93 247 216 0 166 205 0 98 23 4 16 142 178 249 209 255
    245 8 255 255 2 189 255 105 255 255 169 113 82 255 0 255 255 20 255
    255 255 0 61 205 150 0 54 255 174 222 87 29 241 0 62 255 142 255 199
    58 213 73 204 255 210 3 0 0 82 0 255 0 131 21 255 255 255 0 255 69
    131 49 41 18 255 47 179 70 120 255 255 75 10 0 254 39 72 0 251 255
    255 143 218 231 94 255 9 255 26 51 83 102 96 71 0 49 228 6 247 145
    254 0 0 137 10 43 255 77 41 202 22 252 183 255 195 110 161 17 210 0
    173 9 229 154 150 131 220 0 255 209 187 0 172 255 182 202 33 133 100
    57 192 220 0 0 255 255 255 249 138 124 10 69 220 255 0 235 246 0 175
    255 130 37 0 83 227 30 0 71 134 255 117 0 255 199 255 122 230 19 0
    52 166 83 184 139 157 121 255 137 222 194 173 199 1 123 29 0 7 0 147
    250 211 2 255 188 168 175 0 255 2 0 255 255 41 30 244 80 226 0 228
    255 255 255 11 0 255 0 88 255 184 255 75 0 18 155 86 80 0 0 255 67
    36 18 153 92 255 255 252 81 167 0 255 154 81 255 75 0 180 0 103 159
    0 0 135 62 0 0 114 255 255 235 0 249 189 0 232 191 131 0 180 40 6 94
    255 94 54 2 209 0 128 134 249 0 255 0 0 255 255 255 0 78 43 4 255
    211 138 108 0 86 186 0 29 147 144 140 0 100 0 0 98 252 255 94 255
    255 118 227 255 255 182 46 135 190 0 255 255 187 48 255 255 199 0
    170 255 168 70 255 157 38 166 11 255 0 255 179 160 12 246 47 122 185
    0 125 200 14 173 255 255 0 255 152 137 255 238 0 108 64 129 0 233 82
    0 255 242 0 19 255 255 255 70 0 255 72 166 255 185 130 42 255 255
    255 63 167 0 51 126 0 100 137 0 12 193 255 218 255 196 243 101 255
    218 212 61 203 255 6 218 174 32 0 0 0 202 0 153 0 175 233 106 0 183
    255 181 167 246 168 41 151 39 99 136 240 122 222 189 255 42 12 0 24
    21 155 92 255 214 255 255 49 93 0 255 255 158 255 0 94 188 97 7 71
    68 120 237 0 217 241 191 0 255 218 0 159 255 0 111 255 209 115 0 0
    122 0 255 82 68 78 255 255 167 255 27 105 104 15 0 60 0 104 156 229
    0 103 0 171 202 248 75 128 180 3 255 15 194 198 255 0 86 175 0 122
    255 65 123 189 192 255 255 255 217 25 209 121 255 192 0 0 255 141
    255 255 16 0 25 255 0 102 42 0 0 255 241 27 0 48 201 123 148 255 148
    255 0 10 0 240 116 103 0 52 56 255 255 0 255 255 0 225 0 255 160 96
    255 244 153 0 255 154 0 80 255 147 121 111 86 0 255 19 125 255 188
    19 55 240 0 0 255 0 255 53 255 255 255 78 190 196 149 211 163 0 255
    23 255 153 224 255 141 153 255 0 0 0 0 28 33 0 255 255 154 147 255
    255 225 130 34 240 71 106 255 84 255 255 211 255 93 140 131 0 1 0 6
    166 237 0 230 15 0 0 255 121 97 0 77 235 0 208 0 231 255 255 80 255
    137 111 255 150 54 81 0 50 197 99 125 255 81 231 255 255 0 255 255 0
    101 139 181 183 200 245 94 16 145 43 226 242 0 194 201 47 96 0 205
    253 255 141 89 0 182 255 0 40 0 228 236 198 193 125 0 235 91 84 128
    56 164 0 182 0 55 124 255 41 0 15 124 212 0 0 44 241 199 0 0 166 226
    43 64 11 213 220 58 252 247 106 255 0 255 191 212 162 184 221 0 30
    95 3 64 107 54 151 255 24 0 122 0 30 255 134 47 85 82 128 95 0 255
    255 41 0 126 250 51 148 38 115 0 255 95 27 200 92 255 0 224 0 255
    255 41 136 177 41 103 0 0 0 137 255 238 245 65 169 255 255 0 63 82
    74 203 0 204 177 197 0 0 0 255 0 102 222 255 0 28 126 255 232 35 73
    32 193 80 152 159 206 255 54 71 118 98 0 161 47 35 0 0 193 68 92 192
    255 133 87 19 23 0 91 141 0 56 255 186 40 114 100 255 0 163 0 91 90
    0 16 104 191 27 255 255 255 99 255 192 0 0 238 46 255 234 117 24 0
    108 8 0 249 168 224 255 255 168 112 255 239 255 255 71 255 0 255 221
    0 59 240 139 162 0 255 5 255 94 138 60 233 204 245 78 250 252 255 0
    25 82 12 12 0 61 100 0 255 94 172 142 23 0 20 22 240 83 0 0 0 99 255
    64 100 206 145 0 0 167 0 255 152 172 247 254 255 34 0 184 0 117 255
    184 88 172 255 0 179 235 223 0 87 255 250 200 202 255 0 255 116 0
    194 0 141 255 42 188 235 185 183 214 0 30 255 34 0 0 0 242 116 66
    213 29 255 255 0 166 13 220 255 255 153 255 68 61 255 42 255 255 42
    250 30 227 255 203 177 42 146 34 241 30 0 255 21 54 178 11 0 255 135
    23 242 0 48 32 255 19 85 29 43 0 255 79 80 58 255 255 255 69 121 78
    14 0 250 220 159 235 255 85 232 27 208 255 75 255 225 249 137 25 0
    229 29 249 73 0 255 0 203 0 48 255 65 255 0 55 255 9 57 154 34 0 0
    137 172 183 255 23 0 0 0 0 107 0 0 136 64 72 218 255 117 35 8 255
    253 0 162 255 0 58 255 189 224 255 150 183 215 0 117 255 93 167 141
    127 174 227 77 255 174 0 51 162 229 0 66 108 121 0 241 0 130 255 123
    237 0 0 72 179 255 79 20 172 217 255 255 196 38 228 73 72 35 230 0 0
    255 245 202 178 0 110 0 0 255 0 255 79 255 146 96 255 171 0 248 39 0
    255 190 228 218 255 44 255 150 255 0 233 255 142 0 6 69 130 255 54 0
    0 0 211 174 255 255 255 0 206 255 62 98 123 0 0 158 255 0 0 0 139
    129 97 238 239 51 0 15 0 199 110 116 255 0 255 239 134 171 255 255
    255 4 16 38 48 255 192 80 181 33 255 0 87 44 234 0 0 0 255 81 0 0 49
    0 20 111 171 241 225 255 255 124 0 239 255 255 0 0 54 226 200 127 0
    0 151 13 243 88 240 182 255 180 0 124 138 255 29 255 215 132 190 0
    241 111 74 183 235 255 10 245 0 0 193 0 76 255 0 154 255 202 242 0
    137 53 138 79 255 213 0 255 222 0 25 152 0 0 0 232 98 0 255 205 197
    210 238 85 3 255 0 255 164 66 0 129 131 0 0 175 58 106 42 74 255 196
    255 0 255 255 0 250 76 17 255 71 241 255 0 74 206 0 95 255 175 224
    129 0 181 172 0 220 0 0 0 165 24 0 22 255 213 150 251 86 16 210 255
    255 105 255 173 42 116 255 18 45 255 255 0 199 101 105 61 30 233 85
    0 102 133 27 102 255 158 36 63 219 255 0 255 206 210 238 255 0 16 10
    255 109 0 15 0 255 85 255 20 255 99 218 200 81 39 0 0 47 255 0 157 0
    58 255 255 185 255 233 76 255 0 173 240 255 87 30 144 255 255 182
    180 100 0 86 118 151 103 133 168 151 255 142 255 46 186 68 3 0 114 0
    255 148 50 150 136 10 255 255 0 255 255 233 159 255 32 255 37 97 132
    0 15 28 0 0 90 64 185 255 210 255 0 68 112 132 93 255 0 255 194 180
    255 255 255 170 169 255 144 85 255 0 255 94 222 217 227 255 0 203
    123 255 0 53 255 0 255 105 0 219 139 0 37 0 255 0 0 187 202 25 50
    128 126 137 187 255 150 55 242 187 255 161 159 44 224 58 0 0 58 214
    255 221 189 101 161 0 137 255 255 103 134 161 186 94 175 156 248 88
    0 255 0 255 96 219 220 94 250 53 56 112 14 39 255 191 170 128 0 254
    12 221 7 66 0 0 255 212 0 255 200 255 197 15 255 0 46 29 255 255 43
    0 255 33 152 255 0 14 160 125 168 160 255 223 98 198 0 0 155 0 255
    102 255 43 5 221 99 125 224 255 69 0 130 146 6 23 229 0 0 157 215
    104 0 186 0 222 255 240 255 158 65 231 99 255 77 167 255 0 144 103 0
    137 24 59 0 0 202 255 119 0 0 175 255 106 81 117 255 255 66 0 0 0 0
    17 255 205 184 221 178 247 0 255 94 251 218 237 80 59 220 0 124 203
    174 0 146 0 194 0 235 255 0 255 91 189 85 139 255 26 90 255 6 152
    147 39 19 0 157 0 152 0 246 0 71 77 16 120 241 243 255 0 255 255 245
    255 98 76 184 0 125 0 254 52 1 255 186 97 255 240 186 255 135 255 0
    190 121 50 182 111 129 15 0 95 80 176 175 0 225 90 240 255 0 215 121
    0 248 83 30 107 161 246 13 245 52 255 0 0 205 255 175 110 0 255 255
    91 82 0 0 0 255 27 109 0 88 44 69 255 27 117 127 13 249 123 119 132
    255 58 0 255 7 6 255 170 191 249 255 41 255 255 115 176 67 0 255 255
    232 213 83 107 99 71 0 187 194 63 255 189 255 255 169 113 191 235
    223 0 0 147 9 149 255 52 84 128 0 133 31 103 75 101 255 0 255 255 18
    231 9 255 0 127 75 255 255 35 0 255 184 200 0 0 197 212 56 165 255
    202 255 186 233 77 26 231 255 8 66 103 29 38 90 248 204 0 119 67 0 0
    0 114 229 55 0 93 131 1 206 0 255 47 0 33 187 171 135 40 175 145 139
    255 115 0 255 112 158 0 0 60 1 19 235 0 255 146 148 190 255 189 255
    100 255 51 130 254 141 11 0 23 87 107 0 255 20 255 156 146 203 30 74
    255 0 137 255 57 0 0 214 0 0 255 0 255 255 39 128 68 0 9 197 13 14
    143 15 238 136 226 0 205 0 28 6 10 0 109 236 168 124 255 204 20 22
    108 130 255 40 173 83 46 8 0 187 201 200 13 177 113 44 55 255 255
    110 0 216 255 252 0 183 101 255 0 255 255 0 255 255 0 37 30 4 255
    255 0 99 103 255 51 172 197 154 125 220 106 0 133 193 13 218 188 0
    92 150 255 18 53 0 252 194 0 53 255 0 255 0 189 0 2 255 43 168 188
    255 0 255 255 201 90 56 113 217 151 0 220 221 60 0 73 255 184 21 101
    0 142 218 0 232 147 249 0 0 208 84 0 74 149 72 77 164 231 23 0 33
    186 160 0 20 211 255 167 29 255 219 94 207 0 239 90 9 159 4 0 0 214
    0 41 0 255 0 176 125 255 62 28 0 255 89 255 255 248 33 255 0 113 163
    0 175 63 201 71 71 219 234 59 0 141 83 203 213 0 129 157 178 108 0
    64 24 0 15 161 208 214 255 173 255 255 0 0 229 255 114 202 169 255 0
    255 0 222 229 48 141 178 37 243 0 221 11 54 0 0 130 122 27 65 133
    238 204 115 0 0 255 180 255 0 255 0 38 255 198 168 250 157 144 73 0
    239 201 255 143 0 183 255 0 0 113 0 255 134 207 255 151 1 26 182 0
    241 255 202 255 238 169 15 97 125 195 40 0 0 6 134 100 202 157 0 255
    4 207 255 31 255 255 0 88 244 46 68 12 255 123 179 52 174 0 0 153
    210 231 167 64 0 156 0 80 255 173 58 106 14 255 0 174 91 170 255 196
    12 64 86 229 187 3 73 129 255 255 0 77 0 137 78 253 132 0 57 134 255
    209 57 182 255 80 255 255 0 193 120 126 97 36 255 0 0 255 193 184
    255 178 219 255 73 185 255 9 113 0 185 62 22 14 175 0 255 53 205 97
    96 0 171 181 68 202 90 8 240 193 60 255 249 116 215 70 83 237 90 103
    0 101 255 37 0 76 199 211 255 0 255 255 197 189 74 39 255 255 0 252
    0 0 185 255 199 93 0 255 255 244 117 202 161 114 202 0 150 211 86 74
    0 0 16 51 255 14 0 16 0 189 147 192 239 1 160 125 48 51 0 207 0 46
    130 253 255 146 203 84 108 194 255 239 31 79 130 0 242 234 255 188
    185 105 174 129 136 150 37 34 164 22 0 227 0 0 89 160 255 16 0 252
    14 255 255 255 255 0 255 0 255 176 90 255 255 1 0 245 255 131 71 86
    244 116 0 187 0 246 243 0 255 161 255 75 98 217 0 255 0 204 223 160
    216 213 0 131 0 255 0 37 255 26 10 255 62 0 23 0 77 255 99 0 0 4 0
    53 0 240 0 0 56 255 228 187 255 239 12 255 0 88 23 61 72 255 0 255 0
    62 105 99 255 145 30 112 80 227 116 246 255 0 0 0 13 0 215 218 205
    255 255 206 255 23 0 255 0 0 0 172 210 0 72 255 255 60 129 0 209 7
    255 200 255 235 0 0 105 0 0 255 0 0 255 197 0 0 0 36 0 141 70 0 46
    37 190 101 201 180 0 177 246 240 158 255 255 36 182 255 255 41 255
    255 155 217 220 202 166 23 255 255 220 179 13 214 136 255 169 168 81
    255 212 255 255 174 12 220 98 195 0 158 255 124 111 143 255 242 0
    215 93 248 104 255 255 78 7 186 141 24 197 255 193 0 255 138 255 0
    19 227 91 238 255 187 172 164 38 72 255 255 50 73 255 0 14 255 0 188
    255 74 0 0 9 0 75 255 46 0 0 231 137 194 240 255 36 58 255 172 76
    255 174 5 137 63 110 147 172 0 244 46 255 0 163 104 64 255 40 87 139
    140 249 0 213 42 0 20 240 165 123 0 132 255 193 0 250 216 80 114 0
    147 86 5 0 211 66 93 194 187 170 0 231 203 0 255 147 0 255 43 200 31
    64 221 216 243 21 232 255 187 76 255 135 251 216 255 0 211 0 255 64
    145 230 0 185 207 96 255 255 103 214 0 82 75 0 253 44 182 255 100 46
    0 171 230 217 87 234 230 253 195 255 68 0 0 233 76 240 0 5 203 52
    166 0 0 216 228 168 255 0 103 210 255 137 157 0 185 232 140 111 255
    224 0 18 0 255 152 0 208 255 255 0 216 255 244 255 0 89 166 120 255
    255 31 177 252 222 80 255 25 113 93 52 177 239 203 253 138 255 255 0
    0 255 255 134 255 70 72 0 0 178 0 204 255 0 0 208 47 191 218 0 129
    35 156 127 0 87 81 0 179 0 255 0 236 255 203 255 255 87 0 230 0 10
    185 5 54 255 147 207 187 72 193 201 159 58 17 140 255 28 218 245 248
    232 255 255 0 229 156 104 123 255 124 147 93 255 163 0 91 68 16 0 26
    30 0 255 255 182 71 255 57 244 250 0 248 0 247 248 255 255 0 0 231
    255 0 183 88 115 2 74 255 196 255 23 77 84 230 72 42 0 255 79 187 44
    214 177 61 218 0 209 30 255 0 201 255 255 0 223 129 16 0 0 230 255
    186 236 230 66 246 208 34 7 0 0 238 72 0 71 255 216 116 104 201 255
    195 134 0 0 77 255 219 228 0 255 255 255 214 0 15 0 64 209 0 255 0
    255 110 0 215 0 80 136 1 172 255 54 255 0 92 112 85 0 168 19 0 138
    234 255 153 71 255 255 255 54 44 131 42 0 51 89 111 160 0 0 49 255
    159 196 255 255 201 134 47 0 172 255 176 0 0 177 66 0 184 255 58 255
    38 99 65 0 0 105 194 0 0 179 54 255 255 255 255 208 241 98 255 0 45
    255 237 162 54 112 196 0 0 15 157 220 223 176 3 0 0 255 0 0 113 30
    255 100 44 61 80 52 0 189 255 151 109 255 218 240 0 0 47 24 255 231
    204 215 89 204 14 75 127 63 0 250 239 244 147 144 0 255 141 47 255
    14 255 0 0 214 142 255 115 255 171 147 0 0 235 28 62 0 0 255 255 0
    58 205 172 28 152 130 98 224 0 0 127 255 173 7 253 197 191 24 255 86
    66 255 53 40 255 0 2 126 252 255 182 255 38 153 203 0 255 255 142 64
    5 203 145 0 255 101 255 8 0 255 0 255 187 0 152 163 111 0 204 28 159
    208 51 255 255 0 242 75 0 255 255 0 223 140 18 218 68 201 0 174 0
    255 160 103 64 193 97 86 170 139 141 133 255 182 169 185 45 96 255 0
    0 215 69 0 6 22 160 0 172 133 236 255 82 27 101 255 228 227 38 186
    255 96 17 0 255 227 160 255 77 204 250 19 255 255 243 104 8 209 13
    255 199 111 119 133 137 255 79 234 218 239 0 0 254 187 0 245 228 255
    0 11 0 229 162 0 12 240 42 165 60 248 0 0 255 20 207 17 255 35 129
    255 189 209 247 255 255 32 56 0 44 101 184 0 255 14 225 196 205 192
    139 16 77 255 150 82 136 168 123 255 172 254 114 255 0 45 192 22 70
    0 0 198 0 106 255 0 255 233 23 255 120 140 0 175 4 255 0 0 160 255
    255 211 228 255 255 0 131 54 214 70 255 0 104 40 0 134 250 74 174
    231 255 240 177 213 112 231 221 79 78 255 191 77 87 0 184 0 0 255 3
    11 226 255 77 255 222 0 255 20 55 0 203 255 255 255 65 91 0 0 72 208
    0 251 255 255 145 225 208 167 255 190 95 255 160 86 75 115 0 203 175
    105 0 119 41 128 113 100 19 62 0 0 155 0 185 126 166 211 0 255 255
    86 76 0 255 106 41 0 109 222 207 102 255 183 174 30 38 0 188 161 151
    171 255 120 255 88 116 236 11 172 0 255 253 255 0 145 255 0 0 0 61 0
    0 255 255 180 0 255 50 0 128 123 133 149 140 0 216 20 80 88 0 68 255
    0 255 184 228 255 161 201 29 38 187 0 255 216 138 0 0 255 255 0 132
    147 68 188 0 11 255 202 242 182 119 51 24 0 0 35 255 173 0 0 0 0 255
    135 0 214 232 237 131 59 151 152 117 22 0 255 0 194 0 255 174 255
    255 184 255 210 81 116 90 24 56 0 75 255 213 195 130 129 112 25 199
    154 150 150 0 203 125 0 128 26 0 0 165 127 255 255 154 255 242 112
    243 4 255 0 255 94 5 0 71 45 0 126 45 22 109 115 214 0 96 146 71 32
    203 159 190 0 198 16 212 30 145 23 227 6 10 255 50 30 21 255 222 246
    0 109 0 15 5 17 84 119 0 0 92 250 51 160 65 0 111 0 116 182 186 255
    14 255 0 245 254 36 64 79 255 0 171 3 237 0 51 255 67 71 209 111 155
    0 0 237 111 0 255 13 60 189 128 255 82 231 133 0 142 116 60 0 15 11
    29 255 255 252 0 47 0 3 255 54 0 255 34 72 28 231 0 182 0 0 96 225 2
    255 0 167 9 150 247 192 19 255 0 165 0 231 0 31 37 174 53 128 41 98
    255 0 197 255 33 252 163 185 135 56 66 255 0 152 77 205 69 89 101
    104 129 0 0 255 201 114 170 157 58 8 167 0 167 0 0 255 206 255 141
    255 255 231 83 133 255 132 255 234 92 191 17 41 121 221 159 41 218
    80 115 0 189 34 11 141 0 91 0 255 0 32 0 255 147 193 142 21 0 255 35
    9 31 44 255 14 0 0 60 230 132 0 0 25 255 56 255 122 0 255 255 243 60
    0 221 0 9 178 159 0 232 255 226 114 93 139 171 0 234 152 0 162 154 0
    254 255 250 255 15 255 99 0 255 21 0 238 119 255 39 6 255 0 0 0 98
    170 203 0 0 70 0 203 97 213 41 243 255 182 255 176 0 160 127 124 255
    90 0 19 126 194 242 255 85 255 146 68 255 208 255 0 255 50 64 100
    147 255 0 139 255 25 255 233 64 0 255 20 107 0 174 224 129 255 130
    140 255 0 119 251 202 0 225 83 179 160 227 123 0 0 107 255 169 255 0
    255 255 0 128 1 147 116 206 255 0 130 14 0 243 255 0 144 255 0 207
    153 0 0 0 166 195 201 159 81 0 0 23 0 71 37 41 199 130 24 0 255 43
    206 255 53 19 0 58 0 55 0 255 244 255 100 199 59 219 114 238 246 255
    255 255 0 77 0 234 40 0 255 213 5 223 255 255 191 236 190 174 7 0 66
    45 78 61 57 0 0 31 0 35 114 164 31 242 0 0 255 0 74 0 233 0 0 136
    171 83 140 255 34 158 0 255 129 0 126 0 255 0 255 255 164 255 255
    232 235 96 91 0 15 97 255 250 61 255 255 29 80 49 0 255 0 85 0 51
    169 0 31 240 94 255 155 85 255 71 5 204 104 255 241 8 255 255 244 87
    109 255 0 255 245 125 231 232 188 255 213 255 0 223 255 46 120 0 0
    20 0 183 1 177 255 102 60 47 78 64 209 81 108 98 0 72 127 11 20 79
    255 209 108 33 51 93 140 197 0 124 0 14 68 92 0 91 28 0 106 2 0 255
    0 15 156 23 47 69 0 185 0 173 131 239 255 245 193 255 0 201 225 255
    84 239 255 221 238 61 154 182 91 0 0 131 0 124 255 220 0 42 18 255
    255 0 95 255 233 10 255 209 71 66 153 255 255 255 111 0 255 64 194
    28 82 229 252 215 75 233 255 188 0 217 54 74 170 0 187 177 0 0 206
    255 198 59 94 61 0 0 139 0 170 173 5 110 118 124 0 23 224 175 23 6 0
    0 37 0 43 159 76 44 7 0 255 164 250 255 255 248 2 90 23 0 0 207 255
    41 0 0 28 0 244 153 0 255 70 193 76 174 27 255 162 104 9 162 160 129
    196 120 82 33 158 0 159 50 0 24 160 51 47 103 225 39 0 194 0 15 30 0
    255 255 255 235 140 201 96 0 20 53 171 52 157 106 0 216 0 255 79 19
    255 0 170 102 109 0 0 0 31 255 8 83 139 0 103 255 157 255 243 221 14
    0 179 210 62 79 45 138 0 171 255 191 193 206 46 59 255 127 129 6 255
    124 79 0 70 240 255 81 255 0 194 0 90 0 0 19 255 255 101 255 36 0
    255 0 255 255 255 44 0 54 60 0 174 199 100 141 102 229 255 66 0 75
    60 6 139 64 84 0 178 89 21 255 200 105 212 255 255 156 97 74 0 255
    147 109 205 133 255 142 89 178 113 201 253 0 218 154 65 24 150 232 0
    0 240 88 56 255 0 143 253 255 85 244 255 248 255 156 144 255 190 157
    85 2 255 195 249 89 157 188 0 208 0 219 0 0 255 255 177 0 246 255
    246 56 145 221 199 0 178 0 201 118 255 210 255 16 21 15 0 89 0 169
    15 0 255 13 252 255 255 93 47 34 255 3 255 255 255 242 0 163 17 84 0
    144 70 28 255 228 161 255 0 59 132 255 227 236 81 255 103 71 42 255
    252 255 0 57 255 255 154 177 255 99 189 69 191 248 57 47 227 0 255 0
    154 132 0 87 182 161 96 189 82 101 109 250 178 123 20 0 70 197 231
    134 255 255 7 0 234 255 0 14 0 146 102 0 45 189 47 126 198 0 64 17
    128 255 0 214 0 255 0 213 255 250 137 71 225 247 0 184 164 0 139 0 0
    185 20 0 15 255 251 255 255 0 103 0 115 125 0 204 27 0 255 92 240 34
    54 161 0 255 226 0 155 155 255 255 232 77 255 104 255 241 238 27 189
    112 24 184 255 47 255 79 21 32 251 68 185 173 184 40 99 187 255 106
    0 0 190 255 0 255 0 227 255 255 172 255 203 0 46 0 12 13 0 255 61 0
    255 255 167 255 204 34 255 51 255 195 198 242 205 44 160 192 212 0
    255 141 0 0 171 178 104 0 146 81 55 146 126 0 0 49 199 0 0 34 85 98
    97 237 0 161 212 226 255 61 255 228 147 0 63 255 0 255 177 0 185 0
    59 0 0 0 0 0 255 0 143 29 43 0 0 209 82 130 142 255 104 146 174 117
    0 147 21 255 71 222 179 229 228 236 64 119 255 246 255 190 206 67 0
    60 0 219 69 0 190 216 0 255 109 187 50 128 205 193 125 165 255 219
    205 69 169 40 255 226 249 255 223 0 111 255 68 255 65 125 71 120 82
    219 0 153 0 222 129 49 189 0 0 255 151 124 161 104 184 63 255 41 120
    255 0 0 112 1 255 137 196 0 110 225 133 255 255 195 0 255 169 174 36
    255 0 0 50 99 136 0 231 0 0 255 171 15 0 92 255 0 112 255 72 0 255
    203 0 214 255 227 7 255 174 127 102 213 0 217 126 231 0 89 46 239 0
    200 52 255 255 9 28 207 149 185 169 255 0 221 255 0 112 255 198 148
    24 122 34 251 255 255 216 66 187 78 37 34 255 173 101 0 0 240 255
    169 44 171 144 255 15 48 242 255 0 255 255 50 112 111 226 195 255 70
    255 255 255 61 157 213 255 45 170 131 115 72 178 180 0 163 0 0 0 150
    196 0 229 0 255 37 42 255 109 255 255 150 0 91 75 172 179 0 238 0
    237 48 0 255 118 62 255 0 124 46 34 255 0 0 142 97 10 40 145 74 255
    255 255 0 23 193 255 255 114 149 204 255 239 255 172 208 255 113 251
    244 241 182 255 255 247 255 248 254 0 100 102 255 0 0 171 255 204
    182 255 216 240 0 119 132 0 255 0 17 255 157 142 255 255 118 82 255
    156 63 124 206 88 152 182 0 206 255 128 0 130 188 255 44 175 157 255
    223 167 255 251 209 76 214 255 0 146 83 118 20 94 79 0 255 255 16 0
    224 53 212 106 147 194 93 0 123 0 0 255 0 55 170 255 255 79 43 171
    203 255 182 255 85 145 68 255 0 248 255 196 0 255 205 98 127 255 255
    186 24 255 0 238 0 106 0 86 156 255 129 201 246 255 247 0 80 138 1
    87 0 230 255 255 17 230 255 227 246 0 0 151 48 255 37 118 228 136
    255 186 75 255 151 78 14 57 91 84 168 255 74 255 74 255 129 255 13 0
    255 19 0 255 255 255 221 0 174 167 237 128 12 246 0 255 27 74 0 255
    49 255 255 105 138 0 0 249 255 118 227 176 9 142 0 146 123 228 239
    109 132 236 0 134 188 255 0 211 110 0 49 2 179 182 144 239 28 180
    168 159 255 123 15 191 0 128 107 255 255 255 0 240 153 148 0 158 0
    151 255 204 132 168 49 15 0 255 30 12 154 124 128 239 0 0 240 255 0
    32 255 255 162 251 0 0 0 74 197 216 101 164 255 65 25 0 0 255 181 21
    5 102 255 120 6 0 43 255 255 0 255 7 255 74 72 0 88 157 134 126 15
    243 112 255 255 185 152 0 111 24 168 184 214 236 137 255 108 0 255 6
    246 124 0 168 84 104 96 94 87 28 0 252 109 0 210 63 23 190 255 0 0
    126 237 114 0 241 24 3 244 220 0 22 75 90 0 0 73 191 0 255 255 0 248
    255 113 11 158 97 242 95 255 220 22 166 239 0 0 99 103 42 92 0 142
    14 162 125 255 255 145 255 41 111 242 179 255 71 0 111 129 179 215
    153 100 213 255 0 0 255 255 227 106 185 255 0 144 43 249 189 201 178
    0 255 94 0 255 216 44 73 155 107 82 8 255 0 99 0 0 206 0 255 178 207
    207 42 67 228 87 113 20 159 70 12 255 255 167 0 175 255 13 255 255
    235 255 255 68 192 229 221 27 47 166 255 255 217 226 44 117 247 255
    239 75 0 216 26 96 255 238 255 229 186 114 255 117 176 0 249 0 84
    188 217 109 174 147 72 56 0 22 0 117 79 249 227 38 255 62 191 255 48
    166 15 198 50 233 255 0 0 0 255 181 177 91 255 218 24 90 255 226 98
    102 0 108 150 139 217 170 0 0 63 80 169 76 106 107 104 24 0 255 255
    0 170 32 169 255 0 49 228 203 218 255 0 255 246 48 0 207 0 24 255
    255 0 105 201 43 251 0 167 127 246 135 76 255 255 227 255 152 255 0
    242 0 22 79 255 175 0 143 234 65 184 0 182 0 255 255 30 103 251 255
    0 194 239 0 159 255 255 35 0 22 0 12 255 109 47 0 87 150 174 0 0 0
    153 219 255 118 255 255 177 146 200 255 0 0 255 7 213 0 44 0 177 116
    255 255 46 0 0 81 21 161 0 109 152 35 166 151 112 42 240 234 0 255
    255 39 255 135 255 25 71 113 117 32 221 219 252 156 123 0 167 168
    224 73 0 6 82 255 239 9 163 255 54 191 255 222 0 255 45 92 42 0 126
    103 0 237 215 0 0 146 0 234 42 213 0 0 255 0 0 63 0 214 168 255 0 9
    125 255 4 235 72 255 255 255 168 123 10 51 64 9 255 0 255 255 5 255
    72 217 195 147 0 226 158 255 171 179 0 163 255 63 79 255 85 255 83
    231 136 0 85 193 2 0 255 128 68 10 255 232 22 5 255 253 255 38 0 175
    87 255 0 255 0 190 255 38 174 0 106 200 0 200 143 255 232 255 255
    133 0 255 0 0 136 146 81 0 133 239 97 170 255 0 238 163 53 236 255
    23 209 255 255 255 0 0 255 234 255 204 0 230 183 255 0 255 0 168 0
    133 217 55 37 0 255 139 7 0 253 64 255 188 0 255 0 255 73 26 144 0
    255 22 0 255 76 0 97 250 243 0 230 237 221 201 160 241 255 106 171
    255 21 165 0 63 255 254 243 211 36 120 255 8 175 108 0 255 0 17 144
    0 21 4 0 235 94 255 1 117 0 0 255 224 0 172 161 170 119 0 9 39 0 189
    114 0 1 242 10 221 96 255 122 151 154 112 49 223 152 0 0 219 165 0
    60 237 66 243 219 0 0 255 0 0 191 150 252 130 122 255 11 208 32 15
    255 139 255 49 0 255 0 196 255 231 0 0 66 65 21 98 243 255 252 0 41
    187 71 71 126 46 0 237 255 198 255 122 255 11 0 255 0 121 209 0 88
    159 214 252 1 177 255 161 162 102 106 255 53 255 110 192 97 178 190
    116 105 205 241 89 164 241 0 0 255 160 79 0 129 74 0 0 255 187 0 231
    0 123 0 94 255 0 78 51 102 43 255 41 59 225 25 68 82 255 0 0 4 255
    106 95 255 255 62 33 255 255 0 148 201 0 70 63 168 255 241 22 2 87 0
    255 162 113 228 150 255 232 109 238 0 255 213 240 76 255 0 102 27
    221 0 64 242 162 100 210 187 0 182 255 255 245 219 116 173 55 240 46
    255 255 245 163 255 0 95 46 0 79 0 83 240 145 0 102 230 0 60 219 38
    26 212 0 0 70 124 0 5 167 27 255 255 0 255 255 163 255 68 190 0 158
    109 13 255 18 208 37 255 202 255 91 0 81 31 0 231 10 88 57 255 0 0
    140 8 65 17 25 0 194 166 255 90 128 50 129 128 255 255 69 205 255
    237 171 0 164 0 255 255 83 0 211 239 94 53 0 255 0 211 0 83 64 255
    223 255 235 131 101 255 197 82 255 255 110 255 35 101 255 0 255 255
    255 107 0 144 48 29 255 30 254 255 0 18 238 3 86 61 255 254 186 117
    216 82 0 255 255 156 255 211 0 248 163 0 125 255 54 255 82 140 0 255
    80 0 157 21 0 0 19 59 109 84 255 192 141 104 181 171 133 0 255 0 226
    182 0 0 201 0 0 255 69 0 208 23 28 142 253 0 190 139 0 15 255 41 255
    145 0 255 14 118 26 20 229 228 152 255 178 235 255 29 255 170 21 76
    0 132 255 231 161 182 255 76 0 211 0 0 4 164 255 238 255 205 246 32
    244 206 74 31 236 74 0 0 112 206 150 241 0 91 143 94 225 76 0 255 80
    0 26 179 134 247 177 255 255 82 255 64 0 135 35 172 232 96 95 0 223
    58 255 255 201 255 92 254 0 0 250 84 127 0 189 55 0 85 57 114 108 0
    224 255 129 255 0 169 131 124 255 120 41 167 0 187 142 255 103 38
    255 83 36 255 255 41 255 160 53 189 0 148 122 83 255 255 0 255 61
    209 0 57 255 54 48 48 65 255 255 255 73 219 0 0 155 134 0 0 80 224
    144 74 46 55 0 176 151 9 39 3 151 193 0 244 29 138 0 228 221 70 255
    0 136 0 0 46 156 204 152 255 246 0 230 0 227 255 208 207 255 115 107
    80 105 255 49 255 25 0 229 255 239 255 0 90 255 84 50 34 194 255 255
    0 2 188 58 108 50 0 233 218 235 0 164 0 204 0 255 255 255 4 218 85
    88 42 96 243 101 12 79 28 140 8 0 220 0 162 40 105 255 0 198 0 113
    123 0 255 0 255 255 74 113 198 169 167 255 0 144 24 0 255 205 160 0
    6 232 142 143 255 206 60 0 0 0 182 168 0 255 0 86 179 242 122 0 107
    63 0 29 255 50 176 176 87 188 0 211 0 56 12 111 9 30 51 95 30 90 86
    44 255 47 0 255 151 124 154 124 68 45 0 255 68 166 142 57 0 0 97 14
    204 127 33 246 38 75 255 255 237 171 94 82 73 112 183 90 138 172 76
    60 0 254 173 0 202 255 230 0 249 61 0 163 145 0 85 255 0 0 255 255
    127 255 208 14 29 35 172 50 81 2 212 66 255 46 255 255 0 255 255 0 0
    19 205 134 73 3 0 214 0 57 0 255 0 0 63 197 187 0 121 132 0 178 0
    214 0 217 255 0 255 0 0 255 240 221 4 1 17 172 255 131 245 186 255 0
    167 104 149 199 87 0 98 238 28 0 18 0 0 193 136 0 0 255 104 1 149 73
    0 0 108 20 255 0 255 192 255 200 103 255 92 253 31 111 255 116 242 0
    33 0 98 225 183 255 0 244 212 255 0 54 0 89 111 0 0 129 0 131 255 0
    179 224 255 0 31 97 165 196 255 255 255 38 191 15 0 255 156 47 81
    148 101 255 255 255 0 6 171 0 22 75 102 3 48 255 110 88 0 0 0 100
    224 248 255 110 190 148 255 225 233 43 54 146 255 47 116 0 0 72 41
    72 117 0 88 236 255 123 105 224 12 179 113 148 201 203 230 78 0 152
    255 0 170 52 0 43 221 255 128 255 4 227 92 187 50 255 0 231 117 0
    255 176 255 255 23 0 246 255 0 255 202 233 42 173 0 255 255 255 0 0
    160 255 0 224 103 255 255 255 22 206 111 0 52 157 0 56 8 255 45 119
    217 89 27 255 0 155 30 255 151 255 246 121 208 255 165 11 0 196 158
    225 245 255 208 116 3 239 97 194 251 156 255 126 0 255 239 26 68 99
    147 255 191 95 0 244 47 255 255 242 77 0 164 245 255 66 94 141 0 178
    129 102 58 17 123 0 185 0 218 255 14 24 255 189 0 236 12 228 97 103
    0 255 83 255 0 255 25 78 107 47 125 193 91 176 17 162 197 177 39 137
    255 149 255 242 0 143 255 255 84 64 74 255 255 0 225 130 73 211 199
    255 0 255 62 255 89 255 151 114 36 187 255 255 121 228 49 0 108 0
    255 202 59 133 75 194 161 0 255 146 255 104 255 255 195 255 115 0
    239 170 101 0 97 246 0 0 192 255 83 14 255 36 0 255 3 255 212 0 112
    159 255 160 1 0 38 0 245 0 81 255 0 137 167 0 255 189 255 117 0 82
    229 0 79 122 0 196 153 26 131 255 39 255 0 0 0 4 0 166 34 203 135
    255 255 90 0 235 240 97 240 255 0 255 255 0 255 212 255 254 16 48
    210 52 145 255 247 5 255 158 125 248 54 0 255 0 223 27 31 255 113 0
    147 250 0 196 255 183 255 18 42 255 70 238 0 255 167 133 0 0 255 255
    204 148 247 0 0 255 0 228 115 0 255 18 0 234 255 25 33 255 255 220
    162 131 255 183 93 98 157 0 255 12 206 197 147 142 253 0 134 0 0 149
    0 149 31 196 203 255 255 4 27 23 107 0 49 14 111 255 88 226 60 11
    160 51 205 255 196 68 201 255 0 156 211 238 119 202 46 0 255 255 3
    255 255 79 255 50 255 86 161 70 255 255 16 35 196 255 255 66 0 0 0
    47 0 142 162 76 13 183 112 173 135 130 255 169 88 255 31 0 92 0 41
    147 0 255 46 65 59 140 158 255 135 212 0 242 208 127 111 78 9 85 136
    207 219 194 0 255 104 235 143 255 85 80 124 208 0 127 104 133 0 185
    18 91 0 245 212 23 255 37 149 255 115 244 0 206 112 0 23 58 72 175
    208 154 210 91 82 0 133 57 36 140 69 224 67 0 255 248 60 255 38 244
    255 0 68 242 241 77 15 0 55 254 0 7 66 255 146 42 0 255 162 89 0 138
    255 255 214 150 27 211 207 221 255 255 117 172 132 218 0 162 255 0
    71 233 169 255 255 248 255 161 137 134 89 209 14 255 255 43 212 40
    145 255 0 255 118 102 0 0 174 0 59 255 120 16 108 49 160 210 255 171
    196 0 170 103 0 255 21 18 255 0 222 0 255 255 200 255 227 0 255 0
    246 220 151 255 0 159 255 0 207 23 56 255 0 0 255 8 110 49 255 255
    173 131 71 12 255 0 34 255 255 106 153 201 54 187 11 189 255 190 0
    255 188 16 255 55 117 255 28 255 172 16 216 125 18 0 0 158 0 178 80
    0 178 182 255 126 255 10 49 172 255 14 33 130 255 0 0 0 181 231 0 44
    255 165 210 182 177 62 0 104 62 0 67 92 38 29 232 77 255 55 174 80 0
    255 228 0 147 255 217 195 0 64 210 239 12 10 0 69 18 0 1 0 139 196
    50 227 72 255 179 255 204 255 28 0 0 255 0 255 255 0 39 0 43 255 0
    255 77 255 0 255 120 101 255 35 103 176 0 26 88 174 0 0 255 71 27
    106 0 163 0 61 161 228 92 255 186 135 192 255 139 208 92 120 255 21
    255 255 0 26 168 34 255 55 53 0 41 29 25 74 255 255 0 0 0 132 0 26
    107 0 0 7 146 223 112 255 0 30 255 21 215 60 66 214 0 0 0 0 255 38 0
    220 0 123 0 247 128 255 0 0 252 79 139 161 157 85 22 213 0 102 88
    112 255 0 89 255 196 0 172 55 180 255 9 3 193 255 221 255 255 0 0
    183 25 42 95 0 101 62 75 196 106 43 190 0 221 0 0 255 0 107 201 255
    0 0 85 147 204 17 103 255 44 255 93 246 117 245 255 0 255 17 60 158
    219 75 0 129 164 73 187 255 255 196 106 255 90 131 0 107 210 68 0 0
    210 251 218 174 255 99 75 31 41 215 0 0 131 183 84 0 245 58 0 0 255
    1 191 212 22 180 44 111 0 178 255 18 0 255 255 197 255 52 121 0 198
    203 0 0 255 0 46 0 151 18 0 153 217 194 99 255 126 86 0 0 76 255 51
    0 64 97 172 199 103 36 0 0 135 28 195 100 222 255 184 239 103 255
    220 114 0 255 255 243 0 231 191 10 0 73 255 85 248 248 185 54 255
    102 255 223 126 0 110 180 233 224 196 255 185 84 49 207 22 192 18
    255 0 132 0 0 34 15 139 0 0 255 255 0 35 215 74 84 0 255 101 145 255
    192 119 255 205 56 34 231 147 255 98 53 106 0 255 108 252 6 46 72
    188 220 141 186 160 22 0 191 214 255 163 255 255 55 134 55 255 255
    233 207 255 255 0 46 76 111 240 23 0 78 166 0 68 199 91 0 144 2 104
    255 96 252 210 250 175 215 20 134 156 255 0 206 0 0 54 3 9 255 198 0
    15 68 192 200 0 255 165 49 42 121 119 20 0 92 68 0 255 250 0 45 49
    230 187 13 90 17 202 118 0 255 22 136 14 85 205 255 70 83 83 0 126 0
    91 24 58 43 255 0 255 0 207 255 0 255 255 255 0 6 0 98 39 109 111 0
    196 21 74 250 199 80 182 0 168 122 156 255 74 229 222 121 97 19 121
    10 209 170 255 138 0 0 0 152 0 166 255 219 186 63 198 43 175 90 1
    255 255 186 0 33 54 93 98 30 202 255 243 214 61 242 0 36 0 0 49 19
    155 0 0 164 0 0 242 255 244 255 255 255 92 190 192 239 255 3 157 50
    0 11 184 128 141 37 105 170 0 59 0 255 130 255 242 32 255 0 243 66
    255 238 90 255 0 205 123 0 0 156 53 167 255 0 242 32 255 164 0 0 203
    255 0 171 225 55 208 206 233 108 179 134 150 255 90 96 255 0 255 255
    0 255 148 113 216 0 255 0 81 220 77 255 255 0 16 0 231 217 46 255 0
    195 183 0 117 217 12 86 246 65 157 255 48 54 187 179 250 190 0 231 0
    207 42 255 1 5 246 0 0 0 195 176 160 255 0 0 64 134 241 0 104 138
    255 255 57 253 48 141 146 115 236 255 0 127 220 140 255 255 60 255
    161 32 130 30 0 241 28 12 56 79 213 49 237 33 255 0 150 255 68 173
    117 171 80 255 0 255 65 255 180 140 255 255 0 180 35 0 0 165 0 0 34
    20 0 89 0 0 203 31 75 0 177 116 17 0 0 42 255 83 255 60 168 140 31 0
    225 0 0 255 156 239 145 54 0 215 23 43 255 0 0 13 255 0 216 160 170
    0 4 52 76 0 18 213 0 230 32 0 37 24 240 96 129 215 0 152 157 126 249
    75 160 255 113 85 255 96 246 247 0 0 71 154 116 0 0 203 255 0 178
    199 185 0 167 22 0 0 255 255 255 186 134 255 46 135 255 18 167 54 2
    139 0 10 47 244 8 233 255 233 46 193 37 0 193 107 137 211 0 255 135
    31 228 0 0 159 0 255 255 11 132 57 81 237 190 255 223 236 255 102 0
    220 0 117 0 11 136 83 22 76 0 0 38 185 9 187 8 30 255 117 0 0 162
    183 0 158 255 180 120 248 255 0 0 208 12 255 34 212 0 82 106 61 42
    57 38 0 0 255 0 0 94 252 135 142 178 65 205 144 116 0 100 212 129
    204 253 255 135 255 255 255 3 89 255 133 0 0 131 0 87 0 0 0 185 39 0
    64 174 0 255 111 216 244 0 255 187 57 255 234 168 255 145 125 0 123
    0 116 121 253 255 0 255 0 120 36 255 56 49 255 200 191 202 255 55 74
    255 0 128 179 255 8 255 255 119 243 152 255 0 0 255 0 215 178 255
    255 104 0 13 0 127 221 185 1 201 28 88 87 179 136 255 78 199 0 155
    228 53 161 30 255 125 80 238 91 55 0 255 91 0 0 175 255 84 255 236
    206 0 176 255 0 83 177 84 0 4 235 117 72 0 157 255 255 0 2 175 255
    111 142 69 243 255 150 144 255 255 237 9 161 68 28 255 150 0 186 200
    82 164 222 255 148 131 90 172 255 101 255 123 35 255 86 9 0 105 90 0
    108 0 255 165 246 0 0 6 93 0 0 255 255 0 0 187 0 0 179 134 255 0 75
    115 170 85 0 105 224 187 80 221 20 133 85 68 255 0 246 157 47 0 0
    255 165 128 0 152 21 94 255 160 255 212 113 90 0 255 255 255 228 0
    183 255 136 61 0 186 255 255 0 107 255 179 54 223 255 94 0 56 255 90
    171 23 110 49 0 50 255 140 255 158 0 7 255 21 201 246 240 160 199 0
    63 0 221 214 255 149 0 125 4 28 238 0 85 246 0 142 0 0 178 142 113
    255 12 255 162 0 103 131 255 255 0 86 255 216 107 0 255 199 179 255
    132 121 223 3 255 5 51 255 214 150 211 98 74 165 0 206 0 108 157 10
    154 255 255 0 254 136 197 227 66 239 180 255 0 253 163 119 76 255 31
    33 142 255 0 255 219 0 0 0 30 170 99 255 198 255 69 165 255 91 207
    172 236 0 0 240 51 0 255 0 0 36 255 0 131 255 0 190 12 255 238 196 0
    255 255 10 205 150 130 139 231 47 181 255 55 255 0 66 255 255 0 100
    255 91 64 202 255 68 170 0 255 24 253 193 0 136 0 100 0 190 237 173
    37 197 0 120 0 75 181 15 0 232 188 193 103 0 255 0 0 0 49 203 0 55
    255 233 138 255 169 70 198 227 127 107 255 114 0 231 255 251 161 30
    68 255 158 0 175 56 255 20 214 24 255 165 162 0 193 164 255 228 122
    66 127 255 0 14 255 26 0 255 15 224 26 106 160 209 247 199 87 181 12
    62 0 122 130 58 255 0 0 19 0 114 26 5 0 129 142 255 60 255 116 45 0
    115 252 0 255 255 225 255 157 92 0 0 61 0 139 223 255 255 50 109 201
    255 255 255 207 73 214 23 107 228 255 31 18 233 0 195 117 207 115 80
    255 103 255 0 6 66 55 255 0 107 255 0 91 255 118 19 255 54 97 195
    255 44 4 206 191 0 255 0 131 5 255 8 255 48 255 150 255 255 93 175
    228 162 0 0 180 30 62 0 46 101 65 155 0 255 0 140 255 220 198 169 0
    17 212 255 0 105 202 40 9 165 137 18 232 5 66 0 0 255 237 152 255 33
    196 87 22 103 0 230 235 0 255 64 0 255 0 233 172 12 234 0 0 65 237
    227 181 251 171 246 245 102 18 255 138 255 170 255 255 0 132 251 235
    50 0 216 144 92 255 195 255 218 100 255 184 27 19 255 1 255 147 124
    144 54 0 91 255 225 68 18 189 218 255 227 255 249 232 241 123 0 0 0
    193 255 53 41 153 121 129 0 220 144 223 252 214 201 62 39 82 223 255
    255 255 147 31 166 54 0 246 217 133 0 249 255 0 0 255 127 150 160
    255 105 111 210 0 55 0 255 0 231 133 93 255 255 236 228 233 205 145
    70 12 112 58 197 255 0 153 105 100 226 38 0 0 135 0 10 136 82 67 78
    0 0 180 82 255 244 0 53 20 1 35 0 176 247 0 255 0 72 0 12 13 29 255
    0 64 224 235 0 41 101 183 185 0 113 62 255 255 56 23 157 0 0 174 30
    0 212 232 0 255 149 104 109 0 189 255 0 65 106 174 150 232 0 56 0
    242 255 0 0 191 125 234 166 0 255 0 255 141 102 77 17 255 255 239
    255 255 94 0 66 211 255 162 187 174 0 0 68 21 0 13 49 255 233 0 121
    0 118 0 94 255 14 255 69 0 255 54 79 181 138 185 221 11 164 159 225
    221 183 225 198 0 42 0 213 116 187 51 26 0 255 155 139 0 0 178 179
    25 255 204 131 255 229 255 249 33 93 255 255 171 0 163 0 255 255 231
    255 255 0 191 14 73 0 0 98 108 255 12 0 0 0 244 0 0 19 229 38 0 255
    7 231 164 0 252 66 44 194 56 0 187 0 26 132 139 255 25 0 255 160 151
    219 224 73 119 206 186 103 255 123 173 255 41 26 60 179 131 255 246
    255 255 255 0 255 255 58 116 255 255 70 0 129 219 175 0 255 255 13
    142 10 72 230 70 103 0 75 131 140 0 89 17 203 3 251 0 92 213 255 79
    0 159 171 82 255 193 255 62 135 41 7 0 57 0 13 0 224 255 187 255 255
    255 223 40 223 0 232 92 0 191 227 0 254 129 0 38 255 50 227 35 255 0
    0 0 219 24 175 251 210 0 255 0 0 245 0 0 128 255 18 133 255 255 255
    19 255 255 0 247 255 255 65 138 0 93 55 32 255 0 163 104 245 0 153
    68 135 0 61 199 160 67 158 255 186 219 178 182 250 255 64 31 254 66
    255 0 39 0 173 97 112 196 73 150 57 208 255 255 255 0 255 124 44 181
    108 255 22 139 221 87 227 224 208 194 0 122 0 177 43 255 18 101 166
    5 175 82 135 24 107 255 255 222 0 75 216 255 255 91 80 255 0 123 255
    255 255 0 92 255 169 2 255 255 134 255 64 253 55 0 255 46 95 0 123
    111 0 0 6 255 0 46 128 0 255 255 17 42 0 90 0 132 224 231 255 0 185
    58 47 255 227 255 0 255 253 99 0 0 240 51 117 47 255 255 173 255 175
    113 32 0 115 114 36 177 0 0 125 156 47 255 255 83 170 48 239 0 0 32
    110 119 161 24 90 143 233 19 44 225 40 185 255 114 14 0 75 33 255 84
    255 255 191 255 0 0 255 38 0 0 15 223 83 0 38 161 214 36 59 177 0 32
    255 211 127 255 178 205 255 140 113 168 255 220 138 121 255 20 0 255
    59 242 144 94 255 115 154 153 255 248 71 3 93 190 95 88 0 34 0 255
    208 167 255 234 32 200 80 0 255 20 134 255 200 255 193 118 161 4 0
    88 0 110 189 117 175 220 158 255 44 31 69 113 89 95 224 129 148 255
    42 0 0 0 211 0 0 7 0 0 255 110 53 138 67 0 6 235 255 89 196 0 0 199
    154 0 193 0 194 63 62 91 0 67 255 139 0 23 217 255 38 241 255 124
    251 227 66 255 119 186 35 0 181 86 255 255 20 22 102 236 0 109 16
    252 255 103 55 255 255 50 67 120 255 127 0 40 255 44 253 78 97 0 108
    255 252 27 10 255 24 0 255 136 255 255 0 255 255 255 33 255 255 79
    48 255 81 163 248 75 144 224 221 127 255 227 255 202 208 0 147 228
    84 184 40 55 0 61 24 143 0 253 255 164 210 255 4 0 0 255 255 186 255
    98 44 41 182 87 84 106 195 181 62 0 232 255 162 0 255 255 207 0 67
    204 0 21 0 194 42 255 76 34 255 161 210 114 243 38 255 173 63 74 255
    14 243 67 161 213 2 255 193 209 0 157 97 204 250 0 0 189 0 34 192
    254 223 255 168 50 37 0 255 150 0 255 255 23 0 0 255 255 249 255 241
    255 0 0 150 0 16 248 234 111 0 255 0 66 255 127 0 138 248 0 223 238
    59 28 255 138 1 255 0 229 62 0 255 212 222 255 237 255 216 152 153
    255 69 0 255 255 96 91 147 0 29 120 202 0 181 255 247 0 7 255 205
    108 188 255 255 188 167 145 201 201 255 79 91 0 55 181 101 255 0 75
    255 255 0 0 255 127 197 239 24 255 0 110 217 255 255 255 119 0 255
    255 211 255 165 16 0 23 0 18 0 43 205 139 126 76 0 113 202 142 255
    14 61 47 60 153 163 16 124 218 174 31 28 12 214 171 141 50 171 0 255
    255 255 255 17 148 0 84 5 160 159 0 0 19 255 208 6 159 255 232 210
    231 75 255 255 213 84 229 252 62 255 243 111 213 174 137 191 255 102
    88 255 165 96 138 255 255 0 255 138 231 215 0 31 28 255 163 255 0
    190 17 48 151 0 117 4 249 213 116 0 255 255 0 107 23 15 106 173 154
    209 0 0 221 255 33 153 255 0 255 0 175 62 255 131 255 105 54 16 203
    255 160 0 255 200 220 245 54 22 184 0 0 74 204 44 0 246 202 255 144
    0 0 89 167 27 0 127 47 49 255 74 16 255 225 88 48 255 13 255 0 41 31
    255 255 252 118 0 222 255 86 40 0 13 72 73 100 255 0 135 150 0 0 111
    73 255 82 42 78 255 29 167 227 0 0 210 118 87 114 254 66 94 242 35
    166 166 176 24 234 239 0 255 0 43 0 240 35 0 167 241 218 0 0 0 0 0
    95 0 255 0 151 83 255 255 0 8 0 0 0 0 255 32 25 37 26 0 0 167 93 122
    195 0 202 6 251 152 93 195 125 0 52 49 255 6 230 247 199 0 211 255 0
    4 41 90 255 255 110 255 161 81 133 255 255 15 175 255 216 107 255
    236 202 175 9 69 242 181 255 255 72 255 0 255 222 255 93 195 236 90
    0 196 24 191 61 255 255 255 100 49 255 82 80 255 255 0 0 0 0 124 8 0
    227 114 0 148 139 94 0 20 255 255 255 255 255 0 3 56 255 0 63 102
    232 0 0 227 255 33 103 2 255 0 0 0 255 147 164 0 0 255 0 190 0 249
    255 119 108 255 0 144 255 156 39 182 234 209 80 248 175 255 101 184
    7 229 182 179 10 113 55 130 5 252 185 141 229 0 0 198 0 255 216 233
    9 245 150 53 112 103 124 141 255 65 79 236 40 0 248 169 159 0 255 11
    255 255 255 255 255 0 204 0 136 255 21 216 0 244 133 145 0 12 162 20
    255 255 255 3 0 0 0 0 54 203 112 43 0 221 252 87 159 142 255 255 34
    152 61 0 40 99 53 51 255 3 0 5 255 0 217 200 46 62 0 255 255 0 85 79
    0 101 37 169 0 0 172 209 255 1 0 15 246 255 244 123 172 0 82 19 0
    255 255 46 255 255 189 64 40 90 170 45 85 0 35 146 251 6 255 55 172
    0 0 52 136 255 251 158 146 132 158 0 40 113 76 110 59 0 255 139 83
    255 88 255 120 255 186 44 128 255 0 44 160 134 188 0 225 0 138 175
    199 0 255 194 106 217 176 255 226 165 193 0 184 115 255 255 219 12
    141 255 131 0 88 197 126 75 255 251 37 235 15 255 0 175 235 45 42
    224 215 0 180 255 253 1 24 98 255 255 255 255 57 233 188 61 129 0
    239 41 86 255 255 175 115 67 45 106 113 108 74 34 0 223 0 242 64 255
    255 64 0 238 255 150 131 8 255 0 253 255 188 22 146 255 200 255 0 67
    255 0 255 34 38 111 0 0 42 0 189 133 190 35 71 24 0 100 255 255 2
    236 155 255 0 9 108 255 255 252 255 255 177 3 233 226 12 243 41 171
    192 136 185 12 251 160 255 255 0 123 60 113 1 146 255 38 243 106 107
    161 187 0 98 0 106 111 167 10 0 206 188 159 255 255 255 212 23 195
    27 255 85 0 0 17 0 16 255 0 118 0 0 0 255 45 54 255 0 23 150 255 84
    92 151 204 9 0 255 54 129 255 0 214 15 127 0 196 255 178 176 0 243
    255 255 255 206 126 0 93 0 255 194 0 4 87 56 255 15 15 157 0 212 0
    188 36 255 196 93 0 0 255 255 127 20 164 0 141 169 130 139 252 255
    169 0 0 0 123 187 91 70 134 212 255 109 111 17 18 0 0 255 0 8 255
    147 255 71 0 252 224 143 208 205 63 255 135 235 255 255 123 44 64 46
    8 61 15 255 71 6 103 121 255 29 180 165 255 154 255 255 224 227 0
    255 48 234 171 52 48 225 0 178 250 190 39 45 0 39 254 62 3 137 236 0
    178 140 228 255 0 204 154 134 0 0 239 0 175 206 0 228 0 94 123 13
    221 222 38 223 0 237 178 159 103 255 255 103 255 245 255 0 0 148 0
    77 181 94 216 17 149 221 217 68 164 230 188 134 255 0 209 243 73 217
    238 111 6 255 0 246 255 81 255 184 89 10 0 190 0 255 109 213 255 207
    255 0 255 1 100 255 225 99 250 255 227 24 236 110 238 95 0 0 0 243
    69 219 102 255 0 190 186 255 0 0 0 0 150 150 9 48 134 255 0 252 152
    255 0 255 255 0 241 0 69 0 118 43 50 126 84 189 80 45 121 172 255 11
    3 88 24 255 85 151 255 255 255 255 26 21 80 78 116 242 152 250 164
    80 182 34 51 255 204 188 218 149 86 139 5 64 0 218 147 0 24 205 0
    251 255 0 255 138 103 148 0 143 211 207 138 141 175 232 121 154 18 5
    255 203 38 83 212 226 54 241 4 91 22 90 152 158 255 255 11 255 255
    95 191 118 0 107 0 24 205 139 65 255 42 0 29 255 74 43 179 90 106 56
    96 171 234 22 29 140 255 12 22 201 7 239 193 46 193 0 123 255 0 255
    255 55 255 255 136 120 192 48 117 14 66 255 255 241 0 249 177 255 0
    148 250 253 25 0 169 203 161 85 146 209 189 169 0 225 50 186 247 97
    1 237 141 232 0 44 0 33 161 124 255 0 71 218 0 211 213 0 218 0 118
    240 12 0 99 140 255 186 212 226 76 102 213 255 28 164 0 50 44 6 223
    207 0 31 146 187 0 255 119 173 0 23 8 234 84 0 175 102 155 0 137 130
    227 0 25 0 255 120 0 141 118 91 176 172 236 0 5 239 0 96 0 255 0 29
    255 0 11 75 0 147 0 0 63 0 208 0 79 255 0 63 0 250 178 253 48 2 160
    0 0 213 172 143 255 255 56 31 0 0 182 155 155 62 255 29 70 164 113 3
    253 178 5 194 9 135 69 47 146 30 255 99 218 255 109 212 0 0 255 247
    0 81 237 155 0 28 255 0 130 149 73 53 10 245 157 128 228 255 194 41
    255 181 255 0 160 17 0 100 152 165 255 249 62 63 151 237 0 0 82 255
    60 98 0 255 201 0 255 45 35 72 217 255 255 42 255 0 176 28 255 97
    173 64 146 222 162 191 124 237 220 0 0 0 141 255 255 105 0 146 235
    150 81 133 151 228 215 6 0 19 115 247 0 0 255 95 255 46 230 255 0 0
    196 215 117 141 104 0 255 142 81 0 0 0 0 3 0 90 22 255 34 133 255
    190 255 203 0 89 210 234 0 48 255 255 103 240 255 35 7 255 146 198
    212 108 160 0 198 198 168 255 255 155 0 0 255 255 176 61 255 202 0
    255 155 0 143 255 0 0 0 255 168 229 24 0 2 126 219 235 0 232 0 255 0
    113 169 169 143 255 0 255 255 24 255 111 68 105 255 27 0 197 255 238
    45 0 16 237 95 227 147 243 255 90 255 6 118 146 255 126 213 0 255
    255 0 112 204 0 114 155 182 0 0 0 102 200 0 176 255 214 0 211 44 118
    150 226 0 190 217 255 0 0 134 211 64 219 37 0 255 123 177 121 0 102
    0 255 255 0 73 255 249 106 255 0 201 116 52 46 22 137 16 255 227 0
    224 61 67 255 74 115 0 0 0 15 0 0 0 255 143 13 163 0 174 110 255 255
    132 128 192 75 164 114 244 208 211 69 181 221 149 255 48 112 0 224
    255 235 228 36 255 0 135 255 0 208 7 58 69 255 34 240 196 255 0 152
    0 255 107 69 107 0 0 0 198 61 255 0 160 127 71 23 138 147 255 101
    106 0 112 255 0 243 0 174 159 255 245 133 39 49 83 253 220 132 97
    142 0 219 255 0 123 255 176 72 128 255 157 107 115 153 0 255 0 17 0
    131 148 255 248 0 59 75 255 119 6 103 224 188 52 255 76 132 0 0 33 0
    0 255 0 249 54 179 51 255 255 69 252 76 47 40 243 231 0 255 212 77
    106 56 255 78 253 0 162 204 132 93 255 127 6 0 255 75 0 198 0 40 105
    57 113 69 174 0 191 230 82 112 165 88 0 255 193 215 0 31 172 0 255 8
    255 255 82 185 255 255 5 236 205 102 121 85 187 0 24 0 119 255 190
    85 255 61 181 24 42 127 192 26 103 23 0 187 165 4 0 169 200 174 81
    255 255 0 248 255 97 0 170 255 177 0 154 146 64 160 132 0 162 246
    167 230 255 251 94 248 171 164 0 142 0 201 106 111 169 0 255 129 153
    219 228 255 255 153 0 186 221 0 0 234 0 118 111 0 142 0 124 48 216
    229 195 150 16 178 117 153 255 0 170 0 0 230 0 250 166 255 159 0 107
    255 215 31 255 0 92 242 0 104 255 0 67 181 255 199 133 187 204 34 0
    166 153 178 46 255 28 38 84 223 202 81 87 26 0 26 126 199 255 92 0
    159 83 153 0 109 0 12 230 245 255 1 255 255 0 130 142 0 0 209 48 52
    127 0 121 0 0 129 255 102 178 253 242 44 105 255 255 67 92 162 206
    127 143 255 230 255 0 0 0 135 67 0 148 234 0 160 165 21 246 255 53
    148 0 255 50 0 0 92 4 0 0 240 71 162 53 28 30 155 0 255 217 202 145
    255 31 0 255 255 115 255 212 8 184 84 176 227 0 255 227 149 247 0 20
    255 153 103 192 76 110 187 0 85 51 0 228 255 189 0 130 188 255 255
    174 41 81 115 208 0 255 0 0 255 0 255 38 35 115 133 0 188 75 224 218
    234 157 17 0 255 255 255 255 202 252 178 30 215 0 100 0 71 181 14
    145 41 4 0 102 224 0 147 118 19 25 192 0 255 58 255 255 39 255 24 0
    255 0 128 194 0 100 252 0 109 25 109 53 211 21 186 255 176 96 0 79
    255 0 86 220 0 255 160 255 214 0 255 65 52 110 0 82 35 0 248 206 255
    7 39 89 20 0 228 0 0 185 0 255 74 255 116 0 141 32 0 206 229 71 148
    255 72 71 251 48 102 194 0 63 54 36 209 80 0 254 2 87 115 42 255 255
    255 37 234 52 162 176 255 177 148 122 255 0 57 4 255 203 198 255 214
    0 118 255 255 170 247 21 90 97 232 0 57 82 137 0 169 137 94 255 255
    116 17 255 53 89 136 0 242 63 0 255 255 0 186 145 144 91 222 56 0 0
    244 255 130 25 38 59 176 15 255 255 7 105 255 164 54 75 255 179 191
    223 113 230 178 255 12 0 255 128 255 255 126 114 70 252 46 113 240
    255 0 131 0 252 255 33 255 255 139 111 0 192 246 23 134 0 0 0 255
    193 81 255 191 255 255 244 0 255 255 0 0 255 255 116 206 255 255 108
    255 106 89 80 0 0 126 214 255 0 142 151 246 255 18 248 255 205 165
    18 255 0 0 172 173 105 0 110 0 0 164 47 234 119 238 145 106 236 247
    8 248 0 0 129 77 0 36 253 199 255 255 230 0 255 19 0 255 156 255 72
    112 216 255 197 50 255 217 255 75 0 0 58 57 255 0 163 255 255 0 9
    233 254 152 0 83 0 195 255 16 0 253 149 255 123 180 0 255 108 255
    255 32 255 255 27 210 221 245 255 255 8 175 0 180 255 0 26 109 225 0
    0 255 152 90 255 255 151 0 255 157 233 232 252 196 124 0 197 235 201
    174 89 255 255 255 0 152 206 133 255 255 116 248 22 196 170 255 218
    255 62 221 255 0 71 255 112 131 255 255 80 43 255 159 0 64 57 115
    204 216 255 0 11 202 217 3 145 18 255 0 37 253 255 255 96 97 2 0 145
    0 159 0 121 0 14 239 50 255 255 175 222 255 0 201 232 106 142 194
    116 255 0 188 0 143 255 0 194 0 0 163 230 191 152 8 164 219 56 120 0
    255 137 234 111 255 221 42 229 234 0 0 107 155 56 0 0 99 255 95 255
    215 103 154 114 0 175 40 80 246 255 16 184 29 161 0 82 89 0 255 169
    84 7 154 255 74 0 163 174 155 0 195 16 172 187 255 131 0 42 190 67
    98 255 210 255 104 81 255 205 0 248 175 33 0 88 227 142 112 170 0
    132 218 0 0 111 154 0 59 89 155 0 119 14 0 242 197 9 94 120 149 222
    137 0 172 83 0 0 0 255 152 87 2 0 255 0 216 243 79 0 222 252 145 189
    29 255 0 0 246 255 171 157 119 50 45 118 0 187 52 0 69 182 255 0 0
    255 255 134 247 133 126 255 32 0 0 0 100 183 255 255 163 216 255 105
    234 0 205 111 0 216 255 111 43 75 122 230 255 24 0 0 161 0 254 42 0
    0 80 255 255 255 188 177 31 255 38 111 109 69 63 252 174 217 0 75
    255 50 40 120 168 255 0 90 233 255 230 31 56 252 112 38 0 255 143
    255 40 136 255 0 255 166 183 0 22 1 191 229 98 255 255 151 205 115 0
    0 103 84 197 204 194 186 74 255 247 76 0 46 197 0 118 25 157 0 120 0
    206 44 210 0 141 135 204 84 52 0 0 83 0 121 252 188 0 232 17 28 0
    255 114 255 168 0 241 0 178 255 178 96 9 58 247 255 162 210 235 114
    255 135 136 0 180 49 168 0 132 102 82 169 255 4 170 198 255 213 114
    209 136 23 97 255 255 212 240 36 30 242 255 255 0 255 130 101 165
    255 17 55 124 252 0 0 180 0 0 152 143 67 255 77 13 255 0 101 206 255
    142 148 255 255 214 40 0 0 156 80 137 0 43 255 106 154 88 59 9 133
    255 188 110 123 126 15 93 255 108 0 103 82 208 255 224 0 255 163 88
    0 255 255 145 9 103 193 255 58 0 3 37 0 39 255 255 62 227 255 208
    134 20 255 202 1 14 0 108 106 33 0 87 26 227 17 212 255 151 0 239
    252 7 14 0 16 0 254 255 53 255 229 240 101 0 107 0 231 255 7 20 86 0
    255 105 0 167 100 0 255 194 255 66 161 0 47 69 255 0 25 68 0 53 255
    201 226 136 255 0 32 35 255 60 255 0 197 48 22 93 68 0 0 0 171 5 0
    153 255 249 0 255 0 127 5 255 14 255 255 255 245 255 64 0 25 255 111
    0 118 0 127 0 199 53 60 175 0 245 216 82 70 255 177 12 246 0 79 255
    99 50 7 255 255 165 221 220 0 255 73 147 32 174 15 7 16 255 139 166
    249 61 0 57 128 174 110 0 143 8 158 46 222 255 8 42 255 0 201 118 0
    170 9 44 0 255 170 51 26 255 125 44 179 207 0 255 64 245 181 0 255 0
    255 138 255 0 46 249 156 43 210 0 188 3 0 119 245 60 255 232 0 230 0
    0 255 67 159 239 98 255 255 159 255 255 126 0 0 80 0 15 15 119 0 0
    23 0 91 244 255 213 0 8 185 240 9 112 0 69 226 62 255 51 0 0 221 230
    255 202 255 255 218 255 47 124 0 0 181 232 135 255 255 255 255 70
    246 159 80 10 98 216 255 255 0 59 255 255 231 0 215 255 12 175 250
    67 136 148 219 0 173 174 235 0 255 255 178 162 224 210 0 255 254 119
    206 65 0 0 18 76 0 183 217 0 244 38 0 182 24 64 0 213 255 0 135 0 0
    255 113 255 22 243 12 202 0 161 49 53 255 0 0 94 225 102 0 255 212
    204 147 104 58 177 255 0 0 255 0 140 255 46 67 0 255 221 255 114 215
    49 227 255 207 173 255 255 0 214 35 163 192 216 255 61 78 0 187 255
    0 255 4 201 225 0 253 255 0 115 91 255 76 123 0 63 120 59 0 255 75
    206 0 93 212 106 255 200 233 183 68 173 212 0 209 199 193 205 0 255
    4 255 255 255 243 13 151 220 255 0 213 227 0 0 227 242 255 255 151
    63 199 197 255 164 95 207 45 0 105 237 255 105 232 193 60 206 83 201
    52 0 0 187 255 221 255 255 255 149 20 207 188 44 84 0 36 255 0 0 255
    0 255 83 255 255 0 140 67 194 99 134 255 107 255 40 57 255 149 79
    183 79 204 122 170 88 25 67 197 83 21 33 255 255 57 255 244 31 0 255
    255 57 255 94 232 255 68 0 49 0 186 255 12 0 0 255 183 0 177 64 148
    0 255 90 255 217 35 255 220 166 211 212 0 255 255 22 168 253 154 120
    0 53 17 33 0 89 0 0 83 57 0 85 205 206 139 0 153 226 219 218 120 0
    77 236 0 255 255 59 115 170 212 78 156 24 43 114 158 0 5 0 255 0 246
    181 233 158 0 255 164 0 255 0 156 30 221 5 159 254 244 164 154 219
    70 125 0 0 0 0 255 255 0 99 62 0 26 255 205 0 255 23 0 0 124 121 255
    0 14 4 142 255 95 94 108 162 42 187 255 115 88 255 76 0 0 22 26 42
    99 0 167 255 0 138 152 0 193 0 255 169 43 192 213 71 246 171 202 74
    251 73 0 244 142 42 255 250 156 0 182 123 0 138 218 255 149 223 153
    255 20 57 36 105 0 0 175 255 11 247 156 180 0 33 180 226 255 255 0
    217 0 179 219 110 140 0 0 0 0 26 0 87 41 14 196 8 253 252 43 216 3
    255 255 229 255 0 0 0 213 166 216 255 0 70 138 0 255 255 158 0 29 0
    0 230 255 0 255 171 0 222 255 64 63 197 249 255 157 0 182 238 255
    255 70 255 157 255 113 126 0 167 135 255 118 255 96 0 255 255 241
    201 167 255 56 132 196 180 0 0 136 13 212 0 243 191 0 248 253 195
    255 50 0 0 115 129 255 139 182 26 0 228 255 174 255 0 0 43 199 57
    252 255 151 255 69 255 66 0 255 255 132 115 76 19 0 4 246 47 108 226
    8 0 191 0 79 0 0 0 0 149 253 119 140 255 255 187 0 255 80 20 9 146
    42 0 215 0 0 126 0 0 0 0 14 229 0 3 84 234 86 26 0 216 136 0 90 131
    103 115 176 255 25 112 47 255 176 94 197 88 0 21 255 211 94 255 60
    60 76 10 243 0 136 0 10 213 105 171 126 0 160 255 60 255 143 155 255
    0 255 196 0 49 152 158 0 255 0 240 255 196 241 0 0 162 19 130 60 234
    222 255 255 255 102 239 255 65 115 111 0 73 161 13 111 255 255 255
    255 99 126 3 192 25 255 255 93 255 164 218 1 233 7 115 204 214 0 255
    0 255 0 117 186 170 181 154 168 255 0 255 0 180 196 15 0 13 101 34
    225 255 55 0 0 0 127 114 74 255 41 42 245 255 0 0 0 202 255 0 255 99
    255 255 18 18 0 210 101 0 89 130 120 171 255 255 0 0 99 0 182 47 123
    216 255 157 0 149 0 189 255 255 232 152 255 219 222 139 157 0 0 153
    83 226 26 173 246 90 150 220 80 0 111 255 114 0 141 62 144 0 102 215
    17 255 0 190 227 0 255 168 255 0 255 129 0 40 75 140 177 252 0 255
    15 127 246 234 31 46 255 75 255 180 21 7 235 255 78 161 179 40 255 0
    0 61 166 33 154 180 120 81 43 0 195 75 0 14 0 0 120 128 190 255 0
    167 167 255 224 255 255 0 161 161 166 2 109 22 255 255 0 255 198 0
    62 255 134 255 223 0 47 252 218 221 98 170 0 39 255 7 210 144 88 0
    126 255 88 189 0 0 255 0 0 91 131 0 0 0 174 0 0 78 47 0 250 255 131
    139 27 138 186 81 0 0 17 255 27 0 255 0 155 255 0 207 107 19 36 224
    255 145 255 255 0 0 104 32 236 188 0 220 255 9 36 215 249 132 115 0
    187 175 139 255 2 60 255 34 255 0 0 18 148 82 71 28 54 15 86 166 255
    105 0 136 255 0 116 175 255 0 0 7 191 204 177 51 182 248 0 40 255 0
    92 251 255 81 90 34 105 255 181 255 0 0 144 0 0 174 102 232 215 0
    156 169 252 232 36 255 164 255 132 242 50 145 32 82 213 230 21 255 0
    123 255 2 0 169 255 255 14 235 240 0 44 187 224 176 152 255 148 206
    0 0 255 9 161 120 0 32 231 27 0 116 255 199 216 255 193 0 154 97 133
    255 202 166 137 22 20 0 0 152 255 255 232 178 15 232 175 250 101 187
    5 255 0 155 0 53 56 0 131 0 144 70 244 255 137 28 23 26 188 255 15
    171 0 222 255 137 117 38 79 255 179 218 255 3 177 110 255 192 87 72
    33 129 171 190 85 229 60 159 201 0 139 0 135 50 67 255 60 176 201
    143 0 207 216 0 183 255 233 0 2 15 96 0 242 243 0 30 105 134 255 33
    0 39 0 255 0 134 181 255 0 255 106 67 160 31 64 176 212 63 193 30
    150 0 80 0 255 231 238 184 55 255 180 255 127 255 210 202 15 173 172
    93 163 146 183 104 0 171 176 102 17 0 0 0 254 0 255 56 0 156 0 24 83
    75 174 18 234 69 41 190 0 65 129 44 255 69 163 87 93 167 190 43 0
    215 255 21 0 206 0 178 205 157 228 255 255 37 0 155 18 193 207 0 125
    93 255 227 255 218 17 0 87 135 171 42 0 45 117 255 40 128 0 37 81 0
    192 15 86 0 95 29 0 204 0 86 0 255 255 56 255 98 255 197 152 44 145
    106 0 14 19 182 177 65 31 217 147 88 106 90 0 0 80 222 255 31 0 236
    22 95 253 255 185 23 139 248 255 219 30 0 112 72 13 27 0 31 145 255
    0 0 82 179 73 39 255 246 0 98 223 0 189 229 96 120 17 255 0 255 127
    255 255 56 0 94 0 92 0 255 251 0 0 218 0 235 13 61 255 0 0 155 60
    152 255 76 0 198 0 255 48 145 22 158 255 255 87 0 54 0 235 15 163
    255 56 0 90 255 236 244 142 55 255 134 163 25 164 84 27 160 148 0
    139 255 255 237 11 14 0 170 191 136 0 96 72 96 101 199 0 255 255 172
    223 255 0 60 184 12 0 72 25 0 188 255 0 40 120 150 243 237 114 0 137
    255 57 179 212 255 88 197 0 255 83 254 63 126 255 224 143 185 106
    255 255 61 255 123 158 192 229 112 171 0 149 16 251 255 128 255 0 0
    255 0 20 0 71 209 201 61 91 236 129 34 0 230 28 0 190 0 224 2 0 0 46
    156 254 242 82 59 185 115 70 211 49 5 0 194 255 255 0 0 255 0 255 92
    112 0 255 50 214 135 186 255 0 43 0 96 124 207 119 9 33 108 148 157
    218 0 0 106 255 106 166 0 255 146 109 8 255 104 53 202 67 223 0 255
    255 185 38 175 103 28 57 79 82 237 0 183 255 189 135 101 255 75 255
    46 160 255 6 58 117 0 244 0 138 175 144 27 193 159 75 0 150 133 225
    153 102 255 0 255 93 114 232 0 249 255 0 0 117 255 111 124 157 230
    255 158 39 0 255 0 237 0 41 14 0 0 83 255 167 0 212 147 210 57 255
    209 2 0 96 255 175 109 119 255 36 5 255 93 177 0 18 189 202 96 255
    162 255 195 200 142 233 255 115 5 255 255 255 221 255 0 2 255 164 28
    61 255 28 255 238 57 0 239 234 71 0 61 0 170 0 179 167 76 255 0 91
    239 163 255 164 0 26 31 0 112 255 121 229 240 0 252 12 66 221 255
    138 255 116 255 255 109 31 0 0 33 240 2 201 248 255 131 255 113 170
    244 139 94 60 0 255 156 0 106 255 253 182 185 118 213 27 0 0 200 9 0
    188 0 228 0 96 255 117 255 7 95 192 0 255 255 122 0 255 255 0 140
    227 255 241 251 122 216 0 255 0 173 0 0 0 255 255 25 0 175 6 25 124
    215 255 236 255 0 255 10 0 62 192 169 255 28 0 4 152 255 122 0 0 255
    0 0 255 119 165 107 195 75 211 19 168 164 70 0 151 242 255 156 255
    255 45 132 34 76 255 0 170 255 0 171 0 0 152 0 255 79 181 0 168 83
    38 0 255 18 34 146 255 104 105 191 241 0 255 31 231 240 203 126 214
    255 11 174 189 144 154 0 24 26 128 28 183 40 255 225 87 247 26 152 0
    30 255 0 226 205 68 255 255 97 0 123 255 136 21 0 217 122 8 249 56
    35 255 74 214 180 0 173 0 255 115 0 255 98 54 140 244 5 241 21 180 0
    183 165 79 97 34 119 118 148 31 0 255 7 185 80 68 0 255 160 212 255
    149 0 0 229 0 0 77 255 185 255 0 35 145 255 168 165 0 255 49 0 68 0
    177 102 220 97 235 0 0 53 0 255 0 255 112 182 230 20 175 62 205 74
    113 74 85 140 214 173 255 214 154 0 255 1 255 52 0 14 53 147 250 0
    35 160 0 179 183 255 77 131 177 255 226 158 104 158 255 112 79 255
    165 49 0 189 68 0 255 41 59 230 51 235 255 18 187 49 48 209 140 9
    240 0 243 57 213 141 17 42 0 116 255 248 255 255 39 103 255 0 166
    251 0 114 255 122 3 160 255 64 15 210 168 255 139 0 144 0 255 0 255
    255 0 60 48 40 19 88 0 35 0 11 0 0 160 255 45 180 0 2 31 4 192 239 0
    1 118 139 207 255 102 117 42 138 213 50 255 0 146 221 224 1 151 115
    255 0 198 255 35 18 255 0 83 202 206 26 18 91 34 142 127 0 111 219
    255 2 255 0 80 255 179 18 164 4 0 0 154 0 211 21 75 255 223 220 0 59
    98 0 225 196 158 69 68 55 255 20 0 255 0 43 0 255 255 255 48 90 114
    134 43 103 70 6 86 24 209 91 60 0 169 197 0 185 255 86 14 121 134 49
    255 0 124 218 255 13 68 109 146 239 255 118 255 91 255 0 208 107 199
    245 181 235 26 173 124 111 0 95 255 249 255 230 133 255 227 255 255
    0 151 17 0 207 255 255 255 255 6 0 255 255 255 91 255 206 212 92 180
    0 126 161 171 175 40 10 232 255 205 0 154 199 6 28 0 24 0 167 108 58
    0 0 197 233 0 118 63 222 115 0 198 153 131 233 121 19 83 255 217 173
    255 182 215 227 66 0 0 108 160 0 56 255 186 255 38 33 128 13 0 46
    255 177 255 246 241 55 0 111 0 0 0 0 40 200 255 0 0 45 0 109 231 123
    255 217 255 109 255 149 255 247 0 255 0 99 205 105 103 85 58 137 0
    48 49 255 255 18 254 208 0 207 56 0 253 234 24 195 200 0 255 34 14
    64 179 249 255 255 85 255 255 192 209 0 251 209 233 178 63 248 255
    226 4 0 78 0 189 196 0 0 175 255 162 0 52 0 0 36 0 0 0 239 208 61
    255 105 21 216 246 151 0 255 0 0 255 0 0 225 211 141 0 0 255 194 103
    56 255 184 154 255 249 0 205 15 0 97 0 68 220 0 0 35 251 207 126 0
    145 10 74 184 122 117 183 30 230 29 198 98 123 255 0 255 216 0 255
    173 84 255 0 185 248 255 150 0 49 3 255 2 230 217 0 101 221 45 10
    113 121 76 136 183 0 0 184 255 45 31 50 255 238 0 0 0 0 248 219 147
    31 255 0 0 0 46 255 255 108 0 138 211 242 43 223 181 122 231 255 183
    0 231 164 100 255 86 232 224 134 255 169 255 0 173 255 0 92 0 0 104
    0 0 180 219 237 255 255 85 255 228 255 0 52 255 134 81 255 205 78 0
    215 253 255 168 0 0 0 86 132 58 49 120 123 59 255 163 0 60 31 224 12
    0 146 255 235 145 214 0 141 172 0 241 0 48 225 209 86 255 255 255 0
    171 0 255 66 234 0 232 255 182 124 97 255 0 0 166 87 0 230 104 255
    255 255 5 255 255 47 0 196 0 95 147 75 55 255 215 98 251 46 0 0 137
    188 0 0 6 127 255 86 240 0 167 94 52 64 15 217 0 255 0 77 255 255
    150 255 255 255 0 147 255 0 255 72 192 2 166 230 0 252 110 0 88 192
    226 235 0 255 245 0 255 0 0 0 37 127 0 81 255 202 29 255 57 0 0 135
    147 255 0 165 0 107 0 70 0 132 0 84 255 119 96 147 56 11 75 255 0 0
    116 0 134 0 30 255 210 178 6 0 33 87 175 130 0 190 255 0 76 151 123
    255 244 129 179 11 32 177 99 242 231 169 255 255 214 116 0 142 196
    116 18 126 96 0 255 15 130 5 255 174 240 25 0 255 224 3 0 19 255 0
    130 135 0 56 255 0 1 0 80 137 70 255 23 0 255 0 255 131 71 255 154
    214 241 0 8 243 116 39 196 255 82 255 0 0 0 160 223 65 159 0 255 146
    127 219 255 96 8 91 245 248 227 36 172 156 225 0 255 0 78 0 255 186
    67 0 0 184 163 74 10 0 242 104 57 168 201 74 44 201 223 144 160 255
    255 169 51 27 247 255 166 121 250 242 197 255 0 111 40 181 0 0 255
    255 118 0 0 5 55 39 207 61 15 0 255 82 255 255 255 69 56 221 206 45
    255 255 255 169 113 122 39 221 0 13 111 231 255 170 249 78 122 0 237
    244 0 254 21 64 103 0 255 141 0 141 221 184 161 225 174 255 0 170
    228 255 0 130 109 0 1 0 0 88 32 147 255 152 0 226 255 255 74 200 42
    85 255 216 150 3 255 121 222 0 0 226 102 201 0 237 0 115 92 229 129
    0 68 0 255 7 4 255 0 0 210 255 165 144 210 145 252 0 255 186 240 255
    251 6 31 255 255 81 0 38 39 0 57 234 236 0 47 88 233 255 5 199 254
    46 65 120 148 137 0 129 184 255 255 133 255 133 255 255 141 121 0 65
    0 255 0 255 31 255 255 6 248 221 181 64 185 73 170 179 23 212 255
    191 0 44 255 228 124 26 14 255 255 255 255 255 122 71 255 235 255
    198 255 121 47 0 225 56 44 0 255 85 47 64 255 0 0 211 255 255 255
    165 173 122 0 52 225 30 94 0 233 0 255 60 205 43 184 162 108 122 135
    76 173 255 255 2 35 231 0 165 255 25 0 0 72 24 42 225 73 131 255 93
    42 0 138 0 184 255 165 0 165 255 165 255 54 84 0 58 109 150 102 236
    75 74 255 117 198 43 28 255 99 165 0 225 208 131 79 134 0 255 10 0 0
    0 131 255 190 0 106 100 89 255 179 255 154 57 255 255 46 6 209 37
    203 174 76 0 52 255 255 193 45 92 0 192 86 32 255 30 50 5 69 16 55 0
    119 94 125 73 255 195 0 148 0 242 184 248 45 255 182 255 194 207 9
    16 16 255 255 43 0 53 9 243 0 31 98 131 62 109 43 204 255 21 0 176
    85 0 200 48 0 152 17 255 255 222 0 0 255 12 93 192 178 83 35 255 217
    81 217 194 102 0 19 66 255 255 255 0 69 255 172 0 255 151 0 175 241
    59 120 26 213 29 89 244 48 99 106 0 0 0 219 51 51 30 174 48 250 155
    255 180 0 0 0 0 255 138 190 255 223 230 228 167 61 255 87 255 255 59
    104 129 0 255 197 0 0 47 191 0 255 115 255 0 250 255 33 221 255 95
    224 199 255 89 255 129 255 255 232 139 255 0 0 255 212 0 187 87 149
    255 70 250 71 229 255 0 255 239 84 255 125 134 19 177 43 75 183 0
    255 255 81 0 0 255 50 88 0 0 235 0 156 103 0 255 207 72 44 78 97 0
    255 50 0 143 255 0 79 202 199 196 45 136 0 67 24 0 0 134 96 255 0
    186 40 23 237 0 210 0 0 216 199 88 48 255 66 139 234 247 146 255 255
    0 0 161 196 115 0 72 216 125 160 92 248 117 255 0 255 255 252 0 11
    255 176 177 110 147 185 255 217 161 0 147 141 207 251 251 211 255
    147 177 31 172 182 108 255 157 50 136 144 0 218 0 0 147 155 255 231
    255 155 0 164 255 0 0 133 147 93 194 160 255 89 39 10 196 4 132 255
    104 255 115 0 255 124 255 138 142 61 255 212 0 255 186 3 40 62 215
    246 102 0 192 203 2 9 136 138 0 255 33 255 57 255 12 213 63 255 0
    149 163 0 0 178 139 185 168 145 137 229 175 255 158 0 118 133 251 58
    253 71 34 0 0 176 255 70 213 235 0 18 14 234 0 197 55 34 0 255 202
    247 54 207 122 0 0 0 0 130 111 255 255 46 255 177 33 0 0 135 93 132
    255 211 179 227 28 0 0 125 61 0 47 170 220 255 100 105 34 172 139 17
    255 31 103 228 112 0 21 179 112 0 197 46 130 83 255 91 96 88 0 147
    91 255 197 255 5 255 255 47 84 237 187 0 152 0 100 255 56 0 227 127
    185 0 255 255 155 163 162 42 179 118 0 249 0 24 158 240 174 74 255
    138 133 130 0 127 255 0 133 0 198 56 23 71 255 167 115 92 122 255
    255 74 238 80 0 219 238 137 90 255 16 255 79 47 43 255 0 39 195 0
    143 0 243 0 0 78 0 104 113 171 126 0 252 153 90 20 251 160 10 56 0
    26 88 204 0 37 180 255 6 93 242 255 191 172 21 68 236 97 234 255 6
    124 121 118 91 152 0 0 87 7 55 189 255 151 56 254 255 121 255 0 226
    180 255 168 0 6 126 40 0 254 90 0 255 8 255 255 0 120 78 229 0 0 250
    0 64 37 183 255 233 255 159 214 0 199 0 170 0 21 0 255 14 255 86 204
    0 207 131 164 183 61 146 0 0 141 0 0 146 255 151 255 57 0 255 255 63
    255 192 170 255 175 35 57 255 203 0 255 0 71 204 48 0 245 164 255 18
    0 146 190 255 224 214 255 67 255 97 82 233 255 255 17 255 171 255
    255 0 255 230 255 164 148 15 255 255 171 111 252 67 28 0 240 255 132
    255 175 0 0 119 79 255 0 52 180 97 255 31 0 35 197 0 205 11 255 42
    240 99 235 172 194 255 79 137 140 160 138 123 111 86 76 0 167 255
    124 72 10 247 77 75 68 42 96 0 37 255 0 20 193 59 255 13 145 255 0
    255 3 39 144 255 100 96 0 0 0 73 8 255 111 74 41 0 0 255 103 99 255
    0 106 112 195 219 99 0 45 255 194 158 255 255 255 125 0 25 177 239 0
    164 222 255 255 35 255 241 0 112 49 1 0 255 225 0 255 0 0 24 127 130
    0 232 255 0 82 0 40 242 0 0 255 54 184 37 0 192 187 69 0 0 18 178 66
    201 255 255 255 255 113 0 255 8 0 78 141 255 62 0 170 200 157 123 0
    255 3 40 12 108 119 255 13 118 255 35 24 244 97 70 0 51 0 191 90 0
    255 104 9 0 255 34 0 15 255 163 12 167 132 168 96 0 168 20 25 216
    255 235 255 185 0 23 200 0 41 246 0 0 50 232 255 0 72 0 23 40 255 0
    255 255 137 136 0 67 152 255 0 156 246 46 188 109 212 63 73 0 89 152
    0 66 0 235 62 115 68 0 70 252 137 255 0 101 36 250 123 65 255 0 255
    186 74 0 255 0 89 255 255 18 109 223 74 55 156 198 0 164 0 2 170 240
    106 135 255 255 249 177 176 168 0 168 133 30 85 198 255 0 255 205
    255 169 0 255 84 249 172 138 157 213 255 0 253 0 0 42 94 82 202 255
    79 247 0 125 94 230 237 109 0 35 0 0 148 0 231 255 0 255 255 181 0 0
    136 255 0 0 142 93 240 119 65 12 54 64 229 100 143 115 204 114 255
    255 255 255 123 127 255 130 32 239 192 0 161 0 46 163 53 255 87 0
    255 194 65 162 255 0 255 171 255 255 251 214 0 197 55 199 0 227 255
    127 4 0 255 19 142 181 228 120 157 0 0 177 255 249 247 255 75 173 0
    80 0 232 187 255 0 124 255 161 217 232 168 112 110 53 223 79 46 160
    126 117 14 134 255 57 20 111 200 125 68 132 255 19 222 63 70 140 9 0
    222 244 247 235 75 30 255 98 255 244 213 134 144 254 0 0 172 203 43
    126 59 101 185 255 172 23 10 249 90 65 159 169 0 56 0 255 215 0 255
    195 214 255 138 0 162 28 150 0 169 188 122 255 199 226 7 255 26 0 40
    151 30 36 91 211 175 22 157 122 0 255 229 92 56 120 170 70 173 173
    255 184 191 255 237 255 93 187 0 255 153 255 0 105 0 160 175 241 255
    188 64 94 5 203 255 53 29 52 156 230 0 237 249 135 128 0 255 152 70
    156 0 165 226 120 79 0 141 255 255 28 0 137 252 6 70 5 255 255 255
    217 255 27 255 135 232 19 255 239 137 94 236 255 242 105 249 53 95
    41 50 247 255 255 43 93 0 68 147 51 31 255 0 57 0 0 232 0 172 52 29
    255 32 242 255 93 255 255 63 21 0 125 218 158 167 0 177 0 46 0 25 69
    255 0 255 190 0 255 0 87 162 81 203 76 255 165 238 255 14 255 69 255
    255 0 248 255 82 24 224 93 39 50 172 0 93 0 164 119 87 255 215 202
    255 215 0 10 148 16 0 224 0 109 7 0 0 178 136 0 166 90 245 0 255 255
    184 170 0 0 165 153 152 0 37 112 0 120 244 35 178 218 0 7 227 243 64
    52 92 17 227 211 0 132 215 72 46 28 139 204 105 0 255 121 0 237 45
    127 17 55 153 38 0 42 244 0 255 255 14 77 67 93 0 0 0 255 255 70 147
    203 82 7 0 29 208 0 34 251 0 255 0 191 255 112 137 119 255 113 0 142
    0 5 255 28 99 255 45 255 62 206 147 199 75 205 255 173 147 65 0 136
    113 102 165 165 27 255 0 61 99 15 255 255 56 248 255 214 117 0 59
    184 138 134 92 255 12 160 180 70 0 148 153 211 5 0 109 137 255 176
    134 83 250 62 195 255 126 137 0 100 0 118 1 0 233 47 0 204 181 198
    182 0 255 238 130 76 199 52 12 255 3 42 90 105 37 0 167 20 93 255 13
    255 192 26 0 240 244 80 255 0 255 7 0 142 0 0 0 0 45 119 192 255 69
    54 254 123 229 133 114 95 255 108 17 255 27 52 26 255 241 185 0 172
    255 152 6 31 67 163 209 22 221 0 235 0 255 16 105 28 0 165 199 113 0
    0 255 0 132 255 147 14 255 255 0 132 254 0 255 89 255 143 223 255
    243 19 255 249 236 216 255 9 74 255 43 255 0 87 255 193 104 255 255
    36 64 0 255 0 0 255 139 0 20 23 241 157 219 115 255 255 17 0 100 170
    198 89 28 79 161 68 255 255 255 40 53 160 210 255 255 229 76 75 20
    57 235 255 226 188 67 0 63 78 174 77 255 0 138 255 255 0 69 175 247
    54 151 92 232 40 255 137 55 56 0 255 97 0 255 45 0 0 255 175 99 0
    215 246 56 110 58 123 0 235 85 0 255 255 255 145 255 134 18 105 101
    0 0 255 194 79 105 131 113 163 85 255 165 0 247 217 138 255 255 135
    173 251 199 108 149 223 255 255 6 138 66 32 202 255 53 240 255 255
    24 14 150 0 97 0 138 109 255 255 133 188 26 203 0 0 172 121 196 0
    255 42 0 255 0 205 79 231 56 37 13 79 113 174 16 243 125 242 180 105
    0 210 0 47 23 207 255 214 84 117 173 49 132 0 0 0 226 103 242 147 20
    66 255 89 255 152 255 76 0 251 0 0 255 0 109 0 255 232 78 72 255 102
    51 230 255 53 240 136 209 11 255 0 197 255 105 0 206 130 119 0 154
    116 92 0 30 72 194 53 240 190 13 21 255 255 255 55 0 13 0 0 103 192
    93 200 28 255 255 102 33 255 255 18 255 0 0 0 87 13 29 0 145 196 0
    255 93 27 215 255 0 94 184 0 255 255 18 24 255 205 64 255 87 248 172
    83 255 0 119 255 9 152 255 31 255 0 138 176 0 101 238 23 66 11 30 0
    162 255 0 63 103 215 205 255 169 0 96 0 0 0 255 251 255 0 103 240
    248 0 4 82 21 133 243 248 175 64 20 30 70 122 108 0 176 255 255 255
    33 0 7 206 255 255 228 83 255 146 18 0 191 93 238 0 151 18 255 0 242
    255 194 27 78 255 0 255 255 151 0 77 119 0 162 0 170 255 43 248 0 0
    122 20 49 209 0 94 161 255 0 0 0 27 255 104 0 124 66 0 0 73 255 0 55
    122 255 90 255 236 146 195 176 126 54 0 0 187 255 32 0 212 0 255 77
    201 161 0 0 255 213 255 255 0 90 0 136 201 134 45 0 255 0 62 232 29
    39 178 180 114 0 87 195 10 122 132 180 4 8 171 164 249 224 255 114
    71 0 255 88 233 58 250 130 175 7 48 255 131 176 45 0 0 187 66 154 89
    255 255 16 0 255 19 0 149 85 108 97 0 255 0 0 255 0 142 255 0 0 104
    72 0 255 222 0 245 50 251 0 255 0 131 202 197 0 51 3 239 255 187 13
    77 255 172 185 110 113 74 111 255 243 255 255 17 0 242 143 53 231
    134 113 136 39 245 93 29 157 0 255 0 117 241 201 255 81 84 31 182
    202 107 45 51 232 0 0 255 154 100 181 0 231 0 0 255 0 129 0 153 173
    67 137 255 180 167 0 255 255 255 0 77 97 96 80 0 233 0 44 178 6 184
    233 0 215 255 5 195 129 234 110 164 0 41 0 169 255 255 255 50 255
    255 132 255 231 126 142 140 86 255 0 186 248 171 65 199 188 130 255
    255 0 112 218 229 255 31 255 25 172 100 15 255 0 244 0 24 0 0 224
    139 67 105 255 0 116 228 91 232 0 43 246 9 76 255 144 150 91 255 152
    202 0 207 0 240 48 126 196 197 104 0 0 132 255 178 101 208 12 90 0
    96 107 0 246 0 0 0 52 225 0 147 0 0 213 44 97 88 79 0 255 56 24 137
    0 255 255 108 17 245 202 80 255 0 255 255 68 43 255 0 24 101 227 227
    0 255 127 100 255 125 0 255 100 0 0 0 226 16 183 156 249 126 82 255
    90 142 163 205 219 13 190 30 244 244 36 237 80 0 14 164 225 141 255
    18 255 235 255 208 0 0 160 91 4 125 0 134 90 193 232 0 151 246 255
    94 177 152 165 255 0 177 248 48 0 255 0 186 255 0 0 89 255 255 255
    137 255 0 255 171 85 19 101 0 255 0 0 113 172 184 85 18 137 255 242
    222 237 10 120 0 255 199 0 255 72 0 242 0 211 0 255 255 0 44 0 248
    234 121 120 229 173 197 243 217 52 0 24 255 43 232 117 245 0 223 35
    0 244 255 22 125 255 255 27 0 118 80 89 99 126 185 255 0 219 133 152
    255 0 255 255 19 203 0 37 204 0 0 0 0 201 224 189 135 255 135 94 0
    255 0 0 255 159 94 200 41 144 255 34 134 0 255 206 6 194 30 142 255
    1 255 255 0 0 188 186 29 146 229 255 177 142 0 0 206 0 48 134 55 196
    125 0 0 0 255 124 0 255 255 255 179 255 255 127 173 145 239 0 208 75
    62 38 108 255 255 235 22 0 0 77 93 195 154 180 102 214 0 247 0 0 192
    110 152 105 0 81 71 0 180 103 0 95 143 117 0 203 126 159 252 0 74 21
    35 0 255 116 79 140 255 255 255 0 162 44 53 163 214 72 163 0 13 197
    226 186 126 30 0 255 141 231 0 106 255 191 255 181 49 0 210 255 255
    0 255 68 118 248 255 2 255 0 255 0 246 255 255 225 86 0 22 165 83
    198 236 69 0 188 39 0 237 189 30 87 255 87 78 11 5 22 0 25 255 0 112
    110 56 218 255 255 91 50 176 0 100 108 250 255 255 255 188 127 142
    198 0 0 7 255 177 0 255 47 124 255 255 129 160 126 0 255 16 0 0 199
    0 132 255 115 112 255 255 244 0 86 185 255 132 31 150 46 255 89 200
    181 255 255 52 202 251 236 230 0 146 53 144 155 0 0 0 172 155 136 83
    97 167 137 36 226 209 0 173 255 255 251 53 252 113 255 255 199 0 0
    255 0 0 228 240 0 74 200 0 182 0 189 61 163 255 21 49 0 255 82 30
    107 255 0 131 0 255 41 130 152 255 64 0 186 76 177 255 187 0 181 255
    162 178 170 221 0 0 223 0 189 251 8 86 0 247 205 59 93 25 255 0 255
    151 168 0 255 175 253 36 54 182 2 60 169 25 86 255 0 57 68 0 28 0 4
    21 92 0 248 255 255 103 23 255 92 157 122 92 69 255 34 0 37 0 255
    113 70 255 109 53 160 3 180 0 0 0 0 148 255 82 0 255 27 0 255 0 223
    253 195 255 182 132 255 0 255 108 255 38 0 56 255 0 40 209 35 79 137
    255 247 255 242 18 0 0 80 86 95 255 255 255 154 20 255 0 0 0 0 255
    202 69 65 255 255 130 133 27 82 194 159 83 255 91 179 146 255 231
    214 255 0 39 80 0 227 108 0 138 0 57 0 159 106 0 203 255 132 255 0 0
    253 201 223 0 0 157 230 239 0 126 11 205 0 255 164 255 255 124 255
    54 254 43 0 75 72 0 255 242 239 47 167 255 111 159 255 255 238 147
    84 50 146 25 255 0 5 235 6 0 108 47 0 2 39 65 134 0 181 0 126 59 78
    27 25 146 158 213 0 81 28 123 255 0 67 255 11 78 0 0 0 232 205 44 0
    255 70 58 0 0 156 0 0 58 136 33 255 215 130 0 187 112 78 247 149 255
    64 239 201 249 85 105 255 128 112 220 249 149 73 18 0 208 255 255 0
    255 255 62 15 208 222 16 255 131 203 49 46 143 0 255 56 59 0 66 255
    18 12 0 219 204 0 32 192 0 24 172 0 232 0 0 255 0 195 220 0 176 0 74
    12 255 0 0 1 255 255 228 1 100 173 255 39 80 255 255 0 55 138 75 0
    44 255 139 184 255 255 127 0 14 142 143 71 255 255 211 0 40 33 61
    100 32 92 27 0 0 255 0 255 255 255 230 102 225 73 0 255 81 189 255
    151 0 0 157 71 148 255 255 100 255 127 0 249 255 0 0 113 0 217 255
    64 0 119 69 0 0 26 138 9 6 240 98 121 255 180 109 135 151 58 0 57
    255 23 86 255 37 255 228 224 255 250 255 94 248 149 255 229 255 255
    122 99 110 0 226 208 255 0 234 145 173 0 0 139 155 230 141 102 132 0
    133 251 255 139 184 154 255 0 200 196 255 37 79 23 94 0 0 162 164
    107 255 136 48 30 255 255 0 198 255 66 209 159 255 0 0 223 255 255
    255 1 246 138 0 4 255 129 66 255 0 70 168 255 0 24 41 140 255 94 0 0
    241 86 76 0 255 42 255 113 255 4 47 99 255 207 0 137 112 172 87 189
    103 199 192 78 2 128 255 224 182 255 72 149 142 3 220 0 255 160 74
    255 157 43 226 255 235 255 255 255 255 0 255 65 169 150 220 0 130
    106 0 255 154 0 65 228 116 0 97 255 155 221 187 240 98 21 64 255 0
    197 123 82 255 152 255 47 117 41 45 74 16 255 0 6 0 194 142 116 35
    92 71 255 255 0 0 38 204 255 31 0 68 0 210 88 120 0 146 116 164 0
    255 0 242 255 0 0 255 74 113 255 28 110 44 147 253 0 200 176 248 59
    0 0 39 147 205 0 0 166 46 255 185 14 204 99 129 0 191 255 96 13 19
    71 0 48 105 33 99 239 233 255 255 244 105 126 101 0 255 255 0 255
    255 255 255 38 179 0 186 59 139 255 0 0 201 130 130 163 111 248 80
    237 255 7 255 180 67 38 255 217 146 255 12 26 0 60 163 66 43 255 252
    149 166 3 172 255 14 29 44 70 252 108 0 0 0 207 32 232 0 0 130 169 0
    41 255 0 255 72 156 120 166 224 41 18 0 36 220 229 0 3 0 97 255 0 0
    194 121 255 255 255 255 255 91 200 0 36 218 0 237 255 193 0 0 209 12
    143 112 179 159 255 132 0 10 255 17 0 131 0 0 0 0 255 176 4 129 0
    255 253 0 174 154 168 173 255 21 0 36 247 255 138 255 111 255 243
    188 255 97 147 224 176 218 0 255 155 0 100 0 222 250 255 252 255 139
    255 166 0 165 255 226 14 163 4 211 153 255 21 139 111 23 255 86 255
    7 52 171 118 215 168 47 214 222 233 175 0 46 0 36 66 0 0 113 173 214
    162 194 41 127 255 149 85 98 255 255 27 52 124 255 153 100 231 255
    168 0 255 228 255 0 228 73 45 7 0 114 0 0 170 245 255 255 255 255
    255 255 129 215 240 27 255 0 0 0 0 152 208 255 38 92 255 7 0 54 62
    197 119 2 229 98 143 255 127 114 157 126 255 161 255 173 10 151 99
    156 0 0 0 0 0 197 0 20 255 0 0 120 135 221 198 43 255 0 171 18 226 9
    200 0 255 0 255 0 0 173 255 1 20 255 40 105 219 0 255 164 4 98 72
    255 0 106 235 164 250 255 255 0 0 241 226 9 0 86 0 238 0 198 0 134
    153 198 129 255 255 255 255 255 217 255 65 187 255 113 48 88 112 234
    224 70 0 211 66 53 255 157 80 52 255 249 193 131 240 255 167 255 171
    255 64 221 106 0 130 176 240 164 255 255 29 255 255 48 107 159 48
    220 255 255 123 0 0 0 0 0 89 249 0 255 255 45 213 255 255 0 24 240
    131 0 0 114 0 43 255 255 48 42 133 0 173 127 132 255 12 255 0 25 255
    168 0 169 0 200 60 0 255 0 30 255 13 164 73 255 255 66 255 255 29
    170 159 192 159 111 0 0 136 156 131 255 182 13 245 255 135 186 162
    255 195 75 255 91 56 163 133 87 50 2 45 0 255 17 1 255 173 19 255
    255 255 227 35 255 4 255 130 245 74 138 19 58 51 0 11 173 70 255 56
    226 120 29 181 150 255 0 83 95 0 255 247 255 79 62 63 193 236 72 255
    255 0 120 39 255 22 192 225 0 237 84 0 33 0 233 255 21 230 249 255 0
    181 0 139 255 154 255 196 150 44 205 92 255 255 7 244 255 61 255 156
    255 2 95 29 255 158 116 80 255 0 53 115 0 245 165 127 255 63 227 255
    255 211 255 174 228 136 255 0 0 243 76 215 123 53 67 54 18 117 254
    255 44 135 90 165 14 255 143 83 239 0 0 73 0 253 113 255 208 129 186
    178 29 206 0 86 144 112 255 181 207 232 144 236 136 0 111 255 16 255
    62 255 98 0 0 122 0 113 138 58 134 173 255 192 255 0 99 255 0 5 161
    79 115 52 46 0 0 161 139 151 46 103 27 255 0 0 111 127 35 227 246 96
    191 42 238 53 4 176 191 53 18 69 149 255 215 74 255 0 64 207 0 0 184
    54 0 255 255 0 255 0 179 255 185 255 100 255 0 38 52 210 0 10 0 159
    127 235 0 206 255 232 92 118 196 0 255 0 255 135 145 0 243 153 255
    255 175 255 230 0 226 110 255 255 254 245 0 255 155 5 255 73 147 164
    0 46 255 0 0 0 255 25 124 255 0 67 94 10 97 28 51 0 0 0 0 255 106
    161 0 114 101 0 0 227 73 230 255 202 45 9 24 255 231 255 165 61 0
    255 60 53 157 67 0 196 206 255 255 39 255 0 209 193 4 255 36 115 198
    252 248 231 255 15 26 255 48 185 153 255 91 200 4 208 95 0 8 209 9 0
    255 181 190 139 5 116 115 255 232 73 169 255 216 82 206 102 33 159
    255 16 129 0 68 197 11 255 0 195 0 51 255 255 255 27 252 0 125 92 0
    236 185 0 37 0 58 0 255 255 0 0 255 137 0 255 228 79 0 166 0 218 0 0
    255 160 221 0 143 126 247 0 0 79 75 0 164 199 255 2 255 216 214 255
    255 90 236 86 229 0 79 255 0 179 255 73 68 45 0 18 106 172 0 240 113
    118 0 79 0 93 255 134 255 255 255 255 107 255 153 58 21 255 255 178
    190 163 163 216 162 255 199 242 212 255 90 255 195 56 160 0 0 149 79
    161 235 255 255 57 0 174 0 134 193 0 171 0 0 106 4 0 212 0 222 209
    96 49 219 59 255 4 254 153 90 255 191 0 82 0 73 95 73 155 224 249 92
    0 250 255 153 94 240 94 0 89 255 0 255 177 255 255 255 0 0 34 27 161
    9 31 90 155 243 98 127 188 242 194 0 14 95 255 53 19 0 175 255 85
    230 65 255 0 39 243 0 113 191 118 175 141 73 0 134 65 101 12 64 255
    55 213 17 1 255 255 57 255 0 255 147 231 255 35 218 22 219 205 213 0
    0 255 0 223 0 153 246 255 13 255 177 242 76 163 150 9 0 91 201 183 7
    146 211 31 159 92 244 128 138 210 129 250 0 168 255 0 7 162 246 75
    152 255 255 60 128 145 4 2 216 2 255 190 0 135 183 255 200 109 0 255
    220 0 255 85 255 0 44 122 76 255 44 191 56 255 255 57 255 239 255 0
    70 138 255 0 65 165 131 0 10 214 0 10 255 0 63 255 254 0 48 244 0
    255 216 255 255 13 209 143 65 14 0 100 26 217 115 63 161 0 137 0 62
    107 3 18 215 176 235 61 0 255 192 255 124 198 0 0 114 141 255 0 162
    255 4 185 186 223 0 41 255 0 60 255 255 0 255 52 244 147 255 120 32
    0 52 165 210 80 227 0 36 255 194 19 180 255 0 255 54 0 181 0 0 0 0
    255 47 248 229 255 6 218 108 255 255 70 255 126 191 112 55 12 0 0
    139 25 0 84 0 0 74 18 152 43 135 114 0 173 52 0 249 237 23 112 226
    81 163 14 138 184 162 184 153 124 193 255 255 168 0 131 0 106 255
    224 18 162 255 87 119 227 112 11 0 155 255 41 106 255 255 194 97 124
    255 0 218 255 50 118 118 48 89 255 202 88 135 114 53 191 255 197 0
    255 95 54 188 0 137 3 137 126 226 0 61 0 255 236 20 19 119 0 0 201
    66 44 205 122 70 173 184 206 242 191 59 19 8 0 0 141 83 244 0 155
    164 18 18 142 247 39 255 132 255 194 0 255 0 172 119 37 209 209 255
    255 255 137 142 66 255 255 65 253 255 255 193 143 29 255 90 0 168
    255 206 176 216 212 136 255 37 206 185 82 89 122 255 208 0 245 36
    132 197 201 1 232 0 5 19 255 53 255 243 255 22 173 0 154 199 24 255
    214 68 68 59 55 0 201 245 0 74 0 26 0 0 126 39 106 255 0 100 255 59
    255 226 0 104 3 0 172 82 0 204 255 255 86 155 144 255 11 88 193 19
    200 192 255 0 35 69 29 73 255 89 233 95 0 239 185 185 180 13 95 133
    171 0 240 146 223 14 0 7 255 0 255 0 22 255 102 85 255 194 149 0 255
    158 112 24 104 255 255 248 77 116 0 0 237 151 0 81 255 171 0 255 255
    166 81 0 164 52 237 212 255 255 0 53 255 218 168 0 120 182 250 201
    81 101 247 255 45 168 94 90 49 96 255 135 64 255 138 56 255 197 255
    255 191 242 142 242 39 118 176 255 41 113 0 218 197 255 123 245 210
    255 0 0 0 153 245 255 0 0 184 0 205 255 0 0 0 255 255 0 187 54 178
    159 66 177 0 58 0 201 210 18 210 255 44 255 0 255 62 85 255 136 10
    62 186 171 0 255 255 134 95 0 99 255 255 0 97 18 170 157 134 117 0
    87 56 126 0 26 152 0 1 0 0 175 179 255 0 71 0 2 226 0 248 239 166 0
    92 89 0 78 0 0 123 161 92 64 255 0 167 201 255 231 233 255 0 33 101
    171 255 16 0 247 3 16 255 0 213 151 255 255 132 243 255 0 255 254
    129 243 0 15 112 67 255 255 232 255 230 107 0 193 0 255 197 0 237
    177 58 255 255 120 208 255 255 0 63 101 84 5 0 255 230 189 210 255
    255 162 255 103 255 255 0 62 65 102 123 0 96 52 0 254 39 150 0 255
    22 245 144 61 204 110 255 245 214 255 231 0 196 200 243 181 217 140
    143 0 1 203 82 0 0 128 14 168 88 205 0 146 77 21 203 208 255 140 0 0
    255 21 0 148 254 255 68 0 2 237 216 221 79 255 104 110 0 0 213 255
    255 49 23 159 244 255 139 158 238 199 122 255 56 29 46 225 220 0 223
    88 255 62 47 172 100 154 255 241 0 0 236 224 48 255 255 49 255 255
    143 59 106 168 244 255 57 57 0 142 117 255 112 0 98 187 100 186 255
    161 245 0 65 0 0 29 253 211 96 88 158 80 0 0 200 255 0 0 153 168 187
    249 23 205 255 255 24 45 254 255 252 0 149 223 111 255 121 133 225
    68 176 0 121 98 0 0 254 255 197 105 61 186 0 19 255 198 161 147 255
    120 158 72 46 226 255 255 0 26 255 16 0 167 201 214 212 154 37 73 46
    247 126 117 255 0 255 38 26 255 112 181 0 0 181 248 133 34 99 41 189
    122 116 210 153 11 240 150 37 0 33 128 0 255 97 192 0 255 151 255
    236 12 40 128 0 151 97 48 60 208 138 0 255 255 255 23 229 255 0 255
    255 15 51 98 6 0 112 87 4 125 207 105 109 17 0 67 30 0 0 255 255 0
    255 255 86 0 255 255 180 0 120 141 0 187 255 168 0 174 255 140 171
    255 138 0 6 0 237 255 0 255 191 255 255 12 126 0 233 98 141 0 255
    150 255 255 172 193 31 41 255 57 145 255 80 255 255 133 255 51 78 72
    255 0 255 33 133 0 60 188 41 170 0 9 0 63 216 138 0 9 255 183 0 255
    224 184 116 30 37 0 255 196 0 64 0 137 207 0 173 255 221 0 255 0 13
    159 255 37 186 255 255 0 62 230 220 255 255 230 243 255 106 217 255
    176 31 255 76 0 158 0 0 0 0 0 222 73 0 0 208 255 0 149 95 124 59 33
    0 230 145 0 255 71 152 0 153 201 30 22 162 255 209 180 0 23 255 151
    104 255 236 162 156 0 255 255 120 0 0 236 136 255 37 59 197 94 45 96
    255 45 153 255 100 255 164 0 255 229 255 255 117 164 192 85 97 40
    233 0 0 255 128 37 0 171 179 227 255 255 19 208 0 196 0 51 195 189
    255 246 89 46 177 203 61 0 255 0 255 240 107 0 255 255 65 87 138 0
    24 227 255 8 0 0 72 0 0 0 0 162 0 255 41 4 64 200 0 129 50 34 19 51
    191 0 197 255 6 255 255 0 145 164 0 226 30 0 0 62 80 0 222 65 0 230
    255 255 0 0 12 101 179 77 0 0 0 117 124 49 50 101 175 79 252 255 80
    0 149 0 255 255 208 0 255 66 0 255 171 159 141 147 62 19 33 82 0 255
    0 0 255 255 252 14 255 47 198 162 255 152 2 255 166 140 0 192 58 255
    0 145 0 46 166 25 255 38 0 166 255 231 127 47 83 137 53 108 53 9 0
    196 255 0 129 173 7 0 182 48 132 21 219 255 0 255 119 255 47 197 255
    255 0 174 69 0 0 170 0 247 222 146 69 108 110 19 167 255 0 241 29 38
    28 255 0 0 172 67 255 71 75 255 5 0 188 38 255 255 255 32 255 5 181
    0 189 0 0 140 125 246 200 206 255 0 38 243 0 202 0 255 255 131 0 119
    241 0 233 220 19 40 155 239 72 109 0 25 255 255 114 255 110 112 219
    196 17 83 130 207 162 177 157 31 255 0 0 91 255 255 38 44 0 87 1 129
    206 103 191 0 81 43 255 0 255 249 251 80 229 66 34 71 1 225 77 173
    228 255 222 255 88 161 35 0 15 240 255 71 184 76 214 192 127 160 0
    255 0 255 255 239 29 125 89 71 0 255 89 135 53 156 108 0 175 0 0 128
    135 0 108 255 8 235 0 255 107 0 0 0 126 0 28 0 0 0 101 0 255 0 255
    240 255 26 0 252 220 0 83 0 168 255 250 161 77 0 232 119 255 0 107
    255 0 249 211 255 251 0 235 13 173 255 73 0 17 104 5 13 0 133 53 123
    178 31 117 15 248 255 222 146 90 248 166 77 149 0 252 255 0 39 0 17
    115 111 228 224 244 221 82 69 0 255 243 203 187 185 52 180 195 152 0
    43 120 30 238 242 255 0 179 255 181 36 195 1 0 107 241 86 109 255 5
    187 168 255 0 175 225 133 255 26 92 167 131 0 206 113 33 255 18 103
    0 255 32 26 220 230 212 255 75 0 105 221 255 0 59 255 0 255 248 63
    84 216 22 107 104 0 0 35 255 0 182 183 249 152 217 255 0 95 59 220
    96 255 63 0 185 255 133 201 0 56 255 255 40 123 92 133 0 0 131 214
    182 204 255 255 55 119 32 132 0 233 55 0 0 255 255 244 0 236 70 79
    96 0 0 141 255 134 255 140 0 210 102 70 128 0 255 255 255 255 82 255
    244 106 140 255 11 187 255 255 255 135 177 193 0 18 229 0 29 255 228
    110 194 54 0 0 214 0 121 103 10 155 201 255 129 149 255 80 127 0 0 0
    148 140 29 244 253 224 223 89 88 0 153 82 0 87 181 165 138 255 165
    58 6 106 189 0 0 46 20 230 247 58 233 46 207 227 0 207 36 255 253
    136 255 0 0 61 255 231 203 255 136 248 146 65 0 0 82 41 210 73 39
    252 124 27 255 136 238 0 0 233 140 0 249 255 17 51 255 42 0 108 0
    255 3 204 0 142 255 0 0 255 149 218 32 58 211 175 0 70 0 78 152 85
    255 255 0 255 240 178 14 39 209 242 255 251 211 143 71 0 255 255 113
    255 214 234 70 0 229 0 107 0 160 255 255 255 0 255 93 0 0 255 15 255
    82 255 255 0 27 156 4 0 244 0 0 255 139 47 126 188 139 228 253 255
    199 42 195 255 197 132 0 127 255 215 0 6 72 0 99 0 0 92 255 0 152 0
    0 49 255 70 180 214 12 255 0 59 66 145 255 0 255 204 42 0 77 255 255
    255 255 221 255 152 188 255 111 255 0 130 41 247 44 83 250 105 133
    255 0 0 67 0 0 195 238 255 79 255 112 71 160 255 82 90 129 7 255 109
    104 112 255 135 183 217 255 41 120 253 171 0 78 0 255 125 184 46 174
    145 45 124 118 92 246 52 255 209 137 255 220 255 158 187 255 96 0 0
    255 0 168 167 255 255 81 114 71 0 255 181 155 255 0 75 53 0 88 255
    255 194 14 255 249 255 255 255 55 0 255 229 126 0 144 187 0 225 0
    255 31 37 255 63 255 208 0 194 0 99 230 53 245 0 229 161 134 108 0
    255 0 255 255 195 136 0 0 0 32 255 223 0 119 219 0 39 130 0 255 0 0
    163 0 0 112 0 255 189 255 118 112 0 21 198 98 210 0 177 26 23 244
    255 249 246 0 161 219 68 32 0 255 0 255 234 182 0 255 222 0 0 39 12
    255 187 106 255 255 143 255 38 124 69 0 0 137 69 197 0 239 255 0 46
    255 113 0 255 255 105 3 150 11 78 108 0 39 240 172 138 0 255 255 255
    82 224 109 39 203 0 145 122 252 0 0 109 126 255 255 253 59 83 255 26
    255 47 250 49 128 97 116 71 67 0 191 197 206 208 0 192 151 158 0 255
    0 0 28 255 0 62 41 134 35 255 255 255 251 142 146 166 245 0 170 0 0
    7 0 104 156 0 194 32 255 121 127 170 249 0 144 0 154 59 48 83 0 186
    255 0 59 39 1 255 237 52 36 255 255 94 199 121 255 0 180 235 255 191
    8 255 13 108 255 0 113 206 155 119 0 255 255 152 255 255 255 69 82
    237 189 215 169 214 0 255 199 62 14 97 153 10 255 255 0 255 68 126 0
    198 249 228 33 255 58 69 255 15 228 225 255 93 92 0 255 255 0 158
    255 102 255 170 106 234 0 202 0 0 99 0 0 23 252 110 0 178 255 0 255
    43 221 7 255 255 143 194 255 202 255 118 0 226 124 255 0 0 228 225
    161 0 187 13 40 182 162 125 0 255 255 143 243 255 255 160 191 140
    255 255 174 20 133 212 29 224 0 255 142 53 49 95 255 11 0 0 43 52 0
    0 0 255 242 83 66 255 0 0 255 0 24 47 0 0 255 66 89 86 176 204 64 76
    90 217 130 212 108 0 246 186 28 221 226 122 79 0 26 255 0 221 255 0
    140 255 24 0 52 255 198 0 56 84 193 9 72 39 103 0 0 255 255 0 189
    149 0 50 255 255 244 0 96 124 235 166 185 183 252 217 255 1 0 117 89
    18 3 63 189 131 82 255 35 23 158 0 42 230 219 0 255 0 132 0 255 255
    0 0 255 147 142 243 23 36 33 4 255 37 129 225 0 242 255 201 108 202
    255 43 4 0 255 117 215 77 0 236 255 0 42 0 0 255 240 255 255 186 0
    149 20 0 255 138 0 80 153 0 0 240 215 106 255 255 0 141 0 255 117
    255 255 0 37 170 150 234 155 255 179 255 0 21 254 217 199 255 82 0 0
    0 218 0 0 170 138 54 152 29 0 218 0 255 29 224 241 255 226 239 5 76
    196 202 121 70 240 201 253 255 125 63 0 255 255 165 78 77 162 181
    131 33 113 86 189 230 8 121 42 117 57 209 167 114 91 18 0 10 93 255
    187 13 224 18 0 255 93 201 124 0 153 0 174 0 136 61 62 199 0 202 221
    156 0 255 0 163 251 63 255 208 78 151 222 0 0 235 0 255 106 255 199
    19 188 229 255 183 0 255 19 49 0 80 60 91 64 255 204 255 255 255 0
    49 206 0 97 204 243 196 165 56 230 200 231 33 0 146 0 162 42 97 255
    146 232 35 0 94 255 0 12 96 120 113 47 250 109 135 0 0 0 44 255 156
    40 255 124 255 255 165 218 255 8 191 97 255 190 0 114 158 0 255 0
    188 0 0 0 0 7 110 100 148 92 3 0 151 254 130 136 0 148 0 63 255 74
    60 51 255 0 143 164 44 0 22 195 61 243 71 141 45 25 195 0 110 0 110
    217 0 218 61 255 17 85 255 55 83 255 240 155 255 170 32 16 178 255 0
    198 0 0 255 87 172 213 255 187 247 137 255 131 25 220 0 84 159 67 56
    182 0 73 52 153 162 167 0 191 98 0 0 126 255 0 17 255 63 165 35 248
    218 212 255 193 255 0 39 0 0 200 0 2 0 0 168 184 255 255 255 255 0
    255 255 0 255 255 0 255 106 37 182 175 3 159 146 254 255 91 255 255
    210 255 78 127 181 83 41 255 40 176 0 0 172 148 0 255 255 98 81 77
    49 205 9 2 214 152 36 238 255 255 115 255 56 0 255 132 255 138 26
    161 110 0 0 25 187 158 132 49 255 0 191 0 255 0 18 97 255 0 92 71
    129 160 255 167 42 252 207 59 0 27 255 78 4 228 13 41 105 0 37 87 88
    18 189 255 255 0 230 29 255 249 255 255 255 82 0 255 190 161 101 42
    255 255 172 134 107 0 167 32 254 255 255 255 104 251 169 254 65 119
    15 0 255 128 214 234 233 186 41 113 26 0 0 153 64 20 0 0 255 0 0 30
    168 151 80 0 255 0 255 20 144 50 160 255 0 212 0 139 196 0 255 193 0
    164 235 75 0 174 255 168 0 219 169 255 27 0 255 118 255 166 240 0 0
    254 56 87 160 0 194 166 254 222 255 54 0 158 132 164 172 255 236 168
    0 0 255 31 228 255 229 164 0 255 0 96 0 219 112 0 139 179 215 114 0
    226 255 0 14 172 31 173 215 57 0 226 70 88 255 21 0 196 216 31 220
    218 76 0 166 115 54 93 90 255 61 255 255 141 222 0 106 0 255 93 215
    48 0 202 255 0 24 0 19 0 240 197 255 255 167 82 255 170 85 244 105
    156 116 46 197 0 63 255 255 250 154 71 131 0 27 54 193 103 255 226
    162 110 121 255 54 255 2 224 91 209 255 255 72 216 255 0 0 156 0 255
    134 134 255 255 238 0 221 255 255 27 18 255 0 255 0 0 29 0 80 216 0
    187 27 197 160 255 186 91 255 255 72 254 157 0 223 255 0 0 0 252 108
    103 251 0 0 255 255 40 120 0 150 220 187 235 144 193 22 0 252 255 0
    152 79 0 255 93 18 214 33 145 174 255 51 118 170 183 42 0 155 215 91
    247 240 0 148 61 255 0 255 97 0 212 169 151 150 0 255 0 98 91 255
    105 16 217 255 228 99 255 0 147 132 133 255 7 255 255 0 0 255 0 0 42
    0 148 255 18 239 255 255 255 60 0 180 245 37 0 153 21 18 255 205 0
    157 255 225 69 0 0 255 129 255 255 58 149 248 124 84 255 205 228 128
    235 255 66 0 195 0 255 0 63 20 167 255 56 255 255 255 255 48 68 155
    110 151 114 63 127 0 196 178 255 18 0 0 123 4 112 104 149 131 24 207
    0 127 255 217 0 166 161 26 73 255 42 42 163 165 83 218 141 98 255 77
    122 0 130 255 198 255 0 90 181 255 99 127 99 200 255 254 230 20 0
    153 0 229 15 0 104 20 238 129 255 235 39 108 174 7 56 179 123 0 137
    255 5 197 124 191 107 0 0 96 0 220 255 255 0 122 246 139 255 255 31
    255 23 49 255 95 209 65 192 68 245 255 0 237 168 0 72 255 23 43 110
    28 219 159 255 245 0 0 0 255 144 93 255 130 180 163 255 142 255 255
    155 250 255 101 43 14 202 0 155 100 177 195 255 230 37 255 0 0 190
    255 0 0 14 0 52 114 139 0 0 255 241 0 152 16 6 55 21 196 255 78 121
    36 139 207 86 0 246 0 169 114 107 97 0 0 178 177 0 255 87 89 98 255
    0 16 0 191 96 100 255 208 255 207 129 0 121 222 0 92 140 41 84 57
    212 0 255 255 0 185 82 86 224 10 164 108 255 255 202 255 117 255 0
    91 217 222 112 0 159 0 140 0 62 0 0 242 242 109 84 255 234 97 228
    151 11 106 156 63 255 255 255 255 246 0 199 255 0 28 68 227 146 0 20
    255 41 255 0 234 27 0 178 255 117 255 0 134 0 255 169 105 0 128 201
    118 255 27 252 255 121 112 114 223 206 0 0 81 255 128 165 72 0 255
    116 255 255 235 0 216 20 150 0 223 0 0 0 2 235 201 91 174 212 255 49
    203 255 152 255 255 0 141 255 234 102 0 255 255 0 220 255 255 255
    120 230 16 150 0 54 0 0 255 47 255 79 0 255 213 0 169 17 155 77 139
    181 0 255 92 255 51 153 158 23 25 144 192 10 111 46 166 224 195 255
    194 255 159 87 248 90 255 180 237 13 58 221 41 210 203 86 155 0 255
    225 0 255 90 255 0 224 234 0 200 56 0 129 232 206 0 22 23 255 255
    244 178 140 0 0 236 20 255 135 66 255 0 255 0 195 183 145 173 19 123
    157 137 250 249 77 255 198 142 208 0 188 85 0 53 0 206 255 255 0 0
    239 164 0 72 255 235 255 246 255 143 249 32 184 232 0 255 13 0 0 129
    255 0 255 255 173 11 255 95 149 45 3 251 255 20 105 255 52 153 223
    233 168 117 0 79 255 0 0 248 0 0 38 227 0 212 127 132 219 0 255 0 12
    41 0 255 85 7 209 14 86 210 0 0 255 164 73 33 252 255 0 0 221 255
    195 34 167 0 252 129 113 197 63 28 139 111 0 33 0 20 0 92 113 0 9
    161 184 219 0 0 255 0 0 43 0 255 0 0 98 0 255 156 255 0 6 211 255 0
    86 0 144 255 217 0 255 0 0 132 1 103 83 0 255 255 0 255 255 111 255
    241 0 206 0 188 255 255 230 27 255 255 202 247 178 255 120 145 176
    124 255 215 255 27 0 254 141 4 97 101 255 10 97 91 0 0 201 48 255
    166 123 255 62 170 255 90 186 0 0 0 91 210 0 144 38 179 255 255 0 0
    158 136 192 255 0 85 209 255 174 222 255 36 165 255 222 0 255 96 4 0
    250 0 15 59 100 54 36 123 190 141 43 255 75 53 255 0 210 180 222 206
    229 51 0 191 193 74 255 254 255 85 255 202 83 255 7 161 174 178 255
    0 107 255 234 255 68 196 207 255 153 35 134 0 69 255 255 169 0 0 197
    0 194 86 157 229 57 0 224 62 0 255 0 0 227 217 70 219 245 0 196 181
    64 219 43 255 223 0 246 255 26 190 59 116 255 255 0 102 145 0 105
    115 255 129 109 255 165 0 219 73 169 0 0 0 0 0 128 255 160 141 118
    255 51 234 253 105 0 237 202 0 0 100 255 255 0 1 154 188 32 245 0 0
    56 244 0 173 160 225 214 0 198 255 224 140 255 208 0 244 4 1 109 255
    0 0 55 215 233 174 17 255 255 0 255 80 254 167 0 81 255 210 0 255 87
    158 108 96 0 255 251 158 255 36 26 255 71 64 159 255 179 255 255 255
    0 36 255 145 160 251 236 0 0 0 164 0 147 224 0 69 141 192 0 0 157
    255 20 255 243 148 226 46 255 0 221 91 0 0 0 243 168 46 255 255 106
    37 0 0 50 239 120 255 0 168 20 0 40 255 110 255 33 121 239 0 0 255 0
    105 175 196 254 2 191 0 5 95 201 154 255 53 99 0 255 219 195 40 19 0
    54 255 227 0 255 100 83 65 90 16 255 255 255 94 231 170 255 255 147
    132 165 0 231 255 255 255 183 4 104 56 220 0 171 253 0 242 78 14 255
    169 7 97 0 66 86 255 255 0 241 255 23 0 0 215 239 183 255 148 0 0
    229 0 0 160 0 0 98 255 29 104 255 0 106 131 255 60 255 7 102 0 226
    178 142 255 33 137 0 178 72 255 221 137 149 255 142 0 0 255 162 18
    255 255 0 157 209 214 173 198 251 84 69 0 255 0 61 210 219 13 72 0 9
    23 165 238 119 47 194 48 255 255 209 217 0 248 138 0 0 82 237 0 87 0
    223 141 17 179 0 148 9 175 12 106 209 0 0 247 0 42 166 140 130 174
    254 153 0 0 172 25 165 47 203 182 119 0 0 38 26 0 255 117 220 72 0
    255 31 0 50 218 68 137 40 233 106 88 0 255 110 98 214 0 85 0 0 158
    34 255 253 231 9 216 89 82 255 98 9 0 152 0 177 146 42 176 0 198 0 0
    56 0 255 43 122 46 255 226 0 0 129 255 88 145 142 165 184 255 255
    121 245 0 0 255 46 67 0 102 241 113 226 44 0 255 0 254 255 107 97 24
    255 0 0 3 127 37 98 196 255 32 0 139 65 255 0 0 111 63 85 122 0 186
    255 255 220 5 248 255 73 141 1 255 242 255 0 0 155 25 4 160 75 255
    226 12 0 35 250 124 255 199 168 0 255 12 140 255 0 6 200 51 255 194
    0 124 210 255 0 125 81 171 255 0 0 255 0 146 0 255 255 0 146 120 158
    220 87 255 0 152 34 86 255 42 249 82 0 125 255 0 146 0 255 0 95 253
    145 111 184 0 255 74 0 79 255 207 0 203 80 150 108 4 255 2 255 255
    255 255 255 255 102 35 0 0 180 205 0 8 25 195 183 242 255 0 15 180
    239 70 159 201 255 166 198 167 95 2 184 84 148 19 255 255 34 50 85
    255 12 91 143 0 192 8 255 0 201 255 59 185 0 145 74 0 203 226 16 163
    7 231 80 136 204 163 0 149 98 150 82 245 219 148 255 241 255 238 131
    39 130 156 255 242 255 102 255 11 153 255 0 117 160 103 93 0 0 255
    255 153 212 247 255 255 204 92 0 95 10 196 57 153 255 0 193 162 135
    206 214 223 172 0 178 255 47 235 0 31 132 255 113 99 3 0 0 0 204 200
    203 255 0 52 187 54 41 0 62 29 199 140 0 0 255 255 255 34 255 232
    246 0 0 255 255 164 113 255 69 51 205 214 94 182 173 83 255 213 122
    255 76 108 214 254 155 244 83 0 150 0 102 156 255 157 41 255 51 255
    255 66 255 54 0 62 0 67 0 148 225 235 124 255 6 0 93 38 11 82 0 0 0
    0 140 210 0 93 0 187 80 108 255 0 255 136 255 255 254 0 255 255 0 19
    255 167 15 255 0 6 58 111 38 0 54 255 238 241 0 54 160 17 0 0 62 0
    234 0 0 42 0 132 253 255 4 162 60 226 0 12 222 199 255 21 0 177 62
    114 124 137 189 56 255 89 0 34 86 40 133 255 184 224 225 0 221 0 18
    53 255 147 85 255 24 188 255 170 255 188 255 255 243 184 35 184 0
    255 157 0 203 0 226 210 35 6 255 131 103 92 213 221 255 255 65 86
    255 155 255 87 255 2 221 255 82 180 0 149 245 0 45 211 162 26 102
    223 255 196 255 254 0 191 255 255 220 182 155 255 255 205 66 175 195
    202 20 125 120 83 255 173 14 0 0 235 126 140 160 0 0 0 57 111 214 29
    95 204 225 0 0 161 0 100 45 255 9 0 255 0 35 255 255 0 0 0 255 22
    255 41 255 232 255 255 107 8 234 0 163 255 126 170 118 0 167 119 75
    83 0 192 0 241 167 62 223 36 255 0 183 255 96 178 255 106 255 174 73
    255 224 39 0 176 0 0 183 255 118 190 255 255 255 0 255 16 152 250 22
    187 253 255 21 239 0 119 0 101 255 1 0 202 30 0 247 133 218 0 255
    255 255 180 0 148 31 0 156 255 8 63 18 255 0 198 209 0 188 57 0 247
    73 196 180 27 19 197 255 11 103 0 255 232 202 208 182 254 255 192 0
    78 255 23 132 113 70 230 15 0 255 0 137 252 255 0 113 134 30 66 0 39
    156 181 255 73 0 224 248 102 199 139 183 142 254 231 43 224 13 225
    136 245 255 99 255 0 201 16 38 255 199 206 255 255 49 0 173 255 60
    75 50 134 38 240 0 255 255 0 0 75 195 255 255 193 255 13 135 242 226
    73 255 249 56 161 87 62 0 140 249 0 65 123 0 255 7 161 255 114 0 255
    84 65 182 255 0 0 255 0 0 94 73 246 218 219 134 255 224 179 0 255
    114 0 253 37 76 255 35 0 189 4 255 162 0 255 179 216 130 205 35 0 34
    79 159 255 255 140 255 255 74 0 152 255 235 40 162 205 255 14 226 0
    100 88 0 169 23 255 92 81 165 102 35 159 205 0 16 116 255 212 88 255
    255 185 33 90 255 0 200 37 0 113 36 24 0 255 131 12 113 255 0 255
    111 0 250 255 0 0 223 239 0 107 255 239 255 162 0 0 0 225 118 0 50
    48 214 0 118 183 21 0 97 192 234 186 48 118 0 105 62 255 251 222 231
    145 0 144 0 122 255 255 0 118 56 199 224 174 157 119 0 30 168 78 0
    255 0 84 255 179 0 194 243 0 255 255 255 39 255 255 188 4 2 170 0
    255 208 109 72 224 255 78 210 255 66 208 6 198 0 42 255 193 121 255
    161 103 128 255 20 120 255 255 187 0 255 98 255 109 255 255 255 236
    0 4 0 33 175 144 255 0 66 255 47 255 255 138 0 23 49 137 80 0 227 0
    35 255 71 51 255 59 0 20 66 255 0 141 86 151 60 255 0 0 255 0 162
    255 172 255 66 255 0 66 232 0 204 0 104 84 145 0 152 173 190 147 78
    0 255 255 255 197 255 208 255 0 92 234 255 91 0 145 0 255 58 166 255
    80 40 106 0 53 0 217 255 230 237 212 121 156 139 0 75 7 255 0 249
    243 42 61 0 255 162 64 240 255 217 255 255 174 11 255 120 115 136
    248 119 0 233 34 67 152 138 0 0 25 232 171 0 196 255 0 69 255 191
    219 255 249 39 160 252 122 0 29 207 20 100 0 126 24 255 215 28 108
    184 0 191 255 87 255 173 12 241 255 48 255 6 48 255 178 0 255 57 106
    232 0 52 255 254 79 0 0 142 21 38 230 191 216 29 236 72 88 0 27 19 0
    255 255 203 255 110 255 173 161 192 255 35 0 243 64 0 0 0 29 255 72
    243 202 5 0 245 146 0 39 142 42 210 255 227 0 91 0 255 44 163 151 0
    4 39 0 220 182 228 0 29 0 144 63 255 23 68 52 0 250 3 0 255 0 251 23
    98 91 15 224 140 129 59 0 0 87 255 0 12 145 79 0 18 192 214 161 0
    253 0 139 67 0 63 0 59 158 23 4 8 172 100 255 0 125 255 103 0 255
    157 0 255 146 98 65 0 0 108 211 13 0 0 0 78 0 30 87 0 101 55 118 63
    0 255 255 0 0 19 124 7 66 0 193 57 42 205 138 0 0 204 255 255 99 75
    255 89 211 188 249 205 82 61 255 100 255 0 162 0 0 241 11 4 251 222
    19 200 120 255 145 198 111 95 0 0 184 89 255 255 168 255 202 83 170
    0 255 65 68 4 76 119 96 8 0 1 230 9 79 255 143 18 19 224 0 239 0 201
    136 182 0 171 255 0 82 31 78 55 88 255 181 255 0 0 203 230 0 59 0 31
    146 155 119 255 53 9 6 255 255 248 134 255 1 146 217 25 0 39 255 49
    0 255 255 18 218 77 255 36 111 0 93 0 255 159 48 0 255 164 0 93 59
    255 22 64 62 249 204 178 136 255 114 0 255 205 222 175 107 111 163
    226 251 255 0 0 82 166 67 0 103 212 89 0 0 248 36 58 225 0 255 255 0
    160 255 199 24 255 157 179 255 88 0 0 0 183 111 219 125 0 0 0 89 255
    255 139 72 131 50 245 55 12 132 38 255 35 229 0 0 247 4 0 166 217 0
    0 33 162 55 123 59 255 212 67 0 0 162 34 0 19 187 187 196 31 255 0
    89 220 251 242 65 49 26 109 98 0 93 24 255 35 0 209 163 255 255 166
    0 219 255 1 242 255 243 255 242 142 132 184 32 255 0 189 218 218 99
    122 160 199 0 255 229 203 255 205 201 0 19 255 18 0 226 68 157 56 0
    53 255 0 30 36 255 70 231 3 82 0 27 44 0 218 255 81 91 0 255 255 167
    70 130 80 27 255 255 87 167 252 184 181 104 37 133 196 247 40 219
    255 31 225 20 0 255 33 142 233 197 255 93 255 0 255 182 216 61 112
    45 190 230 0 181 74 0 227 0 255 255 154 154 0 228 255 13 255 15 0 90
    8 0 33 175 36 176 88 168 208 132 0 0 41 147 0 0 0 0 0 0 156 0 9 73 0
    0 0 39 42 255 239 206 98 119 134 9 200 219 198 255 44 174 0 255 199
    57 29 255 242 0 0 83 0 77 40 0 244 0 244 117 255 255 233 181 183 22
    255 15 0 199 20 255 255 255 51 37 156 180 255 0 196 151 0 255 38 15
    127 0 108 0 215 200 116 255 255 202 242 255 183 127 213 0 0 255 207
    106 72 180 27 129 0 0 178 229 244 174 0 237 255 0 76 255 255 120 110
    255 255 171 0 0 255 108 210 142 63 255 230 10 255 0 107 255 255 0
    188 229 243 9 255 0 0 255 199 68 65 168 0 255 255 255 83 86 179 134
    180 255 1 255 255 0 255 0 220 85 0 255 255 79 255 181 123 255 255 64
    162 0 229 254 84 255 78 161 0 255 4 133 65 187 66 255 141 31 143 80
    255 130 236 150 255 122 129 0 135 202 94 3 0 70 248 0 40 195 198 57
    0 137 25 130 255 48 0 85 235 26 69 255 113 119 236 255 223 255 151
    227 0 56 225 147 175 0 255 76 0 26 75 112 70 0 52 0 202 196 21 0 151
    225 255 63 95 255 106 7 0 48 255 0 255 61 180 3 224 13 66 163 75 198
    66 225 250 139 255 130 120 49 200 0 126 0 255 0 10 190 255 0 255 0
    148 0 0 97 81 255 255 164 255 195 189 255 202 19 213 0 21 140 188 0
    230 225 47 7 82 55 145 122 6 208 225 42 155 187 95 0 180 28 22 40
    133 84 204 2 53 0 0 145 255 142 19 109 87 255 255 126 24 68 0 255 82
    255 46 0 154 61 229 148 69 44 0 94 255 0 183 252 153 2 187 248 255
    26 245 236 45 136 104 0 0 0 0 122 0 202 53 107 0 255 185 203 255 198
    117 85 0 255 232 111 180 144 254 255 43 0 255 228 73 160 227 134 187
    104 146 139 124 0 255 255 163 255 0 255 255 163 255 127 117 14 104
    255 255 91 255 0 142 160 255 255 0 170 45 217 255 0 217 255 209 56
    104 111 0 57 77 30 122 208 253 255 70 0 255 255 0 231 28 100 0 125
    255 183 55 154 255 255 0 95 255 193 0 0 0 62 255 155 226 127 52 146
    108 255 255 177 253 255 241 64 98 69 197 252 79 0 44 38 0 255 0 146
    255 0 234 70 129 49 0 0 138 56 255 255 12 71 132 27 110 148 110 178
    25 73 255 255 59 104 237 146 187 230 177 27 157 72 0 200 255 0 6 40
    178 183 74 0 171 255 69 164 124 255 0 50 144 28 54 255 203 0 0 174 0
    54 131 255 255 53 255 203 80 0 144 255 0 0 255 255 173 38 255 0 49
    255 25 62 0 162 120 255 255 0 116 0 0 255 53 24 2 208 220 0 210 0 0
    255 114 99 28 255 126 0 255 0 0 255 245 255 0 139 100 40 172 0 255
    255 8 0 255 66 220 255 0 149 255 11 255 0 111 255 29 0 255 170 36
    110 48 0 203 255 107 21 225 0 235 0 25 255 233 157 195 220 28 169 63
    111 94 189 255 0 255 128 0 87 0 148 108 255 23 117 255 255 255 239 0
    230 42 210 68 4 255 255 233 255 61 169 244 152 144 248 199 115 223 6
    84 163 88 255 45 205 228 86 255 208 199 200 15 108 110 255 199 254
    82 0 186 253 4 241 255 214 0 255 114 0 255 244 205 141 25 0 33 180
    255 122 171 201 236 0 73 8 88 255 246 243 117 0 42 0 212 229 0 19 0
    79 239 26 255 221 49 216 255 190 163 107 0 255 238 9 255 0 102 240
    161 79 23 7 0 192 0 255 35 63 17 255 66 0 236 221 145 239 107 185
    112 115 92 0 8 38 96 140 0 0 255 255 0 224 0 154 158 39 0 26 36 41
    54 162 151 73 0 175 0 255 245 218 232 180 0 0 14 184 136 255 180 5
    255 112 150 226 103 99 255 69 255 255 244 170 74 213 34 0 181 80 0 0
    39 161 255 46 209 139 104 0 251 0 112 126 75 235 0 13 135 12 0 239
    18 255 0 234 255 30 0 0 255 217 96 112 142 0 0 135 149 0 222 43 255
    255 220 0 116 35 114 0 194 255 203 192 146 255 76 149 0 0 0 45 194
    216 255 0 227 232 86 0 185 246 66 0 157 112 0 0 0 15 127 255 46 255
    0 121 133 23 90 0 255 255 0 0 0 255 94 161 86 8 11 58 140 244 0 255
    212 255 56 37 255 99 128 220 229 244 255 255 142 0 249 180 0 255 225
    0 255 185 139 64 0 19 149 0 120 96 0 217 0 137 0 17 0 255 72 204 114
    20 170 23 167 0 234 255 170 188 120 255 194 0 114 122 14 50 0 0 241
    255 0 143 255 64 0 72 0 109 85 120 255 255 49 0 224 0 175 73 202 224
    0 0 0 255 255 115 255 252 255 111 255 61 255 255 255 255 255 139 0
    255 0 0 255 190 207 0 255 238 174 255 21 133 56 123 255 255 0 52 255
    0 0 84 255 27 0 197 224 0 220 0 158 106 255 100 144 53 29 107 100
    255 233 247 233 202 211 255 61 0 70 255 212 57 255 73 51 206 146 255
    15 16 255 20 0 255 18 188 255 229 255 67 244 126 75 0 161 31 94 33
    255 255 224 89 255 0 60 0 255 198 87 239 99 244 193 0 211 255 0 219
    130 255 0 176 0 194 121 255 7 52 180 187 255 0 0 172 0 124 13 255 0
    133 98 46 255 0 255 117 29 0 255 255 4 54 255 3 14 158 239 145 255
    255 152 255 0 255 53 0 255 0 18 249 40 192 255 61 255 255 222 75 255
    124 135 255 38 255 255 4 255 255 255 0 60 36 0 0 255 250 29 55 0 96
    127 181 0 41 69 101 188 14 128 154 80 125 82 232 15 65 0 82 182 141
    18 171 203 200 1 104 0 255 62 71 255 255 0 181 177 33 0 0 255 255 0
    190 66 188 0 0 255 209 0 92 161 255 85 255 25 0 58 0 7 255 177 0 0
    16 255 0 0 253 14 255 202 66 0 52 0 255 1 37 0 38 132 37 173 104 205
    68 0 0 255 255 255 70 120 56 157 0 143 218 88 120 255 64 228 116 0
    83 230 0 27 38 255 223 48 0 48 79 86 0 209 0 217 140 30 255 254 153
    120 92 255 11 27 151 0 100 0 255 0 54 218 160 255 10 227 198 203 40
    100 97 160 11 52 255 250 255 255 0 127 0 0 237 227 0 0 124 0 242 247
    183 248 0 45 4 160 0 244 221 56 255 255 232 102 91 142 87 255 163
    168 250 159 244 175 255 22 180 232 122 0 4 162 0 255 25 67 58 40 199
    0 205 230 0 0 255 0 84 255 0 180 223 0 41 47 218 255 0 86 14 91 10
    226 9 146 188 163 0 0 0 187 145 0 0 194 255 127 0 254 177 242 125 0
    17 189 0 0 243 85 255 0 0 17 225 0 0 255 140 0 255 120 144 104 26
    255 102 148 255 93 233 0 133 0 245 255 109 60 89 190 0 227 8 0 131 0
    217 173 206 100 255 255 0 0 250 45 60 0 252 168 187 0 123 0 41 0 129
    138 0 9 0 255 95 0 189 173 255 255 133 255 179 254 51 11 18 0 185 26
    113 234 18 152 229 91 5 151 202 255 255 40 0 143 235 0 52 94 63 23
    212 11 206 0 241 0 140 255 233 206 0 186 144 0 0 135 252 168 0 252
    54 255 255 0 47 203 192 0 255 0 158 117 100 10 64 204 170 205 150 39
    81 228 0 78 74 56 196 153 208 52 255 54 255 0 255 46 209 7 0 230 132
    138 0 255 3 0 255 15 153 155 255 0 146 255 75 0 0 45 227 162 0 191
    255 13 255 209 0 42 177 159 126 242 0 0 94 138 165 0 0 28 0 21 0 75
    2 210 254 209 255 214 65 106 0 157 6 0 0 173 245 243 118 15 48 180
    92 255 0 84 0 186 43 75 129 77 235 0 255 137 87 255 0 255 255 114 0
    255 255 165 0 217 0 0 116 26 34 94 1 52 255 255 188 255 255 0 141
    241 0 144 0 246 30 25 154 0 255 0 252 17 200 0 255 225 14 171 88 187
    48 255 91 0 0 237 211 197 255 255 9 2 231 42 255 0 255 61 0 100 0
    255 0 60 121 11 223 255 255 31 0 37 25 0 39 255 111 85 132 232 0 153
    255 212 17 208 168 165 0 227 255 0 36 192 255 144 255 0 255 146 0
    151 227 255 255 255 255 243 247 130 226 255 0 163 149 75 63 1 156
    218 135 151 113 11 76 7 190 107 194 249 255 51 34 156 3 255 202 107
    136 0 200 202 252 32 51 188 138 10 0 176 0 52 11 91 255 156 186 117
    175 207 255 177 0 0 255 17 55 0 120 125 154 0 209 0 0 0 101 0 0 228
    211 150 59 144 147 0 255 33 248 131 0 4 174 180 72 103 255 142 232
    28 0 162 225 107 255 255 132 255 0 0 172 104 0 0 24 255 134 0 38 166
    0 75 0 94 0 0 18 19 245 137 10 0 40 255 0 219 162 255 0 0 209 166
    134 254 188 58 133 52 255 218 99 244 108 255 88 47 91 0 0 218 0 255
    37 255 219 0 255 255 16 255 228 123 44 209 255 21 0 232 146 215 0
    163 255 0 0 204 0 224 165 9 177 244 0 255 44 0 255 0 106 12 229 162
    231 243 186 160 133 255 255 195 46 254 148 255 255 64 36 26 100 15
    188 212 77 27 25 126 200 43 255 12 240 6 29 28 255 0 0 255 191 5 203
    77 255 203 164 0 0 0 0 205 149 255 140 170 0 138 48 0 255 5 255 0
    166 122 0 136 164 250 156 255 0 154 18 255 23 78 255 108 0 255 255
    141 2 160 255 255 49 255 239 0 255 158 62 202 228 160 0 178 117 255
    219 111 0 213 68 91 0 0 250 6 90 0 60 80 0 86 227 0 179 158 155 216
    118 255 0 0 80 240 13 59 158 111 217 155 218 255 62 135 93 115 32
    255 242 0 169 255 255 44 176 255 0 0 71 59 255 0 209 205 255 183 255
    255 107 95 97 178 0 255 102 183 34 19 26 85 209 0 0 181 215 188 232
    25 123 13 154 40 199 88 121 217 235 255 161 255 8 255 255 255 73 0 0
    3 195 73 230 111 0 255 0 55 196 209 64 79 241 107 0 255 39 61 7 154
    255 35 181 49 98 255 59 95 0 0 179 0 254 255 177 177 0 0 142 255 218
    255 255 226 0 129 0 71 210 187 0 255 208 255 0 168 255 43 0 234 121
    0 0 255 0 16 226 113 215 39 49 98 255 94 172 227 0 154 193 255 255
    175 0 16 195 226 56 255 255 28 203 206 0 255 0 0 73 247 255 0 193
    204 51 0 0 0 0 148 9 212 222 255 117 252 42 223 184 75 255 177 206
    217 244 157 50 255 8 53 0 0 0 11 0 30 255 49 233 81 30 255 0 252 70
    206 15 37 202 229 255 160 204 162 0 248 255 255 218 105 216 6 70 255
    120 98 10 17 132 255 194 178 255 133 235 0 0 255 245 234 70 109 255
    203 255 255 188 255 151 0 194 0 219 0 171 105 255 76 250 26 233 20
    216 77 0 225 141 104 161 93 255 194 197 194 255 172 255 0 152 249
    132 123 255 65 137 255 120 120 0 165 91 0 205 140 122 255 0 227 112
    205 43 18 15 0 42 83 200 0 228 222 255 123 255 57 233 255 59 178 98
    0 12 255 119 204 102 0 0 255 255 8 20 255 194 0 0 255 163 255 135
    123 105 106 182 56 255 57 0 79 255 26 114 12 74 62 0 10 0 177 28 50
    0 89 255 119 203 255 226 255 0 144 255 146 255 0 255 14 105 45 0 95
    0 255 202 254 39 169 0 171 75 244 8 0 0 172 0 0 95 251 107 255 43
    252 26 245 157 152 128 40 0 69 170 92 140 248 182 210 195 255 80 0
    63 42 214 89 204 0 66 255 63 246 255 85 126 255 0 26 88 255 0 12 244
    160 80 238 44 146 185 69 154 0 51 215 159 255 180 118 255 40 127 255
    0 139 0 82 174 0 255 231 217 188 163 213 227 82 0 255 0 84 141 0 255
    154 0 206 144 77 95 141 244 255 161 255 255 255 64 20 116 0 18 116 0
    0 233 0 0 133 0 0 101 231 175 0 110 123 139 231 21 0 77 0 89 0 255
    255 13 138 17 212 6 4 255 255 78 138 255 151 0 107 161 186 115 152 0
    69 69 76 255 255 137 159 146 115 255 250 255 147 0 107 206 129 112
    207 241 200 33 255 0 112 27 103 220 215 0 0 0 173 154 132 0 255 255
    136 255 67 1 163 242 255 10 255 150 4 121 255 31 151 120 255 255 66
    41 66 77 25 0 84 255 144 47 144 140 62 46 136 243 0 255 255 0 14 255
    154 0 124 43 45 218 68 255 63 0 90 74 70 213 37 0 90 160 213 90 255
    214 78 255 169 170 255 246 142 69 0 0 8 0 0 1 148 255 255 71 250 111
    82 255 255 240 6 255 76 255 185 255 41 83 104 141 0 0 114 238 255
    209 0 166 216 166 116 242 80 33 255 51 0 76 201 163 72 255 0 255 0
    255 156 144 255 0 113 255 77 0 255 255 141 169 255 64 11 85 255 0
    205 255 0 97 255 255 191 0 255 70 31 221 39 94 0 0 255 25 255 228 2
    28 42 222 234 203 255 159 0 255 137 66 234 38 222 255 250 65 3 148
    230 36 27 255 97 121 255 0 3 25 162 0 204 255 45 249 255 143 162 36
    91 130 5 0 255 255 248 125 11 255 0 255 135 63 255 198 0 255 0 3 0
    30 255 46 219 182 255 9 98 0 0 255 28 107 0 0 28 255 255 0 0 127 82
    173 37 34 16 137 0 249 113 254 59 26 129 23 0 0 166 107 16 255 255
    84 127 252 0 255 0 255 119 0 0 255 150 130 231 12 86 175 25 52 93
    255 45 255 40 30 248 136 109 0 159 0 0 0 15 0 51 216 237 3 201 230 7
    78 0 229 129 0 0 123 0 163 171 255 255 255 202 115 218 0 0 245 134 0
    128 252 0 0 136 255 104 147 37 250 255 255 0 0 54 0 140 180 232 144
    51 109 174 188 255 3 174 149 31 206 0 0 31 38 150 85 194 212 91 174
    55 250 254 244 0 45 145 255 220 132 255 255 0 0 255 98 0 82 220 255
    0 40 184 255 255 0 255 140 40 112 40 24 43 157 222 255 0 0 21 255
    221 0 175 229 113 183 0 33 0 0 119 0 0 255 213 166 121 78 32 255 0
    105 20 118 255 226 205 0 255 59 163 255 253 255 12 126 179 216 249 0
    168 183 195 106 255 32 25 102 0 190 165 42 0 255 222 214 195 237 0
    181 255 19 133 20 0 12 255 0 224 255 0 131 243 0 248 151 61 255 26
    71 218 0 0 18 222 174 144 95 255 239 202 189 130 167 255 141 35 0
    255 24 228 112 92 45 0 154 158 255 109 0 0 16 244 55 20 0 208 0 57
    237 32 0 166 66 80 146 104 197 184 255 92 128 255 174 255 255 241 85
    199 0 0 166 18 255 191 225 227 23 135 255 255 38 255 255 0 255 116 0
    236 0 88 164 255 217 99 255 221 174 226 0 235 37 121 0 65 80 189 163
    0 254 0 76 59 26 33 112 255 122 210 255 174 94 255 70 59 76 243 135
    147 42 161 149 226 0 77 87 63 121 22 157 15 0 255 71 255 137 202 1 6
    255 0 235 146 126 212 77 0 15 236 101 104 255 212 140 0 134 0 255 19
    255 255 25 114 248 145 95 166 99 255 227 0 73 21 255 69 0 255 142 92
    255 71 49 169 186 235 7 111 177 0 17 166 255 76 213 123 0 167 144 18
    148 117 255 238 255 0 0 255 158 0 0 255 148 255 255 0 82 0 123 160
    33 80 4 56 204 0 37 0 183 107 209 0 56 5 160 52 253 172 0 0 156 124
    176 104 103 0 1 255 255 0 50 224 0 157 55 0 17 255 255 0 53 236 0
    238 255 79 0 156 110 240 0 255 234 87 0 255 29 255 189 22 0 255 246
    255 0 86 206 0 85 185 131 71 0 190 13 255 122 62 0 255 22 45 155 217
    208 0 198 0 3 0 255 255 136 0 111 242 90 42 65 255 188 0 240 10 0 0
    0 0 158 0 135 79 0 255 73 255 0 199 135 21 77 83 69 174 200 101 255
    0 255 178 229 255 0 126 255 0 255 38 81 169 0 104 26 0 0 0 255 158
    255 255 181 255 147 255 168 0 31 255 255 35 255 145 69 197 47 0 0 0
    49 0 255 36 86 7 255 0 201 255 48 0 60 228 255 0 149 89 0 53 224 0
    235 150 46 255 85 116 90 193 0 137 176 255 0 3 104 178 78 94 209 122
    0 74 8 0 150 255 85 233 0 238 255 174 149 145 255 24 159 203 58 96 0
    98 211 255 46 0 93 80 255 60 53 82 68 255 0 0 86 0 215 252 255 148
    255 246 255 255 255 205 183 249 223 168 255 21 125 140 5 255 0 162
    255 255 7 105 121 138 255 182 207 164 152 0 93 241 0 4 82 255 0 130
    255 240 255 148 125 255 130 255 199 255 219 246 0 248 0 64 245 0 18
    201 111 221 230 0 113 255 240 240 227 192 255 33 170 255 49 104 167
    0 255 0 62 106 255 255 255 162 191 255 0 177 214 255 72 228 57 255
    110 204 255 255 255 255 0 144 0 79 0 35 19 186 0 81 35 179 129 49
    211 66 20 255 71 57 204 255 255 41 162 0 88 255 16 255 87 255 0 15 0
    88 125 85 200 255 74 0 206 104 106 0 66 252 19 119 16 18 112 101 163
    102 0 255 255 64 184 155 124 255 255 112 40 92 30 36 246 206 181 203
    255 78 165 141 48 0 79 255 187 115 255 10 255 255 121 0 0 32 0 176
    39 252 52 110 255 0 0 111 165 0 207 0 182 255 42 255 255 0 98 110
    226 190 255 28 0 200 255 255 0 255 191 0 48 53 73 0 218 161 255 30 0
    10 154 21 216 6 107 183 255 255 177 255 0 78 0 114 84 0 45 146 253
    220 242 255 0 0 255 0 105 0 147 255 134 244 0 222 0 32 136 229 0 255
    42 0 255 43 255 255 117 255 170 84 212 51 0 0 0 255 178 255 255 218
    148 31 48 140 0 157 161 68 0 88 167 44 0 56 255 232 187 112 0 82 0
    165 0 255 0 0 255 111 231 61 0 34 0 255 175 84 132 255 73 212 255 38
    0 175 169 42 0 10 199 255 226 255 0 212 83 185 255 255 0 60 236 49
    47 77 201 11 49 77 173 19 239 0 250 0 255 124 209 255 255 255 0 104
    143 0 0 0 252 132 66 255 255 199 74 255 0 0 255 37 196 149 255 246
    116 8 255 0 197 255 0 0 254 188 150 138 0 255 255 237 0 0 108 0 0
    186 40 70 84 255 255 144 0 255 72 50 255 255 181 171 255 179 0 55
    131 104 81 182 255 255 0 152 181 112 124 255 130 144 235 236 0 246
    90 0 246 255 13 215 0 117 255 156 255 255 133 213 23 250 112 212 97
    164 255 65 228 89 7 53 255 13 255 146 195 0 227 92 71 255 180 148
    156 255 162 236 205 0 102 68 255 3 89 255 121 83 181 255 26 236 255
    202 164 91 197 255 0 152 255 245 199 146 249 5 255 246 10 103 255
    220 226 226 118 0 205 237 136 0 178 0 32 255 126 0 69 66 189 0 0 223
    182 255 18 141 29 198 0 136 255 170 0 87 255 79 124 255 197 218 0
    255 255 79 119 37 206 79 47 0 37 255 115 203 35 147 255 25 88 96 239
    63 48 0 255 67 194 247 254 225 0 255 19 223 0 255 145 233 255 47 255
    237 34 135 0 192 80 245 78 24 78 255 109 83 79 237 0 26 105 136 255
    0 9 246 200 255 0 42 79 0 0 0 255 255 0 249 255 199 0 255 251 255
    162 0 85 56 95 0 0 0 0 255 255 236 255 40 68 93 245 152 180 51 255 0
    218 206 255 107 255 125 0 211 171 199 47 93 46 245 194 255 17 255
    255 0 0 158 75 255 200 255 246 255 156 254 0 5 122 233 109 23 0 255
    245 255 0 237 220 255 55 249 0 8 74 0 68 46 255 0 255 31 113 255 0
    255 145 58 206 93 23 176 14 198 255 90 92 255 4 52 0 83 23 245 0 0
    255 0 33 255 222 255 62 0 0 248 25 0 255 65 0 0 0 186 0 125 186 107
    52 30 0 55 0 27 58 46 255 90 209 212 236 84 182 138 12 0 2 255 0 255
    121 0 0 0 79 136 137 114 192 59 255 211 255 220 241 155 185 48 106
    255 224 0 255 238 0 255 48 0 255 255 227 255 42 199 39 15 128 255
    252 112 121 225 91 101 85 2 79 158 50 40 183 66 255 0 35 219 188 148
    0 26 40 75 37 0 255 210 55 176 0 152 184 255 0 255 173 255 144 255
    255 175 97 0 255 126 88 0 180 102 208 255 114 0 255 87 255 176 255
    118 0 255 41 127 255 255 188 0 30 186 0 178 108 0 168 230 0 134 0
    198 68 0 79 24 207 113 239 0 255 125 255 5 237 144 53 164 197 255
    255 215 179 255 0 136 0 0 255 168 236 255 144 0 0 0 255 5 128 0 1 0
    192 0 203 255 96 119 222 78 255 179 234 246 0 67 0 134 255 0 255 246
    5 215 69 0 0 93 27 0 210 15 0 255 255 21 0 172 4 215 185 184 87 220
    15 0 110 112 0 255 190 30 78 62 19 0 40 80 132 115 0 0 253 24 46 0 0
    255 247 163 255 9 255 248 241 2 215 7 0 0 0 0 231 237 255 238 134
    255 0 0 228 27 0 121 188 90 172 0 156 174 255 8 255 240 72 23 100
    255 100 77 0 89 255 27 255 255 46 255 171 69 255 230 164 157 235 68
    0 255 0 0 0 255 80 0 0 210 172 169 246 173 13 119 156 133 0 48 65 66
    255 233 255 61 2 255 0 85 0 0 186 239 255 205 17 193 139 122 0 207
    129 88 0 240 98 227 255 42 255 4 255 64 239 0 96 2 165 69 222 255
    255 102 255 0 236 0 255 247 22 213 57 133 0 99 78 0 116 149 178 255
    0 181 233 240 255 0 178 75 11 245 55 0 151 209 183 188 146 165 196
    255 45 255 38 0 99 24 255 188 0 255 210 255 255 36 255 42 92 166 101
    100 184 255 54 185 226 207 93 255 224 140 0 217 255 255 229 95 113
    248 0 191 0 0 55 79 234 158 214 149 99 142 188 255 135 2 255 0 201
    155 80 55 22 7 226 187 0 203 226 145 0 232 255 0 4 0 174 0 255 0 0
    235 76 202 235 96 16 160 71 0 156 214 0 0 36 199 67 149 0 250 0 4
    255 0 8 248 45 51 0 0 66 0 0 183 255 31 96 220 143 81 154 255 255
    255 255 81 0 109 154 208 0 209 211 189 106 0 237 0 255 65 0 145 5 43
    11 156 255 255 0 222 31 49 27 66 255 205 183 167 129 255 85 143 255
    188 255 255 255 0 142 203 62 195 0 91 61 165 255 146 199 162 167 48
    182 34 232 20 101 160 0 181 61 0 122 77 10 0 0 51 199 255 222 0 22
    51 9 38 255 178 107 135 83 99 0 85 121 255 40 255 48 87 160 154 250
    194 255 33 0 114 255 255 255 255 180 66 48 75 252 180 133 109 140
    255 7 255 0 255 95 83 255 50 86 189 66 24 246 255 0 104 22 0 255 9 0
    201 255 185 255 93 0 243 0 133 45 255 216 156 232 37 214 103 255 67
    67 255 75 188 0 186 81 0 169 1 0 217 184 41 199 0 0 0 0 105 123 27
    183 0 255 226 255 198 128 76 108 2 167 245 216 40 177 135 209 175 0
    228 0 137 44 0 0 0 93 173 0 175 230 255 0 76 0 29 74 201 255 137 70
    162 255 225 167 0 218 82 185 0 101 255 45 255 99 57 0 222 127 0 57
    255 164 255 255 12 0 144 163 255 38 0 194 240 0 214 165 0 21 214 100
    0 0 202 26 255 0 255 255 255 116 34 241 65 255 0 167 177 11 182 184
    140 159 0 58 0 163 255 193 0 0 149 0 95 159 143 215 0 185 98 0 120
    160 92 241 245 158 7 17 250 128 0 5 255 201 89 255 98 71 245 255 0 0
    92 255 15 37 65 60 221 33 148 0 201 0 96 0 212 0 255 229 0 193 217
    181 235 255 0 16 204 199 0 34 52 52 255 115 0 251 245 145 18 252 88
    187 255 174 42 100 18 210 255 65 255 3 196 14 0 255 0 255 255 210
    205 180 255 255 33 255 0 183 129 255 0 0 159 5 39 141 94 149 43 216
    43 255 80 206 168 255 255 120 255 0 141 152 238 255 0 40 86 0 117 0
    255 217 26 55 0 255 215 255 122 41 213 0 9 199 255 65 0 255 30 160
    23 255 126 33 190 109 225 229 255 206 56 255 38 21 255 255 247 0 0
    255 95 255 229 179 255 182 116 0 125 0 212 96 239 0 0 171 76 170 186
    0 230 255 139 217 234 255 0 250 255 172 255 223 63 255 92 136 129
    131 227 165 65 0 40 255 255 209 72 0 255 255 253 230 185 0 150 0 152
    45 0 126 19 118 250 162 132 176 0 255 0 222 0 28 100 37 165 126 255
    126 143 255 255 74 0 111 55 0 0 0 79 224 18 0 183 170 255 255 70 158
    0 123 72 179 3 198 255 92 252 181 0 255 84 255 189 255 187 7 201 146
    164 255 0 167 161 119 17 32 125 83 9 0 255 55 253 0 107 160 168 255
    255 0 85 149 219 0 33 255 0 137 77 46 250 255 179 42 255 53 0 35 149
    255 143 17 216 0 0 0 255 255 62 0 160 255 156 103 92 221 131 87 255
    255 131 68 73 0 0 5 187 198 246 255 62 182 255 255 105 0 39 255 255
    37 85 23 255 113 101 105 89 0 252 0 102 0 199 0 255 255 118 132 74
    165 0 0 98 231 46 2 255 19 85 255 70 0 118 255 178 214 76 0 111 169
    15 94 120 33 0 255 51 35 155 103 196 0 0 255 0 148 128 215 255 202
    222 226 198 177 255 63 0 255 249 128 255 0 49 27 178 92 0 26 41 255
    216 255 163 135 119 248 190 4 205 104 0 255 0 17 160 0 25 0 89 172
    144 232 189 255 30 210 223 213 0 255 193 232 23 132 255 255 0 240 74
    0 255 103 147 121 123 15 0 123 125 255 255 105 36 143 27 126 54 144
    96 255 98 127 0 142 0 127 224 130 82 255 190 9 255 159 0 29 190 130
    138 255 216 255 255 255 0 0 142 30 0 44 0 0 194 223 114 117 255 255
    255 36 90 3 0 238 114 8 245 255 170 34 255 0 110 29 172 163 255 0
    255 0 64 255 52 255 227 59 0 255 0 255 13 255 110 0 16 0 255 119 0
    179 0 171 255 255 0 0 115 112 155 80 161 60 255 94 255 233 0 255 39
    138 0 0 255 7 2 0 71 234 70 79 0 56 106 0 51 45 255 255 243 0 125
    151 0 255 255 159 255 255 54 60 0 148 0 230 255 201 130 2 156 0 94
    139 186 215 23 185 246 245 0 127 210 212 135 0 108 70 187 62 221 218
    255 184 76 13 255 254 0 0 83 123 0 157 208 168 0 138 79 58 228 0 0
    124 0 15 170 199 94 205 255 141 255 179 220 133 0 255 208 113 155 0
    0 176 78 71 0 13 218 0 50 207 207 180 165 255 231 255 239 155 86 162
    0 73 224 0 156 5 233 146 82 141 60 14 42 142 255 182 255 137 137 0 0
    69 0 207 24 112 3 60 187 85 94 255 255 245 47 17 59 176 0 170 136 0
    239 134 200 0 34 143 255 89 0 255 0 45 0 0 60 186 255 0 255 255 0
    117 255 0 85 15 73 126 0 178 236 62 87 0 211 226 0 0 255 255 0 232
    255 242 0 0 255 227 230 255 250 0 222 18 11 0 103 0 190 255 105 97
    175 132 0 156 255 5 0 255 0 11 207 14 255 255 255 122 255 94 49 130
    255 255 149 115 190 22 131 121 255 53 0 84 29 32 109 82 205 255 0
    255 62 255 57 142 255 238 0 255 220 18 107 241 255 0 239 157 148 251
    89 255 202 0 201 154 25 148 173 122 0 255 177 134 229 255 255 134
    150 0 255 88 0 210 204 255 165 69 189 255 157 0 109 143 190 230 0
    255 0 207 182 81 0 103 229 34 0 113 255 255 92 17 95 0 155 194 0 76
    0 240 0 95 80 255 136 252 185 76 107 0 30 255 0 255 255 204 161 88
    78 255 206 2 0 168 255 0 238 112 14 34 255 255 105 49 68 0 255 0 0
    255 172 0 82 255 245 248 0 255 56 0 92 74 0 0 188 255 0 42 255 0 227
    69 249 42 220 40 255 255 36 126 0 238 186 181 255 168 116 226 95 255
    0 0 202 255 0 21 255 158 15 113 0 255 82 29 255 220 238 255 33 67 0
    184 47 255 230 255 122 116 99 75 25 255 208 0 255 90 239 41 0 187 0
    162 255 77 255 0 156 79 161 255 198 170 166 22 135 64 194 225 255 0
    25 0 255 255 255 70 100 255 190 65 153 79 192 105 225 133 0 24 0 0
    255 23 255 113 0 255 255 235 92 255 81 83 211 255 149 7 255 99 243
    255 90 199 92 0 255 0 0 240 77 237 95 0 122 32 125 201 197 182 135
    255 89 255 255 130 197 6 0 255 243 255 33 222 255 255 122 188 15 76
    255 255 135 208 0 61 0 255 163 45 255 34 240 74 148 255 233 135 83
    255 124 255 0 80 0 95 166 104 104 0 0 200 255 26 0 100 75 45 113 0
    255 204 77 255 255 255 5 255 244 69 0 255 149 43 0 0 253 0 16 0 36
    255 0 0 255 127 56 255 255 132 52 219 206 255 200 63 64 208 255 0
    235 138 184 133 0 255 214 59 0 255 255 209 173 72 252 0 0 38 0 61
    169 0 126 0 255 0 222 176 0 0 255 0 48 255 0 153 215 241 255 12 0
    228 41 255 37 244 201 112 0 0 29 161 255 38 255 178 198 43 0 0 188
    199 0 77 0 255 0 0 45 247 124 245 255 0 172 187 241 0 15 190 248 201
    255 56 151 18 33 16 0 0 158 149 0 0 0 0 0 115 187 91 97 193 0 0 17 0
    64 235 204 0 51 219 151 209 43 146 78 53 0 0 255 255 85 0 255 142
    255 227 0 156 255 69 139 80 0 255 11 136 14 53 78 35 83 89 255 255
    34 93 255 0 255 101 0 226 125 255 223 0 0 224 192 120 190 112 3 112
    255 17 0 142 35 150 93 255 207 248 216 255 175 0 255</data></your_img>
</opencv_storage>
